,number,value,datetime_start,datetime_complete,duration,params_lLegPt.rA1,params_lLegPt.rL0,params_lLegPt.rL1,params_lLegPt.rL2,params_lLegPt.x1,params_lLegPt.y1,params_sLegPt.rA1,params_sLegPt.rL0,params_sLegPt.rL1,params_sLegPt.rL2,params_sLegPt.x1,params_sLegPt.y1,user_attrs_prune,system_attrs_auto:sampler,state
0,0,6.0,2026-04-21 15:33:21.469064,2026-04-21 15:33:21.800364,0 days 00:00:00.331300,-50.791180330511416,64.54277061348324,37.27175072354822,99.87191590558527,74.34972146334373,36.114510860942474,-61.47300093833745,87.39452663327158,15.537821126508641,46.10417243484177,-16.99206026146085,66.95720574745211,Unfeasible shape,RandomSampler,PRUNED
1,1,15.097081613786898,2026-04-21 15:33:21.931030,2026-04-21 15:33:27.306681,0 days 00:00:05.375651,-65.72962468064372,44.41308812010363,84.46595012443088,28.563565824727238,45.51091601638298,53.50820934381444,-62.986727845207284,43.78310766188605,26.337183693888292,72.55861742551862,26.258312684193022,42.03468826670818,Unattained target,RandomSampler,PRUNED
2,2,6.0,2026-04-21 15:33:27.424545,2026-04-21 15:33:27.978293,0 days 00:00:00.553748,-59.70817353810888,25.978030983024095,23.567752035628363,50.25049702586921,2.2111068154483746,79.4531205654281,-62.95799108742729,85.62991312398437,82.40502195302214,46.27838350206297,75.23637624936234,33.378268099671516,Unfeasible shape,RandomSampler,PRUNED
3,3,20.71476202222828,2026-04-21 15:33:28.119535,2026-04-21 15:33:35.119309,0 days 00:00:06.999774,-69.76754041340757,48.005567733380964,52.991584008807045,45.2187431965115,21.987670413515843,7.353322816190397,-60.75159051393271,64.90451120839224,14.046613930290562,40.56432973530187,63.65540949243986,55.84787697043814,Unattained target,RandomSampler,PRUNED
4,4,16.292514977594863,2026-04-21 15:33:35.263440,2026-04-21 15:33:40.544558,0 days 00:00:05.281118,-52.00990189962988,86.36731494172002,42.541044036090746,49.443020772800544,37.023281978105956,56.05630457042332,-53.02606092725347,66.99654094407914,65.87655770400306,86.86677104686106,32.39890463490618,57.91751054739606,Unattained target,RandomSampler,PRUNED
5,5,6.0,2026-04-21 15:33:40.694218,2026-04-21 15:33:40.789673,0 days 00:00:00.095455,-77.78463558662239,38.224359058379804,25.74225599546518,79.32407228134424,36.62256257873042,71.68679960010185,-53.65202180651112,58.713096398978465,74.87687663389362,94.53942816380479,16.10598505055119,12.454172041669418,Unfeasible shape,RandomSampler,PRUNED
6,6,117.39891421348867,2026-04-21 15:33:40.917722,2026-04-21 15:33:46.709724,0 days 00:00:05.792002,-51.24284098871473,16.74713343131723,74.47118691677268,52.19961085073859,73.50766198549412,23.903109002156697,-68.27867673588159,17.4253094388089,44.708025571788745,52.61138421007843,61.635331304859264,38.2871961023739,Unattained target,RandomSampler,PRUNED
7,7,6.0,2026-04-21 15:33:46.829763,2026-04-21 15:33:46.899635,0 days 00:00:00.069872,-52.07703749026592,30.160894671317827,99.43572585520975,19.470024485374818,69.15622008898906,78.55903370557822,-67.3538965515621,84.22402745012597,96.16625311314463,83.80089115368045,85.57539897558615,16.323420289181875,Unfeasible shape,RandomSampler,PRUNED
8,8,18.806087362922057,2026-04-21 15:33:47.029720,2026-04-21 15:33:52.530563,0 days 00:00:05.500843,-59.383166747157375,36.27387075661639,41.94780213510011,53.026904882693735,40.151477192541314,66.97991051076157,-57.0831873483442,71.89501877138282,13.524050815787643,61.05914600303743,34.372391111332895,15.823759961637665,Unattained target,RandomSampler,PRUNED
9,9,6.0,2026-04-21 15:33:52.651700,2026-04-21 15:33:52.721298,0 days 00:00:00.069598,-68.67091997755597,87.71446043955564,57.051403356212624,33.0094983042321,45.548702205473504,47.536510552216086,-75.95945381636807,46.87564359372587,17.217566887118124,27.667319788825782,-10.185170734203489,0.5132455164105565,Unfeasible shape,RandomSampler,PRUNED
10,10,11.458059373187517,2026-04-21 15:33:52.841027,2026-04-21 15:33:58.205594,0 days 00:00:05.364567,-73.11784276490927,33.56291025854638,69.48751735235456,53.532600832130086,15.260165334174815,25.70614203247284,-52.0261054762169,71.0459418919588,63.20715654573033,14.079428178013679,52.675538304176285,18.094191150065893,Unattained target,RandomSampler,PRUNED
11,11,5.276935651430257,2026-04-21 15:33:58.335567,2026-04-21 15:34:03.810073,0 days 00:00:05.474506,-62.042398121502515,29.35874246807688,91.71904054229105,86.26138441644518,26.095691882309808,35.02887130035725,-68.26816948339179,67.87933036641238,21.038578411762664,87.80576565202539,23.881975641759738,33.09232391783009,Unattained target,RandomSampler,PRUNED
12,12,14.558761601005585,2026-04-21 15:34:03.958195,2026-04-21 15:34:09.371371,0 days 00:00:05.413176,-72.28712524963191,16.733671191248476,46.44788636911377,57.59647935095168,70.41494733578276,58.34637724769499,-58.539795957122486,60.35960166357194,52.33720970005757,75.09732972328135,22.334970506906757,78.89355380114502,Unattained target,RandomSampler,PRUNED
13,13,6.0,2026-04-21 15:34:09.510965,2026-04-21 15:34:09.610132,0 days 00:00:00.099167,-48.12311477660185,96.29919615473845,35.23230011766661,82.55109815329185,6.300953677237619,3.174899214289315,-62.33857089667261,53.84773162010832,68.82219290403557,67.94555497231926,17.359395390855056,54.49439515559962,Unfeasible shape,RandomSampler,PRUNED
14,14,6.0,2026-04-21 15:34:09.767071,2026-04-21 15:34:09.856119,0 days 00:00:00.089048,-53.70166009100976,93.25430843862438,24.460130092879385,34.258989312712636,-0.8929931570589744,76.27762585772999,-46.67883646091461,27.433172573256922,63.886798409647966,84.64374622776434,106.309778867736,63.19048746615352,Unfeasible shape,RandomSampler,PRUNED
15,15,6.0,2026-04-21 15:34:09.993547,2026-04-21 15:34:10.101757,0 days 00:00:00.108210,-78.35030634161183,76.58376778716432,79.15921123253844,93.13308423718152,96.86794153707633,70.57562984767483,-61.54867043019341,21.81955163239983,86.75700763870817,34.15889145922581,50.9641490674538,4.205228360046194,Unfeasible shape,RandomSampler,PRUNED
16,16,76.88281843311098,2026-04-21 15:34:10.235013,2026-04-21 15:34:16.944692,0 days 00:00:06.709679,-72.03325118637181,83.57025502262245,63.07440274407801,96.97809643518272,74.25878892282454,0.05011214846526002,-53.5735077935592,32.3164874455341,75.93978222051824,49.793753018473296,66.00240370901126,5.405857598048565,Unattained target,RandomSampler,PRUNED
17,17,6.0,2026-04-21 15:34:17.116619,2026-04-21 15:34:17.185975,0 days 00:00:00.069356,-49.41202821027223,79.34540548092107,36.6419975961733,32.21671804169854,-8.476022609808986,62.89816040765939,-65.9344992688377,56.72324394753681,33.31861950156251,81.07931188191202,-13.616273272741243,1.9182375879772096,Unfeasible shape,RandomSampler,PRUNED
18,18,6.0,2026-04-21 15:34:17.326201,2026-04-21 15:34:17.380166,0 days 00:00:00.053965,-74.65903832097105,63.143325601733075,43.721682657530366,93.5750830176075,-1.7222955973025655,62.01819136147438,-56.577797278802514,17.818008277912803,28.59155181507078,47.40640327428871,96.19794797664122,28.67835013883532,Unfeasible shape,RandomSampler,PRUNED
19,19,97.38878041467714,2026-04-21 15:34:17.527796,2026-04-21 15:34:22.811816,0 days 00:00:05.284020,-54.233803085862334,34.386081724859224,78.8615236216369,64.903966015729,66.72537540880471,52.42916642373322,-63.6340259816193,18.101589949521298,58.443786079119484,85.49853301056793,83.22446893461597,19.470526790380234,Unattained target,RandomSampler,PRUNED
20,20,6.0,2026-04-21 15:34:22.983164,2026-04-21 15:34:23.053756,0 days 00:00:00.070592,-70.91149547212127,14.350446992479512,98.4860973669951,97.162586488311,69.0499283130451,72.2888040604737,-56.216823407500414,15.540460449311821,48.7239330254126,63.154124548247644,-8.87750818703905,12.825592681913323,Unfeasible shape,RandomSampler,PRUNED
21,21,6.0,2026-04-21 15:34:23.177332,2026-04-21 15:34:23.268656,0 days 00:00:00.091324,-50.853034365380935,42.78796175655323,70.89523552437387,43.5929258180045,-19.90396315277671,75.97413477685419,-72.76999934393555,26.19884362528301,89.75703050399453,14.046270594345849,-12.627616313798324,43.58472723205257,Unfeasible shape,RandomSampler,PRUNED
22,22,6.0,2026-04-21 15:34:23.401259,2026-04-21 15:34:23.483150,0 days 00:00:00.081891,-49.233387040696044,84.422291965195,28.2623843039702,11.179333269362797,4.4093939690418935,32.96084021186375,-69.43435724861523,48.901632177855284,19.785742554718148,99.09042815529216,44.2845426567354,70.65978868805425,Unfeasible shape,RandomSampler,PRUNED
23,23,6.0,2026-04-21 15:34:23.602456,2026-04-21 15:34:23.672862,0 days 00:00:00.070406,-66.80039315008993,92.5930417608175,67.17012269394957,42.874596118593395,-6.937694116832635,6.9861149581709014,-75.14756056226047,68.74427242221302,51.7503264295534,29.830181962168496,102.56362189921693,63.1451376572702,Unfeasible shape,RandomSampler,PRUNED
24,24,10.67893207604812,2026-04-21 15:34:23.812048,2026-04-21 15:34:29.790309,0 days 00:00:05.978261,-74.56630322504105,86.26769711903786,96.13622902901875,22.444599896270546,72.10401322450448,53.02094538178578,-62.23146782954049,77.90655675516354,88.09330227327924,80.23307177977175,40.99616197967138,76.85852880053343,Unattained target,RandomSampler,PRUNED
25,25,6.0,2026-04-21 15:34:29.945700,2026-04-21 15:34:30.010330,0 days 00:00:00.064630,-58.32279398232379,29.544316992769293,37.91017852312321,88.16324542305138,54.58017657398101,31.97147525172206,-75.53522995739621,64.77033734124603,86.56201608911869,38.9524294644098,2.302365508658582,41.06658649141173,Unfeasible shape,RandomSampler,PRUNED
26,26,6.0,2026-04-21 15:34:30.133188,2026-04-21 15:34:30.250288,0 days 00:00:00.117100,-63.62732140946416,84.79216278824946,81.77844042253636,23.994418005522167,105.60507823795058,30.395222954449768,-73.42294956186534,72.48865896721345,47.64627703171587,74.78588905675186,71.47738200263909,26.197042426627792,Unfeasible shape,RandomSampler,PRUNED
27,27,6.0,2026-04-21 15:34:30.375409,2026-04-21 15:34:30.450672,0 days 00:00:00.075263,-79.30603044042074,16.092569962190517,13.2734720212434,24.09732664064384,75.29014964935669,7.326729695774858,-46.367519934001784,24.147101690562366,93.89534507735382,58.695337699892455,70.76067654006576,78.89440269959056,Unfeasible shape,RandomSampler,PRUNED
28,28,101.60142232337898,2026-04-21 15:34:30.594876,2026-04-21 15:34:36.632093,0 days 00:00:06.037217,-76.43696794347129,33.238346880961224,69.53941739357197,25.808551336846552,80.42936912097038,36.32998813171662,-51.49388220730496,20.427767853938995,91.17890078374022,62.61405046894948,-2.8824240253060296,64.45004647153999,Unattained target,RandomSampler,PRUNED
29,29,13.100845652845791,2026-04-21 15:34:36.763661,2026-04-21 15:34:41.560459,0 days 00:00:04.796798,-66.86508037090283,83.84058364221907,17.360634623669533,73.35428223768824,58.64818859016766,25.12673979324683,-55.517160667474116,83.20586803011028,47.04112830738189,84.59821476619933,34.2526449073052,26.071286710162287,Unattained target,RandomSampler,PRUNED
30,30,26.04884315807631,2026-04-21 15:34:41.699513,2026-04-21 15:34:47.761004,0 days 00:00:06.061491,-59.802437343643454,27.280052731275752,18.612745912157134,73.77102018155041,9.773580240586313,7.9703951549824925,-58.46348630455435,59.75116660533436,14.396966256262935,10.439118540772675,47.99519968197157,37.45911137839301,Unattained target,RandomSampler,PRUNED
31,31,5.972095258294026,2026-04-21 15:34:47.922735,2026-04-21 15:34:53.329397,0 days 00:00:05.406662,-52.029424832881986,82.65315060676345,82.27258018939368,93.30441263874953,26.324407572731843,79.89850272288722,-77.64988519490915,59.281854109139076,77.28657861268756,24.933536648638857,77.45394129348604,56.11232198794265,Unattained target,RandomSampler,PRUNED
32,32,6.0,2026-04-21 15:34:53.458022,2026-04-21 15:34:53.544989,0 days 00:00:00.086967,-79.46912427079347,63.709140810499534,18.97345527199825,73.670859436422,9.982166673735474,56.418767724687356,-70.29208368049905,55.03167383239085,12.608938631680239,30.16628676173881,58.494295208196235,78.71611919554847,Unfeasible shape,RandomSampler,PRUNED
33,33,6.0,2026-04-21 15:34:53.674017,2026-04-21 15:34:53.766935,0 days 00:00:00.092918,-58.03456164983088,71.84503336497775,70.85227541121832,15.958093616508839,44.47326068982224,55.43482665837328,-73.294447219425,91.35013029188761,88.94072841957964,24.698640410966526,-16.3206840106385,74.42092062478054,Unfeasible shape,RandomSampler,PRUNED
34,34,6.0,2026-04-21 15:34:53.891132,2026-04-21 15:34:53.980761,0 days 00:00:00.089629,-63.17540081929424,43.297655334489306,68.68335186892348,54.47266535127777,84.2104967748138,74.32492370977023,-68.62648999221146,30.021025969163578,51.438751074101646,19.950963160234775,8.974154423062593,13.848369001315053,Unfeasible shape,RandomSampler,PRUNED
35,35,6.0,2026-04-21 15:34:54.111670,2026-04-21 15:34:54.185999,0 days 00:00:00.074329,-56.04816286458144,64.74726799568896,80.09111052512554,15.72419346346067,35.99877280021698,22.324570201180016,-50.75043441856731,24.608624347610736,91.61694848104392,59.89719184124016,106.67655805574965,28.984344935428208,Unfeasible shape,RandomSampler,PRUNED
36,36,6.0,2026-04-21 15:34:54.310977,2026-04-21 15:34:54.404064,0 days 00:00:00.093087,-48.19838313072306,58.15910140605664,52.22560890003375,92.23754265083927,54.31373400985392,71.21101960197592,-46.53495475929502,95.41059274663832,85.55165511844501,71.72954235364162,0.31061096525985477,76.57993225589158,Unfeasible shape,RandomSampler,PRUNED
37,37,6.0,2026-04-21 15:34:54.555107,2026-04-21 15:34:54.621151,0 days 00:00:00.066044,-62.9262165655028,63.773697284771764,74.4592149733983,87.4829358656179,67.4309156473054,20.597642121571873,-75.40814754923291,55.66436628825471,13.230087078529735,94.26869393463858,92.31931920448946,79.83657907930002,Unfeasible shape,RandomSampler,PRUNED
38,38,6.0,2026-04-21 15:34:54.751047,2026-04-21 15:34:54.816262,0 days 00:00:00.065215,-46.42864464624084,89.27302952889539,41.176902175478176,40.723060334296854,32.42554125463338,65.83449893907247,-62.9688625394562,97.52165699493118,78.87852365457717,62.16246549080683,92.51228418359663,59.89635288079576,Unfeasible shape,RandomSampler,PRUNED
39,39,6.0,2026-04-21 15:34:54.949351,2026-04-21 15:34:55.053327,0 days 00:00:00.103976,-59.31525283428451,80.56914513175192,76.48577374125402,45.030390592011415,-7.01828270133697,44.79102368230549,-58.542421728609554,31.47894107534428,42.2093198857306,14.866536802044859,46.67335976423797,53.170241159380254,Unfeasible shape,RandomSampler,PRUNED
40,40,14.114753948102637,2026-04-21 15:34:55.176513,2026-04-21 15:34:59.880702,0 days 00:00:04.704189,-60.29512594475686,50.3006711914145,39.42352904194051,30.475705937856603,67.14361214845394,65.36975360138449,-62.54018852369776,34.88418048658228,43.66863272593074,85.35145049714085,44.51109083649959,77.50172254578237,Unattained target,RandomSampler,PRUNED
41,41,6.0,2026-04-21 15:35:00.005896,2026-04-21 15:35:00.081131,0 days 00:00:00.075235,-77.67721040218096,83.59537184934051,79.17922866260784,23.95836950439076,1.1039437770085776,50.393834351316684,-78.9726179517779,33.00892539516161,64.45680326877687,96.98503410853935,-4.813559719442587,53.48391379614743,Unfeasible shape,RandomSampler,PRUNED
42,42,6.0,2026-04-21 15:35:00.212673,2026-04-21 15:35:00.315950,0 days 00:00:00.103277,-75.39423320253007,25.42843370142152,73.40753401636482,59.91183767250393,-5.534620665475801,73.5563664844724,-56.5552569354839,52.80818094824219,46.203629263381345,24.449992610828595,93.00600707543842,42.61592090726863,Unfeasible shape,RandomSampler,PRUNED
43,43,6.0,2026-04-21 15:35:00.452690,2026-04-21 15:35:00.552907,0 days 00:00:00.100217,-56.92370212524977,53.132806120178785,57.938950147468056,41.21698547143882,103.7775378461976,26.248313091559766,-67.07660106486134,52.30574436387987,95.67829160403271,79.83098799469934,62.434516804661726,66.62681552155217,Unfeasible shape,RandomSampler,PRUNED
44,44,6.0,2026-04-21 15:35:00.671082,2026-04-21 15:35:00.741003,0 days 00:00:00.069921,-61.364175242602556,93.02413889110058,88.21486234556804,77.1057626938621,30.76254238449023,9.442313951024888,-69.28035161476966,72.22814860793113,35.78679509699805,15.839344720440975,9.279111084882189,3.919860169500735,Unfeasible shape,RandomSampler,PRUNED
45,45,6.0,2026-04-21 15:35:00.881021,2026-04-21 15:35:01.421003,0 days 00:00:00.539982,-66.59485099679014,91.75598508866317,92.95829156590158,42.55496461953358,7.695109900610817,79.32818218398926,-56.35047274646002,60.139224403691664,70.3386599204114,29.26737046699647,30.707519150265917,30.505263124556627,Unfeasible shape,RandomSampler,PRUNED
46,46,18.996580643724293,2026-04-21 15:35:01.580885,2026-04-21 15:35:06.695621,0 days 00:00:05.114736,-58.767710149401125,30.774755148845447,52.67908964145662,45.80596041751514,34.57474090607126,2.908379776065555,-52.33883703311547,49.634357485128454,67.64100132166294,59.801893041042874,34.02758955640533,71.73214197133174,Unattained target,RandomSampler,PRUNED
47,47,6.0,2026-04-21 15:35:06.820012,2026-04-21 15:35:06.892838,0 days 00:00:00.072826,-62.675742943936584,93.87957464125282,40.99849794683506,43.903956819720015,71.88980311099913,14.352715844196213,-69.57310110784968,38.524151849698185,35.09780612678128,26.09011863566842,-10.827356535762425,65.15410960040604,Unfeasible shape,RandomSampler,PRUNED
48,48,6.0,2026-04-21 15:35:07.031169,2026-04-21 15:35:07.133858,0 days 00:00:00.102689,-64.07115484392176,27.34222506374966,16.263818774734574,58.75641946327806,94.73571698953272,53.42285761423991,-46.963863862508006,99.78006146607889,74.92578579431657,87.8720814268726,108.11306732515774,17.55146491619329,Unfeasible shape,RandomSampler,PRUNED
49,49,20.287478815354298,2026-04-21 15:35:07.288631,2026-04-21 15:35:13.656864,0 days 00:00:06.368233,-54.470361853105345,54.31156041978586,25.500657505370974,18.676131194061178,8.43965012545052,8.613799756654963,-67.63675314812065,71.66403742137014,44.51884712807743,15.359566072015557,62.14027394991169,74.10251235518031,Unattained target,RandomSampler,PRUNED
50,50,21.299749701127794,2026-04-21 15:35:13.807940,2026-04-21 15:35:19.683492,0 days 00:00:05.875552,-62.671813547595505,48.166479600963925,69.65705127707449,82.41482549755919,85.07291615704877,35.87567383687512,-49.481781274258765,21.80625427656726,18.536842993570236,18.055394825840494,33.55007779637105,34.150202121966025,Unattained target,RandomSampler,PRUNED
51,51,18.598367003113772,2026-04-21 15:35:19.838084,2026-04-21 15:35:25.432849,0 days 00:00:05.594765,-61.61838026186396,11.439100423236951,28.076259623043697,23.146656256711655,64.40115151059616,70.793649189479,-71.81530710926037,95.24282206383381,83.23917467251819,50.82467123701818,22.773707463523593,25.706418684558425,Unattained target,RandomSampler,PRUNED
52,52,6.0,2026-04-21 15:35:25.581192,2026-04-21 15:35:25.676253,0 days 00:00:00.095061,-63.49362957203666,89.2800531085175,14.879035250948968,90.26816799192083,33.911675430718,20.009695110868346,-49.100085003437215,21.056224143262867,23.137388524406397,20.917198926145943,-10.47924307566397,75.72075479516317,Unfeasible shape,RandomSampler,PRUNED
53,53,6.0,2026-04-21 15:35:25.816572,2026-04-21 15:35:25.908911,0 days 00:00:00.092339,-49.58030165353216,17.29773336854877,26.927368104468286,91.02296040030893,20.129946525750086,55.05257841781961,-70.18848506955126,61.125826453064185,94.46052200885816,87.6544674424992,-17.371408764465226,77.04983447047555,Unfeasible shape,RandomSampler,PRUNED
54,54,103.7489324892482,2026-04-21 15:35:26.090406,2026-04-21 15:35:31.781489,0 days 00:00:05.691083,-66.92597551082588,95.04778855784522,90.94995990349804,61.45696476868421,79.4307859414589,43.96865900789571,-79.1591825288889,30.568661012666894,14.57446859716638,69.73683749357095,18.813825687990956,5.24588716142067,Unattained target,RandomSampler,PRUNED
55,55,6.0,2026-04-21 15:35:31.904699,2026-04-21 15:35:31.963475,0 days 00:00:00.058776,-56.231248038316295,72.9537983748074,58.66288700859054,11.090838077589742,25.104126571062828,50.09346342426209,-72.19199531510039,43.21076021849424,69.7520311073163,11.961985904431202,96.09195373213922,23.73237296700311,Unfeasible shape,RandomSampler,PRUNED
56,56,18.953979577164954,2026-04-21 15:35:32.096472,2026-04-21 15:35:38.110669,0 days 00:00:06.014197,-47.13482105944375,17.201211932848814,55.40726355917643,57.64318752762418,92.38171726070905,17.457497318350033,-75.9572920022442,76.38584828486525,12.843308426846242,48.31941140644265,29.440309064002584,32.74555705229459,Unattained target,RandomSampler,PRUNED
57,57,112.1026883793727,2026-04-21 15:35:38.245221,2026-04-21 15:35:44.130008,0 days 00:00:05.884787,-47.49526829065905,27.066654232002744,89.94087313345105,53.04624042059076,59.122976118471584,9.631492968254038,-73.31184624902704,96.82275364592081,12.515653964067548,45.28523082097231,80.43049899243955,19.318073672860567,Unattained target,RandomSampler,PRUNED
58,58,6.0,2026-04-21 15:35:44.291742,2026-04-21 15:35:44.342333,0 days 00:00:00.050591,-60.52806727343713,76.97462794598945,21.040909639767385,42.60308646802593,98.41724907417303,76.26095158183836,-75.14980742604985,21.123490611729338,12.768459290228648,47.703828311420644,18.43611415313388,12.772752899015067,Unfeasible shape,RandomSampler,PRUNED
59,59,6.0,2026-04-21 15:35:44.482917,2026-04-21 15:35:45.252563,0 days 00:00:00.769646,-72.80116802208744,41.88958039112776,94.44971478394412,89.1929800633918,83.53582258561676,13.785147005836178,-69.85852669610206,48.170397638049124,47.80107829867541,85.49471598578153,40.115987582426236,72.42193309945746,Unfeasible shape,RandomSampler,PRUNED
