,number,value,datetime_start,datetime_complete,duration,params_lLegPt.rA1,params_lLegPt.rL0,params_lLegPt.rL1,params_lLegPt.rL2,params_lLegPt.x1,params_lLegPt.y1,params_sLegPt.rA1,params_sLegPt.rL0,params_sLegPt.rL1,params_sLegPt.rL2,params_sLegPt.x1,params_sLegPt.y1,user_attrs_prune,system_attrs_auto:sampler,state
60,60,11.946241247432223,2026-04-21 15:35:45.427791,2026-04-21 15:35:50.758898,0 days 00:00:05.331107,-70.32318656263172,74.1793404324955,20.001065488170628,32.814699758411614,30.417704204065018,57.820590673305155,-70.8337342829634,63.84906377542093,87.12225997754012,65.28809448953558,25.000610430988004,77.06779407375022,Unattained target,RandomSampler,PRUNED
61,61,27.6891189102123,2026-04-21 15:35:50.906245,2026-04-21 15:35:56.272108,0 days 00:00:05.365863,-46.066248749486995,33.01086329357311,45.52250944656501,57.87009298802403,16.892201538245587,8.2838292936178,-62.76660055503909,14.139810093539538,36.55655630425167,13.091777810407137,51.1367365992656,10.517622661519717,Unattained target,RandomSampler,PRUNED
62,62,24.702771594149084,2026-04-21 15:35:56.442588,2026-04-21 15:36:02.969951,0 days 00:00:06.527363,-52.68459889885702,48.02535861146614,58.259963356263576,39.16507569744448,85.18291173864951,41.96542490227324,-49.87344488496814,13.384792279258157,30.791671802457998,11.60284616205226,26.395411934816103,13.494802148407565,Unattained target,RandomSampler,PRUNED
63,63,6.0,2026-04-21 15:36:03.117359,2026-04-21 15:36:03.236330,0 days 00:00:00.118971,-49.32862006657475,17.28567929591751,12.22676660173096,31.22078237887831,-16.39452427853775,5.114589262152993,-75.72402408133546,33.92385650747599,90.76091309132482,66.61177364203584,58.947555307577815,55.29441356126391,Unfeasible shape,RandomSampler,PRUNED
64,64,6.0,2026-04-21 15:36:03.362252,2026-04-21 15:36:03.488530,0 days 00:00:00.126278,-77.12496331202314,13.824615419104099,20.734923544413583,11.775302869702875,33.66798712161557,76.27402861894541,-53.90263067067644,66.09826592253094,44.04256425450254,81.19644372943836,29.268924877519055,69.24578852658038,Unfeasible shape,RandomSampler,PRUNED
65,65,99.20024973266712,2026-04-21 15:36:03.652738,2026-04-21 15:36:09.428314,0 days 00:00:05.775576,-56.37944410668205,77.57241812143613,58.835564071133426,86.25758459987044,76.87884100064984,48.77761525401807,-57.87785282615614,32.18842708544889,20.302322473729262,42.75496586166791,59.28634041793484,8.893387576434497,Unattained target,RandomSampler,PRUNED
66,66,6.0,2026-04-21 15:36:09.564894,2026-04-21 15:36:09.635312,0 days 00:00:00.070418,-62.53090348983301,77.10095127131747,20.45348659089774,38.05885596325652,37.45194499595075,55.87268067174784,-54.51571042205091,52.78440863841255,68.5480984670643,49.85830115875192,80.08770340802207,68.19796296500486,Unfeasible shape,RandomSampler,PRUNED
67,67,6.0,2026-04-21 15:36:09.770819,2026-04-21 15:36:09.882854,0 days 00:00:00.112035,-66.2402080170765,24.334321378672165,72.90504785902326,10.580311962833049,79.05709839734571,68.19892617566005,-72.22107247005758,24.511950166127207,17.671222063223844,60.25413475783819,37.569782282037444,48.301662919255506,Unfeasible shape,RandomSampler,PRUNED
68,68,6.0,2026-04-21 15:36:10.032992,2026-04-21 15:36:10.122346,0 days 00:00:00.089354,-66.88131101985645,52.75032330192926,54.24510501909987,88.67070281647803,56.12676112574364,31.627235615449578,-59.49648152631809,89.00136023284242,74.07156745461663,43.5812590828965,-13.326277428457178,57.21289303049299,Unfeasible shape,RandomSampler,PRUNED
69,69,6.0,2026-04-21 15:36:10.282234,2026-04-21 15:36:10.399381,0 days 00:00:00.117147,-76.80711765681409,36.6144858297765,68.87208558024719,23.66213442726741,7.758606713321949,58.65340438175938,-76.88358524018408,25.66111804974585,12.173624910198996,14.536423033176709,16.71291063289093,0.8546718932631148,Unfeasible shape,RandomSampler,PRUNED
70,70,139.54067982704464,2026-04-21 15:36:10.549709,2026-04-21 15:36:16.474532,0 days 00:00:05.924823,-71.39553115719758,82.80274434205224,99.06553546465966,19.4872372753594,85.23751150612757,5.995245133693681,-64.37228746278927,55.020353502460104,96.62281919786847,71.7874075090876,54.65856288608846,63.830875961700535,Unattained target,RandomSampler,PRUNED
71,71,21.357386104693486,2026-04-21 15:36:16.605892,2026-04-21 15:36:22.432655,0 days 00:00:05.826763,-63.664169645516196,15.14654914565328,42.33704870397512,66.10848846793996,88.77488577837818,62.01575243794966,-45.94896098265082,71.5842338907288,39.56975878898755,19.26354857454391,27.375897287385115,18.800137413399494,Unattained target,RandomSampler,PRUNED
72,72,6.0,2026-04-21 15:36:22.584742,2026-04-21 15:36:22.676309,0 days 00:00:00.091567,-73.78517008310446,11.834399119096776,38.57640229503368,26.729194833838395,91.24045482336986,9.564934160468948,-67.02693390126585,98.67159284650594,43.802042393167106,31.130809364466355,18.470186647768962,10.229511826476179,Unfeasible shape,RandomSampler,PRUNED
73,73,6.0,2026-04-21 15:36:22.801515,2026-04-21 15:36:22.873663,0 days 00:00:00.072148,-59.25760331117159,20.256369767564692,79.2225909440212,62.116321142741654,3.065435674350283,48.44224135281951,-55.1754761872325,52.887939104092325,22.723337194427238,95.88959457461591,15.693851937732475,5.180177947367044,Unfeasible shape,RandomSampler,PRUNED
74,74,13.830822889093895,2026-04-21 15:36:23.019641,2026-04-21 15:36:28.402656,0 days 00:00:05.383015,-46.180359971358605,30.856570996660825,34.24924058877592,84.6014842476681,72.34340576748434,15.139278198106885,-77.93676436510738,54.42743789746948,60.90681795565092,19.159579717658907,47.2195679239568,34.76013326978794,Unattained target,RandomSampler,PRUNED
75,75,11.85556927819237,2026-04-21 15:36:28.560951,2026-04-21 15:36:33.815644,0 days 00:00:05.254693,-73.10841448535967,63.58798557690238,53.436564030483694,19.417792369347787,77.62257006076211,60.19087676367188,-61.60091077306127,69.42154547266999,35.66180713332108,37.108196493645295,45.11654166946984,79.04219641619669,Unattained target,RandomSampler,PRUNED
76,76,6.0,2026-04-21 15:36:33.967458,2026-04-21 15:36:34.026090,0 days 00:00:00.058632,-61.83811767128546,91.23768186666298,52.66021090988861,13.693605641371377,52.512161417434555,30.37665444207617,-47.72645364953784,60.164087736036066,32.46136009409615,61.820757920228615,-7.414853635016714,25.830637915981043,Unfeasible shape,RandomSampler,PRUNED
77,77,6.0,2026-04-21 15:36:34.172486,2026-04-21 15:36:34.270843,0 days 00:00:00.098357,-45.99354899637757,40.70508270335334,89.98550010832984,98.68473559370868,41.64422969515939,23.022217670082572,-73.087202358318,20.03986257961194,19.595538935438377,64.16262708781923,16.986121428612996,26.37243003770733,Unfeasible shape,RandomSampler,PRUNED
78,78,6.0,2026-04-21 15:36:34.430368,2026-04-21 15:36:34.512606,0 days 00:00:00.082238,-45.56209310284213,57.17830017002552,37.98384088303297,85.5887851680124,33.77443989753928,34.584423830199896,-77.9838915696144,35.512898105504064,10.998001686795046,64.75293332518994,19.285582462097004,15.85967309067759,Unfeasible shape,RandomSampler,PRUNED
79,79,6.0,2026-04-21 15:36:34.652843,2026-04-21 15:36:34.745658,0 days 00:00:00.092815,-52.4142601873522,18.013483402136934,13.360222847386325,19.247551952039352,-16.44619890254441,65.95196609162889,-79.88245617701249,90.72481246518177,15.972348699755566,35.43129001380041,30.41891380173763,71.12061206293359,Unfeasible shape,RandomSampler,PRUNED
80,80,6.0,2026-04-21 15:36:34.884553,2026-04-21 15:36:34.937668,0 days 00:00:00.053115,-55.31920140540748,45.099237074908416,62.62712937650872,91.56038147593391,25.23696523603106,68.71068926570716,-60.581191460318294,79.35383796697467,10.954588819793559,96.60096272951856,5.986785282171166,20.85301059661676,Unfeasible shape,RandomSampler,PRUNED
81,81,6.0,2026-04-21 15:36:35.100239,2026-04-21 15:36:35.166869,0 days 00:00:00.066630,-51.21525515879027,37.259913102113444,44.085883348894576,38.488447674448906,-1.7160357977407088,29.655006459017336,-79.0395884054439,52.16173829447182,30.976168823481384,61.0456809134397,109.05457857855268,54.81708332462955,Unfeasible shape,RandomSampler,PRUNED
82,82,6.0,2026-04-21 15:36:35.290307,2026-04-21 15:36:35.348322,0 days 00:00:00.058015,-75.46011467763005,66.11949726015803,92.24790424307817,59.64988350508661,5.550011349229816,41.593455032323405,-68.45851857771682,61.01767259984593,84.279882623714,19.005676323361065,3.3939365110277606,53.18291417001694,Unfeasible shape,RandomSampler,PRUNED
83,83,6.0,2026-04-21 15:36:35.487818,2026-04-21 15:36:35.554568,0 days 00:00:00.066750,-73.24996534690182,90.62915443520897,29.49772818161022,76.5560977505744,7.767501514820228,34.95737036828625,-77.03544250413955,76.82031924550992,23.477355003939245,19.11408639199731,-19.635402184248235,54.269360720139034,Unfeasible shape,RandomSampler,PRUNED
84,84,19.854326606967,2026-04-21 15:36:35.676086,2026-04-21 15:36:40.703764,0 days 00:00:05.027678,-50.52941458539327,14.587580707500091,73.50741863748726,43.319322801332945,28.132547031556918,33.13692180875251,-69.54148941300437,82.0279622395302,67.67890798965169,61.4847458194743,60.62433162846264,47.914312413100404,Unattained target,RandomSampler,PRUNED
85,85,6.0,2026-04-21 15:36:40.832658,2026-04-21 15:36:40.936763,0 days 00:00:00.104105,-78.55660807332907,98.2899664038693,31.278887247281883,48.87575439486748,71.71256919080177,0.35915110065470657,-52.09762160583655,10.695431081804989,27.92946126932285,82.33526292927728,65.59203338763146,40.87618950247836,Unfeasible shape,RandomSampler,PRUNED
86,86,6.0,2026-04-21 15:36:41.062853,2026-04-21 15:36:41.133015,0 days 00:00:00.070162,-69.14401437293525,39.075005864673365,43.09413147445951,57.33043710224487,-16.956862563517575,70.92733431217673,-52.492217262911495,76.73688200843559,25.362223491005153,93.02560857362965,-8.852539385387185,23.567450159533223,Unfeasible shape,RandomSampler,PRUNED
87,87,107.91813766128627,2026-04-21 15:36:41.283003,2026-04-21 15:36:46.613789,0 days 00:00:05.330786,-75.30220468607978,62.2204500883518,19.543937613489156,76.66224949665354,74.83485371915235,9.235574433283267,-62.00958428186287,66.52813090483764,62.48777224403156,60.132811515592564,55.45264451956909,17.068988793572572,Unattained target,RandomSampler,PRUNED
88,88,6.0,2026-04-21 15:36:46.755144,2026-04-21 15:36:46.854908,0 days 00:00:00.099764,-71.32527977510406,94.7903750694404,65.45027910450474,75.94776356388037,96.8590538009754,48.66115079212265,-58.217283414912586,20.40996140976902,86.55017034654053,75.19309729284205,2.6462483309388034,20.266991092444204,Unfeasible shape,RandomSampler,PRUNED
89,89,10.14172693646968,2026-04-21 15:36:46.982903,2026-04-21 15:36:52.443759,0 days 00:00:05.460856,-60.86321678301947,32.96387805275174,37.963175304946816,65.57339832232671,16.515849954189022,58.659012284575915,-75.64800958688613,49.524214402009974,40.519815830884625,89.0743116801661,77.84768035687327,26.986376373832606,Unattained target,RandomSampler,PRUNED
90,90,6.0,2026-04-21 15:36:52.591108,2026-04-21 15:36:52.680051,0 days 00:00:00.088943,-65.05201844647186,23.0621496934689,85.47416951363599,12.904237746475378,-11.185145256091884,32.67652155790768,-73.4733294019064,81.16741403541593,82.99584750847997,14.197359092094667,81.06208482726764,14.792658180678027,Unfeasible shape,RandomSampler,PRUNED
91,91,14.367714668715898,2026-04-21 15:36:52.823225,2026-04-21 15:36:58.341778,0 days 00:00:05.518553,-64.12842071093921,65.8212099255763,26.307525332664945,76.4290065934549,10.454206747913076,57.39343445840467,-53.60622349183724,63.14990587847831,22.828715453568087,73.66798615702982,80.24810741358033,0.8145476708359478,Unattained target,RandomSampler,PRUNED
92,92,6.0,2026-04-21 15:36:58.498557,2026-04-21 15:36:58.598332,0 days 00:00:00.099775,-79.2989443448986,25.11564018601457,61.55539251838336,91.0471748586797,17.537328421535598,72.34104977668208,-55.55849803282611,99.0360723923609,61.62340797725972,76.95213287445608,-5.794959157278733,73.82708151813704,Unfeasible shape,RandomSampler,PRUNED
93,93,6.0,2026-04-21 15:36:58.758055,2026-04-21 15:36:58.840546,0 days 00:00:00.082491,-75.6981031498386,79.46418405685012,45.35121102742183,70.45678220206004,-9.125857106995708,38.567393703660564,-53.53970464797485,66.05933690040352,98.60381134938592,48.533399107730766,-14.584924452964877,79.6415459342335,Unfeasible shape,RandomSampler,PRUNED
94,94,6.0,2026-04-21 15:36:58.974219,2026-04-21 15:36:59.063040,0 days 00:00:00.088821,-78.47637536012093,46.71833385436214,93.68871642431779,87.12784812929914,42.62209645861789,15.024947449871169,-58.63558960653348,42.22793587247015,28.045192287796958,92.16149618325369,93.688426708537,12.190137805815793,Unfeasible shape,RandomSampler,PRUNED
95,95,6.0,2026-04-21 15:36:59.208081,2026-04-21 15:36:59.307456,0 days 00:00:00.099375,-70.01474417438888,94.7784139186087,34.17810946248639,69.3672096506881,8.298899122609662,19.67314478438813,-69.51244064848275,92.15678818192283,80.51753860023702,88.16620701212874,25.05809472887516,73.13805951751658,Unfeasible shape,RandomSampler,PRUNED
96,96,6.0,2026-04-21 15:36:59.443211,2026-04-21 15:37:00.038548,0 days 00:00:00.595337,-47.38245045024443,61.478444034906104,11.425072726228292,50.167291037538,13.6352830070987,71.88840216761433,-45.206654923391085,26.104635445401243,76.94158674877579,83.96161954784407,49.17403876823448,61.45849295092738,Unfeasible shape,RandomSampler,PRUNED
97,97,6.0,2026-04-21 15:37:00.162923,2026-04-21 15:37:00.229223,0 days 00:00:00.066300,-61.51977963673997,78.81528078062071,98.67134003943363,19.872048669720847,35.210220832303726,6.3709604421141375,-54.9636256343821,32.85418117384343,79.50123708424462,41.32813112592642,73.64901697527881,71.17106308549222,Unfeasible shape,RandomSampler,PRUNED
98,98,6.0,2026-04-21 15:37:00.369107,2026-04-21 15:37:00.435072,0 days 00:00:00.065965,-49.17999677351539,12.647998433195596,39.142992840734365,95.04248696547221,90.63743215617937,9.258533057373368,-70.8158731771186,58.9371924140423,69.95830690765314,74.19892428731146,99.75337944662432,53.995600413630655,Unfeasible shape,RandomSampler,PRUNED
99,99,5.2512730852099345,2026-04-21 15:37:00.573143,2026-04-21 15:37:05.635094,0 days 00:00:05.061951,-77.43605828122965,58.612302019933715,45.50029424103461,96.03351590569928,58.46542531595421,63.840358893391425,-60.690136525340286,26.13022571549299,56.236135751233626,51.677842034979115,24.297222006942,75.73187622366946,Unattained target,RandomSampler,PRUNED
