,number,value,datetime_start,datetime_complete,duration,params_lLegPt.rA1,params_lLegPt.rL0,params_lLegPt.rL1,params_lLegPt.rL2,params_lLegPt.x1,params_lLegPt.y1,params_sLegPt.rA1,params_sLegPt.rL0,params_sLegPt.rL1,params_sLegPt.rL2,params_sLegPt.x1,params_sLegPt.y1,user_attrs_prune,system_attrs_auto:sampler,state
655,655,6.0,2026-04-21 16:43:00.426689,2026-04-21 16:43:00.580519,0 days 00:00:00.153830,-80.0,100.0,32.11993660938809,48.087413320634795,108.55950122434345,20.77887105283834,-71.25207097254011,96.37777553902379,39.51113026775255,58.47438881983678,-3.9196895563859684,93.04080352861162,Unfeasible shape,GPSampler,PRUNED
656,656,6.0,2026-04-21 16:43:00.714198,2026-04-21 16:43:00.836084,0 days 00:00:00.121886,-80.0,100.0,32.01675457756389,48.038369524169056,108.84932508594704,20.919753329840177,-71.23805432755057,96.65744909902952,39.40589888284605,58.345821875313575,-3.929725005968397,92.94000866374355,Unfeasible shape,GPSampler,PRUNED
657,657,6.0,2026-04-21 16:43:00.978243,2026-04-21 16:43:01.138346,0 days 00:00:00.160103,-80.0,100.0,32.26991483516443,48.012126856684915,108.51245991539535,20.813855171308084,-71.21752200694064,96.57643373971095,39.59331540761418,58.43396340309921,-3.945855521694053,92.91210816078365,Unfeasible shape,GPSampler,PRUNED
658,658,6.0,2026-04-21 16:43:01.289616,2026-04-21 16:43:01.370765,0 days 00:00:00.081149,-80.0,100.0,31.980241996073133,48.02088008301917,108.75028187060235,20.90160316997057,-71.31393424912348,96.6445279152293,39.42047970363396,58.39869975831288,-3.828846624201976,92.98379166607697,Unfeasible shape,GPSampler,PRUNED
659,659,6.0,2026-04-21 16:43:01.568178,2026-04-21 16:43:01.671472,0 days 00:00:00.103294,-80.0,100.0,32.08178836322578,47.94980967377161,108.8234067680939,20.99436499342545,-71.31630564479215,96.52726925748834,39.55890918925692,58.37670952107523,-4.035162131921378,93.03329491525736,Unfeasible shape,GPSampler,PRUNED
660,660,6.0,2026-04-21 16:43:01.806497,2026-04-21 16:43:01.882749,0 days 00:00:00.076252,-80.0,100.0,32.15036695331764,48.101217652739194,108.82233109326945,20.99087816880703,-71.34936200950338,96.73356923526893,39.44394840281755,58.45454912440194,-3.796310620145473,92.98808809683929,Unfeasible shape,GPSampler,PRUNED
661,661,6.0,2026-04-21 16:43:01.998222,2026-04-21 16:43:02.140736,0 days 00:00:00.142514,-80.0,100.0,32.14187368119164,48.13734279083799,108.7066414047567,20.923205927939833,-71.25176071764665,96.79296620022144,39.618874514288805,58.501290219448215,-3.9397058941637653,92.99621432986847,Unfeasible shape,GPSampler,PRUNED
662,662,6.0,2026-04-21 16:43:02.272958,2026-04-21 16:43:02.392715,0 days 00:00:00.119757,-80.0,100.0,32.04416331302564,47.97757464655331,108.77434651721883,20.669254858266356,-71.19753731320694,96.49633880331339,39.317890970760146,58.42283725889104,-4.135016783973764,93.01091965182634,Unfeasible shape,GPSampler,PRUNED
663,663,6.0,2026-04-21 16:43:02.560481,2026-04-21 16:43:02.646903,0 days 00:00:00.086422,-80.0,100.0,31.968235249210284,48.18584322827351,108.82099190295301,21.05949754714819,-71.29972600330458,96.7695936673037,39.52250382118728,58.399733462145456,-4.006268360781952,92.96539416148298,Unfeasible shape,GPSampler,PRUNED
664,664,6.0,2026-04-21 16:43:02.780494,2026-04-21 16:43:02.867027,0 days 00:00:00.086533,-80.0,100.0,32.099132768227875,48.05310266430568,108.75060115015499,20.979973184440567,-71.28600680597592,96.70900003493773,39.40486403569439,58.38332467297214,-3.9202544956712444,93.00141531024859,Unfeasible shape,GPSampler,PRUNED
665,665,6.0,2026-04-21 16:43:02.982886,2026-04-21 16:43:03.066690,0 days 00:00:00.083804,-80.0,100.0,32.051882080961406,47.9481397610448,108.89781093120541,20.691992529520483,-71.29181606307922,96.82031763735434,39.491150543277605,58.27356213071951,-4.131559148057921,92.91970519821837,Unfeasible shape,GPSampler,PRUNED
666,666,6.0,2026-04-21 16:43:03.186796,2026-04-21 16:43:03.326335,0 days 00:00:00.139539,-80.0,100.0,32.20451053460876,48.07121217200407,108.61965187500735,20.84526167940612,-71.16771288894394,96.72039203236329,39.45870368090202,58.305746487996714,-3.83936393246508,92.99529750795075,Unfeasible shape,GPSampler,PRUNED
667,667,6.0,2026-04-21 16:43:03.460778,2026-04-21 16:43:03.558573,0 days 00:00:00.097795,-80.0,100.0,32.15101075622381,47.96803827925059,108.63029924013729,20.65922050719547,-71.17099074236887,96.64227077114558,39.50932473718764,58.38020235717888,-3.866495843300168,92.92593432604419,Unfeasible shape,GPSampler,PRUNED
668,668,6.0,2026-04-21 16:43:03.750687,2026-04-21 16:43:03.872340,0 days 00:00:00.121653,-80.0,100.0,32.167275649579196,48.043492807456246,108.85592146920838,20.863526493638474,-71.26769728732644,96.65397185701624,39.43390122215981,58.4175447828984,-3.9389752140507035,92.98682530158909,Unfeasible shape,GPSampler,PRUNED
669,669,6.0,2026-04-21 16:43:03.991962,2026-04-21 16:43:04.072401,0 days 00:00:00.080439,-80.0,100.0,32.21442459792938,48.048936278995306,108.64933779804713,20.684912808736286,-71.2743300773246,96.63244186463773,39.45047835803109,58.2495000491915,-3.9562176680122825,93.0423796589688,Unfeasible shape,GPSampler,PRUNED
670,670,6.0,2026-04-21 16:43:04.220605,2026-04-21 16:43:04.382791,0 days 00:00:00.162186,-80.0,100.0,32.35357511418557,48.36655688723074,108.89412238596069,21.129307851031513,-71.45167114806785,96.54991593802072,39.59891968053952,58.251333221892125,-4.055014369447591,92.92841695227598,Unfeasible shape,GPSampler,PRUNED
671,671,6.0,2026-04-21 16:43:04.520805,2026-04-21 16:43:04.625729,0 days 00:00:00.104924,-80.0,100.0,32.03891446624914,47.97824286759632,108.7231342821854,20.953390575408008,-71.29272642185603,96.7051187977206,39.50822371621565,58.4324971519548,-3.900051120033261,92.96723411793704,Unfeasible shape,GPSampler,PRUNED
672,672,6.0,2026-04-21 16:43:04.765627,2026-04-21 16:43:04.848836,0 days 00:00:00.083209,-80.0,100.0,32.149735745052524,48.09566735991012,108.73858466838847,21.003721020696375,-71.27709329299928,96.74397385733124,39.591281576421295,58.28789072331474,-4.071566273246265,93.08387481590177,Unfeasible shape,GPSampler,PRUNED
673,673,6.0,2026-04-21 16:43:05.048684,2026-04-21 16:43:05.155951,0 days 00:00:00.107267,-80.0,100.0,32.35357006333747,48.366551818336234,108.8941232778328,21.129299691303757,-71.45166908915238,96.5499180307905,39.59891826033826,58.251331899391026,-4.055017243957536,92.92842154296335,Unfeasible shape,GPSampler,PRUNED
674,674,6.0,2026-04-21 16:43:05.304946,2026-04-21 16:43:05.462972,0 days 00:00:00.158026,-80.0,100.0,32.072258354246,48.01554097925708,108.77224384669603,20.883748563116725,-71.30293184597303,96.68158901657581,39.45449866906553,58.33021063972271,-3.9720602997496677,93.00511987511972,Unfeasible shape,GPSampler,PRUNED
675,675,6.0,2026-04-21 16:43:05.610796,2026-04-21 16:43:05.714342,0 days 00:00:00.103546,-80.0,100.0,32.12389112412515,48.10855725618805,108.77973668835041,20.82903845066113,-71.23314481017532,96.60032765913779,39.51389485175684,58.31816103766562,-3.9810247398035408,93.01623090077643,Unfeasible shape,GPSampler,PRUNED
676,676,6.0,2026-04-21 16:43:05.899970,2026-04-21 16:43:05.984850,0 days 00:00:00.084880,-80.0,100.0,32.057683157945576,48.04826245178966,109.02274854413535,20.807728511704084,-71.24765357694577,96.86962304251607,39.35479489880835,58.54268256461723,-3.7947637441829123,92.96746292361793,Unfeasible shape,GPSampler,PRUNED
677,677,6.0,2026-04-21 16:43:06.098368,2026-04-21 16:43:06.240598,0 days 00:00:00.142230,-80.0,100.0,32.149651924332716,48.11082349580693,108.63559143747,20.650245615259713,-71.28715430163972,96.58665278190618,39.462593274423114,58.25183533819543,-3.9677033478266637,92.97504799659649,Unfeasible shape,GPSampler,PRUNED
678,678,6.0,2026-04-21 16:43:06.365890,2026-04-21 16:43:06.470924,0 days 00:00:00.105034,-80.0,100.0,32.077537648238795,48.041896829875874,108.82995162037345,20.911403440168556,-71.26048414640037,96.67076922383369,39.445605690220454,58.45311093130695,-3.893882317254384,92.97186778806578,Unfeasible shape,GPSampler,PRUNED
679,679,6.0,2026-04-21 16:43:06.605691,2026-04-21 16:43:06.726517,0 days 00:00:00.120826,-80.0,100.0,31.974678399845953,47.98175902340077,108.87165670940361,20.6025383263012,-71.18670601770718,96.61547987473557,39.51164281190334,58.387159111139404,-3.9835544408218837,92.93612382772571,Unfeasible shape,GPSampler,PRUNED
680,680,6.0,2026-04-21 16:43:06.865617,2026-04-21 16:43:06.957047,0 days 00:00:00.091430,-80.0,100.0,32.40753319489322,48.086248685435024,108.56280681571977,20.565672479957335,-71.19270757607504,96.61471071560003,39.65208347782921,58.27818136046258,-4.04212877886356,93.13749621965272,Unfeasible shape,GPSampler,PRUNED
681,681,6.0,2026-04-21 16:43:07.100600,2026-04-21 16:43:07.188584,0 days 00:00:00.087984,-80.0,100.0,32.27167509027268,48.04843155162985,108.6224064495909,20.94901788777549,-71.32269050902839,96.70542008894812,39.47148221398653,58.37822451226978,-4.005428040246624,92.97916180718407,Unfeasible shape,GPSampler,PRUNED
682,682,6.0,2026-04-21 16:43:07.320777,2026-04-21 16:43:07.404918,0 days 00:00:00.084141,-80.0,100.0,32.11033370270949,48.07605818597075,108.72807423825499,20.79399461750721,-71.23609904787263,96.72601934308508,39.529032950883966,58.33528520584829,-3.870927414292524,92.99452474680473,Unfeasible shape,GPSampler,PRUNED
683,683,6.0,2026-04-21 16:43:07.520987,2026-04-21 16:43:07.596537,0 days 00:00:00.075550,-80.0,100.0,32.03747634574371,48.001253777200446,108.72669939285336,21.008120509864895,-71.25799257218405,96.73871804575055,39.423447774373486,58.41733288198416,-3.831937670165601,92.90115074097378,Unfeasible shape,GPSampler,PRUNED
684,684,6.0,2026-04-21 16:43:07.754623,2026-04-21 16:43:07.912565,0 days 00:00:00.157942,-80.0,100.0,32.23347627624854,47.97701452946487,108.55343666185962,20.6114872493916,-71.29745842875587,96.49664791254486,39.532443563884605,58.29535729055835,-3.9517848642329056,93.01569029913539,Unfeasible shape,GPSampler,PRUNED
685,685,6.0,2026-04-21 16:43:08.071570,2026-04-21 16:43:08.167601,0 days 00:00:00.096031,-80.0,100.0,32.149835634258096,47.884386707773466,108.80233709111235,20.879744064753652,-71.32214241646261,96.4905009298823,39.35526725108592,58.28894486543539,-3.746531750951849,93.00010071269246,Unfeasible shape,GPSampler,PRUNED
686,686,6.0,2026-04-21 16:43:08.308081,2026-04-21 16:43:08.394946,0 days 00:00:00.086865,-80.0,100.0,32.05301973337831,47.920930477723,108.61692576591057,20.79402017757419,-71.29619524620031,96.57617494640954,39.50834832449475,58.32006071725307,-3.8969205968567984,92.96955816182627,Unfeasible shape,GPSampler,PRUNED
687,687,6.0,2026-04-21 16:43:08.670982,2026-04-21 16:43:08.788261,0 days 00:00:00.117279,-80.0,100.0,32.214789220989594,48.1093484050828,108.69181038707316,20.738516595833538,-71.3286587514917,96.6886057812676,39.47217126333271,58.3251626140784,-3.862447678755842,93.01223668552008,Unfeasible shape,GPSampler,PRUNED
688,688,6.0,2026-04-21 16:43:08.951052,2026-04-21 16:43:09.046944,0 days 00:00:00.095892,-80.0,100.0,32.007194459601436,48.01867405189231,108.79579225725384,20.957187017912574,-71.34754894844284,96.76888198182657,39.47737214949281,58.31165030440122,-3.936775029500051,92.96554646605114,Unfeasible shape,GPSampler,PRUNED
689,689,6.0,2026-04-21 16:43:09.210978,2026-04-21 16:43:09.298791,0 days 00:00:00.087813,-80.0,100.0,32.38519769773746,48.00103803585688,108.5152373514203,20.756580772283286,-71.19405748796903,96.65658334108039,39.43886897834948,58.473088661018984,-3.94717529947582,93.00806401302144,Unfeasible shape,GPSampler,PRUNED
690,690,6.0,2026-04-21 16:43:09.411106,2026-04-21 16:43:09.486583,0 days 00:00:00.075477,-80.0,100.0,32.081246244040415,48.15594199852888,108.6616169042461,20.764107085921914,-71.32158498309985,96.55105203472226,39.53265624624491,58.38709598894001,-3.9375565932135004,93.02869356436202,Unfeasible shape,GPSampler,PRUNED
691,691,6.0,2026-04-21 16:43:09.607217,2026-04-21 16:43:09.689160,0 days 00:00:00.081943,-80.0,100.0,32.061533728769646,48.05965486791589,108.80336977032492,20.8799385050498,-71.27506765663702,96.62124469531287,39.410882388152984,58.53162915408731,-4.026215414999729,93.00494861420637,Unfeasible shape,GPSampler,PRUNED
692,692,6.0,2026-04-21 16:43:09.810622,2026-04-21 16:43:09.906984,0 days 00:00:00.096362,-80.0,100.0,31.9557603575063,48.123425911931555,108.77481207926245,20.84186846233395,-71.36422313361584,96.68236187846013,39.46478593419485,58.368911494277306,-4.043481300911459,93.00680497947707,Unfeasible shape,GPSampler,PRUNED
693,693,6.0,2026-04-21 16:43:10.044655,2026-04-21 16:43:10.185105,0 days 00:00:00.140450,-80.0,100.0,32.29106667890958,48.06494522104787,108.58259540119903,20.94589210643113,-71.26435514675099,96.70427638160258,39.56707475824569,58.59688290307378,-3.956581244262207,93.06772420873656,Unfeasible shape,GPSampler,PRUNED
694,694,6.0,2026-04-21 16:43:10.327789,2026-04-21 16:43:10.413033,0 days 00:00:00.085244,-80.0,100.0,32.184383441157635,47.992018915965915,108.67247710160102,20.819681732945867,-71.21139129244025,96.65461950917803,39.501510363694074,58.45247295339667,-3.8305904686895467,92.98702500474496,Unfeasible shape,GPSampler,PRUNED
695,695,6.0,2026-04-21 16:43:10.561033,2026-04-21 16:43:10.640832,0 days 00:00:00.079799,-80.0,100.0,32.43359534869003,48.020588728993424,108.706105551595,20.671112723931834,-71.27389604367963,96.71006749413282,39.743015968210436,58.404043513307464,-3.830432679236253,93.00547927440795,Unfeasible shape,GPSampler,PRUNED
696,696,6.0,2026-04-21 16:43:10.811139,2026-04-21 16:43:10.902769,0 days 00:00:00.091630,-80.0,100.0,32.12114751355418,48.077555692611135,108.72652560340579,20.890524888084578,-71.37435791484738,96.6545563456011,39.502887441862185,58.37883874851734,-3.844866564710447,92.93936074920737,Unfeasible shape,GPSampler,PRUNED
697,697,6.0,2026-04-21 16:43:11.050659,2026-04-21 16:43:11.131517,0 days 00:00:00.080858,-80.0,100.0,32.26756255921287,47.84110152935784,108.58309187873617,21.033643338625197,-71.23543538831147,96.53282627156025,39.66618948764115,58.55261488567671,-3.821556798179234,93.02933419480044,Unfeasible shape,GPSampler,PRUNED
698,698,6.0,2026-04-21 16:43:11.259018,2026-04-21 16:43:11.416988,0 days 00:00:00.157970,-80.0,100.0,32.073405541726494,48.03695072113391,108.75534173984211,20.870043770717146,-71.2901486523521,96.65057920346517,39.43967262707393,58.32284743680038,-3.960017287119623,92.97845898179315,Unfeasible shape,GPSampler,PRUNED
699,699,6.0,2026-04-21 16:43:11.555771,2026-04-21 16:43:11.717344,0 days 00:00:00.161573,-80.0,100.0,32.143887246315295,48.00247925221383,108.74989593801617,20.885784070212374,-71.31286239564636,96.62456170051156,39.48697714279555,58.28727214704437,-3.8726125221141245,93.0098127968287,Unfeasible shape,GPSampler,PRUNED
700,700,6.0,2026-04-21 16:43:11.885384,2026-04-21 16:43:11.974644,0 days 00:00:00.089260,-80.0,100.0,31.912386607331246,47.99496503909676,108.8217602609583,20.940747786615546,-71.31813117178622,96.79290465389617,39.379445436225005,58.451789035995105,-3.858952688026534,92.95523286053884,Unfeasible shape,GPSampler,PRUNED
701,701,6.0,2026-04-21 16:43:12.091145,2026-04-21 16:43:12.390990,0 days 00:00:00.299845,-80.0,100.0,31.80961458128689,47.93281865366821,108.88163125666689,21.011967259210785,-71.33613694002159,96.9341998596583,39.55958940832912,58.41347400794621,-3.990809367855917,92.93984754635427,Unfeasible shape,GPSampler,PRUNED
702,702,6.0,2026-04-21 16:43:12.525769,2026-04-21 16:43:12.616920,0 days 00:00:00.091151,-80.0,100.0,32.14317827304303,48.167129387200184,108.45726198124524,20.793159517207968,-71.38378246123794,96.43644100187507,39.502042482666795,58.24545577074226,-3.96125832353804,93.0508848018768,Unfeasible shape,GPSampler,PRUNED
703,703,6.0,2026-04-21 16:43:12.760920,2026-04-21 16:43:12.859615,0 days 00:00:00.098695,-80.0,100.0,32.17055097173662,47.89919809701551,108.68588238153352,20.837100013469744,-71.31047711787892,96.84713401935456,39.514093347048615,58.43424840522493,-4.063915665020513,92.96869491012176,Unfeasible shape,GPSampler,PRUNED
704,704,6.0,2026-04-21 16:43:12.980969,2026-04-21 16:43:13.077136,0 days 00:00:00.096167,-80.0,100.0,32.29635775707963,48.03548556133753,108.82514509199714,20.80250378204491,-71.31474464915318,96.64662240482238,39.482070698800754,58.29237836935337,-3.9870692248803685,93.04955602267397,Unfeasible shape,GPSampler,PRUNED
705,705,6.0,2026-04-21 16:43:13.193118,2026-04-21 16:43:13.323072,0 days 00:00:00.129954,-80.0,100.0,32.214133076953836,47.98647178048459,108.78276381432433,20.67703972484506,-71.27831010620035,96.7645256863556,39.49662553203831,58.456246051410204,-3.807314801618247,92.90314656626526,Unfeasible shape,GPSampler,PRUNED
706,706,6.0,2026-04-21 16:43:13.452896,2026-04-21 16:43:13.541267,0 days 00:00:00.088371,-80.0,100.0,31.97367106790319,48.054845067482134,108.69444563077899,20.835778057126397,-71.39603949353088,96.85306607935597,39.36193794078217,58.15833367027878,-3.935382556202047,93.00386003845576,Unfeasible shape,GPSampler,PRUNED
707,707,6.0,2026-04-21 16:43:13.705466,2026-04-21 16:43:13.784405,0 days 00:00:00.078939,-80.0,100.0,32.170960175583176,47.998252534723335,108.91685413288968,20.73313138091909,-71.30580050424405,96.57570642333319,39.56170874394162,58.09451391554827,-3.9238768749353277,93.05800311555868,Unfeasible shape,GPSampler,PRUNED
708,708,6.0,2026-04-21 16:43:13.911134,2026-04-21 16:43:13.996984,0 days 00:00:00.085850,-80.0,100.0,32.11798199602487,48.10345890316451,108.9508662079759,20.851497994541973,-71.27646158982508,96.6401745166127,39.29396523477467,58.324879879282946,-3.9893316040717046,93.07356731395036,Unfeasible shape,GPSampler,PRUNED
709,709,6.0,2026-04-21 16:43:14.119082,2026-04-21 16:43:14.213011,0 days 00:00:00.093929,-80.0,100.0,32.35350947865599,48.36649099564543,108.8941339718461,21.129201774308903,-71.4516443803875,96.54994313519724,39.59890122912692,58.25131603085722,-4.055051746768527,92.92847663047979,Unfeasible shape,GPSampler,PRUNED
710,710,6.0,2026-04-21 16:43:14.336144,2026-04-21 16:43:14.490910,0 days 00:00:00.154766,-80.0,100.0,32.14460445403898,47.9118194219501,108.79577268739541,20.8692414792421,-71.31626934013839,96.73361987346759,39.47139649609794,58.25460549601014,-3.883923927095424,93.02856968382362,Unfeasible shape,GPSampler,PRUNED
711,711,6.0,2026-04-21 16:43:14.625145,2026-04-21 16:43:14.711094,0 days 00:00:00.085949,-80.0,100.0,32.10532350724668,48.132114967441964,108.54265062683943,20.485294750858657,-71.24051443167188,96.63875122505813,39.462319336752714,58.397741985371695,-4.028516337836756,93.004073556731,Unfeasible shape,GPSampler,PRUNED
712,712,6.0,2026-04-21 16:43:14.868876,2026-04-21 16:43:14.954479,0 days 00:00:00.085603,-80.0,100.0,32.32333040562749,48.00431628771048,108.69072193770992,20.667992623793552,-71.26522518581494,96.47408617110284,39.66876033392164,58.416752373229606,-4.021132376390614,93.05019999462328,Unfeasible shape,GPSampler,PRUNED
713,713,6.0,2026-04-21 16:43:15.110949,2026-04-21 16:43:15.202730,0 days 00:00:00.091781,-80.0,100.0,32.03558546010447,48.09658799984925,108.7838154897833,20.81820453953072,-71.28920585923693,96.50242984486853,39.5000078068432,58.22331749354969,-3.9402022164187755,92.96576010938058,Unfeasible shape,GPSampler,PRUNED
714,714,6.0,2026-04-21 16:43:15.323188,2026-04-21 16:43:15.470963,0 days 00:00:00.147775,-80.0,100.0,32.24058436092828,48.00600940101582,108.64671730328402,20.94001340172357,-71.24318232574863,96.5986235964154,39.400898385314505,58.41798058680178,-3.8505494280066372,92.93841723095562,Unfeasible shape,GPSampler,PRUNED
715,715,6.0,2026-04-21 16:43:15.629141,2026-04-21 16:43:15.713090,0 days 00:00:00.083949,-80.0,100.0,32.18869459629844,48.038988185820294,108.72163861817688,20.879137559295565,-71.26170589502757,96.75747933605072,39.385570044078975,58.40649974767632,-4.083500908914754,93.02852756944519,Unfeasible shape,GPSampler,PRUNED
716,716,6.0,2026-04-21 16:43:15.852211,2026-04-21 16:43:15.924954,0 days 00:00:00.072743,-80.0,100.0,32.408936723362984,48.08265966927468,108.67304807834,20.780461920100095,-71.26335328239969,96.64491726787176,39.65159380107434,58.46430256662489,-3.8032880335059644,92.98548930454965,Unfeasible shape,GPSampler,PRUNED
717,717,6.0,2026-04-21 16:43:16.113983,2026-04-21 16:43:16.203216,0 days 00:00:00.089233,-80.0,100.0,32.038682454628315,48.07244795710724,108.66254720355717,20.887277594604072,-71.31854205691872,96.61101636126418,39.467208144071606,58.399267986301666,-3.9472564647651254,92.99193458658891,Unfeasible shape,GPSampler,PRUNED
718,718,6.0,2026-04-21 16:43:16.320776,2026-04-21 16:43:16.458694,0 days 00:00:00.137918,-80.0,100.0,32.05326156563498,47.91545732437515,108.81540986462345,21.008613943482032,-71.32907938642104,96.61204860330777,39.39336868684789,58.15182621130649,-3.942277181063961,93.00855644443895,Unfeasible shape,GPSampler,PRUNED
719,719,6.0,2026-04-21 16:43:16.591203,2026-04-21 16:43:16.823399,0 days 00:00:00.232196,-80.0,100.0,32.227117609992135,48.04221872410485,108.69804994870512,20.93486904782509,-71.26704080410428,96.62069700677611,39.575515654401556,58.592929078877454,-3.904357293659448,93.02157043317025,Unfeasible shape,GPSampler,PRUNED
720,720,6.0,2026-04-21 16:43:16.989748,2026-04-21 16:43:17.088427,0 days 00:00:00.098679,-80.0,100.0,32.12837492225603,48.01405095595337,108.57473574544564,20.786033253975837,-71.29168981710025,96.53794300034707,39.53920938515739,58.21296232417437,-4.019588700234891,93.00038399857539,Unfeasible shape,GPSampler,PRUNED
721,721,6.0,2026-04-21 16:43:17.221023,2026-04-21 16:43:17.293080,0 days 00:00:00.072057,-80.0,100.0,32.15824541528855,48.06373049966769,108.73748304238421,20.77951335029138,-71.23838413998126,96.55468119951752,39.5620757640538,58.325316277733975,-4.002507499715858,93.02882187784284,Unfeasible shape,GPSampler,PRUNED
