,number,value,datetime_start,datetime_complete,duration,params_lLegPt.rA1,params_lLegPt.rL0,params_lLegPt.rL1,params_lLegPt.rL2,params_lLegPt.x1,params_lLegPt.y1,params_sLegPt.rA1,params_sLegPt.rL0,params_sLegPt.rL1,params_sLegPt.rL2,params_sLegPt.x1,params_sLegPt.y1,user_attrs_prune,system_attrs_auto:sampler,state
386,386,6.0,2026-04-21 16:41:42.950134,2026-04-21 16:41:43.067295,0 days 00:00:00.117161,-80.0,100.0,32.00563057639626,48.031276764256965,108.63067009260014,20.956907572182864,-71.26122764630769,96.72305557263218,39.375869601178145,58.404657686087916,-3.816435826095784,92.94675907128044,Unfeasible shape,GPSampler,PRUNED
387,387,6.0,2026-04-21 16:41:43.209019,2026-04-21 16:41:43.594628,0 days 00:00:00.385609,-80.0,100.0,32.07511730280154,47.99593948141653,108.7615689346027,20.922724178773265,-71.28648417868366,96.69210157205256,39.46501379023246,58.39718164806585,-3.9560395263881567,92.98827183289411,Unfeasible shape,GPSampler,PRUNED
388,388,6.0,2026-04-21 16:41:43.729689,2026-04-21 16:41:43.834571,0 days 00:00:00.104882,-80.0,100.0,32.17137833455431,47.87052647767443,108.33913317583735,20.82786225150138,-71.44532604123843,96.62004168285857,39.633811407973866,58.20300531870922,-3.926720146842488,92.9715661528947,Unfeasible shape,GPSampler,PRUNED
389,389,6.0,2026-04-21 16:41:43.973831,2026-04-21 16:41:44.101045,0 days 00:00:00.127214,-80.0,100.0,32.447601152268106,48.04209367180919,108.53187294384115,20.628726397476356,-71.23125047291174,96.38484424400457,39.71399347953118,58.12968090370494,-3.897044041921177,93.02066859134443,Unfeasible shape,GPSampler,PRUNED
390,390,6.0,2026-04-21 16:41:44.248896,2026-04-21 16:41:44.423972,0 days 00:00:00.175076,-80.0,100.0,32.17793804589984,48.008893906288165,108.70217700076319,20.888011953388542,-71.28674349885482,96.49911477407444,39.48507601486226,58.49422355469525,-3.8861847397855698,92.99682902089232,Unfeasible shape,GPSampler,PRUNED
391,391,6.0,2026-04-21 16:41:44.628828,2026-04-21 16:41:44.833983,0 days 00:00:00.205155,-80.0,100.0,31.894925381639744,47.968889542012,108.79003051537238,20.939158653425224,-71.32266296826361,96.72553469271327,39.3498990432799,58.40192287429208,-3.9715377959384703,93.0345785670896,Unfeasible shape,GPSampler,PRUNED
392,392,6.0,2026-04-21 16:41:45.093436,2026-04-21 16:41:45.552644,0 days 00:00:00.459208,-80.0,100.0,32.061844501223035,48.01634476277443,108.70535894353692,20.828386501813334,-71.20945731467168,96.67676549266527,39.39301406271045,58.27887340547317,-3.9661929142850134,92.9848925206423,Unfeasible shape,GPSampler,PRUNED
393,393,6.0,2026-04-21 16:41:45.713566,2026-04-21 16:41:45.815244,0 days 00:00:00.101678,-80.0,100.0,32.07554344387251,48.041344898976895,108.74143598848067,20.94017414977204,-71.32712612799268,96.69673918283232,39.434670421652726,58.35409332604198,-3.944547652921198,92.98547109916984,Unfeasible shape,GPSampler,PRUNED
394,394,6.0,2026-04-21 16:41:45.948809,2026-04-21 16:41:46.073263,0 days 00:00:00.124454,-80.0,100.0,32.35404119301232,48.3670234478041,108.89403986924914,21.130058531416104,-71.45186047031953,96.54972291879811,39.599050955054246,58.25145497327707,-4.054750392275306,92.92799456884056,Unfeasible shape,GPSampler,PRUNED
395,395,6.0,2026-04-21 16:41:46.225380,2026-04-21 16:41:46.346677,0 days 00:00:00.121297,-80.0,100.0,32.063525566074986,48.02151536217183,108.7335513908816,20.81645280889154,-71.27880180108548,96.66525170979794,39.49379343576932,58.35886617648091,-3.9074469302829407,92.99714837541379,Unfeasible shape,GPSampler,PRUNED
396,396,6.0,2026-04-21 16:41:46.488854,2026-04-21 16:41:46.996628,0 days 00:00:00.507774,-80.0,100.0,31.930558971117033,48.016788603244045,108.56406445757075,20.896110721084135,-71.34402500047159,96.44994964989067,39.281909877293415,58.23435277343897,-3.939989448531019,92.97598968406571,Unfeasible shape,GPSampler,PRUNED
397,397,6.0,2026-04-21 16:41:47.127814,2026-04-21 16:41:47.266577,0 days 00:00:00.138763,-80.0,100.0,32.000441725637884,48.14052144651989,108.86814584935495,20.731916891501648,-71.19515539164976,96.65120296095462,39.283025523360365,58.414634769637175,-4.07190792799193,92.98406943007966,Unfeasible shape,GPSampler,PRUNED
398,398,6.0,2026-04-21 16:41:47.406443,2026-04-21 16:41:47.954372,0 days 00:00:00.547929,-80.0,100.0,32.08323159005009,47.967165797188926,108.94880127467103,21.074715854137466,-71.22744502628449,96.72050804242693,39.35396458574197,58.08083031343057,-4.0556890253801186,92.93243969864089,Unfeasible shape,GPSampler,PRUNED
399,399,6.0,2026-04-21 16:41:48.082729,2026-04-21 16:41:48.183560,0 days 00:00:00.100831,-80.0,100.0,31.98652048013827,48.08315839232078,108.70367674537037,20.983558525123463,-71.2797035854809,96.67070894987489,39.451586915808726,58.36431923745356,-3.968840557900318,92.9794833939816,Unfeasible shape,GPSampler,PRUNED
400,400,6.0,2026-04-21 16:41:48.332328,2026-04-21 16:41:48.460257,0 days 00:00:00.127929,-80.0,100.0,32.06398628695156,47.81683560053167,108.73992452886384,20.751809776365903,-71.31207922902169,96.75881344508612,39.527641358281755,58.40665389066651,-3.9704805161833754,93.0094393736495,Unfeasible shape,GPSampler,PRUNED
401,401,6.0,2026-04-21 16:41:48.588940,2026-04-21 16:41:49.215281,0 days 00:00:00.626341,-80.0,100.0,32.19026415065953,47.996004713967984,108.57232309866363,20.872701134939128,-71.23695418200272,96.6696712458159,39.567752967827545,58.321671397482156,-3.8913310788524385,92.9903264979061,Unfeasible shape,GPSampler,PRUNED
402,402,6.0,2026-04-21 16:41:49.362862,2026-04-21 16:41:49.772483,0 days 00:00:00.409621,-80.0,100.0,32.016739457891106,48.01091762507497,108.7912048606164,20.92824480640435,-71.25734081856955,96.60226702094036,39.39425632602877,58.33100429584183,-3.8171719639307256,92.88063775877117,Unfeasible shape,GPSampler,PRUNED
403,403,6.0,2026-04-21 16:41:49.912407,2026-04-21 16:41:50.147820,0 days 00:00:00.235413,-80.0,100.0,32.068037810612935,47.93975738678588,108.73008167375924,20.99191909445578,-71.3250326148209,96.69716498338096,39.44184554149054,58.43058038760331,-3.8358079901385373,92.91148588126273,Unfeasible shape,GPSampler,PRUNED
404,404,6.0,2026-04-21 16:41:50.287792,2026-04-21 16:41:50.610381,0 days 00:00:00.322589,-80.0,100.0,32.29786070092679,48.119602242283406,108.57591681319205,20.700494723065404,-71.20868325137116,96.51077898024027,39.57292610312383,58.35484231961258,-3.9338644767224658,93.0559912240833,Unfeasible shape,GPSampler,PRUNED
405,405,6.0,2026-04-21 16:41:50.743013,2026-04-21 16:41:50.931139,0 days 00:00:00.188126,-80.0,100.0,32.22374635709206,48.012296799785695,108.87961672228175,20.76568875024217,-71.29235468336576,96.64201805973971,39.5930545698172,58.480266895355165,-3.9438061554301385,93.03900258470995,Unfeasible shape,GPSampler,PRUNED
406,406,6.0,2026-04-21 16:41:51.074080,2026-04-21 16:41:51.470588,0 days 00:00:00.396508,-80.0,100.0,31.99801501320781,47.943072241815315,108.73546084420684,20.961527576588978,-71.28804431948639,96.71232060241393,39.358877995339796,58.27322123298156,-3.9196242130770216,92.96419209044589,Unfeasible shape,GPSampler,PRUNED
407,407,6.0,2026-04-21 16:41:51.611876,2026-04-21 16:41:51.773866,0 days 00:00:00.161990,-80.0,100.0,32.087170083596035,47.91095661316372,108.58956589920204,20.732097761882457,-71.21265365948459,96.76329273326061,39.55287015558732,58.34936228703652,-4.000605305586696,93.04427293789789,Unfeasible shape,GPSampler,PRUNED
408,408,6.0,2026-04-21 16:41:51.904883,2026-04-21 16:41:51.999310,0 days 00:00:00.094427,-80.0,100.0,32.00336441089175,47.99630447356897,108.73680868996892,20.950945210061562,-71.31241089576734,96.72158702748139,39.38333772393463,58.33479284103424,-3.8907193042196297,92.94899314612044,Unfeasible shape,GPSampler,PRUNED
409,409,6.0,2026-04-21 16:41:52.132974,2026-04-21 16:41:52.261286,0 days 00:00:00.128312,-80.0,100.0,32.30189998578478,48.05892169039098,108.72975381542858,20.77219853870306,-71.26214445420247,96.64226027045557,39.39535793114717,58.39695553423772,-3.874443024590736,92.9985704695932,Unfeasible shape,GPSampler,PRUNED
410,410,6.0,2026-04-21 16:41:52.410667,2026-04-21 16:41:52.665869,0 days 00:00:00.255202,-80.0,100.0,32.11796997884473,47.92968757626718,108.74061302471675,20.858989986059683,-71.26711280302037,96.65546434623413,39.42349769389357,58.41135151883392,-3.877340561521006,93.00015468937976,Unfeasible shape,GPSampler,PRUNED
411,411,6.0,2026-04-21 16:41:52.936451,2026-04-21 16:41:53.538239,0 days 00:00:00.601788,-80.0,100.0,32.112103402405324,48.24428055376852,108.91421053908248,20.896410263178588,-71.22582219727241,96.55331661671161,39.33987734657669,57.91411612330323,-4.031558919168237,93.04668780274336,Unfeasible shape,GPSampler,PRUNED
412,412,6.0,2026-04-21 16:41:53.674898,2026-04-21 16:41:53.981357,0 days 00:00:00.306459,-80.0,100.0,32.112652262877056,47.855316294851406,108.62414789022975,20.862483931702876,-71.21163006767524,96.74027169593434,39.53533117690304,58.33350585095931,-3.820398300919603,93.00121605428924,Unfeasible shape,GPSampler,PRUNED
413,413,6.0,2026-04-21 16:41:54.113270,2026-04-21 16:41:54.204560,0 days 00:00:00.091290,-80.0,100.0,32.09852411315714,48.11108247456819,108.72816118334198,20.88151196902416,-71.31754793276895,96.5804276440022,39.482313442953476,58.356267011513054,-3.8675382394287148,93.06202136839873,Unfeasible shape,GPSampler,PRUNED
414,414,6.0,2026-04-21 16:41:54.338430,2026-04-21 16:41:54.473255,0 days 00:00:00.134825,-80.0,100.0,32.10479193327113,47.98554174011087,108.85077368316712,20.908337947242764,-71.2939834186949,96.63236328898557,39.44622498457579,58.361959077194,-3.8891835068102445,92.99217254753374,Unfeasible shape,GPSampler,PRUNED
415,415,6.0,2026-04-21 16:41:54.619290,2026-04-21 16:41:54.751329,0 days 00:00:00.132039,-80.0,100.0,32.08219833482353,48.11799520605128,108.62655021065548,20.82414369592629,-71.31991462511584,96.62502517900991,39.46962550891577,58.26320159226841,-4.050986973235993,93.03153972640186,Unfeasible shape,GPSampler,PRUNED
416,416,6.0,2026-04-21 16:41:54.881047,2026-04-21 16:41:54.995812,0 days 00:00:00.114765,-80.0,100.0,32.00948221644062,47.9747152047423,108.78990939304119,20.98775822196341,-71.33074139736026,96.7373747863093,39.405102476507786,58.35532173885712,-3.758062457403561,92.9668817948948,Unfeasible shape,GPSampler,PRUNED
417,417,6.0,2026-04-21 16:41:55.139131,2026-04-21 16:41:55.269681,0 days 00:00:00.130550,-80.0,100.0,32.114685126862106,48.01802598799449,108.70422599625644,20.90455821470961,-71.292859901103,96.66188644324583,39.37057871606698,58.41444986796553,-3.8868893116479626,92.98293375745232,Unfeasible shape,GPSampler,PRUNED
418,418,6.0,2026-04-21 16:41:55.414730,2026-04-21 16:41:55.682868,0 days 00:00:00.268138,-80.0,100.0,32.33881828150034,47.76890318962855,108.61265156536362,20.760077431671526,-71.28624228683606,96.54153576526319,39.62538589046811,58.29974989426045,-4.01200635472259,93.02183325212386,Unfeasible shape,GPSampler,PRUNED
419,419,6.0,2026-04-21 16:41:55.819492,2026-04-21 16:41:55.935194,0 days 00:00:00.115702,-80.0,100.0,31.863785249934075,47.93524785127054,108.78140849578361,20.82831895975785,-71.28818555845451,96.7397674405352,39.52918223973616,58.23826894176727,-4.037822345144228,92.94723995810736,Unfeasible shape,GPSampler,PRUNED
420,420,6.0,2026-04-21 16:41:56.081341,2026-04-21 16:41:56.317315,0 days 00:00:00.235974,-80.0,100.0,32.37050095320318,48.00558164627789,108.61042553502384,20.774872294150292,-71.32421443717632,96.5823477660835,39.53506130138536,58.40220512198656,-3.8176490085290737,93.0103524562629,Unfeasible shape,GPSampler,PRUNED
421,421,6.0,2026-04-21 16:41:56.452717,2026-04-21 16:41:56.634960,0 days 00:00:00.182243,-80.0,100.0,32.19567718197884,47.96749971857351,108.66097718151485,20.811968027826268,-71.20491772388438,96.66447411481928,39.397557148474924,58.30090409294806,-4.054874786319612,92.96079058767799,Unfeasible shape,GPSampler,PRUNED
422,422,6.0,2026-04-21 16:41:56.764481,2026-04-21 16:41:56.877284,0 days 00:00:00.112803,-80.0,100.0,31.9916425764509,48.0386061818987,108.76029565062191,20.888891071361286,-71.28157297841794,96.66273818087315,39.43342225727599,58.327464176215486,-3.8554597519875173,92.93317829261136,Unfeasible shape,GPSampler,PRUNED
423,423,6.0,2026-04-21 16:41:57.009288,2026-04-21 16:41:57.101204,0 days 00:00:00.091916,-80.0,100.0,32.17683951025815,47.93269998797501,108.6794511416534,21.007621081696605,-71.34547177293732,96.55578848224644,39.53674558482486,58.43044127093664,-3.901765181449072,92.96110480046003,Unfeasible shape,GPSampler,PRUNED
424,424,6.0,2026-04-21 16:41:57.223248,2026-04-21 16:41:57.476424,0 days 00:00:00.253176,-80.0,100.0,32.41394789157164,48.213677845181195,108.59673898697683,20.925781576797775,-71.30635524706896,96.66267362186392,39.60063377036621,58.308319517541555,-3.9667134754815443,92.9740426560683,Unfeasible shape,GPSampler,PRUNED
425,425,6.0,2026-04-21 16:41:57.606440,2026-04-21 16:41:57.784976,0 days 00:00:00.178536,-80.0,100.0,32.187998356194754,47.981921134886505,108.83560966019789,21.075466137649244,-71.28136456788377,96.71211037500395,39.53308973448622,58.42290158040769,-3.8823790983792676,92.96552128355206,Unfeasible shape,GPSampler,PRUNED
426,426,6.0,2026-04-21 16:41:57.926698,2026-04-21 16:41:58.021406,0 days 00:00:00.094708,-80.0,100.0,31.95853263427641,47.86484675606835,108.88408470728824,20.84714146251588,-71.2834475763675,96.81309650107808,39.38626846569716,58.47102426888598,-3.8614817594566198,92.89202561755344,Unfeasible shape,GPSampler,PRUNED
427,427,6.0,2026-04-21 16:41:58.163024,2026-04-21 16:41:58.407672,0 days 00:00:00.244648,-80.0,100.0,32.51326519587447,47.98518389073199,108.41858689984647,20.626744007957306,-71.23663930704167,96.41774628988193,39.63454099129601,58.3819923664175,-3.93712737550279,93.12186351987826,Unfeasible shape,GPSampler,PRUNED
428,428,6.0,2026-04-21 16:41:58.540465,2026-04-21 16:41:58.625770,0 days 00:00:00.085305,-80.0,100.0,32.19104396095045,48.068351715607584,108.66308495091653,20.803194893015814,-71.26749359221796,96.58030236901281,39.497454620055834,58.2940372355664,-3.9212215906981136,92.98694278183929,Unfeasible shape,GPSampler,PRUNED
429,429,6.0,2026-04-21 16:41:58.764234,2026-04-21 16:41:58.847956,0 days 00:00:00.083722,-80.0,100.0,32.07517973774243,48.00217269123198,108.77357466363867,21.022030725859857,-71.29113310489019,96.7442865815779,39.41176365920212,58.278127710505075,-3.952206750822196,93.04610142009031,Unfeasible shape,GPSampler,PRUNED
430,430,6.0,2026-04-21 16:41:58.976751,2026-04-21 16:41:59.127393,0 days 00:00:00.150642,-80.0,100.0,32.10954325237591,48.072554024367676,108.73535557604356,20.89607952640739,-71.30502527174836,96.70262069906823,39.425397655075,58.352754159697746,-3.9553608278333243,93.00271099346206,Unfeasible shape,GPSampler,PRUNED
431,431,6.0,2026-04-21 16:41:59.278523,2026-04-21 16:41:59.382146,0 days 00:00:00.103623,-80.0,100.0,32.10963542010889,48.091657440341635,108.82381981215987,20.823882059520884,-71.32840476278665,96.71635522279911,39.52612254731068,58.32430055076468,-3.940286943559805,92.96885194329293,Unfeasible shape,GPSampler,PRUNED
432,432,6.0,2026-04-21 16:41:59.532540,2026-04-21 16:41:59.767090,0 days 00:00:00.234550,-80.0,100.0,32.54172502805482,47.89195861848119,108.61674342366162,20.789617193009953,-71.27266535408476,96.58985605686038,39.7153696630421,58.27418859216953,-3.7988442643047122,92.93653129484254,Unfeasible shape,GPSampler,PRUNED
433,433,6.0,2026-04-21 16:41:59.899370,2026-04-21 16:42:00.063402,0 days 00:00:00.164032,-80.0,100.0,32.08549420324336,48.054216137775406,108.70890117974226,20.863251719183992,-71.30470928146207,96.57758099275502,39.49273891958735,58.4655413919272,-3.9249962067546385,93.03017289314585,Unfeasible shape,GPSampler,PRUNED
434,434,6.0,2026-04-21 16:42:00.189544,2026-04-21 16:42:00.313475,0 days 00:00:00.123931,-80.0,100.0,32.42783645641697,48.06363411328894,108.65380683915521,20.675110732302308,-71.2266731174668,96.47981279032133,39.53879149141831,58.33467477395544,-3.9200223843303625,92.9877522212499,Unfeasible shape,GPSampler,PRUNED
435,435,6.0,2026-04-21 16:42:00.456147,2026-04-21 16:42:00.825673,0 days 00:00:00.369526,-80.0,100.0,32.01301522343826,48.0816823191389,108.77108339154847,20.899159897616002,-71.17984510852958,96.69362499607571,39.32555949257585,58.42142913668297,-3.8456108547070755,92.91421963836156,Unfeasible shape,GPSampler,PRUNED
436,436,6.0,2026-04-21 16:42:00.966735,2026-04-21 16:42:01.100731,0 days 00:00:00.133996,-80.0,100.0,31.87234180191644,48.21019392133237,108.95684975996659,20.941754700683056,-71.30554122689179,96.77601991762496,39.294238509837825,58.185162775949365,-4.062965078949755,92.93729583988625,Unfeasible shape,GPSampler,PRUNED
437,437,6.0,2026-04-21 16:42:01.244415,2026-04-21 16:42:01.328387,0 days 00:00:00.083972,-80.0,100.0,32.249681162081096,47.98511167254785,108.39802913726984,20.613917817390735,-71.3048197074632,96.5462298489909,39.53741211982702,58.2717683430375,-3.8522623189128815,92.99548736144094,Unfeasible shape,GPSampler,PRUNED
438,438,6.0,2026-04-21 16:42:01.449557,2026-04-21 16:42:01.521551,0 days 00:00:00.071994,-80.0,100.0,31.910234746689927,48.02739283723953,108.92774078705435,20.975559547708293,-71.31948687234208,96.68568048289411,39.24072515800185,58.359960982581036,-3.8950211966519426,92.9462772410604,Unfeasible shape,GPSampler,PRUNED
439,439,6.0,2026-04-21 16:42:01.645366,2026-04-21 16:42:01.720569,0 days 00:00:00.075203,-80.0,100.0,32.126703544852745,47.98208348181468,108.76327876602035,20.930294831645803,-71.22965750915614,96.74563105082719,39.47104276177685,58.24519945115661,-3.87164439678169,92.98493726806927,Unfeasible shape,GPSampler,PRUNED
440,440,6.0,2026-04-21 16:42:01.839288,2026-04-21 16:42:01.915543,0 days 00:00:00.076255,-80.0,100.0,32.15447567934512,48.07608705226951,108.6347901448635,20.869710714245613,-71.2849148601156,96.58445398011874,39.52328174397981,58.43791280997182,-3.85106401449546,93.02152220761975,Unfeasible shape,GPSampler,PRUNED
441,441,6.0,2026-04-21 16:42:02.043514,2026-04-21 16:42:02.164551,0 days 00:00:00.121037,-80.0,100.0,32.10357592653635,48.034314220000404,108.80364175253953,20.956667778714824,-71.33470037763531,96.71607685445349,39.42812087130595,58.449306641126036,-3.8498552163205666,93.03254655472658,Unfeasible shape,GPSampler,PRUNED
442,442,6.0,2026-04-21 16:42:02.301090,2026-04-21 16:42:02.419325,0 days 00:00:00.118235,-80.0,100.0,32.195970365854194,48.07557761537645,108.71490492149279,20.734220447662246,-71.25148848446946,96.60850787212841,39.630984828974235,58.168957101539405,-4.085020829155212,93.01753437391686,Unfeasible shape,GPSampler,PRUNED
443,443,6.0,2026-04-21 16:42:02.559441,2026-04-21 16:42:02.985871,0 days 00:00:00.426430,-80.0,100.0,32.135024834537425,48.01028854684355,108.97000937761678,20.81732887756432,-71.34589289950202,96.73118976830433,39.542189800916084,58.43366082257834,-3.9957704352920373,92.98556328852352,Unfeasible shape,GPSampler,PRUNED
444,444,6.0,2026-04-21 16:42:03.115023,2026-04-21 16:42:03.204296,0 days 00:00:00.089273,-80.0,100.0,32.257385718544484,48.0300780907288,108.82554500804859,20.925050792571042,-71.29973212494534,96.70883159597442,39.31296029577829,58.48182450250034,-3.895438031299989,92.99271621916022,Unfeasible shape,GPSampler,PRUNED
445,445,6.0,2026-04-21 16:42:03.365653,2026-04-21 16:42:03.493744,0 days 00:00:00.128091,-80.0,100.0,31.97177603194025,47.89389330774764,108.81295985490036,21.10516493888668,-71.33897119907992,96.7846511709673,39.39961954327393,58.53215512617368,-3.8523533569798154,92.9616629791952,Unfeasible shape,GPSampler,PRUNED
446,446,6.0,2026-04-21 16:42:03.662583,2026-04-21 16:42:03.774209,0 days 00:00:00.111626,-80.0,100.0,32.14076234591322,48.193831788743765,108.62728442047275,20.87120547801237,-71.3041672163432,96.59898840435069,39.45677132777561,58.53673242048949,-3.9788865870015755,93.04018441372182,Unfeasible shape,GPSampler,PRUNED
447,447,6.0,2026-04-21 16:42:03.961290,2026-04-21 16:42:04.037367,0 days 00:00:00.076077,-80.0,100.0,32.25990816733511,47.980792405964806,108.68736742742212,20.835494833375428,-71.25275345931439,96.48695728274055,39.370160626646445,58.529493248481835,-3.8985205604916118,93.02752500314315,Unfeasible shape,GPSampler,PRUNED
448,448,6.0,2026-04-21 16:42:04.159430,2026-04-21 16:42:04.236778,0 days 00:00:00.077348,-80.0,100.0,32.30583906987631,48.121224849936624,108.54202838224656,21.078160661251964,-71.29651243443517,96.75074562511635,39.62303555322845,58.57909728667522,-3.974405478447615,93.0292046591924,Unfeasible shape,GPSampler,PRUNED
449,449,6.0,2026-04-21 16:42:04.357603,2026-04-21 16:42:04.431614,0 days 00:00:00.074011,-80.0,100.0,32.143297516666536,47.89832743926964,108.63448955493166,20.70982060899066,-71.180206203939,96.49619436678844,39.52739003355027,58.453782767354156,-3.9545932989911172,92.99397037277443,Unfeasible shape,GPSampler,PRUNED
450,450,6.0,2026-04-21 16:42:04.561020,2026-04-21 16:42:04.675123,0 days 00:00:00.114103,-80.0,100.0,32.258276806003174,48.094946330274645,108.73225083118975,20.737236986902055,-71.24426422907165,96.5710677965673,39.5072819843551,58.30519775113572,-3.9666177421520743,93.0441325241182,Unfeasible shape,GPSampler,PRUNED
451,451,6.0,2026-04-21 16:42:04.799195,2026-04-21 16:42:04.931468,0 days 00:00:00.132273,-80.0,100.0,32.06978411228986,48.052819731539316,108.87611690784514,20.91796310740721,-71.31481344829486,96.69476459477336,39.413178098200476,58.42504037252481,-3.947496077495387,93.10286944204964,Unfeasible shape,GPSampler,PRUNED
452,452,6.0,2026-04-21 16:42:05.071250,2026-04-21 16:42:05.161232,0 days 00:00:00.089982,-80.0,100.0,32.05229251764314,48.104773771185464,108.91642992192257,20.82182432378837,-71.26210018836706,96.66484951565653,39.379786835057224,58.42500172581422,-4.040187392811831,93.07343339451843,Unfeasible shape,GPSampler,PRUNED
