,number,value,datetime_start,datetime_complete,duration,params_lLegPt.rA1,params_lLegPt.rL0,params_lLegPt.rL1,params_lLegPt.rL2,params_lLegPt.x1,params_lLegPt.y1,params_sLegPt.rA1,params_sLegPt.rL0,params_sLegPt.rL1,params_sLegPt.rL2,params_sLegPt.x1,params_sLegPt.y1,user_attrs_prune,system_attrs_auto:sampler,state
185,185,6.0,2026-04-21 16:40:22.647060,2026-04-21 16:40:22.747472,0 days 00:00:00.100412,-58.06832792156401,55.83839209974393,39.230153756812896,77.04800451730651,-2.1766090851697104,-9.562609425534909,-30.179508781959584,69.85520833614089,27.843320944771584,59.137957006949684,36.35594419462818,76.23859623991018,Unfeasible shape,GPSampler,PRUNED
186,186,6.0,2026-04-21 16:40:22.897300,2026-04-21 16:40:22.983015,0 days 00:00:00.085715,-63.990694858007416,49.85972301598335,94.10667092186229,33.48280802908383,88.37895453858259,51.91302937009843,-30.62442229143008,85.13230051327744,84.10430467473573,97.81055721701391,26.449938524237822,68.45296852028032,Unfeasible shape,GPSampler,PRUNED
187,187,6.0,2026-04-21 16:40:23.133309,2026-04-21 16:40:23.187112,0 days 00:00:00.053803,-35.637096907057874,83.9388262336169,20.241159956675162,54.50412472272957,16.19628813497423,29.545942158019237,-26.290788931490624,69.67480163125474,60.24135918199559,83.22080217318661,6.682809815475231,79.78821393872902,Unfeasible shape,GPSampler,PRUNED
188,188,6.0,2026-04-21 16:40:23.322314,2026-04-21 16:40:23.377256,0 days 00:00:00.054942,-33.097672331065276,36.76816585468268,35.755499761429434,46.56109679792101,32.083559425257725,-8.726329437412197,-29.049841144686432,87.58254073141109,85.34052819864324,30.91716459003845,34.84981212889913,-2.2842445646784224,Unfeasible shape,GPSampler,PRUNED
189,189,6.0,2026-04-21 16:40:23.558155,2026-04-21 16:40:23.623870,0 days 00:00:00.065715,-45.77355982378571,34.23000361359251,31.574100129158314,75.28786530868929,47.071718647684364,53.63094680810886,-74.45868448459184,22.367492349014213,84.4908714154357,14.275385267579338,-21.732897299000015,32.151708216614985,Unfeasible shape,GPSampler,PRUNED
190,190,0.0017935518832707942,2026-04-21 16:40:23.769355,2026-04-21 16:40:32.912519,0 days 00:00:09.143164,-25.109806940230854,62.122570557233274,49.39908602597789,14.64285279132934,57.905687759456754,58.3942879888305,-76.99068089221865,96.80755413605746,66.18585928956654,97.46661251075784,35.65181859581304,103.46000242599523,,GPSampler,COMPLETE
191,191,6.0,2026-04-21 16:40:34.131194,2026-04-21 16:40:34.227185,0 days 00:00:00.095991,-52.24294154773818,18.688173952552603,64.9961598437556,38.113461653465734,101.2262484823669,56.0831836740297,-44.41673682432118,24.461468360767803,98.4281967838419,27.507942023232243,-7.098402808325549,76.22853840465443,Unfeasible shape,GPSampler,PRUNED
192,192,6.0,2026-04-21 16:40:34.374968,2026-04-21 16:40:34.470046,0 days 00:00:00.095078,-20.999495989529336,94.443897285932,79.92724572211664,78.00260129160938,23.71301707209375,5.989058847547014,-74.97013936123324,98.65646668563953,68.18232050114057,43.5506253523107,34.859019365138394,-5.90376574903906,Unfeasible shape,GPSampler,PRUNED
193,193,0.0167649869763693,2026-04-21 16:40:34.612501,2026-04-21 16:40:43.752508,0 days 00:00:09.140007,-52.975700649624216,64.94617661779367,20.18673678224473,32.040377354802246,66.56434751440935,19.855849105379953,-50.102083050438516,59.2424833924001,73.85069083801257,11.817773570910731,34.474087913553134,41.36525993000537,,GPSampler,COMPLETE
194,194,6.0,2026-04-21 16:40:44.922727,2026-04-21 16:40:45.234800,0 days 00:00:00.312073,-80.0,100.0,32.12463020933835,48.01770330734189,108.54849212089174,20.852099466810692,-71.24676060084533,96.56146816009039,39.57126462632944,58.351634816946174,-4.065768491100815,93.02664854952914,Unfeasible shape,GPSampler,PRUNED
195,195,6.0,2026-04-21 16:40:45.438845,2026-04-21 16:40:45.531945,0 days 00:00:00.093100,-80.0,100.0,31.93001864645498,47.97065880813372,108.83393917880663,21.016455955091857,-71.33505657862176,96.76050236257568,39.35208961505987,58.38973652317079,-3.891339700005414,92.96589088320094,Unfeasible shape,GPSampler,PRUNED
196,196,6.0,2026-04-21 16:40:45.649702,2026-04-21 16:40:45.807885,0 days 00:00:00.158183,-80.0,100.0,31.91768401024075,48.00920112000735,108.8231577646624,21.007732996452106,-71.32214640548182,96.5737519629728,39.36800716475585,58.52068945311433,-3.8442991390897774,92.90171362912533,Unfeasible shape,GPSampler,PRUNED
197,197,6.0,2026-04-21 16:40:45.943259,2026-04-21 16:40:46.123764,0 days 00:00:00.180505,-80.0,100.0,32.144136558637186,48.00853881971902,108.55908958615665,20.816349459464924,-71.21851569760936,96.48920074249004,39.54737165815264,58.44425923818662,-3.8513290067290527,93.0203689196222,Unfeasible shape,GPSampler,PRUNED
198,198,6.0,2026-04-21 16:40:46.257750,2026-04-21 16:40:46.521307,0 days 00:00:00.263557,-80.0,100.0,32.10019488507471,47.90379241743843,108.56307878010215,20.763924777880682,-71.25680557308962,96.59077778505528,39.61065058677195,58.36576431805399,-3.8272261860068575,93.01895571011208,Unfeasible shape,GPSampler,PRUNED
199,199,6.0,2026-04-21 16:40:46.657868,2026-04-21 16:40:46.747653,0 days 00:00:00.089785,-80.0,100.0,32.11507469199132,48.03017291140419,108.77447468868826,20.83723527524939,-71.23410439639437,96.57177586007019,39.23768822853815,58.36889124167697,-3.9238525474018893,93.04053769984343,Unfeasible shape,GPSampler,PRUNED
200,200,6.0,2026-04-21 16:40:46.867847,2026-04-21 16:40:46.983946,0 days 00:00:00.116099,-80.0,100.0,32.20179049176981,47.784657426544534,108.48685999068643,20.991849936412947,-71.23923333693828,96.60593585810848,39.56997962368381,58.33447021914234,-3.866940440677901,92.98543299389785,Unfeasible shape,GPSampler,PRUNED
201,201,6.0,2026-04-21 16:40:47.099961,2026-04-21 16:40:47.289825,0 days 00:00:00.189864,-80.0,100.0,32.05295822356003,48.13365318110087,108.91747242740057,20.930547899497505,-71.28335586721818,96.67056808506538,39.40275032371205,58.38008307931288,-4.068720837006346,93.04797464785601,Unfeasible shape,GPSampler,PRUNED
202,202,6.0,2026-04-21 16:40:47.418181,2026-04-21 16:40:47.591721,0 days 00:00:00.173540,-80.0,100.0,32.24444940560577,48.01591102333947,108.67446544296675,20.786579673251822,-71.26761007148164,96.65380752776493,39.576354786902876,58.336102163517566,-3.9161546482491367,93.05126459376375,Unfeasible shape,GPSampler,PRUNED
203,203,6.0,2026-04-21 16:40:47.721948,2026-04-21 16:40:47.812446,0 days 00:00:00.090498,-80.0,100.0,32.156362157027594,48.10889294842346,108.66485694367084,20.78390041269551,-71.24301214164934,96.62391921462772,39.575993993169995,58.336821554424894,-3.905824713045984,93.00650195915226,Unfeasible shape,GPSampler,PRUNED
204,204,6.0,2026-04-21 16:40:47.933903,2026-04-21 16:40:48.010392,0 days 00:00:00.076489,-80.0,100.0,32.06741937871662,48.05643744807068,108.68878274114896,20.962572697527563,-71.26954626092781,96.77143888146752,39.456030734088955,58.38810503083735,-3.8843119854288837,92.92587800371292,Unfeasible shape,GPSampler,PRUNED
205,205,6.0,2026-04-21 16:40:48.141799,2026-04-21 16:40:48.257010,0 days 00:00:00.115211,-80.0,100.0,32.05844005997664,48.04163115674508,108.6964744784655,20.902028765631357,-71.26493766369829,96.60228981416408,39.424000834981626,58.408911993788884,-3.932439021158622,92.98337512779109,Unfeasible shape,GPSampler,PRUNED
206,206,6.0,2026-04-21 16:40:48.387679,2026-04-21 16:40:48.545764,0 days 00:00:00.158085,-80.0,100.0,32.06203741757761,48.080362708343806,108.79427588411546,20.86115889053186,-71.29323810567129,96.67603762296477,39.439448452212666,58.33684353242322,-3.974873990060381,93.02390196809117,Unfeasible shape,GPSampler,PRUNED
207,207,6.0,2026-04-21 16:40:48.677508,2026-04-21 16:40:48.764937,0 days 00:00:00.087429,-80.0,100.0,32.11120571487148,47.999403030267324,108.65622238654632,21.00054439336286,-71.30747767103385,96.66605231650789,39.464489566775654,58.48282431381501,-3.8180222098745844,92.96190531464416,Unfeasible shape,GPSampler,PRUNED
208,208,6.0,2026-04-21 16:40:48.907935,2026-04-21 16:40:49.157687,0 days 00:00:00.249752,-80.0,100.0,32.16257047876656,47.88178394826725,108.62844860336229,20.69699953932551,-71.2994113421496,96.52860511652233,39.582950847925886,58.23588538454605,-3.8211598592910185,92.98192051934119,Unfeasible shape,GPSampler,PRUNED
209,209,6.0,2026-04-21 16:40:49.297852,2026-04-21 16:40:49.619701,0 days 00:00:00.321849,-80.0,100.0,32.04527133994709,48.00501037782361,108.72916719796461,20.92468024491417,-71.32120726337018,96.66929060313983,39.46129323980033,58.32116502890536,-3.9329015793160913,92.98698341283979,Unfeasible shape,GPSampler,PRUNED
210,210,6.0,2026-04-21 16:40:49.747773,2026-04-21 16:40:50.117937,0 days 00:00:00.370164,-80.0,100.0,32.26309776565293,47.950003857517544,108.5986735568649,20.606322281915084,-71.23942579966261,96.52220029966553,39.64434246060878,58.38382068237868,-3.963977895445069,93.04535386642054,Unfeasible shape,GPSampler,PRUNED
211,211,6.0,2026-04-21 16:40:50.319809,2026-04-21 16:40:50.443305,0 days 00:00:00.123496,-80.0,100.0,32.086805128922094,47.98460247496904,108.82935628295378,20.97821111919935,-71.38050268912703,96.76416081517918,39.519650490411735,58.38214323590802,-3.922679673892315,93.07060494005286,Unfeasible shape,GPSampler,PRUNED
212,212,6.0,2026-04-21 16:40:50.562841,2026-04-21 16:40:50.725216,0 days 00:00:00.162375,-80.0,100.0,32.100602002003825,48.11798994793733,108.86862513203737,20.720637194749003,-71.35411031490118,96.566361470798,39.39538123045002,58.351524334858674,-3.9692669363523976,92.92326872141963,Unfeasible shape,GPSampler,PRUNED
213,213,6.0,2026-04-21 16:40:50.848005,2026-04-21 16:40:50.933779,0 days 00:00:00.085774,-80.0,100.0,32.28833767067191,47.97105129756318,108.67984798959436,20.86986809920279,-71.20300710476354,96.5590207974975,39.52838059885391,58.45040944436192,-3.8228127285821145,92.99317279107586,Unfeasible shape,GPSampler,PRUNED
214,214,6.0,2026-04-21 16:40:51.053750,2026-04-21 16:40:51.185111,0 days 00:00:00.131361,-80.0,100.0,32.21536808749283,48.00040582558589,108.57343012904276,20.761018204727243,-71.17924552348039,96.4935223824763,39.657091162287585,58.33102821472993,-3.8302282517731996,92.94280851437804,Unfeasible shape,GPSampler,PRUNED
215,215,6.0,2026-04-21 16:40:51.307727,2026-04-21 16:40:51.415278,0 days 00:00:00.107551,-80.0,100.0,32.14173858987205,48.19207907548346,108.61688268496589,20.852435840297318,-71.34396258769695,96.64865320326496,39.45358865357902,58.28676291050537,-3.9180412477492297,92.99083429084105,Unfeasible shape,GPSampler,PRUNED
216,216,6.0,2026-04-21 16:40:51.557681,2026-04-21 16:40:51.647059,0 days 00:00:00.089378,-80.0,100.0,32.0879572174378,48.031222935539404,108.81074274948774,20.91446758872452,-71.31350906364494,96.6792377300973,39.4168497590273,58.411660037178265,-3.9166927463143253,93.0587345596083,Unfeasible shape,GPSampler,PRUNED
217,217,6.0,2026-04-21 16:40:51.767683,2026-04-21 16:40:51.948008,0 days 00:00:00.180325,-80.0,100.0,32.101765964154616,47.993335520344395,108.33189327572498,21.0497066345242,-71.32315941095877,96.67640383503286,39.32950092370044,58.4566828034003,-3.8665778034857112,92.9725062232715,Unfeasible shape,GPSampler,PRUNED
218,218,6.0,2026-04-21 16:40:52.078363,2026-04-21 16:40:52.177692,0 days 00:00:00.099329,-80.0,100.0,32.2170969684635,48.030018507275216,108.6796757528727,21.00625856452983,-71.25297884770475,96.6706864737035,39.4529271363682,58.42842867943305,-3.741381425979391,92.90764610850943,Unfeasible shape,GPSampler,PRUNED
219,219,6.0,2026-04-21 16:40:52.317953,2026-04-21 16:40:52.809487,0 days 00:00:00.491534,-80.0,100.0,32.114630652995544,47.96714634518911,108.79224735372001,20.908159803705935,-71.27417863236694,96.6206324122971,39.36015894781127,58.51139088645668,-3.882875395653702,93.01606661651884,Unfeasible shape,GPSampler,PRUNED
220,220,6.0,2026-04-21 16:40:52.933099,2026-04-21 16:40:53.082700,0 days 00:00:00.149601,-80.0,100.0,32.00337180803179,48.06593383718147,108.78084840390231,20.858092006196273,-71.26642246813347,96.75736235820888,39.46835402464943,58.34929884181249,-4.010427951349531,92.98971604315216,Unfeasible shape,GPSampler,PRUNED
221,221,6.0,2026-04-21 16:40:53.217730,2026-04-21 16:40:53.311048,0 days 00:00:00.093318,-80.0,100.0,32.23496528473754,48.05165942871962,108.53555131218135,20.841574649853527,-71.22469146203612,96.61849214509662,39.58390251251145,58.33458686624876,-3.9088904427781515,92.99686505270866,Unfeasible shape,GPSampler,PRUNED
222,222,6.0,2026-04-21 16:40:53.437672,2026-04-21 16:40:53.541865,0 days 00:00:00.104193,-80.0,100.0,32.0976692473843,47.965843613492446,108.72572914010392,20.846444701549885,-71.30423034521222,96.66399438963461,39.51325059744535,58.384181139791814,-3.890795263996786,92.98523767134607,Unfeasible shape,GPSampler,PRUNED
223,223,6.0,2026-04-21 16:40:53.680879,2026-04-21 16:40:53.854092,0 days 00:00:00.173213,-80.0,100.0,32.1575777850253,47.96949824320684,108.80643683317031,20.85312996533259,-71.33472234749146,96.61702969286199,39.534586141817044,58.41454610525391,-3.892735497366335,92.97650962107964,Unfeasible shape,GPSampler,PRUNED
224,224,6.0,2026-04-21 16:40:53.989401,2026-04-21 16:40:54.352073,0 days 00:00:00.362672,-80.0,100.0,32.176592762077746,48.05539763776362,108.79900749694215,20.748255014291367,-71.23546764305087,96.78976556920749,39.38602539231625,58.47180098134827,-3.993878751085216,93.00073085375186,Unfeasible shape,GPSampler,PRUNED
225,225,6.0,2026-04-21 16:40:54.509132,2026-04-21 16:40:54.665972,0 days 00:00:00.156840,-80.0,100.0,32.10813316846325,47.9426946157617,108.765276079081,20.832315861353173,-71.30399458393654,96.6101622189314,39.531235226684466,58.30951106531751,-3.9071216722171265,92.98952646810378,Unfeasible shape,GPSampler,PRUNED
226,226,6.0,2026-04-21 16:40:54.818750,2026-04-21 16:40:54.902520,0 days 00:00:00.083770,-80.0,100.0,32.01733442362337,48.03033094266914,108.6534400101325,20.730992466839986,-71.32653264676028,96.71084235744385,39.36997197298592,58.46100365539081,-3.8856601803010626,92.95869945773366,Unfeasible shape,GPSampler,PRUNED
227,227,6.0,2026-04-21 16:40:55.017749,2026-04-21 16:40:55.141647,0 days 00:00:00.123898,-80.0,100.0,31.917738838863414,48.17622634858458,108.88618199622253,20.807298332858466,-71.2483753974351,96.85249931585197,39.55681215686887,58.2836266945717,-4.004176472838548,92.903034636611,Unfeasible shape,GPSampler,PRUNED
228,228,6.0,2026-04-21 16:40:55.261772,2026-04-21 16:40:55.417136,0 days 00:00:00.155364,-80.0,100.0,32.05944585065658,47.99612196416374,108.6877177926926,20.87704571417914,-71.25958390679297,96.6478839135181,39.42059680431684,58.39788448538368,-3.905997359261285,92.99119669281521,Unfeasible shape,GPSampler,PRUNED
229,229,6.0,2026-04-21 16:40:55.568108,2026-04-21 16:40:55.691880,0 days 00:00:00.123772,-80.0,100.0,32.168102626629334,47.92998868868836,108.63856053058723,20.716120996818148,-71.23752165952396,96.63061485682611,39.55955692501889,58.3249433674754,-3.862378610423651,92.96862574109473,Unfeasible shape,GPSampler,PRUNED
230,230,6.0,2026-04-21 16:40:55.832957,2026-04-21 16:40:55.945528,0 days 00:00:00.112571,-80.0,100.0,32.06679842433175,48.01554271276975,108.69460481317883,20.874965684467746,-71.30836793208348,96.7134107772278,39.448765437505585,58.29960466427759,-3.988866697737013,92.97311667842908,Unfeasible shape,GPSampler,PRUNED
231,231,6.0,2026-04-21 16:40:56.087973,2026-04-21 16:40:56.169717,0 days 00:00:00.081744,-80.0,100.0,32.12155406996934,48.16791250418574,108.68852900283544,20.874692907391754,-71.18859592079062,96.5816844744604,39.52893507418351,58.298166925465694,-3.8761762912576536,92.94996428242499,Unfeasible shape,GPSampler,PRUNED
232,232,6.0,2026-04-21 16:40:56.309575,2026-04-21 16:40:56.489654,0 days 00:00:00.180079,-80.0,100.0,32.22477611503368,48.020550091869815,108.65908424992755,20.79147841077566,-71.24878500979882,96.58913687470317,39.39769162897572,58.45849872536296,-3.977201220430583,92.96309829549628,Unfeasible shape,GPSampler,PRUNED
233,233,6.0,2026-04-21 16:40:56.605294,2026-04-21 16:40:56.745718,0 days 00:00:00.140424,-80.0,100.0,31.958436590343656,48.05261529299372,108.72574766417848,20.873382618731327,-71.23316623607587,96.74642076482434,39.36329094258758,58.41629021597294,-3.9179490972287283,92.9291869951683,Unfeasible shape,GPSampler,PRUNED
234,234,6.0,2026-04-21 16:40:56.862860,2026-04-21 16:40:57.047855,0 days 00:00:00.184995,-80.0,100.0,32.18501383611684,48.05455939895833,108.84824448545723,20.982786139806763,-71.33344187310146,96.56551900903776,39.410918791003255,58.285241148800786,-4.012859315802437,93.02697582092834,Unfeasible shape,GPSampler,PRUNED
235,235,6.0,2026-04-21 16:40:57.202887,2026-04-21 16:40:57.293561,0 days 00:00:00.090674,-80.0,100.0,32.10599978915064,48.09040788246246,108.74376778126468,20.729268660697933,-71.31048061619886,96.72889164449902,39.41965639123805,58.30116579981324,-3.862040885080461,93.00790598361215,Unfeasible shape,GPSampler,PRUNED
236,236,6.0,2026-04-21 16:40:57.413392,2026-04-21 16:40:57.532119,0 days 00:00:00.118727,-80.0,100.0,32.26201616074354,48.06734506056482,108.51348554635345,20.83171807242706,-71.23842929821254,96.44803552497574,39.49687978637987,58.24692680340271,-4.0365725201566995,93.0493541327563,Unfeasible shape,GPSampler,PRUNED
237,237,6.0,2026-04-21 16:40:57.648054,2026-04-21 16:40:57.783978,0 days 00:00:00.135924,-80.0,100.0,32.243931864987914,47.98414159307191,108.74597901157944,20.746116372410256,-71.2296670511763,96.6668055116674,39.50692459057735,58.390058126744066,-3.914954209158573,92.96880554639156,Unfeasible shape,GPSampler,PRUNED
238,238,6.0,2026-04-21 16:40:57.906520,2026-04-21 16:40:58.018039,0 days 00:00:00.111519,-80.0,100.0,32.06267353565144,47.99363445798382,108.84940957280809,20.662047705464218,-71.19742877299788,96.56206129135035,39.375171202247856,58.424774631750914,-3.7729248334031027,92.98788526764669,Unfeasible shape,GPSampler,PRUNED
239,239,6.0,2026-04-21 16:40:58.139793,2026-04-21 16:40:58.218950,0 days 00:00:00.079157,-80.0,100.0,32.25074707479733,48.09692077650445,108.70099130560747,20.691839608455467,-71.32313802960614,96.5003551236861,39.55877496565379,58.31429554115721,-4.0060438705683055,93.025435635931,Unfeasible shape,GPSampler,PRUNED
240,240,6.0,2026-04-21 16:40:58.338062,2026-04-21 16:40:58.421589,0 days 00:00:00.083527,-80.0,100.0,32.07389174534295,48.013053286966446,108.79789664614678,20.785841486449,-71.26457839881768,96.7107794840667,39.450150386602225,58.30794112167901,-4.041949751128538,93.01012553616063,Unfeasible shape,GPSampler,PRUNED
241,241,6.0,2026-04-21 16:40:58.541556,2026-04-21 16:40:58.655648,0 days 00:00:00.114092,-80.0,100.0,32.12305202121941,48.04810688298068,108.75879012574221,20.79786151514238,-71.25797223255988,96.6223062825633,39.430855471356594,58.37775348709603,-3.831795161259123,93.04671027815603,Unfeasible shape,GPSampler,PRUNED
242,242,6.0,2026-04-21 16:40:58.788076,2026-04-21 16:40:58.889763,0 days 00:00:00.101687,-80.0,100.0,32.35429906035698,48.36728058252533,108.89399403179932,21.130471936993843,-71.45196465151308,96.54961620899104,39.59912377333745,58.251522093576064,-4.054605418380209,92.92776191788518,Unfeasible shape,GPSampler,PRUNED
243,243,6.0,2026-04-21 16:40:59.112955,2026-04-21 16:40:59.213161,0 days 00:00:00.100206,-80.0,100.0,32.16144499521407,48.126923399985714,108.64009570086498,20.882765045243403,-71.24354142809368,96.58596912320291,39.47046317766012,58.404295904068874,-3.8175363639758473,92.95349575297683,Unfeasible shape,GPSampler,PRUNED
244,244,6.0,2026-04-21 16:40:59.347891,2026-04-21 16:40:59.426052,0 days 00:00:00.078161,-80.0,100.0,32.1165564757616,48.00681973463262,108.78166003072121,20.783256701478123,-71.36338284571416,96.64469378304673,39.546622478879826,58.38004299980842,-3.908497711426648,92.99399086788483,Unfeasible shape,GPSampler,PRUNED
245,245,6.0,2026-04-21 16:40:59.546200,2026-04-21 16:40:59.659749,0 days 00:00:00.113549,-80.0,100.0,32.29419281610779,48.0933445792554,108.62611982185174,20.73677508691854,-71.27384630384924,96.53246344740096,39.49606548836054,58.34274990019169,-3.9057296872312826,93.02346496281962,Unfeasible shape,GPSampler,PRUNED
246,246,6.0,2026-04-21 16:40:59.777756,2026-04-21 16:40:59.916753,0 days 00:00:00.138997,-80.0,100.0,32.180123730241405,48.105985796413904,108.7128185013143,20.984856872578,-71.27889306388494,96.6177530026528,39.42682562923206,58.46080360389367,-3.9043018627923622,92.97233621646255,Unfeasible shape,GPSampler,PRUNED
247,247,6.0,2026-04-21 16:41:00.083233,2026-04-21 16:41:00.205653,0 days 00:00:00.122420,-80.0,100.0,32.07309949698869,48.05396796520664,108.64863164012134,20.63160576702476,-71.18281000374176,96.73597510550118,39.29820760644151,58.3947755172122,-3.854782394324335,92.99508797258477,Unfeasible shape,GPSampler,PRUNED
248,248,6.0,2026-04-21 16:41:00.460235,2026-04-21 16:41:00.550262,0 days 00:00:00.090027,-80.0,100.0,32.29170589227769,48.04880894075411,108.43638756734455,21.135460913523964,-71.31051329188861,96.78234090987502,39.56483698159404,58.55047837266507,-3.9368638349217093,93.03161201304094,Unfeasible shape,GPSampler,PRUNED
249,249,6.0,2026-04-21 16:41:00.669865,2026-04-21 16:41:01.035538,0 days 00:00:00.365673,-80.0,100.0,32.03237777426497,48.024074088849595,108.84021104170407,21.037267055614784,-71.24828900821922,96.67046759609543,39.34921999953804,58.4181615607235,-3.962743882616941,92.94179783132971,Unfeasible shape,GPSampler,PRUNED
250,250,6.0,2026-04-21 16:41:01.169075,2026-04-21 16:41:01.410090,0 days 00:00:00.241015,-80.0,100.0,32.33418387193943,48.08932942758545,108.57888177958762,20.699757547541466,-71.28156945349595,96.50533056938315,39.53768793468522,58.32627756360519,-4.009254408544958,93.06531660552842,Unfeasible shape,GPSampler,PRUNED
251,251,6.0,2026-04-21 16:41:01.523212,2026-04-21 16:41:01.660080,0 days 00:00:00.136868,-80.0,100.0,32.01365694051226,48.15573754848968,108.82848134661964,20.733120347937728,-71.22866699126324,96.59640044305507,39.381054288539886,58.23124241753778,-3.9684882547300866,92.99623498810946,Unfeasible shape,GPSampler,PRUNED
