,number,value,datetime_start,datetime_complete,duration,params_lLegPt.rA1,params_lLegPt.rL0,params_lLegPt.rL1,params_lLegPt.rL2,params_lLegPt.x1,params_lLegPt.y1,params_sLegPt.rA1,params_sLegPt.rL0,params_sLegPt.rL1,params_sLegPt.rL2,params_sLegPt.x1,params_sLegPt.y1,user_attrs_prune,system_attrs_auto:sampler,state
123,123,6.0,2026-04-21 16:38:38.624786,2026-04-21 16:38:38.686477,0 days 00:00:00.061691,-66.47663872985203,40.26003023892547,85.28525373482269,82.37047319491536,12.713017208785264,69.36843671545883,-74.7712241381342,87.35587638426895,14.202296056163146,40.33394829134399,-8.372942694337684,0.9794124475182642,Unfeasible shape,GPSampler,PRUNED
124,124,6.0,2026-04-21 16:38:38.840115,2026-04-21 16:38:38.909404,0 days 00:00:00.069289,-72.50583560678074,97.11088215337686,28.698755147281197,24.137824564380395,105.87205341072541,10.826417719203462,-44.67478563392095,76.445396713186,18.90972327775755,27.67406506642014,-12.947721469167622,9.682535344806197,Unfeasible shape,GPSampler,PRUNED
125,125,120.07672360012097,2026-04-21 16:38:39.047209,2026-04-21 16:38:44.418881,0 days 00:00:05.371672,-76.59728941201516,79.71575957201124,81.41673674408348,72.43419311990782,31.78998545155548,-8.396370305895346,-61.687243947097144,40.47425499364604,50.92699205699476,99.36720910065405,34.47545091969661,79.98521990336424,Unattained target,GPSampler,PRUNED
126,126,6.0,2026-04-21 16:38:44.595159,2026-04-21 16:38:44.646277,0 days 00:00:00.051118,-30.10593800975135,88.05109547883819,63.12430588986254,78.17560928030348,86.53618161147494,9.47545842460692,-23.97036219463383,38.75102922103522,24.30389839229901,90.84906547756343,-11.683795966358009,29.20948890749061,Unfeasible shape,GPSampler,PRUNED
127,127,6.0,2026-04-21 16:38:44.785103,2026-04-21 16:38:44.856822,0 days 00:00:00.071719,-77.03410114882335,34.71120126724746,49.78981620649532,94.25417280968549,90.60151605956003,4.501900536912011,-42.03183203103652,19.384456098409856,85.71627809996609,17.315039512535975,-16.147969412938217,27.40669925447262,Unfeasible shape,GPSampler,PRUNED
128,128,6.0,2026-04-21 16:38:44.986735,2026-04-21 16:38:45.063164,0 days 00:00:00.076429,-57.39385996585187,74.04403721358216,88.41119122369632,30.0443336265168,10.464555928274901,2.3765906151682046,-36.20946269222893,12.040895602681342,17.434696335972802,32.398373550480315,-23.894148568591625,31.637085460902398,Unfeasible shape,GPSampler,PRUNED
129,129,6.0,2026-04-21 16:38:45.199078,2026-04-21 16:38:45.260023,0 days 00:00:00.060945,-23.26960815855695,64.2396269670129,68.10082253408032,63.232338778062505,17.42225720058365,-17.825405518087223,-66.8154957183264,64.021572890306,38.825806095349435,83.11305521680292,-8.650342516361988,16.05333780328784,Unfeasible shape,GPSampler,PRUNED
130,130,6.0,2026-04-21 16:38:45.394972,2026-04-21 16:38:45.465269,0 days 00:00:00.070297,-36.18914968435538,19.59177403594788,14.46225104095475,46.04072308981589,39.75404747766527,-20.978219053839926,-67.60648844180915,49.528141153123464,33.256992826368545,86.08878834238652,-28.542162670629146,46.881609092721604,Unfeasible shape,GPSampler,PRUNED
131,131,6.0,2026-04-21 16:38:45.638630,2026-04-21 16:38:45.748419,0 days 00:00:00.109789,-39.19542244771741,39.23408784718512,61.6617973703078,82.86610376425598,22.401920006648304,69.05129380123931,-35.361576182071055,86.65995885532794,95.0782717118889,27.682516944567524,1.103321814790469,2.485743165426978,Unfeasible shape,GPSampler,PRUNED
132,132,6.0,2026-04-21 16:38:45.885230,2026-04-21 16:38:45.951135,0 days 00:00:00.065905,-53.13308757269512,30.84454801054092,44.773321776417525,37.69151808585903,42.209256457823486,14.28765376623771,-62.4326443970661,22.452261130696378,87.49826992883946,14.021557992662558,0.9142975437784457,55.186240630452815,Unfeasible shape,GPSampler,PRUNED
133,133,8.204891669686667,2026-04-21 16:38:46.084983,2026-04-21 16:38:51.235120,0 days 00:00:05.150137,-60.706732317965404,29.91656274898401,99.1566426049831,10.696726516389731,39.57310033421794,73.65831460491906,-47.73783134708263,36.12597846122898,37.384784187885316,70.22475396566819,2.637814969276562,23.03995763232973,Unattained target,GPSampler,PRUNED
134,134,6.0,2026-04-21 16:38:51.388700,2026-04-21 16:38:51.473192,0 days 00:00:00.084492,-25.137850758533887,50.17381766125247,80.12535245995605,10.479119377942892,26.612713929876676,32.254579829119656,-20.69924235589925,63.42004592776052,75.25312219310348,15.212671940136564,-8.015234125600127,-7.360619553625494,Unfeasible shape,GPSampler,PRUNED
135,135,6.0,2026-04-21 16:38:51.615052,2026-04-21 16:38:51.715198,0 days 00:00:00.100146,-26.537155758963493,63.32896327746348,19.70227863109426,44.480988318113404,67.52838214451637,68.7943421125297,-40.601441714839886,31.274695705083214,17.400541433359844,14.784615572433083,14.603434770593786,110.87109601081313,Unfeasible shape,GPSampler,PRUNED
136,136,5.320810707909793,2026-04-21 16:38:51.870629,2026-04-21 16:38:57.160761,0 days 00:00:05.290132,-77.19653641296262,57.65442316947886,52.99746982507059,76.16048529192291,77.62598389919837,-4.847807233308341,-42.45543373852035,41.22689279997209,76.08087871717277,40.52671140739951,29.320395182301723,42.154752276780634,Unattained target,GPSampler,PRUNED
137,137,6.0,2026-04-21 16:38:57.322334,2026-04-21 16:38:57.382720,0 days 00:00:00.060386,-57.3797831056902,78.73248698830459,16.204420884969434,96.32306015810543,87.94538997835123,25.84431321853181,-32.29770527995632,86.21875716268373,22.225840582598877,40.154656866705906,-3.637505958316556,67.00543628978996,Unfeasible shape,GPSampler,PRUNED
138,138,6.0,2026-04-21 16:38:57.514712,2026-04-21 16:38:57.640266,0 days 00:00:00.125554,-75.76829335561351,32.77454743429995,95.75494249368069,55.892415350231346,99.64237356811688,62.99296123371262,-59.74194616249966,47.38463032843298,21.71822573652432,80.25179854574026,18.577937767752516,20.830165972617063,Unfeasible shape,GPSampler,PRUNED
139,139,6.0,2026-04-21 16:38:57.765425,2026-04-21 16:38:57.835076,0 days 00:00:00.069651,-71.95755286973564,69.08010097230803,15.402811416438468,13.993257747278811,103.61408927909405,13.842553196338478,-23.035761951295086,93.012480300823,85.16992766635549,42.3705501208628,26.573699800087013,90.53090431836225,Unfeasible shape,GPSampler,PRUNED
140,140,6.0,2026-04-21 16:38:57.985573,2026-04-21 16:38:58.055497,0 days 00:00:00.069924,-20.81529332907884,34.211433578028675,46.26089884542815,23.64420772244575,5.723607575957006,21.239298794108237,-67.95852492736016,38.51136172062465,82.06262843564772,64.19455794373229,-2.217899029046883,53.48802532151272,Unfeasible shape,GPSampler,PRUNED
141,141,6.0,2026-04-21 16:38:58.209681,2026-04-21 16:38:58.300484,0 days 00:00:00.090803,-59.71545689348733,23.20993611215828,61.08479675185677,48.715532776135355,-3.512051793943943,52.63482016149028,-38.86447423771317,57.695114354115816,20.91185059071558,82.11908734201913,-13.681096843725136,88.30226823929425,Unfeasible shape,GPSampler,PRUNED
142,142,6.0,2026-04-21 16:38:58.480507,2026-04-21 16:38:58.540520,0 days 00:00:00.060013,-61.53432557294543,58.419602766889675,95.5802496388689,17.812366916371715,70.45608019900023,76.84109591918487,-78.24113269423448,38.74369103430119,85.85670969462662,89.59871111841025,9.660894521047354,-2.3589615772577455,Unfeasible shape,GPSampler,PRUNED
143,143,6.0,2026-04-21 16:38:58.695257,2026-04-21 16:38:58.795294,0 days 00:00:00.100037,-69.17542634001848,64.3134559154202,52.4931066482462,48.28183701708284,72.2063732216557,79.73916905394275,-63.637542403175104,84.95442574571244,84.3680648222752,48.37869696759894,18.37972501676527,28.889513185945034,Unfeasible shape,GPSampler,PRUNED
144,144,5.692200333537894,2026-04-21 16:38:59.022299,2026-04-21 16:39:04.131072,0 days 00:00:05.108773,-21.90414154707502,72.78121991131599,70.61735175528298,49.32510518623892,58.12557111617119,-18.45209381810198,-60.04462673078868,82.55809612126362,38.51057902086089,68.04368358473526,36.70421349620125,62.53087597082225,Unattained target,GPSampler,PRUNED
145,145,6.0,2026-04-21 16:39:04.266968,2026-04-21 16:39:04.373260,0 days 00:00:00.106292,-51.710908401547634,70.19208604674674,67.31988965085144,75.58218243125216,110.45332399691274,65.34058614022342,-29.075742568014974,37.39433196651176,92.60165832690166,66.2304843444362,-15.797389662050513,26.878274632097238,Unfeasible shape,GPSampler,PRUNED
146,146,6.0,2026-04-21 16:39:04.509759,2026-04-21 16:39:04.572621,0 days 00:00:00.062862,-44.45084250922789,59.21923072563741,84.02549418593455,72.1511935454597,2.6369137781534633,32.15326539435191,-60.39963580472737,30.373502140952443,62.192927699933996,36.48907716922935,-4.618563603871454,15.455483875899652,Unfeasible shape,GPSampler,PRUNED
147,147,6.0,2026-04-21 16:39:04.725326,2026-04-21 16:39:04.791190,0 days 00:00:00.065864,-21.808131098238242,12.496565545574107,42.77492538607233,29.24973260495213,67.33048339886467,-29.295804067593934,-44.91699622087785,25.77801908517375,30.20336558364208,96.28195783422667,-24.000151075551468,48.87879441512978,Unfeasible shape,GPSampler,PRUNED
148,148,5.185576300313983,2026-04-21 16:39:04.993456,2026-04-21 16:39:09.955363,0 days 00:00:04.961907,-21.449434283769264,64.20303824553199,49.95001676157896,15.937190242814896,8.698736786036125,78.94847874396048,-67.76014678311711,92.41178250013623,28.80947546090287,59.34670697521651,37.3778792660943,8.053811042609034,Unattained target,GPSampler,PRUNED
149,149,6.0,2026-04-21 16:39:10.099918,2026-04-21 16:39:10.175606,0 days 00:00:00.075688,-40.779973477933474,38.66707791860182,74.05020198894063,98.5795235397487,39.03330171344407,50.33366764496968,-66.70265343387685,99.25874428179259,58.632281592439746,15.424389335016398,-2.0667629122779374,2.7962452050928572,Unfeasible shape,GPSampler,PRUNED
150,150,7.779196009009091,2026-04-21 16:39:10.323090,2026-04-21 16:39:15.525716,0 days 00:00:05.202626,-69.6509139911771,44.51566940180647,30.561035620711397,55.13038347731385,75.9218316423325,-18.60478441073832,-25.376903610590716,71.44271255960757,26.117777259520796,94.85584414336066,19.801103428370105,85.82376369095351,Unattained target,GPSampler,PRUNED
151,151,6.0,2026-04-21 16:39:15.667044,2026-04-21 16:39:15.747315,0 days 00:00:00.080271,-21.83517604712653,63.3110693483975,57.25334093604248,46.08274576752442,97.98305633433623,0.543572000251686,-69.42156946759474,53.04473090049334,31.309685015399545,46.610521570645076,-17.01044818862175,72.59653702168194,Unfeasible shape,GPSampler,PRUNED
152,152,6.0,2026-04-21 16:39:15.883181,2026-04-21 16:39:15.946659,0 days 00:00:00.063478,-20.09525292540404,75.44265095134293,64.79508951739396,18.546225297743625,65.8434762165417,14.057496796630971,-44.03314775184711,86.7260654531053,96.69497025523877,14.616824102937036,-7.422935139747604,34.191982666098454,Unfeasible shape,GPSampler,PRUNED
153,153,6.0,2026-04-21 16:39:16.080905,2026-04-21 16:39:16.668537,0 days 00:00:00.587632,-75.84218960766577,86.77110812271796,13.754645095032316,58.41636510922718,54.38702019286123,-23.175988634382723,-65.1962951687494,79.69586738456039,37.52854696458566,64.87691082155335,12.901181870543446,25.459380210137816,Unfeasible shape,GPSampler,PRUNED
154,154,3.991608983611172e-05,2026-04-21 16:39:16.810947,2026-04-21 16:39:25.906023,0 days 00:00:09.095076,-51.67022416359697,46.860935278377234,60.59257844887953,58.336702496721465,58.805245898615624,-28.866834117500982,-36.92178555992321,56.22405316972959,86.7390301348015,42.45544989242739,-21.71335582663626,97.6218644883464,,GPSampler,COMPLETE
155,155,6.0,2026-04-21 16:39:27.098212,2026-04-21 16:39:27.169156,0 days 00:00:00.070944,-38.01402397072,56.522650124290564,76.70934525031666,95.806897831985,87.41505563588254,26.275809604822946,-26.165405659483696,58.74236153876868,87.37251920229868,72.14327895308345,-10.95809397971593,-8.551076322538323,Unfeasible shape,GPSampler,PRUNED
156,156,12.247585877844408,2026-04-21 16:39:27.308320,2026-04-21 16:39:32.396029,0 days 00:00:05.087709,-32.35842858613986,29.92332186629627,82.39935732452629,26.354283339492984,30.674234958763535,65.54257214175551,-35.207067557938146,19.986451629896692,88.25435710565748,16.03510365822376,8.639783022579913,23.53583374912771,Unattained target,GPSampler,PRUNED
157,157,6.0,2026-04-21 16:39:32.547288,2026-04-21 16:39:32.646270,0 days 00:00:00.098982,-52.675173882281214,64.03063041787846,61.217177280157436,51.08652566225201,8.014721477644013,10.563114211041814,-57.75090917577634,48.558759495446616,25.137155745476562,34.382464316218055,30.050840720619206,46.583551566757585,Unfeasible shape,GPSampler,PRUNED
158,158,6.0,2026-04-21 16:39:32.805873,2026-04-21 16:39:32.890929,0 days 00:00:00.085056,-63.53167876122232,11.330583927843987,61.8908876144392,79.13770875323253,80.16069070582523,77.5195134431358,-21.03456951525102,38.390452002065075,49.17550426932387,12.302703114243021,7.342351208467996,109.67492307554727,Unfeasible shape,GPSampler,PRUNED
159,159,6.0,2026-04-21 16:39:33.063829,2026-04-21 16:39:33.120106,0 days 00:00:00.056277,-53.20368022428897,97.91538762860918,88.36086077379285,72.67899075852468,22.33893238389207,-18.515819784601067,-42.449050309018595,56.16569371216407,42.85752403117982,53.77692956141516,-10.056053263454423,48.273862519234335,Unfeasible shape,GPSampler,PRUNED
160,160,6.0,2026-04-21 16:39:33.273574,2026-04-21 16:39:33.386023,0 days 00:00:00.112449,-29.897420933106957,80.12493038746945,76.20211924441233,19.550993481233085,102.75763170279309,36.82259997627578,-51.66889983600893,57.42812487708525,95.86889715060335,46.191137270683086,15.322975342747995,52.380824655649704,Unfeasible shape,GPSampler,PRUNED
161,161,0.001697044813234072,2026-04-21 16:39:33.528218,2026-04-21 16:39:42.616474,0 days 00:00:09.088256,-64.29525002384239,93.92352990726013,12.70008675982105,33.310682521979544,92.56009917644296,38.68833443241819,-64.61923211636666,90.16005796195783,35.915674806906345,58.7808483193745,19.44945039289192,59.86687332882609,,GPSampler,COMPLETE
162,162,6.0,2026-04-21 16:39:43.983540,2026-04-21 16:39:44.068581,0 days 00:00:00.085041,-55.191481318871894,26.14315855952262,98.0496351353009,31.45840233822035,72.16001271576478,73.03317492293279,-67.30071309857942,96.54978073171762,86.65163803154707,83.16192037037477,-29.059182289642937,48.51168777783966,Unfeasible shape,GPSampler,PRUNED
163,163,6.0,2026-04-21 16:39:44.248434,2026-04-21 16:39:44.328355,0 days 00:00:00.079921,-31.851299333756913,78.98534950387256,87.35299938888394,70.89744114222874,95.87970291288624,-23.247048991070564,-79.71354864468684,50.68993847776033,46.64969758709845,45.72572274688241,-26.519093055825785,71.82998549670778,Unfeasible shape,GPSampler,PRUNED
164,164,6.0,2026-04-21 16:39:44.488415,2026-04-21 16:39:44.566249,0 days 00:00:00.077834,-23.64714732798396,50.11874507953132,42.29169698005902,50.005915041907826,88.17016521150845,-14.35369912646245,-27.980198491390084,62.56543198774008,79.54556592824524,27.49680113051179,-24.912689072877487,58.5098862144572,Unfeasible shape,GPSampler,PRUNED
165,165,6.0,2026-04-21 16:39:44.739897,2026-04-21 16:39:44.836411,0 days 00:00:00.096514,-28.865196255302266,12.413347838881469,98.75106928943008,94.37548375957049,50.39576664297812,71.413182024423,-65.91257433844854,80.933129725491,90.75154976441529,30.62606698266012,37.81060701968569,100.98979040893401,Unfeasible shape,GPSampler,PRUNED
166,166,6.0,2026-04-21 16:39:44.976377,2026-04-21 16:39:45.560557,0 days 00:00:00.584180,-68.44514516519554,45.39641672390683,97.54971854271714,17.929248305736657,12.691392382343441,43.67663891605525,-60.74102215671398,94.13969383615077,33.5903489044852,42.41401970564302,29.274679759970283,57.12390539183602,Unfeasible shape,GPSampler,PRUNED
167,167,6.0,2026-04-21 16:39:45.706418,2026-04-21 16:39:45.787600,0 days 00:00:00.081182,-48.37878452512541,92.96780122065171,80.90913778425539,41.67504848967627,31.46478116794197,57.30989676301138,-36.93803525737997,63.85647179784834,79.35472922501611,20.2742909561191,-22.75495197346683,63.32229380830323,Unfeasible shape,GPSampler,PRUNED
168,168,6.0,2026-04-21 16:39:45.940615,2026-04-21 16:39:46.995448,0 days 00:00:01.054833,-26.07379996603232,32.097744947651776,33.798945219867356,94.28680431478612,6.553576260184347,0.23030929195335403,-54.19381892747974,36.386183820877235,22.700697031367373,46.631719091061406,23.87252143439966,107.2200331128374,Unfeasible shape,GPSampler,PRUNED
169,169,5.186205472670217,2026-04-21 16:39:47.143937,2026-04-21 16:39:52.016272,0 days 00:00:04.872335,-23.454000114085154,79.6634751752216,50.437380815969284,43.31449363682325,58.76358076162822,73.50663173108009,-33.00842989954242,39.7249171117698,34.78645191740959,50.90298804210125,9.962019122053206,30.359407582833683,Unattained target,GPSampler,PRUNED
170,170,6.401691141874942,2026-04-21 16:39:52.175574,2026-04-21 16:39:57.941506,0 days 00:00:05.765932,-49.76949832533636,65.98876355054635,33.292298383945806,14.274213148248393,29.285534497893984,-16.432926015030382,-49.274403030212525,56.351539181239126,73.19057426270089,60.98316360663001,31.12109374503057,83.27784268328584,Unattained target,GPSampler,PRUNED
171,171,6.0,2026-04-21 16:39:58.103677,2026-04-21 16:39:58.191550,0 days 00:00:00.087873,-53.1873921718817,71.22165905080841,26.526163622020555,98.98520595502634,101.75537320524553,8.489667360360606,-46.42354171303503,62.62594144712774,76.63102273776317,15.396159268889146,23.99119421565951,44.41579523496312,Unfeasible shape,GPSampler,PRUNED
172,172,6.0,2026-04-21 16:39:58.356780,2026-04-21 16:39:58.903978,0 days 00:00:00.547198,-55.61955392886969,54.66638406796856,91.05020741323432,62.880752978737675,29.206663760802847,-22.70224511556921,-45.08185561040184,14.672168650697639,61.7959047888162,67.72399823809396,23.100142516348093,5.283727083751813,Unfeasible shape,GPSampler,PRUNED
173,173,6.0,2026-04-21 16:39:59.048935,2026-04-21 16:39:59.111517,0 days 00:00:00.062582,-21.86666538414042,90.35870967770582,64.48528750306704,75.57499778891722,24.870322086131644,61.14857491729539,-46.38327674892662,74.56031779944026,53.819682698614145,67.1592693398899,-13.359304353705607,19.765260161160647,Unfeasible shape,GPSampler,PRUNED
174,174,6.0,2026-04-21 16:39:59.255476,2026-04-21 16:39:59.328628,0 days 00:00:00.073152,-48.17417684447939,57.31263112134427,21.413927505524462,33.72754714359121,37.37774669530495,6.9610369844029165,-55.45302085023012,53.400044339180134,22.61922902818711,80.48746272249406,-25.029957338889062,4.512828188598151,Unfeasible shape,GPSampler,PRUNED
175,175,6.0,2026-04-21 16:39:59.469301,2026-04-21 16:39:59.565095,0 days 00:00:00.095794,-43.29024310926991,45.451027548152574,35.27397994466725,60.30646006714384,34.02854685481674,-11.48413847031355,-20.471965826492493,30.038676345333307,81.03534913274657,74.73449878429882,14.60493021465254,0.7238276645852633,Unfeasible shape,GPSampler,PRUNED
176,176,11.281677450470184,2026-04-21 16:39:59.730395,2026-04-21 16:40:04.366623,0 days 00:00:04.636228,-69.72604121404217,34.81641187501741,93.52715677992433,92.38079506096514,30.072321911981703,25.844128118914043,-68.58938383133547,65.87622195470884,75.44177333117221,48.91849213062589,29.239834233851006,47.3640142123751,Unattained target,GPSampler,PRUNED
177,177,5.433452453568197,2026-04-21 16:40:04.520732,2026-04-21 16:40:10.456970,0 days 00:00:05.936238,-70.11305180939567,65.64896105532382,30.519011552243494,97.90295975142402,18.07983009079004,-22.640899354837188,-45.379446020428375,25.464286558533573,80.75333605315636,41.90172303739586,20.197990382401734,90.21658708599668,Unattained target,GPSampler,PRUNED
178,178,13.851465770087074,2026-04-21 16:40:10.612801,2026-04-21 16:40:15.463093,0 days 00:00:04.850292,-41.67600934570126,83.19173207075643,67.60446678885188,32.69516501391933,54.38514216977147,17.12884596872007,-77.46108079453639,96.4291990502701,98.48486073883429,42.68528708006649,37.71078477381745,17.137332847591672,Unattained target,GPSampler,PRUNED
179,179,6.0,2026-04-21 16:40:15.612212,2026-04-21 16:40:15.687173,0 days 00:00:00.074961,-40.45339157394501,36.182846954866335,92.783432854695,53.58331282498583,81.13992968748616,-26.35651499483687,-73.8348607685742,72.65841483574954,39.30115750195221,30.571223062988352,11.746381070582459,68.14379959450261,Unfeasible shape,GPSampler,PRUNED
180,180,6.0,2026-04-21 16:40:15.852185,2026-04-21 16:40:15.947258,0 days 00:00:00.095073,-30.02020421101676,57.7748499985985,64.62535182499315,49.96449461350972,-2.075917596370731,62.62798951673031,-45.12270708692832,15.473941630850316,69.77866162048187,91.55109770101888,5.067780100137547,73.97695992723533,Unfeasible shape,GPSampler,PRUNED
181,181,6.905729491039814,2026-04-21 16:40:16.082346,2026-04-21 16:40:21.776899,0 days 00:00:05.694553,-59.703984616446476,75.53275677723849,82.75503308571204,47.78216828968727,78.6425975027357,-3.709837935776715,-46.35918280060376,46.97262691202697,42.71125643966264,56.70137733895891,16.11473141946869,90.36063423673725,Unattained target,GPSampler,PRUNED
182,182,6.0,2026-04-21 16:40:21.947182,2026-04-21 16:40:22.083455,0 days 00:00:00.136273,-73.6889955426022,68.35719545561278,52.60561377456418,40.20218162684138,13.578213225833071,45.916080710434045,-20.137943880137065,16.558485273522134,86.06861193333351,91.69454922244877,8.230155156333346,91.62059435737329,Unfeasible shape,GPSampler,PRUNED
183,183,6.0,2026-04-21 16:40:22.237082,2026-04-21 16:40:22.309168,0 days 00:00:00.072086,-22.919291768694762,24.588699201953062,14.092396568863496,65.53794480190487,99.48733554665843,-10.300797203183627,-21.45021986773432,97.92015400995632,50.79129630740042,17.02805491279389,-18.649224410169147,18.546750919299413,Unfeasible shape,GPSampler,PRUNED
184,184,6.0,2026-04-21 16:40:22.437351,2026-04-21 16:40:22.507270,0 days 00:00:00.069919,-77.69242990393654,34.46405532185581,99.81811896756925,36.62449034719391,40.79089209067432,36.86964111224742,-62.056143171177425,26.619840862068926,51.40952976026555,82.31514742798636,-6.372059662296049,-3.128449944964542,Unfeasible shape,GPSampler,PRUNED
