,number,value,datetime_start,datetime_complete,duration,params_lLegPt.rA1,params_lLegPt.rL0,params_lLegPt.rL1,params_lLegPt.rL2,params_lLegPt.x1,params_lLegPt.y1,params_sLegPt.rA1,params_sLegPt.rL0,params_sLegPt.rL1,params_sLegPt.rL2,params_sLegPt.x1,params_sLegPt.y1,user_attrs_prune,system_attrs_auto:sampler,state
924,924,6.0,2026-04-21 16:44:08.204536,2026-04-21 16:44:08.321420,0 days 00:00:00.116884,-80.0,100.0,31.9664615004773,48.003334534814215,108.87960418997946,20.639857816423365,-71.18983291525386,96.72064440465368,39.23914936020695,58.482215364010614,-3.8407133805417892,92.99969859098253,Unfeasible shape,GPSampler,PRUNED
925,925,6.0,2026-04-21 16:44:08.466757,2026-04-21 16:44:08.585668,0 days 00:00:00.118911,-80.0,100.0,32.15009167070758,47.99779973958833,108.63128087759988,20.753600303336242,-71.32934224293518,96.60118263591457,39.50010200037083,58.31592740712992,-3.9434401054672215,93.01195535555097,Unfeasible shape,GPSampler,PRUNED
926,926,6.0,2026-04-21 16:44:08.739007,2026-04-21 16:44:08.818093,0 days 00:00:00.079086,-80.0,100.0,32.11741726777119,48.01018840839157,108.68646485269741,20.847155842919214,-71.30898456710042,96.7208334158409,39.39200514613577,58.35988918402907,-3.9163712429262922,92.99952057074636,Unfeasible shape,GPSampler,PRUNED
927,927,6.0,2026-04-21 16:44:08.954946,2026-04-21 16:44:09.057841,0 days 00:00:00.102895,-80.0,100.0,31.89409808413608,47.95085144633938,108.99391058871682,21.007693423243566,-71.34157237065253,96.65102590980143,39.351255738626904,58.35857209390574,-3.9473307142000955,92.96503550576027,Unfeasible shape,GPSampler,PRUNED
928,928,6.0,2026-04-21 16:44:09.176941,2026-04-21 16:44:09.255872,0 days 00:00:00.078931,-80.0,100.0,32.06803222283874,48.1025034927978,108.66199020930672,20.92424008626746,-71.27357631320665,96.69605890811566,39.50619530308678,58.4508215751421,-3.8556458323465677,93.04829942256298,Unfeasible shape,GPSampler,PRUNED
929,929,6.0,2026-04-21 16:44:09.375511,2026-04-21 16:44:09.454443,0 days 00:00:00.078932,-80.0,100.0,31.970046823718803,47.960086995899395,108.90819176478128,21.026888480436085,-71.4001145741678,96.81618172749361,39.37056153898099,58.49147909179265,-3.879068242812167,92.95712116616309,Unfeasible shape,GPSampler,PRUNED
930,930,6.0,2026-04-21 16:44:09.589214,2026-04-21 16:44:09.693614,0 days 00:00:00.104400,-80.0,100.0,32.18468990367687,47.94452845569168,108.81381086929706,20.7537949404851,-71.3222085628024,96.59937088743187,39.594351414889644,58.509054887696,-3.826228972700882,92.9968129164467,Unfeasible shape,GPSampler,PRUNED
931,931,6.0,2026-04-21 16:44:09.812404,2026-04-21 16:44:09.907535,0 days 00:00:00.095131,-80.0,100.0,31.84179945226764,48.20900659560743,108.89117560031599,20.720075951754126,-71.31548192899285,96.79127981837497,39.45153217089185,58.35327994304319,-4.02510025328629,92.95113709629776,Unfeasible shape,GPSampler,PRUNED
932,932,6.0,2026-04-21 16:44:10.065694,2026-04-21 16:44:10.177020,0 days 00:00:00.111326,-80.0,100.0,32.18601444116716,48.21989195448007,108.60048880685368,20.96438805571561,-71.26487006490434,96.71453824653616,39.57063875585725,58.5986755370247,-3.847604825069592,93.04603632952244,Unfeasible shape,GPSampler,PRUNED
933,933,6.0,2026-04-21 16:44:10.335870,2026-04-21 16:44:10.455847,0 days 00:00:00.119977,-80.0,100.0,32.101785839530436,47.992766617750206,108.78486428581338,20.910058742028035,-71.28387539251705,96.7108476907911,39.401680393301625,58.3334269102202,-3.941674517896015,92.98242814037448,Unfeasible shape,GPSampler,PRUNED
934,934,6.0,2026-04-21 16:44:10.599116,2026-04-21 16:44:10.717535,0 days 00:00:00.118419,-80.0,100.0,31.915585233942988,48.10955081866136,108.9716566424991,20.92843992238796,-71.16894401788483,96.82117223699782,39.34586568746879,58.30988051303328,-3.942652974084396,92.93664436202083,Unfeasible shape,GPSampler,PRUNED
935,935,6.0,2026-04-21 16:44:10.854482,2026-04-21 16:44:10.933428,0 days 00:00:00.078946,-80.0,100.0,32.1532433836274,48.04355993702756,108.52006213326327,20.64098385832471,-71.28657800133286,96.64991870678602,39.44592153648488,58.34297528720677,-3.9136074379069647,92.98030110069723,Unfeasible shape,GPSampler,PRUNED
936,936,6.0,2026-04-21 16:44:11.069717,2026-04-21 16:44:11.266068,0 days 00:00:00.196351,-80.0,100.0,32.059994624578486,48.04094207286366,108.54761300268815,20.78902666640427,-71.18595047260166,96.54647835240121,39.32875958779637,58.30028257184769,-3.8755031160930713,92.94382604587629,Unfeasible shape,GPSampler,PRUNED
937,937,6.0,2026-04-21 16:44:11.385538,2026-04-21 16:44:11.500359,0 days 00:00:00.114821,-80.0,100.0,32.24762969314247,48.0481302131824,108.819165081511,20.80584241136328,-71.3496963859719,96.64856839422872,39.57144016676416,58.3501229138009,-3.883424361388787,93.00967848346103,Unfeasible shape,GPSampler,PRUNED
938,938,6.0,2026-04-21 16:44:11.617006,2026-04-21 16:44:11.781738,0 days 00:00:00.164732,-80.0,100.0,32.16489998973658,48.01305105594528,108.67051378575465,20.92002183168171,-71.35823918838787,96.80901178403234,39.48719172037228,58.37405482297207,-3.9500086963423833,93.0084297286882,Unfeasible shape,GPSampler,PRUNED
939,939,6.0,2026-04-21 16:44:11.932707,2026-04-21 16:44:12.049889,0 days 00:00:00.117182,-80.0,100.0,31.92969967041844,47.92417615843894,108.7462441900096,20.91040910868614,-71.23785178981865,96.61074195850625,39.44168352664586,58.43048426587627,-3.9360036094863773,92.88456898932489,Unfeasible shape,GPSampler,PRUNED
940,940,6.0,2026-04-21 16:44:12.275343,2026-04-21 16:44:12.354537,0 days 00:00:00.079194,-80.0,100.0,32.08587627400943,48.11438109133581,108.70703951115615,20.859965777891915,-71.259168483536,96.62098240656202,39.452786609315716,58.452281387806785,-3.857364113136388,93.03989652117144,Unfeasible shape,GPSampler,PRUNED
941,941,6.0,2026-04-21 16:44:12.473761,2026-04-21 16:44:12.554878,0 days 00:00:00.081117,-80.0,100.0,32.31011585333929,47.97818611767161,108.42939355165622,20.84000858270433,-71.2554923884839,96.61401700080297,39.44595385513524,58.47727876917308,-3.9288395269613936,93.03244473344697,Unfeasible shape,GPSampler,PRUNED
942,942,6.0,2026-04-21 16:44:12.663099,2026-04-21 16:44:12.781771,0 days 00:00:00.118672,-80.0,100.0,32.15229382624736,48.0103128369302,108.88861506682872,20.750818908134107,-71.2523743449921,96.75466024423852,39.44034446144431,58.36766094330836,-3.8905340552962713,93.02172629132227,Unfeasible shape,GPSampler,PRUNED
943,943,6.0,2026-04-21 16:44:12.914254,2026-04-21 16:44:13.027571,0 days 00:00:00.113317,-80.0,100.0,32.08184786282233,48.02363834997401,108.57396137315233,20.86181876597655,-71.33407931161186,96.62646894750051,39.45741844371273,58.32084034816831,-4.0024530856997345,92.98187064517197,Unfeasible shape,GPSampler,PRUNED
944,944,6.0,2026-04-21 16:44:13.145685,2026-04-21 16:44:13.240756,0 days 00:00:00.095071,-80.0,100.0,32.26000223367136,48.072942158253824,108.66253209450123,21.12756445565728,-71.21310199202284,96.52990400354413,39.49356101072139,58.355308708098384,-3.957852114391315,93.05032675875988,Unfeasible shape,GPSampler,PRUNED
945,945,6.0,2026-04-21 16:44:13.377212,2026-04-21 16:44:13.471942,0 days 00:00:00.094730,-80.0,100.0,31.996971991683377,48.00492903606337,108.60594372347971,20.967299454794826,-71.31212279380466,96.54157831004504,39.4875552436733,58.5120468413778,-3.9446682651567997,93.13344103052464,Unfeasible shape,GPSampler,PRUNED
946,946,6.0,2026-04-21 16:44:13.607256,2026-04-21 16:44:13.685859,0 days 00:00:00.078603,-80.0,100.0,32.00184245974485,48.06513861766536,108.75031637807827,20.949594123593805,-71.27541028980696,96.7009371450118,39.356755210965225,58.38975832994389,-3.9251053443915573,92.98646937072793,Unfeasible shape,GPSampler,PRUNED
947,947,6.0,2026-04-21 16:44:13.827051,2026-04-21 16:44:13.891004,0 days 00:00:00.063953,-80.0,100.0,32.40524361567019,47.90465018823667,108.6810636692176,20.625133837950067,-71.18956088836046,96.49286507462979,39.6685163429986,58.17377007838777,-3.9060266811435476,92.99810065325674,Unfeasible shape,GPSampler,PRUNED
948,948,6.0,2026-04-21 16:44:14.025579,2026-04-21 16:44:14.095202,0 days 00:00:00.069623,-80.0,100.0,32.22632323964537,48.03770265150414,108.60357378219128,20.791476151883515,-71.19768886903566,96.42701258888751,39.560999865536296,58.24050208719063,-3.862057414746083,92.95460010555979,Unfeasible shape,GPSampler,PRUNED
949,949,6.0,2026-04-21 16:44:14.230907,2026-04-21 16:44:14.381003,0 days 00:00:00.150096,-80.0,100.0,32.004997895456995,48.096133255090855,108.70556769480925,20.78740833288846,-71.33536132634039,96.58517475478125,39.363382436365825,58.366925174094185,-3.9666596687285676,93.0121810342292,Unfeasible shape,GPSampler,PRUNED
950,950,6.0,2026-04-21 16:44:14.522204,2026-04-21 16:44:14.602453,0 days 00:00:00.080249,-80.0,100.0,32.03178071906091,48.02455135481034,108.80762258139059,20.92073333368095,-71.25671259283708,96.63462122907397,39.38190600312658,58.37809616441945,-3.870811052485376,92.95866731816089,Unfeasible shape,GPSampler,PRUNED
951,951,6.0,2026-04-21 16:44:14.737459,2026-04-21 16:44:14.869043,0 days 00:00:00.131584,-80.0,100.0,32.097092329174544,48.11162085156971,108.76421459535561,21.03501354533421,-71.32885718034143,96.67821407435795,39.44729685982915,58.43635818886327,-4.0788116942858075,93.01862727029379,Unfeasible shape,GPSampler,PRUNED
952,952,6.0,2026-04-21 16:44:15.002913,2026-04-21 16:44:15.120971,0 days 00:00:00.118058,-80.0,100.0,32.080974915309326,48.08450763559611,108.88266699293564,20.77166383896808,-71.3518874532359,96.80424124695297,39.50164476810938,58.187886687782246,-3.976663366655014,92.94746987246324,Unfeasible shape,GPSampler,PRUNED
953,953,6.0,2026-04-21 16:44:15.275211,2026-04-21 16:44:15.408523,0 days 00:00:00.133312,-80.0,100.0,31.981969570665495,47.82299924706031,108.58562871660953,20.907849070857118,-71.23770074225077,96.64709867725836,39.37711167064083,58.620651912567006,-3.7031083816909955,92.95082697313516,Unfeasible shape,GPSampler,PRUNED
954,954,6.0,2026-04-21 16:44:15.560324,2026-04-21 16:44:15.711722,0 days 00:00:00.151398,-80.0,100.0,32.043527201107835,48.08448394188383,108.84079579661486,20.792150311557485,-71.22451343902166,96.74581828923053,39.47938857527009,58.293278114334754,-3.978147939278543,92.98656361066152,Unfeasible shape,GPSampler,PRUNED
955,955,6.0,2026-04-21 16:44:15.837849,2026-04-21 16:44:15.980735,0 days 00:00:00.142886,-80.0,100.0,32.08044239567573,47.963699325340514,108.716748158482,20.84842161207692,-71.25667866665412,96.61530449193685,39.36943279301197,58.44758859103638,-3.9095482483097825,93.00213734739278,Unfeasible shape,GPSampler,PRUNED
956,956,6.0,2026-04-21 16:44:16.107737,2026-04-21 16:44:16.237679,0 days 00:00:00.129942,-80.0,100.0,32.16143456078076,48.17629137601809,108.65513448570869,21.018121033467523,-71.22345467625992,96.61784768524304,39.48409872716334,58.529909476819185,-3.934234634955306,92.99195850390501,Unfeasible shape,GPSampler,PRUNED
957,957,6.0,2026-04-21 16:44:16.357960,2026-04-21 16:44:16.477642,0 days 00:00:00.119682,-80.0,100.0,32.032618114269255,48.04963253224709,108.87915425437487,20.932719064292627,-71.31982209039339,96.6837672928892,39.4619818969952,58.33618466170802,-3.909491705657139,92.92659416417413,Unfeasible shape,GPSampler,PRUNED
958,958,6.0,2026-04-21 16:44:16.606418,2026-04-21 16:44:16.749705,0 days 00:00:00.143287,-80.0,100.0,32.12915597804685,48.039703750761376,108.68241096406203,20.80884633621133,-71.23307045204446,96.63947882699541,39.51783865383601,58.354320437332426,-3.8921253914523,92.94003959344377,Unfeasible shape,GPSampler,PRUNED
959,959,6.0,2026-04-21 16:44:16.901555,2026-04-21 16:44:17.007195,0 days 00:00:00.105640,-80.0,100.0,31.986303599717978,47.8867242609979,108.70986020210181,20.863568828437806,-71.24704235568855,96.66362043562762,39.39282181525435,58.484445203995364,-3.8696562313959006,92.96299093202954,Unfeasible shape,GPSampler,PRUNED
960,960,6.0,2026-04-21 16:44:17.136588,2026-04-21 16:44:17.215284,0 days 00:00:00.078696,-80.0,100.0,32.24804804238191,48.02618344565036,108.78718027584861,20.724724186791406,-71.23282106823595,96.72098125915329,39.4841618331326,58.37543152352336,-3.874497393317977,93.05680108715669,Unfeasible shape,GPSampler,PRUNED
961,961,6.0,2026-04-21 16:44:17.335444,2026-04-21 16:44:17.461843,0 days 00:00:00.126399,-80.0,100.0,32.27382391063388,48.01269397417384,108.51381985118121,20.876526709634284,-71.31026380124528,96.62331324760106,39.50222167527211,58.339073416856245,-3.9551370910357626,93.05319004331868,Unfeasible shape,GPSampler,PRUNED
962,962,6.0,2026-04-21 16:44:17.598250,2026-04-21 16:44:17.725385,0 days 00:00:00.127135,-80.0,100.0,32.093448891163405,48.03692490315068,108.67004579633884,20.755738319976864,-71.32403761557896,96.64167207946944,39.487612408408886,58.33321436370625,-3.96379383687686,92.99510961223076,Unfeasible shape,GPSampler,PRUNED
963,963,6.0,2026-04-21 16:44:17.860964,2026-04-21 16:44:17.958998,0 days 00:00:00.098034,-80.0,100.0,32.268124124081446,48.36531168049399,108.68619528354351,20.526772595485205,-71.21120772606196,96.68073246778202,39.54534487846563,58.582114550822354,-4.182519432656786,93.02892259853205,Unfeasible shape,GPSampler,PRUNED
964,964,6.0,2026-04-21 16:44:18.081921,2026-04-21 16:44:18.159449,0 days 00:00:00.077528,-80.0,100.0,32.154855887230255,48.04801618891667,108.53176444299649,21.018562127454565,-71.29256699147174,96.73233405147552,39.598852929706965,58.51487897690309,-3.922891448891601,93.05893807135685,Unfeasible shape,GPSampler,PRUNED
965,965,6.0,2026-04-21 16:44:18.294695,2026-04-21 16:44:18.373761,0 days 00:00:00.079066,-80.0,100.0,32.13785159251724,48.034999928558385,108.79760087675335,20.891456710561762,-71.28021724009163,96.71788699603609,39.47916229160681,58.36811709682255,-3.9159193636225,92.9861580591627,Unfeasible shape,GPSampler,PRUNED
966,966,6.0,2026-04-21 16:44:18.517435,2026-04-21 16:44:18.631618,0 days 00:00:00.114183,-80.0,100.0,32.177427970615156,47.98974984653902,108.74406016175816,20.845875597947604,-71.30139584992308,96.63162815187012,39.39694592905553,58.455510773839684,-3.871577342083018,93.03471677390186,Unfeasible shape,GPSampler,PRUNED
967,967,6.0,2026-04-21 16:44:18.766612,2026-04-21 16:44:18.909139,0 days 00:00:00.142527,-80.0,100.0,32.200963181512805,48.02052713962734,108.74936992855014,20.790256683401616,-71.27302060401368,96.66776140679309,39.45091260017135,58.35720300718949,-4.114028590578478,93.05616197795919,Unfeasible shape,GPSampler,PRUNED
968,968,6.0,2026-04-21 16:44:19.044372,2026-04-21 16:44:19.123580,0 days 00:00:00.079208,-80.0,100.0,32.08519041379567,48.0841117911586,108.7657850728865,20.8351752720531,-71.3419430889583,96.7125199980617,39.54228363964363,58.34717816730907,-3.875652400874344,92.98634041716608,Unfeasible shape,GPSampler,PRUNED
969,969,6.0,2026-04-21 16:44:19.238233,2026-04-21 16:44:19.317078,0 days 00:00:00.078845,-80.0,100.0,31.93296436770139,48.03691722129026,108.67644593935017,20.880666967865018,-71.2638032823037,96.73656955991378,39.55814893816253,58.35532757780844,-3.9604084760829252,93.01830965647781,Unfeasible shape,GPSampler,PRUNED
970,970,6.0,2026-04-21 16:44:19.452760,2026-04-21 16:44:19.582887,0 days 00:00:00.130127,-80.0,100.0,32.23836870475873,47.937304998025404,108.64170154716732,20.85697393459077,-71.31252689714493,96.71843696911607,39.49938616291661,58.48419137240794,-3.799442398291518,93.03469075055209,Unfeasible shape,GPSampler,PRUNED
971,971,6.0,2026-04-21 16:44:19.705794,2026-04-21 16:44:19.800087,0 days 00:00:00.094293,-80.0,100.0,32.31919552585394,48.12043964062095,108.77560189137755,20.896420425463212,-71.28755224666477,96.91454787647538,39.485899856934594,58.2449980555199,-3.968807581616428,92.9891141702905,Unfeasible shape,GPSampler,PRUNED
972,972,6.0,2026-04-21 16:44:19.936007,2026-04-21 16:44:20.021745,0 days 00:00:00.085738,-80.0,100.0,32.30111936760961,47.923734120733805,108.78349954733207,20.707137719587884,-71.25388291517167,96.63978551729672,39.5459938997638,58.37755239940629,-3.8628520609809236,93.00450393109821,Unfeasible shape,GPSampler,PRUNED
973,973,6.0,2026-04-21 16:44:20.150426,2026-04-21 16:44:20.236746,0 days 00:00:00.086320,-80.0,100.0,32.27374773592895,48.016749173789684,108.703300706238,20.734078838664338,-71.265291263552,96.6156181946603,39.55424656064642,58.29927414022469,-3.8603268041325762,92.98935728021706,Unfeasible shape,GPSampler,PRUNED
974,974,6.0,2026-04-21 16:44:20.356626,2026-04-21 16:44:20.451312,0 days 00:00:00.094686,-80.0,100.0,31.931992395769097,48.210605318170416,108.56326966376626,20.420308795974016,-71.31614408831214,96.44422240283708,39.30030018261979,58.18404795136733,-3.8845784005143678,93.02230860221476,Unfeasible shape,GPSampler,PRUNED
975,975,6.0,2026-04-21 16:44:20.574987,2026-04-21 16:44:20.698213,0 days 00:00:00.123226,-80.0,100.0,32.25522467487305,48.153025190910704,108.54209451159544,20.819775324350395,-71.18142288812626,96.50964425339733,39.559926957728756,58.407870020041706,-3.9108394300412783,92.98748053663401,Unfeasible shape,GPSampler,PRUNED
976,976,6.0,2026-04-21 16:44:20.838796,2026-04-21 16:44:20.933838,0 days 00:00:00.095042,-80.0,100.0,32.076767357384085,48.01643726429524,108.88244842859112,20.902244521613632,-71.30706163003853,96.56894166621865,39.275703329861955,58.4310732707585,-3.8126805844596667,92.97143113982348,Unfeasible shape,GPSampler,PRUNED
977,977,6.0,2026-04-21 16:44:21.071354,2026-04-21 16:44:21.150284,0 days 00:00:00.078930,-80.0,100.0,32.22013257927415,48.011259404700105,108.58544835636225,20.860673824965637,-71.27392107802352,96.66399928167324,39.61382831805802,58.312543284634124,-3.8447735496210953,93.02009957992601,Unfeasible shape,GPSampler,PRUNED
978,978,6.0,2026-04-21 16:44:21.288985,2026-04-21 16:44:21.478085,0 days 00:00:00.189100,-80.0,100.0,32.068283341292634,47.95868990997091,108.6696944630961,20.810261678861707,-71.2617145034957,96.68787434302561,39.48775767444563,58.37192658776992,-3.8959815823010757,92.94108395493198,Unfeasible shape,GPSampler,PRUNED
979,979,6.0,2026-04-21 16:44:21.598774,2026-04-21 16:44:21.709093,0 days 00:00:00.110319,-80.0,100.0,32.096395805904635,47.9964670379722,108.42016094721951,20.84706748972377,-71.33045551969543,96.93809831987575,39.47388974022982,58.37891673398513,-3.6542356033234604,92.96375934343656,Unfeasible shape,GPSampler,PRUNED
980,980,6.0,2026-04-21 16:44:21.845886,2026-04-21 16:44:21.972576,0 days 00:00:00.126690,-80.0,100.0,32.11031049317377,47.99831550918554,108.65195869199124,20.91544320670002,-71.27836491861493,96.59776251430172,39.43197465857497,58.439934865317134,-3.946075641324434,92.9955248732568,Unfeasible shape,GPSampler,PRUNED
981,981,6.0,2026-04-21 16:44:22.092378,2026-04-21 16:44:22.231024,0 days 00:00:00.138646,-80.0,100.0,32.33371137329263,47.99354822096347,108.64445246413396,20.81450183465418,-71.25501461257457,96.53936729264288,39.49003577674462,58.32164230790491,-3.9613817668000486,93.01782565829113,Unfeasible shape,GPSampler,PRUNED
982,982,6.0,2026-04-21 16:44:22.372650,2026-04-21 16:44:22.467489,0 days 00:00:00.094839,-80.0,100.0,32.160120880734155,48.032627293488616,108.74756986783008,20.862037793576476,-71.26444371500884,96.65924816184615,39.46094689265167,58.409879056047856,-3.885057828781754,92.99451304384432,Unfeasible shape,GPSampler,PRUNED
983,983,6.0,2026-04-21 16:44:22.587984,2026-04-21 16:44:22.667316,0 days 00:00:00.079332,-80.0,100.0,31.95550300579115,47.9788363724596,108.60307472002029,20.624123104187206,-71.3071356557131,96.70448021175768,39.344949158536174,58.1662442506796,-3.736791449556314,92.95347951548992,Unfeasible shape,GPSampler,PRUNED
984,984,6.0,2026-04-21 16:44:22.787059,2026-04-21 16:44:22.919730,0 days 00:00:00.132671,-80.0,100.0,32.29648680258228,48.07101000102707,108.64329292774555,20.610505434936982,-71.31913736045453,96.4875545287433,39.5125865469127,58.448645907554955,-3.9034540542961693,93.06733843455788,Unfeasible shape,GPSampler,PRUNED
985,985,6.0,2026-04-21 16:44:23.078863,2026-04-21 16:44:23.189375,0 days 00:00:00.110512,-80.0,100.0,31.935169683090358,48.06289543730832,108.74599725097238,20.916452413142622,-71.25761222699612,96.65025172137213,39.39861318841194,58.304304364376875,-3.922555994815358,92.97677061011346,Unfeasible shape,GPSampler,PRUNED
986,986,6.0,2026-04-21 16:44:23.340755,2026-04-21 16:44:23.429533,0 days 00:00:00.088778,-80.0,100.0,31.991526366523065,47.968858524021286,108.73763991553257,20.880776972388993,-71.24402488376305,96.64994764222135,39.43011988939703,58.35514076132788,-3.8770853325660752,93.01026012286331,Unfeasible shape,GPSampler,PRUNED
987,987,6.0,2026-04-21 16:44:23.568191,2026-04-21 16:44:23.646997,0 days 00:00:00.078806,-80.0,100.0,32.30721296987463,48.16063697632471,108.80220836720676,20.930332895666766,-71.24192236704033,96.61845976228526,39.355286361323266,58.322582214217235,-3.939193786148614,92.97871571510936,Unfeasible shape,GPSampler,PRUNED
988,988,6.0,2026-04-21 16:44:23.767883,2026-04-21 16:44:23.847108,0 days 00:00:00.079225,-80.0,100.0,32.106214432658305,48.02821160629866,108.78836235211038,20.870028093973715,-71.31770670225225,96.65450306533877,39.46491977161483,58.378265310226716,-3.902611973814583,92.97996349117572,Unfeasible shape,GPSampler,PRUNED
989,989,6.0,2026-04-21 16:44:23.968135,2026-04-21 16:44:24.099595,0 days 00:00:00.131460,-80.0,100.0,32.1044061250102,47.96835212750649,108.76893374225385,20.863215817243777,-71.3161894371764,96.70463374813896,39.543864074653044,58.408449653733335,-3.9872930767385277,92.97239869053253,Unfeasible shape,GPSampler,PRUNED
990,990,6.0,2026-04-21 16:44:24.218898,2026-04-21 16:44:24.369318,0 days 00:00:00.150420,-80.0,100.0,32.184143413652635,48.06054980310117,108.83279110073487,20.874036745501847,-71.29873394689265,96.65975460569264,39.366326117597666,58.34572397850948,-4.081850328116801,92.94764154291744,Unfeasible shape,GPSampler,PRUNED
