,number,value,datetime_start,datetime_complete,duration,params_lLegPt.rA1,params_lLegPt.rL0,params_lLegPt.rL1,params_lLegPt.rL2,params_lLegPt.x1,params_lLegPt.y1,params_sLegPt.rA1,params_sLegPt.rL0,params_sLegPt.rL1,params_sLegPt.rL2,params_sLegPt.x1,params_sLegPt.y1,user_attrs_prune,system_attrs_auto:sampler,state
991,991,6.0,2026-04-21 16:44:24.515465,2026-04-21 16:44:24.603636,0 days 00:00:00.088171,-80.0,100.0,32.24739931462409,48.002416515515606,108.60963803669596,20.474698327428115,-71.27262205794764,96.67907727576534,39.66351851805571,58.26905035424261,-3.9558906091660937,93.03487232475814,Unfeasible shape,GPSampler,PRUNED
992,992,6.0,2026-04-21 16:44:24.734304,2026-04-21 16:44:24.828254,0 days 00:00:00.093950,-80.0,100.0,31.967627858548486,48.00483658860915,108.73023259790843,20.921552273920426,-71.28912447863497,96.74889259202808,39.41952779701874,58.29214335873175,-3.9569529815952116,92.98599719987826,Unfeasible shape,GPSampler,PRUNED
993,993,6.0,2026-04-21 16:44:24.958086,2026-04-21 16:44:25.084758,0 days 00:00:00.126672,-80.0,100.0,32.1351870605547,48.13933554674786,108.61199926607915,20.772981827651513,-71.29544249165593,96.5996021696362,39.55437653787296,58.28407497282147,-3.914049734399679,93.01999945890627,Unfeasible shape,GPSampler,PRUNED
994,994,6.0,2026-04-21 16:44:25.222929,2026-04-21 16:44:25.321263,0 days 00:00:00.098334,-80.0,100.0,32.042858635835,48.04015086219721,108.81841644141231,20.977895981624258,-71.32901011343898,96.69242019869134,39.47541232518473,58.41185756499154,-3.9371900594062446,92.98349955056956,Unfeasible shape,GPSampler,PRUNED
995,995,6.0,2026-04-21 16:44:25.474371,2026-04-21 16:44:25.656878,0 days 00:00:00.182507,-80.0,100.0,31.99475699549966,48.08800797947944,108.87472894371083,20.924549908207595,-71.29529290742295,96.63912872361088,39.36684557625463,58.35276263935211,-3.9765254094742453,92.95588618154498,Unfeasible shape,GPSampler,PRUNED
996,996,6.0,2026-04-21 16:44:25.816019,2026-04-21 16:44:26.005753,0 days 00:00:00.189734,-80.0,100.0,32.093681317985244,47.961712379582465,108.73122583233057,20.92141536249776,-71.41509967247192,96.62913514270687,39.524896659547935,58.32786125446376,-4.001066570805197,93.04351762683255,Unfeasible shape,GPSampler,PRUNED
997,997,6.0,2026-04-21 16:44:26.142601,2026-04-21 16:44:26.221927,0 days 00:00:00.079326,-80.0,100.0,32.15749933565721,47.92984685274071,108.72952224752692,20.835030934739912,-71.24340545112332,96.79252758192222,39.41075584404679,58.391302106456436,-3.795768794386227,92.98561941987049,Unfeasible shape,GPSampler,PRUNED
998,998,6.0,2026-04-21 16:44:26.358456,2026-04-21 16:44:26.698013,0 days 00:00:00.339557,-80.0,100.0,32.03971344419613,48.055697420693924,108.69503062170054,20.915294791111698,-71.36265403132055,96.72768704752914,39.43930849180566,58.309285481089546,-3.9271601767426674,92.95954826204253,Unfeasible shape,GPSampler,PRUNED
999,999,6.0,2026-04-21 16:44:26.859914,2026-04-21 16:44:27.023734,0 days 00:00:00.163820,-80.0,100.0,32.30438265764203,48.18989568954426,108.53142033522577,20.675694255593413,-71.24601315939813,96.40377450015038,39.57882211698974,58.350920773295684,-3.946573540577724,92.96636671720188,Unfeasible shape,GPSampler,PRUNED
