,number,value,datetime_start,datetime_complete,duration,params_lLegPt.rA1,params_lLegPt.rL0,params_lLegPt.rL1,params_lLegPt.rL2,params_lLegPt.x1,params_lLegPt.y1,params_sLegPt.rA1,params_sLegPt.rL0,params_sLegPt.rL1,params_sLegPt.rL2,params_sLegPt.x1,params_sLegPt.y1,user_attrs_prune,system_attrs_auto:sampler,state
790,790,6.0,2026-04-21 16:43:35.066577,2026-04-21 16:43:35.182770,0 days 00:00:00.116193,-80.0,100.0,32.1786574998213,48.02636934795405,108.48625292822307,20.757149833974516,-71.22203730156336,96.5136845287218,39.58161705325957,58.33415024171011,-3.8796982948529433,93.03133490730055,Unfeasible shape,GPSampler,PRUNED
791,791,6.0,2026-04-21 16:43:35.311405,2026-04-21 16:43:35.413718,0 days 00:00:00.102313,-80.0,100.0,32.04829212861787,47.92253711267317,108.71495511181385,20.90218011011114,-71.23998774947201,96.78376495596311,39.55656185935514,58.38331850936821,-4.049900326489382,92.98047008582893,Unfeasible shape,GPSampler,PRUNED
792,792,6.0,2026-04-21 16:43:35.547522,2026-04-21 16:43:35.662049,0 days 00:00:00.114527,-80.0,100.0,32.10371267371059,48.178457288251934,108.85906880706015,20.734626379545006,-71.3408551607236,96.72005152868587,39.52783728397006,58.42545043588325,-3.9610628635949645,93.01791613509918,Unfeasible shape,GPSampler,PRUNED
793,793,6.0,2026-04-21 16:43:35.791664,2026-04-21 16:43:35.879742,0 days 00:00:00.088078,-80.0,100.0,32.173053112670814,47.954629013956634,108.74830042383421,20.59627553009041,-71.36183533737713,96.61797378604359,39.53968198285068,58.250240120675365,-3.8685401944559423,93.01981651094297,Unfeasible shape,GPSampler,PRUNED
794,794,6.0,2026-04-21 16:43:36.008209,2026-04-21 16:43:36.089009,0 days 00:00:00.080800,-80.0,100.0,32.28233009316876,48.17019024612639,108.47598755320051,20.95971204821747,-71.30855686588862,96.54796084535268,39.38870977972717,58.21932742576357,-3.9684957557819516,92.97526446932525,Unfeasible shape,GPSampler,PRUNED
795,795,6.0,2026-04-21 16:43:36.214285,2026-04-21 16:43:36.291621,0 days 00:00:00.077336,-80.0,100.0,32.08796598702324,48.02957903861347,108.86707774616714,20.84775313731756,-71.21092669297003,96.64389719075469,39.41953491191054,58.405206793871194,-3.9087571077171113,93.03815702385316,Unfeasible shape,GPSampler,PRUNED
796,796,6.0,2026-04-21 16:43:36.413510,2026-04-21 16:43:36.555584,0 days 00:00:00.142074,-80.0,100.0,32.123242205421576,48.10053433592783,108.63163451102507,21.056913768116672,-71.29475183507948,96.55472662566153,39.53654070400185,58.438454727576094,-3.8178436055564227,93.0156717603257,Unfeasible shape,GPSampler,PRUNED
797,797,6.0,2026-04-21 16:43:36.715748,2026-04-21 16:43:36.835350,0 days 00:00:00.119602,-80.0,100.0,32.14413768047288,48.135699350558525,108.85024068519333,20.94700953780618,-71.33708445152473,96.72130235719668,39.47744296793981,58.341510803676385,-3.959719208237594,93.02922775602671,Unfeasible shape,GPSampler,PRUNED
798,798,6.0,2026-04-21 16:43:36.965416,2026-04-21 16:43:37.052511,0 days 00:00:00.087095,-80.0,100.0,32.1066894541971,48.07451475958898,108.70537031024908,21.047423725248102,-71.24452381158616,96.61078071261137,39.38039798226082,58.42564995637694,-3.884644368254442,93.00634620718672,Unfeasible shape,GPSampler,PRUNED
799,799,6.0,2026-04-21 16:43:37.171210,2026-04-21 16:43:37.407346,0 days 00:00:00.236136,-80.0,100.0,32.09169086815423,48.00362789005585,108.70134452248678,20.976641602087852,-71.27171261275588,96.61481499676334,39.422987057737224,58.443440814664854,-3.8823029848947,92.98304678325928,Unfeasible shape,GPSampler,PRUNED
800,800,6.0,2026-04-21 16:43:37.536775,2026-04-21 16:43:37.663818,0 days 00:00:00.127043,-80.0,100.0,32.15434766086514,48.00540209911679,109.02661910091555,20.640917884625132,-71.2129035323062,96.6855786713677,39.36947623184004,58.5924617422815,-3.9331566712756327,92.98638491032303,Unfeasible shape,GPSampler,PRUNED
801,801,6.0,2026-04-21 16:43:37.822336,2026-04-21 16:43:37.912480,0 days 00:00:00.090144,-80.0,100.0,31.946277988683597,48.11033800118239,108.71169374166512,21.04390715659146,-71.20113671149207,96.64868291371225,39.32525176778373,58.46138982449838,-3.8588004487998653,92.86247227348204,Unfeasible shape,GPSampler,PRUNED
802,802,6.0,2026-04-21 16:43:38.075294,2026-04-21 16:43:38.160434,0 days 00:00:00.085140,-80.0,100.0,32.16613366131395,47.83094368872318,108.49477900030534,20.807255125368663,-71.22556587531265,96.45948219370374,39.60194738551533,58.4598687878651,-3.775844452809057,93.05257490206895,Unfeasible shape,GPSampler,PRUNED
803,803,6.0,2026-04-21 16:43:38.309389,2026-04-21 16:43:38.395644,0 days 00:00:00.086255,-80.0,100.0,32.091941307710144,48.136579946433855,108.80224906994518,20.830834761382604,-71.26833984527316,96.47854524648461,39.478520154856184,58.3287448906986,-3.9666934510532776,92.99246435832607,Unfeasible shape,GPSampler,PRUNED
804,804,6.0,2026-04-21 16:43:38.533644,2026-04-21 16:43:38.830086,0 days 00:00:00.296442,-80.0,100.0,32.07125496742292,48.03948054444867,108.76933363824034,20.896813584615813,-71.28982368555948,96.68327029218129,39.39340041606064,58.387770757019446,-3.9179221517262093,92.98694293006031,Unfeasible shape,GPSampler,PRUNED
805,805,6.0,2026-04-21 16:43:38.976723,2026-04-21 16:43:39.069192,0 days 00:00:00.092469,-80.0,100.0,32.03173952959138,47.724808498078495,108.89199300724255,20.83016223877563,-71.27082617494358,96.6190694541703,39.51584000659241,58.328023653249986,-3.79665315960035,92.9642019952931,Unfeasible shape,GPSampler,PRUNED
806,806,6.0,2026-04-21 16:43:39.190541,2026-04-21 16:43:39.266420,0 days 00:00:00.075879,-80.0,100.0,32.407905717322265,48.116613060114496,108.87369867337156,20.842060949554366,-71.39180762431111,96.29957595701256,39.737661427149675,58.44671347042678,-3.925594006694503,93.02331584169515,Unfeasible shape,GPSampler,PRUNED
807,807,6.0,2026-04-21 16:43:39.387486,2026-04-21 16:43:39.515394,0 days 00:00:00.127908,-80.0,100.0,32.21792645698465,48.17358045417918,108.62609358650879,20.773304013747442,-71.22772962804513,96.5410330632901,39.60973440740152,58.30124567082492,-3.8765772965839638,93.01960307023438,Unfeasible shape,GPSampler,PRUNED
808,808,6.0,2026-04-21 16:43:39.641534,2026-04-21 16:43:39.751550,0 days 00:00:00.110016,-80.0,100.0,32.33693924594802,48.13284278575461,108.53415640887813,20.78221319604799,-71.2460743128935,96.47980717802103,39.491834953144604,58.3961066897112,-3.8320545335316005,93.0090435548771,Unfeasible shape,GPSampler,PRUNED
809,809,6.0,2026-04-21 16:43:39.884424,2026-04-21 16:43:39.995375,0 days 00:00:00.110951,-80.0,100.0,32.00240346877446,48.04301365820376,108.64046049867235,20.88039730570521,-71.31456612996718,96.7014862426117,39.42501948367632,58.27567082400397,-3.9645679060396475,92.98949633569676,Unfeasible shape,GPSampler,PRUNED
810,810,6.0,2026-04-21 16:43:40.131371,2026-04-21 16:43:40.251719,0 days 00:00:00.120348,-80.0,100.0,32.454212427959106,48.04195353491,108.57960074650016,20.7588052693199,-71.28962331272882,96.54511485190251,39.53217286676147,58.50843115380574,-3.8860146222870036,93.04652593008682,Unfeasible shape,GPSampler,PRUNED
811,811,6.0,2026-04-21 16:43:40.404489,2026-04-21 16:43:40.543849,0 days 00:00:00.139360,-80.0,100.0,32.19423996750294,48.09281383691296,108.96732911193111,20.80459128630011,-71.2085997387816,96.71480398172645,39.44102211776353,58.30122081668703,-3.9811370017895804,92.91557218979034,Unfeasible shape,GPSampler,PRUNED
812,812,6.0,2026-04-21 16:43:40.673460,2026-04-21 16:43:40.785526,0 days 00:00:00.112066,-80.0,100.0,32.11505689047765,47.985341981103375,108.77041775001861,20.952491519337023,-71.23223615208087,96.7454056284612,39.521641118886656,58.43046665754788,-3.930472460132936,93.02270778249259,Unfeasible shape,GPSampler,PRUNED
813,813,6.0,2026-04-21 16:43:40.967548,2026-04-21 16:43:41.061455,0 days 00:00:00.093907,-80.0,100.0,32.19549955797656,48.03365132077912,108.66259524019222,20.71933845448831,-71.23318388940321,96.93449556289573,39.410149577437394,58.468684504191046,-3.8841808380078717,93.06792370879045,Unfeasible shape,GPSampler,PRUNED
814,814,6.0,2026-04-21 16:43:41.209196,2026-04-21 16:43:41.318107,0 days 00:00:00.108911,-80.0,100.0,31.9231172714345,47.96681632252016,108.82205551438915,20.995671119072234,-71.3455730111236,96.69544936434013,39.35759326234413,58.415644141780184,-3.769972525452431,92.94578308978093,Unfeasible shape,GPSampler,PRUNED
815,815,6.0,2026-04-21 16:43:41.446473,2026-04-21 16:43:41.577470,0 days 00:00:00.130997,-80.0,100.0,31.799938113737745,47.800853573854276,109.08208972436064,21.308699350236758,-71.23100093995738,96.79594213050882,39.23212446963565,58.399962466710576,-3.8528907021450074,92.88331306519525,Unfeasible shape,GPSampler,PRUNED
816,816,6.0,2026-04-21 16:43:41.705731,2026-04-21 16:43:41.796329,0 days 00:00:00.090598,-80.0,100.0,32.22334431864101,47.803764821051274,108.55082724259681,20.544663999267307,-71.27919161154857,96.51147515055197,39.66006977189348,58.28680415021717,-3.865294599646049,93.0427168026813,Unfeasible shape,GPSampler,PRUNED
817,817,6.0,2026-04-21 16:43:41.986867,2026-04-21 16:43:42.084554,0 days 00:00:00.097687,-80.0,100.0,32.14369823505325,48.042228328957776,108.90615218074437,20.947421688580356,-71.4005622382814,96.76106841265363,39.38766026456304,58.26963045148028,-4.102715463617432,93.05061123662757,Unfeasible shape,GPSampler,PRUNED
818,818,6.0,2026-04-21 16:43:42.251458,2026-04-21 16:43:42.380372,0 days 00:00:00.128914,-80.0,100.0,32.16809621222844,48.13362285833218,108.59444759256853,20.79848554466907,-71.19178671868575,96.58954614863198,39.58202205682117,58.303025969439446,-3.763103241921918,92.95626769405092,Unfeasible shape,GPSampler,PRUNED
819,819,6.0,2026-04-21 16:43:42.505623,2026-04-21 16:43:42.683717,0 days 00:00:00.178094,-80.0,100.0,31.933924594142635,47.905259283137504,108.74601735385487,20.949220489489896,-71.39299809226725,96.7782785387516,39.380371597188656,58.34566018078353,-3.971970447315279,92.99661610335802,Unfeasible shape,GPSampler,PRUNED
820,820,6.0,2026-04-21 16:43:42.807433,2026-04-21 16:43:42.959430,0 days 00:00:00.151997,-80.0,100.0,32.24350789225969,48.12732777062537,108.60577499716334,20.910091703840955,-71.2154183587378,96.51070274887404,39.503149010351244,58.32604639102316,-4.007622222345226,93.06196312976256,Unfeasible shape,GPSampler,PRUNED
821,821,6.0,2026-04-21 16:43:43.111388,2026-04-21 16:43:43.239763,0 days 00:00:00.128375,-80.0,100.0,31.95722357508428,47.86456728530829,108.75108029285617,20.859546335887153,-71.25651170156809,96.93822697381808,39.50402393906838,58.51231469437209,-3.782664021824946,92.98155401861658,Unfeasible shape,GPSampler,PRUNED
822,822,6.0,2026-04-21 16:43:43.361428,2026-04-21 16:43:43.437801,0 days 00:00:00.076373,-80.0,100.0,32.11942835932828,48.1008976554767,108.77409391161456,21.00604776968563,-71.39868456128974,96.78898247446865,39.38131776680273,58.371583198396095,-3.997602519297594,93.10086190950858,Unfeasible shape,GPSampler,PRUNED
823,823,6.0,2026-04-21 16:43:43.563760,2026-04-21 16:43:43.696896,0 days 00:00:00.133136,-80.0,100.0,32.16754513340935,47.94088657960085,108.75129787601584,20.819722105197705,-71.27002247044945,96.6431420276555,39.30594696405797,58.260221014055574,-3.9698642390768164,92.9934568744564,Unfeasible shape,GPSampler,PRUNED
824,824,6.0,2026-04-21 16:43:43.831837,2026-04-21 16:43:43.921459,0 days 00:00:00.089622,-80.0,100.0,31.947208123660534,48.07862614221513,108.88383189787749,20.747549820116937,-71.3290338443538,96.89534312984946,39.28753586786747,58.288397231437614,-3.9171023202913418,93.00794299961964,Unfeasible shape,GPSampler,PRUNED
825,825,6.0,2026-04-21 16:43:44.043630,2026-04-21 16:43:44.136767,0 days 00:00:00.093137,-80.0,100.0,32.447187896028325,48.15967394963438,108.37962352058146,20.69784628129416,-71.22959892039897,96.45110419815516,39.61247374539758,58.39799796765226,-4.128185481396741,93.05378965585308,Unfeasible shape,GPSampler,PRUNED
826,826,6.0,2026-04-21 16:43:44.253828,2026-04-21 16:43:44.393732,0 days 00:00:00.139904,-80.0,100.0,32.27529559320874,48.07863277828761,108.72077915151772,20.82285274431961,-71.29597954847232,96.59120968729553,39.52941177163288,58.45380808160236,-3.9313242373424977,93.02345248970069,Unfeasible shape,GPSampler,PRUNED
827,827,6.0,2026-04-21 16:43:44.534633,2026-04-21 16:43:44.649790,0 days 00:00:00.115157,-80.0,100.0,31.895019938347094,47.75101535808461,108.59583959310665,20.857883895521418,-71.29377419200237,96.85255051109178,39.2047437140656,58.44352590163902,-3.6763520249643555,92.94260640212289,Unfeasible shape,GPSampler,PRUNED
828,828,6.0,2026-04-21 16:43:44.773475,2026-04-21 16:43:44.861747,0 days 00:00:00.088272,-80.0,100.0,32.514317770229084,48.00435227668122,108.75049053573987,20.687609560427127,-71.14419774486484,96.76473032176037,39.44713129565477,58.37256654129644,-3.7429803131245407,92.9235870596932,Unfeasible shape,GPSampler,PRUNED
829,829,6.0,2026-04-21 16:43:44.985630,2026-04-21 16:43:45.135392,0 days 00:00:00.149762,-80.0,100.0,32.09104162911705,47.994444533601936,108.78639895441212,20.941840364834185,-71.32262318383495,96.7212391485043,39.44289420778686,58.38615250675018,-3.9404855715261036,93.02461899279503,Unfeasible shape,GPSampler,PRUNED
830,830,6.0,2026-04-21 16:43:45.273691,2026-04-21 16:43:45.376751,0 days 00:00:00.103060,-80.0,100.0,32.01922493691548,48.01181081611176,108.79388030089743,20.959497702410644,-71.31131762625273,96.74044237128284,39.394018849564056,58.383355252552114,-3.9617811113988246,93.07659332476894,Unfeasible shape,GPSampler,PRUNED
831,831,6.0,2026-04-21 16:43:45.503793,2026-04-21 16:43:45.583224,0 days 00:00:00.079431,-80.0,100.0,31.99008581854325,47.99821458778446,108.78231813548238,21.09759288274681,-71.17568774133083,96.6450430808097,39.326219098371936,58.48246763967345,-3.859600516257256,93.04697261680508,Unfeasible shape,GPSampler,PRUNED
832,832,6.0,2026-04-21 16:43:45.711547,2026-04-21 16:43:45.795559,0 days 00:00:00.084012,-80.0,100.0,32.0683633451342,47.959446510142314,108.78980140349013,20.955474318938947,-71.26743698894192,96.68464833979682,39.51110416885327,58.3564168142467,-3.8663366494960414,92.97787014923976,Unfeasible shape,GPSampler,PRUNED
833,833,6.0,2026-04-21 16:43:45.933912,2026-04-21 16:43:46.059686,0 days 00:00:00.125774,-80.0,100.0,32.232045267022386,47.96458104669632,108.69562201646006,20.73571533676307,-71.26121314589453,96.50259649244525,39.52917377288506,58.30716657147125,-3.842380661962089,92.97776768894991,Unfeasible shape,GPSampler,PRUNED
834,834,6.0,2026-04-21 16:43:46.191438,2026-04-21 16:43:46.296040,0 days 00:00:00.104602,-80.0,100.0,31.928977646811816,47.975217371852,108.84590506772292,20.94264915081326,-71.26677849083057,96.66272677368099,39.27293131168649,58.40314198716387,-3.8827184170681015,92.8616770367759,Unfeasible shape,GPSampler,PRUNED
835,835,6.0,2026-04-21 16:43:46.421909,2026-04-21 16:43:46.514844,0 days 00:00:00.092935,-80.0,100.0,32.22369528945824,48.18314538500002,109.21950352436137,20.981940651062693,-71.28241377122447,96.7279709633572,39.21830594373789,58.38677343174059,-3.98738299407713,92.95133350113369,Unfeasible shape,GPSampler,PRUNED
836,836,6.0,2026-04-21 16:43:46.651691,2026-04-21 16:43:46.780204,0 days 00:00:00.128513,-80.0,100.0,32.21138329253215,47.97500291224363,108.6124795054723,20.84798491886564,-71.27687585403528,96.58551140781935,39.470319279252166,58.38077283197018,-3.9017378814217594,92.98276573979595,Unfeasible shape,GPSampler,PRUNED
837,837,6.0,2026-04-21 16:43:46.901579,2026-04-21 16:43:47.052069,0 days 00:00:00.150490,-80.0,100.0,32.13335174587102,48.0594283906272,108.84662724632683,20.98923055529665,-71.41177188491679,96.95054380444566,39.39740436537953,58.32438446866626,-3.983189117538135,92.92222111167695,Unfeasible shape,GPSampler,PRUNED
838,838,6.0,2026-04-21 16:43:47.181639,2026-04-21 16:43:47.284192,0 days 00:00:00.102553,-80.0,100.0,31.988475540222424,47.951941241920004,108.94625230050328,20.930534074238373,-71.29199661103988,96.76655224892515,39.326970577469105,58.3294304449143,-3.9974980526823884,92.96606128403157,Unfeasible shape,GPSampler,PRUNED
839,839,6.0,2026-04-21 16:43:47.425642,2026-04-21 16:43:47.513302,0 days 00:00:00.087660,-80.0,100.0,31.93733335177609,48.094639054478634,108.46413338753817,20.887226599914904,-71.22640388826555,96.85824193191308,39.48075742273711,58.22399341744989,-3.945481826473433,93.02709736245919,Unfeasible shape,GPSampler,PRUNED
840,840,6.0,2026-04-21 16:43:47.637232,2026-04-21 16:43:47.729404,0 days 00:00:00.092172,-80.0,100.0,32.17138902070219,48.04527888769826,108.89230421481496,20.886197189845007,-71.2754578597663,96.60599971145238,39.454947359289676,58.42600321167499,-3.92437169018665,92.96682728369262,Unfeasible shape,GPSampler,PRUNED
841,841,6.0,2026-04-21 16:43:47.860740,2026-04-21 16:43:47.974595,0 days 00:00:00.113855,-80.0,100.0,32.04642444327675,48.16131244956376,108.54709094721645,20.93150670697913,-71.31636801114806,96.5805541511845,39.36535450376608,58.333399094568385,-3.880881701567148,93.03397577538325,Unfeasible shape,GPSampler,PRUNED
842,842,6.0,2026-04-21 16:43:48.140505,2026-04-21 16:43:48.353235,0 days 00:00:00.212730,-80.0,100.0,32.082823490384655,48.076411797088696,108.73823743747326,20.957220799859883,-71.25811228072621,96.59389498738425,39.46896197543673,58.469172698885075,-3.959130501310792,92.92877410633676,Unfeasible shape,GPSampler,PRUNED
843,843,6.0,2026-04-21 16:43:48.479942,2026-04-21 16:43:48.633850,0 days 00:00:00.153908,-80.0,100.0,32.141526737478145,47.95883201804053,108.80950775828114,20.806873507335283,-71.30055446005798,96.62515248690478,39.50432387498441,58.36185308854853,-3.906991324986901,92.96745883435158,Unfeasible shape,GPSampler,PRUNED
844,844,6.0,2026-04-21 16:43:48.766650,2026-04-21 16:43:48.857945,0 days 00:00:00.091295,-80.0,100.0,32.00639606674886,48.008948292292196,108.73046604677432,21.198285447683702,-71.43260732433043,96.81310737973698,39.36294552812322,58.51257173725893,-3.7874147485023677,92.97948230725288,Unfeasible shape,GPSampler,PRUNED
845,845,6.0,2026-04-21 16:43:49.020500,2026-04-21 16:43:49.109862,0 days 00:00:00.089362,-80.0,100.0,32.21096290060501,48.072465686989595,108.75974297237623,21.065634402183356,-71.35438811319841,96.64533220425199,39.50715104981697,58.336074185547055,-3.9703396234106876,93.03212251521313,Unfeasible shape,GPSampler,PRUNED
846,846,6.0,2026-04-21 16:43:49.246245,2026-04-21 16:43:49.335943,0 days 00:00:00.089698,-80.0,100.0,32.488624874817035,47.99039173777299,108.78225423314187,20.484641317793496,-71.19857594027901,96.72217463086182,39.608003584616185,58.455106613758105,-3.8513823616857223,93.06525050942395,Unfeasible shape,GPSampler,PRUNED
847,847,6.0,2026-04-21 16:43:49.459875,2026-04-21 16:43:49.540442,0 days 00:00:00.080567,-80.0,100.0,31.932898980941555,48.05249904517595,108.83496744063213,21.0148785406887,-71.23352581990741,96.54041508278988,39.30347349556015,58.28800301437687,-4.01775039679632,92.92572028497803,Unfeasible shape,GPSampler,PRUNED
848,848,6.0,2026-04-21 16:43:49.659760,2026-04-21 16:43:49.795065,0 days 00:00:00.135305,-80.0,100.0,32.14192099806465,47.933919039655514,108.72867908803623,20.90240597792299,-71.38220298355769,96.63790463432538,39.53426330273403,58.27129331572498,-4.083773350916079,92.95950751405064,Unfeasible shape,GPSampler,PRUNED
849,849,6.0,2026-04-21 16:43:49.926419,2026-04-21 16:43:50.015912,0 days 00:00:00.089493,-80.0,100.0,32.17672191794277,48.04028339644343,108.5865990870462,21.050209612115324,-71.30188326992598,96.5176442343492,39.48815717632695,58.364204509670515,-4.005428720743097,92.99685256200367,Unfeasible shape,GPSampler,PRUNED
850,850,6.0,2026-04-21 16:43:50.150624,2026-04-21 16:43:50.253035,0 days 00:00:00.102411,-80.0,100.0,32.192764730614975,48.01494340470509,108.68168086906212,20.799524965571827,-71.25500125726842,96.55448948872991,39.47018064821202,58.37214107481954,-4.071605152236085,93.01332310259679,Unfeasible shape,GPSampler,PRUNED
851,851,6.0,2026-04-21 16:43:50.368145,2026-04-21 16:43:50.470232,0 days 00:00:00.102087,-80.0,100.0,32.07378747020727,48.02276636186508,108.66788240787893,20.848049728565783,-71.30865866071129,96.68982699889072,39.46139254482411,58.29889806981644,-3.9750412560324904,93.05160529950577,Unfeasible shape,GPSampler,PRUNED
852,852,6.0,2026-04-21 16:43:50.599266,2026-04-21 16:43:50.725154,0 days 00:00:00.125888,-80.0,100.0,32.13193275497524,48.02703121377143,108.72525543809245,20.93622613914024,-71.3407549363421,96.72176626468458,39.472723628042104,58.332762524995005,-3.9411380667164906,92.95102677611509,Unfeasible shape,GPSampler,PRUNED
853,853,6.0,2026-04-21 16:43:50.850242,2026-04-21 16:43:50.948375,0 days 00:00:00.098133,-80.0,100.0,32.18039741615354,48.114087290298265,108.87643350520511,20.72190857718011,-71.24182460199451,96.6632703587963,39.474029218725725,58.41841509534359,-4.007268225080303,92.95942893480158,Unfeasible shape,GPSampler,PRUNED
854,854,6.0,2026-04-21 16:43:51.079281,2026-04-21 16:43:51.191382,0 days 00:00:00.112101,-80.0,100.0,32.320811196843096,47.921281096927046,108.57530630910503,20.702465846956805,-71.19350454292072,96.49653635744617,39.6697980518492,58.243328158188234,-4.058834696087054,93.07694182075922,Unfeasible shape,GPSampler,PRUNED
855,855,6.0,2026-04-21 16:43:51.327422,2026-04-21 16:43:51.416174,0 days 00:00:00.088752,-80.0,100.0,32.12008893319981,48.03882223426315,108.74299578727803,20.89835030551744,-71.26012113066827,96.66623616525924,39.584841493318706,58.2456125482168,-4.0232793161618865,93.01636099638064,Unfeasible shape,GPSampler,PRUNED
856,856,6.0,2026-04-21 16:43:51.553342,2026-04-21 16:43:51.637587,0 days 00:00:00.084245,-80.0,100.0,31.875727760320686,48.026119232889755,108.79199998285749,21.05368532282175,-71.30629798862431,96.61531717827339,39.252747484949445,58.22599334027376,-3.9700425476977372,92.98737233568214,Unfeasible shape,GPSampler,PRUNED
