,number,value,datetime_start,datetime_complete,duration,params_lLegPt.rA1,params_lLegPt.rL0,params_lLegPt.rL1,params_lLegPt.rL2,params_lLegPt.x1,params_lLegPt.y1,params_sLegPt.rA1,params_sLegPt.rL0,params_sLegPt.rL1,params_sLegPt.rL2,params_sLegPt.x1,params_sLegPt.y1,user_attrs_prune,system_attrs_auto:sampler,state
319,319,6.0,2026-04-21 16:41:19.632222,2026-04-21 16:41:19.728595,0 days 00:00:00.096373,-80.0,100.0,32.23006894581556,48.01961140496747,108.63813636734093,20.849360589118817,-71.28060086534981,96.52359405709328,39.49850121461552,58.37958593167129,-3.962177855462368,93.03403693559471,Unfeasible shape,GPSampler,PRUNED
320,320,6.0,2026-04-21 16:41:19.858406,2026-04-21 16:41:19.953477,0 days 00:00:00.095071,-80.0,100.0,32.16260795365514,48.029136853938425,108.61042586197169,20.79644074216541,-71.26220861690516,96.55095259004561,39.541067364338396,58.40252277145489,-3.9320355798278754,93.01908155128298,Unfeasible shape,GPSampler,PRUNED
321,321,6.0,2026-04-21 16:41:20.071761,2026-04-21 16:41:20.230670,0 days 00:00:00.158909,-80.0,100.0,31.883037149725585,48.09282430479694,108.60997970964335,20.87482542401567,-71.26399080150343,96.75321149792775,39.37470085777863,58.44609325744495,-3.9448622681755765,92.95487066193962,Unfeasible shape,GPSampler,PRUNED
322,322,6.0,2026-04-21 16:41:20.372374,2026-04-21 16:41:20.476736,0 days 00:00:00.104362,-80.0,100.0,32.13467410552966,47.96400297946807,108.75877485997385,20.887444020824077,-71.27385824858023,96.56296462007111,39.45479398428206,58.4867705088147,-3.85710915521139,92.99034456294591,Unfeasible shape,GPSampler,PRUNED
323,323,6.0,2026-04-21 16:41:20.621664,2026-04-21 16:41:20.726642,0 days 00:00:00.104978,-80.0,100.0,32.09524060418245,48.060494602972184,108.76466206719451,20.885885876316443,-71.26587289094584,96.62639949094692,39.30137646406138,58.38698609087619,-3.897229889906864,93.0005540658982,Unfeasible shape,GPSampler,PRUNED
324,324,6.0,2026-04-21 16:41:20.864595,2026-04-21 16:41:21.016424,0 days 00:00:00.151829,-80.0,100.0,32.13464093166922,48.003521882692326,108.68273401420886,20.901768373973482,-71.21842856256049,96.65888352349431,39.41089607801382,58.28415051689324,-3.8418342714430267,93.05095330901604,Unfeasible shape,GPSampler,PRUNED
325,325,6.0,2026-04-21 16:41:21.144435,2026-04-21 16:41:21.228613,0 days 00:00:00.084178,-80.0,100.0,32.162709818063405,48.072568143694866,108.82703988167864,20.716472781514042,-71.30747664221785,96.67689035811954,39.4156975012359,58.40170870316687,-3.919057944972156,93.01879304138826,Unfeasible shape,GPSampler,PRUNED
326,326,6.0,2026-04-21 16:41:21.357226,2026-04-21 16:41:21.442727,0 days 00:00:00.085501,-80.0,100.0,31.999920946951054,48.08406864616815,108.89182943383926,21.012053970580006,-71.3230722180131,96.50089328860837,39.469691931991036,58.31813938273238,-3.8568777079240846,93.0219748178356,Unfeasible shape,GPSampler,PRUNED
327,327,6.0,2026-04-21 16:41:21.560260,2026-04-21 16:41:21.724662,0 days 00:00:00.164402,-80.0,100.0,32.176803487379715,47.99612227212308,108.74853291991218,20.747720098462807,-71.2800755180122,96.66647589906039,39.512930906241024,58.39462385564895,-3.91578195922909,92.99490668559648,Unfeasible shape,GPSampler,PRUNED
328,328,6.0,2026-04-21 16:41:21.865076,2026-04-21 16:41:21.958951,0 days 00:00:00.093875,-80.0,100.0,32.07934350681317,48.086592542580924,108.76677439713748,20.816660584878292,-71.29474575600076,96.73029763294238,39.43285565807331,58.32166226781729,-3.861185022292542,92.90129096136435,Unfeasible shape,GPSampler,PRUNED
329,329,6.0,2026-04-21 16:41:22.088704,2026-04-21 16:41:22.170389,0 days 00:00:00.081685,-80.0,100.0,32.212771525721166,48.012847270163064,108.68254007654221,20.696801544402497,-71.28762787484195,96.5814458457858,39.54673579743181,58.33774972028009,-4.011665843088462,93.08549812609667,Unfeasible shape,GPSampler,PRUNED
330,330,6.0,2026-04-21 16:41:22.304692,2026-04-21 16:41:22.499563,0 days 00:00:00.194871,-80.0,100.0,32.00587697954529,48.06176719803732,108.84224771919368,20.99827715059763,-71.35538649299468,96.77958392734834,39.355707439517616,58.413519149684426,-3.965267162645052,93.05735392310913,Unfeasible shape,GPSampler,PRUNED
331,331,6.0,2026-04-21 16:41:22.642126,2026-04-21 16:41:22.766804,0 days 00:00:00.124678,-80.0,100.0,32.05025121247187,48.19291663560617,108.62147153335748,20.996680456749054,-71.20030231616849,96.64914905834445,39.37161498366249,58.11499408235384,-3.859209081910823,93.01860078761113,Unfeasible shape,GPSampler,PRUNED
332,332,6.0,2026-04-21 16:41:22.902052,2026-04-21 16:41:23.013881,0 days 00:00:00.111829,-80.0,100.0,31.920935623996666,47.97908315574177,108.93421411549866,21.104105951295274,-71.34265949368057,96.7828065175371,39.65379606416282,58.34832068534562,-3.7033653784494014,92.9711833040833,Unfeasible shape,GPSampler,PRUNED
333,333,6.0,2026-04-21 16:41:23.141924,2026-04-21 16:41:23.226368,0 days 00:00:00.084444,-80.0,100.0,32.086494973374684,48.04546810655178,108.7984038846303,20.89219372209738,-71.3087305804702,96.67850026011853,39.42317103333782,58.393766790504515,-3.937319081284624,92.98484770803523,Unfeasible shape,GPSampler,PRUNED
334,334,6.0,2026-04-21 16:41:23.355824,2026-04-21 16:41:23.480464,0 days 00:00:00.124640,-80.0,100.0,32.250820085387744,47.7572378333509,108.76395418565248,21.10104569918277,-71.25489111570684,96.46142136223618,39.34148826172009,58.48778428693232,-4.010185770849237,93.09742541850422,Unfeasible shape,GPSampler,PRUNED
335,335,6.0,2026-04-21 16:41:23.618468,2026-04-21 16:41:23.718870,0 days 00:00:00.100402,-80.0,100.0,32.32708699251273,47.80433526030905,108.50680086739648,20.694959181140952,-71.21558779877468,96.85372600215617,39.53217301195537,58.56311022485819,-3.9299059480499707,92.94898050997269,Unfeasible shape,GPSampler,PRUNED
336,336,6.0,2026-04-21 16:41:23.942328,2026-04-21 16:41:24.110935,0 days 00:00:00.168607,-80.0,100.0,32.16720614194113,48.00503664211346,108.45032880302438,20.716258374887246,-71.244552017726,96.56457777501159,39.378527834619504,58.36826061017293,-3.794137908560007,92.99377193678956,Unfeasible shape,GPSampler,PRUNED
337,337,6.0,2026-04-21 16:41:24.329432,2026-04-21 16:41:24.821936,0 days 00:00:00.492504,-80.0,100.0,32.070236538165844,47.92741488155379,108.7390331807967,20.734548947238764,-71.33518161681313,96.64119153465016,39.518162563445856,58.58954122918904,-3.8081556838989314,93.00613890342083,Unfeasible shape,GPSampler,PRUNED
338,338,6.0,2026-04-21 16:41:24.959328,2026-04-21 16:41:25.078381,0 days 00:00:00.119053,-80.0,100.0,32.032622953723944,47.99616202808676,108.78676503170396,20.97211817411442,-71.28700295999764,96.68101270731358,39.56393441096483,58.45815676850267,-3.8987832274707017,92.97392030143305,Unfeasible shape,GPSampler,PRUNED
339,339,6.0,2026-04-21 16:41:25.216930,2026-04-21 16:41:25.552645,0 days 00:00:00.335715,-80.0,100.0,32.092528166920786,47.96300478317152,108.69104070183646,20.404168237089642,-71.28404697715652,96.55162342665007,39.45877284704477,58.267407088640624,-3.886968342539852,93.11326241888679,Unfeasible shape,GPSampler,PRUNED
340,340,6.0,2026-04-21 16:41:25.686038,2026-04-21 16:41:25.896141,0 days 00:00:00.210103,-80.0,100.0,32.06579677436669,48.03930342677329,108.79207707306166,20.91350686609639,-71.32250982113868,96.73682904471737,39.47142373926741,58.346030015231996,-3.91640593586105,93.03856551482575,Unfeasible shape,GPSampler,PRUNED
341,341,6.0,2026-04-21 16:41:26.040633,2026-04-21 16:41:26.402746,0 days 00:00:00.362113,-80.0,100.0,32.14706099522796,48.135705498325244,108.72418908058695,20.889467026411445,-71.25117897370983,96.66597705413099,39.47021034069816,58.35505147732393,-4.0026650292263,92.98288501895962,Unfeasible shape,GPSampler,PRUNED
342,342,6.0,2026-04-21 16:41:26.536517,2026-04-21 16:41:26.694635,0 days 00:00:00.158118,-80.0,100.0,32.01462525462324,48.043747004211326,108.82826445370982,20.956592098120034,-71.30170700730794,96.81681401355561,39.42909719554416,58.440507218316384,-3.931741067009753,93.04916092810026,Unfeasible shape,GPSampler,PRUNED
343,343,6.0,2026-04-21 16:41:26.838610,2026-04-21 16:41:27.442365,0 days 00:00:00.603755,-80.0,100.0,32.0161883111536,47.994865530737755,108.75824031877646,20.915825520604514,-71.31645253939719,96.68371180992203,39.38049127522764,58.3414752723139,-3.903616289011449,92.97692173613846,Unfeasible shape,GPSampler,PRUNED
344,344,6.0,2026-04-21 16:41:27.568435,2026-04-21 16:41:27.690656,0 days 00:00:00.122221,-80.0,100.0,32.162076815934924,48.025323273631706,108.6521514329901,20.725789415144398,-71.26337245533497,96.58254965399455,39.540342621781804,58.310113626524874,-3.93888227564587,93.04820768114037,Unfeasible shape,GPSampler,PRUNED
345,345,6.0,2026-04-21 16:41:27.833488,2026-04-21 16:41:27.941625,0 days 00:00:00.108137,-80.0,100.0,32.093981640882426,47.998635666852785,108.75886251687331,20.888672837650113,-71.28531060931286,96.68190259359773,39.39756263937462,58.432121773265294,-3.922448557427529,92.96108400834538,Unfeasible shape,GPSampler,PRUNED
346,346,6.0,2026-04-21 16:41:28.079183,2026-04-21 16:41:28.459034,0 days 00:00:00.379851,-80.0,100.0,32.16832470008453,48.19808629828376,108.78218872922686,20.79527445759267,-71.3131029292538,96.61151288844219,39.638711308966705,58.362325526740655,-3.996822147038344,92.99687775790805,Unfeasible shape,GPSampler,PRUNED
347,347,6.0,2026-04-21 16:41:28.586215,2026-04-21 16:41:28.707346,0 days 00:00:00.121131,-80.0,100.0,32.15369915803816,48.02017900678144,108.7443818690497,20.914651225447464,-71.2180866479678,96.69345490014003,39.55227867861226,58.30126711815801,-4.004705133579847,93.03702401199311,Unfeasible shape,GPSampler,PRUNED
348,348,6.0,2026-04-21 16:41:28.849287,2026-04-21 16:41:29.170756,0 days 00:00:00.321469,-80.0,100.0,32.01556698421184,48.144619891327196,108.95672367366937,21.03263010555071,-71.29297474463554,96.59749918507536,39.401141055745754,58.420160494356864,-3.984535551761585,92.99871548031014,Unfeasible shape,GPSampler,PRUNED
349,349,6.0,2026-04-21 16:41:29.298501,2026-04-21 16:41:29.400655,0 days 00:00:00.102154,-80.0,100.0,32.35589574436473,47.97486522491746,108.89639423269787,20.910365966306728,-71.26788342015261,96.71542010196877,39.63575283758236,58.52194615503416,-3.9520179996885005,93.00696247269843,Unfeasible shape,GPSampler,PRUNED
350,350,6.0,2026-04-21 16:41:29.530822,2026-04-21 16:41:29.686625,0 days 00:00:00.155803,-80.0,100.0,32.12337850180759,48.05262893253134,108.72832643860086,20.8369146704524,-71.30648542017991,96.66700386583041,39.43711272152999,58.32462211339806,-3.9500083202082408,93.00524808810178,Unfeasible shape,GPSampler,PRUNED
351,351,6.0,2026-04-21 16:41:29.828432,2026-04-21 16:41:29.944184,0 days 00:00:00.115752,-80.0,100.0,32.12559649838249,48.02660734648154,108.64559091250133,20.771497616255303,-71.25857870850113,96.5570908701156,39.507238518720456,58.298230059238044,-3.9542411296573086,93.02502006291539,Unfeasible shape,GPSampler,PRUNED
352,352,6.0,2026-04-21 16:41:30.090330,2026-04-21 16:41:30.411733,0 days 00:00:00.321403,-80.0,100.0,32.20156789853906,48.01356302904667,108.6232872382052,20.8806059624927,-71.29574118182865,96.681267530819,39.546160414288714,58.304884538177745,-3.941870121387666,92.94358769660197,Unfeasible shape,GPSampler,PRUNED
353,353,6.0,2026-04-21 16:41:30.546312,2026-04-21 16:41:30.640601,0 days 00:00:00.094289,-80.0,100.0,31.950107075885732,48.01261886197929,108.8330647202543,20.98994240009433,-71.30416712583552,96.74150387270423,39.328557281215055,58.427301896256544,-3.8820000200936313,92.95440270281561,Unfeasible shape,GPSampler,PRUNED
354,354,6.0,2026-04-21 16:41:30.788636,2026-04-21 16:41:30.896625,0 days 00:00:00.107989,-80.0,100.0,32.33559997507797,48.226842783719,108.7354829275179,20.86741503191987,-71.26490839618054,96.6505801340505,39.48282337090699,58.32348079839665,-3.97698008442579,93.12373900579841,Unfeasible shape,GPSampler,PRUNED
355,355,6.0,2026-04-21 16:41:31.145310,2026-04-21 16:41:31.547616,0 days 00:00:00.402306,-80.0,100.0,32.24928492612317,48.05351473380826,108.80883412038419,20.992081576625786,-71.19079321404077,96.6849995613959,39.65146130325927,58.41708798272259,-3.878295704731741,93.03299348315319,Unfeasible shape,GPSampler,PRUNED
356,356,6.0,2026-04-21 16:41:31.678628,2026-04-21 16:41:31.806985,0 days 00:00:00.128357,-80.0,100.0,32.00537168571172,47.972274460789116,108.5403857797858,20.80551853224174,-71.22254003793093,96.56730276352378,39.65153660114328,58.36755605667536,-3.8743958131066982,92.9301684847707,Unfeasible shape,GPSampler,PRUNED
357,357,6.0,2026-04-21 16:41:31.956203,2026-04-21 16:41:32.068934,0 days 00:00:00.112731,-80.0,100.0,32.25276642638828,48.14487195027271,108.72991609805246,20.821493180896546,-71.28105527903446,96.61286989165737,39.475669554278475,58.397495596983056,-3.9283658672316406,92.92523201473959,Unfeasible shape,GPSampler,PRUNED
358,358,6.0,2026-04-21 16:41:32.210872,2026-04-21 16:41:32.322361,0 days 00:00:00.111489,-80.0,100.0,32.25300365629326,48.200323679552476,108.42244316505229,20.642176797555777,-71.18377142911447,96.5020839754913,39.549560158911305,58.243499941657674,-4.09166082427415,93.11032180068733,Unfeasible shape,GPSampler,PRUNED
359,359,6.0,2026-04-21 16:41:32.458849,2026-04-21 16:41:32.798796,0 days 00:00:00.339947,-80.0,100.0,32.127490082601895,48.0140776335182,108.70234194202162,20.89405993379294,-71.28485963570039,96.71232689315184,39.339518825976505,58.33818881212224,-3.854432458692436,92.99223131123136,Unfeasible shape,GPSampler,PRUNED
360,360,6.0,2026-04-21 16:41:32.960761,2026-04-21 16:41:33.387435,0 days 00:00:00.426674,-80.0,100.0,32.02750812805748,48.03105577497965,108.68550912302216,20.943075352477123,-71.32568267164673,96.55247417719617,39.49451313601023,58.460960080512066,-3.9514786615631365,93.00469162247586,Unfeasible shape,GPSampler,PRUNED
361,361,6.0,2026-04-21 16:41:33.552018,2026-04-21 16:41:33.671037,0 days 00:00:00.119019,-80.0,100.0,32.252341536430535,48.11090024705421,108.80715861744542,20.90246166714352,-71.27876200011576,96.78564282819613,39.42504388451715,58.43843325320716,-3.9846721696242717,92.98352087021034,Unfeasible shape,GPSampler,PRUNED
362,362,6.0,2026-04-21 16:41:33.798571,2026-04-21 16:41:33.894825,0 days 00:00:00.096254,-80.0,100.0,32.09585433785959,48.03134736138205,108.67429986749256,20.95509458983736,-71.31643162717336,96.7073876077901,39.306159795394336,58.31160948711258,-3.8654778680320447,92.93833801053472,Unfeasible shape,GPSampler,PRUNED
363,363,6.0,2026-04-21 16:41:34.038987,2026-04-21 16:41:34.188731,0 days 00:00:00.149744,-80.0,100.0,32.168600812974525,48.13931636291123,108.6283303710211,20.74584766690296,-71.27294349954913,96.66525451257125,39.405610794712096,58.232594410879706,-3.8875520879734538,93.04299288744015,Unfeasible shape,GPSampler,PRUNED
364,364,6.0,2026-04-21 16:41:34.328594,2026-04-21 16:41:34.451906,0 days 00:00:00.123312,-80.0,100.0,32.24715050648865,47.98381988965549,108.53882060207786,20.941780780666356,-71.23497308425844,96.64608259257506,39.45303883838075,58.413949374699285,-3.84036417151572,93.02519025651853,Unfeasible shape,GPSampler,PRUNED
365,365,6.0,2026-04-21 16:41:34.588724,2026-04-21 16:41:34.952903,0 days 00:00:00.364179,-80.0,100.0,31.982653082434663,48.22996502052504,108.88803385224409,20.999844271044815,-71.26231700660503,96.86200539281351,39.44352218774756,58.44267363809146,-3.951147957675431,93.01490312587048,Unfeasible shape,GPSampler,PRUNED
366,366,6.0,2026-04-21 16:41:35.091945,2026-04-21 16:41:35.537147,0 days 00:00:00.445202,-80.0,100.0,32.171736905355154,48.00157720239796,108.65393678267633,20.775064891911505,-71.26804482521248,96.58417789164119,39.47694727370702,58.375266342913186,-3.8525298579584373,93.00192616976346,Unfeasible shape,GPSampler,PRUNED
367,367,6.0,2026-04-21 16:41:35.668584,2026-04-21 16:41:35.938944,0 days 00:00:00.270360,-80.0,100.0,32.111422212679436,48.0759995415499,108.72944928205484,20.883350120436383,-71.29009368295381,96.70081555107298,39.46058493875962,58.286085151139204,-3.9741492328442227,92.99061555358222,Unfeasible shape,GPSampler,PRUNED
368,368,6.0,2026-04-21 16:41:36.068650,2026-04-21 16:41:36.164921,0 days 00:00:00.096271,-80.0,100.0,32.264554827279945,47.983088149341334,108.67004664330327,20.80252213814397,-71.23499171376015,96.70205917548432,39.509308519040204,58.49477482277176,-3.7929770153056594,93.02259323145546,Unfeasible shape,GPSampler,PRUNED
369,369,6.0,2026-04-21 16:41:36.298582,2026-04-21 16:41:36.422380,0 days 00:00:00.123798,-80.0,100.0,32.078470409888794,48.10540170202025,108.77631017499039,20.87506550219583,-71.2843531946943,96.70030580563156,39.3530040733047,58.318599573131685,-3.928216051401769,92.99578295364547,Unfeasible shape,GPSampler,PRUNED
370,370,6.0,2026-04-21 16:41:36.571818,2026-04-21 16:41:36.956110,0 days 00:00:00.384292,-80.0,100.0,32.1203306225208,47.91168694973034,108.93999282081626,20.923399318759735,-71.25214644623505,96.51568357011834,39.60511790605521,58.49151400290555,-3.8334131613153026,93.02402323671616,Unfeasible shape,GPSampler,PRUNED
371,371,6.0,2026-04-21 16:41:37.088686,2026-04-21 16:41:37.384976,0 days 00:00:00.296290,-80.0,100.0,32.17160937226723,48.07116235119816,108.81368791167739,20.790695253792613,-71.25285971282023,96.56809681276214,39.43320668557387,58.4027401906986,-3.968063608567043,92.98690603487321,Unfeasible shape,GPSampler,PRUNED
372,372,6.0,2026-04-21 16:41:37.519101,2026-04-21 16:41:37.662774,0 days 00:00:00.143673,-80.0,100.0,31.918053197335844,48.08523031851194,108.93898694197019,20.887037369293694,-71.35720187294166,96.71069792226614,39.290322821498734,58.424548352661766,-3.8421206807546753,92.98374024273052,Unfeasible shape,GPSampler,PRUNED
373,373,6.0,2026-04-21 16:41:37.801337,2026-04-21 16:41:38.075114,0 days 00:00:00.273777,-80.0,100.0,32.175641564067206,47.898768087759365,108.5143110714996,20.66434365776076,-71.19926753594481,96.48359143896548,39.58021763556337,58.192679084610475,-3.74350041582899,92.99769127562193,Unfeasible shape,GPSampler,PRUNED
374,374,6.0,2026-04-21 16:41:38.202899,2026-04-21 16:41:38.292400,0 days 00:00:00.089501,-80.0,100.0,32.050496139249404,48.05408513152147,108.92375933146965,20.839138932935597,-71.30662484271744,96.7061195587357,39.3781673490568,58.41860885878733,-4.062278209721608,93.05339967527463,Unfeasible shape,GPSampler,PRUNED
375,375,6.0,2026-04-21 16:41:38.438966,2026-04-21 16:41:38.648684,0 days 00:00:00.209718,-80.0,100.0,31.873784764025242,47.909646327995404,108.736865359274,20.721222893168232,-71.28671431936142,96.63418180349291,39.44949796783639,58.33195342101668,-3.863028602409603,92.99241791287858,Unfeasible shape,GPSampler,PRUNED
376,376,6.0,2026-04-21 16:41:38.797716,2026-04-21 16:41:39.421267,0 days 00:00:00.623551,-80.0,100.0,31.998426515318407,48.060813658279216,108.8018483316021,20.872512509880217,-71.37009892748185,96.70319047953323,39.459672982677844,58.27280005405883,-3.824274919812563,92.98294019571347,Unfeasible shape,GPSampler,PRUNED
377,377,6.0,2026-04-21 16:41:39.562911,2026-04-21 16:41:39.734678,0 days 00:00:00.171767,-80.0,100.0,32.354069991524035,48.36705219963645,108.89403475659788,21.130104768017922,-71.451872125111,96.5497109985928,39.599059080741405,58.2514624777217,-4.054734163778857,92.92796854986781,Unfeasible shape,GPSampler,PRUNED
378,378,6.0,2026-04-21 16:41:39.907850,2026-04-21 16:41:40.008643,0 days 00:00:00.100793,-80.0,100.0,32.10902794001147,48.19482941171646,108.61493815778381,20.800744466239898,-71.32226429598829,96.62991307964786,39.38586544272364,58.13529765126772,-4.09263881589186,93.04159301161864,Unfeasible shape,GPSampler,PRUNED
379,379,6.0,2026-04-21 16:41:40.143905,2026-04-21 16:41:40.249942,0 days 00:00:00.106037,-80.0,100.0,31.86781382311795,48.22487467930937,109.06087127571085,20.9150672446072,-71.35423631984435,96.62486406571426,39.35390535601971,58.186320985042606,-3.991168321878366,93.0247800765262,Unfeasible shape,GPSampler,PRUNED
380,380,6.0,2026-04-21 16:41:40.413327,2026-04-21 16:41:40.526489,0 days 00:00:00.113162,-80.0,100.0,32.19366617853654,48.14609635842426,108.54679585523982,20.73510342057243,-71.2830682806979,96.66121498262866,39.38666343891724,58.39684107359483,-3.828883746659347,92.9530247764695,Unfeasible shape,GPSampler,PRUNED
381,381,6.0,2026-04-21 16:41:40.696029,2026-04-21 16:41:41.419320,0 days 00:00:00.723291,-80.0,100.0,32.29861386390091,48.15830388282462,108.72843452310624,20.812927099154784,-71.32407521375283,96.65345545644931,39.52704282084384,58.27873031748048,-3.760237023944253,93.01986442210566,Unfeasible shape,GPSampler,PRUNED
382,382,6.0,2026-04-21 16:41:41.557937,2026-04-21 16:41:41.898766,0 days 00:00:00.340829,-80.0,100.0,32.094115741736836,47.9172152211707,108.79568042392441,20.900670730066665,-71.28160747009932,96.67461373026859,39.48455228899484,58.33995166376749,-3.870782652117061,92.97899590426245,Unfeasible shape,GPSampler,PRUNED
383,383,6.0,2026-04-21 16:41:42.018873,2026-04-21 16:41:42.131030,0 days 00:00:00.112157,-80.0,100.0,31.87712559915586,47.994612549341554,108.86030704305689,20.972338819927636,-71.27774662197261,96.7430755118219,39.304662443003416,58.43484902499442,-3.8800186738522804,92.90921617629928,Unfeasible shape,GPSampler,PRUNED
384,384,6.0,2026-04-21 16:41:42.268781,2026-04-21 16:41:42.585862,0 days 00:00:00.317081,-80.0,100.0,32.1433539978443,48.05915969766103,108.54497575981046,20.89596133191074,-71.29468525045952,96.61674361193366,39.415184091596494,58.415921037662486,-3.939845103566558,92.9877005949657,Unfeasible shape,GPSampler,PRUNED
385,385,6.0,2026-04-21 16:41:42.707415,2026-04-21 16:41:42.811057,0 days 00:00:00.103642,-80.0,100.0,32.117450200278725,48.06690816429799,108.56224808128226,20.875886001069844,-71.25332278630486,96.58621951810949,39.503982669085,58.3691191563865,-3.879918850486188,92.99082542591012,Unfeasible shape,GPSampler,PRUNED
