,number,value,datetime_start,datetime_complete,duration,params_lLegPt.rA1,params_lLegPt.rL0,params_lLegPt.rL1,params_lLegPt.rL2,params_lLegPt.x1,params_lLegPt.y1,params_sLegPt.rA1,params_sLegPt.rL0,params_sLegPt.rL1,params_sLegPt.rL2,params_sLegPt.x1,params_sLegPt.y1,user_attrs_prune,system_attrs_auto:sampler,state
252,252,6.0,2026-04-21 16:41:01.778216,2026-04-21 16:41:01.869744,0 days 00:00:00.091528,-80.0,100.0,32.029521948234745,47.93541113939207,108.75122013813677,20.84283716400318,-71.27525506100449,96.69589506973182,39.444252207957646,58.32721245282185,-3.835688738281295,92.98489977383237,Unfeasible shape,GPSampler,PRUNED
253,253,6.0,2026-04-21 16:41:01.990145,2026-04-21 16:41:02.069902,0 days 00:00:00.079757,-80.0,100.0,32.37318575445738,48.13297066229773,108.60973941640945,20.74766051314571,-71.25790071267507,96.53886434801449,39.57335806666656,58.17832854318966,-4.061011808266926,93.06360211772771,Unfeasible shape,GPSampler,PRUNED
254,254,6.0,2026-04-21 16:41:02.192134,2026-04-21 16:41:02.269876,0 days 00:00:00.077742,-80.0,100.0,32.01038197654235,48.04762796999798,108.77856684988474,20.928488923554156,-71.27774649224077,96.72939680142079,39.51206997356745,58.3111719547969,-3.9459806217670987,92.9847400496286,Unfeasible shape,GPSampler,PRUNED
255,255,6.0,2026-04-21 16:41:02.389573,2026-04-21 16:41:02.485288,0 days 00:00:00.095715,-80.0,100.0,32.17983276066553,48.0764535572388,108.80913103336945,20.729716303820567,-71.2902126732457,96.70491973508099,39.438773879218886,58.33603129263319,-3.938179697306399,93.02128560609128,Unfeasible shape,GPSampler,PRUNED
256,256,6.0,2026-04-21 16:41:02.599786,2026-04-21 16:41:02.740170,0 days 00:00:00.140384,-80.0,100.0,31.994342180463413,47.98433249562927,108.74947198649294,20.93890524653525,-71.2884051895723,96.73926152237847,39.43396718026279,58.321438405754805,-3.9472219486799602,92.97926002613072,Unfeasible shape,GPSampler,PRUNED
257,257,6.0,2026-04-21 16:41:02.878293,2026-04-21 16:41:02.953815,0 days 00:00:00.075522,-80.0,100.0,31.874894972904755,47.98075887357137,109.10174527949253,20.96751201481785,-71.32321830164915,96.8978807232006,39.30468487179269,58.40005496444301,-3.9706142114651577,93.01121115080282,Unfeasible shape,GPSampler,PRUNED
258,258,6.0,2026-04-21 16:41:03.085630,2026-04-21 16:41:03.164982,0 days 00:00:00.079352,-80.0,100.0,32.0141888190943,48.147303008600375,108.9321483335367,20.729469531357772,-71.36434944062141,96.82146534815921,39.57941051724376,58.63158761036232,-4.093144121878034,92.94883529308305,Unfeasible shape,GPSampler,PRUNED
259,259,6.0,2026-04-21 16:41:03.292125,2026-04-21 16:41:03.475668,0 days 00:00:00.183543,-80.0,100.0,32.169743896383395,47.95964221430267,108.70232748657313,20.794815835364,-71.23366931862364,96.63520332642678,39.52787351859672,58.38249338020316,-3.9106634830065445,92.9923633952204,Unfeasible shape,GPSampler,PRUNED
260,260,6.0,2026-04-21 16:41:03.591808,2026-04-21 16:41:03.690263,0 days 00:00:00.098455,-80.0,100.0,32.08429012125772,48.10559126113686,108.74329262505925,20.876490973391505,-71.33594289361265,96.77067184317293,39.38514144796407,58.21728191463122,-3.949330133584816,93.02788425465651,Unfeasible shape,GPSampler,PRUNED
261,261,6.0,2026-04-21 16:41:03.825227,2026-04-21 16:41:03.954147,0 days 00:00:00.128920,-80.0,100.0,32.06183342044053,48.07954558540882,108.81090516478106,20.93712144687703,-71.28379839432958,96.66440462370274,39.49880114046492,58.35374144848873,-3.9645309078636295,92.95298739406155,Unfeasible shape,GPSampler,PRUNED
262,262,6.0,2026-04-21 16:41:04.146574,2026-04-21 16:41:04.278287,0 days 00:00:00.131713,-80.0,100.0,32.09671291054788,47.979080002605315,108.59459128141508,20.58563498560364,-71.2677920430733,96.61897417936261,39.3516616939497,58.14092345321715,-3.997425424490551,93.06679353211933,Unfeasible shape,GPSampler,PRUNED
263,263,6.0,2026-04-21 16:41:04.398214,2026-04-21 16:41:04.471893,0 days 00:00:00.073679,-80.0,100.0,31.98020935094763,48.04400794288914,108.65910573335414,21.009258758870303,-71.30321470693902,96.73181147600422,39.387768347024036,58.49834131700356,-3.854978503228761,92.97598533685523,Unfeasible shape,GPSampler,PRUNED
264,264,6.0,2026-04-21 16:41:04.738354,2026-04-21 16:41:04.847964,0 days 00:00:00.109610,-80.0,100.0,32.076038204959794,47.97261298448713,108.72568808100856,20.936345828424024,-71.28117099496215,96.61604848250525,39.38602633360612,58.385454548100164,-3.8532593418970684,92.9923971609198,Unfeasible shape,GPSampler,PRUNED
265,265,6.0,2026-04-21 16:41:04.984004,2026-04-21 16:41:05.060309,0 days 00:00:00.076305,-80.0,100.0,32.21924587710067,48.2131441781965,108.49452216711873,21.01682456079493,-71.19592292736989,96.52989797227058,39.477795351820944,58.089447569814205,-4.118311931362715,93.01636080578493,Unfeasible shape,GPSampler,PRUNED
266,266,6.0,2026-04-21 16:41:05.175795,2026-04-21 16:41:05.291874,0 days 00:00:00.116079,-80.0,100.0,32.27074621759141,47.931677869541694,108.88618120102679,20.5001426249232,-71.20824194218692,96.63600211641679,39.63479061558169,58.45883425477196,-3.869803353567935,93.04537467371624,Unfeasible shape,GPSampler,PRUNED
267,267,6.0,2026-04-21 16:41:05.517962,2026-04-21 16:41:05.615669,0 days 00:00:00.097707,-80.0,100.0,32.2457325779536,48.035223896130034,108.78977002842015,20.81867975767868,-71.2474995222934,96.67154004482833,39.54490683399723,58.24870706700389,-3.8853240067846215,92.98599969257702,Unfeasible shape,GPSampler,PRUNED
268,268,6.0,2026-04-21 16:41:05.735884,2026-04-21 16:41:05.849997,0 days 00:00:00.114113,-80.0,100.0,32.10029919571218,47.962510652691876,108.611303423121,20.95969513734697,-71.35962055591474,96.69683849010003,39.5408471215906,58.33342978591906,-3.8916286658335366,93.02487783092992,Unfeasible shape,GPSampler,PRUNED
269,269,6.0,2026-04-21 16:41:06.048217,2026-04-21 16:41:06.138200,0 days 00:00:00.089983,-80.0,100.0,32.06522586490807,47.989261209780274,108.74973527282027,20.927161587501175,-71.30616116329898,96.714889194294,39.42992813360979,58.347893441880345,-3.8840560819116696,92.96526961246843,Unfeasible shape,GPSampler,PRUNED
270,270,6.0,2026-04-21 16:41:06.257146,2026-04-21 16:41:06.410051,0 days 00:00:00.152905,-80.0,100.0,32.06495129589355,47.85449979945385,108.53574942973366,21.011331105224194,-71.31891882067767,96.62008982729881,39.38250120072762,58.49149108096537,-3.941457696974151,93.04467678252117,Unfeasible shape,GPSampler,PRUNED
271,271,6.0,2026-04-21 16:41:06.545105,2026-04-21 16:41:06.647911,0 days 00:00:00.102806,-80.0,100.0,32.104245725331666,47.91821237530973,108.73171255683617,20.576469116458853,-71.13719973081996,96.62256000051288,39.41107185621217,58.32402176009179,-3.8354102201500275,92.94104357834317,Unfeasible shape,GPSampler,PRUNED
272,272,6.0,2026-04-21 16:41:06.798322,2026-04-21 16:41:06.954185,0 days 00:00:00.155863,-80.0,100.0,32.133362612135315,48.0818418932774,108.76065520350022,20.875032325798863,-71.30056634898895,96.72405955915313,39.44895666522008,58.37670592577423,-3.983079357099399,93.03691361287588,Unfeasible shape,GPSampler,PRUNED
273,273,6.0,2026-04-21 16:41:07.091109,2026-04-21 16:41:07.183955,0 days 00:00:00.092846,-80.0,100.0,32.219230059357045,48.03095285984643,108.57135066513347,20.740866771865996,-71.23763570757357,96.59987397777054,39.5375935678461,58.31222383542294,-4.007873201791412,93.02396305323809,Unfeasible shape,GPSampler,PRUNED
274,274,6.0,2026-04-21 16:41:07.318111,2026-04-21 16:41:07.397936,0 days 00:00:00.079825,-80.0,100.0,32.067334574437425,47.95169609535482,108.65227765354254,20.975939353680303,-71.33162531142958,96.69661546945193,39.397795290666046,58.425888981334424,-3.863483464728116,92.99645328031136,Unfeasible shape,GPSampler,PRUNED
275,275,6.0,2026-04-21 16:41:07.558296,2026-04-21 16:41:07.635677,0 days 00:00:00.077381,-80.0,100.0,32.11070592319438,48.07083558665692,108.93785430474361,21.083034553669876,-71.33922209050786,96.7112558033763,39.42853478423767,58.44426967471756,-4.018520519393448,93.03631372203454,Unfeasible shape,GPSampler,PRUNED
276,276,6.0,2026-04-21 16:41:07.770871,2026-04-21 16:41:08.208324,0 days 00:00:00.437453,-80.0,100.0,32.11431793365169,47.99741927994085,108.71710579805567,20.7924812380112,-71.27049748020572,96.63001781568148,39.411259677314064,58.45388972344708,-3.9640888982631317,93.01369756545543,Unfeasible shape,GPSampler,PRUNED
277,277,6.0,2026-04-21 16:41:08.328943,2026-04-21 16:41:08.494163,0 days 00:00:00.165220,-80.0,100.0,32.103401023787036,48.072580088456085,108.75678469704465,20.762037202212667,-71.35188692011505,96.68511377354424,39.48189448903412,58.41753780010795,-3.926432761919841,93.00479336633515,Unfeasible shape,GPSampler,PRUNED
278,278,6.0,2026-04-21 16:41:08.636202,2026-04-21 16:41:08.714414,0 days 00:00:00.078212,-80.0,100.0,32.004066932660244,47.96645138200168,108.79717453354436,21.209917167842754,-71.2287248827855,96.72131171306178,39.559929411719295,58.29724508613708,-3.9604096472674506,93.0131733422209,Unfeasible shape,GPSampler,PRUNED
279,279,6.0,2026-04-21 16:41:08.848244,2026-04-21 16:41:09.138279,0 days 00:00:00.290035,-80.0,100.0,32.17011963071265,48.02684564427597,108.38598404932704,20.620612425182067,-71.24234283368851,96.73411839069055,39.62463564515062,58.117067543805675,-4.233481038968058,93.00777885843378,Unfeasible shape,GPSampler,PRUNED
280,280,6.0,2026-04-21 16:41:09.288052,2026-04-21 16:41:09.565744,0 days 00:00:00.277692,-80.0,100.0,32.16162623980326,47.978989096593374,108.76179109072872,20.576567301191005,-71.32702240163536,96.51235932426057,39.41838295918923,58.23155751907973,-4.086690448275437,92.99687081280808,Unfeasible shape,GPSampler,PRUNED
281,281,6.0,2026-04-21 16:41:09.700021,2026-04-21 16:41:09.782811,0 days 00:00:00.082790,-80.0,100.0,32.113838745880855,48.01186162579322,108.81804761338579,21.032061801314335,-71.33952455352403,96.7124826271191,39.392182977033926,58.37586913905969,-3.9352507202089697,93.10212270325214,Unfeasible shape,GPSampler,PRUNED
282,282,6.0,2026-04-21 16:41:09.919470,2026-04-21 16:41:10.087412,0 days 00:00:00.167942,-80.0,100.0,32.35423111866584,48.3672129024918,108.89400612144692,21.13036314693833,-71.4519372411701,96.54964431871696,39.599104574563725,58.25150442559194,-4.05464354145106,92.92782314416365,Unfeasible shape,GPSampler,PRUNED
283,283,6.0,2026-04-21 16:41:10.231601,2026-04-21 16:41:10.334697,0 days 00:00:00.103096,-80.0,100.0,31.99058453380609,47.97826234469989,108.60246178228815,20.913080426908714,-71.22759194158746,96.61858571336923,39.48775877080564,58.16222569563874,-3.9319612551294725,92.9812094382864,Unfeasible shape,GPSampler,PRUNED
284,284,6.0,2026-04-21 16:41:10.453387,2026-04-21 16:41:10.671207,0 days 00:00:00.217820,-80.0,100.0,32.04177974855426,48.01865082915881,108.69359976269332,20.869607446399648,-71.31695705234416,96.64570230275137,39.48875972961256,58.35915402954386,-3.919975563724293,92.99185312921374,Unfeasible shape,GPSampler,PRUNED
285,285,6.0,2026-04-21 16:41:10.803274,2026-04-21 16:41:10.900498,0 days 00:00:00.097224,-80.0,100.0,32.19306266518831,47.97822942115124,108.6995276782247,20.872075628741435,-71.28244452694791,96.71469719802664,39.42498546416736,58.36456124146184,-3.9054443346947494,92.99150765957114,Unfeasible shape,GPSampler,PRUNED
286,286,6.0,2026-04-21 16:41:11.036161,2026-04-21 16:41:11.120626,0 days 00:00:00.084465,-80.0,100.0,31.923476052288073,48.152842685109384,108.79637785237433,20.911369335384705,-71.34705644125468,96.61726999446371,39.466632617615375,58.288272464279224,-3.866810099787177,93.00532509163178,Unfeasible shape,GPSampler,PRUNED
287,287,6.0,2026-04-21 16:41:11.310305,2026-04-21 16:41:11.399747,0 days 00:00:00.089442,-80.0,100.0,32.232524253972485,48.01644467237737,108.60909724176149,20.945557720270067,-71.22619773842071,96.5559135972466,39.62596719421073,58.4304001000491,-3.8380102510479404,92.9510870870488,Unfeasible shape,GPSampler,PRUNED
288,288,6.0,2026-04-21 16:41:11.538208,2026-04-21 16:41:11.870175,0 days 00:00:00.331967,-80.0,100.0,32.26130492800291,48.04127495336602,108.62256286824822,20.600454089316635,-71.30348683136887,96.60060054806524,39.56063140085681,58.40336913364824,-3.8791715010340084,92.9975009680287,Unfeasible shape,GPSampler,PRUNED
289,289,6.0,2026-04-21 16:41:11.993188,2026-04-21 16:41:12.102365,0 days 00:00:00.109177,-80.0,100.0,32.19252094735272,48.172955059166725,108.62656099046579,20.720549666934225,-71.27236814291317,96.70374619209241,39.551097208108885,58.26988385744543,-3.9828466584298923,92.97964865423012,Unfeasible shape,GPSampler,PRUNED
290,290,6.0,2026-04-21 16:41:12.226881,2026-04-21 16:41:12.390509,0 days 00:00:00.163628,-80.0,100.0,32.13018251166754,48.033307724035815,108.74561740508757,20.75701623529273,-71.23070884169007,96.74252107323176,39.435452954755654,58.41703996447188,-3.8726280963425026,92.94244818234243,Unfeasible shape,GPSampler,PRUNED
291,291,6.0,2026-04-21 16:41:12.528780,2026-04-21 16:41:12.628157,0 days 00:00:00.099377,-80.0,100.0,32.09997163500802,47.96099798060389,108.77055012707724,20.892226045918697,-71.29519281456048,96.6121395946143,39.46479662267767,58.21334441215712,-3.8619349304889923,92.95898846025833,Unfeasible shape,GPSampler,PRUNED
292,292,6.0,2026-04-21 16:41:12.753231,2026-04-21 16:41:12.825900,0 days 00:00:00.072669,-80.0,100.0,32.081356675617116,47.977103036030364,108.74148640850449,20.915915538919222,-71.3027954471557,96.70266208482093,39.44727082545295,58.413272872560235,-3.8881076340358973,92.98049581607852,Unfeasible shape,GPSampler,PRUNED
293,293,6.0,2026-04-21 16:41:12.952288,2026-04-21 16:41:13.042433,0 days 00:00:00.090145,-80.0,100.0,31.97325500855353,48.025559203885955,108.72946201471443,20.78390362943825,-71.36008953348438,96.79214270703447,39.32938299248087,58.43622725020874,-3.857356211646888,92.93482567959747,Unfeasible shape,GPSampler,PRUNED
294,294,6.0,2026-04-21 16:41:13.188479,2026-04-21 16:41:13.344469,0 days 00:00:00.155990,-80.0,100.0,32.17660013317834,48.05065633126548,108.62600095337497,20.925241365124407,-71.25538621742794,96.63626027394024,39.47762751601137,58.319456861106616,-3.8907899331572935,92.96900288515123,Unfeasible shape,GPSampler,PRUNED
295,295,6.0,2026-04-21 16:41:13.500357,2026-04-21 16:41:13.590144,0 days 00:00:00.089787,-80.0,100.0,32.08042288057051,47.93725044829134,108.80431830388746,20.774382867811063,-71.20322766552613,96.55026326287816,39.38515867233455,58.325078130040055,-3.9082982632482484,92.86535316431429,Unfeasible shape,GPSampler,PRUNED
296,296,6.0,2026-04-21 16:41:13.738300,2026-04-21 16:41:14.134870,0 days 00:00:00.396570,-80.0,100.0,32.37253135134303,48.09732621875384,108.86695959002806,20.668659009654455,-71.25098761355318,96.57247050886393,39.34301061941531,58.22749615075722,-3.9415148175475103,93.06858680659687,Unfeasible shape,GPSampler,PRUNED
297,297,6.0,2026-04-21 16:41:14.258169,2026-04-21 16:41:14.357073,0 days 00:00:00.098904,-80.0,100.0,31.890644033330062,48.05444376347456,108.69054619862955,21.176464401408055,-71.41109866865818,96.78951634141266,39.3023815094951,58.32735731199201,-3.8601606620807374,93.01785275010383,Unfeasible shape,GPSampler,PRUNED
298,298,6.0,2026-04-21 16:41:14.534412,2026-04-21 16:41:14.618374,0 days 00:00:00.083962,-80.0,100.0,32.01993285732553,47.961367231063754,108.72427011221114,20.948399228503135,-71.26049830662353,96.66352011112333,39.42912751047927,58.39399676761761,-3.931446435812944,92.97732249726047,Unfeasible shape,GPSampler,PRUNED
299,299,6.0,2026-04-21 16:41:14.738454,2026-04-21 16:41:14.818357,0 days 00:00:00.079903,-80.0,100.0,32.22389164401851,47.9679207685092,108.51361264850587,20.77096722529609,-71.25816994525718,96.61823509516424,39.542225417437535,58.28727987176578,-3.995143179740225,93.00614661663545,Unfeasible shape,GPSampler,PRUNED
300,300,6.0,2026-04-21 16:41:14.938509,2026-04-21 16:41:15.017670,0 days 00:00:00.079161,-80.0,100.0,32.2103634960575,48.01804736825495,108.57559198180873,20.745443624685066,-71.28233742940573,96.57282621443562,39.56164953038811,58.38529367507539,-3.9166147858233913,93.04792020882792,Unfeasible shape,GPSampler,PRUNED
301,301,6.0,2026-04-21 16:41:15.142079,2026-04-21 16:41:15.265843,0 days 00:00:00.123764,-80.0,100.0,32.354198866857274,48.367180757731305,108.8940118572293,21.13031147143922,-71.45192421981406,96.54965766378056,39.59909546417776,58.25149603448793,-4.054661656909019,92.92785222605957,Unfeasible shape,GPSampler,PRUNED
302,302,6.0,2026-04-21 16:41:15.388216,2026-04-21 16:41:15.545662,0 days 00:00:00.157446,-80.0,100.0,31.98806756676782,48.02595606399572,108.6996054469807,21.00787690658327,-71.3404057918805,96.67045898701883,39.34715580942766,58.30673112801009,-3.928932941520877,93.00693606626682,Unfeasible shape,GPSampler,PRUNED
303,303,6.0,2026-04-21 16:41:15.704902,2026-04-21 16:41:15.778078,0 days 00:00:00.073176,-80.0,100.0,32.21204169215309,48.034145008804046,108.65278006338598,20.750366819723304,-71.27166893689194,96.59951678814087,39.50841073471422,58.30444273590252,-3.954832937256242,93.046522765046,Unfeasible shape,GPSampler,PRUNED
304,304,6.0,2026-04-21 16:41:15.894317,2026-04-21 16:41:16.018351,0 days 00:00:00.124034,-80.0,100.0,32.30130249948027,48.13759501067113,108.82114188549181,20.76615504404409,-71.27324696085867,96.60752978157028,39.32231897464603,58.2527547139962,-3.9760559916409264,92.99382474589589,Unfeasible shape,GPSampler,PRUNED
305,305,6.0,2026-04-21 16:41:16.200436,2026-04-21 16:41:16.286602,0 days 00:00:00.086166,-80.0,100.0,32.038687490574276,47.97043795109372,108.6735782869022,20.953449795147023,-71.34816235146782,96.726179919995,39.52571407968506,58.31225057691014,-4.158639398612934,92.99837613254448,Unfeasible shape,GPSampler,PRUNED
306,306,6.0,2026-04-21 16:41:16.458569,2026-04-21 16:41:16.536137,0 days 00:00:00.077568,-80.0,100.0,31.952023745438204,47.881249540711146,108.74241016396465,20.666610155626074,-71.30264317575906,96.69101282547335,39.58711196194245,58.27901413661596,-3.9235231310547505,93.06067124763516,Unfeasible shape,GPSampler,PRUNED
307,307,6.0,2026-04-21 16:41:16.664350,2026-04-21 16:41:16.842326,0 days 00:00:00.177976,-80.0,100.0,32.09920339791599,48.10013013444782,108.44294272214768,20.963387440535612,-71.29492966947473,96.63646152943716,39.536683480034725,58.4215068660974,-3.6960144960746995,92.96751662675791,Unfeasible shape,GPSampler,PRUNED
308,308,6.0,2026-04-21 16:41:16.958158,2026-04-21 16:41:17.080068,0 days 00:00:00.121910,-80.0,100.0,32.07854903912114,47.971444390454764,108.6192437096074,20.673953723277997,-71.23215911923879,96.66919607455854,39.52322436821362,58.308542868044725,-3.882214691182895,92.95979880404855,Unfeasible shape,GPSampler,PRUNED
309,309,6.0,2026-04-21 16:41:17.208527,2026-04-21 16:41:17.368528,0 days 00:00:00.160001,-80.0,100.0,32.12352415385874,48.035927441144565,108.77358230390324,20.88112829413491,-71.31768321986544,96.67632579329788,39.44540184205038,58.413642984927705,-3.947443625031916,93.07477363158512,Unfeasible shape,GPSampler,PRUNED
310,310,6.0,2026-04-21 16:41:17.518443,2026-04-21 16:41:17.630506,0 days 00:00:00.112063,-80.0,100.0,32.09649106386128,47.77557217669458,108.55505519294277,20.651535018568055,-71.22940999878281,96.53708453092923,39.591296302782766,57.93340405687704,-3.9680359823489297,93.02461957116155,Unfeasible shape,GPSampler,PRUNED
311,311,6.0,2026-04-21 16:41:17.748317,2026-04-21 16:41:17.880549,0 days 00:00:00.132232,-80.0,100.0,32.46292301511515,48.00832505570292,108.39689277474307,20.486573051388966,-71.28587600805116,96.40690334135056,39.530937907473,58.139979682838266,-3.7974176588939095,93.04915560752242,Unfeasible shape,GPSampler,PRUNED
312,312,6.0,2026-04-21 16:41:18.008606,2026-04-21 16:41:18.103982,0 days 00:00:00.095376,-80.0,100.0,32.55833017619053,48.13864175163716,108.62993137967518,20.630638508084886,-71.23174383550231,96.35905357936008,39.644588670426685,58.57476404041714,-3.860606822905858,93.03267406477116,Unfeasible shape,GPSampler,PRUNED
313,313,6.0,2026-04-21 16:41:18.268268,2026-04-21 16:41:18.358608,0 days 00:00:00.090340,-80.0,100.0,32.03703459331437,48.06665098163481,108.72011187271485,21.003671983204896,-71.2814814687802,96.68705365922183,39.49097263126088,58.447504305780875,-3.836792772249588,92.97371477295977,Unfeasible shape,GPSampler,PRUNED
314,314,6.0,2026-04-21 16:41:18.482026,2026-04-21 16:41:18.554379,0 days 00:00:00.072353,-80.0,100.0,32.16365652838029,48.0297887240154,108.75523168222725,20.864883429758052,-71.29781920941033,96.73160732192451,39.40887784862082,58.33621485301905,-3.90383285477834,92.99105278826815,Unfeasible shape,GPSampler,PRUNED
315,315,6.0,2026-04-21 16:41:18.683299,2026-04-21 16:41:18.807037,0 days 00:00:00.123738,-80.0,100.0,32.00277428665613,48.02530200413965,108.86987878792121,20.98420467742286,-71.3349553336528,96.71628101983883,39.39681078096173,58.407770136984176,-3.9428286910823758,92.96281927359108,Unfeasible shape,GPSampler,PRUNED
316,316,6.0,2026-04-21 16:41:18.930353,2026-04-21 16:41:19.048467,0 days 00:00:00.118114,-80.0,100.0,32.02000844708603,48.0224415773438,108.51979884942779,21.010732773316043,-71.20369940143446,96.47664050856942,39.278219047912074,58.04494039980102,-3.860512600957744,93.09923321679227,Unfeasible shape,GPSampler,PRUNED
317,317,6.0,2026-04-21 16:41:19.203651,2026-04-21 16:41:19.298717,0 days 00:00:00.095066,-80.0,100.0,32.17647758255856,47.93174296380682,108.6949175428825,20.789777823575086,-71.23702091353108,96.76140389987756,39.538745042456966,58.51483972521359,-3.8810442457370335,92.97121745037158,Unfeasible shape,GPSampler,PRUNED
318,318,6.0,2026-04-21 16:41:19.437353,2026-04-21 16:41:19.513175,0 days 00:00:00.075822,-80.0,100.0,32.011430307246926,47.923500059228424,108.75048516566265,20.968909404086766,-71.20111121239808,96.65077831964815,39.38369848178802,58.389167757281854,-3.817112612278386,92.96208500809591,Unfeasible shape,GPSampler,PRUNED
