,number,value,datetime_start,datetime_complete,duration,params_lLegPt.rA1,params_lLegPt.rL0,params_lLegPt.rL1,params_lLegPt.rL2,params_lLegPt.x1,params_lLegPt.y1,params_sLegPt.rA1,params_sLegPt.rL0,params_sLegPt.rL1,params_sLegPt.rL2,params_sLegPt.x1,params_sLegPt.y1,user_attrs_prune,system_attrs_auto:sampler,state
857,857,6.0,2026-04-21 16:43:51.761098,2026-04-21 16:43:51.892902,0 days 00:00:00.131804,-80.0,100.0,32.238993455350524,47.996588468389355,108.79682621597922,20.848672754112137,-71.2024090792754,96.83567634996946,39.567557935448605,58.48234438188045,-3.87069134915183,93.02023115123714,Unfeasible shape,GPSampler,PRUNED
858,858,6.0,2026-04-21 16:43:52.031584,2026-04-21 16:43:52.127540,0 days 00:00:00.095956,-80.0,100.0,31.96910223736574,48.00913416507241,108.88359807108164,20.839109832333072,-71.31241273968888,96.74700499157072,39.468956995766945,58.175287228154346,-4.0442817634667385,92.95901979935968,Unfeasible shape,GPSampler,PRUNED
859,859,6.0,2026-04-21 16:43:52.252317,2026-04-21 16:43:52.355791,0 days 00:00:00.103474,-80.0,100.0,32.17941651271738,48.029017182644694,108.63345692985206,20.89757373936252,-71.32545515072937,96.6274205467634,39.41113280218996,58.23946668179691,-3.9008242449438484,92.98651389350337,Unfeasible shape,GPSampler,PRUNED
860,860,6.0,2026-04-21 16:43:52.506735,2026-04-21 16:43:52.641595,0 days 00:00:00.134860,-80.0,100.0,32.082912065139354,48.05886051104193,108.79084330747756,20.834570390167748,-71.32512233718451,96.71441394350921,39.39440753097088,58.33101030533108,-4.064009770645079,93.02822006746192,Unfeasible shape,GPSampler,PRUNED
861,861,6.0,2026-04-21 16:43:52.786637,2026-04-21 16:43:52.887561,0 days 00:00:00.100924,-80.0,100.0,32.1700946998555,47.936945579111566,108.68327778913864,20.803335936912383,-71.27830464043771,96.6778448967321,39.39644430302914,58.441228837645475,-3.9425549667647886,92.9908304917119,Unfeasible shape,GPSampler,PRUNED
862,862,6.0,2026-04-21 16:43:53.039628,2026-04-21 16:43:53.126720,0 days 00:00:00.087092,-80.0,100.0,32.1743590283135,48.097018651718265,108.65956972766583,20.820910050893033,-71.28406001393235,96.61663454030133,39.45303019097949,58.361279352204825,-3.9753025364805374,93.0056477044592,Unfeasible shape,GPSampler,PRUNED
863,863,6.0,2026-04-21 16:43:53.283079,2026-04-21 16:43:53.378766,0 days 00:00:00.095687,-80.0,100.0,32.24102275543959,48.14918786403059,108.7960129671126,21.042657849509276,-71.35615444517043,96.71783666628811,39.390833107036855,58.33302896786891,-3.998810799540447,92.98508718366402,Unfeasible shape,GPSampler,PRUNED
864,864,6.0,2026-04-21 16:43:53.533453,2026-04-21 16:43:53.619401,0 days 00:00:00.085948,-80.0,100.0,32.02136384769086,48.07531560063552,108.75639227839125,20.949089427708543,-71.32049203963066,96.71528642595426,39.40681816587376,58.37747561924059,-3.9278081860071126,92.99272101879811,Unfeasible shape,GPSampler,PRUNED
865,865,6.0,2026-04-21 16:43:53.750254,2026-04-21 16:43:53.830876,0 days 00:00:00.080622,-80.0,100.0,32.37017854888633,48.13249099036525,108.68262890034183,20.88257401859434,-71.28526965807853,96.54494037357922,39.35461487112897,58.53680088985577,-3.90938228025529,92.99909793089607,Unfeasible shape,GPSampler,PRUNED
866,866,6.0,2026-04-21 16:43:53.953219,2026-04-21 16:43:54.048784,0 days 00:00:00.095565,-80.0,100.0,32.101509766113665,48.04759931172405,108.81606495598315,20.849858774313397,-71.27096172299872,96.65546366009454,39.4951863999127,58.391503956878154,-3.90449943845195,93.01035639340358,Unfeasible shape,GPSampler,PRUNED
867,867,6.0,2026-04-21 16:43:54.193974,2026-04-21 16:43:54.300770,0 days 00:00:00.106796,-80.0,100.0,32.149434153636456,48.054803134475755,108.62794357832063,20.952593953704948,-71.32129914540212,96.62173013448243,39.567395364441424,58.24230687343891,-3.911103512775952,92.90073704488779,Unfeasible shape,GPSampler,PRUNED
868,868,6.0,2026-04-21 16:43:54.423169,2026-04-21 16:43:54.536732,0 days 00:00:00.113563,-80.0,100.0,31.990334447510453,48.10044012177247,108.73450333381034,21.05886463194065,-71.2456733247557,96.68137794553078,39.30137072219135,58.234351120989274,-3.909414980706014,93.02451672103606,Unfeasible shape,GPSampler,PRUNED
869,869,6.0,2026-04-21 16:43:54.677656,2026-04-21 16:43:54.785737,0 days 00:00:00.108081,-80.0,100.0,32.288142031699756,48.04645262073111,108.77910954545113,20.65355655189719,-71.26881983908879,96.61447008296533,39.54470018684408,58.417336992592176,-3.7825925316182776,93.05424992950816,Unfeasible shape,GPSampler,PRUNED
870,870,6.0,2026-04-21 16:43:54.942829,2026-04-21 16:43:55.122883,0 days 00:00:00.180054,-80.0,100.0,32.1923285752129,47.955908490026005,108.76717888175459,20.913588126223836,-71.27204415610852,96.65488374815442,39.2693903029479,58.123231691169536,-4.015759838671883,93.01398461511477,Unfeasible shape,GPSampler,PRUNED
871,871,6.0,2026-04-21 16:43:55.256453,2026-04-21 16:43:55.489108,0 days 00:00:00.232655,-80.0,100.0,32.31932923752601,48.11342215735679,108.91665577634636,20.821029195183918,-71.37162741678547,96.6868358237704,39.54426074821667,58.35308371423955,-3.880173968926936,92.99803225413349,Unfeasible shape,GPSampler,PRUNED
872,872,6.0,2026-04-21 16:43:55.668680,2026-04-21 16:43:55.775437,0 days 00:00:00.106757,-80.0,100.0,32.057289889821156,47.930648489397285,109.09079268510412,20.697011956831318,-71.25664254265182,96.8025988999863,39.33541667568929,58.34214293697541,-3.823078716882538,92.84535181557979,Unfeasible shape,GPSampler,PRUNED
873,873,6.0,2026-04-21 16:43:55.900548,2026-04-21 16:43:55.979671,0 days 00:00:00.079123,-80.0,100.0,32.1445676932038,48.039885386256735,108.89579262075371,20.74379438561654,-71.25753044539161,96.67864370402594,39.568667075525404,58.340037277748884,-4.030762105860074,93.03919897505591,Unfeasible shape,GPSampler,PRUNED
874,874,6.0,2026-04-21 16:43:56.100748,2026-04-21 16:43:56.219365,0 days 00:00:00.118617,-80.0,100.0,32.05662305586042,48.029002570624115,108.87997008933054,20.89019330883596,-71.29406508388385,96.80407074843716,39.337078921760344,58.31969992456026,-3.9159400007942686,92.98347613252474,Unfeasible shape,GPSampler,PRUNED
875,875,6.0,2026-04-21 16:43:56.345952,2026-04-21 16:43:56.439644,0 days 00:00:00.093692,-80.0,100.0,32.07091252008087,48.04848659389063,108.87111328518296,20.870869993401804,-71.30039283915947,96.6360507738633,39.4016221629867,58.389756494168466,-4.012777363881696,92.85545743652544,Unfeasible shape,GPSampler,PRUNED
876,876,6.0,2026-04-21 16:43:56.616170,2026-04-21 16:43:56.701014,0 days 00:00:00.084844,-80.0,100.0,32.15888590549248,48.13672314151312,108.58537508469793,20.811190797376987,-71.35426723431986,96.51762329787778,39.48534708228637,58.44521359279026,-3.874817166408967,92.99268847804942,Unfeasible shape,GPSampler,PRUNED
877,877,6.0,2026-04-21 16:43:56.843138,2026-04-21 16:43:56.928538,0 days 00:00:00.085400,-80.0,100.0,32.16711640196155,48.107188095236324,108.76404312314038,20.805709060119923,-71.29413323886614,96.64388739000968,39.51177188118537,58.30295377442228,-3.988031049810843,93.07319194237043,Unfeasible shape,GPSampler,PRUNED
878,878,6.0,2026-04-21 16:43:57.050025,2026-04-21 16:43:57.173602,0 days 00:00:00.123577,-80.0,100.0,32.17700200748831,47.993225512474396,108.61357103683386,20.880955110269753,-71.28202046340279,96.56823256848517,39.443514235827394,58.31545114346219,-4.03904533691696,92.9934754098482,Unfeasible shape,GPSampler,PRUNED
879,879,6.0,2026-04-21 16:43:57.297590,2026-04-21 16:43:57.387364,0 days 00:00:00.089774,-80.0,100.0,32.126148476176496,48.02543327535024,108.81557026271588,20.85292574560593,-71.32307383986509,96.691212708261,39.4400585102199,58.35010246891292,-3.903018891646017,92.96415656334992,Unfeasible shape,GPSampler,PRUNED
880,880,6.0,2026-04-21 16:43:57.511170,2026-04-21 16:43:57.593403,0 days 00:00:00.082233,-80.0,100.0,32.209222936863725,48.18509795679207,108.5999027079475,20.911633294013278,-71.25798620403093,96.65126539552091,39.492202508840954,58.4094180633023,-3.903708713911314,92.99454594025998,Unfeasible shape,GPSampler,PRUNED
881,881,6.0,2026-04-21 16:43:57.733145,2026-04-21 16:43:57.849068,0 days 00:00:00.115923,-80.0,100.0,32.16545960857323,48.016582539145304,108.65246226532292,20.849019566325374,-71.29129873254533,96.64928136438394,39.45082519403039,58.27564614497983,-3.937972004306083,92.96512231209742,Unfeasible shape,GPSampler,PRUNED
882,882,6.0,2026-04-21 16:43:57.980693,2026-04-21 16:43:58.095437,0 days 00:00:00.114744,-80.0,100.0,31.91706846407484,48.022775735118955,108.80612304102881,20.865966221038796,-71.27116609488823,96.70697078889977,39.438787251863424,58.18308371734702,-3.9606177782766423,92.99257914953242,Unfeasible shape,GPSampler,PRUNED
883,883,6.0,2026-04-21 16:43:58.208121,2026-04-21 16:43:58.328089,0 days 00:00:00.119968,-80.0,100.0,31.999463791100922,47.9204200366261,108.86458819852365,20.987137042977366,-71.32169195524335,96.61839480650613,39.51303392254668,58.54293423778874,-3.9156067645091923,92.99009805125998,Unfeasible shape,GPSampler,PRUNED
884,884,6.0,2026-04-21 16:43:58.463610,2026-04-21 16:43:58.572140,0 days 00:00:00.108530,-80.0,100.0,31.968354186406174,47.996164164718614,108.76000834172265,20.864601520983946,-71.24760445747464,96.6130499883475,39.40060556773738,58.347479197233476,-3.8695543270496238,92.9249036833808,Unfeasible shape,GPSampler,PRUNED
885,885,6.0,2026-04-21 16:43:58.705446,2026-04-21 16:43:58.811652,0 days 00:00:00.106206,-80.0,100.0,32.14441695564937,48.0560141683177,108.73880673849587,20.68771563667473,-71.27766546974584,96.27615664210005,39.48901692357299,58.62989854461001,-3.839394405046569,93.07070775650666,Unfeasible shape,GPSampler,PRUNED
886,886,6.0,2026-04-21 16:43:58.953718,2026-04-21 16:43:59.049500,0 days 00:00:00.095782,-80.0,100.0,32.07507599989847,48.00928986173149,108.6734743282771,20.891938779468916,-71.23113579039669,96.57963004610893,39.44896968598161,58.40768430815386,-3.8897436848144764,92.96635040853124,Unfeasible shape,GPSampler,PRUNED
887,887,6.0,2026-04-21 16:43:59.177299,2026-04-21 16:43:59.256407,0 days 00:00:00.079108,-80.0,100.0,32.13547574508476,48.0287263965413,108.80704671809912,21.03924273031309,-71.31575407063292,96.55769874085858,39.373210662418074,58.34726506651661,-3.912075226813929,92.99982683320415,Unfeasible shape,GPSampler,PRUNED
888,888,6.0,2026-04-21 16:43:59.377280,2026-04-21 16:43:59.456395,0 days 00:00:00.079115,-80.0,100.0,32.196593952821374,47.94206574637739,108.73071866576761,20.877075428669272,-71.32493795205934,96.73632780984231,39.51791565638149,58.30129422055347,-3.888498050545426,92.96825281331661,Unfeasible shape,GPSampler,PRUNED
889,889,6.0,2026-04-21 16:43:59.578066,2026-04-21 16:43:59.704954,0 days 00:00:00.126888,-80.0,100.0,32.110267613460465,47.994629218009415,108.80371117922803,20.957343747625387,-71.30467515230822,96.74385091331669,39.402705621414476,58.42480210509432,-3.9242207946115926,92.98452881220409,Unfeasible shape,GPSampler,PRUNED
890,890,6.0,2026-04-21 16:43:59.837429,2026-04-21 16:43:59.937712,0 days 00:00:00.100283,-80.0,100.0,32.277682029076786,47.989747290650065,108.91667208731087,20.73620739267077,-71.24923485454951,96.65677197809451,39.48076038554428,58.247589519527104,-3.9128257127009896,93.02465450800638,Unfeasible shape,GPSampler,PRUNED
891,891,6.0,2026-04-21 16:44:00.075371,2026-04-21 16:44:00.200866,0 days 00:00:00.125495,-80.0,100.0,32.16144737769462,48.093273971355956,108.75923520515947,20.673099679486782,-71.2586834322701,96.70999275784837,39.478720604552464,58.34022256013532,-3.91945256459962,92.99029000024115,Unfeasible shape,GPSampler,PRUNED
892,892,6.0,2026-04-21 16:44:00.338568,2026-04-21 16:44:00.438515,0 days 00:00:00.099947,-80.0,100.0,32.02419222576343,48.00884357747152,108.65365974023007,20.860752827855322,-71.37839996831714,96.60733552924948,39.41185833704422,58.2886732811262,-3.9884597554415784,93.02986017873576,Unfeasible shape,GPSampler,PRUNED
893,893,6.0,2026-04-21 16:44:00.574331,2026-04-21 16:44:00.640736,0 days 00:00:00.066405,-80.0,100.0,32.206391059206915,47.880455957378764,108.70916517125758,20.85569490588071,-71.32758750983079,96.71735565882021,39.53157058468909,58.42461279535221,-4.0259222188488195,93.00836508922957,Unfeasible shape,GPSampler,PRUNED
894,894,6.0,2026-04-21 16:44:00.776867,2026-04-21 16:44:00.856233,0 days 00:00:00.079366,-80.0,100.0,32.19889386156484,48.02445730176939,108.72612650039764,20.80359422915312,-71.295822638819,96.64632230973214,39.45984632847458,58.4172017053693,-3.899411028212917,92.99055124034085,Unfeasible shape,GPSampler,PRUNED
895,895,6.0,2026-04-21 16:44:00.975408,2026-04-21 16:44:01.139149,0 days 00:00:00.163741,-80.0,100.0,32.20770543987798,48.09587323199648,108.51212055671193,21.03644093401445,-71.24549735545575,96.4730317086439,39.52705124862985,58.51691226885385,-3.8738746027567643,93.0102693331067,Unfeasible shape,GPSampler,PRUNED
896,896,6.0,2026-04-21 16:44:01.275815,2026-04-21 16:44:01.408790,0 days 00:00:00.132975,-80.0,100.0,32.01098277286799,47.905047551472244,108.6098773160977,20.971522781569874,-71.21249244110037,96.71055303862232,39.60760643942542,58.40260194192496,-3.9092713874278857,92.99567443779608,Unfeasible shape,GPSampler,PRUNED
897,897,6.0,2026-04-21 16:44:01.548652,2026-04-21 16:44:01.649309,0 days 00:00:00.100657,-80.0,100.0,32.35319385577321,48.366173487161255,108.89418956520593,21.128690422273834,-71.45151529252422,96.55007397117764,39.5988126238075,58.251233206186164,-4.055232188389102,92.92876428777583,Unfeasible shape,GPSampler,PRUNED
898,898,6.0,2026-04-21 16:44:01.784654,2026-04-21 16:44:01.878825,0 days 00:00:00.094171,-80.0,100.0,32.22648385681879,47.87986005972276,108.6965587959786,20.89740508088775,-71.2702612088718,96.73409519775124,39.578619287020814,58.3046516411286,-3.7892196623476053,92.99786410837068,Unfeasible shape,GPSampler,PRUNED
899,899,6.0,2026-04-21 16:44:02.028670,2026-04-21 16:44:02.115593,0 days 00:00:00.086923,-80.0,100.0,32.26583220146817,48.04517545839133,108.58237143909959,20.598621531349963,-71.15139222730079,96.4107687740435,39.61261393450765,58.232996961302526,-3.898413375136755,92.99459564479854,Unfeasible shape,GPSampler,PRUNED
900,900,6.0,2026-04-21 16:44:02.269281,2026-04-21 16:44:02.396053,0 days 00:00:00.126772,-80.0,100.0,32.05320194335319,48.055553729927595,108.79951699458125,20.83561754306502,-71.28612476571887,96.65653015540487,39.46904320355618,58.38301007794547,-3.9700026727664444,93.03477714391815,Unfeasible shape,GPSampler,PRUNED
901,901,6.0,2026-04-21 16:44:02.552980,2026-04-21 16:44:02.647400,0 days 00:00:00.094420,-80.0,100.0,32.013876727235385,47.84150832229595,108.8900327038892,20.985658886393878,-71.25929872064688,96.67990771825517,39.42746017484461,58.34492875355289,-3.8196468513691357,93.00334666310955,Unfeasible shape,GPSampler,PRUNED
902,902,6.0,2026-04-21 16:44:02.783377,2026-04-21 16:44:02.862525,0 days 00:00:00.079148,-80.0,100.0,32.19491083305378,48.036543305534636,108.63056544649518,20.880332695253514,-71.2357427840507,96.57121932626508,39.48365481224201,58.43707391899946,-3.864788078725571,92.98797572819926,Unfeasible shape,GPSampler,PRUNED
903,903,6.0,2026-04-21 16:44:02.992568,2026-04-21 16:44:03.109743,0 days 00:00:00.117175,-80.0,100.0,32.35763107268522,48.14173467542956,108.75634134863738,20.94497066808819,-71.32822595260042,96.66042272995634,39.65116241920043,58.42255216235148,-3.964175622993853,92.99803153197705,Unfeasible shape,GPSampler,PRUNED
904,904,6.0,2026-04-21 16:44:03.241884,2026-04-21 16:44:03.375040,0 days 00:00:00.133156,-80.0,100.0,32.19537150354843,48.033671028072824,108.76778297244054,20.845680369516074,-71.28632356878626,96.68164600549754,39.534304365096986,58.33750012501632,-3.904910315193547,93.00829724754661,Unfeasible shape,GPSampler,PRUNED
905,905,6.0,2026-04-21 16:44:03.513037,2026-04-21 16:44:03.595950,0 days 00:00:00.082913,-80.0,100.0,32.197182009455666,48.120683921958964,108.61712323546664,20.788481466590106,-71.22253007683076,96.66578766865605,39.479901563322024,58.196136887102234,-3.9637139060714617,93.05028473327255,Unfeasible shape,GPSampler,PRUNED
906,906,6.0,2026-04-21 16:44:03.757865,2026-04-21 16:44:03.843520,0 days 00:00:00.085655,-80.0,100.0,32.13270337757437,48.135872687920646,108.501245826645,20.839400395005946,-71.24773269978252,96.75606991068129,39.526043356524866,58.43166463403392,-4.012993834951235,92.85453083687335,Unfeasible shape,GPSampler,PRUNED
907,907,6.0,2026-04-21 16:44:03.985492,2026-04-21 16:44:04.054409,0 days 00:00:00.068917,-80.0,100.0,32.274534566084796,48.113806615708505,108.74180534892956,20.81329420062619,-71.24105896596397,96.68328832700193,39.4121731137558,58.25138447325836,-3.8668450831704,93.02074196666507,Unfeasible shape,GPSampler,PRUNED
908,908,6.0,2026-04-21 16:44:04.174980,2026-04-21 16:44:04.299913,0 days 00:00:00.124933,-80.0,100.0,32.02263418427017,48.01874843503116,108.78075442504385,20.90456746042149,-71.28209867878648,96.67125164329342,39.4000988326428,58.387770660919536,-3.874217223587081,92.98057280589279,Unfeasible shape,GPSampler,PRUNED
909,909,6.0,2026-04-21 16:44:04.445070,2026-04-21 16:44:04.535964,0 days 00:00:00.090894,-80.0,100.0,32.00025238340041,48.03464065308376,108.73003053484896,20.933399886889312,-71.29238833157589,96.71609735829374,39.43963610620702,58.32219731630353,-3.922272717162688,92.99239769813742,Unfeasible shape,GPSampler,PRUNED
910,910,6.0,2026-04-21 16:44:04.648352,2026-04-21 16:44:04.774246,0 days 00:00:00.125894,-80.0,100.0,32.06528946734423,47.96725546051421,108.6686181971776,20.869858643471083,-71.3160277919297,96.64847459428225,39.43969112149346,58.378295085447945,-3.9988756722462497,92.98796635192586,Unfeasible shape,GPSampler,PRUNED
911,911,6.0,2026-04-21 16:44:04.894563,2026-04-21 16:44:05.025967,0 days 00:00:00.131404,-80.0,100.0,32.00496918832369,47.925275557461255,108.6905866578534,20.88605731736576,-71.27862790622676,96.70771679901667,39.44833581962659,58.39499641283845,-3.883465876866346,92.9758279726118,Unfeasible shape,GPSampler,PRUNED
912,912,6.0,2026-04-21 16:44:05.144614,2026-04-21 16:44:05.291570,0 days 00:00:00.146956,-80.0,100.0,32.2727205359206,48.03831998648646,108.82623772481826,20.988622201632204,-71.25166563630735,96.55286355516773,39.394160749752615,58.444650510717615,-3.913081323066109,92.92259276549323,Unfeasible shape,GPSampler,PRUNED
913,913,6.0,2026-04-21 16:44:05.405703,2026-04-21 16:44:05.517061,0 days 00:00:00.111358,-80.0,100.0,31.98067357548776,47.894929074531476,108.76856729179633,20.690832469661935,-71.29511746464075,96.64903987054814,39.54531231702446,58.36802940400388,-3.843452674105162,92.96725003501868,Unfeasible shape,GPSampler,PRUNED
914,914,6.0,2026-04-21 16:44:05.645346,2026-04-21 16:44:05.715736,0 days 00:00:00.070390,-80.0,100.0,32.03645487667812,47.94929038525177,108.72170034367862,20.77690282016117,-71.30399887492639,96.55419901905945,39.553754205203944,58.437839782966265,-3.8593159631564333,92.97134546072733,Unfeasible shape,GPSampler,PRUNED
915,915,6.0,2026-04-21 16:44:05.857205,2026-04-21 16:44:06.044341,0 days 00:00:00.187136,-80.0,100.0,32.08538056185475,48.03541633358834,108.70112049906588,20.877337614991752,-71.30618524974818,96.66815181980192,39.46248804140606,58.34545324746473,-3.947126011178547,92.9918063173758,Unfeasible shape,GPSampler,PRUNED
916,916,6.0,2026-04-21 16:44:06.161173,2026-04-21 16:44:06.287460,0 days 00:00:00.126287,-80.0,100.0,32.05466879604499,47.99218293921763,108.77271855592632,20.928672928549034,-71.29663857927807,96.70020273594027,39.35126670518065,58.328041489785186,-3.9187650364526405,93.00632474028313,Unfeasible shape,GPSampler,PRUNED
917,917,6.0,2026-04-21 16:44:06.431786,2026-04-21 16:44:06.524593,0 days 00:00:00.092807,-80.0,100.0,32.01240663376254,48.03724813438208,108.73798497510691,20.909215318140014,-71.303924026576,96.67281442556991,39.32026445379779,58.42509981441175,-3.874259995052725,92.94535544270273,Unfeasible shape,GPSampler,PRUNED
918,918,6.0,2026-04-21 16:44:06.678052,2026-04-21 16:44:06.773214,0 days 00:00:00.095162,-80.0,100.0,31.752774751362082,47.95984994131051,109.00563682843473,21.037678247226502,-71.33936973878421,96.8102635577623,39.230150446893916,58.439206857614224,-3.853148176517891,92.94432315343913,Unfeasible shape,GPSampler,PRUNED
919,919,6.0,2026-04-21 16:44:06.941739,2026-04-21 16:44:07.064737,0 days 00:00:00.122998,-80.0,100.0,32.330598669488,47.95467972242886,108.68136630568122,20.834063481869904,-71.26938094594226,96.649291204834,39.49930873226257,58.435871864867934,-3.8351548159263587,93.0295274741379,Unfeasible shape,GPSampler,PRUNED
920,920,6.0,2026-04-21 16:44:07.199730,2026-04-21 16:44:07.357163,0 days 00:00:00.157433,-80.0,100.0,32.108433673871275,48.025282236356894,108.74160723934372,20.685092380529014,-71.19409444203538,96.74854444075277,39.48414193010882,58.512009873946205,-3.832660156887151,93.01884972956545,Unfeasible shape,GPSampler,PRUNED
921,921,6.0,2026-04-21 16:44:07.486230,2026-04-21 16:44:07.580627,0 days 00:00:00.094397,-80.0,100.0,32.05705553381479,48.058777170931975,108.87034216247169,20.87632173558743,-71.26075671910151,96.68140048137637,39.40760004433096,58.41427692357202,-3.943006143176188,92.98198182389802,Unfeasible shape,GPSampler,PRUNED
922,922,6.0,2026-04-21 16:44:07.715157,2026-04-21 16:44:07.826781,0 days 00:00:00.111624,-80.0,100.0,32.02094821970125,47.999738874273895,108.62578233662713,20.89383298163753,-71.31445350646,96.63182984733275,39.38423839163342,58.339108825289124,-3.9973516066698593,92.97061421688656,Unfeasible shape,GPSampler,PRUNED
923,923,6.0,2026-04-21 16:44:07.972806,2026-04-21 16:44:08.078909,0 days 00:00:00.106103,-80.0,100.0,32.111703893526666,48.09445169133994,108.83541116915083,20.916639466866002,-71.31771800329126,96.73418572364635,39.3503126620632,58.45800176004023,-3.9416950097100383,93.02685161505313,Unfeasible shape,GPSampler,PRUNED
