,number,value,datetime_start,datetime_complete,duration,params_lLegPt.rA1,params_lLegPt.rL0,params_lLegPt.rL1,params_lLegPt.rL2,params_lLegPt.x1,params_lLegPt.y1,params_sLegPt.rA1,params_sLegPt.rL0,params_sLegPt.rL1,params_sLegPt.rL2,params_sLegPt.x1,params_sLegPt.y1,user_attrs_prune,system_attrs_auto:sampler,state
0,0,5.218017691631104,2026-04-21 16:34:58.719061,2026-04-21 16:35:04.859993,0 days 00:00:06.140932,-74.21223911141571,60.19553668231825,68.31371968183859,47.67647220487614,75.79829501574267,57.09670195866781,-61.38818804917533,80.46935681542182,51.914075642811035,52.54955052200641,38.314324198656124,44.87324482413773,Unattained target,RandomSampler,PRUNED
1,1,6.0,2026-04-21 16:35:04.990222,2026-04-21 16:35:05.080418,0 days 00:00:00.090196,-57.199429584033794,26.02869739953068,30.91158502399159,81.89072521161732,18.24564975715592,27.903741458336036,-36.29860821572651,17.298278276898603,74.9509423348677,96.52426476157746,-21.123219646137176,61.319507245173654,Unfeasible shape,RandomSampler,PRUNED
2,2,6.1514605114200975,2026-04-21 16:35:05.209968,2026-04-21 16:35:11.264969,0 days 00:00:06.055001,-47.198941933270426,46.84818571034273,44.21965302855629,99.37503512388054,64.9259568514338,-12.370234170688413,-50.27653758154332,45.08675708935532,17.652373381831204,53.08016615200248,18.164209402911425,57.92376554375123,Unattained target,RandomSampler,PRUNED
3,3,6.0,2026-04-21 16:35:11.382285,2026-04-21 16:35:11.481731,0 days 00:00:00.099446,-42.0509365789748,18.598029340507896,84.92300645544381,70.49430664130807,108.30743735645228,15.903801365408235,-31.80259053008072,56.34782310169491,28.1701917435377,58.66595506793733,29.248456272546484,17.409716936737595,Unfeasible shape,RandomSampler,PRUNED
4,4,6.0,2026-04-21 16:35:11.617334,2026-04-21 16:35:11.685136,0 days 00:00:00.067802,-51.822976441249054,59.99671024967185,94.80565377983129,98.57901686029892,26.21794858865097,20.50394960795788,-24.63164310585259,75.86788463418698,73.78418009871233,66.49706739325836,3.018723163714519,109.92076666581059,Unfeasible shape,RandomSampler,PRUNED
5,5,6.0,2026-04-21 16:35:11.832104,2026-04-21 16:35:11.890461,0 days 00:00:00.058357,-25.229370039777557,36.532099508352644,22.05529371214753,69.23101017374026,89.51177157795922,78.73426031973165,-76.36467936235249,63.24949085443758,38.55202155806853,54.38794689382661,-7.808006573923294,70.11140429986679,Unfeasible shape,RandomSampler,PRUNED
6,6,6.0,2026-04-21 16:35:12.018781,2026-04-21 16:35:12.081282,0 days 00:00:00.062501,-49.15008499691329,44.386615691935326,92.6460963518289,22.312578855627763,52.04727058583806,54.18654020491752,-36.7700496290341,69.51415323669576,55.84270754471657,20.673590934325162,-3.7384224967806823,3.441643034038787,Unfeasible shape,RandomSampler,PRUNED
7,7,13.988080745491011,2026-04-21 16:35:12.210158,2026-04-21 16:35:17.954883,0 days 00:00:05.744725,-30.05890336424021,62.76067367650551,87.01845525077759,40.014504764773704,75.48235514371983,46.32810141711833,-31.481265712061386,69.71812313255273,77.57069488639955,70.72766527394873,6.832435890076425,59.96942357906195,Unattained target,RandomSampler,PRUNED
8,8,6.0,2026-04-21 16:35:18.090606,2026-04-21 16:35:18.177923,0 days 00:00:00.087317,-62.74733540914448,56.29158116729536,44.51799746237125,29.50619365775926,30.282635297839498,39.93956136526225,-71.35616745203387,31.915690346720744,78.70840473174836,15.244721358316863,-22.01016757818882,51.23456674808853,Unfeasible shape,RandomSampler,PRUNED
9,9,6.0,2026-04-21 16:35:18.315878,2026-04-21 16:35:18.381740,0 days 00:00:00.065862,-41.69006408895495,25.624493277798795,10.243216773909856,16.806605883602064,51.85671255413755,47.856025069614375,-69.9130825027865,24.167092976472617,65.66423094160515,62.64593015879204,-14.337433910368155,110.67511795502536,Unfeasible shape,RandomSampler,PRUNED
10,10,6.0,2026-04-21 16:35:18.504560,2026-04-21 16:35:18.557765,0 days 00:00:00.053205,-75.78140399187461,79.19755914690678,94.39382329070509,24.49478907232313,75.2054332031244,0.13090649535978827,-53.81375326337098,39.00329894049668,12.037862492615282,20.640576059655046,-12.928995695456493,49.460716769907535,Unfeasible shape,RandomSampler,PRUNED
11,11,6.0,2026-04-21 16:35:18.687087,2026-04-21 16:35:18.758114,0 days 00:00:00.071027,-58.66574346507461,97.62976337033462,28.05911958835616,97.49033811432665,37.26625567150145,-18.75920102174986,-69.39146016217059,37.58942557934304,66.63473097668569,36.24980751268143,-4.743873338615753,1.3558248987483026,Unfeasible shape,RandomSampler,PRUNED
12,12,10.101898118257935,2026-04-21 16:35:18.878986,2026-04-21 16:35:24.515610,0 days 00:00:05.636624,-41.09251600508201,74.33618915234703,37.159881506220344,15.601150561984802,80.56231347826689,-13.868342658765688,-51.261334624001265,51.95384165348262,13.158059841123242,78.04393683186927,10.744291780087401,43.434588090668385,Unattained target,RandomSampler,PRUNED
13,13,6.0,2026-04-21 16:35:24.631905,2026-04-21 16:35:24.728443,0 days 00:00:00.096538,-53.403668575366225,44.09945061450516,10.654216286883551,60.01676290553826,102.59911461711032,-14.092800231884343,-21.385346091581283,31.08046501035738,43.84598102815101,69.29132135022188,-0.06716114614288671,95.41865862694931,Unfeasible shape,RandomSampler,PRUNED
14,14,6.0,2026-04-21 16:35:24.861017,2026-04-21 16:35:24.954913,0 days 00:00:00.093896,-64.56714564330771,91.73013975055053,40.180443763941206,27.86689630080882,24.637229420960658,30.125369485642423,-64.33999742558719,39.07845453273798,21.129438428857565,54.59285673552605,39.351330215879244,84.91263217375973,Unfeasible shape,RandomSampler,PRUNED
15,15,6.0,2026-04-21 16:35:25.082283,2026-04-21 16:35:25.162199,0 days 00:00:00.079916,-39.10286168149675,91.66781016585648,94.86931535556033,27.13984194112556,68.55013633813378,39.92625122742173,-44.441471375643445,71.87830378806729,13.470645063672709,50.39247718255403,-10.416861949013406,31.780813775138995,Unfeasible shape,RandomSampler,PRUNED
16,16,6.0,2026-04-21 16:35:25.294228,2026-04-21 16:35:25.366881,0 days 00:00:00.072653,-32.77959508789205,26.49854551328695,78.59485232906772,18.593462657482245,19.41815201989586,-26.661995756737042,-42.175755311406334,54.114108372540656,40.01291054612433,56.37677970988626,-28.60860634968905,-4.571223721488945,Unfeasible shape,RandomSampler,PRUNED
17,17,6.0,2026-04-21 16:35:25.501722,2026-04-21 16:35:25.572014,0 days 00:00:00.070292,-79.10662171796427,14.625166830136608,23.550696355027668,99.98588967327423,25.518920419258173,69.86591601088769,-66.91925924754125,55.324292350308376,59.93406799164954,29.56926213207458,-7.7990115965896045,-5.842446008527501,Unfeasible shape,RandomSampler,PRUNED
18,18,6.0,2026-04-21 16:35:25.704804,2026-04-21 16:35:25.805482,0 days 00:00:00.100678,-24.030561666179935,39.00903985006241,76.15158928427122,92.62926181533182,70.97744003384327,57.38317684304643,-46.43134636016273,50.069145616259114,81.9088154025947,70.48750592134175,-0.6516455093034637,48.40389403005751,Unfeasible shape,RandomSampler,PRUNED
19,19,6.0,2026-04-21 16:35:25.931901,2026-04-21 16:35:26.026505,0 days 00:00:00.094604,-43.18591059417255,94.91633263576222,49.671402324216245,13.078772661349262,19.29238950158992,-7.784453532449632,-22.007641284111862,61.03501307832708,19.136021374473998,60.843663367084595,24.596963565588588,70.63439303535218,Unfeasible shape,RandomSampler,PRUNED
20,20,6.0,2026-04-21 16:35:26.166587,2026-04-21 16:35:26.267393,0 days 00:00:00.100806,-76.8929441907352,30.721715912791996,12.050671282553255,99.06993803451914,87.96594415065921,76.85413494540254,-70.42963422482195,86.57261158915708,87.34787482686812,38.644663804925955,15.71723027133796,62.75777803214207,Unfeasible shape,RandomSampler,PRUNED
21,21,97.88223755219806,2026-04-21 16:35:26.393157,2026-04-21 16:35:31.925602,0 days 00:00:05.532445,-41.536061188299044,23.554232944802195,23.396803602871728,43.63489571013048,44.758264447745844,-20.003195702329435,-49.774798025298225,32.075711032773704,64.22182126216397,77.81240892863906,36.45692999739502,24.043189384261723,Unattained target,RandomSampler,PRUNED
22,22,6.0,2026-04-21 16:35:32.050964,2026-04-21 16:35:32.124991,0 days 00:00:00.074027,-73.64196668900206,98.42804375751335,71.849431334357,39.47105011461564,26.532950371210525,26.54718073710736,-35.732810463106645,52.43522231321324,24.18620468676192,22.687836984370154,-22.888420954176816,69.99554353206308,Unfeasible shape,RandomSampler,PRUNED
23,23,5.350490959214021,2026-04-21 16:35:32.290749,2026-04-21 16:35:37.355387,0 days 00:00:05.064638,-65.82437196355976,19.63204829689969,91.21438711882188,14.590669841512842,33.67055954920862,29.61405273501815,-68.62792428497266,25.540638082442882,41.3536935684004,59.970281157936355,36.6471741751058,9.192359430931049,Unattained target,RandomSampler,PRUNED
24,24,6.0,2026-04-21 16:35:37.474915,2026-04-21 16:35:37.556918,0 days 00:00:00.082003,-57.927550865769526,78.85538204046465,62.961511065683986,86.10807961524749,33.97613816181016,-7.778075918022207,-51.46742396073972,65.18427457246021,74.8126571372132,11.234710750701135,-27.160565555677696,14.104340929281815,Unfeasible shape,RandomSampler,PRUNED
25,25,6.0,2026-04-21 16:35:37.682294,2026-04-21 16:35:37.751003,0 days 00:00:00.068709,-21.249007883719244,33.46772932408265,21.17924394495628,69.10719794348877,-6.9597842744616685,23.509259026090795,-57.002281601824926,24.66113595728754,22.560130822063883,48.72693837895252,-0.17639041939759892,27.219873564994487,Unfeasible shape,RandomSampler,PRUNED
26,26,6.0,2026-04-21 16:35:37.899318,2026-04-21 16:35:38.624570,0 days 00:00:00.725252,-70.56979688637374,33.69541506146824,74.9285969202338,87.90197443800267,85.34954629000349,-2.1640958361585056,-39.89773155036373,16.177639582682737,42.50577450840097,58.18880050689848,-6.7804964816949465,108.99502122655323,Unfeasible shape,RandomSampler,PRUNED
27,27,6.0,2026-04-21 16:35:38.746143,2026-04-21 16:35:38.824079,0 days 00:00:00.077936,-55.066654904816176,53.02210636130039,27.73154685819168,72.29980374139168,43.72415981400516,-1.8329719173163568,-52.013889358437105,39.3247909784174,25.40326939362322,72.48646132675768,-23.754355310990988,90.62683604495398,Unfeasible shape,RandomSampler,PRUNED
28,28,6.0,2026-04-21 16:35:38.959353,2026-04-21 16:35:39.022545,0 days 00:00:00.063192,-23.269843435403857,74.60711613116011,18.54064727240994,55.776803034985036,56.94797285237557,-23.48095638149454,-61.90264542822892,43.37241646438568,52.06079302254878,94.01031161554855,-21.671263591812174,91.16136976776464,Unfeasible shape,RandomSampler,PRUNED
29,29,6.0,2026-04-21 16:35:39.151610,2026-04-21 16:35:39.225674,0 days 00:00:00.074064,-77.29834270646114,49.74955233547007,31.83966013793684,38.001993329375836,66.20832725465257,49.59848629132837,-38.91483776388339,56.39013636927125,92.167515680992,99.64229962082018,2.5700809745525106,-0.04604473525207986,Unfeasible shape,RandomSampler,PRUNED
30,30,6.0,2026-04-21 16:35:39.357450,2026-04-21 16:35:39.461741,0 days 00:00:00.104291,-74.78946584036824,81.22077940694501,50.75490485746695,40.15264684319695,44.98757929420942,-16.630000253272485,-52.20134220663139,94.56935268341032,17.39335144788864,55.16467629043544,24.860088187984047,14.741100621641568,Unfeasible shape,RandomSampler,PRUNED
31,31,6.0,2026-04-21 16:35:39.591059,2026-04-21 16:35:39.661021,0 days 00:00:00.069962,-34.16890589787701,36.96165744882348,56.713748255841196,13.72808098602284,7.672532522755564,52.8205181295273,-38.411789780579866,47.68573835970643,24.869097341304144,93.32570328659452,29.49904617878868,21.237951603355327,Unfeasible shape,RandomSampler,PRUNED
32,32,6.255115067617677,2026-04-21 16:35:39.795186,2026-04-21 16:35:45.698304,0 days 00:00:05.903118,-49.24632024011052,44.50857873039283,59.64094214481007,56.350877039084565,47.921955084358835,-7.012849669985744,-55.277389353090896,30.878302776350978,27.861250140142452,65.3430656587385,8.539099101015857,-1.5717142340784758,Unattained target,RandomSampler,PRUNED
33,33,6.161705155164881,2026-04-21 16:35:45.829651,2026-04-21 16:35:52.356012,0 days 00:00:06.526361,-35.32560645817519,28.163838245454762,56.91225767781435,78.23827710304755,85.17328688948085,7.926571867325855,-55.638176639582355,95.25980937642349,10.989513927652009,88.86831296682188,26.426287826731816,-9.031515335290504,Unattained target,RandomSampler,PRUNED
34,34,6.0,2026-04-21 16:35:52.481367,2026-04-21 16:35:52.581692,0 days 00:00:00.100325,-35.45004382368994,65.14153745334158,97.51467135977447,72.34906434456153,77.92307572399383,49.41818202302487,-74.44848431392222,81.67983637576818,84.4700178142611,64.36965314821808,29.203740840271784,71.67206769363361,Unfeasible shape,RandomSampler,PRUNED
35,35,7.101204244754442,2026-04-21 16:35:52.717121,2026-04-21 16:35:58.141233,0 days 00:00:05.424112,-40.58438924299604,29.332517851996084,31.133441545039886,40.23021710779169,30.345647982800372,-13.875550572497012,-22.81031123775191,48.32644238060737,30.427544636857323,27.094186775919205,6.818906224654526,108.5161753154016,Unattained target,RandomSampler,PRUNED
36,36,7.805628511601157,2026-04-21 16:35:58.278057,2026-04-21 16:36:04.023562,0 days 00:00:05.745505,-53.84211708578869,49.964288670611,59.39137044653197,16.01826267778189,43.78947105671989,22.99757614340276,-69.43386232503315,61.47429349219804,49.31493966966963,83.32711648100225,35.06466154196188,85.39183193135072,Unattained target,RandomSampler,PRUNED
37,37,6.0,2026-04-21 16:36:04.144417,2026-04-21 16:36:04.194345,0 days 00:00:00.049928,-30.07867511173172,91.40009866905257,15.989911351896016,19.474307770298793,73.76289016424408,57.785125268047835,-70.76089483739378,71.40008206223602,68.77352808327538,79.7112861796824,-0.22910578682553862,43.68125385358606,Unfeasible shape,RandomSampler,PRUNED
38,38,6.0,2026-04-21 16:36:04.346982,2026-04-21 16:36:04.447967,0 days 00:00:00.100985,-66.01403276584092,53.1611295594627,85.41640631769742,72.99532021967161,34.33685666322688,-3.306398549485582,-25.81484285441475,64.77290237219614,85.58736842785922,39.93414814429029,29.020461358231387,75.92757178351627,Unfeasible shape,RandomSampler,PRUNED
39,39,6.0,2026-04-21 16:36:04.583527,2026-04-21 16:36:04.697821,0 days 00:00:00.114294,-78.72879167627019,23.778391558594883,46.13553846113041,56.24445730374482,61.65343005917134,41.37644122044503,-28.32193736280604,52.90046601060292,73.89520770850771,92.40431583971927,28.58345650610199,82.63900320259515,Unfeasible shape,RandomSampler,PRUNED
40,40,6.0,2026-04-21 16:36:04.830494,2026-04-21 16:36:04.883318,0 days 00:00:00.052824,-79.70670971635369,37.64072045096036,40.69798116270533,78.06530355749216,48.74686428577721,-12.69132770963812,-74.75648787447909,75.87167565460324,51.76199155571352,31.16373758839873,-2.7983396087309806,8.637224614851615,Unfeasible shape,RandomSampler,PRUNED
41,41,6.0,2026-04-21 16:36:05.032668,2026-04-21 16:36:05.114635,0 days 00:00:00.081967,-31.41945737919808,51.1555543610218,24.873536739502896,48.84376386983934,-3.994228280373382,19.685974533058072,-48.63403286311028,94.45504201315204,33.14669789757147,84.33142342973588,-27.745254302735535,52.300667221659374,Unfeasible shape,RandomSampler,PRUNED
42,42,6.0,2026-04-21 16:36:05.253151,2026-04-21 16:36:05.316583,0 days 00:00:00.063432,-32.6185291734961,90.05280167458915,86.89407714085709,60.68904237852226,27.6121717866963,-22.10527691338422,-79.29918418431573,50.022548903504834,17.058601885147787,17.043752736491896,22.46848963451847,105.25873857774873,Unfeasible shape,RandomSampler,PRUNED
43,43,6.0,2026-04-21 16:36:05.445987,2026-04-21 16:36:05.500173,0 days 00:00:00.054186,-58.25544965329598,46.62308457906241,46.2870285322686,75.32390681486746,-4.68562496523015,-6.947436792992395,-51.94694373091204,57.01656555346921,13.454343082496699,56.41311424541183,26.41978497835899,100.74381112440311,Unfeasible shape,RandomSampler,PRUNED
44,44,6.0,2026-04-21 16:36:05.631479,2026-04-21 16:36:05.691575,0 days 00:00:00.060096,-30.166610457454055,89.20979135076799,32.43523695727522,42.649514282515874,64.17217092223495,3.0684463479508466,-52.90100471597762,63.86737917326757,32.3822771694548,35.30145468353106,-27.323813780769015,41.04477358629937,Unfeasible shape,RandomSampler,PRUNED
45,45,6.0,2026-04-21 16:36:05.831459,2026-04-21 16:36:05.892317,0 days 00:00:00.060858,-42.39255830340082,75.13739749174015,23.50231790821335,27.767862464765173,54.05207845673695,25.01883748972748,-71.00656607193909,48.35262180428966,17.101303512132084,41.425754299989336,28.339952704036257,103.05284661317815,Unfeasible shape,RandomSampler,PRUNED
46,46,6.0,2026-04-21 16:36:06.017503,2026-04-21 16:36:06.083522,0 days 00:00:00.066019,-65.93544977299506,72.61999942299883,78.12729976498238,52.2500341891154,102.43082612767324,-4.446571390828474,-49.63917953523167,61.96868031042341,88.84058414167175,58.78064248043249,-16.27488736525997,17.515116179622062,Unfeasible shape,RandomSampler,PRUNED
47,47,6.0,2026-04-21 16:36:06.221750,2026-04-21 16:36:06.283714,0 days 00:00:00.061964,-67.58890896708989,18.678206464596926,11.784628855766318,33.36540350288499,70.53042949510811,7.6861274368424475,-27.467662777181168,93.0102451557095,44.923983964487796,12.39036194158928,27.925145771595304,1.447319152661839,Unfeasible shape,RandomSampler,PRUNED
48,48,6.0,2026-04-21 16:36:06.415444,2026-04-21 16:36:06.582792,0 days 00:00:00.167348,-71.44560563431145,35.03899844731701,74.07122379437283,52.93382593553588,91.03963726921702,73.93613905750473,-52.1329210953938,70.18202700763183,50.431493828402544,35.92103657989412,19.967754677096174,73.35709399196081,Unfeasible shape,RandomSampler,PRUNED
49,49,6.0,2026-04-21 16:36:06.732541,2026-04-21 16:36:06.832807,0 days 00:00:00.100266,-77.62441211450461,24.474664382473662,78.3396607103574,56.50335514007205,97.70720204761604,76.17462902355545,-20.80837567486452,47.78342998146029,97.53997965664895,48.177390426884514,22.239358120301326,13.971244442339628,Unfeasible shape,RandomSampler,PRUNED
50,50,6.0,2026-04-21 16:36:06.993163,2026-04-21 16:36:07.062238,0 days 00:00:00.069075,-66.92238272182081,52.79363143222156,77.13199371874894,60.71760849012421,74.58681801971161,44.935786636805034,-43.645645686134266,24.96499609323108,43.97398820228258,82.50865100463916,-17.341158864568335,111.15884677901373,Unfeasible shape,RandomSampler,PRUNED
51,51,0.001197949451903213,2026-04-21 16:36:07.183456,2026-04-21 16:36:17.496671,0 days 00:00:10.313215,-27.54630474929163,77.93623871237821,25.824182076502552,28.874429625128528,95.5023858252521,-14.488939428193016,-31.238705107604176,24.835718414271447,32.05211586348122,89.00292618626436,19.318494191702598,108.86905107672807,,RandomSampler,COMPLETE
52,52,6.0,2026-04-21 16:36:18.941153,2026-04-21 16:36:19.013325,0 days 00:00:00.072172,-56.326919971734554,73.35558676793313,24.379161734278785,29.871927201036204,31.03646910660825,54.44857273550416,-68.27975876200672,38.796810103692465,48.054378296166135,56.50466273009078,-23.764490609448046,30.14764897937529,Unfeasible shape,GPSampler,PRUNED
53,53,6.0,2026-04-21 16:36:19.168150,2026-04-21 16:36:19.233356,0 days 00:00:00.065206,-37.43216119572729,83.88648452686542,56.34946104711618,26.984728276744356,108.50180552247186,2.129518990048851,-47.99352802609016,71.48535837722974,93.90692028909119,66.77791788990811,-29.861448861310116,96.03380763255494,Unfeasible shape,GPSampler,PRUNED
54,54,6.0,2026-04-21 16:36:19.408024,2026-04-21 16:36:19.515951,0 days 00:00:00.107927,-56.92192874100939,57.9025133326119,56.155028943867386,33.54190934940604,10.079159417187618,15.302101912567792,-59.034264877952914,87.60163736211805,97.41443915578371,42.73429613702479,38.25522927573505,35.29082607317456,Unfeasible shape,GPSampler,PRUNED
55,55,6.0,2026-04-21 16:36:19.652233,2026-04-21 16:36:19.757989,0 days 00:00:00.105756,-22.529945098421493,56.90220031212981,21.917429905709916,29.107480914088686,16.250949619591438,54.3794968024191,-61.110987179234996,48.737981740409396,91.62819405686206,87.99594310104791,0.46447860970559773,66.17673329046316,Unfeasible shape,GPSampler,PRUNED
56,56,92.63814174295919,2026-04-21 16:36:19.904063,2026-04-21 16:36:26.121819,0 days 00:00:06.217756,-30.20699680286343,63.054973306860816,74.30136939498736,73.30000504399054,106.95740717104812,-14.871849708465968,-43.71824757101051,39.358559127243396,79.36794453726486,65.44135242439268,27.963281020424716,71.61848033358099,Unattained target,GPSampler,PRUNED
57,57,8.146159854277165,2026-04-21 16:36:26.269527,2026-04-21 16:36:31.694805,0 days 00:00:05.425278,-72.4139549017763,84.59916682915774,86.23109928069626,25.86209921235571,62.85570835481715,79.44229190226577,-54.218163845261984,29.195818862408363,82.46562067013504,36.49244410815612,10.617700301874955,26.946427202994116,Unattained target,GPSampler,PRUNED
58,58,5.931665007723318,2026-04-21 16:36:31.850703,2026-04-21 16:36:37.712236,0 days 00:00:05.861533,-51.80050113538827,75.15673580217003,64.38127540389286,88.6115200325247,58.47484845831167,-29.54400493732504,-65.68425741090789,48.286062452508304,52.09677329028897,13.09053331725102,39.95881957954583,15.601379780132959,Unattained target,GPSampler,PRUNED
59,59,6.0,2026-04-21 16:36:37.871036,2026-04-21 16:36:37.957424,0 days 00:00:00.086388,-55.656232947493905,34.43018732726317,35.670013727092275,94.4111384806998,-4.106852123321553,-14.581146319705546,-64.36020485455414,87.9024754478744,89.92674950407469,84.74960760043184,-7.5313731048384405,36.848198533859005,Unfeasible shape,GPSampler,PRUNED
60,60,0.025875266816541398,2026-04-21 16:36:38.142369,2026-04-21 16:36:46.939490,0 days 00:00:08.797121,-24.317607464707613,29.233279185905655,31.945471089985883,35.76235559665374,15.918671774948532,3.027477158025782,-36.81304091940676,52.67402453774533,36.31262466151156,80.89359156802973,21.305829703287316,29.236136429986402,,GPSampler,COMPLETE
