,number,value,datetime_start,datetime_complete,duration,params_lLegPt.rA1,params_lLegPt.rL0,params_lLegPt.rL1,params_lLegPt.rL2,params_lLegPt.x1,params_lLegPt.y1,params_sLegPt.rA1,params_sLegPt.rL0,params_sLegPt.rL1,params_sLegPt.rL2,params_sLegPt.x1,params_sLegPt.y1,user_attrs_prune,system_attrs_auto:sampler,state
588,588,6.0,2026-04-21 16:42:44.473161,2026-04-21 16:42:44.590798,0 days 00:00:00.117637,-80.0,100.0,32.14160705060233,47.968153300633325,109.00318224589971,20.975215700801748,-71.36299124980036,96.56014014417156,39.30489030194366,58.5047002478226,-3.976169509611424,92.96413523212868,Unfeasible shape,GPSampler,PRUNED
589,589,6.0,2026-04-21 16:42:44.724359,2026-04-21 16:42:44.844715,0 days 00:00:00.120356,-80.0,100.0,31.771717296008354,47.90128213835945,108.85214831645892,21.04222971118977,-71.28470619583736,96.77366114571699,39.37349001711557,58.354684517371574,-3.984562462386318,92.99023686428391,Unfeasible shape,GPSampler,PRUNED
590,590,6.0,2026-04-21 16:42:44.980063,2026-04-21 16:42:45.081096,0 days 00:00:00.101033,-80.0,100.0,32.192970723304825,47.98702984029321,108.75910267749775,20.76311894296333,-71.27628669914228,96.60347719023922,39.44658552097361,58.44531660069979,-3.983121640971241,93.00838403673345,Unfeasible shape,GPSampler,PRUNED
591,591,6.0,2026-04-21 16:42:45.195394,2026-04-21 16:42:45.270431,0 days 00:00:00.075037,-80.0,100.0,32.143044598634475,48.1053525793273,108.58201193270023,20.969573778193833,-71.25589585420063,96.50961093900509,39.3856526553281,58.41881117304501,-3.947012797067064,92.99970020673871,Unfeasible shape,GPSampler,PRUNED
592,592,6.0,2026-04-21 16:42:45.390378,2026-04-21 16:42:45.465146,0 days 00:00:00.074768,-80.0,100.0,32.219323285251996,48.10778002867,108.64276862066801,20.682461343604146,-71.2727498213835,96.60409077705364,39.454665468799234,58.27220967681372,-3.999853126894859,93.04248394670458,Unfeasible shape,GPSampler,PRUNED
593,593,6.0,2026-04-21 16:42:45.588775,2026-04-21 16:42:45.685913,0 days 00:00:00.097138,-80.0,100.0,31.925300087384752,48.17640743811078,108.94799617625864,20.523569376504447,-71.27991820629124,96.93914031208745,39.48668479844643,58.48128972018948,-3.881040575336314,92.87522189634304,Unfeasible shape,GPSampler,PRUNED
594,594,6.0,2026-04-21 16:42:45.810554,2026-04-21 16:42:45.912512,0 days 00:00:00.101958,-80.0,100.0,32.08021936737903,47.928252858818716,108.66064619207026,20.9762044102053,-71.19580104103339,96.53729417039716,39.42258713966943,58.31592422245817,-3.863501009043741,92.99900987433072,Unfeasible shape,GPSampler,PRUNED
595,595,6.0,2026-04-21 16:42:46.050542,2026-04-21 16:42:46.140363,0 days 00:00:00.089821,-80.0,100.0,32.01287615371087,47.9883576685524,108.84186659664684,20.922834182470623,-71.2653087766674,96.60925706571966,39.41914158445989,58.29200704788535,-3.9608881564484975,93.01259445526719,Unfeasible shape,GPSampler,PRUNED
596,596,6.0,2026-04-21 16:42:46.260218,2026-04-21 16:42:46.337160,0 days 00:00:00.076942,-80.0,100.0,32.02696931138048,47.99468499594177,108.79770389950903,20.983124097047714,-71.32191211299184,96.67153949317124,39.41580518979052,58.39643123685962,-3.8966032912120205,92.99947240426205,Unfeasible shape,GPSampler,PRUNED
597,597,6.0,2026-04-21 16:42:46.460127,2026-04-21 16:42:46.532046,0 days 00:00:00.071919,-80.0,100.0,32.07552540026545,47.905379292517345,108.74910675789347,20.967965774006444,-71.31259677695076,96.55216120606644,39.358592528212085,58.38991222616723,-3.8457878295367856,92.92643366933497,Unfeasible shape,GPSampler,PRUNED
598,598,6.0,2026-04-21 16:42:46.660478,2026-04-21 16:42:46.740659,0 days 00:00:00.080181,-80.0,100.0,32.35340024671454,47.98413861306527,108.67967509625747,20.809498514550896,-71.20698822419223,96.60106438287869,39.59194323726122,58.32926696543321,-3.8653043359198804,92.99415085146471,Unfeasible shape,GPSampler,PRUNED
599,599,6.0,2026-04-21 16:42:46.870297,2026-04-21 16:42:46.960429,0 days 00:00:00.090132,-80.0,100.0,32.24090591076501,48.137817784538086,108.8411610395707,20.62536693881924,-71.24541296823224,96.42232290519064,39.34139762175792,58.10540525262116,-3.768558877584965,92.9710689397135,Unfeasible shape,GPSampler,PRUNED
600,600,6.0,2026-04-21 16:42:47.086580,2026-04-21 16:42:47.205515,0 days 00:00:00.118935,-80.0,100.0,32.05539329338494,48.02364109436817,108.75487279339542,20.93306364735556,-71.24377009110225,96.59634438336502,39.39695925403679,58.5683241399204,-3.9532857313298493,93.00367173218639,Unfeasible shape,GPSampler,PRUNED
601,601,6.0,2026-04-21 16:42:47.340112,2026-04-21 16:42:47.423224,0 days 00:00:00.083112,-80.0,100.0,31.983646211551253,48.00098111748263,108.90894808591061,20.902046641480823,-71.25530418867115,96.54379118841534,39.316677010041715,58.511948349840885,-3.800089453719284,92.96796771221342,Unfeasible shape,GPSampler,PRUNED
602,602,6.0,2026-04-21 16:42:47.582787,2026-04-21 16:42:47.665210,0 days 00:00:00.082423,-80.0,100.0,32.1691122853634,48.012353137412944,108.75421023820424,20.868759652533477,-71.26414434828885,96.65673655356356,39.517073142459246,58.40998611248532,-3.675868848055483,92.89178173792787,Unfeasible shape,GPSampler,PRUNED
603,603,6.0,2026-04-21 16:42:47.795594,2026-04-21 16:42:48.030317,0 days 00:00:00.234723,-80.0,100.0,32.004460939171764,48.00641826237147,108.74187483634842,20.881679308727158,-71.2918438563097,96.71493907849602,39.48700890568455,58.263051987408915,-3.954238041266219,92.96821683484656,Unfeasible shape,GPSampler,PRUNED
604,604,6.0,2026-04-21 16:42:48.183429,2026-04-21 16:42:48.318583,0 days 00:00:00.135154,-80.0,100.0,32.21321315038891,48.10147533123457,108.6763435627405,20.929086905421634,-71.31994585448354,96.63249352050941,39.42574987879446,58.326061287682805,-3.875684755911273,93.0176182758111,Unfeasible shape,GPSampler,PRUNED
605,605,6.0,2026-04-21 16:42:48.450516,2026-04-21 16:42:48.545348,0 days 00:00:00.094832,-80.0,100.0,32.0764437167296,48.0596973526114,108.55312910686152,21.097156168877262,-71.30238883246724,96.60376186649214,39.366007087235545,58.405542162142645,-3.9480512637162803,93.00817533670497,Unfeasible shape,GPSampler,PRUNED
606,606,6.0,2026-04-21 16:42:48.671565,2026-04-21 16:42:48.745529,0 days 00:00:00.073964,-80.0,100.0,32.13484197905464,47.96655321567832,108.62567254224756,20.90388436792461,-71.295227150814,96.66497969199504,39.50331483083184,58.348315639754475,-3.8774412346100355,92.96937579487424,Unfeasible shape,GPSampler,PRUNED
607,607,6.0,2026-04-21 16:42:48.875685,2026-04-21 16:42:48.950238,0 days 00:00:00.074553,-80.0,100.0,32.228504502515534,48.10962528589927,108.70513366972605,20.894200078290666,-71.26144557611326,96.69227617453632,39.46630228409934,58.29594197236681,-3.8928655714917646,93.00625665395815,Unfeasible shape,GPSampler,PRUNED
608,608,6.0,2026-04-21 16:42:49.076329,2026-04-21 16:42:49.175360,0 days 00:00:00.099031,-80.0,100.0,32.250813316966735,47.98727436887197,108.78736530290224,20.837843111287896,-71.23872176873324,96.67945422818705,39.4776263187327,58.36109137165648,-3.8887416130028605,93.01577685914857,Unfeasible shape,GPSampler,PRUNED
609,609,6.0,2026-04-21 16:42:49.295556,2026-04-21 16:42:49.378733,0 days 00:00:00.083177,-80.0,100.0,32.01617944934573,48.016324192496675,108.77648986978386,20.892281584020324,-71.30633195846629,96.6022765565925,39.423111192133845,58.31364003453964,-3.953970376531238,92.98896642466879,Unfeasible shape,GPSampler,PRUNED
610,610,6.0,2026-04-21 16:42:49.501693,2026-04-21 16:42:49.586057,0 days 00:00:00.084364,-80.0,100.0,32.18526593931996,48.16667228364309,108.84985802790771,20.783660193788485,-71.22884520872256,96.65165602315503,39.54957564916876,58.329699713404246,-3.9782851354905873,93.04007420091615,Unfeasible shape,GPSampler,PRUNED
611,611,6.0,2026-04-21 16:42:49.710297,2026-04-21 16:42:49.802528,0 days 00:00:00.092231,-80.0,100.0,32.25810841115948,47.832630352511245,108.71774513107945,20.798847335229603,-71.30089148325024,96.47606521532616,39.47182648329711,58.26768887542286,-3.841996427171871,93.01034590869605,Unfeasible shape,GPSampler,PRUNED
612,612,6.0,2026-04-21 16:42:49.940684,2026-04-21 16:42:50.042662,0 days 00:00:00.101978,-80.0,100.0,32.01338333158727,47.988136762057856,108.77353061281912,20.94972857736912,-71.31450048427376,96.66819264812615,39.42510601582334,58.36459104187346,-3.888611649051434,92.97020081794389,Unfeasible shape,GPSampler,PRUNED
613,613,6.0,2026-04-21 16:42:50.180672,2026-04-21 16:42:50.304262,0 days 00:00:00.123590,-80.0,100.0,32.3249961185591,48.109556987991866,108.39347112498838,20.816318244570695,-71.2968369449269,96.6132567474601,39.4800321482002,58.342226258498876,-3.835999319957029,92.98857261385454,Unfeasible shape,GPSampler,PRUNED
614,614,6.0,2026-04-21 16:42:50.453424,2026-04-21 16:42:50.558610,0 days 00:00:00.105186,-80.0,100.0,32.44786043192136,47.90672535896563,108.49555929432931,20.694334048290962,-71.22151064913598,96.39348255478704,39.611771210870614,58.44521664210609,-3.8856244826853406,93.04187330305646,Unfeasible shape,GPSampler,PRUNED
615,615,6.0,2026-04-21 16:42:50.690604,2026-04-21 16:42:50.789127,0 days 00:00:00.098523,-80.0,100.0,32.24095314633982,48.06824300828325,108.59336261944296,20.71213067672413,-71.37003265221665,96.63236856484832,39.50277569662511,58.56754587674099,-3.978234887319772,93.02114483331144,Unfeasible shape,GPSampler,PRUNED
616,616,6.0,2026-04-21 16:42:50.920211,2026-04-21 16:42:51.040511,0 days 00:00:00.120300,-80.0,100.0,32.33852569446678,48.09729175320687,108.59872703804872,20.671551235842394,-71.24232619228175,96.53044358828245,39.629670978503654,58.272160544664686,-4.027070485165375,93.11582665250565,Unfeasible shape,GPSampler,PRUNED
617,617,6.0,2026-04-21 16:42:51.187338,2026-04-21 16:42:51.275242,0 days 00:00:00.087904,-80.0,100.0,32.03727719582426,47.99062139171339,108.77003154202633,20.910851141363118,-71.21634135187307,96.69290582934536,39.499529501250855,58.37880467730535,-4.003075562978495,93.00360761460487,Unfeasible shape,GPSampler,PRUNED
618,618,6.0,2026-04-21 16:42:51.405630,2026-04-21 16:42:51.650220,0 days 00:00:00.244590,-80.0,100.0,32.20059184228361,47.94658196499899,108.6494137716697,20.658081133664446,-71.25490152992285,96.41392213705038,39.52500109017069,58.26000025059429,-3.8381719189214074,93.04697520997397,Unfeasible shape,GPSampler,PRUNED
619,619,6.0,2026-04-21 16:42:51.770432,2026-04-21 16:42:51.900393,0 days 00:00:00.129961,-80.0,100.0,32.10311643489915,47.97486669882596,108.69167945915427,20.92172747029838,-71.2983072076684,96.70728084738448,39.352365475827995,58.40876225162911,-3.8488692518766108,92.96240176385207,Unfeasible shape,GPSampler,PRUNED
620,620,6.0,2026-04-21 16:42:52.034491,2026-04-21 16:42:52.125465,0 days 00:00:00.090974,-80.0,100.0,32.02581157310486,47.97453744153612,108.601953888439,20.90332285968465,-71.23192003118662,96.6891603287722,39.53435328360706,58.31839666255757,-3.8932490658065326,92.93647320774076,Unfeasible shape,GPSampler,PRUNED
621,621,6.0,2026-04-21 16:42:52.252875,2026-04-21 16:42:52.332339,0 days 00:00:00.079464,-80.0,100.0,31.973918682889096,48.07777937255497,108.77675976157518,20.97313675840055,-71.37469995233575,96.5684803022338,39.339212464715516,58.28554316134371,-3.991642457597301,92.98218277903065,Unfeasible shape,GPSampler,PRUNED
622,622,6.0,2026-04-21 16:42:52.451263,2026-04-21 16:42:52.525398,0 days 00:00:00.074135,-80.0,100.0,32.044865249421974,48.085445529124435,108.91857172026002,20.976806787010318,-71.31267354653964,96.64616480820727,39.485235399779526,58.381790234627104,-4.101864770567417,92.97471198819731,Unfeasible shape,GPSampler,PRUNED
623,623,6.0,2026-04-21 16:42:52.650530,2026-04-21 16:42:52.750333,0 days 00:00:00.099803,-80.0,100.0,32.17133467029712,48.033475548356435,108.90505855599088,20.90043172623998,-71.2854955208527,96.63703170532935,39.39067210383364,58.46845925608327,-3.965992054123589,92.92372443348654,Unfeasible shape,GPSampler,PRUNED
624,624,6.0,2026-04-21 16:42:52.870522,2026-04-21 16:42:52.980429,0 days 00:00:00.109907,-80.0,100.0,32.187127541824125,48.0507579522391,108.72886541742606,20.97070364040654,-71.25189786694627,96.71412759962332,39.30139850618525,58.18546387550835,-3.952603644978389,93.00879253878905,Unfeasible shape,GPSampler,PRUNED
625,625,6.0,2026-04-21 16:42:53.114841,2026-04-21 16:42:53.200664,0 days 00:00:00.085823,-80.0,100.0,32.21200288703197,47.986545296679736,108.9115485697415,20.64297152871969,-71.32817162554521,96.72448137212422,39.421404088167854,58.22714403028147,-3.860135979223486,93.05187089939268,Unfeasible shape,GPSampler,PRUNED
626,626,6.0,2026-04-21 16:42:53.335320,2026-04-21 16:42:53.410522,0 days 00:00:00.075202,-80.0,100.0,31.9791429331872,48.003292927697345,108.6634955812256,20.90157336403479,-71.38451620641577,96.53465326454207,39.52890746806788,58.601872600990134,-3.8920090378391983,93.04504778476246,Unfeasible shape,GPSampler,PRUNED
627,627,6.0,2026-04-21 16:42:53.530654,2026-04-21 16:42:53.614794,0 days 00:00:00.084140,-80.0,100.0,32.16257286533683,47.952564754255675,108.68185981165028,20.920623579930435,-71.2553305842235,96.6817479703439,39.55351742781895,58.30269749231043,-3.8858369809666513,92.97281900843754,Unfeasible shape,GPSampler,PRUNED
628,628,6.0,2026-04-21 16:42:53.747149,2026-04-21 16:42:53.870569,0 days 00:00:00.123420,-80.0,100.0,31.894999509228853,48.073900825985454,108.74365798748104,20.963683991027132,-71.26118134168155,96.66271981495463,39.469859882986285,58.490365268149546,-3.9934760535115537,93.01846166314631,Unfeasible shape,GPSampler,PRUNED
629,629,6.0,2026-04-21 16:42:54.010300,2026-04-21 16:42:54.106057,0 days 00:00:00.095757,-80.0,100.0,32.17347430496916,48.09284599372584,108.71395549018075,20.825145419551788,-71.31343796556335,96.62824621075877,39.48712053634264,58.32383816340537,-3.981555706112527,93.03807554422163,Unfeasible shape,GPSampler,PRUNED
630,630,6.0,2026-04-21 16:42:54.320468,2026-04-21 16:42:54.400767,0 days 00:00:00.080299,-80.0,100.0,32.353642490075956,48.36662447744898,108.894110483973,21.129416647081094,-71.4516985980927,96.54988802360597,39.5989386302902,58.25135085705401,-4.054976053301491,92.92835574221331,Unfeasible shape,GPSampler,PRUNED
631,631,6.0,2026-04-21 16:42:54.525389,2026-04-21 16:42:54.603189,0 days 00:00:00.077800,-80.0,100.0,32.076368935424185,48.02798288274627,108.81064259289323,20.88531335468035,-71.2901137759189,96.6447086620052,39.39552588749143,58.42232386098148,-3.923698221332323,93.04748450342868,Unfeasible shape,GPSampler,PRUNED
632,632,6.0,2026-04-21 16:42:54.745819,2026-04-21 16:42:54.820607,0 days 00:00:00.074788,-80.0,100.0,32.06590321022543,48.02805143250891,108.69098025157297,20.764912448642917,-71.25211310209103,96.64415059962958,39.41469253380586,58.2673982610524,-3.975799044603196,92.99135170074217,Unfeasible shape,GPSampler,PRUNED
633,633,6.0,2026-04-21 16:42:54.933550,2026-04-21 16:42:55.020363,0 days 00:00:00.086813,-80.0,100.0,32.0746952227356,48.0091759861131,108.79495430627898,20.95422820280948,-71.26722599016782,96.7440755630417,39.45170181160621,58.41696326953721,-3.867619331854282,92.9530670171919,Unfeasible shape,GPSampler,PRUNED
634,634,6.0,2026-04-21 16:42:55.145335,2026-04-21 16:42:55.265448,0 days 00:00:00.120113,-80.0,100.0,32.17993408346615,48.04492669048334,108.86938546681145,20.954426953661965,-71.36241758052864,96.61023296167049,39.3071589597392,58.45867276317738,-3.9140177725489487,92.97351860518245,Unfeasible shape,GPSampler,PRUNED
635,635,6.0,2026-04-21 16:42:55.386413,2026-04-21 16:42:55.505560,0 days 00:00:00.119147,-80.0,100.0,32.099823646609934,47.98258872674069,108.9136617971901,20.873157442759748,-71.29963615674475,96.69375544992495,39.44145929490692,58.419182682822736,-3.8578406803243688,92.92617103530914,Unfeasible shape,GPSampler,PRUNED
636,636,6.0,2026-04-21 16:42:55.645678,2026-04-21 16:42:55.778807,0 days 00:00:00.133129,-80.0,100.0,32.15504228115857,47.96582107796315,108.73485180344275,20.753415356048855,-71.31208544268097,96.62718892817622,39.500155950405016,58.265020432051564,-3.9363536559718675,93.00299379807119,Unfeasible shape,GPSampler,PRUNED
637,637,6.0,2026-04-21 16:42:55.917927,2026-04-21 16:42:56.000573,0 days 00:00:00.082646,-80.0,100.0,32.15468038552655,48.01125323541446,108.56479634478745,20.88032962000169,-71.23560679058882,96.61979303438882,39.48554413525288,58.39718161595003,-3.9011162991416697,93.0135036306729,Unfeasible shape,GPSampler,PRUNED
638,638,6.0,2026-04-21 16:42:56.132202,2026-04-21 16:42:56.211566,0 days 00:00:00.079364,-80.0,100.0,32.08968313375267,47.98443914657422,108.72697500146229,20.959640160571276,-71.29820015830711,96.67450029657468,39.41384399446005,58.389322019867784,-3.9594765719323313,93.01323076691513,Unfeasible shape,GPSampler,PRUNED
639,639,6.0,2026-04-21 16:42:56.365412,2026-04-21 16:42:56.450367,0 days 00:00:00.084955,-80.0,100.0,32.12054104259691,48.00632823718346,108.57970140263345,20.809809446042074,-71.31830459353081,96.65809790192728,39.479249858166014,58.31088648408225,-3.851672195974171,93.01926442015196,Unfeasible shape,GPSampler,PRUNED
640,640,6.0,2026-04-21 16:42:56.595237,2026-04-21 16:42:56.671808,0 days 00:00:00.076571,-80.0,100.0,31.920482906323826,48.10926313578035,108.8633299187873,20.957054762920087,-71.26544735212751,96.58482134023649,39.35174335379949,58.269550522216086,-4.127869184617854,92.9164553782805,Unfeasible shape,GPSampler,PRUNED
641,641,6.0,2026-04-21 16:42:56.797587,2026-04-21 16:42:56.900782,0 days 00:00:00.103195,-80.0,100.0,32.106658954719705,48.062618187330415,108.64526668706887,20.91115958343442,-71.30304531168564,96.66240843749512,39.437299797518065,58.299631857404535,-3.96590632038345,92.98658386670148,Unfeasible shape,GPSampler,PRUNED
642,642,6.0,2026-04-21 16:42:57.020955,2026-04-21 16:42:57.149595,0 days 00:00:00.128640,-80.0,100.0,32.11393236897112,48.121909170796634,108.50910974238377,20.933426806299856,-71.28644783275004,96.57936390613436,39.62136764628832,58.362857539458176,-3.942516831122571,93.06008835437486,Unfeasible shape,GPSampler,PRUNED
643,643,6.0,2026-04-21 16:42:57.304611,2026-04-21 16:42:57.405576,0 days 00:00:00.100965,-80.0,100.0,32.17274646313565,48.18171666637105,108.4967383500796,20.809485250479312,-71.1867430905365,96.64882353882791,39.55932966403377,58.11678285925729,-3.8541941600258802,93.01071344295487,Unfeasible shape,GPSampler,PRUNED
644,644,6.0,2026-04-21 16:42:57.529057,2026-04-21 16:42:57.608810,0 days 00:00:00.079753,-80.0,100.0,32.2880326982761,48.210786050013446,108.63879978500324,20.509173378408633,-71.18508523930296,96.49054135720323,39.53985641330147,58.19550547629299,-4.062676540447978,93.07423322934028,Unfeasible shape,GPSampler,PRUNED
645,645,6.0,2026-04-21 16:42:57.857275,2026-04-21 16:42:57.954499,0 days 00:00:00.097224,-80.0,100.0,31.964896789185012,48.05958892747661,108.79766026606795,20.853918897719034,-71.21359810450953,96.79046065722137,39.489811883865265,58.22816686439049,-3.8407085733564372,93.01611031735338,Unfeasible shape,GPSampler,PRUNED
646,646,6.0,2026-04-21 16:42:58.087973,2026-04-21 16:42:58.181905,0 days 00:00:00.093932,-80.0,100.0,32.07344993237524,48.03669711421167,108.7796322998411,20.90508275522697,-71.29274447693767,96.71383338778537,39.44919211291386,58.35174092437694,-3.936434538446811,92.98722707040513,Unfeasible shape,GPSampler,PRUNED
647,647,6.0,2026-04-21 16:42:58.310392,2026-04-21 16:42:58.452064,0 days 00:00:00.141672,-80.0,100.0,32.13600926561401,48.174631786623095,108.60438257241945,20.586321383090358,-71.33964634427717,96.67763620028003,39.536617928798336,58.20826799809222,-3.8040140589960636,93.062484400843,Unfeasible shape,GPSampler,PRUNED
648,648,6.0,2026-04-21 16:42:58.594829,2026-04-21 16:42:58.694797,0 days 00:00:00.099968,-80.0,100.0,31.969399813009243,48.076728298437,108.51288896893368,20.968597229329013,-71.40246173909222,96.69489708587243,39.395275143964795,58.35618208801253,-3.939865069768672,92.9721474038958,Unfeasible shape,GPSampler,PRUNED
649,649,6.0,2026-04-21 16:42:58.902125,2026-04-21 16:42:58.984481,0 days 00:00:00.082356,-80.0,100.0,32.0540291523832,47.966343062343036,108.75996463061884,20.976019222380437,-71.2875076642875,96.5972438419808,39.498080487954255,58.358131262987335,-3.866007859186528,92.9694824045466,Unfeasible shape,GPSampler,PRUNED
650,650,6.0,2026-04-21 16:42:59.109013,2026-04-21 16:42:59.184562,0 days 00:00:00.075549,-80.0,100.0,32.01641092357305,48.06402365109042,108.65384181383831,20.99227957519313,-71.2713111092918,96.60943415995466,39.36135069363064,58.38142152246855,-3.9255315822752905,93.01132083849895,Unfeasible shape,GPSampler,PRUNED
651,651,6.0,2026-04-21 16:42:59.315586,2026-04-21 16:42:59.414301,0 days 00:00:00.098715,-80.0,100.0,32.13041893436639,47.96001891410304,108.6548498682438,20.92195509166769,-71.28654555034952,96.63924714218055,39.512781449271955,58.428121422369834,-3.907937745686894,92.9845533866549,Unfeasible shape,GPSampler,PRUNED
652,652,6.0,2026-04-21 16:42:59.548803,2026-04-21 16:42:59.650732,0 days 00:00:00.101929,-80.0,100.0,32.00348492688059,48.132421908364684,108.58929263382413,20.76831811016116,-71.21985524904233,96.60161677987078,39.481216985408125,58.43461008094067,-3.7905906396310094,92.98243212573497,Unfeasible shape,GPSampler,PRUNED
653,653,6.0,2026-04-21 16:42:59.780552,2026-04-21 16:42:59.887851,0 days 00:00:00.107299,-80.0,100.0,32.24120310552612,48.23503479228361,108.6402020702397,21.041973495846626,-71.22880256423312,96.70287256876622,39.34499026878267,58.55547335244097,-3.920396909332389,93.00693847050243,Unfeasible shape,GPSampler,PRUNED
654,654,6.0,2026-04-21 16:43:00.036532,2026-04-21 16:43:00.275465,0 days 00:00:00.238933,-80.0,100.0,31.99016826329256,48.004960280680876,108.82903472794635,20.94991032239458,-71.27322740573736,96.69004966282105,39.40180101526258,58.440684085694855,-3.8989121677447898,92.97022107901489,Unfeasible shape,GPSampler,PRUNED
