,number,value,datetime_start,datetime_complete,duration,params_lLegPt.rA1,params_lLegPt.rL0,params_lLegPt.rL1,params_lLegPt.rL2,params_lLegPt.x1,params_lLegPt.y1,params_sLegPt.rA1,params_sLegPt.rL0,params_sLegPt.rL1,params_sLegPt.rL2,params_sLegPt.x1,params_sLegPt.y1,user_attrs_prune,system_attrs_auto:sampler,state
722,722,6.0,2026-04-21 16:43:17.427702,2026-04-21 16:43:17.529759,0 days 00:00:00.102057,-80.0,100.0,32.22491257716938,48.06533856851769,108.70167741466821,20.681716232875438,-71.32114574605626,96.56490481754331,39.617551431580466,58.3346374853502,-4.025353567068596,93.0373465024193,Unfeasible shape,GPSampler,PRUNED
723,723,6.0,2026-04-21 16:43:17.643087,2026-04-21 16:43:17.751308,0 days 00:00:00.108221,-80.0,100.0,32.1173847683413,48.04730280079142,108.57913749788452,20.86917524780936,-71.20936237593165,96.67369906834749,39.461156803157245,58.27255846869317,-3.968649494800708,93.00905805473677,Unfeasible shape,GPSampler,PRUNED
724,724,6.0,2026-04-21 16:43:17.886787,2026-04-21 16:43:18.001348,0 days 00:00:00.114561,-80.0,100.0,32.1957606093194,47.971636169308724,108.56416576110189,20.7112886976643,-71.32076933439065,96.53875867173629,39.55248043291104,58.23766444979835,-4.035873767149386,92.989264061983,Unfeasible shape,GPSampler,PRUNED
725,725,6.0,2026-04-21 16:43:18.160958,2026-04-21 16:43:18.245831,0 days 00:00:00.084873,-80.0,100.0,32.1684564179952,47.935148814627205,108.70204224178632,21.02215335788933,-71.36101628508737,96.46745349439726,39.51330587275703,58.38890027464733,-3.911819061618502,93.028033854164,Unfeasible shape,GPSampler,PRUNED
726,726,6.0,2026-04-21 16:43:18.375447,2026-04-21 16:43:18.453129,0 days 00:00:00.077682,-80.0,100.0,32.05084632455012,48.01321300992105,108.74321510203698,20.940473092786327,-71.3369126717377,96.7653573115292,39.39658037810648,58.3820399334613,-3.968398649608229,92.961533220512,Unfeasible shape,GPSampler,PRUNED
727,727,6.0,2026-04-21 16:43:18.573044,2026-04-21 16:43:18.665207,0 days 00:00:00.092163,-80.0,100.0,32.45761902508778,48.17516855495669,108.48886196024684,20.787637946018478,-71.37802244648854,96.706745833473,39.54379249112648,58.15554645823788,-4.016023792378128,92.93635546385471,Unfeasible shape,GPSampler,PRUNED
728,728,6.0,2026-04-21 16:43:18.795936,2026-04-21 16:43:18.957951,0 days 00:00:00.162015,-80.0,100.0,32.156127024843954,48.1037043370867,108.69180550071738,20.793662012933638,-71.21929463465553,96.63383070241007,39.57978281644937,58.23102198921975,-3.938923374579854,93.00098942674366,Unfeasible shape,GPSampler,PRUNED
729,729,6.0,2026-04-21 16:43:19.101071,2026-04-21 16:43:19.208132,0 days 00:00:00.107061,-80.0,100.0,32.27707301935995,48.14556465281939,108.52171161391682,20.571864769234935,-71.33413363513259,96.70478304937821,39.399754193056154,58.30879507056577,-3.885422613977557,93.01880524261469,Unfeasible shape,GPSampler,PRUNED
730,730,6.0,2026-04-21 16:43:19.362488,2026-04-21 16:43:19.469830,0 days 00:00:00.107342,-80.0,100.0,31.65001002050655,47.9785720766266,109.02490840247566,20.94252836224706,-71.34110425478133,97.06027474782096,39.287082079124744,58.37446150339177,-4.065158425689027,92.9048440245771,Unfeasible shape,GPSampler,PRUNED
731,731,6.0,2026-04-21 16:43:19.623008,2026-04-21 16:43:19.725425,0 days 00:00:00.102417,-80.0,100.0,32.14211450979337,48.00451164006723,108.70442956802863,20.950847078574384,-71.30030903444197,96.63165790019532,39.50935633781381,58.41790041318858,-3.9499082241938126,93.0246470802495,Unfeasible shape,GPSampler,PRUNED
732,732,6.0,2026-04-21 16:43:19.843067,2026-04-21 16:43:19.978547,0 days 00:00:00.135480,-80.0,100.0,32.03893791692365,48.090941453274034,108.80810690438034,20.88628065400014,-71.28561178080798,96.65338531510137,39.465086760240084,58.39112193379769,-3.967976450061947,92.97541106447453,Unfeasible shape,GPSampler,PRUNED
733,733,6.0,2026-04-21 16:43:20.107483,2026-04-21 16:43:20.194238,0 days 00:00:00.086755,-80.0,100.0,32.17040779805471,48.05406508023816,108.3997695085514,20.833516549628484,-71.25521782089663,96.59770581968962,39.63079240628932,58.43706321657293,-3.605809195726554,92.96181889609576,Unfeasible shape,GPSampler,PRUNED
734,734,6.0,2026-04-21 16:43:20.334266,2026-04-21 16:43:20.430939,0 days 00:00:00.096673,-80.0,100.0,32.10787431023837,48.114805586648345,108.7683092933459,20.877654818985384,-71.31102931086482,96.78999575457863,39.41672047314839,58.35166960072844,-3.9372449099316214,92.9732152472502,Unfeasible shape,GPSampler,PRUNED
735,735,6.0,2026-04-21 16:43:20.561103,2026-04-21 16:43:20.644766,0 days 00:00:00.083663,-80.0,100.0,32.14399695269447,48.023549871181,108.68279231787672,20.801066154186856,-71.23255305612625,96.6809119270372,39.36669833505279,58.16965309576051,-3.900234577179088,93.01355707090617,Unfeasible shape,GPSampler,PRUNED
736,736,6.0,2026-04-21 16:43:20.851147,2026-04-21 16:43:20.942493,0 days 00:00:00.091346,-80.0,100.0,32.13136286450178,47.871941573719475,108.67297027644528,21.02357624051023,-71.26590960391063,96.59672797803495,39.52848226599548,58.40587752727436,-3.8770098055845494,92.95930498719338,Unfeasible shape,GPSampler,PRUNED
737,737,6.0,2026-04-21 16:43:21.138023,2026-04-21 16:43:21.226125,0 days 00:00:00.088102,-80.0,100.0,32.22057034957354,48.04053493994797,108.7515967550317,20.986593354455138,-71.19255999664382,96.56025867911221,39.35503083472864,58.53878235635088,-3.740591360630294,93.0047639245706,Unfeasible shape,GPSampler,PRUNED
738,738,6.0,2026-04-21 16:43:21.351797,2026-04-21 16:43:21.455184,0 days 00:00:00.103387,-80.0,100.0,32.24533293228987,48.042324876774856,108.70802786443538,20.821368105395308,-71.23774696416442,96.68645443717111,39.31875644631505,58.35745053105868,-3.8077835362275785,92.90084677786835,Unfeasible shape,GPSampler,PRUNED
739,739,6.0,2026-04-21 16:43:21.581599,2026-04-21 16:43:21.720951,0 days 00:00:00.139352,-80.0,100.0,32.17406656595702,48.10739683586853,108.73023523979859,20.794982553151826,-71.3302182800418,96.6629731191407,39.510901950471705,58.26914118529247,-3.9335568054136303,93.03080940273512,Unfeasible shape,GPSampler,PRUNED
740,740,6.0,2026-04-21 16:43:21.861489,2026-04-21 16:43:21.952887,0 days 00:00:00.091398,-80.0,100.0,32.22792523910498,48.0798896861388,108.76352834779604,20.90581700594862,-71.32675610287552,96.7218776280987,39.53323282878284,58.240272544660876,-3.9886901102422243,92.98404755777679,Unfeasible shape,GPSampler,PRUNED
741,741,6.0,2026-04-21 16:43:22.074937,2026-04-21 16:43:22.203321,0 days 00:00:00.128384,-80.0,100.0,32.10840853103343,47.96546525190796,108.76044243961822,20.866646261408434,-71.24328053577227,96.57841730063124,39.52408948669337,58.304270570552276,-3.9135998453105927,92.93694420556452,Unfeasible shape,GPSampler,PRUNED
742,742,6.0,2026-04-21 16:43:22.419228,2026-04-21 16:43:22.513407,0 days 00:00:00.094179,-80.0,100.0,32.19236022493431,48.044489236163386,108.62990564668412,20.85894690082751,-71.26255550573026,96.60673052780211,39.47779770208078,58.51109862194294,-3.9207086996035905,93.00493936495782,Unfeasible shape,GPSampler,PRUNED
743,743,6.0,2026-04-21 16:43:22.656807,2026-04-21 16:43:22.801308,0 days 00:00:00.144501,-80.0,100.0,32.05053982877037,48.052374383585374,108.85487576924828,20.87091088008097,-71.29012871503305,96.67533789328056,39.40874764853122,58.39116036758912,-3.9666388802923684,93.06626061609381,Unfeasible shape,GPSampler,PRUNED
744,744,6.0,2026-04-21 16:43:22.930955,2026-04-21 16:43:23.027596,0 days 00:00:00.096641,-80.0,100.0,32.04226625532452,48.015428968315284,108.66081023155513,20.840050992946367,-71.28274858339776,96.62579880703208,39.44701158330602,58.38320277562384,-3.862688560429035,92.98110017949867,Unfeasible shape,GPSampler,PRUNED
745,745,6.0,2026-04-21 16:43:23.188677,2026-04-21 16:43:23.297537,0 days 00:00:00.108860,-80.0,100.0,32.10968537061969,48.029592400216785,108.81237486812445,20.90387223823666,-71.30937486425329,96.62115892633727,39.42517477529944,58.29174789557253,-3.9433408810323805,92.98673752108984,Unfeasible shape,GPSampler,PRUNED
746,746,6.0,2026-04-21 16:43:23.438319,2026-04-21 16:43:23.547644,0 days 00:00:00.109325,-80.0,100.0,31.875863769284102,48.086620564694535,108.76417499615926,20.887834117582635,-71.21483561482015,96.55890101651701,39.42986550884285,58.41066098732016,-3.865236051530484,92.95985016672351,Unfeasible shape,GPSampler,PRUNED
747,747,6.0,2026-04-21 16:43:23.678793,2026-04-21 16:43:23.756001,0 days 00:00:00.077208,-80.0,100.0,32.21298634158573,47.97721786496173,108.6066474415711,20.989356276703816,-71.40894899779116,96.63621227181895,39.39662290222087,58.29438790652769,-4.0010368008545,93.0447369352836,Unfeasible shape,GPSampler,PRUNED
748,748,6.0,2026-04-21 16:43:23.872952,2026-04-21 16:43:23.947496,0 days 00:00:00.074544,-80.0,100.0,31.940601295771206,48.25795530513147,108.71164921156539,20.86668086179943,-71.23376614085207,96.77325497612702,39.38889390698729,58.5240259830926,-4.1003257976165415,92.93527515608345,Unfeasible shape,GPSampler,PRUNED
749,749,6.0,2026-04-21 16:43:24.077694,2026-04-21 16:43:24.190949,0 days 00:00:00.113255,-80.0,100.0,32.09514205572228,48.07945394437539,108.7100758452515,20.881747170850886,-71.21169411161954,96.63835327307618,39.59206657709956,58.33305056037274,-3.927275688827571,92.92584161243487,Unfeasible shape,GPSampler,PRUNED
750,750,6.0,2026-04-21 16:43:24.322965,2026-04-21 16:43:24.422538,0 days 00:00:00.099573,-80.0,100.0,32.26415365179817,48.25685026517826,108.73271149289799,20.76856308180632,-71.15707702365643,96.6603420309653,39.35074247901873,58.39838942157342,-4.06549866012314,93.0639753634528,Unfeasible shape,GPSampler,PRUNED
751,751,6.0,2026-04-21 16:43:24.557585,2026-04-21 16:43:24.655000,0 days 00:00:00.097415,-80.0,100.0,32.11637076031289,48.07204849590253,108.60573717901445,20.82574545207102,-71.28001261106667,96.65383544069013,39.3371490576548,58.41730879175318,-3.9001368700359826,92.99808186546538,Unfeasible shape,GPSampler,PRUNED
752,752,6.0,2026-04-21 16:43:24.798863,2026-04-21 16:43:24.903471,0 days 00:00:00.104608,-80.0,100.0,32.14489090899529,48.029735150088335,108.73059172858217,20.76801901589733,-71.23781032831222,96.61715489652985,39.41627193131394,58.15218514729871,-4.006843126238596,92.9215832952739,Unfeasible shape,GPSampler,PRUNED
753,753,6.0,2026-04-21 16:43:25.051349,2026-04-21 16:43:25.174435,0 days 00:00:00.123086,-80.0,100.0,32.31066202812905,48.04830670749994,108.85333571062019,20.745496998210236,-71.30164900096136,96.76343813328478,39.50467493103487,58.4240554532415,-3.755238554041359,92.93882842351512,Unfeasible shape,GPSampler,PRUNED
754,754,6.0,2026-04-21 16:43:25.329067,2026-04-21 16:43:25.445159,0 days 00:00:00.116092,-80.0,100.0,32.18190674208135,47.98789342649144,108.65293062859776,20.795939731819345,-71.24567228271088,96.58962447709001,39.45955222470781,58.398370341035836,-3.906512635318709,92.94782268442954,Unfeasible shape,GPSampler,PRUNED
755,755,6.0,2026-04-21 16:43:25.583810,2026-04-21 16:43:25.703342,0 days 00:00:00.119532,-80.0,100.0,32.16808653013195,48.00044813589822,108.69080099350175,20.840408255165286,-71.3223376560388,96.61331285207562,39.46018141930398,58.3929267473413,-3.794159227936163,92.99568519218285,Unfeasible shape,GPSampler,PRUNED
756,756,6.0,2026-04-21 16:43:25.848348,2026-04-21 16:43:25.958770,0 days 00:00:00.110422,-80.0,100.0,32.28040758316105,48.189244303348026,108.5870444341852,20.672178447905786,-71.17034339229374,96.58258441009566,39.60917290720573,58.33407844431215,-3.991879089545183,93.0626546960267,Unfeasible shape,GPSampler,PRUNED
757,757,6.0,2026-04-21 16:43:26.089483,2026-04-21 16:43:26.193214,0 days 00:00:00.103731,-80.0,100.0,31.954989122971003,47.92677409178143,108.77015923060033,20.88783954384332,-71.2679433140053,96.59538236038355,39.49878577257234,58.37920580407059,-3.8359280114487966,92.88870303846878,Unfeasible shape,GPSampler,PRUNED
758,758,6.0,2026-04-21 16:43:26.332616,2026-04-21 16:43:26.455911,0 days 00:00:00.123295,-80.0,100.0,32.112845431503665,48.051137216398985,108.58582065123623,20.763078053177615,-71.35070713324863,96.64233267106717,39.4375781436684,58.41640790143438,-3.961563381428938,93.01717859028821,Unfeasible shape,GPSampler,PRUNED
759,759,6.0,2026-04-21 16:43:26.609966,2026-04-21 16:43:26.719286,0 days 00:00:00.109320,-80.0,100.0,32.06455198243677,47.950105145108864,108.57891533811056,20.88263934245017,-71.33115391058132,96.52425252617397,39.54243503922283,58.35361548728698,-3.9123245246850367,93.0145958566141,Unfeasible shape,GPSampler,PRUNED
760,760,6.0,2026-04-21 16:43:26.895257,2026-04-21 16:43:27.005278,0 days 00:00:00.110021,-80.0,100.0,32.178640447127094,47.97074470455049,108.72015848232651,20.663504615847515,-71.34720513885702,96.63221510802308,39.49024962712126,58.2774490999927,-3.8501672863557452,93.0053742345695,Unfeasible shape,GPSampler,PRUNED
761,761,6.0,2026-04-21 16:43:27.146424,2026-04-21 16:43:27.233087,0 days 00:00:00.086663,-80.0,100.0,32.00608024622497,48.08409431298764,108.82335150785487,20.88375585051603,-71.37045820315454,96.76562377068534,39.40567628983457,58.27127902960213,-3.916548655078266,92.93215023520212,Unfeasible shape,GPSampler,PRUNED
762,762,6.0,2026-04-21 16:43:27.361393,2026-04-21 16:43:27.439127,0 days 00:00:00.077734,-80.0,100.0,32.08307649710588,48.01760069961046,108.78450823612093,20.75137766074716,-71.24994383174032,96.68506759393192,39.41794911073265,58.30616062347271,-3.900395368970802,92.99369308100803,Unfeasible shape,GPSampler,PRUNED
763,763,6.0,2026-04-21 16:43:27.558830,2026-04-21 16:43:27.690318,0 days 00:00:00.131488,-80.0,100.0,32.027027223655466,48.037073241089736,108.35114765418639,20.86928088005658,-71.35279014360017,96.43762690019702,39.43513487013822,58.31338346475037,-3.93174265723005,93.0472891654035,Unfeasible shape,GPSampler,PRUNED
764,764,6.0,2026-04-21 16:43:27.831047,2026-04-21 16:43:27.964894,0 days 00:00:00.133847,-80.0,100.0,32.151756712607664,47.96236918034744,108.6565418010388,20.840748968042448,-71.13030161429866,96.65385546272367,39.459871264004995,58.42238660006751,-3.980632153453392,93.01968903931412,Unfeasible shape,GPSampler,PRUNED
765,765,6.0,2026-04-21 16:43:28.114522,2026-04-21 16:43:28.387498,0 days 00:00:00.272976,-80.0,100.0,32.25460850498249,48.05459542831527,108.44488850814858,20.502040740700913,-71.25408463622448,96.53267546230715,39.470523785479386,58.19250385872665,-3.8754936076792355,93.01665409643117,Unfeasible shape,GPSampler,PRUNED
766,766,6.0,2026-04-21 16:43:28.523696,2026-04-21 16:43:28.621366,0 days 00:00:00.097670,-80.0,100.0,32.258525065473854,48.10151718622262,108.87641672191815,20.8034540694199,-71.24299010648778,96.76104676307722,39.59125451475955,58.42752893901576,-3.864842658708877,93.01010359947803,Unfeasible shape,GPSampler,PRUNED
767,767,6.0,2026-04-21 16:43:28.734989,2026-04-21 16:43:28.868931,0 days 00:00:00.133942,-80.0,100.0,32.08091017686753,47.97987456219974,108.75365447865654,20.841246195700244,-71.269345671679,96.76344321520041,39.47800332797897,58.31336749838068,-3.928808830080186,93.02895051479362,Unfeasible shape,GPSampler,PRUNED
768,768,6.0,2026-04-21 16:43:29.012324,2026-04-21 16:43:29.123529,0 days 00:00:00.111205,-80.0,100.0,32.10918544408997,48.19687569301275,108.75962842169716,20.949614258119226,-71.23105617320697,96.70982014747138,39.57570061085109,58.37364033146136,-3.9828874481736243,93.02484696813167,Unfeasible shape,GPSampler,PRUNED
769,769,6.0,2026-04-21 16:43:29.282740,2026-04-21 16:43:29.401310,0 days 00:00:00.118570,-80.0,100.0,32.132815074525574,47.99754615506871,108.95707761847191,20.849585256344128,-71.32225480474928,96.58503371296,39.40589523936846,58.47798057158152,-3.8443608127928073,92.8871449002176,Unfeasible shape,GPSampler,PRUNED
770,770,6.0,2026-04-21 16:43:29.549392,2026-04-21 16:43:29.634590,0 days 00:00:00.085198,-80.0,100.0,31.971893160734428,48.04674223676041,108.77658271863365,20.905652414293293,-71.3637034760747,96.67405317920573,39.29896324807614,58.469940317329375,-3.9287126107005044,93.04204323299166,Unfeasible shape,GPSampler,PRUNED
771,771,6.0,2026-04-21 16:43:29.797577,2026-04-21 16:43:29.899834,0 days 00:00:00.102257,-80.0,100.0,32.060044533417475,47.98259954297551,108.74042921190895,20.893640317629945,-71.2930950135141,96.68030791235287,39.4458056920763,58.32746473642649,-3.8878333017954887,92.97023088558429,Unfeasible shape,GPSampler,PRUNED
772,772,6.0,2026-04-21 16:43:30.060427,2026-04-21 16:43:30.366821,0 days 00:00:00.306394,-80.0,100.0,32.17546994536208,47.94008314682784,108.70099518950913,20.699179847633197,-71.27866689391362,96.67928671591743,39.44393636297096,58.448614819755456,-3.816089130664775,92.96111625253512,Unfeasible shape,GPSampler,PRUNED
773,773,6.0,2026-04-21 16:43:30.487436,2026-04-21 16:43:30.629416,0 days 00:00:00.141980,-80.0,100.0,31.986651286288836,48.20325250063907,108.97539266620308,20.90565260502607,-71.24412088995899,96.6504900847906,39.28464501089696,58.34255481527894,-3.947603325958493,92.92443464558642,Unfeasible shape,GPSampler,PRUNED
774,774,6.0,2026-04-21 16:43:30.751339,2026-04-21 16:43:30.849345,0 days 00:00:00.098006,-80.0,100.0,32.1896321177533,48.04861127362078,108.70594920568051,20.78763546007815,-71.2671253948234,96.62825826139562,39.53579922480145,58.32324473920499,-3.9723940013059043,93.06551953044242,Unfeasible shape,GPSampler,PRUNED
775,775,6.0,2026-04-21 16:43:30.986130,2026-04-21 16:43:31.103262,0 days 00:00:00.117132,-80.0,100.0,32.29927892392615,48.02024691061127,108.75988260816125,20.78797085035282,-71.27785718014427,96.66822289049205,39.49660519827583,58.33214435054573,-3.863020406056762,92.99614149192733,Unfeasible shape,GPSampler,PRUNED
776,776,6.0,2026-04-21 16:43:31.279673,2026-04-21 16:43:31.416694,0 days 00:00:00.137021,-80.0,100.0,32.065734533524974,48.08067227474377,108.67070766838816,20.794493327781694,-71.33303710252814,96.73886183258738,39.350332964314376,58.29735844040653,-3.9344342421874465,92.92408288994226,Unfeasible shape,GPSampler,PRUNED
777,777,6.0,2026-04-21 16:43:31.571404,2026-04-21 16:43:31.664142,0 days 00:00:00.092738,-80.0,100.0,32.151846674992484,48.057382263445426,108.79815885156712,20.97149710684719,-71.31229952833378,96.80587593783633,39.4124755788298,58.701211830625816,-3.7914180832385362,93.04412201257371,Unfeasible shape,GPSampler,PRUNED
778,778,6.0,2026-04-21 16:43:31.789567,2026-04-21 16:43:32.053396,0 days 00:00:00.263829,-80.0,100.0,32.020328944595306,48.01968951585371,108.70336982524694,20.799708571556145,-71.32354127506656,96.64893317009889,39.4870272862952,58.33978829529557,-3.9617650618146065,93.011080397628,Unfeasible shape,GPSampler,PRUNED
779,779,6.0,2026-04-21 16:43:32.201422,2026-04-21 16:43:32.291567,0 days 00:00:00.090145,-80.0,100.0,32.13384785050529,47.98184851596475,108.70869797517328,20.923821232358,-71.26505334838912,96.61481096424764,39.42893746596603,58.41142297739772,-3.8881871467764526,92.97933746720494,Unfeasible shape,GPSampler,PRUNED
780,780,6.0,2026-04-21 16:43:32.451369,2026-04-21 16:43:32.551838,0 days 00:00:00.100469,-80.0,100.0,32.04505729830724,48.04154837781927,108.99612486374585,21.04193771063361,-71.40139936655953,96.93672553115977,39.59753422975078,58.379181865657685,-3.836869432936485,92.91819077065811,Unfeasible shape,GPSampler,PRUNED
781,781,6.0,2026-04-21 16:43:32.691269,2026-04-21 16:43:32.771447,0 days 00:00:00.080178,-80.0,100.0,32.32487887706611,47.99074751976632,108.49032144053302,20.795591033397457,-71.25407025506188,96.47312838932072,39.448859088753395,58.19081987690506,-3.849627758152824,92.97681077694729,Unfeasible shape,GPSampler,PRUNED
782,782,6.0,2026-04-21 16:43:32.916745,2026-04-21 16:43:32.999620,0 days 00:00:00.082875,-80.0,100.0,32.20853186976369,47.99919443759106,108.7983844521161,21.013339380649867,-71.2199032243808,96.6670307610211,39.62192710443493,58.62462668891787,-3.8721579182709362,92.95247141380072,Unfeasible shape,GPSampler,PRUNED
783,783,6.0,2026-04-21 16:43:33.127273,2026-04-21 16:43:33.241269,0 days 00:00:00.113996,-80.0,100.0,32.072315675062605,48.034752095202435,108.75425310489669,20.898738013765097,-71.31706857841353,96.71812560860153,39.42283648506749,58.34222044710622,-3.929523350176371,92.98568682943018,Unfeasible shape,GPSampler,PRUNED
784,784,6.0,2026-04-21 16:43:33.365384,2026-04-21 16:43:33.493198,0 days 00:00:00.127814,-80.0,100.0,32.14454314798397,48.07485096054961,108.83795933437982,20.788014732318878,-71.23859157775345,96.64833238498812,39.47673085274167,58.382896713402225,-3.951053619699767,93.00297476930716,Unfeasible shape,GPSampler,PRUNED
785,785,6.0,2026-04-21 16:43:33.641444,2026-04-21 16:43:33.735302,0 days 00:00:00.093858,-80.0,100.0,32.22502425478011,48.085397281991085,108.56633006495578,20.80132421571863,-71.2572131833655,96.56087387362342,39.568249971738176,58.230253487908215,-3.829652832772119,92.96698307400086,Unfeasible shape,GPSampler,PRUNED
786,786,6.0,2026-04-21 16:43:33.987080,2026-04-21 16:43:34.139237,0 days 00:00:00.152157,-80.0,100.0,32.10022549092575,48.05709657815744,108.74710421367838,20.731454672914992,-71.2459632890513,96.75349901198445,39.45390970824825,58.455768601577766,-3.913497383479367,93.02350932606541,Unfeasible shape,GPSampler,PRUNED
787,787,6.0,2026-04-21 16:43:34.271440,2026-04-21 16:43:34.467122,0 days 00:00:00.195682,-80.0,100.0,32.152870523874384,48.0553686954188,108.76412417051125,20.695366101077475,-71.23646166736263,96.6850182320294,39.473571546701166,58.343120078873106,-3.9495233513792094,93.01498472982438,Unfeasible shape,GPSampler,PRUNED
788,788,6.0,2026-04-21 16:43:34.595419,2026-04-21 16:43:34.719012,0 days 00:00:00.123593,-80.0,100.0,31.96435482224286,47.80888856282524,109.00216583178182,20.736005808813374,-71.40896513888165,96.75137698992002,39.450338418430086,58.27130475073425,-3.8783062107992023,92.95292394474359,Unfeasible shape,GPSampler,PRUNED
789,789,6.0,2026-04-21 16:43:34.841250,2026-04-21 16:43:34.931484,0 days 00:00:00.090234,-80.0,100.0,32.3076768299575,48.181245745305105,108.75010634111648,20.797531397346155,-71.35872158669147,96.47836336888491,39.583134298183865,58.366197385261735,-3.9646042639974617,92.99700404419572,Unfeasible shape,GPSampler,PRUNED
