,number,value,datetime_start,datetime_complete,duration,params_lLegPt.rA1,params_lLegPt.rL0,params_lLegPt.rL1,params_lLegPt.rL2,params_lLegPt.x1,params_lLegPt.y1,params_sLegPt.rA1,params_sLegPt.rL0,params_sLegPt.rL1,params_sLegPt.rL2,params_sLegPt.x1,params_sLegPt.y1,user_attrs_prune,system_attrs_auto:sampler,state
453,453,6.0,2026-04-21 16:42:05.287730,2026-04-21 16:42:05.368016,0 days 00:00:00.080286,-80.0,100.0,32.30905892097979,48.027951157564644,108.77583294203575,21.193825173786692,-71.23493970354498,96.89415281414958,39.4309139181723,58.32002696830668,-3.9624848609237766,93.00291967951179,Unfeasible shape,GPSampler,PRUNED
454,454,6.0,2026-04-21 16:42:05.489179,2026-04-21 16:42:05.566199,0 days 00:00:00.077020,-80.0,100.0,32.081070447949614,47.970331067771774,108.74974846538869,20.84154937279544,-71.29527022919049,96.7116477941552,39.48095761335476,58.38730285950794,-3.905774122166026,93.02761035109793,Unfeasible shape,GPSampler,PRUNED
455,455,6.0,2026-04-21 16:42:05.691422,2026-04-21 16:42:05.771490,0 days 00:00:00.080068,-80.0,100.0,32.09117137571101,48.05273465466557,108.77224550240241,20.88127654439809,-71.32279965319253,96.68024605361876,39.432996478792106,58.337336764714756,-3.9405451442391453,92.99640547810903,Unfeasible shape,GPSampler,PRUNED
456,456,6.0,2026-04-21 16:42:05.920691,2026-04-21 16:42:06.088641,0 days 00:00:00.167950,-80.0,100.0,32.5378404693838,48.19178926470523,108.61024887326765,20.77381165107591,-71.28079226577624,96.55163942222909,39.433186684987554,58.38904016245637,-3.8544898271343015,93.06467753816085,Unfeasible shape,GPSampler,PRUNED
457,457,6.0,2026-04-21 16:42:06.225602,2026-04-21 16:42:06.328453,0 days 00:00:00.102851,-80.0,100.0,32.048658017366485,48.02315806322674,108.48551181295906,21.036917871564683,-71.3198776907848,96.60425744522836,39.35353251780958,58.55058217237064,-3.7593415325998727,92.99338168785197,Unfeasible shape,GPSampler,PRUNED
458,458,6.0,2026-04-21 16:42:06.473116,2026-04-21 16:42:06.571748,0 days 00:00:00.098632,-80.0,100.0,32.200024816222545,48.13180315451977,108.64796603489609,20.806661795261334,-71.38623863329337,96.7727185822732,39.52078910119357,58.31984282912059,-3.927490772608671,92.99187430409589,Unfeasible shape,GPSampler,PRUNED
459,459,6.0,2026-04-21 16:42:06.710755,2026-04-21 16:42:06.832486,0 days 00:00:00.121731,-80.0,100.0,32.12108683538925,48.13855240850192,108.85001374223357,20.79518636398143,-71.32621433756972,96.71620444479542,39.32736440735435,58.28144180091048,-3.9841656058338195,93.04820408002905,Unfeasible shape,GPSampler,PRUNED
460,460,6.0,2026-04-21 16:42:06.985895,2026-04-21 16:42:07.121818,0 days 00:00:00.135923,-80.0,100.0,32.06561943793492,48.11099877983928,108.59777290376469,20.752817944699174,-71.25827243732533,96.84079365531217,39.34347565795782,58.40805249485609,-3.8489138338436355,92.99068368007983,Unfeasible shape,GPSampler,PRUNED
461,461,6.0,2026-04-21 16:42:07.253222,2026-04-21 16:42:07.435785,0 days 00:00:00.182563,-80.0,100.0,32.065335143148175,48.056866997090985,108.66813924975973,20.907617842003773,-71.41379864912555,96.56548976619983,39.483636010955884,58.43393015395992,-3.9327491837883137,93.0073232316551,Unfeasible shape,GPSampler,PRUNED
462,462,6.0,2026-04-21 16:42:07.569543,2026-04-21 16:42:07.663442,0 days 00:00:00.093899,-80.0,100.0,31.999357811080884,47.98737813578326,108.75336527262918,20.722566525480666,-71.32231202257074,96.70266725673011,39.75156921879038,58.45021417004643,-3.9225135129999558,92.94091687904604,Unfeasible shape,GPSampler,PRUNED
463,463,6.0,2026-04-21 16:42:07.789537,2026-04-21 16:42:07.879621,0 days 00:00:00.090084,-80.0,100.0,32.10683859831116,48.21844194569171,108.85639797490462,20.60583309892145,-71.2668367787218,96.76240896994896,39.45378620517639,58.46352465353865,-3.967041068325461,93.00742786328212,Unfeasible shape,GPSampler,PRUNED
464,464,6.0,2026-04-21 16:42:08.009260,2026-04-21 16:42:08.106965,0 days 00:00:00.097705,-80.0,100.0,31.88192681421599,48.057426909879126,108.62138357833027,20.961761263769617,-71.28355235535773,96.78985665654515,39.438614943563266,58.29164670326454,-3.9251569244388236,93.04406576565314,Unfeasible shape,GPSampler,PRUNED
465,465,6.0,2026-04-21 16:42:08.253175,2026-04-21 16:42:08.431049,0 days 00:00:00.177874,-80.0,100.0,31.819666542962825,47.9144952607234,108.99083197431469,20.944796787856028,-71.33233998971959,97.06813638351036,39.35768437366995,58.38036307966327,-3.881025714867551,92.93379811544823,Unfeasible shape,GPSampler,PRUNED
466,466,6.0,2026-04-21 16:42:08.584398,2026-04-21 16:42:08.676108,0 days 00:00:00.091710,-80.0,100.0,32.26969563801833,48.03744280719903,108.73251482868012,20.662889432039236,-71.27436463082208,96.56419972940938,39.4790690872601,58.32951432286999,-3.975773399237635,92.99136144618832,Unfeasible shape,GPSampler,PRUNED
467,467,6.0,2026-04-21 16:42:08.816972,2026-04-21 16:42:08.965198,0 days 00:00:00.148226,-80.0,100.0,32.20739934088121,48.10904503888346,108.66594132283036,20.97193502032919,-71.26147425270327,96.65299386195993,39.53650758566291,58.3552835049663,-3.8983811045706673,93.05468059223013,Unfeasible shape,GPSampler,PRUNED
468,468,6.0,2026-04-21 16:42:09.115195,2026-04-21 16:42:09.327477,0 days 00:00:00.212282,-80.0,100.0,32.17002440826576,48.04124647730707,108.78548741481413,20.97282975770767,-71.30878942826538,96.59323468277178,39.375039847994415,58.40606375831786,-3.8244329008692155,93.00878581284141,Unfeasible shape,GPSampler,PRUNED
469,469,6.0,2026-04-21 16:42:09.485413,2026-04-21 16:42:09.818337,0 days 00:00:00.332924,-80.0,100.0,31.986363390268334,47.75749382857462,109.00486161915535,21.003648295172823,-71.29791735286278,96.81571707065815,39.494020017638015,58.50428905997621,-3.825455325348905,92.94672657546141,Unfeasible shape,GPSampler,PRUNED
470,470,6.0,2026-04-21 16:42:09.948350,2026-04-21 16:42:10.026385,0 days 00:00:00.078035,-80.0,100.0,32.5160564208262,47.961843204639294,108.49397878336724,20.761661327435867,-71.2892281438236,96.37652880953233,39.76414254753807,58.17999878942827,-3.967177064677724,93.08459560374949,Unfeasible shape,GPSampler,PRUNED
471,471,6.0,2026-04-21 16:42:10.156975,2026-04-21 16:42:10.318072,0 days 00:00:00.161097,-80.0,100.0,32.33969782038691,47.971575529867486,108.69981069607188,20.69321712920994,-71.22207461508528,96.51562652039492,39.6109848605874,58.41521903250404,-3.8241560502317213,92.96577501801819,Unfeasible shape,GPSampler,PRUNED
472,472,6.0,2026-04-21 16:42:10.448793,2026-04-21 16:42:10.568717,0 days 00:00:00.119924,-80.0,100.0,32.257267353899636,48.079039291393215,108.71337667572539,20.87139898097928,-71.24691296528898,96.73602246588105,39.55658115340378,58.17742248653107,-4.017036418118657,93.05932713997913,Unfeasible shape,GPSampler,PRUNED
473,473,6.0,2026-04-21 16:42:10.706379,2026-04-21 16:42:10.815478,0 days 00:00:00.109099,-80.0,100.0,32.17757862296808,47.88817177183283,108.76024918535947,20.994744121098584,-71.25927540447758,96.7324467505424,39.2201607820019,58.21356245082761,-3.8066531149666574,92.95368053548032,Unfeasible shape,GPSampler,PRUNED
474,474,6.0,2026-04-21 16:42:10.960491,2026-04-21 16:42:11.085757,0 days 00:00:00.125266,-80.0,100.0,31.87996516795946,47.97577524680894,108.889242057657,21.047511136524804,-71.44973907679832,96.793162419935,39.249135995368356,58.32633682844681,-3.9095425507925192,92.96229415129947,Unfeasible shape,GPSampler,PRUNED
475,475,6.0,2026-04-21 16:42:11.224913,2026-04-21 16:42:11.336756,0 days 00:00:00.111843,-80.0,100.0,32.31379470393007,48.01261549531518,108.77716127425177,20.90726209615478,-71.27670880774299,96.65861958021044,39.596854059849406,58.49785858275347,-3.884214055411789,93.02101208652799,Unfeasible shape,GPSampler,PRUNED
476,476,6.0,2026-04-21 16:42:11.469518,2026-04-21 16:42:11.831806,0 days 00:00:00.362288,-80.0,100.0,32.325990309666025,48.081970675071055,108.85339579190978,20.716613886742145,-71.2929671422408,96.60459331773816,39.57117114075375,58.3465109973756,-3.837322966959853,92.9949849974972,Unfeasible shape,GPSampler,PRUNED
477,477,6.0,2026-04-21 16:42:11.958427,2026-04-21 16:42:12.141373,0 days 00:00:00.182946,-80.0,100.0,32.08691735647288,48.09956562694671,108.8873022019152,20.697029233323107,-71.20298777850986,96.65752567517937,39.35979343360573,58.30307434134465,-4.004983173572295,92.9888009345948,Unfeasible shape,GPSampler,PRUNED
478,478,6.0,2026-04-21 16:42:12.280402,2026-04-21 16:42:12.420432,0 days 00:00:00.140030,-80.0,100.0,32.098822517174156,48.08992302061313,108.7604905792746,20.840814925350436,-71.30416545516358,96.67582688486952,39.42706493427899,58.35211877793003,-3.8753318044374936,92.99774179354922,Unfeasible shape,GPSampler,PRUNED
479,479,6.0,2026-04-21 16:42:12.551326,2026-04-21 16:42:12.632754,0 days 00:00:00.081428,-80.0,100.0,32.280935273228266,47.8408315291695,108.65997907347712,21.00624105767946,-71.2500689411656,96.90337354361293,39.33935650291405,58.369615911352355,-3.7554941534538777,92.99256257926147,Unfeasible shape,GPSampler,PRUNED
480,480,6.0,2026-04-21 16:42:12.752486,2026-04-21 16:42:12.968347,0 days 00:00:00.215861,-80.0,100.0,32.0831473018993,48.18947495668029,108.9301439024377,20.963179692934766,-71.2482422206562,96.70245483491267,39.438858932243086,58.342805819215165,-3.9655507282158915,92.93651625450333,Unfeasible shape,GPSampler,PRUNED
481,481,6.0,2026-04-21 16:42:13.112544,2026-04-21 16:42:13.300239,0 days 00:00:00.187695,-80.0,100.0,32.08633577554119,48.02321931361669,108.7517915251885,20.91700212734429,-71.33637177519142,96.70890939130219,39.41392258717187,58.33841535755621,-3.940566054322236,92.94890335578839,Unfeasible shape,GPSampler,PRUNED
482,482,6.0,2026-04-21 16:42:13.487997,2026-04-21 16:42:13.604899,0 days 00:00:00.116902,-80.0,100.0,32.04009167663722,47.957412193454054,108.77152386443984,20.93723719953669,-71.2852190560901,96.62613812234758,39.47290221396525,58.372677426671586,-3.9040367022655573,92.99283327648027,Unfeasible shape,GPSampler,PRUNED
483,483,6.0,2026-04-21 16:42:13.753219,2026-04-21 16:42:13.859398,0 days 00:00:00.106179,-80.0,100.0,32.409913021211715,48.10257815231196,108.67353665260798,20.978269273463823,-71.30039845869857,96.63456944772065,39.42860589351594,58.25876217297575,-3.967014452113837,93.00577497672025,Unfeasible shape,GPSampler,PRUNED
484,484,6.0,2026-04-21 16:42:14.029636,2026-04-21 16:42:14.174959,0 days 00:00:00.145323,-80.0,100.0,31.92434294368603,47.770288388709965,108.75358882917517,20.74441049728187,-71.28812477663777,96.83437725926423,39.542312026130226,58.27583408623994,-3.915425996778829,93.00576088068168,Unfeasible shape,GPSampler,PRUNED
485,485,6.0,2026-04-21 16:42:14.326879,2026-04-21 16:42:14.499820,0 days 00:00:00.172941,-80.0,100.0,32.178213749245536,47.984437161250895,108.87377618278921,20.90846151692063,-71.32045337166431,96.6748007577153,39.44168714228253,58.37153502308558,-3.840777438559982,93.0142231159219,Unfeasible shape,GPSampler,PRUNED
486,486,6.0,2026-04-21 16:42:14.639694,2026-04-21 16:42:15.061959,0 days 00:00:00.422265,-80.0,100.0,32.42601738479439,48.283168103175804,108.68552835786555,20.88196035635403,-71.21705881750806,96.39167272195421,39.471609545194056,58.355629128552295,-4.044765806149336,93.00885945316098,Unfeasible shape,GPSampler,PRUNED
487,487,6.0,2026-04-21 16:42:15.217568,2026-04-21 16:42:15.589450,0 days 00:00:00.371882,-80.0,100.0,32.14858135965697,48.044899411718845,108.76561691165448,20.8914732124028,-71.25045704512978,96.61114453167836,39.430984527794735,58.3752122307153,-3.9574182731954792,93.0018026920207,Unfeasible shape,GPSampler,PRUNED
488,488,6.0,2026-04-21 16:42:15.739635,2026-04-21 16:42:15.897915,0 days 00:00:00.158280,-80.0,100.0,32.01457726719779,48.00813642397227,108.71599463766793,20.91152377401231,-71.28372833531053,96.74271217346043,39.42431869054019,58.31334654303496,-3.931699767543698,93.00981807975366,Unfeasible shape,GPSampler,PRUNED
489,489,6.0,2026-04-21 16:42:16.077969,2026-04-21 16:42:16.379532,0 days 00:00:00.301563,-80.0,100.0,32.221033174303116,47.90298255443858,108.60722359591747,21.011947791365934,-71.29723594296973,96.60647747811815,39.41585996230868,58.64804927694222,-3.791278573230052,92.9790927536678,Unfeasible shape,GPSampler,PRUNED
490,490,6.0,2026-04-21 16:42:16.506003,2026-04-21 16:42:16.611110,0 days 00:00:00.105107,-80.0,100.0,32.204483361805494,48.15312555424467,108.68880965346514,20.874209584067927,-71.30244696698759,96.5920714124074,39.54182795395547,58.28430470000266,-3.991609224865204,93.01003432321707,Unfeasible shape,GPSampler,PRUNED
491,491,6.0,2026-04-21 16:42:16.743575,2026-04-21 16:42:17.123374,0 days 00:00:00.379799,-80.0,100.0,32.07161563350928,48.046088166943754,108.77647831102412,20.95111026209991,-71.25398194918641,96.66976139240717,39.468885122215696,58.3694074977396,-3.907438764644411,92.97402193947565,Unfeasible shape,GPSampler,PRUNED
492,492,6.0,2026-04-21 16:42:17.278237,2026-04-21 16:42:17.529733,0 days 00:00:00.251496,-80.0,100.0,32.20654909048194,48.08340812306416,108.62923396266832,20.90648400244733,-71.33502142760288,96.745561871072,39.558567015779374,58.23560729980023,-3.9226455423157596,92.9671718653799,Unfeasible shape,GPSampler,PRUNED
493,493,6.0,2026-04-21 16:42:17.699974,2026-04-21 16:42:17.805684,0 days 00:00:00.105710,-80.0,100.0,32.14525491377955,48.137184968483396,108.52906253482129,20.797219822920503,-71.29111635395952,96.66884944533821,39.46355511390091,58.28542080442362,-3.8958463384735538,93.00851420687846,Unfeasible shape,GPSampler,PRUNED
494,494,6.0,2026-04-21 16:42:17.939677,2026-04-21 16:42:18.056127,0 days 00:00:00.116450,-80.0,100.0,32.02758553643169,48.05986989841604,108.76909510178037,20.89397427888958,-71.26340074732774,96.71597179945324,39.49403296620454,58.30792868165481,-3.975747210347727,92.99916926952523,Unfeasible shape,GPSampler,PRUNED
495,495,6.0,2026-04-21 16:42:18.178921,2026-04-21 16:42:18.303845,0 days 00:00:00.124924,-80.0,100.0,32.25594161712898,47.93886548249827,108.36324318055286,20.756521925645217,-71.24252779419993,96.61750583952335,39.592632000974504,58.23350728347975,-3.8423687616413105,92.98404854305535,Unfeasible shape,GPSampler,PRUNED
496,496,6.0,2026-04-21 16:42:18.458147,2026-04-21 16:42:18.605291,0 days 00:00:00.147144,-80.0,100.0,32.17208848996691,47.97651830711789,108.8554031760298,20.835381747255447,-71.28232290177017,96.68012394131189,39.492313298335574,58.39282123652823,-3.8435599406792136,93.00422800500127,Unfeasible shape,GPSampler,PRUNED
497,497,6.0,2026-04-21 16:42:18.729758,2026-04-21 16:42:18.825551,0 days 00:00:00.095793,-80.0,100.0,32.3179163248723,47.994266473973475,108.57980002705521,20.857975683657862,-71.31454693961376,96.60855877623324,39.50516227354223,58.41863257685014,-3.880599424095802,92.94171054698779,Unfeasible shape,GPSampler,PRUNED
498,498,6.0,2026-04-21 16:42:18.961722,2026-04-21 16:42:19.185826,0 days 00:00:00.224104,-80.0,100.0,32.051128968233286,48.1096256828175,108.66621813243695,20.941803053603493,-71.22955244780167,96.66874777820027,39.45543800777996,58.53271928371495,-3.9336248266896128,92.96397775876518,Unfeasible shape,GPSampler,PRUNED
499,499,6.0,2026-04-21 16:42:19.325708,2026-04-21 16:42:19.421827,0 days 00:00:00.096119,-80.0,100.0,31.976517063894807,47.88247065521519,108.55288097658561,21.08656898799643,-71.1615846164737,96.70714797726043,39.609167835284865,57.98222019569192,-3.812070828476834,93.00041387663562,Unfeasible shape,GPSampler,PRUNED
500,500,6.0,2026-04-21 16:42:19.555499,2026-04-21 16:42:19.689682,0 days 00:00:00.134183,-80.0,100.0,32.10736469170105,48.07354459370639,108.80374098628246,20.831225871403035,-71.30823617646719,96.69918676274654,39.43405783048816,58.43641022662157,-3.955452659211822,93.12223591954924,Unfeasible shape,GPSampler,PRUNED
501,501,6.0,2026-04-21 16:42:19.825613,2026-04-21 16:42:19.979611,0 days 00:00:00.153998,-80.0,100.0,32.13664619272251,48.101799118972004,108.5321575292268,20.844691071517857,-71.22082460247194,96.6358872410533,39.50409713561663,58.37648031290217,-3.8461130511357524,92.9967472129976,Unfeasible shape,GPSampler,PRUNED
502,502,6.0,2026-04-21 16:42:20.110049,2026-04-21 16:42:20.203717,0 days 00:00:00.093668,-80.0,100.0,32.10249668217669,48.01107298508828,108.80125851349459,20.80906656473151,-71.27980940197556,96.7564020372913,39.43716629474528,58.35087693184497,-3.895991810523281,93.00206394369931,Unfeasible shape,GPSampler,PRUNED
503,503,6.0,2026-04-21 16:42:20.339604,2026-04-21 16:42:20.417591,0 days 00:00:00.077987,-80.0,100.0,32.25388310064655,47.98847064355302,108.40764541066942,20.772030577008557,-71.24332706912824,96.40279748601843,39.51627433591548,58.27813680597318,-3.987940590123536,93.00665744367605,Unfeasible shape,GPSampler,PRUNED
504,504,6.0,2026-04-21 16:42:20.547849,2026-04-21 16:42:20.674043,0 days 00:00:00.126194,-80.0,100.0,32.28693626211485,48.07515344248017,108.70068127839103,20.7063269903554,-71.3063406480527,96.67612151670161,39.48737390727435,58.4691443822969,-3.9187771792246338,92.96087924656238,Unfeasible shape,GPSampler,PRUNED
505,505,6.0,2026-04-21 16:42:20.840733,2026-04-21 16:42:21.300229,0 days 00:00:00.459496,-80.0,100.0,32.129550634344554,48.09706502965812,108.7049309902739,20.814859950306683,-71.25229407939976,96.59233007300891,39.46352240343028,58.328509420555136,-3.9210998469407876,92.93379060531934,Unfeasible shape,GPSampler,PRUNED
506,506,6.0,2026-04-21 16:42:21.465703,2026-04-21 16:42:21.751895,0 days 00:00:00.286192,-80.0,100.0,32.264493654575915,48.029218332208636,108.63420551344889,20.86983922978672,-71.32743144323096,96.56546680928868,39.439409034449085,58.31917198589682,-3.9496456916038163,93.02176688947053,Unfeasible shape,GPSampler,PRUNED
507,507,6.0,2026-04-21 16:42:21.885950,2026-04-21 16:42:21.978778,0 days 00:00:00.092828,-80.0,100.0,32.08518967671847,48.03943750696772,108.75774168415215,20.88047915917614,-71.28853114158272,96.70649196659882,39.44381617098558,58.345366643260604,-3.9262648253008727,92.99014175611207,Unfeasible shape,GPSampler,PRUNED
508,508,6.0,2026-04-21 16:42:22.121703,2026-04-21 16:42:22.228557,0 days 00:00:00.106854,-80.0,100.0,32.129789589995056,48.045892600406404,108.74819808244627,20.98795418140491,-71.2837229998806,96.67198498507413,39.50563584712048,58.423583879600784,-3.902938137954468,92.99494372921615,Unfeasible shape,GPSampler,PRUNED
509,509,6.0,2026-04-21 16:42:22.366733,2026-04-21 16:42:22.517574,0 days 00:00:00.150841,-80.0,100.0,31.905557272295876,47.86153465119352,109.18203221153438,21.006761408330426,-71.3068384151554,96.86444418108928,39.26249103984725,58.42295981674857,-3.8364324983816687,92.91034948067217,Unfeasible shape,GPSampler,PRUNED
510,510,6.0,2026-04-21 16:42:22.667776,2026-04-21 16:42:22.888099,0 days 00:00:00.220323,-80.0,100.0,32.022595209055794,47.96061211926549,108.7221696649004,20.927380324491317,-71.27849203529412,96.620788698132,39.520924483525505,58.520722128299866,-3.888204976924925,93.01776030765409,Unfeasible shape,GPSampler,PRUNED
511,511,6.0,2026-04-21 16:42:23.058401,2026-04-21 16:42:23.167957,0 days 00:00:00.109556,-80.0,100.0,32.308095208619804,48.1334730277581,108.64148836558229,20.722642439757564,-71.29013031468897,96.62665349313717,39.53465399806174,58.45658068347565,-3.938309227765476,93.01798234256158,Unfeasible shape,GPSampler,PRUNED
512,512,6.0,2026-04-21 16:42:23.309847,2026-04-21 16:42:23.484145,0 days 00:00:00.174298,-80.0,100.0,32.03527694222777,48.10758760789985,108.75762189552772,20.898939877403052,-71.28868042633707,96.58818503693047,39.38080719156307,58.21485230930814,-4.000538601892526,93.0128306237782,Unfeasible shape,GPSampler,PRUNED
513,513,6.0,2026-04-21 16:42:23.612185,2026-04-21 16:42:23.724192,0 days 00:00:00.112007,-80.0,100.0,32.14435461007176,48.06863157700644,108.67190771818004,20.8644945936898,-71.30779363917762,96.56844599018065,39.40613937541288,58.18418444823724,-3.9265114298333863,92.99610886908941,Unfeasible shape,GPSampler,PRUNED
514,514,6.0,2026-04-21 16:42:23.873911,2026-04-21 16:42:24.101068,0 days 00:00:00.227157,-80.0,100.0,32.42721670239911,48.10737614569809,108.57922138407375,20.701106045856584,-71.2853081745635,96.61518251328498,39.58349600604041,58.234677880360636,-4.0059507788958975,92.99809336456912,Unfeasible shape,GPSampler,PRUNED
515,515,6.0,2026-04-21 16:42:24.240104,2026-04-21 16:42:24.335623,0 days 00:00:00.095519,-80.0,100.0,32.35383651988013,48.36681885075149,108.89407615829288,21.129729432364478,-71.4517774942581,96.54980765753857,39.59899325332874,58.25140157695252,-4.0548660049099965,92.92817975398042,Unfeasible shape,GPSampler,PRUNED
516,516,6.0,2026-04-21 16:42:24.497440,2026-04-21 16:42:24.868773,0 days 00:00:00.371333,-80.0,100.0,32.048016495931364,48.06489342098289,108.77106700231957,20.64854156756499,-71.23985229732924,96.59397204271967,39.46775512249094,58.37841642257432,-3.9256604181826873,92.914541945714,Unfeasible shape,GPSampler,PRUNED
517,517,6.0,2026-04-21 16:42:25.019915,2026-04-21 16:42:25.182081,0 days 00:00:00.162166,-80.0,100.0,32.17970185298944,48.09549557785455,108.74296444819495,20.80357380725375,-71.25783759027746,96.59279564213666,39.450469630229456,58.364476128844665,-3.9122658504214876,93.02347700414184,Unfeasible shape,GPSampler,PRUNED
518,518,6.0,2026-04-21 16:42:25.309698,2026-04-21 16:42:25.588425,0 days 00:00:00.278727,-80.0,100.0,32.17172904081309,48.12386026724652,108.78917174096327,20.964156165641903,-71.32048603928808,96.67891914697957,39.20599608026163,58.591282173891734,-3.810265742638581,92.97698580064079,Unfeasible shape,GPSampler,PRUNED
519,519,6.0,2026-04-21 16:42:25.714429,2026-04-21 16:42:25.866068,0 days 00:00:00.151639,-80.0,100.0,32.22960792334867,48.04531653193766,108.63498109360552,20.81643201989693,-71.22786279310985,96.57335241301472,39.549398980338495,58.33887580747559,-3.9970855375754795,93.00526113494857,Unfeasible shape,GPSampler,PRUNED
