,number,value,datetime_start,datetime_complete,duration,params_lLegPt.rA1,params_lLegPt.rL0,params_lLegPt.rL1,params_lLegPt.rL2,params_lLegPt.x1,params_lLegPt.y1,params_sLegPt.rA1,params_sLegPt.rL0,params_sLegPt.rL1,params_sLegPt.rL2,params_sLegPt.x1,params_sLegPt.y1,user_attrs_prune,system_attrs_auto:sampler,state
3783,3783,6.0,2026-04-21 18:54:37.294834,2026-04-21 18:54:37.415998,0 days 00:00:00.121164,-36.87998926417057,21.164980231323682,34.279101187583876,100.0,42.73648126114094,29.343229555219843,-60.68917204461876,45.89886528830292,57.33638269687779,28.03444780814921,3.3163659943555643,65.8815814508821,Unfeasible shape,GPSampler,PRUNED
3784,3784,6.0,2026-04-21 18:54:37.605114,2026-04-21 18:54:37.752606,0 days 00:00:00.147492,-36.77219863124026,20.92666285868753,34.887982297461555,100.0,42.906969572790906,29.27376135901961,-60.42246615010502,45.77037497963411,57.33242374620136,28.519187209580014,3.123597459387824,65.68991649095558,Unfeasible shape,GPSampler,PRUNED
3785,3785,6.0,2026-04-21 18:54:37.937191,2026-04-21 18:54:38.096856,0 days 00:00:00.159665,-36.95142816044159,21.455592123366834,34.286860068864,100.0,43.10349426239312,28.702222289482165,-60.535901079811026,45.97526946466032,57.35666967567662,28.826861413354884,3.2261324032248524,65.85622278392519,Unfeasible shape,GPSampler,PRUNED
3786,3786,6.0,2026-04-21 18:54:38.287559,2026-04-21 18:54:38.454141,0 days 00:00:00.166582,-36.81454809148268,20.890719498019344,34.76001358709493,100.0,42.70279415593896,28.96445902523076,-60.31804088307801,45.81448394574748,57.21651123375419,28.28608828063263,3.1047722703949745,65.73243060456032,Unfeasible shape,GPSampler,PRUNED
3787,3787,6.0,2026-04-21 18:54:38.633071,2026-04-21 18:54:38.762270,0 days 00:00:00.129199,-36.80684403964586,21.056909751685225,34.84565434316461,100.0,42.73453208247227,29.015399892109023,-60.37801065377856,45.93123740220331,57.189214798296724,28.44165909354598,3.1021613847984852,65.62543883340658,Unfeasible shape,GPSampler,PRUNED
3788,3788,6.0,2026-04-21 18:54:38.922580,2026-04-21 18:54:39.093044,0 days 00:00:00.170464,-36.71697438948407,21.516065019071767,34.973647711801775,100.0,42.66222542078527,29.15678568902633,-60.32934267805375,46.25679012005864,57.61849264814424,28.536982836352834,3.1673210250534183,65.69202312863628,Unfeasible shape,GPSampler,PRUNED
3789,3789,6.0,2026-04-21 18:54:39.290316,2026-04-21 18:54:39.430140,0 days 00:00:00.139824,-36.7857216630929,21.488477403139576,34.74837467693126,100.0,42.82471856801934,29.46707949744247,-60.42454623813699,46.064281434376284,57.18890329484109,28.260417810066066,3.192576115157145,65.67342932553075,Unfeasible shape,GPSampler,PRUNED
3790,3790,6.0,2026-04-21 18:54:39.604842,2026-04-21 18:54:39.717729,0 days 00:00:00.112887,-36.80416072094724,21.242785200281915,34.326726021306825,100.0,42.74393502037731,29.18546337537437,-60.740637789576226,45.91646534409403,57.34618668038783,28.30246456373689,3.2158845220186123,65.83128801524413,Unfeasible shape,GPSampler,PRUNED
3791,3791,6.0,2026-04-21 18:54:39.881895,2026-04-21 18:54:40.041442,0 days 00:00:00.159547,-36.786738709127825,20.882202221359123,34.61561535232697,100.0,42.581114927995905,29.136320391523867,-60.39974815487595,46.12942906418153,57.243385526141864,28.292195175540346,3.098900165902286,65.72271156873127,Unfeasible shape,GPSampler,PRUNED
3792,3792,6.0,2026-04-21 18:54:40.228494,2026-04-21 18:54:40.377714,0 days 00:00:00.149220,-36.860709333486774,21.252931630006984,34.38364062436544,100.0,42.76366183503686,28.952070797207817,-60.531260380077185,45.94798701751692,57.197749694012685,28.397560386520315,3.2444181948379835,65.95854360276364,Unfeasible shape,GPSampler,PRUNED
3793,3793,6.0,2026-04-21 18:54:40.535394,2026-04-21 18:54:40.683456,0 days 00:00:00.148062,-36.76822111436789,21.484889663843504,34.57902443832813,100.0,42.67007679283419,29.36047425068891,-60.41937384163879,46.11860184480559,57.21413177943984,28.21894720300861,3.167087118181925,65.84850875707541,Unfeasible shape,GPSampler,PRUNED
3794,3794,6.0,2026-04-21 18:54:40.847083,2026-04-21 18:54:41.048169,0 days 00:00:00.201086,-36.748319725068754,21.074227077789484,34.67429033003813,100.0,42.811210591251715,29.132101543332197,-60.23844432944728,45.744840306237364,57.15917796926461,28.44771591539955,3.136435955165773,65.88734781876916,Unfeasible shape,GPSampler,PRUNED
3795,3795,6.0,2026-04-21 18:54:41.223124,2026-04-21 18:54:41.355854,0 days 00:00:00.132730,-36.74230311286457,20.78937987336922,34.743729186851354,100.0,43.0612656421216,28.978130520821537,-60.393412611127054,45.76406433222446,56.98770715647288,28.288097632705334,3.167292809340765,65.83494293573278,Unfeasible shape,GPSampler,PRUNED
3796,3796,6.0,2026-04-21 18:54:41.540471,2026-04-21 18:54:41.676884,0 days 00:00:00.136413,-36.75755233050428,21.123836847529205,34.75653975283896,100.0,42.68091285365173,29.19378983234943,-60.50373536703749,45.909226313772685,57.3889084562132,28.589863656757235,3.1135728959687157,65.68187826995047,Unfeasible shape,GPSampler,PRUNED
3797,3797,6.0,2026-04-21 18:54:41.852189,2026-04-21 18:54:42.087331,0 days 00:00:00.235142,-36.75660012854819,21.108161137701316,34.89875561499518,100.0,42.72456426939928,29.1067408530175,-60.44474789360349,46.08183863684924,57.172721716172845,28.384904780070883,3.1269366172911788,65.64267561419716,Unfeasible shape,GPSampler,PRUNED
3798,3798,6.0,2026-04-21 18:54:42.275731,2026-04-21 18:54:42.426975,0 days 00:00:00.151244,-36.794305800644,21.165725179859777,35.008915355294086,100.0,42.85568643208707,28.791025075955147,-60.26965109616954,46.016319091931315,57.12869903531136,28.574251058862703,3.0857431633210766,65.62259082553858,Unfeasible shape,GPSampler,PRUNED
3799,3799,6.0,2026-04-21 18:54:42.612915,2026-04-21 18:54:42.751065,0 days 00:00:00.138150,-36.84460791676002,20.91611912526541,34.73009491890024,100.0,42.79522462691291,28.697485590138164,-60.54929050456916,45.735670689154425,57.35729245675729,28.73960892020351,3.076299069947318,65.55117888781206,Unfeasible shape,GPSampler,PRUNED
3800,3800,6.0,2026-04-21 18:54:42.919518,2026-04-21 18:54:43.129594,0 days 00:00:00.210076,-36.704703647244074,20.859831493487953,34.601849366642945,100.0,42.735096046589035,29.205877807045482,-60.33698761849,46.08588883793318,57.09469899069507,28.35489865672939,3.0858479809706125,65.43852484746314,Unfeasible shape,GPSampler,PRUNED
3801,3801,6.0,2026-04-21 18:54:43.369709,2026-04-21 18:54:43.535108,0 days 00:00:00.165399,-36.82432595241449,21.357856465713557,34.7623894420919,100.0,42.68296818653399,29.319281463481552,-60.26078061830013,45.97514325428984,57.29925314209556,28.26970599197763,3.1709641491487517,65.89359369211175,Unfeasible shape,GPSampler,PRUNED
3802,3802,6.0,2026-04-21 18:54:43.746349,2026-04-21 18:54:43.903540,0 days 00:00:00.157191,-36.82812819445034,21.20878142579511,34.645308225417836,100.0,42.98421768546547,29.023767695812644,-60.281214856906345,45.99839529353042,57.117275663288616,28.222442246884384,3.1390806591836196,65.70729676182322,Unfeasible shape,GPSampler,PRUNED
3803,3803,6.0,2026-04-21 18:54:44.081574,2026-04-21 18:54:44.216008,0 days 00:00:00.134434,-36.747725243370716,20.81270882466665,34.7211387331325,100.0,42.84912512818254,28.976952526651374,-60.32357326200189,45.98314840593873,57.136950632331526,28.542842932064442,3.1625471272364862,65.81051197390573,Unfeasible shape,GPSampler,PRUNED
3804,3804,6.0,2026-04-21 18:54:44.387270,2026-04-21 18:54:44.557342,0 days 00:00:00.170072,-36.89322201573716,20.943557675277738,34.27559782366596,100.0,42.87694406336568,29.111370393948548,-60.33080463128229,46.078491708287835,57.37328729612121,28.189663880491835,3.307397896355603,66.10346914411873,Unfeasible shape,GPSampler,PRUNED
3805,3805,6.0,2026-04-21 18:54:44.744684,2026-04-21 18:54:44.870168,0 days 00:00:00.125484,-36.72439417458684,20.9876344474633,34.67134514663405,100.0,42.681217816320775,29.10590965160189,-60.34784688496186,45.95506149781217,57.31728907296433,28.29344288902268,3.1020295720194753,65.64755275164411,Unfeasible shape,GPSampler,PRUNED
3806,3806,6.0,2026-04-21 18:54:45.029845,2026-04-21 18:54:45.232230,0 days 00:00:00.202385,-36.72203960819576,21.36905616332455,34.65981858112967,100.0,42.58185307041176,29.18820350312859,-60.55974545752727,45.81261349504146,57.09398955024955,28.48256446404955,3.237349582713904,65.94806693850677,Unfeasible shape,GPSampler,PRUNED
3807,3807,6.0,2026-04-21 18:54:45.423351,2026-04-21 18:54:45.556156,0 days 00:00:00.132805,-36.54782776394819,20.443148659522063,34.78467036665484,100.0,43.15842039433841,28.97276400134696,-60.58296309476256,45.83891445301636,57.058924349053044,28.77182048916585,3.110075994111469,65.42437513586891,Unfeasible shape,GPSampler,PRUNED
3808,3808,6.0,2026-04-21 18:54:45.735092,2026-04-21 18:54:45.863964,0 days 00:00:00.128872,-36.607458295783935,21.28311963846132,34.74880386349487,100.0,42.702629929218176,29.262111925931336,-60.54681503980244,45.87590453833124,57.15774078491034,28.39318210298787,3.184921709298955,65.876135324388,Unfeasible shape,GPSampler,PRUNED
3809,3809,6.0,2026-04-21 18:54:46.050378,2026-04-21 18:54:46.190091,0 days 00:00:00.139713,-36.75426017121383,21.056520808379208,34.8581108789359,100.0,42.69853362664667,29.117266433961632,-60.42237637462845,45.9351141886672,57.17005380500549,28.31855760469927,3.127055680148956,65.66337992042614,Unfeasible shape,GPSampler,PRUNED
3810,3810,6.0,2026-04-21 18:54:46.437412,2026-04-21 18:54:46.575470,0 days 00:00:00.138058,-36.78131357805523,21.129503337955207,34.88773474218223,100.0,42.868294725761025,29.06600309675057,-60.321004160173786,45.96119070598717,57.159478137464305,28.407745175096036,3.127680745679754,65.67269995981495,Unfeasible shape,GPSampler,PRUNED
3811,3811,6.0,2026-04-21 18:54:46.746591,2026-04-21 18:54:46.880927,0 days 00:00:00.134336,-36.81266537536681,20.82859079692284,34.597049353494,100.0,42.61793446813439,29.104150755171254,-60.71392445755805,45.94148029600312,57.322789122156834,28.311467400488567,3.188983349337221,65.74764556063957,Unfeasible shape,GPSampler,PRUNED
3812,3812,6.0,2026-04-21 18:54:47.022823,2026-04-21 18:54:47.188831,0 days 00:00:00.166008,-36.954075595927996,21.009483626278108,34.67658821589839,100.0,42.947658098979595,28.906687669736762,-60.40655819999528,45.58057440712773,56.819319771469154,28.16413144579786,3.1718614107799468,65.63811310775702,Unfeasible shape,GPSampler,PRUNED
3813,3813,6.0,2026-04-21 18:54:47.371134,2026-04-21 18:54:47.505714,0 days 00:00:00.134580,-36.861611977744815,20.80284320176242,35.29954267490973,100.0,42.681233853300625,29.009568606799405,-60.29546977847022,46.08129931656032,57.093016462874196,28.45221341604369,3.0384279239403966,65.55890644269189,Unfeasible shape,GPSampler,PRUNED
3814,3814,6.0,2026-04-21 18:54:47.688813,2026-04-21 18:54:47.845018,0 days 00:00:00.156205,-36.804730562183735,21.194458327772374,34.69141776593944,100.0,42.597529047294714,29.156428662366103,-60.45559802170313,45.9775390954802,57.1736886058465,28.422745185592074,3.1001183358332725,65.59105467941383,Unfeasible shape,GPSampler,PRUNED
3815,3815,6.0,2026-04-21 18:54:48.165826,2026-04-21 18:54:48.299170,0 days 00:00:00.133344,-36.82237260550824,20.929715441845957,35.042319788901935,100.0,42.771181294421375,29.085800300135965,-60.345345226108925,45.92326844814627,57.0454725345993,28.48718443016488,3.09266639695781,65.67278208191276,Unfeasible shape,GPSampler,PRUNED
3816,3816,6.0,2026-04-21 18:54:48.473634,2026-04-21 18:54:48.625119,0 days 00:00:00.151485,-36.70680110263417,20.983254155616617,35.31677543220656,100.0,42.59867398062488,29.392662620093652,-60.1437300234509,46.206137261457705,57.054916107064884,28.81630130616071,3.074989389079896,65.63867504489407,Unfeasible shape,GPSampler,PRUNED
3817,3817,6.0,2026-04-21 18:54:48.829751,2026-04-21 18:54:49.002930,0 days 00:00:00.173179,-36.716188451836615,20.74679338247168,34.940988059144686,100.0,42.76550882234842,29.02135210947754,-60.36266016288868,45.997915741255085,57.1550173765195,28.25953876054679,3.119423263052788,65.6913028106341,Unfeasible shape,GPSampler,PRUNED
3818,3818,6.0,2026-04-21 18:54:49.173352,2026-04-21 18:54:49.341214,0 days 00:00:00.167862,-36.90969957728528,21.037868703883202,34.87262190022801,100.0,42.24203671776681,29.295095220013536,-60.50673931321961,45.662104254889236,57.130566835398106,28.54804293193371,3.131663478786507,65.80843669238944,Unfeasible shape,GPSampler,PRUNED
3819,3819,6.0,2026-04-21 18:54:49.527069,2026-04-21 18:54:49.691291,0 days 00:00:00.164222,-36.74882669226365,21.185719259260118,34.66714830902873,100.0,42.673030584378395,29.27257907794037,-60.525971213845935,45.81341970590101,57.235382993408365,28.229353391514294,3.226922290842978,65.9457500552295,Unfeasible shape,GPSampler,PRUNED
3820,3820,6.0,2026-04-21 18:54:49.877065,2026-04-21 18:54:50.013717,0 days 00:00:00.136652,-36.762530266959864,21.073293543052294,34.922950564974556,100.0,42.77759875340438,29.089658503449904,-60.37222424565485,45.75009622798284,56.91599374449563,28.549472818355472,3.1594296758180676,65.72772144781374,Unfeasible shape,GPSampler,PRUNED
3821,3821,6.0,2026-04-21 18:54:50.201204,2026-04-21 18:54:50.371811,0 days 00:00:00.170607,-36.76149076826132,20.922027245592204,35.09593367975707,100.0,42.8033070923186,28.961135837926804,-60.30108824759128,45.830050675435054,57.01934675294094,28.52767024514341,3.0861344977986036,65.58184023318483,Unfeasible shape,GPSampler,PRUNED
3822,3822,6.0,2026-04-21 18:54:50.617667,2026-04-21 18:54:50.776754,0 days 00:00:00.159087,-36.73627609516485,20.927532514090245,34.74834116723352,100.0,42.867942387101735,29.09494517252645,-60.27076521868378,45.9146260248458,57.03951399120262,28.390031419781224,3.1372017427404586,65.66667398129695,Unfeasible shape,GPSampler,PRUNED
3823,3823,6.0,2026-04-21 18:54:50.996258,2026-04-21 18:54:51.153763,0 days 00:00:00.157505,-36.80926509258705,20.90763661700472,35.07209399841216,100.0,42.79222131017194,28.887069250070255,-60.30131212053653,46.01165110584166,57.08006485223542,28.789094166396293,3.075720906000619,65.60318209588881,Unfeasible shape,GPSampler,PRUNED
3824,3824,6.0,2026-04-21 18:54:51.340910,2026-04-21 18:54:51.491800,0 days 00:00:00.150890,-36.77114728584867,20.851731528878975,34.8039192956805,100.0,42.89002198006093,28.943602253967754,-60.406975534587176,45.83945153549553,57.07255679870129,28.4214629966721,3.1074390702592254,65.70081732383993,Unfeasible shape,GPSampler,PRUNED
3825,3825,6.0,2026-04-21 18:54:51.698448,2026-04-21 18:54:51.837742,0 days 00:00:00.139294,-36.770152820140304,21.09364974783316,34.83018828563189,100.0,42.670835177917496,29.06361225939665,-60.35050252409019,45.729687010897514,57.257428354778924,28.392687829938833,3.139467958065616,65.73725850176776,Unfeasible shape,GPSampler,PRUNED
3826,3826,6.0,2026-04-21 18:54:52.005440,2026-04-21 18:54:52.166917,0 days 00:00:00.161477,-36.8595901222421,21.298896397387022,34.931151564964686,100.0,43.31525943523181,28.92940801142273,-60.41701790992407,45.6333838211295,57.16467005811691,27.951938138224126,3.187840017992322,65.72932032560641,Unfeasible shape,GPSampler,PRUNED
3827,3827,6.0,2026-04-21 18:54:52.329803,2026-04-21 18:54:52.513661,0 days 00:00:00.183858,-36.76401974774341,20.968060004029674,35.01893710502671,100.0,42.87123426769591,28.928112445600767,-60.37487786442534,45.87810887408805,57.20120647583879,28.395159647988255,3.0957607746605547,65.64003596677257,Unfeasible shape,GPSampler,PRUNED
3828,3828,6.0,2026-04-21 18:54:52.709658,2026-04-21 18:54:52.869667,0 days 00:00:00.160009,-36.87906545978128,20.73529648102398,34.74036768982839,100.0,42.57762025330343,28.86121596464772,-60.34878622806906,45.76701746732677,57.026842331387584,28.434933601440736,3.0894803087009564,65.67685260468382,Unfeasible shape,GPSampler,PRUNED
3829,3829,6.0,2026-04-21 18:54:53.048080,2026-04-21 18:54:53.217437,0 days 00:00:00.169357,-36.74878664796578,21.025211887286034,34.75545918071883,100.0,42.73900786459998,29.08157486935263,-60.37343467682392,45.85810077736057,57.18914277938022,28.357609318409146,3.1130777053610714,65.69745481060778,Unfeasible shape,GPSampler,PRUNED
3830,3830,6.0,2026-04-21 18:54:53.402747,2026-04-21 18:54:53.528719,0 days 00:00:00.125972,-36.84538663872733,20.971938820286592,34.901601827669786,100.0,42.66489925042453,29.041361011622477,-60.32005491568074,45.86930692111642,57.104235927697644,28.49774168822842,3.103711572508253,65.77095222214056,Unfeasible shape,GPSampler,PRUNED
3831,3831,6.0,2026-04-21 18:54:53.693568,2026-04-21 18:54:53.855432,0 days 00:00:00.161864,-36.82962410868578,21.55114129919489,34.34853316011577,100.0,43.321872972862494,28.750801202299044,-60.47688782175972,45.67578883332371,57.27560652757812,28.59520038024532,3.1822122803975077,66.24373971413672,Unfeasible shape,GPSampler,PRUNED
3832,3832,6.0,2026-04-21 18:54:54.070185,2026-04-21 18:54:54.192441,0 days 00:00:00.122256,-36.74033683268568,20.897026095320257,34.9112189954875,100.0,42.62577619376178,29.00352722361111,-60.28907549210662,46.07619840014218,57.175412148058605,28.58473407876869,3.121806292224818,65.65789352337012,Unfeasible shape,GPSampler,PRUNED
3833,3833,6.0,2026-04-21 18:54:54.363397,2026-04-21 18:54:54.530764,0 days 00:00:00.167367,-36.72994102682162,20.435178771190674,35.29663872773388,100.0,42.07205847047495,28.811404380961385,-60.306683563466244,46.354358952455,57.42731866951267,28.636440809029203,3.103991257314263,65.41384929435195,Unfeasible shape,GPSampler,PRUNED
3834,3834,6.0,2026-04-21 18:54:54.732269,2026-04-21 18:54:54.885134,0 days 00:00:00.152865,-36.644111221357555,21.190466805692708,34.95556786921845,100.0,42.81101331184272,29.105463202383717,-60.74339643105775,45.78803767670357,56.73518106242133,28.3393185632451,3.1082510781099373,65.57783750062875,Unfeasible shape,GPSampler,PRUNED
3835,3835,6.0,2026-04-21 18:54:55.081095,2026-04-21 18:54:55.236256,0 days 00:00:00.155161,-36.784777554924574,20.912465401081104,34.619482335567646,100.0,42.73527434695025,29.150362933079656,-60.47261471283551,45.932639789555175,57.257429856096245,28.283112322212716,3.0960212243164804,65.82333459941565,Unfeasible shape,GPSampler,PRUNED
3836,3836,6.0,2026-04-21 18:54:55.405719,2026-04-21 18:54:55.587605,0 days 00:00:00.181886,-36.832787450727054,20.814049125517304,34.94162489192844,100.0,42.903310372320576,28.972129811666107,-60.202584417017256,45.986984566446694,56.93867028877514,28.450674071614067,3.074173762796512,65.53101971071267,Unfeasible shape,GPSampler,PRUNED
3837,3837,6.0,2026-04-21 18:54:55.765271,2026-04-21 18:54:55.909877,0 days 00:00:00.144606,-36.77326457863769,21.322816389684384,34.56134939626109,100.0,42.736795570921295,28.959089474390005,-60.526022320895635,45.94170345006945,57.28287105514598,28.517629738996074,3.0903720728783597,65.73580358645187,Unfeasible shape,GPSampler,PRUNED
3838,3838,6.0,2026-04-21 18:54:56.107649,2026-04-21 18:54:56.276478,0 days 00:00:00.168829,-36.62118301335383,20.533559035318216,35.326053365792646,100.0,43.0313350926938,29.0989095067158,-60.56442435720933,45.690825962822274,56.85065343775154,28.728317424035758,3.055538918968125,65.44621750313314,Unfeasible shape,GPSampler,PRUNED
3839,3839,6.0,2026-04-21 18:54:56.481234,2026-04-21 18:54:56.643719,0 days 00:00:00.162485,-36.77698844277696,20.923194387730597,34.89855399712333,100.0,42.89702105387648,29.103497077257025,-60.42844953766455,45.83204035016081,57.02431142995961,28.273081471751507,3.1082968935783555,65.69176060956899,Unfeasible shape,GPSampler,PRUNED
3840,3840,6.0,2026-04-21 18:54:56.848153,2026-04-21 18:54:57.001753,0 days 00:00:00.153600,-36.789300883830705,21.68416649607081,34.273513319618196,100.0,42.836684937936155,28.986482402338922,-60.576475246622785,45.42342855446585,57.282259754303546,28.152081380777037,3.1826925583493306,65.95263196129741,Unfeasible shape,GPSampler,PRUNED
3841,3841,6.0,2026-04-21 18:54:57.214138,2026-04-21 18:54:57.343457,0 days 00:00:00.129319,-36.74498109181271,21.44613055222686,33.77057967659165,100.0,43.4579212300049,29.457878504143395,-60.7164114775168,46.101200329782024,57.22929345822067,27.55269295742554,3.222976184465196,66.24695702858017,Unfeasible shape,GPSampler,PRUNED
3842,3842,6.0,2026-04-21 18:54:57.550341,2026-04-21 18:54:57.698241,0 days 00:00:00.147900,-36.797575650201956,21.57197861335878,34.264642971628874,100.0,42.90935451585735,28.890615201857166,-60.153864932055214,45.866281058453055,57.350907514826,28.147468144532887,3.3334576422140216,65.86009364010002,Unfeasible shape,GPSampler,PRUNED
3843,3843,6.0,2026-04-21 18:54:57.880389,2026-04-21 18:54:58.007223,0 days 00:00:00.126834,-36.77271536099007,21.30244450176416,34.74136683417095,100.0,43.15182258327785,28.99214914652825,-60.277908353510554,45.75748589480866,57.058412717884224,28.24698207480103,3.0455922905432473,65.66228196285476,Unfeasible shape,GPSampler,PRUNED
3844,3844,6.0,2026-04-21 18:54:58.189565,2026-04-21 18:54:58.314985,0 days 00:00:00.125420,-36.836544438708785,21.231617668805796,34.10710671503978,100.0,43.080253230565006,29.615505987178615,-60.66858241992625,45.70009683096069,57.381145612302745,28.29442764252185,3.256694126405968,65.88410044874338,Unfeasible shape,GPSampler,PRUNED
3845,3845,6.0,2026-04-21 18:54:58.519644,2026-04-21 18:54:58.694137,0 days 00:00:00.174493,-36.84025628347477,20.840275931492577,34.81833586818988,100.0,42.80285016963119,29.071251166235854,-60.46730839496486,45.87816855916825,57.3956558609421,28.33023052181869,3.0945112538124278,65.70597907881054,Unfeasible shape,GPSampler,PRUNED
3846,3846,6.0,2026-04-21 18:54:58.913029,2026-04-21 18:54:59.119083,0 days 00:00:00.206054,-36.917096973690796,20.583602718128525,35.06687051137144,100.0,42.76583544155366,29.02616973444225,-60.356202925918396,45.79528980158815,57.380135215233544,28.653243454920975,2.9300530524668957,65.31597445367612,Unfeasible shape,GPSampler,PRUNED
