,number,value,datetime_start,datetime_complete,duration,params_lLegPt.rA1,params_lLegPt.rL0,params_lLegPt.rL1,params_lLegPt.rL2,params_lLegPt.x1,params_lLegPt.y1,params_sLegPt.rA1,params_sLegPt.rL0,params_sLegPt.rL1,params_sLegPt.rL2,params_sLegPt.x1,params_sLegPt.y1,user_attrs_prune,system_attrs_auto:sampler,state
966,966,6.0,2026-04-21 18:38:20.674906,2026-04-21 18:38:20.817071,0 days 00:00:00.142165,-36.76631694497574,20.827661416368368,34.986929911680484,100.0,42.68311976141641,29.084243670457056,-60.14286476504262,45.79137039361928,56.916665374409114,28.244240276420005,3.1654012226259383,65.71831752755065,Unfeasible shape,GPSampler,PRUNED
967,967,6.0,2026-04-21 18:38:20.963637,2026-04-21 18:38:21.097091,0 days 00:00:00.133454,-36.74480253306237,20.893361197454702,34.900122068997064,100.0,42.71546019213435,29.075431701280223,-60.37871536155879,45.94544049333704,57.13972217352199,28.476996230144746,3.117856772170839,65.72384209720101,Unfeasible shape,GPSampler,PRUNED
968,968,6.0,2026-04-21 18:38:21.227222,2026-04-21 18:38:21.340939,0 days 00:00:00.113717,-36.7480403041577,20.77442590222175,34.70996983114123,100.0,42.75122573448482,29.015253119642374,-60.58534338999655,45.80829567937237,57.03277881497597,28.465681413097855,3.1666847524925075,65.9729740701111,Unfeasible shape,GPSampler,PRUNED
969,969,6.0,2026-04-21 18:38:21.479038,2026-04-21 18:38:21.621872,0 days 00:00:00.142834,-37.032409251044506,20.85232149040007,34.91871520914766,100.0,42.85349544963998,29.014703516613928,-60.411878116880686,45.729531743635434,56.79401566451782,28.231565122992976,3.0940586550515263,65.79991697443967,Unfeasible shape,GPSampler,PRUNED
970,970,6.0,2026-04-21 18:38:21.889771,2026-04-21 18:38:22.044429,0 days 00:00:00.154658,-36.67813293947846,21.08237564828822,34.69745863440998,100.0,42.96356265949895,29.35453682129981,-60.33346006080244,45.6485500595909,57.41248887984808,28.466278686991156,3.2682202380471637,65.98363203774065,Unfeasible shape,GPSampler,PRUNED
971,971,6.0,2026-04-21 18:38:22.270411,2026-04-21 18:38:22.382143,0 days 00:00:00.111732,-36.93723718144605,21.227731808630082,35.34865409865753,100.0,43.078370512735056,28.76964436798177,-59.93034478479345,46.05409823420027,57.161873550439964,28.270031225175877,2.9795018457723828,65.68863774716472,Unfeasible shape,GPSampler,PRUNED
972,972,6.0,2026-04-21 18:38:22.514258,2026-04-21 18:38:22.666103,0 days 00:00:00.151845,-36.81464015092782,21.097409720244624,34.680005493003534,100.0,42.84101836881857,29.121721952078857,-60.30860530723783,45.934982861029226,57.17647491054881,28.502056236464686,3.1335582003761715,65.83503770432597,Unfeasible shape,GPSampler,PRUNED
973,973,6.0,2026-04-21 18:38:22.910897,2026-04-21 18:38:23.086254,0 days 00:00:00.175357,-36.81415055527379,20.690086561114462,34.974300527389445,100.0,42.64186603012629,29.175628088924803,-60.46687102862401,45.569877822534224,57.023922746469445,28.44319347735704,3.0751642601912295,65.67025198876274,Unfeasible shape,GPSampler,PRUNED
974,974,6.0,2026-04-21 18:38:23.242795,2026-04-21 18:38:23.385533,0 days 00:00:00.142738,-36.726430631372914,21.094801636504783,34.77518545148783,100.0,42.71079385550406,28.935891607967882,-60.301538171393254,45.56514526771005,57.27201128291376,28.121745529376597,3.124878813229195,65.47681220927923,Unfeasible shape,GPSampler,PRUNED
975,975,6.0,2026-04-21 18:38:23.570837,2026-04-21 18:38:23.806427,0 days 00:00:00.235590,-36.75738383698271,20.99924746796956,35.27284824564286,100.0,42.77238603867319,28.971493882725014,-60.232020581964605,46.02372888391763,57.1500815054139,28.502363456215136,3.0749518876856925,65.50440911386204,Unfeasible shape,GPSampler,PRUNED
976,976,6.0,2026-04-21 18:38:24.025190,2026-04-21 18:38:24.136471,0 days 00:00:00.111281,-36.741721594425854,20.72224032492329,34.76819921101874,100.0,42.834112890054136,29.281494064274774,-60.46015267973134,45.71654839649159,57.10674838776647,28.400763492079744,3.141313497024143,65.78640686131006,Unfeasible shape,GPSampler,PRUNED
977,977,6.0,2026-04-21 18:38:24.279605,2026-04-21 18:38:24.423833,0 days 00:00:00.144228,-36.72403007778618,21.430330070913836,34.44132348058788,100.0,42.78883902760123,29.091436417267083,-60.50190103464476,45.8399907630836,57.108252087043454,28.58334719555673,3.1799966359431835,65.85595150073222,Unfeasible shape,GPSampler,PRUNED
978,978,6.0,2026-04-21 18:38:24.594182,2026-04-21 18:38:24.752506,0 days 00:00:00.158324,-36.70262057105011,21.25263284558003,34.53722510472708,100.0,42.615703928913234,28.994173934447176,-60.687076561895026,45.79878881005891,57.18550596821438,28.499595043870126,3.1180794285805646,65.71029258504971,Unfeasible shape,GPSampler,PRUNED
979,979,6.0,2026-04-21 18:38:24.975223,2026-04-21 18:38:25.118724,0 days 00:00:00.143501,-36.78295702987151,20.999062438855972,34.809404507733355,100.0,42.81649987244109,29.072443743995493,-60.379708494166806,45.9139436584918,57.130214415603795,28.456093931728937,3.1225256714377494,65.71745304470703,Unfeasible shape,GPSampler,PRUNED
980,980,6.0,2026-04-21 18:38:25.276835,2026-04-21 18:38:25.403494,0 days 00:00:00.126659,-36.734053157267574,20.892072924192533,34.99043282354465,100.0,42.67197570282727,28.84296078609821,-60.23818280766028,45.76026301611422,57.17936226481983,28.404984850227393,3.0727284438335474,65.5467515215725,Unfeasible shape,GPSampler,PRUNED
981,981,6.0,2026-04-21 18:38:25.555196,2026-04-21 18:38:25.682352,0 days 00:00:00.127156,-36.90766994837421,20.90593599277104,34.68379059439448,100.0,42.80643305965196,28.816088607760705,-60.35680825827526,45.955233078846895,57.20586735896203,28.452621878298313,3.1175699622488366,65.76240947412631,Unfeasible shape,GPSampler,PRUNED
982,982,6.0,2026-04-21 18:38:25.818116,2026-04-21 18:38:25.929011,0 days 00:00:00.110895,-36.74150932645941,21.028451774590955,34.82862377488303,100.0,42.874051868296505,29.079952450252293,-60.326245622557835,45.88593778729588,57.02325293543909,28.345366074732986,3.1104224622436547,65.66736522234706,Unfeasible shape,GPSampler,PRUNED
983,983,6.0,2026-04-21 18:38:26.069224,2026-04-21 18:38:26.209954,0 days 00:00:00.140730,-36.76998994568689,20.667975413396867,34.47826844067234,100.0,42.83903536329983,28.619519846306673,-60.624839302212536,45.55574058148105,57.36044958497365,28.422801934997526,3.1757737412251785,66.13833639041151,Unfeasible shape,GPSampler,PRUNED
984,984,6.0,2026-04-21 18:38:26.348709,2026-04-21 18:38:26.476173,0 days 00:00:00.127464,-36.67581827238532,20.88668917825003,34.934918777576556,100.0,42.65054158415658,28.84092589898765,-60.105549811166796,45.88695003772888,57.16598392586041,28.753447358229327,3.078062163274083,65.70742856303747,Unfeasible shape,GPSampler,PRUNED
985,985,6.0,2026-04-21 18:38:26.638950,2026-04-21 18:38:26.771116,0 days 00:00:00.132166,-36.73284573326143,20.94767840656645,35.035249966219034,100.0,42.6887767424372,28.77435585451188,-60.3120340023952,45.84704528093838,57.21833445725557,28.42378022733823,3.027703134924849,65.69815064780155,Unfeasible shape,GPSampler,PRUNED
986,986,6.0,2026-04-21 18:38:26.945434,2026-04-21 18:38:27.101644,0 days 00:00:00.156210,-36.794687445768254,20.94188734651945,34.811712394610474,100.0,42.918639794354824,28.905394255637397,-60.42403045917533,45.875079275587815,57.069507320434866,28.46450319911906,3.097718670231231,65.66361567748154,Unfeasible shape,GPSampler,PRUNED
987,987,6.0,2026-04-21 18:38:27.253871,2026-04-21 18:38:27.429558,0 days 00:00:00.175687,-36.82826146715925,20.934935221676646,35.2054975136752,100.0,42.92629648559091,28.81242141979026,-60.4874499648984,46.238494267403645,57.067201649206304,28.28294040531891,3.1057098957397855,65.83247625169396,Unfeasible shape,GPSampler,PRUNED
988,988,6.0,2026-04-21 18:38:27.637270,2026-04-21 18:38:27.763759,0 days 00:00:00.126489,-36.802336605865264,21.143463621902725,34.88330344494822,100.0,42.67780717484439,28.86576012260769,-60.3098151300693,45.85783061366294,57.139637321429525,28.479568379964103,3.1096021168546457,65.5973760610395,Unfeasible shape,GPSampler,PRUNED
989,989,6.0,2026-04-21 18:38:27.917395,2026-04-21 18:38:28.185835,0 days 00:00:00.268440,-36.873238324402266,21.074239968074348,34.93810280819285,100.0,42.729659936249675,28.87940979279267,-60.31906767218564,45.96847808914735,57.2165412685706,28.666756278034555,3.0942434629457765,65.67556901953947,Unfeasible shape,GPSampler,PRUNED
990,990,6.0,2026-04-21 18:38:28.353936,2026-04-21 18:38:28.496913,0 days 00:00:00.142977,-36.788329734798175,21.076435979626613,34.84922593776696,100.0,42.80959828821431,29.080108190577903,-60.36408370414468,45.89574258799867,57.17747814369669,28.407463603760263,3.1157227925002076,65.73568395938486,Unfeasible shape,GPSampler,PRUNED
991,991,6.0,2026-04-21 18:38:28.664701,2026-04-21 18:38:28.807182,0 days 00:00:00.142481,-36.701556190863954,21.00374593749096,34.829942930227716,100.0,42.767676772507606,29.016037475610332,-60.351671761636894,45.9668736421095,57.083574930495956,28.440476825748455,3.1093101482333623,65.65677038683083,Unfeasible shape,GPSampler,PRUNED
992,992,6.0,2026-04-21 18:38:28.964315,2026-04-21 18:38:29.077114,0 days 00:00:00.112799,-36.68017272895004,21.10416391215438,35.28147999287182,100.0,42.507525713501,28.941856943068174,-60.23547110830461,45.883923023394686,56.79011285910019,28.48153601899275,3.0252844680955775,65.46131852098841,Unfeasible shape,GPSampler,PRUNED
993,993,6.0,2026-04-21 18:38:29.223258,2026-04-21 18:38:29.349207,0 days 00:00:00.125949,-36.75909079935538,20.937524119323783,35.005116937497846,100.0,42.68699914329509,29.17998774815898,-60.234914995054304,45.69638322903816,57.16489035453549,28.622860843507322,3.1062429353363328,65.81417109084914,Unfeasible shape,GPSampler,PRUNED
994,994,6.0,2026-04-21 18:38:29.486356,2026-04-21 18:38:29.630465,0 days 00:00:00.144109,-36.933870887438594,20.301561022083487,34.96303643509833,100.0,42.672166692699356,29.50555808096199,-60.32761793366774,45.25332685711994,56.97472656056323,28.137462159623666,3.1402773464598184,65.93385719004561,Unfeasible shape,GPSampler,PRUNED
995,995,6.0,2026-04-21 18:38:29.809155,2026-04-21 18:38:30.008403,0 days 00:00:00.199248,-36.782818270978936,21.152503417629827,34.61760093896974,100.0,42.68056177473185,29.14046941066558,-60.54036083172153,46.0205354035184,57.30578024957023,28.41514052143848,3.084663618415199,65.63652937433085,Unfeasible shape,GPSampler,PRUNED
996,996,6.0,2026-04-21 18:38:30.170016,2026-04-21 18:38:30.298528,0 days 00:00:00.128512,-36.81018078856919,21.08011773024411,34.42710218830492,100.0,42.86251920063527,29.140352646109832,-60.39753110289571,45.85621274750762,57.21472987668397,28.289443792105384,3.1852232776800307,65.94685312664515,Unfeasible shape,GPSampler,PRUNED
997,997,6.0,2026-04-21 18:38:30.498103,2026-04-21 18:38:30.636937,0 days 00:00:00.138834,-36.75956952629805,20.61220643503772,35.00926968369092,100.0,42.6636911536182,28.8860754640043,-60.490793050001884,45.909970822452735,57.1120846726663,28.432022130439865,2.963810448622617,65.54521962382371,Unfeasible shape,GPSampler,PRUNED
998,998,6.0,2026-04-21 18:38:30.939740,2026-04-21 18:38:31.128083,0 days 00:00:00.188343,-36.87311827305878,21.263073644886745,34.974474656803224,100.0,43.38989011983281,28.44508060967616,-60.24314390312827,46.04255986938749,57.007556344237386,28.88717432054344,3.1523938067066197,65.27542451649396,Unfeasible shape,GPSampler,PRUNED
999,999,6.0,2026-04-21 18:38:31.313045,2026-04-21 18:38:31.446340,0 days 00:00:00.133295,-36.62906341567512,20.894480413898336,35.11510211548595,100.0,42.824785959486036,28.93556307276873,-60.336132901386975,45.82615199304689,56.97058364012102,28.55748067399884,3.129337565295387,65.69161659689577,Unfeasible shape,GPSampler,PRUNED
1000,1000,6.0,2026-04-21 18:38:31.595674,2026-04-21 18:38:31.722174,0 days 00:00:00.126500,-36.77654571188642,21.254577668513143,34.61614695320341,100.0,42.71293013961659,29.01224796928947,-60.56150237726064,45.82927390780129,57.125071733170365,28.482721970133802,3.1215589360126756,65.74146445008854,Unfeasible shape,GPSampler,PRUNED
1001,1001,6.0,2026-04-21 18:38:31.874957,2026-04-21 18:38:32.010796,0 days 00:00:00.135839,-36.772973548636536,21.37636278379695,34.75186239379336,100.0,42.72210985417813,29.01758176151845,-60.51091995552655,45.98934775293358,57.22370039242473,28.404419287129038,3.1217789961723383,65.62781008741352,Unfeasible shape,GPSampler,PRUNED
1002,1002,6.0,2026-04-21 18:38:32.152500,2026-04-21 18:38:32.270470,0 days 00:00:00.117970,-36.72743096754998,21.691945243498694,34.44738530289402,100.0,42.66449715656752,28.818742111339063,-60.47523736496964,46.32143440666523,57.39091619390423,28.491194116526515,3.0950771266192305,65.71248003154594,Unfeasible shape,GPSampler,PRUNED
1003,1003,6.0,2026-04-21 18:38:32.422889,2026-04-21 18:38:32.537552,0 days 00:00:00.114663,-36.83187888114935,20.835429942119816,34.915468679296424,100.0,42.78057755161777,29.031539165515326,-60.376297024721836,45.86671106425161,57.11491902419791,28.31050997656533,3.1148152385071484,65.76091241872528,Unfeasible shape,GPSampler,PRUNED
1004,1004,6.0,2026-04-21 18:38:32.697988,2026-04-21 18:38:32.856410,0 days 00:00:00.158422,-36.772863793365424,20.965930157198827,34.869652143110045,100.0,42.72602349171585,28.864208973379974,-60.3094465416589,45.97312526656774,57.106945929236325,28.52320828298518,3.1087752454474327,65.67734635902234,Unfeasible shape,GPSampler,PRUNED
1005,1005,6.0,2026-04-21 18:38:33.111539,2026-04-21 18:38:33.235879,0 days 00:00:00.124340,-36.68793252879466,21.19084021157437,34.89438695286281,100.0,42.83510564874922,28.729432563252843,-60.426239226633186,45.89643748739212,56.929145502196135,28.445114631270034,3.123401182654213,65.69810009794705,Unfeasible shape,GPSampler,PRUNED
1006,1006,6.0,2026-04-21 18:38:33.357123,2026-04-21 18:38:33.498612,0 days 00:00:00.141489,-36.75136301647211,20.957825967974436,34.78629194706925,100.0,42.93133883953928,29.214172805173312,-60.35034755788825,45.86216039192022,57.061320245093256,28.55160554009025,3.127121584365945,65.77978018617569,Unfeasible shape,GPSampler,PRUNED
1007,1007,6.0,2026-04-21 18:38:33.665819,2026-04-21 18:38:33.827997,0 days 00:00:00.162178,-36.74639418890942,21.24827291547785,34.72995558750253,100.0,42.84003716861301,29.141107339773228,-60.49356003838845,46.17449062179652,57.35484252541401,28.314344378600804,3.07234447806114,65.65926192178677,Unfeasible shape,GPSampler,PRUNED
1008,1008,6.0,2026-04-21 18:38:33.985664,2026-04-21 18:38:34.124500,0 days 00:00:00.138836,-36.59732867308814,21.165546029132443,34.81351546831392,100.0,42.67237213741436,29.052624221441867,-60.499304306796915,46.1495709428734,56.98145508845776,28.283680883456665,3.0807293197259824,65.85767202448072,Unfeasible shape,GPSampler,PRUNED
1009,1009,6.0,2026-04-21 18:38:34.375530,2026-04-21 18:38:34.513382,0 days 00:00:00.137852,-36.77170094300761,20.833829917262047,34.9083108859446,100.0,42.849600886986785,28.957623370489884,-60.373136805785876,45.946658791061644,57.16305963214088,28.421451559936443,3.029981538974468,65.57022522453543,Unfeasible shape,GPSampler,PRUNED
1010,1010,6.0,2026-04-21 18:38:34.648393,2026-04-21 18:38:34.791073,0 days 00:00:00.142680,-36.71219787577535,21.60940983334438,34.664704366800194,100.0,42.70426536714235,29.357880420521482,-60.277725941758604,45.92349547183269,57.298640393715374,28.137675923921787,3.1979236513824745,66.03883699701124,Unfeasible shape,GPSampler,PRUNED
1011,1011,6.0,2026-04-21 18:38:35.004066,2026-04-21 18:38:35.138809,0 days 00:00:00.134743,-36.780111607161686,21.02827418955752,34.8852506418892,100.0,42.786853454828886,29.180632596414775,-60.39701186523976,45.76133873753523,57.14990341319806,28.38305608622728,3.112876783640317,65.72874666164473,Unfeasible shape,GPSampler,PRUNED
1012,1012,6.0,2026-04-21 18:38:35.289236,2026-04-21 18:38:35.495948,0 days 00:00:00.206712,-36.8797178951202,20.57079245823665,34.87795792941784,100.0,42.82197385431586,29.036978960115363,-60.280041905930794,46.11780636478705,57.288805611685646,28.618974003790033,3.126347334305258,65.70912219877893,Unfeasible shape,GPSampler,PRUNED
1013,1013,6.0,2026-04-21 18:38:35.688629,2026-04-21 18:38:35.831212,0 days 00:00:00.142583,-36.797527752016194,21.113800271650714,34.73263177129661,100.0,42.747502309598815,28.986975550264674,-60.34391056846842,45.884028976630574,57.097772012552774,28.525863486402653,3.117718631035764,65.82549452099914,Unfeasible shape,GPSampler,PRUNED
1014,1014,6.0,2026-04-21 18:38:35.988159,2026-04-21 18:38:36.110445,0 days 00:00:00.122286,-36.7354371002996,21.18458386884162,34.634548539510035,100.0,42.93307734392193,29.255216190365545,-60.534119120797946,44.97931439027067,56.99161603932479,28.513916513346526,3.2504926922060733,65.57965185772116,Unfeasible shape,GPSampler,PRUNED
1015,1015,6.0,2026-04-21 18:38:36.241107,2026-04-21 18:38:36.389441,0 days 00:00:00.148334,-37.06538167441149,20.844038634831655,34.41921954632336,100.0,42.722714709659854,28.768313683294473,-60.424877769556986,45.360198240610266,57.097227517629314,29.141601683849824,3.1769588585587982,66.09001910469128,Unfeasible shape,GPSampler,PRUNED
1016,1016,6.0,2026-04-21 18:38:36.531317,2026-04-21 18:38:36.672295,0 days 00:00:00.140978,-36.80507781634843,20.78083781130937,34.91289793739337,100.0,42.74163318477426,29.0109367129684,-60.26968446947964,45.8435616440248,57.030431411624534,28.46040659871661,3.1049361858098337,65.71793586516115,Unfeasible shape,GPSampler,PRUNED
1017,1017,6.0,2026-04-21 18:38:36.833378,2026-04-21 18:38:36.994750,0 days 00:00:00.161372,-36.7499342920396,21.39218805729141,34.583082641155855,100.0,42.701565148494794,29.0857814641765,-60.662840077226484,45.904505088795496,57.14178163217108,28.417963130950444,3.1104950758516523,65.7176472001281,Unfeasible shape,GPSampler,PRUNED
1018,1018,6.0,2026-04-21 18:38:37.162929,2026-04-21 18:38:37.376826,0 days 00:00:00.213897,-36.763124148076024,21.073424342725573,34.90656909971693,100.0,42.74040686453759,29.11156143972078,-60.3352138860912,46.103313345033584,57.33114900787971,28.3376099801886,3.097637490152046,65.66501051887637,Unfeasible shape,GPSampler,PRUNED
1019,1019,6.0,2026-04-21 18:38:37.518408,2026-04-21 18:38:37.781774,0 days 00:00:00.263366,-36.79435995487671,20.959330180508612,34.9060831368641,100.0,42.77534613241929,29.097157704203184,-60.3496802441726,45.7660182386509,57.0983587545967,28.459635197761223,3.11949634719673,65.75004515780226,Unfeasible shape,GPSampler,PRUNED
1020,1020,6.0,2026-04-21 18:38:37.936881,2026-04-21 18:38:38.091349,0 days 00:00:00.154468,-36.767414523379834,20.981430461289865,34.7663321605764,100.0,42.569416550064304,29.009931197902475,-60.63907838514203,46.00460741150162,57.22128265808611,28.31462535422785,3.142935821944441,65.72129951620428,Unfeasible shape,GPSampler,PRUNED
1021,1021,6.0,2026-04-21 18:38:38.232718,2026-04-21 18:38:38.439625,0 days 00:00:00.206907,-36.901511888751514,20.594960489735545,34.761428728731175,100.0,42.95123226469232,29.246651432276373,-60.38486130999961,45.58651044394436,57.00315367781681,28.4545157098394,3.195852075326478,65.81681597572491,Unfeasible shape,GPSampler,PRUNED
1022,1022,6.0,2026-04-21 18:38:38.684403,2026-04-21 18:38:38.825036,0 days 00:00:00.140633,-36.553981925284184,20.87800998913844,35.47913546957098,100.0,42.470907070002575,28.99077986450402,-60.294600144915364,45.99405391667793,56.66494388820033,28.408509248432843,3.0700321297972977,65.56947953219918,Unfeasible shape,GPSampler,PRUNED
1023,1023,6.0,2026-04-21 18:38:38.966644,2026-04-21 18:38:39.108933,0 days 00:00:00.142289,-36.618192593600206,21.12523074618886,34.96601036891998,100.0,42.52285631013605,28.659822181972444,-60.45789857821775,45.94437817156867,57.14578378145136,28.6665216133459,3.087911902678904,65.52032169446024,Unfeasible shape,GPSampler,PRUNED
1024,1024,6.0,2026-04-21 18:38:39.297024,2026-04-21 18:38:39.427257,0 days 00:00:00.130233,-36.734657522234485,21.024953936512745,34.840508016236,100.0,42.66255894504833,29.191177130983498,-60.43229153871633,45.754521995622824,57.244916512589626,28.290799089637684,3.1446985270306342,65.74300826979054,Unfeasible shape,GPSampler,PRUNED
1025,1025,6.0,2026-04-21 18:38:39.618758,2026-04-21 18:38:39.761777,0 days 00:00:00.143019,-36.75883895208668,20.75057244965929,35.24959462291808,100.0,42.52330619651929,28.92965236003056,-60.37697116904364,45.24629491428693,56.929847713968606,28.77119144808475,3.1090478104339425,65.828858850201,Unfeasible shape,GPSampler,PRUNED
1026,1026,6.0,2026-04-21 18:38:39.917738,2026-04-21 18:38:40.049918,0 days 00:00:00.132180,-36.77912985262638,20.88961671827306,34.84633348707582,100.0,43.06582042677329,29.74614575431832,-60.32575617974672,45.69907759114951,57.300510226342304,28.033801826865165,3.1298723079412625,65.74922970528466,Unfeasible shape,GPSampler,PRUNED
1027,1027,6.0,2026-04-21 18:38:40.192180,2026-04-21 18:38:40.301647,0 days 00:00:00.109467,-36.79869040001582,21.014413010004006,34.87004631377249,100.0,42.74978486729627,28.861850497014714,-60.36328090255311,45.88153898384561,57.01863485839396,28.36048414575936,3.115157210520678,65.74255253584262,Unfeasible shape,GPSampler,PRUNED
1028,1028,6.0,2026-04-21 18:38:40.456485,2026-04-21 18:38:40.582998,0 days 00:00:00.126513,-36.63802973001869,21.35842778147241,34.6790806145375,100.0,42.96689905119798,28.737802046046404,-60.60889542161103,45.90120939099285,57.21456384256826,28.83427445071105,3.1053538632483466,65.71869553239962,Unfeasible shape,GPSampler,PRUNED
1029,1029,6.0,2026-04-21 18:38:40.737113,2026-04-21 18:38:40.956162,0 days 00:00:00.219049,-36.781370697864176,21.020700686528556,34.82007609762955,100.0,42.691345138562546,29.129443881819448,-60.27258951119809,45.99225189551241,57.20280189589079,28.334719965977143,3.1157396954192507,65.7735119464967,Unfeasible shape,GPSampler,PRUNED
1030,1030,6.0,2026-04-21 18:38:41.109041,2026-04-21 18:38:41.255069,0 days 00:00:00.146028,-36.781574038030456,21.06423100440763,34.841878336365994,100.0,42.79742073150571,28.93064265638651,-60.30189319052986,46.102243826125154,57.202086276803456,28.240297215614294,3.1116271344656568,65.60857535485438,Unfeasible shape,GPSampler,PRUNED
