,number,value,datetime_start,datetime_complete,duration,params_lLegPt.rA1,params_lLegPt.rL0,params_lLegPt.rL1,params_lLegPt.rL2,params_lLegPt.x1,params_lLegPt.y1,params_sLegPt.rA1,params_sLegPt.rL0,params_sLegPt.rL1,params_sLegPt.rL2,params_sLegPt.x1,params_sLegPt.y1,user_attrs_prune,system_attrs_auto:sampler,state
3143,3143,6.0,2026-04-21 18:50:45.637968,2026-04-21 18:50:45.790800,0 days 00:00:00.152832,-36.74369515151513,20.718481414488537,34.583709446683585,100.0,42.63446614052975,29.191471305140176,-60.35001638816607,46.15446894521555,57.17922165267012,28.328638928443848,3.129924694659586,65.87109617642942,Unfeasible shape,GPSampler,PRUNED
3144,3144,6.0,2026-04-21 18:50:45.963963,2026-04-21 18:50:46.134430,0 days 00:00:00.170467,-36.76769008323489,20.912284049187598,34.9378766612863,100.0,42.74328782606901,28.950636732296466,-60.37111285182709,45.92083992080079,57.091747089759075,28.574928960462454,3.1018577106158247,65.63160106858894,Unfeasible shape,GPSampler,PRUNED
3145,3145,6.0,2026-04-21 18:50:46.304932,2026-04-21 18:50:46.474961,0 days 00:00:00.170029,-36.83546720523475,20.670742597179597,33.91208567629346,100.0,43.15568557600846,29.6574779165405,-60.67034461575705,45.692737941167366,57.266702367301704,28.07493754712199,3.23110550352191,66.0566643498192,Unfeasible shape,GPSampler,PRUNED
3146,3146,6.0,2026-04-21 18:50:46.633570,2026-04-21 18:50:46.773205,0 days 00:00:00.139635,-36.93200363247365,20.93099189005305,34.767076297005,100.0,42.9055429532046,29.005166841699896,-60.40739111647112,45.69909999302209,57.04292263735597,28.95259606739128,3.257883145133704,65.82749617845002,Unfeasible shape,GPSampler,PRUNED
3147,3147,6.0,2026-04-21 18:50:47.158069,2026-04-21 18:50:47.496101,0 days 00:00:00.338032,-36.71089816020307,21.01005482583345,34.54166087762771,100.0,42.57339763650489,29.147569274131577,-60.685163598279715,46.052075150183626,57.19184668432003,28.143786522594546,3.10107290842533,65.59360191409893,Unfeasible shape,GPSampler,PRUNED
3148,3148,6.0,2026-04-21 18:50:47.754668,2026-04-21 18:50:47.894096,0 days 00:00:00.139428,-36.74309996031103,21.277555886216184,35.113709134322846,100.0,42.54473438913916,28.949271384287044,-60.096203737403435,46.11252010727805,56.91098975520929,28.439049277984157,3.0363903065311106,65.54532763368877,Unfeasible shape,GPSampler,PRUNED
3149,3149,6.0,2026-04-21 18:50:48.078657,2026-04-21 18:50:48.218396,0 days 00:00:00.139739,-36.757150411913756,21.283410322948633,34.63991572214512,100.0,42.69097399804075,29.063490136937773,-60.70500928264747,45.88546542717154,57.21801720249531,28.39575236670537,3.0980529948784294,65.73720606518955,Unfeasible shape,GPSampler,PRUNED
3150,3150,6.0,2026-04-21 18:50:48.393681,2026-04-21 18:50:48.547677,0 days 00:00:00.153996,-36.69764364150633,20.92226929906586,34.40886818029336,100.0,42.57096814296004,29.009789315755604,-60.53185068059717,45.50277801442408,57.38862719476658,28.22755481647884,3.233605289397971,65.94566046967358,Unfeasible shape,GPSampler,PRUNED
3151,3151,6.0,2026-04-21 18:50:48.726354,2026-04-21 18:50:48.843635,0 days 00:00:00.117281,-36.78996955284462,20.775374108028927,34.732272792042565,100.0,42.689016252371275,29.17705331922393,-60.462731467842815,45.97674725929008,57.10387120314237,28.203060766208722,3.1085333786109217,65.8430363386124,Unfeasible shape,GPSampler,PRUNED
3152,3152,6.0,2026-04-21 18:50:49.026252,2026-04-21 18:50:49.168874,0 days 00:00:00.142622,-36.83427912485898,21.006202617051642,34.89659661342133,100.0,42.78996963218702,29.1108173189981,-60.271754960216036,46.009009453499175,57.087858466819725,28.462391964282972,3.102090802891034,65.63084835632246,Unfeasible shape,GPSampler,PRUNED
3153,3153,6.0,2026-04-21 18:50:49.353982,2026-04-21 18:50:49.513359,0 days 00:00:00.159377,-36.80923489260988,21.05449154294824,34.81350788663303,100.0,42.843718993414576,29.126501183015158,-60.36809790836517,45.99204475721226,57.11226641757484,28.371178274990655,3.136525898802134,65.71020379330399,Unfeasible shape,GPSampler,PRUNED
3154,3154,6.0,2026-04-21 18:50:49.700964,2026-04-21 18:50:49.847814,0 days 00:00:00.146850,-36.870429583411116,21.259713438876148,34.47544676908798,100.0,42.66114266416543,29.15268688357842,-60.31348847495871,45.948160367601595,57.25659913497274,28.460932073947713,3.1082633946903684,65.8135907291672,Unfeasible shape,GPSampler,PRUNED
3155,3155,6.0,2026-04-21 18:50:50.032435,2026-04-21 18:50:50.177258,0 days 00:00:00.144823,-36.7436148538589,21.035067439360837,34.71889286672359,100.0,42.74453814883561,29.08869720635866,-60.26244338234382,45.89938353704749,57.211009967334334,28.440637102698588,3.1169011820705066,65.77279078691723,Unfeasible shape,GPSampler,PRUNED
3156,3156,6.0,2026-04-21 18:50:50.369085,2026-04-21 18:50:50.544297,0 days 00:00:00.175212,-36.90321087067798,20.62316724873933,34.76963027798064,100.0,42.72838347759455,28.8464466880164,-60.52420692581181,45.68803961758584,57.54553800585835,28.54549356692948,3.1449931423839743,65.94835749208099,Unfeasible shape,GPSampler,PRUNED
3157,3157,6.0,2026-04-21 18:50:50.721009,2026-04-21 18:50:50.874671,0 days 00:00:00.153662,-36.78966714756116,20.94924592242009,34.698887936852955,100.0,42.689253858293405,29.203385941265005,-60.41991450137547,45.89198570446334,57.12697648516405,28.347769341806213,3.1113695278593596,65.71546104625979,Unfeasible shape,GPSampler,PRUNED
3158,3158,6.0,2026-04-21 18:50:51.167732,2026-04-21 18:50:51.313027,0 days 00:00:00.145295,-36.75564211677924,20.869359741770644,35.13050338423605,100.0,42.930265933154786,29.42509246518371,-60.33516560250241,45.95134294052508,56.607407074650936,28.776114705352146,3.0894563055582864,65.55853976646574,Unfeasible shape,GPSampler,PRUNED
3159,3159,6.0,2026-04-21 18:50:51.494849,2026-04-21 18:50:51.642141,0 days 00:00:00.147292,-36.83363652377508,20.850563676229072,34.86499164648525,100.0,42.88341107444123,29.005624906586803,-60.30459331839223,45.91964971829246,56.950409626217784,28.441268765112554,3.099289000765431,65.61630841351729,Unfeasible shape,GPSampler,PRUNED
3160,3160,6.0,2026-04-21 18:50:51.902086,2026-04-21 18:50:52.059491,0 days 00:00:00.157405,-36.73961793441219,20.755820895383422,34.87133105988714,100.0,42.32085081908737,28.881508970709106,-60.63951473986566,45.90798048660962,57.194553642997434,28.694200248885092,3.1868843063848686,65.94875186590049,Unfeasible shape,GPSampler,PRUNED
3161,3161,6.0,2026-04-21 18:50:52.250162,2026-04-21 18:50:52.369192,0 days 00:00:00.119030,-36.76382351363006,20.890179278083437,35.09693567692327,100.0,42.850527901902375,28.937433184908123,-60.18281387261153,45.86167497965707,57.040935948941126,28.492286413329534,3.0350182053919355,65.62695873709411,Unfeasible shape,GPSampler,PRUNED
3162,3162,6.0,2026-04-21 18:50:52.526722,2026-04-21 18:50:52.766122,0 days 00:00:00.239400,-36.82011693805055,20.494881971496046,35.08467131429255,100.0,42.99720163017998,28.89150522138761,-60.14323310757776,45.684574364062904,57.03535436063076,28.71778643853258,3.0991983732765576,65.83159849482074,Unfeasible shape,GPSampler,PRUNED
3163,3163,6.0,2026-04-21 18:50:52.917689,2026-04-21 18:50:53.093345,0 days 00:00:00.175656,-36.79686976145118,20.8330483043774,34.78756743446695,100.0,42.908649827849594,29.132046981531815,-60.45434746082982,45.857594340145496,57.40325811322406,28.42280525315544,3.15332005206335,65.7548257518577,Unfeasible shape,GPSampler,PRUNED
3164,3164,6.0,2026-04-21 18:50:53.338290,2026-04-21 18:50:53.481102,0 days 00:00:00.142812,-36.795239426733616,20.970183517361576,34.7248130886038,100.0,42.56672817227812,29.19052402010071,-60.40103114083027,46.068924012945246,57.3010623652049,28.090973711123514,3.130848854551452,65.8271002220805,Unfeasible shape,GPSampler,PRUNED
3165,3165,6.0,2026-04-21 18:50:53.684535,2026-04-21 18:50:53.832675,0 days 00:00:00.148140,-36.75725986296366,20.98192801449992,34.82365893132877,100.0,42.631027613832046,29.09093408436913,-60.31141553689941,45.92740502210439,57.14737577453327,28.422815235289885,3.122774102194491,65.70243092734438,Unfeasible shape,GPSampler,PRUNED
3166,3166,6.0,2026-04-21 18:50:53.983193,2026-04-21 18:50:54.193491,0 days 00:00:00.210298,-36.70821079322444,20.982439897176324,35.1765072454059,100.0,43.12709562823104,28.921221158567235,-60.404466143920644,45.843112505157045,57.24279717335028,28.295931586069727,3.062096097903776,65.40608713147536,Unfeasible shape,GPSampler,PRUNED
3167,3167,6.0,2026-04-21 18:50:54.388826,2026-04-21 18:50:54.548769,0 days 00:00:00.159943,-36.75385905921452,20.97771847792434,34.826541742678415,100.0,42.73949227969078,28.947725996046962,-60.45397208116923,45.905511802320625,57.089999557960816,28.48149120941156,3.117692972235737,65.58517281278056,Unfeasible shape,GPSampler,PRUNED
3168,3168,6.0,2026-04-21 18:50:54.731955,2026-04-21 18:50:54.908351,0 days 00:00:00.176396,-36.83176478591744,20.632727662447735,34.623667024852935,100.0,42.921097679402536,29.1127628678084,-60.41287028444251,45.82072272358792,56.9599178066802,28.306139408623533,3.1202756044505264,65.80689679763057,Unfeasible shape,GPSampler,PRUNED
3169,3169,6.0,2026-04-21 18:50:55.076158,2026-04-21 18:50:55.217710,0 days 00:00:00.141552,-36.89561361390335,20.755978213109145,34.9144337085011,100.0,42.66222979646824,28.84040660983021,-60.213264893971186,45.78726811368879,56.977489097136235,28.906682690840107,2.9908690639951487,65.69382520931117,Unfeasible shape,GPSampler,PRUNED
3170,3170,6.0,2026-04-21 18:50:55.391432,2026-04-21 18:50:55.536284,0 days 00:00:00.144852,-36.75015038552625,20.79902810695436,34.563235447547896,100.0,43.1175522555791,29.12038392963258,-60.745740905213246,45.75734337036668,57.19053160754769,28.402162756112677,3.118576833414309,65.85695455715579,Unfeasible shape,GPSampler,PRUNED
3171,3171,6.0,2026-04-21 18:50:55.811067,2026-04-21 18:50:55.962617,0 days 00:00:00.151550,-36.73098078218315,21.365537730542815,34.50426917223746,100.0,42.8670891919145,29.4235586752853,-60.18375751731098,45.959857479200735,57.17803154079001,28.09770298820825,3.1880984853455416,66.17995991226734,Unfeasible shape,GPSampler,PRUNED
3172,3172,6.0,2026-04-21 18:50:56.131526,2026-04-21 18:50:56.275173,0 days 00:00:00.143647,-36.715164740628985,20.965847327355938,35.07353766772743,100.0,42.91299381916644,29.051727080305596,-60.23106681526371,45.94105079462596,57.08985715712308,28.59420384497929,3.0874346681073206,65.79264385708262,Unfeasible shape,GPSampler,PRUNED
3173,3173,6.0,2026-04-21 18:50:56.430731,2026-04-21 18:50:56.578061,0 days 00:00:00.147330,-36.68112917183922,21.24944417719118,34.97346499151157,100.0,42.751591564729395,29.07692635111367,-60.41227266228829,45.92127323287874,57.276292834857585,28.48027973843404,3.07422528170666,65.74873010582792,Unfeasible shape,GPSampler,PRUNED
3174,3174,6.0,2026-04-21 18:50:56.742917,2026-04-21 18:50:56.884201,0 days 00:00:00.141284,-36.85894991445566,20.884720983306053,34.89466941436452,100.0,42.755183979561394,29.11993642096136,-60.3335290430177,45.82213880337705,57.208085043051554,28.473870247561795,3.098670302134778,65.74161058905759,Unfeasible shape,GPSampler,PRUNED
3175,3175,6.0,2026-04-21 18:50:57.055217,2026-04-21 18:50:57.172804,0 days 00:00:00.117587,-36.84169239124108,20.941504659417042,34.700556022709854,100.0,42.67480120929259,29.13739140753539,-60.309479816069825,45.90774372938956,57.11108672138779,28.20271176805514,3.0967599979129545,65.77312617872686,Unfeasible shape,GPSampler,PRUNED
3176,3176,6.0,2026-04-21 18:50:57.312629,2026-04-21 18:50:57.449915,0 days 00:00:00.137286,-36.79712324927814,20.857457189047494,34.94659250956759,100.0,42.680660371113724,28.971606021182005,-60.231186673877545,45.854366843100415,57.09450882438884,28.65411366278734,3.1136754177767614,65.68306539609164,Unfeasible shape,GPSampler,PRUNED
3177,3177,6.0,2026-04-21 18:50:57.623860,2026-04-21 18:50:57.769718,0 days 00:00:00.145858,-36.83313961799974,21.062351798513433,34.667614423985,100.0,42.64623920888567,29.13514300678993,-60.42066583901672,45.92941212423045,57.21230271483394,28.354325820823775,3.1174445726048106,65.8300098688174,Unfeasible shape,GPSampler,PRUNED
3178,3178,6.0,2026-04-21 18:50:57.978754,2026-04-21 18:50:58.169837,0 days 00:00:00.191083,-36.86626396968434,21.188312386430205,34.48675822863191,100.0,42.77173008805841,29.31492875180038,-60.60050016149465,45.763022526254865,57.06051219615768,28.336661638291748,3.2545721158371705,66.20719689221188,Unfeasible shape,GPSampler,PRUNED
3179,3179,6.0,2026-04-21 18:50:58.349084,2026-04-21 18:50:58.528995,0 days 00:00:00.179911,-36.59987030120576,20.982641093334948,34.96595186990513,100.0,42.756397977491126,29.21903117931989,-60.846544797025956,46.09781696767741,57.316624824056966,28.16379897882755,3.190953851567926,65.9145198981006,Unfeasible shape,GPSampler,PRUNED
3180,3180,6.0,2026-04-21 18:50:58.725637,2026-04-21 18:50:58.940891,0 days 00:00:00.215254,-36.76226449193067,21.069574032014707,34.88192263655136,100.0,42.7462472953329,29.041123253444617,-60.42230410627085,45.91819081337216,57.17626592935368,28.49395062038577,3.116193804447832,65.73095984461324,Unfeasible shape,GPSampler,PRUNED
3181,3181,6.0,2026-04-21 18:50:59.164735,2026-04-21 18:50:59.355851,0 days 00:00:00.191116,-36.77382146184122,21.056464594605433,34.82747624465823,100.0,42.7177380278735,28.993955501597696,-60.41692739011865,45.91161701254369,57.12818260258157,28.479939959236578,3.0844478584386152,65.67918281178181,Unfeasible shape,GPSampler,PRUNED
3182,3182,6.0,2026-04-21 18:50:59.519319,2026-04-21 18:50:59.754408,0 days 00:00:00.235089,-36.718454628916206,21.0824093355357,34.88091344303287,100.0,42.806745632355145,29.064437788116756,-60.3352241120037,46.01433166844262,57.2451778882576,28.463550236596497,3.132059324604924,65.63558208029029,Unfeasible shape,GPSampler,PRUNED
3183,3183,6.0,2026-04-21 18:50:59.974865,2026-04-21 18:51:00.158356,0 days 00:00:00.183491,-36.84939633349434,21.183229502712294,34.68497590103933,100.0,42.781551980962284,29.32727119360974,-60.41091432309638,45.64934215139359,57.23922546824438,28.302988424166735,3.162538899319088,65.64435052413502,Unfeasible shape,GPSampler,PRUNED
3184,3184,6.0,2026-04-21 18:51:00.331607,2026-04-21 18:51:00.461279,0 days 00:00:00.129672,-36.91858544177265,20.654259014270384,34.925839356915375,100.0,42.86473955866398,29.099889147493244,-60.23590449707373,45.849435333623596,56.88404062538548,28.604471856324363,3.089008203248518,65.78645896256091,Unfeasible shape,GPSampler,PRUNED
3185,3185,6.0,2026-04-21 18:51:00.614520,2026-04-21 18:51:00.777963,0 days 00:00:00.163443,-36.90346618853799,21.09667711911388,34.989730126741016,99.99356287833959,42.59029232232472,28.839627669640365,-60.31076958791462,45.76535293647458,57.02552087859908,28.76422245774685,3.214746415000775,65.61487764326495,Unfeasible shape,GPSampler,PRUNED
3186,3186,6.0,2026-04-21 18:51:00.991052,2026-04-21 18:51:01.173405,0 days 00:00:00.182353,-36.95290127391895,20.63562764510023,34.88824934714742,100.0,42.782194696755745,29.04165857764562,-60.011382450164696,45.89010131824832,56.96171850855144,28.625279002183476,3.099293762467987,65.58416526203148,Unfeasible shape,GPSampler,PRUNED
3187,3187,6.0,2026-04-21 18:51:01.357381,2026-04-21 18:51:01.541917,0 days 00:00:00.184536,-36.82388466884641,21.046913209153768,34.75246370343223,100.0,42.94193429516467,28.951898226199823,-60.32731789657066,46.03194162924637,57.11621100287007,28.631454805599535,3.1186645214020103,65.81908213931682,Unfeasible shape,GPSampler,PRUNED
3188,3188,6.0,2026-04-21 18:51:01.748522,2026-04-21 18:51:01.949699,0 days 00:00:00.201177,-36.70272668843128,21.592388454070168,33.690960163262204,100.0,42.961911576494856,29.185395935058963,-60.478060162332405,45.88354634842058,57.621880262128414,27.531927853004955,3.253436770467623,66.09665168837157,Unfeasible shape,GPSampler,PRUNED
3189,3189,6.0,2026-04-21 18:51:02.176347,2026-04-21 18:51:02.478929,0 days 00:00:00.302582,-36.7817194353913,21.00072100251817,34.8697910648516,100.0,42.75846626773169,29.178450234269604,-60.18497308488962,46.03213459311367,57.14342623559426,28.373550288730176,3.1426227539073324,65.75908622037497,Unfeasible shape,GPSampler,PRUNED
3190,3190,6.0,2026-04-21 18:51:02.649230,2026-04-21 18:51:02.769112,0 days 00:00:00.119882,-36.84446325339982,21.30854378504592,34.15247398580114,100.0,42.95137608183614,29.407962873507444,-60.53790889690241,46.175184030058674,57.09449238511374,28.040508742804885,3.220101712394616,65.9434470352222,Unfeasible shape,GPSampler,PRUNED
3191,3191,6.0,2026-04-21 18:51:03.005666,2026-04-21 18:51:03.172891,0 days 00:00:00.167225,-36.89505921563701,20.717159995838628,34.66766429253802,100.0,42.9926899650327,29.10875696086302,-60.46130122769328,45.81029045511624,56.775406835761274,28.511567350188315,3.139654343355822,65.6724891466796,Unfeasible shape,GPSampler,PRUNED
3192,3192,6.0,2026-04-21 18:51:03.376280,2026-04-21 18:51:03.581524,0 days 00:00:00.205244,-36.99772747615014,21.39059202179113,34.961425071591606,100.0,42.9728177544971,29.021470247584006,-60.410073610170116,46.11530474680449,57.478611081689685,28.397273357715154,3.1624961617391563,65.4692297237927,Unfeasible shape,GPSampler,PRUNED
3193,3193,6.0,2026-04-21 18:51:03.753274,2026-04-21 18:51:03.893688,0 days 00:00:00.140414,-36.81716432383809,20.645321805126358,35.07329659249231,100.0,42.90973206576929,28.80908561977099,-60.30593606020022,45.71980746373978,57.05885940703513,28.505856883835634,3.1604998062432017,65.68495604454415,Unfeasible shape,GPSampler,PRUNED
3194,3194,6.0,2026-04-21 18:51:04.158007,2026-04-21 18:51:04.316023,0 days 00:00:00.158016,-36.682134530480894,20.374087818558003,34.96671942964977,100.0,42.89607697349031,29.222026449272377,-59.802807523646294,46.16974311459554,57.34115750345375,28.488559756533768,3.195105132873472,65.81864441184854,Unfeasible shape,GPSampler,PRUNED
3195,3195,6.0,2026-04-21 18:51:04.494988,2026-04-21 18:51:04.730759,0 days 00:00:00.235771,-36.67267506441123,20.839752500363538,34.94282693735907,100.0,42.647702042717036,29.231832581455095,-60.3275259569206,46.34392556931395,57.282146487968745,28.157479269926785,3.083796232328069,65.81026158389525,Unfeasible shape,GPSampler,PRUNED
3196,3196,6.0,2026-04-21 18:51:04.924893,2026-04-21 18:51:05.097719,0 days 00:00:00.172826,-37.00099459747517,20.760841042326188,34.62365211011303,100.0,42.601727385139185,29.352586695121815,-60.4512018388089,45.91984379232553,57.38453366122565,27.84315040515961,3.1426138195201645,65.75117800649626,Unfeasible shape,GPSampler,PRUNED
3197,3197,6.0,2026-04-21 18:51:05.321065,2026-04-21 18:51:05.500734,0 days 00:00:00.179669,-36.7527600416099,21.189092169236787,34.50070421043052,100.0,42.72966768254314,29.500054692483083,-60.44295890374213,45.93169448607298,57.42555100443725,28.064214513356937,3.251046225660893,66.07450449991616,Unfeasible shape,GPSampler,PRUNED
3198,3198,6.0,2026-04-21 18:51:05.686559,2026-04-21 18:51:05.878153,0 days 00:00:00.191594,-36.81834628673389,21.285943986555907,34.66221805430833,100.0,42.99972335232888,28.983687098996143,-60.40427873798587,45.89061754750852,57.165375100276165,28.414592086594414,3.15257984866809,65.92861281103256,Unfeasible shape,GPSampler,PRUNED
3199,3199,6.0,2026-04-21 18:51:06.344191,2026-04-21 18:51:06.453112,0 days 00:00:00.108921,-36.85884472954034,20.717221791622343,34.6382394441486,100.0,42.886309676356994,28.845836709261548,-60.44958670157949,45.94957645285571,57.140404671045495,28.666035028262804,3.1057223139747308,65.64003566299505,Unfeasible shape,GPSampler,PRUNED
3200,3200,6.0,2026-04-21 18:51:06.632888,2026-04-21 18:51:06.767708,0 days 00:00:00.134820,-36.76265902268623,21.052452369817466,34.794633488486234,100.0,42.66460670500391,29.090578946212695,-60.42266847084221,45.9199054000223,57.16910027144298,28.41216617796503,3.1306821942715928,65.73446798402779,Unfeasible shape,GPSampler,PRUNED
3201,3201,6.0,2026-04-21 18:51:07.034589,2026-04-21 18:51:07.171162,0 days 00:00:00.136573,-36.82341025326434,20.940982819767093,34.771208767658294,100.0,43.063825051442876,29.86637640829074,-60.1533474636817,45.89565705232907,56.7343000023583,28.050438139858088,3.0787256306238504,65.68572890836603,Unfeasible shape,GPSampler,PRUNED
3202,3202,6.0,2026-04-21 18:51:07.366417,2026-04-21 18:51:07.512048,0 days 00:00:00.145631,-36.551693752560205,20.98134492829861,34.83493609463066,100.0,42.7078651975057,28.968169427504407,-60.28409011615295,46.00363642679764,56.976142954331216,28.533057569033566,3.1158281134927535,65.8964532966272,Unfeasible shape,GPSampler,PRUNED
3203,3203,6.0,2026-04-21 18:51:07.663274,2026-04-21 18:51:07.812931,0 days 00:00:00.149657,-36.82295335397603,21.307318471708363,34.69292229957637,100.0,43.0186023351249,29.631703751896843,-60.3017045935424,45.89756814535064,57.16428951893049,28.382877718883577,3.104889226223449,65.68804702666417,Unfeasible shape,GPSampler,PRUNED
3204,3204,6.0,2026-04-21 18:51:08.018955,2026-04-21 18:51:08.174052,0 days 00:00:00.155097,-36.67080013989488,21.031868713290848,34.84659625259854,100.0,42.72012937801819,29.276972695073454,-60.60370581767326,46.12997948330163,57.35402677682326,28.325377705426572,3.0816163816270574,65.6450319161669,Unfeasible shape,GPSampler,PRUNED
3205,3205,6.0,2026-04-21 18:51:08.387929,2026-04-21 18:51:08.635161,0 days 00:00:00.247232,-36.871824615144014,20.556207780913034,34.822960683454966,100.0,43.05230107667603,28.931608590258627,-60.15514490898702,45.43806177043121,56.96632656209869,28.65266360234038,3.1192155709108746,65.27360814724152,Unfeasible shape,GPSampler,PRUNED
3206,3206,6.0,2026-04-21 18:51:08.867729,2026-04-21 18:51:09.027944,0 days 00:00:00.160215,-36.8365609012435,20.831196738372583,34.62760152774635,100.0,42.90780266701224,29.404633765631374,-60.352470152286365,45.74955200354481,57.07903583184595,28.279778229176152,3.090374958394655,65.93918915861272,Unfeasible shape,GPSampler,PRUNED
