,number,value,datetime_start,datetime_complete,duration,params_lLegPt.rA1,params_lLegPt.rL0,params_lLegPt.rL1,params_lLegPt.rL2,params_lLegPt.x1,params_lLegPt.y1,params_sLegPt.rA1,params_sLegPt.rL0,params_sLegPt.rL1,params_sLegPt.rL2,params_sLegPt.x1,params_sLegPt.y1,user_attrs_prune,system_attrs_auto:sampler,state
123,123,5.336257495974468,2026-04-21 18:20:17.551187,2026-04-21 18:20:48.714602,0 days 00:00:31.163415,-67.7560601413045,15.466097250624312,28.23293440431282,31.16750816362712,35.112024269341596,-11.023158627930094,-45.36767762114193,79.85233209065673,49.70445732118126,13.12311819242936,12.340834885604274,65.82285143188176,Unattained target,GPSampler,PRUNED
124,124,0.007910475004813122,2026-04-21 18:20:48.882625,2026-04-21 18:21:47.856591,0 days 00:00:58.973966,-40.750333908926486,82.16097639428544,19.356296651250126,62.03689004498959,48.81774619694907,18.05574898472934,-56.5841984581846,71.96199029059287,86.66648297857255,75.51919851440313,13.043889994430138,64.61674820203407,,GPSampler,COMPLETE
125,125,8.145640188631837,2026-04-21 18:21:52.170798,2026-04-21 18:22:16.448178,0 days 00:00:24.277380,-42.3362241228721,57.32920344849183,53.09571759565529,73.82167757393606,83.44511985520533,-27.76625498206607,-35.679281091390884,25.28100628816307,73.1957679715938,35.95202841768764,32.45486659023447,76.63550807699362,Unattained target,GPSampler,PRUNED
126,126,6.0,2026-04-21 18:22:16.672968,2026-04-21 18:22:16.868880,0 days 00:00:00.195912,-78.99442326635172,53.09737026839563,96.26360991991515,23.825559286171867,88.90646844835221,1.1185849165445596,-47.67745647487069,40.32856636818147,73.97173486417259,85.91999454558386,39.2026094464168,-8.257165621598455,Unfeasible shape,GPSampler,PRUNED
127,127,6.0,2026-04-21 18:22:17.020576,2026-04-21 18:22:17.136566,0 days 00:00:00.115990,-40.125437641320765,47.91065954343725,46.33609157450777,76.49539941400612,-2.642920980416452,60.249773011275565,-44.51724180065913,18.660197125877538,34.70247895393504,17.24916655228473,-12.583926449354408,22.10062755764318,Unfeasible shape,GPSampler,PRUNED
128,128,6.7674976951631365,2026-04-21 18:22:17.293886,2026-04-21 18:22:38.753009,0 days 00:00:21.459123,-30.705076230695155,91.80236371991703,67.7647825379573,94.78661593856133,43.601205096085266,60.61953321391175,-58.15405273074006,22.794924943519078,66.78238668209829,48.62463093150015,27.759752027270068,12.40822497955795,Unattained target,GPSampler,PRUNED
129,129,5.437013206984101,2026-04-21 18:22:38.931857,2026-04-21 18:23:01.660699,0 days 00:00:22.728842,-41.032361263482365,91.05923012752034,69.33561317625825,66.30339048120283,66.93307848757962,-24.12656325042805,-44.37870642902952,20.15464583063108,79.32653200233487,12.657416107097978,25.81398551672853,21.882876868792142,Unattained target,GPSampler,PRUNED
130,130,7.956760913566207,2026-04-21 18:23:01.825445,2026-04-21 18:23:32.430795,0 days 00:00:30.605350,-25.090248345288302,69.69433548681371,40.67475512134355,63.26384451826391,27.69411530685494,20.092232281174553,-36.04360227677609,59.92247814207285,76.14953289872338,76.51869458961404,35.010992766421595,70.17122008670816,Unattained target,GPSampler,PRUNED
131,131,16.111035541615415,2026-04-21 18:23:32.605121,2026-04-21 18:23:54.991792,0 days 00:00:22.386671,-41.10833384102144,22.276588514319794,26.7750884511841,62.8093381702158,68.75398176073926,-14.135892097526938,-60.72240526730333,94.84833913171143,94.90939581859308,38.77131733024899,33.13313798155852,61.98844925835425,Unattained target,GPSampler,PRUNED
132,132,6.0,2026-04-21 18:23:55.153695,2026-04-21 18:23:55.312934,0 days 00:00:00.159239,-56.63044573647038,28.136242868321272,89.60400051324054,49.600171564958536,3.6733205792578563,33.60176436027695,-21.867951923288018,88.67011599790862,78.27646425617984,74.5749553610171,-18.988626243016007,99.94495986522442,Unfeasible shape,GPSampler,PRUNED
133,133,8.270226045887675,2026-04-21 18:23:55.452055,2026-04-21 18:24:53.292297,0 days 00:00:57.840242,-70.28475749989525,39.72403206414546,66.9874527614412,52.1134861251304,46.81247625184757,5.40380656656049,-73.25861529753868,91.63030839831926,32.6119825049341,51.510996058880785,14.047735685074173,10.108522146390321,Unattained target,GPSampler,PRUNED
134,134,6.0,2026-04-21 18:24:53.489784,2026-04-21 18:24:53.577321,0 days 00:00:00.087537,-50.57274574207848,33.668711031129035,95.30057653932441,80.04218249697777,24.131089082411755,9.558956554170983,-60.0824670580732,48.51117020692798,15.897557608993441,90.89884450675763,11.062451676369527,25.382144485712608,Unfeasible shape,GPSampler,PRUNED
135,135,6.0,2026-04-21 18:24:53.733673,2026-04-21 18:24:53.847446,0 days 00:00:00.113773,-31.9388621866049,75.77077629792964,49.26374742658532,75.38330448610394,9.767783317084888,-3.2778110291594764,-43.89271694260168,60.6871613502142,92.34216414438119,96.59170962443257,-15.823370304346952,89.87288453699936,Unfeasible shape,GPSampler,PRUNED
136,136,82.11508193646227,2026-04-21 18:24:54.019895,2026-04-21 18:25:18.402560,0 days 00:00:24.382665,-20.840750868158295,43.613157510899946,39.5239476203979,68.64841854041295,100.42797436207775,-19.47665225945856,-20.66863076568349,12.993531748885367,64.38937776887204,62.60085791563978,-12.574069559304924,91.3760964957125,Unattained target,GPSampler,PRUNED
137,137,6.0,2026-04-21 18:25:18.592458,2026-04-21 18:25:24.237396,0 days 00:00:05.644938,-41.22826698195498,21.16598301967712,17.929266168415065,72.82782620240431,101.11067649559914,13.190343247091143,-26.698677225268717,99.46411948618267,36.22954189117428,18.958445001719205,-1.4105062756678386,98.52353334726118,Unfeasible shape,GPSampler,PRUNED
138,138,6.0,2026-04-21 18:25:24.417265,2026-04-21 18:25:24.622394,0 days 00:00:00.205129,-38.299794397582936,45.28072501623427,28.594601231941784,95.74127272126783,10.98661237901042,-15.312342296458926,-46.06989661997468,45.8042846032505,35.32954694601435,42.874240115972285,29.964903031899915,65.94362707723506,Unfeasible shape,GPSampler,PRUNED
139,139,5.564973521509181,2026-04-21 18:25:24.796162,2026-04-21 18:25:51.543261,0 days 00:00:26.747099,-46.776192402076305,74.24184519557285,40.78816172967759,28.898720943457295,91.74899610383677,-0.6521791223141591,-64.78889147525004,59.34147373533937,56.68243620699329,42.3657253754531,24.76399181039261,-7.171609004427048,Unattained target,GPSampler,PRUNED
140,140,6.0,2026-04-21 18:25:51.694814,2026-04-21 18:25:51.837116,0 days 00:00:00.142302,-28.388776241270385,54.30531005986307,46.90079595191239,97.03265480226877,94.91420614517924,69.4146576863392,-45.64679648072067,73.39376674802683,10.161062882988892,28.524535062108672,16.394165212220273,3.873511718700252,Unfeasible shape,GPSampler,PRUNED
141,141,6.0,2026-04-21 18:25:51.997576,2026-04-21 18:25:52.092533,0 days 00:00:00.094957,-32.20229325179419,23.478861863126376,80.01854789721442,74.36573655161611,94.76007819697256,29.566053361396193,-27.886160080517932,98.95591263498606,29.3716413133402,50.97623164720328,-22.926089655182267,45.30107243453429,Unfeasible shape,GPSampler,PRUNED
142,142,6.0,2026-04-21 18:25:52.248098,2026-04-21 18:25:52.401097,0 days 00:00:00.152999,-74.48383840201384,97.87207003178077,80.9429602774932,99.43594992809997,91.39330414125757,0.13140025913120823,-25.207513320438345,26.528574235660468,28.545379726858584,28.862949735270817,27.33133359402634,50.08361451188755,Unfeasible shape,GPSampler,PRUNED
143,143,6.0,2026-04-21 18:25:52.567671,2026-04-21 18:25:52.714578,0 days 00:00:00.146907,-51.54485426380438,43.2514150982951,52.56824434292756,27.88038163540142,-1.9801021883925678,46.65036165132017,-61.178961777202915,68.27950725219924,61.91026199265856,22.66008249680605,3.773178712762153,87.2219914004459,Unfeasible shape,GPSampler,PRUNED
144,144,0.004783808596581451,2026-04-21 18:25:52.888840,2026-04-21 18:26:58.044224,0 days 00:01:05.155384,-21.995609020424,26.08545017629685,44.78059014422704,11.919329143226745,46.27996058104509,33.43844434078334,-53.61963289869766,55.37544458222406,72.84405665089493,51.15662568230504,-3.7686414068441216,93.52636336018436,,GPSampler,COMPLETE
145,145,11.401439005153783,2026-04-21 18:27:03.544883,2026-04-21 18:29:40.767421,0 days 00:02:37.222538,-56.30054390862464,53.64076491076528,54.115717753837394,58.524706042642414,17.28426134665374,44.91172369500757,-28.07060796557556,78.69283447772445,58.41364991096165,11.966569907655039,17.50202436132446,78.2226970768592,Unattained target,GPSampler,PRUNED
146,146,126.08881188473146,2026-04-21 18:29:40.923689,2026-04-21 18:30:04.141119,0 days 00:00:23.217430,-54.423135652545966,95.88711667345845,42.34929820553217,39.593321366794456,74.55599291057874,10.74838105692448,-22.243944907070933,42.643623239466876,47.05520324226981,55.78395035943747,-26.08729431337039,105.62486624172382,Unattained target,GPSampler,PRUNED
147,147,6.0,2026-04-21 18:30:04.315956,2026-04-21 18:30:04.488391,0 days 00:00:00.172435,-67.42165714005499,59.038267194398465,93.42332634739192,46.675977446776834,3.7296173571423505,49.515498234109415,-43.1253725292541,26.763851988987845,75.10548957224486,75.51915310443201,-2.1428079286786144,21.43079441828946,Unfeasible shape,GPSampler,PRUNED
148,148,6.0,2026-04-21 18:30:04.616851,2026-04-21 18:30:04.717237,0 days 00:00:00.100386,-78.7867134705026,76.19452722485575,39.69223297281751,80.1733277373671,80.07280339369333,5.955007369634224,-38.55344761031249,10.971883926819466,17.185242027641934,62.908602466562506,-11.879439778751646,-0.29625114895203986,Unfeasible shape,GPSampler,PRUNED
149,149,6.0,2026-04-21 18:30:04.867550,2026-04-21 18:30:05.041746,0 days 00:00:00.174196,-33.51891728050132,24.363911790233026,81.50018899288506,86.9785387245228,6.049651118389665,3.783993494812833,-68.61506812672803,24.005029788974618,65.66767617608488,58.58398801694669,31.978272166977753,40.12509791263506,Unfeasible shape,GPSampler,PRUNED
150,150,6.0,2026-04-21 18:30:05.263335,2026-04-21 18:30:05.369094,0 days 00:00:00.105759,-55.07747989741405,17.89048086162498,68.40713348049269,44.2960263881441,82.98225852274837,-24.24264914122417,-21.778637680959413,49.65554413446233,78.71985296027385,66.34327731302588,-9.750880352823195,36.43522497685935,Unfeasible shape,GPSampler,PRUNED
151,151,10.538360313265159,2026-04-21 18:30:05.532022,2026-04-21 18:30:29.962934,0 days 00:00:24.430912,-21.44443407710898,51.23216842845753,85.84623320389551,49.411021798420336,79.68807809730836,-1.5823933051079422,-30.360109137692433,91.31398299289184,68.71556643602167,60.54520358916622,16.07218673671712,92.69690812471426,Unattained target,GPSampler,PRUNED
152,152,6.0,2026-04-21 18:30:30.126024,2026-04-21 18:30:30.236777,0 days 00:00:00.110753,-73.83627467658441,39.29772592145095,13.589222372514133,45.162696424735245,38.9805189551609,74.9402999419523,-25.456716665598798,64.50307342787829,76.34237875081897,38.325000056006076,-8.648673289988611,41.36843717836361,Unfeasible shape,GPSampler,PRUNED
153,153,6.0,2026-04-21 18:30:30.389432,2026-04-21 18:30:30.484206,0 days 00:00:00.094774,-57.20636413485706,50.31076300102728,49.649050848303894,53.95034830671125,70.06792286117852,-29.598014420775797,-49.36331656736034,31.873397190262658,83.67999964858495,73.96833360093339,-6.027289851541326,74.0858552675374,Unfeasible shape,GPSampler,PRUNED
154,154,10.14339593953721,2026-04-21 18:30:30.657097,2026-04-21 18:31:03.425251,0 days 00:00:32.768154,-47.53563392920522,67.95935078677886,60.35732662357,28.561711681869042,48.65192108664834,-24.426025055318224,-62.97993756131677,36.20296523508324,54.487274766630044,72.29277051659605,9.802536111468768,77.16564082993006,Unattained target,GPSampler,PRUNED
155,155,6.976397206535786,2026-04-21 18:31:03.590884,2026-04-21 18:31:28.737533,0 days 00:00:25.146649,-32.31260754430902,78.7758126250566,74.48130705674008,24.37227445616913,76.28093540562942,-19.07270047464292,-58.44840284104249,93.14347595130756,77.10104318720445,58.67772372000063,21.34725716914872,79.09114522991389,Unattained target,GPSampler,PRUNED
156,156,0.0067684582407459,2026-04-21 18:31:28.932693,2026-04-21 18:32:49.564568,0 days 00:01:20.631875,-53.76970561592038,21.153579729645323,84.4133361262122,27.41877761984144,38.542871010846575,-6.483124055048396,-51.202545441692195,27.41176653316222,43.965081978001066,83.29938481283804,3.818453365025505,20.56697524065928,,GPSampler,COMPLETE
157,157,6.0,2026-04-21 18:32:55.659519,2026-04-21 18:32:55.810135,0 days 00:00:00.150616,-67.39063840846282,57.191964451076814,63.92411021095438,37.81221087711282,71.56352673383371,29.93906584189037,-64.80306992434319,17.047296522273818,22.21113088742021,36.082157816209936,7.2038542860381725,22.501257254996986,Unfeasible shape,GPSampler,PRUNED
158,158,6.0,2026-04-21 18:32:56.016203,2026-04-21 18:32:56.131883,0 days 00:00:00.115680,-23.481509447361738,91.82579088125463,87.34705146048812,96.23831049530608,20.141835232054905,1.7572792676158286,-25.012047101112472,11.695594044893609,82.44579307720339,40.596489764732496,-8.876915301204914,24.765804993308528,Unfeasible shape,GPSampler,PRUNED
159,159,6.0,2026-04-21 18:32:56.285589,2026-04-21 18:32:56.418917,0 days 00:00:00.133328,-72.61936347445939,52.52320329197211,80.53393436688877,22.608519513744778,28.047041523709595,-23.95251411423802,-72.79544771716544,75.69815711283651,18.904054356028965,62.76706560584597,25.570114565480054,14.54634462205997,Unfeasible shape,GPSampler,PRUNED
160,160,6.0,2026-04-21 18:32:56.575943,2026-04-21 18:32:56.750361,0 days 00:00:00.174418,-73.72581905044518,11.650903579453878,90.59714583324045,22.491541704124884,23.194194783647603,59.36321238338789,-44.17290098737577,42.89737917263126,60.315202178918014,12.92840460142714,-16.602864272883327,89.4115188658315,Unfeasible shape,GPSampler,PRUNED
161,161,2.501696605382918,2026-04-21 18:32:56.920852,2026-04-21 18:33:55.148128,0 days 00:00:58.227276,-71.13228251410483,70.98117275865027,49.55396168445603,18.31622821061497,26.88730821000761,1.030116716528564,-73.4305313950363,47.352603713911975,68.50591516414178,71.93864283210283,37.145047188202625,-1.427813688712746,,GPSampler,COMPLETE
162,162,6.0,2026-04-21 18:33:59.273846,2026-04-21 18:33:59.479737,0 days 00:00:00.205891,-36.804774496065136,21.009709492097297,34.51546932669187,100.0,42.8736136514063,29.22538197247961,-60.50158198686596,45.67508246565756,57.07075487123799,28.588048158270094,3.1589988535406093,65.92580995317606,Unfeasible shape,GPSampler,PRUNED
163,163,6.0,2026-04-21 18:33:59.734278,2026-04-21 18:33:59.874318,0 days 00:00:00.140040,-36.827917819951004,20.81825461546505,35.006048290497326,100.0,42.759498279536544,28.910669372955965,-60.24014527007417,46.106668591286954,57.143220375034254,28.477689716244765,3.043499769304539,65.51184607487517,Unfeasible shape,GPSampler,PRUNED
164,164,6.0,2026-04-21 18:34:00.018430,2026-04-21 18:34:00.159954,0 days 00:00:00.141524,-37.05603435869699,21.354392414255628,34.40743586431224,100.0,42.74228662984146,29.362617927517,-60.2478621235129,45.91195931117389,57.10705347433156,28.31264136806845,3.2682429852831305,65.71008837982184,Unfeasible shape,GPSampler,PRUNED
165,165,6.0,2026-04-21 18:34:00.394048,2026-04-21 18:34:00.527222,0 days 00:00:00.133174,-36.83735906085355,21.181356259130425,34.515693166331104,100.0,42.59998181514049,28.920257651100307,-60.56471669341847,45.8540923596767,57.22871086728943,28.364109220144677,3.127540131195012,65.8492605790401,Unfeasible shape,GPSampler,PRUNED
166,166,6.0,2026-04-21 18:34:00.679692,2026-04-21 18:34:00.857258,0 days 00:00:00.177566,-36.88963768799105,21.26162865954047,34.57313422419713,100.0,42.83530718062387,29.04179198433482,-60.23465021802021,46.390381199289685,56.93012832026827,28.337762933913087,3.053097101063294,65.45955055345567,Unfeasible shape,GPSampler,PRUNED
167,167,6.0,2026-04-21 18:34:01.021559,2026-04-21 18:34:01.141187,0 days 00:00:00.119628,-36.805948760067636,20.530992342618738,34.96022580964199,100.0,42.82048007147041,28.84422444276573,-60.07816700332339,45.73047322893465,57.035048227589044,28.695755518465308,3.1196866437145445,65.78296927599905,Unfeasible shape,GPSampler,PRUNED
168,168,6.0,2026-04-21 18:34:01.327543,2026-04-21 18:34:01.448415,0 days 00:00:00.120872,-36.70735561426546,20.803846246272997,34.41845006202114,100.0,42.77394125506029,29.013256371768207,-60.32820934670834,45.63049221771471,57.13410802583022,28.167880059933225,3.1501336548405092,65.90878066143394,Unfeasible shape,GPSampler,PRUNED
169,169,6.0,2026-04-21 18:34:01.700142,2026-04-21 18:34:01.903115,0 days 00:00:00.202973,-36.812938685869476,21.02187435914236,34.84012721237757,100.0,42.68883067073626,29.076542569086364,-60.27362066156837,46.14534715550578,57.23445797742038,28.431657402957647,3.080696649182059,65.60817013715614,Unfeasible shape,GPSampler,PRUNED
170,170,6.0,2026-04-21 18:34:02.101154,2026-04-21 18:34:02.241495,0 days 00:00:00.140341,-36.7499731384667,21.364772966309786,34.8033779612321,100.0,42.51561514271604,29.086889932824775,-60.30840747120322,46.183145431308134,57.301086589110916,28.398563323530347,3.1814831200619125,65.83838773711012,Unfeasible shape,GPSampler,PRUNED
171,171,6.0,2026-04-21 18:34:02.398547,2026-04-21 18:34:02.566963,0 days 00:00:00.168416,-36.7383552787645,20.841537652933567,34.55194914750291,100.0,42.97856446191367,29.030214727646182,-60.38085282924153,45.83174529680936,57.04984402548584,28.2990857563713,3.134447225043708,65.67369631647179,Unfeasible shape,GPSampler,PRUNED
172,172,6.0,2026-04-21 18:34:02.719551,2026-04-21 18:34:02.861253,0 days 00:00:00.141702,-36.774668301543926,20.930504778705092,34.70009178260061,100.0,42.78666890698638,29.163066912552317,-60.30995270712175,45.911358303985224,57.17669052962171,28.234915074714003,3.102148233757056,65.90988356652126,Unfeasible shape,GPSampler,PRUNED
173,173,6.0,2026-04-21 18:34:03.133230,2026-04-21 18:34:03.299613,0 days 00:00:00.166383,-36.841363734884055,20.748898340997854,34.91549885158316,100.0,42.920300357133826,28.855953220398554,-60.30019443046312,46.05145729924137,57.11320204800402,28.4523893485726,3.047817200875457,65.56710746035714,Unfeasible shape,GPSampler,PRUNED
174,174,6.0,2026-04-21 18:34:03.456120,2026-04-21 18:34:03.593248,0 days 00:00:00.137128,-36.81392714721321,21.053552224600338,34.95938642783776,100.0,42.84506057418166,29.01875433970047,-60.31652316017612,45.827303389634075,57.083987901424024,28.49160055124484,3.0734482189486343,65.92151650034495,Unfeasible shape,GPSampler,PRUNED
175,175,6.0,2026-04-21 18:34:03.761370,2026-04-21 18:34:03.898578,0 days 00:00:00.137208,-36.79910198991342,21.423186366252672,34.52063075253888,100.0,42.92731478022528,29.033814070221283,-60.18790908665781,45.9595942748123,56.99408780045436,28.650381852563633,3.15740744745694,65.83987548951531,Unfeasible shape,GPSampler,PRUNED
176,176,6.0,2026-04-21 18:34:04.050743,2026-04-21 18:34:04.189131,0 days 00:00:00.138388,-36.75203273680372,21.069849168788956,34.77220960593931,100.0,42.661056351907774,29.112489074689556,-60.446957569272186,45.95713863558528,57.22571096797753,28.389497035877838,3.127242383376249,65.73491610113551,Unfeasible shape,GPSampler,PRUNED
177,177,6.0,2026-04-21 18:34:04.329949,2026-04-21 18:34:04.598335,0 days 00:00:00.268386,-36.8487681063038,21.145834057379638,34.800830295113286,100.0,42.65928839983205,29.003183977463678,-60.43025573625481,45.78769911792735,56.996532879143444,28.395008180734916,3.1296036345320957,65.60712998147058,Unfeasible shape,GPSampler,PRUNED
178,178,6.0,2026-04-21 18:34:04.767146,2026-04-21 18:34:04.914784,0 days 00:00:00.147638,-36.75913414127651,20.98371921519732,35.145875535238844,100.0,42.63335664786906,28.747441869018488,-60.34088769785244,45.81111611570232,56.9947695855457,28.87195241282331,3.0840758012236904,65.58210312771071,Unfeasible shape,GPSampler,PRUNED
179,179,6.0,2026-04-21 18:34:05.047079,2026-04-21 18:34:05.167232,0 days 00:00:00.120153,-36.779583340740835,21.359526737497305,34.743740231230646,100.0,42.886544301270774,29.039239155650037,-60.39982629556138,45.84477681283665,57.18063582729603,28.680169012608502,3.1052145879018056,65.77946764580985,Unfeasible shape,GPSampler,PRUNED
180,180,6.0,2026-04-21 18:34:05.303765,2026-04-21 18:34:05.431775,0 days 00:00:00.128010,-36.73158169296799,20.9893637727123,34.84300553904839,100.0,42.734236633264516,29.1882319025962,-60.38180033854907,46.08475576458076,57.31214401946127,28.317441958687684,3.1588172312222937,65.78361743754094,Unfeasible shape,GPSampler,PRUNED
181,181,6.0,2026-04-21 18:34:05.582471,2026-04-21 18:34:05.705386,0 days 00:00:00.122915,-36.84812015585265,20.850331048986014,34.905392792703886,100.0,43.14319521841565,29.278059523206878,-60.49838220757013,45.876002867265605,56.90688561040087,28.760283518257534,3.120398852728094,65.76261139142868,Unfeasible shape,GPSampler,PRUNED
182,182,6.0,2026-04-21 18:34:05.846066,2026-04-21 18:34:05.964187,0 days 00:00:00.118121,-36.79544598538569,21.03580317432379,34.7499899161694,100.0,42.580218070440814,29.172344879523145,-60.387136330279205,46.06936159104702,57.226263871599805,28.3267970936144,3.1363130241605433,65.68143100504993,Unfeasible shape,GPSampler,PRUNED
183,183,6.0,2026-04-21 18:34:06.142486,2026-04-21 18:34:06.273032,0 days 00:00:00.130546,-36.752598921480924,21.069467559888757,34.64452927030594,100.0,42.767178502087646,28.9668582487284,-60.6967230920032,45.86139894346994,57.18004853794299,28.569612211332576,3.054566740307415,65.72930162321876,Unfeasible shape,GPSampler,PRUNED
184,184,6.0,2026-04-21 18:34:06.445933,2026-04-21 18:34:06.557047,0 days 00:00:00.111114,-36.783384383873184,20.971350418470205,34.809312072544046,100.0,42.57893726508379,29.157029383966382,-60.21803379391818,46.05597227192207,57.22771171231196,28.188499016946018,3.1167653972850786,65.74374721027556,Unfeasible shape,GPSampler,PRUNED
185,185,6.0,2026-04-21 18:34:06.760793,2026-04-21 18:34:06.925638,0 days 00:00:00.164845,-36.67197463228044,21.15036987882069,34.84696125802026,100.0,42.505775999373675,28.844341898082547,-60.56529281361633,45.725745837216756,57.016778409224955,28.28033077541754,3.0908065508355733,65.77090838160619,Unfeasible shape,GPSampler,PRUNED
