,number,value,datetime_start,datetime_complete,duration,params_lLegPt.rA1,params_lLegPt.rL0,params_lLegPt.rL1,params_lLegPt.rL2,params_lLegPt.x1,params_lLegPt.y1,params_sLegPt.rA1,params_sLegPt.rL0,params_sLegPt.rL1,params_sLegPt.rL2,params_sLegPt.x1,params_sLegPt.y1,user_attrs_prune,system_attrs_auto:sampler,state
3335,3335,6.0,2026-04-21 18:51:56.302318,2026-04-21 18:51:56.464393,0 days 00:00:00.162075,-36.830819234871825,21.189224022381538,34.65388387469264,100.0,42.71212928355023,28.980419465891423,-60.490968374385325,45.878175289958655,57.09042052329172,28.41109318369769,3.1833706847535055,65.72197011438855,Unfeasible shape,GPSampler,PRUNED
3336,3336,6.0,2026-04-21 18:51:56.659662,2026-04-21 18:51:56.818990,0 days 00:00:00.159328,-36.73183339834308,20.698086643957872,34.709624111719066,100.0,42.60414595088695,28.93417419421953,-60.498392774143454,46.13469294787502,57.198056711849866,28.288570813390358,3.0746509732799154,65.59941842004925,Unfeasible shape,GPSampler,PRUNED
3337,3337,6.0,2026-04-21 18:51:57.001327,2026-04-21 18:51:57.207854,0 days 00:00:00.206527,-36.77025285923544,20.835990676791106,34.74827441911353,100.0,42.83829348466246,29.38903397005793,-60.20751878548122,46.077838485655896,57.211044901371345,28.198583254123214,3.2097745803892863,66.02169869828526,Unfeasible shape,GPSampler,PRUNED
3338,3338,6.0,2026-04-21 18:51:57.423401,2026-04-21 18:51:57.614629,0 days 00:00:00.191228,-36.614088213001025,20.96511418314234,34.23392491022321,100.0,42.822281303315414,29.546331040758837,-60.5248778936334,45.66368033921288,57.046456757743165,28.36235740660429,3.154626852832763,65.9458157748905,Unfeasible shape,GPSampler,PRUNED
3339,3339,6.0,2026-04-21 18:51:57.842809,2026-04-21 18:51:58.000138,0 days 00:00:00.157329,-36.7801595440937,20.97929060482582,34.68393554504959,100.0,42.45832900811826,29.13959875109282,-60.51820389249901,45.898633658466814,57.29078253374334,28.202746614614128,3.0932534362742246,65.76613140626951,Unfeasible shape,GPSampler,PRUNED
3340,3340,6.0,2026-04-21 18:51:58.172746,2026-04-21 18:51:58.347589,0 days 00:00:00.174843,-36.75653084530316,20.79385775573281,34.98656885252096,100.0,42.76125404706337,29.092786689987022,-60.069087510771595,46.0229831893648,57.1493300705777,28.30231253276791,3.0878358156990444,65.83129493573972,Unfeasible shape,GPSampler,PRUNED
3341,3341,6.0,2026-04-21 18:51:58.568742,2026-04-21 18:51:58.721173,0 days 00:00:00.152431,-36.75521103023287,21.37047017119074,34.340636814717676,100.0,42.861046062657074,29.087795478255217,-60.49655127516391,46.05840140543393,57.33917990066621,28.511083056317403,3.30639177765309,66.08686675174526,Unfeasible shape,GPSampler,PRUNED
3342,3342,6.0,2026-04-21 18:51:58.904711,2026-04-21 18:51:59.141525,0 days 00:00:00.236814,-36.801607635782375,20.926780379059686,34.8408168178694,100.0,42.62083414793527,29.04067927827836,-60.455543781913406,45.881257105794994,57.244153136548896,28.411947374925532,3.109777709169798,65.33104227024816,Unfeasible shape,GPSampler,PRUNED
3343,3343,6.0,2026-04-21 18:51:59.324085,2026-04-21 18:51:59.469656,0 days 00:00:00.145571,-36.822360055951485,21.315329564092757,34.68646249601384,100.0,42.58983242728157,28.86358175236211,-60.399719816535864,46.14529075564024,57.3159599749934,28.458965664384074,3.1180308246012984,65.83265304422538,Unfeasible shape,GPSampler,PRUNED
3344,3344,6.0,2026-04-21 18:51:59.680947,2026-04-21 18:51:59.839140,0 days 00:00:00.158193,-36.78437103946167,21.19730696560754,34.769932326023124,100.0,42.88636745336748,28.937457100706055,-60.45383444777114,45.87131245269581,57.080440347828386,28.57723896333981,3.1194396756196667,65.63574912021477,Unfeasible shape,GPSampler,PRUNED
3345,3345,6.0,2026-04-21 18:52:00.026082,2026-04-21 18:52:00.171090,0 days 00:00:00.145008,-36.77005235266885,20.869999865128648,34.687038498153754,100.0,42.43567890514388,29.047997380357835,-60.1848929329194,45.90480611364106,57.286510985547345,27.90578220811802,3.170858601515519,65.79616837243958,Unfeasible shape,GPSampler,PRUNED
3346,3346,6.0,2026-04-21 18:52:00.371491,2026-04-21 18:52:00.542702,0 days 00:00:00.171211,-36.89501850233339,20.9346044622697,34.319293506794295,100.0,42.83717534152706,29.182828395066203,-60.44030588518952,45.64325554943727,57.06733575654271,28.435349531952856,3.1912843753162647,65.75948302161508,Unfeasible shape,GPSampler,PRUNED
3347,3347,6.0,2026-04-21 18:52:00.740150,2026-04-21 18:52:00.899069,0 days 00:00:00.158919,-36.762094783556385,21.052367785837248,34.784356007304595,100.0,42.70026393098301,29.183046317650238,-60.41110601785972,45.91912891770279,57.26663248658901,28.32622375038318,3.1176509527754064,65.7671679095532,Unfeasible shape,GPSampler,PRUNED
3348,3348,6.0,2026-04-21 18:52:01.082110,2026-04-21 18:52:01.256241,0 days 00:00:00.174131,-36.85667811311443,21.253049269738124,34.55596470215892,100.0,42.5937920900099,29.26203660721292,-60.442257603168784,45.713908481197215,57.33590556052274,28.236335418061863,3.1342122135146795,65.37701033884397,Unfeasible shape,GPSampler,PRUNED
3349,3349,6.0,2026-04-21 18:52:01.439688,2026-04-21 18:52:01.582085,0 days 00:00:00.142397,-36.731775288115486,20.66768566477835,35.42013274933625,100.0,42.870251626266075,28.671205871634236,-60.25582085643727,45.84299454900796,56.929565687794245,28.847695126422963,3.064822828755318,65.235757560923,Unfeasible shape,GPSampler,PRUNED
3350,3350,6.0,2026-04-21 18:52:01.767303,2026-04-21 18:52:01.893273,0 days 00:00:00.125970,-36.44451019728269,21.28784873111605,34.52202749277629,100.0,43.714630590732014,29.974956625868295,-60.54069300479981,45.44244024565796,57.33649327971753,28.485909771205616,3.283523110366005,66.15881004303517,Unfeasible shape,GPSampler,PRUNED
3351,3351,6.0,2026-04-21 18:52:02.188136,2026-04-21 18:52:02.330319,0 days 00:00:00.142183,-36.70013085450186,20.639904300231166,34.948269461221344,100.0,42.829069924981965,28.95956342353289,-60.41208462699421,45.954175933969005,57.085263837405826,28.518370696867656,3.098734722542318,65.61950952347506,Unfeasible shape,GPSampler,PRUNED
3352,3352,6.0,2026-04-21 18:52:02.520446,2026-04-21 18:52:02.653771,0 days 00:00:00.133325,-36.77519400235121,20.667016109616885,34.75340569136758,100.0,42.91354618259114,28.63916721398916,-60.20358275953497,45.80414568753834,56.97051758106763,28.688813715827354,3.1614978643059786,65.72242450435573,Unfeasible shape,GPSampler,PRUNED
3353,3353,6.0,2026-04-21 18:52:02.805553,2026-04-21 18:52:02.963352,0 days 00:00:00.157799,-36.73523442263016,20.992439600317944,34.607107424368586,100.0,42.72726166895261,29.315363066817078,-60.4674995428901,45.88745692530185,57.23234068579063,28.085272135541945,3.1739276290371308,65.84491869057854,Unfeasible shape,GPSampler,PRUNED
3354,3354,6.0,2026-04-21 18:52:03.146862,2026-04-21 18:52:03.337625,0 days 00:00:00.190763,-37.034115670810486,20.97073207659826,34.69183638026751,100.0,42.783291535636444,29.04276338414003,-60.40735138274958,46.47417035606498,57.10197553073414,28.204660726744606,3.15439994377504,65.73969538772663,Unfeasible shape,GPSampler,PRUNED
3355,3355,6.0,2026-04-21 18:52:03.535338,2026-04-21 18:52:03.684159,0 days 00:00:00.148821,-36.77638120734255,20.94453261208654,34.98626006358201,100.0,42.70585475244022,28.990972618737928,-60.33714162017955,45.90025423536261,57.16474958119213,28.491875672785934,3.106930619029228,65.61159495463335,Unfeasible shape,GPSampler,PRUNED
3356,3356,6.0,2026-04-21 18:52:03.885705,2026-04-21 18:52:04.115757,0 days 00:00:00.230052,-36.73176871530118,21.29571026287808,34.69324128934189,100.0,42.85198570905662,29.150159132647815,-60.46421724310213,45.89381970177781,57.34683889534605,28.51190797435288,3.1586572060588054,65.88580094222274,Unfeasible shape,GPSampler,PRUNED
3357,3357,6.0,2026-04-21 18:52:04.293187,2026-04-21 18:52:04.444371,0 days 00:00:00.151184,-36.864427784598085,21.126034312740465,34.61149634360292,100.0,42.36040094948668,29.196384388347212,-60.417991867919504,45.42857177118402,56.44036227847354,28.52002772594282,3.167620727432869,66.00619615509025,Unfeasible shape,GPSampler,PRUNED
3358,3358,6.0,2026-04-21 18:52:04.678851,2026-04-21 18:52:04.882188,0 days 00:00:00.203337,-36.85266112441775,21.083335644898888,34.73379697423959,100.0,42.786214115646295,29.43088122892963,-60.54546180566684,45.641839396814376,57.11039935899084,28.444379244084384,3.179344153954837,66.0258192089634,Unfeasible shape,GPSampler,PRUNED
3359,3359,6.0,2026-04-21 18:52:05.058640,2026-04-21 18:52:05.305319,0 days 00:00:00.246679,-36.821867170132926,20.83453842299791,35.02927865501674,100.0,42.91181646219981,28.95734087742533,-60.2714891969338,45.828690252407625,57.07655166805567,28.602710804876118,3.0607827069402234,65.56208878643596,Unfeasible shape,GPSampler,PRUNED
3360,3360,6.0,2026-04-21 18:52:05.503532,2026-04-21 18:52:05.700859,0 days 00:00:00.197327,-36.77940505981102,20.77735981603773,35.161709811405494,100.0,42.622903297600125,28.887314910921063,-60.42338396839398,45.596263821105524,57.04202988382404,28.48752641387949,3.093854362329992,65.67050013347858,Unfeasible shape,GPSampler,PRUNED
3361,3361,6.0,2026-04-21 18:52:05.862159,2026-04-21 18:52:06.010574,0 days 00:00:00.148415,-36.63758419190309,20.893592769358975,34.767418587109375,100.0,42.43508636907683,29.299198189771495,-60.42424503768639,45.93379965266499,56.928317609885724,28.413474605168386,3.0915751189136387,65.66501329886654,Unfeasible shape,GPSampler,PRUNED
3362,3362,6.0,2026-04-21 18:52:06.179291,2026-04-21 18:52:06.307908,0 days 00:00:00.128617,-36.79534975109811,20.956772639660084,34.9004419808398,100.0,42.787294217835125,29.299068202839962,-60.41339387528334,45.666829400511276,57.207448292511046,28.554459855254695,3.138811826057619,65.68737733744744,Unfeasible shape,GPSampler,PRUNED
3363,3363,6.0,2026-04-21 18:52:06.463095,2026-04-21 18:52:06.645305,0 days 00:00:00.182210,-36.7496990259039,20.936501305334072,34.684818059846194,100.0,42.71393718577537,28.973238101353935,-60.19832284740014,46.16860190697692,57.28949362664552,28.26125886480723,3.1203301272313766,65.87119714915511,Unfeasible shape,GPSampler,PRUNED
3364,3364,6.0,2026-04-21 18:52:06.827586,2026-04-21 18:52:06.973636,0 days 00:00:00.146050,-36.70589498959854,20.736180348945773,34.94534997349744,100.0,42.862989791430024,29.215610870444806,-60.083757790323205,46.11351621242302,56.88556408008319,28.81051556936013,3.0857787606058906,65.53835617599495,Unfeasible shape,GPSampler,PRUNED
3365,3365,6.0,2026-04-21 18:52:07.137164,2026-04-21 18:52:07.290412,0 days 00:00:00.153248,-36.815926186413584,20.928313922660735,34.89479787807528,100.0,42.74565490472717,28.76520171189,-60.40613181236198,45.85176807474917,57.001707783775146,28.57397517393646,3.0433643929729044,65.55051701975792,Unfeasible shape,GPSampler,PRUNED
3366,3366,6.0,2026-04-21 18:52:07.465774,2026-04-21 18:52:07.595873,0 days 00:00:00.130099,-36.7774194043359,20.9040391556777,34.66917581904168,100.0,42.6428357296104,29.238351428974113,-60.383979075672045,46.01537173889609,57.240034175892205,28.1351222212424,3.1359841612336012,65.84235550034153,Unfeasible shape,GPSampler,PRUNED
3367,3367,6.0,2026-04-21 18:52:07.788870,2026-04-21 18:52:07.995408,0 days 00:00:00.206538,-36.80222481415832,20.921588408987297,34.803404933232784,100.0,42.746980711177336,28.995988091163916,-60.31428717624233,45.852018514146096,57.18170485380606,28.566009757973486,3.115398490291035,65.76078679120391,Unfeasible shape,GPSampler,PRUNED
3368,3368,6.0,2026-04-21 18:52:08.162468,2026-04-21 18:52:08.334542,0 days 00:00:00.172074,-36.65973357299646,20.588789110236647,35.167954528954134,100.0,42.34398976799114,29.29041544789188,-60.16462849856052,45.394944414792256,56.90160137449297,27.909987105261262,3.2199915424432604,65.1796613113666,Unfeasible shape,GPSampler,PRUNED
3369,3369,6.0,2026-04-21 18:52:08.550931,2026-04-21 18:52:08.691850,0 days 00:00:00.140919,-36.91003213555139,21.4991500902371,34.646367870818935,100.0,42.98349794484814,29.057086113728666,-60.374363414108025,46.09921607066359,57.18439792862026,28.266864153857753,3.143989752769194,65.4526489283261,Unfeasible shape,GPSampler,PRUNED
3370,3370,6.0,2026-04-21 18:52:08.895546,2026-04-21 18:52:09.096405,0 days 00:00:00.200859,-36.789681403772036,21.000546277807814,34.90816898069202,100.0,42.78136602871535,29.019803654062507,-60.40081263521244,45.873930663132455,57.16899765562299,28.44655215449759,3.127163126177855,65.68581079705294,Unfeasible shape,GPSampler,PRUNED
3371,3371,6.0,2026-04-21 18:52:09.286186,2026-04-21 18:52:09.432319,0 days 00:00:00.146133,-36.827485797872946,20.989921638974927,34.9833972011079,100.0,42.640584681500705,29.09411414384587,-60.36517271411475,45.766682214305845,57.22327039678188,28.479828422393734,3.1120842177412698,65.7287272247872,Unfeasible shape,GPSampler,PRUNED
3372,3372,6.0,2026-04-21 18:52:09.632579,2026-04-21 18:52:09.735893,0 days 00:00:00.103314,-36.81693879529869,20.762962053523786,35.201496675634445,99.87135997491615,42.979604096671956,28.944101917026018,-60.25299216211548,45.81805991892669,56.89002571361504,29.00250344995099,3.160520023557879,65.42708274148302,Unfeasible shape,GPSampler,PRUNED
3373,3373,6.0,2026-04-21 18:52:10.001943,2026-04-21 18:52:10.167220,0 days 00:00:00.165277,-36.85714208896636,20.858179974087296,34.91842286137526,100.0,42.6718570424557,29.056169816222862,-60.318622311930724,46.111605321448856,57.41134363539006,28.20992998225516,3.1417299177266997,65.75320805302086,Unfeasible shape,GPSampler,PRUNED
3374,3374,6.0,2026-04-21 18:52:10.444262,2026-04-21 18:52:10.593963,0 days 00:00:00.149701,-36.65039955271895,20.91754505895641,34.606070720428775,100.0,42.89421319658739,28.66435299380133,-60.56257127182036,46.09358846651211,56.703478634841645,28.118893771579646,3.109205346098811,65.5468533265055,Unfeasible shape,GPSampler,PRUNED
3375,3375,6.0,2026-04-21 18:52:10.780509,2026-04-21 18:52:10.992157,0 days 00:00:00.211648,-36.9314251674842,20.84117908443419,34.73101851372072,100.0,42.840338420106924,29.13092046371756,-60.317260971659195,45.677574367072964,57.11023149679497,28.427213906039743,3.137441927318598,65.81143826267059,Unfeasible shape,GPSampler,PRUNED
3376,3376,6.0,2026-04-21 18:52:11.197097,2026-04-21 18:52:11.440979,0 days 00:00:00.243882,-36.79436615180799,21.144643540268518,34.721698274518204,100.0,42.96168999221726,29.24204793018543,-60.18237270971427,45.553664283835424,57.081908371839994,28.36019589836484,3.119852703805627,65.9182259641141,Unfeasible shape,GPSampler,PRUNED
3377,3377,6.0,2026-04-21 18:52:11.601837,2026-04-21 18:52:11.771721,0 days 00:00:00.169884,-36.719780753306694,21.016995044743364,35.19432537422636,100.0,42.8934271316634,29.08457262784178,-60.198734733804834,46.020041351463824,57.07923610397684,28.545894391361433,3.1615450527428024,65.87026772548805,Unfeasible shape,GPSampler,PRUNED
3378,3378,6.0,2026-04-21 18:52:11.959740,2026-04-21 18:52:12.124476,0 days 00:00:00.164736,-36.83837408801457,21.14989639132076,34.930101027880795,100.0,42.89517345684791,28.789271943906982,-60.24338148380601,45.86587831429712,57.078347328702414,28.654076455483857,3.102403284615029,65.58283311268731,Unfeasible shape,GPSampler,PRUNED
3379,3379,6.0,2026-04-21 18:52:12.332951,2026-04-21 18:52:12.566139,0 days 00:00:00.233188,-36.76040229788366,21.3642924391688,34.59132514880106,100.0,42.9002406763804,28.925120387179604,-60.68449984482041,45.79991516412509,57.07075158896056,28.580342327859213,3.0700124027417246,65.64458228180195,Unfeasible shape,GPSampler,PRUNED
3380,3380,6.0,2026-04-21 18:52:12.753606,2026-04-21 18:52:12.891247,0 days 00:00:00.137641,-36.808686651287395,20.946358537343357,34.74456973997868,100.0,42.785105419682836,28.892019881007485,-60.29056722680501,45.89552943372385,57.103700572054336,28.58704393674097,3.14485571908034,65.85868865953113,Unfeasible shape,GPSampler,PRUNED
3381,3381,6.0,2026-04-21 18:52:13.099186,2026-04-21 18:52:13.251961,0 days 00:00:00.152775,-36.76926938250298,20.868089879413013,35.128415521773334,100.0,42.712301110136856,29.047306225518277,-60.24786087072217,45.9152877778519,57.13963643959044,28.465166060008357,3.0658486057546384,65.52393090360191,Unfeasible shape,GPSampler,PRUNED
3382,3382,6.0,2026-04-21 18:52:13.426728,2026-04-21 18:52:13.603377,0 days 00:00:00.176649,-36.83819565642136,20.937127798659148,34.57588345469665,100.0,42.62338916629901,29.128273261923702,-60.39157308465817,45.96806575191842,57.19911195835852,28.13126234766993,3.096828526903792,65.83449668866183,Unfeasible shape,GPSampler,PRUNED
3383,3383,6.0,2026-04-21 18:52:13.788623,2026-04-21 18:52:13.938925,0 days 00:00:00.150302,-36.59018339726727,20.482203940166457,35.27045676875402,100.0,43.501557353973915,28.68142025959458,-60.1745382094462,46.0318468091249,56.83277962477102,28.811195060889112,3.0327046786837855,65.55620428008699,Unfeasible shape,GPSampler,PRUNED
3384,3384,6.0,2026-04-21 18:52:14.132218,2026-04-21 18:52:14.218474,0 days 00:00:00.086256,-36.787386929149314,21.326293836576212,34.79843343489561,100.0,42.36472860409384,29.32512558689821,-60.25235918220537,45.80157629081789,57.45026181015453,28.60960020248976,3.1270892629783233,65.72093545115692,Unfeasible shape,GPSampler,PRUNED
3385,3385,6.0,2026-04-21 18:52:14.418770,2026-04-21 18:52:14.588372,0 days 00:00:00.169602,-36.72094999020449,20.992052458552074,34.891231530179795,100.0,42.7759951511859,28.772612529799908,-60.40361758258089,46.0560428357115,57.270068072755805,28.592653707409607,3.0750816188063723,65.66340370290855,Unfeasible shape,GPSampler,PRUNED
3386,3386,6.0,2026-04-21 18:52:14.870733,2026-04-21 18:52:15.040578,0 days 00:00:00.169845,-36.487252601724286,21.275740131631814,35.610870184585195,99.99088006497357,42.5334341307198,28.436618785924033,-59.99287122264083,44.85727566186602,57.30016613176273,28.67992378560977,3.06847094673212,65.60131982117117,Unfeasible shape,GPSampler,PRUNED
3387,3387,6.0,2026-04-21 18:52:15.227868,2026-04-21 18:52:15.373782,0 days 00:00:00.145914,-36.75938876069902,21.258208117820423,34.649042266701414,100.0,42.70637849959958,29.06579978696964,-60.48927027415923,45.92660632368307,57.183745093434645,28.440037789170184,3.1360294034333336,65.73398031590963,Unfeasible shape,GPSampler,PRUNED
3388,3388,6.0,2026-04-21 18:52:15.548998,2026-04-21 18:52:15.701293,0 days 00:00:00.152295,-36.785078512272015,21.098620106033657,34.875798139505676,100.0,42.668162860252956,29.119479788172256,-60.296364410426804,45.943478514994894,57.15482538487464,28.50709079172056,3.148771395687163,65.74122070881933,Unfeasible shape,GPSampler,PRUNED
3389,3389,6.0,2026-04-21 18:52:15.972020,2026-04-21 18:52:16.147051,0 days 00:00:00.175031,-36.839664642521996,21.21698934475191,34.71088855176931,100.0,42.81601091309769,28.994357411100445,-60.49850855775899,45.87209329924374,57.121575573624376,28.472259667955157,3.1455302030810657,65.71367178573696,Unfeasible shape,GPSampler,PRUNED
3390,3390,6.0,2026-04-21 18:52:16.328573,2026-04-21 18:52:16.496430,0 days 00:00:00.167857,-36.80584367111585,21.172165798728102,34.80354367505763,100.0,42.693440125216675,28.998811729973553,-60.39207867250154,45.970091762043886,57.201433763706824,28.32077545319544,3.11718413861923,65.6376569297583,Unfeasible shape,GPSampler,PRUNED
3391,3391,6.0,2026-04-21 18:52:16.749281,2026-04-21 18:52:16.899619,0 days 00:00:00.150338,-36.811596937505335,20.970865441843053,35.04126879365077,100.0,42.740716061973956,28.768244158193333,-60.33099447900484,45.91961660629288,57.10369319466682,28.78474271557806,3.051121618157879,65.56526367969028,Unfeasible shape,GPSampler,PRUNED
3392,3392,6.0,2026-04-21 18:52:17.076682,2026-04-21 18:52:17.210507,0 days 00:00:00.133825,-36.802469967957684,20.999833733998624,34.75738979656725,100.0,42.8516046279778,28.953692042650488,-60.3682079217308,45.95649717503968,57.17923771456986,28.281281293149732,3.1080686010099257,65.70564664736891,Unfeasible shape,GPSampler,PRUNED
3393,3393,6.0,2026-04-21 18:52:17.374355,2026-04-21 18:52:17.546492,0 days 00:00:00.172137,-36.68504701768899,21.880456151126644,34.52410635037275,100.0,43.1771339549506,28.665620588076898,-60.53949235590839,45.91437956474928,57.089979908131724,28.984587930868642,3.119582330156021,65.76549365125393,Unfeasible shape,GPSampler,PRUNED
3394,3394,6.0,2026-04-21 18:52:17.722832,2026-04-21 18:52:17.871099,0 days 00:00:00.148267,-36.83371462915109,20.952041106955644,34.81040623590373,100.0,42.672543785287715,29.219366734856983,-60.29858137162796,46.046034415087036,57.37086027354773,28.26085288803842,3.13369135589582,65.98863881103956,Unfeasible shape,GPSampler,PRUNED
3395,3395,6.0,2026-04-21 18:52:18.069488,2026-04-21 18:52:18.248115,0 days 00:00:00.178627,-36.792948293133584,21.001036007379795,34.95821312010643,100.0,42.91250962967253,28.889572972244906,-60.01173490659019,46.1879353594902,57.19979889475172,28.285337722701893,3.13198303721434,65.83441958225231,Unfeasible shape,GPSampler,PRUNED
3396,3396,6.0,2026-04-21 18:52:18.438555,2026-04-21 18:52:18.622094,0 days 00:00:00.183539,-36.7235310948541,21.10135386627755,34.989491378980645,99.83158713769282,42.6045337146491,29.31044902933204,-60.21199544207184,45.42616938183582,57.44682236727104,28.274823242652637,2.9713578169496913,64.55928845895801,Unfeasible shape,GPSampler,PRUNED
3397,3397,6.0,2026-04-21 18:52:18.797871,2026-04-21 18:52:18.974282,0 days 00:00:00.176411,-36.86408081403362,20.790008048838814,35.194910258845006,100.0,42.75408153041148,29.035818652302375,-60.30606780556121,45.78609238942412,56.70972701179289,28.424603462296922,3.148458967777536,65.56304740236027,Unfeasible shape,GPSampler,PRUNED
3398,3398,6.0,2026-04-21 18:52:19.179263,2026-04-21 18:52:19.319841,0 days 00:00:00.140578,-36.75743695516923,21.01413074930723,34.89671973076759,100.0,42.90522494818112,29.136880603479632,-60.3661884963664,45.84652057146851,57.055362968867556,28.30072322626515,3.117775807037674,65.66686155654243,Unfeasible shape,GPSampler,PRUNED
