,number,value,datetime_start,datetime_complete,duration,params_lLegPt.rA1,params_lLegPt.rL0,params_lLegPt.rL1,params_lLegPt.rL2,params_lLegPt.x1,params_lLegPt.y1,params_sLegPt.rA1,params_sLegPt.rL0,params_sLegPt.rL1,params_sLegPt.rL2,params_sLegPt.x1,params_sLegPt.y1,user_attrs_prune,system_attrs_auto:sampler,state
2695,2695,6.0,2026-04-21 18:48:10.413973,2026-04-21 18:48:10.531197,0 days 00:00:00.117224,-36.730513665749,21.075765051281714,34.819554937569436,100.0,43.68979107826732,28.117479262831957,-60.358425256856705,46.096427994100914,56.76956074553965,28.592661249977578,3.130791340554474,65.48916352921013,Unfeasible shape,GPSampler,PRUNED
2696,2696,6.0,2026-04-21 18:48:10.680819,2026-04-21 18:48:10.830961,0 days 00:00:00.150142,-36.84987441825309,21.17633070663949,34.54724249058606,100.0,42.702527872054624,29.785403044196435,-60.3620822917423,45.86392081211625,57.27915096009076,28.028876305044314,3.2625734300933615,66.16897086667527,Unfeasible shape,GPSampler,PRUNED
2697,2697,6.0,2026-04-21 18:48:11.007583,2026-04-21 18:48:11.178646,0 days 00:00:00.171063,-36.95249288547681,21.389011926871774,34.25947838451649,100.0,42.41402547344111,29.03100272607535,-60.40476453253352,45.62825029205845,57.178754105227206,28.55887079600314,3.2044487658173253,66.43671760873488,Unfeasible shape,GPSampler,PRUNED
2698,2698,6.0,2026-04-21 18:48:11.402003,2026-04-21 18:48:11.554398,0 days 00:00:00.152395,-36.84744023871017,21.011948988203763,35.210559453687296,100.0,42.92699296028655,28.998852010667818,-60.27970945283049,45.96243384028965,57.03307116888054,28.665485607694656,3.072313007240652,65.56795608421231,Unfeasible shape,GPSampler,PRUNED
2699,2699,6.0,2026-04-21 18:48:11.757885,2026-04-21 18:48:11.894406,0 days 00:00:00.136521,-37.149594264414404,21.79902605261176,35.20252327645487,100.0,43.167488581107904,28.987199073168718,-60.46031532173372,46.109418369042864,57.22541071825334,27.98315090738811,3.038990400525371,65.77538193112939,Unfeasible shape,GPSampler,PRUNED
2700,2700,6.0,2026-04-21 18:48:12.075940,2026-04-21 18:48:12.226312,0 days 00:00:00.150372,-36.664319830035126,20.982142066112168,34.841685824611105,100.0,42.800930010934195,29.2519763330169,-60.329569515945565,45.87243293876495,57.123220655593194,28.21601250947076,3.1016606596693634,65.91574623272429,Unfeasible shape,GPSampler,PRUNED
2701,2701,6.0,2026-04-21 18:48:12.409229,2026-04-21 18:48:12.594116,0 days 00:00:00.184887,-36.77657905986726,21.23956991899608,35.335847323729666,100.0,42.01414993467004,28.795588101512152,-60.46166852581413,45.777440903342935,56.95488291856787,28.65541965486367,3.1193660884102243,65.62977893693635,Unfeasible shape,GPSampler,PRUNED
2702,2702,6.0,2026-04-21 18:48:12.787220,2026-04-21 18:48:12.946176,0 days 00:00:00.158956,-36.81305818970492,21.1326366652602,34.8925670423353,100.0,42.654380796559465,29.015989832781976,-60.438772029686376,46.00438697556797,57.11816107988753,28.323672964505384,3.02241465143085,65.59260249987271,Unfeasible shape,GPSampler,PRUNED
2703,2703,6.0,2026-04-21 18:48:13.142824,2026-04-21 18:48:13.302335,0 days 00:00:00.159511,-36.727547198381586,21.2986807364587,33.82749537232634,100.0,42.85909841219056,29.318386412708982,-60.58285179959548,46.05987754329311,57.43214734649101,27.585757347123206,3.2018988856899355,66.29944918278564,Unfeasible shape,GPSampler,PRUNED
2704,2704,6.0,2026-04-21 18:48:13.512272,2026-04-21 18:48:13.675104,0 days 00:00:00.162832,-36.799279720096756,20.961789419778306,35.24044169377497,100.0,42.74914991703823,29.41663787540982,-60.383751374721584,45.96170066212644,57.08066347568139,28.684977348074224,3.1801241939646374,65.96260958845339,Unfeasible shape,GPSampler,PRUNED
2705,2705,6.0,2026-04-21 18:48:13.838151,2026-04-21 18:48:14.000788,0 days 00:00:00.162637,-36.793831453251144,21.07220546096292,34.69809638913972,100.0,42.744836232533665,29.080369390898554,-60.38498074776204,46.07905460942917,57.20236172665395,28.439998682553647,3.1041383537265332,65.79412119168872,Unfeasible shape,GPSampler,PRUNED
2706,2706,6.0,2026-04-21 18:48:14.202262,2026-04-21 18:48:14.343028,0 days 00:00:00.140766,-36.771043095893006,21.00452470896297,34.68759268595379,100.0,42.577799523271196,28.949130210707082,-60.38624315790841,45.9840559577472,57.150549214563235,28.367809932489255,3.0978573137839263,65.74881308284088,Unfeasible shape,GPSampler,PRUNED
2707,2707,6.0,2026-04-21 18:48:14.510912,2026-04-21 18:48:14.632315,0 days 00:00:00.121403,-36.77971609148494,21.03539991634988,34.79215487845691,100.0,42.86775552472208,29.052946834978748,-60.409747411795834,45.964938450525,57.12096939185667,28.429356595471067,3.1276144275081137,65.76672876397394,Unfeasible shape,GPSampler,PRUNED
2708,2708,6.0,2026-04-21 18:48:14.816889,2026-04-21 18:48:14.961777,0 days 00:00:00.144888,-37.159850762493015,20.891994929179884,34.73347002795779,100.0,42.62933374854959,29.43790448371795,-60.77412353674235,46.298110635698244,57.19619512409913,28.63854879301374,3.1316732418025666,65.90954915960398,Unfeasible shape,GPSampler,PRUNED
2709,2709,6.0,2026-04-21 18:48:15.165287,2026-04-21 18:48:15.317848,0 days 00:00:00.152561,-36.88708275970153,21.42739979121334,34.92010491803143,100.0,43.171940874263974,28.87081446702242,-60.29055059631221,46.45634295974844,56.89122960845429,28.4005901786091,3.0171804364154298,65.7675911950928,Unfeasible shape,GPSampler,PRUNED
2710,2710,6.0,2026-04-21 18:48:15.531772,2026-04-21 18:48:15.666191,0 days 00:00:00.134419,-36.688803700274036,21.356798864406876,35.09038121971154,100.0,42.654914846947094,29.213809947439366,-60.510479803833746,45.78852768875504,57.09082017952567,28.52180748576086,3.118706663305076,65.39303825829434,Unfeasible shape,GPSampler,PRUNED
2711,2711,6.0,2026-04-21 18:48:15.825239,2026-04-21 18:48:16.014887,0 days 00:00:00.189648,-36.801409921827165,20.96148135347675,34.916186130498495,100.0,42.64248627578303,28.94073965535697,-60.283185890738636,46.047639420218516,57.185380820547145,28.63390398278714,3.046225039112649,65.60652057995566,Unfeasible shape,GPSampler,PRUNED
2712,2712,6.0,2026-04-21 18:48:16.204562,2026-04-21 18:48:16.363204,0 days 00:00:00.158642,-36.8924740434513,21.134514519198035,34.70089568840646,100.0,42.77333202835836,29.249318867956028,-60.467398636139464,46.160851328126,57.04007665226719,28.524113159003235,3.1006511987283574,65.75301805368412,Unfeasible shape,GPSampler,PRUNED
2713,2713,6.0,2026-04-21 18:48:16.612730,2026-04-21 18:48:16.767870,0 days 00:00:00.155140,-36.856241931789334,21.503621825646626,34.75358705581856,100.0,42.76706174403692,29.134307860012818,-60.45401845362777,45.90692633916903,57.13384605929127,28.569687256531886,3.0646556628375805,65.59136844486096,Unfeasible shape,GPSampler,PRUNED
2714,2714,6.0,2026-04-21 18:48:17.082054,2026-04-21 18:48:17.183460,0 days 00:00:00.101406,-36.765458159164226,21.050756008898688,34.91574967011118,100.0,43.15414952993909,28.822878706987247,-60.41185083321698,45.79321838058509,57.118777455784574,28.50821714835755,3.082888182471663,65.63536042410891,Unfeasible shape,GPSampler,PRUNED
2715,2715,6.0,2026-04-21 18:48:17.396309,2026-04-21 18:48:17.532442,0 days 00:00:00.136133,-36.90544319433392,21.007898165845177,34.172827734902086,100.0,42.88700041600001,29.232653541845252,-60.505610295804644,45.85584974095314,57.087386489218765,28.373529252436924,3.1894863960499364,65.96438763214285,Unfeasible shape,GPSampler,PRUNED
2716,2716,6.0,2026-04-21 18:48:17.714447,2026-04-21 18:48:17.874429,0 days 00:00:00.159982,-36.81581799915289,21.480015402172953,34.57448354897221,100.0,42.8091816305339,29.458612563888657,-60.48191364504441,45.83186600215538,57.373245222876236,28.102546868730343,3.235796780785506,65.96237480879101,Unfeasible shape,GPSampler,PRUNED
2717,2717,6.0,2026-04-21 18:48:18.061007,2026-04-21 18:48:18.190227,0 days 00:00:00.129220,-36.745819198644945,20.641751018340358,34.81250791286497,100.0,42.6765016032384,29.000350798897344,-60.16742897586034,45.79670342688922,56.965411614494194,28.61532868159224,3.1247820205536243,65.59707890702016,Unfeasible shape,GPSampler,PRUNED
2718,2718,6.0,2026-04-21 18:48:18.383902,2026-04-21 18:48:18.563006,0 days 00:00:00.179104,-36.85426609853012,20.92300597429789,34.989484987966605,100.0,43.28486369143994,29.44596053659035,-60.06082113701221,46.335071037943635,57.07123830334634,28.220970184589774,3.0111610166779172,65.40862958560503,Unfeasible shape,GPSampler,PRUNED
2719,2719,6.0,2026-04-21 18:48:18.732788,2026-04-21 18:48:18.887288,0 days 00:00:00.154500,-36.85138856872621,20.47085473464074,34.94898484394991,100.0,42.61655339340577,28.913828271880924,-60.32411135618614,45.500074754608384,57.00238904667424,28.973439549926645,3.0876932586484145,65.57835951143099,Unfeasible shape,GPSampler,PRUNED
2720,2720,6.0,2026-04-21 18:48:19.065177,2026-04-21 18:48:19.217169,0 days 00:00:00.151992,-36.75860492714964,21.173428008644123,34.65615614114443,100.0,42.927687460230985,29.1423596411165,-60.42387400152897,45.81945895450383,57.14171859642719,28.298388598226563,3.144129904955797,65.77301787371455,Unfeasible shape,GPSampler,PRUNED
2721,2721,6.0,2026-04-21 18:48:19.401053,2026-04-21 18:48:19.583128,0 days 00:00:00.182075,-36.81221276021357,21.01752321514762,34.789441544601786,100.0,42.75210639349696,28.920503904487354,-60.30174081189827,45.97551678702592,57.20421753447123,28.628207270026163,3.095316395542838,65.67456122013088,Unfeasible shape,GPSampler,PRUNED
2722,2722,6.0,2026-04-21 18:48:19.745174,2026-04-21 18:48:19.906512,0 days 00:00:00.161338,-36.87814629707904,20.80599458807169,34.95913318307183,100.0,42.91228780445515,28.740194699713513,-60.267248475509106,46.05590542068763,56.995196940170544,28.61297696988859,3.077466195264705,65.75345869277005,Unfeasible shape,GPSampler,PRUNED
2723,2723,6.0,2026-04-21 18:48:20.079433,2026-04-21 18:48:20.214930,0 days 00:00:00.135497,-36.779993332068074,20.91309225987765,34.87865295559884,100.0,42.76208624916651,29.022978731320357,-60.34476672685357,45.91281888627282,57.14041147705106,28.488543593010185,3.1143421598325958,65.68267800854149,Unfeasible shape,GPSampler,PRUNED
2724,2724,6.0,2026-04-21 18:48:20.444918,2026-04-21 18:48:20.684540,0 days 00:00:00.239622,-36.849626828178344,20.717660212160656,35.135072467394465,100.0,42.37861515187246,28.694019297561013,-60.48473414209407,45.408225525996635,57.07460827586623,28.630901307006244,3.176239829193918,66.0168548457249,Unfeasible shape,GPSampler,PRUNED
2725,2725,6.0,2026-04-21 18:48:20.888612,2026-04-21 18:48:21.073631,0 days 00:00:00.185019,-36.67676271602608,21.376952135203464,35.23062916295659,100.0,42.558383907956966,28.778977635893014,-60.39222600034278,46.07694718173051,57.25007300065165,28.578162605481406,3.0501338878318762,65.52071344595238,Unfeasible shape,GPSampler,PRUNED
2726,2726,6.0,2026-04-21 18:48:21.375948,2026-04-21 18:48:21.520598,0 days 00:00:00.144650,-36.72336609929611,21.091937601151262,34.29669780189605,100.0,43.25876671396386,28.860473246348697,-60.49865195610771,46.26353388625869,57.25050837147405,27.919836428890292,3.128564839661813,66.23568449354677,Unfeasible shape,GPSampler,PRUNED
2727,2727,6.0,2026-04-21 18:48:21.703911,2026-04-21 18:48:21.864429,0 days 00:00:00.160518,-36.60112394277043,21.2583185370213,34.97525464220387,100.0,42.71450377504819,28.81162394774627,-60.49397789513776,45.8125750798647,56.916635314311215,28.61725654009634,3.0332483967659485,65.3761445136235,Unfeasible shape,GPSampler,PRUNED
2728,2728,6.0,2026-04-21 18:48:22.051462,2026-04-21 18:48:22.204521,0 days 00:00:00.153059,-36.81815529849474,21.07260965522816,34.83609948616112,100.0,42.84776800720244,28.942812003281794,-60.40096461490725,45.922478710835996,57.13342205771311,28.507754452617846,3.083485675876915,65.6185738396476,Unfeasible shape,GPSampler,PRUNED
2729,2729,6.0,2026-04-21 18:48:22.439362,2026-04-21 18:48:22.593282,0 days 00:00:00.153920,-36.80583263336604,20.93410486879067,34.67435635566018,100.0,42.75977205328698,29.203927069736096,-60.214815114363255,46.0929856461897,57.311314848818256,28.048034946242282,3.1590898044670155,65.87491621194486,Unfeasible shape,GPSampler,PRUNED
2730,2730,6.0,2026-04-21 18:48:22.782235,2026-04-21 18:48:23.012562,0 days 00:00:00.230327,-36.59790590966847,20.828788235734404,34.921561611704334,100.0,42.84138204750628,28.88358094232828,-60.489990853858004,45.79953578181037,56.79561867509093,28.538391692096496,3.078745947698863,65.72414589810266,Unfeasible shape,GPSampler,PRUNED
2731,2731,6.0,2026-04-21 18:48:23.204263,2026-04-21 18:48:23.412470,0 days 00:00:00.208207,-37.001129910929585,20.891929897602424,34.88132557468509,100.0,42.908893336730706,29.11818598687241,-60.3431741824446,45.97722507283971,57.508134958330594,28.587102671796195,3.041900893771917,65.66926696701131,Unfeasible shape,GPSampler,PRUNED
2732,2732,6.0,2026-04-21 18:48:23.605463,2026-04-21 18:48:23.763922,0 days 00:00:00.158459,-36.80897850823634,21.079315444839757,34.80192116042235,100.0,42.786153587799554,28.86016936926032,-60.21823864376006,46.050131634659145,57.1208704680149,28.475958980676797,3.0920316294264154,65.55252839350614,Unfeasible shape,GPSampler,PRUNED
2733,2733,6.0,2026-04-21 18:48:24.039580,2026-04-21 18:48:24.150607,0 days 00:00:00.111027,-36.70595357986993,20.979142054638316,34.67285029505908,100.0,42.50828222194255,29.12388626056962,-60.3948468817339,45.881278430019734,57.12085274613762,28.239190580319292,3.1863021113808614,66.0407144014793,Unfeasible shape,GPSampler,PRUNED
2734,2734,6.0,2026-04-21 18:48:24.321770,2026-04-21 18:48:24.467365,0 days 00:00:00.145595,-36.7761700344886,21.071211429315476,34.837392694480506,100.0,42.73529110635872,29.020593626562054,-60.3542696094205,45.93865455498379,57.18576043094211,28.524443269266143,3.1186298324668655,65.71640043749616,Unfeasible shape,GPSampler,PRUNED
2735,2735,6.0,2026-04-21 18:48:24.649776,2026-04-21 18:48:24.838409,0 days 00:00:00.188633,-36.77852060272122,21.319767694391555,34.42941143047109,100.0,42.72627744085812,29.372258453439024,-60.52192204529835,46.149756749415445,57.393999225522585,28.13371457274123,3.21937014590889,65.80075231788516,Unfeasible shape,GPSampler,PRUNED
2736,2736,6.0,2026-04-21 18:48:25.022870,2026-04-21 18:48:25.161883,0 days 00:00:00.139013,-36.61210669541991,21.5605819399035,34.36071552231242,100.0,42.84244686327902,29.069152877428806,-60.62506768680314,45.83044641013855,57.18900109929567,28.290875231485312,3.256324111175168,66.29193498046814,Unfeasible shape,GPSampler,PRUNED
2737,2737,6.0,2026-04-21 18:48:25.317838,2026-04-21 18:48:25.473898,0 days 00:00:00.156060,-36.85345261503889,20.916691679479484,34.36087785290401,100.0,43.000915101197435,29.353203317881416,-60.25967480457328,45.77714113172881,57.4414353869965,27.74052914219037,3.2158988238474535,65.8062270195875,Unfeasible shape,GPSampler,PRUNED
2738,2738,6.0,2026-04-21 18:48:25.658838,2026-04-21 18:48:25.836516,0 days 00:00:00.177678,-36.67849584352773,21.622860626801774,34.76004896175921,100.0,43.14828299723691,29.16950114369056,-59.78661679267057,46.441042389924235,57.276564925175954,27.983133516932895,3.157724992098487,65.44308766862821,Unfeasible shape,GPSampler,PRUNED
2739,2739,6.0,2026-04-21 18:48:26.057324,2026-04-21 18:48:26.187362,0 days 00:00:00.130038,-36.779806236789824,20.940769910350973,34.686553117810135,100.0,42.616302643835084,29.240027790403474,-60.31563156849387,46.164678750437545,57.30560884266661,28.00336902332617,3.160906216172968,65.77967344220124,Unfeasible shape,GPSampler,PRUNED
2740,2740,6.0,2026-04-21 18:48:26.413528,2026-04-21 18:48:26.586208,0 days 00:00:00.172680,-36.616481426851145,21.105166197087634,34.5828993470399,100.0,42.87389744532122,29.047851536303853,-60.55769366037455,45.82756661466342,57.24739822368105,28.320400083837665,3.0964762177471954,65.58428618310059,Unfeasible shape,GPSampler,PRUNED
2741,2741,6.0,2026-04-21 18:48:26.771974,2026-04-21 18:48:26.892321,0 days 00:00:00.120347,-36.79628664775641,20.67855953525246,34.729182277662005,100.0,42.768505242897334,29.152589216024268,-60.417300067472155,45.94531118260316,57.129459899508724,28.220121757940316,3.1178917830708457,65.76294175633794,Unfeasible shape,GPSampler,PRUNED
2742,2742,6.0,2026-04-21 18:48:27.130020,2026-04-21 18:48:27.254780,0 days 00:00:00.124760,-36.72800015830458,21.317183744699623,34.23974120886993,100.0,42.58808289373429,29.3344159953903,-60.61206538654439,45.86317511734578,57.11208851706626,27.97503155656365,3.170563191729812,66.12046809055485,Unfeasible shape,GPSampler,PRUNED
2743,2743,6.0,2026-04-21 18:48:27.434709,2026-04-21 18:48:27.594243,0 days 00:00:00.159534,-36.68331423414422,21.117072311859637,34.812466312098344,100.0,42.65749463898122,29.08356292907201,-60.4628554181694,46.021266678617465,57.20398743406235,28.411971594362537,3.157880415810638,65.70521358792725,Unfeasible shape,GPSampler,PRUNED
2744,2744,6.0,2026-04-21 18:48:27.816939,2026-04-21 18:48:27.975074,0 days 00:00:00.158135,-36.79794104688296,21.14543291630909,34.723104143403866,100.0,42.80399687874494,29.07082520103865,-60.36306095150209,46.00580858377543,57.24478206376149,28.400249644242017,3.10587305227957,65.62361936080075,Unfeasible shape,GPSampler,PRUNED
2745,2745,6.0,2026-04-21 18:48:28.142091,2026-04-21 18:48:28.280750,0 days 00:00:00.138659,-36.78785575994148,20.76649664015007,34.841199785594654,100.0,42.701080517771246,28.837637616525107,-60.302690564290984,45.96231132506606,57.1569222941212,28.433361935335075,3.0972901944706948,65.66400720670943,Unfeasible shape,GPSampler,PRUNED
2746,2746,6.0,2026-04-21 18:48:28.483975,2026-04-21 18:48:28.606279,0 days 00:00:00.122304,-36.66467791203638,20.49089057145605,35.19912921731367,100.0,42.40694769930132,28.53960443582414,-60.16002015811327,45.93162304221882,56.97047213340239,29.09412104572731,3.063979948592106,65.41290652899882,Unfeasible shape,GPSampler,PRUNED
2747,2747,6.0,2026-04-21 18:48:28.781509,2026-04-21 18:48:28.923416,0 days 00:00:00.141907,-36.797315851775146,20.885802051311458,35.047314438213,100.0,42.78528486163136,29.188384563206007,-60.29083629553418,45.96301513287944,56.96453884519834,28.496273981277348,3.112426650555456,65.55768863853356,Unfeasible shape,GPSampler,PRUNED
2748,2748,6.0,2026-04-21 18:48:29.127554,2026-04-21 18:48:29.267826,0 days 00:00:00.140272,-36.781311504787105,20.797470744413513,34.22321365488471,100.0,42.68858566338796,28.87587934196584,-60.37966009051091,45.52682521602384,57.50934982385203,28.353305756832277,3.1797869823441616,65.78750031198373,Unfeasible shape,GPSampler,PRUNED
2749,2749,6.0,2026-04-21 18:48:29.475610,2026-04-21 18:48:29.623288,0 days 00:00:00.147678,-36.71670086981848,20.72702183672329,35.14564257310322,100.0,43.03565633241879,28.890362795499115,-60.24655734017266,45.94478790706022,56.933137450200974,28.621284486639517,3.104228102478615,65.49981231057075,Unfeasible shape,GPSampler,PRUNED
2750,2750,6.0,2026-04-21 18:48:29.803277,2026-04-21 18:48:29.938815,0 days 00:00:00.135538,-36.85412795793626,20.750936999323528,34.99810071626855,100.0,42.84404720077628,29.17009646618569,-60.05733058556859,46.08416583619446,56.938936946634605,28.446828137091316,3.0598868804858554,65.3079461227368,Unfeasible shape,GPSampler,PRUNED
2751,2751,6.0,2026-04-21 18:48:30.125006,2026-04-21 18:48:30.238192,0 days 00:00:00.113186,-36.752960985551134,21.0054297803075,34.619297187343165,100.0,42.90322195586605,28.99840009989,-60.3942449924579,45.842378061269955,57.27009608327426,28.323166809910845,3.1581767239389364,65.9337260084369,Unfeasible shape,GPSampler,PRUNED
2752,2752,6.0,2026-04-21 18:48:30.396898,2026-04-21 18:48:30.546816,0 days 00:00:00.149918,-36.98712834022002,21.191621428843536,34.6698499229261,100.0,42.25816224971842,29.49897531790723,-60.57699874460161,45.57501464519263,57.28956113870701,28.20232815585419,3.2356851226737717,66.15339359899802,Unfeasible shape,GPSampler,PRUNED
2753,2753,6.0,2026-04-21 18:48:30.763105,2026-04-21 18:48:30.915518,0 days 00:00:00.152413,-36.87408063474088,20.95906296883561,34.79169341152276,100.0,42.68142154529735,29.176937340304093,-60.44308915877262,45.684605526561775,57.25584987837267,28.297454121907023,3.178175602721005,65.98381274363783,Unfeasible shape,GPSampler,PRUNED
2754,2754,6.0,2026-04-21 18:48:31.100546,2026-04-21 18:48:31.283239,0 days 00:00:00.182693,-36.6442677110378,21.37444834840091,34.52389761363324,100.0,42.61288562477016,29.573836509889503,-60.20146791126073,46.65482958644461,57.28360292690686,27.677571332114663,3.208392245137084,65.80983934309151,Unfeasible shape,GPSampler,PRUNED
2755,2755,6.0,2026-04-21 18:48:31.458408,2026-04-21 18:48:31.590590,0 days 00:00:00.132182,-36.68281941130185,20.816853867490963,35.02115979951901,99.94898713292963,42.46507785885525,28.135447334086408,-60.35449097043346,45.89726589099502,57.237051021285254,28.61179600196892,3.1516836596058724,65.46886055750244,Unfeasible shape,GPSampler,PRUNED
2756,2756,6.0,2026-04-21 18:48:31.770163,2026-04-21 18:48:31.918296,0 days 00:00:00.148133,-36.81199207306702,21.065971003628434,34.911537368124584,100.0,42.81684649296882,29.00152809119586,-60.240441397459094,45.92698619650491,57.09841605824315,28.569054852603237,3.099696517137147,65.57356928892804,Unfeasible shape,GPSampler,PRUNED
2757,2757,6.0,2026-04-21 18:48:32.100279,2026-04-21 18:48:32.247729,0 days 00:00:00.147450,-36.73374885978657,21.00384444858755,35.01612955261491,100.0,42.81570079938441,28.868870980138098,-60.36380754502494,45.922524107397564,57.052112080707445,28.470510796429608,3.0865338891601866,65.54499079578011,Unfeasible shape,GPSampler,PRUNED
2758,2758,6.0,2026-04-21 18:48:32.412069,2026-04-21 18:48:32.582538,0 days 00:00:00.170469,-36.72145441486095,21.090347652335495,34.75461944886084,100.0,42.66339454547431,29.01325896841334,-60.52633772221662,46.03886981258701,57.23985377608826,28.42624710579508,3.0867847333589467,65.65650010098472,Unfeasible shape,GPSampler,PRUNED
