,number,value,datetime_start,datetime_complete,duration,params_lLegPt.rA1,params_lLegPt.rL0,params_lLegPt.rL1,params_lLegPt.rL2,params_lLegPt.x1,params_lLegPt.y1,params_sLegPt.rA1,params_sLegPt.rL0,params_sLegPt.rL1,params_sLegPt.rL2,params_sLegPt.x1,params_sLegPt.y1,user_attrs_prune,system_attrs_auto:sampler,state
3463,3463,6.0,2026-04-21 18:52:42.634826,2026-04-21 18:52:42.796424,0 days 00:00:00.161598,-36.79316220062315,21.104727327468755,34.67698725978215,100.0,42.805112104416665,29.174609756004777,-60.36545731129305,46.010051288645926,57.27373718727896,28.27291536932228,3.136172690824118,65.73510476653755,Unfeasible shape,GPSampler,PRUNED
3464,3464,6.0,2026-04-21 18:52:43.018027,2026-04-21 18:52:43.160977,0 days 00:00:00.142950,-36.77799672583899,20.73088390912111,34.83341118609846,100.0,42.594674313079345,29.172693904796553,-60.5535963653016,45.871830703231076,57.29726812810936,28.435114575728576,3.067261715571945,65.60387239299747,Unfeasible shape,GPSampler,PRUNED
3465,3465,6.0,2026-04-21 18:52:43.346981,2026-04-21 18:52:43.519223,0 days 00:00:00.172242,-36.81178546052216,21.41761373405155,34.58693071785698,100.0,42.91558863660309,28.773813670532668,-60.69184911188452,45.888681097788414,57.21639699922744,28.59797144924803,3.1712540088984937,65.7110476573262,Unfeasible shape,GPSampler,PRUNED
3466,3466,6.0,2026-04-21 18:52:43.691257,2026-04-21 18:52:43.840804,0 days 00:00:00.149547,-36.81984344233998,20.81198791157537,34.91979786602652,100.0,42.78089396522543,29.00948651368911,-60.341655988491794,45.864957262416006,57.145458069087155,28.540292220523977,3.112786176531266,65.6612028233433,Unfeasible shape,GPSampler,PRUNED
3467,3467,6.0,2026-04-21 18:52:44.178861,2026-04-21 18:52:44.351532,0 days 00:00:00.172671,-36.79229562283534,20.85983618753657,34.87675229594883,100.0,42.71464929104099,28.98611687121094,-60.32985966564352,45.8854944144835,57.125094294956156,28.517039544360546,3.094274277575373,65.66915348378228,Unfeasible shape,GPSampler,PRUNED
3468,3468,6.0,2026-04-21 18:52:44.501493,2026-04-21 18:52:44.659882,0 days 00:00:00.158389,-36.662810835263315,20.91013662584026,34.53385743414475,100.0,42.679872918893295,29.302809396277944,-60.36792378628115,45.56162875722524,57.12941933716453,28.177761408856803,3.0800298533212285,65.71216562291094,Unfeasible shape,GPSampler,PRUNED
3469,3469,6.0,2026-04-21 18:52:44.841302,2026-04-21 18:52:44.984177,0 days 00:00:00.142875,-36.8576683646623,21.03722442611262,34.97001162141943,100.0,42.74492941521966,28.738657156221713,-60.323198462117794,45.88167834988103,57.05857902242656,28.519430652786784,3.1252838751128778,65.35867684687535,Unfeasible shape,GPSampler,PRUNED
3470,3470,6.0,2026-04-21 18:52:45.173804,2026-04-21 18:52:45.316212,0 days 00:00:00.142408,-36.766414037359525,21.031195045680388,34.988890038191826,100.0,42.6746380453262,28.94092104713785,-60.33599748186908,45.9245712250826,57.11578787754078,28.628496794089326,3.054551778914707,65.60283326790376,Unfeasible shape,GPSampler,PRUNED
3471,3471,6.0,2026-04-21 18:52:45.514406,2026-04-21 18:52:45.675953,0 days 00:00:00.161547,-36.818699163494614,21.216395103722324,34.823873754724744,100.0,42.69915753255219,29.021364059025878,-60.55261879078462,45.88338280774877,57.1507013568185,28.36167381890027,3.122016364463761,65.6159797594705,Unfeasible shape,GPSampler,PRUNED
3472,3472,6.0,2026-04-21 18:52:45.869209,2026-04-21 18:52:46.027077,0 days 00:00:00.157868,-36.85151264798264,20.950390158466544,34.86032006780725,100.0,42.77724983672882,28.60356924784609,-60.39403507781765,45.96149789283438,57.167645868333466,28.94340925771701,3.0207037149399483,65.49266838730617,Unfeasible shape,GPSampler,PRUNED
3473,3473,6.0,2026-04-21 18:52:46.220530,2026-04-21 18:52:46.416019,0 days 00:00:00.195489,-36.753283166811734,21.07580574701975,34.75166777774566,100.0,42.79438071201408,29.134568100283772,-60.361893826319246,45.89527843253853,57.096895280762745,28.403037782965733,3.1188083344203577,65.73593647752095,Unfeasible shape,GPSampler,PRUNED
3474,3474,6.0,2026-04-21 18:52:46.597795,2026-04-21 18:52:46.740697,0 days 00:00:00.142902,-36.71273161717137,21.18723831302332,34.781935061150094,100.0,42.83839284529233,29.068962472423465,-60.41997066934322,45.941897810931216,57.11151833349581,28.506655851168414,3.1079090190573737,65.61381000210814,Unfeasible shape,GPSampler,PRUNED
3475,3475,6.0,2026-04-21 18:52:46.912716,2026-04-21 18:52:47.071545,0 days 00:00:00.158829,-36.810162122370365,21.704560680953072,34.75276219947815,100.0,42.728835221124825,29.11935019142068,-60.475507303623914,46.02356231285452,57.15546089502448,28.4649010939277,3.109350369559138,65.33440876040483,Unfeasible shape,GPSampler,PRUNED
3476,3476,6.0,2026-04-21 18:52:47.328517,2026-04-21 18:52:47.533393,0 days 00:00:00.204876,-36.78475938684134,20.97663596703226,34.80699770531333,100.0,42.61984032868057,29.016217118528374,-60.33633861867388,45.99530269488047,57.26050743568768,28.512074409312785,3.113907446936544,65.74363685269319,Unfeasible shape,GPSampler,PRUNED
3477,3477,6.0,2026-04-21 18:52:47.723853,2026-04-21 18:52:47.892198,0 days 00:00:00.168345,-36.84686099685355,20.942692885360152,34.90538376990133,100.0,42.71524932126994,29.26547324267532,-60.40372064898009,45.88146788712475,57.03326513936204,28.549717007138195,3.0937251695537,65.5841363529209,Unfeasible shape,GPSampler,PRUNED
3478,3478,6.0,2026-04-21 18:52:48.056167,2026-04-21 18:52:48.214274,0 days 00:00:00.158107,-36.76505352552593,20.972597578640375,34.78213613468128,100.0,42.783786055802096,29.07809598576685,-60.39891001203178,45.820956042893485,57.10537392954116,28.498341680739976,3.1691414204258805,65.82794456174582,Unfeasible shape,GPSampler,PRUNED
3479,3479,6.0,2026-04-21 18:52:48.390843,2026-04-21 18:52:48.538852,0 days 00:00:00.148009,-36.847977548885794,20.717175083903577,34.38677924444128,100.0,42.61846052454596,29.044910369261025,-60.41229828510431,46.10563518601812,57.236041477174695,28.59821812565197,3.124461658756985,65.93441804741758,Unfeasible shape,GPSampler,PRUNED
3480,3480,6.0,2026-04-21 18:52:48.713182,2026-04-21 18:52:48.840146,0 days 00:00:00.126964,-36.693456690118765,21.116520774565394,34.979676728753766,100.0,42.75034829814073,29.030898646631094,-60.42844058861277,45.95206052785958,57.137012878341196,28.501033814883705,3.066738548492026,65.5945805841772,Unfeasible shape,GPSampler,PRUNED
3481,3481,6.0,2026-04-21 18:52:49.086471,2026-04-21 18:52:49.243870,0 days 00:00:00.157399,-36.825593560316555,21.19712210155668,34.288175581621125,100.0,42.953690136164596,29.219449146386495,-60.69034799457257,45.72490283566013,57.33711136899084,28.75453965031908,3.167850674021089,66.24459943200677,Unfeasible shape,GPSampler,PRUNED
3482,3482,6.0,2026-04-21 18:52:49.455288,2026-04-21 18:52:49.605089,0 days 00:00:00.149801,-36.85925349887049,21.20384682222288,34.988974417101595,100.0,42.77869486211864,29.066084220443358,-60.21079585386973,45.604151831167265,56.96876832642146,28.7368667181,3.1463364395817024,65.85597168108158,Unfeasible shape,GPSampler,PRUNED
3483,3483,6.0,2026-04-21 18:52:49.862038,2026-04-21 18:52:50.013081,0 days 00:00:00.151043,-36.866846844427975,21.20983332391453,34.784306766827505,100.0,42.95058109985011,29.0844090969484,-60.286345009888095,45.85346039163767,57.165238783102005,28.572058973546444,3.0416956522337273,66.12343341028446,Unfeasible shape,GPSampler,PRUNED
3484,3484,6.0,2026-04-21 18:52:50.281055,2026-04-21 18:52:50.425314,0 days 00:00:00.144259,-36.77834423115267,20.930729984702314,34.7762295193156,100.0,42.737879078808014,29.154720533693187,-60.324329513986754,45.99608189090735,57.236779120763714,28.216058124933255,3.1418968095097384,65.79151869146268,Unfeasible shape,GPSampler,PRUNED
3485,3485,6.0,2026-04-21 18:52:50.626574,2026-04-21 18:52:50.814105,0 days 00:00:00.187531,-36.77523081209884,21.319227066446224,34.91167550533666,100.0,42.70651877363827,28.809530262779575,-60.62898988231579,45.695320980008304,57.114210651981935,28.684778337312547,3.0664868865085353,65.57325732315736,Unfeasible shape,GPSampler,PRUNED
3486,3486,6.0,2026-04-21 18:52:51.036785,2026-04-21 18:52:51.178954,0 days 00:00:00.142169,-36.848600188308794,21.078724381211654,35.02211957060416,100.0,42.555899728798074,28.727341212288046,-60.32135672547301,46.131943688623124,57.03784981968093,28.46305858746911,3.0790207075783513,65.56290067576424,Unfeasible shape,GPSampler,PRUNED
3487,3487,6.0,2026-04-21 18:52:51.380515,2026-04-21 18:52:51.538324,0 days 00:00:00.157809,-36.7984060061071,20.8693803391512,35.00992439839578,100.0,43.003601760085445,28.94190041806138,-60.62930218797492,46.12707102728135,56.95791520226822,28.32986031626995,3.106708986533633,65.62000167789365,Unfeasible shape,GPSampler,PRUNED
3488,3488,6.0,2026-04-21 18:52:51.752389,2026-04-21 18:52:51.878305,0 days 00:00:00.125916,-36.71300159026334,20.88010852449042,34.731049245500365,100.0,42.90656050105076,29.14015897049834,-60.226625051277395,45.941794486545916,57.09288609520346,28.514758629122035,3.103033612522502,65.56186708519881,Unfeasible shape,GPSampler,PRUNED
3489,3489,6.0,2026-04-21 18:52:52.042971,2026-04-21 18:52:52.169530,0 days 00:00:00.126559,-36.93490763856366,20.885876064566236,34.99028721065294,100.0,42.71056840749464,28.900236257884323,-60.304837846791706,45.70484155729583,56.99115016392132,28.33246894874915,3.097637386519125,65.61362763200762,Unfeasible shape,GPSampler,PRUNED
3490,3490,6.0,2026-04-21 18:52:52.357852,2026-04-21 18:52:52.532368,0 days 00:00:00.174516,-36.780103137019324,20.95364707480484,35.05962288150449,100.0,42.99263111544627,28.537105370690092,-60.42293183292161,45.68803405603683,56.94669833632291,28.279006277871307,3.0971385757494687,65.61616245458093,Unfeasible shape,GPSampler,PRUNED
3491,3491,6.0,2026-04-21 18:52:52.853194,2026-04-21 18:52:52.994824,0 days 00:00:00.141630,-36.74241012983687,20.92806539885322,34.94141678739098,100.0,42.730614344440326,29.056620242782692,-60.404619576238076,45.972117765960185,57.039424263892734,28.51253490606927,3.0864029448485084,65.62417128543943,Unfeasible shape,GPSampler,PRUNED
3492,3492,6.0,2026-04-21 18:52:53.163490,2026-04-21 18:52:53.296099,0 days 00:00:00.132609,-36.687207600712235,21.247238929917366,35.14419471472573,100.0,43.08419978756972,28.882695366100336,-60.257708157831786,45.748050135746475,57.256651877447545,28.497263542195146,3.0548577168170397,65.37910836728706,Unfeasible shape,GPSampler,PRUNED
3493,3493,6.0,2026-04-21 18:52:53.486801,2026-04-21 18:52:53.684400,0 days 00:00:00.197599,-36.755026131564435,21.266657116479877,34.362838219103594,100.0,43.35033790956373,29.19516279254531,-60.50847349320492,45.70442822625982,56.970986429976115,28.198915580935243,3.141960451324074,66.2180525729736,Unfeasible shape,GPSampler,PRUNED
3494,3494,6.0,2026-04-21 18:52:53.874909,2026-04-21 18:52:54.028947,0 days 00:00:00.154038,-36.78508677616056,21.314662459371505,34.58680267397903,100.0,42.6370672795696,29.15126405308198,-60.45006722964001,45.90138356159944,57.18518097120596,28.18924554039417,3.1049392131754985,65.74508270558321,Unfeasible shape,GPSampler,PRUNED
3495,3495,6.0,2026-04-21 18:52:54.217062,2026-04-21 18:52:54.369109,0 days 00:00:00.152047,-36.995254680815655,21.186122069390038,34.88326146410958,100.0,42.398331488122764,29.095815366411024,-60.43570250614496,45.884520804480225,57.01144927657188,28.44439216177787,3.2080947064742844,65.71133082715491,Unfeasible shape,GPSampler,PRUNED
3496,3496,6.0,2026-04-21 18:52:54.548114,2026-04-21 18:52:54.721033,0 days 00:00:00.172919,-36.75416799256389,21.148474523570904,34.688221854405,100.0,42.76454363232544,29.130786588393562,-60.44609517860434,45.882160886047714,57.19584353190276,28.430760028139115,3.1443750539687016,65.80457213558196,Unfeasible shape,GPSampler,PRUNED
3497,3497,6.0,2026-04-21 18:52:54.945192,2026-04-21 18:52:55.065181,0 days 00:00:00.119989,-36.74494219290806,20.869784520843368,35.08493716336394,100.0,42.56542286319744,28.950728056898072,-60.259022484978445,45.821528729559596,57.19202199390016,28.41498425027352,3.1102360079583136,65.80069124890049,Unfeasible shape,GPSampler,PRUNED
3498,3498,6.0,2026-04-21 18:52:55.238031,2026-04-21 18:52:55.405245,0 days 00:00:00.167214,-36.77029867996596,20.293268915848948,34.77389177422403,100.0,42.844642167840085,29.224858209096276,-60.25729974532523,45.44002778563447,56.94268690583156,28.615589904455618,3.169377581460978,65.9236487916455,Unfeasible shape,GPSampler,PRUNED
3499,3499,6.0,2026-04-21 18:52:55.675284,2026-04-21 18:52:55.833892,0 days 00:00:00.158608,-36.888954861868136,20.727947928145063,35.28378380748903,100.0,42.830174977585884,28.6357442279929,-60.058618544856536,45.848238595256085,56.843541722392665,28.698006925677678,3.1349385486036,65.36744251973042,Unfeasible shape,GPSampler,PRUNED
3500,3500,6.0,2026-04-21 18:52:56.029082,2026-04-21 18:52:56.180719,0 days 00:00:00.151637,-36.74458900855278,20.924033217836445,34.929694667307174,100.0,42.57509797926177,29.158353802683514,-60.37089248183025,45.902093143189745,57.030789742300506,28.406765046123656,3.0935609305178815,65.60088466805291,Unfeasible shape,GPSampler,PRUNED
3501,3501,6.0,2026-04-21 18:52:56.406412,2026-04-21 18:52:56.550538,0 days 00:00:00.144126,-36.779886133292784,20.743998473583638,34.925433936642335,100.0,42.58200186033237,28.692494538616174,-60.25490851469043,45.84727723203753,56.8318343721411,28.689116201924822,3.125692363389419,65.72385431201089,Unfeasible shape,GPSampler,PRUNED
3502,3502,6.0,2026-04-21 18:52:56.802123,2026-04-21 18:52:56.945320,0 days 00:00:00.143197,-36.86083029479414,20.764455937112682,34.755475753859926,100.0,42.929189261520676,29.030472929436044,-60.3397626491401,45.723902781930896,57.12600337837594,28.421430008539975,3.1059924436740403,65.78633116117349,Unfeasible shape,GPSampler,PRUNED
3503,3503,6.0,2026-04-21 18:52:57.187084,2026-04-21 18:52:57.333031,0 days 00:00:00.145947,-36.73358121661014,20.97911753238074,34.7334646502131,100.0,42.63211917933261,28.938354549058722,-60.623521391635094,45.88682141733312,57.08690475056891,28.39848069769689,3.1012605014991337,65.60726147570202,Unfeasible shape,GPSampler,PRUNED
3504,3504,6.0,2026-04-21 18:52:57.525064,2026-04-21 18:52:57.713609,0 days 00:00:00.188545,-36.77504863064273,20.985890392033923,34.71025966018642,100.0,42.691394923024355,29.12235234103136,-60.26279583090444,45.90712773199964,56.99355943504408,28.53067921792886,3.127450179214655,65.54679453952456,Unfeasible shape,GPSampler,PRUNED
3505,3505,6.0,2026-04-21 18:52:57.906439,2026-04-21 18:52:58.051210,0 days 00:00:00.144771,-36.682980754429536,21.246639379139715,34.680817587037865,100.0,42.69216637222743,29.06530938736885,-60.67880690358861,45.87089184128784,57.2164890224472,28.428912122498687,3.1136820066595945,65.70968955848858,Unfeasible shape,GPSampler,PRUNED
3506,3506,6.0,2026-04-21 18:52:58.239825,2026-04-21 18:52:58.398207,0 days 00:00:00.158382,-36.924019076625314,20.723917084549875,34.90300242916051,100.0,42.90570158569654,28.937312486155214,-60.38343070139872,45.61108127779904,57.183429488916495,28.559091992854114,3.0691640200806205,65.68010060496104,Unfeasible shape,GPSampler,PRUNED
3507,3507,6.0,2026-04-21 18:52:58.682973,2026-04-21 18:52:58.840820,0 days 00:00:00.157847,-36.799113443783554,21.096648621431243,34.15119042571345,100.0,43.06955700738157,29.077419016844246,-60.54680413024808,46.04830200755213,57.28248853536555,27.888402864270336,3.2071649848199755,66.03699248800793,Unfeasible shape,GPSampler,PRUNED
3508,3508,6.0,2026-04-21 18:52:59.008357,2026-04-21 18:52:59.150037,0 days 00:00:00.141680,-36.77085625601334,20.98705687851276,34.73001399778174,100.0,42.61030299241792,29.16323327525715,-60.45256061064889,45.98678622823906,57.201760173167635,28.243610320233174,3.1359249750888694,65.75142886850739,Unfeasible shape,GPSampler,PRUNED
3509,3509,6.0,2026-04-21 18:52:59.305540,2026-04-21 18:52:59.463283,0 days 00:00:00.157743,-36.75243301356025,20.951905098117813,34.968535266771035,100.0,42.78861826983975,28.997370966992186,-60.36219708093516,45.88770879097583,57.083098629194,28.38593926639976,3.119437300512203,65.6446041461829,Unfeasible shape,GPSampler,PRUNED
3510,3510,6.0,2026-04-21 18:52:59.677703,2026-04-21 18:52:59.789309,0 days 00:00:00.111606,-36.655851457827936,20.9942070792573,34.741762261946306,100.0,42.72566775906079,29.035745834081204,-60.407395981747456,45.707572203168006,56.97744045793972,28.55105019838493,3.0804595918539945,65.59803301063143,Unfeasible shape,GPSampler,PRUNED
3511,3511,6.0,2026-04-21 18:52:59.988646,2026-04-21 18:53:00.163162,0 days 00:00:00.174516,-36.74948297793055,20.58483789171899,34.763834421631984,100.0,42.78715536157409,28.97262039890117,-60.18074195028801,45.8495890748799,57.00161943984123,28.740556593582482,3.1089065747843563,65.74974853475621,Unfeasible shape,GPSampler,PRUNED
3512,3512,6.0,2026-04-21 18:53:00.591154,2026-04-21 18:53:00.939820,0 days 00:00:00.348666,-36.87284312299816,20.52945711216811,35.333399509818605,100.0,42.36587005696705,28.85388289202988,-60.534670656548734,45.682277479577465,56.89856722796589,28.291137271296655,3.054248622100637,65.24972821748383,Unfeasible shape,GPSampler,PRUNED
3513,3513,6.0,2026-04-21 18:53:01.140164,2026-04-21 18:53:01.282214,0 days 00:00:00.142050,-36.74438050981807,20.539177811831017,34.63843233304872,100.0,42.834977534246704,29.1066540637538,-60.32579532271055,45.95774464946562,57.13616137659758,28.341011879143522,3.1595663578433317,65.8188577896072,Unfeasible shape,GPSampler,PRUNED
3514,3514,6.0,2026-04-21 18:53:01.470946,2026-04-21 18:53:01.641865,0 days 00:00:00.170919,-36.77656152854114,20.859738741313805,35.02557403413043,100.0,42.79743915653583,29.167646843915463,-60.23391035040413,46.03296563586086,57.131558349093005,28.312822819722854,3.1086938547189575,65.73842405816289,Unfeasible shape,GPSampler,PRUNED
3515,3515,6.0,2026-04-21 18:53:01.867965,2026-04-21 18:53:01.978136,0 days 00:00:00.110171,-36.78187732207066,21.03929117345446,34.73276584455188,100.0,42.63837891585475,29.147380704544254,-60.493815584891856,46.04445610178777,57.41690157133785,28.382262817583765,3.1146204512133764,65.83488421552066,Unfeasible shape,GPSampler,PRUNED
3516,3516,6.0,2026-04-21 18:53:02.191087,2026-04-21 18:53:02.348611,0 days 00:00:00.157524,-36.69861784689242,20.505752667738975,35.162213633176734,100.0,42.7211570476906,28.74362922447625,-60.390352798302686,45.58586651323584,57.21380055413541,28.819625795337142,3.057568108304615,65.33547190910949,Unfeasible shape,GPSampler,PRUNED
3517,3517,6.0,2026-04-21 18:53:02.545180,2026-04-21 18:53:02.687163,0 days 00:00:00.141983,-36.799372280919904,21.022428251413412,34.70152275148473,100.0,42.837503529950055,29.15107471834132,-60.362804919706,46.000898121309255,57.25181178049783,28.42057044861772,3.105526323647183,65.77572706609914,Unfeasible shape,GPSampler,PRUNED
3518,3518,6.0,2026-04-21 18:53:02.869282,2026-04-21 18:53:03.026960,0 days 00:00:00.157678,-36.9032853902152,20.901677274843188,34.99733186304413,100.0,42.32037449453242,29.161957732384124,-60.76028487454107,45.323760385827605,56.882810018149144,28.45973968900091,3.0911674875829505,65.35552020613451,Unfeasible shape,GPSampler,PRUNED
3519,3519,6.0,2026-04-21 18:53:03.181239,2026-04-21 18:53:03.343433,0 days 00:00:00.162194,-36.66297163619715,20.96593049705517,34.56982871191259,100.0,42.791105392827134,29.142215324201842,-60.18847950451149,45.974413710526385,57.107567527593076,28.146686385680713,3.2048036172969034,66.17817347389526,Unfeasible shape,GPSampler,PRUNED
3520,3520,6.0,2026-04-21 18:53:03.525346,2026-04-21 18:53:03.668155,0 days 00:00:00.142809,-36.773609899419355,20.875312558742436,34.84813855459542,100.0,42.99463996896375,29.023453504913384,-60.28488217768542,45.82077367611546,57.12166768406284,28.37112262665897,3.1135863675386943,65.67154935592602,Unfeasible shape,GPSampler,PRUNED
3521,3521,6.0,2026-04-21 18:53:03.851490,2026-04-21 18:53:04.089350,0 days 00:00:00.237860,-36.817793977701896,21.027049170934248,34.90390219207244,100.0,42.76316995786402,29.085721287031724,-60.32343142441619,45.89219498715835,57.14871450701015,28.412418526239037,3.0882876785936233,65.78938328662791,Unfeasible shape,GPSampler,PRUNED
3522,3522,6.0,2026-04-21 18:53:04.261651,2026-04-21 18:53:04.435660,0 days 00:00:00.174009,-36.64892304850317,21.934028610144203,34.0114754931998,100.0,43.29579201169545,29.210410615254595,-60.443478245082986,45.99522149671153,57.43348716640425,27.98484785075585,3.2278321633186806,65.84287024283147,Unfeasible shape,GPSampler,PRUNED
3523,3523,6.0,2026-04-21 18:53:04.650201,2026-04-21 18:53:04.839315,0 days 00:00:00.189114,-36.78893252308221,21.258359274862652,34.3237839405019,100.0,42.811738484702346,29.34085306517251,-60.51549268250008,45.84771347364301,57.20966966364813,27.99521105389338,3.2124041044284866,66.04522730569886,Unfeasible shape,GPSampler,PRUNED
3524,3524,6.0,2026-04-21 18:53:05.046073,2026-04-21 18:53:05.195703,0 days 00:00:00.149630,-36.7960818771903,21.071140769130245,34.93972334415744,100.0,42.753317883002495,28.866552917551225,-60.32254009592768,45.89116015571499,57.0949490481119,28.543404435261863,3.057715205666277,65.51259667210547,Unfeasible shape,GPSampler,PRUNED
3525,3525,6.0,2026-04-21 18:53:05.376850,2026-04-21 18:53:05.503946,0 days 00:00:00.127096,-36.577253739270944,21.15725374632099,35.279899178618464,100.0,43.01470909065004,28.960404348903396,-60.294609022880195,45.83774386013299,57.130698766719235,28.380058917356273,3.1273710269382917,65.70537011673433,Unfeasible shape,GPSampler,PRUNED
3526,3526,6.0,2026-04-21 18:53:05.676802,2026-04-21 18:53:05.834766,0 days 00:00:00.157964,-36.830467459144245,21.17789414960776,34.997036523306576,100.0,42.768995814647205,28.997738245652613,-60.195021336740304,45.948189138270074,57.16437932708814,28.689060965509658,3.15167247439674,65.66548906601717,Unfeasible shape,GPSampler,PRUNED
