,number,value,datetime_start,datetime_complete,duration,params_lLegPt.rA1,params_lLegPt.rL0,params_lLegPt.rL1,params_lLegPt.rL2,params_lLegPt.x1,params_lLegPt.y1,params_sLegPt.rA1,params_sLegPt.rL0,params_sLegPt.rL1,params_sLegPt.rL2,params_sLegPt.x1,params_sLegPt.y1,user_attrs_prune,system_attrs_auto:sampler,state
2439,2439,6.0,2026-04-21 18:46:39.954984,2026-04-21 18:46:40.112748,0 days 00:00:00.157764,-36.94806055264467,21.010662758610373,34.813294466886944,100.0,42.50978651907931,29.065386864973647,-60.25598149387325,45.90829598207576,57.1803803372213,28.453836572836444,3.048881017046682,65.669212544896,Unfeasible shape,GPSampler,PRUNED
2440,2440,6.0,2026-04-21 18:46:40.358333,2026-04-21 18:46:40.502442,0 days 00:00:00.144109,-36.83310168721045,20.888174116044254,35.18199587781418,100.0,42.835996108178556,29.50615194597576,-59.99803855086497,45.789650516572486,57.0887367253086,28.376350303606497,3.062133253431476,65.47458640467342,Unfeasible shape,GPSampler,PRUNED
2441,2441,6.0,2026-04-21 18:46:40.672123,2026-04-21 18:46:40.814956,0 days 00:00:00.142833,-36.83248489564475,21.3646281594213,34.738577645818225,100.0,42.96468185005495,29.000366734987324,-60.18408654827254,46.383323625596454,57.273507033297314,28.249558859925035,3.1599933645742126,65.96135459820863,Unfeasible shape,GPSampler,PRUNED
2442,2442,6.0,2026-04-21 18:46:41.057784,2026-04-21 18:46:41.214063,0 days 00:00:00.156279,-36.79966141984744,21.070603459973245,34.67655619695677,100.0,42.74081136822153,29.054238835773198,-60.49992408532641,45.90373079159835,57.21538229713335,28.37663510666158,3.1055688341904357,65.7592064996471,Unfeasible shape,GPSampler,PRUNED
2443,2443,6.0,2026-04-21 18:46:41.402978,2026-04-21 18:46:41.557061,0 days 00:00:00.154083,-36.78329272793635,21.176480446022808,34.6454234624597,100.0,42.66169396420634,29.08635121997967,-60.44562971779496,45.99446946653694,57.274294396214685,28.510032868003663,3.0987418767945485,65.81733599780706,Unfeasible shape,GPSampler,PRUNED
2444,2444,6.0,2026-04-21 18:46:41.725876,2026-04-21 18:46:41.966786,0 days 00:00:00.240910,-36.87295808016937,21.338444239915432,34.58032454969769,100.0,42.833236766538704,29.136789608506334,-60.33197749279883,45.97925698966627,57.35830799974372,28.326463221096425,3.2939108252418876,65.89069914874491,Unfeasible shape,GPSampler,PRUNED
2445,2445,6.0,2026-04-21 18:46:42.182149,2026-04-21 18:46:42.308072,0 days 00:00:00.125923,-36.87980356380809,21.402340225157573,34.34548258226842,100.0,42.52330122288801,29.416268250659172,-60.326420323555666,46.13763437089391,57.3725324842369,27.986097926869636,3.2797464075130165,65.97030047067295,Unfeasible shape,GPSampler,PRUNED
2446,2446,6.0,2026-04-21 18:46:42.483434,2026-04-21 18:46:42.652198,0 days 00:00:00.168764,-36.87186125309169,20.64590918025634,35.284597950979816,100.0,42.69346982298983,28.700527638117336,-60.020046933931404,46.01173081460588,56.988646826095966,28.532972230213254,3.0483383243364344,65.36704627295946,Unfeasible shape,GPSampler,PRUNED
2447,2447,6.0,2026-04-21 18:46:42.809978,2026-04-21 18:46:42.978796,0 days 00:00:00.168818,-36.7673172121438,21.02006765080689,34.74608178360448,100.0,42.70058135961427,29.33765632263389,-60.330660753232976,45.959750857566306,57.10661598606027,28.306914842805014,3.1815908150685743,65.88414997086423,Unfeasible shape,GPSampler,PRUNED
2448,2448,6.0,2026-04-21 18:46:43.134536,2026-04-21 18:46:43.291415,0 days 00:00:00.156879,-36.66083861332588,20.962372142417543,34.92276800175231,100.0,42.914570977881034,28.77293423204727,-60.293946845787254,46.23183112969954,57.179243665213825,28.556455578917,3.0166694178358284,65.38830211539609,Unfeasible shape,GPSampler,PRUNED
2449,2449,6.0,2026-04-21 18:46:43.460489,2026-04-21 18:46:43.728091,0 days 00:00:00.267602,-36.819146382529965,21.598132328422253,34.95558090294186,100.0,42.97885004196718,29.312500326049758,-60.39222274749281,46.465512334900346,57.555458555362186,28.237955908874028,2.964876590333283,65.54034993879303,Unfeasible shape,GPSampler,PRUNED
2450,2450,6.0,2026-04-21 18:46:43.912023,2026-04-21 18:46:44.035019,0 days 00:00:00.122996,-36.819239101810204,20.305595561102383,34.80005374383551,100.0,42.629157800671116,28.927778233894138,-60.25691586925833,45.80511454401662,56.922353580135365,29.04613804875552,3.018212928305438,65.55486068638817,Unfeasible shape,GPSampler,PRUNED
2451,2451,6.0,2026-04-21 18:46:44.212771,2026-04-21 18:46:44.352083,0 days 00:00:00.139312,-36.76372310928951,21.212525505945756,34.787045462265,100.0,42.81801534123333,28.84337458964398,-60.54283024978341,45.86762475197214,57.10361188875063,28.568192532567927,3.113564813527141,65.61956330953879,Unfeasible shape,GPSampler,PRUNED
2452,2452,6.0,2026-04-21 18:46:44.537995,2026-04-21 18:46:44.685590,0 days 00:00:00.147595,-36.77379287924797,21.08938370373579,34.72843346103859,100.0,42.65730260051612,29.06525672513679,-60.516231914538615,46.100781046150125,57.173280259711284,28.159361790168905,3.109958179866581,65.76098623622165,Unfeasible shape,GPSampler,PRUNED
2453,2453,6.0,2026-04-21 18:46:44.867073,2026-04-21 18:46:45.002169,0 days 00:00:00.135096,-37.07669992865941,20.766443224527315,34.84592909227431,100.0,43.17785814805203,28.927633323945706,-60.30327808281564,45.77655452176728,57.10052686463231,28.70958381603045,3.1687955012325304,65.64182878455347,Unfeasible shape,GPSampler,PRUNED
2454,2454,6.0,2026-04-21 18:46:45.149692,2026-04-21 18:46:45.299816,0 days 00:00:00.150124,-36.7507426675393,20.760944306901358,35.26798650247369,100.0,42.48932460528508,29.07332226328286,-60.55256915433888,45.83458631653721,56.90965764393892,28.102944147902715,3.0751145263999646,65.71290313703105,Unfeasible shape,GPSampler,PRUNED
2455,2455,6.0,2026-04-21 18:46:45.482215,2026-04-21 18:46:45.608522,0 days 00:00:00.126307,-36.8466875365097,20.59189679610607,35.16807260075235,99.9322633379766,42.419385235903434,29.047316730431938,-60.47764647587167,45.41137578163782,57.328484444701836,28.320471916293673,3.1272789458644894,65.86240436487172,Unfeasible shape,GPSampler,PRUNED
2456,2456,6.0,2026-04-21 18:46:45.844715,2026-04-21 18:46:46.004667,0 days 00:00:00.159952,-36.774535446798524,21.13835724146957,34.43768575813047,100.0,42.68126745549113,29.06345442639801,-60.473377815179475,45.92027263375247,57.225563925820886,28.281919325479883,3.1424946482146368,65.77603535248943,Unfeasible shape,GPSampler,PRUNED
2457,2457,6.0,2026-04-21 18:46:46.187985,2026-04-21 18:46:46.356017,0 days 00:00:00.168032,-36.66344727057367,20.847060941046486,34.995472829695515,100.0,42.72361370521083,29.079360994140877,-60.29238080047922,46.18254714068586,57.29037807008555,28.350587445193685,3.130210156928186,65.67465498418335,Unfeasible shape,GPSampler,PRUNED
2458,2458,6.0,2026-04-21 18:46:46.532626,2026-04-21 18:46:46.664930,0 days 00:00:00.132304,-36.7265746475138,21.204118463393762,34.660574487361714,100.0,42.74150921118581,29.21775871571524,-60.629355390908216,45.86813541192819,56.851226984334666,28.33176772145389,3.163278053311501,65.95534292502205,Unfeasible shape,GPSampler,PRUNED
2459,2459,6.0,2026-04-21 18:46:46.813569,2026-04-21 18:46:47.009589,0 days 00:00:00.196020,-36.78682399978842,20.880854647684647,34.81826480830418,100.0,42.80245607447187,28.946008563972796,-60.36812460337303,45.80165289272599,56.97188201158083,28.293408443907193,3.10072959487146,65.74432104104217,Unfeasible shape,GPSampler,PRUNED
2460,2460,6.0,2026-04-21 18:46:47.183929,2026-04-21 18:46:47.329982,0 days 00:00:00.146053,-36.8928959732625,20.9020820158581,35.02821712617313,100.0,42.68441152609277,28.956368606094294,-60.33492538436133,45.86824339353346,57.032397065444385,28.65957642604447,3.0692753789052176,65.52956484667217,Unfeasible shape,GPSampler,PRUNED
2461,2461,6.0,2026-04-21 18:46:47.526928,2026-04-21 18:46:47.670796,0 days 00:00:00.143868,-36.78052487649045,21.420029859161247,34.9426328248743,100.0,43.172300041066116,29.03206488487143,-60.71075525192394,45.7540605478194,57.30508318144144,28.24254172284846,3.0647803624745364,65.63122880980984,Unfeasible shape,GPSampler,PRUNED
2462,2462,6.0,2026-04-21 18:46:47.825632,2026-04-21 18:46:47.990833,0 days 00:00:00.165201,-36.844619187520976,21.198849289799888,34.80314106295983,100.0,42.768079556798206,28.853786856385682,-60.32767026063204,45.916849607732395,57.23468503689376,28.523494691638135,3.081947612308724,65.65278606362426,Unfeasible shape,GPSampler,PRUNED
2463,2463,6.0,2026-04-21 18:46:48.147746,2026-04-21 18:46:48.356369,0 days 00:00:00.208623,-36.7867497305809,21.11611075625295,34.51676954019142,100.0,42.73218947678765,29.129936687557247,-60.67043776461739,46.01109122069508,57.205627262246914,28.21602795372898,3.1368482656242236,65.55326457588212,Unfeasible shape,GPSampler,PRUNED
2464,2464,6.0,2026-04-21 18:46:48.518047,2026-04-21 18:46:48.652917,0 days 00:00:00.134870,-36.760580580162426,21.02634331840331,34.96286988776045,100.0,42.61275700946792,28.980237316101437,-60.28814127668242,46.028665864224955,57.15269482697228,28.404483150267165,3.1133064291068493,65.53208726104187,Unfeasible shape,GPSampler,PRUNED
2465,2465,6.0,2026-04-21 18:46:48.810683,2026-04-21 18:46:49.024998,0 days 00:00:00.214315,-36.88451179859937,20.7145129705224,34.93462035515148,100.0,42.89631792972715,29.042582149144856,-60.396379266155336,45.65376821820154,56.95502523961264,28.224862187805506,3.084941511354451,65.54148965682657,Unfeasible shape,GPSampler,PRUNED
2466,2466,6.0,2026-04-21 18:46:49.196998,2026-04-21 18:46:49.339049,0 days 00:00:00.142051,-36.778409064993845,20.97848559518652,34.95074644298165,100.0,42.81151274500549,29.090051991452206,-60.35923689545328,45.91105180879816,57.031812497161305,28.55070281932353,3.1347163400000397,65.62297239294588,Unfeasible shape,GPSampler,PRUNED
2467,2467,6.0,2026-04-21 18:46:49.488108,2026-04-21 18:46:49.636654,0 days 00:00:00.148546,-36.778571577810276,21.00537916246195,34.8872538188386,100.0,42.69664836482332,28.97774815790318,-60.41495678317848,45.97427956826536,57.15725774793228,28.630627411183653,3.0892018110259585,65.63278063767947,Unfeasible shape,GPSampler,PRUNED
2468,2468,6.0,2026-04-21 18:46:49.778113,2026-04-21 18:46:49.891892,0 days 00:00:00.113779,-36.77586576364684,20.613239637541014,35.09256933584858,100.0,42.70392004776873,28.948215641261207,-60.21264818802896,45.78863623149389,57.09025026115217,28.62546561292181,3.1185143669623443,65.72305171785253,Unfeasible shape,GPSampler,PRUNED
2469,2469,6.0,2026-04-21 18:46:50.074086,2026-04-21 18:46:50.220072,0 days 00:00:00.145986,-36.51571507475213,20.5193172831926,34.97889090323825,100.0,42.69139789565927,29.298224527983592,-60.47247961063839,45.81810055245878,57.13839876138391,28.532864187607874,3.2063767224219433,66.14872147542096,Unfeasible shape,GPSampler,PRUNED
2470,2470,6.0,2026-04-21 18:46:50.432180,2026-04-21 18:46:50.557393,0 days 00:00:00.125213,-36.79276237313139,20.811606797844593,34.97709844012917,100.0,42.68157751320843,29.064357913723313,-60.1982534467016,45.7977153903387,57.12699921968134,28.52650156172308,3.079800826805652,65.51029044802588,Unfeasible shape,GPSampler,PRUNED
2471,2471,6.0,2026-04-21 18:46:50.726819,2026-04-21 18:46:50.875880,0 days 00:00:00.149061,-36.818098528422624,21.014458216327736,34.86191236686028,100.0,42.59139498206053,29.17341598107049,-60.373286736965056,45.95778883248594,56.95029051972232,28.261424544880033,3.1143661547642196,65.67192595271035,Unfeasible shape,GPSampler,PRUNED
2472,2472,6.0,2026-04-21 18:46:51.054739,2026-04-21 18:46:51.214089,0 days 00:00:00.159350,-36.896489882370396,20.76882395481386,35.17590084754421,99.9431917236659,42.93379924557752,29.064866061005368,-60.213675592904636,44.983157572978975,56.94769668535764,28.29789101131336,3.0428495400923765,65.34110988852096,Unfeasible shape,GPSampler,PRUNED
2473,2473,6.0,2026-04-21 18:46:51.469305,2026-04-21 18:46:51.590759,0 days 00:00:00.121454,-36.8414042517531,21.62144864444505,34.67794109149922,100.0,42.982096880791076,28.655723515483636,-60.43702754994737,45.847768544283895,56.99558675505135,29.042808833088912,3.088971493472201,65.68459481708048,Unfeasible shape,GPSampler,PRUNED
2474,2474,6.0,2026-04-21 18:46:51.731047,2026-04-21 18:46:51.905386,0 days 00:00:00.174339,-36.62124180796004,21.023319674914497,34.85336339480583,100.0,42.77651532938989,28.978007333318224,-60.21646009300575,45.80584518296087,57.14732162878702,28.388284234817434,3.1237635253233336,65.61781033372344,Unfeasible shape,GPSampler,PRUNED
2475,2475,6.0,2026-04-21 18:46:52.068429,2026-04-21 18:46:52.197604,0 days 00:00:00.129175,-36.76662557705886,21.26602945742914,34.64371249976166,100.0,42.777121657499286,28.991112557444367,-60.65301963762418,45.768785857192384,57.01085568222861,28.49659073253629,3.146905013945549,65.64391628341616,Unfeasible shape,GPSampler,PRUNED
2476,2476,6.0,2026-04-21 18:46:52.392212,2026-04-21 18:46:52.547554,0 days 00:00:00.155342,-36.76010059157018,20.903541540623337,34.57144391469343,100.0,43.00223266156787,29.093546695479994,-60.329233095328846,46.050977133512994,57.22228962648976,27.994771754083875,3.1449753174025616,65.93070816731873,Unfeasible shape,GPSampler,PRUNED
2477,2477,6.0,2026-04-21 18:46:52.696354,2026-04-21 18:46:52.813043,0 days 00:00:00.116689,-36.85579605595395,20.97612933810265,34.754383464486054,100.0,42.82025939969531,29.0995927292197,-60.26136670426103,45.97376277427257,57.15369102720913,28.281567448409493,3.1053508837550297,65.89554622487643,Unfeasible shape,GPSampler,PRUNED
2478,2478,6.0,2026-04-21 18:46:52.969567,2026-04-21 18:46:53.080436,0 days 00:00:00.110869,-36.792828608858166,21.134332789457083,34.69314544659824,100.0,42.7888849994336,29.06844116750272,-60.42598350410649,45.91407282832706,57.21931338984688,28.478086385302003,3.1637725917648467,65.80801399389735,Unfeasible shape,GPSampler,PRUNED
2479,2479,6.0,2026-04-21 18:46:53.341210,2026-04-21 18:46:53.525417,0 days 00:00:00.184207,-36.86149125919873,21.08475887009454,34.95572413391096,100.0,42.387689562143244,28.877806504171495,-60.20662627695094,45.828137675367394,57.00767664765155,28.76744963148102,3.158297654194392,65.75857223716996,Unfeasible shape,GPSampler,PRUNED
2480,2480,6.0,2026-04-21 18:46:53.712151,2026-04-21 18:46:53.899589,0 days 00:00:00.187438,-36.84520890807251,20.416887804658423,34.49230119547034,100.0,42.9053060386577,29.08035616536303,-60.69214238011903,45.63960537137471,57.092494337734344,28.378895902341583,3.2686074065611592,65.85272406192121,Unfeasible shape,GPSampler,PRUNED
2481,2481,6.0,2026-04-21 18:46:54.066048,2026-04-21 18:46:54.212413,0 days 00:00:00.146365,-36.66674171731244,20.89413537591541,34.653958582536816,100.0,42.83781314246011,28.957944368291727,-60.412703765411706,46.167213665808966,57.15775709206511,28.56075672606257,3.1956286723055385,65.79228480938204,Unfeasible shape,GPSampler,PRUNED
2482,2482,6.0,2026-04-21 18:46:54.427157,2026-04-21 18:46:54.601260,0 days 00:00:00.174103,-36.81679712433442,20.783074357767546,34.68456255748944,100.0,42.74636303715109,29.01725652559346,-60.278914309001024,45.7828125184256,57.187925392594224,28.572319520381107,3.1305557250799723,65.62250137050665,Unfeasible shape,GPSampler,PRUNED
2483,2483,6.0,2026-04-21 18:46:54.755769,2026-04-21 18:46:54.904385,0 days 00:00:00.148616,-36.92167156170537,20.8503045819597,34.75164391987373,100.0,42.641784566605025,28.850896311333074,-60.27897062975916,45.59996449414691,57.14020374902066,28.602835282840637,3.1294492897224657,65.87190563879753,Unfeasible shape,GPSampler,PRUNED
2484,2484,6.0,2026-04-21 18:46:55.121247,2026-04-21 18:46:55.269695,0 days 00:00:00.148448,-36.80376950678279,20.931893343633213,34.82376476239999,100.0,42.80724463575622,29.003038947414424,-60.360330628245904,45.779593713150746,57.07090138608745,28.528202978663437,3.115468381879616,65.65611872844214,Unfeasible shape,GPSampler,PRUNED
2485,2485,6.0,2026-04-21 18:46:55.449129,2026-04-21 18:46:55.611752,0 days 00:00:00.162623,-36.751362242545206,20.933874434806427,34.79855028011007,100.0,42.79968032066966,28.985594224318156,-60.309782662439744,46.00947466469651,57.37442883919446,28.53959118219443,3.0887219518889424,65.70632859348335,Unfeasible shape,GPSampler,PRUNED
2486,2486,6.0,2026-04-21 18:46:55.766686,2026-04-21 18:46:55.926804,0 days 00:00:00.160118,-36.78053799309277,21.289235732058497,34.788731103257064,100.0,43.3319681639298,28.392654951731387,-60.3615538460126,45.96821959870498,57.02115801517166,29.02194850266023,3.038680763002617,65.66363958066974,Unfeasible shape,GPSampler,PRUNED
2487,2487,6.0,2026-04-21 18:46:56.088658,2026-04-21 18:46:56.202410,0 days 00:00:00.113752,-36.734450740873356,20.98551556535456,34.97952793335652,100.0,42.760812621726586,28.8122723824966,-60.33570807891862,45.862456949353884,56.98167651511007,28.511565154873917,3.1072411699216858,65.66522550989016,Unfeasible shape,GPSampler,PRUNED
2488,2488,6.0,2026-04-21 18:46:56.365450,2026-04-21 18:46:56.490209,0 days 00:00:00.124759,-36.86775407065812,20.994579683599866,34.463749335295844,100.0,42.70350168485023,29.334812448142223,-59.99107919646871,45.61298839915139,56.73343125721412,28.12908566599392,3.1374571487967344,65.83617720961236,Unfeasible shape,GPSampler,PRUNED
2489,2489,6.0,2026-04-21 18:46:56.646134,2026-04-21 18:46:56.781829,0 days 00:00:00.135695,-36.792539530658985,21.29248269176707,34.56612336996152,100.0,42.72368015199717,28.92549052842505,-60.79994707172298,45.83192801255183,57.206916738854375,28.612405912011813,3.1203260366786836,65.57105202057107,Unfeasible shape,GPSampler,PRUNED
2490,2490,6.0,2026-04-21 18:46:56.955065,2026-04-21 18:46:57.088467,0 days 00:00:00.133402,-36.90167422251679,21.300756526862344,35.02065005167472,100.0,42.745990824602295,29.32983744454439,-60.10763793165498,45.81141778806006,56.984237355263524,28.459772979232262,3.1094876050185647,65.40977070299047,Unfeasible shape,GPSampler,PRUNED
2491,2491,6.0,2026-04-21 18:46:57.264984,2026-04-21 18:46:57.458527,0 days 00:00:00.193543,-36.7454917169527,21.049788670563974,34.744602191282866,100.0,42.691059352428866,29.181971287206665,-60.36052529204757,46.251475951883656,57.322298801663194,28.33952844825491,3.0868068410662843,65.5770809940883,Unfeasible shape,GPSampler,PRUNED
2492,2492,6.0,2026-04-21 18:46:57.629343,2026-04-21 18:46:57.754990,0 days 00:00:00.125647,-36.768345089500116,20.799396637815576,34.932243290324195,100.0,42.80049211294375,28.942843839398833,-60.381220154406705,45.839576370215006,57.13510182869329,28.367870174171255,3.1077707360261044,65.7419013649149,Unfeasible shape,GPSampler,PRUNED
2493,2493,6.0,2026-04-21 18:46:57.927329,2026-04-21 18:46:58.069374,0 days 00:00:00.142045,-36.71348887378651,21.062438539225333,34.94024155272918,100.0,42.84902881805025,29.241601703000867,-60.40164159172751,45.90808885176188,57.09821239449153,28.16804648816311,3.0908207721413987,65.64498225837907,Unfeasible shape,GPSampler,PRUNED
2494,2494,6.0,2026-04-21 18:46:58.221566,2026-04-21 18:46:58.416943,0 days 00:00:00.195377,-36.80630176171035,21.474400782211312,34.80180215729433,100.0,42.52881498959043,29.26330593266802,-60.49924970723562,46.008605717930045,57.3023084500201,28.181304717429235,3.2178845315008573,65.84375510660497,Unfeasible shape,GPSampler,PRUNED
2495,2495,6.0,2026-04-21 18:46:58.617303,2026-04-21 18:46:58.764924,0 days 00:00:00.147621,-36.56142423761088,21.141183311569357,34.722282137777455,100.0,42.437668191152405,29.129710799552484,-60.999723053014954,45.755495684979365,57.083049825488615,28.67618596424799,3.04672184008286,65.69944783599166,Unfeasible shape,GPSampler,PRUNED
2496,2496,6.0,2026-04-21 18:46:58.954626,2026-04-21 18:46:59.092429,0 days 00:00:00.137803,-36.81333473655159,20.569151044244357,34.758838749141134,100.0,42.645692115722774,29.11793731014862,-60.49144212718299,45.48382631246489,56.78306982541545,28.419663742984184,3.1457056837715953,65.84683450142566,Unfeasible shape,GPSampler,PRUNED
2497,2497,6.0,2026-04-21 18:46:59.268524,2026-04-21 18:46:59.420989,0 days 00:00:00.152465,-36.79576837851058,21.05396596164056,35.06263786630399,100.0,42.485267334904776,28.904907332369064,-60.415376295285725,45.90619333369527,57.18444922508887,28.49648253301247,3.0630906921369885,65.59840386645621,Unfeasible shape,GPSampler,PRUNED
2498,2498,6.0,2026-04-21 18:46:59.726826,2026-04-21 18:46:59.857956,0 days 00:00:00.131130,-36.85004818459011,20.989022536623573,34.807928031076514,100.0,42.82003248757076,28.963058393436192,-60.34669211271938,45.891878391487076,57.10774767608049,28.585355602916316,3.148309404617187,65.6909676262091,Unfeasible shape,GPSampler,PRUNED
2499,2499,6.0,2026-04-21 18:47:00.040099,2026-04-21 18:47:00.168491,0 days 00:00:00.128392,-36.79732087530968,20.86927332061041,34.84562591906861,100.0,42.61246627441628,29.06224423049087,-60.35457071809923,45.74460019499154,57.14816236592548,28.34361345975196,3.1707765560600336,65.93225509568114,Unfeasible shape,GPSampler,PRUNED
2500,2500,6.0,2026-04-21 18:47:00.343841,2026-04-21 18:47:00.578119,0 days 00:00:00.234278,-36.792677376535764,21.188065021769216,34.7281173885207,100.0,42.78399715929639,29.442709011154975,-60.89713156482608,45.754188174662545,57.21591520177674,28.20129000526788,3.1582652206462356,65.47858185546485,Unfeasible shape,GPSampler,PRUNED
2501,2501,6.0,2026-04-21 18:47:00.800139,2026-04-21 18:47:00.952662,0 days 00:00:00.152523,-36.836049433081584,21.129344485042537,34.69882367790217,100.0,42.75424982186924,28.961778154168115,-60.413206088922024,45.976476564305266,57.23305938133106,28.486467273041544,3.0939306451668003,65.68566879341734,Unfeasible shape,GPSampler,PRUNED
2502,2502,6.0,2026-04-21 18:47:01.283050,2026-04-21 18:47:01.432041,0 days 00:00:00.148991,-36.76680092513943,20.95088892712544,34.98659638117333,100.0,42.86400814059067,29.11471741397991,-60.34897426695782,45.857107270889884,57.075440323700604,28.37804455815932,3.1043063934690807,65.57920796269688,Unfeasible shape,GPSampler,PRUNED
