,number,value,datetime_start,datetime_complete,duration,params_lLegPt.rA1,params_lLegPt.rL0,params_lLegPt.rL1,params_lLegPt.rL2,params_lLegPt.x1,params_lLegPt.y1,params_sLegPt.rA1,params_sLegPt.rL0,params_sLegPt.rL1,params_sLegPt.rL2,params_sLegPt.x1,params_sLegPt.y1,user_attrs_prune,system_attrs_auto:sampler,state
3271,3271,6.0,2026-04-21 18:51:31.941050,2026-04-21 18:51:32.095329,0 days 00:00:00.154279,-36.855546216763784,20.62055936647398,35.04947871023279,99.91475217414606,42.58929991020829,29.078306950750473,-60.36592398297561,45.6342966443394,56.939258236197716,29.075470302260648,3.0327934273765607,65.01804105428951,Unfeasible shape,GPSampler,PRUNED
3272,3272,6.0,2026-04-21 18:51:32.316919,2026-04-21 18:51:32.474656,0 days 00:00:00.157737,-36.78308083324191,20.952128796356277,34.88135995124364,100.0,42.701489931354125,29.187404526008798,-60.369016437193736,45.90031102906365,57.064044612842025,28.48876417259545,3.1177900545741437,65.73910707233007,Unfeasible shape,GPSampler,PRUNED
3273,3273,6.0,2026-04-21 18:51:32.643407,2026-04-21 18:51:32.802222,0 days 00:00:00.158815,-36.649903563059056,21.325602334532725,34.90345230944033,100.0,42.77895290502179,28.97470338286648,-60.47769392590303,45.751784948406474,56.97897918126698,28.59673754728906,3.1308750032905692,65.65024247757013,Unfeasible shape,GPSampler,PRUNED
3274,3274,6.0,2026-04-21 18:51:32.990148,2026-04-21 18:51:33.196070,0 days 00:00:00.205922,-36.862190343488486,21.41761665679609,34.724906242073956,100.0,42.83714724339175,28.804760692482525,-60.67009776596986,45.98238425685785,57.03480879741568,28.79195302608129,3.0550047214939084,65.77269972867785,Unfeasible shape,GPSampler,PRUNED
3275,3275,6.0,2026-04-21 18:51:33.443450,2026-04-21 18:51:33.604997,0 days 00:00:00.161547,-36.77120168650653,20.915894985909414,34.89646653078404,100.0,42.758478143159216,28.93131690112127,-60.152422471367174,46.03363457139547,57.17639236369589,28.197360951303434,3.122443471288882,65.61992829080062,Unfeasible shape,GPSampler,PRUNED
3276,3276,6.0,2026-04-21 18:51:33.774770,2026-04-21 18:51:33.931042,0 days 00:00:00.156272,-36.878666629951226,20.523845257036122,34.765192637593984,100.0,42.79387033507496,29.20488394414562,-60.44106096868725,45.80055083282048,57.01962872816976,28.60523831371091,3.160469756974898,66.00888500993423,Unfeasible shape,GPSampler,PRUNED
3277,3277,6.0,2026-04-21 18:51:34.179729,2026-04-21 18:51:34.353909,0 days 00:00:00.174180,-36.82829634942959,20.976164925933354,34.78464826176442,100.0,42.533066922647,29.074937788439385,-60.505688654421746,45.70457419901767,57.19384199164109,28.704563575919657,3.147803583077831,65.74579221593758,Unfeasible shape,GPSampler,PRUNED
3278,3278,6.0,2026-04-21 18:51:34.552246,2026-04-21 18:51:34.694151,0 days 00:00:00.141905,-36.719779228323695,21.15992626985455,34.75759946298133,100.0,42.82627591481168,29.048990526615746,-60.34900257023453,45.99634263650509,57.2716214283421,28.503721430319768,3.0914592945575023,65.84936387333049,Unfeasible shape,GPSampler,PRUNED
3279,3279,6.0,2026-04-21 18:51:34.875390,2026-04-21 18:51:35.033050,0 days 00:00:00.157660,-36.926056126961974,21.225675231213728,34.87937466054216,100.0,42.614587681341284,29.245189026156062,-60.48818027877027,45.92344732436433,57.211984018545685,28.55978020805716,3.0761245908384396,65.59922866667833,Unfeasible shape,GPSampler,PRUNED
3280,3280,6.0,2026-04-21 18:51:35.244724,2026-04-21 18:51:35.373145,0 days 00:00:00.128421,-36.77111646355483,21.14724917651406,34.48262008967252,100.0,42.56463036103075,29.19156724410476,-60.593582811260426,45.951379787521034,57.38279830175225,28.248254206392737,3.1846965653537964,65.85081211398723,Unfeasible shape,GPSampler,PRUNED
3281,3281,6.0,2026-04-21 18:51:35.555547,2026-04-21 18:51:35.698179,0 days 00:00:00.142632,-36.76023807735005,21.320725827698695,34.752265915070275,100.0,42.68319002722283,29.06882368276103,-60.57894893659655,45.83429227770232,57.03108989643145,28.61964583860721,3.107428805756477,65.64337588630609,Unfeasible shape,GPSampler,PRUNED
3282,3282,6.0,2026-04-21 18:51:35.888215,2026-04-21 18:51:36.046031,0 days 00:00:00.157816,-36.82460154433478,21.194673824731268,34.66295820176764,100.0,42.713943589834386,29.27746253996805,-60.398993031680845,45.98289609857646,57.192310921378144,28.311535615033602,3.085778857429169,65.69156696953513,Unfeasible shape,GPSampler,PRUNED
3283,3283,6.0,2026-04-21 18:51:36.251302,2026-04-21 18:51:36.408970,0 days 00:00:00.157668,-36.742047143961294,21.4625365151591,34.35750358366023,100.0,42.66841251779602,29.5409322872799,-60.50491402620185,46.36336346415516,57.11384168380486,28.236411045679926,3.1107071690139563,65.76166104367222,Unfeasible shape,GPSampler,PRUNED
3284,3284,6.0,2026-04-21 18:51:36.591600,2026-04-21 18:51:36.750109,0 days 00:00:00.158509,-36.756434809148026,21.042511212741374,34.77202337810384,100.0,42.6594224876059,28.959394214908414,-60.41661405479478,45.9332373214699,57.092526488638875,28.395654201438337,3.0531603915502075,65.59892984023956,Unfeasible shape,GPSampler,PRUNED
3285,3285,6.0,2026-04-21 18:51:37.068142,2026-04-21 18:51:37.241851,0 days 00:00:00.173709,-36.836471175052345,20.913514374541787,34.994140124305105,100.0,42.71098724865832,29.16913028809271,-60.58105965140091,45.90349820875005,56.951517094853685,28.627738242776836,3.024322533098534,65.59023466465861,Unfeasible shape,GPSampler,PRUNED
3286,3286,6.0,2026-04-21 18:51:37.431376,2026-04-21 18:51:37.589034,0 days 00:00:00.157658,-36.81869817236524,20.91706884132958,34.528844322813086,100.0,43.03700857543355,29.43610448002336,-60.40761840996154,45.904561761723954,57.05300343857935,28.392413691662174,3.2673673464829207,66.01225519597567,Unfeasible shape,GPSampler,PRUNED
3287,3287,6.0,2026-04-21 18:51:37.773566,2026-04-21 18:51:37.947900,0 days 00:00:00.174334,-36.758256752564265,21.077975280800484,34.97020012589962,100.0,42.61486862474501,29.01947876726578,-60.364781907407036,46.026356683793864,57.18163200526616,28.493106647096536,3.0663454783693638,65.57059774918025,Unfeasible shape,GPSampler,PRUNED
3288,3288,6.0,2026-04-21 18:51:38.169104,2026-04-21 18:51:38.406078,0 days 00:00:00.236974,-36.706601029510196,21.412985334539133,34.5721958769084,100.0,42.503770123185234,29.617945666860848,-60.32649139028911,46.14062069082634,57.50163808932916,28.259378989231593,3.233941966932548,66.01362985562865,Unfeasible shape,GPSampler,PRUNED
3289,3289,6.0,2026-04-21 18:51:38.635109,2026-04-21 18:51:38.808266,0 days 00:00:00.173157,-36.83266557468569,20.546074859190185,34.733653875174795,100.0,42.7577614898882,29.19737755176014,-60.31119241159691,45.48621376077707,56.867027270995315,28.76192416357634,3.123676411676577,65.85964393024669,Unfeasible shape,GPSampler,PRUNED
3290,3290,6.0,2026-04-21 18:51:38.993446,2026-04-21 18:51:39.168230,0 days 00:00:00.174784,-36.80413754690114,21.17278090792678,34.898217094121335,100.0,43.25857586820553,29.186418674744367,-60.38702264207339,45.96553238891706,57.142260896875065,28.351822785521524,3.123964008925654,65.762573368328,Unfeasible shape,GPSampler,PRUNED
3291,3291,6.0,2026-04-21 18:51:39.368361,2026-04-21 18:51:39.543561,0 days 00:00:00.175200,-36.81950984688712,20.925195141218605,34.70183941722058,100.0,42.631943471079566,28.963917941243317,-60.1899321337108,46.298987550841275,57.1557623446809,28.16830325110472,3.2653986043632415,65.98220317845643,Unfeasible shape,GPSampler,PRUNED
3292,3292,6.0,2026-04-21 18:51:39.720616,2026-04-21 18:51:39.877759,0 days 00:00:00.157143,-36.655166053041306,21.204842710039152,34.782927097792665,100.0,42.746759974309896,29.088438824387353,-60.6285405996913,45.89775253129759,57.15082366596205,28.43927929141194,3.081234412951048,65.95388132017725,Unfeasible shape,GPSampler,PRUNED
3293,3293,6.0,2026-04-21 18:51:40.069382,2026-04-21 18:51:40.227860,0 days 00:00:00.158478,-36.73986383098349,21.027779896498195,34.802148303158546,100.0,42.69646575163634,28.786793817810548,-60.589149218018164,45.91960065295977,57.213740761489255,28.52133697078243,3.0739059644785414,65.57253345480969,Unfeasible shape,GPSampler,PRUNED
3294,3294,6.0,2026-04-21 18:51:40.564698,2026-04-21 18:51:40.727263,0 days 00:00:00.162565,-36.75106701063187,21.021877860113936,35.043304508572994,100.0,42.78236044859902,29.091560572005406,-60.2621017858518,45.87290949735195,57.26093423103876,28.383109488911234,3.09837304872093,65.55809653429007,Unfeasible shape,GPSampler,PRUNED
3295,3295,6.0,2026-04-21 18:51:40.946269,2026-04-21 18:51:41.080524,0 days 00:00:00.134255,-36.25459336201715,20.821717903283893,35.23249637469014,100.0,42.622187297486576,29.43470999346163,-60.19079840313219,45.14253081726515,57.0524154218585,27.9613889593394,3.293250208271729,65.83764038475209,Unfeasible shape,GPSampler,PRUNED
3296,3296,6.0,2026-04-21 18:51:41.277338,2026-04-21 18:51:41.408499,0 days 00:00:00.131161,-36.856268596986915,20.817172427404863,34.60437711604743,100.0,42.75986183673591,29.080416831376873,-60.539453454529166,45.71241328658201,57.08167590361165,28.482243388995414,3.1506388740995206,65.75696442707626,Unfeasible shape,GPSampler,PRUNED
3297,3297,6.0,2026-04-21 18:51:41.626886,2026-04-21 18:51:41.828302,0 days 00:00:00.201416,-36.795116959811004,20.99795952231655,34.940895606625546,100.0,42.74279839705881,29.01866976677752,-60.183566682219094,45.97429512418618,57.0820679641179,28.43985954035054,3.13478672135399,65.74378916835225,Unfeasible shape,GPSampler,PRUNED
3298,3298,6.0,2026-04-21 18:51:42.015389,2026-04-21 18:51:42.175715,0 days 00:00:00.160326,-36.75891372696469,20.99924540202622,35.43340277060213,100.0,42.668913117449925,28.956340863333622,-60.192771922294064,46.34968460871047,56.80998090863475,28.53502134837245,3.0795746010363843,65.49424032761341,Unfeasible shape,GPSampler,PRUNED
3299,3299,6.0,2026-04-21 18:51:42.352864,2026-04-21 18:51:42.499250,0 days 00:00:00.146386,-36.91609412795047,20.903516546913647,34.950966055854906,100.0,43.44183034758687,28.817097693936233,-60.3866439267392,45.86927868683742,56.72244630071878,28.674652106464915,3.148703305046986,65.85848704770112,Unfeasible shape,GPSampler,PRUNED
3300,3300,6.0,2026-04-21 18:51:42.671017,2026-04-21 18:51:42.835534,0 days 00:00:00.164517,-36.73641794467465,20.844582685645864,34.439488592266095,100.0,43.11158259908266,29.295699989917708,-60.62490979661883,45.522438257833635,57.309193017959096,28.53683251190814,3.0880890407973567,66.08051631086974,Unfeasible shape,GPSampler,PRUNED
3301,3301,6.0,2026-04-21 18:51:43.019633,2026-04-21 18:51:43.215020,0 days 00:00:00.195387,-36.8248818576638,21.423690692864394,34.760781627179504,100.0,42.58839660750027,29.120386877843124,-60.14691385671404,46.201340720046616,57.06690732362866,28.590669478148097,3.1837162776266297,65.70402729515075,Unfeasible shape,GPSampler,PRUNED
3302,3302,6.0,2026-04-21 18:51:43.430811,2026-04-21 18:51:43.605739,0 days 00:00:00.174928,-36.774918303832735,20.773335437257508,34.90172213835624,100.0,42.49165021524957,28.78367652644277,-60.31240972649684,46.05283300818784,57.11369254566144,28.297145078465565,2.961484461252489,65.51629547913008,Unfeasible shape,GPSampler,PRUNED
3303,3303,6.0,2026-04-21 18:51:43.774296,2026-04-21 18:51:44.056180,0 days 00:00:00.281884,-37.069065971353915,21.070024180404275,35.06346096411647,100.0,43.00678291115951,29.064084544366615,-60.36437201545708,46.22778060183668,57.564929212350535,28.877419148246176,3.1556543267204233,65.71117764917133,Unfeasible shape,GPSampler,PRUNED
3304,3304,6.0,2026-04-21 18:51:44.243596,2026-04-21 18:51:44.430215,0 days 00:00:00.186619,-36.80743109466701,21.179319688904894,34.779342721437246,100.0,43.06378493992763,28.794679452584163,-60.31965798739276,45.845487457047625,57.037312157098924,28.47602070355077,3.109698138447577,65.696368357149,Unfeasible shape,GPSampler,PRUNED
3305,3305,6.0,2026-04-21 18:51:44.644421,2026-04-21 18:51:44.862374,0 days 00:00:00.217953,-36.74252907834454,20.909425927057967,35.062027308279305,100.0,42.56767532659747,29.07497450980631,-60.32739252863611,45.844920850073485,56.99344500578344,28.59636264611945,3.0925910900459854,65.57053994251369,Unfeasible shape,GPSampler,PRUNED
3306,3306,6.0,2026-04-21 18:51:45.135505,2026-04-21 18:51:45.324323,0 days 00:00:00.188818,-36.69655951818039,21.03141553223569,35.132111204030615,100.0,42.713896175658675,29.077848903251358,-60.28319214127543,45.889903900175405,57.009760222919205,28.487265113530963,3.0885697081858865,65.52308472698809,Unfeasible shape,GPSampler,PRUNED
3307,3307,6.0,2026-04-21 18:51:45.512783,2026-04-21 18:51:45.677094,0 days 00:00:00.164311,-36.72495056267678,21.063167222833464,34.5650439605696,100.0,42.51755653989923,29.125939852060867,-60.725237213602085,45.94309632992579,57.117242805774445,28.178108752544635,3.130736331419513,65.65195611451769,Unfeasible shape,GPSampler,PRUNED
3308,3308,6.0,2026-04-21 18:51:45.856142,2026-04-21 18:51:46.021178,0 days 00:00:00.165036,-36.62001847246811,21.129386478561592,35.499397670813806,100.0,42.526913989075894,28.992590459013854,-60.262325562145676,46.278826129372504,56.9541082470633,28.306629372947402,3.0524161745198626,65.41804773349041,Unfeasible shape,GPSampler,PRUNED
3309,3309,6.0,2026-04-21 18:51:46.246071,2026-04-21 18:51:46.414947,0 days 00:00:00.168876,-36.83169566146806,20.791607660252573,34.69623212121371,100.0,42.948579573610495,28.863988975638918,-60.479111915870895,45.76902666904025,56.79512896894589,28.458026504091833,3.186856337344963,65.87321498854999,Unfeasible shape,GPSampler,PRUNED
3310,3310,6.0,2026-04-21 18:51:46.611023,2026-04-21 18:51:46.738633,0 days 00:00:00.127610,-36.804657366604076,20.931748711754857,34.91315398194328,100.0,42.614408506666614,29.07550680380949,-60.34538221458293,46.08090869856882,57.137695458053834,28.389408122623966,3.095922089548239,65.68828428006263,Unfeasible shape,GPSampler,PRUNED
3311,3311,6.0,2026-04-21 18:51:47.099576,2026-04-21 18:51:47.278107,0 days 00:00:00.178531,-36.77625006598207,21.102760463750954,34.54810671788077,100.0,42.84193535724058,29.060089999815347,-60.3886809812185,45.93428464133204,57.29590332482308,28.54209510787647,3.101762716198728,65.9763470114785,Unfeasible shape,GPSampler,PRUNED
3312,3312,6.0,2026-04-21 18:51:47.457867,2026-04-21 18:51:47.624592,0 days 00:00:00.166725,-36.820121858726644,20.904838899899683,34.47014415838355,100.0,42.85037536833562,28.875003734746677,-60.53676773385361,45.889764716153636,57.188187085691006,28.289611316517075,3.1546504550283103,65.67785287174256,Unfeasible shape,GPSampler,PRUNED
3313,3313,6.0,2026-04-21 18:51:47.812432,2026-04-21 18:51:47.951156,0 days 00:00:00.138724,-36.593949161459456,20.749054819407014,34.939380478484026,100.0,43.22728023630035,29.049813493459922,-60.51674043345696,46.06465913669291,56.53948489976337,28.35073182750595,3.0758908428433003,65.56354933079297,Unfeasible shape,GPSampler,PRUNED
3314,3314,6.0,2026-04-21 18:51:48.131572,2026-04-21 18:51:48.491218,0 days 00:00:00.359646,-36.71684249908203,20.887715318306626,34.838414620153586,100.0,43.086850334182046,29.03871074799092,-60.24490581352063,46.09967694948382,57.268734291328634,28.483561675943083,3.074177398852484,65.6956096996796,Unfeasible shape,GPSampler,PRUNED
3315,3315,6.0,2026-04-21 18:51:48.668193,2026-04-21 18:51:48.819707,0 days 00:00:00.151514,-36.72949213875209,20.958855956984234,34.80377518005402,100.0,42.79676181938973,29.047827807395322,-60.294993740731215,45.97540375912917,57.12371528320122,28.365545995346228,3.145201898046473,65.82669573101094,Unfeasible shape,GPSampler,PRUNED
3316,3316,6.0,2026-04-21 18:51:49.074623,2026-04-21 18:51:49.243140,0 days 00:00:00.168517,-36.75711743411702,20.86867701685002,34.81558069924277,100.0,42.83093934233757,29.019704134109155,-60.34302667505291,45.87341691775511,57.15248109430965,28.379665501380323,3.12232665047118,65.61680209713847,Unfeasible shape,GPSampler,PRUNED
3317,3317,6.0,2026-04-21 18:51:49.469420,2026-04-21 18:51:49.622257,0 days 00:00:00.152837,-36.79979745611433,21.110458304243103,34.949812731020906,100.0,42.583451457978214,28.95921732811319,-60.45003981856309,46.01795308404985,57.21717622005868,28.437923105091308,3.1208939974139867,65.66274299363486,Unfeasible shape,GPSampler,PRUNED
3318,3318,6.0,2026-04-21 18:51:49.835170,2026-04-21 18:51:49.998332,0 days 00:00:00.163162,-36.86046359579302,20.94617050654994,34.864018224826296,100.0,42.83883240442074,28.996774321201883,-60.573025275090764,45.69358327537249,56.91399146032461,28.563346055689962,3.193781110883819,65.81659562882294,Unfeasible shape,GPSampler,PRUNED
3319,3319,6.0,2026-04-21 18:51:50.213491,2026-04-21 18:51:50.345899,0 days 00:00:00.132408,-36.85809307204023,20.50660029894511,34.6011087112131,100.0,42.839060570713066,29.10785244230415,-60.446104917887126,45.99127750417506,56.92942583349335,28.528863557076104,3.0929430156014988,65.76717885503636,Unfeasible shape,GPSampler,PRUNED
3320,3320,6.0,2026-04-21 18:51:50.581004,2026-04-21 18:51:50.807894,0 days 00:00:00.226890,-36.710879772823674,21.085755734613507,34.8464645958143,100.0,42.599654103244,28.93795617836932,-60.442019190380904,46.18339668773931,57.29888573401017,28.414303799149227,3.0648443243671153,65.75427754844569,Unfeasible shape,GPSampler,PRUNED
3321,3321,6.0,2026-04-21 18:51:51.010629,2026-04-21 18:51:51.145687,0 days 00:00:00.135058,-36.82005539390573,21.055921641372215,34.16486461221062,100.0,42.83909867377696,29.83836840913792,-60.60421960660365,45.96715803738291,57.22251083606234,28.747949555594108,3.2646297580540917,65.95954305409347,Unfeasible shape,GPSampler,PRUNED
3322,3322,6.0,2026-04-21 18:51:51.310033,2026-04-21 18:51:51.471464,0 days 00:00:00.161431,-36.78631227409159,21.00032674105148,34.86332938063869,100.0,42.6768437146247,28.919659916348905,-60.31210326354871,46.022810318591695,57.1311497477181,28.446818402004812,3.073695043375878,65.56996895679336,Unfeasible shape,GPSampler,PRUNED
3323,3323,6.0,2026-04-21 18:51:51.780498,2026-04-21 18:51:51.968817,0 days 00:00:00.188319,-36.93600502984198,20.617926121940343,34.72069482794592,100.0,42.746670539497785,28.91331746933553,-60.417207558801294,46.08512017881811,57.37215288840021,28.34804100078213,3.08662644710153,65.55871433277007,Unfeasible shape,GPSampler,PRUNED
3324,3324,6.0,2026-04-21 18:51:52.162101,2026-04-21 18:51:52.323042,0 days 00:00:00.160941,-36.80555841078347,20.83231502170544,35.08862281929979,100.0,42.65204154882012,29.15595115485457,-60.46213179413401,45.644389362198886,57.125384254369955,28.47072427511719,3.101043608829066,65.63624689472726,Unfeasible shape,GPSampler,PRUNED
3325,3325,6.0,2026-04-21 18:51:52.497969,2026-04-21 18:51:52.667951,0 days 00:00:00.169982,-36.976976843572515,21.124986342250946,34.58936009732548,100.0,42.275454225345534,29.595151100031217,-60.34744003114595,46.05262578012733,57.08492526935373,28.25217220788935,3.1289499276586454,65.40157540783844,Unfeasible shape,GPSampler,PRUNED
3326,3326,6.0,2026-04-21 18:51:52.828863,2026-04-21 18:51:52.970331,0 days 00:00:00.141468,-36.800439551890236,21.237806137666666,34.4875249936443,100.0,43.05780557879944,28.885021570131563,-60.33234522411003,46.059790918811316,57.283948001620175,28.638443203723323,3.109453756583264,65.63765360612457,Unfeasible shape,GPSampler,PRUNED
3327,3327,6.0,2026-04-21 18:51:53.151051,2026-04-21 18:51:53.323854,0 days 00:00:00.172803,-36.73609648460194,20.585088830805915,35.21705244316661,100.0,42.81672236769503,29.064137714457665,-60.10683380862176,45.77160647433567,57.23871551535125,28.334469153927,3.1909606318960115,65.59527869283683,Unfeasible shape,GPSampler,PRUNED
3328,3328,6.0,2026-04-21 18:51:53.546982,2026-04-21 18:51:53.727030,0 days 00:00:00.180048,-36.72157318759448,20.61591466976386,35.01807779666847,100.0,42.630973812183264,28.83095165239807,-60.272321235689624,45.820523826139244,57.19704318652404,28.40369380513349,3.1004394872208465,65.6509455670525,Unfeasible shape,GPSampler,PRUNED
3329,3329,6.0,2026-04-21 18:51:53.899600,2026-04-21 18:51:54.238844,0 days 00:00:00.339244,-36.657236930337696,21.69569977409015,34.72727530335527,100.0,42.418401013291856,28.96876761380669,-60.612090041185866,45.93135491365636,56.73783261812412,28.346488678670454,3.1160692552927003,65.6557079295256,Unfeasible shape,GPSampler,PRUNED
3330,3330,6.0,2026-04-21 18:51:54.442634,2026-04-21 18:51:54.572529,0 days 00:00:00.129895,-36.89795665921431,20.98514463098673,34.6120031904027,100.0,42.45723823373871,29.04785094876192,-60.40049754665232,45.85061539838856,57.04498555359062,28.808705732296435,3.189379323371,66.15593707715801,Unfeasible shape,GPSampler,PRUNED
3331,3331,6.0,2026-04-21 18:51:54.768671,2026-04-21 18:51:54.981990,0 days 00:00:00.213319,-36.78960996063645,21.140653561582265,34.31266915226722,100.0,42.598854921616805,29.166727584939338,-60.57647332158193,45.92894338915687,57.31780741587579,28.102793042255225,3.1222165162825206,65.928415781152,Unfeasible shape,GPSampler,PRUNED
3332,3332,6.0,2026-04-21 18:51:55.246065,2026-04-21 18:51:55.402078,0 days 00:00:00.156013,-36.895481885076855,20.798200541928264,35.17662186180675,100.0,42.5179958176566,28.456031324456397,-60.44135079136443,45.69981636698732,56.92176996262137,28.438507910975858,2.9942252512818754,65.41449816861818,Unfeasible shape,GPSampler,PRUNED
3333,3333,6.0,2026-04-21 18:51:55.653575,2026-04-21 18:51:55.792451,0 days 00:00:00.138876,-36.70717791344239,20.98744014289683,34.84738116933967,100.0,42.72010433624707,28.93640423456145,-60.35306396095693,45.94652794086685,57.129745477701995,28.588810870232503,3.1589800951883973,65.68923298662119,Unfeasible shape,GPSampler,PRUNED
3334,3334,6.0,2026-04-21 18:51:55.989435,2026-04-21 18:51:56.105635,0 days 00:00:00.116200,-36.666785120555794,20.60448570589773,35.10146650810354,99.98368068057113,42.78120971971239,29.670191068541882,-60.099243606540234,45.6339293259718,56.68012326290023,28.945800857021908,3.0441022412140057,65.3400409623967,Unfeasible shape,GPSampler,PRUNED
