,number,value,datetime_start,datetime_complete,duration,params_lLegPt.rA1,params_lLegPt.rL0,params_lLegPt.rL1,params_lLegPt.rL2,params_lLegPt.x1,params_lLegPt.y1,params_sLegPt.rA1,params_sLegPt.rL0,params_sLegPt.rL1,params_sLegPt.rL2,params_sLegPt.x1,params_sLegPt.y1,user_attrs_prune,system_attrs_auto:sampler,state
3847,3847,6.0,2026-04-21 18:54:59.302024,2026-04-21 18:54:59.486727,0 days 00:00:00.184703,-36.72315449434767,21.087400885980884,34.816325578042125,100.0,42.89958882858353,29.010624876082055,-60.29695525841795,45.91659240807972,57.16343886899668,28.313474220584023,3.1145463890810063,65.79860162395606,Unfeasible shape,GPSampler,PRUNED
3848,3848,6.0,2026-04-21 18:54:59.656327,2026-04-21 18:54:59.786885,0 days 00:00:00.130558,-36.837593447730875,21.02848236730621,34.84804674930345,100.0,42.85250595044357,29.10298459060442,-60.378250635607934,45.896858941460664,57.13999907987498,28.352297567173082,3.1296001511414246,65.58425681273663,Unfeasible shape,GPSampler,PRUNED
3849,3849,6.0,2026-04-21 18:54:59.986883,2026-04-21 18:55:00.240595,0 days 00:00:00.253712,-36.73041363074549,20.710936716360525,34.893651562941066,100.0,42.789070278493426,29.020757290430723,-60.08811591377859,45.846855742523964,57.1419020280163,28.206611201218674,3.1379071221516384,65.78602392836004,Unfeasible shape,GPSampler,PRUNED
3850,3850,6.0,2026-04-21 18:55:00.470369,2026-04-21 18:55:00.613029,0 days 00:00:00.142660,-36.78047408601108,21.12548043847029,34.87367393947848,100.0,42.81214709732817,29.073493178974083,-60.4140126592051,46.01218697281885,57.12674674981678,28.44388260142648,3.0938771357042754,65.65325560071152,Unfeasible shape,GPSampler,PRUNED
3851,3851,6.0,2026-04-21 18:55:00.800307,2026-04-21 18:55:01.004018,0 days 00:00:00.203711,-36.858323879145956,20.393823695033216,34.637170540005116,100.0,42.2397291839489,29.25398462855769,-59.90276394688931,45.68770356179668,56.46144743889622,28.65648464433188,3.184308739596638,65.87631275562161,Unfeasible shape,GPSampler,PRUNED
3852,3852,6.0,2026-04-21 18:55:01.217385,2026-04-21 18:55:01.390245,0 days 00:00:00.172860,-36.77198379534543,20.94465442542123,34.80599402104976,100.0,42.649170579111924,29.14819064387983,-60.35642285248324,45.98143075993051,57.096986220926226,28.196144980211884,3.104505107782728,65.69308982465458,Unfeasible shape,GPSampler,PRUNED
3853,3853,6.0,2026-04-21 18:55:01.560322,2026-04-21 18:55:01.844461,0 days 00:00:00.284139,-36.759779174226146,21.159597142971258,35.112000628133856,100.0,42.645833158781784,29.054750297571573,-60.36906387746302,45.881309026545765,56.962268766507165,28.49326983700389,3.1054085663164983,65.54414410483774,Unfeasible shape,GPSampler,PRUNED
3854,3854,6.0,2026-04-21 18:55:02.075085,2026-04-21 18:55:02.209080,0 days 00:00:00.133995,-36.76299481514171,20.600633733639008,35.06236343598916,100.0,42.839990995295466,29.092295136103147,-60.18803689667456,45.781168454909995,57.15731580895472,28.61837813072602,3.119349324324041,65.70496120361469,Unfeasible shape,GPSampler,PRUNED
3855,3855,6.0,2026-04-21 18:55:02.429684,2026-04-21 18:55:02.629022,0 days 00:00:00.199338,-36.79989205484608,21.05243287320578,34.74656221742928,100.0,42.79594941441479,29.040557109449473,-60.32298585351029,45.87402818616551,57.0959641581135,28.462705234305293,3.1117968607251,65.81075535054663,Unfeasible shape,GPSampler,PRUNED
3856,3856,6.0,2026-04-21 18:55:02.888525,2026-04-21 18:55:03.039543,0 days 00:00:00.151018,-36.74965446950451,21.10124710059651,34.63919422560893,100.0,42.629671667436774,29.015457995328973,-60.34786296977463,46.09135634354291,57.23484892770548,28.61205291478584,3.045127681451838,65.79491681458008,Unfeasible shape,GPSampler,PRUNED
3857,3857,6.0,2026-04-21 18:55:03.240886,2026-04-21 18:55:03.393888,0 days 00:00:00.153002,-36.88467455414538,20.784967830038262,34.80768851292454,100.0,42.38431407268323,28.564297292992315,-60.47147937772425,45.95398020483686,57.01202098455368,28.860552853508242,3.1428570694431883,66.04352338136745,Unfeasible shape,GPSampler,PRUNED
3858,3858,6.0,2026-04-21 18:55:03.580190,2026-04-21 18:55:03.793379,0 days 00:00:00.213189,-36.8260502730496,21.093289356447233,34.89414370083588,100.0,42.72698364918601,29.048389876104878,-60.389551723826415,45.85106435205555,57.19158527503715,28.520969645695924,3.0861842894249847,65.6383798599952,Unfeasible shape,GPSampler,PRUNED
3859,3859,6.0,2026-04-21 18:55:04.066953,2026-04-21 18:55:04.193452,0 days 00:00:00.126499,-36.89223546647552,21.0439922482681,34.63793298038845,100.0,43.018549943449095,28.92313501308189,-60.148720298340976,46.081935886121556,57.20626049666663,28.414522911088188,3.073764491843143,65.59110123521027,Unfeasible shape,GPSampler,PRUNED
3860,3860,6.0,2026-04-21 18:55:04.350844,2026-04-21 18:55:04.556616,0 days 00:00:00.205772,-36.653214016358426,21.024158659734695,34.94715444005932,100.0,42.70415150276573,29.1640791268201,-60.419587428861064,46.00748407233555,57.46552721467363,28.316605658445063,3.178276442898529,65.92971829071796,Unfeasible shape,GPSampler,PRUNED
3861,3861,6.0,2026-04-21 18:55:04.757821,2026-04-21 18:55:04.923357,0 days 00:00:00.165536,-36.79037492624881,20.87276382283723,34.964265456717925,100.0,42.81188682079624,28.95869392171916,-60.37755649567313,45.77335762990236,57.06671690915433,28.384719609015274,3.1149425941532627,65.56139246752554,Unfeasible shape,GPSampler,PRUNED
3862,3862,6.0,2026-04-21 18:55:05.197097,2026-04-21 18:55:05.328503,0 days 00:00:00.131406,-36.93602985526819,21.577882004721417,34.424352212732586,100.0,42.60116535241814,29.149612516203796,-60.62965467014862,45.69367626428147,57.34152628484657,28.03089274812904,3.2420788730491594,66.32926314666831,Unfeasible shape,GPSampler,PRUNED
3863,3863,6.0,2026-04-21 18:55:05.515717,2026-04-21 18:55:05.663639,0 days 00:00:00.147922,-36.784454475290275,21.14134752953336,34.73411591681662,100.0,42.72789150666971,28.98927669137442,-60.424816824840164,45.99766291480485,57.152423712053164,28.46869853097151,3.106849505851109,65.69506884896772,Unfeasible shape,GPSampler,PRUNED
3864,3864,6.0,2026-04-21 18:55:05.847424,2026-04-21 18:55:06.020993,0 days 00:00:00.173569,-36.74400929068445,21.061809180117336,35.14402715108008,100.0,42.79461745176652,28.98883073565407,-60.194024558122,45.90924528697308,57.033940600699225,28.572366606301816,3.0887588750770547,65.64062454191556,Unfeasible shape,GPSampler,PRUNED
3865,3865,6.0,2026-04-21 18:55:06.281742,2026-04-21 18:55:06.500034,0 days 00:00:00.218292,-36.80224448724922,21.495682392324653,34.82644451892568,100.0,42.42768381340303,29.808472496505793,-60.517143568459446,46.62160381310171,57.119027918088214,27.7912594313184,3.071446935211064,66.2561523913037,Unfeasible shape,GPSampler,PRUNED
3866,3866,6.0,2026-04-21 18:55:06.681670,2026-04-21 18:55:06.850696,0 days 00:00:00.169026,-36.84669970831059,20.291150004232726,35.17332451111801,100.0,42.24912308920592,28.609313015362368,-60.2538632808154,45.99832266997515,57.33973738954815,28.863059316829947,3.0816413517385826,65.85389205681973,Unfeasible shape,GPSampler,PRUNED
3867,3867,6.0,2026-04-21 18:55:07.031795,2026-04-21 18:55:07.264526,0 days 00:00:00.232731,-36.818437807706395,20.85382439525258,34.98723061379562,100.0,42.781209438031006,28.862880829068708,-60.52769334571828,45.82627410652536,57.00686747983732,28.731682681296256,3.0404081508848932,65.53671912904706,Unfeasible shape,GPSampler,PRUNED
3868,3868,6.0,2026-04-21 18:55:07.474547,2026-04-21 18:55:07.643465,0 days 00:00:00.168918,-36.571050599029405,21.178655127500754,33.89527419660058,100.0,43.15136541572873,29.343230425703034,-60.577385062742934,45.852791271654404,57.33953781457002,27.903141469610446,3.235595110653769,66.0457737044178,Unfeasible shape,GPSampler,PRUNED
3869,3869,6.0,2026-04-21 18:55:07.846247,2026-04-21 18:55:08.024849,0 days 00:00:00.178602,-36.86953110057329,21.067841284341704,34.499550923368176,100.0,42.57270951524364,29.453834755811123,-60.7232460776752,45.82087579666142,57.201324308898414,28.380177129013912,3.201324226660013,65.92296540005894,Unfeasible shape,GPSampler,PRUNED
3870,3870,6.0,2026-04-21 18:55:08.236373,2026-04-21 18:55:08.359100,0 days 00:00:00.122727,-36.7512473080635,20.681875635410286,35.119564398885586,100.0,42.69382027638207,29.19427544778656,-60.22575321750398,45.8638935544868,57.14399673349095,28.631420491570005,3.074275802252558,65.61409721081785,Unfeasible shape,GPSampler,PRUNED
3871,3871,6.0,2026-04-21 18:55:08.618265,2026-04-21 18:55:08.807343,0 days 00:00:00.189078,-36.87114250687478,20.969922553969923,35.10031380864122,100.0,42.96111533981324,28.860292445664598,-60.6199064632102,45.95147750995285,57.22576836544967,28.32536907054777,2.989519631601226,65.62438613924773,Unfeasible shape,GPSampler,PRUNED
3872,3872,6.0,2026-04-21 18:55:08.986979,2026-04-21 18:55:09.130859,0 days 00:00:00.143880,-36.802069977582555,21.440931249874993,34.78801255730201,100.0,42.80418389137898,28.88153880749212,-60.445651538130775,45.82347507341469,57.13693913063824,28.67313943910901,3.078246418988307,65.72213380141001,Unfeasible shape,GPSampler,PRUNED
3873,3873,6.0,2026-04-21 18:55:09.395933,2026-04-21 18:55:09.550117,0 days 00:00:00.154184,-36.88152911362197,20.88287376590224,34.79141103362823,100.0,42.913487058941314,29.0011525666148,-60.27946506401453,45.955906027010045,57.06920199828279,28.57678855378664,3.124503879535027,65.73702367093064,Unfeasible shape,GPSampler,PRUNED
3874,3874,6.0,2026-04-21 18:55:09.752916,2026-04-21 18:55:09.924472,0 days 00:00:00.171556,-36.74528547694229,21.154308435455555,34.98763353784075,100.0,42.455385905628845,29.177651957373776,-60.67358140601152,45.27602389278292,56.51863600775799,27.77810430630029,3.2451380920473056,65.60828791671531,Unfeasible shape,GPSampler,PRUNED
3875,3875,6.0,2026-04-21 18:55:10.108063,2026-04-21 18:55:10.282433,0 days 00:00:00.174370,-36.83953817389711,20.8810333343122,34.82298322706584,100.0,42.841354590091846,28.945269839532074,-60.27968846849964,45.71329804502924,57.18181698880957,28.601690815767107,3.139323601102106,65.6819574907886,Unfeasible shape,GPSampler,PRUNED
3876,3876,6.0,2026-04-21 18:55:10.452881,2026-04-21 18:55:10.646016,0 days 00:00:00.193135,-36.75010543463538,20.486195323419068,35.39814095540027,100.0,42.5943446624771,28.92476229364592,-60.36238924729524,45.93236028469581,56.92502206798656,28.7618159249934,3.085401609903819,65.26325733600552,Unfeasible shape,GPSampler,PRUNED
3877,3877,6.0,2026-04-21 18:55:10.874204,2026-04-21 18:55:11.129984,0 days 00:00:00.255780,-36.96200690440394,21.336591889518182,34.580096293695114,100.0,42.28197988796984,29.034063427918475,-60.282365723258465,45.83467077868958,56.99828773880941,28.402254712722588,3.1907363812635623,65.81243303176844,Unfeasible shape,GPSampler,PRUNED
3878,3878,6.0,2026-04-21 18:55:11.440108,2026-04-21 18:55:11.596815,0 days 00:00:00.156707,-36.78457027265419,20.88800708063892,34.96725065900753,100.0,42.61707687599603,29.01471330800723,-60.29898353640052,45.99126436557702,57.240252200545285,28.48770679680424,3.0517186282716224,65.51688171663197,Unfeasible shape,GPSampler,PRUNED
3879,3879,6.0,2026-04-21 18:55:11.917813,2026-04-21 18:55:12.090313,0 days 00:00:00.172500,-36.80438477675185,21.154226258509436,34.58643941269497,100.0,42.821166389365835,29.269986630079323,-60.602732431496904,45.86549833609807,57.21721006740283,28.267948708356865,3.0958471828021175,65.38384841542322,Unfeasible shape,GPSampler,PRUNED
3880,3880,6.0,2026-04-21 18:55:12.305725,2026-04-21 18:55:12.455355,0 days 00:00:00.149630,-36.709694993372054,21.019460219297734,34.899268946250004,100.0,42.593037463152676,29.032041113759753,-60.431577267337275,46.09278153375937,57.14110394276873,28.53357296625106,3.01449063422654,65.56918045321594,Unfeasible shape,GPSampler,PRUNED
3881,3881,6.0,2026-04-21 18:55:12.652712,2026-04-21 18:55:12.804244,0 days 00:00:00.151532,-36.761344926365766,20.86695512466509,35.03040149167671,100.0,42.68743370494352,28.978295787586283,-60.271868978302905,46.030969269504396,57.12224646311561,28.352654394486763,3.081759044810809,65.53992194393567,Unfeasible shape,GPSampler,PRUNED
3882,3882,6.0,2026-04-21 18:55:13.003473,2026-04-21 18:55:13.286229,0 days 00:00:00.282756,-36.81434845202973,21.22953249559746,34.86311109200065,100.0,42.4817823117894,29.12509067573631,-60.41656734150334,45.92390109157595,57.48746186999411,28.433268018831352,3.252621442236439,65.59855946527573,Unfeasible shape,GPSampler,PRUNED
3883,3883,6.0,2026-04-21 18:55:13.467540,2026-04-21 18:55:13.594381,0 days 00:00:00.126841,-36.82123283649618,20.896004297493384,34.78428742073132,100.0,42.668098811131784,29.030930973428248,-60.320247451858236,45.89353162806599,57.16795703286421,28.51948380778191,3.1142039792185088,65.78348069045815,Unfeasible shape,GPSampler,PRUNED
3884,3884,6.0,2026-04-21 18:55:13.767588,2026-04-21 18:55:13.965885,0 days 00:00:00.198297,-36.665071375791314,21.10723954963075,35.240485816828176,100.0,42.81247580931321,28.986589241050673,-60.25842154677676,46.3308985860564,57.08814954821744,28.553941681440932,3.1332971607006144,65.53869343945158,Unfeasible shape,GPSampler,PRUNED
3885,3885,6.0,2026-04-21 18:55:14.173951,2026-04-21 18:55:14.321600,0 days 00:00:00.147649,-36.87009681817531,21.164962345472695,34.80371916391135,100.0,42.654947694427364,29.11188356048627,-60.492287447379084,45.82444019043314,57.105055561360885,28.328844692125358,3.1314042164597,65.60208230131732,Unfeasible shape,GPSampler,PRUNED
3886,3886,6.0,2026-04-21 18:55:14.523269,2026-04-21 18:55:14.682827,0 days 00:00:00.159558,-36.8116040324056,20.97997516268036,34.81769428822313,100.0,42.80432710444072,29.01359124670769,-60.351760190268905,46.004139016762686,57.15873188129332,28.458487944509088,3.1052410203755088,65.56348405592584,Unfeasible shape,GPSampler,PRUNED
3887,3887,6.0,2026-04-21 18:55:14.863989,2026-04-21 18:55:15.009420,0 days 00:00:00.145431,-36.75246766966086,20.979819544320947,34.95191811925342,100.0,42.69944708534371,29.063199009192644,-60.344195713196214,45.909811719019665,57.13670330184932,28.46248961651508,3.1033836094195166,65.65403912298747,Unfeasible shape,GPSampler,PRUNED
3888,3888,6.0,2026-04-21 18:55:15.194910,2026-04-21 18:55:15.383755,0 days 00:00:00.188845,-36.8832950760004,20.70137836442476,34.79396802260658,100.0,42.7368020649867,28.896910234714426,-60.56615147917607,45.908681062965115,57.22546172550483,28.60934032955267,3.082809009324187,65.48662236470912,Unfeasible shape,GPSampler,PRUNED
3889,3889,6.0,2026-04-21 18:55:15.707609,2026-04-21 18:55:15.838044,0 days 00:00:00.130435,-36.74214375344662,21.04068097161582,35.00614176160291,100.0,42.719771937346245,28.914910632105432,-60.331472426310974,46.13113106641333,57.223751769265185,28.353346872048235,3.1314662959880835,65.73909685131275,Unfeasible shape,GPSampler,PRUNED
3890,3890,6.0,2026-04-21 18:55:16.018190,2026-04-21 18:55:16.174664,0 days 00:00:00.156474,-36.773325904000664,21.305607261719445,34.73561201683768,100.0,42.704547838974015,29.066960290851576,-60.393242592555424,46.018293671758876,57.248454841230355,28.31247172117808,3.1208061031320113,65.75022554081356,Unfeasible shape,GPSampler,PRUNED
3891,3891,6.0,2026-04-21 18:55:16.376486,2026-04-21 18:55:16.558730,0 days 00:00:00.182244,-36.80637992661769,20.66633229879315,35.0742045968691,99.9257442910252,42.963706773063414,28.87998861035279,-60.23940168086753,45.77857578381916,57.12626025217581,28.88166930646033,3.034289319087364,65.70868713417633,Unfeasible shape,GPSampler,PRUNED
3892,3892,6.0,2026-04-21 18:55:16.789548,2026-04-21 18:55:16.930324,0 days 00:00:00.140776,-36.75186509568214,21.131846879456315,35.05773989395897,100.0,42.66973594877869,29.138052915097347,-60.40731318873282,45.91059471628961,57.33791930789933,28.44619149881747,3.1033981606563117,65.73756846606224,Unfeasible shape,GPSampler,PRUNED
3893,3893,6.0,2026-04-21 18:55:17.150226,2026-04-21 18:55:17.294537,0 days 00:00:00.144311,-36.63776035692343,20.823679425921284,35.19733083647507,100.0,43.28181948859868,28.854764056416776,-60.36550042987414,45.91229791659907,57.15611159412727,28.850636986418362,3.0848860295577794,65.44142621465191,Unfeasible shape,GPSampler,PRUNED
3894,3894,6.0,2026-04-21 18:55:17.508572,2026-04-21 18:55:17.699114,0 days 00:00:00.190542,-36.810528455087734,20.98490805573463,34.90515417178564,100.0,42.65426425589414,28.99746604195648,-60.207272333010394,45.88494959863075,57.347225612560145,28.6284146979236,3.1291108033862045,65.9442286224113,Unfeasible shape,GPSampler,PRUNED
3895,3895,6.0,2026-04-21 18:55:17.871915,2026-04-21 18:55:18.059761,0 days 00:00:00.187846,-36.76655428429434,20.73954216532146,34.96102569681801,100.0,42.818424034442835,29.06118685193357,-60.35820905613009,46.01956574070508,57.32435852897658,28.25001284059612,3.1529188385737257,65.6563476614257,Unfeasible shape,GPSampler,PRUNED
3896,3896,6.0,2026-04-21 18:55:18.294485,2026-04-21 18:55:18.462356,0 days 00:00:00.167871,-36.74521985716012,21.042847156286484,34.684394017961964,100.0,42.780883299418484,29.114988448448784,-60.385442963753924,45.96374275108288,57.17607140976125,28.291956310361606,3.1438849217685174,65.90837207813159,Unfeasible shape,GPSampler,PRUNED
3897,3897,6.0,2026-04-21 18:55:18.628416,2026-04-21 18:55:18.814562,0 days 00:00:00.186146,-37.02093861796318,20.69768129743326,34.97171380569455,100.0,42.502886392155865,29.32707723055632,-60.54715807496203,46.248379858305285,57.06103027235919,28.194659797021092,2.975866321977378,65.8683969715808,Unfeasible shape,GPSampler,PRUNED
3898,3898,6.0,2026-04-21 18:55:19.015455,2026-04-21 18:55:19.206451,0 days 00:00:00.190996,-36.77069040711929,20.94217649604219,34.934293139490286,100.0,42.505069726704065,29.006190078812345,-60.43372851213165,45.874890070857546,57.15113024934446,28.364910947534888,3.082197085010229,65.62282042592136,Unfeasible shape,GPSampler,PRUNED
3899,3899,6.0,2026-04-21 18:55:19.516252,2026-04-21 18:55:19.661399,0 days 00:00:00.145147,-36.813200890970805,20.786348797525115,34.79369639062614,100.0,42.9366053143344,28.98757655328277,-60.23252204740904,45.93590797022893,57.02021276945662,28.453274151247253,3.1323656578484673,65.76135659826201,Unfeasible shape,GPSampler,PRUNED
3900,3900,6.0,2026-04-21 18:55:19.842892,2026-04-21 18:55:20.042383,0 days 00:00:00.199491,-36.84151422739113,21.196185613433997,34.81177948592409,100.0,42.76482889123142,29.118679122764675,-60.428703770418196,45.965549397232685,57.06759086727206,28.41810461338244,3.0912444573418867,65.60725261461397,Unfeasible shape,GPSampler,PRUNED
3901,3901,6.0,2026-04-21 18:55:20.222824,2026-04-21 18:55:20.373497,0 days 00:00:00.150673,-36.726475389492606,21.058489527050376,34.61831382389795,100.0,42.60403068890649,29.037405135063338,-60.45542305460715,46.06503758487115,56.85678621330312,28.35996116621674,3.1482274867826234,65.86879473173066,Unfeasible shape,GPSampler,PRUNED
3902,3902,6.0,2026-04-21 18:55:20.532673,2026-04-21 18:55:20.643710,0 days 00:00:00.111037,-36.728829858074256,20.872107387252427,34.7384792187617,100.0,42.61744113680435,29.110469087914275,-60.32545779765154,46.083451981199296,57.18624680429905,28.317791330577673,3.118060878004485,65.71780280832428,Unfeasible shape,GPSampler,PRUNED
3903,3903,6.0,2026-04-21 18:55:20.810371,2026-04-21 18:55:20.958257,0 days 00:00:00.147886,-36.79364518048195,21.146511886207165,34.74065176276308,100.0,42.672883655885116,29.134012562041214,-60.22450067929488,45.955594261491164,56.995311227584736,28.075306034232423,3.176632577482657,65.83561123147715,Unfeasible shape,GPSampler,PRUNED
3904,3904,6.0,2026-04-21 18:55:21.153850,2026-04-21 18:55:21.298703,0 days 00:00:00.144853,-36.77875769936419,21.062136416857967,34.82105645290956,100.0,42.67358373624293,29.117655747829282,-60.40322735204869,45.965723918002666,57.168504885330925,28.337416033462073,3.128689204286445,65.75615250333288,Unfeasible shape,GPSampler,PRUNED
3905,3905,6.0,2026-04-21 18:55:21.480186,2026-04-21 18:55:21.607133,0 days 00:00:00.126947,-36.83453696950776,21.341209310851383,34.97650566955201,100.0,42.612124390675724,29.286937724383122,-60.54040504560729,46.10291048807129,56.718494441991766,28.05914498394053,3.099189288227848,65.69035043433645,Unfeasible shape,GPSampler,PRUNED
3906,3906,6.0,2026-04-21 18:55:21.795890,2026-04-21 18:55:21.904710,0 days 00:00:00.108820,-36.74357013182245,21.104261968915193,34.540250353354566,100.0,42.33557857369372,29.209693184886987,-60.382305522772945,46.02756261980356,57.46930086967659,28.35884585124821,3.1936652727975883,65.85935307041184,Unfeasible shape,GPSampler,PRUNED
3907,3907,6.0,2026-04-21 18:55:22.070818,2026-04-21 18:55:22.263097,0 days 00:00:00.192279,-36.765813760895,20.999544245228886,34.91768815468576,100.0,42.70177161717761,29.18155224204135,-60.334573842846524,45.89969133069691,57.19978587121859,28.36862658466792,3.125085245727462,65.71757071488624,Unfeasible shape,GPSampler,PRUNED
3908,3908,6.0,2026-04-21 18:55:22.461289,2026-04-21 18:55:22.646108,0 days 00:00:00.184819,-36.54407093635527,21.071784309741574,34.336379100748985,100.0,42.51350404417362,29.165642433249182,-60.228702987586175,45.84111825231395,57.03660394494047,28.713934514335147,3.2070761195198116,65.66183796046188,Unfeasible shape,GPSampler,PRUNED
3909,3909,6.0,2026-04-21 18:55:22.853331,2026-04-21 18:55:23.007846,0 days 00:00:00.154515,-36.70609384224307,20.94777363712738,35.03234085697261,100.0,42.68651989598411,29.155284959239168,-60.43169075830422,45.8234011015701,57.16343395376932,28.33688933162828,3.1323629278254472,65.76054030660875,Unfeasible shape,GPSampler,PRUNED
3910,3910,6.0,2026-04-21 18:55:23.197213,2026-04-21 18:55:23.368916,0 days 00:00:00.171703,-36.773300389324,21.077387857829308,34.72947193188425,100.0,42.6196071065561,29.082954426185395,-60.569296128411196,45.90068541180662,57.19448480593897,28.361475955677392,3.1228289750278933,65.64346976010839,Unfeasible shape,GPSampler,PRUNED
