,number,value,datetime_start,datetime_complete,duration,params_lLegPt.rA1,params_lLegPt.rL0,params_lLegPt.rL1,params_lLegPt.rL2,params_lLegPt.x1,params_lLegPt.y1,params_sLegPt.rA1,params_sLegPt.rL0,params_sLegPt.rL1,params_sLegPt.rL2,params_sLegPt.x1,params_sLegPt.y1,user_attrs_prune,system_attrs_auto:sampler,state
186,186,6.0,2026-04-21 18:34:07.116031,2026-04-21 18:34:07.224425,0 days 00:00:00.108394,-36.845483650852955,21.078905222396607,34.93971113843416,100.0,42.70856114452204,28.9955614640333,-60.386511468929896,45.958401727005054,57.320519130303964,28.542734761725786,3.1435993544072005,65.79839002187785,Unfeasible shape,GPSampler,PRUNED
187,187,6.0,2026-04-21 18:34:07.365687,2026-04-21 18:34:07.523372,0 days 00:00:00.157685,-36.78760272943907,20.955553824940807,34.90136741170603,100.0,42.71121368858168,29.001805037129827,-60.43482137801186,45.93857738949098,57.15306780079543,28.34238369582388,3.121602958288385,65.7473104358083,Unfeasible shape,GPSampler,PRUNED
188,188,6.0,2026-04-21 18:34:07.712072,2026-04-21 18:34:07.860009,0 days 00:00:00.147937,-36.78673121522882,21.08390569719752,34.63150539219192,100.0,42.743775627642805,29.003232394180856,-60.511831306269926,45.91599786513195,57.22639302612516,28.625019518985145,3.095009847470088,65.74719070760759,Unfeasible shape,GPSampler,PRUNED
189,189,6.0,2026-04-21 18:34:08.019948,2026-04-21 18:34:08.166806,0 days 00:00:00.146858,-36.79374592118264,21.344944182945298,34.89431055253935,100.0,42.85519431656238,28.835688737309816,-60.37008807888908,45.99265859196177,57.197846551912995,28.607191604560906,3.0665272770397394,65.75474735803999,Unfeasible shape,GPSampler,PRUNED
190,190,6.0,2026-04-21 18:34:08.351575,2026-04-21 18:34:08.491482,0 days 00:00:00.139907,-36.75899245098338,21.03494369100846,34.761814359958095,100.0,42.741024031609825,29.153538219407977,-60.52916356832502,45.95219213280476,57.20936864137486,28.23500437820013,3.133146994723184,65.66586951673438,Unfeasible shape,GPSampler,PRUNED
191,191,6.0,2026-04-21 18:34:08.636777,2026-04-21 18:34:08.778861,0 days 00:00:00.142084,-36.7924036718007,21.329779113263818,34.44888115114934,100.0,42.84444680766789,29.073518352152483,-60.544984552052384,45.969126298104825,57.05464138436724,28.361270116068617,3.070899109294757,65.74394585220892,Unfeasible shape,GPSampler,PRUNED
192,192,6.0,2026-04-21 18:34:08.912839,2026-04-21 18:34:09.020679,0 days 00:00:00.107840,-36.73959837941279,21.311502348029123,34.5792784080159,100.0,42.63351104566245,29.15118177565531,-60.71203155186183,45.95997684764457,57.2381436058696,28.377172871422147,3.0972659740920605,65.63765581689198,Unfeasible shape,GPSampler,PRUNED
193,193,6.0,2026-04-21 18:34:09.174514,2026-04-21 18:34:09.280001,0 days 00:00:00.105487,-36.743748116161086,20.848114477699852,34.967707563895075,99.95759589956656,42.831517933929966,29.195799876001736,-60.551800893184065,45.8878740412457,57.22825396378243,28.21515936120391,3.2726142723827962,65.94893266923413,Unfeasible shape,GPSampler,PRUNED
194,194,6.0,2026-04-21 18:34:09.412333,2026-04-21 18:34:09.649743,0 days 00:00:00.237410,-36.71731759571028,21.152190271611218,34.624350315864504,100.0,42.69279746132478,29.17286560910187,-60.36812114985834,45.945334961287806,57.10370025694273,28.289183085974997,3.148782576944747,65.75262056698129,Unfeasible shape,GPSampler,PRUNED
195,195,6.0,2026-04-21 18:34:09.805097,2026-04-21 18:34:09.955027,0 days 00:00:00.149930,-36.91974203071089,21.26604537580524,34.406276365589065,100.0,42.44395486949979,29.56045311059369,-60.456321244577325,45.57073970757795,56.56839404339096,28.767279978737726,3.191062059020794,65.89302701254805,Unfeasible shape,GPSampler,PRUNED
196,196,6.0,2026-04-21 18:34:10.086738,2026-04-21 18:34:10.233327,0 days 00:00:00.146589,-36.7277722758671,20.964422842432572,34.5259293086901,100.0,42.71986013597563,29.1832363752686,-60.4115780066232,46.1093437668227,57.24320835863404,28.077289412870186,3.206412791731026,65.89372913818802,Unfeasible shape,GPSampler,PRUNED
197,197,6.0,2026-04-21 18:34:10.378631,2026-04-21 18:34:10.553104,0 days 00:00:00.174473,-36.87278682539389,21.09122112237947,34.842561895177994,100.0,42.734536786270866,29.111467285550162,-60.55083326707583,45.880261068134374,57.22099882555526,28.532576430601015,3.060059411419637,65.84067060317633,Unfeasible shape,GPSampler,PRUNED
198,198,6.0,2026-04-21 18:34:10.668968,2026-04-21 18:34:10.814414,0 days 00:00:00.145446,-36.82977353985974,20.87916350015264,34.90223167347068,100.0,42.63749139975385,29.036263863497545,-60.34179768358666,45.56677977890757,57.053161041878425,28.296592780948735,3.089885815135574,65.67662098282102,Unfeasible shape,GPSampler,PRUNED
199,199,6.0,2026-04-21 18:34:10.953759,2026-04-21 18:34:11.073548,0 days 00:00:00.119789,-36.75200294318928,21.2802436880774,34.52309121321932,100.0,42.93511864619389,29.05245755681377,-60.43362805567068,45.74475215980001,57.09247338414478,28.29667172111978,3.1682841443773953,65.99298287462209,Unfeasible shape,GPSampler,PRUNED
200,200,6.0,2026-04-21 18:34:11.203940,2026-04-21 18:34:11.399137,0 days 00:00:00.195197,-36.85130966677909,21.37400666335314,35.40436520494593,100.0,42.27230994940437,29.292006566189087,-60.08026596579741,45.6842873122129,57.4818652114848,28.644078891898086,3.093463047772957,65.34137202072489,Unfeasible shape,GPSampler,PRUNED
201,201,6.0,2026-04-21 18:34:11.580332,2026-04-21 18:34:11.736020,0 days 00:00:00.155688,-36.72800438513549,20.923969310908785,34.853507220648325,100.0,42.80042887478692,29.094077140738825,-60.296473833257075,45.84085237466029,57.11097019896898,28.631954932750133,3.140730595281532,65.67138420284287,Unfeasible shape,GPSampler,PRUNED
202,202,6.0,2026-04-21 18:34:11.870733,2026-04-21 18:34:12.026394,0 days 00:00:00.155661,-36.95224973188277,20.189135841704427,35.24208778334064,100.0,42.54323864774893,28.611747937699754,-60.24569311863361,45.755133730306056,56.97665994205988,28.858393663949066,3.036325456185196,65.5312853345192,Unfeasible shape,GPSampler,PRUNED
203,203,6.0,2026-04-21 18:34:12.351040,2026-04-21 18:34:12.492398,0 days 00:00:00.141358,-36.84090558031713,20.330365383991584,34.89883493476755,100.0,42.75169055721907,29.198062382266343,-59.676098094820276,46.563641427614066,57.48681836314512,28.31769763941527,3.151101159520131,65.88848333297818,Unfeasible shape,GPSampler,PRUNED
204,204,6.0,2026-04-21 18:34:12.750206,2026-04-21 18:34:12.893272,0 days 00:00:00.143066,-36.88242298267411,21.51008504685895,34.59735718314744,100.0,43.28347510473506,29.88758237308909,-60.490621724058045,46.20567403538285,57.25302195867932,27.985529733215774,3.147652018026747,66.03235337468921,Unfeasible shape,GPSampler,PRUNED
205,205,6.0,2026-04-21 18:34:13.047512,2026-04-21 18:34:13.162787,0 days 00:00:00.115275,-36.89873211591109,20.907995005746237,34.875504492673095,100.0,42.98165640958817,29.094279260792298,-60.05852238393484,45.88905736704408,57.05764091151014,28.29982417728654,3.1086581352103337,65.45725935127736,Unfeasible shape,GPSampler,PRUNED
206,206,6.0,2026-04-21 18:34:13.296911,2026-04-21 18:34:13.430489,0 days 00:00:00.133578,-36.820071139199115,21.051993716035607,34.97042041295792,100.0,42.706006340883796,28.69658883157608,-60.40528812567713,45.974719912670594,57.09817887248341,28.45545079206438,3.1272042077307916,65.5121759684625,Unfeasible shape,GPSampler,PRUNED
207,207,6.0,2026-04-21 18:34:13.727014,2026-04-21 18:34:13.853163,0 days 00:00:00.126149,-36.815336608765676,21.324274815583628,34.12199857156794,100.0,42.86093421058793,29.580137456214068,-60.50863066746359,45.803989997256046,57.415416953563806,27.9589332092008,3.320772530607613,66.29650608347744,Unfeasible shape,GPSampler,PRUNED
208,208,6.0,2026-04-21 18:34:14.022099,2026-04-21 18:34:14.151279,0 days 00:00:00.129180,-36.71218485930892,21.148570474761414,34.67065871819959,100.0,43.14195825544358,29.00667168277426,-60.18157692659202,45.991207484488356,57.17758977535292,28.498918870721106,3.168455060361005,65.71957372257938,Unfeasible shape,GPSampler,PRUNED
209,209,6.0,2026-04-21 18:34:14.271886,2026-04-21 18:34:14.406958,0 days 00:00:00.135072,-36.924014624592516,20.532327460276534,34.912745675586066,100.0,42.68194714873652,28.8377589585672,-60.33956715684564,45.98925299856391,57.20144471545816,28.496008038780666,3.1016217154581867,65.88110361700356,Unfeasible shape,GPSampler,PRUNED
210,210,6.0,2026-04-21 18:34:14.649176,2026-04-21 18:34:14.811981,0 days 00:00:00.162805,-36.8542862168789,20.563618466255825,35.188313370403385,100.0,42.59225672402959,29.11575424308888,-60.182970122439805,45.87547647415502,57.01475487362436,28.478573233224683,3.0387809436700692,65.62248860888657,Unfeasible shape,GPSampler,PRUNED
211,211,6.0,2026-04-21 18:34:14.978584,2026-04-21 18:34:15.126814,0 days 00:00:00.148230,-36.67239976820032,20.795047419931464,35.09557338269683,100.0,42.97513195198225,29.037532286582,-60.45393314693824,45.744023070447675,56.994017469883836,28.76395835815687,3.001359463984386,65.52235384003252,Unfeasible shape,GPSampler,PRUNED
212,212,6.0,2026-04-21 18:34:15.270650,2026-04-21 18:34:15.406040,0 days 00:00:00.135390,-36.71706010519027,21.45314291842397,34.71264619502803,100.0,43.30918546040084,29.3129542373268,-60.109802930013075,46.638282041372,57.80767132406514,27.974226895793787,3.1439182888666863,65.82191565557417,Unfeasible shape,GPSampler,PRUNED
213,213,6.0,2026-04-21 18:34:15.554854,2026-04-21 18:34:15.713781,0 days 00:00:00.158927,-36.728253105523926,20.88520947883336,34.9047013358473,100.0,42.648432208040006,28.924761686729873,-60.36101350674256,45.98645939746358,57.33340771359773,28.545598336544327,3.0959713879729165,65.55108965709768,Unfeasible shape,GPSampler,PRUNED
214,214,6.0,2026-04-21 18:34:15.859833,2026-04-21 18:34:15.994838,0 days 00:00:00.135005,-36.81616305417241,20.941135080987976,35.024654437883044,100.0,42.84311664519892,28.88888189673807,-60.13578285982505,45.994204085138634,57.091134809199914,28.43831763829838,3.0923319885730223,65.71616559502183,Unfeasible shape,GPSampler,PRUNED
215,215,6.0,2026-04-21 18:34:16.244637,2026-04-21 18:34:16.373014,0 days 00:00:00.128377,-36.706554055620494,20.726687194416705,34.76877353235791,100.0,42.73843920192476,29.253536404868804,-60.41697406141103,45.903868507149326,57.06905348916397,28.054068956320414,3.180759695871295,65.77607635883541,Unfeasible shape,GPSampler,PRUNED
216,216,6.0,2026-04-21 18:34:16.534751,2026-04-21 18:34:16.739720,0 days 00:00:00.204969,-36.78752432094658,20.99884027378002,34.77196119716933,100.0,42.64172838908265,29.02408627918301,-60.290166987149135,45.67625129309124,57.13888081089631,28.1952791720158,3.074345676421295,65.86775489435206,Unfeasible shape,GPSampler,PRUNED
217,217,6.0,2026-04-21 18:34:16.958826,2026-04-21 18:34:17.089758,0 days 00:00:00.130932,-36.62053245386712,20.883774822399317,35.218819805407335,100.0,42.768563118599104,28.55724161749626,-60.291874660787855,45.73931112449489,57.122370258806626,28.71280151809431,3.0919414948181654,65.50703067439493,Unfeasible shape,GPSampler,PRUNED
218,218,6.0,2026-04-21 18:34:17.221034,2026-04-21 18:34:17.325658,0 days 00:00:00.104624,-36.96355994501265,21.773507244732073,34.663270569585265,100.0,42.96773394214471,28.521307705279654,-59.93933054278695,45.78666082448166,57.31523061831165,28.948146036894297,3.091356088210425,65.82890740409856,Unfeasible shape,GPSampler,PRUNED
219,219,6.0,2026-04-21 18:34:17.451965,2026-04-21 18:34:17.581643,0 days 00:00:00.129678,-36.69315491232839,21.233503859351714,34.42617834907165,100.0,43.16972789054107,28.879154075565843,-60.44068879834086,46.135804007410954,56.970955887802695,28.816791062884562,3.097735153680837,65.5921942697509,Unfeasible shape,GPSampler,PRUNED
220,220,6.0,2026-04-21 18:34:17.807472,2026-04-21 18:34:17.954684,0 days 00:00:00.147212,-36.78979127439577,21.090086910581782,34.79712666589269,100.0,42.70417635924658,29.118200881399254,-60.41346935797847,45.89915635961548,57.26654165457083,28.450583764353095,3.1562953060027468,65.69607895789629,Unfeasible shape,GPSampler,PRUNED
221,221,6.0,2026-04-21 18:34:18.111420,2026-04-21 18:34:18.250646,0 days 00:00:00.139226,-36.71632382456794,21.169827977651977,34.8944688893375,100.0,42.82546012038616,29.38320283468267,-60.04170550069041,45.84734872658477,56.89729456211439,27.944809638549813,3.0963496642700292,65.90004398042812,Unfeasible shape,GPSampler,PRUNED
222,222,6.0,2026-04-21 18:34:18.418556,2026-04-21 18:34:18.573047,0 days 00:00:00.154491,-36.97227850841315,21.053941824586097,34.577836664692065,99.93612219276316,42.53687805270106,29.04355154453762,-60.069601426437536,45.862371792890954,56.86627018909297,28.77317267270365,3.1930645632412222,65.61453384649879,Unfeasible shape,GPSampler,PRUNED
223,223,6.0,2026-04-21 18:34:18.730387,2026-04-21 18:34:18.863009,0 days 00:00:00.132622,-36.728146715957244,21.174316350214596,34.83787832238157,100.0,42.71459221150645,28.955492983767,-60.53532840238344,45.98779463591234,57.107274524087934,28.55623061524399,3.0868831126443226,65.56212525340054,Unfeasible shape,GPSampler,PRUNED
224,224,6.0,2026-04-21 18:34:18.992974,2026-04-21 18:34:19.116720,0 days 00:00:00.123746,-36.66806963281676,20.69325651025967,34.742860202302,100.0,42.582894013759024,29.114734969069374,-60.52832914533823,45.65246590692457,57.14561010737821,28.432437218932915,3.1321938427176974,66.02527737369596,Unfeasible shape,GPSampler,PRUNED
225,225,6.0,2026-04-21 18:34:19.331120,2026-04-21 18:34:19.474854,0 days 00:00:00.143734,-36.74140871310304,21.218698664323593,34.897977692449516,100.0,42.74636227151782,28.92395051429338,-60.48950618361776,45.83053096732293,57.20654757019788,28.27458235368141,3.118403025630869,65.63998370699407,Unfeasible shape,GPSampler,PRUNED
226,226,6.0,2026-04-21 18:34:19.613768,2026-04-21 18:34:19.736530,0 days 00:00:00.122762,-36.71352537604842,20.99052979036356,35.143836968626815,100.0,42.68055121871136,29.55303227097354,-60.716311834334704,45.397862899764455,57.1868680659058,28.28347484487851,3.1228880971725843,65.90338352023467,Unfeasible shape,GPSampler,PRUNED
227,227,6.0,2026-04-21 18:34:19.877197,2026-04-21 18:34:20.018595,0 days 00:00:00.141398,-36.7767879535373,21.02867657042438,34.657884058549456,100.0,42.62014498761621,29.079555439430713,-60.58125296895092,45.87807555082391,57.18705880283253,28.296258586033712,3.130254733705108,65.66657983702481,Unfeasible shape,GPSampler,PRUNED
228,228,6.0,2026-04-21 18:34:20.176618,2026-04-21 18:34:20.310587,0 days 00:00:00.133969,-36.842752004138134,21.059965147644384,34.73684137830095,100.0,42.755093359750646,29.055308613524602,-60.338792894719774,45.956223883863075,57.1774983014815,28.426438069788226,3.110241733658583,65.57094993823296,Unfeasible shape,GPSampler,PRUNED
229,229,6.0,2026-04-21 18:34:20.449012,2026-04-21 18:34:20.631074,0 days 00:00:00.182062,-36.80099263410536,21.3591299012474,34.814528137465146,100.0,42.833126036479904,29.06661364252364,-60.28587279014096,45.932415792732684,57.07069403610745,28.1692953049327,3.242600402564193,65.73091408518015,Unfeasible shape,GPSampler,PRUNED
230,230,6.0,2026-04-21 18:34:20.790865,2026-04-21 18:34:20.883309,0 days 00:00:00.092444,-37.024808795183986,21.365898608271568,35.26832219332545,100.0,42.23526747763537,28.746264389808324,-59.99077568140923,45.78452388111108,57.01436772498488,28.56454823631708,2.9793627114977,65.55846196037261,Unfeasible shape,GPSampler,PRUNED
231,231,6.0,2026-04-21 18:34:21.138688,2026-04-21 18:34:21.281067,0 days 00:00:00.142379,-36.805055852877665,21.044862183958983,34.79190620490179,100.0,42.80142416635182,29.123156784550154,-60.337444732061286,45.80305493573115,57.11288118674418,28.320696454573365,3.155630078445519,65.77123527724147,Unfeasible shape,GPSampler,PRUNED
232,232,6.0,2026-04-21 18:34:21.429270,2026-04-21 18:34:21.576229,0 days 00:00:00.146959,-36.91898720478644,21.26709995359695,34.63550395141793,100.0,42.92091439811228,29.010606188500276,-60.42023846168699,45.93048009150648,57.07921866595616,28.390212867105387,3.123790400727053,65.66327735981189,Unfeasible shape,GPSampler,PRUNED
233,233,6.0,2026-04-21 18:34:21.731532,2026-04-21 18:34:21.873879,0 days 00:00:00.142347,-36.79269136025573,21.006707822638404,34.888068561839106,100.0,42.74267972399075,28.88358180713751,-60.177400185185604,45.95919755020825,57.087511790848666,28.350346729299204,3.0948262451008546,65.74698625851876,Unfeasible shape,GPSampler,PRUNED
234,234,6.0,2026-04-21 18:34:22.029809,2026-04-21 18:34:22.267634,0 days 00:00:00.237825,-36.983541958594586,20.60593705267611,35.00800364389353,100.0,42.44547799841296,28.97483231215729,-60.26387679304034,46.0128462004402,57.20736675041977,28.1948903661365,3.01886980443453,65.73973599118989,Unfeasible shape,GPSampler,PRUNED
235,235,6.0,2026-04-21 18:34:22.446657,2026-04-21 18:34:22.592449,0 days 00:00:00.145792,-36.85167866887176,20.64546691185317,34.71225907982253,100.0,42.71524626432626,29.479244138501954,-60.48066036058968,45.56780969199839,56.75937552435603,28.701072107965004,3.223758320645473,66.1479711661784,Unfeasible shape,GPSampler,PRUNED
236,236,6.0,2026-04-21 18:34:22.738258,2026-04-21 18:34:22.861096,0 days 00:00:00.122838,-36.71312085241604,21.134883459028607,34.33835245603717,100.0,42.69819851569583,28.89699073005795,-60.81038342439341,45.9202790759644,57.20566527147528,28.494292503788287,3.0988564994651,65.7193696621927,Unfeasible shape,GPSampler,PRUNED
237,237,6.0,2026-04-21 18:34:23.058435,2026-04-21 18:34:23.192121,0 days 00:00:00.133686,-36.73236879047268,21.109298113968087,35.00809137863881,100.0,42.768350936137125,28.99459512400712,-60.267514821950655,45.95757398915194,57.06165931821848,28.648766120916214,3.1305952680051377,65.514299410918,Unfeasible shape,GPSampler,PRUNED
238,238,6.0,2026-04-21 18:34:23.336753,2026-04-21 18:34:23.529714,0 days 00:00:00.192961,-36.838455998580166,20.843248379849317,34.634840014933765,100.0,42.85633902154152,28.941506932446444,-60.306120740845124,45.94562266792432,57.126344032469,28.563617461248015,3.1298383585489375,65.8187806969654,Unfeasible shape,GPSampler,PRUNED
239,239,6.0,2026-04-21 18:34:23.772436,2026-04-21 18:34:23.880941,0 days 00:00:00.108505,-36.90452450159925,21.185769670793512,34.608083403256046,100.0,42.62691717175879,29.058159468740484,-60.53882241533533,46.042143406126655,57.198751954211545,28.14155567934489,3.108608213752639,65.7664001379963,Unfeasible shape,GPSampler,PRUNED
240,240,6.0,2026-04-21 18:34:24.038116,2026-04-21 18:34:24.160774,0 days 00:00:00.122658,-36.74685296560741,21.132511550437016,34.93485436877053,100.0,42.857589222112324,28.936690316586144,-60.35211337154888,45.82644982293745,57.112369624463234,28.522285134870483,3.1091079471783445,65.52195997664288,Unfeasible shape,GPSampler,PRUNED
241,241,6.0,2026-04-21 18:34:24.376418,2026-04-21 18:34:24.502888,0 days 00:00:00.126470,-36.78057658969934,20.9455281926882,35.09165646722667,100.0,42.95116816341083,29.57154381221949,-60.78598865432667,45.85200262183183,57.571326436231445,27.65267441056599,3.1231249749644903,65.53902103268877,Unfeasible shape,GPSampler,PRUNED
242,242,6.0,2026-04-21 18:34:24.681883,2026-04-21 18:34:24.807063,0 days 00:00:00.125180,-36.95298148159395,20.91805238573425,34.76208358580702,100.0,42.88199331965352,29.090699439915454,-60.09272687530783,45.90302953526923,57.39539646316343,28.428101661246874,3.0303246941745385,65.76462563667769,Unfeasible shape,GPSampler,PRUNED
243,243,6.0,2026-04-21 18:34:24.957256,2026-04-21 18:34:25.166579,0 days 00:00:00.209323,-36.8474167143089,21.33922972340988,34.73608931076843,100.0,42.83945196650742,29.060607896021487,-60.56161403611068,46.149545947282874,57.12042896670338,28.63842695519294,3.053397997615363,65.60635205303271,Unfeasible shape,GPSampler,PRUNED
244,244,6.0,2026-04-21 18:34:25.335446,2026-04-21 18:34:25.508233,0 days 00:00:00.172787,-36.75896632517584,20.814804239396892,34.78758184026715,100.0,42.66608050624488,28.992478507910185,-60.33112588682741,46.20514204021341,57.229623936967165,28.27184444557514,3.094008724901485,65.66034608240207,Unfeasible shape,GPSampler,PRUNED
245,245,6.0,2026-04-21 18:34:25.685614,2026-04-21 18:34:25.816410,0 days 00:00:00.130796,-36.77071525723669,20.683159079072006,35.12406914775273,100.0,43.215828975503115,29.30803575403042,-60.236737737498174,45.79675569679022,56.86914657825076,28.536300102590545,3.0580886892487698,65.60181401956893,Unfeasible shape,GPSampler,PRUNED
246,246,6.0,2026-04-21 18:34:25.952315,2026-04-21 18:34:26.154482,0 days 00:00:00.202167,-36.73315130836146,21.014816222722253,34.75085680865902,100.0,42.623534804349326,29.15307437406546,-60.47594160855418,46.01705069481742,57.20802469669394,28.317647193963115,3.095972779099206,65.73918000754163,Unfeasible shape,GPSampler,PRUNED
247,247,6.0,2026-04-21 18:34:26.289110,2026-04-21 18:34:26.415522,0 days 00:00:00.126412,-37.0343103951053,21.01646193804318,34.56037041981035,99.99039145990368,42.66034282289297,28.846546465476642,-60.377984061803204,45.791675017075704,56.98602809828806,28.675913953580373,3.197505521899842,65.60392862627332,Unfeasible shape,GPSampler,PRUNED
248,248,6.0,2026-04-21 18:34:26.552660,2026-04-21 18:34:26.688470,0 days 00:00:00.135810,-36.76215431852652,20.750676134059837,34.976761800399245,100.0,43.0120705966947,28.971040545168123,-60.28066009775615,45.85413714499416,56.99211700233905,28.556002665062458,3.1257781908247466,65.56604123695651,Unfeasible shape,GPSampler,PRUNED
249,249,6.0,2026-04-21 18:34:26.847544,2026-04-21 18:34:26.981501,0 days 00:00:00.133957,-36.75797397764044,21.427961087267796,34.78191007473278,100.0,42.65150210127609,29.22898967672525,-60.602893484748265,45.766433440430234,56.9593134392154,28.305908529063224,3.177317473158375,65.740883601928,Unfeasible shape,GPSampler,PRUNED
250,250,6.0,2026-04-21 18:34:27.129356,2026-04-21 18:34:27.262249,0 days 00:00:00.132893,-36.93016903028829,20.80944499666797,34.950648057901866,100.0,42.82951403317608,29.200480391055038,-60.23725547273073,45.697717706854576,57.13816870130758,28.596177403974163,3.130639051670286,65.77561893449563,Unfeasible shape,GPSampler,PRUNED
