,number,value,datetime_start,datetime_complete,duration,params_lLegPt.rA1,params_lLegPt.rL0,params_lLegPt.rL1,params_lLegPt.rL2,params_lLegPt.x1,params_lLegPt.y1,params_sLegPt.rA1,params_sLegPt.rL0,params_sLegPt.rL1,params_sLegPt.rL2,params_sLegPt.x1,params_sLegPt.y1,user_attrs_prune,system_attrs_auto:sampler,state
1479,1479,6.0,2026-04-21 18:41:13.671221,2026-04-21 18:41:13.923187,0 days 00:00:00.251966,-36.7095911858537,21.178260222519864,34.98779675258119,100.0,42.69058979474115,28.934630584452705,-60.465916996426856,46.05536143611825,57.26501719826416,28.41580801225717,3.1008538909020658,65.56732107609598,Unfeasible shape,GPSampler,PRUNED
1480,1480,6.0,2026-04-21 18:41:14.076562,2026-04-21 18:41:14.237351,0 days 00:00:00.160789,-36.77977554805487,21.10656565409323,34.790615023086154,100.0,42.712870718803046,29.078935753991203,-60.379734483856666,45.9680421394657,57.21311443113106,28.37304947391305,3.1322206268661645,65.76207011423065,Unfeasible shape,GPSampler,PRUNED
1481,1481,6.0,2026-04-21 18:41:14.410568,2026-04-21 18:41:14.556160,0 days 00:00:00.145592,-36.78248169665115,21.118203598170222,34.675507868711094,100.0,42.725996239843376,29.095331032398157,-60.45981670797769,45.91818974128965,57.19558674393027,28.412401803327736,3.1212175109129987,65.805702763323,Unfeasible shape,GPSampler,PRUNED
1482,1482,6.0,2026-04-21 18:41:14.730423,2026-04-21 18:41:14.873281,0 days 00:00:00.142858,-36.84434163904279,21.15323946765823,34.57295918427286,100.0,42.731267756436445,29.134844368577973,-60.37493557400721,45.933603151895014,57.0305112940312,28.40267364374197,3.1387460120687365,65.79580046845277,Unfeasible shape,GPSampler,PRUNED
1483,1483,6.0,2026-04-21 18:41:15.038052,2026-04-21 18:41:15.197418,0 days 00:00:00.159366,-36.94696021658282,21.232695401146707,34.812827973881156,100.0,43.014717730493004,28.68639847431963,-60.144070037289495,45.6335342966996,57.026342079056306,29.07180655989477,3.0911200330259234,65.35140001437576,Unfeasible shape,GPSampler,PRUNED
1484,1484,6.0,2026-04-21 18:41:15.334524,2026-04-21 18:41:15.498143,0 days 00:00:00.163619,-36.78846019325438,21.1231333181491,34.70859681296895,100.0,42.701533953381386,28.98984090360844,-60.46038509962105,45.88936457845486,57.25080218401386,28.509751576473903,3.088028797825075,65.69303088939292,Unfeasible shape,GPSampler,PRUNED
1485,1485,6.0,2026-04-21 18:41:15.655323,2026-04-21 18:41:15.825014,0 days 00:00:00.169691,-36.877172232692594,21.74795561593928,34.74765578406445,100.0,43.04453910476725,29.226273024016635,-60.57771635224555,46.33038819710657,57.14538432292275,28.112787415277246,3.173825087641461,65.93199575320439,Unfeasible shape,GPSampler,PRUNED
1486,1486,6.0,2026-04-21 18:41:15.982729,2026-04-21 18:41:16.122337,0 days 00:00:00.139608,-36.72061445704312,21.04484633090646,34.9206412467595,100.0,42.640858039160086,29.103975457880644,-60.28737229576078,46.072211209240244,57.16399625209528,28.28442583602052,3.135909298330212,65.72853454093595,Unfeasible shape,GPSampler,PRUNED
1487,1487,6.0,2026-04-21 18:41:16.274893,2026-04-21 18:41:16.433338,0 days 00:00:00.158445,-36.66663236109718,20.865260562646576,34.71647798119968,100.0,42.76656556559181,28.9114610235779,-60.35647166844785,46.122981471127176,57.21643977124441,28.471746377030275,3.119338695020396,65.87144254441232,Unfeasible shape,GPSampler,PRUNED
1488,1488,6.0,2026-04-21 18:41:16.599406,2026-04-21 18:41:16.770841,0 days 00:00:00.171435,-36.83202374779209,21.017414673737917,34.96377914615256,100.0,42.44970498690987,29.481678345376032,-60.319031687760074,46.12444971288183,57.20140522468308,28.530249036350483,3.1138323557989978,65.77112073603799,Unfeasible shape,GPSampler,PRUNED
1489,1489,6.0,2026-04-21 18:41:16.922249,2026-04-21 18:41:17.105249,0 days 00:00:00.183000,-36.80329000659926,21.103875026374233,34.75514624601972,100.0,42.796278406966564,29.06633233098581,-60.40981457253808,45.91264798785009,57.25672702390601,28.32275988852428,3.1498940645434317,65.78362941524188,Unfeasible shape,GPSampler,PRUNED
1490,1490,6.0,2026-04-21 18:41:17.263139,2026-04-21 18:41:17.389190,0 days 00:00:00.126051,-36.76938256816143,20.992921684941308,34.86764863774421,100.0,42.68963488017476,28.935050040138712,-60.31481137238807,46.02555833120379,57.16194730413772,28.384006368935115,3.1194807392666135,65.7050406103487,Unfeasible shape,GPSampler,PRUNED
1491,1491,6.0,2026-04-21 18:41:17.557494,2026-04-21 18:41:17.728750,0 days 00:00:00.171256,-36.74765455725051,20.902130271817754,34.81356410571786,100.0,42.74159503501372,29.040974628050677,-60.39179927920697,45.863314278064706,57.0204827404716,28.305568895037776,3.138761681024988,65.69381071513929,Unfeasible shape,GPSampler,PRUNED
1492,1492,6.0,2026-04-21 18:41:17.964153,2026-04-21 18:41:18.126811,0 days 00:00:00.162658,-36.82309432628851,21.218542671662107,34.81068331434088,100.0,42.6744133755095,29.016188554032908,-60.44474627024834,46.02974085496112,57.160904462830366,28.48635787843569,3.1242104120997496,65.69423914564571,Unfeasible shape,GPSampler,PRUNED
1493,1493,6.0,2026-04-21 18:41:18.280396,2026-04-21 18:41:18.419267,0 days 00:00:00.138871,-36.85908562288315,20.823442507940968,34.81870069381992,100.0,42.66983796977596,28.811064191950067,-60.30655769421602,45.94351130527422,56.94277014128826,28.383800865961412,3.0461712363801112,65.43667192268855,Unfeasible shape,GPSampler,PRUNED
1494,1494,6.0,2026-04-21 18:41:18.581081,2026-04-21 18:41:18.716611,0 days 00:00:00.135530,-36.707700806224715,21.22837117816254,35.01992616651866,100.0,42.987252288545285,28.68100057849165,-60.28488431898247,46.43444967189822,57.09617456994864,28.609515910004042,3.0844748563777813,65.92868169429929,Unfeasible shape,GPSampler,PRUNED
1495,1495,6.0,2026-04-21 18:41:18.947580,2026-04-21 18:41:19.078511,0 days 00:00:00.130931,-36.857420827491836,21.102188977438203,34.58213294076174,100.0,42.77259476041711,29.141622858332795,-60.46511509250755,45.87508825988803,57.34807081862858,28.267058908157768,3.2605430403452687,65.72369658736395,Unfeasible shape,GPSampler,PRUNED
1496,1496,6.0,2026-04-21 18:41:19.237269,2026-04-21 18:41:19.379259,0 days 00:00:00.141990,-36.78528190681069,21.176222775026215,34.92604759862984,100.0,42.888541285011584,29.117655865460193,-60.34903890905227,45.89760929110724,57.15892029925967,28.481545614127274,3.103705451496573,65.57745598923601,Unfeasible shape,GPSampler,PRUNED
1497,1497,6.0,2026-04-21 18:41:19.529738,2026-04-21 18:41:19.687978,0 days 00:00:00.158240,-36.80900774931766,21.063956004832953,34.87815103194299,100.0,42.8238146608757,29.140817575761076,-60.30078194794048,46.00836623320287,57.15489854182001,28.569268548888207,3.061027060399155,65.62877039243479,Unfeasible shape,GPSampler,PRUNED
1498,1498,6.0,2026-04-21 18:41:19.838553,2026-04-21 18:41:19.964884,0 days 00:00:00.126331,-36.95238397196446,21.18756943235997,34.98160589978271,100.0,43.04753163696987,28.81785025733724,-60.3276942303678,45.8485698184252,56.95020916829434,28.44064565555075,3.079048763341156,65.59323844302243,Unfeasible shape,GPSampler,PRUNED
1499,1499,6.0,2026-04-21 18:41:20.132962,2026-04-21 18:41:20.319262,0 days 00:00:00.186300,-36.81025565925124,21.096302271962923,34.75377514647607,100.0,42.744354524229934,28.978613030022018,-60.296215475263956,46.002585823465175,57.162386509710124,28.453407944535495,3.1047388075788263,65.75189353565956,Unfeasible shape,GPSampler,PRUNED
1500,1500,6.0,2026-04-21 18:41:20.522513,2026-04-21 18:41:20.679525,0 days 00:00:00.157012,-36.736511807751555,21.085461812321178,34.98083832758148,100.0,42.73779426953458,28.82365016211223,-60.418035873039045,45.922642669092376,57.15421788121573,28.597188005156106,3.0827607187030495,65.54151963720842,Unfeasible shape,GPSampler,PRUNED
1501,1501,6.0,2026-04-21 18:41:20.923613,2026-04-21 18:41:21.047557,0 days 00:00:00.123944,-36.75969273985055,21.200508059672956,34.88256607069684,100.0,42.682324022633985,29.109585216888057,-60.418344544146194,45.945104382926104,57.10653987883111,28.43239933057138,3.1209048766152705,65.56788346936894,Unfeasible shape,GPSampler,PRUNED
1502,1502,6.0,2026-04-21 18:41:21.189000,2026-04-21 18:41:21.293934,0 days 00:00:00.104934,-36.68080219236019,21.09855158257436,34.10860853555309,100.0,42.16128463034988,29.12495451073177,-60.518474979210445,45.55421407740134,57.2664776012203,28.3937435650401,3.2829690798338973,66.11958062487902,Unfeasible shape,GPSampler,PRUNED
1503,1503,6.0,2026-04-21 18:41:21.447251,2026-04-21 18:41:21.557802,0 days 00:00:00.110551,-36.73691583547707,21.094209932474357,34.75755144756262,100.0,42.547611141012865,28.839573424597546,-60.403045324831986,45.97303969052731,57.10373473563928,28.41981736068675,3.0704219696476613,65.63528607920166,Unfeasible shape,GPSampler,PRUNED
1504,1504,6.0,2026-04-21 18:41:21.761541,2026-04-21 18:41:21.909389,0 days 00:00:00.147848,-36.79681902609784,21.09456484915699,34.605046168473145,100.0,42.745797993307775,29.002226527314427,-60.45128384232039,45.90531052783633,57.20305269181298,28.450776506367603,3.1003148253469988,65.83139736628868,Unfeasible shape,GPSampler,PRUNED
1505,1505,6.0,2026-04-21 18:41:22.083111,2026-04-21 18:41:22.219567,0 days 00:00:00.136456,-36.797644168300565,21.02959339622081,34.77382670513448,100.0,42.80616732358028,29.255040815343357,-60.551496385534605,45.831298875763046,57.42808159734677,28.189327064205234,3.123608089557216,65.60512937763528,Unfeasible shape,GPSampler,PRUNED
1506,1506,6.0,2026-04-21 18:41:22.505737,2026-04-21 18:41:22.668566,0 days 00:00:00.162829,-36.81006193206879,20.793937868730296,35.02288858820826,100.0,42.46803498639078,29.20288230803036,-60.097624142188266,45.73352546796592,57.009869607060786,29.041416444868634,3.1254090531796948,65.59031869224503,Unfeasible shape,GPSampler,PRUNED
1507,1507,6.0,2026-04-21 18:41:22.833319,2026-04-21 18:41:23.003781,0 days 00:00:00.170462,-36.765348276598374,21.055743544850284,34.404457263435745,100.0,42.59701929688932,29.356217012778416,-60.51432751651067,46.14564485506368,57.23576574645291,28.016603145986387,3.1678254553158496,65.85476480446346,Unfeasible shape,GPSampler,PRUNED
1508,1508,6.0,2026-04-21 18:41:23.155831,2026-04-21 18:41:23.297455,0 days 00:00:00.141624,-36.83797050010234,20.849164987826445,34.891177418116,100.0,42.51330291675907,29.03890737120657,-60.26102330993003,45.916529930689826,57.025286074635765,28.498442669264325,3.066141349272435,65.64659806482705,Unfeasible shape,GPSampler,PRUNED
1509,1509,6.0,2026-04-21 18:41:23.453497,2026-04-21 18:41:23.637554,0 days 00:00:00.184057,-36.74640806404879,21.037792175757282,34.74293314002297,100.0,42.737099088234146,29.01258072464642,-60.30195755012021,45.82912637180708,57.145909490738106,28.28821453473098,3.1327813699391385,65.80688660105668,Unfeasible shape,GPSampler,PRUNED
1510,1510,6.0,2026-04-21 18:41:23.824877,2026-04-21 18:41:23.985375,0 days 00:00:00.160498,-36.832526942320456,21.129375920529824,34.91903316235562,100.0,42.5368699052855,29.14303250644062,-60.38629668026492,45.98061203690578,57.33287278272132,28.235034599861706,3.0596638252809143,65.63854068700432,Unfeasible shape,GPSampler,PRUNED
1511,1511,6.0,2026-04-21 18:41:24.155133,2026-04-21 18:41:24.312838,0 days 00:00:00.157705,-36.65574671535352,21.04400643354128,34.89800831100334,100.0,42.65730809035938,28.969317257118036,-60.50575099098264,45.89380922609662,57.18395030531419,28.669088769228008,3.1258680249545776,65.73879005951025,Unfeasible shape,GPSampler,PRUNED
1512,1512,6.0,2026-04-21 18:41:24.494380,2026-04-21 18:41:24.668706,0 days 00:00:00.174326,-36.734724471415284,20.510964907044073,35.13098623310779,100.0,43.36988149523323,29.14147942807923,-60.4018804857883,45.96967385608559,57.561515689411785,28.836968666277812,3.0528732297883607,65.4739638773837,Unfeasible shape,GPSampler,PRUNED
1513,1513,6.0,2026-04-21 18:41:24.836861,2026-04-21 18:41:25.005104,0 days 00:00:00.168243,-36.900028931933974,20.669192762730795,34.766327536791806,100.0,42.84284550002666,28.780403406862618,-60.396178602495056,46.04802148949774,57.17016987528219,28.63476355339187,3.0794391990609853,65.6372656422141,Unfeasible shape,GPSampler,PRUNED
1514,1514,6.0,2026-04-21 18:41:25.171995,2026-04-21 18:41:25.316738,0 days 00:00:00.144743,-36.83588120786318,20.893646552135472,34.80695339970574,100.0,42.662926043812924,29.224566959580216,-60.364405611129314,45.989413804856866,57.196440214930504,28.110883816102127,3.1098305892783458,65.66328578162644,Unfeasible shape,GPSampler,PRUNED
1515,1515,6.0,2026-04-21 18:41:25.478068,2026-04-21 18:41:25.658814,0 days 00:00:00.180746,-36.758947597113206,21.061649484607262,34.89531626336284,100.0,42.5590843412839,29.113913774738727,-60.36570922159475,45.82932872043298,57.12425067432898,28.536428984028806,3.1078605979564102,65.72694141135561,Unfeasible shape,GPSampler,PRUNED
1516,1516,6.0,2026-04-21 18:41:25.840841,2026-04-21 18:41:25.989393,0 days 00:00:00.148552,-36.741161889010236,20.869079013264336,34.88146907430774,100.0,42.57084785931143,29.207646339870344,-59.988900874513085,45.95066357192963,57.154406029897125,28.442170497489204,3.0902113560098528,65.4100922070816,Unfeasible shape,GPSampler,PRUNED
1517,1517,6.0,2026-04-21 18:41:26.195368,2026-04-21 18:41:26.340787,0 days 00:00:00.145419,-36.8494849336133,21.381449666206336,34.76255078490853,100.0,42.6416997498051,29.258610954178053,-60.40839520151641,45.963479556304364,57.160863373165164,28.320232117231953,3.147554600429636,65.82983330693905,Unfeasible shape,GPSampler,PRUNED
1518,1518,6.0,2026-04-21 18:41:26.484805,2026-04-21 18:41:26.705784,0 days 00:00:00.220979,-36.64590492721342,20.57488812206187,35.07594510393963,100.0,42.72731516813941,28.899969513487235,-60.40643017412255,45.89570587220821,56.89451045164209,29.031102864212507,3.140659637738999,65.56743198978734,Unfeasible shape,GPSampler,PRUNED
1519,1519,6.0,2026-04-21 18:41:26.968831,2026-04-21 18:41:27.161540,0 days 00:00:00.192709,-36.988378029141344,21.181227414761036,34.321530715195664,100.0,43.13393913125317,29.012994492492624,-60.16776318931739,45.995324174489966,57.29619710275566,28.172784202353338,3.189004307336667,65.8575422538346,Unfeasible shape,GPSampler,PRUNED
1520,1520,6.0,2026-04-21 18:41:27.309489,2026-04-21 18:41:27.506683,0 days 00:00:00.197194,-36.90870364655538,20.912381521747186,34.924660799580835,100.0,42.58833758417036,28.984949598211557,-60.38457328771666,46.02886046756312,57.35176117883092,28.885848082871025,3.0338016090504567,65.52532504837883,Unfeasible shape,GPSampler,PRUNED
1521,1521,6.0,2026-04-21 18:41:27.695605,2026-04-21 18:41:27.894216,0 days 00:00:00.198611,-36.66846571616107,20.833044611539854,34.49206923918429,100.0,42.949698217122084,29.131797262387302,-60.68383640613557,45.92136233243303,57.48447338972162,28.36431880261629,3.159518453634,66.14894807454452,Unfeasible shape,GPSampler,PRUNED
1522,1522,6.0,2026-04-21 18:41:28.057734,2026-04-21 18:41:28.199451,0 days 00:00:00.141717,-36.841561605546985,21.040895437101376,34.77438586013912,100.0,42.70289240786756,29.126938894850213,-60.32082969046727,45.939411317305876,57.21056754963737,28.384534888700877,3.118192111868815,65.80714386067767,Unfeasible shape,GPSampler,PRUNED
1523,1523,6.0,2026-04-21 18:41:28.366121,2026-04-21 18:41:28.679933,0 days 00:00:00.313812,-36.770297110926855,20.899993665000025,34.73568484846087,100.0,42.93557730805108,29.119825115752427,-60.38434600288794,46.037570199552576,57.210375275824816,28.316200140508073,3.108501534131179,65.63089402220139,Unfeasible shape,GPSampler,PRUNED
1524,1524,6.0,2026-04-21 18:41:28.869530,2026-04-21 18:41:29.031999,0 days 00:00:00.162469,-36.79998960081103,20.872012214351322,34.72835632641352,100.0,42.59959034886559,28.964194433180197,-60.51207729903152,46.124297845794025,57.17059784132305,28.18806770110108,3.132988727386497,65.4848029553516,Unfeasible shape,GPSampler,PRUNED
1525,1525,6.0,2026-04-21 18:41:29.203603,2026-04-21 18:41:29.362388,0 days 00:00:00.158785,-36.76605355714714,21.165862280385284,34.8146059090574,100.0,43.00377248465237,28.783399245871976,-60.33938230829048,45.812015463064284,57.02029839308674,28.65680089602128,3.110099799041997,65.7338096333215,Unfeasible shape,GPSampler,PRUNED
1526,1526,6.0,2026-04-21 18:41:29.593155,2026-04-21 18:41:29.786088,0 days 00:00:00.192933,-36.81825343013912,21.137589359893624,34.48142533087828,100.0,42.86783646646761,29.23601172136378,-60.25589938020869,45.99301037941188,57.389804143119655,28.50458872319502,3.2738769114750994,66.14616272193089,Unfeasible shape,GPSampler,PRUNED
1527,1527,6.0,2026-04-21 18:41:29.933697,2026-04-21 18:41:30.093705,0 days 00:00:00.160008,-36.74835840842134,20.86863090811932,34.867960406028594,100.0,42.763746756522835,28.92008647932102,-60.67483167030646,45.692795296831605,56.8969216407366,28.374395738368552,2.9934469915411555,65.71205118604743,Unfeasible shape,GPSampler,PRUNED
1528,1528,6.0,2026-04-21 18:41:30.237928,2026-04-21 18:41:30.365312,0 days 00:00:00.127384,-36.80904839647149,21.5839899640256,34.32262140452009,100.0,42.741437570260494,29.319877405700034,-60.6950453464905,45.967270539511645,57.34354143075124,28.06360891767475,3.2211943621792116,66.0576712356621,Unfeasible shape,GPSampler,PRUNED
1529,1529,6.0,2026-04-21 18:41:30.512351,2026-04-21 18:41:30.665671,0 days 00:00:00.153320,-36.70585667003145,21.236110571089714,35.15003804710675,100.0,42.84566171476961,28.990554789906135,-60.47023132739017,45.12976054162696,57.10999235403769,28.725304683065698,3.0715866322250633,65.4595223544929,Unfeasible shape,GPSampler,PRUNED
1530,1530,6.0,2026-04-21 18:41:30.836862,2026-04-21 18:41:31.058274,0 days 00:00:00.221412,-36.85267786742422,20.85439935251786,34.87568288145648,100.0,42.938523089214364,28.762278263297667,-60.52456956929748,46.162262611091904,57.07551401260809,28.30467313964625,3.0239092720835288,65.61501344028893,Unfeasible shape,GPSampler,PRUNED
1531,1531,6.0,2026-04-21 18:41:31.207142,2026-04-21 18:41:31.435129,0 days 00:00:00.227987,-36.841002935712616,21.253496845117887,34.71893111198065,100.0,42.6739548225024,29.05828535321087,-60.40863504735965,46.02230262421268,57.28303820501488,28.460271103115268,3.1222044376038767,65.81097941798505,Unfeasible shape,GPSampler,PRUNED
1532,1532,6.0,2026-04-21 18:41:31.582798,2026-04-21 18:41:31.751782,0 days 00:00:00.168984,-36.7802230490029,20.58257386012889,34.92514099692329,100.0,42.40678846022227,29.429891741898487,-60.54120585453851,45.6413653303286,56.968377981056626,28.396179496713778,3.0965036095084812,65.85934056488739,Unfeasible shape,GPSampler,PRUNED
1533,1533,6.0,2026-04-21 18:41:31.920044,2026-04-21 18:41:32.059080,0 days 00:00:00.139036,-36.72345695280837,21.24589806428161,35.05234009965287,100.0,43.02696026632037,28.863533848863256,-60.25421802530041,45.90400081681776,57.1345347047138,28.761813892663774,3.1647757325134407,65.55837589645162,Unfeasible shape,GPSampler,PRUNED
1534,1534,6.0,2026-04-21 18:41:32.241279,2026-04-21 18:41:32.390990,0 days 00:00:00.149711,-36.776704167868,21.013606297327414,34.9730013744544,100.0,42.71311703306413,29.07372807553802,-60.320017766736186,45.88372871108209,57.103319228315996,28.40241882480725,3.127288133896286,65.60995250051202,Unfeasible shape,GPSampler,PRUNED
1535,1535,6.0,2026-04-21 18:41:32.651434,2026-04-21 18:41:32.801709,0 days 00:00:00.150275,-36.82047831611944,20.95342611303216,34.84280646876873,100.0,42.67854252207335,29.052845353242766,-60.240210425509545,46.00289472268752,57.1808832277898,28.391186598511833,3.120738173979049,65.72786265948132,Unfeasible shape,GPSampler,PRUNED
1536,1536,6.0,2026-04-21 18:41:33.009107,2026-04-21 18:41:33.136005,0 days 00:00:00.126898,-36.82219361071763,21.0250302947668,34.86512194782155,100.0,42.77207424157514,28.93404999350878,-60.354445855826356,46.004323098965195,57.216080565164816,28.49742514635305,3.1463179165157698,65.5774112362013,Unfeasible shape,GPSampler,PRUNED
1537,1537,6.0,2026-04-21 18:41:33.306234,2026-04-21 18:41:33.449014,0 days 00:00:00.142780,-36.78597479695528,21.010424352618678,34.79427729692672,100.0,42.79656930139586,28.90554609722509,-60.565983578391254,45.88353486075449,57.206927684851394,28.626982919498797,3.1005651660003863,65.5884392389757,Unfeasible shape,GPSampler,PRUNED
1538,1538,6.0,2026-04-21 18:41:33.590797,2026-04-21 18:41:33.751778,0 days 00:00:00.160981,-36.81135403418486,21.167658041432936,34.73537317145327,100.0,42.69255310986689,28.998499451506106,-60.53807888534103,45.869088524318435,57.239141238025255,28.438624645556526,3.099652531089589,65.60528362716373,Unfeasible shape,GPSampler,PRUNED
1539,1539,6.0,2026-04-21 18:41:33.898377,2026-04-21 18:41:34.108078,0 days 00:00:00.209701,-36.78263858515302,21.332391765714256,34.45177838059133,100.0,42.92561755287061,29.36749992279077,-60.55260314951782,45.876962985749444,57.19067159004024,28.31858288848691,3.1904896649585623,66.01074783168664,Unfeasible shape,GPSampler,PRUNED
1540,1540,6.0,2026-04-21 18:41:34.272761,2026-04-21 18:41:34.493541,0 days 00:00:00.220780,-36.77156518208651,20.96836435757799,34.95597477970199,100.0,42.666060431457524,29.083454206359583,-60.37863077094215,45.85340382518808,57.10389411016961,28.387323350271007,3.116374518992231,65.63717993391619,Unfeasible shape,GPSampler,PRUNED
1541,1541,6.0,2026-04-21 18:41:34.686033,2026-04-21 18:41:34.860603,0 days 00:00:00.174570,-36.839303131694834,21.069505808400017,34.740687295951886,100.0,42.62229508498285,29.106372812382325,-60.30839074017035,45.934613313065135,57.20365251948563,28.4711347498803,3.127098714381667,65.79228359064109,Unfeasible shape,GPSampler,PRUNED
1542,1542,6.0,2026-04-21 18:41:35.024010,2026-04-21 18:41:35.238214,0 days 00:00:00.214204,-36.76136321621273,20.900559899575107,34.50536030332358,100.0,42.69747780616523,28.80910430776325,-60.334284252751,45.98379090230141,57.07953536074741,28.54311752123426,3.188979862821405,65.83055142575813,Unfeasible shape,GPSampler,PRUNED
