,number,value,datetime_start,datetime_complete,duration,params_lLegPt.rA1,params_lLegPt.rL0,params_lLegPt.rL1,params_lLegPt.rL2,params_lLegPt.x1,params_lLegPt.y1,params_sLegPt.rA1,params_sLegPt.rL0,params_sLegPt.rL1,params_sLegPt.rL2,params_sLegPt.x1,params_sLegPt.y1,user_attrs_prune,system_attrs_auto:sampler,state
4743,4743,6.0,2026-04-21 19:00:30.954760,2026-04-21 19:00:31.190289,0 days 00:00:00.235529,-36.88907062677155,21.40981827921504,34.56265379043839,100.0,42.754465623866075,28.91805370336653,-60.25169653333242,46.18227859983925,57.22002106250567,28.677501172350883,3.108967807875338,65.70634585384185,Unfeasible shape,GPSampler,PRUNED
4744,4744,6.0,2026-04-21 19:00:31.406559,2026-04-21 19:00:31.611705,0 days 00:00:00.205146,-36.78156256044329,21.006302706121367,34.83078554548921,100.0,42.73177266878006,29.094262003239166,-60.55859270392973,45.960671097961026,57.14714616674675,28.38916437291493,3.110910856425903,65.61088986257356,Unfeasible shape,GPSampler,PRUNED
4745,4745,6.0,2026-04-21 19:00:31.809654,2026-04-21 19:00:31.967212,0 days 00:00:00.157558,-36.7717090154676,21.030273220998392,34.662229082079236,100.0,42.97837803209097,29.28059637748825,-60.79175307193681,45.55397595226382,57.104033227736934,28.40215975273264,3.151683458757283,65.85134769551924,Unfeasible shape,GPSampler,PRUNED
4746,4746,6.0,2026-04-21 19:00:32.149382,2026-04-21 19:00:32.354362,0 days 00:00:00.204980,-36.798989240696024,20.940732415836294,34.85232806645105,100.0,42.66678081238788,29.13187436266955,-60.27430195292538,45.91414700955451,57.191056407297616,28.488314339779162,3.121238526048117,65.79585947503409,Unfeasible shape,GPSampler,PRUNED
4747,4747,6.0,2026-04-21 19:00:32.648871,2026-04-21 19:00:32.792902,0 days 00:00:00.144031,-36.81364318872214,20.80852945694396,35.09896354215682,100.0,42.86919815646056,28.966681655536206,-60.15727271450018,45.855587187774816,57.11220440302562,28.59991560901098,3.1072172538862404,65.62381423805039,Unfeasible shape,GPSampler,PRUNED
4748,4748,6.0,2026-04-21 19:00:32.957136,2026-04-21 19:00:33.114857,0 days 00:00:00.157721,-36.73244011098924,20.856292781133288,34.67402583302075,100.0,42.60955725437716,29.085748380198602,-60.274367830052114,45.61247623079706,57.09181803943359,28.23708031273401,3.123679457023627,65.65329487440391,Unfeasible shape,GPSampler,PRUNED
4749,4749,6.0,2026-04-21 19:00:33.298537,2026-04-21 19:00:33.425200,0 days 00:00:00.126663,-36.777237367969484,21.30322643927782,34.65247768425017,100.0,42.42700795685591,28.527094273144655,-60.01280869104189,46.57978019039605,57.48437529607792,28.761164582223618,3.096285346079533,66.31146847332742,Unfeasible shape,GPSampler,PRUNED
4750,4750,6.0,2026-04-21 19:00:33.594600,2026-04-21 19:00:33.759864,0 days 00:00:00.165264,-36.755098528353535,21.210314697945748,34.58406010972836,100.0,43.2294024166779,29.681664635959095,-60.44662895345815,45.84010284944506,57.64898333467791,28.3152170112729,3.2229218919760427,66.19206329413292,Unfeasible shape,GPSampler,PRUNED
4751,4751,6.0,2026-04-21 19:00:33.929944,2026-04-21 19:00:34.087738,0 days 00:00:00.157794,-36.78644072847482,20.97848157572803,34.9135296126881,100.0,42.82162892255945,28.956920138846336,-60.341698423941196,45.7984114479223,57.050047932202105,28.41265938336379,3.1226064905811555,65.68170218798366,Unfeasible shape,GPSampler,PRUNED
4752,4752,6.0,2026-04-21 19:00:34.341108,2026-04-21 19:00:34.530711,0 days 00:00:00.189603,-36.740292607860866,21.453849391834154,34.72852580983191,100.0,42.750796027485,29.1468637364798,-60.388746867980444,45.97564614064405,57.21876005454537,28.43019560921139,3.3107079877954106,65.86508046281698,Unfeasible shape,GPSampler,PRUNED
4753,4753,6.0,2026-04-21 19:00:34.750918,2026-04-21 19:00:34.910676,0 days 00:00:00.159758,-36.71607766529936,21.038484641453643,35.050263361492156,100.0,42.86467311484257,28.74788753539619,-60.23623723993998,46.04272199406868,57.16464910121355,28.420522380756218,3.1019475110927246,65.62084828778251,Unfeasible shape,GPSampler,PRUNED
4754,4754,6.0,2026-04-21 19:00:35.181155,2026-04-21 19:00:35.338245,0 days 00:00:00.157090,-36.74884600178101,20.753088024500656,34.7437588190526,100.0,42.64407698414858,29.48749885201569,-60.19307720791127,46.011822228778044,57.38315087894013,27.888456412162487,3.264103088779123,66.14761316111014,Unfeasible shape,GPSampler,PRUNED
4755,4755,6.0,2026-04-21 19:00:35.504387,2026-04-21 19:00:35.710064,0 days 00:00:00.205677,-36.851648636177025,21.547426045964713,34.4877378523219,100.0,42.76537928149813,29.385795859978778,-59.9065421804175,46.48964137395983,56.988910880219535,28.358377210459555,3.132293496740928,65.3274382514194,Unfeasible shape,GPSampler,PRUNED
4756,4756,6.0,2026-04-21 19:00:36.144713,2026-04-21 19:00:36.317741,0 days 00:00:00.173028,-36.72870475730325,21.00216971177031,34.16123649430503,100.0,42.951491486458416,29.084802861227843,-60.13895429078113,45.926792639769594,57.31102918377059,28.545897040157758,3.1774881610936134,65.84999589978486,Unfeasible shape,GPSampler,PRUNED
4757,4757,6.0,2026-04-21 19:00:36.507064,2026-04-21 19:00:36.665604,0 days 00:00:00.158540,-36.7118770599215,21.307391438026187,34.678201942117596,100.0,42.74045379456427,28.95173200468711,-60.59124477859834,45.89735354104044,57.14344068928632,28.60558805553613,3.087978265007763,65.71266965149549,Unfeasible shape,GPSampler,PRUNED
4758,4758,6.0,2026-04-21 19:00:36.941592,2026-04-21 19:00:37.083780,0 days 00:00:00.142188,-36.76114647572219,21.049298527260255,34.89147051098935,100.0,42.60968006869444,29.157068303580594,-60.31840653536741,45.95127470992742,57.20515409038281,28.32558921375836,3.123386912552185,65.70075087016977,Unfeasible shape,GPSampler,PRUNED
4759,4759,6.0,2026-04-21 19:00:37.251194,2026-04-21 19:00:37.394347,0 days 00:00:00.143153,-36.78909060085413,21.039549305416962,34.68987635053756,100.0,42.631376884863755,29.144360603916844,-60.390484001334826,45.93290706385625,57.154700170305084,28.320059995376454,3.1408310367917807,65.75795109684663,Unfeasible shape,GPSampler,PRUNED
4760,4760,6.0,2026-04-21 19:00:37.577261,2026-04-21 19:00:37.766493,0 days 00:00:00.189232,-36.81294817302427,20.854357708899528,35.03238023717181,100.0,42.54024051041768,29.08606339549611,-60.18669901976031,45.858324239214745,56.89331569564863,28.469532677940364,3.0879136280272306,65.70717586215112,Unfeasible shape,GPSampler,PRUNED
4761,4761,6.0,2026-04-21 19:00:37.965504,2026-04-21 19:00:38.107507,0 days 00:00:00.142003,-36.73801548609021,21.199505854089608,34.54296965579846,100.0,42.60175809374278,29.151187458063227,-60.65176067709641,45.81759164619614,57.23862341618093,28.343145557371717,3.123449580973997,65.7941927703132,Unfeasible shape,GPSampler,PRUNED
4762,4762,6.0,2026-04-21 19:00:38.354655,2026-04-21 19:00:38.500382,0 days 00:00:00.145727,-36.774040157639135,21.080869338569265,34.48824983100914,100.0,43.136702087783505,29.073832426209478,-60.36586637294409,45.92431287035084,57.15791592001068,28.359852283788168,3.1480055339256836,66.00914941756889,Unfeasible shape,GPSampler,PRUNED
4763,4763,6.0,2026-04-21 19:00:38.700672,2026-04-21 19:00:38.884815,0 days 00:00:00.184143,-36.734915893457845,21.173103054442265,34.67135505712051,100.0,42.56171654190988,29.06947932065607,-60.52584427830978,45.830152688807004,57.166374209601365,28.39530686577364,3.1455437102304913,65.77499111457496,Unfeasible shape,GPSampler,PRUNED
4764,4764,6.0,2026-04-21 19:00:39.081164,2026-04-21 19:00:39.255077,0 days 00:00:00.173913,-36.81173290692705,20.453638713222247,34.949132743983704,100.0,42.65460194211455,29.22279614029231,-60.341019606588496,45.944131716498276,56.79876917216295,28.258974080438673,3.1669006378171147,65.62731075377428,Unfeasible shape,GPSampler,PRUNED
4765,4765,6.0,2026-04-21 19:00:39.453672,2026-04-21 19:00:39.612144,0 days 00:00:00.158472,-36.72790196395397,21.12618392246865,34.782715092975636,100.0,42.70337886590529,28.9769900145127,-60.41750518179947,45.962387606793634,57.027782088186186,28.430966256490198,3.149720981304057,65.72178770814347,Unfeasible shape,GPSampler,PRUNED
4766,4766,6.0,2026-04-21 19:00:39.812259,2026-04-21 19:00:40.049515,0 days 00:00:00.237256,-36.7206355462304,21.199306651852297,34.6846782787983,100.0,42.742291599295264,29.10242748396962,-60.56397311478858,45.95769734541389,57.29692458217581,28.40069441093056,3.1408754626920015,65.70804785216903,Unfeasible shape,GPSampler,PRUNED
4767,4767,6.0,2026-04-21 19:00:40.279415,2026-04-21 19:00:40.452421,0 days 00:00:00.173006,-36.76498753347609,21.032398756713448,35.07776752568659,100.0,42.409695756950256,28.875545294253612,-60.29063121228338,45.768517711730084,57.06970035683756,28.382388703324096,3.057273499075741,65.58781420306465,Unfeasible shape,GPSampler,PRUNED
4768,4768,6.0,2026-04-21 19:00:40.652410,2026-04-21 19:00:40.802955,0 days 00:00:00.150545,-36.77118935062053,21.424575838391554,33.985256839885885,100.0,42.646362614666856,29.323616247706845,-60.54619128901141,46.10620182276707,57.552669434177446,28.4992533226058,3.2580571651730423,66.13743815929209,Unfeasible shape,GPSampler,PRUNED
4769,4769,6.0,2026-04-21 19:00:41.003048,2026-04-21 19:00:41.166587,0 days 00:00:00.163539,-36.65559229850107,20.839570897859893,34.859030764491166,100.0,42.66154187296361,29.109641225377885,-60.20985793778689,45.79229083227995,57.23192726211378,28.43497415079177,3.1139864981405765,65.58881622089307,Unfeasible shape,GPSampler,PRUNED
4770,4770,6.0,2026-04-21 19:00:41.349541,2026-04-21 19:00:41.508095,0 days 00:00:00.158554,-36.756685521336735,21.242692540948156,34.865292689369596,100.0,42.67616309198888,29.237850809543907,-60.29859922277021,45.85714200236491,57.09532951896381,28.425034596488107,3.1804916159277,65.83344118505362,Unfeasible shape,GPSampler,PRUNED
4771,4771,6.0,2026-04-21 19:00:41.706172,2026-04-21 19:00:41.864316,0 days 00:00:00.158144,-36.531690839545846,20.676572592353114,34.66860467281673,100.0,42.062438554363546,29.527343712897284,-60.38088875060167,45.964071168664226,57.372210494472554,29.26196974240694,3.218412280347657,65.79561302759353,Unfeasible shape,GPSampler,PRUNED
4772,4772,6.0,2026-04-21 19:00:42.125136,2026-04-21 19:00:42.305461,0 days 00:00:00.180325,-36.868052475459464,20.949642800020968,34.708738888391906,100.0,42.656068848088275,29.102494228428988,-60.26524435646592,45.89078458839175,57.26860229083107,28.4117747307776,3.0677379828088718,65.89816716501352,Unfeasible shape,GPSampler,PRUNED
4773,4773,6.0,2026-04-21 19:00:42.559674,2026-04-21 19:00:42.686087,0 days 00:00:00.126413,-36.704893577455394,21.316346772368114,34.591458756810404,100.0,42.47884414023493,29.10892501538836,-60.38933290356907,45.98051638540193,57.323586096224815,28.359391635323938,3.2509051120700505,65.98722352932968,Unfeasible shape,GPSampler,PRUNED
4774,4774,6.0,2026-04-21 19:00:42.906089,2026-04-21 19:00:43.089638,0 days 00:00:00.183549,-36.81405622641215,21.127061706038607,34.67229401138643,100.0,42.793197266338716,29.068890887800443,-60.39741909475418,45.923798418258656,57.261090077804866,28.480246106787167,3.106005157809861,65.82248949997059,Unfeasible shape,GPSampler,PRUNED
4775,4775,6.0,2026-04-21 19:00:43.277263,2026-04-21 19:00:43.466804,0 days 00:00:00.189541,-36.81232536325017,20.973958784320853,34.86025710399703,100.0,42.69306370117722,29.027054723298107,-60.3591912891205,46.13686184302526,57.19393010755484,28.405421123071807,3.101766869655876,65.54485712546649,Unfeasible shape,GPSampler,PRUNED
4776,4776,6.0,2026-04-21 19:00:43.632986,2026-04-21 19:00:43.774903,0 days 00:00:00.141917,-36.84192755236377,21.248831271798505,34.1326539484497,100.0,42.89237564982528,29.22666287486431,-60.599732933831596,45.84172945410239,57.31861715465315,28.294084944861808,3.2682506252722234,66.09222405892733,Unfeasible shape,GPSampler,PRUNED
4777,4777,6.0,2026-04-21 19:00:44.011658,2026-04-21 19:00:44.153840,0 days 00:00:00.142182,-36.79081181144453,20.986982994107628,34.703924222001824,100.0,42.61166231828663,29.093351536126185,-60.47206013442823,45.98813008642811,57.20690066694098,28.29101785546558,3.112026945016815,65.69416464113476,Unfeasible shape,GPSampler,PRUNED
4778,4778,6.0,2026-04-21 19:00:44.366943,2026-04-21 19:00:44.525042,0 days 00:00:00.158099,-36.87017097366258,20.87100269982496,35.42112785704117,100.0,42.59027249081453,28.95318923945375,-60.116545430502164,45.9791520394286,57.0525508229541,28.751149977590973,3.0896132049390346,65.4966925447693,Unfeasible shape,GPSampler,PRUNED
4779,4779,6.0,2026-04-21 19:00:44.723514,2026-04-21 19:00:44.900790,0 days 00:00:00.177276,-36.749884826846746,21.045611716299124,34.81158447533172,100.0,42.654823278219794,29.026847420496082,-60.487465044178435,45.94479099149089,57.22049428858799,28.416648881412705,3.1280810553053087,65.62122166030746,Unfeasible shape,GPSampler,PRUNED
4780,4780,6.0,2026-04-21 19:00:45.097073,2026-04-21 19:00:45.271515,0 days 00:00:00.174442,-36.75486999490527,21.019493651354473,34.889641813055434,100.0,42.71384316304542,29.044118762620606,-60.40748695672363,45.92852246502548,57.17350117347334,28.44360780880281,3.1145396827380196,65.6610357727681,Unfeasible shape,GPSampler,PRUNED
4781,4781,6.0,2026-04-21 19:00:45.627756,2026-04-21 19:00:45.770069,0 days 00:00:00.142313,-36.70454668991271,21.197570818013148,34.62262785927147,100.0,42.902883822452225,28.971802560157002,-60.26902887089605,45.91576968119814,57.20266161211331,28.2149673501856,3.182373932736091,65.88937975598712,Unfeasible shape,GPSampler,PRUNED
4782,4782,6.0,2026-04-21 19:00:45.935791,2026-04-21 19:00:46.109316,0 days 00:00:00.173525,-37.007501486933876,21.01703698890289,34.50059303643502,100.0,42.69538321578211,28.977241826322754,-60.12335991319089,45.7843885118439,57.2860352593642,28.4927961195558,3.155881673021689,66.05733665276809,Unfeasible shape,GPSampler,PRUNED
4783,4783,6.0,2026-04-21 19:00:46.324866,2026-04-21 19:00:46.467028,0 days 00:00:00.142162,-36.80797584799837,20.992289297859656,34.926175002414176,100.0,42.76679487164999,29.01351328417517,-60.26812230159645,46.05863207225387,57.1553510622766,28.34188662965269,3.117946384594056,65.64630797359425,Unfeasible shape,GPSampler,PRUNED
4784,4784,6.0,2026-04-21 19:00:46.664096,2026-04-21 19:00:46.838024,0 days 00:00:00.173928,-36.77214819669178,21.00042994691038,34.92965729872862,100.0,42.71178643039688,29.023095591785243,-60.34761139642588,45.888144765784276,57.1310292362332,28.457713725243682,3.1078919522401875,65.67453113319044,Unfeasible shape,GPSampler,PRUNED
4785,4785,6.0,2026-04-21 19:00:47.022449,2026-04-21 19:00:47.195764,0 days 00:00:00.173315,-36.70297945784817,21.04650632649534,34.924315508696964,100.0,42.60558943692022,28.965947301033907,-60.47451597286852,45.7384827344613,57.014369897922954,28.587396570459802,3.0868102594568114,65.51441209521408,Unfeasible shape,GPSampler,PRUNED
4786,4786,6.0,2026-04-21 19:00:47.411592,2026-04-21 19:00:47.566793,0 days 00:00:00.155201,-36.73806666753823,21.069060675342158,34.69376623949118,100.0,42.714515326962044,29.314696740007506,-60.49446663965492,45.85288455521812,57.16006382810972,28.266326585034225,3.111730724844186,65.88466781583053,Unfeasible shape,GPSampler,PRUNED
4787,4787,6.0,2026-04-21 19:00:47.748494,2026-04-21 19:00:47.890804,0 days 00:00:00.142310,-36.77559685146824,20.98419264371921,34.78689767808015,100.0,42.73321844256055,29.084052512287172,-60.41750555149427,45.74424839685463,57.0900392942146,28.340420403087915,3.1275124065329507,65.86736325777936,Unfeasible shape,GPSampler,PRUNED
4788,4788,6.0,2026-04-21 19:00:48.118381,2026-04-21 19:00:48.312491,0 days 00:00:00.194110,-36.852917353533016,20.81127032088539,35.02626839149386,100.0,42.75148451310826,28.87496761958848,-60.35110774774386,46.015650984713034,57.29622106357195,28.852180130443944,3.0751981586414487,65.34796221704777,Unfeasible shape,GPSampler,PRUNED
4789,4789,6.0,2026-04-21 19:00:48.522844,2026-04-21 19:00:48.690735,0 days 00:00:00.167891,-36.68426671112456,21.773061868684948,34.797600321402,100.0,42.689968996634505,29.195529369546207,-60.50021860769124,45.82291756709409,57.19547335990273,28.513575486425076,3.0447563241456024,65.68467348440505,Unfeasible shape,GPSampler,PRUNED
4790,4790,6.0,2026-04-21 19:00:48.912502,2026-04-21 19:00:49.079662,0 days 00:00:00.167160,-36.82141956959181,21.454383581560634,34.494891163019076,100.0,42.617760948755624,29.18259527730479,-60.39710490127314,46.02087894987659,57.29049484528656,28.39578243891437,3.1739805435217363,65.92107325718739,Unfeasible shape,GPSampler,PRUNED
4791,4791,6.0,2026-04-21 19:00:49.287857,2026-04-21 19:00:49.423763,0 days 00:00:00.135906,-36.81736070500826,20.73346718029387,34.98605281931441,100.0,42.700290175792794,29.005091698529746,-60.38770673168101,45.889140522305524,57.09708758178718,28.677778486667275,3.057143266827943,65.58338361288476,Unfeasible shape,GPSampler,PRUNED
4792,4792,6.0,2026-04-21 19:00:49.613269,2026-04-21 19:00:49.830216,0 days 00:00:00.216947,-36.800139707459614,20.91250739838258,34.82656596970669,100.0,42.81094937274197,29.093909702303435,-60.362558765638745,45.939253756879594,57.16203667874187,28.33097243595484,3.108792346369327,65.69323551260857,Unfeasible shape,GPSampler,PRUNED
4793,4793,6.0,2026-04-21 19:00:50.041029,2026-04-21 19:00:50.258065,0 days 00:00:00.217036,-36.76268242511542,20.943323290442915,34.692857778732254,100.0,42.68525569880785,29.027530962046313,-60.20282500995569,45.955202103277855,57.07735537747477,28.329554637650865,3.1383016556975463,65.6038948254467,Unfeasible shape,GPSampler,PRUNED
4794,4794,6.0,2026-04-21 19:00:50.477872,2026-04-21 19:00:50.617003,0 days 00:00:00.139131,-36.826526251899686,20.978425179081242,35.23133703643076,100.0,42.86966086591135,29.0540625130377,-60.27362157115513,46.24763081861804,57.02151901656181,28.315981104035338,3.0534336574569494,65.79583843556756,Unfeasible shape,GPSampler,PRUNED
4795,4795,6.0,2026-04-21 19:00:50.789185,2026-04-21 19:00:50.937741,0 days 00:00:00.148556,-36.76732749355482,20.95235123263334,34.45556351020946,100.0,42.888002542376036,29.158095002818435,-60.48981257777341,45.93833977640039,57.315057961140674,28.231626844801685,3.18981521797231,65.91095280639578,Unfeasible shape,GPSampler,PRUNED
4796,4796,6.0,2026-04-21 19:00:51.100666,2026-04-21 19:00:51.257890,0 days 00:00:00.157224,-36.846731829348386,21.026438956337135,34.660572166713216,100.0,42.49431553764387,29.43558111472136,-60.36582706851029,45.97494586263132,57.292488535354295,28.16783883096839,3.1297628064146608,65.99760045637255,Unfeasible shape,GPSampler,PRUNED
4797,4797,6.0,2026-04-21 19:00:51.426400,2026-04-21 19:00:51.581633,0 days 00:00:00.155233,-36.6903552056535,20.994073340276394,34.812329024818,100.0,42.60887301887127,29.120883043535905,-60.36883031071741,46.0741305698166,57.22351839165897,28.294726513984266,3.0758511474612646,65.73203610571406,Unfeasible shape,GPSampler,PRUNED
4798,4798,6.0,2026-04-21 19:00:51.780438,2026-04-21 19:00:51.907669,0 days 00:00:00.127231,-36.84724180664342,21.107365113625832,34.19528479809853,100.0,42.92470869123955,30.506871682348937,-60.554542021862545,45.85249638282178,56.98724576561327,28.44712275219545,3.1853389998385992,66.22888913037445,Unfeasible shape,GPSampler,PRUNED
4799,4799,6.0,2026-04-21 19:00:52.107160,2026-04-21 19:00:52.296787,0 days 00:00:00.189627,-36.88684180162658,20.910402159528786,34.81897132531547,100.0,42.948064475848774,29.070543995647164,-59.98875542488577,45.84268756115575,57.081159708727846,28.145953424879192,3.16161212842502,65.9771393360306,Unfeasible shape,GPSampler,PRUNED
4800,4800,6.0,2026-04-21 19:00:52.489556,2026-04-21 19:00:52.701649,0 days 00:00:00.212093,-37.029833721883875,21.29539803949257,34.50716405901804,100.0,42.426759622493556,29.741269507166145,-60.4721498324179,46.31080190461295,57.603073564068666,28.338992390172784,3.216016063322364,66.08571143554832,Unfeasible shape,GPSampler,PRUNED
4801,4801,6.0,2026-04-21 19:00:53.007173,2026-04-21 19:00:53.183104,0 days 00:00:00.175931,-36.89564866415424,20.771154553930764,34.87471569356089,100.0,42.84647575180574,28.790276231162046,-60.17195560595787,45.94484023308835,57.08756032565045,28.395188026683417,3.0886892633248095,65.63512418685363,Unfeasible shape,GPSampler,PRUNED
4802,4802,6.0,2026-04-21 19:00:53.400206,2026-04-21 19:00:53.545248,0 days 00:00:00.145042,-36.825692832723504,21.070093256868134,35.01264404755108,100.0,42.70200396067512,28.819770530742552,-60.21730477277734,45.87395364169905,56.955315744083734,28.48667721128298,3.0031871663913066,65.59519614684002,Unfeasible shape,GPSampler,PRUNED
4803,4803,6.0,2026-04-21 19:00:53.832884,2026-04-21 19:00:53.980049,0 days 00:00:00.147165,-36.765040624909304,20.954541060320643,34.58212507195959,100.0,42.9830478956183,28.790444722413397,-60.34426163580006,45.52523034860407,57.13313827819339,28.32235732135389,3.197721599268057,65.7934631404505,Unfeasible shape,GPSampler,PRUNED
4804,4804,6.0,2026-04-21 19:00:54.153780,2026-04-21 19:00:54.302520,0 days 00:00:00.148740,-36.74053766482058,21.103615215633738,34.47063535308128,100.0,42.91715348252176,28.936970695774953,-60.33685860800669,45.89606570926636,57.197887167842794,28.281555895453497,3.1326087190682514,65.76194987311813,Unfeasible shape,GPSampler,PRUNED
4805,4805,6.0,2026-04-21 19:00:54.519622,2026-04-21 19:00:54.661847,0 days 00:00:00.142225,-36.67612505501034,20.85452233478942,35.1435891774895,100.0,42.58143874687313,29.131314626267205,-60.287723851305806,46.07249269546744,57.18645108774632,28.339227250164836,3.0984133834807963,65.70729470266716,Unfeasible shape,GPSampler,PRUNED
4806,4806,6.0,2026-04-21 19:00:54.859004,2026-04-21 19:00:55.002635,0 days 00:00:00.143631,-36.73936086523333,21.254355295331194,34.666776674120044,100.0,42.83458247096136,29.15650911792882,-60.47811288347511,46.21038325616787,57.28087219139995,28.171523216940617,3.106633986410465,65.66955854109021,Unfeasible shape,GPSampler,PRUNED
