,number,value,datetime_start,datetime_complete,duration,params_lLegPt.rA1,params_lLegPt.rL0,params_lLegPt.rL1,params_lLegPt.rL2,params_lLegPt.x1,params_lLegPt.y1,params_sLegPt.rA1,params_sLegPt.rL0,params_sLegPt.rL1,params_sLegPt.rL2,params_sLegPt.x1,params_sLegPt.y1,user_attrs_prune,system_attrs_auto:sampler,state
3207,3207,6.0,2026-04-21 18:51:09.293069,2026-04-21 18:51:09.449635,0 days 00:00:00.156566,-36.701617348596876,21.282078930516533,34.9089404771001,100.0,42.6528161379714,28.99527387889067,-60.442813421486925,46.003099396765336,57.14319125273009,28.486916774960193,3.0763650848260724,65.60475850271031,Unfeasible shape,GPSampler,PRUNED
3208,3208,6.0,2026-04-21 18:51:09.620478,2026-04-21 18:51:09.776794,0 days 00:00:00.156316,-36.843495303712025,21.110218530755937,34.82485027105086,100.0,42.898949475547624,28.695967726224488,-60.30638661319918,46.018181830505455,57.214752740677156,28.618798996751575,3.0732563170589557,65.58541542491815,Unfeasible shape,GPSampler,PRUNED
3209,3209,6.0,2026-04-21 18:51:09.948166,2026-04-21 18:51:10.176351,0 days 00:00:00.228185,-36.887464152013884,21.010932363530642,34.48091996878128,100.0,42.79646398108917,29.211860813038754,-60.35665745391998,46.07882495478534,57.187260273470336,28.12593452783607,3.1937359449435547,65.65956741964348,Unfeasible shape,GPSampler,PRUNED
3210,3210,6.0,2026-04-21 18:51:10.380494,2026-04-21 18:51:10.535725,0 days 00:00:00.155231,-36.871491073299005,21.078468200205894,34.88158009910956,100.0,42.544534660981746,28.924360073168856,-60.46449263656581,46.03275444377023,57.1157558902825,28.38108515330552,3.0840651260333445,65.53763377372651,Unfeasible shape,GPSampler,PRUNED
3211,3211,6.0,2026-04-21 18:51:10.701077,2026-04-21 18:51:10.824157,0 days 00:00:00.123080,-36.76239200713251,20.92058961912708,34.9664384682781,100.0,42.6207322357895,28.87734586949326,-60.312854915311874,45.975300850550596,57.044793636046265,28.643093576992165,3.0439768701337044,65.52641763258424,Unfeasible shape,GPSampler,PRUNED
3212,3212,6.0,2026-04-21 18:51:10.982530,2026-04-21 18:51:11.100379,0 days 00:00:00.117849,-36.7733577819255,21.260579231551297,34.46780353458798,100.0,42.59334173470354,29.09728711727017,-60.496431184007875,45.92781004402935,57.42667870364889,28.12457827399081,3.1909728340087327,66.1372916149789,Unfeasible shape,GPSampler,PRUNED
3213,3213,6.0,2026-04-21 18:51:11.273764,2026-04-21 18:51:11.425402,0 days 00:00:00.151638,-36.87083566912093,21.211656195583124,34.539459796046515,100.0,43.03221756106889,29.691086936083487,-60.272397924533415,46.030751007011865,57.190557779181205,28.384819149585272,3.2636168067353424,66.19970464100065,Unfeasible shape,GPSampler,PRUNED
3214,3214,6.0,2026-04-21 18:51:11.605016,2026-04-21 18:51:11.737294,0 days 00:00:00.132278,-36.844655671078584,21.153363058098467,34.68916741540477,100.0,42.98872609071567,28.81963712948948,-60.36255343860766,46.0702193930695,57.11191484613367,28.357752031848808,3.1181015933029883,65.63243403843997,Unfeasible shape,GPSampler,PRUNED
3215,3215,6.0,2026-04-21 18:51:11.946233,2026-04-21 18:51:12.070067,0 days 00:00:00.123834,-36.83144431702188,20.884222968572594,34.776868249822456,100.0,43.02271784814795,29.301018533752618,-60.33291410421596,45.77577886876869,57.17759967778333,28.189926804083402,3.124408588516715,65.76900663159476,Unfeasible shape,GPSampler,PRUNED
3216,3216,6.0,2026-04-21 18:51:12.224739,2026-04-21 18:51:12.481182,0 days 00:00:00.256443,-36.72341030865779,20.738285444458953,35.23490155541572,100.0,42.51203506079364,29.180890954973748,-60.2004594061069,45.88486417765152,56.95412060145989,28.489050871880107,3.023420508770684,65.60177317254082,Unfeasible shape,GPSampler,PRUNED
3217,3217,6.0,2026-04-21 18:51:12.669730,2026-04-21 18:51:12.837310,0 days 00:00:00.167580,-36.754544571051504,20.99606324343801,34.88327781162283,100.0,42.509945271511405,29.11679505339906,-60.26102490660421,46.277335543981216,57.302420367085965,28.537563021746493,3.057307732807807,65.55058079509045,Unfeasible shape,GPSampler,PRUNED
3218,3218,6.0,2026-04-21 18:51:13.019513,2026-04-21 18:51:13.197262,0 days 00:00:00.177749,-36.79226288659169,20.959270047076373,34.92931364842349,100.0,42.77096210345061,29.248564011336192,-60.2951622393025,45.844950749170856,56.99876278549726,28.369288415353573,3.0762173884597104,65.62246778830819,Unfeasible shape,GPSampler,PRUNED
3219,3219,6.0,2026-04-21 18:51:13.380171,2026-04-21 18:51:13.587173,0 days 00:00:00.207002,-36.75958777742736,21.1593197151264,34.858941744891865,100.0,42.78225858305833,28.902861673469886,-60.31747109076426,45.87760365155354,57.18979064220236,28.48847749440393,3.106847428812017,65.68559079041778,Unfeasible shape,GPSampler,PRUNED
3220,3220,6.0,2026-04-21 18:51:13.825451,2026-04-21 18:51:13.976304,0 days 00:00:00.150853,-36.83717389384449,20.51236133815943,35.057899214564124,100.0,42.842310114375564,28.803083373246366,-60.29100017899549,45.33841543155282,57.35132812040451,28.745677057165665,3.1257119020638697,65.89828035115993,Unfeasible shape,GPSampler,PRUNED
3221,3221,6.0,2026-04-21 18:51:14.159399,2026-04-21 18:51:14.322909,0 days 00:00:00.163510,-36.72853904869263,21.001604374463565,34.830030884874645,100.0,42.64881121228212,29.276786949687327,-60.38841581054975,45.78506013435917,57.01577415932945,28.25352499695416,3.1506978885721963,65.86232639196962,Unfeasible shape,GPSampler,PRUNED
3222,3222,6.0,2026-04-21 18:51:14.522018,2026-04-21 18:51:14.682275,0 days 00:00:00.160257,-36.895259174525506,21.369195833564202,34.89149491907976,100.0,42.67563361174506,29.22007274245977,-60.35398484924903,46.04601716947915,57.181090580530984,28.519750823235817,3.1638726175632996,65.9569912038123,Unfeasible shape,GPSampler,PRUNED
3223,3223,6.0,2026-04-21 18:51:14.863099,2026-04-21 18:51:15.029172,0 days 00:00:00.166073,-36.81530179683847,20.86411384265365,34.74551626262131,100.0,42.713153323086054,29.05624959778369,-60.35550489608143,45.94798126328415,57.170207940792565,28.253163908896386,3.127108631852984,65.73989742355181,Unfeasible shape,GPSampler,PRUNED
3224,3224,6.0,2026-04-21 18:51:15.209580,2026-04-21 18:51:15.350781,0 days 00:00:00.141201,-36.69111386524475,21.079773694602377,34.83319935475765,100.0,42.37113807885772,28.959538888240736,-60.49573718462487,46.02899528673826,57.09807906243141,28.438028444963546,3.296147734655108,66.1715172555358,Unfeasible shape,GPSampler,PRUNED
3225,3225,6.0,2026-04-21 18:51:15.541822,2026-04-21 18:51:15.679848,0 days 00:00:00.138026,-36.806465023461875,21.19966534364842,34.888228402040276,100.0,42.73972491748868,29.093364445385966,-60.18209756882431,45.98802172871053,57.404057934103925,28.227834837293965,3.203362758351062,66.38699254396434,Unfeasible shape,GPSampler,PRUNED
3226,3226,6.0,2026-04-21 18:51:15.879280,2026-04-21 18:51:16.034281,0 days 00:00:00.155001,-36.88611450019,20.787890387662845,34.45628983311073,100.0,42.77976034439242,29.135035879194902,-61.07203998026201,45.225649600401994,57.55012327075895,28.25635908969027,3.2134147415774805,65.98919318193046,Unfeasible shape,GPSampler,PRUNED
3227,3227,6.0,2026-04-21 18:51:16.338753,2026-04-21 18:51:16.469010,0 days 00:00:00.130257,-36.82520741325502,20.85720832280347,34.78190073694757,100.0,42.71655802903935,29.028274182186735,-60.29110195845085,45.89504934835814,57.214207608041896,28.37126783174438,3.1229233690090084,65.74104651562888,Unfeasible shape,GPSampler,PRUNED
3228,3228,6.0,2026-04-21 18:51:16.668253,2026-04-21 18:51:16.794200,0 days 00:00:00.125947,-36.77281897943797,20.743063032161466,35.31928285039409,100.0,42.74305215476852,28.83730992841744,-60.28820150711924,45.865374691540474,57.04930798209112,28.79398130819624,3.065714644320394,65.38207529915903,Unfeasible shape,GPSampler,PRUNED
3229,3229,6.0,2026-04-21 18:51:16.988618,2026-04-21 18:51:17.172160,0 days 00:00:00.183542,-36.73352414940072,21.471370583943504,34.6559067265254,100.0,42.841405950246575,29.040995399163492,-60.501558267224226,45.94719264261862,57.132286430048275,28.632277864445328,3.0839826047351337,65.76915230860834,Unfeasible shape,GPSampler,PRUNED
3230,3230,6.0,2026-04-21 18:51:17.343539,2026-04-21 18:51:17.495751,0 days 00:00:00.152212,-36.742878735048784,20.91554922828579,35.03317679133086,100.0,42.80481708638311,28.944435100954408,-60.3687466995754,45.96619340660457,57.20351047473754,28.557914207224854,3.0681248594741035,65.59506228521926,Unfeasible shape,GPSampler,PRUNED
3231,3231,6.0,2026-04-21 18:51:17.696360,2026-04-21 18:51:17.850542,0 days 00:00:00.154182,-36.838207892176904,21.0777842705467,34.740285536033674,100.0,42.94447876051435,29.066770813696202,-60.43039036320383,45.868825036641056,57.028090417008066,28.182849127427993,3.1220462837130754,65.81683509377908,Unfeasible shape,GPSampler,PRUNED
3232,3232,6.0,2026-04-21 18:51:18.013984,2026-04-21 18:51:18.160204,0 days 00:00:00.146220,-36.94119957429681,21.100205269023547,34.982417554152875,100.0,42.71448592414621,28.843335201770003,-60.247590825910166,45.862783776679784,57.149609795052875,28.638268515261156,3.0507735638019184,65.56324623229214,Unfeasible shape,GPSampler,PRUNED
3233,3233,6.0,2026-04-21 18:51:18.323506,2026-04-21 18:51:18.438251,0 days 00:00:00.114745,-36.72883616223422,20.660718645327037,34.73608798462308,100.0,42.63997769496564,28.939112541060332,-60.26775925775452,46.141502477321026,57.32936287388826,27.91443594930518,3.100552421614587,65.79268354540282,Unfeasible shape,GPSampler,PRUNED
3234,3234,6.0,2026-04-21 18:51:18.631982,2026-04-21 18:51:18.781823,0 days 00:00:00.149841,-36.708384418613576,20.401555062729734,35.31575474670356,100.0,42.67824922980286,28.81373624789682,-60.411978499357474,45.61033807816381,56.89950314426351,28.953846020818702,3.013847450962757,65.82862107884178,Unfeasible shape,GPSampler,PRUNED
3235,3235,6.0,2026-04-21 18:51:18.980393,2026-04-21 18:51:19.152574,0 days 00:00:00.172181,-36.75978354679186,21.10295574864184,34.705277343645456,100.0,42.75013005414143,28.899017897702706,-60.58072812593706,45.98641904749572,56.980591750311916,28.378804084050607,3.0801041284304134,65.62234672355393,Unfeasible shape,GPSampler,PRUNED
3236,3236,6.0,2026-04-21 18:51:19.385791,2026-04-21 18:51:19.548220,0 days 00:00:00.162429,-36.764906424985014,21.03195467756121,34.876403429539806,100.0,42.70904138267798,28.980221515759787,-60.46779899869786,45.857337198295035,57.182557696890235,28.423954258998304,3.12575289899101,65.73044862887753,Unfeasible shape,GPSampler,PRUNED
3237,3237,6.0,2026-04-21 18:51:19.735428,2026-04-21 18:51:19.886434,0 days 00:00:00.151006,-36.45252510859905,21.360875190355955,34.736350063407485,100.0,42.098848628512926,29.192872998365523,-60.57735263073716,46.263713569912,57.213475517711906,28.78965225030815,3.0916967213854036,65.84859057841045,Unfeasible shape,GPSampler,PRUNED
3238,3238,6.0,2026-04-21 18:51:20.065910,2026-04-21 18:51:20.233156,0 days 00:00:00.167246,-36.81975511108616,20.850436632347453,34.64582186952413,100.0,42.8438224731313,29.042279254773078,-60.40639734909931,45.66313059160797,57.363990206278984,28.38916570176884,3.1655129186784308,65.85656094728982,Unfeasible shape,GPSampler,PRUNED
3239,3239,6.0,2026-04-21 18:51:20.420786,2026-04-21 18:51:20.610471,0 days 00:00:00.189685,-36.83417720346087,20.963637213859116,34.66274225841894,100.0,42.71259798152981,29.130921223405757,-60.43044416472134,45.85459537870289,57.11488146011429,28.39181160999024,3.131487305732634,65.80927195510992,Unfeasible shape,GPSampler,PRUNED
3240,3240,6.0,2026-04-21 18:51:20.806678,2026-04-21 18:51:20.971380,0 days 00:00:00.164702,-36.703790742546346,20.99138831919727,35.0611283474959,100.0,42.82443506539635,28.831790221090493,-60.3513061184358,45.65523140034403,57.00498290834941,28.282517154880203,3.1122673877037457,65.54845819718996,Unfeasible shape,GPSampler,PRUNED
3241,3241,6.0,2026-04-21 18:51:21.137357,2026-04-21 18:51:21.291824,0 days 00:00:00.154467,-36.7396591237435,20.902181551695648,34.68313765670244,100.0,42.603688717747694,29.163574010301396,-60.45589344215912,46.0083093731666,57.26187677274814,28.332250456077606,3.0853198421634076,65.62854245297292,Unfeasible shape,GPSampler,PRUNED
3242,3242,6.0,2026-04-21 18:51:21.466083,2026-04-21 18:51:21.638811,0 days 00:00:00.172728,-36.758012951387045,20.76568992134687,34.96581481446565,100.0,42.426598627507374,29.187606572271115,-60.19772487977934,46.251773543024065,57.37455679313458,28.314421587996836,3.0827162081812034,65.58785452670497,Unfeasible shape,GPSampler,PRUNED
3243,3243,6.0,2026-04-21 18:51:21.829540,2026-04-21 18:51:21.985832,0 days 00:00:00.156292,-36.80228121759209,21.043850800784313,34.571242948949944,100.0,42.85975328274969,29.203634744742956,-60.552228728604646,45.63385150591101,57.156230932604956,28.022001546273057,3.166474702513078,66.0199620845565,Unfeasible shape,GPSampler,PRUNED
3244,3244,6.0,2026-04-21 18:51:22.163469,2026-04-21 18:51:22.320036,0 days 00:00:00.156567,-36.82682970220318,21.157428497004492,34.39672621240143,100.0,42.83296846351111,29.018020152701077,-60.41251689222234,45.985282134698025,57.27864978817318,28.36688665010495,3.1937053331389222,66.03089152048943,Unfeasible shape,GPSampler,PRUNED
3245,3245,6.0,2026-04-21 18:51:22.508158,2026-04-21 18:51:22.656324,0 days 00:00:00.148166,-36.90379237396647,20.95974838502555,34.761846617424965,100.0,43.022226764489446,28.754495545675056,-60.1816545866494,46.033401328177554,57.16383887310153,28.249709343288284,3.137091903307933,65.88991495218366,Unfeasible shape,GPSampler,PRUNED
3246,3246,6.0,2026-04-21 18:51:22.838895,2026-04-21 18:51:22.983849,0 days 00:00:00.144954,-36.82687356603894,21.04157755978347,34.70990123976373,100.0,42.704284961814494,29.054773162899195,-60.406091827925025,45.95513412568225,57.14842722043934,28.50542688239524,3.139756423816756,65.91834351018913,Unfeasible shape,GPSampler,PRUNED
3247,3247,6.0,2026-04-21 18:51:23.182835,2026-04-21 18:51:23.307390,0 days 00:00:00.124555,-36.92822285651698,21.076237373408915,34.91610425563699,100.0,42.75317872422676,29.08732360627708,-59.972209279113635,45.93122317346555,57.10596238898823,28.22992558075877,3.124409895086096,65.75814343910098,Unfeasible shape,GPSampler,PRUNED
3248,3248,6.0,2026-04-21 18:51:23.478657,2026-04-21 18:51:23.588716,0 days 00:00:00.110059,-36.7262938406556,20.757856048820447,34.72796021895279,100.0,42.517806896049315,28.89707851055551,-60.399735443018145,45.79604665250557,57.09031230133261,28.784038655520828,3.1280246997021592,65.6711006925989,Unfeasible shape,GPSampler,PRUNED
3249,3249,6.0,2026-04-21 18:51:23.786639,2026-04-21 18:51:23.992536,0 days 00:00:00.205897,-36.869127767258846,21.061245146498756,34.87470547662528,100.0,42.814882113715626,29.01545357210685,-60.462947958731036,45.92659011955025,57.178630634323774,28.67323773983329,3.0702797580312975,65.69708524168274,Unfeasible shape,GPSampler,PRUNED
3250,3250,6.0,2026-04-21 18:51:24.165567,2026-04-21 18:51:24.309878,0 days 00:00:00.144311,-36.597866945625135,21.061583848471013,34.3355930646937,100.0,42.26413535228078,29.44571222770945,-60.19643955017848,45.715862749168444,57.1960907582119,28.456767116749912,3.2187052527784132,65.95119000579902,Unfeasible shape,GPSampler,PRUNED
3251,3251,6.0,2026-04-21 18:51:24.475372,2026-04-21 18:51:24.606592,0 days 00:00:00.131220,-36.77838983771503,20.919432011116715,34.90472601536319,100.0,42.61682648625286,29.037473467787862,-60.36318453940662,46.077606429776864,57.171521418196306,28.449501715545974,3.097043407950814,65.66869478710285,Unfeasible shape,GPSampler,PRUNED
3252,3252,6.0,2026-04-21 18:51:24.818240,2026-04-21 18:51:24.956829,0 days 00:00:00.138589,-36.70216829743574,20.84026485826304,34.564199841207035,100.0,42.837566693218456,28.97020174704255,-60.660828258695076,45.55257249001168,56.720736184068436,28.257093439119757,3.0859386401050486,65.56260092349139,Unfeasible shape,GPSampler,PRUNED
3253,3253,6.0,2026-04-21 18:51:25.134210,2026-04-21 18:51:25.247689,0 days 00:00:00.113479,-36.4649491844997,21.340044826285595,34.35329044075941,100.0,42.641718233265735,29.594924280571597,-60.22723565998601,46.03692349803735,57.73846514160252,28.19394956495791,3.167706494119109,65.59670018041389,Unfeasible shape,GPSampler,PRUNED
3254,3254,6.0,2026-04-21 18:51:25.406842,2026-04-21 18:51:25.557808,0 days 00:00:00.150966,-36.81671135598497,20.84844322376612,34.49403800504419,100.0,42.59514777334346,29.119546308356554,-60.51210122974824,46.10747578499376,57.22616393276856,28.08978044925886,3.1421220234561886,65.69779096645844,Unfeasible shape,GPSampler,PRUNED
3255,3255,6.0,2026-04-21 18:51:25.920119,2026-04-21 18:51:26.080577,0 days 00:00:00.160458,-36.7814770081446,20.863967823307156,34.92253098382269,100.0,42.912555816915166,28.983297798343123,-60.280271475698626,45.95145939077141,57.12331278645332,28.61672965833093,3.1299871194349436,65.7146681601938,Unfeasible shape,GPSampler,PRUNED
3256,3256,6.0,2026-04-21 18:51:26.267310,2026-04-21 18:51:26.425732,0 days 00:00:00.158422,-36.78848848909327,20.977790300882177,34.828912131040646,100.0,43.059106401171285,29.66497530764066,-60.110541071286406,45.6041681272895,56.81618410620705,28.296493340349915,3.189759278973611,65.73763743032428,Unfeasible shape,GPSampler,PRUNED
3257,3257,6.0,2026-04-21 18:51:26.647312,2026-04-21 18:51:26.775605,0 days 00:00:00.128293,-36.77926933493809,21.148995588115348,34.87779563479385,100.0,42.827978291243156,28.923843827618597,-60.32263717582981,45.78473143883344,57.15753068927426,28.43684243839095,3.104830164116727,65.73193320907068,Unfeasible shape,GPSampler,PRUNED
3258,3258,6.0,2026-04-21 18:51:26.960083,2026-04-21 18:51:27.129508,0 days 00:00:00.169425,-36.6925303792167,20.65442054125694,34.91416900076246,100.0,42.82864052177077,29.259785222348896,-60.43944452457784,45.62773084632505,56.951467962055474,28.33745180239674,3.2124133865244744,65.88822449041204,Unfeasible shape,GPSampler,PRUNED
3259,3259,6.0,2026-04-21 18:51:27.397304,2026-04-21 18:51:27.531532,0 days 00:00:00.134228,-36.74003119793573,20.82183807675451,35.2343488933359,100.0,42.663260938506774,28.857667857314915,-60.21064342259215,45.689493340459684,57.1521208751834,28.508103014672525,3.0947575190813907,65.44937210563863,Unfeasible shape,GPSampler,PRUNED
3260,3260,6.0,2026-04-21 18:51:27.720525,2026-04-21 18:51:27.879041,0 days 00:00:00.158516,-36.7652362136123,20.973359187462147,35.000274562165565,100.0,42.75361109232093,29.1121410881048,-60.36279506419757,46.239656923186104,57.1229393405243,28.285580853717946,3.011931016816561,66.02964648917965,Unfeasible shape,GPSampler,PRUNED
3261,3261,6.0,2026-04-21 18:51:28.164647,2026-04-21 18:51:28.290561,0 days 00:00:00.125914,-36.73317132939827,21.080165830460203,34.83544000822144,100.0,42.724699137973595,28.99532262448163,-60.48823151039369,45.92144938364336,57.12445669607226,28.49885101488279,3.136674287247807,65.64877783400927,Unfeasible shape,GPSampler,PRUNED
3262,3262,6.0,2026-04-21 18:51:28.472611,2026-04-21 18:51:28.599158,0 days 00:00:00.126547,-36.636296444803676,21.125820602791038,35.05835690401797,100.0,42.853907852813016,28.95117804845399,-60.37950028223371,45.987735034399634,56.91611461878691,28.542757323721663,3.123807595594613,65.71525011826998,Unfeasible shape,GPSampler,PRUNED
3263,3263,6.0,2026-04-21 18:51:28.789152,2026-04-21 18:51:28.946870,0 days 00:00:00.157718,-36.79445670158808,20.949713038654806,34.78998366271807,100.0,42.74368987550281,28.996649902351685,-60.34459030352931,45.957242510265985,57.115965317368854,28.56168202203065,3.076929282640087,65.72096377241907,Unfeasible shape,GPSampler,PRUNED
3264,3264,6.0,2026-04-21 18:51:29.138143,2026-04-21 18:51:29.369430,0 days 00:00:00.231287,-36.69965858537461,20.80962556178551,34.456158263846476,100.0,43.10814042682668,29.315946114787828,-60.2444868530949,45.99594204665225,56.91435853694746,28.38528505420987,3.1375272077275653,65.46132262667653,Unfeasible shape,GPSampler,PRUNED
3265,3265,6.0,2026-04-21 18:51:29.583898,2026-04-21 18:51:29.838927,0 days 00:00:00.255029,-36.671005466967166,21.387848431405608,35.03756577746573,100.0,42.661661592735996,29.085816761267715,-60.263971332113385,46.43439986036749,57.03657967787613,28.363932408368004,3.022916539242246,65.62349313630972,Unfeasible shape,GPSampler,PRUNED
3266,3266,6.0,2026-04-21 18:51:30.099362,2026-04-21 18:51:30.246855,0 days 00:00:00.147493,-36.78582127609246,21.160159998945502,34.56511192162874,100.0,42.778268497121715,29.068027069457322,-60.41935673804831,45.97579399277498,57.30025692042144,28.43955838442401,3.112927439400373,65.90791488829686,Unfeasible shape,GPSampler,PRUNED
3267,3267,6.0,2026-04-21 18:51:30.575443,2026-04-21 18:51:30.718288,0 days 00:00:00.142845,-36.74118866795006,21.1008512743741,34.95820816497627,100.0,42.67609543035063,28.854700085018436,-60.52182289331908,45.89951457525046,57.15163694480201,28.455693585918095,3.0488821997372,65.6590526572643,Unfeasible shape,GPSampler,PRUNED
3268,3268,6.0,2026-04-21 18:51:30.902091,2026-04-21 18:51:31.075781,0 days 00:00:00.173690,-36.67939190691727,20.191455783220214,35.93733427357154,100.0,42.737789342049915,28.493779804012668,-60.14756242399507,45.68968804185427,56.80678968384015,28.882084835532496,2.9174347466827513,64.894881223617,Unfeasible shape,GPSampler,PRUNED
3269,3269,6.0,2026-04-21 18:51:31.260970,2026-04-21 18:51:31.419267,0 days 00:00:00.158297,-36.72138643254846,20.799401922333672,34.72458956439702,100.0,42.88824618111693,29.246149204975737,-60.358314575015555,45.91809556303569,57.07039440191471,28.364169518400892,3.1552767412827336,65.6928205771301,Unfeasible shape,GPSampler,PRUNED
3270,3270,6.0,2026-04-21 18:51:31.610042,2026-04-21 18:51:31.752755,0 days 00:00:00.142713,-36.75321817834541,20.76885149284125,35.12609059262737,100.0,42.8431414302174,28.884023746901903,-60.33096643729647,45.815701721513804,57.013979891119575,28.587079272269065,3.1087489934624557,65.44847190759374,Unfeasible shape,GPSampler,PRUNED
