,number,value,datetime_start,datetime_complete,duration,params_lLegPt.rA1,params_lLegPt.rL0,params_lLegPt.rL1,params_lLegPt.rL2,params_lLegPt.x1,params_lLegPt.y1,params_sLegPt.rA1,params_sLegPt.rL0,params_sLegPt.rL1,params_sLegPt.rL2,params_sLegPt.x1,params_sLegPt.y1,user_attrs_prune,system_attrs_auto:sampler,state
836,836,6.0,2026-04-21 18:37:38.206780,2026-04-21 18:37:38.474896,0 days 00:00:00.268116,-36.80133281496816,20.9623409605876,34.63085659087838,100.0,42.56347774592669,29.07285405703214,-60.37211403154587,45.884058534206176,57.14017102138784,28.345847809346147,3.1151644564531082,65.84876832362166,Unfeasible shape,GPSampler,PRUNED
837,837,6.0,2026-04-21 18:37:38.728146,2026-04-21 18:37:39.009240,0 days 00:00:00.281094,-36.489801269403124,21.13468358290295,35.11143244348143,100.0,42.629853601113666,28.722098102706546,-60.5563976071126,46.42111446419175,57.06895108601139,28.59876769644435,3.097680856987054,65.6993710671134,Unfeasible shape,GPSampler,PRUNED
838,838,6.0,2026-04-21 18:37:39.244576,2026-04-21 18:37:39.350065,0 days 00:00:00.105489,-36.84012732667038,20.991176221310212,34.908974332220026,100.0,42.8206895706294,29.10433731281657,-60.39900089796716,45.741331709235894,57.179887170744884,28.321735601149157,3.074058180903741,65.61666167615283,Unfeasible shape,GPSampler,PRUNED
839,839,6.0,2026-04-21 18:37:39.494544,2026-04-21 18:37:39.626958,0 days 00:00:00.132414,-36.67023502274604,20.98823956732207,35.043313580862865,100.0,42.70733598083794,29.152947061761544,-60.33118483642157,45.67356981619775,57.16988433390825,28.467395249978654,3.113983068705153,65.55423911349858,Unfeasible shape,GPSampler,PRUNED
840,840,6.0,2026-04-21 18:37:39.852924,2026-04-21 18:37:39.975539,0 days 00:00:00.122615,-36.73135576304592,21.44265010933529,34.69272098677123,100.0,42.603476097281714,28.918701197299036,-60.50023192649836,46.07314653621223,57.05067761728165,28.484695121908167,3.044194131150789,65.53705880679911,Unfeasible shape,GPSampler,PRUNED
841,841,6.0,2026-04-21 18:37:40.124998,2026-04-21 18:37:40.277775,0 days 00:00:00.152777,-36.7991312211263,20.99101167903443,34.897737914451426,100.0,42.73116934803087,29.341224488461535,-60.2156568704517,45.757113314779765,57.074639118300944,28.583105246963065,3.087803908035106,65.36850144348655,Unfeasible shape,GPSampler,PRUNED
842,842,6.0,2026-04-21 18:37:40.438256,2026-04-21 18:37:40.573771,0 days 00:00:00.135515,-36.765845840484616,21.0837773004506,34.76392669351489,100.0,42.677768581699354,29.10604619827584,-60.34471343445994,45.91655860353608,57.18324247218883,28.36675654401217,3.1268723644698966,65.74500569764496,Unfeasible shape,GPSampler,PRUNED
843,843,6.0,2026-04-21 18:37:40.747387,2026-04-21 18:37:40.891306,0 days 00:00:00.143919,-36.80101599271207,21.10257697075796,34.950255208876946,100.0,42.78424392756083,29.00559650560423,-60.146866540953404,45.893528057490734,56.95368239305566,28.34637288157877,3.13713968160026,65.78278959191506,Unfeasible shape,GPSampler,PRUNED
844,844,6.0,2026-04-21 18:37:41.047421,2026-04-21 18:37:41.217031,0 days 00:00:00.169610,-36.850770771529554,20.983359843332167,35.08557680793501,100.0,42.69307230038478,29.1362628732764,-60.370370602049825,45.93533119011689,57.11114535745566,28.69642249888219,3.106139891301609,65.67124601001775,Unfeasible shape,GPSampler,PRUNED
845,845,6.0,2026-04-21 18:37:41.391166,2026-04-21 18:37:41.533476,0 days 00:00:00.142310,-36.83731051782287,21.025688333226007,34.82148438747508,100.0,42.92625791189291,29.180550215288164,-60.3272258736303,45.87494204736401,57.23599863764806,28.41193511883381,3.1415336677391537,65.83931550313417,Unfeasible shape,GPSampler,PRUNED
846,846,6.0,2026-04-21 18:37:41.676183,2026-04-21 18:37:41.861878,0 days 00:00:00.185695,-36.71335768304018,21.312220362421662,34.39835189580546,99.98741789216807,42.59715381216085,28.86213003472617,-60.66717180262998,46.153574874556746,57.23486306879267,28.8443684253085,3.1837841712954003,65.76054597632913,Unfeasible shape,GPSampler,PRUNED
847,847,6.0,2026-04-21 18:37:42.021467,2026-04-21 18:37:42.142460,0 days 00:00:00.120993,-36.787018549427714,21.352207391752692,34.80859943250869,100.0,42.96500936903447,29.155561131526838,-60.39974673990255,45.971482302399785,57.09954125359755,28.66881077715136,3.0134010508495592,65.63252550270884,Unfeasible shape,GPSampler,PRUNED
848,848,6.0,2026-04-21 18:37:42.310434,2026-04-21 18:37:42.541927,0 days 00:00:00.231493,-36.77860847745742,21.11495421014762,34.6985554909414,100.0,42.80399241506289,29.041459930825276,-60.48658954820577,45.80923320378959,57.122315080243276,28.404744347966343,3.1176125253204816,65.77354435993404,Unfeasible shape,GPSampler,PRUNED
849,849,6.0,2026-04-21 18:37:42.723049,2026-04-21 18:37:42.857293,0 days 00:00:00.134244,-37.01813326753692,20.86391876139605,34.99627655689763,100.0,42.78648212331935,28.818803255352705,-59.975889649924895,45.948402648985116,57.405271194892045,28.230814371909638,3.0894613315253636,65.6148150039383,Unfeasible shape,GPSampler,PRUNED
850,850,6.0,2026-04-21 18:37:43.106969,2026-04-21 18:37:43.289838,0 days 00:00:00.182869,-36.743332511608244,20.33278091783271,35.221791919570364,100.0,42.60248420895465,28.846059452494778,-60.13200700019407,45.8091017067215,57.09725554127096,29.13871273339152,3.1208313787745254,65.57327496816737,Unfeasible shape,GPSampler,PRUNED
851,851,6.0,2026-04-21 18:37:43.463265,2026-04-21 18:37:43.611752,0 days 00:00:00.148487,-36.816590690135676,20.946460506350924,34.90963344125957,100.0,42.82002873290596,29.09397430083567,-60.39900417617271,45.723338301406336,56.967990505331514,28.567303920054727,3.1092397082686887,65.64726225090779,Unfeasible shape,GPSampler,PRUNED
852,852,6.0,2026-04-21 18:37:43.776405,2026-04-21 18:37:43.926332,0 days 00:00:00.149927,-36.74662567146145,20.944024208374874,34.818316997281116,100.0,42.79691885901752,29.003979474814706,-60.40152273292514,45.885025214135865,57.151942909906964,28.478834055521723,3.1054974476571786,65.657172053736,Unfeasible shape,GPSampler,PRUNED
853,853,6.0,2026-04-21 18:37:44.065780,2026-04-21 18:37:44.204260,0 days 00:00:00.138480,-36.82958188373721,20.79602044909962,34.76265850298103,100.0,42.73465813149332,29.099463562941516,-60.466424949668934,45.985059791124264,57.29981224724622,28.449148934313396,3.1377424231943962,65.75058088498753,Unfeasible shape,GPSampler,PRUNED
854,854,6.0,2026-04-21 18:37:44.367768,2026-04-21 18:37:44.640859,0 days 00:00:00.273091,-36.7163641526005,21.08363626474119,34.79657875141868,100.0,42.71175612730508,29.080286811875084,-60.30646082547196,45.74996627825156,57.11530555159308,28.352197716757573,3.149513456665673,65.71142165991759,Unfeasible shape,GPSampler,PRUNED
855,855,6.0,2026-04-21 18:37:44.855216,2026-04-21 18:37:44.994536,0 days 00:00:00.139320,-36.782117707270984,20.981978288242917,34.79743997363255,100.0,42.583783540023084,29.071127441732457,-60.434652263705914,45.96316552972081,57.283004029843624,28.40949689292066,3.130318760389855,65.65392005011276,Unfeasible shape,GPSampler,PRUNED
856,856,6.0,2026-04-21 18:37:45.233117,2026-04-21 18:37:45.400129,0 days 00:00:00.167012,-36.793450820182,21.408017199774328,34.24937980767261,100.0,42.92977094115626,29.093186068810482,-60.554931432161325,45.62344577889233,57.0044017591603,27.90630253979951,3.2138365952122143,65.97181094788779,Unfeasible shape,GPSampler,PRUNED
857,857,6.0,2026-04-21 18:37:45.560782,2026-04-21 18:37:45.713253,0 days 00:00:00.152471,-36.91141394348306,21.024566049109822,34.846997602656074,100.0,42.90733455274522,29.05319214759941,-60.39378758776446,45.88437581080815,57.28007256265771,28.322329962569768,3.065527776986066,65.7484338934508,Unfeasible shape,GPSampler,PRUNED
858,858,6.0,2026-04-21 18:37:45.894680,2026-04-21 18:37:46.010586,0 days 00:00:00.115906,-36.81047457232643,20.550107489519046,34.921970824516876,100.0,42.82601304504825,29.153707087850087,-60.26144474614247,46.06365996322794,57.16712405448106,28.175786315875527,3.0955234388744657,65.61652922979935,Unfeasible shape,GPSampler,PRUNED
859,859,6.0,2026-04-21 18:37:46.297385,2026-04-21 18:37:46.461853,0 days 00:00:00.164468,-36.80504713732063,20.970997862403287,34.640204990171554,100.0,42.92478455219918,29.2202095579648,-60.43361364894205,45.532870193523536,57.19885573310982,27.867505769259786,3.1774776995535987,66.43204084807358,Unfeasible shape,GPSampler,PRUNED
860,860,6.0,2026-04-21 18:37:46.605367,2026-04-21 18:37:46.741734,0 days 00:00:00.136367,-36.83719732791521,20.925863958761486,34.87881955789359,100.0,42.772482067503226,29.093358718487238,-60.34650512461728,45.895619660824714,57.13989853312903,28.38990880467556,3.1028742651580643,65.69058791025866,Unfeasible shape,GPSampler,PRUNED
861,861,6.0,2026-04-21 18:37:46.927128,2026-04-21 18:37:47.099877,0 days 00:00:00.172749,-37.03331944148908,20.466066043803714,35.115798355196475,99.92314732411248,42.63997835544249,29.005190594923413,-60.2319619243957,45.618614023396084,56.72725566716435,28.961441110757022,3.0184666252613255,65.0772845474201,Unfeasible shape,GPSampler,PRUNED
862,862,6.0,2026-04-21 18:37:47.273002,2026-04-21 18:37:47.472153,0 days 00:00:00.199151,-36.71746303162488,22.171025997655278,34.22263205478685,100.0,43.035483531214055,29.271791119509487,-60.23946460169666,45.98412320540552,57.82137657188735,27.717260933365754,3.0481070925702696,65.88256013935938,Unfeasible shape,GPSampler,PRUNED
863,863,6.0,2026-04-21 18:37:47.746094,2026-04-21 18:37:47.887568,0 days 00:00:00.141474,-36.69363098131892,21.341422720172904,34.69922676986517,100.0,42.73038913510341,29.126811916797877,-60.400929778978,46.131239354831955,57.25999688580784,28.40130749978658,3.21624557116521,65.79629301672419,Unfeasible shape,GPSampler,PRUNED
864,864,6.0,2026-04-21 18:37:48.025408,2026-04-21 18:37:48.164674,0 days 00:00:00.139266,-36.63485351014633,21.193097977616887,34.48879351017332,100.0,42.85905966032346,29.284306330470578,-60.550309815649115,45.804705964509296,57.29865850905513,28.310927110507144,3.1574945821623643,65.65398676463046,Unfeasible shape,GPSampler,PRUNED
865,865,6.0,2026-04-21 18:37:48.317488,2026-04-21 18:37:48.492701,0 days 00:00:00.175213,-36.830471446521884,20.865349662248413,35.00708468784722,100.0,42.85768928955412,29.024356349039877,-60.33386732480546,45.92333828508786,57.137045961004446,28.606577330380443,3.1104781674553337,65.70526896343664,Unfeasible shape,GPSampler,PRUNED
866,866,6.0,2026-04-21 18:37:48.641622,2026-04-21 18:37:48.924150,0 days 00:00:00.282528,-36.73788239342285,20.854544109461642,35.10674658326768,100.0,42.662455320622826,28.877362250920037,-60.33358862181877,45.94995598080282,57.00178072109901,28.575373843286233,3.1030898553692907,65.73220418450546,Unfeasible shape,GPSampler,PRUNED
867,867,6.0,2026-04-21 18:37:49.080105,2026-04-21 18:37:49.206815,0 days 00:00:00.126710,-36.81001808036351,20.840517769233497,34.339275563182895,100.0,43.07985863589931,28.87034221389753,-60.671619465446554,45.905528176946376,57.255796724483424,28.11738993178524,3.1130286275757513,65.75660540702667,Unfeasible shape,GPSampler,PRUNED
868,868,6.0,2026-04-21 18:37:49.370026,2026-04-21 18:37:49.509733,0 days 00:00:00.139707,-36.74519296118339,20.99663164038175,34.86825403588031,100.0,42.760920349432354,29.037871549573552,-60.40301149698297,45.82066372099675,57.13151485678427,28.394034901522318,3.110987050629049,65.71622558000854,Unfeasible shape,GPSampler,PRUNED
869,869,6.0,2026-04-21 18:37:49.684212,2026-04-21 18:37:49.825385,0 days 00:00:00.141173,-36.88465679845056,21.21403996695658,34.631607892555415,100.0,42.70621972986722,28.838786851923913,-60.50439660344615,45.80663254812472,56.98080459110866,28.527711296516184,3.0892354651207654,65.63138897075333,Unfeasible shape,GPSampler,PRUNED
870,870,6.0,2026-04-21 18:37:49.971672,2026-04-21 18:37:50.102165,0 days 00:00:00.130493,-36.68695586242715,21.04426238240877,34.76337295114946,100.0,42.93644514265847,29.281446846659293,-60.36426157911601,45.85523804658199,57.08891751931087,28.201311885834652,3.095248988018632,65.70304918125093,Unfeasible shape,GPSampler,PRUNED
871,871,6.0,2026-04-21 18:37:50.340535,2026-04-21 18:37:50.498619,0 days 00:00:00.158084,-36.96685297427082,21.373813550279074,35.0242535859338,100.0,43.08789427359051,29.211370024028497,-60.12604661583662,45.97204116867311,57.23311511890587,28.222134244535418,3.1338896993070904,66.34022265996671,Unfeasible shape,GPSampler,PRUNED
872,872,6.0,2026-04-21 18:37:50.687377,2026-04-21 18:37:50.809882,0 days 00:00:00.122505,-36.69523976613318,21.200738067601584,34.87953880537978,100.0,42.44416395523585,29.144443032092774,-60.333460927537544,46.06103304046832,57.25930085441368,28.230080784277877,3.1781662164451916,65.59605776956568,Unfeasible shape,GPSampler,PRUNED
873,873,6.0,2026-04-21 18:37:50.949398,2026-04-21 18:37:51.138993,0 days 00:00:00.189595,-36.69754219588629,20.93405581292343,35.036678121145556,100.0,42.64264380118724,28.9422377119949,-60.34388301218672,45.83551842627883,57.15108802261807,28.61828755841188,3.0410388684177505,65.52394774042534,Unfeasible shape,GPSampler,PRUNED
874,874,6.0,2026-04-21 18:37:51.281173,2026-04-21 18:37:51.414762,0 days 00:00:00.133589,-36.943862102140386,20.978371985703596,35.1493369405751,100.0,43.002499548780946,28.591087523279903,-60.10084554028879,45.85544763056078,56.99380408020383,28.548410999087995,3.135195396980315,65.52504278206676,Unfeasible shape,GPSampler,PRUNED
875,875,6.0,2026-04-21 18:37:51.566008,2026-04-21 18:37:51.740177,0 days 00:00:00.174169,-36.925336642830885,21.01464453657583,34.9469572827999,100.0,43.041270493030176,28.93125801579994,-60.3342931484502,45.779071898655,57.08678965759883,28.401806009749794,3.0856674833809095,65.73288421604597,Unfeasible shape,GPSampler,PRUNED
876,876,6.0,2026-04-21 18:37:51.946969,2026-04-21 18:37:52.144144,0 days 00:00:00.197175,-36.94905736165415,21.166532682641375,34.70911159852383,100.0,42.844831960601724,29.201441541117624,-60.398555771673465,45.89535372946219,57.32623570515376,28.398630266525814,3.097399666592203,65.44045668496773,Unfeasible shape,GPSampler,PRUNED
877,877,6.0,2026-04-21 18:37:52.312455,2026-04-21 18:37:52.474671,0 days 00:00:00.162216,-36.64422639140702,21.18122196892977,34.643636007386974,100.0,42.8162137213671,29.130206465109204,-60.29080237447362,46.02460901965315,57.31092825170143,28.300731132466733,3.183975481500873,65.74307407318632,Unfeasible shape,GPSampler,PRUNED
878,878,6.0,2026-04-21 18:37:52.631933,2026-04-21 18:37:52.791039,0 days 00:00:00.159106,-36.65520567855774,20.95218963361026,34.907203306153,100.0,42.74780342849676,29.173103578689854,-60.273708869377465,45.96168749376239,57.18700934930399,28.408649645657906,3.1126731040376754,65.81757467710906,Unfeasible shape,GPSampler,PRUNED
879,879,6.0,2026-04-21 18:37:52.948672,2026-04-21 18:37:53.116673,0 days 00:00:00.168001,-36.73811433238737,21.094089783571256,34.82307852033875,100.0,42.66063656026926,29.083449642612166,-60.46167589977518,45.91609194087434,57.134141565624894,28.35481523010924,3.0996389682599172,65.64076516605837,Unfeasible shape,GPSampler,PRUNED
880,880,6.0,2026-04-21 18:37:53.278494,2026-04-21 18:37:53.494124,0 days 00:00:00.215630,-36.5226111375279,21.768537631037688,34.791019862037885,100.0,42.77773140352931,28.831860335409054,-60.24646428709502,46.291363603202676,57.23221530611946,28.473121850081572,3.139427973811202,65.67399923708527,Unfeasible shape,GPSampler,PRUNED
881,881,6.0,2026-04-21 18:37:53.668481,2026-04-21 18:37:53.816417,0 days 00:00:00.147936,-36.83344269764051,21.061376456227137,34.8266016980841,100.0,42.772296331654765,29.1194736077529,-60.283950188003914,45.97204176969547,57.171534607932315,28.34054748524848,3.1464031474557146,65.74356332645732,Unfeasible shape,GPSampler,PRUNED
882,882,6.0,2026-04-21 18:37:54.001660,2026-04-21 18:37:54.206708,0 days 00:00:00.205048,-36.73206219389508,20.976297402116327,34.83726784331718,100.0,42.70739743095077,28.870637587398818,-60.322142558079946,45.946417441010574,57.14160491103235,28.458927474708975,3.1367664319357758,65.55611010238593,Unfeasible shape,GPSampler,PRUNED
883,883,6.0,2026-04-21 18:37:54.363725,2026-04-21 18:37:54.525112,0 days 00:00:00.161387,-36.655245015084155,21.089880365320703,34.436450599660986,100.0,42.59803357155776,28.91944417842212,-60.80236629536657,45.33627217724194,57.08760720831047,28.457707979296604,3.1155766114814014,65.76764031730808,Unfeasible shape,GPSampler,PRUNED
884,884,6.0,2026-04-21 18:37:54.694089,2026-04-21 18:37:54.806622,0 days 00:00:00.112533,-36.89377555973082,20.690035597346785,34.666395975696155,100.0,42.82847370916162,29.391524195714382,-60.29828857241739,45.59623488502846,57.13125945164925,28.41834248684344,3.091905604274764,65.82756116964858,Unfeasible shape,GPSampler,PRUNED
885,885,6.0,2026-04-21 18:37:54.958291,2026-04-21 18:37:55.073963,0 days 00:00:00.115672,-36.846572782033725,20.92215269752796,34.856156472317295,100.0,42.830988138206386,28.84599224380363,-60.19638134708508,45.98676844018177,57.14810214965964,28.462135135048655,3.0519131259947017,65.70623376979722,Unfeasible shape,GPSampler,PRUNED
886,886,6.0,2026-04-21 18:37:55.209166,2026-04-21 18:37:55.351023,0 days 00:00:00.141857,-36.77497891090017,21.291049688367714,34.9319985756248,100.0,42.631736973369094,28.897074453269106,-60.340045468107206,45.931425868706164,57.08003394014509,28.4620992685596,3.0863679413126945,65.60171549283046,Unfeasible shape,GPSampler,PRUNED
887,887,6.0,2026-04-21 18:37:55.660291,2026-04-21 18:37:55.859523,0 days 00:00:00.199232,-36.57784305566066,21.2660977109539,34.94161526981647,100.0,42.82224548651363,29.313787474546693,-60.39743993833412,45.277798061126504,57.24412296629531,28.87235100636488,3.2536383481728848,65.87627448036571,Unfeasible shape,GPSampler,PRUNED
888,888,6.0,2026-04-21 18:37:56.016099,2026-04-21 18:37:56.289323,0 days 00:00:00.273224,-36.80155648476879,20.987601223110335,34.82547465615248,100.0,42.7470105470451,29.020669070451824,-60.31989987164513,45.92164562447882,57.12762463673404,28.4318965180882,3.1336794906635603,65.74820104656493,Unfeasible shape,GPSampler,PRUNED
889,889,6.0,2026-04-21 18:37:56.441124,2026-04-21 18:37:56.671816,0 days 00:00:00.230692,-36.70624793580891,21.094534471577024,34.808397079602145,100.0,42.61965466821357,29.230968766377693,-60.52316003317561,45.84212322230991,57.158623951353775,28.192060743293347,3.0547528517779483,65.74645567131616,Unfeasible shape,GPSampler,PRUNED
890,890,6.0,2026-04-21 18:37:56.822106,2026-04-21 18:37:56.985699,0 days 00:00:00.163593,-36.496997299403034,21.022938524256247,34.3836400476853,100.0,42.709471541977145,29.44778487638333,-60.290256310649156,45.57931325745668,57.03215018344676,28.18096274645213,3.141418348497595,66.17457587601498,Unfeasible shape,GPSampler,PRUNED
891,891,6.0,2026-04-21 18:37:57.136673,2026-04-21 18:37:57.269331,0 days 00:00:00.132658,-36.820658625279606,21.27060521183486,34.82754051683031,100.0,42.754390929741675,28.92270979287835,-60.4962390964031,45.93482103175566,57.12105290684287,28.504755357940684,3.103251898640785,65.60402125634236,Unfeasible shape,GPSampler,PRUNED
892,892,6.0,2026-04-21 18:37:57.425644,2026-04-21 18:37:57.572800,0 days 00:00:00.147156,-36.742299395928406,21.244991061116536,34.98056974732321,100.0,42.830570085867386,29.007893521247276,-60.385262323353146,46.1184029024566,57.10986729830458,28.655104963954688,3.0494958619958297,65.55785050775668,Unfeasible shape,GPSampler,PRUNED
893,893,6.0,2026-04-21 18:37:57.757520,2026-04-21 18:37:57.873288,0 days 00:00:00.115768,-36.77820597961822,20.948439785195813,34.87196544433362,100.0,42.81348763604096,28.983181708279695,-60.36437095114235,45.893081805033745,57.125169949814406,28.47614739812063,3.1011799376985465,65.65601110929681,Unfeasible shape,GPSampler,PRUNED
894,894,6.0,2026-04-21 18:37:58.151495,2026-04-21 18:37:58.277587,0 days 00:00:00.126092,-36.77497572625947,20.612374926619108,34.56897464277479,100.0,42.815834344914975,28.711309657003696,-60.16306004669977,45.76526961956787,57.03085220147088,28.67715345623191,3.075316101205658,65.48469809487975,Unfeasible shape,GPSampler,PRUNED
895,895,6.0,2026-04-21 18:37:58.419124,2026-04-21 18:37:58.545005,0 days 00:00:00.125881,-36.83465185810404,21.026291044143882,34.69503621615119,100.0,42.64711116812464,28.984330342968768,-60.32868189949143,46.04165185196968,57.242818097785076,28.425355504577382,3.1026676617204885,65.73295116907782,Unfeasible shape,GPSampler,PRUNED
896,896,6.0,2026-04-21 18:37:58.694371,2026-04-21 18:37:58.820654,0 days 00:00:00.126283,-36.72535684135733,21.38165273018103,34.98358955134904,100.0,42.74421720409912,28.783031579143227,-60.204579707324754,45.76571838500595,57.2799123974109,28.279426727901853,3.1337917721369664,65.86256105753135,Unfeasible shape,GPSampler,PRUNED
897,897,6.0,2026-04-21 18:37:59.002714,2026-04-21 18:37:59.192169,0 days 00:00:00.189455,-36.872957614226294,21.110125707699307,34.90556164759922,100.0,42.96971467708989,28.83523784730169,-60.08939110150423,46.15367640583088,57.26946880187646,28.537712100915652,3.0863665530297553,65.57958569980876,Unfeasible shape,GPSampler,PRUNED
898,898,6.0,2026-04-21 18:37:59.374759,2026-04-21 18:37:59.517106,0 days 00:00:00.142347,-36.597548255333194,21.155645337336896,34.814643628708964,100.0,42.664445806558525,29.248129080986907,-60.64333556447449,45.63445332843889,56.82903229111231,28.364171759512274,3.058342280070498,65.80375839347387,Unfeasible shape,GPSampler,PRUNED
899,899,6.0,2026-04-21 18:37:59.684220,2026-04-21 18:37:59.826312,0 days 00:00:00.142092,-36.78757536750837,20.941811432172408,34.97950187698761,100.0,42.74641776608581,28.904498071263575,-60.33050881939812,45.84091960056303,57.12280528922606,28.58518883012826,3.082354301914066,65.66897630564853,Unfeasible shape,GPSampler,PRUNED
900,900,6.0,2026-04-21 18:38:00.109725,2026-04-21 18:38:00.276787,0 days 00:00:00.167062,-36.82403733662941,21.045153111937687,34.56109424262913,100.0,42.67240542419182,29.039028051177702,-60.68059168378578,45.81028723595715,57.17177172509813,28.305184353040076,3.108933826648986,65.66369327865982,Unfeasible shape,GPSampler,PRUNED
