,number,value,datetime_start,datetime_complete,duration,params_lLegPt.rA1,params_lLegPt.rL0,params_lLegPt.rL1,params_lLegPt.rL2,params_lLegPt.x1,params_lLegPt.y1,params_sLegPt.rA1,params_sLegPt.rL0,params_sLegPt.rL1,params_sLegPt.rL2,params_sLegPt.x1,params_sLegPt.y1,user_attrs_prune,system_attrs_auto:sampler,state
4423,4423,6.0,2026-04-21 18:58:31.003116,2026-04-21 18:58:31.161237,0 days 00:00:00.158121,-37.28038326866642,20.744623693351965,34.5572614792154,100.0,42.74496478994268,29.08677687109133,-60.470474484300205,45.32126088009789,57.17973006054488,28.418864137947875,3.149651304321708,65.74869449227522,Unfeasible shape,GPSampler,PRUNED
4424,4424,6.0,2026-04-21 18:58:31.428758,2026-04-21 18:58:31.570728,0 days 00:00:00.141970,-36.75023072445161,20.8326253533504,34.80880928476141,100.0,42.70610646971671,29.194107298609815,-60.364366847656996,45.92050495823886,57.05834248819836,28.360224361164335,3.115940460413917,65.67251411410449,Unfeasible shape,GPSampler,PRUNED
4425,4425,6.0,2026-04-21 18:58:31.767886,2026-04-21 18:58:31.910813,0 days 00:00:00.142927,-36.79040134258538,20.36696829827448,35.171756333140465,99.55049672218124,42.81031877874343,29.230153649655023,-60.71437199582121,45.22110147510552,57.07386833593096,28.73333824308832,3.123943842542772,65.73182636032413,Unfeasible shape,GPSampler,PRUNED
4426,4426,6.0,2026-04-21 18:58:32.108935,2026-04-21 18:58:32.266535,0 days 00:00:00.157600,-36.82480027839103,20.63301164623119,35.02025001380892,100.0,42.97372297588226,29.025931382295916,-60.47787665991243,45.87842337893443,56.96265556169385,28.550366786651495,3.0757376651731008,65.64813766409193,Unfeasible shape,GPSampler,PRUNED
4427,4427,6.0,2026-04-21 18:58:32.496827,2026-04-21 18:58:32.608339,0 days 00:00:00.111512,-36.78564796290557,21.060562015724805,34.856026400632246,100.0,42.869239560344646,28.941800176747464,-60.36056570606047,46.00979275253943,57.14721844712009,28.455144499934985,3.1239084144957445,65.64326298421233,Unfeasible shape,GPSampler,PRUNED
4428,4428,6.0,2026-04-21 18:58:32.789594,2026-04-21 18:58:32.900528,0 days 00:00:00.110934,-36.85186572278501,21.001031693067702,35.078940161159665,100.0,42.60845934160532,28.89256505260599,-60.17828677717833,45.868316556411635,57.455629878958604,28.58911691010546,3.1579232059432343,65.9331450730694,Unfeasible shape,GPSampler,PRUNED
4429,4429,6.0,2026-04-21 18:58:33.119060,2026-04-21 18:58:33.277739,0 days 00:00:00.158679,-36.74434895476292,20.423490837592333,34.61230700914094,100.0,43.51129163591789,28.55578396364072,-60.487342528806664,46.308585542980936,57.27983405528378,28.470167468062584,3.076226437692476,65.46312075911352,Unfeasible shape,GPSampler,PRUNED
4430,4430,6.0,2026-04-21 18:58:33.460338,2026-04-21 18:58:33.634261,0 days 00:00:00.173923,-36.90355091566128,20.992468535109346,34.6523903989808,100.0,42.49540687098169,29.214429700989456,-60.270279459052,45.6602284905143,57.26626621573733,28.49992308702367,3.157687033214117,65.6872726002728,Unfeasible shape,GPSampler,PRUNED
4431,4431,6.0,2026-04-21 18:58:33.831685,2026-04-21 18:58:33.973773,0 days 00:00:00.142088,-36.74573190349324,20.639474245216654,34.12008789586669,100.0,42.9269742737061,29.216077413269787,-60.77078628815353,45.83766749932814,57.20741471929398,28.139505951141526,3.22546925663859,66.00802114955366,Unfeasible shape,GPSampler,PRUNED
4432,4432,6.0,2026-04-21 18:58:34.141374,2026-04-21 18:58:34.282318,0 days 00:00:00.140944,-36.84772016357506,21.188162269949576,35.23798353215959,100.0,42.53995447833266,28.98210643531023,-60.03167686815814,45.90429748886992,57.113851529737246,28.428713373558722,3.097908016786043,65.60343256028195,Unfeasible shape,GPSampler,PRUNED
4433,4433,6.0,2026-04-21 18:58:34.451470,2026-04-21 18:58:34.591915,0 days 00:00:00.140445,-36.71276840699212,21.133476769961582,34.4259456014433,100.0,42.586687817515596,29.360741891709118,-60.54408359337363,46.10666540162922,57.31785966205792,28.033963958741356,3.233616749364238,65.91686721610401,Unfeasible shape,GPSampler,PRUNED
4434,4434,6.0,2026-04-21 18:58:34.780008,2026-04-21 18:58:34.890938,0 days 00:00:00.110930,-36.769153423695144,20.9120791905751,34.95498780961587,100.0,42.76891945953008,29.048673044228906,-60.21931815846379,45.92202149456744,57.11518883854639,28.553774057388473,3.1353469806204686,65.75991513797369,Unfeasible shape,GPSampler,PRUNED
4435,4435,6.0,2026-04-21 18:58:35.089207,2026-04-21 18:58:35.231120,0 days 00:00:00.141913,-36.872334498875546,20.91244984862685,35.14266851956705,100.0,42.79087209558035,28.920589076388453,-60.27320692340433,45.69251846585365,56.96859598064672,28.57206190862016,3.0700807350638897,65.47073245487795,Unfeasible shape,GPSampler,PRUNED
4436,4436,6.0,2026-04-21 18:58:35.430212,2026-04-21 18:58:35.589790,0 days 00:00:00.159578,-36.751643186952435,20.476824364460253,35.03796024632612,100.0,42.63999406966819,29.171313949723007,-60.393045218633006,45.977077244136176,57.274272132625384,27.847923966501284,3.1148367648666806,65.25118845837464,Unfeasible shape,GPSampler,PRUNED
4437,4437,6.0,2026-04-21 18:58:35.777174,2026-04-21 18:58:35.887766,0 days 00:00:00.110592,-36.87038448811189,21.236724591368876,34.860740276463126,100.0,42.90650421138498,28.982933986077782,-60.53327755895779,45.783901932496676,57.55344782106424,28.570757275323434,3.1377837864608793,65.86605533272639,Unfeasible shape,GPSampler,PRUNED
4438,4438,6.0,2026-04-21 18:58:36.106490,2026-04-21 18:58:36.296288,0 days 00:00:00.189798,-36.76700944143245,20.981464535012492,34.848431802236526,100.0,42.92707994148041,29.357936676729388,-60.37095632368977,46.12955180089364,57.08571181362917,28.41849092853112,3.1137125022887133,65.47370687558575,Unfeasible shape,GPSampler,PRUNED
4439,4439,6.0,2026-04-21 18:58:36.478407,2026-04-21 18:58:36.637224,0 days 00:00:00.158817,-36.72140027427183,20.6630339480695,35.23817701335348,100.0,42.786013768358174,28.916510961318437,-60.234220921837675,45.602074020683446,56.548796539540696,28.28324965536626,3.0165474217505093,65.11435675018512,Unfeasible shape,GPSampler,PRUNED
4440,4440,6.0,2026-04-21 18:58:36.834348,2026-04-21 18:58:36.976814,0 days 00:00:00.142466,-36.89315070251967,20.533809531825618,35.304486862276974,100.0,42.59144967189357,28.650016677175046,-60.4728340392852,45.61100954254835,56.96753605978386,29.465140773013747,2.973672427489568,65.27707070749963,Unfeasible shape,GPSampler,PRUNED
4441,4441,6.0,2026-04-21 18:58:37.175512,2026-04-21 18:58:37.396895,0 days 00:00:00.221383,-36.800616206211096,20.939346963920435,34.854532247729054,100.0,42.77018444854028,28.79832048431674,-60.4070962174399,45.916094826822935,57.371187311122426,28.118272439880457,3.102229938031215,65.76239967061096,Unfeasible shape,GPSampler,PRUNED
4442,4442,6.0,2026-04-21 18:58:37.568326,2026-04-21 18:58:37.710304,0 days 00:00:00.141978,-36.87500166572433,21.137185343867024,34.8156320914909,99.88958637467181,42.96857580682981,29.454956425510296,-60.47939460383953,45.782438485037595,57.139370285313035,27.824665467884493,3.101137162805564,66.10088097190422,Unfeasible shape,GPSampler,PRUNED
4443,4443,6.0,2026-04-21 18:58:37.878979,2026-04-21 18:58:38.013167,0 days 00:00:00.134188,-36.62923145488022,20.907423597081298,35.424913667579645,100.0,42.84345882695357,29.106051146234634,-60.317228425484316,45.62274628729396,56.78299645636003,28.200076904793796,3.0582602763702695,65.44125953858781,Unfeasible shape,GPSampler,PRUNED
4444,4444,6.0,2026-04-21 18:58:38.200344,2026-04-21 18:58:38.342987,0 days 00:00:00.142643,-36.87303118462006,20.488591180008875,34.45322330558873,100.0,42.905734680127225,29.094328095589397,-60.28416379180266,46.09320700692054,57.132143958390266,27.998971057694014,3.1194649280574254,65.84320077809777,Unfeasible shape,GPSampler,PRUNED
4445,4445,6.0,2026-04-21 18:58:38.510023,2026-04-21 18:58:38.657573,0 days 00:00:00.147550,-36.75331996571029,20.764844738228312,35.0227714108553,100.0,42.7788652782107,28.88162940121409,-60.30596455672598,46.0544688190523,57.11061874479833,28.642737745866185,3.1020731240606025,65.55718481832129,Unfeasible shape,GPSampler,PRUNED
4446,4446,6.0,2026-04-21 18:58:38.840882,2026-04-21 18:58:38.967297,0 days 00:00:00.126415,-36.758502546158866,20.92970895078834,34.84608581788797,100.0,42.63842660165053,29.24257014929273,-60.3432377303009,45.70620329040108,57.07430029376619,28.577497478402485,3.121777100343067,65.87111758240873,Unfeasible shape,GPSampler,PRUNED
4447,4447,6.0,2026-04-21 18:58:39.166768,2026-04-21 18:58:39.324964,0 days 00:00:00.158196,-36.74568994826361,20.972844581884335,34.97041752284952,100.0,42.65597668116413,29.038070171749276,-60.390157033405245,45.96453404794211,57.046157555836274,28.277257283971274,3.0974975748300224,65.5951173913013,Unfeasible shape,GPSampler,PRUNED
4448,4448,6.0,2026-04-21 18:58:39.492628,2026-04-21 18:58:39.656914,0 days 00:00:00.164286,-36.67830143068787,20.82966058570007,34.420899625451085,100.0,42.46290021921943,28.844201513409644,-60.212168506970755,45.69711207911725,57.27623270480731,28.445723013039487,3.2331962856210126,65.96398951411287,Unfeasible shape,GPSampler,PRUNED
4449,4449,6.0,2026-04-21 18:58:39.857020,2026-04-21 18:58:40.029621,0 days 00:00:00.172601,-36.73496292280065,21.154425226402488,34.87940028054227,100.0,42.453694271975095,28.837393910921456,-60.258122392524854,45.48600618331531,57.273247131703855,28.37737644199677,3.106036190145339,65.6808834098382,Unfeasible shape,GPSampler,PRUNED
4450,4450,6.0,2026-04-21 18:58:40.226811,2026-04-21 18:58:40.357002,0 days 00:00:00.130191,-36.76895989660349,21.02862461482916,34.8637740267758,100.0,42.75140876096043,29.164848210380406,-60.3863484238346,45.909175733392374,57.28668535201667,28.37027066839175,3.1369564226085487,65.65986343932285,Unfeasible shape,GPSampler,PRUNED
4451,4451,6.0,2026-04-21 18:58:40.534025,2026-04-21 18:58:40.660961,0 days 00:00:00.126936,-36.69140408788307,20.4875045416113,35.325028676449776,100.0,42.48785756097889,29.233483686064623,-60.310586323668865,45.74992756239766,57.08024276393026,28.822178508107434,3.063731691345886,65.58556579945491,Unfeasible shape,GPSampler,PRUNED
4452,4452,6.0,2026-04-21 18:58:40.876032,2026-04-21 18:58:41.017784,0 days 00:00:00.141752,-36.708666306048755,20.432595737050534,35.08428773386335,100.0,42.5506196489861,29.02913901599458,-60.30256996470771,45.930477188812254,57.16227811885618,28.46658853031226,3.1029504246622253,65.67183130728552,Unfeasible shape,GPSampler,PRUNED
4453,4453,6.0,2026-04-21 18:58:41.217176,2026-04-21 18:58:41.356616,0 days 00:00:00.139440,-36.80779531325878,21.598275824183375,33.82715557044776,100.0,43.20111235886574,28.98645868944768,-60.34222838820969,45.56568104560832,57.2519888725755,28.199030866776983,3.219248607900937,66.34719083629945,Unfeasible shape,GPSampler,PRUNED
4454,4454,6.0,2026-04-21 18:58:41.523165,2026-04-21 18:58:41.696859,0 days 00:00:00.173694,-36.756139027270386,20.920516154087856,34.77017672675877,100.0,42.72320549527878,28.970820506044305,-60.3384348417828,45.89252326346869,57.1901124770623,28.41105924241383,3.1125564112763584,65.69965608826688,Unfeasible shape,GPSampler,PRUNED
4455,4455,6.0,2026-04-21 18:58:41.895947,2026-04-21 18:58:42.037412,0 days 00:00:00.141465,-36.73565141271883,21.053852525502286,34.94540238518339,100.0,42.66447657567754,29.36898984447666,-60.327866949272845,45.946311361537184,56.99961858332454,28.339527089632234,3.107151088371104,65.62409438081261,Unfeasible shape,GPSampler,PRUNED
4456,4456,6.0,2026-04-21 18:58:42.268757,2026-04-21 18:58:42.426659,0 days 00:00:00.157902,-36.77197881936095,20.781585378718727,34.769697386339075,100.0,42.62589771592027,29.234775611788308,-60.396470462862965,45.99574813671632,57.18405579370777,27.98596823407831,3.144794911121437,65.67168312468434,Unfeasible shape,GPSampler,PRUNED
4457,4457,6.0,2026-04-21 18:58:42.614793,2026-04-21 18:58:42.741721,0 days 00:00:00.126928,-36.8282588792171,21.02856897486149,34.586762455082834,100.0,42.511890000815136,28.783034571652863,-60.5561558544463,45.55657299460666,57.20558092796894,28.249496136270583,3.1163312808251433,65.97270351865642,Unfeasible shape,GPSampler,PRUNED
4458,4458,6.0,2026-04-21 18:58:42.910262,2026-04-21 18:58:43.036714,0 days 00:00:00.126452,-36.80517969589759,21.001178890080993,34.725030468912394,100.0,42.689776235274984,29.335619705091304,-60.448196132291756,46.01731245884446,57.39504304144609,28.145263539405896,3.111895993968254,65.85335193379355,Unfeasible shape,GPSampler,PRUNED
4459,4459,6.0,2026-04-21 18:58:43.235589,2026-04-21 18:58:43.394993,0 days 00:00:00.159404,-36.731686745615605,21.213714947055507,34.953476563967655,100.0,42.76213437591553,29.123231365216128,-60.3006377241493,46.23673603342127,57.222988942443095,28.239596732664733,3.149894966556424,65.7893436036502,Unfeasible shape,GPSampler,PRUNED
4460,4460,6.0,2026-04-21 18:58:43.573108,2026-04-21 18:58:43.762956,0 days 00:00:00.189848,-36.78790391998906,20.6962480974905,34.91462421208083,100.0,42.7131523866365,29.13314731554069,-60.00958573432868,45.93717913316613,57.06980655143973,28.453283419728074,3.1311864720716827,65.69537060403606,Unfeasible shape,GPSampler,PRUNED
4461,4461,6.0,2026-04-21 18:58:43.961936,2026-04-21 18:58:44.088880,0 days 00:00:00.126944,-36.73385321052265,20.92328100417294,34.69671384604747,100.0,42.88300058193519,29.231236880806023,-60.23833800293179,46.091764022164725,57.15840739189204,28.34463004264497,3.1185572935069317,65.6480222713734,Unfeasible shape,GPSampler,PRUNED
4462,4462,6.0,2026-04-21 18:58:44.262040,2026-04-21 18:58:44.436165,0 days 00:00:00.174125,-36.78623650506484,20.99214929233586,34.86658962315802,100.0,43.27468040901801,29.229100534314725,-60.35095001777769,45.490930938747034,57.30224015077793,28.197101501925516,3.1419355910564803,65.53178122500957,Unfeasible shape,GPSampler,PRUNED
4463,4463,6.0,2026-04-21 18:58:44.651410,2026-04-21 18:58:44.813353,0 days 00:00:00.161943,-36.82123526312824,20.938572451387824,34.84305206310208,100.0,42.41184789802759,29.389441028081606,-60.43663464795688,45.94836479775173,57.17565246185126,28.444674902872663,3.1701442830532613,65.82835086005232,Unfeasible shape,GPSampler,PRUNED
4464,4464,6.0,2026-04-21 18:58:44.976799,2026-04-21 18:58:45.113493,0 days 00:00:00.136694,-36.740130413812466,20.47632320408018,34.59879535137034,100.0,42.77809167165192,28.977112782781603,-60.28330797143728,45.75122609602322,56.98841641716221,28.85956679423751,3.1717304466174028,65.75856620803157,Unfeasible shape,GPSampler,PRUNED
4465,4465,6.0,2026-04-21 18:58:45.292566,2026-04-21 18:58:45.413310,0 days 00:00:00.120744,-36.722951653933144,21.08657771345689,34.856656514292666,100.0,42.78254544680404,29.092395960189286,-60.33358089171563,46.00401350391491,57.15271340141786,28.416941833700207,3.104567101288289,65.75957180317559,Unfeasible shape,GPSampler,PRUNED
4466,4466,6.0,2026-04-21 18:58:45.602023,2026-04-21 18:58:45.769167,0 days 00:00:00.167144,-36.80053230515097,21.139531390058167,35.01980023274176,100.0,42.941670228968725,29.33361699314885,-60.5081344379651,45.47090965687057,56.84808254540015,28.785627829661014,3.284368460943618,65.831838390942,Unfeasible shape,GPSampler,PRUNED
4467,4467,6.0,2026-04-21 18:58:45.963471,2026-04-21 18:58:46.119466,0 days 00:00:00.155995,-36.7664762529007,20.649815148827507,35.25272924965873,100.0,42.82562111259013,28.713568778306794,-60.059002279343986,45.801533950330246,56.91792410165574,28.71218280474523,3.0376915794773183,65.50221315940227,Unfeasible shape,GPSampler,PRUNED
4468,4468,6.0,2026-04-21 18:58:46.287183,2026-04-21 18:58:46.522915,0 days 00:00:00.235732,-36.85751740392166,21.16292314658846,34.75647974815964,100.0,42.76409713139628,29.066142621345037,-60.51674670969322,45.90056298939934,57.37131813802392,28.402902364555615,3.082261673396623,65.60240432323435,Unfeasible shape,GPSampler,PRUNED
4469,4469,6.0,2026-04-21 18:58:46.722386,2026-04-21 18:58:47.032918,0 days 00:00:00.310532,-36.881413865271604,21.01519535582628,34.843696644409185,100.0,42.88724306144355,28.848028846999263,-60.28452384144477,45.87183009022323,57.13713995711211,28.517191305464124,3.119375420043781,65.56212093448757,Unfeasible shape,GPSampler,PRUNED
4470,4470,6.0,2026-04-21 18:58:47.273284,2026-04-21 18:58:47.588592,0 days 00:00:00.315308,-36.94496302320193,20.8511772149906,34.67007960481635,100.0,42.83727982239111,29.17374883324937,-60.58929249812736,45.899624472995775,57.40049582525281,27.997337304982633,3.044420504482197,65.49204673978052,Unfeasible shape,GPSampler,PRUNED
4471,4471,6.0,2026-04-21 18:58:47.819252,2026-04-21 18:58:47.962311,0 days 00:00:00.143059,-36.74426933898467,21.054013600112327,35.00343567708289,100.0,42.81029250368066,29.158241785011036,-60.37564651176149,45.87082896386671,57.20262651659732,28.21696037550751,3.1126223820338126,65.71727577662764,Unfeasible shape,GPSampler,PRUNED
4472,4472,6.0,2026-04-21 18:58:48.119789,2026-04-21 18:58:48.276512,0 days 00:00:00.156723,-36.688825663501625,21.2508501180556,34.215773481372324,100.0,42.977153600582334,29.327325523299834,-60.45668771538044,45.935971906947465,57.58251004954744,28.55489911602149,3.253286990982062,66.15765003687706,Unfeasible shape,GPSampler,PRUNED
4473,4473,6.0,2026-04-21 18:58:48.447103,2026-04-21 18:58:48.607582,0 days 00:00:00.160479,-36.691864109630856,21.02858571613853,34.94789668028653,100.0,42.893737174899556,29.018841532125855,-60.25829707283287,45.94568965718478,57.11970880437462,28.47026272538346,3.0863393200430025,65.64721243965091,Unfeasible shape,GPSampler,PRUNED
4474,4474,6.0,2026-04-21 18:58:48.790454,2026-04-21 18:58:48.971808,0 days 00:00:00.181354,-36.80529627877001,20.992019292955483,34.79513497697921,100.0,42.753230537202036,29.020426233475227,-60.35732209331603,45.84957253715386,57.10315256739381,28.481231481711447,3.1143438260593683,65.73059876403212,Unfeasible shape,GPSampler,PRUNED
4475,4475,6.0,2026-04-21 18:58:49.147800,2026-04-21 18:58:49.290660,0 days 00:00:00.142860,-36.81948139841845,20.89229074135195,35.066247302726666,100.0,42.557674389159615,29.110309731076853,-60.23178793049375,45.82505956060718,57.089796928276996,28.445023156744437,3.127156832606417,65.48828996002436,Unfeasible shape,GPSampler,PRUNED
4476,4476,6.0,2026-04-21 18:58:49.467316,2026-04-21 18:58:49.626906,0 days 00:00:00.159590,-36.79428531648092,21.263218765517323,34.54155021650084,100.0,42.82128790139481,29.499309265345694,-60.14888718293513,46.26517043396003,57.324062796939664,28.017379249406073,3.2482513160431523,66.14334288636246,Unfeasible shape,GPSampler,PRUNED
4477,4477,6.0,2026-04-21 18:58:49.813894,2026-04-21 18:58:50.024171,0 days 00:00:00.210277,-36.90817818874782,20.935951042590368,34.86924040277034,100.0,42.74339165384174,28.66159583202726,-60.26134228986764,46.05301652552374,57.49167275421521,28.466570531375403,3.0883167486031766,65.72667279272254,Unfeasible shape,GPSampler,PRUNED
4478,4478,6.0,2026-04-21 18:58:50.220693,2026-04-21 18:58:50.368465,0 days 00:00:00.147772,-36.71475376154357,21.239340468397767,34.96064864319013,100.0,42.65310658698505,28.953656462368585,-60.4587004877727,45.91843876427052,57.03629281649131,28.542415062565233,3.136863450164654,65.5434069587754,Unfeasible shape,GPSampler,PRUNED
4479,4479,6.0,2026-04-21 18:58:50.546298,2026-04-21 18:58:50.672865,0 days 00:00:00.126567,-36.8913999888493,20.06895772854181,35.13220982581193,100.0,42.82562923095398,29.57425528490741,-60.36703701377515,45.62233709139845,57.05556641547103,28.035562125254685,3.032394672343443,65.66997835744213,Unfeasible shape,GPSampler,PRUNED
4480,4480,6.0,2026-04-21 18:58:50.859717,2026-04-21 18:58:51.016996,0 days 00:00:00.157279,-36.79165900644173,21.232317193721077,34.817662817559466,100.0,42.88277000457186,29.0697014560241,-60.37152328450687,45.83289379930614,57.148338285799184,28.471715469228606,3.184365029815268,65.75777829227471,Unfeasible shape,GPSampler,PRUNED
4481,4481,6.0,2026-04-21 18:58:51.362432,2026-04-21 18:58:51.488938,0 days 00:00:00.126506,-36.81290516799746,20.927711621227104,34.75868166024103,100.0,42.75026285796645,29.00511996124378,-60.35246009264756,45.88607580662305,57.22337895553689,28.49768779788091,3.122534114754437,65.8423833159087,Unfeasible shape,GPSampler,PRUNED
4482,4482,6.0,2026-04-21 18:58:51.671853,2026-04-21 18:58:51.811825,0 days 00:00:00.139972,-36.74425576046585,20.995382934617012,34.63673135919596,100.0,42.63921478914702,29.078357152172366,-60.57974552347051,45.90235577609533,57.249498054394714,28.212730380461913,3.145801715722122,65.90251309382487,Unfeasible shape,GPSampler,PRUNED
4483,4483,6.0,2026-04-21 18:58:51.988832,2026-04-21 18:58:52.156625,0 days 00:00:00.167793,-36.75605466031211,21.00447933848109,34.7745136287425,100.0,42.65196586412904,29.12827585165254,-60.35754589787352,45.958929874625575,57.16334597962183,28.45590074966627,3.131379287608361,65.81689821649614,Unfeasible shape,GPSampler,PRUNED
4484,4484,6.0,2026-04-21 18:58:52.346922,2026-04-21 18:58:52.518330,0 days 00:00:00.171408,-36.831745972330175,20.92994479285936,35.257612373983974,100.0,42.16773356933309,29.16852467102583,-60.53360601150088,45.863206222190584,57.10532062351868,28.57545965871554,3.053652701813533,65.12349037007252,Unfeasible shape,GPSampler,PRUNED
4485,4485,6.0,2026-04-21 18:58:52.680383,2026-04-21 18:58:52.827182,0 days 00:00:00.146799,-36.6969348272881,21.00540737493533,34.69819334242487,100.0,42.428426872162895,28.735960888823776,-60.5072172737314,45.696364940554254,56.910562177024474,28.472057275343527,3.124770078585506,65.70129119287242,Unfeasible shape,GPSampler,PRUNED
4486,4486,6.0,2026-04-21 18:58:53.006194,2026-04-21 18:58:53.148275,0 days 00:00:00.142081,-36.789141416739625,21.03333134699581,34.734504228649186,100.0,42.79186078169388,29.044076187520886,-60.33535603744797,45.970468718693546,57.21175533267664,28.46457221104731,3.08795060963638,65.77732114566827,Unfeasible shape,GPSampler,PRUNED
