,number,value,datetime_start,datetime_complete,duration,params_lLegPt.rA1,params_lLegPt.rL0,params_lLegPt.rL1,params_lLegPt.rL2,params_lLegPt.x1,params_lLegPt.y1,params_sLegPt.rA1,params_sLegPt.rL0,params_sLegPt.rL1,params_sLegPt.rL2,params_sLegPt.x1,params_sLegPt.y1,user_attrs_prune,system_attrs_auto:sampler,state
316,316,6.0,2026-04-21 18:34:47.674084,2026-04-21 18:34:47.795917,0 days 00:00:00.121833,-36.67258124339008,20.86986635055265,34.85201184468957,100.0,42.7163854415158,29.10573522970944,-60.58262493572708,45.742988355607764,57.26569887973119,28.169354625995602,3.123292605761911,65.43717108541885,Unfeasible shape,GPSampler,PRUNED
317,317,6.0,2026-04-21 18:34:48.026792,2026-04-21 18:34:48.182965,0 days 00:00:00.156173,-36.835553527982796,21.04345775459951,34.83479394585454,100.0,42.48369745971264,29.20976188210136,-60.38522211274619,45.820851029889624,57.0407633671126,28.346539051814442,3.101912168183162,65.73060118962815,Unfeasible shape,GPSampler,PRUNED
318,318,6.0,2026-04-21 18:34:48.337757,2026-04-21 18:34:48.436864,0 days 00:00:00.099107,-37.06921997497466,21.29244480072152,34.62653937656789,100.0,42.33209619793604,29.443281342704353,-60.490896189041976,45.77402519051849,57.13763229752272,28.245628424191292,3.1982921367341106,66.09092000775438,Unfeasible shape,GPSampler,PRUNED
319,319,6.0,2026-04-21 18:34:48.616573,2026-04-21 18:34:48.754783,0 days 00:00:00.138210,-36.7115376734007,21.27167050616241,34.67387659912325,100.0,42.397515012089414,29.389912703210534,-60.496172163447824,45.96232692681833,57.03355812438715,28.655766878188956,3.2325809082256995,65.70433089617666,Unfeasible shape,GPSampler,PRUNED
320,320,6.0,2026-04-21 18:34:49.005400,2026-04-21 18:34:49.136007,0 days 00:00:00.130607,-36.64440098516543,20.941525495844118,34.63070576288938,100.0,42.668340424190205,28.938384398352596,-60.33215859558534,45.985153305481695,57.121132455275465,28.237297452694502,3.1014491751989866,65.81403171816207,Unfeasible shape,GPSampler,PRUNED
321,321,6.0,2026-04-21 18:34:49.286943,2026-04-21 18:34:49.428281,0 days 00:00:00.141338,-36.75817028017946,21.00854358546619,34.73401896247087,100.0,42.68807540477747,29.083005886378274,-60.32080318031879,46.02389628057095,57.19022627567782,28.4542032312378,3.1257154901640476,65.75192698593911,Unfeasible shape,GPSampler,PRUNED
322,322,6.0,2026-04-21 18:34:49.575220,2026-04-21 18:34:49.700385,0 days 00:00:00.125165,-36.79168789070522,20.950207382112133,34.76465232607187,100.0,42.75289490089665,28.95056867549885,-60.44141178148641,45.92636056885374,57.19570433330789,28.320994478343263,3.0932534665217304,65.77280287601629,Unfeasible shape,GPSampler,PRUNED
323,323,6.0,2026-04-21 18:34:49.843548,2026-04-21 18:34:49.959668,0 days 00:00:00.116120,-36.65092351167276,20.74739233255837,34.59276920143965,100.0,42.88601356682967,29.29445999386504,-60.56105620060667,45.21630509046817,56.985093526487,28.281162366724374,3.1764251036400495,66.2895484547353,Unfeasible shape,GPSampler,PRUNED
324,324,6.0,2026-04-21 18:34:50.095823,2026-04-21 18:34:50.198388,0 days 00:00:00.102565,-36.85810331868238,20.942659631663517,35.054038341287466,100.0,42.58179039751237,28.901514456562793,-60.15586960478089,45.93792592555503,57.3988138489903,28.490023081175785,3.0694562026378023,65.83425637361259,Unfeasible shape,GPSampler,PRUNED
325,325,6.0,2026-04-21 18:34:50.360989,2026-04-21 18:34:50.513041,0 days 00:00:00.152052,-36.769398071598395,21.185972225931977,34.29480378576797,100.0,43.08505801185253,28.75935517494416,-60.45225137613052,46.08029199564444,57.1599739353626,28.230201654157682,3.1684525917146615,65.88464252223062,Unfeasible shape,GPSampler,PRUNED
326,326,6.0,2026-04-21 18:34:50.656256,2026-04-21 18:34:50.832446,0 days 00:00:00.176190,-36.66071408124787,20.880713500858697,35.1344941895628,100.0,42.6024357083352,28.793389844423338,-60.33524337632094,45.7760292141795,56.94293104191421,28.599235834829823,3.0353990141358693,65.58586274598203,Unfeasible shape,GPSampler,PRUNED
327,327,6.0,2026-04-21 18:34:50.977605,2026-04-21 18:34:51.121057,0 days 00:00:00.143452,-36.95065168609012,20.47256681253269,34.61039658540711,100.0,42.49211681601051,29.0721898958544,-60.24034818666799,45.727625407997714,57.06924358657242,28.55727881687935,3.109100976313826,65.9006986035923,Unfeasible shape,GPSampler,PRUNED
328,328,6.0,2026-04-21 18:34:51.285437,2026-04-21 18:34:51.415812,0 days 00:00:00.130375,-36.78440088681258,21.200611667837187,34.8675337556904,100.0,42.63912700314709,29.092605993930626,-60.40987093954376,45.87753314344783,57.06669180330664,28.46272606890357,3.053000565793184,65.6488667074882,Unfeasible shape,GPSampler,PRUNED
329,329,6.0,2026-04-21 18:34:51.567180,2026-04-21 18:34:51.714432,0 days 00:00:00.147252,-36.79676740896347,20.94365281155968,34.93667485341296,100.0,42.77377769676175,29.018323790313218,-60.282199296732045,45.892059324941165,57.26933190056023,28.357166611308667,3.1275863811482907,65.63172113797009,Unfeasible shape,GPSampler,PRUNED
330,330,6.0,2026-04-21 18:34:51.850312,2026-04-21 18:34:51.992762,0 days 00:00:00.142450,-36.810119036857415,20.485287520048203,35.23231278519367,100.0,42.48631356652323,28.616081661758408,-60.20557931423312,45.52690796567496,57.058268132764866,28.513304289197066,3.057812494049834,65.52789396567822,Unfeasible shape,GPSampler,PRUNED
331,331,6.0,2026-04-21 18:34:52.131879,2026-04-21 18:34:52.268410,0 days 00:00:00.136531,-36.79826048718931,21.028429382110055,34.71566914103883,100.0,42.943317607648794,29.244850959262628,-60.50222033142457,45.694186936857186,57.01722661532442,28.21007646182738,3.147209239666779,65.75898467171857,Unfeasible shape,GPSampler,PRUNED
332,332,6.0,2026-04-21 18:34:52.390743,2026-04-21 18:34:52.509259,0 days 00:00:00.118516,-36.823476417737105,21.024349161713157,34.858618683488075,100.0,42.656408688469135,29.081640389394003,-60.34334689395655,45.91950380240202,57.20569872711085,28.50041999154563,3.1350462911198633,65.82227539806364,Unfeasible shape,GPSampler,PRUNED
333,333,6.0,2026-04-21 18:34:52.657715,2026-04-21 18:34:52.767578,0 days 00:00:00.109863,-36.759888764010505,21.10433359162606,34.924083248602514,100.0,42.99592328404363,29.04593776205359,-60.45087334469513,46.03830143811747,56.95888768980718,28.657355035259904,3.0453487880680896,65.47048619390709,Unfeasible shape,GPSampler,PRUNED
334,334,6.0,2026-04-21 18:34:52.972806,2026-04-21 18:34:53.099033,0 days 00:00:00.126227,-36.73190984379789,20.998214684756604,34.6725002766824,100.0,42.71574014403199,29.10581361649122,-60.4583929948385,46.04956765319551,57.27336324644143,28.269077901089318,3.12264622330013,65.77240137826863,Unfeasible shape,GPSampler,PRUNED
335,335,6.0,2026-04-21 18:34:53.254390,2026-04-21 18:34:53.411745,0 days 00:00:00.157355,-36.80354588527348,21.203693555406772,34.53575620930589,100.0,42.69046944074389,28.639880356575993,-60.29918112224094,46.22814892804668,56.768808031559594,28.449854089601864,3.140385145620698,65.77816585012576,Unfeasible shape,GPSampler,PRUNED
336,336,6.0,2026-04-21 18:34:53.568802,2026-04-21 18:34:53.714004,0 days 00:00:00.145202,-36.86022342639643,20.66159895551908,35.158378060324864,100.0,42.41121523963435,28.71458821839277,-60.072226816585655,46.05446945449733,56.94688667200591,28.233947366757793,3.01960639420237,65.59311433578317,Unfeasible shape,GPSampler,PRUNED
337,337,6.0,2026-04-21 18:34:53.865003,2026-04-21 18:34:54.002084,0 days 00:00:00.137081,-36.77791493249592,21.023332703105066,34.749408353677424,100.0,42.69585910885695,29.19748888280693,-60.37180834061908,46.008522690167034,57.272624587824644,28.251531259332953,3.1804730922051547,65.8629471529887,Unfeasible shape,GPSampler,PRUNED
338,338,6.0,2026-04-21 18:34:54.270351,2026-04-21 18:34:54.396242,0 days 00:00:00.125891,-36.931194555461396,20.778248220361213,34.809756586950705,100.0,43.00483948608333,29.141112216533962,-60.27650853087402,45.52419093935381,57.37952849505985,28.77133357995743,3.088337444411856,65.66295056335177,Unfeasible shape,GPSampler,PRUNED
339,339,6.0,2026-04-21 18:34:54.551569,2026-04-21 18:34:54.775292,0 days 00:00:00.223723,-36.7710652595964,21.19927653473181,34.979566348539265,100.0,42.60381077140196,28.659912923380077,-60.2594412171037,46.60683960817561,57.261940675608,28.528963782032452,2.965571325524053,65.1408063323161,Unfeasible shape,GPSampler,PRUNED
340,340,6.0,2026-04-21 18:34:55.008960,2026-04-21 18:34:55.143726,0 days 00:00:00.134766,-36.771735713562144,21.064460807821455,34.70669689129844,100.0,42.71010428055927,29.0406187754529,-60.36995008255897,46.00820632675134,57.24048417402241,28.39345409152755,3.1020214540324673,65.82739353321425,Unfeasible shape,GPSampler,PRUNED
341,341,6.0,2026-04-21 18:34:55.307794,2026-04-21 18:34:55.478561,0 days 00:00:00.170767,-36.74217940183459,20.44927470852707,35.18822754338092,99.96837580709676,41.93383554135999,28.345787416922725,-60.39855136630107,45.4772659279041,57.148101211818556,28.64861626915112,3.140240099310901,65.88375152727559,Unfeasible shape,GPSampler,PRUNED
342,342,6.0,2026-04-21 18:34:55.632525,2026-04-21 18:34:55.781844,0 days 00:00:00.149319,-36.68206754011138,21.12268223257636,34.88833258374122,100.0,42.92315207177034,28.9538073853142,-60.381828407067395,45.97674465562154,57.19804177101124,28.449985375832266,3.102479710174528,65.73803878947488,Unfeasible shape,GPSampler,PRUNED
343,343,6.0,2026-04-21 18:34:55.925331,2026-04-21 18:34:56.056072,0 days 00:00:00.130741,-36.675813048145514,21.49426934466497,34.793681033247054,100.0,43.02506665965224,29.15502885863514,-60.226683168640534,45.97673446846273,57.511531688079195,28.430861294834344,3.2006846596356553,65.75441671599208,Unfeasible shape,GPSampler,PRUNED
344,344,6.0,2026-04-21 18:34:56.330750,2026-04-21 18:34:56.519432,0 days 00:00:00.188682,-36.69862888248831,21.13312631516441,34.817542631419514,100.0,42.7847206945834,29.024546159330328,-60.35284259815299,45.95541828605382,57.26356613707019,28.344667994852795,3.1884939469534856,65.80221651030334,Unfeasible shape,GPSampler,PRUNED
345,345,6.0,2026-04-21 18:34:56.673176,2026-04-21 18:34:56.780702,0 days 00:00:00.107526,-36.723170871828316,21.04139843921285,34.85791091302504,100.0,42.79339878080458,29.05296893639334,-60.35869508505033,45.96258143316785,57.1594547734256,28.31711819292036,3.102481960403523,65.68776753086578,Unfeasible shape,GPSampler,PRUNED
346,346,6.0,2026-04-21 18:34:56.924623,2026-04-21 18:34:57.053418,0 days 00:00:00.128795,-36.73099447302854,21.103725179556776,34.72064214806075,100.0,42.61631876737905,29.102832836690148,-60.47939177721753,45.985785822323095,57.17162193002158,28.362593026073828,3.1134348172403037,65.72935297795462,Unfeasible shape,GPSampler,PRUNED
347,347,6.0,2026-04-21 18:34:57.301447,2026-04-21 18:34:57.443432,0 days 00:00:00.141985,-36.76940020814334,20.78895342097927,34.80860962540285,100.0,42.72036573862868,28.909034157947758,-60.307253537132745,45.91896130593994,57.095558190241725,28.580462142933513,3.115823551954243,65.67172881185111,Unfeasible shape,GPSampler,PRUNED
348,348,6.0,2026-04-21 18:34:57.590477,2026-04-21 18:34:57.732628,0 days 00:00:00.142151,-36.78250753402079,21.245897131290647,34.6982091344118,100.0,42.70428566030861,29.06868513784847,-60.39130586993518,46.033426618611635,57.230914073554786,28.459374468099668,3.097250859368387,65.76740056390332,Unfeasible shape,GPSampler,PRUNED
349,349,6.0,2026-04-21 18:34:57.949031,2026-04-21 18:34:58.107027,0 days 00:00:00.157996,-36.81612507541614,20.794533077681066,34.73948448866131,100.0,42.86810830146753,28.904723368770007,-60.35341536721851,45.919880542437284,57.13302734087728,28.44186674027641,3.117570143867958,65.70853531698549,Unfeasible shape,GPSampler,PRUNED
350,350,6.0,2026-04-21 18:34:58.327357,2026-04-21 18:34:58.485219,0 days 00:00:00.157862,-36.780896792062215,20.796873907550996,35.21569493894327,100.0,42.788946349760465,28.844574397099606,-60.08270728932264,45.92969131365933,57.054778975722705,28.75078499664737,3.0203404460942025,65.61012420792416,Unfeasible shape,GPSampler,PRUNED
351,351,6.0,2026-04-21 18:34:58.672159,2026-04-21 18:34:58.794476,0 days 00:00:00.122317,-36.826266896454506,21.053107722095923,34.34112011788137,100.0,43.2117408502554,29.202155142230687,-60.6801029027927,45.70677973054343,57.55662985463188,28.300273414816804,3.1471778771031396,65.91645088812987,Unfeasible shape,GPSampler,PRUNED
352,352,6.0,2026-04-21 18:34:58.947464,2026-04-21 18:34:59.073745,0 days 00:00:00.126281,-36.81010895503132,20.867932443088893,35.107193242906,100.0,42.71087009395668,29.00921065361159,-60.24709975332556,45.92056049593673,57.05545005329188,28.588980723281825,3.0525488271521226,65.56899912489409,Unfeasible shape,GPSampler,PRUNED
353,353,6.0,2026-04-21 18:34:59.240252,2026-04-21 18:34:59.351161,0 days 00:00:00.110909,-36.80661284254757,21.09458398234399,34.84883973830895,100.0,42.777138126780436,29.075067000868835,-60.38450737539844,45.99863811386679,57.17512844581639,28.247754146436222,3.1143817067298585,65.8338211338428,Unfeasible shape,GPSampler,PRUNED
354,354,6.0,2026-04-21 18:34:59.501643,2026-04-21 18:34:59.643777,0 days 00:00:00.142134,-36.770902404186906,21.211966152877345,34.84182250191718,100.0,42.71581322108768,28.980109018210747,-60.34145416950849,45.998286751806646,57.202764878887976,28.478008969470086,3.1116528721821126,65.67142719692161,Unfeasible shape,GPSampler,PRUNED
355,355,6.0,2026-04-21 18:34:59.808846,2026-04-21 18:34:59.951200,0 days 00:00:00.142354,-36.99450955930673,20.976205529874626,34.932706565512824,100.0,43.078462405228926,28.87153714833549,-59.720674415950114,46.26661583318352,57.242353804565006,28.491448569203015,3.1271842633368934,65.64727078954688,Unfeasible shape,GPSampler,PRUNED
356,356,6.0,2026-04-21 18:35:00.140893,2026-04-21 18:35:00.330361,0 days 00:00:00.189468,-36.83100773851883,20.908291101396976,34.738744439434484,100.0,42.682908432456905,29.546115400855307,-60.30292172415995,45.688023484850234,57.33747739838965,28.44209673352487,3.157742333641316,65.97477752600126,Unfeasible shape,GPSampler,PRUNED
357,357,6.0,2026-04-21 18:35:00.521770,2026-04-21 18:35:00.648376,0 days 00:00:00.126606,-36.781183850809185,21.070790574370626,34.8884602685729,100.0,42.69421344557784,29.050254001509984,-60.28958192660538,45.808766872451606,57.1863990596322,28.35853881446018,3.15042139798863,65.84179682299816,Unfeasible shape,GPSampler,PRUNED
358,358,6.0,2026-04-21 18:35:00.839388,2026-04-21 18:35:01.014793,0 days 00:00:00.175405,-36.84290757825162,21.05654408820842,34.72872550787349,100.0,42.719365889297585,29.13343588366743,-60.30099966569462,45.95844286115319,57.25783809566137,28.31713507712988,3.1504065011174944,65.82342612715186,Unfeasible shape,GPSampler,PRUNED
359,359,6.0,2026-04-21 18:35:01.187773,2026-04-21 18:35:01.298820,0 days 00:00:00.111047,-36.62511455926291,20.94631333981111,35.12876009329101,100.0,43.103254235582185,29.023258059093884,-60.45638245352201,45.91643947797253,56.711195042116934,28.385238390399458,3.121970286930569,65.54837390221557,Unfeasible shape,GPSampler,PRUNED
360,360,6.0,2026-04-21 18:35:01.458405,2026-04-21 18:35:01.576076,0 days 00:00:00.117671,-36.74620629314209,21.217203680970293,34.748968891337434,100.0,42.65499461446048,28.91536906743177,-60.54729797574719,45.884619571588026,57.082491973251365,28.61460288704139,3.1046843118425187,65.63346014770319,Unfeasible shape,GPSampler,PRUNED
361,361,6.0,2026-04-21 18:35:01.739446,2026-04-21 18:35:01.876487,0 days 00:00:00.137041,-36.68676710011413,20.934413352068756,35.25500459477601,100.0,42.85264804736648,28.804544348674106,-60.21378869734607,46.03774735635408,57.04294787692666,28.701364049232538,3.07496451761412,65.42899626279213,Unfeasible shape,GPSampler,PRUNED
362,362,6.0,2026-04-21 18:35:02.032847,2026-04-21 18:35:02.253831,0 days 00:00:00.220984,-36.77604336509956,21.058450784075042,34.906825245822645,100.0,42.942896898888634,29.23052992879645,-60.51519104208388,46.03857574867882,57.184715054868704,28.219972600290436,3.1027995317136146,65.68595556183288,Unfeasible shape,GPSampler,PRUNED
363,363,6.0,2026-04-21 18:35:02.476588,2026-04-21 18:35:02.614654,0 days 00:00:00.138066,-36.791649886892365,20.99289225843605,34.77061937459111,100.0,42.85134498008455,29.091142469556566,-60.42886794970694,45.94326328396304,57.04838728371556,28.325693850803766,3.1289585635463055,65.808662487108,Unfeasible shape,GPSampler,PRUNED
364,364,6.0,2026-04-21 18:35:02.756919,2026-04-21 18:35:02.877217,0 days 00:00:00.120298,-36.732360497404294,20.950328871318398,34.79293988915507,100.0,42.853234645106866,29.137243061515996,-60.21170825269458,45.91335093417808,57.171420588409646,28.31253810937331,3.1594583051713627,65.83062611785287,Unfeasible shape,GPSampler,PRUNED
365,365,6.0,2026-04-21 18:35:03.019104,2026-04-21 18:35:03.145317,0 days 00:00:00.126213,-36.573587193641735,21.11215665198535,33.92505599953886,100.0,42.623545434132666,29.071399942205353,-60.41475664704285,45.86581967051157,57.21582979048849,28.220603169459228,3.2629567663217003,65.8365724729669,Unfeasible shape,GPSampler,PRUNED
366,366,6.0,2026-04-21 18:35:03.382567,2026-04-21 18:35:03.525183,0 days 00:00:00.142616,-36.801276623191775,20.881751419165674,34.71193696478827,100.0,42.42579984865186,29.38050316553005,-60.25311130301266,45.700410802398345,56.93264412910551,28.101942858533267,3.2021021721345804,65.9120979661525,Unfeasible shape,GPSampler,PRUNED
367,367,6.0,2026-04-21 18:35:03.802858,2026-04-21 18:35:03.913504,0 days 00:00:00.110646,-36.77941970515593,20.940356618754997,34.815402775004316,100.0,42.71970115705464,28.938792463153035,-60.35806330854043,45.93033069722984,57.22601269850875,28.43541819345084,3.1102855315985565,65.7492285847404,Unfeasible shape,GPSampler,PRUNED
368,368,6.0,2026-04-21 18:35:04.101603,2026-04-21 18:35:04.228888,0 days 00:00:00.127285,-36.85605978067026,21.53259123260102,34.519476151398905,100.0,42.818118055087396,29.077724026654586,-60.453513755935894,46.00515332717578,57.24126458328728,28.500024580793998,3.299652962213706,65.95676637072802,Unfeasible shape,GPSampler,PRUNED
369,369,6.0,2026-04-21 18:35:04.415725,2026-04-21 18:35:04.557827,0 days 00:00:00.142102,-36.84352339986413,20.890407712785777,34.72995676207212,100.0,42.66348684857889,29.118581449357727,-60.489653362623905,45.766022643104456,57.03411689248339,28.55747855805581,3.159706621274694,65.67659577797777,Unfeasible shape,GPSampler,PRUNED
370,370,6.0,2026-04-21 18:35:04.746727,2026-04-21 18:35:04.880444,0 days 00:00:00.133717,-36.9675192282341,21.731295482829687,34.91701662682553,100.0,43.35860863579268,29.507383997429585,-60.664376831668534,46.29759590236812,56.9139449200409,28.499036154492156,3.1421895741728676,65.7794877829638,Unfeasible shape,GPSampler,PRUNED
371,371,6.0,2026-04-21 18:35:05.070999,2026-04-21 18:35:05.229384,0 days 00:00:00.158385,-36.85921537015479,21.140632934443666,34.66060064586801,100.0,42.735099286038775,29.091664006476137,-60.507040563102066,45.84586921317169,57.24081012135598,28.7282102175994,3.2327239954672464,65.82884782490817,Unfeasible shape,GPSampler,PRUNED
372,372,6.0,2026-04-21 18:35:05.386817,2026-04-21 18:35:05.560604,0 days 00:00:00.173787,-36.66717378623459,21.271085048233573,34.73876582503051,100.0,42.56146972426745,29.337975095609053,-60.510674887780645,45.8635787727449,57.191399643675695,28.269683022829728,3.2232122793316336,65.92426053872303,Unfeasible shape,GPSampler,PRUNED
373,373,6.0,2026-04-21 18:35:05.725281,2026-04-21 18:35:05.859708,0 days 00:00:00.134427,-36.754916315128085,20.910841165903875,34.66289621786392,100.0,42.56120047136105,29.22912286692214,-60.3929830139426,45.95105064929627,57.14828553240043,28.058136175450212,3.1475923555867453,65.80526805299331,Unfeasible shape,GPSampler,PRUNED
374,374,6.0,2026-04-21 18:35:06.017030,2026-04-21 18:35:06.159964,0 days 00:00:00.142934,-36.79696697248906,20.994860030759035,34.77836644187949,100.0,42.50957066631523,29.08252438113697,-60.46106749871091,46.06161533778039,57.12974725804539,28.442957134013383,3.097899952836876,65.69708433360539,Unfeasible shape,GPSampler,PRUNED
375,375,6.0,2026-04-21 18:35:06.348361,2026-04-21 18:35:06.490702,0 days 00:00:00.142341,-36.7620473295456,21.553050853924844,34.26422534767289,100.0,42.80908471922371,29.585805724699675,-60.35013314463274,46.204467543083226,57.64136737967028,28.090918101290246,3.2591251904052925,66.20538635280124,Unfeasible shape,GPSampler,PRUNED
376,376,6.0,2026-04-21 18:35:06.642824,2026-04-21 18:35:06.785771,0 days 00:00:00.142947,-36.73879858210965,21.205266020037776,34.88887342842047,100.0,42.80464331226349,28.87013318687635,-60.32533927210966,45.97314270942106,57.19147171769606,28.66256139839604,3.104211284431827,65.67411563413764,Unfeasible shape,GPSampler,PRUNED
377,377,6.0,2026-04-21 18:35:06.974465,2026-04-21 18:35:07.116627,0 days 00:00:00.142162,-36.79452198606554,21.051120283080472,34.91096302699604,100.0,42.69549018747478,29.014105659172962,-60.4729459422808,45.91917914143754,57.19731709290418,28.534088503733045,3.1285617472716325,65.5701999420666,Unfeasible shape,GPSampler,PRUNED
378,378,6.0,2026-04-21 18:35:07.286771,2026-04-21 18:35:07.413223,0 days 00:00:00.126452,-36.81602413547,20.729615534709428,34.858077998453766,100.0,42.99558467029823,28.900051110233747,-60.581908625207355,45.5248279545456,57.06694358637646,28.39655906724916,3.1293549023442964,65.79786951073032,Unfeasible shape,GPSampler,PRUNED
379,379,6.0,2026-04-21 18:35:07.592721,2026-04-21 18:35:07.729575,0 days 00:00:00.136854,-36.711599249955086,20.823956602558038,34.75304962162973,100.0,42.4763305185162,29.121173322598246,-60.75645499360182,45.62653227706557,57.067962352934686,28.373438400999795,3.093786052704793,65.74623108723934,Unfeasible shape,GPSampler,PRUNED
380,380,6.0,2026-04-21 18:35:07.902634,2026-04-21 18:35:08.045348,0 days 00:00:00.142714,-36.694793650467965,20.646805918337147,35.25931877426105,100.0,42.67207237140269,28.89404878099267,-60.34281518028186,45.931838114790665,56.993591390251865,28.5497294944015,3.057660813855584,65.37436067583624,Unfeasible shape,GPSampler,PRUNED
