,number,value,datetime_start,datetime_complete,duration,params_lLegPt.rA1,params_lLegPt.rL0,params_lLegPt.rL1,params_lLegPt.rL2,params_lLegPt.x1,params_lLegPt.y1,params_sLegPt.rA1,params_sLegPt.rL0,params_sLegPt.rL1,params_sLegPt.rL2,params_sLegPt.x1,params_sLegPt.y1,user_attrs_prune,system_attrs_auto:sampler,state
1863,1863,6.0,2026-04-21 18:43:22.958189,2026-04-21 18:43:23.107588,0 days 00:00:00.149399,-36.82359223543171,21.269792901129385,34.69465918967536,100.0,42.754113463998436,28.907422008970414,-60.64850947256402,45.87715651566561,57.186292191538215,28.549786988611455,3.0726725316012278,65.62253980343665,Unfeasible shape,GPSampler,PRUNED
1864,1864,6.0,2026-04-21 18:43:23.261399,2026-04-21 18:43:23.404999,0 days 00:00:00.143600,-36.841878252115364,20.87010367203804,34.931904849739794,100.0,42.725234607960296,28.95335293863917,-60.39932553542293,45.72395530703506,57.11228149903733,28.526183385077637,3.104972831739495,65.66288774578763,Unfeasible shape,GPSampler,PRUNED
1865,1865,6.0,2026-04-21 18:43:23.577163,2026-04-21 18:43:23.722130,0 days 00:00:00.144967,-36.832604025059325,21.2425060128459,34.754470886836174,100.0,43.44565423084056,28.884022891990604,-60.40859939023001,46.09208283259656,57.12127155236886,27.59469912984381,3.137465570978044,65.89000104226933,Unfeasible shape,GPSampler,PRUNED
1866,1866,6.0,2026-04-21 18:43:23.925774,2026-04-21 18:43:24.058713,0 days 00:00:00.132939,-36.59911970815648,20.866730185627716,35.03309660842395,100.0,42.60925131593794,29.14749854444935,-60.273318435160455,45.93428834374279,57.18927291302035,28.53979874306585,3.063540878610226,65.84499300549207,Unfeasible shape,GPSampler,PRUNED
1867,1867,6.0,2026-04-21 18:43:24.248797,2026-04-21 18:43:24.396524,0 days 00:00:00.147727,-36.748205060630774,20.942120305129198,34.37894093042887,99.98982194934463,42.92417830051807,28.888089881155345,-59.90005699330234,45.61225764452081,56.878311118961506,28.919842652799947,3.3270210327678456,66.20042941607093,Unfeasible shape,GPSampler,PRUNED
1868,1868,6.0,2026-04-21 18:43:24.770412,2026-04-21 18:43:24.962057,0 days 00:00:00.191645,-36.65174393242574,21.136419383308745,34.83428240013819,100.0,42.799766637863584,28.91790006450705,-60.6149311943564,45.87571948305575,57.08961364792124,28.6890147668066,3.1060431871718635,65.67635558006344,Unfeasible shape,GPSampler,PRUNED
1869,1869,6.0,2026-04-21 18:43:25.246401,2026-04-21 18:43:25.385453,0 days 00:00:00.139052,-36.80326730781659,21.203065452808225,34.92024620614735,100.0,43.006664270410205,29.4478477822975,-60.43919071967282,45.95001100841666,57.11906714374732,28.71825112202948,3.1137560034132505,65.62342475684191,Unfeasible shape,GPSampler,PRUNED
1870,1870,6.0,2026-04-21 18:43:25.562227,2026-04-21 18:43:25.703691,0 days 00:00:00.141464,-36.69871654068443,21.20173968555731,34.90908112947689,100.0,42.85644364137563,29.036990493822586,-60.34879283360509,45.92537517457162,57.02415556990416,28.506732268357865,3.1040651396987826,65.71114276942103,Unfeasible shape,GPSampler,PRUNED
1871,1871,6.0,2026-04-21 18:43:25.920843,2026-04-21 18:43:26.060714,0 days 00:00:00.139871,-36.80268845622092,21.155983384379994,35.03385195310697,100.0,42.91528749181634,28.986516059922593,-60.36932175189905,45.9317869346497,57.13950002580751,28.241587257356823,3.121549624305267,65.7329759999248,Unfeasible shape,GPSampler,PRUNED
1872,1872,6.0,2026-04-21 18:43:26.230287,2026-04-21 18:43:26.357562,0 days 00:00:00.127275,-36.82704071482326,21.084571503409144,34.50811461099954,100.0,42.903487843466294,29.023743988470997,-60.40795071474268,45.82446401848522,57.12775360893828,28.296807206333654,3.1388377865110044,65.85367588291479,Unfeasible shape,GPSampler,PRUNED
1873,1873,6.0,2026-04-21 18:43:26.515279,2026-04-21 18:43:26.629937,0 days 00:00:00.114658,-36.75705580006053,21.23457711153446,34.64852155287569,100.0,42.89991170027062,29.01729799687064,-60.498957654648635,45.91650146796567,57.20311556699856,28.392383319684566,3.1625318315289377,65.7746598824386,Unfeasible shape,GPSampler,PRUNED
1874,1874,6.0,2026-04-21 18:43:26.802802,2026-04-21 18:43:26.948580,0 days 00:00:00.145778,-36.81251822269116,20.977723580821817,34.78015029831511,100.0,42.82863925501378,28.91249490707837,-60.3336237559423,45.9527468958695,57.15556117084579,28.430697419613274,3.0859041448521367,65.79716933824282,Unfeasible shape,GPSampler,PRUNED
1875,1875,6.0,2026-04-21 18:43:27.126259,2026-04-21 18:43:27.347647,0 days 00:00:00.221388,-36.878478410122675,21.097829360807854,34.431401895626244,100.0,42.87492476406482,29.234871866888923,-60.6502476705317,45.368658043547185,57.24215313494678,28.104337487519327,3.2913332012571743,66.0201874681133,Unfeasible shape,GPSampler,PRUNED
1876,1876,6.0,2026-04-21 18:43:27.543987,2026-04-21 18:43:27.681302,0 days 00:00:00.137315,-36.80701150709611,20.757016421536154,34.80554138653413,100.0,42.78835732380951,28.97751285036263,-60.415232213879456,45.77118394734234,57.03913906089839,28.509803237404444,3.129414507487951,65.69349127070566,Unfeasible shape,GPSampler,PRUNED
1877,1877,6.0,2026-04-21 18:43:27.884643,2026-04-21 18:43:28.027215,0 days 00:00:00.142572,-36.716862404298524,20.853061137122296,34.71175572464875,100.0,42.56254307551746,29.375516856535697,-60.50425989399088,45.86746980705501,57.05150214908422,28.26620370264219,3.1600735740019346,65.8148331627532,Unfeasible shape,GPSampler,PRUNED
1878,1878,6.0,2026-04-21 18:43:28.265716,2026-04-21 18:43:28.499860,0 days 00:00:00.234144,-37.01904731350838,21.588982358562404,34.52696650884238,100.0,42.633070335660015,28.61353127290787,-60.70993503571433,45.83379461336675,57.40867812159133,28.549368786142505,3.1173063929232043,65.36104205356514,Unfeasible shape,GPSampler,PRUNED
1879,1879,6.0,2026-04-21 18:43:28.666061,2026-04-21 18:43:28.823478,0 days 00:00:00.157417,-36.92726748486633,20.585210865874288,35.186096913395744,100.0,42.86566092603174,28.908048934269623,-60.32502037678219,45.83428100908359,56.9525646111685,28.43545028722902,3.105092047339717,65.70463910273074,Unfeasible shape,GPSampler,PRUNED
1880,1880,6.0,2026-04-21 18:43:28.990095,2026-04-21 18:43:29.141724,0 days 00:00:00.151629,-36.95558557136039,21.575752327828873,35.06922314045582,100.0,42.51427760016094,28.60752087814032,-60.487406025271994,45.987383181794016,57.05403987463634,28.50366086368902,3.092123768860283,65.46365203343326,Unfeasible shape,GPSampler,PRUNED
1881,1881,6.0,2026-04-21 18:43:29.319556,2026-04-21 18:43:29.471003,0 days 00:00:00.151447,-36.778596804735095,21.12984793523105,34.75509247885862,100.0,42.749084117567655,28.85303891568121,-60.419986809555496,45.968943627235795,57.210979492907136,28.587928023167727,3.040098515754373,65.6334947187005,Unfeasible shape,GPSampler,PRUNED
1882,1882,6.0,2026-04-21 18:43:29.616445,2026-04-21 18:43:29.766120,0 days 00:00:00.149675,-36.82008546815263,21.060763740899382,34.94732123142245,100.0,42.6070354215916,29.074213257529273,-59.93212169854418,46.71118740514553,57.40217778407604,28.188969496614458,3.1489591361671714,65.63165456380929,Unfeasible shape,GPSampler,PRUNED
1883,1883,6.0,2026-04-21 18:43:29.928482,2026-04-21 18:43:30.066919,0 days 00:00:00.138437,-36.838217177596476,20.902124412099848,34.7372077934678,100.0,42.880780553395574,29.151825712975246,-60.38489401630938,45.84203014292519,57.13618149324082,28.240933113629158,3.138743843562956,65.90094606633835,Unfeasible shape,GPSampler,PRUNED
1884,1884,6.0,2026-04-21 18:43:30.223238,2026-04-21 18:43:30.519987,0 days 00:00:00.296749,-36.838470577706715,20.979921352424714,34.7581152445848,100.0,42.872078036792715,29.11416930924431,-60.35949697990556,45.80410498410508,57.311647256482026,28.578455815853616,3.1436557352910413,65.80600147230074,Unfeasible shape,GPSampler,PRUNED
1885,1885,6.0,2026-04-21 18:43:30.724223,2026-04-21 18:43:30.878452,0 days 00:00:00.154229,-36.78069860359614,20.981336638541066,34.601414030042775,100.0,42.84864701757932,28.891409908230386,-60.418211310000515,46.06806471784821,57.22361998846385,28.417117293871165,3.1608149201151505,65.71313461501745,Unfeasible shape,GPSampler,PRUNED
1886,1886,6.0,2026-04-21 18:43:31.012143,2026-04-21 18:43:31.166460,0 days 00:00:00.154317,-36.762587951859395,20.79213653280858,34.62190022326132,100.0,41.8724545226514,28.394322624023417,-60.10469736252501,45.73093325923016,57.181985916002226,28.69719871994491,3.0430698196265737,65.866224552156,Unfeasible shape,GPSampler,PRUNED
1887,1887,6.0,2026-04-21 18:43:31.329428,2026-04-21 18:43:31.532396,0 days 00:00:00.202968,-36.786384387796126,20.826664141806923,34.91323473019892,100.0,42.78926299780479,29.13219213591873,-60.36861368159545,46.05393566534962,57.087781028840524,28.62536183718307,3.1258860922867484,65.78038482166647,Unfeasible shape,GPSampler,PRUNED
1888,1888,6.0,2026-04-21 18:43:31.722946,2026-04-21 18:43:31.901861,0 days 00:00:00.178915,-36.69419053808405,21.15131436112339,34.80357929552794,100.0,42.84924862210301,29.11424394069433,-60.175795465059466,45.92764726025403,57.14975368451119,28.541680904072862,3.0968585733166236,65.80805234817346,Unfeasible shape,GPSampler,PRUNED
1889,1889,6.0,2026-04-21 18:43:32.069640,2026-04-21 18:43:32.225946,0 days 00:00:00.156306,-36.84461629038193,20.54354791364077,34.90701462035889,100.0,42.93718193988722,28.97151066279089,-60.407434416134365,45.79628519426078,56.974094994965434,28.36157388204249,3.1361943534972525,65.6203735109196,Unfeasible shape,GPSampler,PRUNED
1890,1890,6.0,2026-04-21 18:43:32.439672,2026-04-21 18:43:32.597433,0 days 00:00:00.157761,-36.91896250256417,20.737070302908784,35.088930181598286,100.0,43.052593778769975,29.116345698539988,-60.053260146882735,45.837472833634685,57.25475939051124,28.209185601991415,3.09451866503413,65.71106801733627,Unfeasible shape,GPSampler,PRUNED
1891,1891,6.0,2026-04-21 18:43:32.863072,2026-04-21 18:43:32.980485,0 days 00:00:00.117413,-36.89155098012101,21.24587157177674,34.90234638246051,100.0,42.51850330762562,28.8140006851677,-60.456278999484056,45.83306711860079,57.15176515529841,28.373424658341097,3.1460615558373988,65.7761307399237,Unfeasible shape,GPSampler,PRUNED
1892,1892,6.0,2026-04-21 18:43:33.126169,2026-04-21 18:43:33.270239,0 days 00:00:00.144070,-36.86474261641561,20.979717224011893,34.48074963288465,100.0,42.66398653608008,29.0723301161742,-60.51218765064128,45.98343249163134,57.29498452799644,28.399152520222188,3.0873858677754953,65.77227355126064,Unfeasible shape,GPSampler,PRUNED
1893,1893,6.0,2026-04-21 18:43:33.490417,2026-04-21 18:43:33.635252,0 days 00:00:00.144835,-36.6709864666802,20.931481098440962,34.64512911953819,100.0,42.4781078645011,29.63624104067074,-60.20627165293401,46.126781216219605,57.18751895212413,27.792915458928697,3.2450212347380756,66.0725522177581,Unfeasible shape,GPSampler,PRUNED
1894,1894,6.0,2026-04-21 18:43:33.810453,2026-04-21 18:43:33.977843,0 days 00:00:00.167390,-36.976014905835704,20.804019701102547,35.14723475884016,100.0,42.80129617511543,28.616205181834857,-60.30735321919039,45.65906315565734,57.340550920757515,28.46973758381321,3.090779398110783,65.52822434204613,Unfeasible shape,GPSampler,PRUNED
1895,1895,6.0,2026-04-21 18:43:34.132866,2026-04-21 18:43:34.270032,0 days 00:00:00.137166,-36.74012038029819,20.65267177789103,34.698588071725695,100.0,42.7387076133841,29.310599614595787,-59.924265280865725,46.22022324382806,57.21821142896759,28.264308377149,3.2521423229577167,66.2066386379535,Unfeasible shape,GPSampler,PRUNED
1896,1896,6.0,2026-04-21 18:43:34.442577,2026-04-21 18:43:34.586830,0 days 00:00:00.144253,-36.76890465054729,21.20474498896897,34.61532761245466,100.0,42.58773623589045,29.21579718435359,-60.48244662521298,45.95068878528753,57.35054994507561,28.37918413595727,3.0962653573713865,65.75602035890843,Unfeasible shape,GPSampler,PRUNED
1897,1897,6.0,2026-04-21 18:43:34.737855,2026-04-21 18:43:34.917482,0 days 00:00:00.179627,-36.86622184308984,21.02041833664174,34.94062522925762,100.0,43.05849300077027,29.017841799548336,-59.9101375637968,45.841314893990585,57.007686078533304,28.353962581240005,3.2380903244530685,66.01069995033497,Unfeasible shape,GPSampler,PRUNED
1898,1898,6.0,2026-04-21 18:43:35.098164,2026-04-21 18:43:35.356964,0 days 00:00:00.258800,-36.76832129563395,21.074147842370856,34.87621688540585,100.0,42.648556363047945,29.11192957951294,-60.32305013149833,45.97395640856769,57.24359239876494,28.481834072123554,3.147322062979214,65.7317420735381,Unfeasible shape,GPSampler,PRUNED
1899,1899,6.0,2026-04-21 18:43:35.531499,2026-04-21 18:43:35.695022,0 days 00:00:00.163523,-36.85134251104595,21.054712465322062,34.873825089984805,100.0,42.437608382832046,29.07765672909791,-60.192007835224686,45.979371379073946,56.72007440892481,28.28450604120651,3.18560896725684,65.6867139279773,Unfeasible shape,GPSampler,PRUNED
1900,1900,6.0,2026-04-21 18:43:35.856726,2026-04-21 18:43:36.002612,0 days 00:00:00.145886,-36.7482659279733,20.985713084798093,34.624188286011695,100.0,42.74724705551485,28.861979255639973,-60.59707024446447,45.88246616700044,57.223951163779084,28.380777223461738,3.021125319812107,65.58535709194447,Unfeasible shape,GPSampler,PRUNED
1901,1901,6.0,2026-04-21 18:43:36.181483,2026-04-21 18:43:36.302743,0 days 00:00:00.121260,-36.580756761833925,20.85289960868153,34.834611810661215,100.0,42.678691800727435,28.989438733843905,-60.207171181469576,45.85743403609908,56.818962164993536,28.114058177494584,3.104373646863408,65.83497635568419,Unfeasible shape,GPSampler,PRUNED
1902,1902,6.0,2026-04-21 18:43:36.481693,2026-04-21 18:43:36.635230,0 days 00:00:00.153537,-36.74936710116438,21.071068029474343,34.738495904933586,100.0,42.67198829184308,29.015160309694508,-60.37951090906613,46.00569855107304,57.21985413530888,28.567236327688004,3.091358447507922,65.75492398326797,Unfeasible shape,GPSampler,PRUNED
1903,1903,6.0,2026-04-21 18:43:36.795742,2026-04-21 18:43:36.970301,0 days 00:00:00.174559,-36.74054854947088,20.98654947780468,34.39449117246153,100.0,42.72646491788808,29.41615929962653,-60.416105942476264,46.44289214903414,57.809980470873526,28.060865593972242,3.207759354070461,65.79391777895472,Unfeasible shape,GPSampler,PRUNED
1904,1904,6.0,2026-04-21 18:43:37.144989,2026-04-21 18:43:37.314760,0 days 00:00:00.169771,-36.7821696081739,21.07448897012419,34.69884529451964,100.0,43.07561383271026,29.071353294642627,-59.99718326432061,45.798927147475396,56.93978318472443,28.52457426935764,3.0945605955517124,65.9764316791658,Unfeasible shape,GPSampler,PRUNED
1905,1905,6.0,2026-04-21 18:43:37.460733,2026-04-21 18:43:37.669096,0 days 00:00:00.208363,-36.7587332196604,20.839103999779148,34.94976365363691,100.0,43.022398381474474,28.976324087983848,-60.31777187645277,45.86303972512952,56.83328929361501,28.33060852406907,2.992787561379423,65.24751616757774,Unfeasible shape,GPSampler,PRUNED
1906,1906,6.0,2026-04-21 18:43:37.847681,2026-04-21 18:43:38.011634,0 days 00:00:00.163953,-36.791378064727354,20.421549313770413,35.808448130557096,100.0,42.68768674511147,28.944149860826222,-60.11785540305944,45.73801309240332,56.92515594074144,29.142897121214308,2.9529460420966274,65.29091053110402,Unfeasible shape,GPSampler,PRUNED
1907,1907,6.0,2026-04-21 18:43:38.190538,2026-04-21 18:43:38.341165,0 days 00:00:00.150627,-37.05880861406871,20.85307493175762,35.04459206476287,100.0,43.55752368337956,29.037456295283164,-60.13065661202752,45.948861394130155,56.99590121349375,27.97123269818712,3.010138850554725,65.75541046442353,Unfeasible shape,GPSampler,PRUNED
1908,1908,6.0,2026-04-21 18:43:38.738425,2026-04-21 18:43:38.856453,0 days 00:00:00.118028,-36.80057382004308,21.234693289478194,34.57963378920349,100.0,42.60594133007135,29.508961958073627,-60.20933341515947,46.21547950142727,57.512876578031154,27.786004610805097,3.302803545921577,66.21816575860834,Unfeasible shape,GPSampler,PRUNED
1909,1909,6.0,2026-04-21 18:43:39.215181,2026-04-21 18:43:39.335951,0 days 00:00:00.120770,-36.80669704442877,21.1209539936553,34.784406153899184,100.0,42.87121403143913,28.894911628050792,-60.30546636340131,46.03828070956365,57.21473503148487,28.515357377770084,3.109554109728492,65.78497377848889,Unfeasible shape,GPSampler,PRUNED
1910,1910,6.0,2026-04-21 18:43:39.484020,2026-04-21 18:43:39.658353,0 days 00:00:00.174333,-36.566637937047105,21.073373359946757,34.817477047442175,100.0,42.91357443708551,28.9303532876083,-59.698136626984024,46.46606797241385,56.93313782614013,28.05505478285959,3.011007800000158,65.60893935983572,Unfeasible shape,GPSampler,PRUNED
1911,1911,6.0,2026-04-21 18:43:39.855035,2026-04-21 18:43:39.996268,0 days 00:00:00.141233,-36.750192871338406,21.22976472540516,34.75043480208894,100.0,42.61180548447724,29.139320056211865,-60.60385162628141,45.27229003730864,57.19173030227506,28.282022761296993,3.206284681634223,65.90739469981189,Unfeasible shape,GPSampler,PRUNED
1912,1912,6.0,2026-04-21 18:43:40.146893,2026-04-21 18:43:40.293159,0 days 00:00:00.146266,-36.94783196870916,20.757322758189225,34.78265457565251,100.0,42.430641307020174,28.962622279681753,-60.31110367474878,45.367886710213384,57.0412889890378,28.479406819191254,3.161551247173975,65.6761911933398,Unfeasible shape,GPSampler,PRUNED
1913,1913,6.0,2026-04-21 18:43:40.480299,2026-04-21 18:43:40.645131,0 days 00:00:00.164832,-36.79481967734894,20.961017528376328,34.688488038697294,100.0,42.783751009543096,29.449155434438005,-60.07071902407311,45.885438285417955,57.333452879969244,27.867152254846562,3.1462053723319983,65.53748623176543,Unfeasible shape,GPSampler,PRUNED
1914,1914,6.0,2026-04-21 18:43:40.828167,2026-04-21 18:43:40.984939,0 days 00:00:00.156772,-36.61858731963084,20.881010593427938,34.10901607123438,100.0,42.65456408689442,29.111674747950296,-60.67288183555047,45.58379879873966,57.521566796395,28.049403838295166,3.1016981291744514,66.09841934648941,Unfeasible shape,GPSampler,PRUNED
1915,1915,6.0,2026-04-21 18:43:41.168730,2026-04-21 18:43:41.311448,0 days 00:00:00.142718,-36.77441105084362,20.954959831208033,34.669135548275314,100.0,42.80441682976196,29.090487444870895,-60.3318095315191,45.935766475326346,57.07565748384959,28.548400287983615,3.1404030796371387,65.64034911737727,Unfeasible shape,GPSampler,PRUNED
1916,1916,6.0,2026-04-21 18:43:41.466587,2026-04-21 18:43:41.609159,0 days 00:00:00.142572,-36.79173589699643,21.46574520292659,34.76011937752098,100.0,42.63253070167215,28.992567401204184,-60.251559971438894,46.20052718142032,57.14994408662864,28.649264375857026,3.0864906547074398,65.53135616849188,Unfeasible shape,GPSampler,PRUNED
1917,1917,6.0,2026-04-21 18:43:41.857732,2026-04-21 18:43:42.031904,0 days 00:00:00.174172,-36.749953522099595,20.8497263971745,34.84685255608276,100.0,42.76606697809404,28.940711215586717,-60.32358374107544,45.98759528707548,57.080396488660554,28.41934338072975,3.116917155412885,65.73599244378404,Unfeasible shape,GPSampler,PRUNED
1918,1918,6.0,2026-04-21 18:43:42.378209,2026-04-21 18:43:42.534268,0 days 00:00:00.156059,-36.768488770014585,20.697725587696297,34.74030241949421,100.0,42.63693900863637,28.904006244202726,-60.07867648635212,46.07866295228976,57.086029498706345,28.424866929345594,3.1146475170448724,65.40521325434608,Unfeasible shape,GPSampler,PRUNED
1919,1919,6.0,2026-04-21 18:43:42.818499,2026-04-21 18:43:42.941742,0 days 00:00:00.123243,-36.69626325964261,20.822810165832358,34.959963169408,100.0,42.76461436677426,29.100681024331287,-60.40636864094097,45.778197715298816,57.085053242906305,28.41199209708299,3.13355183983834,65.79309184741871,Unfeasible shape,GPSampler,PRUNED
1920,1920,6.0,2026-04-21 18:43:43.083624,2026-04-21 18:43:43.227430,0 days 00:00:00.143806,-36.791631442362444,21.37239035098694,34.31101594250272,100.0,42.810362229197004,29.069911816047906,-60.454317154409274,45.87037939584252,57.058589541046125,28.213963947965468,3.1671785899986133,65.9833511014595,Unfeasible shape,GPSampler,PRUNED
1921,1921,6.0,2026-04-21 18:43:43.402782,2026-04-21 18:43:43.532138,0 days 00:00:00.129356,-36.809932868551854,20.859484466342046,34.86398317187643,100.0,42.83992753893389,29.052186707097185,-60.28407852977594,45.821763800579404,57.124486735878875,28.53948788834398,3.098296516581648,65.59662639495454,Unfeasible shape,GPSampler,PRUNED
1922,1922,6.0,2026-04-21 18:43:43.683598,2026-04-21 18:43:43.998014,0 days 00:00:00.314416,-36.64436890696803,20.38818724764807,34.72419054360735,100.0,43.819415198919096,29.17166606473321,-60.34424578617105,45.599289611218694,56.668367396980756,27.87355336444643,3.2292678466773452,65.9627292537215,Unfeasible shape,GPSampler,PRUNED
1923,1923,6.0,2026-04-21 18:43:44.194041,2026-04-21 18:43:44.350261,0 days 00:00:00.156220,-36.79913501535176,21.19860685548978,34.58657179205092,100.0,42.854072199893984,29.061066433778052,-60.28033151181921,45.9681405290796,57.13717463196486,28.147761577083912,3.105928796411341,66.00383694569132,Unfeasible shape,GPSampler,PRUNED
1924,1924,6.0,2026-04-21 18:43:44.515878,2026-04-21 18:43:44.667510,0 days 00:00:00.151632,-36.83967413929577,21.276739229838675,34.56504933329619,100.0,42.70338509140328,29.011932286723386,-60.767812344755214,45.8041920022,57.20649936346349,28.538952208850706,2.978645757408927,65.64461635567078,Unfeasible shape,GPSampler,PRUNED
1925,1925,6.0,2026-04-21 18:43:44.884160,2026-04-21 18:43:45.030170,0 days 00:00:00.146010,-36.787171124963876,21.286112417024352,34.92603831498428,100.0,42.78877246158323,28.80662391656344,-60.3094542333056,46.04527465478521,57.15307636698435,28.69931662923435,3.0714045954181017,65.60338060329485,Unfeasible shape,GPSampler,PRUNED
1926,1926,6.0,2026-04-21 18:43:45.202375,2026-04-21 18:43:45.401360,0 days 00:00:00.198985,-36.805082521907465,20.9660811139139,34.74809699546725,100.0,42.79433460776019,28.868628113702933,-60.345433940484526,45.92382806700832,57.16008981927417,28.453275952205146,3.100444728513743,65.67376716473463,Unfeasible shape,GPSampler,PRUNED
