,number,value,datetime_start,datetime_complete,duration,params_lLegPt.rA1,params_lLegPt.rL0,params_lLegPt.rL1,params_lLegPt.rL2,params_lLegPt.x1,params_lLegPt.y1,params_sLegPt.rA1,params_sLegPt.rL0,params_sLegPt.rL1,params_sLegPt.rL2,params_sLegPt.x1,params_sLegPt.y1,user_attrs_prune,system_attrs_auto:sampler,state
1351,1351,6.0,2026-04-21 18:40:29.703342,2026-04-21 18:40:29.847577,0 days 00:00:00.144235,-36.78829359973948,20.899208212613445,34.92352817700242,100.0,42.72064320643824,29.06784617118433,-60.276071855139485,45.99523571694255,57.206165287344795,28.472658042004912,3.080218653753512,65.58614371169433,Unfeasible shape,GPSampler,PRUNED
1352,1352,6.0,2026-04-21 18:40:30.165910,2026-04-21 18:40:30.308170,0 days 00:00:00.142260,-36.91744077688663,20.977413662660755,35.005961021909954,100.0,42.83956409949662,28.777416705125987,-60.34386878932895,46.074033945863945,57.06641631189885,28.304203516515575,3.039239229295667,65.64224042597972,Unfeasible shape,GPSampler,PRUNED
1353,1353,6.0,2026-04-21 18:40:30.555066,2026-04-21 18:40:30.666211,0 days 00:00:00.111145,-36.792097327785044,20.97704726340511,34.86729928423297,100.0,42.77462950759757,29.02398767873001,-60.356768879940745,45.90297784251251,57.07645124235282,28.479500886742695,3.107857880470398,65.67714919327342,Unfeasible shape,GPSampler,PRUNED
1354,1354,6.0,2026-04-21 18:40:30.818308,2026-04-21 18:40:31.023363,0 days 00:00:00.205055,-36.716902077715616,21.490456116470813,34.53597712959599,100.0,42.454621034543294,29.40525923794347,-60.45269378784347,46.29136028109817,57.669959311217035,28.271804910086107,3.105144547912559,65.3600452700972,Unfeasible shape,GPSampler,PRUNED
1355,1355,6.0,2026-04-21 18:40:31.224392,2026-04-21 18:40:31.414466,0 days 00:00:00.190074,-36.66178442361529,21.34419459223286,34.84300153953486,100.0,42.80886247417216,28.790664751583037,-60.62140521085116,45.89854119795415,57.16407279546636,28.64034691631386,3.037301446912707,65.53947878198862,Unfeasible shape,GPSampler,PRUNED
1356,1356,6.0,2026-04-21 18:40:31.596737,2026-04-21 18:40:31.754739,0 days 00:00:00.158002,-36.93190123271871,21.075581625440236,34.67363930832788,100.0,42.65393282445513,28.963440345840944,-60.520747862776176,45.66182360947748,57.00719101713566,28.42832903135937,3.0711992104280696,65.62585765636216,Unfeasible shape,GPSampler,PRUNED
1357,1357,6.0,2026-04-21 18:40:31.907215,2026-04-21 18:40:32.065404,0 days 00:00:00.158189,-36.82259245521082,20.72263952023016,34.88229709128554,100.0,42.70970662685485,29.122604140494772,-60.35598868762757,46.06033425193988,57.13743314666418,28.340231168839285,3.0789689551889694,65.5886308531469,Unfeasible shape,GPSampler,PRUNED
1358,1358,6.0,2026-04-21 18:40:32.233374,2026-04-21 18:40:32.407736,0 days 00:00:00.174362,-36.59463374306954,21.153872328767388,34.78283144998791,100.0,42.95094237250609,29.63900959787641,-60.44250182998848,45.93235187948132,57.31144885220586,28.1603905491353,3.2446087279174947,65.93453356007318,Unfeasible shape,GPSampler,PRUNED
1359,1359,6.0,2026-04-21 18:40:32.565696,2026-04-21 18:40:32.739547,0 days 00:00:00.173851,-36.51934505823306,20.908380026526707,34.56929267822909,100.0,42.43017456649796,29.36661752283021,-60.02005331198022,46.62818591285775,57.11166053609286,28.274688276183937,3.1285169062690343,65.62140093995757,Unfeasible shape,GPSampler,PRUNED
1360,1360,6.0,2026-04-21 18:40:32.961239,2026-04-21 18:40:33.097707,0 days 00:00:00.136468,-36.64288649600991,21.078517082178934,34.879079388657104,100.0,42.17533611145636,28.706732454711542,-59.96639821575471,46.2780125177064,56.811635830521695,28.27224505564579,3.1830734470900452,65.38264650586544,Unfeasible shape,GPSampler,PRUNED
1361,1361,6.0,2026-04-21 18:40:33.271488,2026-04-21 18:40:33.451528,0 days 00:00:00.180040,-36.889737749131875,21.025604864802006,34.929950637572475,100.0,42.48441125480994,28.659350040664556,-60.185423552219774,46.11917011527622,56.99032775570282,28.563465735162822,3.133278211513968,65.73072223374562,Unfeasible shape,GPSampler,PRUNED
1362,1362,6.0,2026-04-21 18:40:33.636867,2026-04-21 18:40:33.752224,0 days 00:00:00.115357,-36.84295349349282,20.957150679410034,34.693755756937485,100.0,42.64901106839845,29.153085939407532,-60.29760449809548,45.79184900351408,57.09952604389073,28.49238999686091,3.12678202900684,65.77508477347959,Unfeasible shape,GPSampler,PRUNED
1363,1363,6.0,2026-04-21 18:40:33.899839,2026-04-21 18:40:34.121095,0 days 00:00:00.221256,-36.876145311838044,21.180349133534683,34.861266139476896,100.0,42.93702547474411,28.82238023420082,-60.49762338956397,45.82482078877708,57.043449822457255,28.88331279855341,3.0837527138820633,65.5599041388349,Unfeasible shape,GPSampler,PRUNED
1364,1364,6.0,2026-04-21 18:40:34.272843,2026-04-21 18:40:34.415285,0 days 00:00:00.142442,-36.763124186011474,20.995414375592354,34.915394773370835,100.0,42.741210358575174,28.989253026638323,-60.338755308377685,45.90769237795847,57.10892449346826,28.50079559445358,3.112984879833043,65.72270654769005,Unfeasible shape,GPSampler,PRUNED
1365,1365,6.0,2026-04-21 18:40:34.605048,2026-04-21 18:40:34.753542,0 days 00:00:00.148494,-36.88316648995449,21.469549971213603,34.254905248986645,100.0,43.06437788860787,29.184844662622474,-60.54145094881122,46.10753270763722,57.05537441506043,28.168342090927844,3.24273697775277,66.38488261836646,Unfeasible shape,GPSampler,PRUNED
1366,1366,6.0,2026-04-21 18:40:34.900896,2026-04-21 18:40:35.059335,0 days 00:00:00.158439,-36.8509691235421,20.796031292976267,34.81656825841887,100.0,42.78997239629676,28.94709157073809,-60.602657106048795,45.960305454349474,57.230992164156966,28.369557705703603,3.159336504389465,65.3690752957109,Unfeasible shape,GPSampler,PRUNED
1367,1367,6.0,2026-04-21 18:40:35.228010,2026-04-21 18:40:35.338929,0 days 00:00:00.110919,-36.61743423790986,20.316312497478208,35.56678082160131,99.99063988830477,43.025774660868755,28.738146939548415,-60.41622839881887,45.76245685848945,56.94675692128039,28.843490449357535,3.0155690920433997,65.04316638152616,Unfeasible shape,GPSampler,PRUNED
1368,1368,6.0,2026-04-21 18:40:35.522222,2026-04-21 18:40:35.632951,0 days 00:00:00.110729,-36.734300618768295,21.110506278623618,34.95452186465602,100.0,42.51712820367067,29.06581540583675,-60.33854151221873,45.924046154078205,57.32903603443151,28.42378985098661,3.068912229951124,65.63450937061181,Unfeasible shape,GPSampler,PRUNED
1369,1369,6.0,2026-04-21 18:40:35.787252,2026-04-21 18:40:35.945286,0 days 00:00:00.158034,-36.62818227560864,20.972956154656387,35.18238298852183,100.0,42.785134759043466,28.836639862307088,-60.384761063607016,45.968713317375226,57.2784685464051,28.542896314541412,3.098919389917903,65.7111321770377,Unfeasible shape,GPSampler,PRUNED
1370,1370,6.0,2026-04-21 18:40:36.129076,2026-04-21 18:40:36.303657,0 days 00:00:00.174581,-36.72462873409616,20.842657687699237,34.75667228304734,100.0,43.15763225727001,28.74844009916616,-60.384809670118045,45.82666839219259,57.371095217708785,28.841842727444586,3.176161401824075,66.06021403689384,Unfeasible shape,GPSampler,PRUNED
1371,1371,6.0,2026-04-21 18:40:36.503339,2026-04-21 18:40:36.646438,0 days 00:00:00.143099,-36.747159377360546,21.16489915498418,34.752648742799394,100.0,42.77549723299139,29.095358050371715,-60.33703896666498,46.03758999436262,57.24806498701339,28.531870067698364,3.054432085207189,65.78135688148728,Unfeasible shape,GPSampler,PRUNED
1372,1372,6.0,2026-04-21 18:40:36.805282,2026-04-21 18:40:36.931404,0 days 00:00:00.126122,-36.73141568094217,20.89741254186444,35.09151919791141,100.0,42.60730975933824,29.091758824108055,-60.1837363918752,46.024438145228835,57.044759459814365,28.23425917445625,3.0976469216059996,65.62097600633965,Unfeasible shape,GPSampler,PRUNED
1373,1373,6.0,2026-04-21 18:40:37.115811,2026-04-21 18:40:37.258992,0 days 00:00:00.143181,-36.757482286073774,21.00074045262121,34.85460559365466,100.0,42.702612443693916,29.08555829648536,-60.318842949347406,46.005130304759646,57.17701073164294,28.364218131337996,3.1178685358655116,65.66375349931867,Unfeasible shape,GPSampler,PRUNED
1374,1374,6.0,2026-04-21 18:40:37.411933,2026-04-21 18:40:37.659196,0 days 00:00:00.247263,-36.762848060506364,21.120939685883883,34.74948883234502,100.0,42.67420602472479,28.98422495997329,-60.322442627361696,46.05383876098085,57.17934019064341,28.311081146686586,3.119444410039222,65.66615973121115,Unfeasible shape,GPSampler,PRUNED
1375,1375,6.0,2026-04-21 18:40:37.818752,2026-04-21 18:40:37.992846,0 days 00:00:00.174094,-36.78265095241848,20.968609283485428,35.07726168630189,100.0,42.64673430092765,29.04227121076918,-60.48881645569732,45.73800086723677,57.08696435479413,28.65180254494712,3.155504384485589,65.80756023776367,Unfeasible shape,GPSampler,PRUNED
1376,1376,6.0,2026-04-21 18:40:38.144807,2026-04-21 18:40:38.303601,0 days 00:00:00.158794,-36.76453069516524,21.3339860731948,34.958711428266454,100.0,43.413911515305585,29.174580914602487,-60.461378059602396,45.745458843413765,57.36443516614879,28.4825113734399,3.089945234276108,65.96518082955211,Unfeasible shape,GPSampler,PRUNED
1377,1377,6.0,2026-04-21 18:40:38.509866,2026-04-21 18:40:38.668321,0 days 00:00:00.158455,-36.8042503239632,20.889968702441468,35.03471668526868,100.0,42.68822424494347,28.89539272004088,-60.16429646789115,45.97774629997219,57.13851252060036,28.680579996881907,3.1033863866227236,65.66838224123698,Unfeasible shape,GPSampler,PRUNED
1378,1378,6.0,2026-04-21 18:40:38.844579,2026-04-21 18:40:38.986694,0 days 00:00:00.142115,-36.81563367451619,21.248315193645197,34.87638633329129,100.0,42.78907160310268,28.92256354948298,-60.44196712388111,45.81361335183738,57.06880870027183,28.396251604487468,3.0715151160437557,65.62151789483752,Unfeasible shape,GPSampler,PRUNED
1379,1379,6.0,2026-04-21 18:40:39.171192,2026-04-21 18:40:39.297463,0 days 00:00:00.126271,-36.75354985773793,20.38274935869527,34.83360588250027,99.86519753278091,42.67860219339412,29.49720221844774,-60.41089339452067,45.49219514601246,56.826324644070965,28.45757238713621,3.1133091243466353,65.99138945300295,Unfeasible shape,GPSampler,PRUNED
1380,1380,6.0,2026-04-21 18:40:39.461775,2026-04-21 18:40:39.613857,0 days 00:00:00.152082,-36.75849997775436,21.131013734248732,34.91814811977922,100.0,42.83711712317154,28.90443677910808,-60.26692524057485,46.0587117765871,57.09463491875039,28.317778268708015,3.0947186845956622,65.60063396650712,Unfeasible shape,GPSampler,PRUNED
1381,1381,6.0,2026-04-21 18:40:39.764357,2026-04-21 18:40:39.962638,0 days 00:00:00.198281,-36.80137069846851,21.030074326837536,34.772874623786166,100.0,42.68976299500623,29.02952246915877,-60.43827089096786,45.993062780694785,57.2576344555168,28.518613384949884,3.078059046514525,65.64613011145795,Unfeasible shape,GPSampler,PRUNED
1382,1382,6.0,2026-04-21 18:40:40.170131,2026-04-21 18:40:40.312119,0 days 00:00:00.141988,-37.055424566262076,21.651628811260302,34.24864441982932,100.0,43.1846805919537,29.22955982766097,-60.74636378927637,46.417264944681364,58.0153474061226,27.69829626655134,3.1095613369881647,65.86017296908273,Unfeasible shape,GPSampler,PRUNED
1383,1383,6.0,2026-04-21 18:40:40.511272,2026-04-21 18:40:40.716805,0 days 00:00:00.205533,-36.850033536584675,20.964584094949622,34.78479766492508,100.0,42.78734066248157,29.106906924046818,-60.428772008402035,45.91170066904762,57.09614787978036,28.271940912881416,3.1220482428817107,65.75077434572734,Unfeasible shape,GPSampler,PRUNED
1384,1384,6.0,2026-04-21 18:40:40.882950,2026-04-21 18:40:41.041055,0 days 00:00:00.158105,-36.798554823640124,21.044250598735935,34.39850796990815,100.0,42.54310694447369,28.895222895932584,-60.72992325474445,45.80677936692801,57.04735894363729,28.637520393044667,3.087623574728667,65.57091285754723,Unfeasible shape,GPSampler,PRUNED
1385,1385,6.0,2026-04-21 18:40:41.277704,2026-04-21 18:40:41.384465,0 days 00:00:00.106761,-36.757122909221366,20.93878429007941,34.84677963963973,100.0,42.9065008372906,29.053390374956585,-60.41917432819211,45.98592474604611,57.1408690374142,28.384703138577162,3.113059748426906,65.67420032784243,Unfeasible shape,GPSampler,PRUNED
1386,1386,6.0,2026-04-21 18:40:41.543071,2026-04-21 18:40:41.669958,0 days 00:00:00.126887,-36.860356826935316,20.895669263111674,35.37960741708534,100.0,42.739296407419886,29.048273343169285,-60.2330935150671,46.23722717284073,57.19818562135388,28.058100676251858,3.125089317118139,65.92307252636628,Unfeasible shape,GPSampler,PRUNED
1387,1387,6.0,2026-04-21 18:40:41.893136,2026-04-21 18:40:42.067862,0 days 00:00:00.174726,-36.89058966643416,20.910109589062053,34.790217024579476,100.0,42.61242094956555,28.842236686623835,-60.11528842392354,46.37113896449751,57.39729165603904,28.716990011245016,3.0544400284673188,65.57846854335105,Unfeasible shape,GPSampler,PRUNED
1388,1388,6.0,2026-04-21 18:40:42.268138,2026-04-21 18:40:42.426439,0 days 00:00:00.158301,-36.67072900221653,20.647989736633335,35.045720616740056,100.0,42.61045430940828,29.005605623551723,-60.447861851422296,45.769464239095896,57.15865578617848,28.473444808141803,3.1988895617386106,66.1307887097838,Unfeasible shape,GPSampler,PRUNED
1389,1389,6.0,2026-04-21 18:40:42.594780,2026-04-21 18:40:42.753263,0 days 00:00:00.158483,-36.7509520964898,20.866079080010003,34.778629198415544,100.0,42.5836435776029,29.17896760127303,-60.50604976300194,45.96550145960418,57.252459799144894,28.21298198522901,3.105451894506622,65.64105679228696,Unfeasible shape,GPSampler,PRUNED
1390,1390,6.0,2026-04-21 18:40:42.920094,2026-04-21 18:40:43.046249,0 days 00:00:00.126155,-36.78862621969484,21.102724447843705,34.677326346800555,100.0,42.662407496398075,28.870516769119284,-60.55017515570738,46.210591159579785,57.28230643259529,27.89319955772934,3.2355604664362048,65.8969355911455,Unfeasible shape,GPSampler,PRUNED
1391,1391,6.0,2026-04-21 18:40:43.286444,2026-04-21 18:40:43.490226,0 days 00:00:00.203782,-36.75307053328188,20.89693350598515,34.85873605546848,100.0,42.61001540233509,28.91576437993558,-60.36929819354369,45.94006619259408,57.10973585326783,28.493398778351406,3.1013173424624014,65.69248056902097,Unfeasible shape,GPSampler,PRUNED
1392,1392,6.0,2026-04-21 18:40:43.671504,2026-04-21 18:40:43.799875,0 days 00:00:00.128371,-36.826296864245,20.095968878772357,35.61832683059032,100.0,42.306703911508656,28.257438945043567,-60.51266237277565,45.64268529177798,56.95491314562744,28.791077477543716,3.075911017857095,65.48495431787518,Unfeasible shape,GPSampler,PRUNED
1393,1393,6.0,2026-04-21 18:40:44.054138,2026-04-21 18:40:44.228165,0 days 00:00:00.174027,-36.726979708069564,21.29374208656917,34.59131790664631,100.0,42.71951459580758,29.057134066677143,-60.567723742284024,46.034272185974515,57.24213385102709,28.443852568421285,3.1423533676031568,65.758785202411,Unfeasible shape,GPSampler,PRUNED
1394,1394,6.0,2026-04-21 18:40:44.545760,2026-04-21 18:40:44.672573,0 days 00:00:00.126813,-36.698820553802854,20.97233826511676,34.937298782532125,100.0,43.03576113051658,29.299269795618542,-60.19881611113497,46.15570164360972,57.25250497957723,28.279233174704686,3.1120194842669733,65.97551201769184,Unfeasible shape,GPSampler,PRUNED
1395,1395,6.0,2026-04-21 18:40:44.872695,2026-04-21 18:40:44.998669,0 days 00:00:00.125974,-36.74931731589814,21.32811209830124,34.80180144597084,100.0,43.027912485078325,29.30144707324242,-60.267239310382024,45.78334249341798,56.99758462409193,28.208493358478616,3.204740634148422,65.51021050275695,Unfeasible shape,GPSampler,PRUNED
1396,1396,6.0,2026-04-21 18:40:45.172921,2026-04-21 18:40:45.298972,0 days 00:00:00.126051,-36.84453192171139,20.732612358519816,34.64413057116653,100.0,42.61645586763329,29.35150870163973,-60.24490038905283,45.64307041473363,56.9303542043818,28.448717819155938,3.150642682982692,65.87933341557572,Unfeasible shape,GPSampler,PRUNED
1397,1397,6.0,2026-04-21 18:40:45.473447,2026-04-21 18:40:45.609133,0 days 00:00:00.135686,-36.89281624150631,20.933855307300625,34.46299488116057,100.0,43.206264712733706,29.507368410168354,-60.37094409110625,45.68088259467258,57.41802297446148,28.308995321015743,3.190090208839152,66.05956695091693,Unfeasible shape,GPSampler,PRUNED
1398,1398,6.0,2026-04-21 18:40:45.888471,2026-04-21 18:40:46.014611,0 days 00:00:00.126140,-36.780220178124154,20.94326141529735,34.79150905218155,100.0,42.64685328979557,28.93111968779283,-60.33007480090322,46.03989866440591,57.165098799299145,28.45914873609608,3.040129842999235,65.6652677992248,Unfeasible shape,GPSampler,PRUNED
1399,1399,6.0,2026-04-21 18:40:46.198650,2026-04-21 18:40:46.324424,0 days 00:00:00.125774,-36.6992125840818,20.95671800617336,34.94480615978269,100.0,42.69493378868319,28.951762572299337,-60.23240033554944,46.19890400073296,57.20660473249858,28.439624755528346,3.0974357066177305,65.6425573709129,Unfeasible shape,GPSampler,PRUNED
1400,1400,6.0,2026-04-21 18:40:46.476272,2026-04-21 18:40:46.634561,0 days 00:00:00.158289,-36.77834340436807,21.0909830997769,34.8634514258766,100.0,42.642070223879905,29.047003566139466,-60.38426045472826,45.995235112420424,57.230533831912155,28.42277304164198,3.1169957656292127,65.70222799517714,Unfeasible shape,GPSampler,PRUNED
1401,1401,6.0,2026-04-21 18:40:46.834092,2026-04-21 18:40:47.086404,0 days 00:00:00.252312,-36.77985200018283,22.074964484373425,35.280112777241655,100.0,42.96544543718084,28.880838130002452,-60.27370069673215,46.44806112824173,56.508349017362505,28.54886088380524,3.125183838417925,65.5309583492687,Unfeasible shape,GPSampler,PRUNED
1402,1402,6.0,2026-04-21 18:40:47.257910,2026-04-21 18:40:47.463957,0 days 00:00:00.206047,-36.76804168872895,20.999012261007213,34.93472433828083,100.0,42.84913065247693,28.838291444038532,-60.3101664800258,45.93814582091674,57.15733775341641,28.401940044224485,3.0994293279491885,65.69418708079891,Unfeasible shape,GPSampler,PRUNED
1403,1403,6.0,2026-04-21 18:40:47.649607,2026-04-21 18:40:47.839304,0 days 00:00:00.189697,-36.7335029662887,20.996485848305834,34.93209896602488,100.0,42.42693994309943,29.069182006665812,-60.40022277899717,45.8985901489196,57.126370862124816,28.606629053667042,3.068824898068698,65.40870261329323,Unfeasible shape,GPSampler,PRUNED
1404,1404,6.0,2026-04-21 18:40:48.030592,2026-04-21 18:40:48.188311,0 days 00:00:00.157719,-36.85498561996335,20.920910354039236,34.95880626099657,100.0,42.79461363214351,28.929404362068887,-60.321120940360636,45.92563299936426,57.04337638554232,28.614805450031362,3.0590975673444234,65.45700285842236,Unfeasible shape,GPSampler,PRUNED
1405,1405,6.0,2026-04-21 18:40:48.376670,2026-04-21 18:40:48.531857,0 days 00:00:00.155187,-36.684986101547565,20.80160821413997,34.49330418280211,100.0,42.83551394963913,29.31367000441643,-60.54873907284568,45.7261254629908,57.158884946166836,28.098144423091814,3.1849542705361245,65.65595913366309,Unfeasible shape,GPSampler,PRUNED
1406,1406,6.0,2026-04-21 18:40:48.689842,2026-04-21 18:40:48.831845,0 days 00:00:00.142003,-36.545960791135315,20.74615333885837,34.94296394716511,100.0,42.978497970545796,29.181043111145833,-60.32285226588375,45.79162355297081,57.26822289676935,28.572581228467026,3.1046594585057647,65.47200895172719,Unfeasible shape,GPSampler,PRUNED
1407,1407,6.0,2026-04-21 18:40:48.998600,2026-04-21 18:40:49.126105,0 days 00:00:00.127505,-36.74200572356117,21.006406726972862,35.02703198722796,100.0,42.72457121047172,29.090406419578265,-60.333221734036705,45.9348236841253,57.12121794183503,28.41754943125002,3.1107101188603465,65.63528692351662,Unfeasible shape,GPSampler,PRUNED
1408,1408,6.0,2026-04-21 18:40:49.278371,2026-04-21 18:40:49.418660,0 days 00:00:00.140289,-36.72616789092046,21.09028618108626,34.77617098965173,100.0,42.780651212586505,28.904274766189744,-60.427356934583806,46.11078868086854,57.16324015159892,28.374756442467266,3.124629270561975,65.66042674869257,Unfeasible shape,GPSampler,PRUNED
1409,1409,6.0,2026-04-21 18:40:49.578914,2026-04-21 18:40:49.733937,0 days 00:00:00.155023,-36.7557199178076,20.926460452132837,34.84961642523557,100.0,43.046590677862795,29.787678150192555,-60.327860625322316,45.30724887158032,57.007251143949546,28.87922685921904,3.14482578781724,65.47764124679118,Unfeasible shape,GPSampler,PRUNED
1410,1410,6.0,2026-04-21 18:40:49.915898,2026-04-21 18:40:50.058412,0 days 00:00:00.142514,-36.7246221508707,20.77997556890346,34.918104809810856,100.0,42.77934507845524,29.103100068144784,-60.39222294342688,46.009797237342156,57.04157112525047,28.50449003094407,3.1227326099507806,65.8000102265864,Unfeasible shape,GPSampler,PRUNED
1411,1411,6.0,2026-04-21 18:40:50.200214,2026-04-21 18:40:50.342884,0 days 00:00:00.142670,-36.772911940289006,20.70671800431517,34.642899866349005,100.0,42.553898030706435,29.123631377178427,-60.54922755086734,45.95809961084212,57.06526540119631,27.944789089227896,3.0926978650478034,65.66338237212375,Unfeasible shape,GPSampler,PRUNED
1412,1412,6.0,2026-04-21 18:40:50.528358,2026-04-21 18:40:50.679496,0 days 00:00:00.151138,-36.70528334681489,20.87498952903195,34.72527967621776,100.0,42.77089964343941,28.874380772943624,-60.44661104100692,46.052928968137564,57.27037380078764,28.44231751804592,3.040429833283376,65.68573110364305,Unfeasible shape,GPSampler,PRUNED
1413,1413,6.0,2026-04-21 18:40:50.855397,2026-04-21 18:40:51.171752,0 days 00:00:00.316355,-36.83576046059325,21.046482566358737,34.711920263671615,100.0,42.66434150762722,28.809189584116865,-60.435379919219216,46.141154212979444,57.16509599757236,28.3372002134471,3.112162577912528,65.86277555735022,Unfeasible shape,GPSampler,PRUNED
1414,1414,6.0,2026-04-21 18:40:51.347341,2026-04-21 18:40:51.505174,0 days 00:00:00.157833,-36.84579112618257,21.012240652022776,35.05252674093881,100.0,42.808060451797004,28.63589411994105,-60.27753399330699,45.82345475573145,57.0221814246611,28.68388074363081,3.117223059694709,65.45510722489686,Unfeasible shape,GPSampler,PRUNED
