,number,value,datetime_start,datetime_complete,duration,params_lLegPt.rA1,params_lLegPt.rL0,params_lLegPt.rL1,params_lLegPt.rL2,params_lLegPt.x1,params_lLegPt.y1,params_sLegPt.rA1,params_sLegPt.rL0,params_sLegPt.rL1,params_sLegPt.rL2,params_sLegPt.x1,params_sLegPt.y1,user_attrs_prune,system_attrs_auto:sampler,state
1287,1287,6.0,2026-04-21 18:40:07.731816,2026-04-21 18:40:07.887131,0 days 00:00:00.155315,-36.64321359772277,21.05048882207084,35.02491562797291,100.0,42.90985887722852,28.361390038059447,-60.22119765462783,46.20217961124574,56.8032293561824,28.73197588269311,3.0340067843221163,65.34508596809002,Unfeasible shape,GPSampler,PRUNED
1288,1288,6.0,2026-04-21 18:40:08.057146,2026-04-21 18:40:08.212714,0 days 00:00:00.155568,-36.8838154000362,21.05556456213515,34.39173699566781,100.0,42.7013611357656,29.566504589496446,-60.43268324797697,45.68780721591903,57.252814965575446,28.067946033116858,3.221251872177014,66.06918638167767,Unfeasible shape,GPSampler,PRUNED
1289,1289,6.0,2026-04-21 18:40:08.382053,2026-04-21 18:40:08.542886,0 days 00:00:00.160833,-36.85675262321656,20.727055940816122,35.14807961406274,100.0,42.648406288389765,28.7652161831438,-60.48778112824007,45.99060565989491,57.12435094704275,28.632301688326443,3.11016655372611,65.58358680389861,Unfeasible shape,GPSampler,PRUNED
1290,1290,6.0,2026-04-21 18:40:08.688162,2026-04-21 18:40:08.824201,0 days 00:00:00.136039,-36.74363687075965,21.061267339752913,34.594251634662314,100.0,42.68046061091644,29.171904630826447,-60.56463044954923,45.93463976024953,57.196457245333576,28.23076951966337,3.155563930532466,65.77695117424527,Unfeasible shape,GPSampler,PRUNED
1291,1291,6.0,2026-04-21 18:40:09.127228,2026-04-21 18:40:09.322380,0 days 00:00:00.195152,-36.8289173666925,21.2630736024688,34.908406394898705,100.0,42.76530138745858,28.911847951086052,-60.44079052759126,46.05375635889441,57.1925937101577,28.311207344382694,3.0595147009048205,65.36173597727417,Unfeasible shape,GPSampler,PRUNED
1292,1292,6.0,2026-04-21 18:40:09.478686,2026-04-21 18:40:09.631380,0 days 00:00:00.152694,-36.82494781475024,20.95025936574151,34.8402397526243,100.0,42.65577729100394,28.92514519643028,-60.38657176246004,45.877905359235776,57.09061257313046,28.388322959989043,3.1199536365399325,65.69611046710583,Unfeasible shape,GPSampler,PRUNED
1293,1293,6.0,2026-04-21 18:40:09.831927,2026-04-21 18:40:09.957899,0 days 00:00:00.125972,-36.8215700565856,21.131221403329366,34.64634711056115,100.0,42.65969502657623,29.16263557607497,-60.34027786987551,45.992118277334846,57.25642109390812,28.2614487760623,3.1425476697669623,65.80708641438733,Unfeasible shape,GPSampler,PRUNED
1294,1294,6.0,2026-04-21 18:40:10.099593,2026-04-21 18:40:10.230231,0 days 00:00:00.130638,-36.753702313454724,21.139733415890795,34.59397737506724,100.0,42.69176182225472,29.222763565967853,-60.410959497815966,45.949147479277144,57.23585013107446,28.261610136362396,3.162904186253293,65.78606441946478,Unfeasible shape,GPSampler,PRUNED
1295,1295,6.0,2026-04-21 18:40:10.439425,2026-04-21 18:40:10.588906,0 days 00:00:00.149481,-36.76923837575468,21.100077297128088,34.662608337721686,100.0,42.732938992933846,29.075524485862537,-60.346373193601124,46.0493746970441,57.27919158296698,28.452872314355346,3.14073545473029,65.7790745648893,Unfeasible shape,GPSampler,PRUNED
1296,1296,6.0,2026-04-21 18:40:10.779750,2026-04-21 18:40:10.938557,0 days 00:00:00.158807,-36.813174199706,20.99537756326167,34.76683977635305,100.0,42.69875465524112,28.938418071414404,-60.450730407193035,45.88129693181145,57.149461127637466,28.752003658180993,3.114866726173709,65.6647354841181,Unfeasible shape,GPSampler,PRUNED
1297,1297,6.0,2026-04-21 18:40:11.078916,2026-04-21 18:40:11.231446,0 days 00:00:00.152530,-36.73894487700331,21.062060981153486,35.11105856711062,100.0,42.798121683669685,29.044978920822473,-60.591721025132415,45.946780962301425,57.26494800636844,28.663795700388714,3.011483280379636,65.42267791273194,Unfeasible shape,GPSampler,PRUNED
1298,1298,6.0,2026-04-21 18:40:11.420820,2026-04-21 18:40:11.556741,0 days 00:00:00.135921,-36.80181241214036,21.25373470178679,34.68702585609623,100.0,42.63950840598803,28.998433947242347,-60.541680247583066,45.95675653797369,57.25273479123832,28.478806429843548,3.099120428432748,65.71051849726838,Unfeasible shape,GPSampler,PRUNED
1299,1299,6.0,2026-04-21 18:40:11.833228,2026-04-21 18:40:11.943777,0 days 00:00:00.110549,-36.657096478786805,20.75743092522631,35.08584006365601,100.0,43.584711846154484,28.944052367836534,-60.56194657888283,45.568084152643976,57.03155523954275,28.64802235547047,3.158543944208894,65.69622212979445,Unfeasible shape,GPSampler,PRUNED
1300,1300,6.0,2026-04-21 18:40:12.110063,2026-04-21 18:40:12.346595,0 days 00:00:00.236532,-37.09656473172265,20.909469487551846,34.767097495287985,100.0,42.60706637509973,29.17619668771937,-60.31818515284189,45.61217892186617,57.414130928391735,28.557564304240003,3.122871456807168,66.16414462965159,Unfeasible shape,GPSampler,PRUNED
1301,1301,6.0,2026-04-21 18:40:12.609561,2026-04-21 18:40:12.769607,0 days 00:00:00.160046,-36.97359596358199,20.8765970553061,34.92929520699552,100.0,42.608212146469505,29.34644634271023,-60.189410773814615,46.06566066173212,56.82230779604091,28.902913518135396,3.0930931268753312,65.72398926444015,Unfeasible shape,GPSampler,PRUNED
1302,1302,6.0,2026-04-21 18:40:12.932289,2026-04-21 18:40:13.091600,0 days 00:00:00.159311,-36.92564993591436,20.65325273473117,34.86281304643934,100.0,42.85267074357839,29.204409975937864,-60.218405646189474,45.81605030995711,56.945456048190884,28.66131895240729,3.1326669405669776,65.71018358707539,Unfeasible shape,GPSampler,PRUNED
1303,1303,6.0,2026-04-21 18:40:13.244950,2026-04-21 18:40:13.355637,0 days 00:00:00.110687,-36.91072257785906,20.853900110022032,34.77916566172765,100.0,43.018539601938514,28.792837777561502,-60.348337061171875,45.62805155009969,57.02369366321541,28.93709134649067,3.142520047530681,65.76578373358001,Unfeasible shape,GPSampler,PRUNED
1304,1304,6.0,2026-04-21 18:40:13.506919,2026-04-21 18:40:13.680054,0 days 00:00:00.173135,-36.81667495304579,20.904633457180978,34.93368346973957,100.0,42.79707880692838,29.055179147662415,-60.28410416198423,46.005521897511485,57.1953904691092,28.38486293343265,3.1004440584418305,65.51479725711893,Unfeasible shape,GPSampler,PRUNED
1305,1305,6.0,2026-04-21 18:40:13.865885,2026-04-21 18:40:14.008133,0 days 00:00:00.142248,-36.76717965317533,21.445765360254736,34.876892001172095,100.0,42.794403071102636,29.250522780624898,-60.42114075762113,45.68022924945816,57.015957452276716,28.211520608560132,3.1314656952615323,65.73010860765972,Unfeasible shape,GPSampler,PRUNED
1306,1306,6.0,2026-04-21 18:40:14.190256,2026-04-21 18:40:14.363547,0 days 00:00:00.173291,-36.86250736690552,21.174657462317832,34.75979617008124,100.0,42.72222838509216,29.14678464172613,-60.308881316167486,45.79716036465012,57.09831571643462,28.34402929191735,3.1000945471216497,65.8566199521147,Unfeasible shape,GPSampler,PRUNED
1307,1307,6.0,2026-04-21 18:40:14.545946,2026-04-21 18:40:14.719987,0 days 00:00:00.174041,-36.87553798248542,21.19243288347704,34.74744594408649,100.0,43.10601758455287,28.985234114356686,-60.42167698981295,45.87868195850672,57.03459785048812,28.556292582012937,3.068482848196105,65.56518365344787,Unfeasible shape,GPSampler,PRUNED
1308,1308,6.0,2026-04-21 18:40:14.917943,2026-04-21 18:40:15.113189,0 days 00:00:00.195246,-36.71967660890434,21.1060943401023,34.67779919885554,100.0,42.65320534264933,29.206952602728336,-60.48899035941068,46.078843887997664,57.299431641953255,28.239429470481475,3.1176059990417357,65.66960260205997,Unfeasible shape,GPSampler,PRUNED
1309,1309,6.0,2026-04-21 18:40:15.289200,2026-04-21 18:40:15.415758,0 days 00:00:00.126558,-36.79967640616516,21.217050906997592,34.79308383723394,100.0,42.770670121284965,28.951388206136926,-60.39207529275333,46.00143992971888,57.18437196725081,28.622228460983518,3.103028631738617,65.64364632416839,Unfeasible shape,GPSampler,PRUNED
1310,1310,6.0,2026-04-21 18:40:15.597485,2026-04-21 18:40:15.755525,0 days 00:00:00.158040,-36.83757958508691,20.956594767364443,34.81325804402053,100.0,42.0547643705965,28.923373206500678,-60.39152056574276,45.648401995962914,57.23462337609487,28.711748884025887,3.1133048198873254,65.64512712962757,Unfeasible shape,GPSampler,PRUNED
1311,1311,6.0,2026-04-21 18:40:15.952755,2026-04-21 18:40:16.094703,0 days 00:00:00.141948,-36.77083741845179,21.021225125067343,34.80978553017061,100.0,42.69834633717433,29.183886865275717,-60.374738067604284,45.9635490183516,57.22601460901208,28.446681719798203,3.119902113497858,65.748072310095,Unfeasible shape,GPSampler,PRUNED
1312,1312,6.0,2026-04-21 18:40:16.266329,2026-04-21 18:40:16.377459,0 days 00:00:00.111130,-36.740676241023614,20.921049561296144,34.564097525029496,100.0,42.794474289957535,29.154905465583624,-60.370616551704,45.672798728810434,57.0241175493152,28.54662762088573,3.182594960298964,65.78897684005844,Unfeasible shape,GPSampler,PRUNED
1313,1313,6.0,2026-04-21 18:40:16.559464,2026-04-21 18:40:16.701817,0 days 00:00:00.142353,-37.2420784054444,21.09817668165906,34.58433968873301,100.0,42.01040577746934,28.738138254380118,-60.58854887259495,45.5430851243244,56.98212270939935,28.190389613141885,3.182753210420067,66.27349927642717,Unfeasible shape,GPSampler,PRUNED
1314,1314,6.0,2026-04-21 18:40:16.869882,2026-04-21 18:40:17.052787,0 days 00:00:00.182905,-36.78576318691479,21.068356521124922,34.818025412857935,100.0,42.84920228241573,28.991217080678453,-60.340036091649,45.8918099378925,57.151392539770534,28.54913518273888,3.1275448435763664,65.68348710276658,Unfeasible shape,GPSampler,PRUNED
1315,1315,6.0,2026-04-21 18:40:17.241141,2026-04-21 18:40:17.383785,0 days 00:00:00.142644,-36.765166593843766,20.847551796096443,34.78795655404812,100.0,42.64048067349923,29.040555477567608,-60.34161938746095,46.076293780618826,57.08245052589731,28.497592995105276,3.0913074136054632,65.6025477328584,Unfeasible shape,GPSampler,PRUNED
1316,1316,6.0,2026-04-21 18:40:17.558710,2026-04-21 18:40:17.690021,0 days 00:00:00.131311,-36.82411388264471,20.91197251432284,35.09300775327161,100.0,43.16211305281719,28.84899243222754,-60.71362446522535,46.37145572667496,57.01964252046195,28.181761145508577,3.11436576523829,65.57370498374519,Unfeasible shape,GPSampler,PRUNED
1317,1317,6.0,2026-04-21 18:40:17.911709,2026-04-21 18:40:18.070675,0 days 00:00:00.158966,-36.84561236345555,20.310312211998195,35.33233530558444,100.0,42.330073665559176,28.782356029292956,-60.32203577135827,45.353803698417856,57.037400380107634,28.88945221256467,3.1824645352338905,65.61406334684693,Unfeasible shape,GPSampler,PRUNED
1318,1318,6.0,2026-04-21 18:40:18.250029,2026-04-21 18:40:18.391533,0 days 00:00:00.141504,-36.75436488668978,21.081935151951534,34.764216153414,100.0,42.635498225908535,29.119061094334647,-60.434804791975644,45.811583938495424,57.0768087552195,28.41003950952504,3.129787274070466,65.72223792368841,Unfeasible shape,GPSampler,PRUNED
1319,1319,6.0,2026-04-21 18:40:18.540464,2026-04-21 18:40:18.651515,0 days 00:00:00.111051,-36.89989067945448,20.68907184014509,35.00323078331988,100.0,42.70939545669674,28.902726827904523,-60.25445637656297,45.76894149082628,57.00082240375567,28.611236076239933,3.0727500698175305,65.58664115749262,Unfeasible shape,GPSampler,PRUNED
1320,1320,6.0,2026-04-21 18:40:18.800183,2026-04-21 18:40:19.046409,0 days 00:00:00.246226,-36.69138789057739,20.897456033086286,34.740421002579446,100.0,42.44410237642935,28.897170696832426,-60.00107794736539,46.78510165550392,57.155783209274624,28.110716615706043,3.10898261985367,65.5984010312189,Unfeasible shape,GPSampler,PRUNED
1321,1321,6.0,2026-04-21 18:40:19.242653,2026-04-21 18:40:19.391061,0 days 00:00:00.148408,-36.77506165022403,20.957740837180296,34.9898730420973,100.0,42.78485295917451,29.163092866798152,-60.22904199590253,45.84306211042404,57.51340399789901,28.033510399832874,3.2708857939555287,65.64044310823476,Unfeasible shape,GPSampler,PRUNED
1322,1322,6.0,2026-04-21 18:40:19.575065,2026-04-21 18:40:19.747237,0 days 00:00:00.172172,-36.86050990819108,21.015953270863292,34.84210147752502,100.0,42.92503072997611,29.268102602851762,-60.34812142545152,45.75635641668782,57.21466099765641,28.36887173115094,3.1392427032076426,65.77197586172035,Unfeasible shape,GPSampler,PRUNED
1323,1323,6.0,2026-04-21 18:40:20.067333,2026-04-21 18:40:20.217135,0 days 00:00:00.149802,-36.76634015331804,21.04258276119279,34.543921149302875,100.0,42.800750623439804,29.146998058914242,-60.47956390815213,45.87970815215037,57.339724445389784,27.908019435566608,3.1850371323255686,65.95649513581532,Unfeasible shape,GPSampler,PRUNED
1324,1324,6.0,2026-04-21 18:40:20.450376,2026-04-21 18:40:20.611099,0 days 00:00:00.160723,-36.83154341910532,21.637336277241467,34.56528557968623,100.0,42.89485932489431,29.204897537495242,-60.50526938063036,45.94493806900856,57.33855533765215,28.13987402229284,3.2163283973193657,65.98105465589339,Unfeasible shape,GPSampler,PRUNED
1325,1325,6.0,2026-04-21 18:40:20.773780,2026-04-21 18:40:20.931309,0 days 00:00:00.157529,-36.80335265217707,20.91556229547994,34.682370887785,100.0,42.79401231767632,29.080652400534234,-60.27944359503175,45.767206344798915,57.185828226186906,28.454387467496524,3.132118421562467,65.7937359755657,Unfeasible shape,GPSampler,PRUNED
1326,1326,6.0,2026-04-21 18:40:21.093241,2026-04-21 18:40:21.232132,0 days 00:00:00.138891,-36.68233734518565,21.463723236899,34.51818516247333,100.0,42.67585654295219,28.740055938093953,-60.566582397886734,46.193078322613445,57.31860052233504,28.631226769371793,3.0362166565184694,65.48556475101884,Unfeasible shape,GPSampler,PRUNED
1327,1327,6.0,2026-04-21 18:40:21.404062,2026-04-21 18:40:21.566934,0 days 00:00:00.162872,-36.86456426600273,20.7937875926197,34.83478865303172,100.0,42.734391401296264,28.964101446458756,-60.4270844952341,45.812046475420104,57.10793999387644,28.21739950383559,3.0817501746314377,65.47761185019334,Unfeasible shape,GPSampler,PRUNED
1328,1328,6.0,2026-04-21 18:40:21.723734,2026-04-21 18:40:21.869676,0 days 00:00:00.145942,-36.767629990585334,21.252623996694457,34.85539335000878,100.0,42.42801937746088,29.125385743375098,-60.586791647007956,45.75097149381975,57.11833218123951,28.362438908751976,3.2518927449035075,65.84853336090431,Unfeasible shape,GPSampler,PRUNED
1329,1329,6.0,2026-04-21 18:40:22.025293,2026-04-21 18:40:22.206933,0 days 00:00:00.181640,-36.766884711629885,21.004455525634945,34.845108155981706,100.0,42.59213252808078,29.159356172710837,-60.3488491042998,45.7123979733975,57.205154661844006,28.46118640367769,3.121149095935017,65.65618153594016,Unfeasible shape,GPSampler,PRUNED
1330,1330,6.0,2026-04-21 18:40:22.408141,2026-04-21 18:40:22.558233,0 days 00:00:00.150092,-36.48443731419792,20.906624562772098,34.72712397125731,100.0,41.83624837549305,29.788075497127807,-60.76731937283239,46.23054971149369,57.33941534758593,28.400247459110386,3.2063430735415395,66.23075834543774,Unfeasible shape,GPSampler,PRUNED
1331,1331,6.0,2026-04-21 18:40:22.708023,2026-04-21 18:40:22.863748,0 days 00:00:00.155725,-36.73685028826478,21.245938280045227,34.72408497283877,100.0,42.60583137727203,29.010206051673435,-60.536004216034904,46.08204479591783,57.25545322722256,28.487843628332456,3.089333916048197,65.6186116085663,Unfeasible shape,GPSampler,PRUNED
1332,1332,6.0,2026-04-21 18:40:23.042251,2026-04-21 18:40:23.271246,0 days 00:00:00.228995,-36.827442153397875,20.820846255250704,34.759819690370136,100.0,42.7753683266365,29.22731645081666,-60.44821477126301,45.66706055466976,57.26019832323779,28.351932347077998,3.134615784508071,65.78676776818203,Unfeasible shape,GPSampler,PRUNED
1333,1333,6.0,2026-04-21 18:40:23.447700,2026-04-21 18:40:23.633781,0 days 00:00:00.186081,-36.58864753841036,21.262075363578653,35.10346111157547,100.0,42.640576820266126,29.267623144154435,-60.20988565483648,46.26699627178113,57.2733646435997,28.047803523772114,3.079165428308528,65.50525880562016,Unfeasible shape,GPSampler,PRUNED
1334,1334,6.0,2026-04-21 18:40:23.800939,2026-04-21 18:40:23.960586,0 days 00:00:00.159647,-36.580510102000176,20.41183682499604,35.210879608994915,100.0,42.316950572679566,28.45178415738991,-60.07495370372313,45.46691509151142,56.654904343678595,29.313263244224967,3.144192860307882,65.48780243283947,Unfeasible shape,GPSampler,PRUNED
1335,1335,6.0,2026-04-21 18:40:24.118856,2026-04-21 18:40:24.282194,0 days 00:00:00.163338,-36.73365525776951,21.062759167721076,34.87333921673134,100.0,42.67238037447972,29.070386966832984,-60.47843425502779,45.98390005316568,57.13094067377249,28.233975227092476,3.1249216694519646,65.6608835104585,Unfeasible shape,GPSampler,PRUNED
1336,1336,6.0,2026-04-21 18:40:24.440846,2026-04-21 18:40:24.588147,0 days 00:00:00.147301,-36.76001239534544,21.000439668995902,35.05010036090307,100.0,42.74805082562554,28.91959632799201,-60.323445418809584,45.82609524580636,57.11576680889282,28.609097848239262,3.084398625520251,65.4761423841218,Unfeasible shape,GPSampler,PRUNED
1337,1337,6.0,2026-04-21 18:40:24.774757,2026-04-21 18:40:24.913340,0 days 00:00:00.138583,-36.75382636114049,21.253732436507956,34.82371793266823,100.0,42.72684018254347,28.904191416810917,-60.42877293099755,45.90655276421538,57.04177953218048,28.705830861456082,3.076329964162909,65.5573680068117,Unfeasible shape,GPSampler,PRUNED
1338,1338,6.0,2026-04-21 18:40:25.189547,2026-04-21 18:40:25.356480,0 days 00:00:00.166933,-36.84240740435461,21.305349117501557,35.000537300536315,100.0,42.746863141339674,28.930890553287433,-60.611471605416575,46.07810446660117,57.21160459941737,28.62178537321331,3.0868065855301907,65.60579551678443,Unfeasible shape,GPSampler,PRUNED
1339,1339,6.0,2026-04-21 18:40:25.549441,2026-04-21 18:40:25.684586,0 days 00:00:00.135145,-36.60865651456876,20.775477278322303,34.784962866800335,100.0,41.812267012564135,29.67795936302155,-60.07249141222094,45.80458890568871,57.19767770890659,29.104387388155047,3.0640474817189443,65.3416771464252,Unfeasible shape,GPSampler,PRUNED
1340,1340,6.0,2026-04-21 18:40:25.861126,2026-04-21 18:40:26.011525,0 days 00:00:00.150399,-36.92250769730937,20.965382900595365,34.6643414516909,100.0,42.75315288692599,29.364062038295906,-60.42305008616185,45.67810689116057,57.190070923970445,28.24620495064121,3.2186831620527983,65.57086777478955,Unfeasible shape,GPSampler,PRUNED
1341,1341,6.0,2026-04-21 18:40:26.319024,2026-04-21 18:40:26.452209,0 days 00:00:00.133185,-36.6515468127781,21.734970350116015,34.00205517867089,100.0,43.3905940501087,28.874935681260283,-60.47256535838031,45.634796518725516,57.227194103664544,27.675490422793636,3.285129806831229,66.03196894008049,Unfeasible shape,GPSampler,PRUNED
1342,1342,6.0,2026-04-21 18:40:26.627669,2026-04-21 18:40:26.825727,0 days 00:00:00.198058,-36.71963781109602,20.61126162780087,35.82653921592984,99.98951547572588,42.69041638957444,28.31113208382356,-60.86962807391312,45.80943631501736,57.21122192160302,28.50155273492324,3.104078161491479,65.58165648617695,Unfeasible shape,GPSampler,PRUNED
1343,1343,6.0,2026-04-21 18:40:27.017067,2026-04-21 18:40:27.171188,0 days 00:00:00.154121,-36.7805195234734,20.814298010493776,34.803749953446754,100.0,42.70031858928174,29.030177565603218,-60.33836009498998,45.91140944283167,57.11662650721587,28.30727369660434,3.092881725643565,65.761179798918,Unfeasible shape,GPSampler,PRUNED
1344,1344,6.0,2026-04-21 18:40:27.340875,2026-04-21 18:40:27.490824,0 days 00:00:00.149949,-36.80525842075252,21.258139669465805,34.788939964103406,100.0,42.85387089779967,29.164751078534067,-60.451216817585774,45.87233908757167,57.205163682520634,28.363311848744118,3.153119523994029,65.69606652437513,Unfeasible shape,GPSampler,PRUNED
1345,1345,6.0,2026-04-21 18:40:27.721090,2026-04-21 18:40:27.910891,0 days 00:00:00.189801,-36.798931351848445,21.07705628529905,34.686313703877275,100.0,42.72466099768553,29.03328161029242,-60.23724234342224,46.090062050737714,57.171958918515315,28.445541579370126,3.1466960083515048,65.8843902630403,Unfeasible shape,GPSampler,PRUNED
1346,1346,6.0,2026-04-21 18:40:28.100472,2026-04-21 18:40:28.259106,0 days 00:00:00.158634,-36.64826563332827,21.302746021995638,34.82825081476754,100.0,42.67789915878293,28.97753601743132,-60.27901845037121,45.931137830817775,57.07826308209814,28.328394732970985,3.198595011969445,65.93454425291283,Unfeasible shape,GPSampler,PRUNED
1347,1347,6.0,2026-04-21 18:40:28.429410,2026-04-21 18:40:28.580778,0 days 00:00:00.151368,-36.94519041150461,21.407369671459854,34.761569257624885,100.0,42.98934374615658,29.36422056750756,-59.934910980032214,46.60849555287196,57.29786008908588,27.86829085859959,3.3657462296867777,66.45419437484732,Unfeasible shape,GPSampler,PRUNED
1348,1348,6.0,2026-04-21 18:40:28.800228,2026-04-21 18:40:28.925509,0 days 00:00:00.125281,-36.81136533253015,20.8868231700998,35.14840357784256,100.0,42.51081025497598,28.644387913806824,-60.24353555518779,46.360080996871844,57.15303155444921,28.856258798177144,3.117294341498365,65.75377008873465,Unfeasible shape,GPSampler,PRUNED
1349,1349,6.0,2026-04-21 18:40:29.093602,2026-04-21 18:40:29.251820,0 days 00:00:00.158218,-36.811251459808396,21.366089349188815,34.082329385570816,100.0,42.9243520523997,29.473615615304475,-60.493977366110975,45.98692843885036,57.37307277715591,28.27126000634328,3.2385530906300346,66.12365407068351,Unfeasible shape,GPSampler,PRUNED
1350,1350,6.0,2026-04-21 18:40:29.420879,2026-04-21 18:40:29.531003,0 days 00:00:00.110124,-36.83279825175788,21.034131591088418,34.94380873579553,100.0,43.02786729054731,28.96622546770049,-60.35808066847419,45.82276021406301,56.89441848503542,28.33420966545013,3.0812376630989107,65.652980466519,Unfeasible shape,GPSampler,PRUNED
