,number,value,datetime_start,datetime_complete,duration,params_lLegPt.rA1,params_lLegPt.rL0,params_lLegPt.rL1,params_lLegPt.rL2,params_lLegPt.x1,params_lLegPt.y1,params_sLegPt.rA1,params_sLegPt.rL0,params_sLegPt.rL1,params_sLegPt.rL2,params_sLegPt.x1,params_sLegPt.y1,user_attrs_prune,system_attrs_auto:sampler,state
446,446,6.0,2026-04-21 18:35:30.120877,2026-04-21 18:35:30.279037,0 days 00:00:00.158160,-36.884075511056814,20.84905103790945,34.86739544474148,100.0,42.68900509907405,28.874395289252156,-60.239192526890854,45.87891885734921,57.083689218736836,28.652322169148853,3.009459902416303,65.64836635061022,Unfeasible shape,GPSampler,PRUNED
447,447,6.0,2026-04-21 18:35:30.513949,2026-04-21 18:35:30.680135,0 days 00:00:00.166186,-36.74614307420915,21.329517568604928,34.56983923877728,100.0,42.74258605255989,29.353616015483595,-60.38553434089259,46.03260027978881,57.34232160584581,28.3821659867331,3.1659386426260596,66.13386574955874,Unfeasible shape,GPSampler,PRUNED
448,448,6.0,2026-04-21 18:35:30.840721,2026-04-21 18:35:30.971072,0 days 00:00:00.130351,-36.81347593439058,20.533878749800188,34.83761954807002,100.0,42.8072921179214,28.857552340514623,-60.16278480508533,45.401093823960316,56.769656574386,28.809092034177077,3.164661947669174,65.85710487184771,Unfeasible shape,GPSampler,PRUNED
449,449,6.0,2026-04-21 18:35:31.117954,2026-04-21 18:35:31.216477,0 days 00:00:00.098523,-36.745666046564075,20.835410188765763,34.71611134367366,100.0,42.67099676052864,29.129812973979405,-60.52104401536338,45.72800719483572,57.1209681164127,28.492108506714334,3.142978125840962,65.67778963270393,Unfeasible shape,GPSampler,PRUNED
450,450,6.0,2026-04-21 18:35:31.367451,2026-04-21 18:35:31.517681,0 days 00:00:00.150230,-37.14510749625555,20.44763841830524,34.95521498634547,100.0,42.68051635705373,29.401166746189112,-60.32097050709979,45.53922624226056,56.57690736504244,28.560625318188972,3.2380573819636,65.50124175968688,Unfeasible shape,GPSampler,PRUNED
451,451,6.0,2026-04-21 18:35:31.751979,2026-04-21 18:35:31.944319,0 days 00:00:00.192340,-36.78891755736283,20.952540718730823,34.726435750727376,100.0,42.723911478035504,29.015934961631615,-60.26030660442474,45.948558216968046,57.199929666741625,28.469027426518632,3.1371240088636227,65.80719179164521,Unfeasible shape,GPSampler,PRUNED
452,452,6.0,2026-04-21 18:35:32.110859,2026-04-21 18:35:32.260032,0 days 00:00:00.149173,-36.713890144911566,21.100098521211557,34.713618644800334,100.0,42.59514069895648,29.506575876863906,-60.56754592763193,45.931261371563544,57.44687906651113,28.28025146117525,3.176184353213287,65.91018090973553,Unfeasible shape,GPSampler,PRUNED
453,453,6.0,2026-04-21 18:35:32.471431,2026-04-21 18:35:32.606430,0 days 00:00:00.134999,-36.61451905748608,21.014732135805954,34.73434773095886,100.0,42.810831402679696,29.38377441542935,-60.44872122902493,45.8778471208351,56.84850372645974,27.89501593387684,3.114449275645846,65.26508986558383,Unfeasible shape,GPSampler,PRUNED
454,454,6.0,2026-04-21 18:35:32.746409,2026-04-21 18:35:32.884673,0 days 00:00:00.138264,-36.73926746250732,21.131109649470332,34.49795639357761,100.0,42.698812032730785,29.185422626541673,-60.36273128730576,46.31366927305626,57.18650733219737,28.285010498704846,3.1959243123644114,65.76201685895589,Unfeasible shape,GPSampler,PRUNED
455,455,6.0,2026-04-21 18:35:33.138982,2026-04-21 18:35:33.291389,0 days 00:00:00.152407,-36.777472555684305,20.81453403487408,35.069673204608165,100.0,42.838666845468914,29.12859362237053,-60.124274449013285,45.88545182519212,57.08018116721828,28.534137099306434,3.0528849199794834,65.719931017571,Unfeasible shape,GPSampler,PRUNED
456,456,6.0,2026-04-21 18:35:33.425651,2026-04-21 18:35:33.620656,0 days 00:00:00.195005,-36.76619495238401,20.801281895294963,35.14757019894708,100.0,42.939549427525634,28.85556960814722,-60.139931227951486,45.76582931197456,57.1616278792908,28.403983480927444,3.1224568902661005,65.6816760062477,Unfeasible shape,GPSampler,PRUNED
457,457,6.0,2026-04-21 18:35:33.755432,2026-04-21 18:35:33.897127,0 days 00:00:00.141695,-36.80939431448252,21.187312303072773,34.808664135113034,100.0,42.68078498847233,29.18948769061214,-60.35163383856087,45.923294009721914,57.05816488850275,28.501349553893935,3.147128590901609,65.55788051345189,Unfeasible shape,GPSampler,PRUNED
458,458,6.0,2026-04-21 18:35:34.061281,2026-04-21 18:35:34.202547,0 days 00:00:00.141266,-36.73160815430063,21.057129376063987,34.77723061672987,100.0,42.61082014422523,29.14162697152613,-60.266202399107684,46.16626752885734,57.2302580153785,28.186601058520896,3.1516621609336752,65.78823914870145,Unfeasible shape,GPSampler,PRUNED
459,459,6.0,2026-04-21 18:35:34.347858,2026-04-21 18:35:34.516486,0 days 00:00:00.168628,-36.83475124909292,21.225526118914374,34.61552916707603,100.0,42.6882331405009,29.015555137857547,-60.400937554016465,45.81599023346733,57.2855249127042,28.477030579085806,3.1561580375841842,65.61463440159794,Unfeasible shape,GPSampler,PRUNED
460,460,6.0,2026-04-21 18:35:34.689699,2026-04-21 18:35:34.834846,0 days 00:00:00.145147,-36.75828030960347,21.08785509921455,34.74116759601294,100.0,43.01771150273029,29.031992625890723,-60.43218804997768,45.87178037367068,57.20660303472904,28.462265957069686,3.1731439269316866,65.95605382975185,Unfeasible shape,GPSampler,PRUNED
461,461,6.0,2026-04-21 18:35:34.986302,2026-04-21 18:35:35.097707,0 days 00:00:00.111405,-36.83062748432848,20.973269904187696,34.79173307657605,100.0,42.827660675666145,28.759144454414347,-60.53223293081324,45.519602034938174,57.033703943732405,28.457580454398734,3.1709259624054695,65.90657334894034,Unfeasible shape,GPSampler,PRUNED
462,462,6.0,2026-04-21 18:35:35.250812,2026-04-21 18:35:35.411181,0 days 00:00:00.160369,-36.58300870053809,21.309893410695103,35.18829287664959,100.0,42.46244804700373,29.17728838690011,-60.01025024844741,45.94755090941117,57.67774142426014,28.5060026456489,3.0700180984493244,65.46483702421246,Unfeasible shape,GPSampler,PRUNED
463,463,6.0,2026-04-21 18:35:35.565341,2026-04-21 18:35:35.726617,0 days 00:00:00.161276,-36.790858357528805,20.919434795246517,34.821678735185074,100.0,42.84108414770018,28.91507667304068,-60.324794461639925,45.920774791942236,57.13802948289832,28.41780949685084,3.1283051687812318,65.72769772910775,Unfeasible shape,GPSampler,PRUNED
464,464,6.0,2026-04-21 18:35:35.961139,2026-04-21 18:35:36.103999,0 days 00:00:00.142860,-36.892850247949646,21.462830386228948,34.508853839844306,100.0,42.70242533436317,29.582580557327148,-60.3487147314391,46.00421771984618,57.357960087073906,28.610745076970602,3.2198233576325777,66.19491876864896,Unfeasible shape,GPSampler,PRUNED
465,465,6.0,2026-04-21 18:35:36.281685,2026-04-21 18:35:36.430295,0 days 00:00:00.148610,-36.73380970237221,21.328668417147878,34.95157602628197,100.0,42.69162254630206,29.221107521820443,-60.227264854035184,46.26494414736143,57.33791328546205,28.444286210136703,3.199322229183487,65.92082646811853,Unfeasible shape,GPSampler,PRUNED
466,466,6.0,2026-04-21 18:35:36.593223,2026-04-21 18:35:36.713096,0 days 00:00:00.119873,-36.70266572028478,21.312558607753406,34.958442817497506,100.0,42.85664223323024,28.943796120725892,-60.34282647835228,45.95175688775334,57.005428330351535,28.694299643742273,3.079028388617431,65.49527258649715,Unfeasible shape,GPSampler,PRUNED
467,467,6.0,2026-04-21 18:35:36.863239,2026-04-21 18:35:37.044435,0 days 00:00:00.181196,-36.755586126134496,21.05676553363082,34.80660802469865,100.0,42.77655217779628,29.013870259995997,-60.349008964172185,45.969114729840285,57.10052252486152,28.47451362912433,3.12277304878166,65.73283951328109,Unfeasible shape,GPSampler,PRUNED
468,468,6.0,2026-04-21 18:35:37.224465,2026-04-21 18:35:37.355701,0 days 00:00:00.131236,-36.89202636858788,21.083885380452678,34.50503351020456,100.0,42.868448760020655,28.988741940845756,-60.37419025105012,45.946786986284486,57.28256802381472,28.3745884249235,3.10837366647403,65.70158386164618,Unfeasible shape,GPSampler,PRUNED
469,469,6.0,2026-04-21 18:35:37.524662,2026-04-21 18:35:37.683985,0 days 00:00:00.159323,-36.78855674898816,20.821231967928703,35.155164963319855,100.0,42.650471363132574,28.550739373743745,-60.18528865625671,46.20559687020827,57.16000173163287,28.710987627802865,3.0946330239443043,65.58713597705353,Unfeasible shape,GPSampler,PRUNED
470,470,6.0,2026-04-21 18:35:37.826574,2026-04-21 18:35:37.984491,0 days 00:00:00.157917,-36.868782240216554,21.643800302924078,33.86416284764839,100.0,43.20246036054969,29.1630133598373,-60.46071681116909,46.11380468711185,57.14876150159539,27.866914856590554,3.455434098858511,66.73908755182266,Unfeasible shape,GPSampler,PRUNED
471,471,6.0,2026-04-21 18:35:38.159559,2026-04-21 18:35:38.317839,0 days 00:00:00.158280,-36.74835812742503,21.166830002466476,34.555285085654496,100.0,42.800887639540846,29.82429925269006,-60.323703165506714,46.20379746805061,57.08546372507975,28.816855599362512,3.1900115367451107,66.15106944502335,Unfeasible shape,GPSampler,PRUNED
472,472,6.0,2026-04-21 18:35:38.485358,2026-04-21 18:35:38.643667,0 days 00:00:00.158309,-36.77387432541035,20.957218975015365,34.69526157302299,100.0,42.78843061289861,29.252405936919104,-60.31720030659213,45.94964239287008,57.29647233616603,28.36588585542111,3.14565106309108,65.8713996158075,Unfeasible shape,GPSampler,PRUNED
473,473,6.0,2026-04-21 18:35:38.804858,2026-04-21 18:35:38.981150,0 days 00:00:00.176292,-36.77154971018052,21.163308208023977,34.59807899362436,100.0,42.59190628589372,28.912450511576992,-60.651684743895686,45.886509897417625,57.20086380735342,28.37409478383812,3.135877684161578,65.61195009195573,Unfeasible shape,GPSampler,PRUNED
474,474,6.0,2026-04-21 18:35:39.133520,2026-04-21 18:35:39.282439,0 days 00:00:00.148919,-36.81211329961835,20.72206727146683,35.359608922140225,100.0,42.290142734276856,28.999641870561405,-60.30421449922571,45.770996814316746,57.070078287136134,28.46273167341084,3.028108843017094,65.34172893040785,Unfeasible shape,GPSampler,PRUNED
475,475,6.0,2026-04-21 18:35:39.453957,2026-04-21 18:35:39.572374,0 days 00:00:00.118417,-36.76094650978036,20.706715958854012,34.69089831879685,100.0,42.65803828632923,29.164879449416667,-60.391935994263434,45.63268890388926,57.14339673370319,28.460199366338593,3.1647422443547697,65.95049801522266,Unfeasible shape,GPSampler,PRUNED
476,476,6.0,2026-04-21 18:35:39.739271,2026-04-21 18:35:39.873074,0 days 00:00:00.133803,-36.924941540955,20.977124521709435,35.179370628513595,100.0,42.44913921313798,29.16878759590223,-60.15686069931286,46.00405584769734,57.12948717881188,28.411926061715995,3.0424902941913174,65.57979542707858,Unfeasible shape,GPSampler,PRUNED
477,477,6.0,2026-04-21 18:35:40.034402,2026-04-21 18:35:40.129072,0 days 00:00:00.094670,-36.7888871681522,21.03141858995656,34.727971968980256,100.0,42.76266237701059,28.968468346455474,-60.30853287684615,45.84211550654344,57.11388967815243,28.540887811483394,3.1644187065734286,65.74974689007539,Unfeasible shape,GPSampler,PRUNED
478,478,6.0,2026-04-21 18:35:40.342990,2026-04-21 18:35:40.475548,0 days 00:00:00.132558,-36.84621599401285,21.411516909008817,34.611223040058604,100.0,43.02312858122102,29.021692483928163,-60.28197688992158,45.85868743322785,57.237729003986246,28.61662184921355,3.1264884946166234,65.76486941799719,Unfeasible shape,GPSampler,PRUNED
479,479,6.0,2026-04-21 18:35:40.641902,2026-04-21 18:35:40.836386,0 days 00:00:00.194484,-37.009749646580694,21.419061595529982,34.93572792999823,100.0,42.833169511823115,28.821070692241605,-60.33803240107138,45.817787261860296,57.00142990451221,28.543941447135676,3.1319498060458884,65.96547187171831,Unfeasible shape,GPSampler,PRUNED
480,480,6.0,2026-04-21 18:35:41.071013,2026-04-21 18:35:41.229212,0 days 00:00:00.158199,-36.79101889479844,21.076186590661383,34.89350815800342,100.0,42.705923278527685,29.211679664152648,-60.42705170009337,45.79608922620267,57.02714990193082,28.238564028062687,3.104376577455696,65.6880886735011,Unfeasible shape,GPSampler,PRUNED
481,481,6.0,2026-04-21 18:35:41.406126,2026-04-21 18:35:41.546922,0 days 00:00:00.140796,-36.81685408536649,20.63759141378159,35.177297645537706,100.0,42.631384129815814,28.870895007748913,-60.09817503885178,46.07321165475404,57.26296646815111,28.646494610643508,3.1015444267424144,65.48932516657695,Unfeasible shape,GPSampler,PRUNED
482,482,6.0,2026-04-21 18:35:41.715020,2026-04-21 18:35:41.958079,0 days 00:00:00.243059,-36.84750576953972,20.9985576821351,34.88781234578801,100.0,43.02043747698556,28.923577552450233,-60.24083064729516,45.813483490162206,56.97248769071795,28.874971922346916,3.1601878926588682,65.60678254581777,Unfeasible shape,GPSampler,PRUNED
483,483,6.0,2026-04-21 18:35:42.131379,2026-04-21 18:35:42.306471,0 days 00:00:00.175092,-36.914664546337946,20.703617992695303,34.70762283020241,100.0,42.927204087659064,28.957777905257196,-60.301147900052726,45.71920897590019,57.18117745282849,28.62721667857168,3.137767804932814,65.78682754206844,Unfeasible shape,GPSampler,PRUNED
484,484,6.0,2026-04-21 18:35:42.475987,2026-04-21 18:35:42.587717,0 days 00:00:00.111730,-36.81461616627257,21.000174031022716,34.790721628703324,100.0,42.804327776769256,28.930668083706372,-60.2550790753094,45.99893804544807,57.226138978172564,28.453084078486775,3.0733823547871495,65.7333259861504,Unfeasible shape,GPSampler,PRUNED
485,485,6.0,2026-04-21 18:35:42.729604,2026-04-21 18:35:42.893224,0 days 00:00:00.163620,-36.77906571202589,20.938085795860417,34.875158814613705,100.0,42.70847996828576,28.99649994040424,-60.32619266657109,45.90542756218275,57.16672015859204,28.612550332401877,3.0893492693207207,65.73516163503231,Unfeasible shape,GPSampler,PRUNED
486,486,6.0,2026-04-21 18:35:43.065838,2026-04-21 18:35:43.233828,0 days 00:00:00.167990,-36.751060986666864,20.265004904091896,35.105500295825706,100.0,42.630966936067466,28.680330654210913,-60.352061308442124,45.87926098158853,56.973046589720404,28.608791227986202,3.0720495960096414,65.44175111205075,Unfeasible shape,GPSampler,PRUNED
487,487,6.0,2026-04-21 18:35:43.387323,2026-04-21 18:35:43.527009,0 days 00:00:00.139686,-36.65621152462619,20.451804250737386,35.98120257135041,99.75929800474562,42.850635404301926,28.605780159215378,-60.14145669094543,45.71175216852357,56.85895260707483,29.082241181224962,3.031726223266432,65.12488484030943,Unfeasible shape,GPSampler,PRUNED
488,488,6.0,2026-04-21 18:35:43.671348,2026-04-21 18:35:43.815244,0 days 00:00:00.143896,-36.77988572886419,20.97881894025378,34.96961785296418,100.0,42.7092357311727,29.141353431355064,-60.31068917942608,45.82459395171858,57.092526259856676,28.415128262166146,3.111065063015957,65.69820153009904,Unfeasible shape,GPSampler,PRUNED
489,489,6.0,2026-04-21 18:35:43.970614,2026-04-21 18:35:44.116982,0 days 00:00:00.146368,-36.81310147132524,21.345178826428878,34.41604139222321,100.0,42.928711210061145,29.36708315368169,-60.43188298181619,45.84613437968997,57.25321354007591,28.27195128016406,3.2352168906938346,66.17430284812667,Unfeasible shape,GPSampler,PRUNED
490,490,6.0,2026-04-21 18:35:44.271157,2026-04-21 18:35:44.424743,0 days 00:00:00.153586,-36.77257052522821,21.209487238784114,34.79386117356451,100.0,42.705579919580984,29.005780228765623,-60.42271170787957,45.931126345788094,57.18789890778604,28.426585530255334,3.0990543282364342,65.74877080087217,Unfeasible shape,GPSampler,PRUNED
491,491,6.0,2026-04-21 18:35:44.608268,2026-04-21 18:35:44.796417,0 days 00:00:00.188149,-36.702167171212295,21.476555965333638,33.750143291287976,100.0,43.30515781330244,28.64128668377706,-60.65004298274136,46.36183023940649,57.272023346180575,27.80790162369405,3.144296409785589,65.82382233602358,Unfeasible shape,GPSampler,PRUNED
492,492,6.0,2026-04-21 18:35:44.985662,2026-04-21 18:35:45.141245,0 days 00:00:00.155583,-36.93202698195465,21.198065947852125,34.304088119765595,100.0,43.05149365950737,29.100796182885517,-60.43100356544426,46.23762801192164,57.340743934014206,28.19994712725745,3.352491173110323,66.40272762446077,Unfeasible shape,GPSampler,PRUNED
493,493,6.0,2026-04-21 18:35:45.315351,2026-04-21 18:35:45.452605,0 days 00:00:00.137254,-36.80547444627964,21.216975425422763,34.6578943430455,100.0,42.86258870740746,28.83181229048276,-60.570385017030354,45.961347409734024,57.30972662684411,28.72386900434497,3.0780808853721737,65.6714362111528,Unfeasible shape,GPSampler,PRUNED
494,494,6.0,2026-04-21 18:35:45.637837,2026-04-21 18:35:45.743965,0 days 00:00:00.106128,-36.75803409586267,21.025153692803226,34.93090553401616,100.0,42.812587676662936,29.062084426615876,-60.38619859158368,45.93414297412148,57.12710012752679,28.485309953026473,3.1183255599417947,65.65325761602332,Unfeasible shape,GPSampler,PRUNED
495,495,6.0,2026-04-21 18:35:45.908408,2026-04-21 18:35:46.042167,0 days 00:00:00.133759,-36.76039367912836,20.795717061357486,35.03478141477131,100.0,42.757483474335196,29.082923727924708,-60.20683802446848,45.952243872309666,57.158428416372935,28.48670775170799,3.087947737809664,65.63558216347697,Unfeasible shape,GPSampler,PRUNED
496,496,6.0,2026-04-21 18:35:46.172096,2026-04-21 18:35:46.403656,0 days 00:00:00.231560,-36.94526176808687,20.9996441303664,34.72030838629111,100.0,42.93616096384247,29.462329932182207,-60.4231788650155,46.007710201022306,57.15826765025736,28.53846475013239,3.237168838120155,66.11588567840188,Unfeasible shape,GPSampler,PRUNED
497,497,6.0,2026-04-21 18:35:46.609898,2026-04-21 18:35:46.775653,0 days 00:00:00.165755,-36.66557899898599,21.09238851454286,34.84799228700308,100.0,42.88603231737303,29.028790677208058,-60.360760032530294,45.79874918456785,57.20684344584741,28.52137492157123,3.139738369120529,65.68966889485557,Unfeasible shape,GPSampler,PRUNED
498,498,6.0,2026-04-21 18:35:46.933193,2026-04-21 18:35:47.044125,0 days 00:00:00.110932,-36.79438707430994,20.9958948057675,34.84058185395953,100.0,42.6975630749417,29.10521459266618,-60.29676292557603,45.90986237452752,57.18465175774944,28.477591500240063,3.125992976210213,65.78201874888762,Unfeasible shape,GPSampler,PRUNED
499,499,6.0,2026-04-21 18:35:47.226809,2026-04-21 18:35:47.433292,0 days 00:00:00.206483,-36.73635666854028,21.080323645074728,34.911665127205424,100.0,42.619229711117896,29.021490044969134,-60.335525657932536,45.9356340984396,57.16407301003746,28.316402702696433,3.1353048811506667,65.6483134383567,Unfeasible shape,GPSampler,PRUNED
500,500,6.0,2026-04-21 18:35:47.633263,2026-04-21 18:35:47.763281,0 days 00:00:00.130018,-36.76921125284146,21.230469299982186,34.826128252771596,100.0,42.76837754450279,28.967914094402218,-60.40015339431527,46.101651839397626,57.21595455175946,28.34042420008963,3.120594704778192,65.73461835054016,Unfeasible shape,GPSampler,PRUNED
501,501,6.0,2026-04-21 18:35:47.933345,2026-04-21 18:35:48.071641,0 days 00:00:00.138296,-36.79462125292294,21.0167352225931,34.81859436048728,100.0,42.65600871711502,29.11977446363837,-60.340687163058064,45.91661619017944,57.176616043282216,28.42093389392757,3.1209452157580273,65.73266654930441,Unfeasible shape,GPSampler,PRUNED
502,502,6.0,2026-04-21 18:35:48.243297,2026-04-21 18:35:48.434053,0 days 00:00:00.190756,-36.73289551066747,21.13514110252226,35.044847153631366,100.0,42.592896561357854,28.84618494359009,-60.3038968219916,46.11360133804224,57.15219722482657,28.51174503470502,3.0800194625365904,65.3825970076238,Unfeasible shape,GPSampler,PRUNED
503,503,6.0,2026-04-21 18:35:48.599396,2026-04-21 18:35:48.773373,0 days 00:00:00.173977,-36.751507256689116,21.200349382073654,34.73009377049516,100.0,42.792956279849136,28.89822530752003,-60.414621997181314,45.97564924813518,57.2118081941875,28.534311775681495,3.089278152950385,65.72106301927622,Unfeasible shape,GPSampler,PRUNED
504,504,6.0,2026-04-21 18:35:48.926593,2026-04-21 18:35:49.021709,0 days 00:00:00.095116,-36.485401504489126,20.721722075054643,34.489457332484704,100.0,43.12836446634283,29.383763740463998,-60.77292771716658,45.34852906665825,57.49257032531799,28.16855918297872,3.1827861449859967,65.82078951923076,Unfeasible shape,GPSampler,PRUNED
505,505,6.0,2026-04-21 18:35:49.171966,2026-04-21 18:35:49.310814,0 days 00:00:00.138848,-36.82228983080611,21.223016327370637,34.747945098981106,100.0,42.81473627267571,29.02224461540009,-60.24738463200234,46.19016725054511,57.20154835365671,28.283102305153392,3.1563227176763746,66.00869498202619,Unfeasible shape,GPSampler,PRUNED
506,506,6.0,2026-04-21 18:35:49.578002,2026-04-21 18:35:49.739879,0 days 00:00:00.161877,-36.776004706620974,20.987448278413254,34.703181177999745,100.0,42.759383452654994,28.99106956591119,-60.42026571395798,45.91224888663875,57.13049893778578,28.340942108143366,3.1011730119144616,65.74773714326318,Unfeasible shape,GPSampler,PRUNED
507,507,6.0,2026-04-21 18:35:49.922255,2026-04-21 18:35:50.035958,0 days 00:00:00.113703,-36.82808458074645,21.060740931318968,34.87871777375612,100.0,42.54913712199754,29.10638071353383,-60.229772082867356,46.02868245085806,57.069863821733556,28.130547481273332,3.098662746501681,65.53952924225871,Unfeasible shape,GPSampler,PRUNED
508,508,6.0,2026-04-21 18:35:50.239410,2026-04-21 18:35:50.382364,0 days 00:00:00.142954,-36.804124315361314,20.964539640919103,34.76015614975228,100.0,42.93626375019292,29.275562346814226,-60.38454296025556,45.83281831395146,57.11940605002921,28.422066907233212,3.128284714236912,65.71328723134825,Unfeasible shape,GPSampler,PRUNED
509,509,6.0,2026-04-21 18:35:50.586959,2026-04-21 18:35:50.713976,0 days 00:00:00.127017,-36.84019817985856,21.01255263081704,34.81842893995277,100.0,42.64128103055523,29.246708662589143,-60.375184099400585,45.914036056526164,57.26093106402506,28.423696338392872,3.08685095647035,65.74576637667288,Unfeasible shape,GPSampler,PRUNED
510,510,6.0,2026-04-21 18:35:50.886391,2026-04-21 18:35:51.060456,0 days 00:00:00.174065,-36.72006412705272,21.0137227312784,34.56821028295114,100.0,42.79414753151527,28.91305427204238,-60.582875191276756,45.97113757694528,57.31974508567653,28.551690218166026,3.099849774956887,65.6233698024937,Unfeasible shape,GPSampler,PRUNED
