,number,value,datetime_start,datetime_complete,duration,params_lLegPt.rA1,params_lLegPt.rL0,params_lLegPt.rL1,params_lLegPt.rL2,params_lLegPt.x1,params_lLegPt.y1,params_sLegPt.rA1,params_sLegPt.rL0,params_sLegPt.rL1,params_sLegPt.rL2,params_sLegPt.x1,params_sLegPt.y1,user_attrs_prune,system_attrs_auto:sampler,state
4807,4807,6.0,2026-04-21 19:00:55.198721,2026-04-21 19:00:55.354789,0 days 00:00:00.156068,-36.81905853960506,20.937966857855848,34.50361982003582,100.0,42.692113094494665,28.982290266377362,-60.43500086741283,46.08118777066547,57.17933190971463,28.45583408653796,3.056820141234489,65.71096319391414,Unfeasible shape,GPSampler,PRUNED
4808,4808,6.0,2026-04-21 19:00:55.549392,2026-04-21 19:00:55.748231,0 days 00:00:00.198839,-36.76897191306111,20.65608449456178,35.1366359972328,100.0,42.82038355698411,29.138556624838074,-60.29943160343055,45.836374549654806,56.98181137844242,28.61877556291135,3.0860214890311397,65.68926824112164,Unfeasible shape,GPSampler,PRUNED
4809,4809,6.0,2026-04-21 19:00:56.103909,2026-04-21 19:00:56.236172,0 days 00:00:00.132263,-36.754465264732545,21.275324408851226,35.175990743007944,100.0,42.89663057731233,28.813946106772846,-60.05213827287976,46.02752273964072,56.983948940568894,28.626270443436372,3.0047137485935878,65.65925199163914,Unfeasible shape,GPSampler,PRUNED
4810,4810,6.0,2026-04-21 19:00:56.418938,2026-04-21 19:00:56.573502,0 days 00:00:00.154564,-36.88231232674043,21.04880609985787,34.81360214566881,100.0,42.66151370914228,29.16049333911255,-60.2989812984842,45.72587803260349,57.077213025527044,28.584213832691255,3.154448438537429,65.8454688041694,Unfeasible shape,GPSampler,PRUNED
4811,4811,6.0,2026-04-21 19:00:56.804852,2026-04-21 19:00:56.979068,0 days 00:00:00.174216,-36.79595333376986,21.090416479497293,34.856507271938526,100.0,42.65130978785412,29.123581058658218,-60.40106433219225,45.84361621519903,57.143101131061144,28.25984171821462,3.1161883444613494,65.60020879741755,Unfeasible shape,GPSampler,PRUNED
4812,4812,6.0,2026-04-21 19:00:57.222258,2026-04-21 19:00:57.379795,0 days 00:00:00.157537,-37.17053980586271,19.435506974752045,34.383312161014125,100.0,42.556250332849494,29.109455386109254,-60.55309578831507,45.226062790832835,56.87468712458777,29.252593691790068,3.067036809195571,65.86851529286099,Unfeasible shape,GPSampler,PRUNED
4813,4813,6.0,2026-04-21 19:00:57.608390,2026-04-21 19:00:57.750008,0 days 00:00:00.141618,-36.781073984870986,20.991678008234704,34.7775566342747,100.0,42.64967353474359,29.170966720682934,-60.29574220092232,46.043961262345064,57.283186273748996,28.278571846667234,3.109083876807837,65.80166899176851,Unfeasible shape,GPSampler,PRUNED
4814,4814,6.0,2026-04-21 19:00:57.947537,2026-04-21 19:00:58.073843,0 days 00:00:00.126306,-36.73811465489038,21.15710166934862,34.77237554054486,100.0,42.7085708887843,29.006175313773667,-60.51974033912097,45.902766490181214,57.06814276082709,28.47303293320705,3.123884485077518,65.65021392416114,Unfeasible shape,GPSampler,PRUNED
4815,4815,6.0,2026-04-21 19:00:58.262283,2026-04-21 19:00:58.387806,0 days 00:00:00.125523,-36.66375382444796,21.267424880958348,34.728998881134686,100.0,42.70492595176049,28.805061369407618,-60.24316248476502,46.015066829289076,57.14202922578398,28.70345738179459,3.092645154196326,65.61483452058033,Unfeasible shape,GPSampler,PRUNED
4816,4816,6.0,2026-04-21 19:00:58.569652,2026-04-21 19:00:58.728896,0 days 00:00:00.159244,-36.498977136005166,20.51222543928892,34.58588594633578,99.89058311256483,42.79908198064081,28.615257609354146,-59.838346617206746,45.257735164139916,56.77108941338615,29.71722769861,3.0138986479392003,65.43910303051432,Unfeasible shape,GPSampler,PRUNED
4817,4817,6.0,2026-04-21 19:00:58.922644,2026-04-21 19:00:59.138402,0 days 00:00:00.215758,-36.54407779522293,21.08629281551525,34.82095895592553,100.0,42.813685829530755,29.413523610918,-60.53836354793289,46.00163521271866,57.342367763209374,28.374810990542958,3.2526922582265314,66.21234795391925,Unfeasible shape,GPSampler,PRUNED
4818,4818,6.0,2026-04-21 19:00:59.322460,2026-04-21 19:00:59.497399,0 days 00:00:00.174939,-36.73235046188369,20.94875617356309,35.14069195111464,100.0,42.733164120885,28.930269558452302,-60.29096583975646,45.949260511060054,57.086005279072715,28.54452500984913,3.073232515284076,65.57649380743295,Unfeasible shape,GPSampler,PRUNED
4819,4819,6.0,2026-04-21 19:00:59.716054,2026-04-21 19:00:59.905413,0 days 00:00:00.189359,-36.82203573387761,21.557816774599488,34.78573246736043,100.0,42.62724358880674,29.41498589971294,-60.38194314424328,46.33747771927551,57.505897803258414,28.418713139317,3.2255457132396117,65.89821322281898,Unfeasible shape,GPSampler,PRUNED
4820,4820,6.0,2026-04-21 19:01:00.120229,2026-04-21 19:01:00.294492,0 days 00:00:00.174263,-36.6750638256189,21.083930200882225,35.14424618146586,100.0,42.84331104411238,29.115186939039823,-60.255577731574164,45.73036592206296,57.27210228944775,28.251177502226543,3.1022127655748832,65.61380536383285,Unfeasible shape,GPSampler,PRUNED
4821,4821,6.0,2026-04-21 19:01:00.493310,2026-04-21 19:01:00.624093,0 days 00:00:00.130783,-36.760808464128,21.561577945468287,34.629555741721404,100.0,42.800976679170155,29.147602747174446,-60.58363635219878,46.02937057601589,57.29959615437213,28.536890603178694,3.1729910833915724,65.89183731406824,Unfeasible shape,GPSampler,PRUNED
4822,4822,6.0,2026-04-21 19:01:00.807981,2026-04-21 19:01:00.966465,0 days 00:00:00.158484,-36.82629766219827,20.9554138341204,34.836178379456236,100.0,42.988923709805604,28.69531327563061,-60.18368767131068,45.719488721581264,57.099918136814395,28.54211330736388,3.099767189505336,65.63790024749876,Unfeasible shape,GPSampler,PRUNED
4823,4823,6.0,2026-04-21 19:01:01.138147,2026-04-21 19:01:01.280517,0 days 00:00:00.142370,-36.73209805196432,20.75985103653162,34.99995967066579,100.0,42.95344467729118,28.986258995719368,-60.19930597089534,46.08440936217278,57.12422366741907,28.354761052361464,3.06598249550548,65.6433089450722,Unfeasible shape,GPSampler,PRUNED
4824,4824,6.0,2026-04-21 19:01:01.435291,2026-04-21 19:01:01.589518,0 days 00:00:00.154227,-36.80567724770705,20.93344193595582,35.024456304672086,100.0,42.70889546155568,29.060294790547992,-60.36234972445034,46.01907657297154,57.18775244066423,28.251831801127615,3.1014991980732916,65.69648664258207,Unfeasible shape,GPSampler,PRUNED
4825,4825,6.0,2026-04-21 19:01:01.778291,2026-04-21 19:01:01.937309,0 days 00:00:00.159018,-36.875822805203875,21.01423598018144,34.62101194439222,100.0,42.644859803978235,28.946211551943023,-60.30987845633723,45.91953687814462,57.18150810214418,28.479686393764606,3.114329617190549,65.78453995782723,Unfeasible shape,GPSampler,PRUNED
4826,4826,6.0,2026-04-21 19:01:02.143703,2026-04-21 19:01:02.285507,0 days 00:00:00.141804,-36.7477141451386,21.0910283027643,34.89305190618101,100.0,42.69127675318865,29.112491296416906,-60.44751853085447,45.91030171497666,57.13365902178459,28.437996469489825,3.08646700503553,65.63261774015346,Unfeasible shape,GPSampler,PRUNED
4827,4827,6.0,2026-04-21 19:01:02.475078,2026-04-21 19:01:02.633742,0 days 00:00:00.158664,-36.811380517468166,21.43164620109234,34.2563565510018,100.0,42.90296761161611,29.02488112052378,-60.63021153485557,45.77511004852133,56.93872973408927,28.156361315443593,3.215879792426186,66.07225255685097,Unfeasible shape,GPSampler,PRUNED
4828,4828,6.0,2026-04-21 19:01:02.854920,2026-04-21 19:01:03.043912,0 days 00:00:00.188992,-36.742383745037294,21.65260582695602,34.681166468338816,100.0,42.454487881897315,28.78038080137268,-60.58814595882606,46.32519515440179,57.06958476314375,28.56038762750611,3.01749388644847,65.45812723673762,Unfeasible shape,GPSampler,PRUNED
4829,4829,6.0,2026-04-21 19:01:03.265312,2026-04-21 19:01:03.407808,0 days 00:00:00.142496,-36.82604723569758,21.164282865233005,34.69779893240735,100.0,42.79445169119222,29.08123634158253,-60.472368414267976,45.827548995151574,57.24239416083473,28.442550770987623,3.2123427856244646,65.97517773085696,Unfeasible shape,GPSampler,PRUNED
4830,4830,6.0,2026-04-21 19:01:03.589701,2026-04-21 19:01:03.748230,0 days 00:00:00.158529,-36.71137817353596,20.930256470706624,35.167961908686394,100.0,42.82031579115421,28.967977815748313,-60.09000707155462,46.02198556302474,57.115827166746406,28.69809770674954,3.073606248674338,65.52277189255176,Unfeasible shape,GPSampler,PRUNED
4831,4831,6.0,2026-04-21 19:01:03.927442,2026-04-21 19:01:04.141455,0 days 00:00:00.214013,-36.706318357666206,20.816162567071068,34.87128851756409,100.0,42.760058724567564,28.93577934726219,-60.41253584751774,46.00028240571013,57.112470172618735,28.34201834488251,3.1067240841704944,65.65865169395735,Unfeasible shape,GPSampler,PRUNED
4832,4832,6.0,2026-04-21 19:01:04.352881,2026-04-21 19:01:04.495921,0 days 00:00:00.143040,-36.758019315515824,20.981602473097443,34.882892000005874,100.0,42.724663404957724,29.005291153771445,-60.34609051843327,45.926179092555984,57.13882230257722,28.508860693834045,3.1091515451806018,65.58927636467666,Unfeasible shape,GPSampler,PRUNED
4833,4833,6.0,2026-04-21 19:01:04.726421,2026-04-21 19:01:04.868212,0 days 00:00:00.141791,-36.856536018106425,20.81964645678668,35.025081860880874,100.0,43.177723647553,28.675802670432375,-60.054954364341874,45.75203909283434,56.76944913838684,28.362188311606083,3.0384069771596884,65.15156676701008,Unfeasible shape,GPSampler,PRUNED
4834,4834,6.0,2026-04-21 19:01:05.082543,2026-04-21 19:01:05.241117,0 days 00:00:00.158574,-36.81108831478497,20.789649057284183,35.46542541621986,100.0,42.56934446048,28.924684160717298,-60.12978382642212,45.91194521787824,56.89671547092361,28.69204389851953,3.0600531647120093,65.36816856571323,Unfeasible shape,GPSampler,PRUNED
4835,4835,6.0,2026-04-21 19:01:05.438673,2026-04-21 19:01:05.581321,0 days 00:00:00.142648,-36.78873516436415,20.911289064089054,34.93315439444311,100.0,42.606933463099864,28.971081529482397,-60.370937827158585,45.96673750199026,57.18167856402985,28.68209624935969,3.1240914812499057,65.73217428216097,Unfeasible shape,GPSampler,PRUNED
4836,4836,6.0,2026-04-21 19:01:05.855914,2026-04-21 19:01:06.013786,0 days 00:00:00.157872,-36.76262336581222,21.489559904251415,34.57920144865825,100.0,43.0085612999042,29.3132556492749,-60.548693254021124,45.78842559507725,57.410307601897486,28.42783329987236,3.181430562217507,65.7495569682202,Unfeasible shape,GPSampler,PRUNED
4837,4837,6.0,2026-04-21 19:01:06.330382,2026-04-21 19:01:06.483455,0 days 00:00:00.153073,-36.76096832104903,21.030736547333746,34.673796346301934,100.0,42.80343895911698,29.22756066472074,-60.410501998634814,46.01433645672215,57.23002898702819,28.38057724412495,3.1528045477476425,65.81721428443662,Unfeasible shape,GPSampler,PRUNED
4838,4838,6.0,2026-04-21 19:01:06.681942,2026-04-21 19:01:06.831376,0 days 00:00:00.149434,-36.7300376251862,21.180642586780657,34.63643391775763,100.0,43.283707469457866,28.514388151172383,-60.43479119845665,45.679058995134376,57.17683748861167,28.487876483594867,3.212734732500863,65.83570085027725,Unfeasible shape,GPSampler,PRUNED
4839,4839,6.0,2026-04-21 19:01:07.032135,2026-04-21 19:01:07.216256,0 days 00:00:00.184121,-36.72890289581036,20.875464966834137,34.85548878310367,100.0,42.70495941072784,29.16704592497291,-60.336619765678506,45.99491015672292,57.11680453456275,28.155687129189122,3.1049285039549233,65.73713269545254,Unfeasible shape,GPSampler,PRUNED
4840,4840,6.0,2026-04-21 19:01:07.413937,2026-04-21 19:01:07.619294,0 days 00:00:00.205357,-36.78410724822968,20.76512186035511,34.6270118574585,100.0,42.74867114011545,29.014396523902747,-60.34062160622038,45.7666150095561,57.11484308086328,28.513833727958858,3.1597011613091297,65.73415085679831,Unfeasible shape,GPSampler,PRUNED
4841,4841,6.0,2026-04-21 19:01:07.821149,2026-04-21 19:01:07.979588,0 days 00:00:00.158439,-36.76292207148439,21.083310866073887,34.736601581599494,100.0,42.58368902184384,29.05457159079714,-60.540945676468354,45.92809214165344,57.116765889184244,28.405143948569123,3.125990965822055,65.70444702077673,Unfeasible shape,GPSampler,PRUNED
4842,4842,6.0,2026-04-21 19:01:08.210736,2026-04-21 19:01:08.367963,0 days 00:00:00.157227,-36.78027378751283,20.82626037280938,35.08496592138436,100.0,42.703292748219326,28.971937262298674,-60.281031407315695,45.501149930195915,57.140687332705475,28.55032773546055,3.1336158208111797,65.67507861644671,Unfeasible shape,GPSampler,PRUNED
4843,4843,6.0,2026-04-21 19:01:08.583407,2026-04-21 19:01:08.819774,0 days 00:00:00.236367,-36.77306889026154,20.914033436851465,34.9174693404056,100.0,42.66979120431064,28.974297638148407,-60.3728604802335,45.89350795463378,57.09370817871898,28.473911280119335,3.1032505321886177,65.65803459784352,Unfeasible shape,GPSampler,PRUNED
4844,4844,6.0,2026-04-21 19:01:09.034657,2026-04-21 19:01:09.236454,0 days 00:00:00.201797,-36.818433278190724,20.913311854337636,34.79465942122947,100.0,42.6533969353583,28.48225231874256,-60.17219407806941,46.095568268953826,57.39312740573563,28.616687562269263,3.0758317240948756,65.54830924336446,Unfeasible shape,GPSampler,PRUNED
4845,4845,6.0,2026-04-21 19:01:09.455841,2026-04-21 19:01:09.619105,0 days 00:00:00.163264,-36.8115210649659,20.79613677123332,34.67718232333233,100.0,42.858024303280914,29.21912540306767,-60.35719922590544,45.69402680847788,57.29781747452516,28.355709002491658,3.1492397360231266,65.89029166043021,Unfeasible shape,GPSampler,PRUNED
4846,4846,6.0,2026-04-21 19:01:10.025191,2026-04-21 19:01:10.175715,0 days 00:00:00.150524,-36.7666033950157,20.81290428170732,35.000795684228336,100.0,42.70464777121439,28.90337470533617,-60.233418628691915,45.79473024172686,57.03028087975962,28.56806520771002,3.092328976993933,65.72836125634629,Unfeasible shape,GPSampler,PRUNED
4847,4847,6.0,2026-04-21 19:01:10.455660,2026-04-21 19:01:10.643281,0 days 00:00:00.187621,-36.74796406710493,21.447547885117324,34.46938026597047,100.0,42.69137703336234,28.712639957263868,-60.362998853000065,46.123748513490405,57.16092050702682,28.710772049932142,3.072000603523179,65.66417088559258,Unfeasible shape,GPSampler,PRUNED
4848,4848,6.0,2026-04-21 19:01:10.839723,2026-04-21 19:01:11.156236,0 days 00:00:00.316513,-36.75488668219997,20.8415746353216,35.88511008213935,100.0,42.03784765917434,29.014725776218064,-60.443672274121354,46.147897741164705,57.0239797925142,28.597287251832743,3.0583682966420795,65.6641845906865,Unfeasible shape,GPSampler,PRUNED
4849,4849,6.0,2026-04-21 19:01:11.358720,2026-04-21 19:01:11.526258,0 days 00:00:00.167538,-36.77025985689289,21.07753792602532,34.75799492324957,100.0,42.719018364541256,28.91022030717474,-60.40083166709688,45.92886736336015,57.17215539749321,28.322817436940973,3.08049479512286,65.72535952255032,Unfeasible shape,GPSampler,PRUNED
4850,4850,6.0,2026-04-21 19:01:11.715901,2026-04-21 19:01:11.873927,0 days 00:00:00.158026,-36.827004623616304,21.137831880310024,34.96769828248354,100.0,42.76941289697558,29.151395139546167,-60.176633000401324,46.054706456085,57.09228668858611,28.72039404212373,3.040494105699267,65.58689274251854,Unfeasible shape,GPSampler,PRUNED
4851,4851,6.0,2026-04-21 19:01:12.083011,2026-04-21 19:01:12.248968,0 days 00:00:00.165957,-36.81453852909868,20.862899358662325,34.873110515035705,100.0,42.67050066034433,29.084493117030867,-60.1357935120849,45.83585263825862,57.24744444834962,28.378728747941636,3.1405298812388125,65.91500150368205,Unfeasible shape,GPSampler,PRUNED
4852,4852,6.0,2026-04-21 19:01:12.464813,2026-04-21 19:01:12.613116,0 days 00:00:00.148303,-36.797579265930494,21.092564168176185,34.77404747399045,100.0,42.718300172001285,28.764775072511412,-60.3908547900061,45.94575138020713,57.11746414592132,28.364085172912464,3.1041389992850696,65.66401929253993,Unfeasible shape,GPSampler,PRUNED
4853,4853,6.0,2026-04-21 19:01:12.787825,2026-04-21 19:01:12.939241,0 days 00:00:00.151416,-36.74906006204515,20.974933082553854,34.90331698419388,100.0,42.75910845138342,29.001578997911913,-60.28608148356069,46.07044153975373,57.174955161210896,28.45291188540498,3.0711591336786412,65.55087021900506,Unfeasible shape,GPSampler,PRUNED
4854,4854,6.0,2026-04-21 19:01:13.140168,2026-04-21 19:01:13.346818,0 days 00:00:00.206650,-36.78596118944464,20.82701957767382,35.40752568013229,100.0,42.56700498899898,28.767298846008515,-60.25598607811634,45.90029200753041,57.20030890538225,28.715908122350815,3.0610941762621664,65.4093906754746,Unfeasible shape,GPSampler,PRUNED
4855,4855,6.0,2026-04-21 19:01:13.569967,2026-04-21 19:01:13.784149,0 days 00:00:00.214182,-36.86691601108229,20.985620290762622,34.85382780414423,100.0,42.68341043811291,29.07979825731833,-60.269806628499865,45.9142963827105,57.19032166780908,28.466706951154624,3.1422063968633367,65.73396263795753,Unfeasible shape,GPSampler,PRUNED
4856,4856,6.0,2026-04-21 19:01:13.983861,2026-04-21 19:01:14.179595,0 days 00:00:00.195734,-36.71115902404293,20.4020060711981,35.111518882057666,100.0,42.774549431978095,28.602882919445513,-60.41629729072653,46.4072940936154,57.0373574928912,29.06293782887563,3.0997230836498204,65.63634345731727,Unfeasible shape,GPSampler,PRUNED
4857,4857,6.0,2026-04-21 19:01:14.357484,2026-04-21 19:01:14.540412,0 days 00:00:00.182928,-36.84341214622056,21.09564034411394,34.57993212032939,100.0,41.93941723310618,28.76190375951549,-60.519305438322235,46.16755124734636,57.07774509889407,28.728141452405875,3.1341744478417155,65.97383986101251,Unfeasible shape,GPSampler,PRUNED
4858,4858,6.0,2026-04-21 19:01:14.766134,2026-04-21 19:01:14.969292,0 days 00:00:00.203158,-36.77739871461609,21.620857752737,33.5716112329321,100.0,43.1088317694503,29.58230936741905,-60.73491931041029,46.16325475068891,57.44140939332202,27.56196632371894,3.2794098605429554,66.1542200073251,Unfeasible shape,GPSampler,PRUNED
4859,4859,6.0,2026-04-21 19:01:15.171701,2026-04-21 19:01:15.389666,0 days 00:00:00.217965,-36.60103971077697,20.807248686696152,34.91955762039977,100.0,42.878562787055074,28.805637740858153,-60.310337728229115,46.337047492800004,57.24618105784403,28.484351688124992,3.1033616036832754,65.69753329805394,Unfeasible shape,GPSampler,PRUNED
4860,4860,6.0,2026-04-21 19:01:15.589049,2026-04-21 19:01:15.743245,0 days 00:00:00.154196,-36.72822023008151,20.65094864934815,34.81930190803223,100.0,42.843941293686,29.183458306578792,-60.651631130018174,45.52369308225601,56.91763561638036,28.727783685688102,3.088809234193455,65.77876120180655,Unfeasible shape,GPSampler,PRUNED
4861,4861,6.0,2026-04-21 19:01:15.944894,2026-04-21 19:01:16.088299,0 days 00:00:00.143405,-37.03394788693299,19.78818225005969,34.751342322460985,100.0,43.56309964302422,29.05925041734634,-60.6314013913886,45.57307626505054,57.0089897630702,28.83041218103089,3.1376871275428115,65.87175883936553,Unfeasible shape,GPSampler,PRUNED
4862,4862,6.0,2026-04-21 19:01:16.263945,2026-04-21 19:01:16.432415,0 days 00:00:00.168470,-36.69126521244254,20.788178733739358,35.05648869364502,100.0,42.459344739954844,29.233944517444606,-60.146632305831275,46.018875032538055,57.54015965410824,28.80836450344861,3.114257633705442,65.73032334659042,Unfeasible shape,GPSampler,PRUNED
4863,4863,6.0,2026-04-21 19:01:16.638827,2026-04-21 19:01:16.868154,0 days 00:00:00.229327,-36.88413024414764,20.861548290674953,34.73591090074123,100.0,42.607987773913486,29.26810596259829,-60.342084400862234,45.436219967004334,56.86641049381117,28.155287113184563,3.1069680693882447,65.88770494902596,Unfeasible shape,GPSampler,PRUNED
4864,4864,6.0,2026-04-21 19:01:17.087870,2026-04-21 19:01:17.230085,0 days 00:00:00.142215,-36.802476510869724,20.928804138618887,34.94454739376178,100.0,42.983050625000175,28.797507144560534,-60.177550153029,46.12969657688884,57.22585342254075,28.581601689306574,3.0797990483306847,65.67680447840857,Unfeasible shape,GPSampler,PRUNED
4865,4865,6.0,2026-04-21 19:01:17.409036,2026-04-21 19:01:17.523352,0 days 00:00:00.114316,-36.75182735282342,20.788852295647196,34.79046259498916,100.0,43.20951901264114,28.89269941861373,-60.32101883279099,45.78362975192015,57.17880609460604,28.23062931410919,3.100819771338287,65.80050582495421,Unfeasible shape,GPSampler,PRUNED
4866,4866,6.0,2026-04-21 19:01:17.741367,2026-04-21 19:01:17.883962,0 days 00:00:00.142595,-36.82439935091011,20.968627195220026,34.91694096182505,100.0,43.00507932992318,28.96659992144984,-60.450943880237155,45.986104461440036,57.124004190924346,28.509290874956008,3.071243396540943,65.68881698679567,Unfeasible shape,GPSampler,PRUNED
4867,4867,6.0,2026-04-21 19:01:18.141166,2026-04-21 19:01:18.322923,0 days 00:00:00.181757,-36.73981815681651,20.90354772981149,35.01182305162703,100.0,42.81605303525197,29.19936004236922,-60.05164536656711,46.04345978684838,57.01474541694149,28.431852595078272,3.0348182128204186,65.7191228556534,Unfeasible shape,GPSampler,PRUNED
4868,4868,6.0,2026-04-21 19:01:18.514875,2026-04-21 19:01:18.698451,0 days 00:00:00.183576,-36.811876917711125,20.97565420478427,34.629503444327945,100.0,42.784666230378335,28.8860428361807,-60.20150650515521,45.90434838370408,56.89786300796291,28.399899673084114,3.151293459157756,65.68692127942742,Unfeasible shape,GPSampler,PRUNED
4869,4869,6.0,2026-04-21 19:01:18.904823,2026-04-21 19:01:19.083012,0 days 00:00:00.178189,-36.763958405248964,21.335146001844528,35.019345368124476,100.0,43.070945481742974,28.799579789825735,-59.96490472754655,45.87190085837524,57.189915383254906,28.895299708728032,3.1251432839142623,65.84085004739674,Unfeasible shape,GPSampler,PRUNED
4870,4870,6.0,2026-04-21 19:01:19.278203,2026-04-21 19:01:19.436775,0 days 00:00:00.158572,-36.70049173864085,20.797131357976305,35.04135080105623,100.0,42.726478757990044,29.33587164932402,-60.1997598889994,45.75453439237137,57.115998503155616,28.72690786241733,3.114461232320892,65.5245639247174,Unfeasible shape,GPSampler,PRUNED
