,number,value,datetime_start,datetime_complete,duration,params_lLegPt.rA1,params_lLegPt.rL0,params_lLegPt.rL1,params_lLegPt.rL2,params_lLegPt.x1,params_lLegPt.y1,params_sLegPt.rA1,params_sLegPt.rL0,params_sLegPt.rL1,params_sLegPt.rL2,params_sLegPt.x1,params_sLegPt.y1,user_attrs_prune,system_attrs_auto:sampler,state
511,511,6.0,2026-04-21 18:35:51.220397,2026-04-21 18:35:51.363269,0 days 00:00:00.142872,-36.796215572498994,21.170603092016023,34.920586768006316,100.0,42.834292923929624,29.209661884748336,-60.487068954509695,45.07359225572088,56.92151580325927,29.054200327787296,3.1500222692869215,65.62830774994463,Unfeasible shape,GPSampler,PRUNED
512,512,6.0,2026-04-21 18:35:51.515959,2026-04-21 18:35:51.708328,0 days 00:00:00.192369,-36.95022649611833,20.706433532091324,34.76397522466284,100.0,42.59299700340837,29.41005887955511,-60.25474320870461,45.72267666894079,56.96263481401398,28.212493590173374,3.117665141360753,65.8148735390985,Unfeasible shape,GPSampler,PRUNED
513,513,6.0,2026-04-21 18:35:51.890037,2026-04-21 18:35:52.056988,0 days 00:00:00.166951,-36.75881799981312,20.73643304871257,35.26930261780187,100.0,42.64214192123504,28.78119052335139,-60.41291495029871,45.483389221224876,56.79908812070816,28.899317385101877,3.1168975374624566,65.98185702950269,Unfeasible shape,GPSampler,PRUNED
514,514,6.0,2026-04-21 18:35:52.224341,2026-04-21 18:35:52.355182,0 days 00:00:00.130841,-36.63336321739729,20.908394875724824,35.027299420135904,100.0,42.73378411352442,28.807212347355176,-60.44799423202495,45.96781081576993,57.15376778045145,28.605454945354513,3.0658734020749066,65.5269510961723,Unfeasible shape,GPSampler,PRUNED
515,515,6.0,2026-04-21 18:35:52.511151,2026-04-21 18:35:52.659505,0 days 00:00:00.148354,-36.776103819578786,21.023369738457184,34.749881059767915,100.0,42.7073490535096,29.091626249688815,-60.330934284617776,45.93013603502369,57.16989056835229,28.338259539672453,3.1526610510621467,65.81285361695247,Unfeasible shape,GPSampler,PRUNED
516,516,6.0,2026-04-21 18:35:52.828756,2026-04-21 18:35:52.986607,0 days 00:00:00.157851,-36.79315445586495,20.83909856982026,35.20147647787056,100.0,42.78293705817976,28.408153921650978,-59.942838839798256,45.837538364083926,56.80077080287225,28.8135422921891,3.051744124483818,65.32452542180916,Unfeasible shape,GPSampler,PRUNED
517,517,6.0,2026-04-21 18:35:53.144054,2026-04-21 18:35:53.340709,0 days 00:00:00.196655,-36.75464516813309,20.962246655496884,34.54035483153267,100.0,42.86973459745348,29.174611080198922,-60.26752630881932,45.89396816736692,57.10246564815468,28.45772445299459,3.1586718623405474,65.65142372712435,Unfeasible shape,GPSampler,PRUNED
518,518,6.0,2026-04-21 18:35:53.544358,2026-04-21 18:35:53.704731,0 days 00:00:00.160373,-36.76120833508053,21.01524245929006,34.89479626243505,100.0,42.621798767241444,29.00844119249784,-60.379645554863274,45.93609141870527,57.193613711216045,28.51750831432526,3.108146531998571,65.71001905240448,Unfeasible shape,GPSampler,PRUNED
519,519,6.0,2026-04-21 18:35:53.860120,2026-04-21 18:35:54.002795,0 days 00:00:00.142675,-36.812361360492794,21.072998096859912,34.78010098665986,100.0,42.73777557213544,29.322568556378833,-60.09414471859337,45.99109364737834,57.13662852758771,28.268358080061358,3.0672283565377683,65.90244534243975,Unfeasible shape,GPSampler,PRUNED
520,520,6.0,2026-04-21 18:35:54.155649,2026-04-21 18:35:54.325526,0 days 00:00:00.169877,-36.74153303831352,20.82983156225538,35.16869120485039,100.0,42.58357627569279,29.024451559734374,-60.30889672220067,45.86473802094738,57.24015958423731,28.535912924940096,3.0883507606015286,65.44798620387301,Unfeasible shape,GPSampler,PRUNED
521,521,6.0,2026-04-21 18:35:54.568823,2026-04-21 18:35:54.733285,0 days 00:00:00.164462,-36.772449794173816,20.94423450366619,34.88549560705317,100.0,42.94355737352054,28.940865024809078,-60.33471187609358,45.94122059436651,56.99567364152875,28.41632065266783,3.1045582565571834,65.79400545652297,Unfeasible shape,GPSampler,PRUNED
522,522,6.0,2026-04-21 18:35:54.924037,2026-04-21 18:35:55.067272,0 days 00:00:00.143235,-36.763274451464945,21.269942664687264,34.45454291009543,100.0,42.70442579001556,29.240637999792966,-60.55276659953431,46.03151404694295,57.18033731176399,28.137689525173606,3.2811893733246222,65.9551534719105,Unfeasible shape,GPSampler,PRUNED
523,523,6.0,2026-04-21 18:35:55.267091,2026-04-21 18:35:55.430669,0 days 00:00:00.163578,-36.700824898266966,20.94577340264607,34.88129527351606,100.0,42.7363237645977,28.988999683870027,-60.28684164483167,45.95227504850287,57.00989454469666,28.510898227613115,3.0985653068109116,65.51883004688891,Unfeasible shape,GPSampler,PRUNED
524,524,6.0,2026-04-21 18:35:55.606114,2026-04-21 18:35:55.780919,0 days 00:00:00.174805,-36.729061850971654,21.07790413774654,34.89820267652685,100.0,42.670776787543396,29.026758921776064,-60.50485091189177,45.926643661991,57.15058044504536,28.454755999022655,3.097355067190996,65.58968621750034,Unfeasible shape,GPSampler,PRUNED
525,525,6.0,2026-04-21 18:35:55.948774,2026-04-21 18:35:56.075304,0 days 00:00:00.126530,-36.565403904713236,20.92053116664596,34.47688730538834,100.0,42.56241431330287,29.442251787650143,-60.43542498497723,46.01066046109634,56.89372629209753,27.898386431611296,3.2710347568158653,66.42846875805236,Unfeasible shape,GPSampler,PRUNED
526,526,6.0,2026-04-21 18:35:56.227152,2026-04-21 18:35:56.385788,0 days 00:00:00.158636,-36.80694972419553,20.882386900562068,34.70997642572988,100.0,42.85807713967853,29.056594576173943,-60.27316713502072,46.03198423479433,57.1696258418822,28.17801149839807,3.1467999164146505,65.76718338969009,Unfeasible shape,GPSampler,PRUNED
527,527,6.0,2026-04-21 18:35:56.523747,2026-04-21 18:35:56.822237,0 days 00:00:00.298490,-36.87145083219093,20.64972284327957,35.10464952116635,100.0,43.113823406339044,28.79477175868587,-60.20304989589984,45.81570716547152,56.97444138119498,28.71491123201341,3.092220947214443,65.39777208086464,Unfeasible shape,GPSampler,PRUNED
528,528,6.0,2026-04-21 18:35:57.044892,2026-04-21 18:35:57.144965,0 days 00:00:00.100073,-36.79770385775277,21.217368650945936,34.930501137627346,100.0,42.72764646864877,29.061929298892288,-60.45511909711456,45.881760637969776,57.11450669138899,28.48501482043085,3.082480489413136,65.56729227954014,Unfeasible shape,GPSampler,PRUNED
529,529,6.0,2026-04-21 18:35:57.310444,2026-04-21 18:35:57.436504,0 days 00:00:00.126060,-36.94903249554368,20.567152926452287,35.00801738771764,100.0,42.59987866198541,29.11005467000306,-60.56491961795642,46.036824001203286,56.93081338775914,28.448685606662316,3.01998819031796,65.74550386367422,Unfeasible shape,GPSampler,PRUNED
530,530,6.0,2026-04-21 18:35:57.586683,2026-04-21 18:35:57.713883,0 days 00:00:00.127200,-36.82262155585058,21.080808880720557,35.15392280996922,100.0,42.39329539666157,28.738055196194672,-60.529466184272735,45.56603487044404,57.31742392018043,27.667126782622255,3.0854555963993775,65.97146037957215,Unfeasible shape,GPSampler,PRUNED
531,531,6.0,2026-04-21 18:35:57.871219,2026-04-21 18:35:58.021678,0 days 00:00:00.150459,-36.77820244136663,20.864381367080743,34.717748346169145,100.0,42.55824503156999,29.257971210425893,-60.3738952006827,46.12120860143704,57.197679307573,27.990317541899177,3.137124680927137,65.70524678353591,Unfeasible shape,GPSampler,PRUNED
532,532,6.0,2026-04-21 18:35:58.301051,2026-04-21 18:35:58.462053,0 days 00:00:00.161002,-36.8208458343611,21.012462713089846,34.76833534749886,100.0,42.97600002692103,29.353898537166785,-60.47574104979172,45.89584895257882,57.11624410684136,28.4613615485152,3.1660874915295594,65.92289361251515,Unfeasible shape,GPSampler,PRUNED
533,533,6.0,2026-04-21 18:35:58.612118,2026-04-21 18:35:58.710824,0 days 00:00:00.098706,-36.67716928317871,20.925036897192186,35.259127816339586,100.0,42.95608042487593,28.670730130235327,-60.31798124096129,46.05732533115971,57.07626736275144,28.527088695414708,3.048783547594219,65.53975260032233,Unfeasible shape,GPSampler,PRUNED
534,534,6.0,2026-04-21 18:35:58.874961,2026-04-21 18:35:59.021053,0 days 00:00:00.146092,-36.87105406396783,21.045651876764936,34.503324686140616,100.0,43.04148966928936,29.016015061954377,-60.45917226553708,45.78289174110169,57.15793255586832,28.389974483369606,3.1427231734631818,65.7740635855996,Unfeasible shape,GPSampler,PRUNED
535,535,6.0,2026-04-21 18:35:59.171966,2026-04-21 18:35:59.323338,0 days 00:00:00.151372,-36.797497076330814,20.65092522435807,34.711502719368674,100.0,42.60211977520632,29.190292660361884,-60.431525206113434,45.50867187610411,56.96835923156853,28.512847510731433,3.1608811327907134,65.72640520924588,Unfeasible shape,GPSampler,PRUNED
536,536,6.0,2026-04-21 18:35:59.518930,2026-04-21 18:35:59.631184,0 days 00:00:00.112254,-36.80357773902077,21.055171755821213,34.84443615156157,100.0,42.719443562342214,29.047592842330573,-60.55515142014518,45.92666809089726,57.06377096180689,28.412720790494983,3.0870414299536932,65.63558187410779,Unfeasible shape,GPSampler,PRUNED
537,537,6.0,2026-04-21 18:35:59.798974,2026-04-21 18:36:00.085043,0 days 00:00:00.286069,-36.78328391515984,21.171129567708117,34.72715340944997,100.0,42.66378248548858,29.11128913163853,-60.40076677320653,45.94413060903488,57.19081214915255,28.422791584081125,3.1334414433696907,65.80428400488047,Unfeasible shape,GPSampler,PRUNED
538,538,6.0,2026-04-21 18:36:00.255937,2026-04-21 18:36:00.396518,0 days 00:00:00.140581,-36.78116605988066,21.144364443257892,34.86983834006584,100.0,42.6892350979076,29.12396503532227,-60.3748705556856,45.895614769220366,57.14939689595124,28.31667253553095,3.1085487184506206,65.63262171373373,Unfeasible shape,GPSampler,PRUNED
539,539,6.0,2026-04-21 18:36:00.549517,2026-04-21 18:36:00.685689,0 days 00:00:00.136172,-36.759584074158525,20.865344585818143,34.58070612396657,100.0,42.50849793313867,29.190554361879364,-60.758817950837994,45.93651138308891,57.21833368872309,28.115302947861093,3.1294685682872583,65.61332641244807,Unfeasible shape,GPSampler,PRUNED
540,540,6.0,2026-04-21 18:36:00.837023,2026-04-21 18:36:01.020140,0 days 00:00:00.183117,-36.70929425459547,20.70701651610673,34.99090172237542,100.0,42.62764829291769,28.83771778772089,-60.34037044505311,46.00426497589237,57.16184368859002,28.16296591986196,3.0616475055387298,65.63651810234296,Unfeasible shape,GPSampler,PRUNED
541,541,6.0,2026-04-21 18:36:01.209682,2026-04-21 18:36:01.380620,0 days 00:00:00.170938,-36.768666882011956,20.624625346021272,35.0829451218034,100.0,42.839924292823106,29.053791836293094,-60.2298391571204,45.820599501925074,57.11151602528435,28.418847652890424,3.0768770089120565,65.71399848527099,Unfeasible shape,GPSampler,PRUNED
542,542,6.0,2026-04-21 18:36:01.538061,2026-04-21 18:36:01.718687,0 days 00:00:00.180626,-36.777311710461085,21.058586905292117,34.75819162400849,100.0,42.6667966124582,29.049915499468973,-60.34714250548886,46.18433049663322,57.21863598211272,28.064594147482985,3.0661736265842663,65.56135155567905,Unfeasible shape,GPSampler,PRUNED
543,543,6.0,2026-04-21 18:36:01.865792,2026-04-21 18:36:02.031356,0 days 00:00:00.165564,-36.71538300610971,21.33906881643483,34.51438611464471,100.0,42.91923448514775,29.448704625594743,-60.50825908367858,46.00577706500364,57.31570224549924,28.14450269637405,3.2218933849327556,66.05131352922129,Unfeasible shape,GPSampler,PRUNED
544,544,6.0,2026-04-21 18:36:02.195122,2026-04-21 18:36:02.325195,0 days 00:00:00.130073,-36.46728320890418,21.111158311364687,34.30760956813761,100.0,43.26415701688754,29.037511958248786,-60.6280066177583,46.14306126294701,57.04463839053813,28.258372163733437,3.1984920095005194,65.99170902104963,Unfeasible shape,GPSampler,PRUNED
545,545,6.0,2026-04-21 18:36:02.491418,2026-04-21 18:36:02.604448,0 days 00:00:00.113030,-36.69508580902866,20.889410387267933,35.000367013853676,100.0,42.54761618730238,28.61153739566717,-60.34697652975709,45.97959558921189,56.95293834571186,28.57598132207383,3.13216867729129,65.67221857347843,Unfeasible shape,GPSampler,PRUNED
546,546,6.0,2026-04-21 18:36:02.756502,2026-04-21 18:36:02.889233,0 days 00:00:00.132731,-36.7757232933441,20.761019901793645,35.04584384013557,100.0,42.914685473969655,28.841928004123034,-60.33763999620653,46.05955887151216,57.331173469590354,28.4403031854617,3.0947023483665106,65.4730856907251,Unfeasible shape,GPSampler,PRUNED
547,547,6.0,2026-04-21 18:36:03.135355,2026-04-21 18:36:03.274480,0 days 00:00:00.139125,-36.818141054122584,20.963707388274717,35.27099654538373,100.0,42.635605737918674,28.88196560077055,-60.21697911578403,45.84073461014214,57.01300681480597,28.767781407185108,3.106336885732489,65.43043521274882,Unfeasible shape,GPSampler,PRUNED
548,548,6.0,2026-04-21 18:36:03.422446,2026-04-21 18:36:03.543244,0 days 00:00:00.120798,-36.71413030892003,20.905108698297006,34.49743613915121,100.0,42.65038477710375,29.035986020928696,-60.275176991095385,45.647159606465536,57.13949944311965,28.116750059572137,3.281856398111394,65.72982247272193,Unfeasible shape,GPSampler,PRUNED
549,549,6.0,2026-04-21 18:36:03.685988,2026-04-21 18:36:03.894011,0 days 00:00:00.208023,-36.77499351536353,21.256543067477512,34.502630468470954,100.0,43.15163308403685,29.246403151460278,-60.494243875166745,45.86906614703073,57.15801844775033,27.88112793437573,3.1535350670190354,65.74071089638345,Unfeasible shape,GPSampler,PRUNED
550,550,6.0,2026-04-21 18:36:04.082157,2026-04-21 18:36:04.226444,0 days 00:00:00.144287,-36.684307894967404,20.900293041754793,35.38595842844326,100.0,42.933625890542906,28.673395268596224,-60.549918080102984,45.623599901959345,56.878470514292424,28.834264074770626,3.097462315378813,65.75674524584745,Unfeasible shape,GPSampler,PRUNED
551,551,6.0,2026-04-21 18:36:04.382866,2026-04-21 18:36:04.533722,0 days 00:00:00.150856,-36.74231977611203,21.252784422676584,34.8287930156615,100.0,42.74459887498113,28.861762343354364,-60.55639770806266,45.9434066426258,57.43111999503643,28.3763811980526,3.1430300448197386,65.6867394544164,Unfeasible shape,GPSampler,PRUNED
552,552,6.0,2026-04-21 18:36:04.693867,2026-04-21 18:36:04.836454,0 days 00:00:00.142587,-36.787537499315825,20.965896428357148,34.723959128386284,100.0,42.606932792182185,29.273973058654377,-60.35932973508258,45.984704894030095,57.26737237385016,28.25501274146383,3.090144062581551,65.70515852696899,Unfeasible shape,GPSampler,PRUNED
553,553,6.0,2026-04-21 18:36:05.021947,2026-04-21 18:36:05.198170,0 days 00:00:00.176223,-36.78737560542877,21.02347250872215,34.88526684803027,100.0,42.69399100210005,29.159954383110097,-60.28584564940553,46.02993570316823,57.03641492923913,28.385573121259444,3.1191200882868912,65.81228315437345,Unfeasible shape,GPSampler,PRUNED
554,554,6.0,2026-04-21 18:36:05.355081,2026-04-21 18:36:05.511479,0 days 00:00:00.156398,-36.707020360037646,20.720879716390563,34.744126618882575,100.0,42.65800576915452,29.032737161289106,-60.24144111931574,45.86091557910607,56.73016341271751,28.519121246600314,3.0968142738966122,65.5602286325419,Unfeasible shape,GPSampler,PRUNED
555,555,6.0,2026-04-21 18:36:05.658635,2026-04-21 18:36:05.793299,0 days 00:00:00.134664,-36.9197670040584,20.56622960011927,35.17613551794828,100.0,42.67141176302341,28.790107774770867,-59.899935388750876,46.1552638040115,57.172634019040146,28.227017579864377,3.1883761168636156,65.4459387089703,Unfeasible shape,GPSampler,PRUNED
556,556,6.0,2026-04-21 18:36:05.979778,2026-04-21 18:36:06.121720,0 days 00:00:00.141942,-36.49553738101652,20.317918837198494,35.078128235350874,100.0,42.45401058813795,29.0568693419427,-60.24371347016989,45.63716881955993,56.865027614326564,28.76436064098568,3.17016251411971,65.71954678283787,Unfeasible shape,GPSampler,PRUNED
557,557,6.0,2026-04-21 18:36:06.339873,2026-04-21 18:36:06.466378,0 days 00:00:00.126505,-36.76787316842623,20.416067802482793,34.53410257503101,100.0,42.83010861532425,29.002021731822623,-60.35570398106795,45.76426239381986,56.97701795864543,28.45268665243124,3.2407018744776366,66.07178987600334,Unfeasible shape,GPSampler,PRUNED
558,558,6.0,2026-04-21 18:36:06.620061,2026-04-21 18:36:06.818162,0 days 00:00:00.198101,-36.79417194228181,20.979452813628576,34.804708345299126,100.0,42.7396099011367,29.06768521444507,-60.1946878775535,46.07073985189393,57.215657284695446,28.176328062728896,3.1463245056969953,65.7735052923497,Unfeasible shape,GPSampler,PRUNED
559,559,6.0,2026-04-21 18:36:06.967650,2026-04-21 18:36:07.207105,0 days 00:00:00.239455,-36.82802471829299,21.20650775478685,34.70599058834162,100.0,42.73344646797825,29.19151093226968,-60.43084849088331,45.97456847363031,57.24630895029828,28.355308139171232,3.1264380586737914,65.68423811392813,Unfeasible shape,GPSampler,PRUNED
560,560,6.0,2026-04-21 18:36:07.393664,2026-04-21 18:36:07.558588,0 days 00:00:00.164924,-36.79276927959167,20.891849059197106,34.91466312798228,100.0,42.70348510185257,29.06545053159256,-60.31578364340169,45.9368824385066,57.216751844668195,28.506310922729455,3.124098876651729,65.72562272816283,Unfeasible shape,GPSampler,PRUNED
561,561,6.0,2026-04-21 18:36:07.743486,2026-04-21 18:36:07.862693,0 days 00:00:00.119207,-37.09788488547134,21.564754623354396,34.511193667265836,100.0,43.37338951624421,29.439757838263418,-60.53850113878984,45.452520031334046,57.341263805810115,27.76351306805763,3.226021901395555,66.05218611497983,Unfeasible shape,GPSampler,PRUNED
562,562,6.0,2026-04-21 18:36:07.997747,2026-04-21 18:36:08.254196,0 days 00:00:00.256449,-36.85435155883247,21.04325122281908,34.840342825551275,100.0,42.781499205738605,28.998733825334384,-60.30751307607113,45.86138309371546,57.18675527636302,28.56105819613327,3.1630317823416547,65.71588634242654,Unfeasible shape,GPSampler,PRUNED
563,563,6.0,2026-04-21 18:36:08.522248,2026-04-21 18:36:08.654676,0 days 00:00:00.132428,-36.72920045072042,21.12959435490547,34.834204146245625,100.0,42.81758108147422,28.9425944997988,-60.40853641928805,45.96893860062565,57.04416224457024,28.34873796289316,3.1009755366904344,65.67439065130928,Unfeasible shape,GPSampler,PRUNED
564,564,6.0,2026-04-21 18:36:08.804024,2026-04-21 18:36:08.952005,0 days 00:00:00.147981,-36.71417983306717,21.101318711092915,35.334220753976055,100.0,42.29385530534681,28.84994705534043,-60.24550011051793,45.86539758632204,57.275313125464855,28.306529238203247,3.1645549660513694,65.9557423616717,Unfeasible shape,GPSampler,PRUNED
565,565,6.0,2026-04-21 18:36:09.101970,2026-04-21 18:36:09.228109,0 days 00:00:00.126139,-36.78830017629768,20.808945887988436,34.89653279551172,100.0,42.60332264384389,29.039774002239632,-60.39135537027768,45.86082960513301,57.11374434805754,28.362585418764553,3.0840686333169174,65.65898575070425,Unfeasible shape,GPSampler,PRUNED
566,566,6.0,2026-04-21 18:36:09.426471,2026-04-21 18:36:09.650473,0 days 00:00:00.224002,-36.79979467777861,20.559987066146334,34.629312338720794,100.0,42.96930158749829,29.45388708805624,-60.7344104246252,45.47965246930019,56.69613793355253,28.341087485015997,3.072461391361891,65.32279537196277,Unfeasible shape,GPSampler,PRUNED
567,567,6.0,2026-04-21 18:36:09.814927,2026-04-21 18:36:09.964445,0 days 00:00:00.149518,-36.761746827420716,21.025264045150365,34.87406444506745,100.0,42.68342584489284,29.17073767009692,-60.38511131377065,45.87717327592267,57.13761002151518,28.30265222567581,3.1402829534627443,65.71968814812654,Unfeasible shape,GPSampler,PRUNED
568,568,6.0,2026-04-21 18:36:10.149718,2026-04-21 18:36:10.324492,0 days 00:00:00.174774,-36.751394782102075,21.079969635244368,34.850126195357845,100.0,42.59914566619227,28.86701043833741,-60.33574000677349,45.96273332478392,57.06826190167747,28.4244759790274,3.1336278231340415,65.76995244164505,Unfeasible shape,GPSampler,PRUNED
569,569,6.0,2026-04-21 18:36:10.483448,2026-04-21 18:36:10.665864,0 days 00:00:00.182416,-36.89702058639993,21.166815879511255,34.64667816298426,100.0,42.54552974852033,29.060767104174346,-60.45344899595399,46.20947023652954,57.30653429019888,28.402857337283734,3.082097182825798,65.9620714841189,Unfeasible shape,GPSampler,PRUNED
570,570,6.0,2026-04-21 18:36:10.850738,2026-04-21 18:36:10.987440,0 days 00:00:00.136702,-36.82381327090354,20.71435793497757,34.900952244717615,100.0,42.706298315273294,28.99732248294243,-60.45256557604016,45.67767072495515,56.96461077677937,28.621523090759876,3.141311268090483,65.74345869186784,Unfeasible shape,GPSampler,PRUNED
571,571,6.0,2026-04-21 18:36:11.134662,2026-04-21 18:36:11.382218,0 days 00:00:00.247556,-36.797030942041296,21.05179229054611,34.9570217352679,100.0,42.758342935404066,29.23898911773214,-60.34182696914909,45.96425295137881,57.1085388304134,28.52931708871058,3.115911234314119,65.6258034836784,Unfeasible shape,GPSampler,PRUNED
572,572,6.0,2026-04-21 18:36:11.623075,2026-04-21 18:36:11.814170,0 days 00:00:00.191095,-36.8244189306479,21.10937114090808,35.043274551156514,100.0,42.7471340577316,29.002989673220256,-60.302791428021216,45.82623880839715,57.255025511911555,28.396794824453337,3.077828492262796,65.52739372835505,Unfeasible shape,GPSampler,PRUNED
573,573,6.0,2026-04-21 18:36:11.973358,2026-04-21 18:36:12.151268,0 days 00:00:00.177910,-36.78532210741756,20.839030893819537,34.872075395648494,100.0,42.819534066341895,29.026881332518165,-60.37399284514258,45.68255258895168,57.109247113346946,28.54606889549984,3.151217048829338,65.8708575620102,Unfeasible shape,GPSampler,PRUNED
574,574,6.0,2026-04-21 18:36:12.414389,2026-04-21 18:36:12.507997,0 days 00:00:00.093608,-36.82212549024705,20.784401766187294,35.15630682587536,100.0,42.83540788659492,28.931250369100923,-60.32051869642082,45.98930275897371,56.97420048005389,28.53070964382321,3.074011060989335,65.62571285386878,Unfeasible shape,GPSampler,PRUNED
575,575,6.0,2026-04-21 18:36:12.664160,2026-04-21 18:36:12.843929,0 days 00:00:00.179769,-36.743979468444245,20.95838613910999,34.98580844494751,100.0,42.88174179314305,29.01306483218682,-59.973469567080485,45.87275418642879,57.05849489881768,28.438600417194102,3.0662111559919296,65.4382013738349,Unfeasible shape,GPSampler,PRUNED
