,number,value,datetime_start,datetime_complete,duration,params_lLegPt.rA1,params_lLegPt.rL0,params_lLegPt.rL1,params_lLegPt.rL2,params_lLegPt.x1,params_lLegPt.y1,params_sLegPt.rA1,params_sLegPt.rL0,params_sLegPt.rL1,params_sLegPt.rL2,params_sLegPt.x1,params_sLegPt.y1,user_attrs_prune,system_attrs_auto:sampler,state
2055,2055,6.0,2026-04-21 18:44:30.992056,2026-04-21 18:44:31.224925,0 days 00:00:00.232869,-36.77788119836069,20.95943275835636,34.877138433414004,100.0,42.700003589356186,28.89564748658369,-60.3001586780046,45.93150188179077,57.10692804528737,28.585664525055346,3.064872176887391,65.728596091346,Unfeasible shape,GPSampler,PRUNED
2056,2056,6.0,2026-04-21 18:44:31.444614,2026-04-21 18:44:31.626331,0 days 00:00:00.181717,-36.78703753282324,20.950838537251578,34.9154906778156,100.0,42.69704161106568,29.031270548353625,-60.31349219812728,45.94078699867644,57.149367951956144,28.375239325530686,3.1327618207154586,65.75858956485635,Unfeasible shape,GPSampler,PRUNED
2057,2057,6.0,2026-04-21 18:44:31.804209,2026-04-21 18:44:31.946825,0 days 00:00:00.142616,-36.83300836825901,20.864700240785012,34.94367962762202,100.0,42.79592951536181,29.21178774060256,-60.34542438754453,45.90677521899466,57.07893744506943,28.48992772314292,3.1045414798162128,65.68470495152934,Unfeasible shape,GPSampler,PRUNED
2058,2058,6.0,2026-04-21 18:44:32.115223,2026-04-21 18:44:32.274287,0 days 00:00:00.159064,-36.703989538551355,20.842095133565515,34.32352734856686,100.0,42.58609804391071,29.238015541565204,-60.485110178865035,45.39250011205164,57.097054499118926,28.422894986506236,3.263958779755157,66.05578762091923,Unfeasible shape,GPSampler,PRUNED
2059,2059,6.0,2026-04-21 18:44:32.461606,2026-04-21 18:44:32.621822,0 days 00:00:00.160216,-36.873557354195995,21.11096363546585,34.778185302675546,100.0,42.80201898283812,29.044050539338407,-60.375416741807484,45.79729385551697,57.21452489269296,28.4778443700991,3.109179117331337,65.83995559872697,Unfeasible shape,GPSampler,PRUNED
2060,2060,6.0,2026-04-21 18:44:32.794365,2026-04-21 18:44:32.936780,0 days 00:00:00.142415,-37.07205894073744,21.230126079148505,35.07734815041201,100.0,42.85796240353596,28.924346088238416,-60.73450663514218,46.07162231023683,56.984515692507436,28.366278491964167,3.1039291609243165,65.81704682226105,Unfeasible shape,GPSampler,PRUNED
2061,2061,6.0,2026-04-21 18:44:33.104843,2026-04-21 18:44:33.269133,0 days 00:00:00.164290,-36.61694939912307,20.849487487988767,34.80812533281944,100.0,42.566817711249286,29.013813950398045,-60.433314527637634,46.124099274607794,57.232278227249516,28.626046220370807,3.089933828165165,65.66820812048452,Unfeasible shape,GPSampler,PRUNED
2062,2062,6.0,2026-04-21 18:44:33.487495,2026-04-21 18:44:33.636940,0 days 00:00:00.149445,-36.756318268396114,20.99564082876019,34.89651640824063,100.0,42.71451306391646,29.16152181195838,-60.28274313824007,45.96488058983086,57.17809924415509,28.329403402064674,3.1160989860561727,65.7287078435304,Unfeasible shape,GPSampler,PRUNED
2063,2063,6.0,2026-04-21 18:44:33.812912,2026-04-21 18:44:34.019688,0 days 00:00:00.206776,-36.894703864097124,20.854788208939638,35.07414828814831,100.0,42.63136476787906,29.066968697187484,-60.26028161290193,45.77493284815945,57.100416520904446,28.741482789620328,3.126780894032521,65.70800135279127,Unfeasible shape,GPSampler,PRUNED
2064,2064,6.0,2026-04-21 18:44:34.187414,2026-04-21 18:44:34.329967,0 days 00:00:00.142553,-36.627940144419156,21.732008723256733,34.858806073316785,100.0,42.99599264948738,28.728333674589194,-60.243639998575176,45.825719059262426,57.06872772804769,28.830972639590115,3.1069988382891367,65.4902280387512,Unfeasible shape,GPSampler,PRUNED
2065,2065,6.0,2026-04-21 18:44:34.534422,2026-04-21 18:44:34.766436,0 days 00:00:00.232014,-36.75807921387637,21.18355211126977,35.29212330162772,100.0,42.753936140481926,28.685467608125705,-60.176731601278036,45.8180407065701,57.03468719893159,28.807178031015265,3.052095662438937,65.33223403218503,Unfeasible shape,GPSampler,PRUNED
2066,2066,6.0,2026-04-21 18:44:34.923027,2026-04-21 18:44:35.073031,0 days 00:00:00.150004,-36.763169738496714,20.930741308422675,34.9500494566834,100.0,42.36479451441038,29.083908899719177,-60.433668006616394,45.60901662587001,56.94469915323226,28.26771055378781,3.0791734465286638,65.73255049198858,Unfeasible shape,GPSampler,PRUNED
2067,2067,6.0,2026-04-21 18:44:35.233294,2026-04-21 18:44:35.381272,0 days 00:00:00.147978,-36.82838179224006,21.00512325094089,34.93958009761584,100.0,42.65998219605904,28.880792729942016,-60.29164118662376,45.92360467440702,57.08525498240969,28.511255793532683,3.133840515891265,65.76608606167453,Unfeasible shape,GPSampler,PRUNED
2068,2068,6.0,2026-04-21 18:44:35.559516,2026-04-21 18:44:35.699445,0 days 00:00:00.139929,-36.750877870010854,21.055566348669046,34.80595639946142,100.0,42.77937503231281,29.131535500199867,-60.34072861163678,45.940728525482484,57.04045347342877,28.572245666597475,3.1277052689146743,65.73581296352103,Unfeasible shape,GPSampler,PRUNED
2069,2069,6.0,2026-04-21 18:44:35.874389,2026-04-21 18:44:36.013028,0 days 00:00:00.138639,-36.618588831119006,21.15764519344421,34.59250808304857,100.0,42.70085878419569,29.099040079041252,-60.507349689974845,46.116424622446026,57.22143013813674,28.115347702592782,3.0279894974548185,65.75580737702155,Unfeasible shape,GPSampler,PRUNED
2070,2070,6.0,2026-04-21 18:44:36.185071,2026-04-21 18:44:36.301280,0 days 00:00:00.116209,-36.74203122819919,21.13252298027207,34.67559282228241,100.0,42.65616937414641,29.051975528873342,-60.51264227448497,45.99780604539249,57.21871838669399,28.350140793957205,3.114272919043948,65.71533624619933,Unfeasible shape,GPSampler,PRUNED
2071,2071,6.0,2026-04-21 18:44:36.450996,2026-04-21 18:44:36.600858,0 days 00:00:00.149862,-36.630974622816964,21.12419038089615,34.34829447972696,100.0,43.15186369576145,28.66274550646689,-60.71324314848033,46.4882163685234,57.002217950539965,28.159036729141953,3.1894236144040278,66.08096854479379,Unfeasible shape,GPSampler,PRUNED
2072,2072,6.0,2026-04-21 18:44:36.930413,2026-04-21 18:44:37.059071,0 days 00:00:00.128658,-36.72242794274113,21.29399910887107,34.405114048274875,100.0,42.55494170562693,29.186410520658875,-61.00386071811889,45.86041370603099,57.286783047219686,28.369601912362505,3.147097078796719,65.71617119092734,Unfeasible shape,GPSampler,PRUNED
2073,2073,6.0,2026-04-21 18:44:37.274532,2026-04-21 18:44:37.419087,0 days 00:00:00.144555,-36.784006499392376,21.163607599337016,34.64062059845943,100.0,42.67763797893703,29.082972796962615,-60.547464361541316,45.916617424280126,57.21231311166296,28.337545179337084,3.114021444762699,65.72016444751074,Unfeasible shape,GPSampler,PRUNED
2074,2074,6.0,2026-04-21 18:44:37.717626,2026-04-21 18:44:37.883120,0 days 00:00:00.165494,-36.68455214114374,20.902002669167366,34.56068516356801,100.0,42.74068908913391,29.441851198829724,-60.52368171528322,45.9116941517932,57.10203009004026,28.518333597614244,3.2192627979101687,66.08607646517119,Unfeasible shape,GPSampler,PRUNED
2075,2075,6.0,2026-04-21 18:44:38.044993,2026-04-21 18:44:38.197196,0 days 00:00:00.152203,-36.73251624629171,21.399380694751155,34.59408554810169,100.0,42.58991044578598,29.018687163014803,-60.60378539990109,46.019282532314634,57.16992045657715,28.674497055703046,3.2265186950133753,65.9717255969212,Unfeasible shape,GPSampler,PRUNED
2076,2076,6.0,2026-04-21 18:44:38.337105,2026-04-21 18:44:38.501541,0 days 00:00:00.164436,-36.777981612419936,20.679521793634184,35.01756361663739,99.98462245527773,43.09583247658597,29.113047118358402,-60.36805808408053,45.35241325577276,56.90966720729485,28.60841350423047,3.035253739451072,65.3606608900143,Unfeasible shape,GPSampler,PRUNED
2077,2077,6.0,2026-04-21 18:44:38.696977,2026-04-21 18:44:38.878788,0 days 00:00:00.181811,-36.829174410323645,20.9686515928965,34.950119939798256,100.0,42.691697488197484,28.93153594912507,-60.305462721952686,45.86316080145072,57.09186493128572,28.510855704443948,3.1267306061977678,65.6958695125537,Unfeasible shape,GPSampler,PRUNED
2078,2078,6.0,2026-04-21 18:44:39.070404,2026-04-21 18:44:39.221424,0 days 00:00:00.151020,-36.91432558392574,20.812526547041156,34.708321164145254,100.0,42.954582366537,29.27793406870063,-60.5067544411901,45.64511777363666,56.88377904684692,28.422991930854096,3.134097605514704,65.80653729052237,Unfeasible shape,GPSampler,PRUNED
2079,2079,6.0,2026-04-21 18:44:39.386183,2026-04-21 18:44:39.529323,0 days 00:00:00.143140,-36.98493324884791,20.67672368293279,34.55187877281108,100.0,43.3385000815715,29.829528583748377,-60.361448346584154,45.481749473854165,57.40110290523573,28.366692291795545,3.149652100952814,65.80847699571076,Unfeasible shape,GPSampler,PRUNED
2080,2080,6.0,2026-04-21 18:44:39.736015,2026-04-21 18:44:39.902675,0 days 00:00:00.166660,-36.79059709900922,20.85306392241262,34.890772068828525,100.0,42.6696283969822,28.950759900078566,-60.380731215185286,45.98718247449165,57.19060044601792,28.479013702580446,3.0801606742799876,65.5214220500317,Unfeasible shape,GPSampler,PRUNED
2081,2081,6.0,2026-04-21 18:44:40.062906,2026-04-21 18:44:40.221917,0 days 00:00:00.159011,-36.84993849845021,21.368277439124043,34.647870841142634,100.0,42.60906926367829,29.045549493000458,-60.55067192544038,45.820633772148724,57.13566452491246,28.589411806857775,3.0592204275957826,65.5911964772921,Unfeasible shape,GPSampler,PRUNED
2082,2082,6.0,2026-04-21 18:44:40.421291,2026-04-21 18:44:40.537927,0 days 00:00:00.116636,-36.75391709863752,20.934447805792566,34.85355503664376,100.0,42.90340724282368,29.180521315087432,-60.361735612123454,45.82306977389067,57.141689712948484,28.36330094765966,3.125837660764823,65.63458545427777,Unfeasible shape,GPSampler,PRUNED
2083,2083,6.0,2026-04-21 18:44:40.722444,2026-04-21 18:44:40.882957,0 days 00:00:00.160513,-36.77104260516023,21.020661070092928,34.84973810644796,100.0,42.703478011933015,29.08284641676842,-60.40039593936877,45.957029647038986,57.149102768730685,28.494008062668268,3.122888041371837,65.6866466866777,Unfeasible shape,GPSampler,PRUNED
2084,2084,6.0,2026-04-21 18:44:41.032777,2026-04-21 18:44:41.215892,0 days 00:00:00.183115,-36.7725630671795,21.121795114591052,34.94512021039572,100.0,42.5725330726759,28.90492134499469,-60.3278681115175,46.36238983578538,57.213623102176804,28.44756509796405,3.094446065462648,65.60229119394417,Unfeasible shape,GPSampler,PRUNED
2085,2085,6.0,2026-04-21 18:44:41.376363,2026-04-21 18:44:41.577710,0 days 00:00:00.201347,-36.90257478672463,20.736693603133617,34.699837689897684,100.0,42.620507132917666,29.057577671875087,-60.31961007088913,46.354964938598805,57.14073496890089,28.04835322998429,3.1721722208407925,65.75445895677734,Unfeasible shape,GPSampler,PRUNED
2086,2086,6.0,2026-04-21 18:44:41.782139,2026-04-21 18:44:41.958452,0 days 00:00:00.176313,-36.8245551702598,21.129303023029102,34.893699942880104,100.0,42.55323187019892,29.14422360145948,-60.339077714973875,45.964236626562695,57.24838799028548,28.436150361290167,3.081992658586387,65.76953353312324,Unfeasible shape,GPSampler,PRUNED
2087,2087,6.0,2026-04-21 18:44:42.146821,2026-04-21 18:44:42.274168,0 days 00:00:00.127347,-36.76839596900782,21.05275980340427,34.73622485765263,100.0,42.70906974563202,29.134853291373965,-60.35950793687941,45.96711196552309,57.18605743703509,28.320265102354888,3.14269452490165,65.83011801801095,Unfeasible shape,GPSampler,PRUNED
2088,2088,6.0,2026-04-21 18:44:42.445284,2026-04-21 18:44:42.589989,0 days 00:00:00.144705,-36.76926878825787,21.078011472538744,34.806483258188344,100.0,42.74978556092509,28.98479227641922,-60.27304996445295,46.01740123618253,57.31014270637784,28.46356711027078,3.104989229170073,65.81308798495228,Unfeasible shape,GPSampler,PRUNED
2089,2089,6.0,2026-04-21 18:44:42.772139,2026-04-21 18:44:42.915925,0 days 00:00:00.143786,-36.8116739745559,20.92494318257574,34.808972573080595,100.0,42.66388070431806,29.012178345719207,-60.30414089898623,46.028724349080406,57.10494867907591,28.362821734253174,3.1151068986463457,65.70463752552745,Unfeasible shape,GPSampler,PRUNED
2090,2090,6.0,2026-04-21 18:44:43.088268,2026-04-21 18:44:43.244419,0 days 00:00:00.156151,-36.812805850371724,20.95947297598993,34.758396544767706,100.0,42.783506398764,28.927002695206184,-60.35182741194714,45.93594355535043,57.201033694405545,28.572073798713692,3.081040626097213,65.74555411145114,Unfeasible shape,GPSampler,PRUNED
2091,2091,6.0,2026-04-21 18:44:43.435445,2026-04-21 18:44:43.589865,0 days 00:00:00.154420,-36.815485474331325,21.329949673499364,34.79954471683717,100.0,42.871920140860674,28.690317926768387,-60.417702672339786,45.88147426921774,57.06199407280374,28.598747199289782,3.049724896446577,65.56800956788884,Unfeasible shape,GPSampler,PRUNED
2092,2092,6.0,2026-04-21 18:44:43.755084,2026-04-21 18:44:43.898718,0 days 00:00:00.143634,-36.68998391769391,21.14112773007323,34.577011269436625,100.0,42.99365466365075,29.308508818639474,-60.28028580445584,46.012166899771934,57.02280566646108,28.234183181031735,3.1561044263207165,65.61636628117053,Unfeasible shape,GPSampler,PRUNED
2093,2093,6.0,2026-04-21 18:44:44.064196,2026-04-21 18:44:44.168505,0 days 00:00:00.104309,-36.811441162073066,21.268728220330807,34.513987180604545,100.0,42.7049114093222,29.01577262139375,-60.73697104952653,45.814898400515645,56.88553704926753,28.6512253729538,3.0291490476509537,65.53894574614775,Unfeasible shape,GPSampler,PRUNED
2094,2094,6.0,2026-04-21 18:44:44.341337,2026-04-21 18:44:44.452023,0 days 00:00:00.110686,-36.78671451881693,20.80498322275514,34.965433269695424,100.0,42.7097028932853,28.839627394196356,-60.202609691769304,46.1585883072683,57.04467826181645,28.552367384222343,3.060669010974024,65.63081327158055,Unfeasible shape,GPSampler,PRUNED
2095,2095,6.0,2026-04-21 18:44:44.652640,2026-04-21 18:44:44.814408,0 days 00:00:00.161768,-36.95495098283457,21.157355037743912,34.95462124457468,100.0,43.13194582803606,29.499374673348832,-60.38300752576886,45.938976954536486,57.000568279070876,28.277292410434125,2.9947363008928036,65.69602983404782,Unfeasible shape,GPSampler,PRUNED
2096,2096,6.0,2026-04-21 18:44:44.988407,2026-04-21 18:44:45.144359,0 days 00:00:00.155952,-36.781533169405876,21.022756273375848,34.857260428640814,100.0,42.60798336265783,29.011117362846242,-60.351213758553456,45.82635998004328,57.07757504127057,28.349730652341513,3.1039038738430236,65.71383690600938,Unfeasible shape,GPSampler,PRUNED
2097,2097,6.0,2026-04-21 18:44:45.414727,2026-04-21 18:44:45.553513,0 days 00:00:00.138786,-36.787643822812846,20.85386486886945,34.917702876105075,100.0,42.75622638595895,29.12199097517474,-60.316503317039306,45.98137466358026,57.21048634506341,28.330810802358492,3.0805611753817814,65.62410898031028,Unfeasible shape,GPSampler,PRUNED
2098,2098,6.0,2026-04-21 18:44:45.730810,2026-04-21 18:44:45.882241,0 days 00:00:00.151431,-36.712229326922106,20.664887101088098,35.330539327228394,100.0,42.70489329139832,28.937572967302827,-60.112417237673654,46.149684734651395,57.048097941930216,28.41243887822214,3.0435554581314648,65.52294948987561,Unfeasible shape,GPSampler,PRUNED
2099,2099,6.0,2026-04-21 18:44:46.044006,2026-04-21 18:44:46.166380,0 days 00:00:00.122374,-36.87253212052582,20.968931268649794,34.85955183979084,100.0,43.10069006953033,29.128951641881628,-60.281938452507006,45.537215616551364,56.94237939970722,28.527747351607477,3.157135094386142,65.85422062103316,Unfeasible shape,GPSampler,PRUNED
2100,2100,6.0,2026-04-21 18:44:46.367940,2026-04-21 18:44:46.504465,0 days 00:00:00.136525,-36.81334443545841,20.94178329992932,34.90074228837256,100.0,42.75160566721291,28.819810294930086,-60.43840710491085,45.78613862208666,57.04412400898787,28.68277987422997,3.0454330913862577,65.60155575504021,Unfeasible shape,GPSampler,PRUNED
2101,2101,6.0,2026-04-21 18:44:46.700040,2026-04-21 18:44:46.915564,0 days 00:00:00.215524,-36.688044708265004,21.168481796819243,35.04951228992549,100.0,42.65375924868205,29.226279629021235,-60.189093551699465,46.107430688882374,57.29340413174404,28.590945249748682,3.094415812200303,65.5368960057167,Unfeasible shape,GPSampler,PRUNED
2102,2102,6.0,2026-04-21 18:44:47.136449,2026-04-21 18:44:47.357405,0 days 00:00:00.220956,-36.90686364275079,20.403636911984435,35.072124600308584,100.0,42.880429096089365,29.32059961540699,-60.02079433254377,46.12520747955812,57.412863138353984,28.242752606508297,3.0333754669191393,65.59198644722782,Unfeasible shape,GPSampler,PRUNED
2103,2103,6.0,2026-04-21 18:44:47.571992,2026-04-21 18:44:47.736296,0 days 00:00:00.164304,-36.78563652082547,21.265516521956542,34.73220080727316,100.0,42.85648269778376,29.191007016919414,-60.421383201895196,45.95622350671963,57.21191245266209,28.498888388868618,3.1598984390213047,65.84110381106663,Unfeasible shape,GPSampler,PRUNED
2104,2104,6.0,2026-04-21 18:44:47.913414,2026-04-21 18:44:48.041088,0 days 00:00:00.127674,-36.820320486771486,20.817578943046783,35.109108228767994,100.0,42.431125398714904,29.00812175348665,-60.68637649680237,45.4991030951275,57.04314682055419,28.371237162982943,3.146459722515395,65.5116644566997,Unfeasible shape,GPSampler,PRUNED
2105,2105,6.0,2026-04-21 18:44:48.198534,2026-04-21 18:44:48.344322,0 days 00:00:00.145788,-36.76393378747983,20.82535637046513,35.1436198021466,100.0,42.44500179902894,28.959410750446004,-60.474664217828106,45.49888086966408,57.09423759087672,28.872730165561904,3.1702213667540917,65.88438957498971,Unfeasible shape,GPSampler,PRUNED
2106,2106,6.0,2026-04-21 18:44:48.538857,2026-04-21 18:44:48.663463,0 days 00:00:00.124606,-36.82931129722889,20.698015085241153,34.68447781204642,100.0,42.63712148139958,29.200609682348826,-60.30232474177358,45.61316161792927,57.07583488162328,28.463170499186834,3.1068451043317182,65.77502936499468,Unfeasible shape,GPSampler,PRUNED
2107,2107,6.0,2026-04-21 18:44:48.897496,2026-04-21 18:44:49.039294,0 days 00:00:00.141798,-36.82540447045045,21.247750442826128,34.59731875266495,100.0,42.8888945192312,29.0653865417085,-60.615547975890195,45.85710459019475,57.23561411965755,28.391646213274644,3.0827874864246496,65.36288108652282,Unfeasible shape,GPSampler,PRUNED
2108,2108,6.0,2026-04-21 18:44:49.175160,2026-04-21 18:44:49.301608,0 days 00:00:00.126448,-36.829966794872874,20.83126540632204,34.811113992090384,100.0,42.68493002798795,29.147126657040005,-60.3938008946932,45.62648090284603,57.10382636425565,28.318765058091515,3.1333593907254667,65.46830669044374,Unfeasible shape,GPSampler,PRUNED
2109,2109,6.0,2026-04-21 18:44:49.436851,2026-04-21 18:44:49.590390,0 days 00:00:00.153539,-36.87949843707614,20.95509858434498,34.86555973582158,100.0,42.850850549937746,28.99182958609814,-60.40414270221295,45.953357444042865,57.130318521241755,28.414453416767984,3.1154324333615904,65.7493975394918,Unfeasible shape,GPSampler,PRUNED
2110,2110,6.0,2026-04-21 18:44:49.769937,2026-04-21 18:44:49.895555,0 days 00:00:00.125618,-37.1245134981174,21.13710369379391,34.92956237875735,100.0,42.89072614079847,28.82393376055782,-60.09344841676676,46.75418271816353,57.7736892284879,28.024205513033447,3.1305271562876698,66.14988564448889,Unfeasible shape,GPSampler,PRUNED
2111,2111,6.0,2026-04-21 18:44:50.070218,2026-04-21 18:44:50.274340,0 days 00:00:00.204122,-36.833034555212585,20.977538731117185,34.96524381654072,100.0,42.80124488721395,29.05390223431565,-60.3230276805871,45.771315121039336,57.16951631200207,28.490640948707448,3.1077551849704292,65.64602260222398,Unfeasible shape,GPSampler,PRUNED
2112,2112,6.0,2026-04-21 18:44:50.456747,2026-04-21 18:44:50.590976,0 days 00:00:00.134229,-36.67454346322764,20.821033696251817,34.677437791711725,100.0,42.70028940822389,28.795030422398803,-60.33954981272305,45.899652793760765,57.0218562941307,28.50730477937492,3.1213511990427136,65.71414836951467,Unfeasible shape,GPSampler,PRUNED
2113,2113,6.0,2026-04-21 18:44:50.771400,2026-04-21 18:44:50.927207,0 days 00:00:00.155807,-36.836803996318174,20.752036598966626,34.856007670861075,100.0,42.960592303772756,29.146657419241194,-60.37688966969564,45.99602337778585,56.903034214870196,28.450518336011463,3.124585620618113,65.72214480310971,Unfeasible shape,GPSampler,PRUNED
2114,2114,6.0,2026-04-21 18:44:51.113832,2026-04-21 18:44:51.274788,0 days 00:00:00.160956,-36.89116944098006,20.828403541986816,34.60256714143843,100.0,42.62659636699031,29.215988683717086,-60.45687123669431,45.61164096905059,57.204697848589035,28.661657821921757,3.166025052385521,65.72525136385568,Unfeasible shape,GPSampler,PRUNED
2115,2115,6.0,2026-04-21 18:44:51.463261,2026-04-21 18:44:51.613631,0 days 00:00:00.150370,-36.80106257495315,21.144444030591913,34.82400636020629,100.0,42.729350210852786,29.083738207693415,-60.41885908984324,45.900829428175975,57.17823242261911,28.447851949624493,3.128954110461997,65.691903612225,Unfeasible shape,GPSampler,PRUNED
2116,2116,6.0,2026-04-21 18:44:51.761020,2026-04-21 18:44:51.973614,0 days 00:00:00.212594,-36.802509721332044,21.00192038521749,34.94820614532823,100.0,42.686940421460875,28.822065671945694,-60.42920506350879,45.95458519215101,57.07717158765124,28.47926816087016,3.0158445400095744,65.43467069955571,Unfeasible shape,GPSampler,PRUNED
2117,2117,6.0,2026-04-21 18:44:52.142744,2026-04-21 18:44:52.281466,0 days 00:00:00.138722,-36.68970493428876,20.047297555962412,34.634572624700525,100.0,43.23984480991912,29.393712758319296,-60.42746857259914,45.64519965844949,57.23733761862937,28.40572534409945,3.1217073077533115,65.77928903253576,Unfeasible shape,GPSampler,PRUNED
2118,2118,6.0,2026-04-21 18:44:52.450333,2026-04-21 18:44:52.630547,0 days 00:00:00.180214,-36.848543004792724,21.049805935283928,34.57666359970473,100.0,42.321056305224786,28.93898165889292,-60.07729745608776,46.709479859734856,57.349760474270745,28.38978471682046,3.0586927958186365,65.88804114705142,Unfeasible shape,GPSampler,PRUNED
