,number,value,datetime_start,datetime_complete,duration,params_lLegPt.rA1,params_lLegPt.rL0,params_lLegPt.rL1,params_lLegPt.rL2,params_lLegPt.x1,params_lLegPt.y1,params_sLegPt.rA1,params_sLegPt.rL0,params_sLegPt.rL1,params_sLegPt.rL2,params_sLegPt.x1,params_sLegPt.y1,user_attrs_prune,system_attrs_auto:sampler,state
2311,2311,6.0,2026-04-21 18:45:58.246393,2026-04-21 18:45:58.403234,0 days 00:00:00.156841,-36.78274288527204,21.246011817351892,34.82238978666385,100.0,42.64902644058675,29.04480223068508,-60.49163159699421,45.8315863138201,57.17845589734374,28.533779082262004,3.080125138357218,65.65830695484874,Unfeasible shape,GPSampler,PRUNED
2312,2312,6.0,2026-04-21 18:45:58.575260,2026-04-21 18:45:58.716601,0 days 00:00:00.141341,-36.775687898058294,20.931122961490434,34.788228379014996,100.0,42.74379574314713,29.568286505755253,-60.47614588754878,45.912907609553734,56.890316680060685,28.435990154728337,3.185782503733215,65.86559529152085,Unfeasible shape,GPSampler,PRUNED
2313,2313,6.0,2026-04-21 18:45:58.900030,2026-04-21 18:45:59.026727,0 days 00:00:00.126697,-36.7898505017752,20.93493391693363,34.76251607572566,100.0,42.646097354757416,29.07446549182896,-60.37429339545124,46.0693859462712,57.232264360046436,28.381769668839564,3.132904956423765,65.614122854975,Unfeasible shape,GPSampler,PRUNED
2314,2314,6.0,2026-04-21 18:45:59.178368,2026-04-21 18:45:59.329601,0 days 00:00:00.151233,-36.71595477857283,21.122951098072246,34.84170368042514,100.0,42.77574072738484,29.1242283473172,-60.38911848297303,45.80560926980773,56.9853253874266,28.50793997737068,3.1283559504282152,65.77802972574722,Unfeasible shape,GPSampler,PRUNED
2315,2315,6.0,2026-04-21 18:45:59.553441,2026-04-21 18:45:59.695773,0 days 00:00:00.142332,-36.814680282171885,20.944282764477176,34.42514632564456,100.0,42.82585606958212,28.90162687910128,-60.42185557955494,45.90141919487441,57.28635496696906,28.431632378814644,3.0742291083563345,65.8724781135497,Unfeasible shape,GPSampler,PRUNED
2316,2316,6.0,2026-04-21 18:45:59.878570,2026-04-21 18:46:00.004586,0 days 00:00:00.126016,-36.69233554477497,20.16018452957688,35.233887708770794,100.0,42.86409347680917,29.0490055029222,-60.27549141914564,46.27316403706866,56.658581607882766,28.77912044385951,3.0298920894512307,65.60261492658789,Unfeasible shape,GPSampler,PRUNED
2317,2317,6.0,2026-04-21 18:46:00.178828,2026-04-21 18:46:00.305017,0 days 00:00:00.126189,-36.74743212500814,21.017008601556554,34.78842384247187,100.0,42.78095654961729,29.02284888962727,-60.331167812119794,45.940598415565596,57.22041334220378,28.457414892992546,3.1224093969218742,65.70168160803094,Unfeasible shape,GPSampler,PRUNED
2318,2318,6.0,2026-04-21 18:46:00.456827,2026-04-21 18:46:00.615111,0 days 00:00:00.158284,-36.893462688279776,21.200280287045906,34.90859299544126,100.0,42.64220045857165,29.02758568939378,-60.629421859960885,45.72876394815255,57.259211088760665,28.325672223444116,3.229986633290274,65.75907073325774,Unfeasible shape,GPSampler,PRUNED
2319,2319,6.0,2026-04-21 18:46:00.798856,2026-04-21 18:46:00.925309,0 days 00:00:00.126453,-36.7894918845872,20.886709077100623,34.91134256286985,100.0,42.71980203192526,28.868814051888897,-60.35926182065427,46.063347466505995,57.19539793255277,28.650639054858072,3.067723071379703,65.6466020730709,Unfeasible shape,GPSampler,PRUNED
2320,2320,6.0,2026-04-21 18:46:01.107362,2026-04-21 18:46:01.233600,0 days 00:00:00.126238,-36.748903475154734,20.846133847724936,34.10343773590286,100.0,42.95827577308118,29.54175795030153,-60.41330676330749,45.735510515106554,57.21232606830461,28.202079410680046,3.178105667066262,65.68298758870868,Unfeasible shape,GPSampler,PRUNED
2321,2321,6.0,2026-04-21 18:46:01.405004,2026-04-21 18:46:01.550348,0 days 00:00:00.145344,-36.85649777542441,20.70228267109634,34.86450341434869,100.0,42.70194556558622,28.85567328047233,-60.2771148745366,46.02602630418316,57.21530593789551,28.549031491726538,3.0701106472909174,65.58907365655097,Unfeasible shape,GPSampler,PRUNED
2322,2322,6.0,2026-04-21 18:46:01.714164,2026-04-21 18:46:01.841388,0 days 00:00:00.127224,-36.77702111677906,21.000760759619887,35.01578884145482,100.0,42.70180877340946,29.085785715131244,-60.3861626332994,45.880966478343964,57.11260467604597,28.457262916987688,3.0919714135479097,65.66686069041437,Unfeasible shape,GPSampler,PRUNED
2323,2323,6.0,2026-04-21 18:46:02.007016,2026-04-21 18:46:02.150388,0 days 00:00:00.143372,-36.58972770890779,20.851673141356706,34.8112348526289,100.0,43.10158336503954,28.922458533749285,-60.023752194344944,45.86400924331729,57.15393684766193,28.192949161362176,3.21451031395668,65.83344180006226,Unfeasible shape,GPSampler,PRUNED
2324,2324,6.0,2026-04-21 18:46:02.330893,2026-04-21 18:46:02.457438,0 days 00:00:00.126545,-36.79549310535437,20.948621131748137,34.740436311235484,100.0,42.81678645183461,29.27948315328959,-60.35454163990677,45.85648729903467,57.315765279741875,28.280671116753048,3.114556024353611,65.62368237189789,Unfeasible shape,GPSampler,PRUNED
2325,2325,6.0,2026-04-21 18:46:02.623108,2026-04-21 18:46:02.766258,0 days 00:00:00.143150,-36.76115235713462,21.155964383295025,34.79091280972757,100.0,42.78822481320896,29.02237219176552,-60.6876763617465,46.27479265148522,57.02679295538973,28.446712311778118,3.0603878680566083,65.70464045102325,Unfeasible shape,GPSampler,PRUNED
2326,2326,6.0,2026-04-21 18:46:02.953953,2026-04-21 18:46:03.096693,0 days 00:00:00.142740,-36.77035390740105,21.3465732837466,34.43874789235283,100.0,42.57659278912324,29.198325132066316,-60.88580163044111,45.8273098360319,57.33165962290166,28.32913967759937,3.170291509078986,65.69563253751727,Unfeasible shape,GPSampler,PRUNED
2327,2327,6.0,2026-04-21 18:46:03.251684,2026-04-21 18:46:03.408720,0 days 00:00:00.157036,-36.65137348381989,20.909755662107052,34.558444226687556,100.0,42.38671978757635,29.44024919367535,-60.222633260061215,46.00202851304214,57.330908184420394,27.61154817172362,3.2054544739058883,66.19543356193762,Unfeasible shape,GPSampler,PRUNED
2328,2328,6.0,2026-04-21 18:46:03.589878,2026-04-21 18:46:03.732192,0 days 00:00:00.142314,-36.766653281699206,20.987866576872133,34.91582319405889,100.0,42.672941100823024,29.052700664703266,-60.24855713045006,46.013797973379305,57.19023676499117,28.432909593932017,3.0727948179894042,65.71804934638064,Unfeasible shape,GPSampler,PRUNED
2329,2329,6.0,2026-04-21 18:46:03.903819,2026-04-21 18:46:04.061787,0 days 00:00:00.157968,-36.84319299101876,20.796612846464477,34.698365006384776,100.0,42.89798590833406,29.10947213506674,-60.25701954533913,45.84790020805668,57.08998983900726,28.433390953130658,3.1276229116138694,65.71107986534604,Unfeasible shape,GPSampler,PRUNED
2330,2330,6.0,2026-04-21 18:46:04.252480,2026-04-21 18:46:04.395263,0 days 00:00:00.142783,-36.77876102905752,20.678127075301862,34.75760767516505,100.0,42.53406890948085,29.237101561249048,-60.362330907497906,46.09073548097892,57.208972179664066,27.806389646732327,3.140396047515388,65.70935301759256,Unfeasible shape,GPSampler,PRUNED
2331,2331,6.0,2026-04-21 18:46:04.560511,2026-04-21 18:46:04.686599,0 days 00:00:00.126088,-36.93979080033127,21.053885225596737,33.91736761476055,100.0,42.65629346902177,29.124155032898358,-60.641994203769436,45.85004522344173,57.083956904197926,28.18694985606878,3.2166300589606323,65.93704047500857,Unfeasible shape,GPSampler,PRUNED
2332,2332,6.0,2026-04-21 18:46:04.836239,2026-04-21 18:46:04.953338,0 days 00:00:00.117099,-36.79960544627362,21.41518732974715,34.740533340512826,100.0,42.749568021164194,28.687908328653414,-60.65214503886578,45.96056643188494,57.11496794779983,28.7961244115166,3.0707796618513257,65.5934034196533,Unfeasible shape,GPSampler,PRUNED
2333,2333,6.0,2026-04-21 18:46:05.151503,2026-04-21 18:46:05.294292,0 days 00:00:00.142789,-36.81207656814628,20.912457924226914,35.06385480494157,100.0,42.977872475699456,28.982374083118785,-60.21832356638487,45.89346667943664,57.03245556917311,28.584670492564115,3.0723945805485116,65.43541412481478,Unfeasible shape,GPSampler,PRUNED
2334,2334,6.0,2026-04-21 18:46:05.453765,2026-04-21 18:46:05.577928,0 days 00:00:00.124163,-36.79626359498093,20.95391147144268,34.85843805692684,100.0,42.77883556255847,28.993996665929686,-60.26629144701237,45.86169369529961,57.152823607233785,28.25840550126188,3.1111049998074733,65.61625881790658,Unfeasible shape,GPSampler,PRUNED
2335,2335,6.0,2026-04-21 18:46:05.760695,2026-04-21 18:46:05.917208,0 days 00:00:00.156513,-36.876128758167134,20.909687446648803,34.572216870447406,100.0,42.738739210094536,29.152354087276827,-60.429059974672484,45.72435510510134,57.16075466158141,28.489640793531777,3.1745217220972393,65.9451708013466,Unfeasible shape,GPSampler,PRUNED
2336,2336,6.0,2026-04-21 18:46:06.100619,2026-04-21 18:46:06.242917,0 days 00:00:00.142298,-36.72621086450696,21.05280135084491,34.74863820719954,100.0,42.91363086549474,28.882437586872044,-60.57233911817976,45.896418547587494,57.10206736242777,28.58832852549723,3.1246500550632064,65.48253749906242,Unfeasible shape,GPSampler,PRUNED
2337,2337,6.0,2026-04-21 18:46:06.530843,2026-04-21 18:46:06.655127,0 days 00:00:00.124284,-36.826738533662756,21.071040764996937,34.80872729206135,100.0,43.133165896824195,28.981003437556637,-60.319330683559414,45.960505143859045,57.411403411745276,28.121690953539744,3.1996828155568693,66.13652606924602,Unfeasible shape,GPSampler,PRUNED
2338,2338,6.0,2026-04-21 18:46:06.799048,2026-04-21 18:46:06.941847,0 days 00:00:00.142799,-36.8080961983091,20.90872281704288,35.016265754447396,100.0,42.57877339430801,28.90868376795497,-60.355942184299366,45.93864475342201,57.10140837465069,28.53052009573451,3.1562345252376787,65.61135854221284,Unfeasible shape,GPSampler,PRUNED
2339,2339,6.0,2026-04-21 18:46:07.138990,2026-04-21 18:46:07.265372,0 days 00:00:00.126382,-36.79148533140626,20.982843613982386,34.95813229368429,100.0,42.77226311291342,28.88239847817978,-60.453230027893426,45.85096171676766,57.26216004748495,28.682441310567793,3.06238472609094,65.40660159738482,Unfeasible shape,GPSampler,PRUNED
2340,2340,6.0,2026-04-21 18:46:07.447377,2026-04-21 18:46:07.573649,0 days 00:00:00.126272,-36.699428256114885,20.922411774704436,34.7951864292571,100.0,42.640643658245565,29.230456325849126,-60.51223865575672,45.94279531246811,57.101884882955076,28.174331451479393,3.1357519774403215,65.9001167486664,Unfeasible shape,GPSampler,PRUNED
2341,2341,6.0,2026-04-21 18:46:07.731442,2026-04-21 18:46:07.889355,0 days 00:00:00.157913,-36.84877494929776,21.06901954469891,34.91887642231634,100.0,42.946241291055244,29.032620672974446,-60.34550999468592,45.92059832158178,57.08799271877293,28.436295181060203,3.088104198923766,65.73466859676964,Unfeasible shape,GPSampler,PRUNED
2342,2342,6.0,2026-04-21 18:46:08.044027,2026-04-21 18:46:08.312335,0 days 00:00:00.268308,-36.684578866095066,21.07479515873184,34.91776268887779,100.0,42.5341292193005,29.024617120885488,-60.30430035064208,46.283764332291135,57.27244742568344,28.363136490603207,3.1338678751331344,65.78848015687196,Unfeasible shape,GPSampler,PRUNED
2343,2343,6.0,2026-04-21 18:46:08.512828,2026-04-21 18:46:08.639406,0 days 00:00:00.126578,-36.835216828037446,20.954105921427804,34.839596745394715,100.0,42.7651667944498,29.071588660340325,-60.339068636034824,46.09274909563151,57.109084629523,28.39809416965691,3.1194882428317356,65.71903920670468,Unfeasible shape,GPSampler,PRUNED
2344,2344,6.0,2026-04-21 18:46:08.805313,2026-04-21 18:46:08.884949,0 days 00:00:00.079636,-36.77581683736388,20.395904980283852,35.57307671901475,100.0,42.903981794358906,29.047169303299462,-60.164140668742895,45.427177083083656,56.73660839055276,28.743086253329363,3.0229101646117087,65.3720304612657,Unfeasible shape,GPSampler,PRUNED
2345,2345,6.0,2026-04-21 18:46:09.058434,2026-04-21 18:46:09.242734,0 days 00:00:00.184300,-36.85778332361074,20.96025898910336,34.66543685785928,100.0,42.934740703341994,29.654594437966097,-60.43053517508332,46.27349291439044,57.31062237351899,28.13589557164223,3.1972078355019065,65.88384743158225,Unfeasible shape,GPSampler,PRUNED
2346,2346,6.0,2026-04-21 18:46:09.528914,2026-04-21 18:46:09.639124,0 days 00:00:00.110210,-36.846063647758854,20.8208638090124,35.32424681251004,100.0,42.93250755809705,28.77873331041915,-59.98064086550876,45.89889434865935,57.137624708492375,28.678293744316242,3.0458685848127374,65.39049762738408,Unfeasible shape,GPSampler,PRUNED
2347,2347,6.0,2026-04-21 18:46:09.797331,2026-04-21 18:46:09.960133,0 days 00:00:00.162802,-36.80871507289579,20.866600657148,34.80503437999059,100.0,42.77824569108084,29.065400998217847,-60.38428852708542,45.90483971565711,57.17140148159953,28.503883930289145,3.097081501061247,65.77179703976844,Unfeasible shape,GPSampler,PRUNED
2348,2348,6.0,2026-04-21 18:46:10.121300,2026-04-21 18:46:10.260355,0 days 00:00:00.139055,-36.75905451784764,21.142884409666777,34.94339074892172,100.0,42.82468275617852,29.114242446282482,-60.33761246176908,45.87824142407405,57.14744658648289,28.374406716614747,3.069447256716842,65.47018706204311,Unfeasible shape,GPSampler,PRUNED
2349,2349,6.0,2026-04-21 18:46:10.436332,2026-04-21 18:46:10.610647,0 days 00:00:00.174315,-36.70753963741657,20.347515606666114,34.42360292490923,100.0,42.64917621709808,29.1857039671928,-60.55468080394026,45.65703737457862,57.26681854763802,29.145971773948055,2.993072210333132,65.25648933510112,Unfeasible shape,GPSampler,PRUNED
2350,2350,6.0,2026-04-21 18:46:10.770203,2026-04-21 18:46:10.913579,0 days 00:00:00.143376,-36.74152284841582,21.005309250442465,34.76495418640841,100.0,42.713484118600455,29.127235954313896,-60.48210036617094,45.88809412960602,57.12825152959922,28.34449987970522,3.089066627946835,65.655410994251,Unfeasible shape,GPSampler,PRUNED
2351,2351,6.0,2026-04-21 18:46:11.079835,2026-04-21 18:46:11.237467,0 days 00:00:00.157632,-36.83107151977662,20.944711836449297,34.85289727089079,100.0,42.783275987437264,29.11651697403731,-60.45987848974937,45.80097731913179,56.873921202225105,28.42900057570448,3.1186638095531833,65.81457745880923,Unfeasible shape,GPSampler,PRUNED
2352,2352,6.0,2026-04-21 18:46:11.388669,2026-04-21 18:46:11.514977,0 days 00:00:00.126308,-36.77916055895486,21.23730986257386,34.14871910262381,100.0,43.10577096148021,29.265807056699238,-60.309672669688965,45.297151751140184,57.15590203356047,28.211910536038637,3.277598891769152,65.85066547057426,Unfeasible shape,GPSampler,PRUNED
2353,2353,6.0,2026-04-21 18:46:11.665910,2026-04-21 18:46:11.792944,0 days 00:00:00.127034,-36.75366035085603,21.105733552182848,34.744310900530124,100.0,42.78730587488295,29.14478843820811,-60.339341055526276,45.93755630008154,57.19985586468214,28.45947270918028,3.122588973966913,65.75340831995135,Unfeasible shape,GPSampler,PRUNED
2354,2354,6.0,2026-04-21 18:46:11.964241,2026-04-21 18:46:12.181891,0 days 00:00:00.217650,-36.79445162869384,21.036740688053023,35.026979488657425,100.0,42.705212648105224,29.077312353788713,-60.302315931132775,45.86697008127115,57.027987084543085,28.424039003486698,3.0964417904191137,65.47158462809658,Unfeasible shape,GPSampler,PRUNED
2355,2355,6.0,2026-04-21 18:46:12.402990,2026-04-21 18:46:12.565413,0 days 00:00:00.162423,-36.808531888995496,20.99695045741648,34.782012229781884,100.0,42.73284418940358,28.97461438913318,-60.367039428823205,45.922944264928375,57.12685778198554,28.43303915136575,3.1132856122043577,65.74051606611128,Unfeasible shape,GPSampler,PRUNED
2356,2356,6.0,2026-04-21 18:46:12.714527,2026-04-21 18:46:12.865983,0 days 00:00:00.151456,-36.77113076386923,20.866362485749498,34.91290482076536,100.0,42.71162895869665,28.975992433091733,-60.326324005077986,45.923367039732966,57.11622650379573,28.526547804893095,3.104864502949731,65.68740629073,Unfeasible shape,GPSampler,PRUNED
2357,2357,6.0,2026-04-21 18:46:13.008605,2026-04-21 18:46:13.134808,0 days 00:00:00.126203,-36.7882369992579,20.994415463585874,34.73523214793039,100.0,42.85249252478212,29.160984747242047,-60.41324726261493,46.067291582797274,57.19429996795057,28.13082479900663,3.131931539972747,65.79132677376417,Unfeasible shape,GPSampler,PRUNED
2358,2358,6.0,2026-04-21 18:46:13.286618,2026-04-21 18:46:13.429549,0 days 00:00:00.142931,-36.7294054230809,20.907285295348345,34.6604392665672,100.0,42.625778643320245,29.180822618262802,-60.32291593017551,45.89482504990793,57.30995077564581,28.072908909395935,3.15573501390147,65.75289799273561,Unfeasible shape,GPSampler,PRUNED
2359,2359,6.0,2026-04-21 18:46:13.582277,2026-04-21 18:46:13.724628,0 days 00:00:00.142351,-36.89493897622705,20.71770289197228,34.87348572222612,100.0,42.95576616235226,28.87115761524094,-60.055161902332244,46.06781297665214,57.24054828113624,28.27909925671413,3.0825596617595608,65.58565568747534,Unfeasible shape,GPSampler,PRUNED
2360,2360,6.0,2026-04-21 18:46:13.907280,2026-04-21 18:46:14.049460,0 days 00:00:00.142180,-36.7914007841269,21.364854360055283,34.46766139834663,100.0,42.945849234265644,29.420594889566182,-60.436899833016966,45.767119376628784,57.187000100238905,28.173769922195298,3.231765860720934,66.1258926147347,Unfeasible shape,GPSampler,PRUNED
2361,2361,6.0,2026-04-21 18:46:14.214436,2026-04-21 18:46:14.405166,0 days 00:00:00.190730,-36.44279576504245,21.509966337352616,33.79962337537717,100.0,43.515045752203456,29.52314294384272,-60.57106615972553,46.104627257818194,57.536303145174976,27.815859406990004,3.2391421625163304,66.08139617929082,Unfeasible shape,GPSampler,PRUNED
2362,2362,6.0,2026-04-21 18:46:14.568351,2026-04-21 18:46:14.668605,0 days 00:00:00.100254,-36.75012915314356,21.156805893109457,34.82550866499721,100.0,42.68994834143881,28.99621058768014,-60.50355664094258,45.888302605359975,57.124973888529304,28.539988084020333,3.066368478284261,65.64407421314918,Unfeasible shape,GPSampler,PRUNED
2363,2363,6.0,2026-04-21 18:46:14.833174,2026-04-21 18:46:14.975017,0 days 00:00:00.141843,-36.668065615323265,21.020402321592893,34.731977877354524,100.0,42.80664022991926,28.69549520504782,-60.13511824980594,45.87134681518118,56.62290077739219,28.4046639771555,3.0925874682992855,65.35329844181564,Unfeasible shape,GPSampler,PRUNED
2364,2364,6.0,2026-04-21 18:46:15.217490,2026-04-21 18:46:15.392256,0 days 00:00:00.174766,-36.93454032048695,21.150024270986094,35.217637691071076,100.0,42.44364126797776,29.092266334217534,-60.23352667813684,45.949581739026826,57.07220042554176,28.517175946067567,3.199803938366429,65.45648594708142,Unfeasible shape,GPSampler,PRUNED
2365,2365,6.0,2026-04-21 18:46:15.580572,2026-04-21 18:46:15.707094,0 days 00:00:00.126522,-36.842691657291745,20.99712275713202,34.79279915947899,100.0,42.6801765730318,29.066683126148654,-60.3199484037349,45.847683708138305,57.07218090145311,28.409318286109404,3.148907959416043,65.72332647984334,Unfeasible shape,GPSampler,PRUNED
2366,2366,6.0,2026-04-21 18:46:15.878763,2026-04-21 18:46:16.071852,0 days 00:00:00.193089,-36.77122324994014,20.790397215630378,33.8854361497427,100.0,42.48739712451625,29.1715932633387,-60.56294223134306,46.21651978173683,57.41040220239804,28.55767991325713,3.191092220519181,65.86628647303499,Unfeasible shape,GPSampler,PRUNED
2367,2367,6.0,2026-04-21 18:46:16.271928,2026-04-21 18:46:16.407879,0 days 00:00:00.135951,-36.79756903832299,21.336170209585518,34.74317040738329,100.0,42.657173368472115,29.070310482703555,-60.55039250652372,45.93412168650335,57.14010820054049,28.38648868627134,3.088460949671635,65.61032345899427,Unfeasible shape,GPSampler,PRUNED
2368,2368,6.0,2026-04-21 18:46:16.589799,2026-04-21 18:46:16.685063,0 days 00:00:00.095264,-36.745786226526825,20.899700065042843,34.92615467479732,100.0,42.688642316350794,28.967847742285954,-60.50754807661471,45.912201750763266,57.14081131024238,28.48212618061415,3.0550582436565534,65.50721124216116,Unfeasible shape,GPSampler,PRUNED
2369,2369,6.0,2026-04-21 18:46:16.850022,2026-04-21 18:46:16.976898,0 days 00:00:00.126876,-36.81913854392796,21.27871230965428,34.8037084906246,100.0,42.74172128312,29.081086737136324,-60.50827517097997,45.855639673289005,57.024932795308224,28.500925088613805,3.0882857254613114,65.79725462734767,Unfeasible shape,GPSampler,PRUNED
2370,2370,6.0,2026-04-21 18:46:17.126982,2026-04-21 18:46:17.284061,0 days 00:00:00.157079,-36.77484119961828,21.181771385895992,34.90108097190678,100.0,42.752229737646424,29.032755507612478,-60.26774464687968,46.12457821514967,57.10661039451822,28.47766335898638,3.0915755871707162,65.53009453050859,Unfeasible shape,GPSampler,PRUNED
2371,2371,6.0,2026-04-21 18:46:17.466798,2026-04-21 18:46:17.609153,0 days 00:00:00.142355,-36.93016979335163,21.222742545205897,34.67250970463097,100.0,43.110444666314145,29.24180521116412,-60.30113284879056,46.09812611161689,57.53006573931571,28.031394294044784,3.2399507061311894,66.04432796302032,Unfeasible shape,GPSampler,PRUNED
2372,2372,6.0,2026-04-21 18:46:17.773747,2026-04-21 18:46:17.908737,0 days 00:00:00.134990,-37.001381429754865,20.90165772684128,35.11988443942366,100.0,42.946655159068484,29.113071711154475,-60.273677239294045,46.06218206774299,57.24022835793956,28.355709242720067,3.137101066944716,65.59622779260754,Unfeasible shape,GPSampler,PRUNED
2373,2373,6.0,2026-04-21 18:46:18.075450,2026-04-21 18:46:18.217358,0 days 00:00:00.141908,-36.736784375912066,21.23043940053944,34.61742039173785,100.0,42.645007269373274,29.077881141174444,-60.63044962805337,45.978583216223306,57.24874854837402,28.38197043247809,3.109480441747209,65.65125705888906,Unfeasible shape,GPSampler,PRUNED
2374,2374,6.0,2026-04-21 18:46:18.419890,2026-04-21 18:46:18.562276,0 days 00:00:00.142386,-36.79397533987331,20.80983652388986,34.545611675381195,100.0,42.674011940331674,29.30167597495948,-60.1473213445686,45.95345933265519,57.11889969752519,27.862427346082516,3.1386569826826403,65.74415738613911,Unfeasible shape,GPSampler,PRUNED
