,number,value,datetime_start,datetime_complete,duration,params_lLegPt.rA1,params_lLegPt.rL0,params_lLegPt.rL1,params_lLegPt.rL2,params_lLegPt.x1,params_lLegPt.y1,params_sLegPt.rA1,params_sLegPt.rL0,params_sLegPt.rL1,params_sLegPt.rL2,params_sLegPt.x1,params_sLegPt.y1,user_attrs_prune,system_attrs_auto:sampler,state
4551,4551,6.0,2026-04-21 18:59:17.484085,2026-04-21 18:59:17.620282,0 days 00:00:00.136197,-36.96538956535318,20.677513582145068,34.82141785792966,100.0,42.621301604663245,28.757810789178635,-60.32318538506988,45.69244356928485,56.932061247692246,28.263168372784676,3.1341560073705352,65.92659166705339,Unfeasible shape,GPSampler,PRUNED
4552,4552,6.0,2026-04-21 18:59:17.823059,2026-04-21 18:59:17.981660,0 days 00:00:00.158601,-36.80098285963096,21.20011950692453,34.79353134970151,100.0,42.66705560371363,28.972202767884426,-60.451649898648796,45.916035740872346,57.08514036110566,28.417103754050036,3.121431495521918,65.59980878816255,Unfeasible shape,GPSampler,PRUNED
4553,4553,6.0,2026-04-21 18:59:18.192206,2026-04-21 18:59:18.356025,0 days 00:00:00.163819,-36.7854425429012,21.064400432755086,34.96830731931429,100.0,42.75245766655581,29.240224683630608,-60.43026648564271,45.749006242670745,57.13374537381583,28.411268774983444,3.1397806626897875,65.83541413599679,Unfeasible shape,GPSampler,PRUNED
4554,4554,6.0,2026-04-21 18:59:18.600734,2026-04-21 18:59:18.765250,0 days 00:00:00.164516,-36.81206421975092,21.044777074320553,34.9580760810171,100.0,42.622199638192285,28.816658835135954,-60.30917881074312,46.08068945695045,57.16198136896479,28.595233042286836,3.0358602354070143,65.52048564156705,Unfeasible shape,GPSampler,PRUNED
4555,4555,6.0,2026-04-21 18:59:18.943608,2026-04-21 18:59:19.178454,0 days 00:00:00.234846,-36.80076569445944,20.82017912805874,34.784339333734636,100.0,42.715667003645954,29.014397851086045,-60.36890196148785,46.00120225482129,57.167003866740025,28.457101083567576,3.085009705665371,65.63108200293992,Unfeasible shape,GPSampler,PRUNED
4556,4556,6.0,2026-04-21 18:59:19.434208,2026-04-21 18:59:19.594324,0 days 00:00:00.160116,-36.811572829757836,20.903160577500735,34.824350921406705,100.0,42.79775895745024,29.155614635271057,-60.33523913478308,45.797342146833074,57.21798616696939,28.594214575527836,3.1489547366700137,65.82985866549231,Unfeasible shape,GPSampler,PRUNED
4557,4557,6.0,2026-04-21 18:59:19.771729,2026-04-21 18:59:19.927922,0 days 00:00:00.156193,-36.7515416936918,21.15458968915479,34.74090072606205,100.0,42.66297042524924,29.222342444761814,-60.44998355353274,45.986396611745334,57.2443022539276,28.419440257586842,3.1280238448435824,65.74903951890232,Unfeasible shape,GPSampler,PRUNED
4558,4558,6.0,2026-04-21 18:59:20.102284,2026-04-21 18:59:20.292075,0 days 00:00:00.189791,-36.78189626581129,21.064863318568086,34.849295596883046,100.0,42.72451594243055,29.19367451768627,-60.321525471840324,45.95880116368543,57.18441582125868,28.498960936520845,3.126647797426884,65.64555696188722,Unfeasible shape,GPSampler,PRUNED
4559,4559,6.0,2026-04-21 18:59:20.443124,2026-04-21 18:59:20.588145,0 days 00:00:00.145021,-36.78700873571857,21.27552840863582,34.82615838816247,100.0,42.70019700715677,29.022391355853067,-60.499583081116754,46.016478668133225,57.16707626798027,28.56454342274575,3.100635473579352,65.62509375541617,Unfeasible shape,GPSampler,PRUNED
4560,4560,6.0,2026-04-21 18:59:20.820542,2026-04-21 18:59:20.972857,0 days 00:00:00.152315,-36.93989707547028,21.504943662218793,34.26282112114177,100.0,42.327384579865985,29.14270336126608,-60.38983938629811,46.267133651200126,57.23793530395103,28.258282672728416,3.310294996364874,65.73109631131854,Unfeasible shape,GPSampler,PRUNED
4561,4561,6.0,2026-04-21 18:59:21.196667,2026-04-21 18:59:21.437013,0 days 00:00:00.240346,-36.791845551701925,21.411596974016796,34.13528227319394,100.0,42.88389543517696,29.04920580052491,-60.4638016541307,45.7683444982893,57.54578426108564,27.838661722095452,3.2354998502187655,66.15665630536073,Unfeasible shape,GPSampler,PRUNED
4562,4562,6.0,2026-04-21 18:59:21.633654,2026-04-21 18:59:21.793820,0 days 00:00:00.160166,-36.80602495329706,21.399883853215186,34.24799463701021,100.0,42.915862787092884,29.398048721110243,-60.310237741178966,45.93502399554618,57.19822369386307,28.042312165087342,3.1953407872389903,65.97505118802196,Unfeasible shape,GPSampler,PRUNED
4563,4563,6.0,2026-04-21 18:59:22.071948,2026-04-21 18:59:22.259725,0 days 00:00:00.187777,-36.8496560837058,21.268305079448922,34.795749508461796,100.0,42.98433777916738,29.242483547765417,-60.091989904802574,45.9403892995845,57.22852362389326,28.233730166142454,3.157288467085479,65.75263308281919,Unfeasible shape,GPSampler,PRUNED
4564,4564,6.0,2026-04-21 18:59:22.480844,2026-04-21 18:59:22.677950,0 days 00:00:00.197106,-36.777932339142794,20.635643232594433,35.1965796878343,100.0,42.40111346691432,29.00414924768924,-60.86281606269485,45.212514804531054,56.50172275366958,28.585123605051447,3.1224043181263212,65.34527109043685,Unfeasible shape,GPSampler,PRUNED
4565,4565,6.0,2026-04-21 18:59:22.892314,2026-04-21 18:59:23.066844,0 days 00:00:00.174530,-36.788291974011784,20.941945531937932,34.69289586400539,100.0,42.74354865667191,29.192254974330126,-60.461511367597986,45.795519394064655,57.15568790697066,28.296335187152142,3.1440953261665925,65.81876047748071,Unfeasible shape,GPSampler,PRUNED
4566,4566,6.0,2026-04-21 18:59:23.321319,2026-04-21 18:59:23.490641,0 days 00:00:00.169322,-36.76548996835756,21.085813258371633,34.86149950260845,100.0,42.76226728295528,29.037090745494474,-60.41925321951419,45.72265256479591,56.8442542387213,28.46970123517522,3.085373998385407,65.68362110313083,Unfeasible shape,GPSampler,PRUNED
4567,4567,6.0,2026-04-21 18:59:23.660164,2026-04-21 18:59:23.802810,0 days 00:00:00.142646,-36.843837518356686,20.87304819955909,34.77866662090052,100.0,42.80035473132196,29.356565870082406,-60.41021776137325,45.97946496862681,57.270628789596095,28.444757444755524,3.1372577771973127,65.84581241594229,Unfeasible shape,GPSampler,PRUNED
4568,4568,6.0,2026-04-21 18:59:24.007756,2026-04-21 18:59:24.184234,0 days 00:00:00.176478,-36.76379003962773,20.905556596512433,34.88332218618834,100.0,42.71284512473957,29.11564507461489,-60.360185106406064,45.85116953247373,57.169768889436924,28.367094877686615,3.1191355726948444,65.72086589556099,Unfeasible shape,GPSampler,PRUNED
4569,4569,6.0,2026-04-21 18:59:24.368837,2026-04-21 18:59:24.486483,0 days 00:00:00.117646,-36.719093594536915,20.98754171530111,34.581233527726475,100.0,42.5637984041467,29.12771827116324,-60.50773130258492,45.98763523879684,57.19052408287843,28.313475756473387,3.1052814734391347,65.88434942376833,Unfeasible shape,GPSampler,PRUNED
4570,4570,6.0,2026-04-21 18:59:24.719003,2026-04-21 18:59:24.862385,0 days 00:00:00.143382,-36.7578758744088,21.07163517234944,34.755517455741554,100.0,42.73081418203767,28.787018155316524,-60.531348605085,45.85775180773594,56.9405927562768,28.669910362346478,3.0629526392815407,65.3953072604164,Unfeasible shape,GPSampler,PRUNED
4571,4571,6.0,2026-04-21 18:59:25.062445,2026-04-21 18:59:25.196024,0 days 00:00:00.133579,-36.68390153254197,21.18527508496463,34.79497167391281,100.0,42.639502701104746,29.116515833582802,-60.526814078646154,45.98096775239691,57.271304836638265,28.566176514163175,3.0787418772790076,65.65079901278311,Unfeasible shape,GPSampler,PRUNED
4572,4572,6.0,2026-04-21 18:59:25.382434,2026-04-21 18:59:25.535814,0 days 00:00:00.153380,-36.79419522801289,20.906840493961415,35.00080338737835,100.0,42.96527072373688,28.94864551657487,-60.19853904875383,45.798958037690625,57.034141002153106,28.523512024019475,3.0682175037086594,65.62761513957433,Unfeasible shape,GPSampler,PRUNED
4573,4573,6.0,2026-04-21 18:59:25.729618,2026-04-21 18:59:25.904027,0 days 00:00:00.174409,-36.719337498766826,20.94627601828185,34.85634341276355,100.0,42.623104198533916,29.06789997839919,-60.68049054950107,45.96341710550419,57.13400868595405,28.26368475864842,3.084919240434509,65.41647504169914,Unfeasible shape,GPSampler,PRUNED
4574,4574,6.0,2026-04-21 18:59:26.113468,2026-04-21 18:59:26.292868,0 days 00:00:00.179400,-36.768651296969445,21.19204713928106,34.883176607491016,100.0,42.70990822097431,29.07808264408363,-60.53530189071934,45.948389008374996,57.16932933408142,28.45723144760924,3.1232914031921126,65.67783508615453,Unfeasible shape,GPSampler,PRUNED
4575,4575,6.0,2026-04-21 18:59:26.712819,2026-04-21 18:59:26.843881,0 days 00:00:00.131062,-36.78568198255367,21.165555892238416,34.703061774203576,100.0,42.726174474016744,29.013696813993292,-60.56140875894636,45.85466143406415,57.14411922927005,28.41735204631967,3.1342837088656026,65.68224660245893,Unfeasible shape,GPSampler,PRUNED
4576,4576,6.0,2026-04-21 18:59:27.031448,2026-04-21 18:59:27.183565,0 days 00:00:00.152117,-36.73718863041569,21.24673954085759,34.73263731372843,100.0,42.825693801478934,28.94837361496284,-60.4733708210437,45.943799471746814,57.315142110660794,28.443500513581807,3.1064243884849105,65.64304762293567,Unfeasible shape,GPSampler,PRUNED
4577,4577,6.0,2026-04-21 18:59:27.432516,2026-04-21 18:59:27.616048,0 days 00:00:00.183532,-36.87147738643625,20.49753805455199,35.08455906062366,100.0,42.749833955545476,27.954799317706396,-60.059034703619524,45.79773792429669,56.76521950549658,29.10110396837719,3.069565529962688,65.7517710429034,Unfeasible shape,GPSampler,PRUNED
4578,4578,6.0,2026-04-21 18:59:27.806189,2026-04-21 18:59:27.954651,0 days 00:00:00.148462,-36.74582499377144,20.95125936402329,34.36629816132666,100.0,43.31784301850378,29.387306298500818,-60.456868702249096,45.36924044887953,57.34438091105791,28.383467647590326,3.294422814430483,66.1050672398808,Unfeasible shape,GPSampler,PRUNED
4579,4579,6.0,2026-04-21 18:59:28.165170,2026-04-21 18:59:28.330498,0 days 00:00:00.165328,-36.67389053580635,20.617434989409148,34.63465073871639,100.0,42.740114512343254,29.042117127948323,-60.27048976964949,45.811149870983904,56.90426857614634,28.873590917046023,3.1632324631378523,65.83738311873256,Unfeasible shape,GPSampler,PRUNED
4580,4580,6.0,2026-04-21 18:59:28.552413,2026-04-21 18:59:28.720172,0 days 00:00:00.167759,-36.61171088860653,20.932539476052405,35.04374917881671,100.0,43.5636584014114,28.99729242181082,-60.33773362827739,45.63847816111842,57.4040863709795,28.612752466339355,3.241297935387337,65.77752656502375,Unfeasible shape,GPSampler,PRUNED
4581,4581,6.0,2026-04-21 18:59:28.929111,2026-04-21 18:59:29.145997,0 days 00:00:00.216886,-36.751909643109336,20.961319477967734,34.90811307544855,100.0,42.806607914918544,29.078810032896612,-60.29589777546299,46.20701492398273,57.16949765822843,28.607016948323803,3.1213025332627637,65.58021844686459,Unfeasible shape,GPSampler,PRUNED
4582,4582,6.0,2026-04-21 18:59:29.339598,2026-04-21 18:59:29.486319,0 days 00:00:00.146721,-36.80940985689335,21.13133739249536,34.99894433878022,100.0,42.72119821399838,28.936013768909554,-60.34703065951064,46.09829678808358,57.0861324499144,28.792907671988104,3.038958041245401,65.54398606295949,Unfeasible shape,GPSampler,PRUNED
4583,4583,6.0,2026-04-21 18:59:29.709958,2026-04-21 18:59:29.961108,0 days 00:00:00.251150,-36.64167202799811,21.858182296968423,35.13153269223177,100.0,43.20566648105575,28.25195096398773,-60.094349476966656,46.46054530657544,57.91452838639462,27.926862444843785,3.0877660577847195,65.49154062801033,Unfeasible shape,GPSampler,PRUNED
4584,4584,6.0,2026-04-21 18:59:30.126025,2026-04-21 18:59:30.278276,0 days 00:00:00.152251,-36.78250139213515,21.09495439963159,34.513284047949,100.0,42.738042151470424,29.540908382649917,-60.4860254988727,45.766860637404776,57.36634592193866,28.274141905165337,3.261838426361706,65.94778972980532,Unfeasible shape,GPSampler,PRUNED
4585,4585,6.0,2026-04-21 18:59:30.496865,2026-04-21 18:59:30.646221,0 days 00:00:00.149356,-36.713885559506004,20.999568201606465,34.79002126749795,100.0,42.69123129180426,29.008245481283822,-60.46572842488024,45.99888245778097,57.134759643812565,28.309707393204185,3.052686286512504,65.61021457426492,Unfeasible shape,GPSampler,PRUNED
4586,4586,6.0,2026-04-21 18:59:30.857463,2026-04-21 18:59:31.076580,0 days 00:00:00.219117,-36.85065774676567,21.44004852928058,34.982058356472706,100.0,42.57584903992495,29.254936040348085,-60.39830622437427,45.89881501251519,57.479161384135026,28.289497003866757,3.2317986210544944,65.68150063760339,Unfeasible shape,GPSampler,PRUNED
4587,4587,6.0,2026-04-21 18:59:31.311259,2026-04-21 18:59:31.548465,0 days 00:00:00.237206,-36.69088069235697,20.913211267443092,34.861239645718996,100.0,42.875723961882386,29.07754214341795,-60.305185962605115,46.12232330650817,57.25005324746157,28.020453448090986,3.0703284374828357,65.61004736051096,Unfeasible shape,GPSampler,PRUNED
4588,4588,6.0,2026-04-21 18:59:31.745066,2026-04-21 18:59:31.918970,0 days 00:00:00.173904,-36.81649212937639,20.974675372636266,35.16858809966317,100.0,42.66147294675978,29.184226555387546,-60.39587566510937,45.19880705002981,57.19287535075731,28.731462163238405,3.0980431145013654,65.40116393126975,Unfeasible shape,GPSampler,PRUNED
4589,4589,6.0,2026-04-21 18:59:32.126560,2026-04-21 18:59:32.250409,0 days 00:00:00.123849,-36.80354878351262,20.970934319980685,34.51270400144284,100.0,42.73493158439334,29.228219438550255,-60.39348586959403,46.09219930853391,57.29579613321222,27.946246510456422,3.2731105283700117,65.81915721687018,Unfeasible shape,GPSampler,PRUNED
4590,4590,6.0,2026-04-21 18:59:32.440349,2026-04-21 18:59:32.606461,0 days 00:00:00.166112,-36.70906985154796,21.078102795438674,35.22211987862649,100.0,42.60511765503621,29.264348733013875,-60.36756997077238,46.03733674299352,57.046652906944246,28.37365073997718,3.095254694596548,65.53472445396771,Unfeasible shape,GPSampler,PRUNED
4591,4591,6.0,2026-04-21 18:59:32.798824,2026-04-21 18:59:32.941578,0 days 00:00:00.142754,-36.76808431560649,21.19829597726313,34.95320109932913,100.0,42.730015091068786,28.922572481526295,-60.25176309973675,45.92688406642291,57.03288023771306,28.52437229190866,3.0877226541171865,65.63174071603659,Unfeasible shape,GPSampler,PRUNED
4592,4592,6.0,2026-04-21 18:59:33.147472,2026-04-21 18:59:33.295437,0 days 00:00:00.147965,-36.72075472693783,20.685771341734032,35.21495839056037,100.0,42.52404418995058,28.818349731504284,-60.20197494541919,45.600893507518705,56.954014587816445,28.728484781930646,2.9983371434721278,65.41493616436574,Unfeasible shape,GPSampler,PRUNED
4593,4593,6.0,2026-04-21 18:59:33.493242,2026-04-21 18:59:33.651927,0 days 00:00:00.158685,-36.788852531657156,21.71309529972184,34.49776158160697,100.0,42.860383222252274,29.42138961480643,-60.554074827604836,46.053149669088434,57.3073587648119,28.328313630864837,3.2479758505921907,65.78365785109976,Unfeasible shape,GPSampler,PRUNED
4594,4594,6.0,2026-04-21 18:59:33.855861,2026-04-21 18:59:33.997774,0 days 00:00:00.141913,-36.782311662931775,20.673379958184647,34.91423366837602,100.0,42.60351950160124,29.107868080169993,-60.29803187725409,45.98471065814246,57.1851581700224,28.44214499115542,3.1299819689695596,65.74246618022408,Unfeasible shape,GPSampler,PRUNED
4595,4595,6.0,2026-04-21 18:59:34.209643,2026-04-21 18:59:34.352964,0 days 00:00:00.143321,-36.82458912108624,20.779313250667617,34.87566239063854,100.0,42.446184358356135,29.022283012661596,-60.62943108739582,45.95629119869251,57.35642644147525,28.38188653868514,3.079501032861195,65.73105013257853,Unfeasible shape,GPSampler,PRUNED
4596,4596,6.0,2026-04-21 18:59:34.553250,2026-04-21 18:59:34.707614,0 days 00:00:00.154364,-36.73659211589147,21.1234289661545,34.696876623327995,100.0,42.631721063708845,29.168799377529233,-60.43809337346231,45.96091895150542,57.20214038830091,28.410573257946087,3.159308758700128,65.79090817823453,Unfeasible shape,GPSampler,PRUNED
4597,4597,6.0,2026-04-21 18:59:34.902985,2026-04-21 18:59:35.088534,0 days 00:00:00.185549,-36.723364772992525,21.39920573046058,34.27738414104188,100.0,42.57625739556651,29.23476079440632,-60.34447755654695,45.84829745088495,57.38828198739684,28.552401659658987,3.201602330202114,65.77267236676433,Unfeasible shape,GPSampler,PRUNED
4598,4598,6.0,2026-04-21 18:59:35.334616,2026-04-21 18:59:35.509287,0 days 00:00:00.174671,-36.68056639065047,20.955870201419433,34.99529103359899,100.0,42.65303929670294,28.903404019818844,-60.15374567866215,45.94817614616231,57.08184203103397,28.441192085256695,3.062068664317245,65.67909556833348,Unfeasible shape,GPSampler,PRUNED
4599,4599,6.0,2026-04-21 18:59:35.679085,2026-04-21 18:59:35.847668,0 days 00:00:00.168583,-36.774431805279605,20.461710040273207,34.95137477845876,100.0,42.65071034261301,28.696720584743268,-60.35291737067067,46.011831917308264,56.87636473613997,28.331274563580884,3.127171563057189,65.59161157732177,Unfeasible shape,GPSampler,PRUNED
4600,4600,6.0,2026-04-21 18:59:36.038551,2026-04-21 18:59:36.181204,0 days 00:00:00.142653,-36.695463685227864,21.11004387008677,34.738561997524215,100.0,43.31878880452935,29.586219363143883,-60.28113803017304,45.93701895086393,57.11629507319297,28.05550714642744,3.1108418654206176,65.86036658642686,Unfeasible shape,GPSampler,PRUNED
4601,4601,6.0,2026-04-21 18:59:36.403929,2026-04-21 18:59:36.609591,0 days 00:00:00.205662,-36.802036529080084,20.991902221455916,34.74979515384568,100.0,42.73438315875123,28.98881524909011,-60.30876402978897,45.95984879245672,57.14366282239154,28.485026866472904,3.10535235584949,65.77764733544892,Unfeasible shape,GPSampler,PRUNED
4602,4602,6.0,2026-04-21 18:59:36.875685,2026-04-21 18:59:37.019481,0 days 00:00:00.143796,-36.82586905386903,20.965331713859285,34.67176771735171,100.0,42.90799191844287,29.294150888516313,-60.38234364920635,45.792921997948014,57.22803980806662,28.26324700745185,3.119170994096102,65.72520155191683,Unfeasible shape,GPSampler,PRUNED
4603,4603,6.0,2026-04-21 18:59:37.223804,2026-04-21 18:59:37.382329,0 days 00:00:00.158525,-36.782908257005666,20.856586549834883,35.21955952679697,100.0,42.741602536613904,28.884710278888,-60.22990099277246,45.83409558823629,56.99570577705185,28.593579297658344,3.0585705221261463,65.5185189758938,Unfeasible shape,GPSampler,PRUNED
4604,4604,6.0,2026-04-21 18:59:37.611938,2026-04-21 18:59:37.769835,0 days 00:00:00.157897,-36.546631965243876,20.97949560482856,34.41110895173894,100.0,42.77356375172959,28.951398500949608,-60.572457705661165,45.50121714337358,57.077491547469606,28.363961398726616,3.2143389591117923,65.59734413292003,Unfeasible shape,GPSampler,PRUNED
4605,4605,6.0,2026-04-21 18:59:37.967271,2026-04-21 18:59:38.141611,0 days 00:00:00.174340,-36.64853858536952,20.877283782140218,34.47073286733881,100.0,42.19305720422993,29.356958873181625,-60.347294690330806,45.60843180400219,57.210387359372085,27.744130590289796,3.0420696285468765,65.74781199887917,Unfeasible shape,GPSampler,PRUNED
4606,4606,6.0,2026-04-21 18:59:38.360605,2026-04-21 18:59:38.582014,0 days 00:00:00.221409,-36.73658917638608,21.210381147912127,34.969953559004445,100.0,42.680607703144396,29.237705974259164,-60.31753906290095,45.89678545481143,57.10310544226953,28.3107564977332,3.1019670032752273,65.75041153146641,Unfeasible shape,GPSampler,PRUNED
4607,4607,6.0,2026-04-21 18:59:38.778832,2026-04-21 18:59:39.020974,0 days 00:00:00.242142,-36.52070108657314,20.455478287929758,35.23068523969886,100.0,43.222784933436266,28.697210309406415,-60.51068112058755,45.819498574513595,56.98271064478866,28.580819999354095,3.0489270566204496,65.37837527216227,Unfeasible shape,GPSampler,PRUNED
4608,4608,6.0,2026-04-21 18:59:39.234716,2026-04-21 18:59:39.426553,0 days 00:00:00.191837,-36.826225281150116,20.974300386729603,34.68743350405349,100.0,42.84841486290276,29.080652490617176,-60.39785801100124,45.79954318578741,57.199846951970756,28.402534310446548,3.120171867552955,65.81263577447928,Unfeasible shape,GPSampler,PRUNED
4609,4609,6.0,2026-04-21 18:59:39.671500,2026-04-21 18:59:39.814331,0 days 00:00:00.142831,-36.78225581221918,21.198848905330617,34.91088755573222,100.0,42.70024903304266,28.91565282797316,-60.258433033654796,46.08856132891519,57.16614127923814,28.453181673434106,3.0941736563640703,65.72921805470872,Unfeasible shape,GPSampler,PRUNED
4610,4610,6.0,2026-04-21 18:59:39.999528,2026-04-21 18:59:40.157575,0 days 00:00:00.158047,-36.777304852728854,21.275981536348617,34.65753037863132,100.0,42.79628432485791,28.90296330738427,-60.52148345598437,45.932866492043715,57.32471096068939,28.560832026055596,3.1367698121391925,65.66622655037918,Unfeasible shape,GPSampler,PRUNED
4611,4611,6.0,2026-04-21 18:59:40.363706,2026-04-21 18:59:40.521922,0 days 00:00:00.158216,-36.75670699065719,21.058981360070007,34.70737607976936,100.0,42.7345354290322,29.016598279708944,-60.36191381843466,45.96895146683198,57.2348778524296,28.267950438244235,3.128714220983582,65.85409168734517,Unfeasible shape,GPSampler,PRUNED
4612,4612,6.0,2026-04-21 18:59:40.767002,2026-04-21 18:59:40.894141,0 days 00:00:00.127139,-36.76162786987768,21.09339099635237,34.82625116693153,100.0,42.7279210455512,29.06278856600168,-60.301606524056325,45.84089525514765,57.17262138175527,28.353668866201147,3.1069914530476055,65.69234791628922,Unfeasible shape,GPSampler,PRUNED
4613,4613,6.0,2026-04-21 18:59:41.077525,2026-04-21 18:59:41.235974,0 days 00:00:00.158449,-36.632559187965434,21.127803431757258,34.935233936744446,100.0,42.83167340535604,28.797219108091944,-60.417251579971435,45.753708610150966,57.00899623161971,28.765851574537432,3.1781837053701167,65.8965239361653,Unfeasible shape,GPSampler,PRUNED
4614,4614,6.0,2026-04-21 18:59:41.441195,2026-04-21 18:59:41.598854,0 days 00:00:00.157659,-36.76333729191106,20.832008977449092,35.08649571823917,100.0,43.04790013475629,29.0686815835194,-60.444741509717204,45.953512545927865,57.11434479108834,28.35470508005959,3.0965753064247608,65.57905461421548,Unfeasible shape,GPSampler,PRUNED
