,number,value,datetime_start,datetime_complete,duration,params_lLegPt.rA1,params_lLegPt.rL0,params_lLegPt.rL1,params_lLegPt.rL2,params_lLegPt.x1,params_lLegPt.y1,params_sLegPt.rA1,params_sLegPt.rL0,params_sLegPt.rL1,params_sLegPt.rL2,params_sLegPt.x1,params_sLegPt.y1,user_attrs_prune,system_attrs_auto:sampler,state
381,381,6.0,2026-04-21 18:35:08.217056,2026-04-21 18:35:08.343488,0 days 00:00:00.126432,-36.880136060802194,21.006454671046097,34.61508412496246,100.0,42.54565330929198,28.96869375086414,-60.38127494268968,45.811629173051934,57.095648249498076,28.584747642970626,3.1838737329433258,66.00877617329287,Unfeasible shape,GPSampler,PRUNED
382,382,6.0,2026-04-21 18:35:08.659386,2026-04-21 18:35:08.801860,0 days 00:00:00.142474,-36.82957982771082,21.105743648008794,34.89391555764935,100.0,42.58842585625923,29.101330525587912,-60.14769740227473,46.00079394913129,57.02842004201912,28.209114650518284,3.091191723793635,65.46287648977578,Unfeasible shape,GPSampler,PRUNED
383,383,6.0,2026-04-21 18:35:08.952909,2026-04-21 18:35:09.095571,0 days 00:00:00.142662,-36.88698199872221,20.93247137028397,34.91758248138673,100.0,42.97561911970381,28.903510277277753,-60.0229636226255,46.18692197870788,57.01315790371039,28.38471480488537,3.0881427460753557,65.50663347814373,Unfeasible shape,GPSampler,PRUNED
384,384,6.0,2026-04-21 18:35:09.236622,2026-04-21 18:35:09.411419,0 days 00:00:00.174797,-36.73736994682961,21.28786718849532,34.96046926167146,100.0,43.041870767341685,28.732063241448486,-60.329825764845125,45.886226780321756,57.09310472336193,28.880219414319434,3.078723889530586,65.52094533276194,Unfeasible shape,GPSampler,PRUNED
385,385,6.0,2026-04-21 18:35:09.579621,2026-04-21 18:35:09.689986,0 days 00:00:00.110365,-36.86307536197027,20.88211793504506,34.71975101743631,100.0,42.65261915196621,29.076162017905624,-60.40852956237934,45.86967224757769,57.11533233645477,28.273949462183417,3.107295018382935,65.66528135920932,Unfeasible shape,GPSampler,PRUNED
386,386,6.0,2026-04-21 18:35:09.845813,2026-04-21 18:35:10.019639,0 days 00:00:00.173826,-36.82367418629397,21.06211716394674,34.60654142603792,100.0,42.81795165064362,29.157997575627128,-60.44037211207082,45.806543260871926,57.052419270266576,28.159640805362987,3.1236932927396523,65.66241493216955,Unfeasible shape,GPSampler,PRUNED
387,387,6.0,2026-04-21 18:35:10.159486,2026-04-21 18:35:10.349527,0 days 00:00:00.190041,-36.704481268280176,21.210121442881338,34.32734428336982,100.0,42.99986786061205,29.656242744455504,-60.42550143053837,46.14828817435356,56.800087821782846,28.10464025176021,3.297711839214074,65.84368559148142,Unfeasible shape,GPSampler,PRUNED
388,388,6.0,2026-04-21 18:35:10.537351,2026-04-21 18:35:10.743675,0 days 00:00:00.206324,-36.778375311526915,21.187905024147533,34.783040888355515,100.0,42.87347436988704,29.052124381724,-60.81515363417305,45.575478336636635,57.060775561236845,28.29233250227594,3.04022723133604,65.9083182688123,Unfeasible shape,GPSampler,PRUNED
389,389,6.0,2026-04-21 18:35:10.907825,2026-04-21 18:35:11.011648,0 days 00:00:00.103823,-36.80657371575123,21.044203969945265,34.64439103331236,100.0,42.86761117042974,29.21880150727536,-60.18535023562339,45.69270745644096,57.080579473941356,28.371105123223643,3.127006018216427,65.62181432719488,Unfeasible shape,GPSampler,PRUNED
390,390,6.0,2026-04-21 18:35:11.161196,2026-04-21 18:35:11.336269,0 days 00:00:00.175073,-36.783441384060254,21.141105659714373,34.85614168543576,100.0,42.78560434288555,29.082155800572025,-60.257719265591845,45.90060677284934,57.22315512482135,28.452500796964834,3.150087572493817,65.84344617982369,Unfeasible shape,GPSampler,PRUNED
391,391,6.0,2026-04-21 18:35:11.502812,2026-04-21 18:35:11.693684,0 days 00:00:00.190872,-36.72990456706633,21.067193796493473,34.831388107952876,100.0,42.52446141184768,28.96277700031689,-60.22224865167031,46.04716422645506,57.09995342809446,28.59366015732977,3.127512988696381,65.77618410699186,Unfeasible shape,GPSampler,PRUNED
392,392,6.0,2026-04-21 18:35:11.866748,2026-04-21 18:35:12.025091,0 days 00:00:00.158343,-36.73558502430884,20.82568560742118,34.89590688445224,100.0,42.63767871399715,28.66189698167291,-60.424801646995576,45.97106170641765,57.277212109422436,28.416646767575294,3.1380856816639877,65.7320293015198,Unfeasible shape,GPSampler,PRUNED
393,393,6.0,2026-04-21 18:35:12.188813,2026-04-21 18:35:12.355321,0 days 00:00:00.166508,-36.8316495680085,21.325730096044772,34.41241264805158,100.0,42.948201678850424,29.310750250386796,-60.519837376586686,45.82340416413113,57.38832544864959,28.358315143128735,3.1963528319055854,65.9708174908463,Unfeasible shape,GPSampler,PRUNED
394,394,6.0,2026-04-21 18:35:12.538843,2026-04-21 18:35:12.666341,0 days 00:00:00.127498,-36.92566332435959,20.527742692321276,34.7003887847254,100.0,42.990310969505174,29.216196143905456,-60.278777675817864,46.14114488294468,57.2626576172169,28.182405854690042,3.10638575554254,65.73779080367213,Unfeasible shape,GPSampler,PRUNED
395,395,6.0,2026-04-21 18:35:12.836515,2026-04-21 18:35:13.137110,0 days 00:00:00.300595,-36.861494321707625,20.97893667850652,34.44569733026517,100.0,42.974345875246854,28.709747096272757,-60.37187885528179,46.10586659619935,57.25030878458192,28.38218953123652,3.0981492590483413,65.72231466783165,Unfeasible shape,GPSampler,PRUNED
396,396,6.0,2026-04-21 18:35:13.291053,2026-04-21 18:35:13.513785,0 days 00:00:00.222732,-36.8000126654276,20.93355020349443,34.930728981826874,100.0,42.65200677745383,29.10005456256286,-60.425719728270174,46.0109959573578,57.31332497509886,28.43053175093386,3.1119044313227775,65.60351299896962,Unfeasible shape,GPSampler,PRUNED
397,397,6.0,2026-04-21 18:35:13.669797,2026-04-21 18:35:13.813598,0 days 00:00:00.143801,-36.77413002396053,20.969886697291635,34.80492239035296,100.0,42.90968978280311,29.018475269944034,-60.056849408218945,45.89027097963185,57.00453738542799,28.547139997516943,3.1313103444666623,65.75349798291869,Unfeasible shape,GPSampler,PRUNED
398,398,6.0,2026-04-21 18:35:13.983692,2026-04-21 18:35:14.172883,0 days 00:00:00.189191,-36.78162156914021,21.02206633066394,34.88787655522719,100.0,42.77173808630811,28.889604843356317,-60.19615839923167,46.081443493459666,57.25913714821707,28.494983135759764,3.1060154347082474,65.63415562978167,Unfeasible shape,GPSampler,PRUNED
399,399,6.0,2026-04-21 18:35:14.383408,2026-04-21 18:35:14.494675,0 days 00:00:00.111267,-36.80976576638097,21.302057046449175,34.64634740359359,100.0,42.85221518577216,29.188428085708722,-60.42582459240715,45.685868006652576,57.21461979150162,28.6220713274444,3.1057765141313993,65.87022220908871,Unfeasible shape,GPSampler,PRUNED
400,400,6.0,2026-04-21 18:35:14.652260,2026-04-21 18:35:14.891645,0 days 00:00:00.239385,-36.78964883684417,21.378172478118913,34.82567194492913,100.0,42.74449847465522,29.027324005992398,-60.650304137964575,45.910566279759934,57.112414714555236,28.50993599894363,3.0917577591865637,65.72468737372648,Unfeasible shape,GPSampler,PRUNED
401,401,6.0,2026-04-21 18:35:15.091963,2026-04-21 18:35:15.246805,0 days 00:00:00.154842,-36.825664516520575,20.997596267753963,34.90691957583499,100.0,42.729365772679344,28.919688326363797,-60.3699182786996,45.939752312504886,57.23118694357056,28.508379868875508,3.1229252627829496,65.59311745038153,Unfeasible shape,GPSampler,PRUNED
402,402,6.0,2026-04-21 18:35:15.413813,2026-04-21 18:35:15.650606,0 days 00:00:00.236793,-36.75767119925592,21.143791084928623,34.54659279888501,100.0,42.4322245469055,29.16320227407455,-60.65448396554956,46.012628992849464,57.30565488243455,28.32795812311587,3.125614197052748,65.69816297475052,Unfeasible shape,GPSampler,PRUNED
403,403,6.0,2026-04-21 18:35:15.822703,2026-04-21 18:35:15.933658,0 days 00:00:00.110955,-36.761816591181486,21.15894710079312,34.536723620437236,100.0,42.8218877044363,29.610842060668993,-60.40218839236545,45.57241069909391,56.959873017661344,28.49741523971132,3.27695144111064,65.68614352648012,Unfeasible shape,GPSampler,PRUNED
404,404,6.0,2026-04-21 18:35:16.118449,2026-04-21 18:35:16.308278,0 days 00:00:00.189829,-36.8001199399839,20.9606829844617,34.84938753630302,100.0,42.67724398386164,28.92912759105637,-60.362794692900124,45.937644998070006,57.03519908956967,28.411282372554762,3.131518321438932,65.70499987918213,Unfeasible shape,GPSampler,PRUNED
405,405,6.0,2026-04-21 18:35:16.529449,2026-04-21 18:35:16.687002,0 days 00:00:00.157553,-36.75056500491034,20.545005527573498,34.77385965015746,100.0,42.68102945004381,28.895462199207415,-60.19630314745952,45.48948457190154,57.230859257956695,28.765970762105354,3.15768486821721,65.84954588412974,Unfeasible shape,GPSampler,PRUNED
406,406,6.0,2026-04-21 18:35:16.839365,2026-04-21 18:35:16.950289,0 days 00:00:00.110924,-36.788511737916906,20.836484338796975,35.477191105646135,100.0,43.02164844121437,28.709596459430898,-59.99106832310571,46.03351816045485,57.13102228718056,28.77130343820185,3.1790153714373943,65.36891133870498,Unfeasible shape,GPSampler,PRUNED
407,407,6.0,2026-04-21 18:35:17.108312,2026-04-21 18:35:17.346599,0 days 00:00:00.238287,-36.745502155413114,21.02603041406429,34.618346563899976,100.0,42.85294276655058,29.238131224901657,-60.328306024986134,45.992889725495736,57.21695526100294,28.098589870361828,3.1722119204986754,65.91299775943615,Unfeasible shape,GPSampler,PRUNED
408,408,6.0,2026-04-21 18:35:17.551414,2026-04-21 18:35:17.783896,0 days 00:00:00.232482,-36.6865189009971,21.165801889796107,34.54327329872894,100.0,42.73442707535688,29.13612832749081,-60.206103182589715,46.45964416501555,57.46031814889279,27.95922572395817,3.0855929078625692,65.92169002519154,Unfeasible shape,GPSampler,PRUNED
409,409,6.0,2026-04-21 18:35:17.927836,2026-04-21 18:35:18.069971,0 days 00:00:00.142135,-36.8691096371127,21.17362990721719,34.71570044060918,100.0,42.787006718739015,28.961133309803422,-60.226410407780634,45.76401380292003,57.1624616912075,28.533081269655224,3.2205255072630052,65.74946428723472,Unfeasible shape,GPSampler,PRUNED
410,410,6.0,2026-04-21 18:35:18.221058,2026-04-21 18:35:18.362695,0 days 00:00:00.141637,-36.8114591100828,21.00944870965371,34.70414250396345,100.0,42.73354378905347,29.007436447405276,-60.40374640326701,45.93540171222647,57.254214921445715,28.448649802466093,3.1296975129458104,65.67525477716404,Unfeasible shape,GPSampler,PRUNED
411,411,6.0,2026-04-21 18:35:18.538178,2026-04-21 18:35:18.670428,0 days 00:00:00.132250,-36.7882924865657,21.104346100468014,34.87181498971726,100.0,42.723891828439896,29.091807756268167,-60.40979578688771,45.95681069555481,57.14214232881216,28.41377764817252,3.134769868925666,65.70177121189809,Unfeasible shape,GPSampler,PRUNED
412,412,6.0,2026-04-21 18:35:18.818772,2026-04-21 18:35:19.104187,0 days 00:00:00.285415,-36.81557396277422,21.17433805263921,34.84791321455921,100.0,42.65995420435598,28.725740275154905,-60.567934410028705,45.94630916927111,57.10594142139864,28.645364445039633,3.0170051686401607,65.36910956051621,Unfeasible shape,GPSampler,PRUNED
413,413,6.0,2026-04-21 18:35:19.246000,2026-04-21 18:35:19.403564,0 days 00:00:00.157564,-36.70700381873179,20.8907670090852,34.62940703155665,100.0,42.97652270249878,29.074465354543975,-60.51770937879701,45.627228719025176,57.37504583701805,27.91085553620612,3.14401535518963,65.86756743928291,Unfeasible shape,GPSampler,PRUNED
414,414,6.0,2026-04-21 18:35:19.591415,2026-04-21 18:35:19.736026,0 days 00:00:00.144611,-36.806399794420976,20.95941862683663,34.751267293965086,100.0,42.761572075429086,28.95947226147782,-60.39480183539456,45.891972309177284,57.25867152168549,28.328616635821817,3.1131305451819173,65.74030533412186,Unfeasible shape,GPSampler,PRUNED
415,415,6.0,2026-04-21 18:35:19.996028,2026-04-21 18:35:20.126712,0 days 00:00:00.130684,-36.76530200281574,20.969554776218537,34.62778747825017,100.0,42.66957192271027,29.15735712756483,-60.37581405501652,46.096280541166664,57.35578699364886,28.186808810756965,3.1867706613184907,65.8474186928051,Unfeasible shape,GPSampler,PRUNED
416,416,6.0,2026-04-21 18:35:20.282840,2026-04-21 18:35:20.438860,0 days 00:00:00.156020,-36.85480527620435,20.995304574340068,34.89013128170485,100.0,42.75091447110344,28.91487102255936,-60.54593874693644,45.83310448344786,57.202728602047216,28.549293386898565,3.083844609408345,65.56388614972701,Unfeasible shape,GPSampler,PRUNED
417,417,6.0,2026-04-21 18:35:20.615329,2026-04-21 18:35:20.772844,0 days 00:00:00.157515,-36.76961770214444,20.990331956195327,34.75018800469121,100.0,42.775542916582374,29.12803708024054,-60.41909209528957,45.845843337233894,57.24192353178401,28.276871262051866,3.1284172707221742,65.8157864525342,Unfeasible shape,GPSampler,PRUNED
418,418,6.0,2026-04-21 18:35:20.943447,2026-04-21 18:35:21.101982,0 days 00:00:00.158535,-36.76700800855381,21.053738008346464,34.992322295631126,100.0,42.77295430171183,29.0778334870327,-60.3002429950177,45.94213688340744,57.06596826495341,28.497039027006775,3.110169570961432,65.66263986096604,Unfeasible shape,GPSampler,PRUNED
419,419,6.0,2026-04-21 18:35:21.269002,2026-04-21 18:35:21.410860,0 days 00:00:00.141858,-37.08021255301404,20.60828996578443,34.693122647770714,100.0,42.70375706889898,28.768177721092258,-60.057753551049466,45.80318031079558,57.136623226134205,28.568185983255827,2.9966195330858056,65.6458288287659,Unfeasible shape,GPSampler,PRUNED
420,420,6.0,2026-04-21 18:35:21.564192,2026-04-21 18:35:21.777322,0 days 00:00:00.213130,-36.85357371790208,21.368229436199183,33.920616036566784,100.0,42.72962353991074,29.185348253328065,-60.73162712714074,46.1330125357251,57.670781528662815,27.58218987704898,3.1801021880110056,66.04845965279827,Unfeasible shape,GPSampler,PRUNED
421,421,6.0,2026-04-21 18:35:21.928164,2026-04-21 18:35:22.115973,0 days 00:00:00.187809,-36.802413817882865,20.6426222414579,34.822585442406464,100.0,42.51523598581812,28.908735723175973,-60.293794596514296,46.15144186773497,57.117677419564146,28.69881107552386,3.0801595794743406,65.59416370719104,Unfeasible shape,GPSampler,PRUNED
422,422,6.0,2026-04-21 18:35:22.259518,2026-04-21 18:35:22.444538,0 days 00:00:00.185020,-36.7930311175048,20.939950736160338,34.91232740700276,100.0,42.785710599223634,28.981864363326565,-60.310091417450515,45.97796789803799,57.11546944406938,28.40992937618752,3.1120647749059174,65.66094281181614,Unfeasible shape,GPSampler,PRUNED
423,423,6.0,2026-04-21 18:35:22.638887,2026-04-21 18:35:22.821110,0 days 00:00:00.182223,-36.831828215233855,21.017709398530222,34.58688234833809,100.0,42.66830465916555,28.903686341839347,-60.33066222805789,46.137590002206444,57.25511395845704,28.560544866759383,3.1568306822080956,65.65018075730782,Unfeasible shape,GPSampler,PRUNED
424,424,6.0,2026-04-21 18:35:22.988555,2026-04-21 18:35:23.144325,0 days 00:00:00.155770,-36.76595353373636,20.859841223642448,34.81616508004953,100.0,42.85737500118771,28.970998554990267,-60.359805963504584,45.92956836494377,57.06619868774505,28.426561644052516,3.133268100370877,65.6760013187736,Unfeasible shape,GPSampler,PRUNED
425,425,6.0,2026-04-21 18:35:23.288749,2026-04-21 18:35:23.507844,0 days 00:00:00.219095,-36.77511141212665,20.96107995652753,34.400182462320466,100.0,42.4854719249728,28.943306870611345,-60.86622127399001,45.824076962008775,57.208164609450634,28.161128512008982,3.034209040745587,65.74951223193958,Unfeasible shape,GPSampler,PRUNED
426,426,6.0,2026-04-21 18:35:23.707782,2026-04-21 18:35:23.839342,0 days 00:00:00.131560,-36.79825891230323,21.479125257141618,34.344980541616,100.0,42.61780017994048,29.565044747158026,-60.41587104728493,45.878684253325545,57.2493319233845,28.3298597714809,3.272699292104029,66.27239189714004,Unfeasible shape,GPSampler,PRUNED
427,427,6.0,2026-04-21 18:35:23.992384,2026-04-21 18:35:24.188856,0 days 00:00:00.196472,-36.70519981197815,20.72216366647279,35.019293931445915,100.0,42.923367293708644,28.949303909956377,-60.25917059121134,45.808659346182594,57.10871084033476,28.591323433115996,3.0663844854026863,65.6809188981176,Unfeasible shape,GPSampler,PRUNED
428,428,6.0,2026-04-21 18:35:24.373354,2026-04-21 18:35:24.516261,0 days 00:00:00.142907,-36.80008343265425,20.94025946686996,34.774928928592026,100.0,42.66871359613777,29.029994616340616,-60.34460636158738,45.849401805520266,57.10483196518471,28.438819346152854,3.123295547277678,65.86804159973181,Unfeasible shape,GPSampler,PRUNED
429,429,6.0,2026-04-21 18:35:24.683345,2026-04-21 18:35:24.827891,0 days 00:00:00.144546,-36.830286898042296,20.88598488027434,34.85340239077323,100.0,42.6830885860043,28.955389241455016,-60.26666783066075,46.084434975501516,57.065774937689405,28.270027915660783,3.0388030922366838,65.66530975975881,Unfeasible shape,GPSampler,PRUNED
430,430,6.0,2026-04-21 18:35:24.979679,2026-04-21 18:35:25.107107,0 days 00:00:00.127428,-36.66592377905435,21.078265048496533,34.77377104939147,100.0,42.77516019342039,29.107502922476854,-60.28142783839344,45.925598196852825,57.209125156365424,28.34542176375522,3.222119685298871,65.87638111250918,Unfeasible shape,GPSampler,PRUNED
431,431,6.0,2026-04-21 18:35:25.264950,2026-04-21 18:35:25.475748,0 days 00:00:00.210798,-36.864563093843046,20.367126795227556,35.089046206690924,100.0,42.83778732911323,28.901248470281544,-60.3933756935666,46.163271395826136,57.111257734633554,28.549500427622498,3.015977058602502,65.36984367359025,Unfeasible shape,GPSampler,PRUNED
432,432,6.0,2026-04-21 18:35:25.663980,2026-04-21 18:35:25.830236,0 days 00:00:00.166256,-36.79405395279022,20.96873439667061,34.7915789846806,100.0,42.72693231473978,29.045453396347106,-60.43129130523266,45.868910530068106,57.17081830532785,28.308265686258473,3.112532791570878,65.75245423749551,Unfeasible shape,GPSampler,PRUNED
433,433,6.0,2026-04-21 18:35:25.999037,2026-04-21 18:35:26.093762,0 days 00:00:00.094725,-36.74774025984059,21.099616777425727,35.018601872871095,100.0,42.629793019419445,29.20347055058202,-60.391596777528434,45.925697175755204,57.12546652934895,28.47150630168096,3.106084931619293,65.59459754739073,Unfeasible shape,GPSampler,PRUNED
434,434,6.0,2026-04-21 18:35:26.271854,2026-04-21 18:35:26.410976,0 days 00:00:00.139122,-36.77967676323199,21.03013783304239,35.007229435701696,100.0,42.88153612775466,28.900120939425868,-60.25129661507446,46.04184452309865,57.054460222869764,28.304257035161715,3.008850412242822,65.56024491416493,Unfeasible shape,GPSampler,PRUNED
435,435,6.0,2026-04-21 18:35:26.588052,2026-04-21 18:35:26.777910,0 days 00:00:00.189858,-36.70053350099128,21.132415892828085,34.90409432818257,100.0,42.8500909846917,29.086672062144153,-60.30328273573855,45.78807862048546,57.23618696846055,28.443780243901845,3.146121371914603,65.7106478248737,Unfeasible shape,GPSampler,PRUNED
436,436,6.0,2026-04-21 18:35:26.961539,2026-04-21 18:35:27.110789,0 days 00:00:00.149250,-36.779782392109404,21.09118593894147,34.69369597606546,100.0,42.64869153557576,29.10741324678989,-60.51950408784255,45.811035252062496,57.1080386134118,28.471666969628014,3.129230975346424,65.82236592873757,Unfeasible shape,GPSampler,PRUNED
437,437,6.0,2026-04-21 18:35:27.242635,2026-04-21 18:35:27.369168,0 days 00:00:00.126533,-36.840546597923186,20.980930255777068,34.83174456735483,100.0,42.759734789421195,29.172015530905632,-60.34427698207455,45.93123781448938,57.13666330794521,28.48963028733327,3.0859164851382843,65.72922839061688,Unfeasible shape,GPSampler,PRUNED
438,438,6.0,2026-04-21 18:35:27.529593,2026-04-21 18:35:27.662590,0 days 00:00:00.132997,-36.72462254332309,21.12278016080328,34.543382763936165,100.0,42.57557414164001,28.73272505562334,-60.72874949297973,45.654906474078665,57.038532084722405,28.53479572790737,3.0696892470272488,65.57274972766868,Unfeasible shape,GPSampler,PRUNED
439,439,6.0,2026-04-21 18:35:27.924246,2026-04-21 18:35:28.068508,0 days 00:00:00.144262,-36.73475695988154,20.745538449470683,35.20089022523986,100.0,42.29804544340036,28.799664877121863,-60.28762264020017,45.73281039516722,57.31053455513654,28.41924716341248,3.07710730542793,65.70158903387636,Unfeasible shape,GPSampler,PRUNED
440,440,6.0,2026-04-21 18:35:28.243181,2026-04-21 18:35:28.404837,0 days 00:00:00.161656,-36.979354854552646,20.82198661964634,34.49101450816242,99.84426438678405,42.612796868607106,29.53622489614237,-60.325351792258346,45.5877390755754,57.113075508363266,28.509010218068994,3.1696754172220665,66.16508475877141,Unfeasible shape,GPSampler,PRUNED
441,441,6.0,2026-04-21 18:35:28.594443,2026-04-21 18:35:28.739952,0 days 00:00:00.145509,-36.81488502981834,21.05290421418951,34.66876425279715,100.0,42.57442318551508,29.225785025581615,-60.47349125509362,45.87818332326599,57.37319773055539,28.066135057141405,3.128118260084335,65.69337156064915,Unfeasible shape,GPSampler,PRUNED
442,442,6.0,2026-04-21 18:35:28.879360,2026-04-21 18:35:29.045954,0 days 00:00:00.166594,-36.68865695759891,20.996653598863737,34.777517784980915,100.0,42.58208389833421,29.077247879932187,-60.462994459601326,45.814623178883096,57.14127875259925,28.404002001691726,3.112996419008482,65.5917917499587,Unfeasible shape,GPSampler,PRUNED
443,443,6.0,2026-04-21 18:35:29.198583,2026-04-21 18:35:29.364682,0 days 00:00:00.166099,-36.7212181503479,20.407813530871174,34.76610597722235,100.0,42.72903003091618,29.197432123454206,-60.40782758628595,45.65163530351441,56.88462159718765,29.163201473423765,3.133470293016046,65.93088603434026,Unfeasible shape,GPSampler,PRUNED
444,444,6.0,2026-04-21 18:35:29.531267,2026-04-21 18:35:29.682976,0 days 00:00:00.151709,-36.758194993100275,21.507984048422426,34.66927395150719,100.0,42.85633726939669,29.017639763303116,-60.366852948744416,45.94358162232734,57.26898453337758,28.400528416654794,3.1006865736381855,65.91835379989124,Unfeasible shape,GPSampler,PRUNED
445,445,6.0,2026-04-21 18:35:29.857927,2026-04-21 18:35:29.968306,0 days 00:00:00.110379,-36.96989892369373,20.173528018654448,34.91520991954307,100.0,42.86196383151016,29.080391696624915,-60.18742078854888,45.6558437283552,57.346972734282865,29.01338399065226,3.098731897311005,65.53051952125182,Unfeasible shape,GPSampler,PRUNED
