,number,value,datetime_start,datetime_complete,duration,params_lLegPt.rA1,params_lLegPt.rL0,params_lLegPt.rL1,params_lLegPt.rL2,params_lLegPt.x1,params_lLegPt.y1,params_sLegPt.rA1,params_sLegPt.rL0,params_sLegPt.rL1,params_sLegPt.rL2,params_sLegPt.x1,params_sLegPt.y1,user_attrs_prune,system_attrs_auto:sampler,state
4231,4231,6.0,2026-04-21 18:57:21.015797,2026-04-21 18:57:21.166247,0 days 00:00:00.150450,-36.8308757911529,20.750089597685992,34.73054092851224,100.0,42.54799345066429,29.153192831134398,-60.64440187473235,45.724334110458734,57.140796426395134,28.348183139353264,3.135933392898856,65.62345009533436,Unfeasible shape,GPSampler,PRUNED
4232,4232,6.0,2026-04-21 18:57:21.344999,2026-04-21 18:57:21.499754,0 days 00:00:00.154755,-36.758378816041585,20.720944404370034,34.870408306463695,100.0,42.6290387665039,28.92796038721771,-60.23638242512004,45.979305508912496,57.218299376527284,28.382784254710405,3.113823249875381,65.68718480600262,Unfeasible shape,GPSampler,PRUNED
4233,4233,6.0,2026-04-21 18:57:21.714197,2026-04-21 18:57:21.840375,0 days 00:00:00.126178,-36.79282300302224,20.99695533148979,34.767395317534806,100.0,42.765695541283186,29.00825507020916,-60.27396833691395,45.77761008609667,57.14344688593214,28.291573322326453,3.1194246092020705,65.66649202772652,Unfeasible shape,GPSampler,PRUNED
4234,4234,6.0,2026-04-21 18:57:22.026687,2026-04-21 18:57:22.171895,0 days 00:00:00.145208,-36.802052715621954,21.243013532933382,34.419177804176066,100.0,42.933460215458645,29.330602220480543,-60.41162603510553,45.90078146341186,57.420353670011984,28.16366705500681,3.2157590694238536,66.11505866993136,Unfeasible shape,GPSampler,PRUNED
4235,4235,6.0,2026-04-21 18:57:22.360448,2026-04-21 18:57:22.531829,0 days 00:00:00.171381,-36.84446980930622,20.904630201217664,34.87680043664551,100.0,42.54858581074871,28.937092030838528,-60.35325475980968,45.998311803074536,57.12600465607697,28.343168897598176,3.056267064171486,65.6825472181172,Unfeasible shape,GPSampler,PRUNED
4236,4236,6.0,2026-04-21 18:57:22.706207,2026-04-21 18:57:22.859462,0 days 00:00:00.153255,-36.74314546764069,21.126883872678725,34.30161480926485,100.0,42.618996770368184,29.523251900148672,-60.679503877566745,45.875334592055204,57.29016593700023,28.083486094711283,3.195078077820625,66.03029418514467,Unfeasible shape,GPSampler,PRUNED
4237,4237,6.0,2026-04-21 18:57:23.137811,2026-04-21 18:57:23.297611,0 days 00:00:00.159800,-36.80542453847405,20.761389990138994,35.29425217723336,100.0,42.61862380002223,28.817109568427895,-60.248971824889594,45.871281298602185,57.13699305878445,28.429440709705336,3.0921853736176956,65.6168714333569,Unfeasible shape,GPSampler,PRUNED
4238,4238,6.0,2026-04-21 18:57:23.510140,2026-04-21 18:57:23.689190,0 days 00:00:00.179050,-36.85686127829267,21.59476511509351,34.22895924688021,100.0,42.74676083146585,28.710634352225007,-60.418395201695986,45.775298465842106,57.13773625084427,28.47984868107469,3.100745581774305,65.93509161071904,Unfeasible shape,GPSampler,PRUNED
4239,4239,6.0,2026-04-21 18:57:23.879784,2026-04-21 18:57:24.073621,0 days 00:00:00.193837,-36.78865540002824,20.927547448941766,34.87308595419776,100.0,42.633828884071846,29.200683430660845,-60.20622298713877,46.00353875313014,57.21579114482506,28.39489566310696,3.1341498770498717,65.80534089851461,Unfeasible shape,GPSampler,PRUNED
4240,4240,6.0,2026-04-21 18:57:24.253256,2026-04-21 18:57:24.370760,0 days 00:00:00.117504,-36.904604448944255,20.784325477869622,34.912408945121,100.0,42.63575314312609,29.160912017737836,-60.39720190411571,45.7815023393961,57.255431585783754,28.461593895048217,3.0943422312678948,65.66218971555696,Unfeasible shape,GPSampler,PRUNED
4241,4241,6.0,2026-04-21 18:57:24.615256,2026-04-21 18:57:24.776454,0 days 00:00:00.161198,-36.85202680670069,20.306880964563426,34.852796991224906,100.0,43.11535625094322,28.93041246858659,-60.304874702021436,46.182926533173976,57.0559287165901,28.34341035906462,3.030151266318228,65.55798780103484,Unfeasible shape,GPSampler,PRUNED
4242,4242,6.0,2026-04-21 18:57:24.963926,2026-04-21 18:57:25.111799,0 days 00:00:00.147873,-36.726395925240034,21.091213252066638,34.45657809734631,100.0,42.90151848093602,29.177224987526365,-60.478573715359204,45.92169218645536,57.16617072103387,28.24822743583664,3.1576279759556485,65.86579928396472,Unfeasible shape,GPSampler,PRUNED
4243,4243,6.0,2026-04-21 18:57:25.278365,2026-04-21 18:57:25.435904,0 days 00:00:00.157539,-36.74888850141772,21.172392927933267,35.06748464590336,100.0,42.58534672665337,28.804049596790996,-60.213759703394196,46.00918038251235,56.984457678453644,28.598229580427557,3.0536344404955784,65.47695778598185,Unfeasible shape,GPSampler,PRUNED
4244,4244,6.0,2026-04-21 18:57:25.637597,2026-04-21 18:57:25.834318,0 days 00:00:00.196721,-36.83713491056634,21.005113126357244,34.695911871413216,100.0,42.70357801734254,29.041345716216277,-60.325012452898235,46.009196155165874,57.335441167055414,28.378086459755085,3.092189268477881,65.7674577065508,Unfeasible shape,GPSampler,PRUNED
4245,4245,6.0,2026-04-21 18:57:26.023477,2026-04-21 18:57:26.149903,0 days 00:00:00.126426,-36.75501398975378,20.89779392583594,34.66131198606579,100.0,42.54577617302395,29.052691087726345,-60.566240104187,45.968290397781345,57.17939625288932,28.264339998628664,3.0420668916006264,65.5891305004814,Unfeasible shape,GPSampler,PRUNED
4246,4246,6.0,2026-04-21 18:57:26.369943,2026-04-21 18:57:26.528610,0 days 00:00:00.158667,-36.842848470805855,21.163377659616266,34.30992201545313,100.0,43.03303700188053,29.067204598358444,-60.49383332448921,46.082626661757004,57.2046104080675,28.192523990770955,3.158675771572703,65.88063509161849,Unfeasible shape,GPSampler,PRUNED
4247,4247,6.0,2026-04-21 18:57:26.766670,2026-04-21 18:57:26.930236,0 days 00:00:00.163566,-36.775418566797974,21.00964509459211,34.88542165915213,100.0,42.78548881721815,29.021286470807624,-60.321119455450514,45.86876512874123,57.15755127608547,28.482510451452974,3.118209621121835,65.69969017596972,Unfeasible shape,GPSampler,PRUNED
4248,4248,6.0,2026-04-21 18:57:27.123908,2026-04-21 18:57:27.407332,0 days 00:00:00.283424,-36.86488767895595,21.092797844886633,34.48282540220111,100.0,42.73707760855034,29.287205432797002,-60.304455784374156,45.840940133769934,57.248359815215935,28.22522794739684,3.2406750316880917,66.01394212602625,Unfeasible shape,GPSampler,PRUNED
4249,4249,6.0,2026-04-21 18:57:27.740427,2026-04-21 18:57:27.876796,0 days 00:00:00.136369,-36.87869442975391,21.055227968564722,35.72371761041371,100.0,42.39615878758608,28.868488825327177,-60.16966772545071,45.87964260602486,57.01398029671555,28.481657871151945,2.9990913304563804,65.254326843027,Unfeasible shape,GPSampler,PRUNED
4250,4250,6.0,2026-04-21 18:57:28.067847,2026-04-21 18:57:28.229288,0 days 00:00:00.161441,-36.681586387463454,20.765210398346376,34.84736328539743,100.0,42.67898160471048,29.092737294032965,-60.639618870721286,46.07909203363344,57.33042184296273,28.191402673105102,3.038135675779536,65.55873532450931,Unfeasible shape,GPSampler,PRUNED
4251,4251,6.0,2026-04-21 18:57:28.401904,2026-04-21 18:57:28.528430,0 days 00:00:00.126526,-36.74912307837162,21.09193704758209,34.880301419574465,100.0,42.70738458276217,29.06610487185607,-60.29659375604709,45.98620543875599,57.16804576041448,28.359104107514767,3.1288056099259194,65.68257418258396,Unfeasible shape,GPSampler,PRUNED
4252,4252,6.0,2026-04-21 18:57:28.730570,2026-04-21 18:57:28.927710,0 days 00:00:00.197140,-36.90497989191944,21.082942433212516,34.67147374664566,100.0,42.498657103679854,29.21285476692791,-60.49874043711479,45.78098324385251,57.1695886094634,28.62727846050232,3.243951033640826,65.84517784244586,Unfeasible shape,GPSampler,PRUNED
4253,4253,6.0,2026-04-21 18:57:29.118569,2026-04-21 18:57:29.267298,0 days 00:00:00.148729,-36.83904938355555,20.63286019605141,34.419022028512714,100.0,42.81073053493534,29.105023980790477,-60.071938266981746,46.206338602278535,57.322259324311396,27.97853107253844,3.1484801362077732,66.22462988967827,Unfeasible shape,GPSampler,PRUNED
4254,4254,6.0,2026-04-21 18:57:29.448241,2026-04-21 18:57:29.609583,0 days 00:00:00.161342,-36.83772154048411,21.11232675524645,34.7271450126964,100.0,42.62166447579498,29.016368479114874,-60.44663353867991,46.15616243219777,57.20239585212083,28.494680340606802,3.025272108819493,65.56448936165576,Unfeasible shape,GPSampler,PRUNED
4255,4255,6.0,2026-04-21 18:57:29.825208,2026-04-21 18:57:29.970292,0 days 00:00:00.145084,-36.761108573050464,21.621755523665023,33.92755076198023,100.0,43.36284624243484,29.48786039826539,-60.67261195600416,45.91398227640097,57.19606229419078,28.048847394653215,3.275809395441051,66.09773337311843,Unfeasible shape,GPSampler,PRUNED
4256,4256,6.0,2026-04-21 18:57:30.169851,2026-04-21 18:57:30.385224,0 days 00:00:00.215373,-36.91410278821244,21.300627193386532,34.67991735777919,100.0,42.92620174250712,29.240160266680725,-60.172395185120266,46.363895646027174,57.207584473302525,28.06914741366399,3.2293455692459005,65.62530247976316,Unfeasible shape,GPSampler,PRUNED
4257,4257,6.0,2026-04-21 18:57:30.596137,2026-04-21 18:57:30.761522,0 days 00:00:00.165385,-36.77277975925932,21.03553140778667,34.93345061360594,100.0,42.69254672967848,28.942500468263574,-60.318307404836624,45.957099924013036,57.128940681873836,28.53377162647066,3.0752925132258895,65.62342823772991,Unfeasible shape,GPSampler,PRUNED
4258,4258,6.0,2026-04-21 18:57:30.953500,2026-04-21 18:57:31.131245,0 days 00:00:00.177745,-36.77382166050192,21.16386069066492,34.90130326515622,100.0,42.6716196115163,29.03449741898268,-60.26230420913552,46.002798659226386,57.24818249878753,28.58012409904618,3.0615126344651102,65.65831088607426,Unfeasible shape,GPSampler,PRUNED
4259,4259,6.0,2026-04-21 18:57:31.308310,2026-04-21 18:57:31.515595,0 days 00:00:00.207285,-36.5734326459253,20.899788494167694,34.62913756601246,100.0,42.43174593830535,28.94802463229138,-61.00627700627365,46.140674315582366,57.14337649142127,27.864599840500606,3.0759130260194993,65.58356357821721,Unfeasible shape,GPSampler,PRUNED
4260,4260,6.0,2026-04-21 18:57:31.693452,2026-04-21 18:57:31.903403,0 days 00:00:00.209951,-36.7587782232358,20.69372000722911,35.05712186613375,100.0,42.644809898858476,28.902876403443877,-60.40770188844442,45.965328447412865,57.11619878366983,28.16101863455726,3.054612953894498,65.17411441795105,Unfeasible shape,GPSampler,PRUNED
4261,4261,6.0,2026-04-21 18:57:32.103522,2026-04-21 18:57:32.245250,0 days 00:00:00.141728,-36.777412762476544,21.056670200565286,34.909729181545394,100.0,42.51265137622582,28.60831748411171,-60.21682670381895,45.665405410230214,57.341493304549786,28.59998718739328,3.125900979685106,65.48800057619462,Unfeasible shape,GPSampler,PRUNED
4262,4262,6.0,2026-04-21 18:57:32.437808,2026-04-21 18:57:32.564784,0 days 00:00:00.126976,-36.90517576551978,20.67984170985938,34.803430374574866,100.0,42.61322244111181,28.858024685041293,-60.53586095756813,45.437172793668196,56.87846859422228,28.626034558838665,3.163580022376536,65.67269289611554,Unfeasible shape,GPSampler,PRUNED
4263,4263,6.0,2026-04-21 18:57:32.743113,2026-04-21 18:57:32.872281,0 days 00:00:00.129168,-36.7585304122442,21.135992413017398,34.68910816042796,100.0,42.91343324838034,29.12490908606248,-60.42175661176453,45.7727193542992,57.15361044303186,28.390355361921294,3.125500960575657,65.72318641242026,Unfeasible shape,GPSampler,PRUNED
4264,4264,6.0,2026-04-21 18:57:33.049231,2026-04-21 18:57:33.247726,0 days 00:00:00.198495,-36.8061607505189,21.431707031988697,34.68745261358348,100.0,42.6188031082627,29.235122794321143,-60.477532306129206,45.618260202666235,56.979123885877854,28.565304804747047,3.1684933329942098,65.82957440981264,Unfeasible shape,GPSampler,PRUNED
4265,4265,6.0,2026-04-21 18:57:33.458502,2026-04-21 18:57:33.626512,0 days 00:00:00.168010,-37.00291897890578,20.993820240322478,34.686899527011164,100.0,43.0566354488861,29.155221359477324,-60.16581380694384,46.104954086109885,57.25860049590375,28.67172370572094,3.1590282356405837,65.89734996936016,Unfeasible shape,GPSampler,PRUNED
4266,4266,6.0,2026-04-21 18:57:33.813170,2026-04-21 18:57:34.013661,0 days 00:00:00.200491,-36.76231285234281,21.226156698630575,34.57109066955644,100.0,42.59867026010649,29.09965700287787,-60.2765689065851,45.864000162914785,57.11374465913737,28.296032079003677,3.099120498047917,65.75107704575468,Unfeasible shape,GPSampler,PRUNED
4267,4267,6.0,2026-04-21 18:57:34.174132,2026-04-21 18:57:34.379641,0 days 00:00:00.205509,-36.85247678812013,21.53030102738206,34.690228914361725,100.0,42.91013857994846,29.12765951770828,-60.30334974651528,45.970286992055065,57.3266832862647,28.10723639316621,3.0611686089211005,65.87881802047626,Unfeasible shape,GPSampler,PRUNED
4268,4268,6.0,2026-04-21 18:57:34.593286,2026-04-21 18:57:34.753755,0 days 00:00:00.160469,-36.768536643560694,20.741358893245227,34.99458390037857,100.0,42.676452949560506,28.938970076497043,-60.2718778318463,45.78333751550041,57.130355917456995,28.529840054134,3.1139190634145635,65.67713754622683,Unfeasible shape,GPSampler,PRUNED
4269,4269,6.0,2026-04-21 18:57:34.934694,2026-04-21 18:57:35.077331,0 days 00:00:00.142637,-36.78189995837003,21.131503798455604,34.80914584467722,100.0,42.73696725429421,29.00653057335093,-60.46932810478245,45.657000905769635,57.17573941624197,28.582041266744735,3.216288331407476,65.7474571975118,Unfeasible shape,GPSampler,PRUNED
4270,4270,6.0,2026-04-21 18:57:35.268777,2026-04-21 18:57:35.411903,0 days 00:00:00.143126,-36.732229139691505,20.689632957744834,35.03368397408566,100.0,42.65808505632587,29.356354686252367,-60.16496268447645,44.970257543677526,57.219979348199715,28.731033784594157,3.1124698660484427,65.55781409422826,Unfeasible shape,GPSampler,PRUNED
4271,4271,6.0,2026-04-21 18:57:35.580169,2026-04-21 18:57:35.744488,0 days 00:00:00.164319,-36.82009184395301,21.117543132674566,34.5524784864958,100.0,42.89192821122467,28.838825479133178,-60.496257975591284,45.97192897115932,57.28494638892477,28.515168243882705,3.1575140371611283,65.9768736187164,Unfeasible shape,GPSampler,PRUNED
4272,4272,6.0,2026-04-21 18:57:35.917036,2026-04-21 18:57:36.085639,0 days 00:00:00.168603,-36.72711305317258,20.81478071652502,35.17908569367489,100.0,42.65437916053734,28.89492101600056,-60.4486106774996,45.81641473896246,57.10059148568112,28.666564260242314,3.0645756984368333,65.2541260716781,Unfeasible shape,GPSampler,PRUNED
4273,4273,6.0,2026-04-21 18:57:36.284407,2026-04-21 18:57:36.430399,0 days 00:00:00.145992,-36.785557741562464,20.740781610770185,34.927118315730034,100.0,42.80011428405704,28.830664852577492,-60.38945408708379,45.99667975838316,57.13072140441773,28.577897673413858,3.1218921587236466,65.83149985733688,Unfeasible shape,GPSampler,PRUNED
4274,4274,6.0,2026-04-21 18:57:36.732842,2026-04-21 18:57:36.927081,0 days 00:00:00.194239,-36.832951968696044,21.028323143922538,35.1066611903932,100.0,42.84581187789802,29.03560030093336,-60.31653245481259,45.944920366463215,57.10397980633964,28.4650222223581,3.059716624030237,65.5965660181246,Unfeasible shape,GPSampler,PRUNED
4275,4275,6.0,2026-04-21 18:57:37.106315,2026-04-21 18:57:37.257173,0 days 00:00:00.150858,-36.758849218125526,21.78177077173702,34.29490756493273,100.0,43.36539481155661,29.255544405573637,-60.644085118108464,45.52255781101675,57.22661371298995,28.642304569511992,3.2223940295368436,66.09051578165297,Unfeasible shape,GPSampler,PRUNED
4276,4276,6.0,2026-04-21 18:57:37.443898,2026-04-21 18:57:37.569011,0 days 00:00:00.125113,-36.87749771002698,20.892864365561458,34.84560647556767,100.0,42.903422575527365,28.990722366166437,-60.15049004170303,46.0077381227536,57.11767458726897,28.00563412710249,3.1060146579962904,65.690687217,Unfeasible shape,GPSampler,PRUNED
4277,4277,6.0,2026-04-21 18:57:37.746675,2026-04-21 18:57:37.901072,0 days 00:00:00.154397,-36.79883099981859,20.939302312250568,34.772930877817956,100.0,42.6916148135747,28.939483767923306,-60.36174746737713,46.07030003528103,57.22403754682262,28.362465241259425,3.1260243890072985,65.7024344272471,Unfeasible shape,GPSampler,PRUNED
4278,4278,6.0,2026-04-21 18:57:38.080165,2026-04-21 18:57:38.255055,0 days 00:00:00.174890,-36.8543451461634,20.422651957470126,34.753591894833846,100.0,42.397829635339086,29.29968824827472,-59.92082974950185,46.26357593785268,57.30641696008133,27.94660001668058,3.1304570862101855,65.94273596788665,Unfeasible shape,GPSampler,PRUNED
4279,4279,6.0,2026-04-21 18:57:38.451975,2026-04-21 18:57:38.591748,0 days 00:00:00.139773,-36.78524357711799,20.908212351471313,34.82875398907501,100.0,42.695677563196966,28.952982382194023,-60.31643987867918,45.90789695791726,57.19075122231621,28.466580923911394,3.128500096441293,65.69930766285722,Unfeasible shape,GPSampler,PRUNED
4280,4280,6.0,2026-04-21 18:57:38.788747,2026-04-21 18:57:38.938513,0 days 00:00:00.149766,-36.76814670906298,21.034503977078646,35.01629506464834,100.0,42.7107498793331,29.103937895022042,-60.29656231465364,46.0190450470263,57.07976643737198,28.531959360098227,3.129801738662472,65.67326702626677,Unfeasible shape,GPSampler,PRUNED
4281,4281,6.0,2026-04-21 18:57:39.112513,2026-04-21 18:57:39.283223,0 days 00:00:00.170710,-36.81632491611781,21.52548179022761,34.29897679323827,100.0,42.95994717490595,29.382543067363095,-60.75940332626805,45.55166680204987,57.494468263624135,28.20609048685876,3.2698879382245565,66.146572933535,Unfeasible shape,GPSampler,PRUNED
4282,4282,6.0,2026-04-21 18:57:39.502269,2026-04-21 18:57:39.674691,0 days 00:00:00.172422,-36.77638726756007,20.99989442541726,34.745331464585234,100.0,42.87138731492397,29.17001843265283,-60.300982519448596,45.988171713923485,57.36060100642739,28.348345436057265,3.173473041736358,65.98751614543818,Unfeasible shape,GPSampler,PRUNED
4283,4283,6.0,2026-04-21 18:57:39.874326,2026-04-21 18:57:40.064118,0 days 00:00:00.189792,-36.79606365667033,21.07028964229029,34.84162773941652,100.0,42.6845606161315,29.018302855494056,-60.460284441522774,45.88419634269654,57.16055904003502,28.48110533231168,3.10787722020347,65.61451786256973,Unfeasible shape,GPSampler,PRUNED
4284,4284,6.0,2026-04-21 18:57:40.236672,2026-04-21 18:57:40.393860,0 days 00:00:00.157188,-36.865716847458984,21.00693790965293,34.64203927602598,100.0,42.67497575716796,29.038721646447428,-60.45499720497146,45.85990031817984,57.18509292087299,28.485918613699702,3.0561041303691994,65.64473648410922,Unfeasible shape,GPSampler,PRUNED
4285,4285,6.0,2026-04-21 18:57:40.591963,2026-04-21 18:57:40.734444,0 days 00:00:00.142481,-36.8197921236772,20.793863665194042,34.91770572831686,100.0,42.73454059772544,29.04510082502273,-60.33426513480385,45.79670898183348,57.12511532766084,28.57639901286558,3.12970767006707,65.74573048440712,Unfeasible shape,GPSampler,PRUNED
4286,4286,6.0,2026-04-21 18:57:40.929907,2026-04-21 18:57:41.075288,0 days 00:00:00.145381,-36.838403492591,20.775426093751637,34.4353520781487,100.0,42.62451072028871,28.97553109289128,-60.49382818147174,45.892361431069304,57.0241114098873,27.847441283837362,3.1123830270124557,65.73121839548436,Unfeasible shape,GPSampler,PRUNED
4287,4287,6.0,2026-04-21 18:57:41.426092,2026-04-21 18:57:41.587430,0 days 00:00:00.161338,-36.78238593430772,20.972468135000454,34.61349753655243,100.0,42.57461824799363,29.257626997105127,-60.40755348073614,45.99890825922212,57.26974462876271,28.149154711175495,3.1324218332314544,65.82670755914498,Unfeasible shape,GPSampler,PRUNED
4288,4288,6.0,2026-04-21 18:57:41.748446,2026-04-21 18:57:41.916712,0 days 00:00:00.168266,-36.816156325334,21.37844399531042,34.636350684374094,100.0,42.804323932758265,28.944656392351078,-60.53491267462791,45.940230351360135,57.20231615038823,28.536168162908847,3.0758618905440542,65.7198111843853,Unfeasible shape,GPSampler,PRUNED
4289,4289,6.0,2026-04-21 18:57:42.127955,2026-04-21 18:57:42.256387,0 days 00:00:00.128432,-36.780645476375526,21.15013734474809,34.43249617202092,100.0,42.61644770551026,29.031623930058544,-60.28587854188801,46.20713941678873,57.69590509511093,28.216891457862047,3.1752580033957614,65.73949227263005,Unfeasible shape,GPSampler,PRUNED
4290,4290,6.0,2026-04-21 18:57:42.456826,2026-04-21 18:57:42.582359,0 days 00:00:00.125533,-36.82755973812315,21.2092276709703,35.19959549289163,100.0,42.86493964809268,29.048473634345157,-60.20247087708465,45.864599921109516,57.12008655801985,28.382500191932575,3.0774014273134256,65.75143390315591,Unfeasible shape,GPSampler,PRUNED
4291,4291,6.0,2026-04-21 18:57:42.766544,2026-04-21 18:57:42.919153,0 days 00:00:00.152609,-36.6563667069587,20.993380728736327,34.58315900688504,100.0,42.49375792421122,28.88669847447096,-60.65036388801876,45.932024010663525,57.279205045983765,28.2735912993181,3.091578416936919,65.66275349703221,Unfeasible shape,GPSampler,PRUNED
4292,4292,6.0,2026-04-21 18:57:43.104180,2026-04-21 18:57:43.298676,0 days 00:00:00.194496,-36.7878849674768,20.778471907554504,34.75543927076349,100.0,42.89427455019427,28.76398574612484,-60.322506057393326,45.69321505342584,57.06172667707621,28.52913975116695,3.0480364049912367,65.6261148757104,Unfeasible shape,GPSampler,PRUNED
4293,4293,6.0,2026-04-21 18:57:43.471513,2026-04-21 18:57:43.668696,0 days 00:00:00.197183,-36.742655214617436,20.48115553128857,34.73173515650856,100.0,42.53577465367423,28.896447242690044,-60.36013057683799,45.45724824498054,57.439005441001,28.837421330548967,3.064563272779253,66.01629967425633,Unfeasible shape,GPSampler,PRUNED
4294,4294,6.0,2026-04-21 18:57:43.846964,2026-04-21 18:57:43.990404,0 days 00:00:00.143440,-36.993227338027204,20.675472590709226,34.88278534338066,100.0,42.76275096446121,29.272006159350568,-60.39604767897336,45.36780997126136,57.063775194787944,28.899617982994517,3.086475335703902,65.6845008728764,Unfeasible shape,GPSampler,PRUNED
