,number,value,datetime_start,datetime_complete,duration,params_lLegPt.rA1,params_lLegPt.rL0,params_lLegPt.rL1,params_lLegPt.rL2,params_lLegPt.x1,params_lLegPt.y1,params_sLegPt.rA1,params_sLegPt.rL0,params_sLegPt.rL1,params_sLegPt.rL2,params_sLegPt.x1,params_sLegPt.y1,user_attrs_prune,system_attrs_auto:sampler,state
0,0,6.0,2026-04-21 18:05:28.734133,2026-04-21 18:05:29.480906,0 days 00:00:00.746773,-35.698287257582116,78.53027458499743,87.41449226672451,75.06254539095146,-5.09403909251373,28.943125305574938,-21.891793619513322,80.21548341043844,90.39522553261465,59.837169857468716,-16.241551135441124,76.12828968859314,Unfeasible shape,RandomSampler,PRUNED
1,1,10.81741497548466,2026-04-21 18:05:29.616247,2026-04-21 18:05:47.501453,0 days 00:00:17.885206,-59.95924478786027,49.39699172742051,65.81605431060096,85.10466077344451,22.80188921064716,15.45464221129545,-54.40886602047434,52.52437965777946,86.01979671511536,14.982075079398683,34.3774663203037,45.97304558884541,Unattained target,RandomSampler,PRUNED
2,2,6.0,2026-04-21 18:05:47.676705,2026-04-21 18:05:47.760225,0 days 00:00:00.083520,-32.4103754321696,99.33976102372823,63.114268994946926,52.91426359088307,87.27570335294763,-8.957227474909335,-73.80902474971623,14.274477969083714,65.251598057821,69.27613589910982,7.586764074012947,94.71680638034255,Unfeasible shape,RandomSampler,PRUNED
3,3,6.0,2026-04-21 18:05:47.925738,2026-04-21 18:05:48.030945,0 days 00:00:00.105207,-47.53048483820211,11.050000887370931,11.382372310055196,99.81354969282269,90.41707951621613,32.30957867949604,-40.96920711926273,30.98976651684729,26.566792546545535,75.09597080813076,-4.786429170204219,58.654319357326514,Unfeasible shape,RandomSampler,PRUNED
4,4,6.0,2026-04-21 18:05:48.176572,2026-04-21 18:05:48.276973,0 days 00:00:00.100401,-60.60419471450169,66.63122459406313,40.168460527641095,32.93964982884023,101.60050579984636,27.423579154207154,-51.97638691907811,65.7926246299343,80.62168646551494,63.168978292106814,18.353635985182983,39.06106387654378,Unfeasible shape,RandomSampler,PRUNED
5,5,6.0,2026-04-21 18:05:48.420499,2026-04-21 18:05:48.486707,0 days 00:00:00.066208,-26.48400006965872,53.414619745243535,45.743939681266085,23.095696792749628,84.27646765855069,-6.224626936893749,-21.571828810759982,81.36913316754689,31.228927120749212,80.97615989757011,5.232409057010244,-5.302858086447836,Unfeasible shape,RandomSampler,PRUNED
6,6,6.0,2026-04-21 18:05:48.622762,2026-04-21 18:05:48.687263,0 days 00:00:00.064501,-76.64554027838571,23.156680017340996,62.2904413117184,36.75484244512957,22.587758280956535,79.46496130444166,-40.62779026608886,25.245757045906707,40.80482446928518,78.15369630455675,-11.349511796661485,-4.416333099200809,Unfeasible shape,RandomSampler,PRUNED
7,7,6.0,2026-04-21 18:05:48.825569,2026-04-21 18:05:48.888061,0 days 00:00:00.062492,-63.795261367026484,80.7235136420774,10.982595934933629,37.69978940421366,32.96521574724314,-4.689814416465726,-50.09380825461669,77.15265545403959,71.75052648486573,98.55334784990457,15.815650341147943,105.22795361909965,Unfeasible shape,RandomSampler,PRUNED
8,8,6.0,2026-04-21 18:05:49.026583,2026-04-21 18:05:49.159713,0 days 00:00:00.133130,-52.83467586773578,80.93095351295644,79.33126001615564,21.43413506032776,0.44305856691415,11.312032602847907,-31.281348177767875,74.34644729867173,99.42860820746472,37.83532034663152,-26.697904293238356,81.65292015264596,Unfeasible shape,RandomSampler,PRUNED
9,9,6.0,2026-04-21 18:05:49.292053,2026-04-21 18:05:49.373791,0 days 00:00:00.081738,-78.51451135465975,61.75671557249924,53.16183700646025,62.93415817725816,-8.967678181663825,68.53186225490089,-45.7838352663698,23.405963644262396,95.61354122719632,42.21447312036039,38.73294674192404,5.40595880358981,Unfeasible shape,RandomSampler,PRUNED
10,10,6.0,2026-04-21 18:05:49.514649,2026-04-21 18:05:49.625785,0 days 00:00:00.111136,-57.44907096169611,11.7071759808546,77.29770765406558,98.47134718026318,111.5418202058889,6.971651043011249,-46.93657315273383,19.5447096747097,21.707914447991804,57.958761024308245,-3.1465671372153423,61.75422813883708,Unfeasible shape,RandomSampler,PRUNED
11,11,6.0,2026-04-21 18:05:49.757278,2026-04-21 18:05:49.830086,0 days 00:00:00.072808,-55.49214443113274,43.21046733527187,20.679772378235775,26.276419238599487,85.15628188123098,35.61987748476602,-30.592989453044602,77.05791387184556,45.24299495630808,16.984874537202664,-1.334791594185905,31.672611845122738,Unfeasible shape,RandomSampler,PRUNED
12,12,6.0,2026-04-21 18:05:49.975733,2026-04-21 18:05:50.032728,0 days 00:00:00.056995,-49.97993704743516,85.37437791974136,19.210221083608445,54.86496945690454,23.214348377208594,17.060567794210776,-42.857209851916615,82.9300331781211,69.51248626027663,76.3340227222733,10.552146776538954,1.5055155798090372,Unfeasible shape,RandomSampler,PRUNED
13,13,8.972477190426062,2026-04-21 18:05:50.177295,2026-04-21 18:06:10.032091,0 days 00:00:19.854796,-60.72620152380803,26.59980128482397,74.07848370389898,40.65426813927159,36.695662369799244,4.772126143626139,-62.61254913144096,53.47512813612018,44.669582785057216,56.380137031077986,36.87723902929734,87.9447814693799,Unattained target,RandomSampler,PRUNED
14,14,6.0,2026-04-21 18:06:10.175870,2026-04-21 18:06:10.275651,0 days 00:00:00.099781,-41.06942048472979,16.40571635022852,33.275795260692405,36.09676631996922,-9.875782676009731,-10.355728349758778,-63.043231405744365,17.942644824965797,60.26093494507889,15.791383992673936,13.179018876501353,105.53108399954301,Unfeasible shape,RandomSampler,PRUNED
15,15,6.0,2026-04-21 18:06:10.411349,2026-04-21 18:06:10.471150,0 days 00:00:00.059801,-34.26000110589925,76.12583208115988,92.75205767306315,74.17579712827603,13.164060731176086,49.12820169278427,-45.52299477472741,77.18093664669048,54.35307087968655,15.396052334071705,2.1315121538440494,10.604278768559173,Unfeasible shape,RandomSampler,PRUNED
16,16,6.349488905285703,2026-04-21 18:06:10.594873,2026-04-21 18:06:29.450709,0 days 00:00:18.855836,-46.221090331748165,68.56286298425113,50.336665155382555,88.16192577617375,10.011036400186573,51.41604870362745,-38.963984351549385,54.078755610090425,90.2762332132748,48.77912197843262,33.736080324441055,26.198387941314195,Unattained target,RandomSampler,PRUNED
17,17,6.0,2026-04-21 18:06:29.604285,2026-04-21 18:06:29.665971,0 days 00:00:00.061686,-64.48234092238587,41.15287958812877,97.63121822989795,67.45903088332011,26.989764756805087,-23.44818142048166,-49.44123693382509,78.30877924137346,78.50982397831432,80.42032343584214,6.588504782099733,-8.265997587862659,Unfeasible shape,RandomSampler,PRUNED
18,18,6.0,2026-04-21 18:06:29.794227,2026-04-21 18:06:31.260944,0 days 00:00:01.466717,-25.909944100543264,63.141245492758706,88.3346922785426,42.55769035920024,93.37820590179824,31.442905990220922,-58.28110934128702,54.907752149820034,16.578866574508638,69.59955740131389,16.042924277421697,45.5606648095612,Unfeasible shape,RandomSampler,PRUNED
19,19,6.0,2026-04-21 18:06:31.398521,2026-04-21 18:06:31.454820,0 days 00:00:00.056299,-34.018049274520884,96.5317947657281,38.256420210758876,87.84214626686689,31.85761980195184,34.21133130805511,-68.71421234462424,29.282564105320265,57.72081049560443,33.33534752292573,-14.17816561216297,100.00484892211315,Unfeasible shape,RandomSampler,PRUNED
20,20,6.0,2026-04-21 18:06:31.596179,2026-04-21 18:06:31.670213,0 days 00:00:00.074034,-20.877130423490748,49.79010087970911,88.4774759623232,67.45547918245637,100.86786645658857,74.88624562323484,-52.32540501934099,72.63028098397139,23.14184551685107,26.380818661640742,8.150096435667955,64.00263088150338,Unfeasible shape,RandomSampler,PRUNED
21,21,6.0,2026-04-21 18:06:31.807928,2026-04-21 18:06:31.903010,0 days 00:00:00.095082,-31.90137001632008,80.54416885907072,57.0632196260758,39.452105518234845,47.534219441947926,43.431721382416654,-43.98475310880293,11.988185710808315,96.0973197825384,10.91577113044244,-26.327557818239285,56.732036689075045,Unfeasible shape,RandomSampler,PRUNED
22,22,6.0,2026-04-21 18:06:32.039017,2026-04-21 18:06:32.149851,0 days 00:00:00.110834,-76.71672027658998,20.318398324460453,18.290217478523253,75.25229336144419,-7.550475879480226,-29.95947540163966,-22.058071097395363,73.46809893155927,95.24502499191604,34.90186517149094,-20.35971208484772,59.251932672165495,Unfeasible shape,RandomSampler,PRUNED
23,23,6.0,2026-04-21 18:06:32.270525,2026-04-21 18:06:32.350047,0 days 00:00:00.079522,-20.65662939445904,24.574148398884216,67.36909973762496,55.90240316549365,109.86758140429838,31.59211776567485,-44.89421562124887,86.71942037069739,57.045708253905474,18.950735025949378,-26.556594121778634,63.21550558695405,Unfeasible shape,RandomSampler,PRUNED
24,24,0.0009305275412962999,2026-04-21 18:06:32.476883,2026-04-21 18:06:57.985891,0 days 00:00:25.509008,-38.41061028142756,74.23036768338001,30.356660636806673,68.35830908771806,81.5041904575373,5.599106181481758,-29.983146267469017,26.915145410900422,46.64034038974356,87.08303509334016,-7.110095768065069,108.88530098374399,,RandomSampler,COMPLETE
25,25,6.0,2026-04-21 18:07:00.701631,2026-04-21 18:07:00.758970,0 days 00:00:00.057339,-22.549681438356878,75.98243167885123,47.53336899603371,42.636083442935885,46.44672543743639,-26.305022462280288,-43.60136616061983,69.14314508597144,80.2040909076027,50.01484192340824,10.720532076076402,12.367688720230085,Unfeasible shape,GPSampler,PRUNED
26,26,6.0,2026-04-21 18:07:00.895983,2026-04-21 18:07:00.966649,0 days 00:00:00.070666,-65.42994472420298,84.07030372302798,17.841940591479673,65.067063577365,11.988594430768728,31.769941028742373,-29.824490254962456,97.30676083815003,33.77587309208964,45.929597109781305,-14.548512218529776,-3.0699763124790014,Unfeasible shape,GPSampler,PRUNED
27,27,6.0,2026-04-21 18:07:01.108017,2026-04-21 18:07:01.165394,0 days 00:00:00.057377,-46.07817108331389,46.648017364994224,41.07494355631718,45.10049815973127,62.362455292861256,-7.35887026847324,-71.29669994522597,81.5496875726753,76.35701563450115,17.06263399693904,14.512758182022004,100.98327441665928,Unfeasible shape,GPSampler,PRUNED
28,28,6.0,2026-04-21 18:07:01.365426,2026-04-21 18:07:04.571844,0 days 00:00:03.206418,-28.354787465968606,23.851879259897096,58.64247319014321,86.66488828627276,68.23704694739503,49.53010923300569,-36.06029856360755,53.3310411861978,52.94050003496664,77.43381260877575,-27.135982446042593,92.45278101394187,Unfeasible shape,GPSampler,PRUNED
29,29,17.44421004108719,2026-04-21 18:07:04.729090,2026-04-21 18:07:27.747276,0 days 00:00:23.018186,-50.52820866621204,88.1381144268714,81.49302905046113,17.00900902590003,14.269822702404891,64.10904928070856,-38.265606428402364,81.75241016543723,65.88329627513083,73.67769523181272,25.807944722611943,81.48741944423821,Unattained target,GPSampler,PRUNED
30,30,6.0,2026-04-21 18:07:27.894688,2026-04-21 18:07:27.983385,0 days 00:00:00.088697,-76.66755135978595,11.300585317936942,16.41030021892241,27.20396329818191,106.05165615263034,-2.502411135861113,-44.3115204784699,82.93204837748834,53.61306904719338,46.89981887695539,32.79317113901902,71.20733311375812,Unfeasible shape,GPSampler,PRUNED
31,31,6.0,2026-04-21 18:07:28.120850,2026-04-21 18:07:28.198979,0 days 00:00:00.078129,-46.42886083978503,31.024875929547807,23.940720598073177,24.503299108535717,90.62412358650919,42.59135005519265,-44.21839980911368,13.109020726196404,57.73332924011207,71.46994510734307,-14.316258260989343,2.459926881267455,Unfeasible shape,GPSampler,PRUNED
32,32,6.52347677339786,2026-04-21 18:07:28.329661,2026-04-21 18:07:42.335043,0 days 00:00:14.005382,-62.70375867833238,81.55734952412571,51.17099272568129,28.231631255818748,34.296203017134665,75.26130629610836,-66.4977702366925,44.81701895049998,52.20928361117072,88.07083581820669,32.002214343544615,42.95066800146028,Unattained target,GPSampler,PRUNED
33,33,40.86295043820306,2026-04-21 18:07:42.480310,2026-04-21 18:07:56.433207,0 days 00:00:13.952897,-38.547089746906146,72.05782617814633,57.34565738328071,98.43715113198256,46.61603150799743,46.89186490760338,-21.401288174872533,38.28882342712167,37.54284543131604,89.33427583869333,-22.64387228914628,77.81937636246893,Unattained target,GPSampler,PRUNED
34,34,6.0,2026-04-21 18:07:56.596012,2026-04-21 18:07:56.646702,0 days 00:00:00.050690,-23.536317735784472,85.76142836892383,63.7603947893981,41.45083446612663,41.89922747436997,52.74531866079258,-59.97622039336542,57.47739768992922,42.94584691223562,67.25496867014346,6.646541312463292,13.709853718891715,Unfeasible shape,GPSampler,PRUNED
35,35,12.247137087468197,2026-04-21 18:07:56.783862,2026-04-21 18:08:21.814372,0 days 00:00:25.030510,-37.125474736684104,49.67231155273523,72.56683544315791,97.8370932943791,49.31944220563024,47.8915881485802,-60.27489663046816,32.341617483077144,58.378009470525285,33.53785486108677,20.577711424929035,43.63473114149705,Unattained target,GPSampler,PRUNED
36,36,6.0,2026-04-21 18:08:21.980751,2026-04-21 18:08:22.139200,0 days 00:00:00.158449,-46.96926481415943,11.261936320292348,88.8804060388381,78.47908536549298,8.559700422417908,5.310962762724131,-72.98971359948838,11.101676191796265,40.30150968096799,72.4990865340063,28.472264028516037,91.18417059813038,Unfeasible shape,GPSampler,PRUNED
37,37,6.0,2026-04-21 18:08:22.295003,2026-04-21 18:08:22.437155,0 days 00:00:00.142152,-62.0784392006135,27.78066206642221,58.2580698765514,95.70090346944907,93.95312321939672,45.20616955759944,-74.58875035159296,57.68923330613648,73.0792423542704,80.71104578875779,29.387687261095387,72.07762422137326,Unfeasible shape,GPSampler,PRUNED
38,38,6.0,2026-04-21 18:08:22.596743,2026-04-21 18:08:22.738879,0 days 00:00:00.142136,-64.55518831147101,37.723631342749755,63.47943059301549,72.83582396001464,91.74365970243927,24.20118724049309,-34.67004792135133,17.269397105234113,25.183868362459464,66.4811056286533,4.155051961556346,19.061412326255596,Unfeasible shape,GPSampler,PRUNED
39,39,6.0,2026-04-21 18:08:22.888686,2026-04-21 18:08:22.976742,0 days 00:00:00.088056,-77.48376423233192,56.266575809672524,38.89816007449248,15.731383052297737,39.562948451962136,19.44511002391819,-58.03298695769407,43.680218146440396,31.719354042227586,14.898018281638226,-9.936435093939167,31.82952956804821,Unfeasible shape,GPSampler,PRUNED
40,40,6.0,2026-04-21 18:08:23.132615,2026-04-21 18:08:23.274757,0 days 00:00:00.142142,-20.12007626009119,32.7712755030003,90.63712337585793,23.811463049265065,51.55594938707756,-25.107618378841053,-21.444297794652314,41.57610982013621,18.20080105755596,41.17118197132081,2.0465622740709577,93.9845502636714,Unfeasible shape,GPSampler,PRUNED
41,41,6.0,2026-04-21 18:08:23.479233,2026-04-21 18:08:23.606168,0 days 00:00:00.126935,-61.79979205772648,89.8806758782798,73.73430836793476,39.6567950784337,-3.3776078102545695,-8.268040784311768,-78.64441854037085,88.12928813962432,11.57507071585284,28.37394891483611,-16.634155143308583,40.128041866335636,Unfeasible shape,GPSampler,PRUNED
42,42,11.045172726299803,2026-04-21 18:08:23.746362,2026-04-21 18:08:52.810849,0 days 00:00:29.064487,-21.50706990713074,10.318449342465561,94.56928539610858,81.68193609352039,61.392209013270275,-15.83855304194792,-26.35120675108874,36.61131915398171,88.05264180173867,80.88647550528104,21.384276340636738,61.66600507713373,Unattained target,GPSampler,PRUNED
43,43,6.0,2026-04-21 18:08:52.964577,2026-04-21 18:08:53.069792,0 days 00:00:00.105215,-49.61844709432702,34.589360944596336,57.6115463562503,56.62283698912307,80.92105098632321,13.765553234231852,-47.34349349450936,29.65969994532986,34.03720902253828,80.86771422448552,-17.429863158737316,-3.624314384921428,Unfeasible shape,GPSampler,PRUNED
44,44,6.0,2026-04-21 18:08:53.202714,2026-04-21 18:08:53.313032,0 days 00:00:00.110318,-55.75743232498266,37.29698897189152,74.3407960266579,93.43191929620717,54.676846255806794,11.900029205692242,-71.23283513797318,60.430263180423616,47.986264518717675,16.36556049018288,24.496492547231654,98.4687572305626,Unfeasible shape,GPSampler,PRUNED
45,45,6.0,2026-04-21 18:08:53.460733,2026-04-21 18:08:53.562995,0 days 00:00:00.102262,-46.272817480581914,46.70268167136992,68.85128690477225,61.246411558427,12.52509530922838,17.38118018616128,-37.45357504159313,99.88176865576841,60.19324938397262,43.7220347384754,17.79838502031764,36.856960076042554,Unfeasible shape,GPSampler,PRUNED
46,46,9.517000372110097,2026-04-21 18:08:53.754558,2026-04-21 18:09:17.932600,0 days 00:00:24.178042,-77.06836541845634,90.07175193500177,58.95870781001396,35.390189754370795,30.21209040041984,30.18512900241609,-39.478283878407375,98.06006163437073,58.724209937083394,26.129104276773635,30.84541671265496,75.18943474367015,Unattained target,GPSampler,PRUNED
47,47,6.0,2026-04-21 18:09:18.151895,2026-04-21 18:09:18.262928,0 days 00:00:00.111033,-79.9410735550856,30.490359447089983,10.1134020908966,79.54828830652352,-4.579076344141461,1.706240145971126,-44.6699278303766,94.09298247848746,80.44269009334799,52.48871550892025,-25.055902902704347,50.88906742361163,Unfeasible shape,GPSampler,PRUNED
48,48,6.0,2026-04-21 18:09:18.411024,2026-04-21 18:09:18.540356,0 days 00:00:00.129332,-56.26441440233788,32.90255772475852,82.2733476986807,85.42546489226451,101.01604484699648,37.020201578213786,-70.04340514676134,90.35886621504133,78.64534255298881,38.74458553514752,14.794355253190574,54.10838291639523,Unfeasible shape,GPSampler,PRUNED
49,49,6.0,2026-04-21 18:09:18.696069,2026-04-21 18:09:18.832931,0 days 00:00:00.136862,-48.229699555122224,93.13792090220909,76.81852033142135,61.711267984344005,5.734770390608162,3.3859807484270377,-73.71250076332653,15.752840436362497,98.07801785026157,20.59992248403801,33.105141024004276,55.98236091462863,Unfeasible shape,GPSampler,PRUNED
50,50,16.826590066509397,2026-04-21 18:09:18.995002,2026-04-21 18:09:55.088256,0 days 00:00:36.093254,-62.70393656718714,15.816904130547751,82.53890605261591,58.823913320749725,32.84500334013607,17.775331941669215,-50.9012614862541,23.296292349912132,39.79052751860959,70.80889816720955,-3.911551686893066,101.42743266300928,Unattained target,GPSampler,PRUNED
51,51,0.0003191182981545637,2026-04-21 18:09:55.259968,2026-04-21 18:11:20.618712,0 days 00:01:25.358744,-43.69413226057386,32.25682567497161,22.009661141325022,38.33329183685065,10.269165477493686,60.08995765583873,-41.564546396974364,21.366155255484678,43.85835823478214,19.187445460589288,-18.803562179307654,108.27314368722712,,GPSampler,COMPLETE
52,52,5.1703990663739745,2026-04-21 18:11:27.173865,2026-04-21 18:11:47.975909,0 days 00:00:20.802044,-23.977744257855974,12.059325183286358,41.304441920065074,41.033669182315265,51.81361761088498,25.72057230405793,-50.37116354432496,96.72012562018689,85.36233199019905,49.49033429830959,38.86484662413814,79.93337535516795,Unattained target,GPSampler,PRUNED
53,53,6.0,2026-04-21 18:11:48.135659,2026-04-21 18:11:48.277130,0 days 00:00:00.141471,-71.7316241508218,98.93649775111979,37.56999971652453,28.300717965147197,-6.099213789458797,-4.4246635439136135,-73.87096433692484,81.77989058913835,33.21527846787654,83.84983689590369,13.742164311863746,21.226081313514957,Unfeasible shape,GPSampler,PRUNED
54,54,6.0,2026-04-21 18:11:48.457572,2026-04-21 18:11:48.578447,0 days 00:00:00.120875,-62.687236878435336,99.13898749931037,51.60685066560487,49.70661293297809,85.75429101586262,-21.39757774751981,-25.876385242437188,65.37248440784192,88.03735844499433,78.30709453386281,32.00138929256991,92.66803304404492,Unfeasible shape,GPSampler,PRUNED
55,55,6.0,2026-04-21 18:11:48.727433,2026-04-21 18:11:48.823883,0 days 00:00:00.096450,-76.47297270262938,73.29897266936086,85.25171661365967,72.76236769815029,-1.43986484736444,46.3400436667407,-39.840519264086545,74.19095004604759,89.70433164638654,53.1442769298272,18.428548002162664,79.1749546745234,Unfeasible shape,GPSampler,PRUNED
56,56,6.0,2026-04-21 18:11:48.969777,2026-04-21 18:11:49.080745,0 days 00:00:00.110968,-33.8152252884124,90.94185036402484,11.724043363962224,96.80635850192381,-1.1892761434192725,-22.35291818986672,-20.90563480632015,58.51723783171642,64.57451676908987,90.3831690067479,32.07275833626669,57.95408158155138,Unfeasible shape,GPSampler,PRUNED
57,57,6.0,2026-04-21 18:11:49.247160,2026-04-21 18:11:49.390012,0 days 00:00:00.142852,-59.34266971924703,80.80322729227103,99.93684616912113,22.343089615886207,105.69164296622084,32.21177576958286,-23.894858490061694,14.043468473555187,94.04871877668762,14.355216601365926,38.45034827842703,81.54136382205871,Unfeasible shape,GPSampler,PRUNED
58,58,6.0,2026-04-21 18:11:49.547531,2026-04-21 18:11:49.660949,0 days 00:00:00.113418,-78.92016295523055,11.108857503884623,55.74123298238914,93.26660570746336,21.89976894767011,68.90102205756554,-59.8305399174925,75.87336981419496,90.8225465720792,62.3341128792988,-17.1416250813037,106.241461771234,Unfeasible shape,GPSampler,PRUNED
59,59,6.0,2026-04-21 18:11:49.805666,2026-04-21 18:11:49.915107,0 days 00:00:00.109441,-75.95170129846676,14.795305795570084,14.273557711502246,53.65202655507209,76.9182877536993,-15.40133010477013,-77.19871168319484,43.58076731742738,24.449279818097395,33.212422996127664,-25.689607849653534,25.019000140771915,Unfeasible shape,GPSampler,PRUNED
60,60,6.0,2026-04-21 18:11:50.057936,2026-04-21 18:11:50.158530,0 days 00:00:00.100594,-24.414301453926804,34.03901836292974,52.76575312582783,54.6776658636847,107.8901569413239,53.78335926943612,-27.05952486539369,39.1300340816732,71.26223282891476,45.95407641793479,23.838662871547896,108.2721722116624,Unfeasible shape,GPSampler,PRUNED
