,number,value,datetime_start,datetime_complete,duration,params_lLegPt.rA1,params_lLegPt.rL0,params_lLegPt.rL1,params_lLegPt.rL2,params_lLegPt.x1,params_lLegPt.y1,params_sLegPt.rA1,params_sLegPt.rL0,params_sLegPt.rL1,params_sLegPt.rL2,params_sLegPt.x1,params_sLegPt.y1,user_attrs_prune,system_attrs_auto:sampler,state
576,576,6.0,2026-04-21 18:36:12.997418,2026-04-21 18:36:13.169723,0 days 00:00:00.172305,-36.73847363891882,21.083906092731524,34.921513428571835,100.0,42.733917481797754,29.09982836695402,-60.19876490967906,46.00734948185455,57.106692855344896,28.315529157095906,3.1075459325792707,65.76645421546998,Unfeasible shape,GPSampler,PRUNED
577,577,6.0,2026-04-21 18:36:13.389757,2026-04-21 18:36:13.525235,0 days 00:00:00.135478,-36.79799051901782,21.076563859486043,35.06511104690591,100.0,42.480603380586636,29.006229470444254,-60.543560397680466,46.026855968697674,56.95693549437406,28.398535903720187,3.060189964740559,65.54950674154766,Unfeasible shape,GPSampler,PRUNED
578,578,6.0,2026-04-21 18:36:13.691905,2026-04-21 18:36:13.836898,0 days 00:00:00.144993,-36.749813388161115,20.876787720248345,34.93805233317437,100.0,42.79926115023707,29.29568214032684,-60.35579725626469,45.82359819454704,57.04541654299725,28.500247276594596,3.139636376824356,65.79586800465175,Unfeasible shape,GPSampler,PRUNED
579,579,6.0,2026-04-21 18:36:14.080996,2026-04-21 18:36:14.228137,0 days 00:00:00.147141,-36.7954660180246,21.140029517886155,34.664980291988776,100.0,42.66546006507243,29.069033527840787,-60.52282258205348,45.88659852771485,57.124706888680265,28.284402111308285,3.120065165527514,65.69133456012851,Unfeasible shape,GPSampler,PRUNED
580,580,6.0,2026-04-21 18:36:14.406797,2026-04-21 18:36:14.567099,0 days 00:00:00.160302,-36.871119300313346,20.99496196644465,35.032276606031886,100.0,42.64699752647558,29.223297276017732,-60.34716149318068,46.01682006429105,57.15311616672895,28.45527874906621,3.097464070692048,65.66250235693792,Unfeasible shape,GPSampler,PRUNED
581,581,6.0,2026-04-21 18:36:14.830184,2026-04-21 18:36:14.968762,0 days 00:00:00.138578,-36.74089493350449,21.013291880076544,34.825250525440396,100.0,42.789375358571846,29.004427817952916,-60.35292821691779,45.75511298120776,56.87975298715665,28.438035354544024,3.0937248135129067,65.82915147322188,Unfeasible shape,GPSampler,PRUNED
582,582,6.0,2026-04-21 18:36:15.111567,2026-04-21 18:36:15.355743,0 days 00:00:00.244176,-36.86245616137455,21.384264652927676,34.909715753937654,100.0,42.89445421562483,28.84598952615356,-60.44925405242742,45.974660821859,57.03174935809132,28.763475555163573,2.919125067703739,65.57700439877821,Unfeasible shape,GPSampler,PRUNED
583,583,6.0,2026-04-21 18:36:15.599338,2026-04-21 18:36:15.755905,0 days 00:00:00.156567,-36.704301998510935,20.69220943982294,34.97819953463906,100.0,42.6352509275991,29.021738216982335,-60.317902223395194,46.32042496748666,57.03195844529311,28.25502181079262,3.1265196303284597,65.6545020814998,Unfeasible shape,GPSampler,PRUNED
584,584,6.0,2026-04-21 18:36:15.925082,2026-04-21 18:36:16.051720,0 days 00:00:00.126638,-36.798832540443,21.022861594985265,34.83682742235819,100.0,42.86284626801462,28.974988399603205,-60.314114411332596,45.9263717961196,57.20754815464561,28.526568897506447,3.1441324194002505,65.60832379753964,Unfeasible shape,GPSampler,PRUNED
585,585,6.0,2026-04-21 18:36:16.200009,2026-04-21 18:36:16.343863,0 days 00:00:00.143854,-36.78975267713766,20.40025006112551,34.753939175279854,100.0,42.64361235103564,29.585083794792894,-60.33393390895202,45.522185093885504,57.1785849569146,28.88456395411517,3.148112764870355,65.84877963400372,Unfeasible shape,GPSampler,PRUNED
586,586,6.0,2026-04-21 18:36:16.522278,2026-04-21 18:36:16.648579,0 days 00:00:00.126301,-36.84947096449346,21.177318688943174,34.509068651447265,100.0,42.63665199062279,29.22597963680161,-60.26221724578221,45.85188629554535,57.21817373287557,28.308680359634643,3.2628307368648706,66.01826219841158,Unfeasible shape,GPSampler,PRUNED
587,587,6.0,2026-04-21 18:36:16.799761,2026-04-21 18:36:17.010690,0 days 00:00:00.210929,-36.69250380641012,20.898497640164052,34.16317652972112,100.0,43.1382502214931,28.83068939004051,-60.45766452143888,45.34302563853118,57.22522510410425,28.15532340639276,3.1213676052148074,65.54287585916053,Unfeasible shape,GPSampler,PRUNED
588,588,6.0,2026-04-21 18:36:17.182690,2026-04-21 18:36:17.342614,0 days 00:00:00.159924,-36.830490541710944,21.322026873103127,34.04874406629672,100.0,42.94792175893505,29.332428365254742,-60.69228049542928,45.74726148465177,57.22708260059518,27.811943802166073,3.2768672886749,66.15310851945812,Unfeasible shape,GPSampler,PRUNED
589,589,6.0,2026-04-21 18:36:17.506644,2026-04-21 18:36:17.690686,0 days 00:00:00.184042,-36.76610072409917,20.945650537125875,34.54874041694082,100.0,43.08458331377508,29.08792927977531,-60.440380613426115,46.05877927712708,57.12342396548079,28.13199793587436,3.1094569510620573,65.77280486166,Unfeasible shape,GPSampler,PRUNED
590,590,6.0,2026-04-21 18:36:17.849456,2026-04-21 18:36:18.009794,0 days 00:00:00.160338,-36.62540261143614,21.19635311920804,34.61501926364479,100.0,42.61215829367771,29.072608367419917,-60.3267771086564,45.719681361374214,57.079431516012946,28.576369264774407,3.1642694553410564,65.56779362378948,Unfeasible shape,GPSampler,PRUNED
591,591,6.0,2026-04-21 18:36:18.148531,2026-04-21 18:36:18.288812,0 days 00:00:00.140281,-36.740627843530454,20.709247143253858,35.29852433897017,100.0,42.7946617852937,29.01607814549319,-60.14524328114056,45.886333242937866,57.04908640209603,28.583813265386272,2.9935068883523286,65.3801187893532,Unfeasible shape,GPSampler,PRUNED
592,592,6.0,2026-04-21 18:36:18.457110,2026-04-21 18:36:18.629134,0 days 00:00:00.172024,-36.828685309586504,21.13200748116151,34.717547416850906,100.0,42.61868457411899,28.909280684627454,-60.613163368528475,46.036270281170005,57.12956532194327,28.22891368291695,3.0955716252706083,65.64053918179995,Unfeasible shape,GPSampler,PRUNED
593,593,6.0,2026-04-21 18:36:18.791733,2026-04-21 18:36:18.956904,0 days 00:00:00.165171,-36.838592213927,21.054825631812832,34.75910271994003,100.0,42.733154397327645,29.211272391177765,-60.33378931382793,45.89709983972776,57.18725011350506,28.307734947936517,3.242680662030736,65.8179923384753,Unfeasible shape,GPSampler,PRUNED
594,594,6.0,2026-04-21 18:36:19.102154,2026-04-21 18:36:19.256052,0 days 00:00:00.153898,-36.73845081946388,20.996998193445805,34.946703411462536,100.0,42.63234612050644,28.98257597690791,-60.27312030635434,45.875770410728556,57.067641588905374,28.361630371336883,3.104342893741034,65.59550587544888,Unfeasible shape,GPSampler,PRUNED
595,595,6.0,2026-04-21 18:36:19.466133,2026-04-21 18:36:19.621933,0 days 00:00:00.155800,-36.77869136839327,21.14328406644082,34.93606731579198,100.0,42.895402232613755,28.97728549461597,-60.43387613718099,45.847906752009635,57.11058060062802,28.47869273344103,3.0598992125575677,65.75136784655555,Unfeasible shape,GPSampler,PRUNED
596,596,6.0,2026-04-21 18:36:19.775476,2026-04-21 18:36:19.902047,0 days 00:00:00.126571,-36.76262001192467,20.47796195555978,34.87371196028085,100.0,42.411369137784604,28.68861377821934,-60.42266043003309,45.73975852791556,57.245702971114845,28.51158457601818,3.131277894400796,65.87370705303283,Unfeasible shape,GPSampler,PRUNED
597,597,6.0,2026-04-21 18:36:20.031104,2026-04-21 18:36:20.189002,0 days 00:00:00.157898,-36.83757919682351,20.99173317746924,34.598842857842314,100.0,42.56737629344472,29.00341340851697,-60.37905785725452,46.073039821822476,57.428533190645055,28.41426541794478,3.107340637634998,65.68229753151653,Unfeasible shape,GPSampler,PRUNED
598,598,6.0,2026-04-21 18:36:20.343670,2026-04-21 18:36:20.500739,0 days 00:00:00.157069,-36.770041444747356,20.963420152966314,34.77591993703304,100.0,42.814075018247564,28.964442514420604,-60.40758594991479,46.04646844934438,57.16675136881415,28.573418519677347,3.121467349236177,65.84841820254556,Unfeasible shape,GPSampler,PRUNED
599,599,6.0,2026-04-21 18:36:20.674623,2026-04-21 18:36:20.848022,0 days 00:00:00.173399,-36.801572679582634,20.939952513210088,34.86494130298583,100.0,42.72334382448142,29.066882457679824,-60.245944958996176,46.0518603708525,57.25539330455839,28.542933005448578,3.132681692388104,65.67844364738882,Unfeasible shape,GPSampler,PRUNED
600,600,6.0,2026-04-21 18:36:21.089236,2026-04-21 18:36:21.246232,0 days 00:00:00.156996,-36.86733786862441,21.18971307783513,34.801342431557714,100.0,42.86915127883717,29.063043451188648,-60.565302070934536,45.91943429879071,57.12158076684025,28.277119324141992,3.1144535861302103,65.77146774044044,Unfeasible shape,GPSampler,PRUNED
601,601,6.0,2026-04-21 18:36:21.404187,2026-04-21 18:36:21.537088,0 days 00:00:00.132901,-36.79865128760243,21.258408501071496,34.723223670352525,100.0,42.70907874928248,28.997527600991027,-60.47800670474972,45.93733324078067,57.18306274150977,28.557075147254988,3.118105550282472,65.6651880250416,Unfeasible shape,GPSampler,PRUNED
602,602,6.0,2026-04-21 18:36:21.690983,2026-04-21 18:36:21.817512,0 days 00:00:00.126529,-36.99427982601917,21.229484281753948,34.82346657677436,100.0,42.732985159529505,29.245526502479223,-60.189839611764626,46.00373991379548,57.33104431490923,28.435112023313373,3.1826131831118545,65.92884225942993,Unfeasible shape,GPSampler,PRUNED
603,603,6.0,2026-04-21 18:36:22.052735,2026-04-21 18:36:22.226472,0 days 00:00:00.173737,-36.84232760216913,21.473200996839232,34.41802049309605,100.0,42.9524657887953,29.351261923117747,-60.28675006332939,46.03484073081437,57.39137655572504,28.288752145192742,3.2931832469921574,66.09329527229204,Unfeasible shape,GPSampler,PRUNED
604,604,6.0,2026-04-21 18:36:22.426381,2026-04-21 18:36:22.585171,0 days 00:00:00.158790,-36.90341619600078,21.05599039411651,34.98872428671314,100.0,43.246071589706496,28.471193792170695,-60.2483201968067,45.68794678554305,57.007605454949356,29.0876208520394,3.1017577517123343,65.65713732462754,Unfeasible shape,GPSampler,PRUNED
605,605,6.0,2026-04-21 18:36:22.764734,2026-04-21 18:36:22.907403,0 days 00:00:00.142669,-36.73255262698899,21.410241589097048,34.335202385276745,100.0,43.073340572317534,29.404310512602663,-60.55925903010203,45.703190042835416,57.125051010414644,28.241206050134117,3.224781271037436,66.17703661716244,Unfeasible shape,GPSampler,PRUNED
606,606,6.0,2026-04-21 18:36:23.072919,2026-04-21 18:36:23.196208,0 days 00:00:00.123289,-36.705265571408255,20.538821965555695,34.66764138121661,100.0,43.0022598338849,29.186622411039387,-60.265325261004335,45.70727103670194,57.241177579414874,28.827098201911852,3.1426196032284395,65.6287527428006,Unfeasible shape,GPSampler,PRUNED
607,607,6.0,2026-04-21 18:36:23.326517,2026-04-21 18:36:23.469248,0 days 00:00:00.142731,-37.02584258121485,20.445145694300834,35.52886797034458,100.0,42.61796944840079,28.79458529807941,-59.94323603534419,45.74016105732878,56.91185996833261,28.781543493691867,3.087689698683427,65.31284927309804,Unfeasible shape,GPSampler,PRUNED
608,608,6.0,2026-04-21 18:36:23.612100,2026-04-21 18:36:23.810701,0 days 00:00:00.198601,-36.860178183090966,21.197640225201237,34.6905504472147,100.0,42.811041361403824,28.639927968591465,-60.1635429210848,46.368810345922086,57.285707531695344,28.671597715866024,2.993695250915401,65.5341983393203,Unfeasible shape,GPSampler,PRUNED
609,609,6.0,2026-04-21 18:36:23.969482,2026-04-21 18:36:24.111684,0 days 00:00:00.142202,-36.863630416635836,20.785652821483794,34.62086208031766,100.0,42.89460346057159,28.82542420544337,-60.26498967624551,45.954903809723255,57.12627571040205,28.519181439042267,3.1360813262663,65.86007998471983,Unfeasible shape,GPSampler,PRUNED
610,610,6.0,2026-04-21 18:36:24.263507,2026-04-21 18:36:24.405557,0 days 00:00:00.142050,-36.876437311478334,21.28816827390022,34.855002354331795,100.0,42.8592258367048,28.94167033271483,-60.24644089290793,45.842285245053226,57.1093194179838,28.523719540668626,3.1376680455990495,65.66609775278596,Unfeasible shape,GPSampler,PRUNED
611,611,6.0,2026-04-21 18:36:24.592412,2026-04-21 18:36:24.702750,0 days 00:00:00.110338,-36.78497649146384,20.984679192263428,34.58940660331308,100.0,42.30746425838711,29.66667321434079,-60.59455143018392,46.3011637186664,56.766074189132304,28.6501498532529,3.043608333519515,65.58108906910257,Unfeasible shape,GPSampler,PRUNED
612,612,6.0,2026-04-21 18:36:24.845108,2026-04-21 18:36:24.982356,0 days 00:00:00.137248,-36.696830523606664,21.64051940447309,35.347664678804904,100.0,42.921469037247014,27.885365038396728,-60.55852747079091,45.95985303717676,57.00686514746384,28.228087507683185,3.1424112379352422,65.90343883626355,Unfeasible shape,GPSampler,PRUNED
613,613,6.0,2026-04-21 18:36:25.211761,2026-04-21 18:36:25.373975,0 days 00:00:00.162214,-36.641525383857555,21.276394127143945,34.66988733170744,100.0,42.73498610442208,29.052082568553047,-60.53680246266846,45.9631181827902,57.206899606594,28.399742317517475,3.1274991087219703,65.86130017941352,Unfeasible shape,GPSampler,PRUNED
614,614,6.0,2026-04-21 18:36:25.538732,2026-04-21 18:36:25.681145,0 days 00:00:00.142413,-36.76783662614426,21.005236227691974,34.88007039435581,100.0,42.706875253089926,29.077855908541153,-60.354797915137915,45.9255223253471,57.15294835483481,28.40746146020534,3.1183803423265744,65.70007720149138,Unfeasible shape,GPSampler,PRUNED
615,615,6.0,2026-04-21 18:36:25.867101,2026-04-21 18:36:25.979180,0 days 00:00:00.112079,-36.623832316623584,20.289629344943478,35.417504074933774,100.0,42.66977951536846,28.912208925487278,-60.130111722823486,45.540799896704605,57.26128759704553,28.61652451478392,3.0876025739404724,65.69371767478694,Unfeasible shape,GPSampler,PRUNED
616,616,6.0,2026-04-21 18:36:26.163229,2026-04-21 18:36:26.301825,0 days 00:00:00.138596,-36.57440835142314,21.041256695365696,34.564401161383294,100.0,42.80686798710217,28.87659249466612,-60.3808417819429,45.385960695749304,57.259122649288734,28.207842588029095,3.140285889133345,65.78201952521808,Unfeasible shape,GPSampler,PRUNED
617,617,6.0,2026-04-21 18:36:26.537934,2026-04-21 18:36:26.702611,0 days 00:00:00.164677,-36.675176315644855,20.415486452770637,34.47739839677689,100.0,42.64303923183785,28.94174556397885,-60.295690115488185,46.40544837381368,57.26311298309497,27.992376861922715,2.9965579476287516,64.832452068421,Unfeasible shape,GPSampler,PRUNED
618,618,6.0,2026-04-21 18:36:26.850820,2026-04-21 18:36:26.999492,0 days 00:00:00.148672,-36.73537327213553,21.117743420241418,34.725160189283486,100.0,42.607843104392494,29.09586769912348,-60.654272367803316,45.897940445346734,57.201513542593084,28.397980699229954,3.092516109768823,65.61614590857613,Unfeasible shape,GPSampler,PRUNED
619,619,6.0,2026-04-21 18:36:27.136828,2026-04-21 18:36:27.287080,0 days 00:00:00.150252,-36.86981618721529,20.886537697674306,34.931856472284494,100.0,42.62681083223283,29.036296070654267,-60.462789296859135,46.05297305432349,56.888069145175905,28.66306871905022,3.144079553146618,65.74605372933996,Unfeasible shape,GPSampler,PRUNED
620,620,6.0,2026-04-21 18:36:27.469030,2026-04-21 18:36:27.621327,0 days 00:00:00.152297,-37.03721480020998,20.94142333566834,35.006891673643864,100.0,42.77426986864851,29.13382724157519,-60.202328529020576,45.85332086792789,56.78257030407309,28.28061190384696,3.09506276921568,65.77654972820532,Unfeasible shape,GPSampler,PRUNED
621,621,6.0,2026-04-21 18:36:27.769120,2026-04-21 18:36:27.945033,0 days 00:00:00.175913,-36.79733828343213,21.201340195489838,34.63941716906698,100.0,42.783029303945774,29.192915786360295,-60.19765031841365,45.91731351975653,57.073975649982216,28.287374323848177,3.1734451438188387,65.95620816323716,Unfeasible shape,GPSampler,PRUNED
622,622,6.0,2026-04-21 18:36:28.094765,2026-04-21 18:36:28.296313,0 days 00:00:00.201548,-36.96184823606394,20.77110875377099,34.9583095919904,100.0,43.15925520270275,28.47790758352371,-60.119978981278166,45.906779381997744,56.966927728042556,28.796851605822035,3.099306268924032,65.88991483994711,Unfeasible shape,GPSampler,PRUNED
623,623,6.0,2026-04-21 18:36:28.443849,2026-04-21 18:36:28.622034,0 days 00:00:00.178185,-36.77592587718869,21.060407259951337,34.31949934552689,100.0,42.67888608874508,29.045348111682827,-60.60315794756416,45.96218426952681,57.38819596578576,28.278307580527457,3.14385271015054,65.91995748343138,Unfeasible shape,GPSampler,PRUNED
624,624,6.0,2026-04-21 18:36:28.772413,2026-04-21 18:36:28.937298,0 days 00:00:00.164885,-36.824395371092734,20.99035605039646,34.807400186229,100.0,42.81098830355006,28.82010903898928,-60.346911659360984,46.02254711690414,57.13172065517865,28.208827961690634,3.0928833662732913,65.52725731200799,Unfeasible shape,GPSampler,PRUNED
625,625,6.0,2026-04-21 18:36:29.100918,2026-04-21 18:36:29.259378,0 days 00:00:00.158460,-36.776103509436496,21.00002858380822,34.74492528496419,100.0,42.63061257389491,29.09211708287411,-60.4116936149518,45.84185970402224,57.16413250663472,28.234407358707735,3.1173901612928034,65.76936022296397,Unfeasible shape,GPSampler,PRUNED
626,626,6.0,2026-04-21 18:36:29.439031,2026-04-21 18:36:29.576898,0 days 00:00:00.137867,-36.8317373815879,21.360731789490483,34.75923248155694,100.0,42.833550736323126,28.90945503050746,-60.496903278837515,45.9841801485565,57.29575734548893,28.712006456033503,3.089583705832027,65.6382960557439,Unfeasible shape,GPSampler,PRUNED
627,627,6.0,2026-04-21 18:36:29.831767,2026-04-21 18:36:30.073974,0 days 00:00:00.242207,-36.853892054556916,20.706779944455164,34.94096489911247,100.0,42.80477826145046,29.082938189119545,-60.32639931981134,45.985658138452735,57.28885999514929,28.099290275251942,3.1482805958802373,65.40442949124754,Unfeasible shape,GPSampler,PRUNED
628,628,6.0,2026-04-21 18:36:30.243007,2026-04-21 18:36:30.408923,0 days 00:00:00.165916,-36.797680980622566,21.09685823439098,34.88948689730471,100.0,42.687427838208315,28.956611039592566,-60.367668578823,45.936831612198446,57.13840115268036,28.60049359855506,3.1109981111436227,65.68718453474422,Unfeasible shape,GPSampler,PRUNED
629,629,6.0,2026-04-21 18:36:30.544930,2026-04-21 18:36:30.702693,0 days 00:00:00.157763,-36.928722913812244,20.759612626634002,34.9579489966019,100.0,42.69963381605349,28.673964527494633,-60.1805007325404,45.77343086678918,57.01854590955223,28.448154345903937,3.1815822958460984,65.66563472350184,Unfeasible shape,GPSampler,PRUNED
630,630,6.0,2026-04-21 18:36:30.847998,2026-04-21 18:36:31.036171,0 days 00:00:00.188173,-36.70669751755065,20.733724237378684,35.46646649327252,100.0,42.871294758757415,28.84973839176758,-60.326967352212066,45.955800387731564,56.69457476170326,29.043105513057007,3.126783702361813,65.41991400463917,Unfeasible shape,GPSampler,PRUNED
631,631,6.0,2026-04-21 18:36:31.195939,2026-04-21 18:36:31.367352,0 days 00:00:00.171413,-36.976113893517734,20.988523557583207,34.542546578935394,100.0,42.86499430212777,28.944650335246934,-60.70750195791487,45.84739293363443,57.0832829765877,28.439576715853196,3.0937481587130975,65.68006683007053,Unfeasible shape,GPSampler,PRUNED
632,632,6.0,2026-04-21 18:36:31.522076,2026-04-21 18:36:31.702252,0 days 00:00:00.180176,-36.85923729791972,21.517373624344238,34.78469636540692,100.0,42.8985292153353,29.130775946565706,-60.36091799246472,45.94728828539389,57.247274441513866,28.582957699819666,3.1366067862100593,65.82675752900518,Unfeasible shape,GPSampler,PRUNED
633,633,6.0,2026-04-21 18:36:31.850239,2026-04-21 18:36:32.034202,0 days 00:00:00.183963,-36.68343626844697,20.963317366503396,34.83757560228183,100.0,43.01142660887139,28.971269956326672,-60.36127885372865,46.19193644613614,57.14558175648249,28.33800592008848,3.114873379134387,65.67985931029983,Unfeasible shape,GPSampler,PRUNED
634,634,6.0,2026-04-21 18:36:32.185667,2026-04-21 18:36:32.348188,0 days 00:00:00.162521,-36.749121837597585,21.33030255895379,35.04051961027908,100.0,42.669729283990065,29.018167361028148,-60.095267141743165,46.330819503242076,57.37171493965763,28.479973821234786,3.0897323333303106,65.7149671412065,Unfeasible shape,GPSampler,PRUNED
635,635,6.0,2026-04-21 18:36:32.519771,2026-04-21 18:36:32.683866,0 days 00:00:00.164095,-36.74617021656698,21.427041547960897,34.67999064391491,100.0,42.79389584319452,28.725582857536068,-60.69252122427979,45.96344189750674,57.2797328328316,28.671310689979215,3.064287469731923,65.48396384891767,Unfeasible shape,GPSampler,PRUNED
636,636,6.0,2026-04-21 18:36:32.858409,2026-04-21 18:36:32.994345,0 days 00:00:00.135936,-36.87395992380156,21.350415367513037,34.6672332318407,100.0,42.6041827598441,28.94219206590767,-60.74135847981739,45.592217290499754,57.08161381634225,28.447582850135824,3.0636043652184597,65.5574535650805,Unfeasible shape,GPSampler,PRUNED
637,637,6.0,2026-04-21 18:36:33.218516,2026-04-21 18:36:33.373116,0 days 00:00:00.154600,-36.82180562110983,21.056358325797962,34.911472946961254,100.0,42.79974493804901,29.00012801487121,-60.35104963720721,46.05300454765591,57.17253224542903,28.402396605615504,3.114094278020616,65.66571431213102,Unfeasible shape,GPSampler,PRUNED
638,638,6.0,2026-04-21 18:36:33.518689,2026-04-21 18:36:33.650414,0 days 00:00:00.131725,-36.8637418193089,20.935636818871046,35.08074850744286,100.0,42.98448216091571,28.51333916717345,-60.19598465183999,45.917461981747785,56.85373408949104,28.610847593690526,3.0646937551633826,65.49863432280566,Unfeasible shape,GPSampler,PRUNED
639,639,6.0,2026-04-21 18:36:33.829751,2026-04-21 18:36:33.987682,0 days 00:00:00.157931,-36.691825495683794,20.624018455876445,34.49661713881423,100.0,42.88181016441158,28.663674125593047,-60.71108891925044,46.05186354836848,57.09364891391181,28.254437353262933,3.2798810126191356,66.4929667355475,Unfeasible shape,GPSampler,PRUNED
640,640,6.0,2026-04-21 18:36:34.142703,2026-04-21 18:36:34.301516,0 days 00:00:00.158813,-36.79312711607818,20.965845289040733,34.26323747993173,100.0,42.74208988873624,29.490298624194764,-60.55141114693432,45.87240108059129,57.254502587249945,28.132948982696533,3.2948383585750918,66.17392865002437,Unfeasible shape,GPSampler,PRUNED
