,number,value,datetime_start,datetime_complete,duration,params_lLegPt.rA1,params_lLegPt.rL0,params_lLegPt.rL1,params_lLegPt.rL2,params_lLegPt.x1,params_lLegPt.y1,params_sLegPt.rA1,params_sLegPt.rL0,params_sLegPt.rL1,params_sLegPt.rL2,params_sLegPt.x1,params_sLegPt.y1,user_attrs_prune,system_attrs_auto:sampler,state
2183,2183,6.0,2026-04-21 18:45:14.345611,2026-04-21 18:45:14.579150,0 days 00:00:00.233539,-36.79718299029944,21.01990080925402,35.03814618237819,100.0,42.83232472703893,29.16056985945039,-59.97386423127246,46.40329329581747,57.276739582697274,28.348993901792475,3.0593019701658406,65.59146237037609,Unfeasible shape,GPSampler,PRUNED
2184,2184,6.0,2026-04-21 18:45:14.788745,2026-04-21 18:45:14.939851,0 days 00:00:00.151106,-36.99250218591601,20.95861314463084,34.700196515875355,100.0,42.54007525859026,29.173547955873666,-60.3721869774714,45.59532522640569,57.054102520314295,28.76646193997413,3.1007112180149505,65.62057924352179,Unfeasible shape,GPSampler,PRUNED
2185,2185,6.0,2026-04-21 18:45:15.103676,2026-04-21 18:45:15.268810,0 days 00:00:00.165134,-36.72289475974197,21.007161068520887,35.08382777245706,100.0,42.80520198512241,29.036170005356347,-60.29699968635106,45.84264228521324,57.26996095908708,28.426267245146043,3.1185703869119052,65.65572095406534,Unfeasible shape,GPSampler,PRUNED
2186,2186,6.0,2026-04-21 18:45:15.451679,2026-04-21 18:45:15.610759,0 days 00:00:00.159080,-36.901748137572085,20.71560618664214,34.940041665441626,100.0,42.629497143306274,28.950074879679754,-60.53012268898229,45.47848511717901,56.890996459734424,28.906868047626222,3.170451433140066,65.82206072706735,Unfeasible shape,GPSampler,PRUNED
2187,2187,6.0,2026-04-21 18:45:15.777084,2026-04-21 18:45:15.939665,0 days 00:00:00.162581,-36.82259453320191,20.804615467441337,34.592884407062456,100.0,43.181978938242516,29.38918804344138,-60.15908159361021,46.01488793437227,56.952586648315894,28.65237708855444,3.217752624098061,65.82108560194678,Unfeasible shape,GPSampler,PRUNED
2188,2188,6.0,2026-04-21 18:45:16.101996,2026-04-21 18:45:16.250767,0 days 00:00:00.148771,-36.877243330452,20.90523516442218,34.871998464942855,100.0,42.64495705831157,29.129050335615887,-60.33036707048961,45.786778281038636,57.12824205987434,28.55109119321124,3.154551844637659,66.03884943863447,Unfeasible shape,GPSampler,PRUNED
2189,2189,6.0,2026-04-21 18:45:16.417316,2026-04-21 18:45:16.633155,0 days 00:00:00.215839,-36.73270373485499,21.070901779252623,34.71867445236811,100.0,42.861109628508956,29.136773092271838,-60.43350009949751,45.96446976893804,57.25070080096273,28.168538281770086,3.181775139522273,65.78170577467975,Unfeasible shape,GPSampler,PRUNED
2190,2190,6.0,2026-04-21 18:45:16.809005,2026-04-21 18:45:16.955522,0 days 00:00:00.146517,-36.897597047967906,20.982283524884593,34.64352823333921,100.0,42.72106773148511,29.270406115091653,-60.336427933204284,45.8423304639934,57.29977147725725,28.477662869929365,3.1249935952413352,65.86073571800826,Unfeasible shape,GPSampler,PRUNED
2191,2191,6.0,2026-04-21 18:45:17.106046,2026-04-21 18:45:17.252268,0 days 00:00:00.146222,-36.457895954821396,21.194927665729875,34.703262030508085,100.0,42.72047398085238,28.98444420511671,-60.4012583554171,45.61801793623557,57.33794099038032,28.84985718885871,3.224928900827713,65.78037263917135,Unfeasible shape,GPSampler,PRUNED
2192,2192,6.0,2026-04-21 18:45:17.437163,2026-04-21 18:45:17.580870,0 days 00:00:00.143707,-36.77705392464434,20.891906050502826,34.95285522196628,100.0,42.74727848288239,29.14816864948162,-60.32448319743102,45.79306325752826,57.06462609032012,28.393854581998312,3.0941333279971346,65.68334637157878,Unfeasible shape,GPSampler,PRUNED
2193,2193,6.0,2026-04-21 18:45:17.798646,2026-04-21 18:45:18.004691,0 days 00:00:00.206045,-36.764614228580065,21.155459697309183,34.77218421961793,100.0,42.5512321773184,28.766833378234416,-60.356585117939254,45.92170028192653,57.15350252929208,28.566948285194695,3.0456443219866287,65.47846655478656,Unfeasible shape,GPSampler,PRUNED
2194,2194,6.0,2026-04-21 18:45:18.208474,2026-04-21 18:45:18.365572,0 days 00:00:00.157098,-36.77247463004204,20.95313250657264,34.90179741260519,100.0,42.85950929766877,29.016324889985604,-60.32210255301119,45.98102216068757,57.179417244505004,28.4247770052381,3.1072312453813566,65.5843981570877,Unfeasible shape,GPSampler,PRUNED
2195,2195,6.0,2026-04-21 18:45:18.536024,2026-04-21 18:45:18.683523,0 days 00:00:00.147499,-36.815509327608595,20.827426179806793,34.93152643298051,100.0,42.73019812256225,29.040613479312803,-60.178402397924486,46.07164404796579,57.293516425291855,28.295515285882253,3.1301806189349293,65.79653614727188,Unfeasible shape,GPSampler,PRUNED
2196,2196,6.0,2026-04-21 18:45:18.883960,2026-04-21 18:45:19.045390,0 days 00:00:00.161430,-36.71824341404067,20.946196625116578,34.61889555132022,100.0,42.788499731872484,29.114482443006473,-60.63411479862766,45.72479531061885,57.03487916251906,28.391480021344414,3.1517487125808756,65.75953650269349,Unfeasible shape,GPSampler,PRUNED
2197,2197,6.0,2026-04-21 18:45:19.180506,2026-04-21 18:45:19.357870,0 days 00:00:00.177364,-36.91849614288249,21.17105768697777,34.58105732736743,100.0,42.69246978211029,29.6117195879555,-60.60967113894518,46.02096578581405,56.80708276962809,28.46199012956295,3.206679098443793,66.50257291810917,Unfeasible shape,GPSampler,PRUNED
2198,2198,6.0,2026-04-21 18:45:19.523782,2026-04-21 18:45:19.693668,0 days 00:00:00.169886,-36.681158084679076,21.035474254166907,34.829529247924,100.0,42.892177944514394,28.973159066508636,-60.331547467146876,45.83947553828831,57.26382518059354,28.36885330066349,3.1270096567939305,65.66923675588691,Unfeasible shape,GPSampler,PRUNED
2199,2199,6.0,2026-04-21 18:45:19.874978,2026-04-21 18:45:20.040946,0 days 00:00:00.165968,-36.74375561659332,21.160753806688092,34.76253741132187,100.0,42.790817480769135,29.08363772259444,-60.39645476383172,45.885198754347634,57.19647891636764,28.459655288354334,3.091548696954831,65.69744827295291,Unfeasible shape,GPSampler,PRUNED
2200,2200,6.0,2026-04-21 18:45:20.194744,2026-04-21 18:45:20.392089,0 days 00:00:00.197345,-36.620916198523204,20.464097551652284,34.810444123917684,100.0,42.878834352384864,29.04271579473137,-60.24236536622982,45.559046700639726,57.13614815891096,28.85830938074212,3.1715756492311655,65.47146644967192,Unfeasible shape,GPSampler,PRUNED
2201,2201,6.0,2026-04-21 18:45:20.568703,2026-04-21 18:45:20.699840,0 days 00:00:00.131137,-36.79798090008095,20.935244641284022,34.71354876829465,100.0,42.70534259618468,29.120311167318214,-60.3989467619522,45.936565820510516,57.23087510040776,28.35428032907869,3.140386685854871,65.76281750712198,Unfeasible shape,GPSampler,PRUNED
2202,2202,6.0,2026-04-21 18:45:20.874070,2026-04-21 18:45:20.996667,0 days 00:00:00.122597,-37.02165672299151,21.20484733686542,34.64416545693774,100.0,42.36222127711276,29.061239284123417,-60.40856179958294,45.64870619259092,57.05345678754618,28.484419776101085,3.0990245611830645,66.00719088075847,Unfeasible shape,GPSampler,PRUNED
2203,2203,6.0,2026-04-21 18:45:21.148645,2026-04-21 18:45:21.307157,0 days 00:00:00.158512,-36.80532598389225,21.135373816965163,34.72258986911376,100.0,42.73882091982982,29.028264207756266,-60.29400437465732,46.00878118267972,57.25362694577001,28.3554225381106,3.133561474607532,65.76826881488097,Unfeasible shape,GPSampler,PRUNED
2204,2204,6.0,2026-04-21 18:45:21.467087,2026-04-21 18:45:21.638949,0 days 00:00:00.171862,-36.75801024308546,20.854130127813768,35.62599728926567,100.0,43.13387617346544,29.192711778481062,-60.44639817787226,45.8818117552817,57.048623572662386,28.18488364727937,3.0811008568199725,65.24162855326347,Unfeasible shape,GPSampler,PRUNED
2205,2205,6.0,2026-04-21 18:45:21.821564,2026-04-21 18:45:21.956015,0 days 00:00:00.134451,-36.49668793061603,20.5512480821658,35.75343008635069,100.0,43.2001277584469,28.446505464660717,-60.43073988931524,45.83943734737083,56.75572899731582,29.05947957864198,2.988943514628275,65.08337194476961,Unfeasible shape,GPSampler,PRUNED
2206,2206,6.0,2026-04-21 18:45:22.152803,2026-04-21 18:45:22.284736,0 days 00:00:00.131933,-36.63059907762756,20.891293123777942,34.56496283319172,100.0,42.64701422971175,29.163948944092077,-60.403524901862944,46.04739766007134,57.21908428262564,28.216149008265507,3.150812266414704,65.84404005729057,Unfeasible shape,GPSampler,PRUNED
2207,2207,6.0,2026-04-21 18:45:22.444276,2026-04-21 18:45:22.613394,0 days 00:00:00.169118,-36.77386159039717,20.705924276822376,35.233938445669374,100.0,42.797671554269265,29.15278588482974,-60.10679897576803,45.67173361009688,56.78625763499352,28.33303221588744,3.0551115008881595,65.48851228883069,Unfeasible shape,GPSampler,PRUNED
2208,2208,6.0,2026-04-21 18:45:22.880736,2026-04-21 18:45:23.026662,0 days 00:00:00.145926,-36.8399504653419,20.74710453256348,34.744871438516554,100.0,42.71937465052797,28.748710901408273,-60.30796689108848,45.90301815302248,57.1481162163047,28.771334367445725,2.9913507415764258,65.56630647506906,Unfeasible shape,GPSampler,PRUNED
2209,2209,6.0,2026-04-21 18:45:23.222854,2026-04-21 18:45:23.378020,0 days 00:00:00.155166,-36.56159250531128,20.958726318835836,34.31813381451083,100.0,43.69492140684601,28.686618303661383,-60.33808527589689,45.86798433579035,57.12943243670387,27.788341035199743,3.178659340696825,66.05379344498208,Unfeasible shape,GPSampler,PRUNED
2210,2210,6.0,2026-04-21 18:45:23.568718,2026-04-21 18:45:23.707331,0 days 00:00:00.138613,-36.84479999531512,21.08770575225882,34.63275918072509,100.0,42.71632664961781,29.10695951215766,-60.18836367998074,45.782450344806996,57.10680126481406,28.49460983169423,3.1624903156470197,65.90324701624736,Unfeasible shape,GPSampler,PRUNED
2211,2211,6.0,2026-04-21 18:45:23.883140,2026-04-21 18:45:24.026979,0 days 00:00:00.143839,-36.75970889548983,20.984304513406872,34.98247783566326,100.0,42.705828597462514,29.028024175784907,-60.409545726538255,45.89557019098123,57.163827925678575,28.368421625612143,3.0421774776467814,65.58088862095578,Unfeasible shape,GPSampler,PRUNED
2212,2212,6.0,2026-04-21 18:45:24.189500,2026-04-21 18:45:24.350946,0 days 00:00:00.161446,-37.13013803772639,20.980096029243253,34.81227260910469,100.0,42.23300823383366,29.740053191770045,-60.57010528920213,45.79323349260305,56.74968627647119,28.74791225682076,3.1170478636616465,65.40099510906244,Unfeasible shape,GPSampler,PRUNED
2213,2213,6.0,2026-04-21 18:45:24.603387,2026-04-21 18:45:24.744454,0 days 00:00:00.141067,-36.7538721197274,21.045081170517093,34.87806569040613,100.0,42.748784473271634,29.177739036093293,-60.34487483845699,46.01935588107156,57.06426898681246,28.35336642080152,3.101646897165338,65.65587768167558,Unfeasible shape,GPSampler,PRUNED
2214,2214,6.0,2026-04-21 18:45:24.938079,2026-04-21 18:45:25.075055,0 days 00:00:00.136976,-36.70171129054873,20.95947374600577,34.56044007536665,100.0,42.715358432371765,29.101672694931082,-60.423006021421465,45.66606837445837,57.02648945772716,28.591062532971385,3.1163567877784857,65.68989933175581,Unfeasible shape,GPSampler,PRUNED
2215,2215,6.0,2026-04-21 18:45:25.252364,2026-04-21 18:45:25.495902,0 days 00:00:00.243538,-36.783153710153385,20.906941155238055,34.839583519352715,100.0,42.782917650564926,29.040996901116607,-60.38587632806004,45.96974361257749,57.207154800580106,28.36955507725694,3.116607276345789,65.61833834990539,Unfeasible shape,GPSampler,PRUNED
2216,2216,6.0,2026-04-21 18:45:25.662761,2026-04-21 18:45:25.824711,0 days 00:00:00.161950,-36.72526531890102,20.73399565411372,34.708180823713064,100.0,42.64773579849154,29.10322329549986,-60.25339158647033,45.464747475620754,57.113491912872156,28.46280757511027,3.141176421806243,65.79170690893311,Unfeasible shape,GPSampler,PRUNED
2217,2217,6.0,2026-04-21 18:45:25.991136,2026-04-21 18:45:26.145384,0 days 00:00:00.154248,-36.638502735362344,20.97524738063776,35.07807977181177,100.0,42.97637475994324,29.072595231841838,-60.286476211452765,45.81269337632303,56.84567778881279,28.370712147299905,3.089716136649045,65.56813229521161,Unfeasible shape,GPSampler,PRUNED
2218,2218,6.0,2026-04-21 18:45:26.382153,2026-04-21 18:45:26.543637,0 days 00:00:00.161484,-36.732591931366684,21.128075664353176,34.70106903222964,100.0,42.835342444984114,28.93657150250305,-60.342304925653565,45.7132587429357,57.119429399531505,28.495294637475478,3.1139542822982236,65.69469400292652,Unfeasible shape,GPSampler,PRUNED
2219,2219,6.0,2026-04-21 18:45:26.715818,2026-04-21 18:45:26.905241,0 days 00:00:00.189423,-36.80087852646677,20.986339385078544,34.90738569602536,100.0,42.63999688920975,29.091458656830056,-60.25510515625022,45.94515099625448,57.157363900813515,28.415328772342257,3.115257512931123,65.63816859811494,Unfeasible shape,GPSampler,PRUNED
2220,2220,6.0,2026-04-21 18:45:27.066137,2026-04-21 18:45:27.258014,0 days 00:00:00.191877,-36.82531357244811,20.995929369407563,34.606213369730696,100.0,42.91324470020986,29.16286967142922,-60.4113770950483,46.114227541442474,57.7056427371703,28.35795787947904,3.0822838810738133,65.78973807441668,Unfeasible shape,GPSampler,PRUNED
2221,2221,6.0,2026-04-21 18:45:27.424914,2026-04-21 18:45:27.578138,0 days 00:00:00.153224,-36.78952849647056,20.78178738477324,35.13249317015754,100.0,42.58345916666335,28.98205889162608,-60.28554880778897,45.75407464926512,57.074963155550556,28.705906344178608,3.121227426222333,65.57274082510341,Unfeasible shape,GPSampler,PRUNED
2222,2222,6.0,2026-04-21 18:45:27.821426,2026-04-21 18:45:28.028019,0 days 00:00:00.206593,-36.785806210950916,20.833012504207453,35.04312078053701,100.0,42.72813250454468,29.13696663169253,-60.36822845289786,45.7822512876197,56.971077632296605,28.743540866124096,3.0403582416310115,65.55490296091665,Unfeasible shape,GPSampler,PRUNED
2223,2223,6.0,2026-04-21 18:45:28.214770,2026-04-21 18:45:28.337367,0 days 00:00:00.122597,-36.85566893894966,21.28346881843573,35.169527863519974,100.0,42.7095863978688,29.16480609304552,-60.31469686672085,45.903074117871235,57.33054912605127,28.119830290031256,3.1397891258610713,65.576937114689,Unfeasible shape,GPSampler,PRUNED
2224,2224,6.0,2026-04-21 18:45:28.507975,2026-04-21 18:45:28.649820,0 days 00:00:00.141845,-36.81891596347434,20.868858382145792,34.95159120732394,100.0,42.74184196630577,28.965633155061326,-60.27552125056553,46.042050200882265,57.192669535363066,28.437359134836043,3.0792752117340285,65.70216313364688,Unfeasible shape,GPSampler,PRUNED
2225,2225,6.0,2026-04-21 18:45:28.818095,2026-04-21 18:45:28.945070,0 days 00:00:00.126975,-36.71140225886229,21.733853302343263,35.131280485204584,100.0,43.05213590362672,28.84634679892669,-60.45878266689924,45.780285963530666,57.143628405561536,28.7598804437928,3.170725523477749,65.7685394200436,Unfeasible shape,GPSampler,PRUNED
2226,2226,6.0,2026-04-21 18:45:29.116723,2026-04-21 18:45:29.253639,0 days 00:00:00.136916,-36.794537011540804,20.948784339918284,34.81379344853009,100.0,42.66462358652953,29.069431224551906,-60.36908738909423,45.90637274021573,57.141947194481524,28.406484685600624,3.1242086874076165,65.7558028086785,Unfeasible shape,GPSampler,PRUNED
2227,2227,6.0,2026-04-21 18:45:29.421092,2026-04-21 18:45:29.579281,0 days 00:00:00.158189,-36.808318306928356,21.13380640412135,34.63958073542635,100.0,42.74730896442881,29.135396852347952,-60.7759772348317,45.666835335346974,57.37043663178376,28.510360723025833,3.144006622302534,65.61410737318249,Unfeasible shape,GPSampler,PRUNED
2228,2228,6.0,2026-04-21 18:45:29.744783,2026-04-21 18:45:29.902113,0 days 00:00:00.157330,-36.95571519434386,20.75702474290953,34.72524002797837,100.0,42.81840796472811,28.80761734056498,-60.44498693532901,46.10586595684464,56.72049054173371,28.755156155197334,3.13623960316648,65.78370883488074,Unfeasible shape,GPSampler,PRUNED
2229,2229,6.0,2026-04-21 18:45:30.156681,2026-04-21 18:45:30.330424,0 days 00:00:00.173743,-36.75498771071826,21.1572485106335,34.688015890433235,100.0,42.555611214894874,28.991043441739933,-60.16830325197749,46.03626988330789,57.57946638681078,28.130980175660312,3.173126294908755,65.95185436114362,Unfeasible shape,GPSampler,PRUNED
2230,2230,6.0,2026-04-21 18:45:30.517513,2026-04-21 18:45:30.656892,0 days 00:00:00.139379,-36.59806150523302,20.88386648219446,34.772649856626,100.0,42.69716550522798,29.27947348399522,-60.530836958990974,46.03869284424435,57.17835874827256,28.18586775223373,3.1243007415998605,65.78848123664147,Unfeasible shape,GPSampler,PRUNED
2231,2231,6.0,2026-04-21 18:45:30.826434,2026-04-21 18:45:30.977847,0 days 00:00:00.151413,-36.80733121561134,21.13787832210607,34.69100884248195,100.0,42.75219635048651,29.00376567236269,-60.39580302276596,45.99085512177705,57.231723659134985,28.481473163590817,3.1480705783906515,65.76659019203959,Unfeasible shape,GPSampler,PRUNED
2232,2232,6.0,2026-04-21 18:45:31.138756,2026-04-21 18:45:31.306259,0 days 00:00:00.167503,-36.77322992315127,21.067402914499958,34.73822062276862,100.0,42.72935684004471,29.24244005205955,-60.37845831387574,46.07954697866008,57.20038641732406,28.197340778756868,3.1624400646202986,65.85582154990942,Unfeasible shape,GPSampler,PRUNED
2233,2233,6.0,2026-04-21 18:45:31.470427,2026-04-21 18:45:31.627263,0 days 00:00:00.156836,-36.74640691793509,21.15477073830752,34.32396376106631,100.0,43.08501391829168,29.592985060117684,-60.6841980533694,45.872789575346005,57.670099071629494,28.011761882789028,3.247145921727544,66.33702299727042,Unfeasible shape,GPSampler,PRUNED
2234,2234,6.0,2026-04-21 18:45:31.762184,2026-04-21 18:45:31.917074,0 days 00:00:00.154890,-37.079873346463344,19.980085084215812,35.18970639183446,100.0,43.064435282243394,28.683214253168025,-60.17387551723235,45.42005738122487,56.98866079016402,28.88478411547214,2.995497979944602,65.51298915178813,Unfeasible shape,GPSampler,PRUNED
2235,2235,6.0,2026-04-21 18:45:32.107222,2026-04-21 18:45:32.233492,0 days 00:00:00.126270,-36.80010192150488,20.74507195863135,34.86753556703731,100.0,42.762280231481775,29.08954168121332,-60.30446388898089,45.94486443485745,57.06963835812023,28.63581120131341,3.1052445906498107,65.80335187914213,Unfeasible shape,GPSampler,PRUNED
2236,2236,6.0,2026-04-21 18:45:32.414815,2026-04-21 18:45:32.585506,0 days 00:00:00.170691,-36.810518183875146,21.18763526159597,34.740423654004346,100.0,42.80185535693189,29.10852164870674,-60.37740913184688,45.90841343382229,57.13211694649286,28.367916460480526,3.1317272748421487,65.8245651931501,Unfeasible shape,GPSampler,PRUNED
2237,2237,6.0,2026-04-21 18:45:32.747276,2026-04-21 18:45:32.897576,0 days 00:00:00.150300,-36.78422529915561,21.178170333857665,35.144125634635685,100.0,42.83598917170261,29.075224036217527,-60.08547691562407,45.75729814143672,56.92798812501254,28.235572918463536,3.1370208178615755,65.79976365288616,Unfeasible shape,GPSampler,PRUNED
2238,2238,6.0,2026-04-21 18:45:33.061911,2026-04-21 18:45:33.195204,0 days 00:00:00.133293,-36.73400199280356,20.969518685564623,34.7784792352873,100.0,42.70129552279823,29.136952257455057,-60.345049320155525,45.90757197094255,57.159230526212745,28.31161316288829,3.120788073883034,65.75802669366418,Unfeasible shape,GPSampler,PRUNED
2239,2239,6.0,2026-04-21 18:45:33.371511,2026-04-21 18:45:33.534906,0 days 00:00:00.163395,-36.761056134035094,20.937433878618886,34.74560848537729,100.0,42.66549638102119,29.0988809784444,-60.41453158597257,46.050215801694634,57.21927094993961,28.13547147984438,3.1706682175506984,65.64884786404419,Unfeasible shape,GPSampler,PRUNED
2240,2240,6.0,2026-04-21 18:45:33.703207,2026-04-21 18:45:33.809461,0 days 00:00:00.106254,-36.69036337792285,21.015588937441905,34.82283427701162,100.0,42.83407969869917,29.121070171527876,-60.40182712063219,45.95113891377451,57.1935876798965,28.34497356028396,3.1370311764444665,65.78508760985568,Unfeasible shape,GPSampler,PRUNED
2241,2241,6.0,2026-04-21 18:45:33.964337,2026-04-21 18:45:34.239855,0 days 00:00:00.275518,-36.757862585118325,20.951216497177164,35.083492365066206,100.0,42.62524932592284,28.95772224658841,-60.346008264710015,45.833799329851956,56.9387591371502,28.52633737480473,3.1173097549526076,65.55708539519946,Unfeasible shape,GPSampler,PRUNED
2242,2242,6.0,2026-04-21 18:45:34.399789,2026-04-21 18:45:34.572473,0 days 00:00:00.172684,-36.853852228543595,20.995231285536562,34.72189652749899,100.0,42.792052329170154,28.957558323578326,-60.24555064627329,45.89744181324251,57.13863379700505,28.496141632296794,3.121895732558336,65.84987289851259,Unfeasible shape,GPSampler,PRUNED
2243,2243,6.0,2026-04-21 18:45:34.731443,2026-04-21 18:45:34.954249,0 days 00:00:00.222806,-36.71973746529142,21.171766975965607,34.66842255973209,100.0,42.68696324856896,29.040044349705006,-60.59866626699913,46.005864143755424,57.26520514771081,28.507534854918593,3.106131635299441,65.63220475551219,Unfeasible shape,GPSampler,PRUNED
2244,2244,6.0,2026-04-21 18:45:35.135221,2026-04-21 18:45:35.284158,0 days 00:00:00.148937,-36.67961673370272,20.88558079593897,34.79562464872615,100.0,42.80980162644181,28.87853196822782,-60.163084656924184,46.05355541326435,57.11577534712107,28.563287125592375,3.1289624659431894,65.70603571296037,Unfeasible shape,GPSampler,PRUNED
2245,2245,6.0,2026-04-21 18:45:35.459392,2026-04-21 18:45:35.607555,0 days 00:00:00.148163,-36.7185663472668,21.097632958293392,34.958956898415636,100.0,42.833969415020285,29.125760390292584,-60.36218950244955,45.83351633425352,57.1547934709194,28.392398598440227,3.1195243661565613,65.75059307041839,Unfeasible shape,GPSampler,PRUNED
2246,2246,6.0,2026-04-21 18:45:35.848867,2026-04-21 18:45:36.050175,0 days 00:00:00.201308,-36.82293940946081,20.660545401948383,34.97371741058117,100.0,43.0474819036255,28.99016388064247,-60.340232317949685,45.86463994377901,57.20648667910064,28.360329916372937,3.116435597507767,65.55642673427174,Unfeasible shape,GPSampler,PRUNED
