,number,value,datetime_start,datetime_complete,duration,params_lLegPt.rA1,params_lLegPt.rL0,params_lLegPt.rL1,params_lLegPt.rL2,params_lLegPt.x1,params_lLegPt.y1,params_sLegPt.rA1,params_sLegPt.rL0,params_sLegPt.rL1,params_sLegPt.rL2,params_sLegPt.x1,params_sLegPt.y1,user_attrs_prune,system_attrs_auto:sampler,state
2759,2759,6.0,2026-04-21 18:48:32.752414,2026-04-21 18:48:32.923901,0 days 00:00:00.171487,-36.8187664339942,20.535066968409115,34.76214419787456,100.0,42.81747393104475,29.07863366898735,-60.20145317530363,45.99201627896689,57.28512990794224,28.400056898726405,3.117353384206929,65.83551654606124,Unfeasible shape,GPSampler,PRUNED
2760,2760,6.0,2026-04-21 18:48:33.183786,2026-04-21 18:48:33.333650,0 days 00:00:00.149864,-36.70182437665297,21.09255970467769,34.900718298068206,100.0,42.47891369645059,29.160460605686666,-60.18868255873328,45.98933241188285,57.300485927255146,28.662827760732593,3.199572278416987,66.37780200914418,Unfeasible shape,GPSampler,PRUNED
2761,2761,6.0,2026-04-21 18:48:33.499596,2026-04-21 18:48:33.662284,0 days 00:00:00.162688,-36.71630636867618,20.838357857550065,35.05418389896596,100.0,42.76951484363278,28.972276650958186,-60.341808679642526,45.96331410842983,57.14485162047174,28.556902355335268,3.119738128862302,65.57255819670843,Unfeasible shape,GPSampler,PRUNED
2762,2762,6.0,2026-04-21 18:48:33.833130,2026-04-21 18:48:34.056747,0 days 00:00:00.223617,-36.824539249076274,21.438338240681155,35.10113259926325,100.0,42.96444823565915,29.24698763806265,-60.305960813241654,45.99929855414153,57.14660028331199,28.37386036308826,3.1239635952464013,65.50354850480164,Unfeasible shape,GPSampler,PRUNED
2763,2763,6.0,2026-04-21 18:48:34.222455,2026-04-21 18:48:34.392559,0 days 00:00:00.170104,-36.78003420917237,20.986590939584794,34.87530425149147,100.0,42.62531395023651,29.103168140040445,-60.22899561898409,46.23302655617634,57.30292837322688,28.187288120562737,3.0416004580749743,65.70112244713759,Unfeasible shape,GPSampler,PRUNED
2764,2764,6.0,2026-04-21 18:48:34.552307,2026-04-21 18:48:34.703305,0 days 00:00:00.150998,-36.782226910673295,21.193772888045103,34.99772373527803,100.0,43.08147827901118,28.952761031341424,-60.465266116406134,45.770872969212945,57.065726465139626,28.718899266248982,3.228758487736549,65.50911418021079,Unfeasible shape,GPSampler,PRUNED
2765,2765,6.0,2026-04-21 18:48:34.891277,2026-04-21 18:48:35.030596,0 days 00:00:00.139319,-36.578115002659416,20.957581691044922,34.9196274389118,100.0,42.575370337766046,29.315872415861833,-60.58443027961914,45.925051316372,57.057485896097035,28.255832963896157,3.0762554819014625,65.8268889980374,Unfeasible shape,GPSampler,PRUNED
2766,2766,6.0,2026-04-21 18:48:35.224134,2026-04-21 18:48:35.386625,0 days 00:00:00.162491,-36.79281649152188,20.51867092440869,34.716998097228824,100.0,42.96292929026136,28.81845993327,-60.22280083488428,45.808043451289606,56.92741237052485,28.590030467193866,3.114362457290376,65.6357310102551,Unfeasible shape,GPSampler,PRUNED
2767,2767,6.0,2026-04-21 18:48:35.556940,2026-04-21 18:48:35.664496,0 days 00:00:00.107556,-36.79816824236879,20.93611377455543,34.88184823190927,100.0,42.67809648498449,29.661631449089867,-60.53728979709498,45.96264295005373,57.010152064136804,28.43285588260839,3.131818313874369,66.2685787327666,Unfeasible shape,GPSampler,PRUNED
2768,2768,6.0,2026-04-21 18:48:35.838485,2026-04-21 18:48:35.982904,0 days 00:00:00.144419,-36.86154631854212,20.619084343116214,35.01445650724876,100.0,42.75021999258168,28.83496648804099,-60.28011539985637,45.34975486638221,56.98283381589068,28.398622882132628,3.1425261071506583,65.8445258793745,Unfeasible shape,GPSampler,PRUNED
2769,2769,6.0,2026-04-21 18:48:36.164933,2026-04-21 18:48:36.380812,0 days 00:00:00.215879,-36.62436508684893,20.98119674523199,34.92039682915316,100.0,42.71371470002329,29.36349786515563,-60.60152441677327,45.79732095329192,57.20271358813713,28.06248892979317,3.1592633000184023,65.9689631130062,Unfeasible shape,GPSampler,PRUNED
2770,2770,6.0,2026-04-21 18:48:36.573197,2026-04-21 18:48:36.709455,0 days 00:00:00.136258,-36.8217031981125,20.96130191367575,34.57430790131292,100.0,42.63590054726649,28.741175374775118,-60.61965714601162,45.919146601707965,57.14668346562179,28.471957412961096,3.0475077888528617,65.47764405237895,Unfeasible shape,GPSampler,PRUNED
2771,2771,6.0,2026-04-21 18:48:36.898601,2026-04-21 18:48:37.111925,0 days 00:00:00.213324,-36.84908732811332,20.80089726146543,34.70367747951066,100.0,42.67612249361706,29.161494338384536,-60.25836707186998,45.999232381860764,57.125799896593776,28.596065682739955,3.096011919533275,65.7261104364421,Unfeasible shape,GPSampler,PRUNED
2772,2772,6.0,2026-04-21 18:48:37.274680,2026-04-21 18:48:37.574499,0 days 00:00:00.299819,-36.712194226952164,21.008353084681076,34.71559602113312,100.0,42.487690450011804,28.982829104797204,-60.547264250460785,45.761897503882395,57.22655691297619,28.22027349498652,3.1576643487475664,65.78737200393043,Unfeasible shape,GPSampler,PRUNED
2773,2773,6.0,2026-04-21 18:48:37.768415,2026-04-21 18:48:37.919992,0 days 00:00:00.151577,-36.80016508779549,20.95495765711009,34.85281836687837,100.0,42.66096119211608,29.08733531442956,-60.33356795112168,46.02982373372184,57.22278860094633,28.320378145901206,3.1152891655666437,65.76599357785963,Unfeasible shape,GPSampler,PRUNED
2774,2774,6.0,2026-04-21 18:48:38.093668,2026-04-21 18:48:38.248878,0 days 00:00:00.155210,-36.83190629200749,21.368957683338557,34.83569285924969,100.0,42.91575616425101,29.060007080519703,-60.21533212610643,46.15509741123859,57.014762025101575,28.65893574397918,3.129531974021617,65.58841356381994,Unfeasible shape,GPSampler,PRUNED
2775,2775,6.0,2026-04-21 18:48:38.391722,2026-04-21 18:48:38.535210,0 days 00:00:00.143488,-36.677513522941915,21.049449112584618,34.340304366448294,100.0,42.97838329565713,29.333477349399516,-60.48895223614162,45.921941732281695,57.202608948026054,28.46892626715963,3.239554535133557,66.26593571751359,Unfeasible shape,GPSampler,PRUNED
2776,2776,6.0,2026-04-21 18:48:38.824169,2026-04-21 18:48:38.981269,0 days 00:00:00.157100,-36.99376910167097,20.88301773342509,34.8250608948337,100.0,43.09217190492042,28.82176282487913,-60.35017830920412,45.98826207056118,57.204110361983034,28.517393207542458,3.2073391449530533,66.28256490016224,Unfeasible shape,GPSampler,PRUNED
2777,2777,6.0,2026-04-21 18:48:39.168448,2026-04-21 18:48:39.310713,0 days 00:00:00.142265,-36.75201513661405,21.12152323874738,35.00098350314263,100.0,42.78396332413971,29.146916139571857,-60.31433386800312,45.818820194592035,57.099085860243555,28.33986751401818,3.1108777040694733,65.69845800405537,Unfeasible shape,GPSampler,PRUNED
2778,2778,6.0,2026-04-21 18:48:39.476744,2026-04-21 18:48:39.618381,0 days 00:00:00.141637,-36.771412487667604,21.03054448549074,34.60529775615606,100.0,42.69342309598107,29.150281892321836,-60.44068255495006,45.975701692710366,57.208784013848955,28.399670806805332,3.118404457257327,65.83961950370288,Unfeasible shape,GPSampler,PRUNED
2779,2779,6.0,2026-04-21 18:48:39.791041,2026-04-21 18:48:40.044389,0 days 00:00:00.253348,-36.784968703222006,21.108213602101102,34.72227406962401,100.0,42.63797333944607,29.47872591540304,-60.15690986529468,46.31836627464592,57.36797823045343,27.51226643263925,3.211809682764823,65.86521667972426,Unfeasible shape,GPSampler,PRUNED
2780,2780,6.0,2026-04-21 18:48:40.247641,2026-04-21 18:48:40.404382,0 days 00:00:00.156741,-36.78045199870214,20.984363075084083,34.796738022611976,100.0,42.89567696891915,28.85079308608514,-60.3849865411661,45.91048781384791,57.06312167532853,28.55944728103499,3.1431628543094092,65.65896708455908,Unfeasible shape,GPSampler,PRUNED
2781,2781,6.0,2026-04-21 18:48:40.587981,2026-04-21 18:48:40.738800,0 days 00:00:00.150819,-36.85067392236564,20.8771901111079,34.87068010298627,100.0,42.62457705332337,29.08464601428018,-60.45182729106394,46.073795212063075,56.95144097623841,28.36628269883407,3.1569894932747005,65.91629123396986,Unfeasible shape,GPSampler,PRUNED
2782,2782,6.0,2026-04-21 18:48:40.899522,2026-04-21 18:48:41.102213,0 days 00:00:00.202691,-36.764781238824874,20.819211122337702,34.91616638478523,100.0,42.658258689764594,28.90459804116876,-60.36834628029834,45.837242521823576,57.14365433506825,28.521210856416122,3.094912776862479,65.63803325764279,Unfeasible shape,GPSampler,PRUNED
2783,2783,6.0,2026-04-21 18:48:41.326621,2026-04-21 18:48:41.449905,0 days 00:00:00.123284,-36.77606260524206,20.967826787459853,34.6945940921576,100.0,42.81959472567842,29.032992126975387,-60.34692673766908,46.0023258549122,57.26966067130738,28.590417032662906,3.1032783846543524,65.69682800342474,Unfeasible shape,GPSampler,PRUNED
2784,2784,6.0,2026-04-21 18:48:41.618265,2026-04-21 18:48:41.781497,0 days 00:00:00.163232,-36.757516478102424,20.655712340855857,34.76180155220644,100.0,42.95039413355515,29.054196179766898,-60.240871170663866,45.72507893880916,57.20438371170873,28.52482611134848,3.114832353642136,65.51308009118596,Unfeasible shape,GPSampler,PRUNED
2785,2785,6.0,2026-04-21 18:48:41.991943,2026-04-21 18:48:42.139472,0 days 00:00:00.147529,-37.04766002992683,21.107380916348824,34.77489825880767,100.0,42.16579852475312,29.216289071436734,-60.34908099404092,45.7652815056491,56.7194411626648,28.31479490567253,3.196832672997523,65.66437078808784,Unfeasible shape,GPSampler,PRUNED
2786,2786,6.0,2026-04-21 18:48:42.333266,2026-04-21 18:48:42.468220,0 days 00:00:00.134954,-36.91263417024206,20.513068587366426,35.04105292299923,100.0,42.57319741422631,29.344638252939212,-60.22368329078071,45.48596575841886,56.8103010982453,28.441713474434366,3.185868360366996,65.72184977170465,Unfeasible shape,GPSampler,PRUNED
2787,2787,6.0,2026-04-21 18:48:42.645606,2026-04-21 18:48:42.787459,0 days 00:00:00.141853,-36.774660674352404,20.974754811658542,34.81723907259399,100.0,42.650098253365044,29.01715488983166,-60.38191170778144,46.014830341909466,57.18172370682681,28.393012648404564,3.0921849952713387,65.63454498813718,Unfeasible shape,GPSampler,PRUNED
2788,2788,6.0,2026-04-21 18:48:42.966066,2026-04-21 18:48:43.139888,0 days 00:00:00.173822,-36.82780093099639,20.948098242714302,34.80829849103654,100.0,42.999775237957074,28.86002516023857,-60.39340018555146,46.20666977787707,57.33927218143228,27.850882697641655,3.0501009047429477,65.43260631318786,Unfeasible shape,GPSampler,PRUNED
2789,2789,6.0,2026-04-21 18:48:43.313321,2026-04-21 18:48:43.466724,0 days 00:00:00.153403,-36.79325062886707,20.96941981827571,34.71758777062108,100.0,42.625629474679805,29.13316600934239,-60.27045685451553,46.166773661178546,57.289141089980355,28.208459668781554,3.1018484094463687,65.84725071293299,Unfeasible shape,GPSampler,PRUNED
2790,2790,6.0,2026-04-21 18:48:43.718445,2026-04-21 18:48:43.856803,0 days 00:00:00.138358,-36.87331143979734,20.852513437468396,34.66046837106681,100.0,42.79464332915671,29.140679347027053,-60.36332103313249,45.980511239763786,57.48009579345786,28.291040103532474,3.1161033459153415,65.76675473637192,Unfeasible shape,GPSampler,PRUNED
2791,2791,6.0,2026-04-21 18:48:44.051243,2026-04-21 18:48:44.185911,0 days 00:00:00.134668,-36.64269896592164,20.899712486991504,35.054977213351194,100.0,42.75754337637116,28.978679824121976,-60.34460402473002,45.940915144705826,57.19979007128716,28.704079439759695,3.1261827044635098,65.74231814436781,Unfeasible shape,GPSampler,PRUNED
2792,2792,6.0,2026-04-21 18:48:44.516699,2026-04-21 18:48:44.663667,0 days 00:00:00.146968,-36.75795861187934,20.656938508278262,34.87017516653455,100.0,42.80054518031538,29.38388493983537,-60.26754641973373,45.924970899318105,56.83303461463667,28.671268301419282,3.0673348636196494,65.54600904837875,Unfeasible shape,GPSampler,PRUNED
2793,2793,6.0,2026-04-21 18:48:44.844158,2026-04-21 18:48:44.965504,0 days 00:00:00.121346,-36.75563813729019,21.349388900543353,34.61003379588158,100.0,42.76827611378777,28.983416951536213,-60.51312536532227,45.95813431027915,57.24940601624931,28.64898722008433,3.099879003091978,65.74413907522278,Unfeasible shape,GPSampler,PRUNED
2794,2794,6.0,2026-04-21 18:48:45.122409,2026-04-21 18:48:45.286867,0 days 00:00:00.164458,-36.8069004256419,21.006927112739994,34.928674495124866,100.0,42.7436117791587,29.046543170634642,-60.269156635837774,46.112310240803545,57.147683322854036,28.401469525395722,3.1009232193523246,65.68313454086245,Unfeasible shape,GPSampler,PRUNED
2795,2795,6.0,2026-04-21 18:48:45.469186,2026-04-21 18:48:45.617380,0 days 00:00:00.148194,-36.88582359380529,20.81326879122663,35.039741930851456,100.0,42.417744929982554,28.668459390367147,-60.10489842719171,45.783322780137595,57.01218094392615,28.636190512882933,3.099032517379328,65.73766070655822,Unfeasible shape,GPSampler,PRUNED
2796,2796,6.0,2026-04-21 18:48:45.806964,2026-04-21 18:48:45.937337,0 days 00:00:00.130373,-36.74275192615204,20.999178336586404,34.62874870153067,100.0,42.69259678883111,28.929734825803912,-60.42841940893252,46.07307253824305,57.19502422960698,28.485307933266085,3.1194087479971984,65.82320865733266,Unfeasible shape,GPSampler,PRUNED
2797,2797,6.0,2026-04-21 18:48:46.106180,2026-04-21 18:48:46.244351,0 days 00:00:00.138171,-36.89160921945122,20.914990943585394,34.47570993877707,100.0,42.72902024426172,29.5316640242712,-60.59753305527745,45.72153920059813,57.243337521091014,27.931409414059804,3.32147401901382,65.93668046548235,Unfeasible shape,GPSampler,PRUNED
2798,2798,6.0,2026-04-21 18:48:46.413427,2026-04-21 18:48:46.536718,0 days 00:00:00.123291,-36.682913299622356,20.98014302258504,34.89530617475023,100.0,42.76630702435785,29.325033574426485,-60.41271508787212,45.83879307681731,57.11698725782446,28.503490025099477,3.190259271980807,65.92449850793527,Unfeasible shape,GPSampler,PRUNED
2799,2799,6.0,2026-04-21 18:48:46.718675,2026-04-21 18:48:46.855990,0 days 00:00:00.137315,-36.887328041652985,20.398334718502625,35.047022960389754,100.0,42.90772131510171,28.733323470794616,-60.03658318454666,45.98067623673062,57.09230534766201,28.448349671455695,3.038478263186768,65.48679541288715,Unfeasible shape,GPSampler,PRUNED
2800,2800,6.0,2026-04-21 18:48:47.202429,2026-04-21 18:48:47.354246,0 days 00:00:00.151817,-36.79367627280556,21.02011469051347,34.81880013434811,100.0,43.04517429099171,29.071276207488985,-60.43843062041739,45.83261047830431,57.23131878882269,28.34692539374373,3.1489126665629286,65.7087863313171,Unfeasible shape,GPSampler,PRUNED
2801,2801,6.0,2026-04-21 18:48:47.578462,2026-04-21 18:48:47.737444,0 days 00:00:00.158982,-36.73608511732748,20.94706208295051,34.82292711253065,100.0,42.76124486138796,28.94485979842088,-60.36747396924743,46.029610371724054,57.156957216956634,28.445598411194926,3.076768660647211,65.66442956985705,Unfeasible shape,GPSampler,PRUNED
2802,2802,6.0,2026-04-21 18:48:47.911780,2026-04-21 18:48:48.062615,0 days 00:00:00.150835,-36.831146275356026,21.166542461587483,34.3526716909675,100.0,43.111038906197756,29.367113413520983,-60.54957638641835,45.87879037475651,57.498236540609035,27.91825884680459,3.237535555392668,66.06850160139196,Unfeasible shape,GPSampler,PRUNED
2803,2803,6.0,2026-04-21 18:48:48.247240,2026-04-21 18:48:48.391296,0 days 00:00:00.144056,-36.653866559116025,21.355616009709237,35.00294704523836,100.0,42.94184576355784,29.322017942294032,-60.52785965576486,45.65873415433477,57.158642740267865,28.395045989691155,3.1686634828062665,65.64204053413575,Unfeasible shape,GPSampler,PRUNED
2804,2804,6.0,2026-04-21 18:48:48.550241,2026-04-21 18:48:48.735077,0 days 00:00:00.184836,-36.76957977065907,20.646068960564463,35.7715638687684,99.9742134959397,42.308716841485236,28.781484961727678,-60.33437846145313,45.913532958517976,56.838456447928245,28.946133291610025,2.990939379242043,65.35783749985755,Unfeasible shape,GPSampler,PRUNED
2805,2805,6.0,2026-04-21 18:48:48.942238,2026-04-21 18:48:49.090202,0 days 00:00:00.147964,-36.78270142153195,20.789647017738194,35.0679776822373,100.0,42.70587073647434,28.94032029598805,-60.32409258572929,45.836603397148295,57.086620634869156,28.27916177557184,3.0964086471953536,65.61558286543148,Unfeasible shape,GPSampler,PRUNED
2806,2806,6.0,2026-04-21 18:48:49.251015,2026-04-21 18:48:49.403284,0 days 00:00:00.152269,-36.6689339417446,20.493974831309217,35.22234335070161,100.0,42.798110338476185,29.01426843727552,-60.17062169683299,45.87023772607357,56.90652752173203,28.324775555651936,3.022637943520685,65.40706467978784,Unfeasible shape,GPSampler,PRUNED
2807,2807,6.0,2026-04-21 18:48:49.585889,2026-04-21 18:48:49.730193,0 days 00:00:00.144304,-36.82547210205106,20.935050682211546,34.7577738550265,100.0,42.643708094627705,29.20858572282765,-60.3185261028302,45.733081466501,57.220298255020566,28.02337598085819,3.117797893745383,65.8308846106251,Unfeasible shape,GPSampler,PRUNED
2808,2808,6.0,2026-04-21 18:48:49.894797,2026-04-21 18:48:50.010349,0 days 00:00:00.115552,-36.794432250752116,21.31990875209515,34.92419353558154,100.0,42.93139886449775,28.969046344541205,-60.39353093862982,45.784285862735594,57.22782983885729,28.795920767215062,3.073271333980543,65.64268308332774,Unfeasible shape,GPSampler,PRUNED
2809,2809,6.0,2026-04-21 18:48:50.188829,2026-04-21 18:48:50.372886,0 days 00:00:00.184057,-36.71909767506013,21.48557651048661,34.352153884850374,100.0,42.91583402228089,29.28281181116686,-60.47018986172067,45.995394921813215,57.326809808037964,28.19346529389209,3.2591155418062954,66.1334993502569,Unfeasible shape,GPSampler,PRUNED
2810,2810,6.0,2026-04-21 18:48:50.547738,2026-04-21 18:48:50.778986,0 days 00:00:00.231248,-36.89644750520177,21.09604254579517,34.79371632556294,100.0,42.78376204860698,28.992050534306948,-60.32496614080608,45.90910708505664,56.93967621073598,28.50583847599084,3.1908997436313697,65.69016761941819,Unfeasible shape,GPSampler,PRUNED
2811,2811,6.0,2026-04-21 18:48:50.971288,2026-04-21 18:48:51.168542,0 days 00:00:00.197254,-36.860237346568475,21.63822182606055,34.68096521522207,100.0,42.815700931139006,29.192126560299606,-60.536223979793846,46.381816623004845,57.38354673575847,28.52639988447675,3.076789270150414,65.7972313387777,Unfeasible shape,GPSampler,PRUNED
2812,2812,6.0,2026-04-21 18:48:51.378993,2026-04-21 18:48:51.496607,0 days 00:00:00.117614,-36.87809481089539,20.707661463047017,34.87317149337916,100.0,42.708595724377346,29.029708878909922,-60.375782321232734,45.76927300037115,57.01507671419799,28.60630749158754,3.134131700267673,65.77294130815037,Unfeasible shape,GPSampler,PRUNED
2813,2813,6.0,2026-04-21 18:48:51.713355,2026-04-21 18:48:51.916400,0 days 00:00:00.203045,-36.79094051044487,21.157248067787293,34.73147401204991,100.0,42.78438615981597,29.09562497263714,-60.41651042911241,45.90680608578697,57.18734948994709,28.42687669198467,3.1600277480328742,65.72508999637235,Unfeasible shape,GPSampler,PRUNED
2814,2814,6.0,2026-04-21 18:48:52.099583,2026-04-21 18:48:52.252121,0 days 00:00:00.152538,-36.74111793749563,21.110882877853868,34.785105240759535,100.0,42.75369601461861,29.050379404957667,-60.37668263888492,45.973225533003365,57.18056549642265,28.447816832426746,3.1174194754151046,65.63466208812918,Unfeasible shape,GPSampler,PRUNED
2815,2815,6.0,2026-04-21 18:48:52.441072,2026-04-21 18:48:52.567132,0 days 00:00:00.126060,-36.88070470751623,20.807255534601502,34.899427273954274,100.0,43.03639898836624,28.77875265253261,-60.29161799146454,45.62288634584429,57.03430690809356,28.452056863061518,3.1767575311683913,65.91043028699391,Unfeasible shape,GPSampler,PRUNED
2816,2816,6.0,2026-04-21 18:48:52.742743,2026-04-21 18:48:52.903301,0 days 00:00:00.160558,-36.753903053513014,20.74037851102522,35.14930631963449,100.0,42.693624385370676,28.78779152923628,-60.18941288514059,46.03606319871847,57.07375265965922,28.603250782373344,3.1342994251689262,65.88165620283603,Unfeasible shape,GPSampler,PRUNED
2817,2817,6.0,2026-04-21 18:48:53.098042,2026-04-21 18:48:53.234138,0 days 00:00:00.136096,-36.761042696410044,20.955896088794315,34.985642865011144,100.0,42.8817911125618,28.890398138256877,-60.2909548762337,45.990353396662684,56.96444045356783,28.636505407689317,3.0886130167084644,65.56007045531838,Unfeasible shape,GPSampler,PRUNED
2818,2818,6.0,2026-04-21 18:48:53.440724,2026-04-21 18:48:53.569579,0 days 00:00:00.128855,-36.73830360163419,21.255958184461452,34.78915414631431,100.0,42.63988891448877,29.169142647878815,-60.2200586029747,46.32623718083834,57.15540759230167,28.212790368165887,3.1213801559705914,65.82674170468658,Unfeasible shape,GPSampler,PRUNED
2819,2819,6.0,2026-04-21 18:48:53.758009,2026-04-21 18:48:53.900719,0 days 00:00:00.142710,-36.738284847856285,20.848671802514982,34.61949718010315,100.0,42.87154841537304,29.100447584239866,-60.53410929619709,46.274296306138396,57.111188988603,28.00425975240142,3.1531786323690767,65.90722079609083,Unfeasible shape,GPSampler,PRUNED
2820,2820,6.0,2026-04-21 18:48:54.092533,2026-04-21 18:48:54.417185,0 days 00:00:00.324652,-36.94106929748598,21.317604270460677,34.31543502231956,100.0,42.94662748573374,29.032582572129364,-60.48027085182163,45.64198513760242,57.063041920162625,28.44990730719746,3.259318450654348,66.00950016116937,Unfeasible shape,GPSampler,PRUNED
2821,2821,6.0,2026-04-21 18:48:54.605720,2026-04-21 18:48:54.764215,0 days 00:00:00.158495,-36.85899418182066,21.112918906327558,34.65847098834521,100.0,42.8531394900596,28.87465571510929,-60.49114168458737,45.80757659379509,57.1440788866833,28.46042257673237,3.1836583093476136,65.67167594800517,Unfeasible shape,GPSampler,PRUNED
2822,2822,6.0,2026-04-21 18:48:54.972038,2026-04-21 18:48:55.114860,0 days 00:00:00.142822,-36.749920443639645,21.148362863073224,34.75469157993386,100.0,42.559117570681046,29.02042043668797,-60.443885444871256,45.90116775342873,57.19097528244742,28.447800507818883,3.136140813624465,65.76099159122033,Unfeasible shape,GPSampler,PRUNED
