,number,value,datetime_start,datetime_complete,duration,params_lLegPt.rA1,params_lLegPt.rL0,params_lLegPt.rL1,params_lLegPt.rL2,params_lLegPt.x1,params_lLegPt.y1,params_sLegPt.rA1,params_sLegPt.rL0,params_sLegPt.rL1,params_sLegPt.rL2,params_sLegPt.x1,params_sLegPt.y1,user_attrs_prune,system_attrs_auto:sampler,state
1927,1927,6.0,2026-04-21 18:43:45.604068,2026-04-21 18:43:45.764005,0 days 00:00:00.159937,-36.66685774827196,20.97750291223673,34.96007781711076,100.0,42.764752638295455,29.15388975457983,-60.41236164762241,46.03236431614859,57.144396822534645,28.350747935741854,3.0702725654779712,65.66174949712968,Unfeasible shape,GPSampler,PRUNED
1928,1928,6.0,2026-04-21 18:43:46.010122,2026-04-21 18:43:46.279055,0 days 00:00:00.268933,-36.88876926282124,21.1847727146475,34.76283536016316,100.0,42.6765538773212,29.061392749038284,-60.33569301948799,45.97743503221652,57.42988947382322,28.206759161982344,3.044885342496322,65.38396762648917,Unfeasible shape,GPSampler,PRUNED
1929,1929,6.0,2026-04-21 18:43:46.434393,2026-04-21 18:43:46.596520,0 days 00:00:00.162127,-36.69420769922182,20.968051631534763,34.74051212794748,100.0,43.126531620726404,28.95055207041394,-60.30343392473728,45.69029319477619,57.05313953640966,28.419697979540167,3.119694924082964,65.60442400457258,Unfeasible shape,GPSampler,PRUNED
1930,1930,6.0,2026-04-21 18:43:46.786768,2026-04-21 18:43:46.951353,0 days 00:00:00.164585,-36.79538919456448,21.538848730608564,34.542567163331846,100.0,42.68450888671974,29.16172140266805,-60.49195502547856,45.97388950491369,57.328801683708164,28.60930444295926,3.141709513604951,65.71825357419259,Unfeasible shape,GPSampler,PRUNED
1931,1931,6.0,2026-04-21 18:43:47.160212,2026-04-21 18:43:47.329281,0 days 00:00:00.169069,-36.72858195645636,21.02111883872388,34.93574225175176,100.0,42.7611139953242,29.237052689561203,-60.42248316007749,45.90696006679751,57.16986022440763,28.227866972887277,3.1012355713420234,65.68387131853154,Unfeasible shape,GPSampler,PRUNED
1932,1932,6.0,2026-04-21 18:43:47.536771,2026-04-21 18:43:47.674800,0 days 00:00:00.138029,-36.76934429376643,20.791799041110757,34.95880154165085,100.0,42.618095628016064,28.862493328804106,-60.30482820949833,45.991078204530716,57.10675020443907,28.736610256404806,3.0184302889581005,65.66542982588966,Unfeasible shape,GPSampler,PRUNED
1933,1933,6.0,2026-04-21 18:43:47.869943,2026-04-21 18:43:48.053092,0 days 00:00:00.183149,-36.84720728346269,20.907853340219845,34.598583223718954,100.0,42.72958097408854,28.925645737794504,-60.424099554786174,45.88682568415544,57.029193737126405,28.37068320610638,3.168692849376555,65.82838679705682,Unfeasible shape,GPSampler,PRUNED
1934,1934,6.0,2026-04-21 18:43:48.258106,2026-04-21 18:43:48.416924,0 days 00:00:00.158818,-36.74746005678586,21.11881068730521,34.66301197029865,100.0,42.80497811709231,29.13319731274578,-60.19497455407526,45.955051022886664,57.02852104820148,28.308892508632194,3.2661570911348363,66.04176875160911,Unfeasible shape,GPSampler,PRUNED
1935,1935,6.0,2026-04-21 18:43:48.588362,2026-04-21 18:43:48.740011,0 days 00:00:00.151649,-36.76686141799542,21.178553535155178,34.75347376119935,100.0,42.87234041595086,29.02681255244599,-60.38228305042475,45.8442113205704,57.21410340189598,28.353009452757657,3.096886744493716,65.72688138215614,Unfeasible shape,GPSampler,PRUNED
1936,1936,6.0,2026-04-21 18:43:48.910400,2026-04-21 18:43:49.069101,0 days 00:00:00.158701,-36.76403119215431,21.272083857211733,34.62345577332389,100.0,42.83182762674842,29.131190277459375,-60.40917076835709,45.856052823337805,57.217312755043686,28.44252251059751,3.126017694768578,65.91513166353495,Unfeasible shape,GPSampler,PRUNED
1937,1937,6.0,2026-04-21 18:43:49.258831,2026-04-21 18:43:49.457301,0 days 00:00:00.198470,-36.79193041075637,20.77858682670032,34.834342260655355,100.0,42.93752204851331,29.613712098385662,-60.40068105935132,45.60495940328426,56.98389395469025,28.568794888645265,3.2481615309950485,65.48533545989596,Unfeasible shape,GPSampler,PRUNED
1938,1938,6.0,2026-04-21 18:43:49.662260,2026-04-21 18:43:49.819780,0 days 00:00:00.157520,-36.807691379215974,20.878979112958802,34.822285799235615,100.0,42.88836329220679,28.931821962455224,-60.34446640189158,45.89094721514304,57.062154924588654,28.487420198421596,3.0717208308683723,65.57161732713544,Unfeasible shape,GPSampler,PRUNED
1939,1939,6.0,2026-04-21 18:43:49.989973,2026-04-21 18:43:50.171052,0 days 00:00:00.181079,-36.93817368279206,20.82376718835495,35.309541375045484,100.0,42.752569244794465,28.24001514275642,-60.616820018036655,45.897241967952155,57.26590349211901,28.517328224615962,3.014901636552352,65.51744895728814,Unfeasible shape,GPSampler,PRUNED
1940,1940,6.0,2026-04-21 18:43:50.378054,2026-04-21 18:43:50.553466,0 days 00:00:00.175412,-36.65698524677389,20.64049555258138,35.07756170004974,99.97104251112995,42.82309848536338,28.873474432076556,-60.181910245579346,45.900146950811724,57.24064189076778,28.879000122832146,3.066214883298578,65.81493443220685,Unfeasible shape,GPSampler,PRUNED
1941,1941,6.0,2026-04-21 18:43:50.756312,2026-04-21 18:43:50.890402,0 days 00:00:00.134090,-36.77951193401902,21.091532748692273,34.75050408162255,100.0,42.706930731677474,28.946782378202478,-60.56272504135981,45.85472100797569,57.072988668199756,28.473079099499504,3.1163097668752187,65.5879326076655,Unfeasible shape,GPSampler,PRUNED
1942,1942,6.0,2026-04-21 18:43:51.053861,2026-04-21 18:43:51.231784,0 days 00:00:00.177923,-36.773051559680546,20.9120771462201,34.952755897651414,100.0,42.71328260590011,29.05979452378312,-60.309092323285846,45.90213729199388,57.06522951862812,28.359967903773022,3.1140316050761356,65.65480684484683,Unfeasible shape,GPSampler,PRUNED
1943,1943,6.0,2026-04-21 18:43:51.436254,2026-04-21 18:43:51.597476,0 days 00:00:00.161222,-36.77167115610562,21.269739839974697,34.828178418525404,100.0,42.656212562419974,29.002547130901135,-60.40181551394515,46.04547486864461,57.32120443755592,28.51476715949191,3.1237506373255286,65.76563387133822,Unfeasible shape,GPSampler,PRUNED
1944,1944,6.0,2026-04-21 18:43:51.949818,2026-04-21 18:43:52.100861,0 days 00:00:00.151043,-36.8077056152327,21.00695053060408,34.9736527116485,100.0,42.79827737068579,28.928528748470015,-60.44081190567772,45.98442198206412,57.19335506582911,28.333295410076527,3.129906457841038,65.63875295430563,Unfeasible shape,GPSampler,PRUNED
1945,1945,6.0,2026-04-21 18:43:52.277418,2026-04-21 18:43:52.418233,0 days 00:00:00.140815,-36.75724211339488,21.04147597851746,34.701120295477594,100.0,42.69912611324474,29.20907328629967,-60.418189217418245,45.85789374904241,57.2145411196499,28.5456547757823,3.084807788266481,65.83394760187282,Unfeasible shape,GPSampler,PRUNED
1946,1946,6.0,2026-04-21 18:43:52.656216,2026-04-21 18:43:52.844290,0 days 00:00:00.188074,-36.755280454581744,21.09003413557795,34.75865288154776,100.0,42.78189445599961,29.037473463683,-60.489549187469486,45.883468900063974,57.156132722040674,28.45367177132339,3.100070434790055,65.64828695130286,Unfeasible shape,GPSampler,PRUNED
1947,1947,6.0,2026-04-21 18:43:53.153186,2026-04-21 18:43:53.331765,0 days 00:00:00.178579,-36.903424146567076,21.111772729548697,34.934719042663374,100.0,41.99493067350986,28.991076824438522,-60.56053392954522,45.649296499200744,57.07993982126089,28.442690975380497,3.1063104727030932,65.58933216603201,Unfeasible shape,GPSampler,PRUNED
1948,1948,6.0,2026-04-21 18:43:53.529274,2026-04-21 18:43:53.663623,0 days 00:00:00.134349,-36.833879884225986,20.855439747655257,34.850383885783636,100.0,42.757374929211856,28.98383733410038,-60.360522480308674,45.98213846715406,57.111263623617205,28.409922121348448,3.093867055297089,65.58022261907058,Unfeasible shape,GPSampler,PRUNED
1949,1949,6.0,2026-04-21 18:43:53.840448,2026-04-21 18:43:54.010213,0 days 00:00:00.169765,-36.547227841982455,21.579941936417853,35.10429985512111,100.0,43.065277542756554,29.023774982522703,-60.602106639214604,45.82795869974956,57.03755430868041,28.04573888285924,3.1724159096247178,65.69320861598534,Unfeasible shape,GPSampler,PRUNED
1950,1950,6.0,2026-04-21 18:43:54.166964,2026-04-21 18:43:54.355796,0 days 00:00:00.188832,-36.79552090112901,20.87350734623937,35.043720459911555,100.0,42.63572073932955,28.98709007509676,-60.3264724578892,45.88025744229147,57.08181193871543,28.517648148589174,3.1219864621398656,65.72210346667089,Unfeasible shape,GPSampler,PRUNED
1951,1951,6.0,2026-04-21 18:43:54.521925,2026-04-21 18:43:54.638088,0 days 00:00:00.116163,-36.810111997342034,21.282410966346138,34.49011507719125,100.0,42.71463572465258,29.42425832697598,-60.28414225518421,45.85412511940716,57.15169729187773,27.843214946555612,3.2108655716543097,66.1527387328343,Unfeasible shape,GPSampler,PRUNED
1952,1952,6.0,2026-04-21 18:43:54.800271,2026-04-21 18:43:54.976652,0 days 00:00:00.176381,-36.790486391170234,21.11110140634475,34.38773957686366,100.0,42.67020512487871,29.120208672495288,-60.3228982454322,45.88536105477488,57.30332927319786,28.420650321301295,3.1450726908724036,66.06989156260134,Unfeasible shape,GPSampler,PRUNED
1953,1953,6.0,2026-04-21 18:43:55.165012,2026-04-21 18:43:55.349610,0 days 00:00:00.184598,-36.83723025049245,21.306813603725146,34.84932808069694,100.0,42.61014991369902,29.025853454264563,-60.37266261282464,45.92897268655963,57.27377708440205,28.316297931591198,3.115898094131765,65.7712340952433,Unfeasible shape,GPSampler,PRUNED
1954,1954,6.0,2026-04-21 18:43:55.538806,2026-04-21 18:43:55.722978,0 days 00:00:00.184172,-36.9785634790482,21.304256962454545,34.23866250127021,100.0,42.68904051794852,29.20965051584612,-60.44700690794059,45.69431457676183,57.15560332327671,28.123620342660672,3.1947011887558574,65.97327490185138,Unfeasible shape,GPSampler,PRUNED
1955,1955,6.0,2026-04-21 18:43:55.946025,2026-04-21 18:43:56.138487,0 days 00:00:00.192462,-36.769598039540924,20.866133149234372,34.86152151443406,100.0,42.794945083785265,29.34730027320731,-60.358982940292265,45.75675364284352,57.01481815306609,28.251356998542093,3.138347226501324,65.72977879717466,Unfeasible shape,GPSampler,PRUNED
1956,1956,6.0,2026-04-21 18:43:56.303605,2026-04-21 18:43:56.493775,0 days 00:00:00.190170,-36.73150943762822,20.135077211749667,35.15384994226224,100.0,43.01730080088607,28.824454943684934,-60.27609402424876,45.81426667514926,57.094136508167836,28.50009868354175,3.2009543942931202,65.48275841678007,Unfeasible shape,GPSampler,PRUNED
1957,1957,6.0,2026-04-21 18:43:56.791634,2026-04-21 18:43:56.939516,0 days 00:00:00.147882,-36.80092510096207,21.11451604420381,35.035435518778286,100.0,42.69510240939431,29.007091695810068,-60.35925945533285,45.890691605671776,57.18905481407542,28.435324967898833,3.1116801015534605,65.72007366171252,Unfeasible shape,GPSampler,PRUNED
1958,1958,6.0,2026-04-21 18:43:57.106476,2026-04-21 18:43:57.263229,0 days 00:00:00.156753,-36.8186088179937,20.98250288633374,34.490689349267214,100.0,42.68966575876666,29.25049671074975,-60.37248472615205,46.027497928491094,57.27867326675256,28.14716913242822,3.2013028259520837,65.86709656520586,Unfeasible shape,GPSampler,PRUNED
1959,1959,6.0,2026-04-21 18:43:57.425032,2026-04-21 18:43:57.577126,0 days 00:00:00.152094,-36.73693494320371,21.005215383883474,34.86524650489065,100.0,42.71753050163453,29.01983245536588,-60.37340996664531,45.933478103490096,57.216188809453534,28.45899755748505,3.119385636202999,65.66457127397156,Unfeasible shape,GPSampler,PRUNED
1960,1960,6.0,2026-04-21 18:43:57.814796,2026-04-21 18:43:57.973256,0 days 00:00:00.158460,-36.79141216166349,20.87029496296312,35.32931003915552,100.0,42.59487470048148,28.801844511571602,-60.10393580903808,45.99279831173364,57.00397240293407,28.75181112320204,3.0570773758865073,65.38377831969574,Unfeasible shape,GPSampler,PRUNED
1961,1961,6.0,2026-04-21 18:43:58.123160,2026-04-21 18:43:58.298113,0 days 00:00:00.174953,-36.87452662398602,21.394343798271972,34.60654240531446,100.0,42.8726736165674,29.084684950045087,-60.83155312370067,45.93522423795765,57.38464044412575,28.596998297751362,3.151294874784952,65.7027084651278,Unfeasible shape,GPSampler,PRUNED
1962,1962,6.0,2026-04-21 18:43:58.462495,2026-04-21 18:43:58.573777,0 days 00:00:00.111282,-36.67197884884111,20.905063282940176,35.02911029852261,100.0,42.671570851505905,29.062724476470493,-60.498824958185494,45.827631110577514,56.945902070519516,28.096022308036158,3.072389681303193,65.4800042989791,Unfeasible shape,GPSampler,PRUNED
1963,1963,6.0,2026-04-21 18:43:58.741308,2026-04-21 18:43:58.901052,0 days 00:00:00.159744,-36.79629983634629,20.961763051739318,34.639265206317916,100.0,42.692320277899064,29.1751937702591,-60.53677613128821,46.04767101044982,57.24333896968833,28.16219767494354,3.0874578358368865,65.76479643202065,Unfeasible shape,GPSampler,PRUNED
1964,1964,6.0,2026-04-21 18:43:59.085556,2026-04-21 18:43:59.243956,0 days 00:00:00.158400,-36.73165397032468,21.284984739019773,34.5645898629562,100.0,42.723367029388974,29.067206068819836,-60.4750108623539,45.9501974423551,57.27192519274502,28.43640911121787,3.162142100339274,65.83788464162217,Unfeasible shape,GPSampler,PRUNED
1965,1965,6.0,2026-04-21 18:43:59.392940,2026-04-21 18:43:59.599945,0 days 00:00:00.207005,-36.77135765306549,20.82552139633424,35.11739612844848,100.0,42.58260354451204,29.18287577304148,-60.25620952260577,45.78061216103434,57.28156386208266,28.502399643720818,3.1284110589868845,65.78133437816722,Unfeasible shape,GPSampler,PRUNED
1966,1966,6.0,2026-04-21 18:43:59.780248,2026-04-21 18:43:59.972103,0 days 00:00:00.191855,-36.85249595339034,20.564404002848853,34.93542462024159,100.0,43.087073012447405,28.819976893624407,-60.334171910324265,45.74023033561238,57.11425892964284,28.9523730635178,3.1346880611899977,65.66974781069828,Unfeasible shape,GPSampler,PRUNED
1967,1967,6.0,2026-04-21 18:44:00.161926,2026-04-21 18:44:00.272787,0 days 00:00:00.110861,-36.854937696977,20.8238070777138,34.445821435997125,100.0,42.90242067857702,29.43579374254457,-60.56160940003472,45.92932493291529,57.276135291850686,28.100309325520236,3.1374636682327335,66.23015131974009,Unfeasible shape,GPSampler,PRUNED
1968,1968,6.0,2026-04-21 18:44:00.424539,2026-04-21 18:44:00.613169,0 days 00:00:00.188630,-36.73511718656278,21.446478027621055,34.84530391745611,100.0,42.73629504168141,29.061193917384514,-60.38924111844626,46.006304790079795,57.2265248166418,28.51257400597447,3.090105361112208,65.51737832626971,Unfeasible shape,GPSampler,PRUNED
1969,1969,6.0,2026-04-21 18:44:00.801341,2026-04-21 18:44:00.959610,0 days 00:00:00.158269,-36.79037526530274,21.1859234270865,34.82747950460267,100.0,42.94311243518153,29.27568905423403,-60.16704350863467,45.578478514236785,57.05729185332951,28.481965763762275,3.1433653239620227,65.99730152735653,Unfeasible shape,GPSampler,PRUNED
1970,1970,6.0,2026-04-21 18:44:01.114976,2026-04-21 18:44:01.289517,0 days 00:00:00.174541,-36.822426015921245,20.81312205772676,34.767612736706894,100.0,42.74786704378438,28.882401053607012,-60.32108742623906,45.91661732471694,57.145375325425846,28.584719674900555,3.0841160483594976,65.74421294669702,Unfeasible shape,GPSampler,PRUNED
1971,1971,6.0,2026-04-21 18:44:01.459915,2026-04-21 18:44:01.602803,0 days 00:00:00.142888,-36.83013662129478,21.290302114672187,34.5849052516603,100.0,42.894031645935016,29.010268224506476,-60.4267819714946,46.00770105138805,57.20231099779995,28.36024080942846,3.1315930176379183,65.81792216182167,Unfeasible shape,GPSampler,PRUNED
1972,1972,6.0,2026-04-21 18:44:01.755126,2026-04-21 18:44:01.913685,0 days 00:00:00.158559,-36.72160577423499,20.706492074361492,34.63904172788999,100.0,42.90855668394124,29.076455250263997,-60.574799948994055,45.80134963296011,57.12137133372187,28.45293065357811,3.155749807220751,65.6723965712245,Unfeasible shape,GPSampler,PRUNED
1973,1973,6.0,2026-04-21 18:44:02.065614,2026-04-21 18:44:02.208965,0 days 00:00:00.143351,-36.74871490738625,20.855807893974955,34.86813836227073,100.0,42.651264043340674,29.05722821552024,-60.36331827252086,45.97583428855682,57.152357003930994,28.424935090511077,3.086791962770377,65.66603493156896,Unfeasible shape,GPSampler,PRUNED
1974,1974,6.0,2026-04-21 18:44:02.374810,2026-04-21 18:44:02.516257,0 days 00:00:00.141447,-36.70401739675983,20.941903512383075,34.99437984653009,100.0,42.7212580322034,29.142122403117007,-60.28950868339895,46.02163405596706,57.212712793609,28.110353500096828,3.059680423790759,65.57970465082093,Unfeasible shape,GPSampler,PRUNED
1975,1975,6.0,2026-04-21 18:44:02.730251,2026-04-21 18:44:02.856833,0 days 00:00:00.126582,-36.80282747963807,21.007895515572518,34.93656524421448,100.0,42.78176763570425,28.959394724181294,-60.30790774179802,45.97725515493824,57.14192469950215,28.4854545564397,3.0809739618881764,65.55401913669041,Unfeasible shape,GPSampler,PRUNED
1976,1976,6.0,2026-04-21 18:44:03.045318,2026-04-21 18:44:03.205075,0 days 00:00:00.159757,-36.84105493697528,20.25032027456801,34.759868701630886,100.0,42.99871902419675,28.93931215293796,-60.03936751696743,46.13400183973429,57.22664173404057,28.15993739212829,3.1536749122263004,65.83862558828525,Unfeasible shape,GPSampler,PRUNED
1977,1977,6.0,2026-04-21 18:44:03.409431,2026-04-21 18:44:03.615171,0 days 00:00:00.205740,-36.780967675234635,20.249310594395418,34.45956654083659,100.0,42.90632906924231,28.815149589986426,-60.29101968117635,45.65237408350007,56.73662298070477,28.56380653076394,3.020453512945842,65.3527754924081,Unfeasible shape,GPSampler,PRUNED
1978,1978,6.0,2026-04-21 18:44:03.877677,2026-04-21 18:44:04.036380,0 days 00:00:00.158703,-36.764590127842816,20.861275074741137,35.11217080690315,100.0,42.71947478083429,28.915832198352412,-60.380782006838224,45.7078953063663,57.3234358527395,28.550785261705016,3.064524573125098,65.39968312973366,Unfeasible shape,GPSampler,PRUNED
1979,1979,6.0,2026-04-21 18:44:04.207015,2026-04-21 18:44:04.317584,0 days 00:00:00.110569,-36.70990125878829,21.26787083715034,35.1347667975994,100.0,42.427934436714956,29.132532618681182,-60.32832435944128,45.73336185045117,56.83110097668382,28.238167711724486,3.026306993930703,65.60524807491754,Unfeasible shape,GPSampler,PRUNED
1980,1980,6.0,2026-04-21 18:44:04.467238,2026-04-21 18:44:04.672894,0 days 00:00:00.205656,-36.88637851700627,21.05130161286722,34.83432418872438,100.0,42.58774416138241,29.487938909703168,-60.40930267808114,45.940586389606075,57.368668786581104,28.316005623135634,3.186318682746709,65.61040603438823,Unfeasible shape,GPSampler,PRUNED
1981,1981,6.0,2026-04-21 18:44:04.936221,2026-04-21 18:44:05.078951,0 days 00:00:00.142730,-36.78167757973519,21.19899517638883,34.77567840532823,100.0,42.51385095729635,29.036723562499645,-60.269410649182305,46.008912370389865,57.12198109589743,28.38973779267428,3.1805149912076445,65.77587001789276,Unfeasible shape,GPSampler,PRUNED
1982,1982,6.0,2026-04-21 18:44:05.260310,2026-04-21 18:44:05.398735,0 days 00:00:00.138425,-36.77936402355793,21.146780979827,34.73169416968729,100.0,42.80313880683012,29.096785993827524,-60.348027143305856,45.922660346990966,57.15532721756658,28.422640751681367,3.137344321695984,65.82436628165343,Unfeasible shape,GPSampler,PRUNED
1983,1983,6.0,2026-04-21 18:44:05.543442,2026-04-21 18:44:05.654032,0 days 00:00:00.110590,-36.74042756079459,21.09558519971325,34.64521080246175,100.0,42.67863979791322,29.120389803663677,-60.56328937019046,45.90951790358636,57.25032824093073,28.313085553816926,3.1364666068768514,65.73653782296395,Unfeasible shape,GPSampler,PRUNED
1984,1984,6.0,2026-04-21 18:44:05.819570,2026-04-21 18:44:05.977087,0 days 00:00:00.157517,-36.80500075164549,21.267210848540568,34.0991510543362,100.0,43.06167164998984,29.192455117764304,-60.606945922128695,46.36360513769566,57.355075002425174,28.26959356379725,3.354122317734138,66.31838329189947,Unfeasible shape,GPSampler,PRUNED
1985,1985,6.0,2026-04-21 18:44:06.308932,2026-04-21 18:44:06.461706,0 days 00:00:00.152774,-36.72487396192069,20.99716876173219,34.79298476193388,100.0,42.580305303592176,29.1650974170323,-60.483309921701135,45.786109608447134,57.226258694050074,28.2473625850001,3.1470747018212535,65.76838093438707,Unfeasible shape,GPSampler,PRUNED
1986,1986,6.0,2026-04-21 18:44:06.659458,2026-04-21 18:44:06.810018,0 days 00:00:00.150560,-36.75252053671711,20.85870273052754,34.74199332794764,100.0,42.396242983398935,29.196630852778412,-60.52385389187303,46.04241175982548,57.299440324165545,27.96137858921049,3.121786401442847,65.77022168615488,Unfeasible shape,GPSampler,PRUNED
1987,1987,6.0,2026-04-21 18:44:06.983891,2026-04-21 18:44:07.111671,0 days 00:00:00.127780,-36.80424384200958,21.021896223527722,34.77071541259163,100.0,42.83549861453207,29.072069198237386,-60.47655382755108,45.83931972240148,57.142743141492424,28.4189037641165,3.111958223237991,65.64184234170807,Unfeasible shape,GPSampler,PRUNED
1988,1988,6.0,2026-04-21 18:44:07.380834,2026-04-21 18:44:07.523864,0 days 00:00:00.143030,-36.774502839412136,21.01693025884004,34.81679801018272,100.0,42.77048730633899,29.08670962526177,-60.3863753849308,45.892378680878046,57.166900238104354,28.33046734535111,3.128670715871266,65.72158808644534,Unfeasible shape,GPSampler,PRUNED
1989,1989,6.0,2026-04-21 18:44:07.693529,2026-04-21 18:44:07.852295,0 days 00:00:00.158766,-36.749613140650524,20.68789104655395,34.56611235031896,100.0,42.33037338422448,29.081713564477283,-60.62195333306723,45.69164591831678,57.06102868059251,28.440137379706858,3.2285058695831665,65.80182123245889,Unfeasible shape,GPSampler,PRUNED
1990,1990,6.0,2026-04-21 18:44:08.012367,2026-04-21 18:44:08.150944,0 days 00:00:00.138577,-36.77390737742661,20.74350438878397,34.63141122166871,100.0,42.67515648431614,29.081485129714764,-60.3670992622692,45.32687840724671,57.1246318915265,28.65087116524694,3.05772182778734,65.67825370098919,Unfeasible shape,GPSampler,PRUNED
