,number,value,datetime_start,datetime_complete,duration,params_lLegPt.rA1,params_lLegPt.rL0,params_lLegPt.rL1,params_lLegPt.rL2,params_lLegPt.x1,params_lLegPt.y1,params_sLegPt.rA1,params_sLegPt.rL0,params_sLegPt.rL1,params_sLegPt.rL2,params_sLegPt.x1,params_sLegPt.y1,user_attrs_prune,system_attrs_auto:sampler,state
2247,2247,6.0,2026-04-21 18:45:36.217150,2026-04-21 18:45:36.408352,0 days 00:00:00.191202,-36.8067850867642,20.867361492277535,34.77590859979725,100.0,42.75230049303196,29.08664592443136,-60.312997931328525,45.900756224628665,57.18497454232408,28.40226876725935,3.10390348715827,65.80006625953544,Unfeasible shape,GPSampler,PRUNED
2248,2248,6.0,2026-04-21 18:45:36.600058,2026-04-21 18:45:36.738605,0 days 00:00:00.138547,-36.65303828154368,20.775966276801903,35.03525165796623,100.0,42.52321590172384,28.78866924161155,-60.154320364669246,45.82481939085568,57.24512640559832,28.481784592154714,3.1426549047038534,65.66533757609238,Unfeasible shape,GPSampler,PRUNED
2249,2249,6.0,2026-04-21 18:45:36.895876,2026-04-21 18:45:37.031328,0 days 00:00:00.135452,-36.753804163805235,20.84579059800567,34.46841407785265,100.0,42.57206781045611,28.996814248442718,-60.18307481160778,46.067329145127516,57.153696377615766,28.238944989320554,3.184557242063761,66.11789481319082,Unfeasible shape,GPSampler,PRUNED
2250,2250,6.0,2026-04-21 18:45:37.174484,2026-04-21 18:45:37.352692,0 days 00:00:00.178208,-36.88775289232543,21.3301639093188,35.07667197419772,100.0,43.073735661639525,29.364209185548034,-60.305250333202125,45.470833925788014,57.41943207630822,28.354302184950896,3.060982230856972,65.70418544663495,Unfeasible shape,GPSampler,PRUNED
2251,2251,6.0,2026-04-21 18:45:37.551805,2026-04-21 18:45:37.721044,0 days 00:00:00.169239,-36.821556919418285,21.327144132641557,34.722684937821356,100.0,42.7473126602045,29.071750384106124,-60.35569828955791,45.896719532499056,56.91621929290571,28.413190648094677,3.1159830370507677,65.58448252605147,Unfeasible shape,GPSampler,PRUNED
2252,2252,6.0,2026-04-21 18:45:37.890480,2026-04-21 18:45:38.054014,0 days 00:00:00.163534,-36.81507099564238,21.161869290152623,34.782263231697655,100.0,42.773900722029936,29.347713925017693,-60.346925199278985,45.86880269288675,57.29253691367855,28.34417806933902,3.1812589277130954,65.80008658871361,Unfeasible shape,GPSampler,PRUNED
2253,2253,6.0,2026-04-21 18:45:38.233955,2026-04-21 18:45:38.388773,0 days 00:00:00.154818,-36.89662370078895,20.916454585213067,34.6408850686735,100.0,42.9176070669622,29.42566189854245,-60.39426755134271,45.728168796481114,57.24423492466,28.177338294847043,3.213549467903796,66.00689452199543,Unfeasible shape,GPSampler,PRUNED
2254,2254,6.0,2026-04-21 18:45:38.572069,2026-04-21 18:45:38.748770,0 days 00:00:00.176701,-36.528237186708296,21.348997776258916,35.196688397427096,100.0,43.18779310214623,29.08754089569647,-60.20869411753377,45.830320657052255,57.340734116857064,28.011727497471366,3.0842780270034496,65.43727036829826,Unfeasible shape,GPSampler,PRUNED
2255,2255,6.0,2026-04-21 18:45:38.928935,2026-04-21 18:45:39.080308,0 days 00:00:00.151373,-36.767555836281,20.208130528363515,35.18046642240923,100.0,42.74726186198242,29.192711128700296,-60.55260515551616,45.603384637532955,57.363211224034984,28.55928529558427,3.0399643191896644,65.57292755514645,Unfeasible shape,GPSampler,PRUNED
2256,2256,6.0,2026-04-21 18:45:39.264913,2026-04-21 18:45:39.427762,0 days 00:00:00.162849,-36.82748405009134,21.26992439363324,35.10309349890299,100.0,42.71262672706555,29.029470868965305,-60.0490867094243,45.96736694917464,57.17415295115714,28.414412420308214,3.063000448374538,65.70988838150542,Unfeasible shape,GPSampler,PRUNED
2257,2257,6.0,2026-04-21 18:45:39.611010,2026-04-21 18:45:39.857114,0 days 00:00:00.246104,-36.86807046435956,21.31414704920884,35.01522420780954,100.0,42.77653280973847,28.568575632795074,-60.37151630788064,46.01872381472552,57.308801204112726,28.726461678523428,3.0814106267258268,65.6059703921167,Unfeasible shape,GPSampler,PRUNED
2258,2258,6.0,2026-04-21 18:45:40.050183,2026-04-21 18:45:40.257900,0 days 00:00:00.207717,-36.77930674136893,20.712217536629545,34.67973413310678,100.0,42.541960136449795,29.265903026368882,-60.25540339015188,46.37945272106152,57.24954501240529,27.912549406514128,3.1132397316785116,65.76442671499997,Unfeasible shape,GPSampler,PRUNED
2259,2259,6.0,2026-04-21 18:45:40.390650,2026-04-21 18:45:40.580412,0 days 00:00:00.189762,-36.374860647697226,20.09768752389701,35.30181818637651,100.0,41.99075138806745,29.49025218281797,-60.87949794594701,45.841161212682486,56.947497163782806,27.99755766391668,3.0287462532610476,65.49917038063109,Unfeasible shape,GPSampler,PRUNED
2260,2260,6.0,2026-04-21 18:45:40.770467,2026-04-21 18:45:41.001405,0 days 00:00:00.230938,-36.81963203124054,20.90942709995502,34.924036866660614,100.0,42.975111176858086,28.999772464343977,-60.22036797496325,45.75525808600942,57.2677234644455,28.55457726124645,3.0825582165814893,65.43025084424792,Unfeasible shape,GPSampler,PRUNED
2261,2261,6.0,2026-04-21 18:45:41.193813,2026-04-21 18:45:41.328113,0 days 00:00:00.134300,-36.74071233286814,21.175989989861613,34.838643360825714,100.0,42.71311163465662,29.131853844949433,-60.37521791647225,45.867499516595565,57.253752585829794,28.32896291121364,3.074855304972516,65.45677638256889,Unfeasible shape,GPSampler,PRUNED
2262,2262,6.0,2026-04-21 18:45:41.495486,2026-04-21 18:45:41.646571,0 days 00:00:00.151085,-36.76139618274544,20.95413037585576,35.00335770148975,100.0,42.55259087100321,28.961797095286748,-60.23443986027718,46.0147911224116,57.12436146973197,28.534005837860658,3.112992132120141,65.72541949668089,Unfeasible shape,GPSampler,PRUNED
2263,2263,6.0,2026-04-21 18:45:41.823109,2026-04-21 18:45:41.957607,0 days 00:00:00.134498,-36.77930143277791,20.989054163653858,34.81504502644282,100.0,42.763908426484726,29.0726102031447,-60.36133295280659,45.867329717910614,57.09880794504528,28.453059855870006,3.1333033542448234,65.8072697367386,Unfeasible shape,GPSampler,PRUNED
2264,2264,6.0,2026-04-21 18:45:42.197751,2026-04-21 18:45:42.330484,0 days 00:00:00.132733,-36.79296341930818,20.986726984461363,34.82454613995411,100.0,42.82732094348283,29.243548582290927,-60.40556612747234,45.59213778533243,57.13183831680074,28.304634889620132,3.1633832850336674,65.76208822883022,Unfeasible shape,GPSampler,PRUNED
2265,2265,6.0,2026-04-21 18:45:42.503854,2026-04-21 18:45:42.760606,0 days 00:00:00.256752,-36.85253408365553,21.09823042771864,35.03352569577838,100.0,42.74689450189718,29.02070990554681,-60.44483901457575,45.625743624988466,57.417094295446816,28.109075103076076,3.108017598027402,65.38703346838939,Unfeasible shape,GPSampler,PRUNED
2266,2266,6.0,2026-04-21 18:45:42.999005,2026-04-21 18:45:43.212469,0 days 00:00:00.213464,-36.560295934650014,20.237220841308876,36.12846265085058,99.78074431395149,42.55324007891304,28.400782430853774,-60.18692412046757,45.9156930183739,56.9789948121046,29.21892185856577,2.978961295698511,65.1177220163694,Unfeasible shape,GPSampler,PRUNED
2267,2267,6.0,2026-04-21 18:45:43.396001,2026-04-21 18:45:43.556296,0 days 00:00:00.160295,-36.680384495987944,20.964771193371774,34.98600564487746,100.0,42.60659060542729,29.14007999644666,-60.36598226187531,45.92986473483564,57.12475026321059,28.385127162413465,3.112864835697245,65.6515134393966,Unfeasible shape,GPSampler,PRUNED
2268,2268,6.0,2026-04-21 18:45:43.722260,2026-04-21 18:45:43.874580,0 days 00:00:00.152320,-36.72644248499434,20.954418863283486,34.92769894123745,100.0,42.78989571432562,29.148153976776157,-60.21854898602629,45.83828916219143,57.043139176390184,28.57755467069608,3.1384270334810793,65.52639848927407,Unfeasible shape,GPSampler,PRUNED
2269,2269,6.0,2026-04-21 18:45:44.037275,2026-04-21 18:45:44.239050,0 days 00:00:00.201775,-36.755841660117476,20.32386138693932,35.31182663842955,99.97801165229815,42.719173271948065,28.64958369288035,-60.28819987410627,46.193568027523945,57.46050006010818,29.28481147757873,3.050976447661803,65.8022834618176,Unfeasible shape,GPSampler,PRUNED
2270,2270,6.0,2026-04-21 18:45:44.421193,2026-04-21 18:45:44.626666,0 days 00:00:00.205473,-36.602927273732234,21.384196866669257,34.7844774081465,100.0,42.953397765975566,28.361290422799925,-60.16487943773618,46.1335161416175,57.23313899124918,28.679048764016716,3.0616231757128105,65.47440671250956,Unfeasible shape,GPSampler,PRUNED
2271,2271,6.0,2026-04-21 18:45:44.808222,2026-04-21 18:45:44.976897,0 days 00:00:00.168675,-36.726289758269814,21.296934286696413,34.62788851987668,100.0,42.80548992915239,28.966059753113846,-60.67258554542582,45.86930303983957,57.31508783673176,28.514531901796314,3.129003164219448,65.7047346580539,Unfeasible shape,GPSampler,PRUNED
2272,2272,6.0,2026-04-21 18:45:45.165552,2026-04-21 18:45:45.295922,0 days 00:00:00.130370,-36.850473966,20.76720766952208,35.238427133010916,100.0,42.791295113467164,29.178880660392785,-59.93739353734958,46.2068715478372,57.07185781953016,28.277282939611382,3.117760695538287,65.76679679638465,Unfeasible shape,GPSampler,PRUNED
2273,2273,6.0,2026-04-21 18:45:45.531480,2026-04-21 18:45:45.692468,0 days 00:00:00.160988,-36.80148344422824,20.98199157185546,34.739466516054286,100.0,42.963416590374564,28.873561819864733,-60.28776708593123,45.83815254939959,57.37323364086838,28.61073435880587,3.1084785364396694,65.6081454235721,Unfeasible shape,GPSampler,PRUNED
2274,2274,6.0,2026-04-21 18:45:45.860054,2026-04-21 18:45:46.024000,0 days 00:00:00.163946,-36.81842214709204,20.867898163460403,35.02976530433227,100.0,42.62657790563863,28.939142850225736,-60.359052809914616,46.05242656297229,57.06368392384445,28.64314853597794,3.043741637868422,65.6672764914371,Unfeasible shape,GPSampler,PRUNED
2275,2275,6.0,2026-04-21 18:45:46.191944,2026-04-21 18:45:46.335753,0 days 00:00:00.143809,-36.8880202783898,21.309689769712037,34.17276322447687,100.0,42.91631996622161,29.505130285150067,-60.366011117844025,46.1570522176924,57.49028716811901,27.969041263275535,3.282150495610118,66.09614884013698,Unfeasible shape,GPSampler,PRUNED
2276,2276,6.0,2026-04-21 18:45:46.490893,2026-04-21 18:45:46.677071,0 days 00:00:00.186178,-36.81357947264226,21.35954334698082,34.39274714686396,100.0,42.90196673793093,29.117356455232574,-60.5881794999449,45.809862627218905,57.381210883483064,28.104890071993854,3.249703193768333,66.06242659928422,Unfeasible shape,GPSampler,PRUNED
2277,2277,6.0,2026-04-21 18:45:46.836415,2026-04-21 18:45:46.983682,0 days 00:00:00.147267,-36.839415565513235,20.869873355145867,34.855830838915104,100.0,42.69082186948396,29.081725440070016,-60.33709235643009,45.879534989112976,57.05538451458545,28.321644678976337,3.1028500055938437,65.61971567970576,Unfeasible shape,GPSampler,PRUNED
2278,2278,6.0,2026-04-21 18:45:47.158843,2026-04-21 18:45:47.302973,0 days 00:00:00.144130,-36.69673479822304,20.97135617219817,34.99293789806097,100.0,42.61162428301367,29.121866484372887,-60.23343568544037,45.67649826808245,57.036076606696504,28.33414973063269,3.11001565616381,65.62864908804494,Unfeasible shape,GPSampler,PRUNED
2279,2279,6.0,2026-04-21 18:45:47.506975,2026-04-21 18:45:47.677575,0 days 00:00:00.170600,-36.95331958361949,20.696632523958776,34.66290567409185,100.0,42.85414883577327,29.08228383608062,-60.32744551274014,45.73480452024414,57.22443885860911,28.538042738353568,3.1514544913876534,65.79483546515554,Unfeasible shape,GPSampler,PRUNED
2280,2280,6.0,2026-04-21 18:45:47.849846,2026-04-21 18:45:48.004452,0 days 00:00:00.154606,-36.630833901249176,20.871330004791393,34.8398913076572,100.0,42.74956753530735,29.25732526352882,-60.25114988006699,45.94699064274125,57.13684278546667,28.065314311603938,3.2207007971895223,65.80354082676737,Unfeasible shape,GPSampler,PRUNED
2281,2281,6.0,2026-04-21 18:45:48.175435,2026-04-21 18:45:48.365347,0 days 00:00:00.189912,-36.79695368848795,21.043708285058088,34.63077384798676,100.0,42.67150552742735,29.136422329281878,-60.41681771986282,46.00120011738504,57.2439733637845,28.138493814314067,3.154676210971985,65.80932058683352,Unfeasible shape,GPSampler,PRUNED
2282,2282,6.0,2026-04-21 18:45:48.537038,2026-04-21 18:45:48.705864,0 days 00:00:00.168826,-36.820411456291865,20.728571244182454,35.40827539115576,100.0,42.4538449496416,29.11372577419654,-60.43661166902636,45.7740932937134,56.60747805226016,27.94038796697432,3.017802081602028,65.5235856065312,Unfeasible shape,GPSampler,PRUNED
2283,2283,6.0,2026-04-21 18:45:48.853296,2026-04-21 18:45:48.995095,0 days 00:00:00.141799,-36.71746481366786,20.469863930532348,35.31882100587939,100.0,42.65361012581312,29.069846196736208,-60.16807024755741,44.80805061978795,57.189187439624625,28.979259149585005,3.023642503891402,65.69864054760501,Unfeasible shape,GPSampler,PRUNED
2284,2284,6.0,2026-04-21 18:45:49.146385,2026-04-21 18:45:49.292521,0 days 00:00:00.146136,-36.77206547162132,21.070406027432462,34.75782729894976,100.0,42.730264541399045,29.22664118551119,-60.4086319383168,46.02719749541009,57.177595502376136,28.348107480493958,3.136774001968419,65.73499417442268,Unfeasible shape,GPSampler,PRUNED
2285,2285,6.0,2026-04-21 18:45:49.472624,2026-04-21 18:45:49.603678,0 days 00:00:00.131054,-36.86518595575166,21.032214159333932,34.85612013062185,100.0,42.681101428957106,29.127186427745023,-60.37014498588493,45.70770337363825,57.16867440143518,28.389606037691422,3.0907225731986614,65.73475418525908,Unfeasible shape,GPSampler,PRUNED
2286,2286,6.0,2026-04-21 18:45:49.771229,2026-04-21 18:45:49.918135,0 days 00:00:00.146906,-36.64389361864811,20.810375812366196,35.21046816112715,100.0,42.69998732517661,29.280084504761923,-60.40092578197496,45.7159226871468,57.0181669356737,28.25109985113185,3.1618757644132813,65.954390642337,Unfeasible shape,GPSampler,PRUNED
2287,2287,6.0,2026-04-21 18:45:50.091112,2026-04-21 18:45:50.231363,0 days 00:00:00.140251,-36.66980431884094,21.43801762435026,34.547390032368256,100.0,42.90728714143383,29.24908323400559,-60.52238939154434,46.03086404057564,57.44826915486246,28.12054357187485,3.1422950622922343,65.96182990637844,Unfeasible shape,GPSampler,PRUNED
2288,2288,6.0,2026-04-21 18:45:50.376757,2026-04-21 18:45:50.518557,0 days 00:00:00.141800,-36.870450471214305,21.198892925948783,34.702083158602306,100.0,42.87717063559261,28.951707485702748,-60.390209655399524,45.86500110323434,57.132426647514144,28.395373020293817,3.1327175915914793,65.68287576796018,Unfeasible shape,GPSampler,PRUNED
2289,2289,6.0,2026-04-21 18:45:50.671879,2026-04-21 18:45:50.831081,0 days 00:00:00.159202,-36.7783817120102,21.09297014501796,34.84007320549591,100.0,42.76890429352661,29.06156781989256,-60.35886723149829,45.923414435148594,57.18067121519185,28.48524543216686,3.0965959803287717,65.61349530481652,Unfeasible shape,GPSampler,PRUNED
2290,2290,6.0,2026-04-21 18:45:51.130791,2026-04-21 18:45:51.327866,0 days 00:00:00.197075,-36.81619233539445,20.956841690713812,34.87963434942064,100.0,42.83721847792327,29.031770707017337,-60.35994983475666,45.84849834269409,57.17855179031534,28.48441243274719,3.113856701089823,65.66056128368709,Unfeasible shape,GPSampler,PRUNED
2291,2291,6.0,2026-04-21 18:45:51.482710,2026-04-21 18:45:51.636200,0 days 00:00:00.153490,-36.942734025432145,21.108933273712097,34.993312884665755,99.92944908147665,42.35663585949623,29.435010604212188,-60.03405527333176,45.841073538211226,57.263680710311625,28.143852166514833,3.0973309388858397,65.93475105058788,Unfeasible shape,GPSampler,PRUNED
2292,2292,6.0,2026-04-21 18:45:51.808703,2026-04-21 18:45:51.956811,0 days 00:00:00.148108,-36.78984939356532,21.37353174427471,34.806757158164984,100.0,43.16381564104104,28.623478045717277,-60.24654565505613,45.84895829964006,57.25519290038214,28.696296766890438,3.1210377527388076,65.77966931766042,Unfeasible shape,GPSampler,PRUNED
2293,2293,6.0,2026-04-21 18:45:52.117554,2026-04-21 18:45:52.368449,0 days 00:00:00.250895,-36.73320170481688,20.99214446609789,34.83853805905765,100.0,42.67438713602004,29.001075561826966,-60.345262569305945,45.961854422831216,57.173372421375426,28.412843097121808,3.1017933301785305,65.60002031000201,Unfeasible shape,GPSampler,PRUNED
2294,2294,6.0,2026-04-21 18:45:52.544329,2026-04-21 18:45:52.759867,0 days 00:00:00.215538,-36.600610865947964,21.549966857406567,34.74939367798923,100.0,42.22134769231799,29.425161137883343,-60.611184872748666,46.157310644910204,57.4390223690047,28.271452220841326,3.127511255186036,65.91429480957774,Unfeasible shape,GPSampler,PRUNED
2295,2295,6.0,2026-04-21 18:45:52.941169,2026-04-21 18:45:53.102617,0 days 00:00:00.161448,-36.854910296536644,21.030059192154177,34.628302212990526,100.0,43.23772315059782,29.470232829618723,-60.30187761406448,45.894546810285306,57.043691955107754,28.58709593843656,3.1521935558338825,65.70461426936,Unfeasible shape,GPSampler,PRUNED
2296,2296,6.0,2026-04-21 18:45:53.257683,2026-04-21 18:45:53.404116,0 days 00:00:00.146433,-36.77195807684988,21.102529591848324,34.80524591646148,100.0,42.99568880420876,28.9781588454765,-60.28678817840899,46.01541495708312,57.12437204348328,28.580182301535135,3.065181176658456,65.75123773459192,Unfeasible shape,GPSampler,PRUNED
2297,2297,6.0,2026-04-21 18:45:53.568945,2026-04-21 18:45:53.742322,0 days 00:00:00.173377,-36.75808795801056,21.465059378413898,34.67422277213356,100.0,42.618817644596625,28.889071127500664,-61.019479063412845,45.80976118499215,56.7571395180733,28.401326248631975,3.0761282053031778,65.4870864443127,Unfeasible shape,GPSampler,PRUNED
2298,2298,6.0,2026-04-21 18:45:53.999795,2026-04-21 18:45:54.156597,0 days 00:00:00.156802,-36.71025729279398,20.160076673117338,34.98015940212689,100.0,42.55968958868469,29.337854487607324,-60.450227918166526,45.162579401206926,56.74151263545451,28.107791745568314,3.09023832400392,65.69117431677007,Unfeasible shape,GPSampler,PRUNED
2299,2299,6.0,2026-04-21 18:45:54.311725,2026-04-21 18:45:54.468452,0 days 00:00:00.156727,-36.74312093428694,20.660641744823476,35.09624655877465,100.0,42.94037205227204,28.80644154445978,-60.26958856343889,45.85234298384333,57.014492714457496,28.471310356177533,3.0916197987472245,65.61047887060305,Unfeasible shape,GPSampler,PRUNED
2300,2300,6.0,2026-04-21 18:45:54.638577,2026-04-21 18:45:54.778900,0 days 00:00:00.140323,-36.690337010013,21.23765665730031,34.408079782590015,100.0,42.53348822798702,29.376751347461095,-60.467560331052496,45.96251295048117,57.271526202314774,28.373020134756278,3.204603493645969,65.98449898882603,Unfeasible shape,GPSampler,PRUNED
2301,2301,6.0,2026-04-21 18:45:55.014247,2026-04-21 18:45:55.163018,0 days 00:00:00.148771,-36.73728963258391,21.06192294914752,34.8246499174938,100.0,42.80330495704342,29.095670939167235,-60.39924067810094,45.90667729687948,57.19826508168909,28.48481848345619,3.1378160172033063,65.69636554116592,Unfeasible shape,GPSampler,PRUNED
2302,2302,6.0,2026-04-21 18:45:55.346115,2026-04-21 18:45:55.483133,0 days 00:00:00.137018,-36.728732940084676,21.080175342717627,34.997075918332825,100.0,42.88578081829557,29.22447447938538,-60.273703166025356,45.99758379104336,57.20921029757581,28.317961138184117,3.131664275044457,65.70507214092575,Unfeasible shape,GPSampler,PRUNED
2303,2303,6.0,2026-04-21 18:45:55.644058,2026-04-21 18:45:55.814156,0 days 00:00:00.170098,-36.70452324673508,21.132437548864317,34.80160358764171,100.0,42.70605983131943,28.963170886797883,-60.4891869540888,45.92065650343893,57.13334642108423,28.513607480711386,3.0966765770684788,65.56195399692186,Unfeasible shape,GPSampler,PRUNED
2304,2304,6.0,2026-04-21 18:45:55.965292,2026-04-21 18:45:56.102725,0 days 00:00:00.137433,-36.76011024519568,20.934197872534654,34.91452776958282,100.0,42.70322733875476,28.98240414964851,-60.31599588908775,45.95088885046945,57.14920807549505,28.51420792888499,3.11973747676862,65.76531796107085,Unfeasible shape,GPSampler,PRUNED
2305,2305,6.0,2026-04-21 18:45:56.321737,2026-04-21 18:45:56.478617,0 days 00:00:00.156880,-36.65178888238264,21.07090486754846,34.873130308304766,100.0,43.04666551295736,28.9486351872255,-60.307498975928524,45.77884239865749,57.212218454024296,28.524358801736284,3.1535874432213618,65.661475304316,Unfeasible shape,GPSampler,PRUNED
2306,2306,6.0,2026-04-21 18:45:56.644865,2026-04-21 18:45:56.744958,0 days 00:00:00.100093,-36.83420648300916,21.48295672576145,34.434198783010956,100.0,42.863831547084686,29.306038165958924,-60.43988174747704,45.90070182379036,57.347648891783024,28.21112351485971,3.235548480935172,65.86467659424224,Unfeasible shape,GPSampler,PRUNED
2307,2307,6.0,2026-04-21 18:45:56.886437,2026-04-21 18:45:57.128625,0 days 00:00:00.242188,-36.82439251312977,21.31431407078717,34.56984163131385,100.0,42.773844662410895,29.026704084316037,-60.42439078011789,45.927084009269066,57.22902982863739,28.404536324041313,3.1563813340703675,65.85146580063181,Unfeasible shape,GPSampler,PRUNED
2308,2308,6.0,2026-04-21 18:45:57.291619,2026-04-21 18:45:57.442103,0 days 00:00:00.150484,-36.80401266282863,21.019023477003536,34.728447921974485,100.0,42.68826510167391,29.034937699039453,-60.3197592263502,45.96858008582252,57.146123001406,28.407585617102782,3.12762916421503,65.75121038983865,Unfeasible shape,GPSampler,PRUNED
2309,2309,6.0,2026-04-21 18:45:57.617376,2026-04-21 18:45:57.760374,0 days 00:00:00.142998,-36.77509561789337,21.19251344665208,34.74417733029856,100.0,42.91670036457837,29.165541344386163,-60.40673079378487,45.974140927435116,57.18485962892906,28.470490894595684,3.1440129075726304,65.63318221389876,Unfeasible shape,GPSampler,PRUNED
2310,2310,6.0,2026-04-21 18:45:57.928072,2026-04-21 18:45:58.070568,0 days 00:00:00.142496,-36.68934840551324,20.815109715484752,34.89686853869868,100.0,42.5741504294465,29.11289693237481,-60.533536053060764,45.57207128588947,56.89244542275861,28.811666607703188,3.1293612932694685,65.75043612529561,Unfeasible shape,GPSampler,PRUNED
