,number,value,datetime_start,datetime_complete,duration,params_lLegPt.rA1,params_lLegPt.rL0,params_lLegPt.rL1,params_lLegPt.rL2,params_lLegPt.x1,params_lLegPt.y1,params_sLegPt.rA1,params_sLegPt.rL0,params_sLegPt.rL1,params_sLegPt.rL2,params_sLegPt.x1,params_sLegPt.y1,user_attrs_prune,system_attrs_auto:sampler,state
4935,4935,6.0,2026-04-21 19:01:43.377989,2026-04-21 19:01:43.555714,0 days 00:00:00.177725,-36.80889433369294,20.8682064553441,34.8896169471648,100.0,42.572385066261546,28.90970573298869,-60.38052248406826,45.79702047333121,57.00856609574763,28.436972082710902,3.1020956383245064,65.67393565038653,Unfeasible shape,GPSampler,PRUNED
4936,4936,6.0,2026-04-21 19:01:43.728156,2026-04-21 19:01:43.944922,0 days 00:00:00.216766,-36.81635333735449,20.76546773156136,35.08491742173986,100.0,42.594855263600806,29.02592020405551,-60.32118636275564,46.100524396672945,57.20135083247856,28.371916049797008,3.002884556335161,65.49969940535526,Unfeasible shape,GPSampler,PRUNED
4937,4937,6.0,2026-04-21 19:01:44.159299,2026-04-21 19:01:44.347441,0 days 00:00:00.188142,-36.8401621793588,20.998868107726707,34.85097098749635,100.0,42.789838890165015,28.88767956097098,-60.39196025649892,45.867584235099876,57.095643124395885,28.562974653061058,3.078800839808096,65.5521289712943,Unfeasible shape,GPSampler,PRUNED
4938,4938,6.0,2026-04-21 19:01:44.556798,2026-04-21 19:01:44.732774,0 days 00:00:00.175976,-36.81682456264333,20.939122421762285,34.68745661391321,100.0,42.67569571106245,29.077754625660184,-60.31749022686377,46.054961445146446,57.244715877192505,28.260492909358657,3.144432685200968,65.76034155570692,Unfeasible shape,GPSampler,PRUNED
4939,4939,6.0,2026-04-21 19:01:44.912816,2026-04-21 19:01:45.075424,0 days 00:00:00.162608,-36.73536594324334,20.681317763622623,34.49497288050057,100.0,42.505371535023805,29.46999588178538,-60.299939485942176,46.10026509512502,56.888952255222264,28.249098998551567,3.2767050751823845,66.10329728261148,Unfeasible shape,GPSampler,PRUNED
4940,4940,6.0,2026-04-21 19:01:45.259412,2026-04-21 19:01:45.438229,0 days 00:00:00.178817,-36.80512989600772,21.0409114669757,34.837882910224764,100.0,42.77625801573474,29.031671256095265,-60.377536170038816,45.92036948307984,57.16937849052676,28.368239950087617,3.114178766764539,65.65895046923768,Unfeasible shape,GPSampler,PRUNED
4941,4941,6.0,2026-04-21 19:01:45.660301,2026-04-21 19:01:45.806990,0 days 00:00:00.146689,-36.839984841033456,20.986482783170118,34.806389729351466,100.0,42.730633705770025,29.100950274307742,-60.28550396897094,46.01714499291193,57.291141067983226,28.367673802440674,3.0855145958122066,65.84140712576774,Unfeasible shape,GPSampler,PRUNED
4942,4942,6.0,2026-04-21 19:01:46.029240,2026-04-21 19:01:46.189782,0 days 00:00:00.160542,-36.83269948442005,20.576296117763235,35.084771751221105,100.0,42.807645158510056,28.825984790772374,-60.25728706967446,45.61938774236109,57.10061199134525,28.598380021077162,3.0807363270368953,65.59779307085651,Unfeasible shape,GPSampler,PRUNED
4943,4943,6.0,2026-04-21 19:01:46.390603,2026-04-21 19:01:46.570206,0 days 00:00:00.179603,-36.82617593214197,21.150453418352157,34.83449187205393,100.0,42.874664568134364,28.92559457919331,-60.35171800276028,45.89207962428966,57.18895943260646,28.624696779323003,3.143256340125525,65.64076937467144,Unfeasible shape,GPSampler,PRUNED
4944,4944,6.0,2026-04-21 19:01:46.793818,2026-04-21 19:01:47.029640,0 days 00:00:00.235822,-36.92880246494512,21.685333499265038,34.52737021446833,100.0,43.525825924032176,29.148765029002618,-60.51072971031381,45.93487818654642,57.44850285511589,27.751875936255647,3.2934981348698855,66.05100369081957,Unfeasible shape,GPSampler,PRUNED
4945,4945,6.0,2026-04-21 19:01:47.271661,2026-04-21 19:01:47.443186,0 days 00:00:00.171525,-36.80055712045219,20.893341853706836,34.972199595517026,100.0,42.634813783630044,29.14706288632957,-60.56899021396667,45.947724916207385,57.08759606016942,28.09992043854686,3.0891435674321883,65.44136143429526,Unfeasible shape,GPSampler,PRUNED
4946,4946,6.0,2026-04-21 19:01:47.636603,2026-04-21 19:01:47.821897,0 days 00:00:00.185294,-36.80806860025169,21.113053796850895,34.926663309018195,100.0,42.776719608522285,28.968052915083916,-60.304756916866715,46.316593837562785,57.25159667486599,28.077377590045398,3.018434757352516,65.7017674907364,Unfeasible shape,GPSampler,PRUNED
4947,4947,6.0,2026-04-21 19:01:48.011985,2026-04-21 19:01:48.224010,0 days 00:00:00.212025,-36.79689751627268,20.789201603554247,34.97322622969871,100.0,42.69544196025685,29.193245779342625,-60.337320817623336,45.894408911520415,57.03241348925231,28.62324677666681,3.1107657544481384,65.65759764663075,Unfeasible shape,GPSampler,PRUNED
4948,4948,6.0,2026-04-21 19:01:48.444032,2026-04-21 19:01:48.587946,0 days 00:00:00.143914,-36.72413162514118,20.455553775878162,34.79745857787262,100.0,42.84352996595456,28.603661509718393,-60.28078437711261,46.09821455895857,57.04913071438442,28.44585626750733,3.07354802670676,65.64292506520411,Unfeasible shape,GPSampler,PRUNED
4949,4949,6.0,2026-04-21 19:01:48.765652,2026-04-21 19:01:48.961066,0 days 00:00:00.195414,-36.73837927015702,21.00890574173315,34.88647598384179,100.0,42.79448476510235,29.078026111830077,-60.3900728047892,45.916052377801286,57.15674831781384,28.31487177482403,3.122446583604315,65.78043087659725,Unfeasible shape,GPSampler,PRUNED
4950,4950,6.0,2026-04-21 19:01:49.137621,2026-04-21 19:01:49.314580,0 days 00:00:00.176959,-36.74767536542203,20.716637953989995,34.96476906900796,100.0,42.641872353139625,28.81723417017234,-60.50034854710893,45.853949772873975,56.908558884555966,28.18072590748233,3.125140632412162,65.51746011547858,Unfeasible shape,GPSampler,PRUNED
4951,4951,6.0,2026-04-21 19:01:49.515797,2026-04-21 19:01:49.682486,0 days 00:00:00.166689,-36.76352179797216,20.037621361831427,35.438292033649944,100.0,41.977586613215806,28.9211480341718,-60.281032181176016,45.75329621768343,56.90770777344626,29.37721336858643,3.005418454647632,65.55804249896983,Unfeasible shape,GPSampler,PRUNED
4952,4952,6.0,2026-04-21 19:01:49.932920,2026-04-21 19:01:50.091300,0 days 00:00:00.158380,-36.751051015916026,20.714301820213443,35.18017524202415,100.0,42.5961707299587,29.057618340296052,-60.05175991533791,45.813153613505385,57.16907947140803,28.958177886676385,3.0588974068763832,65.54110063582499,Unfeasible shape,GPSampler,PRUNED
4953,4953,6.0,2026-04-21 19:01:50.273700,2026-04-21 19:01:50.435827,0 days 00:00:00.162127,-36.83147004554726,20.845026467775128,34.88734020607862,100.0,42.74674247023332,28.75454400214703,-60.32162565383237,45.82154172206312,57.109232917515556,28.78695685429706,3.0080268344219476,65.51345367580936,Unfeasible shape,GPSampler,PRUNED
4954,4954,6.0,2026-04-21 19:01:50.629611,2026-04-21 19:01:50.772637,0 days 00:00:00.143026,-36.77450540608379,21.149749079858445,34.67103435646176,100.0,42.72138549703341,29.213234832846283,-60.327694825379524,45.923787742147894,57.420118426887804,28.001620264449556,3.1723710010052244,65.82875892799902,Unfeasible shape,GPSampler,PRUNED
4955,4955,6.0,2026-04-21 19:01:50.961966,2026-04-21 19:01:51.115920,0 days 00:00:00.153954,-36.9220170634874,20.582965510368098,34.89866792085232,100.0,42.82542131112286,29.08777165928091,-59.77934692188302,46.420909694313856,57.25195963993143,28.362061977598653,3.1650423733740567,65.59855925502038,Unfeasible shape,GPSampler,PRUNED
4956,4956,6.0,2026-04-21 19:01:51.320084,2026-04-21 19:01:51.481955,0 days 00:00:00.161871,-36.83111652242306,20.717001885417346,34.90675672379349,100.0,42.857192272100285,29.039264538773907,-60.35864311685442,45.696510429667896,57.25230996290238,28.599354713040565,3.091997422007097,65.76751556674003,Unfeasible shape,GPSampler,PRUNED
4957,4957,6.0,2026-04-21 19:01:51.724215,2026-04-21 19:01:51.909010,0 days 00:00:00.184795,-36.87986450141287,20.892368548065107,34.90463550970393,100.0,43.104633060989144,28.949569147506473,-60.42186785354233,45.777684158011766,57.01971708708595,28.55963206793469,3.1063161277392553,65.53818139116274,Unfeasible shape,GPSampler,PRUNED
4958,4958,6.0,2026-04-21 19:01:52.126799,2026-04-21 19:01:52.262698,0 days 00:00:00.135899,-36.80070136297556,20.91553828505115,34.969244714943855,100.0,42.709493053277136,28.791427935117603,-60.33151480053915,45.4360711515702,56.96566925803331,28.407775333091266,3.074642334316671,65.42815663800515,Unfeasible shape,GPSampler,PRUNED
4959,4959,6.0,2026-04-21 19:01:52.438239,2026-04-21 19:01:52.590402,0 days 00:00:00.152163,-36.78051286469701,20.82997899969332,34.94329583581598,100.0,42.7492974046017,28.892793718995634,-60.21269265480389,46.04423230675629,57.15467417465853,28.49290940498298,3.0019783806549896,65.5736295514011,Unfeasible shape,GPSampler,PRUNED
4960,4960,6.0,2026-04-21 19:01:52.762662,2026-04-21 19:01:52.974862,0 days 00:00:00.212200,-36.842263216863614,20.816260893761633,34.379584727640456,100.0,42.79362650692407,29.12705495815672,-60.22594035871643,46.38302037025247,57.383864649889844,28.336467589005277,3.0997875572780558,65.82554808480992,Unfeasible shape,GPSampler,PRUNED
4961,4961,6.0,2026-04-21 19:01:53.303087,2026-04-21 19:01:53.495308,0 days 00:00:00.192221,-36.918136858873716,20.777109969261215,35.16181569451141,100.0,42.380494536614655,28.904482271989515,-60.47201627649973,45.614687873483916,57.212438663973096,28.808471080542283,3.109255642872924,65.87334615296263,Unfeasible shape,GPSampler,PRUNED
4962,4962,6.0,2026-04-21 19:01:53.662032,2026-04-21 19:01:53.846905,0 days 00:00:00.184873,-36.85849856408713,20.8663248296647,35.12977797351718,100.0,42.47104809839351,28.78812129000673,-60.425944717927635,45.569393700334935,56.8326122083085,28.76177656144127,3.1927058034211413,65.56524144902532,Unfeasible shape,GPSampler,PRUNED
4963,4963,6.0,2026-04-21 19:01:54.037721,2026-04-21 19:01:54.196914,0 days 00:00:00.159193,-36.8038698542005,21.036917712139076,34.75341869116255,100.0,42.674561482028444,29.093740988651398,-60.512878218045216,45.93201325216721,57.15783325655058,28.332331230701204,3.1207627399463718,65.69929832745244,Unfeasible shape,GPSampler,PRUNED
4964,4964,6.0,2026-04-21 19:01:54.396835,2026-04-21 19:01:54.554509,0 days 00:00:00.157674,-36.82336146837092,20.92598268378118,34.985886699929324,100.0,42.75565370382324,28.835560831205925,-60.19933194979282,45.81200931377568,56.93093755538642,28.36396698333584,3.1113702607201645,65.55296093671853,Unfeasible shape,GPSampler,PRUNED
4965,4965,6.0,2026-04-21 19:01:54.726192,2026-04-21 19:01:54.894332,0 days 00:00:00.168140,-36.89909637405388,20.810374846644407,34.68144892473758,100.0,42.66885185540523,29.085928975772866,-60.31002913622753,45.86602055002634,57.09782560711489,28.480802981949054,3.093514242288954,65.78886263674325,Unfeasible shape,GPSampler,PRUNED
4966,4966,6.0,2026-04-21 19:01:55.092870,2026-04-21 19:01:55.241444,0 days 00:00:00.148574,-36.7958993283696,20.917642863279,34.40181193425627,100.0,42.968713797001904,28.990501285879652,-60.528964407926,45.95565248959279,57.21490695626791,28.412005507958085,3.1817210887551326,65.94275918327425,Unfeasible shape,GPSampler,PRUNED
4967,4967,6.0,2026-04-21 19:01:55.498528,2026-04-21 19:01:55.649652,0 days 00:00:00.151124,-36.749736142458815,20.97670042960908,34.863325624321455,100.0,42.72419042969968,29.06146494581492,-60.36545125476231,45.93741166499087,57.098506351058695,28.419760561289188,3.0986316831084437,65.66763547903761,Unfeasible shape,GPSampler,PRUNED
4968,4968,6.0,2026-04-21 19:01:55.826230,2026-04-21 19:01:56.009339,0 days 00:00:00.183109,-36.749552221648884,20.942658778403683,35.109186903326346,100.0,42.701340436275,28.828184991278192,-60.30493953413273,45.95162167164351,57.0137435001839,28.69716393036774,3.063554077249286,65.47855821366856,Unfeasible shape,GPSampler,PRUNED
4969,4969,6.0,2026-04-21 19:01:56.228206,2026-04-21 19:01:56.388436,0 days 00:00:00.160230,-36.787818496881,20.951784072549437,34.87908831865164,100.0,42.70115480853068,29.177766846829954,-60.232124589588096,45.969274611131524,57.157407666054986,28.227431907584926,3.1558386728381365,65.77486009866118,Unfeasible shape,GPSampler,PRUNED
4970,4970,6.0,2026-04-21 19:01:56.656798,2026-04-21 19:01:56.808505,0 days 00:00:00.151707,-36.88476095033488,21.559216850950172,34.43702141746755,100.0,42.58744363621527,29.2596804242512,-60.31308638854218,45.857300790997044,57.19218191637963,28.21983276138918,3.210912149125086,65.57384336550912,Unfeasible shape,GPSampler,PRUNED
4971,4971,6.0,2026-04-21 19:01:56.983028,2026-04-21 19:01:57.148285,0 days 00:00:00.165257,-36.716589596978444,20.843947707546835,34.89935236623665,100.0,42.68540057197614,29.153626058175377,-60.37479555266705,45.859050394922235,57.18105498518444,28.189183911145104,3.1224674038246505,65.74203817999161,Unfeasible shape,GPSampler,PRUNED
4972,4972,6.0,2026-04-21 19:01:57.347508,2026-04-21 19:01:57.513290,0 days 00:00:00.165782,-36.69322984376509,20.63771681374159,34.78797680476805,100.0,42.38686101912911,28.663624368053334,-60.29285113476638,45.754605745364266,57.18272649879231,28.779427698877896,3.121099043102099,65.62937161476854,Unfeasible shape,GPSampler,PRUNED
4973,4973,6.0,2026-04-21 19:01:57.745655,2026-04-21 19:01:57.871837,0 days 00:00:00.126182,-36.75674794202174,21.145309227663514,34.8121263424814,100.0,42.675077268351,28.89667284928307,-60.60429092164674,45.9145664614275,57.074668142522945,28.659431172919383,3.0340450042485045,65.53622815038351,Unfeasible shape,GPSampler,PRUNED
4974,4974,6.0,2026-04-21 19:01:58.056031,2026-04-21 19:01:58.214888,0 days 00:00:00.158857,-36.96078950557251,20.817769851451928,34.92756189349764,100.0,42.53685547394558,29.108969305298693,-60.329365494696134,45.39502198380814,57.06105730138493,28.62709222714128,3.1349395563183577,65.6729794709598,Unfeasible shape,GPSampler,PRUNED
4975,4975,6.0,2026-04-21 19:01:58.417743,2026-04-21 19:01:58.607505,0 days 00:00:00.189762,-36.8931308909242,21.139994797887233,34.64915485155605,100.0,42.89686032429145,29.08103019360542,-60.25110183497993,45.640736070329446,56.890529988943754,28.682911834352378,3.1995384818880055,65.81737719912515,Unfeasible shape,GPSampler,PRUNED
4976,4976,6.0,2026-04-21 19:01:58.887089,2026-04-21 19:01:59.029678,0 days 00:00:00.142589,-36.92748719196503,20.684705757358692,34.708363159240335,100.0,42.70305925926159,29.279403178162013,-60.29997696208963,45.319409798232684,57.13753925065633,29.081358449449027,3.203802976521523,65.76733516461451,Unfeasible shape,GPSampler,PRUNED
4977,4977,6.0,2026-04-21 19:01:59.233743,2026-04-21 19:01:59.360387,0 days 00:00:00.126644,-36.73509944307633,21.140196833621452,35.073121677047574,100.0,42.549543131226066,28.833353275161407,-60.4432051026771,46.06100024827774,57.00398251549948,28.779199295300288,3.072846537336119,65.54804867759243,Unfeasible shape,GPSampler,PRUNED
4978,4978,6.0,2026-04-21 19:01:59.574338,2026-04-21 19:01:59.715893,0 days 00:00:00.141555,-36.61344139832235,20.48613407775747,35.09453243073813,100.0,42.50266468412563,28.82793519554685,-60.19717049944603,45.329759960131604,56.72990260013317,29.062024913084826,3.21224973097123,65.69816830142517,Unfeasible shape,GPSampler,PRUNED
4979,4979,6.0,2026-04-21 19:01:59.929171,2026-04-21 19:02:00.071805,0 days 00:00:00.142634,-36.73741297329947,21.448765809595386,34.13388031617309,100.0,43.03333874467344,29.308250323733404,-60.51042887271261,46.06929201951084,57.38928474302685,28.38093248819737,3.2128240603822533,66.21110211286896,Unfeasible shape,GPSampler,PRUNED
4980,4980,6.0,2026-04-21 19:02:00.275721,2026-04-21 19:02:00.449285,0 days 00:00:00.173564,-36.68415511531566,21.16160908849593,34.59695867075594,100.0,42.29903539581493,28.78695988049958,-60.928134540687154,45.972157391261796,57.06662262332947,28.095823211300132,3.0162403115546255,65.5207486979428,Unfeasible shape,GPSampler,PRUNED
4981,4981,6.0,2026-04-21 19:02:00.647528,2026-04-21 19:02:00.806046,0 days 00:00:00.158518,-36.86360783964467,20.970477607457227,34.65813796796728,100.0,42.599982430791655,29.327440312987612,-60.27575027763653,45.93577156628846,57.17708481369833,28.296924501941078,3.1003041455115934,65.64337404553685,Unfeasible shape,GPSampler,PRUNED
4982,4982,6.0,2026-04-21 19:02:00.987387,2026-04-21 19:02:01.145638,0 days 00:00:00.158251,-36.688516010235034,21.019362562766965,35.00508243651823,100.0,42.7460862560833,28.942355704274426,-60.23124185262748,46.01781776655397,57.00202808535421,28.41149242166771,3.088860469917549,65.61086953936835,Unfeasible shape,GPSampler,PRUNED
4983,4983,6.0,2026-04-21 19:02:01.326160,2026-04-21 19:02:01.452468,0 days 00:00:00.126308,-36.53232107436785,21.25595242921466,33.79114284815471,100.0,42.73815027545137,29.283205065883294,-60.03034340004637,45.85103426871184,56.8593501174971,27.97999699312524,3.206400443421792,65.80118908865721,Unfeasible shape,GPSampler,PRUNED
4984,4984,6.0,2026-04-21 19:02:01.651232,2026-04-21 19:02:01.809826,0 days 00:00:00.158594,-37.13616726038488,21.449525657843132,34.426861205919884,100.0,43.18372936446832,28.93647078963273,-60.0927586709563,45.624955136886676,57.31801031230057,28.390998556003133,3.224023739619078,65.88948417127293,Unfeasible shape,GPSampler,PRUNED
4985,4985,6.0,2026-04-21 19:02:02.085365,2026-04-21 19:02:02.227819,0 days 00:00:00.142454,-36.6905391059157,21.226666392379343,34.87720221846554,100.0,43.10170368503717,28.743235582790923,-59.89602078899436,46.00567919341896,57.177014835174184,28.70675933237891,3.1044588471518395,65.66770425942019,Unfeasible shape,GPSampler,PRUNED
4986,4986,6.0,2026-04-21 19:02:02.485222,2026-04-21 19:02:02.643374,0 days 00:00:00.158152,-36.75782535460501,21.075408993167834,34.64436067676785,100.0,42.65991878824885,28.713340312181593,-60.80007142323464,45.795838010093846,56.93168088987966,28.40327670333674,2.9886820904721247,65.44102979560557,Unfeasible shape,GPSampler,PRUNED
4987,4987,6.0,2026-04-21 19:02:02.825217,2026-04-21 19:02:02.951723,0 days 00:00:00.126506,-36.74489602334997,21.003567600191317,34.713425272598364,100.0,42.729144314793444,29.152294770955322,-60.47017380939731,45.91537522289346,57.14317608547589,28.463105107733973,3.1269325756795183,65.73967785437009,Unfeasible shape,GPSampler,PRUNED
4988,4988,6.0,2026-04-21 19:02:03.150159,2026-04-21 19:02:03.292587,0 days 00:00:00.142428,-36.815557101081104,20.723452674945285,34.77603324409074,100.0,42.66266770167209,29.270384575412102,-60.479547606438715,45.236963567623754,57.06138655346639,28.31394800431419,3.154994795159581,65.89389799027387,Unfeasible shape,GPSampler,PRUNED
4989,4989,6.0,2026-04-21 19:02:03.464815,2026-04-21 19:02:03.608721,0 days 00:00:00.143906,-36.77879863939454,21.178508701377226,34.73063121213866,100.0,42.74548236743333,29.05825869856585,-60.38237550792531,45.91427917236343,57.245154042399655,28.39885783162977,3.1015968513758736,65.70482913179453,Unfeasible shape,GPSampler,PRUNED
4990,4990,6.0,2026-04-21 19:02:03.821362,2026-04-21 19:02:03.979201,0 days 00:00:00.157839,-36.813203566131484,20.98985865592885,34.93027851360335,100.0,42.75610105056028,28.8617954117845,-60.39552689921928,45.88281749283034,57.20795047528604,28.420517967737084,3.1336720470875292,65.7328539046952,Unfeasible shape,GPSampler,PRUNED
4991,4991,6.0,2026-04-21 19:02:04.161936,2026-04-21 19:02:04.309830,0 days 00:00:00.147894,-36.71015033508867,20.82450008551786,34.943691140746985,100.0,42.75150587539376,28.819643552189618,-60.348437518373885,45.90685167717405,57.146812343087994,28.796344685048112,3.068251127633701,65.60085438925098,Unfeasible shape,GPSampler,PRUNED
4992,4992,6.0,2026-04-21 19:02:04.477899,2026-04-21 19:02:04.636639,0 days 00:00:00.158740,-36.7690832959196,21.14943313628355,34.74773195823865,100.0,42.71923528979495,29.038070657844287,-60.38438411948424,45.90317485416253,57.19833072322175,28.41921205107611,3.1005576478948527,65.6650390289311,Unfeasible shape,GPSampler,PRUNED
4993,4993,6.0,2026-04-21 19:02:04.835694,2026-04-21 19:02:05.010250,0 days 00:00:00.174556,-36.837549939507305,21.15006355202457,34.58872639125477,100.0,42.906805950523314,28.780272124607094,-60.4679943271395,45.70717929573658,57.148522883021464,28.43330409224718,3.0786653892416993,65.51762814595739,Unfeasible shape,GPSampler,PRUNED
4994,4994,6.0,2026-04-21 19:02:05.224792,2026-04-21 19:02:05.351282,0 days 00:00:00.126490,-36.880720707339094,20.89083949202379,34.872147825014025,100.0,42.58190374749918,29.15026169292466,-60.38569934707527,46.08414816908754,57.12416672948612,28.5044242849739,3.1107570278138468,65.84087038690613,Unfeasible shape,GPSampler,PRUNED
4995,4995,6.0,2026-04-21 19:02:05.541647,2026-04-21 19:02:05.684059,0 days 00:00:00.142412,-36.74774769268282,21.00081677400758,34.88513149255666,100.0,42.64635851424105,29.123247234606353,-60.30774414281993,45.96001905768829,57.15830172270834,28.44394429369545,3.130184385093628,65.74805225297203,Unfeasible shape,GPSampler,PRUNED
4996,4996,6.0,2026-04-21 19:02:05.858079,2026-04-21 19:02:05.984934,0 days 00:00:00.126855,-36.91117741489143,21.094459123337717,34.857450547796695,100.0,42.75216681314309,29.624969316354914,-60.472319660299206,46.12899492398461,57.17921656315918,28.404156480304803,3.2069904787796872,65.73992154728884,Unfeasible shape,GPSampler,PRUNED
4997,4997,6.0,2026-04-21 19:02:06.166681,2026-04-21 19:02:06.312024,0 days 00:00:00.145343,-36.77361082962894,21.062911865373472,34.89990280501628,100.0,42.70903531585484,28.927109655153757,-60.453043841771496,46.02383724897375,57.16220103508127,28.468139158761144,3.0978726728027866,65.6844961827647,Unfeasible shape,GPSampler,PRUNED
4998,4998,6.0,2026-04-21 19:02:06.635424,2026-04-21 19:02:06.778364,0 days 00:00:00.142940,-36.852389535560526,20.77393224793395,34.63557061767858,100.0,42.7376169485919,28.961715973421285,-60.17211494308918,45.91736693045093,57.13163634258681,28.607509424031186,3.1546658529820135,65.92783413682376,Unfeasible shape,GPSampler,PRUNED
