,number,value,datetime_start,datetime_complete,duration,params_lLegPt.rA1,params_lLegPt.rL0,params_lLegPt.rL1,params_lLegPt.rL2,params_lLegPt.x1,params_lLegPt.y1,params_sLegPt.rA1,params_sLegPt.rL0,params_sLegPt.rL1,params_sLegPt.rL2,params_sLegPt.x1,params_sLegPt.y1,user_attrs_prune,system_attrs_auto:sampler,state
2119,2119,6.0,2026-04-21 18:44:52.823790,2026-04-21 18:44:52.955260,0 days 00:00:00.131470,-36.53909322756912,21.276638851003703,34.81878182392934,100.0,42.982674645515274,29.233357376848254,-60.392061086249655,45.950069948667355,56.99823405997581,27.9254826525878,3.2037822309915995,65.99081311740082,Unfeasible shape,GPSampler,PRUNED
2120,2120,6.0,2026-04-21 18:44:53.126276,2026-04-21 18:44:53.249725,0 days 00:00:00.123449,-36.8706129357281,20.969955174291236,35.19993279882352,100.0,42.390586469463,29.19592011220754,-60.22742801124357,45.739970570985406,56.95680056400138,28.860768628807214,3.1344366389620077,65.71687636192806,Unfeasible shape,GPSampler,PRUNED
2121,2121,6.0,2026-04-21 18:44:53.400620,2026-04-21 18:44:53.548591,0 days 00:00:00.147971,-36.72842201737331,20.791576744657995,34.719948223979486,100.0,42.850093395693065,29.235750258593526,-60.15896320952396,46.055650595490675,57.20725768943782,28.090639761582874,3.1143087065379333,66.1141585149763,Unfeasible shape,GPSampler,PRUNED
2122,2122,6.0,2026-04-21 18:44:53.730582,2026-04-21 18:44:53.861469,0 days 00:00:00.130887,-36.650256209208024,21.000072539769203,34.92559253216693,100.0,42.54809390195267,28.981072630213717,-60.35608200509121,45.95073912593619,57.00080674348452,28.616032842631007,3.1477291836606085,65.68090837679114,Unfeasible shape,GPSampler,PRUNED
2123,2123,6.0,2026-04-21 18:44:54.022791,2026-04-21 18:44:54.153786,0 days 00:00:00.130995,-36.76671242009666,21.307263969138305,34.94592634971954,100.0,42.622246868414436,28.96932233358175,-60.424108700842154,45.96994228521601,57.11976950899083,28.506917206834242,3.0596696569005317,65.62928565817319,Unfeasible shape,GPSampler,PRUNED
2124,2124,6.0,2026-04-21 18:44:54.326449,2026-04-21 18:44:54.519362,0 days 00:00:00.192913,-36.6686281729247,21.452943806980237,33.72871732035546,100.0,43.27194946357335,29.247460821838636,-60.70821624699853,46.18482970082674,57.56081985570165,27.951152401800083,3.2374550105197315,66.18729367782313,Unfeasible shape,GPSampler,PRUNED
2125,2125,6.0,2026-04-21 18:44:54.688454,2026-04-21 18:44:54.828593,0 days 00:00:00.140139,-36.796676828237466,20.97762771120364,34.84124266701346,100.0,42.790091714172476,28.937531654688655,-60.36695287097133,45.99172503609047,57.16392846519818,28.366257652506857,3.1158765819026186,65.60968264885743,Unfeasible shape,GPSampler,PRUNED
2126,2126,6.0,2026-04-21 18:44:55.016325,2026-04-21 18:44:55.178972,0 days 00:00:00.162647,-36.84242966665039,21.032263926235682,34.67409591887649,100.0,42.801546093290185,29.370059935581587,-60.420877777033176,45.939748481431266,57.21118150992375,28.279016028784056,3.173875789647063,65.65343186975704,Unfeasible shape,GPSampler,PRUNED
2127,2127,6.0,2026-04-21 18:44:55.350893,2026-04-21 18:44:55.556427,0 days 00:00:00.205534,-36.85797271945544,20.857031611861473,34.8294469420247,100.0,42.74397570505844,29.075535281955695,-60.46227361480575,45.808171152612005,57.0570417668108,28.292042583027992,3.0446241453727154,65.38024145844552,Unfeasible shape,GPSampler,PRUNED
2128,2128,6.0,2026-04-21 18:44:55.739279,2026-04-21 18:44:55.889388,0 days 00:00:00.150109,-36.913161612625196,20.81597453768466,34.96599424359623,100.0,42.964141524928486,29.06760780004884,-60.413291854567746,46.02511049785751,56.88646229341367,28.454662445288054,3.0642817000650737,65.54256595665399,Unfeasible shape,GPSampler,PRUNED
2129,2129,6.0,2026-04-21 18:44:56.072039,2026-04-21 18:44:56.196569,0 days 00:00:00.124530,-36.83575492010647,20.838075076173187,34.87429988511785,100.0,42.698573582828026,28.957341306915083,-60.31878048188623,45.88829859448909,57.07008457839191,28.42850801150961,3.1170773406344594,65.63841161925383,Unfeasible shape,GPSampler,PRUNED
2130,2130,6.0,2026-04-21 18:44:56.349275,2026-04-21 18:44:56.467329,0 days 00:00:00.118054,-36.71624048123004,20.93574588702454,34.9173552408796,100.0,42.808333905102806,29.076937178220987,-60.42238572969091,45.9785366653502,57.193738699792455,28.44041507603015,3.1074749686687966,65.58913619717515,Unfeasible shape,GPSampler,PRUNED
2131,2131,6.0,2026-04-21 18:44:56.630530,2026-04-21 18:44:56.745354,0 days 00:00:00.114824,-36.79789048178856,21.32016866768506,34.758228570234515,100.0,42.59771451776204,29.63468571763738,-60.590023228318515,45.95707013830149,57.4843790689078,28.53527398637497,3.192014393931494,65.82902409092304,Unfeasible shape,GPSampler,PRUNED
2132,2132,6.0,2026-04-21 18:44:56.914282,2026-04-21 18:44:57.054261,0 days 00:00:00.139979,-36.70092393657927,21.09250547406866,34.91008857059337,100.0,42.61606783435455,28.895990077421487,-60.392328515197974,46.00688627291523,57.07088983813086,28.547769235663864,3.1086928966477885,65.60860265017467,Unfeasible shape,GPSampler,PRUNED
2133,2133,6.0,2026-04-21 18:44:57.234538,2026-04-21 18:44:57.400224,0 days 00:00:00.165686,-36.63272011912828,21.17382000580987,35.07693458094417,100.0,42.9122126536096,29.003991924618624,-60.35388896104322,45.87258117338636,57.103595837019974,28.5188178168089,3.0447935168353624,65.70681336986685,Unfeasible shape,GPSampler,PRUNED
2134,2134,6.0,2026-04-21 18:44:57.597603,2026-04-21 18:44:57.773648,0 days 00:00:00.176045,-36.77994721357004,20.857581526834153,34.7161951636954,100.0,42.58836396721809,28.95654350776423,-60.53481000772848,45.83505230953352,57.11513028697588,28.3490552899078,3.1113103425783493,65.7878163459119,Unfeasible shape,GPSampler,PRUNED
2135,2135,6.0,2026-04-21 18:44:57.965317,2026-04-21 18:44:58.085019,0 days 00:00:00.119702,-36.84616460490834,21.232664959894805,34.43525031251495,100.0,42.8569982256289,29.08940665175811,-60.394159882078455,45.873843580790655,57.07887334271868,28.098431390332024,3.175440293625286,65.90443519442707,Unfeasible shape,GPSampler,PRUNED
2136,2136,6.0,2026-04-21 18:44:58.254928,2026-04-21 18:44:58.415551,0 days 00:00:00.160623,-36.876468707044154,20.6804674720918,35.0850459568549,100.0,42.66828753807904,29.0385370201233,-60.52868959135063,45.805094448944885,57.278744678922045,28.242979134605783,3.108428201916439,65.59760863167742,Unfeasible shape,GPSampler,PRUNED
2137,2137,6.0,2026-04-21 18:44:58.579440,2026-04-21 18:44:58.722902,0 days 00:00:00.143462,-36.85408026540648,20.81014064856162,35.11472031100185,100.0,42.73724645299472,29.192012820323143,-60.231578225478486,45.85503515484115,57.0611194951659,28.433382456849216,3.0772583703391234,65.55805041726389,Unfeasible shape,GPSampler,PRUNED
2138,2138,6.0,2026-04-21 18:44:58.912949,2026-04-21 18:44:59.059489,0 days 00:00:00.146540,-36.59208277881016,21.61138335837953,35.62596145889479,99.73572429883946,42.66350798173887,28.226801914845574,-60.05227944397779,45.54364971606335,56.80257484046368,29.270793334401542,3.0966891705101887,65.41724487401788,Unfeasible shape,GPSampler,PRUNED
2139,2139,6.0,2026-04-21 18:44:59.242653,2026-04-21 18:44:59.433583,0 days 00:00:00.190930,-36.72645305428641,20.782937211999,34.8270679479208,100.0,42.58131072034507,29.18024378048645,-60.47725878881978,45.68890530592066,57.084193223909914,28.533762408285973,3.1387075872322683,65.769385729379,Unfeasible shape,GPSampler,PRUNED
2140,2140,6.0,2026-04-21 18:44:59.614460,2026-04-21 18:44:59.747324,0 days 00:00:00.132864,-36.81461941030497,21.140360039531174,34.96791511470886,100.0,42.71243611476861,29.094541244359462,-60.36888107642531,46.01024639884826,57.149969664650754,28.466015418862074,3.123390588179319,65.59237138290806,Unfeasible shape,GPSampler,PRUNED
2141,2141,6.0,2026-04-21 18:44:59.919789,2026-04-21 18:45:00.183884,0 days 00:00:00.264095,-36.75724036600334,20.991407209869934,34.732487269736566,100.0,42.740413405416476,29.16555620465168,-60.427799513990465,45.97941475202774,57.25513744679056,28.348465183496696,3.1692950426955093,65.81714905858539,Unfeasible shape,GPSampler,PRUNED
2142,2142,6.0,2026-04-21 18:45:00.421631,2026-04-21 18:45:00.604095,0 days 00:00:00.182464,-36.672747334708696,21.23697986282789,34.632643234826865,100.0,42.69669700053027,29.592481629047896,-60.3582938526704,46.312351744510174,57.29335519660807,27.873468920952266,3.2729823319188753,65.81575752787381,Unfeasible shape,GPSampler,PRUNED
2143,2143,6.0,2026-04-21 18:45:00.775365,2026-04-21 18:45:00.901436,0 days 00:00:00.126071,-36.82215319433986,21.011475660160933,34.92365766963892,100.0,42.69060294031417,29.01103770361194,-60.261899080441296,45.8886566821853,57.10581518259494,28.489897705230092,3.09154032666558,65.71317807050264,Unfeasible shape,GPSampler,PRUNED
2144,2144,6.0,2026-04-21 18:45:01.058591,2026-04-21 18:45:01.233013,0 days 00:00:00.174422,-36.79994706794516,21.459260077255564,34.44182262297455,100.0,42.93852807377763,29.268694605167923,-60.54619086125682,46.05173738773447,57.30567906465252,28.220203341480943,3.228536705181682,65.90530571750057,Unfeasible shape,GPSampler,PRUNED
2145,2145,6.0,2026-04-21 18:45:01.428241,2026-04-21 18:45:01.572325,0 days 00:00:00.144084,-36.74343634694241,21.232253688516657,34.758515124662004,100.0,42.5818156722735,29.09926549399517,-60.605188423088904,45.89449719766771,56.99310818527668,28.4936688158842,3.1269329689295517,65.6735909169473,Unfeasible shape,GPSampler,PRUNED
2146,2146,6.0,2026-04-21 18:45:01.710011,2026-04-21 18:45:01.852482,0 days 00:00:00.142471,-36.85057652826585,21.438159697157346,34.21117157215422,100.0,43.109186987978056,29.51458954429249,-60.563238507150594,46.08107641836704,57.08531013141832,27.976421778282052,3.2068513214150016,65.88116146671877,Unfeasible shape,GPSampler,PRUNED
2147,2147,6.0,2026-04-21 18:45:02.049570,2026-04-21 18:45:02.276081,0 days 00:00:00.226511,-36.69575352393206,21.68448267120324,34.657382429710054,100.0,42.69454888193926,29.08175025122413,-60.209410861716776,46.23299232026921,57.18215211965621,28.508452076673535,3.2336866658554015,65.95857583723523,Unfeasible shape,GPSampler,PRUNED
2148,2148,6.0,2026-04-21 18:45:02.476304,2026-04-21 18:45:02.637324,0 days 00:00:00.161020,-36.8077226973566,21.500085136570434,34.93728061728626,100.0,42.812933489560805,28.92672836172561,-60.41208214086439,46.1496241785069,57.14078918126977,28.616619573908505,3.044963070768091,65.57517825332646,Unfeasible shape,GPSampler,PRUNED
2149,2149,6.0,2026-04-21 18:45:02.818317,2026-04-21 18:45:02.965488,0 days 00:00:00.147171,-36.78947875637001,20.772828245772548,35.41196504051441,100.0,42.64184846163822,28.884913430174777,-60.136325195117706,45.92878320480998,56.98265860298072,28.694519604093333,3.0742680125317037,65.49847461037724,Unfeasible shape,GPSampler,PRUNED
2150,2150,6.0,2026-04-21 18:45:03.140917,2026-04-21 18:45:03.300116,0 days 00:00:00.159199,-36.866179421231465,21.085491474853526,34.854612256441534,100.0,42.746941816323776,29.127473216292735,-60.12300634072447,45.88149744001038,57.11970669834532,28.5461993894455,3.10477512535153,65.81476474114876,Unfeasible shape,GPSampler,PRUNED
2151,2151,6.0,2026-04-21 18:45:03.452449,2026-04-21 18:45:03.610832,0 days 00:00:00.158383,-36.790886953065666,20.933730819821903,34.87599931735805,100.0,42.811501590594396,28.908033452040634,-60.552125847752635,45.74458167659561,56.95669449819532,28.595456632830352,3.0946010309521625,65.59268996278007,Unfeasible shape,GPSampler,PRUNED
2152,2152,6.0,2026-04-21 18:45:03.794280,2026-04-21 18:45:03.952649,0 days 00:00:00.158369,-36.79792625501475,20.777250244568677,34.72780305701065,100.0,42.68628417097675,28.852415817123045,-60.2257766300723,46.006946273332154,57.262758135895396,28.41544645642508,3.0904504536246833,65.77616857485602,Unfeasible shape,GPSampler,PRUNED
2153,2153,6.0,2026-04-21 18:45:04.113310,2026-04-21 18:45:04.240307,0 days 00:00:00.126997,-36.68835736290755,21.23702590593238,34.426732318772686,100.0,42.98047556022523,28.362182531263834,-60.44856171344496,46.080038933816766,56.831880425680176,28.815522296511205,3.101298500062626,65.75350518409122,Unfeasible shape,GPSampler,PRUNED
2154,2154,6.0,2026-04-21 18:45:04.439910,2026-04-21 18:45:04.607346,0 days 00:00:00.167436,-36.666920567763775,20.958446278383636,34.452357833793585,100.0,42.54702569426931,29.814718188216723,-60.575983500691706,45.77886861979706,57.40704611564311,28.820809153595956,3.204199242004144,66.29706340146686,Unfeasible shape,GPSampler,PRUNED
2155,2155,6.0,2026-04-21 18:45:04.762566,2026-04-21 18:45:04.915257,0 days 00:00:00.152691,-36.792341638199396,21.267364068664563,34.34368477737297,100.0,43.03143514522972,29.12419340613865,-60.393921219670965,45.985022605514416,57.27337843757379,28.062248130211835,3.225253211819556,66.08833081668836,Unfeasible shape,GPSampler,PRUNED
2156,2156,6.0,2026-04-21 18:45:05.074908,2026-04-21 18:45:05.231129,0 days 00:00:00.156221,-36.68934883709944,20.79213019528951,34.830954214032346,100.0,42.66665890387038,28.747781561948045,-60.31755593853517,45.58252255849477,56.91370761292467,28.476230466565006,3.1890106376131655,65.67996409985034,Unfeasible shape,GPSampler,PRUNED
2157,2157,6.0,2026-04-21 18:45:05.397283,2026-04-21 18:45:05.551424,0 days 00:00:00.154141,-36.8764322105533,21.082166984559514,34.544842622050794,100.0,41.809918056469165,28.89731542977551,-60.60031421289854,45.21518719989542,56.954443762068955,28.643351246510303,3.104305242825582,66.1632244983665,Unfeasible shape,GPSampler,PRUNED
2158,2158,6.0,2026-04-21 18:45:05.715646,2026-04-21 18:45:05.861577,0 days 00:00:00.145931,-36.80911884700263,21.135848703916395,34.69555523335178,100.0,42.7301023994778,29.085620013349796,-60.324705919880216,45.90569970245192,57.15111972859978,28.38019544324395,3.124534965654483,65.87614824022252,Unfeasible shape,GPSampler,PRUNED
2159,2159,6.0,2026-04-21 18:45:06.021992,2026-04-21 18:45:06.158631,0 days 00:00:00.136639,-36.77222478635929,21.187223145606318,34.931691634968104,100.0,42.780394375896876,28.857517972640593,-60.38254078680985,45.85402655228282,57.09032510889307,28.642122813551616,3.073005221236059,65.65920002646175,Unfeasible shape,GPSampler,PRUNED
2160,2160,6.0,2026-04-21 18:45:06.521145,2026-04-21 18:45:06.648398,0 days 00:00:00.127253,-36.77038874388836,20.851513607857466,34.81739691796429,100.0,42.98000605796938,29.147277803130628,-60.0998042991139,45.95950675241704,56.95182389656107,28.26308395326163,3.109282966310758,65.61010974579861,Unfeasible shape,GPSampler,PRUNED
2161,2161,6.0,2026-04-21 18:45:06.805584,2026-04-21 18:45:06.994275,0 days 00:00:00.188691,-36.977739788139075,20.94169330863157,34.83504027088729,100.0,43.24712469579197,29.039131898041802,-60.27970114433063,46.0478773080942,57.27187327721444,28.153673955975723,3.0827937171478794,65.47847485698016,Unfeasible shape,GPSampler,PRUNED
2162,2162,6.0,2026-04-21 18:45:07.166692,2026-04-21 18:45:07.328214,0 days 00:00:00.161522,-36.75471362250886,21.03601455452869,34.69893347529663,100.0,42.69569240892034,29.169167979947183,-60.44192622511127,45.88982038255756,57.1552164401642,28.27613190378636,3.1275866094118427,65.88053314847977,Unfeasible shape,GPSampler,PRUNED
2163,2163,6.0,2026-04-21 18:45:07.504499,2026-04-21 18:45:07.649431,0 days 00:00:00.144932,-36.83730524543072,21.026986654233305,34.71223123089673,100.0,42.46726969278806,29.091269359264707,-60.2973498915991,45.99261445559029,57.126015427924685,28.41815687073756,3.1415897088718836,65.78735361979474,Unfeasible shape,GPSampler,PRUNED
2164,2164,6.0,2026-04-21 18:45:07.947320,2026-04-21 18:45:08.106264,0 days 00:00:00.158944,-36.603641496283984,21.177207646554766,34.9517385165949,100.0,42.699482056451956,28.687043461045725,-60.25285687077141,46.03975056071688,57.05450316939089,28.59635965004673,3.0861488578500484,65.49745219046002,Unfeasible shape,GPSampler,PRUNED
2165,2165,6.0,2026-04-21 18:45:08.289968,2026-04-21 18:45:08.440930,0 days 00:00:00.150962,-36.79137612040247,20.97529608912365,34.86346108225423,100.0,42.78388399016167,28.91994349909656,-60.45705080607644,45.81465037435606,57.300216531147,28.518695400468594,3.0822152708758566,65.76509375269973,Unfeasible shape,GPSampler,PRUNED
2166,2166,6.0,2026-04-21 18:45:08.614160,2026-04-21 18:45:08.695481,0 days 00:00:00.081321,-36.82462229773727,20.614204224834026,34.37115447582423,100.0,43.411554642683335,28.793493931157755,-60.441194894028165,45.89976530555594,57.04201240673219,28.534190310120728,3.1783701382057714,65.73190547306257,Unfeasible shape,GPSampler,PRUNED
2167,2167,6.0,2026-04-21 18:45:08.863620,2026-04-21 18:45:08.987819,0 days 00:00:00.124199,-37.26628901252466,20.2244632658607,35.34825620252336,100.0,43.18344740307063,28.885998509177547,-60.42953857918057,45.70144624695003,56.958785022813565,28.897051128862692,2.934217230004613,65.11792358724625,Unfeasible shape,GPSampler,PRUNED
2168,2168,6.0,2026-04-21 18:45:09.237316,2026-04-21 18:45:09.399586,0 days 00:00:00.162270,-36.737568238409104,21.117759376583443,34.93258854705661,100.0,42.7916897131393,28.911073050866477,-60.37631520629316,45.86178462571646,57.07991391775898,28.60783133597771,3.0974351424606823,65.67649814153263,Unfeasible shape,GPSampler,PRUNED
2169,2169,6.0,2026-04-21 18:45:09.575661,2026-04-21 18:45:09.733368,0 days 00:00:00.157707,-36.69081426751779,20.946838601205428,35.06743197778296,100.0,42.83910298318715,28.817006548848916,-60.395508731953754,45.98196752356531,56.88908904952591,28.42166186326804,3.1674910567390953,65.60135397188844,Unfeasible shape,GPSampler,PRUNED
2170,2170,6.0,2026-04-21 18:45:09.918719,2026-04-21 18:45:10.078721,0 days 00:00:00.160002,-36.68992929842575,21.108551046279207,35.10471096947276,100.0,42.70405536437782,29.092993252255255,-60.25966089885625,46.009803726326396,57.153925474085966,28.38971738654567,3.067184540079964,65.55874495618282,Unfeasible shape,GPSampler,PRUNED
2171,2171,6.0,2026-04-21 18:45:10.236979,2026-04-21 18:45:10.415691,0 days 00:00:00.178712,-36.65404926129987,21.509587641105355,34.25385553945985,100.0,43.08153098139219,29.87168480499073,-60.695564039313396,46.17976351843799,57.202467989909785,27.990600217489646,3.428241764230094,66.66796394792257,Unfeasible shape,GPSampler,PRUNED
2172,2172,6.0,2026-04-21 18:45:10.582935,2026-04-21 18:45:10.757826,0 days 00:00:00.174891,-36.80396813823577,21.107410246730367,34.80078187789301,100.0,42.794181954457905,28.936676006712865,-60.40386786948614,45.96205023159133,57.199462439691395,28.505256297528184,3.092940470399114,65.64315066297598,Unfeasible shape,GPSampler,PRUNED
2173,2173,6.0,2026-04-21 18:45:10.946642,2026-04-21 18:45:11.090079,0 days 00:00:00.143437,-36.78986868478192,20.924578943417362,34.91643420378324,100.0,42.75535424299919,28.932112085753623,-60.31025864909997,45.88579689255924,57.12562120534256,28.590339802095407,3.095958783908088,65.67752746644334,Unfeasible shape,GPSampler,PRUNED
2174,2174,6.0,2026-04-21 18:45:11.285323,2026-04-21 18:45:11.428291,0 days 00:00:00.142968,-36.80194996048987,21.07865717789019,34.795765787107825,100.0,42.7732752630217,28.987123190350218,-60.36274178460053,45.95025489580264,57.169950028865955,28.50862687339981,3.125360176353901,65.78804393582415,Unfeasible shape,GPSampler,PRUNED
2175,2175,6.0,2026-04-21 18:45:11.597414,2026-04-21 18:45:11.753127,0 days 00:00:00.155713,-36.826972492598514,21.05248227198306,34.66072019425735,100.0,42.715911267725524,29.353906422722225,-60.36986809369297,45.95205403611206,57.155357403193676,28.299790431281103,3.126478922372975,65.79638240099763,Unfeasible shape,GPSampler,PRUNED
2176,2176,6.0,2026-04-21 18:45:11.915467,2026-04-21 18:45:12.076478,0 days 00:00:00.161011,-36.614259639223754,21.285699865728258,34.68669772755473,100.0,42.90289810263294,29.102853158118656,-60.27195673409285,45.8614369983863,57.1545702776432,28.25697391197263,3.237207559655097,65.76652946251649,Unfeasible shape,GPSampler,PRUNED
2177,2177,6.0,2026-04-21 18:45:12.258355,2026-04-21 18:45:12.426427,0 days 00:00:00.168072,-36.74337561801388,21.343905678205566,34.92033261716537,100.0,42.6960063216815,28.903272583715967,-60.336704886965165,46.03767738563258,57.142780630028135,28.63719806484713,3.087375651927303,65.63660647683483,Unfeasible shape,GPSampler,PRUNED
2178,2178,6.0,2026-04-21 18:45:12.637225,2026-04-21 18:45:12.799103,0 days 00:00:00.161878,-36.791117209101984,20.336668751632374,35.26386438304145,100.0,42.50914174970477,28.957642654054176,-60.38595305786632,45.98641985989486,57.05156575974585,28.988176484518227,3.0613894058162003,65.75917316571518,Unfeasible shape,GPSampler,PRUNED
2179,2179,6.0,2026-04-21 18:45:13.069966,2026-04-21 18:45:13.214687,0 days 00:00:00.144721,-36.64739269991301,20.812812168047834,34.3235235853365,100.0,42.99076374108296,28.84517349441215,-60.4310551062791,46.34673829132724,57.374128860363946,28.31272932758273,3.192513854882158,65.82568378415668,Unfeasible shape,GPSampler,PRUNED
2180,2180,6.0,2026-04-21 18:45:13.382450,2026-04-21 18:45:13.544399,0 days 00:00:00.161949,-36.82059724173284,21.105681647744653,34.729725503148224,100.0,42.64424792068182,28.94289008717169,-60.35320170238819,45.87743071909016,57.17752624505237,28.34354262299125,3.13847032776048,65.87545365070277,Unfeasible shape,GPSampler,PRUNED
2181,2181,6.0,2026-04-21 18:45:13.712645,2026-04-21 18:45:13.866305,0 days 00:00:00.153660,-36.88089166975488,20.8153478550052,34.84403191729916,100.0,42.76443015854314,29.017388364159103,-60.174340166810595,45.98567609648849,57.197382046290926,28.307849516553027,3.0933741339760346,65.64378605098689,Unfeasible shape,GPSampler,PRUNED
2182,2182,6.0,2026-04-21 18:45:14.058459,2026-04-21 18:45:14.190996,0 days 00:00:00.132537,-36.83692386037191,20.805095377418862,34.96410890419942,100.0,42.7115558143129,28.855654148769062,-60.335080997090664,45.92675792954563,57.13478278564775,28.47662793093673,3.1498866747440104,65.48249067475038,Unfeasible shape,GPSampler,PRUNED
