,number,value,datetime_start,datetime_complete,duration,params_lLegPt.rA1,params_lLegPt.rL0,params_lLegPt.rL1,params_lLegPt.rL2,params_lLegPt.x1,params_lLegPt.y1,params_sLegPt.rA1,params_sLegPt.rL0,params_sLegPt.rL1,params_sLegPt.rL2,params_sLegPt.x1,params_sLegPt.y1,user_attrs_prune,system_attrs_auto:sampler,state
2631,2631,6.0,2026-04-21 18:47:47.068627,2026-04-21 18:47:47.222754,0 days 00:00:00.154127,-36.829927724917916,20.820733799307696,34.846775846409514,100.0,42.780483913793795,28.957028401780484,-60.314857278428775,45.83117789106554,57.18511083371796,28.557338346057616,3.110529266767408,65.71764558952658,Unfeasible shape,GPSampler,PRUNED
2632,2632,6.0,2026-04-21 18:47:47.445142,2026-04-21 18:47:47.632132,0 days 00:00:00.186990,-36.71255671574522,20.954133282085188,34.900385170525,100.0,42.73680212501481,29.00653748229059,-60.52478371137752,45.78307224476715,57.07105983433967,28.557950758416414,3.1149976695134356,65.72047655406583,Unfeasible shape,GPSampler,PRUNED
2633,2633,6.0,2026-04-21 18:47:47.822918,2026-04-21 18:47:48.024939,0 days 00:00:00.202021,-36.90545649022371,20.60147341243683,35.172455621951016,100.0,42.40816398982692,28.06724647362575,-60.40270032129164,46.47489485460343,57.30829491519458,29.083116561877535,3.1092924913235294,65.93793665238971,Unfeasible shape,GPSampler,PRUNED
2634,2634,6.0,2026-04-21 18:47:48.217711,2026-04-21 18:47:48.391858,0 days 00:00:00.174147,-36.86150937911349,20.803004293089113,34.939431438326594,100.0,43.07717832987453,28.91547612137007,-60.33945483465044,45.9906828833684,57.15550654145968,28.121746061533862,3.0681621180332073,65.49465162823216,Unfeasible shape,GPSampler,PRUNED
2635,2635,6.0,2026-04-21 18:47:48.795169,2026-04-21 18:47:49.147196,0 days 00:00:00.352027,-36.86262800657001,21.471406641672864,34.91750156385126,100.0,42.677263847726,28.976867485133013,-60.064422617906246,46.35665340620926,57.2180319426832,28.28713994740054,3.0505198042310937,65.34128486765434,Unfeasible shape,GPSampler,PRUNED
2636,2636,6.0,2026-04-21 18:47:49.356578,2026-04-21 18:47:49.513561,0 days 00:00:00.156983,-36.77859384084009,21.01053794819255,34.834190465511625,100.0,42.72632107747311,29.012823163549164,-60.32636805552778,45.9778100699781,57.103948140436344,28.478779770200497,3.102645596695403,65.63456466989493,Unfeasible shape,GPSampler,PRUNED
2637,2637,6.0,2026-04-21 18:47:49.667086,2026-04-21 18:47:49.866047,0 days 00:00:00.198961,-36.904666390981205,20.900165017300047,34.571925733682406,100.0,42.903078158857596,29.113849613148233,-59.996409364009374,45.934761138903745,57.18248376558167,28.56807140391868,3.246300308905923,66.19425325904866,Unfeasible shape,GPSampler,PRUNED
2638,2638,6.0,2026-04-21 18:47:50.025263,2026-04-21 18:47:50.186077,0 days 00:00:00.160814,-36.62799652109494,20.893468254795607,34.84622569840625,100.0,42.81694874732437,28.537729064345413,-60.460586298938765,46.29588292632261,57.21281402230232,28.609079884712948,3.0095684216899414,65.77711532512733,Unfeasible shape,GPSampler,PRUNED
2639,2639,6.0,2026-04-21 18:47:50.344376,2026-04-21 18:47:50.489346,0 days 00:00:00.144970,-36.56238102433096,21.208161516014393,34.23096292745177,100.0,42.46721408001238,29.052593137055958,-60.31725513757917,45.539242415638775,57.4101901141243,28.29089865931187,3.2882006202112493,66.09392830510967,Unfeasible shape,GPSampler,PRUNED
2640,2640,6.0,2026-04-21 18:47:50.664355,2026-04-21 18:47:50.806932,0 days 00:00:00.142577,-36.76480629873321,21.058580353409816,34.78567223635369,100.0,42.83955475909621,29.136398611665122,-60.444197099994724,45.99860533628694,57.14170042607541,28.397339515195085,3.116124036066651,65.67952856814685,Unfeasible shape,GPSampler,PRUNED
2641,2641,6.0,2026-04-21 18:47:51.006483,2026-04-21 18:47:51.162939,0 days 00:00:00.156456,-36.767237001132024,21.183724402290125,34.76074994996131,100.0,42.785505137251675,29.11783690803992,-60.41135567119908,45.791127772840085,57.2254934617144,28.286935815414136,3.089639794706919,65.6234600021431,Unfeasible shape,GPSampler,PRUNED
2642,2642,6.0,2026-04-21 18:47:51.335674,2026-04-21 18:47:51.518017,0 days 00:00:00.182343,-36.651851188275565,20.944858914102902,34.461993196267045,100.0,43.36020740244979,29.28062969079639,-60.676041926838195,46.14476719581994,56.89440598645191,28.06214915356596,3.1038048498398325,65.79122070458392,Unfeasible shape,GPSampler,PRUNED
2643,2643,6.0,2026-04-21 18:47:51.723520,2026-04-21 18:47:51.977592,0 days 00:00:00.254072,-36.819213622046696,21.50132445235662,34.70416073222552,100.0,42.88823944754809,29.039043832356597,-60.63887940309607,45.98024814530007,57.359249526396084,28.338666083234408,3.246040275985571,65.82493906563778,Unfeasible shape,GPSampler,PRUNED
2644,2644,6.0,2026-04-21 18:47:52.161965,2026-04-21 18:47:52.356700,0 days 00:00:00.194735,-36.94276956994595,20.773421673197838,35.025394504019246,100.0,42.84800733161145,28.979832811100273,-60.27376418211775,45.921984693745735,57.172737305608855,28.569936302888706,3.087740585108314,65.6599473468728,Unfeasible shape,GPSampler,PRUNED
2645,2645,6.0,2026-04-21 18:47:52.559190,2026-04-21 18:47:52.704712,0 days 00:00:00.145522,-36.81604908724578,20.823963573495362,34.85251387317247,100.0,42.66329953699009,29.098796870652727,-60.1793815163273,46.04828584999097,57.248869681235284,28.059560264941883,3.1622033448752163,65.56054001080143,Unfeasible shape,GPSampler,PRUNED
2646,2646,6.0,2026-04-21 18:47:52.887359,2026-04-21 18:47:53.041667,0 days 00:00:00.154308,-36.79839683499704,20.96665323245784,34.79326715910318,100.0,42.667000691559785,29.02241718939404,-60.385085038156376,46.04152527494148,57.12302691666,28.441604498977114,3.088602360485652,65.7191193885399,Unfeasible shape,GPSampler,PRUNED
2647,2647,6.0,2026-04-21 18:47:53.209235,2026-04-21 18:47:53.347892,0 days 00:00:00.138657,-36.90503367626861,21.187287283670237,34.71045236178772,100.0,42.803056936409995,29.154112933317577,-60.40915635329201,46.07927179892913,57.18338619431205,28.15361114281934,3.1677764234223957,65.70234260393566,Unfeasible shape,GPSampler,PRUNED
2648,2648,6.0,2026-04-21 18:47:53.514757,2026-04-21 18:47:53.640739,0 days 00:00:00.125982,-36.71858248394568,20.766296697103932,34.885083921256125,100.0,42.87409257272459,29.124830986051926,-60.46550809884708,45.88473456222177,57.00323733981443,28.361873078085377,3.061888625087491,65.30155857189435,Unfeasible shape,GPSampler,PRUNED
2649,2649,6.0,2026-04-21 18:47:53.814772,2026-04-21 18:47:53.957511,0 days 00:00:00.142739,-36.72970039431455,21.069898247290944,34.846234068077855,100.0,42.682362412963734,29.069856023809535,-60.39897002698284,45.93651985784112,57.086481192931686,28.422554956837484,3.0999240309824216,65.5946303518015,Unfeasible shape,GPSampler,PRUNED
2650,2650,6.0,2026-04-21 18:47:54.125107,2026-04-21 18:47:54.249300,0 days 00:00:00.124193,-36.84540055005138,21.027688289945328,34.695148066609946,100.0,42.687312105624464,28.742868236714806,-60.29968725658394,46.021629547865174,57.25965418157397,28.335244929248315,3.1088587108048884,65.84037989202274,Unfeasible shape,GPSampler,PRUNED
2651,2651,6.0,2026-04-21 18:47:54.438084,2026-04-21 18:47:54.604822,0 days 00:00:00.166738,-36.76623235954955,20.96476442116758,34.845671375551575,100.0,42.58606009405809,29.183050371153847,-60.39315752409135,45.89570707874626,57.117212035282904,28.2383648584977,3.1410989747637714,65.71565533106049,Unfeasible shape,GPSampler,PRUNED
2652,2652,6.0,2026-04-21 18:47:54.784648,2026-04-21 18:47:54.940596,0 days 00:00:00.155948,-36.82865866353003,20.89275975954952,34.86942916791173,100.0,42.817393163614994,29.141292872446662,-60.417422887730424,45.73809915292662,57.100327960890745,28.547700541134173,3.115467468763029,65.72041503486803,Unfeasible shape,GPSampler,PRUNED
2653,2653,6.0,2026-04-21 18:47:55.108545,2026-04-21 18:47:55.373893,0 days 00:00:00.265348,-36.647353543251384,20.84492608438048,35.0975753471828,100.0,42.48192658566921,29.08385188722489,-60.38641382059619,45.70088286946785,56.85409768297748,28.255228788828564,3.07119936545471,65.46779026056684,Unfeasible shape,GPSampler,PRUNED
2654,2654,6.0,2026-04-21 18:47:55.691875,2026-04-21 18:47:55.836285,0 days 00:00:00.144410,-36.797969261695386,20.95993539465481,34.76430120032711,100.0,42.87634387293294,29.0267724529216,-60.38743055840792,45.906585597935475,57.16557795446595,28.351626525046235,3.100061543441285,65.62770184051367,Unfeasible shape,GPSampler,PRUNED
2655,2655,6.0,2026-04-21 18:47:56.009187,2026-04-21 18:47:56.161920,0 days 00:00:00.152733,-36.75681996089364,20.98036324876067,34.68529265266856,100.0,42.4276713356039,28.91533714533987,-60.36157025083912,45.998855751601155,57.272030924879694,28.339382634461234,3.126947047273177,65.87039130735799,Unfeasible shape,GPSampler,PRUNED
2656,2656,6.0,2026-04-21 18:47:56.317036,2026-04-21 18:47:56.449876,0 days 00:00:00.132840,-36.71116006431601,21.31610336050331,34.88532024305866,100.0,42.84259433619739,29.036898505545004,-60.32125630832379,46.02397543818024,57.21624210421907,28.4672965163035,3.1048374995701025,65.76920450011553,Unfeasible shape,GPSampler,PRUNED
2657,2657,6.0,2026-04-21 18:47:56.633869,2026-04-21 18:47:56.733852,0 days 00:00:00.099983,-37.03091437847719,21.408185761635444,34.9560439351604,100.0,42.97149331711598,29.365477501120516,-60.560226042562874,45.81999258676027,57.38470065296201,28.311467939366317,3.0889475710435548,66.24159453093644,Unfeasible shape,GPSampler,PRUNED
2658,2658,6.0,2026-04-21 18:47:56.895155,2026-04-21 18:47:57.108961,0 days 00:00:00.213806,-36.74468314616029,20.799705837331587,34.93849815665816,100.0,42.85943148897629,28.77586780542797,-60.29187565165874,45.86650453446304,56.87284937670257,28.734534082801172,3.101965178783267,65.65529711074579,Unfeasible shape,GPSampler,PRUNED
2659,2659,6.0,2026-04-21 18:47:57.296397,2026-04-21 18:47:57.453577,0 days 00:00:00.157180,-36.72385589197247,21.398458780382377,35.14115499720591,100.0,42.954101300735,28.718345479243844,-60.280143118357174,46.051728854898634,57.342723507585674,28.48289243964494,3.1156889307821345,65.7686194011406,Unfeasible shape,GPSampler,PRUNED
2660,2660,6.0,2026-04-21 18:47:57.670980,2026-04-21 18:47:57.825963,0 days 00:00:00.154983,-36.844889683325576,20.55184097342422,34.83790125367616,100.0,42.91788487779625,28.99180414951897,-60.25444595010136,45.86150672377181,57.235550360218156,28.55604473542413,3.1312458365220195,65.92695506604548,Unfeasible shape,GPSampler,PRUNED
2661,2661,6.0,2026-04-21 18:47:57.992084,2026-04-21 18:47:58.149974,0 days 00:00:00.157890,-36.78455715986926,20.86048187052657,34.87441454113778,100.0,42.7552571312707,29.09038880097595,-60.32598087011533,45.980181729712704,57.17733116738118,28.395075543579566,3.095028001740772,65.72043871646851,Unfeasible shape,GPSampler,PRUNED
2662,2662,6.0,2026-04-21 18:47:58.349027,2026-04-21 18:47:58.538482,0 days 00:00:00.189455,-36.738846272375824,21.29365802456384,34.70630485521631,100.0,42.653280431396226,29.104158510793,-60.332211816079095,45.96533831510463,57.258989695558114,28.677979412333592,3.0784185364269305,65.6476162716657,Unfeasible shape,GPSampler,PRUNED
2663,2663,6.0,2026-04-21 18:47:58.751679,2026-04-21 18:47:58.893662,0 days 00:00:00.141983,-36.73016710743523,20.961014156863754,34.90644683029044,100.0,42.61803731084941,29.13794318811103,-60.32779547590519,46.035101544648214,57.16514558038028,28.342521424131142,3.0868535910114403,65.51919957143775,Unfeasible shape,GPSampler,PRUNED
2664,2664,6.0,2026-04-21 18:47:59.173253,2026-04-21 18:47:59.347838,0 days 00:00:00.174585,-36.90042421692464,20.689298476381857,34.826407342069345,100.0,42.90117022296313,29.4751129006478,-60.16918036902028,45.640652284549695,57.1524846150484,28.752475111526913,3.151460202314972,65.82563457313769,Unfeasible shape,GPSampler,PRUNED
2665,2665,6.0,2026-04-21 18:47:59.512653,2026-04-21 18:47:59.702311,0 days 00:00:00.189658,-36.71739477911985,21.198208708686202,34.80136331314607,100.0,42.81267481823209,29.064873193766076,-60.35134307763876,45.870472932715565,57.06547793774194,28.29252515052971,3.1490089497156504,65.60695378479305,Unfeasible shape,GPSampler,PRUNED
2666,2666,6.0,2026-04-21 18:47:59.884959,2026-04-21 18:48:00.027080,0 days 00:00:00.142121,-36.663704259951814,21.08496434108945,34.680233817475326,100.0,42.57926103241792,29.3036245154233,-60.51461469248099,45.73001733873806,57.08095198816569,28.459472959032762,3.2010600880340405,65.78201784249431,Unfeasible shape,GPSampler,PRUNED
2667,2667,6.0,2026-04-21 18:48:00.200284,2026-04-21 18:48:00.310425,0 days 00:00:00.110141,-36.77398202427727,20.90999628623955,34.71882877472805,100.0,42.8087071145013,29.11622199462137,-60.28561639535702,45.9127573737467,56.94159482529494,28.368713640188698,3.1381679655798393,65.7429965905377,Unfeasible shape,GPSampler,PRUNED
2668,2668,6.0,2026-04-21 18:48:00.477597,2026-04-21 18:48:00.635218,0 days 00:00:00.157621,-36.750845544229065,21.2705679155701,35.04642426205555,100.0,42.73835221691139,28.953964659005457,-60.368666471800545,45.89548025850144,57.28612769648347,28.418021427352603,3.1066141415940223,65.77284363120285,Unfeasible shape,GPSampler,PRUNED
2669,2669,6.0,2026-04-21 18:48:00.838203,2026-04-21 18:48:01.011654,0 days 00:00:00.173451,-36.99362096150934,20.741947218103356,34.01124784823356,100.0,42.60947691627802,29.77112734166394,-60.76915975052139,45.859195574685046,57.3040580643288,28.260304159030813,3.1310180188248466,65.49612339092897,Unfeasible shape,GPSampler,PRUNED
2670,2670,6.0,2026-04-21 18:48:01.296432,2026-04-21 18:48:01.461322,0 days 00:00:00.164890,-36.892723828800435,20.79199917809092,34.485631641127355,100.0,42.959418055453305,29.39185995973873,-60.36152426670806,45.49654141716082,57.108569262819415,28.386878291518013,3.1959158965670156,66.27937941746421,Unfeasible shape,GPSampler,PRUNED
2671,2671,6.0,2026-04-21 18:48:01.675404,2026-04-21 18:48:01.833375,0 days 00:00:00.157971,-36.75622444901804,21.041914937961028,34.647160632424,100.0,42.81546554181252,29.169332956776252,-60.37066340104949,45.83460698441738,57.15794380033374,28.386020675939104,3.124739956506666,65.63438995966226,Unfeasible shape,GPSampler,PRUNED
2672,2672,6.0,2026-04-21 18:48:02.023374,2026-04-21 18:48:02.277351,0 days 00:00:00.253977,-36.86259442340814,21.55787534701956,35.00513036840748,100.0,43.11368871807606,29.152988073389274,-60.322996883985965,45.42688772079576,57.01372091779358,28.34867275219052,3.1362894731152053,65.79208372171196,Unfeasible shape,GPSampler,PRUNED
2673,2673,6.0,2026-04-21 18:48:02.445088,2026-04-21 18:48:02.646835,0 days 00:00:00.201747,-36.77699896278586,20.92109965923837,35.0618738663329,100.0,42.67917428839002,28.834150265973065,-60.38357405091297,45.99604342442082,57.174554158005016,28.529470065888514,3.068711093342394,65.54241039744215,Unfeasible shape,GPSampler,PRUNED
2674,2674,6.0,2026-04-21 18:48:02.825575,2026-04-21 18:48:02.966760,0 days 00:00:00.141185,-36.74951442063962,21.453002839952518,34.3406998987987,100.0,42.60113631289153,29.13906178099417,-60.634775090943194,46.04195372354434,57.25476700327617,28.29482226490875,3.2502675888364507,65.85209431187076,Unfeasible shape,GPSampler,PRUNED
2675,2675,6.0,2026-04-21 18:48:03.173663,2026-04-21 18:48:03.285178,0 days 00:00:00.111515,-36.73874687478584,21.07001104917395,34.90823495932433,100.0,42.734745913998246,28.91591191344901,-60.38997404674287,45.97749627468069,57.10400624815439,28.583305850648713,3.037936486048693,65.58306635069151,Unfeasible shape,GPSampler,PRUNED
2676,2676,6.0,2026-04-21 18:48:03.528702,2026-04-21 18:48:03.692144,0 days 00:00:00.163442,-36.757185878173836,21.120643076976144,34.843533715823504,100.0,42.85916293207808,28.95369853468319,-60.3138677635512,45.867702950702984,57.20717910940028,28.562907408322097,3.1250143643503137,65.63740402013983,Unfeasible shape,GPSampler,PRUNED
2677,2677,6.0,2026-04-21 18:48:03.850917,2026-04-21 18:48:03.985990,0 days 00:00:00.135073,-36.847166437973826,20.31264407937769,35.36541351261181,100.0,42.56731916611362,29.28173169510555,-60.34732546214045,45.480776337406326,57.141717862461,28.22259418971721,3.000591988702631,65.51889704178619,Unfeasible shape,GPSampler,PRUNED
2678,2678,6.0,2026-04-21 18:48:04.169395,2026-04-21 18:48:04.436727,0 days 00:00:00.267332,-36.84978006704133,21.354435347903255,35.135839726394096,100.0,42.434601532289946,29.57011746239455,-60.26219809213969,46.40503025302209,57.399996487711476,28.522579162168977,3.1291935473860093,65.69837185702472,Unfeasible shape,GPSampler,PRUNED
2679,2679,6.0,2026-04-21 18:48:04.611572,2026-04-21 18:48:04.764809,0 days 00:00:00.153237,-36.762624731721104,21.045936041421598,34.71911481231369,100.0,42.745249805253074,29.03043720229364,-60.36114098596198,45.98030052773823,57.185424176907944,28.26874155405652,3.0945900521711636,65.64017227203794,Unfeasible shape,GPSampler,PRUNED
2680,2680,6.0,2026-04-21 18:48:04.997656,2026-04-21 18:48:05.154216,0 days 00:00:00.156560,-36.8065765986931,21.164300837013094,34.74158294824187,100.0,42.765992966608515,28.989110340284284,-60.43922486825607,45.92191114518998,57.17874200020333,28.56690679381582,3.1076870149907876,65.68767103502812,Unfeasible shape,GPSampler,PRUNED
2681,2681,6.0,2026-04-21 18:48:05.356374,2026-04-21 18:48:05.525401,0 days 00:00:00.169027,-36.73027627290528,20.65252143917549,34.76025977760375,100.0,42.63697232625481,29.170046996479968,-60.40982034334838,46.03856949755028,57.250808177794426,28.192793132782693,3.1619286919046488,65.816953593419,Unfeasible shape,GPSampler,PRUNED
2682,2682,6.0,2026-04-21 18:48:05.699039,2026-04-21 18:48:05.848040,0 days 00:00:00.149001,-36.70004479902459,20.87401006169549,35.11294494122089,100.0,42.70232018828334,28.622956994066158,-60.31121369792092,45.75640094039025,57.037828617642326,28.17774350862825,3.054898683690176,65.56506251119389,Unfeasible shape,GPSampler,PRUNED
2683,2683,6.0,2026-04-21 18:48:06.112122,2026-04-21 18:48:06.288538,0 days 00:00:00.176416,-36.88292316114174,20.910432377183074,35.26355649154239,100.0,42.86828253079722,29.052415892875686,-60.3854007851212,46.287527993238115,56.85415615193577,28.668292554787115,3.0383164518116956,65.55586989923947,Unfeasible shape,GPSampler,PRUNED
2684,2684,6.0,2026-04-21 18:48:06.479329,2026-04-21 18:48:06.709771,0 days 00:00:00.230442,-36.68468835750901,21.102202442430496,34.7963303522507,100.0,42.696104057302506,29.31946822442768,-60.45024463500302,45.91900420724989,57.11481950870967,28.348448847558032,3.1873742982113384,65.86790647792135,Unfeasible shape,GPSampler,PRUNED
2685,2685,6.0,2026-04-21 18:48:06.879946,2026-04-21 18:48:06.984128,0 days 00:00:00.104182,-36.57008326330748,20.908591718398338,34.72005078062925,100.0,42.437802582286935,29.430713977774488,-60.061179726456324,46.36659364638367,56.827611858062355,28.5405027040039,3.122597070978685,65.8076265457444,Unfeasible shape,GPSampler,PRUNED
2686,2686,6.0,2026-04-21 18:48:07.190915,2026-04-21 18:48:07.350268,0 days 00:00:00.159353,-36.72813380744258,20.890307683625025,34.71495363838176,100.0,42.795033499727516,28.68095668326243,-60.36187100931512,45.994823230995735,57.26814771365084,28.684532315986765,3.0426198340790975,65.48623939488806,Unfeasible shape,GPSampler,PRUNED
2687,2687,6.0,2026-04-21 18:48:07.524433,2026-04-21 18:48:07.676372,0 days 00:00:00.151939,-36.74770083853375,20.973095059918798,34.89554870660988,100.0,42.702955027274044,28.94097430663132,-60.35457848057128,45.969304055731534,57.14243676788584,28.526292011146374,3.083983850599367,65.58834449749747,Unfeasible shape,GPSampler,PRUNED
2688,2688,6.0,2026-04-21 18:48:07.870672,2026-04-21 18:48:08.007218,0 days 00:00:00.136546,-36.76005353021637,21.451202365889316,34.70363322190566,100.0,43.10291735662401,29.97100128284964,-60.60651524422448,45.64343960008563,56.95617049119074,28.034210180883676,3.249133459825927,66.06168281572916,Unfeasible shape,GPSampler,PRUNED
2689,2689,6.0,2026-04-21 18:48:08.173615,2026-04-21 18:48:08.330337,0 days 00:00:00.156722,-36.74388189940123,21.24830817478977,34.71944550607275,100.0,42.688152148261985,29.168533051936393,-60.280366605988675,46.08936994663603,57.21405106359848,28.366320983613388,3.159690641786568,65.90497703172542,Unfeasible shape,GPSampler,PRUNED
2690,2690,6.0,2026-04-21 18:48:08.600617,2026-04-21 18:48:08.747780,0 days 00:00:00.147163,-36.67372594087646,20.815246712980617,34.76392407552673,100.0,42.7578599609009,29.119119110562565,-60.34341670977733,45.74227503247053,57.11898371293004,28.335702802992472,3.129467855541101,65.70988604907753,Unfeasible shape,GPSampler,PRUNED
2691,2691,6.0,2026-04-21 18:48:08.974973,2026-04-21 18:48:09.181099,0 days 00:00:00.206126,-36.70739274888773,20.75693662049608,34.83329324460148,100.0,42.86760255100356,28.873022479609965,-60.16885577026031,45.44271858283518,57.056191470648045,28.548660458131636,3.1373893522907252,65.65743978254264,Unfeasible shape,GPSampler,PRUNED
2692,2692,6.0,2026-04-21 18:48:09.351822,2026-04-21 18:48:09.486900,0 days 00:00:00.135078,-36.720269184104524,21.19540973525232,35.289258273103634,100.0,42.79389116774343,29.113152659279706,-60.43006030314135,45.883613614402236,57.15141322753911,28.714823468423287,3.0740556428121977,65.48062386005176,Unfeasible shape,GPSampler,PRUNED
2693,2693,6.0,2026-04-21 18:48:09.693787,2026-04-21 18:48:09.829457,0 days 00:00:00.135670,-36.78916969971072,21.11160572968506,35.011200758062806,100.0,42.872360462881495,28.91288345301833,-60.568961965011844,45.79405411672391,57.01951917572567,28.58184011916125,3.089615394331233,65.59292688568043,Unfeasible shape,GPSampler,PRUNED
2694,2694,6.0,2026-04-21 18:48:10.090121,2026-04-21 18:48:10.220926,0 days 00:00:00.130805,-36.72150086843596,20.992082764201783,34.95986751589281,100.0,42.74192989317209,28.930455806658593,-60.28591283885522,45.67383163887724,57.10651666673533,28.39128165549872,3.0808251197163017,65.57764630410853,Unfeasible shape,GPSampler,PRUNED
