,number,value,datetime_start,datetime_complete,duration,params_lLegPt.rA1,params_lLegPt.rL0,params_lLegPt.rL1,params_lLegPt.rL2,params_lLegPt.x1,params_lLegPt.y1,params_sLegPt.rA1,params_sLegPt.rL0,params_sLegPt.rL1,params_sLegPt.rL2,params_sLegPt.x1,params_sLegPt.y1,user_attrs_prune,system_attrs_auto:sampler,state
3015,3015,6.0,2026-04-21 18:50:02.684087,2026-04-21 18:50:02.825665,0 days 00:00:00.141578,-36.72990706284866,20.78923326357607,34.776900666768405,100.0,42.96084777948616,28.987883900118362,-60.748786575432305,46.00244749501731,57.330235309681925,28.462814383140028,3.081431591323856,65.39869118130929,Unfeasible shape,GPSampler,PRUNED
3016,3016,6.0,2026-04-21 18:50:03.001653,2026-04-21 18:50:03.133482,0 days 00:00:00.131829,-36.81203639773615,21.076095668623093,34.72013595204205,100.0,42.8101071114038,29.03418929903141,-60.38634176879608,45.9778865435685,57.127348271854444,28.355263934153747,3.1281715386045335,65.7164553336914,Unfeasible shape,GPSampler,PRUNED
3017,3017,6.0,2026-04-21 18:50:03.309599,2026-04-21 18:50:03.453455,0 days 00:00:00.143856,-36.553328616869955,20.97484189755854,35.053721697982155,100.0,42.63760126484564,29.187848157444478,-60.44964572550791,46.054595705995055,57.18715133295515,28.515189927920183,3.0798023862975583,65.58990004881484,Unfeasible shape,GPSampler,PRUNED
3018,3018,6.0,2026-04-21 18:50:03.613862,2026-04-21 18:50:03.763138,0 days 00:00:00.149276,-36.82062334083291,21.197476042129736,35.039183224146825,100.0,42.80653631138426,28.868678286763732,-60.36817424791415,45.914265611030594,57.14600660933324,28.593204136655075,3.02790652617972,65.43863304817367,Unfeasible shape,GPSampler,PRUNED
3019,3019,6.0,2026-04-21 18:50:04.008878,2026-04-21 18:50:04.119153,0 days 00:00:00.110275,-36.69773545583944,20.851248399809315,34.916982647343666,100.0,42.53257691996653,29.014827888147472,-60.440161435925575,45.80388202288802,57.15190867755907,28.35152021754048,3.1037693763296303,65.70950174237713,Unfeasible shape,GPSampler,PRUNED
3020,3020,6.0,2026-04-21 18:50:04.286875,2026-04-21 18:50:04.440966,0 days 00:00:00.154091,-36.742099172731514,21.34536159577494,34.262058469584474,100.0,42.72125363124895,28.99501023342154,-60.45129732322629,45.80977509542563,57.3433620602221,28.218072268252662,3.2060401419867404,65.99012119961584,Unfeasible shape,GPSampler,PRUNED
3021,3021,6.0,2026-04-21 18:50:04.610448,2026-04-21 18:50:04.737180,0 days 00:00:00.126732,-36.82259348785545,21.540184037073345,34.56911923908847,100.0,42.8707864460475,29.377544672500633,-60.46803042376723,45.8873577806988,57.260770019193856,28.228714285708175,3.2434611636648967,66.15055802048039,Unfeasible shape,GPSampler,PRUNED
3022,3022,6.0,2026-04-21 18:50:04.880334,2026-04-21 18:50:05.003780,0 days 00:00:00.123446,-36.95585814621006,21.54264057517485,34.746895625744635,100.0,42.76246772506617,28.611956823920437,-60.401314971170706,45.8786487013669,57.07908353671333,28.908340247390537,3.0972393996264103,65.52041146594752,Unfeasible shape,GPSampler,PRUNED
3023,3023,6.0,2026-04-21 18:50:05.187240,2026-04-21 18:50:05.313510,0 days 00:00:00.126270,-36.77609815476673,21.1288265221708,34.84776262777942,100.0,42.72587182473107,28.996257781431716,-60.34950344723971,45.847966390247265,57.200729849103965,28.587442090212182,3.0812226947232233,65.61767022699227,Unfeasible shape,GPSampler,PRUNED
3024,3024,6.0,2026-04-21 18:50:05.541282,2026-04-21 18:50:05.671234,0 days 00:00:00.129952,-36.87343887221238,21.155520265119797,34.95361231866119,100.0,42.83727349495353,29.038553963719757,-60.26954326290984,45.973334131358534,57.245230118675096,28.5542855837647,3.1052366956120565,65.54763937672935,Unfeasible shape,GPSampler,PRUNED
3025,3025,6.0,2026-04-21 18:50:05.822703,2026-04-21 18:50:05.965359,0 days 00:00:00.142656,-36.72980308708009,20.97771815518715,34.8931371530625,100.0,42.78293603036302,28.928849312160885,-60.3220111771349,45.869599859980625,57.09827703649405,28.43966095743112,3.147426641417205,65.77432388290292,Unfeasible shape,GPSampler,PRUNED
3026,3026,6.0,2026-04-21 18:50:06.142424,2026-04-21 18:50:06.301803,0 days 00:00:00.159379,-36.80764235123557,20.892896289572235,34.970251897902116,100.0,42.675172850296484,29.073358097373124,-60.34250083623252,45.87357917205428,57.083003651141674,28.630931652283905,3.101503215978269,65.69226554416167,Unfeasible shape,GPSampler,PRUNED
3027,3027,6.0,2026-04-21 18:50:06.466129,2026-04-21 18:50:06.586922,0 days 00:00:00.120793,-36.85423589116401,21.248679634155614,34.63894298704099,100.0,42.90804634964206,29.299988074628075,-60.19935464486798,45.70518892752046,56.834213644103706,28.898883415562118,3.1913019240007614,65.75092305407209,Unfeasible shape,GPSampler,PRUNED
3028,3028,6.0,2026-04-21 18:50:06.842891,2026-04-21 18:50:06.979997,0 days 00:00:00.137106,-36.777960794167335,20.87635040611542,34.89725749201857,100.0,42.58873967739136,29.126968231560568,-60.21533047648626,46.174082359179636,57.23284398227793,27.93542741191455,3.1423826988199224,66.01654585544135,Unfeasible shape,GPSampler,PRUNED
3029,3029,6.0,2026-04-21 18:50:07.314222,2026-04-21 18:50:07.446006,0 days 00:00:00.131784,-36.6898929213831,21.2340705493153,34.80653955042559,100.0,42.761049196162496,29.05710296230395,-60.54157831684692,45.860873451719115,57.10511269551868,28.504678804455697,3.1098142855576683,65.78093101691789,Unfeasible shape,GPSampler,PRUNED
3030,3030,6.0,2026-04-21 18:50:07.624692,2026-04-21 18:50:07.768733,0 days 00:00:00.144041,-36.857075468299854,21.08961369800985,34.73242030440639,100.0,42.59314781359545,29.198972705793167,-60.37981331704445,45.69313888356835,57.1729380082815,28.384146437998258,3.135032863157221,65.81584956474182,Unfeasible shape,GPSampler,PRUNED
3031,3031,6.0,2026-04-21 18:50:07.942256,2026-04-21 18:50:08.081892,0 days 00:00:00.139636,-36.72998275920644,21.36286921255374,34.64281510890058,100.0,43.09273023268264,29.689207267778066,-60.39247483546122,45.80675232918739,57.159446237515745,28.271186835271205,3.1612751885408272,65.84113878577843,Unfeasible shape,GPSampler,PRUNED
3032,3032,6.0,2026-04-21 18:50:08.238180,2026-04-21 18:50:08.364387,0 days 00:00:00.126207,-36.771747469717276,21.07216568707656,34.96273425003241,100.0,42.763662125984226,29.1725039235537,-60.19776177116255,45.83361208599045,56.871509571998494,28.25234041383514,3.0906119053043994,65.59492300822929,Unfeasible shape,GPSampler,PRUNED
3033,3033,6.0,2026-04-21 18:50:08.547814,2026-04-21 18:50:08.690485,0 days 00:00:00.142671,-36.82453790097026,20.977512508086466,34.77441104918303,100.0,42.62605735261989,28.951112089183262,-60.317657845866755,46.06632344611642,57.20872825889268,28.63149627167705,3.0434863386109754,65.67587897285824,Unfeasible shape,GPSampler,PRUNED
3034,3034,6.0,2026-04-21 18:50:08.856571,2026-04-21 18:50:09.045980,0 days 00:00:00.189409,-36.77082406684917,21.08063385077827,34.881404237684606,100.0,42.70507174983081,29.07176991742061,-60.42502267195917,45.89142293304046,57.180476378466174,28.590339960101673,3.0999865590932743,65.65543677109018,Unfeasible shape,GPSampler,PRUNED
3035,3035,6.0,2026-04-21 18:50:09.213405,2026-04-21 18:50:09.348216,0 days 00:00:00.134811,-36.754896724558456,21.402534403952426,34.544419020452295,100.0,42.734015522370775,28.998868675062397,-60.779013039704594,45.78323418641873,57.16726522712446,28.543288859494883,3.089702473992965,65.69546075924974,Unfeasible shape,GPSampler,PRUNED
3036,3036,6.0,2026-04-21 18:50:09.515443,2026-04-21 18:50:09.646626,0 days 00:00:00.131183,-36.688220568908086,21.349460086954615,34.66968984352051,100.0,42.80215949897905,29.159351727580805,-60.29062431212202,45.85158322343781,57.130675864041066,28.08054918701046,3.220658828583211,66.28756313226458,Unfeasible shape,GPSampler,PRUNED
3037,3037,6.0,2026-04-21 18:50:09.807969,2026-04-21 18:50:10.047232,0 days 00:00:00.239263,-36.903641245698374,20.998318876777546,34.5212163100283,100.0,42.73704043034015,29.099181624440156,-60.47184548628047,45.913253918464534,57.35338227158489,28.444962399875298,3.1650671993284547,65.89016212995449,Unfeasible shape,GPSampler,PRUNED
3038,3038,6.0,2026-04-21 18:50:10.313989,2026-04-21 18:50:10.462804,0 days 00:00:00.148815,-36.83859821762967,20.90491609395805,34.64102567010896,100.0,42.740921825272444,29.219727931149635,-60.28734416434252,45.966761326048285,57.067164081458294,28.213255968042635,3.1205828210428592,65.99691993723914,Unfeasible shape,GPSampler,PRUNED
3039,3039,6.0,2026-04-21 18:50:10.657016,2026-04-21 18:50:10.783667,0 days 00:00:00.126651,-36.66334066459411,20.881311509042,34.430506759188916,100.0,42.870719812480644,29.57024707642796,-60.69288828788351,45.39739380300909,56.96438805415896,28.41384068036459,3.263095984582911,66.09499816652112,Unfeasible shape,GPSampler,PRUNED
3040,3040,6.0,2026-04-21 18:50:10.952117,2026-04-21 18:50:11.110620,0 days 00:00:00.158503,-36.80635214985242,21.950386371183043,34.42056798342801,100.0,43.296431358480305,29.348567605790763,-60.2431672213318,45.70813344255685,57.57641080949222,28.719323276819615,3.2782156460184453,66.17693021732616,Unfeasible shape,GPSampler,PRUNED
3041,3041,6.0,2026-04-21 18:50:11.294036,2026-04-21 18:50:11.515790,0 days 00:00:00.221754,-36.77761403944455,21.026842174967747,34.700117242523035,100.0,42.90651239444128,28.920862651949264,-60.419597628950385,45.77820024479893,57.062584533211584,28.510777283396184,3.079659383931542,65.84882157469808,Unfeasible shape,GPSampler,PRUNED
3042,3042,6.0,2026-04-21 18:50:11.701838,2026-04-21 18:50:11.902412,0 days 00:00:00.200574,-36.6638084945039,20.88350154588809,34.37869711910369,100.0,42.53136316261184,29.465756179497056,-60.33129170778148,46.43708450326557,57.51238422282045,27.74152082712633,3.1842539502593112,66.04446786027391,Unfeasible shape,GPSampler,PRUNED
3043,3043,6.0,2026-04-21 18:50:12.080023,2026-04-21 18:50:12.238033,0 days 00:00:00.158010,-36.81861918455848,20.871156362070792,34.512154410034796,100.0,42.7529665939166,29.13443099796786,-60.58507255673459,45.85217282156151,57.21190059832104,28.37716277491775,3.158311539126977,65.81536227477417,Unfeasible shape,GPSampler,PRUNED
3044,3044,6.0,2026-04-21 18:50:12.407433,2026-04-21 18:50:12.549715,0 days 00:00:00.142282,-36.80430778994592,20.93739518422384,34.77256753273562,100.0,42.75603762481555,29.008633154835465,-60.285072872758874,45.96275837140282,57.15007822471467,28.434427926381957,3.1164558950352585,65.74622508036818,Unfeasible shape,GPSampler,PRUNED
3045,3045,6.0,2026-04-21 18:50:12.754293,2026-04-21 18:50:12.881012,0 days 00:00:00.126719,-36.75767939907148,21.216051854363787,34.779465272928704,100.0,42.784359572816186,29.102254256794318,-60.54785378585838,46.01528434075432,57.10603579444291,28.422546002425698,3.1236338098216905,65.72099467035369,Unfeasible shape,GPSampler,PRUNED
3046,3046,6.0,2026-04-21 18:50:13.053997,2026-04-21 18:50:13.180534,0 days 00:00:00.126537,-36.928324220611096,20.794285830648576,34.81740849747284,100.0,42.764531420712416,28.69521937405196,-60.34615519522001,45.68373412462848,56.947039781853704,28.966237056310106,3.0800414412428054,65.62728979395409,Unfeasible shape,GPSampler,PRUNED
3047,3047,6.0,2026-04-21 18:50:13.350472,2026-04-21 18:50:13.476971,0 days 00:00:00.126499,-36.84310746805811,21.635245956189884,34.5081338434339,100.0,42.828497231717584,28.942187310331775,-60.477243789673096,45.7297348404734,56.93108966066801,28.981715977917695,3.114651382755845,65.84878347126295,Unfeasible shape,GPSampler,PRUNED
3048,3048,6.0,2026-04-21 18:50:13.633939,2026-04-21 18:50:13.809010,0 days 00:00:00.175071,-36.83244769520718,21.346674625577894,34.73259663676332,100.0,42.821149117946625,29.398573228531284,-60.44027360375162,45.90169800168977,57.233642599288764,28.315428569431184,3.225259410462371,65.87160943553957,Unfeasible shape,GPSampler,PRUNED
3049,3049,6.0,2026-04-21 18:50:13.990548,2026-04-21 18:50:14.117825,0 days 00:00:00.127277,-36.781528419066085,21.215917901459704,34.80966196981922,100.0,42.716927993114496,29.018919733239763,-60.448660398216354,45.83315653238175,57.073881201423085,28.50134076470056,3.1403177015543946,65.73865277132391,Unfeasible shape,GPSampler,PRUNED
3050,3050,6.0,2026-04-21 18:50:14.315863,2026-04-21 18:50:14.441788,0 days 00:00:00.125925,-36.68661299498571,20.48645259401834,35.33378835370371,100.0,42.74699344845931,28.969862569544574,-60.285850167780616,45.94903420087386,57.134234420407395,28.53982069490164,3.0759289828443883,65.48535184697151,Unfeasible shape,GPSampler,PRUNED
3051,3051,6.0,2026-04-21 18:50:14.640346,2026-04-21 18:50:14.735051,0 days 00:00:00.094705,-36.73472207846499,21.251126060506635,34.74927477845563,100.0,42.72498160755714,28.99457595006382,-60.50605875821966,45.917767654729914,57.208728897733515,28.36993039763913,3.0838087851261875,65.60214997277342,Unfeasible shape,GPSampler,PRUNED
3052,3052,6.0,2026-04-21 18:50:14.891161,2026-04-21 18:50:15.034848,0 days 00:00:00.143687,-36.855495668463455,20.41180222534925,34.87141365200803,100.0,42.61180527773609,28.641544221481404,-60.4758516830166,45.49124272669784,57.08300326758069,28.45741253773137,3.120754884188017,65.74262342990508,Unfeasible shape,GPSampler,PRUNED
3053,3053,6.0,2026-04-21 18:50:15.327570,2026-04-21 18:50:15.534310,0 days 00:00:00.206740,-36.731311327218116,21.062792808263488,34.62468148653721,100.0,42.67189789418532,29.174769729069908,-60.29765091272755,46.23352229999649,57.27333000596932,28.163929623223016,3.2003321211341245,65.71755498149956,Unfeasible shape,GPSampler,PRUNED
3054,3054,6.0,2026-04-21 18:50:15.722038,2026-04-21 18:50:15.885951,0 days 00:00:00.163913,-36.986202706999585,20.848852450781344,34.22653601544596,100.0,42.77563095251138,29.20202429238195,-60.44479624963922,46.57284382339034,57.061445280911734,28.545141644359244,3.211213949032249,66.48541426211355,Unfeasible shape,GPSampler,PRUNED
3055,3055,6.0,2026-04-21 18:50:16.095568,2026-04-21 18:50:16.243478,0 days 00:00:00.147910,-36.819527795888895,20.667604275035057,34.76598687619298,100.0,42.454275395914394,29.047094255722016,-60.500071550720236,45.78024497981673,57.09508061815506,28.514561639159677,3.1098625492949665,65.84083828368192,Unfeasible shape,GPSampler,PRUNED
3056,3056,6.0,2026-04-21 18:50:16.392041,2026-04-21 18:50:16.503452,0 days 00:00:00.111411,-36.86317268101898,20.8192818342373,34.43364921365359,100.0,42.68353739890168,29.22822594132837,-60.24689479436451,45.98898625458162,57.26992198562548,28.267989624707223,3.208927819016651,65.93419412169517,Unfeasible shape,GPSampler,PRUNED
3057,3057,6.0,2026-04-21 18:50:16.659661,2026-04-21 18:50:16.817840,0 days 00:00:00.158179,-36.860834094369,21.165918607127466,34.65443213190126,100.0,42.79457976996616,29.159720015818806,-60.33844795074215,45.82848249189989,57.2052702677554,28.470648389548348,3.1204181547834366,65.52627655976573,Unfeasible shape,GPSampler,PRUNED
3058,3058,6.0,2026-04-21 18:50:16.987202,2026-04-21 18:50:17.113333,0 days 00:00:00.126131,-36.71862950821693,21.215081773618046,34.73484222423685,100.0,42.69954865388724,29.07185752703579,-60.60785800690374,45.806775209606684,57.04053431582789,28.39787992815771,3.0415359720432846,65.65293503149998,Unfeasible shape,GPSampler,PRUNED
3059,3059,6.0,2026-04-21 18:50:17.295463,2026-04-21 18:50:17.421890,0 days 00:00:00.126427,-36.80806808777487,20.478735597615803,34.63033337488249,100.0,42.85415695573651,29.210659693785594,-60.469403818762984,45.82996693904592,57.29793567657817,28.29069414168034,3.144978089444507,65.86938630106867,Unfeasible shape,GPSampler,PRUNED
3060,3060,6.0,2026-04-21 18:50:17.605008,2026-04-21 18:50:17.731707,0 days 00:00:00.126699,-36.61862439888756,21.051898323098676,34.6636229039962,100.0,42.64799704023342,29.265748201788064,-60.35216854145221,45.85914880717047,57.2442256368457,28.513945430601197,3.167290351902558,65.63258658337014,Unfeasible shape,GPSampler,PRUNED
3061,3061,6.0,2026-04-21 18:50:17.916760,2026-04-21 18:50:18.048286,0 days 00:00:00.131526,-36.92423828966434,21.4158257702033,34.30394669998225,100.0,43.001886195226405,29.208691768513575,-60.35936736621031,46.34614393630404,57.49577784731849,28.06535917081134,3.127631041341367,66.11536262619168,Unfeasible shape,GPSampler,PRUNED
3062,3062,6.0,2026-04-21 18:50:18.216686,2026-04-21 18:50:18.390754,0 days 00:00:00.174068,-36.777213931873995,21.361565576427083,34.64249611192136,100.0,42.85759683123176,28.970221980512626,-60.31709345628694,45.96672313976596,57.207560869183695,28.483323815126916,3.1258005111840745,65.8481334249106,Unfeasible shape,GPSampler,PRUNED
3063,3063,6.0,2026-04-21 18:50:18.589347,2026-04-21 18:50:18.781604,0 days 00:00:00.192257,-36.912005813729664,20.94947040761692,35.11990840824468,100.0,42.69080068155113,28.91155435343805,-60.29176737245574,46.30029905414117,57.15850599385192,28.90760411403793,3.0412670711001795,65.57815792698389,Unfeasible shape,GPSampler,PRUNED
3064,3064,6.0,2026-04-21 18:50:18.964029,2026-04-21 18:50:19.113996,0 days 00:00:00.149967,-36.759048876593184,20.684917703227057,35.432388330972984,100.0,42.86538872401479,28.872771846266396,-60.38956283104258,45.81282866645823,56.92620339993641,28.8413928249306,3.068350640174387,65.38018260265225,Unfeasible shape,GPSampler,PRUNED
3065,3065,6.0,2026-04-21 18:50:19.264594,2026-04-21 18:50:19.422859,0 days 00:00:00.158265,-36.984296492454746,20.437206563119993,35.048336936986885,100.0,42.57877614808652,28.88160861277057,-60.31061232699045,45.53672433619892,56.927811451365706,28.7860196862256,3.0841175516811106,65.49657075551302,Unfeasible shape,GPSampler,PRUNED
3066,3066,6.0,2026-04-21 18:50:19.590038,2026-04-21 18:50:19.736644,0 days 00:00:00.146606,-36.79308955711109,20.702632380310064,34.93623953635209,100.0,42.98872654536991,29.286627424405573,-60.38507598879747,45.701914471128866,57.048090921806875,28.664606860409943,3.141444781365742,65.72725088384298,Unfeasible shape,GPSampler,PRUNED
3067,3067,6.0,2026-04-21 18:50:19.896415,2026-04-21 18:50:20.028402,0 days 00:00:00.131987,-36.74646260350132,20.991842138462715,34.89038049190162,100.0,42.637667144558534,29.264309829165036,-60.319689899722796,45.973136923889435,57.0868665696715,28.59825454623074,3.138931374866864,65.72680625187759,Unfeasible shape,GPSampler,PRUNED
3068,3068,6.0,2026-04-21 18:50:20.200861,2026-04-21 18:50:20.391041,0 days 00:00:00.190180,-36.8043493613515,21.098344574120798,34.89333644118048,100.0,42.906546592926226,28.98829776682397,-60.34269335026846,45.65640011948895,57.05082270759929,28.403284255948023,3.064333077258439,65.53243584076718,Unfeasible shape,GPSampler,PRUNED
3069,3069,6.0,2026-04-21 18:50:20.560563,2026-04-21 18:50:20.668876,0 days 00:00:00.108313,-36.80425402272063,21.02998730368863,35.0174366777148,100.0,42.71051447947807,29.2025614638221,-60.34240623074295,45.78503962658037,57.14957180950624,28.365436072156413,3.1140137229049643,65.65226059695829,Unfeasible shape,GPSampler,PRUNED
3070,3070,6.0,2026-04-21 18:50:20.820601,2026-04-21 18:50:20.994987,0 days 00:00:00.174386,-36.86913610306765,20.424892399078757,34.9234495390178,100.0,42.68112955281229,29.15472496439331,-60.49683772306197,45.76267157187567,57.321823814082805,28.428177546509463,3.1744944615756836,66.10413724078245,Unfeasible shape,GPSampler,PRUNED
3071,3071,6.0,2026-04-21 18:50:21.168234,2026-04-21 18:50:21.312793,0 days 00:00:00.144559,-36.756337237017725,21.009394554709377,34.71772299223947,100.0,42.818408756690125,29.204643834066538,-60.38117531184845,45.90813419649806,57.08267714055215,28.379585854692124,3.1123102987331492,65.69387388689645,Unfeasible shape,GPSampler,PRUNED
3072,3072,6.0,2026-04-21 18:50:21.463956,2026-04-21 18:50:21.606431,0 days 00:00:00.142475,-36.79050503953941,20.750199423683895,34.97169649655242,100.0,42.55091519217969,28.578161395004663,-60.35677220203286,45.86009919830202,57.29222928056425,28.5205231475985,3.051332370786234,65.63612285841393,Unfeasible shape,GPSampler,PRUNED
3073,3073,6.0,2026-04-21 18:50:21.790028,2026-04-21 18:50:21.954563,0 days 00:00:00.164535,-36.96590769892345,20.681536075995716,35.18021511072142,100.0,42.28989650104844,29.174568386277265,-60.37729768873669,45.64672235508772,56.91541326316966,28.545289324254192,3.0703343327144665,65.50440673253448,Unfeasible shape,GPSampler,PRUNED
3074,3074,6.0,2026-04-21 18:50:22.117664,2026-04-21 18:50:22.281364,0 days 00:00:00.163700,-36.89047859415014,21.46285660939344,34.143861030254854,100.0,42.9974994926967,29.23057993021544,-60.337778105287654,45.90079996048305,57.24770397483471,28.10404605058176,3.1692290478450076,66.25105775686049,Unfeasible shape,GPSampler,PRUNED
3075,3075,6.0,2026-04-21 18:50:22.443677,2026-04-21 18:50:22.613051,0 days 00:00:00.169374,-36.536788241209344,21.046225409068946,34.801061386864504,100.0,43.07342649505534,28.655272765688267,-60.61417996311235,46.04223904934625,57.39719900952043,27.932493134868913,3.226777794962956,66.15156123380845,Unfeasible shape,GPSampler,PRUNED
3076,3076,6.0,2026-04-21 18:50:22.792503,2026-04-21 18:50:22.918589,0 days 00:00:00.126086,-36.74762069231192,20.845790186265646,34.98976088006721,100.0,42.695045219344124,28.960550459469808,-60.15693209409886,46.23096932123278,57.182572259399265,28.220127265781294,3.086934260877186,65.7470213905284,Unfeasible shape,GPSampler,PRUNED
3077,3077,6.0,2026-04-21 18:50:23.101735,2026-04-21 18:50:23.226878,0 days 00:00:00.125143,-36.78445309087867,21.09567784269091,34.4100347406688,99.98282306777963,42.66144869562432,28.928760181808755,-60.417338030162895,45.360980882578325,56.87705815661699,28.648044485495458,3.122455289994683,65.63536580768718,Unfeasible shape,GPSampler,PRUNED
3078,3078,6.0,2026-04-21 18:50:23.414955,2026-04-21 18:50:23.597511,0 days 00:00:00.182556,-36.82349778386888,20.885775677669027,34.648139631859635,100.0,42.60104659089,28.893052588927723,-60.546434777916815,45.925809182127516,57.164897988070024,28.498723722550267,3.082595558900344,65.53339566530997,Unfeasible shape,GPSampler,PRUNED
