,number,value,datetime_start,datetime_complete,duration,params_lLegPt.rA1,params_lLegPt.rL0,params_lLegPt.rL1,params_lLegPt.rL2,params_lLegPt.x1,params_lLegPt.y1,params_sLegPt.rA1,params_sLegPt.rL0,params_sLegPt.rL1,params_sLegPt.rL2,params_sLegPt.x1,params_sLegPt.y1,user_attrs_prune,system_attrs_auto:sampler,state
1095,1095,6.0,2026-04-21 18:39:02.470681,2026-04-21 18:39:02.632588,0 days 00:00:00.161907,-36.794754348640964,21.00142022785991,34.68042769177619,100.0,42.67249446769548,29.141984964808344,-60.346049633236674,45.96345185604844,57.26675213356633,28.216152443948257,3.107480105245507,65.79571905104775,Unfeasible shape,GPSampler,PRUNED
1096,1096,6.0,2026-04-21 18:39:02.796210,2026-04-21 18:39:02.906686,0 days 00:00:00.110476,-36.74586057930989,20.978760206041095,34.72458710083744,100.0,42.61233630747692,29.090002484591736,-60.42833348072029,46.042349037926535,57.13331831097628,28.24983259322003,3.1221051393329944,65.77532643356969,Unfeasible shape,GPSampler,PRUNED
1097,1097,6.0,2026-04-21 18:39:03.073177,2026-04-21 18:39:03.310507,0 days 00:00:00.237330,-36.82031883952947,20.935360160723224,34.81609955378046,100.0,42.815695758474504,28.970021765063024,-60.35230269109792,45.82046719139016,57.10074732959619,28.40659489810045,3.111357858673969,65.73862671880687,Unfeasible shape,GPSampler,PRUNED
1098,1098,6.0,2026-04-21 18:39:03.492907,2026-04-21 18:39:03.667682,0 days 00:00:00.174775,-36.851758680251756,21.01306558478595,34.63438566680569,100.0,42.98852493784146,28.987608512221925,-60.395398205617234,45.93220257223802,57.0944957573359,28.470381236408308,3.134297347582354,65.85052158775495,Unfeasible shape,GPSampler,PRUNED
1099,1099,6.0,2026-04-21 18:39:03.885193,2026-04-21 18:39:04.058826,0 days 00:00:00.173633,-36.90275881711418,20.992525266098063,35.0065232106983,100.0,42.68670697349741,29.02402541849061,-60.27636349739879,45.66603539046961,56.95162038082368,28.499161929491574,3.109630074207338,65.52636473905153,Unfeasible shape,GPSampler,PRUNED
1100,1100,6.0,2026-04-21 18:39:04.217040,2026-04-21 18:39:04.359352,0 days 00:00:00.142312,-36.784741825972084,20.823988858203762,34.80388189208438,100.0,42.758522082030346,29.198508123369827,-60.39610823992781,45.99264838604468,57.048341863889696,28.332316345468396,3.099858922278486,65.64063186225107,Unfeasible shape,GPSampler,PRUNED
1101,1101,6.0,2026-04-21 18:39:04.575615,2026-04-21 18:39:04.704151,0 days 00:00:00.128536,-36.79508550300452,20.95630122217403,34.64550744669815,100.0,42.82807350280481,29.172504972081164,-60.32712372847029,45.956844606188014,57.01840659441215,28.328133340105506,3.1176550873921443,65.68774637193296,Unfeasible shape,GPSampler,PRUNED
1102,1102,6.0,2026-04-21 18:39:04.854730,2026-04-21 18:39:05.065558,0 days 00:00:00.210828,-36.70346498860069,21.03553153051481,34.92326520471502,100.0,42.67125626228713,29.03922376719875,-60.341725444522694,45.933420708558835,57.01182065069093,28.42446409328981,3.1143500788129614,65.53346929443433,Unfeasible shape,GPSampler,PRUNED
1103,1103,6.0,2026-04-21 18:39:05.216975,2026-04-21 18:39:05.475527,0 days 00:00:00.258552,-36.80133691914478,21.617115549354956,34.43865391473803,100.0,42.82301999960052,29.223006330563962,-60.719930688678645,45.84513640040517,57.080602847164556,27.80267091564139,3.1738284753153536,65.9745864429086,Unfeasible shape,GPSampler,PRUNED
1104,1104,6.0,2026-04-21 18:39:05.641045,2026-04-21 18:39:05.798462,0 days 00:00:00.157417,-36.83062234658435,20.70195840090139,34.76926350449423,100.0,42.7473956176631,28.94438177120083,-60.251475609410264,45.959092112784106,57.12730455885484,28.514079674139488,3.0757521688143683,65.75997100144716,Unfeasible shape,GPSampler,PRUNED
1105,1105,6.0,2026-04-21 18:39:05.970066,2026-04-21 18:39:06.099860,0 days 00:00:00.129794,-36.874218825112685,21.249756197672994,34.407971683139934,100.0,42.437632029068695,28.925336361574345,-60.212410237895995,45.88905581149839,57.133005556928765,28.502761908443823,3.251205630715802,65.90872307502124,Unfeasible shape,GPSampler,PRUNED
1106,1106,6.0,2026-04-21 18:39:06.371985,2026-04-21 18:39:06.514460,0 days 00:00:00.142475,-36.74601995989373,21.020886211758516,34.89060593547947,100.0,42.75183571020826,28.88733456165791,-60.40644806794204,45.90246533156191,57.14489108644245,28.478465401687966,3.1095038397710226,65.54938555870466,Unfeasible shape,GPSampler,PRUNED
1107,1107,6.0,2026-04-21 18:39:06.686608,2026-04-21 18:39:06.896464,0 days 00:00:00.209856,-36.75502329458186,21.18270731837596,34.79361451622255,100.0,42.66142074675101,28.89959733860922,-60.526423671767965,46.10313481920956,57.263428737192946,28.6683913970713,3.0440533549662305,65.45412400446989,Unfeasible shape,GPSampler,PRUNED
1108,1108,6.0,2026-04-21 18:39:07.092620,2026-04-21 18:39:07.253031,0 days 00:00:00.160411,-36.79607250273159,20.987907069241764,34.89097115335309,100.0,42.88001355623992,28.888237830803853,-60.05486155087179,46.24216300797996,57.22294997801828,28.37349392740849,3.0927248722412344,65.38702380107354,Unfeasible shape,GPSampler,PRUNED
1109,1109,6.0,2026-04-21 18:39:07.396071,2026-04-21 18:39:07.540238,0 days 00:00:00.144167,-36.80588985570897,21.39255154323306,34.81143689749668,100.0,42.89166512997787,29.179709335355305,-60.26844924087209,45.922784913398885,57.24152246932579,28.36789336013582,3.2083213633608025,65.8941801545804,Unfeasible shape,GPSampler,PRUNED
1110,1110,6.0,2026-04-21 18:39:07.712567,2026-04-21 18:39:07.877793,0 days 00:00:00.165226,-36.848766702666396,21.083576523350253,34.778273761754804,100.0,43.249951831670835,29.262848178417514,-60.37786587780697,45.70696455458299,56.99708330194303,28.594839431362818,3.0504740652101248,65.43882197597993,Unfeasible shape,GPSampler,PRUNED
1111,1111,6.0,2026-04-21 18:39:08.108143,2026-04-21 18:39:08.236405,0 days 00:00:00.128262,-36.7629751964772,20.45953832240803,34.71035675567981,100.0,42.67134096576635,29.363595513511036,-60.3149958824186,45.6744935526932,57.03336854577226,28.5834969811187,3.1726099032711943,66.0631629636741,Unfeasible shape,GPSampler,PRUNED
1112,1112,6.0,2026-04-21 18:39:08.410151,2026-04-21 18:39:08.553665,0 days 00:00:00.143514,-36.83768210325245,21.39233429234214,35.13506709145719,100.0,42.75551708564192,28.86414955510159,-60.272056377161135,45.824461124925215,57.2685175940417,28.343475515837312,3.13524801056122,65.64498119959059,Unfeasible shape,GPSampler,PRUNED
1113,1113,6.0,2026-04-21 18:39:08.723983,2026-04-21 18:39:09.055593,0 days 00:00:00.331610,-36.77038793846001,20.959150225518716,35.00553926439185,100.0,42.8056314395061,28.925334664374816,-60.34411465258838,45.910303005733404,57.03118751134423,28.552820329769272,3.1032517950576946,65.57625151728062,Unfeasible shape,GPSampler,PRUNED
1114,1114,6.0,2026-04-21 18:39:09.357488,2026-04-21 18:39:09.508693,0 days 00:00:00.151205,-36.80257648532246,20.989771682086452,34.742928048132775,100.0,42.702625109184545,29.152046153493842,-60.40414987249487,45.79008318095176,57.041738982331026,28.536350642225194,3.2238176941199157,65.82698964770655,Unfeasible shape,GPSampler,PRUNED
1115,1115,6.0,2026-04-21 18:39:09.655789,2026-04-21 18:39:09.828965,0 days 00:00:00.173176,-36.85639619294465,20.394499119938388,34.74985731609269,100.0,42.84799855616393,28.870723252351063,-60.314440282263774,45.92867220006938,57.11526533791862,28.44290103785517,3.1259753555254335,65.66277070044086,Unfeasible shape,GPSampler,PRUNED
1116,1116,6.0,2026-04-21 18:39:09.982663,2026-04-21 18:39:10.117123,0 days 00:00:00.134460,-36.825085353762844,20.727271323970744,34.81902506412739,100.0,42.824201004914705,29.01222398838891,-60.400809018727045,45.97470660036416,57.1262090133111,28.37082464901125,3.0230564584718707,65.60823626225877,Unfeasible shape,GPSampler,PRUNED
1117,1117,6.0,2026-04-21 18:39:10.293730,2026-04-21 18:39:10.438496,0 days 00:00:00.144766,-36.833504574319704,21.009213972035404,34.37986755206681,100.0,42.83581336141113,29.200272545903026,-60.552364690624636,45.693589804586544,57.20886085316239,28.19969558220446,3.21682600387809,66.06268105193946,Unfeasible shape,GPSampler,PRUNED
1118,1118,6.0,2026-04-21 18:39:10.595031,2026-04-21 18:39:10.796551,0 days 00:00:00.201520,-36.74979983678805,21.192448565574217,34.829002602781046,100.0,42.58287922030987,28.916398313585482,-60.52713290316293,45.98069205500906,57.27604417076839,28.552157739548697,3.0775118655577387,65.59966070546294,Unfeasible shape,GPSampler,PRUNED
1119,1119,6.0,2026-04-21 18:39:10.963185,2026-04-21 18:39:11.117993,0 days 00:00:00.154808,-36.89633170071127,20.397548632587135,35.42082466204789,100.0,42.55028004199609,28.348308690471825,-60.19356386094729,45.42242751293218,56.78985473339203,28.764470868189285,3.047648635672644,65.32755819561466,Unfeasible shape,GPSampler,PRUNED
1120,1120,6.0,2026-04-21 18:39:11.357271,2026-04-21 18:39:11.454839,0 days 00:00:00.097568,-36.78922661891495,20.992475049074542,34.72358845707308,100.0,42.66575443230365,29.15265825772864,-60.519700062450866,45.9765849861384,57.29711940777945,28.25874348897594,3.109959544147678,65.66036920629693,Unfeasible shape,GPSampler,PRUNED
1121,1121,6.0,2026-04-21 18:39:11.605328,2026-04-21 18:39:11.728400,0 days 00:00:00.123072,-36.80472171582727,20.96093777992825,34.696450262027156,100.0,42.75503523518102,28.960335315016984,-60.41222968078375,45.93766679959184,57.13833619467417,28.49154214972744,3.127008814950827,65.74904020302745,Unfeasible shape,GPSampler,PRUNED
1122,1122,6.0,2026-04-21 18:39:11.933154,2026-04-21 18:39:12.066813,0 days 00:00:00.133659,-36.71529426853931,20.84784759266129,35.02011250036426,100.0,42.31990809161299,28.81500811286741,-60.407814995694665,45.51382698041919,57.19028562943156,28.620006143665698,3.097775195722093,65.79414852204913,Unfeasible shape,GPSampler,PRUNED
1123,1123,6.0,2026-04-21 18:39:12.320011,2026-04-21 18:39:12.515692,0 days 00:00:00.195681,-36.78482716521559,21.040333927950105,34.88696089730689,100.0,42.65996881741412,28.96322241567593,-60.43399641738216,45.767841105374146,57.04866787348404,28.667373140520898,3.095440299099401,65.70219430923086,Unfeasible shape,GPSampler,PRUNED
1124,1124,6.0,2026-04-21 18:39:12.686127,2026-04-21 18:39:12.916213,0 days 00:00:00.230086,-36.831961341375525,20.96730749157865,34.76365228937658,100.0,42.67673281421148,29.035780497521507,-60.43921090456581,45.91023018140846,57.15510496938756,28.320707201032096,3.128757336742339,65.74945966161802,Unfeasible shape,GPSampler,PRUNED
1125,1125,6.0,2026-04-21 18:39:13.070061,2026-04-21 18:39:13.236541,0 days 00:00:00.166480,-36.787161935966935,21.054202615949283,34.9432961816036,100.0,42.76907938104849,29.05813677212773,-60.332460931194866,45.83703828341964,57.13843238730263,28.60711425910638,3.1522163339331186,65.72629083133317,Unfeasible shape,GPSampler,PRUNED
1126,1126,6.0,2026-04-21 18:39:13.363371,2026-04-21 18:39:13.509574,0 days 00:00:00.146203,-36.85680344580061,20.75617884074089,34.770135557023806,100.0,42.822907206914735,28.954719391958434,-60.31755090537209,45.67754265866151,56.888696720845125,28.222236463504252,3.0863736958759773,65.78458815658459,Unfeasible shape,GPSampler,PRUNED
1127,1127,6.0,2026-04-21 18:39:13.690334,2026-04-21 18:39:13.829662,0 days 00:00:00.139328,-36.852638215095105,20.728127890810576,34.87823427695905,100.0,42.78833727926327,28.77043363666889,-60.141628989151684,45.96682126301851,57.25736231638973,28.76454908421928,3.172120762182054,65.682803311044,Unfeasible shape,GPSampler,PRUNED
1128,1128,6.0,2026-04-21 18:39:14.008425,2026-04-21 18:39:14.149611,0 days 00:00:00.141186,-36.78083580551184,20.926997422462016,35.03432990600692,100.0,42.80512902440883,28.926118046641896,-60.237054457236155,46.13870621706682,57.12636208057236,28.598598135943583,3.1050929022377005,65.92336837208143,Unfeasible shape,GPSampler,PRUNED
1129,1129,6.0,2026-04-21 18:39:14.305006,2026-04-21 18:39:14.523591,0 days 00:00:00.218585,-37.02362221763184,20.88088393306235,34.44954915384672,100.0,42.86258192354842,28.934733119737622,-60.2624832006981,45.47616528119902,56.924447890052164,28.74779897161744,3.183944283676837,66.02845609196902,Unfeasible shape,GPSampler,PRUNED
1130,1130,6.0,2026-04-21 18:39:14.744568,2026-04-21 18:39:14.845397,0 days 00:00:00.100829,-36.73537959879802,21.336039442040565,34.69400908510217,100.0,42.79621038011026,29.283877082591346,-60.80462830421915,45.66821604879764,57.214722943445096,28.639682997533367,3.1810005863707858,65.98676468667931,Unfeasible shape,GPSampler,PRUNED
1131,1131,6.0,2026-04-21 18:39:15.014831,2026-04-21 18:39:15.220380,0 days 00:00:00.205549,-36.75422446395912,20.943930490759413,34.487088443240324,100.0,42.88613465751606,29.141832996647445,-60.083361349020954,45.592117768727505,56.86003406958674,28.29592781385427,3.2602620325912923,65.78128432524605,Unfeasible shape,GPSampler,PRUNED
1132,1132,6.0,2026-04-21 18:39:15.405754,2026-04-21 18:39:15.586730,0 days 00:00:00.180976,-36.83808522747755,21.01071351356174,34.913195650564106,100.0,42.84425022679465,28.997528683125175,-60.32486084616018,46.04503135710368,57.08092288964742,28.683634040879202,3.043390305965467,65.62551908541005,Unfeasible shape,GPSampler,PRUNED
1133,1133,6.0,2026-04-21 18:39:15.769186,2026-04-21 18:39:16.035976,0 days 00:00:00.266790,-36.89326342827728,20.911413856777,34.970311904895375,100.0,42.784072841622795,28.873115489100506,-60.186924439001146,45.80632484813772,56.78744224461272,28.623184545021605,3.1501703911316667,65.77622949599163,Unfeasible shape,GPSampler,PRUNED
1134,1134,6.0,2026-04-21 18:39:16.196235,2026-04-21 18:39:16.388207,0 days 00:00:00.191972,-36.93779879610347,21.218113884264685,34.51248864417387,100.0,42.43086367082638,29.343657982335685,-60.324610810752944,45.85032689577864,57.263339074912025,28.125764903654442,3.2936982466243307,66.2064512140375,Unfeasible shape,GPSampler,PRUNED
1135,1135,6.0,2026-04-21 18:39:16.548385,2026-04-21 18:39:16.703115,0 days 00:00:00.154730,-36.723636136572935,21.261628641735903,34.95341490159636,100.0,42.880163840644336,29.820800812492656,-60.2690737171558,46.08000797157163,57.52342227312638,28.194034092051655,3.1772398095579817,65.96793922190348,Unfeasible shape,GPSampler,PRUNED
1136,1136,6.0,2026-04-21 18:39:16.842966,2026-04-21 18:39:17.063344,0 days 00:00:00.220378,-36.84302584960616,20.861484110210853,34.87467165689014,100.0,42.72236702552057,28.922604247804415,-60.401955264270455,46.07233578846248,57.33948390075994,28.52355158563471,3.0903174368832538,65.56017580480328,Unfeasible shape,GPSampler,PRUNED
1137,1137,6.0,2026-04-21 18:39:17.222129,2026-04-21 18:39:17.389660,0 days 00:00:00.167531,-36.65385431999748,20.50458871142668,35.390888720402785,99.99495930646627,43.089558990835094,28.911790149644226,-60.21195255530675,46.17859509259789,57.123499010986,28.506020595637235,3.220173696127816,65.60951277937163,Unfeasible shape,GPSampler,PRUNED
1138,1138,6.0,2026-04-21 18:39:17.566782,2026-04-21 18:39:17.719682,0 days 00:00:00.152900,-36.796911200389125,21.184886038367438,34.68610301862148,100.0,42.61920481529835,29.238449198091878,-60.3483725006259,45.72832820454678,57.10341402519178,28.339131770194296,3.12783749162395,65.75877924948561,Unfeasible shape,GPSampler,PRUNED
1139,1139,6.0,2026-04-21 18:39:17.872486,2026-04-21 18:39:18.008189,0 days 00:00:00.135703,-36.81840145374815,20.962271504178744,34.810717865847366,100.0,42.73302220601227,28.835581906061947,-60.33229399571495,46.02648615738973,57.077580834565595,28.388084307292804,3.072001259073332,65.58338629321497,Unfeasible shape,GPSampler,PRUNED
1140,1140,6.0,2026-04-21 18:39:18.232003,2026-04-21 18:39:18.372011,0 days 00:00:00.140008,-36.78110936576394,21.08931843985004,34.895332629713636,100.0,42.70121893996711,29.09784258841485,-60.292855840584636,45.835714235820625,57.10397959948793,28.427511594924436,3.138381577356867,65.77003257704341,Unfeasible shape,GPSampler,PRUNED
1141,1141,6.0,2026-04-21 18:39:18.530717,2026-04-21 18:39:18.657553,0 days 00:00:00.126836,-36.77255769260498,20.480727151580478,35.09740755617351,100.0,42.47111669339185,28.756381854281244,-60.235154600705414,45.780177427223585,57.06862356781955,28.808520192523716,3.1261588453468434,65.6267973742857,Unfeasible shape,GPSampler,PRUNED
1142,1142,6.0,2026-04-21 18:39:18.820864,2026-04-21 18:39:19.027157,0 days 00:00:00.206293,-36.84636844309214,20.80444272557124,34.65456868660412,100.0,42.79894484616744,29.070113827018652,-60.2450211017249,46.017166230880804,57.20982231843204,28.34368123926026,3.0934165883502374,65.81841742706672,Unfeasible shape,GPSampler,PRUNED
1143,1143,6.0,2026-04-21 18:39:19.201883,2026-04-21 18:39:19.435491,0 days 00:00:00.233608,-36.68734013693888,20.716882113996917,34.67727797774832,100.0,42.52704313438191,29.158160549354257,-60.38406111973825,45.926373529835104,57.315139719952136,28.41010384559215,3.0570566645210135,65.77544774122515,Unfeasible shape,GPSampler,PRUNED
1144,1144,6.0,2026-04-21 18:39:19.594243,2026-04-21 18:39:19.729283,0 days 00:00:00.135040,-36.77503811861326,21.224698752509525,34.94156354656016,100.0,42.71345147799293,28.779555322644995,-60.37072861136482,45.80034445424086,56.87714722344167,28.582941607685907,3.1361153098108687,65.63383993873612,Unfeasible shape,GPSampler,PRUNED
1145,1145,6.0,2026-04-21 18:39:20.099937,2026-04-21 18:39:20.274577,0 days 00:00:00.174640,-36.81092701448583,20.93055491575315,35.19511942809813,100.0,43.27455590951719,29.114486182641684,-59.81590681137019,46.04104459374317,57.03852885360255,28.053276503111388,3.076305645620856,65.46411086987973,Unfeasible shape,GPSampler,PRUNED
1146,1146,6.0,2026-04-21 18:39:20.451610,2026-04-21 18:39:20.635149,0 days 00:00:00.183539,-36.67642392572093,21.211209570091228,34.5328073303869,100.0,43.099440130793155,29.04526028598994,-60.39014764597462,46.01239428645099,57.3780223352396,28.644510468299128,3.113911239835936,65.759478816852,Unfeasible shape,GPSampler,PRUNED
1147,1147,6.0,2026-04-21 18:39:20.808298,2026-04-21 18:39:20.966576,0 days 00:00:00.158278,-36.80471481350254,20.825952392659886,35.124894797737596,100.0,42.84621180339153,28.913966235961595,-60.159580358033764,45.90312309038096,57.10513930792494,28.488225702480406,3.0523594110659573,65.30190938600597,Unfeasible shape,GPSampler,PRUNED
1148,1148,6.0,2026-04-21 18:39:21.143527,2026-04-21 18:39:21.267024,0 days 00:00:00.123497,-36.76864526567911,21.24362337533826,34.72085878690092,100.0,42.79833062452757,29.324657412235183,-60.121198969879416,46.27235349035562,57.359565913025804,28.222778322854694,3.119899454065255,65.81534912766288,Unfeasible shape,GPSampler,PRUNED
1149,1149,6.0,2026-04-21 18:39:21.414590,2026-04-21 18:39:21.591501,0 days 00:00:00.176911,-36.829656434721585,21.17045240375115,34.851147347443806,100.0,42.80538041110409,28.60974483212202,-60.222728175607614,46.207086891040994,57.26291352580935,28.897893381622833,3.0945558071100763,65.56782581332607,Unfeasible shape,GPSampler,PRUNED
1150,1150,6.0,2026-04-21 18:39:21.735522,2026-04-21 18:39:21.882072,0 days 00:00:00.146550,-37.17493369383179,20.856292613969195,35.16210229776389,99.60765310453888,42.158578826868855,28.59552685806807,-60.22402665943653,45.50472745746242,57.01752751394774,28.902103180475844,3.0456028470522654,65.28517834431409,Unfeasible shape,GPSampler,PRUNED
1151,1151,6.0,2026-04-21 18:39:22.088689,2026-04-21 18:39:22.233307,0 days 00:00:00.144618,-36.73446160492602,20.65161139263873,35.593107707177,100.0,42.69885937460968,28.877652461070724,-60.36633978192812,45.66058561915685,56.89450580891895,28.814429524500195,3.0271802065249744,65.25926902244449,Unfeasible shape,GPSampler,PRUNED
1152,1152,6.0,2026-04-21 18:39:22.420307,2026-04-21 18:39:22.639476,0 days 00:00:00.219169,-36.77206907403853,21.07144644784637,34.67353799087843,100.0,42.82257637185924,29.106449161944298,-60.458223183691764,45.86765040995593,57.182109334850736,28.331107365101055,3.0868413171523272,65.58417203269445,Unfeasible shape,GPSampler,PRUNED
1153,1153,6.0,2026-04-21 18:39:22.793958,2026-04-21 18:39:22.951385,0 days 00:00:00.157427,-36.8472864279429,20.93131080435407,34.78990099590756,100.0,42.977065077811694,29.046980799644132,-60.401559332357955,45.705012712247374,56.90759777438434,28.342391044663575,3.0979508729963214,65.71473170645753,Unfeasible shape,GPSampler,PRUNED
1154,1154,6.0,2026-04-21 18:39:23.137891,2026-04-21 18:39:23.366700,0 days 00:00:00.228809,-36.703873471100884,20.96077424483147,34.97112230238538,100.0,42.78819503032949,28.89280976007671,-60.33000609624466,45.96631708151912,57.01915679223547,28.556919955045807,3.0823770280050624,65.67773489678488,Unfeasible shape,GPSampler,PRUNED
1155,1155,6.0,2026-04-21 18:39:23.514501,2026-04-21 18:39:23.760180,0 days 00:00:00.245679,-36.732810526189766,20.88868679535659,35.039504626651095,100.0,42.47990622961055,29.050093761161946,-60.35015694029756,46.277654723209366,57.39936647437991,28.22494439316309,3.0453702547878123,65.19243328589133,Unfeasible shape,GPSampler,PRUNED
1156,1156,6.0,2026-04-21 18:39:23.913857,2026-04-21 18:39:24.060898,0 days 00:00:00.147041,-36.76438404343843,21.19549208631399,34.81444773555054,100.0,42.971994786707526,29.029315407354595,-60.35101708345782,45.97137145384239,57.15604083915855,28.48119720197658,3.127151906595323,65.81181165831444,Unfeasible shape,GPSampler,PRUNED
1157,1157,6.0,2026-04-21 18:39:24.243542,2026-04-21 18:39:24.377067,0 days 00:00:00.133525,-36.75218796944547,21.46885571500916,34.708114635512665,100.0,42.89133514769794,28.97188796189713,-60.661384108480945,45.91372294319135,57.229558760390994,28.5820772129936,3.097373839519001,65.62007635671408,Unfeasible shape,GPSampler,PRUNED
1158,1158,6.0,2026-04-21 18:39:24.546716,2026-04-21 18:39:24.685783,0 days 00:00:00.139067,-36.80396043128091,21.130340229692557,34.79503691268104,100.0,42.779924650397994,29.010776498156126,-60.4471546340546,45.92415879575935,57.21472129113462,28.476653893470946,3.119528301828126,65.72010950725951,Unfeasible shape,GPSampler,PRUNED
