,number,value,datetime_start,datetime_complete,duration,params_lLegPt.rA1,params_lLegPt.rL0,params_lLegPt.rL1,params_lLegPt.rL2,params_lLegPt.x1,params_lLegPt.y1,params_sLegPt.rA1,params_sLegPt.rL0,params_sLegPt.rL1,params_sLegPt.rL2,params_sLegPt.x1,params_sLegPt.y1,user_attrs_prune,system_attrs_auto:sampler,state
1415,1415,6.0,2026-04-21 18:40:51.663711,2026-04-21 18:40:51.813459,0 days 00:00:00.149748,-36.95225943520181,20.959659261170927,34.57154591096493,100.0,42.23992992575463,28.666083812140812,-60.39644395576629,45.868251864286314,57.09942734352036,28.366605448184337,3.1621094889543286,65.51891901392938,Unfeasible shape,GPSampler,PRUNED
1416,1416,6.0,2026-04-21 18:40:51.956281,2026-04-21 18:40:52.113923,0 days 00:00:00.157642,-36.77864354145433,20.816304883938933,34.821918628488,100.0,42.66646070497222,29.17909318371627,-60.525093289140884,46.01850387219406,57.12302106961944,28.194834433290605,3.0625166630354244,65.51194613291398,Unfeasible shape,GPSampler,PRUNED
1417,1417,6.0,2026-04-21 18:40:52.297356,2026-04-21 18:40:52.487585,0 days 00:00:00.190229,-36.7843156484741,21.046895823871147,34.69333401967973,100.0,42.748160595318815,29.123601503435737,-60.406974599522016,45.90552248351397,57.241245256071856,28.247741856175978,3.1411709028968033,65.85549634111636,Unfeasible shape,GPSampler,PRUNED
1418,1418,6.0,2026-04-21 18:40:52.682319,2026-04-21 18:40:52.843888,0 days 00:00:00.161569,-36.81957963290094,21.164495401836,34.65387999636543,100.0,42.67508035671005,29.013738623295986,-60.463156846880096,45.81555608666781,57.34349278800899,28.47634743907313,3.1098892496250983,65.78872622684254,Unfeasible shape,GPSampler,PRUNED
1419,1419,6.0,2026-04-21 18:40:53.026728,2026-04-21 18:40:53.152994,0 days 00:00:00.126266,-36.70518414499824,21.192734119436473,35.18520914899207,100.0,42.7064387384977,28.9613574351048,-60.37070162278543,45.62509937229631,56.89931862576054,28.496387824301827,3.0407579746161346,65.85414753157164,Unfeasible shape,GPSampler,PRUNED
1420,1420,6.0,2026-04-21 18:40:53.296092,2026-04-21 18:40:53.423018,0 days 00:00:00.126926,-36.68682716810239,20.89773870895197,35.08019218230895,100.0,42.81500486100342,29.185345694314954,-60.20029687981419,45.71553775527523,56.940598879365716,28.506755847279717,3.0296207428683672,65.79069047773201,Unfeasible shape,GPSampler,PRUNED
1421,1421,6.0,2026-04-21 18:40:53.620717,2026-04-21 18:40:53.747172,0 days 00:00:00.126455,-36.83240463707624,21.279646091705242,34.78638128562079,100.0,42.67570426773344,28.6413756514466,-60.59049738145394,45.798562680998046,56.768211633501096,28.588056127251484,3.1220614874626236,65.46171902414223,Unfeasible shape,GPSampler,PRUNED
1422,1422,6.0,2026-04-21 18:40:53.936480,2026-04-21 18:40:54.084245,0 days 00:00:00.147765,-36.899707631951,20.98891773883256,35.073415581738836,100.0,42.459473166961224,28.76322180554925,-60.168749329848204,45.67291979511879,57.40516417015384,28.18586244597996,3.056756733373632,65.56876499331321,Unfeasible shape,GPSampler,PRUNED
1423,1423,6.0,2026-04-21 18:40:54.253410,2026-04-21 18:40:54.410878,0 days 00:00:00.157468,-36.761982926413516,21.041834805580514,34.54092958660853,100.0,42.76215804582775,29.227160871905816,-60.61005737313485,45.76875640421023,57.19272977584146,28.244156897224407,3.2126502665835304,65.82289755371191,Unfeasible shape,GPSampler,PRUNED
1424,1424,6.0,2026-04-21 18:40:54.600681,2026-04-21 18:40:54.774805,0 days 00:00:00.174124,-36.812084117293864,20.722795190962557,34.960768306950555,100.0,42.78364427388017,28.93215139598373,-60.32341333468313,45.7281242467447,57.17128245659429,28.58124127910372,3.0672697200110832,65.46897267783368,Unfeasible shape,GPSampler,PRUNED
1425,1425,6.0,2026-04-21 18:40:54.942544,2026-04-21 18:40:55.085294,0 days 00:00:00.142750,-36.71812149580501,20.657978529105257,35.414930758927824,100.0,42.78839611095561,28.7867947418357,-60.27643969781308,46.126255568316864,57.089952147654955,28.665083122644642,3.054940988510168,65.43981177740105,Unfeasible shape,GPSampler,PRUNED
1426,1426,6.0,2026-04-21 18:40:55.243668,2026-04-21 18:40:55.370353,0 days 00:00:00.126685,-36.799246189896486,21.058371289419647,34.713420379014195,100.0,42.74111886452163,28.912697036914004,-60.282841403403566,46.00990821213292,57.2485804995293,28.38635421664117,3.114620489131134,65.88000153113522,Unfeasible shape,GPSampler,PRUNED
1427,1427,6.0,2026-04-21 18:40:55.522264,2026-04-21 18:40:55.648709,0 days 00:00:00.126445,-36.732277182789886,20.742529530229096,34.67389225612328,100.0,43.13868907934235,29.364174467417065,-60.37652692334689,45.78128298886763,57.136458373883336,28.628686329608172,3.1367366517931714,65.6437378080676,Unfeasible shape,GPSampler,PRUNED
1428,1428,6.0,2026-04-21 18:40:55.880610,2026-04-21 18:40:56.012972,0 days 00:00:00.132362,-36.61832339870634,20.95691367850963,34.95055874714875,100.0,42.832318180095875,29.038045298954096,-60.4812148261614,46.03878590468052,57.20155853780277,28.172762916792706,3.075724258738383,65.59394425834454,Unfeasible shape,GPSampler,PRUNED
1429,1429,6.0,2026-04-21 18:40:56.205601,2026-04-21 18:40:56.332108,0 days 00:00:00.126507,-36.73129125874555,21.177661587964685,34.745428948678025,100.0,42.68350839452246,29.07346132826573,-60.52276045162398,45.86251027917207,57.11371464762689,28.469872518001143,3.1058053184412486,65.738276140522,Unfeasible shape,GPSampler,PRUNED
1430,1430,6.0,2026-04-21 18:40:56.547599,2026-04-21 18:40:56.690402,0 days 00:00:00.142803,-36.792086566253225,20.899803797738727,35.27383325833159,100.0,42.62348575709343,28.792498900199973,-60.250599370092836,45.90642988390783,57.045075604865346,28.739681659323157,3.0831811897561536,65.52607299180059,Unfeasible shape,GPSampler,PRUNED
1431,1431,6.0,2026-04-21 18:40:56.865679,2026-04-21 18:40:57.055849,0 days 00:00:00.190170,-36.585147828738506,20.784859838414985,35.360265068426315,100.0,42.703691815714464,28.550722958755422,-60.303092409887036,45.63874584441592,57.085754820949184,28.648846856150705,3.1124129445852233,65.18532587214331,Unfeasible shape,GPSampler,PRUNED
1432,1432,6.0,2026-04-21 18:40:57.238845,2026-04-21 18:40:57.397210,0 days 00:00:00.158365,-36.777983862164476,21.148205094254912,34.89125053131011,100.0,42.69175003554573,29.084608357778286,-60.337476450787946,45.90974902980201,57.18846734423113,28.44353864278215,3.1510826246512664,65.61993991036293,Unfeasible shape,GPSampler,PRUNED
1433,1433,6.0,2026-04-21 18:40:57.581831,2026-04-21 18:40:57.708075,0 days 00:00:00.126244,-36.64326748252996,20.410525945456936,35.23779202024822,99.74687279800072,42.63612549411937,28.74193454055147,-60.2270682422954,45.47990795064563,56.739817386726514,29.18389630553876,3.0389986160957108,65.28503574255333,Unfeasible shape,GPSampler,PRUNED
1434,1434,6.0,2026-04-21 18:40:57.874129,2026-04-21 18:40:58.088837,0 days 00:00:00.214708,-36.70954774108816,20.90256531160684,34.94223076172278,100.0,42.67137674918853,29.054764241974794,-60.36470990111273,45.93219387979077,57.142956014231316,28.49468846703638,3.1078853851625823,65.65003816272379,Unfeasible shape,GPSampler,PRUNED
1435,1435,6.0,2026-04-21 18:40:58.275600,2026-04-21 18:40:58.402460,0 days 00:00:00.126860,-36.702006245083695,20.718243699195597,35.14180871816161,100.0,43.07113573281644,28.935416635670705,-60.32965928343191,45.81941221757731,57.02299585820339,28.616346656763866,3.146451619322953,65.67662299342015,Unfeasible shape,GPSampler,PRUNED
1436,1436,6.0,2026-04-21 18:40:58.575093,2026-04-21 18:40:58.701736,0 days 00:00:00.126643,-36.821398276617856,20.894004188029243,34.7533631946112,100.0,42.73579796534017,29.036194789915513,-60.2086967470444,46.040571066558066,57.18195162122499,28.412688480020147,3.1341647064145945,65.82083166495839,Unfeasible shape,GPSampler,PRUNED
1437,1437,6.0,2026-04-21 18:40:58.853810,2026-04-21 18:40:58.995214,0 days 00:00:00.141404,-36.75116840244819,20.12720774302022,34.67489443274037,100.0,43.103016112081754,28.786134227489036,-60.2935720191267,45.72593543235827,56.94396583028044,28.68690401186226,3.0809770044210723,65.97666759266191,Unfeasible shape,GPSampler,PRUNED
1438,1438,6.0,2026-04-21 18:40:59.136885,2026-04-21 18:40:59.264099,0 days 00:00:00.127214,-36.74018117072579,20.891411248754675,34.78274652018047,100.0,42.79968567963219,29.039256978823573,-60.34331104504882,45.9825284370902,57.14514787369264,28.485579771978863,3.1171770446725873,65.71201469640336,Unfeasible shape,GPSampler,PRUNED
1439,1439,6.0,2026-04-21 18:40:59.452090,2026-04-21 18:40:59.594276,0 days 00:00:00.142186,-36.70175716250621,20.892339687899057,34.72412281228252,100.0,42.77535222005472,28.997831474012813,-60.30088966691993,45.91933259536515,57.29609266463728,28.394556100115867,3.0805627198675367,65.59080432898679,Unfeasible shape,GPSampler,PRUNED
1440,1440,6.0,2026-04-21 18:40:59.760577,2026-04-21 18:40:59.903327,0 days 00:00:00.142750,-36.72737316129533,21.105976275366608,34.90969274622303,100.0,42.65945077271171,29.09222504111287,-60.3484501329372,46.35280664256657,57.17826419700437,28.583623884481874,3.1096136640784877,65.84515820198975,Unfeasible shape,GPSampler,PRUNED
1441,1441,6.0,2026-04-21 18:41:00.083504,2026-04-21 18:41:00.225937,0 days 00:00:00.142433,-36.751538900581636,21.243256312317275,34.76195446646557,100.0,42.78312731951704,29.121783063394858,-60.41177836493767,45.89312211719299,57.15731463456208,28.379152846413838,3.097946555918959,65.64669116333225,Unfeasible shape,GPSampler,PRUNED
1442,1442,6.0,2026-04-21 18:41:00.414070,2026-04-21 18:41:00.556349,0 days 00:00:00.142279,-36.79918948294164,20.94701361996922,34.875490848279114,100.0,42.69614178174413,29.157310248362705,-60.3072450496519,45.8855037289595,57.15351782108674,28.20954829482226,3.1442866344360425,65.62311576002868,Unfeasible shape,GPSampler,PRUNED
1443,1443,6.0,2026-04-21 18:41:00.743500,2026-04-21 18:41:00.949591,0 days 00:00:00.206091,-36.82885030986145,21.16223386868301,34.49286696947241,100.0,42.69126760171291,29.346612144032903,-60.38115846054015,46.04365786158748,57.2764295812232,28.15230802611398,3.1605893533222087,65.77144140646983,Unfeasible shape,GPSampler,PRUNED
1444,1444,6.0,2026-04-21 18:41:01.147976,2026-04-21 18:41:01.305912,0 days 00:00:00.157936,-36.76155888007421,21.05999396738345,34.73370958491792,100.0,42.69513797636161,29.059980674622935,-60.48056943752469,45.82922108302421,57.19201874058132,28.34422815422283,3.117522804952415,65.75419760499473,Unfeasible shape,GPSampler,PRUNED
1445,1445,6.0,2026-04-21 18:41:01.494117,2026-04-21 18:41:01.636937,0 days 00:00:00.142820,-36.74637284955471,21.25722385355791,35.24259629389593,100.0,42.53489881951912,28.682886473987026,-60.353224856097626,45.755625904855044,57.49082123887229,27.990674412976922,3.0584551110131386,65.64340848798966,Unfeasible shape,GPSampler,PRUNED
1446,1446,6.0,2026-04-21 18:41:01.825020,2026-04-21 18:41:01.980505,0 days 00:00:00.155485,-36.776491723085556,21.188474106238985,34.84943925066638,100.0,42.690608838536264,29.12349315245411,-60.392825627474764,46.02741600182018,57.16363481260917,28.497578580434315,3.094514692672753,65.63633332905374,Unfeasible shape,GPSampler,PRUNED
1447,1447,6.0,2026-04-21 18:41:02.130351,2026-04-21 18:41:02.272925,0 days 00:00:00.142574,-36.83242703567861,20.778500105130625,34.89567030459795,100.0,42.845640411850475,29.1134609587206,-60.26095722057357,45.75197880028281,57.0680132622499,28.582160455258535,3.142005550953968,65.7328316088281,Unfeasible shape,GPSampler,PRUNED
1448,1448,6.0,2026-04-21 18:41:02.442310,2026-04-21 18:41:02.632130,0 days 00:00:00.189820,-36.73054380536579,21.36633996397381,34.56983924340422,100.0,43.405004977071584,29.48395366305276,-60.323489689056984,45.85033579994369,56.97938351262937,28.228819044850336,3.161435715499998,65.75344983817897,Unfeasible shape,GPSampler,PRUNED
1449,1449,6.0,2026-04-21 18:41:02.868827,2026-04-21 18:41:02.995050,0 days 00:00:00.126223,-36.82204454097268,20.837983686555145,34.713580424673026,100.0,42.705544945884775,29.032967058341832,-60.3994090818402,45.898950532552014,57.17928348741837,28.167355710764287,3.1160034137592305,65.75262520613785,Unfeasible shape,GPSampler,PRUNED
1450,1450,6.0,2026-04-21 18:41:03.175836,2026-04-21 18:41:03.334377,0 days 00:00:00.158541,-36.726967144738815,20.957439038055004,35.06000350416893,100.0,42.92937287214241,29.261547250888704,-60.45796909760262,45.67889414426615,57.048429344167765,28.41638420538925,3.1153146307851145,65.56727030801945,Unfeasible shape,GPSampler,PRUNED
1451,1451,6.0,2026-04-21 18:41:03.523816,2026-04-21 18:41:03.713384,0 days 00:00:00.189568,-36.80106808067832,20.87799402716967,35.135609350323634,100.0,42.85184415762916,29.210864499284597,-60.519745749187564,45.95964524404046,57.22292533699445,28.470792018338653,3.1013164259627004,65.74643670960442,Unfeasible shape,GPSampler,PRUNED
1452,1452,6.0,2026-04-21 18:41:03.881875,2026-04-21 18:41:04.023835,0 days 00:00:00.141960,-36.790873706047435,21.005691445831502,34.74527733612506,100.0,42.85488409218177,29.113401394151218,-60.34289796298877,45.75786532562145,57.12737723667276,28.513753623798905,3.116438022091664,65.74783277030159,Unfeasible shape,GPSampler,PRUNED
1453,1453,6.0,2026-04-21 18:41:04.185115,2026-04-21 18:41:04.410748,0 days 00:00:00.225633,-36.964959344552206,21.464674903012817,33.96170154771515,100.0,43.01305494625564,29.428181042119206,-60.61006780996706,46.210012625602644,57.59588353373817,28.117762595203402,3.22242482352636,66.12598665864428,Unfeasible shape,GPSampler,PRUNED
1454,1454,6.0,2026-04-21 18:41:04.584025,2026-04-21 18:41:04.751310,0 days 00:00:00.167285,-36.71842353900126,21.02653235740373,34.61729141179873,100.0,42.49245876486056,29.05982107298916,-60.33953423707676,45.54155205704304,56.8675497058883,28.579066530957487,3.1569230224534905,65.79112866706228,Unfeasible shape,GPSampler,PRUNED
1455,1455,6.0,2026-04-21 18:41:04.960000,2026-04-21 18:41:05.096042,0 days 00:00:00.136042,-36.671068990787276,20.942077381010353,34.62183985770003,100.0,42.44733897256077,29.246110998813457,-60.689522467788834,45.960047859821074,57.328171846746166,27.952482366607704,3.136766160960427,65.77160598517857,Unfeasible shape,GPSampler,PRUNED
1456,1456,6.0,2026-04-21 18:41:05.264224,2026-04-21 18:41:05.497998,0 days 00:00:00.233774,-36.67093606712098,21.155744914114536,34.768688203073964,100.0,42.92683128604999,29.29227785702099,-60.03621700080954,46.19395954779318,57.43409730365593,28.336857215249456,3.0795022657145594,65.4198104583242,Unfeasible shape,GPSampler,PRUNED
1457,1457,6.0,2026-04-21 18:41:05.642009,2026-04-21 18:41:05.768764,0 days 00:00:00.126755,-36.7326753611801,20.909701947285384,34.90653817765099,100.0,42.479192305510566,29.252993061761366,-60.19969748659095,45.53545306941287,56.48799991674745,29.051898181695577,3.2146728177516124,65.7168052036209,Unfeasible shape,GPSampler,PRUNED
1458,1458,6.0,2026-04-21 18:41:05.940698,2026-04-21 18:41:06.078306,0 days 00:00:00.137608,-36.76925705401406,20.68845593367918,34.64134872019493,100.0,42.978315668344045,28.98046090441901,-60.250967766915636,46.0009342288757,57.1351275041597,28.468833626250024,3.1217758735608783,65.83556031969484,Unfeasible shape,GPSampler,PRUNED
1459,1459,6.0,2026-04-21 18:41:06.400236,2026-04-21 18:41:06.545815,0 days 00:00:00.145579,-36.855531421876016,20.258854544047225,34.80585065400892,100.0,42.83549125159561,28.867099322812066,-60.07273177456868,45.822320328451994,56.878124665341865,29.234361645846082,3.14887708956919,65.99337578327292,Unfeasible shape,GPSampler,PRUNED
1460,1460,6.0,2026-04-21 18:41:06.715057,2026-04-21 18:41:06.905858,0 days 00:00:00.190801,-36.682395414553895,20.691012104632403,35.50529345938626,100.0,42.74288541289746,28.807803360441604,-60.31943884571854,45.906141123386405,57.16374248812514,28.732886643433886,3.00971355475712,65.14135666848163,Unfeasible shape,GPSampler,PRUNED
1461,1461,6.0,2026-04-21 18:41:07.070472,2026-04-21 18:41:07.215460,0 days 00:00:00.144988,-36.78773341260226,21.11431554860806,34.79094543143164,100.0,42.63150127104941,29.062486871311606,-60.4844797545875,46.037747245953824,57.26022086089921,28.403519527591996,3.130139220903118,65.54600240553202,Unfeasible shape,GPSampler,PRUNED
1462,1462,6.0,2026-04-21 18:41:07.489396,2026-04-21 18:41:07.632014,0 days 00:00:00.142618,-36.75169600610105,20.968294921882837,35.00813024884563,100.0,42.651454378340354,29.26531105696254,-60.57246989996851,45.811879938277954,57.08159010485006,28.061403274680327,3.0892496382810393,65.72444839061171,Unfeasible shape,GPSampler,PRUNED
1463,1463,6.0,2026-04-21 18:41:07.901316,2026-04-21 18:41:08.010723,0 days 00:00:00.109407,-36.7451511866234,21.068285673136202,34.80496433714165,100.0,42.58489601297195,29.090160364949384,-60.325953084878435,45.91438789818531,57.129085941757566,28.51641223726203,3.135102387986592,65.70166988242254,Unfeasible shape,GPSampler,PRUNED
1464,1464,6.0,2026-04-21 18:41:08.210024,2026-04-21 18:41:08.414423,0 days 00:00:00.204399,-36.86318987675658,20.427731007112552,34.95363857100925,100.0,43.00466720167049,28.687449948261097,-60.3331421165119,45.36011452011157,57.03497420627748,28.76312206203169,3.1694695505734813,65.77821144216186,Unfeasible shape,GPSampler,PRUNED
1465,1465,6.0,2026-04-21 18:41:08.562004,2026-04-21 18:41:08.704973,0 days 00:00:00.142969,-37.00314968589632,20.72651071551237,34.450827719362835,100.0,42.724396468457805,28.78297439770663,-60.290668850192375,45.80674225971941,57.092051303190445,28.294353012534554,3.0960692940290926,65.53390273791206,Unfeasible shape,GPSampler,PRUNED
1466,1466,6.0,2026-04-21 18:41:08.875110,2026-04-21 18:41:09.002098,0 days 00:00:00.126988,-36.84476364167023,21.033219500835706,34.87228041793658,100.0,42.80496547178136,29.129347951324306,-60.374334028816946,45.97491132640206,57.1779724474899,28.353794848651738,3.115281628057822,65.71079170253276,Unfeasible shape,GPSampler,PRUNED
1467,1467,6.0,2026-04-21 18:41:09.180226,2026-04-21 18:41:09.336877,0 days 00:00:00.156651,-36.82745779331371,20.71567526820983,34.932002604469005,100.0,43.22714815944749,28.20758645668927,-60.15541573052231,45.568642890119534,56.88081632431676,28.629043870073545,3.071980253561783,65.11966932123242,Unfeasible shape,GPSampler,PRUNED
1468,1468,6.0,2026-04-21 18:41:09.522846,2026-04-21 18:41:09.672803,0 days 00:00:00.149957,-36.78405694808021,20.923204827716894,34.9383188802348,100.0,43.16863071152403,29.035497283226114,-59.89000441328533,45.50112966555745,56.929875223408736,28.29553071280582,3.0359168684169973,65.1210246279052,Unfeasible shape,GPSampler,PRUNED
1469,1469,6.0,2026-04-21 18:41:09.851846,2026-04-21 18:41:10.003494,0 days 00:00:00.151648,-37.0571384181731,20.54551788167929,35.068684640918505,100.0,42.90749949022211,28.435545074835737,-60.1701652175628,45.89239902405816,56.95891997969295,28.478896893736692,3.1102475792085116,65.19652017113293,Unfeasible shape,GPSampler,PRUNED
1470,1470,6.0,2026-04-21 18:41:10.206209,2026-04-21 18:41:10.343363,0 days 00:00:00.137154,-36.72008094423243,21.31796425018286,34.87302417123911,100.0,43.0174909017958,29.47150426192522,-59.8475942181547,46.20881236910869,57.134494506618694,28.319510071993484,3.1092857805915983,66.04493930210148,Unfeasible shape,GPSampler,PRUNED
1471,1471,6.0,2026-04-21 18:41:10.504128,2026-04-21 18:41:10.649545,0 days 00:00:00.145417,-36.65249143463834,20.778037110051265,34.90061306998908,100.0,42.68277088944957,29.060207080718136,-60.42344002071532,45.91071266419764,57.224893977895185,28.60100272578689,3.2063343311764285,65.83135673286382,Unfeasible shape,GPSampler,PRUNED
1472,1472,6.0,2026-04-21 18:41:10.807092,2026-04-21 18:41:11.013101,0 days 00:00:00.206009,-36.886593509732954,20.866565710222737,34.79969814650531,100.0,42.527660709758194,29.0853951346096,-60.41358216294482,46.142067910208205,57.17797567559554,28.170497331535035,3.1129030477761077,65.51430802314134,Unfeasible shape,GPSampler,PRUNED
1473,1473,6.0,2026-04-21 18:41:11.210648,2026-04-21 18:41:11.391765,0 days 00:00:00.181117,-36.72706352933603,20.76969578914428,34.97414184400353,100.0,42.56543132229564,28.987299159052263,-60.3182732308261,45.89329089573259,57.11540491940481,28.681208235140396,3.116575165466834,65.85920953341511,Unfeasible shape,GPSampler,PRUNED
1474,1474,6.0,2026-04-21 18:41:11.550115,2026-04-21 18:41:11.715532,0 days 00:00:00.165417,-36.78853155730375,21.49286009292313,34.77748715599155,100.0,42.81005157725222,28.95982773870348,-60.2936097591423,45.986575389845804,57.21038871825807,28.534516867316576,3.1161167067919138,65.5769809514753,Unfeasible shape,GPSampler,PRUNED
1475,1475,6.0,2026-04-21 18:41:12.000727,2026-04-21 18:41:12.141951,0 days 00:00:00.141224,-36.702698619298616,21.078978308430308,34.839867136868655,100.0,42.76711147909155,29.013850570793792,-60.32650576233764,46.126658403344315,57.1956853575559,28.33228150423999,3.1340886364410423,65.69474230544483,Unfeasible shape,GPSampler,PRUNED
1476,1476,6.0,2026-04-21 18:41:12.467557,2026-04-21 18:41:12.609368,0 days 00:00:00.141811,-36.739507217913015,20.667519540468952,34.83144242997054,100.0,42.91621715433455,29.01066804811525,-60.11740735512092,46.14719472053288,57.48508979734919,28.219763789699577,3.255933560271707,65.8710087436468,Unfeasible shape,GPSampler,PRUNED
1477,1477,6.0,2026-04-21 18:41:12.855410,2026-04-21 18:41:13.034790,0 days 00:00:00.179380,-36.78227329650406,21.200410172716875,34.846399810979676,100.0,42.86229690268197,28.667315901963164,-60.420249022312035,46.18232327716599,57.450758345310334,28.541078162727892,3.0549416305240698,65.8150422846617,Unfeasible shape,GPSampler,PRUNED
1478,1478,6.0,2026-04-21 18:41:13.342638,2026-04-21 18:41:13.496063,0 days 00:00:00.153425,-36.89222329815108,20.597745378745778,34.56145784916485,100.0,42.90241760891439,28.98761083325065,-60.40691791156011,45.77527610599766,57.130240826043135,28.532630832771293,3.162915702091361,65.93407370649503,Unfeasible shape,GPSampler,PRUNED
