,number,value,datetime_start,datetime_complete,duration,params_lLegPt.rA1,params_lLegPt.rL0,params_lLegPt.rL1,params_lLegPt.rL2,params_lLegPt.x1,params_lLegPt.y1,params_sLegPt.rA1,params_sLegPt.rL0,params_sLegPt.rL1,params_sLegPt.rL2,params_sLegPt.x1,params_sLegPt.y1,user_attrs_prune,system_attrs_auto:sampler,state
1799,1799,6.0,2026-04-21 18:43:00.884403,2026-04-21 18:43:01.019681,0 days 00:00:00.135278,-36.785877966198996,21.044290706730784,35.042373658770245,100.0,42.7049739186006,29.06466600938866,-60.328506567587894,45.85014798578291,57.03632416825876,28.248131794332718,3.0966374444481772,65.56021743404351,Unfeasible shape,GPSampler,PRUNED
1800,1800,6.0,2026-04-21 18:43:01.183886,2026-04-21 18:43:01.331256,0 days 00:00:00.147370,-36.70913125112468,20.699849680357353,34.67227769947086,100.0,42.80165367475252,28.912302204114205,-60.51310757949267,46.110390841938035,57.20772832662911,28.43662090630442,3.0603782405864095,65.78405304317486,Unfeasible shape,GPSampler,PRUNED
1801,1801,6.0,2026-04-21 18:43:01.507361,2026-04-21 18:43:01.671654,0 days 00:00:00.164293,-36.76870031214838,21.105115548072526,34.875410463944675,100.0,42.83650172436767,28.904763315391236,-60.38862983843341,45.90158965174435,57.220753816924166,28.593616859027932,3.112443430113771,65.64506850354908,Unfeasible shape,GPSampler,PRUNED
1802,1802,6.0,2026-04-21 18:43:01.872397,2026-04-21 18:43:02.014405,0 days 00:00:00.142008,-36.73178157816718,20.852702379786546,34.91987340745604,100.0,42.90584156478523,29.00515105803032,-60.39321943537195,45.818353909506826,57.072046153283,28.38273464284849,3.124395288605861,65.70334545558173,Unfeasible shape,GPSampler,PRUNED
1803,1803,6.0,2026-04-21 18:43:02.183273,2026-04-21 18:43:02.329183,0 days 00:00:00.145910,-36.77031097584339,21.000225603398828,34.88362832834002,100.0,42.614727835670166,28.839992262132718,-60.34576074034085,45.808026737783955,57.241383801669656,28.325062052735174,3.127210513645366,65.77658930018774,Unfeasible shape,GPSampler,PRUNED
1804,1804,6.0,2026-04-21 18:43:02.491533,2026-04-21 18:43:02.620813,0 days 00:00:00.129280,-36.80528852880068,21.06806665502263,34.800621087050814,100.0,42.71777234146047,29.023643910576915,-60.405355346547026,45.893511314317024,57.18572788493693,28.434985799552692,3.139709119299347,65.72320100613403,Unfeasible shape,GPSampler,PRUNED
1805,1805,6.0,2026-04-21 18:43:02.779137,2026-04-21 18:43:02.915671,0 days 00:00:00.136534,-36.72327704565837,21.12353005342809,34.83077288891805,100.0,42.64089542902734,29.088730606406777,-60.45352819886073,45.923757554491985,57.16668991494584,28.303416265039907,3.128157129616362,65.56796078646933,Unfeasible shape,GPSampler,PRUNED
1806,1806,6.0,2026-04-21 18:43:03.070652,2026-04-21 18:43:03.201947,0 days 00:00:00.131295,-36.90307204754667,20.76656499206662,35.172945833610584,100.0,43.092136826620695,28.58797653468708,-59.976712152816035,46.08457801313888,57.240538052770056,28.52343806383878,3.0636268859801845,65.39952709162743,Unfeasible shape,GPSampler,PRUNED
1807,1807,6.0,2026-04-21 18:43:03.391392,2026-04-21 18:43:03.588246,0 days 00:00:00.196854,-36.753792927436514,21.22076059179127,34.606763237993576,100.0,42.66378670005318,29.06166463436147,-60.615189976979345,45.96703470442179,57.21080460514288,28.404837724202416,3.1109868558905305,65.72866801539531,Unfeasible shape,GPSampler,PRUNED
1808,1808,6.0,2026-04-21 18:43:03.761639,2026-04-21 18:43:03.929424,0 days 00:00:00.167785,-36.81620067386922,20.605845679397156,34.87459831724121,100.0,42.80087474500726,28.911054135701946,-59.99475113341451,45.69894338884931,56.99898756390885,28.420041290721603,3.1380128664048925,65.70266216919045,Unfeasible shape,GPSampler,PRUNED
1809,1809,6.0,2026-04-21 18:43:04.188235,2026-04-21 18:43:04.340997,0 days 00:00:00.152762,-36.757738834194285,20.93386378543385,34.826999065151604,100.0,42.79447553590855,29.01304501652217,-60.43485553430746,45.8458638301558,57.123130394747896,28.456046209914675,3.139143748621521,65.6330461249935,Unfeasible shape,GPSampler,PRUNED
1810,1810,6.0,2026-04-21 18:43:04.535637,2026-04-21 18:43:04.666060,0 days 00:00:00.130423,-36.78651700558256,21.003439375197914,34.864240839613345,100.0,42.779216741363705,29.06895222272324,-60.33585563574604,45.938865540759025,57.179741048792955,28.40941439747962,3.131221309976766,65.69301228763825,Unfeasible shape,GPSampler,PRUNED
1811,1811,6.0,2026-04-21 18:43:04.913205,2026-04-21 18:43:05.048657,0 days 00:00:00.135452,-36.7688918824905,20.994487643299827,34.830257447760395,100.0,42.81136644938602,28.879220462248803,-60.309413320296116,45.94784419997512,57.16693770684033,28.47642563110005,3.1039615752476024,65.64560828887043,Unfeasible shape,GPSampler,PRUNED
1812,1812,6.0,2026-04-21 18:43:05.223881,2026-04-21 18:43:05.381887,0 days 00:00:00.158006,-36.72423228139938,21.012578348409875,35.14696177192073,100.0,42.749762718929055,28.8899198899149,-60.284209797186584,46.106650302021905,57.0985902295863,28.635933803586177,3.0860664964907727,65.54215616412878,Unfeasible shape,GPSampler,PRUNED
1813,1813,6.0,2026-04-21 18:43:05.633231,2026-04-21 18:43:05.782701,0 days 00:00:00.149470,-36.78984231819189,21.02975552891152,34.63542718825178,100.0,42.701398887433704,29.235691803351394,-60.34910528667951,45.889724620845705,57.16345978802837,28.22452934982894,3.167895578923634,65.75003951957717,Unfeasible shape,GPSampler,PRUNED
1814,1814,6.0,2026-04-21 18:43:05.959238,2026-04-21 18:43:06.129440,0 days 00:00:00.170202,-36.792433427720155,20.759982142531722,35.00811940281848,100.0,42.84648818295852,28.96664146020781,-60.403518454075076,45.8032728908187,57.07059001466531,28.558058757832143,3.1257206282120436,65.55761899024179,Unfeasible shape,GPSampler,PRUNED
1815,1815,6.0,2026-04-21 18:43:06.303975,2026-04-21 18:43:06.424144,0 days 00:00:00.120169,-36.7791606581596,21.218282594450997,34.70949483999923,100.0,42.67603071024027,29.03495314295713,-60.62314694831004,45.96742196603489,57.030522500460634,28.237969169892864,3.137172659516743,65.74818803979392,Unfeasible shape,GPSampler,PRUNED
1816,1816,6.0,2026-04-21 18:43:06.598065,2026-04-21 18:43:06.713767,0 days 00:00:00.115702,-36.76426830814305,20.915411879753307,34.91932851320902,100.0,42.80810885435264,29.02884128766167,-60.43177199431831,45.783856267425215,57.161672449558225,28.418637200183582,3.140504866069385,65.76625198780731,Unfeasible shape,GPSampler,PRUNED
1817,1817,6.0,2026-04-21 18:43:07.044399,2026-04-21 18:43:07.234277,0 days 00:00:00.189878,-36.75485517955177,21.31257684743882,34.39802638381015,100.0,43.1570298222534,29.003729258025814,-60.514195029066826,45.92736571893182,57.26254314813397,28.718901484526885,3.2299030422618458,65.99521428129441,Unfeasible shape,GPSampler,PRUNED
1818,1818,6.0,2026-04-21 18:43:07.401823,2026-04-21 18:43:07.550113,0 days 00:00:00.148290,-36.754312373755134,21.06641036604071,34.80543999032333,100.0,42.80661663743357,28.84347675732741,-60.39921627840083,45.88116958281346,56.99449826088096,28.65877186671556,3.113120259442269,65.70649767853082,Unfeasible shape,GPSampler,PRUNED
1819,1819,6.0,2026-04-21 18:43:07.752467,2026-04-21 18:43:07.905885,0 days 00:00:00.153418,-36.74446619673048,21.58354410975321,33.97698637490632,100.0,42.74878149437198,29.800107987852556,-60.64327580960028,45.90517955726039,57.51949266374658,28.085814001862616,3.2969270961353203,66.41017281652239,Unfeasible shape,GPSampler,PRUNED
1820,1820,6.0,2026-04-21 18:43:08.079803,2026-04-21 18:43:08.223042,0 days 00:00:00.143239,-36.76824091421282,20.831099738103305,34.98622040304652,100.0,42.942776277127784,29.180836028206755,-60.46678865186142,45.696353544368435,57.283945823441826,28.624992714064124,3.095167084648324,65.6044236196818,Unfeasible shape,GPSampler,PRUNED
1821,1821,6.0,2026-04-21 18:43:08.399343,2026-04-21 18:43:08.541931,0 days 00:00:00.142588,-36.75244091159315,20.991709445460348,34.770870585066916,100.0,42.75798387837624,29.07678621109492,-60.34834278849093,45.99101885649518,57.180349002172285,28.387632010805255,3.155295065744099,65.7937230384504,Unfeasible shape,GPSampler,PRUNED
1822,1822,6.0,2026-04-21 18:43:08.695560,2026-04-21 18:43:08.838531,0 days 00:00:00.142971,-36.78771541360032,21.0507895367793,35.07681953939969,100.0,42.34784821899903,28.506413426683125,-60.37702293548115,45.85397899833178,57.19892242585788,28.512509177551568,3.021408698913703,65.8093416518346,Unfeasible shape,GPSampler,PRUNED
1823,1823,6.0,2026-04-21 18:43:08.995327,2026-04-21 18:43:09.215755,0 days 00:00:00.220428,-36.941202573336646,21.013657242662667,34.74864571437479,100.0,43.239477301466096,29.877789329155483,-60.21448066639354,46.483064528555715,56.77360504288924,28.063573295806783,3.153541699675337,65.8090290810552,Unfeasible shape,GPSampler,PRUNED
1824,1824,6.0,2026-04-21 18:43:09.435714,2026-04-21 18:43:09.582241,0 days 00:00:00.146527,-36.76475183449207,20.94642272552813,34.83819730817096,100.0,42.75903554013249,28.97162608764515,-60.348090031707216,46.029892536935556,57.154051006576,28.55559092010484,3.1615127217016266,65.81199086171955,Unfeasible shape,GPSampler,PRUNED
1825,1825,6.0,2026-04-21 18:43:09.776905,2026-04-21 18:43:09.920823,0 days 00:00:00.143918,-36.85494232932342,20.994577940569613,34.96180205909667,100.0,42.67608026757496,29.064370998563476,-60.286744643023084,45.92458418947743,57.076796233811166,28.46120251219838,3.120263631510184,65.80475513186515,Unfeasible shape,GPSampler,PRUNED
1826,1826,6.0,2026-04-21 18:43:10.108051,2026-04-21 18:43:10.254101,0 days 00:00:00.146050,-36.73627435025476,20.698595934009376,35.24553614365409,100.0,42.813132414893545,29.142666845855672,-60.33659330717232,45.89501749668985,56.937897947259266,28.648519683109473,3.0508161434282,65.53207980464974,Unfeasible shape,GPSampler,PRUNED
1827,1827,6.0,2026-04-21 18:43:10.449230,2026-04-21 18:43:10.682699,0 days 00:00:00.233469,-36.90577930088834,20.90714247114653,34.01102616161292,100.0,43.21148984818627,29.028710564100237,-60.59404156311339,45.856242607489726,57.301029892769186,27.842583066125805,3.2115487222963353,65.93615121607277,Unfeasible shape,GPSampler,PRUNED
1828,1828,6.0,2026-04-21 18:43:10.863399,2026-04-21 18:43:11.035425,0 days 00:00:00.172026,-36.83267327118692,20.74609834184438,34.91135961316404,100.0,42.82520463011648,29.060579231244063,-60.237537889646916,45.75803116592563,56.96890928777576,28.488456213739493,3.150696043256737,65.73023299418116,Unfeasible shape,GPSampler,PRUNED
1829,1829,6.0,2026-04-21 18:43:11.255716,2026-04-21 18:43:11.389665,0 days 00:00:00.133949,-36.89117397351549,21.660425899179543,34.52878679146958,100.0,42.715237828140175,28.639940709144298,-60.53852053445807,46.12469497824473,57.50627021523856,28.123125886504717,3.234933946929978,66.09001632184186,Unfeasible shape,GPSampler,PRUNED
1830,1830,6.0,2026-04-21 18:43:11.537868,2026-04-21 18:43:11.678394,0 days 00:00:00.140526,-36.77544715805658,21.063701227310343,35.223017797490144,100.0,42.636673693284834,29.03699030437044,-59.881702688685884,45.99367154576201,57.042016593455216,28.875447455258374,3.1712349573811167,65.91877838528833,Unfeasible shape,GPSampler,PRUNED
1831,1831,6.0,2026-04-21 18:43:11.848226,2026-04-21 18:43:11.970528,0 days 00:00:00.122302,-36.70238308593598,21.4327507665623,34.16858105203435,100.0,42.55254791748303,29.73005033523836,-60.8673372668801,45.77833353893259,57.52653271385175,27.962780220103056,3.1804332088174405,66.18353708611173,Unfeasible shape,GPSampler,PRUNED
1832,1832,6.0,2026-04-21 18:43:12.166704,2026-04-21 18:43:12.307219,0 days 00:00:00.140515,-36.702195480411056,20.863373419672612,34.200595441065346,100.0,42.90932191955885,29.264268044210695,-60.518635521594526,45.41390326103091,57.054462027679484,28.31975882338692,3.110950847068139,65.82208483523846,Unfeasible shape,GPSampler,PRUNED
1833,1833,6.0,2026-04-21 18:43:12.482257,2026-04-21 18:43:12.669306,0 days 00:00:00.187049,-36.956948680716835,20.808171224246273,35.12256659960978,100.0,43.183286499604456,28.79182073675981,-60.553265357505126,46.07721462234753,56.87765901220408,28.53518104563238,3.0541808705499562,65.91512854259572,Unfeasible shape,GPSampler,PRUNED
1834,1834,6.0,2026-04-21 18:43:12.839250,2026-04-21 18:43:13.053029,0 days 00:00:00.213779,-36.750134347356955,20.947400846941402,34.86993071286146,100.0,42.67307050504539,29.18824334899017,-60.54215948888884,46.01686094189319,57.112454695681485,28.188037435606457,3.0503035728932133,65.49772965681458,Unfeasible shape,GPSampler,PRUNED
1835,1835,6.0,2026-04-21 18:43:13.218423,2026-04-21 18:43:13.332465,0 days 00:00:00.114042,-36.78746775497364,20.88701521082966,34.74058230929991,100.0,43.158003064138015,29.948879955427472,-60.46326052019347,45.98531552090779,57.152778588472806,27.86348976256598,3.1063875278154924,65.51353707803423,Unfeasible shape,GPSampler,PRUNED
1836,1836,6.0,2026-04-21 18:43:13.546355,2026-04-21 18:43:13.693336,0 days 00:00:00.146981,-36.80630378757522,20.98084748345717,35.20599974205962,100.0,42.41280190860613,29.05453199513601,-60.24874404014329,45.97571474702211,57.14608849626167,28.669478478552122,3.009746737538272,65.59721488639687,Unfeasible shape,GPSampler,PRUNED
1837,1837,6.0,2026-04-21 18:43:13.886706,2026-04-21 18:43:14.200211,0 days 00:00:00.313505,-36.68032136502372,21.162340050772205,34.79034896707273,100.0,42.53161235233816,29.1776986103334,-60.207270525636474,46.13926906219312,57.270887173231465,28.245600214983895,3.114208428619108,65.92934991815652,Unfeasible shape,GPSampler,PRUNED
1838,1838,6.0,2026-04-21 18:43:14.370342,2026-04-21 18:43:14.512592,0 days 00:00:00.142250,-36.8191261448886,21.12540968317964,35.045932190576124,100.0,42.52555638291216,28.6407857152428,-60.24430642335123,46.238601361058784,56.8305900157352,28.494393422819883,3.023068088750115,65.34764270106494,Unfeasible shape,GPSampler,PRUNED
1839,1839,6.0,2026-04-21 18:43:14.709518,2026-04-21 18:43:14.872056,0 days 00:00:00.162538,-36.80379970553836,20.87300830581717,34.86071769929883,100.0,42.67286219676908,29.179908540053276,-60.3156435884585,45.85684282198546,57.09817576543644,28.381614465346544,3.2307243618297505,65.94363712875821,Unfeasible shape,GPSampler,PRUNED
1840,1840,6.0,2026-04-21 18:43:15.053242,2026-04-21 18:43:15.221709,0 days 00:00:00.168467,-36.680598529182575,20.826803836206246,34.929732400313924,100.0,43.0744401044451,29.083824006652073,-60.29275645535549,45.49606282087013,56.992393660306995,28.739663012281206,3.147933448258499,65.41164943666419,Unfeasible shape,GPSampler,PRUNED
1841,1841,6.0,2026-04-21 18:43:15.415042,2026-04-21 18:43:15.552936,0 days 00:00:00.137894,-36.72055338753191,21.06104600933086,34.90946513242417,100.0,42.82724889626345,28.867422940352462,-60.39826965630854,46.045584922663885,57.11491994576472,28.269299948423143,3.1110631748150084,65.53291073404128,Unfeasible shape,GPSampler,PRUNED
1842,1842,6.0,2026-04-21 18:43:15.710177,2026-04-21 18:43:15.837468,0 days 00:00:00.127291,-36.52455782674383,21.486031229095683,33.733120170898765,100.0,42.855059197610046,29.4639783774049,-60.441533194647825,45.786616469804954,57.04672600352923,28.394475882547876,3.244591801975943,65.97039748855761,Unfeasible shape,GPSampler,PRUNED
1843,1843,6.0,2026-04-21 18:43:15.997511,2026-04-21 18:43:16.188380,0 days 00:00:00.190869,-36.63834603773292,20.99635350618653,35.13667270504278,100.0,42.851483755280505,28.784404438899784,-60.38814022315615,46.01371819267326,57.339578020921685,28.389749608679285,3.1246744613799464,65.62641290082446,Unfeasible shape,GPSampler,PRUNED
1844,1844,6.0,2026-04-21 18:43:16.354824,2026-04-21 18:43:16.523977,0 days 00:00:00.169153,-36.58069362898524,20.757486077437218,34.50707265766338,100.0,42.52135247141028,29.498717792380212,-60.58785667223669,46.23138341895969,57.46531273919248,27.6968133043525,3.04466333480552,65.76277310007231,Unfeasible shape,GPSampler,PRUNED
1845,1845,6.0,2026-04-21 18:43:16.700521,2026-04-21 18:43:16.844699,0 days 00:00:00.144178,-36.80016918703903,21.226321668234526,34.77647844783459,100.0,42.86469079979304,28.948025292544095,-60.26301221070612,45.91705765189915,57.17523628820221,28.535187397439504,3.1029027488668532,65.8326636888476,Unfeasible shape,GPSampler,PRUNED
1846,1846,6.0,2026-04-21 18:43:17.025014,2026-04-21 18:43:17.164816,0 days 00:00:00.139802,-36.771893737653976,20.955542617517978,34.98062629752853,100.0,42.69908581603854,29.088424151573093,-60.30361679217995,46.03548362114608,57.09724951996309,28.423646196540854,3.1204265029958336,65.7456122520825,Unfeasible shape,GPSampler,PRUNED
1847,1847,6.0,2026-04-21 18:43:17.365720,2026-04-21 18:43:17.518749,0 days 00:00:00.153029,-36.83553712301417,20.86603208490242,34.98051277661227,100.0,42.803436493324696,29.145715264170178,-60.30808734680641,45.81660045905828,57.36010599904182,28.720587125412738,3.076786663869086,65.5981179651037,Unfeasible shape,GPSampler,PRUNED
1848,1848,6.0,2026-04-21 18:43:17.697289,2026-04-21 18:43:17.871435,0 days 00:00:00.174146,-36.790489451812384,21.727718746854073,34.661825628608966,100.0,43.208584921491344,28.792180372539406,-60.48224581376074,45.84276821407375,57.07129819945151,28.533454719754374,3.0426344964120418,65.59871462289287,Unfeasible shape,GPSampler,PRUNED
1849,1849,6.0,2026-04-21 18:43:18.058631,2026-04-21 18:43:18.156731,0 days 00:00:00.098100,-36.72372112675723,20.741773197616837,34.59023373755575,100.0,42.995908996148934,28.889117724834257,-60.603922620708104,45.45105447025424,57.20462214574428,28.42453692579029,3.105773049537845,65.54416445705382,Unfeasible shape,GPSampler,PRUNED
1850,1850,6.0,2026-04-21 18:43:18.320182,2026-04-21 18:43:18.449402,0 days 00:00:00.129220,-36.85700576227708,21.411224886913587,34.835113837171264,100.0,43.10191671704738,28.980698179565678,-60.798698769157454,45.80253455771754,57.37830965642604,28.49204266746922,3.093567513769834,65.7921349007761,Unfeasible shape,GPSampler,PRUNED
1851,1851,6.0,2026-04-21 18:43:18.588322,2026-04-21 18:43:18.742908,0 days 00:00:00.154586,-36.829423309086,21.23497922977032,34.49485716340892,100.0,42.9690184991757,29.14958201205424,-60.32759899243188,45.672287513347015,57.22827941959463,28.455451364052088,3.2399516600800027,66.10121415404245,Unfeasible shape,GPSampler,PRUNED
1852,1852,6.0,2026-04-21 18:43:18.963913,2026-04-21 18:43:19.129329,0 days 00:00:00.165416,-36.897372340859086,20.81915574679673,34.84678901578947,100.0,42.87730958324018,28.660718606308812,-60.23956890971728,45.963371481558376,57.20398135134793,28.48081415346225,3.147224561865116,65.5177302215105,Unfeasible shape,GPSampler,PRUNED
1853,1853,6.0,2026-04-21 18:43:19.275496,2026-04-21 18:43:19.466024,0 days 00:00:00.190528,-36.79296514134804,21.14974955513038,34.73626795701503,100.0,42.63125509090078,29.089748782979818,-60.34888009558618,45.97689842804031,57.212568113599254,28.37320589288397,3.14424563161802,65.77356110749446,Unfeasible shape,GPSampler,PRUNED
1854,1854,6.0,2026-04-21 18:43:19.633805,2026-04-21 18:43:19.746723,0 days 00:00:00.112918,-36.737473793920955,20.97083829794267,34.649125087814326,100.0,42.888159208920484,29.145773451268013,-60.47392683884182,45.80353058754312,57.2655150189058,28.255201471940165,3.129752670577524,65.71467692624354,Unfeasible shape,GPSampler,PRUNED
1855,1855,6.0,2026-04-21 18:43:19.908274,2026-04-21 18:43:20.056542,0 days 00:00:00.148268,-36.73873898328589,21.180618887911958,34.84650981931055,100.0,42.75090888716044,29.078891098039982,-60.27769699172245,46.05807135051176,57.25856207781373,28.46045310026303,3.1657331018310018,65.78616046591858,Unfeasible shape,GPSampler,PRUNED
1856,1856,6.0,2026-04-21 18:43:20.217318,2026-04-21 18:43:20.421359,0 days 00:00:00.204041,-37.01853067601084,21.066248281643404,35.04217522745902,100.0,43.25814391657806,28.792853373598646,-60.28371591412173,45.857282679775025,57.234258487385056,28.762717240682587,2.9651565076094855,65.34486334074377,Unfeasible shape,GPSampler,PRUNED
1857,1857,6.0,2026-04-21 18:43:20.607386,2026-04-21 18:43:20.797867,0 days 00:00:00.190481,-36.78600316944335,21.267080747871834,34.74105597980855,100.0,42.902811425238,29.19121512719449,-60.57467817594083,45.930649592377335,57.20222411486308,28.29722579961404,3.1278748700741374,65.73956098399614,Unfeasible shape,GPSampler,PRUNED
1858,1858,6.0,2026-04-21 18:43:20.983775,2026-04-21 18:43:21.168149,0 days 00:00:00.184374,-36.84279047818861,21.236216459060223,35.034613043843876,100.0,42.59096333737924,28.865309993769543,-60.26951600678267,46.005927004779885,57.09509672773438,28.625809639705565,3.117479318719724,65.67217767134579,Unfeasible shape,GPSampler,PRUNED
1859,1859,6.0,2026-04-21 18:43:21.518988,2026-04-21 18:43:21.709097,0 days 00:00:00.190109,-36.70110970827481,21.345511796445443,34.24803006857215,100.0,42.62893826153453,29.645096956664773,-60.559742120222666,46.02777703698337,57.38604059798283,27.958727155770372,3.3080742299209973,66.15768317138877,Unfeasible shape,GPSampler,PRUNED
1860,1860,6.0,2026-04-21 18:43:21.934947,2026-04-21 18:43:22.063795,0 days 00:00:00.128848,-36.87482145368419,20.77887274334305,34.70989652165724,100.0,42.85386050766682,29.04275088858747,-60.29468684109655,45.93142812412778,57.17403786702434,28.69264668116546,3.1437025211621545,65.82357715471723,Unfeasible shape,GPSampler,PRUNED
1861,1861,6.0,2026-04-21 18:43:22.227419,2026-04-21 18:43:22.369269,0 days 00:00:00.141850,-36.894355926454544,20.87950834223945,34.883699395960214,100.0,42.980060464272924,29.027642455367435,-60.349638369990885,45.984379537521875,57.08802174299358,28.379322972387346,3.1141906808556854,65.75171040241617,Unfeasible shape,GPSampler,PRUNED
1862,1862,6.0,2026-04-21 18:43:22.550492,2026-04-21 18:43:22.770309,0 days 00:00:00.219817,-36.88360372905595,20.801751882230132,34.57956109216735,100.0,42.598227636069836,29.32703276753695,-60.56550904554519,45.963964692065865,57.4429137827714,28.360815639906978,3.19715465179889,65.60831450726043,Unfeasible shape,GPSampler,PRUNED
