,number,value,datetime_start,datetime_complete,duration,params_lLegPt.rA1,params_lLegPt.rL0,params_lLegPt.rL1,params_lLegPt.rL2,params_lLegPt.x1,params_lLegPt.y1,params_sLegPt.rA1,params_sLegPt.rL0,params_sLegPt.rL1,params_sLegPt.rL2,params_sLegPt.x1,params_sLegPt.y1,user_attrs_prune,system_attrs_auto:sampler,state
3975,3975,6.0,2026-04-21 18:55:47.358275,2026-04-21 18:55:47.511561,0 days 00:00:00.153286,-36.89452894565081,20.9124938297166,34.90212370268958,100.0,42.966685127034296,28.955615539434774,-60.063547063226785,45.81459276711069,56.95632844767709,28.547563640416413,3.101966127184866,65.6585294995834,Unfeasible shape,GPSampler,PRUNED
3976,3976,6.0,2026-04-21 18:55:47.700799,2026-04-21 18:55:47.847090,0 days 00:00:00.146291,-36.8777307776853,20.78497080124668,34.383593077915044,100.0,42.93738511407702,29.008448025625327,-60.414311864961604,45.89808415350577,57.173892520221244,28.18385653053281,3.1259956122611285,65.77191443787795,Unfeasible shape,GPSampler,PRUNED
3977,3977,6.0,2026-04-21 18:55:48.049529,2026-04-21 18:55:48.211206,0 days 00:00:00.161677,-36.7065045184849,20.991068261686426,34.91474326168303,100.0,42.60431505615013,28.983462509904832,-60.29457571321132,45.827436031067315,57.18171548757051,28.490616860624208,3.1297114965813506,65.60789212402089,Unfeasible shape,GPSampler,PRUNED
3978,3978,6.0,2026-04-21 18:55:48.381372,2026-04-21 18:55:48.590294,0 days 00:00:00.208922,-36.71955381263536,20.473894984266156,35.7958538657896,99.90455126945736,42.36707048693673,28.514126135354473,-60.079279688449674,45.94575112465697,57.16564099701644,28.945105729800392,2.998549652040552,65.01271313262409,Unfeasible shape,GPSampler,PRUNED
3979,3979,6.0,2026-04-21 18:55:48.788368,2026-04-21 18:55:48.936082,0 days 00:00:00.147714,-36.70830487989651,20.937730546042566,35.087201689256645,100.0,42.860171125660344,29.491546588505706,-60.23921990089123,45.66708872755131,56.950682008964385,28.682400300172752,3.0072034398965712,65.41944041069767,Unfeasible shape,GPSampler,PRUNED
3980,3980,6.0,2026-04-21 18:55:49.114490,2026-04-21 18:55:49.304214,0 days 00:00:00.189724,-36.69934334958615,21.326419603343787,34.50908578172521,100.0,43.024265835851374,29.387185207364304,-60.64847028117565,45.50328659208215,57.14357210854029,27.816195891847816,3.2787632188870504,66.30324766626161,Unfeasible shape,GPSampler,PRUNED
3981,3981,6.0,2026-04-21 18:55:49.560482,2026-04-21 18:55:49.678348,0 days 00:00:00.117866,-36.87843920797463,21.04781125701993,34.8479751469342,100.0,42.77241283716377,28.875925613961243,-60.30542327747064,46.014155215363715,57.05418726174475,28.349053058360287,3.090975896380037,65.72826619636318,Unfeasible shape,GPSampler,PRUNED
3982,3982,6.0,2026-04-21 18:55:49.860984,2026-04-21 18:55:50.130543,0 days 00:00:00.269559,-36.813064978056836,21.0215504191398,34.862472658049086,100.0,42.79187991093729,29.005430998841177,-60.339875149568684,45.94058704250193,57.15837714483895,28.411894560594554,3.133007988530224,65.6815934110991,Unfeasible shape,GPSampler,PRUNED
3983,3983,6.0,2026-04-21 18:55:50.298434,2026-04-21 18:55:50.472717,0 days 00:00:00.174283,-36.77262934702702,20.966752739127447,34.81788780618487,100.0,42.77372860076501,29.184401697055975,-60.254991194369396,45.94521031972705,57.172767976706616,28.338109457929786,3.107539630330379,65.80458764611525,Unfeasible shape,GPSampler,PRUNED
3984,3984,6.0,2026-04-21 18:55:50.633740,2026-04-21 18:55:50.804814,0 days 00:00:00.171074,-36.7526522608507,20.865895307235668,35.1677410317203,100.0,43.49044590328427,28.35659793961114,-59.90360117700472,46.098482358505414,57.4177559769095,28.95876583526078,3.048486957501126,65.60511157463719,Unfeasible shape,GPSampler,PRUNED
3985,3985,6.0,2026-04-21 18:55:50.971639,2026-04-21 18:55:51.159005,0 days 00:00:00.187366,-36.777930858703684,20.996610972960195,34.78954010614386,100.0,42.74106336153642,29.103544840934518,-60.34163513319541,45.90763589511149,57.18793753860885,28.41038803682559,3.1428066676443365,65.71494293040317,Unfeasible shape,GPSampler,PRUNED
3986,3986,6.0,2026-04-21 18:55:51.330479,2026-04-21 18:55:51.519408,0 days 00:00:00.188929,-36.72632720014936,20.7971756537141,34.800103455789404,100.0,42.63391671497555,29.222919192219813,-60.365765493777204,46.02311651794555,57.18681500709071,28.0262423508148,3.142309796156063,65.76115143277198,Unfeasible shape,GPSampler,PRUNED
3987,3987,6.0,2026-04-21 18:55:51.707600,2026-04-21 18:55:51.864993,0 days 00:00:00.157393,-36.84028945280609,20.706092400671437,35.176153897981536,100.0,42.802878449124684,28.82633719414126,-60.391092273138696,46.04614688795518,56.972607537514726,28.820818904079125,3.086709966398125,65.7631043968694,Unfeasible shape,GPSampler,PRUNED
3988,3988,6.0,2026-04-21 18:55:52.050629,2026-04-21 18:55:52.245761,0 days 00:00:00.195132,-36.754319335414394,20.953513480678332,34.93761355690204,100.0,42.63683176261675,29.123551732065465,-60.32310775838857,45.91413387792621,57.04553963995642,28.34366699382914,3.137774328352201,65.69751593945541,Unfeasible shape,GPSampler,PRUNED
3989,3989,6.0,2026-04-21 18:55:52.457207,2026-04-21 18:55:52.622708,0 days 00:00:00.165501,-36.80895506628506,21.010667992260874,34.92110399152683,100.0,42.83737950724749,28.903324892430803,-60.308257126045646,45.935705242632494,57.137380367328525,28.550396815106158,3.083886798892763,65.57477765407754,Unfeasible shape,GPSampler,PRUNED
3990,3990,6.0,2026-04-21 18:55:52.838403,2026-04-21 18:55:52.965790,0 days 00:00:00.127387,-36.719070188813276,21.010096320169744,34.8587078082511,100.0,42.69784632205126,29.12925311643295,-60.27620565665595,46.14488275520907,57.229241336997454,28.235859517363938,3.101103959882707,65.71388810845909,Unfeasible shape,GPSampler,PRUNED
3991,3991,6.0,2026-04-21 18:55:53.164044,2026-04-21 18:55:53.338960,0 days 00:00:00.174916,-36.80688258280105,20.87779818101975,34.920033441123564,100.0,42.754559889492455,28.813820094931273,-60.38720750536537,45.87957589620231,57.05879648548573,28.677233074597144,3.035863295653904,65.54669717086085,Unfeasible shape,GPSampler,PRUNED
3992,3992,6.0,2026-04-21 18:55:53.539262,2026-04-21 18:55:53.746575,0 days 00:00:00.207313,-36.971348050136314,20.81181647742269,34.9729079410656,100.0,42.76004675142279,29.06072951595887,-60.31793120686231,45.875507295841864,56.9758147617148,28.42328322034383,3.0581863936306632,65.23093564823014,Unfeasible shape,GPSampler,PRUNED
3993,3993,6.0,2026-04-21 18:55:53.952134,2026-04-21 18:55:54.093762,0 days 00:00:00.141628,-36.84258019509135,20.744916808757893,34.84450886439282,100.0,42.69097486483873,29.18954684864633,-60.229324979206154,45.74981520017537,57.06848383074846,28.520361888556064,3.139903769320462,65.84521910836679,Unfeasible shape,GPSampler,PRUNED
3994,3994,6.0,2026-04-21 18:55:54.305495,2026-04-21 18:55:54.490408,0 days 00:00:00.184913,-36.781179296605465,21.12504365918659,34.82995257391728,100.0,42.70590277223301,28.883703487083245,-60.45719330544586,45.915425430044884,57.11671857616353,28.66219538167497,3.0645885182269197,65.56786409519631,Unfeasible shape,GPSampler,PRUNED
3995,3995,6.0,2026-04-21 18:55:54.821770,2026-04-21 18:55:54.956643,0 days 00:00:00.134873,-36.90843539371404,21.467525626705633,34.3895733576734,100.0,42.95131762244771,29.177876709620612,-60.49955546466008,46.081342872874295,57.23301359963382,28.255604746866467,3.2488265856175786,65.9561704716046,Unfeasible shape,GPSampler,PRUNED
3996,3996,6.0,2026-04-21 18:55:55.157249,2026-04-21 18:55:55.310712,0 days 00:00:00.153463,-36.99450195574817,21.917986684560447,34.00415208316046,100.0,42.66247959622936,29.174894435115796,-60.62625165523882,45.72551227016951,56.89650117729804,28.810023016811915,3.280725847866286,66.0476996621222,Unfeasible shape,GPSampler,PRUNED
3997,3997,6.0,2026-04-21 18:55:55.543660,2026-04-21 18:55:55.705671,0 days 00:00:00.162011,-36.6047843642687,21.10127318985864,34.698555128680816,100.0,43.30343299385233,28.834143524876303,-60.05351307810799,45.27846227956474,57.45918502834023,28.065601476764872,3.258677785577561,66.35394146840834,Unfeasible shape,GPSampler,PRUNED
3998,3998,6.0,2026-04-21 18:55:55.921130,2026-04-21 18:55:56.066019,0 days 00:00:00.144889,-36.71822117830391,20.847241702603917,34.512187524559714,100.0,43.136970829522525,29.39974180223654,-60.19168191630058,46.052323481876904,57.12116011243123,28.429487099173077,3.151823465850512,66.04505402868205,Unfeasible shape,GPSampler,PRUNED
3999,3999,6.0,2026-04-21 18:55:56.267635,2026-04-21 18:55:56.438384,0 days 00:00:00.170749,-36.696883081304584,20.807861711421538,34.816682495845455,100.0,42.925971243056615,29.117937311905855,-60.47539652342634,45.609130693281955,57.03270204729498,28.183160046210105,3.1406286740553497,65.8487587360675,Unfeasible shape,GPSampler,PRUNED
4000,4000,6.0,2026-04-21 18:55:56.696727,2026-04-21 18:55:56.878880,0 days 00:00:00.182153,-36.73289408785309,21.00917472125495,34.9786438863069,100.0,42.70528168469296,28.961357862906453,-60.32752815235212,45.94237467345419,57.0681350049904,28.552673057140176,3.0699288862331073,65.6225562788791,Unfeasible shape,GPSampler,PRUNED
4001,4001,6.0,2026-04-21 18:55:57.142960,2026-04-21 18:55:57.291331,0 days 00:00:00.148371,-36.72573992298495,21.094058020817727,34.78643830118752,100.0,42.86643314477716,28.9362180072538,-60.29120357422222,45.90162052046717,57.08921770917658,28.669064295708235,3.1264731179741503,65.84517009370933,Unfeasible shape,GPSampler,PRUNED
4002,4002,6.0,2026-04-21 18:55:57.520901,2026-04-21 18:55:57.720138,0 days 00:00:00.199237,-36.76718698551019,21.03016420405119,34.95721084340471,100.0,42.518503640379784,28.88597156229948,-60.389819787356416,46.31464424383042,57.20192561455529,28.528964086221208,3.0998886709095146,65.61642667635553,Unfeasible shape,GPSampler,PRUNED
4003,4003,6.0,2026-04-21 18:55:57.894010,2026-04-21 18:55:58.059024,0 days 00:00:00.165014,-36.83305111795129,20.955767510230167,34.61838616903942,100.0,42.69032150654919,29.12450144704571,-60.40059375851265,45.94070553856863,56.82182371732979,28.20723862664427,3.190468423516471,65.4613642185016,Unfeasible shape,GPSampler,PRUNED
4004,4004,6.0,2026-04-21 18:55:58.267673,2026-04-21 18:55:58.426526,0 days 00:00:00.158853,-36.74955114692963,21.216712344247206,34.69495740353635,100.0,42.76997720968625,29.019043021608987,-60.503604642376814,45.92744398841677,57.2039646826586,28.60161765178359,3.108500611501057,65.76140381664193,Unfeasible shape,GPSampler,PRUNED
4005,4005,6.0,2026-04-21 18:55:58.617888,2026-04-21 18:55:58.762260,0 days 00:00:00.144372,-36.86373726330658,20.94955616038545,34.8302918105377,100.0,42.82376032249256,29.011238549040705,-60.32586786255574,45.96752043208394,57.16750312657557,28.339601881035556,3.1615767117745293,65.72820718233498,Unfeasible shape,GPSampler,PRUNED
4006,4006,6.0,2026-04-21 18:55:58.991485,2026-04-21 18:55:59.165710,0 days 00:00:00.174225,-36.857691486054996,21.32888624144253,34.633486592394036,100.0,42.55540698140492,29.451298811515535,-60.53722623232731,45.796768227822284,57.23762139337503,28.565922215734695,3.250460555854353,66.12875588203877,Unfeasible shape,GPSampler,PRUNED
4007,4007,6.0,2026-04-21 18:55:59.357994,2026-04-21 18:55:59.581416,0 days 00:00:00.223422,-36.77786646037389,21.06208242426203,34.73718159982937,100.0,42.760704180562605,29.20962338695601,-60.48617732589559,46.16752025186834,57.15691078696196,28.39009968740378,3.0974404287462747,65.60184678996416,Unfeasible shape,GPSampler,PRUNED
4008,4008,6.0,2026-04-21 18:55:59.758288,2026-04-21 18:55:59.881858,0 days 00:00:00.123570,-36.83610005645418,21.37654548595501,34.396973046058136,100.0,42.95511786691039,29.133291918269222,-60.57691453449921,45.77081163997775,57.111881381489475,28.44836681675276,3.2544682881850804,65.93547633739968,Unfeasible shape,GPSampler,PRUNED
4009,4009,6.0,2026-04-21 18:56:00.050622,2026-04-21 18:56:00.207741,0 days 00:00:00.157119,-36.82908750237158,21.005673292372038,34.89012990428998,100.0,42.806605159272955,29.045124699575673,-60.25682330132337,45.77402467617491,57.11836314335626,28.304650744759584,3.1240666246951676,65.66907562963188,Unfeasible shape,GPSampler,PRUNED
4010,4010,6.0,2026-04-21 18:56:00.435082,2026-04-21 18:56:00.615076,0 days 00:00:00.179994,-36.743655844846955,21.11608192594531,34.294527166914094,100.0,43.01627749292403,29.4703852356731,-60.51425344942417,45.99426299553304,57.24509473397227,27.981482102166698,3.1612005385281847,66.01082280155401,Unfeasible shape,GPSampler,PRUNED
4011,4011,6.0,2026-04-21 18:56:00.859669,2026-04-21 18:56:01.014857,0 days 00:00:00.155188,-36.630720107182356,20.92423976748367,35.05119497935651,100.0,42.833560736883996,29.046048339965623,-60.16037117734312,45.88428795741754,57.04392389021199,28.759331279621605,3.13950291237677,65.47144387393955,Unfeasible shape,GPSampler,PRUNED
4012,4012,6.0,2026-04-21 18:56:01.193232,2026-04-21 18:56:01.313953,0 days 00:00:00.120721,-36.68788834978685,21.172089706960588,34.64057770646426,100.0,42.71411204941382,29.022496924163512,-60.378427996815546,46.09064538819303,57.147740117820184,28.44888060863419,3.13989771182154,65.86779618243784,Unfeasible shape,GPSampler,PRUNED
4013,4013,6.0,2026-04-21 18:56:01.486240,2026-04-21 18:56:01.669971,0 days 00:00:00.183731,-36.66134598130938,20.782627391813964,35.059787649856524,100.0,42.87892288112392,28.916074251549986,-60.25980877838472,45.964615661679005,57.0287764789065,28.527300875468605,3.164954351191483,65.77001420556472,Unfeasible shape,GPSampler,PRUNED
4014,4014,6.0,2026-04-21 18:56:01.849938,2026-04-21 18:56:02.018530,0 days 00:00:00.168592,-36.83515765822228,20.9717747841071,34.24077950201892,100.0,42.661115317135476,29.01014935877364,-60.413388305853516,46.035002728653666,57.28178670522493,28.47375214661498,3.2191821577117494,66.10782980467283,Unfeasible shape,GPSampler,PRUNED
4015,4015,6.0,2026-04-21 18:56:02.214990,2026-04-21 18:56:02.350874,0 days 00:00:00.135884,-36.77208354062223,21.096088417223342,34.96326185577503,100.0,42.750828610695194,29.07712093758446,-60.36761978951928,45.98310953194505,57.115264918314395,28.48579521362931,3.0998351094131564,65.56764698369365,Unfeasible shape,GPSampler,PRUNED
4016,4016,6.0,2026-04-21 18:56:02.538138,2026-04-21 18:56:02.720981,0 days 00:00:00.182843,-36.86028136259095,20.54316480546661,35.2009053247298,100.0,42.95554742903812,28.599694700850208,-60.18559971034857,45.709174109572295,56.9396532976553,28.83452240811936,3.052010033076698,65.49869470753451,Unfeasible shape,GPSampler,PRUNED
4017,4017,6.0,2026-04-21 18:56:02.915025,2026-04-21 18:56:03.050878,0 days 00:00:00.135853,-36.83734350073433,20.758900280713352,34.890677439803255,100.0,42.47284428722475,28.67020907623165,-60.28822617885904,45.88626478670838,57.31274797308875,28.596583621798153,3.072656034248965,65.63153819150712,Unfeasible shape,GPSampler,PRUNED
4018,4018,6.0,2026-04-21 18:56:03.221298,2026-04-21 18:56:03.366309,0 days 00:00:00.145011,-36.84664068664101,21.11657367529633,34.70150556239606,100.0,42.70933524357357,29.30804000487494,-60.35078550536181,45.88594184628337,57.32841007618727,28.07937032773868,3.117608084355062,65.96411081341572,Unfeasible shape,GPSampler,PRUNED
4019,4019,6.0,2026-04-21 18:56:03.550338,2026-04-21 18:56:03.696359,0 days 00:00:00.146021,-36.8160899161458,20.9427810470705,34.974923880272,100.0,42.773497245336955,29.039245590783132,-60.34724917381287,46.00270730711255,57.14212728970225,28.46044450710714,3.0848239967953077,65.77693446336218,Unfeasible shape,GPSampler,PRUNED
4020,4020,6.0,2026-04-21 18:56:03.936540,2026-04-21 18:56:04.146525,0 days 00:00:00.209985,-36.695222857675084,21.098367607089912,34.903537778006886,100.0,42.93425964164765,28.91280897012824,-60.420555735099036,45.82101972006422,57.07245975252488,28.48941144227184,3.085218458228276,65.78254844972408,Unfeasible shape,GPSampler,PRUNED
4021,4021,6.0,2026-04-21 18:56:04.333888,2026-04-21 18:56:04.466281,0 days 00:00:00.132393,-36.786852127597164,20.355447786014857,35.06636543737446,100.0,42.605335085513396,29.197163667517344,-60.481714067184605,45.83271348198667,57.06838743753209,28.4021341679853,3.0606232676553873,65.60956975736025,Unfeasible shape,GPSampler,PRUNED
4022,4022,6.0,2026-04-21 18:56:04.677576,2026-04-21 18:56:04.833002,0 days 00:00:00.155426,-36.76391942317771,20.919228943696943,34.75591658280818,100.0,42.90061759260925,29.325673075097363,-60.36180525662707,45.90522747909477,57.03399995768849,28.324105435553907,3.1804397705252967,65.92414260299282,Unfeasible shape,GPSampler,PRUNED
4023,4023,6.0,2026-04-21 18:56:05.036252,2026-04-21 18:56:05.200606,0 days 00:00:00.164354,-36.77887268985075,21.1385739395703,34.93295328127887,100.0,42.702551135505836,28.91326273526274,-60.37192356870611,45.943742146226946,57.215865705595014,28.408956196970355,3.1237759067996294,65.72948232860215,Unfeasible shape,GPSampler,PRUNED
4024,4024,6.0,2026-04-21 18:56:05.428154,2026-04-21 18:56:05.601678,0 days 00:00:00.173524,-36.851292334782755,21.094449055970912,34.91069897175935,100.0,42.851052256776065,28.874960923505377,-60.33008540699805,45.921904076356036,57.16605942216425,28.45390303363663,3.0859835013930024,65.6013994911698,Unfeasible shape,GPSampler,PRUNED
4025,4025,6.0,2026-04-21 18:56:05.771719,2026-04-21 18:56:05.917891,0 days 00:00:00.146172,-36.772842884670474,20.974134060237084,35.07008458113593,100.0,42.735910891183806,29.08039745146081,-60.40412433663495,46.11610267010726,57.10223222348169,28.31915786644142,3.074985751983199,65.65476994152641,Unfeasible shape,GPSampler,PRUNED
4026,4026,6.0,2026-04-21 18:56:06.107271,2026-04-21 18:56:06.266696,0 days 00:00:00.159425,-36.8120242447305,21.334466082268907,34.75894351138519,100.0,42.87757712964992,28.992534984174306,-60.48660273664646,45.83315889597876,57.10444743318124,28.64726632893861,3.1134873010407134,65.63580780626096,Unfeasible shape,GPSampler,PRUNED
4027,4027,6.0,2026-04-21 18:56:06.482236,2026-04-21 18:56:06.624725,0 days 00:00:00.142489,-36.74046848550995,21.07867746125173,34.79725430385994,100.0,42.75270890828959,29.148998604820434,-60.41171026659515,45.947487032795884,57.167522692020604,28.324706404620457,3.1386268807419526,65.75554523586955,Unfeasible shape,GPSampler,PRUNED
4028,4028,6.0,2026-04-21 18:56:06.803033,2026-04-21 18:56:06.953282,0 days 00:00:00.150249,-36.73669062112201,21.22075989011661,34.88985314947554,100.0,42.77599701665385,28.92699319889521,-60.351197882730176,45.99184173003784,57.09574652284989,28.78996181284413,3.0703664897007243,65.67641683084253,Unfeasible shape,GPSampler,PRUNED
4029,4029,6.0,2026-04-21 18:56:07.121739,2026-04-21 18:56:07.247853,0 days 00:00:00.126114,-36.74638689056879,20.83623927500941,34.73394852115189,100.0,42.40966864636276,29.102608631626822,-60.33923221612909,45.564297565011685,57.26357669579596,28.518725987239026,3.1381326366411315,65.66113263685443,Unfeasible shape,GPSampler,PRUNED
4030,4030,6.0,2026-04-21 18:56:07.490066,2026-04-21 18:56:07.625659,0 days 00:00:00.135593,-36.65738148184323,20.527699945763217,34.37865643493298,100.0,43.403267536691644,29.331378049898852,-60.22169706373414,45.35435430691113,57.21398474479515,28.12981183073443,3.192443024632176,66.12156922925857,Unfeasible shape,GPSampler,PRUNED
4031,4031,6.0,2026-04-21 18:56:07.795590,2026-04-21 18:56:07.964406,0 days 00:00:00.168816,-36.72077604847479,20.9710758376189,34.80602949170682,100.0,42.66338599866678,29.233886211064096,-60.317262645923776,45.982547733884175,57.16153106573222,28.106835887716585,3.1007559261867144,65.83338026234574,Unfeasible shape,GPSampler,PRUNED
4032,4032,6.0,2026-04-21 18:56:08.128078,2026-04-21 18:56:08.290980,0 days 00:00:00.162902,-36.79931668306952,21.028271214804413,34.77358154504718,100.0,42.570799920569705,29.032160218134557,-60.517724222523505,45.83328552844549,57.18584578923657,28.43557589308599,3.0511076287002936,65.50353840190031,Unfeasible shape,GPSampler,PRUNED
4033,4033,6.0,2026-04-21 18:56:08.480899,2026-04-21 18:56:08.610055,0 days 00:00:00.129156,-36.70793497852815,21.158969477443456,34.806505592279194,100.0,42.72034423762749,29.101207459986185,-60.37363234253476,45.97228019498975,57.10427424575466,28.65339815430863,3.1421745500395417,65.58229159072751,Unfeasible shape,GPSampler,PRUNED
4034,4034,6.0,2026-04-21 18:56:08.818668,2026-04-21 18:56:08.992356,0 days 00:00:00.173688,-36.797193178399816,21.002533681378104,34.53998639965337,100.0,42.79704944434898,28.999434295216375,-60.28427316638803,45.75226797820712,57.2328864142192,28.557752358161675,3.1276066468148827,66.06166752342962,Unfeasible shape,GPSampler,PRUNED
4035,4035,6.0,2026-04-21 18:56:09.177902,2026-04-21 18:56:09.304130,0 days 00:00:00.126228,-36.71469155174781,21.172651332834278,34.96292435174025,100.0,42.967814497946826,28.736498510619896,-60.598753081316474,45.96299964613257,57.07519574494297,28.693979473852334,3.0767635980753028,65.56903470724907,Unfeasible shape,GPSampler,PRUNED
4036,4036,6.0,2026-04-21 18:56:09.486907,2026-04-21 18:56:09.659178,0 days 00:00:00.172271,-36.75645441212203,21.292171104297452,34.91646572870269,100.0,42.773804040732635,29.004952057474817,-60.34409402068745,45.93002014967494,57.194213163307,28.655771352830858,3.1178228816879567,65.74978575046913,Unfeasible shape,GPSampler,PRUNED
4037,4037,6.0,2026-04-21 18:56:09.835897,2026-04-21 18:56:09.992699,0 days 00:00:00.156802,-36.81311306758868,20.982723241809815,34.81236160351951,100.0,42.70879693001621,28.937651659637538,-60.48227510965541,45.868360539869215,57.084951465572765,28.460035530137272,3.1121552855146817,65.64705497138772,Unfeasible shape,GPSampler,PRUNED
4038,4038,6.0,2026-04-21 18:56:10.195602,2026-04-21 18:56:10.350932,0 days 00:00:00.155330,-36.78144109405829,20.961366552581083,34.988898072653996,100.0,42.794137984525335,28.87134690797957,-60.28727752429313,45.979831482709756,57.04509906598834,28.62367693250295,3.0749710762755598,65.59128699031889,Unfeasible shape,GPSampler,PRUNED
