,number,value,datetime_start,datetime_complete,duration,params_lLegPt.rA1,params_lLegPt.rL0,params_lLegPt.rL1,params_lLegPt.rL2,params_lLegPt.x1,params_lLegPt.y1,params_sLegPt.rA1,params_sLegPt.rL0,params_sLegPt.rL1,params_sLegPt.rL2,params_sLegPt.x1,params_sLegPt.y1,user_attrs_prune,system_attrs_auto:sampler,state
4167,4167,6.0,2026-04-21 18:56:57.931730,2026-04-21 18:56:58.109022,0 days 00:00:00.177292,-36.79657697239993,20.92742991202018,34.91306048126157,100.0,42.70098938390954,28.853985746811652,-60.28677659288985,45.937796332804695,57.04392098693959,28.63498080150633,3.0929325977708046,65.67550306314888,Unfeasible shape,GPSampler,PRUNED
4168,4168,6.0,2026-04-21 18:56:58.318384,2026-04-21 18:56:58.485780,0 days 00:00:00.167396,-36.8227507879202,21.034607979096705,34.617646875807026,100.0,42.77579295665747,29.12746428094922,-60.32015762606163,45.8960578269755,57.19464945110721,28.327265158773656,3.1312486645901885,65.94622539256792,Unfeasible shape,GPSampler,PRUNED
4169,4169,6.0,2026-04-21 18:56:58.674348,2026-04-21 18:56:58.819618,0 days 00:00:00.145270,-36.773437136883885,20.88652354941496,35.00543470902654,100.0,42.718127977495534,29.120744936530514,-60.23624565292837,45.88553781472229,57.02830177259753,28.45238407146926,3.067902679493727,65.67671121173981,Unfeasible shape,GPSampler,PRUNED
4170,4170,6.0,2026-04-21 18:56:59.006069,2026-04-21 18:56:59.162571,0 days 00:00:00.156502,-36.83828228006959,21.045198268625843,35.19762498812025,100.0,42.71241838104272,28.956883503944894,-60.16266522676628,46.042887256087894,57.16035687602932,28.57418437917385,3.0748828801662853,65.45854338400994,Unfeasible shape,GPSampler,PRUNED
4171,4171,6.0,2026-04-21 18:56:59.344694,2026-04-21 18:56:59.500300,0 days 00:00:00.155606,-36.785403044978544,20.951849568917837,35.18785667839153,100.0,42.73070833768912,28.88744236050362,-60.18912278418922,45.8399324594983,57.01224828419672,28.50051771312788,3.1204746820180347,65.5243163971352,Unfeasible shape,GPSampler,PRUNED
4172,4172,6.0,2026-04-21 18:56:59.789585,2026-04-21 18:56:59.949183,0 days 00:00:00.159598,-36.80300056212121,20.98035188041053,34.9662374812674,100.0,42.577717747721046,28.829522660939276,-60.27701099681769,45.888752152390616,57.16838600863427,28.445766986426907,3.102653519724612,65.51600737608548,Unfeasible shape,GPSampler,PRUNED
4173,4173,6.0,2026-04-21 18:57:00.137367,2026-04-21 18:57:00.288029,0 days 00:00:00.150662,-36.72983848188754,21.012476775000017,34.86715812613984,100.0,42.74123092656673,28.90955433643863,-60.269215238819825,45.794343954676634,57.19950042614877,28.673910497064625,3.1061921047030268,65.80955892715184,Unfeasible shape,GPSampler,PRUNED
4174,4174,6.0,2026-04-21 18:57:00.493904,2026-04-21 18:57:00.665467,0 days 00:00:00.171563,-36.816843415693754,20.651131649024727,34.92284379026013,100.0,42.594963423751906,28.52517115905715,-60.3315239012634,46.45975063495989,57.254434372943095,28.58109827407352,2.9707654208357255,65.48811443366802,Unfeasible shape,GPSampler,PRUNED
4175,4175,6.0,2026-04-21 18:57:00.840353,2026-04-21 18:57:00.994181,0 days 00:00:00.153828,-36.78640245717451,21.04188961822822,34.92426820975927,100.0,42.75212808044357,28.952473191234567,-60.20260497387828,46.07818213555092,57.23323350667399,28.53294517331455,3.0856593674060733,65.6402523983906,Unfeasible shape,GPSampler,PRUNED
4176,4176,6.0,2026-04-21 18:57:01.211482,2026-04-21 18:57:01.379607,0 days 00:00:00.168125,-36.79444533226817,21.111547945349457,34.694982875928886,100.0,42.62908070782701,29.153432999950567,-60.35940084854542,46.01683652147141,57.19780218944123,28.31837536007271,3.1682946900191595,65.76659383600992,Unfeasible shape,GPSampler,PRUNED
4177,4177,6.0,2026-04-21 18:57:01.577817,2026-04-21 18:57:01.767009,0 days 00:00:00.189192,-36.77079138501749,21.18622430290192,34.7087226673543,100.0,42.73060487982722,29.148911062875158,-60.49602660610338,45.9857084343579,57.19178754793475,28.40859324175887,3.1347576136483397,65.65916869264225,Unfeasible shape,GPSampler,PRUNED
4178,4178,6.0,2026-04-21 18:57:01.939439,2026-04-21 18:57:02.131114,0 days 00:00:00.191675,-36.71040695943444,21.135251601627356,34.89643018063593,100.0,42.762716004680065,29.217899118431667,-60.30312291030381,45.87941024717788,57.13926936404937,28.411212477108805,3.1532293791604076,65.91338327372604,Unfeasible shape,GPSampler,PRUNED
4179,4179,6.0,2026-04-21 18:57:02.323522,2026-04-21 18:57:02.511541,0 days 00:00:00.188019,-36.54210079126163,21.11070800106311,34.51261162914479,100.0,42.485861049072135,29.454674492194336,-60.728529867535535,46.251135913919335,57.454541035610035,28.0343488740442,3.1757796395407354,65.86882562383903,Unfeasible shape,GPSampler,PRUNED
4180,4180,6.0,2026-04-21 18:57:02.728817,2026-04-21 18:57:02.910863,0 days 00:00:00.182046,-36.80195547261532,20.758008522200036,34.933713252285486,100.0,42.579361612662645,29.10436662788787,-60.25914432317102,45.981507117055784,57.26467047193992,28.115016571311465,3.12923716860341,65.5744079052061,Unfeasible shape,GPSampler,PRUNED
4181,4181,6.0,2026-04-21 18:57:03.121329,2026-04-21 18:57:03.282583,0 days 00:00:00.161254,-36.74966685721198,20.693169116600686,35.055098961853005,100.0,42.78348504841347,28.872330637136933,-60.297184720959955,45.73732380361864,57.0221171930911,28.241119856939385,3.1123305604082603,65.73948939899262,Unfeasible shape,GPSampler,PRUNED
4182,4182,6.0,2026-04-21 18:57:03.476336,2026-04-21 18:57:03.614284,0 days 00:00:00.137948,-36.846627759674554,20.12333258075032,35.30099909938971,99.87650741510684,42.293756290733974,28.46098827450951,-59.94180856019875,45.6688305993327,57.133190660339494,28.745908089918778,3.1280490168692765,65.60075923302605,Unfeasible shape,GPSampler,PRUNED
4183,4183,6.0,2026-04-21 18:57:03.809941,2026-04-21 18:57:04.017078,0 days 00:00:00.207137,-36.68656686312321,20.59400691693755,35.01932370577181,100.0,43.06745505584735,29.139988352576182,-59.91255689411298,46.56104650808926,57.142018750725825,28.330005380058427,3.1757027967833977,65.61029662631184,Unfeasible shape,GPSampler,PRUNED
4184,4184,6.0,2026-04-21 18:57:04.255904,2026-04-21 18:57:04.402947,0 days 00:00:00.147043,-36.69799268050015,20.374207459049728,35.01641987205924,100.0,42.61223607158999,29.148664715291375,-60.20475957627909,45.86709254307274,56.93063121686319,28.38234337207363,3.1356884702811882,65.69360873331604,Unfeasible shape,GPSampler,PRUNED
4185,4185,6.0,2026-04-21 18:57:04.602895,2026-04-21 18:57:04.765323,0 days 00:00:00.162428,-36.767079512472016,21.158711017710043,34.71885151076807,100.0,42.585756152742384,29.034157811841858,-60.34999187358201,46.0461910958077,57.26989794644021,28.392192815092987,3.1141841670531676,65.6429082742973,Unfeasible shape,GPSampler,PRUNED
4186,4186,6.0,2026-04-21 18:57:04.929553,2026-04-21 18:57:05.073460,0 days 00:00:00.143907,-36.80849684972058,21.264459389735205,34.550617688071355,100.0,42.685271966439835,29.297192733789934,-60.3956935520809,46.27757474856465,57.72189081439145,28.364052941166054,3.18249155638663,66.14058241235881,Unfeasible shape,GPSampler,PRUNED
4187,4187,6.0,2026-04-21 18:57:05.244022,2026-04-21 18:57:05.394133,0 days 00:00:00.150111,-36.6959858966548,21.03408449022881,34.93113614478226,100.0,42.924831902622074,29.13261873724216,-60.31027197469108,45.96983992047986,56.913878274904924,28.18055548944812,3.0999504719797812,65.51304031114867,Unfeasible shape,GPSampler,PRUNED
4188,4188,6.0,2026-04-21 18:57:05.573101,2026-04-21 18:57:05.740763,0 days 00:00:00.167662,-36.789171650707104,20.651583935981787,34.6469702851593,100.0,42.73454717645483,29.019503737532105,-60.545486558424244,45.75643494677056,57.025388817185345,28.79250772977708,3.167258809262492,65.86019367689897,Unfeasible shape,GPSampler,PRUNED
4189,4189,6.0,2026-04-21 18:57:05.936663,2026-04-21 18:57:06.100033,0 days 00:00:00.163370,-36.87590711445163,20.802890409421977,34.79895067511842,100.0,42.69398262190257,28.896209390488195,-60.52713037983588,45.55532503675542,56.83929092298812,28.18832211645896,3.0065098293444663,65.65696870256234,Unfeasible shape,GPSampler,PRUNED
4190,4190,6.0,2026-04-21 18:57:06.298989,2026-04-21 18:57:06.445161,0 days 00:00:00.146172,-36.74274309321488,21.014106907091303,34.869595371452746,100.0,42.534533393687504,29.509092331226633,-60.56404996673828,45.76343259671412,57.10698551989937,28.302428064975146,3.262758938392878,65.69652785277842,Unfeasible shape,GPSampler,PRUNED
4191,4191,6.0,2026-04-21 18:57:06.658806,2026-04-21 18:57:06.816917,0 days 00:00:00.158111,-36.86818582199067,20.999905319876966,34.7850343435653,100.0,43.00649099945305,29.137266265812954,-60.187991586726426,45.61981843519021,57.40976865455761,28.729794787420072,3.218871822368712,65.80342986380487,Unfeasible shape,GPSampler,PRUNED
4192,4192,6.0,2026-04-21 18:57:07.014842,2026-04-21 18:57:07.173203,0 days 00:00:00.158361,-36.7662871924592,20.986461645151074,35.03359610162549,100.0,42.72905987985412,28.91402690367171,-60.19452281349471,46.07292457853218,57.111180762528875,28.47251283029553,3.0885679416270264,65.6485889160718,Unfeasible shape,GPSampler,PRUNED
4193,4193,6.0,2026-04-21 18:57:07.377804,2026-04-21 18:57:07.535649,0 days 00:00:00.157845,-36.754676225577626,20.547035704181454,35.5561293878049,100.0,42.840513442440184,28.826531823803407,-60.393961623659735,45.926464070351976,57.142264736429254,28.718735466772802,3.0281669728533345,65.27860780111399,Unfeasible shape,GPSampler,PRUNED
4194,4194,6.0,2026-04-21 18:57:07.738110,2026-04-21 18:57:07.880937,0 days 00:00:00.142827,-36.774203334279136,21.153683878871522,34.95188743687546,100.0,42.61808593270836,28.70726596235974,-60.26845709038372,46.137974196757206,57.15101953178895,28.508902714838428,3.080312253777045,65.52945881073276,Unfeasible shape,GPSampler,PRUNED
4195,4195,6.0,2026-04-21 18:57:08.077951,2026-04-21 18:57:08.249962,0 days 00:00:00.172011,-36.87246911274839,21.59075827315054,35.09669864956322,100.0,42.961957805276604,28.183180757930145,-60.28960462820967,45.9395137353873,57.16791560314846,29.08588288865931,3.039415158235073,65.30700630701054,Unfeasible shape,GPSampler,PRUNED
4196,4196,6.0,2026-04-21 18:57:08.448223,2026-04-21 18:57:08.650218,0 days 00:00:00.201995,-36.725875466553454,20.727735305665156,35.046179608204284,100.0,42.17774372805579,28.129753994423282,-60.01048356376978,46.27882555014287,56.3665894727578,27.964400982519347,3.0096851603322747,65.75701416931946,Unfeasible shape,GPSampler,PRUNED
4197,4197,6.0,2026-04-21 18:57:08.833253,2026-04-21 18:57:08.997705,0 days 00:00:00.164452,-36.890429292510376,20.91488840928168,35.12980193653436,100.0,42.61590265179127,29.178380195439516,-60.36526610154336,45.69691123555366,56.983261818598756,28.25218319896902,3.1062667620986772,65.5005657685345,Unfeasible shape,GPSampler,PRUNED
4198,4198,6.0,2026-04-21 18:57:09.155579,2026-04-21 18:57:09.297788,0 days 00:00:00.142209,-36.77149649664317,21.003197654622852,34.86549363677487,100.0,42.70526083566068,29.037747469167357,-60.27629593288869,46.04476224149806,57.22780847556906,28.242685130742846,3.0855532971397253,65.82731884031338,Unfeasible shape,GPSampler,PRUNED
4199,4199,6.0,2026-04-21 18:57:09.527163,2026-04-21 18:57:09.718524,0 days 00:00:00.191361,-36.827392443410126,21.153684338177534,34.938679487631134,100.0,42.681733567479384,28.816385414394475,-60.262793692328955,45.93112052345444,56.87736640648479,28.545222437289805,3.1393364693936974,65.62901194131172,Unfeasible shape,GPSampler,PRUNED
4200,4200,6.0,2026-04-21 18:57:09.949462,2026-04-21 18:57:10.073539,0 days 00:00:00.124077,-36.83398911748329,21.037295984715026,34.78297611812234,100.0,42.642962296394,29.07752959236921,-60.355937771946344,46.045194011989715,57.18979350526619,28.390347745025988,3.114071420567072,65.75930344157348,Unfeasible shape,GPSampler,PRUNED
4201,4201,6.0,2026-04-21 18:57:10.297323,2026-04-21 18:57:10.442539,0 days 00:00:00.145216,-36.76278724121045,20.68646151803768,35.50240200741152,100.0,43.05215376675115,28.557662399545322,-60.09743354645249,45.81120457443394,56.91763937785986,28.88519487727656,2.938116995879355,65.56199778595871,Unfeasible shape,GPSampler,PRUNED
4202,4202,6.0,2026-04-21 18:57:10.618051,2026-04-21 18:57:10.786102,0 days 00:00:00.168051,-36.73560395337327,20.982140929627835,34.87377666996464,100.0,42.67953732293294,29.07861011140365,-60.33060769228124,45.76644682943598,57.062755304377355,28.447839799228948,3.1325092599617292,65.78766415000212,Unfeasible shape,GPSampler,PRUNED
4203,4203,6.0,2026-04-21 18:57:10.973908,2026-04-21 18:57:11.100196,0 days 00:00:00.126288,-36.766403521575526,21.135937301894113,34.73356804822538,100.0,42.66748292085711,29.123791543382524,-60.33439268913483,45.93411628210324,57.19429121456368,28.314905069900632,3.1408717968749897,65.90820090764961,Unfeasible shape,GPSampler,PRUNED
4204,4204,6.0,2026-04-21 18:57:11.280857,2026-04-21 18:57:11.423620,0 days 00:00:00.142763,-36.922867152294536,20.849968360248496,34.96073361854509,100.0,42.71897909365393,28.946744189089273,-60.23884206128514,45.82650156538533,57.21440981957183,28.684107895224123,3.045165950068366,65.58032211303228,Unfeasible shape,GPSampler,PRUNED
4205,4205,6.0,2026-04-21 18:57:11.697550,2026-04-21 18:57:11.873022,0 days 00:00:00.175472,-36.81561796407535,21.271432490508865,33.98134049181169,100.0,43.34481844335154,29.34449188921363,-60.56147367290149,46.15295403215535,57.51336933760402,27.967168423415476,3.20493132520987,66.0379591194777,Unfeasible shape,GPSampler,PRUNED
4206,4206,6.0,2026-04-21 18:57:12.070895,2026-04-21 18:57:12.229152,0 days 00:00:00.158257,-36.86300560897503,20.69641180496671,34.86979004739878,100.0,42.725482671809424,28.91576565909571,-60.152000987868675,45.884356975784165,57.08713061688418,28.621586289442586,3.0908886577242924,65.7340535625624,Unfeasible shape,GPSampler,PRUNED
4207,4207,6.0,2026-04-21 18:57:12.431059,2026-04-21 18:57:12.601706,0 days 00:00:00.170647,-36.904091813060035,20.819108368260878,35.54618597269625,100.0,43.396607338857926,29.246628731931615,-60.2702948153964,46.05949097119115,56.60747609898366,28.7323543811265,3.0010229482270248,65.63670876661816,Unfeasible shape,GPSampler,PRUNED
4208,4208,6.0,2026-04-21 18:57:12.817411,2026-04-21 18:57:12.938921,0 days 00:00:00.121510,-36.71573107399176,20.780723501147257,34.89634076440537,100.0,43.05935727735586,29.18993082606442,-60.3655135864599,45.913749909857735,57.07754337899072,28.322646310999342,3.1001040776417383,65.63381540955689,Unfeasible shape,GPSampler,PRUNED
4209,4209,6.0,2026-04-21 18:57:13.105685,2026-04-21 18:57:13.286756,0 days 00:00:00.181071,-36.800887022739694,21.085073039138596,34.700555261577975,100.0,42.668327107554,29.139503717458815,-60.39644149405689,45.9310788687438,57.29331465749422,28.324971873707472,3.1541190623601523,65.68262762041088,Unfeasible shape,GPSampler,PRUNED
4210,4210,6.0,2026-04-21 18:57:13.463521,2026-04-21 18:57:13.605863,0 days 00:00:00.142342,-36.68137208121951,21.182152158288336,34.96089602005452,100.0,42.679483646368105,28.762627243565497,-60.24349207582473,45.85247702095387,57.166535216210136,28.569274313737775,3.121451151561395,65.77329440324715,Unfeasible shape,GPSampler,PRUNED
4211,4211,6.0,2026-04-21 18:57:13.803252,2026-04-21 18:57:13.963685,0 days 00:00:00.160433,-36.89731809450293,21.030716878799176,35.054714362498466,100.0,42.85310570118881,29.64035074394475,-60.390975306430335,46.244083075118304,57.15956638853938,27.981119900222076,3.15593962566858,65.76494944281562,Unfeasible shape,GPSampler,PRUNED
4212,4212,6.0,2026-04-21 18:57:14.165068,2026-04-21 18:57:14.321770,0 days 00:00:00.156702,-36.8233387712159,20.897362367648007,34.91515835672122,100.0,42.709823778561145,28.960920131643917,-60.171884223418374,45.62977381222735,57.03955141963442,28.570560360695115,3.1359270890778106,65.73317488132537,Unfeasible shape,GPSampler,PRUNED
4213,4213,6.0,2026-04-21 18:57:14.509213,2026-04-21 18:57:14.648070,0 days 00:00:00.138857,-36.5312870616303,20.847607802627273,35.2476550725764,100.0,42.72913740502736,29.059034355912587,-60.10111207105642,45.59696186125539,57.13104365681136,28.49788884760245,3.1390719927663895,65.8588194033663,Unfeasible shape,GPSampler,PRUNED
4214,4214,6.0,2026-04-21 18:57:14.825259,2026-04-21 18:57:15.021833,0 days 00:00:00.196574,-36.89319591999991,21.24996307528363,35.31533837401508,100.0,42.74602806458824,28.71671754486136,-60.07593463946175,46.19596751764136,57.433431029356946,28.349858985490528,3.0238826730085577,65.39349102787907,Unfeasible shape,GPSampler,PRUNED
4215,4215,6.0,2026-04-21 18:57:15.213256,2026-04-21 18:57:15.368979,0 days 00:00:00.155723,-36.72313692596469,20.9632364711849,34.910795828667105,100.0,43.12899578852915,29.051356026455025,-60.42907835638822,45.510291568343625,57.18593918718555,28.23236321241201,3.1745996570223483,65.82245647548719,Unfeasible shape,GPSampler,PRUNED
4216,4216,6.0,2026-04-21 18:57:15.581747,2026-04-21 18:57:15.777013,0 days 00:00:00.195266,-36.75599224811966,21.362965338702068,34.82053913231056,100.0,41.99179688822247,29.295243584706718,-60.64796657038718,45.80413667980073,57.077204786724124,28.558726769986535,3.0943555605673865,65.89104838879707,Unfeasible shape,GPSampler,PRUNED
4217,4217,6.0,2026-04-21 18:57:16.001379,2026-04-21 18:57:16.137469,0 days 00:00:00.136090,-36.893744816051864,21.071136434793665,34.69064818923152,100.0,42.29896351575601,29.037412104371157,-60.39575022538389,45.80751648415772,56.96026653472195,29.05921551729665,3.253538965268085,65.4787510521181,Unfeasible shape,GPSampler,PRUNED
4218,4218,6.0,2026-04-21 18:57:16.395958,2026-04-21 18:57:16.604038,0 days 00:00:00.208080,-36.7594562312134,21.102603869795814,34.97622953061254,100.0,42.581608277198264,28.949663478325327,-60.214637660038235,46.08564099323056,57.24717258007805,28.439026802182365,3.0788595640733902,65.64652479173195,Unfeasible shape,GPSampler,PRUNED
4219,4219,6.0,2026-04-21 18:57:16.786417,2026-04-21 18:57:16.948223,0 days 00:00:00.161806,-36.83814988767817,21.07988808223969,34.77192038529078,100.0,42.759804595250785,28.954932901891652,-60.44621762472924,45.990563664474756,57.10412095921056,28.550768438050817,3.127171298198732,65.65821705701852,Unfeasible shape,GPSampler,PRUNED
4220,4220,6.0,2026-04-21 18:57:17.255538,2026-04-21 18:57:17.412169,0 days 00:00:00.156631,-36.87219345578405,20.788249141498103,35.32574533184587,100.0,42.3684470118858,29.01257802813913,-60.15308592950578,45.95694388394744,57.185577691546975,28.41591311279362,3.0343444443261376,65.24898964553542,Unfeasible shape,GPSampler,PRUNED
4221,4221,6.0,2026-04-21 18:57:17.618833,2026-04-21 18:57:17.750203,0 days 00:00:00.131370,-36.78485043718851,21.072562383370535,34.74140938075021,100.0,42.723966979049976,29.115781264724006,-60.370262495472986,45.796019299661836,57.122252545355664,28.331837500903166,3.1396354784672553,65.79423222726356,Unfeasible shape,GPSampler,PRUNED
4222,4222,6.0,2026-04-21 18:57:17.951185,2026-04-21 18:57:18.125713,0 days 00:00:00.174528,-36.7494597082678,21.077070822755527,34.495376941237936,100.0,42.86317385241714,29.33025087029899,-60.261825456889454,45.84921097479461,57.08600229202767,28.577563091354147,3.1195764754380306,65.94448492535324,Unfeasible shape,GPSampler,PRUNED
4223,4223,6.0,2026-04-21 18:57:18.319943,2026-04-21 18:57:18.448054,0 days 00:00:00.128111,-36.686118391214876,20.852080128431886,34.475211107466805,100.0,42.78069053451185,29.304529668818525,-60.34307122039241,45.40929493142865,56.924439720801075,28.40980389338696,3.2196550248447764,65.73011690683153,Unfeasible shape,GPSampler,PRUNED
4224,4224,6.0,2026-04-21 18:57:18.612239,2026-04-21 18:57:18.756785,0 days 00:00:00.144546,-36.70125569971448,20.922180892597723,34.50282010074021,100.0,42.47298034852594,29.206410588060812,-60.45917740883138,45.99354284843572,57.274571143438706,28.347665168568703,3.1975507675492025,65.93337157374098,Unfeasible shape,GPSampler,PRUNED
4225,4225,6.0,2026-04-21 18:57:18.985549,2026-04-21 18:57:19.105281,0 days 00:00:00.119732,-36.73300355670396,21.167566427156572,34.863668990529746,100.0,42.72948757093403,29.16197204673631,-60.358227391249784,46.0225104054096,57.212462253381815,28.494419733125085,3.141745484425911,65.54137940455946,Unfeasible shape,GPSampler,PRUNED
4226,4226,6.0,2026-04-21 18:57:19.292237,2026-04-21 18:57:19.419625,0 days 00:00:00.127388,-36.832536385343296,21.054667381380156,34.79702767394271,100.0,42.8526059477637,29.066256525389058,-60.23704711175954,45.87824335567212,57.14926784769866,28.47761682033749,3.0955414122500073,65.89019707010753,Unfeasible shape,GPSampler,PRUNED
4227,4227,6.0,2026-04-21 18:57:19.604265,2026-04-21 18:57:19.754477,0 days 00:00:00.150212,-36.71134148997729,20.66504576555826,35.38570789258431,99.98847175596848,42.051941056257725,28.819677779133194,-60.14558635084458,44.87794202612785,57.092564072716804,28.96628943695341,3.139410295044165,65.333887279152,Unfeasible shape,GPSampler,PRUNED
4228,4228,6.0,2026-04-21 18:57:19.932908,2026-04-21 18:57:20.137113,0 days 00:00:00.204205,-36.87991707893383,20.817593678190054,34.74038340359983,100.0,42.71914788774091,29.01645997875707,-60.37463189757884,45.87130070891829,57.13917717748912,28.47826345508021,3.1225596016976453,65.80425708017594,Unfeasible shape,GPSampler,PRUNED
4229,4229,6.0,2026-04-21 18:57:20.332358,2026-04-21 18:57:20.512235,0 days 00:00:00.179877,-36.88922406170208,21.262069010344383,34.517976432474484,100.0,43.427017484471016,29.339030353732973,-60.366089048406934,45.36365695187831,56.72664168136528,28.590225749119384,3.2607354698096103,65.89050406173696,Unfeasible shape,GPSampler,PRUNED
4230,4230,6.0,2026-04-21 18:57:20.692106,2026-04-21 18:57:20.836014,0 days 00:00:00.143908,-36.78805392509949,20.99360740664642,35.089931484060685,100.0,42.78684603193456,29.15440732458078,-60.15738177930854,45.991513274582076,57.11339840047292,28.159297876759656,3.0907988016491075,65.53517838442944,Unfeasible shape,GPSampler,PRUNED
