,number,value,datetime_start,datetime_complete,duration,params_lLegPt.rA1,params_lLegPt.rL0,params_lLegPt.rL1,params_lLegPt.rL2,params_lLegPt.x1,params_lLegPt.y1,params_sLegPt.rA1,params_sLegPt.rL0,params_sLegPt.rL1,params_sLegPt.rL2,params_sLegPt.x1,params_sLegPt.y1,user_attrs_prune,system_attrs_auto:sampler,state
3079,3079,6.0,2026-04-21 18:50:23.841811,2026-04-21 18:50:23.990244,0 days 00:00:00.148433,-36.810860192799176,20.919556113218576,34.80849295862881,100.0,42.818975464799145,29.064288638204893,-60.33079126198379,45.95957113440137,57.0845994756055,28.547072643879797,3.097740945990772,65.71382472074724,Unfeasible shape,GPSampler,PRUNED
3080,3080,6.0,2026-04-21 18:50:24.174286,2026-04-21 18:50:24.326989,0 days 00:00:00.152703,-36.717913213200895,21.072115009380532,34.91207254107138,100.0,42.71761734205731,29.129872215847286,-60.40727420788928,46.00474888874361,57.148148328853125,28.405299987884806,3.1500743659253274,65.64648283496078,Unfeasible shape,GPSampler,PRUNED
3081,3081,6.0,2026-04-21 18:50:24.634212,2026-04-21 18:50:24.776072,0 days 00:00:00.141860,-36.73891687816507,21.04114023816727,34.980190154555956,100.0,42.70450863742847,29.247483014878433,-60.34635472175523,45.84228579209474,57.18942557481686,28.26248525846213,3.125314811207261,65.74759871787462,Unfeasible shape,GPSampler,PRUNED
3082,3082,6.0,2026-04-21 18:50:25.008844,2026-04-21 18:50:25.119727,0 days 00:00:00.110883,-36.785936679434094,20.911913908169446,35.03658031161194,100.0,42.68173738469599,29.075570830526658,-60.45524689364625,45.99053336442275,57.12561099720283,28.383919410689032,3.100782360206672,65.79125048301819,Unfeasible shape,GPSampler,PRUNED
3083,3083,6.0,2026-04-21 18:50:25.304884,2026-04-21 18:50:25.566658,0 days 00:00:00.261774,-36.77790315232274,21.198950364285803,34.802275953747596,100.0,42.681372698884836,29.497256343797886,-60.08324272453915,45.88007546608042,57.26445628300462,28.589418245334247,3.1688451161641638,66.0687916797812,Unfeasible shape,GPSampler,PRUNED
3084,3084,6.0,2026-04-21 18:50:25.745159,2026-04-21 18:50:25.903064,0 days 00:00:00.157905,-36.758406817166204,20.818221395670264,34.96579370557426,100.0,42.635093330347544,28.894920244732745,-60.24887245752836,45.92199553174789,57.066403084270526,28.638169186479736,3.117654588035087,65.71790138761726,Unfeasible shape,GPSampler,PRUNED
3085,3085,6.0,2026-04-21 18:50:26.069107,2026-04-21 18:50:26.179865,0 days 00:00:00.110758,-36.61161860470733,20.814513470286425,35.158267453447884,100.0,42.7983371522315,28.951077645283483,-60.40707621093678,45.81629194831504,57.221997846802935,28.501607498818956,3.100054816560558,65.64135065137725,Unfeasible shape,GPSampler,PRUNED
3086,3086,6.0,2026-04-21 18:50:26.357737,2026-04-21 18:50:26.502532,0 days 00:00:00.144795,-36.833335768332006,21.03152089560931,34.73969760347792,100.0,42.70275514862578,29.109165694646755,-60.45170148133117,45.923576030181835,57.29916465193505,28.351349598202866,3.133687225416871,65.65285199362518,Unfeasible shape,GPSampler,PRUNED
3087,3087,6.0,2026-04-21 18:50:26.742195,2026-04-21 18:50:26.900745,0 days 00:00:00.158550,-36.80051947593449,21.107131589480986,34.97701696248423,100.0,42.689684551728554,29.00764540902324,-60.398579827525296,46.09833157273263,57.10110347611286,28.381489207393233,3.0890763284357234,65.65032161080723,Unfeasible shape,GPSampler,PRUNED
3088,3088,6.0,2026-04-21 18:50:27.069379,2026-04-21 18:50:27.235217,0 days 00:00:00.165838,-36.58432713368658,21.035081554174717,34.8205657339205,100.0,42.60567240768576,29.30617973313334,-60.55059366752121,45.893776397291994,57.02230967396276,28.329051853292114,3.102731856680343,65.76934969356367,Unfeasible shape,GPSampler,PRUNED
3089,3089,6.0,2026-04-21 18:50:27.446847,2026-04-21 18:50:27.603731,0 days 00:00:00.156884,-36.88264308130768,21.278360762311216,34.572788989524554,99.95676532407467,42.14961080606089,29.033792607102676,-60.00844995963531,45.39683660464788,57.092369934241745,28.853398096306023,3.094987383884181,65.85839396367376,Unfeasible shape,GPSampler,PRUNED
3090,3090,6.0,2026-04-21 18:50:27.821708,2026-04-21 18:50:27.980270,0 days 00:00:00.158562,-36.87673043095829,20.90669670654329,34.57486708126946,100.0,42.57020689021321,28.98382176912812,-60.53182604090077,45.851942349437415,57.127802408965046,28.186157038554107,3.0748188348761474,65.66767229128233,Unfeasible shape,GPSampler,PRUNED
3091,3091,6.0,2026-04-21 18:50:28.170045,2026-04-21 18:50:28.305469,0 days 00:00:00.135424,-37.14261392822592,20.650266591171956,34.72032344874857,100.0,42.74913380073825,29.17158599568834,-60.29323997685755,45.653385183705566,56.84496941823642,28.57693157298436,3.180001898185999,65.58384392166319,Unfeasible shape,GPSampler,PRUNED
3092,3092,6.0,2026-04-21 18:50:28.473795,2026-04-21 18:50:28.615944,0 days 00:00:00.142149,-36.80353643153304,20.80155191855117,35.061165662395354,100.0,42.65754817687176,28.87889147185414,-60.34383940261722,45.73173546814505,56.87086789039932,28.465719291343444,3.021995099893573,65.53365480513767,Unfeasible shape,GPSampler,PRUNED
3093,3093,6.0,2026-04-21 18:50:28.798404,2026-04-21 18:50:28.962216,0 days 00:00:00.163812,-36.808788118697976,20.95356912714929,34.800116148450655,100.0,42.71460140680705,28.963893648760852,-60.41891211308955,45.9115902669678,57.15278976628799,28.360677346648142,3.1206913641490956,65.67111149724485,Unfeasible shape,GPSampler,PRUNED
3094,3094,6.0,2026-04-21 18:50:29.144497,2026-04-21 18:50:29.271597,0 days 00:00:00.127100,-36.6809263796678,20.96490098196074,34.903644533326165,100.0,42.736768151198426,29.150815076742397,-60.44591383565714,45.93871576501599,57.11320922582096,28.373471993605115,3.1054654244679725,65.7657602638108,Unfeasible shape,GPSampler,PRUNED
3095,3095,6.0,2026-04-21 18:50:29.459619,2026-04-21 18:50:29.602234,0 days 00:00:00.142615,-36.80057748041276,21.279594005673932,34.80668669377787,100.0,42.710640578460726,28.991748508671492,-60.30573416759693,45.89269235432055,57.15066564315116,28.518633560898962,3.1339260901828183,65.76078981374425,Unfeasible shape,GPSampler,PRUNED
3096,3096,6.0,2026-04-21 18:50:29.772702,2026-04-21 18:50:29.897660,0 days 00:00:00.124958,-36.80273412521245,20.88311043649799,34.738707789291894,100.0,42.75040157440934,28.9575399576674,-60.23388555788413,46.00042327550041,57.25514868080184,28.41292813076476,3.092128073505684,65.72927909552968,Unfeasible shape,GPSampler,PRUNED
3097,3097,6.0,2026-04-21 18:50:30.073325,2026-04-21 18:50:30.198908,0 days 00:00:00.125583,-36.809350590381335,20.883624498292296,34.75803260022294,100.0,42.703957772182136,29.002939535952663,-60.27324690574939,45.99135529109812,57.19782428308038,28.410474700231955,3.119688753127427,65.77968553385303,Unfeasible shape,GPSampler,PRUNED
3098,3098,6.0,2026-04-21 18:50:30.374944,2026-04-21 18:50:30.517005,0 days 00:00:00.142061,-36.889886439673795,21.161521911401174,34.76402454695925,100.0,42.559412274038046,28.68855724945078,-60.60736745169389,45.7808835316717,56.99109745267731,28.649217566341115,3.0276132635973596,65.50717727998435,Unfeasible shape,GPSampler,PRUNED
3099,3099,6.0,2026-04-21 18:50:30.702051,2026-04-21 18:50:30.840902,0 days 00:00:00.138851,-36.93221951945349,21.412278400304174,34.85322273063921,100.0,42.7913981306133,28.803190795098814,-60.54867464723404,46.175429976955954,57.14901224846779,28.37038691990137,3.163307341895667,65.98940963996223,Unfeasible shape,GPSampler,PRUNED
3100,3100,6.0,2026-04-21 18:50:31.035329,2026-04-21 18:50:31.177374,0 days 00:00:00.142045,-36.7163125879529,21.092977717554096,34.85122179611675,100.0,42.58381917313014,29.043448211692905,-60.26418797650179,45.94254690059558,57.01599943162135,28.446490049813853,3.126981102072989,65.76236004709867,Unfeasible shape,GPSampler,PRUNED
3101,3101,6.0,2026-04-21 18:50:31.333048,2026-04-21 18:50:31.459443,0 days 00:00:00.126395,-36.796237529874425,20.891574305838155,34.85166395876251,100.0,42.797263886740765,29.003288474997653,-60.35148872195046,45.83314101013928,57.1310575054569,28.440224200435726,3.1082593783747825,65.70501260073227,Unfeasible shape,GPSampler,PRUNED
3102,3102,6.0,2026-04-21 18:50:31.642667,2026-04-21 18:50:31.785497,0 days 00:00:00.142830,-36.64671238043951,20.893075167633636,34.882614654254624,100.0,42.73057114762968,29.059530548437955,-60.43775353888761,46.074399632852916,57.13542555738908,28.222888150749657,3.139569967185686,65.78459150998049,Unfeasible shape,GPSampler,PRUNED
3103,3103,6.0,2026-04-21 18:50:31.982612,2026-04-21 18:50:32.140293,0 days 00:00:00.157681,-36.68255282885667,21.321158496468108,34.260856797956706,100.0,43.05050331779975,29.036691985856194,-60.510415035870764,46.14950234738488,57.33492263339189,28.1971221688819,3.207221503503746,66.00561367384164,Unfeasible shape,GPSampler,PRUNED
3104,3104,6.0,2026-04-21 18:50:32.306318,2026-04-21 18:50:32.464954,0 days 00:00:00.158636,-36.82359574700381,21.057561627817854,34.77652303671961,100.0,42.772806477542865,29.085456333308144,-60.55314393191953,45.84115784798055,57.130366868165254,28.246409330817688,3.1249388124862065,65.64883256162388,Unfeasible shape,GPSampler,PRUNED
3105,3105,6.0,2026-04-21 18:50:32.633881,2026-04-21 18:50:32.760831,0 days 00:00:00.126950,-36.66929057312384,20.646509836401854,35.02139769371709,100.0,42.80948168350633,29.160057778906832,-60.167944762079216,46.16252687669322,57.14603505336319,27.973033715464844,3.1351380170766134,65.82345481711324,Unfeasible shape,GPSampler,PRUNED
3106,3106,6.0,2026-04-21 18:50:32.959971,2026-04-21 18:50:33.142712,0 days 00:00:00.182741,-36.61027958265484,21.340887760163433,34.538841047495154,100.0,42.87180833134501,29.44691420048038,-60.31934940125799,45.97975960634662,57.41676886548403,28.22767688455315,3.2616953392042802,66.10324334483026,Unfeasible shape,GPSampler,PRUNED
3107,3107,6.0,2026-04-21 18:50:33.332761,2026-04-21 18:50:33.490354,0 days 00:00:00.157593,-36.78492756939624,21.336345152338197,34.83333641320917,100.0,42.898282047163946,29.091136150048428,-60.3520643876434,45.99754659854645,57.07654771849943,28.48813652238452,3.125571497096601,65.79756215456135,Unfeasible shape,GPSampler,PRUNED
3108,3108,6.0,2026-04-21 18:50:33.679114,2026-04-21 18:50:33.818411,0 days 00:00:00.139297,-36.788528209575176,21.043033363389135,34.891411189246014,100.0,42.74892643454113,29.034174492127974,-60.36106674655341,45.905736974308546,57.15513699459564,28.45080664010457,3.1123423440821014,65.65543133027045,Unfeasible shape,GPSampler,PRUNED
3109,3109,6.0,2026-04-21 18:50:33.985393,2026-04-21 18:50:34.144145,0 days 00:00:00.158752,-36.845869216320835,21.183953005714272,34.49300398642573,100.0,42.889648826812554,29.392662346883718,-60.51825552860264,46.27554047889584,57.16796956888254,28.175140513021788,3.1717414766471634,66.0517521763601,Unfeasible shape,GPSampler,PRUNED
3110,3110,6.0,2026-04-21 18:50:34.316164,2026-04-21 18:50:34.457923,0 days 00:00:00.141759,-36.806806683177115,21.06168765044813,34.80985114599349,100.0,42.75022709088444,29.164635853478615,-60.35373454680134,45.898351886617654,57.12196028677016,28.386050449888963,3.1089205579251527,65.76679699877988,Unfeasible shape,GPSampler,PRUNED
3111,3111,6.0,2026-04-21 18:50:34.647925,2026-04-21 18:50:34.789649,0 days 00:00:00.141724,-36.841940315616135,21.199289237552996,34.47529748982966,100.0,42.847687006603714,28.849559077829525,-60.47048506947269,45.919855442956745,57.07764838384256,28.171754870504373,3.136395807571425,65.7435966907496,Unfeasible shape,GPSampler,PRUNED
3112,3112,6.0,2026-04-21 18:50:34.989550,2026-04-21 18:50:35.176427,0 days 00:00:00.186877,-36.52875140905144,20.94513793376767,35.02070577984823,100.0,43.17997865170701,28.89943231969533,-60.143652889130365,45.816195861813874,57.233675179023464,28.793695281896106,2.9989382132015407,65.43666773108141,Unfeasible shape,GPSampler,PRUNED
3113,3113,6.0,2026-04-21 18:50:35.514308,2026-04-21 18:50:35.672927,0 days 00:00:00.158619,-36.77283474990164,21.308851421319083,34.482770159030956,100.0,43.010545774866344,29.119852470918815,-60.53341516191938,45.51125644574385,57.0188310896716,28.60148849680995,3.2480247694350908,65.88691657045872,Unfeasible shape,GPSampler,PRUNED
3114,3114,6.0,2026-04-21 18:50:35.863518,2026-04-21 18:50:35.970341,0 days 00:00:00.106823,-36.79784788902978,21.110196958967535,34.891495720226885,100.0,42.644870980338524,28.899189477786585,-60.53334061795875,45.857219315262334,57.069043244065554,28.496616509497493,3.061905206442759,65.5237838843106,Unfeasible shape,GPSampler,PRUNED
3115,3115,6.0,2026-04-21 18:50:36.129239,2026-04-21 18:50:36.238262,0 days 00:00:00.109023,-36.79346356490013,21.03770484970589,34.75613254053138,100.0,42.7030297557396,29.10767661504638,-60.43709404077147,45.841942638561584,57.10956881567972,28.22163728490258,3.1114541007979994,65.69958810026375,Unfeasible shape,GPSampler,PRUNED
3116,3116,6.0,2026-04-21 18:50:36.420227,2026-04-21 18:50:36.609863,0 days 00:00:00.189636,-36.855134957799294,20.7194368789749,35.47379872393559,100.0,42.532285477853364,28.874618987032143,-60.294378992890636,46.160744129876775,57.2157918101112,28.23429951021869,3.0114435987786408,65.60633867307483,Unfeasible shape,GPSampler,PRUNED
3117,3117,6.0,2026-04-21 18:50:36.807835,2026-04-21 18:50:36.950333,0 days 00:00:00.142498,-36.76280797745404,20.985781321784106,34.47227066045518,100.0,42.50592652825371,29.323832253561946,-60.28590925023161,46.05602029090056,57.20070132657043,27.921974450109623,3.1708934572818563,65.80264913351938,Unfeasible shape,GPSampler,PRUNED
3118,3118,6.0,2026-04-21 18:50:37.120758,2026-04-21 18:50:37.403673,0 days 00:00:00.282915,-36.752361553596806,21.103498426009658,34.726548196150844,100.0,42.76607419373431,29.060858781633904,-60.42338545114656,45.975358238387315,57.138637373451935,28.48568401686251,3.0924838325718653,65.52483288330993,Unfeasible shape,GPSampler,PRUNED
3119,3119,6.0,2026-04-21 18:50:37.588345,2026-04-21 18:50:37.684963,0 days 00:00:00.096618,-36.81023510150947,20.775714580611144,34.8074364733141,100.0,42.77604701078171,28.997027223315413,-60.378219243310774,45.846322108302275,57.14445250879743,28.430875075864897,3.0992715013468484,65.63664604518239,Unfeasible shape,GPSampler,PRUNED
3120,3120,6.0,2026-04-21 18:50:37.834702,2026-04-21 18:50:37.995480,0 days 00:00:00.160778,-37.02503886688207,20.74586205928683,34.85207163649832,100.0,43.197139012800385,29.21990718813541,-60.35907077062812,45.807102243399676,57.22993784808968,29.009787574511545,3.089014394048988,65.66426411674253,Unfeasible shape,GPSampler,PRUNED
3121,3121,6.0,2026-04-21 18:50:38.167766,2026-04-21 18:50:38.340407,0 days 00:00:00.172641,-36.76015440854556,20.92391471656388,34.92093171838994,100.0,42.727243231299546,29.08484591798171,-60.330372248414356,46.01271993945299,57.25546716648715,28.310109606516548,3.127257817966772,65.663033479274,Unfeasible shape,GPSampler,PRUNED
3122,3122,6.0,2026-04-21 18:50:38.525829,2026-04-21 18:50:38.698182,0 days 00:00:00.172353,-36.77842561885667,21.02667763057162,34.49784920832599,100.0,42.79999526660687,29.262923513366246,-60.50627529514013,46.00490800536829,57.23456016175449,28.233331608179284,3.124130247051241,65.74012447186095,Unfeasible shape,GPSampler,PRUNED
3123,3123,6.0,2026-04-21 18:50:38.867801,2026-04-21 18:50:39.015057,0 days 00:00:00.147256,-36.591713313470464,21.650920388933905,33.959630953878886,100.0,42.59140105529153,29.123360882612417,-60.31668385858377,46.0779999748511,56.9699801314928,27.616002807339363,3.235723493464974,65.77836873644301,Unfeasible shape,GPSampler,PRUNED
3124,3124,6.0,2026-04-21 18:50:39.158520,2026-04-21 18:50:39.283931,0 days 00:00:00.125411,-36.93693610754128,21.176790634007617,34.435763396259645,100.0,42.66471540470913,29.32009243991137,-60.367316347875814,45.438375533714165,57.223516180889455,28.629274287135324,3.1577006647097363,66.21068083655959,Unfeasible shape,GPSampler,PRUNED
3125,3125,6.0,2026-04-21 18:50:39.491597,2026-04-21 18:50:39.619630,0 days 00:00:00.128033,-36.79262344622909,21.029752803581655,34.8087688704004,100.0,42.76427350683613,29.018312189674916,-60.38521183162699,45.86438856912955,57.12533017690596,28.376250209883775,3.0631830729340095,65.69986296138319,Unfeasible shape,GPSampler,PRUNED
3126,3126,6.0,2026-04-21 18:50:39.791892,2026-04-21 18:50:39.924123,0 days 00:00:00.132231,-36.76942260728538,21.09947308911425,34.88016068376132,100.0,42.717072397504026,28.968534774722343,-60.3923721841704,45.92017829540814,57.109106993380216,28.504337719113668,3.082259265172283,65.6510476629926,Unfeasible shape,GPSampler,PRUNED
3127,3127,6.0,2026-04-21 18:50:40.092077,2026-04-21 18:50:40.244196,0 days 00:00:00.152119,-36.75467644060212,21.10066429342553,34.814031379924785,100.0,42.573199990724156,29.283865196077656,-60.412444272754705,45.826631235745594,57.25003931958434,28.630095342206296,3.058245817593175,65.49286723531493,Unfeasible shape,GPSampler,PRUNED
3128,3128,6.0,2026-04-21 18:50:40.420922,2026-04-21 18:50:40.584204,0 days 00:00:00.163282,-36.812268508412785,21.077231624220943,34.78139489808875,100.0,42.80586263034061,28.9768256192963,-60.460529679051874,45.94509039868522,57.2494626185646,28.514733996997624,3.117313055168175,65.81629638946063,Unfeasible shape,GPSampler,PRUNED
3129,3129,6.0,2026-04-21 18:50:40.748839,2026-04-21 18:50:40.921987,0 days 00:00:00.173148,-36.64517157373885,21.427091116560778,34.525411271148414,100.0,42.472999400313704,29.311199018115566,-60.45476000038,46.1989830639125,57.589449592201376,28.406347591054764,3.236821417597696,65.71806512582673,Unfeasible shape,GPSampler,PRUNED
3130,3130,6.0,2026-04-21 18:50:41.185433,2026-04-21 18:50:41.324565,0 days 00:00:00.139132,-36.79997397710831,21.02843809481641,34.91378645400866,100.0,42.72542601358876,29.1013445053868,-60.23670238796205,45.991843226466756,57.184594172089,28.296909315440406,3.1317275786835523,65.72306706093177,Unfeasible shape,GPSampler,PRUNED
3131,3131,6.0,2026-04-21 18:50:41.534674,2026-04-21 18:50:41.640564,0 days 00:00:00.105890,-36.63176722954586,20.882282647479393,35.015479383404866,100.0,42.593978706354136,29.23834338845969,-60.16329769652406,46.30249170621455,57.18338278370602,27.9624400560016,3.0869716754276553,65.75541819281332,Unfeasible shape,GPSampler,PRUNED
3132,3132,6.0,2026-04-21 18:50:41.796346,2026-04-21 18:50:41.944757,0 days 00:00:00.148411,-36.75193411722619,21.1270400475482,35.009199807083476,100.0,42.85428578861597,29.056146034050492,-60.31076285930166,46.01095562744112,57.057130494468936,28.582868500763297,3.0774886683579723,65.73091651986955,Unfeasible shape,GPSampler,PRUNED
3133,3133,6.0,2026-04-21 18:50:42.111341,2026-04-21 18:50:42.260961,0 days 00:00:00.149620,-36.81552124935261,21.104653592345223,34.66291313498765,100.0,42.766568954627196,29.065058593271687,-60.4890770216873,45.87992641263958,57.63185499512314,28.243886613019452,3.137100100332013,65.74907606346927,Unfeasible shape,GPSampler,PRUNED
3134,3134,6.0,2026-04-21 18:50:42.459900,2026-04-21 18:50:42.581375,0 days 00:00:00.121475,-36.7941857343102,21.08725940494707,34.78993001740941,100.0,42.572173958199706,29.225324223171903,-60.514060900750565,45.90606079626488,57.1716543917564,28.48795584178294,3.120182919067325,65.72589880805805,Unfeasible shape,GPSampler,PRUNED
3135,3135,6.0,2026-04-21 18:50:42.760100,2026-04-21 18:50:42.907887,0 days 00:00:00.147787,-36.81978882959681,21.08273663270921,34.58741297158333,100.0,43.14466675135366,29.09723128640011,-60.473651449416415,45.62296519017392,57.122040880066415,28.100570490305124,3.189499105614047,65.75435026495175,Unfeasible shape,GPSampler,PRUNED
3136,3136,6.0,2026-04-21 18:50:43.067954,2026-04-21 18:50:43.267031,0 days 00:00:00.199077,-36.67941232294265,21.270289042171836,34.72779254434194,100.0,42.68423830443671,28.9410805923508,-60.76424737760355,45.998437083024,57.238198903157375,28.42842034624631,3.033436342199714,65.61440757851565,Unfeasible shape,GPSampler,PRUNED
3137,3137,6.0,2026-04-21 18:50:43.473629,2026-04-21 18:50:43.619301,0 days 00:00:00.145672,-36.773530926053205,20.89604138402379,34.82190988387285,100.0,42.76105240329943,29.030307437124954,-60.366263980751526,45.88263383227261,57.092115300584005,28.430309566845384,3.0890193172626397,65.66889973725249,Unfeasible shape,GPSampler,PRUNED
3138,3138,6.0,2026-04-21 18:50:43.806430,2026-04-21 18:50:43.968600,0 days 00:00:00.162170,-36.792354457112694,20.779439420878898,34.6997379725018,100.0,42.79961858628597,28.861835375427752,-60.20307882733759,45.778687441014,57.16182783218568,28.552894090823848,3.1341803664738066,65.84427237043586,Unfeasible shape,GPSampler,PRUNED
3139,3139,6.0,2026-04-21 18:50:44.135994,2026-04-21 18:50:44.322479,0 days 00:00:00.186485,-36.896168261001684,21.6228347386988,34.01041571247336,100.0,42.731661074284474,29.483674702248273,-60.724343764434835,46.3281856322237,57.55854787670757,27.92752291138734,3.2039366434308505,65.88079922837215,Unfeasible shape,GPSampler,PRUNED
3140,3140,6.0,2026-04-21 18:50:44.500685,2026-04-21 18:50:44.630663,0 days 00:00:00.129978,-36.76572601317932,20.645022273063894,34.87862713953095,100.0,42.57334203403866,28.88578468159445,-60.37370940500643,45.75607014265206,57.143799089655694,28.350645381788716,3.1367241568352,65.68542248823736,Unfeasible shape,GPSampler,PRUNED
3141,3141,6.0,2026-04-21 18:50:44.790655,2026-04-21 18:50:45.048973,0 days 00:00:00.258318,-36.77694294249388,20.98916079813034,35.065282903705864,100.0,42.71929795107379,29.23653386814175,-60.438611433637504,45.9247064527914,57.12453036136909,28.24927981437219,3.1363396523397498,65.93767470171481,Unfeasible shape,GPSampler,PRUNED
3142,3142,6.0,2026-04-21 18:50:45.241350,2026-04-21 18:50:45.376228,0 days 00:00:00.134878,-36.76676566972564,21.042787999146377,34.83601777363606,100.0,42.95151226531172,29.010191931475227,-60.39313602801515,45.88892524228421,57.13050310054038,28.38174861359969,3.1330779813935195,65.64388892049381,Unfeasible shape,GPSampler,PRUNED
