,number,value,datetime_start,datetime_complete,duration,params_lLegPt.rA1,params_lLegPt.rL0,params_lLegPt.rL1,params_lLegPt.rL2,params_lLegPt.x1,params_lLegPt.y1,params_sLegPt.rA1,params_sLegPt.rL0,params_sLegPt.rL1,params_sLegPt.rL2,params_sLegPt.x1,params_sLegPt.y1,user_attrs_prune,system_attrs_auto:sampler,state
4999,4999,6.0,2026-04-21 19:02:06.976801,2026-04-21 19:02:07.134290,0 days 00:00:00.157489,-36.7903664820248,21.381960135128182,34.87873107836208,100.0,42.71676754743341,29.12254726979309,-60.00230265110065,45.809741818729314,57.32210132140555,28.451079216901714,3.1737566295425665,65.76898442893813,Unfeasible shape,GPSampler,PRUNED
