,number,value,datetime_start,datetime_complete,duration,params_lLegPt.rA1,params_lLegPt.rL0,params_lLegPt.rL1,params_lLegPt.rL2,params_lLegPt.x1,params_lLegPt.y1,params_sLegPt.rA1,params_sLegPt.rL0,params_sLegPt.rL1,params_sLegPt.rL2,params_sLegPt.x1,params_sLegPt.y1,user_attrs_prune,system_attrs_auto:sampler,state
4679,4679,6.0,2026-04-21 19:00:06.495584,2026-04-21 19:00:06.638170,0 days 00:00:00.142586,-36.90504463948535,20.761671342028777,34.60113667756767,100.0,42.98884532831751,29.2510831212713,-60.12431369624181,45.656676534782484,57.24060160594173,28.465803354985216,3.2820315681855234,66.22417862638096,Unfeasible shape,GPSampler,PRUNED
4680,4680,6.0,2026-04-21 19:00:07.007771,2026-04-21 19:00:07.149725,0 days 00:00:00.141954,-36.75031706983568,21.028479803463156,34.96625799817865,100.0,42.95394168492716,28.369403576553083,-60.55663782505252,45.71503894008447,56.85146968053221,28.180623815427353,3.0667497739008596,65.47838239100734,Unfeasible shape,GPSampler,PRUNED
4681,4681,6.0,2026-04-21 19:00:07.331372,2026-04-21 19:00:07.504751,0 days 00:00:00.173379,-36.8399413526854,20.740453075625375,34.68342182859793,100.0,42.687376251385444,29.165630786037184,-60.41340380355002,45.809004992211854,57.13567286058625,28.389885417744456,3.139711797101704,65.74804438840638,Unfeasible shape,GPSampler,PRUNED
4682,4682,6.0,2026-04-21 19:00:07.671234,2026-04-21 19:00:07.940398,0 days 00:00:00.269164,-36.726142104517706,21.17534250511995,34.86693292798197,100.0,42.68863890435859,28.952918508584922,-60.42430117321426,45.85952560451202,57.187184328418695,28.38554225885268,3.1035249018420075,65.62542665782273,Unfeasible shape,GPSampler,PRUNED
4683,4683,6.0,2026-04-21 19:00:08.218660,2026-04-21 19:00:08.406960,0 days 00:00:00.188300,-36.817777315477855,20.939282060082416,34.627636463610784,100.0,42.961265697914314,29.230353290148457,-60.161468965209764,46.19327410430272,57.49012492351802,28.013754033331175,3.1689125909002556,65.82056211957433,Unfeasible shape,GPSampler,PRUNED
4684,4684,6.0,2026-04-21 19:00:08.624980,2026-04-21 19:00:08.799661,0 days 00:00:00.174681,-36.564834649514204,20.787116652713873,35.130811531913174,100.0,42.72473040524173,29.05166245503424,-60.36832082708153,45.71476922296411,57.025225525424226,28.048932068267092,3.1465353616266967,65.66694074024504,Unfeasible shape,GPSampler,PRUNED
4685,4685,6.0,2026-04-21 19:00:08.985661,2026-04-21 19:00:09.110349,0 days 00:00:00.124688,-36.703543390017295,20.62764467618838,34.92432719517573,100.0,42.62511306274992,29.195243633369785,-60.37002019235201,45.459897088378014,57.090318350848754,28.61360729048753,3.1048042048949895,65.64279012788452,Unfeasible shape,GPSampler,PRUNED
4686,4686,6.0,2026-04-21 19:00:09.307865,2026-04-21 19:00:09.466034,0 days 00:00:00.158169,-36.93039009747654,21.08684906396087,34.69367909958466,100.0,42.82352454441533,28.72998405016064,-60.4841632088007,45.8107032041671,57.14325124051806,28.701205062403623,3.028764405844882,65.54097550753832,Unfeasible shape,GPSampler,PRUNED
4687,4687,6.0,2026-04-21 19:00:09.646904,2026-04-21 19:00:09.789769,0 days 00:00:00.142865,-36.969718886678045,20.853821191624863,34.78734244173748,100.0,42.6788316617428,29.17184439821665,-60.29821920640241,45.90261284820989,57.153437287113775,28.18447698610956,3.08819207117795,65.6587635388117,Unfeasible shape,GPSampler,PRUNED
4688,4688,6.0,2026-04-21 19:00:10.077130,2026-04-21 19:00:10.234915,0 days 00:00:00.157785,-36.85654980456519,20.934109131936342,34.62969073755508,100.0,42.59473021167851,28.999731975739373,-60.41080697782651,45.89410642647124,57.01301193690803,28.134365110189748,3.082385782661852,65.7191104264639,Unfeasible shape,GPSampler,PRUNED
4689,4689,6.0,2026-04-21 19:00:10.448366,2026-04-21 19:00:10.606174,0 days 00:00:00.157808,-36.682198813802955,21.4078740417439,34.605589524363154,100.0,42.65620644300184,29.330680111701433,-60.47297488472543,46.05965436223512,57.158554469343954,27.77763919850876,3.1484805825293165,65.82943391182657,Unfeasible shape,GPSampler,PRUNED
4690,4690,6.0,2026-04-21 19:00:10.788114,2026-04-21 19:00:10.930347,0 days 00:00:00.142233,-36.58766990140763,20.798349490231864,35.04047036695573,100.0,42.440696585326876,29.22055854490734,-60.25881794706947,45.613365495368804,57.26927744650333,28.601967455739942,3.0905253187490445,65.42756740456075,Unfeasible shape,GPSampler,PRUNED
4691,4691,6.0,2026-04-21 19:00:11.195440,2026-04-21 19:00:11.401151,0 days 00:00:00.205711,-36.851686774557514,21.208345890140063,34.500844322358844,100.0,42.86641701995341,29.274344196000172,-60.39614535203408,45.78769092095735,57.223710767285745,28.346461930011344,3.2107412743409327,65.97142800793823,Unfeasible shape,GPSampler,PRUNED
4692,4692,6.0,2026-04-21 19:00:11.681838,2026-04-21 19:00:11.824557,0 days 00:00:00.142719,-36.80541728027456,20.797947866828714,34.75933818891882,100.0,42.84510739754331,29.13991703861798,-60.24817752139947,46.003381151457916,57.28047974874793,28.45033792768603,3.080823500054869,65.67448296169049,Unfeasible shape,GPSampler,PRUNED
4693,4693,6.0,2026-04-21 19:00:12.036192,2026-04-21 19:00:12.194340,0 days 00:00:00.158148,-36.84598815517501,20.667105703528435,34.676582280363874,100.0,42.87597394224916,28.64987271800367,-60.49487407904407,45.874518417900795,57.02617498952331,28.85153911497979,3.105062793585155,65.62045827835782,Unfeasible shape,GPSampler,PRUNED
4694,4694,6.0,2026-04-21 19:00:12.440840,2026-04-21 19:00:12.598563,0 days 00:00:00.157723,-36.76677503150566,21.07827291722512,34.80212074239887,100.0,42.78857061979943,29.061335593507373,-60.2583357791838,46.002701242883234,57.22906264318991,28.44568625732813,3.0987597489844774,65.7356693837914,Unfeasible shape,GPSampler,PRUNED
4695,4695,6.0,2026-04-21 19:00:12.821185,2026-04-21 19:00:12.965409,0 days 00:00:00.144224,-37.24895222317265,21.160938914496306,34.64658558198057,100.0,43.191006861774035,28.99231748730154,-60.36509293417024,46.08805086252132,57.24648577088431,28.03641441208523,3.17271502806409,65.98679966431989,Unfeasible shape,GPSampler,PRUNED
4696,4696,6.0,2026-04-21 19:00:13.183095,2026-04-21 19:00:13.310110,0 days 00:00:00.127015,-36.7910247185263,20.964311186287567,34.782455549947315,100.0,42.808934034100204,29.028625664582265,-60.32440669713007,45.97993550328924,57.21181906666211,28.411370297036438,3.1369870521925165,65.73587267608427,Unfeasible shape,GPSampler,PRUNED
4697,4697,6.0,2026-04-21 19:00:13.529469,2026-04-21 19:00:13.687538,0 days 00:00:00.158069,-36.63271980506489,21.096096797846947,34.510075919861094,100.0,42.5815934017702,29.29570939958075,-60.559868845234256,46.1184919702108,57.03924880108669,28.099355335185447,3.2031058387067475,65.94676299527403,Unfeasible shape,GPSampler,PRUNED
4698,4698,6.0,2026-04-21 19:00:13.869154,2026-04-21 19:00:14.043913,0 days 00:00:00.174759,-36.83010586142497,21.032339398387414,34.59467110790017,100.0,43.15544448226939,29.31560739782107,-60.60270951373573,45.66360443261841,56.93306626448802,28.025345203116753,3.1610526203218967,65.88322770173104,Unfeasible shape,GPSampler,PRUNED
4699,4699,6.0,2026-04-21 19:00:14.290173,2026-04-21 19:00:14.433122,0 days 00:00:00.142949,-36.77798509479368,20.99491618959688,34.670561716465514,100.0,42.5936234882112,29.10111915851366,-60.487699611735664,46.068234092841706,57.293294605481,28.234105896937628,3.1129600074426804,65.81551953406769,Unfeasible shape,GPSampler,PRUNED
4700,4700,6.0,2026-04-21 19:00:14.630484,2026-04-21 19:00:14.843901,0 days 00:00:00.213417,-36.80582293676247,20.80208215350858,34.804203945403444,100.0,42.59452505245023,28.916333467829567,-60.371099835268964,46.0604815733556,57.255015721015475,28.28783466791777,3.0806863280205405,65.55128805117079,Unfeasible shape,GPSampler,PRUNED
4701,4701,6.0,2026-04-21 19:00:15.039988,2026-04-21 19:00:15.278222,0 days 00:00:00.238234,-36.770747044797254,21.377129183622877,34.77524473054885,100.0,42.43401257342511,29.31593938250493,-60.43225545949207,46.1232206194499,57.28236148803284,27.980556192246254,3.179181422615592,65.59394751763693,Unfeasible shape,GPSampler,PRUNED
4702,4702,6.0,2026-04-21 19:00:15.468163,2026-04-21 19:00:15.618786,0 days 00:00:00.150623,-36.818714844801804,20.789824957407433,34.93155277807238,100.0,43.05505058970731,28.892946058016484,-60.46386265124543,45.735472768867886,56.88288469912071,28.609785108325873,3.0729767705681965,65.57450844502146,Unfeasible shape,GPSampler,PRUNED
4703,4703,6.0,2026-04-21 19:00:15.804471,2026-04-21 19:00:15.995579,0 days 00:00:00.191108,-36.88663106424606,20.450914677147814,35.20536697431307,100.0,43.01511225729925,29.01096370177165,-60.15602725950411,45.90695980740301,57.46451622057575,28.559998552812534,3.0524526748105814,65.29616195236554,Unfeasible shape,GPSampler,PRUNED
4704,4704,6.0,2026-04-21 19:00:16.178255,2026-04-21 19:00:16.351555,0 days 00:00:00.173300,-36.612766944182766,20.752859065899944,34.354691294555494,100.0,42.8551479415154,29.050422583022005,-60.47515950569709,45.33945421746687,57.06838737960734,28.566261067892768,3.364313313870639,66.06145175226352,Unfeasible shape,GPSampler,PRUNED
4705,4705,6.0,2026-04-21 19:00:16.568547,2026-04-21 19:00:16.691106,0 days 00:00:00.122559,-36.769345444233394,20.99490347855066,34.828405028914126,100.0,42.76030230628545,29.06622945470125,-60.40291704138008,46.0366254386057,57.26421911179288,28.245670319599565,3.131122553576482,65.85533195157541,Unfeasible shape,GPSampler,PRUNED
4706,4706,6.0,2026-04-21 19:00:16.921529,2026-04-21 19:00:17.207227,0 days 00:00:00.285698,-36.61798979326326,21.215000965452017,34.4232527596773,100.0,42.71887050212908,29.092211837214514,-60.48171883924144,45.68385672202473,57.09571744018518,28.871862392343385,3.1279914303468885,65.53982214530048,Unfeasible shape,GPSampler,PRUNED
4707,4707,6.0,2026-04-21 19:00:17.392854,2026-04-21 19:00:17.516014,0 days 00:00:00.123160,-36.77494256784377,20.979973481750683,34.83814536978621,100.0,42.815007984153915,28.972452648726538,-60.35970242083688,45.935568752524226,57.166400505536984,28.52756510751682,3.12412508549982,65.6972045869609,Unfeasible shape,GPSampler,PRUNED
4708,4708,6.0,2026-04-21 19:00:17.846496,2026-04-21 19:00:18.004784,0 days 00:00:00.158288,-36.88881551850696,21.48991624608816,34.539108527793886,100.0,42.7230247101761,29.253089527469967,-60.33263739333803,45.856397793306854,57.23350494058811,28.456368812513414,3.0934350814477796,66.10345377215783,Unfeasible shape,GPSampler,PRUNED
4709,4709,6.0,2026-04-21 19:00:18.210009,2026-04-21 19:00:18.431671,0 days 00:00:00.221662,-36.791343460956405,21.24725797601338,34.4603940746657,100.0,42.53499167936566,29.279972658638307,-60.50422201441432,46.090070478932226,57.37457694464953,28.125000843862047,3.1884495695956048,65.86497182103066,Unfeasible shape,GPSampler,PRUNED
4710,4710,6.0,2026-04-21 19:00:18.676729,2026-04-21 19:00:18.818375,0 days 00:00:00.141646,-36.84313887948356,20.622838369722103,34.55743378527522,100.0,42.34526233793562,29.047268843963643,-60.16873265477247,45.82912041997528,57.42265091160951,28.87336307419618,3.026233272518226,65.44189031757645,Unfeasible shape,GPSampler,PRUNED
4711,4711,6.0,2026-04-21 19:00:19.013494,2026-04-21 19:00:19.149565,0 days 00:00:00.136071,-36.607700696542075,20.848185747952904,34.83474859843881,100.0,42.83257207382862,28.827080788322306,-60.48940962964582,46.08075638614286,57.10650178486335,28.434122360870887,3.1337841413315104,65.74393850541789,Unfeasible shape,GPSampler,PRUNED
4712,4712,6.0,2026-04-21 19:00:19.337061,2026-04-21 19:00:19.433341,0 days 00:00:00.096280,-36.84778209812544,20.64756707418279,35.48472717509028,100.0,42.7146282635411,28.68607190607453,-60.138796481511186,45.84788880017437,56.900777850793965,28.82533454063381,2.9953166578895036,65.38571979388902,Unfeasible shape,GPSampler,PRUNED
4713,4713,6.0,2026-04-21 19:00:19.614758,2026-04-21 19:00:19.788284,0 days 00:00:00.173526,-36.88180745586486,21.009476086508318,34.70260543553499,100.0,42.86171603977295,28.93786493632595,-60.38381112555152,45.797415552413064,57.14182104274593,28.612633639202954,3.0788819207559044,65.70050373609226,Unfeasible shape,GPSampler,PRUNED
4714,4714,6.0,2026-04-21 19:00:20.065774,2026-04-21 19:00:20.223719,0 days 00:00:00.157945,-36.876181771380736,21.05882460384663,34.80042183118917,100.0,42.617194998742285,29.112122462779283,-60.25462643357713,45.903635770161216,57.234191020812645,28.391586891414136,3.100799160739612,65.74260296179206,Unfeasible shape,GPSampler,PRUNED
4715,4715,6.0,2026-04-21 19:00:20.461736,2026-04-21 19:00:20.651691,0 days 00:00:00.189955,-36.89730445171603,20.628411707939307,34.907088735205974,100.0,42.759648080113045,28.812817470373858,-60.14198809899884,45.96800138403764,57.18034855935658,28.510938449610965,3.0819802245521046,65.55340168181738,Unfeasible shape,GPSampler,PRUNED
4716,4716,6.0,2026-04-21 19:00:20.841058,2026-04-21 19:00:21.030683,0 days 00:00:00.189625,-36.840192151018364,21.587707712131692,34.20422852650523,100.0,42.890141116821574,29.21837493820503,-60.60162696742388,45.60889028464291,57.24796407645718,28.655470408629654,3.238225473193701,66.31827262254023,Unfeasible shape,GPSampler,PRUNED
4717,4717,6.0,2026-04-21 19:00:21.408010,2026-04-21 19:00:21.582101,0 days 00:00:00.174091,-36.79021917719427,20.732311843712502,34.58060841890659,100.0,43.114972303557884,29.87492922197363,-60.386392588767855,46.444321252395255,57.03140118181201,28.51719071576927,3.2651257938169493,65.72342222025797,Unfeasible shape,GPSampler,PRUNED
4718,4718,6.0,2026-04-21 19:00:21.801813,2026-04-21 19:00:21.944730,0 days 00:00:00.142917,-36.77110132799396,21.51903086377061,34.90153454332455,100.0,42.91521993241228,29.739026996642878,-60.34711848503615,45.70676910906584,57.31052270818293,28.17393974200643,3.1643259831091584,66.25866423511711,Unfeasible shape,GPSampler,PRUNED
4719,4719,6.0,2026-04-21 19:00:22.189144,2026-04-21 19:00:22.331013,0 days 00:00:00.141869,-36.78965034570276,21.081288422978833,34.74461135522168,100.0,42.72172866986945,29.103892520108197,-60.42966411618241,45.86869623584609,57.19364741117158,28.379655012866,3.1243078460272784,65.80423795590377,Unfeasible shape,GPSampler,PRUNED
4720,4720,6.0,2026-04-21 19:00:22.513725,2026-04-21 19:00:22.674052,0 days 00:00:00.160327,-36.723392082926125,20.89614723667075,35.040508300546676,100.0,42.84671768468996,28.91085098723994,-60.28511757043519,45.840114385849574,57.08016428537426,28.49612216387968,3.080733181469242,65.53027708216962,Unfeasible shape,GPSampler,PRUNED
4721,4721,6.0,2026-04-21 19:00:22.874431,2026-04-21 19:00:23.013555,0 days 00:00:00.139124,-36.80498252174987,21.08411752526936,35.00428571376423,100.0,42.78999384701025,28.98756397776522,-60.35063905047467,45.92972798528062,57.2877946066714,28.46206758525848,3.102234733779639,65.65680406025895,Unfeasible shape,GPSampler,PRUNED
4722,4722,6.0,2026-04-21 19:00:23.227235,2026-04-21 19:00:23.374571,0 days 00:00:00.147336,-36.755126737502415,20.94762309014972,34.88675995858816,100.0,42.91440077933218,29.121905550133754,-60.17908571123721,46.01108286323282,57.10348895954737,28.635697641193367,3.1137436814743324,65.61396388458442,Unfeasible shape,GPSampler,PRUNED
4723,4723,6.0,2026-04-21 19:00:23.553482,2026-04-21 19:00:23.696455,0 days 00:00:00.142973,-36.663807078607675,20.83611906716399,34.52914457520269,100.0,42.62660660480931,29.172383565883337,-60.25489961109363,46.1241213425707,57.37064418017498,28.029211806247808,3.1699084983514254,66.01069040204021,Unfeasible shape,GPSampler,PRUNED
4724,4724,6.0,2026-04-21 19:00:23.879650,2026-04-21 19:00:24.075325,0 days 00:00:00.195675,-36.805769895547456,21.14389201420184,34.71395909557661,100.0,42.82370878962744,29.084977611131976,-60.276832664642654,45.90979154838093,57.171765757050935,28.448526571132017,3.101505344371219,65.61317253633926,Unfeasible shape,GPSampler,PRUNED
4725,4725,6.0,2026-04-21 19:00:24.331588,2026-04-21 19:00:24.537329,0 days 00:00:00.205741,-36.77110569362355,20.84846671985646,35.08736976266816,100.0,42.70830314450444,28.98998541095277,-60.19916384080003,45.973917091743175,57.23105225426485,28.462385692135154,3.0159620812384773,65.42709244788018,Unfeasible shape,GPSampler,PRUNED
4726,4726,6.0,2026-04-21 19:00:24.725746,2026-04-21 19:00:24.867930,0 days 00:00:00.142184,-36.81410894408303,21.283529800601446,34.919508167712266,100.0,42.618413617921995,28.899836532677085,-60.20804829541638,45.66844098340817,57.0598834492667,28.636552069860745,3.190216511734242,65.77739052586217,Unfeasible shape,GPSampler,PRUNED
4727,4727,6.0,2026-04-21 19:00:25.051196,2026-04-21 19:00:25.209894,0 days 00:00:00.158698,-36.8108749729163,20.997346353854702,34.634852464385204,100.0,42.80360342533624,29.02927605636976,-60.39815388571681,45.87632878779695,57.04252861574071,28.442316179719494,3.1445604341330906,65.82119542937363,Unfeasible shape,GPSampler,PRUNED
4728,4728,6.0,2026-04-21 19:00:25.406910,2026-04-21 19:00:25.533142,0 days 00:00:00.126232,-36.51851596679761,21.207271649529048,34.79385050078681,100.0,42.657412196633636,29.250993162173003,-60.406214836243436,45.90283625704864,56.52247919804109,28.991413819206926,3.27503076035304,65.54207648309826,Unfeasible shape,GPSampler,PRUNED
4729,4729,6.0,2026-04-21 19:00:25.704428,2026-04-21 19:00:25.830889,0 days 00:00:00.126461,-36.67623226344517,21.120074950344634,34.94372236659293,100.0,42.807569284874106,28.98532596498808,-60.42933637527118,46.08603437184054,57.012906465147495,28.545539797588784,3.088929890283204,65.52807387335686,Unfeasible shape,GPSampler,PRUNED
4730,4730,6.0,2026-04-21 19:00:26.029046,2026-04-21 19:00:26.187113,0 days 00:00:00.158067,-36.83934278882232,20.57678445725797,35.0002918541112,100.0,42.671453596589316,29.146599854059353,-60.27415354900157,45.91841536586668,57.1543518322567,28.689133964495085,3.1084267882399175,65.69040388114745,Unfeasible shape,GPSampler,PRUNED
4731,4731,6.0,2026-04-21 19:00:26.416801,2026-04-21 19:00:26.580022,0 days 00:00:00.163221,-36.84049698427091,21.35383846103778,34.694499685644246,100.0,42.79794140514618,28.85156630025231,-60.43499054760994,46.212463912957865,57.16086419813961,28.376187004401906,3.1222586528031258,65.8505609685906,Unfeasible shape,GPSampler,PRUNED
4732,4732,6.0,2026-04-21 19:00:26.803625,2026-04-21 19:00:26.930276,0 days 00:00:00.126651,-36.778834836597326,21.09290405417608,35.10576534814689,100.0,42.7689195510658,29.149640531762614,-60.20387332355884,45.85337777141605,56.93540111604924,28.082870913801244,3.0738752646318943,65.62390946705412,Unfeasible shape,GPSampler,PRUNED
4733,4733,6.0,2026-04-21 19:00:27.130815,2026-04-21 19:00:27.289599,0 days 00:00:00.158784,-36.78609634620465,20.85032027933041,34.675688928575596,100.0,42.937700177736964,29.15827914556941,-60.41246850786645,46.05611703585115,57.13402054473551,28.226070492314527,3.128022378431737,65.8708667585876,Unfeasible shape,GPSampler,PRUNED
4734,4734,6.0,2026-04-21 19:00:27.495672,2026-04-21 19:00:27.716809,0 days 00:00:00.221137,-36.76830434816467,20.955926436298007,34.883840951485965,100.0,42.683266766029405,29.098676735434168,-60.361716335525784,45.998199435813476,57.198562680276154,28.383001732814233,3.103247591823255,65.67228144320218,Unfeasible shape,GPSampler,PRUNED
4735,4735,6.0,2026-04-21 19:00:27.951806,2026-04-21 19:00:28.093854,0 days 00:00:00.142048,-36.75658922877358,20.974061547699606,34.8504097154062,100.0,42.89657386868189,29.101135509998905,-60.396389500919675,45.59381734844785,57.02904299869628,28.72459406675029,3.16397924710688,65.92095556333541,Unfeasible shape,GPSampler,PRUNED
4736,4736,6.0,2026-04-21 19:00:28.291485,2026-04-21 19:00:28.402009,0 days 00:00:00.110524,-37.086815747390645,20.105536916536785,35.16511532760444,100.0,42.71572984368895,28.467845608374233,-60.581358879045865,45.957295987124105,56.87566886192386,28.878764553567787,3.0803653704696643,65.90455658152818,Unfeasible shape,GPSampler,PRUNED
4737,4737,6.0,2026-04-21 19:00:28.608583,2026-04-21 19:00:28.783578,0 days 00:00:00.174995,-36.705512764380074,21.005156529892886,34.84929409875711,100.0,42.761420330196806,29.079001793355275,-60.36915610929215,45.9204863592853,57.132538916278634,28.42412104755693,3.1671877664375643,65.66054609508431,Unfeasible shape,GPSampler,PRUNED
4738,4738,6.0,2026-04-21 19:00:29.004614,2026-04-21 19:00:29.218649,0 days 00:00:00.214035,-36.868171902571966,20.97876528430089,34.882387551750725,100.0,42.78022371919742,28.96958661237756,-60.379416205508164,45.9253886395989,57.33316855769607,28.260445723784656,3.054289852362288,65.61657055533625,Unfeasible shape,GPSampler,PRUNED
4739,4739,6.0,2026-04-21 19:00:29.449130,2026-04-21 19:00:29.608145,0 days 00:00:00.159015,-36.83789661272943,21.073792655732426,34.57445806189952,100.0,42.79276929661826,29.045815606626313,-60.410066009818976,46.06626130300961,57.17599273041181,28.176200054702736,3.130937558772665,65.55723072935155,Unfeasible shape,GPSampler,PRUNED
4740,4740,6.0,2026-04-21 19:00:29.839103,2026-04-21 19:00:29.965678,0 days 00:00:00.126575,-36.563907813199485,21.320685859765504,34.90543992798604,100.0,42.62563293122289,28.983842064377924,-60.2789005269926,46.04177189696281,57.09270730132513,28.077820019994938,3.1842187824757744,65.9935671104104,Unfeasible shape,GPSampler,PRUNED
4741,4741,6.0,2026-04-21 19:00:30.187667,2026-04-21 19:00:30.322245,0 days 00:00:00.134578,-36.747006612789896,20.987680238667117,34.97354974440569,100.0,42.62246511148143,28.941512711387865,-60.405288972914086,45.80594250683556,57.21513655733813,28.532395763033108,3.1017580716496767,65.66673585249441,Unfeasible shape,GPSampler,PRUNED
4742,4742,6.0,2026-04-21 19:00:30.599951,2026-04-21 19:00:30.741986,0 days 00:00:00.142035,-36.749265827869486,21.124168053548857,34.733717470243164,100.0,42.76517440487768,29.19175597451305,-60.48836033504643,45.89964100726133,57.113432803525406,28.30901268319935,3.155354616233552,65.70339051157967,Unfeasible shape,GPSampler,PRUNED
