,number,value,datetime_start,datetime_complete,duration,params_lLegPt.rA1,params_lLegPt.rL0,params_lLegPt.rL1,params_lLegPt.rL2,params_lLegPt.x1,params_lLegPt.y1,params_sLegPt.rA1,params_sLegPt.rL0,params_sLegPt.rL1,params_sLegPt.rL2,params_sLegPt.x1,params_sLegPt.y1,user_attrs_prune,system_attrs_auto:sampler,state
641,641,6.0,2026-04-21 18:36:34.520122,2026-04-21 18:36:34.663394,0 days 00:00:00.143272,-36.666878890077406,21.086046815141174,34.87630890943677,100.0,42.758921107023184,28.907134467884106,-60.504391667388305,45.9545111139974,57.18654158811876,28.613791187598736,3.1044042159853333,65.63428204208796,Unfeasible shape,GPSampler,PRUNED
642,642,6.0,2026-04-21 18:36:34.830070,2026-04-21 18:36:34.989238,0 days 00:00:00.159168,-36.72315118080322,21.082212394072897,34.71716265944748,100.0,42.64510032782084,29.112000347818423,-60.54458344842285,45.95818177002719,57.17866019688578,28.334893400270918,3.0818189258391158,65.81955598482841,Unfeasible shape,GPSampler,PRUNED
643,643,6.0,2026-04-21 18:36:35.249212,2026-04-21 18:36:35.397596,0 days 00:00:00.148384,-36.762810826368415,20.940482433382044,34.630812676340156,100.0,42.94596473678317,29.17142466769718,-60.35334099717035,45.90430597302895,57.13923760698555,28.269179783577215,3.1622047483499642,65.87618406987116,Unfeasible shape,GPSampler,PRUNED
644,644,6.0,2026-04-21 18:36:35.544333,2026-04-21 18:36:35.696119,0 days 00:00:00.151786,-36.7388281003422,20.90081397438521,34.76537388244725,100.0,42.70800412903264,29.016473362118617,-60.53555564237854,45.97637967867592,57.24818117682236,28.32673661985884,3.050139753871548,65.69886635049993,Unfeasible shape,GPSampler,PRUNED
645,645,6.0,2026-04-21 18:36:35.858611,2026-04-21 18:36:36.084996,0 days 00:00:00.226385,-36.74084824137648,21.217016321919928,34.85513591784,100.0,42.80155219647643,29.077396782266867,-60.44620729631855,45.88673839978004,57.17426484359426,28.23657051032655,3.1168402524075276,65.65630487975365,Unfeasible shape,GPSampler,PRUNED
646,646,6.0,2026-04-21 18:36:36.237286,2026-04-21 18:36:36.347996,0 days 00:00:00.110710,-36.70984932542618,21.100828929827053,34.46678163750307,100.0,42.97723904201508,28.92320890678924,-60.02561198446445,46.18115065589299,56.79552576969846,28.32004790257069,3.142923476665942,65.10273852164072,Unfeasible shape,GPSampler,PRUNED
647,647,6.0,2026-04-21 18:36:36.491138,2026-04-21 18:36:36.626717,0 days 00:00:00.135579,-36.80464982621575,21.192696377300205,34.967964826993665,100.0,42.82799224306272,28.961653795390298,-60.32957800115224,46.02715618598637,57.009021281618,28.598573414238672,3.12181280154865,65.64789057416537,Unfeasible shape,GPSampler,PRUNED
648,648,6.0,2026-04-21 18:36:36.905203,2026-04-21 18:36:37.016514,0 days 00:00:00.111311,-36.73283204108072,20.724423036666252,35.21107521900666,100.0,42.72325656301094,28.815201966811202,-60.23494172838696,45.96611363975432,56.97315086544219,28.683731746643403,3.0357848367633196,65.49635748340219,Unfeasible shape,GPSampler,PRUNED
649,649,6.0,2026-04-21 18:36:37.182252,2026-04-21 18:36:37.335750,0 days 00:00:00.153498,-36.71946174417483,20.97631870105243,35.05153478665156,100.0,42.86183993710334,29.004883714000023,-60.42002949368997,45.880434826598176,56.98734896282738,28.32084366707052,3.118807023480329,65.52543355856378,Unfeasible shape,GPSampler,PRUNED
650,650,6.0,2026-04-21 18:36:37.498121,2026-04-21 18:36:37.608972,0 days 00:00:00.110851,-36.76094380229624,21.078897696575694,34.76088349645075,100.0,42.59801606612103,29.120491826382683,-60.47393467409201,45.99966614937501,57.09231984470789,28.29524195795518,3.118438990624888,65.75042517132582,Unfeasible shape,GPSampler,PRUNED
651,651,6.0,2026-04-21 18:36:37.780745,2026-04-21 18:36:37.951969,0 days 00:00:00.171224,-36.8436148658317,21.70096002302403,34.170997084569805,100.0,42.804058656930856,29.270810392288787,-60.56031752962743,46.05121464112845,57.7643763719201,28.31985600396742,3.2943616723364997,66.37532089600305,Unfeasible shape,GPSampler,PRUNED
652,652,6.0,2026-04-21 18:36:38.153921,2026-04-21 18:36:38.377812,0 days 00:00:00.223891,-36.84244398599932,21.08333945082795,34.69260805795011,99.93821510506419,42.48975864285554,29.36471753029973,-60.334069565008896,46.3908806000739,57.151062412615566,28.969137235678854,3.1748899902808105,65.92703603557952,Unfeasible shape,GPSampler,PRUNED
653,653,6.0,2026-04-21 18:36:38.551627,2026-04-21 18:36:38.697152,0 days 00:00:00.145525,-36.71059260530445,20.93919662405925,34.89677212905225,100.0,42.56604638598266,28.732209008346423,-60.38446372059087,45.906456550103734,57.278399637961776,28.614700223768864,3.0561641238684416,65.68996791353088,Unfeasible shape,GPSampler,PRUNED
654,654,6.0,2026-04-21 18:36:38.880217,2026-04-21 18:36:39.023423,0 days 00:00:00.143206,-36.819899694506226,20.993642581674614,34.978609911769475,100.0,42.769107639578955,29.222443795538787,-60.30573244013871,45.836889751082595,57.068110495413386,28.35215441994566,3.085747579560717,65.61303329587486,Unfeasible shape,GPSampler,PRUNED
655,655,6.0,2026-04-21 18:36:39.166110,2026-04-21 18:36:39.381410,0 days 00:00:00.215300,-36.81661759498015,20.85436505097931,35.11932012885832,100.0,43.234302525546326,28.86409231316989,-60.23916451050447,45.758388584175115,56.96050246624714,28.41913380791615,3.2992566105201178,65.56950259339091,Unfeasible shape,GPSampler,PRUNED
656,656,6.0,2026-04-21 18:36:39.563357,2026-04-21 18:36:39.688582,0 days 00:00:00.125225,-36.78986414357885,21.071359410992557,34.78918766956281,100.0,42.65780105497973,29.12511998613617,-60.34634841981595,45.91520104749986,57.2158405482974,28.407577506357423,3.100595564779354,65.86594234134265,Unfeasible shape,GPSampler,PRUNED
657,657,6.0,2026-04-21 18:36:39.860254,2026-04-21 18:36:40.004471,0 days 00:00:00.144217,-36.7480381738653,20.96657487502612,34.46931152700783,100.0,42.68096428783362,29.16418382601423,-60.48750339733065,45.9283977798774,57.11768932370981,27.987959393253348,3.099484829964716,65.87275139410279,Unfeasible shape,GPSampler,PRUNED
658,658,6.0,2026-04-21 18:36:40.159669,2026-04-21 18:36:40.305502,0 days 00:00:00.145833,-36.82919632005722,21.029725912906603,34.755019532474044,100.0,42.78509231532651,28.938019912893978,-60.390918324051135,45.90358473934455,57.17203294642761,28.553742768505188,3.095191889107241,65.74260339233271,Unfeasible shape,GPSampler,PRUNED
659,659,6.0,2026-04-21 18:36:40.457167,2026-04-21 18:36:40.694532,0 days 00:00:00.237365,-36.70999435460745,21.033819778801544,34.8207374634795,100.0,42.82576523465136,29.0965593107372,-60.348148062896975,45.870247302592404,57.129195862889425,28.40998293983791,3.1390405415704876,65.71596343823124,Unfeasible shape,GPSampler,PRUNED
660,660,6.0,2026-04-21 18:36:40.850398,2026-04-21 18:36:40.979919,0 days 00:00:00.129521,-36.857793182919316,20.85986081376752,35.01794075152932,100.0,42.903794808918626,28.99758462613221,-60.197905154345335,45.81509977951182,57.21214967677443,28.522195712515476,3.1018490052919248,65.66613395498132,Unfeasible shape,GPSampler,PRUNED
661,661,6.0,2026-04-21 18:36:41.125149,2026-04-21 18:36:41.264677,0 days 00:00:00.139528,-36.81215922768369,21.452662411547323,34.9738637884429,100.0,42.79398261655077,28.771384528931023,-60.40694110806033,46.278019361743475,57.360616677605115,28.579413466953376,3.048928135539313,65.63384774822157,Unfeasible shape,GPSampler,PRUNED
662,662,6.0,2026-04-21 18:36:41.424606,2026-04-21 18:36:41.573449,0 days 00:00:00.148843,-36.66416818533235,21.225546595058923,34.68600695315014,100.0,42.831048638820626,28.84095029331384,-60.727490457265674,45.84506528650123,57.21645702693798,28.766482641741746,3.0635953036531447,65.5390344386731,Unfeasible shape,GPSampler,PRUNED
663,663,6.0,2026-04-21 18:36:41.744868,2026-04-21 18:36:41.883655,0 days 00:00:00.138787,-36.928588859448936,20.535773850092323,35.21004653655007,99.98980917045742,42.58804885052945,28.754439222746797,-60.258994366207304,45.50048024489431,56.95918196270144,29.432122245715956,3.074722413809141,65.7009716157904,Unfeasible shape,GPSampler,PRUNED
664,664,6.0,2026-04-21 18:36:42.042714,2026-04-21 18:36:42.192646,0 days 00:00:00.149932,-36.82149265710552,21.121088987765535,34.915157414541156,100.0,42.591631710212646,29.34432383950297,-60.417035272506666,45.75745095290456,57.04839977487267,28.354126143510193,3.204962201695764,65.80297925303869,Unfeasible shape,GPSampler,PRUNED
665,665,6.0,2026-04-21 18:36:42.342373,2026-04-21 18:36:42.528386,0 days 00:00:00.186013,-36.773064214012294,20.268332119570434,35.09163817992972,100.0,42.842066890168056,29.11927633179473,-60.22199621298479,45.94569522198596,57.013583457593555,28.354522256263174,3.006198629837492,65.22022404846417,Unfeasible shape,GPSampler,PRUNED
666,666,6.0,2026-04-21 18:36:42.696553,2026-04-21 18:36:42.886683,0 days 00:00:00.190130,-36.83234093724985,21.18223435274625,34.50625561928641,100.0,42.69272423790238,28.875693930616116,-60.77654755889668,45.982018772296215,57.26611457724674,28.666681326222662,3.0695907942044585,65.61950382950515,Unfeasible shape,GPSampler,PRUNED
667,667,6.0,2026-04-21 18:36:43.069845,2026-04-21 18:36:43.202971,0 days 00:00:00.133126,-36.669967918656305,21.264571971144562,34.79169346681303,100.0,42.96019009059959,29.164356243614733,-60.343934567709425,45.939681446381144,57.203018970691055,28.142837184152842,3.110867708638679,65.78544804527778,Unfeasible shape,GPSampler,PRUNED
668,668,6.0,2026-04-21 18:36:43.397255,2026-04-21 18:36:43.588846,0 days 00:00:00.191591,-36.75616951578498,20.83399764438404,34.962818393878464,100.0,42.44845102131385,28.978400861812112,-60.34035984700904,45.63496042756024,57.10573877000737,28.520422982841584,3.0522602633170877,65.70578146915764,Unfeasible shape,GPSampler,PRUNED
669,669,6.0,2026-04-21 18:36:43.787316,2026-04-21 18:36:43.929365,0 days 00:00:00.142049,-36.822828938687785,21.5080378526497,33.8571728211088,100.0,43.03125919818584,28.987073379511564,-60.644932660859475,45.7860767725236,57.10054672443558,28.011333688452332,3.239775848296034,66.27734837470237,Unfeasible shape,GPSampler,PRUNED
670,670,6.0,2026-04-21 18:36:44.074747,2026-04-21 18:36:44.206230,0 days 00:00:00.131483,-36.7286806162989,21.106335309992325,34.86576405304844,100.0,42.619730608903204,29.103886590354477,-60.21268955771068,45.895995351959705,57.309400428956614,28.483153580684952,3.1276829436300773,65.7232809390795,Unfeasible shape,GPSampler,PRUNED
671,671,6.0,2026-04-21 18:36:44.359236,2026-04-21 18:36:44.462954,0 days 00:00:00.103718,-36.818627928307805,21.28407107009162,34.49059797483118,100.0,42.986923682018706,29.20930721746071,-60.34243691252839,45.45193613128631,57.357237134331754,28.646075190396076,3.227710283051273,66.20642785175855,Unfeasible shape,GPSampler,PRUNED
672,672,6.0,2026-04-21 18:36:44.624007,2026-04-21 18:36:44.733921,0 days 00:00:00.109914,-36.8063608196157,21.005960007119327,34.826914575990656,100.0,42.78611968460772,28.940870619701286,-60.36253447091448,46.01844792496264,57.10593870142304,28.699816396722856,3.0659494162225798,65.5917884670619,Unfeasible shape,GPSampler,PRUNED
673,673,6.0,2026-04-21 18:36:44.900766,2026-04-21 18:36:45.041665,0 days 00:00:00.140899,-37.022862131331614,20.979012180185098,34.83894481716253,100.0,42.37823638740081,28.707231798244997,-60.543870926891216,45.57489803514258,56.775033193305845,29.054216233199046,3.1231855437942215,65.61177794648349,Unfeasible shape,GPSampler,PRUNED
674,674,6.0,2026-04-21 18:36:45.330056,2026-04-21 18:36:45.480219,0 days 00:00:00.150163,-36.91517145285666,20.885946729169543,34.89303020280692,100.0,42.87883912438724,28.990962717610707,-60.18390903516088,46.21455608920941,57.236466289169336,28.496957794197073,3.030227811685492,65.77422587899827,Unfeasible shape,GPSampler,PRUNED
675,675,6.0,2026-04-21 18:36:45.656034,2026-04-21 18:36:45.793670,0 days 00:00:00.137636,-36.73923978630196,20.89066784258652,34.90979251840504,100.0,42.65431701388284,29.170152869555828,-60.36106464683563,46.02460679263157,57.06440264893779,28.413899946196963,3.1654646960223545,65.77631018281534,Unfeasible shape,GPSampler,PRUNED
676,676,6.0,2026-04-21 18:36:45.971081,2026-04-21 18:36:46.104883,0 days 00:00:00.133802,-36.75400429334579,20.977321660021367,34.89869746227798,100.0,42.62974541483033,29.111508324790044,-60.384664437382405,45.96997287874002,57.2010578625993,28.465018694485874,3.1314642153581644,65.64530371196732,Unfeasible shape,GPSampler,PRUNED
677,677,6.0,2026-04-21 18:36:46.346226,2026-04-21 18:36:46.498660,0 days 00:00:00.152434,-36.771096397744834,21.001305851731434,34.82041460084819,100.0,42.76225974150526,29.144046174108745,-60.46090280527383,45.985259924948416,57.27259253462584,28.332405375968946,3.1500354461759486,65.66366455123419,Unfeasible shape,GPSampler,PRUNED
678,678,6.0,2026-04-21 18:36:46.689434,2026-04-21 18:36:46.800065,0 days 00:00:00.110631,-36.76064263495704,21.006002323713872,34.89572105508317,100.0,42.64065558569579,28.980872913515938,-60.3853307368734,45.93029588018009,57.198249086966996,28.469493178977817,3.1270835752972417,65.758739265931,Unfeasible shape,GPSampler,PRUNED
679,679,6.0,2026-04-21 18:36:46.959569,2026-04-21 18:36:47.073547,0 days 00:00:00.113978,-36.922877574396246,20.972407763884643,34.52777072507885,100.0,42.70427676432575,29.084981460765242,-60.42535794320749,45.73616228531018,57.09347270560586,28.66309388557589,3.153954508786846,65.84520552112984,Unfeasible shape,GPSampler,PRUNED
680,680,6.0,2026-04-21 18:36:47.341004,2026-04-21 18:36:47.481972,0 days 00:00:00.140968,-36.76042775837797,21.236811008922633,34.78539524169038,100.0,42.66238575754369,29.01604775358409,-60.54526399888259,45.921062516178274,57.14032354885472,28.43953217240884,3.0780500020875223,65.71060751770766,Unfeasible shape,GPSampler,PRUNED
681,681,6.0,2026-04-21 18:36:47.656391,2026-04-21 18:36:47.781311,0 days 00:00:00.124920,-36.78236546546404,21.05875869257509,34.99806112539473,100.0,42.6601695970465,28.881255307549353,-60.305689635012314,45.98603686309132,57.102207877911006,28.457018021125915,3.0585120156851318,65.5399858330799,Unfeasible shape,GPSampler,PRUNED
682,682,6.0,2026-04-21 18:36:48.003339,2026-04-21 18:36:48.166581,0 days 00:00:00.163242,-36.5784669189809,20.58529615153768,34.52236333686773,100.0,42.58495437246779,29.578045675435767,-60.53023440739116,46.03645288056412,57.110006763288915,28.00036432185563,3.008039105602272,65.80117312612867,Unfeasible shape,GPSampler,PRUNED
683,683,6.0,2026-04-21 18:36:48.348126,2026-04-21 18:36:48.492688,0 days 00:00:00.144562,-36.772233273843305,21.29110610051167,34.79154468265609,100.0,42.35805037398075,29.18835385753483,-60.45772249590945,45.74061270860343,56.7402072254083,28.645448620657437,3.0575786987691274,65.72881516213478,Unfeasible shape,GPSampler,PRUNED
684,684,6.0,2026-04-21 18:36:48.675080,2026-04-21 18:36:48.815013,0 days 00:00:00.139933,-36.85860882223795,20.837238631362254,34.77567702412066,100.0,42.62961643990462,29.19086962275299,-60.115334703275764,46.61382459392241,57.00911216045947,28.843844829916925,3.0874007432375947,65.45635567306623,Unfeasible shape,GPSampler,PRUNED
685,685,6.0,2026-04-21 18:36:48.956910,2026-04-21 18:36:49.113904,0 days 00:00:00.156994,-36.44659410364169,21.462922942280162,35.166167598673994,100.0,43.00936440941857,29.161634725231195,-60.314404624002115,45.575253069268065,56.740605476514204,28.430925218180622,3.1149159725684186,66.23018431670206,Unfeasible shape,GPSampler,PRUNED
686,686,6.0,2026-04-21 18:36:49.284002,2026-04-21 18:36:49.414999,0 days 00:00:00.130997,-36.760279177322055,20.848414138930213,34.379435041027904,100.0,42.82868868115588,29.505659073092332,-60.37544427907428,45.84015020403201,57.14346664403895,28.157202353975162,3.179633575733469,65.67778131359957,Unfeasible shape,GPSampler,PRUNED
687,687,6.0,2026-04-21 18:36:49.562620,2026-04-21 18:36:49.695933,0 days 00:00:00.133313,-36.68388391071798,20.653775037164472,35.27317057518472,100.0,42.6304877143149,29.367377885979337,-60.32012141630284,45.73368124406439,57.12845476968468,28.263476209388685,3.0803261329671088,65.73223861707268,Unfeasible shape,GPSampler,PRUNED
688,688,6.0,2026-04-21 18:36:49.878998,2026-04-21 18:36:50.018130,0 days 00:00:00.139132,-36.77025749341926,20.92141984745942,34.90728202213817,100.0,42.74820478130263,29.159921468216893,-60.294437080223574,45.95585178102265,57.07183045909314,28.349025573430026,3.143331207576317,65.7826238371068,Unfeasible shape,GPSampler,PRUNED
689,689,6.0,2026-04-21 18:36:50.192630,2026-04-21 18:36:50.312091,0 days 00:00:00.119461,-36.83194267633225,20.766466623879012,34.66466298542905,100.0,42.72763473040522,29.121941094879453,-60.37323186835607,45.84202717306093,57.05749253653998,28.63244884939859,3.11695243418378,65.92590800321405,Unfeasible shape,GPSampler,PRUNED
690,690,6.0,2026-04-21 18:36:50.454491,2026-04-21 18:36:50.577586,0 days 00:00:00.123095,-36.83191335609711,21.07791829478429,34.70317062423402,100.0,42.7236433089762,29.165027191589466,-60.38054226227248,45.86739296977761,57.223081809541824,28.369125411450973,3.1071206332454864,65.81595627161718,Unfeasible shape,GPSampler,PRUNED
691,691,6.0,2026-04-21 18:36:50.735724,2026-04-21 18:36:50.901659,0 days 00:00:00.165935,-36.82964547578409,21.175475654671608,34.42804786756227,100.0,42.77973869521092,29.4450146553471,-60.31955216592425,45.357469432017126,57.41470174544643,27.863202401406006,3.1678158967033667,66.47616410350751,Unfeasible shape,GPSampler,PRUNED
692,692,6.0,2026-04-21 18:36:51.139866,2026-04-21 18:36:51.253437,0 days 00:00:00.113571,-36.84673137882991,20.746233211569766,35.14393083528388,100.0,42.76544535397539,28.87342645627203,-60.46633447313741,45.74545701416207,57.079426117235826,28.584061614094797,3.090994729164045,65.715174308816,Unfeasible shape,GPSampler,PRUNED
693,693,6.0,2026-04-21 18:36:51.418172,2026-04-21 18:36:51.578008,0 days 00:00:00.159836,-36.7516456132355,21.2674518123325,34.80788437622759,100.0,42.836318139290746,29.006655631187996,-60.41045341399574,45.92872495606419,57.19546627131491,28.44591418746051,3.1385694359405534,65.76316689878203,Unfeasible shape,GPSampler,PRUNED
694,694,6.0,2026-04-21 18:36:51.756355,2026-04-21 18:36:51.888887,0 days 00:00:00.132532,-37.04158883816031,21.15917199724587,34.60031166564572,99.82606610202369,42.72747314776576,29.243666350978117,-60.53276770509245,45.22523666743927,56.974488785148395,28.500261959220612,3.0983465634492333,65.95806503919718,Unfeasible shape,GPSampler,PRUNED
695,695,6.0,2026-04-21 18:36:52.014155,2026-04-21 18:36:52.339988,0 days 00:00:00.325833,-36.82603854089738,21.073106599279132,34.93326069351524,100.0,42.6245568315393,28.80488562327959,-60.51760118233217,45.87761522705741,57.19729669945506,28.547123313404644,3.0530865077375395,65.44041237006121,Unfeasible shape,GPSampler,PRUNED
696,696,6.0,2026-04-21 18:36:52.512251,2026-04-21 18:36:52.670747,0 days 00:00:00.158496,-36.76143363806035,21.565867349620596,34.53189782498757,100.0,42.799744046111165,29.239097084427215,-60.42925578896281,46.205236258189274,57.33712200035252,28.234885837561574,3.207053981776191,66.22390042782477,Unfeasible shape,GPSampler,PRUNED
697,697,6.0,2026-04-21 18:36:52.820865,2026-04-21 18:36:52.976094,0 days 00:00:00.155229,-36.782662147665505,20.865684858471575,34.72370201891692,100.0,42.540119962039434,29.30128869889684,-60.5210698966159,45.9299829944953,57.41157186427796,28.428626073976453,3.1918426088643628,65.97390281457083,Unfeasible shape,GPSampler,PRUNED
698,698,6.0,2026-04-21 18:36:53.142371,2026-04-21 18:36:53.318645,0 days 00:00:00.176274,-36.63652052887306,21.14356735826759,34.93254360133838,100.0,43.13114295470267,29.356808509730108,-60.15783312758474,45.77974094433675,56.91495359866037,28.429913229635055,3.167201740432702,65.60886850148194,Unfeasible shape,GPSampler,PRUNED
699,699,6.0,2026-04-21 18:36:53.467372,2026-04-21 18:36:53.641553,0 days 00:00:00.174181,-36.81274203548901,20.98385693655323,34.704568809235255,100.0,42.7687711084462,29.085029235507307,-60.32312146442949,45.84871364213134,57.133786318515426,28.46847740377661,3.1186233236098246,65.81712849587042,Unfeasible shape,GPSampler,PRUNED
700,700,6.0,2026-04-21 18:36:53.805868,2026-04-21 18:36:53.945495,0 days 00:00:00.139627,-36.83108684052081,21.292983839275436,34.78295680531213,100.0,42.82647188154195,28.90541231948348,-60.51995201561502,45.846444427556854,57.169237437439584,28.55975040851517,3.0980840504585387,65.57178789671241,Unfeasible shape,GPSampler,PRUNED
701,701,6.0,2026-04-21 18:36:54.243198,2026-04-21 18:36:54.357030,0 days 00:00:00.113832,-36.76749048758586,21.810119558008374,34.790069554728596,100.0,42.930422096340905,28.325334079563717,-60.55259010258289,46.21882803470404,57.025291624287526,28.707700104038068,3.147452140169513,66.01712608934857,Unfeasible shape,GPSampler,PRUNED
702,702,6.0,2026-04-21 18:36:54.496314,2026-04-21 18:36:54.662679,0 days 00:00:00.166365,-36.869163350003475,20.65379932866314,35.43318262726478,100.0,42.88915270400437,28.787027131116176,-59.78188901287427,45.95280126756501,57.28245674110494,29.03464011541094,3.121909505137978,65.1031086993174,Unfeasible shape,GPSampler,PRUNED
703,703,6.0,2026-04-21 18:36:54.810991,2026-04-21 18:36:54.941286,0 days 00:00:00.130295,-36.87492608080554,21.341658038973513,34.833737502319764,99.89401263697336,42.70359818878648,28.626323174676067,-60.34149958199815,45.83685931198414,57.141997357569956,28.639218884914722,3.1624190364955,65.86222698587746,Unfeasible shape,GPSampler,PRUNED
704,704,6.0,2026-04-21 18:36:55.129337,2026-04-21 18:36:55.280768,0 days 00:00:00.151431,-36.83290676940488,20.912051573839264,34.84402969241943,100.0,42.82308112764006,29.00036208269701,-60.32259138780836,45.88633040039958,57.12850233031573,28.381188747851958,3.0955737941987422,65.74877190942908,Unfeasible shape,GPSampler,PRUNED
705,705,6.0,2026-04-21 18:36:55.437013,2026-04-21 18:36:55.566553,0 days 00:00:00.129540,-36.8813060273874,20.723542456082065,34.97532224255493,100.0,42.92261945847879,29.218277585017034,-60.28012203739533,46.016231020730736,57.0266253835232,28.759127627316396,3.104574771171322,65.47401206364455,Unfeasible shape,GPSampler,PRUNED
