,number,value,datetime_start,datetime_complete,duration,params_lLegPt.rA1,params_lLegPt.rL0,params_lLegPt.rL1,params_lLegPt.rL2,params_lLegPt.x1,params_lLegPt.y1,params_sLegPt.rA1,params_sLegPt.rL0,params_sLegPt.rL1,params_sLegPt.rL2,params_sLegPt.x1,params_sLegPt.y1,user_attrs_prune,system_attrs_auto:sampler,state
4871,4871,6.0,2026-04-21 19:01:19.617390,2026-04-21 19:01:19.775094,0 days 00:00:00.157704,-36.76900503882752,21.319673172318808,34.34223858409558,100.0,42.82974649933905,29.27704156776325,-60.143054669990654,46.24681752369705,57.33177229475034,28.385252704445552,3.110410656473711,66.31164974596285,Unfeasible shape,GPSampler,PRUNED
4872,4872,6.0,2026-04-21 19:01:20.012321,2026-04-21 19:01:20.242422,0 days 00:00:00.230101,-36.71587765694958,21.026262285973772,35.061803379758324,100.0,42.502867599117195,28.936810681886307,-60.13796195777927,45.66746844340685,57.17758570903452,28.53334863052778,3.096819861407056,65.5536816952705,Unfeasible shape,GPSampler,PRUNED
4873,4873,6.0,2026-04-21 19:01:20.449350,2026-04-21 19:01:20.638336,0 days 00:00:00.188986,-36.756854511476085,21.034654407462988,34.762370801090974,100.0,42.71069238103314,29.16302921578584,-60.2868984145802,46.039734084538075,57.14053488327747,28.471288731768528,3.1972909266764944,66.06010878249882,Unfeasible shape,GPSampler,PRUNED
4874,4874,6.0,2026-04-21 19:01:20.821594,2026-04-21 19:01:21.011426,0 days 00:00:00.189832,-36.76447193196182,21.16022307791907,35.02685206334742,100.0,42.694130937522225,29.389116779426146,-60.23223263278682,46.14639964114992,57.05908788363341,27.802541149364583,3.153347276605203,65.62261572534379,Unfeasible shape,GPSampler,PRUNED
4875,4875,6.0,2026-04-21 19:01:21.206940,2026-04-21 19:01:21.365196,0 days 00:00:00.158256,-36.750731946317806,21.237056387390087,34.71688359731867,100.0,42.85943822037333,29.008593125107893,-60.40383249062906,45.91920788080697,57.166832101483784,28.559885845369568,3.1054372599308593,65.69590432571609,Unfeasible shape,GPSampler,PRUNED
4876,4876,6.0,2026-04-21 19:01:21.555726,2026-04-21 19:01:21.698601,0 days 00:00:00.142875,-36.76565478377499,21.06206574162593,34.84312841694453,100.0,42.69106519677097,29.086800309333,-60.37099275744022,45.88794225194193,57.11091526192798,28.419402452246395,3.1243491346976953,65.71564529566615,Unfeasible shape,GPSampler,PRUNED
4877,4877,6.0,2026-04-21 19:01:21.856212,2026-04-21 19:01:22.013888,0 days 00:00:00.157676,-36.892916445650826,20.969695926608374,35.006573273681695,100.0,42.66739562793567,29.214205884296128,-60.2871161404987,46.17882391344244,57.04683493425026,28.450245728283623,3.0874210209390895,65.71252737275005,Unfeasible shape,GPSampler,PRUNED
4878,4878,6.0,2026-04-21 19:01:22.217865,2026-04-21 19:01:22.392251,0 days 00:00:00.174386,-36.793090590931506,21.833972774667686,34.91236057410851,100.0,42.83373405524678,29.040402931876976,-60.18933333074065,46.13722012535056,57.14940796564904,28.848339641572785,3.000677343931841,65.69535494056363,Unfeasible shape,GPSampler,PRUNED
4879,4879,6.0,2026-04-21 19:01:22.574531,2026-04-21 19:01:22.732404,0 days 00:00:00.157873,-36.89661099536493,21.4145117578286,34.29494587200669,100.0,43.15161825237994,28.937350053079733,-60.50690707983058,45.77486730733614,57.26580566926696,28.429537841237806,3.3119125554434206,66.13470310812784,Unfeasible shape,GPSampler,PRUNED
4880,4880,6.0,2026-04-21 19:01:22.945975,2026-04-21 19:01:23.104225,0 days 00:00:00.158250,-36.6598147065781,21.25024355143805,34.735840219435865,100.0,42.31135997291208,28.7468577483136,-60.51137598109892,45.77395123244067,57.317353004660546,28.249622246942476,3.227918003357381,66.04499833199912,Unfeasible shape,GPSampler,PRUNED
4881,4881,6.0,2026-04-21 19:01:23.334476,2026-04-21 19:01:23.495649,0 days 00:00:00.161173,-36.79244692048331,20.756765784097567,35.03770295458138,100.0,42.808598919169626,28.84400131083479,-60.3044415908365,45.824136658172534,57.002092040041525,28.59162716469252,3.0863629587901684,65.44235942963884,Unfeasible shape,GPSampler,PRUNED
4882,4882,6.0,2026-04-21 19:01:23.693139,2026-04-21 19:01:23.853176,0 days 00:00:00.160037,-36.96791149579367,20.649900321310984,34.86967537443915,100.0,42.86897666217995,29.153747563258428,-60.25957203646392,45.698048425506414,56.98639997075015,28.69390550703939,3.15931235161797,65.80202449039787,Unfeasible shape,GPSampler,PRUNED
4883,4883,6.0,2026-04-21 19:01:24.131248,2026-04-21 19:01:24.335761,0 days 00:00:00.204513,-36.7895549465021,21.08370787479003,34.73147799825704,100.0,42.813530409292184,29.050251723543205,-60.42272144309052,45.870354814858906,57.192048649576506,28.487406908669037,3.1283418525567583,65.77461358296229,Unfeasible shape,GPSampler,PRUNED
4884,4884,6.0,2026-04-21 19:01:24.534490,2026-04-21 19:01:24.709351,0 days 00:00:00.174861,-36.788471443233405,21.20234058899702,34.78605988468961,100.0,42.69990089326665,29.0043020866443,-60.50899105469064,45.807074083337525,57.184461192065704,28.497879409435942,3.123709656393345,65.67676345437792,Unfeasible shape,GPSampler,PRUNED
4885,4885,6.0,2026-04-21 19:01:24.877748,2026-04-21 19:01:25.047378,0 days 00:00:00.169630,-36.63244353932169,21.320913707471405,34.31390967237121,100.0,42.58536530326443,29.83073335212267,-60.42796775227428,45.95530604122622,57.193166836638134,28.77160508295077,3.2563213088664895,66.06093575620882,Unfeasible shape,GPSampler,PRUNED
4886,4886,6.0,2026-04-21 19:01:25.217183,2026-04-21 19:01:25.342163,0 days 00:00:00.124980,-36.77683595880036,21.038987892936284,34.85029406313521,100.0,42.67447129309744,29.14553854216892,-60.368294834801034,45.98575551724289,57.2202462411625,28.337321035850387,3.1320045816773145,65.68034908206131,Unfeasible shape,GPSampler,PRUNED
4887,4887,6.0,2026-04-21 19:01:25.575310,2026-04-21 19:01:25.702257,0 days 00:00:00.126947,-36.843564201397925,20.9117848200432,34.903645532733776,100.0,42.832467611314435,29.111160844389147,-60.34327013878992,46.038236323436664,57.148213680942824,28.395101134389556,3.110519644643503,65.64917047975109,Unfeasible shape,GPSampler,PRUNED
4888,4888,6.0,2026-04-21 19:01:25.871023,2026-04-21 19:01:26.017575,0 days 00:00:00.146552,-36.86356131432286,21.053306697514884,33.74945996249638,100.0,43.07196804333022,29.403088975156976,-60.176549639421495,45.797191241748536,57.134470299961194,28.6910544953869,3.312732209159911,65.8460184607598,Unfeasible shape,GPSampler,PRUNED
4889,4889,6.0,2026-04-21 19:01:26.250032,2026-04-21 19:01:26.398269,0 days 00:00:00.148237,-36.75447071604223,20.96236752524623,34.85646674618283,100.0,42.728754492540126,29.094291955765947,-60.41332680566873,45.94790713296764,57.14968545457354,28.434986250044222,3.0857806534051093,65.6391013729649,Unfeasible shape,GPSampler,PRUNED
4890,4890,6.0,2026-04-21 19:01:26.592163,2026-04-21 19:01:26.750273,0 days 00:00:00.158110,-36.731926925566675,21.064849725780284,34.87647878144359,100.0,42.77341167333823,28.882368057314658,-60.559055287216864,45.7378185871624,56.960545313997486,28.232200315862393,3.0788970322430274,65.54483361975839,Unfeasible shape,GPSampler,PRUNED
4891,4891,6.0,2026-04-21 19:01:26.919662,2026-04-21 19:01:27.061606,0 days 00:00:00.141944,-36.72770821349269,20.614143615509867,34.9814797587681,100.0,42.89767973556713,28.839592671442304,-60.35011282492726,45.889721824404035,57.240243867691206,28.513035873851376,3.124062469169502,65.38459570542915,Unfeasible shape,GPSampler,PRUNED
4892,4892,6.0,2026-04-21 19:01:27.309097,2026-04-21 19:01:27.486444,0 days 00:00:00.177347,-36.8338960627605,21.23456123648229,34.46289409227838,100.0,42.960183556580574,29.736042371454346,-60.251596415159476,45.99483393719405,57.24750920023935,28.20025249882981,3.218021861042068,66.09463214005382,Unfeasible shape,GPSampler,PRUNED
4893,4893,6.0,2026-04-21 19:01:27.768000,2026-04-21 19:01:27.909645,0 days 00:00:00.141645,-36.920194742771244,20.667056889151514,34.79383937193151,100.0,42.89036789434563,28.812044499710034,-60.37657229244475,45.68788847079793,56.67628567853207,28.585052615759604,3.146253195232525,65.4991165402997,Unfeasible shape,GPSampler,PRUNED
4894,4894,6.0,2026-04-21 19:01:28.091343,2026-04-21 19:01:28.313138,0 days 00:00:00.221795,-36.712700516984235,21.025438837248632,34.97307003441337,100.0,42.67650824352653,29.05617057359261,-60.39149203261885,45.90858249069292,57.09335601915454,28.604402200272997,3.106002895167798,65.61406852632894,Unfeasible shape,GPSampler,PRUNED
4895,4895,6.0,2026-04-21 19:01:28.497196,2026-04-21 19:01:28.624154,0 days 00:00:00.126958,-36.77048475832454,20.909038623123983,34.757819377984575,100.0,42.61748025077371,29.08354429254487,-60.58048260057133,45.872024055275595,57.147343835228995,28.32498343586694,3.102065964802186,65.60699338734253,Unfeasible shape,GPSampler,PRUNED
4896,4896,6.0,2026-04-21 19:01:28.790914,2026-04-21 19:01:28.996652,0 days 00:00:00.205738,-36.807327346414866,21.311787763232147,34.43614459440096,100.0,42.922620811238396,29.311018707602734,-60.41973500820643,45.817088358532985,57.23840033242979,28.375451807349467,3.1858401600891995,65.91680752415272,Unfeasible shape,GPSampler,PRUNED
4897,4897,6.0,2026-04-21 19:01:29.196027,2026-04-21 19:01:29.369275,0 days 00:00:00.173248,-36.766550096154,21.057549852741104,34.421857933846226,100.0,42.370213730725155,29.16522941717735,-60.78953363813239,45.74519684372844,57.24597732682382,28.241349057709677,3.0754956774407844,65.72109013747274,Unfeasible shape,GPSampler,PRUNED
4898,4898,6.0,2026-04-21 19:01:29.565471,2026-04-21 19:01:29.735042,0 days 00:00:00.169571,-36.83674595341395,21.063700135197724,34.88860364496745,100.0,42.61191595244945,28.99606324201806,-60.29525899130819,45.91839006915819,56.98675422714708,28.463184279949132,3.111154752172439,65.70149666831873,Unfeasible shape,GPSampler,PRUNED
4899,4899,6.0,2026-04-21 19:01:29.931720,2026-04-21 19:01:30.108461,0 days 00:00:00.176741,-36.79707323196095,21.1018613030541,34.93213626838032,100.0,42.66406170726282,29.01297295566541,-60.39758879188889,45.98457407095471,57.321462925458285,28.375138117797565,3.1198080489517963,65.65709313828773,Unfeasible shape,GPSampler,PRUNED
4900,4900,6.0,2026-04-21 19:01:30.307301,2026-04-21 19:01:30.546852,0 days 00:00:00.239551,-36.780282781705935,20.695520861987077,34.579640669951665,100.0,42.64702602815527,29.018263982409813,-60.58210133990044,46.41630092396476,57.372601124392396,27.795760509498198,3.053365417666022,65.6335862392394,Unfeasible shape,GPSampler,PRUNED
4901,4901,6.0,2026-04-21 19:01:30.733810,2026-04-21 19:01:30.901194,0 days 00:00:00.167384,-36.87545347325091,21.22776348188793,34.527882473367626,100.0,42.79814847444528,28.828822749715357,-60.464335096650814,45.91073939193058,57.24224206885217,28.259211918139364,3.140629046449689,65.65531552612181,Unfeasible shape,GPSampler,PRUNED
4902,4902,6.0,2026-04-21 19:01:31.131080,2026-04-21 19:01:31.347258,0 days 00:00:00.216178,-36.66427553854175,21.3311957863257,34.681727971667826,100.0,42.97223330842165,28.884963415916133,-60.609865194480356,45.990372095980675,57.20784992502563,28.668270957595023,3.073649415523718,65.58142792064575,Unfeasible shape,GPSampler,PRUNED
4903,4903,6.0,2026-04-21 19:01:31.651215,2026-04-21 19:01:31.794396,0 days 00:00:00.143181,-36.71788571684006,21.13902820470203,34.732773507310625,100.0,42.65082979405182,29.274786501459545,-60.34165506200394,46.07032085258862,57.27562502067699,28.219544529716618,3.1548752683594685,65.86694566136033,Unfeasible shape,GPSampler,PRUNED
4904,4904,6.0,2026-04-21 19:01:31.981602,2026-04-21 19:01:32.138368,0 days 00:00:00.156766,-36.7991850627636,20.95548203234317,34.90539852482874,100.0,42.76134270544185,28.968634220452117,-60.34087223697544,45.899341721138796,57.129807293005236,28.416257407342407,3.1059257028146803,65.71266882444975,Unfeasible shape,GPSampler,PRUNED
4905,4905,6.0,2026-04-21 19:01:32.330147,2026-04-21 19:01:32.514168,0 days 00:00:00.184021,-36.76810215472628,20.92941165872763,34.85238011571069,100.0,42.80041176458916,29.01539583691035,-60.36632402162203,45.94199813885374,57.110968861585384,28.25058136621773,3.1068405670440313,65.58647235608743,Unfeasible shape,GPSampler,PRUNED
4906,4906,6.0,2026-04-21 19:01:32.709136,2026-04-21 19:01:32.873869,0 days 00:00:00.164733,-36.8481707046861,21.07261254019683,34.835774710991984,100.0,42.818428492862736,28.89902433236751,-60.32828572678204,45.82566790939741,57.04035747322621,28.41109265549915,3.109161064074833,65.69313194852454,Unfeasible shape,GPSampler,PRUNED
4907,4907,6.0,2026-04-21 19:01:33.046913,2026-04-21 19:01:33.236150,0 days 00:00:00.189237,-36.73958384885501,20.905431713325086,34.87148825195746,100.0,42.82789405237783,29.13853084645246,-60.31501434600217,45.854917722098534,57.074884572284,28.423245837801154,3.1063940202018756,65.71287929850568,Unfeasible shape,GPSampler,PRUNED
4908,4908,6.0,2026-04-21 19:01:33.436023,2026-04-21 19:01:33.662504,0 days 00:00:00.226481,-36.703449182536154,21.198792518858163,34.788738940056035,100.0,42.85275556836086,29.07244796115073,-60.29109178487394,46.247418238028004,57.28101727031183,28.38842313271497,3.0753243519305045,65.74695206021404,Unfeasible shape,GPSampler,PRUNED
4909,4909,6.0,2026-04-21 19:01:33.873926,2026-04-21 19:01:34.062492,0 days 00:00:00.188566,-36.793331253290084,20.899401781879245,34.68516556776648,100.0,42.715984611381714,28.92963349797745,-60.45780142551731,45.685079083651246,57.21649571075982,28.525858288557266,3.163143536822055,65.77471195337945,Unfeasible shape,GPSampler,PRUNED
4910,4910,6.0,2026-04-21 19:01:34.254685,2026-04-21 19:01:34.413491,0 days 00:00:00.158806,-36.73604789724445,20.879597580159874,35.00500069219251,100.0,42.71481376162703,28.972484579469608,-60.36737232192779,45.90774289651209,57.1087405722076,28.47060604190693,3.10245976429497,65.67850482516766,Unfeasible shape,GPSampler,PRUNED
4911,4911,6.0,2026-04-21 19:01:34.625907,2026-04-21 19:01:34.785317,0 days 00:00:00.159410,-36.761691449956366,20.957103962955863,35.02597302045704,100.0,42.944861286200045,28.96472715833294,-60.338763544394425,45.72385112281205,56.96086721963499,28.44634646127017,3.0208884161576393,65.52578412991598,Unfeasible shape,GPSampler,PRUNED
4912,4912,6.0,2026-04-21 19:01:34.982604,2026-04-21 19:01:35.156033,0 days 00:00:00.173429,-36.736973450727305,20.90168117908992,34.94419690193345,100.0,42.66507677639737,28.863482997087118,-60.34236348981038,46.05624711067785,57.122287957529004,28.454437242866387,3.060987213473709,65.67297900159471,Unfeasible shape,GPSampler,PRUNED
4913,4913,6.0,2026-04-21 19:01:35.339117,2026-04-21 19:01:35.559916,0 days 00:00:00.220799,-36.749264956302895,20.924952877929776,34.821450311502886,100.0,42.745098818002624,29.146969492867733,-60.40216524775201,45.982271802951225,57.285173343315506,28.283300029991512,3.1380819184223654,65.74788509849255,Unfeasible shape,GPSampler,PRUNED
4914,4914,6.0,2026-04-21 19:01:35.775064,2026-04-21 19:01:35.910396,0 days 00:00:00.135332,-36.84087257475714,20.76456513921503,34.5762168023051,100.0,43.2810696742929,28.842892773603367,-60.52992537338305,45.3069076058402,57.086867716139444,28.099452673985247,3.1357458759533543,65.85291721485804,Unfeasible shape,GPSampler,PRUNED
4915,4915,6.0,2026-04-21 19:01:36.084457,2026-04-21 19:01:36.244781,0 days 00:00:00.160324,-36.78295959632354,20.922159858233353,34.71785067907099,100.0,42.70454088961559,29.086944508065045,-60.342568191834076,45.8648289151694,57.04739321336459,28.499303944349613,3.134638307036411,65.62279963399398,Unfeasible shape,GPSampler,PRUNED
4916,4916,6.0,2026-04-21 19:01:36.410785,2026-04-21 19:01:36.622373,0 days 00:00:00.211588,-36.665974232693145,20.77213875724904,34.96370359306187,100.0,42.45971353579014,29.197224967389644,-60.36894187090654,45.81605103560755,57.06160755092483,28.315018787326114,3.077118095587622,65.4575887065115,Unfeasible shape,GPSampler,PRUNED
4917,4917,6.0,2026-04-21 19:01:36.832310,2026-04-21 19:01:36.990727,0 days 00:00:00.158417,-36.799182985429546,21.17037355999703,34.74016926325599,100.0,42.71432338931207,29.039803726366458,-60.62405572800876,45.798756355188935,57.19322142867818,28.5693171456667,3.109376699494426,65.61795303350337,Unfeasible shape,GPSampler,PRUNED
4918,4918,6.0,2026-04-21 19:01:37.174347,2026-04-21 19:01:37.328317,0 days 00:00:00.153970,-36.89868087249268,20.881197947105612,34.66359781955313,100.0,42.88971798143407,29.34283572713713,-60.28858714716736,45.89445787312766,56.96815640922354,28.09223443086238,3.131833455671739,65.74845429785896,Unfeasible shape,GPSampler,PRUNED
4919,4919,6.0,2026-04-21 19:01:37.572318,2026-04-21 19:01:37.751896,0 days 00:00:00.179578,-36.660777670422306,21.136181416087908,35.19206161401691,100.0,43.24014652540378,28.53104053699925,-60.176568934972124,45.743565492907535,56.828019317303955,28.70777102005394,3.119554830226477,65.47428158075282,Unfeasible shape,GPSampler,PRUNED
4920,4920,6.0,2026-04-21 19:01:37.936461,2026-04-21 19:01:38.099358,0 days 00:00:00.162897,-36.88927099058642,20.444442288516193,35.359971396489655,100.0,42.40338723443674,28.713769361267687,-60.231458706810514,45.887151174221195,56.7913370276318,29.481368234382032,3.0390770688126025,65.5707034875487,Unfeasible shape,GPSampler,PRUNED
4921,4921,6.0,2026-04-21 19:01:38.273528,2026-04-21 19:01:38.444659,0 days 00:00:00.171131,-36.86734912484265,21.562714537604542,34.50872025056044,100.0,42.505276641436915,28.875027049666457,-60.269144267260316,46.036933015788115,57.02330865710841,28.514599908190668,3.0560991874515437,65.66708119654464,Unfeasible shape,GPSampler,PRUNED
4922,4922,6.0,2026-04-21 19:01:38.641262,2026-04-21 19:01:38.807834,0 days 00:00:00.166572,-36.74852158794691,20.927571964046543,34.795656305107336,100.0,42.87564213324758,29.043417229897123,-60.43209994638203,45.87886786729358,57.10697812302803,28.486520107251376,3.136616333802273,65.71450280507271,Unfeasible shape,GPSampler,PRUNED
4923,4923,6.0,2026-04-21 19:01:39.004343,2026-04-21 19:01:39.168014,0 days 00:00:00.163671,-36.77041261332806,20.89628893905101,35.141200654537705,100.0,42.671137967503476,28.910929115101496,-60.25878909708038,45.931605674721546,57.00656227716049,28.75811306565043,3.063564819627132,65.53800675685562,Unfeasible shape,GPSampler,PRUNED
4924,4924,6.0,2026-04-21 19:01:39.380607,2026-04-21 19:01:39.505190,0 days 00:00:00.124583,-36.66485017803138,21.212809499914393,34.875677587812,100.0,42.73201940789875,28.94696172007496,-60.63044220424316,45.87098288528822,57.025860917854864,28.77752954386901,3.070735651149967,65.64172450001281,Unfeasible shape,GPSampler,PRUNED
4925,4925,6.0,2026-04-21 19:01:39.695031,2026-04-21 19:01:39.830681,0 days 00:00:00.135650,-36.83255971876921,20.915405773465267,34.84143383854736,100.0,42.651881024484744,28.91618208653751,-60.320293786843216,45.90553319512106,57.12790918202488,28.574637669435752,3.1281667525262975,65.6664061450032,Unfeasible shape,GPSampler,PRUNED
4926,4926,6.0,2026-04-21 19:01:40.028454,2026-04-21 19:01:40.259398,0 days 00:00:00.230944,-36.71839299163971,20.934129233987115,34.51718005208896,100.0,42.86720150811518,28.65165062441072,-60.626134138181826,46.01649449462663,57.44030015325988,28.804524300337512,3.0404149259645408,65.65520843756518,Unfeasible shape,GPSampler,PRUNED
4927,4927,6.0,2026-04-21 19:01:40.488231,2026-04-21 19:01:40.644507,0 days 00:00:00.156276,-36.72704481113754,21.455222652993307,35.278891113570396,100.0,42.792067409019175,28.666742212385472,-60.15615616648826,45.91945575481506,56.873269493633956,28.45729954357446,3.0789095222730296,65.5089078429756,Unfeasible shape,GPSampler,PRUNED
4928,4928,6.0,2026-04-21 19:01:40.834927,2026-04-21 19:01:41.034646,0 days 00:00:00.199719,-36.834500084301965,21.041725877049366,34.98877005806307,100.0,42.79469960004357,29.232551073789587,-60.129867854627356,45.569158405293756,57.414793198164524,28.09205473762519,2.9740979943083232,65.27493736880335,Unfeasible shape,GPSampler,PRUNED
4929,4929,6.0,2026-04-21 19:01:41.245179,2026-04-21 19:01:41.391822,0 days 00:00:00.146643,-36.7487181592337,21.411452168949886,34.48177653571202,100.0,42.67572668964436,29.102282565518003,-60.887789718781825,45.77244092286921,57.19432868566543,28.61673167486686,3.0705179123358377,65.54816819647245,Unfeasible shape,GPSampler,PRUNED
4930,4930,6.0,2026-04-21 19:01:41.593609,2026-04-21 19:01:41.767530,0 days 00:00:00.173921,-36.77351120986605,20.927274537712528,34.886396932146816,100.0,42.73009557908639,29.047337650274258,-60.32238054486362,45.96594006554269,57.067044284026736,28.383295049681152,3.1104341742653787,65.69095709373929,Unfeasible shape,GPSampler,PRUNED
4931,4931,6.0,2026-04-21 19:01:41.932605,2026-04-21 19:01:42.134451,0 days 00:00:00.201846,-36.87172109154703,20.81516179194906,35.38980833755814,99.95417684825189,43.12270520455394,28.742194696392275,-60.39699575259593,45.76670222344613,56.779508398048804,28.747477172394742,3.078125834697886,65.35485532168585,Unfeasible shape,GPSampler,PRUNED
4932,4932,6.0,2026-04-21 19:01:42.329508,2026-04-21 19:01:42.529882,0 days 00:00:00.200374,-36.79515074634123,21.192854766254015,34.36677061376061,100.0,42.86926604838782,28.99688627044727,-60.48224070050678,46.05211535669713,57.22022135691343,28.072609195380505,3.1639444114732242,66.19604447463087,Unfeasible shape,GPSampler,PRUNED
4933,4933,6.0,2026-04-21 19:01:42.703113,2026-04-21 19:01:42.828005,0 days 00:00:00.124892,-36.939549164706115,21.124125382569375,34.65634768049915,100.0,42.44470004152948,29.37568424801134,-60.24600021644214,45.89584877116717,57.12845915930656,27.924805256176324,3.209568900011348,66.15721449675176,Unfeasible shape,GPSampler,PRUNED
4934,4934,6.0,2026-04-21 19:01:43.003540,2026-04-21 19:01:43.193422,0 days 00:00:00.189882,-36.41699049032481,20.82717380704201,35.06945549907482,100.0,42.616247096862764,29.624272213864003,-60.398855287964835,46.34171383408839,57.430275918178694,28.030485064796583,3.084606354982874,65.62596227724258,Unfeasible shape,GPSampler,PRUNED
