,number,value,datetime_start,datetime_complete,duration,params_lLegPt.rA1,params_lLegPt.rL0,params_lLegPt.rL1,params_lLegPt.rL2,params_lLegPt.x1,params_lLegPt.y1,params_sLegPt.rA1,params_sLegPt.rL0,params_sLegPt.rL1,params_sLegPt.rL2,params_sLegPt.x1,params_sLegPt.y1,user_attrs_prune,system_attrs_auto:sampler,state
2887,2887,6.0,2026-04-21 18:49:17.496590,2026-04-21 18:49:17.646931,0 days 00:00:00.150341,-36.774590263288715,20.861744497223413,34.865931289986236,100.0,42.88627103998751,29.06253151887472,-60.265397479115435,45.86378060381943,57.01937236208887,28.42611472151109,3.1411142427061804,65.68682138340687,Unfeasible shape,GPSampler,PRUNED
2888,2888,6.0,2026-04-21 18:49:17.829591,2026-04-21 18:49:17.986314,0 days 00:00:00.156723,-36.791061287601444,20.973397044352822,34.78940312036325,100.0,42.763666607744945,29.082016332101304,-60.293026334070696,45.92183165761573,57.20461085498639,28.38636151490084,3.100098208071117,65.82671528137428,Unfeasible shape,GPSampler,PRUNED
2889,2889,6.0,2026-04-21 18:49:18.169834,2026-04-21 18:49:18.352040,0 days 00:00:00.182206,-36.74935732317617,20.957478404824997,34.83337270394432,100.0,42.82242743035004,28.838059556573278,-60.316613725610544,45.92853403731945,57.13201526052582,28.530225816875774,3.0429825744444443,65.6985938974275,Unfeasible shape,GPSampler,PRUNED
2890,2890,6.0,2026-04-21 18:49:18.526986,2026-04-21 18:49:18.704882,0 days 00:00:00.177896,-36.757358406313244,21.095552394493893,34.849561615463564,100.0,42.79018589350252,29.030347974024217,-60.31869461980125,45.94631402168849,57.16951729603604,28.48603780364707,3.130733174937191,65.75941772121759,Unfeasible shape,GPSampler,PRUNED
2891,2891,6.0,2026-04-21 18:49:18.915917,2026-04-21 18:49:19.097456,0 days 00:00:00.181539,-36.68242376280091,20.579357412029616,34.571366948658664,100.0,42.92920394488177,29.191264592655493,-60.50286652804468,45.10719707958881,56.667863112906694,28.912749748772608,3.0781167753800176,65.84659351912354,Unfeasible shape,GPSampler,PRUNED
2892,2892,6.0,2026-04-21 18:49:19.294109,2026-04-21 18:49:19.486315,0 days 00:00:00.192206,-36.870460229692604,20.880457516972307,34.82055936219279,100.0,42.42667423349473,29.00028792461218,-60.305312309532574,45.89283110569164,57.13227919159648,28.378416661809236,3.127617389794352,65.9055016527069,Unfeasible shape,GPSampler,PRUNED
2893,2893,6.0,2026-04-21 18:49:19.659332,2026-04-21 18:49:19.831415,0 days 00:00:00.172083,-36.66614172973509,20.990663756723833,34.52281327711344,100.0,42.905279025503155,28.8650808074876,-60.33128462926331,46.23481961013421,57.50069560605401,28.3325578375672,3.293610954732628,66.0943830779192,Unfeasible shape,GPSampler,PRUNED
2894,2894,6.0,2026-04-21 18:49:20.035053,2026-04-21 18:49:20.178775,0 days 00:00:00.143722,-36.79555153715259,21.078232225494954,34.91260117924197,100.0,42.838397898106365,28.943922110672595,-60.395795253194095,46.02574788782762,57.21423615904696,28.520649386139116,3.100864744310023,65.67221960398491,Unfeasible shape,GPSampler,PRUNED
2895,2895,6.0,2026-04-21 18:49:20.335518,2026-04-21 18:49:20.473760,0 days 00:00:00.138242,-36.76636405775848,21.002717194089485,34.85980757213227,100.0,42.82201072596836,28.916542833353176,-60.41860875614101,45.90929658157114,57.16474486105236,28.501188381125584,3.1036839950814468,65.61733551682063,Unfeasible shape,GPSampler,PRUNED
2896,2896,6.0,2026-04-21 18:49:20.632501,2026-04-21 18:49:20.747244,0 days 00:00:00.114743,-36.87918487741142,21.18961026075371,34.86097424142989,100.0,42.394295336680706,28.49768574571079,-60.43322644075468,45.85937583967108,57.276839186038174,28.401881026319288,3.220850980051935,65.71204985768561,Unfeasible shape,GPSampler,PRUNED
2897,2897,6.0,2026-04-21 18:49:20.894148,2026-04-21 18:49:21.012743,0 days 00:00:00.118595,-36.78710360254829,20.63351162730776,35.632826029849,100.0,42.76031373414953,28.727000017372426,-60.25718674159669,45.738430856761646,56.94776184151426,28.844791081875762,2.9625191453949,65.4874879112224,Unfeasible shape,GPSampler,PRUNED
2898,2898,6.0,2026-04-21 18:49:21.174042,2026-04-21 18:49:21.312589,0 days 00:00:00.138547,-36.80721821062995,20.619341036190583,35.45754430165707,100.0,42.90529237332016,29.0154806224565,-60.11882756924312,45.781616428736655,57.21433465728634,28.951690274976965,3.03924590619787,65.27962060138418,Unfeasible shape,GPSampler,PRUNED
2899,2899,6.0,2026-04-21 18:49:21.469149,2026-04-21 18:49:21.673264,0 days 00:00:00.204115,-36.68159029588854,20.961792541327497,34.86476767606641,100.0,42.63974537261266,29.073109846412073,-60.53206538306559,45.90017089061333,57.15444571551712,28.465502055900725,3.135864323046505,65.70246734862235,Unfeasible shape,GPSampler,PRUNED
2900,2900,6.0,2026-04-21 18:49:21.873875,2026-04-21 18:49:22.034670,0 days 00:00:00.160795,-37.01486109045038,20.776016731503564,35.35287372724967,100.0,42.68125417275509,28.238919816982147,-60.15424390361899,45.38976826756557,56.517837272045725,28.432212698596057,3.1330496943492676,65.28552075481754,Unfeasible shape,GPSampler,PRUNED
2901,2901,6.0,2026-04-21 18:49:22.204584,2026-04-21 18:49:22.347499,0 days 00:00:00.142915,-36.84464347343751,21.78946761144536,34.139507698913526,100.0,43.284674421004546,28.807066953344176,-60.358089072978345,45.863819929073365,57.383198628320265,28.081752649992797,3.30918688746236,66.2448058508633,Unfeasible shape,GPSampler,PRUNED
2902,2902,6.0,2026-04-21 18:49:22.632757,2026-04-21 18:49:22.821663,0 days 00:00:00.188906,-36.64763742939292,20.696548940010373,34.89590951375517,100.0,42.76478935608497,29.818378745778645,-60.196571781614765,45.64186678832751,57.058388648285266,28.546097851519377,2.983817919792344,65.0806671095476,Unfeasible shape,GPSampler,PRUNED
2903,2903,6.0,2026-04-21 18:49:23.025086,2026-04-21 18:49:23.182573,0 days 00:00:00.157487,-36.74455926963321,21.034713897546247,35.032297108254085,100.0,42.730164195355506,29.077315354947245,-60.24407038415392,46.06111616002444,57.251211357073345,28.374319935808582,3.0621572443254763,65.57762514998481,Unfeasible shape,GPSampler,PRUNED
2904,2904,6.0,2026-04-21 18:49:23.429288,2026-04-21 18:49:23.577043,0 days 00:00:00.147755,-36.78218652661549,21.2900594553236,34.60647433752482,100.0,42.708782742722754,29.337953082273053,-60.557754904907966,45.82010410789002,57.11856342535019,28.60545931910652,3.133887799852104,65.5516381030879,Unfeasible shape,GPSampler,PRUNED
2905,2905,6.0,2026-04-21 18:49:23.735623,2026-04-21 18:49:23.930927,0 days 00:00:00.195304,-36.80417564306464,21.039424773013018,34.65267847715002,100.0,42.56205594568735,28.645776310272666,-60.08841137703115,46.232166237009096,57.417274058823125,28.621584515096373,3.0155911928073564,65.71510863847344,Unfeasible shape,GPSampler,PRUNED
2906,2906,6.0,2026-04-21 18:49:24.098813,2026-04-21 18:49:24.294435,0 days 00:00:00.195622,-36.76659107240341,21.065852637840692,34.96816565214204,100.0,42.73271949599981,28.950067369219433,-60.31620049835376,45.77429244217615,57.039367130393956,28.398712989041655,3.050693147697153,65.51508132032068,Unfeasible shape,GPSampler,PRUNED
2907,2907,6.0,2026-04-21 18:49:24.456016,2026-04-21 18:49:24.627947,0 days 00:00:00.171931,-36.98897914834471,20.777032608081736,34.93710501251535,100.0,42.482030241366935,29.029308282214856,-60.466266985410236,45.67245898957991,57.23330670175395,28.505611914785913,3.15670886288828,65.49406624720459,Unfeasible shape,GPSampler,PRUNED
2908,2908,6.0,2026-04-21 18:49:24.838783,2026-04-21 18:49:24.992781,0 days 00:00:00.153998,-36.756415098577534,21.190706422785652,34.71840856555611,100.0,42.748120243519736,28.962238729921836,-60.36177371750273,46.05443091577505,57.23520910419052,28.404286618583725,3.1378076409660096,65.77045623033979,Unfeasible shape,GPSampler,PRUNED
2909,2909,6.0,2026-04-21 18:49:25.256679,2026-04-21 18:49:25.395991,0 days 00:00:00.139312,-36.83242708569001,21.09396570234701,35.28341696385657,100.0,42.72317086015742,28.860675909541037,-60.26789945340615,45.926747928869304,57.247533338902265,28.76663299484541,3.063153392657604,65.48155119920322,Unfeasible shape,GPSampler,PRUNED
2910,2910,6.0,2026-04-21 18:49:25.561807,2026-04-21 18:49:25.690888,0 days 00:00:00.129081,-36.788169473147875,20.674676090571726,34.879755486266156,100.0,42.711808263575726,29.1399748304015,-60.35200458087695,45.78210691949072,57.025514913077295,28.486090001074306,3.131678869660533,65.83985734499545,Unfeasible shape,GPSampler,PRUNED
2911,2911,6.0,2026-04-21 18:49:25.848413,2026-04-21 18:49:25.980110,0 days 00:00:00.131697,-36.627767083391525,21.42148942846039,34.38972577032368,100.0,43.08822000332671,29.496111658499608,-60.35455111019611,46.06355714545813,57.54195048722622,28.141502833917524,3.222919327202341,66.3516310686595,Unfeasible shape,GPSampler,PRUNED
2912,2912,6.0,2026-04-21 18:49:26.165917,2026-04-21 18:49:26.338907,0 days 00:00:00.172990,-36.87631033116577,21.26803952802223,34.60135971297544,99.96551173590782,42.88050914929388,29.308310978139687,-60.23085933783251,46.006669885024145,57.21741920431365,28.186172475365492,3.231186177179957,65.81171101146596,Unfeasible shape,GPSampler,PRUNED
2913,2913,6.0,2026-04-21 18:49:26.520370,2026-04-21 18:49:26.725091,0 days 00:00:00.204721,-36.76131839847931,20.906716097568,34.16294739988571,100.0,42.37219701790907,29.473366356558287,-60.6275655428265,46.13180117959818,57.61382994680605,27.897495932329587,3.1280947221870647,65.9110022993242,Unfeasible shape,GPSampler,PRUNED
2914,2914,6.0,2026-04-21 18:49:27.061019,2026-04-21 18:49:27.298258,0 days 00:00:00.237239,-36.940770697096795,21.025139247409705,35.4416034862977,100.0,42.76112787021133,28.527065711215094,-59.57484703554924,46.39696947543971,56.959619472259085,28.312768707947903,3.0260158850566015,65.24957669999701,Unfeasible shape,GPSampler,PRUNED
2915,2915,6.0,2026-04-21 18:49:27.497004,2026-04-21 18:49:27.662275,0 days 00:00:00.165271,-36.85712243748535,20.831678277271465,34.76997356316812,100.0,42.92735957974837,28.796861529230476,-60.14796221974399,45.901461098933424,57.17766959987477,28.490555210163055,3.085375975372294,65.76174993859314,Unfeasible shape,GPSampler,PRUNED
2916,2916,6.0,2026-04-21 18:49:27.845587,2026-04-21 18:49:27.971500,0 days 00:00:00.125913,-36.74517698849685,21.094285301613724,34.93020669465948,100.0,42.699743422145225,28.968217604599865,-60.427422601924945,45.94804630302599,57.10957098281149,28.541464405858022,3.100127186024558,65.57457200411291,Unfeasible shape,GPSampler,PRUNED
2917,2917,6.0,2026-04-21 18:49:28.145750,2026-04-21 18:49:28.335459,0 days 00:00:00.189709,-36.8594131083575,20.851148740961467,35.226254804817415,100.0,43.16561556663498,29.156590185520614,-60.18014830211941,45.93146297352645,57.10175432396455,28.74472924042644,3.07519485772994,65.75015788883418,Unfeasible shape,GPSampler,PRUNED
2918,2918,6.0,2026-04-21 18:49:28.548992,2026-04-21 18:49:28.719495,0 days 00:00:00.170503,-36.71320749962318,21.198265391437445,34.736642977966454,100.0,42.79993670907274,29.147684570229202,-60.31075075886494,45.83667750531057,57.08041660859825,28.251458216888125,3.107976047689611,65.57269503521213,Unfeasible shape,GPSampler,PRUNED
2919,2919,6.0,2026-04-21 18:49:28.886101,2026-04-21 18:49:29.007710,0 days 00:00:00.121609,-36.9267538926997,20.962122794989646,34.402302947059454,100.0,42.87358597074608,28.802319835292764,-60.45337753994242,45.87285389436174,57.17221848236598,27.997399173053953,3.1662657428346748,65.8935015055135,Unfeasible shape,GPSampler,PRUNED
2920,2920,6.0,2026-04-21 18:49:29.162813,2026-04-21 18:49:29.307173,0 days 00:00:00.144360,-36.828853759239244,20.959323840462833,34.62506974813565,100.0,42.95879431197898,29.192610436814512,-60.339507780108256,45.88565219632332,57.022386426727344,28.772479648018123,3.131993172487931,65.82145087165866,Unfeasible shape,GPSampler,PRUNED
2921,2921,6.0,2026-04-21 18:49:29.503272,2026-04-21 18:49:29.629670,0 days 00:00:00.126398,-36.81930324633319,20.911124288841194,34.80992677816735,100.0,42.80630377153156,28.990835635880387,-60.328867043966206,45.95307130393327,57.22406493172617,28.55879865639632,3.1251526563333343,65.88780218103771,Unfeasible shape,GPSampler,PRUNED
2922,2922,6.0,2026-04-21 18:49:29.811956,2026-04-21 18:49:29.981315,0 days 00:00:00.169359,-36.920173751592976,21.16903941557225,34.86514491939095,100.0,42.6991557582764,28.90682479615043,-60.16170075133067,45.784535109236074,56.98503305979018,28.981450979928645,3.047960906539039,65.8476047609547,Unfeasible shape,GPSampler,PRUNED
2923,2923,6.0,2026-04-21 18:49:30.168967,2026-04-21 18:49:30.333632,0 days 00:00:00.164665,-36.66979774825805,20.430127396622098,34.95001027389655,100.0,42.94202625658919,29.302978062236285,-60.41150704330072,45.43624035075357,56.76478171421156,28.356668901490213,3.0777480539785884,65.91253853225669,Unfeasible shape,GPSampler,PRUNED
2924,2924,6.0,2026-04-21 18:49:30.541069,2026-04-21 18:49:30.675659,0 days 00:00:00.134590,-36.7438906412169,20.413288663479165,34.92615281212241,100.0,42.73487022392649,28.94002240762852,-60.23966882943458,45.630900502396116,56.53301070695998,28.701948953341773,3.1604047723752515,65.81911573273337,Unfeasible shape,GPSampler,PRUNED
2925,2925,6.0,2026-04-21 18:49:30.864779,2026-04-21 18:49:30.988938,0 days 00:00:00.124159,-36.785208318545635,20.99752776811397,34.71709984716473,100.0,43.045493851532164,29.161549622450508,-60.39876900385762,45.629506439373934,57.205115840377765,28.355591823290204,3.130286624512536,65.67834721312106,Unfeasible shape,GPSampler,PRUNED
2926,2926,6.0,2026-04-21 18:49:31.138787,2026-04-21 18:49:31.265751,0 days 00:00:00.126964,-36.7454107873917,20.974345153766198,35.277547178344804,100.0,42.744434262104804,28.823988710595003,-60.32677926431346,45.84187014919158,56.981913066578926,28.697279223095283,3.0719528550446142,65.41826821701902,Unfeasible shape,GPSampler,PRUNED
2927,2927,6.0,2026-04-21 18:49:31.463525,2026-04-21 18:49:31.657156,0 days 00:00:00.193631,-36.786542704464885,20.662360995489095,35.2815861863031,100.0,42.466048588654175,28.90409454851754,-60.28649856039965,45.85359237266652,57.03457581197497,29.20719772839104,3.1302048798423456,65.95561169871264,Unfeasible shape,GPSampler,PRUNED
2928,2928,6.0,2026-04-21 18:49:31.879878,2026-04-21 18:49:32.000833,0 days 00:00:00.120955,-36.79599929224223,20.929621223172227,34.84979043572466,100.0,42.9778830179796,29.08164281737711,-60.444080656959876,45.62421441424453,57.0386537710232,28.43224192871672,3.104436293315196,65.67621709042983,Unfeasible shape,GPSampler,PRUNED
2929,2929,6.0,2026-04-21 18:49:32.186756,2026-04-21 18:49:32.343292,0 days 00:00:00.156536,-36.68211058080109,20.518157321522335,34.736975032712664,100.0,42.64463856991544,29.070995294106268,-60.32295903519793,45.5598082993193,57.43255894907563,28.31018399142456,3.136926394256129,65.71569160938142,Unfeasible shape,GPSampler,PRUNED
2930,2930,6.0,2026-04-21 18:49:32.646555,2026-04-21 18:49:32.803923,0 days 00:00:00.157368,-36.88101685375472,21.091590446976163,34.694700859106504,100.0,42.749467405477084,28.83121462180391,-60.47410915695681,45.76496023828937,57.19178664976288,28.841298390316453,3.0691519978253226,65.5906711949356,Unfeasible shape,GPSampler,PRUNED
2931,2931,6.0,2026-04-21 18:49:33.068247,2026-04-21 18:49:33.229287,0 days 00:00:00.161040,-36.68831499570557,21.097145364389426,34.43239083973661,100.0,42.9906644446732,29.098941713547255,-60.523018899955744,45.88546603950678,57.30863906331664,28.1645582386166,3.1752332708208684,66.00468111881841,Unfeasible shape,GPSampler,PRUNED
2932,2932,6.0,2026-04-21 18:49:33.411188,2026-04-21 18:49:33.702297,0 days 00:00:00.291109,-36.69200974122489,21.555047931238473,34.97528240851777,100.0,42.51982853644583,28.908648949367027,-59.940361679162436,46.23359009436055,57.42175623397924,28.477702685077332,3.1042669840743713,65.4163475566769,Unfeasible shape,GPSampler,PRUNED
2933,2933,6.0,2026-04-21 18:49:33.886067,2026-04-21 18:49:34.033214,0 days 00:00:00.147147,-36.86917360958356,21.481559015317035,34.764570039765744,100.0,42.881724676268,28.671116742987905,-60.44452783867529,45.823900181296096,57.05448074674825,28.79285650573642,3.1005548331256563,65.52540534991662,Unfeasible shape,GPSampler,PRUNED
2934,2934,6.0,2026-04-21 18:49:34.203040,2026-04-21 18:49:34.356319,0 days 00:00:00.153279,-36.79663406026679,20.991407551369797,34.91749021091155,100.0,42.7884090800026,29.166714843111173,-60.2538924390239,46.11865331916963,57.16140972453376,28.148860891627873,3.144888363709171,65.65713216666285,Unfeasible shape,GPSampler,PRUNED
2935,2935,6.0,2026-04-21 18:49:34.514884,2026-04-21 18:49:34.658131,0 days 00:00:00.143247,-36.78666546127631,21.052852490478386,34.74965847968615,100.0,42.83414264429469,29.12324121722402,-60.33218170101703,45.881307836404886,57.18297750778899,28.46600124091547,3.1322803849607155,65.791115865012,Unfeasible shape,GPSampler,PRUNED
2936,2936,6.0,2026-04-21 18:49:34.823577,2026-04-21 18:49:34.951155,0 days 00:00:00.127578,-36.77020362653371,21.1847573911531,34.63913403660881,100.0,42.681678276828436,29.128262602515598,-60.449433069214045,45.71987573165092,57.26505173435912,28.36398955429164,3.185521721724271,65.88307385292606,Unfeasible shape,GPSampler,PRUNED
2937,2937,6.0,2026-04-21 18:49:35.146927,2026-04-21 18:49:35.298638,0 days 00:00:00.151711,-36.75801737112563,20.97519155514125,34.82835208466284,100.0,42.779593512649186,29.060387031641845,-60.36974163752817,45.957642904790326,57.173604483830545,28.413409009657098,3.104340401182661,65.6179300600298,Unfeasible shape,GPSampler,PRUNED
2938,2938,6.0,2026-04-21 18:49:35.504236,2026-04-21 18:49:35.711607,0 days 00:00:00.207371,-36.78640982662865,20.63431227932281,34.89788529523291,100.0,42.75929855436111,28.84453726157102,-60.22015402420131,45.93859214983926,56.99962097399579,28.448993918723485,3.0860712255569496,65.31425538832802,Unfeasible shape,GPSampler,PRUNED
2939,2939,6.0,2026-04-21 18:49:35.960208,2026-04-21 18:49:36.124909,0 days 00:00:00.164701,-36.78566933233499,21.04574684917192,34.930870054180154,100.0,42.85872460015193,28.814253200472187,-60.11700433068046,46.117868381671656,57.15279882376854,28.585850383055288,3.063338191722501,65.71713877361621,Unfeasible shape,GPSampler,PRUNED
2940,2940,6.0,2026-04-21 18:49:36.287791,2026-04-21 18:49:36.426800,0 days 00:00:00.139009,-36.72043222319315,21.00671891178411,35.06570135056309,100.0,42.822421918909,29.045406796170752,-60.231250407307726,45.848144632479915,56.94129058512769,28.559408237345114,3.0775966388496343,65.7149410379114,Unfeasible shape,GPSampler,PRUNED
2941,2941,6.0,2026-04-21 18:49:36.572126,2026-04-21 18:49:36.742480,0 days 00:00:00.170354,-36.832848305386584,21.08315324549254,34.81176994613744,100.0,42.86964260410754,28.979962518809458,-60.35168598964187,45.87938791273035,57.10564763381312,28.462409030559733,3.0979328110161575,65.66838796457598,Unfeasible shape,GPSampler,PRUNED
2942,2942,6.0,2026-04-21 18:49:36.910973,2026-04-21 18:49:37.120611,0 days 00:00:00.209638,-36.7140095896416,21.014054035360516,35.05408822329473,100.0,42.86587849735912,29.147960052521114,-60.371158838679875,45.75057831997606,57.00500229040978,28.42835927167159,3.156391323034761,65.7736657870841,Unfeasible shape,GPSampler,PRUNED
2943,2943,6.0,2026-04-21 18:49:37.344846,2026-04-21 18:49:37.489818,0 days 00:00:00.144972,-36.800422486239924,20.768838142678693,34.959477007877126,100.0,42.76073058968517,29.025540265736318,-60.298205935858306,45.83110346192814,57.03063384475824,28.58044486627838,3.106983012942365,65.66512161158681,Unfeasible shape,GPSampler,PRUNED
2944,2944,6.0,2026-04-21 18:49:37.674963,2026-04-21 18:49:37.832823,0 days 00:00:00.157860,-36.986798560495764,20.61500432948335,35.16141680895748,100.0,42.58244892933009,29.34243710093991,-60.63864626816838,45.20245177282304,57.71715401121967,27.962171675172385,3.094753031579252,65.63919949490779,Unfeasible shape,GPSampler,PRUNED
2945,2945,6.0,2026-04-21 18:49:37.998001,2026-04-21 18:49:38.124217,0 days 00:00:00.126216,-36.7632003360044,21.370309868890452,34.733659778907544,100.0,42.82578522281352,28.832942360454467,-60.50743187108952,46.004591122398395,57.384857262833634,28.392834048512455,3.0822335043359814,66.06984233522981,Unfeasible shape,GPSampler,PRUNED
2946,2946,6.0,2026-04-21 18:49:38.307458,2026-04-21 18:49:38.478323,0 days 00:00:00.170865,-36.73736076326724,20.92955399510012,34.63988406490527,100.0,42.69615344351736,29.173214584631268,-60.48324768543843,45.61006428413166,56.86299992918515,27.81800688502452,3.152032016210619,65.88560105462493,Unfeasible shape,GPSampler,PRUNED
2947,2947,6.0,2026-04-21 18:49:38.718858,2026-04-21 18:49:38.856414,0 days 00:00:00.137556,-36.66812617129226,21.019311921540478,34.724349983484956,100.0,42.65487318355794,28.990024827639402,-60.68559207515169,45.85976007072449,57.12856716527668,28.364891792745357,3.097658073133367,65.64707799323672,Unfeasible shape,GPSampler,PRUNED
2948,2948,6.0,2026-04-21 18:49:39.023232,2026-04-21 18:49:39.155321,0 days 00:00:00.132089,-36.72542199310055,21.00517127515159,34.94479235743175,100.0,42.94024267879087,28.938186935791308,-60.387954220359575,45.98552127238063,57.14603767992424,28.357192938406065,3.112308012986901,65.669823694086,Unfeasible shape,GPSampler,PRUNED
2949,2949,6.0,2026-04-21 18:49:39.403746,2026-04-21 18:49:39.548725,0 days 00:00:00.144979,-36.76716827834076,20.903921339000853,34.78142817992905,100.0,42.509851975095266,29.109115528401958,-60.25348652658101,46.099307807022115,57.28640990897917,28.30724472561639,3.1045921686996607,65.71177962466822,Unfeasible shape,GPSampler,PRUNED
2950,2950,6.0,2026-04-21 18:49:39.743654,2026-04-21 18:49:39.890837,0 days 00:00:00.147183,-36.75448268939764,21.323653859337593,34.80245480312246,100.0,42.907055869907964,28.895437742868893,-60.46741169754257,46.006732658861914,57.17972507042707,28.261455370775483,3.1303976593155483,65.64415657050289,Unfeasible shape,GPSampler,PRUNED
