,number,value,datetime_start,datetime_complete,duration,params_lLegPt.rA1,params_lLegPt.rL0,params_lLegPt.rL1,params_lLegPt.rL2,params_lLegPt.x1,params_lLegPt.y1,params_sLegPt.rA1,params_sLegPt.rL0,params_sLegPt.rL1,params_sLegPt.rL2,params_sLegPt.x1,params_sLegPt.y1,user_attrs_prune,system_attrs_auto:sampler,state
1991,1991,6.0,2026-04-21 18:44:08.316730,2026-04-21 18:44:08.475237,0 days 00:00:00.158507,-36.64856904004673,21.148248525092487,34.37467800331663,100.0,42.29394518421474,29.223236650353627,-60.903249514466694,45.91931737101129,57.19703151372376,28.29221870580944,3.1721631437118276,65.81579778991086,Unfeasible shape,GPSampler,PRUNED
1992,1992,6.0,2026-04-21 18:44:08.693015,2026-04-21 18:44:08.834231,0 days 00:00:00.141216,-36.84060287876175,20.853919904855616,34.599358104097035,100.0,42.92120180251806,28.695881363622213,-60.40492586523081,45.89784497840975,57.398309887875,28.520974252220253,3.078853152531785,65.43490571229458,Unfeasible shape,GPSampler,PRUNED
1993,1993,6.0,2026-04-21 18:44:09.008656,2026-04-21 18:44:09.150896,0 days 00:00:00.142240,-36.7862740614688,21.007168824632654,34.87697016429628,100.0,42.81025176156892,28.994902529318125,-60.24007330655358,45.9914477313014,57.2113312859097,28.44257965212192,3.140755982313884,65.72875153914079,Unfeasible shape,GPSampler,PRUNED
1994,1994,6.0,2026-04-21 18:44:09.334512,2026-04-21 18:44:09.493348,0 days 00:00:00.158836,-36.89144874577006,20.99367710297792,34.80115868364399,100.0,42.93935422114115,29.021150926696563,-60.562024312612515,45.57264767242946,56.96743594437897,28.744873676154178,3.1871884323457707,65.87856262219229,Unfeasible shape,GPSampler,PRUNED
1995,1995,6.0,2026-04-21 18:44:09.661324,2026-04-21 18:44:09.818739,0 days 00:00:00.157415,-36.73743420160587,20.87683784176081,34.8170999421214,100.0,42.66091975852826,28.7330988506017,-60.40298974356152,46.07123281175053,57.1213691610563,28.541031581940032,3.104409478828231,65.78164291450526,Unfeasible shape,GPSampler,PRUNED
1996,1996,6.0,2026-04-21 18:44:10.015628,2026-04-21 18:44:10.157819,0 days 00:00:00.142191,-36.81106077492274,20.764898164856852,35.15115842222757,100.0,42.65731037620678,28.74618256414049,-60.382561424630026,46.340798842423474,57.06285823670486,28.52968879451166,3.067120667287419,65.42082918478657,Unfeasible shape,GPSampler,PRUNED
1997,1997,6.0,2026-04-21 18:44:10.378896,2026-04-21 18:44:10.473493,0 days 00:00:00.094597,-36.738926677100594,21.016534619279085,34.85002777393918,100.0,42.61296557112079,29.025000294518982,-60.46396107953687,46.00402671825016,57.0707665319522,28.414786438086885,3.102204542136832,65.60267231560294,Unfeasible shape,GPSampler,PRUNED
1998,1998,6.0,2026-04-21 18:44:10.640237,2026-04-21 18:44:10.798516,0 days 00:00:00.158279,-36.84799794466642,20.68426707862698,34.75511963635451,100.0,42.69781884319364,29.171995929603852,-60.1797485504984,46.034903341480046,57.27671691819725,28.36831209490076,3.156262537747324,65.80827912199206,Unfeasible shape,GPSampler,PRUNED
1999,1999,6.0,2026-04-21 18:44:10.954269,2026-04-21 18:44:11.095926,0 days 00:00:00.141657,-36.73375388306668,21.024398258057875,34.88400341724991,100.0,42.71438816011065,28.941062953309654,-60.42412708935935,45.99534098696867,57.20041805710083,28.541117360719582,3.073346129150103,65.62001847132908,Unfeasible shape,GPSampler,PRUNED
2000,2000,6.0,2026-04-21 18:44:11.251927,2026-04-21 18:44:11.456995,0 days 00:00:00.205068,-36.98967457103669,21.250033475510836,34.79647157292426,100.0,42.937508806776485,29.5354591996351,-60.441621399316105,46.26906205362824,56.97056366834509,28.609173066374737,3.1177191974158163,65.65184676959711,Unfeasible shape,GPSampler,PRUNED
2001,2001,6.0,2026-04-21 18:44:11.687722,2026-04-21 18:44:11.829557,0 days 00:00:00.141835,-36.86616861186726,20.66591243388253,34.4315431269128,100.0,43.169751433791916,28.89557401452121,-60.31492563087291,45.57066755403787,57.05686313729028,28.95660465598274,3.1896056031168243,65.87775678901285,Unfeasible shape,GPSampler,PRUNED
2002,2002,6.0,2026-04-21 18:44:12.017623,2026-04-21 18:44:12.159860,0 days 00:00:00.142237,-36.76383120497117,20.704076427861317,35.146162803524646,100.0,42.95256605346042,28.892534307308857,-60.23743650338942,45.80914993940872,56.97729310116793,28.454791179696624,3.0449791159907704,65.51367979224956,Unfeasible shape,GPSampler,PRUNED
2003,2003,6.0,2026-04-21 18:44:12.293875,2026-04-21 18:44:12.483243,0 days 00:00:00.189368,-36.8105910727525,21.05994163562709,34.71275865249457,100.0,43.090105319244586,29.35644973886557,-60.469944700553434,45.571666904747964,57.29071516511542,28.113832776166678,3.163120277829286,65.81620241276629,Unfeasible shape,GPSampler,PRUNED
2004,2004,6.0,2026-04-21 18:44:12.686818,2026-04-21 18:44:12.844354,0 days 00:00:00.157536,-36.809843357369466,20.64991297775648,35.037739881711445,100.0,42.614782544879745,28.3681998001857,-60.36559753265088,45.731956883054615,57.31136378488762,28.74428784116281,3.0578418625421833,65.68185983088969,Unfeasible shape,GPSampler,PRUNED
2005,2005,6.0,2026-04-21 18:44:13.026215,2026-04-21 18:44:13.168850,0 days 00:00:00.142635,-36.75281506854239,20.82606386611716,35.179939179363515,100.0,42.61247801331567,29.047520903592215,-60.44830507535825,45.862575469385675,57.119362029842776,28.68983247315543,3.0774960146471884,65.47796401019134,Unfeasible shape,GPSampler,PRUNED
2006,2006,6.0,2026-04-21 18:44:13.321419,2026-04-21 18:44:13.477546,0 days 00:00:00.156127,-36.77273644395764,21.132713547290734,34.828075074304536,100.0,42.72622051336437,29.134923031226215,-60.41217336312887,46.01886523836135,57.27952072035265,28.44295335349532,3.1478513719188825,65.71648432686591,Unfeasible shape,GPSampler,PRUNED
2007,2007,6.0,2026-04-21 18:44:13.675688,2026-04-21 18:44:13.913261,0 days 00:00:00.237573,-36.847062400483715,20.725064647519762,34.61125315615011,100.0,42.68739053808021,29.203236835635913,-60.34159051899974,45.895961877217836,57.15085157315074,28.754296909632814,3.1209274946613874,66.03223631721912,Unfeasible shape,GPSampler,PRUNED
2008,2008,6.0,2026-04-21 18:44:14.095305,2026-04-21 18:44:14.253018,0 days 00:00:00.157713,-36.69152663616076,21.364499697354468,35.048229400655096,100.0,43.091915207980165,28.472285842482762,-60.05867252212232,45.48221611912252,57.09677373363404,28.315195827253007,3.0792166554291214,65.39516050084988,Unfeasible shape,GPSampler,PRUNED
2009,2009,6.0,2026-04-21 18:44:14.422760,2026-04-21 18:44:14.576703,0 days 00:00:00.153943,-36.787994916266555,21.0808094670683,34.99524132638372,100.0,42.644354601882,28.97289413798932,-60.47407346881516,45.86175139925058,57.132391148667175,28.46939651151332,3.105791983805112,65.67623347133232,Unfeasible shape,GPSampler,PRUNED
2010,2010,6.0,2026-04-21 18:44:14.746662,2026-04-21 18:44:14.904969,0 days 00:00:00.158307,-36.71782771994582,21.07679901658301,34.7128969646873,100.0,42.89093876268036,29.394371868554565,-60.394480259921096,45.88050112058962,57.19365062368146,28.488928256061524,3.1253142457603857,65.68450962661194,Unfeasible shape,GPSampler,PRUNED
2011,2011,6.0,2026-04-21 18:44:15.200130,2026-04-21 18:44:15.389466,0 days 00:00:00.189336,-36.89204232072773,21.044810049542573,34.68347979230232,100.0,42.639350793530326,29.000740246567766,-60.29474982126152,46.28667237810551,57.585086535062736,28.241468256762502,3.054616388454015,65.61897086130843,Unfeasible shape,GPSampler,PRUNED
2012,2012,6.0,2026-04-21 18:44:15.562041,2026-04-21 18:44:15.720508,0 days 00:00:00.158467,-36.832977926976106,21.53487344031146,34.062629579692214,100.0,43.05985431828201,29.555935332961404,-60.46264464195265,46.19550898207696,57.48004629741176,27.726741985598597,3.2599605834647534,66.06863897997339,Unfeasible shape,GPSampler,PRUNED
2013,2013,6.0,2026-04-21 18:44:15.965213,2026-04-21 18:44:16.126627,0 days 00:00:00.161414,-36.929786907906504,20.97823991646244,34.6915234926887,100.0,42.48123302688884,28.944162346328454,-60.325831866030825,45.69275336488879,57.05211186364446,28.152109568060276,3.0996612594115405,65.64690173146036,Unfeasible shape,GPSampler,PRUNED
2014,2014,6.0,2026-04-21 18:44:16.307408,2026-04-21 18:44:16.512579,0 days 00:00:00.205171,-36.74909693940151,20.980079515833566,34.952350427839534,100.0,42.73599038941158,29.039764240562477,-60.33136815756282,45.67758952688394,57.07366450543738,28.454039175539943,3.1048252914802816,65.51496289231137,Unfeasible shape,GPSampler,PRUNED
2015,2015,6.0,2026-04-21 18:44:16.717879,2026-04-21 18:44:16.860794,0 days 00:00:00.142915,-36.78198789248082,21.039716785665313,34.77977602455006,100.0,42.736317235491704,29.160611313884083,-60.39292872070297,46.01537683603364,57.20634983044473,28.41804520085366,3.0968121246614686,65.77943447925135,Unfeasible shape,GPSampler,PRUNED
2016,2016,6.0,2026-04-21 18:44:17.047901,2026-04-21 18:44:17.207793,0 days 00:00:00.159892,-36.73539188670989,21.01831292279641,35.04116665055143,100.0,42.81621129598551,29.042278837730684,-60.34350554225342,45.866183638452,57.17681215064415,28.4097552979803,3.047931747575511,65.61036210252712,Unfeasible shape,GPSampler,PRUNED
2017,2017,6.0,2026-04-21 18:44:17.393002,2026-04-21 18:44:17.566175,0 days 00:00:00.173173,-36.63848180433176,21.392267856859725,34.63927519663436,100.0,42.47947848508374,29.254481121193287,-60.45484785192042,46.25603716540708,57.351954395360806,28.190188413127785,3.219950617552925,65.85828152767483,Unfeasible shape,GPSampler,PRUNED
2018,2018,6.0,2026-04-21 18:44:17.763249,2026-04-21 18:44:17.984112,0 days 00:00:00.220863,-36.70051312878768,21.01811786539313,34.69601796074649,100.0,42.573744649702924,29.37841646448767,-60.48033070006207,46.15834214626704,57.39513971505176,28.16525194831054,3.123241695733398,65.86471431911293,Unfeasible shape,GPSampler,PRUNED
2019,2019,6.0,2026-04-21 18:44:18.148923,2026-04-21 18:44:18.291178,0 days 00:00:00.142255,-36.66303304079214,20.84878938730855,34.62988027944721,100.0,42.939631713058596,29.351112465218563,-60.2913775064731,45.84523552359032,57.16443815290707,28.20588216589696,3.2137265838240268,65.84126181729302,Unfeasible shape,GPSampler,PRUNED
2020,2020,6.0,2026-04-21 18:44:18.473626,2026-04-21 18:44:18.584073,0 days 00:00:00.110447,-36.78222474582902,21.009650804784485,34.79123099511886,100.0,42.74839530904638,29.05354885836266,-60.292624767725286,45.96869181109929,57.102154224109235,28.495989457560263,3.106813091779678,65.64331840323018,Unfeasible shape,GPSampler,PRUNED
2021,2021,6.0,2026-04-21 18:44:18.736861,2026-04-21 18:44:18.878796,0 days 00:00:00.141935,-36.86970738887591,20.65996181090078,35.485601543247014,100.0,42.8540749828406,28.760238531398187,-60.22779636234337,45.55076167221935,56.85570890888744,28.781485574105698,3.0215940092849536,65.23059580776616,Unfeasible shape,GPSampler,PRUNED
2022,2022,6.0,2026-04-21 18:44:19.067117,2026-04-21 18:44:19.247126,0 days 00:00:00.180009,-36.79306558368343,20.980071115707823,34.944703875762215,100.0,42.79210231698002,28.99968644375557,-60.23461067208993,45.89375535448363,57.092959160344684,28.469859702259924,3.0620156645828374,65.68783333429957,Unfeasible shape,GPSampler,PRUNED
2023,2023,6.0,2026-04-21 18:44:19.532447,2026-04-21 18:44:19.689976,0 days 00:00:00.157529,-36.690334915899875,21.130903805415855,35.094181985568824,100.0,42.156096908393344,28.63592343471001,-60.41460037360966,46.33692252608161,56.88247538626854,28.49061488158052,3.1120195767625987,65.47589792261238,Unfeasible shape,GPSampler,PRUNED
2024,2024,6.0,2026-04-21 18:44:19.863000,2026-04-21 18:44:20.083824,0 days 00:00:00.220824,-36.75928842370064,21.04919347082932,34.892778056285024,100.0,42.68568316989815,29.066724452530437,-60.36869880916589,45.93556314643142,57.1390619565072,28.454719821468654,3.129364481444462,65.67975096025958,Unfeasible shape,GPSampler,PRUNED
2025,2025,6.0,2026-04-21 18:44:20.282707,2026-04-21 18:44:20.442442,0 days 00:00:00.159735,-36.74199643899689,20.946319509070896,34.90885188217703,100.0,42.81084293251222,28.980094119736897,-60.35538762359043,45.816279910508854,57.25145895675762,28.596890066741935,3.078256704800623,65.81252639169314,Unfeasible shape,GPSampler,PRUNED
2026,2026,6.0,2026-04-21 18:44:20.633733,2026-04-21 18:44:20.834056,0 days 00:00:00.200323,-36.7443139570777,21.351437402514307,34.932329183651845,100.0,43.16938254373487,28.57029151577713,-60.321930648186964,45.907456012734244,57.07752933496092,28.969371088183067,3.071604315169971,65.65391476408426,Unfeasible shape,GPSampler,PRUNED
2027,2027,6.0,2026-04-21 18:44:20.998988,2026-04-21 18:44:21.157131,0 days 00:00:00.158143,-36.700473769883594,20.854987908263713,34.4937016908944,100.0,42.76908742093487,29.22244482507135,-60.253321867809476,45.854901128147574,57.19619277170855,28.537554821228902,3.226082529160564,65.83793351941718,Unfeasible shape,GPSampler,PRUNED
2028,2028,6.0,2026-04-21 18:44:21.377178,2026-04-21 18:44:21.535117,0 days 00:00:00.157939,-36.835476982450864,20.92490204772008,34.25218415626265,100.0,42.39815261135345,29.46320039779173,-60.29165380133874,45.965031349322324,57.14875299081729,28.682889561759545,3.1916349948137395,66.02581812128648,Unfeasible shape,GPSampler,PRUNED
2029,2029,6.0,2026-04-21 18:44:21.700277,2026-04-21 18:44:21.826790,0 days 00:00:00.126513,-36.83466533883829,20.969987769492626,34.80362333843175,100.0,42.676413857208345,28.945430415149872,-60.33825039039553,45.912525820705504,57.16641662135771,28.36995889592677,3.1402028484219002,65.78653771305352,Unfeasible shape,GPSampler,PRUNED
2030,2030,6.0,2026-04-21 18:44:21.976297,2026-04-21 18:44:22.136307,0 days 00:00:00.160010,-36.98555072244942,21.46617917628752,34.36777535359606,100.0,42.79148861770639,29.231451470183217,-60.404703544977394,45.738674178274536,57.11877873633897,28.452227055002346,3.244805899708048,65.93837597441724,Unfeasible shape,GPSampler,PRUNED
2031,2031,6.0,2026-04-21 18:44:22.300429,2026-04-21 18:44:22.506428,0 days 00:00:00.205999,-36.94499474696694,20.446146360482132,35.758245745813284,99.63820621248878,42.81888160706652,28.871771693430603,-60.293501127475835,45.095634197882205,56.501331509234035,29.612845501089232,2.9715366568970367,64.94684653372066,Unfeasible shape,GPSampler,PRUNED
2032,2032,6.0,2026-04-21 18:44:22.704876,2026-04-21 18:44:22.847752,0 days 00:00:00.142876,-36.80867926273733,21.078668318010017,34.87987422529073,100.0,42.43490575930577,29.08963221653692,-60.363601626804154,46.05489928616286,56.98256143391673,28.11024152205797,3.0701947169790955,65.53784460044407,Unfeasible shape,GPSampler,PRUNED
2033,2033,6.0,2026-04-21 18:44:23.020285,2026-04-21 18:44:23.194639,0 days 00:00:00.174354,-36.77718247888877,20.692474859819573,35.304306001773575,100.0,42.699189277366486,29.00297296308006,-60.3425505148562,45.638167140087,57.13453760537043,28.661737898878414,3.0977113353388717,65.64218851053656,Unfeasible shape,GPSampler,PRUNED
2034,2034,6.0,2026-04-21 18:44:23.412760,2026-04-21 18:44:23.523039,0 days 00:00:00.110279,-36.917231151223014,20.31785878041481,35.21157135975424,100.0,42.63505773988944,28.779585155415255,-60.11325438905104,45.99636926457202,57.15693482722914,28.751147420233025,3.116494861563112,65.37928578498139,Unfeasible shape,GPSampler,PRUNED
2035,2035,6.0,2026-04-21 18:44:23.705163,2026-04-21 18:44:23.910350,0 days 00:00:00.205187,-36.77249476800662,21.063793883931552,34.44115569040719,100.0,42.6001253072057,29.437037204286547,-60.36185512052053,45.97488763056698,57.32154836011851,28.090246117849574,3.226524075210328,66.09159755961029,Unfeasible shape,GPSampler,PRUNED
2036,2036,6.0,2026-04-21 18:44:24.137817,2026-04-21 18:44:24.343770,0 days 00:00:00.205953,-36.73330886082932,21.22111882904327,34.76356131508231,100.0,42.71547491521293,28.66431703172961,-60.481486086339714,45.65179300359525,57.2881456460313,28.020154690581652,3.137019428776256,65.8563423704913,Unfeasible shape,GPSampler,PRUNED
2037,2037,6.0,2026-04-21 18:44:24.540827,2026-04-21 18:44:24.680380,0 days 00:00:00.139553,-36.861571512805945,20.921800351351457,34.78794178832378,100.0,42.53563885357933,29.08314641177529,-60.55027586329916,45.569933355958874,57.11068310265615,28.543923980679246,3.1267500919625775,65.59023903914172,Unfeasible shape,GPSampler,PRUNED
2038,2038,6.0,2026-04-21 18:44:24.849125,2026-04-21 18:44:25.003820,0 days 00:00:00.154695,-36.735088786251765,20.79349462529344,35.04343919068711,100.0,42.6931963303042,28.831258609972778,-60.357482762583324,45.81679614844795,57.12253090440732,28.555580378929644,3.020390190778791,65.62796807501455,Unfeasible shape,GPSampler,PRUNED
2039,2039,6.0,2026-04-21 18:44:25.188374,2026-04-21 18:44:25.313881,0 days 00:00:00.125507,-36.76392032523852,21.135072418888136,34.922008998456235,100.0,42.816058954161406,29.046687657258815,-60.419221099097,45.80112663438232,57.06586551767896,28.278170690192944,3.1166452191230363,65.70355531235889,Unfeasible shape,GPSampler,PRUNED
2040,2040,6.0,2026-04-21 18:44:25.479065,2026-04-21 18:44:25.634598,0 days 00:00:00.155533,-36.73695811215728,20.893886106679567,34.777828440047145,100.0,42.788173364526564,29.093982687221512,-60.53107637687446,46.00688822758245,57.24946433094155,28.375561383502532,3.112831559334431,65.71253838725029,Unfeasible shape,GPSampler,PRUNED
2041,2041,6.0,2026-04-21 18:44:25.943750,2026-04-21 18:44:26.099445,0 days 00:00:00.155695,-36.755604263034975,21.040601506016266,34.80156172068716,100.0,42.79724204896909,29.033682968332847,-60.340741352087065,45.92276335683557,57.208066702852655,28.352688250486757,3.1250301724752205,65.66398788794004,Unfeasible shape,GPSampler,PRUNED
2042,2042,6.0,2026-04-21 18:44:26.410315,2026-04-21 18:44:26.580378,0 days 00:00:00.170063,-36.74315540125018,20.80816950822965,34.80310078576795,100.0,42.65143125483824,29.27001946217701,-60.213378344513224,45.84205538847166,57.03902157521867,28.44857379418708,3.1323740818507915,65.66445043399351,Unfeasible shape,GPSampler,PRUNED
2043,2043,6.0,2026-04-21 18:44:26.746671,2026-04-21 18:44:26.913414,0 days 00:00:00.166743,-36.95883830804679,20.81414807461202,35.19793555905563,100.0,42.490701704402476,28.964089321648913,-60.46407778437179,45.62010003014732,56.9710089153938,28.993133281194673,3.0707618707241835,65.60372162410029,Unfeasible shape,GPSampler,PRUNED
2044,2044,6.0,2026-04-21 18:44:27.090840,2026-04-21 18:44:27.253897,0 days 00:00:00.163057,-36.79272774520306,20.7210570411607,35.10544517485495,100.0,42.61748796973958,29.078682633110766,-60.174923502523534,45.92109575082917,57.1080500432929,28.48194868890531,3.1077696361599934,65.56509331937296,Unfeasible shape,GPSampler,PRUNED
2045,2045,6.0,2026-04-21 18:44:27.450311,2026-04-21 18:44:27.635916,0 days 00:00:00.185605,-36.9240578213702,20.86716256221127,34.842228080376806,100.0,42.66850210387078,28.808428219118312,-60.151459988488966,46.004523406535654,57.27107296421513,28.54501194380923,3.060107318277403,65.6216342212842,Unfeasible shape,GPSampler,PRUNED
2046,2046,6.0,2026-04-21 18:44:27.847982,2026-04-21 18:44:28.006983,0 days 00:00:00.159001,-36.677544946304366,20.80636185710786,34.76206083187872,100.0,42.925824646373876,28.785630228349156,-60.10787935118664,45.879401085154385,57.25477036894934,28.5769475506197,3.1345582267248417,65.57821375271321,Unfeasible shape,GPSampler,PRUNED
2047,2047,6.0,2026-04-21 18:44:28.182381,2026-04-21 18:44:28.356112,0 days 00:00:00.173731,-36.63827792746662,21.442231681830844,34.616983511191,100.0,42.57112378783333,29.561539657489597,-60.38126830617452,46.211870154201605,57.357067007233866,28.302462053916788,3.246067051212478,65.87566557167959,Unfeasible shape,GPSampler,PRUNED
2048,2048,6.0,2026-04-21 18:44:28.541219,2026-04-21 18:44:28.676321,0 days 00:00:00.135102,-36.875300627193624,20.95497599696089,34.726898917403815,100.0,42.86734372949734,29.196049139286885,-60.29761191472605,45.7974123301195,57.20718674847143,28.303852283227073,3.133842982283994,65.78017603817507,Unfeasible shape,GPSampler,PRUNED
2049,2049,6.0,2026-04-21 18:44:28.838418,2026-04-21 18:44:28.989490,0 days 00:00:00.151072,-36.71972696817514,21.502457955085717,34.37561787736472,100.0,42.72595685312404,28.894626224846668,-60.700622113955774,46.02338497391267,57.27712170674141,28.653152585645397,3.036097203922523,65.7821075839136,Unfeasible shape,GPSampler,PRUNED
2050,2050,6.0,2026-04-21 18:44:29.203684,2026-04-21 18:44:29.362462,0 days 00:00:00.158778,-36.76733928024548,20.917224215025954,35.043542871782684,100.0,42.70048669418752,29.0583671238619,-60.266350044498374,45.86560853392305,57.09729789601834,28.43619166392514,3.076548454648197,65.72520697223369,Unfeasible shape,GPSampler,PRUNED
2051,2051,6.0,2026-04-21 18:44:29.521391,2026-04-21 18:44:29.666912,0 days 00:00:00.145521,-36.781448065241385,21.050619054659272,34.73175618301174,100.0,42.749008007735384,29.02865322404839,-60.23975277866019,46.10756751353895,57.221218559604324,28.37197120518866,3.149291599110107,65.78329370562933,Unfeasible shape,GPSampler,PRUNED
2052,2052,6.0,2026-04-21 18:44:29.843215,2026-04-21 18:44:30.008188,0 days 00:00:00.164973,-36.74232904759469,20.962002052554578,35.123174486389416,100.0,43.11745893553655,28.84108761712683,-60.054110784087044,45.904948932110145,57.10987208432366,28.742829176607156,3.139998078116335,65.63266189887536,Unfeasible shape,GPSampler,PRUNED
2053,2053,6.0,2026-04-21 18:44:30.160606,2026-04-21 18:44:30.445159,0 days 00:00:00.284553,-36.77024243469323,20.993044253924637,35.06038282876013,100.0,42.977188171238524,28.917904639247034,-60.34574658446199,46.04903729733098,57.06566463839576,28.330708372845972,3.0945656905875722,65.5907848291843,Unfeasible shape,GPSampler,PRUNED
2054,2054,6.0,2026-04-21 18:44:30.634827,2026-04-21 18:44:30.841536,0 days 00:00:00.206709,-36.804878235235506,20.773285915994393,34.29596085856966,100.0,43.11870284305311,29.081830851701334,-60.41573776748153,46.0954993924001,57.7037301322419,27.998336941241313,3.1699418979195357,65.64051245458943,Unfeasible shape,GPSampler,PRUNED
