,number,value,datetime_start,datetime_complete,duration,params_lLegPt.rA1,params_lLegPt.rL0,params_lLegPt.rL1,params_lLegPt.rL2,params_lLegPt.x1,params_lLegPt.y1,params_sLegPt.rA1,params_sLegPt.rL0,params_sLegPt.rL1,params_sLegPt.rL2,params_sLegPt.x1,params_sLegPt.y1,user_attrs_prune,system_attrs_auto:sampler,state
1223,1223,6.0,2026-04-21 18:39:46.251307,2026-04-21 18:39:46.419358,0 days 00:00:00.168051,-37.016308727231994,20.530625249603297,35.18664022802351,100.0,42.79917908769956,28.977779273609087,-60.38789420151467,45.78839228931464,57.02892327843473,28.549358441523307,3.215893713318586,65.38452233157273,Unfeasible shape,GPSampler,PRUNED
1224,1224,6.0,2026-04-21 18:39:46.584518,2026-04-21 18:39:46.697954,0 days 00:00:00.113436,-36.79059095023863,21.44794422471996,34.68119272790909,100.0,42.83147397946924,28.785124841557206,-60.676438993052415,45.6985439761432,57.13741087224756,28.844528637829782,3.0888479580221144,65.61236903320669,Unfeasible shape,GPSampler,PRUNED
1225,1225,6.0,2026-04-21 18:39:46.886550,2026-04-21 18:39:47.100117,0 days 00:00:00.213567,-36.75715050711554,20.876022956749033,35.33748235706038,100.0,42.70412171590659,28.93705578240023,-60.26616826979054,45.964664143329905,57.05866501063694,28.63198871184042,3.028199021679157,65.43063566185931,Unfeasible shape,GPSampler,PRUNED
1226,1226,6.0,2026-04-21 18:39:47.267546,2026-04-21 18:39:47.416780,0 days 00:00:00.149234,-36.61220969326399,20.88392043926042,35.165629288651616,100.0,42.767371357720684,28.728151221943264,-60.228394415991424,45.99407470874259,57.20927335334951,28.53453288636532,3.1245786125936306,65.5782237801279,Unfeasible shape,GPSampler,PRUNED
1227,1227,6.0,2026-04-21 18:39:47.666129,2026-04-21 18:39:47.799245,0 days 00:00:00.133116,-36.75758351358598,21.00062089619063,34.89757489070149,100.0,42.767350924706854,29.196529436070193,-60.36710337036328,45.84657763090333,57.037804625160746,28.472137552353747,3.105035780180394,65.69040045678193,Unfeasible shape,GPSampler,PRUNED
1228,1228,6.0,2026-04-21 18:39:48.170192,2026-04-21 18:39:48.328965,0 days 00:00:00.158773,-36.73572429701486,20.981620429504552,34.783254619870675,100.0,42.62387109987741,28.929578552664502,-60.402827823086895,46.06831447493026,57.27110652252098,28.05670670002877,3.1300621487774336,66.16805246065341,Unfeasible shape,GPSampler,PRUNED
1229,1229,6.0,2026-04-21 18:39:48.493639,2026-04-21 18:39:48.635535,0 days 00:00:00.141896,-36.75458243156799,21.487747780489407,34.625939597742,100.0,42.29983811241791,28.965903587520003,-60.434334435666386,46.05285489782573,57.49522273014177,28.047191901072818,3.1643115111925155,66.06312890043252,Unfeasible shape,GPSampler,PRUNED
1230,1230,6.0,2026-04-21 18:39:48.831374,2026-04-21 18:39:49.009084,0 days 00:00:00.177710,-36.85594540318391,20.979526312419175,34.78577074151916,100.0,42.69028047773364,29.258671567468596,-60.321477233814875,45.936437794183334,56.98591034524221,28.705563274102502,3.1559159972798483,65.87852209800668,Unfeasible shape,GPSampler,PRUNED
1231,1231,6.0,2026-04-21 18:39:49.178345,2026-04-21 18:39:49.288431,0 days 00:00:00.110086,-36.77045240938696,20.84913126958279,34.94600371581636,100.0,42.711061218981634,29.24869814096411,-60.23735295157911,45.79892184058538,57.3258794852543,28.362494421872846,3.1679762264440328,65.95709738290412,Unfeasible shape,GPSampler,PRUNED
1232,1232,6.0,2026-04-21 18:39:49.439671,2026-04-21 18:39:49.581043,0 days 00:00:00.141372,-36.79841330636977,21.15041772032341,34.814409051661215,100.0,42.98506314364194,28.913710324074145,-60.30189161047112,45.96329747066071,57.145802678895734,28.590279021161084,2.9938287159699684,65.74749000270009,Unfeasible shape,GPSampler,PRUNED
1233,1233,6.0,2026-04-21 18:39:49.750272,2026-04-21 18:39:49.905149,0 days 00:00:00.154877,-36.762126928032785,21.321628543418605,34.686121534273916,100.0,42.79626413004032,29.035013224915396,-60.4707804299217,45.830128061045485,57.08703222353852,28.578951607861622,3.1153130773166353,65.59832559409824,Unfeasible shape,GPSampler,PRUNED
1234,1234,6.0,2026-04-21 18:39:50.101633,2026-04-21 18:39:50.241317,0 days 00:00:00.139684,-36.79542374876531,21.101657653239428,34.863752924039304,100.0,42.738960970683905,28.94722860416813,-60.36258053847049,45.907349055944515,57.231014593074136,28.48596391198544,3.0885216772446427,65.70135721497148,Unfeasible shape,GPSampler,PRUNED
1235,1235,6.0,2026-04-21 18:39:50.379206,2026-04-21 18:39:50.522276,0 days 00:00:00.143070,-36.80952234832733,20.77358055943079,34.74260515978973,100.0,42.75254371263374,29.031143089785772,-60.49311144997309,45.83675086971249,57.268837385795656,28.47244917975019,3.161865825077385,65.9364293448409,Unfeasible shape,GPSampler,PRUNED
1236,1236,6.0,2026-04-21 18:39:50.694592,2026-04-21 18:39:50.825292,0 days 00:00:00.130700,-36.806092219219764,21.079165585016483,34.970437122945285,100.0,42.71694440197444,29.03439509935759,-60.383142540980614,45.76911634516343,57.098500275921815,28.477594513169773,3.1222819223087797,65.59272633051843,Unfeasible shape,GPSampler,PRUNED
1237,1237,6.0,2026-04-21 18:39:51.002096,2026-04-21 18:39:51.233658,0 days 00:00:00.231562,-36.714732967316024,21.083026835710797,34.940943165347,100.0,42.81131691086794,29.21912994100922,-60.30658062132636,46.127150187628075,57.020813563703,28.241233827311998,3.09622908614935,65.94469621203137,Unfeasible shape,GPSampler,PRUNED
1238,1238,6.0,2026-04-21 18:39:51.410055,2026-04-21 18:39:51.696039,0 days 00:00:00.285984,-36.72628951715042,20.859625374521944,34.831056882397824,100.0,42.64829268982587,29.17887199740146,-60.3506008754998,46.01769068832397,57.21673029099884,28.315546580219095,3.121672496747273,65.75881611427175,Unfeasible shape,GPSampler,PRUNED
1239,1239,6.0,2026-04-21 18:39:51.902872,2026-04-21 18:39:52.040338,0 days 00:00:00.137466,-36.73516276099891,20.851863454388024,34.746267994264464,100.0,42.72614211795217,29.299679006399835,-60.34700985758353,45.95433060066167,57.13947274217452,28.148672432938117,3.0765364687539716,65.88614317046554,Unfeasible shape,GPSampler,PRUNED
1240,1240,6.0,2026-04-21 18:39:52.218114,2026-04-21 18:39:52.328753,0 days 00:00:00.110639,-36.86206251596344,20.701037601828993,35.05842216182347,100.0,42.28924401567241,29.525575410398496,-60.78807423014303,45.340596424006804,57.30961129508446,28.306872247567007,3.240583277194972,65.60346624217685,Unfeasible shape,GPSampler,PRUNED
1241,1241,6.0,2026-04-21 18:39:52.494516,2026-04-21 18:39:52.676467,0 days 00:00:00.181951,-36.841250731811186,21.02301679483447,34.62729619724325,100.0,42.63553658414313,29.315745526957905,-60.169995053297626,46.25693009596734,57.27060020998781,28.298200537647947,3.0872918573541455,65.6340276937431,Unfeasible shape,GPSampler,PRUNED
1242,1242,6.0,2026-04-21 18:39:52.844582,2026-04-21 18:39:52.955868,0 days 00:00:00.111286,-36.72447812878012,21.16086566029776,35.13727361559722,100.0,42.87877900450191,28.686148842808073,-60.25321708859849,46.01218416182922,56.89153627480473,28.668362651708865,3.0107977614848735,65.3721035157249,Unfeasible shape,GPSampler,PRUNED
1243,1243,6.0,2026-04-21 18:39:53.122931,2026-04-21 18:39:53.313254,0 days 00:00:00.190323,-36.65766989675335,21.030971422944155,34.9600857897001,100.0,42.94078677083669,28.734995444595377,-60.21422766929259,46.050021974432035,57.07636361494576,28.64998546417586,3.065524382152006,65.8850570425269,Unfeasible shape,GPSampler,PRUNED
1244,1244,6.0,2026-04-21 18:39:53.534968,2026-04-21 18:39:53.723862,0 days 00:00:00.188894,-36.83641597905018,21.063624247521947,34.8090562998124,100.0,42.769434244911515,28.975517597341174,-60.39876718760269,45.980576796744614,57.18499141498041,28.33732026037869,3.1222553587487383,65.84826476562762,Unfeasible shape,GPSampler,PRUNED
1245,1245,6.0,2026-04-21 18:39:53.923303,2026-04-21 18:39:54.064482,0 days 00:00:00.141179,-36.766099868826856,21.179199268617147,34.49951610255031,100.0,42.747076621575054,29.24051245983491,-60.42453951594136,46.00743952858428,57.27038485788253,28.11293495055324,3.178644288383275,65.95168048867755,Unfeasible shape,GPSampler,PRUNED
1246,1246,6.0,2026-04-21 18:39:54.254781,2026-04-21 18:39:54.374753,0 days 00:00:00.119972,-36.75090602464722,20.999936383377683,34.65634272900273,100.0,42.734552519003486,29.102618747995308,-60.39724808055112,46.07451446538083,57.276107579732795,28.232246577740412,3.102275000773716,65.81203675601142,Unfeasible shape,GPSampler,PRUNED
1247,1247,6.0,2026-04-21 18:39:54.530999,2026-04-21 18:39:54.659460,0 days 00:00:00.128461,-36.80815440610205,20.611355281232136,34.98485017759918,100.0,42.790212829475806,29.033916696260604,-60.32179968811505,45.80614696012302,57.0580030363739,28.544628396108525,3.0852230389292785,65.6057507065658,Unfeasible shape,GPSampler,PRUNED
1248,1248,6.0,2026-04-21 18:39:54.811435,2026-04-21 18:39:54.947877,0 days 00:00:00.136442,-36.78470895310169,20.89919999896791,34.79692477384643,100.0,42.79621533279303,28.957048907713606,-60.24551327539515,45.997389924116085,57.11944961621805,28.338531489192228,3.0799647297017074,65.75465592232658,Unfeasible shape,GPSampler,PRUNED
1249,1249,6.0,2026-04-21 18:39:55.122543,2026-04-21 18:39:55.292718,0 days 00:00:00.170175,-37.010398868496964,20.80449702931702,34.945101564312566,100.0,42.711692211702115,28.94413795997724,-60.342267483494496,46.13127081649112,56.89419307797162,28.398413552943055,2.9973563891969732,65.33175423783679,Unfeasible shape,GPSampler,PRUNED
1250,1250,6.0,2026-04-21 18:39:55.448611,2026-04-21 18:39:55.594944,0 days 00:00:00.146333,-36.77428551064993,21.03505664888967,34.88954681516341,100.0,42.906245567929204,29.250856011692832,-60.36310756686437,45.94864951700383,57.067960455013534,28.429630485383374,3.161389586280201,65.76756709675917,Unfeasible shape,GPSampler,PRUNED
1251,1251,6.0,2026-04-21 18:39:55.778174,2026-04-21 18:39:55.967904,0 days 00:00:00.189730,-36.762274972743185,21.088125467441667,34.30763803534453,100.0,42.8646677038494,29.161388537757446,-60.5512664339249,45.81086857815659,57.26316584831434,28.12116183653488,3.1511446986844263,66.00859725046446,Unfeasible shape,GPSampler,PRUNED
1252,1252,6.0,2026-04-21 18:39:56.134058,2026-04-21 18:39:56.276282,0 days 00:00:00.142224,-36.805558149812796,21.112746180482773,34.93402354412825,100.0,42.67185928551134,29.111228067562962,-60.39454245845991,45.882102987220804,57.19178640056163,28.31873216284669,3.1180559021354597,65.60877303922119,Unfeasible shape,GPSampler,PRUNED
1253,1253,6.0,2026-04-21 18:39:56.415713,2026-04-21 18:39:56.587630,0 days 00:00:00.171917,-36.77209829940313,20.991049894687713,35.153520415206984,100.0,42.626258926011694,28.986276464736278,-60.26217871636512,45.99324460821634,56.9975061375933,28.407202104339664,3.056044350309584,65.4772017196533,Unfeasible shape,GPSampler,PRUNED
1254,1254,6.0,2026-04-21 18:39:56.857884,2026-04-21 18:39:57.005879,0 days 00:00:00.147995,-36.818639886356124,21.17691214140781,34.86022898405699,100.0,42.828773542023065,29.039412391515278,-60.429371779838846,45.677466741675566,57.11134284984886,28.551185057198378,3.153218834663768,65.73247503502668,Unfeasible shape,GPSampler,PRUNED
1255,1255,6.0,2026-04-21 18:39:57.184261,2026-04-21 18:39:57.363370,0 days 00:00:00.179109,-36.79264843232764,21.174078393157494,34.80269195536815,100.0,42.72190708941289,29.224262412615204,-60.49104754225844,46.207120870550064,57.35098677458769,28.271681862949794,3.0691521621608473,65.58752556722375,Unfeasible shape,GPSampler,PRUNED
1256,1256,6.0,2026-04-21 18:39:57.534122,2026-04-21 18:39:57.682299,0 days 00:00:00.148177,-36.8013025578087,20.866606911350857,34.872444772481074,100.0,42.85385051083726,28.88631316249677,-60.338148211591005,45.85984569666302,57.108806481797295,28.618270776453205,3.100642469509843,65.69638724353467,Unfeasible shape,GPSampler,PRUNED
1257,1257,6.0,2026-04-21 18:39:57.844384,2026-04-21 18:39:57.965057,0 days 00:00:00.120673,-36.944112968633796,21.20950525930157,34.70520459027928,100.0,42.697520840365435,29.21926637298874,-60.24193438155415,45.9365325949525,57.26993026501544,28.409291661451896,3.0892779204430525,65.74502900007388,Unfeasible shape,GPSampler,PRUNED
1258,1258,6.0,2026-04-21 18:39:58.157111,2026-04-21 18:39:58.291536,0 days 00:00:00.134425,-36.85351859167197,21.02730388055808,34.88475860577853,100.0,42.701675737371815,28.892183294636048,-60.216425357953554,45.89530976791115,56.98459910896604,28.38525491622107,3.153701075560093,65.57205050874195,Unfeasible shape,GPSampler,PRUNED
1259,1259,6.0,2026-04-21 18:39:58.457628,2026-04-21 18:39:58.604390,0 days 00:00:00.146762,-36.73459980915421,21.112022347964377,35.15814295202855,100.0,42.56206318105827,29.562043180372733,-60.09736389038488,45.14619197532099,56.69800402978571,28.492800215731123,3.05387464687648,65.09316887632332,Unfeasible shape,GPSampler,PRUNED
1260,1260,6.0,2026-04-21 18:39:58.762090,2026-04-21 18:39:58.909369,0 days 00:00:00.147279,-36.75743960035059,21.112055664751118,34.31153668559142,100.0,43.09337736466834,29.34395285879168,-60.64903616070433,45.86516193058457,57.1331744172349,28.407307392770843,3.298782613088953,66.01252947061144,Unfeasible shape,GPSampler,PRUNED
1261,1261,6.0,2026-04-21 18:39:59.050328,2026-04-21 18:39:59.217449,0 days 00:00:00.167121,-36.73705399605557,20.808534191452175,34.99139207599482,100.0,42.72436877730592,29.10819607819961,-60.32811286691457,45.68409768249691,57.09742887476158,28.327553038936788,3.115875769989003,65.69962005670493,Unfeasible shape,GPSampler,PRUNED
1262,1262,6.0,2026-04-21 18:39:59.366699,2026-04-21 18:39:59.504873,0 days 00:00:00.138174,-36.78000987188129,21.14880760577413,34.912690262830324,100.0,42.654171812831095,29.134583281109656,-60.247390626428036,45.9569673673671,57.25252732637713,28.63630339708977,3.084389316680088,65.67583124483617,Unfeasible shape,GPSampler,PRUNED
1263,1263,6.0,2026-04-21 18:39:59.638874,2026-04-21 18:39:59.788600,0 days 00:00:00.149726,-36.87330152899279,20.820201882654455,34.89779076732302,100.0,42.645343063139904,28.90194129478911,-60.37905999828709,45.920675908829125,57.13581454354048,28.48235723009398,3.051551705939467,65.69363926515541,Unfeasible shape,GPSampler,PRUNED
1264,1264,6.0,2026-04-21 18:39:59.931463,2026-04-21 18:40:00.091296,0 days 00:00:00.159833,-36.81059709972234,20.793067112178548,34.96397722114182,100.0,42.69879970126305,28.992522709061355,-60.301356788951836,45.9729307566414,57.14757020765628,28.480295705037477,3.1229105415142158,65.67205601460029,Unfeasible shape,GPSampler,PRUNED
1265,1265,6.0,2026-04-21 18:40:00.258086,2026-04-21 18:40:00.404086,0 days 00:00:00.146000,-36.97921515310812,21.13788952966923,34.57711420063066,100.0,42.97272226468078,29.58419311180584,-60.2457154153206,46.18504256150674,57.3768416180995,28.12143884682782,3.211189394646432,65.96563572139394,Unfeasible shape,GPSampler,PRUNED
1266,1266,6.0,2026-04-21 18:40:00.552050,2026-04-21 18:40:00.712982,0 days 00:00:00.160932,-36.790242090698925,21.0011415766457,34.775543591759,100.0,42.75108769250393,29.18524030688055,-60.23971417992321,46.04305748930772,57.37073892680484,28.277146445440025,3.091637210023883,65.79262339925026,Unfeasible shape,GPSampler,PRUNED
1267,1267,6.0,2026-04-21 18:40:00.886325,2026-04-21 18:40:01.039656,0 days 00:00:00.153331,-36.877917867027506,21.37193208986885,34.953539039429266,100.0,42.82769269433589,29.357884457349073,-60.596228862152536,45.8663309611332,57.06022719057947,28.51808841800661,3.1409661336225554,65.44832398711623,Unfeasible shape,GPSampler,PRUNED
1268,1268,6.0,2026-04-21 18:40:01.200178,2026-04-21 18:40:01.366442,0 days 00:00:00.166264,-36.84852605185963,20.796871761400677,35.32122845490777,100.0,42.95097390061467,29.117516962430216,-60.178723611238595,46.04394729807034,56.6965422990576,28.633550251040575,3.121414164592359,65.78593966148908,Unfeasible shape,GPSampler,PRUNED
1269,1269,6.0,2026-04-21 18:40:01.558080,2026-04-21 18:40:01.715056,0 days 00:00:00.156976,-36.7101152839745,20.99440734857191,35.29249210591699,100.0,42.92587881304943,28.820498095119817,-60.357480905137365,46.225966523557226,56.799794314923304,28.421324631710732,3.0388659005579512,65.33669931829719,Unfeasible shape,GPSampler,PRUNED
1270,1270,6.0,2026-04-21 18:40:01.917421,2026-04-21 18:40:02.075448,0 days 00:00:00.158027,-36.811013615299466,20.907607124246017,34.85240475445298,100.0,42.83060746245645,29.01559121499561,-60.349242301722484,45.88654393389022,57.206007892842806,28.47082846851582,3.1545336243462003,65.65076087398607,Unfeasible shape,GPSampler,PRUNED
1271,1271,6.0,2026-04-21 18:40:02.241648,2026-04-21 18:40:02.387596,0 days 00:00:00.145948,-36.880199751969606,20.857783322242767,34.84970146529726,100.0,42.774973329912676,29.342896930163995,-60.36559945821028,46.038070332679226,57.07381486712161,28.678216702748706,3.120416654849322,65.9809978039297,Unfeasible shape,GPSampler,PRUNED
1272,1272,6.0,2026-04-21 18:40:02.570358,2026-04-21 18:40:02.710648,0 days 00:00:00.140290,-36.80683914717349,21.06414149059436,34.94811240028947,100.0,42.81098025197011,28.906491300484923,-60.29247320989187,45.90905172711678,57.022183411547296,28.759997512779353,3.1055218553894974,65.56546923303625,Unfeasible shape,GPSampler,PRUNED
1273,1273,6.0,2026-04-21 18:40:02.873041,2026-04-21 18:40:02.972194,0 days 00:00:00.099153,-36.722973829974435,21.032105980218788,34.83748266448387,100.0,42.748424642972786,28.94175136857661,-60.422040114104824,45.96500533661671,57.03833026297575,28.395605745529153,3.0831279150420414,65.60114174298982,Unfeasible shape,GPSampler,PRUNED
1274,1274,6.0,2026-04-21 18:40:03.137049,2026-04-21 18:40:03.300403,0 days 00:00:00.163354,-36.775942726584944,20.99027145888971,35.043206401484085,100.0,42.289891263623055,29.445626181500366,-60.53313431371811,45.307109917762446,57.47367237695949,29.414801596821206,3.0843427181030307,65.67188836557568,Unfeasible shape,GPSampler,PRUNED
1275,1275,6.0,2026-04-21 18:40:03.433020,2026-04-21 18:40:03.582261,0 days 00:00:00.149241,-36.778525272249624,21.07354030759185,34.74905909185349,100.0,42.59550541418218,29.12413314540826,-60.33502589481344,45.993688233809074,57.03967970057826,28.55093951241129,3.1817763071209484,65.85275898477765,Unfeasible shape,GPSampler,PRUNED
1276,1276,6.0,2026-04-21 18:40:03.781750,2026-04-21 18:40:03.929540,0 days 00:00:00.147790,-36.80144971484071,21.199734979684308,34.30678440019889,100.0,42.7811470886124,29.5368183392616,-60.547952218341635,45.764165250622796,57.36033918120755,28.035234840373906,3.279597724681558,66.14959053065542,Unfeasible shape,GPSampler,PRUNED
1277,1277,6.0,2026-04-21 18:40:04.105011,2026-04-21 18:40:04.263802,0 days 00:00:00.158791,-36.7976679181015,21.47132501248781,34.78536035780437,100.0,42.742163686323075,28.97740809253211,-60.55901478559378,46.1848655243526,57.00299943884569,28.547161475586414,3.105774858102997,65.68775693997898,Unfeasible shape,GPSampler,PRUNED
1278,1278,6.0,2026-04-21 18:40:04.428090,2026-04-21 18:40:04.666229,0 days 00:00:00.238139,-36.77724820046596,21.32049158997818,34.54378023081271,100.0,42.659819064671815,29.246160422204724,-60.71071199916693,46.27678395427595,57.152627815122486,28.04162560216365,3.1592988421959305,65.636566828625,Unfeasible shape,GPSampler,PRUNED
1279,1279,6.0,2026-04-21 18:40:04.861245,2026-04-21 18:40:05.006649,0 days 00:00:00.145404,-36.90293176692018,21.40264692944608,34.4241177593253,100.0,42.69321530166423,28.812342469405976,-60.28947843219119,45.72327129749832,57.285625063355134,28.490350573304813,3.2006985858205823,66.1131022003215,Unfeasible shape,GPSampler,PRUNED
1280,1280,6.0,2026-04-21 18:40:05.195167,2026-04-21 18:40:05.411405,0 days 00:00:00.216238,-36.67904994440318,21.189213093815287,34.68309261882882,100.0,42.88340760085728,28.994416984073297,-60.48988395911316,45.96176848398021,57.258655315407616,28.660747967643925,3.0958305032081412,65.55148629118669,Unfeasible shape,GPSampler,PRUNED
1281,1281,6.0,2026-04-21 18:40:05.571959,2026-04-21 18:40:05.899080,0 days 00:00:00.327121,-36.75549949183882,21.08772655663733,34.79750772192834,100.0,42.64882908749405,29.141325838150493,-60.39357146291992,45.93944040640826,57.12997311482699,28.413755132001615,3.1555126395329367,65.70835562799962,Unfeasible shape,GPSampler,PRUNED
1282,1282,6.0,2026-04-21 18:40:06.057023,2026-04-21 18:40:06.241216,0 days 00:00:00.184193,-36.69306504043386,20.678028759980233,35.74964433632526,99.97638822508918,42.70105056450054,28.46477353188456,-60.4012570363448,45.864654227894384,57.04600122794934,28.8378553638858,3.0479962881246436,65.52837957300615,Unfeasible shape,GPSampler,PRUNED
1283,1283,6.0,2026-04-21 18:40:06.421929,2026-04-21 18:40:06.593696,0 days 00:00:00.171767,-36.86477704366301,20.702284805546995,35.34822391825559,100.0,42.64971363272407,28.91479704959886,-60.44061722103106,45.97395083514733,56.88870078581539,28.979663695253002,2.9825872576131545,65.48988310875025,Unfeasible shape,GPSampler,PRUNED
1284,1284,6.0,2026-04-21 18:40:06.748224,2026-04-21 18:40:06.914394,0 days 00:00:00.166170,-36.735294229928726,21.257284877462652,34.84976731795324,100.0,43.36701133342838,29.543909606892953,-60.38536088966944,45.04220519686449,56.8090086727386,28.63494737078073,3.2418206215991034,66.09085837165063,Unfeasible shape,GPSampler,PRUNED
1285,1285,6.0,2026-04-21 18:40:07.082706,2026-04-21 18:40:07.252748,0 days 00:00:00.170042,-36.75196959827363,21.03918695054911,34.794869888216596,100.0,42.57592204020584,29.03350330019486,-60.48475258621556,45.9901295524162,56.862373451008416,28.027006781896286,3.226243174044619,65.8804285024728,Unfeasible shape,GPSampler,PRUNED
1286,1286,6.0,2026-04-21 18:40:07.399230,2026-04-21 18:40:07.531102,0 days 00:00:00.131872,-36.87037326458223,20.82378653271381,35.457241995470895,99.98743299676458,42.62734121206829,28.571337959029833,-60.199654852594904,45.980968810649316,56.91318521049712,28.756029777625304,3.031032487822962,65.30577165413322,Unfeasible shape,GPSampler,PRUNED
