,number,value,datetime_start,datetime_complete,duration,params_lLegPt.rA1,params_lLegPt.rL0,params_lLegPt.rL1,params_lLegPt.rL2,params_lLegPt.x1,params_lLegPt.y1,params_sLegPt.rA1,params_sLegPt.rL0,params_sLegPt.rL1,params_sLegPt.rL2,params_sLegPt.x1,params_sLegPt.y1,user_attrs_prune,system_attrs_auto:sampler,state
1031,1031,6.0,2026-04-21 18:38:41.400367,2026-04-21 18:38:41.550828,0 days 00:00:00.150461,-36.78615445409572,21.00276991493203,34.83968384567697,100.0,42.703851971709284,29.215366824332456,-60.36427587446496,45.915710420193214,57.11190165418936,28.428251338084813,3.1221325282528056,65.6894036877037,Unfeasible shape,GPSampler,PRUNED
1032,1032,6.0,2026-04-21 18:38:41.708275,2026-04-21 18:38:41.856044,0 days 00:00:00.147769,-36.73748798328903,21.35405515127289,34.76736493503533,100.0,42.84445291361238,28.9584741709155,-60.41202125290872,45.939035568582625,57.23213957048161,28.507575510873163,3.147923870223991,65.75413762350549,Unfeasible shape,GPSampler,PRUNED
1033,1033,6.0,2026-04-21 18:38:42.022159,2026-04-21 18:38:42.124938,0 days 00:00:00.102779,-36.749045918399744,21.21971113011057,34.63086670741673,100.0,42.80758548267141,29.056024576618967,-60.553329339395304,45.853398625787506,57.12033173125979,28.34111198926636,3.1425485846499512,65.77320489144286,Unfeasible shape,GPSampler,PRUNED
1034,1034,6.0,2026-04-21 18:38:42.272710,2026-04-21 18:38:42.365742,0 days 00:00:00.093032,-36.79901995834024,20.91289522982749,34.78262119636038,100.0,42.72325567728252,29.019749266285785,-60.23151330536622,45.938444467905974,57.22273910623772,28.405052727766748,3.0803607420931485,65.8607377218607,Unfeasible shape,GPSampler,PRUNED
1035,1035,6.0,2026-04-21 18:38:42.535519,2026-04-21 18:38:42.770331,0 days 00:00:00.234812,-36.91478081340994,21.1152054198448,34.62953283893564,100.0,43.08953205080944,28.963236021626336,-60.43095493079637,45.76962539156363,57.13534986943978,28.6797610975113,3.1775139812485236,65.84354155822005,Unfeasible shape,GPSampler,PRUNED
1036,1036,6.0,2026-04-21 18:38:42.941836,2026-04-21 18:38:43.140864,0 days 00:00:00.199028,-37.03138397209797,21.593886607701513,34.68780235904953,100.0,43.174200700325436,29.245986955838433,-60.29283773317658,45.95902365105287,57.439743558149964,28.968923243966497,3.0724256069303166,65.67378216050216,Unfeasible shape,GPSampler,PRUNED
1037,1037,6.0,2026-04-21 18:38:43.327388,2026-04-21 18:38:43.459017,0 days 00:00:00.131629,-36.810483028466436,21.030848623902916,34.638294301804194,100.0,42.79424184808673,28.90526717592686,-60.45059639648778,45.751936461070194,57.18819134151639,28.453127486579383,3.1454631376413857,65.80419881931313,Unfeasible shape,GPSampler,PRUNED
1038,1038,6.0,2026-04-21 18:38:43.623526,2026-04-21 18:38:43.755639,0 days 00:00:00.132113,-36.75682725249245,20.930586625979767,34.78819387957433,100.0,42.62463816041581,29.095743565945263,-60.40270784624387,45.89070653536966,57.22804028062528,28.48232672050881,3.1207976710009717,65.79522677816001,Unfeasible shape,GPSampler,PRUNED
1039,1039,6.0,2026-04-21 18:38:43.903901,2026-04-21 18:38:44.087806,0 days 00:00:00.183905,-36.82190140435173,20.746096368701807,35.46570545905253,99.96139120065477,42.63613942654497,28.649861717806246,-60.022241451871665,45.61432219540757,57.16129557646257,28.985865276490436,3.064746091055369,65.16439905383116,Unfeasible shape,GPSampler,PRUNED
1040,1040,6.0,2026-04-21 18:38:44.334653,2026-04-21 18:38:44.541627,0 days 00:00:00.206974,-36.86288160065822,20.8559466252522,34.94983482763625,100.0,42.75954408124951,29.784763297049807,-60.44190940693919,45.44100359158404,57.18246291190882,28.65293917537712,3.1542102967679284,65.92058252630967,Unfeasible shape,GPSampler,PRUNED
1041,1041,6.0,2026-04-21 18:38:44.727584,2026-04-21 18:38:44.879015,0 days 00:00:00.151431,-36.87545657184141,20.94997627257699,35.08078751240683,100.0,42.55529245032636,29.27657285480769,-60.294950019589656,45.50819355562668,57.005687400326,28.216129769967658,3.101536514701735,65.70886952643731,Unfeasible shape,GPSampler,PRUNED
1042,1042,6.0,2026-04-21 18:38:45.049080,2026-04-21 18:38:45.202231,0 days 00:00:00.153151,-36.81249769398517,21.293068360334225,34.39711854501297,100.0,42.452407724805404,28.93466889196379,-60.23140461059584,45.90420879014543,57.404624143186446,28.24975546329018,3.21341091896695,66.00855212451808,Unfeasible shape,GPSampler,PRUNED
1043,1043,6.0,2026-04-21 18:38:45.363783,2026-04-21 18:38:45.498955,0 days 00:00:00.135172,-36.988406656235554,20.859940527498566,34.8328349705467,100.0,42.476728801519315,28.894472196150566,-60.38695649438782,45.74947774485069,57.329333975377736,28.24067951245087,3.0319221986447573,65.48014476254998,Unfeasible shape,GPSampler,PRUNED
1044,1044,6.0,2026-04-21 18:38:45.671221,2026-04-21 18:38:45.815941,0 days 00:00:00.144720,-36.833688744856424,20.50733137602139,35.15685007797508,100.0,42.29341077549124,28.473244575491293,-60.464126230738884,46.071790044770744,57.07129201747939,28.965028265710146,3.070841862878055,65.68885442012757,Unfeasible shape,GPSampler,PRUNED
1045,1045,6.0,2026-04-21 18:38:45.959411,2026-04-21 18:38:46.150566,0 days 00:00:00.191155,-36.834517416393766,20.291017996820507,34.654893673043944,100.0,42.686276272672174,29.243425672374777,-60.43941952326102,45.46517019595335,56.97845452175584,28.96037607307453,3.2408546967133915,65.80428772663579,Unfeasible shape,GPSampler,PRUNED
1046,1046,6.0,2026-04-21 18:38:46.345126,2026-04-21 18:38:46.470482,0 days 00:00:00.125356,-37.00086090006176,21.34814174224934,34.296410794053195,100.0,42.85239469509725,29.468564834751717,-60.00022916705504,46.156392185027904,57.12896067483984,27.9513844384006,3.09092327009224,65.9366643131694,Unfeasible shape,GPSampler,PRUNED
1047,1047,6.0,2026-04-21 18:38:46.621127,2026-04-21 18:38:46.763586,0 days 00:00:00.142459,-36.82217944251286,21.2737568074474,34.59833796230394,100.0,42.800817654781596,29.038060010431657,-60.59377882024213,45.81723880940746,57.22181177257833,28.45509821156837,3.166984470274592,65.63549171823847,Unfeasible shape,GPSampler,PRUNED
1048,1048,6.0,2026-04-21 18:38:46.913620,2026-04-21 18:38:47.145639,0 days 00:00:00.232019,-36.90461443232488,20.990996913083535,34.81995518997831,100.0,43.04496186319407,29.031673919436706,-60.397186278403375,45.689082428216665,56.90826470332555,28.54651401478003,3.0936831340193436,65.79990429469002,Unfeasible shape,GPSampler,PRUNED
1049,1049,6.0,2026-04-21 18:38:47.300972,2026-04-21 18:38:47.417492,0 days 00:00:00.116520,-36.79628584998093,20.97228380639877,34.38016441915667,100.0,42.77892959713566,29.358052206897547,-60.72114585181828,45.469908829441486,57.14001200301301,28.616252423057357,3.226334715564917,65.78349794748942,Unfeasible shape,GPSampler,PRUNED
1050,1050,6.0,2026-04-21 18:38:47.585820,2026-04-21 18:38:47.699984,0 days 00:00:00.114164,-36.79158999445914,20.973608035970123,34.419992093164765,100.0,42.71693867810573,29.00742379222325,-60.25853249312569,46.177534451614946,57.40378519547781,28.390719227482744,3.0877600651235184,66.09164855896539,Unfeasible shape,GPSampler,PRUNED
1051,1051,6.0,2026-04-21 18:38:47.973743,2026-04-21 18:38:48.101388,0 days 00:00:00.127645,-36.786450290157845,21.0166540409905,34.76501243548387,100.0,42.81056009626184,29.051897908061044,-60.35290530302413,45.88924740079582,57.10380320537381,28.228443527049176,3.1293351346654106,65.77486127988934,Unfeasible shape,GPSampler,PRUNED
1052,1052,6.0,2026-04-21 18:38:48.436609,2026-04-21 18:38:48.573085,0 days 00:00:00.136476,-36.72165199698485,20.687659070139887,35.07276832003422,100.0,42.725405574886764,29.05576599716347,-60.29885997985232,46.13052791965084,57.106968894411416,28.40082081685209,3.075506782888496,65.64507285803845,Unfeasible shape,GPSampler,PRUNED
1053,1053,6.0,2026-04-21 18:38:48.719132,2026-04-21 18:38:48.862481,0 days 00:00:00.143349,-36.808412031448675,20.83791028264125,35.101592232517895,100.0,42.79093378952998,28.96900712089662,-60.175174667708504,45.96819853607268,57.14997667744014,28.41909889302831,3.095056688190965,65.69163871049197,Unfeasible shape,GPSampler,PRUNED
1054,1054,6.0,2026-04-21 18:38:49.023871,2026-04-21 18:38:49.179392,0 days 00:00:00.155521,-36.72004801145073,21.048598164253903,34.728850740015005,100.0,42.73263564166645,29.07645061405357,-60.411514398130606,45.89826281491144,57.08107375681874,28.461415400275857,3.0860288720930242,65.49524195266596,Unfeasible shape,GPSampler,PRUNED
1055,1055,6.0,2026-04-21 18:38:49.349551,2026-04-21 18:38:49.470713,0 days 00:00:00.121162,-36.66378359101083,21.049142141994718,34.89667925976349,100.0,42.7337442020687,29.146583135902475,-60.332049357821305,45.92078911519905,57.080019160723275,28.454291056691236,3.1348440393761052,65.81532773924908,Unfeasible shape,GPSampler,PRUNED
1056,1056,6.0,2026-04-21 18:38:49.608780,2026-04-21 18:38:49.762536,0 days 00:00:00.153756,-36.87649213022828,21.24116784498567,34.4849209380441,100.0,42.722933407829224,29.30983816938285,-60.54789700835744,45.87098385618413,57.54849559356974,28.428611973861784,3.213961276725648,65.87394235279567,Unfeasible shape,GPSampler,PRUNED
1057,1057,6.0,2026-04-21 18:38:49.908498,2026-04-21 18:38:50.039971,0 days 00:00:00.131473,-36.760782948472745,20.90470686003457,34.370902888854424,100.0,42.58900871709373,29.242207553175092,-60.46990205624901,45.60865047261763,57.330578882970244,28.341351947245375,3.1956279975593063,66.1147789613563,Unfeasible shape,GPSampler,PRUNED
1058,1058,6.0,2026-04-21 18:38:50.171985,2026-04-21 18:38:50.292674,0 days 00:00:00.120689,-36.68237218326092,20.880201850096938,34.83387920236576,100.0,42.7547171292476,28.956411922625975,-60.378324456912075,45.902109443814204,57.17209776292125,28.322599289440443,3.1491929513019272,65.8364026594771,Unfeasible shape,GPSampler,PRUNED
1059,1059,6.0,2026-04-21 18:38:50.529393,2026-04-21 18:38:50.674187,0 days 00:00:00.144794,-36.79365071364601,20.81851032078675,34.97797764518073,100.0,42.34453055053361,28.8055664141108,-60.4551775291166,45.96979435595381,57.17082902194432,28.79869869720203,3.0642472496710766,65.65192598808693,Unfeasible shape,GPSampler,PRUNED
1060,1060,6.0,2026-04-21 18:38:50.834444,2026-04-21 18:38:50.981246,0 days 00:00:00.146802,-36.87877369073699,21.21426753899111,34.539475920803824,100.0,42.95060409583865,29.204283223622127,-60.7228879625479,45.546818105931784,57.304682843521455,28.23564855505796,3.1315998882992133,65.64319488035201,Unfeasible shape,GPSampler,PRUNED
1061,1061,6.0,2026-04-21 18:38:51.187322,2026-04-21 18:38:51.366441,0 days 00:00:00.179119,-36.816624229690824,20.852214963984935,35.30934100390947,100.0,42.92610496303855,28.9323364513956,-60.32364289888352,45.93530765953053,57.0500949307647,28.61485679547359,3.074842687315929,65.32806176474926,Unfeasible shape,GPSampler,PRUNED
1062,1062,6.0,2026-04-21 18:38:51.532236,2026-04-21 18:38:51.680395,0 days 00:00:00.148159,-36.90198936278858,20.89357445561337,34.85620636424648,100.0,42.79861249970761,28.855674262463715,-60.24136801274351,45.91205889149071,57.076832808887275,28.374588656097536,3.1237490229753746,65.6259438941087,Unfeasible shape,GPSampler,PRUNED
1063,1063,6.0,2026-04-21 18:38:51.835680,2026-04-21 18:38:51.965715,0 days 00:00:00.130035,-36.67388797610856,21.06831486390874,34.9020807836181,100.0,42.614823023959545,29.140912052198942,-60.30709877473596,45.99470412491752,57.181110067403225,28.486450105047425,3.0999201189565824,65.73714156649565,Unfeasible shape,GPSampler,PRUNED
1064,1064,6.0,2026-04-21 18:38:52.221617,2026-04-21 18:38:52.361095,0 days 00:00:00.139478,-36.82326528768391,21.007544074726006,34.70227082406221,100.0,42.635089305279394,28.982252614500922,-60.425094923788805,45.87471242804413,57.1154492121685,28.493258028868304,3.106909317607119,65.66913575313711,Unfeasible shape,GPSampler,PRUNED
1065,1065,6.0,2026-04-21 18:38:52.496327,2026-04-21 18:38:52.623838,0 days 00:00:00.127511,-36.752660029504035,21.038498086603653,34.72065430236992,100.0,42.69291445168763,29.085487093379108,-60.49534061753749,45.88984897585827,57.137843488749596,28.365537551175947,3.118998300316342,65.7716596637539,Unfeasible shape,GPSampler,PRUNED
1066,1066,6.0,2026-04-21 18:38:52.772501,2026-04-21 18:38:52.911570,0 days 00:00:00.139069,-36.87219496773791,20.72474995713045,34.761328263435345,100.0,42.658093144777055,29.334215742257456,-60.320963169474716,46.0922738789008,56.86850627984191,28.688030840799517,3.1543137178459375,65.82109237012027,Unfeasible shape,GPSampler,PRUNED
1067,1067,6.0,2026-04-21 18:38:53.053179,2026-04-21 18:38:53.192937,0 days 00:00:00.139758,-36.823137447426404,21.09847477379801,34.786117750599054,100.0,42.77312115217025,29.056033913781633,-60.23577071164124,46.2088190698295,57.11559355589938,28.65763724362119,3.12056008726325,65.78828122529737,Unfeasible shape,GPSampler,PRUNED
1068,1068,6.0,2026-04-21 18:38:53.372321,2026-04-21 18:38:53.529045,0 days 00:00:00.156724,-36.83133072836275,21.035111598441866,34.398305528464405,100.0,42.86157552239546,29.06751248761109,-60.27018364655817,46.147128368516604,57.15451810203965,28.59021117252219,3.1955480462887564,65.88813104779658,Unfeasible shape,GPSampler,PRUNED
1069,1069,6.0,2026-04-21 18:38:53.690944,2026-04-21 18:38:53.837979,0 days 00:00:00.147035,-36.76200076812768,21.109286353251235,34.69830852132862,100.0,42.661837637132756,28.993106299777118,-60.5381286805811,45.96832408198713,57.18590842091662,28.48777136870763,3.089991921653578,65.65576762383569,Unfeasible shape,GPSampler,PRUNED
1070,1070,6.0,2026-04-21 18:38:54.000050,2026-04-21 18:38:54.167313,0 days 00:00:00.167263,-36.76076237202031,20.992109364779665,34.90873326348026,100.0,42.70031328085068,28.860297629569146,-60.32924688869116,46.03469627999406,57.15009419588428,28.44776494532876,3.0801659196840916,65.60009444460786,Unfeasible shape,GPSampler,PRUNED
1071,1071,6.0,2026-04-21 18:38:54.328047,2026-04-21 18:38:54.490169,0 days 00:00:00.162122,-36.91268751587136,21.086219661339836,34.8542301328913,100.0,42.92503724601705,29.114836775527152,-60.45352763692516,46.1671926759876,57.1830959210271,28.215971619567505,3.0654215639820137,65.92862314651843,Unfeasible shape,GPSampler,PRUNED
1072,1072,6.0,2026-04-21 18:38:54.752616,2026-04-21 18:38:54.898690,0 days 00:00:00.146074,-36.76456220808216,20.957652740647774,35.134243208503705,100.0,42.70126195297199,29.047833234130202,-60.19545535286433,45.84635518139565,57.04267798951215,28.34443384994117,3.073032666639648,65.60770866938822,Unfeasible shape,GPSampler,PRUNED
1073,1073,6.0,2026-04-21 18:38:55.086081,2026-04-21 18:38:55.226324,0 days 00:00:00.140243,-36.748965167917305,20.527961991747233,34.96851437260285,100.0,42.71661932607459,29.179283886917567,-60.18859663137127,45.335030461709145,56.91515630339794,28.542971021488917,3.10362061045101,65.86228575368646,Unfeasible shape,GPSampler,PRUNED
1074,1074,6.0,2026-04-21 18:38:55.413292,2026-04-21 18:38:55.551289,0 days 00:00:00.137997,-36.58383208981313,20.97124360197182,34.57855434827269,100.0,42.807669165352856,29.65037821516566,-60.36184804074273,45.65736452204776,57.005447383122096,28.11676817714096,3.277296397180656,66.2946865765141,Unfeasible shape,GPSampler,PRUNED
1075,1075,6.0,2026-04-21 18:38:55.716629,2026-04-21 18:38:55.867582,0 days 00:00:00.150953,-36.742816715624976,20.54155384036266,34.86426703291252,100.0,42.77946633409137,29.08954053563383,-60.547219007168465,45.7294659485724,57.00729528273752,28.55515321425527,3.143002179990148,65.72342187552815,Unfeasible shape,GPSampler,PRUNED
1076,1076,6.0,2026-04-21 18:38:56.080482,2026-04-21 18:38:56.236654,0 days 00:00:00.156172,-36.68706869181289,20.724627783787597,34.737077494212045,100.0,42.78047090325634,29.13719218811046,-60.43384823692557,45.461553730048024,57.152125060399925,28.7095065929916,3.150747945723033,66.33420173010254,Unfeasible shape,GPSampler,PRUNED
1077,1077,6.0,2026-04-21 18:38:56.401982,2026-04-21 18:38:56.546200,0 days 00:00:00.144218,-36.87910665863578,20.790467685095898,34.98176819891738,100.0,42.736129709399535,29.08012834303772,-60.20978683614098,45.94482780064732,57.15702576371168,28.806424051394323,3.085422028087109,65.73285980527604,Unfeasible shape,GPSampler,PRUNED
1078,1078,6.0,2026-04-21 18:38:56.698244,2026-04-21 18:38:56.829286,0 days 00:00:00.131042,-36.71456491834048,20.41802102154341,34.76435396397363,100.0,42.8545759286299,29.015715804055453,-60.48487974148084,45.743480383696465,56.909903321562595,28.365188938420786,3.116450387488541,66.05436016504254,Unfeasible shape,GPSampler,PRUNED
1079,1079,6.0,2026-04-21 18:38:56.974842,2026-04-21 18:38:57.102682,0 days 00:00:00.127840,-36.74476218477297,21.24265284943533,34.35327182718484,100.0,43.12034568226018,29.04451625976786,-60.63822552144531,46.04962470466035,57.30420747604517,28.108099837785865,3.190338336067576,66.11184247607312,Unfeasible shape,GPSampler,PRUNED
1080,1080,6.0,2026-04-21 18:38:57.257544,2026-04-21 18:38:57.404374,0 days 00:00:00.146830,-36.99391891438211,20.33839569215524,34.70701354308599,100.0,42.9333864576173,29.090749483585725,-60.459077224950846,45.669167720531206,57.21528986561097,28.029312922138963,3.1055495659655605,65.68722561509023,Unfeasible shape,GPSampler,PRUNED
1081,1081,6.0,2026-04-21 18:38:57.569422,2026-04-21 18:38:57.704675,0 days 00:00:00.135253,-36.69998754009388,21.5697157521989,34.54136356156697,100.0,42.9352837933677,29.035320564431885,-60.29626632254754,46.272674671093554,57.149122727735644,28.297788166560977,3.194917005432494,66.02514249788214,Unfeasible shape,GPSampler,PRUNED
1082,1082,6.0,2026-04-21 18:38:57.895568,2026-04-21 18:38:58.123600,0 days 00:00:00.228032,-36.82732756928454,21.056778773310597,34.897738955506654,100.0,42.66901890257413,28.827204064347967,-60.607563082447115,45.786832733541395,57.18591720729831,28.656285115588844,3.0802877658122227,65.3654098996451,Unfeasible shape,GPSampler,PRUNED
1083,1083,6.0,2026-04-21 18:38:58.458504,2026-04-21 18:38:58.604074,0 days 00:00:00.145570,-36.79824972870949,20.91830042871414,34.72561090710943,100.0,42.709218467570516,29.03506183806354,-60.33844426267261,45.966620202882844,57.2028514211771,28.43553270919964,3.133356595593611,65.83756832795058,Unfeasible shape,GPSampler,PRUNED
1084,1084,6.0,2026-04-21 18:38:58.828229,2026-04-21 18:38:59.022727,0 days 00:00:00.194498,-36.76830073884752,20.619184395962428,35.328503290114284,100.0,42.88038911468061,29.27252332838882,-60.169747841893155,45.3122497572195,56.94993491791128,28.523921063699387,3.0433313944410685,65.74736787033271,Unfeasible shape,GPSampler,PRUNED
1085,1085,6.0,2026-04-21 18:38:59.207234,2026-04-21 18:38:59.336387,0 days 00:00:00.129153,-36.62536201980013,20.78058185415124,35.09826886194401,100.0,42.87981613152779,28.796461635081762,-60.56631653416633,46.00342919110188,57.2718137778451,28.672545328652305,3.139142216941508,65.74366214834522,Unfeasible shape,GPSampler,PRUNED
1086,1086,6.0,2026-04-21 18:38:59.515167,2026-04-21 18:38:59.661091,0 days 00:00:00.145924,-36.88621344597364,21.091689294112143,34.60686619131985,100.0,42.970177322991596,29.548462192224093,-60.5180061022869,45.746404666526935,57.24240261392535,28.53405692085336,3.222276846052516,65.82448953750001,Unfeasible shape,GPSampler,PRUNED
1087,1087,6.0,2026-04-21 18:38:59.830027,2026-04-21 18:38:59.969575,0 days 00:00:00.139548,-36.802680072777804,21.043086910689937,34.780280879725964,100.0,42.735957168522816,28.98821870608662,-60.358441530765354,46.04602491379481,57.132911208974065,28.48937063816844,3.1155808146463286,65.55726510977539,Unfeasible shape,GPSampler,PRUNED
1088,1088,6.0,2026-04-21 18:39:00.147368,2026-04-21 18:39:00.293024,0 days 00:00:00.145656,-36.78908411947329,20.854218029230864,35.070421673432136,100.0,42.85058936340985,28.79048335083042,-60.25400104944765,46.078393893442374,57.10113317908177,28.455977229418696,3.1039201795055575,65.52982349831146,Unfeasible shape,GPSampler,PRUNED
1089,1089,6.0,2026-04-21 18:39:00.535058,2026-04-21 18:39:00.669512,0 days 00:00:00.134454,-36.77802090190649,21.198495264007867,34.390622408046106,100.0,42.918259095195396,29.11102564153766,-60.34306627189157,45.92894938694406,57.21807125048816,28.036570619145905,3.1863300133899344,66.03540401364044,Unfeasible shape,GPSampler,PRUNED
1090,1090,6.0,2026-04-21 18:39:00.838080,2026-04-21 18:39:00.965176,0 days 00:00:00.127096,-37.007325539809464,20.653102473033695,34.76680483309123,100.0,42.49351636689824,29.505660307276997,-60.15784741683762,45.48848469115376,57.015435850186265,28.159342208846205,3.132343697347217,65.86407311506164,Unfeasible shape,GPSampler,PRUNED
1091,1091,6.0,2026-04-21 18:39:01.136154,2026-04-21 18:39:01.292349,0 days 00:00:00.156195,-36.79295251571634,21.257665161158215,34.63763896262394,100.0,42.654715763873455,29.23712855293796,-60.19112251419891,46.424594400763155,57.49783687593766,28.100763462848395,3.19694740788988,66.07471212850429,Unfeasible shape,GPSampler,PRUNED
1092,1092,6.0,2026-04-21 18:39:01.488221,2026-04-21 18:39:01.644407,0 days 00:00:00.156186,-36.59850372762476,20.408163915191352,35.62462058598291,99.72323518470964,43.04465820294139,28.777941040086375,-60.292786954924644,45.69005024565683,57.13383366685891,28.435209568902064,3.0709928171204695,65.69328172533926,Unfeasible shape,GPSampler,PRUNED
1093,1093,6.0,2026-04-21 18:39:01.816127,2026-04-21 18:39:01.993878,0 days 00:00:00.177751,-36.813605316355854,20.948897080950292,34.510662558883446,100.0,42.599340354925964,29.18630439796609,-60.52600820902567,46.03802574905949,57.3136141145462,28.243763469809785,3.122698456799121,65.9220513487616,Unfeasible shape,GPSampler,PRUNED
1094,1094,6.0,2026-04-21 18:39:02.160323,2026-04-21 18:39:02.302936,0 days 00:00:00.142613,-36.78659055460726,21.26414164057784,34.86219138566588,100.0,42.94439596810448,28.741273688265977,-59.87950315320445,46.185133910439994,57.364200934694225,28.257018206239504,3.0723609791824913,65.64859191359332,Unfeasible shape,GPSampler,PRUNED
