,number,value,datetime_start,datetime_complete,duration,params_lLegPt.rA1,params_lLegPt.rL0,params_lLegPt.rL1,params_lLegPt.rL2,params_lLegPt.x1,params_lLegPt.y1,params_sLegPt.rA1,params_sLegPt.rL0,params_sLegPt.rL1,params_sLegPt.rL2,params_sLegPt.x1,params_sLegPt.y1,user_attrs_prune,system_attrs_auto:sampler,state
2375,2375,6.0,2026-04-21 18:46:18.743532,2026-04-21 18:46:18.885598,0 days 00:00:00.142066,-36.89140847911118,21.05442075904386,34.92660662876524,100.0,42.641580044375104,29.00774135644197,-60.37166026610203,45.981441812970566,57.062823998481186,28.333232822719104,3.0914653709044018,65.723673795795,Unfeasible shape,GPSampler,PRUNED
2376,2376,6.0,2026-04-21 18:46:19.088630,2026-04-21 18:46:19.247160,0 days 00:00:00.158530,-36.738566561798635,21.072057983903527,34.66957500288473,100.0,42.66788354699127,29.12578791334157,-60.30033497141888,45.84971654994637,57.24733114237314,28.397595237423246,3.1398992635518397,65.79074475571267,Unfeasible shape,GPSampler,PRUNED
2377,2377,6.0,2026-04-21 18:46:19.413365,2026-04-21 18:46:19.523849,0 days 00:00:00.110484,-36.601825205745634,21.644784475057186,34.281575898171894,100.0,42.672438300555804,29.393563092210236,-60.53183154261017,46.103793088234475,57.34779624395471,28.450824690234857,3.1732749504648865,66.22204930136587,Unfeasible shape,GPSampler,PRUNED
2378,2378,6.0,2026-04-21 18:46:19.678013,2026-04-21 18:46:19.893243,0 days 00:00:00.215230,-36.70628151529818,21.010363432430466,35.01939036313277,100.0,42.72347050291355,28.930701594639473,-60.26663049690046,46.06656061852894,57.095627975454676,28.55656201631249,3.0301322348364224,65.60346431398429,Unfeasible shape,GPSampler,PRUNED
2379,2379,6.0,2026-04-21 18:46:20.082800,2026-04-21 18:46:20.209380,0 days 00:00:00.126580,-36.83706810973152,21.06312980641664,34.797369506989305,100.0,42.591993741606586,29.10029559208224,-60.24814647480036,46.038409115986894,57.25009890761332,28.4749602926874,3.0801375880223034,65.74916011218042,Unfeasible shape,GPSampler,PRUNED
2380,2380,6.0,2026-04-21 18:46:20.378279,2026-04-21 18:46:20.553118,0 days 00:00:00.174839,-36.974782910711504,20.672666599885062,35.10887893390708,100.0,42.64806836399318,28.967184304521467,-60.284560482159456,45.633372099983035,57.061469990909025,28.726722250337367,3.1065046224043016,65.53446557508407,Unfeasible shape,GPSampler,PRUNED
2381,2381,6.0,2026-04-21 18:46:20.766042,2026-04-21 18:46:20.940617,0 days 00:00:00.174575,-36.80084875774976,21.087747248801904,34.64997061483432,100.0,42.85537067513545,28.676028308004597,-60.49353725496701,45.940392398313506,57.060848231230054,28.651353317931267,3.0666588469490605,65.6588822629982,Unfeasible shape,GPSampler,PRUNED
2382,2382,6.0,2026-04-21 18:46:21.106657,2026-04-21 18:46:21.248760,0 days 00:00:00.142103,-36.823323476188,21.044692991577403,34.778134889810026,100.0,42.771577558607326,29.007198871599975,-60.29680127684345,45.86335676220872,57.14384574089652,28.54617947594281,3.0809038975817415,65.80107814527693,Unfeasible shape,GPSampler,PRUNED
2383,2383,6.0,2026-04-21 18:46:21.414615,2026-04-21 18:46:21.557475,0 days 00:00:00.142860,-36.84627598796413,21.214626231721667,34.62301950145955,100.0,42.65332902295915,28.86290142681743,-60.6802899180929,45.61678217293131,56.89188782095751,28.584756292078385,3.0225834964257317,65.62425595006641,Unfeasible shape,GPSampler,PRUNED
2384,2384,6.0,2026-04-21 18:46:21.745240,2026-04-21 18:46:21.886618,0 days 00:00:00.141378,-36.781551594990056,21.020951703532514,34.85623280949851,100.0,42.787137222615414,29.12232186947285,-60.347586955430415,45.8151677269482,57.15664456953969,28.569094525004257,3.127188578065656,65.7008399456888,Unfeasible shape,GPSampler,PRUNED
2385,2385,6.0,2026-04-21 18:46:22.068333,2026-04-21 18:46:22.210434,0 days 00:00:00.142101,-36.81395059450609,20.913194727348092,34.70480849742903,100.0,42.74087173998797,28.95667496688175,-60.40685313367919,45.91013636539824,57.14482148868016,28.339989387851187,3.1082114679764388,65.72843932764606,Unfeasible shape,GPSampler,PRUNED
2386,2386,6.0,2026-04-21 18:46:22.398773,2026-04-21 18:46:22.572302,0 days 00:00:00.173529,-36.73225964294873,21.034019656271923,34.74403419956114,100.0,42.65603078185694,28.78631303844344,-60.09337522794623,45.71387127299281,57.1160421214434,28.453083103881802,3.1032815459039966,65.39438306293654,Unfeasible shape,GPSampler,PRUNED
2387,2387,6.0,2026-04-21 18:46:22.760697,2026-04-21 18:46:22.911538,0 days 00:00:00.150841,-36.73847455774305,21.098952334842878,34.91183632659382,100.0,42.62932234185678,28.97480019137504,-60.403623900289624,46.04038992824986,57.204317901603325,28.6562493517804,3.1031535583213454,65.61668218410183,Unfeasible shape,GPSampler,PRUNED
2388,2388,6.0,2026-04-21 18:46:23.079095,2026-04-21 18:46:23.220857,0 days 00:00:00.141762,-36.84987364877458,20.926933492543778,35.1205713239074,100.0,42.79696823530654,29.19536168892246,-60.16965384057694,46.10474628036351,57.122164496199936,28.057128413965042,3.0798871250875592,65.62519160515737,Unfeasible shape,GPSampler,PRUNED
2389,2389,6.0,2026-04-21 18:46:23.383211,2026-04-21 18:46:23.534947,0 days 00:00:00.151736,-36.69630971418425,20.957230484569195,34.84053141636366,100.0,42.70566042946935,29.0899492882199,-60.45597349368174,46.03836728439859,57.21033496420712,28.38672580446607,3.125221907006136,65.70891422269193,Unfeasible shape,GPSampler,PRUNED
2390,2390,6.0,2026-04-21 18:46:23.716647,2026-04-21 18:46:23.842926,0 days 00:00:00.126279,-36.768007556838974,21.052731525863933,34.831339108208894,100.0,42.80325145258356,28.955985372826127,-60.4527599963953,45.68611620530908,56.88525857501481,28.435379549048285,3.0793419030876805,65.57416179491837,Unfeasible shape,GPSampler,PRUNED
2391,2391,6.0,2026-04-21 18:46:24.015687,2026-04-21 18:46:24.158020,0 days 00:00:00.142333,-36.89521696146695,21.316975788667534,34.51733166864873,100.0,42.845106487083136,29.201492626537004,-60.34568446718425,45.813890268617065,57.32115300804662,28.209448321196373,3.2174752450178303,65.86874873292057,Unfeasible shape,GPSampler,PRUNED
2392,2392,6.0,2026-04-21 18:46:24.325392,2026-04-21 18:46:24.451121,0 days 00:00:00.125729,-36.72916102153668,21.204133545414933,35.07536934023639,100.0,42.86032535319681,29.15068129850333,-60.35020639162457,46.05638685408548,57.108461091374956,28.562707696069776,3.046480886400751,65.60771639715905,Unfeasible shape,GPSampler,PRUNED
2393,2393,6.0,2026-04-21 18:46:24.626567,2026-04-21 18:46:24.753005,0 days 00:00:00.126438,-36.7374506636621,20.707354316503633,35.39289297857725,100.0,42.50157707781888,28.91296427848016,-60.21916881328987,46.03622727263205,57.10628563079804,28.600272209494,3.016386945142891,65.49257055148621,Unfeasible shape,GPSampler,PRUNED
2394,2394,6.0,2026-04-21 18:46:24.951661,2026-04-21 18:46:25.094755,0 days 00:00:00.143094,-36.73979549815391,20.970227093764848,34.89732669302541,100.0,42.74657077475419,28.84145252198892,-60.35097625571591,46.010100365908244,57.313846623827146,28.67667451709422,3.0777125566219894,65.6475002596264,Unfeasible shape,GPSampler,PRUNED
2395,2395,6.0,2026-04-21 18:46:25.228821,2026-04-21 18:46:25.370392,0 days 00:00:00.141571,-36.79562759614899,21.06663721058471,34.87736101940935,100.0,42.80071950286307,29.08586388927337,-60.37709255234684,46.11300472828108,57.049580451767135,28.58674383464584,3.082847076846761,65.6805441700276,Unfeasible shape,GPSampler,PRUNED
2396,2396,6.0,2026-04-21 18:46:25.541578,2026-04-21 18:46:25.700182,0 days 00:00:00.158604,-36.74277849949343,20.94253652085279,34.545003442554716,100.0,42.80481506710613,29.35320543686187,-60.4304145844647,45.88611248127798,57.17531795650876,28.20962764270357,3.2657098493767194,66.01366872938695,Unfeasible shape,GPSampler,PRUNED
2397,2397,6.0,2026-04-21 18:46:25.967487,2026-04-21 18:46:26.094141,0 days 00:00:00.126654,-36.66275881831582,20.957022032150913,34.983423970258876,100.0,42.80688213899275,28.995082266591204,-60.09823110391748,46.0627321664162,56.753449130735085,28.46348705339415,3.0716458802135733,65.72134950325182,Unfeasible shape,GPSampler,PRUNED
2398,2398,6.0,2026-04-21 18:46:26.250432,2026-04-21 18:46:26.376578,0 days 00:00:00.126146,-36.792090428075646,21.114896003553426,34.52910047138187,100.0,42.889062555745426,29.177815486480505,-60.37557149253486,46.12971316358381,57.307079373932545,28.335273434296884,3.1693460353041445,65.88158286574432,Unfeasible shape,GPSampler,PRUNED
2399,2399,6.0,2026-04-21 18:46:26.527047,2026-04-21 18:46:26.688244,0 days 00:00:00.161197,-36.915121701103025,20.742937146084625,34.88612719517371,100.0,42.80928310834688,28.789786082705938,-60.15516198865394,45.94591384990891,57.09515943144349,28.61570374947357,3.075605582614429,65.83017285029005,Unfeasible shape,GPSampler,PRUNED
2400,2400,6.0,2026-04-21 18:46:26.843261,2026-04-21 18:46:27.033064,0 days 00:00:00.189803,-36.965610649296096,21.061623703755288,34.47941376421579,100.0,42.74089555702633,29.099669316372427,-60.63893442872924,45.244811000103,56.867035424051295,28.661777902451085,3.181810396844263,65.96099934011083,Unfeasible shape,GPSampler,PRUNED
2401,2401,6.0,2026-04-21 18:46:27.251214,2026-04-21 18:46:27.385421,0 days 00:00:00.134207,-36.83514861237561,20.56922811809394,34.79714970200982,100.0,42.8700746531551,28.75234115715103,-60.341071048056655,45.83200569948565,56.964633249486006,28.78369336468179,3.0391547318856453,65.73758594066405,Unfeasible shape,GPSampler,PRUNED
2402,2402,6.0,2026-04-21 18:46:27.541269,2026-04-21 18:46:27.668797,0 days 00:00:00.127528,-36.63800328134904,21.11694127345129,34.95193421268655,100.0,42.90432868151256,29.128798694721638,-60.30983431642149,45.95273231416562,57.149268864682035,28.391310542286327,3.1723094023337595,65.85336956198951,Unfeasible shape,GPSampler,PRUNED
2403,2403,6.0,2026-04-21 18:46:27.833287,2026-04-21 18:46:28.002811,0 days 00:00:00.169524,-36.79322181996417,20.966945585577918,34.90434911042543,100.0,42.924053500528544,29.246757525784936,-60.365683204406345,45.91860136369548,56.955832652205025,28.395462739386396,3.123856774356014,65.77739764039472,Unfeasible shape,GPSampler,PRUNED
2404,2404,6.0,2026-04-21 18:46:28.207789,2026-04-21 18:46:28.376111,0 days 00:00:00.168322,-36.77296550059025,20.854387536325945,34.899809355195856,100.0,42.800398141885736,29.113601076894753,-60.37041791351446,45.91641482081684,57.29023374649464,28.318474989458704,3.1021797860626137,65.6186762977468,Unfeasible shape,GPSampler,PRUNED
2405,2405,6.0,2026-04-21 18:46:28.550518,2026-04-21 18:46:28.687521,0 days 00:00:00.137003,-36.91580650482753,21.00440885172692,34.849081493976755,100.0,42.86604068003356,29.200748812995982,-60.47942466531825,46.06840527984142,57.18761741265861,28.393358816583493,3.1770596122006936,65.84879626914339,Unfeasible shape,GPSampler,PRUNED
2406,2406,6.0,2026-04-21 18:46:28.882714,2026-04-21 18:46:29.022620,0 days 00:00:00.139906,-36.80147660640945,21.086191948988493,34.86561506185987,100.0,42.67392341478442,29.183532900088245,-60.36447226571792,45.92350945860248,57.158490276013424,28.436452637706882,3.134386602532814,65.70001669852196,Unfeasible shape,GPSampler,PRUNED
2407,2407,6.0,2026-04-21 18:46:29.205360,2026-04-21 18:46:29.316678,0 days 00:00:00.111318,-36.79438575990699,20.867996336597972,34.72159887676024,100.0,42.75721237596706,29.348163251621102,-60.55930382533546,46.064244504561394,57.12143851596362,28.285545715680687,3.09832902265088,65.94701766180859,Unfeasible shape,GPSampler,PRUNED
2408,2408,6.0,2026-04-21 18:46:29.592103,2026-04-21 18:46:29.748702,0 days 00:00:00.156599,-36.75374007564937,20.959902053034636,34.77280360501851,100.0,42.68879308221197,29.247081053261994,-60.41919052407548,45.911131850274764,57.22003495779438,28.413482757293526,3.1457411985005947,65.75787742909067,Unfeasible shape,GPSampler,PRUNED
2409,2409,6.0,2026-04-21 18:46:29.898747,2026-04-21 18:46:30.092085,0 days 00:00:00.193338,-36.854186935275855,20.811828474815975,34.713848721171196,100.0,42.28163680011688,29.028010262160592,-60.39722236345392,46.10520421422075,57.15001971716647,28.494414381804358,3.0680944331997893,65.55785184942302,Unfeasible shape,GPSampler,PRUNED
2410,2410,6.0,2026-04-21 18:46:30.258947,2026-04-21 18:46:30.413031,0 days 00:00:00.154084,-36.829276087144045,21.00563410279134,34.798630733382524,100.0,42.83133429054903,28.92521503515593,-60.31973745007242,45.94937191487113,57.10744445488506,28.443949539708736,3.1015220998199737,65.6347924800386,Unfeasible shape,GPSampler,PRUNED
2411,2411,6.0,2026-04-21 18:46:30.599859,2026-04-21 18:46:30.743264,0 days 00:00:00.143405,-36.81885172821228,21.050893541767465,34.76199983931617,100.0,42.68536077887609,29.11518812167678,-60.38026874463456,45.95926045986343,57.16009917004191,28.4985941230354,3.1241367383368512,65.62614537579061,Unfeasible shape,GPSampler,PRUNED
2412,2412,6.0,2026-04-21 18:46:30.921230,2026-04-21 18:46:31.093023,0 days 00:00:00.171793,-36.76626804570039,20.621022089697906,35.02008247579481,100.0,42.600635946916604,28.9800871330772,-60.40804409998702,45.80232644445775,56.9477480366166,28.44182359917964,3.061585739533271,65.32133491913251,Unfeasible shape,GPSampler,PRUNED
2413,2413,6.0,2026-04-21 18:46:31.257722,2026-04-21 18:46:31.401045,0 days 00:00:00.143323,-36.710118960389195,20.809778223142334,34.85531503569571,100.0,42.09273302374887,29.2914205088111,-60.51722389903624,45.308467912016795,57.48601916746893,28.383431579934363,3.1226796692487113,65.60199091486274,Unfeasible shape,GPSampler,PRUNED
2414,2414,6.0,2026-04-21 18:46:31.643180,2026-04-21 18:46:31.793165,0 days 00:00:00.149985,-36.737606531017676,20.904161071976212,34.894210344219516,100.0,42.86739552760466,29.19453362069825,-60.363981817550595,45.86301879946608,57.13296737432577,28.40706655539018,3.0855465928618315,65.63053895139278,Unfeasible shape,GPSampler,PRUNED
2415,2415,6.0,2026-04-21 18:46:31.966803,2026-04-21 18:46:32.173797,0 days 00:00:00.206994,-36.80203888353896,21.03133106245003,34.85816484437812,100.0,42.86708300299394,29.3939135730935,-60.21595183648353,46.031728620677164,57.232048462317124,28.508205210697877,3.025692104137015,65.37535232381977,Unfeasible shape,GPSampler,PRUNED
2416,2416,6.0,2026-04-21 18:46:32.343520,2026-04-21 18:46:32.491232,0 days 00:00:00.147712,-36.84501982118976,21.20067222902003,34.24740470401862,100.0,42.63358396978722,29.34604348052583,-60.48973790764407,45.82108526426265,57.15100654679427,28.24791968383075,3.2631175200572216,66.18942653887683,Unfeasible shape,GPSampler,PRUNED
2417,2417,6.0,2026-04-21 18:46:32.653685,2026-04-21 18:46:32.784778,0 days 00:00:00.131093,-36.747598782915475,21.075739749163517,34.82433786393243,100.0,42.78723016496839,28.88512021843799,-60.42548238589099,45.86244020167028,57.35176692705489,28.49754965573549,3.1029141664841333,65.95415714145695,Unfeasible shape,GPSampler,PRUNED
2418,2418,6.0,2026-04-21 18:46:33.039042,2026-04-21 18:46:33.195704,0 days 00:00:00.156662,-36.814466122750076,21.158469835636282,34.516385788833034,100.0,42.70246924206413,29.137579695815923,-60.34447190812275,45.86483371458292,57.08706566497899,28.451730729231627,3.1367345804187536,65.7640649126474,Unfeasible shape,GPSampler,PRUNED
2419,2419,6.0,2026-04-21 18:46:33.343938,2026-04-21 18:46:33.476408,0 days 00:00:00.132470,-36.78682515406728,21.023604007394454,34.66115712031185,99.9139599956859,42.896790930459,29.397054726584194,-60.42073303762678,45.85171690731869,57.01133306934405,27.92993276589026,3.117589749843326,65.76817082404986,Unfeasible shape,GPSampler,PRUNED
2420,2420,6.0,2026-04-21 18:46:33.610707,2026-04-21 18:46:33.882352,0 days 00:00:00.271645,-36.5110689780185,21.013628300753723,34.80841997156748,100.0,41.76935394507973,28.79902029777815,-60.357340526284574,45.580453298479824,57.1824781106587,28.933216897399774,3.09260140071968,65.71587292164077,Unfeasible shape,GPSampler,PRUNED
2421,2421,6.0,2026-04-21 18:46:34.048103,2026-04-21 18:46:34.176602,0 days 00:00:00.128499,-36.88406360055771,21.078575142118126,34.404961239571094,100.0,42.25416895715552,29.50862708292908,-60.38226595021421,46.0007657401539,57.48454030815777,28.1871730422558,3.2219583226514388,66.3001072929104,Unfeasible shape,GPSampler,PRUNED
2422,2422,6.0,2026-04-21 18:46:34.335803,2026-04-21 18:46:34.529626,0 days 00:00:00.193823,-36.74384042320978,21.526533102213236,34.83047941330098,100.0,43.161832733696386,28.6381368109763,-60.62298283687926,46.07308701113855,57.13802992552375,28.62649085792111,3.0094662104295935,65.4124173342299,Unfeasible shape,GPSampler,PRUNED
2423,2423,6.0,2026-04-21 18:46:34.704415,2026-04-21 18:46:34.817825,0 days 00:00:00.113410,-36.95322618162811,21.207798431158373,34.76128689500443,100.0,43.195398494270236,28.91082692852853,-60.00915044044127,46.158571223621564,57.257906796529724,28.438283243647476,3.2311550382240455,65.89467589773508,Unfeasible shape,GPSampler,PRUNED
2424,2424,6.0,2026-04-21 18:46:34.969413,2026-04-21 18:46:35.205190,0 days 00:00:00.235777,-36.76902244454938,20.789780151484837,34.732418356623754,100.0,42.822873945685636,29.119889715011986,-60.38912675970747,45.81463592572288,57.10276520031884,28.355511334236514,3.126956516571738,65.82507683643031,Unfeasible shape,GPSampler,PRUNED
2425,2425,6.0,2026-04-21 18:46:35.386878,2026-04-21 18:46:35.523525,0 days 00:00:00.136647,-36.730507890655716,21.056224681104055,34.91325039601264,100.0,42.68891015774115,28.97106286857676,-60.398845270304264,45.92073692387871,57.12769838292093,28.48905874502171,3.1045994937633594,65.60339567872514,Unfeasible shape,GPSampler,PRUNED
2426,2426,6.0,2026-04-21 18:46:35.684479,2026-04-21 18:46:35.814050,0 days 00:00:00.129571,-36.81975468615196,21.325306136533875,34.91459113393436,99.83993287292596,42.96499528599898,28.84072326947073,-60.23780888098624,45.536816789425714,57.05432751936162,29.315043305237303,3.0957643158116,66.06274212958023,Unfeasible shape,GPSampler,PRUNED
2427,2427,6.0,2026-04-21 18:46:36.064496,2026-04-21 18:46:36.260210,0 days 00:00:00.195714,-36.755005315514786,21.43333220931043,34.732639989222946,100.0,42.962928285867605,29.420774342283053,-60.153538880856104,45.88013423455005,57.34144011544458,28.343175865400422,3.2274992752241616,65.44119382051981,Unfeasible shape,GPSampler,PRUNED
2428,2428,6.0,2026-04-21 18:46:36.562097,2026-04-21 18:46:36.683016,0 days 00:00:00.120919,-36.743890828473965,21.08662268483024,34.84559535787952,100.0,42.700335880675276,29.153866973899852,-60.323244150535686,45.90530143495307,57.10374171843681,28.33395970664397,3.139849246090101,65.74776484348041,Unfeasible shape,GPSampler,PRUNED
2429,2429,6.0,2026-04-21 18:46:36.850757,2026-04-21 18:46:36.992150,0 days 00:00:00.141393,-36.78926627190432,20.59917720165256,34.82222690613615,100.0,43.04417782192126,28.70840991921004,-60.396009537526275,45.675881533887754,56.84794775869177,28.484221411516746,3.051029472359822,65.62651820345289,Unfeasible shape,GPSampler,PRUNED
2430,2430,6.0,2026-04-21 18:46:37.174280,2026-04-21 18:46:37.311817,0 days 00:00:00.137537,-36.65937633934526,21.584146764970736,34.515924425954154,100.0,42.59569435864083,29.109462239478745,-60.43972637741333,45.96633326409006,57.207859141108116,28.344239218112257,3.235954837118072,65.81491298545508,Unfeasible shape,GPSampler,PRUNED
2431,2431,6.0,2026-04-21 18:46:37.450534,2026-04-21 18:46:37.600966,0 days 00:00:00.150432,-37.02175459662395,20.243028427613204,34.52372497754811,100.0,42.698525599053895,29.346365982042663,-60.526514742226446,45.33090014411734,56.7356269899648,29.089667618416414,3.167840287509307,66.09689625625346,Unfeasible shape,GPSampler,PRUNED
2432,2432,6.0,2026-04-21 18:46:37.761876,2026-04-21 18:46:37.925404,0 days 00:00:00.163528,-36.700542987650536,20.9401774598107,35.27421657830492,100.0,42.51512260510794,29.08623199221772,-60.46966688089799,45.82252867535228,57.218723090163465,28.478682693936253,3.1486032880300314,65.72628390281379,Unfeasible shape,GPSampler,PRUNED
2433,2433,6.0,2026-04-21 18:46:38.101457,2026-04-21 18:46:38.243149,0 days 00:00:00.141692,-36.860318787013696,21.035551123298035,34.959070874695506,100.0,42.82296330960094,28.991222625580406,-60.32565926601579,46.11018432640488,57.205552883496374,28.33412821292254,3.0818355142278264,65.63515663421599,Unfeasible shape,GPSampler,PRUNED
2434,2434,6.0,2026-04-21 18:46:38.425538,2026-04-21 18:46:38.574481,0 days 00:00:00.148943,-36.58062524797085,21.02491939227825,34.92506017787511,100.0,42.69266911142641,29.40680825583599,-60.38300604286327,45.752113551084705,57.16748472465777,28.217353448282164,3.1111323144572296,66.09737280546885,Unfeasible shape,GPSampler,PRUNED
2435,2435,6.0,2026-04-21 18:46:38.746346,2026-04-21 18:46:38.876527,0 days 00:00:00.130181,-36.604572113898286,20.999437298872177,35.10136452762896,99.91270793992636,42.4397620978439,29.555891798360285,-60.59734644231514,45.693935478526186,56.74535896215131,28.227562274147278,3.2687382178802977,66.01148571402398,Unfeasible shape,GPSampler,PRUNED
2436,2436,6.0,2026-04-21 18:46:39.031121,2026-04-21 18:46:39.133794,0 days 00:00:00.102673,-36.77610378416243,20.852875841663586,34.66153685883785,100.0,42.65106073686928,29.195466513405208,-60.404134546130784,46.016351687883194,57.28192904349451,28.03422034169764,3.143635893888245,65.70863975453001,Unfeasible shape,GPSampler,PRUNED
2437,2437,6.0,2026-04-21 18:46:39.299191,2026-04-21 18:46:39.460589,0 days 00:00:00.161398,-36.731663441668594,20.72578697009174,34.912693827938824,100.0,43.121131281108255,28.79096021466063,-60.211136739862305,45.80199606347218,56.816703098911425,28.889856140292693,3.070713735732909,65.73484480605683,Unfeasible shape,GPSampler,PRUNED
2438,2438,6.0,2026-04-21 18:46:39.633939,2026-04-21 18:46:39.787412,0 days 00:00:00.153473,-36.744561338840334,21.021293463644174,34.7827080345251,100.0,42.68793752620039,28.998959398440235,-60.36282947976618,45.97095504883588,57.21115274174555,28.382105819316806,3.116704535787491,65.71699923856453,Unfeasible shape,GPSampler,PRUNED
