,number,value,datetime_start,datetime_complete,duration,params_lLegPt.rA1,params_lLegPt.rL0,params_lLegPt.rL1,params_lLegPt.rL2,params_lLegPt.x1,params_lLegPt.y1,params_sLegPt.rA1,params_sLegPt.rL0,params_sLegPt.rL1,params_sLegPt.rL2,params_sLegPt.x1,params_sLegPt.y1,user_attrs_prune,system_attrs_auto:sampler,state
3591,3591,6.0,2026-04-21 18:53:28.878038,2026-04-21 18:53:29.083526,0 days 00:00:00.205488,-36.86410867416307,21.5975411728259,34.02513010836714,100.0,42.7582648909528,29.246586102933833,-60.470691533153726,46.13779684345018,57.417416573611476,28.26124006467619,3.2385946881079946,66.24112253418306,Unfeasible shape,GPSampler,PRUNED
3592,3592,6.0,2026-04-21 18:53:29.287461,2026-04-21 18:53:29.429269,0 days 00:00:00.141808,-36.97097024113249,20.93572366867002,34.374138929202445,100.0,42.943440757297154,29.56764665963228,-60.35611603781879,45.84654772292285,57.17842659765399,28.646064505960627,3.1500206963842103,66.09870659823925,Unfeasible shape,GPSampler,PRUNED
3593,3593,6.0,2026-04-21 18:53:29.641792,2026-04-21 18:53:29.779406,0 days 00:00:00.137614,-37.10007020550568,21.016833898662515,34.455332335321245,100.0,43.11072847454052,28.890176067078002,-60.37900642525543,45.69909860967089,56.78374145258742,28.33219953774022,3.14870304676532,65.78760060055966,Unfeasible shape,GPSampler,PRUNED
3594,3594,6.0,2026-04-21 18:53:30.014188,2026-04-21 18:53:30.184732,0 days 00:00:00.170544,-36.77901916461737,21.405190176334983,34.24029484587004,100.0,42.84266614874872,29.281827175485745,-60.38041253775129,45.87392075484996,57.23477206059813,28.196312736719975,3.2956451992145688,66.09961713226903,Unfeasible shape,GPSampler,PRUNED
3595,3595,6.0,2026-04-21 18:53:30.383599,2026-04-21 18:53:30.580540,0 days 00:00:00.196941,-36.78181867913509,20.842815449894346,34.63285102108466,100.0,42.5746704450687,29.6289139834186,-60.27361096883556,46.889924529580604,57.73334896420814,27.915112649172467,3.0944988041893495,65.98264236526127,Unfeasible shape,GPSampler,PRUNED
3596,3596,6.0,2026-04-21 18:53:30.785891,2026-04-21 18:53:30.966774,0 days 00:00:00.180883,-36.762145404754094,20.972145317610263,34.88144260207428,100.0,42.756893691344985,29.07842266701934,-60.325373268435385,45.87744379683602,57.119774588471145,28.529518336615595,3.090217535280047,65.65196156274743,Unfeasible shape,GPSampler,PRUNED
3597,3597,6.0,2026-04-21 18:53:31.256724,2026-04-21 18:53:31.457425,0 days 00:00:00.200701,-36.74339434376473,20.953753369085796,34.86489671640658,100.0,42.82812271723595,29.241349485424756,-60.318711029101415,45.81498349935194,57.1759976909255,28.44881627290902,3.1597744159256678,65.75584739142143,Unfeasible shape,GPSampler,PRUNED
3598,3598,6.0,2026-04-21 18:53:31.658232,2026-04-21 18:53:31.845812,0 days 00:00:00.187580,-36.942054913952795,21.417132895240936,34.51302063459571,100.0,42.778775729225764,29.155586195828022,-60.22022907025878,46.06911224098594,57.45144545223236,28.386017496758413,3.274085029301702,65.8646439924314,Unfeasible shape,GPSampler,PRUNED
3599,3599,6.0,2026-04-21 18:53:32.038144,2026-04-21 18:53:32.202253,0 days 00:00:00.164109,-37.15241376388531,20.641809313824762,35.13930596073327,100.0,42.01303327425775,28.081865663374266,-60.32230213336494,45.72754325290734,57.47682937340168,29.34166392905825,3.122466791476306,65.99859335224176,Unfeasible shape,GPSampler,PRUNED
3600,3600,6.0,2026-04-21 18:53:32.386199,2026-04-21 18:53:32.556305,0 days 00:00:00.170106,-36.7829935165169,20.8833516766325,34.913737421605816,100.0,42.71441791642231,28.94017039964791,-60.365983340462506,45.94730099727462,57.13078695639973,28.41407431448524,3.109334369150922,65.60340352713912,Unfeasible shape,GPSampler,PRUNED
3601,3601,6.0,2026-04-21 18:53:32.730891,2026-04-21 18:53:32.896959,0 days 00:00:00.166068,-36.66751765015623,20.699154070703173,35.32486544875157,100.0,42.97360591412107,29.37341234918928,-60.084979998088166,45.64958889915976,56.73583767347061,29.14429119719801,3.0474497379539898,65.47997175948346,Unfeasible shape,GPSampler,PRUNED
3602,3602,6.0,2026-04-21 18:53:33.136604,2026-04-21 18:53:33.272083,0 days 00:00:00.135479,-36.805666765430516,21.275243309873655,34.229554206580275,100.0,42.74021684941932,29.23867871990899,-60.32598039788473,46.28753484572496,57.08408757082987,28.042636249663563,3.206267806697724,65.95774778144406,Unfeasible shape,GPSampler,PRUNED
3603,3603,6.0,2026-04-21 18:53:33.421008,2026-04-21 18:53:33.562994,0 days 00:00:00.141986,-36.809447815848934,21.462574626572767,34.61835164371891,100.0,42.59587116934976,29.250488028761943,-60.5569349597885,46.19710035029025,57.22165392635318,28.636664492705858,3.0899415384866344,65.80387713507545,Unfeasible shape,GPSampler,PRUNED
3604,3604,6.0,2026-04-21 18:53:33.744270,2026-04-21 18:53:33.929598,0 days 00:00:00.185328,-36.74233938507833,21.257565975422416,34.35012562394664,100.0,42.85179668071307,29.362283628952945,-60.377283325191016,46.10131661724717,57.36872059060855,27.83175556939042,3.25082133667361,65.96160523579505,Unfeasible shape,GPSampler,PRUNED
3605,3605,6.0,2026-04-21 18:53:34.118136,2026-04-21 18:53:34.289307,0 days 00:00:00.171171,-36.76233558444196,21.081550534184643,35.090123021791364,100.0,42.78914268988035,28.855493491264866,-60.52694239047465,45.910666650014996,57.166285955445474,28.44201435635819,3.0780582309756923,65.51482182177392,Unfeasible shape,GPSampler,PRUNED
3606,3606,6.0,2026-04-21 18:53:34.457366,2026-04-21 18:53:34.599687,0 days 00:00:00.142321,-36.77492213402905,20.861408475653423,34.9017669033925,100.0,42.88700005687766,29.125438339105415,-60.36124155054879,45.69041351727992,57.116491267296006,28.490649025352493,3.1289917054081187,65.67692202597529,Unfeasible shape,GPSampler,PRUNED
3607,3607,6.0,2026-04-21 18:53:34.789926,2026-04-21 18:53:34.992982,0 days 00:00:00.203056,-36.70471339156318,21.22253032716236,34.60774396037115,100.0,42.60456011690021,29.130471892688064,-60.48335212879087,45.9736900489589,57.23167450647051,28.08462146609373,3.1670858048410935,65.83503686834882,Unfeasible shape,GPSampler,PRUNED
3608,3608,6.0,2026-04-21 18:53:35.173131,2026-04-21 18:53:35.384394,0 days 00:00:00.211263,-36.82587118272424,20.954944205305523,34.72949801864826,100.0,42.77224767542903,29.31249563358734,-60.29088930250463,46.132524397770936,57.202897653956086,28.239096924861705,3.0452827531530673,65.56176661545126,Unfeasible shape,GPSampler,PRUNED
3609,3609,6.0,2026-04-21 18:53:35.574925,2026-04-21 18:53:35.743652,0 days 00:00:00.168727,-36.725030922537634,21.309287303581804,34.666577117099216,100.0,42.45653905982496,28.80001095397231,-60.146818012000736,46.08861848686048,57.39078546163632,28.279654960268736,3.241381017413829,65.66194209619233,Unfeasible shape,GPSampler,PRUNED
3610,3610,6.0,2026-04-21 18:53:36.064219,2026-04-21 18:53:36.210958,0 days 00:00:00.146739,-36.746790499045815,21.090211469046313,34.47389382381403,100.0,42.593031185240086,29.114546741503432,-60.43215795657487,45.80463052576997,57.18153924918071,28.382915504857795,3.081178276417319,65.90202346018154,Unfeasible shape,GPSampler,PRUNED
3611,3611,6.0,2026-04-21 18:53:36.450784,2026-04-21 18:53:36.656355,0 days 00:00:00.205571,-36.90024174224666,21.32572474464957,34.723298649787466,100.0,43.13730959999342,29.052452402384972,-60.3071868140943,45.94138078111308,57.25087236754944,28.348804484174284,3.0086811954340433,65.51061552140919,Unfeasible shape,GPSampler,PRUNED
3612,3612,6.0,2026-04-21 18:53:36.838089,2026-04-21 18:53:37.012327,0 days 00:00:00.174238,-36.809587342580556,20.92786297729023,35.02777934712668,100.0,43.00989174102843,28.59564443063998,-60.179552244696495,46.080921079720405,57.09541741224708,28.489282292374416,3.0775162740457205,65.50920993835487,Unfeasible shape,GPSampler,PRUNED
3613,3613,6.0,2026-04-21 18:53:37.215231,2026-04-21 18:53:37.318665,0 days 00:00:00.103434,-36.79432823047851,21.254973694575412,34.718914629151634,100.0,42.80551169081183,28.960419100792315,-60.44510269668237,45.922543350231706,57.20757731444797,28.512932609575135,3.108335057701005,65.79260073115522,Unfeasible shape,GPSampler,PRUNED
3614,3614,6.0,2026-04-21 18:53:37.492689,2026-04-21 18:53:37.659328,0 days 00:00:00.166639,-36.62810898833507,20.99600473303977,34.57053796736686,100.0,42.24311531838846,29.069109009276588,-60.47445146631077,45.3273785744684,57.483032874674244,27.85878352044033,3.1929300719463853,65.80652121072072,Unfeasible shape,GPSampler,PRUNED
3615,3615,6.0,2026-04-21 18:53:37.976776,2026-04-21 18:53:38.100447,0 days 00:00:00.123671,-36.780148685449156,21.019643966880228,34.63891680109275,100.0,42.576612623493126,29.132456881048668,-60.45403220921551,45.972049246495146,57.218076765830226,28.431680180041607,3.145589330831058,65.76355485627576,Unfeasible shape,GPSampler,PRUNED
3616,3616,6.0,2026-04-21 18:53:38.276177,2026-04-21 18:53:38.505690,0 days 00:00:00.229513,-36.81053674462912,21.24400350636732,34.88149349106562,100.0,42.61906782397812,28.97870135754851,-60.461027077095046,45.92208131234218,57.1572329937679,28.580964756914856,3.0431782238816183,65.48645975182298,Unfeasible shape,GPSampler,PRUNED
3617,3617,6.0,2026-04-21 18:53:38.727736,2026-04-21 18:53:38.911013,0 days 00:00:00.183277,-36.81457660683167,20.936758322233104,34.73156619728495,100.0,42.57178377991051,29.129599208581595,-60.32524606342363,46.076123815064896,57.232443999646556,28.519743179046905,3.146292047991629,65.83172317794457,Unfeasible shape,GPSampler,PRUNED
3618,3618,6.0,2026-04-21 18:53:39.100599,2026-04-21 18:53:39.295820,0 days 00:00:00.195221,-36.78497397577265,21.28988030418987,34.81963586021138,100.0,42.65079556830441,28.99217639157834,-60.33840801136226,46.00016576104381,57.03608809126705,28.421921173120708,3.158500876334081,65.66382942674,Unfeasible shape,GPSampler,PRUNED
3619,3619,6.0,2026-04-21 18:53:39.453959,2026-04-21 18:53:39.635571,0 days 00:00:00.181612,-36.774418826336216,20.9314716481555,34.77207391691119,100.0,42.698205860060995,28.91456725497435,-60.49343506553815,45.902010388302315,57.04604819593628,28.373690234201227,3.0889434145207986,65.60339825715225,Unfeasible shape,GPSampler,PRUNED
3620,3620,6.0,2026-04-21 18:53:39.810302,2026-04-21 18:53:40.026769,0 days 00:00:00.216467,-36.75236592302453,20.90151152048824,34.91245410645483,100.0,42.79007132086301,29.211057916668544,-60.57633200629786,46.307898060531116,57.38232980048706,27.914085349777935,3.118725061993736,65.86178253224666,Unfeasible shape,GPSampler,PRUNED
3621,3621,6.0,2026-04-21 18:53:40.233018,2026-04-21 18:53:40.413642,0 days 00:00:00.180624,-36.701261027339456,20.987518376349257,34.89750218271914,100.0,42.574152145510794,28.893854314481622,-60.354259467113955,45.79505118279747,57.09958810885311,28.46171697226264,3.0973822920658804,65.6946849162239,Unfeasible shape,GPSampler,PRUNED
3622,3622,6.0,2026-04-21 18:53:40.572671,2026-04-21 18:53:40.750443,0 days 00:00:00.177772,-36.701292047459205,21.38693018881414,34.334383837600015,100.0,42.446590788402006,28.943545826844222,-60.94593179264699,45.91844445145596,57.164192079446465,28.155567885067406,3.090100804053641,65.51488283492576,Unfeasible shape,GPSampler,PRUNED
3623,3623,6.0,2026-04-21 18:53:40.933654,2026-04-21 18:53:41.090402,0 days 00:00:00.156748,-36.774845887261115,21.754387413372648,34.48955362230173,100.0,42.89992537334191,28.815509827377333,-60.64456511901529,45.849116542117535,57.08615284048233,28.701497558724494,3.2122957959671012,65.73445852503197,Unfeasible shape,GPSampler,PRUNED
3624,3624,6.0,2026-04-21 18:53:41.273051,2026-04-21 18:53:41.430814,0 days 00:00:00.157763,-36.72309502061153,21.109818424217597,34.94717013824509,100.0,42.93637524382868,28.797819318579258,-60.266295479283805,46.04700780858487,57.08699678677795,28.66525376097316,3.157741338733665,65.66257290454742,Unfeasible shape,GPSampler,PRUNED
3625,3625,6.0,2026-04-21 18:53:41.644494,2026-04-21 18:53:41.814206,0 days 00:00:00.169712,-36.827902033923614,21.034220160646555,34.985341223068865,100.0,42.89225006453184,29.155985450911636,-60.302760985002024,45.826391700890326,57.09668259266951,28.551889231568325,3.103023646861864,65.53448736485441,Unfeasible shape,GPSampler,PRUNED
3626,3626,6.0,2026-04-21 18:53:42.004755,2026-04-21 18:53:42.235556,0 days 00:00:00.230801,-36.71941645931616,21.35222530853278,34.761533022257936,100.0,42.669248202980995,28.868180856233607,-60.67034724122655,46.105783626692244,57.20400976986718,28.369567093766957,3.108086415062452,65.54383232264034,Unfeasible shape,GPSampler,PRUNED
3627,3627,6.0,2026-04-21 18:53:42.438023,2026-04-21 18:53:42.634636,0 days 00:00:00.196613,-36.49612744732776,21.166786850004183,34.70631973714383,100.0,42.80085398963106,28.546641142783855,-60.28430172746709,45.74971876490437,57.43187330260718,28.329337253976476,3.059011203070277,65.53139091862418,Unfeasible shape,GPSampler,PRUNED
3628,3628,6.0,2026-04-21 18:53:42.825003,2026-04-21 18:53:42.992596,0 days 00:00:00.167593,-36.78978992668315,20.95855344801813,34.76152883466587,100.0,42.69857193518881,29.162125201332472,-60.241200676834026,46.03244696337906,57.20213419441861,28.131794855121314,3.1491862741832506,65.83099026458812,Unfeasible shape,GPSampler,PRUNED
3629,3629,6.0,2026-04-21 18:53:43.191333,2026-04-21 18:53:43.326289,0 days 00:00:00.134956,-36.73755327674037,21.003215878568952,34.88453410985504,100.0,42.68670447636919,29.09624648742954,-60.40711283563176,45.97227119084186,57.2110930361353,28.429276208123014,3.138682535710622,65.68899869982837,Unfeasible shape,GPSampler,PRUNED
3630,3630,6.0,2026-04-21 18:53:43.663495,2026-04-21 18:53:43.822095,0 days 00:00:00.158600,-36.42790829102641,21.734429166834573,34.39800282935648,100.0,41.64897532879302,28.977699326677133,-59.90142671118756,46.36182856805906,57.16172567611183,27.796906488570407,3.3329924881731046,66.73880219164755,Unfeasible shape,GPSampler,PRUNED
3631,3631,6.0,2026-04-21 18:53:43.993288,2026-04-21 18:53:44.115236,0 days 00:00:00.121948,-36.78294167366846,20.972326753248183,34.994225273768535,100.0,42.65547180397001,28.870230292015385,-60.37271896839556,45.91783226059395,57.09108525310056,28.655785694058096,3.063196287667189,65.55385515009274,Unfeasible shape,GPSampler,PRUNED
3632,3632,6.0,2026-04-21 18:53:44.273748,2026-04-21 18:53:44.415737,0 days 00:00:00.141989,-36.69717963107591,21.21413902248358,34.52070635830311,100.0,42.68566237142217,29.043904977422805,-60.70088575793521,45.869633099890116,57.203740005352806,28.37509999972001,3.12382217356987,65.89524731609812,Unfeasible shape,GPSampler,PRUNED
3633,3633,6.0,2026-04-21 18:53:44.602207,2026-04-21 18:53:44.751956,0 days 00:00:00.149749,-36.798304117942976,20.807780734635976,35.11456969685241,100.0,42.876848889646936,27.961970789924088,-60.126148734470675,45.44105066227469,57.39158740984773,28.6669362984813,3.105993332298077,65.68103763361127,Unfeasible shape,GPSampler,PRUNED
3634,3634,6.0,2026-04-21 18:53:44.915552,2026-04-21 18:53:45.075895,0 days 00:00:00.160343,-36.68897869375689,20.594627231840047,34.73292501226614,100.0,42.87393888284523,29.010461437597712,-59.90441445409387,44.983740609794935,57.09806782137585,28.832985842356834,3.0603590538855414,65.3769104404145,Unfeasible shape,GPSampler,PRUNED
3635,3635,6.0,2026-04-21 18:53:45.257460,2026-04-21 18:53:45.441284,0 days 00:00:00.183824,-36.77137234428065,20.930849507306995,35.514427377620756,100.0,42.86234542753423,28.84368176821235,-59.76337927451067,46.06989486858963,56.906154873347454,28.647356667516853,2.9327576314641632,65.33263371334345,Unfeasible shape,GPSampler,PRUNED
3636,3636,6.0,2026-04-21 18:53:45.629329,2026-04-21 18:53:45.793870,0 days 00:00:00.164541,-36.8002833829404,21.19769668082848,34.67170320637939,100.0,42.77638902216112,29.0364512932506,-60.338753470508976,45.97229103240431,57.21245255767204,28.426728441520766,3.1471638372161905,65.83984347126422,Unfeasible shape,GPSampler,PRUNED
3637,3637,6.0,2026-04-21 18:53:45.967800,2026-04-21 18:53:46.143084,0 days 00:00:00.175284,-36.66466604113373,20.80312713370119,35.015926448416856,100.0,42.716630226481556,29.106969267389026,-60.65911327692402,46.02939681378727,57.1353702330043,28.53600566528347,3.08898716744892,65.57305439630524,Unfeasible shape,GPSampler,PRUNED
3638,3638,6.0,2026-04-21 18:53:46.326215,2026-04-21 18:53:46.495333,0 days 00:00:00.169118,-36.708114284449614,20.730893315284824,34.76512817415528,100.0,42.68467244347098,29.282489887574897,-60.30362035293433,45.86316960269661,57.003467923607666,28.03574441324841,3.1669050577980684,65.89260113551234,Unfeasible shape,GPSampler,PRUNED
3639,3639,6.0,2026-04-21 18:53:46.704372,2026-04-21 18:53:46.838894,0 days 00:00:00.134522,-36.82392248537693,21.135552172358615,34.78173595635631,100.0,42.830291865242245,28.980078682516904,-60.28476734577754,45.960038815433734,57.18291426221037,28.436992439159983,3.1507211279096907,65.74961759434534,Unfeasible shape,GPSampler,PRUNED
3640,3640,6.0,2026-04-21 18:53:47.014646,2026-04-21 18:53:47.126302,0 days 00:00:00.111656,-36.78461258017893,21.332894369015108,34.53496471079403,100.0,42.88083505987972,29.375812398728215,-60.29397450243368,45.97275570166948,57.20672834668209,28.181056122543744,3.2450217670110675,65.97799085285065,Unfeasible shape,GPSampler,PRUNED
3641,3641,6.0,2026-04-21 18:53:47.404663,2026-04-21 18:53:47.553230,0 days 00:00:00.148567,-36.60916884770061,20.91843638070362,34.40292538425223,100.0,42.85399731341583,29.76514384288076,-60.30746678746088,45.942326607747106,56.89561997224599,27.982940028226853,3.2121261358835795,65.9751826181242,Unfeasible shape,GPSampler,PRUNED
3642,3642,6.0,2026-04-21 18:53:47.727187,2026-04-21 18:53:47.889608,0 days 00:00:00.162421,-36.789626868940694,21.324475817096335,34.54704516091728,100.0,42.820098774266334,28.893271935836736,-60.650600587752024,45.80080429833221,57.23798459973614,28.700824860733682,3.084930328003992,65.74337808463011,Unfeasible shape,GPSampler,PRUNED
3643,3643,6.0,2026-04-21 18:53:48.056716,2026-04-21 18:53:48.205576,0 days 00:00:00.148860,-36.65382064959387,21.40217103534527,34.65482326013692,100.0,43.0862452124248,28.55581563283166,-60.417411455953484,45.945471980476896,57.07220190443187,28.845564743002573,3.1118675590699425,65.63284999142134,Unfeasible shape,GPSampler,PRUNED
3644,3644,6.0,2026-04-21 18:53:48.415201,2026-04-21 18:53:48.565908,0 days 00:00:00.150707,-36.640242327896274,21.496071323059073,34.46341965153137,100.0,42.890391204144386,29.843248401394064,-60.6465499743272,45.8300972388966,57.31988008478697,27.96578712825886,3.138507036226059,66.1089320646552,Unfeasible shape,GPSampler,PRUNED
3645,3645,6.0,2026-04-21 18:53:48.746718,2026-04-21 18:53:48.939108,0 days 00:00:00.192390,-36.80792770871061,20.903858760674623,34.892825926210804,100.0,42.63783016023627,29.17643013401596,-60.37391280678389,46.448266081079026,57.47336902105995,28.052573946330643,3.0732149199598595,65.36029118597564,Unfeasible shape,GPSampler,PRUNED
3646,3646,6.0,2026-04-21 18:53:49.122489,2026-04-21 18:53:49.309901,0 days 00:00:00.187412,-36.821660055831174,20.974616348109084,35.029126858885235,100.0,42.76360075546558,29.204697180974904,-60.30080095790132,46.017225559083556,57.13827390568558,28.41720173264715,3.09803196945915,65.6199405992967,Unfeasible shape,GPSampler,PRUNED
3647,3647,6.0,2026-04-21 18:53:49.483394,2026-04-21 18:53:49.640503,0 days 00:00:00.157109,-36.76055008189453,20.863033942310082,34.6426735481478,100.0,42.929971640177754,29.063474659185708,-60.361375322555666,45.91723753870265,57.110095393747876,28.319159163155135,3.123706312550624,65.66854601111963,Unfeasible shape,GPSampler,PRUNED
3648,3648,6.0,2026-04-21 18:53:49.790396,2026-04-21 18:53:49.945905,0 days 00:00:00.155509,-36.87477863329273,20.913374860799486,34.80275765772895,100.0,42.81751397244152,28.987264090977746,-60.420107624176325,45.9018667903994,57.10240589397151,28.66145222773552,3.0741570056831193,65.71183133933101,Unfeasible shape,GPSampler,PRUNED
3649,3649,6.0,2026-04-21 18:53:50.133547,2026-04-21 18:53:50.309685,0 days 00:00:00.176138,-36.67408324017139,20.826212091671188,34.95472911263127,100.0,42.535224724896224,28.98624498670857,-60.38785256109915,45.888399335861074,57.05576394576053,28.431776808804017,3.1094596293926955,65.61037236765135,Unfeasible shape,GPSampler,PRUNED
3650,3650,6.0,2026-04-21 18:53:50.487051,2026-04-21 18:53:50.686800,0 days 00:00:00.199749,-36.828231644954734,21.599334435204362,34.32646585401345,100.0,42.86247821104824,29.07144631976182,-60.48870601955585,46.12631435522235,57.36552564395315,28.233809700609562,3.2492782130796343,66.04709190877367,Unfeasible shape,GPSampler,PRUNED
3651,3651,6.0,2026-04-21 18:53:50.870085,2026-04-21 18:53:51.018874,0 days 00:00:00.148789,-36.91163096247366,20.78573534807763,34.77047298275851,100.0,42.88060238696194,28.610550311114345,-60.270322169260396,45.57649087082414,56.789932969114275,29.08374018837216,3.072813285336423,65.57896218580268,Unfeasible shape,GPSampler,PRUNED
3652,3652,6.0,2026-04-21 18:53:51.195380,2026-04-21 18:53:51.338409,0 days 00:00:00.143029,-36.669462577555606,21.161646784231653,34.87221130879755,100.0,43.084424040498355,28.875613954522294,-60.126728371057595,45.963532714386474,57.101080171053944,28.575150040987058,3.1007282147886954,65.79932968113621,Unfeasible shape,GPSampler,PRUNED
3653,3653,6.0,2026-04-21 18:53:51.526133,2026-04-21 18:53:51.620791,0 days 00:00:00.094658,-36.82133656684842,21.07282678053032,34.585987375735314,100.0,43.093197630513686,29.41868542737705,-60.23699466928623,45.88880196514783,56.900961308869704,28.51489083471652,3.245677847291809,66.06607362827654,Unfeasible shape,GPSampler,PRUNED
3654,3654,6.0,2026-04-21 18:53:51.786216,2026-04-21 18:53:51.960577,0 days 00:00:00.174361,-36.73165430974907,20.97549379633969,34.71744613301247,100.0,42.69128468087837,29.003400449196256,-60.3702586706073,45.95851782108976,57.17803363488546,28.36099802976338,3.109777151385032,65.66514394468209,Unfeasible shape,GPSampler,PRUNED
