,number,value,datetime_start,datetime_complete,duration,params_lLegPt.rA1,params_lLegPt.rL0,params_lLegPt.rL1,params_lLegPt.rL2,params_lLegPt.x1,params_lLegPt.y1,params_sLegPt.rA1,params_sLegPt.rL0,params_sLegPt.rL1,params_sLegPt.rL2,params_sLegPt.x1,params_sLegPt.y1,user_attrs_prune,system_attrs_auto:sampler,state
3527,3527,6.0,2026-04-21 18:53:06.053410,2026-04-21 18:53:06.210415,0 days 00:00:00.157005,-36.708922531194794,20.96911993392137,34.92034476156725,100.0,42.68967232107418,29.0285209395755,-60.23490958739143,46.08345527562783,57.135648847977066,28.433179880429627,3.0780333868949654,65.7815259904104,Unfeasible shape,GPSampler,PRUNED
3528,3528,6.0,2026-04-21 18:53:06.376910,2026-04-21 18:53:06.504021,0 days 00:00:00.127111,-36.82577585655766,21.296367853854292,34.94166862060898,100.0,42.9457804202099,28.766083886569533,-60.39691216296631,45.96595052276985,56.938215634211765,28.666348992389093,3.0422108831644366,65.40870728884951,Unfeasible shape,GPSampler,PRUNED
3529,3529,6.0,2026-04-21 18:53:06.720342,2026-04-21 18:53:06.862079,0 days 00:00:00.141737,-36.78856050974872,21.012088781923037,34.779637738206766,100.0,42.7719771950585,28.95511504963558,-60.236507602656644,45.926959864094826,57.14938504015127,28.510154653231723,3.1232238799456127,65.80468237775501,Unfeasible shape,GPSampler,PRUNED
3530,3530,6.0,2026-04-21 18:53:07.075215,2026-04-21 18:53:07.202005,0 days 00:00:00.126790,-36.798956863385534,21.06944789693475,34.876168923593816,100.0,42.716451518460104,28.978465677529357,-60.39088481580278,45.9263534110848,57.13906898920473,28.481707218627896,3.117190918395835,65.62163816895574,Unfeasible shape,GPSampler,PRUNED
3531,3531,6.0,2026-04-21 18:53:07.375513,2026-04-21 18:53:07.566694,0 days 00:00:00.191181,-36.79868330354502,21.322719750097928,34.80251713522625,100.0,42.79347476629243,29.091331472396668,-60.254190048228494,45.82074441113893,57.19171522972076,28.16989344852091,3.098788922495494,65.66500498118364,Unfeasible shape,GPSampler,PRUNED
3532,3532,6.0,2026-04-21 18:53:07.749807,2026-04-21 18:53:07.912717,0 days 00:00:00.162910,-36.79498521215906,21.189488617630055,35.00719285264714,100.0,42.82352063614998,28.96367307851481,-60.36807897610633,45.899558705049245,57.18296481941005,28.645749157547765,3.0570625785491217,65.59143029433922,Unfeasible shape,GPSampler,PRUNED
3533,3533,6.0,2026-04-21 18:53:08.103331,2026-04-21 18:53:08.302159,0 days 00:00:00.198828,-36.659541353484364,20.861741822486252,35.039615475440236,100.0,42.89463341252017,28.803481984186007,-60.40845835696204,45.91076619201484,56.974110591008674,28.47553206352897,3.0099302762062337,65.40347122062212,Unfeasible shape,GPSampler,PRUNED
3534,3534,6.0,2026-04-21 18:53:08.468042,2026-04-21 18:53:08.673452,0 days 00:00:00.205410,-36.80770903258378,20.95408609153999,34.61132093344392,100.0,42.71363732158931,29.046214733941497,-60.40023323142033,45.99336548037665,57.1404160027983,28.31616300568251,3.139641338614048,65.77430113520876,Unfeasible shape,GPSampler,PRUNED
3535,3535,6.0,2026-04-21 18:53:08.874210,2026-04-21 18:53:09.016335,0 days 00:00:00.142125,-36.77103127048741,20.763776052613625,35.04650583592202,100.0,42.779086974321686,28.904250355260416,-60.340381187864466,45.81435985601674,57.08742653725101,28.53673961719673,3.049322251479161,65.5294841853669,Unfeasible shape,GPSampler,PRUNED
3536,3536,6.0,2026-04-21 18:53:09.188081,2026-04-21 18:53:09.314188,0 days 00:00:00.126107,-36.93004079138891,20.885645623090326,34.804255923578935,100.0,42.73955654951008,29.004911251329894,-60.435306123180425,45.89705681380586,57.16044338719987,28.663630337041255,3.0869709100966247,65.88270872375894,Unfeasible shape,GPSampler,PRUNED
3537,3537,6.0,2026-04-21 18:53:09.479450,2026-04-21 18:53:09.621648,0 days 00:00:00.142198,-36.74650047889779,20.935215536374734,35.14438952180621,100.0,42.76070952453713,29.070266597616005,-60.4037352238716,46.015058282152026,57.10403516197096,28.37658333540677,3.1037899298680856,65.74021218314019,Unfeasible shape,GPSampler,PRUNED
3538,3538,6.0,2026-04-21 18:53:09.794426,2026-04-21 18:53:09.936744,0 days 00:00:00.142318,-36.760385224329056,20.917451336455272,34.92478649474518,100.0,42.761437761578534,29.034128888277785,-60.37623779887958,45.82999248454072,57.120916370243805,28.4928498172968,3.1103662530787517,65.68967808743933,Unfeasible shape,GPSampler,PRUNED
3539,3539,6.0,2026-04-21 18:53:10.108513,2026-04-21 18:53:10.266899,0 days 00:00:00.158386,-36.75305111539662,21.10339706512743,34.797200038873804,100.0,42.69184617302578,29.114055207818936,-60.4566313949295,45.92803322102098,57.22578619727696,28.439144296430616,3.121329484458748,65.71946929257228,Unfeasible shape,GPSampler,PRUNED
3540,3540,6.0,2026-04-21 18:53:10.433363,2026-04-21 18:53:10.591495,0 days 00:00:00.158132,-36.71650519615517,20.963046829335543,34.5659409077994,100.0,42.73197988939216,29.12686712204961,-60.47465512180402,45.82882707661418,57.25777018278755,28.09091137429377,3.1717627518011184,65.91289668846277,Unfeasible shape,GPSampler,PRUNED
3541,3541,6.0,2026-04-21 18:53:10.779551,2026-04-21 18:53:10.953669,0 days 00:00:00.174118,-36.81220709563818,21.141630278545968,34.84485204678019,100.0,42.7107733706971,29.079844893471453,-60.41278507156348,45.908969266842085,57.19106446198603,28.492053578794284,3.1216417874454407,65.68765574237067,Unfeasible shape,GPSampler,PRUNED
3542,3542,6.0,2026-04-21 18:53:11.151735,2026-04-21 18:53:11.409959,0 days 00:00:00.258224,-36.96623479341493,20.935888724878474,34.973239105773075,100.0,42.64478124414317,28.817402597133558,-60.42888372798859,46.01773112976446,56.887420802338966,28.251516049990716,3.0949038303747116,65.71448012452848,Unfeasible shape,GPSampler,PRUNED
3543,3543,6.0,2026-04-21 18:53:11.573737,2026-04-21 18:53:11.782188,0 days 00:00:00.208451,-36.84311449391818,21.372255085564916,34.46441556563903,100.0,42.90900289755065,29.1687691605971,-60.59594670687295,45.86679696788607,57.26644985475012,27.95809337707252,3.126588705414534,66.00530201660345,Unfeasible shape,GPSampler,PRUNED
3544,3544,6.0,2026-04-21 18:53:11.974199,2026-04-21 18:53:12.183096,0 days 00:00:00.208897,-36.814772373432625,20.759813086261715,34.946809574161875,100.0,42.75200214753554,29.01266886674115,-60.32023642120876,45.98163802273249,57.173716856804624,28.413263678016726,3.0854935388777136,65.53186518664276,Unfeasible shape,GPSampler,PRUNED
3545,3545,6.0,2026-04-21 18:53:12.357649,2026-04-21 18:53:12.538661,0 days 00:00:00.181012,-36.75681118747573,20.795135284207596,34.92281188149995,100.0,42.86114198447169,28.96339442747052,-60.28527724150784,45.91717653914603,56.921951811261295,28.37810557717538,3.0879796715559493,65.4972803177329,Unfeasible shape,GPSampler,PRUNED
3546,3546,6.0,2026-04-21 18:53:12.723666,2026-04-21 18:53:12.865672,0 days 00:00:00.142006,-36.83557154102645,21.11554052566188,34.746911164648004,100.0,42.71591182448846,28.990718690522165,-60.41835944336522,46.02147314289154,57.141723147894915,28.575656048177038,3.125110681390609,65.89126378132694,Unfeasible shape,GPSampler,PRUNED
3547,3547,6.0,2026-04-21 18:53:13.128278,2026-04-21 18:53:13.281377,0 days 00:00:00.153099,-36.85108158570643,20.93283213569827,34.878165252569886,100.0,42.883909280677166,29.133804211685856,-60.175950816632735,45.97112557381038,57.22126339329803,28.15540741221052,3.109452631457529,66.03193841269581,Unfeasible shape,GPSampler,PRUNED
3548,3548,6.0,2026-04-21 18:53:13.457011,2026-04-21 18:53:13.619873,0 days 00:00:00.162862,-36.75833060212766,20.984416142513105,35.13222760275561,100.0,42.68390661207618,28.781244904618084,-60.27115706599011,45.95818870374306,57.10799949228135,28.58906006024735,3.0912702815333333,65.66221708490818,Unfeasible shape,GPSampler,PRUNED
3549,3549,6.0,2026-04-21 18:53:13.811336,2026-04-21 18:53:13.954322,0 days 00:00:00.142986,-36.80981511401106,20.898350186940927,34.8528514788364,100.0,42.878238088773095,28.833636570531283,-60.35322023751036,45.87760673790274,57.07811441807647,28.387537973120338,3.1211219415578384,65.77875297962535,Unfeasible shape,GPSampler,PRUNED
3550,3550,6.0,2026-04-21 18:53:14.136437,2026-04-21 18:53:14.311270,0 days 00:00:00.174833,-36.73774306480466,21.14799479540884,34.6910493963988,100.0,43.11914364154436,29.330690394152164,-60.16566710992096,46.00896252329145,57.134992850922636,28.369699591991697,3.1148857010671733,65.65869060669765,Unfeasible shape,GPSampler,PRUNED
3551,3551,6.0,2026-04-21 18:53:14.508778,2026-04-21 18:53:14.651886,0 days 00:00:00.143108,-36.84883047557876,21.03907386393294,34.73135935187372,100.0,42.782759128126536,28.832923195464296,-60.33439462849708,46.06127046519176,57.17077935550415,28.39153022730341,3.0995190106119495,65.74940980566494,Unfeasible shape,GPSampler,PRUNED
3552,3552,6.0,2026-04-21 18:53:15.026246,2026-04-21 18:53:15.168178,0 days 00:00:00.141932,-36.55391195919358,20.860357607595063,35.063930288209335,100.0,42.710510477650665,28.916912766985334,-60.546951780917716,45.86905440235126,56.915150454662566,28.695443735562854,3.162324566023159,65.6065772968725,Unfeasible shape,GPSampler,PRUNED
3553,3553,6.0,2026-04-21 18:53:15.346774,2026-04-21 18:53:15.579150,0 days 00:00:00.232376,-36.85846789486536,20.346617790457387,34.72941247922439,100.0,42.7589837112147,29.271529158102624,-60.41887368450976,44.98986043240626,57.02257160386538,29.079342273194495,3.18370024705834,65.78853811158766,Unfeasible shape,GPSampler,PRUNED
3554,3554,6.0,2026-04-21 18:53:15.801676,2026-04-21 18:53:15.950772,0 days 00:00:00.149096,-36.71134304301973,20.955672830100376,34.72347787806246,100.0,42.81392097406224,29.175785432325966,-60.351105401812475,45.92773989554109,57.160183146974475,28.317697557643143,3.155827715007419,65.8317828456724,Unfeasible shape,GPSampler,PRUNED
3555,3555,6.0,2026-04-21 18:53:16.128069,2026-04-21 18:53:16.296334,0 days 00:00:00.168265,-36.780154036620985,20.962658018432982,35.14603675546263,100.0,42.7147410661284,29.008858076539767,-60.30646363874574,46.08640051797189,57.05607500052315,28.51203995202521,3.0915638659756013,65.59723750304421,Unfeasible shape,GPSampler,PRUNED
3556,3556,6.0,2026-04-21 18:53:16.473149,2026-04-21 18:53:16.599375,0 days 00:00:00.126226,-36.78256994293788,21.16560298419406,35.01143789860018,100.0,42.76583808808471,29.095966427923116,-60.301212311735036,46.03309750901845,57.104316733071755,28.41933052514169,3.0771072042942578,65.63021025375987,Unfeasible shape,GPSampler,PRUNED
3557,3557,6.0,2026-04-21 18:53:16.796654,2026-04-21 18:53:16.942990,0 days 00:00:00.146336,-36.665613418924124,21.402965439952307,34.75489545955024,100.0,42.31596499003418,29.203404922578407,-60.39773564070119,46.48823364239316,57.5043720955201,27.93060157628501,3.2459593985412667,65.91902159032668,Unfeasible shape,GPSampler,PRUNED
3558,3558,6.0,2026-04-21 18:53:17.114880,2026-04-21 18:53:17.289301,0 days 00:00:00.174421,-36.84969916337645,21.10337471749849,34.95511132450929,100.0,42.69926114808968,28.985045453946,-60.35550180332754,45.936064629129824,57.129106751249786,28.181506665162857,3.1093356243539603,65.52500938115894,Unfeasible shape,GPSampler,PRUNED
3559,3559,6.0,2026-04-21 18:53:17.478072,2026-04-21 18:53:17.618767,0 days 00:00:00.140695,-36.77518216946653,20.964434809574477,34.829527331127494,100.0,42.75016740758392,29.030043526270944,-60.33266810431276,45.95962647298332,57.18057998564845,28.407510398013653,3.1332579675414607,65.71163553277044,Unfeasible shape,GPSampler,PRUNED
3560,3560,6.0,2026-04-21 18:53:17.806822,2026-04-21 18:53:17.983536,0 days 00:00:00.176714,-36.658469047747246,21.493369409753008,35.42468254613633,100.0,42.40813064515911,29.211292567215345,-60.08516751695194,46.02408852077413,56.92187261413082,28.0094247869597,3.07082981712054,65.39985041871715,Unfeasible shape,GPSampler,PRUNED
3561,3561,6.0,2026-04-21 18:53:18.179397,2026-04-21 18:53:18.343901,0 days 00:00:00.164504,-36.83448458956546,20.965189581207298,34.72170766269046,100.0,42.714990331051375,29.26101768224862,-60.226844301956355,45.95439887518833,57.360843172945856,28.3305987855964,3.0834595951192156,65.77427995978559,Unfeasible shape,GPSampler,PRUNED
3562,3562,6.0,2026-04-21 18:53:18.548414,2026-04-21 18:53:18.716461,0 days 00:00:00.168047,-36.78156056319759,20.87815898192048,34.967369703227725,100.0,42.63975195781536,28.739962486060463,-60.43877503610962,45.83499326416064,57.12866353025719,28.586622340019797,3.020690617276209,65.50490219662683,Unfeasible shape,GPSampler,PRUNED
3563,3563,6.0,2026-04-21 18:53:18.955771,2026-04-21 18:53:19.174613,0 days 00:00:00.218842,-36.758643345048824,21.253660607500652,34.47652465586202,100.0,43.061774191773196,29.4114573987068,-60.338699337153216,46.2929704039729,57.73100594797229,27.834515800215545,3.1418878698699046,65.92220397920663,Unfeasible shape,GPSampler,PRUNED
3564,3564,6.0,2026-04-21 18:53:19.375044,2026-04-21 18:53:19.584719,0 days 00:00:00.209675,-36.78532603522443,20.956262542590906,34.77167218683455,100.0,42.51472511687083,29.14787931352221,-60.36983794413855,45.99508820699494,57.17394786515367,28.22496790323599,3.1167982632043163,65.73339359763101,Unfeasible shape,GPSampler,PRUNED
3565,3565,6.0,2026-04-21 18:53:19.755332,2026-04-21 18:53:19.923804,0 days 00:00:00.168472,-37.02262438293759,20.957165468480106,35.25909456896739,100.0,42.73192531626366,28.862974477046322,-60.01631217853894,45.90998479392092,57.329794564741924,28.449590603190718,3.1695931007064644,65.81588079368284,Unfeasible shape,GPSampler,PRUNED
3566,3566,6.0,2026-04-21 18:53:20.123845,2026-04-21 18:53:20.277068,0 days 00:00:00.153223,-36.89624431235022,20.858703489577127,34.35935852242252,100.0,43.32192419036767,29.037945242077356,-60.800240140623345,45.80520896318704,56.97074598172893,28.558402654084453,3.2330610580987056,66.06536969540362,Unfeasible shape,GPSampler,PRUNED
3567,3567,6.0,2026-04-21 18:53:20.446461,2026-04-21 18:53:20.619892,0 days 00:00:00.173431,-36.76133299136095,20.872496648069742,34.82864935730944,100.0,42.60824083102155,29.0521179638234,-60.3682509091446,46.014408591996364,57.157071081212536,28.41174435548127,3.082756849401356,65.58332994756661,Unfeasible shape,GPSampler,PRUNED
3568,3568,6.0,2026-04-21 18:53:20.769938,2026-04-21 18:53:20.900238,0 days 00:00:00.130300,-36.85608455407697,20.895659844784603,34.98955822967111,100.0,42.66942406393696,29.265406232040398,-60.28273190901906,45.32084743677885,57.093776585746575,28.338225378873318,3.168975271752373,65.83170205704344,Unfeasible shape,GPSampler,PRUNED
3569,3569,6.0,2026-04-21 18:53:21.075194,2026-04-21 18:53:21.198537,0 days 00:00:00.123343,-36.75265483360772,21.00457705673945,34.886841063156204,100.0,42.859273058786265,29.237332043039544,-60.35772299589965,45.90782957341183,57.035205681771835,28.431412793231207,3.122711180668624,65.6807690279674,Unfeasible shape,GPSampler,PRUNED
3570,3570,6.0,2026-04-21 18:53:21.412260,2026-04-21 18:53:21.706166,0 days 00:00:00.293906,-36.74286734212601,21.007829174999518,34.95356971629386,100.0,42.77111855427174,29.017870091482692,-60.340376261253795,45.968379765951916,57.155298532963386,28.4866544624403,3.088879142379561,65.63714453858587,Unfeasible shape,GPSampler,PRUNED
3571,3571,6.0,2026-04-21 18:53:21.892319,2026-04-21 18:53:22.032549,0 days 00:00:00.140230,-36.74730360330801,20.948743324901187,34.88821356810443,100.0,42.7171661129752,29.041785924735635,-60.33638139284223,45.90785605702037,57.14245373562189,28.38298329170803,3.112759432589158,65.73478245813155,Unfeasible shape,GPSampler,PRUNED
3572,3572,6.0,2026-04-21 18:53:22.220328,2026-04-21 18:53:22.405656,0 days 00:00:00.185328,-36.793824951569974,21.086952312962257,34.73664712852362,100.0,42.76311280983624,29.123745287280123,-60.39035362345197,45.930740249622716,57.222245039900656,28.350605101086785,3.1478041652996396,65.79868013206075,Unfeasible shape,GPSampler,PRUNED
3573,3573,6.0,2026-04-21 18:53:22.605792,2026-04-21 18:53:22.794216,0 days 00:00:00.188424,-36.800348552664005,20.967797978773675,34.82275580165145,100.0,42.67888263290105,29.09383788134337,-60.339507897630085,45.91964085461687,57.17043572920483,28.505006739186452,3.1137345269276437,65.69569666516637,Unfeasible shape,GPSampler,PRUNED
3574,3574,6.0,2026-04-21 18:53:22.958676,2026-04-21 18:53:23.101483,0 days 00:00:00.142807,-36.783239853865425,21.43656306376123,34.184827069594945,100.0,42.811729594275924,29.274710833957528,-60.573925562403836,46.07389681339203,57.3484385823803,28.100640883648083,3.2989766331767285,66.2278171905146,Unfeasible shape,GPSampler,PRUNED
3575,3575,6.0,2026-04-21 18:53:23.291017,2026-04-21 18:53:23.443708,0 days 00:00:00.152691,-36.84532008409419,20.91499040814272,34.847692570007325,100.0,42.69662756538208,29.03106881433171,-60.327225169320236,45.932472799421895,57.066024410752085,28.460791545816278,3.101099365190109,65.72846211168707,Unfeasible shape,GPSampler,PRUNED
3576,3576,6.0,2026-04-21 18:53:23.632804,2026-04-21 18:53:23.779348,0 days 00:00:00.146544,-36.71437694101942,20.9859346338159,34.89006030653239,100.0,42.80688788685358,29.176853300604755,-60.32961818823463,45.85601614364351,57.09923496757537,28.541098641459797,3.137262338597175,65.72457647142758,Unfeasible shape,GPSampler,PRUNED
3577,3577,6.0,2026-04-21 18:53:23.922254,2026-04-21 18:53:24.086110,0 days 00:00:00.163856,-36.7843221693653,21.17697753988322,34.65292990255013,100.0,42.77063141779413,29.03891159065259,-60.5759765054368,45.832381132103954,57.124030031224926,28.458866894679925,3.1093439572268693,65.74159053441167,Unfeasible shape,GPSampler,PRUNED
3578,3578,6.0,2026-04-21 18:53:24.245111,2026-04-21 18:53:24.388608,0 days 00:00:00.143497,-36.824018759139804,20.98531863711221,34.43080124118932,100.0,42.77481339973973,29.053065895076195,-60.39496987294211,45.99680602796034,57.42587643081265,28.242268136197247,3.057901928395083,65.96701463061575,Unfeasible shape,GPSampler,PRUNED
3579,3579,6.0,2026-04-21 18:53:24.576194,2026-04-21 18:53:24.720083,0 days 00:00:00.143889,-36.77099787521614,20.887534091035388,34.63943988591065,100.0,42.84992669763487,28.855861711597278,-60.29146274421259,46.102081085524354,57.28083723830803,28.31590464308612,3.1216840325949136,65.88448590088369,Unfeasible shape,GPSampler,PRUNED
3580,3580,6.0,2026-04-21 18:53:24.890381,2026-04-21 18:53:25.036457,0 days 00:00:00.146076,-36.82104449689475,21.00894314939307,34.69087758300982,100.0,42.70697528584172,29.035860835342213,-60.33042106694336,45.956107365214216,57.15239317347823,28.594321153388314,3.113416890563144,65.82924890217322,Unfeasible shape,GPSampler,PRUNED
3581,3581,6.0,2026-04-21 18:53:25.228741,2026-04-21 18:53:25.391084,0 days 00:00:00.162343,-36.80619720870302,20.888671898210156,34.73122916007755,100.0,42.75592770980556,28.817816863104575,-60.479153244880834,45.68272224340832,57.05441685761594,28.504525929502172,3.1133369469826846,65.63418159509577,Unfeasible shape,GPSampler,PRUNED
3582,3582,6.0,2026-04-21 18:53:25.573682,2026-04-21 18:53:25.799455,0 days 00:00:00.225773,-36.74022288150577,20.796626798064246,34.327824045798806,100.0,42.70360663660476,29.231653035266774,-60.72240136365082,45.88969155712585,56.91681529720861,28.476419248159075,3.2187756167308166,65.71672415891408,Unfeasible shape,GPSampler,PRUNED
3583,3583,6.0,2026-04-21 18:53:25.975670,2026-04-21 18:53:26.211995,0 days 00:00:00.236325,-36.78548980130006,21.171151668013522,34.94507469913673,100.0,42.718164413362786,28.923694529700022,-60.224068440121826,46.100078809300165,57.27078781922079,28.483187200491415,3.1300304755389092,65.64311562710682,Unfeasible shape,GPSampler,PRUNED
3584,3584,6.0,2026-04-21 18:53:26.410363,2026-04-21 18:53:26.554484,0 days 00:00:00.144121,-36.754318587504635,20.88174452362634,34.6649595295039,100.0,42.85723656404429,28.97403898274716,-60.370594902063374,46.06518544963088,57.19769837747299,28.32261603988396,3.133994168398928,65.74857471592568,Unfeasible shape,GPSampler,PRUNED
3585,3585,6.0,2026-04-21 18:53:26.740640,2026-04-21 18:53:26.898267,0 days 00:00:00.157627,-36.85774689355426,21.038054290878748,34.716149045489146,100.0,42.46397258567439,28.704779371043905,-60.71671883318729,45.932006495491656,56.843658128569025,28.25119301717719,3.062198545001152,65.23244537055997,Unfeasible shape,GPSampler,PRUNED
3586,3586,6.0,2026-04-21 18:53:27.075979,2026-04-21 18:53:27.204636,0 days 00:00:00.128657,-36.77444934710051,20.617104460530093,34.51124294916818,100.0,42.93208537596255,29.036527514553384,-60.355315561441465,45.971723960052636,57.2489734229345,28.317405086381466,3.1353854327226145,65.85745119641706,Unfeasible shape,GPSampler,PRUNED
3587,3587,6.0,2026-04-21 18:53:27.370568,2026-04-21 18:53:27.483364,0 days 00:00:00.112796,-36.73101805449028,20.724527093535322,34.90464384593851,100.0,42.65106311395623,29.10449118940388,-60.273941265892375,45.98267013374895,57.099702604674185,28.357896520306056,3.138437125438351,65.76363738498613,Unfeasible shape,GPSampler,PRUNED
3588,3588,6.0,2026-04-21 18:53:27.740260,2026-04-21 18:53:27.911143,0 days 00:00:00.170883,-36.776985782252964,20.95143220151104,35.46323384494232,100.0,42.63158523228882,28.806974518856265,-60.08340334881332,46.08602246020329,56.886584090655276,28.48496271732819,3.0448850747373086,65.64237247760107,Unfeasible shape,GPSampler,PRUNED
3589,3589,6.0,2026-04-21 18:53:28.112506,2026-04-21 18:53:28.307868,0 days 00:00:00.195362,-36.82359911826829,20.895883134457684,34.80927039644132,100.0,42.70577719502732,29.023179338051357,-60.16363423210633,46.20093525926674,57.34136408915659,28.17335637909123,3.134419375532758,65.76332387515542,Unfeasible shape,GPSampler,PRUNED
3590,3590,6.0,2026-04-21 18:53:28.498855,2026-04-21 18:53:28.668530,0 days 00:00:00.169675,-36.7981724163047,21.00108953288032,34.80370826182915,100.0,42.82488159249618,29.18300831341108,-60.33371816619794,45.90626469473964,57.34541378404752,28.269386381550092,3.1447884697175184,65.78959237725975,Unfeasible shape,GPSampler,PRUNED
