,number,value,datetime_start,datetime_complete,duration,params_lLegPt.rA1,params_lLegPt.rL0,params_lLegPt.rL1,params_lLegPt.rL2,params_lLegPt.x1,params_lLegPt.y1,params_sLegPt.rA1,params_sLegPt.rL0,params_sLegPt.rL1,params_sLegPt.rL2,params_sLegPt.x1,params_sLegPt.y1,user_attrs_prune,system_attrs_auto:sampler,state
901,901,6.0,2026-04-21 18:38:00.418750,2026-04-21 18:38:00.592123,0 days 00:00:00.173373,-36.887496867698616,21.173077366699083,35.43939955826971,100.0,42.93827920547159,28.919968032623437,-60.125818252649665,45.719644499775825,56.73066797121058,28.51238655410288,3.038250722771231,65.30776824378594,Unfeasible shape,GPSampler,PRUNED
902,902,6.0,2026-04-21 18:38:00.781244,2026-04-21 18:38:00.907285,0 days 00:00:00.126041,-36.725775835193424,20.899656413913334,34.66598750486769,100.0,42.55276373270654,29.26385418717544,-60.30527500260247,46.175555987472144,57.21310568927988,27.84894159518319,3.1718246140150015,65.84096735179743,Unfeasible shape,GPSampler,PRUNED
903,903,6.0,2026-04-21 18:38:01.129854,2026-04-21 18:38:01.239892,0 days 00:00:00.110038,-36.67518781863104,21.11114409759294,34.874262668379785,100.0,43.045676528833965,29.038911009344552,-60.34743237720235,46.02101377677737,57.09872380065364,28.1915839779388,3.1224001430569928,65.58246632682315,Unfeasible shape,GPSampler,PRUNED
904,904,6.0,2026-04-21 18:38:01.469404,2026-04-21 18:38:01.579897,0 days 00:00:00.110493,-37.01594603882525,21.210234114635597,34.53043395108949,100.0,42.872839956503114,29.00488448402716,-60.474122551157265,45.89144297145822,57.34729740664908,28.517724490311036,3.140492819761299,65.72735680069594,Unfeasible shape,GPSampler,PRUNED
905,905,6.0,2026-04-21 18:38:01.748823,2026-04-21 18:38:01.890569,0 days 00:00:00.141746,-36.77833933605421,20.957618896420293,34.94472180104158,100.0,42.787368672270695,28.88632426725765,-60.342687480484216,45.75556027378776,57.04764635330876,28.621480593912892,3.1108820188540776,65.65702212021525,Unfeasible shape,GPSampler,PRUNED
906,906,6.0,2026-04-21 18:38:02.024202,2026-04-21 18:38:02.166079,0 days 00:00:00.141877,-36.50617684149854,20.75684395114432,34.96904525654756,100.0,42.56386091193913,28.82521410454501,-60.09553096407373,45.67171207257607,57.00836441021624,28.826150945499005,3.1376082834016117,65.97185767084123,Unfeasible shape,GPSampler,PRUNED
907,907,6.0,2026-04-21 18:38:02.349818,2026-04-21 18:38:02.444381,0 days 00:00:00.094563,-36.855370192367666,21.285931288612367,34.80562625644632,100.0,42.866711947797185,29.074959094144177,-60.66484895581727,45.83730565334891,57.214622955868464,28.55283650942972,3.0974456007388795,65.5749298382778,Unfeasible shape,GPSampler,PRUNED
908,908,6.0,2026-04-21 18:38:02.600496,2026-04-21 18:38:02.727416,0 days 00:00:00.126920,-36.72361580338202,21.13731795697792,34.80380674909101,100.0,42.74365220775375,29.09876100975619,-60.40654326454262,46.083137908284705,57.32484147355977,28.309931587401902,3.1190530273052914,65.71391916236568,Unfeasible shape,GPSampler,PRUNED
909,909,6.0,2026-04-21 18:38:02.909657,2026-04-21 18:38:03.051680,0 days 00:00:00.142023,-36.728745231536436,21.151237545304742,35.09220006955804,100.0,42.64512097358238,29.193105352589342,-60.396808560395286,45.90403199536466,57.14231515319806,28.568851608428073,3.076309974090769,65.6493871947927,Unfeasible shape,GPSampler,PRUNED
910,910,6.0,2026-04-21 18:38:03.225070,2026-04-21 18:38:03.367901,0 days 00:00:00.142831,-36.78227039679449,20.811865065232148,35.152949087447126,100.0,42.738182782465834,29.1457393669355,-60.229231666263544,45.89191365347694,57.11569253237152,28.5941903409776,3.1199517600437474,65.62529951625031,Unfeasible shape,GPSampler,PRUNED
911,911,6.0,2026-04-21 18:38:03.535533,2026-04-21 18:38:03.677474,0 days 00:00:00.141941,-36.805600001038385,20.774930633430674,34.74718828713989,100.0,42.84585054670874,28.936265395075964,-60.39200761411669,45.895668915674484,57.20449025103044,28.545115494773214,3.096256523762335,65.71329888146492,Unfeasible shape,GPSampler,PRUNED
912,912,6.0,2026-04-21 18:38:03.867575,2026-04-21 18:38:03.993659,0 days 00:00:00.126084,-36.75707725977898,21.003142554070322,34.9372955627053,100.0,42.81481204424454,29.044702428360473,-60.36463430020916,45.9209162601736,57.15875573188766,28.447242346852196,3.12706780705183,65.6352614231411,Unfeasible shape,GPSampler,PRUNED
913,913,6.0,2026-04-21 18:38:04.246205,2026-04-21 18:38:04.380850,0 days 00:00:00.134645,-36.80889695643191,21.19859587875503,34.37474254793639,100.0,42.50088561001163,29.503235454230705,-60.34224565767981,45.982768958199884,57.58659658200584,27.93685343573139,3.2793041098686118,66.2485745137691,Unfeasible shape,GPSampler,PRUNED
914,914,6.0,2026-04-21 18:38:04.528261,2026-04-21 18:38:04.654629,0 days 00:00:00.126368,-36.77261478283833,21.169070562925917,34.7929973844188,100.0,42.72215576002487,29.038037014554106,-60.475183353915796,45.99969359900638,57.179593640173174,28.55008145517952,3.0766946265166766,65.66680866656235,Unfeasible shape,GPSampler,PRUNED
915,915,6.0,2026-04-21 18:38:04.820454,2026-04-21 18:38:04.946690,0 days 00:00:00.126236,-36.73307459147734,21.223394584906025,34.89287120124187,100.0,42.6358697367878,29.070083507890814,-60.403637018579104,46.015727174435256,57.21895641861241,28.47044123393211,3.1461582340088725,65.58327840260813,Unfeasible shape,GPSampler,PRUNED
916,916,6.0,2026-04-21 18:38:05.083004,2026-04-21 18:38:05.209032,0 days 00:00:00.126028,-36.870369251728306,21.218581305357276,34.510550024480025,100.0,42.94668655872301,28.83376852982078,-60.16970932403515,45.8006762401019,57.22595601838163,28.51549430397407,3.169310587589493,66.00093634515531,Unfeasible shape,GPSampler,PRUNED
917,917,6.0,2026-04-21 18:38:05.343647,2026-04-21 18:38:05.486092,0 days 00:00:00.142445,-36.81736379063949,20.43233828393795,34.799907993230505,100.0,42.576405391345766,28.809904644527755,-60.3168339096888,45.77905113604057,57.106619632704614,28.407961658340238,3.0694629344615834,65.7718771007083,Unfeasible shape,GPSampler,PRUNED
918,918,6.0,2026-04-21 18:38:05.621768,2026-04-21 18:38:05.781370,0 days 00:00:00.159602,-36.77601825315861,20.485951653115848,35.394269545314145,100.0,42.477276739638235,28.540072313725418,-60.31633677124302,46.12961537128341,57.192267632414485,28.538948401388545,3.0197791575598103,65.66804008377625,Unfeasible shape,GPSampler,PRUNED
919,919,6.0,2026-04-21 18:38:05.950454,2026-04-21 18:38:06.060044,0 days 00:00:00.109590,-36.77774170287559,21.022962318536784,34.95734367934514,100.0,42.71420699803588,29.064468930213543,-60.31115992340729,46.031716071093506,57.10596015771851,28.35283071782689,3.1179851868531827,65.69513145683418,Unfeasible shape,GPSampler,PRUNED
920,920,6.0,2026-04-21 18:38:06.258656,2026-04-21 18:38:06.448799,0 days 00:00:00.190143,-36.81020473767501,20.765987610289656,34.99420458793831,100.0,42.48772603579142,29.437212538000715,-60.18575300327919,46.190100858820806,57.22968203239874,28.079733668597672,3.1906353135481638,65.57066022012536,Unfeasible shape,GPSampler,PRUNED
921,921,6.0,2026-04-21 18:38:06.645817,2026-04-21 18:38:06.788192,0 days 00:00:00.142375,-36.76141782821075,21.280680777458286,34.65125023279177,100.0,42.632903470719306,29.062537937036026,-60.681835931062544,45.97104036870576,57.2015514399152,28.44254948912807,3.0707470898538958,65.70851549001979,Unfeasible shape,GPSampler,PRUNED
922,922,6.0,2026-04-21 18:38:06.954458,2026-04-21 18:38:07.113075,0 days 00:00:00.158617,-36.78485316512372,21.014500074343054,34.68544838834258,100.0,42.64437699948643,29.146627490502638,-60.368101453629606,46.026967555318244,57.241232091056254,28.233057184695134,3.142851093019935,65.78648018553636,Unfeasible shape,GPSampler,PRUNED
923,923,6.0,2026-04-21 18:38:07.270470,2026-04-21 18:38:07.427944,0 days 00:00:00.157474,-36.67325399574131,21.180028614149997,35.43205106281947,100.0,42.78132864478645,29.081420567532362,-60.26898591194522,46.06456337761319,57.02760618623921,28.571166633464507,3.023304092087841,65.45689723396806,Unfeasible shape,GPSampler,PRUNED
924,924,6.0,2026-04-21 18:38:07.610163,2026-04-21 18:38:07.736464,0 days 00:00:00.126301,-36.81326182016863,20.865870656262082,34.89620022298438,100.0,42.652227210934655,29.04629188805763,-60.300971482740984,45.98353141133434,57.0879000966986,28.45024051351912,3.0822984937676026,65.60739351332363,Unfeasible shape,GPSampler,PRUNED
925,925,6.0,2026-04-21 18:38:07.908894,2026-04-21 18:38:08.019688,0 days 00:00:00.110794,-36.794828716296976,21.074644380319462,34.629667748876145,100.0,42.60261173652414,29.178829342098,-60.42657435212014,46.04636655951396,57.29941809924685,28.401549906487904,3.094518302498969,65.71983124547498,Unfeasible shape,GPSampler,PRUNED
926,926,6.0,2026-04-21 18:38:08.155758,2026-04-21 18:38:08.298342,0 days 00:00:00.142584,-36.87740393521203,20.65824302840464,35.02786313615525,100.0,43.20734935798305,28.696157017078974,-60.2615830148066,45.594716411536425,56.81215842140404,28.461236603839993,3.052246133902017,65.41933947498782,Unfeasible shape,GPSampler,PRUNED
927,927,6.0,2026-04-21 18:38:08.552070,2026-04-21 18:38:08.694065,0 days 00:00:00.141995,-36.81743682462607,21.035312929552518,34.964156046016484,100.0,42.477098037188476,29.006822690040416,-60.2431001624569,46.062630568270265,57.209147436618636,28.446288549504686,3.0898473829947832,65.57264661015132,Unfeasible shape,GPSampler,PRUNED
928,928,6.0,2026-04-21 18:38:08.844816,2026-04-21 18:38:09.003560,0 days 00:00:00.158744,-36.893155102072676,20.983630864051747,35.00426975526889,100.0,42.68298406705021,29.453157202053553,-60.287595620566435,45.83373415126443,57.22059873740809,28.828120355855773,3.066972417253389,65.70141983148363,Unfeasible shape,GPSampler,PRUNED
929,929,6.0,2026-04-21 18:38:09.138415,2026-04-21 18:38:09.249675,0 days 00:00:00.111260,-36.69511028553771,20.976777288129753,34.83026100682356,100.0,42.63002542796868,28.941278835574103,-60.4574569279803,46.1431163209927,56.995348501840596,28.39033507377408,3.1434974483151734,65.86622118938682,Unfeasible shape,GPSampler,PRUNED
930,930,6.0,2026-04-21 18:38:09.388616,2026-04-21 18:38:09.515846,0 days 00:00:00.127230,-36.52539743145845,21.25310195918994,33.83395753554665,100.0,42.58804673313683,29.81427425384151,-60.82591801667853,46.63375729770227,57.03829857921492,28.48217300383461,3.3369618082881445,66.36057597779302,Unfeasible shape,GPSampler,PRUNED
931,931,6.0,2026-04-21 18:38:09.686602,2026-04-21 18:38:09.838980,0 days 00:00:00.152378,-36.762282063483426,21.16208741158672,34.75772079909819,100.0,42.67289759927468,29.0635920553227,-60.42178423034564,45.95986192522495,57.18569155750599,28.454444267203975,3.106927961461089,65.74404477240064,Unfeasible shape,GPSampler,PRUNED
932,932,6.0,2026-04-21 18:38:09.988186,2026-04-21 18:38:10.115740,0 days 00:00:00.127554,-36.7253995541944,21.00556549250689,34.79802665432017,100.0,42.66323703506061,29.093889684606722,-60.418135788013515,45.9537435046036,57.15917258146701,28.442809606588856,3.1069080872556256,65.7140709019851,Unfeasible shape,GPSampler,PRUNED
933,933,6.0,2026-04-21 18:38:10.281018,2026-04-21 18:38:10.407075,0 days 00:00:00.126057,-36.7426601891914,20.680312327510844,35.203292605729494,100.0,42.813129517255675,29.657866038764283,-59.978877028775955,45.91421484718694,56.97018312993989,28.26739630818838,3.1274522273230474,66.09718494711923,Unfeasible shape,GPSampler,PRUNED
934,934,6.0,2026-04-21 18:38:10.579627,2026-04-21 18:38:10.722068,0 days 00:00:00.142441,-36.87295440866548,20.838071586787777,34.45891273455538,100.0,42.97037604128495,29.25842843951387,-60.45676852535156,46.019558405210375,57.12049710586746,28.136153859403652,3.2184005591940874,65.97329133414188,Unfeasible shape,GPSampler,PRUNED
935,935,6.0,2026-04-21 18:38:10.877953,2026-04-21 18:38:11.042647,0 days 00:00:00.164694,-36.83662898050754,20.84598357815222,34.91855868245028,100.0,42.930522575198296,29.144705647992872,-60.39074475649174,45.84265006121449,57.007371001744445,28.253355146117336,3.1773014006131746,65.88604767083052,Unfeasible shape,GPSampler,PRUNED
936,936,6.0,2026-04-21 18:38:11.175193,2026-04-21 18:38:11.327833,0 days 00:00:00.152640,-36.822985822832585,21.11425544666615,34.74499229763863,100.0,42.77957121358498,28.9030498171521,-60.34665976715168,45.890790150328584,57.18062403736243,28.57984702236431,3.1030187901406663,65.65720928273147,Unfeasible shape,GPSampler,PRUNED
937,937,6.0,2026-04-21 18:38:11.514051,2026-04-21 18:38:11.632885,0 days 00:00:00.118834,-36.71828485077772,20.877995686709248,34.88105389353234,100.0,42.86276253296009,29.039244086749683,-60.23851096710156,45.999850238280445,57.15952891027804,28.295682679143763,3.098100122459911,65.57027779873533,Unfeasible shape,GPSampler,PRUNED
938,938,6.0,2026-04-21 18:38:11.804337,2026-04-21 18:38:11.938232,0 days 00:00:00.133895,-36.82273539381315,20.954166454118216,34.56906571066262,100.0,42.5316633593792,29.067663620719273,-60.58808325046855,46.00498448455403,57.35381712071749,28.258504502421225,3.0930259767260964,65.66297146411306,Unfeasible shape,GPSampler,PRUNED
939,939,6.0,2026-04-21 18:38:12.076085,2026-04-21 18:38:12.238628,0 days 00:00:00.162543,-36.73500166257426,20.760698326866184,34.77743209101284,100.0,42.793067482321085,28.857804867373403,-60.26256768097009,46.13204184725717,57.169695838615645,28.51053706163454,3.0734957552665563,65.76164925321616,Unfeasible shape,GPSampler,PRUNED
940,940,6.0,2026-04-21 18:38:12.381143,2026-04-21 18:38:12.541259,0 days 00:00:00.160116,-36.79356269655835,21.360792188416085,34.51136686342755,100.0,42.82959719902905,29.152542255486637,-60.44566739401952,45.8951114588667,57.2766444827273,28.41038365705547,3.200599065060672,65.94793391244475,Unfeasible shape,GPSampler,PRUNED
941,941,6.0,2026-04-21 18:38:12.694108,2026-04-21 18:38:12.836792,0 days 00:00:00.142684,-36.78094652886336,21.1313533121017,34.73185404961009,100.0,42.74746640029516,29.16006077701274,-60.356784675507015,45.833709448591605,57.12514442983481,28.573113545336053,3.1198956179037225,65.82066479621562,Unfeasible shape,GPSampler,PRUNED
942,942,6.0,2026-04-21 18:38:13.119175,2026-04-21 18:38:13.259844,0 days 00:00:00.140669,-36.84516930371828,20.819070447826707,34.65456873588742,100.0,42.53006471913007,28.953279801267243,-60.190696752183584,46.255039699954295,57.402313465616764,28.19195860503907,3.0688314375304273,65.79412159255469,Unfeasible shape,GPSampler,PRUNED
943,943,6.0,2026-04-21 18:38:13.405882,2026-04-21 18:38:13.542767,0 days 00:00:00.136885,-36.796173508649225,20.97217044244507,34.972110970325055,100.0,42.721281346259104,28.90847916664346,-60.3521605359673,45.86620462953178,57.04636748743331,28.56521814609163,3.0802423805773387,65.59069680639391,Unfeasible shape,GPSampler,PRUNED
944,944,6.0,2026-04-21 18:38:13.718846,2026-04-21 18:38:13.877782,0 days 00:00:00.158936,-36.85173393544363,20.97068295390837,34.7569244140231,100.0,42.72550570250405,29.09511351123018,-60.220690759123,45.80675972943824,57.173579324409815,28.327457301215624,3.1339585691665874,65.71972313764137,Unfeasible shape,GPSampler,PRUNED
945,945,6.0,2026-04-21 18:38:14.042747,2026-04-21 18:38:14.182781,0 days 00:00:00.140034,-36.700590651585635,20.707355608358135,35.20961162331109,100.0,42.99854661049578,29.40431643264173,-60.34126499053246,45.67629944260505,56.89501199594487,28.67287783713147,3.125123397575649,65.53025173845091,Unfeasible shape,GPSampler,PRUNED
946,946,6.0,2026-04-21 18:38:14.320463,2026-04-21 18:38:14.436232,0 days 00:00:00.115769,-36.712005254892986,21.05331143906221,34.973373672442726,100.0,42.82156143753605,29.00467385218645,-60.47159628646865,45.6429712454125,57.11403636921207,28.262395760657014,3.1071717793046787,65.58704309519212,Unfeasible shape,GPSampler,PRUNED
947,947,6.0,2026-04-21 18:38:14.576154,2026-04-21 18:38:14.700199,0 days 00:00:00.124045,-36.66843069776531,20.95254353344532,34.71135822278209,100.0,42.60748738340668,29.745714781139384,-60.43952584050547,45.36931718495148,56.819091787943414,28.463259773943168,3.2543887059836223,65.82099630739259,Unfeasible shape,GPSampler,PRUNED
948,948,6.0,2026-04-21 18:38:14.839972,2026-04-21 18:38:14.956857,0 days 00:00:00.116885,-36.784298653193915,20.97940701176204,34.97267616430558,100.0,42.77590491263189,29.14087792136786,-60.30270640535653,45.869658773658784,57.289295304473164,28.397841746914953,3.0788831511966777,65.67351569088864,Unfeasible shape,GPSampler,PRUNED
949,949,6.0,2026-04-21 18:38:15.109911,2026-04-21 18:38:15.263732,0 days 00:00:00.153821,-36.77098787241537,20.823138607890108,34.88188241296879,100.0,42.561994885405376,28.988861224790156,-60.30408307658205,46.02640909628095,57.163720806318935,28.411135661497728,3.0979106225442052,65.66741770367213,Unfeasible shape,GPSampler,PRUNED
950,950,6.0,2026-04-21 18:38:15.420202,2026-04-21 18:38:15.571130,0 days 00:00:00.150928,-36.73936414588913,20.7041816407728,34.74531631531235,100.0,42.50484912712519,28.71707083226677,-60.389556255388115,45.897192961207736,57.0837053320915,28.48908469069681,3.137179702364712,65.69532726552465,Unfeasible shape,GPSampler,PRUNED
951,951,6.0,2026-04-21 18:38:15.727441,2026-04-21 18:38:15.878274,0 days 00:00:00.150833,-36.85988719846073,21.132582679417123,35.03896787175857,100.0,43.122935128233536,28.899445523402328,-60.21713439567051,45.76703264868729,57.08872569528368,28.25281507828443,3.1086370329552224,65.60528617504853,Unfeasible shape,GPSampler,PRUNED
952,952,6.0,2026-04-21 18:38:16.017840,2026-04-21 18:38:16.142427,0 days 00:00:00.124587,-36.93803181755552,20.81230428253253,34.7025320308518,100.0,42.720977994077884,29.312749956961248,-60.63371010559685,45.806683368424686,57.11477578788714,28.558161582150273,3.126826706163719,65.75872963531097,Unfeasible shape,GPSampler,PRUNED
953,953,6.0,2026-04-21 18:38:16.300000,2026-04-21 18:38:16.441449,0 days 00:00:00.141449,-36.77713669220416,21.15053644332379,34.87949934987155,100.0,42.920048113592394,29.055843388832685,-60.26745880374024,45.9753525348269,57.18003611612834,28.44371786816887,3.1505019444012063,65.77490827771356,Unfeasible shape,GPSampler,PRUNED
954,954,6.0,2026-04-21 18:38:16.630305,2026-04-21 18:38:16.777198,0 days 00:00:00.146893,-36.68246223196358,20.49716301043836,35.08314251889162,100.0,42.65460989554686,29.088125377141758,-60.3025276369892,45.880479662893606,56.92751278848426,28.318156999279584,3.0934979706695813,65.6269710212444,Unfeasible shape,GPSampler,PRUNED
955,955,6.0,2026-04-21 18:38:16.935021,2026-04-21 18:38:17.127280,0 days 00:00:00.192259,-36.75238942115753,20.95752615117386,34.672017644266,100.0,42.70619148829801,29.24946724090195,-60.23944702198336,45.92869269288422,57.28078833858593,28.227954115969265,3.1563130939645134,65.8470494238236,Unfeasible shape,GPSampler,PRUNED
956,956,6.0,2026-04-21 18:38:17.309867,2026-04-21 18:38:17.506830,0 days 00:00:00.196963,-36.89432313809634,21.58874841319563,34.91338026772809,100.0,42.87069425470016,28.936584654144056,-60.350736007529434,45.91807595443317,57.171244379921944,28.379560295597383,3.064975208711587,65.62427842730106,Unfeasible shape,GPSampler,PRUNED
957,957,6.0,2026-04-21 18:38:17.645499,2026-04-21 18:38:17.779763,0 days 00:00:00.134264,-36.6996055769904,21.15124776339725,34.61615057268047,100.0,42.79620358799597,28.88533965166505,-60.43886628556944,45.76765705858751,57.01588595760035,28.538031340678312,3.0734142805634193,65.61151379105983,Unfeasible shape,GPSampler,PRUNED
958,958,6.0,2026-04-21 18:38:17.919798,2026-04-21 18:38:18.095679,0 days 00:00:00.175881,-36.86026855246698,20.939796013089328,34.59403179253982,100.0,42.73747159498907,28.836178894459927,-60.33252856558685,46.02391346827115,57.10155488654794,28.36263338887219,3.0872425295414487,65.70256449922296,Unfeasible shape,GPSampler,PRUNED
959,959,6.0,2026-04-21 18:38:18.323349,2026-04-21 18:38:18.463634,0 days 00:00:00.140285,-36.74778646976618,20.526796550079226,35.34236910661937,100.0,42.792837084813144,28.94755330398899,-60.20794559469567,46.09787669384705,56.999317449084664,28.837426375689684,3.0551869573685977,65.27849151018162,Unfeasible shape,GPSampler,PRUNED
960,960,6.0,2026-04-21 18:38:18.630715,2026-04-21 18:38:18.850157,0 days 00:00:00.219442,-36.74257966015612,21.19616117881072,34.58004201390755,100.0,42.92043371682194,28.950140269819784,-60.701943910117066,45.86760353769833,57.12503435977965,28.749707182509873,3.076854039447568,65.68334502690355,Unfeasible shape,GPSampler,PRUNED
961,961,6.0,2026-04-21 18:38:19.078081,2026-04-21 18:38:19.218215,0 days 00:00:00.140134,-36.76115912594061,21.363912300002006,34.92181975698943,100.0,42.56420120404156,29.286988198439765,-60.41441268234891,45.80414476313113,57.14667153845785,28.297258228666692,3.075230085302053,65.7194750899547,Unfeasible shape,GPSampler,PRUNED
962,962,6.0,2026-04-21 18:38:19.368591,2026-04-21 18:38:19.502432,0 days 00:00:00.133841,-36.91864882004321,20.634723828244567,35.090442428938374,100.0,42.79296679733343,28.458951261845243,-60.5988445318595,45.870867609855445,56.96949700654484,28.779599700043494,3.0026022271933357,65.54492444965324,Unfeasible shape,GPSampler,PRUNED
963,963,6.0,2026-04-21 18:38:19.659165,2026-04-21 18:38:19.802868,0 days 00:00:00.143703,-36.84836609651579,20.961149082705667,34.593045786743446,100.0,43.10121357209393,29.038579470935858,-60.44301246874002,45.687169577914105,57.04359272083442,28.6787126700845,3.180509132483323,65.84465172034949,Unfeasible shape,GPSampler,PRUNED
964,964,6.0,2026-04-21 18:38:20.085452,2026-04-21 18:38:20.199281,0 days 00:00:00.113829,-36.802872939782716,20.94573737128477,34.83360128337088,100.0,42.73456599091195,29.00136010385537,-60.322382361457414,45.95423237703035,57.169620123888244,28.55292467482569,3.114034837111525,65.77329273328974,Unfeasible shape,GPSampler,PRUNED
965,965,6.0,2026-04-21 18:38:20.372455,2026-04-21 18:38:20.510483,0 days 00:00:00.138028,-36.765512973030006,21.105028164390426,34.697545647583226,100.0,42.914069933903654,29.058640595125382,-60.34006261388816,45.87377841524183,57.24570039650853,28.565934771099432,3.1652356463374787,65.62654531172915,Unfeasible shape,GPSampler,PRUNED
