,number,value,datetime_start,datetime_complete,duration,params_lLegPt.rA1,params_lLegPt.rL0,params_lLegPt.rL1,params_lLegPt.rL2,params_lLegPt.x1,params_lLegPt.y1,params_sLegPt.rA1,params_sLegPt.rL0,params_sLegPt.rL1,params_sLegPt.rL2,params_sLegPt.x1,params_sLegPt.y1,user_attrs_prune,system_attrs_auto:sampler,state
2951,2951,6.0,2026-04-21 18:49:40.050315,2026-04-21 18:49:40.215230,0 days 00:00:00.164915,-36.643881733000164,20.913801044778488,34.99796333368737,100.0,42.94125251284514,29.93750619451673,-60.25431614459693,45.69230780471524,57.08384218398904,28.115444150038126,3.140216795679862,65.74986519670348,Unfeasible shape,GPSampler,PRUNED
2952,2952,6.0,2026-04-21 18:49:40.467796,2026-04-21 18:49:40.640752,0 days 00:00:00.172956,-36.670048929975735,20.99256217989433,34.93471695938044,100.0,42.81431464591451,28.871880115811706,-60.090954630549334,45.70936690946272,57.20845271894324,28.499940032912114,3.076903466217381,65.5564915615039,Unfeasible shape,GPSampler,PRUNED
2953,2953,6.0,2026-04-21 18:49:40.958468,2026-04-21 18:49:41.106838,0 days 00:00:00.148370,-36.76399066379565,20.87225467145766,34.72483651148748,100.0,42.802044075438886,29.067073873428683,-60.370573622567754,46.00935214439663,57.27493909178244,28.291028013902793,3.1583097675554157,65.82436779213874,Unfeasible shape,GPSampler,PRUNED
2954,2954,6.0,2026-04-21 18:49:41.270018,2026-04-21 18:49:41.419912,0 days 00:00:00.149894,-36.78368343261203,21.021930344607064,34.65243526915894,100.0,42.875060264510516,29.164758441149324,-60.364409015349324,45.80205107301716,57.22800560353586,28.49100466750788,3.1780177210716474,65.80136952073478,Unfeasible shape,GPSampler,PRUNED
2955,2955,6.0,2026-04-21 18:49:41.587784,2026-04-21 18:49:41.754982,0 days 00:00:00.167198,-36.70451608613572,20.833270549538973,34.78438905889067,100.0,42.797998166765,29.013453460098205,-60.23568569498672,46.01227057520824,57.09315280730585,28.402439771709513,3.106791092232193,65.7071694569067,Unfeasible shape,GPSampler,PRUNED
2956,2956,6.0,2026-04-21 18:49:41.943529,2026-04-21 18:49:42.038693,0 days 00:00:00.095164,-36.779344004657865,20.906843287901076,34.99019897770083,100.0,42.90657285870379,29.063704632426663,-60.20326960110316,45.85840308687402,57.10077628240674,28.404019201603425,3.0955816911070073,65.48208630412778,Unfeasible shape,GPSampler,PRUNED
2957,2957,6.0,2026-04-21 18:49:42.235807,2026-04-21 18:49:42.395285,0 days 00:00:00.159478,-36.8194092724453,21.212203838834082,34.93686771113754,100.0,42.70500853529305,28.63719998681575,-60.409019461254914,45.84184258055625,57.05465366850851,28.58141548718806,3.0834264975393353,65.52121559403122,Unfeasible shape,GPSampler,PRUNED
2958,2958,6.0,2026-04-21 18:49:42.559364,2026-04-21 18:49:42.712018,0 days 00:00:00.152654,-37.11027681980804,20.936780613179174,34.3067470644107,100.0,43.11456014421131,29.504597233718904,-60.12991871192291,45.24782884234604,57.24148362956239,28.556712440785244,3.1193220147925302,66.31804790867771,Unfeasible shape,GPSampler,PRUNED
2959,2959,6.0,2026-04-21 18:49:42.992688,2026-04-21 18:49:43.196383,0 days 00:00:00.203695,-36.838066949488834,20.89783057629606,35.03801528013393,100.0,42.80992052334112,29.007527114032712,-60.1437884549545,46.02950448497725,56.95476457809009,28.481460332368627,3.08872771453715,65.47197079676134,Unfeasible shape,GPSampler,PRUNED
2960,2960,6.0,2026-04-21 18:49:43.424186,2026-04-21 18:49:43.566924,0 days 00:00:00.142738,-36.8109305651212,21.241463535657623,34.64565492918315,100.0,42.762163171222234,28.898447383315357,-60.330586628169,45.990027092428875,57.20079360165241,28.09300399721683,3.091354391006334,65.64975116757084,Unfeasible shape,GPSampler,PRUNED
2961,2961,6.0,2026-04-21 18:49:43.780785,2026-04-21 18:49:44.048522,0 days 00:00:00.267737,-36.724730334467985,21.86154294954339,34.53126059990768,100.0,42.81566791430127,28.877531075815725,-60.39989826896328,46.708097723992914,57.691282605114345,28.6315047325971,3.165649401352553,65.78501564935632,Unfeasible shape,GPSampler,PRUNED
2962,2962,6.0,2026-04-21 18:49:44.246049,2026-04-21 18:49:44.386676,0 days 00:00:00.140627,-36.82755097752342,21.023770990864406,34.7406622206863,100.0,42.684334055133476,29.15823905515488,-60.33999690945147,45.95224580715433,57.28935703216001,28.275032718075895,3.1010171201481285,65.68404337778979,Unfeasible shape,GPSampler,PRUNED
2963,2963,6.0,2026-04-21 18:49:44.565119,2026-04-21 18:49:44.694846,0 days 00:00:00.129727,-36.74695853141622,21.29961556733827,35.013931504433664,100.0,42.83731041749063,28.966427663397667,-60.36450013943536,45.85654928793988,57.00921448183802,28.539589362036228,3.0723732134505255,65.64357862212903,Unfeasible shape,GPSampler,PRUNED
2964,2964,6.0,2026-04-21 18:49:44.866767,2026-04-21 18:49:45.008996,0 days 00:00:00.142229,-37.07063368675625,20.6639243961838,35.052140042985954,99.80088983870569,41.84386279695075,28.816813207106065,-60.26178114396832,45.885085060535445,57.16653048665141,28.66353976871205,3.074923008668833,65.39431566687931,Unfeasible shape,GPSampler,PRUNED
2965,2965,6.0,2026-04-21 18:49:45.213692,2026-04-21 18:49:45.337740,0 days 00:00:00.124048,-36.73962085524898,20.994967289778547,34.854026526543,100.0,42.77766551757277,29.082217153321317,-60.44892465801156,45.88239358006012,57.18995147445065,28.436317491129895,3.1162739498995364,65.71760215845795,Unfeasible shape,GPSampler,PRUNED
2966,2966,6.0,2026-04-21 18:49:45.482827,2026-04-21 18:49:45.645804,0 days 00:00:00.162977,-36.81012914807603,20.617590103888503,34.99085299975746,100.0,42.96120770172526,29.098820638428336,-60.40904335417848,45.82056042742288,57.04702169877416,28.370919210806115,3.083934045225341,65.68650681598159,Unfeasible shape,GPSampler,PRUNED
2967,2967,6.0,2026-04-21 18:49:45.821282,2026-04-21 18:49:46.072957,0 days 00:00:00.251675,-36.77511534973482,21.554529392257624,34.27490193749685,100.0,42.926346193154416,28.719282534367814,-59.800506458233855,46.71869678282789,57.08564916501904,28.362977357210244,3.2131228583216327,65.7501446964512,Unfeasible shape,GPSampler,PRUNED
2968,2968,6.0,2026-04-21 18:49:46.238721,2026-04-21 18:49:46.440482,0 days 00:00:00.201761,-36.76543367887279,20.85697043600203,34.969550063100776,100.0,42.33858180056431,29.31413941432271,-60.29878242124484,46.05959906861519,56.86095040717244,28.7312125966721,3.1428406718933886,65.80602384302334,Unfeasible shape,GPSampler,PRUNED
2969,2969,6.0,2026-04-21 18:49:46.629219,2026-04-21 18:49:46.794709,0 days 00:00:00.165490,-36.80463706988302,20.761819399187935,34.89552886568423,100.0,42.734429045309504,29.054174813177383,-60.173828275380686,46.02900595437753,57.1355518231653,28.216902240992844,3.113406456679307,65.70929694222173,Unfeasible shape,GPSampler,PRUNED
2970,2970,6.0,2026-04-21 18:49:46.976462,2026-04-21 18:49:47.176225,0 days 00:00:00.199763,-36.76994809692893,21.02081583162463,34.81597843220503,100.0,42.73742497714942,28.98379266317096,-60.35597243544321,45.82208811330574,57.16407472924006,28.596295228147028,3.132909272778221,65.61067350778087,Unfeasible shape,GPSampler,PRUNED
2971,2971,6.0,2026-04-21 18:49:47.378024,2026-04-21 18:49:47.526841,0 days 00:00:00.148817,-36.88392993957917,21.002269287774304,34.809736790349035,100.0,42.62904206967515,28.968425006237126,-60.169285746019604,45.983031211858886,57.199319273883106,28.552426569042805,3.1165152961468436,65.78973717708257,Unfeasible shape,GPSampler,PRUNED
2972,2972,6.0,2026-04-21 18:49:47.783197,2026-04-21 18:49:47.940631,0 days 00:00:00.157434,-36.88607066671403,20.69255007389105,34.69030223727903,100.0,42.937369945769795,29.015163981836935,-60.428786259213155,45.58114861503407,56.98440937852021,28.508951750732013,3.1742492306987558,65.8019165363583,Unfeasible shape,GPSampler,PRUNED
2973,2973,6.0,2026-04-21 18:49:48.108989,2026-04-21 18:49:48.246814,0 days 00:00:00.137825,-36.80039287913961,20.95802618603865,34.75464383117583,100.0,42.78353938675794,29.101389555866604,-60.355003349812165,45.963652999356185,57.19423912803242,28.407268311419948,3.12256078755982,65.71897212255229,Unfeasible shape,GPSampler,PRUNED
2974,2974,6.0,2026-04-21 18:49:48.418037,2026-04-21 18:49:48.568987,0 days 00:00:00.150950,-36.616482320187345,21.11790420548689,34.41308646861179,100.0,42.956524123211466,29.31956633433993,-60.03642860418371,45.94462452757236,57.02247516272141,28.430873091802425,3.156419429589377,65.81595079743427,Unfeasible shape,GPSampler,PRUNED
2975,2975,6.0,2026-04-21 18:49:48.795986,2026-04-21 18:49:48.941035,0 days 00:00:00.145049,-36.66461396387346,21.44411046409119,33.87397565678074,100.0,42.837595529052976,29.110724553065772,-60.2821470092931,46.324678512454476,57.12466097270122,28.32739241425124,3.1958503014997817,66.26177221533194,Unfeasible shape,GPSampler,PRUNED
2976,2976,6.0,2026-04-21 18:49:49.118956,2026-04-21 18:49:49.234436,0 days 00:00:00.115480,-36.787570986077405,21.240047913308864,35.07837823223871,100.0,42.74124474796395,28.857048796791368,-60.2542134292396,46.06388075052991,57.081617073025804,28.599671224478122,3.0933799504875594,65.68436702363267,Unfeasible shape,GPSampler,PRUNED
2977,2977,6.0,2026-04-21 18:49:49.404184,2026-04-21 18:49:49.653597,0 days 00:00:00.249413,-36.529672759803326,20.706827973962213,35.050169800265756,100.0,42.56595548586672,28.82580371505484,-60.33138599294412,45.59898125917752,57.40247327468183,28.823052151404124,3.1083061102455574,65.48124687035158,Unfeasible shape,GPSampler,PRUNED
2978,2978,6.0,2026-04-21 18:49:49.826812,2026-04-21 18:49:50.025894,0 days 00:00:00.199082,-36.758528975761884,21.57266546513289,33.89472697181688,100.0,43.201322459250036,29.204513683315582,-60.500009095791214,45.92082310205737,57.35780711089136,27.60220006148137,3.2404805543196176,66.13161751201419,Unfeasible shape,GPSampler,PRUNED
2979,2979,6.0,2026-04-21 18:49:50.196390,2026-04-21 18:49:50.365702,0 days 00:00:00.169312,-36.76234074612823,20.864677067520127,34.60700349584546,100.0,42.79710693511971,28.96455335970355,-60.39146222884196,46.04798699240792,57.197572209754796,28.527656943938965,3.144576647670654,65.84623466937542,Unfeasible shape,GPSampler,PRUNED
2980,2980,6.0,2026-04-21 18:49:50.573830,2026-04-21 18:49:50.747048,0 days 00:00:00.173218,-36.666068688939276,20.897554892731854,34.71827993633627,100.0,42.54364328828225,29.013322442949615,-60.56804388964855,45.85383307736086,57.35491974550207,28.617370979689863,3.1684072900549296,65.8327336443407,Unfeasible shape,GPSampler,PRUNED
2981,2981,6.0,2026-04-21 18:49:50.921573,2026-04-21 18:49:51.071786,0 days 00:00:00.150213,-36.59390611749487,21.017134985638272,34.74334594622333,100.0,42.09596578815686,29.377126646607294,-60.64431321527219,45.65694754364778,56.81160357134063,27.398692293104027,3.1857544224899286,65.69453954506548,Unfeasible shape,GPSampler,PRUNED
2982,2982,6.0,2026-04-21 18:49:51.286101,2026-04-21 18:49:51.441005,0 days 00:00:00.154904,-36.791905747586085,21.1493070367529,34.917827904935564,100.0,43.046259700703516,29.001527799453697,-60.410676766168535,45.976683751847204,56.78471407016088,27.979504731658224,3.0019984536816793,64.91794091655561,Unfeasible shape,GPSampler,PRUNED
2983,2983,6.0,2026-04-21 18:49:51.609477,2026-04-21 18:49:51.765250,0 days 00:00:00.155773,-36.75034990847414,21.05656343235621,34.88830142481547,100.0,42.95899543110644,28.995394549291333,-60.291214983430656,45.9109243920873,57.07415845343568,28.23972047244963,3.090333318307934,65.76381083464426,Unfeasible shape,GPSampler,PRUNED
2984,2984,6.0,2026-04-21 18:49:51.923752,2026-04-21 18:49:52.066107,0 days 00:00:00.142355,-36.5516243813318,21.3716932872848,34.54918176917027,100.0,42.465706610847064,29.482267284899763,-60.14086106662415,46.52132485889864,57.18835099412983,27.306205184550567,3.201613360440021,66.13001704285777,Unfeasible shape,GPSampler,PRUNED
2985,2985,6.0,2026-04-21 18:49:52.231285,2026-04-21 18:49:52.384407,0 days 00:00:00.153122,-36.77051735492187,21.180751906908583,34.32363800034415,100.0,42.91001111631753,29.559359056843597,-60.572964846939456,45.927177287650004,57.089765767627064,28.414017001334717,3.2892336160781355,66.21849506633332,Unfeasible shape,GPSampler,PRUNED
2986,2986,6.0,2026-04-21 18:49:52.553438,2026-04-21 18:49:52.788219,0 days 00:00:00.234781,-36.81334689457421,21.10664738757263,34.67826325066656,100.0,42.813870442143916,29.020808073142845,-60.34173280899709,45.89498033715761,57.15346184858793,28.51421430089699,3.112283802894737,65.82085154516892,Unfeasible shape,GPSampler,PRUNED
2987,2987,6.0,2026-04-21 18:49:53.040795,2026-04-21 18:49:53.209282,0 days 00:00:00.168487,-36.772651772726945,21.001726204918373,34.52484259242799,100.0,42.729172013442245,29.10688229976809,-60.441013633074235,46.00567861483799,57.2109883074706,28.317144846169143,3.1258414135953316,65.72628504878804,Unfeasible shape,GPSampler,PRUNED
2988,2988,6.0,2026-04-21 18:49:53.388904,2026-04-21 18:49:53.539494,0 days 00:00:00.150590,-36.770861131300876,21.012957046821946,34.519914398973484,100.0,42.793581886243544,29.165327191109142,-60.45145524677317,45.936324459712964,57.13424771496298,28.355232910098348,3.1191924053509794,65.78410097793471,Unfeasible shape,GPSampler,PRUNED
2989,2989,6.0,2026-04-21 18:49:53.819229,2026-04-21 18:49:53.961170,0 days 00:00:00.141941,-36.97010731538171,21.303244913600764,34.59153031756039,100.0,42.7276891403416,28.867609920383146,-60.68090046575128,45.6864358131157,57.09813881795156,28.545833785229036,3.170359374161734,65.49203011338564,Unfeasible shape,GPSampler,PRUNED
2990,2990,6.0,2026-04-21 18:49:54.159443,2026-04-21 18:49:54.357253,0 days 00:00:00.197810,-36.81633128208779,21.00347271479766,34.859303766755104,100.0,42.895629793576155,29.101646865118852,-60.31178888222367,45.92497375101274,57.31415858422799,28.730843050912046,3.1164073854211054,65.64649150084924,Unfeasible shape,GPSampler,PRUNED
2991,2991,6.0,2026-04-21 18:49:54.515794,2026-04-21 18:49:54.715068,0 days 00:00:00.199274,-36.7876035989121,21.27639854272476,34.67465930086837,100.0,42.72408751945467,28.817080525146416,-60.49583122897069,46.17892935371847,57.203412584491,28.816467990494665,3.066297736665291,65.64386498883543,Unfeasible shape,GPSampler,PRUNED
2992,2992,6.0,2026-04-21 18:49:54.907849,2026-04-21 18:49:55.050821,0 days 00:00:00.142972,-36.855431370321966,20.962794333752782,34.686126123752814,100.0,42.72310188994034,28.960009061473826,-60.293059189301275,45.90373041344265,57.19286260387062,28.55961699177971,3.13039600414821,65.82290330746716,Unfeasible shape,GPSampler,PRUNED
2993,2993,6.0,2026-04-21 18:49:55.192110,2026-04-21 18:49:55.353149,0 days 00:00:00.161039,-36.75734635823751,21.154291568599053,34.9589857754701,100.0,42.763484247789016,28.99517103488685,-60.36697539872469,45.87819293879008,57.104146676276756,28.559968815774713,3.0988848227900334,65.66975103387337,Unfeasible shape,GPSampler,PRUNED
2994,2994,6.0,2026-04-21 18:49:55.588323,2026-04-21 18:49:55.760246,0 days 00:00:00.171923,-36.95666946687125,20.976642622082014,34.85566707373208,100.0,43.01748306084479,29.00803787719527,-60.54067015271552,45.96339266410127,57.069760813234,28.43163234252463,2.9826893166342643,65.34434198029162,Unfeasible shape,GPSampler,PRUNED
2995,2995,6.0,2026-04-21 18:49:55.961063,2026-04-21 18:49:56.094971,0 days 00:00:00.133908,-36.80042339316663,21.18419127346835,34.957606708745715,100.0,42.685843057375635,28.71470284251084,-60.47803680672337,46.001807303631736,57.16296459793743,28.57004987721149,3.075680554674072,65.59745117260998,Unfeasible shape,GPSampler,PRUNED
2996,2996,6.0,2026-04-21 18:49:56.299302,2026-04-21 18:49:56.466980,0 days 00:00:00.167678,-36.92426670892983,21.0585702616091,35.03110264830867,100.0,42.38550379608545,28.95331484747946,-60.45144905967116,45.70357728744948,57.513892458651135,28.936516105328177,2.932802377938529,65.40914449431178,Unfeasible shape,GPSampler,PRUNED
2997,2997,6.0,2026-04-21 18:49:56.667161,2026-04-21 18:49:56.870560,0 days 00:00:00.203399,-36.75631757686384,20.663667943107765,34.77581453047841,100.0,42.90352444776399,29.029628555550296,-60.36369053778192,45.88217649993316,57.00269780030698,28.425175776781874,3.0929979037869586,65.60605197743759,Unfeasible shape,GPSampler,PRUNED
2998,2998,6.0,2026-04-21 18:49:57.067492,2026-04-21 18:49:57.232955,0 days 00:00:00.165463,-36.93561053778232,21.24622912657417,34.74282306145885,100.0,42.8071565532554,29.109536887554867,-60.55396468952924,46.075240278857976,57.00138103174378,28.624358567390818,3.0472397878754975,65.54777906325178,Unfeasible shape,GPSampler,PRUNED
2999,2999,6.0,2026-04-21 18:49:57.407822,2026-04-21 18:49:57.534101,0 days 00:00:00.126279,-36.777552968893495,21.081805576896414,34.81597865818759,100.0,42.72070999766781,29.22765412245773,-60.29731889031693,45.970370921685095,57.25976544017817,28.235948606394263,3.1507889097847652,65.87176407027492,Unfeasible shape,GPSampler,PRUNED
3000,3000,6.0,2026-04-21 18:49:57.719685,2026-04-21 18:49:57.845894,0 days 00:00:00.126209,-36.979029680408175,20.778985410256826,34.72378597896289,100.0,42.128576535101864,28.399325066218672,-60.43347873800167,45.737584372899846,57.06257318478268,28.652731716555216,3.106035708853568,66.00943927029637,Unfeasible shape,GPSampler,PRUNED
3001,3001,6.0,2026-04-21 18:49:58.137464,2026-04-21 18:49:58.283845,0 days 00:00:00.146381,-36.78113493596463,21.017648840805464,34.684044596943835,100.0,42.77007260751154,29.107390454605415,-60.35950820029649,45.78144425603014,57.01463276574215,28.29037368461881,3.1541282233536805,65.74734538355571,Unfeasible shape,GPSampler,PRUNED
3002,3002,6.0,2026-04-21 18:49:58.457870,2026-04-21 18:49:58.590769,0 days 00:00:00.132899,-36.84834933775415,20.796507889512654,34.94397570006277,100.0,42.497130532000284,29.242590704277696,-60.51826470795322,45.71995079845772,57.019307871785884,28.606369341853444,3.168072499428561,65.56648358939802,Unfeasible shape,GPSampler,PRUNED
3003,3003,6.0,2026-04-21 18:49:58.770803,2026-04-21 18:49:58.916251,0 days 00:00:00.145448,-36.75172065282558,20.82779273960867,34.9910632660185,100.0,43.04378939582456,29.108505888150802,-60.26870474405939,45.67052214459263,57.11011763405454,28.36740316425482,3.1270947533365288,65.56430109961765,Unfeasible shape,GPSampler,PRUNED
3004,3004,6.0,2026-04-21 18:49:59.142014,2026-04-21 18:49:59.282137,0 days 00:00:00.140123,-36.78881720706309,20.853758188444008,34.86048699861487,100.0,42.68433384985864,28.91297052196758,-60.38477046211358,45.92837549955248,57.17768094437741,28.474275093364938,3.08595665676075,65.6134085751741,Unfeasible shape,GPSampler,PRUNED
3005,3005,6.0,2026-04-21 18:49:59.449133,2026-04-21 18:49:59.599691,0 days 00:00:00.150558,-36.79438687180502,20.891236259018754,35.09746473236126,100.0,43.00364543634771,29.052773300244,-60.164177370838885,45.680869231398276,56.970647869320715,28.838603800626938,3.1334083045477,65.7672580924725,Unfeasible shape,GPSampler,PRUNED
3006,3006,6.0,2026-04-21 18:49:59.778217,2026-04-21 18:49:59.912263,0 days 00:00:00.134046,-36.6840569996677,20.807796419561484,34.60268513875445,100.0,42.765896738819805,29.002095814247397,-60.19915652164178,45.82654326790497,57.0150552928654,28.541735006902698,3.1254980916808677,65.54711292177932,Unfeasible shape,GPSampler,PRUNED
3007,3007,6.0,2026-04-21 18:50:00.084035,2026-04-21 18:50:00.231457,0 days 00:00:00.147422,-36.61833323100267,21.07238290688541,34.744479493543075,100.0,42.5890951561335,29.12981908085088,-60.6344381509123,45.740128763432146,57.008570737722565,28.211323864151375,3.077199853303611,65.669199878504,Unfeasible shape,GPSampler,PRUNED
3008,3008,6.0,2026-04-21 18:50:00.436256,2026-04-21 18:50:00.573340,0 days 00:00:00.137084,-36.84410908496681,19.957138040647827,35.175909617723946,100.0,42.96534467485262,28.90470743912436,-60.46618598552267,45.94746457860338,56.85120719769603,29.611909392790405,3.0820554976811607,65.56033592201014,Unfeasible shape,GPSampler,PRUNED
3009,3009,6.0,2026-04-21 18:50:00.756961,2026-04-21 18:50:00.917001,0 days 00:00:00.160040,-36.65458304262667,20.79782074917128,35.17467291306936,100.0,42.87018569323154,28.829083403857382,-60.30766277704805,45.99805685271914,56.97871062777988,28.458117396593806,3.0765807627774464,65.3973199586419,Unfeasible shape,GPSampler,PRUNED
3010,3010,6.0,2026-04-21 18:50:01.094095,2026-04-21 18:50:01.201728,0 days 00:00:00.107633,-36.69343080533747,21.090176156545294,34.65508770623072,100.0,42.63383526908839,29.26305103410435,-60.615249559052465,45.94796865096594,57.25697002094174,28.324750261717995,3.1354611688000418,65.78869118252204,Unfeasible shape,GPSampler,PRUNED
3011,3011,6.0,2026-04-21 18:50:01.397888,2026-04-21 18:50:01.554101,0 days 00:00:00.156213,-36.51865157959207,20.618304568200855,34.93574421364193,100.0,42.84094634555378,28.775080872247095,-60.367879258720976,45.28222983780481,57.39893831941251,28.725547539017704,3.2075064627043943,65.46550682900781,Unfeasible shape,GPSampler,PRUNED
3012,3012,6.0,2026-04-21 18:50:01.705968,2026-04-21 18:50:01.869509,0 days 00:00:00.163541,-36.764693696547866,21.00939991093697,34.84270474204766,100.0,42.793973936200615,29.021813729650106,-60.37391854594462,45.96506191470886,57.0787796273454,28.423528411948677,3.091667627099987,65.5825315357442,Unfeasible shape,GPSampler,PRUNED
3013,3013,6.0,2026-04-21 18:50:02.044242,2026-04-21 18:50:02.188278,0 days 00:00:00.144036,-36.80042823287226,21.239478613127726,34.33311336281087,100.0,42.5814326565415,29.380388118607556,-60.75865571479224,45.95044641012364,57.39194552789441,28.027110225779612,3.2159997377474525,65.93466761154168,Unfeasible shape,GPSampler,PRUNED
3014,3014,6.0,2026-04-21 18:50:02.360093,2026-04-21 18:50:02.518997,0 days 00:00:00.158904,-36.76801431169532,21.20764777874557,34.59113968334991,100.0,42.712861698331544,29.005844511588343,-60.44429926050914,45.91516289313664,57.20295453217065,28.48956207695673,3.1100356534508578,65.7340548258961,Unfeasible shape,GPSampler,PRUNED
