,number,value,datetime_start,datetime_complete,duration,params_lLegPt.rA1,params_lLegPt.rL0,params_lLegPt.rL1,params_lLegPt.rL2,params_lLegPt.x1,params_lLegPt.y1,params_sLegPt.rA1,params_sLegPt.rL0,params_sLegPt.rL1,params_sLegPt.rL2,params_sLegPt.x1,params_sLegPt.y1,user_attrs_prune,system_attrs_auto:sampler,state
1543,1543,6.0,2026-04-21 18:41:35.394627,2026-04-21 18:41:35.531818,0 days 00:00:00.137191,-36.760809654994844,20.96338536757757,34.754475496430146,100.0,42.50237195172407,29.06898281726035,-60.342352457638015,45.95142128035154,57.189021512422485,28.365774356270204,3.14828554595789,65.64394650778034,Unfeasible shape,GPSampler,PRUNED
1544,1544,6.0,2026-04-21 18:41:35.703797,2026-04-21 18:41:35.845749,0 days 00:00:00.141952,-36.90536174430673,20.728764619166732,34.719111452798685,100.0,42.75141213918449,29.094022667693196,-60.42306283692879,45.418104409778174,56.85876425318339,28.502244986862397,3.1986116297242333,65.84797010577681,Unfeasible shape,GPSampler,PRUNED
1545,1545,6.0,2026-04-21 18:41:35.999410,2026-04-21 18:41:36.153912,0 days 00:00:00.154502,-36.81939940988258,20.8761689752942,34.939528238633244,100.0,42.76385408590615,29.224513837032816,-60.394968802581076,45.766502129499784,57.21368395509542,28.32592287060859,3.135558821203766,65.53462616618192,Unfeasible shape,GPSampler,PRUNED
1546,1546,6.0,2026-04-21 18:41:36.328986,2026-04-21 18:41:36.496232,0 days 00:00:00.167246,-36.575893517940024,20.630260997222983,34.3743474088363,100.0,42.72831996826761,29.34533714358315,-60.44898094341963,46.34928204607975,57.5171269126754,27.784913975386697,3.2155398720802495,65.94677202386667,Unfeasible shape,GPSampler,PRUNED
1547,1547,6.0,2026-04-21 18:41:36.653594,2026-04-21 18:41:36.840880,0 days 00:00:00.187286,-36.790266509935165,20.91510656367027,35.079044661315365,100.0,42.80288686892725,28.981341001535164,-60.29222343266632,46.06243415785987,56.99575695640629,28.462065650547462,3.094169646605785,65.5132439917136,Unfeasible shape,GPSampler,PRUNED
1548,1548,6.0,2026-04-21 18:41:36.992512,2026-04-21 18:41:37.142490,0 days 00:00:00.149978,-36.74002555917503,20.700035304299757,34.47204176820726,100.0,42.643341080026836,28.420022737228713,-60.338519892956135,45.057174072326916,57.445271872980356,28.54924340851148,3.218169061511354,65.67937382773239,Unfeasible shape,GPSampler,PRUNED
1549,1549,6.0,2026-04-21 18:41:37.282403,2026-04-21 18:41:37.435221,0 days 00:00:00.152818,-36.74335107949117,20.755333810874188,34.61123034041063,100.0,42.459667310102134,29.35029169466388,-60.48340131245377,46.151411527945456,57.258108940975994,27.816956310388807,3.13346132254091,65.75342989706634,Unfeasible shape,GPSampler,PRUNED
1550,1550,6.0,2026-04-21 18:41:37.645038,2026-04-21 18:41:37.833065,0 days 00:00:00.188027,-36.752999343575105,21.155034717051016,34.69948570083236,100.0,42.785539492662195,29.169575628166974,-60.49734954507425,45.97033786018977,57.226330617387944,28.343200979443367,3.129937242033421,65.65815430488685,Unfeasible shape,GPSampler,PRUNED
1551,1551,6.0,2026-04-21 18:41:37.999836,2026-04-21 18:41:38.167799,0 days 00:00:00.167963,-36.63459324992893,21.064735226482327,34.89351175698527,100.0,42.52911635147164,29.274885397860253,-60.37913633019964,45.94521014259201,57.037439009057394,28.10298441528636,3.122619753483015,65.93674657167863,Unfeasible shape,GPSampler,PRUNED
1552,1552,6.0,2026-04-21 18:41:38.323333,2026-04-21 18:41:38.490315,0 days 00:00:00.166982,-36.802712603217806,20.937611045288854,34.92566538351005,100.0,43.008076061871854,28.964772107704015,-60.38812796091467,45.84627672512321,57.04918995784383,28.677261959763587,3.0174207011949292,65.46645016824694,Unfeasible shape,GPSampler,PRUNED
1553,1553,6.0,2026-04-21 18:41:38.663908,2026-04-21 18:41:38.806686,0 days 00:00:00.142778,-36.576447654651666,20.91254929493629,34.72574318054152,100.0,43.056123062431126,29.18698967851308,-60.31701595388279,46.04475166255939,57.31354482056995,28.61518876841323,3.0352012179991164,65.89024972900712,Unfeasible shape,GPSampler,PRUNED
1554,1554,6.0,2026-04-21 18:41:39.090043,2026-04-21 18:41:39.252758,0 days 00:00:00.162715,-36.71539254703898,20.9578756574007,34.92814025255254,100.0,42.84837402926586,28.981408719572137,-60.36043904336002,45.74323850216356,57.17128807691456,28.36762014033797,3.133286702978097,65.67928795181923,Unfeasible shape,GPSampler,PRUNED
1555,1555,6.0,2026-04-21 18:41:39.413735,2026-04-21 18:41:39.545630,0 days 00:00:00.131895,-36.783893726793075,21.08133370486614,34.54932053618451,100.0,42.72588761557272,29.045707064562457,-60.54459165455363,45.826121456756084,57.15555607995538,28.361650605901023,3.1468716823801017,65.92836936270173,Unfeasible shape,GPSampler,PRUNED
1556,1556,6.0,2026-04-21 18:41:39.712059,2026-04-21 18:41:39.882731,0 days 00:00:00.170672,-36.81941563938355,21.10256176230803,34.71248181867634,100.0,42.59630850891659,28.968572376583282,-60.35610710734216,45.946766974653755,57.12139948963416,28.45557770400652,3.1205521140869763,65.63738118296583,Unfeasible shape,GPSampler,PRUNED
1557,1557,6.0,2026-04-21 18:41:40.055500,2026-04-21 18:41:40.193761,0 days 00:00:00.138261,-36.788511461319985,21.03241571006928,34.89822951571112,100.0,42.67215918613977,28.879128927474007,-60.40758722577469,46.038975564489085,57.11105968091383,28.418902217252295,3.0573178555738494,65.61043897263055,Unfeasible shape,GPSampler,PRUNED
1558,1558,6.0,2026-04-21 18:41:40.340508,2026-04-21 18:41:40.534224,0 days 00:00:00.193716,-36.768700636222064,21.26966202624748,35.02004398493605,100.0,42.752835147991846,28.99678357941677,-60.34498162572958,45.973739200573085,57.13232485852204,28.513666787648106,3.04231023175425,65.63185239606307,Unfeasible shape,GPSampler,PRUNED
1559,1559,6.0,2026-04-21 18:41:40.716445,2026-04-21 18:41:40.881155,0 days 00:00:00.164710,-36.78092381996021,20.999516831032526,34.72010518721548,100.0,42.887776039819904,28.76876066702802,-60.31906033628393,46.05751307228789,57.27408032382483,28.53111871429462,3.042884378297721,65.62731642159535,Unfeasible shape,GPSampler,PRUNED
1560,1560,6.0,2026-04-21 18:41:41.045022,2026-04-21 18:41:41.196674,0 days 00:00:00.151652,-36.73948685853408,21.0523513527835,34.91011804528166,100.0,42.764482941237674,28.9381781354723,-60.37385604565229,45.9605120018127,57.147081112737744,28.54320439787003,3.107349508767882,65.6169545390958,Unfeasible shape,GPSampler,PRUNED
1561,1561,6.0,2026-04-21 18:41:41.434442,2026-04-21 18:41:41.580760,0 days 00:00:00.146318,-37.093389700316926,21.210767128295192,35.008356300627966,99.97079318073334,42.133756265601555,29.367081417950295,-60.365046794654575,46.453619813868684,57.032878376126774,28.74717586595566,3.2026011253422695,66.41500091356203,Unfeasible shape,GPSampler,PRUNED
1562,1562,6.0,2026-04-21 18:41:41.769186,2026-04-21 18:41:41.899046,0 days 00:00:00.129860,-36.78909054376676,20.911376513444367,34.82461901418741,100.0,42.742582417353624,28.84019889921239,-60.47311373715822,45.82415313353745,57.06245803201507,28.42452757963668,3.1430691547059837,65.69015035421833,Unfeasible shape,GPSampler,PRUNED
1563,1563,6.0,2026-04-21 18:41:42.054454,2026-04-21 18:41:42.204698,0 days 00:00:00.150244,-36.73407623001533,20.80507973007893,34.90083149668836,100.0,42.677739054798536,28.875241231916213,-60.33654192656534,46.04464131938479,57.11081022245795,28.576441423349873,3.1040342950444995,65.59964656672565,Unfeasible shape,GPSampler,PRUNED
1564,1564,6.0,2026-04-21 18:41:42.462162,2026-04-21 18:41:42.555275,0 days 00:00:00.093113,-36.81330188917082,20.543673248101552,34.89787361050894,100.0,42.78946476916802,29.091105175708684,-60.19713559630429,45.525324060863355,57.042013731913435,28.64301198303702,3.022639912044248,65.31294697852421,Unfeasible shape,GPSampler,PRUNED
1565,1565,6.0,2026-04-21 18:41:42.716077,2026-04-21 18:41:42.866012,0 days 00:00:00.149935,-36.99344596400604,20.743627030978793,34.644223297814946,100.0,43.13137497248419,29.19635099037764,-60.29318587628365,45.07353681704959,56.625968671476166,28.21435770412581,2.966453769738166,65.66658545130039,Unfeasible shape,GPSampler,PRUNED
1566,1566,6.0,2026-04-21 18:41:43.126072,2026-04-21 18:41:43.291764,0 days 00:00:00.165692,-36.684824597565296,21.65253326100709,34.35756198615777,100.0,43.323379560953455,28.976555037670103,-60.35414369798174,46.06028003678608,57.46585150263122,28.62425075500326,3.2978462715633015,65.96449236431434,Unfeasible shape,GPSampler,PRUNED
1567,1567,6.0,2026-04-21 18:41:43.488614,2026-04-21 18:41:43.632856,0 days 00:00:00.144242,-36.839090458725515,20.90638181793622,34.85914990274406,100.0,42.815556070346325,29.040840091383167,-60.34404420433431,45.79471272094414,57.15966596672573,28.345129364471614,3.1062468112164012,65.67334878064709,Unfeasible shape,GPSampler,PRUNED
1568,1568,6.0,2026-04-21 18:41:43.864844,2026-04-21 18:41:44.006080,0 days 00:00:00.141236,-36.79948711081981,20.984703769973457,35.07533381356555,100.0,42.785197133434934,29.067950570329344,-60.347568681850305,45.79161234119238,57.0772187349149,28.42595144089723,3.098027458159862,65.6314374441022,Unfeasible shape,GPSampler,PRUNED
1569,1569,6.0,2026-04-21 18:41:44.147056,2026-04-21 18:41:44.293338,0 days 00:00:00.146282,-36.815630736618544,21.698033356212086,34.6571373945483,100.0,42.96529308998149,29.15684855930496,-60.436783569812484,46.14546527074784,57.40980477709841,28.28990454691001,3.2869117674067496,66.23038719916764,Unfeasible shape,GPSampler,PRUNED
1570,1570,6.0,2026-04-21 18:41:44.478306,2026-04-21 18:41:44.652512,0 days 00:00:00.174206,-36.85119563250517,20.655570694410656,34.20508862097125,100.0,42.373599973549126,29.101473019136712,-60.264966106256075,46.1284187640602,57.5544099953685,27.661679507571122,3.2922435576971836,66.32123125504714,Unfeasible shape,GPSampler,PRUNED
1571,1571,6.0,2026-04-21 18:41:44.914088,2026-04-21 18:41:45.044335,0 days 00:00:00.130247,-36.6998535464918,21.064347938733086,34.70771655454746,100.0,42.997374970077324,28.723857215245424,-60.365307558101705,46.26043993063042,57.064038769142,28.27442959474425,3.1491689649345957,66.11105956993734,Unfeasible shape,GPSampler,PRUNED
1572,1572,6.0,2026-04-21 18:41:45.236109,2026-04-21 18:41:45.344299,0 days 00:00:00.108190,-36.88211718453099,20.453402331603428,35.23186151209444,100.0,42.20010584338577,28.832495289092677,-60.362530544750044,46.06908524718465,57.03179886927031,28.611741744074674,3.0819626724317715,65.54717052100877,Unfeasible shape,GPSampler,PRUNED
1573,1573,6.0,2026-04-21 18:41:45.479518,2026-04-21 18:41:45.792397,0 days 00:00:00.312879,-36.758900663023674,19.998448022708878,35.06679239099216,100.0,42.78251348511164,29.54064982832135,-60.64909426362419,45.35275589669369,57.06046426944958,28.183352585940543,3.191197637151099,65.7848142347492,Unfeasible shape,GPSampler,PRUNED
1574,1574,6.0,2026-04-21 18:41:45.990670,2026-04-21 18:41:46.132734,0 days 00:00:00.142064,-36.80855654779645,21.24234529157058,34.69349419683256,100.0,42.86202526975851,28.93779839271744,-60.35076736384137,45.918317670568015,57.2887175019139,28.679221889621076,3.087717032162992,65.76597731799997,Unfeasible shape,GPSampler,PRUNED
1575,1575,6.0,2026-04-21 18:41:46.282989,2026-04-21 18:41:46.434786,0 days 00:00:00.151797,-36.77854383340265,20.873497154705397,35.12445600738491,100.0,43.0337983041138,29.0988140130017,-60.20119442153704,46.2244505714017,56.99294073867397,28.689609601068938,3.071225996476926,65.64290641333116,Unfeasible shape,GPSampler,PRUNED
1576,1576,6.0,2026-04-21 18:41:46.625541,2026-04-21 18:41:46.743951,0 days 00:00:00.118410,-36.73775419783365,20.87639483512332,34.99372920663936,100.0,42.69588207958422,29.014263215420478,-60.3982267444987,45.88014933403168,57.1081873638183,28.585043582779335,3.1204658503399187,65.64440577099145,Unfeasible shape,GPSampler,PRUNED
1577,1577,6.0,2026-04-21 18:41:46.936539,2026-04-21 18:41:47.102420,0 days 00:00:00.165881,-36.77845468036663,20.76886293996656,34.87119696206097,100.0,42.81431110397735,29.060823295304466,-60.25274867708357,46.01657178264793,57.17314498373231,28.31450107999378,3.093117299534363,65.66027295103353,Unfeasible shape,GPSampler,PRUNED
1578,1578,6.0,2026-04-21 18:41:47.259899,2026-04-21 18:41:47.409323,0 days 00:00:00.149424,-36.76811934069372,20.96260799575303,34.659757795237184,100.0,42.67640549438817,29.26093240647252,-60.32353724325067,46.04514281544339,57.306150527498396,27.98465748555426,3.1463438927291705,65.87313169679851,Unfeasible shape,GPSampler,PRUNED
1579,1579,6.0,2026-04-21 18:41:47.880649,2026-04-21 18:41:48.104931,0 days 00:00:00.224282,-36.80205029978984,21.039245058118155,34.75612391535243,100.0,42.821944198275375,29.030948542494336,-60.12392139494834,46.22943150173604,57.12524549937088,28.326748769632342,3.1614819904457008,65.99284698147953,Unfeasible shape,GPSampler,PRUNED
1580,1580,6.0,2026-04-21 18:41:48.272834,2026-04-21 18:41:48.452887,0 days 00:00:00.180053,-36.730521798252965,21.074012444790597,34.732581725862914,100.0,42.51442433357047,29.26670766492002,-60.43426053930925,45.97838140985115,57.18570078411029,28.35168377333899,3.144118047082209,65.67915820837948,Unfeasible shape,GPSampler,PRUNED
1581,1581,6.0,2026-04-21 18:41:48.661473,2026-04-21 18:41:48.805450,0 days 00:00:00.143977,-36.986962435966326,21.38226002431215,34.202485969658674,100.0,42.80379855024465,29.05892620999459,-60.60764543116409,45.34317641738755,57.1445403741501,28.16395343660052,3.3217902449318686,65.89874702413076,Unfeasible shape,GPSampler,PRUNED
1582,1582,6.0,2026-04-21 18:41:48.944931,2026-04-21 18:41:49.081752,0 days 00:00:00.136821,-36.87894550864477,21.158250936229827,34.97205249707912,100.0,42.67758054748971,29.460282240503766,-60.3187127995291,45.813616924533854,57.03866822166289,28.36452610013601,3.095688284007295,65.7568968817183,Unfeasible shape,GPSampler,PRUNED
1583,1583,6.0,2026-04-21 18:41:49.305802,2026-04-21 18:41:49.416354,0 days 00:00:00.110552,-36.797344336534266,21.00238319714891,34.7791401329748,100.0,42.725020986456016,29.125182154794857,-60.36544629204919,45.922373736609224,57.16918267431153,28.38129195650744,3.1138825567970017,65.73558293064865,Unfeasible shape,GPSampler,PRUNED
1584,1584,6.0,2026-04-21 18:41:49.585012,2026-04-21 18:41:49.735006,0 days 00:00:00.149994,-36.7462610451925,20.8448128847376,34.93208820372702,100.0,42.88044170143902,28.932470769140004,-60.376066330363614,46.02566088974413,57.12248191131186,28.480120598311366,3.1375631063784724,65.68238560485032,Unfeasible shape,GPSampler,PRUNED
1585,1585,6.0,2026-04-21 18:41:49.908702,2026-04-21 18:41:50.021103,0 days 00:00:00.112401,-36.712279608507984,21.044729449774906,34.50377900505104,100.0,42.4618982684367,29.201757585099223,-60.72136715998301,45.91604033950636,57.06386521682249,28.1126471431811,3.162703350967078,65.92792611625399,Unfeasible shape,GPSampler,PRUNED
1586,1586,6.0,2026-04-21 18:41:50.153380,2026-04-21 18:41:50.299466,0 days 00:00:00.146086,-36.73487588005944,21.485224386472932,34.588051015316594,100.0,42.60930188343736,29.452122426837953,-60.569167456823024,45.834393579276565,57.049936252711746,28.181161203493595,3.2205674319885915,65.96046945789267,Unfeasible shape,GPSampler,PRUNED
1587,1587,6.0,2026-04-21 18:41:50.465444,2026-04-21 18:41:50.600788,0 days 00:00:00.135344,-36.93001501695724,21.02397539345499,35.08617304284269,100.0,42.955372740319845,29.25636701851613,-60.270943036044834,46.060696307819796,57.14470801887071,28.426480717612847,3.032294519865445,65.62346475343824,Unfeasible shape,GPSampler,PRUNED
1588,1588,6.0,2026-04-21 18:41:50.760382,2026-04-21 18:41:50.906550,0 days 00:00:00.146168,-36.76731601664456,20.888357848979226,34.67179080312772,100.0,42.91347661350939,29.083852449086294,-60.38720830273482,45.96663058564979,57.201904280933455,28.524270621699653,3.1397062345081963,65.6291277695227,Unfeasible shape,GPSampler,PRUNED
1589,1589,6.0,2026-04-21 18:41:51.051502,2026-04-21 18:41:51.160397,0 days 00:00:00.108895,-36.71066844995362,20.82744210721611,35.148813414775226,100.0,42.42066304642814,28.499812474134785,-60.05810463168652,45.637901865452044,57.143235771298436,28.468758162890772,3.0791556435886775,65.38296282362066,Unfeasible shape,GPSampler,PRUNED
1590,1590,6.0,2026-04-21 18:41:51.308531,2026-04-21 18:41:51.466451,0 days 00:00:00.157920,-36.78133432764384,21.10803736821571,34.730460242009165,100.0,42.58122628027086,29.058890317343412,-60.54673085614291,45.900914336017436,57.2617451772524,28.454275835296762,3.0813638135231116,65.7359680852145,Unfeasible shape,GPSampler,PRUNED
1591,1591,6.0,2026-04-21 18:41:51.618329,2026-04-21 18:41:51.825819,0 days 00:00:00.207490,-36.73925946048281,21.07246926395804,34.89873113834561,100.0,42.77051985093689,28.95158497167197,-60.30330593360883,46.08647995700924,57.185436016961,28.44440643895545,3.092288967959483,65.65217155420663,Unfeasible shape,GPSampler,PRUNED
1592,1592,6.0,2026-04-21 18:41:52.007202,2026-04-21 18:41:52.142141,0 days 00:00:00.134939,-36.757463355738956,20.880745065287172,34.867377524949546,100.0,42.66884056965453,29.224348612776474,-60.46899556252362,45.60236758617658,57.0545886987966,28.463032652826303,3.1243757802988696,65.79216679380058,Unfeasible shape,GPSampler,PRUNED
1593,1593,6.0,2026-04-21 18:41:52.294275,2026-04-21 18:41:52.525381,0 days 00:00:00.231106,-36.864166250352696,21.229632769666956,35.20870532204783,100.0,42.874204534324875,29.078834249130274,-60.402474856174415,45.958977065495795,57.06239324544876,28.35633786284234,3.0548157079602873,65.62230906327862,Unfeasible shape,GPSampler,PRUNED
1594,1594,6.0,2026-04-21 18:41:52.691808,2026-04-21 18:41:52.810713,0 days 00:00:00.118905,-36.89275506122876,21.105967822207994,34.339263897447935,100.0,42.67513381684804,29.012707408415153,-60.51427928271909,45.73249268247221,57.771990901395085,28.04564339748593,3.183550839580782,65.97648561666263,Unfeasible shape,GPSampler,PRUNED
1595,1595,6.0,2026-04-21 18:41:52.990979,2026-04-21 18:41:53.115681,0 days 00:00:00.124702,-36.974381592967134,20.685975919079098,35.137836631372664,100.0,43.27191857013433,28.96188225898088,-60.02749701126352,45.437405596578316,57.153655293466514,28.646612780185198,3.062468866648288,65.65916570877766,Unfeasible shape,GPSampler,PRUNED
1596,1596,6.0,2026-04-21 18:41:53.264438,2026-04-21 18:41:53.487686,0 days 00:00:00.223248,-36.911272870361046,20.70163240806923,34.704706056730004,100.0,42.78687142940664,28.933576026131377,-60.396366835851644,46.07426199438977,57.077331655116815,28.453375532231288,3.06936890280668,65.32895658480481,Unfeasible shape,GPSampler,PRUNED
1597,1597,6.0,2026-04-21 18:41:53.656499,2026-04-21 18:41:53.803002,0 days 00:00:00.146503,-36.79152191201369,21.23212107236878,34.87522006641976,100.0,42.76477304264338,29.030864782659982,-60.401188955279885,45.915022447992754,57.19132221121043,28.465353100287007,3.1212478710378093,65.67522394230247,Unfeasible shape,GPSampler,PRUNED
1598,1598,6.0,2026-04-21 18:41:54.004568,2026-04-21 18:41:54.158695,0 days 00:00:00.154127,-36.752550793711904,21.159448572170035,34.45261671894679,100.0,42.770956073984244,29.204985299005706,-60.504700832259,45.7714611466648,57.08225533713164,28.515165980993004,3.2297854468237546,66.03194831430297,Unfeasible shape,GPSampler,PRUNED
1599,1599,6.0,2026-04-21 18:41:54.368632,2026-04-21 18:41:54.507714,0 days 00:00:00.139082,-36.894897172748315,20.604253026491076,34.41221635142892,100.0,42.50274513486712,29.571625945481408,-60.61628020065602,45.67324969031279,57.12946804004404,28.46872945781816,3.1645428485850147,66.24520086499572,Unfeasible shape,GPSampler,PRUNED
1600,1600,6.0,2026-04-21 18:41:54.659178,2026-04-21 18:41:54.800824,0 days 00:00:00.141646,-36.763136321052585,20.93855987266811,34.96505455158757,100.0,42.84887455453561,29.220279662339593,-60.20819713896215,45.98190072532879,56.986654931794405,28.423901733651924,3.1253983112721286,65.69563206172617,Unfeasible shape,GPSampler,PRUNED
1601,1601,6.0,2026-04-21 18:41:55.071977,2026-04-21 18:41:55.220947,0 days 00:00:00.148970,-36.80759360420905,20.572151925059835,34.853349978407465,100.0,43.05558573337296,28.7112008586559,-60.252024870081755,45.91314524530567,56.88287540829817,28.100778447063227,3.146267253683618,65.56209623545811,Unfeasible shape,GPSampler,PRUNED
1602,1602,6.0,2026-04-21 18:41:55.485715,2026-04-21 18:41:55.624172,0 days 00:00:00.138457,-36.77165799040956,21.057120472206876,34.55651992742347,100.0,42.777730864422296,29.005217565977397,-60.36926517175596,45.77645458109846,57.04875049120311,28.267984687901578,3.1181451167298846,65.88327089106286,Unfeasible shape,GPSampler,PRUNED
1603,1603,6.0,2026-04-21 18:41:55.767506,2026-04-21 18:41:55.915901,0 days 00:00:00.148395,-36.76134609666186,21.00125592282742,34.82187399546815,100.0,42.729679399168894,28.96570736453363,-60.20552372424879,46.12971825242844,57.24049982250619,28.324527063445764,3.1230624020841304,65.8289853358836,Unfeasible shape,GPSampler,PRUNED
1604,1604,6.0,2026-04-21 18:41:56.083029,2026-04-21 18:41:56.230721,0 days 00:00:00.147692,-36.625232835518716,20.800021891972555,34.00803135277806,100.0,42.8936473227838,29.747796734828817,-60.29083159880132,45.46802162768887,57.914285954966644,28.417712621308805,3.061083762753846,65.0628585602883,Unfeasible shape,GPSampler,PRUNED
1605,1605,6.0,2026-04-21 18:41:56.389667,2026-04-21 18:41:56.520235,0 days 00:00:00.130568,-36.77361993570559,20.947138962588618,34.8431356398097,100.0,43.04303892636794,29.20447677616911,-60.36242018480887,45.880587629943896,57.30395322338846,28.543584980026694,3.1331384090675556,65.71138090760459,Unfeasible shape,GPSampler,PRUNED
1606,1606,6.0,2026-04-21 18:41:56.638167,2026-04-21 18:41:56.974203,0 days 00:00:00.336036,-36.81306676498737,20.983868854369078,34.63423244592542,100.0,42.655169430897075,29.178518872662117,-60.451606147108905,45.85150781899881,57.24769859771907,28.345318861432833,3.118003547121951,65.77843413230063,Unfeasible shape,GPSampler,PRUNED
