,number,value,datetime_start,datetime_complete,duration,params_lLegPt.rA1,params_lLegPt.rL0,params_lLegPt.rL1,params_lLegPt.rL2,params_lLegPt.x1,params_lLegPt.y1,params_sLegPt.rA1,params_sLegPt.rL0,params_sLegPt.rL1,params_sLegPt.rL2,params_sLegPt.x1,params_sLegPt.y1,user_attrs_prune,system_attrs_auto:sampler,state
4103,4103,6.0,2026-04-21 18:56:34.663015,2026-04-21 18:56:34.814694,0 days 00:00:00.151679,-36.79412121396364,21.549428180428635,34.57398599935465,100.0,42.76523276374694,29.41494314170577,-60.60245087636811,46.00453208684974,57.37616989805989,27.933903389331746,3.2086395819590905,65.8575562283055,Unfeasible shape,GPSampler,PRUNED
4104,4104,6.0,2026-04-21 18:56:35.014967,2026-04-21 18:56:35.168855,0 days 00:00:00.153888,-36.74778946349237,20.823149770069794,35.05677316932641,100.0,42.61593500986928,29.123986849480367,-60.43323759090397,46.02882414258513,57.31609472890304,28.750278339537253,3.1507658324256624,65.77069262556272,Unfeasible shape,GPSampler,PRUNED
4105,4105,6.0,2026-04-21 18:56:35.355251,2026-04-21 18:56:35.503959,0 days 00:00:00.148708,-36.77561021307497,21.007975215377886,34.95166868123823,100.0,42.98897363247833,29.17950323335795,-60.53624086770354,45.8016970952007,57.10707372367587,28.5275123227651,3.1118552624354194,65.90169489256378,Unfeasible shape,GPSampler,PRUNED
4106,4106,6.0,2026-04-21 18:56:35.714941,2026-04-21 18:56:35.878092,0 days 00:00:00.163151,-36.80589301482594,21.14563532542466,34.587736241631035,100.0,42.71619840351206,28.83510894770859,-60.559612576157335,45.92748653895827,57.219624812103696,28.64965280625988,3.0378986031384017,65.59608761672565,Unfeasible shape,GPSampler,PRUNED
4107,4107,6.0,2026-04-21 18:56:36.049221,2026-04-21 18:56:36.251259,0 days 00:00:00.202038,-36.87466583635768,21.226997856198572,34.81236841202392,100.0,42.7970356812877,29.402945387144968,-60.35624531384761,46.125001381797055,57.22647341657085,28.493838768888246,3.141449613919434,65.776430645422,Unfeasible shape,GPSampler,PRUNED
4108,4108,6.0,2026-04-21 18:56:36.457410,2026-04-21 18:56:36.621763,0 days 00:00:00.164353,-36.81893247319436,20.933257846737988,34.8993546023135,100.0,42.78949542645306,29.100952598927243,-60.28800356077535,45.951903457121894,57.10023252748845,28.49023133188959,3.1107202600900266,65.76458758560406,Unfeasible shape,GPSampler,PRUNED
4109,4109,6.0,2026-04-21 18:56:36.799896,2026-04-21 18:56:36.942964,0 days 00:00:00.143068,-36.97170512045878,21.09063493060456,34.40929428429662,100.0,42.939918079215104,28.746195297926498,-60.510982180034105,45.960105781164124,57.23694320158284,28.61300768839626,3.146977382436816,65.81279966621979,Unfeasible shape,GPSampler,PRUNED
4110,4110,6.0,2026-04-21 18:56:37.126910,2026-04-21 18:56:37.288468,0 days 00:00:00.161558,-36.93186515860386,20.688569015068232,34.96164893759281,100.0,42.781416092318935,28.987283209977342,-60.50684243126105,45.83647423143838,56.73760726535088,28.711541212172673,3.178136817856924,65.7447449747553,Unfeasible shape,GPSampler,PRUNED
4111,4111,6.0,2026-04-21 18:56:37.483403,2026-04-21 18:56:37.640240,0 days 00:00:00.156837,-36.6677235543469,20.288202799610463,35.18702663180055,100.0,43.0249995995156,29.12088993820342,-60.18943054529528,45.65342642530274,56.801055883513975,28.534712915644192,3.1249773718603393,65.63441203048856,Unfeasible shape,GPSampler,PRUNED
4112,4112,6.0,2026-04-21 18:56:37.826864,2026-04-21 18:56:37.986839,0 days 00:00:00.159975,-36.635938890026175,20.942861915361625,35.18701057893789,100.0,42.53051552474656,28.92792509720688,-60.249100141447045,45.901795124652544,57.16854928079946,28.602501545943408,3.084417577967983,65.50062194927456,Unfeasible shape,GPSampler,PRUNED
4113,4113,6.0,2026-04-21 18:56:38.159704,2026-04-21 18:56:38.308284,0 days 00:00:00.148580,-36.84327972510626,21.02026046513241,34.6567793018683,100.0,42.73490774319899,29.18689543003198,-60.44883443079118,46.00751669541206,57.142059800498856,28.293193113784227,3.1089466460549247,65.82894147907331,Unfeasible shape,GPSampler,PRUNED
4114,4114,6.0,2026-04-21 18:56:38.508293,2026-04-21 18:56:38.802945,0 days 00:00:00.294652,-36.75411283107618,20.972915337865395,34.80559580184667,100.0,42.791499069632835,29.004832900776073,-60.437778101588705,45.964140652463705,57.30479443023986,28.394748884057968,3.158286885358578,65.75536444355525,Unfeasible shape,GPSampler,PRUNED
4115,4115,6.0,2026-04-21 18:56:38.985236,2026-04-21 18:56:39.112110,0 days 00:00:00.126874,-36.72782398418046,21.04761153998542,35.19595704841673,100.0,42.57236335829113,28.83098458101619,-60.15541365375569,46.07251492708741,56.97335997618172,28.439773110579594,2.9962142019071436,65.50916051652727,Unfeasible shape,GPSampler,PRUNED
4116,4116,6.0,2026-04-21 18:56:39.314091,2026-04-21 18:56:39.456609,0 days 00:00:00.142518,-36.77762353038165,20.998044659134646,35.011410564927886,100.0,42.71415036695738,28.99225597968158,-60.35992987539004,46.17757226083715,57.05833275588231,28.415596841155626,3.0850425352940647,65.55966111055736,Unfeasible shape,GPSampler,PRUNED
4117,4117,6.0,2026-04-21 18:56:39.671955,2026-04-21 18:56:39.829845,0 days 00:00:00.157890,-36.76909610836017,20.96839378166176,34.90684769925073,100.0,42.83218749876311,29.173623765226857,-60.32070722066373,45.9302230093314,57.134112840685994,28.48339626686128,3.124382877528916,65.73670225238534,Unfeasible shape,GPSampler,PRUNED
4118,4118,6.0,2026-04-21 18:56:39.986842,2026-04-21 18:56:40.170477,0 days 00:00:00.183635,-36.737094324176724,21.02028581890087,34.939064204823126,100.0,42.688484965732144,29.082975067275548,-60.36804246246643,45.95767104785222,57.14634749746202,28.466506442786585,3.1065381023811867,65.68899450983476,Unfeasible shape,GPSampler,PRUNED
4119,4119,6.0,2026-04-21 18:56:40.359884,2026-04-21 18:56:40.512884,0 days 00:00:00.153000,-36.7891983382857,21.3961523459271,33.44702752163755,100.0,42.93949690856052,28.803098745336385,-60.200789095081944,45.730498802915186,57.22667287373586,27.887120663084513,3.2497415400262852,66.00437048920585,Unfeasible shape,GPSampler,PRUNED
4120,4120,6.0,2026-04-21 18:56:40.708830,2026-04-21 18:56:40.872195,0 days 00:00:00.163365,-36.75619544330737,21.15172123761088,35.02203559160219,100.0,43.14803737563511,29.282201219180287,-60.22237755288738,45.6416414019522,57.01956369526837,28.253911098917172,3.1456236078226354,65.74568656205803,Unfeasible shape,GPSampler,PRUNED
4121,4121,6.0,2026-04-21 18:56:41.081759,2026-04-21 18:56:41.224452,0 days 00:00:00.142693,-36.83466754570216,21.239954875096107,34.52338825776745,100.0,42.74332466255426,29.217241634664425,-60.38825839109198,46.050721714978536,57.29599681822977,28.294386508826246,3.19151541319939,65.65575463054309,Unfeasible shape,GPSampler,PRUNED
4122,4122,6.0,2026-04-21 18:56:41.408051,2026-04-21 18:56:41.551964,0 days 00:00:00.143913,-36.818611575362205,20.814419164537895,35.168747085175916,100.0,42.820648530220765,28.852014985363148,-60.28917687035964,45.858240611742,57.11049802788425,28.636846996070126,3.065545019158961,65.47334660182433,Unfeasible shape,GPSampler,PRUNED
4123,4123,6.0,2026-04-21 18:56:41.785228,2026-04-21 18:56:41.924307,0 days 00:00:00.139079,-36.73141158677544,21.185849599623214,34.745701516693615,100.0,42.643246285143796,28.972973598266307,-60.51371481832494,45.914482366171676,57.19095120851535,28.491051788653404,3.127337727444207,65.60226002951217,Unfeasible shape,GPSampler,PRUNED
4124,4124,6.0,2026-04-21 18:56:42.114459,2026-04-21 18:56:42.285630,0 days 00:00:00.171171,-36.92515855532942,21.234669801464293,34.683178480247676,100.0,42.88672919580915,29.269288421721384,-60.12231652688879,46.052583848455605,57.02904927087699,28.30127744714895,3.187844085673021,65.61123862169445,Unfeasible shape,GPSampler,PRUNED
4125,4125,6.0,2026-04-21 18:56:42.456869,2026-04-21 18:56:42.602896,0 days 00:00:00.146027,-36.79226668445822,21.121311159125753,34.76196134964253,100.0,42.68182713482131,28.972380040730684,-60.40668538035297,45.91517948019045,57.184554878379394,28.40798901889624,3.0619234671889473,65.72295370665798,Unfeasible shape,GPSampler,PRUNED
4126,4126,6.0,2026-04-21 18:56:42.785531,2026-04-21 18:56:42.985451,0 days 00:00:00.199920,-36.745593336422736,21.248350899658647,34.77159833688221,100.0,42.7349211790783,29.215443855524917,-60.413413257827095,46.07629265757838,57.25053818372818,28.428517648889592,3.120529469958896,65.64518114097017,Unfeasible shape,GPSampler,PRUNED
4127,4127,6.0,2026-04-21 18:56:43.191864,2026-04-21 18:56:43.337096,0 days 00:00:00.145232,-36.680387017036836,21.141195852051645,34.85282167443232,100.0,42.783051162635736,29.073081049496594,-60.220254894506766,45.87160146253226,56.999719939257396,28.417378593567744,3.1119252087514795,65.735842689225,Unfeasible shape,GPSampler,PRUNED
4128,4128,6.0,2026-04-21 18:56:43.566902,2026-04-21 18:56:43.713774,0 days 00:00:00.146872,-37.02584629668548,21.027411766033673,34.58687952315027,100.0,42.724099634799096,29.681489548240165,-60.31158540278054,45.42536484168228,57.315747273015376,28.269763189831128,3.2059576200207403,66.03804955560231,Unfeasible shape,GPSampler,PRUNED
4129,4129,6.0,2026-04-21 18:56:43.877442,2026-04-21 18:56:44.047614,0 days 00:00:00.170172,-36.87899252445059,20.923459597670004,34.815246738044024,100.0,42.706773164453786,28.98262199510762,-60.32977085537948,45.92507364496602,57.151991822784225,28.48674041592703,3.1245800232386074,65.76361501143312,Unfeasible shape,GPSampler,PRUNED
4130,4130,6.0,2026-04-21 18:56:44.314939,2026-04-21 18:56:44.490509,0 days 00:00:00.175570,-36.83143253841702,21.107243485432313,34.86688254078139,100.0,42.83159518241949,29.20474347568574,-60.43487100807364,45.880522482580425,57.03351578350049,28.51342301093473,3.079868124125099,65.75528140367544,Unfeasible shape,GPSampler,PRUNED
4131,4131,6.0,2026-04-21 18:56:44.687617,2026-04-21 18:56:44.823606,0 days 00:00:00.135989,-36.84255464604056,21.033009883542753,34.90541301849839,100.0,42.682702973313496,28.910197814324555,-60.43867608658773,45.87561173728443,57.0257361716343,28.3765406854294,3.0899705154074155,65.69220455617742,Unfeasible shape,GPSampler,PRUNED
4132,4132,6.0,2026-04-21 18:56:45.026735,2026-04-21 18:56:45.197841,0 days 00:00:00.171106,-36.85140503035313,21.036716821230446,34.72129125488492,100.0,42.65117548242456,29.02935737783158,-60.44922294792973,45.752073716695826,57.06541837606236,28.57796584975686,3.1315808291271736,65.88811872711825,Unfeasible shape,GPSampler,PRUNED
4133,4133,6.0,2026-04-21 18:56:45.386907,2026-04-21 18:56:45.548312,0 days 00:00:00.161405,-36.852810239221355,21.00696368933641,34.88411730490057,100.0,42.83784413276477,29.02470840427683,-60.29411987997218,45.875688807190684,57.13768836563659,28.450973468832686,3.093707109021743,65.55683171989746,Unfeasible shape,GPSampler,PRUNED
4134,4134,6.0,2026-04-21 18:56:45.860350,2026-04-21 18:56:46.018367,0 days 00:00:00.158017,-36.87043912113866,20.999553187482263,35.04961489222577,100.0,43.127382195819244,28.876544862174967,-60.2736374801671,45.74762800699534,57.040982670251566,28.302366598704896,3.0521303861611386,65.59976039185712,Unfeasible shape,GPSampler,PRUNED
4135,4135,6.0,2026-04-21 18:56:46.204498,2026-04-21 18:56:46.362802,0 days 00:00:00.158304,-36.88032734537164,20.97998342874276,34.41894639626337,100.0,42.81525505741252,29.24228089922117,-60.365915246100144,46.156947556740185,57.32444622226949,28.059900314899473,3.1802451435279977,65.76164711765338,Unfeasible shape,GPSampler,PRUNED
4136,4136,6.0,2026-04-21 18:56:46.680220,2026-04-21 18:56:46.806791,0 days 00:00:00.126571,-36.724725274877635,21.394457141839794,34.40625540125515,100.0,43.019314315833775,28.980609617356194,-60.22902220971269,45.77767696421156,57.09169696195063,28.156989655652776,3.199798944559845,65.76372498064006,Unfeasible shape,GPSampler,PRUNED
4137,4137,6.0,2026-04-21 18:56:46.982608,2026-04-21 18:56:47.135516,0 days 00:00:00.152908,-36.745447216813155,21.36544683040409,34.441093636778604,100.0,42.5262136505286,29.21734685884919,-60.79599975976002,45.95755573188475,57.383209813217135,28.439592725567394,3.1109765515067878,65.73263776587743,Unfeasible shape,GPSampler,PRUNED
4138,4138,6.0,2026-04-21 18:56:47.331232,2026-04-21 18:56:47.480434,0 days 00:00:00.149202,-36.803395219125655,20.686576867923993,34.667242597387435,100.0,43.031237962492035,29.118476447576697,-60.36118295659894,45.57362566147501,57.26736376457238,28.776690841314547,3.1251981920938263,65.77794126080163,Unfeasible shape,GPSampler,PRUNED
4139,4139,6.0,2026-04-21 18:56:47.697722,2026-04-21 18:56:47.915460,0 days 00:00:00.217738,-36.76304420344428,20.87620465979645,34.9809702268066,100.0,42.759446261278114,28.99280181054084,-60.2841605450176,45.95710023384164,57.15785986705913,28.40582994676354,3.0871272124005387,65.61520057003852,Unfeasible shape,GPSampler,PRUNED
4140,4140,6.0,2026-04-21 18:56:48.101662,2026-04-21 18:56:48.276241,0 days 00:00:00.174579,-36.83469448489538,21.150715679579363,34.65903232559571,100.0,42.6376142642954,29.07646146914687,-60.2065313762601,45.91651077435957,57.10485540661174,28.3546813544873,3.156423817333213,65.84244707211731,Unfeasible shape,GPSampler,PRUNED
4141,4141,6.0,2026-04-21 18:56:48.490281,2026-04-21 18:56:48.657448,0 days 00:00:00.167167,-36.77294208260415,21.273212935453106,34.74542329608186,100.0,42.83507969542676,28.930264227922393,-60.347033074761626,46.01254567681576,57.21818821143454,28.58163383632781,3.144830849271159,65.76520375485528,Unfeasible shape,GPSampler,PRUNED
4142,4142,6.0,2026-04-21 18:56:48.886600,2026-04-21 18:56:49.064528,0 days 00:00:00.177928,-36.61449625571356,20.841433862285452,34.78648879682044,100.0,42.925653228853584,28.97265243937234,-60.22150955394284,46.24364848768691,57.24435931604707,27.68665090895457,3.1513791151931656,66.20441147780008,Unfeasible shape,GPSampler,PRUNED
4143,4143,6.0,2026-04-21 18:56:49.250723,2026-04-21 18:56:49.392991,0 days 00:00:00.142268,-36.82242762099359,21.096211687625946,34.70600398743764,100.0,42.79548846695967,28.991420720218414,-60.42886861303944,45.95536385058515,57.105062414441235,28.463524724865284,3.114013190444858,65.69063718982788,Unfeasible shape,GPSampler,PRUNED
4144,4144,6.0,2026-04-21 18:56:49.593656,2026-04-21 18:56:49.742682,0 days 00:00:00.149026,-36.69235237877459,20.88876393495331,34.98476786330739,100.0,42.51705691575259,28.767602507878927,-60.233608064489665,45.603792619120334,57.04916796926065,28.86856958167263,3.0755493722155123,65.46640326638703,Unfeasible shape,GPSampler,PRUNED
4145,4145,6.0,2026-04-21 18:56:49.936767,2026-04-21 18:56:50.097116,0 days 00:00:00.160349,-36.770174386411846,20.944647398422383,35.07262066591049,100.0,42.79934105897955,28.979446569834877,-60.40679502448616,45.88527295275924,56.88464844432375,28.61534501959006,3.073857681555623,65.53871625269653,Unfeasible shape,GPSampler,PRUNED
4146,4146,6.0,2026-04-21 18:56:50.278832,2026-04-21 18:56:50.440428,0 days 00:00:00.161596,-36.844616197351556,21.345925344937847,34.8581696048264,100.0,42.759562586899136,29.019807981628645,-60.401010634707916,46.025923621788024,57.11935213348536,28.399348990099423,3.0968076719899997,65.71267895526553,Unfeasible shape,GPSampler,PRUNED
4147,4147,6.0,2026-04-21 18:56:50.637250,2026-04-21 18:56:50.767183,0 days 00:00:00.129933,-36.82058110279718,21.149487032962973,34.7609039006842,100.0,42.83769720271844,29.144860482303564,-60.46163166202515,45.84699648099845,57.05673148002249,28.407778620305923,3.1241349082054626,65.68521692560365,Unfeasible shape,GPSampler,PRUNED
4148,4148,6.0,2026-04-21 18:56:50.963110,2026-04-21 18:56:51.129631,0 days 00:00:00.166521,-36.72758051889928,20.944713903653188,34.94751635758489,100.0,42.745355362280904,28.93329531670826,-60.36208113569083,45.94016924868629,57.08493591482193,28.52702480935842,3.080149729769886,65.65283886001431,Unfeasible shape,GPSampler,PRUNED
4149,4149,6.0,2026-04-21 18:56:51.331119,2026-04-21 18:56:51.484911,0 days 00:00:00.153792,-36.73254975094614,20.97926841477438,35.03874316638189,100.0,42.51986104868139,28.914149758401827,-60.24827646119051,45.90954625092052,57.10672079926966,28.701993617987814,3.12985896638245,65.66701297957034,Unfeasible shape,GPSampler,PRUNED
4150,4150,6.0,2026-04-21 18:56:51.691226,2026-04-21 18:56:51.838936,0 days 00:00:00.147710,-36.782976667491106,21.235486115194497,34.645357770500304,100.0,42.87980824932659,28.930387974943095,-60.58907984435326,45.89535101270631,57.19614838211061,28.559331052878186,3.1035782898447692,65.63933742415959,Unfeasible shape,GPSampler,PRUNED
4151,4151,6.0,2026-04-21 18:56:52.133118,2026-04-21 18:56:52.309487,0 days 00:00:00.176369,-36.83012304076913,21.03326832583793,35.0266899423158,100.0,42.77489565069282,28.957293376465607,-60.37488125962268,45.81865617038899,57.12620439860253,28.553556795937894,3.0538563557236174,65.51009599112747,Unfeasible shape,GPSampler,PRUNED
4152,4152,6.0,2026-04-21 18:56:52.509231,2026-04-21 18:56:52.681044,0 days 00:00:00.171813,-36.92155345957447,20.680261167119724,34.829184306645615,100.0,43.01061815673071,28.87399479252374,-60.349039076256794,46.22278210244319,56.59602957803688,28.49273992391486,3.1939695607016034,66.06063575060028,Unfeasible shape,GPSampler,PRUNED
4153,4153,6.0,2026-04-21 18:56:52.880972,2026-04-21 18:56:53.039640,0 days 00:00:00.158668,-36.73693406960961,21.553526239033616,35.11330618027624,100.0,42.43441741918575,29.219304547327077,-60.01519943415184,46.03428850397087,57.71602902795814,27.935508861494505,3.239984253265874,65.93637048144666,Unfeasible shape,GPSampler,PRUNED
4154,4154,6.0,2026-04-21 18:56:53.273577,2026-04-21 18:56:53.390529,0 days 00:00:00.116952,-36.709072317796604,20.83372527250563,35.05574531399991,100.0,42.89815514639645,29.294853959416898,-60.30729673804861,45.859321029184656,56.97007630442403,28.563914197404497,3.10027876984428,65.53373504091132,Unfeasible shape,GPSampler,PRUNED
4155,4155,6.0,2026-04-21 18:56:53.586309,2026-04-21 18:56:53.754769,0 days 00:00:00.168460,-36.73352016467069,20.83984804562028,34.59188476810135,100.0,42.90129133045836,29.371850402026844,-60.555936281030995,45.65538513817947,57.03245770365972,28.43726068575262,3.157315803940456,65.93065405063456,Unfeasible shape,GPSampler,PRUNED
4156,4156,6.0,2026-04-21 18:56:53.982519,2026-04-21 18:56:54.109771,0 days 00:00:00.127252,-36.75596689150206,21.581011591305742,34.69490612498879,100.0,42.78638792110582,29.673700365284134,-59.94289347847506,46.122683657494015,56.72259443320765,27.97425494685217,3.0812481515580643,65.52423318360653,Unfeasible shape,GPSampler,PRUNED
4157,4157,6.0,2026-04-21 18:56:54.332052,2026-04-21 18:56:54.493357,0 days 00:00:00.161305,-36.853350447186244,20.99980428175158,34.722997943771574,100.0,42.66627330372796,28.80881469087005,-60.33376676470033,46.02313007737509,57.31276315218968,28.576342214567095,3.079337932812706,65.7516020103697,Unfeasible shape,GPSampler,PRUNED
4158,4158,6.0,2026-04-21 18:56:54.737954,2026-04-21 18:56:54.890793,0 days 00:00:00.152839,-36.645007020109524,20.647036243401992,35.53759762571936,100.0,42.80921362507187,28.573424598101077,-60.33807006147248,45.65781132276808,56.89172167994576,28.600596688222296,3.03529763065918,65.32375229184106,Unfeasible shape,GPSampler,PRUNED
4159,4159,6.0,2026-04-21 18:56:55.066445,2026-04-21 18:56:55.254888,0 days 00:00:00.188443,-36.816886744465535,21.146986717107247,34.75119405766708,100.0,42.92240395774647,28.924980393798194,-60.53244141836437,45.74760929581002,57.13190384494881,28.724023455808872,3.1144468049034586,65.59491893039501,Unfeasible shape,GPSampler,PRUNED
4160,4160,6.0,2026-04-21 18:56:55.429116,2026-04-21 18:56:55.588344,0 days 00:00:00.159228,-36.76413761984831,21.167993073945382,34.68215061144717,100.0,42.67852292749073,29.083752107973176,-60.42336772521781,45.91678993625283,57.1618509404438,28.39796709420436,3.118880947696532,65.84820938155497,Unfeasible shape,GPSampler,PRUNED
4161,4161,6.0,2026-04-21 18:56:55.774032,2026-04-21 18:56:55.996855,0 days 00:00:00.222823,-36.80802387750835,20.91337352409345,34.64330807837047,100.0,42.782742843989176,29.09293367057466,-60.55169349545622,45.99816236403217,57.13840203330659,28.32044089852818,3.1266429195597354,65.67643357143098,Unfeasible shape,GPSampler,PRUNED
4162,4162,6.0,2026-04-21 18:56:56.176580,2026-04-21 18:56:56.318625,0 days 00:00:00.142045,-36.70307460803429,21.05845214560562,34.9038275753629,100.0,42.675518945429204,28.99530167800431,-60.3386520304141,45.91380573168872,57.09972310885999,28.512500418640684,3.0955793358918555,65.60985464074633,Unfeasible shape,GPSampler,PRUNED
4163,4163,6.0,2026-04-21 18:56:56.500460,2026-04-21 18:56:56.623058,0 days 00:00:00.122598,-36.913002367271,20.84029582699342,34.491237854348725,100.0,43.09001829833403,28.894677108251983,-60.280808563182816,45.852351053846206,57.23376377344352,28.472373089861662,3.102092549245711,65.87024378059445,Unfeasible shape,GPSampler,PRUNED
4164,4164,6.0,2026-04-21 18:56:56.810843,2026-04-21 18:56:56.971623,0 days 00:00:00.160780,-36.737320899325596,20.969981616007576,35.15687653140846,100.0,42.90149350274212,29.219582576265857,-60.24805697000649,45.70327554392779,56.98157761453538,28.695905245501965,3.114385142573873,65.62952202842865,Unfeasible shape,GPSampler,PRUNED
4165,4165,6.0,2026-04-21 18:56:57.170077,2026-04-21 18:56:57.354368,0 days 00:00:00.184291,-36.90671462315947,20.829734146272088,34.858092789517286,100.0,42.834081901235585,28.698924867718155,-60.127955351500574,45.83491424300555,57.0543771796998,28.770843229978023,3.074037017507102,65.6279857241743,Unfeasible shape,GPSampler,PRUNED
4166,4166,6.0,2026-04-21 18:56:57.545706,2026-04-21 18:56:57.731776,0 days 00:00:00.186070,-36.64233446011892,20.97380108061892,34.87450867734273,100.0,42.99175279711374,28.780811308902024,-60.20467948805832,45.593182237514256,57.1797737504489,28.49539801170419,3.204543449616338,65.36652606682473,Unfeasible shape,GPSampler,PRUNED
