,number,value,datetime_start,datetime_complete,duration,params_lLegPt.rA1,params_lLegPt.rL0,params_lLegPt.rL1,params_lLegPt.rL2,params_lLegPt.x1,params_lLegPt.y1,params_sLegPt.rA1,params_sLegPt.rL0,params_sLegPt.rL1,params_sLegPt.rL2,params_sLegPt.x1,params_sLegPt.y1,user_attrs_prune,system_attrs_auto:sampler,state
2567,2567,6.0,2026-04-21 18:47:24.067326,2026-04-21 18:47:24.177308,0 days 00:00:00.109982,-36.82945293676642,20.74837086838263,35.12230853898456,100.0,42.602675829327005,28.89657860869876,-60.215860531059974,46.02690186574177,57.00371091090992,28.57638568725957,3.0464111419670985,65.66554459415988,Unfeasible shape,GPSampler,PRUNED
2568,2568,6.0,2026-04-21 18:47:24.354631,2026-04-21 18:47:24.487062,0 days 00:00:00.132431,-36.71390335533987,21.11859656426071,34.91345515907726,100.0,42.49749780833519,28.634551245111382,-60.58014294774014,45.48286666985717,57.62657136293275,28.038553290698093,3.133154252933579,65.8093432740465,Unfeasible shape,GPSampler,PRUNED
2569,2569,6.0,2026-04-21 18:47:24.653463,2026-04-21 18:47:24.796017,0 days 00:00:00.142554,-36.69530355912927,21.38676352021936,34.4275992567577,100.0,42.82637856740511,29.396215040320456,-60.615365783471404,45.95966838258845,57.30352483083821,28.348805572750777,3.2836007412145776,66.06354050383055,Unfeasible shape,GPSampler,PRUNED
2570,2570,6.0,2026-04-21 18:47:24.995621,2026-04-21 18:47:25.130051,0 days 00:00:00.134430,-36.881429752166426,21.072370356816712,34.93779113099963,100.0,42.680719248018576,29.13688530782106,-60.35611923115489,46.03217823419221,57.08429479096788,28.3199338710115,3.1156346573552725,65.66766748636793,Unfeasible shape,GPSampler,PRUNED
2571,2571,6.0,2026-04-21 18:47:25.311119,2026-04-21 18:47:25.481988,0 days 00:00:00.170869,-36.7229005742469,21.098753992137386,34.77894897377498,100.0,42.7755611805895,28.970922472441465,-60.59109192687691,45.774286773699245,57.17898121927564,28.468149059209374,3.0845626821699454,65.61085559844622,Unfeasible shape,GPSampler,PRUNED
2572,2572,6.0,2026-04-21 18:47:25.653046,2026-04-21 18:47:25.803037,0 days 00:00:00.149991,-36.853276802247834,20.523902730410043,34.76668530177494,100.0,42.94795839573766,28.816007554382963,-60.32583807181865,45.873830595531516,57.11120276104465,28.622703504662724,3.0388356290741356,65.70012753016415,Unfeasible shape,GPSampler,PRUNED
2573,2573,6.0,2026-04-21 18:47:25.980482,2026-04-21 18:47:26.165402,0 days 00:00:00.184920,-36.77654066882298,20.927686527323605,34.80760076741127,100.0,42.7338635653005,29.119745794010747,-60.337221001648466,45.97013853028815,57.20915718355459,28.39463816665232,3.1370085155862952,65.72120996095744,Unfeasible shape,GPSampler,PRUNED
2574,2574,6.0,2026-04-21 18:47:26.344264,2026-04-21 18:47:26.510850,0 days 00:00:00.166586,-36.76488525165725,21.093986739265226,34.99500123340003,100.0,42.61683379249484,29.09822860456007,-60.21356950878084,45.98824658256764,57.13145602145886,28.31651659956597,3.121576485377716,65.70388008215663,Unfeasible shape,GPSampler,PRUNED
2575,2575,6.0,2026-04-21 18:47:26.691988,2026-04-21 18:47:26.820771,0 days 00:00:00.128783,-36.88764286692131,20.8514346467073,34.7805258170055,100.0,42.66438310365581,29.044261026529135,-60.23669715523583,45.84102240177727,57.238770092786424,28.245080613166536,3.1092673002712488,65.76278889120572,Unfeasible shape,GPSampler,PRUNED
2576,2576,6.0,2026-04-21 18:47:27.019419,2026-04-21 18:47:27.162076,0 days 00:00:00.142657,-36.64607969105278,21.033313116857546,34.74751516333366,100.0,42.74995691651378,29.06844174716265,-60.67116417590705,45.89265148249673,57.23993658710349,28.229360409643064,3.180401359044623,65.73758144538095,Unfeasible shape,GPSampler,PRUNED
2577,2577,6.0,2026-04-21 18:47:27.358372,2026-04-21 18:47:27.493662,0 days 00:00:00.135290,-36.72402434473908,20.926290050849907,34.635941653063355,100.0,42.8302300498756,28.955389671825323,-60.45208808028508,46.06569741538178,57.256823108679356,28.371256531334605,3.0496151221623293,65.7358306798439,Unfeasible shape,GPSampler,PRUNED
2578,2578,6.0,2026-04-21 18:47:27.658649,2026-04-21 18:47:27.796086,0 days 00:00:00.137437,-36.81736564856032,21.050089606898297,34.358447340917294,100.0,42.552042582935975,29.188279559758634,-60.59430833227276,45.883231555320464,57.07076722784927,28.56783004315217,3.2345352383628168,65.81766447767795,Unfeasible shape,GPSampler,PRUNED
2579,2579,6.0,2026-04-21 18:47:27.958484,2026-04-21 18:47:28.081156,0 days 00:00:00.122672,-36.87743552913473,21.253649336288824,34.53767593107844,100.0,42.9055425982277,28.868827825095785,-60.35805865252141,46.05294301282068,57.1820002466607,28.450336006531465,3.122773237807415,65.85961161994784,Unfeasible shape,GPSampler,PRUNED
2580,2580,6.0,2026-04-21 18:47:28.302450,2026-04-21 18:47:28.500145,0 days 00:00:00.197695,-36.80173242217479,20.86443656472905,34.67642795834915,100.0,42.77741273591615,29.059901693514533,-60.339106103690476,46.07970365604064,57.13995330176718,28.426815338829567,3.133216705623596,65.59355179316813,Unfeasible shape,GPSampler,PRUNED
2581,2581,6.0,2026-04-21 18:47:28.680352,2026-04-21 18:47:28.838085,0 days 00:00:00.157733,-36.762405224914794,20.80313711817434,35.14132125759214,100.0,42.73375590836387,29.078953972527202,-60.339554730873886,45.88019302431627,57.0419328842915,28.415030343970866,3.0706753549833934,65.60859512894606,Unfeasible shape,GPSampler,PRUNED
2582,2582,6.0,2026-04-21 18:47:29.021844,2026-04-21 18:47:29.178421,0 days 00:00:00.156577,-36.885123026758286,21.061206302041178,34.76357360363251,100.0,42.77213765793785,29.390050180631995,-60.38181884930884,45.95130988660553,57.028967873398294,28.432808901011683,3.226797513557962,65.87596124579377,Unfeasible shape,GPSampler,PRUNED
2583,2583,6.0,2026-04-21 18:47:29.376018,2026-04-21 18:47:29.566042,0 days 00:00:00.190024,-36.7935359556951,20.807697969050793,34.86388528294333,100.0,42.72507255084736,29.09179741123615,-60.26587454633908,45.901315086464884,57.11955918605679,28.4748027125902,3.1152602862892778,65.72634172135803,Unfeasible shape,GPSampler,PRUNED
2584,2584,6.0,2026-04-21 18:47:29.735718,2026-04-21 18:47:29.885023,0 days 00:00:00.149305,-36.73427074141888,20.952985692662264,34.7305916974388,100.0,42.76699291322333,29.08383923108066,-60.38817733887501,45.96308113509049,57.20974792293644,28.371413250512884,3.0868575979714166,65.83319384436854,Unfeasible shape,GPSampler,PRUNED
2585,2585,6.0,2026-04-21 18:47:30.092111,2026-04-21 18:47:30.616831,0 days 00:00:00.524720,-36.76667339104975,20.969796602125143,34.92893619412285,100.0,42.73917643190475,29.095978004571023,-60.33229517518698,45.80866685325927,57.118804885260545,28.468603754756266,3.1087444226196013,65.66772966277847,Unfeasible shape,GPSampler,PRUNED
2586,2586,6.0,2026-04-21 18:47:30.811056,2026-04-21 18:47:30.974158,0 days 00:00:00.163102,-36.732872811477385,20.998697854964938,34.43852841349501,100.0,42.89352761933072,28.888281242088375,-60.11642191060732,46.029993863990406,57.01770499908276,28.576353865174667,3.194827122095454,65.89536543832992,Unfeasible shape,GPSampler,PRUNED
2587,2587,6.0,2026-04-21 18:47:31.198416,2026-04-21 18:47:31.341120,0 days 00:00:00.142704,-36.837045232015555,20.835908358607824,34.692197473956604,100.0,42.71014841058761,28.96467379580224,-60.336833595512246,45.99873740243605,57.152484889465306,28.25481576290344,3.042240864887688,65.71015732471248,Unfeasible shape,GPSampler,PRUNED
2588,2588,6.0,2026-04-21 18:47:31.483020,2026-04-21 18:47:31.620135,0 days 00:00:00.137115,-36.76757058596385,21.06483321081018,34.884654166336915,100.0,42.83642448018511,29.085946468685272,-60.385076659886316,45.94087555616237,57.126288239903246,28.455718952581194,3.127493544669335,65.68227291549763,Unfeasible shape,GPSampler,PRUNED
2589,2589,6.0,2026-04-21 18:47:31.799124,2026-04-21 18:47:31.961571,0 days 00:00:00.162447,-36.62676280357213,21.506378089125057,34.765581234653396,100.0,42.324018233750714,29.316731799587792,-60.32124125916593,45.85563999961176,57.41054687173273,27.83826025349857,3.098934138953638,65.4105312402287,Unfeasible shape,GPSampler,PRUNED
2590,2590,6.0,2026-04-21 18:47:32.141987,2026-04-21 18:47:32.284572,0 days 00:00:00.142585,-36.62722506844225,20.912932926288672,34.99220302709459,100.0,42.59709346449204,29.172295706254943,-60.16447096169364,45.48041807205366,57.255904776890915,28.432992188517783,3.154540247633122,65.79065696616071,Unfeasible shape,GPSampler,PRUNED
2591,2591,6.0,2026-04-21 18:47:32.428514,2026-04-21 18:47:32.554113,0 days 00:00:00.125599,-36.762503472799665,21.092521104719157,34.85247560594341,100.0,42.76342130313054,28.948843877571036,-60.39741270960346,46.04016687489084,57.168043861514775,28.388415931726207,3.095757921675059,65.6648215601532,Unfeasible shape,GPSampler,PRUNED
2592,2592,6.0,2026-04-21 18:47:32.722372,2026-04-21 18:47:32.881794,0 days 00:00:00.159422,-36.79162844827018,21.298196115453397,34.72830739078013,100.0,42.92325226533012,29.145937757037828,-60.51680238223244,45.67561391239811,57.092273730760766,28.54893756764424,3.2659436079086035,65.83681040530755,Unfeasible shape,GPSampler,PRUNED
2593,2593,6.0,2026-04-21 18:47:33.087081,2026-04-21 18:47:33.231727,0 days 00:00:00.144646,-36.96884045679948,20.986627076463563,35.28544449717084,100.0,42.96852322281797,29.271150943154474,-60.14084740220072,45.38268246451499,56.89566933150525,28.284416135281713,3.0610280096674245,65.64607293938563,Unfeasible shape,GPSampler,PRUNED
2594,2594,6.0,2026-04-21 18:47:33.405289,2026-04-21 18:47:33.548367,0 days 00:00:00.143078,-36.75103060243253,20.88285266841546,35.004664057460516,100.0,42.73375018503472,28.801971814708025,-60.28936403202428,45.93046824998816,57.18632897984567,28.507837553290734,3.0860338892775587,65.42450843652692,Unfeasible shape,GPSampler,PRUNED
2595,2595,6.0,2026-04-21 18:47:33.752754,2026-04-21 18:47:33.971010,0 days 00:00:00.218256,-36.74672257746831,21.094678465265297,34.69188946435085,100.0,42.731065931847354,29.218105774921895,-60.30374239905634,45.89297638824416,57.08279430108168,28.28343088977383,3.10357052761119,65.6957639296336,Unfeasible shape,GPSampler,PRUNED
2596,2596,6.0,2026-04-21 18:47:34.158710,2026-04-21 18:47:34.335231,0 days 00:00:00.176521,-36.778926783502214,21.03375150574487,34.721872891844846,100.0,42.832523550001405,29.061925454081546,-60.33501602259351,46.015783084963616,57.164567507572784,28.476623944451205,3.128941874860665,65.73018749943171,Unfeasible shape,GPSampler,PRUNED
2597,2597,6.0,2026-04-21 18:47:34.527110,2026-04-21 18:47:34.669591,0 days 00:00:00.142481,-36.77212923874072,21.183367635893024,34.82445720338117,100.0,42.68152125387562,29.01031795804925,-60.35683055772732,45.97638003005535,57.17772098747924,28.527643444317793,3.125136423934485,65.64487925447179,Unfeasible shape,GPSampler,PRUNED
2598,2598,6.0,2026-04-21 18:47:34.861340,2026-04-21 18:47:35.013964,0 days 00:00:00.152624,-36.72916990820077,21.005775485355432,34.91230620079652,100.0,42.67737146437712,29.37143147979159,-60.15038726249448,46.015878564046794,57.24517227968722,28.274771575977134,3.08018955631006,65.88494244707616,Unfeasible shape,GPSampler,PRUNED
2599,2599,6.0,2026-04-21 18:47:35.284763,2026-04-21 18:47:35.426993,0 days 00:00:00.142230,-36.83110849209728,20.986164429064463,35.20909060151168,100.0,42.98439947821688,29.02542221166869,-60.430777098753836,45.395594231963514,57.03656255024715,28.651483793907204,3.1796010205562553,65.52141692118998,Unfeasible shape,GPSampler,PRUNED
2600,2600,6.0,2026-04-21 18:47:35.569584,2026-04-21 18:47:35.734890,0 days 00:00:00.165306,-36.79451062295895,20.83246600839197,34.62573497717643,100.0,42.57778759472036,28.955728400458234,-60.54766332095798,46.02115267481516,57.03138863430962,28.278727515494968,3.129426401665256,65.53584424230445,Unfeasible shape,GPSampler,PRUNED
2601,2601,6.0,2026-04-21 18:47:35.908944,2026-04-21 18:47:36.056833,0 days 00:00:00.147889,-36.87010040972223,21.078549758905236,34.886025896257024,100.0,42.70820284477358,29.050046192063697,-60.28420909281137,45.90973728511101,57.14521273964424,28.41659946055429,3.1055043089398,65.65999366673174,Unfeasible shape,GPSampler,PRUNED
2602,2602,6.0,2026-04-21 18:47:36.241151,2026-04-21 18:47:36.383467,0 days 00:00:00.142316,-36.69839010345203,20.87580782065994,34.97389917583691,100.0,42.883548245132225,29.21298319211867,-60.40770782644019,46.213204512946234,57.0649650637186,28.419726212181065,3.0721658347156264,65.54479341998244,Unfeasible shape,GPSampler,PRUNED
2603,2603,6.0,2026-04-21 18:47:36.559215,2026-04-21 18:47:36.716643,0 days 00:00:00.157428,-36.78656560387569,21.161220596675356,34.722946039856716,100.0,42.82663622623066,28.82298627202107,-60.28029549553737,45.98928736578552,57.053701106497606,28.26076377253376,3.1279601950071054,65.53053004508425,Unfeasible shape,GPSampler,PRUNED
2604,2604,6.0,2026-04-21 18:47:36.905097,2026-04-21 18:47:37.063392,0 days 00:00:00.158295,-36.835907475156574,20.758923774645275,34.84248020618743,100.0,42.872944990395325,29.13097185041972,-60.23331902683797,45.80829433243891,57.26564423721941,28.408173033483656,3.115511147641641,65.8152843984795,Unfeasible shape,GPSampler,PRUNED
2605,2605,6.0,2026-04-21 18:47:37.229684,2026-04-21 18:47:37.398011,0 days 00:00:00.168327,-36.76399565889513,21.39278151393694,34.76168370235295,100.0,42.51995182620755,29.17912243009802,-60.33685096093687,45.71818018697153,57.03560181811291,28.3446456795607,3.127280751561507,66.01102074478285,Unfeasible shape,GPSampler,PRUNED
2606,2606,6.0,2026-04-21 18:47:37.580400,2026-04-21 18:47:37.988478,0 days 00:00:00.408078,-36.80029372747952,20.93976278258333,34.78303693274688,100.0,42.77980072773831,28.892246040228372,-60.31456043317171,45.98791110045119,57.196294677419786,28.53798380048212,3.0376779502024718,65.687251600681,Unfeasible shape,GPSampler,PRUNED
2607,2607,6.0,2026-04-21 18:47:38.170971,2026-04-21 18:47:38.328218,0 days 00:00:00.157247,-36.75801367207263,20.892764063849533,34.85554037104278,100.0,42.87025929938166,29.02096191715119,-60.40168600411765,45.805592700244915,57.130056505836556,28.321444042207947,3.1174404915119496,65.75785114226755,Unfeasible shape,GPSampler,PRUNED
2608,2608,6.0,2026-04-21 18:47:38.506595,2026-04-21 18:47:38.669836,0 days 00:00:00.163241,-36.8556248699685,20.878076716691332,34.927666440547014,100.0,42.52349150377238,29.132696352967102,-60.27833742976443,45.91961828078955,56.94923904808313,27.904477835827414,3.1105176845193654,65.52531027376861,Unfeasible shape,GPSampler,PRUNED
2609,2609,6.0,2026-04-21 18:47:38.833825,2026-04-21 18:47:38.943982,0 days 00:00:00.110157,-36.749768197275245,20.863779310410422,35.196900744126395,100.0,42.789604534874805,28.517562548326232,-60.25501737181779,46.07103818923965,57.017739423511564,28.84459248961167,2.9298964524586424,65.41911281072584,Unfeasible shape,GPSampler,PRUNED
2610,2610,6.0,2026-04-21 18:47:39.146617,2026-04-21 18:47:39.292374,0 days 00:00:00.145757,-36.85349450448017,20.913520813170464,34.320885641218084,100.0,42.978400152589316,29.15408499197109,-60.44333618766328,45.64130157196896,57.16183273910136,28.676422959255166,3.1474989707200365,65.76081341428257,Unfeasible shape,GPSampler,PRUNED
2611,2611,6.0,2026-04-21 18:47:39.481145,2026-04-21 18:47:39.647565,0 days 00:00:00.166420,-36.75845839281288,21.205602293397398,34.81845710067978,100.0,42.71525677367019,29.330613321577417,-60.751641707666266,46.123718441832985,57.226093862953796,28.55442729397379,3.0528495064108867,65.62806820579846,Unfeasible shape,GPSampler,PRUNED
2612,2612,6.0,2026-04-21 18:47:39.872371,2026-04-21 18:47:40.090051,0 days 00:00:00.217680,-36.78065171282075,21.293926214680837,34.59387132548852,100.0,42.78652996905522,29.718935912079203,-60.27614749566199,46.22085821557161,57.460853409691225,27.81391233452985,3.212193598279569,65.821079980209,Unfeasible shape,GPSampler,PRUNED
2613,2613,6.0,2026-04-21 18:47:40.307864,2026-04-21 18:47:40.471554,0 days 00:00:00.163690,-36.67542727037046,20.95899862326263,34.8486531782974,100.0,42.72791541095435,29.00360763953875,-60.39992995746515,45.98536200868175,57.11701072314394,28.36157779828303,3.1035568513954175,65.78925151029007,Unfeasible shape,GPSampler,PRUNED
2614,2614,6.0,2026-04-21 18:47:40.664966,2026-04-21 18:47:40.830268,0 days 00:00:00.165302,-36.73686371663506,21.306281124764993,34.74123688602595,100.0,42.7727901057972,29.037549472281903,-60.3612041647912,45.96023349327723,57.170347850687165,28.584630345985182,3.0946871367876767,65.67094705189972,Unfeasible shape,GPSampler,PRUNED
2615,2615,6.0,2026-04-21 18:47:41.045096,2026-04-21 18:47:41.221056,0 days 00:00:00.175960,-36.82799809087163,21.530708432332087,34.12794963058825,100.0,42.81535069908389,29.41399985131659,-60.443319505357664,46.134129211993645,57.34700593169266,28.15213688921158,3.2592910834414326,66.46752653748615,Unfeasible shape,GPSampler,PRUNED
2616,2616,6.0,2026-04-21 18:47:41.397674,2026-04-21 18:47:41.637864,0 days 00:00:00.240190,-36.83055829156685,21.109654414385925,34.85206672517461,100.0,42.65755369710335,28.92658769563142,-60.375242065360396,46.04308759926732,57.13527657050449,28.51210630958642,3.106615133747354,65.6338497122637,Unfeasible shape,GPSampler,PRUNED
2617,2617,6.0,2026-04-21 18:47:41.897008,2026-04-21 18:47:42.051238,0 days 00:00:00.154230,-36.75477712334458,21.096938276663618,34.6756988378488,100.0,42.85110696840334,28.974706271977062,-60.4581975037577,45.945390136433154,57.06608189293203,28.357308140961436,3.132174625248915,65.76199815893942,Unfeasible shape,GPSampler,PRUNED
2618,2618,6.0,2026-04-21 18:47:42.233312,2026-04-21 18:47:42.361485,0 days 00:00:00.128173,-36.83866646774056,21.040522545353614,35.02329404076106,100.0,42.74631055966398,29.02913492116982,-60.47642583082169,45.61845878586099,56.96861171107985,28.57351723937497,3.0622551952166717,65.23901319222294,Unfeasible shape,GPSampler,PRUNED
2619,2619,6.0,2026-04-21 18:47:42.519672,2026-04-21 18:47:42.677165,0 days 00:00:00.157493,-36.71158190280482,20.612793157265205,34.74889005676533,100.0,43.15534786787473,29.212167379068035,-60.47233914709521,45.84079488125863,57.44732173891157,28.387085021546785,3.1153349080783244,65.78219433586337,Unfeasible shape,GPSampler,PRUNED
2620,2620,6.0,2026-04-21 18:47:42.835260,2026-04-21 18:47:42.941468,0 days 00:00:00.106208,-36.732145786248324,20.23450377056469,34.69021973304852,100.0,42.95417091312974,28.989892605735058,-60.36640055828536,45.24586847808661,56.94173771016651,28.95738501721324,3.140539336542524,65.97130338152088,Unfeasible shape,GPSampler,PRUNED
2621,2621,6.0,2026-04-21 18:47:43.096681,2026-04-21 18:47:43.248386,0 days 00:00:00.151705,-36.75970009130569,21.466381275954923,34.18319202414828,100.0,43.211256590976966,29.638557674135136,-60.214466480424484,45.50687436117474,57.7380057225612,28.383633908556376,3.219099879917991,66.35403789913873,Unfeasible shape,GPSampler,PRUNED
2622,2622,6.0,2026-04-21 18:47:43.488315,2026-04-21 18:47:43.655224,0 days 00:00:00.166909,-36.792032813212934,20.99204737692393,34.897330774503445,100.0,42.73586873382925,28.989732420601207,-60.384692658255304,45.8586641849094,57.10438913140714,28.374778760476918,3.078870662926981,65.5773434404724,Unfeasible shape,GPSampler,PRUNED
2623,2623,6.0,2026-04-21 18:47:43.871907,2026-04-21 18:47:44.017657,0 days 00:00:00.145750,-36.74813060480849,20.879222681892976,34.79424322861935,100.0,42.77822477322227,29.0735472165141,-60.28699445477103,45.98182273257949,57.147175113375894,28.441237485111788,3.110628228589171,65.84474780452612,Unfeasible shape,GPSampler,PRUNED
2624,2624,6.0,2026-04-21 18:47:44.206147,2026-04-21 18:47:44.370319,0 days 00:00:00.164172,-36.72182158636229,20.944121792176666,34.86795739888141,100.0,42.644880694040815,29.025777550485486,-60.19941861743345,45.87191569124208,57.014039125906926,28.537813099748483,3.0937362561448367,65.70835146104149,Unfeasible shape,GPSampler,PRUNED
2625,2625,6.0,2026-04-21 18:47:44.553412,2026-04-21 18:47:44.821763,0 days 00:00:00.268351,-36.711084710687686,20.9428888999375,34.96657628806383,100.0,42.84693256038368,29.124430766007556,-60.340943295344445,45.78792777664252,57.25816806488595,28.50044925325104,3.1418698566217955,65.82819530748222,Unfeasible shape,GPSampler,PRUNED
2626,2626,6.0,2026-04-21 18:47:45.322329,2026-04-21 18:47:45.484879,0 days 00:00:00.162550,-36.74923359156776,20.871365982891405,34.810651686854484,100.0,42.651588645634455,29.088154993220456,-60.3788761854203,45.770418981903546,57.2527678388833,28.53595131799151,3.1066988777850426,65.68048095641879,Unfeasible shape,GPSampler,PRUNED
2627,2627,6.0,2026-04-21 18:47:45.647649,2026-04-21 18:47:45.797777,0 days 00:00:00.150128,-36.85386640438234,20.72529896935154,34.5896299344421,100.0,42.79781729477585,29.06094740553243,-60.32033574055987,45.71554851867149,57.13990351661478,28.715095115897803,3.1557018593571087,65.85094799914076,Unfeasible shape,GPSampler,PRUNED
2628,2628,6.0,2026-04-21 18:47:45.985166,2026-04-21 18:47:46.104941,0 days 00:00:00.119775,-36.671184659498046,20.971473887330497,34.77878182214192,100.0,42.855855671657345,29.396336080156644,-60.16468747183974,45.838627024599084,57.2621468312389,28.16497916735151,3.074984944988387,65.87884938064333,Unfeasible shape,GPSampler,PRUNED
2629,2629,6.0,2026-04-21 18:47:46.281105,2026-04-21 18:47:46.535670,0 days 00:00:00.254565,-36.90243825793086,20.944627968024626,34.510481376178795,100.0,43.01531024216573,29.259894509016277,-60.33183657755616,45.972387481059194,57.17677509852134,28.473864461069766,3.169098610051961,66.0689597514187,Unfeasible shape,GPSampler,PRUNED
2630,2630,6.0,2026-04-21 18:47:46.739274,2026-04-21 18:47:46.885365,0 days 00:00:00.146091,-36.888248001879774,20.853034384407223,34.927325666935516,100.0,42.82207770126805,28.8879061312346,-60.03725429715482,45.89858623194402,57.12614060851694,28.755781586451093,3.0360799345874057,65.67922992511994,Unfeasible shape,GPSampler,PRUNED
