,number,value,datetime_start,datetime_complete,duration,params_lLegPt.rA1,params_lLegPt.rL0,params_lLegPt.rL1,params_lLegPt.rL2,params_lLegPt.x1,params_lLegPt.y1,params_sLegPt.rA1,params_sLegPt.rL0,params_sLegPt.rL1,params_sLegPt.rL2,params_sLegPt.x1,params_sLegPt.y1,user_attrs_prune,system_attrs_auto:sampler,state
1735,1735,6.0,2026-04-21 18:42:40.100566,2026-04-21 18:42:40.243300,0 days 00:00:00.142734,-36.72022081541717,21.039686612573373,34.80996429761511,100.0,42.83901050791091,29.090194970468474,-60.503316102504996,45.98637516452111,57.12345163839757,28.293847165835096,3.1124623232865147,65.58198549427966,Unfeasible shape,GPSampler,PRUNED
1736,1736,6.0,2026-04-21 18:42:40.395319,2026-04-21 18:42:40.537785,0 days 00:00:00.142466,-36.81612825019704,21.02281724524355,34.93930996549099,100.0,42.78875229626953,29.204827184457486,-60.375247668883894,45.920966910367284,57.11136712788952,28.377369188730402,3.118211629663726,65.745970012817,Unfeasible shape,GPSampler,PRUNED
1737,1737,6.0,2026-04-21 18:42:40.671843,2026-04-21 18:42:40.798046,0 days 00:00:00.126203,-36.8376183951756,21.0732491460689,34.58554306878743,100.0,42.81965300965792,28.95565961133046,-60.28786969956643,45.945869013978296,57.12366509465595,28.493571716439234,3.115377058607713,65.81335848161594,Unfeasible shape,GPSampler,PRUNED
1738,1738,6.0,2026-04-21 18:42:40.964011,2026-04-21 18:42:41.075257,0 days 00:00:00.111246,-36.82557429303326,21.12179535861965,35.06794951345473,100.0,43.189801989894434,29.09745424802086,-60.120288216527925,46.13299321728445,57.16436901088728,28.473524397117163,3.134077564758691,65.71395173925329,Unfeasible shape,GPSampler,PRUNED
1739,1739,6.0,2026-04-21 18:42:41.232147,2026-04-21 18:42:41.358305,0 days 00:00:00.126158,-36.8632972194441,20.776172902479303,35.409163827858535,100.0,42.75630339832413,28.710656648989072,-60.486054371309834,45.83335393054086,57.140437385889236,29.002481275746096,2.9522065636629122,65.4353764848552,Unfeasible shape,GPSampler,PRUNED
1740,1740,6.0,2026-04-21 18:42:41.524424,2026-04-21 18:42:41.618904,0 days 00:00:00.094480,-36.63099181676637,20.977959411791247,34.71847640330512,100.0,43.00256854329369,29.08863899932055,-60.277458763189756,45.86379567354204,57.111789531353175,28.13665823109468,3.110333767922697,65.55235769096004,Unfeasible shape,GPSampler,PRUNED
1741,1741,6.0,2026-04-21 18:42:41.785881,2026-04-21 18:42:41.912028,0 days 00:00:00.126147,-36.752470295281285,21.11604434317699,34.81721256550511,100.0,42.75168742123115,29.10884265484156,-60.46578071976607,45.89582121306053,57.1614409592906,28.408693143365834,3.1606991266359046,65.69890608444643,Unfeasible shape,GPSampler,PRUNED
1742,1742,6.0,2026-04-21 18:42:42.171890,2026-04-21 18:42:42.320381,0 days 00:00:00.148491,-36.777958436756805,20.947456006511853,34.83070211608968,100.0,42.91518250371797,28.921183595280183,-60.300245316121114,45.94418751800089,57.1001832067722,28.452516100239166,3.1331580840484037,65.65301131066566,Unfeasible shape,GPSampler,PRUNED
1743,1743,6.0,2026-04-21 18:42:42.527863,2026-04-21 18:42:42.845529,0 days 00:00:00.317666,-36.96618154347207,20.307012819968463,35.15252134510372,100.0,42.80361465123395,28.168517418916863,-60.49112257434531,45.93531883399234,57.17899923808353,28.58476572974976,2.96269329949034,65.30899713276165,Unfeasible shape,GPSampler,PRUNED
1744,1744,6.0,2026-04-21 18:42:43.020920,2026-04-21 18:42:43.143308,0 days 00:00:00.122388,-36.6696714449468,20.846773794540066,34.715852336487245,100.0,42.99300873829547,29.00722723559946,-60.54221480679408,45.79684870801923,57.28375038391886,28.866033544271918,3.2769759319012906,66.03352966430444,Unfeasible shape,GPSampler,PRUNED
1745,1745,6.0,2026-04-21 18:42:43.308955,2026-04-21 18:42:43.466414,0 days 00:00:00.157459,-36.76290891257624,20.781113389631365,34.852629724881645,100.0,42.60738248114355,28.91787891751406,-60.27769807114588,46.23559556459064,57.52848897297109,28.998027956629976,3.126619413884967,65.78834441892936,Unfeasible shape,GPSampler,PRUNED
1746,1746,6.0,2026-04-21 18:42:43.617815,2026-04-21 18:42:43.775417,0 days 00:00:00.157602,-37.031434986852915,20.962107759980515,34.97921246890971,100.0,43.0121283228819,29.098729521765996,-60.683876961768014,45.487690420815035,56.99129784469968,28.480137712996164,3.277038120000107,66.4737276723163,Unfeasible shape,GPSampler,PRUNED
1747,1747,6.0,2026-04-21 18:42:43.924528,2026-04-21 18:42:44.098095,0 days 00:00:00.173567,-37.22227004581713,20.80968087168722,34.619316532909934,100.0,42.711786503007026,29.53045194448346,-60.24816331373702,45.513946364692885,57.1736040534818,28.10610718818225,3.0307656296869965,65.36286408478017,Unfeasible shape,GPSampler,PRUNED
1748,1748,6.0,2026-04-21 18:42:44.295571,2026-04-21 18:42:44.453685,0 days 00:00:00.158114,-36.829828580364826,20.954943306151375,34.79840429539206,100.0,42.764190806151184,28.944035052183345,-60.285470079905735,45.897094469607445,57.12192530609385,28.5622292517099,3.1225054669378167,65.75518328970358,Unfeasible shape,GPSampler,PRUNED
1749,1749,6.0,2026-04-21 18:42:44.623154,2026-04-21 18:42:44.779365,0 days 00:00:00.156211,-36.845903729798856,20.85327515762588,35.04703430983103,100.0,42.998113503957,29.08531281716494,-60.337419057507546,46.09637418890844,56.97378306738286,28.323496628919155,3.042047897127283,65.56160179435622,Unfeasible shape,GPSampler,PRUNED
1750,1750,6.0,2026-04-21 18:42:44.946230,2026-04-21 18:42:45.088610,0 days 00:00:00.142380,-36.76793712373071,21.290563533171056,34.939339062267464,100.0,42.5942465188451,28.7230330977212,-59.94589783203618,46.0653761136966,57.01047152451339,28.82993810124767,3.0922789313410632,65.77189650091296,Unfeasible shape,GPSampler,PRUNED
1751,1751,6.0,2026-04-21 18:42:45.269060,2026-04-21 18:42:45.426428,0 days 00:00:00.157368,-36.73303620714113,21.260540609309025,34.72158570321401,100.0,42.73545177983198,28.906575262108625,-60.67475723162478,45.73104626842465,56.9832762879734,28.634080659689115,3.126720537182422,65.68709917934459,Unfeasible shape,GPSampler,PRUNED
1752,1752,6.0,2026-04-21 18:42:45.564198,2026-04-21 18:42:45.691179,0 days 00:00:00.126981,-36.6646607002917,20.817728829852776,34.56270383831502,100.0,42.53341772888541,28.989083840076447,-60.220474835097605,45.57737583122931,57.13967871040012,28.50176191091394,3.1582256949830665,65.66915501678652,Unfeasible shape,GPSampler,PRUNED
1753,1753,6.0,2026-04-21 18:42:45.846580,2026-04-21 18:42:46.052592,0 days 00:00:00.206012,-36.72705260980974,21.190159401621077,34.68139260199136,100.0,42.62480002492395,29.483979008744726,-60.64163774798493,45.680771846441495,57.226657018358424,28.152189428211525,3.130868049062421,65.65175516278109,Unfeasible shape,GPSampler,PRUNED
1754,1754,6.0,2026-04-21 18:42:46.331146,2026-04-21 18:42:46.457403,0 days 00:00:00.126257,-36.785787408440335,20.894555641803272,34.94499934631631,100.0,42.33846448207149,28.559096501032528,-60.29373618240024,45.783140371558126,57.157952817518236,28.471255900077818,3.0696897741598335,65.59742855863745,Unfeasible shape,GPSampler,PRUNED
1755,1755,6.0,2026-04-21 18:42:46.608943,2026-04-21 18:42:46.735050,0 days 00:00:00.126107,-36.982491684786524,21.017138233467186,34.95112284972051,100.0,42.685994719039705,29.02420414713037,-60.0838146371122,45.78333065284252,57.219575500021996,28.467366909168028,3.076609301299449,65.62585992509696,Unfeasible shape,GPSampler,PRUNED
1756,1756,6.0,2026-04-21 18:42:46.901285,2026-04-21 18:42:47.058336,0 days 00:00:00.157051,-36.78603102026757,21.013535440195973,34.733114477329195,100.0,42.67290508427873,29.16331077109976,-60.3888335586728,45.977014564264046,57.22206142178872,28.333482722310578,3.140122926745626,65.71308764865306,Unfeasible shape,GPSampler,PRUNED
1757,1757,6.0,2026-04-21 18:42:47.227270,2026-04-21 18:42:47.365513,0 days 00:00:00.138243,-36.628116761258674,21.15745248487415,34.7884625098425,100.0,42.770775971149945,28.69200065932887,-60.257131024445,45.931083225727356,57.13603452107275,28.599762601795874,3.0881253165722953,65.6405019067123,Unfeasible shape,GPSampler,PRUNED
1758,1758,6.0,2026-04-21 18:42:47.536922,2026-04-21 18:42:47.679088,0 days 00:00:00.142166,-36.757907923582955,20.894552920202386,35.02228231053083,100.0,42.822363511981244,29.099335035402646,-60.251438313579264,45.9377561837804,57.05723118466731,28.462015731722545,3.1001529698040216,65.62179533477102,Unfeasible shape,GPSampler,PRUNED
1759,1759,6.0,2026-04-21 18:42:47.828970,2026-04-21 18:42:47.971431,0 days 00:00:00.142461,-36.760577709911566,20.73567069643874,34.937238112449634,100.0,43.077913506751784,28.964589886300494,-60.2386049330557,45.87119209613519,57.36670644148756,28.285953926462355,3.0879922352162126,65.88277455727602,Unfeasible shape,GPSampler,PRUNED
1760,1760,6.0,2026-04-21 18:42:48.138131,2026-04-21 18:42:48.279612,0 days 00:00:00.141481,-36.8003655464332,21.121171593581977,34.898564006770954,100.0,42.64266966766371,28.936056400531243,-60.438862773235726,45.842573948288276,57.093764606000725,28.488403373090275,3.075104489848215,65.61660800042867,Unfeasible shape,GPSampler,PRUNED
1761,1761,6.0,2026-04-21 18:42:48.430282,2026-04-21 18:42:48.605059,0 days 00:00:00.174777,-36.72947436800646,21.566258858989066,34.57677382025392,100.0,43.01368367898805,29.438841520923404,-60.158328933840025,46.25789822318599,57.54380403312836,28.058449769853613,3.3106140723502975,66.11315496569723,Unfeasible shape,GPSampler,PRUNED
1762,1762,6.0,2026-04-21 18:42:48.755433,2026-04-21 18:42:48.881574,0 days 00:00:00.126141,-36.86060693585318,21.416041073855542,34.37129808813964,100.0,43.05846484101472,28.838046667443272,-60.10833878361336,45.47341705177593,57.41870149327736,28.411275323407075,3.2732892610654574,66.15705751416434,Unfeasible shape,GPSampler,PRUNED
1763,1763,6.0,2026-04-21 18:42:49.030992,2026-04-21 18:42:49.158286,0 days 00:00:00.127294,-36.90697289386705,20.929397696018263,35.104000233568236,100.0,43.018138150805875,28.973632585476295,-60.43833157768421,45.58702837439999,56.831058826234646,28.294157771747773,3.04186062412316,65.76040139781384,Unfeasible shape,GPSampler,PRUNED
1764,1764,6.0,2026-04-21 18:42:49.325745,2026-04-21 18:42:49.529876,0 days 00:00:00.204131,-36.85722967234162,21.01761126342038,34.755099435534134,100.0,42.892765450081335,28.64852981727747,-60.329361131608714,46.201675918820634,57.236802617123125,28.406211853272914,3.0388877337432376,65.46584000749853,Unfeasible shape,GPSampler,PRUNED
1765,1765,6.0,2026-04-21 18:42:49.682139,2026-04-21 18:42:49.840538,0 days 00:00:00.158399,-36.80645934669059,20.96318461919542,34.74204069245572,100.0,42.886501303177084,29.147252353622996,-60.48166156873347,45.696749065822864,57.04992070213876,28.37121015589949,3.1337116447845617,65.72949243803927,Unfeasible shape,GPSampler,PRUNED
1766,1766,6.0,2026-04-21 18:42:49.993909,2026-04-21 18:42:50.135385,0 days 00:00:00.141476,-36.8184626777645,21.061377362880542,34.79176923936674,100.0,42.71466931440999,28.95275528303665,-60.40883418703771,46.1844185709412,57.221845135426356,28.35658684631177,3.102558410620283,65.75137185344093,Unfeasible shape,GPSampler,PRUNED
1767,1767,6.0,2026-04-21 18:42:50.275773,2026-04-21 18:42:50.401998,0 days 00:00:00.126225,-36.79172831733602,20.852101169397862,34.73455018211344,100.0,42.982560050884416,28.89417741031842,-60.35865748208602,45.89057195548075,57.27457329957904,28.48067092482942,3.136477114363572,65.74092879301278,Unfeasible shape,GPSampler,PRUNED
1768,1768,6.0,2026-04-21 18:42:50.576015,2026-04-21 18:42:50.717977,0 days 00:00:00.141962,-36.793636619441,21.011063653154444,34.73419214480694,100.0,42.60819628306273,29.185988128466228,-60.44920417198508,46.108976401970516,57.29248721899505,28.042194126359565,3.142660311358121,65.73103282160115,Unfeasible shape,GPSampler,PRUNED
1769,1769,6.0,2026-04-21 18:42:50.853906,2026-04-21 18:42:50.995323,0 days 00:00:00.141417,-36.73121636293951,21.20890415400831,34.68370939183961,100.0,42.86216593565858,29.09206984923228,-60.5264961336518,46.00489935816253,57.25822558118273,28.390497170835594,3.089349948232602,65.75030060160104,Unfeasible shape,GPSampler,PRUNED
1770,1770,6.0,2026-04-21 18:42:51.163250,2026-04-21 18:42:51.291843,0 days 00:00:00.128593,-36.83927306395509,20.77067061588282,34.666835193102216,100.0,42.83153203549293,29.007137809938662,-60.312145962347074,45.89119558913,57.18870776654927,28.53460509839272,3.1539234947999475,65.94640751378748,Unfeasible shape,GPSampler,PRUNED
1771,1771,6.0,2026-04-21 18:42:51.464237,2026-04-21 18:42:51.590637,0 days 00:00:00.126400,-36.756816650883984,21.00189135570681,34.91409981599378,100.0,42.65640522926126,29.03030225802499,-60.346908501065684,45.874170843681156,57.21001803454671,28.372299527619013,3.0915270975696316,65.66099588770855,Unfeasible shape,GPSampler,PRUNED
1772,1772,6.0,2026-04-21 18:42:51.833346,2026-04-21 18:42:51.959739,0 days 00:00:00.126393,-36.5630081276877,20.694885409638445,35.10582362849783,99.97665549105636,42.280355220745776,29.12471341990205,-60.485998344008436,45.40889686240444,56.75520868312887,28.3328755433523,3.177131452982721,65.2733188915988,Unfeasible shape,GPSampler,PRUNED
1773,1773,6.0,2026-04-21 18:42:52.141572,2026-04-21 18:42:52.283031,0 days 00:00:00.141459,-36.73409066917279,21.02428078050312,35.08337276412175,100.0,42.758000881338944,28.961513761777198,-60.26482363048059,45.99881774395441,57.054859761277775,28.58871969076405,3.063461367906754,65.54209616887425,Unfeasible shape,GPSampler,PRUNED
1774,1774,6.0,2026-04-21 18:42:52.415097,2026-04-21 18:42:52.572456,0 days 00:00:00.157359,-36.81808633289525,21.112068026374796,34.84505753219445,100.0,42.70602015837302,28.88662823457343,-60.33913884275195,45.94323420595958,57.1643325953612,28.602206670093892,3.1179550091280177,65.69352242592295,Unfeasible shape,GPSampler,PRUNED
1775,1775,6.0,2026-04-21 18:42:52.796439,2026-04-21 18:42:53.003045,0 days 00:00:00.206606,-36.64836427058568,20.853561814067703,34.782430159698954,100.0,42.6979126051233,29.11228039974423,-60.2186851373819,45.87179826154133,56.948570493261094,28.290203025823107,3.1477625804309,65.69420931746248,Unfeasible shape,GPSampler,PRUNED
1776,1776,6.0,2026-04-21 18:42:53.170862,2026-04-21 18:42:53.328753,0 days 00:00:00.157891,-36.733834573878575,20.947419039927937,35.00244560846582,100.0,42.582907625547115,28.93765849166695,-60.207480891974264,45.6846237550281,57.036264082048994,28.620115392294206,3.1014791094564274,65.68250188020382,Unfeasible shape,GPSampler,PRUNED
1777,1777,6.0,2026-04-21 18:42:53.594869,2026-04-21 18:42:53.721156,0 days 00:00:00.126287,-36.98526776575706,21.191309385469246,34.84346231034989,100.0,42.470387220673544,29.080927105818702,-60.551522012449354,45.98860823857058,56.8012779129269,28.396404898983437,3.049723564298695,65.66736692812611,Unfeasible shape,GPSampler,PRUNED
1778,1778,6.0,2026-04-21 18:42:53.870256,2026-04-21 18:42:53.996777,0 days 00:00:00.126521,-36.73513776752162,21.155983651356134,34.91533351411135,100.0,42.836857372050204,28.915685935025273,-60.3915579444333,45.89540309044866,57.093449403046776,28.71811338637077,3.0844456730051846,65.6318724507045,Unfeasible shape,GPSampler,PRUNED
1779,1779,6.0,2026-04-21 18:42:54.135010,2026-04-21 18:42:54.288645,0 days 00:00:00.153635,-37.0393316809374,20.86204706496544,35.081719965424114,100.0,42.94478322345751,29.097587701694735,-60.34124921703195,45.4564796005373,56.98227647462153,28.62474402096434,3.007350428945358,65.4223044452517,Unfeasible shape,GPSampler,PRUNED
1780,1780,6.0,2026-04-21 18:42:54.459584,2026-04-21 18:42:54.554370,0 days 00:00:00.094786,-36.77854210662553,21.081372921698204,34.73202671771572,100.0,42.82400212786243,29.040068689392683,-60.31648227333565,46.051069101756426,57.15062465567447,28.3504446190158,3.1205565475949086,65.73466083921537,Unfeasible shape,GPSampler,PRUNED
1781,1781,6.0,2026-04-21 18:42:54.720412,2026-04-21 18:42:54.836005,0 days 00:00:00.115593,-36.822852946356505,20.970305835249942,34.92205348863431,100.0,42.97580478160097,29.08716530697236,-60.18620770169777,45.76873512384057,57.19842194282462,28.36160145775075,3.135148776679401,65.81793791400008,Unfeasible shape,GPSampler,PRUNED
1782,1782,6.0,2026-04-21 18:42:54.994090,2026-04-21 18:42:55.167580,0 days 00:00:00.173490,-36.70146435642531,21.31460972006674,34.84452988906103,100.0,42.78003340616198,28.83511764303985,-60.36917166713347,45.88603017924985,57.19109232858054,28.453708439927116,3.0667468509037477,65.44713107246216,Unfeasible shape,GPSampler,PRUNED
1783,1783,6.0,2026-04-21 18:42:55.347861,2026-04-21 18:42:55.474225,0 days 00:00:00.126364,-36.82714486917305,21.84770966931037,34.88390640221468,100.0,43.32058093026286,29.116590555351266,-60.192923076759534,45.68353146842887,57.04109383108979,28.76857658442768,3.135528042473169,65.73385048176372,Unfeasible shape,GPSampler,PRUNED
1784,1784,6.0,2026-04-21 18:42:55.636384,2026-04-21 18:42:55.788779,0 days 00:00:00.152395,-36.76708525631619,21.003412010727793,34.680123476845466,100.0,42.64948285298892,28.952960388045227,-60.199833867662676,45.7720767515259,57.00739047510239,28.19094402660029,3.1087310650286497,65.86247215805133,Unfeasible shape,GPSampler,PRUNED
1785,1785,6.0,2026-04-21 18:42:55.959781,2026-04-21 18:42:56.101661,0 days 00:00:00.141880,-36.75590013851455,20.99430570821246,34.80113728574621,100.0,42.824348700128425,29.145121471619845,-60.357355442435555,45.8861354070414,57.13275141742656,28.36831045040477,3.125326948883149,65.63892697432873,Unfeasible shape,GPSampler,PRUNED
1786,1786,6.0,2026-04-21 18:42:56.259643,2026-04-21 18:42:56.386427,0 days 00:00:00.126784,-36.840030987736675,21.036181784867907,34.90728552544643,100.0,42.77872863689079,29.059900642820352,-60.1622160822945,45.912682481597244,57.19679339249265,28.43987469247029,3.11062980793222,65.7975760041685,Unfeasible shape,GPSampler,PRUNED
1787,1787,6.0,2026-04-21 18:42:56.792430,2026-04-21 18:42:56.919400,0 days 00:00:00.126970,-36.710454974959994,20.835424939343433,35.1730938470453,100.0,42.96076117447553,29.082043233115414,-60.14522955266789,45.88375515524212,57.04323582071582,28.504449478388892,3.1064046202277567,65.61791997661553,Unfeasible shape,GPSampler,PRUNED
1788,1788,6.0,2026-04-21 18:42:57.107632,2026-04-21 18:42:57.250152,0 days 00:00:00.142520,-36.89924606037372,21.20223831755599,34.81991114879696,100.0,42.74394379697144,29.005324179100214,-60.59701988057562,45.76913031783309,56.96507563198487,28.698107135230703,3.0550757662362074,65.58768482537549,Unfeasible shape,GPSampler,PRUNED
1789,1789,6.0,2026-04-21 18:42:57.405485,2026-04-21 18:42:57.562563,0 days 00:00:00.157078,-36.83843794946097,21.06501769442595,34.77635757599479,100.0,42.56945548793924,29.00489478197398,-60.41479092590983,46.0050638052103,57.20216782375538,28.432589339118437,3.0584944793379236,65.64796781528644,Unfeasible shape,GPSampler,PRUNED
1790,1790,6.0,2026-04-21 18:42:57.713328,2026-04-21 18:42:57.853412,0 days 00:00:00.140084,-36.89213897252754,20.498423830940084,35.20056379318836,100.0,42.256952843790145,28.635327134257047,-60.044175775289006,45.58445509668611,56.820691571178365,28.992881550713715,3.0858730391779403,65.75642575934731,Unfeasible shape,GPSampler,PRUNED
1791,1791,6.0,2026-04-21 18:42:58.022786,2026-04-21 18:42:58.179410,0 days 00:00:00.156624,-36.71822252730006,21.033930203184358,34.454650769250904,100.0,43.05815874115609,29.445713647143585,-60.34609573101821,45.82118312971251,57.06513819878304,28.22791964306192,3.1786845178061327,66.10315186371862,Unfeasible shape,GPSampler,PRUNED
1792,1792,6.0,2026-04-21 18:42:58.381027,2026-04-21 18:42:58.517568,0 days 00:00:00.136541,-36.81477854417227,20.865394388414927,34.376739768060574,100.0,42.58546768938322,28.652072723870475,-60.61125624226906,45.9663311402548,57.08250604875805,28.654392690477426,3.1109749301709115,65.93232081261255,Unfeasible shape,GPSampler,PRUNED
1793,1793,6.0,2026-04-21 18:42:58.696238,2026-04-21 18:42:58.832694,0 days 00:00:00.136456,-36.85800309790636,21.755458907313084,34.70145997128032,100.0,42.784503497802824,29.464886986755552,-60.32285094238699,46.088649544149284,57.061656446408925,28.556717482324792,3.149978472853057,65.99258013374667,Unfeasible shape,GPSampler,PRUNED
1794,1794,6.0,2026-04-21 18:42:58.996597,2026-04-21 18:42:59.131922,0 days 00:00:00.135325,-36.864776409135175,21.170816194145882,35.02693975248631,100.0,42.65897971323085,28.972744085429163,-60.455038789944325,45.91388522449886,57.24543010920326,28.31653870820851,3.0402432971316387,65.51846374364763,Unfeasible shape,GPSampler,PRUNED
1795,1795,6.0,2026-04-21 18:42:59.293377,2026-04-21 18:42:59.466980,0 days 00:00:00.173603,-36.75197343394623,21.025960739640503,34.72300622161087,100.0,42.798579102998644,29.003037869457536,-60.361392416665026,45.977974577434104,57.21685382248196,28.43973847302786,3.0594523881911257,65.76759610013013,Unfeasible shape,GPSampler,PRUNED
1796,1796,6.0,2026-04-21 18:42:59.640095,2026-04-21 18:42:59.841165,0 days 00:00:00.201070,-36.88694098673821,20.92799715857801,35.03504529471945,100.0,42.59461757307506,28.481643209288933,-60.027424272228785,45.44060361449653,57.245646412911704,28.590384872026807,3.209004523626483,65.55218754894048,Unfeasible shape,GPSampler,PRUNED
1797,1797,6.0,2026-04-21 18:43:00.059422,2026-04-21 18:43:00.386284,0 days 00:00:00.326862,-36.79336176435969,21.130708093751664,34.61718930666434,100.0,42.78013615446241,29.149521807304353,-60.46533403758477,46.008881097659525,57.2048493177117,28.44690928980066,3.178729680929962,65.86765472110415,Unfeasible shape,GPSampler,PRUNED
1798,1798,6.0,2026-04-21 18:43:00.568995,2026-04-21 18:43:00.702913,0 days 00:00:00.133918,-36.80711416804271,20.972837489065185,34.863533961572,100.0,42.59371279699285,29.159761904400433,-60.304434396550164,45.92871834635272,57.20588981289252,28.27340040107847,3.092332852421663,65.7519055221897,Unfeasible shape,GPSampler,PRUNED
