,number,value,datetime_start,datetime_complete,duration,params_lLegPt.rA1,params_lLegPt.rL0,params_lLegPt.rL1,params_lLegPt.rL2,params_lLegPt.x1,params_lLegPt.y1,params_sLegPt.rA1,params_sLegPt.rL0,params_sLegPt.rL1,params_sLegPt.rL2,params_sLegPt.x1,params_sLegPt.y1,user_attrs_prune,system_attrs_auto:sampler,state
3911,3911,6.0,2026-04-21 18:55:23.558564,2026-04-21 18:55:23.719237,0 days 00:00:00.160673,-36.82730239994539,21.211039926549752,34.92927938914887,100.0,42.925933491752694,28.802940643256157,-60.29955190305368,45.78059990615108,56.963802031509125,28.76606510602835,3.0468858371521605,65.57674291905356,Unfeasible shape,GPSampler,PRUNED
3912,3912,6.0,2026-04-21 18:55:23.887696,2026-04-21 18:55:24.051515,0 days 00:00:00.163819,-36.64718131997472,20.856054737215345,35.45491804601865,99.79810702934888,42.973410268094185,28.75436859372121,-59.583040539193746,45.82524426146324,56.92676093497591,28.902124210997574,3.0560805628969376,65.55132326759055,Unfeasible shape,GPSampler,PRUNED
3913,3913,6.0,2026-04-21 18:55:24.260799,2026-04-21 18:55:24.438688,0 days 00:00:00.177889,-36.81346773533811,21.329291703595132,34.33050107932912,100.0,43.3034851241383,29.319351421082416,-60.541221120098434,45.61425332730744,57.40496342987767,28.8517313992286,3.135592750095313,65.72080036764689,Unfeasible shape,GPSampler,PRUNED
3914,3914,6.0,2026-04-21 18:55:24.636129,2026-04-21 18:55:24.777883,0 days 00:00:00.141754,-36.80876698401919,21.10667482051278,34.36319361548201,100.0,42.85761894634448,29.36893826313112,-60.41910076800716,46.02715817491223,57.31239671223866,28.076098625404228,3.235592546917033,66.01449898895983,Unfeasible shape,GPSampler,PRUNED
3915,3915,6.0,2026-04-21 18:55:24.952414,2026-04-21 18:55:25.126473,0 days 00:00:00.174059,-36.806993386189895,20.826753101787922,34.960513025697594,100.0,42.94107903327943,29.058439537867784,-60.37725364818273,45.9160167715994,57.2067129721393,28.54524644517086,3.0714210156796327,65.57357411308004,Unfeasible shape,GPSampler,PRUNED
3916,3916,6.0,2026-04-21 18:55:25.332156,2026-04-21 18:55:25.490754,0 days 00:00:00.158598,-36.647288111926606,20.998613243134034,35.29895496382969,100.0,43.011906125181305,28.50312838255347,-59.95725774328008,46.08624290383762,57.02490618854299,28.652053251448912,2.9871748656976536,65.40435824218775,Unfeasible shape,GPSampler,PRUNED
3917,3917,6.0,2026-04-21 18:55:25.677778,2026-04-21 18:55:25.817303,0 days 00:00:00.139525,-36.72711937481624,21.16183855992508,34.9358467316555,100.0,42.771721870114916,28.890913329908102,-60.58438552243386,45.91229624667849,57.183180830889185,28.530410515523677,3.06512066660202,65.63708045311226,Unfeasible shape,GPSampler,PRUNED
3918,3918,6.0,2026-04-21 18:55:26.028192,2026-04-21 18:55:26.198839,0 days 00:00:00.170647,-36.78782770965148,20.971524799508863,34.8625480926889,100.0,42.694209193291584,28.936368192210104,-60.405239033983136,45.907594188429734,57.24492442487595,28.262632869379182,3.1072356745849916,65.73745095769621,Unfeasible shape,GPSampler,PRUNED
3919,3919,6.0,2026-04-21 18:55:26.403442,2026-04-21 18:55:26.573481,0 days 00:00:00.170039,-36.81233170562352,20.724962968298378,34.9427787846368,100.0,42.8120232625951,28.997022150237974,-60.2035782688274,45.82337534899281,57.209435810408756,28.71188717934136,3.1653660573980673,65.87044055912004,Unfeasible shape,GPSampler,PRUNED
3920,3920,6.0,2026-04-21 18:55:26.760522,2026-04-21 18:55:26.939627,0 days 00:00:00.179105,-36.921371272079156,21.23976000258881,34.31182586529881,100.0,42.76545280865008,29.58193186106073,-60.64523849942697,45.68412772655312,57.26921196249857,28.409751255552113,3.2500057804543445,65.99759011292315,Unfeasible shape,GPSampler,PRUNED
3921,3921,6.0,2026-04-21 18:55:27.110605,2026-04-21 18:55:27.340534,0 days 00:00:00.229929,-36.665845628723595,20.689150963494424,34.880596892012946,100.0,42.893431790618145,28.98849422852856,-60.233617005628375,45.718749142825565,57.139928285746585,28.878238931843335,3.156162327316153,65.87009693171291,Unfeasible shape,GPSampler,PRUNED
3922,3922,6.0,2026-04-21 18:55:27.532557,2026-04-21 18:55:27.697120,0 days 00:00:00.164563,-36.77726882050639,21.047052213687103,34.84039519586433,100.0,42.57632453311584,29.072315484971526,-60.37105175892216,45.939108247974325,57.188570066121244,28.430512757574935,3.1377531129127547,65.72304260152318,Unfeasible shape,GPSampler,PRUNED
3923,3923,6.0,2026-04-21 18:55:27.875576,2026-04-21 18:55:28.049737,0 days 00:00:00.174161,-36.7671159950912,21.341670644174428,34.79145206940895,100.0,42.83609075553264,28.967124039101847,-60.27582495959477,46.02384906345792,57.10760557565146,28.598628070333817,3.127006164153123,65.74125081966412,Unfeasible shape,GPSampler,PRUNED
3924,3924,6.0,2026-04-21 18:55:28.342972,2026-04-21 18:55:28.543002,0 days 00:00:00.200030,-36.78783683607034,20.961470140571997,34.94072011205455,100.0,42.70841181472555,29.014011082936968,-60.36692297598053,45.898641926367944,57.17343715347516,28.53555797650792,3.101596122120739,65.63513272961043,Unfeasible shape,GPSampler,PRUNED
3925,3925,6.0,2026-04-21 18:55:28.727401,2026-04-21 18:55:28.870406,0 days 00:00:00.143005,-37.14013588468537,20.722998484412408,33.90308082246999,100.0,43.1489306377743,30.087064330199773,-60.48545107861842,46.17973534298819,57.43577656410813,27.547501752733474,3.307288096274192,66.12679077260927,Unfeasible shape,GPSampler,PRUNED
3926,3926,6.0,2026-04-21 18:55:29.024905,2026-04-21 18:55:29.199014,0 days 00:00:00.174109,-36.815370522420544,21.337403860666562,34.079900577519396,100.0,42.970074565259985,29.217911132278132,-60.6558943231619,46.066701603927754,57.372612571217125,28.418980443693588,3.2555657455996325,66.32162814817697,Unfeasible shape,GPSampler,PRUNED
3927,3927,6.0,2026-04-21 18:55:29.377170,2026-04-21 18:55:29.578485,0 days 00:00:00.201315,-36.74998981980574,20.846349420111533,34.96326719120232,100.0,42.628119246672334,29.032953785517456,-60.33487706277906,45.74554801728879,57.114779142300605,28.545167486856432,3.1124180906536765,65.68710370912744,Unfeasible shape,GPSampler,PRUNED
3928,3928,6.0,2026-04-21 18:55:29.776865,2026-04-21 18:55:29.934654,0 days 00:00:00.157789,-36.737274088180534,20.35883155684742,34.627002434563366,100.0,42.88543246317983,28.900677924098325,-60.24173644819746,45.106695399318234,56.97026035818231,28.561735269229388,3.1657678797138757,65.54846515956123,Unfeasible shape,GPSampler,PRUNED
3929,3929,6.0,2026-04-21 18:55:30.210142,2026-04-21 18:55:30.368080,0 days 00:00:00.157938,-37.04384111811126,20.800896439110698,35.01183033710276,100.0,42.51303224872387,29.159068518996143,-60.43407126076223,45.67871965637809,57.133537853420115,28.392895249124635,3.0887786837232767,65.85326581885741,Unfeasible shape,GPSampler,PRUNED
3930,3930,6.0,2026-04-21 18:55:30.567776,2026-04-21 18:55:30.742590,0 days 00:00:00.174814,-36.77400211480708,21.36188989838402,34.63846529808442,100.0,42.67411816304558,29.25638108412779,-60.45268148260375,46.03649352614976,57.231279936889756,28.157579702822428,3.2298243901126042,65.65571588159608,Unfeasible shape,GPSampler,PRUNED
3931,3931,6.0,2026-04-21 18:55:30.925016,2026-04-21 18:55:31.082629,0 days 00:00:00.157613,-36.78499694546262,20.960326377907776,34.653197689075036,100.0,42.72764663460889,29.143713122053065,-60.4002259722847,45.89674009157082,57.27672703717324,28.334278666366014,3.145202830511181,65.68091354287056,Unfeasible shape,GPSampler,PRUNED
3932,3932,6.0,2026-04-21 18:55:31.284190,2026-04-21 18:55:31.522835,0 days 00:00:00.238645,-36.650350363844694,20.913931754777046,34.71687081317888,100.0,42.890797977150505,29.362708574720415,-60.46773110474089,46.484850667996405,57.678652042768306,28.243765774301497,3.034969776481084,65.64563371429836,Unfeasible shape,GPSampler,PRUNED
3933,3933,6.0,2026-04-21 18:55:31.701760,2026-04-21 18:55:31.885161,0 days 00:00:00.183401,-36.729321073667286,20.93742268296608,35.00189859433097,100.0,43.05254222294073,29.078324710621906,-60.25401517926301,45.84467617481036,57.16689220634551,28.521123090407137,3.1962808936509077,65.80586636395279,Unfeasible shape,GPSampler,PRUNED
3934,3934,6.0,2026-04-21 18:55:32.065062,2026-04-21 18:55:32.210266,0 days 00:00:00.145204,-36.62615917882442,20.863637129385836,34.9260974813355,100.0,42.74050779474841,28.942376700376684,-60.23349495617411,46.08993702578458,57.05773653462118,28.43321650170277,3.0760505585638853,65.7441032078312,Unfeasible shape,GPSampler,PRUNED
3935,3935,6.0,2026-04-21 18:55:32.394915,2026-04-21 18:55:32.580024,0 days 00:00:00.185109,-36.82821655422181,20.949258172922768,34.7729399984101,100.0,42.71220877740614,29.073214901820364,-60.15491868877106,45.99669956030811,57.27660484028427,28.187149627722704,3.190313302809905,65.8967884963453,Unfeasible shape,GPSampler,PRUNED
3936,3936,6.0,2026-04-21 18:55:32.787610,2026-04-21 18:55:32.984218,0 days 00:00:00.196608,-36.70593502681798,21.01838868675105,34.94321233928784,100.0,42.608029135610906,28.80506990148114,-60.44561430370528,45.713325940130254,57.07688271691981,28.579282466674194,3.0403482203259102,65.83681000943086,Unfeasible shape,GPSampler,PRUNED
3937,3937,6.0,2026-04-21 18:55:33.167101,2026-04-21 18:55:33.363233,0 days 00:00:00.196132,-36.78067931975889,21.068037101748864,34.81777244474297,100.0,43.0138999932135,29.049051626145776,-60.157444650113014,46.32990002469481,57.15479755049957,28.285807340442776,3.0341495195543544,65.60729910246033,Unfeasible shape,GPSampler,PRUNED
3938,3938,6.0,2026-04-21 18:55:33.603729,2026-04-21 18:55:33.794214,0 days 00:00:00.190485,-36.793365935148756,21.270262703340517,34.99030716120407,100.0,42.64170217465626,29.173427537781436,-60.31676578150493,45.77638006279446,56.92411293200203,28.38564626190904,3.13005133471561,65.7324292579234,Unfeasible shape,GPSampler,PRUNED
3939,3939,6.0,2026-04-21 18:55:33.961709,2026-04-21 18:55:34.186253,0 days 00:00:00.224544,-36.78091587945432,21.166575974631904,34.8318216421699,100.0,42.73688630642032,28.57731393277099,-60.43028701318538,45.76118773009234,56.953999718504384,28.80627665087411,3.0169060264214167,65.33962537651438,Unfeasible shape,GPSampler,PRUNED
3940,3940,6.0,2026-04-21 18:55:34.399234,2026-04-21 18:55:34.562767,0 days 00:00:00.163533,-36.79498212060503,20.774141709445395,34.77665255216529,100.0,42.65344930485619,29.12479008274233,-60.3394347518946,45.9153629423485,57.13160336010487,28.35603997012149,3.0899571323009667,65.57612463157639,Unfeasible shape,GPSampler,PRUNED
3941,3941,6.0,2026-04-21 18:55:34.783587,2026-04-21 18:55:34.952194,0 days 00:00:00.168607,-36.762974917129135,20.957716295088964,34.81238485170545,100.0,42.73859824702412,29.105215061350656,-60.32818558082572,45.94117445395765,57.14129236761997,28.333215688179852,3.1222025834182077,65.79278009634835,Unfeasible shape,GPSampler,PRUNED
3942,3942,6.0,2026-04-21 18:55:35.158815,2026-04-21 18:55:35.342408,0 days 00:00:00.183593,-36.812712079020834,20.950892536880044,34.71707198166966,100.0,42.923453501881085,29.163825597352258,-60.269676950812624,45.82959933641603,57.104848528091004,28.31122465226447,3.1212396446113218,65.7990253378052,Unfeasible shape,GPSampler,PRUNED
3943,3943,6.0,2026-04-21 18:55:35.530301,2026-04-21 18:55:35.701133,0 days 00:00:00.170832,-36.80842705609548,20.929554786843585,34.934610569381036,100.0,42.583986235621154,28.95780357432038,-60.362438863374194,45.940721795048056,57.11044659156421,28.589264025705557,3.106508613631476,65.6771060018974,Unfeasible shape,GPSampler,PRUNED
3944,3944,6.0,2026-04-21 18:55:35.864296,2026-04-21 18:55:36.022179,0 days 00:00:00.157883,-36.357353706700124,20.916573521690918,34.684908920979,100.0,43.35516570684082,28.95900958312278,-60.37395656952081,45.087091063005055,57.714655237757086,28.892691411772503,3.188932710377209,65.9002227004308,Unfeasible shape,GPSampler,PRUNED
3945,3945,6.0,2026-04-21 18:55:36.237568,2026-04-21 18:55:36.381765,0 days 00:00:00.144197,-36.726557408725085,21.03154489563314,34.87689365995152,100.0,42.750142460673885,28.92045881029118,-60.608735971292816,45.95065072023855,57.14535688609638,28.47688115660356,3.0422581923757335,65.669512557254,Unfeasible shape,GPSampler,PRUNED
3946,3946,6.0,2026-04-21 18:55:36.632892,2026-04-21 18:55:36.775726,0 days 00:00:00.142834,-36.78355547120872,20.83812882687321,35.225700213178385,100.0,42.547794348479194,28.91308658589884,-60.368390781275764,45.736538945755484,56.96783479824555,28.51767652214904,3.072966254091831,65.35458819044138,Unfeasible shape,GPSampler,PRUNED
3947,3947,6.0,2026-04-21 18:55:36.974877,2026-04-21 18:55:37.100735,0 days 00:00:00.125858,-36.74749603686032,21.310305951577185,34.708636770292465,100.0,42.93599510428168,29.154072279878832,-60.14756811361889,46.08108041620407,57.3761061332733,28.096053054302082,3.154403994921452,66.01923520594329,Unfeasible shape,GPSampler,PRUNED
3948,3948,6.0,2026-04-21 18:55:37.299869,2026-04-21 18:55:37.420363,0 days 00:00:00.120494,-36.72925748654834,21.158071502081217,34.722462971427944,100.0,42.647952304145896,29.378941293988028,-60.403219823889216,45.52944434740544,56.895120477447634,28.172619189261994,3.127741812670102,66.17059425363612,Unfeasible shape,GPSampler,PRUNED
3949,3949,6.0,2026-04-21 18:55:37.673962,2026-04-21 18:55:37.818672,0 days 00:00:00.144710,-36.80808848178702,20.902361270345335,34.8900270368202,100.0,42.83637534105658,29.062146174464317,-60.40596447178809,45.69943789866689,57.15269792283709,28.687620174860882,3.1570797892218962,65.79160406849103,Unfeasible shape,GPSampler,PRUNED
3950,3950,6.0,2026-04-21 18:55:38.023893,2026-04-21 18:55:38.150591,0 days 00:00:00.126698,-36.82535130572535,21.02020155645858,34.9375028837343,100.0,42.548756304803376,28.850317812447877,-60.41779677333511,45.63879383124538,57.13002044748417,28.40015820160541,3.048049071517468,65.52928642044778,Unfeasible shape,GPSampler,PRUNED
3951,3951,6.0,2026-04-21 18:55:38.361340,2026-04-21 18:55:38.510094,0 days 00:00:00.148754,-36.733860513827885,21.19366734349203,35.09560241981017,100.0,42.659054483305596,29.103249571956567,-60.34042983059784,45.557193344707684,56.674824450911075,28.397556054071867,3.1272982418793305,65.73949234174904,Unfeasible shape,GPSampler,PRUNED
3952,3952,6.0,2026-04-21 18:55:38.769934,2026-04-21 18:55:38.919812,0 days 00:00:00.149878,-36.80263099315074,21.46816795439631,34.70599521819457,100.0,42.60496623512083,29.093966242364466,-60.32537921608946,46.136778333596105,57.26216742032339,28.554346963758167,3.2129211010459997,66.13838947422971,Unfeasible shape,GPSampler,PRUNED
3953,3953,6.0,2026-04-21 18:55:39.121153,2026-04-21 18:55:39.262438,0 days 00:00:00.141285,-36.60107008207192,20.41645895500228,34.8679704968553,100.0,42.99439666224636,28.51777722479671,-59.99424264252958,46.58837167714162,57.06988001007064,28.476100838597613,3.113085651450355,65.7684605865988,Unfeasible shape,GPSampler,PRUNED
3954,3954,6.0,2026-04-21 18:55:39.531422,2026-04-21 18:55:39.692755,0 days 00:00:00.161333,-36.7716168935024,21.0974341830996,34.727951132813814,100.0,42.70244621743865,29.022767171574067,-60.37527846343869,45.91974382699,57.146260923813664,28.41504380419711,3.1343878383161297,65.79188158297156,Unfeasible shape,GPSampler,PRUNED
3955,3955,6.0,2026-04-21 18:55:39.886904,2026-04-21 18:55:40.074553,0 days 00:00:00.187649,-36.76061660827491,21.557914434903182,34.08523414781362,100.0,42.6696295176948,29.39976954105648,-60.57334328565523,45.9777383877902,57.38687289282493,28.137852226911676,3.2826640273232,66.13702010177053,Unfeasible shape,GPSampler,PRUNED
3956,3956,6.0,2026-04-21 18:55:40.291360,2026-04-21 18:55:40.432223,0 days 00:00:00.140863,-36.70971010754413,20.940364742557833,34.84765426140228,100.0,42.672633528970884,29.15475015227093,-60.3679234401596,45.87451170682447,57.257127202633484,28.321091881989304,3.1393840977044505,65.77604019036436,Unfeasible shape,GPSampler,PRUNED
3957,3957,6.0,2026-04-21 18:55:40.786051,2026-04-21 18:55:40.912498,0 days 00:00:00.126447,-36.793719027668864,20.98261775136612,34.482456226101306,100.0,42.49500974677633,29.107880018376996,-60.26175914425791,45.951189395382634,57.29358466794081,28.199400179235532,3.096069326537979,65.71676928958672,Unfeasible shape,GPSampler,PRUNED
3958,3958,6.0,2026-04-21 18:55:41.082222,2026-04-21 18:55:41.224179,0 days 00:00:00.141957,-36.83801177505053,20.85807268489186,35.01352247254475,100.0,42.79474089307627,28.631030734644938,-60.3342074001649,45.94188948717514,57.177638043978234,28.931800072145784,3.010829363538164,65.58233247018909,Unfeasible shape,GPSampler,PRUNED
3959,3959,6.0,2026-04-21 18:55:41.408674,2026-04-21 18:55:41.549863,0 days 00:00:00.141189,-36.79959115114797,20.986542020321657,34.93686984936859,100.0,42.9136174694361,28.79566374165333,-60.43857325667585,45.71414955833357,57.26940911851005,28.309569348809823,3.1655538905955183,65.7185877227569,Unfeasible shape,GPSampler,PRUNED
3960,3960,6.0,2026-04-21 18:55:41.749381,2026-04-21 18:55:41.993872,0 days 00:00:00.244491,-36.682157227888574,20.973584900513366,34.617767083105974,100.0,42.79501078144735,29.314294724329407,-60.35826724341608,45.96657801989576,57.29775016147066,27.751458498344633,3.1629994721395605,65.904859299641,Unfeasible shape,GPSampler,PRUNED
3961,3961,6.0,2026-04-21 18:55:42.174048,2026-04-21 18:55:42.319410,0 days 00:00:00.145362,-36.72870582869972,21.301143594915228,34.50918922523806,100.0,42.620657948063425,29.229723622351344,-60.68645564779683,45.904213971474164,57.289121574044955,28.348880673430905,3.132767041986746,65.83267948489281,Unfeasible shape,GPSampler,PRUNED
3962,3962,6.0,2026-04-21 18:55:42.519984,2026-04-21 18:55:42.665359,0 days 00:00:00.145375,-36.716207988463374,21.048844313148315,34.61065477248795,100.0,42.42876540915916,29.060592299446817,-60.51011446903445,46.25771817776395,57.029998811259134,28.101625019564047,3.320583875648815,65.71258743516069,Unfeasible shape,GPSampler,PRUNED
3963,3963,6.0,2026-04-21 18:55:42.865071,2026-04-21 18:55:43.118538,0 days 00:00:00.253467,-36.80396910230954,21.159315138710312,34.994876162394704,99.949658311042,42.63876951404352,28.734089335635097,-60.40524417033631,46.163277109505536,57.339585967976,28.402700291359835,3.168314836426191,65.68846566155729,Unfeasible shape,GPSampler,PRUNED
3964,3964,6.0,2026-04-21 18:55:43.364579,2026-04-21 18:55:43.502392,0 days 00:00:00.137813,-36.76502698634021,20.78864296563397,34.894860872313174,100.0,42.712452731475935,29.002900981189974,-60.34618216011771,45.91838503794299,57.12393060428288,28.460172533794957,3.0912807956558552,65.62609994949815,Unfeasible shape,GPSampler,PRUNED
3965,3965,6.0,2026-04-21 18:55:43.686502,2026-04-21 18:55:43.874808,0 days 00:00:00.188306,-36.72976520655013,20.94981068116453,35.21960228747781,100.0,42.64263157311842,28.891355466853398,-60.202590042084374,46.06225698316533,57.02862770543334,28.703923368744224,3.079577503745014,65.37752657370636,Unfeasible shape,GPSampler,PRUNED
3966,3966,6.0,2026-04-21 18:55:44.061036,2026-04-21 18:55:44.289449,0 days 00:00:00.228413,-36.717095480242094,21.13231814201663,34.58444095952605,100.0,42.701367712795005,29.179929472192136,-60.37005888140745,45.769291009927656,57.14712747027884,28.442551129742025,3.17460682209736,65.71621162602925,Unfeasible shape,GPSampler,PRUNED
3967,3967,6.0,2026-04-21 18:55:44.483028,2026-04-21 18:55:44.676573,0 days 00:00:00.193545,-36.7939326915529,20.777765687172213,34.611439667465255,100.0,42.929899105005205,28.94369636896087,-60.36481413652895,45.82439730723089,57.1223403637981,28.21531588550303,3.1278075285040146,65.82690405449156,Unfeasible shape,GPSampler,PRUNED
3968,3968,6.0,2026-04-21 18:55:44.856823,2026-04-21 18:55:45.020015,0 days 00:00:00.163192,-36.65105456124153,21.09195576711724,34.60887892539999,100.0,42.63987698069974,29.301147369255077,-60.63938207171016,45.850691640879084,57.313725563476424,28.231298361233186,3.1221737827512612,65.83018814567102,Unfeasible shape,GPSampler,PRUNED
3969,3969,6.0,2026-04-21 18:55:45.199283,2026-04-21 18:55:45.380542,0 days 00:00:00.181259,-36.782818451648936,21.09171856051491,34.85476682978814,100.0,42.83234378695853,29.066656414183782,-60.41045973787967,45.96271757842806,57.21161887452044,28.638707726289425,3.07473011210309,65.6068260839442,Unfeasible shape,GPSampler,PRUNED
3970,3970,6.0,2026-04-21 18:55:45.562670,2026-04-21 18:55:45.706520,0 days 00:00:00.143850,-36.80376212146657,20.832241810803282,34.750910452222016,100.0,42.47742404955251,28.846912039383653,-60.20438857852385,46.147239823131926,57.22251023747526,28.583207750500698,3.0615714499499305,65.7509313992647,Unfeasible shape,GPSampler,PRUNED
3971,3971,6.0,2026-04-21 18:55:45.889773,2026-04-21 18:55:46.079123,0 days 00:00:00.189350,-36.96061668682555,21.029628343027532,34.13898260405014,100.0,42.82292326330812,29.363377633051762,-60.559521171126704,45.54307589057991,57.29328752652989,28.25012984081384,3.2440451222625626,66.06783822148333,Unfeasible shape,GPSampler,PRUNED
3972,3972,6.0,2026-04-21 18:55:46.286891,2026-04-21 18:55:46.403337,0 days 00:00:00.116446,-36.78251378215142,21.064024705383925,34.91212551666896,100.0,42.54383564192409,29.062950358623667,-60.515581234974725,45.87927292695571,57.246522943402475,28.071269538953906,3.192419546916213,65.77973282665455,Unfeasible shape,GPSampler,PRUNED
3973,3973,6.0,2026-04-21 18:55:46.641359,2026-04-21 18:55:46.805757,0 days 00:00:00.164398,-36.803477499997534,20.996348335719706,34.93659483378025,100.0,42.7593610372378,28.910970095323435,-60.40911729408768,45.89745005395002,57.11539516113606,28.54723382123149,3.0809720838260546,65.59145963791836,Unfeasible shape,GPSampler,PRUNED
3974,3974,6.0,2026-04-21 18:55:47.000497,2026-04-21 18:55:47.160758,0 days 00:00:00.160261,-36.91533172867963,20.827992028051913,34.65780646092685,100.0,42.83608287517466,29.178192488986753,-60.17432440731662,45.831144779815894,57.08582114429452,28.298966902530925,3.1434249969660826,65.85586823096227,Unfeasible shape,GPSampler,PRUNED
