,number,value,datetime_start,datetime_complete,duration,params_lLegPt.rA1,params_lLegPt.rL0,params_lLegPt.rL1,params_lLegPt.rL2,params_lLegPt.x1,params_lLegPt.y1,params_sLegPt.rA1,params_sLegPt.rL0,params_sLegPt.rL1,params_sLegPt.rL2,params_sLegPt.x1,params_sLegPt.y1,user_attrs_prune,system_attrs_auto:sampler,state
3399,3399,6.0,2026-04-21 18:52:19.544730,2026-04-21 18:52:19.725618,0 days 00:00:00.180888,-36.79060572192021,21.18859997007989,34.84587950919901,100.0,42.81357172456177,29.01249022047351,-60.28515127619863,45.93234869144512,57.121214309907984,28.40788113555695,3.0919488721872455,65.74209393645428,Unfeasible shape,GPSampler,PRUNED
3400,3400,6.0,2026-04-21 18:52:19.920231,2026-04-21 18:52:20.076808,0 days 00:00:00.156577,-36.784683292296414,20.974962668793513,34.88884371287317,100.0,42.68993824831653,28.98061526014593,-60.301838455794595,45.915426324486845,57.04580191293533,28.41488740068425,3.127991853236729,65.74498275311501,Unfeasible shape,GPSampler,PRUNED
3401,3401,6.0,2026-04-21 18:52:20.236578,2026-04-21 18:52:20.375585,0 days 00:00:00.139007,-36.756700163792374,20.89062032047524,34.71449699216672,100.0,42.73174190243284,29.146037042353854,-60.39225623461833,46.02624861457153,57.265793392735134,28.537911492414025,3.1040549264215826,65.74738924756595,Unfeasible shape,GPSampler,PRUNED
3402,3402,6.0,2026-04-21 18:52:20.547716,2026-04-21 18:52:20.739032,0 days 00:00:00.191316,-36.80563099972087,20.920398067401024,34.543836698578,100.0,42.62438704572058,29.210893608078273,-60.43455091677892,45.9623466613691,57.27307815921808,28.4621322743261,3.1672252854077954,65.89070915784453,Unfeasible shape,GPSampler,PRUNED
3403,3403,6.0,2026-04-21 18:52:20.936736,2026-04-21 18:52:21.095251,0 days 00:00:00.158515,-36.781477942288255,20.4088313668819,35.2457610225024,100.0,42.9864473480335,28.61907195298803,-60.020156427786965,45.658615975147846,57.02589482901072,28.198290998509904,2.984087185130676,65.09632091128866,Unfeasible shape,GPSampler,PRUNED
3404,3404,6.0,2026-04-21 18:52:21.297147,2026-04-21 18:52:21.447700,0 days 00:00:00.150553,-36.8041538404366,21.207621321466227,35.10397167336175,100.0,43.01373465778566,28.988865680742308,-60.34230206220483,45.88993771322597,57.269323481192956,28.591797432277556,3.0913897425006738,65.64378044917872,Unfeasible shape,GPSampler,PRUNED
3405,3405,6.0,2026-04-21 18:52:21.633681,2026-04-21 18:52:21.835108,0 days 00:00:00.201427,-36.89577104687452,20.983118119133167,35.382237276472125,100.0,43.074483466744816,29.365160622014756,-59.739007082451806,46.06740679604446,56.79059901082288,28.49131067060093,3.1353205741705352,65.38457762821434,Unfeasible shape,GPSampler,PRUNED
3406,3406,6.0,2026-04-21 18:52:21.995667,2026-04-21 18:52:22.150787,0 days 00:00:00.155120,-36.77031203603673,21.170496130919858,34.661084059794895,100.0,42.92653319315246,28.950298082787626,-60.34552324079679,45.90626752873675,57.13277875735047,28.591725547721044,3.0746702970022,65.72547308537914,Unfeasible shape,GPSampler,PRUNED
3407,3407,6.0,2026-04-21 18:52:22.328917,2026-04-21 18:52:22.475284,0 days 00:00:00.146367,-36.86249072255759,20.79054549756936,35.19401229993116,100.0,43.120896091032094,28.840993937504273,-60.10174595599231,45.94987646037509,57.019098995339874,28.47356061369067,3.1011241673894503,65.71279486920245,Unfeasible shape,GPSampler,PRUNED
3408,3408,6.0,2026-04-21 18:52:22.660707,2026-04-21 18:52:22.865134,0 days 00:00:00.204427,-36.765542729238454,20.960574247928413,34.977097706584004,100.0,42.75170218202664,29.153176926096243,-60.353185409819176,45.881092476153604,57.11748611405443,28.43148114016996,3.1121205957243063,65.6730109137653,Unfeasible shape,GPSampler,PRUNED
3409,3409,6.0,2026-04-21 18:52:23.067613,2026-04-21 18:52:23.246217,0 days 00:00:00.178604,-36.85455687671927,20.85256531556347,35.0528160903142,100.0,42.82583447445024,28.880030351423372,-60.35181021139388,45.760980448374454,57.14252766092665,28.59651045711925,3.0830238520283544,65.57803670704749,Unfeasible shape,GPSampler,PRUNED
3410,3410,6.0,2026-04-21 18:52:23.433136,2026-04-21 18:52:23.600009,0 days 00:00:00.166873,-36.73615736667236,21.032292595650205,34.92050339615304,100.0,42.798512397953296,28.608235899651362,-60.50677682441258,46.047230499506824,57.05812992509458,28.691633555903138,3.002638614621361,65.50429876292272,Unfeasible shape,GPSampler,PRUNED
3411,3411,6.0,2026-04-21 18:52:23.776614,2026-04-21 18:52:23.882884,0 days 00:00:00.106270,-36.800209340671074,20.824635975106986,35.0028274034079,100.0,42.62975116751051,28.984030865469386,-60.3341924095016,46.01727032664558,57.10730021386244,28.457299686059514,3.048863344081248,65.56455753575587,Unfeasible shape,GPSampler,PRUNED
3412,3412,6.0,2026-04-21 18:52:24.043676,2026-04-21 18:52:24.206499,0 days 00:00:00.162823,-36.79628915284753,20.991033446396763,34.535237481442664,100.0,42.54306884058839,29.355344377596793,-60.47459534109409,45.80119940337012,57.32622882543236,28.181509933898866,3.151582871257574,65.8489411962133,Unfeasible shape,GPSampler,PRUNED
3413,3413,6.0,2026-04-21 18:52:24.398040,2026-04-21 18:52:24.538583,0 days 00:00:00.140543,-36.8022908638482,20.98914815083935,34.726827262031236,100.0,42.621299301224404,28.916507232205284,-60.26960610800971,45.72101631343904,56.923541932160845,28.291261458710522,3.2226212038098083,65.89161242254072,Unfeasible shape,GPSampler,PRUNED
3414,3414,6.0,2026-04-21 18:52:24.737597,2026-04-21 18:52:24.869274,0 days 00:00:00.131677,-36.918157733103875,20.496161494268037,34.86581670446944,100.0,42.709172144185295,28.923111328455562,-60.165930778536364,45.96961623531502,57.12274936828216,28.40388447999368,3.0839101650486427,65.73039784202577,Unfeasible shape,GPSampler,PRUNED
3415,3415,6.0,2026-04-21 18:52:25.063774,2026-04-21 18:52:25.228003,0 days 00:00:00.164229,-36.680199863226036,20.857651836640066,34.74173789544121,100.0,42.60211291169958,29.23766467712405,-60.468490364223854,46.003787535068774,57.25521905871046,28.247285284712127,3.112227311031887,65.7552644228156,Unfeasible shape,GPSampler,PRUNED
3416,3416,6.0,2026-04-21 18:52:25.412759,2026-04-21 18:52:25.648136,0 days 00:00:00.235377,-36.78658812963127,21.049202290913456,34.621785930749716,100.0,42.64878889112327,29.18026068178662,-60.48192048939538,46.06919091185467,57.34683907146325,28.277464641213253,3.1399802423514345,65.80553210636499,Unfeasible shape,GPSampler,PRUNED
3417,3417,6.0,2026-04-21 18:52:25.869046,2026-04-21 18:52:26.036259,0 days 00:00:00.167213,-36.52448351113921,21.21259633888005,34.09278469364919,100.0,42.95448264332742,29.315313653754593,-60.410095899126034,45.74952975289065,57.7034792051541,27.95595063695343,3.1507280170721756,65.66411499147962,Unfeasible shape,GPSampler,PRUNED
3418,3418,6.0,2026-04-21 18:52:26.219812,2026-04-21 18:52:26.372251,0 days 00:00:00.152439,-36.804250332484756,21.430994016150898,34.08324518977031,100.0,43.39780333804263,29.557214036587723,-60.59518074395898,46.008693950307226,57.17938309943755,27.97736207752178,3.2253298603096283,66.43555381424606,Unfeasible shape,GPSampler,PRUNED
3419,3419,6.0,2026-04-21 18:52:26.552216,2026-04-21 18:52:26.698468,0 days 00:00:00.146252,-36.73863781291545,20.944380949212167,34.89536544871112,100.0,42.969146411661576,28.996791058136772,-60.25292271893201,45.938000104057636,57.11774795178089,28.56516737742001,3.0658603447349364,65.48179650439343,Unfeasible shape,GPSampler,PRUNED
3420,3420,6.0,2026-04-21 18:52:26.931827,2026-04-21 18:52:27.071779,0 days 00:00:00.139952,-36.76880348359589,21.092123946215214,34.879384366001304,100.0,42.76404563145811,29.097460398678606,-60.33581115171222,45.85491018776928,57.171971925937974,28.558104959153333,3.130048951859088,65.78153498185573,Unfeasible shape,GPSampler,PRUNED
3421,3421,6.0,2026-04-21 18:52:27.249120,2026-04-21 18:52:27.407269,0 days 00:00:00.158149,-36.813207910374864,20.653799164018686,35.1103099680965,100.0,42.65776183189942,29.369549286837632,-60.258858495917,45.75527214243187,57.054653660003844,28.38331627127024,3.1263781059142417,65.71491689023176,Unfeasible shape,GPSampler,PRUNED
3422,3422,6.0,2026-04-21 18:52:27.567526,2026-04-21 18:52:27.718171,0 days 00:00:00.150645,-36.8190056294002,20.91478038654951,34.79439025653957,100.0,42.69593908734599,29.00920082476476,-60.26886297048324,46.049404248612205,57.1863618038531,28.320193515633633,3.072353605225601,65.72653539463676,Unfeasible shape,GPSampler,PRUNED
3423,3423,6.0,2026-04-21 18:52:27.917621,2026-04-21 18:52:28.079684,0 days 00:00:00.162063,-36.81147220533108,21.01029097504579,34.48917537698287,100.0,42.50127279175278,29.052916507462363,-60.22676281280956,45.804962174037534,57.23822102267811,28.40525455633746,3.1235963684945247,65.87770305891397,Unfeasible shape,GPSampler,PRUNED
3424,3424,6.0,2026-04-21 18:52:28.262513,2026-04-21 18:52:28.420568,0 days 00:00:00.158055,-36.828994004984644,21.01167482553435,34.57120888327307,100.0,42.84884668377579,28.757807104487625,-60.50991219923439,45.95187307939508,57.272245252904085,28.464260908715538,3.180312719048338,66.03091735293148,Unfeasible shape,GPSampler,PRUNED
3425,3425,6.0,2026-04-21 18:52:28.645071,2026-04-21 18:52:28.787644,0 days 00:00:00.142573,-36.716859578309965,21.020673899698632,34.87656868694431,100.0,42.76068993687368,28.990114193486825,-60.453921124018066,45.937044092933576,57.17172978435082,28.502183921853163,3.094746950479447,65.64842366756024,Unfeasible shape,GPSampler,PRUNED
3426,3426,6.0,2026-04-21 18:52:29.049392,2026-04-21 18:52:29.194795,0 days 00:00:00.145403,-36.63635122969007,21.193433951256132,34.59878294343095,100.0,42.91631197561645,29.050347327422998,-60.297338687053184,45.896253002489715,57.39050268655527,28.04482208097476,3.2237438431782053,66.03479500913829,Unfeasible shape,GPSampler,PRUNED
3427,3427,6.0,2026-04-21 18:52:29.372455,2026-04-21 18:52:29.596587,0 days 00:00:00.224132,-36.70950849745977,21.051825125514956,34.65408183304374,100.0,42.79413144502736,29.03205143904372,-60.47411111456097,45.83611355496532,57.168753550480396,28.482154488200646,3.0906809000822264,65.70866750088416,Unfeasible shape,GPSampler,PRUNED
3428,3428,6.0,2026-04-21 18:52:29.851119,2026-04-21 18:52:30.034894,0 days 00:00:00.183775,-36.67750250497998,21.096847133935242,34.940493128728136,100.0,42.64498376462796,28.90218976943755,-60.26695416168939,46.07993805999846,57.09771938585315,28.227329356990534,3.1134739719615254,65.79021011186703,Unfeasible shape,GPSampler,PRUNED
3429,3429,6.0,2026-04-21 18:52:30.212251,2026-04-21 18:52:30.344176,0 days 00:00:00.131925,-36.91113465961324,21.1780058195504,35.06377097983015,100.0,42.68611419082866,28.9589434830337,-60.36419833005897,46.33537276364388,57.07404696699912,28.471965503491365,3.1669365561962906,65.94327773405375,Unfeasible shape,GPSampler,PRUNED
3430,3430,6.0,2026-04-21 18:52:30.562709,2026-04-21 18:52:30.760349,0 days 00:00:00.197640,-36.76913823211169,21.198867391124786,34.63427828300854,100.0,42.889860439103785,28.90101259943438,-60.432505931601675,46.0265646112417,57.33096897026893,28.320593417704835,3.0938339779532456,65.75488661287989,Unfeasible shape,GPSampler,PRUNED
3431,3431,6.0,2026-04-21 18:52:30.959785,2026-04-21 18:52:31.133922,0 days 00:00:00.174137,-36.79021547367673,20.96942945470623,34.8001830961461,100.0,43.06407946644461,29.16614686810169,-60.472009085731514,45.961147371033405,57.07880002837669,28.373596173681452,3.1024153317122654,65.5194826256059,Unfeasible shape,GPSampler,PRUNED
3432,3432,6.0,2026-04-21 18:52:31.308136,2026-04-21 18:52:31.419265,0 days 00:00:00.111129,-36.71225674034011,21.096553895539685,34.94716617773142,100.0,42.72170129692149,29.024275504981887,-60.37407239012472,45.9440070268044,57.16367385511207,28.375627975588383,3.114163445570888,65.6195664108842,Unfeasible shape,GPSampler,PRUNED
3433,3433,6.0,2026-04-21 18:52:31.603532,2026-04-21 18:52:31.858954,0 days 00:00:00.255422,-36.95958156301855,21.329315997675295,34.85149936920922,100.0,42.594918794550104,28.928309080202872,-60.42475678438258,46.05325884527795,57.30896960031483,28.307065503835275,3.08540445626317,65.2205707592992,Unfeasible shape,GPSampler,PRUNED
3434,3434,6.0,2026-04-21 18:52:32.078170,2026-04-21 18:52:32.243818,0 days 00:00:00.165648,-36.75418489785933,20.932422187161848,34.92833137135521,100.0,42.74455400930712,29.15448075720316,-60.27545792520573,45.774871864517905,57.171024110304195,28.48620472740069,3.123908620651129,65.74720503781708,Unfeasible shape,GPSampler,PRUNED
3435,3435,6.0,2026-04-21 18:52:32.535089,2026-04-21 18:52:32.688800,0 days 00:00:00.153711,-36.70747944681578,21.153133336889404,34.811181343070885,100.0,42.605229033952384,29.19621595973412,-60.39519857907559,45.88760091732168,57.2034310636217,28.43787797511121,3.102359984583579,65.60575586495705,Unfeasible shape,GPSampler,PRUNED
3436,3436,6.0,2026-04-21 18:52:32.849904,2026-04-21 18:52:33.009087,0 days 00:00:00.159183,-36.7632172895468,21.28607112201885,34.75609380975645,100.0,42.835819375955836,28.95139614025711,-60.36827393534761,45.957056056013144,57.110833977493385,28.546482889873978,3.045544713804013,65.44315937518172,Unfeasible shape,GPSampler,PRUNED
3437,3437,6.0,2026-04-21 18:52:33.276505,2026-04-21 18:52:33.427642,0 days 00:00:00.151137,-36.70667778379075,20.738366932579304,34.90708454446671,100.0,42.75886063751229,29.19959013832691,-60.46502696535609,45.91059820670849,57.112297417872746,28.74669202839926,3.185487373114597,65.95470220140363,Unfeasible shape,GPSampler,PRUNED
3438,3438,6.0,2026-04-21 18:52:33.607428,2026-04-21 18:52:33.765509,0 days 00:00:00.158081,-36.80532527193975,20.711031066617586,34.87584086836688,100.0,42.906526707276775,29.114757501286697,-59.947757929605686,45.972040718142765,56.881371856628384,28.59992562693922,3.165535205763959,66.03411983236421,Unfeasible shape,GPSampler,PRUNED
3439,3439,6.0,2026-04-21 18:52:33.940742,2026-04-21 18:52:34.082965,0 days 00:00:00.142223,-36.773985371920396,21.53907221437154,34.43099117359206,100.0,42.671985120567186,29.368092984967767,-60.44416745852307,45.83321864670174,57.32358527725652,28.330283547120686,3.1635418638325845,65.81804648248303,Unfeasible shape,GPSampler,PRUNED
3440,3440,6.0,2026-04-21 18:52:34.271490,2026-04-21 18:52:34.382152,0 days 00:00:00.110662,-36.91042736804594,20.584703341678804,35.02766087484609,100.0,43.00386568911608,29.144168274283317,-60.540127530331304,46.12228178045724,57.02855385596464,28.8679455259668,3.0800237778162085,65.65699430725525,Unfeasible shape,GPSampler,PRUNED
3441,3441,6.0,2026-04-21 18:52:34.548379,2026-04-21 18:52:34.708268,0 days 00:00:00.159889,-36.860720963034034,20.812063120373203,34.813916283200186,100.0,42.62786060124203,29.06883453188609,-60.30659659272308,46.06400690294287,57.01283226061175,28.67257820895126,3.1514340153450533,65.74186168802908,Unfeasible shape,GPSampler,PRUNED
3442,3442,6.0,2026-04-21 18:52:34.894248,2026-04-21 18:52:35.037049,0 days 00:00:00.142801,-36.863832945721185,20.92191973576257,34.604308595917004,100.0,42.571586701418234,29.123644433371446,-60.3354307164857,45.91244950106452,57.23464431073693,28.614392664264507,3.163227292453456,65.85996001209024,Unfeasible shape,GPSampler,PRUNED
3443,3443,6.0,2026-04-21 18:52:35.251072,2026-04-21 18:52:35.403785,0 days 00:00:00.152713,-36.864107420495536,20.838131329437886,34.820665783130835,100.0,42.83676558965024,28.93926996695744,-60.268610298415034,45.84534815195814,57.15105333891362,28.447903565159184,3.1281670612869945,65.79436928905206,Unfeasible shape,GPSampler,PRUNED
3444,3444,6.0,2026-04-21 18:52:35.590130,2026-04-21 18:52:35.768468,0 days 00:00:00.178338,-36.71558588609907,20.94588806662763,34.55693366938968,100.0,42.6510233147838,29.224245777388326,-60.37633367838859,46.015425391623296,57.17454954737392,28.25578678450862,3.1434339438546743,65.60264170679909,Unfeasible shape,GPSampler,PRUNED
3445,3445,6.0,2026-04-21 18:52:35.991262,2026-04-21 18:52:36.175536,0 days 00:00:00.184274,-36.77934745683852,20.815492939967548,34.994484507571315,100.0,42.7737362504917,28.95614178594129,-60.31898446393304,45.79358498141305,57.04416517674171,28.29339476777696,3.0428847583564362,65.76196271917445,Unfeasible shape,GPSampler,PRUNED
3446,3446,6.0,2026-04-21 18:52:36.410097,2026-04-21 18:52:36.540029,0 days 00:00:00.129932,-36.7198321032917,21.03124489424631,34.53753219527522,100.0,42.900270785501775,29.05477447806912,-60.356502235063815,45.97586855956039,57.01030027185487,28.760670193681964,3.0834304813183806,65.55334648164057,Unfeasible shape,GPSampler,PRUNED
3447,3447,6.0,2026-04-21 18:52:36.753524,2026-04-21 18:52:36.913023,0 days 00:00:00.159499,-36.85762569651617,20.952168595289105,34.53686324722351,100.0,42.636153030520305,28.903115864736193,-60.490422910994724,45.92559939199462,57.19589315630003,28.275530395061722,3.0681474483279843,65.72219004791759,Unfeasible shape,GPSampler,PRUNED
3448,3448,6.0,2026-04-21 18:52:37.093258,2026-04-21 18:52:37.242490,0 days 00:00:00.149232,-36.80336018562939,21.095420430520686,34.623165220797475,100.0,43.11515222950385,29.387684685475172,-60.45534681065949,45.52172226004979,57.06943104820844,28.24885658236538,3.180737932138946,65.9469684576643,Unfeasible shape,GPSampler,PRUNED
3449,3449,6.0,2026-04-21 18:52:37.418651,2026-04-21 18:52:37.560530,0 days 00:00:00.141879,-36.803425148866346,21.192955379692016,34.80205994374258,100.0,42.74164697557081,28.754569946306816,-60.500346425874724,45.96903780416283,57.19054546101184,28.50210715795213,3.076790446479535,65.41686333474405,Unfeasible shape,GPSampler,PRUNED
3450,3450,6.0,2026-04-21 18:52:37.748631,2026-04-21 18:52:37.939843,0 days 00:00:00.191212,-36.75888169810844,21.423808658428996,34.7863261426934,100.0,42.680090767144094,28.63458059149859,-60.65970715149214,45.99499989311595,57.1350086624517,28.89040700966547,3.017569705961577,65.52496028369163,Unfeasible shape,GPSampler,PRUNED
3451,3451,6.0,2026-04-21 18:52:38.139621,2026-04-21 18:52:38.308469,0 days 00:00:00.168848,-36.86538985412155,20.868744924479355,34.90822927188509,100.0,42.700915622610815,29.291916160942797,-60.305858601945395,45.74194744577799,57.19930872150067,28.452188160344903,3.133825970347175,65.86313127989209,Unfeasible shape,GPSampler,PRUNED
3452,3452,6.0,2026-04-21 18:52:38.494407,2026-04-21 18:52:38.677005,0 days 00:00:00.182598,-36.83873935198899,21.03870599103021,34.7976615399824,100.0,42.742348348218485,29.041424622887824,-60.33696742225533,45.950534834999694,57.109071812200135,28.510096910772827,3.096201054671127,65.74735752974311,Unfeasible shape,GPSampler,PRUNED
3453,3453,6.0,2026-04-21 18:52:38.988943,2026-04-21 18:52:39.147416,0 days 00:00:00.158473,-36.72348640946209,20.924851755745195,34.949403977960415,100.0,42.695046373496865,29.106993344820168,-60.392244356679285,45.97430946599708,57.2462291179934,28.176566671310944,3.119982965018579,65.78627184523778,Unfeasible shape,GPSampler,PRUNED
3454,3454,6.0,2026-04-21 18:52:39.377417,2026-04-21 18:52:39.541163,0 days 00:00:00.163746,-36.77461516754992,21.044851728272953,34.85713838439583,100.0,42.67937133459362,28.902077183568977,-60.38976177056642,45.9810130266004,57.250794170898196,28.488455865996585,3.1051213823843327,65.64038433188216,Unfeasible shape,GPSampler,PRUNED
3455,3455,6.0,2026-04-21 18:52:39.732978,2026-04-21 18:52:39.939940,0 days 00:00:00.206962,-36.7454317035544,20.97539065777582,34.59487833448068,100.0,42.53796605222032,29.224631994464936,-60.308356911649014,45.876153491233325,57.35778708034161,28.291912491997735,3.142406119496883,65.91065946385157,Unfeasible shape,GPSampler,PRUNED
3456,3456,6.0,2026-04-21 18:52:40.136148,2026-04-21 18:52:40.351913,0 days 00:00:00.215765,-36.83181884577401,21.032966191906077,34.827169079610144,100.0,42.711428689973225,28.962137113106586,-60.396374130988306,45.96065404278419,57.24546954930926,28.381843756064217,3.124612378743741,65.74715570123914,Unfeasible shape,GPSampler,PRUNED
3457,3457,6.0,2026-04-21 18:52:40.528315,2026-04-21 18:52:40.680591,0 days 00:00:00.152276,-36.74374383654938,20.984119966294262,34.96500556410332,100.0,42.77605321409325,28.87541134491255,-60.40195621629783,45.768020509702694,57.09125725318683,28.465962777498085,3.155532309614671,65.75134091885046,Unfeasible shape,GPSampler,PRUNED
3458,3458,6.0,2026-04-21 18:52:40.850358,2026-04-21 18:52:41.015765,0 days 00:00:00.165407,-36.81939951938111,20.773273068594047,34.88216911689322,100.0,42.74986415295587,29.04264556998369,-60.22912674846002,45.79443598222121,57.13052155310848,28.474588593765876,3.160066906020873,65.78057472673501,Unfeasible shape,GPSampler,PRUNED
3459,3459,6.0,2026-04-21 18:52:41.190827,2026-04-21 18:52:41.366018,0 days 00:00:00.175191,-36.77620137337986,21.20927942342164,34.76781818600219,100.0,43.010319790708216,29.263014442076347,-60.43462714627959,45.92162624583076,57.233910072344045,27.99241985341449,3.1443623855532223,65.66337318852504,Unfeasible shape,GPSampler,PRUNED
3460,3460,6.0,2026-04-21 18:52:41.516011,2026-04-21 18:52:41.654041,0 days 00:00:00.138030,-36.842721776449224,20.706953527159264,35.22076028840851,100.0,43.171004650832735,28.849186689097998,-60.20267422362309,46.002789705594154,56.80053255821485,28.514733363686435,3.0069293907967563,65.39928700224,Unfeasible shape,GPSampler,PRUNED
3461,3461,6.0,2026-04-21 18:52:41.854600,2026-04-21 18:52:41.997058,0 days 00:00:00.142458,-36.75537850166162,21.188079170535058,34.94560389697139,100.0,42.77984373646774,28.829200178905907,-60.45159303160054,45.93743841502199,57.101437211795655,28.529766199623307,3.065626938016486,65.53333641622469,Unfeasible shape,GPSampler,PRUNED
3462,3462,6.0,2026-04-21 18:52:42.216441,2026-04-21 18:52:42.463573,0 days 00:00:00.247132,-36.79629921957124,21.020635127299585,34.83053360932868,100.0,42.749316807621526,29.012888794807658,-60.34399971596248,45.88355779654531,57.10171270245814,28.38302988801825,3.109862483893309,65.7088482009192,Unfeasible shape,GPSampler,PRUNED
