,number,value,datetime_start,datetime_complete,duration,params_lLegPt.rA1,params_lLegPt.rL0,params_lLegPt.rL1,params_lLegPt.rL2,params_lLegPt.x1,params_lLegPt.y1,params_sLegPt.rA1,params_sLegPt.rL0,params_sLegPt.rL1,params_sLegPt.rL2,params_sLegPt.x1,params_sLegPt.y1,user_attrs_prune,system_attrs_auto:sampler,state
2503,2503,6.0,2026-04-21 18:47:01.608102,2026-04-21 18:47:01.772819,0 days 00:00:00.164717,-36.7873954839923,20.895342173290434,34.941023942039735,100.0,42.74273699281434,29.162240727970662,-60.31344206506029,46.10392059683211,57.178236589443095,28.14995760565048,3.100920120178756,65.59432394840327,Unfeasible shape,GPSampler,PRUNED
2504,2504,6.0,2026-04-21 18:47:01.943609,2026-04-21 18:47:02.088386,0 days 00:00:00.144777,-36.731132440356284,20.87624235661187,34.77425690486217,100.0,42.744623450066776,29.154977101534797,-60.38782980043263,45.85697604576379,56.990498098014065,28.33964901650208,3.1106367765747933,65.72421646288204,Unfeasible shape,GPSampler,PRUNED
2505,2505,6.0,2026-04-21 18:47:02.389319,2026-04-21 18:47:02.532030,0 days 00:00:00.142711,-36.8039351896327,20.94640215438602,34.763071132708966,100.0,43.00294861701661,28.79251794113503,-60.24749542768288,45.89962415694942,57.003064216581436,28.469982910162745,3.100279490422537,65.79288916751005,Unfeasible shape,GPSampler,PRUNED
2506,2506,6.0,2026-04-21 18:47:02.723466,2026-04-21 18:47:02.881499,0 days 00:00:00.158033,-36.718114451377204,21.26529670200221,34.925569049767006,100.0,42.91225496723008,29.047155970987575,-60.485759194266706,45.71949834639516,57.05635966936112,28.38235628996181,3.069692049819402,65.6208413373615,Unfeasible shape,GPSampler,PRUNED
2507,2507,6.0,2026-04-21 18:47:03.066926,2026-04-21 18:47:03.208113,0 days 00:00:00.141187,-36.79370961015209,21.01497817235311,34.86167490774999,100.0,42.819840838011146,29.03986255739781,-60.33256200989493,45.94957684610018,57.13526600290577,28.51842395387163,3.116475657607424,65.74879888220919,Unfeasible shape,GPSampler,PRUNED
2508,2508,6.0,2026-04-21 18:47:03.384518,2026-04-21 18:47:03.523201,0 days 00:00:00.138683,-36.83931491724783,21.116306610152797,34.689325721283616,100.0,43.04309844729306,29.109487566205424,-60.442401756836716,46.12664058743939,56.9416848971817,28.308883004189838,3.1426969432013294,65.43299311444518,Unfeasible shape,GPSampler,PRUNED
2509,2509,6.0,2026-04-21 18:47:03.663726,2026-04-21 18:47:03.838972,0 days 00:00:00.175246,-36.79895296209432,20.883562147762273,34.75946456707905,100.0,42.60217710046097,29.09500002704484,-60.51199777864868,46.0086910200597,57.16706596021372,28.237445331545103,3.1392997906405,65.65593848719826,Unfeasible shape,GPSampler,PRUNED
2510,2510,6.0,2026-04-21 18:47:04.025942,2026-04-21 18:47:04.176227,0 days 00:00:00.150285,-36.751166465988774,20.980474557551858,34.58259778976666,100.0,42.7425630655722,29.05599142780124,-60.4320531216048,45.75740394776422,56.94216506759267,28.5132041248226,3.1486186887187415,65.9469821212664,Unfeasible shape,GPSampler,PRUNED
2511,2511,6.0,2026-04-21 18:47:04.385036,2026-04-21 18:47:04.551483,0 days 00:00:00.166447,-36.71657250868493,20.751278869087113,34.622726813552035,100.0,42.83441023786067,29.0487863116902,-60.430325464602774,46.03978396085361,56.83935759533665,28.141602043262925,3.085590534629908,65.68978824424195,Unfeasible shape,GPSampler,PRUNED
2512,2512,6.0,2026-04-21 18:47:04.735464,2026-04-21 18:47:04.898260,0 days 00:00:00.162796,-36.810878491416275,20.737740998765844,35.03049503793282,100.0,42.823096996091415,29.0495095395961,-60.28852167901013,45.95737434308074,57.336582786219786,28.500177612326457,3.0389137915042994,65.70775282005056,Unfeasible shape,GPSampler,PRUNED
2513,2513,6.0,2026-04-21 18:47:05.084013,2026-04-21 18:47:05.227401,0 days 00:00:00.143388,-36.778161283666165,20.760354080062328,35.01256695955474,100.0,42.83254301954521,28.80454831231691,-60.36070676053697,45.83318285508669,57.12725599022924,28.70756261919126,3.0816057880517533,65.65269936902855,Unfeasible shape,GPSampler,PRUNED
2514,2514,6.0,2026-04-21 18:47:05.363012,2026-04-21 18:47:05.520454,0 days 00:00:00.157442,-36.80118942942859,21.20327987932981,34.678010007461204,100.0,42.84959467315778,28.84774082549535,-60.63906620814684,45.841587231968134,57.13397783775486,28.54244654265026,3.137920625786137,65.62067940181059,Unfeasible shape,GPSampler,PRUNED
2515,2515,6.0,2026-04-21 18:47:05.705939,2026-04-21 18:47:05.866231,0 days 00:00:00.160292,-36.86625693819093,20.87707618541058,34.9120648165984,100.0,42.90893081562784,29.18157460718613,-60.26245872463937,45.71842930785414,57.050982251318274,28.394049027793297,3.120190297354135,65.8065296071153,Unfeasible shape,GPSampler,PRUNED
2516,2516,6.0,2026-04-21 18:47:06.028541,2026-04-21 18:47:06.170079,0 days 00:00:00.141538,-36.65422781555022,20.75997553073251,35.05202548061631,100.0,42.83479576861906,28.993942667383187,-60.42189218576911,45.81650673125623,56.99215592251485,28.4633419928489,3.095931847676482,65.72590658520632,Unfeasible shape,GPSampler,PRUNED
2517,2517,6.0,2026-04-21 18:47:06.335569,2026-04-21 18:47:06.494047,0 days 00:00:00.158478,-36.73170192223471,21.078660041585067,34.964191216289436,100.0,42.78876516289768,29.14753372195041,-60.33622596495406,45.88826649966028,57.09754507413567,28.366624242037936,3.1231534431484675,65.64785786299505,Unfeasible shape,GPSampler,PRUNED
2518,2518,6.0,2026-04-21 18:47:06.733094,2026-04-21 18:47:06.907425,0 days 00:00:00.174331,-36.814645084795444,21.06000272349026,34.77129479751525,100.0,42.685658938357584,28.912812988773986,-60.35315450795399,46.12210338311839,57.28985833464357,28.51743191821886,3.0991122353594136,65.69253515485602,Unfeasible shape,GPSampler,PRUNED
2519,2519,6.0,2026-04-21 18:47:07.077261,2026-04-21 18:47:07.202966,0 days 00:00:00.125705,-36.8063780309591,21.013919429979964,34.772544859253145,100.0,42.77690162553761,29.008495579786477,-60.41737931026616,45.898886174858426,57.198975071756685,28.380585705416216,3.1020616599952575,65.64161274671604,Unfeasible shape,GPSampler,PRUNED
2520,2520,6.0,2026-04-21 18:47:07.409172,2026-04-21 18:47:07.571682,0 days 00:00:00.162510,-36.76501407686779,20.754605544881912,34.94781101116865,100.0,42.750250281706904,29.4843958848641,-60.41895588804597,45.419527613521,57.13069842316192,28.25778815005857,3.087742623925074,65.85215003058494,Unfeasible shape,GPSampler,PRUNED
2521,2521,6.0,2026-04-21 18:47:07.822792,2026-04-21 18:47:07.998847,0 days 00:00:00.176055,-36.78901339458103,20.928846703712132,34.81129250578441,100.0,42.883687981789826,29.006556886221674,-60.43727670525107,45.93149335441919,57.14073915631198,28.337973381905584,3.110064990529523,65.72603090618044,Unfeasible shape,GPSampler,PRUNED
2522,2522,6.0,2026-04-21 18:47:08.171077,2026-04-21 18:47:08.281565,0 days 00:00:00.110488,-36.925982685380596,20.917396100035436,34.66842385330075,100.0,42.91385405791127,28.963745486324157,-60.08927170242444,45.83985399226562,57.117754687493566,28.513634217939245,3.170198559286547,65.9455960358744,Unfeasible shape,GPSampler,PRUNED
2523,2523,6.0,2026-04-21 18:47:08.459509,2026-04-21 18:47:08.603815,0 days 00:00:00.144306,-36.762695212956544,21.214305415515856,34.481716396429064,100.0,42.64030811960818,29.086268809614495,-60.693706924254826,45.88502082987019,57.20199723184848,28.324262238446018,3.094070183847407,65.77890245069693,Unfeasible shape,GPSampler,PRUNED
2524,2524,6.0,2026-04-21 18:47:08.794433,2026-04-21 18:47:08.902930,0 days 00:00:00.108497,-36.82482904171821,20.955995670523137,34.6568309607985,100.0,42.71423255434069,28.9270464161677,-60.25777786043633,46.02770575437134,57.25597531904207,28.59139313019379,3.107262606554002,65.84368220739636,Unfeasible shape,GPSampler,PRUNED
2525,2525,6.0,2026-04-21 18:47:09.202976,2026-04-21 18:47:09.427148,0 days 00:00:00.224172,-36.92459158677549,21.306780356346184,34.92762207221237,100.0,42.77697995503727,28.735944213750507,-60.26934639107725,45.99235639107527,57.146262565371394,28.99113940898468,2.9974243182879334,65.4107680444995,Unfeasible shape,GPSampler,PRUNED
2526,2526,6.0,2026-04-21 18:47:09.646962,2026-04-21 18:47:09.793714,0 days 00:00:00.146752,-36.83226647671325,21.054936948632786,34.632400838784164,100.0,42.73300591316041,29.20474043766781,-60.33698019202744,45.89607826811971,57.20585712044151,28.388423839939964,3.134889365561918,65.99560274581232,Unfeasible shape,GPSampler,PRUNED
2527,2527,6.0,2026-04-21 18:47:09.974668,2026-04-21 18:47:10.110326,0 days 00:00:00.135658,-36.79836433310293,20.711758931392392,35.178306800228924,100.0,42.88638544800371,28.8570132619229,-60.35770821336238,46.13082798435019,56.86507016691149,28.40269455374447,3.0489360146089055,65.50033434120019,Unfeasible shape,GPSampler,PRUNED
2528,2528,6.0,2026-04-21 18:47:10.289707,2026-04-21 18:47:10.480800,0 days 00:00:00.191093,-36.758695665071656,21.15806178329112,34.83780835546472,100.0,42.61330887630735,28.992718314250126,-60.39601398544255,46.011531308557586,57.2183709319791,28.408811556762632,3.1231351917288634,65.53179107267331,Unfeasible shape,GPSampler,PRUNED
2529,2529,6.0,2026-04-21 18:47:10.664798,2026-04-21 18:47:10.807102,0 days 00:00:00.142304,-36.77701366842368,21.205835888739298,34.94630277381968,100.0,42.83523959921232,28.996147499517228,-60.22417720711695,46.063011922363486,57.053171917848175,28.236976217458302,3.1154295816506874,65.75222660586114,Unfeasible shape,GPSampler,PRUNED
2530,2530,6.0,2026-04-21 18:47:10.988159,2026-04-21 18:47:11.125704,0 days 00:00:00.137545,-36.91968749041312,20.82658201240882,34.661975633995525,100.0,42.72524898779835,28.676405403220713,-59.9061361102366,46.267773320194415,57.264643320110586,28.469299499302625,3.1825447801333695,65.95716796422525,Unfeasible shape,GPSampler,PRUNED
2531,2531,6.0,2026-04-21 18:47:11.307296,2026-04-21 18:47:11.428651,0 days 00:00:00.121355,-36.691841243409584,21.164167122217883,34.721683394758145,100.0,42.935429314888545,29.067789462000427,-60.50764264568191,45.89898691889599,57.072313425778766,28.220217743696015,3.122661818371597,65.54709483252374,Unfeasible shape,GPSampler,PRUNED
2532,2532,6.0,2026-04-21 18:47:11.721280,2026-04-21 18:47:11.871437,0 days 00:00:00.150157,-36.80680452961394,21.009404994423925,34.641320112630986,100.0,42.90292523755903,29.397173791105985,-60.49731281141803,45.90296516385153,57.160705055036004,28.177550495969914,3.2053608210879148,65.7361610326956,Unfeasible shape,GPSampler,PRUNED
2533,2533,6.0,2026-04-21 18:47:12.046163,2026-04-21 18:47:12.219895,0 days 00:00:00.173732,-36.79437534151125,21.017877927405156,34.94100504833816,100.0,42.750974556783675,28.956196294280225,-60.35371216683316,45.927542603777844,57.119832708038246,28.5295567695886,3.0934190201121083,65.63727007598236,Unfeasible shape,GPSampler,PRUNED
2534,2534,6.0,2026-04-21 18:47:12.404806,2026-04-21 18:47:12.629145,0 days 00:00:00.224339,-36.749297739336264,21.02546263790334,34.80740758833679,100.0,42.76737655592638,29.0100318854019,-60.45578973911768,46.00713756075777,57.26280074395823,28.421524043499893,3.0944327662022886,65.57858143116886,Unfeasible shape,GPSampler,PRUNED
2535,2535,6.0,2026-04-21 18:47:12.795477,2026-04-21 18:47:12.924832,0 days 00:00:00.129355,-36.75696188219354,20.978429379772937,34.81558012315926,100.0,42.70266189200104,29.10351798761701,-60.30784096189053,45.93654146542294,57.06325424073829,28.35088101813265,3.096512253380304,65.72818077163643,Unfeasible shape,GPSampler,PRUNED
2536,2536,6.0,2026-04-21 18:47:13.108124,2026-04-21 18:47:13.329478,0 days 00:00:00.221354,-36.82346616454419,20.835755092298715,35.34496325275748,100.0,42.695617186423675,29.225917073057907,-60.345459593700326,46.33559720883435,57.108034570772894,28.54846608691753,2.965297063366471,65.44664867780519,Unfeasible shape,GPSampler,PRUNED
2537,2537,6.0,2026-04-21 18:47:13.484964,2026-04-21 18:47:13.643032,0 days 00:00:00.158068,-36.706506577368984,20.830364686529556,34.308736636536025,100.0,42.624618279408104,29.692650062884923,-60.565572302027974,45.44882000635485,57.1230145028713,28.62446343129404,3.3568303833624924,66.58956492803905,Unfeasible shape,GPSampler,PRUNED
2538,2538,6.0,2026-04-21 18:47:13.838095,2026-04-21 18:47:13.986386,0 days 00:00:00.148291,-36.88870753660485,20.75250929669928,34.74155058582055,100.0,42.950711844054915,28.83631417376438,-60.25044558688729,45.67085383022966,56.92905647796526,28.288059319805615,3.140556470263192,65.78812104079881,Unfeasible shape,GPSampler,PRUNED
2539,2539,6.0,2026-04-21 18:47:14.163589,2026-04-21 18:47:14.376623,0 days 00:00:00.213034,-36.69900412733301,20.88552943301724,34.4856200955916,100.0,42.31726808199725,28.73998095858716,-60.75725969007405,45.89741695480324,57.403930109173075,28.16057924578439,3.191209475852382,65.71626770022333,Unfeasible shape,GPSampler,PRUNED
2540,2540,6.0,2026-04-21 18:47:14.569978,2026-04-21 18:47:14.774314,0 days 00:00:00.204336,-36.77638187832953,21.04030041071959,34.82713125713623,100.0,42.72173699489734,28.889073029096792,-60.2658237697445,46.009355248127505,57.16129761149056,28.40862891755912,3.1301370611842856,65.75236353178028,Unfeasible shape,GPSampler,PRUNED
2541,2541,6.0,2026-04-21 18:47:14.948771,2026-04-21 18:47:15.101674,0 days 00:00:00.152903,-36.617523229358255,20.91176128266006,34.55302338757645,100.0,42.74330405609267,29.00034392436151,-60.37132798869739,46.16274159556136,57.26915076651218,28.55620050238746,3.189976828719992,65.83475159298102,Unfeasible shape,GPSampler,PRUNED
2542,2542,6.0,2026-04-21 18:47:15.281675,2026-04-21 18:47:15.402952,0 days 00:00:00.121277,-36.78559183322369,21.036621647210836,35.01486290279297,100.0,42.77415293234858,29.03160223921379,-60.40584161174054,45.9765789801035,57.271972055923705,28.447127367518366,3.1162977040141655,65.68992802033861,Unfeasible shape,GPSampler,PRUNED
2543,2543,6.0,2026-04-21 18:47:15.567106,2026-04-21 18:47:15.746067,0 days 00:00:00.178961,-36.74968654894455,20.97808446234974,34.856150820476046,100.0,42.549397033325654,29.42250428468261,-60.28260576579814,46.1610446979241,57.09227840266102,28.412524603463616,3.2225206480913187,66.45741710562663,Unfeasible shape,GPSampler,PRUNED
2544,2544,6.0,2026-04-21 18:47:15.928191,2026-04-21 18:47:16.102106,0 days 00:00:00.173915,-36.79198529568028,20.965000730216765,34.8490356535267,100.0,42.76207991018975,29.123461793024198,-60.413473845839114,45.62206113370693,57.02653086567462,28.502767155881017,3.1632539368691184,65.7356425497063,Unfeasible shape,GPSampler,PRUNED
2545,2545,6.0,2026-04-21 18:47:16.346969,2026-04-21 18:47:16.526131,0 days 00:00:00.179162,-36.79823102162904,21.10243461354345,35.023989913737225,100.0,42.76222925772851,29.292118393390616,-60.35530433887382,45.85545556989899,57.20353544433138,28.17213534463723,3.1074923699971677,65.6952907261026,Unfeasible shape,GPSampler,PRUNED
2546,2546,6.0,2026-04-21 18:47:16.697458,2026-04-21 18:47:16.837506,0 days 00:00:00.140048,-36.795214149554425,21.09886122165582,34.70015281624761,100.0,42.73584790423127,29.11579363677022,-60.38829991965696,45.987985982744334,57.22786551478581,28.23775164521783,3.164351992857462,65.7617084018228,Unfeasible shape,GPSampler,PRUNED
2547,2547,6.0,2026-04-21 18:47:16.993867,2026-04-21 18:47:17.172005,0 days 00:00:00.178138,-36.532899783264185,20.785010317547524,35.52779226425773,100.0,42.2163629166688,29.049093432457198,-60.13107520027341,46.252615778127904,56.8620889108728,28.120121308993742,2.973463391609876,65.37294972622203,Unfeasible shape,GPSampler,PRUNED
2548,2548,6.0,2026-04-21 18:47:17.354170,2026-04-21 18:47:17.480958,0 days 00:00:00.126788,-36.79014363377934,21.12532554888808,34.76171529889409,100.0,42.786810432209904,29.258434772016102,-60.212320681312846,46.05271865695979,57.51037108566228,28.435872212524362,3.1632577205286054,65.88240558341516,Unfeasible shape,GPSampler,PRUNED
2549,2549,6.0,2026-04-21 18:47:17.670911,2026-04-21 18:47:17.886161,0 days 00:00:00.215250,-36.98079588301583,20.827715833699738,35.095427646137495,100.0,42.653347948996974,28.716588895158765,-59.997451838694246,46.12709141847015,57.27246023022772,28.299551043305666,3.0112009888495095,65.2638003301318,Unfeasible shape,GPSampler,PRUNED
2550,2550,6.0,2026-04-21 18:47:18.062968,2026-04-21 18:47:18.291202,0 days 00:00:00.228234,-36.95833205507633,20.21841158374093,34.69167981823864,100.0,43.55843320410541,28.826418729190195,-60.37723880291804,45.3532557886724,56.48678762266039,29.189925550137644,3.1349089091076507,65.79808850726477,Unfeasible shape,GPSampler,PRUNED
2551,2551,6.0,2026-04-21 18:47:18.474305,2026-04-21 18:47:18.613883,0 days 00:00:00.139578,-36.68769038710267,20.978660556104952,34.932445125297924,100.0,42.767659278458694,29.041306047415162,-60.32643885016209,45.95716385174699,57.11646327947941,28.44960862921215,3.104649729738256,65.66304530694192,Unfeasible shape,GPSampler,PRUNED
2552,2552,6.0,2026-04-21 18:47:18.808982,2026-04-21 18:47:18.951448,0 days 00:00:00.142466,-36.749344627135706,20.681603396827832,34.996690971000604,100.0,42.97886515267618,28.892429289729,-60.32474796485512,45.881700897612845,57.03452785738808,28.597003402059947,3.1119225284309664,65.65316877376267,Unfeasible shape,GPSampler,PRUNED
2553,2553,6.0,2026-04-21 18:47:19.139893,2026-04-21 18:47:19.304937,0 days 00:00:00.165044,-36.63992305543109,20.723314388627266,34.98318154161991,100.0,42.466531832467,29.591444442827537,-60.43138903659138,45.59750369726719,57.12338379333598,28.087551259710178,3.095571470511139,66.0797854701022,Unfeasible shape,GPSampler,PRUNED
2554,2554,6.0,2026-04-21 18:47:19.516794,2026-04-21 18:47:19.663761,0 days 00:00:00.146967,-36.82425402536464,21.117897531547854,34.95016920706238,100.0,42.69538254009237,29.04118108593626,-60.06883965454175,45.93716149142751,57.096107542390484,28.52327010373995,3.076642204303937,65.74165001612229,Unfeasible shape,GPSampler,PRUNED
2555,2555,6.0,2026-04-21 18:47:19.849316,2026-04-21 18:47:20.031716,0 days 00:00:00.182400,-36.6662656489541,20.643101862083576,34.67453628036107,100.0,42.560359394181276,29.268539375462353,-60.36146677078331,46.09693596927029,57.280675946763054,28.045315252491022,3.1001155393474136,66.0209111106713,Unfeasible shape,GPSampler,PRUNED
2556,2556,6.0,2026-04-21 18:47:20.199622,2026-04-21 18:47:20.374016,0 days 00:00:00.174394,-36.850464278709396,20.434395753165315,34.622874634023916,100.0,42.88384430243593,29.256291630996635,-60.53584847028492,45.82504948932223,56.82153090253315,28.629082834344196,3.126219039373119,66.06777749655629,Unfeasible shape,GPSampler,PRUNED
2557,2557,6.0,2026-04-21 18:47:20.559485,2026-04-21 18:47:20.719707,0 days 00:00:00.160222,-36.776977065323344,21.134126484094043,34.92126317444307,100.0,42.869058048450874,28.84414319090542,-60.31925058844469,45.75281897576879,57.172839439560384,28.39814498490869,3.1407225367911877,65.59691472534155,Unfeasible shape,GPSampler,PRUNED
2558,2558,6.0,2026-04-21 18:47:20.909433,2026-04-21 18:47:21.128702,0 days 00:00:00.219269,-36.773863815991476,20.931374076604655,35.14901986022021,100.0,42.89690204268674,28.51100706219679,-60.496285641124395,46.06424414307042,57.33391931891692,28.67272065902443,3.058308580438265,65.43013018733824,Unfeasible shape,GPSampler,PRUNED
2559,2559,6.0,2026-04-21 18:47:21.335503,2026-04-21 18:47:21.502089,0 days 00:00:00.166586,-36.861675633259374,20.767693426639916,35.06573677757375,100.0,42.91973615979486,28.5846346847675,-60.42225643218269,45.95066144388484,57.10716673332174,28.2642891987223,3.1345898775862153,65.82157054677319,Unfeasible shape,GPSampler,PRUNED
2560,2560,6.0,2026-04-21 18:47:21.677367,2026-04-21 18:47:21.909757,0 days 00:00:00.232390,-36.85389700081293,21.221484693795936,34.490571983922685,100.0,42.72260080376211,29.358525934494516,-60.39099084659132,45.85922669902392,56.95529001006057,28.216387803060297,3.1876994251950705,65.85580336499557,Unfeasible shape,GPSampler,PRUNED
2561,2561,6.0,2026-04-21 18:47:22.065202,2026-04-21 18:47:22.270619,0 days 00:00:00.205417,-36.631783558664694,21.266013404872318,34.55403440906447,100.0,42.90753830125593,28.867936865103502,-61.07164046558303,45.85618175518717,56.92255270466173,28.70875788802482,2.9843647478346824,65.42335461495529,Unfeasible shape,GPSampler,PRUNED
2562,2562,6.0,2026-04-21 18:47:22.470848,2026-04-21 18:47:22.660452,0 days 00:00:00.189604,-36.73462588123958,20.70036133605162,34.76918799669595,100.0,42.73382463910434,28.88037808378327,-60.53177865715207,45.62515836730135,57.26291473997325,28.482581709126098,3.1641812408593353,65.53348094314994,Unfeasible shape,GPSampler,PRUNED
2563,2563,6.0,2026-04-21 18:47:22.830236,2026-04-21 18:47:22.962234,0 days 00:00:00.131998,-36.76599942573063,21.013907808395928,34.78927618707969,100.0,42.77825701280907,29.111948157786294,-60.41925886344457,45.96623081106456,57.250394351524356,28.475996697326625,3.0713393414880557,65.6770756089137,Unfeasible shape,GPSampler,PRUNED
2564,2564,6.0,2026-04-21 18:47:23.131704,2026-04-21 18:47:23.226849,0 days 00:00:00.095145,-36.7497729461,20.920388827693316,34.58555482386143,100.0,42.608719662122965,29.019394532671036,-60.55594854805391,46.047297057601284,57.36394612772077,28.203599621351806,3.12947287291545,65.57030697095436,Unfeasible shape,GPSampler,PRUNED
2565,2565,6.0,2026-04-21 18:47:23.453041,2026-04-21 18:47:23.584237,0 days 00:00:00.131196,-36.81525579438058,21.17272955066617,34.79285856209258,100.0,42.88710324946281,29.176243870409813,-60.30674888742652,46.06046081302018,57.10678846969939,28.414024450281445,3.130711554422291,65.83806238117754,Unfeasible shape,GPSampler,PRUNED
2566,2566,6.0,2026-04-21 18:47:23.756820,2026-04-21 18:47:23.899429,0 days 00:00:00.142609,-36.805149453552914,21.152959801149336,34.94278776002278,100.0,42.888090450962636,29.16573256774602,-60.368346054768395,46.133933670906465,57.147138632003646,28.33454367608369,3.0857655261670516,65.55068379473065,Unfeasible shape,GPSampler,PRUNED
