,number,value,datetime_start,datetime_complete,duration,params_lLegPt.rA1,params_lLegPt.rL0,params_lLegPt.rL1,params_lLegPt.rL2,params_lLegPt.x1,params_lLegPt.y1,params_sLegPt.rA1,params_sLegPt.rL0,params_sLegPt.rL1,params_sLegPt.rL2,params_sLegPt.x1,params_sLegPt.y1,user_attrs_prune,system_attrs_auto:sampler,state
1671,1671,6.0,2026-04-21 18:42:18.266801,2026-04-21 18:42:18.399370,0 days 00:00:00.132569,-36.85784007966538,20.890529244194276,35.251466489167576,100.0,42.729927110175936,28.9036634107133,-60.30137150474407,46.16013854091236,57.039370346887985,28.44812483624516,3.092699599461504,65.55978202990231,Unfeasible shape,GPSampler,PRUNED
1672,1672,6.0,2026-04-21 18:42:18.533135,2026-04-21 18:42:18.665038,0 days 00:00:00.131903,-36.78743291250689,21.341784924482802,34.15764498110179,100.0,43.27377965796865,29.242540828347927,-60.38356629423855,45.9291351388585,57.429819741180744,28.195439902742553,3.2900796300322526,66.06653569738377,Unfeasible shape,GPSampler,PRUNED
1673,1673,6.0,2026-04-21 18:42:18.857539,2026-04-21 18:42:19.044601,0 days 00:00:00.187062,-36.80044647457286,21.011904160858013,34.48110451863779,100.0,42.744503896955685,29.194523222359827,-60.464285888233185,46.08889196186043,57.26923864257442,28.200631932390653,3.1756869734347077,65.94619045544137,Unfeasible shape,GPSampler,PRUNED
1674,1674,6.0,2026-04-21 18:42:19.279833,2026-04-21 18:42:19.397738,0 days 00:00:00.117905,-36.90271533962358,20.71892337226972,35.00270538713526,100.0,42.50825269460738,28.822205092711144,-60.17438553337941,45.82832717553931,57.08603922945573,28.734847821944648,3.137465094628432,65.78618174467391,Unfeasible shape,GPSampler,PRUNED
1675,1675,6.0,2026-04-21 18:42:19.545973,2026-04-21 18:42:19.657319,0 days 00:00:00.111346,-36.76364192581514,21.014604251641828,34.78821392116221,100.0,42.711258882421994,29.100048762912756,-60.45002108567495,45.95443180662114,57.07950655992478,28.423966315403398,3.0811743110598755,65.6291292250419,Unfeasible shape,GPSampler,PRUNED
1676,1676,6.0,2026-04-21 18:42:19.807881,2026-04-21 18:42:19.975954,0 days 00:00:00.168073,-36.821741654767884,21.37324026270962,34.932676329951114,100.0,42.84585175152881,29.31206474649133,-60.15873400386297,46.04532242385852,57.389874742715776,28.062660581602255,3.2862277862375535,65.71426267787213,Unfeasible shape,GPSampler,PRUNED
1677,1677,6.0,2026-04-21 18:42:20.135324,2026-04-21 18:42:20.308996,0 days 00:00:00.173672,-36.774819900934204,20.990862572265232,35.00079736630183,100.0,42.85671091818385,29.014604125033976,-60.18740808760452,45.91635312767685,57.02246457026768,28.42718383623106,3.119937843973183,65.72769671056545,Unfeasible shape,GPSampler,PRUNED
1678,1678,6.0,2026-04-21 18:42:20.480604,2026-04-21 18:42:20.687233,0 days 00:00:00.206629,-36.831759275290324,20.699807528862976,34.84567673356885,100.0,42.686342408901666,28.91897116191665,-60.34931947952218,45.9174026991237,57.17489063669457,28.47854808203116,3.047196541824327,65.74819563332572,Unfeasible shape,GPSampler,PRUNED
1679,1679,6.0,2026-04-21 18:42:20.952153,2026-04-21 18:42:21.141926,0 days 00:00:00.189773,-36.78332627039903,21.0605933801177,35.26075431997941,100.0,43.12789653701398,28.5684853754979,-60.22653881642934,46.15213521445556,57.23902839504031,28.916114542569726,3.0642947520960533,65.40903417436117,Unfeasible shape,GPSampler,PRUNED
1680,1680,6.0,2026-04-21 18:42:21.308542,2026-04-21 18:42:21.466044,0 days 00:00:00.157502,-36.79128098935183,21.262757802408863,34.908601659779144,100.0,42.81708451350494,28.669929419408128,-60.320162065703,46.004983901446025,57.112920335973655,28.551653496470667,3.059983479358415,65.58998612307356,Unfeasible shape,GPSampler,PRUNED
1681,1681,6.0,2026-04-21 18:42:21.622401,2026-04-21 18:42:21.844136,0 days 00:00:00.221735,-36.70598326279754,21.65734603014883,34.4846414214421,100.0,43.262274428977676,29.539653409795648,-60.60047729611993,45.99553289628178,57.2994616417011,28.137932064666497,3.2005579545809155,65.9049528635275,Unfeasible shape,GPSampler,PRUNED
1682,1682,6.0,2026-04-21 18:42:22.026244,2026-04-21 18:42:22.200058,0 days 00:00:00.173814,-36.92522414609977,20.83926245430333,34.63876328971584,100.0,42.570995793064135,29.231772208813233,-60.14755400414751,46.01105067757371,57.29975774630545,28.403571944374825,3.051712209842293,65.85840061515374,Unfeasible shape,GPSampler,PRUNED
1683,1683,6.0,2026-04-21 18:42:22.350475,2026-04-21 18:42:22.495763,0 days 00:00:00.145288,-36.766275631172114,21.76158141447594,33.8682603644175,100.0,42.8853595829207,29.29003150114454,-60.63153582884516,45.639424920675765,57.525490998659784,27.80976266922947,3.2282496961192706,66.07066140683249,Unfeasible shape,GPSampler,PRUNED
1684,1684,6.0,2026-04-21 18:42:22.633416,2026-04-21 18:42:22.775635,0 days 00:00:00.142219,-36.880251208920285,20.32629526833518,35.59912531965901,99.93567813206522,42.646866145136926,29.17656015394092,-60.29241953207078,45.60072706186242,57.15567676620774,28.42792132384617,3.0667799575804793,65.33675339557949,Unfeasible shape,GPSampler,PRUNED
1685,1685,6.0,2026-04-21 18:42:23.005361,2026-04-21 18:42:23.147012,0 days 00:00:00.141651,-36.76369191962607,21.097325202997794,34.84568674970464,100.0,42.81574401934133,29.01072361189916,-60.422977363752565,45.98262911624655,57.11885121827006,28.439321339206817,3.078830667167651,65.62543779902425,Unfeasible shape,GPSampler,PRUNED
1686,1686,6.0,2026-04-21 18:42:23.314234,2026-04-21 18:42:23.457168,0 days 00:00:00.142934,-36.68720450566701,21.119959559029276,34.68136768758592,100.0,42.67524965923972,29.1653211012613,-60.65460788905235,45.970394551275064,57.251662709322396,28.34844097525002,3.1217560895864054,65.74903618807224,Unfeasible shape,GPSampler,PRUNED
1687,1687,6.0,2026-04-21 18:42:23.607759,2026-04-21 18:42:23.734405,0 days 00:00:00.126646,-36.779750818138616,21.071539548249834,34.789598604409605,100.0,42.77600269593998,29.01788435782359,-60.36538072708782,45.876178797746356,57.15383104795328,28.428310667286482,3.148288348298813,65.70508760833602,Unfeasible shape,GPSampler,PRUNED
1688,1688,6.0,2026-04-21 18:42:24.017623,2026-04-21 18:42:24.144486,0 days 00:00:00.126863,-36.751848289397174,21.046320311774977,35.030276789979425,100.0,42.70596696600411,28.95850796309154,-60.41714368089063,45.92939384881132,57.08694970198408,28.854432080814703,3.061724255540547,65.5139451200671,Unfeasible shape,GPSampler,PRUNED
1689,1689,6.0,2026-04-21 18:42:24.342025,2026-04-21 18:42:24.468636,0 days 00:00:00.126611,-36.76849885577655,20.885175903998757,34.90417697740415,100.0,42.76878469896354,28.75489882579472,-60.164312317177064,45.903434401588015,57.114653187138536,28.283252536644937,3.078998515645189,65.44116643985085,Unfeasible shape,GPSampler,PRUNED
1690,1690,6.0,2026-04-21 18:42:24.729999,2026-04-21 18:42:24.872984,0 days 00:00:00.142985,-36.702558248219376,21.047718189925675,34.918577634541606,100.0,42.86047751631401,28.949776901984904,-60.37303408905218,45.97262780165077,57.10773488419826,28.45090399933757,3.101706686524423,65.630164383898,Unfeasible shape,GPSampler,PRUNED
1691,1691,6.0,2026-04-21 18:42:25.038987,2026-04-21 18:42:25.180480,0 days 00:00:00.141493,-36.865317327372885,21.036136980507926,34.50933193410259,100.0,42.560870480605786,29.066877050001253,-60.574529275327734,45.93142363748973,57.18818708096177,28.17547196933142,3.106851347456953,65.6682336064525,Unfeasible shape,GPSampler,PRUNED
1692,1692,6.0,2026-04-21 18:42:25.344146,2026-04-21 18:42:25.470991,0 days 00:00:00.126845,-36.774906673236984,21.017015916296103,34.60154476344656,100.0,42.79486303733782,29.17900063217089,-60.59261737197467,45.797910484648305,57.033367778957256,28.191092746646337,3.156381512504055,65.57577196598464,Unfeasible shape,GPSampler,PRUNED
1693,1693,6.0,2026-04-21 18:42:25.612179,2026-04-21 18:42:25.725690,0 days 00:00:00.113511,-36.65341339645823,21.063080207856807,34.86992082435501,100.0,42.55534404526241,28.856563325431125,-60.49504430239779,46.25289783727,57.30893354701165,28.466505452668198,3.0334334181776796,65.49685619084856,Unfeasible shape,GPSampler,PRUNED
1694,1694,6.0,2026-04-21 18:42:25.876253,2026-04-21 18:42:25.986879,0 days 00:00:00.110626,-36.75277990809286,21.232022590043414,34.7440414101735,100.0,42.679903979978604,28.9476945501478,-60.42687064928514,46.033653646735395,57.20315854387554,28.547161981495528,3.105932570229328,65.69268546876785,Unfeasible shape,GPSampler,PRUNED
1695,1695,6.0,2026-04-21 18:42:26.127292,2026-04-21 18:42:26.269551,0 days 00:00:00.142259,-36.76028140786367,20.88656198314105,34.731452719601464,100.0,42.517742872130455,29.133224488222133,-60.41745675054145,46.06587589469123,57.17965735839237,28.26807303237746,3.1140391614726894,65.77485367323459,Unfeasible shape,GPSampler,PRUNED
1696,1696,6.0,2026-04-21 18:42:26.474355,2026-04-21 18:42:26.615406,0 days 00:00:00.141051,-36.723172417320015,21.038584583452014,34.78871155466294,100.0,42.74241878881451,28.960442734965028,-60.332827262496,45.996807918942345,57.082497500816736,28.324729778883118,3.135499452083401,65.69948789783304,Unfeasible shape,GPSampler,PRUNED
1697,1697,6.0,2026-04-21 18:42:26.772207,2026-04-21 18:42:26.972128,0 days 00:00:00.199921,-36.74123558382626,20.27763596419314,36.49783629489919,99.72262367239603,42.98376846071571,28.565226271979597,-60.11371864152634,45.70714164997087,56.39707595128457,29.15700439824179,2.9258616317336816,64.80818064603285,Unfeasible shape,GPSampler,PRUNED
1698,1698,6.0,2026-04-21 18:42:27.201527,2026-04-21 18:42:27.344662,0 days 00:00:00.143135,-36.662291176552856,21.09869975525382,34.21002513746821,99.99750368931545,42.4887914710485,29.765780461160553,-60.34587035389943,46.014336609056244,57.50770593319965,27.87622046656651,3.1704293173458638,66.15752452082621,Unfeasible shape,GPSampler,PRUNED
1699,1699,6.0,2026-04-21 18:42:27.525231,2026-04-21 18:42:27.714929,0 days 00:00:00.189698,-37.04414908608865,21.24580598088191,34.4202210990192,100.0,42.52357925194168,29.077626305807563,-60.31951700273306,45.87337288876335,57.19680474552329,28.31842515732931,3.0863517357904726,65.61256420597468,Unfeasible shape,GPSampler,PRUNED
1700,1700,6.0,2026-04-21 18:42:28.148133,2026-04-21 18:42:28.259239,0 days 00:00:00.111106,-36.693103386438366,21.652110612777626,34.220348579081936,99.90575343042354,42.74072113909246,28.766282724074152,-60.25096639642794,45.866755430775456,57.40773548934667,28.67323272708278,3.171069404513567,66.06529361893256,Unfeasible shape,GPSampler,PRUNED
1701,1701,6.0,2026-04-21 18:42:28.410110,2026-04-21 18:42:28.553118,0 days 00:00:00.143008,-36.817563801005456,20.839037667618776,34.52629867036105,100.0,42.85182374150129,29.28013129325499,-60.402254357459086,45.94519909466122,57.45798907845643,28.462016358031505,3.189877334015179,66.10734621434008,Unfeasible shape,GPSampler,PRUNED
1702,1702,6.0,2026-04-21 18:42:28.924885,2026-04-21 18:42:29.099466,0 days 00:00:00.174581,-36.88039166838945,21.001356808512305,34.43942163026517,100.0,42.611312786797036,29.184626013788346,-60.330855730650896,45.44542477836011,57.13646243872225,28.564056986996356,3.2624980851272767,66.16808250735598,Unfeasible shape,GPSampler,PRUNED
1703,1703,6.0,2026-04-21 18:42:29.271797,2026-04-21 18:42:29.397489,0 days 00:00:00.125692,-36.75116713647372,21.079662341314247,34.73321647658799,100.0,42.74899538324995,29.12690413109955,-60.51787883949733,45.8265567690819,57.165648760254285,28.180536374188375,3.1231424742296383,65.72787348288584,Unfeasible shape,GPSampler,PRUNED
1704,1704,6.0,2026-04-21 18:42:29.569146,2026-04-21 18:42:29.703165,0 days 00:00:00.134019,-36.585678675131355,21.59671003231496,34.36173853533569,100.0,42.77282253956699,29.084931093212802,-61.09760802005829,45.74283231824055,57.28370785173824,28.65908228965428,2.9655573091182887,65.52709647253991,Unfeasible shape,GPSampler,PRUNED
1705,1705,6.0,2026-04-21 18:42:29.847619,2026-04-21 18:42:29.990573,0 days 00:00:00.142954,-36.75170746207534,21.08403481355914,34.858559383850135,100.0,42.723215623003085,29.132426802191787,-60.44131397840245,45.959402084135476,57.135896283225556,28.403907181958555,3.119566125706619,65.70767623351736,Unfeasible shape,GPSampler,PRUNED
1706,1706,6.0,2026-04-21 18:42:30.158403,2026-04-21 18:42:30.304054,0 days 00:00:00.145651,-36.81542342889208,20.903433479668273,34.969713926787385,100.0,42.814982769454076,28.990098178727308,-60.50639837928846,45.76154418895918,56.837651698782295,28.365893331772458,3.174693382158864,65.55923151214937,Unfeasible shape,GPSampler,PRUNED
1707,1707,6.0,2026-04-21 18:42:30.450438,2026-04-21 18:42:30.577296,0 days 00:00:00.126858,-36.86684566048699,21.172157952879886,35.083921420536825,100.0,42.88833792497732,28.85880059759708,-60.094855496902596,45.8173733705306,57.095650944290064,28.57251379921129,3.118721050501499,65.63669432173201,Unfeasible shape,GPSampler,PRUNED
1708,1708,6.0,2026-04-21 18:42:30.734846,2026-04-21 18:42:30.877493,0 days 00:00:00.142647,-36.830391533115105,21.270171185229394,34.839513551588766,100.0,42.6064880803692,28.936944902715112,-60.450772744542675,45.67827274383329,57.03803708519068,28.39407782653694,3.1517758963990232,65.79329410133063,Unfeasible shape,GPSampler,PRUNED
1709,1709,6.0,2026-04-21 18:42:31.124639,2026-04-21 18:42:31.267186,0 days 00:00:00.142547,-36.80339991271313,21.0378484587932,34.861710042148296,100.0,42.717483890656666,29.181126828235143,-60.32370964928292,45.851906579343506,57.138104458436736,28.464201343092547,3.1065245076919723,65.64304813540977,Unfeasible shape,GPSampler,PRUNED
1710,1710,6.0,2026-04-21 18:42:31.439508,2026-04-21 18:42:31.660635,0 days 00:00:00.221127,-36.58678096272111,21.138843026211006,34.65155021866788,100.0,42.41015177448096,29.123515282579376,-60.576809693349624,45.99599566544543,57.280485851565885,28.460234343315506,3.107660660175931,65.73460391074354,Unfeasible shape,GPSampler,PRUNED
1711,1711,6.0,2026-04-21 18:42:31.826846,2026-04-21 18:42:31.953270,0 days 00:00:00.126424,-36.82347936004795,20.949309389805332,34.875388792518834,100.0,42.828300661046086,28.933339339702954,-60.33163290414441,45.89453356411198,57.09771162404088,28.324862970138376,3.126211611309408,65.74722061359574,Unfeasible shape,GPSampler,PRUNED
1712,1712,6.0,2026-04-21 18:42:32.141808,2026-04-21 18:42:32.268391,0 days 00:00:00.126583,-36.821576373802436,20.96962693607913,34.8830250334822,100.0,42.784429683488696,28.945774696155546,-60.11515103035535,46.11587321514345,56.94575565378126,28.10923409336381,3.111051717451069,65.84501074582772,Unfeasible shape,GPSampler,PRUNED
1713,1713,6.0,2026-04-21 18:42:32.434465,2026-04-21 18:42:32.607981,0 days 00:00:00.173516,-36.810100954215294,20.9255051552558,34.85967128026324,100.0,42.72700081529115,28.92020399613392,-60.5023232342751,45.82172554080662,57.10963182374022,28.451880998322945,3.0746393967841783,65.56077870032344,Unfeasible shape,GPSampler,PRUNED
1714,1714,6.0,2026-04-21 18:42:32.773638,2026-04-21 18:42:32.931316,0 days 00:00:00.157678,-36.81800796136952,21.400308182537433,34.86160639870015,100.0,42.860118188406105,29.310508762097292,-60.063862468378645,46.1035210445845,57.420224225952005,28.24977885141839,3.1218068089598745,65.89027060089488,Unfeasible shape,GPSampler,PRUNED
1715,1715,6.0,2026-04-21 18:42:33.081221,2026-04-21 18:42:33.224120,0 days 00:00:00.142899,-36.782932289207174,21.37191633910195,34.64948397629237,100.0,42.79344549341143,29.238219223349837,-60.38432774119343,45.786408439601445,57.24811747609867,28.23983197040106,3.1524763082568086,66.08862156592146,Unfeasible shape,GPSampler,PRUNED
1716,1716,6.0,2026-04-21 18:42:33.475877,2026-04-21 18:42:33.618188,0 days 00:00:00.142311,-36.67561124085821,21.007464673636875,34.90621664570763,100.0,42.900980946668646,29.061097733819437,-60.35243949487064,45.84538089683069,57.117672654709565,28.383741581251865,3.1561715348182062,65.68016351078751,Unfeasible shape,GPSampler,PRUNED
1717,1717,6.0,2026-04-21 18:42:33.766780,2026-04-21 18:42:33.925622,0 days 00:00:00.158842,-36.90753027440855,20.949612290797177,34.55827916466818,100.0,42.47386919399091,28.825019076934453,-60.57536458688409,46.020501865249884,57.25269351509207,28.354687479770355,3.1128415521028643,65.81069014063722,Unfeasible shape,GPSampler,PRUNED
1718,1718,6.0,2026-04-21 18:42:34.081628,2026-04-21 18:42:34.208794,0 days 00:00:00.127166,-36.78353069747944,20.912383401485968,34.9357760784533,100.0,42.73513758540674,28.91487153512645,-60.34893190065017,45.8752127058981,57.085618600791214,28.532870563898697,3.099674424882366,65.59428196635668,Unfeasible shape,GPSampler,PRUNED
1719,1719,6.0,2026-04-21 18:42:34.459970,2026-04-21 18:42:34.696926,0 days 00:00:00.236956,-36.80001496099869,21.293926841683565,34.60399397447689,100.0,42.614813676296954,28.933446705425716,-60.34935024156592,46.187987707907624,57.31433318424684,28.331238147025992,3.1145936179195743,65.61232037077018,Unfeasible shape,GPSampler,PRUNED
1720,1720,6.0,2026-04-21 18:42:34.914739,2026-04-21 18:42:35.041625,0 days 00:00:00.126886,-36.786573011227965,20.973910541919714,34.90810721886682,100.0,42.76527424604361,29.03939537859398,-60.353034713607094,45.863145078488344,57.093877570893156,28.48530138857356,3.109290686631745,65.72694693647173,Unfeasible shape,GPSampler,PRUNED
1721,1721,6.0,2026-04-21 18:42:35.192083,2026-04-21 18:42:35.524690,0 days 00:00:00.332607,-36.894693155579716,21.68988307331648,34.13633884396319,100.0,43.16968779731239,29.330261494950086,-60.144540676650024,46.06378546397575,57.419896576994915,28.1577301540415,3.260021556833003,66.53772342422039,Unfeasible shape,GPSampler,PRUNED
1722,1722,6.0,2026-04-21 18:42:35.689871,2026-04-21 18:42:35.800803,0 days 00:00:00.110932,-36.77463511752075,21.309911716825454,35.07547589444133,100.0,42.82358654515423,29.149090575074283,-59.90674223712439,46.42778701776544,57.20704280641756,28.40388758680929,3.1083119842192417,65.86573467138582,Unfeasible shape,GPSampler,PRUNED
1723,1723,6.0,2026-04-21 18:42:35.949747,2026-04-21 18:42:36.060521,0 days 00:00:00.110774,-36.772674071598495,21.065646051851328,34.84686818643197,100.0,42.72723467602257,29.16136030089261,-60.40218639081536,45.873042117968716,57.18354789704799,28.42435107847539,3.1163746776194188,65.72532855132701,Unfeasible shape,GPSampler,PRUNED
1724,1724,6.0,2026-04-21 18:42:36.195270,2026-04-21 18:42:36.337572,0 days 00:00:00.142302,-36.82010220907068,21.08766760496769,34.71858980483564,100.0,42.77742278705698,29.074804526296262,-60.39272806560368,45.868377295460604,57.24305122714612,28.48181555610106,3.105621553928792,65.70950201116055,Unfeasible shape,GPSampler,PRUNED
1725,1725,6.0,2026-04-21 18:42:36.561888,2026-04-21 18:42:36.688219,0 days 00:00:00.126331,-36.81706813442634,20.965041753805746,34.49121697138263,100.0,42.7362080905008,29.413794809585106,-60.759915086411624,45.575111213449674,57.1478621191292,28.229611909091986,3.1991466844703424,65.98605512180627,Unfeasible shape,GPSampler,PRUNED
1726,1726,6.0,2026-04-21 18:42:36.845899,2026-04-21 18:42:37.082893,0 days 00:00:00.236994,-36.66173620626329,21.080064066194886,34.630606274891164,100.0,42.5769359429736,29.349123181715065,-60.7207364916738,46.08901645307432,57.157584091491564,28.142042520460347,3.051933626741281,65.66629757309974,Unfeasible shape,GPSampler,PRUNED
1727,1727,6.0,2026-04-21 18:42:37.255995,2026-04-21 18:42:37.423353,0 days 00:00:00.167358,-36.76778165088385,21.17407369825805,34.89511445053458,100.0,42.7791223282233,29.07415409241436,-60.40057789685544,46.0401235810959,57.15604969901899,28.537546766190037,3.0557187417453804,65.48280393830127,Unfeasible shape,GPSampler,PRUNED
1728,1728,6.0,2026-04-21 18:42:37.559148,2026-04-21 18:42:37.701020,0 days 00:00:00.141872,-36.7937025248387,21.09817920744287,34.836344677277644,100.0,42.70173167897597,29.077963624163438,-60.350220146844336,45.87414641291587,57.15480278639554,28.420678604907028,3.1299094895653283,65.70938722507138,Unfeasible shape,GPSampler,PRUNED
1729,1729,6.0,2026-04-21 18:42:37.866931,2026-04-21 18:42:38.014026,0 days 00:00:00.147095,-36.79811927105663,20.899746737918264,34.73919859880909,100.0,42.73907403753759,29.00845407341859,-60.40804012909983,45.926531721555946,57.202693551479356,28.457876483110063,3.104324686656227,65.72250763754722,Unfeasible shape,GPSampler,PRUNED
1730,1730,6.0,2026-04-21 18:42:38.151073,2026-04-21 18:42:38.293250,0 days 00:00:00.142177,-36.76007606385764,20.976994688234875,34.79775075326377,100.0,42.720076962130975,29.099405143963352,-60.230110350145836,46.26217836936499,57.19762793827863,28.225966736309523,3.1096261475750424,65.66592559732358,Unfeasible shape,GPSampler,PRUNED
1731,1731,6.0,2026-04-21 18:42:38.443473,2026-04-21 18:42:38.697234,0 days 00:00:00.253761,-36.659361672155526,21.164604699056397,34.89188699175479,100.0,42.703457259378595,28.9068873807527,-60.63410986507209,45.88548894579796,57.05316734278113,28.57074974830253,3.041262223265022,65.50499706034137,Unfeasible shape,GPSampler,PRUNED
1732,1732,6.0,2026-04-21 18:42:38.918639,2026-04-21 18:42:39.061041,0 days 00:00:00.142402,-36.77024458316562,20.906389524921174,34.93954221610899,100.0,42.859415411059736,28.97350297221297,-60.4533233616687,45.82412511341703,57.16705893501494,28.34430333449582,3.164241535776256,65.74916737006659,Unfeasible shape,GPSampler,PRUNED
1733,1733,6.0,2026-04-21 18:42:39.439685,2026-04-21 18:42:39.597337,0 days 00:00:00.157652,-36.75783409049103,20.709091471746362,34.76677107928212,100.0,42.82906989342268,29.276000247746175,-60.2735480240301,46.01372237908585,57.32535643983012,27.487581408794128,3.089947707235467,65.93691818425124,Unfeasible shape,GPSampler,PRUNED
1734,1734,6.0,2026-04-21 18:42:39.768089,2026-04-21 18:42:39.926527,0 days 00:00:00.158438,-36.46811082783489,20.625082325967636,35.094646387518566,100.0,43.38170517016823,28.763309721813222,-60.51888981669953,45.849741316923314,57.103808929381955,28.95894345525243,3.247385855117315,65.88024893536928,Unfeasible shape,GPSampler,PRUNED
