,number,value,datetime_start,datetime_complete,duration,params_lLegPt.rA1,params_lLegPt.rL0,params_lLegPt.rL1,params_lLegPt.rL2,params_lLegPt.x1,params_lLegPt.y1,params_sLegPt.rA1,params_sLegPt.rL0,params_sLegPt.rL1,params_sLegPt.rL2,params_sLegPt.x1,params_sLegPt.y1,user_attrs_prune,system_attrs_auto:sampler,state
4487,4487,6.0,2026-04-21 18:58:53.401739,2026-04-21 18:58:53.571409,0 days 00:00:00.169670,-36.76387535029601,20.850770473690503,34.978900700138524,100.0,42.622477756080634,28.935594930160242,-60.41725838969409,45.939113250173385,57.15433762484993,28.400048007300548,3.0652998697738454,65.56727836992799,Unfeasible shape,GPSampler,PRUNED
4488,4488,6.0,2026-04-21 18:58:53.877593,2026-04-21 18:58:54.003430,0 days 00:00:00.125837,-36.815186272145056,21.1701219089784,34.74179013922189,100.0,42.87483749860042,28.97797723919009,-60.37380398473526,45.91223788103185,57.22169764983836,28.46942974607472,3.129537594506573,65.7192459667177,Unfeasible shape,GPSampler,PRUNED
4489,4489,6.0,2026-04-21 18:58:54.180491,2026-04-21 18:58:54.369990,0 days 00:00:00.189499,-36.69403567049341,20.923924046167492,34.917287141550695,100.0,42.74833060340714,29.073618415803878,-60.31815107957548,45.75153206945164,56.874480574484146,28.53810891543724,3.143586346093983,65.77193327761243,Unfeasible shape,GPSampler,PRUNED
4490,4490,6.0,2026-04-21 18:58:54.561192,2026-04-21 18:58:54.703192,0 days 00:00:00.142000,-36.73616757482881,20.98424951651566,34.80866373004485,100.0,42.56355846704701,28.98384890904061,-60.39329964103656,45.970610308995745,57.16199400883085,28.47624891891743,3.122714051836539,65.74920887932406,Unfeasible shape,GPSampler,PRUNED
4491,4491,6.0,2026-04-21 18:58:54.876859,2026-04-21 18:58:55.011821,0 days 00:00:00.134962,-36.754740714621065,21.04496364909471,34.932525632704426,100.0,42.90772161966999,29.02830086020022,-60.48118099159541,45.82378656842043,56.98155048985523,28.191067486690386,3.118856546509761,65.6875731385803,Unfeasible shape,GPSampler,PRUNED
4492,4492,6.0,2026-04-21 18:58:55.188086,2026-04-21 18:58:55.322452,0 days 00:00:00.134366,-36.7368468480378,21.13439877212338,35.30400340749732,100.0,42.780670454859404,28.96283374183995,-60.19869368501148,45.81796267552183,56.99468635148855,28.460499233284473,3.0534586228824097,65.53875624325613,Unfeasible shape,GPSampler,PRUNED
4493,4493,6.0,2026-04-21 18:58:55.515808,2026-04-21 18:58:55.659049,0 days 00:00:00.143241,-36.826581912190875,21.08629977268147,34.57945616827283,100.0,42.7809837608378,29.007466017745827,-60.51004444560386,45.863970187057404,57.137568142729634,28.343250610804922,3.1454744323765524,65.74061986387207,Unfeasible shape,GPSampler,PRUNED
4494,4494,6.0,2026-04-21 18:58:55.849381,2026-04-21 18:58:56.009914,0 days 00:00:00.160533,-36.765938408782816,20.79049612071197,34.87722081521798,100.0,42.8975699217289,29.20527175659346,-60.310718737549465,46.09425300685409,57.109717426538595,27.99659621038588,3.088978558251,65.60308495654031,Unfeasible shape,GPSampler,PRUNED
4495,4495,6.0,2026-04-21 18:58:56.199081,2026-04-21 18:58:56.342184,0 days 00:00:00.143103,-36.87263267782656,21.012062327082504,34.45446055584385,100.0,42.799402205851415,29.077481947940704,-60.41192293136105,46.04704307204044,57.29794868856437,28.259517485913683,3.1164862687449286,65.92559269330391,Unfeasible shape,GPSampler,PRUNED
4496,4496,6.0,2026-04-21 18:58:56.510609,2026-04-21 18:58:56.658632,0 days 00:00:00.148023,-36.84862580921677,21.14341095989801,34.61252150685404,100.0,42.5308209486003,29.342395187305925,-60.265817343817915,45.91267975313913,57.19433520562281,28.48424112068229,3.1557822383390643,65.765810540505,Unfeasible shape,GPSampler,PRUNED
4497,4497,6.0,2026-04-21 18:58:56.869040,2026-04-21 18:58:57.015491,0 days 00:00:00.146451,-36.78511232186947,20.945462894972263,34.79982728266299,100.0,42.93028071553044,29.086817939445112,-60.34838701447727,45.9722248843432,57.087134717726435,28.398188869396012,3.1060952474772137,65.6671951521789,Unfeasible shape,GPSampler,PRUNED
4498,4498,6.0,2026-04-21 18:58:57.179713,2026-04-21 18:58:57.342587,0 days 00:00:00.162874,-36.8983758446146,21.056322464716466,34.798186002350874,100.0,42.824731233306885,29.06185232472599,-60.230303734083876,46.09047747671224,57.29655690435255,28.181227667165384,3.102042557155464,65.67070220945598,Unfeasible shape,GPSampler,PRUNED
4499,4499,6.0,2026-04-21 18:58:57.537129,2026-04-21 18:58:57.685487,0 days 00:00:00.148358,-36.69827051166832,21.039353957349157,34.75665560094418,100.0,42.72087939228743,29.07737747636274,-60.501857656724944,45.64428832959781,57.24061277423277,28.435354564773018,3.1367148514580876,65.66213330082981,Unfeasible shape,GPSampler,PRUNED
4500,4500,6.0,2026-04-21 18:58:58.062318,2026-04-21 18:58:58.224964,0 days 00:00:00.162646,-36.75959323724473,20.82873527642683,34.88005677275385,100.0,42.6245035080628,28.894884421898098,-60.2687169435696,45.80478441851407,57.056155525640854,28.518954281726614,3.096804046679104,65.48487773198293,Unfeasible shape,GPSampler,PRUNED
4501,4501,6.0,2026-04-21 18:58:58.424002,2026-04-21 18:58:58.588369,0 days 00:00:00.164367,-36.78656822275434,21.034059958614574,34.776752827572004,100.0,42.694006208733725,29.114162162607506,-60.367070640935204,46.01283822428933,57.228016430332865,28.269063732332302,3.1503309917621607,65.68832925403642,Unfeasible shape,GPSampler,PRUNED
4502,4502,6.0,2026-04-21 18:58:58.825047,2026-04-21 18:58:59.012606,0 days 00:00:00.187559,-36.802708795018184,21.75284959412034,34.48502380819505,100.0,43.352079734608985,29.195467632890292,-60.53162217266862,46.3606531317864,57.06494605223018,28.499248420764655,3.114413989944815,66.22982657472625,Unfeasible shape,GPSampler,PRUNED
4503,4503,6.0,2026-04-21 18:58:59.220128,2026-04-21 18:58:59.388831,0 days 00:00:00.168703,-36.75136939174982,20.895979050291572,34.64255018841082,100.0,42.222666444189485,28.850602586701484,-60.6314050119301,46.239808835062234,57.337722465862846,28.392401788640463,3.0495504987657256,65.33317906858163,Unfeasible shape,GPSampler,PRUNED
4504,4504,6.0,2026-04-21 18:58:59.589071,2026-04-21 18:58:59.752446,0 days 00:00:00.163375,-36.81550684714423,21.045933392828143,34.7459640934753,100.0,42.80918008194148,29.073830064768565,-60.34565359053515,46.025671736296566,57.1359606646014,28.337586951569747,3.150539083148537,65.71134760335512,Unfeasible shape,GPSampler,PRUNED
4505,4505,6.0,2026-04-21 18:58:59.965492,2026-04-21 18:59:00.149325,0 days 00:00:00.183833,-36.77274843825157,21.07663385472882,34.58166794433647,100.0,42.71954854807794,28.9199633283851,-60.52258345492815,45.843196401058634,57.337360933893734,28.41759276895133,3.1159685701200956,65.66583657475465,Unfeasible shape,GPSampler,PRUNED
4506,4506,6.0,2026-04-21 18:59:00.339304,2026-04-21 18:59:00.517298,0 days 00:00:00.177994,-36.832493273642534,20.98004302270602,34.97585999837847,100.0,42.851849139976984,29.133908202609888,-60.18528820166284,45.88411751236736,57.16728410928134,28.61154767252084,2.997965915520062,65.47688930209416,Unfeasible shape,GPSampler,PRUNED
4507,4507,6.0,2026-04-21 18:59:00.726417,2026-04-21 18:59:00.885467,0 days 00:00:00.159050,-36.98861657579105,20.92723651078846,34.698181449533564,100.0,42.59412200596931,29.006321093238192,-60.11328841683691,46.2355274952912,56.837198064946705,28.291133944123253,3.1725674513861577,65.69248066158971,Unfeasible shape,GPSampler,PRUNED
4508,4508,6.0,2026-04-21 18:59:01.182339,2026-04-21 18:59:01.337595,0 days 00:00:00.155256,-36.89334810944181,21.037857251842766,35.16450366380912,99.9811480797588,42.66248539794773,28.956909794103886,-60.212736700611586,46.1254984561076,57.221329073245826,28.395217715107464,3.168210548756619,65.37013385806549,Unfeasible shape,GPSampler,PRUNED
4509,4509,6.0,2026-04-21 18:59:01.552455,2026-04-21 18:59:01.734130,0 days 00:00:00.181675,-36.71330249161821,20.949597499051283,34.680910077582766,100.0,42.801997228099154,29.068652064677806,-60.392248502912025,45.821593617906515,57.18052793005071,28.332072799006593,3.1298826772691655,65.8002790048406,Unfeasible shape,GPSampler,PRUNED
4510,4510,6.0,2026-04-21 18:59:01.939454,2026-04-21 18:59:02.095321,0 days 00:00:00.155867,-36.772401361809834,21.06963481395762,34.80150846915046,100.0,42.742783475286345,29.0019431848704,-60.32107306505088,46.0142317736658,57.21727639693314,28.49793650308252,3.130304882122701,65.73185429301286,Unfeasible shape,GPSampler,PRUNED
4511,4511,6.0,2026-04-21 18:59:02.383146,2026-04-21 18:59:02.522928,0 days 00:00:00.139782,-36.718374572036325,21.081539054518117,34.365276868976025,100.0,42.86196739788674,29.14254160866703,-60.50168657897304,45.811199297556804,57.18147888253279,28.12885689040017,3.171720331821682,65.95159455842575,Unfeasible shape,GPSampler,PRUNED
4512,4512,6.0,2026-04-21 18:59:02.719243,2026-04-21 18:59:02.868411,0 days 00:00:00.149168,-36.74951201433895,20.982177056996726,34.866701226511275,100.0,42.78385313388878,28.951883758396875,-60.37103532396296,45.99986960328245,57.11537196962693,28.293951504341226,3.124085299551446,65.65457001679208,Unfeasible shape,GPSampler,PRUNED
4513,4513,6.0,2026-04-21 18:59:03.037137,2026-04-21 18:59:03.206441,0 days 00:00:00.169304,-36.80857833053854,20.966682529300645,34.70033176737112,100.0,42.81234052634687,28.903383746990443,-59.96770428518016,46.40954749780366,57.33040766780483,28.18066636563412,3.1030077039245043,65.919749150107,Unfeasible shape,GPSampler,PRUNED
4514,4514,6.0,2026-04-21 18:59:03.414109,2026-04-21 18:59:03.561432,0 days 00:00:00.147323,-36.759699157947566,20.967477143621657,34.79444125307512,100.0,42.58538028899236,29.207894387839794,-60.38349015879875,46.026078847853384,57.1852269675887,28.223557020271038,3.100075968643516,65.74610047939981,Unfeasible shape,GPSampler,PRUNED
4515,4515,6.0,2026-04-21 18:59:03.744306,2026-04-21 18:59:03.926519,0 days 00:00:00.182213,-36.7996658747186,21.18079314807805,34.862044109846295,100.0,42.88107092206421,28.88169875729902,-60.20495649566165,45.95445868493498,57.17672992848249,28.53153530874112,3.109353134032382,65.7382011762137,Unfeasible shape,GPSampler,PRUNED
4516,4516,6.0,2026-04-21 18:59:04.151903,2026-04-21 18:59:04.330706,0 days 00:00:00.178803,-36.85524699900265,20.77943680073401,35.07893400303966,100.0,42.59477602443812,29.10712123719351,-60.32865983515178,45.861055609710874,56.99509254242587,28.576181971265825,3.1074855347466297,65.51416238883344,Unfeasible shape,GPSampler,PRUNED
4517,4517,6.0,2026-04-21 18:59:04.536185,2026-04-21 18:59:04.681123,0 days 00:00:00.144938,-36.791020665030786,21.1757332849102,34.83900806222255,100.0,42.84152784979595,29.031256920671908,-60.29602647398739,45.93391880793413,57.12632420553372,28.453886247416982,3.13854157589779,65.66829176340025,Unfeasible shape,GPSampler,PRUNED
4518,4518,6.0,2026-04-21 18:59:04.891721,2026-04-21 18:59:05.190897,0 days 00:00:00.299176,-36.81998044289234,20.598461703567622,34.73746872231836,100.0,42.65516649968211,29.174490878890516,-60.37990716879585,45.55417292782008,57.04136185820355,28.502774890185346,3.1688319910657796,65.84447351843073,Unfeasible shape,GPSampler,PRUNED
4519,4519,6.0,2026-04-21 18:59:05.420951,2026-04-21 18:59:05.552147,0 days 00:00:00.131196,-36.709645843159805,20.766761550720236,34.9404349243389,100.0,42.811284906880246,29.082909297241066,-60.35651599986639,45.69298604426565,57.02820464322026,28.467406528783236,3.1454877475308507,65.77544357184105,Unfeasible shape,GPSampler,PRUNED
4520,4520,6.0,2026-04-21 18:59:05.746343,2026-04-21 18:59:05.889426,0 days 00:00:00.143083,-36.582898072942484,20.827087606378644,34.874641849991555,100.0,42.38595577561318,29.10732205936089,-60.36211571993239,46.05214312796058,57.415270716906406,28.481714251084426,3.2138481672335857,65.94454820587745,Unfeasible shape,GPSampler,PRUNED
4521,4521,6.0,2026-04-21 18:59:06.087876,2026-04-21 18:59:06.285040,0 days 00:00:00.197164,-36.75477381809821,21.285972100093986,34.62049146432986,100.0,42.68954669487432,28.944417986165774,-60.657943908586056,45.95641197380796,57.276135066665056,28.486670750109393,3.0729907403647445,65.58755535140972,Unfeasible shape,GPSampler,PRUNED
4522,4522,6.0,2026-04-21 18:59:06.489438,2026-04-21 18:59:06.652247,0 days 00:00:00.162809,-36.754976599861074,20.994149969343653,34.89530988843895,100.0,42.80087592882607,28.945843446175367,-60.37160183187042,45.82892174971576,57.19662350172365,28.488743886582537,3.1072317057929553,65.769108076381,Unfeasible shape,GPSampler,PRUNED
4523,4523,6.0,2026-04-21 18:59:06.889582,2026-04-21 18:59:07.055647,0 days 00:00:00.166065,-36.763376176378905,20.94233277330705,34.860647561652804,100.0,42.82041005302134,29.059598634243983,-60.470101354477805,45.950134429514186,57.27531716666352,28.45683313964872,3.111585981514331,65.6179636807595,Unfeasible shape,GPSampler,PRUNED
4524,4524,6.0,2026-04-21 18:59:07.254043,2026-04-21 18:59:07.478195,0 days 00:00:00.224152,-36.93517140746316,21.022043476509673,34.99388719559998,100.0,42.49331731797861,28.841656302520555,-60.2008424715881,45.82913349321022,57.037463075730656,28.550297268679195,3.1005639175089357,65.50950082757463,Unfeasible shape,GPSampler,PRUNED
4525,4525,6.0,2026-04-21 18:59:07.672145,2026-04-21 18:59:07.865242,0 days 00:00:00.193097,-36.87546427727095,20.802746306811407,34.70892819111445,100.0,42.83644490407922,28.987359830881196,-60.20512833852431,46.11511187436806,56.95513873650423,28.405048889872038,3.1566609022335825,65.86395321888733,Unfeasible shape,GPSampler,PRUNED
4526,4526,6.0,2026-04-21 18:59:08.105408,2026-04-21 18:59:08.252270,0 days 00:00:00.146862,-37.01271293907145,21.0218983399727,35.07224014454515,100.0,42.6149710415173,28.523826128275417,-59.93825967569707,46.00851646766133,57.28861513112793,28.538497979219784,3.117703381431106,65.60450234952178,Unfeasible shape,GPSampler,PRUNED
4527,4527,6.0,2026-04-21 18:59:08.481712,2026-04-21 18:59:08.686235,0 days 00:00:00.204523,-36.79312325061217,20.76786893040053,34.86873251108409,100.0,42.76011928736417,28.946535115252573,-60.3333973474831,45.97028364362821,57.20399309543993,28.255607172214873,3.1130907433172865,65.65730889661391,Unfeasible shape,GPSampler,PRUNED
4528,4528,6.0,2026-04-21 18:59:08.938921,2026-04-21 18:59:09.094580,0 days 00:00:00.155659,-36.82811976349746,20.80665443698989,34.93855723978846,100.0,42.61897348232156,28.86493915210123,-60.39321843705213,45.95044623942806,57.21706339393105,28.56737258697216,3.078952983937164,65.60894285531975,Unfeasible shape,GPSampler,PRUNED
4529,4529,6.0,2026-04-21 18:59:09.286318,2026-04-21 18:59:09.424514,0 days 00:00:00.138196,-36.8122241459626,21.0582130400929,34.72108129242727,100.0,42.85268446299385,29.14415607497979,-60.405588787303884,45.654479828656214,56.920687385991336,28.15098472829921,3.147670178814046,65.80178910828951,Unfeasible shape,GPSampler,PRUNED
4530,4530,6.0,2026-04-21 18:59:09.645909,2026-04-21 18:59:09.799405,0 days 00:00:00.153496,-36.67230073759204,20.97889425201869,35.21877500003765,100.0,42.7471997635984,28.92939547466512,-60.415551574159224,45.99696710226247,57.16573608186904,28.58882314190465,3.0518402978333157,65.58399184447472,Unfeasible shape,GPSampler,PRUNED
4531,4531,6.0,2026-04-21 18:59:10.000483,2026-04-21 18:59:10.167788,0 days 00:00:00.167305,-36.68114210639109,21.121263770081068,35.12662840961284,100.0,42.94080365382773,29.128527912675153,-60.21643541773646,45.96947091029334,57.18381228545084,28.48106140148574,3.1885427372043864,65.7210010299882,Unfeasible shape,GPSampler,PRUNED
4532,4532,6.0,2026-04-21 18:59:10.378624,2026-04-21 18:59:10.499396,0 days 00:00:00.120772,-36.79936718028381,21.41111069488983,34.20925923172063,100.0,43.12015777233964,29.405487673581852,-60.13899099011774,45.93792030057106,57.397391870073186,28.313908587045578,3.2158897804554414,66.17292951427491,Unfeasible shape,GPSampler,PRUNED
4533,4533,6.0,2026-04-21 18:59:10.686631,2026-04-21 18:59:10.933755,0 days 00:00:00.247124,-36.922020629285655,20.974960983827458,34.883144543229534,100.0,42.81411704667266,28.903890044668074,-60.32946086954716,45.967924637371986,57.07141456702935,28.243062129744064,3.089362319252899,65.87444017460068,Unfeasible shape,GPSampler,PRUNED
4534,4534,6.0,2026-04-21 18:59:11.139611,2026-04-21 18:59:11.324336,0 days 00:00:00.184725,-36.76915513871868,20.93279986788174,34.801494062547896,100.0,42.71994630141333,29.070346724438778,-60.34400261076385,46.047494365698725,57.19387643488988,28.3816986738161,3.1273480357442978,65.70670987543754,Unfeasible shape,GPSampler,PRUNED
4535,4535,6.0,2026-04-21 18:59:11.537685,2026-04-21 18:59:11.701737,0 days 00:00:00.164052,-36.70093434030496,21.142322052436967,35.16522318139974,100.0,42.715666807189514,28.889937877013956,-60.23396983456197,45.156255714400935,57.69514951081366,28.78993172678493,3.1153820771459877,65.91044748833274,Unfeasible shape,GPSampler,PRUNED
4536,4536,6.0,2026-04-21 18:59:12.016917,2026-04-21 18:59:12.175683,0 days 00:00:00.158766,-36.70979080481254,20.947801104379202,35.086891842283066,100.0,42.621120165470856,28.841638313489767,-60.15622443363787,45.61773947174046,57.0127710717108,28.352149977627818,3.0757397852943598,65.59009285267956,Unfeasible shape,GPSampler,PRUNED
4537,4537,6.0,2026-04-21 18:59:12.370376,2026-04-21 18:59:12.573664,0 days 00:00:00.203288,-36.76330280758036,21.028495691483542,34.5451624556226,100.0,42.81754033118095,29.145787612729414,-60.41161524266512,45.93345786834595,57.18223496773228,28.14276421178977,3.1540712714333523,66.00898853999914,Unfeasible shape,GPSampler,PRUNED
4538,4538,6.0,2026-04-21 18:59:12.736542,2026-04-21 18:59:12.920677,0 days 00:00:00.184135,-36.800900150677684,21.384895738751148,34.850108814872264,100.0,42.69546017845496,28.929188098573526,-60.37439340632045,46.11169686629903,57.08359560159418,28.701403692454484,3.106195065547155,65.4620720535096,Unfeasible shape,GPSampler,PRUNED
4539,4539,6.0,2026-04-21 18:59:13.145601,2026-04-21 18:59:13.314085,0 days 00:00:00.168484,-36.72979274737392,21.289302521197136,34.50158982331823,100.0,42.742314249489276,29.28315522542905,-60.46899236703178,45.99603037134284,57.347956185940156,28.32054489226954,3.2015580656828533,65.92375618130585,Unfeasible shape,GPSampler,PRUNED
4540,4540,6.0,2026-04-21 18:59:13.543775,2026-04-21 18:59:13.703592,0 days 00:00:00.159817,-36.684805218459914,20.946360407092666,35.02049091995141,100.0,42.775748678170835,29.062633164619633,-60.2866007273731,45.96307758315452,57.17383659226303,28.49995998580308,3.0488723665130877,65.71897629659178,Unfeasible shape,GPSampler,PRUNED
4541,4541,6.0,2026-04-21 18:59:13.884808,2026-04-21 18:59:14.034799,0 days 00:00:00.149991,-36.707967373384285,21.024605959659326,34.83422063535086,100.0,42.75588927238017,29.030454209889847,-60.35291836813584,46.06180080434331,57.248218484447236,28.3360324326741,3.1025288700470384,65.73466341449372,Unfeasible shape,GPSampler,PRUNED
4542,4542,6.0,2026-04-21 18:59:14.276584,2026-04-21 18:59:14.426898,0 days 00:00:00.150314,-36.759505185020046,21.053176055955927,34.814890063606335,100.0,42.763966560926065,28.997780382351486,-60.392391755731026,45.94220621027962,57.14675003731602,28.437927270500506,3.125746749105147,65.71654410189316,Unfeasible shape,GPSampler,PRUNED
4543,4543,6.0,2026-04-21 18:59:14.628325,2026-04-21 18:59:14.772102,0 days 00:00:00.143777,-36.793151292069815,21.0177511007758,35.015127626521306,100.0,42.759999179093846,28.98548461422554,-60.33896344654643,45.9132383396853,57.18235126311513,28.501419454803955,3.1069529598589867,65.57015225684452,Unfeasible shape,GPSampler,PRUNED
4544,4544,6.0,2026-04-21 18:59:14.953162,2026-04-21 18:59:15.144429,0 days 00:00:00.191267,-36.70803171142558,20.923530814389945,34.29816112812749,100.0,42.793756725191976,28.88133883292609,-60.4021712726792,46.12126427502264,57.04230301310264,28.700474140563845,3.1141898284733003,65.77337001209261,Unfeasible shape,GPSampler,PRUNED
4545,4545,6.0,2026-04-21 18:59:15.353405,2026-04-21 18:59:15.494933,0 days 00:00:00.141528,-36.75434320380715,20.96481069568567,34.985489750277516,100.0,42.87369866829439,29.23023708548697,-60.429652234521384,45.73988237237726,57.11315687617821,28.211427994755333,3.1133592084239368,65.77821334034014,Unfeasible shape,GPSampler,PRUNED
4546,4546,6.0,2026-04-21 18:59:15.697664,2026-04-21 18:59:15.859077,0 days 00:00:00.161413,-36.739486327464014,21.237313284344523,35.04370774179411,100.0,42.9230023613202,28.746247809215028,-60.296098504835655,46.05642483102912,57.103774457155595,28.454178209689974,3.089461172377021,65.50670328799394,Unfeasible shape,GPSampler,PRUNED
4547,4547,6.0,2026-04-21 18:59:16.073155,2026-04-21 18:59:16.242924,0 days 00:00:00.169769,-36.74740373090178,20.989820073350273,34.752571785739946,100.0,42.615134246565525,29.205907440013675,-60.37519741440699,45.80601652950547,57.211535822360574,28.178920717846328,3.161301581642917,65.88289069731235,Unfeasible shape,GPSampler,PRUNED
4548,4548,6.0,2026-04-21 18:59:16.451314,2026-04-21 18:59:16.600606,0 days 00:00:00.149292,-36.779355462786185,20.861906480177325,35.12728248931086,100.0,42.62271985231492,28.972529035154416,-60.32434663302779,45.731966022681064,57.08801580979249,28.51816491386328,3.0874036047630895,65.70900401115449,Unfeasible shape,GPSampler,PRUNED
4549,4549,6.0,2026-04-21 18:59:16.777192,2026-04-21 18:59:16.941738,0 days 00:00:00.164546,-36.714166300684724,20.958192049989787,34.76718438882159,100.0,42.49591723220492,29.14893055641103,-60.75838944562136,44.915046267563014,56.933139932155946,28.698764513194053,3.2863613271246095,66.23084338165889,Unfeasible shape,GPSampler,PRUNED
4550,4550,6.0,2026-04-21 18:59:17.099142,2026-04-21 18:59:17.251095,0 days 00:00:00.151953,-36.78973293662013,21.194877497085386,34.735596209588394,100.0,42.737094342809144,29.135723651762213,-60.239359510555644,45.820957382481666,57.21159345321019,28.34901583408378,3.1556192795990867,65.95538977818104,Unfeasible shape,GPSampler,PRUNED
