,number,value,datetime_start,datetime_complete,duration,params_lLegPt.rA1,params_lLegPt.rL0,params_lLegPt.rL1,params_lLegPt.rL2,params_lLegPt.x1,params_lLegPt.y1,params_sLegPt.rA1,params_sLegPt.rL0,params_sLegPt.rL1,params_sLegPt.rL2,params_sLegPt.x1,params_sLegPt.y1,user_attrs_prune,system_attrs_auto:sampler,state
251,251,6.0,2026-04-21 18:34:27.415819,2026-04-21 18:34:27.557063,0 days 00:00:00.141244,-36.75650720669881,20.841196308300127,34.87606240476025,100.0,42.85456361037176,28.953173482672014,-60.299791864640866,45.95397539366224,57.27863393659482,28.48137149203757,3.084870839047028,65.8804466822823,Unfeasible shape,GPSampler,PRUNED
252,252,6.0,2026-04-21 18:34:27.700983,2026-04-21 18:34:27.924047,0 days 00:00:00.223064,-36.830565146648865,21.22574530094183,34.7872547941184,100.0,42.8559190521222,28.886255568088252,-60.39074647718588,45.83290394050154,57.12830194307266,28.616427673922033,3.122582732740625,65.7103449652327,Unfeasible shape,GPSampler,PRUNED
253,253,6.0,2026-04-21 18:34:28.069610,2026-04-21 18:34:28.229662,0 days 00:00:00.160052,-36.80319088308199,20.935731677394095,34.619329596012015,100.0,42.52185666131797,29.22944377359393,-60.570732928138355,46.03128445604609,57.32599908784563,27.909535304849285,3.136783489509547,65.68592690252156,Unfeasible shape,GPSampler,PRUNED
254,254,6.0,2026-04-21 18:34:28.353234,2026-04-21 18:34:28.511697,0 days 00:00:00.158463,-36.879635967771144,21.01588475518448,35.06690702833541,100.0,42.96074188615374,29.15473732949563,-60.43614314284423,45.80665395125966,57.035882155283126,28.481557294002904,3.073794097378567,65.62410035609182,Unfeasible shape,GPSampler,PRUNED
255,255,6.0,2026-04-21 18:34:28.809567,2026-04-21 18:34:28.936774,0 days 00:00:00.127207,-36.74224759818241,20.615272359356084,35.146026939753376,100.0,43.095609590242084,28.975984320742754,-60.08696343330461,46.35795210244504,57.24702511131664,28.21553324810863,3.092340306601656,65.8641547422554,Unfeasible shape,GPSampler,PRUNED
256,256,6.0,2026-04-21 18:34:29.073477,2026-04-21 18:34:29.167905,0 days 00:00:00.094428,-36.82683302849659,20.898540104258792,34.78494929579291,100.0,42.86100636782759,29.047267523934686,-60.24855450763475,46.003704348567524,57.05085453962591,28.209320834305853,3.1218799004980156,65.74470413534566,Unfeasible shape,GPSampler,PRUNED
257,257,6.0,2026-04-21 18:34:29.303640,2026-04-21 18:34:29.494107,0 days 00:00:00.190467,-36.764493123358214,20.636663596373165,34.672775144872446,100.0,42.73458496902247,28.964660805621293,-60.42082536617484,46.00064402991704,57.184233646289584,28.48924970122749,3.103726546815402,65.75905970046077,Unfeasible shape,GPSampler,PRUNED
258,258,6.0,2026-04-21 18:34:29.636934,2026-04-21 18:34:29.782748,0 days 00:00:00.145814,-36.85161643024172,20.95910791389081,34.8822897613968,100.0,42.55887848363794,29.277668158779804,-60.29946030605636,45.76662970152464,57.08558783105821,28.503780082381226,3.122892299763393,65.78347321547608,Unfeasible shape,GPSampler,PRUNED
259,259,6.0,2026-04-21 18:34:29.983627,2026-04-21 18:34:30.097971,0 days 00:00:00.114344,-36.759160001078556,20.898526203198088,35.029603882193186,100.0,42.71836869841584,28.978200616356858,-60.28088092280433,46.064829455533314,57.16858906117524,28.47602956320115,3.0699966100336056,65.58304675256541,Unfeasible shape,GPSampler,PRUNED
260,260,6.0,2026-04-21 18:34:30.239520,2026-04-21 18:34:30.419653,0 days 00:00:00.180133,-36.766108873927486,21.26096265736285,34.77198925364968,100.0,42.7506665751104,29.06939395402538,-60.3808171816619,46.05494415172364,57.15445947631266,28.445047407480395,3.1655457630064703,65.69661057261094,Unfeasible shape,GPSampler,PRUNED
261,261,6.0,2026-04-21 18:34:30.627223,2026-04-21 18:34:30.770475,0 days 00:00:00.143252,-36.799732867517406,21.29868137523603,34.63967969659387,100.0,42.68683497119775,29.105052490071742,-60.472236530613856,45.84474472294635,57.16229855852683,28.47468987387289,3.12170388969939,65.83731306010462,Unfeasible shape,GPSampler,PRUNED
262,262,6.0,2026-04-21 18:34:30.912449,2026-04-21 18:34:31.036474,0 days 00:00:00.124025,-36.51469719014192,20.312735145824476,35.07031933239714,100.0,42.965406585012545,28.93916773334921,-60.21711338223119,46.02361041562339,57.058206174338245,27.967336477500673,3.2158716859213,66.09488768988537,Unfeasible shape,GPSampler,PRUNED
263,263,6.0,2026-04-21 18:34:31.164726,2026-04-21 18:34:31.322838,0 days 00:00:00.158112,-36.83089274659866,21.03664347572637,34.76855986523067,100.0,42.76168524542736,29.33763286071926,-60.37199361760767,45.964198014714384,57.225153600557235,28.45687175541875,3.1460435563717724,65.80199629957475,Unfeasible shape,GPSampler,PRUNED
264,264,6.0,2026-04-21 18:34:31.459191,2026-04-21 18:34:31.585196,0 days 00:00:00.126005,-36.815121815025094,21.259416375046076,35.00013729476165,100.0,42.96244461571758,29.038149745681935,-60.35436945490204,45.87210095595112,57.120253683639376,28.32751318124924,3.094443233719659,65.67120965630217,Unfeasible shape,GPSampler,PRUNED
265,265,6.0,2026-04-21 18:34:31.711122,2026-04-21 18:34:31.857745,0 days 00:00:00.146623,-36.7144003657294,20.7030214217265,34.88881249405962,100.0,42.6469182000566,28.786533076530063,-60.38694274353267,45.47161603393418,57.26709478509913,28.37879098742661,3.1131012532755875,65.81236642403556,Unfeasible shape,GPSampler,PRUNED
266,266,6.0,2026-04-21 18:34:32.012736,2026-04-21 18:34:32.165018,0 days 00:00:00.152282,-36.69820431113908,20.935416200173982,35.0782447623706,100.0,42.7717474199719,29.191145143352415,-60.319828995891946,45.92775828896544,57.15696650367183,28.456860862836276,3.1536120043954057,65.73902601607084,Unfeasible shape,GPSampler,PRUNED
267,267,6.0,2026-04-21 18:34:32.325020,2026-04-21 18:34:32.472521,0 days 00:00:00.147501,-36.77099773524748,20.832869138617955,34.85541124368044,100.0,42.63069975566929,29.093163514878164,-60.35032676503784,45.91090406143638,57.07692411559334,28.264261490306616,3.131875449365289,65.67592945177634,Unfeasible shape,GPSampler,PRUNED
268,268,6.0,2026-04-21 18:34:32.637318,2026-04-21 18:34:32.775775,0 days 00:00:00.138457,-36.799618491311165,21.14635838290838,34.779872609334475,100.0,42.84982954161718,29.009734120176184,-60.36198997061146,45.84664631352704,57.12246810214214,28.50251123473107,3.1064159160997704,65.62360862393291,Unfeasible shape,GPSampler,PRUNED
269,269,6.0,2026-04-21 18:34:32.926726,2026-04-21 18:34:33.059171,0 days 00:00:00.132445,-36.9771068299348,20.568818801354702,35.19439653977889,100.0,42.69029060141989,28.03986044468418,-60.33705655225258,46.029805574265275,57.4763954890481,28.247826361231827,3.036654557062157,65.8414024629473,Unfeasible shape,GPSampler,PRUNED
270,270,6.0,2026-04-21 18:34:33.219269,2026-04-21 18:34:33.347173,0 days 00:00:00.127904,-36.844705421663235,21.193351066887637,34.62391513847842,100.0,42.950353704456035,29.420275271777186,-60.39230402177033,45.90186797221726,57.205247699675425,28.336349121645327,3.1628933228836686,66.0132609560028,Unfeasible shape,GPSampler,PRUNED
271,271,6.0,2026-04-21 18:34:33.498450,2026-04-21 18:34:33.620729,0 days 00:00:00.122279,-36.834712465404145,20.863532237593073,34.821497124666976,100.0,42.88119244600147,29.104780522280663,-60.35816194998672,45.98569329496463,57.10015357750245,28.60794646709573,3.123754849043216,65.72693367262514,Unfeasible shape,GPSampler,PRUNED
272,272,6.0,2026-04-21 18:34:33.772760,2026-04-21 18:34:33.917136,0 days 00:00:00.144376,-36.78009519090337,20.987290525671856,34.81129026441592,100.0,42.69137067709926,29.229986088442217,-60.3674580395024,45.7890777841932,57.128829738541896,28.35045126451112,3.1708795134195853,65.90689299520693,Unfeasible shape,GPSampler,PRUNED
273,273,6.0,2026-04-21 18:34:34.144023,2026-04-21 18:34:34.306426,0 days 00:00:00.162403,-36.7915440731416,20.843786684439216,34.72055835067589,100.0,42.96165592934181,29.088588914565484,-60.35116052561371,46.01076745042325,57.25217692075568,28.406123124187705,3.172786892349947,65.88478365800674,Unfeasible shape,GPSampler,PRUNED
274,274,6.0,2026-04-21 18:34:34.472541,2026-04-21 18:34:34.606254,0 days 00:00:00.133713,-36.74074442454699,21.129233008580165,34.75986385798058,100.0,42.71616462104826,29.101987512615274,-60.28688878289299,45.86687312414336,56.88969817069233,28.19774439181342,3.1526299191222904,65.80917729769658,Unfeasible shape,GPSampler,PRUNED
275,275,6.0,2026-04-21 18:34:34.782226,2026-04-21 18:34:34.932772,0 days 00:00:00.150546,-36.737933650696476,21.029553808212846,34.78655468625441,100.0,42.8866109259714,28.938727058190857,-60.42286325367748,45.84185189751536,57.22788216336386,28.29447192997025,3.1430127410515354,65.8917955767951,Unfeasible shape,GPSampler,PRUNED
276,276,6.0,2026-04-21 18:34:35.074360,2026-04-21 18:34:35.194827,0 days 00:00:00.120467,-36.71957728203964,20.818229717218237,35.02786957727915,100.0,42.616514894044926,29.056405374594355,-60.145255503645906,45.97380864976816,57.043717736541375,28.185329171933713,3.0783803531570655,65.72287238114625,Unfeasible shape,GPSampler,PRUNED
277,277,6.0,2026-04-21 18:34:35.334463,2026-04-21 18:34:35.457130,0 days 00:00:00.122667,-36.86024946654944,20.88120650984444,35.0334892143582,100.0,42.59485530600923,29.1979890780677,-60.39240972627205,45.7484576229642,57.14382388867724,28.345483887073595,3.1002932694016536,65.77665804665659,Unfeasible shape,GPSampler,PRUNED
278,278,6.0,2026-04-21 18:34:35.761564,2026-04-21 18:34:35.884229,0 days 00:00:00.122665,-36.92541651556956,20.776057731175285,34.676256839373096,100.0,42.83714817148703,29.02514843145491,-60.361266290223625,45.97246770782467,57.31939482956056,28.306380367136267,3.09804727148569,65.80675524068405,Unfeasible shape,GPSampler,PRUNED
279,279,6.0,2026-04-21 18:34:36.034234,2026-04-21 18:34:36.267740,0 days 00:00:00.233506,-36.781541696682126,20.992911121557995,34.86323005735671,100.0,42.69717415838743,29.029464558350483,-60.32185281890523,45.91215139950921,57.15864432139725,28.43538214520185,3.1121002904345048,65.68757856202555,Unfeasible shape,GPSampler,PRUNED
280,280,6.0,2026-04-21 18:34:36.469120,2026-04-21 18:34:36.721817,0 days 00:00:00.252697,-36.70012281036427,20.939938985829066,34.31275568840838,100.0,42.909390153699334,29.097412615461295,-60.42074328381736,45.88063750244853,57.059539331170576,28.291765853806023,3.1872806345146785,65.7932720455936,Unfeasible shape,GPSampler,PRUNED
281,281,6.0,2026-04-21 18:34:36.926833,2026-04-21 18:34:37.047584,0 days 00:00:00.120751,-36.77833293265331,21.033228947657,34.65673820940755,100.0,42.59473356224487,28.870437975621506,-60.31756205207708,46.039331769586774,57.21894339044375,28.45572297499852,3.1319906040362895,65.8579011741015,Unfeasible shape,GPSampler,PRUNED
282,282,6.0,2026-04-21 18:34:37.185485,2026-04-21 18:34:37.354990,0 days 00:00:00.169505,-36.719656127810794,20.993823073998612,34.478090353138754,100.0,42.690518684254336,29.647840139461316,-60.562068104964354,45.78840470586912,57.13104955584617,27.887554362356706,3.1573303988167964,65.8665542633994,Unfeasible shape,GPSampler,PRUNED
283,283,6.0,2026-04-21 18:34:37.485353,2026-04-21 18:34:37.679152,0 days 00:00:00.193799,-36.787293843135515,21.002863841893127,34.79370794972616,100.0,42.83055548063701,29.033268551117963,-60.43784471315324,45.8445172932046,57.18929485776821,28.389594332832782,3.121095475586891,65.68520582415198,Unfeasible shape,GPSampler,PRUNED
284,284,6.0,2026-04-21 18:34:37.842205,2026-04-21 18:34:37.983263,0 days 00:00:00.141058,-36.852673280096894,20.863708280156104,34.48173128156249,100.0,42.74899246766665,29.099580582241778,-60.43862087035728,45.972310643382414,57.287149717974685,28.180509792650316,3.091555585264004,65.86879904315796,Unfeasible shape,GPSampler,PRUNED
285,285,6.0,2026-04-21 18:34:38.144642,2026-04-21 18:34:38.268825,0 days 00:00:00.124183,-36.7779994522304,20.931375809685758,35.09760877908665,100.0,42.80567090670207,29.003413836291998,-60.36491046760965,45.99463286553153,57.13891781084342,28.64846276193984,3.081946402025622,65.4625889220908,Unfeasible shape,GPSampler,PRUNED
286,286,6.0,2026-04-21 18:34:38.443031,2026-04-21 18:34:38.566796,0 days 00:00:00.123765,-36.82201511595558,21.017137056552517,34.69654190841254,100.0,42.832105127479394,28.929392603955662,-60.35139663130402,45.91404840702042,57.08544099249845,28.337335089850416,3.1039780162641932,65.65912116176447,Unfeasible shape,GPSampler,PRUNED
287,287,6.0,2026-04-21 18:34:38.701590,2026-04-21 18:34:38.845283,0 days 00:00:00.143693,-36.80796219592709,21.01663144789356,34.99136036201451,100.0,42.651176953577924,29.2475279165182,-60.29756431509336,45.91013772047456,57.062734125652,28.31646289404239,3.1500083649420816,65.79173775563706,Unfeasible shape,GPSampler,PRUNED
288,288,6.0,2026-04-21 18:34:38.975401,2026-04-21 18:34:39.113776,0 days 00:00:00.138375,-36.716542868118765,21.09650885230134,34.89842987395117,100.0,42.761383634768706,28.957903272726604,-60.39474832109747,45.90358683122516,57.131631098781455,28.66232495983577,3.104904432878925,65.71743018159438,Unfeasible shape,GPSampler,PRUNED
289,289,6.0,2026-04-21 18:34:39.246093,2026-04-21 18:34:39.407025,0 days 00:00:00.160932,-36.57955309283631,20.698852043633075,35.08257602282061,100.0,42.647208984463184,29.576377651905027,-60.2777820895509,45.42872092539001,56.66428858613968,28.839926509164734,3.057853373381299,65.43472080178468,Unfeasible shape,GPSampler,PRUNED
290,290,6.0,2026-04-21 18:34:39.546046,2026-04-21 18:34:39.681083,0 days 00:00:00.135037,-36.7262040043378,21.09811303701385,34.85879461191914,100.0,42.7570463546778,28.983030893459805,-60.378614551535605,45.974630584787505,57.10555143033552,28.489697168444415,3.1382486046023317,65.74534723689902,Unfeasible shape,GPSampler,PRUNED
291,291,6.0,2026-04-21 18:34:39.809075,2026-04-21 18:34:39.967042,0 days 00:00:00.157967,-36.765737569623504,21.121743868918458,34.844286125411266,100.0,42.64778614956761,29.048774706518728,-60.42234210862253,45.907731755447315,57.10386647465268,28.436498919139446,3.1102741776274456,65.64602065786853,Unfeasible shape,GPSampler,PRUNED
292,292,6.0,2026-04-21 18:34:40.169483,2026-04-21 18:34:40.305889,0 days 00:00:00.136406,-36.97660138456394,20.426114661299472,35.175326672443745,99.93022882314389,42.172386354699306,29.381831617858744,-60.65446576940836,45.14213747038432,56.99399908517842,28.193537978924926,3.180524495632177,65.2433151244455,Unfeasible shape,GPSampler,PRUNED
293,293,6.0,2026-04-21 18:34:40.466594,2026-04-21 18:34:40.593712,0 days 00:00:00.127118,-36.85469889444259,21.376325505307797,35.04625293121622,100.0,42.82990629096889,29.5315301351119,-60.47953851217335,46.042705568943006,57.68010381831862,28.07670417835377,3.151820910386725,66.07871104881643,Unfeasible shape,GPSampler,PRUNED
294,294,6.0,2026-04-21 18:34:40.730363,2026-04-21 18:34:40.977851,0 days 00:00:00.247488,-36.72002539760232,21.001528441065503,34.82071370674936,100.0,42.71519362510537,29.178890690836923,-60.397205725432364,45.990803988823835,57.21465131106132,28.32157279753677,3.136300908309906,65.7354674695992,Unfeasible shape,GPSampler,PRUNED
295,295,6.0,2026-04-21 18:34:41.147961,2026-04-21 18:34:41.270259,0 days 00:00:00.122298,-36.56172698434406,21.143849892371946,34.69932253233031,100.0,42.17924332880514,29.179310023938072,-60.367683793428256,46.065569317293225,56.7713765745332,28.59254993877032,3.2225781798883233,65.61586942334856,Unfeasible shape,GPSampler,PRUNED
296,296,6.0,2026-04-21 18:34:41.481649,2026-04-21 18:34:41.619530,0 days 00:00:00.137881,-36.7077930741051,21.076486301568004,34.83798103631848,100.0,42.68102528298806,29.032698904947438,-60.471318528680825,45.958711171367874,57.12737780720209,28.452941859602603,3.1082382625252123,65.67842630455446,Unfeasible shape,GPSampler,PRUNED
297,297,6.0,2026-04-21 18:34:41.781423,2026-04-21 18:34:41.924818,0 days 00:00:00.143395,-36.705883384521464,21.01062113728009,34.80931585531998,100.0,42.65957140401335,29.085253193673218,-60.41120345383543,46.00594242689372,57.18603283146068,28.397630946550084,3.109017856212269,65.64882694742424,Unfeasible shape,GPSampler,PRUNED
298,298,6.0,2026-04-21 18:34:42.086811,2026-04-21 18:34:42.234130,0 days 00:00:00.147319,-36.70479908134717,21.016121976338383,35.06646546316162,99.97484897856751,43.340302094296575,29.107829970985122,-60.411178253675885,45.94131698645679,56.888016709811644,29.024326187945938,3.1077381228742524,65.17542323135557,Unfeasible shape,GPSampler,PRUNED
299,299,6.0,2026-04-21 18:34:42.396626,2026-04-21 18:34:42.566287,0 days 00:00:00.169661,-36.8174651501773,20.961875112767174,34.792814905391545,100.0,42.85291458085653,29.320085043474116,-60.47427648602413,45.63044822407155,56.984100605846415,28.096892062947447,3.1757953475533895,65.79395287558752,Unfeasible shape,GPSampler,PRUNED
300,300,6.0,2026-04-21 18:34:42.717564,2026-04-21 18:34:42.841033,0 days 00:00:00.123469,-36.75187166380865,20.946267658482277,34.785465333697246,100.0,42.62650441467611,28.95713440394706,-60.428796094962095,45.98560123438084,56.96809876330803,28.42299589104827,3.0670492482749125,65.74738124444181,Unfeasible shape,GPSampler,PRUNED
301,301,6.0,2026-04-21 18:34:43.006919,2026-04-21 18:34:43.133290,0 days 00:00:00.126371,-36.796297396308624,21.037700259306433,34.81932083435866,100.0,42.58118246216878,29.273489723685714,-60.50877774041308,45.51636989797918,57.114228425952625,28.64973596069916,3.1546222116243072,65.91362681501813,Unfeasible shape,GPSampler,PRUNED
302,302,6.0,2026-04-21 18:34:43.283173,2026-04-21 18:34:43.415539,0 days 00:00:00.132366,-36.75580953578879,21.19033472264163,34.60445695787507,100.0,42.924640166690004,29.054678126637143,-60.32999596054803,45.91156168517199,57.22120894692574,28.30800144539741,3.122251267397452,65.73028519632555,Unfeasible shape,GPSampler,PRUNED
303,303,6.0,2026-04-21 18:34:43.570422,2026-04-21 18:34:43.689298,0 days 00:00:00.118876,-36.584852244176716,21.105152296463615,35.15186172586664,100.0,43.071124993333406,28.301742980291863,-60.20014022425559,45.88989959484887,57.244669887583285,28.398586039955696,3.0586414275370117,65.7884079318243,Unfeasible shape,GPSampler,PRUNED
304,304,6.0,2026-04-21 18:34:43.818991,2026-04-21 18:34:43.964823,0 days 00:00:00.145832,-36.9244658591414,21.356138358817077,34.607375940262216,100.0,42.72364547454473,29.459285924935024,-60.33525495473886,45.689622518134826,57.20226761889158,28.6174580040429,3.137937329918131,65.90802569999508,Unfeasible shape,GPSampler,PRUNED
305,305,6.0,2026-04-21 18:34:44.119452,2026-04-21 18:34:44.282580,0 days 00:00:00.163128,-36.711667155035876,21.381679652666065,35.290956993797394,100.0,42.8698577319103,28.84425576092093,-60.27712502782842,45.99841189527419,57.12817771031062,28.39930440989946,3.0352674220328595,65.71174266086831,Unfeasible shape,GPSampler,PRUNED
306,306,6.0,2026-04-21 18:34:44.494969,2026-04-21 18:34:44.658838,0 days 00:00:00.163869,-36.93891726474186,21.067594078323403,34.20347716977017,100.0,42.562744556447164,29.139084505769134,-60.498559897581885,45.88724055609475,57.50898165891903,28.285864038669676,3.136669908291765,65.88005106406999,Unfeasible shape,GPSampler,PRUNED
307,307,6.0,2026-04-21 18:34:44.822041,2026-04-21 18:34:44.971901,0 days 00:00:00.149860,-36.62293442211017,20.925140023602594,34.29407831072262,100.0,42.568922686111335,29.016590457416633,-60.58182015126768,45.83903192014739,57.3827341602507,28.064635051050935,3.1733340180783145,66.06738892453843,Unfeasible shape,GPSampler,PRUNED
308,308,6.0,2026-04-21 18:34:45.128585,2026-04-21 18:34:45.268301,0 days 00:00:00.139716,-36.71040549450604,20.794845592767686,34.44988411412739,100.0,42.74824055364629,29.521166030657305,-60.32926562289417,45.89593372599069,57.29077617553107,28.11529866215116,3.082034594988798,65.88743400770565,Unfeasible shape,GPSampler,PRUNED
309,309,6.0,2026-04-21 18:34:45.407098,2026-04-21 18:34:45.556719,0 days 00:00:00.149621,-36.76812874626806,21.04931496171371,34.63758578103402,100.0,42.80858188338404,29.20397314799792,-60.23632322651336,46.08127850248777,57.274754318110126,28.09518416573863,3.2148829004325634,65.7445271510242,Unfeasible shape,GPSampler,PRUNED
310,310,6.0,2026-04-21 18:34:45.706223,2026-04-21 18:34:45.850147,0 days 00:00:00.143924,-36.75712656385117,21.029509618995743,34.93777165573027,100.0,42.77863677651517,28.90493995241883,-60.36267941998898,45.98480321520146,57.11947762214085,28.414900388319126,3.1124437504165314,65.61645221648202,Unfeasible shape,GPSampler,PRUNED
311,311,6.0,2026-04-21 18:34:46.007596,2026-04-21 18:34:46.178027,0 days 00:00:00.170431,-36.84966945834948,20.984350345390578,34.94278083481987,100.0,42.79169420493337,28.903828196527186,-60.36427191605999,45.96584098797234,57.236267537609876,28.42625061356312,3.080547513146982,65.48956691403863,Unfeasible shape,GPSampler,PRUNED
312,312,6.0,2026-04-21 18:34:46.420812,2026-04-21 18:34:46.559053,0 days 00:00:00.138241,-36.83565277473612,21.479899587974742,34.69405474462234,100.0,42.81322751363452,29.030467321336836,-60.64497656918707,45.757086917223255,57.176911842666414,28.85019183988129,3.118519130400472,65.59244996182534,Unfeasible shape,GPSampler,PRUNED
313,313,6.0,2026-04-21 18:34:46.725544,2026-04-21 18:34:46.846138,0 days 00:00:00.120594,-36.69809796880629,20.99652059808163,34.76461713171999,100.0,42.32260802396122,28.97727391907373,-60.432992780251894,45.49094518414217,57.31591059415751,28.19782756460675,3.2309865434204568,65.84508451256926,Unfeasible shape,GPSampler,PRUNED
314,314,6.0,2026-04-21 18:34:46.995861,2026-04-21 18:34:47.211502,0 days 00:00:00.215641,-36.69953488686009,21.018032068426763,34.89419938227151,100.0,42.6173208004956,28.924741247885578,-60.42965917869776,45.95744940401996,57.075480233520146,28.367083315749248,3.019227485273568,65.64474185951298,Unfeasible shape,GPSampler,PRUNED
315,315,6.0,2026-04-21 18:34:47.395652,2026-04-21 18:34:47.515431,0 days 00:00:00.119779,-36.77818848281804,20.989427420309024,34.898983271825344,100.0,42.7154642467183,28.985779792238695,-60.34918463724989,45.973001874915624,57.13001587768892,28.39342870617459,3.1115090485250008,65.76524136206602,Unfeasible shape,GPSampler,PRUNED
