,number,value,datetime_start,datetime_complete,duration,params_lLegPt.rA1,params_lLegPt.rL0,params_lLegPt.rL1,params_lLegPt.rL2,params_lLegPt.x1,params_lLegPt.y1,params_sLegPt.rA1,params_sLegPt.rL0,params_sLegPt.rL1,params_sLegPt.rL2,params_sLegPt.x1,params_sLegPt.y1,user_attrs_prune,system_attrs_auto:sampler,state
1159,1159,6.0,2026-04-21 18:39:24.862644,2026-04-21 18:39:25.010496,0 days 00:00:00.147852,-36.82236103763637,21.245471672829314,35.151064139189856,100.0,42.81967226103959,29.853063175365747,-60.5945300913514,45.92676290283604,57.070868024029544,28.15194672995922,2.9962443910891707,65.6664644961332,Unfeasible shape,GPSampler,PRUNED
1160,1160,6.0,2026-04-21 18:39:25.175750,2026-04-21 18:39:25.351116,0 days 00:00:00.175366,-36.84931389451188,20.97612221420949,34.66800467788693,100.0,42.70542845940497,29.00566946687014,-60.322132518959336,45.9581941469983,57.2526967320516,28.443113481049224,3.126365384125883,65.6852688484131,Unfeasible shape,GPSampler,PRUNED
1161,1161,6.0,2026-04-21 18:39:25.527145,2026-04-21 18:39:25.686231,0 days 00:00:00.159086,-36.83928176751193,21.025735568215826,34.56730595892458,100.0,42.59012751053474,29.264689545014946,-60.39666078666549,45.95289793682791,57.12059392452054,28.260686056121077,3.1758985092366885,66.44264984047564,Unfeasible shape,GPSampler,PRUNED
1162,1162,6.0,2026-04-21 18:39:25.893734,2026-04-21 18:39:26.081415,0 days 00:00:00.187681,-36.694639522195025,20.216839816805127,35.01973002862951,100.0,42.64926662674333,29.00751424626496,-60.13393306089807,46.227435854805165,57.34529892315968,28.81874804060728,3.106733640937506,65.80537061832936,Unfeasible shape,GPSampler,PRUNED
1163,1163,6.0,2026-04-21 18:39:26.262209,2026-04-21 18:39:26.419803,0 days 00:00:00.157594,-36.77593020719122,19.635748692479297,35.160662482952475,100.0,42.68757344830908,29.275449157783996,-60.25346287057231,45.71861568543274,56.80750054475333,28.792258723847613,3.0744930135252275,65.5536305418017,Unfeasible shape,GPSampler,PRUNED
1164,1164,6.0,2026-04-21 18:39:26.606874,2026-04-21 18:39:26.826965,0 days 00:00:00.220091,-36.687617724021756,21.266176343548295,35.34423372632703,100.0,42.644084272086964,28.700706257307935,-60.017888287816106,45.97722790875535,56.98791930373724,28.47101830013334,3.034618999506975,65.624015244142,Unfeasible shape,GPSampler,PRUNED
1165,1165,6.0,2026-04-21 18:39:27.152753,2026-04-21 18:39:27.308919,0 days 00:00:00.156166,-36.77206282715321,21.135330723810643,34.74456132631532,100.0,42.66567279105586,29.076840773223545,-60.348362598919564,45.945993275201296,57.17920120161814,28.39715065721331,3.0886717958548218,65.8159976374492,Unfeasible shape,GPSampler,PRUNED
1166,1166,6.0,2026-04-21 18:39:27.466610,2026-04-21 18:39:27.597842,0 days 00:00:00.131232,-36.98549018015725,21.08010992308799,34.661874429749105,100.0,42.59727142963094,29.584414131639434,-60.52902536945899,45.669520161464895,57.02006566174676,28.358431602001204,3.2477149594350294,66.07831236819617,Unfeasible shape,GPSampler,PRUNED
1167,1167,6.0,2026-04-21 18:39:27.742405,2026-04-21 18:39:27.853116,0 days 00:00:00.110711,-36.70449085186224,21.141925297837076,35.03344397271651,100.0,42.927863150773774,28.821596008620425,-60.32316110927132,45.82657637005813,57.090230004271085,28.6587066677714,3.0727667601195776,65.3658787838258,Unfeasible shape,GPSampler,PRUNED
1168,1168,6.0,2026-04-21 18:39:28.021130,2026-04-21 18:39:28.162682,0 days 00:00:00.141552,-36.78604077500353,21.24401038173419,35.20272304973914,100.0,42.69003153035217,28.682243598774512,-60.338932855014534,45.67873801247168,57.14291237584033,29.076882377213582,3.1546300323707968,65.42658438067858,Unfeasible shape,GPSampler,PRUNED
1169,1169,6.0,2026-04-21 18:39:28.337865,2026-04-21 18:39:28.511885,0 days 00:00:00.174020,-37.03930263705845,21.39440950142469,34.77043773843038,100.0,42.10138299780415,29.114437803544078,-60.247567820308774,45.54973259572853,57.16098632622649,28.24406409220999,3.132029193063282,65.91149037780455,Unfeasible shape,GPSampler,PRUNED
1170,1170,6.0,2026-04-21 18:39:28.686486,2026-04-21 18:39:28.813125,0 days 00:00:00.126639,-36.72367974430721,21.3536753034264,34.06546460231429,100.0,42.80333006623741,28.827691621841538,-60.264717173340024,45.89697084542607,57.34495198901264,27.936067799665427,3.235403546134769,66.01449550147109,Unfeasible shape,GPSampler,PRUNED
1171,1171,6.0,2026-04-21 18:39:28.996522,2026-04-21 18:39:29.122075,0 days 00:00:00.125553,-36.814252712515284,21.08848148441089,34.62798190143608,100.0,42.6657260673647,29.18005187848761,-60.303464840158114,46.0587966898261,57.32337817047002,28.4280424708686,3.0939395724915073,65.87577510340968,Unfeasible shape,GPSampler,PRUNED
1172,1172,6.0,2026-04-21 18:39:29.280317,2026-04-21 18:39:29.564585,0 days 00:00:00.284268,-36.72758291062271,20.908127780666597,34.96588910176763,100.0,42.62564594041257,29.021444647507316,-60.32763625456723,46.08921832892891,57.258680589155766,28.368787308921075,3.0972293460570484,65.48749349521398,Unfeasible shape,GPSampler,PRUNED
1173,1173,6.0,2026-04-21 18:39:29.765589,2026-04-21 18:39:29.891857,0 days 00:00:00.126268,-36.79658140016576,21.04001265653342,34.76779006188839,100.0,42.71575857462523,28.9857460224695,-60.42345864389598,45.87124290189655,57.15373084142733,28.49392997699432,3.0941054106883215,65.65137253042684,Unfeasible shape,GPSampler,PRUNED
1174,1174,6.0,2026-04-21 18:39:30.113412,2026-04-21 18:39:30.366166,0 days 00:00:00.252754,-36.769013686078466,21.11815345944312,34.98514315168366,100.0,42.741288627838706,28.848908946321828,-60.40370059008973,46.036369249382126,57.15635026852154,28.65032402438901,3.0979689361103198,65.73469135304208,Unfeasible shape,GPSampler,PRUNED
1175,1175,6.0,2026-04-21 18:39:30.524717,2026-04-21 18:39:30.713910,0 days 00:00:00.189193,-36.837924133248826,20.96886698820488,34.85968703781329,100.0,42.90851311318383,29.1690000431068,-60.41687281508172,45.60310120020005,57.192495617662175,28.731434291610906,3.18106052971779,65.81577655091114,Unfeasible shape,GPSampler,PRUNED
1176,1176,6.0,2026-04-21 18:39:30.898116,2026-04-21 18:39:31.024933,0 days 00:00:00.126817,-36.83976373661789,21.039293036575295,34.96922291710736,100.0,42.83632875899657,28.951676965453004,-60.292146710698646,45.79163830671342,57.16080301044477,28.682530046019593,3.102161736646167,65.652121729642,Unfeasible shape,GPSampler,PRUNED
1177,1177,6.0,2026-04-21 18:39:31.185361,2026-04-21 18:39:31.359300,0 days 00:00:00.173939,-36.82601065931676,21.21276883739364,35.072689518007074,100.0,43.05874603010233,29.13103876453532,-60.55621896996916,45.923598707777344,56.841412695413474,28.494527069706866,2.985953081208592,65.92122673699576,Unfeasible shape,GPSampler,PRUNED
1178,1178,6.0,2026-04-21 18:39:31.549406,2026-04-21 18:39:31.659722,0 days 00:00:00.110316,-36.8462573127514,21.603325777611424,34.45431348815613,100.0,43.09926983948908,29.36182228351452,-60.302484807894444,45.60604143062156,57.02771724862925,28.299746298709806,3.3105595281534903,66.13961879533188,Unfeasible shape,GPSampler,PRUNED
1179,1179,6.0,2026-04-21 18:39:31.828349,2026-04-21 18:39:31.969950,0 days 00:00:00.141601,-36.64866129697751,20.96278954420918,34.358795505308294,100.0,42.696700514465554,29.412765312732724,-60.54339547062746,45.405358416978146,56.767183580912224,28.44704251889612,3.1699655687182897,66.25281534138145,Unfeasible shape,GPSampler,PRUNED
1180,1180,6.0,2026-04-21 18:39:32.122238,2026-04-21 18:39:32.264359,0 days 00:00:00.142121,-36.67264546600666,20.98897263730808,34.8855965886852,100.0,42.8877406754921,29.049643647796756,-60.247723013773026,45.83609584212947,57.15489612124009,28.269091551525044,3.122831264259439,65.70174252154577,Unfeasible shape,GPSampler,PRUNED
1181,1181,6.0,2026-04-21 18:39:32.432148,2026-04-21 18:39:32.591257,0 days 00:00:00.159109,-36.725809279897774,21.1478996815166,34.87033106789895,100.0,41.88102543700829,28.652590904251937,-60.16561872933497,45.958406958779264,57.02168893775672,28.92019524934434,3.084746215539333,65.68319943359019,Unfeasible shape,GPSampler,PRUNED
1182,1182,6.0,2026-04-21 18:39:32.779204,2026-04-21 18:39:32.937049,0 days 00:00:00.157845,-36.67597818509141,21.25134621214242,34.84857825484507,100.0,42.66998242305882,28.83128624331387,-60.47800173014625,46.05231389044983,57.02439856449385,28.70581273565429,3.0228856775981683,65.51017399192342,Unfeasible shape,GPSampler,PRUNED
1183,1183,6.0,2026-04-21 18:39:33.111332,2026-04-21 18:39:33.253594,0 days 00:00:00.142262,-36.75146932556752,20.90063695642307,34.88134599021222,100.0,42.94478730795623,28.829703805386934,-60.36360882766476,45.844806420354494,57.166215747666065,28.476059444915624,3.044052615270573,65.79172179833384,Unfeasible shape,GPSampler,PRUNED
1184,1184,6.0,2026-04-21 18:39:33.422429,2026-04-21 18:39:33.596393,0 days 00:00:00.173964,-36.66729659696391,20.99200608390891,34.87878696583196,100.0,42.653680778733275,29.130231672035016,-60.34013851658112,46.16544094005886,57.25992710297989,28.129925307946227,3.1539269844606608,65.84426593040537,Unfeasible shape,GPSampler,PRUNED
1185,1185,6.0,2026-04-21 18:39:33.765119,2026-04-21 18:39:33.939873,0 days 00:00:00.174754,-36.9369613937678,20.777540235301508,34.977915508428765,100.0,42.9393651165008,29.013382210740097,-60.17067979607974,46.07992479643619,56.94592333192404,28.1144184410105,3.179186031746468,65.60990924491746,Unfeasible shape,GPSampler,PRUNED
1186,1186,6.0,2026-04-21 18:39:34.129612,2026-04-21 18:39:34.271453,0 days 00:00:00.141841,-36.781688043163506,20.687279363813403,35.752753653326764,100.0,42.295736142667046,28.61191514396951,-60.16854417437557,45.66559367454859,57.071217401849694,28.97995259140351,3.086624153383312,65.5575730919018,Unfeasible shape,GPSampler,PRUNED
1187,1187,6.0,2026-04-21 18:39:34.445650,2026-04-21 18:39:34.583429,0 days 00:00:00.137779,-36.894071413775066,20.802504409552956,35.204898992102784,100.0,42.47757115740743,29.02136741702528,-60.22975828834768,45.62051063145802,57.15990658650929,28.43923044662422,3.109624530328418,65.65817669265232,Unfeasible shape,GPSampler,PRUNED
1188,1188,6.0,2026-04-21 18:39:34.776918,2026-04-21 18:39:34.918848,0 days 00:00:00.141930,-36.79145724803001,20.691470360694233,34.95158412587256,100.0,42.65434462565738,29.098607701484482,-60.42962562530545,45.60796769606557,57.242909240374374,28.190073490849983,3.0866381521856496,65.8041027740262,Unfeasible shape,GPSampler,PRUNED
1189,1189,6.0,2026-04-21 18:39:35.083837,2026-04-21 18:39:35.218887,0 days 00:00:00.135050,-36.881638364569355,20.860275370604562,34.76329376003225,100.0,42.674130055021784,28.92067163756382,-60.39285796099819,45.82245060948866,57.1152773187564,28.331666100860996,3.0837384377207258,65.70549375338132,Unfeasible shape,GPSampler,PRUNED
1190,1190,6.0,2026-04-21 18:39:35.356832,2026-04-21 18:39:35.499066,0 days 00:00:00.142234,-36.82614999023161,20.710638132281954,34.871569193451606,100.0,43.03476442336219,29.161820964060837,-60.37788320736929,45.36859871076614,56.97600080988008,29.016852474036686,3.0896378848729285,65.7402267138006,Unfeasible shape,GPSampler,PRUNED
1191,1191,6.0,2026-04-21 18:39:35.705414,2026-04-21 18:39:35.863767,0 days 00:00:00.158353,-36.86637899952632,21.09993579284754,34.70514491107999,100.0,42.79952261775335,28.99018317218792,-60.35966017359592,45.99510677735925,57.255828074961634,28.441092837097674,3.0909078031530512,65.55818551846791,Unfeasible shape,GPSampler,PRUNED
1192,1192,6.0,2026-04-21 18:39:36.037660,2026-04-21 18:39:36.185402,0 days 00:00:00.147742,-36.76593738665263,20.8509971344732,34.9196093312501,100.0,42.79052735271755,28.93218015747337,-60.28439994700662,45.901874558453414,57.01846977305942,28.468287577831042,3.071001761661627,65.67625299067944,Unfeasible shape,GPSampler,PRUNED
1193,1193,6.0,2026-04-21 18:39:36.365340,2026-04-21 18:39:36.490480,0 days 00:00:00.125140,-36.90030103504528,20.774221774760733,34.91414689060342,100.0,42.555348504016386,29.380055584190238,-60.3003455597659,45.8609289649351,56.989747384171196,28.50677545559746,3.129479591801463,65.9472978084572,Unfeasible shape,GPSampler,PRUNED
1194,1194,6.0,2026-04-21 18:39:36.643104,2026-04-21 18:39:36.880890,0 days 00:00:00.237786,-36.946118585336,21.174425992779568,34.48239720277441,100.0,42.92636852088254,29.410249120055298,-60.50922939840599,46.06357012804782,57.45632296872948,27.861589534174048,3.146651577614712,66.197326771821,Unfeasible shape,GPSampler,PRUNED
1195,1195,6.0,2026-04-21 18:39:37.017805,2026-04-21 18:39:37.240620,0 days 00:00:00.222815,-36.7925659562856,20.90447144094682,35.09909595595787,100.0,42.76394736708716,29.187958428907194,-60.41618640662365,45.91183853567411,57.134898206279104,28.209531912373667,3.0874116211138585,65.30470834621755,Unfeasible shape,GPSampler,PRUNED
1196,1196,6.0,2026-04-21 18:39:37.407671,2026-04-21 18:39:37.566821,0 days 00:00:00.159150,-36.61281811298732,20.968886473482797,34.2906246264951,100.0,42.93346124932454,29.078573659920167,-60.462192867681644,45.319509430881716,57.65098629812483,27.929292131202253,3.2617212677945133,66.14688809591419,Unfeasible shape,GPSampler,PRUNED
1197,1197,6.0,2026-04-21 18:39:37.740519,2026-04-21 18:39:38.009187,0 days 00:00:00.268668,-36.65532976989064,21.422372183091028,34.65441661001891,100.0,42.53075557329566,29.018679302623056,-60.88740910316278,45.98859692235586,57.142300822484586,28.579524763270804,3.0741773702352475,65.45191817724019,Unfeasible shape,GPSampler,PRUNED
1198,1198,6.0,2026-04-21 18:39:38.187418,2026-04-21 18:39:38.335120,0 days 00:00:00.147702,-36.689206125843306,20.887027374493677,34.93195843989879,100.0,42.67351086234542,29.002913238579538,-60.40861224789269,45.87614773208115,57.053790331054785,28.559064956151538,3.0891701109591523,65.68921406804425,Unfeasible shape,GPSampler,PRUNED
1199,1199,6.0,2026-04-21 18:39:38.490049,2026-04-21 18:39:38.648211,0 days 00:00:00.158162,-36.57985302930256,20.82350084943869,35.29929324928876,99.41596458465261,42.26360553429014,28.91926377249694,-60.205058638699015,44.80291845661674,56.902332589090456,28.705333621831592,3.0442392191109704,65.12256509081364,Unfeasible shape,GPSampler,PRUNED
1200,1200,6.0,2026-04-21 18:39:38.817082,2026-04-21 18:39:38.958734,0 days 00:00:00.141652,-36.72543159192394,21.125167370294754,34.65891793409061,100.0,42.651557152668275,29.320344868856225,-60.40334981109653,45.9368136485149,57.252161825763515,28.017196812911777,3.1740201615974897,65.8128109165018,Unfeasible shape,GPSampler,PRUNED
1201,1201,6.0,2026-04-21 18:39:39.136461,2026-04-21 18:39:39.293512,0 days 00:00:00.157051,-36.847930717525024,20.992738987709224,34.724633202586105,100.0,42.65632572183911,29.24800723373213,-60.426008668873024,45.92662084428652,57.06457863470487,28.52097421001482,3.101227915299326,65.78548791362687,Unfeasible shape,GPSampler,PRUNED
1202,1202,6.0,2026-04-21 18:39:39.436917,2026-04-21 18:39:39.547783,0 days 00:00:00.110866,-36.64391523967417,21.030373686140706,34.89545758215698,100.0,43.22386594491524,28.6342934005609,-60.46941437755143,45.891053882632576,57.012270649317436,27.98254144630443,3.117308365893983,65.6072672752129,Unfeasible shape,GPSampler,PRUNED
1203,1203,6.0,2026-04-21 18:39:39.706553,2026-04-21 18:39:39.849464,0 days 00:00:00.142911,-36.5818350409642,20.948912289084042,34.658440362342304,100.0,42.89612661752467,28.906374188179264,-59.94809494264892,45.92842510654386,56.89611262220939,28.447264968957455,3.179342133168639,65.96134198148403,Unfeasible shape,GPSampler,PRUNED
1204,1204,6.0,2026-04-21 18:39:40.001494,2026-04-21 18:39:40.128473,0 days 00:00:00.126979,-36.92968690104957,20.352625076005573,34.62986165104908,100.0,42.932676124394106,29.3256029834602,-60.56340655430284,45.181958673076565,56.796166774288125,28.812310894212118,3.2106546518224732,65.98421437670972,Unfeasible shape,GPSampler,PRUNED
1205,1205,6.0,2026-04-21 18:39:40.286265,2026-04-21 18:39:40.508135,0 days 00:00:00.221870,-36.69375541313217,21.00973829106153,34.744853476996084,100.0,42.69188853768289,28.860145610065317,-60.42042281923108,46.00453048890127,57.07706068249539,28.136089990409253,3.1319720436124356,65.65786012547173,Unfeasible shape,GPSampler,PRUNED
1206,1206,6.0,2026-04-21 18:39:40.712696,2026-04-21 18:39:40.871217,0 days 00:00:00.158521,-36.719729101960596,20.882990294777887,34.85378427667993,100.0,42.609052729443675,29.11357153460863,-60.49128250592407,45.7501378158691,56.97474075487239,28.383038287682343,3.143012204038449,65.69197246035321,Unfeasible shape,GPSampler,PRUNED
1207,1207,6.0,2026-04-21 18:39:41.038610,2026-04-21 18:39:41.212808,0 days 00:00:00.174198,-36.83812695107642,20.905985347814834,34.49788348870133,100.0,42.746056744779544,29.04829026036238,-60.389715954770594,45.86056826663047,57.188860437526245,28.488077156462197,3.1751959291983454,65.98963014059068,Unfeasible shape,GPSampler,PRUNED
1208,1208,6.0,2026-04-21 18:39:41.365276,2026-04-21 18:39:41.523310,0 days 00:00:00.158034,-36.88245280440209,21.261435502420078,34.48446499445603,100.0,42.83785903095723,29.26461996716629,-60.58319041696097,45.60417690874998,57.20239914393931,28.528801977366236,3.1445397760661393,65.98699395800382,Unfeasible shape,GPSampler,PRUNED
1209,1209,6.0,2026-04-21 18:39:41.682126,2026-04-21 18:39:41.823577,0 days 00:00:00.141451,-36.91596856305795,20.68452549858859,34.9705164162242,100.0,42.7309529304088,28.872408945270223,-60.37306908750318,45.88156700599144,57.06571382898022,28.480105657461486,3.091725237724333,65.63943481067233,Unfeasible shape,GPSampler,PRUNED
1210,1210,6.0,2026-04-21 18:39:41.975006,2026-04-21 18:39:42.086420,0 days 00:00:00.111414,-36.730959985018345,21.130540102920882,34.866339535111244,100.0,42.642653005647276,29.06631913064848,-60.520764149945094,45.98506364055711,57.21303594905017,28.378406829498335,3.1168238922983136,65.63845496639456,Unfeasible shape,GPSampler,PRUNED
1211,1211,6.0,2026-04-21 18:39:42.244001,2026-04-21 18:39:42.418242,0 days 00:00:00.174241,-36.846375689024185,20.912632234346503,34.79918923700129,100.0,42.89849396895292,28.99542025421738,-60.59051637603992,45.97325140518694,57.268863004535056,28.19785192043622,3.0720340099447014,65.70200500569753,Unfeasible shape,GPSampler,PRUNED
1212,1212,6.0,2026-04-21 18:39:42.592381,2026-04-21 18:39:42.782445,0 days 00:00:00.190064,-36.758433563598174,20.798544493521444,34.51507061093858,100.0,42.57388207003408,29.0418624291553,-60.70067642604237,46.04838635689793,57.398585085737274,28.13415919184146,3.0903514385685114,65.48213452217395,Unfeasible shape,GPSampler,PRUNED
1213,1213,6.0,2026-04-21 18:39:42.966525,2026-04-21 18:39:43.108832,0 days 00:00:00.142307,-36.73709061210501,21.143060900059602,34.93403770689142,100.0,42.76458575638315,29.247209679124097,-60.380278872786604,45.84391318739702,57.16627551852219,28.406935678126185,3.140443646150622,65.7171520801353,Unfeasible shape,GPSampler,PRUNED
1214,1214,6.0,2026-04-21 18:39:43.294308,2026-04-21 18:39:43.450599,0 days 00:00:00.156291,-36.74159148652725,21.038761887821813,34.90880126298619,100.0,42.764224307029814,29.009299700156177,-60.314780629532265,46.01673226217868,57.077724561444434,28.319142252054153,3.099533895019711,65.63750264653,Unfeasible shape,GPSampler,PRUNED
1215,1215,6.0,2026-04-21 18:39:43.625112,2026-04-21 18:39:43.799961,0 days 00:00:00.174849,-37.24949886297755,20.822977279901266,33.877233810175085,100.0,43.02595403663539,29.49372499650417,-60.75632478206385,45.41544236983425,57.4614257598423,28.36631189666565,3.1268484783002464,65.60760164264154,Unfeasible shape,GPSampler,PRUNED
1216,1216,6.0,2026-04-21 18:39:43.982804,2026-04-21 18:39:44.140513,0 days 00:00:00.157709,-36.63548113117987,21.497743702978546,34.79569269784288,100.0,42.91177869860506,28.892801524663568,-60.5593494966443,45.79612552883928,57.018905358491615,28.733383465829373,3.101339563722995,65.79087246479438,Unfeasible shape,GPSampler,PRUNED
1217,1217,6.0,2026-04-21 18:39:44.323497,2026-04-21 18:39:44.498359,0 days 00:00:00.174862,-36.780221271697286,21.0158252175303,34.7819317550513,100.0,42.70094516465253,29.06094215946188,-60.415662208910284,46.01276636236492,57.16645530539135,28.43845683395025,3.1129602720191514,65.71379222375985,Unfeasible shape,GPSampler,PRUNED
1218,1218,6.0,2026-04-21 18:39:44.656274,2026-04-21 18:39:44.877290,0 days 00:00:00.221016,-36.70680130456664,20.97993448819963,34.93084291089297,100.0,42.70586115169777,28.973483584125873,-60.511999456281714,45.81468836264507,57.23351085591138,28.234108349036553,3.165359171248987,65.9720680447989,Unfeasible shape,GPSampler,PRUNED
1219,1219,6.0,2026-04-21 18:39:45.065126,2026-04-21 18:39:45.175317,0 days 00:00:00.110191,-36.81741872839992,20.7412162906357,35.04925181941965,100.0,42.65735435733448,29.09064422950629,-60.449250610957755,45.561240046530706,56.99101609578674,28.46638633007116,3.0758692586891385,65.63342712193975,Unfeasible shape,GPSampler,PRUNED
1220,1220,6.0,2026-04-21 18:39:45.328258,2026-04-21 18:39:45.471344,0 days 00:00:00.143086,-37.017412021174195,21.184812997285356,34.56669621307043,100.0,42.392198963409434,29.035307584543858,-60.169048266422834,45.728316151307155,57.026340038057704,28.358865635801877,3.090897762281557,65.69995345151062,Unfeasible shape,GPSampler,PRUNED
1221,1221,6.0,2026-04-21 18:39:45.654981,2026-04-21 18:39:45.824705,0 days 00:00:00.169724,-36.855866092137994,20.985073074783553,34.9529351071461,100.0,42.904586260318624,28.92230208916115,-60.312232192102854,45.640133892644904,57.15604505759467,28.439933303465548,3.1246825515899985,65.70810090432816,Unfeasible shape,GPSampler,PRUNED
1222,1222,6.0,2026-04-21 18:39:45.984128,2026-04-21 18:39:46.078758,0 days 00:00:00.094630,-36.814089207887896,20.63972344120873,34.97863775005564,100.0,42.62613889378503,28.867453724225058,-60.27949393396149,45.986265816036465,57.009832785140176,28.46712390832747,3.0722142965828283,65.51166309378745,Unfeasible shape,GPSampler,PRUNED
