,number,value,datetime_start,datetime_complete,duration,params_lLegPt.rA1,params_lLegPt.rL0,params_lLegPt.rL1,params_lLegPt.rL2,params_lLegPt.x1,params_lLegPt.y1,params_sLegPt.rA1,params_sLegPt.rL0,params_sLegPt.rL1,params_sLegPt.rL2,params_sLegPt.x1,params_sLegPt.y1,user_attrs_prune,system_attrs_auto:sampler,state
4615,4615,6.0,2026-04-21 18:59:41.813668,2026-04-21 18:59:41.972347,0 days 00:00:00.158679,-36.819321285840665,20.171510662706844,35.66071106392066,99.8968824055088,42.56222479827856,29.16044903433776,-60.39348322857528,45.5483103199972,56.70008960665204,29.18480154684531,3.131141780985942,65.86951347037443,Unfeasible shape,GPSampler,PRUNED
4616,4616,6.0,2026-04-21 18:59:42.178209,2026-04-21 18:59:42.463368,0 days 00:00:00.285159,-36.86487406829384,20.836812247218802,34.49159157253413,100.0,42.74448604428657,29.151806638744866,-60.61542872974432,45.8473126666675,57.34736758823282,28.028136127345963,3.119196545500138,65.54128371037932,Unfeasible shape,GPSampler,PRUNED
4617,4617,6.0,2026-04-21 18:59:42.646857,2026-04-21 18:59:42.804710,0 days 00:00:00.157853,-36.84782514792399,21.03269848435463,34.73319419732135,100.0,42.88384961612533,29.307197731877714,-60.401976240244736,45.92473487257278,57.06455510497238,28.42046194595136,3.1348485193186804,65.7703000765834,Unfeasible shape,GPSampler,PRUNED
4618,4618,6.0,2026-04-21 18:59:43.002805,2026-04-21 18:59:43.240222,0 days 00:00:00.237417,-36.769251285715015,20.704514016939108,34.96016035802964,100.0,42.69675624750163,28.997241746527536,-60.24047210657788,46.14274418691475,57.28871636807205,28.260854419158548,3.061780200166794,65.54951337902361,Unfeasible shape,GPSampler,PRUNED
4619,4619,6.0,2026-04-21 18:59:43.440418,2026-04-21 18:59:43.598052,0 days 00:00:00.157634,-36.72566215336251,21.031659668970804,34.942082857140946,100.0,42.69689001650752,29.074559360181773,-60.36710798491103,46.03732646516395,57.23886584936135,28.404986838997655,3.135150327742565,65.57946818971314,Unfeasible shape,GPSampler,PRUNED
4620,4620,6.0,2026-04-21 18:59:43.843543,2026-04-21 18:59:44.001512,0 days 00:00:00.157969,-36.69951249642427,21.057127477953706,34.76096807594428,100.0,42.52285585343122,28.9008398813556,-60.449574213833884,45.91808955066131,56.97588578212286,28.660386555586275,3.0979802597495265,65.64279504109284,Unfeasible shape,GPSampler,PRUNED
4621,4621,6.0,2026-04-21 18:59:44.191855,2026-04-21 18:59:44.366356,0 days 00:00:00.174501,-36.800231902698016,21.00971474393443,34.85603759619872,100.0,42.65666800594648,28.983338456131293,-60.28815328243265,46.01716808798397,57.19455729369924,28.4983081859687,3.1441934919001184,65.69709703647517,Unfeasible shape,GPSampler,PRUNED
4622,4622,6.0,2026-04-21 18:59:44.565242,2026-04-21 18:59:44.726517,0 days 00:00:00.161275,-36.758910012660635,21.10599749878791,34.867995110570405,100.0,42.778929756800956,29.008669507014588,-60.37648864188958,45.92784111716273,57.12882297540893,28.30750799004902,3.1211548616202194,65.65850931083455,Unfeasible shape,GPSampler,PRUNED
4623,4623,6.0,2026-04-21 18:59:44.914979,2026-04-21 18:59:45.057710,0 days 00:00:00.142731,-36.889543705678285,20.754632713496783,34.97821690418229,100.0,42.23538924999753,29.244137102086917,-60.44921772070325,45.58753290115534,56.79430248624971,28.465540726276416,3.153554880438996,65.32692322055267,Unfeasible shape,GPSampler,PRUNED
4624,4624,6.0,2026-04-21 18:59:45.277824,2026-04-21 18:59:45.436149,0 days 00:00:00.158325,-36.718038599732864,20.928076780164904,34.76662596842634,100.0,42.7535072272925,29.132618230137247,-60.3770855305775,45.866946075040644,57.20918095666871,28.265037905658954,3.1197727577964613,65.78850569884455,Unfeasible shape,GPSampler,PRUNED
4625,4625,6.0,2026-04-21 18:59:45.699191,2026-04-21 18:59:45.873474,0 days 00:00:00.174283,-36.704236903897026,20.973506765477836,34.41626850956928,100.0,43.256832784234724,29.496473345710683,-60.45116007181111,45.451497152564755,57.23756382546785,28.17665360025811,3.164520552026808,65.57216930514112,Unfeasible shape,GPSampler,PRUNED
4626,4626,6.0,2026-04-21 18:59:46.056972,2026-04-21 18:59:46.231267,0 days 00:00:00.174295,-36.61501097502641,21.329595031383512,35.183247903784256,100.0,42.78002648842225,29.021835372506864,-60.16160399016913,45.94723393782178,56.98661483675456,28.52404292765969,3.0249131912204703,65.8178737784503,Unfeasible shape,GPSampler,PRUNED
4627,4627,6.0,2026-04-21 18:59:46.462677,2026-04-21 18:59:46.628689,0 days 00:00:00.166012,-36.90773894151943,20.839859788076915,35.08412957511925,100.0,42.51020976017411,28.80498954264265,-60.257364142172406,45.90233811327811,57.094016722922625,28.790209871828864,3.052536242192346,65.46404864589222,Unfeasible shape,GPSampler,PRUNED
4628,4628,6.0,2026-04-21 18:59:46.821827,2026-04-21 18:59:46.965485,0 days 00:00:00.143658,-36.71656403609243,20.905508632045915,34.661360086539396,100.0,42.763340956845774,28.89632859197846,-60.638715269197846,45.86199095305006,57.05691303885047,28.293459385006745,3.0430523618456817,65.64924218768212,Unfeasible shape,GPSampler,PRUNED
4629,4629,6.0,2026-04-21 18:59:47.281066,2026-04-21 18:59:47.455515,0 days 00:00:00.174449,-36.808229033356874,20.967608199414617,34.9172974323348,100.0,42.76179169920676,28.88620855553045,-60.321922127120814,45.83873950178882,57.011991779296515,28.579013075197288,3.0492903630719255,65.58093146828831,Unfeasible shape,GPSampler,PRUNED
4630,4630,6.0,2026-04-21 18:59:47.668553,2026-04-21 18:59:47.830001,0 days 00:00:00.161448,-36.859897810825146,20.77816803227447,34.91868923844709,100.0,42.93150389274329,28.67390049094582,-60.300930458556195,45.98289339711444,57.04835660278266,28.627324521298174,3.05364540727426,65.50712662415806,Unfeasible shape,GPSampler,PRUNED
4631,4631,6.0,2026-04-21 18:59:48.030865,2026-04-21 18:59:48.152020,0 days 00:00:00.121155,-36.76794946659718,20.65508451782054,34.75339089702304,100.0,42.627206369426744,28.647235480984087,-60.269338660709614,45.86158508919338,57.1650046930418,28.619452697364988,3.1215550086570616,65.68396306666824,Unfeasible shape,GPSampler,PRUNED
4632,4632,6.0,2026-04-21 18:59:48.367276,2026-04-21 18:59:48.589402,0 days 00:00:00.222126,-36.60653326364473,21.409971669364033,35.051832754185796,100.0,42.389865286044056,29.165589725849358,-60.02947664719764,46.54523985413085,57.38568540920784,28.543404909998007,3.0892533734394902,65.85112299006977,Unfeasible shape,GPSampler,PRUNED
4633,4633,6.0,2026-04-21 18:59:48.787616,2026-04-21 18:59:49.040518,0 days 00:00:00.252902,-36.76688195550914,21.00888311391825,34.84351950932236,100.0,42.818426288999234,29.021031163995467,-60.28162579123286,45.769672686734026,57.096616023912084,28.497951863514796,3.08159177972761,65.5930390132787,Unfeasible shape,GPSampler,PRUNED
4634,4634,6.0,2026-04-21 18:59:49.258278,2026-04-21 18:59:49.480224,0 days 00:00:00.221946,-37.01367311534518,21.521857320263333,34.04827567267792,100.0,42.83254996423805,29.202354694629527,-60.2024942321181,45.83903641471867,57.49452071919564,27.992007739373125,3.2068761127653858,66.16075275605455,Unfeasible shape,GPSampler,PRUNED
4635,4635,6.0,2026-04-21 18:59:49.695059,2026-04-21 18:59:49.836476,0 days 00:00:00.141417,-36.503392879432646,21.10027349142257,34.870735506747266,100.0,42.87277727955366,29.192327554372433,-60.29927175273306,45.918818506676224,57.038881173767955,28.33302866872429,3.31341883726995,65.76486183310577,Unfeasible shape,GPSampler,PRUNED
4636,4636,6.0,2026-04-21 18:59:50.042266,2026-04-21 18:59:50.215914,0 days 00:00:00.173648,-36.74579465394701,21.384384807545793,34.60301259154346,100.0,42.86133405347488,28.928421106615012,-60.52133581035056,45.99206855492335,57.24712619177808,28.509829338171624,3.0844094360969265,65.82306334496889,Unfeasible shape,GPSampler,PRUNED
4637,4637,6.0,2026-04-21 18:59:50.509419,2026-04-21 18:59:50.683076,0 days 00:00:00.173657,-36.764730511571436,21.358222450778715,34.81942632685045,100.0,42.829226508527135,29.01598097101762,-60.459511834163166,45.88298597736307,57.22506436500823,28.485691381369964,3.1298418998933144,65.66926148786499,Unfeasible shape,GPSampler,PRUNED
4638,4638,6.0,2026-04-21 18:59:50.879985,2026-04-21 18:59:51.022717,0 days 00:00:00.142732,-36.78531439735992,21.5773232385039,34.51742896253825,100.0,42.875058186058006,29.199985357480514,-60.54122222272825,45.90535174848875,57.151962159879965,28.571737784870017,3.277113287640603,65.93120361622273,Unfeasible shape,GPSampler,PRUNED
4639,4639,6.0,2026-04-21 18:59:51.241802,2026-04-21 18:59:51.405760,0 days 00:00:00.163958,-36.84030669732401,21.181139065936684,34.64485594841326,100.0,42.766790165477175,29.060615501612546,-60.117542628117334,46.01674126975448,57.34125752481837,28.287230603848517,3.2575255540445767,65.93153050299291,Unfeasible shape,GPSampler,PRUNED
4640,4640,6.0,2026-04-21 18:59:51.568634,2026-04-21 18:59:51.726847,0 days 00:00:00.158213,-36.88475112847165,21.478394667827367,34.41171506795485,100.0,42.414104756063466,29.318147993105747,-60.45144832236766,45.77149766517956,57.112479937051376,28.274096845948222,3.220927261884583,65.96561818307745,Unfeasible shape,GPSampler,PRUNED
4641,4641,6.0,2026-04-21 18:59:51.895855,2026-04-21 18:59:52.053467,0 days 00:00:00.157612,-36.73974618181701,20.93461508990076,35.07343631557251,100.0,42.71752445556759,29.074414063930135,-60.262750939625064,45.85203506085903,57.0156502595856,28.454778152062048,3.0691261463645816,65.56565375202783,Unfeasible shape,GPSampler,PRUNED
4642,4642,6.0,2026-04-21 18:59:52.242086,2026-04-21 18:59:52.383750,0 days 00:00:00.141664,-36.82773200213758,21.53771436104642,34.70392853003959,100.0,42.77174131487523,28.95316850349962,-60.107247242492846,46.02525869664107,57.139601944062086,28.766234704691353,3.184528895504023,65.98389803050166,Unfeasible shape,GPSampler,PRUNED
4643,4643,6.0,2026-04-21 18:59:52.588837,2026-04-21 18:59:52.747809,0 days 00:00:00.158972,-36.72034918284969,20.972564890008883,34.846884435339106,100.0,42.63172091629965,28.988875190886453,-60.349491224784586,45.97981218054426,57.117231473001446,28.42954410718467,3.126119643848675,65.6904950044415,Unfeasible shape,GPSampler,PRUNED
4644,4644,6.0,2026-04-21 18:59:52.984390,2026-04-21 18:59:53.127097,0 days 00:00:00.142707,-36.89911930227491,20.70495171480208,34.79284929632492,100.0,43.27313555074231,28.855180970275143,-59.86494932957839,46.31105181894755,57.37095695860867,28.218549125104296,3.1052791502058383,65.48339836808339,Unfeasible shape,GPSampler,PRUNED
4645,4645,6.0,2026-04-21 18:59:53.310916,2026-04-21 18:59:53.500601,0 days 00:00:00.189685,-36.89304533998063,20.977085990147494,34.81353656938384,100.0,42.89794392903296,28.87396654664262,-60.11612423545787,46.14896126989147,57.06638461471455,28.41348341995102,3.1396951597027396,65.68106812641898,Unfeasible shape,GPSampler,PRUNED
4646,4646,6.0,2026-04-21 18:59:53.715267,2026-04-21 18:59:53.940145,0 days 00:00:00.224878,-36.82214200690353,20.952790830066114,34.79219450976656,100.0,42.64677749443253,29.08617733643664,-60.30999931334874,45.95425044258959,57.195186841044276,28.43960574193601,3.09135776284527,65.76429435433226,Unfeasible shape,GPSampler,PRUNED
4647,4647,6.0,2026-04-21 18:59:54.158622,2026-04-21 18:59:54.364299,0 days 00:00:00.205677,-36.7955128476519,20.931472803450117,34.86500929476901,100.0,42.84892654284336,29.131946249180693,-60.313152172594485,45.76000096851818,56.96149741882281,28.491538001545198,3.088366165326484,65.6411516615506,Unfeasible shape,GPSampler,PRUNED
4648,4648,6.0,2026-04-21 18:59:54.618642,2026-04-21 18:59:54.745620,0 days 00:00:00.126978,-36.75163056504074,21.133551622992208,34.902787582785706,100.0,42.8035165481862,29.309236469492404,-60.29241569828788,45.996121155998495,56.83597436880958,28.488670383182903,3.1371868377892866,65.84429195856471,Unfeasible shape,GPSampler,PRUNED
4649,4649,6.0,2026-04-21 18:59:54.918831,2026-04-21 18:59:55.108501,0 days 00:00:00.189670,-36.64818753404276,20.589897488001085,35.264720675789505,100.0,42.83370890230491,28.756559520357847,-60.19210923532599,45.86619352789512,57.274149890346415,28.618327991522314,3.072006456352412,65.38115621467601,Unfeasible shape,GPSampler,PRUNED
4650,4650,6.0,2026-04-21 18:59:55.322998,2026-04-21 18:59:55.449578,0 days 00:00:00.126580,-36.75551153243301,21.221292909690234,34.74760702421317,100.0,42.77063780142741,29.066710863629254,-60.46880924727623,45.81564208966696,57.2108022146778,28.40375528825473,3.1239404834583198,65.77259489596881,Unfeasible shape,GPSampler,PRUNED
4651,4651,6.0,2026-04-21 18:59:55.642577,2026-04-21 18:59:55.842896,0 days 00:00:00.200319,-36.807782693241776,21.100236449957887,34.65729126679904,100.0,42.5716859911848,28.88978633510878,-59.97104356780305,46.22477824371697,57.192732426794144,28.452038475286177,3.1262838124184,65.3021295896607,Unfeasible shape,GPSampler,PRUNED
4652,4652,6.0,2026-04-21 18:59:56.043259,2026-04-21 18:59:56.199690,0 days 00:00:00.156431,-36.89614149053878,20.81417254862545,35.02358769640441,100.0,42.760954498415416,29.10304239335207,-60.6099470262421,46.09561776450414,56.921744746741155,28.623802523683707,3.0895646528761773,65.60113989349426,Unfeasible shape,GPSampler,PRUNED
4653,4653,6.0,2026-04-21 18:59:56.431210,2026-04-21 18:59:56.643535,0 days 00:00:00.212325,-36.84336803787298,20.93689106049286,34.70457988948832,100.0,42.76556496710601,29.191607417185246,-60.37372286209259,45.98637109276488,57.08150785418182,28.23103979266672,3.1497985431374715,65.56398330394045,Unfeasible shape,GPSampler,PRUNED
4654,4654,6.0,2026-04-21 18:59:56.835453,2026-04-21 18:59:56.993656,0 days 00:00:00.158203,-36.713222238247646,21.056262886885474,34.59247616065525,100.0,42.6359333010467,29.154275657808782,-60.59250696606318,45.982583434120556,57.21900469649556,28.37671251408564,3.207694249892427,65.9337035654382,Unfeasible shape,GPSampler,PRUNED
4655,4655,6.0,2026-04-21 18:59:57.166845,2026-04-21 18:59:57.340064,0 days 00:00:00.173219,-36.77622348857835,20.33571179432233,34.79147255369426,100.0,43.02470192661092,29.036755741025345,-60.41047330114655,45.35141167011349,56.88751161386927,28.878613809965554,3.222716752778979,65.98877588567046,Unfeasible shape,GPSampler,PRUNED
4656,4656,6.0,2026-04-21 18:59:57.555085,2026-04-21 18:59:57.791989,0 days 00:00:00.236904,-36.70784966472481,20.83819667651018,34.96216756761034,100.0,42.651340978369696,28.920976936062708,-60.31539315801254,45.8841931875226,57.08481422508605,28.644502884795642,3.096751538309526,65.56541604374485,Unfeasible shape,GPSampler,PRUNED
4657,4657,6.0,2026-04-21 18:59:57.979715,2026-04-21 18:59:58.121529,0 days 00:00:00.141814,-36.76032708194266,21.298290893891284,34.91189295056277,100.0,42.70418741883483,29.005732711660976,-60.382475469130824,45.994848166256105,57.19660081257603,28.557188833907034,3.1195444749563137,65.65101872717149,Unfeasible shape,GPSampler,PRUNED
4658,4658,6.0,2026-04-21 18:59:58.324976,2026-04-21 18:59:58.482456,0 days 00:00:00.157480,-36.72929779104692,21.179244612590516,34.68829072097952,100.0,42.65347932072644,29.06894484827076,-60.4447730059637,46.085358385398386,57.20208588666186,28.52941424130223,3.0758585195042656,65.70455411754344,Unfeasible shape,GPSampler,PRUNED
4659,4659,6.0,2026-04-21 18:59:58.680253,2026-04-21 18:59:58.838751,0 days 00:00:00.158498,-36.788026655863284,20.733559575379118,34.926713392124505,100.0,42.73688566421951,29.06764725824155,-60.41656106122534,45.751052347415424,56.993795340884,28.458021410755943,3.1250042479344415,65.69422303172655,Unfeasible shape,GPSampler,PRUNED
4660,4660,6.0,2026-04-21 18:59:59.047154,2026-04-21 18:59:59.220013,0 days 00:00:00.172859,-36.790353964424085,20.84511631173636,34.79908220217096,100.0,42.79369650087657,29.039643206806787,-60.38567134216386,45.830000084210276,57.03984639665774,28.376061297660282,3.118955695271211,65.752457859795,Unfeasible shape,GPSampler,PRUNED
4661,4661,6.0,2026-04-21 18:59:59.432520,2026-04-21 18:59:59.590732,0 days 00:00:00.158212,-36.706999405435724,20.859120291420602,34.73352750116318,100.0,42.603649627777855,29.177430473380113,-60.48814783083617,45.858057396519854,57.073233787248995,28.22242015059211,3.0855821946144957,65.6498531393562,Unfeasible shape,GPSampler,PRUNED
4662,4662,6.0,2026-04-21 18:59:59.993134,2026-04-21 19:00:00.278134,0 days 00:00:00.285000,-36.73852208250099,20.973173430062076,34.84291718038429,100.0,42.520573658860904,29.16519689147342,-60.40536585022376,46.15781358332819,57.23971414035196,28.101521328908063,3.1192267305837618,65.57652455959028,Unfeasible shape,GPSampler,PRUNED
4663,4663,6.0,2026-04-21 19:00:00.491602,2026-04-21 19:00:00.649823,0 days 00:00:00.158221,-36.650546272330146,21.008096810963373,34.83590273513489,100.0,42.62426849236658,29.57234698294677,-60.44768456757123,45.8801204603173,56.95733884744376,28.108087462839116,3.158169013215357,65.67010996538029,Unfeasible shape,GPSampler,PRUNED
4664,4664,6.0,2026-04-21 19:00:00.896006,2026-04-21 19:00:01.022722,0 days 00:00:00.126716,-36.85651021472916,20.905993649442586,34.84988464684615,100.0,42.79924089670726,28.85737044303638,-60.167389016984785,46.069011780949474,57.02077792331382,28.089632228512762,3.1092446288116022,65.58913628299936,Unfeasible shape,GPSampler,PRUNED
4665,4665,6.0,2026-04-21 19:00:01.219300,2026-04-21 19:00:01.376447,0 days 00:00:00.157147,-36.81277093991721,21.098405487232583,34.73889162425613,100.0,43.03493933532289,29.439094848346635,-60.489135914768774,45.90934149766093,57.27346791137419,28.59159298106819,3.135437582849576,65.72016086406498,Unfeasible shape,GPSampler,PRUNED
4666,4666,6.0,2026-04-21 19:00:01.642349,2026-04-21 19:00:01.768604,0 days 00:00:00.126255,-36.898819380317484,21.116029695334618,35.18632728247317,100.0,42.62235867787977,29.30841772385041,-60.42260223030948,45.789377897267585,57.023982478641045,28.286607811475186,3.1229399001155187,65.81212201835817,Unfeasible shape,GPSampler,PRUNED
4667,4667,6.0,2026-04-21 19:00:01.955043,2026-04-21 19:00:02.113281,0 days 00:00:00.158238,-36.69950961482415,21.020052729144695,34.887422225531495,100.0,42.82495928446313,29.019620937618377,-60.47118438359481,45.96063937304391,57.18440772702107,28.314886054806983,3.128752001489076,65.54918952955413,Unfeasible shape,GPSampler,PRUNED
4668,4668,6.0,2026-04-21 19:00:02.311211,2026-04-21 19:00:02.437570,0 days 00:00:00.126359,-36.74909756807855,20.933859348418295,34.877807593572356,100.0,42.79628365321042,28.890069567334884,-60.446463033240825,45.81141202182816,57.00322888032092,28.477224172537635,3.076291562751109,65.65603829232249,Unfeasible shape,GPSampler,PRUNED
4669,4669,6.0,2026-04-21 19:00:02.636023,2026-04-21 19:00:02.784260,0 days 00:00:00.148237,-36.70067582106581,20.990051753706673,34.83624784393279,100.0,42.74728653354832,29.321746723425576,-60.444847863638714,45.85148944258372,57.140224237356044,28.194902420989308,3.1388022685881936,65.84447240916525,Unfeasible shape,GPSampler,PRUNED
4670,4670,6.0,2026-04-21 19:00:02.999785,2026-04-21 19:00:03.157596,0 days 00:00:00.157811,-36.97660016437116,21.010645322435796,34.969722156203574,100.0,42.704084636035695,29.086074396466927,-60.18458888539078,45.881545450639564,57.33617440531974,28.412046038298847,3.137081135656402,65.64501640544354,Unfeasible shape,GPSampler,PRUNED
4671,4671,6.0,2026-04-21 19:00:03.535277,2026-04-21 19:00:03.692865,0 days 00:00:00.157588,-36.84640517499591,21.08123440459462,35.1055615741308,100.0,43.0670673813778,29.133032439509307,-60.16727184097403,45.8013812679334,57.12005397385246,28.276948500196465,3.111912078497234,65.62429443091077,Unfeasible shape,GPSampler,PRUNED
4672,4672,6.0,2026-04-21 19:00:03.943387,2026-04-21 19:00:04.085864,0 days 00:00:00.142477,-36.734821916678285,20.83869828156761,34.58507986796952,100.0,42.55393566890148,29.025805392999317,-60.21424051106611,46.13086556981039,57.056671681313496,28.772565875619858,3.157392533846867,65.85341816500814,Unfeasible shape,GPSampler,PRUNED
4673,4673,6.0,2026-04-21 19:00:04.300182,2026-04-21 19:00:04.489319,0 days 00:00:00.189137,-37.01907317624403,21.79125737279626,33.90852736471602,100.0,43.02231512670109,29.62090419220577,-60.729358223878506,46.04841709857056,58.081786495721204,28.185513858169923,3.25071844728253,66.16696185145113,Unfeasible shape,GPSampler,PRUNED
4674,4674,6.0,2026-04-21 19:00:04.671266,2026-04-21 19:00:04.845149,0 days 00:00:00.173883,-36.84447092017161,21.211819133026303,35.45971470831094,99.76116365367761,42.67138194359136,28.519266054127513,-60.28501740699147,45.80138826691359,56.8606332667572,28.734119435817988,3.062920750141714,65.48276301591851,Unfeasible shape,GPSampler,PRUNED
4675,4675,6.0,2026-04-21 19:00:05.016806,2026-04-21 19:00:05.222426,0 days 00:00:00.205620,-36.780842308477645,21.235711731994847,34.749632915605545,100.0,42.770861187003824,28.836924175931678,-60.3759722908112,45.91498530058128,57.216223778966125,28.541653065909557,3.0951849751888645,65.60309763741255,Unfeasible shape,GPSampler,PRUNED
4676,4676,6.0,2026-04-21 19:00:05.408632,2026-04-21 19:00:05.556017,0 days 00:00:00.147385,-36.821552709898135,21.427301669896323,34.1650226878961,100.0,42.79771731258777,29.290405138044086,-60.34081696129448,45.927772791316016,57.230239240244,28.13631200068985,3.255341458527397,66.21903592215826,Unfeasible shape,GPSampler,PRUNED
4677,4677,6.0,2026-04-21 19:00:05.795483,2026-04-21 19:00:05.956501,0 days 00:00:00.161018,-36.89530953312334,21.352505819471773,33.87267953002735,100.0,42.89547702114936,29.78944315807211,-60.02384524870007,46.37221451191115,57.8829798194136,27.476734396310256,3.3448748814084155,66.66106447885836,Unfeasible shape,GPSampler,PRUNED
4678,4678,6.0,2026-04-21 19:00:06.157217,2026-04-21 19:00:06.308230,0 days 00:00:00.151013,-36.86992818378773,21.5058632896968,34.70381322170707,100.0,42.722459791673714,29.086435064246885,-60.683681513259344,46.351161857738234,57.36337927678688,28.34219619329718,3.2401072982402965,66.34810508488903,Unfeasible shape,GPSampler,PRUNED
