,number,value,datetime_start,datetime_complete,duration,params_lLegPt.rA1,params_lLegPt.rL0,params_lLegPt.rL1,params_lLegPt.rL2,params_lLegPt.x1,params_lLegPt.y1,params_sLegPt.rA1,params_sLegPt.rL0,params_sLegPt.rL1,params_sLegPt.rL2,params_sLegPt.x1,params_sLegPt.y1,user_attrs_prune,system_attrs_auto:sampler,state
3655,3655,6.0,2026-04-21 18:53:52.203712,2026-04-21 18:53:52.362259,0 days 00:00:00.158547,-36.70430582391749,20.980905613078313,34.829222480586765,100.0,42.603284486733465,29.13397570871726,-60.372126601754154,46.028231392275394,57.19323964981957,28.48790438366445,3.1254852926860863,65.66079031074338,Unfeasible shape,GPSampler,PRUNED
3656,3656,6.0,2026-04-21 18:53:52.559890,2026-04-21 18:53:52.702119,0 days 00:00:00.142229,-36.60242150560211,21.078735968640302,34.99144021191806,100.0,42.63044316115483,28.734112736309505,-59.99119835414265,45.70050686143593,56.84020152575941,28.774016215063185,3.137933831236005,65.62368941223362,Unfeasible shape,GPSampler,PRUNED
3657,3657,6.0,2026-04-21 18:53:53.020205,2026-04-21 18:53:53.181219,0 days 00:00:00.161014,-36.8352954830432,20.991939622606473,34.710326942362315,100.0,42.693642216238054,29.2731728876698,-60.325123225279,46.00587068571827,57.17519830639241,28.36475372336391,3.1355655996177276,65.79236687756648,Unfeasible shape,GPSampler,PRUNED
3658,3658,6.0,2026-04-21 18:53:53.359298,2026-04-21 18:53:53.662926,0 days 00:00:00.303628,-36.75554515326763,21.096822138541846,34.770421951534004,100.0,42.74951515303927,28.975499997056097,-60.4050798668294,45.905478648116464,57.20959465356968,28.489272384524458,3.099243120187978,65.70360323813748,Unfeasible shape,GPSampler,PRUNED
3659,3659,6.0,2026-04-21 18:53:53.831744,2026-04-21 18:53:53.969777,0 days 00:00:00.138033,-36.7873462740684,21.19266945245597,34.839285657931875,100.0,42.71136600465274,29.06113654586685,-60.352728923295075,45.935619529812335,57.17091158663009,28.50394462653573,3.0662113070914288,65.52094353839206,Unfeasible shape,GPSampler,PRUNED
3660,3660,6.0,2026-04-21 18:53:54.159640,2026-04-21 18:53:54.310655,0 days 00:00:00.151015,-36.7309040837452,21.158149716199606,34.67681052476177,100.0,42.91236614937619,29.015273152345053,-60.452120209199464,45.96748591622664,57.087328088163,28.36278614708271,3.065631613902859,65.66609660117219,Unfeasible shape,GPSampler,PRUNED
3661,3661,6.0,2026-04-21 18:53:54.483671,2026-04-21 18:53:54.662852,0 days 00:00:00.179181,-36.79497909873858,21.063732565215012,34.717721571671284,100.0,42.78515203657224,29.123764241118153,-60.38281925601875,45.9711382827214,57.01696942352187,28.24180949504052,3.1945766386930643,65.92173991200949,Unfeasible shape,GPSampler,PRUNED
3662,3662,6.0,2026-04-21 18:53:54.855916,2026-04-21 18:53:55.006823,0 days 00:00:00.150907,-36.92226617715145,21.0632351407503,35.129645386825146,100.0,42.73070018206165,28.51528941277163,-60.426395746929096,45.54495356562677,57.17362742647895,29.056291011069703,3.0813586572409903,65.55675004548222,Unfeasible shape,GPSampler,PRUNED
3663,3663,6.0,2026-04-21 18:53:55.311225,2026-04-21 18:53:55.515353,0 days 00:00:00.204128,-36.9129330937738,20.377852275955306,35.3323155773618,100.0,42.82169381059637,28.77667259420211,-60.015715465962316,46.097001381505976,57.05766462889908,28.294585257982792,2.9983583084681555,65.23489634256111,Unfeasible shape,GPSampler,PRUNED
3664,3664,6.0,2026-04-21 18:53:55.729208,2026-04-21 18:53:55.862308,0 days 00:00:00.133100,-36.880750165719995,21.325761372282024,34.44839809227727,100.0,42.34423649080212,29.55754397344971,-60.49259302026391,45.9601010432544,57.39138783022685,27.898033464296095,3.239242835106687,65.98699374584926,Unfeasible shape,GPSampler,PRUNED
3665,3665,6.0,2026-04-21 18:53:56.082635,2026-04-21 18:53:56.227808,0 days 00:00:00.145173,-36.84084915879897,20.829294779400882,34.78097345912239,100.0,42.86607333220171,28.899932305584834,-60.28588860542159,45.993480321288885,57.19015921670539,28.502083448757954,3.0721076898532687,65.67051065956869,Unfeasible shape,GPSampler,PRUNED
3666,3666,6.0,2026-04-21 18:53:56.394573,2026-04-21 18:53:56.631828,0 days 00:00:00.237255,-36.78045195766999,20.839320492903546,35.054846543258826,100.0,43.0500157741697,28.85071281733383,-60.269384303398766,46.2805957434438,57.28642756601689,28.39809587771161,3.1490376039576873,65.65999056804341,Unfeasible shape,GPSampler,PRUNED
3667,3667,6.0,2026-04-21 18:53:56.802095,2026-04-21 18:53:56.968428,0 days 00:00:00.166333,-36.45166900080498,20.559940574460697,34.921936904287705,100.0,43.1812941811473,29.202074571408716,-60.507020660701556,45.60711769103381,57.13771461269558,28.783931812147863,3.0686383321690727,66.14526291368492,Unfeasible shape,GPSampler,PRUNED
3668,3668,6.0,2026-04-21 18:53:57.178365,2026-04-21 18:53:57.333625,0 days 00:00:00.155260,-36.74766507858301,21.018922707339975,34.75829313894559,100.0,42.72605683735455,28.969525145128877,-60.389055191590344,45.98133266373941,57.202897358910235,28.40042602138634,3.113021084134573,65.76562376874357,Unfeasible shape,GPSampler,PRUNED
3669,3669,6.0,2026-04-21 18:53:57.513472,2026-04-21 18:53:57.699506,0 days 00:00:00.186034,-36.70047615597204,20.838243783739877,35.18815853346041,100.0,42.99553068477141,28.882806672332876,-60.278241657834826,45.978419693288075,57.14733725353159,28.76758951453799,3.035199689624818,65.4482746904218,Unfeasible shape,GPSampler,PRUNED
3670,3670,6.0,2026-04-21 18:53:57.884870,2026-04-21 18:53:58.020451,0 days 00:00:00.135581,-36.811399245073815,21.042543133453258,34.72421442646193,100.0,42.743824978999676,28.8494563217525,-60.73126986158754,45.72332899127206,57.0362743840554,28.55213290475929,3.07371950839525,65.57765195625892,Unfeasible shape,GPSampler,PRUNED
3671,3671,6.0,2026-04-21 18:53:58.183115,2026-04-21 18:53:58.358437,0 days 00:00:00.175322,-36.80187021652243,20.85628945667422,34.67179274920511,100.0,42.681754519544526,28.990543640756293,-60.31866290323839,45.95878485930897,57.261544366532604,28.466011908527165,3.125895833131473,65.75236862498124,Unfeasible shape,GPSampler,PRUNED
3672,3672,6.0,2026-04-21 18:53:58.541117,2026-04-21 18:53:58.674832,0 days 00:00:00.133715,-36.884608015235386,21.162353879986824,34.846363419207385,100.0,42.83776001433484,29.066872570154594,-60.21402440925598,45.97937683444605,57.18442277007641,28.221687969431894,3.1365843290196054,65.82939816610438,Unfeasible shape,GPSampler,PRUNED
3673,3673,6.0,2026-04-21 18:53:58.878961,2026-04-21 18:53:59.037657,0 days 00:00:00.158696,-36.83193310367629,20.93459344839348,33.705856316992836,100.0,43.11674048472291,28.91732566372547,-60.52082215482976,46.18356684160872,56.63152562440115,28.821576865339413,3.279977451924921,65.81659496882187,Unfeasible shape,GPSampler,PRUNED
3674,3674,6.0,2026-04-21 18:53:59.222427,2026-04-21 18:53:59.384078,0 days 00:00:00.161651,-36.84227939185127,20.80295747404332,34.84213692129434,100.0,42.63824839462704,28.97059925117425,-60.425889347834456,45.9227204530502,57.11279601525419,28.34691685030531,3.1154412766459316,65.50847771714497,Unfeasible shape,GPSampler,PRUNED
3675,3675,6.0,2026-04-21 18:53:59.556678,2026-04-21 18:53:59.709089,0 days 00:00:00.152411,-36.80340068647655,20.651758987092904,35.62412315719597,100.0,42.81434955021168,28.72923277299691,-60.18542868640094,45.99916247419476,56.86862431439832,28.64870745416131,3.066110378895573,65.21915889271445,Unfeasible shape,GPSampler,PRUNED
3676,3676,6.0,2026-04-21 18:53:59.882299,2026-04-21 18:54:00.070270,0 days 00:00:00.187971,-36.81497184624922,21.01908339695478,34.64627037369743,100.0,42.4261246158448,28.97847838733029,-60.25694812256825,46.11113346915093,56.984113329111544,28.741128773403286,3.151132846846096,65.74593503501275,Unfeasible shape,GPSampler,PRUNED
3677,3677,6.0,2026-04-21 18:54:00.229616,2026-04-21 18:54:00.389472,0 days 00:00:00.159856,-36.77051328929206,20.707094479744008,35.0748887229854,100.0,42.69427153298315,28.97966086938235,-60.203826835601795,46.000500686196716,57.140781267816465,28.41670143150384,3.113723507705238,65.57874120284922,Unfeasible shape,GPSampler,PRUNED
3678,3678,6.0,2026-04-21 18:54:00.609012,2026-04-21 18:54:00.762049,0 days 00:00:00.153037,-36.72251795074862,21.20997441887477,34.80109012549631,100.0,42.66292518447921,28.862879577954352,-60.38634665098603,45.91160339356901,57.01134646571926,28.576468903441913,3.1133928024930952,65.69209176630028,Unfeasible shape,GPSampler,PRUNED
3679,3679,6.0,2026-04-21 18:54:00.914793,2026-04-21 18:54:01.067903,0 days 00:00:00.153110,-36.764722183525166,20.92466767661871,35.306026337529296,100.0,42.715910970972125,28.91655108781982,-60.39096886248821,45.52317047830879,57.06177305624616,28.525972174672944,3.04578021827092,65.3795136805841,Unfeasible shape,GPSampler,PRUNED
3680,3680,6.0,2026-04-21 18:54:01.260901,2026-04-21 18:54:01.403963,0 days 00:00:00.143062,-36.85234340642732,21.172588949625265,35.17935115038741,100.0,42.64267332077794,28.955462389093896,-60.22722541286424,45.79590819236553,57.066087326667045,28.742251428554063,3.104387325054674,65.52606482871246,Unfeasible shape,GPSampler,PRUNED
3681,3681,6.0,2026-04-21 18:54:01.552137,2026-04-21 18:54:01.726592,0 days 00:00:00.174455,-36.70908885839725,20.952009246470393,35.04574739059159,100.0,42.60781353768079,29.163330553472257,-60.24416446387107,45.85417089642662,56.95745602245128,28.665519249345635,3.109246397762007,65.56534066216909,Unfeasible shape,GPSampler,PRUNED
3682,3682,6.0,2026-04-21 18:54:01.971845,2026-04-21 18:54:02.096794,0 days 00:00:00.124949,-36.80690288208266,20.98625923666379,34.73658365442513,100.0,42.67729380976245,28.85023956685071,-60.28128401564554,45.98611454551899,57.23576954114393,28.628291114676415,3.074058952411825,65.70263413782435,Unfeasible shape,GPSampler,PRUNED
3683,3683,6.0,2026-04-21 18:54:02.259103,2026-04-21 18:54:02.400463,0 days 00:00:00.141360,-36.7728418657763,20.895590761105897,34.96952752571775,100.0,42.74850542386242,29.16374399407796,-60.398393097335514,45.79042780471021,57.087429409110136,28.473351647456894,3.116115298311989,65.69283214451245,Unfeasible shape,GPSampler,PRUNED
3684,3684,6.0,2026-04-21 18:54:02.572297,2026-04-21 18:54:02.732545,0 days 00:00:00.160248,-36.676551910103264,21.16288195726755,34.78973324527357,100.0,42.875455716911475,28.45078069881017,-60.342159468218,45.951401172923894,57.09797125634578,28.565528761149682,3.0299140199695884,65.81136633285567,Unfeasible shape,GPSampler,PRUNED
3685,3685,6.0,2026-04-21 18:54:02.911227,2026-04-21 18:54:03.063481,0 days 00:00:00.152254,-36.90822288038972,20.95689547430014,34.46093933853453,100.0,42.852013351591424,29.150583924346968,-60.38816903086997,45.889764850980306,57.06110603192784,28.305731050272982,3.1153095273198304,65.92169755695956,Unfeasible shape,GPSampler,PRUNED
3686,3686,6.0,2026-04-21 18:54:03.219570,2026-04-21 18:54:03.364338,0 days 00:00:00.144768,-36.76726620264312,21.15571196310357,34.72893347855536,100.0,42.80103634709516,29.07169627815427,-60.3028812649291,45.96119753176669,57.19463085128193,28.414693740560175,3.121129420764838,65.86143401769702,Unfeasible shape,GPSampler,PRUNED
3687,3687,6.0,2026-04-21 18:54:03.649169,2026-04-21 18:54:03.791778,0 days 00:00:00.142609,-36.75021766223324,21.043273600253386,34.953639248654866,100.0,42.56944249564915,29.065486809549824,-60.27876976559426,45.787672663618885,57.178189797750704,28.59406149556334,3.0999754924015406,65.69350513865577,Unfeasible shape,GPSampler,PRUNED
3688,3688,6.0,2026-04-21 18:54:03.968953,2026-04-21 18:54:04.121304,0 days 00:00:00.152351,-36.70590491187476,21.3479106680462,34.78777316329514,100.0,42.953065947515135,28.84736194367956,-60.633127877897834,45.83125629988508,57.18607434288165,28.569030508402545,3.058970645277455,65.74245782138614,Unfeasible shape,GPSampler,PRUNED
3689,3689,6.0,2026-04-21 18:54:04.349131,2026-04-21 18:54:04.507799,0 days 00:00:00.158668,-36.676764941746335,20.701425112124397,35.43388628755959,100.0,42.55466935303573,28.76707504737813,-60.30536891356257,45.79158351881279,57.17063491983145,28.725321628634628,2.9966524582695016,65.32149735591094,Unfeasible shape,GPSampler,PRUNED
3690,3690,6.0,2026-04-21 18:54:04.657334,2026-04-21 18:54:04.834423,0 days 00:00:00.177089,-36.75247641928445,20.81960189920639,34.741666097368466,100.0,43.10812839995116,29.252951739201706,-60.505376076328304,45.36185379726045,56.69004332236951,28.291120235199717,3.1827460698578136,65.5910784897244,Unfeasible shape,GPSampler,PRUNED
3691,3691,6.0,2026-04-21 18:54:04.995451,2026-04-21 18:54:05.193165,0 days 00:00:00.197714,-36.87252751993322,21.267811884456393,34.96591074593187,100.0,42.69940227213785,29.07378215691829,-60.370522570100626,46.01083040286356,57.32208863516114,27.8596042947506,3.0393637514483345,65.53297645662549,Unfeasible shape,GPSampler,PRUNED
3692,3692,6.0,2026-04-21 18:54:05.375284,2026-04-21 18:54:05.536906,0 days 00:00:00.161622,-36.93909513446298,21.263979974391383,34.98683454971794,99.91182945153768,43.01687696104043,29.11284529292184,-60.43765774724311,45.588442992870185,57.23999634841118,28.29566045934233,3.1754598375075744,65.90424076629141,Unfeasible shape,GPSampler,PRUNED
3693,3693,6.0,2026-04-21 18:54:05.674275,2026-04-21 18:54:05.833501,0 days 00:00:00.159226,-36.96008319783048,20.536314814698027,34.57359675119032,100.0,42.72042644549872,29.56224991015212,-60.10874312636926,45.808615814055216,57.357715972406375,28.003130338881764,3.223064636696577,66.09282666529589,Unfeasible shape,GPSampler,PRUNED
3694,3694,6.0,2026-04-21 18:54:06.009382,2026-04-21 18:54:06.137649,0 days 00:00:00.128267,-36.95844526059262,20.80006574593539,34.59459933695789,100.0,42.96540122632021,29.06340911105137,-60.41819833748854,45.49174183112918,56.96538140670069,28.0803783141604,3.159568906508518,65.76541284761471,Unfeasible shape,GPSampler,PRUNED
3695,3695,6.0,2026-04-21 18:54:06.297716,2026-04-21 18:54:06.451143,0 days 00:00:00.153427,-36.78082317130222,21.10311668365052,34.695921759594185,100.0,42.6579200127892,28.998446928496833,-60.64148310809955,45.79109801800502,57.12425905053009,28.39629243062611,3.0972678698749476,65.57698342001237,Unfeasible shape,GPSampler,PRUNED
3696,3696,6.0,2026-04-21 18:54:06.614671,2026-04-21 18:54:06.761942,0 days 00:00:00.147271,-36.73431634226742,20.730819897220854,35.069498596554126,100.0,42.59112044329333,29.168839272005265,-60.26290983956078,45.94477452990005,57.02796170762512,28.389999372340725,3.1012755738560713,65.62856707932136,Unfeasible shape,GPSampler,PRUNED
3697,3697,6.0,2026-04-21 18:54:06.936640,2026-04-21 18:54:07.083108,0 days 00:00:00.146468,-36.704235071987256,21.023715241731836,34.28052982659297,100.0,42.09142173413151,29.261869415718067,-60.980352507954436,45.675949315952394,57.18921546733044,28.854973913675146,3.0603582369292326,66.26571793052017,Unfeasible shape,GPSampler,PRUNED
3698,3698,6.0,2026-04-21 18:54:07.248713,2026-04-21 18:54:07.406907,0 days 00:00:00.158194,-36.84268231329758,20.992392834763557,34.78726746572005,100.0,42.651324900364045,29.159430067957132,-60.43113214657885,45.74063926255284,57.13685893995013,28.44418323785822,3.1058151459939296,65.7357126982863,Unfeasible shape,GPSampler,PRUNED
3699,3699,6.0,2026-04-21 18:54:07.593888,2026-04-21 18:54:07.773607,0 days 00:00:00.179719,-36.78056981691642,21.121357066251022,34.629837733973346,100.0,42.751604806441904,29.17613280785484,-60.40676897979438,46.00345665871012,57.31172238166528,28.417783664866302,3.137628484959407,65.89118102138318,Unfeasible shape,GPSampler,PRUNED
3700,3700,6.0,2026-04-21 18:54:07.945981,2026-04-21 18:54:08.103800,0 days 00:00:00.157819,-36.833926004445985,21.176676564531174,34.21233888623715,100.0,43.01800986440686,29.186102764998743,-60.54976399611175,45.77779572252074,57.46482610379313,28.534654860379458,3.015238520589115,65.84940272397141,Unfeasible shape,GPSampler,PRUNED
3701,3701,6.0,2026-04-21 18:54:08.287998,2026-04-21 18:54:08.437409,0 days 00:00:00.149411,-36.75098136437913,21.002138495927746,35.0167618582606,100.0,42.480333305119856,28.822614156279585,-60.46618617538171,46.02088199304696,57.01068237917606,28.45431080271414,3.150973274757412,65.70257928463569,Unfeasible shape,GPSampler,PRUNED
3702,3702,6.0,2026-04-21 18:54:08.658636,2026-04-21 18:54:08.847643,0 days 00:00:00.189007,-36.85616658689787,21.00390015864981,35.13489590454692,100.0,43.008463631836555,29.108012010030528,-60.37654701442426,45.59802113261215,57.27316645098882,28.675140127694693,3.1045165840733517,65.55154949428308,Unfeasible shape,GPSampler,PRUNED
3703,3703,6.0,2026-04-21 18:54:09.031672,2026-04-21 18:54:09.165079,0 days 00:00:00.133407,-36.850977394848485,20.854957439555214,34.806315710682924,100.0,42.8620264502363,29.0421315752817,-60.47993913843912,46.12556308953163,57.194507989564286,28.44626326158462,3.120452036914827,65.8305218064967,Unfeasible shape,GPSampler,PRUNED
3704,3704,6.0,2026-04-21 18:54:09.332544,2026-04-21 18:54:09.500592,0 days 00:00:00.168048,-36.730368181231874,20.966040992395,35.033904051231595,100.0,42.812093695319696,28.96510145347257,-60.377413606237596,45.814696063309896,57.068869949588475,28.56318764842354,3.0844161486093142,65.50371585542466,Unfeasible shape,GPSampler,PRUNED
3705,3705,6.0,2026-04-21 18:54:09.698874,2026-04-21 18:54:09.875952,0 days 00:00:00.177078,-36.64632827512025,21.074962758997984,34.534982937604106,100.0,42.84107268845437,29.067583338155565,-60.26174861374906,45.80942787910262,57.06855975907699,28.330965186976957,3.187201942891498,65.81900349096586,Unfeasible shape,GPSampler,PRUNED
3706,3706,6.0,2026-04-21 18:54:10.056436,2026-04-21 18:54:10.217906,0 days 00:00:00.161470,-36.77549588790474,20.53595154417776,35.29649540793189,100.0,42.78663192050413,29.097523544537175,-60.414213949315055,45.4501298577277,56.838419634521955,28.937928668691125,3.064063893232756,65.63507384660058,Unfeasible shape,GPSampler,PRUNED
3707,3707,6.0,2026-04-21 18:54:10.387767,2026-04-21 18:54:10.528251,0 days 00:00:00.140484,-36.85891708263702,20.844059206651806,35.32568309171184,100.0,43.40635835268914,29.19002430514586,-60.36290824909197,45.904359129410906,57.1387136570424,28.403942267057197,3.0855211228830655,65.38799811573232,Unfeasible shape,GPSampler,PRUNED
3708,3708,6.0,2026-04-21 18:54:10.701608,2026-04-21 18:54:10.853534,0 days 00:00:00.151926,-36.792159159118015,21.01366140203096,34.836661696898744,100.0,42.75833496337468,29.056908071858203,-60.333046973500586,45.89963513177307,57.16264517162381,28.3958749322999,3.1200269412259516,65.75605633626776,Unfeasible shape,GPSampler,PRUNED
3709,3709,6.0,2026-04-21 18:54:11.061911,2026-04-21 18:54:11.185556,0 days 00:00:00.123645,-36.7506247514191,20.413429137068473,35.87387992864742,99.97594546655455,42.656361366975844,28.38948083129558,-60.12196753295511,45.76791539716796,56.69732502563496,29.335206185876714,3.0645512547628613,65.2445138865113,Unfeasible shape,GPSampler,PRUNED
3710,3710,6.0,2026-04-21 18:54:11.392884,2026-04-21 18:54:11.525243,0 days 00:00:00.132359,-36.73705411396084,20.75751588779781,34.96566900967379,100.0,42.64106990198535,29.12415859007354,-60.178030993490566,46.106149999024396,57.02041669201846,28.969236404524832,3.1150019058966194,65.58211998489534,Unfeasible shape,GPSampler,PRUNED
3711,3711,6.0,2026-04-21 18:54:11.662636,2026-04-21 18:54:11.793978,0 days 00:00:00.131342,-36.88268160590664,20.96087831036744,34.68294240906998,100.0,42.88729336171018,28.798316173959094,-60.395015777760804,45.987271886307994,57.2214077548028,28.35344308337225,3.083580162467058,65.6988633681262,Unfeasible shape,GPSampler,PRUNED
3712,3712,6.0,2026-04-21 18:54:11.944125,2026-04-21 18:54:12.098209,0 days 00:00:00.154084,-36.701106658345026,20.385477493586635,35.47841799210039,100.0,42.5104813733951,28.386117743052772,-59.59396361671668,46.12347852094063,57.14815385046656,28.548876446186682,3.032709826661744,65.09249355914802,Unfeasible shape,GPSampler,PRUNED
3713,3713,6.0,2026-04-21 18:54:12.253119,2026-04-21 18:54:12.412260,0 days 00:00:00.159141,-37.029261557685174,20.955821753431202,34.54494445275183,100.0,42.67589834053102,29.33314273940666,-60.40432870520783,45.84614174730839,57.14601864127006,28.549952853267797,3.1848308461712804,65.89969340288243,Unfeasible shape,GPSampler,PRUNED
3714,3714,6.0,2026-04-21 18:54:12.581462,2026-04-21 18:54:12.752065,0 days 00:00:00.170603,-36.90383139738137,21.306082002008452,34.52471312860271,100.0,42.720340219707765,29.02321955988907,-60.511430556668344,45.811974030440965,57.17887208517374,28.411253060012704,3.1322782816958252,65.60559596729117,Unfeasible shape,GPSampler,PRUNED
3715,3715,6.0,2026-04-21 18:54:12.965591,2026-04-21 18:54:13.075615,0 days 00:00:00.110024,-36.51074261785013,20.853175856142826,33.987984674914884,100.0,42.70449488278477,28.702193907626423,-60.482855858821566,45.708428094225,57.678851904999,27.86036435924632,3.233310510149508,66.08887106157263,Unfeasible shape,GPSampler,PRUNED
3716,3716,6.0,2026-04-21 18:54:13.434653,2026-04-21 18:54:13.565343,0 days 00:00:00.130690,-36.85613793692767,20.940774283889922,34.786674705549615,100.0,42.846851150767044,28.872277839706257,-60.35437744092142,46.04304212130509,57.18032608177115,28.582348348489962,3.0653822877084735,65.52385729084756,Unfeasible shape,GPSampler,PRUNED
3717,3717,6.0,2026-04-21 18:54:13.735375,2026-04-21 18:54:13.876744,0 days 00:00:00.141369,-36.76921723286595,20.812135019268702,34.897474235887444,100.0,42.71590382636616,28.981214082785762,-60.30177729431827,45.798604588997065,56.99859400295311,28.69198589365433,3.138009032621504,65.74838971293076,Unfeasible shape,GPSampler,PRUNED
3718,3718,6.0,2026-04-21 18:54:14.174869,2026-04-21 18:54:14.323837,0 days 00:00:00.148968,-36.77047888907046,20.989548163675323,34.863913251975625,100.0,42.68944703255337,29.089907748383396,-60.36958954195554,45.96842797875812,57.19589263889778,28.3368785782586,3.1276252284256145,65.67613749149434,Unfeasible shape,GPSampler,PRUNED
