,number,value,datetime_start,datetime_complete,duration,params_lLegPt.rA1,params_lLegPt.rL0,params_lLegPt.rL1,params_lLegPt.rL2,params_lLegPt.x1,params_lLegPt.y1,params_sLegPt.rA1,params_sLegPt.rL0,params_sLegPt.rL1,params_sLegPt.rL2,params_sLegPt.x1,params_sLegPt.y1,user_attrs_prune,system_attrs_auto:sampler,state
3719,3719,6.0,2026-04-21 18:54:14.525989,2026-04-21 18:54:14.668088,0 days 00:00:00.142099,-36.79779565527981,20.75370747150697,34.64694810516002,100.0,42.821168351005596,29.07020232496056,-60.37530643236453,45.846137741178076,57.227695329406956,28.42294866757007,3.2029657323121725,65.88394816694658,Unfeasible shape,GPSampler,PRUNED
3720,3720,6.0,2026-04-21 18:54:14.917034,2026-04-21 18:54:15.044463,0 days 00:00:00.127429,-36.81381698967395,21.2855289844978,34.99365314470944,100.0,43.09339504945734,28.93807084571707,-60.32015529197481,45.804236871020315,56.95886675541391,28.31647750084245,3.0241363938752244,65.59520316204862,Unfeasible shape,GPSampler,PRUNED
3721,3721,6.0,2026-04-21 18:54:15.221979,2026-04-21 18:54:15.384131,0 days 00:00:00.162152,-36.706221519774765,20.96558513069101,35.28247154627765,100.0,42.92440998992755,28.96872738763153,-60.2052491494735,45.90853613879345,57.01088997137308,28.777404332276113,3.072308175386148,65.46902649255476,Unfeasible shape,GPSampler,PRUNED
3722,3722,6.0,2026-04-21 18:54:15.582512,2026-04-21 18:54:15.706746,0 days 00:00:00.124234,-36.85677685462669,20.549226878350908,34.688240619141936,100.0,42.6072413402937,28.99574927478833,-60.507772476317086,45.74374952396771,56.73951280885872,28.84979400474202,3.135917042530984,65.93667625730379,Unfeasible shape,GPSampler,PRUNED
3723,3723,6.0,2026-04-21 18:54:15.903058,2026-04-21 18:54:16.032244,0 days 00:00:00.129186,-36.724588576615304,21.16549000838672,34.77496266642911,100.0,42.815589850061215,29.117171579714807,-60.423512992964476,46.10002448902539,57.22210340805754,28.586399715518706,3.134508509709285,65.81562915681353,Unfeasible shape,GPSampler,PRUNED
3724,3724,6.0,2026-04-21 18:54:16.207680,2026-04-21 18:54:16.349482,0 days 00:00:00.141802,-36.7858981711936,21.436717534470652,34.569488209534484,100.0,42.920322827303934,28.843882663499116,-60.650317252784404,45.70520298857231,57.07924758456174,28.55714922284837,3.099058492939804,65.65855163393199,Unfeasible shape,GPSampler,PRUNED
3725,3725,6.0,2026-04-21 18:54:16.525186,2026-04-21 18:54:16.698026,0 days 00:00:00.172840,-36.84180346411335,20.885385572813718,34.79297642496081,100.0,42.89633132718056,28.917434933134196,-60.260887519232185,45.86722110772958,57.131440040568286,28.576860944702222,3.106953781410894,65.76062573727877,Unfeasible shape,GPSampler,PRUNED
3726,3726,6.0,2026-04-21 18:54:16.897409,2026-04-21 18:54:17.040887,0 days 00:00:00.143478,-36.75117838823351,20.973510066089975,34.996166761840726,100.0,42.8308743633233,28.946106214672454,-60.2691236996861,45.8951852974126,57.110217215859414,28.543467312396267,3.0644860814885533,65.70316311598378,Unfeasible shape,GPSampler,PRUNED
3727,3727,6.0,2026-04-21 18:54:17.223666,2026-04-21 18:54:17.359236,0 days 00:00:00.135570,-36.789636125642375,21.358054669478747,34.599858567409484,100.0,42.77870730166588,29.18485350304387,-60.52437857462229,46.08009259622935,57.303642922005025,28.279038590486792,3.2061784217010683,65.91500773824816,Unfeasible shape,GPSampler,PRUNED
3728,3728,6.0,2026-04-21 18:54:17.550378,2026-04-21 18:54:17.702320,0 days 00:00:00.151942,-36.79760675447766,21.060335071753002,34.98138561548558,100.0,42.73743861104024,29.081531972182496,-60.360330440543265,46.01888395455799,57.04365705442577,28.58326487162783,3.0909479746198016,65.77617027570383,Unfeasible shape,GPSampler,PRUNED
3729,3729,6.0,2026-04-21 18:54:17.883381,2026-04-21 18:54:18.042381,0 days 00:00:00.159000,-36.76140530373948,21.997959151627597,34.434507732250324,100.0,42.94600855923835,29.09916391618284,-60.50147257421736,45.924056660029635,57.125572852109414,28.70760108152156,3.200369990366987,65.92291055108437,Unfeasible shape,GPSampler,PRUNED
3730,3730,6.0,2026-04-21 18:54:18.260098,2026-04-21 18:54:18.415582,0 days 00:00:00.155484,-36.7220485723668,21.180229396210578,34.86906403227414,100.0,42.95111979436046,28.904037001692423,-60.29988667858095,45.97900525846128,57.180386976708114,28.638949293572477,3.141213563187378,65.82805610972048,Unfeasible shape,GPSampler,PRUNED
3731,3731,6.0,2026-04-21 18:54:18.605535,2026-04-21 18:54:18.755110,0 days 00:00:00.149575,-36.80118310567981,20.805418567831182,34.95628186218968,100.0,42.69938768093036,29.04480810851338,-60.20864048382123,46.01020045828046,57.08347202149272,28.51817947849308,3.091727380629827,65.60238981274382,Unfeasible shape,GPSampler,PRUNED
3732,3732,6.0,2026-04-21 18:54:18.918172,2026-04-21 18:54:19.063594,0 days 00:00:00.145422,-36.74288533449313,20.960723600467798,34.84493522656226,100.0,42.95538131840902,29.107585311472803,-60.39815429940886,45.97126499342854,57.10008098731897,28.398525483265693,3.1253851533391384,65.69816769424233,Unfeasible shape,GPSampler,PRUNED
3733,3733,6.0,2026-04-21 18:54:19.217454,2026-04-21 18:54:19.357986,0 days 00:00:00.140532,-36.818355786145176,20.81149415058256,34.89756238453673,100.0,42.80851047060856,29.0624683174319,-60.13077531912249,45.95356558714617,57.17547731549382,28.39608235603265,3.1235773234773774,65.82005622928725,Unfeasible shape,GPSampler,PRUNED
3734,3734,6.0,2026-04-21 18:54:19.518372,2026-04-21 18:54:19.649499,0 days 00:00:00.131127,-36.9146860823875,21.031234062101902,34.778797416910294,100.0,42.748619598968695,28.91391601188245,-60.2876635545454,45.9070513692362,57.20916856714553,28.61111725511176,3.0660801168307827,65.78016251153757,Unfeasible shape,GPSampler,PRUNED
3735,3735,6.0,2026-04-21 18:54:19.821248,2026-04-21 18:54:20.126111,0 days 00:00:00.304863,-36.83688545516443,20.884005576892694,34.92974105971965,100.0,42.701156065785746,29.04355729150241,-60.34974475636386,45.829917957138335,57.14493925292802,28.416091124645995,3.130124339564766,65.68233049427012,Unfeasible shape,GPSampler,PRUNED
3736,3736,6.0,2026-04-21 18:54:20.389504,2026-04-21 18:54:20.541451,0 days 00:00:00.151947,-36.93634870384751,20.815944483066005,34.796241167161334,100.0,42.810944353182315,29.350867342652457,-59.99629621629957,45.46628807593564,57.09746349870677,28.362774766410872,3.0376219884628384,65.52542721300148,Unfeasible shape,GPSampler,PRUNED
3737,3737,6.0,2026-04-21 18:54:20.705736,2026-04-21 18:54:20.870991,0 days 00:00:00.165255,-36.82568372043405,20.958608066182663,34.865044135248354,100.0,42.69574745859958,28.9059161457201,-60.3509326564979,45.8832539725298,57.077027298568865,28.606862008482427,3.0982719042426936,65.65691723474782,Unfeasible shape,GPSampler,PRUNED
3738,3738,6.0,2026-04-21 18:54:21.050118,2026-04-21 18:54:21.207729,0 days 00:00:00.157611,-36.82576305210243,21.04134107561962,34.4342142680578,100.0,43.05155713813885,29.030891760898832,-60.58544882908186,45.908268616949734,57.11118535607689,28.67384342751795,3.1841997545229503,65.95201894941763,Unfeasible shape,GPSampler,PRUNED
3739,3739,6.0,2026-04-21 18:54:21.393865,2026-04-21 18:54:21.526523,0 days 00:00:00.132658,-36.76270570223588,20.94378239370476,34.81973642702929,100.0,42.937717970658596,29.107503017354745,-60.48050948020422,45.71618633171005,57.21237663995861,28.406154425506543,3.1128948286326334,65.70603228957816,Unfeasible shape,GPSampler,PRUNED
3740,3740,6.0,2026-04-21 18:54:21.714650,2026-04-21 18:54:21.855403,0 days 00:00:00.140753,-36.80103752834952,20.8779746695686,35.02801737259884,100.0,42.795799491185605,28.939641471770997,-60.06337366009094,45.84221147621678,56.93692745012885,28.823832939638447,3.1332588337344305,65.81657223437315,Unfeasible shape,GPSampler,PRUNED
3741,3741,6.0,2026-04-21 18:54:22.035918,2026-04-21 18:54:22.156967,0 days 00:00:00.121049,-36.62545822391361,20.798139572612612,35.18989256330583,100.0,42.46425012363589,28.547337262703216,-60.37749908324884,45.813914781268565,57.002679457314635,28.883013139754237,3.0308758618955665,65.40715722886006,Unfeasible shape,GPSampler,PRUNED
3742,3742,6.0,2026-04-21 18:54:22.317818,2026-04-21 18:54:22.461828,0 days 00:00:00.144010,-36.600124396133964,21.263849319202322,34.56553063813497,100.0,42.646891427952774,29.464182707611606,-60.616642719131825,45.958738497880226,57.2233501396808,28.00499505329605,3.168105406587401,65.98783033307453,Unfeasible shape,GPSampler,PRUNED
3743,3743,6.0,2026-04-21 18:54:22.742483,2026-04-21 18:54:22.883829,0 days 00:00:00.141346,-36.835965527234706,20.93584009679875,34.87266594215475,100.0,42.89751863337126,28.987378456569672,-60.34667008294562,45.99733770915027,57.05027030524355,28.470222323572973,3.1015471064826983,65.56371219941555,Unfeasible shape,GPSampler,PRUNED
3744,3744,6.0,2026-04-21 18:54:23.073919,2026-04-21 18:54:23.213644,0 days 00:00:00.139725,-36.678458868855046,21.51362772244689,34.65944411248438,100.0,42.75681400244065,29.114239518152402,-60.929243550536356,45.7469871566406,57.12062044214616,28.513198567509836,3.1752280943765854,65.80616434573935,Unfeasible shape,GPSampler,PRUNED
3745,3745,6.0,2026-04-21 18:54:23.399386,2026-04-21 18:54:23.563612,0 days 00:00:00.164226,-36.857423683906546,20.956318636080095,35.22249373454826,100.0,42.78445490387964,28.70018560039273,-59.81997136871189,46.08817816753622,57.03802399319918,28.434837309912535,3.044418051322083,65.45787287152747,Unfeasible shape,GPSampler,PRUNED
3746,3746,6.0,2026-04-21 18:54:23.751852,2026-04-21 18:54:23.927396,0 days 00:00:00.175544,-36.78294989582411,20.930819640113548,34.766464083058864,100.0,42.63210176947359,28.19852603857985,-60.369958121136655,45.90409869588884,57.4880012924378,28.39321117633474,3.190021138923939,65.95858379011939,Unfeasible shape,GPSampler,PRUNED
3747,3747,6.0,2026-04-21 18:54:24.130232,2026-04-21 18:54:24.272030,0 days 00:00:00.141798,-36.76534256066029,21.0911459828205,34.57668054027031,100.0,42.524943578647225,29.105928850377175,-60.25064320676137,45.87945138814758,56.96162793459342,28.016798623624915,3.285648311471334,65.96555906543762,Unfeasible shape,GPSampler,PRUNED
3748,3748,6.0,2026-04-21 18:54:24.477987,2026-04-21 18:54:24.603354,0 days 00:00:00.125367,-36.841333159631155,20.986613119979296,34.74708035204961,100.0,42.766396616079014,29.044482551618124,-60.30672856190894,45.93260931134167,57.25653391424001,28.428400604037137,3.099478511936148,65.7572235366557,Unfeasible shape,GPSampler,PRUNED
3749,3749,6.0,2026-04-21 18:54:24.971700,2026-04-21 18:54:25.100573,0 days 00:00:00.128873,-36.56420295144015,21.343188472492265,34.919512831492476,100.0,42.95938657780709,28.7928293472989,-60.5353499947074,45.59641838125921,57.13427058062702,28.33469143049775,3.185255859529974,65.54923665057464,Unfeasible shape,GPSampler,PRUNED
3750,3750,6.0,2026-04-21 18:54:25.354281,2026-04-21 18:54:25.522469,0 days 00:00:00.168188,-36.74088294844976,21.101127240578656,34.55340939988857,100.0,42.73113804321306,29.16832313804334,-60.82946482568262,45.93841011508657,57.27468444426558,28.43265833484806,3.0620983998155182,65.62420902364103,Unfeasible shape,GPSampler,PRUNED
3751,3751,6.0,2026-04-21 18:54:25.714791,2026-04-21 18:54:25.884452,0 days 00:00:00.169661,-36.70887543053596,20.871014184141917,35.06668990567019,100.0,42.85165234342512,29.01687088831435,-60.40894108329066,45.73346091436149,57.04003293755902,28.54577603883995,3.1217829008806675,65.64816089011356,Unfeasible shape,GPSampler,PRUNED
3752,3752,6.0,2026-04-21 18:54:26.057589,2026-04-21 18:54:26.198797,0 days 00:00:00.141208,-36.746485602908486,21.138870870217566,34.62858133214536,100.0,42.783697781813615,29.204873522437637,-60.489940870417,45.88191044830337,57.1597777795711,28.152058787098582,3.2062225218830847,65.85873303172572,Unfeasible shape,GPSampler,PRUNED
3753,3753,6.0,2026-04-21 18:54:26.350118,2026-04-21 18:54:26.494386,0 days 00:00:00.144268,-36.76977319898809,21.10699345792878,34.8544671378639,100.0,42.82354614250464,29.014058770607463,-60.39900697851267,45.82622501657623,57.12501372215903,28.475505022908397,3.109754737511878,65.71807270699583,Unfeasible shape,GPSampler,PRUNED
3754,3754,6.0,2026-04-21 18:54:26.808698,2026-04-21 18:54:26.940525,0 days 00:00:00.131827,-36.755253897423906,20.859639577028,34.70971385730823,100.0,42.59957111846617,29.258102246256854,-60.25702095572686,46.203201997896656,57.291038116625636,28.1041026618605,3.124328903103006,65.73590169751624,Unfeasible shape,GPSampler,PRUNED
3755,3755,6.0,2026-04-21 18:54:27.122580,2026-04-21 18:54:27.306172,0 days 00:00:00.183592,-36.78160759019146,20.726602887107,34.70285842435958,100.0,42.81034757558432,29.217367096730648,-60.32914960112932,46.0164594195668,57.39366075686869,28.09013323018085,3.1441710674942414,65.73893817374986,Unfeasible shape,GPSampler,PRUNED
3756,3756,6.0,2026-04-21 18:54:27.478733,2026-04-21 18:54:27.633620,0 days 00:00:00.154887,-36.63862201478044,20.150256441291994,34.74111464051796,100.0,42.01310175865661,29.59579752345953,-60.280423087667955,46.02245794499752,56.97722768442857,29.517214904172665,3.247443894070777,65.85983700086003,Unfeasible shape,GPSampler,PRUNED
3757,3757,6.0,2026-04-21 18:54:27.804452,2026-04-21 18:54:27.949222,0 days 00:00:00.144770,-36.77858626124774,21.24580821598189,34.85764516155085,100.0,42.73630745563153,29.072874119839277,-60.39521480708453,45.96107590319329,57.213017805548986,28.30711043944412,3.135985136103095,65.66457433033057,Unfeasible shape,GPSampler,PRUNED
3758,3758,6.0,2026-04-21 18:54:28.141789,2026-04-21 18:54:28.314057,0 days 00:00:00.172268,-36.914803696629534,20.910388574886653,34.759678875313895,100.0,43.10798097532766,29.153068173466288,-60.57089210703214,45.98268857524405,57.32473003696441,28.109215466904818,3.234279418658218,65.9985042223331,Unfeasible shape,GPSampler,PRUNED
3759,3759,6.0,2026-04-21 18:54:28.504043,2026-04-21 18:54:28.662255,0 days 00:00:00.158212,-36.78479106935775,21.05430192544401,34.90336952792144,100.0,42.70279875043874,28.93525051089145,-60.26163823062129,45.898033953824246,56.96000386887896,28.425714571224663,3.08162707535282,65.67592355095374,Unfeasible shape,GPSampler,PRUNED
3760,3760,6.0,2026-04-21 18:54:28.837561,2026-04-21 18:54:29.049230,0 days 00:00:00.211669,-36.68825228001069,21.056628825860585,34.62567249797425,100.0,42.47782435185369,29.228952868531778,-60.61666188935359,46.157974042611755,57.33345822577819,28.004577180198503,3.1621110526565204,65.64965025342781,Unfeasible shape,GPSampler,PRUNED
3761,3761,6.0,2026-04-21 18:54:29.276888,2026-04-21 18:54:29.425716,0 days 00:00:00.148828,-36.836098418877754,20.862405401703043,34.8361281968715,100.0,42.65973706600601,28.817737950990747,-60.370174230035445,45.94967408074007,57.25137145885313,28.46413501346052,3.1190393402499197,65.66364284310613,Unfeasible shape,GPSampler,PRUNED
3762,3762,6.0,2026-04-21 18:54:29.595989,2026-04-21 18:54:29.719857,0 days 00:00:00.123868,-36.872837474084626,21.10596929087552,35.50524233121813,99.98325132821732,42.60075572271404,28.51614192409412,-60.04599871237457,46.129791330310645,57.16036910170718,29.035590426559743,3.0871128505775687,65.4482458374062,Unfeasible shape,GPSampler,PRUNED
3763,3763,6.0,2026-04-21 18:54:29.883862,2026-04-21 18:54:30.071182,0 days 00:00:00.187320,-36.813720108152346,20.96194362101658,34.910463589720464,100.0,42.69464218558498,28.975929962309543,-60.22232345378484,45.87217159319153,57.14902601813152,28.471162227981484,3.1074711569521085,65.79160731112448,Unfeasible shape,GPSampler,PRUNED
3764,3764,6.0,2026-04-21 18:54:30.239377,2026-04-21 18:54:30.394914,0 days 00:00:00.155537,-36.622787174201044,21.136746531114817,35.094230126759754,100.0,42.63794778529255,28.886227422272007,-60.06777366539029,45.96503719421786,56.9095219155056,28.760661856774554,3.124253649076344,65.79790857748473,Unfeasible shape,GPSampler,PRUNED
3765,3765,6.0,2026-04-21 18:54:30.559212,2026-04-21 18:54:30.714732,0 days 00:00:00.155520,-36.69096198670799,21.197544587437033,34.916291358935325,100.0,42.729695376033575,28.973633401287394,-60.43746423644626,45.9163739604121,57.13371180907225,28.576997119246524,3.0845206597135615,65.65786924810483,Unfeasible shape,GPSampler,PRUNED
3766,3766,6.0,2026-04-21 18:54:30.897160,2026-04-21 18:54:31.039696,0 days 00:00:00.142536,-36.71732709721771,21.03175624281919,34.58845402356858,100.0,42.81350395591932,29.027648096207898,-60.38932077394971,45.97673808236167,57.26943179908702,28.479202773866923,3.1037066719979123,65.77161050572292,Unfeasible shape,GPSampler,PRUNED
3767,3767,6.0,2026-04-21 18:54:31.203048,2026-04-21 18:54:31.365976,0 days 00:00:00.162928,-36.76709210130366,20.959818128721253,35.15139951537842,100.0,42.70048127289347,29.081531621860513,-60.39171960330974,45.80146348999798,57.10620262103875,28.45483492836291,3.077926750763247,65.61113652564813,Unfeasible shape,GPSampler,PRUNED
3768,3768,6.0,2026-04-21 18:54:31.549611,2026-04-21 18:54:31.699478,0 days 00:00:00.149867,-36.688780376348,21.179663613348886,34.96284531820016,100.0,43.07666247711369,28.883162672760612,-60.1278235681868,45.992999270339595,57.05863515565212,28.787204009319662,3.134999046007856,65.98971728153289,Unfeasible shape,GPSampler,PRUNED
3769,3769,6.0,2026-04-21 18:54:31.969100,2026-04-21 18:54:32.141851,0 days 00:00:00.172751,-36.766225617487606,21.21508971141565,34.6995138529222,100.0,42.58685944909513,29.100763865361635,-60.43648802254684,46.13751433236402,57.36129217696456,28.38963691573639,3.153970114000387,65.6512158334938,Unfeasible shape,GPSampler,PRUNED
3770,3770,6.0,2026-04-21 18:54:32.302102,2026-04-21 18:54:32.473430,0 days 00:00:00.171328,-36.77668751789182,20.904097582164134,34.73848450486537,100.0,42.83363387975674,29.221350658102146,-60.337987421699026,45.824237482659,57.14386463001221,28.321894352931725,3.122491497262665,65.54345468918095,Unfeasible shape,GPSampler,PRUNED
3771,3771,6.0,2026-04-21 18:54:32.647154,2026-04-21 18:54:32.800166,0 days 00:00:00.153012,-36.78436376306561,21.10709118209944,34.602079960356534,100.0,42.56158711084673,29.523721425910487,-60.31578296081523,46.17437016832558,57.45877173912319,28.207107259130613,3.145147069293614,65.92190549356106,Unfeasible shape,GPSampler,PRUNED
3772,3772,6.0,2026-04-21 18:54:33.008201,2026-04-21 18:54:33.170935,0 days 00:00:00.162734,-36.725109081245776,21.200246364167683,34.69269594834064,100.0,42.68850932184987,29.122579742764493,-60.37847024569312,46.11257717418278,57.147770503931575,28.21575527091623,3.136430475144394,65.78355347001381,Unfeasible shape,GPSampler,PRUNED
3773,3773,6.0,2026-04-21 18:54:33.383907,2026-04-21 18:54:33.557430,0 days 00:00:00.173523,-36.97846726112054,20.826552870300073,35.173317968474436,100.0,42.4852801013804,29.27255141313743,-60.40911061917957,45.28476604292643,57.138846284850096,28.546048447377395,3.099226368411294,65.99229041919659,Unfeasible shape,GPSampler,PRUNED
3774,3774,6.0,2026-04-21 18:54:33.799475,2026-04-21 18:54:34.013236,0 days 00:00:00.213761,-37.032479990431824,21.09763073554437,34.63978418058941,100.0,43.13286900373066,28.60902464029742,-60.39328487223916,46.26180361597983,57.58954079642901,28.494919078111426,3.061712259857366,65.310046524971,Unfeasible shape,GPSampler,PRUNED
3775,3775,6.0,2026-04-21 18:54:34.314338,2026-04-21 18:54:34.431184,0 days 00:00:00.116846,-36.76331332988227,20.884933393816205,34.952490421811675,100.0,42.87096054094494,29.056059261105148,-60.31957115300353,45.810335175578906,57.0498638575555,28.554344022847108,3.110875186043927,65.69535362691836,Unfeasible shape,GPSampler,PRUNED
3776,3776,6.0,2026-04-21 18:54:34.702516,2026-04-21 18:54:34.857355,0 days 00:00:00.154839,-36.80061232400801,21.369404791841486,34.83785415439462,100.0,42.919863807581564,29.10864246108092,-60.29069256269183,45.99756315203291,57.19224701717291,28.38682515389359,3.0911169686543545,65.72106847467352,Unfeasible shape,GPSampler,PRUNED
3777,3777,6.0,2026-04-21 18:54:35.057307,2026-04-21 18:54:35.226642,0 days 00:00:00.169335,-36.680832642884425,20.986732373505554,34.66656623453989,100.0,42.783648911822254,29.164029857059568,-60.47609745056621,45.92684787177647,57.175611405140835,28.387345348470046,3.1581124534662024,65.83969381508855,Unfeasible shape,GPSampler,PRUNED
3778,3778,6.0,2026-04-21 18:54:35.491172,2026-04-21 18:54:35.713372,0 days 00:00:00.222200,-36.80986264362269,21.27222771945626,34.66494232607775,100.0,42.52631798137752,29.032949203408556,-60.6359930768809,46.024487951180056,57.36198424041511,28.517363290556474,3.113450297771756,65.53915152249695,Unfeasible shape,GPSampler,PRUNED
3779,3779,6.0,2026-04-21 18:54:35.994878,2026-04-21 18:54:36.106266,0 days 00:00:00.111388,-36.75682996570784,20.87902844076065,34.78217585639791,100.0,42.655253995734355,29.11014094713508,-60.17065894034626,46.21486766229537,57.12327592031701,28.123153926931007,3.045695838815867,65.78167844530171,Unfeasible shape,GPSampler,PRUNED
3780,3780,6.0,2026-04-21 18:54:36.270383,2026-04-21 18:54:36.419914,0 days 00:00:00.149531,-36.81612977883995,21.026351449956984,35.13033166413987,100.0,42.69831580850352,28.81996991268442,-60.146761498794575,45.97265260456562,57.13345207653917,28.60613288944326,3.0850940447433857,65.50728733342181,Unfeasible shape,GPSampler,PRUNED
3781,3781,6.0,2026-04-21 18:54:36.592894,2026-04-21 18:54:36.750931,0 days 00:00:00.158037,-36.798552282262136,21.579635884786917,34.55459811943388,100.0,42.79583050554544,29.204636089454176,-60.478223990405475,45.98956051891958,57.13510632230931,28.099011352348573,3.30139486108353,65.84859625889567,Unfeasible shape,GPSampler,PRUNED
3782,3782,6.0,2026-04-21 18:54:36.919361,2026-04-21 18:54:37.086545,0 days 00:00:00.167184,-36.73146923593754,21.012192863710432,34.87477241692146,100.0,42.8579974769901,28.986636853876995,-60.42593982628924,46.046147855634416,57.14288788811823,28.353633873030315,3.1251302748006538,65.61997490418347,Unfeasible shape,GPSampler,PRUNED
