,number,value,datetime_start,datetime_complete,duration,params_lLegPt.rA1,params_lLegPt.rL0,params_lLegPt.rL1,params_lLegPt.rL2,params_lLegPt.x1,params_lLegPt.y1,params_sLegPt.rA1,params_sLegPt.rL0,params_sLegPt.rL1,params_sLegPt.rL2,params_sLegPt.x1,params_sLegPt.y1,user_attrs_prune,system_attrs_auto:sampler,state
1607,1607,6.0,2026-04-21 18:41:57.194195,2026-04-21 18:41:57.353269,0 days 00:00:00.159074,-36.77373854516289,21.083635129255057,34.851730555909526,100.0,42.567680742560825,28.935465634799847,-60.36961922685636,46.02263747513745,57.25530570591842,28.433207199623926,3.1286505216402105,65.7352766534006,Unfeasible shape,GPSampler,PRUNED
1608,1608,6.0,2026-04-21 18:41:57.510853,2026-04-21 18:41:57.649617,0 days 00:00:00.138764,-36.89857557238218,21.538671233999747,34.6657054315976,100.0,42.787583569303045,28.87407394226804,-60.33127526458403,46.09206335182378,57.288876654733215,28.064740471855814,3.267435132388691,66.26841124707715,Unfeasible shape,GPSampler,PRUNED
1609,1609,6.0,2026-04-21 18:41:57.803024,2026-04-21 18:41:57.929190,0 days 00:00:00.126166,-36.74937135202976,21.20633450614657,34.78755707342835,100.0,42.76253094487598,29.24947829823072,-60.35682093752783,45.928384755289066,57.283219467659954,28.414661034904302,3.174669519448564,65.78675532465682,Unfeasible shape,GPSampler,PRUNED
1610,1610,6.0,2026-04-21 18:41:58.094877,2026-04-21 18:41:58.221226,0 days 00:00:00.126349,-36.9192039594635,20.376329228392112,34.9579985309299,100.0,42.54368659715113,28.926147449538078,-60.576330748547676,45.821291123347244,57.14205645366875,28.885972327896226,3.289636521129559,66.23665411138903,Unfeasible shape,GPSampler,PRUNED
1611,1611,6.0,2026-04-21 18:41:58.409262,2026-04-21 18:41:58.630988,0 days 00:00:00.221726,-36.809885040703435,20.798931464461464,34.79301630086448,100.0,42.49675113251588,28.874078155606938,-60.46778586473788,45.96545271927201,57.4914217461669,28.296128080142964,3.0859583114274542,65.50445218875386,Unfeasible shape,GPSampler,PRUNED
1612,1612,6.0,2026-04-21 18:41:58.818113,2026-04-21 18:41:58.965848,0 days 00:00:00.147735,-36.75458473164275,20.939200288108303,34.8061760131817,100.0,42.861617874189825,29.319667087696388,-60.461011145324534,45.86705813015174,57.09172436487059,27.958913936450546,3.141144051323124,66.0498181502437,Unfeasible shape,GPSampler,PRUNED
1613,1613,6.0,2026-04-21 18:41:59.129524,2026-04-21 18:41:59.271113,0 days 00:00:00.141589,-36.7671111091042,21.134921548710658,34.76371969444874,100.0,42.791125251189726,29.039654670014137,-60.33056718658023,45.98520587146381,57.21200368484528,28.43452766156582,3.125417388511295,65.78005450728908,Unfeasible shape,GPSampler,PRUNED
1614,1614,6.0,2026-04-21 18:41:59.422451,2026-04-21 18:41:59.532731,0 days 00:00:00.110280,-36.77705555999273,21.044808069679632,34.65346490314907,100.0,42.94422348786143,28.765286246808273,-60.39336689343207,46.18547288722513,57.14432744681484,28.53107517740575,3.133362250875777,65.68708535661547,Unfeasible shape,GPSampler,PRUNED
1615,1615,6.0,2026-04-21 18:41:59.683509,2026-04-21 18:41:59.873610,0 days 00:00:00.190101,-36.719439937936286,20.704913743484315,35.07226345697376,100.0,42.49595402210042,29.063913298683104,-60.18265315407963,46.14970462185447,57.13658298574123,28.31293355416932,3.1032681828086837,65.50088803559976,Unfeasible shape,GPSampler,PRUNED
1616,1616,6.0,2026-04-21 18:42:00.031477,2026-04-21 18:42:00.167481,0 days 00:00:00.136004,-36.75777713681696,21.125246229948026,34.79758926042865,100.0,42.81539195287856,29.094543871104378,-60.29371402877652,46.00946005708073,57.23461746865449,28.56950557617478,3.057546097225945,65.69370897850445,Unfeasible shape,GPSampler,PRUNED
1617,1617,6.0,2026-04-21 18:42:00.339927,2026-04-21 18:42:00.450727,0 days 00:00:00.110800,-36.81501648400688,20.77556113418285,35.49309662048496,100.0,42.64317766180403,28.970724292366356,-60.22308435017589,45.472336649262864,56.85741789648918,28.86513022566288,3.157691715422324,65.54120279008322,Unfeasible shape,GPSampler,PRUNED
1618,1618,6.0,2026-04-21 18:42:00.585491,2026-04-21 18:42:00.695820,0 days 00:00:00.110329,-36.85217164151554,20.880629139967397,34.71018430758203,100.0,42.550170577042564,29.274834797233886,-60.38865068084888,45.839458706124134,57.40339537073119,28.3475825479424,3.1159670817118226,65.8097687317547,Unfeasible shape,GPSampler,PRUNED
1619,1619,6.0,2026-04-21 18:42:00.847697,2026-04-21 18:42:01.005485,0 days 00:00:00.157788,-36.827587672098616,21.345150090782937,34.46959059555168,100.0,42.60798624511659,28.869197725229405,-60.33791654845898,45.91408999669025,57.47260545566149,28.352774919475443,3.227905520357318,65.72881536103175,Unfeasible shape,GPSampler,PRUNED
1620,1620,6.0,2026-04-21 18:42:01.220375,2026-04-21 18:42:01.363060,0 days 00:00:00.142685,-36.790632725158105,21.03745383486679,34.878684944602554,100.0,42.824868124224906,29.10356248128442,-60.31724328098737,45.84214692449546,57.18108135404276,28.430487731886043,3.134580338077278,65.77743776435209,Unfeasible shape,GPSampler,PRUNED
1621,1621,6.0,2026-04-21 18:42:01.517371,2026-04-21 18:42:01.659794,0 days 00:00:00.142423,-36.796273128450764,21.19941768185614,34.82539478555175,100.0,42.95343805805743,28.84877500775523,-60.4460730578505,45.78053514813079,57.08706771878685,28.6469089687592,3.047040870513044,65.34009393750327,Unfeasible shape,GPSampler,PRUNED
1622,1622,6.0,2026-04-21 18:42:01.896366,2026-04-21 18:42:02.070213,0 days 00:00:00.173847,-36.83694066415769,20.920187734151614,34.75277560265758,100.0,42.84026717339001,29.139447143333385,-60.3569247742341,46.11818637516304,57.13471068539514,28.14919602368147,3.20504137061144,65.83972605053337,Unfeasible shape,GPSampler,PRUNED
1623,1623,6.0,2026-04-21 18:42:02.252712,2026-04-21 18:42:02.411200,0 days 00:00:00.158488,-36.87876213703801,21.60108898937903,33.99039748806938,100.0,42.713835621436196,29.392600976729796,-60.73468680627769,45.53160559410944,57.818560736140526,27.805699415118983,3.1128923810247784,65.80186368021661,Unfeasible shape,GPSampler,PRUNED
1624,1624,6.0,2026-04-21 18:42:02.625429,2026-04-21 18:42:02.784330,0 days 00:00:00.158901,-36.75522256627709,20.712536573197653,34.96690715931811,100.0,42.78358047651888,29.145225253597644,-60.34391297526498,45.90878308270565,57.18702322766334,28.559098234738556,3.116489663567471,65.77168760421264,Unfeasible shape,GPSampler,PRUNED
1625,1625,6.0,2026-04-21 18:42:02.951645,2026-04-21 18:42:03.093727,0 days 00:00:00.142082,-36.668637496667756,21.212452299540388,34.86072714635487,100.0,42.884592952378824,29.07217307539007,-60.446587790162525,45.84781377996074,57.30015263071262,28.356289832411587,3.1034775380036237,65.59470476053097,Unfeasible shape,GPSampler,PRUNED
1626,1626,6.0,2026-04-21 18:42:03.345648,2026-04-21 18:42:03.519274,0 days 00:00:00.173626,-36.76650341489353,20.930026516929438,34.76691570201223,100.0,42.6983331254544,28.988689151245225,-60.279105608186285,45.95067297591717,57.16153237966148,28.553047574278317,3.110725916263725,65.65498182909319,Unfeasible shape,GPSampler,PRUNED
1627,1627,6.0,2026-04-21 18:42:03.788776,2026-04-21 18:42:03.930608,0 days 00:00:00.141832,-36.881521755653665,21.03013643947712,34.98739622161325,100.0,43.16047659993616,28.975687966168316,-60.70315155359171,46.2394833008797,57.546896016608414,28.630712097436312,3.1521440085032566,65.96182953312086,Unfeasible shape,GPSampler,PRUNED
1628,1628,6.0,2026-04-21 18:42:04.097686,2026-04-21 18:42:04.240499,0 days 00:00:00.142813,-36.81514255398038,20.884765444251116,34.71193418925267,100.0,42.823422733085884,28.987208860407996,-60.27791193594353,45.803975762121695,57.12451393001384,28.573230281339594,3.11776878955078,65.7795829114438,Unfeasible shape,GPSampler,PRUNED
1629,1629,6.0,2026-04-21 18:42:04.468605,2026-04-21 18:42:04.594565,0 days 00:00:00.125960,-36.6416549659701,20.88264588828013,34.47906888750241,100.0,42.76765371733399,29.47219363489546,-60.45761556568775,45.708481595424885,57.36900808308637,27.92834427703121,3.221763091340449,66.22407291394786,Unfeasible shape,GPSampler,PRUNED
1630,1630,6.0,2026-04-21 18:42:04.776341,2026-04-21 18:42:04.934175,0 days 00:00:00.157834,-36.69229162375815,21.047549704449423,34.76252575403106,100.0,42.90874548635594,29.165229661788423,-60.11790675175613,46.3193148903135,57.39115235873723,28.1823406178917,3.149520582560797,66.07517495841525,Unfeasible shape,GPSampler,PRUNED
1631,1631,6.0,2026-04-21 18:42:05.116830,2026-04-21 18:42:05.258477,0 days 00:00:00.141647,-36.75907578786342,21.023110924116793,34.90438624817402,100.0,42.581314054108425,28.916100097817512,-60.386605560407176,45.96400183623788,57.24416301607629,28.46922506697205,3.11005345421583,65.65132504944255,Unfeasible shape,GPSampler,PRUNED
1632,1632,6.0,2026-04-21 18:42:05.440936,2026-04-21 18:42:05.582872,0 days 00:00:00.141936,-36.7284326722239,20.839264582315394,34.97060290523157,100.0,42.66214960028449,28.86956889193796,-60.36930738289992,45.83664205212811,57.16839062301496,28.554419679257993,3.07590768089581,65.6997383810091,Unfeasible shape,GPSampler,PRUNED
1633,1633,6.0,2026-04-21 18:42:05.748604,2026-04-21 18:42:05.875925,0 days 00:00:00.127321,-36.86682419433076,21.062519050562955,34.789871509105,100.0,42.957215604949404,29.10157012049502,-60.32950390270388,45.82514323296341,57.04226770773616,28.113521908408444,3.0741543327278933,65.58968493587734,Unfeasible shape,GPSampler,PRUNED
1634,1634,6.0,2026-04-21 18:42:06.063240,2026-04-21 18:42:06.176154,0 days 00:00:00.112914,-36.79312423473714,20.951062509251017,34.45622385217612,100.0,42.900857839664624,29.093593968337636,-60.30670886579645,45.821105541473116,57.10785712482381,28.302785988905473,3.167264795322062,66.05644363895732,Unfeasible shape,GPSampler,PRUNED
1635,1635,6.0,2026-04-21 18:42:06.325717,2026-04-21 18:42:06.515626,0 days 00:00:00.189909,-36.81494526950297,21.050555101384234,34.81143089149357,100.0,42.916483017257264,29.096334085315654,-60.40944747092968,45.91287828876553,57.15645447660191,28.275669583237658,3.1353268599893553,65.69733815796232,Unfeasible shape,GPSampler,PRUNED
1636,1636,6.0,2026-04-21 18:42:06.707776,2026-04-21 18:42:06.892958,0 days 00:00:00.185182,-36.702247023607065,20.913346570451928,34.915517795554436,100.0,42.72208524522222,29.02289202596542,-60.32387914874948,45.84064599969911,57.13290019007555,28.50520883635956,3.117283920714023,65.73060198287557,Unfeasible shape,GPSampler,PRUNED
1637,1637,6.0,2026-04-21 18:42:07.077470,2026-04-21 18:42:07.218146,0 days 00:00:00.140676,-36.990649992322304,20.438457482330627,34.60459740699887,100.0,42.82514662615679,29.157503452316355,-60.073854729475,46.071373774069265,57.43343315635809,28.05669839080255,3.178086474724786,65.84733296759534,Unfeasible shape,GPSampler,PRUNED
1638,1638,6.0,2026-04-21 18:42:07.422040,2026-04-21 18:42:07.563724,0 days 00:00:00.141684,-36.821092382393815,20.567114915380827,35.298825844102296,100.0,42.386585769700474,29.37456096264487,-60.564988074439064,45.819771446810236,57.691509747751866,28.821809616080866,3.084016060871207,65.83709508077314,Unfeasible shape,GPSampler,PRUNED
1639,1639,6.0,2026-04-21 18:42:07.780589,2026-04-21 18:42:07.896367,0 days 00:00:00.115778,-36.79107554713922,21.26695932076762,34.53792755944351,100.0,42.789755388141316,28.931825057228473,-60.55822685006115,45.873864802672806,57.18688955102785,28.58756834377579,3.082467619876546,65.79855949612521,Unfeasible shape,GPSampler,PRUNED
1640,1640,6.0,2026-04-21 18:42:08.094722,2026-04-21 18:42:08.252465,0 days 00:00:00.157743,-36.77200001614661,21.029485277397974,34.81751836915101,100.0,42.648594120675035,29.113063830097367,-60.42679899879518,45.91690600194886,57.11040654184906,28.346722491509624,3.135881666245375,65.60383962611678,Unfeasible shape,GPSampler,PRUNED
1641,1641,6.0,2026-04-21 18:42:08.420585,2026-04-21 18:42:08.581546,0 days 00:00:00.160961,-36.774318497808984,20.87803007932,34.91375420563554,100.0,42.749901927677996,29.046919928002012,-60.296184383625196,45.905820960092676,57.17422262270782,28.606942595016935,3.0957912977734665,65.66033975257437,Unfeasible shape,GPSampler,PRUNED
1642,1642,6.0,2026-04-21 18:42:08.767812,2026-04-21 18:42:08.893938,0 days 00:00:00.126126,-36.89269328626779,20.838569995731596,34.84906544195263,100.0,42.81657523118262,29.12192696418134,-60.35817159043855,46.052634441643725,57.12593741506852,28.10846269339304,3.170341205781966,65.69188783047883,Unfeasible shape,GPSampler,PRUNED
1643,1643,6.0,2026-04-21 18:42:09.035882,2026-04-21 18:42:09.177415,0 days 00:00:00.141533,-36.75993114185137,21.07774835569655,34.81164391861384,100.0,42.69224806614771,29.09188320266057,-60.43628181283661,45.92993462930921,57.14019158714331,28.449006487658536,3.112896454413473,65.73300783754419,Unfeasible shape,GPSampler,PRUNED
1644,1644,6.0,2026-04-21 18:42:09.407631,2026-04-21 18:42:09.549223,0 days 00:00:00.141592,-36.763522702257234,21.108436470421584,34.81419607646358,100.0,42.64482453090615,29.148980009245413,-60.462420319600206,45.92553040216413,57.1388891806936,28.303250221253293,3.1082712229314637,65.59365786472804,Unfeasible shape,GPSampler,PRUNED
1645,1645,6.0,2026-04-21 18:42:09.687626,2026-04-21 18:42:10.035570,0 days 00:00:00.347944,-36.68726273481835,20.993179163424024,34.883337850828326,100.0,42.62691700724572,29.035848024362522,-60.34974798837088,45.84211289839856,57.23410082849958,28.590403156341484,3.0826523374099395,65.58052313700645,Unfeasible shape,GPSampler,PRUNED
1646,1646,6.0,2026-04-21 18:42:10.219073,2026-04-21 18:42:10.383605,0 days 00:00:00.164532,-36.895559503201994,21.246242863513064,34.954271858387514,100.0,42.733310146678676,29.32513574856803,-60.31924968489524,45.791095336075415,57.19861430345153,28.41897055071368,3.1562631202482407,65.72017839064864,Unfeasible shape,GPSampler,PRUNED
1647,1647,6.0,2026-04-21 18:42:10.701820,2026-04-21 18:42:10.860229,0 days 00:00:00.158409,-36.745251611759095,20.33313860386056,36.03186896800713,99.8648903982061,42.37204219382898,28.651964432875218,-60.1457207986748,45.769610539820135,56.55316280372091,28.831382746921054,2.9255210272990553,64.82451783023544,Unfeasible shape,GPSampler,PRUNED
1648,1648,6.0,2026-04-21 18:42:11.011857,2026-04-21 18:42:11.217703,0 days 00:00:00.205846,-36.92485785200544,21.03640795015702,34.807896523852904,100.0,42.49751400958052,29.178983913773735,-60.30027121008001,45.895567775616065,56.90137435830492,28.34090143416081,3.1522858541750054,65.80979029757168,Unfeasible shape,GPSampler,PRUNED
1649,1649,6.0,2026-04-21 18:42:11.383184,2026-04-21 18:42:11.509695,0 days 00:00:00.126511,-36.69979279695607,21.363729453430853,34.7969278483522,100.0,42.769881297235294,29.139398963810557,-60.29324089320435,45.959588368981,57.223175798488384,28.557623872664973,3.0864749703639376,65.74838885126304,Unfeasible shape,GPSampler,PRUNED
1650,1650,6.0,2026-04-21 18:42:11.661324,2026-04-21 18:42:11.787882,0 days 00:00:00.126558,-36.701958262633624,21.069556558349184,34.982288077876774,100.0,42.65602353525289,28.99156874846163,-60.44164795930999,45.98737247079215,57.11952420054713,28.499595739587296,3.1061157700631696,65.54846485233203,Unfeasible shape,GPSampler,PRUNED
1651,1651,6.0,2026-04-21 18:42:12.028412,2026-04-21 18:42:12.168112,0 days 00:00:00.139700,-36.77785105511656,20.855499816386356,34.903631776941694,100.0,42.64698434081201,29.26769749775446,-60.37341690803096,46.06210394196943,57.078837835111806,28.46127417977404,3.136976038252449,65.68368247849767,Unfeasible shape,GPSampler,PRUNED
1652,1652,6.0,2026-04-21 18:42:12.335494,2026-04-21 18:42:12.461616,0 days 00:00:00.126122,-36.75483025790749,21.150681680420313,34.5972337811379,100.0,42.43195837823492,28.78604035669815,-60.56798285444631,45.34003032145781,56.949548147883554,28.63476017849249,3.195710965538211,66.11151091579973,Unfeasible shape,GPSampler,PRUNED
1653,1653,6.0,2026-04-21 18:42:12.628396,2026-04-21 18:42:12.770859,0 days 00:00:00.142463,-36.86452651050672,20.768126111966005,35.02198541852683,100.0,42.63015201181051,28.910022310869486,-60.3786669885906,45.90154540993669,56.918166037389824,28.52125036981618,3.1038563997535817,65.70414358270394,Unfeasible shape,GPSampler,PRUNED
1654,1654,6.0,2026-04-21 18:42:12.911078,2026-04-21 18:42:13.036687,0 days 00:00:00.125609,-36.78677924905779,21.166442002723684,34.903086516765356,100.0,42.828327977049156,29.006868775967654,-60.373111486183234,45.86054733907662,57.15006584185761,28.61287876801409,3.094482739910987,65.69616319219001,Unfeasible shape,GPSampler,PRUNED
1655,1655,6.0,2026-04-21 18:42:13.187051,2026-04-21 18:42:13.328077,0 days 00:00:00.141026,-36.86795716966857,20.728179939531344,34.90845512076291,100.0,42.95481061849802,29.305012880968192,-60.44757906994715,45.78087484663888,57.40759992713936,28.618658846257112,3.2170075701500096,65.75150275471547,Unfeasible shape,GPSampler,PRUNED
1656,1656,6.0,2026-04-21 18:42:13.510679,2026-04-21 18:42:13.636940,0 days 00:00:00.126261,-36.8292451543757,21.16746331442243,34.402519752798824,100.0,42.553986281437055,29.137023362834995,-60.45602242021523,45.99193769957426,57.148933007474746,28.368923020227385,3.1565368730861323,65.90513907511179,Unfeasible shape,GPSampler,PRUNED
1657,1657,6.0,2026-04-21 18:42:13.825174,2026-04-21 18:42:13.950866,0 days 00:00:00.125692,-36.78872969412462,21.11482325752165,35.04600022853484,100.0,42.75940659414525,29.19719907317561,-60.29925433611692,46.11961181298585,57.0096811660415,28.4288079945081,3.0490668010242175,65.60198637473903,Unfeasible shape,GPSampler,PRUNED
1658,1658,6.0,2026-04-21 18:42:14.116339,2026-04-21 18:42:14.259064,0 days 00:00:00.142725,-36.877919695244806,20.92083079938778,34.79659715450977,100.0,42.83160654342477,29.281250798662036,-60.38221100381585,45.55933582107909,56.89307840536371,28.442493999029555,3.1572900451383674,65.66466622580232,Unfeasible shape,GPSampler,PRUNED
1659,1659,6.0,2026-04-21 18:42:14.427907,2026-04-21 18:42:14.569707,0 days 00:00:00.141800,-36.73110253517083,20.923719307866694,34.8322758749089,100.0,42.72930784789857,29.03476681058838,-60.442279740567436,46.03493912926223,57.27414128566534,28.425183892541007,3.1197307888143087,65.64747921582001,Unfeasible shape,GPSampler,PRUNED
1660,1660,6.0,2026-04-21 18:42:14.741083,2026-04-21 18:42:14.961701,0 days 00:00:00.220618,-36.81882285224211,21.13001272719476,34.667576137484005,100.0,42.29829822441304,29.286624066468065,-60.414712982919,46.38000632459356,57.48046350659688,28.17869719240141,3.062805330543277,65.74135167335221,Unfeasible shape,GPSampler,PRUNED
1661,1661,6.0,2026-04-21 18:42:15.126185,2026-04-21 18:42:15.278348,0 days 00:00:00.152163,-36.733506122279394,20.89238815925384,34.75489530991892,100.0,42.717373786713544,29.143680208634727,-60.55652424056771,45.78685087178764,57.09904408801052,28.233165059994395,3.0959678566687856,65.69324189374294,Unfeasible shape,GPSampler,PRUNED
1662,1662,6.0,2026-04-21 18:42:15.430935,2026-04-21 18:42:15.570879,0 days 00:00:00.139944,-36.84968285551713,21.073850933836106,34.78650107315553,100.0,42.86103131449081,29.089956822187624,-60.37448327468449,45.57918377130433,56.8331798891423,28.26256522660111,3.175448371149251,65.75209077816882,Unfeasible shape,GPSampler,PRUNED
1663,1663,6.0,2026-04-21 18:42:15.730959,2026-04-21 18:42:15.877608,0 days 00:00:00.146649,-36.71481410387932,20.626546513115173,35.08686063235619,100.0,43.045540590573225,29.191860951676624,-60.40666715780973,45.9546980430082,57.05309122625477,28.49733455829345,3.09220544017726,65.46579680898944,Unfeasible shape,GPSampler,PRUNED
1664,1664,6.0,2026-04-21 18:42:16.048213,2026-04-21 18:42:16.187084,0 days 00:00:00.138871,-36.795014304426644,21.405479717958077,34.30206430359141,100.0,43.09066891962907,29.021699346095055,-60.509313451216656,46.190400219170655,57.44931848613543,28.28204878008634,3.2963796061976325,66.02857799678394,Unfeasible shape,GPSampler,PRUNED
1665,1665,6.0,2026-04-21 18:42:16.321380,2026-04-21 18:42:16.472519,0 days 00:00:00.151139,-36.80560653088703,21.044444251309073,34.935467811759466,100.0,42.65778640801702,29.08591648888366,-60.29272756764701,45.876211842900744,57.083559109957676,28.485259280645774,3.0653766740727377,65.70765305707444,Unfeasible shape,GPSampler,PRUNED
1666,1666,6.0,2026-04-21 18:42:16.622895,2026-04-21 18:42:16.745503,0 days 00:00:00.122608,-36.752833784376904,20.912668839397536,34.97721320009818,100.0,42.80378824358458,29.07198892196095,-60.31138120423189,45.81191070398068,57.10373475540503,28.497094311618053,3.1201476854876873,65.70113532004902,Unfeasible shape,GPSampler,PRUNED
1667,1667,6.0,2026-04-21 18:42:16.914893,2026-04-21 18:42:17.036844,0 days 00:00:00.121951,-36.749371180851384,20.80987583481445,35.03658233880299,100.0,42.638065535591,28.88775174769355,-60.3621233937769,45.690793662232146,57.08529760607645,28.56382619390107,3.1489655886692915,65.77953363569785,Unfeasible shape,GPSampler,PRUNED
1668,1668,6.0,2026-04-21 18:42:17.196538,2026-04-21 18:42:17.399413,0 days 00:00:00.202875,-36.624246140046296,20.89604772639416,34.75738504148879,100.0,42.9109374199405,29.411452787378302,-60.3217270281346,45.954988874229905,57.31942398762621,28.340419221263797,3.1427283909350336,65.83098791648908,Unfeasible shape,GPSampler,PRUNED
1669,1669,6.0,2026-04-21 18:42:17.561817,2026-04-21 18:42:17.696771,0 days 00:00:00.134954,-36.795022769560056,20.881466084553743,34.828672682687476,100.0,42.83573308005758,28.909003711381395,-60.27856515704362,45.90371897589515,56.92327351266222,28.28437739235342,3.173250536961042,65.68947764451187,Unfeasible shape,GPSampler,PRUNED
1670,1670,6.0,2026-04-21 18:42:17.868385,2026-04-21 18:42:18.070802,0 days 00:00:00.202417,-36.74459120630816,21.883720258921826,34.05675270781853,100.0,42.689384039354834,29.35807765223032,-60.66391935741429,46.345980232784285,57.51714536315858,28.417338956373428,3.21641066887598,65.93714090619888,Unfeasible shape,GPSampler,PRUNED
