,number,value,datetime_start,datetime_complete,duration,params_lLegPt.rA1,params_lLegPt.rL0,params_lLegPt.rL1,params_lLegPt.rL2,params_lLegPt.x1,params_lLegPt.y1,params_sLegPt.rA1,params_sLegPt.rL0,params_sLegPt.rL1,params_sLegPt.rL2,params_sLegPt.x1,params_sLegPt.y1,user_attrs_prune,system_attrs_auto:sampler,state
4039,4039,6.0,2026-04-21 18:56:10.528422,2026-04-21 18:56:10.715587,0 days 00:00:00.187165,-36.85738351141934,21.170523194875273,34.55091601770436,100.0,42.85807668672926,29.24588929093356,-60.41134790547173,45.89829175953306,57.13124335462061,28.377641485451615,3.147912092639224,65.65574798980525,Unfeasible shape,GPSampler,PRUNED
4040,4040,6.0,2026-04-21 18:56:10.923357,2026-04-21 18:56:11.155603,0 days 00:00:00.232246,-36.80337909092703,21.23593928638898,34.73338400531205,100.0,42.82772401183484,29.01857600633857,-60.31415845432276,45.997785378562,57.11064508966285,28.277063176704075,3.1130204899813805,65.73569811917801,Unfeasible shape,GPSampler,PRUNED
4041,4041,6.0,2026-04-21 18:56:11.364275,2026-04-21 18:56:11.509412,0 days 00:00:00.145137,-36.85073175199515,21.066222606433023,34.67407316243792,100.0,42.66450453332324,29.10890475582781,-60.33096180343276,45.9109779786059,57.13123108527684,28.488043928739657,3.1309029846884684,65.90944601440114,Unfeasible shape,GPSampler,PRUNED
4042,4042,6.0,2026-04-21 18:56:11.817469,2026-04-21 18:56:12.061080,0 days 00:00:00.243611,-36.75449106532978,20.914366064082557,35.05138705158804,100.0,42.768206179500375,28.820174505507836,-60.404564190747486,46.07059180031456,57.152928664531245,28.75795602807163,3.1288373193712147,65.45876695956464,Unfeasible shape,GPSampler,PRUNED
4043,4043,6.0,2026-04-21 18:56:12.250242,2026-04-21 18:56:12.398194,0 days 00:00:00.147952,-36.74502071239878,21.035236705953835,34.90891317980449,100.0,42.73214503565344,29.052532057245998,-60.29090735262875,46.01449809848586,57.22444098290937,28.34556774358105,3.0855456125569134,65.6852887367244,Unfeasible shape,GPSampler,PRUNED
4044,4044,6.0,2026-04-21 18:56:12.591790,2026-04-21 18:56:12.739399,0 days 00:00:00.147609,-36.77530955722649,20.972054871023822,34.73457273917897,100.0,42.81450784400069,29.510788351626815,-60.71274560880052,45.783820563681175,57.17923926202212,28.395861970076304,3.129538377099621,65.87103851582137,Unfeasible shape,GPSampler,PRUNED
4045,4045,6.0,2026-04-21 18:56:13.182324,2026-04-21 18:56:13.337904,0 days 00:00:00.155580,-36.78049269196172,20.7534105327072,34.91182601808503,100.0,42.77151790253318,28.965789938209575,-60.38902134561796,45.9470600202027,57.086192613778714,28.50970533966627,3.0889831981568747,65.63618143733285,Unfeasible shape,GPSampler,PRUNED
4046,4046,6.0,2026-04-21 18:56:13.623082,2026-04-21 18:56:13.805863,0 days 00:00:00.182781,-36.71647846786013,21.07430743138557,34.90547441766415,100.0,42.74110151761145,29.039894965136313,-60.43718438829953,45.98099299295379,57.20725638398359,28.41705985601618,3.1391813090632255,65.73261352561177,Unfeasible shape,GPSampler,PRUNED
4047,4047,6.0,2026-04-21 18:56:14.009588,2026-04-21 18:56:14.150481,0 days 00:00:00.140893,-36.763120171636444,21.0028567109853,34.87535288606199,100.0,42.74183292595349,28.685430330107565,-60.23685964047021,45.894005066932166,57.058505680375134,28.30489764347319,3.1657587518724952,65.62752590701496,Unfeasible shape,GPSampler,PRUNED
4048,4048,6.0,2026-04-21 18:56:14.340866,2026-04-21 18:56:14.558611,0 days 00:00:00.217745,-36.71063517474381,21.062391260247878,34.99811627326807,100.0,42.665686662152616,28.71071161865614,-60.473705454386874,46.09097557569086,57.19616257647926,28.763301521589895,3.0060460141182688,65.4638368742642,Unfeasible shape,GPSampler,PRUNED
4049,4049,6.0,2026-04-21 18:56:14.753173,2026-04-21 18:56:14.917034,0 days 00:00:00.163861,-36.821829735636534,20.927267095572798,34.71931355180031,100.0,42.78121173378985,29.102358578691934,-60.360063906688794,46.038540956652184,57.15123343219099,28.484876265141175,3.0988582935655415,65.6844355197133,Unfeasible shape,GPSampler,PRUNED
4050,4050,6.0,2026-04-21 18:56:15.124145,2026-04-21 18:56:15.334550,0 days 00:00:00.210405,-36.75961353208461,20.794067374383832,34.88506875215619,100.0,42.87667320208595,29.044037492780525,-60.39267371726087,45.804080186606335,57.13984976342534,28.506124918175374,3.1106564327352544,65.68200107332564,Unfeasible shape,GPSampler,PRUNED
4051,4051,6.0,2026-04-21 18:56:15.650240,2026-04-21 18:56:15.792534,0 days 00:00:00.142294,-36.72576821875696,21.169185138265583,34.788853945908556,100.0,42.73685225766273,28.90252427991136,-60.49250054405769,45.79833979298106,57.05137329497014,28.493688636098724,3.0632960909360207,65.71240097878241,Unfeasible shape,GPSampler,PRUNED
4052,4052,6.0,2026-04-21 18:56:15.942622,2026-04-21 18:56:16.119049,0 days 00:00:00.176427,-36.977554251718786,21.396572345157274,34.826942924892606,100.0,42.873576283402926,29.08777243236886,-60.12022120208833,46.04533891254612,57.19342621786593,28.2474392827211,3.118057919885011,65.67504610659547,Unfeasible shape,GPSampler,PRUNED
4053,4053,6.0,2026-04-21 18:56:16.317058,2026-04-21 18:56:16.493714,0 days 00:00:00.176656,-36.78060881340459,21.563585445110952,34.715411137107864,100.0,43.05721240328602,28.785073362233447,-60.36884378024881,45.8513784892286,57.222072089427904,28.746727779652037,3.0837155739190436,65.88514246618593,Unfeasible shape,GPSampler,PRUNED
4054,4054,6.0,2026-04-21 18:56:16.707395,2026-04-21 18:56:16.822026,0 days 00:00:00.114631,-36.95039884614301,21.33184973737164,34.960485433719164,100.0,43.39132959511589,28.62610454074032,-59.97601188126539,46.11333229894527,57.44714771364488,28.611032279720696,3.200331353250789,65.7231046551037,Unfeasible shape,GPSampler,PRUNED
4055,4055,6.0,2026-04-21 18:56:17.000020,2026-04-21 18:56:17.234158,0 days 00:00:00.234138,-36.85313598607899,21.09971035857671,34.68735848661512,100.0,42.86538503081884,29.164789955193577,-60.52638985465843,46.115913111216294,57.06141288209709,28.169623008292803,3.1069925421176308,65.35257927431977,Unfeasible shape,GPSampler,PRUNED
4056,4056,6.0,2026-04-21 18:56:17.411484,2026-04-21 18:56:17.598111,0 days 00:00:00.186627,-36.88443337738128,20.810341994284155,34.84318941724568,100.0,42.86076474216559,28.437531460273547,-60.462959523066544,45.924703069982336,57.001272642563556,28.639461103071923,2.9990705835676863,65.31462172129102,Unfeasible shape,GPSampler,PRUNED
4057,4057,6.0,2026-04-21 18:56:17.806939,2026-04-21 18:56:18.023989,0 days 00:00:00.217050,-36.59570679731051,20.28260700414195,35.255663117147094,99.93748544516771,42.227173087642626,29.033031644343488,-60.21896477736601,45.47574154385978,56.75860215460031,29.36029207679601,3.0168988920725113,65.36800717061202,Unfeasible shape,GPSampler,PRUNED
4058,4058,6.0,2026-04-21 18:56:18.220511,2026-04-21 18:56:18.368497,0 days 00:00:00.147986,-36.792963100838456,21.040988285553027,34.761244010381645,100.0,42.676596924984054,29.0850045104076,-60.41064896783122,45.96274521930388,57.111670750859965,28.431762738961464,3.1363618896360492,65.81431260989143,Unfeasible shape,GPSampler,PRUNED
4059,4059,6.0,2026-04-21 18:56:18.557612,2026-04-21 18:56:18.787837,0 days 00:00:00.230225,-36.809509846513166,21.17990005499886,34.69725137830431,100.0,42.72445865410578,28.830218469096536,-60.44337335453791,46.07698755876311,57.354591360521525,28.617309669186266,3.126234059760698,65.74692327748535,Unfeasible shape,GPSampler,PRUNED
4060,4060,6.0,2026-04-21 18:56:18.954708,2026-04-21 18:56:19.112261,0 days 00:00:00.157553,-36.674710944163984,21.028294230928587,34.76293122353758,100.0,42.76937382768517,29.097592337544626,-60.36258111625379,45.713749053375764,57.45462800014851,28.757413707414017,3.2208513362256355,65.92387560801355,Unfeasible shape,GPSampler,PRUNED
4061,4061,6.0,2026-04-21 18:56:19.287622,2026-04-21 18:56:19.435734,0 days 00:00:00.148112,-36.77122830313225,20.592405867839656,34.81226052510118,100.0,42.73285363010889,29.006907343201675,-60.21631663871479,46.067399266240976,56.93827028513094,28.384924003343148,3.0489494823051757,65.56902925983071,Unfeasible shape,GPSampler,PRUNED
4062,4062,6.0,2026-04-21 18:56:19.598803,2026-04-21 18:56:19.755023,0 days 00:00:00.156220,-36.70500171294535,21.067875631123343,34.88831383827982,100.0,42.97616474449631,29.0989767413148,-60.46252600766839,45.66835762154434,57.15461238790885,28.50769316912645,3.2736977030481214,65.9316470041481,Unfeasible shape,GPSampler,PRUNED
4063,4063,6.0,2026-04-21 18:56:19.931305,2026-04-21 18:56:20.169676,0 days 00:00:00.238371,-36.57059311924422,20.816105383879485,35.352075335932724,100.0,43.182188090146084,28.756442191831304,-60.20900882804442,46.05006542477891,57.13286233315789,28.43764858258518,3.120600398406694,65.41196859942184,Unfeasible shape,GPSampler,PRUNED
4064,4064,6.0,2026-04-21 18:56:20.432087,2026-04-21 18:56:20.578437,0 days 00:00:00.146350,-36.87646295436334,20.90924377849585,34.6203898488346,100.0,42.57181260636343,29.48211371712066,-60.682663697493396,46.327632237437875,57.301918424207585,27.594239436731037,3.2487408276183203,65.99274680474731,Unfeasible shape,GPSampler,PRUNED
4065,4065,6.0,2026-04-21 18:56:20.766440,2026-04-21 18:56:20.940212,0 days 00:00:00.173772,-36.65832062772927,21.276612124268766,34.61798581859519,100.0,42.61970661602121,29.19659409527418,-60.19186965828735,46.069074783142995,57.10192674832687,28.487375268716722,3.1207347724359096,65.6548129625564,Unfeasible shape,GPSampler,PRUNED
4066,4066,6.0,2026-04-21 18:56:21.146649,2026-04-21 18:56:21.307065,0 days 00:00:00.160416,-36.84765054225289,20.971602943723656,34.661902957637984,100.0,42.7668038409269,28.979515573710273,-60.24273094656256,45.95486655118761,57.130590627562476,28.468979278699862,3.124004964275514,65.85463067788488,Unfeasible shape,GPSampler,PRUNED
4067,4067,6.0,2026-04-21 18:56:21.511435,2026-04-21 18:56:21.653855,0 days 00:00:00.142420,-36.666662003714904,21.9659908912636,34.19695321542361,100.0,42.85687513247266,29.781459886208772,-60.20603004071913,45.90283387394826,57.20405632155581,27.83399298764815,3.2050729005003404,66.2987447814877,Unfeasible shape,GPSampler,PRUNED
4068,4068,6.0,2026-04-21 18:56:21.841980,2026-04-21 18:56:22.013772,0 days 00:00:00.171792,-36.70175112883225,21.214201253042802,35.011258485159345,100.0,42.9963277251636,29.185123566992736,-60.360093363694304,45.83570386940243,57.1686109547594,28.24654816667998,3.1169180748878276,65.75091714397632,Unfeasible shape,GPSampler,PRUNED
4069,4069,6.0,2026-04-21 18:56:22.214228,2026-04-21 18:56:22.360077,0 days 00:00:00.145849,-36.64788701068461,21.24197453024655,34.18629027841141,100.0,43.52897907545739,29.61072113388363,-60.27807449348287,45.992222015152905,57.72355509756637,27.61695157363026,3.218702931117555,66.69703597481656,Unfeasible shape,GPSampler,PRUNED
4070,4070,6.0,2026-04-21 18:56:22.517495,2026-04-21 18:56:22.679146,0 days 00:00:00.161651,-36.77095566755855,20.82929434714618,35.40426475114329,100.0,42.79300335452215,28.941449833196636,-60.21820431175115,45.88261561982522,57.13996270633314,28.581599482206926,3.0670143034665784,65.51243133877558,Unfeasible shape,GPSampler,PRUNED
4071,4071,6.0,2026-04-21 18:56:22.860825,2026-04-21 18:56:23.021055,0 days 00:00:00.160230,-36.761185194709924,20.786133150079017,34.85847488117991,100.0,42.663073495494956,28.984182693947695,-60.484113494484816,45.661316681445456,57.000298016856995,28.559825529061374,3.1240679218860663,65.74066166006898,Unfeasible shape,GPSampler,PRUNED
4072,4072,6.0,2026-04-21 18:56:23.188385,2026-04-21 18:56:23.363370,0 days 00:00:00.174985,-36.733281593968556,21.23514441831714,34.68107801661471,100.0,42.69522085749294,28.96051205531606,-60.46467351699157,46.04582393004176,57.26522366837938,28.594612939152686,3.0684554184626123,65.73328700935726,Unfeasible shape,GPSampler,PRUNED
4073,4073,6.0,2026-04-21 18:56:23.554685,2026-04-21 18:56:23.705509,0 days 00:00:00.150824,-36.79961214081437,21.22752358333622,34.732877892049785,100.0,42.733808160160244,29.021184765897942,-60.453240572579205,45.98116643859224,57.16384260620297,28.511190077815613,3.1071991879633316,65.68618026178937,Unfeasible shape,GPSampler,PRUNED
4074,4074,6.0,2026-04-21 18:56:23.977110,2026-04-21 18:56:24.108016,0 days 00:00:00.130906,-36.72368315984019,21.004586239636367,34.685696355828085,100.0,42.59992329228298,29.224677660118218,-60.20346216521573,46.12027133073884,57.394618468490535,27.884637557597532,3.1573123407287014,66.02159980676424,Unfeasible shape,GPSampler,PRUNED
4075,4075,6.0,2026-04-21 18:56:24.278807,2026-04-21 18:56:24.450903,0 days 00:00:00.172096,-36.87569696217776,20.466834864182673,34.9138638674249,100.0,42.7938924735209,29.246213843064695,-60.2918131840359,45.77313926180813,57.07047840219107,28.602296618487095,3.0890353191401942,65.70722303121558,Unfeasible shape,GPSampler,PRUNED
4076,4076,6.0,2026-04-21 18:56:24.637159,2026-04-21 18:56:24.852309,0 days 00:00:00.215150,-36.729696438607306,21.145866254530922,34.88548297902139,100.0,42.85141620717416,29.08151080746064,-60.30748488764051,45.92905055035473,57.216487888942936,28.489947277036055,3.0973818778517384,65.62120106460424,Unfeasible shape,GPSampler,PRUNED
4077,4077,6.0,2026-04-21 18:56:25.046465,2026-04-21 18:56:25.208771,0 days 00:00:00.162306,-36.79455081034239,21.06457292820925,34.959249792864966,100.0,42.753260931637904,29.112233019682478,-60.326817606605985,45.93570535323129,57.20209556522845,28.421152930817023,3.132744533710124,65.65648828911145,Unfeasible shape,GPSampler,PRUNED
4078,4078,6.0,2026-04-21 18:56:25.395779,2026-04-21 18:56:25.578048,0 days 00:00:00.182269,-37.04492253925203,21.7870047267033,35.14798803773195,100.0,43.57449570479709,28.633124655053628,-60.720906905308375,46.51087953072019,56.88248495575041,28.160417448611284,3.107418933287711,65.57287734282464,Unfeasible shape,GPSampler,PRUNED
4079,4079,6.0,2026-04-21 18:56:25.779463,2026-04-21 18:56:25.953054,0 days 00:00:00.173591,-36.8661252693998,20.756044035006333,34.787252437560014,100.0,42.924962662186914,28.977375580300624,-60.246066791758004,46.25199124434093,57.16651970483331,28.010734903324575,3.2358538977384157,65.78296206224071,Unfeasible shape,GPSampler,PRUNED
4080,4080,6.0,2026-04-21 18:56:26.134927,2026-04-21 18:56:26.263142,0 days 00:00:00.128215,-36.764298924196694,20.931703314357005,35.63836957017611,99.97377590186396,42.6958061828375,28.528514277227004,-60.304166739435715,45.68252700973495,56.66353276329969,29.318689623959195,3.060422500474182,65.06079388617822,Unfeasible shape,GPSampler,PRUNED
4081,4081,6.0,2026-04-21 18:56:26.450331,2026-04-21 18:56:26.595074,0 days 00:00:00.144743,-36.763208476304186,21.031744222712586,34.92966389568827,100.0,42.733278859030044,29.172393568491366,-60.36197263111177,45.942478212123525,57.19221267632354,28.442120573035222,3.1519133717432197,65.6275791765975,Unfeasible shape,GPSampler,PRUNED
4082,4082,6.0,2026-04-21 18:56:26.767751,2026-04-21 18:56:26.910239,0 days 00:00:00.142488,-36.78003585910323,21.03017568333145,34.740679243867945,100.0,42.63925935654695,28.992088202689594,-60.306400643338975,45.98530768287641,57.20970860973303,28.339791925038078,3.1335130260713484,65.74553154237417,Unfeasible shape,GPSampler,PRUNED
4083,4083,6.0,2026-04-21 18:56:27.143101,2026-04-21 18:56:27.284528,0 days 00:00:00.141427,-36.78881848054342,20.894068443509234,34.91521305442669,100.0,42.77323236070209,29.32209726750913,-60.33620905287919,46.07552239788048,56.88804048732698,28.61069276130035,3.079577239914265,65.57063866574438,Unfeasible shape,GPSampler,PRUNED
4084,4084,6.0,2026-04-21 18:56:27.503913,2026-04-21 18:56:27.731492,0 days 00:00:00.227579,-36.76938751276949,20.963216911312387,34.554555650437706,100.0,42.97016907752182,29.046235336090085,-60.402188120910274,46.236261219694,57.373357620633996,28.401837918030175,3.1555031786139054,65.8647274177987,Unfeasible shape,GPSampler,PRUNED
4085,4085,6.0,2026-04-21 18:56:27.948150,2026-04-21 18:56:28.106039,0 days 00:00:00.157889,-36.60400353216657,21.270194380909494,34.88491878914892,100.0,42.64184275051101,28.948282448805877,-60.740567561551046,45.72731727385698,57.22473275871157,28.281145364238565,3.077675528573728,65.65977455292608,Unfeasible shape,GPSampler,PRUNED
4086,4086,6.0,2026-04-21 18:56:28.332422,2026-04-21 18:56:28.510646,0 days 00:00:00.178224,-36.76800483620169,21.28578475087542,34.47626087451248,100.0,42.69251096258714,29.322883922253133,-60.360835859294035,46.523238178313846,57.23448056316356,28.272778838895825,3.160822831601685,65.67866721278116,Unfeasible shape,GPSampler,PRUNED
4087,4087,6.0,2026-04-21 18:56:28.784298,2026-04-21 18:56:28.943120,0 days 00:00:00.158822,-36.91068770633667,20.78655822840023,34.82590009137856,100.0,42.565621548786496,28.98243031074326,-60.491439761711675,45.920895362594855,57.13401132339536,28.629146414839607,3.1190786311411998,65.7726854535725,Unfeasible shape,GPSampler,PRUNED
4088,4088,6.0,2026-04-21 18:56:29.161352,2026-04-21 18:56:29.366099,0 days 00:00:00.204747,-36.65524406278792,20.933368150266936,34.723408981926795,100.0,42.802584924879994,28.771875235456186,-60.629683279189564,45.51185785977253,56.729797134049534,28.17852446815752,3.0103462305936475,65.70855258954937,Unfeasible shape,GPSampler,PRUNED
4089,4089,6.0,2026-04-21 18:56:29.643608,2026-04-21 18:56:29.775189,0 days 00:00:00.131581,-36.67119145929563,21.08535806533375,34.64333732043121,100.0,42.77413968901821,29.04135047135567,-60.4049094243172,45.868025918138024,57.22273732100713,28.412104597272094,3.1359485302816594,65.55771733065224,Unfeasible shape,GPSampler,PRUNED
4090,4090,6.0,2026-04-21 18:56:29.953891,2026-04-21 18:56:30.136877,0 days 00:00:00.182986,-36.75867148730593,21.24326314917801,35.118778678815744,100.0,42.798156711190586,28.810136716875995,-60.333288624378724,45.798561367506736,57.0289529427971,28.868247505204934,3.0146696277514593,65.53971432512147,Unfeasible shape,GPSampler,PRUNED
4091,4091,6.0,2026-04-21 18:56:30.329046,2026-04-21 18:56:30.525827,0 days 00:00:00.196781,-36.728945551488955,21.14947481722603,34.813991978570904,100.0,42.91671736777346,29.110447629098836,-60.293011899571496,46.0914604264511,57.16225550254957,28.49709472737488,3.120448916805259,65.59326008766982,Unfeasible shape,GPSampler,PRUNED
4092,4092,6.0,2026-04-21 18:56:30.727038,2026-04-21 18:56:30.914693,0 days 00:00:00.187655,-36.801501125170205,20.743648625881498,34.86129059079182,100.0,42.69396623432231,29.006175382798745,-60.265840936122885,45.915781484831754,57.096323996719654,28.63754173273858,3.0710145329714607,65.7551197292647,Unfeasible shape,GPSampler,PRUNED
4093,4093,6.0,2026-04-21 18:56:31.099176,2026-04-21 18:56:31.249883,0 days 00:00:00.150707,-36.878778206082416,20.687319744680018,34.82106286597133,100.0,42.76820636407417,28.86939418528729,-60.19125685525994,45.973207797072845,57.15486301963717,28.7784625179375,3.0819864322060795,65.58169467710104,Unfeasible shape,GPSampler,PRUNED
4094,4094,6.0,2026-04-21 18:56:31.464462,2026-04-21 18:56:31.599560,0 days 00:00:00.135098,-36.7672767317525,21.120182084206363,34.9035147102215,100.0,42.73565933645205,29.033184904680752,-60.38676370696734,45.82584541825295,57.016643734206205,28.53231989337161,3.1186583903637626,65.6142789716292,Unfeasible shape,GPSampler,PRUNED
4095,4095,6.0,2026-04-21 18:56:31.813667,2026-04-21 18:56:31.989127,0 days 00:00:00.175460,-36.76563508546637,20.82693631511995,34.88452115186918,100.0,42.88900304192037,28.917762087360643,-60.41741862403801,45.980975021554514,57.19108328127811,28.41720219172597,3.108887607353104,65.61072110970805,Unfeasible shape,GPSampler,PRUNED
4096,4096,6.0,2026-04-21 18:56:32.182332,2026-04-21 18:56:32.324845,0 days 00:00:00.142513,-36.78242978903794,20.996407488974796,34.75402891906678,100.0,42.767922052373535,28.93727818845047,-60.396076025225234,45.83360778535997,57.13842942244001,28.412248489998838,3.1187320391056943,65.61109501447085,Unfeasible shape,GPSampler,PRUNED
4097,4097,6.0,2026-04-21 18:56:32.526262,2026-04-21 18:56:32.692986,0 days 00:00:00.166724,-36.74721535757154,20.851991217342807,34.93591501506536,100.0,42.64223452849272,29.15909152282193,-60.7383285176311,46.201684277608955,57.15088317170377,28.27308549762356,3.02534575270181,65.50707526080788,Unfeasible shape,GPSampler,PRUNED
4098,4098,6.0,2026-04-21 18:56:32.869804,2026-04-21 18:56:33.026315,0 days 00:00:00.156511,-36.71278253981956,20.89514212088705,34.84770141143366,100.0,42.55864240062849,29.13353083920235,-60.267005530339716,46.01465090734428,57.18289888934459,28.104023037721102,3.1976326928312915,66.03926528072742,Unfeasible shape,GPSampler,PRUNED
4099,4099,6.0,2026-04-21 18:56:33.219035,2026-04-21 18:56:33.376811,0 days 00:00:00.157776,-36.815884382912486,20.638959163624243,34.93048865074044,100.0,42.771802288822975,29.100588678368908,-60.36890464985049,45.85328294210025,57.15123798432614,28.616129372477786,3.1292134719334044,65.74339134424069,Unfeasible shape,GPSampler,PRUNED
4100,4100,6.0,2026-04-21 18:56:33.576053,2026-04-21 18:56:33.686316,0 days 00:00:00.110263,-36.76705815857795,20.943621552247933,34.766741292814764,100.0,42.721513777103176,29.133287900285417,-60.307359130664466,45.97843968471247,57.19368092517241,28.22853028151429,3.1147350149182387,65.8281839153545,Unfeasible shape,GPSampler,PRUNED
4101,4101,6.0,2026-04-21 18:56:33.902209,2026-04-21 18:56:34.116450,0 days 00:00:00.214241,-36.78469102725303,20.555667034601207,34.891452879165044,100.0,42.66310671098078,28.780313411370273,-59.99656140766172,46.28349791267489,57.256156914702494,28.814669343606628,3.1120171358233506,65.88960367793314,Unfeasible shape,GPSampler,PRUNED
4102,4102,6.0,2026-04-21 18:56:34.302286,2026-04-21 18:56:34.467290,0 days 00:00:00.165004,-36.86041546102363,21.039064460527438,35.01283352952478,100.0,42.87304910720993,29.08936845398634,-60.39829009555377,45.73669118488137,57.15759386326845,28.49182022573697,3.062215827438159,65.64797916756488,Unfeasible shape,GPSampler,PRUNED
