,number,value,datetime_start,datetime_complete,duration,params_highPt.lL1,params_highPt.lL2,params_highPt.lL3,params_highPt.rA2,params_highPt.rL1,params_highPt.rL2,params_highPt.rL3,params_highPt.x2,params_highPt.y2,params_lowPt.lL1,params_lowPt.lL2,params_lowPt.lL3,params_lowPt.rA2,params_lowPt.rL1,params_lowPt.rL2,params_lowPt.rL3,params_lowPt.x2,params_lowPt.y2,user_attrs_prune,system_attrs_auto:sampler,state
0,0,,2026-05-18 17:46:36.454684,2026-05-18 17:46:37.092236,0 days 00:00:00.637552,99.6150398544736,72.08324115207844,175.59836215956992,-81.45006837900063,44.45870794543305,124.93285507958845,115.66613475113374,-17.79531318212402,47.88810200614025,129.21205348413505,1.0777731259566914,9.439461342934953,-39.789275643191466,85.13104257044901,53.537208180040075,139.4677471606341,-56.4017052044476,102.97852158307175,Unfeasible shape,RandomSampler,PRUNED
1,1,,2026-05-18 17:46:37.218663,2026-05-18 17:46:37.473246,0 days 00:00:00.254583,180.72161886205424,163.26744203518837,53.70762532469638,-61.3771665820185,184.0121057937816,92.9600020269325,43.36145303268319,-47.10183191997176,149.9284680782511,180.04826043153355,189.66143233181552,54.82000652576917,-57.51533079742053,14.28521050042978,174.97681060821083,86.52310346912115,-35.91383139269276,15.63124481099106,Unfeasible shape,RandomSampler,PRUNED
2,2,,2026-05-18 17:46:37.603480,2026-05-18 17:46:37.909238,0 days 00:00:00.305758,103.98911134887672,104.15242916165282,32.6879854713562,-24.519605816948413,193.297104291236,83.41273300552419,3.806775031452458,-17.59820428842734,157.31295282952217,22.726712979178824,146.18666230602852,99.46036310007642,-80.74216765137975,40.579942667966336,55.05438555234144,7.417386474944935,15.711958367602946,92.06598694512485,Unfeasible shape,RandomSampler,PRUNED
3,3,,2026-05-18 17:46:38.039266,2026-05-18 17:46:38.293939,0 days 00:00:00.254673,14.363233308438781,185.77178082175578,121.64432157772765,-47.68769068809749,74.73373361648845,123.94840233410766,21.808394623956442,-44.16575085380555,131.30285371856326,22.66976497962026,117.14368630680444,191.58768525320005,-61.407674561564235,138.50739665215522,57.5046627516169,51.91853263672875,13.382322480890494,92.66855725897778,Unfeasible shape,RandomSampler,PRUNED
4,4,,2026-05-18 17:46:38.462796,2026-05-18 17:46:38.748348,0 days 00:00:00.285552,46.88749311823874,178.39251019041967,53.18154701867568,-69.08487704667284,23.65321104370813,185.85818164339767,6.1459120816897865,-18.819008747465098,124.83901830434465,43.26537715735859,128.65510748079294,56.43075771018471,-83.27919462326558,112.10271217372883,12.381150222049666,196.81483384124496,-22.06556087404703,36.30617453976106,Unfeasible shape,RandomSampler,PRUNED
5,5,,2026-05-18 17:46:38.876752,2026-05-18 17:46:39.141322,0 days 00:00:00.264570,49.09794937570443,153.5257639887205,167.0734358572803,-56.21372641760211,64.99537913371711,121.29620458656385,156.7931907650397,-38.47359213194463,87.56661887725456,195.88478411473656,78.8741578111511,61.41220666174773,-52.86632104803335,161.14830672694598,180.46058189410365,197.4892136882884,-21.9862936717536,66.08852824876826,Unfeasible shape,RandomSampler,PRUNED
6,6,,2026-05-18 17:46:39.285318,2026-05-18 17:46:39.595534,0 days 00:00:00.310216,16.06748648593164,20.11070132321205,134.186550990878,-0.28224914614359875,151.11489638065862,165.0852960889853,5.6541595866995085,-14.904876162343896,-4.149782685772392,16.906563389106736,175.21230728917408,33.33528615016522,-43.07055012761061,119.78788149280315,1.1252570243691953,139.2256552514011,15.375454633296343,16.052502347501218,Unfeasible shape,RandomSampler,PRUNED
7,7,16.027618807808487,2026-05-18 17:46:39.740331,2026-05-18 17:47:41.133444,0 days 00:01:01.393113,157.26737803686368,134.61916177941936,69.16659205327123,-87.58754066315882,182.0574668285244,195.4231073277848,134.604230210085,9.160565962878024,6.006493685989572,133.59515045787901,46.53738230034932,35.17679280722061,-72.53408565077095,12.143180653188587,79.47294738057256,102.50852061062098,-21.468839131212,61.06867551728857,,RandomSampler,COMPLETE
8,8,,2026-05-18 17:47:43.181517,2026-05-18 17:47:43.402803,0 days 00:00:00.221286,194.81701224593857,134.5250352267287,198.8786070084507,-2.4888846368938147,13.652470369907277,41.10895542452046,98.4692731735614,-28.19012835218432,126.66649823536471,32.59897409342822,107.04408899979457,22.677857739282565,-43.85267308852843,124.01767483886348,97.7316927767849,64.45259905875129,-2.1651288073182684,73.03911192003842,Unfeasible shape,GPSampler,PRUNED
9,9,,2026-05-18 17:47:43.552464,2026-05-18 17:47:43.793464,0 days 00:00:00.241000,97.3874411398245,73.94200413264069,159.60268073225387,-10.01633635394704,174.19368153006664,54.48291177145623,185.29010094775327,9.836677876729723,30.015432345307275,158.37342691188653,66.07463153395426,166.55906382845342,-14.356369653960996,93.2576043396942,71.09666643358412,168.89196852934782,20.557975064076913,13.023811417195862,Unfeasible shape,GPSampler,PRUNED
10,10,,2026-05-18 17:47:43.930486,2026-05-18 17:47:44.228201,0 days 00:00:00.297715,173.75698073925417,197.26761712495716,71.80962399811524,-34.57108884165129,95.5396267396523,63.58767036984544,12.56968814553373,-43.09174446326777,25.99740253691637,103.68156840162729,24.741542525511523,192.77974240363292,-2.0729122003505154,79.16390198440477,24.69127369052505,143.80646651989832,8.189331136163716,35.527542216066344,Unfeasible shape,GPSampler,PRUNED
11,11,,2026-05-18 17:47:44.362498,2026-05-18 17:47:44.674350,0 days 00:00:00.311852,149.5278959966319,82.11107431867055,141.82975147998903,-9.95572355023441,199.29837287909888,165.6384253244373,12.642003436599328,-11.590490792956771,59.38557357652789,43.475538091707335,139.22161791114297,11.590514656295227,-85.95893112670296,135.18935212849053,181.1731139842142,7.048042391026596,4.933765945755226,58.434105711369284,Unfeasible shape,GPSampler,PRUNED
12,12,,2026-05-18 17:47:44.814530,2026-05-18 17:47:45.115245,0 days 00:00:00.300715,70.31651970490559,56.819333835704214,88.15199590241755,-16.41914083987288,43.464845369663074,85.9307114789402,72.73920285536556,-54.16151019276637,3.7431396892960755,161.5098826210776,54.74956731399786,191.76161221934638,-26.428619494103685,133.68924796032118,20.739500480072763,199.20953593847375,-26.088406750677578,45.678688843316706,Unfeasible shape,GPSampler,PRUNED
13,13,,2026-05-18 17:47:45.271604,2026-05-18 17:47:45.587693,0 days 00:00:00.316089,138.452546106006,72.6596099626222,32.76548766100234,-1.4817382175087062,167.56523804817388,137.47418185319077,48.49357166115531,-30.343212942427236,3.6208602111312853,72.80187564093019,118.15650054999433,74.11296269067203,-45.08635114613168,55.49677058632756,99.4346973700915,170.7580301996683,-51.217551714519324,103.45990188874214,Unfeasible shape,GPSampler,PRUNED
14,14,,2026-05-18 17:47:45.725185,2026-05-18 17:47:46.304563,0 days 00:00:00.579378,167.64567786441322,153.54927972786757,98.0825137733822,-66.9402692348901,140.75553347760635,187.1589927486112,144.66154001873792,20.670094344357793,20.415805641315735,192.04744247243215,174.23594225180716,48.5095618926264,-74.19945867750722,20.593284371867295,179.36511366623333,1.2993362692713568,-15.339439623486037,23.73672542655752,Unfeasible shape,GPSampler,PRUNED
15,15,,2026-05-18 17:47:46.449595,2026-05-18 17:47:46.699195,0 days 00:00:00.249600,16.457903108030543,20.743827099135938,137.4748402920017,-48.809864095853044,122.98726709740212,4.2080133355530425,104.36783579227084,-58.4856671718943,34.65858271641236,191.12576508732792,188.02148030342073,136.35142880843523,-31.5091943458919,63.40236566129667,129.57994500756925,50.676627471100154,-12.256870859122841,56.95165769240454,Unfeasible shape,GPSampler,PRUNED
16,16,,2026-05-18 17:47:46.851517,2026-05-18 17:47:47.167501,0 days 00:00:00.315984,41.615681776901866,127.86855502619737,72.33849571134878,-53.9993594068675,198.3026524019338,65.96347607168313,86.90479520747547,-35.361543122513666,25.90796800604293,167.73342051402688,41.34677099792095,199.21116211601608,-83.77948452650568,117.06471230780566,187.95074582418312,151.34086629357714,-26.779045468924686,5.178604766489293,Unfeasible shape,GPSampler,PRUNED
17,17,,2026-05-18 17:47:47.324549,2026-05-18 17:47:47.621578,0 days 00:00:00.297029,25.86899470187686,138.6550853113241,44.84391006222696,-9.668010890587738,112.77210873938562,139.66765126876834,8.964258039013158,27.140880014734336,136.76567686710092,104.36649766074427,130.1958338756026,191.14746548456537,-84.7309785832708,130.57037194067954,104.93810617308304,163.69012593092535,-31.153740175968224,48.162426139544664,Unfeasible shape,GPSampler,PRUNED
18,18,,2026-05-18 17:47:47.802881,2026-05-18 17:47:48.094172,0 days 00:00:00.291291,67.60463810196052,135.4272553894307,92.08547225844094,-64.05188117406101,150.44103080858764,47.158001488976275,192.6917769078976,1.7966769954795652,60.222345090342685,168.94219622993504,58.26148057282736,27.363900893434373,-28.522154475099015,89.33801044246628,196.05623978937334,20.97587087776216,27.80941430254687,12.130857036234634,Unfeasible shape,GPSampler,PRUNED
19,19,,2026-05-18 17:47:48.237164,2026-05-18 17:47:48.534903,0 days 00:00:00.297739,28.24723893787259,31.740684334548032,155.77141888757603,-40.124453096879954,145.90228268420154,143.21581878913568,150.78758265914962,-45.58398361370353,13.550458658832518,68.972328615108,55.26841423873741,133.29081634766658,-41.84383180854906,162.65682420169344,164.1183519491225,83.51861497589987,26.14409595139756,78.14956618509943,Unfeasible shape,GPSampler,PRUNED
20,20,,2026-05-18 17:47:48.701763,2026-05-18 17:47:48.996595,0 days 00:00:00.294832,30.594911352166964,149.05445897256132,84.87492715259964,-57.51988239666893,193.91285537535222,164.83581430831342,187.85212887843429,-10.83655583328455,3.723462637846886,198.43135490614335,126.36897188754762,56.25208622147848,-6.667700724680472,12.713884676657754,175.1463900599707,192.67671786636419,-13.173466143554158,-2.7000186904068935,Unfeasible shape,GPSampler,PRUNED
21,21,9.49766074253633,2026-05-18 17:47:49.140910,2026-05-18 17:48:47.431705,0 days 00:00:58.290795,109.83219797942681,39.02307011383107,173.61595963533614,-76.0269719652734,191.6999002494314,111.41865549254845,36.11808355254804,-19.104404191892215,50.06951944265705,78.36153278095694,11.941492387433176,113.7573174671032,-61.8932196788325,12.911279777542854,92.80250526739982,39.8856217190378,-34.99987193957135,-4.233558265873345,,GPSampler,COMPLETE
22,22,,2026-05-18 17:48:49.036515,2026-05-18 17:48:49.260551,0 days 00:00:00.224036,146.1257550005319,125.81221656929131,99.0695393243968,-20.967473453114934,86.21958057208612,153.7459275448294,50.89008799117696,-53.523470150227844,27.736767087355027,2.3821371351511766,70.16669752512882,147.9075157837226,-70.407519184042,58.95619594741255,159.38515762499614,35.07920990048146,-16.460063260637718,81.23424407928886,Unfeasible shape,GPSampler,PRUNED
23,23,,2026-05-18 17:48:49.410638,2026-05-18 17:48:49.724621,0 days 00:00:00.313983,188.07858266343484,78.67549039514675,66.00649122315802,-89.10163013141829,193.29543144881512,24.589467519185373,126.63073383380157,9.56313895304632,139.40155956972882,146.8417832444865,27.774116295542857,63.76445423831871,-7.3684128455992095,30.438648691245028,30.539657521774064,48.726027601932635,-59.71606267818829,41.4401468025827,Unfeasible shape,GPSampler,PRUNED
24,24,,2026-05-18 17:48:49.870217,2026-05-18 17:48:50.099301,0 days 00:00:00.229084,16.34658434293201,184.15681964876174,13.384870028713186,-83.9406329354057,29.946656630573415,49.581547268775516,153.01726276226378,9.94860778440163,70.2830824355589,177.4772335871455,116.18841985963134,17.134264007708037,-82.2939488812473,171.5565353355208,167.36823862731953,106.28297976007046,14.409820186027275,62.952670727280605,Unfeasible shape,GPSampler,PRUNED
25,25,,2026-05-18 17:48:50.246271,2026-05-18 17:48:50.551306,0 days 00:00:00.305035,50.04760526810902,114.95289529336107,166.37121860974514,-74.76444602989312,38.93266132773483,149.4198217645044,45.89812730471493,15.202031574903614,0.9861625292285048,121.86155196445462,25.766774981545193,182.72592676173633,-88.41597980778822,117.67946475263236,29.414196521954914,41.446748755149166,22.586580623560195,48.78368488905713,Unfeasible shape,GPSampler,PRUNED
26,26,,2026-05-18 17:48:50.682514,2026-05-18 17:48:50.939171,0 days 00:00:00.256657,180.53048631018686,103.31509160389474,187.37772053463362,-25.986312499454385,10.326389079298409,180.94145850775408,116.22302538802829,-43.44413148517978,45.005344761611255,164.3554619917218,22.927661804711843,17.81920350317802,-9.341563457671654,165.947951157104,197.37495708753696,172.75657816067562,-27.25432060248138,43.9481658010533,Unfeasible shape,GPSampler,PRUNED
27,27,,2026-05-18 17:48:51.092061,2026-05-18 17:48:51.360627,0 days 00:00:00.268566,84.03461181332523,28.288160320690935,39.63859705020691,-41.89324409963208,104.45281971770825,65.62385908139751,95.04227387328747,2.174184857931941,128.09796823980727,191.61940910301254,31.53759366828201,51.47135034531956,-52.44770379179213,122.72397681692534,150.32462018015272,109.04996586882314,-12.39430327043246,57.38063516740131,Unfeasible shape,GPSampler,PRUNED
28,28,,2026-05-18 17:48:51.498260,2026-05-18 17:48:51.808606,0 days 00:00:00.310346,166.51982088687845,77.43469879174498,62.793382766412066,-65.87266590766728,157.51604774714525,153.1625689250845,6.502061961565805,-2.1447609337696463,88.300697526614,167.90138218414012,79.89419323239191,107.35838822739086,-81.62659897477133,40.59803888705172,69.4532757902912,25.012746299197318,-42.41700503370863,87.34055616677335,Unfeasible shape,GPSampler,PRUNED
29,29,,2026-05-18 17:48:51.949508,2026-05-18 17:48:52.217375,0 days 00:00:00.267867,120.95600130537562,162.56387885080218,2.4916903319096315,-62.92040565905837,72.3633158834778,197.28661924025886,56.54947769732193,-16.528232779230493,47.529592329188766,122.05502913522191,175.8697867693331,195.57327427753722,-17.320715396979367,71.42910591323319,142.01671944605798,43.28618340814166,10.418936588147673,26.066052265144506,Unfeasible shape,GPSampler,PRUNED
