,number,value,datetime_start,datetime_complete,duration,params_highPt.lL1,params_highPt.lL2,params_highPt.lL3,params_highPt.rA2,params_highPt.rL1,params_highPt.rL2,params_highPt.rL3,params_highPt.x2,params_highPt.y2,params_lowPt.lL1,params_lowPt.lL2,params_lowPt.lL3,params_lowPt.rA2,params_lowPt.rL1,params_lowPt.rL2,params_lowPt.rL3,params_lowPt.x2,params_lowPt.y2,user_attrs_prune,system_attrs_auto:sampler,state
46,46,,2026-05-18 18:22:38.399321,2026-05-18 18:22:38.651416,0 days 00:00:00.252095,127.34917113915624,108.51294617746741,60.13118300775438,-47.30129347542586,114.15094870280116,9.78703107562114,106.86299460480711,5.363144401540566,52.325537411772196,129.32213523440703,3.75065542604602,110.3592869534293,-6.389615064043454,71.15532856772859,91.40858892055333,103.62450477685775,-35.5198281364615,47.22290806581727,Unfeasible shape,GPSampler,PRUNED
47,47,,2026-05-18 18:22:38.796174,2026-05-18 18:22:39.040486,0 days 00:00:00.244312,68.237870355501,53.08525976387281,174.84620459599086,-12.627910386773166,196.05420785322883,51.44091634874318,164.06911855568913,3.534536457676566,59.37911981441796,9.05743429046427,12.012008608827717,137.39808850188533,-42.59106943208658,147.2074043714832,63.154540458278376,18.259515270446308,7.896943458368,14.769655644399823,Unfeasible shape,GPSampler,PRUNED
48,48,,2026-05-18 18:22:39.609676,2026-05-18 18:22:39.882713,0 days 00:00:00.273037,84.0321350478686,134.81701274543605,56.68222222307155,-84.10623649274078,39.89365682973913,181.22409197326584,16.717393750454317,-12.022037620654928,105.2712481026931,42.82550166377675,68.74098806118616,31.182570726854337,-57.61184217665764,48.61700812025971,104.64632445203308,53.51137862328677,27.60098989947798,108.3925150739493,Unfeasible shape,GPSampler,PRUNED
49,49,10.987163128680375,2026-05-18 18:22:40.077795,2026-05-18 18:23:30.387640,0 days 00:00:50.309845,98.96728717189559,98.55972355310544,136.29208581713888,-29.979540385774683,167.51742884732678,17.95241459265042,150.14767450962654,6.964980785295566,155.7698735183263,78.92476024906045,80.43027167314324,84.71153393390647,-45.297106575886644,31.76670696707447,20.020879105978707,23.99767980527046,-7.987100924481602,75.42623252652461,,GPSampler,COMPLETE
50,50,,2026-05-18 18:23:32.035882,2026-05-18 18:23:32.261453,0 days 00:00:00.225571,196.12966668532508,182.13469545930158,132.5632740354862,-8.993129653103779,184.4895940005771,40.54776142670702,140.60767701079726,-31.492877573589965,21.195914748760927,63.02741070837684,86.84814218205598,131.61755493905312,-24.6180475495592,145.58917996324197,146.90477531563994,29.16608475665126,7.044764291280771,78.46233527375249,Unfeasible shape,GPSampler,PRUNED
51,51,,2026-05-18 18:23:32.400722,2026-05-18 18:23:32.676356,0 days 00:00:00.275634,190.79841520265202,51.3309594677715,63.77920486753907,-14.810722026244875,173.96140424556333,86.24200431389075,94.45064164410877,2.415035222087184,109.01219944722892,124.90737382972134,95.08043969064605,101.3001835396414,-62.79711737455653,101.0123492789965,9.089742989889634,134.1458087511502,-9.293656104988848,40.71055792853145,Unfeasible shape,GPSampler,PRUNED
52,52,,2026-05-18 18:23:32.841421,2026-05-18 18:23:33.105371,0 days 00:00:00.263950,187.96742981464737,179.16766845856668,14.44786878738971,-77.886844862214,7.484365912402381,115.48217293160081,80.59895795266702,-19.517817439241135,136.18712949369223,97.36153124544006,71.00413531203526,67.24132950538892,-30.703512912430917,56.43577627670894,73.41989724460922,114.57298570631747,-1.5850145764474846,17.60759016896385,Unfeasible shape,GPSampler,PRUNED
53,53,,2026-05-18 18:23:33.328005,2026-05-18 18:23:33.599729,0 days 00:00:00.271724,55.7411580885905,160.20998697668034,193.2763060355058,-7.4385543235999165,58.61770796838244,175.59267685195383,56.47844326695957,19.567038293617472,136.03474389690982,112.66941283412555,36.589159196955954,106.089402447654,-20.541356011886222,5.030023115672396,44.63769150623908,103.37796987937664,-51.916134256662666,12.353494959670208,Unfeasible shape,GPSampler,PRUNED
54,54,,2026-05-18 18:23:33.777407,2026-05-18 18:23:34.024655,0 days 00:00:00.247248,110.00685769415617,178.32777964112245,1.1085946245232856,-11.392798758092312,67.22196798177409,64.28688012951218,79.74506776943028,21.741722245756065,5.5314178585652165,109.77425320772068,110.36830247384339,144.04515237027988,-61.55894118200996,101.66469463397317,109.17138097199968,57.60842686439394,-6.80559867149222,107.10230367415038,Unfeasible shape,GPSampler,PRUNED
55,55,,2026-05-18 18:23:34.159162,2026-05-18 18:23:34.402718,0 days 00:00:00.243556,56.38128222952088,76.24962459750813,95.50862450614564,-61.30489075531408,16.13846058877064,16.637316128799384,33.53322590313196,1.5269353244753532,86.96227324193157,44.85506929609184,105.46967001209289,92.73343240318654,-13.39861566141731,113.8980774600748,112.693585366566,31.060784938111116,-41.12924869902272,29.650881706174637,Unfeasible shape,GPSampler,PRUNED
56,56,,2026-05-18 18:23:34.574951,2026-05-18 18:23:34.870904,0 days 00:00:00.295953,126.7232471290441,146.36205335997406,81.78477614957548,-15.002656065725546,152.9901697175312,106.05881632748095,9.59698655939028,-2.9644999944563466,48.70659121783123,85.57121530671834,133.1423321779679,21.05705497822903,-74.21056636400787,36.51502537381838,121.49485212845566,49.05776445724374,-37.886297011700904,18.236596014227764,Unfeasible shape,GPSampler,PRUNED
57,57,,2026-05-18 18:23:35.025940,2026-05-18 18:23:35.260602,0 days 00:00:00.234662,20.483384065659695,40.82491439051224,159.39771963258218,-70.73266045715393,181.56943176362745,54.285171512389304,36.696349243109545,-59.30732520798179,111.34337612583121,53.91571620093636,142.03421598279428,7.048888478012725,-42.410361881920046,1.623109276280708,93.47160856251926,19.82078946704472,-20.956323869479803,8.554781091842003,Unfeasible shape,GPSampler,PRUNED
58,58,,2026-05-18 18:23:35.395759,2026-05-18 18:23:35.610656,0 days 00:00:00.214897,21.344362250085418,7.522317128574315,92.19500811993385,-32.44747009963001,74.38014815637877,132.30456715158797,99.09894350479018,13.490202528443135,72.039210175202,107.87910965399578,135.35958963833457,2.1714975142332396,-67.34914589263988,11.768828732994638,68.07894025901177,126.27429390649368,-38.10870556197222,77.15732830225767,Unfeasible shape,GPSampler,PRUNED
59,59,,2026-05-18 18:23:35.756680,2026-05-18 18:23:36.009640,0 days 00:00:00.252960,168.97575599196014,191.24847884389445,186.0023935170462,-36.806014129524385,167.24147849766345,24.95277610532956,100.87279778873854,-35.56252834560294,144.58487072339653,11.626926346141442,88.47458878004191,104.76038598973275,-15.00842658254578,32.25293164409575,123.35112367279592,41.319723021979165,-4.8658390121101505,4.644965373943691,Unfeasible shape,GPSampler,PRUNED
60,60,17.46183088011154,2026-05-18 18:23:36.161100,2026-05-18 18:24:20.772661,0 days 00:00:44.611561,145.7422168726454,6.501770535395854,97.60006618495915,-68.77680532020953,189.27524210196765,31.674591918592167,80.42240265849928,-24.854917696692404,135.3000877751953,133.25119416255862,44.96470910196804,65.45441565660354,-31.505109726954963,109.10320622477985,20.296834153876553,124.5649972484711,-2.5957775386284325,99.34680272885106,,GPSampler,COMPLETE
61,61,,2026-05-18 18:24:22.141155,2026-05-18 18:24:22.365105,0 days 00:00:00.223950,161.96294429984636,62.63168945315959,48.43533575443499,-48.82866042750561,164.92871804090944,176.33788857415857,106.1621883743273,-3.7148769772374735,73.91196009465611,47.92680337684478,112.4240247163447,2.2695594315241756,-28.892028956275823,119.52104188055361,134.95462419535806,74.36257720923177,6.7409687175297535,3.114000277192609,Unfeasible shape,GPSampler,PRUNED
62,62,,2026-05-18 18:24:22.521402,2026-05-18 18:24:22.740435,0 days 00:00:00.219033,91.17449221616685,183.25591952771723,144.04094851377232,-62.45771189654593,143.01454638626754,123.94186782969818,89.91951045543942,2.80259812420622,153.29143278583152,128.76567069561327,113.61451477086547,110.97727979753493,-42.46982692713577,78.84000749702818,120.27306797800048,66.3986099614414,22.78938107807771,60.3003085037475,Unfeasible shape,GPSampler,PRUNED
63,63,,2026-05-18 18:24:22.884051,2026-05-18 18:24:23.157141,0 days 00:00:00.273090,114.36484458835064,17.6763827763335,180.92819801034904,-36.641145838566025,179.35749844080632,176.0831648202118,45.75357531249333,-20.01244003862714,108.72331900352046,57.85307813083544,22.887728568640707,13.3387617529239,-78.8457937733352,103.86892946438584,140.62037454872086,104.40114515880317,-49.18296060234525,26.07076665848885,Unfeasible shape,GPSampler,PRUNED
64,64,,2026-05-18 18:24:23.386719,2026-05-18 18:24:23.671992,0 days 00:00:00.285273,37.93966864019036,101.44118545441563,34.83921890008502,-46.357506834740434,88.9129472110705,85.22037064658001,149.12029213969456,12.934462251108869,44.81837778085083,72.65770708131468,107.46117647216282,144.68337974406836,-82.45382187077988,46.34340437621521,18.33215029883732,8.945965020580045,-12.58078691448177,97.26977079967922,Unfeasible shape,GPSampler,PRUNED
65,65,,2026-05-18 18:24:23.831969,2026-05-18 18:24:24.130670,0 days 00:00:00.298701,1.0715818120544216,189.038717711718,182.2014942118449,-27.329523667958817,107.71763900109842,162.68564078515763,169.96503697760974,-0.9984426209465909,35.18023385004497,119.68687563686893,102.6911711621984,85.46642166862942,-56.315886514522816,54.41715470046535,116.01282995202753,119.48460639031978,-27.953470411124876,17.946741157002744,Unfeasible shape,GPSampler,PRUNED
66,66,,2026-05-18 18:24:24.346258,2026-05-18 18:24:24.647580,0 days 00:00:00.301322,12.252230618398793,191.07466829645392,84.24695056200305,-58.36453472502755,137.29637076256213,110.87260491871359,66.94799089212383,-52.08742814958295,11.362213486118822,43.98209637674693,81.21326994607013,9.96905432610804,-32.040231509756474,48.372572484966376,105.81711487392296,80.32682790907575,-57.50389937092534,4.611046669070657,Unfeasible shape,GPSampler,PRUNED
67,67,,2026-05-18 18:24:24.836479,2026-05-18 18:24:25.083236,0 days 00:00:00.246757,119.51871912253658,22.038813838017017,29.226758274779332,-53.224461574105305,48.03069220356014,199.30526801914033,135.7426080858968,-22.56976328063775,145.54904650786878,77.69940535819752,141.17490424669805,38.06506626984281,-22.37166625568282,126.68988461070099,115.64871917883345,31.186536884076286,-22.89706318000838,105.61607011366046,Unfeasible shape,GPSampler,PRUNED
68,68,,2026-05-18 18:24:25.327754,2026-05-18 18:24:25.570250,0 days 00:00:00.242496,140.20424827394152,1.8063836136007065,65.37194255639974,-62.53203728008222,112.90173192674354,42.197171312733694,53.01945228410887,-40.70820400712941,22.512363004460816,45.82145255522576,116.36995960989228,91.91438151381811,-17.796854950318433,13.962684132124277,140.79916119494223,106.6478922216095,-31.4474536728528,38.496078045343026,Unfeasible shape,GPSampler,PRUNED
69,69,,2026-05-18 18:24:25.719040,2026-05-18 18:24:25.970772,0 days 00:00:00.251732,2.179248923355349,99.55984560726147,180.62258057316959,-35.01278257026023,190.31935833134892,22.551059915011308,10.695498021854181,-8.175809365275803,39.733852847444396,6.828927218678312,16.449939100785755,109.96703440778799,-79.35992465465509,110.81631718241762,91.61967112352762,87.10040115264509,26.628191998012497,6.072799816634724,Unfeasible shape,GPSampler,PRUNED
70,70,,2026-05-18 18:24:26.099140,2026-05-18 18:24:26.355601,0 days 00:00:00.256461,26.84911872504008,131.18129660923776,20.599723129082648,-14.226435398265153,30.327468381998262,84.29038079221213,115.93170966904279,-31.321453060798017,105.61594494730241,97.235620618215,10.506489428495524,62.225631735665395,-16.095593281655297,143.7281840111301,59.19577274939536,116.25552132346594,-3.3199057752423116,79.8640259517568,Unfeasible shape,GPSampler,PRUNED
71,71,,2026-05-18 18:24:26.513438,2026-05-18 18:24:26.781621,0 days 00:00:00.268183,140.95343817406868,20.09129227734148,116.97214456534446,-40.29532815792349,188.13661708015184,42.892495070262676,162.30504458423022,-42.959275524027724,85.38738384562296,110.63168661877681,89.13974453223942,66.38008323910847,-84.0031708920789,6.936548730288023,9.23124768718977,129.01789535131275,-54.30593082363714,30.988122001234345,Unfeasible shape,GPSampler,PRUNED
72,72,,2026-05-18 18:24:26.913587,2026-05-18 18:24:27.154321,0 days 00:00:00.240734,141.41980898338278,41.08811214659363,107.26826282489846,-36.908428719554436,175.46668623602085,186.39470482118205,7.180307326884862,-44.17214992092383,39.95368328116322,43.07107941801757,117.09203986401661,16.642119842768953,-76.93153499636234,73.62234485546388,25.918297824149537,15.725175927695977,28.312693774266023,63.65753648797799,Unfeasible shape,GPSampler,PRUNED
73,73,,2026-05-18 18:24:27.307217,2026-05-18 18:24:27.553598,0 days 00:00:00.246381,188.3069291069198,162.3905204254218,170.44124582789675,-50.16699433311359,98.40552290081007,116.9201138850735,75.90715062341243,-20.460216268781913,118.2097933448974,141.915887752787,107.63707620922564,6.513964591890211,-45.348324980882424,74.3070195183872,1.64312630240169,107.24148454067401,-32.633561426183206,1.2295474873353172,Unfeasible shape,GPSampler,PRUNED
74,74,,2026-05-18 18:24:27.707562,2026-05-18 18:24:27.939868,0 days 00:00:00.232306,108.08927953509006,25.68209524781567,124.55602533484084,-48.968341112158534,65.23494699054454,103.75636628626316,86.55235661351603,-53.35066708546515,2.058134321901779,15.190007160140677,39.9016221520648,90.88376446715169,-23.72528882959871,118.83311649090608,91.03210323479358,68.441484493763,-35.53792722206853,94.7354746937688,Unfeasible shape,GPSampler,PRUNED
75,75,,2026-05-18 18:24:28.078648,2026-05-18 18:24:28.310671,0 days 00:00:00.232023,150.97713937131283,104.01799378016548,106.00747371498753,-81.05487857266543,168.15080148072002,21.68852051615935,30.891011687496754,-51.51541943328391,7.418694442234678,80.8191228339312,122.3781942368197,92.01744360096042,-34.222066188484135,145.74970440101734,76.36438597011214,45.17707404586458,26.939975524098358,104.40133726976481,Unfeasible shape,GPSampler,PRUNED
76,76,,2026-05-18 18:24:28.454286,2026-05-18 18:24:28.669709,0 days 00:00:00.215423,153.24535082822692,24.39795035902962,112.75226253537504,-21.45944603227501,97.60269268877673,172.72220659727807,67.00441761671051,16.59963094202928,103.79693242376939,136.5734531100789,108.21360249352983,4.495885294623612,-50.85546465203859,88.58402731693342,32.58786329219707,109.16932594480267,-27.133796589182957,70.44051083114473,Unfeasible shape,GPSampler,PRUNED
77,77,,2026-05-18 18:24:28.880899,2026-05-18 18:24:29.137225,0 days 00:00:00.256326,87.14524682726754,138.69350723255428,145.07279941091548,-15.195439380200042,56.21042655739403,142.09889724906597,161.17783130587617,-25.539276450105795,128.46979302880544,28.846735006384268,127.33703396603073,79.80730183291993,-78.9262864181669,114.61219720241546,145.65713833786128,24.68012067524263,-25.231214574819774,92.80004388611007,Unfeasible shape,GPSampler,PRUNED
78,78,,2026-05-18 18:24:29.291206,2026-05-18 18:24:29.526834,0 days 00:00:00.235628,77.71008958633466,13.091545444981495,55.221106897222114,-81.40794771939811,175.94848091241374,101.69745492106038,20.704815812561773,-0.6041091015469888,88.48562453527795,111.00184174613916,2.1287072624089234,31.938072215563505,-44.837707689687754,122.4362178723784,64.08742236016914,80.86992492052013,12.30617601305947,109.10316126101137,Unfeasible shape,GPSampler,PRUNED
79,79,,2026-05-18 18:24:29.677181,2026-05-18 18:24:29.917426,0 days 00:00:00.240245,39.86683602536506,44.78985154318331,20.911204734622142,-48.84859983426373,71.1204523037574,72.94991739863548,45.27828860904163,-41.18999405809028,108.84779104678057,109.81165568585367,103.48126922476905,2.4309805469523735,-48.9094921649444,46.330514484945624,134.88126353472944,36.270424537133664,21.838830751174456,0.896919409172888,Unfeasible shape,GPSampler,PRUNED
80,80,,2026-05-18 18:24:30.056799,2026-05-18 18:24:30.301992,0 days 00:00:00.245193,139.17328854028847,20.922940954867947,136.08444747241018,-14.340428961472952,4.379685039165888,160.67448687405138,160.9024920549318,-24.203591252765776,72.40073960586021,27.447074427141793,110.38934176628662,85.97325358115481,-30.83139160266451,42.76464490884469,122.87557504158141,129.0216522316751,-20.99905419182744,95.58055923090629,Unfeasible shape,GPSampler,PRUNED
81,81,,2026-05-18 18:24:30.440308,2026-05-18 18:24:30.697476,0 days 00:00:00.257168,123.10067356990976,120.0425018069708,57.911660395238094,-65.54745879471858,173.52306346039444,133.00649080281082,179.95571931829159,-11.689069916094844,111.3244827102328,141.10281635216626,133.70578397501492,56.031500167877276,-46.57023977094244,112.4711309800695,40.388050207432755,110.92795743867013,-48.04900666988755,38.89955961830931,Unfeasible shape,GPSampler,PRUNED
82,82,,2026-05-18 18:24:30.831890,2026-05-18 18:24:31.075135,0 days 00:00:00.243245,66.26198760571936,33.6759264388692,43.68497721426396,-25.235936275378734,193.70487280517577,182.0705657622238,15.278740658582405,-29.9720081230854,67.15917319405254,147.75695868116594,143.9839082396928,40.33369420844284,-7.370352761665828,119.4372270771948,103.14882069353192,140.3059675635431,-2.248604013205913,66.43976273199672,Unfeasible shape,GPSampler,PRUNED
83,83,29.644592671988892,2026-05-18 18:24:31.215197,2026-05-18 18:25:21.245462,0 days 00:00:50.030265,143.17010324465915,35.479196463141875,38.74128726732913,-75.69958472213952,2.027566893321582,194.86716731071414,40.87066466997335,-28.84972202125892,62.02461840574068,68.40912994010449,20.27614762602575,136.6278338010723,-15.697478068728842,66.0791115316805,49.40337108915038,41.3681267847824,-35.11591756404079,89.98679535553634,,GPSampler,COMPLETE
84,84,,2026-05-18 18:25:23.939319,2026-05-18 18:25:24.250111,0 days 00:00:00.310792,74.26319961622863,161.61040420220655,187.34281771268974,-68.91042636610919,68.15885138276232,58.88862918572569,177.2794414657356,-48.908988748438716,-3.924603538565787,124.72415141717882,132.0273505724151,71.5373173926113,-83.03070072797203,75.78711153006945,125.76309710335156,135.28121438596185,-18.777953630597075,107.81231683662308,Unfeasible shape,GPSampler,PRUNED
85,85,,2026-05-18 18:25:24.400125,2026-05-18 18:25:24.692597,0 days 00:00:00.292472,150.98990679686688,151.594664967593,1.067050978648637,-47.963662835855025,167.5705513371283,13.147627550784238,108.92124107843398,-35.83617163411511,81.17895658889407,25.65259435219249,30.300687268900667,72.87034336309132,-52.17751817561342,45.64896846327304,34.14210444193354,63.87149468204083,-32.31434973630324,22.770853992772203,Unfeasible shape,GPSampler,PRUNED
86,86,,2026-05-18 18:25:24.844239,2026-05-18 18:25:25.070136,0 days 00:00:00.225897,141.43856336988418,91.86913612170909,64.08623565216283,-73.88977893067582,128.4058146331679,162.08286959890432,143.77198980016507,1.7395440509523894,4.77825145327871,94.91450844511049,138.56414355859735,74.42557710887455,-20.276793638610343,139.76803921473754,49.35532521015878,90.3960104718624,-33.56670345826357,8.250684316784252,Unfeasible shape,GPSampler,PRUNED
87,87,,2026-05-18 18:25:25.226989,2026-05-18 18:25:25.464649,0 days 00:00:00.237660,170.6406311556219,157.30441719101825,99.82901966490323,-68.7872533169696,16.780668615509562,114.33795669860554,41.1963152335411,-22.318996769766436,38.66040951314731,26.719990936783727,119.93744986141735,112.60183641144417,-36.51509470887349,145.57443574546224,100.37764141891702,20.86782287598843,-19.01328897221235,9.56332943176156,Unfeasible shape,GPSampler,PRUNED
88,88,,2026-05-18 18:25:25.653145,2026-05-18 18:25:25.928284,0 days 00:00:00.275139,44.14485868824209,170.93744501777553,6.614586582318024,-60.95640310446795,147.05239353641747,61.20282783469308,127.48146098653973,-44.833533257416384,126.39645965378574,15.81099585777085,132.84623476559267,143.7828156653388,-76.50088719869045,146.19465021776924,70.27104944652064,79.48951205485119,-6.112473616417944,87.86311984967404,Unfeasible shape,GPSampler,PRUNED
89,89,,2026-05-18 18:25:26.084096,2026-05-18 18:25:26.338927,0 days 00:00:00.254831,16.81254950028811,110.88853712270407,175.5730140045612,-43.29725110918428,191.91762936479455,196.9056036439186,185.23120638538273,13.113337795180584,151.10504221520867,57.93972477995293,143.22660784583326,1.6459021352655339,-69.1266926627796,25.824111618345917,44.586900719675654,20.341530449421047,-37.47693701039692,43.88178745401075,Unfeasible shape,GPSampler,PRUNED
90,90,,2026-05-18 18:25:26.482573,2026-05-18 18:25:26.711505,0 days 00:00:00.228932,126.21704005937369,47.013923475311685,50.4930898024575,-84.2006091323456,8.771787893890234,48.341181922052165,159.68385048267046,-24.50728463389163,148.58773410663167,132.7605900606011,101.8965415128794,12.149040324387027,-14.766526067839806,98.49135465681248,110.56050292517334,5.512613963222716,-37.394574697518635,14.053003200873029,Unfeasible shape,GPSampler,PRUNED
91,91,,2026-05-18 18:25:26.858576,2026-05-18 18:25:27.141855,0 days 00:00:00.283279,107.99178834594899,130.47201228284007,72.62070545838152,-50.87290196271059,53.5741362204207,26.711814775497018,186.3859032613167,-17.649231258938514,7.742212725715525,32.854734030698324,21.99731266134338,90.40787624809653,-72.63057080996218,76.0843606815847,4.666197254408885,5.794862030800963,-36.92109670632803,33.590363306251156,Unfeasible shape,GPSampler,PRUNED
92,92,,2026-05-18 18:25:27.293918,2026-05-18 18:25:27.582011,0 days 00:00:00.288093,138.7306314819362,147.072098627405,97.69347216429392,-29.789923572397257,166.65574679091827,127.02816232623236,150.47969271315588,-9.213443151669217,2.806599956613212,128.7675493585589,83.00059782648121,26.423616111009206,-49.32027530199534,23.842582901994316,20.343006152895462,85.34875023973794,-41.644478764489406,38.60761261183229,Unfeasible shape,GPSampler,PRUNED
