,number,value,datetime_start,datetime_complete,duration,params_highPt.lL1,params_highPt.lL2,params_highPt.lL3,params_highPt.rA2,params_highPt.rL1,params_highPt.rL2,params_highPt.rL3,params_highPt.x2,params_highPt.y2,params_lowPt.lL1,params_lowPt.lL2,params_lowPt.lL3,params_lowPt.rA2,params_lowPt.rL1,params_lowPt.rL2,params_lowPt.rL3,params_lowPt.x2,params_lowPt.y2,user_attrs_prune,system_attrs_auto:sampler,state
197,197,,2026-05-18 18:29:50.007493,2026-05-18 18:29:50.610989,0 days 00:00:00.603496,60.66004070265567,1.0,129.87336074329212,-62.64228199268173,1.0,18.4803179115635,70.52191290697172,-0.51331082576759,125.86606156094786,87.88238080850154,1.0,124.21182090938873,-64.44915765008741,48.91006747636192,148.8685542691269,150.0,-53.33600829192018,43.759964845161576,Unfeasible shape,GPSampler,PRUNED
198,198,,2026-05-18 18:29:50.784834,2026-05-18 18:29:51.762567,0 days 00:00:00.977733,60.48728325924866,1.0,129.8572674156268,-62.620072712014604,1.0,18.639229997346494,70.4235284571398,-0.535320806343293,125.72426465266352,87.73937410454805,1.0,124.05774374136531,-64.4326656553831,49.03886710849493,148.93615507659075,150.0,-53.30121474595184,43.68741234588731,Unfeasible shape,GPSampler,PRUNED
199,199,,2026-05-18 18:29:51.909521,2026-05-18 18:29:52.441975,0 days 00:00:00.532454,60.71176487600157,1.0,129.93275709201404,-62.64756808322002,1.0,18.606010268453385,70.6327776500654,-0.5017556017355957,125.87762456950603,87.71724786106662,1.0,124.0790832317768,-64.56283886109769,48.866304702927295,148.8269372107324,150.0,-53.423920612743494,43.818213916771136,Unfeasible shape,GPSampler,PRUNED
