,number,value,datetime_start,datetime_complete,duration,params_highPt.lL1,params_highPt.lL2,params_highPt.lL3,params_highPt.rA2,params_highPt.rL1,params_highPt.rL2,params_highPt.rL3,params_highPt.x2,params_highPt.y2,params_lowPt.lL1,params_lowPt.lL2,params_lowPt.lL3,params_lowPt.rA2,params_lowPt.rL1,params_lowPt.rL2,params_lowPt.rL3,params_lowPt.x2,params_lowPt.y2,user_attrs_prune,system_attrs_auto:sampler,state
0,0,,2026-05-18 18:18:52.340393,2026-05-18 18:18:53.234961,0 days 00:00:00.894568,17.013755557114777,43.51961660248895,64.44030473047837,-24.741434741191668,125.45072156578965,122.2289462112072,89.4504089918179,-41.95986802770517,142.18376524661255,35.403726427424786,134.65790653914186,55.45099301216644,-40.162871439333784,37.82830872671879,38.151565090184505,117.15933831929698,-46.478469820578866,21.011094715199405,Unfeasible shape,RandomSampler,PRUNED
1,1,,2026-05-18 18:18:53.369960,2026-05-18 18:18:53.697012,0 days 00:00:00.327052,73.51773516825861,91.49255753101293,116.93414874272855,-15.117362409996318,77.32598951539991,103.40762154343464,113.44201200508472,15.239415831448014,104.66035189096891,107.68841936715476,57.508827249955516,12.161380842020609,-51.31818829797234,99.38470153912434,107.96187924313556,109.4122602658635,-18.521251720646873,47.996328956418445,Unfeasible shape,RandomSampler,PRUNED
2,2,,2026-05-18 18:18:53.844427,2026-05-18 18:18:54.160473,0 days 00:00:00.316046,28.570757691620518,140.1980039990727,128.7971248236176,-25.40116444916358,119.71812697734278,198.78049166121423,151.67226326504746,-44.38481032260292,28.685273167740426,122.88663489040218,94.89952538520863,39.49610120828783,-31.725050557721055,3.167928691175696,23.520016234906176,55.07671893403325,-59.82251916186472,36.832927371911765,Unfeasible shape,RandomSampler,PRUNED
3,3,,2026-05-18 18:18:54.330239,2026-05-18 18:18:54.564334,0 days 00:00:00.234095,102.39626120724807,190.48958944833586,182.21455998970822,-65.9231937977393,13.340721056293749,47.860074647295534,81.23339803890757,10.487014303476116,24.25589706159022,62.74636205653493,120.12673421309515,46.85329381253333,-53.801442443712624,47.341161193935264,138.66936969828174,108.09081274694776,7.550587993334474,31.49840806370934,Unfeasible shape,RandomSampler,PRUNED
4,4,,2026-05-18 18:18:54.703722,2026-05-18 18:18:55.015855,0 days 00:00:00.312133,69.86501697516108,130.71789894299724,180.08379886858629,-76.10481785323233,54.33025095279042,189.65155295213273,39.57809939352303,-56.418270360645195,3.0024640786303323,44.85583801088622,109.0490879127622,135.477304302419,-22.744549047050143,8.513641699552316,41.64798500200207,36.59949000683276,-13.593554097450927,14.17658792194786,Unfeasible shape,RandomSampler,PRUNED
5,5,,2026-05-18 18:18:55.148082,2026-05-18 18:18:55.418352,0 days 00:00:00.270270,195.22289596310915,80.3193462122938,4.680530925106652,-49.60293463398468,121.39959630150193,92.42563766829737,12.556277187009014,25.593397265729067,-0.7996788649025461,125.40876301804916,8.025244848171825,53.41666608370719,-14.433036707557164,141.7743847312443,73.06441135969067,76.96389377047286,26.03050973646735,61.00405628812075,Unfeasible shape,RandomSampler,PRUNED
6,6,28.64210758746197,2026-05-18 18:18:55.552317,2026-05-18 18:19:55.055887,0 days 00:00:59.503570,138.12485491930192,112.03078196032152,63.12258120835783,-45.726590799912465,11.617501751807897,7.960158099816071,147.24296139429396,-8.650437470007837,-9.148660688412573,15.559577411199012,3.4462700924678957,68.31748017376391,-36.05052462944908,127.26094324048411,6.483846412873209,130.92572069667762,8.786496940574182,75.41069647725735,,RandomSampler,COMPLETE
7,7,,2026-05-18 18:19:56.889891,2026-05-18 18:19:57.166001,0 days 00:00:00.276110,128.92678468601508,35.384701452303354,188.0155539153287,-72.87851617370714,77.17920791917184,142.36855575922337,69.99847443744589,6.248883860462598,-9.017840376751122,91.23766593073852,115.11507763137664,76.17507693762579,-45.08276180868316,89.53025948525975,120.29570354415455,89.98181842807188,-28.347527378367996,12.283048162841467,Unfeasible shape,GPSampler,PRUNED
8,8,,2026-05-18 18:19:57.308513,2026-05-18 18:19:57.592049,0 days 00:00:00.283536,56.11029534572361,141.9771213406989,185.5565260587675,-55.277815046649685,54.137556128322494,167.84870742673505,66.08712658141442,11.220155922842054,76.71179474721725,122.98333043853717,16.11608276094148,87.14235971851794,-53.330974823322734,54.12678733048358,111.65181595528483,128.47074307222172,-40.25818527093931,23.551038429278414,Unfeasible shape,GPSampler,PRUNED
9,9,,2026-05-18 18:19:57.722227,2026-05-18 18:19:57.966663,0 days 00:00:00.244436,107.06909518083434,22.005799397399993,21.383941987786013,-5.090443616487477,31.6571945396695,38.13912928706834,53.42073208678054,5.856820271062858,126.60340217622431,98.67440139880635,105.1618680642235,54.16533372412923,-38.56864884260118,111.70358561214026,95.04958840228365,74.96582741649881,-10.629149523442948,77.61260710924215,Unfeasible shape,GPSampler,PRUNED
10,10,,2026-05-18 18:19:58.089549,2026-05-18 18:19:58.361579,0 days 00:00:00.272030,100.6993069755119,110.91293351304333,9.887689700675047,-27.777066880807155,138.03848553532566,82.17127431968754,103.02058266059552,-21.56022995573798,96.44049833549172,115.33604319894485,92.49806778784719,139.9830174028726,-46.148664221130076,42.66238144224921,31.38957597393627,89.41981854640227,-15.46645975309643,96.4811568863502,Unfeasible shape,GPSampler,PRUNED
11,11,,2026-05-18 18:19:58.478293,2026-05-18 18:19:58.717062,0 days 00:00:00.238769,198.73290050545796,72.7721285154268,41.034265181903635,-37.473828388986206,193.1379568471066,57.67648250690141,37.7110348191835,28.73117834663178,152.00997271144809,111.72369779266748,13.397116190311738,10.042995607870537,-50.17193919730117,101.78233449196591,136.36171124051802,143.96185444647662,20.580096681236043,28.774084157770027,Unfeasible shape,GPSampler,PRUNED
12,12,,2026-05-18 18:19:58.841281,2026-05-18 18:19:59.105359,0 days 00:00:00.264078,101.3385092328923,115.18126226966032,151.5887170908465,-24.105352501968497,159.31159445658201,78.85978735039961,152.1667479128464,-33.17809848857651,70.03448857240977,96.40001974145979,141.12242579471538,144.04197996058332,-18.317139133473077,42.792147650245035,85.97291878890135,134.98326304832852,-35.266722248625726,80.41622261483967,Unfeasible shape,GPSampler,PRUNED
13,13,,2026-05-18 18:19:59.240392,2026-05-18 18:19:59.507897,0 days 00:00:00.267505,97.96742416256635,116.22077547185299,59.541537355862346,-81.51798711424826,14.335206622944785,64.22759767760215,130.07822624853347,-12.364970253303945,60.86696419152507,120.60802306711709,8.729222280658288,48.69716147281144,-58.86982153527033,38.76722728329386,110.14787696465497,3.9124012584605348,-52.548237668730536,0.9210409766442531,Unfeasible shape,GPSampler,PRUNED
14,14,,2026-05-18 18:19:59.640281,2026-05-18 18:19:59.927065,0 days 00:00:00.286784,44.65035548824568,26.767836788589236,152.58674341207126,-12.980252299161364,114.48644000571075,134.9307536088634,178.5463507978673,-44.5155726735956,118.60599675948339,100.48710942274337,15.836031037638744,49.16363761212038,-8.22139162033801,108.11500033945843,142.7111571484303,3.2832271149720205,-46.72062162800042,8.914514933727187,Unfeasible shape,GPSampler,PRUNED
15,15,,2026-05-18 18:20:00.059712,2026-05-18 18:20:00.317427,0 days 00:00:00.257715,170.9349389418082,97.80451169129903,169.31299122585685,-69.74257800489283,13.849505521959845,91.65007978668933,140.03228946199252,-1.2740363023130428,8.41782199214408,129.41890949942228,50.39277208486207,49.38633986816851,-34.99313300218244,99.63940754143255,125.57344505750555,4.577038160669671,-4.133555013660555,58.766378320061236,Unfeasible shape,GPSampler,PRUNED
16,16,,2026-05-18 18:20:00.460322,2026-05-18 18:20:00.812098,0 days 00:00:00.351776,151.7411517779404,85.92403003918945,71.59000738049218,-7.889733992028326,12.223102047650903,73.42188904284637,198.98907702507955,8.578204874336137,77.57954330175855,11.952008200426896,120.76972341808332,43.85508075255858,-74.09857744015571,36.777229624850044,122.16734627569045,52.89423525940945,23.212625600551533,97.4173067685338,Unfeasible shape,GPSampler,PRUNED
17,17,31.922139798206064,2026-05-18 18:20:00.952343,2026-05-18 18:20:43.310769,0 days 00:00:42.358426,147.86070111710555,123.68404687159214,143.43600612685907,-67.11312110928262,182.06008866488983,67.29808656202381,143.5915857614381,-10.815051046172087,7.592686149533133,139.83294951684303,49.81599030773689,36.69345787514063,-62.668793906049274,52.751595545917624,107.60725567253554,40.18149279508375,-38.21998002009559,88.32750625864475,,GPSampler,COMPLETE
18,18,,2026-05-18 18:20:44.899865,2026-05-18 18:20:45.161104,0 days 00:00:00.261239,171.5052576125261,52.28314357202682,40.08661982722299,-20.52791453113234,171.1910945210184,1.4371997506204817,43.78781616695295,-17.339312888093907,93.19403788134463,5.367770046629747,81.8940075045822,19.168109258380323,-8.3078889723391,40.87671326210551,15.719333059787049,80.28749805651518,29.496553241585147,38.64693164650646,Unfeasible shape,GPSampler,PRUNED
19,19,,2026-05-18 18:20:45.304988,2026-05-18 18:20:45.524249,0 days 00:00:00.219261,49.55097449939948,1.5860702777854732,165.67832584615962,-9.64422899505459,175.24331995096946,153.89581369013789,175.2942058138338,-38.714441486699,57.235712200823315,10.422263118239238,27.457684446427947,121.4775261935092,-14.174391452908765,35.26791954022464,98.77641245647025,30.38555098502619,-40.477997128038794,89.67343597066032,Unfeasible shape,GPSampler,PRUNED
20,20,,2026-05-18 18:20:45.677717,2026-05-18 18:20:45.922714,0 days 00:00:00.244997,60.091371652565556,174.09076752144543,75.4038996633734,-5.510501129144259,131.00792135816536,133.87326220484448,136.84000884854652,3.9690761680988302,161.3094426738151,111.28213507459171,85.74092655151476,119.94643287318843,-64.09379425504079,127.82210561721449,26.392699456797438,31.027914400256538,-8.207997695599339,-4.2980877395246075,Unfeasible shape,GPSampler,PRUNED
21,21,,2026-05-18 18:20:46.055756,2026-05-18 18:20:46.327223,0 days 00:00:00.271467,42.34229392218937,161.9638717126158,53.329196054708234,-9.977598576254238,8.066556712889208,4.838196465371654,89.20960904387563,14.774098879922462,47.95740849949434,145.4651329545221,38.91511058886817,127.03297736725406,-54.640049812482005,30.7706214299784,68.02731576895289,63.38003369010974,-53.67156947317715,9.11419646774651,Unfeasible shape,GPSampler,PRUNED
22,22,,2026-05-18 18:20:46.447557,2026-05-18 18:20:46.722346,0 days 00:00:00.274789,153.80723683513423,154.0826870467353,192.22755851754843,-14.056376501272865,142.9065208854433,116.2051974207768,55.03772239455479,-39.40918902915934,164.33952643689688,133.32899433787682,113.09745632214042,22.251268554750336,-71.89024429062982,132.17179110205848,130.52103165359685,31.553121344143435,-16.791806482938405,70.58010405820227,Unfeasible shape,GPSampler,PRUNED
23,23,29.219842374656576,2026-05-18 18:20:46.864720,2026-05-18 18:21:36.306312,0 days 00:00:49.441592,193.18337283133386,195.49285268301333,198.97515069000644,-62.66591197812719,124.91683195801103,71.48424340396524,73.79783543123362,-1.301859715698157,104.72465858389054,82.66130424254212,57.87301744619246,125.58838657112638,-20.80937804633163,28.19775158430432,15.124133525764838,143.38949552007028,-36.13657567554168,49.48854337077945,,GPSampler,COMPLETE
24,24,,2026-05-18 18:21:38.081929,2026-05-18 18:21:38.301738,0 days 00:00:00.219809,124.16647492198611,39.00020172058935,163.79216465294041,-28.98931637217403,85.81951485619892,140.95901583489473,59.65870753503056,-1.9484955615186053,151.41078288680717,65.10150786655923,143.71659498143623,144.8223591882471,-64.71733579800718,126.39134309335819,91.46998939637821,114.27080012397926,7.106003893843393,21.492878639351577,Unfeasible shape,GPSampler,PRUNED
25,25,,2026-05-18 18:21:38.446114,2026-05-18 18:21:38.673467,0 days 00:00:00.227353,67.69981208936771,91.74657134659108,87.40409862901829,-66.62570586749574,186.9370550483595,174.32999358843912,85.22107195692193,-32.816264804195086,54.95572949572839,32.15572445483416,50.42348238747713,71.00755535105404,-48.119644650277536,115.3902156259966,104.44172416028634,28.093267992106103,-10.986975635254112,31.342604392731815,Unfeasible shape,GPSampler,PRUNED
26,26,,2026-05-18 18:21:38.809471,2026-05-18 18:21:39.161512,0 days 00:00:00.352041,6.609141150287657,45.42184222326311,118.16811567628908,-29.739785538129553,119.48968819882055,137.35223481664937,143.91013367105833,-34.800005097355665,88.8236650718111,128.9995186361486,111.64538295328424,104.07452843362361,-54.55440382516316,102.57500778797754,87.07044935727824,148.58173237084426,26.902829168755005,31.29301108125734,Unfeasible shape,GPSampler,PRUNED
27,27,,2026-05-18 18:21:39.291422,2026-05-18 18:21:39.519555,0 days 00:00:00.228133,21.371634325756908,8.065125285933693,76.94765717623547,-69.72025915234873,162.63580654063801,71.63412790759322,148.65210885842316,-12.225485922740319,37.09849241861946,94.85120750863597,19.845696143127576,149.3144572626062,-24.67077369331686,27.140584931095063,106.43396828041307,73.68554282161887,-58.75690379552115,14.231509164452177,Unfeasible shape,GPSampler,PRUNED
28,28,,2026-05-18 18:21:39.663047,2026-05-18 18:21:39.938631,0 days 00:00:00.275584,71.16579106896752,27.489902736051597,127.67760980738552,-24.942674860083613,4.606536781484081,35.541579054037506,164.28831764888557,8.382152896334802,142.2831552473015,80.00890696122711,58.39602670634111,54.35982366977969,-75.16826200416116,90.23631094759489,20.735802315610353,110.65312063137489,-39.98371241491073,24.67518241677118,Unfeasible shape,GPSampler,PRUNED
29,29,,2026-05-18 18:21:40.072536,2026-05-18 18:21:40.306401,0 days 00:00:00.233865,66.8182038078077,162.53420348416716,91.9674115388385,-23.520230895165454,64.99087744754826,140.24543718427927,190.30511098902986,-38.00791268343711,92.7642748954869,99.57737181193201,9.20447891744184,88.33297656865658,-13.807081045911403,138.33066834865718,12.506394433262198,33.92159681086653,29.09909834962265,5.6256324397118185,Unfeasible shape,GPSampler,PRUNED
30,30,,2026-05-18 18:21:40.461436,2026-05-18 18:21:40.728234,0 days 00:00:00.266798,61.29188920528239,80.97229341696234,93.62447049229395,-25.277244720686113,179.44725760125942,43.395549796229915,89.41704322037343,-21.981871824185973,60.630446598374604,31.09055906452254,38.12762210497087,104.6014913671621,-67.26976636257261,78.37663725306943,29.071431656344856,104.34541733733407,3.155914711779566,54.979803451318816,Unfeasible shape,GPSampler,PRUNED
31,31,,2026-05-18 18:21:40.859605,2026-05-18 18:21:41.075327,0 days 00:00:00.215722,62.257034207483805,193.30059672436374,179.17540049374242,-68.05663886195418,85.30237481302761,6.079471003683339,90.50067536014569,25.009564986088236,74.33093982027907,48.412350338172,68.53273442201811,5.898752955333058,-54.10301255124854,7.895883188930173,136.61508956736847,94.42955832628596,12.317210447026014,7.2904903813359,Unfeasible shape,GPSampler,PRUNED
32,32,,2026-05-18 18:21:41.212422,2026-05-18 18:21:41.512514,0 days 00:00:00.300092,95.15773717765806,186.95618230033367,13.94627562160243,-80.37309172417197,165.16086801551404,145.7785130925435,28.75277204809087,8.400299354972105,37.36742063814823,26.909859139011164,2.765559900256626,116.7099247196356,-73.93904282363444,116.50740123582895,91.73410220891411,22.666737775378223,3.792774121047003,75.66904881877336,Unfeasible shape,GPSampler,PRUNED
33,33,,2026-05-18 18:21:41.643855,2026-05-18 18:21:41.953742,0 days 00:00:00.309887,52.25053661197894,94.75752995690243,87.70344171953792,-19.109547719525892,14.879904985385284,54.7343375230918,118.3673579664631,2.1457140792318583,166.46740372540668,84.44892359256202,135.23228446732708,144.99105208625778,-49.31197182198129,25.291189589741037,62.3120428205344,75.73968969198972,-11.29850275973375,10.18406160416541,Unfeasible shape,GPSampler,PRUNED
34,34,10.146745466557835,2026-05-18 18:21:42.093500,2026-05-18 18:22:31.025561,0 days 00:00:48.932061,70.84567646097396,10.14967268281684,124.1587295993114,-58.82203560534532,17.901099941021393,23.173760861032225,82.45006798765797,-2.0935625915353526,123.91363919148773,90.11509094127203,6.204368152040003,116.58111277830076,-60.94325642587677,48.33527746449401,128.85751063640612,128.70810309017114,-44.64853741584345,50.16664792885271,,GPSampler,COMPLETE
35,35,,2026-05-18 18:22:32.903723,2026-05-18 18:22:33.143884,0 days 00:00:00.240161,33.8910330052514,97.25390291565131,47.62161815876628,-27.937265715795206,51.681192614380585,90.55733394197999,159.51173755299263,-48.69264259584924,129.54379995962563,48.73855187591817,40.8847636051107,53.09212467207569,-35.6932917923615,111.14365883776867,58.94063128313806,92.59552343948275,20.280505099282195,108.0377078717485,Unfeasible shape,GPSampler,PRUNED
36,36,,2026-05-18 18:22:33.305809,2026-05-18 18:22:33.583167,0 days 00:00:00.277358,126.53825618411507,61.42772228902642,148.60095188663215,-17.662179529752763,67.38957008528912,21.16744378085602,46.15765262354958,20.59896962263217,-1.5445326441332377,65.0687686205228,135.4963162828729,93.5261043564724,-42.37931978896378,19.851721689757298,90.08464598637057,104.87269311382401,-10.042213900214385,23.845804131430796,Unfeasible shape,GPSampler,PRUNED
37,37,,2026-05-18 18:22:33.738476,2026-05-18 18:22:34.021858,0 days 00:00:00.283382,78.04421144043647,1.8307238282551657,6.824756897916478,-8.79572838972092,42.77709351014902,4.2754072743494085,2.9506842434819927,-7.4763981221143965,30.769296480707865,70.81169058892486,122.77873973450097,67.60229059091212,-68.93822230312495,19.830699510108293,119.78780036459129,147.26131651786022,-1.2039434940020044,76.29692785728241,Unfeasible shape,GPSampler,PRUNED
38,38,,2026-05-18 18:22:34.168960,2026-05-18 18:22:34.395013,0 days 00:00:00.226053,48.30961462618676,3.3738633906334665,56.72531055514201,-79.26213265868016,119.11253400579642,146.27962602008927,96.96996920194715,-5.656540055688687,124.6678590559373,118.43248029444902,97.11690157615287,148.66283945098272,-30.145868238316538,3.5291637392885127,21.567433931011163,82.11453531494114,21.041518806590872,1.4134041441799106,Unfeasible shape,GPSampler,PRUNED
39,39,,2026-05-18 18:22:34.530419,2026-05-18 18:22:34.824625,0 days 00:00:00.294206,194.64053402183086,9.554463825696859,115.63142955967483,-60.84538554384312,193.9310709332631,95.71740934745135,170.18483688786745,14.941764186042917,135.18181638495895,4.29567763436865,100.5319928075827,72.66424705163607,-58.07042819867299,4.327734764090653,25.9770208889257,97.13994103723206,11.00077804395643,78.92577876339355,Unfeasible shape,GPSampler,PRUNED
40,40,,2026-05-18 18:22:35.185907,2026-05-18 18:22:35.424479,0 days 00:00:00.238572,103.60837596856035,10.756507809604177,192.67605149287235,-44.360305877916275,7.959976380748916,48.84345387039528,165.3846345218459,1.6108420009533049,61.53083124503095,44.44348913509328,105.96300302277072,68.59791625884704,-55.531013275975596,50.11104983082768,138.3537225228364,142.67585338691518,15.173880442899815,28.70932140688422,Unfeasible shape,GPSampler,PRUNED
41,41,,2026-05-18 18:22:35.625508,2026-05-18 18:22:36.019151,0 days 00:00:00.393643,43.49238498018974,150.11560933838697,14.136268633883436,-75.25581438094103,178.60744280611686,89.92444579023064,84.90537853748937,-53.17665983982903,-6.202928262084198,76.16219340934904,126.34071019632843,82.79646015219245,-16.769107326236337,68.61332546497636,43.45984547467123,112.41691962277045,25.772477779841395,78.95284333559664,Unfeasible shape,GPSampler,PRUNED
42,42,,2026-05-18 18:22:36.412642,2026-05-18 18:22:36.659648,0 days 00:00:00.247006,152.73333100048836,159.21906312638723,31.863971218939835,-53.598077593382556,168.64108383827497,72.15273998756669,76.54601248739442,-8.171135913545555,111.7551786870202,10.397033944229818,21.488859197688868,107.54031453508183,-20.59303708800701,115.59907858677633,113.9945425798529,42.951812252619234,-9.800848037249999,78.8793436836156,Unfeasible shape,GPSampler,PRUNED
43,43,,2026-05-18 18:22:36.827806,2026-05-18 18:22:37.091610,0 days 00:00:00.263804,124.71484001302144,7.2894122870518485,162.03319813234026,-45.33189073389407,119.29324250167052,129.2398154525213,125.09978105144195,20.167227297593286,-1.169445899612974,20.711634346428706,19.003676811492518,65.45558762627788,-6.633703486825084,149.10014838983489,99.14171116415639,5.074731338479077,2.464773305480989,12.464210561475898,Unfeasible shape,GPSampler,PRUNED
44,44,,2026-05-18 18:22:37.453097,2026-05-18 18:22:37.751989,0 days 00:00:00.298892,198.84699400759976,193.77077473073155,195.6526144685876,-23.14852668516871,20.596399622113843,149.19412488550296,149.2231884808019,20.910628078368177,107.61129670504555,144.01509418497955,121.04560567427663,57.26022391270005,-58.06533394435168,117.86530613164656,95.5047804765193,118.77262452002876,-39.33580804138208,97.77239324444481,Unfeasible shape,GPSampler,PRUNED
45,45,,2026-05-18 18:22:38.031499,2026-05-18 18:22:38.265794,0 days 00:00:00.234295,124.59018966605473,189.4303950848691,120.58948726124686,-73.94439331437171,143.51310634507536,81.84091793556364,43.94163944915678,-51.24057119045192,133.7757483902197,4.539035454725851,84.01544647607787,140.29298579674503,-53.609214017471416,116.23069625880095,139.31200580111752,22.078784139057422,-20.930380747042996,89.04096990142972,Unfeasible shape,GPSampler,PRUNED
