,number,value,datetime_start,datetime_complete,duration,params_highPt.lL1,params_highPt.lL2,params_highPt.lL3,params_highPt.rA2,params_highPt.rL1,params_highPt.rL2,params_highPt.rL3,params_highPt.x2,params_highPt.y2,params_lowPt.lL1,params_lowPt.lL2,params_lowPt.lL3,params_lowPt.rA2,params_lowPt.rL1,params_lowPt.rL2,params_lowPt.rL3,params_lowPt.x2,params_lowPt.y2,user_attrs_prune,system_attrs_auto:sampler,state
93,93,,2026-05-18 18:25:27.713038,2026-05-18 18:25:27.996663,0 days 00:00:00.283625,44.89177452377478,102.42112236410078,176.79771902766402,-25.383496742987823,81.43195824319972,160.98786475254636,6.252369050820505,19.825151454795517,93.29902921037456,25.02908966444322,117.26781225292389,142.2910898995674,-80.9273412544174,99.05648499994105,91.15458424194992,103.9762921531066,11.346942493135884,-5.647455931950907,Unfeasible shape,GPSampler,PRUNED
94,94,,2026-05-18 18:25:28.139679,2026-05-18 18:25:28.413531,0 days 00:00:00.273852,11.712290433362146,175.11027934103478,102.48124334117996,-63.13751492994693,103.77593590035573,76.66128884999529,113.1537412737827,-5.336069627135068,62.16370868482696,51.1629026896665,34.82790145897044,144.33968749942588,-54.84592178471378,93.173587898466,77.40665856980786,108.62921181004079,2.2383140031801645,71.4163023219349,Unfeasible shape,GPSampler,PRUNED
95,95,,2026-05-18 18:25:28.573333,2026-05-18 18:25:28.826192,0 days 00:00:00.252859,37.061131199624285,10.570138090700995,77.59333987101587,-72.69706255075972,51.73983653403786,192.34770814727494,191.17349668559459,-36.55246939954593,112.4082601620026,75.39275532786384,139.73687209435045,104.51160472666538,-79.93529873600042,145.0637022555422,100.99135273477427,87.68339642400589,18.601940990353782,101.57401620473682,Unfeasible shape,GPSampler,PRUNED
96,96,17.333086264477707,2026-05-18 18:25:28.979273,2026-05-18 18:26:10.731793,0 days 00:00:41.752520,100.85747022760891,133.0577600058846,86.68317811854179,-74.18648001832997,117.54761551316165,84.59557431757425,8.762827266764333,-57.8073592751032,132.3131904385394,142.355010528504,134.8289905610596,44.04419276751149,-37.85988869486027,44.47174615660951,15.212480983035553,49.95271921130501,-0.6475760553969607,71.09127076524126,,GPSampler,COMPLETE
97,97,,2026-05-18 18:26:11.677789,2026-05-18 18:26:11.919943,0 days 00:00:00.242154,128.4628317377725,53.16516169709626,162.49966978002942,-54.3109479008016,161.75210491160806,170.0034135461021,16.87507344055765,-2.000034848594467,50.839859676114905,134.1889652578397,31.919229357446717,141.7647568329284,-45.869477546130895,64.94573100877565,10.382128677709812,126.06553386044446,26.19697383835158,63.31571794459873,Unfeasible shape,GPSampler,PRUNED
98,98,,2026-05-18 18:26:12.050226,2026-05-18 18:26:12.318389,0 days 00:00:00.268163,82.67960855744866,58.61337002320457,172.17489204886186,-75.19671291396433,107.02386767288176,108.38100214933824,114.74607422971425,-18.579087092696078,58.72995407503987,127.28467812394427,130.95924095959717,88.84727816432395,-13.553581023618747,81.60795496806347,40.056477052153056,83.73892306037993,-52.028145631680985,-2.450885481544267,Unfeasible shape,GPSampler,PRUNED
99,99,,2026-05-18 18:26:12.471470,2026-05-18 18:26:12.763182,0 days 00:00:00.291712,46.41360591637363,57.814835583521315,88.73861037025334,-36.86508271270087,14.781936975633954,192.59565802421423,187.74147806170419,2.280048079957602,126.80304600963478,91.54895113007677,77.24475672423738,65.24822562978831,-43.74264279903417,142.87158911107147,48.851197619264845,31.00796520158324,-4.534295364195593,-5.433147716843614,Unfeasible shape,GPSampler,PRUNED
100,100,,2026-05-18 18:26:12.960356,2026-05-18 18:26:13.202400,0 days 00:00:00.242044,105.2845189692989,172.2784884288826,9.092613105982391,-55.25879220422653,78.22581933188643,186.46792209432118,153.3623211900197,-13.513940006025948,-6.19978061923587,128.17196042570754,132.26912091048106,64.44950253981386,-26.763088871756963,45.05277824131261,61.961530257305014,15.58229078417429,-7.688762960372692,55.65242749732907,Unfeasible shape,GPSampler,PRUNED
101,101,,2026-05-18 18:26:13.341113,2026-05-18 18:26:13.602886,0 days 00:00:00.261773,186.0075038362174,108.88742150694576,113.91001936437878,-17.913424104164108,55.4630238754484,128.54883163060495,36.739658297118915,-3.991717912667582,127.75701128839424,105.68724186793591,41.194548274401534,74.3290321701765,-67.9033792592513,18.857720521748714,133.22333079715702,118.72344079807792,-17.507801166403127,52.79568809700037,Unfeasible shape,GPSampler,PRUNED
102,102,,2026-05-18 18:26:13.745076,2026-05-18 18:26:14.119212,0 days 00:00:00.374136,43.76639058084054,26.29203082135264,65.87938763103776,-52.400420927426545,6.6435814371840145,142.4777550212963,65.82081245010622,26.440024567900366,112.5830591812986,57.489298532056836,28.880037612338388,77.48891515011117,-55.492145802911764,49.630618609112794,41.833572224168236,69.99025303798531,-20.904097739031585,100.03498693685124,Unfeasible shape,GPSampler,PRUNED
103,103,,2026-05-18 18:26:14.284257,2026-05-18 18:26:14.521073,0 days 00:00:00.236816,182.99587061303953,40.24842489071453,91.04002406606661,-79.14255218391833,57.39600240467055,114.7497928403709,199.26330790786557,-9.825821534428037,101.44564973664788,108.9635198291025,76.3808117762252,49.39759931787644,-39.51779425371858,87.7872567241509,119.86399705107009,105.01438689239856,22.66017195057664,13.172850059205047,Unfeasible shape,GPSampler,PRUNED
104,104,,2026-05-18 18:26:14.669420,2026-05-18 18:26:14.996003,0 days 00:00:00.326583,3.9538099549079195,132.05416147488722,187.33742435353372,-9.598798065919738,72.66630140044118,177.49191525442131,81.47484543512438,7.0513075407510115,112.38720309236513,26.319197349691127,1.8464310149044245,88.60920644940272,-18.12498465386423,26.31249197399342,117.78608213224555,129.67756735739326,-7.317912158688081,67.39103034335702,Unfeasible shape,GPSampler,PRUNED
105,105,,2026-05-18 18:26:15.149711,2026-05-18 18:26:15.426914,0 days 00:00:00.277203,116.32142397966747,190.89005987119683,65.41972079236764,-27.39831760375759,150.75250512436,22.134481984199375,182.82637354666622,5.408796011191043,3.723144891274732,19.627295456138683,96.4346894301665,37.91751879718839,-6.543095303317031,111.29482004577184,122.07105774548853,51.72702445743797,-49.47590215370047,99.85864591831547,Unfeasible shape,GPSampler,PRUNED
106,106,,2026-05-18 18:26:15.571187,2026-05-18 18:26:15.927499,0 days 00:00:00.356312,166.03652412174566,141.03388111516816,63.7462888347895,-69.54477269930729,102.09195734837097,184.5966014117533,159.73329150888458,-13.783911833325199,70.4341721407789,2.291457907205435,29.658596492004122,102.79082273031112,-74.89453461382402,15.0206609901203,27.31584724991692,101.88078288762722,-17.820452587988328,7.740798969125532,Unfeasible shape,GPSampler,PRUNED
107,107,,2026-05-18 18:26:16.124669,2026-05-18 18:26:16.353899,0 days 00:00:00.229230,194.84211709941388,176.46778150398697,110.21488498566018,-28.31684431435587,71.33313059848223,129.54116042744053,116.7915175293593,-42.21377347548513,115.85288023921936,69.11070656637473,61.95216672008428,128.6881412249693,-29.392686843235047,44.309226057317254,137.69598073919036,141.88025326588175,-32.49977694802027,8.33036828378566,Unfeasible shape,GPSampler,PRUNED
108,108,,2026-05-18 18:26:16.507145,2026-05-18 18:26:16.752755,0 days 00:00:00.245610,195.3318569726188,139.62452174738982,89.19310672518327,-25.744744303195468,148.4123922198905,75.42382950012612,108.1506430449938,-31.836403019768074,155.57617259304214,111.73921272366205,91.83849166988836,71.41839902528022,-57.272003216235305,141.9014297337913,94.99524393498386,30.875044337650188,19.680896515307438,71.57540400912588,Unfeasible shape,GPSampler,PRUNED
109,109,,2026-05-18 18:26:16.896949,2026-05-18 18:26:17.170382,0 days 00:00:00.273433,67.12007081450878,173.78604935627317,104.5790140157818,-50.68636593132968,42.94682795297966,156.8850083802753,162.68038100722848,25.153685216500776,-1.5402993668139509,24.090926639016516,93.03512019958069,142.5258722080228,-57.98421202562033,36.90657794087525,118.31937578856832,101.71960085077016,-5.101225319367899,93.66281210803281,Unfeasible shape,GPSampler,PRUNED
110,110,,2026-05-18 18:26:17.335409,2026-05-18 18:26:17.666037,0 days 00:00:00.330628,144.61683689786958,162.32659153397634,147.3478126617425,-54.87529986447367,197.09259245162048,80.97862406567062,143.6696228842499,-44.639862387973096,112.30750329326146,104.63808906962826,147.46094509636683,138.0779426347766,-17.44346201385929,92.00218376183513,37.17415534709385,115.66724978281472,-17.766226852663756,59.53330620630105,Unfeasible shape,GPSampler,PRUNED
111,111,17.822503818196036,2026-05-18 18:26:17.820777,2026-05-18 18:27:06.177917,0 days 00:00:48.357140,126.45171976040187,12.7849046094126,63.72068382839679,-48.224871785574905,199.75132225740685,77.80405428247627,10.809104692218444,-51.270718395028624,102.23856751192156,59.45355070612029,114.44036888899198,105.11117234318586,-73.40321861572748,43.09380162696363,63.92871406821184,72.29835495047244,5.535291259699562,30.57231364166377,,GPSampler,COMPLETE
112,112,,2026-05-18 18:27:06.998613,2026-05-18 18:27:07.234139,0 days 00:00:00.235526,27.63003115850428,28.370597780041724,108.54318440773304,-82.27120952476733,75.99766482179204,10.107939952372568,26.699549956211346,-0.26157957503938434,24.72401432719949,58.388538784795415,38.41849891413954,4.468535228630239,-18.40019954184642,25.39169031052936,74.80487329407765,146.72761327267068,26.541898045774687,6.111835428251236,Unfeasible shape,GPSampler,PRUNED
113,113,,2026-05-18 18:27:07.380834,2026-05-18 18:27:07.611635,0 days 00:00:00.230801,108.21327932895797,126.38155141850245,18.128136392850656,-72.82648460816591,8.442517231136279,153.22924833108996,20.666399628935526,2.3857764338805865,26.788841666129272,67.87496645102468,113.53154389106675,12.55318343592937,-42.27967342271527,37.749170484184,21.32345703985347,21.32607438464223,-32.6816016067896,62.05074904399429,Unfeasible shape,GPSampler,PRUNED
114,114,,2026-05-18 18:27:07.756714,2026-05-18 18:27:08.012969,0 days 00:00:00.256255,46.83729959092529,43.45082508644229,139.86068416339455,-30.073723809342553,189.20674962031978,23.994065914808154,137.4710253396402,-50.34294097261096,1.956177062027308,12.074974405979479,139.52518082189417,48.79167654336278,-46.89265706570399,98.20270767994347,87.28102074214458,15.506376777705944,22.0162045122961,84.73684067388142,Unfeasible shape,GPSampler,PRUNED
115,115,,2026-05-18 18:27:08.148457,2026-05-18 18:27:08.376691,0 days 00:00:00.228234,179.3377367611806,81.23423572544725,46.21210651208119,-40.106973569435105,53.51743664268836,141.91756804913666,11.443536733741414,-36.645937376268165,84.43885980397384,21.760119483870042,85.68074500476463,1.5487641879450917,-62.73031194453389,16.82665249027809,12.35783679663739,73.99631389748986,27.960914273692026,104.55626586844288,Unfeasible shape,GPSampler,PRUNED
116,116,,2026-05-18 18:27:08.558422,2026-05-18 18:27:08.833032,0 days 00:00:00.274610,129.43270885511774,24.4684775543617,32.800196016334795,-25.593665907290358,118.31623091977882,131.22043160742544,142.47681159321684,-3.6173491972729153,55.38147181718021,50.129058010751784,88.51409712132615,106.44468270947546,-59.91865378616541,92.64634132493204,60.93644154053818,44.41324986553544,1.7277194235668674,21.808403540095807,Unfeasible shape,GPSampler,PRUNED
117,117,,2026-05-18 18:27:08.980364,2026-05-18 18:27:09.196752,0 days 00:00:00.216388,109.77408266647168,77.62187742675331,187.38432963555803,-56.94642007842511,167.55403716761757,5.7342464650154525,69.323634028525,-13.28251928188385,26.391075201763734,48.75340508741928,127.6618450715671,133.02054757301204,-29.317679998157004,120.83760132132899,145.63551768061802,21.69683203286142,16.914233820492385,75.77437433413729,Unfeasible shape,GPSampler,PRUNED
118,118,19.413221277318307,2026-05-18 18:27:09.347398,2026-05-18 18:27:51.144217,0 days 00:00:41.796819,42.040968235817154,90.18162200170497,181.96931355114475,-63.82505670910393,134.77092353219012,94.1274314023123,26.785368500522893,-10.274658609885684,84.92378747462985,8.124437766117826,121.08481228641068,15.68167018885838,-74.3028032763086,70.57032917871939,61.87081598149402,68.872482246598,-53.37970042965352,83.13975205847623,,GPSampler,COMPLETE
119,119,25.819412265181647,2026-05-18 18:27:53.066320,2026-05-18 18:28:42.500613,0 days 00:00:49.434293,63.38881401471977,17.208952971874503,117.8338185356457,-43.0545863285509,88.53907538168724,1.0,106.11478846833668,-2.2390165103181374,158.5956534260156,90.57660415705121,43.51262337369553,100.1243703026408,-62.01559466637595,41.81815632867579,90.67808060382467,84.69750368892262,-22.473995914897905,56.406903143104984,,GPSampler,COMPLETE
120,120,,2026-05-18 18:28:43.364996,2026-05-18 18:28:44.306637,0 days 00:00:00.941641,60.74256162860952,1.0,129.81536682770695,-62.6366712712495,1.0,18.563898869647996,70.54949410643741,-0.5744244009715445,125.79884515866075,87.76380202264313,1.0,124.11240633513681,-64.44612019344994,48.9793134070018,148.78262971263985,150.0,-53.30108584425949,43.7454213367676,Unfeasible shape,GPSampler,PRUNED
121,121,,2026-05-18 18:28:44.462007,2026-05-18 18:28:45.090661,0 days 00:00:00.628654,60.805749311122725,1.0,129.81258582466648,-62.63497341882261,1.0,18.706865581562983,70.5672621251515,-0.6003845618505395,125.72073113665297,87.86256415778769,1.0,124.09259099999666,-64.40697033527765,48.983331623851846,148.73469989043915,150.0,-53.30838782573723,43.81111081527537,Unfeasible shape,GPSampler,PRUNED
122,122,,2026-05-18 18:28:45.227697,2026-05-18 18:28:45.847532,0 days 00:00:00.619835,60.45269640972857,1.0,129.8511241380148,-62.720998595409085,1.0,18.965925986497286,70.21950480228712,-0.48716787312378074,125.9135460267874,87.76980923573151,1.0,124.12013825382571,-64.47287908381375,48.92969668649261,148.87437397022134,150.0,-53.31690406019832,43.81048264421873,Unfeasible shape,GPSampler,PRUNED
123,123,,2026-05-18 18:28:45.990726,2026-05-18 18:28:47.062545,0 days 00:00:01.071819,60.43977733353525,1.0,130.15956322814793,-62.667459671901135,1.0,18.692489868035118,70.52237429511426,-0.5272389931250956,125.80136516263272,87.76724989477381,1.0,123.99717673742751,-64.5228099522304,48.99495382909097,148.89188074855872,150.0,-53.263233926962904,43.59914191964542,Unfeasible shape,GPSampler,PRUNED
124,124,,2026-05-18 18:28:47.212008,2026-05-18 18:28:47.786473,0 days 00:00:00.574465,60.805754073353825,1.0,129.8125793755413,-62.634972170937814,1.0,18.706868118289012,70.56726615769158,-0.6003874601033914,125.72073538081898,87.86256945242982,1.0,124.09259033040013,-64.40696848878639,48.983328361275035,148.73470144409546,150.0,-53.30838874620012,43.81111510358796,Unfeasible shape,GPSampler,PRUNED
125,125,,2026-05-18 18:28:47.933117,2026-05-18 18:28:48.539715,0 days 00:00:00.606598,60.563853456886314,1.0,129.96888337952262,-62.64500031119053,1.0,18.636005148759914,70.5540206124604,-0.6101853585667456,125.85222324008262,87.86482472521685,1.0,124.10188461674063,-64.36614587471027,48.91682284481705,148.90919714088233,150.0,-53.21348430233965,43.617910509300536,Unfeasible shape,GPSampler,PRUNED
126,126,,2026-05-18 18:28:48.709782,2026-05-18 18:28:49.399093,0 days 00:00:00.689311,60.58338874817337,1.0,129.84010305102072,-62.560917989140634,1.0,18.68093400359148,70.50550762455833,-0.525281352890481,126.1444705235482,87.59669452920214,1.0,123.90110442001111,-64.50632471242177,48.87352838410117,148.86428109106052,150.0,-53.28029000725533,43.64576180781095,Unfeasible shape,GPSampler,PRUNED
127,127,,2026-05-18 18:28:49.547764,2026-05-18 18:28:49.931356,0 days 00:00:00.383592,60.460007008791756,1.0,130.03399250062623,-62.64863098377453,1.0,18.47286099154824,70.57788152416897,-0.6408960434348998,125.90183057357456,87.77977112021158,1.0,123.97516052312699,-64.48775056208234,49.0511165335226,148.82328025863873,150.0,-53.269247978315384,43.76874875420077,Unfeasible shape,GPSampler,PRUNED
128,128,,2026-05-18 18:28:50.094987,2026-05-18 18:28:51.366279,0 days 00:00:01.271292,60.8057604226028,1.0,129.81257077628032,-62.63497050640251,1.0,18.706871499362332,70.56727153564563,-0.6003913246247095,125.72074104173572,87.86257651266924,1.0,124.09258943688778,-64.40696602697,48.98332401047189,148.7347035171399,150.0,-53.30838997303455,43.811120821789544,Unfeasible shape,GPSampler,PRUNED
129,129,,2026-05-18 18:28:51.524120,2026-05-18 18:28:52.339151,0 days 00:00:00.815031,60.68085182579762,1.0,129.88867845356685,-62.621005737689785,1.0,18.61049569916078,70.47820170492699,-0.5614546519186376,125.77052258729776,87.78417041894764,1.0,124.08265989665252,-64.47358692325525,49.001300378048775,148.86412977147515,150.0,-53.32957694276743,43.7122837980866,Unfeasible shape,GPSampler,PRUNED
130,130,,2026-05-18 18:28:52.489202,2026-05-18 18:28:53.339908,0 days 00:00:00.850706,60.69185385195594,1.0,129.90163786649475,-62.634792969854345,1.0,18.582158669952157,70.5737825255182,-0.5551602904078123,125.79483162773326,87.87183782498913,1.0,124.06885566788876,-64.46935630068458,48.97332004516034,148.83002774859676,150.0,-53.24296897949946,43.77870481997911,Unfeasible shape,GPSampler,PRUNED
131,131,,2026-05-18 18:28:53.481154,2026-05-18 18:28:53.853903,0 days 00:00:00.372749,60.62903628764255,1.0,129.82821085984116,-62.63227460548539,1.0,18.512126818111117,70.52724644994001,-0.5667220447552381,125.94087537005765,87.81460095760266,1.0,124.16014353115744,-64.4401705834735,48.94078059526237,148.89859515322019,150.0,-53.25148224628359,43.75427710459893,Unfeasible shape,GPSampler,PRUNED
132,132,,2026-05-18 18:28:54.006482,2026-05-18 18:28:54.404043,0 days 00:00:00.397561,60.76947579448643,1.0,129.943544026642,-62.6535425884223,1.0,18.527365838962233,70.42892580604278,-0.5669450932601094,125.87832024711207,87.85450183487254,1.0,124.1707559024469,-64.4921600195136,49.03916143141206,148.86772267939233,150.0,-53.36355260369098,43.771327347774175,Unfeasible shape,GPSampler,PRUNED
133,133,,2026-05-18 18:28:54.548695,2026-05-18 18:28:55.443181,0 days 00:00:00.894486,60.622363754407495,1.0,129.87648504908555,-62.63696387769397,1.0,18.585732819826475,70.40629815192761,-0.5685390751816328,125.86628382152395,87.80999404383746,1.0,124.20229918499355,-64.47430955762407,48.99522435580525,148.9350988973534,150.0,-53.37858040214192,43.68091482826541,Unfeasible shape,GPSampler,PRUNED
134,134,,2026-05-18 18:28:55.602965,2026-05-18 18:28:56.542650,0 days 00:00:00.939685,60.664959598125854,1.0,129.87598844054534,-62.626771728445505,1.0,18.472445655255044,70.54420527417983,-0.5680299852472359,125.79561974679964,87.81475600928044,1.0,124.10619603793741,-64.4457189042978,48.97561826974865,148.8658894156903,150.0,-53.35041694757933,43.759791431635705,Unfeasible shape,GPSampler,PRUNED
135,135,,2026-05-18 18:28:56.691506,2026-05-18 18:28:57.643099,0 days 00:00:00.951593,60.4214128221394,1.0,129.69121104197032,-62.68767071991457,1.0,18.683048908827033,70.87748622413689,-0.4884993675639535,125.91992556362919,88.01996281817328,1.0,124.20290750116794,-64.55422334021584,49.159739218253506,148.8035331425386,150.0,-53.27048716076361,43.75418295404067,Unfeasible shape,GPSampler,PRUNED
136,136,,2026-05-18 18:28:57.799025,2026-05-18 18:28:58.651357,0 days 00:00:00.852332,60.80577311975275,1.0,129.81255357629482,-62.63496717496883,1.0,18.70687825729524,70.56728229578593,-0.6003990542980304,125.72075237052695,87.86259063560415,1.0,124.09258764740305,-64.40696110392766,48.98331530646308,148.73470766838207,150.0,-53.308392425160534,43.81113225973996,Unfeasible shape,GPSampler,PRUNED
137,137,,2026-05-18 18:28:58.786977,2026-05-18 18:28:59.263461,0 days 00:00:00.476484,60.67874968718846,1.0,129.92233688955434,-62.5220258811722,1.0,18.681224163238156,70.4072558465723,-0.5137993093121338,126.00186623293953,87.57783133904631,1.0,124.14633073272039,-64.4386861915432,49.15369482108207,148.81303441759974,150.0,-53.20288364936629,43.51899818311986,Unfeasible shape,GPSampler,PRUNED
138,138,,2026-05-18 18:28:59.407603,2026-05-18 18:29:00.125882,0 days 00:00:00.718279,60.8057762937594,1.0,129.8125492759936,-62.63496634161787,1.0,18.706879945900354,70.5672849867032,-0.6004009868476956,125.72075520417451,87.86259416684955,1.0,124.09258719951897,-64.40695987329012,48.983313129960315,148.7347087072662,150.0,-53.308393037870154,43.811135119549995,Unfeasible shape,GPSampler,PRUNED
139,139,,2026-05-18 18:29:00.276153,2026-05-18 18:29:00.745805,0 days 00:00:00.469652,60.63165330098828,1.0,129.8968652634465,-62.5977164003308,1.0,18.54278153130166,70.5386215587837,-0.5287127690288145,125.85440722698078,87.87002362675491,1.0,124.06798002834721,-64.474979164902,48.97608145302619,148.86189457748748,150.0,-53.27042579528808,43.71793334461167,Unfeasible shape,GPSampler,PRUNED
140,140,,2026-05-18 18:29:00.894420,2026-05-18 18:29:01.774146,0 days 00:00:00.879726,60.80577946765297,1.0,129.81254497557111,-62.63496550806989,1.0,18.706881634153554,70.56728767797307,-0.6004029194496354,125.72075803840215,87.86259769829918,1.0,124.0925867514297,-64.40695864270208,48.98331095325747,148.7347097465801,150.0,-53.308393650450924,43.81113797948861,Unfeasible shape,GPSampler,PRUNED
141,141,,2026-05-18 18:29:01.927950,2026-05-18 18:29:02.379938,0 days 00:00:00.451988,60.60985375088234,1.0,129.94276398255988,-62.63381249905424,1.0,18.56102228315301,70.49201395427775,-0.5555359085808149,125.8165211452012,87.80840539790522,1.0,124.10397497019687,-64.48413863963293,48.99632218868689,148.88279606026822,150.0,-53.32560183661461,43.70497984556744,Unfeasible shape,GPSampler,PRUNED
142,142,,2026-05-18 18:29:02.528982,2026-05-18 18:29:03.315639,0 days 00:00:00.786657,60.74309856485038,1.0,130.0681589685642,-62.557887647494574,1.0,18.466486343241737,70.50595844041467,-0.4813075892764047,125.85848640199231,87.79611286416649,1.0,124.50033534633215,-64.4777123815914,48.95438116349886,148.90528664595982,150.0,-53.315000776977016,43.71528198699143,Unfeasible shape,GPSampler,PRUNED
