,number,value,datetime_start,datetime_complete,duration,params_highPt.lL1,params_highPt.lL2,params_highPt.lL3,params_highPt.rA2,params_highPt.rL1,params_highPt.rL2,params_highPt.rL3,params_highPt.x2,params_highPt.y2,params_lowPt.lL1,params_lowPt.lL2,params_lowPt.lL3,params_lowPt.rA2,params_lowPt.rL1,params_lowPt.rL2,params_lowPt.rL3,params_lowPt.x2,params_lowPt.y2,user_attrs_prune,system_attrs_auto:sampler,state
94,94,,2026-05-18 17:24:41.859997,2026-05-18 17:24:42.345019,0 days 00:00:00.485022,43.855958089961256,87.29821519507918,93.8657717723149,-66.58109028317078,22.552273885287562,53.85542307351396,73.49611016684433,-52.51428930315571,56.78796886222271,67.3671887801362,95.95414667851398,40.20807344290233,-51.3001848334203,69.91491551113955,20.960481135922077,2.2588271624516922,-82.93725613681572,111.82016260271229,Unfeasible shape,GPSampler,PRUNED
95,95,,2026-05-18 17:24:42.499657,2026-05-18 17:24:43.118360,0 days 00:00:00.618703,43.82348159826888,87.24803720136075,93.84344974851166,-66.53241653198012,22.52199294156726,53.91491020173859,73.4561149861424,-52.51647604091962,56.388719269828286,67.29861538222795,96.0049997398881,40.14389156430205,-51.23451604384769,69.937226859661,21.041633868532063,2.427254091803306,-82.95072224874609,111.76167347850637,Unfeasible shape,GPSampler,PRUNED
96,96,,2026-05-18 17:24:43.254853,2026-05-18 17:24:44.174753,0 days 00:00:00.919900,43.84419402257301,87.29354781673237,93.8661165930536,-66.58393558392228,22.528816852042485,53.90677887649014,73.50479272413827,-52.52551690400816,56.70487482464554,67.3279238286564,95.95510325782146,40.1716789044422,-51.28219178100686,69.94168252606696,20.99241573892463,2.262141938540275,-82.94413793513561,111.82259444007906,Unfeasible shape,GPSampler,PRUNED
97,97,,2026-05-18 17:24:44.319703,2026-05-18 17:24:45.128182,0 days 00:00:00.808479,43.92664082458388,87.2890925407423,93.80666286145774,-66.60743706233075,22.593706291933138,53.858556295531976,73.37106361877508,-52.53261315431148,57.00568799065492,67.2428435446689,95.93695581525326,40.201936087249294,-51.30012775474255,69.84843907784992,21.092955513741842,2.2705747806876495,-82.95811605280565,111.62926667853189,Unfeasible shape,GPSampler,PRUNED
98,98,,2026-05-18 17:24:45.266011,2026-05-18 17:24:46.108901,0 days 00:00:00.842890,43.90136666614735,87.31717085596503,93.88909112366309,-66.58467062175215,22.53836108858008,53.85622431610467,73.36812939405681,-52.384313104838874,56.87195425483583,67.26195702620439,95.99707220875935,40.16330763378616,-51.18138156608377,69.8648326900257,21.054266355366728,2.0946652241810266,-83.03315828729315,111.9257522093342,Unfeasible shape,GPSampler,PRUNED
99,99,,2026-05-18 17:24:46.250865,2026-05-18 17:24:47.051157,0 days 00:00:00.800292,43.90136625296256,87.31717101899994,93.88909104910641,-66.58467098517939,22.538361443211357,53.85622460885745,73.36812938038793,-52.38431267398818,56.87195609353654,67.26195750922122,95.99707244675082,40.16330782667244,-51.18138191333591,69.86483244186141,21.054266167077056,2.094664902395503,-83.03315838763547,111.92575235250324,Unfeasible shape,GPSampler,PRUNED
