,number,value,datetime_start,datetime_complete,duration,params_highPt.lL1,params_highPt.lL2,params_highPt.lL3,params_highPt.rA2,params_highPt.rL1,params_highPt.rL2,params_highPt.rL3,params_highPt.x2,params_highPt.y2,params_lowPt.lL1,params_lowPt.lL2,params_lowPt.lL3,params_lowPt.rA2,params_lowPt.rL1,params_lowPt.rL2,params_lowPt.rL3,params_lowPt.x2,params_lowPt.y2,user_attrs_prune,system_attrs_auto:sampler,state
0,0,,2026-05-18 17:13:25.608155,2026-05-18 17:13:26.265983,0 days 00:00:00.657828,97.43197774633903,2.5122457333752406,39.961704023865586,-63.58218533833492,95.07630998825688,30.22437303469684,1.7652845460424849,-89.30547799447855,240.70608876563114,22.072703533678567,92.39587067029399,26.85223009949763,-49.62398902261089,52.50932304742753,48.12074063397513,22.900299998426362,-33.39410286038983,45.20057184914427,Unfeasible shape,RandomSampler,PRUNED
1,1,8.76202101088091,2026-05-18 17:13:26.383228,2026-05-18 17:14:27.581054,0 days 00:01:01.197826,49.01385634881341,76.64429595965699,82.4046338779095,-58.20142842968504,25.35396425168126,53.96089433040732,69.32137296094736,-47.036923370983686,42.4240538516239,66.09494218815982,82.07327846842871,33.103999724358836,-46.825504651619916,69.6955761128843,25.23343995832102,6.032548044660929,-75.30153953759732,111.4415444000134,,RandomSampler,COMPLETE
2,2,,2026-05-18 17:14:29.535223,2026-05-18 17:14:29.798420,0 days 00:00:00.263197,64.23615134288374,98.35735517436608,66.31998999930006,-22.384068276080697,55.77200492639249,51.9758369500444,82.25745928149517,-63.9546511677281,225.44340861878538,10.193945650132214,51.51050698643923,81.59843391874853,-62.64726600054972,58.59452995355674,39.76294495520299,52.38901780825553,-43.89240825764469,153.58934435822337,Unfeasible shape,GPSampler,PRUNED
3,3,,2026-05-18 17:14:29.926225,2026-05-18 17:14:30.152875,0 days 00:00:00.226650,49.83510195463438,98.06421775804118,38.49287307050785,-43.63094902042065,46.61313811720493,42.763636863178256,87.09686589742628,-49.55124427444735,197.57849688644498,9.733427857547502,64.44748575028356,1.1369444733461802,-47.43611431613174,96.28441183552547,4.1910578578571425,16.227654484618576,26.445468443887208,134.88608923947345,Unfeasible shape,GPSampler,PRUNED
4,4,,2026-05-18 17:14:30.290388,2026-05-18 17:14:30.520332,0 days 00:00:00.229944,18.811773075794605,77.94921241412732,21.64234757471299,-63.31494224283195,32.6991248156463,60.41500930026651,70.41561398277048,8.447151460646921,239.20209476988154,3.7353856666392122,92.41432306213981,21.871954787885254,-49.376871133149685,97.16336046298113,91.16923339748384,16.54593156083883,-0.1692264158516963,110.79598065101308,Unfeasible shape,GPSampler,PRUNED
5,5,,2026-05-18 17:14:30.649115,2026-05-18 17:14:30.945334,0 days 00:00:00.296219,53.424666671901505,67.30442892796133,65.58728365077685,-73.26157238186057,36.53447920761032,53.958340391923755,79.80897970587625,-59.41228431484632,97.31881232801541,81.16451788740854,25.72849538793748,56.6288290375386,-43.76036120297462,95.21247017716838,31.55259531374233,83.49123231196222,4.7804818215936535,164.72060058441062,Unfeasible shape,GPSampler,PRUNED
6,6,,2026-05-18 17:14:31.105004,2026-05-18 17:14:31.435293,0 days 00:00:00.330289,2.570925532283048,22.256129712409926,65.73891354297514,-76.45065632333534,6.689367572041009,69.80697732284226,18.147392696502177,26.29601856527374,68.675136328251,69.81784724800977,40.929953584678415,6.27380786460283,-10.468134156425364,3.2964348883294776,20.354736439878515,51.0460971036596,-41.959150565562084,116.58252747052424,Unfeasible shape,GPSampler,PRUNED
7,7,,2026-05-18 17:14:31.569051,2026-05-18 17:14:32.478616,0 days 00:00:00.909565,63.79068360335995,52.37614892356485,61.06150886313925,-79.7460812734014,58.903792380282496,14.660146878718999,13.119392565710204,-69.06325216698954,215.3692733935878,63.03373778817341,60.88400572156564,59.39255699419019,-22.57017438576198,94.88529008901777,32.64109987134437,98.83928739057325,-40.32487640642331,78.6078603391045,Unfeasible shape,GPSampler,PRUNED
8,8,,2026-05-18 17:14:32.608134,2026-05-18 17:14:32.926621,0 days 00:00:00.318487,21.797816495163794,58.211664478910606,2.805235252624689,-12.698895295242778,88.3384874910676,56.794532262225836,55.91300734463035,26.520280930095865,216.74092373763156,37.823081578730346,55.49825851738608,57.7150708681009,-21.91302335607636,51.75890946119966,59.17849245516052,78.12074582725734,-65.21490124477307,141.83020631743284,Unfeasible shape,GPSampler,PRUNED
9,9,,2026-05-18 17:14:33.047114,2026-05-18 17:14:33.311952,0 days 00:00:00.264838,97.5675192998336,83.36443181319203,50.19046644997353,-41.46954178999638,13.094918858007187,42.679185076375084,52.226233402555394,-6.658883650489599,51.817534184812956,84.98815400168873,55.73946953066289,3.9486289385389655,-21.165530301555783,95.60788339816675,99.7830347323814,4.134950381395534,-71.38035264148198,29.45025901150904,Unfeasible shape,GPSampler,PRUNED
10,10,,2026-05-18 17:14:33.445254,2026-05-18 17:14:33.705398,0 days 00:00:00.260144,18.844594811521223,99.35866269467589,47.50896504061002,-38.88042620458598,55.49247650465105,38.226955821388486,56.236731401988685,-41.5243590557527,244.39173225960275,96.13126734430537,10.812853295071118,7.015442634561753,-53.24741595761925,14.00661968421428,87.54324481342901,62.390438134006445,-78.65560487912965,128.03670900783436,Unfeasible shape,GPSampler,PRUNED
11,11,,2026-05-18 17:14:33.835129,2026-05-18 17:14:34.145509,0 days 00:00:00.310380,79.32742564390047,91.88847138734475,59.80911279492857,-12.07215750413495,49.43849308989548,15.133128580427812,49.38785636881395,-6.372735056894996,3.442520870713393,73.7027897421428,53.14115125429032,53.63191765576652,-74.62731313275503,74.20147526451386,54.406186959108865,51.126064135324796,20.173815353869344,13.705556925706066,Unfeasible shape,GPSampler,PRUNED
12,12,12.940643223784173,2026-05-18 17:14:34.285242,2026-05-18 17:15:31.256258,0 days 00:00:56.971016,17.902191493057686,12.77440755613209,41.12846812275473,-36.13809156632727,81.69998439858003,39.57035017091488,9.0845603317205,-22.326952049584264,32.49294808181459,93.6740688358841,5.117652668845547,28.96046177268048,-22.547017190236154,46.25552116860025,96.14317428088225,41.615548420137955,-64.06344797540962,121.74113931794906,,GPSampler,COMPLETE
13,13,,2026-05-18 17:15:32.867360,2026-05-18 17:15:33.126069,0 days 00:00:00.258709,54.39420496141142,4.196806566908179,74.30913710866234,-71.13376742216178,34.35253617901228,35.6402976835543,29.62633594833482,-30.762237104357986,223.98959652440908,90.4361906506615,30.669227962496908,47.83531982529519,-58.92165098265258,39.06803527146764,53.774282611797496,45.970682949319375,4.723595121716542,118.2676793953317,Unfeasible shape,GPSampler,PRUNED
14,14,,2026-05-18 17:15:33.284636,2026-05-18 17:15:33.555538,0 days 00:00:00.270902,86.02188979199349,32.62827340090902,31.449140194084606,-61.20297514671084,71.49085483064287,1.148060389867579,81.68022940429698,3.3914492533815235,244.74835582872012,5.8397034544340105,45.184431476895085,51.08866632860641,-73.3052939504352,71.73466853217002,13.910038580993133,70.85298814343882,-22.683195692584178,125.60581326299123,Unfeasible shape,GPSampler,PRUNED
15,15,,2026-05-18 17:15:33.701627,2026-05-18 17:15:33.958213,0 days 00:00:00.256586,61.32012021775804,60.24410560971091,32.753134986864154,-54.33717542048336,8.43515241061273,86.69764880250281,76.19247766428862,-70.86499791128834,170.65217817465575,95.72233932871323,12.956850258245058,81.97682394313348,-63.16997258864923,97.42971746717822,69.78098597601071,17.95368121470108,-80.57274188614186,114.7405834811922,Unfeasible shape,GPSampler,PRUNED
16,16,,2026-05-18 17:15:34.149225,2026-05-18 17:15:34.426053,0 days 00:00:00.276828,26.74392314840753,97.72540888395892,22.892194464225685,-49.80740835691317,8.591986863982752,69.35172243428764,74.73368763115752,21.457510321406957,110.79133970296769,45.406526667611296,39.39360441471846,22.057968250916726,-65.65136621301984,41.6279915918117,37.19680230216271,13.316466238011984,-54.65683076201329,79.6062046709171,Unfeasible shape,GPSampler,PRUNED
17,17,16.84611446298349,2026-05-18 17:15:34.568142,2026-05-18 17:16:25.526946,0 days 00:00:50.958804,23.702546986857698,37.45543452748276,24.382389610331934,-23.35277519450306,84.84062924547516,32.13979966873919,76.76414533272323,-9.067593138418673,108.45740706353638,40.207464278807386,56.52373539815662,17.34520909440773,-53.84391529036938,37.09238026978928,56.089184389114926,82.3597093809334,-17.055996832728624,17.018492052686224,,GPSampler,COMPLETE
18,18,,2026-05-18 17:16:26.752192,2026-05-18 17:16:26.977074,0 days 00:00:00.224882,22.261558237763346,64.58749207193819,79.01339922392351,-59.09463169925036,89.11495242612742,99.73414800471707,4.034272896747262,-81.91092531835352,132.52154312712722,93.36997908196197,88.15804682557639,86.65503395566009,-14.771745357917823,97.20631209668771,27.472237906717897,30.507301633508714,-71.30027131522685,139.4588824376297,Unfeasible shape,GPSampler,PRUNED
19,19,,2026-05-18 17:16:27.117718,2026-05-18 17:16:27.452915,0 days 00:00:00.335197,45.76785187998428,10.60659100831748,3.113985961672384,-71.31344030400625,42.92070663767921,63.25533712363694,23.714442458267204,-87.2404538967478,163.37730806626627,60.40439497471851,2.9879460406118414,36.98588057523299,-12.211126484369586,57.52293145365714,67.74265749191298,73.50898993487122,-57.244230773659204,64.93518531841936,Unfeasible shape,GPSampler,PRUNED
20,20,13.610691595431105,2026-05-18 17:16:27.587305,2026-05-18 17:17:32.143272,0 days 00:01:04.555967,24.621164250192226,68.10555137890235,33.267406278795086,-68.40346450767503,74.42623281276222,51.491059562176126,76.84759209160713,-0.20908451672976014,245.4368044871516,89.07983977824148,94.23892514858633,52.879813765040396,-62.75265067176222,64.31338980413666,15.456559221896054,70.66251362251938,-55.10845652076807,87.85126572254603,,GPSampler,COMPLETE
21,21,,2026-05-18 17:17:33.948146,2026-05-18 17:17:34.210176,0 days 00:00:00.262030,80.68462129497982,82.99110029172111,33.02817408052449,-58.63922503152272,18.009799518294717,37.975522652682756,40.94159420724869,-27.63282593226998,64.56137854100837,77.99610398006028,75.3028438684454,17.50866120889719,-26.514500579560966,39.68167166210911,63.908593125537834,45.319161831385514,-17.417097597224156,27.704439136971132,Unfeasible shape,GPSampler,PRUNED
22,22,,2026-05-18 17:17:34.351256,2026-05-18 17:17:34.603578,0 days 00:00:00.252322,36.72246048147479,12.893915478685486,46.86705538598045,-34.52181181588622,63.99079441852134,59.02154943803108,15.568046650578676,-64.21256324311322,144.04845781342718,31.350072381921187,31.09769546437671,21.783248989923102,-32.401680660367745,77.14219469230557,80.14280750830822,17.080696896112727,27.29055697190165,7.01478232284569,Unfeasible shape,GPSampler,PRUNED
23,23,,2026-05-18 17:17:34.743248,2026-05-18 17:17:35.058304,0 days 00:00:00.315056,44.34162606215035,89.17594284450122,83.9293610306339,-70.55453233224587,11.131186404625943,55.38395432361837,14.515925306773449,-63.51894053404256,28.179952628649005,65.96288817649601,25.72697171200659,64.09195391682711,-21.375555726697947,81.99554476526883,31.909576562441618,42.52988703980513,-42.51407998473274,22.525763604605835,Unfeasible shape,GPSampler,PRUNED
24,24,,2026-05-18 17:17:35.232706,2026-05-18 17:17:35.529725,0 days 00:00:00.297019,11.654425655033513,45.78958974816054,65.62196262699909,-73.98632355270497,51.37186582541446,75.47598379654282,19.956009593764694,-39.35359047023227,11.68274272172484,35.63385010733007,36.817166164678945,98.47981758072741,-46.491820593797115,27.424316487470744,58.88468479476181,64.11112889493765,-23.787765496432684,31.749135150496926,Unfeasible shape,GPSampler,PRUNED
25,25,,2026-05-18 17:17:35.668205,2026-05-18 17:17:35.898253,0 days 00:00:00.230048,33.22968138103457,1.9199050330207283,44.190397856584504,-30.682939659824257,90.62409352536002,49.06421094843211,81.47253925425964,20.836644717223052,232.88487086305585,49.848807662092376,22.94352501145024,91.55230790400617,-76.70444093854121,70.94937312247018,22.08495703230339,21.050017686466973,-79.11897241396939,140.45629730450196,Unfeasible shape,GPSampler,PRUNED
26,26,,2026-05-18 17:17:36.061453,2026-05-18 17:17:36.298796,0 days 00:00:00.237343,82.65392712705173,66.7811423192182,91.8944054931145,-76.05087049689975,32.60786301180926,61.46423424124931,43.201756639397644,-44.59519093797684,251.23989630067803,36.83272405156251,32.10146680487958,44.62553638965708,-22.840738530057713,15.756976993245447,41.119439348173586,51.095324380463566,-1.1981343041215524,154.12249342329693,Unfeasible shape,GPSampler,PRUNED
27,27,28.82489720835621,2026-05-18 17:17:36.437948,2026-05-18 17:18:33.631003,0 days 00:00:57.193055,1.3530716472301112,56.148198238550115,92.38734936631211,-19.91200617522145,31.82165577261822,6.7779567094998505,89.70147115603237,-86.08165511808814,49.883418585375345,66.42023840013786,53.24972371219545,41.606539140168245,-50.771407634384246,33.204140734081584,24.984376447813744,26.45767346814624,4.6349587797067215,38.10582672206095,,GPSampler,COMPLETE
28,28,39.139680557801704,2026-05-18 17:18:35.330925,2026-05-18 17:19:30.815939,0 days 00:00:55.485014,91.22998226071813,58.61205903089668,54.05852129600014,-16.09425655820349,96.95506774355907,72.36997709209797,94.3488007559063,-40.5867370251326,108.91766511921716,32.811785400577676,70.89262714308876,58.166499471554424,-76.09870852407006,87.52309929448201,53.1237378623574,67.93747792601062,-44.47665741885798,85.36297774990277,,GPSampler,COMPLETE
29,29,,2026-05-18 17:19:32.262361,2026-05-18 17:19:32.506387,0 days 00:00:00.244026,56.376590564065324,73.2639456713784,37.34703128256167,-11.679187326499942,89.8497183088538,23.25203892793815,19.58693853794626,-61.49381348311347,-1.995291206487959,62.24441609579229,76.40105580154612,56.58340529518034,-21.023418554509824,96.06556651095877,91.10667771940795,23.30651912522924,9.645506519617754,24.729595696627165,Unfeasible shape,GPSampler,PRUNED
30,30,,2026-05-18 17:19:32.661389,2026-05-18 17:19:32.887903,0 days 00:00:00.226514,34.18944829691011,30.0309139471004,17.59492613308716,-29.001697425157133,97.0999984975949,7.2914686440173675,9.233791131504034,-79.48334449436652,201.46361288663442,71.23206698614531,26.49249325937531,35.59354567837839,-39.397489624381556,31.490383603667134,50.79105343236675,28.711765284219982,-30.560925427053157,116.07492173818623,Unfeasible shape,GPSampler,PRUNED
31,31,,2026-05-18 17:19:33.033093,2026-05-18 17:19:33.289841,0 days 00:00:00.256748,59.689932517684525,69.17748886271833,18.415041461242613,-66.29627298736574,65.70725684729642,12.064282908295468,11.362141283141222,29.715976014046646,144.14791201808865,64.88735202292489,88.08767661300348,94.69125725915362,-36.28705784265196,60.417069826101866,31.15532552674975,90.4136042664178,2.814132172147538,8.61292381843879,Unfeasible shape,GPSampler,PRUNED
32,32,,2026-05-18 17:19:33.434080,2026-05-18 17:19:33.720243,0 days 00:00:00.286163,52.03796939366484,57.90957575001523,47.544177688781076,-17.3337990099171,68.98150265216671,56.005730978877814,55.31708356887293,-69.41443319343898,154.92468573300945,25.721332418023835,71.6639767999192,67.92604539308253,-40.40101967393118,31.520423232094252,85.84427293195594,60.38076159918977,17.64822861873101,124.75833905809517,Unfeasible shape,GPSampler,PRUNED
33,33,,2026-05-18 17:19:33.881111,2026-05-18 17:19:34.167500,0 days 00:00:00.286389,52.66107829737366,17.256040864342175,18.39963160975472,-19.10882201972173,13.770783948484377,92.15155619754744,25.616722847929456,-43.88131461252272,137.52726097816566,94.78153363766762,34.41234990262374,77.03058104292494,-44.62257421563664,56.169521103897935,32.34320121422462,35.6882344517648,16.061109982269684,152.59775887994118,Unfeasible shape,GPSampler,PRUNED
34,34,,2026-05-18 17:19:34.332038,2026-05-18 17:19:34.666346,0 days 00:00:00.334308,70.53530659800232,33.96578903123268,72.73252533557049,-20.962341116866817,23.688622706349758,11.196752552617184,16.848695359396785,-62.04577389683001,246.34824259856492,9.784990256459327,41.44222960730114,80.40388682893634,-33.09238670185658,77.39344782054043,59.87819572441749,75.32379679611401,-23.375243157027256,143.2668418385828,Unfeasible shape,GPSampler,PRUNED
35,35,,2026-05-18 17:19:34.814524,2026-05-18 17:19:35.090153,0 days 00:00:00.275629,65.83871439418921,51.192661717923265,77.42135621899348,-28.621645845097532,28.48822328974246,7.803458562176156,32.45873786302676,1.2888435089286077,1.417835950235288,17.645367796438304,31.07623589501751,69.98431440590721,-71.39731588733244,88.41252773244727,35.23737214817606,40.450815588879266,-72.63977831004989,44.92741582052515,Unfeasible shape,GPSampler,PRUNED
36,36,,2026-05-18 17:19:35.231543,2026-05-18 17:19:35.490181,0 days 00:00:00.258638,3.4661654108809397,31.62319019628,76.3685570798791,-56.51621011490974,6.739100972209756,16.490794518452567,93.39854833065634,-35.456334748935035,25.324834723891833,62.44301514982126,7.036973683783864,37.92501888338074,-56.097069383048705,85.69700667423317,77.80024530013199,70.48062568535269,-66.51084715591267,49.12524062832383,Unfeasible shape,GPSampler,PRUNED
37,37,13.861193029836361,2026-05-18 17:19:35.633469,2026-05-18 17:20:25.996733,0 days 00:00:50.363264,86.50617260930933,31.3887211214388,62.42796829031217,-65.3624735571642,90.00795597628978,45.415186764698205,88.20794350679148,-33.53163443977693,246.40927283786868,85.23981926643921,70.9054015562771,80.9773647213781,-76.56315789361611,32.89783138782229,22.626770207621725,47.83907851089572,11.062147254434493,90.42631736071125,,GPSampler,COMPLETE
38,38,,2026-05-18 17:20:27.870847,2026-05-18 17:20:28.145349,0 days 00:00:00.274502,97.04212916400783,40.585318743803285,17.34014950462933,-31.643413203038733,97.40850587551151,95.78536088234952,11.631033376181206,-89.10094052834687,162.34897078416617,59.72826992154505,58.62373183945912,11.85081718231746,-48.17024935713526,55.99526017849091,76.35187445593823,30.44649495361485,-22.318211522335204,131.687321988596,Unfeasible shape,GPSampler,PRUNED
39,39,26.291725351626443,2026-05-18 17:20:28.303995,2026-05-18 17:21:20.941603,0 days 00:00:52.637608,12.637114375625236,12.126277136354163,14.865391583333706,-54.457828625435894,9.473223213779574,55.21194523008312,32.86788904810072,2.5158844256973794,119.34402710372191,52.56988041360882,96.49855939992162,75.15664090306998,-76.3427374976986,69.33030019824761,39.94194602297352,48.38806389124615,-36.784486057173005,37.35501137349496,,GPSampler,COMPLETE
40,40,,2026-05-18 17:21:22.774704,2026-05-18 17:21:23.082026,0 days 00:00:00.307322,97.65304097773617,11.209612069837434,58.88110273040031,-63.49444234646423,32.08180712996992,59.49915612462067,13.227905056017764,-0.509398085700866,157.2069124660821,48.140269920366215,80.59242533547328,95.15234250715366,-67.93589160551677,75.67052735728006,98.67932069924021,92.18936629689985,-80.60131930734103,148.77045626586346,Unfeasible shape,GPSampler,PRUNED
41,41,,2026-05-18 17:21:23.221884,2026-05-18 17:21:23.521576,0 days 00:00:00.299692,52.18214778216595,71.85577631862668,4.608712069912578,-73.728734030953,15.001914964685445,53.164275059499346,55.02604847934069,27.214036115821813,89.01230834978966,64.84498424099709,69.75641009450031,25.292639836069807,-76.68697514142545,60.876359806071484,88.37502553214561,88.3565680742862,-12.183733506481119,115.36033147131799,Unfeasible shape,GPSampler,PRUNED
42,42,,2026-05-18 17:21:23.653510,2026-05-18 17:21:23.911811,0 days 00:00:00.258301,48.50595163544494,66.94076124676553,91.75515709440089,-32.36988445347381,62.971492618299415,38.52044548744844,79.51580806409794,-5.029697730612483,0.4181407472473726,18.395937370690657,12.41318309308258,8.453764836279866,-39.027529974539725,52.106160243752484,84.56026037945855,5.509323054574225,-27.46776255870283,67.36251765963313,Unfeasible shape,GPSampler,PRUNED
43,43,28.493488343250206,2026-05-18 17:21:24.051615,2026-05-18 17:22:22.448340,0 days 00:00:58.396725,74.49543974611183,43.120006262288186,70.63036188822588,-71.12429967926005,29.5553806861243,83.82629811361964,36.10696695689692,-28.55973757642915,116.22402980205104,93.82277344607223,40.892934571891786,86.77946906253499,-40.29054611630757,72.32699083768688,73.49810589150259,53.60881022982204,-63.98081253244827,101.63534981959957,,GPSampler,COMPLETE
44,44,,2026-05-18 17:22:24.059330,2026-05-18 17:22:24.272651,0 days 00:00:00.213321,68.19029387443925,99.07606368196362,83.03735403998644,-62.572861110788025,13.548660979644804,64.96960837506393,38.80380444933275,-19.514725032352843,27.733324823795662,62.82602998640602,26.457849223356597,81.36006315363451,-29.49607337621473,90.17028633194028,90.35661942162143,2.9308386886453146,-19.526359592735133,131.41690118896244,Unfeasible shape,GPSampler,PRUNED
45,45,,2026-05-18 17:22:24.427037,2026-05-18 17:22:24.701129,0 days 00:00:00.274092,70.4535816616215,31.361898310390366,36.91487050261289,-29.39697550876471,50.6478596478451,21.555948815858713,51.79272685602087,-33.299120315063966,164.8085050049057,74.79064857538509,90.98713695185225,16.700707257129174,-45.282054415377665,60.47802904000742,65.18220782331645,35.2824252337072,-45.87413803920161,115.51085100357378,Unfeasible shape,GPSampler,PRUNED
