,number,value,datetime_start,datetime_complete,duration,params_highPt.lL1,params_highPt.lL2,params_highPt.lL3,params_highPt.rA2,params_highPt.rL1,params_highPt.rL2,params_highPt.rL3,params_highPt.x2,params_highPt.y2,params_lowPt.lL1,params_lowPt.lL2,params_lowPt.lL3,params_lowPt.rA2,params_lowPt.rL1,params_lowPt.rL2,params_lowPt.rL3,params_lowPt.x2,params_lowPt.y2,user_attrs_prune,system_attrs_auto:sampler,state
47,47,,2026-05-18 17:44:36.670240,2026-05-18 17:44:36.940581,0 days 00:00:00.270341,70.03536076003697,47.66779507837069,41.924274441005466,-17.05128139064886,43.64979074974335,99.08818347458866,96.67742270705385,-2.9883634665544463,20.527279125145306,86.63115601110461,75.09229589537178,94.78200963610412,-45.199629001367796,94.86045223606061,37.267490450758906,81.29229604587346,-2.706293152782237,-2.5595810689091625,Unfeasible shape,GPSampler,PRUNED
48,48,,2026-05-18 17:44:37.077600,2026-05-18 17:44:37.315245,0 days 00:00:00.237645,97.6290287648775,95.55208589654511,5.0629227900137295,-12.86708244498881,84.03588509169501,69.24860742533446,85.92422534157164,12.923742641875208,135.09428891972135,81.6444017008115,76.562572731379,89.39486821784202,-78.92069472757996,56.512356536347724,23.00729742498995,73.3028392161304,28.997428034664793,93.89381012156035,Unfeasible shape,GPSampler,PRUNED
49,49,,2026-05-18 17:44:37.455222,2026-05-18 17:44:37.726558,0 days 00:00:00.271336,26.6278506149775,80.77152095430303,71.20516538264279,-41.13628641516909,88.06802079278732,73.42379952591499,25.573812819836906,-52.03034406639818,23.148111438107932,43.08824827710134,16.033497998713926,68.29697618972202,-78.40981654403444,80.16708167230198,91.29831942471688,9.274138958566528,-27.30704441327233,60.53241097260211,Unfeasible shape,GPSampler,PRUNED
