,number,value,datetime_start,datetime_complete,duration,params_highPt.lL1,params_highPt.lL2,params_highPt.lL3,params_highPt.rA2,params_highPt.rL1,params_highPt.rL2,params_highPt.rL3,params_highPt.x2,params_highPt.y2,params_lowPt.lL1,params_lowPt.lL2,params_lowPt.lL3,params_lowPt.rA2,params_lowPt.rL1,params_lowPt.rL2,params_lowPt.rL3,params_lowPt.x2,params_lowPt.y2,user_attrs_prune,system_attrs_auto:sampler,state
0,0,,2026-05-18 17:37:06.937225,2026-05-18 17:37:07.658572,0 days 00:00:00.721347,18.51747157150674,68.39894996974668,62.91555424521327,-27.906324257499932,40.75104744473625,8.441370246564695,61.388020405444706,7.940937010412341,48.33799739555485,65.47696029980555,22.734238337660425,31.0453092165486,-53.65193837202277,3.606460774772787,34.17399516703298,77.9609588653612,-11.545611527745827,10.785485236762767,Unfeasible shape,RandomSampler,PRUNED
1,1,,2026-05-18 17:37:07.848481,2026-05-18 17:37:08.263608,0 days 00:00:00.415127,67.84163579759995,80.30113615991174,86.4661850894924,-15.586501223878216,76.02079747082846,12.657819318688933,23.882970637623266,-7.917684427464451,53.234551983526934,99.91147348244125,85.92424715464452,33.139514019379824,-60.51119532607014,75.62185078596782,75.14768169791098,26.081553741475066,-42.62236978269298,30.76708376635166,Unfeasible shape,RandomSampler,PRUNED
2,2,0.008779663752777684,2026-05-18 17:37:08.399750,2026-05-18 17:38:18.258094,0 days 00:01:09.858344,36.564242316803494,83.79354630729759,70.82835922762091,-34.169723792680976,34.435918051304,26.44883846371378,75.94022624423755,-58.60513991588679,75.28937858702685,62.38240134097295,26.2806487922903,72.11771594987697,-75.74193067112617,66.85341035247697,30.429592351582194,46.60955460346904,19.80414545638125,70.4431077957018,,RandomSampler,COMPLETE
3,3,,2026-05-18 17:38:20.020464,2026-05-18 17:38:20.289500,0 days 00:00:00.269036,60.827267309556355,39.656853319193246,75.2452676900007,-42.94512877021859,19.112370600930195,72.8320063296349,67.65890944998353,-14.549231333877287,1.8804882822301003,17.59220478866197,26.290511531401947,5.230974940438714,-77.00344225125775,96.99513073737613,94.24049763370378,12.692761628496854,-41.424197135862286,90.55527371075542,Unfeasible shape,GPSampler,PRUNED
4,4,,2026-05-18 17:38:20.426824,2026-05-18 17:38:20.695654,0 days 00:00:00.268830,20.869266434917495,95.30424298147341,95.24701231042613,-28.622005263521686,56.83824812292141,54.373924935449764,23.851621708652647,18.060996092374765,108.75576791701457,14.781165817805984,43.0392853294877,69.30108224085777,-17.07902716514956,15.354277677759384,56.443608459948024,21.917796560984126,-37.24092513467774,96.72534235963526,Unfeasible shape,GPSampler,PRUNED
5,5,,2026-05-18 17:38:20.831059,2026-05-18 17:38:21.074728,0 days 00:00:00.243669,49.04240368596349,92.4720711733033,8.847763109389271,-48.177116593833816,54.119092860760304,3.52283787255473,61.407640984122196,-18.04007026188887,84.33392245875137,92.43465456800348,10.696452306637973,91.18147028392346,-18.521536344425456,31.16245326073387,39.80618146565659,48.92080195681066,28.485159873028138,-0.29091867489519885,Unfeasible shape,GPSampler,PRUNED
6,6,0.00877966362100692,2026-05-18 17:38:21.221637,2026-05-18 17:39:26.800425,0 days 00:01:05.578788,76.46234599035049,70.4667269179365,16.1394743390113,-34.6581061990213,90.221921138315,2.84536647351157,88.97058268392514,-44.38041100197861,122.79849094329373,30.071862837945655,87.84257713619938,90.20840279811539,-55.952481658367944,92.83527052141713,53.70242945522792,11.42807108719543,-17.228847097969037,78.06619435231585,,GPSampler,COMPLETE
7,7,,2026-05-18 17:39:28.970650,2026-05-18 17:39:29.204292,0 days 00:00:00.233642,59.21705608708107,1.2476530430678554,12.932773059854163,-68.67019669006089,96.65241089621496,80.14219870756021,37.84660633137865,-50.329238472709974,139.5620594061936,74.01887833396668,86.90007644304613,12.35684981931399,-56.26631579291385,11.88662893467521,54.46064185572405,45.578484038925986,-55.03015821214358,21.57286369385786,Unfeasible shape,GPSampler,PRUNED
8,8,,2026-05-18 17:39:29.342995,2026-05-18 17:39:29.636372,0 days 00:00:00.293377,53.63857657361862,94.85998736709334,39.811429900515456,-68.62728852741532,44.48545900282376,23.86875133006086,48.0441106359115,7.484500835902509,151.73229840739467,71.5020545132918,82.87363962673723,12.563856232506541,-30.71458823536075,73.77504782887716,75.33987711801385,31.77478019917182,-49.28629686065723,99.79325747909536,Unfeasible shape,GPSampler,PRUNED
9,9,,2026-05-18 17:39:29.764489,2026-05-18 17:39:29.992487,0 days 00:00:00.227998,56.81437310526202,42.89529462636497,38.79731783390079,-34.00020139542341,6.361183705737499,68.46071817055626,62.77969212920312,6.453624014798066,23.821821105882336,97.1503334042966,43.84135449837391,31.876630305524277,-59.07339995075074,40.97964572106457,83.10275098251691,36.371222018353386,-0.757726477598176,9.007503351345608,Unfeasible shape,GPSampler,PRUNED
10,10,,2026-05-18 17:39:30.124575,2026-05-18 17:39:30.369631,0 days 00:00:00.245056,20.903040171580116,73.89382336371813,10.924989243774169,-42.0225888132449,88.24234852829994,27.01095051509137,38.25214978233348,-34.77718920381476,8.868423244219798,87.61745280756783,25.6787669855467,59.22764445931471,-56.95059065138348,11.1198399733273,55.33866023301288,48.764366866489745,18.711362495953964,2.3698912180598075,Unfeasible shape,GPSampler,PRUNED
11,11,,2026-05-18 17:39:30.496051,2026-05-18 17:39:30.747786,0 days 00:00:00.251735,43.35353104531723,39.341573348368115,20.430083901565226,-43.13041056805917,61.67154890969483,93.18205891832406,16.91151480517073,-5.974566381137102,155.48656426521475,75.44476377201997,58.48060844481905,96.55706001342935,-25.76717930590746,19.321078396433236,97.40519360148666,22.234290873796244,23.923338083156736,30.961170199578973,Unfeasible shape,GPSampler,PRUNED
12,12,,2026-05-18 17:39:30.887418,2026-05-18 17:39:31.185921,0 days 00:00:00.298503,58.709413845482175,60.83046856689569,9.478229710959319,-62.158051522788185,6.419429600553607,36.66844899511828,18.844473574359228,-52.395161181165285,116.5910666958588,48.34498485486922,33.34404471779955,78.00267389024287,-53.5678781814415,92.70265268164906,28.038557592340997,28.53830184740502,-51.570933018139044,-5.341742490034882,Unfeasible shape,GPSampler,PRUNED
13,13,,2026-05-18 17:39:31.318113,2026-05-18 17:39:31.571548,0 days 00:00:00.253435,23.044354865286248,31.581973821226136,71.90587631593262,-66.24696602241721,6.564539549609176,37.47578679625483,66.25254592817075,-40.480238224648836,9.1284107017255,14.343843226188735,44.48364238005045,27.957682190406747,-15.974769492403084,80.08645329651671,17.183622428702172,24.436258453788756,17.938387828046444,15.623063200645085,Unfeasible shape,GPSampler,PRUNED
14,14,,2026-05-18 17:39:31.715253,2026-05-18 17:39:32.039019,0 days 00:00:00.323766,38.28001728958399,71.40726109018895,3.224384212715215,-65.80409828625656,3.684521016505058,24.718931225136384,60.75885661645713,-34.14336456621382,101.5424868033697,30.623482272282327,59.918098055887484,29.995248268701673,-36.877011171694804,31.414954872980722,33.76314758862012,65.08238890965457,16.272379539982424,109.64356110687473,Unfeasible shape,GPSampler,PRUNED
15,15,,2026-05-18 17:39:32.185846,2026-05-18 17:39:32.481975,0 days 00:00:00.296129,24.15136854586637,36.194908686082684,36.88655749229551,-32.92583822415355,3.2521694659784313,97.89036633412134,20.337527209915844,-15.859021273908134,56.457963934388644,49.032326542369255,1.8861558696072533,18.821697568706924,-32.27261154040421,49.37790858796549,18.430525774148435,82.44066106834957,-50.39608547925715,22.090248117935886,Unfeasible shape,GPSampler,PRUNED
16,16,,2026-05-18 17:39:32.620390,2026-05-18 17:39:32.906547,0 days 00:00:00.286157,97.03705216910332,72.21729952995712,93.86321309678546,-39.66600175711278,47.70357094317464,96.52216713969418,68.46845509303475,-19.13229210807451,91.29029582614358,4.915525208685633,37.22550379992326,10.726868330223834,-34.25506119883754,85.39506401307855,87.8830847186645,66.03231073590287,-50.620801696911,50.873786084521996,Unfeasible shape,GPSampler,PRUNED
17,17,,2026-05-18 17:39:33.031522,2026-05-18 17:39:33.280990,0 days 00:00:00.249468,8.865137184928274,85.63839999522277,35.04110086044525,-72.76581314619543,8.699283694533852,48.544925176587434,20.5225250083082,-22.62462677824611,169.529666699259,87.19142310490287,51.23041065805686,76.98711887318764,-44.17520004931188,70.13191611808558,77.64057899230889,94.15420385227706,7.1904859232701455,30.72705463456691,Unfeasible shape,GPSampler,PRUNED
18,18,,2026-05-18 17:39:33.412309,2026-05-18 17:39:33.745045,0 days 00:00:00.332736,45.35553902341173,43.023115722343015,15.089270650062081,-57.15741530512388,44.70224025218671,6.504600005289805,50.026245261665146,9.937359672989984,70.03531977524949,16.132045385724826,1.9584683615872356,68.45059837047718,-21.199991598671154,55.392921830386655,59.137106680384846,85.13531788121635,-15.295930482177724,107.979285861402,Unfeasible shape,GPSampler,PRUNED
19,19,,2026-05-18 17:39:33.879267,2026-05-18 17:39:34.128009,0 days 00:00:00.248742,37.69631237171426,6.716096264801527,44.49412243577492,-26.966265823240207,24.287006526621745,31.15928743863819,57.74105943255068,10.56793217099272,27.472086457689414,68.39990318905866,69.54154783154557,65.34839825282506,-59.96365193033134,41.89537302896437,51.04276655961415,91.10745716848378,-25.021190138290912,56.85215250257609,Unfeasible shape,GPSampler,PRUNED
20,20,,2026-05-18 17:39:34.264067,2026-05-18 17:39:34.493834,0 days 00:00:00.229767,6.251462327032143,44.46109384179559,12.96949033100414,-73.13503318770196,95.1353914518136,63.20813790404465,4.482265741199855,-47.45991604054599,84.91129610743427,71.65247388695016,74.0696651172594,17.961641848139923,-16.434895877791732,10.421923290632103,63.14609539328792,39.03844412970091,15.416196298217997,5.788597475984414,Unfeasible shape,GPSampler,PRUNED
21,21,,2026-05-18 17:39:34.631556,2026-05-18 17:39:34.909720,0 days 00:00:00.278164,7.118412198729174,35.41612150812795,11.517807978443962,-33.77126982279872,72.562038233262,72.1680749905492,89.10495407291785,28.974300064673756,63.985281478966854,50.322621066374275,30.737387253625148,86.63260035412146,-73.26271930778155,75.79692264696133,57.40493657611294,94.45441914611716,7.678480610327526,82.50998523825314,Unfeasible shape,GPSampler,PRUNED
22,22,,2026-05-18 17:39:35.043941,2026-05-18 17:39:35.284376,0 days 00:00:00.240435,32.606538785428334,80.4189952366801,25.766582033806024,-37.27670198875126,39.73147073784957,87.81752905213645,40.89636771873806,-16.1818415092916,116.5109764401619,22.80143926596671,23.730129520704548,32.75234812160337,-19.56538486546728,10.449015541954285,15.707490544773984,31.21469632656753,25.284318294531218,51.09900022709577,Unfeasible shape,GPSampler,PRUNED
23,23,,2026-05-18 17:39:35.411733,2026-05-18 17:39:35.664285,0 days 00:00:00.252552,86.60858658733443,65.79964780921257,7.545016447069038,-72.93255899583038,58.40855516574625,59.44143906385747,14.350513752313416,24.90600721602982,23.810492050864866,57.4303598463861,65.1716225100754,10.928055589485007,-13.83163746778878,71.66705800105571,73.96708907476606,66.94992527372943,20.83312336620925,12.290186177936238,Unfeasible shape,GPSampler,PRUNED
24,24,0.00877966377463215,2026-05-18 17:39:35.797463,2026-05-18 17:40:45.441851,0 days 00:01:09.644388,37.91344992517457,99.15094733653054,34.674455006958624,-77.38306501021091,62.47686630776549,63.1525600688464,60.52575737603123,2.2189968523639934,95.34992894658933,99.35358161152749,61.136180376283065,52.47992995707542,-76.41149826191194,33.950338919261775,69.57906299497478,37.50581757209858,8.57142390286971,65.51272673169079,,GPSampler,COMPLETE
25,25,,2026-05-18 17:40:47.173658,2026-05-18 17:40:47.441935,0 days 00:00:00.268277,51.19126503150669,97.25245597882133,13.025555127835808,-75.36158458344875,32.420201742705274,72.61763380254536,42.07153202543736,-56.26138431133188,69.06555975922048,87.97704816950865,22.961104656697678,14.588265833000888,-61.25638075851988,54.70689521675955,66.55730568539266,5.7053091707644175,-6.92323077658024,60.543155275958526,Unfeasible shape,GPSampler,PRUNED
26,26,,2026-05-18 17:40:47.580183,2026-05-18 17:40:47.831551,0 days 00:00:00.251368,93.22739807366358,52.927175129951245,4.005762239763196,-11.471014052432395,15.20172775274911,85.31240395861724,85.95501916971268,-13.979358111015578,82.08181839630187,95.42725259637298,7.7894214720136015,60.46634764111036,-20.820223101781252,60.94981540139835,53.55706446025386,10.879419996766597,-16.843758565662284,52.424639339202805,Unfeasible shape,GPSampler,PRUNED
27,27,,2026-05-18 17:40:47.971597,2026-05-18 17:40:48.201534,0 days 00:00:00.229937,7.093525454466411,2.593169590400649,4.907326322184437,-18.830736370691376,58.12101637705437,33.38257723093242,8.794479456644737,-51.659705876936265,0.8002954375852447,28.29835965275798,47.05175162796118,19.4942796856772,-44.98765653157584,28.489347537616226,92.43745895027064,92.2707390509968,6.673034434999707,17.701401451246028,Unfeasible shape,GPSampler,PRUNED
28,28,,2026-05-18 17:40:48.352439,2026-05-18 17:40:48.581769,0 days 00:00:00.229330,91.98935465658792,21.127724652568688,39.26832990094297,-22.41921504749383,2.506863855895879,2.9831588401208706,81.84903881600476,-42.532241560222566,55.81142221659357,49.370190105649314,72.38553252751632,26.01819402425966,-26.23156299114141,4.884474982641386,10.425692231731784,60.267591918898546,16.109677938938304,45.76801268262749,Unfeasible shape,GPSampler,PRUNED
29,29,,2026-05-18 17:40:48.743701,2026-05-18 17:40:48.996640,0 days 00:00:00.252939,39.49798755562359,14.328173849670693,51.75335349873267,-67.09281022099539,32.76017735281262,5.637102167169732,71.34787197395632,-12.616067281685993,64.0177600954347,34.050827567807055,59.58166742803708,13.530280213122158,-24.81999001820202,59.34378122284204,60.55257794201005,40.430840889087904,-59.615351237490785,-9.170610010233178,Unfeasible shape,GPSampler,PRUNED
30,30,0.00877966379415149,2026-05-18 17:40:49.152583,2026-05-18 17:41:50.923007,0 days 00:01:01.770424,65.63144371451895,29.803708880951724,2.69258793347023,-28.008760916029857,74.2976538666735,70.66168664077315,23.914999391722386,-40.44018333315904,33.33215432064027,44.86311978507986,49.48400968229458,64.26139428494601,-22.181312789029988,80.5745807839883,11.35270609208865,49.636826774360344,12.214786060529718,-6.14295026147857,,GPSampler,COMPLETE
31,31,,2026-05-18 17:41:52.592619,2026-05-18 17:41:52.822673,0 days 00:00:00.230054,78.96121140765032,90.02325959093496,77.81130357955549,-69.57003528412272,35.55520022746592,70.02351173808754,90.36500932745122,-29.08014594048757,106.40426454311287,57.83846696022463,48.38001141355883,37.24331396824476,-50.78464200722861,71.19326717697051,93.99999225237747,39.975355070302506,-1.3190891759228478,93.51708229538428,Unfeasible shape,GPSampler,PRUNED
32,32,,2026-05-18 17:41:52.966435,2026-05-18 17:41:53.197984,0 days 00:00:00.231549,94.10063081745383,56.83776004812379,31.84600501921792,-36.36348602453403,88.2713196982199,6.016081100429654,76.84072965129735,-41.494769058143845,72.5213833341346,36.24834349126954,77.36456866220705,88.25764606131234,-27.500445241629322,63.647449906846475,87.52973100190161,66.95361736716683,-23.193341257380062,11.099445306745292,Unfeasible shape,GPSampler,PRUNED
33,33,,2026-05-18 17:41:53.332876,2026-05-18 17:41:53.553004,0 days 00:00:00.220128,21.449442216816387,25.956309444400524,2.1617908168640696,-70.94961698218033,88.71846214877355,37.48784653376056,49.119509715364565,-10.348772631925897,111.44995288089086,68.67995205041761,75.7020174741963,19.623817987546687,-22.281113874711238,20.86936219358628,93.59549853019635,13.159689715973556,-33.03871380461176,63.283675351057056,Unfeasible shape,GPSampler,PRUNED
34,34,,2026-05-18 17:41:53.685565,2026-05-18 17:41:53.902865,0 days 00:00:00.217300,63.751707544768294,37.624330012958424,83.90450554655604,-24.69906601858714,91.88427195394476,40.10133435888569,30.624717928676745,-16.176021084619443,34.395208878207605,16.538208120046853,97.46312307594486,11.490424250568584,-72.25589843366234,39.78757643376307,39.555377662679916,48.47030962289805,-3.09728461384762,84.6140199210109,Unfeasible shape,GPSampler,PRUNED
35,35,,2026-05-18 17:41:54.032741,2026-05-18 17:41:54.272650,0 days 00:00:00.239909,68.54143473201304,49.77881663004991,73.29018307425392,-46.27552293670552,9.936209451533214,85.98596682323159,24.28753071069131,-36.7817377210518,7.380339427011528,85.96449939886668,4.901454523152486,17.811037835455874,-10.055338573228795,61.15304984875344,72.61339223015482,23.263352860103776,18.328933332883977,17.953466947923054,Unfeasible shape,GPSampler,PRUNED
36,36,,2026-05-18 17:41:54.406454,2026-05-18 17:41:54.623996,0 days 00:00:00.217542,90.19054852023184,81.6981463060382,11.672623426794237,-53.30203997017031,15.608189233372322,92.91289154497268,49.23852554179074,-34.826861988848364,94.79428218675906,37.20680989778415,73.9237445147792,77.30136296983459,-15.80891621392,96.51420276451111,26.30923985621288,47.40045167270466,-21.813077979338438,37.61381385825151,Unfeasible shape,GPSampler,PRUNED
37,37,0.008779663731604902,2026-05-18 17:41:54.762716,2026-05-18 17:42:45.385795,0 days 00:00:50.623079,67.51471684473927,68.48983729062607,84.9469987031292,-72.07439297341918,82.01395303482317,86.21107251502731,98.35775292445042,-27.19045145245788,14.425821255516933,11.858749824884457,25.975696171775482,36.946922732301665,-59.759058480180805,73.54205394505568,39.56446702603924,57.1199199738578,-13.387360549116124,23.036247841345975,,GPSampler,COMPLETE
38,38,,2026-05-18 17:42:47.013880,2026-05-18 17:42:47.271607,0 days 00:00:00.257727,27.098777599390885,5.595943163350571,37.06140719184097,-78.17103113943526,46.89980795217836,27.0102130483051,89.94259759084306,4.722215423619616,131.3503283740467,23.907584664085714,83.82214233982414,30.682863598691846,-33.98067712015117,48.68663472427545,51.002265968181725,97.89675592473833,-35.40394393314181,15.792423677833746,Unfeasible shape,GPSampler,PRUNED
39,39,,2026-05-18 17:42:47.423758,2026-05-18 17:42:47.693795,0 days 00:00:00.270037,68.87683020755065,24.778715936055104,1.2206220073131362,-12.11971702688571,64.33552880375836,86.90593209164822,89.24364697662415,-39.029409054370376,6.076791157532767,79.63982593440997,75.12156602593708,20.764764307412076,-25.122764437338674,72.57326830399873,5.160469682051174,61.604630778139345,22.09547292939743,57.286271549105905,Unfeasible shape,GPSampler,PRUNED
40,40,0.008779663674352234,2026-05-18 17:42:47.828510,2026-05-18 17:43:39.999433,0 days 00:00:52.170923,58.872057515439394,57.676324698223894,57.56173239237626,-26.203618810506335,62.87178444577271,69.65203665380398,74.89745900184357,-37.09803840002081,161.3808292241547,42.2943185625982,64.4894064050626,87.76880442335097,-19.194480460911244,95.3307108893532,95.58976384033444,44.6597891845811,-55.07014392038671,99.08907082466885,,GPSampler,COMPLETE
41,41,,2026-05-18 17:43:41.594901,2026-05-18 17:43:42.028950,0 days 00:00:00.434049,36.043097429358944,80.01685596172551,70.25291301068988,-57.37370970305223,24.72877517237998,70.9779803893794,72.71468991103406,-22.048693213859465,15.902658940815936,36.081543918326254,3.4465097487344822,19.351243343771433,-67.89759256841911,47.398781781707925,92.52120988253486,59.945213434246554,10.063328882313613,73.7625062507215,Unfeasible shape,GPSampler,PRUNED
42,42,,2026-05-18 17:43:42.168622,2026-05-18 17:43:42.444299,0 days 00:00:00.275677,29.252162816070175,74.72643329582756,72.28703532549652,-12.360847080708623,77.28289581109829,29.641828917684553,80.97102766067913,27.201072283420984,52.39292315491864,71.39698301350452,23.41427159011284,3.4468348827356454,-31.422252013786363,90.68001018194268,63.591880610037606,5.408202107124136,-38.438585998075254,55.21884204878357,Unfeasible shape,GPSampler,PRUNED
43,43,0.00877966378755512,2026-05-18 17:43:42.589728,2026-05-18 17:44:34.255299,0 days 00:00:51.665571,25.99049669436823,67.6048380377269,92.00270778399366,-50.184748209452216,69.74365714941588,83.74076392275659,32.6607028565728,-54.92573300974169,124.79504105200209,80.34395401074624,48.46063837678454,84.06433979988616,-69.17492502380222,24.020393053350407,47.8748606971951,97.75979899823324,-32.171335847415435,14.118006804017625,,GPSampler,COMPLETE
44,44,,2026-05-18 17:44:35.596148,2026-05-18 17:44:35.815355,0 days 00:00:00.219207,54.73316737677121,85.85586493634916,87.83036999834685,-35.973562450928064,45.07211243170726,74.4909920665521,77.22860705647541,-47.65848913380745,-5.42687976963837,81.14645593696972,40.30250262968978,40.29168635162383,-79.44488075717231,74.37624269313014,4.314217936979657,17.78269471336924,29.233439083346838,49.157358393106385,Unfeasible shape,GPSampler,PRUNED
45,45,,2026-05-18 17:44:35.963554,2026-05-18 17:44:36.185387,0 days 00:00:00.221833,51.559718769076476,98.7627432906554,64.1144807510011,-61.75835723972142,69.36327054237678,15.772005808425876,66.77730117938924,-2.445704850666786,125.45704943844822,74.76610201146761,19.36545879152621,60.83186635494917,-58.67216577696979,7.432388960581824,99.27849943691467,14.809273920542209,16.239736869379257,10.466206089542975,Unfeasible shape,GPSampler,PRUNED
46,46,,2026-05-18 17:44:36.315315,2026-05-18 17:44:36.525123,0 days 00:00:00.209808,43.46028014692452,55.65400214929257,3.4495378634198213,-47.911289727627654,68.42131943718331,59.48020449324393,59.40980954588654,-50.1500265589537,54.85995972892944,26.21360103863442,76.53355324048538,32.37056485473164,-51.05937703746938,26.08508668974791,65.1311935483325,86.5700766193772,-0.25684482057383207,-8.248101794314824,Unfeasible shape,GPSampler,PRUNED
