,number,value,datetime_start,datetime_complete,duration,params_highPt.lL1,params_highPt.lL2,params_highPt.lL3,params_highPt.rA2,params_highPt.rL1,params_highPt.rL2,params_highPt.rL3,params_highPt.x2,params_highPt.y2,params_lowPt.lL1,params_lowPt.lL2,params_lowPt.lL3,params_lowPt.rA2,params_lowPt.rL1,params_lowPt.rL2,params_lowPt.rL3,params_lowPt.x2,params_lowPt.y2,user_attrs_prune,system_attrs_cma:generation,state
0,0,,2026-05-18 14:01:35.422964,2026-05-18 14:01:36.322495,0 days 00:00:00.899531,63.02641871842659,59.79511154344353,85.8036254569248,-67.63922227721706,25.719707246211897,83.07623563167245,96.8696508325663,32.218432188818966,7.776480727836592,6.3834677897694645,82.38548721486521,81.42699794747118,-10.470733765563978,51.826404954622085,44.233115805039965,73.42991123055072,10.610782886073778,46.51710082911595,Unfeasible shape,,PRUNED
1,1,,2026-05-18 14:01:36.444377,2026-05-18 14:01:36.745139,0 days 00:00:00.300762,6.3617251416792655,21.944706401682662,76.08868194818044,-32.45986254909838,35.726234559868615,35.781736794672945,87.30588283110446,31.506752414900745,96.62744855174722,25.999618623373816,82.80429733559546,29.45309688902741,-79.82294760291768,85.87396941175473,11.381888065548129,90.39462689563885,12.56965158302528,-35.92082370937736,Unfeasible shape,,PRUNED
2,2,,2026-05-18 14:01:36.835328,2026-05-18 14:01:37.744071,0 days 00:00:00.908743,41.927308135290005,2.4017354009039824,95.15044010199017,-57.40109522570162,29.777828304216403,46.281016230803374,27.392847518389388,20.874901137728685,44.73131851457977,62.63839485094422,23.6037562205843,83.66608678464185,-65.41965622522568,72.35266455246742,47.33129991677495,98.93214629404311,-12.807339939121263,-20.44895297403749,Unfeasible shape,,PRUNED
3,3,,2026-05-18 14:01:37.837721,2026-05-18 14:01:38.084363,0 days 00:00:00.246642,64.28059732169751,33.295480284068326,23.70541342920817,-37.69852245771928,26.402614809188485,84.82357402744559,24.98532087745008,-27.74405376724559,130.64888910804282,28.55717899448615,22.917225030114892,91.57585955140613,-23.040636235196935,62.485461025437424,96.70249322086343,64.1988610896138,23.303935424471035,42.22608228895801,Unfeasible shape,,PRUNED
4,4,,2026-05-18 14:01:38.173050,2026-05-18 14:01:38.432391,0 days 00:00:00.259341,85.75186413263353,98.86699209057294,22.779078172392477,-75.26766036372022,38.732832277890594,2.87303594851459,99.24665902512358,26.335174113656336,141.6244019991717,62.49710365480714,65.23609876571192,32.68195892612145,-39.20378463184897,22.885475850242944,54.53794517839186,80.4239398228811,40.50795275594099,39.57109613364706,Unfeasible shape,,PRUNED
5,5,49.16588068789376,2026-05-18 14:01:38.519491,2026-05-18 14:02:34.156444,0 days 00:00:55.636953,26.387236028414524,72.76415266603283,40.322398538612966,-15.690946114638606,46.55767642506419,10.358681420985423,40.898889549063256,20.524405629392973,73.89764084967163,47.62814018470458,84.61220850813119,17.017567625527203,-69.80306015601906,62.43766747620487,72.31482649217249,96.8186945328844,21.603791776403597,-1.039939380209482,,,COMPLETE
6,6,,2026-05-18 14:02:35.555760,2026-05-18 14:02:36.074314,0 days 00:00:00.518554,91.15181699268324,18.69278493197761,83.80202032225795,-50.336877343727,54.936773486364444,58.715457478302774,52.58809670317969,3.773762788382328,88.32978923071579,52.71140691628389,23.259807923807916,64.72056339261553,-39.283998259378585,69.74760459083413,68.26307680933773,36.75513060634966,21.430252385347842,31.361795555785392,Unfeasible shape,0.0,PRUNED
7,7,,2026-05-18 14:02:36.180701,2026-05-18 14:02:36.388385,0 days 00:00:00.207684,33.958922294910906,57.601552598341556,75.5215178230786,-52.98177070603621,61.758048930999486,38.78527158214667,59.69007787562625,28.204332055265994,21.904842090240386,54.12489963222952,66.43478597231709,41.408289602243535,-33.82887297491563,83.25610135032674,52.0880525984884,53.895296417029314,31.915119844637523,19.434929454093023,Unfeasible shape,0.0,PRUNED
8,8,,2026-05-18 14:02:36.516729,2026-05-18 14:02:36.756497,0 days 00:00:00.239768,43.748671195857945,43.7597395565786,31.247280896687926,-41.7114663034526,50.806436349994435,62.48393016366765,71.71406251181124,-4.741195822390317,105.19365482176602,55.06130802854475,31.30506664603778,46.35394302009922,-34.22247155465477,42.35035462348806,24.76420554608612,53.415370782553026,60.99521716148425,19.076363229301954,Unfeasible shape,0.0,PRUNED
9,9,,2026-05-18 14:02:36.857386,2026-05-18 14:02:37.066587,0 days 00:00:00.209201,21.119521779158198,50.32797451525596,94.51925051963165,-52.1864891589575,55.880665832807566,33.89192440492312,57.71798158053709,-0.15784253023692685,51.072920934010654,64.48852145285461,52.3484088830003,50.170967071073285,-35.9005530971856,43.102018602071816,46.659213897196764,33.07496705074112,35.87186443076463,-21.67239452758782,Unfeasible shape,0.0,PRUNED
10,10,45.67082469736397,2026-05-18 14:02:37.166644,2026-05-18 14:03:40.410951,0 days 00:01:03.244307,67.40201922719257,42.01752529546214,44.40740787347107,-55.28987944065801,31.710109120430392,34.408927284585495,48.56793705681601,24.97083918033897,-1.9230671152610057,72.37448022998002,58.12279499186643,49.699293038586895,-44.80345973296382,44.25725739307656,22.017619904823555,51.722870598282995,4.254686912909246,-13.811906177242761,,0.0,COMPLETE
11,11,,2026-05-18 14:03:41.806145,2026-05-18 14:03:42.028447,0 days 00:00:00.222302,64.85793203162129,45.99668352301998,73.16861261613774,-67.63151301014251,63.58752343158459,21.430323832216853,42.77294001805256,9.175441119076972,58.993720426652075,20.551039501610703,53.981309954638775,67.61500666821281,-47.98180223914888,63.56213182055741,17.60762457110729,47.557632834572075,44.797961320239246,-21.44539322056063,Unfeasible shape,0.0,PRUNED
12,12,42.98849532407099,2026-05-18 14:03:42.134501,2026-05-18 14:04:54.032626,0 days 00:01:11.898125,69.09003597888115,44.63017718002643,48.08690437801937,-66.52120836669683,56.77484210900511,56.37500860235538,34.741508010861494,-0.010828169798728027,31.29644275790259,56.629850368645094,59.64836723060131,47.528496114799836,-43.85044906425889,51.74416782754188,48.96442152543852,56.205407969649876,7.850251501710272,-3.96712694614164,,0.0,COMPLETE
13,13,,2026-05-18 14:04:55.575886,2026-05-18 14:04:55.851626,0 days 00:00:00.275740,53.79370071316917,31.644706298825305,19.673646125419257,-30.50448494992576,53.92923716939244,90.23014882718462,20.51240557377272,-10.895611252722848,65.57900246011897,29.804970058884273,37.536072027597044,53.02694448244184,-41.040563094356706,32.94589997026789,78.81054695477198,42.85263717972555,57.50641057798673,-25.32046894090049,Unfeasible shape,0.0,PRUNED
14,14,,2026-05-18 14:04:55.965941,2026-05-18 14:04:56.241227,0 days 00:00:00.275286,71.75931814605717,49.54379868974553,40.24832365349788,-32.1702607875739,43.01595287310815,40.76724485296945,41.50857068161076,8.121617071328664,57.44340607710073,54.26520232516787,70.41862405043351,32.132830570035594,-77.21462251581502,28.083426651693333,16.001302781759485,38.504212118910836,24.86950110276404,22.456784398006974,Unfeasible shape,0.0,PRUNED
15,15,,2026-05-18 14:04:56.345798,2026-05-18 14:04:56.591938,0 days 00:00:00.246140,36.6972671492331,64.09686214922974,59.30784185313284,-46.080699204899446,41.26957775557398,46.668303538890996,39.38195392971132,3.857487821341735,50.00366621937266,56.37768351457917,45.04984932529758,44.03386232985478,-25.714461388073737,20.842826190871005,57.16347334301032,39.34742720192792,28.63283885620355,21.190577443349625,Unfeasible shape,0.0,PRUNED
16,16,44.158084049753064,2026-05-18 14:04:56.701591,2026-05-18 14:06:04.392379,0 days 00:01:07.690788,58.56292881603986,86.54280573076932,36.54518251623535,-49.272277274735366,44.16740892493302,66.25724548653632,84.54768970400124,-1.9785257507903538,39.06000742122341,87.76283553228109,41.56733417550539,62.17794120462433,-42.49569839895548,18.972539685272338,37.26054007049674,41.409667488711676,21.64969516766579,2.093446427247514,,0.0,COMPLETE
17,17,,2026-05-18 14:06:05.771471,2026-05-18 14:06:06.053333,0 days 00:00:00.281862,51.67035283358382,65.56038796675547,43.12790493436773,-41.10344663598861,64.15173349879049,31.976498744102397,72.96662722905702,30.13482044709525,12.001264516974246,79.6386533580013,49.21847618051734,43.45800699030696,-39.0608132767832,50.15700883990649,37.08090883161453,42.58175918126087,47.32363468588379,-3.4794405759596074,Unfeasible shape,0.0,PRUNED
18,18,,2026-05-18 14:06:06.169381,2026-05-18 14:06:06.439720,0 days 00:00:00.270339,31.394021216222903,67.94262024342402,65.83458041444477,-49.298335271548055,55.991954751006915,68.27124774232938,58.28006068816672,35.95074240253268,61.07600537013428,43.102678046715965,40.68644112370402,84.36796749401616,-49.3084134006907,51.43095181829602,49.06084206756972,63.04350036648316,56.45147848854944,-11.427382094903134,Unfeasible shape,0.0,PRUNED
19,19,,2026-05-18 14:06:06.545741,2026-05-18 14:06:06.784126,0 days 00:00:00.238385,35.35567826827507,68.94121364959523,43.67054195402829,-33.08978335295283,45.941407842040675,42.40920802265412,55.83376819375982,23.602250210454436,71.86928614256495,53.26178762587963,55.679204363705104,26.776882574219936,-60.26948810631184,66.4143020758418,33.827038729423656,50.60261521972339,62.34909177546612,-26.615479626029213,Unfeasible shape,0.0,PRUNED
