,number,value,datetime_start,datetime_complete,duration,params_highPt.lL1,params_highPt.lL2,params_highPt.lL3,params_highPt.rA2,params_highPt.rL1,params_highPt.rL2,params_highPt.rL3,params_highPt.x2,params_highPt.y2,params_lowPt.lL1,params_lowPt.lL2,params_lowPt.lL3,params_lowPt.rA2,params_lowPt.rL1,params_lowPt.rL2,params_lowPt.rL3,params_lowPt.x2,params_lowPt.y2,user_attrs_prune,system_attrs_auto:sampler,state
96,96,,2026-05-18 20:36:51.953297,2026-05-18 20:36:52.333986,0 days 00:00:00.380689,55.645719521484665,65.64373126429048,32.49520922179529,-44.45430497675015,38.25898047898211,49.03603195429309,19.207032861747734,-60.0,20.809976553515313,35.66555829416432,36.07844079171315,53.29308384915273,-75.15925805962269,27.42994169279902,3.475314859784767,21.388359162547147,-29.99232663824088,14.512250655785582,Unfeasible shape,GPSampler,PRUNED
97,97,,2026-05-18 20:36:52.501747,2026-05-18 20:36:53.652215,0 days 00:00:01.150468,55.675571682789226,65.63870193276445,32.42594893671462,-44.48427862680767,38.26774983764313,49.079089515035875,19.224639225342393,-60.0,20.784458730026618,35.60748982549334,36.07635665642355,53.32388562306705,-75.14654842680345,27.48967145149013,3.506962724726951,21.332868659510062,-30.01698565867944,14.446642133002968,Unfeasible shape,GPSampler,PRUNED
98,98,,2026-05-18 20:36:53.846258,2026-05-18 20:36:54.376876,0 days 00:00:00.530618,55.65078459062668,65.65160737341728,32.41866571550392,-44.49892342085231,38.25424556462695,49.074798527849346,19.223081976209272,-60.0,20.755663293383403,35.56732882500691,36.08114683341784,53.31341351777306,-75.1695698464102,27.441222927874954,3.5137296842612997,21.364309589948103,-30.000452936944246,14.495203530853892,Unfeasible shape,GPSampler,PRUNED
99,99,,2026-05-18 20:36:54.534083,2026-05-18 20:36:55.276318,0 days 00:00:00.742235,55.66777532461976,65.66197765077987,32.437203356366936,-44.488446461610145,38.23708241200007,49.06107413713341,19.195990070052453,-60.0,20.78319616128044,35.60751494233844,36.0675856041567,53.3368057056604,-75.152107460869,27.443045761686925,3.5007992351297417,21.326793937961664,-29.99972442454506,14.480255805234833,Unfeasible shape,GPSampler,PRUNED
