,number,value,datetime_start,datetime_complete,duration,params_highPt.lL1,params_highPt.lL2,params_highPt.lL3,params_highPt.rA2,params_highPt.rL1,params_highPt.rL2,params_highPt.rL3,params_highPt.x2,params_highPt.y2,params_lowPt.lL1,params_lowPt.lL2,params_lowPt.lL3,params_lowPt.rA2,params_lowPt.rL1,params_lowPt.rL2,params_lowPt.rL3,params_lowPt.x2,params_lowPt.y2,user_attrs_prune,system_attrs_auto:sampler,state
0,0,,2026-05-18 20:31:32.670269,2026-05-18 20:31:33.428497,0 days 00:00:00.758228,54.54913557041305,51.0186972861906,36.13568652550841,-41.876837014400444,6.26439575604727,8.958366910164466,35.151566022196114,25.771608571501503,115.5344668874338,51.23858782219526,67.15055349182748,15.31837475079123,-48.981885832793786,73.54311532565544,77.55307051042143,27.69102199997684,-22.777377842183917,11.782625790989805,Unfeasible shape,RandomSampler,PRUNED
1,1,,2026-05-18 20:31:33.557021,2026-05-18 20:31:33.790088,0 days 00:00:00.233067,35.28461250530757,21.81741631174318,3.9029441640347455,-63.242292060479706,48.04902039332982,9.590869159628092,49.85328874643336,29.472046729471586,89.90577003926364,37.01764418396791,41.56822875131358,70.985832506039,-19.630516913942046,14.941231875093065,7.563458927344739,16.135774563291633,-45.53205173026769,2.1472888402419077,Unfeasible shape,RandomSampler,PRUNED
2,2,,2026-05-18 20:31:33.916128,2026-05-18 20:31:34.171182,0 days 00:00:00.255054,79.63000561415707,44.528366080553276,1.3733462851148897,-66.49041440735628,41.56670645624535,68.52731678194088,61.60147125182089,-46.31266713587427,29.12289488765179,64.25779737798652,8.784128672292306,69.31354984200944,-52.95031049628843,40.13003066661947,69.10488440682431,30.592079128674463,-11.245897601859333,-0.11670491993506893,Unfeasible shape,RandomSampler,PRUNED
3,3,,2026-05-18 20:31:34.298236,2026-05-18 20:31:34.574161,0 days 00:00:00.275925,15.387558534914675,39.59110200774999,49.329417032247434,-24.665932719893753,35.522904249195506,19.458304557053754,36.748265864818514,-58.66551731041641,17.180482298288233,37.94437490623774,32.81605258956334,35.70963345869212,-40.91870190251684,18.108311062499816,12.62458318363006,51.20339186454168,-10.73927244777014,-4.582032935297873,Unfeasible shape,RandomSampler,PRUNED
4,4,25.630049312205998,2026-05-18 20:31:34.707205,2026-05-18 20:31:58.582581,0 days 00:00:23.875376,72.40743414471692,27.115183760060788,32.119455671606346,-74.47289687529572,10.560862306695022,2.1273614516589476,13.927304558046249,-36.38077887809243,96.84877650434677,54.112890127890076,13.640740618522495,52.7285382349603,-63.46605803804189,79.91382988418002,24.96117085678644,13.598158671244262,-1.1317914386581407,-9.00171492470105,,RandomSampler,COMPLETE
5,5,27.658778707518017,2026-05-18 20:31:59.443730,2026-05-18 20:32:23.179697,0 days 00:00:23.735967,13.141756647154182,3.112664291841043,17.986363773857097,-31.274441084777067,29.653921365024974,41.67820549291278,69.08855693911045,-3.7089900434145164,65.74415239665787,23.92795330391377,2.936441732838001,62.756870312688925,-44.15439281950807,46.069813698469225,38.46122646120802,41.84729683068722,-31.00520905842265,16.71570532417265,,GPSampler,COMPLETE
6,6,,2026-05-18 20:32:33.710014,2026-05-18 20:32:33.985836,0 days 00:00:00.275822,78.52881215343268,13.9760067414709,58.35854833583466,-10.294186445916665,27.211845053963383,71.44049846025302,38.76531145388832,2.3948059462954134,97.13923724183861,61.77724237031822,21.30895596268745,64.3821624689873,-40.48704436074612,10.532293708590965,40.547581171558186,56.820392621915936,-19.310015171642263,23.03320034758069,Unfeasible shape,GPSampler,PRUNED
7,7,18.01082789173721,2026-05-18 20:32:34.141726,2026-05-18 20:33:00.792059,0 days 00:00:26.650333,31.00634420946233,48.682169883493245,14.303017725973383,-27.063120127638022,70.94000387458216,13.96356692275695,46.39802002565704,-26.307809079809672,36.59984909472418,49.17342029323683,22.432486756397147,53.47761888338195,-60.55386006339746,6.200064435333925,19.264251233536413,71.15687388751026,-19.238075462101776,24.40373851976257,,GPSampler,COMPLETE
8,8,,2026-05-18 20:33:02.512493,2026-05-18 20:33:02.793425,0 days 00:00:00.280932,44.508240549905956,20.303375085120013,50.60130685168033,-62.64263881389646,79.49838661798194,49.26330918817646,53.866678535293936,11.248283106865898,84.36084708085494,8.871862919249176,27.877977668708272,71.08261077531317,-84.45736560404605,55.356712530265206,66.35070869314036,58.672591776983204,8.903679068243221,61.98246102557857,Unfeasible shape,GPSampler,PRUNED
9,9,17.647309812792614,2026-05-18 20:33:02.956271,2026-05-18 20:33:26.776209,0 days 00:00:23.819938,55.13335329581368,65.19998447666202,29.191753355353907,-69.46195287944096,56.65189904222061,42.02486066362909,64.20558249316235,-49.76147193779018,52.075836861617624,32.40511377656286,9.486462054257885,58.69286951995105,-74.08209364134281,12.210395647120762,25.766149724849384,64.66948271748153,-16.184633141931982,15.659184332881864,,GPSampler,COMPLETE
10,10,27.39166386617999,2026-05-18 20:33:28.450791,2026-05-18 20:33:47.110177,0 days 00:00:18.659386,19.149184002114524,51.183158979996556,63.93249651489142,-39.148417305006866,26.41723188898334,24.040889262575305,10.041855335621847,-29.575126190704037,66.51933851174518,33.808211102748196,52.54207878314378,23.735969857425037,-68.3674136487928,65.90350184350802,55.629573952975406,76.42995252575605,-11.609899619988639,48.91382694385673,,GPSampler,COMPLETE
11,11,,2026-05-18 20:33:48.225642,2026-05-18 20:33:48.454706,0 days 00:00:00.229064,31.570854828379908,33.90984109580033,45.83509589896279,-32.793466552320254,54.949507986611785,38.087911053387366,77.00259776033617,26.872201672475356,66.89235627382985,23.71309821299681,32.85759248500137,28.774144622222007,-65.67683982935773,51.13086122257963,59.663759867998046,31.947198006288374,-52.052765595852875,3.4794094240713846,Unfeasible shape,GPSampler,PRUNED
12,12,,2026-05-18 20:33:48.611733,2026-05-18 20:33:48.838547,0 days 00:00:00.226814,64.12822515986113,42.5972015587116,33.679943601313695,-55.53591369345398,26.217899986925396,4.583253597670245,15.901029155589768,-41.01447315727524,24.230226623594405,22.38243881505573,73.18536493737535,45.21358150927513,-59.64489331381351,3.289878532614231,39.250719937886664,24.24732661996889,7.030712789535869,66.68758153462092,Unfeasible shape,GPSampler,PRUNED
13,13,,2026-05-18 20:33:48.971197,2026-05-18 20:33:49.203424,0 days 00:00:00.232227,72.97610542535759,23.624294026963895,50.658567730291686,-48.898304561173845,75.53572660078986,22.8178182485402,1.8533962401337258,20.391541831608876,30.655432616876517,11.785411785272574,46.25526162950033,15.144134677030356,-64.07206769091528,29.397765860895266,33.47097454657874,11.36222749857926,-50.213479555696566,47.19917777332276,Unfeasible shape,GPSampler,PRUNED
14,14,27.40905185792622,2026-05-18 20:33:49.336760,2026-05-18 20:34:06.845069,0 days 00:00:17.508309,47.88108133246077,12.940271775509185,48.06357766573137,-41.75947211710616,77.60179359641907,67.96674017552587,59.57601624162027,-43.80110083573821,76.06230493344881,28.434998774564033,15.332242029605558,18.77140194017773,-77.34589646816691,63.62044092059124,31.259868925122984,63.235724746269504,5.525858573212702,21.714581334683505,,GPSampler,COMPLETE
15,15,,2026-05-18 20:34:08.623472,2026-05-18 20:34:08.868916,0 days 00:00:00.245444,12.28617494274391,17.053476535023275,79.41982104629994,-53.99953200402755,18.08649338791933,3.2465642547115765,35.65910581130671,19.37798425577236,9.592083269621178,53.860162015252584,51.568277642664,78.87291029658272,-42.342251843184,3.2053439588349577,40.87895362485539,10.544911071604751,28.68694467391677,22.562271936426377,Unfeasible shape,GPSampler,PRUNED
16,16,13.352896213080825,2026-05-18 20:34:09.036929,2026-05-18 20:34:34.795444,0 days 00:00:25.758515,50.656228907354865,57.54589649037743,31.08870875556681,-58.78891203298054,27.552191524878996,56.7584531249998,11.310673052183093,-58.91143912238078,29.013033490413598,24.52223850407882,43.93269901813136,44.06541792799907,-77.82752863864873,47.156655774045,13.145717359480507,12.861875488887925,-30.08547480976184,18.85530386631836,,GPSampler,COMPLETE
17,17,27.6206994296894,2026-05-18 20:34:35.602179,2026-05-18 20:35:00.512426,0 days 00:00:24.910247,52.01902124237886,46.792499505759736,10.360783105733146,-58.12842070665414,27.24006280706332,50.220638582328526,71.20302475332335,-12.2195560583924,71.63288960385269,6.542314597256129,25.211537971602322,19.199966522970634,-36.63560397425127,2.169675669115482,69.30383197263141,73.06325309533986,-26.291897894580693,49.802052005981025,,GPSampler,COMPLETE
18,18,,2026-05-18 20:35:02.899599,2026-05-18 20:35:03.181412,0 days 00:00:00.281813,16.589833600050127,75.17502721848315,49.17492813144651,-18.18150837775704,32.458762525696514,24.557015539501784,76.90952420095495,-36.199206425196394,6.901367347267527,49.10165564842653,18.21044488963482,15.572143408284564,-24.108204568315585,17.009076203706044,53.6234700051729,23.75133359147186,-28.269274108290833,41.283008545596445,Unfeasible shape,GPSampler,PRUNED
19,19,,2026-05-18 20:35:03.365857,2026-05-18 20:35:03.603293,0 days 00:00:00.237436,47.50058341109799,33.78849613927556,30.22412064830208,-69.89851115006266,69.474479937616,64.04240634612137,71.79071207752447,-58.66725333192696,47.14674455597092,3.319217523517573,32.94483523129784,33.29212223278382,-74.5482694197631,76.23265793047223,68.24868690000216,1.5892699441254754,21.9818244308931,6.4792236142591975,Unfeasible shape,GPSampler,PRUNED
20,20,27.258736992883144,2026-05-18 20:35:03.742331,2026-05-18 20:35:26.398852,0 days 00:00:22.656521,7.334918659127671,4.90611446527247,66.52452779230966,-24.263534813094452,76.37113831165412,33.45217420752317,46.927887323191555,3.5380450984274034,63.79558347914325,45.72111987245778,77.47959173157008,26.156397695572323,-41.99584739795827,2.0860105366331543,19.570478057745273,2.6676230190587438,-32.42650551855241,57.8657661744532,,GPSampler,COMPLETE
21,21,17.769534664925217,2026-05-18 20:35:29.449482,2026-05-18 20:35:51.580914,0 days 00:00:22.131432,60.44818285550702,26.43505337028433,63.05666464242336,-5.644199904522665,60.94547533285419,9.1681201776131,53.249355661645644,-39.45982712183509,77.29815270982938,73.18333514127755,10.558492097770685,52.241060991155855,-47.86469721263819,20.81548854153175,10.778230929912798,47.153659677974964,-3.357824516768794,8.989065923236055,,GPSampler,COMPLETE
22,22,,2026-05-18 20:35:53.043545,2026-05-18 20:35:53.946556,0 days 00:00:00.903011,55.654978743056844,65.65075101987102,32.42445537389147,-44.50744817456358,38.25752885088772,49.076306292116186,19.199198023631144,-60.0,20.765429894847728,35.59716065825524,36.07336824145518,53.32068323895292,-75.17366001633971,27.451723235018807,3.501343836335619,21.35019921846252,-30.002351661527246,14.48897218123529,Unfeasible shape,GPSampler,PRUNED
23,23,,2026-05-18 20:35:54.124040,2026-05-18 20:35:54.490335,0 days 00:00:00.366295,55.677893368990574,65.6405719005058,32.46808985638587,-44.44343401376336,38.27142084347682,49.049878812366806,19.212804617165222,-60.0,20.791823760326153,35.63838420062774,36.04787102856118,53.328612219468575,-75.15722110171912,27.43032158286513,3.4945057914090953,21.355175874487028,-29.98695125504475,14.478752330067351,Unfeasible shape,GPSampler,PRUNED
24,24,,2026-05-18 20:35:54.638481,2026-05-18 20:35:55.299765,0 days 00:00:00.661284,55.66203674646406,65.62065559268711,32.464826797919535,-44.42778277782942,38.26456178464132,49.05548015284781,19.20909176736135,-60.0,20.782013317306177,35.6315465679971,36.06842135378833,53.3151965882045,-75.15169153957038,27.435465516916906,3.4979020294382535,21.352723429613064,-29.99244216170301,14.480014098460732,Unfeasible shape,GPSampler,PRUNED
25,25,,2026-05-18 20:35:55.459930,2026-05-18 20:35:55.862738,0 days 00:00:00.402808,55.673419763241064,65.63007743725476,32.433909164037914,-44.4367788304318,38.278220266182636,49.08094293396335,19.242901784776805,-60.0,20.756254546371515,35.712019694144246,36.06991294153176,53.339429200579616,-75.15571911862229,27.38744463812116,3.5091623033103563,21.332359454254355,-29.95856839268728,14.462393438247677,Unfeasible shape,GPSampler,PRUNED
26,26,,2026-05-18 20:35:56.019391,2026-05-18 20:35:56.399397,0 days 00:00:00.380006,55.671877892640815,65.65026245065523,32.442919034057724,-44.464193284020496,38.244291365660175,49.05604312871814,19.209286636488393,-60.0,20.778415270692538,35.613253661169495,36.072453525569294,53.31679302874136,-75.1682727471792,27.435364014430085,3.4916777945442634,21.356673551073044,-29.991467381129347,14.482147244013426,Unfeasible shape,GPSampler,PRUNED
27,27,,2026-05-18 20:35:56.557017,2026-05-18 20:35:57.018975,0 days 00:00:00.461958,55.6742853818754,65.63715755297872,32.477575280300684,-44.447969478887075,38.29121699567107,49.03595385081206,19.211923620922757,-60.0,20.80356300400228,35.634731120328745,36.04396928984035,53.31938302788532,-75.14958838461521,27.438394656434,3.487460733499442,21.363497367918292,-30.00296402338016,14.459748168989861,Unfeasible shape,GPSampler,PRUNED
28,28,,2026-05-18 20:35:57.183618,2026-05-18 20:35:57.610392,0 days 00:00:00.426774,55.6492825986015,65.65682274923017,32.4478966959233,-44.56156322228018,38.24948461471452,49.054132524103686,19.13805289896245,-60.0,20.774531152922297,35.556775897564386,36.03994629902191,53.33413716792471,-75.20185017021696,27.43013030289216,3.502249980449492,21.32978890883352,-29.993040843244582,14.529265527769567,Unfeasible shape,GPSampler,PRUNED
29,29,,2026-05-18 20:35:57.761416,2026-05-18 20:35:58.688211,0 days 00:00:00.926795,55.63758040831325,65.64526850675549,32.47089479725136,-44.461898769738596,38.24634857921835,49.08680431404114,19.227906855230938,-60.0,20.771087589364182,35.64789380795072,36.05152283059669,53.351150860755155,-75.21250092890106,27.446420540840155,3.494789605120006,21.360528122605032,-30.019273583969994,14.49689087288375,Unfeasible shape,GPSampler,PRUNED
30,30,,2026-05-18 20:35:58.861342,2026-05-18 20:35:59.486512,0 days 00:00:00.625170,55.631515515381075,65.63405390802171,32.46765756087986,-44.434347088097056,38.300574944937594,49.06658637966929,19.21375081271213,-60.0,20.76575141871318,35.58252309989724,36.07837996068687,53.29691802817915,-75.15684784884019,27.432119367060118,3.483869730311642,21.346280746726418,-30.005625942011356,14.503172080508357,Unfeasible shape,GPSampler,PRUNED
31,31,,2026-05-18 20:35:59.643560,2026-05-18 20:36:00.315809,0 days 00:00:00.672249,55.70068696661038,65.66101833309573,32.45969857261278,-44.44569061519761,38.24736186998005,49.06233363125038,19.20750746570986,-60.0,20.78597373913491,35.62988350868252,36.04143324913214,53.32433001769919,-75.15279797310693,27.439837772241205,3.5005879734802585,21.374505364345772,-29.986366435890865,14.469030661185919,Unfeasible shape,GPSampler,PRUNED
32,32,,2026-05-18 20:36:00.461362,2026-05-18 20:36:00.757358,0 days 00:00:00.295996,55.67266212340062,65.66962651121564,32.43777440382817,-44.43669058645214,38.265201410216875,49.06693964183653,19.215391366719,-60.0,20.74125451406536,35.63644368942748,36.06279752063497,53.327429732653954,-75.16006656633952,27.392532078368664,3.496469951350832,21.34998996878019,-30.01024195123993,14.47497375632721,Unfeasible shape,GPSampler,PRUNED
33,33,,2026-05-18 20:36:00.884559,2026-05-18 20:36:01.203696,0 days 00:00:00.319137,55.67624926654677,65.64724429188921,32.45671223444987,-44.4431504824299,38.252412769987174,49.05600592083705,19.20547977688171,-60.0,20.781081895765247,35.63745594554798,36.074960087371316,53.3277890688164,-75.15170878148874,27.420632460949516,3.494051085169254,21.354192764130723,-30.00558041424458,14.480780295494515,Unfeasible shape,GPSampler,PRUNED
34,34,,2026-05-18 20:36:01.342708,2026-05-18 20:36:01.892180,0 days 00:00:00.549472,55.63311460812225,65.629354079541,32.42806752671903,-44.53068907735456,38.32215976216434,49.08910773110699,19.266224365902207,-60.0,20.791799842928278,35.596000622972426,36.05903252753088,53.316097004210306,-75.1731515779211,27.423052603061198,3.5063084748392637,21.38405543324763,-29.983622959602094,14.498527228737196,Unfeasible shape,GPSampler,PRUNED
35,35,,2026-05-18 20:36:02.048221,2026-05-18 20:36:02.588922,0 days 00:00:00.540701,55.64455400117695,65.66747309360865,32.41012322735733,-44.51530329098621,38.26267508068359,49.08579794428775,19.182795997857028,-60.0,20.7513396168208,35.58228205027973,36.08304604328478,53.32201522020302,-75.14451415872976,27.44463436382468,3.4936841863360986,21.350965648641754,-29.99825212012596,14.478885469466903,Unfeasible shape,GPSampler,PRUNED
36,36,,2026-05-18 20:36:02.792614,2026-05-18 20:36:03.605442,0 days 00:00:00.812828,55.681610988693315,65.64411776428985,32.467424502772126,-44.433482073767124,38.28556672205121,49.068798466912575,19.22340791655337,-60.0,20.771581566013054,35.605732007042135,36.0423721722636,53.32770398783567,-75.17539375395702,27.42264843769189,3.490854340262005,21.366370006464706,-30.008603505921077,14.476196410539167,Unfeasible shape,GPSampler,PRUNED
37,37,,2026-05-18 20:36:03.776850,2026-05-18 20:36:04.098103,0 days 00:00:00.321253,55.72091425111102,65.62205728519706,32.46333199983944,-44.41741787797467,38.27957079340704,49.06791930872847,19.185280774119203,-60.0,20.772045045002567,35.642840815680934,36.06392143819034,53.34443133347918,-75.16502981503321,27.4414784752322,3.5020125059783527,21.340101301168467,-29.99054484079174,14.441487255215787,Unfeasible shape,GPSampler,PRUNED
38,38,,2026-05-18 20:36:04.244907,2026-05-18 20:36:04.796172,0 days 00:00:00.551265,55.64331507075706,65.66643231384091,32.393496668574,-44.516067285365224,38.30852636291536,49.07263706616042,19.206124167898224,-60.0,20.759871914127707,35.60839543394296,36.04579153344135,53.32725739190264,-75.15932084097244,27.38520237721494,3.5226771178602267,21.38903752209123,-30.00165110912713,14.507820299451744,Unfeasible shape,GPSampler,PRUNED
39,39,,2026-05-18 20:36:04.962069,2026-05-18 20:36:05.708867,0 days 00:00:00.746798,55.674864587141585,65.63730586614297,32.47167509875615,-44.44426938556522,38.2655625539383,49.04790490661833,19.223317519647395,-60.0,20.797556136019413,35.638566727535355,36.050680265719116,53.32761769557483,-75.14533623059353,27.430357999706928,3.4903366566540592,21.369081344262252,-29.985975326200712,14.480768256971452,Unfeasible shape,GPSampler,PRUNED
40,40,,2026-05-18 20:36:05.863424,2026-05-18 20:36:06.246468,0 days 00:00:00.383044,55.66245692689761,65.66611634450118,32.409441959612636,-44.502838611038165,38.26464809575963,49.07513020203622,19.174370188271727,-60.0,20.736506288574674,35.5896785600842,36.07376971026031,53.32350391188875,-75.14779234365888,27.440832864852933,3.5009885571529766,21.325634925275796,-30.00802073468849,14.485103484996191,Unfeasible shape,GPSampler,PRUNED
41,41,,2026-05-18 20:36:06.386197,2026-05-18 20:36:07.106277,0 days 00:00:00.720080,55.69646893143136,65.62489659053115,32.50087765063723,-44.39023277077885,38.23940290896054,49.036785004227205,19.185333893849045,-60.0,20.791879396082738,35.67764271289918,36.05390907650153,53.329834346780785,-75.17936192694697,27.450922790168654,3.488732366894953,21.34090398476746,-29.99908727468443,14.490636864696324,Unfeasible shape,GPSampler,PRUNED
42,42,,2026-05-18 20:36:07.269312,2026-05-18 20:36:07.893817,0 days 00:00:00.624505,55.563778461677806,65.67779705187952,32.41086306130903,-44.51534566456205,38.3216509162704,49.06173167975177,19.218061215110435,-60.0,20.758037539578865,35.565539009518304,36.1089164494564,53.29284347959449,-75.18111500706023,27.39397188252456,3.5164207183116547,21.469299347735966,-30.00868043558892,14.575905087884031,Unfeasible shape,GPSampler,PRUNED
43,43,,2026-05-18 20:36:08.038430,2026-05-18 20:36:08.743701,0 days 00:00:00.705271,55.66782764957981,65.65883241498024,32.439769756270195,-44.462654984127695,38.294290460855514,49.088400531962506,19.206778399572823,-60.0,20.74695048615934,35.61245875263947,36.07231994182824,53.329018368937604,-75.13550572870557,27.433442681218192,3.482753985470911,21.34309185337562,-30.00725987701566,14.485950603999633,Unfeasible shape,GPSampler,PRUNED
44,44,,2026-05-18 20:36:08.901071,2026-05-18 20:36:09.585578,0 days 00:00:00.684507,55.679857420911205,65.61809518040694,32.490506218750184,-44.43686806219648,38.272120134399636,49.01443566325318,19.240207489190073,-60.0,20.822561130530197,35.654665728284876,36.03112917687077,53.318512284053035,-75.13856656404488,27.423008236569647,3.488765851569519,21.384956386383507,-29.962327707284675,14.477394834686518,Unfeasible shape,GPSampler,PRUNED
45,45,,2026-05-18 20:36:09.742610,2026-05-18 20:36:10.601175,0 days 00:00:00.858565,55.67225287709784,65.61295621946239,32.435420146423006,-44.438587726791525,38.26718396608208,49.07589016187312,19.214989831041695,-60.0,20.830389343234284,35.65257846318739,36.04819056464679,53.339948965644865,-75.15790815969736,27.48883140227071,3.4754235748152404,21.382123702832036,-29.93110095264042,14.507226327098923,Unfeasible shape,GPSampler,PRUNED
46,46,,2026-05-18 20:36:10.773407,2026-05-18 20:36:11.359294,0 days 00:00:00.585887,55.688154461850154,65.62603658328484,32.49543380650982,-44.438523897497426,38.27738466800075,49.05290905246638,19.208275600815043,-60.0,20.829550137149553,35.663745272321634,36.057475018453985,53.323519601750334,-75.14896063004102,27.401465957043495,3.493322143537559,21.322502038953253,-30.005162691800262,14.453893830199519,Unfeasible shape,GPSampler,PRUNED
