,number,value,datetime_start,datetime_complete,duration,params_lLegPt.lL0,params_lLegPt.lL1,params_lLegPt.lL2,params_lLegPt.rA1,params_lLegPt.rL0,params_lLegPt.rL1,params_lLegPt.rL2,params_lLegPt.x1,params_lLegPt.y1,params_sLegPt.lL0,params_sLegPt.lL1,params_sLegPt.lL2,params_sLegPt.rA1,params_sLegPt.rL0,params_sLegPt.rL1,params_sLegPt.rL2,params_sLegPt.x1,params_sLegPt.y1,user_attrs_prune,system_attrs_auto:sampler,state
45,45,5.3826351418422185,2026-04-13 11:36:26.810704,2026-04-13 11:36:33.943009,0 days 00:00:07.132305,20.468785643841137,86.75913798034605,66.17439536954336,-77.55190988391696,49.8601036899932,46.966134352482825,92.46321530896793,44.38679389151418,17.026439375083775,23.467786901037286,24.575118117543745,92.43544660868608,-54.10351694074042,24.475443123829994,81.09079834587605,89.80550502839827,40.55900099341051,18.456131452957912,Unattained target,GPSampler,PRUNED
46,46,6.180672027490047,2026-04-13 11:36:34.083762,2026-04-13 11:36:43.295022,0 days 00:00:09.211260,42.57385732292795,17.217344129676093,76.88538002538088,-29.877042260677975,50.83816977965364,82.12937915135524,84.19611922850558,40.213489465300206,17.956356672584683,95.92144930236256,73.90463499180595,49.116112008479824,-41.29184821088228,50.362634366378835,62.98537786044191,55.57065015089085,33.5423757195945,23.301760644980092,Unattained target,GPSampler,PRUNED
47,47,16.69001598945553,2026-04-13 11:36:43.433831,2026-04-13 11:36:51.663714,0 days 00:00:08.229883,57.87028104411377,96.86186790899232,95.13581815447094,-48.186151140088455,91.51687749172116,45.042312986450646,34.921105423227345,31.41014740568289,11.251381060874891,15.256896402433252,85.29774221425727,73.07534929132889,-76.92327391886896,91.74422357880545,57.4087184760961,57.75338359532508,39.06183280938177,25.494006376467155,Unattained target,GPSampler,PRUNED
48,48,5.245691124965447,2026-04-13 11:36:51.841159,2026-04-13 11:37:08.358130,0 days 00:00:16.516971,17.684368055926967,23.889228036206212,43.75773179475516,-71.76562578140913,47.26525264730216,39.14603984702996,86.5260187677557,40.440887926151284,15.686176761525468,42.296163695437734,64.48502760667863,31.4705805227735,-60.887872041408464,42.59834291543459,77.00228955506532,36.55391204940028,49.05630148889883,25.751868428141634,Unattained target,GPSampler,PRUNED
49,49,7.030575795994423,2026-04-13 11:37:08.630760,2026-04-13 11:37:25.700496,0 days 00:00:17.069736,71.34713262671094,64.76313433569459,39.92050128385604,-24.905658977589198,65.77720105801593,40.96721850360791,78.87124877328137,40.37177590288724,15.194790838349553,91.56703951908769,35.97147672599241,95.77176953183769,-42.00445580158999,69.14774643806973,40.79387293796212,80.4096358250823,35.61823669569202,29.1910433576481,Unattained target,GPSampler,PRUNED
50,50,5.710509956712464,2026-04-13 11:37:25.936604,2026-04-13 11:37:35.172847,0 days 00:00:09.236243,78.30506763694386,31.06305834468808,76.11958955056187,-21.76098613325255,82.28319519512723,44.68951360921494,43.712686302469756,41.693701645390036,12.939993531303024,84.97803366863671,97.92674594078366,12.175381333941015,-27.973046758787838,78.57094785633005,91.76168908632522,62.61120231705508,42.492977418574974,20.88325976697938,Unattained target,GPSampler,PRUNED
51,51,6.08638450636068,2026-04-13 11:37:35.332891,2026-04-13 11:37:43.223972,0 days 00:00:07.891081,52.04945610245952,53.04818106815635,24.815817934474314,-22.72268587048815,40.07323024310158,98.35013135241482,76.57874354550525,35.17553709393453,20.51957683326649,23.147366685023083,11.270317678755298,76.03813205930332,-40.586489908163855,90.3742146676811,22.738773225397956,66.98023793251288,40.05101577968502,25.915780276328867,Unattained target,GPSampler,PRUNED
52,52,6.918063025718592,2026-04-13 11:37:43.437146,2026-04-13 11:37:51.040699,0 days 00:00:07.603553,67.27843995568642,20.781824887502857,60.6732954653543,-20.21140727305879,81.25506261084743,51.53940935337786,11.348741058904679,36.648447484802304,23.524132766887742,92.75898742056542,45.007027805727375,73.70617798615808,-49.959293386156645,61.21177776023328,93.52687332027986,23.841966774899394,30.873616844790075,22.583189679581423,Unattained target,GPSampler,PRUNED
53,53,9.240022847157185,2026-04-13 11:37:51.181748,2026-04-13 11:37:58.651586,0 days 00:00:07.469838,70.14122443401848,62.56792248226809,13.29709746003452,-44.56279447379743,56.257825808430226,51.759332415003755,41.98965832199722,44.562629591375156,11.105661664444595,73.73609440951512,86.47798920218598,97.99147213828427,-54.26789370423733,81.3630489443383,30.734351380566103,85.22242536707431,46.064352369378256,17.080517114608256,Unattained target,GPSampler,PRUNED
54,54,5.859786037188407,2026-04-13 11:37:58.803561,2026-04-13 11:38:12.801000,0 days 00:00:13.997439,64.86826075440078,13.238293948887291,23.75334248122793,-40.8145447001063,45.9116955769147,31.478365000759688,31.330992722183126,39.330130336101405,21.963277426417,65.54638293807764,23.01615525953004,98.324232903347,-64.9512098506713,52.84157205526959,55.37933493587744,70.93104353425963,43.346366081057454,10.027677053775818,Unattained target,GPSampler,PRUNED
55,55,6.057717479505683,2026-04-13 11:38:12.929074,2026-04-13 11:38:20.902500,0 days 00:00:07.973426,84.78784092973339,76.10201382813116,69.5579163053504,-21.00441793543275,67.54834107133559,19.98816364955559,86.47571576982688,37.178933892520035,23.381051895436894,27.509087432563707,65.14028120881645,12.32060563966449,-42.389341736496625,29.71699173642338,88.1461219344363,62.66519320085412,30.80070342477051,11.670320459768156,Unattained target,GPSampler,PRUNED
56,56,8.31276530678922,2026-04-13 11:38:21.043726,2026-04-13 11:38:29.856276,0 days 00:00:08.812550,55.51670577324217,99.77536684780172,56.04151787767841,-31.326490701107417,11.066071876384584,12.580379201006721,27.389434955304672,49.65516298527593,11.063907833906558,87.36191407843711,74.12088811709967,68.2896678255191,-56.798871404906016,82.51128804504265,42.931114874783354,21.024626699181766,30.028285827401234,12.608165317811633,Unattained target,GPSampler,PRUNED
57,57,11.790829180027522,2026-04-13 11:38:30.048149,2026-04-13 11:38:38.150292,0 days 00:00:08.102143,40.67915603906468,76.14400862073373,54.748381525119065,-45.65519709931676,79.8553602736254,84.32962482245597,15.10595015612573,43.23875880853326,20.825003053848896,11.787628394483164,87.30927589107615,34.190331864180166,-36.421262410169206,10.13698897750743,59.42445746289784,76.4254839408709,45.68096272941415,29.16548709194329,Unattained target,GPSampler,PRUNED
58,58,5.046448861230644,2026-04-13 11:38:38.322617,2026-04-13 11:38:46.501361,0 days 00:00:08.178744,84.31223409047426,55.6507441508143,40.29973929113423,-49.782541539012755,40.50879526212266,16.158352005246606,79.847711884512,36.55640259953772,24.6378055273035,81.16804023397845,64.72773388388329,10.635042215204985,-54.0539942969294,43.082216601175546,90.08547037410844,68.41154957162331,49.40751744788095,20.826383942457703,Unattained target,GPSampler,PRUNED
59,59,8.040619008011774,2026-04-13 11:38:46.635179,2026-04-13 11:38:55.224740,0 days 00:00:08.589561,14.76542087694148,35.19684863937426,56.76071327008051,-22.27786906832563,73.78570504707729,58.54303970964773,42.05670110508465,37.85079341325526,22.72881266343137,81.2962004049023,70.51999996906082,29.054330548116116,-49.040049422503344,42.54807897648547,79.82010744432002,35.472355891210846,36.57200193033505,22.468350849161567,Unattained target,GPSampler,PRUNED
60,60,5.973515664438025,2026-04-13 11:38:55.399582,2026-04-13 11:39:04.176555,0 days 00:00:08.776973,44.90181481727393,66.90915640517993,47.127742883561105,-37.56256700819319,62.26152275388458,66.83990375120683,58.385693510711874,34.5341891825217,11.672266466255905,13.688844871203937,49.80493189894499,93.7614623624269,-54.20401070269807,78.50979104766758,45.389975591591785,87.20407148518547,38.49208241815418,12.99777431688936,Unattained target,GPSampler,PRUNED
61,61,6.610824620493197,2026-04-13 11:39:04.366733,2026-04-13 11:39:13.580534,0 days 00:00:09.213801,86.43918793211324,60.60487445742039,69.53258098353821,-65.41136561841104,77.51693693420327,71.09852409006312,34.11688169289167,32.89913784109209,18.838719164923077,92.86554749587819,70.83115093114043,85.63507146882206,-22.957849876814564,85.56145855285283,93.09909234558525,75.94790813095221,45.69036298485434,23.341614374590634,Unattained target,GPSampler,PRUNED
62,62,4.160712672964799,2026-04-13 11:39:13.831856,2026-04-13 11:39:41.504982,0 days 00:00:27.673126,39.47734927312871,22.961275530177133,80.25177312933923,-66.76500043547101,50.706193572435765,69.2234550405143,50.04652470264784,36.8484509668852,11.722207306605863,96.9087015974022,52.66217159343349,11.917418720961242,-76.5930702290008,29.208867483708673,10.145559188616552,15.890774385385722,41.15544272308792,15.894221983841565,,GPSampler,COMPLETE
63,63,6.37255126540834,2026-04-13 11:39:41.672516,2026-04-13 11:39:49.845416,0 days 00:00:08.172900,89.88159023371317,28.62166483763612,95.05218126333737,-46.960331192536536,77.65817025174839,97.77676001475511,65.64865726117668,39.66715719677407,29.59206829619268,13.713579649627091,46.00765652708935,95.55915654172533,-69.62538949298691,54.97756285075399,45.05581259251354,40.69988569607205,46.196125858033525,19.477480461339983,Unattained target,GPSampler,PRUNED
64,64,5.382884700845118,2026-04-13 11:39:50.014423,2026-04-13 11:40:13.164937,0 days 00:00:23.150514,86.90840838541017,96.38894494980336,62.039106818187875,-22.334098748874723,54.00406901733061,45.884357844447656,41.23799413581503,49.92188490336089,11.722197606567724,28.497038453807804,12.376685828029245,71.33242068780123,-37.02055896714897,37.42320675245715,28.1414734553694,37.83430429184148,49.57768719277152,19.10470898887553,Unattained target,GPSampler,PRUNED
65,65,6.657939373200158,2026-04-13 11:40:13.361773,2026-04-13 11:40:22.137263,0 days 00:00:08.775490,15.281966043346342,48.852046243791285,31.39104655615306,-61.23364690631033,68.781083248658,31.519431782256397,58.0348792959383,37.20462447829564,28.473935570681018,16.48323268806713,98.5336353313747,34.49747855530245,-67.07801497790064,32.91827722560831,64.52662096128512,92.59531385445794,41.80611072685818,14.823494928702395,Unattained target,GPSampler,PRUNED
66,66,5.455737809015375,2026-04-13 11:40:22.269738,2026-04-13 11:40:30.876676,0 days 00:00:08.606938,27.701066372097053,34.43670343506926,70.58221665686376,-54.92649826546005,50.634674402316655,69.01268387076719,89.43353868771725,40.70358138382171,27.652739685487504,48.74476146407672,36.70499565545768,31.2800182476272,-42.7236409768993,39.58561098999607,86.50548755860899,84.05608153680447,48.608158540127036,14.844314679862329,Unattained target,GPSampler,PRUNED
67,67,13.786065783675816,2026-04-13 11:40:31.027638,2026-04-13 11:40:38.507222,0 days 00:00:07.479584,65.52176531728425,38.57354236627282,81.72316039029872,-77.64373171644633,96.00019328923813,93.40571950523814,92.93580360664859,35.82326589913144,15.134363434343514,80.41443456246743,91.08695069432385,56.23278754966611,-52.60469331145448,61.76803698871768,32.61285539613267,67.65375144423638,38.71302749505492,18.65774908274623,Unattained target,GPSampler,PRUNED
68,68,6.561048863249063,2026-04-13 11:40:38.657848,2026-04-13 11:40:51.111296,0 days 00:00:12.453448,64.84675781842483,30.164872966431336,35.37210624458344,-65.15052617050998,26.582284603363636,91.03053156506354,31.294923663826616,46.12095432741184,17.8644488801286,59.46610344527094,63.451700559172714,61.351013415781864,-68.88147541380579,29.655132218789703,48.67825534154772,97.25249603377425,36.52386163570662,14.629596036661777,Unattained target,GPSampler,PRUNED
69,69,15.192602550008758,2026-04-13 11:40:51.281306,2026-04-13 11:41:02.651705,0 days 00:00:11.370399,65.24715691418788,67.51814106312443,87.43819328950042,-51.55321661755987,52.73893667386406,74.28739860995974,40.328184811877264,31.27904488141744,26.245865465609292,39.296186044892536,22.09421990276522,54.045642533788,-70.8139972794344,66.70089378207123,31.89315139154371,54.224862141523076,32.64384194127038,26.130017793992238,Unattained target,GPSampler,PRUNED
70,70,11.500890299531626,2026-04-13 11:41:02.806631,2026-04-13 11:41:13.000952,0 days 00:00:10.194321,62.91090414870981,50.8635039333229,67.90724519882019,-47.246070835589,35.43444252021262,99.68945072745792,32.10136118518533,45.20343440553943,19.865460359752575,84.04972158807593,55.57411922096937,84.09918042641866,-32.36422830907285,33.76504691829439,12.470681793837132,92.56141891659554,38.83021110365986,17.67308799056821,Unattained target,GPSampler,PRUNED
71,71,9.909910666435458,2026-04-13 11:41:13.150143,2026-04-13 11:41:20.297819,0 days 00:00:07.147676,54.00662077140914,69.2339421189883,34.04252505610324,-23.88289592445625,93.19611345883615,72.4614141512777,49.56582871153521,37.86432875900213,22.38151385639616,19.90614951472766,19.661582866510578,45.897247219017,-72.9927345775768,90.23748566481916,38.31390834614045,12.454623709762227,36.70109824476945,17.801979586018298,Unattained target,GPSampler,PRUNED
72,72,7.15992556695663,2026-04-13 11:41:20.439126,2026-04-13 11:41:28.731344,0 days 00:00:08.292218,53.20140389608798,86.75978791450962,50.88406694626394,-48.57968622000986,96.89733351780205,79.44022286195194,39.24999522405507,38.62004240893401,29.959356766459667,92.38069244891521,95.4932343910108,10.084976382997164,-57.890690034398816,97.46809880343221,96.8084740286531,50.3756556841644,42.37238111512764,14.59965596343265,Unattained target,GPSampler,PRUNED
73,73,10.378209543134986,2026-04-13 11:41:28.879253,2026-04-13 11:41:36.807140,0 days 00:00:07.927887,24.885472661654276,64.26922298436082,98.27626127694036,-35.983750452907785,77.6825668678959,92.08638324302649,59.43478706786534,39.74970379995504,28.53772345898796,39.48078444056364,31.123989061997996,34.00007454757127,-72.71738611369057,89.84757756143603,75.1282038155232,47.42879191927203,35.090527803618,15.374108833584119,Unattained target,GPSampler,PRUNED
74,74,6.550908210554262,2026-04-13 11:41:36.965584,2026-04-13 11:41:44.814210,0 days 00:00:07.848626,92.19701388155151,41.50966809629698,92.96726376355221,-53.73913979738909,33.71835169375335,43.73606535171325,53.471375859042936,31.680512201524557,26.319393489647965,81.16898412362822,62.19178447328322,34.470743762744405,-67.17966712544644,18.90916701792429,45.58765233914546,74.6036372030852,38.88309311487468,18.990840559166703,Unattained target,GPSampler,PRUNED
75,75,11.39399379773419,2026-04-13 11:41:45.001256,2026-04-13 11:41:54.267779,0 days 00:00:09.266523,33.255691552224256,90.43423400482928,64.23049638113821,-20.403084615040783,93.90207529194669,56.58202464186111,59.51125423185253,41.47134792873631,19.6550300822567,87.0901250241954,36.240153086969414,10.844296792775,-51.57432898173106,88.40732709762692,35.41817265557256,61.44183869631198,48.17931144045271,11.47699899060819,Unattained target,GPSampler,PRUNED
76,76,15.733465238799013,2026-04-13 11:41:54.423797,2026-04-13 11:42:03.601903,0 days 00:00:09.178106,37.3907753489393,30.463402262907447,22.96285055145637,-74.42339326302479,65.42865407575559,98.79400511914291,61.03640321644258,42.299038425106616,23.543101873361888,33.04050890588007,85.97861613417372,35.87752436284505,-67.96313004730983,90.33233607777332,56.492345815830895,95.16283054812789,45.115179287170726,21.263950998599363,Unattained target,GPSampler,PRUNED
77,77,7.2683980113306355,2026-04-13 11:42:03.741774,2026-04-13 11:42:12.464558,0 days 00:00:08.722784,77.69506749391375,31.647208016108237,32.357258200202224,-65.4708784184711,38.51825002155547,47.16100546109277,18.960264456635766,46.0070506094859,13.929118181503137,59.90564968656658,33.32812091164175,53.696661968511144,-69.49645865611507,98.46835772664203,70.8805514297541,65.24561597172524,35.08945944561324,17.13800621077002,Unattained target,GPSampler,PRUNED
78,78,9.239380252126153,2026-04-13 11:42:12.596817,2026-04-13 11:42:20.873202,0 days 00:00:08.276385,18.571103607622724,37.17619719705828,20.450948045529508,-36.40532597446868,60.70423188780415,92.15786861640728,19.334824752893848,34.34580632760985,18.145540559762715,52.799315911489536,76.04826625148259,57.841937866782025,-69.5003792928338,11.448095931443342,24.725312904928494,78.2754669091845,39.08549046081374,27.23807471774357,Unattained target,GPSampler,PRUNED
79,79,5.547248947703778,2026-04-13 11:42:21.039823,2026-04-13 11:42:43.287291,0 days 00:00:22.247468,78.66874081721579,62.096879601830665,23.73537770933669,-29.128931749180445,49.5605468969047,96.64117363536796,70.99720177999262,42.24804026094683,13.311328652201498,95.84148278143397,47.14191708242089,60.31637633475182,-72.44884480564058,15.816619802914804,16.310652652362766,65.60105129377573,31.969951904428488,16.202845927180064,Unattained target,GPSampler,PRUNED
80,80,15.864915754099819,2026-04-13 11:42:43.452364,2026-04-13 11:42:51.117973,0 days 00:00:07.665609,98.20281897115572,46.3309442329042,75.93744935716607,-67.93583216992575,19.343011955287007,88.9168638542189,37.240944845081415,48.90232514119597,14.430186140241936,75.75571974276352,87.48345646217624,33.24536565652879,-41.47235901557973,79.8888699214083,20.403869525509492,77.46386896160054,41.62796525171881,20.117937187895848,Unattained target,GPSampler,PRUNED
81,81,5.8863382134722,2026-04-13 11:42:51.241035,2026-04-13 11:42:56.343600,0 days 00:00:05.102565,65.7224815376588,49.7621771605985,74.4461693715268,-79.57865337043658,34.18238153827496,73.1738904612441,13.910871358134132,41.626364677894266,10.609112761173431,44.37737760722866,14.1025976603937,34.66873859897339,-50.53042747095603,46.796385763039595,51.239387991301456,82.60704531576741,48.24400725902758,11.487646160973448,Unattained target,GPSampler,PRUNED
82,82,7.316279847916249,2026-04-13 11:42:56.473437,2026-04-13 11:43:01.683541,0 days 00:00:05.210104,23.02733599396897,44.51077473243964,56.98109280488544,-44.59394647460156,32.44428935849798,71.22965758466529,53.384035317919285,39.37069973270472,23.831598456315785,21.832740476846247,36.12203318505266,88.80741748367073,-55.808941383744504,73.00493290421588,22.297324458767218,51.67890320474842,39.9964275397834,23.54311959663466,Unattained target,GPSampler,PRUNED
83,83,10.52707717830318,2026-04-13 11:43:01.823700,2026-04-13 11:43:07.074763,0 days 00:00:05.251063,44.60083102255646,42.43155750781669,32.052330312543134,-51.41923430664446,95.87791957800137,97.78104405346582,54.20527714802035,41.05260231815558,22.708214495933262,60.29192140636661,16.780294267682322,14.594861396959523,-47.26882461249095,38.96597346762869,84.60487815224874,97.8085815394609,47.24589468078902,28.037759621348822,Unattained target,GPSampler,PRUNED
84,84,6.27633446534653,2026-04-13 11:43:07.213958,2026-04-13 11:43:12.368469,0 days 00:00:05.154511,88.1201731984865,26.7430065742882,83.45378253231237,-70.79549608957379,69.92682992621297,34.121882100865875,21.597277621897007,47.80221396627135,21.030209266638835,99.6421793325847,37.53831248188769,81.35228573035756,-32.781247505937564,22.559108630607113,25.224323782326305,63.01885892621754,43.46373008312982,19.68573971300898,Unattained target,GPSampler,PRUNED
85,85,10.970666353227848,2026-04-13 11:43:12.498281,2026-04-13 11:43:17.684798,0 days 00:00:05.186517,48.80534869227121,31.875360607642598,93.7339467180005,-43.824974382209376,83.50673704465689,84.66834950184264,34.874188058505595,38.90941173139261,12.778167733423714,57.05419553096896,88.28169965253603,50.90773218472865,-64.40389094062895,41.825618871697316,18.512422365974622,59.372098799640284,47.925516724174045,10.51736459359795,Unattained target,GPSampler,PRUNED
86,86,10.576379421233938,2026-04-13 11:43:17.821525,2026-04-13 11:43:22.984167,0 days 00:00:05.162642,11.838542238058224,22.92996726333474,83.85703178548574,-70.94728102627668,93.81784191970259,56.275605884134805,33.04218217605855,47.128095269152055,29.98755369885388,27.82073378642017,49.83996034683505,22.218277968232627,-69.51046791763666,52.8534290977856,43.64557494739992,41.02701420236525,46.95543684538268,17.444762136215935,Unattained target,GPSampler,PRUNED
87,87,13.98196660089316,2026-04-13 11:43:23.124975,2026-04-13 11:43:28.017436,0 days 00:00:04.892461,89.85989662905381,90.56351197069813,96.10030474528264,-73.0887485612834,36.68749291668043,57.586617632845815,54.27879590444867,42.85227838287423,24.50314617261435,66.0703637883309,28.42969184891039,39.95288941205459,-78.87725207563702,92.77095063099608,46.79307436754607,71.39825479821354,36.22173163424037,13.695184197254699,Unattained target,GPSampler,PRUNED
88,88,6.9918712088839,2026-04-13 11:43:28.160994,2026-04-13 11:43:33.202672,0 days 00:00:05.041678,87.52922488001956,98.75009456765503,58.261701174072726,-45.477324127901696,99.36413327295395,34.67706670187348,19.60923004836335,40.74695961744044,13.400535072154504,35.634593464221595,55.11608865993258,31.32168808301221,-43.18690497847566,14.315479979752574,56.167467207079696,32.690669974315696,49.64634783100905,29.86007894649341,Unattained target,GPSampler,PRUNED
89,89,8.237454424919981,2026-04-13 11:43:33.337792,2026-04-13 11:43:38.624368,0 days 00:00:05.286576,62.48629200516136,48.630648446991756,64.59651611560359,-68.7930125298333,34.42480792610091,92.33520992086399,22.147940495531746,42.024463562895185,23.64527651371426,85.40140959748422,91.1540944437637,19.76036410276123,-32.86378050327058,72.40723989285121,48.61014572787347,82.717925970236,46.608998687127574,12.273830019737202,Unattained target,GPSampler,PRUNED
90,90,5.94897804007968,2026-04-13 11:43:38.759574,2026-04-13 11:43:43.916299,0 days 00:00:05.156725,40.740962759615265,30.76491040678056,95.80105179411692,-47.754841068813306,75.03856022266184,89.08386934731432,32.09528692684318,44.38702273479213,19.59254645126547,23.797903657774828,54.238227300262416,51.55855523637346,-43.78395539752857,68.7017755130034,67.48179191657917,19.76817748684851,45.119170905377445,27.337990649893186,Unattained target,GPSampler,PRUNED
