,number,value,datetime_start,datetime_complete,duration,params_lLegPt.lL0,params_lLegPt.lL1,params_lLegPt.lL2,params_lLegPt.rA1,params_lLegPt.rL0,params_lLegPt.rL1,params_lLegPt.rL2,params_lLegPt.x1,params_lLegPt.y1,params_sLegPt.lL0,params_sLegPt.lL1,params_sLegPt.lL2,params_sLegPt.rA1,params_sLegPt.rL0,params_sLegPt.rL1,params_sLegPt.rL2,params_sLegPt.x1,params_sLegPt.y1,user_attrs_prune,system_attrs_auto:sampler,state
137,137,9.867963590707369,2026-04-13 11:48:28.459594,2026-04-13 11:48:33.714438,0 days 00:00:05.254844,71.2836899782137,88.9588730529725,68.7369622016093,-51.528575125026634,17.818506192938255,97.91890361996315,68.59796746035434,49.38645712620891,17.666712129874732,19.01495127533495,44.8607778550853,54.020746127510634,-58.39104699142102,67.19523066206796,36.41240364518691,28.75981362357106,44.964088789115415,20.10567767725391,Unattained target,GPSampler,PRUNED
138,138,5.976321139362334,2026-04-13 11:48:33.866130,2026-04-13 11:48:38.988344,0 days 00:00:05.122214,85.81539723017782,21.521402781266005,87.29206107508605,-30.390555489027243,69.35794020801339,22.721985152194186,15.220673112971006,32.479863722801774,24.195396366876764,57.22654652974021,38.1770232181684,77.59522250011739,-32.199490729504014,42.574727627169615,47.57174825975618,36.77478153716161,43.256832215129755,11.212294376057017,Unattained target,GPSampler,PRUNED
139,139,14.790033802427843,2026-04-13 11:48:39.140436,2026-04-13 11:48:44.425565,0 days 00:00:05.285129,79.39241353347848,70.3531680586483,23.471178519844926,-72.0103998440495,86.47278153157906,72.87896655871185,42.74135349743889,39.06078290414622,16.105821546264714,89.38513820098542,96.69251872741188,85.88296436988523,-60.08615716571453,86.81671125002227,23.453292652741315,90.61800980072411,38.59473579140722,17.862915471734873,Unattained target,GPSampler,PRUNED
140,140,5.63260211135054,2026-04-13 11:48:44.584952,2026-04-13 11:48:49.737569,0 days 00:00:05.152617,72.42260221984228,78.05559829542307,84.88073265541153,-74.71650034136705,99.87394557297422,39.002722686805086,20.537012140747134,31.08510006390073,26.02584662137188,17.600866689376517,69.98689463317078,77.1487885002951,-41.205029578785606,12.380967922896618,59.13186449428622,40.105753417925555,39.29258762363934,17.972253147677712,Unattained target,GPSampler,PRUNED
141,141,1.6525622532127322,2026-04-13 11:48:49.890336,2026-04-13 11:49:01.908811,0 days 00:00:12.018475,66.27510362828428,34.214941370006514,79.3151918229594,-21.06416464096757,62.51938539604096,53.382829436399064,45.90308013708823,38.82547500490995,27.567813155188194,13.160811091618818,43.12791999100916,10.338558569271132,-65.98718326601167,43.96127791338492,28.175022492376765,45.34022024667626,49.7011495260463,19.692698874450194,,GPSampler,COMPLETE
142,142,5.151294861723322,2026-04-13 11:49:02.049867,2026-04-13 11:49:12.478081,0 days 00:00:10.428214,42.147476356228076,78.55372509528154,31.868824283336252,-79.31963040186798,22.6856057867889,16.674279423113585,71.5825346141444,44.26532886546546,13.416022044979902,22.09875275664312,84.41026884713885,12.017531499837146,-20.85706807181713,95.81339203484774,10.406330336288415,67.48043912232859,42.13592960712482,26.271164678614667,Unattained target,GPSampler,PRUNED
143,143,15.082212448967631,2026-04-13 11:49:12.655638,2026-04-13 11:49:17.986294,0 days 00:00:05.330656,15.720203373386834,28.33771837175145,97.49638577222302,-74.6855010621364,70.48178378195786,74.28901219334632,50.05365375162563,40.42014491951665,24.063308051730047,30.795085859391087,90.66411366024188,72.56354095345193,-40.824435433037095,92.99017454779005,25.231196233447942,84.44350402663373,49.49487468120618,20.909896601986695,Unattained target,GPSampler,PRUNED
144,144,5.171701242278523,2026-04-13 11:49:18.153371,2026-04-13 11:49:23.004435,0 days 00:00:04.851064,69.01436977936004,80.164785123607,13.389004234394086,-56.354433236833046,95.51124966146084,51.35632250409553,35.84552466070872,47.85988850544729,14.231343788170266,37.17848615392293,74.19648286925977,92.76233751374656,-62.93022616868045,12.05008563442801,80.28709678568816,93.65470023361048,41.637384434017555,10.893536733475607,Unattained target,GPSampler,PRUNED
145,145,5.205077704862944,2026-04-13 11:49:23.165701,2026-04-13 11:49:28.388645,0 days 00:00:05.222944,24.93047753815297,89.59282433363376,96.79214560405603,-78.23568523984353,54.96305573725088,39.405425873713305,19.456212122313474,47.95538727321812,10.328934580219226,96.69743824864868,48.69853888238705,36.19732211386423,-49.330887821289025,28.51487584285078,64.28555750422692,43.62722818568664,40.67375818470151,20.819853615588507,Unattained target,GPSampler,PRUNED
146,146,9.170094648139859,2026-04-13 11:49:28.566047,2026-04-13 11:49:33.543210,0 days 00:00:04.977163,49.66385711524974,81.92285489577698,85.0323928392429,-75.72668313247812,38.006714176928725,45.73277421459558,55.3150633950515,44.28991800412817,27.809178138660776,51.52795785077492,57.54625356214476,83.51482803434428,-49.66585190369497,34.72404993508516,29.925831525744716,12.921758564834107,36.210189980473984,15.859054072548842,Unattained target,GPSampler,PRUNED
147,147,5.757591158296371,2026-04-13 11:49:33.689388,2026-04-13 11:49:38.776789,0 days 00:00:05.087401,14.708849207928775,59.296669095357736,14.856147982869096,-62.39392274598474,83.52661945067112,22.207782023075502,89.86759936741345,38.45516766266798,28.00545004216915,83.0741780850438,80.42401157565558,58.789469438314704,-20.528880361748683,72.68166164913566,88.67249955669534,53.32511801079736,43.68389540499781,18.083173671045603,Unattained target,GPSampler,PRUNED
148,148,14.081398210168373,2026-04-13 11:49:38.927410,2026-04-13 11:49:46.406454,0 days 00:00:07.479044,95.42323893510633,76.52084529438997,90.77630355611353,-30.135728925629287,33.783302783366864,92.98194141865841,35.46148673139409,39.94722208790479,20.719788812221896,92.77856917963398,83.9595917180067,58.16477427438578,-72.44731042652461,93.47967976561227,67.19362331203801,79.11101341390614,31.95750268198672,20.311402157986347,Unattained target,GPSampler,PRUNED
149,149,5.480776013491692,2026-04-13 11:49:46.544630,2026-04-13 11:49:51.504451,0 days 00:00:04.959821,12.21032489244191,72.6935700900548,87.3003641188846,-34.809199366215886,81.40606274812072,66.84331086056105,23.694232963889842,33.31797707542047,23.039338752937738,40.93009853488974,71.39305226377834,83.0697707727207,-78.73805998647262,33.45043973113215,49.455003738748424,87.38056197404791,35.63909383060715,28.57579860110866,Unattained target,GPSampler,PRUNED
150,150,9.53014949590645,2026-04-13 11:49:51.641579,2026-04-13 11:49:56.780629,0 days 00:00:05.139050,87.93446340061243,87.37305390262044,75.1523661174063,-38.26184583267819,26.861971309171103,79.2365805581024,36.02385853208475,49.79661643720577,21.267961424409933,75.89299310594333,20.73807364035021,71.36041034094418,-67.82940772373968,63.704696894161344,34.99103928935738,74.86045915176868,31.38033068235852,29.980861088888982,Unattained target,GPSampler,PRUNED
151,151,5.444216436840712,2026-04-13 11:49:56.922194,2026-04-13 11:50:07.103866,0 days 00:00:10.181672,14.650393744810724,16.40468253368271,42.091738936388204,-75.85036073253873,77.84788164765204,35.18859508848687,48.871846863132795,38.38107445410675,16.10917459956447,32.11939388174126,51.74252492387612,15.689088068556856,-59.579074400040845,45.20137904278571,13.602991228342052,39.572894820597554,44.615263722232996,12.39516709399295,Unattained target,GPSampler,PRUNED
152,152,5.621694409911925,2026-04-13 11:50:07.238454,2026-04-13 11:50:17.249359,0 days 00:00:10.010905,12.075772479169615,39.93837864774072,79.38739692466031,-36.916823079682466,33.72895783304597,80.25484206696332,10.446531041562038,43.07680037182878,27.791017613511947,35.147861610047315,20.739156611253996,33.12811693645517,-38.45108900026123,11.587147182988632,26.140520624431527,54.14116547413563,43.3124204590646,24.770774267225622,Unattained target,GPSampler,PRUNED
153,153,5.766774575563119,2026-04-13 11:50:17.396039,2026-04-13 11:50:22.971354,0 days 00:00:05.575315,29.131561629427974,82.57459805144238,58.954269776123574,-28.16252984678379,50.16997151095813,35.74947849752742,85.61419493933191,39.82824072160823,19.986096738549747,21.578805726418185,64.22333953556264,93.51085388933687,-56.58732884259277,57.762044486587804,36.32501117673361,27.75715735485229,48.29417869283446,29.248591237760838,Unattained target,GPSampler,PRUNED
154,154,7.603994267238363,2026-04-13 11:50:23.122004,2026-04-13 11:50:28.100126,0 days 00:00:04.978122,85.34250834915159,59.68490156067954,38.850440882324335,-39.69407133380686,69.86276200527828,68.22957737138182,98.3809656452627,31.02590493815971,14.251402695958575,55.970784104610004,15.86122243967261,99.05733082380958,-55.42407107990134,23.39757166131337,16.83257511808489,11.119350788535845,45.1622668520488,26.235882908944003,Unattained target,GPSampler,PRUNED
155,155,5.69509717670595,2026-04-13 11:50:28.242775,2026-04-13 11:50:37.569609,0 days 00:00:09.326834,98.0274885929074,38.07460979604286,10.780693723306124,-66.35038044502147,84.04425935094758,12.273957252356904,63.303920143946414,47.178653363856625,26.515716693213204,54.556861881583124,94.80668631878993,42.33386210503502,-24.252118402382855,29.276962657912705,12.655396333177665,48.575578454946836,41.25809621606596,10.199668021471295,Unattained target,GPSampler,PRUNED
156,156,8.501195563544748,2026-04-13 11:50:37.693992,2026-04-13 11:50:43.365652,0 days 00:00:05.671660,32.515332460642774,40.28306816823451,31.445216410482516,-57.88242493542769,81.25502236126664,94.75581125422705,56.69945503700185,39.41960151655064,29.361046015629256,32.91257725524335,91.17967935911354,81.98391419230171,-26.005460267169084,52.27478590418435,30.17873471831896,69.71332467293341,42.426130483046606,20.38175880711765,Unattained target,GPSampler,PRUNED
157,157,5.243261515685738,2026-04-13 11:50:43.525684,2026-04-13 11:50:49.573995,0 days 00:00:06.048311,65.31205107583366,60.98519912877602,45.237943155995985,-61.08436489957573,37.990853887385384,20.00063726691878,66.75214301563369,41.55569479249767,14.956016984780184,36.527175256211834,66.18752525178046,95.27971242832406,-20.97967597129319,49.56890520964573,79.78083530717322,99.38787654047499,36.065396196613484,17.222348787696255,Unattained target,GPSampler,PRUNED
158,158,5.938650381760418,2026-04-13 11:50:49.745067,2026-04-13 11:50:56.158506,0 days 00:00:06.413439,55.909246218592216,28.209720921469618,84.96236626834427,-38.891776993344614,68.32173351282441,36.70025691236741,99.1573452112351,32.945916739921785,14.022076275734062,58.02007932849301,15.674553378070907,66.46019367368982,-58.46411884534402,21.145482093295755,46.78005630929764,70.8689656873279,43.47773762282502,13.02977677492465,Unattained target,GPSampler,PRUNED
159,159,5.214995682671294,2026-04-13 11:50:56.317694,2026-04-13 11:51:01.638770,0 days 00:00:05.321076,74.82392892797623,90.38560338377061,18.360528892238886,-67.5598134171661,72.27701580656085,39.349966879046434,79.46708999418549,37.76407776271747,25.020860050282916,45.25327825029243,86.21705813539201,20.41184157925737,-55.300816781080805,58.01540376139427,79.0917193713606,83.66483114143388,40.99324362230152,10.382903147076856,Unattained target,GPSampler,PRUNED
160,160,5.053742004137874,2026-04-13 11:51:01.801503,2026-04-13 11:51:07.138902,0 days 00:00:05.337399,24.77400191198224,26.33254515528,61.201578901249725,-47.40339759408003,81.51121514392692,78.84207245297772,13.475965324090847,37.26367257636501,18.418304545480538,57.86730228604807,53.46410601998783,82.1565776475386,-34.15768985276325,32.76116320105892,55.4061172690035,35.00950616360109,41.32112111316508,24.66714407803638,Unattained target,GPSampler,PRUNED
161,161,5.552603740800031,2026-04-13 11:51:07.299974,2026-04-13 11:51:17.409983,0 days 00:00:10.110009,16.62286526828472,59.40752938292207,45.679262465367025,-49.637330993744555,14.313036146817897,41.58390785421898,74.92791398693781,44.56063663916605,15.098257125736772,25.63544612670462,12.908367796199572,59.9607956601168,-69.42862622673277,32.02517109713985,11.510508773472543,66.94548609011149,40.82771757313738,15.758105059063325,Unattained target,GPSampler,PRUNED
162,162,12.205785648842237,2026-04-13 11:51:17.559359,2026-04-13 11:51:22.693559,0 days 00:00:05.134200,59.31376108494132,67.37472319378602,85.06984889802882,-32.43946828705947,59.32682346064952,96.28485289418016,28.68072163769819,41.779704794637624,29.774584736838055,70.62369158887698,63.8211241720732,26.854368051405096,-34.17527875516654,43.0049892002499,64.14150788547018,90.82192125832628,34.94806273287484,22.68805029142549,Unattained target,GPSampler,PRUNED
163,163,2.4430132339516746,2026-04-13 11:51:22.864685,2026-04-13 11:51:35.292906,0 days 00:00:12.428221,68.07307131490572,64.2308245060836,31.11373772885608,-27.42393209473734,77.01755886744118,26.898028202992553,23.95363171282565,39.34966997430719,13.078796380230528,48.95499503860044,16.664323582974117,57.53923728730804,-32.423041303928414,50.89442052963806,29.03478134122165,93.63694132700451,48.662507120658546,27.04531735295064,,GPSampler,COMPLETE
