,number,value,datetime_start,datetime_complete,duration,params_lLegPt.lL0,params_lLegPt.lL1,params_lLegPt.lL2,params_lLegPt.rA1,params_lLegPt.rL0,params_lLegPt.rL1,params_lLegPt.rL2,params_lLegPt.x1,params_lLegPt.y1,params_sLegPt.lL0,params_sLegPt.lL1,params_sLegPt.lL2,params_sLegPt.rA1,params_sLegPt.rL0,params_sLegPt.rL1,params_sLegPt.rL2,params_sLegPt.x1,params_sLegPt.y1,user_attrs_prune,system_attrs_auto:sampler,state
0,0,10.56828433554545,2026-04-13 11:29:49.365450,2026-04-13 11:30:05.158147,0 days 00:00:15.792697,43.761126739819055,38.75073664956864,15.279489561868335,-38.31602067935758,34.28047176802418,86.39969891885323,81.61394755036252,47.96121331788181,26.10675033494639,28.302450003967834,80.88455380229375,80.36212186948067,-33.23690019703512,60.921658163519425,26.98472739123203,49.989915912562196,31.924018352317493,18.77260398154963,Unattained target,RandomSampler,PRUNED
1,1,17.63320823431937,2026-04-13 11:30:05.409455,2026-04-13 11:30:16.990960,0 days 00:00:11.581505,17.914019093701306,90.42082840159918,78.04822999098876,-68.74890573390311,86.17675539099025,78.53991006678285,98.51068248955907,37.553455418904626,10.962475324358415,63.737976072376476,91.92610614139286,55.46522202532227,-55.29511681203064,92.61869077740687,31.748784814352454,98.2738173284041,46.412973237149856,22.499392788970543,Unattained target,RandomSampler,PRUNED
2,2,9.054710498747593,2026-04-13 11:30:17.268781,2026-04-13 11:30:33.933918,0 days 00:00:16.665137,88.63744991498355,29.776713133448784,12.700912413414734,-21.47142124670681,42.86069329637436,77.31933729091638,92.46321928842767,34.78323610826398,12.695333104472727,77.43092021688362,62.14272829167897,32.47812214972417,-71.45493492883308,55.44767655020258,61.17683543261425,85.83158666132509,34.65986941346603,13.8953164288574,Unattained target,RandomSampler,PRUNED
3,3,5.264860861727172,2026-04-13 11:30:34.076901,2026-04-13 11:31:04.755755,0 days 00:00:30.678854,78.50758112258941,55.34773018084199,67.19260629894936,-26.285290520822223,30.07842119685846,48.115116215694385,30.261649617546215,49.46057986811833,28.984050908817018,11.039757403010631,46.620142280458275,14.93355309424194,-79.66423592922445,13.021499906351162,59.30423387638813,42.09559805779492,39.37247768557535,28.831747671215027,Unattained target,RandomSampler,PRUNED
4,4,4.134190230263727,2026-04-13 11:31:04.887402,2026-04-13 11:31:33.475288,0 days 00:00:28.587886,92.35909818806854,54.08716964008792,24.761271614374103,-65.62865821252295,87.82004531589332,13.229824079688589,98.92161300201575,46.86520513856918,23.843510931591098,97.92695711720225,86.12757751553735,50.28793009623539,-23.091913907369246,47.80927135055198,49.721939697493035,95.46220480476856,33.89648048700914,20.237379912655435,,RandomSampler,COMPLETE
5,5,9.166220751744262,2026-04-13 11:31:33.625239,2026-04-13 11:31:45.819657,0 days 00:00:12.194418,35.6757354355628,21.65856083937838,90.47647973717984,-45.28261291064618,29.15789380569427,87.2323924441017,39.37654666089579,30.359821705636087,14.586055500531954,93.14463053805174,99.21608400166983,80.53680988096515,-35.93177660276824,77.88527393076913,80.38220185433093,70.22716815262098,31.048744393259263,21.467507576720937,Unattained target,GPSampler,PRUNED
6,6,10.901553577492919,2026-04-13 11:31:45.979301,2026-04-13 11:31:56.614812,0 days 00:00:10.635511,41.701522873727626,17.895297327962513,63.58238097929956,-68.06327701549037,94.94403656738706,65.30079336214303,10.806911624808576,31.98524837961718,19.459644611694728,60.505818877569546,98.76225253630471,16.413892275423905,-61.52598183419188,30.71347465918437,71.71210412225476,73.59695970784895,47.3333875583659,28.044307346697586,Unattained target,GPSampler,PRUNED
7,7,8.292299773086285,2026-04-13 11:31:57.151727,2026-04-13 11:32:10.969036,0 days 00:00:13.817309,64.10262371234407,73.27715613088705,53.82543848668498,-66.7321524318842,96.52864891959295,67.7273612431143,63.60559830127169,44.60107701425848,29.085287879684277,20.004540736053464,10.358564316715224,77.65308485712126,-22.50498754835653,99.21034543130497,89.79734115120309,10.600369430604522,44.487035127323594,12.630864937235653,Unattained target,GPSampler,PRUNED
8,8,6.954041062452021,2026-04-13 11:32:11.124587,2026-04-13 11:32:21.802106,0 days 00:00:10.677519,47.88795601739782,46.43494017866402,53.63126943597916,-68.59801764213222,74.6871491902643,43.98154497322062,83.8813994487911,40.15894350958961,19.469331078330615,67.00497702291929,95.47607447100593,57.2776721537588,-44.627277105164815,91.65535463008972,77.50445528689197,35.04287336453375,40.728593051952544,21.666426346296117,Unattained target,GPSampler,PRUNED
9,9,6.465677304343327,2026-04-13 11:32:21.937773,2026-04-13 11:32:29.523566,0 days 00:00:07.585793,25.321105304361943,19.78144701587897,56.462726923471635,-25.776723647574983,79.94996905248169,55.78223239757546,10.332400963229105,41.79495342285526,12.691751427347322,82.80697674564772,28.159154404824974,81.74261667339766,-71.83435848572694,20.22078797898169,72.957179187023,85.13647577322433,38.06110974534215,10.864953439991105,Unattained target,GPSampler,PRUNED
10,10,5.185185196562081,2026-04-13 11:32:29.665635,2026-04-13 11:32:37.385172,0 days 00:00:07.719537,26.35526350038877,31.061237063516632,41.941371378481826,-64.56677267694181,36.474320970945556,66.09620385037175,91.25057639007017,43.31828467185835,21.451708626236403,57.64503010886025,12.863243485811434,98.19425832001731,-22.480927905129576,96.13874262042854,86.41871918399772,77.21617621415095,32.552292640797674,17.97980904591804,Unattained target,GPSampler,PRUNED
11,11,5.777363708783291,2026-04-13 11:32:37.513206,2026-04-13 11:32:42.691178,0 days 00:00:05.177972,27.461181412400222,54.35110626533539,75.22654094950958,-64.30986226364229,21.401131569475535,78.13752523654826,76.36029435733957,41.19578008413221,10.590509687187197,30.02590001336022,50.83444868342924,23.795397170098674,-39.923636375009615,95.70275419724595,93.76842000534928,44.45406223838399,31.309676951124473,28.724205183322038,Unattained target,GPSampler,PRUNED
12,12,7.524666603814222,2026-04-13 11:32:42.820813,2026-04-13 11:32:48.014117,0 days 00:00:05.193304,43.61742064703359,61.6936654181473,86.99212924962094,-55.5203638425224,73.554006833484,43.96385793126107,99.754396450028,38.72388409820425,25.651134416566855,26.1466366369112,25.28309057659239,97.7467655506278,-66.18197963679808,10.113432301834811,49.754280419000104,48.44452392121468,45.25259786683401,22.41001048951574,Unattained target,GPSampler,PRUNED
13,13,20.64564687866263,2026-04-13 11:32:48.165362,2026-04-13 11:32:53.618675,0 days 00:00:05.453313,28.241960067142383,12.740449126364634,68.4902946548221,-45.90708834130403,43.458400723393886,75.76905025622806,17.512030089685545,41.69124347148398,16.514485745838776,88.66267297758492,88.36715438237782,11.064752147651657,-77.71946604097839,37.260868054313136,60.55124755196726,84.7891785690487,33.90808417987887,12.960140852539968,Unattained target,GPSampler,PRUNED
14,14,11.94749915926527,2026-04-13 11:32:53.775902,2026-04-13 11:32:58.747703,0 days 00:00:04.971801,53.883819101335135,32.06761102617978,56.043775422730135,-42.12545388228888,27.074485705272057,85.61773574533213,63.14932064664018,37.295494849716874,20.917842397446186,96.85244576747756,21.532148584317277,21.478418665948375,-78.88875655638533,99.06313961542217,31.231809586678587,61.234823780930775,34.91653573333463,18.345476897615413,Unattained target,GPSampler,PRUNED
15,15,5.868533692046675,2026-04-13 11:32:58.920931,2026-04-13 11:33:06.130653,0 days 00:00:07.209722,76.06558087542385,24.071305357028557,39.02366693306624,-69.44529630013746,17.61857682312759,48.41186301684047,70.97230961171456,32.98784046520497,23.55552451566792,19.458427740781975,99.76911911108282,95.17833356456642,-39.61440279000854,93.97203454868271,39.870692589426085,26.589106145038702,46.49073959782987,20.249128671233187,Unattained target,GPSampler,PRUNED
16,16,12.581626516716724,2026-04-13 11:33:06.246195,2026-04-13 11:33:11.305798,0 days 00:00:05.059603,99.77224653050379,67.41336528957045,75.04822219876574,-43.7522764723813,38.19324035986629,27.917274377604087,56.79769342474095,45.47692278375644,16.83641925134448,92.11613265988407,73.24914196264308,49.90915954455138,-71.67960266921182,59.44948230525937,64.22551313546455,98.75931048399512,43.25421911646062,23.909200467486386,Unattained target,GPSampler,PRUNED
17,17,10.56911582172399,2026-04-13 11:33:11.483003,2026-04-13 11:33:16.397445,0 days 00:00:04.914442,40.42835242963858,31.375206096604845,71.90566822908201,-33.719967637584254,44.44584119791923,86.36391291519472,50.44818430262829,49.363801494187975,11.506355265924524,80.08599759240205,93.97451555702813,33.60018427574772,-53.59321950021338,22.019484966577817,92.47307044369185,40.18665570947914,37.869780274901956,28.986196182320267,Unattained target,GPSampler,PRUNED
18,18,7.369587998982887,2026-04-13 11:33:16.574662,2026-04-13 11:33:21.611168,0 days 00:00:05.036506,68.80117357670788,59.73864181911624,68.74318147148703,-57.94223695021271,69.26512397037155,48.62723671450338,84.0427821054429,44.93374672440652,12.466386326305436,54.236182053741935,92.41355591550446,73.11198428847791,-53.186484517110614,76.86538767457631,91.70276886179609,64.11648539883035,30.233803107421043,11.417471307172617,Unattained target,GPSampler,PRUNED
19,19,5.262327152460934,2026-04-13 11:33:21.744299,2026-04-13 11:33:26.806202,0 days 00:00:05.061903,78.46359736227515,40.39398242469006,63.49906998627351,-72.5594102324369,76.35923465892064,50.88691658083731,15.849521345401829,41.60433022558148,13.422246512305447,84.43422430320537,12.991774398382919,82.52701785766241,-52.32735694202432,26.572938178347265,10.889875610570149,53.31831490251141,36.26223994469604,20.637583148050876,Unattained target,GPSampler,PRUNED
20,20,7.942004966397498,2026-04-13 11:33:26.985982,2026-04-13 11:33:32.275358,0 days 00:00:05.289376,48.56289800289421,18.40585970370731,99.63585513197566,-38.799120067433435,11.670445096240124,48.288312238517335,72.27257607691539,34.089333117586904,14.791625272411048,17.43467661303488,66.69819431765734,53.97531123972761,-65.97552857920601,39.66285042744693,97.58531059165676,14.951849905609171,45.73071272072324,16.02811343766843,Unattained target,GPSampler,PRUNED
21,21,12.236013027425834,2026-04-13 11:33:32.427005,2026-04-13 11:33:37.479518,0 days 00:00:05.052513,27.535145718401182,89.83289908471339,37.18840394307237,-47.90331913714418,18.835485722264004,84.27569009137109,69.51721765921002,32.429478596444554,17.485776677178386,24.136617849512966,19.373052586511896,22.69750399495289,-61.60245135581887,86.52297966421466,87.0870373503728,89.82382425612833,34.544260541240845,27.243662629364735,Unattained target,GPSampler,PRUNED
22,22,11.94042900723457,2026-04-13 11:33:37.625035,2026-04-13 11:33:42.320814,0 days 00:00:04.695779,98.05659260649598,13.614468373945762,72.16088632727633,-74.32212306595771,24.619507473046763,73.81173498093182,90.23330534761124,34.66812022381515,23.53716094476343,86.07014201465086,73.64384086853478,32.7056255954255,-65.98627222191341,10.083545391649297,26.976421742648867,89.10632679689547,44.99478852658367,16.52094254348291,Unattained target,GPSampler,PRUNED
23,23,5.05521611819897,2026-04-13 11:33:42.469569,2026-04-13 11:33:47.529659,0 days 00:00:05.060090,83.94250221635215,59.34748380625026,26.88321552794824,-72.94110346764681,11.995304890852026,61.82561679941408,52.07078389121971,34.54345491047023,25.450428493446495,23.086572981862012,95.68040665621608,77.09122564063459,-22.496226163396614,51.07372657036911,59.09627407899652,43.39754068732312,40.6436435726343,28.63717720658227,Unattained target,GPSampler,PRUNED
24,24,5.273427739065919,2026-04-13 11:33:47.650420,2026-04-13 11:33:52.487285,0 days 00:00:04.836865,13.788558915525886,34.61561364931454,19.013209373183052,-33.282831825673,98.53983320866412,59.85053329445458,87.6084027396631,45.90642362099132,24.75294434211394,32.124396752753924,39.21593509716254,86.52817423832113,-31.166952234668805,79.873341295034,97.85874320938596,24.802524624731817,36.78895917040952,29.567776227978683,Unattained target,GPSampler,PRUNED
25,25,5.5943007743582385,2026-04-13 11:33:52.618162,2026-04-13 11:33:58.190385,0 days 00:00:05.572223,15.263775326710451,65.71866551934214,57.05226575807359,-48.29523883001112,88.83110956385036,36.93764068376839,35.11597078722033,36.65041197156201,26.283254457084723,10.210806933210868,17.678976886857285,86.57263926310182,-25.336794207473815,70.51065205746875,13.432619750967987,59.215478906622096,39.312202674373516,21.73616389393043,Unattained target,GPSampler,PRUNED
26,26,9.491180745107187,2026-04-13 11:33:58.347322,2026-04-13 11:34:02.755579,0 days 00:00:04.408257,15.622412298106646,53.15663961478791,72.86273076978642,-47.947861724651496,65.58386104669391,39.18739563207862,76.9302443989154,31.472559081045567,14.719987307772522,73.05788203881373,83.20899459913211,60.28718504516931,-58.81984437621499,18.823769485986286,66.77347873903858,29.901686734665045,44.57867485581812,29.293871139093305,Unattained target,GPSampler,PRUNED
27,27,8.453730990988475,2026-04-13 11:34:02.895738,2026-04-13 11:34:07.705530,0 days 00:00:04.809792,85.38961744215192,29.847258090778926,77.65786811472034,-53.26495304230149,46.37800863095943,89.85506423780465,18.025361744170944,34.93603218188788,13.903937576395997,92.6630810213761,42.15971650526548,87.54945487300286,-51.35402830151435,23.96525207418332,16.226707683755876,32.1740378547198,36.597198866897585,28.472204242822198,Unattained target,GPSampler,PRUNED
28,28,8.230562030918179,2026-04-13 11:34:07.860854,2026-04-13 11:34:12.817634,0 days 00:00:04.956780,78.55302888689685,16.73971728365906,70.20313254157338,-23.83234850918172,49.38946065465535,76.80996011632683,56.54640926528843,39.80292262441013,28.670005841896252,68.12542636747206,88.11805807783936,22.75475582165729,-51.915025047354106,62.00237346592538,34.16427791542347,99.82345537748972,44.06083194241529,28.66120054954567,Unattained target,GPSampler,PRUNED
29,29,5.030139311109664,2026-04-13 11:34:12.974905,2026-04-13 11:34:21.558683,0 days 00:00:08.583778,29.218420631719926,33.65356133844978,18.409097631676175,-28.827834933385233,66.96602929336103,26.252449151638785,78.1032602724355,44.867305062348315,17.84850848322019,26.80594476220472,57.22707128132348,89.20189047162786,-20.724077445929865,43.030284086798446,71.59383549264237,87.58928254596773,36.10566809369247,24.012763617401575,Unattained target,GPSampler,PRUNED
30,30,15.987206535807815,2026-04-13 11:34:21.718138,2026-04-13 11:34:26.368378,0 days 00:00:04.650240,16.30374021311154,88.88862700249656,77.43765423993116,-75.0281154475372,27.20332621814135,30.557853889903804,60.65605212794768,43.369654924825795,21.600547857202127,15.014027699166324,68.64119862425886,11.202856472438722,-64.29104982354403,69.62740230052157,94.73615449376386,16.661246989053243,33.29806988256808,14.199470150472814,Unattained target,GPSampler,PRUNED
31,31,7.433332161991217,2026-04-13 11:34:26.495706,2026-04-13 11:34:32.005592,0 days 00:00:05.509886,37.316706650306855,90.1833482954061,13.939171825640761,-57.705525351264676,29.01814674086087,44.981181790933896,29.928930713191704,32.18338737954014,19.636261843185125,99.82693299556742,94.13265342217359,45.82291991170747,-38.069133806719705,84.37998735960143,79.13191394728112,94.89345901455751,34.95467635801438,20.724464408830897,Unattained target,GPSampler,PRUNED
32,32,6.8265625391098865,2026-04-13 11:34:32.134171,2026-04-13 11:34:37.385064,0 days 00:00:05.250893,55.34676270410601,20.116411426556127,57.58545460873208,-53.686572940730244,25.596131771422897,49.51557913944239,40.432583629360245,30.79162670104928,17.203628085478503,80.03413315365802,45.32268433646237,89.09760053847144,-55.06867980863166,88.75846485800729,85.42702869800071,58.149796601982814,45.19075968022395,27.015946466042685,Unattained target,GPSampler,PRUNED
33,33,5.091220357038573,2026-04-13 11:34:37.551755,2026-04-13 11:34:42.535895,0 days 00:00:04.984140,19.934617038814906,79.71095835629482,43.34198858684272,-26.74158418765367,34.53244991958664,70.50735705881236,19.9346492882207,43.089629877136474,11.860996836549994,17.685838757534405,71.1295717989285,95.7193514294504,-29.627726335128244,56.51157300547693,55.85481628027432,64.79998416040843,43.3280627607442,24.617826005860625,Unattained target,GPSampler,PRUNED
34,34,5.151898076786686,2026-04-13 11:34:42.692200,2026-04-13 11:34:52.279360,0 days 00:00:09.587160,22.833485732182943,62.94833534572761,36.85716289853371,-29.133234706040383,25.190658349477225,81.88708619812665,69.75779264313616,44.67619105473953,22.58500507966847,72.96135726963833,13.72521314052768,47.75614157804235,-73.50831053641754,33.31645020857292,51.44727842779796,55.151152386915726,37.56427831675141,16.958404600068164,Unattained target,GPSampler,PRUNED
35,35,15.750661746356101,2026-04-13 11:34:52.431095,2026-04-13 11:35:01.269276,0 days 00:00:08.838181,33.93295129479175,84.53676519695657,75.8684953449146,-32.14158748186908,52.52503535985984,77.52623974725421,72.4632748949353,36.93968556117283,12.993394173277563,14.05914187223875,91.36265164230883,61.77980750629521,-61.64547797900915,54.73141831314649,69.27009269592898,25.194469956920788,31.206614231544563,13.166584943264809,Unattained target,GPSampler,PRUNED
36,36,5.662378060541663,2026-04-13 11:35:01.432558,2026-04-13 11:35:17.519149,0 days 00:00:16.086591,17.368417737559252,17.893151184566737,21.697586418483702,-57.409406232982285,19.31249942165792,15.530320930959736,24.374653890643344,33.862615556923124,24.980962093394425,63.37563172897609,33.43438974655828,49.14904670554288,-25.346313012065544,61.28176646423421,97.67984506652652,25.102726942185363,45.71453348221965,20.088355698116125,Unattained target,GPSampler,PRUNED
37,37,6.5895877494955,2026-04-13 11:35:17.722671,2026-04-13 11:35:26.519970,0 days 00:00:08.797299,96.83125677472842,47.61266000069452,96.53752289189275,-71.0251195219292,11.894122760311683,13.249110614691098,26.70302765829072,47.849403265756834,28.4320714226319,53.24696887279791,29.6198280424964,31.23935744993019,-26.989695555737583,12.872401265787767,48.21061087543885,30.088994774358852,31.378539908615238,16.720342131055297,Unattained target,GPSampler,PRUNED
38,38,7.105592991059751,2026-04-13 11:35:26.694721,2026-04-13 11:35:35.800574,0 days 00:00:09.105853,80.96571297442057,24.636166582573388,20.53040114087121,-35.38996869092337,71.98528791618227,38.64057570823165,76.74785948372072,33.428589463411754,16.58110216524224,42.3330696267076,75.62786476174942,16.15157481379441,-46.65071850776451,23.814182109568307,36.87596927876282,74.9056342106457,31.40471008014285,17.173972361953805,Unattained target,GPSampler,PRUNED
39,39,5.728789324879337,2026-04-13 11:35:35.956374,2026-04-13 11:35:44.753916,0 days 00:00:08.797542,34.16425290493659,24.039524998378624,68.03410932402932,-55.20611491881556,53.52405278144123,33.11090577510278,86.81279362656845,32.1334996885924,17.317421722837686,60.576602275061255,57.014703651795855,53.6418134006353,-29.721089637038524,87.90820048089009,49.65308645757967,39.93146531240106,49.55549564572203,27.934365584370294,Unattained target,GPSampler,PRUNED
40,40,9.441673437982857,2026-04-13 11:35:44.887446,2026-04-13 11:35:53.706012,0 days 00:00:08.818566,19.171567072916623,23.03265310561989,71.7494871514651,-48.742189473885944,94.26349520432326,16.011066192918335,98.56181212960283,44.693176719505146,24.96336793973617,42.029190265410975,87.44925065928994,18.668860780618285,-51.63837825472167,58.9586741554278,33.701941998333965,25.31494179137813,39.35613832707197,19.194382483254174,Unattained target,GPSampler,PRUNED
41,41,7.37290213002133,2026-04-13 11:35:53.871924,2026-04-13 11:36:02.222392,0 days 00:00:08.350468,89.85003468443124,49.454228037514,97.91657630207547,-31.263081068633667,43.30819522338188,63.714553728487864,81.70324990263218,47.673942341593126,26.078176398027637,60.04519898055568,63.76099035231719,49.77149541967414,-64.38163957042464,34.68862041116281,87.09886833712547,74.82474406884994,40.04408070693143,29.849867057067108,Unattained target,GPSampler,PRUNED
42,42,18.295708195386347,2026-04-13 11:36:02.350868,2026-04-13 11:36:09.844027,0 days 00:00:07.493159,43.05956170562207,29.978257439843897,42.94182407433443,-51.8518509983622,62.54843489054597,98.07347836260193,67.279997715424,34.33716131694522,13.26331829844561,91.67388925389598,16.3338622826923,39.26636349470009,-56.175481823544985,67.31707140683449,40.87377552833423,13.362288843215408,37.1043755797232,11.56757798929526,Unattained target,GPSampler,PRUNED
43,43,5.2800430391157605,2026-04-13 11:36:09.973272,2026-04-13 11:36:18.205461,0 days 00:00:08.232189,91.93402045320752,85.7461308115486,66.75936559639851,-55.850213656569196,59.52690524773322,43.532807160562506,65.51593649053336,43.824330136074565,12.764954268817387,96.89908982625305,14.27043753924751,86.24437400260194,-49.18494650023213,92.8071697462703,46.19445685145484,99.32590191629917,38.46905312617185,15.376665725385134,Unattained target,GPSampler,PRUNED
44,44,14.461767393731748,2026-04-13 11:36:18.341038,2026-04-13 11:36:26.620341,0 days 00:00:08.279303,20.66046143974011,75.74885823118082,26.790082159814204,-63.93233255627911,64.02548920397008,68.6531956560089,91.64527724641422,35.77779658113287,20.622997161683156,26.431767918875156,69.46736244513508,45.090490323252894,-52.31197622749719,80.93412707491844,16.22763214677773,64.9442986128376,46.56673011981181,10.47752291567426,Unattained target,GPSampler,PRUNED
