,number,value,datetime_start,datetime_complete,duration,params_highPt.lL1,params_highPt.lL2,params_highPt.lL3,params_highPt.rA2,params_highPt.rL1,params_highPt.rL2,params_highPt.rL3,params_highPt.x2,params_highPt.y2,params_lowPt.lL1,params_lowPt.lL2,params_lowPt.lL3,params_lowPt.rA2,params_lowPt.rL1,params_lowPt.rL2,params_lowPt.rL3,params_lowPt.x2,params_lowPt.y2,user_attrs_prune,system_attrs_auto:sampler,state
328,328,,2026-05-18 21:02:49.929401,2026-05-18 21:02:50.302445,0 days 00:00:00.373044,28.258665751794965,47.84714555273313,31.235773362490455,-83.34138434378717,59.465764925674236,4.234489887265059,61.26291771926492,1.5510242485668115,21.80058537662856,52.222228291593645,25.228276689426657,56.88734332493512,-23.121044052854046,29.611255423271885,1.9617990811689152,27.93899501945352,-2.100151028725776,46.08243271141197,Unfeasible shape,GPSampler,PRUNED
329,329,,2026-05-18 21:02:50.441997,2026-05-18 21:02:53.206358,0 days 00:00:02.764361,28.341979881729483,47.93213849809229,31.26255472969162,-83.28175634849347,59.57693762936512,4.253705064450622,61.34160677887884,1.45118971448575,21.914117575973464,52.207961889940364,25.109785384089292,56.88623670727437,-23.148367839542054,29.52005174096849,2.142372904399592,27.885355321268975,-2.2700593718384,46.01574149378476,Unfeasible shape,GPSampler,PRUNED
330,330,,2026-05-18 21:02:53.350021,2026-05-18 21:02:53.607784,0 days 00:00:00.257763,28.261906149868842,47.830772635458445,31.293394778930374,-83.26206545533853,59.588185593697894,4.256990541226236,61.286939460051244,1.4649881504308837,21.92548319813737,52.2584161535922,25.13841107429991,56.84880490145277,-23.145230905306192,29.51676187858154,2.080000557342463,27.83634007802672,-2.2281809690130743,46.015080460613234,Unfeasible shape,GPSampler,PRUNED
331,331,,2026-05-18 21:02:53.748163,2026-05-18 21:02:54.010203,0 days 00:00:00.262040,28.27553541770216,47.761991588847835,31.337754392178898,-83.39991996343471,59.56548365986129,4.2033567066803545,61.180715942963666,1.63204450692578,21.844159574342253,52.26419904726502,25.259813030021142,56.84481848230944,-23.07312865679041,29.596340113343704,2.1152699126778955,27.811543880522656,-2.0501711575528248,46.014432957660496,Unfeasible shape,GPSampler,PRUNED
332,332,,2026-05-18 21:02:54.162336,2026-05-18 21:02:54.406786,0 days 00:00:00.244450,28.36243293445247,47.91369128838011,31.32902897991937,-83.20944625793629,59.57027181995195,4.24337198916004,61.21500592329933,1.4640066907023694,21.86798444367853,52.26366552071099,25.111892519118847,56.86302776336865,-23.22942389553741,29.564109432098856,2.1634046258102604,27.811797797193265,-2.267527603974308,45.98069057275226,Unfeasible shape,GPSampler,PRUNED
333,333,,2026-05-18 21:02:54.572020,2026-05-18 21:02:54.998172,0 days 00:00:00.426152,28.185146604493287,47.722523271582006,31.266917100549495,-83.33937879419949,59.460859194243774,4.22785010805976,61.265742914855316,1.5034468615578973,21.86730653158317,52.282007086569145,25.321841585832548,56.83577013987529,-23.059248251662545,29.680398773186166,2.0437528505571345,27.915402944135288,-2.1262306106877276,46.02772210653177,Unfeasible shape,GPSampler,PRUNED
334,334,,2026-05-18 21:02:55.142283,2026-05-18 21:02:56.880145,0 days 00:00:01.737862,28.297322254902976,47.817071387994076,31.2306231300596,-83.34071970289425,59.51691748506103,4.138988919835279,61.20003838818472,1.5216999839046252,21.73294380176171,52.23620151558274,25.128906100374518,56.76242248594641,-23.125939071842545,29.53110138394232,2.016869337455845,27.78724038354325,-2.181381487658456,46.0338512284159,Unfeasible shape,GPSampler,PRUNED
335,335,,2026-05-18 21:02:57.041226,2026-05-18 21:02:57.383693,0 days 00:00:00.342467,28.427591860516255,47.79746467173884,31.336730072452756,-83.32546477782857,59.54919717394639,4.270940758764974,61.20042521127793,1.5423631518093899,21.804095296644086,52.210710280494546,25.304537289493062,56.885047924535435,-23.107891944277334,29.66316621320318,1.9774161902096719,27.95294194746771,-2.1976673470309507,46.00782383142871,Unfeasible shape,GPSampler,PRUNED
336,336,,2026-05-18 21:02:57.593840,2026-05-18 21:02:59.240500,0 days 00:00:01.646660,28.236344015399172,47.78980489994356,31.253268757052446,-83.35404210420859,59.56045654576575,4.220800983927118,61.250671784451036,1.576937140236879,21.815078451524997,52.244480087920145,25.226199695901627,56.85342997039361,-23.13623981771677,29.56793704692191,2.029922942446761,27.88264320769927,-2.1419233528305526,46.0528852378241,Unfeasible shape,GPSampler,PRUNED
337,337,,2026-05-18 21:02:59.398944,2026-05-18 21:02:59.740261,0 days 00:00:00.341317,28.233663028737883,47.83953351513042,31.283231228514737,-83.36973734654583,59.57774108889551,4.206883535223513,61.17855764177249,1.5020190750434566,21.895229313892404,52.228778356882735,25.11388069801686,56.834967661698734,-23.171851650798985,29.519325233776765,2.0715989074499443,27.780202592199817,-2.1654983633359848,46.01176196191483,Unfeasible shape,GPSampler,PRUNED
338,338,,2026-05-18 21:02:59.886864,2026-05-18 21:03:00.420777,0 days 00:00:00.533913,28.14282726932474,47.697382517360104,31.256748171324062,-83.35678842769241,59.58949330665561,4.151920071215361,61.25687294669425,1.5453762121280192,21.80895347795514,52.30808067329193,25.194782442808936,56.77155820366502,-23.049705986585494,29.523637561272977,2.1038111885702673,27.750916356475056,-2.0815884538449794,46.05354077794222,Unfeasible shape,GPSampler,PRUNED
339,339,,2026-05-18 21:03:00.573153,2026-05-18 21:03:01.080336,0 days 00:00:00.507183,28.29828542076855,47.834135509880944,31.241015863760317,-83.25939513424717,59.56710915992165,4.22858098656584,61.22704431431562,1.5045110876811734,21.90076441272539,52.33385581309656,25.194558843990052,56.848596330264236,-23.220328403056158,29.5263672507142,2.061043363933153,27.88123162985549,-2.1196052436354478,46.000655923070404,Unfeasible shape,GPSampler,PRUNED
340,340,,2026-05-18 21:03:01.211459,2026-05-18 21:03:03.941427,0 days 00:00:02.729968,28.305715421971904,47.910084624694846,31.330804411368927,-83.27711265911564,59.50072683434033,4.206620035727641,61.16128232796106,1.5397900549889982,21.93043710578067,52.262349432724754,25.21804766382956,56.890644807354576,-23.18551847329242,29.571730654516166,2.1532207249626967,27.838420036541468,-2.1979427725485152,46.029432793359206,Unfeasible shape,GPSampler,PRUNED
341,341,,2026-05-18 21:03:04.099854,2026-05-18 21:03:05.707987,0 days 00:00:01.608133,28.22955356349547,47.765035097633024,31.290544134453576,-83.39826698206087,59.40888448448282,4.201375545392391,61.27941221655304,1.469824510860846,21.882747929591414,52.287566798000825,25.172201675208754,56.79407795919022,-23.144135570781536,29.62741207116868,2.0280807223727377,27.81678184646392,-2.2111985307714193,46.10351295611177,Unfeasible shape,GPSampler,PRUNED
342,342,,2026-05-18 21:03:05.870265,2026-05-18 21:03:07.655919,0 days 00:00:01.785654,28.264816277625826,47.78680176562884,31.199720577956757,-83.40097258661511,59.486890533626536,4.129985241553561,61.30946281783649,1.6145928086045416,21.7283547270291,52.21945426944006,25.239645146341882,56.83010605524735,-23.176031276612086,29.489313427333386,1.94601646350548,27.962501740802477,-2.166704001914816,46.03492268978304,Unfeasible shape,GPSampler,PRUNED
343,343,,2026-05-18 21:03:07.823125,2026-05-18 21:03:09.654544,0 days 00:00:01.831419,28.256877646084725,47.81953585411074,31.268084984541648,-83.33622351959208,59.55024112728138,4.211852012781753,61.24861276116124,1.534804359799402,21.828578738338564,52.25121201519005,25.182871363193136,56.83841138578729,-23.133966897838725,29.55174272024158,2.0619554676477616,27.84128509529806,-2.1513999587675414,46.04261523042996,Unfeasible shape,GPSampler,PRUNED
344,344,,2026-05-18 21:03:09.822386,2026-05-18 21:03:12.304546,0 days 00:00:02.482160,28.2959926423785,47.910817864815186,31.352256939137035,-83.40908275673993,59.48160912335691,4.168203794344565,61.27673036613965,1.5460621188522623,21.960298617389913,52.280356639217764,25.19214422358142,56.83771524427171,-23.188965513783728,29.639901619561407,2.109674136722758,27.940039746605684,-2.17179720576695,45.999779647904155,Unfeasible shape,GPSampler,PRUNED
345,345,,2026-05-18 21:03:12.470820,2026-05-18 21:03:14.527436,0 days 00:00:02.056616,28.219419699553775,47.70963296791808,31.381383590566056,-83.4555855977925,59.6526395264653,4.180006129167621,61.19821936845677,1.6710081113857456,21.95816632860392,52.289101819169645,25.301856273905162,56.808052830851494,-23.083474146780112,29.633033048234463,2.08213729315294,27.71695357198728,-2.143379903384492,46.000699470327476,Unfeasible shape,GPSampler,PRUNED
346,346,,2026-05-18 21:03:14.685729,2026-05-18 21:03:16.509507,0 days 00:00:01.823778,28.23617269558244,47.803432184066246,31.260302604976275,-83.35203225949886,59.5901791649955,4.200761626956704,61.24298743398605,1.5088347004228737,21.858066501368636,52.235240104828506,25.16574668486832,56.78128305992348,-23.09294031712347,29.552045381412736,2.055373049410132,27.870152043548742,-2.1805472902806926,46.05271354136753,Unfeasible shape,GPSampler,PRUNED
347,347,,2026-05-18 21:03:16.657023,2026-05-18 21:03:17.099123,0 days 00:00:00.442100,28.44212180109508,47.9659466557464,31.260527374567413,-83.20043981565911,59.54816760080235,4.297899499411686,61.157290319479024,1.504592875971845,21.872724560696014,52.28123118407601,25.180531137435825,56.910486066627904,-23.317786229044515,29.49067807213365,2.168991336943452,27.85349244638848,-2.2335244217231605,45.95575203732116,Unfeasible shape,GPSampler,PRUNED
348,348,,2026-05-18 21:03:17.246891,2026-05-18 21:03:17.865379,0 days 00:00:00.618488,28.234367919790827,47.78523290587928,31.339893891487314,-83.35373714216244,59.58235122231042,4.184046750549809,61.26245260165498,1.4346369811795796,21.860176761887377,52.22583931268983,25.1190022406224,56.725652003931486,-23.0252594995427,29.487399505872776,2.141243393847576,27.712476125408525,-2.166022497631083,46.0560687530039,Unfeasible shape,GPSampler,PRUNED
349,349,,2026-05-18 21:03:18.006605,2026-05-18 21:03:18.618547,0 days 00:00:00.611942,28.261359979689498,47.829797885191994,31.25935846796787,-83.29967834845458,59.5444142988446,4.195295338702961,61.21452184398929,1.532417344187209,21.82468285864084,52.2723381997792,25.21937111940897,56.85841544490988,-23.171293137582992,29.56434885121436,2.049146198938878,27.850466286411688,-2.1374196075542997,46.01368531952247,Unfeasible shape,GPSampler,PRUNED
350,350,,2026-05-18 21:03:18.759784,2026-05-18 21:03:19.153189,0 days 00:00:00.393405,28.234771259176863,47.79199134485585,31.336928007812546,-83.34921093697503,59.51859658717566,4.187351314393157,61.160132496075995,1.5313381782786166,21.892060684108205,52.19486473703682,25.220993611660166,56.74370298222936,-23.094580273367733,29.59416168118143,2.0918119250783365,27.745927077000143,-2.14706186159988,46.04068513071524,Unfeasible shape,GPSampler,PRUNED
351,351,,2026-05-18 21:03:19.312851,2026-05-18 21:03:21.261515,0 days 00:00:01.948664,28.28764667645456,47.89286222173861,31.258598565787423,-83.32382539957665,59.59822611700129,4.206201315572154,61.27071395726051,1.5716515703886316,21.7422212480087,52.242421202511295,25.16199903375347,56.87706804683848,-23.11816578555893,29.56571861132186,2.0576745090760604,27.871857262131012,-2.1558719172413987,46.043714872414085,Unfeasible shape,GPSampler,PRUNED
352,352,,2026-05-18 21:03:21.439704,2026-05-18 21:03:23.396538,0 days 00:00:01.956834,28.261670842997106,47.85536219705115,31.263415009712993,-83.4253921029115,59.495815417529634,4.221005074448185,61.22078916525792,1.5782778596121503,21.742119692202127,52.192466444272,25.190314606700547,56.880568166292804,-23.096102997276517,29.60822137609609,2.044893259509004,27.88287875763506,-2.096102165356747,46.0972021014186,Unfeasible shape,GPSampler,PRUNED
353,353,,2026-05-18 21:03:23.564597,2026-05-18 21:03:25.399949,0 days 00:00:01.835352,28.30285602734203,47.84048168784151,31.195445459434058,-83.35395442179998,59.4740935342198,4.151612449500348,61.19190496876832,1.6301155123324804,21.71866386694483,52.2333052126969,25.252070784585747,56.82700432072539,-23.110554200994997,29.624856731718605,2.0268729050861616,27.86320382195088,-2.066568321623514,46.09541391147391,Unfeasible shape,GPSampler,PRUNED
354,354,,2026-05-18 21:03:25.557592,2026-05-18 21:03:25.796595,0 days 00:00:00.239003,28.262322233536214,47.749901214965455,31.329899276342175,-83.24865677961306,59.45696279428516,4.190213207118042,61.215243998048095,1.5606091756517344,21.880938396122545,52.182931281220476,25.321551066492145,56.82011709789084,-23.178470744890276,29.64137320118361,2.092404063426382,27.879827531163567,-2.125962423074398,46.047899305493125,Unfeasible shape,GPSampler,PRUNED
355,355,,2026-05-18 21:03:25.942160,2026-05-18 21:03:26.451437,0 days 00:00:00.509277,28.268200609539726,47.8641290164375,31.308108088979697,-83.3593378701314,59.53596615896055,4.1784464724506005,61.157372027882545,1.5690689106994213,21.78617125804403,52.149677236446664,25.18147186775713,56.910656659521614,-23.128957921452013,29.558608704643305,2.0617098314573195,27.839944723339904,-2.0916985852479044,46.08212553440106,Unfeasible shape,GPSampler,PRUNED
356,356,,2026-05-18 21:03:26.603250,2026-05-18 21:03:27.031353,0 days 00:00:00.428103,28.26509696319201,47.810896143751584,31.25872616126678,-83.34809254046195,59.546602569993894,4.246454206765348,61.27515096623988,1.5455289973437658,21.852338935334064,52.29598707886244,25.20711793648453,56.83745122340561,-23.111153649169424,29.554078590049212,2.0657318455590685,27.87157598275243,-2.120131839504623,46.03898107578634,Unfeasible shape,GPSampler,PRUNED
357,357,,2026-05-18 21:03:27.171838,2026-05-18 21:03:27.445135,0 days 00:00:00.273297,28.208710787996,47.782576633160595,31.231495991939187,-83.40214650088978,59.53349010463862,4.204795057890076,61.28274626410343,1.5798700201769122,21.75230515555383,52.2672425369039,25.243463962124466,56.850792673871375,-23.094479274237678,29.57720186241798,1.9523222163263194,27.910035202660573,-2.0718552448117222,46.0641790601689,Unfeasible shape,GPSampler,PRUNED
358,358,,2026-05-18 21:03:27.587522,2026-05-18 21:03:29.145292,0 days 00:00:01.557770,28.20782721214318,47.81057912158615,31.342515916487013,-83.42344685034669,59.53245936166196,4.241340973145935,61.16218803174142,1.5469925675134206,21.92490246558457,52.17619586052648,25.19872042431169,56.779293171669806,-23.081981227708788,29.567812047546322,1.921650544810797,27.741991716265193,-2.120338280536643,46.06978922702634,Unfeasible shape,GPSampler,PRUNED
359,359,,2026-05-18 21:03:29.292959,2026-05-18 21:03:29.713386,0 days 00:00:00.420427,28.192436024558706,47.74896694522758,31.29077912255095,-83.30404558740454,59.52277332696253,4.195228194152534,61.27262181120608,1.4811788930721619,21.83464183881588,52.27819879764066,25.158035452044544,56.74851495773146,-23.061480808852835,29.575735589897842,2.1029430135906138,27.8031447448272,-2.1330158779546267,46.05379812824169,Unfeasible shape,GPSampler,PRUNED
360,360,,2026-05-18 21:03:29.868631,2026-05-18 21:03:30.126717,0 days 00:00:00.258086,28.283991270674164,47.879210585584744,31.254639351231187,-83.29292415700203,59.5285510030373,4.240680688744856,61.22741425908257,1.5394366785398859,21.823449331478812,52.23246248032402,25.154403023263633,56.841931289220604,-23.218974500691857,29.553169789546313,2.0768526387375204,27.900306723763016,-2.1372004704700274,46.01677137799246,Unfeasible shape,GPSampler,PRUNED
361,361,,2026-05-18 21:03:30.262009,2026-05-18 21:03:32.053985,0 days 00:00:01.791976,28.142934689137345,47.804166295740984,31.243365730062877,-83.36144163203339,59.47929456800442,4.223625907905637,61.28363103285162,1.5080816396526728,21.89506770385569,52.2078405650832,25.142619529497956,56.776743618111034,-23.017690676401926,29.564296085857617,2.048159095327421,27.913564443089808,-2.1254261883214767,46.08486692799558,Unfeasible shape,GPSampler,PRUNED
362,362,,2026-05-18 21:03:32.214357,2026-05-18 21:03:32.987319,0 days 00:00:00.772962,28.147151087624884,47.678053805892645,31.21771027138997,-83.34736335592102,59.425740910819016,4.18722784631085,61.29719596835866,1.5908371112126503,21.68708758343018,52.325907562785524,25.313171585574864,56.83051763100231,-23.092711192852107,29.547258198083803,2.0382036612294057,27.868775964704177,-2.024700903890867,46.06405677832349,Unfeasible shape,GPSampler,PRUNED
363,363,,2026-05-18 21:03:33.139937,2026-05-18 21:03:33.381178,0 days 00:00:00.241241,28.259134501821876,47.8395827678842,31.289457813235988,-83.34676808116173,59.54500130567879,4.22377786516506,61.21653470206808,1.5383622656293028,21.78848624841745,52.230720008311025,25.16372403023949,56.85002941238714,-23.131774716093005,29.55692991792252,2.0603803085800667,27.83904934724168,-2.1559932264076025,46.05247369015043,Unfeasible shape,GPSampler,PRUNED
364,364,,2026-05-18 21:03:33.519927,2026-05-18 21:03:35.592085,0 days 00:00:02.072158,28.29968091502688,47.89741429880331,31.28591901209758,-83.32527754618069,59.54259402819391,4.224104300630626,61.244379208687796,1.506943458075348,21.85376125184454,52.219858048477015,25.14649091195768,56.85199804487301,-23.143852990696928,29.55373157802938,2.0616646383275445,27.84305488122087,-2.187641063894503,46.03964002478555,Unfeasible shape,GPSampler,PRUNED
365,365,,2026-05-18 21:03:35.767747,2026-05-18 21:03:35.996096,0 days 00:00:00.228349,28.19254447518302,47.77739725321677,31.226238458691814,-83.33615649217211,59.56126645841658,4.208278720120205,61.27174589508647,1.4971141577499054,21.79069984322528,52.20067997318108,25.18086178025333,56.82660795141388,-23.047680468159008,29.612544179453586,1.9870831150772719,27.93036225705312,-2.1038848157830117,46.08648402026566,Unfeasible shape,GPSampler,PRUNED
366,366,,2026-05-18 21:03:36.152298,2026-05-18 21:03:38.123789,0 days 00:00:01.971491,28.2786212882897,47.80383604791233,31.283742691367355,-83.31195815887223,59.4574590714238,4.20666112487071,61.1929279743838,1.5884020790258333,21.78065738175299,52.26133216292458,25.246602123268687,56.83382355005625,-23.16205142254168,29.600482859266016,2.079355733224074,27.829335900820894,-2.1044372315115254,46.01060463237013,Unfeasible shape,GPSampler,PRUNED
367,367,,2026-05-18 21:03:38.283336,2026-05-18 21:03:40.331844,0 days 00:00:02.048508,28.283030161926398,47.84191424089417,31.289503089161126,-83.28521976264652,59.525044887678156,4.212238873548907,61.179496566757685,1.5450075141403659,21.80786531552581,52.22780786027852,25.19155999339841,56.83514487363398,-23.167164781478114,29.557705932220472,2.084838612538816,27.825238337385475,-2.1658401519722474,46.032220339351525,Unfeasible shape,GPSampler,PRUNED
368,368,,2026-05-18 21:03:40.495992,2026-05-18 21:03:40.755706,0 days 00:00:00.259714,28.160395956662235,47.73366993565546,31.246923258029472,-83.39179368292938,59.612126991330584,4.159847883344523,61.27143905941853,1.5151471541888029,21.88553193556272,52.244801649747274,25.192613160302287,56.77360230683948,-23.04112107612825,29.50865502760341,2.0396191633902747,27.754787900792845,-2.1189205247180993,46.037164953459275,Unfeasible shape,GPSampler,PRUNED
369,369,,2026-05-18 21:03:40.891931,2026-05-18 21:03:43.235686,0 days 00:00:02.343755,28.1459844388611,47.66777197077916,31.27030629832594,-83.35518383818543,59.574291934091,4.194045158369418,61.184759193443796,1.5766365634815287,21.96495107868275,52.24435472153377,25.200830771045943,56.77344043078524,-23.137808599378033,29.58323361915514,2.1099837438803988,27.838779298060782,-2.108793239967248,46.00747828350217,Unfeasible shape,GPSampler,PRUNED
370,370,,2026-05-18 21:03:43.463805,2026-05-18 21:03:45.762747,0 days 00:00:02.298942,28.270520567578938,47.858510909760575,31.29838974542241,-83.30263650267496,59.518938839683635,4.221327398804638,61.21762284653954,1.5535489464814134,21.876820002606603,52.24661504743968,25.13637606209976,56.81157681644132,-23.161283414811102,29.59766953757432,2.0845990577323654,27.848541863192228,-2.1529310844502803,46.0177868420324,Unfeasible shape,GPSampler,PRUNED
371,371,,2026-05-18 21:03:45.947020,2026-05-18 21:03:47.652812,0 days 00:00:01.705792,28.26597273164889,47.8430511418528,31.306936926396013,-83.28964550170758,59.544342248054924,4.207874166385642,61.292459153452356,1.5045482901519094,21.705561952461853,52.258666783707525,25.203090256212082,56.89716420781193,-23.234044952766403,29.561526930355438,2.0174526893174325,27.850859706559326,-2.1917026837935225,46.08985037323446,Unfeasible shape,GPSampler,PRUNED
372,372,,2026-05-18 21:03:47.821387,2026-05-18 21:03:48.420115,0 days 00:00:00.598728,28.212147036224895,47.68099863451072,31.25256148709273,-83.37372195265735,59.58603640278471,4.212769098026181,61.22001100333995,1.5727429100395725,21.82251774681511,52.298981213731764,25.270221649426222,56.78740357276325,-23.021186000855707,29.565716002472104,1.9904207162101226,27.830260044857635,-2.1195659714437554,46.06901825499329,Unfeasible shape,GPSampler,PRUNED
373,373,,2026-05-18 21:03:48.560350,2026-05-18 21:03:50.410256,0 days 00:00:01.849906,28.241496330124022,47.68091887417701,31.291095734083363,-83.39566086260243,59.50090406595032,4.190211560893081,61.20811141533014,1.6635805972522277,21.749918565699158,52.22899206735801,25.280737527310183,56.80137504127488,-23.136780409414676,29.60804361699566,2.065906096832909,27.746887485843573,-2.07893717981716,46.01815851474054,Unfeasible shape,GPSampler,PRUNED
374,374,,2026-05-18 21:03:50.639634,2026-05-18 21:03:53.258045,0 days 00:00:02.618411,28.15574428583048,47.73078029106858,31.25646902479114,-83.36255639568904,59.55135315304143,4.18929750614774,61.21134893386104,1.529587904920021,21.87658646230907,52.25884607554449,25.180291262436356,56.74116584246415,-23.054237293738026,29.547044204390225,2.1079888089225185,27.7647032241764,-2.125938476754783,46.04973833033966,Unfeasible shape,GPSampler,PRUNED
