,number,value,datetime_start,datetime_complete,duration,params_highPt.lL1,params_highPt.lL2,params_highPt.lL3,params_highPt.rA2,params_highPt.rL1,params_highPt.rL2,params_highPt.rL3,params_highPt.x2,params_highPt.y2,params_lowPt.lL1,params_lowPt.lL2,params_lowPt.lL3,params_lowPt.rA2,params_lowPt.rL1,params_lowPt.rL2,params_lowPt.rL3,params_lowPt.x2,params_lowPt.y2,user_attrs_prune,system_attrs_auto:sampler,state
798,798,,2026-05-18 21:14:27.759542,2026-05-18 21:14:30.158027,0 days 00:00:02.398485,28.24553139821523,47.823176854876465,31.299500653061667,-83.34255327678018,59.55406961762221,4.2262317162971215,61.23410740789444,1.5352591041169603,21.82837263090446,52.204547878034,25.168565669613187,56.826719839152396,-23.13821809191527,29.561347524498753,2.0744427603918636,27.869238859246455,-2.1472117775153663,46.05157587004786,Unfeasible shape,GPSampler,PRUNED
799,799,,2026-05-18 21:14:30.324085,2026-05-18 21:14:32.346432,0 days 00:00:02.022347,28.337307927710693,47.87282792881582,31.25189491758604,-83.19010369037511,59.59492688312823,4.216803097939264,61.234120402176394,1.5013788494194245,21.7901534678014,52.35874694577466,25.172015112373895,56.873012414633365,-23.251511083816993,29.467514425961426,2.115170779831468,27.84741510197717,-2.2096245873995457,45.972516040807854,Unfeasible shape,GPSampler,PRUNED
800,800,,2026-05-18 21:14:32.500644,2026-05-18 21:14:32.920462,0 days 00:00:00.419818,28.266202638996884,47.85221802771513,31.297979564827887,-83.23181309367945,59.5539731873403,4.201846554015243,61.27834625722076,1.460656357076978,21.905686252612075,52.22957883677094,25.151383894064377,56.83350380757529,-23.12421039385913,29.563499296169372,2.0827016773110776,27.80245239158007,-2.115576114145888,46.043618989272936,Unfeasible shape,GPSampler,PRUNED
801,801,,2026-05-18 21:14:33.071991,2026-05-18 21:14:33.346274,0 days 00:00:00.274283,28.191563964987985,47.735627583896616,31.268274908160713,-83.36395670900255,59.54072103667136,4.190481604815794,61.22776812252221,1.5629633794480213,21.803022960363236,52.26584018364774,25.225585282430618,56.80570231026965,-23.09104241981325,29.576370849249564,2.0161188438293847,27.828285483883104,-2.1001439907487764,46.051634124429796,Unfeasible shape,GPSampler,PRUNED
802,802,,2026-05-18 21:14:33.492781,2026-05-18 21:14:33.732055,0 days 00:00:00.239274,28.089997694552515,47.644222274222926,31.23091608382015,-83.34087191288243,59.61823824906055,4.132907943929867,61.19717405353866,1.509589432436023,21.79637749939209,52.3013221129873,25.075416568750388,56.72392379603967,-23.026436363684695,29.53150696007722,2.084996823251826,27.71824367094632,-2.104545154160242,46.060128207927235,Unfeasible shape,GPSampler,PRUNED
803,803,,2026-05-18 21:14:33.902527,2026-05-18 21:14:34.845482,0 days 00:00:00.942955,28.244330117180123,47.72268266221003,31.305755924263696,-83.41114471312041,59.369769373370616,4.200094541215845,61.22506920491978,1.4567248408387456,21.811413324416012,52.27655532331072,25.21655323881065,56.80445657526827,-23.007136576098397,29.637233829793768,1.9993617488255793,27.848335825288107,-2.1328334761230323,46.040013166891924,Unfeasible shape,GPSampler,PRUNED
804,804,,2026-05-18 21:14:34.997829,2026-05-18 21:14:37.026346,0 days 00:00:02.028517,28.096694687791445,47.62974483063815,31.26661695986035,-83.4857597534987,59.53646375360833,4.231524869608164,61.29164361223317,1.5667860423546571,21.898667324470708,52.26953540856075,25.273819175701778,56.732057904227254,-23.01589055865118,29.577111586643657,1.9763507748804314,27.825064664547433,-2.049214699891415,46.05150493225764,Unfeasible shape,GPSampler,PRUNED
805,805,,2026-05-18 21:14:37.177260,2026-05-18 21:14:37.433979,0 days 00:00:00.256719,28.37452253854808,47.91556373040158,31.2431318793202,-83.24687027317499,59.55165064887048,4.209221527914275,61.22391643356427,1.5875288989225993,21.725581672555077,52.26480495695331,25.209359053521254,56.924991661448146,-23.20663062161554,29.578061091400034,2.0388389698407012,27.84213282587893,-2.1268576771522447,46.0851429526058,Unfeasible shape,GPSampler,PRUNED
806,806,,2026-05-18 21:14:37.609821,2026-05-18 21:14:39.774905,0 days 00:00:02.165084,28.327520983337465,47.83637365566163,31.237390145455198,-83.24378370798605,59.581426542498626,4.1973472575931705,61.244802652357734,1.5371038250887423,21.73501048753125,52.35203135018108,25.225281368928673,56.880357305971266,-23.239821469585458,29.50060083077452,2.0344533220853958,27.899127226973455,-2.140284235956635,45.98523707486748,Unfeasible shape,GPSampler,PRUNED
807,807,,2026-05-18 21:14:39.920281,2026-05-18 21:14:40.230467,0 days 00:00:00.310186,28.300506367806772,47.96542498336449,31.268984754285572,-83.36923797077449,59.53538267394796,4.258848536556311,61.203846609734995,1.4753085424528933,21.85902510260548,52.146822287204024,25.10285191537989,56.914955759425396,-23.091116161310936,29.46764103427697,2.08656668951974,27.842075504001624,-2.271407125569688,46.05334202442656,Unfeasible shape,GPSampler,PRUNED
808,808,,2026-05-18 21:14:40.393725,2026-05-18 21:14:40.784373,0 days 00:00:00.390648,28.214297002033394,47.75044429303915,31.287858660633745,-83.25510888493659,59.61124914308949,4.171496724525493,61.29684480934998,1.484647286395976,21.890894944528412,52.268620184437786,25.07561446550512,56.778743882484584,-23.013701030954948,29.47946315129256,2.1356953754616903,27.787769437890066,-2.199196440767345,46.05806474917677,Unfeasible shape,GPSampler,PRUNED
809,809,,2026-05-18 21:14:40.950598,2026-05-18 21:14:42.695484,0 days 00:00:01.744886,28.225401063160316,47.79012535067223,31.28999075830952,-83.2875522190372,59.573310455316786,4.199101880269472,61.218652477099006,1.5076479538907464,21.856400417483833,52.267959952781325,25.172361550565757,56.8030278405743,-23.114025404100843,29.537729528855973,2.051477186892269,27.82496577208158,-2.121920096453813,46.011735064690555,Unfeasible shape,GPSampler,PRUNED
810,810,,2026-05-18 21:14:42.852526,2026-05-18 21:14:43.242181,0 days 00:00:00.389655,28.299458205302727,47.882929243389725,31.227547279123023,-83.27960721545152,59.54439350495069,4.208785688090205,61.29701247679169,1.4569590148304243,21.78070767101218,52.20449115924331,25.11764893178637,56.87964845656409,-23.13902699445417,29.520825777313785,2.0653287897217165,27.82434977189572,-2.2118151665748513,46.04117126580484,Unfeasible shape,GPSampler,PRUNED
811,811,,2026-05-18 21:14:43.484893,2026-05-18 21:14:45.057793,0 days 00:00:01.572900,28.29139972013865,47.8094420200009,31.261573205174592,-83.45245132591255,59.450264744974184,4.222761916867901,61.23217285711873,1.5412186899857403,21.797400963756086,52.172724510816884,25.20529416559994,56.87904227211318,-23.116798331863933,29.646780775407144,2.031545937429769,27.955116302096382,-2.0720743312313203,46.08410704811148,Unfeasible shape,GPSampler,PRUNED
812,812,,2026-05-18 21:14:45.213937,2026-05-18 21:14:45.817620,0 days 00:00:00.603683,28.27479631182893,47.855787077794766,31.288845518205342,-83.35814958291442,59.52498573576995,4.214547402796392,61.22299968437416,1.542370001606379,21.810440310639777,52.212206432009715,25.17570022424103,56.85757585752204,-23.123470469241653,29.57549139677637,2.079302080662022,27.85462589079631,-2.1436019440448106,46.07037655820842,Unfeasible shape,GPSampler,PRUNED
813,813,,2026-05-18 21:14:45.985345,2026-05-18 21:14:47.702923,0 days 00:00:01.717578,28.259103234119504,47.76727004029699,31.29030606509241,-83.34164461491328,59.46848910365041,4.213595750470452,61.24776011374748,1.6134894350065636,21.823463170328292,52.04667358737916,25.28483592904089,56.77942355354987,-23.157945814309087,29.602881843334792,2.06282673754945,27.82927550991536,-2.1372248857203715,46.00117645625854,Unfeasible shape,GPSampler,PRUNED
814,814,,2026-05-18 21:14:47.858881,2026-05-18 21:14:48.108179,0 days 00:00:00.249298,28.232518263013674,47.7951835423292,31.267874075123427,-83.34335638580235,59.539904847368085,4.197232623034537,61.23273331493694,1.5419604624855339,21.831164278580186,52.23977518079773,25.196001747171373,56.835218324541934,-23.101619845101084,29.56936007899686,2.052489198740352,27.861207696319084,-2.1382122794159955,46.05101751433097,Unfeasible shape,GPSampler,PRUNED
815,815,,2026-05-18 21:14:48.261565,2026-05-18 21:14:48.725956,0 days 00:00:00.464391,28.266370548331928,47.803048951130116,31.27606378473135,-83.37673388566219,59.58659567713194,4.190971955420924,61.21632871414256,1.5168652909379574,21.8553254626637,52.23028908915704,25.19100439192292,56.83127842731009,-23.17987797134583,29.549917773114608,2.064351476992119,27.83415240918778,-2.1294348833887256,46.049261248428685,Unfeasible shape,GPSampler,PRUNED
816,816,,2026-05-18 21:14:48.886290,2026-05-18 21:14:50.489626,0 days 00:00:01.603336,28.18809586933662,47.82898756295904,31.227819345713215,-83.44286798865727,59.56273602783495,4.225539969107277,61.22788447620752,1.643486637601633,21.75073082001482,52.20066354264628,25.23443368416291,56.82706827961661,-23.153976660427347,29.54287897219235,1.9632632997916724,27.802677950020644,-2.181282772985213,46.02899056537177,Unfeasible shape,GPSampler,PRUNED
817,817,,2026-05-18 21:14:50.641408,2026-05-18 21:14:51.053046,0 days 00:00:00.411638,28.297614840029226,47.85826724214115,31.38425575187863,-83.35204461550718,59.51585403622968,4.244934272168703,61.178380781689974,1.5642375578714152,21.842217529175674,52.150459505743335,25.11820678972874,56.837589759624535,-23.11651137962164,29.597014505568666,2.1165309493372377,27.859847289805316,-2.1749695153728297,46.044657124993904,Unfeasible shape,GPSampler,PRUNED
818,818,,2026-05-18 21:14:51.215783,2026-05-18 21:14:53.120820,0 days 00:00:01.905037,28.249994265916538,47.763297121383005,31.286024373368388,-83.35856526944492,59.60654170570481,4.207663632974557,61.23372282481641,1.5099822030199377,21.806393266134986,52.23171248081239,25.168126262249416,56.84088200041525,-23.084764617706604,29.592671507725807,2.049721542996216,27.77188613623721,-2.194233326582335,46.07234631956882,Unfeasible shape,GPSampler,PRUNED
819,819,,2026-05-18 21:14:53.270735,2026-05-18 21:14:53.616788,0 days 00:00:00.346053,28.362627295018854,47.94773922630511,31.359273760394455,-83.18515626282745,59.55924837041743,4.307507349146593,61.20112204670089,1.560605573560565,22.081129944893398,52.22471258610422,25.233935709963127,56.890850120772434,-23.245946907953112,29.546146658768738,2.074285933249612,27.860657594277097,-2.238278342711709,46.083369141167225,Unfeasible shape,GPSampler,PRUNED
820,820,,2026-05-18 21:14:53.776793,2026-05-18 21:14:55.482465,0 days 00:00:01.705672,28.334376443501423,47.83901614409616,31.24232351083913,-83.33134671480862,59.4734087763786,4.245669486434523,61.168894623246004,1.4929195807721385,21.815137150105098,52.26354679939946,25.23715635792119,56.86871470475176,-23.207076857937466,29.53779333574322,1.9467080428051182,27.9602377421512,-2.0853339158449415,46.00872624943059,Unfeasible shape,GPSampler,PRUNED
821,821,,2026-05-18 21:14:55.622865,2026-05-18 21:14:57.145106,0 days 00:00:01.522241,28.213116812178452,47.782052502682234,31.250246576805736,-83.36949657529259,59.564289307665035,4.2044841781874105,61.26598813369358,1.53418013358678,21.815176935259647,52.25847551907659,25.19236099418762,56.81867367934755,-23.1104963381853,29.547450035368545,2.0271900857083627,27.841598965233477,-2.1275074845144033,46.05113718902112,Unfeasible shape,GPSampler,PRUNED
822,822,,2026-05-18 21:14:57.280588,2026-05-18 21:14:59.387345,0 days 00:00:02.106757,28.151157655811414,47.76153303001276,31.265433738515796,-83.49393165859914,59.55007213665277,4.238386741068954,61.31282099831191,1.527019999338954,21.845770033274185,52.20458877899318,25.18626165010858,56.80628192680987,-23.064979349906324,29.598973145613815,2.0052265748085993,27.873188286764623,-2.181772785766249,46.056261765112474,Unfeasible shape,GPSampler,PRUNED
823,823,,2026-05-18 21:14:59.557096,2026-05-18 21:15:01.388021,0 days 00:00:01.830925,28.20311426934554,47.7429674644474,31.280459499867497,-83.30977519362445,59.57152096681998,4.198568749619765,61.218610552332656,1.514011612171025,21.84307531705924,52.22520984026073,25.19560229891547,56.77831180948547,-23.11755446414284,29.5629370931124,2.0622510144199104,27.779706197198628,-2.1655634813879274,46.03773378719784,Unfeasible shape,GPSampler,PRUNED
824,824,,2026-05-18 21:15:01.544772,2026-05-18 21:15:03.340595,0 days 00:00:01.795823,28.305557520675354,47.83707187933653,31.23619039748481,-83.31901480387259,59.53621666227687,4.200334213472525,61.24428821927995,1.5127864367816883,21.83159909272763,52.26257767587674,25.217413021898444,56.86961876931243,-23.14569998330714,29.55355667261642,2.031945943096321,27.91492466683055,-2.132299077028314,46.01631096293599,Unfeasible shape,GPSampler,PRUNED
825,825,,2026-05-18 21:15:03.492427,2026-05-18 21:15:05.335392,0 days 00:00:01.842965,28.164875357960007,47.731028115375054,31.274975586697686,-83.38697262036749,59.55551236577509,4.207232152381847,61.26755934098532,1.5718267813127014,21.871103207206414,52.31790609252401,25.276167880627796,56.76967144202059,-23.082646380469747,29.573684565484655,2.0268132737250353,27.859462218836143,-2.1285396161789336,46.03649507051791,Unfeasible shape,GPSampler,PRUNED
826,826,,2026-05-18 21:15:05.487042,2026-05-18 21:15:05.758440,0 days 00:00:00.271398,28.246092651469198,47.783072454025046,31.298394657475118,-83.32908560424048,59.5450812764474,4.200828091721566,61.212749977458635,1.5279192544417555,21.854821176671496,52.2462091842362,25.18218922351815,56.81401256995595,-23.126873234629777,29.545860386959916,2.109183332171912,27.81320966523861,-2.153282056549159,46.03166434141285,Unfeasible shape,GPSampler,PRUNED
827,827,,2026-05-18 21:15:05.908691,2026-05-18 21:15:06.192548,0 days 00:00:00.283857,28.253108998858735,47.79731611934343,31.26935838761525,-83.32953012773784,59.51503593840952,4.151190061118568,61.227171526179326,1.542599107223701,21.987173694994986,52.19434739870043,25.151917483958474,56.82136634920166,-23.12595098998679,29.486185002624534,2.103084108516606,27.892246569021083,-2.197375987164122,46.04916293298611,Unfeasible shape,GPSampler,PRUNED
828,828,,2026-05-18 21:15:06.360778,2026-05-18 21:15:08.514905,0 days 00:00:02.154127,28.2685541862835,47.78528780672163,31.300513748329042,-83.34658458859111,59.51029919629659,4.2456678607780765,61.2187478761275,1.593599806531401,21.771786349433008,52.26557311741199,25.25146672761627,56.77893652075391,-23.13934398225215,29.564834597367128,2.019680408124731,27.865061692263087,-2.092425303908634,46.02533886155235,Unfeasible shape,GPSampler,PRUNED
829,829,,2026-05-18 21:15:08.669660,2026-05-18 21:15:08.914399,0 days 00:00:00.244739,28.085910055622445,47.59138997000982,31.247616077497657,-83.4151742533265,59.525912685709095,4.233328615465472,61.295414800334655,1.5691779354869766,21.860217756295057,52.28247585579382,25.299685431714142,56.69123201088073,-23.032547012316513,29.609316131784876,2.06255145606961,27.81281694045886,-2.0560525376935104,46.03586850471377,Unfeasible shape,GPSampler,PRUNED
830,830,,2026-05-18 21:15:09.080651,2026-05-18 21:15:09.394906,0 days 00:00:00.314255,28.13441821327996,47.72911910944333,31.263711953534884,-83.31221265328175,59.61707945245831,4.163852457737457,61.22213769815144,1.538118480121497,21.89970341434978,52.231416500343556,25.15007334879381,56.75218027740606,-23.098464320024583,29.59804629388401,2.06392445591629,27.766535899917244,-2.1532652557213794,46.051987067301255,Unfeasible shape,GPSampler,PRUNED
831,831,,2026-05-18 21:15:09.551803,2026-05-18 21:15:11.347388,0 days 00:00:01.795585,28.29109454977323,47.81011558259321,31.301371602627697,-83.34269540807492,59.527994512000724,4.245224435746582,61.221395615384424,1.5450746895959213,21.87117075210536,52.272319207553075,25.23924113313008,56.847790545173645,-23.17054347697183,29.57584369301898,2.0407221251221976,27.861595902878392,-2.1507831467140264,46.015469740188365,Unfeasible shape,GPSampler,PRUNED
832,832,,2026-05-18 21:15:11.499414,2026-05-18 21:15:12.537012,0 days 00:00:01.037598,28.1018725479484,47.6677417677156,31.270731676420034,-83.39021065415183,59.526561520196545,4.192029253448876,61.331636423183035,1.5777948428530948,21.845083055764267,52.40996099567647,25.260517382272944,56.76499330106198,-23.033457638672218,29.59957231607613,2.086421336721596,27.815209620744042,-2.0999146211900097,46.09755036823108,Unfeasible shape,GPSampler,PRUNED
833,833,,2026-05-18 21:15:12.687800,2026-05-18 21:15:13.105579,0 days 00:00:00.417779,28.248129625861534,47.79322193688708,31.236300853068972,-83.36672223847634,59.5198397932699,4.198991896358365,61.24049312466208,1.544952201236022,21.77639845307539,52.257462356694745,25.200248997333304,56.86650800706467,-23.132885489705103,29.537637669916556,1.9942934804244659,27.873531077968345,-2.1080508697777844,46.04545417685064,Unfeasible shape,GPSampler,PRUNED
834,834,,2026-05-18 21:15:13.257348,2026-05-18 21:15:13.753787,0 days 00:00:00.496439,28.305546229304067,47.795584140429035,31.30231891324213,-83.52739719596694,59.58008212098049,4.240403360794932,61.14166841838095,1.5348605583492443,21.845482136982273,52.19363827082383,25.039233047978172,56.81477604479969,-23.10663678784441,29.668392642184706,2.072283989208937,27.73677084003623,-2.136041848534383,46.04562223301328,Unfeasible shape,GPSampler,PRUNED
835,835,,2026-05-18 21:15:13.908212,2026-05-18 21:15:16.073773,0 days 00:00:02.165561,28.28273998276087,47.852192497745975,31.266171526117017,-83.30983257263553,59.545372918223045,4.185721920323411,61.20497880567195,1.558882139718314,21.758769701745752,52.28023787043047,25.18039374739885,56.860898832287376,-23.169690480412484,29.548833876093248,2.0602274154428644,27.846135650062998,-2.1563639812536692,46.04231238315565,Unfeasible shape,GPSampler,PRUNED
836,836,,2026-05-18 21:15:16.225092,2026-05-18 21:15:16.561767,0 days 00:00:00.336675,28.333455823514303,47.90304862198134,31.303761747496463,-83.21856704080055,59.51577805478956,4.20610815776449,61.158593566174765,1.5416713820674133,21.912287696069498,52.17508619965591,25.163962845855824,56.85763447065441,-23.21084133004402,29.572733734380755,2.073330128995788,27.7959523859347,-2.2123227559926875,46.03920192823204,Unfeasible shape,GPSampler,PRUNED
837,837,,2026-05-18 21:15:16.712376,2026-05-18 21:15:16.989540,0 days 00:00:00.277164,28.246073279972197,47.82087927354339,31.2715213509409,-83.37460084879112,59.5733885159979,4.177591884941696,61.216617817091574,1.5737602892812035,22.044414764195956,52.21257140981306,25.170147612990817,56.82401522838144,-23.11266467026654,29.527144297096214,2.0830082286438563,27.81055765518336,-2.1972105603988936,46.04850638607868,Unfeasible shape,GPSampler,PRUNED
838,838,,2026-05-18 21:15:17.142912,2026-05-18 21:15:19.131583,0 days 00:00:01.988671,28.233164519906857,47.764600709048246,31.281617970464477,-83.3654035675275,59.52235299409904,4.229180503056991,61.222679333685015,1.5816606628262804,21.78544691701347,52.28268943152516,25.247436224006194,56.82566738644139,-23.1386966843353,29.59468260474753,2.065416012816235,27.8516319290043,-2.1065145380655395,46.05187491979234,Unfeasible shape,GPSampler,PRUNED
839,839,,2026-05-18 21:15:19.296428,2026-05-18 21:15:19.626395,0 days 00:00:00.329967,28.24750251832129,47.832576166219866,31.314333897520417,-83.25710215494087,59.55344207706316,4.177839584553341,61.17925163636424,1.5352408013908772,21.884036298253985,52.19643688985582,25.093732836010012,56.79692994593606,-23.09849845008587,29.538705234713028,2.1049428268050265,27.743374127893855,-2.1769067315851274,46.07635223763303,Unfeasible shape,GPSampler,PRUNED
840,840,,2026-05-18 21:15:19.768510,2026-05-18 21:15:20.095017,0 days 00:00:00.326507,28.194018733502954,47.74487305576581,31.37169855633065,-83.35065074733167,59.56079674081354,4.223341871569046,61.14831979360216,1.6029500450393357,21.63685003448469,52.35568278876129,25.198484165673026,56.89746803113711,-23.100596860584858,29.61918488963571,2.011618694848396,27.879189234875195,-2.1611353360152137,46.00800606491815,Unfeasible shape,GPSampler,PRUNED
841,841,,2026-05-18 21:15:20.262792,2026-05-18 21:15:20.645481,0 days 00:00:00.382689,28.20694653399494,47.75437004513644,31.263250232853128,-83.29426840783302,59.58836465495407,4.206919110701282,61.24611023386902,1.5213936820462592,21.845199693088425,52.22669851791222,25.172487888551206,56.78633541914777,-23.123685007351114,29.537073722027774,2.0928235707248684,27.824526544545865,-2.1659852815972798,46.02553173134425,Unfeasible shape,GPSampler,PRUNED
842,842,,2026-05-18 21:15:20.805396,2026-05-18 21:15:21.227115,0 days 00:00:00.421719,28.352379874671243,47.947649859539126,31.338460985773782,-83.30485689288808,59.51915614875844,4.2220561678952375,61.17069465813573,1.4930823861943736,21.86618779191315,52.1690741230781,25.136104570636768,56.899413753262756,-23.167607127145153,29.552306412085322,2.1314534187995733,27.833301079344768,-2.192269445167881,46.059102456802464,Unfeasible shape,GPSampler,PRUNED
843,843,,2026-05-18 21:15:21.374312,2026-05-18 21:15:24.396428,0 days 00:00:03.022116,28.521689176110026,48.064850553518994,31.256673071077913,-83.12835645772385,59.55259964818664,4.30545385852332,61.25793245959855,1.6046104911548014,21.727737785699855,52.23247349330582,25.138236937820782,57.00946547687395,-23.313744238607875,29.580109986850356,2.1656744287092233,27.959152617008076,-2.177245411513077,46.05877942817756,Unfeasible shape,GPSampler,PRUNED
844,844,,2026-05-18 21:15:24.553293,2026-05-18 21:15:26.287050,0 days 00:00:01.733757,28.285979229322532,47.864117503995644,31.267074576180836,-83.33118407086239,59.54684450876941,4.230614585551358,61.25709186712715,1.5212954092284576,21.83172736070864,52.24378642929883,25.18106147966483,56.87348426890661,-23.169640380749485,29.550106407135274,2.0407566476745345,27.859059500255693,-2.161276261026458,46.04196143132153,Unfeasible shape,GPSampler,PRUNED
