,number,value,datetime_start,datetime_complete,duration,params_highPt.lL1,params_highPt.lL2,params_highPt.lL3,params_highPt.rA2,params_highPt.rL1,params_highPt.rL2,params_highPt.rL3,params_highPt.x2,params_highPt.y2,params_lowPt.lL1,params_lowPt.lL2,params_lowPt.lL3,params_lowPt.rA2,params_lowPt.rL1,params_lowPt.rL2,params_lowPt.rL3,params_lowPt.x2,params_lowPt.y2,user_attrs_prune,system_attrs_auto:sampler,state
751,751,,2026-05-18 21:13:18.466576,2026-05-18 21:13:20.683728,0 days 00:00:02.217152,28.31172664950262,47.8735328143347,31.304853783023688,-83.33195118835872,59.53726501032376,4.259886919356048,61.21744379893048,1.5348150554707871,21.813018177721045,52.185971205157315,25.133871699986088,56.87083150775122,-23.149856965851363,29.559845063905946,2.110279137265445,27.840249838753085,-2.1951075244033547,46.06358181278361,Unfeasible shape,GPSampler,PRUNED
752,752,,2026-05-18 21:13:20.881411,2026-05-18 21:13:21.325776,0 days 00:00:00.444365,28.05859798343658,47.751823839395556,31.368032842896987,-83.38423251276403,59.580280733048696,4.201596952855988,61.27055178818137,1.6347827386924436,21.755111291054977,52.35308641908323,25.151467952851828,56.78213291144034,-23.02322183582544,29.513513218490033,1.8674412458616023,27.765298471819055,-2.0968664875202307,46.07079897170186,Unfeasible shape,GPSampler,PRUNED
753,753,,2026-05-18 21:13:21.486210,2026-05-18 21:13:23.313527,0 days 00:00:01.827317,28.299199441135418,47.88873164497183,31.257440809039128,-83.29790663401118,59.57586135431866,4.217234381489494,61.34433710530253,1.4456865418915967,21.921397513096867,52.27941869070843,25.18362856807832,56.83749609765061,-23.1770170989435,29.505572080063537,2.0385535497541407,27.856128562217375,-2.2171311713156,45.99308543364765,Unfeasible shape,GPSampler,PRUNED
754,754,,2026-05-18 21:13:23.464405,2026-05-18 21:13:25.331627,0 days 00:00:01.867222,28.181843076333926,47.74811293773338,31.218779178775105,-83.36730560314395,59.48717182726331,4.187748817075763,61.18189907485267,1.4953791192868309,21.845119696950412,52.208485388848146,25.22649215038041,56.81129439614521,-23.212015921628044,29.63611489002045,1.9863311316806198,27.963381877633157,-2.056801096591876,46.040356152896535,Unfeasible shape,GPSampler,PRUNED
755,755,,2026-05-18 21:13:25.490346,2026-05-18 21:13:27.214574,0 days 00:00:01.724228,28.2108776677319,47.753361164344376,31.29071012380072,-83.29293665685424,59.595846580829054,4.203611432864908,61.239132347254575,1.4977210528666092,21.79697868681841,52.29122978408815,25.138420552591153,56.825711987217616,-23.131445357876117,29.545174642514425,2.028775512521837,27.81454666368972,-2.195221492466999,45.9859444956125,Unfeasible shape,GPSampler,PRUNED
756,756,,2026-05-18 21:13:27.366823,2026-05-18 21:13:29.281989,0 days 00:00:01.915166,28.190666020480347,47.81454446260235,31.301900383808327,-83.44466492191309,59.50918185056397,4.243233414651049,61.2270984155467,1.5428063055399832,21.80299356215501,52.172446593061466,25.12879528530195,56.8040410949537,-23.054063014764424,29.55568525878377,2.0646752344232375,27.82853981614344,-2.1203586303983784,46.089620245784744,Unfeasible shape,GPSampler,PRUNED
757,757,,2026-05-18 21:13:29.439366,2026-05-18 21:13:31.270606,0 days 00:00:01.831240,28.32895514743363,47.813162691842024,31.258227855888354,-83.29731465808813,59.5043895683233,4.272399856138128,61.22522150590179,1.5578918631776943,21.84289229128353,52.30397728728541,25.28149699824319,56.878931698768305,-23.217444877344818,29.60135432172999,2.049976920632862,27.93446683322949,-2.1103504507271325,46.01735334621014,Unfeasible shape,GPSampler,PRUNED
758,758,,2026-05-18 21:13:31.406416,2026-05-18 21:13:32.970188,0 days 00:00:01.563772,28.195300756336184,47.791911607896616,31.263897241473142,-83.32802781129897,59.60129430320398,4.196945184062978,61.26091270130038,1.519194322970769,21.819200432738334,52.220349140454836,25.171769734049402,56.77331879040311,-23.106265058076772,29.511817594722746,2.0207074218045777,27.798076562221983,-2.1416197874599874,46.03065078237499,Unfeasible shape,GPSampler,PRUNED
759,759,,2026-05-18 21:13:33.119209,2026-05-18 21:13:34.731694,0 days 00:00:01.612485,28.341085244925935,47.88911011758296,31.285316925002956,-83.29356944035614,59.4865712674506,4.251207243808862,61.21068318827693,1.5492834790115495,21.81117901158717,52.26537233288097,25.224835691797786,56.9104254228239,-23.218870158704483,29.610380709683227,2.0208335614169366,27.90053017559245,-2.146564861320499,46.01901662623361,Unfeasible shape,GPSampler,PRUNED
760,760,,2026-05-18 21:13:34.901914,2026-05-18 21:13:37.351510,0 days 00:00:02.449596,28.198133619406583,47.772144692432185,31.26334329134679,-83.31157484132571,59.575740816523414,4.190293880357942,61.227032110495486,1.5161218402210963,21.817156045900205,52.253348062383914,25.168083583806027,56.76977926860267,-23.09052822129547,29.52184234392135,2.0761994528146444,27.7668271202302,-2.1650629062307942,46.029737614630044,Unfeasible shape,GPSampler,PRUNED
761,761,,2026-05-18 21:13:37.500153,2026-05-18 21:13:38.391365,0 days 00:00:00.891212,28.12408443045574,47.6002693753791,31.277826440169015,-83.4420234760892,59.52821707012942,4.222557704284555,61.28097148114431,1.5432863026498111,21.850480973556966,52.296974466267656,25.332999413833694,56.704185888619385,-23.073704321351094,29.61304901289908,1.96788948365778,27.87517939632072,-2.0515046523013254,46.01175061341319,Unfeasible shape,GPSampler,PRUNED
762,762,,2026-05-18 21:13:38.554564,2026-05-18 21:13:40.525456,0 days 00:00:01.970892,28.179138052864488,47.69946360986005,31.266606271298443,-83.3134425204598,59.5663861579687,4.238740300990971,61.273051475098065,1.52996037024284,21.829851201632934,52.26316807492574,25.250853031700714,56.781275442395525,-23.115532362974648,29.583364767668,2.0208820425465888,27.838453671074976,-2.1189144201005874,46.004131225773754,Unfeasible shape,GPSampler,PRUNED
763,763,,2026-05-18 21:13:40.680537,2026-05-18 21:13:43.096098,0 days 00:00:02.415561,28.234991139800464,47.85356877366532,31.24477573003994,-83.33768187211383,59.656562880212775,4.1990820225018375,61.233303260408704,1.4720463152458478,21.89517052211514,52.22277258642508,25.15042539536849,56.848707132367544,-23.19979121394691,29.498771757203873,2.051106691558465,27.872166388265228,-2.1675208002097577,46.080097329195986,Unfeasible shape,GPSampler,PRUNED
764,764,,2026-05-18 21:13:43.265335,2026-05-18 21:13:43.961842,0 days 00:00:00.696507,28.324583819497132,47.88437432325564,31.262642833992825,-83.24992063240977,59.546785565306436,4.182715449285247,61.202034550451586,1.522396106262029,21.799369111373842,52.2617804727074,25.17970597331079,56.873767598434384,-23.199401182604163,29.53518561838827,2.0970801944229454,27.846172693518472,-2.171889580969456,46.02208300138507,Unfeasible shape,GPSampler,PRUNED
765,765,,2026-05-18 21:13:44.127715,2026-05-18 21:13:46.447422,0 days 00:00:02.319707,28.098547482988707,47.543691980655545,31.295730761480456,-83.51215840989778,59.496863298057974,4.217333605331486,61.26044779257343,1.5671961837808581,21.892519145557035,52.257510585257826,25.333712884533693,56.706631648183915,-23.01942003340038,29.62511661868684,1.9855599373945538,27.848961705152423,-2.053786060128104,46.04238851831972,Unfeasible shape,GPSampler,PRUNED
766,766,,2026-05-18 21:13:46.592672,2026-05-18 21:13:46.875277,0 days 00:00:00.282605,28.291206170791334,47.8466552996036,31.247040370909787,-83.34679585143834,59.5659045195509,4.21130309023911,61.253689354872165,1.5507178344886015,21.771224276843622,52.262753426856555,25.159544632977138,56.86658447863391,-23.147908299811128,29.546307160081174,2.0752490357416233,27.874017873628695,-2.131949458895498,46.02804390806558,Unfeasible shape,GPSampler,PRUNED
767,767,,2026-05-18 21:13:47.012134,2026-05-18 21:13:48.733063,0 days 00:00:01.720929,28.242410393254005,47.806237259473605,31.267205205253564,-83.36317137461664,59.565206438071115,4.242021887698673,61.23205338689562,1.5252978895978657,21.800906264934742,52.262408766036806,25.19773103609889,56.83869177030383,-23.1205001546224,29.534464580538966,2.0276494627984665,27.81959368171225,-2.163592743116304,46.03387644038742,Unfeasible shape,GPSampler,PRUNED
768,768,,2026-05-18 21:13:48.885370,2026-05-18 21:13:49.363830,0 days 00:00:00.478460,28.242889973246097,47.79148160632103,31.25409918849971,-83.3798914405372,59.49731940583867,4.2047464686686435,61.227366189510846,1.5710911164067056,21.752255567560148,52.18434779153735,25.18156407743864,56.84312618724726,-23.111660924679626,29.55521800976176,2.0175331282754447,27.871961295262274,-2.1140607629553188,46.096687872787705,Unfeasible shape,GPSampler,PRUNED
769,769,,2026-05-18 21:13:49.504652,2026-05-18 21:13:51.340628,0 days 00:00:01.835976,28.33909701856336,47.91098551793087,31.283298609387497,-83.32080742249421,59.5001408299556,4.221718118291385,61.19513087670225,1.5844723119053796,21.755427252516583,52.20219515548599,25.184694754477793,56.92449591130513,-23.175469381808433,29.58657572034668,2.0420438038135345,27.90908581279864,-2.132763890555914,46.06611688815809,Unfeasible shape,GPSampler,PRUNED
770,770,,2026-05-18 21:13:51.492305,2026-05-18 21:13:51.769128,0 days 00:00:00.276823,28.322120569600195,47.83689574440806,31.206702521535597,-83.24692770363708,59.591138059631305,4.2154970977734045,61.29230467211492,1.5210305866441658,21.786094475853453,52.34588492714485,25.22367408383409,56.864937254369394,-23.26315253954914,29.48653214396689,2.0138496879410006,27.88829789174038,-2.1394172928207666,45.95764084100276,Unfeasible shape,GPSampler,PRUNED
771,771,,2026-05-18 21:13:51.912518,2026-05-18 21:13:52.430235,0 days 00:00:00.517717,28.21217101042694,47.730585598856685,31.26273841006483,-83.44894303020384,59.53348705130777,4.229908150264917,61.25556098141212,1.623742306400672,21.75507965463902,52.25718847168029,25.236156296518647,56.893658054970984,-23.067661260781577,29.5819760560082,1.9521101127399274,27.906240196817862,-2.018812189168294,46.10825893569001,Unfeasible shape,GPSampler,PRUNED
772,772,,2026-05-18 21:13:52.582117,2026-05-18 21:13:54.431274,0 days 00:00:01.849157,28.070054221738875,47.531718007175634,31.336662633891702,-83.47516873440227,59.560780886924555,4.1731986628452775,61.245571115226895,1.6339110419556064,21.91982163919578,52.31497749074548,25.26255778391805,56.76039144434871,-22.934548802420153,29.498083391197696,1.9738804744696092,27.78098395477399,-2.069136817454293,46.06289059080402,Unfeasible shape,GPSampler,PRUNED
773,773,,2026-05-18 21:13:54.597246,2026-05-18 21:13:56.413117,0 days 00:00:01.815871,28.270295426804473,47.822125618431734,31.28197508260799,-83.33175240160443,59.51699843357303,4.2351855979991875,61.206505112101425,1.552046813524612,21.786019477997,52.210125387296614,25.188435972932794,56.842911446563505,-23.13916187233729,29.582389359761056,2.0706462562802344,27.856243788857633,-2.134216223292796,46.062072099925906,Unfeasible shape,GPSampler,PRUNED
774,774,,2026-05-18 21:13:56.575475,2026-05-18 21:13:56.859427,0 days 00:00:00.283952,28.194413096161473,47.80051706711272,31.298713279370233,-83.3517770808516,59.47157451404049,4.238074420192355,61.31320176138206,1.5277925028263581,21.742837645668644,52.2892673743302,25.31367804406636,56.810213278533915,-23.170627002082114,29.604145702643137,2.0110912221402084,27.980660850949562,-1.9856492734757012,46.04451959599022,Unfeasible shape,GPSampler,PRUNED
775,775,,2026-05-18 21:13:57.010753,2026-05-18 21:13:59.629820,0 days 00:00:02.619067,28.181234105920584,47.80532123881418,31.30478866694411,-83.34377019405221,59.59279944211834,4.173837827872446,61.21858021743329,1.4682292428014065,21.848139677460114,52.20975984943208,25.10423931611558,56.769777734923856,-23.06685383020372,29.492477324431988,2.1549063172429674,27.703609080243083,-2.211219271948316,46.03411026162621,Unfeasible shape,GPSampler,PRUNED
776,776,,2026-05-18 21:13:59.795150,2026-05-18 21:14:00.340457,0 days 00:00:00.545307,28.263493313450873,47.869967299277945,31.294120775306716,-83.3356278206265,59.55110021513587,4.203421388414473,61.169992553648285,1.5847986008725243,21.749328082635603,52.23141638766403,25.151998552312648,56.89430611980852,-23.12202618310227,29.5402475549726,2.0768139012743685,27.82597015896209,-2.1551861954103018,46.05760597416287,Unfeasible shape,GPSampler,PRUNED
777,777,,2026-05-18 21:14:00.493623,2026-05-18 21:14:01.090536,0 days 00:00:00.596913,28.26627540930339,47.79670511855772,31.23628354828663,-83.1395541138068,59.536090665171685,4.164804377117868,61.23178964629824,1.54599384659182,21.783411664315526,52.2776306620315,25.236964281191398,56.8409551789291,-23.277067777357267,29.57050738997295,2.095710574076912,27.88439393276295,-2.0784571209230194,46.05704474718511,Unfeasible shape,GPSampler,PRUNED
778,778,,2026-05-18 21:14:01.253938,2026-05-18 21:14:03.594665,0 days 00:00:02.340727,28.19725126974744,47.759436007526844,31.267823729238295,-83.36589307775488,59.56974139756599,4.1800865307883495,61.24738815715967,1.5300010195023077,21.783847664557662,52.284904502140236,25.19390671719741,56.79915885347791,-23.10820030597923,29.540621756164647,2.0695273461867743,27.801896467837633,-2.1304532985865947,46.03909411772104,Unfeasible shape,GPSampler,PRUNED
779,779,,2026-05-18 21:14:03.774966,2026-05-18 21:14:04.493889,0 days 00:00:00.718923,28.277678944176017,47.785881343999556,31.25198396128434,-83.29514613313667,59.534528269697276,4.2088038562648045,61.29057782491154,1.5439966104822531,21.889053154935755,52.26948664557565,25.22450202836557,56.90088158321116,-23.109647213332217,29.54363731256212,1.9929458163145934,27.873662166163466,-2.1324068133110927,46.0524159099141,Unfeasible shape,GPSampler,PRUNED
780,780,,2026-05-18 21:14:04.644349,2026-05-18 21:14:04.923169,0 days 00:00:00.278820,28.19475042162517,47.70497274762126,31.336548505654946,-83.41146343475107,59.578869109777294,4.188922578607141,61.27364285053836,1.4420959540870086,21.83238072529876,52.28069739247938,25.203879955905148,56.77599280155189,-23.123595335427396,29.54303490117463,2.018629132502594,27.771470975631267,-2.1014266640997192,46.054716023465474,Unfeasible shape,GPSampler,PRUNED
781,781,,2026-05-18 21:14:05.071320,2026-05-18 21:14:05.414233,0 days 00:00:00.342913,28.349798675016867,47.9205743020343,31.27636195544398,-83.306275403714,59.51801894267075,4.2460718827029496,61.21623408315511,1.535564167245262,21.76346186165111,52.21307312677244,25.17688462003643,56.90650618919616,-23.192246823545375,29.56904663736137,2.080907009828336,27.881752607265145,-2.176346858633927,46.02587080343257,Unfeasible shape,GPSampler,PRUNED
782,782,,2026-05-18 21:14:05.595053,2026-05-18 21:14:07.477994,0 days 00:00:01.882941,28.34287195586978,47.853206122369826,31.24602194501182,-83.2591792061117,59.64014465527918,4.205622233045258,61.293632533147935,1.49268673956891,21.774197365264133,52.37018885124517,25.173969869753094,56.84516693148702,-23.234905167487426,29.459691845428416,2.0347181652481865,27.834825837162384,-2.181405854942234,45.9742183018481,Unfeasible shape,GPSampler,PRUNED
783,783,,2026-05-18 21:14:07.642621,2026-05-18 21:14:09.136527,0 days 00:00:01.493906,28.282296631725576,47.756585040982046,31.36702568530992,-83.32531233151958,59.55621206068165,4.182328321205975,61.128415835216934,1.6669804352562636,21.79189008226107,52.15436718695607,25.12478534558428,56.84697786102543,-23.049592804530327,29.634409791769222,1.9673492008908742,27.81166477075369,-2.128820597170403,46.128430169207384,Unfeasible shape,GPSampler,PRUNED
784,784,,2026-05-18 21:14:09.272876,2026-05-18 21:14:09.603917,0 days 00:00:00.331041,28.19572882479661,47.733455745929426,31.206985425339052,-83.35555349695355,59.51148669604143,4.188540024061048,61.20611084764722,1.576599733152257,21.823026138968615,52.24503461227969,25.182837050133504,56.791379896592055,-23.089996482416446,29.570547471425893,2.0546269901863092,27.767292990329377,-2.14465581600912,46.03001372351501,Unfeasible shape,GPSampler,PRUNED
785,785,,2026-05-18 21:14:09.757939,2026-05-18 21:14:11.489247,0 days 00:00:01.731308,28.232847525488744,47.77752867153282,31.297989188838752,-83.34899894157206,59.516577119300784,4.206873942104799,61.22459966114188,1.5491534730726215,21.86070977462154,52.220244214598246,25.16138761376587,56.79210834455016,-23.13356498526467,29.594409920557815,2.0574046193097137,27.882711580928685,-2.1404307579169526,46.10266358001397,Unfeasible shape,GPSampler,PRUNED
786,786,,2026-05-18 21:14:11.650904,2026-05-18 21:14:12.232530,0 days 00:00:00.581626,28.41362717512927,47.987306964611506,31.16446853741659,-83.21545154681684,59.56135515512993,4.199940500686945,61.226679035082824,1.5134327930466185,21.676873910775385,52.31926097385045,25.193529788604607,56.98840760106009,-23.256391799765062,29.488143672777575,1.9914907435174567,27.84926748781945,-2.1591687446017573,45.940510317151286,Unfeasible shape,GPSampler,PRUNED
787,787,,2026-05-18 21:14:12.393043,2026-05-18 21:14:14.607911,0 days 00:00:02.214868,28.23797486487175,47.83203038093516,31.312536264414614,-83.37398731227492,59.5241045667556,4.204599907095925,61.194490452537686,1.5575569443829167,21.83789276441962,52.199994272251,25.186122388970034,56.84542955460752,-23.118834478063768,29.54263244636748,2.116915618074037,27.789537495995454,-2.1229577371388615,46.08076471790004,Unfeasible shape,GPSampler,PRUNED
788,788,,2026-05-18 21:14:14.759009,2026-05-18 21:14:15.005307,0 days 00:00:00.246298,28.250261545406794,47.72414471734642,31.247897257960805,-83.30471908150358,59.499658741061076,4.302650316032041,61.25994536211666,1.5423928663237092,21.888973616234985,52.31186195579258,25.318506614027513,56.80884837075254,-23.198553881807,29.611717494766918,2.0052462807321443,27.924988159535193,-2.1003746347733454,45.9766276612185,Unfeasible shape,GPSampler,PRUNED
789,789,,2026-05-18 21:14:15.168501,2026-05-18 21:14:15.832195,0 days 00:00:00.663694,28.348667333538582,47.94946544672133,31.242335581362077,-83.30890642009736,59.466261901189306,4.195086368433593,61.220015750263165,1.5277192284111294,21.76141749757675,52.20726367278464,25.12254247613375,56.91600963065977,-23.176940488110247,29.590035226999635,2.0861559106102314,27.872247323411145,-2.143170702187831,46.04799907834159,Unfeasible shape,GPSampler,PRUNED
790,790,,2026-05-18 21:14:15.991488,2026-05-18 21:14:18.168153,0 days 00:00:02.176665,28.403140820536045,47.75371385285811,31.16291209367011,-83.29519668805163,59.48713865773558,4.257507880372438,61.179516934691215,1.489639548489663,21.577788061767915,52.20114592786844,25.138287772889164,56.844379331132714,-23.168783466219487,29.482962070700093,2.037409149121098,27.948982374506816,-2.1824374863168003,46.16299461685899,Unfeasible shape,GPSampler,PRUNED
791,791,,2026-05-18 21:14:18.329233,2026-05-18 21:14:19.893781,0 days 00:00:01.564548,28.145532059505335,47.706863512049914,31.24253644959825,-83.37748472240732,59.58427108088418,4.23419097240408,61.255494670804424,1.5473226483950597,21.81936639893138,52.26533127543995,25.19187735650715,56.82278948186707,-23.048110619202056,29.554700182481223,2.026345594062881,27.811470760265614,-2.1059501545383696,46.089044288473175,Unfeasible shape,GPSampler,PRUNED
792,792,,2026-05-18 21:14:20.038303,2026-05-18 21:14:20.785912,0 days 00:00:00.747609,28.269056363708344,47.82370692202092,31.249642172774795,-83.35297484150253,59.54344071824434,4.201396371117592,61.24425083731525,1.5861722519050474,21.824418571053723,52.26355367431337,25.165491844366517,56.84393134458991,-23.11853648776239,29.550832718845637,2.071035312925696,27.841481508468036,-2.127639691653357,46.07212843047811,Unfeasible shape,GPSampler,PRUNED
793,793,,2026-05-18 21:14:20.936109,2026-05-18 21:14:23.227767,0 days 00:00:02.291658,28.21822684949266,47.722954828257905,31.31270945994125,-83.3479485499321,59.5781719481011,4.238705202161141,61.205014920019664,1.4985973420199628,21.86816603971743,52.27110233893545,25.16736855182391,56.75485522872354,-23.128451876124387,29.558626506299518,2.1065818421161766,27.74712264628011,-2.15445196347936,46.005084249508634,Unfeasible shape,GPSampler,PRUNED
794,794,,2026-05-18 21:14:23.388467,2026-05-18 21:14:24.058005,0 days 00:00:00.669538,28.33041561431704,47.9116427095479,31.30560901740856,-83.33988443781865,59.51577975845353,4.160779095806629,61.11297274888754,1.5616307996519225,21.732128790321337,52.20858091558852,25.19334825121464,56.87303445263411,-23.202108879473037,29.56840096414012,2.127017286262322,27.798610109871024,-2.164595069058251,46.04274870722964,Unfeasible shape,GPSampler,PRUNED
795,795,,2026-05-18 21:14:24.212407,2026-05-18 21:14:24.849365,0 days 00:00:00.636958,28.235454323043307,47.80423870974487,31.306667046334496,-83.32045715460323,59.51966776369174,4.219855076772419,61.2159900202837,1.5447302798839715,21.85046821271983,52.20393219300137,25.17648541873754,56.811309196313516,-23.098102561928954,29.595309495484965,2.067051392154017,27.834237710652893,-2.1476864202924233,46.075621840308195,Unfeasible shape,GPSampler,PRUNED
796,796,,2026-05-18 21:14:25.011189,2026-05-18 21:14:26.626925,0 days 00:00:01.615736,28.2161352014809,47.847994689182165,31.27734998293548,-83.29402075286194,59.52350660423176,4.205483335264272,61.26812813799411,1.491067472979367,21.928212011230908,52.19571364954771,25.139091291402508,56.79902898812965,-23.089126030021603,29.481269284164107,2.0351369149516225,27.90838264721042,-2.1850597240186502,46.09412037438301,Unfeasible shape,GPSampler,PRUNED
797,797,,2026-05-18 21:14:26.783484,2026-05-18 21:14:27.597766,0 days 00:00:00.814282,28.242810719368567,47.819184002521666,31.28561203903179,-83.32677994328563,59.56614645643441,4.178822000114453,61.214641170972065,1.5282366595029373,21.81627381831369,52.23482334703364,25.151907684997635,56.811473564569205,-23.130703402813346,29.53172643245939,2.0980234352049862,27.769866943560086,-2.1717429750165778,46.03666074190369,Unfeasible shape,GPSampler,PRUNED
