,number,value,datetime_start,datetime_complete,duration,params_highPt.lL1,params_highPt.lL2,params_highPt.lL3,params_highPt.rA2,params_highPt.rL1,params_highPt.rL2,params_highPt.rL3,params_highPt.x2,params_highPt.y2,params_lowPt.lL1,params_lowPt.lL2,params_lowPt.lL3,params_lowPt.rA2,params_lowPt.rL1,params_lowPt.rL2,params_lowPt.rL3,params_lowPt.x2,params_lowPt.y2,user_attrs_prune,system_attrs_auto:sampler,state
140,140,,2026-05-18 20:58:02.443229,2026-05-18 20:58:04.527825,0 days 00:00:02.084596,28.281668197734074,47.81754189563138,31.313544903908237,-83.34773089631216,59.49148046411979,4.2420266688134625,61.21100832133802,1.5620611381197733,21.773749886309126,52.212210575993886,25.191441742346488,56.93756646864689,-23.087206462319628,29.509715944693564,2.0435183445122824,27.865798879107846,-2.1490294137441524,46.079743404775435,Unfeasible shape,GPSampler,PRUNED
141,141,,2026-05-18 20:58:04.676493,2026-05-18 20:58:05.108744,0 days 00:00:00.432251,28.299621792716614,47.873958876347835,31.274030554007126,-83.31980431749295,59.53893362171777,4.244263685832232,61.22919216747508,1.5189367915185272,21.809136325890467,52.227086305116046,25.160607903797697,56.86308668893493,-23.14830958918509,29.551528157970566,2.073652394931006,27.847390450149145,-2.1648215052398783,46.039864481564535,Unfeasible shape,GPSampler,PRUNED
142,142,,2026-05-18 20:58:05.249410,2026-05-18 20:58:05.630943,0 days 00:00:00.381533,28.219086265702256,47.858206990205446,31.32043161646956,-83.35512469103651,59.56009273654972,4.171012913852339,61.18093116741868,1.407082256268275,21.821021453954106,52.20951778585034,25.160099604006597,56.86494803936661,-23.164655688092246,29.588617535323646,2.096770548680936,27.80749523185795,-2.2657192043002894,46.08700301608755,Unfeasible shape,GPSampler,PRUNED
143,143,,2026-05-18 20:58:05.770731,2026-05-18 20:58:07.884870,0 days 00:00:02.114139,28.146071587523092,47.747459802997156,31.225802194421565,-83.34848739183751,59.61097735436469,4.15240935802706,61.25120507633208,1.493993254630439,21.823889827061723,52.27043818529405,25.174856561138636,56.76706711506399,-23.059729198123364,29.46315120341555,2.069455526637353,27.78153206409106,-2.1709932807253196,46.039737626156295,Unfeasible shape,GPSampler,PRUNED
144,144,,2026-05-18 20:58:08.044808,2026-05-18 20:58:08.913443,0 days 00:00:00.868635,28.371291334390644,47.893412869095144,31.26111537399294,-83.30091943318426,59.49822852809416,4.212295688145791,61.253744462366484,1.551337734856837,21.86713175476366,52.262967510568735,25.248182708338017,56.89753826833345,-23.236038779298752,29.570126779449723,1.945651542852905,27.875073898438952,-2.12153127538825,46.01318426809591,Unfeasible shape,GPSampler,PRUNED
145,145,,2026-05-18 20:58:09.051390,2026-05-18 20:58:10.862906,0 days 00:00:01.811516,28.224131685912642,47.78451918179313,31.322608283181804,-83.40979743798273,59.45139328791767,4.242490847332864,61.22470075473243,1.5552695996324815,21.874793203024513,52.17416586049191,25.22948840359056,56.808229204120536,-23.096582485004653,29.66100478594882,2.044587562982723,27.848784580148827,-2.131020878018667,46.0825302947472,Unfeasible shape,GPSampler,PRUNED
146,146,,2026-05-18 20:58:11.009364,2026-05-18 20:58:13.244640,0 days 00:00:02.235276,28.27595556193483,47.79887377714373,31.276181025775255,-83.33907240827602,59.53496925683482,4.215353663896233,61.23968779044568,1.5530161016038306,21.86419022256829,52.28251007876756,25.24153700182506,56.82039115768549,-23.157702936678568,29.559391902807363,2.0585253146674547,27.8551182644966,-2.1473081100973133,46.006006850298746,Unfeasible shape,GPSampler,PRUNED
147,147,,2026-05-18 20:58:13.387670,2026-05-18 20:58:13.697879,0 days 00:00:00.310209,28.20583350967234,47.768004107175656,31.231470679325184,-83.27655195676971,59.587468926523925,4.195435678564336,61.29525704205991,1.5352488467641265,21.803212959736136,52.25704626716051,25.186356572811363,56.82521640767336,-23.067333628660393,29.51075092980507,1.9834955980525888,27.845281570303783,-2.107629442779718,46.06509480110671,Unfeasible shape,GPSampler,PRUNED
148,148,,2026-05-18 20:58:13.834133,2026-05-18 20:58:14.084298,0 days 00:00:00.250165,28.279480066331185,47.87606737670921,31.316240649797273,-83.24533185462312,59.56057893141925,4.189580325944991,61.21592852111015,1.532651874687481,21.816470105497395,52.36688163630137,25.180821024614296,56.84250460649453,-23.153703327314403,29.54682548474725,2.0800274231422335,27.80102888338598,-2.2479579390801376,46.036003981566424,Unfeasible shape,GPSampler,PRUNED
149,149,,2026-05-18 20:58:14.225989,2026-05-18 20:58:16.180759,0 days 00:00:01.954770,28.07873533962724,47.626089335148684,31.297022914811716,-83.48299673110645,59.57532684603753,4.214502459791309,61.246563519808696,1.5437303625146015,21.82395877863993,52.236622432904795,25.253550229449658,56.699701069480945,-23.019106451149547,29.565532063243776,1.9841007046037258,27.739462801716797,-2.1369053120893398,46.070565280526175,Unfeasible shape,GPSampler,PRUNED
150,150,,2026-05-18 20:58:16.331596,2026-05-18 20:58:17.064386,0 days 00:00:00.732790,28.243124188711814,47.77712155695911,31.249381670926997,-83.32271176606405,59.54866503039982,4.216576131004691,61.24044185516126,1.4931404145038911,21.85172128850995,52.26741645445884,25.224041471515882,56.78377107601228,-23.133034550776088,29.55613840448489,2.0941319715981734,27.826673583958073,-2.1352572128196528,46.01311922969933,Unfeasible shape,GPSampler,PRUNED
151,151,,2026-05-18 20:58:17.198851,2026-05-18 20:58:18.036201,0 days 00:00:00.837350,28.252142061246555,47.83379250515287,31.301617647455483,-83.34176695735614,59.52832587534985,4.196026589511412,61.17626605090665,1.5087414587009178,21.854876037806314,52.2165745394155,25.191505497276133,56.80968710452702,-23.12149176482037,29.58506078663878,2.099950654270228,27.845680139553068,-2.167675563319598,46.029461444307074,Unfeasible shape,GPSampler,PRUNED
152,152,,2026-05-18 20:58:18.184250,2026-05-18 20:58:18.842855,0 days 00:00:00.658605,28.166682538429114,47.70916496119227,31.2062274969139,-83.35138837974027,59.49986762269443,4.230274360703809,61.27477883206198,1.4880754357023562,21.70576286797831,52.27118450546924,25.19048089799742,56.80370685165617,-23.011464862464152,29.540212347756725,2.015636977702658,27.798697298443802,-2.0976923396080878,46.03450815543514,Unfeasible shape,GPSampler,PRUNED
153,153,,2026-05-18 20:58:18.979748,2026-05-18 20:58:19.461434,0 days 00:00:00.481686,28.22329685365335,47.69292592086559,31.226065463864618,-83.4634509720052,59.614804948036294,4.184325721303502,61.33482795496567,1.4484348888737557,21.83937521075895,52.3365711209995,25.298775424664438,56.79379718793549,-23.10989377011184,29.506880879236913,1.9900527124020901,27.778006838536804,-2.1517846629405426,45.94300955184295,Unfeasible shape,GPSampler,PRUNED
154,154,,2026-05-18 20:58:19.602598,2026-05-18 20:58:20.304775,0 days 00:00:00.702177,28.356488733821834,47.89997134388706,31.28537130074562,-83.48832416320323,59.41172372362378,4.101114360492337,61.01426526189127,1.5743484121720783,21.7945604205171,52.06306676396104,25.25084567465765,56.84044745262587,-23.111691143839877,29.580933488167346,2.1062688143328296,27.854346094561283,-2.065210641994611,45.97227496055281,Unfeasible shape,GPSampler,PRUNED
155,155,,2026-05-18 20:58:20.441849,2026-05-18 20:58:20.762321,0 days 00:00:00.320472,28.367238682504095,47.95014920046024,31.26929502592947,-83.31507903007413,59.6285264741537,4.2703487600914976,61.44470852450583,1.342719145291511,21.966059340290432,52.29078417774863,24.97116875069229,56.93663924564473,-23.10421618024869,29.450790873896636,2.0261135595801223,27.91769107110228,-2.3033863399434296,46.02695640930477,Unfeasible shape,GPSampler,PRUNED
156,156,,2026-05-18 20:58:20.911822,2026-05-18 20:58:23.544968,0 days 00:00:02.633146,28.23579750481589,47.77185499354108,31.266600889828158,-83.2717242658673,59.53427646107706,4.204263550091852,61.19209928667872,1.5352810816701492,21.797894673635412,52.306840533383706,25.243922838270205,56.83835491096603,-23.163767780402267,29.55792467461324,2.0627390195125894,27.85709887741491,-2.1117731072659893,46.02335761433562,Unfeasible shape,GPSampler,PRUNED
157,157,,2026-05-18 20:58:23.704116,2026-05-18 20:58:25.743488,0 days 00:00:02.039372,28.208875760041735,47.78640767441518,31.27484711828192,-83.3517073003239,59.61872242627699,4.221547420918014,61.226606668812906,1.5264499919315782,21.842298454608848,52.30524261024184,25.19493992965501,56.764374928788605,-23.122077565261492,29.57469957127433,2.053521157241053,27.8075936785857,-2.1097498832233583,46.02026634161667,Unfeasible shape,GPSampler,PRUNED
158,158,,2026-05-18 20:58:25.910190,2026-05-18 20:58:28.089500,0 days 00:00:02.179310,28.282191906993436,47.854589601437716,31.301250037463827,-83.29539066315684,59.65384509267944,4.217413355729551,61.25797517603306,1.5331684142453668,21.750878893550166,52.36352208917155,25.18061960004328,56.860050408957306,-23.225022957100272,29.49935026389921,2.076766595894884,27.83467017864793,-2.1581335610413603,45.995971174453764,Unfeasible shape,GPSampler,PRUNED
159,159,,2026-05-18 20:58:28.260253,2026-05-18 20:58:28.536519,0 days 00:00:00.276266,28.305078606066076,47.901160981539114,31.301205820280117,-83.28084948742793,59.52734529414319,4.238862130953578,61.21318525927734,1.483587019082222,21.817106398819877,52.2025162286789,25.14636800749828,56.84383488263962,-23.15965006364798,29.560049256042003,2.1133277830581996,27.832622163693685,-2.2193781659583607,46.02541432992912,Unfeasible shape,GPSampler,PRUNED
160,160,,2026-05-18 20:58:28.678930,2026-05-18 20:58:30.782181,0 days 00:00:02.103251,28.32741590417505,47.87745281439652,31.229089311124802,-83.34347553117189,59.39837918633796,4.264209400755699,61.23338963164428,1.5753565292716303,21.753082676802464,52.236155710815765,25.232940160854533,56.91929869756903,-23.223570105754874,29.59598143693981,2.044588250785525,27.97894049776908,-2.120737637489121,46.04068672422541,Unfeasible shape,GPSampler,PRUNED
161,161,,2026-05-18 20:58:30.939864,2026-05-18 20:58:31.669583,0 days 00:00:00.729719,28.244868371140296,47.833406259129404,31.279435094498094,-83.32728714826403,59.53756745191828,4.249121538870575,61.27824628179271,1.4923956894294292,21.826062597840693,52.24008333718827,25.20069569330042,56.860600484539994,-23.126615884099806,29.559418158953825,2.011464173480488,27.923016876935385,-2.121422807395575,46.043753329088446,Unfeasible shape,GPSampler,PRUNED
162,162,,2026-05-18 20:58:31.807970,2026-05-18 20:58:32.261839,0 days 00:00:00.453869,28.20091798490176,47.74526445778076,31.234659197559996,-83.3933240943144,59.52420003010876,4.240012489910167,61.26716111655363,1.5265553353570382,21.783843726915098,52.2536866146148,25.200818890205493,56.81951569195133,-23.065984544444362,29.57504895374886,1.981872177711562,27.826356739397305,-2.108179358972869,46.06823740678719,Unfeasible shape,GPSampler,PRUNED
163,163,,2026-05-18 20:58:32.391008,2026-05-18 20:58:33.099955,0 days 00:00:00.708947,28.11588267894307,47.66675727387257,31.25395493330569,-83.33944985814257,59.581321972120065,4.191149266083551,61.25912742742482,1.5574409061605934,21.832061477366857,52.27936847394378,25.207287157738158,56.758073440988206,-23.048169398832606,29.547066186050653,2.0511134257046915,27.769727542527328,-2.0872815352691347,46.05482668787325,Unfeasible shape,GPSampler,PRUNED
164,164,,2026-05-18 20:58:33.242911,2026-05-18 20:58:35.763924,0 days 00:00:02.521013,28.305300337158148,47.85632549437473,31.25584877567954,-83.31510437731238,59.509892835369826,4.245101460332249,61.23488396731197,1.5588945185147907,21.805268750785732,52.24661361805888,25.23741088476173,56.87793064968358,-23.180287677758493,29.584534593481425,2.011223614450391,27.920815806352334,-2.1267099993881473,46.043109442249026,Unfeasible shape,GPSampler,PRUNED
165,165,,2026-05-18 20:58:35.909907,2026-05-18 20:58:36.283665,0 days 00:00:00.373758,28.266886532045504,47.736349172871556,31.237790490243963,-83.36659062978275,59.545225295337396,4.226009856919335,61.28635329014476,1.5884902383929713,21.788497335373258,52.232212958475266,25.269854821406156,56.84197570654282,-23.165574093229864,29.551428238689507,1.9607481015500725,27.844978474752065,-2.080958220416008,45.99815029498211,Unfeasible shape,GPSampler,PRUNED
166,166,,2026-05-18 20:58:36.435512,2026-05-18 20:58:38.386522,0 days 00:00:01.951010,28.363253107107123,47.97139006456434,31.180450560671925,-83.11965438921537,59.639671460265966,4.219249077438858,61.34740559614231,1.457039692677462,21.668787290255118,52.3356761396914,25.186473545293847,56.92906454678372,-23.24665164246379,29.4736382595333,2.0351400474782855,27.870209744555986,-2.229593440016558,45.981500479382795,Unfeasible shape,GPSampler,PRUNED
167,167,,2026-05-18 20:58:38.542933,2026-05-18 20:58:41.735411,0 days 00:00:03.192478,28.267232290873938,47.849361974628565,31.320037580459275,-83.31442486176063,59.51795808471764,4.223507693353177,61.16132985752475,1.5461524500313786,21.830216291265398,52.18984098372296,25.18776915661333,56.848288166013916,-23.144572115100274,29.59428498998774,2.1415653687492555,27.830014497582525,-2.1516590567825773,46.05716354348027,Unfeasible shape,GPSampler,PRUNED
168,168,,2026-05-18 20:58:41.894284,2026-05-18 20:58:42.530292,0 days 00:00:00.636008,28.150382884147472,47.69263986560488,31.236500568592362,-83.37186501221336,59.717024018876614,4.1725574377898855,61.32241198500554,1.3965188499700787,21.860052735655934,52.291052318397156,25.23523239305216,56.72187763251494,-23.024182507963353,29.441764098058325,2.081170736567637,27.680580003689688,-2.175508207273367,46.02261687435753,Unfeasible shape,GPSampler,PRUNED
169,169,,2026-05-18 20:58:42.664696,2026-05-18 20:58:44.754884,0 days 00:00:02.090188,28.124791279043595,47.663060330750326,31.182210558736358,-83.32444481444544,59.556221245136356,4.142633649348453,61.315271585876324,1.6187635875200996,21.691653996245154,52.40492561185468,25.31958314421468,56.75787226881097,-23.160167114700442,29.54389388272903,1.9354502784019347,27.73721398026365,-2.015722174656652,46.01808490809668,Unfeasible shape,GPSampler,PRUNED
170,170,,2026-05-18 20:58:44.913225,2026-05-18 20:58:46.645431,0 days 00:00:01.732206,28.287022651037788,47.84667027677416,31.260735460523577,-83.3591938931013,59.55504770995672,4.214696155048335,61.251847083687586,1.5398734882187455,21.81788796988659,52.23786694810781,25.198264873970825,56.84579472406483,-23.176033003176457,29.594569826958246,2.021403914908233,27.879333425287598,-2.122578878177599,46.06116242996703,Unfeasible shape,GPSampler,PRUNED
171,171,,2026-05-18 20:58:46.799840,2026-05-18 20:58:47.036114,0 days 00:00:00.236274,28.211550996986645,47.75701823223055,31.231567101699177,-83.40436672839125,59.491201112566856,4.185801185046064,61.269672990815565,1.5880956701377826,21.83089163889789,52.30015027947234,25.252807204414797,56.85125573390134,-23.0181521186081,29.622337641931516,2.06990099311667,27.842393384098468,-2.12035002044545,46.03350331024032,Unfeasible shape,GPSampler,PRUNED
172,172,,2026-05-18 20:58:47.171729,2026-05-18 20:58:49.475709,0 days 00:00:02.303980,28.09277355817554,47.69702841555822,31.24659680258892,-83.55086826956435,59.57223826379232,4.196386582886917,61.38988915233195,1.536066749517353,21.81034015768069,52.226815713143196,25.172125440174312,56.761638966352564,-23.003179908146095,29.565025360453625,2.034986937247456,27.844489643598266,-2.0935630390027953,46.0839054801869,Unfeasible shape,GPSampler,PRUNED
173,173,,2026-05-18 20:58:49.624534,2026-05-18 20:58:49.918164,0 days 00:00:00.293630,28.162033545533042,47.781885558650494,31.247068599939617,-83.30203109445925,59.581397028744924,4.194281740969226,61.224389911252274,1.509696585234174,21.77536749015038,52.24374443603575,25.176120956062743,56.76938510099642,-23.08008702231841,29.54455856603606,2.0866945583751457,27.749280817068705,-2.143730103267366,46.08103053328325,Unfeasible shape,GPSampler,PRUNED
174,174,,2026-05-18 20:58:50.079962,2026-05-18 20:58:50.320576,0 days 00:00:00.240614,28.19298901165077,47.7448526536478,31.271957605290698,-83.37849890356428,59.56433967874032,4.229251044376403,61.27295721930137,1.5035801914590863,21.868346143224013,52.27376406593779,25.20392281429049,56.81228807858159,-23.0867782439422,29.54037219245467,2.0134653824822344,27.864352690310696,-2.1343790606569186,46.04490299664909,Unfeasible shape,GPSampler,PRUNED
175,175,,2026-05-18 20:58:50.449149,2026-05-18 20:58:51.271841,0 days 00:00:00.822692,28.29400594564487,47.813515686461116,31.2755722635332,-83.36301827927035,59.528983156152954,4.238352710245916,61.175081008945824,1.5179288022873862,21.790662225296156,52.19655122178708,25.228075332419944,56.86038376513174,-23.10018043903972,29.58853274186947,2.03968961068954,27.86091377863648,-2.071546887656993,46.0469089584018,Unfeasible shape,GPSampler,PRUNED
176,176,,2026-05-18 20:58:51.410555,2026-05-18 20:58:53.064996,0 days 00:00:01.654441,28.212133763344852,47.77740549842699,31.31972809870275,-83.31317797900493,59.51459109433557,4.215585029906243,61.24129839097513,1.5434422114317172,21.89872657750739,52.20825519318539,25.23532832831844,56.80076080516892,-23.094459413358862,29.61801287538088,2.061144733875806,27.8185143001215,-2.16648944445636,46.05573630788442,Unfeasible shape,GPSampler,PRUNED
177,177,,2026-05-18 20:58:53.230426,2026-05-18 20:58:53.561520,0 days 00:00:00.331094,28.281998955339024,47.87938230823006,31.268061929933037,-83.32238064482384,59.55348374679359,4.198319179803296,61.19168619669201,1.5559389456172283,21.76880689005162,52.196541029474545,25.138133885799363,56.8676554761729,-23.09637730763346,29.56231782255545,2.101843550384318,27.856977318218735,-2.1381432303854453,46.067718407711126,Unfeasible shape,GPSampler,PRUNED
178,178,,2026-05-18 20:58:53.713630,2026-05-18 20:58:54.055898,0 days 00:00:00.342268,28.315638429008466,47.85407045848773,31.278395718090373,-83.24210214945514,59.526239709464114,4.189847848942059,61.205402693858964,1.486167838002558,21.85074969690683,52.20621375213473,25.122940634389007,56.83387571547705,-23.168630884740864,29.539939641740315,2.096530450672813,27.83224523992919,-2.1959973318109434,46.059697402763,Unfeasible shape,GPSampler,PRUNED
179,179,,2026-05-18 20:58:54.182348,2026-05-18 20:58:55.918711,0 days 00:00:01.736363,28.228979608403062,47.74015243825179,31.268327453123018,-83.3523849355073,59.55785456854213,4.204587628962071,61.269183706401584,1.501918793119664,21.828652768517482,52.29222411962339,25.20820987667028,56.789886526860464,-23.10546356105924,29.529369753160715,2.004273675852287,27.86955695662764,-2.114800021044964,46.03622477393229,Unfeasible shape,GPSampler,PRUNED
180,180,,2026-05-18 20:58:56.068433,2026-05-18 20:58:58.284908,0 days 00:00:02.216475,28.25556228318967,47.834851540893354,31.285503820235824,-83.48630986513844,59.556003529521554,4.208737239827915,61.20087915537688,1.5266186095668246,21.863854922354875,52.2882775861815,25.194376575358646,56.80699569576387,-23.14640847570076,29.53641984304656,2.1252091855756743,27.757249362995505,-2.2119646090693195,46.07897965237247,Unfeasible shape,GPSampler,PRUNED
181,181,,2026-05-18 20:58:58.445807,2026-05-18 20:59:03.936138,0 days 00:00:05.490331,28.30791036207172,47.918865380117644,31.286667721577025,-83.27537443216562,59.471673946611006,4.17150520455003,61.13346457686068,1.4287308062534052,21.820196211817034,52.1032003204532,25.085532586808014,56.98210925060341,-23.10330129256254,29.506128816534748,2.2077348365406344,27.91851956001818,-2.1854787369920956,46.11656390443973,Unfeasible shape,GPSampler,PRUNED
182,182,,2026-05-18 20:59:04.079781,2026-05-18 20:59:04.310309,0 days 00:00:00.230528,28.242093781986245,47.813959342017,31.274003619515412,-83.34685270586195,59.54393633622221,4.201834231857521,61.238258786842444,1.5393941625712415,21.811418535819456,52.23364646710228,25.183878145256152,56.83010746393787,-23.115450718106857,29.563462850444058,2.060276449807488,27.832796829228553,-2.1437418431291775,46.05393774601241,Unfeasible shape,GPSampler,PRUNED
183,183,,2026-05-18 20:59:04.461593,2026-05-18 20:59:06.527122,0 days 00:00:02.065529,28.263709211895087,47.86468678213753,31.259712741435866,-83.34188096094758,59.52600909768448,4.2254154443318,61.253950161541106,1.506995033697038,21.841706564070737,52.149849615273354,25.134804164984725,56.85385024047838,-23.12175282079106,29.560336639098384,2.0871486115056905,27.8286863436606,-2.168179213179876,46.04698145391379,Unfeasible shape,GPSampler,PRUNED
184,184,,2026-05-18 20:59:06.684524,2026-05-18 20:59:08.313205,0 days 00:00:01.628681,28.234820567403567,47.78334240946301,31.26817277017176,-83.3639388811888,59.542692431472915,4.219488858056475,61.250453656117756,1.5535544911989518,21.807723240156847,52.24279876084935,25.213859113960343,56.8269526906667,-23.122029244314525,29.564342747408585,2.0360379082224096,27.870142552429737,-2.1282104728610918,46.04397750163227,Unfeasible shape,GPSampler,PRUNED
185,185,,2026-05-18 20:59:08.478629,2026-05-18 20:59:11.780528,0 days 00:00:03.301899,28.18557104352766,47.78603347942989,31.337696370302485,-83.37952481864369,59.56643485531493,4.163250154843366,61.13199497141374,1.5226436136406107,21.797051848064726,52.19190228631138,25.138227763833935,56.80207894152254,-23.04658689548944,29.54825135635685,2.1712449519461705,27.680379094955505,-2.14023256378006,46.09342549873122,Unfeasible shape,GPSampler,PRUNED
186,186,,2026-05-18 20:59:11.958828,2026-05-18 20:59:12.358892,0 days 00:00:00.400064,28.185261737373136,47.724458448355264,31.252621215082986,-83.3793391335629,59.51887472541301,4.247623425834692,61.243321129399625,1.5497401849958052,21.81624372819875,52.277060328931526,25.260165330125115,56.80971724013767,-23.10083310209052,29.55312650777503,2.0163349321795536,27.855092708936684,-2.1578379912833086,45.98972840363903,Unfeasible shape,GPSampler,PRUNED
