,number,value,datetime_start,datetime_complete,duration,params_highPt.lL1,params_highPt.lL2,params_highPt.lL3,params_highPt.rA2,params_highPt.rL1,params_highPt.rL2,params_highPt.rL3,params_highPt.x2,params_highPt.y2,params_lowPt.lL1,params_lowPt.lL2,params_lowPt.lL3,params_lowPt.rA2,params_lowPt.rL1,params_lowPt.rL2,params_lowPt.rL3,params_lowPt.x2,params_lowPt.y2,user_attrs_prune,system_attrs_auto:sampler,state
281,281,,2026-05-18 21:01:36.591961,2026-05-18 21:01:37.186867,0 days 00:00:00.594906,28.121250342926533,47.66950959084061,31.32201339203134,-83.36059113999893,59.60642438857351,4.2396510862884025,61.263630570390326,1.5321738355872228,21.87716293465239,52.33856092230563,25.264537552003734,56.770047987595895,-23.15326028483703,29.52094401860464,2.0854773501076744,27.79293474504166,-2.1101271017060554,46.0338046228333,Unfeasible shape,GPSampler,PRUNED
282,282,,2026-05-18 21:01:37.337543,2026-05-18 21:01:39.157072,0 days 00:00:01.819529,28.379171648409024,47.92188152169455,31.220090350205485,-83.11962587363341,59.5465165528454,4.1946710286741915,61.23464159134655,1.3691302919144306,21.825973979887703,52.316326191044155,25.179344317782892,56.828122945330406,-23.1982011107753,29.640227312685564,2.0711541540890828,27.881119616999374,-2.2635233373761423,45.90799764547523,Unfeasible shape,GPSampler,PRUNED
283,283,,2026-05-18 21:01:39.368742,2026-05-18 21:01:39.995616,0 days 00:00:00.626874,28.23373164923304,47.79024827906909,31.270333754062367,-83.3657345628499,59.54318695433769,4.212758413151194,61.26868311795043,1.5673481540002072,21.80985235630519,52.25169542053902,25.189044939066836,56.84602531663829,-23.098138886382635,29.5414235595814,2.023017039348975,27.843481416881016,-2.1070885286738275,46.03730304514621,Unfeasible shape,GPSampler,PRUNED
284,284,,2026-05-18 21:01:40.134173,2026-05-18 21:01:42.164482,0 days 00:00:02.030309,28.36024323987576,47.89824932722579,31.281926160593343,-83.2676064469874,59.517807659883935,4.244317401456744,61.195382237898265,1.5792299222399038,21.821078333875473,52.211013059167456,25.257491451927,56.925337171237594,-23.19622573546664,29.58935878877804,2.0548966021093222,27.920530823215937,-2.116005508098432,45.969497006476836,Unfeasible shape,GPSampler,PRUNED
285,285,,2026-05-18 21:01:42.332941,2026-05-18 21:01:44.636895,0 days 00:00:02.303954,28.24368577682642,47.848392642939665,31.272394600391426,-83.3087826047688,59.611493095577984,4.166749851825211,61.250392935592586,1.5213432838054004,21.794589056715907,52.260619957270514,25.087902114315828,56.7914572517263,-23.10784532739126,29.54578472501068,2.1166220463864467,27.87537415675126,-2.20848569921435,46.068092325946004,Unfeasible shape,GPSampler,PRUNED
286,286,,2026-05-18 21:01:44.796934,2026-05-18 21:01:45.583626,0 days 00:00:00.786692,28.207942976791653,47.67061117914339,31.292293474477976,-83.46821800664792,59.50945841359529,4.24754978787287,61.29773957129116,1.538827239959943,21.9282748626448,52.30175788280417,25.322001043946972,56.768375166549,-23.131070433862,29.615757465658902,1.9877298340771468,27.914849922480826,-2.116066561054332,45.99874723218803,Unfeasible shape,GPSampler,PRUNED
287,287,,2026-05-18 21:01:45.736366,2026-05-18 21:01:47.561549,0 days 00:00:01.825183,28.28098350529417,47.81407151249993,31.268446292662745,-83.34491137213699,59.530564338095424,4.2249046879592616,61.23695983934678,1.5476301733650217,21.851576640796818,52.30294757936835,25.2247062748586,56.84545908297542,-23.15236442307434,29.554272291223903,2.0693147960035665,27.86415786813327,-2.1568576866828764,45.99823069566747,Unfeasible shape,GPSampler,PRUNED
288,288,,2026-05-18 21:01:47.790839,2026-05-18 21:01:48.239483,0 days 00:00:00.448644,28.29625122759577,47.820915411403426,31.26004348376926,-83.45311325259813,59.46005038804472,4.165036431985722,61.21953524114432,1.5741952826271373,21.877222947421444,52.17364626100736,25.220999219068567,56.8665660346997,-23.02507648837296,29.562668988460892,2.1094525881830313,27.788245932736128,-2.1629477768054954,46.02283160499526,Unfeasible shape,GPSampler,PRUNED
289,289,,2026-05-18 21:01:48.383151,2026-05-18 21:01:50.360254,0 days 00:00:01.977103,28.278423274023925,47.85932023870213,31.290044109346535,-83.39272234011536,59.55836104674268,4.228302532549076,61.235911191435974,1.5859935586443967,21.82521473883863,52.23138279033369,25.209433672470492,56.880057259915326,-23.193727369738404,29.55265117818136,1.9979632954587014,27.877167149604105,-2.032534367513094,46.063326306978716,Unfeasible shape,GPSampler,PRUNED
290,290,,2026-05-18 21:01:50.521133,2026-05-18 21:01:52.572808,0 days 00:00:02.051675,28.21717969978884,47.75555784271789,31.259010689184606,-83.30347068060482,59.482218014646044,4.170752120880385,61.290605542175136,1.5068856682047667,21.859044254504937,52.32480973389394,25.182660068478473,56.8211790411489,-23.11804177507404,29.509840092387815,2.0457944912688157,27.84715353566107,-2.15294522854024,46.02375419419532,Unfeasible shape,GPSampler,PRUNED
291,291,,2026-05-18 21:01:52.735248,2026-05-18 21:01:53.384251,0 days 00:00:00.649003,28.219023337350375,47.788023387053116,31.26806167968425,-83.32308041072184,59.5675001436219,4.165927954620924,61.222756203456136,1.5493660113076615,21.81026456508121,52.28124581703437,25.19238348477864,56.81332383599836,-23.12282499711604,29.52533559638628,2.147100840352575,27.77546282827623,-2.148479203300525,46.03493326168576,Unfeasible shape,GPSampler,PRUNED
292,292,,2026-05-18 21:01:53.538406,2026-05-18 21:01:55.768884,0 days 00:00:02.230478,28.23003904886696,47.76784748100712,31.280828553891194,-83.31386551363926,59.561709091471386,4.1721545123201365,61.24042623138948,1.522522974357237,21.869547844424822,52.24098984116811,25.187254598066183,56.80471439596189,-23.11650925944378,29.572410276152695,2.061525896468614,27.84930090254976,-2.1265355325565736,46.03406408611603,Unfeasible shape,GPSampler,PRUNED
293,293,,2026-05-18 21:01:55.915478,2026-05-18 21:01:57.878866,0 days 00:00:01.963388,28.2581680857124,47.83787296797846,31.27768578272504,-83.35898367584383,59.60024433847094,4.188832040203399,61.24663115768844,1.565706798330183,21.765086024381684,52.287402350868405,25.17885885130424,56.872382800042175,-23.118826048169694,29.576724613652498,2.04429581127936,27.85815356112872,-2.1197164248612594,46.07120094406885,Unfeasible shape,GPSampler,PRUNED
294,294,,2026-05-18 21:01:58.034121,2026-05-18 21:01:58.600631,0 days 00:00:00.566510,28.245809759448516,47.82699644814113,31.33137793063986,-83.37920356047903,59.631276819861704,4.2089169299796385,61.201611660406314,1.6475502181705934,21.91642568945301,52.26848493673566,25.229217161918744,56.88186749490778,-23.11611057544276,29.607199931411976,2.085513481639196,27.77175531791784,-2.1199334265248737,46.059746310518946,Unfeasible shape,GPSampler,PRUNED
295,295,,2026-05-18 21:01:58.748599,2026-05-18 21:02:00.756396,0 days 00:00:02.007797,28.37317803458695,47.86858235512455,31.220842046048396,-83.35757400525672,59.461126033250245,4.213364968709859,61.156354592433026,1.553005054218211,21.840282526404128,52.34182915445087,25.2415050451603,56.86894988281704,-23.100608884974307,29.57320349518703,2.0228525699865054,27.802168396635548,-2.0176055212202257,46.06615714277578,Unfeasible shape,GPSampler,PRUNED
296,296,,2026-05-18 21:02:00.902668,2026-05-18 21:02:01.160153,0 days 00:00:00.257485,28.30545640892114,47.873677119690484,31.272969987530345,-83.2271501966613,59.544059670978555,4.217228796426104,61.222960153312215,1.4936084921237054,21.825328545506324,52.23382589857292,25.134637138428445,56.87637906810914,-23.17806030227476,29.539556708174118,2.106939641230279,27.837477893805513,-2.1971938535428563,46.03597005999741,Unfeasible shape,GPSampler,PRUNED
297,297,,2026-05-18 21:02:01.310365,2026-05-18 21:02:01.553171,0 days 00:00:00.242806,28.29515408209653,47.798413031811805,31.239684337582542,-83.3419374136475,59.53016264406532,4.18471001733635,61.31174759364974,1.5372374091212464,21.879645977790968,52.2376611708815,25.180137693988847,56.83926653419393,-23.15228516537939,29.511589858844033,2.0294796172798923,27.850007234892086,-2.099620310813627,46.041394147055115,Unfeasible shape,GPSampler,PRUNED
298,298,,2026-05-18 21:02:01.710369,2026-05-18 21:02:03.703541,0 days 00:00:01.993172,28.313219087925592,47.847428777833954,31.232804586855195,-83.34024108464249,59.52108204221939,4.199120583902248,61.23356165687512,1.558066865968911,21.851575991883692,52.22338362840525,25.17183003940497,56.863746712120324,-23.176433073197053,29.56241875676128,2.0415119386273304,27.89800064600798,-2.1161953861838185,46.07119196775133,Unfeasible shape,GPSampler,PRUNED
299,299,,2026-05-18 21:02:03.883599,2026-05-18 21:02:06.064274,0 days 00:00:02.180675,28.259496945078617,47.83948764955838,31.246099348207483,-83.34837507150439,59.55098044659846,4.197307347926594,61.24025889337649,1.5387436008160051,21.763476121449468,52.25965617324413,25.16531767995171,56.86296021617486,-23.13427770981258,29.53472801842043,2.0301679732828903,27.842519165903077,-2.1448286745420475,46.05643034587855,Unfeasible shape,GPSampler,PRUNED
300,300,,2026-05-18 21:02:06.233427,2026-05-18 21:02:06.967560,0 days 00:00:00.734133,28.232096740958557,47.81967871789693,31.242155938904318,-83.37738567631843,59.484458057913955,4.265484578692719,61.27906110745958,1.5549966378592757,21.810210140262985,52.27984618887117,25.244966944326382,56.892903334674564,-23.16374988077491,29.594209806686948,1.9629613995141493,27.899661137717096,-2.1061087216678587,46.023930225281774,Unfeasible shape,GPSampler,PRUNED
301,301,,2026-05-18 21:02:07.125012,2026-05-18 21:02:09.057041,0 days 00:00:01.932029,28.219218739609257,47.811268867005026,31.274022224496715,-83.38817661509866,59.561983890894986,4.212253985954357,61.2684995574678,1.4985330379001098,21.842260214313836,52.21047748444494,25.126123796976625,56.822282847873616,-23.078698889420117,29.54731773657301,2.062166560997807,27.80088316936901,-2.179109766461103,46.061958660644244,Unfeasible shape,GPSampler,PRUNED
302,302,,2026-05-18 21:02:09.207950,2026-05-18 21:02:11.997601,0 days 00:00:02.789651,28.279765650963167,47.86242645186729,31.30817763395326,-83.26535897437262,59.57186892843125,4.2128907579795385,61.23647026122055,1.4945645180754141,21.863156660982845,52.227582130586214,25.127610357981546,56.826337742445126,-23.150471013908586,29.524657808812528,2.132014216630375,27.78566237414017,-2.220890735277692,46.02316712936856,Unfeasible shape,GPSampler,PRUNED
303,303,,2026-05-18 21:02:12.139393,2026-05-18 21:02:12.877570,0 days 00:00:00.738177,28.22822973163072,47.78459274937278,31.2769007275817,-83.38908496223574,59.56238754858087,4.200765738831198,61.241545856060235,1.5267911373254606,21.834118933154812,52.25780224397169,25.177162393578712,56.814869167306924,-23.1219580731997,29.539184271683233,2.1256050002562805,27.813619445350607,-2.1511725535698716,46.04202587717188,Unfeasible shape,GPSampler,PRUNED
304,304,,2026-05-18 21:02:13.020792,2026-05-18 21:02:14.870546,0 days 00:00:01.849754,28.19998007948197,47.75385020443242,31.261247247030454,-83.40008727988067,59.62591192967614,4.182273206366169,61.20624960216139,1.5123487871094667,21.80948829093299,52.24287517797301,25.160728666259292,56.81366433909963,-23.120642435160683,29.509714938542444,2.0792070857176808,27.76614043122408,-2.1726002896137615,46.06088672746119,Unfeasible shape,GPSampler,PRUNED
305,305,,2026-05-18 21:02:15.032386,2026-05-18 21:02:15.604108,0 days 00:00:00.571722,28.18802935165152,47.78337063024874,31.244336018813264,-83.41367853462609,59.524908464440806,4.244886991983327,61.25427682845158,1.5011979631239285,21.86322996662844,52.24551315552122,25.19673926788697,56.78312115806967,-23.101674844674733,29.533646907454372,1.9952151163931606,27.83883597558575,-2.133315014060244,46.062310369312556,Unfeasible shape,GPSampler,PRUNED
306,306,,2026-05-18 21:02:15.755585,2026-05-18 21:02:16.792727,0 days 00:00:01.037142,28.111429286637343,47.65555292871311,31.237792345608465,-83.37446427753177,59.58127340292663,4.182385562762149,61.29286332025574,1.5258911190083282,21.78753638776672,52.28430444042634,25.24189844235828,56.72576025841535,-23.0757030515702,29.539623579670632,2.0371778572185297,27.780074492278757,-2.091378206766997,46.02836996995039,Unfeasible shape,GPSampler,PRUNED
307,307,,2026-05-18 21:02:16.941348,2026-05-18 21:02:19.098845,0 days 00:00:02.157497,28.248086189643608,47.81867748396907,31.266513999876764,-83.32457393154253,59.54695183420593,4.211928051533329,61.253531654769354,1.5312242124123898,21.81800813741569,52.24251908403791,25.182419413390598,56.836853151427235,-23.12572976706396,29.555351195602935,2.0511698704530796,27.846616319953807,-2.146183109765367,46.046656292820884,Unfeasible shape,GPSampler,PRUNED
308,308,,2026-05-18 21:02:19.254666,2026-05-18 21:02:20.103543,0 days 00:00:00.848877,28.33745374562139,47.98454529402597,31.270267528078982,-83.2903875288052,59.51763202366212,4.21130999756069,61.194542538912735,1.5778409813875527,21.71806953068425,52.21013458375901,25.132066349149635,56.92558185721636,-23.197420049715646,29.536462814418307,2.086814816378735,27.861761644274115,-2.137435865479077,46.057734783493586,Unfeasible shape,GPSampler,PRUNED
309,309,,2026-05-18 21:02:20.252402,2026-05-18 21:02:22.284012,0 days 00:00:02.031610,28.177016020551626,47.807344081823246,31.270137463374898,-83.35776807013245,59.542846645655494,4.219858842211172,61.286382869662376,1.5503920623421195,21.772015634109746,52.227057242778336,25.120825673001125,56.838003083538666,-23.113354768277304,29.551834511626765,2.051628813838075,27.797967570498695,-2.194946522772561,46.05033039242998,Unfeasible shape,GPSampler,PRUNED
310,310,,2026-05-18 21:02:22.434950,2026-05-18 21:02:23.147317,0 days 00:00:00.712367,28.189208727999606,47.80357095713386,31.300606882595563,-83.43723329336794,59.49743468434159,4.231364212176544,61.244597786311594,1.5701669797229272,21.809085622231667,52.23277403270271,25.200126838921417,56.85778483907745,-23.033178053178474,29.628034131634088,2.0548399979042613,27.867147841151642,-2.090653993033186,46.05849438618183,Unfeasible shape,GPSampler,PRUNED
311,311,,2026-05-18 21:02:23.288280,2026-05-18 21:02:23.735964,0 days 00:00:00.447684,28.256235585277917,47.86292480834059,31.318996231436675,-83.23453312163477,59.516607209433026,4.202476987136271,61.1279756390684,1.566598837523685,21.829771217801817,52.158862648531674,25.212889447039235,56.756518782863864,-23.11645408421147,29.601590151494527,2.1294562416033904,27.830742432181175,-2.147184913737533,46.07424500983854,Unfeasible shape,GPSampler,PRUNED
312,312,,2026-05-18 21:02:23.874721,2026-05-18 21:02:25.948237,0 days 00:00:02.073516,28.315688552898674,47.8644455426616,31.283096675807528,-83.32385482548709,59.514638329496776,4.236259609565753,61.22498334472843,1.5465660202167513,21.820493992796074,52.22591469715505,25.21299909720091,56.868160243346814,-23.169704367515266,29.57669998549106,2.0475222919067435,27.884724543628575,-2.157858130573622,46.04496754280113,Unfeasible shape,GPSampler,PRUNED
313,313,,2026-05-18 21:02:26.094620,2026-05-18 21:02:26.848336,0 days 00:00:00.753716,28.364301415440835,47.96114656611925,31.315102778908333,-83.3367851351103,59.50338204036153,4.2372526083347175,61.17227178002321,1.5281005811888093,21.763039672303318,52.18328895839568,25.178876134087982,56.87459604269712,-23.16772311802133,29.663636230685995,2.0812243983380077,27.941329568276338,-2.1553810129932955,46.095861731845886,Unfeasible shape,GPSampler,PRUNED
314,314,,2026-05-18 21:02:26.989992,2026-05-18 21:02:27.523383,0 days 00:00:00.533391,28.251941875975355,47.864377775190405,31.281243351848953,-83.3037556992724,59.50029082338614,4.190915354422204,61.1741557337496,1.5623496580061342,21.78539064324958,52.23635241869291,25.157961248955765,56.829405706493795,-23.176262009564823,29.55214571024856,2.1235186781474944,27.779641592809398,-2.1486957891528675,46.03833715375484,Unfeasible shape,GPSampler,PRUNED
315,315,,2026-05-18 21:02:27.668064,2026-05-18 21:02:29.762226,0 days 00:00:02.094162,28.247383442216147,47.825144397832304,31.28618263109671,-83.33938786178074,59.549288331938776,4.219156161024677,61.227747318852785,1.5320894139582322,21.833207167357905,52.235371571800165,25.187353703141394,56.821363624131244,-23.139476575525038,29.55512867987164,2.1133021758882626,27.800902407178956,-2.157152963359202,46.036651639091886,Unfeasible shape,GPSampler,PRUNED
316,316,,2026-05-18 21:02:29.919836,2026-05-18 21:02:30.690748,0 days 00:00:00.770912,28.290717781147148,47.8287508716894,31.321125967534886,-83.30537128612234,59.55644435984967,4.2133301825225455,61.141167724791494,1.577158074234319,21.8428334503695,52.187112655784,25.1813582078788,56.864059322821646,-23.126775351576505,29.598614961766206,2.13670004420337,27.785359709687665,-2.177314424761491,46.048047505970175,Unfeasible shape,GPSampler,PRUNED
317,317,,2026-05-18 21:02:30.840171,2026-05-18 21:02:32.666040,0 days 00:00:01.825869,28.242470093427404,47.795696960806424,31.276921143163626,-83.32337717899883,59.55381189734263,4.219031862784151,61.27509518909059,1.503418996440054,21.864952124020043,52.27534314373521,25.18630989702606,56.82406685194637,-23.144113448622576,29.53939730773249,2.053223724230257,27.810637085408818,-2.1827932900346383,46.02716857254432,Unfeasible shape,GPSampler,PRUNED
318,318,,2026-05-18 21:02:32.833922,2026-05-18 21:02:35.175515,0 days 00:00:02.341593,28.351787243650282,47.927852255162165,31.298350046990322,-83.25304446885784,59.54657245793003,4.219418123406877,61.19462226664515,1.499768806476233,21.839847543903268,52.23866185149628,25.127713560703675,56.89192944596509,-23.21478384350435,29.528295720839207,2.124085331648877,27.848285786203224,-2.2137830174471063,46.02034142490542,Unfeasible shape,GPSampler,PRUNED
319,319,,2026-05-18 21:02:35.321789,2026-05-18 21:02:35.895243,0 days 00:00:00.573454,28.349588662071646,47.91881926193851,31.25941229928891,-83.34464533704809,59.47272754281058,4.2912356129171645,61.22327553384814,1.6027969748696975,21.74417749210124,52.20870349724926,25.316609574698752,56.954100344239635,-23.177395888000817,29.59600356048833,1.9679751239437915,27.94236642866916,-2.1604392890291066,46.04724809314821,Unfeasible shape,GPSampler,PRUNED
320,320,,2026-05-18 21:02:36.036803,2026-05-18 21:02:36.302943,0 days 00:00:00.266140,28.22066532933119,47.800660041795226,31.243945920461694,-83.50758761418521,59.54532068974698,4.138588691948637,61.259472086249176,1.541513496557016,21.73466033144984,52.272079662288014,25.178906632450136,56.83141034519896,-23.10237189478145,29.550409012804657,2.0049857539050966,27.821270489548482,-2.1051503107963114,46.05662763906995,Unfeasible shape,GPSampler,PRUNED
321,321,,2026-05-18 21:02:36.452471,2026-05-18 21:02:38.487749,0 days 00:00:02.035278,28.220530312651228,47.78506538719552,31.269945451893992,-83.35583758391768,59.55335846843849,4.206851311966398,61.24667461699354,1.5431399920637574,21.82595415461321,52.252884900861005,25.186948271300313,56.81376801352068,-23.11319403849503,29.54992100203619,2.053838758134984,27.81213818621773,-2.137544911931002,46.038394575055904,Unfeasible shape,GPSampler,PRUNED
322,322,,2026-05-18 21:02:38.649518,2026-05-18 21:02:41.151494,0 days 00:00:02.501976,28.250962261451306,47.87707633973318,31.280454806309717,-83.32103096477755,59.5066574628419,4.166058895928096,61.201413731009744,1.5090929184114472,21.882912954808308,52.210166308100966,25.19573183066438,56.84487321064911,-23.15632893005681,29.604279682296934,2.111517371901293,27.843720051824025,-2.178002522072653,46.05643917629902,Unfeasible shape,GPSampler,PRUNED
323,323,,2026-05-18 21:02:41.333741,2026-05-18 21:02:43.346351,0 days 00:00:02.012610,28.343075173909114,47.81569425027979,31.2361696715236,-83.34186786770331,59.594829653708274,4.271354401028157,61.28643042649139,1.4371802167312282,21.736697882677745,52.24197813165114,25.266381492353812,56.9488103680505,-23.202019601278003,29.52198436464658,2.0112947183711603,27.893113741019924,-2.1642659181592663,46.00286382390281,Unfeasible shape,GPSampler,PRUNED
324,324,,2026-05-18 21:02:43.506045,2026-05-18 21:02:45.474080,0 days 00:00:01.968035,28.300834319933355,47.85780934836047,31.30419138735234,-83.27134875353137,59.56763929959112,4.210618839889884,61.21224111649653,1.5143983442786535,21.825144043319444,52.238130940256085,25.163624441721797,56.84151061716753,-23.177054848360413,29.528789674292067,2.0954286927125887,27.810437056313322,-2.2012486531430184,46.033331309091416,Unfeasible shape,GPSampler,PRUNED
325,325,,2026-05-18 21:02:45.631842,2026-05-18 21:02:47.256132,0 days 00:00:01.624290,28.283713825543096,47.862200690011235,31.293244324164082,-83.35453611454915,59.47953790826971,4.2093605490675685,61.17069146591603,1.5362116731379558,21.754431523445426,52.24456573192219,25.187989815440933,56.884500479253866,-23.14228239482805,29.6112724141232,2.035749951734875,27.956298158251343,-2.079872589566534,46.05367475186561,Unfeasible shape,GPSampler,PRUNED
326,326,,2026-05-18 21:02:47.405031,2026-05-18 21:02:47.679631,0 days 00:00:00.274600,28.295167887145926,47.82864386889388,31.25180125349147,-83.36319679570535,59.49891520692294,4.218500573193923,61.23842975488197,1.5510393422326203,21.759998574253103,52.24255347430504,25.193243189022624,56.86231183415597,-23.15064862295523,29.579160930983345,1.9986325564397798,27.899075532891256,-2.119765863811395,46.06729880866236,Unfeasible shape,GPSampler,PRUNED
327,327,,2026-05-18 21:02:47.821650,2026-05-18 21:02:49.768722,0 days 00:00:01.947072,28.229793416380087,47.81855569806114,31.271348101514658,-83.29945052778874,59.550027397991165,4.222440476132549,61.21654628974468,1.4803218419786361,21.88231305888272,52.21578738502213,25.289311366681623,56.84765693821912,-23.100380308413513,29.56874320061095,2.0215675310225305,27.890267052513867,-2.1014861539472207,46.06632275227465,Unfeasible shape,GPSampler,PRUNED
