,number,value,datetime_start,datetime_complete,duration,params_highPt.lL1,params_highPt.lL2,params_highPt.lL3,params_highPt.rA2,params_highPt.rL1,params_highPt.rL2,params_highPt.rL3,params_highPt.x2,params_highPt.y2,params_lowPt.lL1,params_lowPt.lL2,params_lowPt.lL3,params_lowPt.rA2,params_lowPt.rL1,params_lowPt.rL2,params_lowPt.rL3,params_lowPt.x2,params_lowPt.y2,user_attrs_prune,system_attrs_auto:sampler,state
986,986,,2026-05-18 21:18:46.163173,2026-05-18 21:18:46.459251,0 days 00:00:00.296078,28.223696744799927,47.804453971140894,31.2955713898068,-83.34373441667448,59.53905874279509,4.1963334980724545,61.23388497217317,1.5100468627566315,21.900189764705402,52.25024971433499,25.21249470744482,56.7718520567842,-23.09348410744561,29.58678031404829,2.0312237835074543,27.804536467955543,-2.137136877541984,46.020550365330124,Unfeasible shape,GPSampler,PRUNED
987,987,,2026-05-18 21:18:46.624677,2026-05-18 21:18:47.017438,0 days 00:00:00.392761,28.262671752655226,47.74637695381887,31.30028643082173,-83.33421436919456,59.52811962960175,4.172159556474498,61.26144825420945,1.523339769258392,21.81374900358714,52.223546953143014,25.180608021937505,56.80870795065236,-23.131305037736,29.5630549003348,2.1020148618363055,27.86809705513663,-2.115985812829308,46.07341757736914,Unfeasible shape,GPSampler,PRUNED
988,988,,2026-05-18 21:18:47.189114,2026-05-18 21:18:48.910873,0 days 00:00:01.721759,28.258644354052024,47.79317630794497,31.27037759064988,-83.34601226815678,59.52582193733327,4.199816928192049,61.22233094930555,1.5543106301831244,21.800485956798788,52.255093226826766,25.23609932347278,56.81970584045047,-23.156413570049708,29.575035884354868,2.0628231966163906,27.847366169469552,-2.1268715160563616,46.03106947453918,Unfeasible shape,GPSampler,PRUNED
989,989,,2026-05-18 21:18:49.060204,2026-05-18 21:18:51.473748,0 days 00:00:02.413544,28.29974620967427,47.901060249460265,31.343927286126913,-83.18947133977153,59.5275659788488,4.178276275482808,61.14846326134245,1.5606638731961695,21.822952166429722,52.317925714558115,25.226634702899783,56.86875280045202,-23.335093710623916,29.509134633393057,2.079124634160303,27.810320077242626,-2.176914648723873,45.93155429431205,Unfeasible shape,GPSampler,PRUNED
990,990,,2026-05-18 21:18:51.624603,2026-05-18 21:18:53.325773,0 days 00:00:01.701170,28.09921951350277,47.70619868589047,31.257443886416564,-83.51188752150296,59.51476906232273,4.131192889277887,61.207851163501175,1.6354423436371661,21.649128666933784,52.16677145827862,25.223362657670926,56.72443831795209,-23.03908000873713,29.601742239981323,1.9624137288077026,27.892896038623412,-2.0276572663111736,46.11383318274498,Unfeasible shape,GPSampler,PRUNED
991,991,,2026-05-18 21:18:53.493599,2026-05-18 21:18:55.253434,0 days 00:00:01.759835,28.25128498524967,47.755121557534,31.21988976113551,-83.3704885794542,59.525810053901154,4.218227835849548,61.295883826797684,1.5977415360831415,21.788527728973154,52.29903803476062,25.209716445519046,56.85707924272659,-23.174524905522745,29.550510218336616,2.017935416391661,27.767312891529052,-2.217595526550383,45.909851661489114,Unfeasible shape,GPSampler,PRUNED
992,992,,2026-05-18 21:18:55.394734,2026-05-18 21:18:56.070647,0 days 00:00:00.675913,28.158038051165878,47.705788300803746,31.29947914641356,-83.36125344806203,59.56407096906836,4.211492365566448,61.17432308287656,1.6214205416928067,21.868362768539857,52.23479236522905,25.327056176882763,56.851307838960906,-23.105564403356944,29.59822749980646,2.00241066620959,27.86260092429839,-2.090773740933251,46.09830827333559,Unfeasible shape,GPSampler,PRUNED
993,993,,2026-05-18 21:18:56.237863,2026-05-18 21:18:56.541275,0 days 00:00:00.303412,28.276608888350818,47.84293418036692,31.301348321449638,-83.29370757363135,59.53844964566062,4.204147820396149,61.212617147900616,1.5281190886806044,21.883489515361504,52.2553359888753,25.162140446517427,56.8286264238722,-23.14362913320729,29.56260767333466,2.0928340850751477,27.80550381141773,-2.170120388419008,46.031701802424976,Unfeasible shape,GPSampler,PRUNED
994,994,,2026-05-18 21:18:56.692293,2026-05-18 21:18:57.048700,0 days 00:00:00.356407,28.247507090237136,47.772966446355795,31.36760714761123,-83.43432564716561,59.57171014193367,4.19679595008447,61.151089892983094,1.5200228722656703,21.862912126011278,52.16437611971559,25.194723762616146,56.75856581511149,-23.07467601586322,29.64712357506255,2.115000826782019,27.748784021593167,-2.1941317908069635,46.02381051474997,Unfeasible shape,GPSampler,PRUNED
995,995,,2026-05-18 21:18:57.199720,2026-05-18 21:18:58.811995,0 days 00:00:01.612275,28.262594730664556,47.81295684890037,31.268103796636304,-83.29629680606736,59.46712787088204,4.2696715895087145,61.32243529883458,1.6604164447652607,21.81720193989641,52.293037763476576,25.261023609093172,56.85387431292458,-23.126069352463475,29.537229954846225,2.0507593944616187,27.89095878826002,-1.992473730125603,46.11980885886634,Unfeasible shape,GPSampler,PRUNED
996,996,,2026-05-18 21:18:58.978505,2026-05-18 21:18:59.215328,0 days 00:00:00.236823,28.179235481881705,47.7569444740201,31.242879107613362,-83.40586652545183,59.52614965630959,4.261612047264906,61.20712798221173,1.5843515170040234,21.836446137820374,52.218155088376655,25.24483503436103,56.77985066489323,-23.038060463412535,29.502348067853152,2.0192284268681484,28.020506457417525,-2.108242898952625,46.06445801686839,Unfeasible shape,GPSampler,PRUNED
997,997,,2026-05-18 21:18:59.372989,2026-05-18 21:18:59.958015,0 days 00:00:00.585026,28.245182323454117,47.79062810446942,31.26871398584949,-83.32831166060714,59.54583467139933,4.20398311794652,61.255555206154476,1.5331970607250653,21.831498342432717,52.27676591026377,25.206574499403263,56.837729182303846,-23.125980676107673,29.55819029461973,2.013427431971042,27.86510041878414,-2.138492880319056,46.03212808421127,Unfeasible shape,GPSampler,PRUNED
998,998,,2026-05-18 21:19:00.110338,2026-05-18 21:19:05.401074,0 days 00:00:05.290736,28.19581078680735,47.84136945176142,31.347691820806656,-83.3032510043856,59.53860643934896,4.174559899283961,61.132935703451295,1.5157774543784654,21.76426119024555,52.16547880674509,25.102224286425013,56.77414606316269,-23.081410237520643,29.574659889595157,2.212894068355788,27.69344217041545,-2.2085778598638086,46.037463649010235,Unfeasible shape,GPSampler,PRUNED
999,999,,2026-05-18 21:19:05.565124,2026-05-18 21:19:05.814103,0 days 00:00:00.248979,28.304559468217043,47.857108694621274,31.265738106947477,-83.24546896535385,59.59145798935455,4.210156714426028,61.21324716846344,1.5243725484916482,21.81063897337753,52.292509922268664,25.16623665464746,56.86751684977907,-23.20027865526025,29.494149537647864,2.080786829266175,27.858097994454823,-2.1690764390120734,46.00057332848726,Unfeasible shape,GPSampler,PRUNED
