,number,value,datetime_start,datetime_complete,duration,params_highPt.lL1,params_highPt.lL2,params_highPt.lL3,params_highPt.rA2,params_highPt.rL1,params_highPt.rL2,params_highPt.rL3,params_highPt.x2,params_highPt.y2,params_lowPt.lL1,params_lowPt.lL2,params_lowPt.lL3,params_lowPt.rA2,params_lowPt.rL1,params_lowPt.rL2,params_lowPt.rL3,params_lowPt.x2,params_lowPt.y2,user_attrs_prune,system_attrs_auto:sampler,state
0,0,,2026-05-18 20:51:07.351507,2026-05-18 20:51:08.053228,0 days 00:00:00.701721,20.768857612342742,76.52630607509265,7.700819198349358,-14.843292641948253,70.9127614592993,50.425730328755094,7.987390428293149,14.348790213114967,6.135941913514287,35.370457059568615,78.22718001208985,50.736846851901745,-82.86764558178615,61.41102141666804,43.742626817162304,77.78106798881767,-51.267290605202334,-0.521842047321659,Unfeasible shape,RandomSampler,PRUNED
1,1,,2026-05-18 20:51:08.183354,2026-05-18 20:51:08.439150,0 days 00:00:00.255796,37.53376405809957,79.78998129541198,43.82472816551346,-32.914859206324685,41.18592545015402,62.210746412991504,64.61874725817617,25.666245489854305,54.34488114901063,13.668505623729619,33.97092456610077,54.35458447396347,-84.41313617791414,49.47804125476443,59.943096226590484,25.577946111197154,-19.411555801592222,21.456790820580824,Unfeasible shape,RandomSampler,PRUNED
2,2,,2026-05-18 20:51:08.568672,2026-05-18 20:51:08.855265,0 days 00:00:00.286593,31.79229620855606,72.72213616425834,63.38022327417935,-64.50392105575322,46.35288204529106,66.75750504385486,48.572846303727204,-56.83839317578778,21.80999286549903,56.66734706241107,9.706695770092235,58.41911507980822,-60.55890294935566,18.041139298440356,15.114310636070885,29.819489322853176,-30.236461075376774,69.32239787502068,Unfeasible shape,RandomSampler,PRUNED
3,3,24.03861829753647,2026-05-18 20:51:08.991792,2026-05-18 20:51:32.334456,0 days 00:00:23.342664,45.33335530868551,50.90113768778055,12.005780725007332,-48.07440326622462,16.707888295128846,58.28186507092967,63.68092205304847,-12.668903534976067,129.28264415595976,10.517234663991836,61.49695365004509,35.25598573342133,-16.820410352691468,59.968655237772715,39.08250615624989,48.103068154282354,-5.0887607554574,41.98291315420902,,RandomSampler,COMPLETE
4,4,,2026-05-18 20:51:33.952189,2026-05-18 20:51:34.198778,0 days 00:00:00.246589,16.029579484865245,41.59258176792334,32.04192599637783,-53.144558270806144,66.76799070133933,27.65856015272973,47.778803912571234,21.2213344127519,66.23560313243276,65.26463128625225,69.54622694572586,74.68684938899202,-6.355258862374669,2.9586104489968585,51.68053332942895,58.512843372937226,-4.424070017123221,37.89561946549421,Unfeasible shape,GPSampler,PRUNED
5,5,21.17810169884634,2026-05-18 20:51:34.333822,2026-05-18 20:51:55.946212,0 days 00:00:21.612390,78.47424683480645,61.96048123998116,58.787840669728006,-25.711184233361983,27.661435149464566,34.6880150603578,59.51021897449938,-1.2239480965423155,32.2146168595297,71.06038564136777,33.73452684470383,47.738195703035124,-54.37244250581169,27.706821489715374,57.83802544617749,3.3559599837499134,-29.831851699687324,-7.344219557401841,,GPSampler,COMPLETE
6,6,,2026-05-18 20:51:57.064068,2026-05-18 20:51:57.337407,0 days 00:00:00.273339,48.201029414917954,23.627809987431025,63.04275592254985,-59.76162179680201,9.659554180871554,33.72927676090447,24.99918760735266,14.044076715053677,129.09653571400355,9.184960117783701,35.429446692121545,56.212342519485475,-80.73473690592641,68.18637867216609,57.18626404387145,59.60717685741724,-0.6393438377561793,34.037836820619106,Unfeasible shape,GPSampler,PRUNED
7,7,14.366415538894449,2026-05-18 20:51:57.480111,2026-05-18 20:52:20.994123,0 days 00:00:23.514012,71.8687994497693,72.62218166698476,34.52396431781012,-55.813231979353006,40.92429252407426,52.51837908077884,64.77477269976455,0.1534155764898273,46.559949113047345,56.19670565412309,53.554916617585846,71.12015943478444,-69.30102754597199,41.87299128337476,7.756056963575828,67.18755308521335,-11.312236188673616,28.641591382874772,,GPSampler,COMPLETE
8,8,,2026-05-18 20:52:22.547474,2026-05-18 20:52:22.778313,0 days 00:00:00.230839,19.248850984063925,7.339816502520341,40.253672502407284,-75.7337710609943,74.95955557027614,45.54330649948615,8.234807522507191,-25.789665381505344,0.2369353640969667,75.9755247128303,75.37699513289664,76.28172005133997,-23.2224049892111,3.5514908415032096,71.40422459692789,67.73339338363253,-36.85836845882818,41.16927566597454,Unfeasible shape,GPSampler,PRUNED
9,9,28.183193755498145,2026-05-18 20:52:22.930412,2026-05-18 20:52:41.078829,0 days 00:00:18.148417,27.295013343687287,35.71401186157757,62.34764577370805,-58.292996390383,70.09828785432072,73.65758180347511,73.70886714472124,-35.24339143324392,97.77668224954425,65.65336087920329,17.14966595402007,71.19112280631609,-10.93387611635508,33.77861148092889,44.85893998465126,64.89835001820579,-39.12305363915597,39.72370584910007,,GPSampler,COMPLETE
10,10,,2026-05-18 20:52:42.294445,2026-05-18 20:52:42.516860,0 days 00:00:00.222415,52.46620005974824,77.06580803664714,24.853616119299808,-46.1499019512453,77.52906122400414,57.078587524786236,19.66453062737935,-33.870235340114505,12.41642726577307,29.17079081374362,14.088654299447366,17.54133882351556,-35.88003433875187,76.87745312681093,68.12235977366674,11.14002789741077,8.885557231793683,46.802087850308745,Unfeasible shape,GPSampler,PRUNED
11,11,,2026-05-18 20:52:42.663709,2026-05-18 20:52:42.923973,0 days 00:00:00.260264,29.528225239795674,36.85196521609179,19.82446354739126,-73.29869365372451,64.67991344178166,56.52768444821581,39.093767988341284,28.92608660312466,55.56909491181918,59.447259688663365,71.06224393813663,30.479598230805763,-84.94205796989779,41.040715585247504,47.435690395278385,48.24269378918323,-19.242186933317114,-4.590497098199453,Unfeasible shape,GPSampler,PRUNED
12,12,27.296988396275506,2026-05-18 20:52:43.049944,2026-05-18 20:53:04.351419,0 days 00:00:21.301475,49.01698767207937,34.01332469933597,48.33625274165978,-24.561294896678902,60.36205074117258,38.31186618614852,32.45322583041333,-0.21669882436928845,58.20150410771302,72.20041547379572,51.389929295187855,42.94593358288548,-65.15426695628811,26.111791891732196,51.89239300386982,14.509842045299829,-18.379032570742538,17.391583131011856,,GPSampler,COMPLETE
13,13,13.83051027151894,2026-05-18 20:53:06.044405,2026-05-18 20:53:30.896864,0 days 00:00:24.852459,35.47158394847446,58.83393057228523,64.74069874676803,-81.84142955844409,35.161053755060834,17.702925186083274,15.548038666034385,14.363102902770848,41.06190423653984,5.413126415832911,22.930673352385238,53.60415363184564,-16.0893176943854,57.541740622031256,42.298025466647346,6.5955398397393825,-10.512638690550993,60.40084949714503,,GPSampler,COMPLETE
14,14,,2026-05-18 20:53:32.497741,2026-05-18 20:53:32.745297,0 days 00:00:00.247556,59.60056644917376,19.464790097955397,4.958505604840829,-20.24448726945994,75.2481831922774,79.26905059674759,33.3946728802263,-35.617609975909204,89.60187576556224,1.6460178052982384,79.43471511086267,41.689595393313645,-17.158463011947077,66.9714990299572,61.675405162224656,68.52198926270707,-8.313781511058465,66.03829942048937,Unfeasible shape,GPSampler,PRUNED
15,15,,2026-05-18 20:53:32.905838,2026-05-18 20:53:33.151038,0 days 00:00:00.245200,75.0588115522684,58.49349231676659,34.748032111585935,-43.12552135875181,41.109047531177154,48.83712969774032,25.16336120529155,25.471219679058464,115.75513174722126,44.28835645181824,59.41676563952783,63.53978118457634,-26.042988633029047,31.664987872043227,36.36525586276679,58.18106349874796,-11.055715387111462,58.70111822451287,Unfeasible shape,GPSampler,PRUNED
16,16,,2026-05-18 20:53:33.290917,2026-05-18 20:53:33.520905,0 days 00:00:00.229988,27.74795008368672,47.483218101505734,47.70036352514088,-72.3389035980671,56.415695879703605,4.747360966606726,60.66738557190989,-16.922828661962242,76.50132588283891,71.80376539853881,11.823389014601004,76.62563829583978,-36.44618494474871,63.10007140346322,77.9072655507722,36.92784709021639,-2.8291453142801473,52.85352400777012,Unfeasible shape,GPSampler,PRUNED
17,17,10.828059392428909,2026-05-18 20:53:33.646639,2026-05-18 20:53:56.964254,0 days 00:00:23.317615,9.495427876563234,14.4642324437057,29.52295828144309,-83.46398433900293,67.29069517932783,14.52668856586821,71.78676988204192,-0.3925063004457243,37.89963618751209,68.96745525559238,39.648258413706955,37.12306824508202,-19.733929914728847,26.16945148018444,1.960751463718555,22.94891868333877,2.2570938959512503,37.02103616878809,,GPSampler,COMPLETE
18,18,,2026-05-18 20:53:58.347951,2026-05-18 20:53:58.577497,0 days 00:00:00.229546,13.221243618386529,6.823537820343304,42.88601749070264,-40.561348110359035,29.697641310738103,8.618438766986685,74.22177238266303,6.790869000449661,79.89330870729881,28.092459394682212,1.092556510581235,50.46400589405409,-74.44273936638125,58.58318448975723,76.64542491337316,29.322425798790285,1.4310084601488384,67.37811735572478,Unfeasible shape,GPSampler,PRUNED
19,19,,2026-05-18 20:53:58.718294,2026-05-18 20:53:58.977857,0 days 00:00:00.259563,52.62816215528507,1.05139702670181,39.408058267889956,-58.57884404418155,62.79208773663425,24.939965661959558,25.605729110425607,24.934613213217233,82.89828907359784,49.742391730446535,22.24892337133946,50.34080901194266,-49.70802339378517,28.388285132976524,61.98440308869516,38.02164391582938,-16.281599498140707,40.74793593766259,Unfeasible shape,GPSampler,PRUNED
20,20,,2026-05-18 20:53:59.113100,2026-05-18 20:53:59.350965,0 days 00:00:00.237865,62.513711163337135,59.47007068916407,64.00210722314797,-13.173611107012619,45.96746900056653,27.730976516668438,17.776264603389013,-2.1178272485108565,126.24014577874081,70.4658940247408,5.242857794768481,29.8626672586487,-62.29731262739325,63.16343947811429,62.81206919587656,55.621209326659574,-42.58190238720313,2.492478097091544,Unfeasible shape,GPSampler,PRUNED
21,21,,2026-05-18 20:53:59.493194,2026-05-18 20:53:59.768704,0 days 00:00:00.275510,37.38032585393111,40.975656106951206,43.28938676956072,-64.1693261679458,67.49383068312282,34.312688656274915,36.136188690852265,-27.230033345629593,3.893496739917367,77.05841400157479,63.31074746775864,56.541030990375305,-77.67612621192441,36.91059155827671,76.09522552883973,23.634676230162682,-54.79894585733247,50.53293605515314,Unfeasible shape,GPSampler,PRUNED
22,22,,2026-05-18 20:53:59.908074,2026-05-18 20:54:00.171301,0 days 00:00:00.263227,33.46064524288671,9.013509974137477,1.4560070750449334,-21.171790266312478,74.96500046575477,74.75286416448235,58.405600019591645,0.6044349616519895,107.11006725880823,52.28840698325647,48.15635743525584,77.41194871115881,-56.18485416148527,34.60182946507623,65.49684252023737,12.315256265434636,-5.8925572302837566,-8.671957096925356,Unfeasible shape,GPSampler,PRUNED
23,23,28.28479127833663,2026-05-18 20:54:00.302523,2026-05-18 20:54:22.773812,0 days 00:00:22.471289,49.73316270711903,51.91121041178481,46.30122218871646,-84.09715490389222,39.101828305850056,72.27758435670053,79.17248993139765,-9.055434285549396,85.53876427246664,33.283029766376785,55.43179781432905,24.88355081866079,-60.501580654897225,46.79429747836076,19.40866318856949,28.900411395716308,-24.325224082062384,23.023328338581244,,GPSampler,COMPLETE
24,24,20.362500438988857,2026-05-18 20:54:24.279161,2026-05-18 20:54:52.623707,0 days 00:00:28.344546,48.38435036983074,74.69586351534261,21.2431274221628,-63.7341023837552,4.529571423654691,42.70812178273695,44.45812120270141,-58.66389245071748,45.64641735393049,72.53670251337559,79.7347772421932,19.49087339062987,-28.324869023552388,76.5039261084547,42.227702884476564,16.14460369008306,-14.057761056696052,27.41601713582977,,GPSampler,COMPLETE
25,25,,2026-05-18 20:54:54.419321,2026-05-18 20:54:54.662509,0 days 00:00:00.243188,75.59181208975279,66.5955332455138,8.150550692050455,-35.523516410532324,29.04369001255267,5.654888000694568,68.7358853182897,-36.84925734082113,16.862230789986565,51.37168976682931,13.28832918578447,1.9944704088878367,-72.89095912641103,40.8313884782323,31.517766361980804,63.01183040568446,-54.39464013196743,24.81672194548363,Unfeasible shape,GPSampler,PRUNED
26,26,,2026-05-18 20:54:54.820016,2026-05-18 20:54:55.030840,0 days 00:00:00.210824,29.864797702511265,47.16511687590357,63.75034590309733,-44.092349307709796,17.98131137745387,37.185320745420015,72.89356094556338,-57.92675235862318,74.16581057528637,16.03066290860779,2.2781061328380643,36.244844195499184,-24.520025375796557,2.4985636219812886,57.17021850443183,24.959384026418665,3.6568153303141173,13.82583505760251,Unfeasible shape,GPSampler,PRUNED
27,27,,2026-05-18 20:54:55.167866,2026-05-18 20:54:55.405948,0 days 00:00:00.238082,31.123145254591474,60.449202974094035,36.68522295243767,-21.968716765098115,21.372519679712255,61.04111311303606,18.823228553919293,-43.376316154414674,125.46504775817095,1.4386043228290184,31.334850119612334,58.577371292129314,-10.258799723407776,76.9948080598409,67.59001161864,2.9667738746300687,-50.15155253954252,32.684609950024885,Unfeasible shape,GPSampler,PRUNED
28,28,12.7379895392507,2026-05-18 20:54:55.546080,2026-05-18 20:55:20.762865,0 days 00:00:25.216785,63.15267601606196,79.55706823343306,45.82126338593378,-24.085589959684768,74.88022829315291,8.396118165942934,32.631756610759524,-15.144334941465175,38.59178435256778,58.76074555247049,3.8993450878140155,66.6807079358688,-60.69984478640259,5.927654787303046,55.072440257675424,4.1921406853277094,-39.51159331101461,27.331284303800828,,GPSampler,COMPLETE
29,29,,2026-05-18 20:55:22.344708,2026-05-18 20:55:23.422478,0 days 00:00:01.077770,28.261323986308934,47.82459218761854,31.288630668252942,-83.3317860614232,59.545715716025555,4.210555813371028,61.21005220305318,1.5401516562605124,21.831364978877225,52.22923479578124,25.180634922388766,56.83614322809997,-23.1419402014945,29.55773476270151,2.078585014300346,27.824112726627824,-2.1582191772983137,46.044017782928954,Unfeasible shape,GPSampler,PRUNED
30,30,,2026-05-18 20:55:23.565082,2026-05-18 20:55:23.997869,0 days 00:00:00.432787,28.27139356061608,47.85155911093003,31.27342811744915,-83.30055064645632,59.518699966713406,4.22389946772282,61.177760449356526,1.5065585674156807,21.8156541782477,52.228349768343506,25.137847841792446,56.844133224106216,-23.149109578067254,29.544704178445016,2.091651874779587,27.83997880196771,-2.1713185602264176,46.027613019736755,Unfeasible shape,GPSampler,PRUNED
31,31,,2026-05-18 20:55:24.141152,2026-05-18 20:55:26.276246,0 days 00:00:02.135094,28.22282280084613,47.82328210537544,31.237190186804913,-83.37133180504763,59.458629089169435,4.2246802491823665,61.23320566350832,1.5715017151351915,21.789298572660183,52.17454595434715,25.17340333973543,56.85157371623605,-23.099896735568784,29.581810775596185,2.0461896222601,27.850486458502967,-2.0912157514701093,46.07869533639481,Unfeasible shape,GPSampler,PRUNED
32,32,,2026-05-18 20:55:26.430584,2026-05-18 20:55:28.163241,0 days 00:00:01.732657,28.24084315865436,47.80295584334765,31.241974479613067,-83.29687941130045,59.54993219229054,4.1447154934354025,61.20038590010951,1.5412998926083787,21.764655342629275,52.28966361692672,25.229752775005014,56.83780644759919,-23.153184583895325,29.549623441523007,2.029162095726938,27.84399902860502,-2.1269878409674874,46.03810857111705,Unfeasible shape,GPSampler,PRUNED
33,33,,2026-05-18 20:55:28.318746,2026-05-18 20:55:28.813208,0 days 00:00:00.494462,28.270555778320155,47.78433012372342,31.2252498529536,-83.28382245505433,59.61129375494524,4.154526063843299,61.250505301536236,1.5138585000414224,21.76497385164003,52.34922567660711,25.20033600179596,56.81891308048473,-23.155243907365623,29.517369124537346,2.0247301100581137,27.83246586307451,-2.0823251213146747,45.98522323459121,Unfeasible shape,GPSampler,PRUNED
34,34,,2026-05-18 20:55:28.945250,2026-05-18 20:55:29.468898,0 days 00:00:00.523648,28.137634969013256,47.67806230959678,31.272234393257907,-83.30167181793665,59.55628619058696,4.159782241161997,61.26526835773938,1.5407801397863423,21.8150527151249,52.199709418533715,25.195692500711946,56.769612711690314,-23.0043597869873,29.563792883627613,2.092778938186518,27.742648341823806,-2.1373019298975677,46.0693505912855,Unfeasible shape,GPSampler,PRUNED
35,35,,2026-05-18 20:55:29.594841,2026-05-18 20:55:29.949955,0 days 00:00:00.355114,28.280442804719996,47.86106278811942,31.264191777259043,-83.3357956204981,59.55439768036838,4.182751526841226,61.24798767186197,1.5166819306608446,21.799542814490373,52.25037957196561,25.146925202056405,56.867415521966436,-23.146075266328637,29.537479575612256,2.0709528634425505,27.852714943097023,-2.16423150631784,46.038280100861215,Unfeasible shape,GPSampler,PRUNED
36,36,,2026-05-18 20:55:30.098606,2026-05-18 20:55:31.792550,0 days 00:00:01.693944,28.268312678159603,47.80646261222895,31.31759711759177,-83.23774602041148,59.63418393803961,4.1438572808188034,61.213852605045446,1.5110695284210536,21.738430860171032,52.23889975867574,25.332654196607983,56.83111756777366,-23.174639860895148,29.568344533170645,2.0334321704020852,27.793995255392787,-2.2040235744416705,46.051161459439555,Unfeasible shape,GPSampler,PRUNED
37,37,,2026-05-18 20:55:31.944049,2026-05-18 20:55:33.476097,0 days 00:00:01.532048,28.011243904486598,47.56208779290471,31.31093238230928,-83.53471509174237,59.66907994333391,4.13107829777099,61.33034079185256,1.7492954707283062,21.909719671762684,52.13869234610617,25.18634445754436,56.639714874834034,-22.95352766748364,29.566701301126354,1.9603168744616932,27.850111409002523,-2.1744944048956896,46.16813408582836,Unfeasible shape,GPSampler,PRUNED
38,38,,2026-05-18 20:55:33.632041,2026-05-18 20:55:33.978287,0 days 00:00:00.346246,28.25022871690803,47.8243962876798,31.346208055885448,-83.36668126744205,59.463357544115276,4.21672617353334,61.24402531492018,1.6216175338168668,21.79311705807977,52.229920619547244,25.201604317008584,56.8455077184345,-23.165532472129527,29.55357451428398,2.0807497686728995,27.79270087562764,-2.068186781635042,46.116397996591616,Unfeasible shape,GPSampler,PRUNED
39,39,,2026-05-18 20:55:34.123624,2026-05-18 20:55:36.126538,0 days 00:00:02.002914,28.29621072996785,47.810340721997875,31.2426958917854,-83.33155343043586,59.5695793437239,4.21006152235433,61.303175841304345,1.5736453117525713,21.78479297994976,52.270438712633684,25.121933320763368,56.8113391759845,-23.092937563237143,29.56081355925606,2.058760574581669,27.827272118286583,-2.223448849215721,46.06149614497844,Unfeasible shape,GPSampler,PRUNED
40,40,,2026-05-18 20:55:36.292340,2026-05-18 20:55:38.273247,0 days 00:00:01.980907,28.177738489170935,47.70371481456012,31.293520752958038,-83.34168311742506,59.559688553910014,4.219014689523304,61.30408395013716,1.538024063205171,21.902648002135642,52.326120369612646,25.251807881624405,56.74640515651112,-23.10408351743113,29.547361975239376,2.0207319399573924,27.810176810805356,-2.153428059733379,46.0318319644247,Unfeasible shape,GPSampler,PRUNED
41,41,,2026-05-18 20:55:38.423833,2026-05-18 20:55:40.154932,0 days 00:00:01.731099,28.33947725757068,47.88423114826601,31.2634883443501,-83.3042130855181,59.5411268420148,4.226649244214521,61.26908496620992,1.51673682609632,21.843532634935823,52.27140074650807,25.170582170455557,56.87781346081945,-23.170487081896496,29.53461591565685,2.070127008777777,27.88334766824375,-2.1641343672800417,46.02794356047936,Unfeasible shape,GPSampler,PRUNED
42,42,,2026-05-18 20:55:40.296704,2026-05-18 20:55:40.738771,0 days 00:00:00.442067,28.059926525500376,47.62423920260289,31.151947122493244,-83.45209929913835,59.65531840584837,4.188953323117254,61.25198489125097,1.6850714759372067,21.596536846147274,52.25259109393288,25.29948938566331,56.78571313876695,-22.950416398113674,29.55310115555664,1.946712966231661,27.792012676158922,-1.9963173774611818,46.09827093238125,Unfeasible shape,GPSampler,PRUNED
43,43,,2026-05-18 20:55:40.873962,2026-05-18 20:55:41.267694,0 days 00:00:00.393732,28.247111184456575,47.80405719847375,31.334145540459456,-83.33251411087457,59.508701899719604,4.229790580839863,61.13604307694178,1.609397593873318,21.824949272379268,52.20590657610331,25.23210220841448,56.836703137359365,-23.164985840097465,29.550992576644408,2.083546052461747,27.78092647089797,-2.1274562712063485,46.06918785332929,Unfeasible shape,GPSampler,PRUNED
44,44,,2026-05-18 20:55:41.418459,2026-05-18 20:55:41.916102,0 days 00:00:00.497643,28.182392814436046,47.75857901625377,31.255105477232195,-83.30494498957849,59.56190865580954,4.200294465955659,61.33436778507732,1.479052299008245,21.796838098828186,52.2681560708399,25.215013254279175,56.80843083109885,-23.064001330764228,29.576539901019952,2.0892658894178315,27.892468219399944,-2.126129631035681,46.06445833764173,Unfeasible shape,GPSampler,PRUNED
45,45,,2026-05-18 20:55:42.056308,2026-05-18 20:55:42.920230,0 days 00:00:00.863922,28.152799149354333,47.66442157763248,31.32630948444788,-83.42669924111607,59.635325315152286,4.233986686279806,61.20949376705195,1.5289116907425253,21.853174606848473,52.29933409253661,25.18837108758399,56.76613243730475,-23.085232239535443,29.49696137197805,1.9724775581216685,27.738209066418545,-2.1896994893511774,46.038934142958674,Unfeasible shape,GPSampler,PRUNED
