,number,value,datetime_start,datetime_complete,duration,params_highPt.lL1,params_highPt.lL2,params_highPt.lL3,params_highPt.rA2,params_highPt.rL1,params_highPt.rL2,params_highPt.rL3,params_highPt.x2,params_highPt.y2,params_lowPt.lL1,params_lowPt.lL2,params_lowPt.lL3,params_lowPt.rA2,params_lowPt.rL1,params_lowPt.rL2,params_lowPt.rL3,params_lowPt.x2,params_lowPt.y2,user_attrs_prune,system_attrs_auto:sampler,state
657,657,,2026-05-18 21:11:02.226316,2026-05-18 21:11:02.687924,0 days 00:00:00.461608,28.214397376725287,47.83700324927969,31.30408318809478,-83.37401923592341,59.57785814900045,4.218746104296049,61.215761312347034,1.5124571442832249,21.87420857681532,52.263763510090115,25.152130985265376,56.85438713856261,-23.086278374591387,29.51129335994425,2.0675414928380627,27.856364121985184,-2.1013187348405182,46.088349426098944,Unfeasible shape,GPSampler,PRUNED
658,658,,2026-05-18 21:11:02.839424,2026-05-18 21:11:04.821382,0 days 00:00:01.981958,28.251065924165523,47.78772000843642,31.2179561092944,-83.39649077245753,59.50538196959484,4.248046681577346,61.31389246343283,1.5624495248991792,21.77220534346934,52.260584506526314,25.26745474622894,56.8577520274987,-23.135375726915363,29.612054098408038,1.9902052220213258,27.97610927107434,-2.073578704515022,46.05859771593661,Unfeasible shape,GPSampler,PRUNED
659,659,,2026-05-18 21:11:04.994958,2026-05-18 21:11:05.295171,0 days 00:00:00.300213,28.231166733964077,47.86544706456796,31.259578504628575,-83.34869712550918,59.57558074126283,4.221405222871794,61.17091513073739,1.5765878201923513,21.817733532412174,52.24975840835343,25.14628005957016,56.845994862508434,-23.135788621844156,29.62421946614967,2.019184213209737,27.79463536214055,-2.0950792253358017,46.08733945899608,Unfeasible shape,GPSampler,PRUNED
660,660,,2026-05-18 21:11:05.445599,2026-05-18 21:11:07.345440,0 days 00:00:01.899841,28.280265635642035,47.86736229781277,31.286578292809967,-83.31057547713081,59.5056327592127,4.161132636132153,61.16984670467653,1.5656413071873914,21.751856322179226,52.213607832222145,25.183940827758526,56.82528069145443,-23.15042230353808,29.57167406057418,2.080183951122896,27.807652503266084,-2.1382980069422146,46.04583014764768,Unfeasible shape,GPSampler,PRUNED
661,661,,2026-05-18 21:11:07.497717,2026-05-18 21:11:07.743937,0 days 00:00:00.246220,28.367831074360762,47.90672469905497,31.28311907624246,-83.26204708908506,59.558749523864144,4.227881800176567,61.218794215670236,1.5315298512710314,21.81691065661252,52.25892048360138,25.1759909596801,56.92198260954793,-23.189941460999833,29.53818690857243,2.062475575149167,27.88587992779947,-2.1309961454036355,46.054718158647816,Unfeasible shape,GPSampler,PRUNED
662,662,,2026-05-18 21:11:07.898003,2026-05-18 21:11:08.144947,0 days 00:00:00.246944,28.244559953608782,47.841016098861374,31.20091282344091,-83.37324058987896,59.531842599750966,4.214674665548201,61.33745426110732,1.5614750510854876,21.733994914075357,52.252713954744365,25.205492101649643,56.89648452797435,-23.092136804462825,29.568476754975777,1.9585382574795824,27.91627729604521,-2.098975608311058,46.06298755741407,Unfeasible shape,GPSampler,PRUNED
663,663,,2026-05-18 21:11:08.298172,2026-05-18 21:11:10.854286,0 days 00:00:02.556114,28.200343324440475,47.80193242560602,31.2621897427173,-83.33842884757772,59.52691142515891,4.205889126041654,61.269299468163965,1.4958022180032842,21.78677277755354,52.17941065306997,25.151134755249025,56.8415585903295,-23.157336988411345,29.58329357867576,2.110119523140612,27.839781631709627,-2.139055419206045,46.027753706529225,Unfeasible shape,GPSampler,PRUNED
664,664,,2026-05-18 21:11:11.010214,2026-05-18 21:11:11.259836,0 days 00:00:00.249622,28.252822773347095,47.81780268701876,31.272004191089252,-83.32286773337214,59.56499666467441,4.180119133136077,61.21010671242209,1.486653853696673,21.809237236049007,52.23208040879685,25.151752749393427,56.839140751373485,-23.099777511895176,29.524944955712872,2.0941381747139776,27.819733337421166,-2.1680005245225615,46.049761189647555,Unfeasible shape,GPSampler,PRUNED
665,665,,2026-05-18 21:11:11.410970,2026-05-18 21:11:12.010616,0 days 00:00:00.599646,28.28115116339422,47.819571909081596,31.327541190626626,-83.30405480014937,59.54282194468916,4.188822413610137,61.1542997058898,1.5431495557787542,21.83459675859451,52.244917442937435,25.187617475767524,56.856783239438265,-23.127920766833668,29.589997637795467,2.1008858931957715,27.823709705189657,-2.185895329800246,46.0385831680516,Unfeasible shape,GPSampler,PRUNED
666,666,,2026-05-18 21:11:12.161461,2026-05-18 21:11:13.903446,0 days 00:00:01.741985,28.36464686869496,47.89382699707721,31.31711983471318,-83.22928254820162,59.56585573591109,4.266091040291631,61.20387961373803,1.4783156942733129,21.923459074221554,52.262644782516034,25.164114226006365,56.851604020475364,-23.20200470710183,29.53218659298372,2.056959453578797,27.854928889459757,-2.2581260810048036,46.014340922382644,Unfeasible shape,GPSampler,PRUNED
667,667,,2026-05-18 21:11:14.053869,2026-05-18 21:11:15.867322,0 days 00:00:01.813453,28.24840657684813,47.81316205406543,31.270690892747705,-83.34702485113266,59.546607813384746,4.202871346384272,61.25820981345533,1.528969309593215,21.81330170010603,52.25125455251987,25.181232502326584,56.84606222656086,-23.137887908446615,29.55546987197295,2.036858239451237,27.87336907016587,-2.140822891920628,46.058290382056235,Unfeasible shape,GPSampler,PRUNED
668,668,,2026-05-18 21:11:16.014526,2026-05-18 21:11:16.464460,0 days 00:00:00.449934,28.345137390711777,47.840651799605524,31.28404513508693,-83.33985290261492,59.61144747005413,4.237098015784467,61.35207490108371,1.5216450537602242,21.83242720128577,52.361375197444964,25.17412721993179,56.85233088120068,-23.223260188381367,29.520574879752502,2.012389373401988,27.879458312338663,-2.157422743126034,46.042902697401125,Unfeasible shape,GPSampler,PRUNED
669,669,,2026-05-18 21:11:16.630946,2026-05-18 21:11:18.191464,0 days 00:00:01.560518,28.418773190241872,47.981219932326276,31.203901170705063,-83.32018903039771,59.54931705565782,4.201885076108493,61.44666575125211,1.4519554353090456,21.824003508545534,52.2960416043715,24.98886214523071,56.87277947413387,-23.153707814469485,29.452241619850792,1.9877811797359146,27.83200152413899,-2.2458838659976763,46.036598668505775,Unfeasible shape,GPSampler,PRUNED
670,670,,2026-05-18 21:11:18.350032,2026-05-18 21:11:18.939985,0 days 00:00:00.589953,28.2182539483341,47.780858263480425,31.285129206163234,-83.35118005136582,59.54540361805208,4.249431623317325,61.290432181599,1.5659020497756018,21.868670898338593,52.43011131627553,25.220028784582688,56.80994814720846,-23.151738394072012,29.56491546103571,2.0732281923359617,27.721197439683557,-2.1677079975455626,46.01516320263912,Unfeasible shape,GPSampler,PRUNED
671,671,,2026-05-18 21:11:19.100798,2026-05-18 21:11:21.061017,0 days 00:00:01.960219,28.346551485585138,47.868825972292946,31.280849013797166,-83.31576354405978,59.47995001170952,4.24584508745555,61.22147153021573,1.5941056673645946,21.813243809588688,52.24756502871642,25.28287004653838,56.88323595397509,-23.179715566184875,29.645320130442276,2.0331666010205227,27.931955191532126,-2.109002672822328,46.04518871764995,Unfeasible shape,GPSampler,PRUNED
672,672,,2026-05-18 21:11:21.222607,2026-05-18 21:11:21.458924,0 days 00:00:00.236317,28.264055863474038,47.790734602098894,31.398162793343193,-83.27389973456478,59.501137536404045,4.19404807530006,61.23277581109343,1.5388028320174172,21.814893645145215,52.11668523507727,25.18347003182514,56.84147798595042,-23.08638121377271,29.460429990789354,2.083184450731708,27.92363794414667,-2.1720575956676313,46.102382546391524,Unfeasible shape,GPSampler,PRUNED
673,673,,2026-05-18 21:11:21.612023,2026-05-18 21:11:23.313292,0 days 00:00:01.701269,28.290186980761934,47.85954651825708,31.2762204551361,-83.34935191168077,59.48500958612915,4.2516140486499285,61.15493463850626,1.5839315085509185,21.819984649675057,52.30366409103535,25.273621208365103,56.87834648931823,-23.18373243744916,29.61062810033058,2.0401717565361954,27.891936275870318,-2.0421197153696298,46.02229474745861,Unfeasible shape,GPSampler,PRUNED
674,674,,2026-05-18 21:11:23.462478,2026-05-18 21:11:25.440484,0 days 00:00:01.978006,28.199156588087273,47.78065512596287,31.302291663157025,-83.34781802899191,59.55289297582086,4.207304997912548,61.17948477993929,1.5539533912678394,21.83629482727641,52.27635492646217,25.21522856463128,56.83886665607421,-23.10575068920926,29.55846342991612,2.062190793994792,27.779618102819743,-2.1296524546086815,46.0296076440745,Unfeasible shape,GPSampler,PRUNED
675,675,,2026-05-18 21:11:25.598385,2026-05-18 21:11:25.862021,0 days 00:00:00.263636,28.179242914620993,47.858597858833775,31.313378576732905,-83.345241170236,59.45997380955844,4.246508227363234,61.170217093021066,1.494444405946183,21.631492044196754,52.26203974315561,25.223047692063094,56.89875928279214,-23.209096028551535,29.536345779464316,2.0019304315221036,27.870351285824864,-2.128134082849492,46.083114079056706,Unfeasible shape,GPSampler,PRUNED
676,676,,2026-05-18 21:11:26.016406,2026-05-18 21:11:27.997884,0 days 00:00:01.981478,28.26228519326656,47.84867320349723,31.269350430815848,-83.44958430055394,59.48736521353748,4.29319133613255,61.29659081173527,1.5649755698603087,21.813540798782228,52.17676809366105,25.226493672731213,56.87849535909297,-23.123373999703247,29.628733857119983,2.005911087108562,27.924705660245376,-2.134422790041185,46.10950339270572,Unfeasible shape,GPSampler,PRUNED
677,677,,2026-05-18 21:11:28.130060,2026-05-18 21:11:29.659901,0 days 00:00:01.529841,28.422349157552876,47.92729823588562,31.312592558609897,-83.21412928140859,59.46006277241275,4.2405604081405635,61.14666898299283,1.6015308262322847,21.83228887650119,52.21113860648993,25.246581049004153,56.90819736808541,-23.288160541724814,29.582568101876237,2.0306197115856426,27.89638834057938,-2.1443279879601107,46.01027708545486,Unfeasible shape,GPSampler,PRUNED
678,678,,2026-05-18 21:11:29.818688,2026-05-18 21:11:30.391693,0 days 00:00:00.573005,28.266018665254702,47.846278236266,31.282331432973464,-83.28696428240409,59.50738014179774,4.215785914537824,61.24553711670724,1.5117539627399736,21.7778045279201,52.229887541876,25.160937595113744,56.884635308057334,-23.102167949774206,29.54437796737827,2.0997961856311838,27.87911310699253,-2.1220035304435214,46.06877779914777,Unfeasible shape,GPSampler,PRUNED
679,679,,2026-05-18 21:11:30.547286,2026-05-18 21:11:32.390126,0 days 00:00:01.842840,28.135782831309967,47.67233839062519,31.189982845704087,-83.51006883635793,59.56295805127938,4.212783533584284,61.29512798863697,1.621776268384835,21.77490653453549,52.32204278343997,25.322698276008285,56.80311777272523,-23.07589717832827,29.55657650515354,1.9893451247387497,27.923937473178746,-2.016251071402621,46.057056682260374,Unfeasible shape,GPSampler,PRUNED
680,680,,2026-05-18 21:11:32.564147,2026-05-18 21:11:32.859071,0 days 00:00:00.294924,28.24445193062652,47.7932203264767,31.274576439210968,-83.3143664053817,59.46894916697351,4.213419071902358,61.253572833145505,1.5682668234710135,21.81712191625947,52.20704880720354,25.206098969130345,56.850060108926314,-23.100286609652407,29.62202326870972,1.984257117897331,27.906722153781097,-2.1116124902467774,46.08902482737655,Unfeasible shape,GPSampler,PRUNED
681,681,,2026-05-18 21:11:33.004999,2026-05-18 21:11:35.026913,0 days 00:00:02.021914,28.267863847796725,47.84452398811817,31.279014590615635,-83.2599612528964,59.580332487317754,4.170722969976893,61.24302729215106,1.5063260050658656,21.816693552840785,52.24653864338106,25.134837346646925,56.847509984785326,-23.11483906082976,29.51879103065429,2.0666352338397274,27.802160163093728,-2.181684202837367,46.039980555979525,Unfeasible shape,GPSampler,PRUNED
682,682,,2026-05-18 21:11:35.173873,2026-05-18 21:11:37.125839,0 days 00:00:01.951966,28.255506537754073,47.85758810768093,31.281526443515,-83.29574235110731,59.50849870515922,4.190976161652269,61.236280173733725,1.546282938982749,21.853496626702945,52.30241902431952,25.18958498910842,56.849599129692784,-23.16699264021851,29.60439757432388,2.081526435561361,27.87660572896072,-2.116602372803783,46.01173636946089,Unfeasible shape,GPSampler,PRUNED
683,683,,2026-05-18 21:11:37.266772,2026-05-18 21:11:38.987157,0 days 00:00:01.720385,28.20739255954942,47.74831353466216,31.25356160312716,-83.22398185704736,59.57167461822298,4.1605220640417,61.19508588823627,1.5841741247439742,21.837796652017456,52.1949201165026,25.121692608393825,56.757097924825146,-22.937312316156316,29.484146087537503,1.989838887294497,27.747736772922842,-2.061584526670231,46.04452328461436,Unfeasible shape,GPSampler,PRUNED
684,684,,2026-05-18 21:11:39.130268,2026-05-18 21:11:40.915361,0 days 00:00:01.785093,28.322999698063224,47.85700039726225,31.22114890188992,-83.22392345418254,59.61736837947822,4.246158784169877,61.336174685947114,1.481961504840342,21.820965574739738,52.40255956120465,25.206689527627532,56.87413234052369,-23.257521990884214,29.45068845691621,2.0258664527574908,27.89093648840788,-2.1792451851588837,45.93372762519992,Unfeasible shape,GPSampler,PRUNED
685,685,,2026-05-18 21:11:41.063815,2026-05-18 21:11:42.906525,0 days 00:00:01.842710,28.25795303510903,47.9188178920892,31.263618630320934,-83.31384677896038,59.57189377177116,4.2293428319413024,61.184012382576995,1.586618568921729,21.689693342290607,52.242383892914475,25.166510697507633,56.843178711356046,-23.1631400832702,29.51088290275301,2.062135138257993,27.813773651059325,-2.2049016844793456,46.04044544004157,Unfeasible shape,GPSampler,PRUNED
686,686,,2026-05-18 21:11:43.050773,2026-05-18 21:11:45.037873,0 days 00:00:01.987100,28.246576996844507,47.91334837632398,31.23785071025679,-83.3536395301488,59.601759212539065,4.1813570832753975,61.22477158503193,1.4961784200131518,21.805847032607037,52.2178806495199,25.10140860466605,56.84979437996625,-23.070915522666226,29.494665348749137,2.075246190286735,27.817872836973194,-2.2243372049406958,46.026660471311544,Unfeasible shape,GPSampler,PRUNED
687,687,,2026-05-18 21:11:45.189468,2026-05-18 21:11:45.758065,0 days 00:00:00.568597,28.287333783685092,47.902207754128106,31.34829386668699,-83.19032818813682,59.58429368180022,4.214643528797245,61.11821253563499,1.6648171445262392,21.61230998505485,52.172136147258456,25.265296403273982,56.909363220428176,-23.177338625748916,29.49520280444739,2.0610546724274474,27.774570951514963,-2.189204103175598,46.091365374772444,Unfeasible shape,GPSampler,PRUNED
688,688,,2026-05-18 21:11:45.900405,2026-05-18 21:11:46.706853,0 days 00:00:00.806448,28.266431063769495,47.7528354750742,31.224426179892284,-83.3664010750229,59.5336838658044,4.21772659960946,61.14415655166308,1.5871730602264194,21.74739790059626,52.19636010687377,25.16298677504765,56.84792619566345,-23.073803669561002,29.679774481909757,1.9885392575426866,27.97330636393437,-2.0879309332687868,46.07173445544884,Unfeasible shape,GPSampler,PRUNED
689,689,,2026-05-18 21:11:46.856194,2026-05-18 21:11:47.684099,0 days 00:00:00.827905,28.385358345627367,47.87356745030415,31.23179328868936,-83.19218552929559,59.58624524364919,4.163053858751123,61.33129603482399,1.509180654066057,21.75859359836076,52.349594323687796,25.193946126217014,56.84789957040054,-23.167414551097664,29.618562932056737,2.0962745611418327,27.98778741125145,-2.1563478824260187,45.97590826680474,Unfeasible shape,GPSampler,PRUNED
690,690,,2026-05-18 21:11:47.859865,2026-05-18 21:11:48.519851,0 days 00:00:00.659986,28.274532823715465,47.790100427677096,31.266587314028833,-83.40102129504172,59.50123320692857,4.173604521208404,61.115853434312264,1.5802028922213012,21.75306385651862,52.2702088374614,25.236508660442205,56.82292919297085,-23.170018274770136,29.58652814444061,2.134678789340292,27.749684537580496,-2.132705513277429,45.984187338218014,Unfeasible shape,GPSampler,PRUNED
691,691,,2026-05-18 21:11:48.661936,2026-05-18 21:11:51.307493,0 days 00:00:02.645557,28.299471350012652,47.882914178796135,31.31534923719206,-83.44399600811629,59.50491741446456,4.191072374245292,61.11008341649044,1.5532912190526815,21.796755238831793,52.20686842110727,25.169943607619533,56.86993785842144,-23.138582408313496,29.59493294882963,2.1504906062641505,27.78526244572854,-2.1736549472337003,46.05153316741002,Unfeasible shape,GPSampler,PRUNED
692,692,,2026-05-18 21:11:51.459291,2026-05-18 21:11:51.830961,0 days 00:00:00.371670,28.246445030759947,47.86880445807029,31.310913939659002,-83.31267750646252,59.59291006274986,4.171499701631493,61.2223001053569,1.4957350870751256,21.840695609698145,52.21358980670498,25.078581182493405,56.82208999385534,-23.10633224217679,29.508084447485963,2.1139511282859162,27.739701677834894,-2.2212752089180725,46.045698878249766,Unfeasible shape,GPSampler,PRUNED
693,693,,2026-05-18 21:11:51.978547,2026-05-18 21:11:52.828932,0 days 00:00:00.850385,28.336178811129706,47.845139296041594,31.257452998765295,-83.3806346092849,59.4390268954263,4.257357762053358,61.234439787559886,1.6584349639384044,21.60119525042977,52.227839509854945,25.336908221727064,56.96195353276485,-23.203293026941232,29.652725750367722,2.1218589686436458,28.087389968254854,-2.001301423196516,46.1267103293799,Unfeasible shape,GPSampler,PRUNED
694,694,,2026-05-18 21:11:52.991674,2026-05-18 21:11:55.154901,0 days 00:00:02.163227,28.25520897396137,47.838283889591054,31.21611077837644,-83.35684659315105,59.54610478904311,4.180352155675006,61.244112514944305,1.5018262932417983,21.767047019751526,52.245847584084245,25.152791305599887,56.86275620338238,-23.159870736767907,29.543460182025164,2.0770237525624484,27.8764875341923,-2.1436832636517025,46.09677388276374,Unfeasible shape,GPSampler,PRUNED
695,695,,2026-05-18 21:11:55.307619,2026-05-18 21:11:57.305989,0 days 00:00:01.998370,28.093714289061406,47.67561138540938,31.26129851502848,-83.38793209459149,59.60007117637315,4.1867712349793536,61.270343916070566,1.542317111808977,21.80394929613229,52.27378881154982,25.18028989521443,56.75144205785094,-22.995854638076835,29.538597402332705,2.0420916894449617,27.77528007566,-2.094930356917601,46.07622497029995,Unfeasible shape,GPSampler,PRUNED
696,696,,2026-05-18 21:11:57.447247,2026-05-18 21:11:59.076442,0 days 00:00:01.629195,28.262617323770588,47.78607937120457,31.251268389296847,-83.3932165548448,59.5781576377386,4.229901967100047,61.283090653109944,1.5206014194951862,21.821291300393046,52.220119705200624,25.174668201066105,56.85307597819069,-23.096472297417996,29.525702589165366,1.9957729991533335,27.84405934285663,-2.1512034168836465,46.048522436280344,Unfeasible shape,GPSampler,PRUNED
697,697,,2026-05-18 21:11:59.212125,2026-05-18 21:11:59.818968,0 days 00:00:00.606843,28.275171132504454,47.86514759401702,31.271848010886128,-83.30847941818793,59.56423194085898,4.191839321237836,61.234371685161555,1.5101050278936512,21.816718186042646,52.238907014668236,25.144184789462944,56.8463540700771,-23.151752069011884,29.527761495559165,2.090251619675712,27.809058951565405,-2.1868163581488673,46.03325138643853,Unfeasible shape,GPSampler,PRUNED
698,698,,2026-05-18 21:11:59.959565,2026-05-18 21:12:01.888815,0 days 00:00:01.929250,28.28734433097554,47.754012616888495,31.255085785801757,-83.33856768602875,59.582977845398474,4.205072595352956,61.30624243892328,1.5935266984373158,21.769847246705254,52.26890400582876,25.141723470951412,56.84149364596725,-23.16099887631428,29.52361154174887,2.0664099536443823,27.828267632718905,-2.1080242625224344,46.07045670227379,Unfeasible shape,GPSampler,PRUNED
699,699,,2026-05-18 21:12:02.041017,2026-05-18 21:12:02.960934,0 days 00:00:00.919917,28.241762443422623,47.80474692513383,31.2467862271211,-83.34754966298237,59.561413892191304,4.22854195338574,61.243683386508934,1.5683119532241676,21.79390429166603,52.266427935094704,25.220403202550063,56.86056898921621,-23.136406247732985,29.57788475045608,2.0147681591058495,27.893904561824105,-2.1200840368580742,46.070963354055216,Unfeasible shape,GPSampler,PRUNED
700,700,,2026-05-18 21:12:03.130020,2026-05-18 21:12:05.003419,0 days 00:00:01.873399,28.21904927239226,47.82475339766976,31.343002946747095,-83.38011584397593,59.50438037107215,4.234210278825575,61.22467278507018,1.5430346894915559,21.886914834909472,52.144104805114765,25.157989098750708,56.81005202020754,-23.066793614662863,29.616211199771843,2.05880465055267,27.804779973090145,-2.1640091603636904,46.11206605658441,Unfeasible shape,GPSampler,PRUNED
701,701,,2026-05-18 21:12:05.155857,2026-05-18 21:12:07.025975,0 days 00:00:01.870118,28.306531979768902,47.90809996126028,31.256300377858164,-83.33605583439594,59.585565696942346,4.215639977733798,61.25009408636957,1.5228058269029106,21.795570094944917,52.22481356093087,25.177947527469875,56.84279840874206,-23.12151124571553,29.54444980941129,2.0739852550052786,27.810778808256796,-2.1488496421035777,46.06992040795375,Unfeasible shape,GPSampler,PRUNED
702,702,,2026-05-18 21:12:07.168294,2026-05-18 21:12:07.458035,0 days 00:00:00.289741,28.34658954823987,47.91161086763125,31.28816659392606,-83.27009702707184,59.53256737008382,4.2540225898448325,61.175620228528594,1.4947035380745533,21.858209740710535,52.153678846900426,25.17192623843875,56.8434658193646,-23.20976347778253,29.55499489101289,2.105793700915587,27.833078470756746,-2.1927626264750373,45.99446755344242,Unfeasible shape,GPSampler,PRUNED
703,703,,2026-05-18 21:12:07.600130,2026-05-18 21:12:07.871170,0 days 00:00:00.271040,28.206688811783422,47.807787886924196,31.27651446012085,-83.40466868812348,59.58224600904901,4.226808390305296,61.28677709145975,1.5139698727994002,21.797621184800228,52.2553868145534,25.19756673270498,56.8189698146177,-23.071161972848543,29.568323144880004,2.0126394167476174,27.842013710270553,-2.132620624316239,46.06538973249734,Unfeasible shape,GPSampler,PRUNED
