,number,value,datetime_start,datetime_complete,duration,params_highPt.lL1,params_highPt.lL2,params_highPt.lL3,params_highPt.rA2,params_highPt.rL1,params_highPt.rL2,params_highPt.rL3,params_highPt.x2,params_highPt.y2,params_lowPt.lL1,params_lowPt.lL2,params_lowPt.lL3,params_lowPt.rA2,params_lowPt.rL1,params_lowPt.rL2,params_lowPt.rL3,params_lowPt.x2,params_lowPt.y2,user_attrs_prune,system_attrs_auto:sampler,state
610,610,,2026-05-18 21:09:54.718885,2026-05-18 21:09:55.019917,0 days 00:00:00.301032,28.250578135028842,47.80718143604267,31.2904895837389,-83.35423642469132,59.52778433348396,4.202444248996623,61.200031708505726,1.584034398189111,21.78890683223143,52.19496267624976,25.202441857229413,56.827293059002116,-23.173205195632292,29.567049411819056,2.0932709011554955,27.848885621147613,-2.1424856665707352,46.034378922310765,Unfeasible shape,GPSampler,PRUNED
611,611,,2026-05-18 21:09:55.174408,2026-05-18 21:09:57.282941,0 days 00:00:02.108533,28.33442503576721,47.86618816091231,31.38541870056249,-83.3091905912225,59.55904593737141,4.1733313071008515,61.231600001422436,1.5717709494341463,21.775484013666173,52.151799693673404,25.239713001003047,56.81108055587178,-23.01870239499688,29.554089888401066,2.0237802082593457,27.92477221115487,-2.1489544939497165,46.1264586006666,Unfeasible shape,GPSampler,PRUNED
612,612,,2026-05-18 21:09:57.441206,2026-05-18 21:09:58.164118,0 days 00:00:00.722912,28.216375501383332,47.82527260865311,31.291723091033838,-83.33089209087565,59.58226415373763,4.140281560382052,61.18077546419783,1.4981160396895348,21.831407815899222,52.18190494145145,25.097984941239424,56.79669395137506,-23.077305703409657,29.507862773098786,2.143061852950249,27.70268994682605,-2.208771925148511,46.054574423995376,Unfeasible shape,GPSampler,PRUNED
613,613,,2026-05-18 21:09:58.305786,2026-05-18 21:09:58.766237,0 days 00:00:00.460451,28.218618943799815,47.79223348321629,31.266078021690163,-83.34878990801076,59.52318426604704,4.221230671004218,61.25407822212085,1.5466617261229274,21.788994102022436,52.24916144902439,25.215747806568015,56.8181325717485,-23.120836800729464,29.581086950925947,2.0137277836615075,27.848563453308074,-2.1037500884757065,46.036049396006824,Unfeasible shape,GPSampler,PRUNED
614,614,,2026-05-18 21:09:58.926100,2026-05-18 21:10:00.704371,0 days 00:00:01.778271,28.41106757343242,47.841561666034906,31.230309527756518,-83.29271281676132,59.47016827396574,4.252402236654046,61.23075098889273,1.5407078568367112,21.77428586533931,52.22313374270777,25.235110967721244,56.839177997552,-23.19581544674574,29.59479073418151,2.0223319360989773,27.985436097373555,-2.1190583242566277,46.08497857514475,Unfeasible shape,GPSampler,PRUNED
615,615,,2026-05-18 21:10:00.860793,2026-05-18 21:10:02.736685,0 days 00:00:01.875892,28.29878109950851,47.85312374199235,31.276827536073153,-83.30618566472545,59.52047232062772,4.233306564626977,61.22195412172409,1.5531061844991711,21.810477643010927,52.234166454902386,25.202312626662128,56.86156186726289,-23.174376571688057,29.575616890067494,2.0476826115795697,27.892801211805274,-2.1458705983007746,46.0397210064158,Unfeasible shape,GPSampler,PRUNED
616,616,,2026-05-18 21:10:02.877953,2026-05-18 21:10:03.415774,0 days 00:00:00.537821,28.22078137589526,47.77552584096999,31.262387259074316,-83.34372808315949,59.56765131598324,4.192444025650257,61.2632835975994,1.5275268396037376,21.831685205303657,52.264945833627884,25.185569327280575,56.81205632448495,-23.0936291765856,29.546334506606716,2.06585179330631,27.826846950690694,-2.1364998463093414,46.050821701703846,Unfeasible shape,GPSampler,PRUNED
617,617,,2026-05-18 21:10:03.569077,2026-05-18 21:10:05.440550,0 days 00:00:01.871473,28.291353919081317,47.83511714518342,31.254016146002627,-83.30842886961572,59.568516276026735,4.183262639582125,61.2140183791093,1.5359372859464457,21.794857566521703,52.273142523899864,25.191501195635354,56.86717158095648,-23.15158608125097,29.52430970431561,2.072399370027746,27.842421549720683,-2.1511157787984274,46.02588395064022,Unfeasible shape,GPSampler,PRUNED
618,618,,2026-05-18 21:10:05.580079,2026-05-18 21:10:07.239321,0 days 00:00:01.659242,28.286672898512297,47.84381937876526,31.26465712053944,-83.32688262641794,59.53967931173641,4.225377041710746,61.271150675239205,1.5461322860760092,21.815016182482744,52.25093731521715,25.230345758356837,56.878864872219765,-23.17366599300891,29.556146138927247,2.0119045267074664,27.91143317280202,-2.1218557441831223,46.02766347066898,Unfeasible shape,GPSampler,PRUNED
619,619,,2026-05-18 21:10:07.390324,2026-05-18 21:10:07.796257,0 days 00:00:00.405933,28.28211464080677,47.82476644137284,31.291091119046484,-83.36181815669521,59.432010674952444,4.292314666724506,61.259680203322425,1.542592351227448,21.81434560098332,52.260902938177914,25.3169474580651,56.84337222174983,-23.18584214665684,29.606947749394664,1.983637726742817,28.059149284421196,-2.0122202139419088,46.070446186248766,Unfeasible shape,GPSampler,PRUNED
620,620,,2026-05-18 21:10:07.947609,2026-05-18 21:10:09.845801,0 days 00:00:01.898192,28.253180748860256,47.78578292458514,31.327264855884792,-83.2482247689061,59.4947186116848,4.204387126362626,61.15910530390939,1.6000563526301477,21.836196171867382,52.1827195749666,25.232241303464217,56.81806958483681,-23.13526772821814,29.61671711437499,2.0599684505090514,27.818972664217572,-2.1217988003878645,46.05989516235698,Unfeasible shape,GPSampler,PRUNED
621,621,,2026-05-18 21:10:09.994447,2026-05-18 21:10:11.970533,0 days 00:00:01.976086,28.23151803126992,47.767222502092054,31.2601355158842,-83.4024401040682,59.54655243325587,4.202187798526196,61.24269255412782,1.5093536742572908,21.850499529849223,52.23505928535161,25.213624413344814,56.79668301640245,-23.170184699316806,29.574229832535387,2.0712147532695164,27.821764630154806,-2.136170072772316,46.040456947958354,Unfeasible shape,GPSampler,PRUNED
622,622,,2026-05-18 21:10:12.118186,2026-05-18 21:10:12.642822,0 days 00:00:00.524636,28.189427478107724,47.830106089184596,31.293409864047945,-83.38606309478914,59.550568705496474,4.247061715730428,61.19137413674054,1.5587772670340172,21.748328710381127,52.27638117625337,25.19348032175886,56.86983022507078,-23.091660114068716,29.55474875172198,2.0132460326165287,27.858645342824374,-2.097812980014652,46.09272994259497,Unfeasible shape,GPSampler,PRUNED
623,623,,2026-05-18 21:10:12.810232,2026-05-18 21:10:14.895257,0 days 00:00:02.085025,28.314690593535165,47.90420090736739,31.333861000061223,-83.27966648314546,59.58491646509822,4.1701750643618,61.169412714978,1.5367413524313775,21.755251467637642,52.24905490523501,25.182507906504593,56.88031432257116,-23.197391345522846,29.51757325386237,2.0967386343875534,27.830761328110807,-2.2624963328434475,46.027333276606235,Unfeasible shape,GPSampler,PRUNED
624,624,,2026-05-18 21:10:15.048857,2026-05-18 21:10:16.867598,0 days 00:00:01.818741,28.12173097294948,47.614466271479884,31.32322086113861,-83.2928178121367,59.67345874996889,4.225930130531186,61.254889389672364,1.499926937844208,21.983068842456344,52.39203482161724,25.153654535667773,56.714082616732625,-23.043586704115,29.491176318986792,1.9767249110789584,27.750306156183797,-2.164304553362612,46.00149341805472,Unfeasible shape,GPSampler,PRUNED
625,625,,2026-05-18 21:10:17.012901,2026-05-18 21:10:17.446593,0 days 00:00:00.433692,28.295959600762924,47.87183539566403,31.32614858183118,-83.27945473725039,59.54975140461581,4.201068096452913,61.15109446513673,1.5231338813790956,21.78334973952998,52.15975319774453,25.21996638257186,56.877254712535894,-23.118812262222697,29.583738337353886,2.092037421717508,27.82041889224671,-2.196400965026754,46.012704814781536,Unfeasible shape,GPSampler,PRUNED
626,626,,2026-05-18 21:10:17.596070,2026-05-18 21:10:19.776898,0 days 00:00:02.180828,28.18375846676691,47.73221368915569,31.224861393067904,-83.32397928144023,59.58502610066911,4.2170798384830395,61.31706168278569,1.507993430333201,21.833810299769688,52.3429802930428,25.210287462535344,56.82883694676612,-23.094692796149346,29.515968525557337,2.061773323044247,27.864422775021314,-2.101880812612208,46.031640650698556,Unfeasible shape,GPSampler,PRUNED
627,627,,2026-05-18 21:10:19.938564,2026-05-18 21:10:20.303389,0 days 00:00:00.364825,28.363766854117017,47.884714855414394,31.271608483844457,-83.29097369057783,59.54788688368561,4.165586755062769,61.23503725335993,1.5440950816204335,21.79415977660018,52.21349637255801,25.14870822938376,56.89604913499224,-23.186767616809462,29.532912026362503,2.0678037896302572,27.864874411957256,-2.203116875662289,46.030214537281246,Unfeasible shape,GPSampler,PRUNED
628,628,,2026-05-18 21:10:20.447451,2026-05-18 21:10:21.409986,0 days 00:00:00.962535,28.244077531573033,47.78635144531594,31.224064539562935,-83.30284949887056,59.569733753407846,4.2513088329164965,61.33836386009024,1.4624204382619013,21.87091157315921,52.2431252309759,25.183747195236727,56.84672840336104,-23.08469573221003,29.481380577391878,2.068736264515474,27.89468664084444,-2.162326382930658,46.04337004205941,Unfeasible shape,GPSampler,PRUNED
629,629,,2026-05-18 21:10:21.600846,2026-05-18 21:10:22.035996,0 days 00:00:00.435150,28.40918969900715,47.89880739666964,31.37437621912256,-83.22285598720725,59.54432642704873,4.251661118456701,61.30456080008563,1.5141044496139884,21.892937519148965,52.305727860181456,25.170959767261976,56.92880513089069,-23.160160225066726,29.55949332939459,2.0852838071430284,27.836185496945713,-2.1659871143810108,46.00654673122668,Unfeasible shape,GPSampler,PRUNED
630,630,,2026-05-18 21:10:22.195579,2026-05-18 21:10:24.107565,0 days 00:00:01.911986,28.113104913191307,47.728656609245235,31.259804847254784,-83.35075806199187,59.5184225018267,4.15276236782038,61.244262850575694,1.5369373141058489,21.759473298833836,52.23490493726644,25.24823434729115,56.82692327248216,-23.0722006789362,29.57709980189513,1.9751095811195243,27.78676640136891,-2.1157481738305393,46.07151295495244,Unfeasible shape,GPSampler,PRUNED
631,631,,2026-05-18 21:10:24.256930,2026-05-18 21:10:26.002095,0 days 00:00:01.745165,28.11531140909464,47.60645011345799,31.31533176738049,-83.43936868069324,59.56899013488942,4.1985707243566,61.25994227046881,1.556182626080286,21.912119880432595,52.26767762995759,25.215897897300195,56.73073686488681,-23.032024838847313,29.54434299119766,2.010829667471577,27.73327240653582,-2.0599261896611196,46.03592809721775,Unfeasible shape,GPSampler,PRUNED
632,632,,2026-05-18 21:10:26.133583,2026-05-18 21:10:27.907314,0 days 00:00:01.773731,28.222520638322838,47.801890481639,31.227461923357502,-83.34419721073189,59.53302122115446,4.201628552835414,61.2818861393997,1.5425166799645922,21.751878215127476,52.24736158937594,25.20018533861247,56.84233084763341,-23.091080248675553,29.564190718400763,2.0456431399746355,27.873698151483943,-2.0933726025661983,46.079221886010586,Unfeasible shape,GPSampler,PRUNED
633,633,,2026-05-18 21:10:28.042596,2026-05-18 21:10:29.819695,0 days 00:00:01.777099,28.218608343692278,47.70984049070136,31.265322877167222,-83.37860475377592,59.53024487006145,4.229570630735285,61.26460763228336,1.5710144115635387,21.76065804248071,52.27014056908484,25.294644097148925,56.79235541801309,-23.10769399088298,29.629989147555126,1.9829822198005598,27.885882556650333,-2.0238903124134424,46.079248352367365,Unfeasible shape,GPSampler,PRUNED
634,634,,2026-05-18 21:10:29.977664,2026-05-18 21:10:30.403469,0 days 00:00:00.425805,28.19830389950962,47.92171012160926,31.301132979202837,-83.53381449873247,59.480472970223694,4.230030632096085,61.25646601678892,1.5500784372232843,21.777938292592406,52.22819809138011,25.15457598863656,56.84694335097447,-23.072913914571707,29.615824857606903,2.0168266133168666,27.923046611193772,-2.1410142616782366,46.05724164820833,Unfeasible shape,GPSampler,PRUNED
635,635,,2026-05-18 21:10:30.552841,2026-05-18 21:10:32.225231,0 days 00:00:01.672390,28.151695803671423,47.58292074540236,31.243605941071852,-83.44787521392604,59.597074605942844,4.184287712594483,61.287457191153536,1.5192442475734325,21.851136810451575,52.32358064495528,25.166085381315035,56.80827984085723,-23.071177015760362,29.503853945182712,1.9709554411307697,27.784505079271632,-2.1268484951050723,46.01589305017963,Unfeasible shape,GPSampler,PRUNED
636,636,,2026-05-18 21:10:32.377610,2026-05-18 21:10:33.417235,0 days 00:00:01.039625,28.158441635880475,47.77193730625744,31.309444520808828,-83.43510717857262,59.53098553889105,4.224753085164991,61.1634970908059,1.4326028963988122,21.871757177030293,52.186415418454295,25.075124636363103,56.83394868312426,-22.9590287152066,29.503364507845895,2.0597775375797855,27.777575851894767,-2.302881779390063,46.046675978787334,Unfeasible shape,GPSampler,PRUNED
637,637,,2026-05-18 21:10:33.564263,2026-05-18 21:10:33.984511,0 days 00:00:00.420248,28.29286175585578,48.002673280082206,31.326799550826685,-83.4789868301771,59.427788449792466,4.2289447018791115,61.242696567440596,1.5039019409358616,21.783089780217598,52.12631972128067,25.064131145346618,56.9790602961333,-23.045936123093583,29.65162256712504,2.088546098983271,27.761893403980014,-2.342023176957653,46.08539382253269,Unfeasible shape,GPSampler,PRUNED
638,638,,2026-05-18 21:10:34.138086,2026-05-18 21:10:34.383933,0 days 00:00:00.245847,28.20968126960745,47.80426862460186,31.293442047627224,-83.27299713674915,59.566662491590094,4.189740918730971,61.24140173584672,1.5189447115520451,21.8426792576545,52.21319334107702,25.128945321611493,56.808199161516576,-23.089882857309107,29.544023694177767,2.1133189825159935,27.77740334159848,-2.1716829242382545,46.06227966079259,Unfeasible shape,GPSampler,PRUNED
639,639,,2026-05-18 21:10:34.545850,2026-05-18 21:10:38.139531,0 days 00:00:03.593681,28.229733500977307,47.77601518133403,31.360605193799383,-83.32213684484566,59.4976583313002,4.167026916550128,61.13076286393478,1.5905850252253728,21.92133087281072,52.180002271602554,25.139637103351443,56.79365904741585,-23.10902312436461,29.607368549652517,2.187179290099067,27.701071124794986,-2.233175234206101,46.08658485546823,Unfeasible shape,GPSampler,PRUNED
640,640,,2026-05-18 21:10:38.291761,2026-05-18 21:10:38.556394,0 days 00:00:00.264633,28.29660204031662,47.83766058084347,31.29320514313967,-83.27402687056387,59.564831400497596,4.154928339059432,61.17948747010534,1.551670712226624,21.78986949305966,52.24583897568694,25.16341113808259,56.85097945882209,-23.18095683274094,29.54414775189704,2.080374130731463,27.83720843629517,-2.1944323330553814,46.07307654156262,Unfeasible shape,GPSampler,PRUNED
641,641,,2026-05-18 21:10:38.690304,2026-05-18 21:10:40.674955,0 days 00:00:01.984651,28.170879429420307,47.67461664500313,31.283303382735294,-83.37598824874651,59.598706553374754,4.174061092330836,61.268153733991745,1.5128368734291229,21.81116235800363,52.29857356824722,25.237846863871926,56.82297323122969,-23.07993361202346,29.544119750971486,2.0432644309920134,27.769106804333493,-2.1050564933367326,46.03861888897021,Unfeasible shape,GPSampler,PRUNED
642,642,,2026-05-18 21:10:40.823289,2026-05-18 21:10:42.752801,0 days 00:00:01.929512,28.14308996247766,47.721802937217504,31.346435333173883,-83.45555331572194,59.53997471863941,4.154121731333401,61.25450576172291,1.5452872085690714,21.97878869854629,52.27202642771577,25.22507093042182,56.8260908208835,-23.06547078359739,29.6114757410059,2.0340349934796236,27.750303482353864,-2.12389950610563,46.07222536818941,Unfeasible shape,GPSampler,PRUNED
643,643,,2026-05-18 21:10:42.922052,2026-05-18 21:10:43.291513,0 days 00:00:00.369461,28.358543127330087,47.83326258456606,31.17993293062257,-83.33293041468185,59.683061745705515,4.214557843608846,61.25057492777989,1.3946774713263324,22.019603518214453,52.49395465371941,25.154520240062656,56.82740788216837,-23.234446920748738,29.464499262191694,2.0759529659788045,27.70360394926807,-2.1885769421453247,45.876774572606976,Unfeasible shape,GPSampler,PRUNED
644,644,,2026-05-18 21:10:43.443859,2026-05-18 21:10:45.561672,0 days 00:00:02.117813,28.220462660998546,47.78252057920692,31.219691461115417,-83.38080096239192,59.55485070982602,4.192333642632252,61.25020114355977,1.5882928476071214,21.781036687776215,52.28786700557039,25.194381769503718,56.82175578386993,-23.116646544223755,29.55034676328367,2.0422534792115155,27.823657311151386,-2.0889102577817766,46.054974131209,Unfeasible shape,GPSampler,PRUNED
645,645,,2026-05-18 21:10:45.712964,2026-05-18 21:10:46.300697,0 days 00:00:00.587733,28.30202588862006,47.89128374934059,31.238451927992564,-83.33082478298623,59.526401068826175,4.24162325952342,61.271114816693085,1.48641384927447,21.8106950867086,52.205441655876676,25.137082388847386,56.848187428598045,-23.15296847836538,29.551084651685557,2.0676633311631045,27.871367371484684,-2.1619030117353972,46.06412655525947,Unfeasible shape,GPSampler,PRUNED
646,646,,2026-05-18 21:10:46.452966,2026-05-18 21:10:48.667887,0 days 00:00:02.214921,28.20165876800113,47.722687395663975,31.345625177597057,-83.32613748669601,59.64175848343529,4.1845300931422935,61.25287623521834,1.5353905642595649,21.900664449551932,52.26244902139732,25.174864299530764,56.74269680779792,-23.1301396705532,29.504345373106997,2.1259407318166477,27.71383021460206,-2.1638842257757744,46.02587177870636,Unfeasible shape,GPSampler,PRUNED
647,647,,2026-05-18 21:10:48.826573,2026-05-18 21:10:50.532316,0 days 00:00:01.705743,28.172196276876345,47.780360933867065,31.32725695721539,-83.43768639881988,59.53346955727392,4.217800230067489,61.24825113572946,1.4921684973571487,21.914208875918398,52.19177347744182,25.174864168243403,56.78640664782569,-23.039462541372437,29.59622455628829,2.0647321674075765,27.788745733997786,-2.1671963924588695,46.072361266627134,Unfeasible shape,GPSampler,PRUNED
648,648,,2026-05-18 21:10:50.687902,2026-05-18 21:10:52.331476,0 days 00:00:01.643574,28.334176717282258,47.889471881809655,31.275818102857233,-83.28716461065639,59.47759679361314,4.181946365495967,61.123812731950416,1.5017850421322265,21.863760574399326,52.21231289480538,25.228604966090234,56.86305632741291,-23.169020920362932,29.589000771840716,2.0537582024571233,27.900003815963622,-2.106372091828817,46.066678053206275,Unfeasible shape,GPSampler,PRUNED
649,649,,2026-05-18 21:10:52.497633,2026-05-18 21:10:54.160997,0 days 00:00:01.663364,28.231771313559566,47.824527017135836,31.28047157645783,-83.35114663912294,59.52806012052535,4.183139063461963,61.033019446554405,1.5439969901172574,21.89507345406092,52.22862314732907,25.204389472082422,56.75588838256828,-23.183370714299123,29.56068935176016,1.9881853302050683,27.848036650873624,-2.110482080220798,45.99983581497866,Unfeasible shape,GPSampler,PRUNED
650,650,,2026-05-18 21:10:54.301753,2026-05-18 21:10:55.886255,0 days 00:00:01.584502,28.343362368335274,47.87680762214387,31.270224558090632,-83.23841827670603,59.52150895771578,4.204914812634164,61.205679455101844,1.5740624891650796,21.87178265067882,52.2800776973071,25.237823276185306,56.899142557880545,-23.234056019459565,29.569149125203143,2.039458865151947,27.880584772995874,-2.152889696137983,46.01247318685677,Unfeasible shape,GPSampler,PRUNED
651,651,,2026-05-18 21:10:56.049071,2026-05-18 21:10:56.341667,0 days 00:00:00.292596,28.256162417902285,47.85681597706517,31.23618883237535,-83.36748994877391,59.604918168531135,4.2584279379898025,61.38499674860971,1.5835742266698958,21.866637707407065,52.327550784951256,25.206385546643048,56.89263577586913,-23.162704214509702,29.563595052215952,2.0211319741017,27.815628280981322,-2.116027622333256,45.992266259521095,Unfeasible shape,GPSampler,PRUNED
652,652,,2026-05-18 21:10:56.492686,2026-05-18 21:10:57.192630,0 days 00:00:00.699944,28.231220961674456,47.83047508889363,31.264139992644385,-83.34251156488973,59.549445261292995,4.170440336657048,61.17358471027017,1.5164286813050367,21.80746500707029,52.25638137976543,25.2087250380527,56.79292498552667,-23.161901169143242,29.53107745585169,1.9420657254562856,27.747921206771796,-2.15858932691512,46.0177993078652,Unfeasible shape,GPSampler,PRUNED
653,653,,2026-05-18 21:10:57.344665,2026-05-18 21:10:59.156966,0 days 00:00:01.812301,28.224138580530695,47.787531168880555,31.27187299442067,-83.38496824998478,59.5612773603313,4.225316848411912,61.264186397957246,1.5470602673229124,21.785314664000246,52.264767844025975,25.199496479298407,56.818829069038706,-23.113008997384597,29.565072249885514,2.0324833603397345,27.834032268229947,-2.13541595159419,46.05522734149144,Unfeasible shape,GPSampler,PRUNED
654,654,,2026-05-18 21:10:59.313705,2026-05-18 21:11:00.926878,0 days 00:00:01.613173,28.190560048302572,47.75187970163915,31.316383436785937,-83.35306844888466,59.57066849633263,4.206246823959546,61.229201941621966,1.5196334110102256,21.877858468554273,52.22281452413884,25.14977205755341,56.78315991066497,-23.07740968480956,29.55641884986537,2.037100751179609,27.811869532110656,-2.169294788413673,46.06626779114041,Unfeasible shape,GPSampler,PRUNED
655,655,,2026-05-18 21:11:01.079393,2026-05-18 21:11:01.384235,0 days 00:00:00.304842,28.20460682505195,47.747652410270376,31.247317911292768,-83.36071046699858,59.54313830325208,4.21728716413133,61.274408773778575,1.5465892256175806,21.80427948212847,52.28513076114959,25.231802769577843,56.81529193928394,-23.114052931039936,29.56171685976923,2.004127614150878,27.871725685590523,-2.0969497583582637,46.04316509066752,Unfeasible shape,GPSampler,PRUNED
656,656,,2026-05-18 21:11:01.536544,2026-05-18 21:11:02.038554,0 days 00:00:00.502010,28.335671560812802,47.79079693432104,31.274447084017023,-83.31096347812681,59.474557746423855,4.229660349742099,61.18310686779101,1.428703315027775,21.851674034978767,52.277885325618264,25.218837753252174,56.89744527165047,-23.196244164661117,29.497312333189086,2.0991476073354693,27.961888135552822,-2.1376099975049527,46.04210705966712,Unfeasible shape,GPSampler,PRUNED
