,number,value,datetime_start,datetime_complete,duration,params_highPt.lL1,params_highPt.lL2,params_highPt.lL3,params_highPt.rA2,params_highPt.rL1,params_highPt.rL2,params_highPt.rL3,params_highPt.x2,params_highPt.y2,params_lowPt.lL1,params_lowPt.lL2,params_lowPt.lL3,params_lowPt.rA2,params_lowPt.rL1,params_lowPt.rL2,params_lowPt.rL3,params_lowPt.x2,params_lowPt.y2,user_attrs_prune,system_attrs_auto:sampler,state
469,469,,2026-05-18 21:06:23.033017,2026-05-18 21:06:24.981024,0 days 00:00:01.948007,28.262725414477895,47.83190625621349,31.28623940490061,-83.38359496341327,59.49990572624919,4.213865405590708,61.20862589016224,1.5802938303182046,21.772693720848366,52.240061436183225,25.20754950358035,56.861717023483045,-23.13447059595883,29.590847992800526,2.0661158552797265,27.873748978802805,-2.0670086050226715,46.064925226055415,Unfeasible shape,GPSampler,PRUNED
470,470,,2026-05-18 21:06:25.126237,2026-05-18 21:06:27.631524,0 days 00:00:02.505287,28.280285062209536,47.848971743519556,31.271786744305064,-83.28697743317348,59.57253116748849,4.1979872712768564,61.245196397221996,1.511216144265731,21.812173284621505,52.27845938933716,25.14628683979197,56.860835198152834,-23.14924290818282,29.51579230688081,2.090349536828745,27.826793533363105,-2.1837662340304718,46.02223762094471,Unfeasible shape,GPSampler,PRUNED
471,471,,2026-05-18 21:06:27.761090,2026-05-18 21:06:28.576473,0 days 00:00:00.815383,28.338394418089692,47.927979985249365,31.33414331202973,-83.2493792277868,59.4658537245285,4.240713040533267,61.185673510955944,1.4543445465008276,21.686689276920134,52.16433830043667,25.19356951180845,56.921789893581135,-23.115019753343205,29.69847981934252,2.074102987133123,27.970795611832088,-2.1229779170813714,46.12115136279364,Unfeasible shape,GPSampler,PRUNED
472,472,,2026-05-18 21:06:28.721937,2026-05-18 21:06:30.946883,0 days 00:00:02.224946,28.250383679464065,47.889714891569135,31.30387134819899,-83.25677672768099,59.56569063359436,4.18742574090888,61.19756470233185,1.512798070739933,21.799195561559348,52.17098677855449,25.07991978307525,56.843380694156906,-23.103845314275347,29.543774405292666,2.1169861443079574,27.731767696745887,-2.1992774512364477,46.06282655301817,Unfeasible shape,GPSampler,PRUNED
473,473,,2026-05-18 21:06:31.097389,2026-05-18 21:06:31.719670,0 days 00:00:00.622281,28.244318701301676,47.79569114796178,31.291711209000614,-83.25868804706269,59.53167361877919,4.224036855236966,61.19172329084932,1.6256410423767989,21.806160065886527,52.24880765958702,25.28299107074306,56.82229476473564,-23.173120678530793,29.602756406395088,2.07384345420605,27.840555463744263,-2.1083182331459227,46.007269973307444,Unfeasible shape,GPSampler,PRUNED
474,474,,2026-05-18 21:06:31.867148,2026-05-18 21:06:33.811184,0 days 00:00:01.944036,28.287199216935047,47.842292773095615,31.264731631192763,-83.35057299519752,59.539480916836034,4.204473833183379,61.244386356566714,1.527642670588392,21.80007928538048,52.24879896550166,25.197282586997385,56.849453572286244,-23.179403492989806,29.555793698145067,2.081227031678967,27.870639826742902,-2.1521270366580936,46.019203446501926,Unfeasible shape,GPSampler,PRUNED
475,475,,2026-05-18 21:06:33.956076,2026-05-18 21:06:36.178440,0 days 00:00:02.222364,28.183883109463366,47.79814237747026,31.303748584719248,-83.4311369270503,59.47634740109077,4.167861175275632,61.18557969302398,1.573615647884914,21.776109386313692,52.19572073718898,25.15826546657265,56.798065369020335,-23.138175185631333,29.636585123792322,2.0581894881540626,27.849755516444358,-2.086539707599883,46.048863019900665,Unfeasible shape,GPSampler,PRUNED
476,476,,2026-05-18 21:06:36.317110,2026-05-18 21:06:37.886160,0 days 00:00:01.569050,28.191397215869372,47.712743127680056,31.39448579047398,-83.34281738460709,59.61730329282732,4.1556550884245915,61.07438614231276,1.6369527816014866,21.655952682941077,52.308559617513545,25.18937628796905,56.86027444239793,-23.1712354630357,29.54915374985455,2.0543738501202538,27.769949163231182,-2.1113652275425707,46.0713718007284,Unfeasible shape,GPSampler,PRUNED
477,477,,2026-05-18 21:06:38.035739,2026-05-18 21:06:39.957054,0 days 00:00:01.921315,28.261698128208035,47.74508266951863,31.279096463503258,-83.295122231624,59.525765567008456,4.210608021901509,61.231147515891394,1.4340009971724896,21.91015423431251,52.3925037245962,25.191411613973592,56.80851430187339,-23.131508683142393,29.545486647386117,2.0398422828079505,27.809857442480546,-2.2475499932615293,46.04696897169752,Unfeasible shape,GPSampler,PRUNED
478,478,,2026-05-18 21:06:40.104390,2026-05-18 21:06:40.437356,0 days 00:00:00.332966,28.16354285410036,47.66337120508563,31.25151240741308,-83.30362124725114,59.62843146887435,4.187794493967743,61.27118507253588,1.5493565983128335,21.822576279980986,52.36550265738618,25.22965579945063,56.73752776973519,-23.102129106090004,29.509977158780345,2.1247367287580015,27.780511955187137,-2.0916937184161455,46.00003104697083,Unfeasible shape,GPSampler,PRUNED
479,479,,2026-05-18 21:06:40.587590,2026-05-18 21:06:42.399220,0 days 00:00:01.811630,28.159301828894947,47.776528295094806,31.279577594102747,-83.50107657000713,59.53158078436737,4.183895057048321,61.318208868764984,1.4528218682827045,21.807514180163533,52.24678047648758,25.137722375114695,56.74326887969441,-23.09567647114099,29.57734317061133,2.067380338333778,27.777502114161976,-2.1158251429320245,46.096517124629,Unfeasible shape,GPSampler,PRUNED
480,480,,2026-05-18 21:06:42.549055,2026-05-18 21:06:44.300579,0 days 00:00:01.751524,28.231077284730286,47.789799553018106,31.264116727360577,-83.29983585555622,59.546045482021775,4.234820627540337,61.27823151637309,1.518121954885359,21.871714331833914,52.291329689150814,25.241499133531658,56.80679667297176,-23.144552529547937,29.55695086810325,2.0580771417509096,27.889534935967205,-2.145011104835646,46.02696872261419,Unfeasible shape,GPSampler,PRUNED
481,481,,2026-05-18 21:06:44.447750,2026-05-18 21:06:44.725610,0 days 00:00:00.277860,28.249405830594842,47.83334236458224,31.26870823646734,-83.30628142114273,59.55318804598518,4.20890145185545,61.26333091246051,1.5208674591867464,21.827021348231213,52.23290058138135,25.162997026386833,56.834400848795134,-23.117845947573016,29.54856392462461,2.0583230974400344,27.838346007424956,-2.162719095870955,46.0486615579204,Unfeasible shape,GPSampler,PRUNED
482,482,,2026-05-18 21:06:44.869081,2026-05-18 21:06:46.540881,0 days 00:00:01.671800,28.401818853302945,47.97853723603299,31.343186962337853,-83.223593490378,59.525894070961,4.235470754420836,61.14893895526303,1.5401583109296197,21.774515227415037,52.17694213193618,25.206088751124355,56.90809038278448,-23.21165250272241,29.604064562483206,2.035880177289587,27.89236729051097,-2.2471713726604676,46.02195998760035,Unfeasible shape,GPSampler,PRUNED
483,483,,2026-05-18 21:06:46.689696,2026-05-18 21:06:47.045935,0 days 00:00:00.356239,28.263809171276666,47.837960073265975,31.29081420612217,-83.3170589501722,59.54877164941337,4.208202331554586,61.217362941776685,1.5386848317456412,21.82367836020499,52.21398669047656,25.15568417582087,56.837846547360684,-23.126440559235668,29.548474003403385,2.1078536323650097,27.8070090039006,-2.1707940065614935,46.04589468290211,Unfeasible shape,GPSampler,PRUNED
484,484,,2026-05-18 21:06:47.201504,2026-05-18 21:06:47.486302,0 days 00:00:00.284798,28.224813474424813,47.79916323461325,31.274608029504236,-83.36020613936141,59.559005423154616,4.2039346893177605,61.24821384190544,1.5399547073134343,21.814533887930317,52.233286853575144,25.173828249798227,56.82740775004427,-23.11532666186327,29.552228248982253,2.0666138200425093,27.825376368403163,-2.1456140626461107,46.054272499488135,Unfeasible shape,GPSampler,PRUNED
485,485,,2026-05-18 21:06:47.638923,2026-05-18 21:06:49.173793,0 days 00:00:01.534870,28.266084293568564,47.78745445264054,31.281116986997258,-83.3557813797489,59.54413405200845,4.218144903725179,61.21898613744966,1.5295015107070853,21.764644485022405,52.221044870593865,25.12883350014208,56.81436587530113,-23.13227205401718,29.55237341084809,2.0239604097333754,27.836866349489142,-2.1514327458001006,46.06770965518416,Unfeasible shape,GPSampler,PRUNED
486,486,,2026-05-18 21:06:49.327949,2026-05-18 21:06:49.663714,0 days 00:00:00.335765,28.339512896117398,47.90059992080002,31.254734019776517,-83.35590814469079,59.51842139145451,4.249601295290429,61.29304184566861,1.5280475108117813,21.762644662510745,52.266369770581456,25.19728311039632,56.89573370095753,-23.17699617436496,29.540942071127727,1.9778542587904038,27.82601464368218,-2.1551071546397154,46.03180161128512,Unfeasible shape,GPSampler,PRUNED
487,487,,2026-05-18 21:06:49.821681,2026-05-18 21:06:50.210271,0 days 00:00:00.388590,28.172604745607465,47.74187263021204,31.304273271971045,-83.3549193779119,59.64760532253031,4.178007585305866,61.268183707783464,1.5277862952725485,21.798309025556954,52.246835285559726,25.15451545984923,56.76756267039487,-23.050267473284904,29.51216746672808,2.0787669737545302,27.709024839596744,-2.1361901925495204,46.08343900165967,Unfeasible shape,GPSampler,PRUNED
488,488,,2026-05-18 21:06:50.367528,2026-05-18 21:06:50.971260,0 days 00:00:00.603732,28.220994613922077,47.78904178799731,31.259359990186983,-83.35336063213353,59.564209688453545,4.19615325826728,61.26066951580388,1.5400799330739545,21.803763795434364,52.26443110446554,25.198942501005824,56.81562423559717,-23.119251935517937,29.54574564772985,2.0743590139618693,27.826022704389448,-2.132769193355152,46.04242226063599,Unfeasible shape,GPSampler,PRUNED
489,489,,2026-05-18 21:06:51.122367,2026-05-18 21:06:52.729186,0 days 00:00:01.606819,28.217554540367495,47.7429176219941,31.254064222961784,-83.3732632570152,59.487888311372664,4.191339623660369,61.25939632330256,1.5706303118572293,21.806520469402884,52.22929419113581,25.206369293908956,56.850972761985425,-23.120631023911322,29.60262696418819,2.050232225432293,27.91180539146513,-2.1656942535360386,45.99785753264583,Unfeasible shape,GPSampler,PRUNED
490,490,,2026-05-18 21:06:52.882036,2026-05-18 21:06:54.652175,0 days 00:00:01.770139,28.238900086218603,47.77175485569496,31.28204305310816,-83.42184253071477,59.61087231634879,4.244642126624047,61.331965843965726,1.4845382487783851,21.891123722031594,52.30689333661867,25.17751024014272,56.79154552524037,-23.012046578124384,29.557770455330548,1.9828979326413587,27.80038981875697,-2.193250489345317,46.009743346401095,Unfeasible shape,GPSampler,PRUNED
491,491,,2026-05-18 21:06:54.801990,2026-05-18 21:06:55.110611,0 days 00:00:00.308621,28.16799452216884,47.66621484358041,31.242308299271215,-83.39532989844746,59.59100918142968,4.211751609686475,61.32699752955491,1.5278994992035493,21.90780932242837,52.29053300485697,25.244403779933805,56.73269674780288,-23.05960028124165,29.51977936840512,2.088844566338253,27.84278167213676,-2.1261989963251438,46.03445951689725,Unfeasible shape,GPSampler,PRUNED
492,492,,2026-05-18 21:06:55.252821,2026-05-18 21:06:57.197095,0 days 00:00:01.944274,28.37072726425373,47.88543937253121,31.254705012258736,-83.18939905902724,59.54821291588887,4.185748004255534,61.19742080880492,1.5516173888780855,21.77329460967139,52.32680138151617,25.210216790507232,56.88864855919253,-23.255022334718625,29.518185939032506,2.097994642889201,27.8530239013694,-2.155052279397765,45.98072249249866,Unfeasible shape,GPSampler,PRUNED
493,493,,2026-05-18 21:06:57.352130,2026-05-18 21:06:57.729139,0 days 00:00:00.377009,28.282260097028544,47.87237139492224,31.318558524790582,-83.34882573281347,59.52859308313411,4.207478051916636,61.17211049483716,1.4753595316442514,21.809209999086445,52.15914777293951,25.177193773071647,56.87578331195528,-23.09205737855484,29.524261895964674,2.0907017181713616,27.896645892877736,-2.1956064358529304,46.039684048130795,Unfeasible shape,GPSampler,PRUNED
494,494,,2026-05-18 21:06:57.881834,2026-05-18 21:06:59.926230,0 days 00:00:02.044396,28.253939161335264,47.753868764097504,31.281333009445113,-83.37598664091355,59.517552194497114,4.107525303714414,61.185987674584155,1.5328081396982753,21.863326404351476,52.18420363423531,25.21567632388549,56.83029918068099,-23.16093351041181,29.588976053659888,2.115456992693838,27.849056555646825,-2.1475972388006923,46.14030043593761,Unfeasible shape,GPSampler,PRUNED
495,495,,2026-05-18 21:07:00.071559,2026-05-18 21:07:02.101677,0 days 00:00:02.030118,28.411808708448476,47.998039002504285,31.330734100446854,-83.2363985412947,59.58644223688621,4.172972273574012,61.23730111872726,1.4353414218200982,22.009364008454988,52.2183841646221,25.10785836509031,56.90610312554769,-23.21835365250591,29.517426210524107,2.0731539971546393,27.831501647212225,-2.311624077611235,45.982730528567465,Unfeasible shape,GPSampler,PRUNED
496,496,,2026-05-18 21:07:02.251762,2026-05-18 21:07:04.357234,0 days 00:00:02.105472,28.28168819477088,47.77587629667801,31.300501715877495,-83.35757772537653,59.56212507888793,4.170956462284012,61.1956433736769,1.4512348955077314,21.911302832327056,52.306839230946125,25.205925812273982,57.023012836576136,-23.103923940440126,29.521436807684275,2.110931075489157,27.804384832426823,-2.1947121211266776,46.048014654314116,Unfeasible shape,GPSampler,PRUNED
497,497,,2026-05-18 21:07:04.505056,2026-05-18 21:07:04.996853,0 days 00:00:00.491797,28.265268159613512,47.77905339035106,31.168053674511285,-83.32725458043964,59.569014436339955,4.207864100371691,61.30864820369817,1.5186642220362359,21.821538877123288,52.31281263659199,25.197713577580398,56.851895468139766,-23.19835904947287,29.531469308550115,2.1090349851746124,27.842866147071376,-2.1016642817315585,45.97040627664546,Unfeasible shape,GPSampler,PRUNED
498,498,,2026-05-18 21:07:05.149391,2026-05-18 21:07:06.863688,0 days 00:00:01.714297,28.23328334265232,47.78554231481445,31.26173608818468,-83.34540190273704,59.515074963334136,4.198478763758441,61.201741173840865,1.5823192859483513,21.762621142878377,52.24047331063766,25.243672667653613,56.82703717480684,-23.12535048176305,29.590081633688072,2.0473660460939613,27.843680187317332,-2.0791960430701835,46.05482325708731,Unfeasible shape,GPSampler,PRUNED
499,499,,2026-05-18 21:07:07.016087,2026-05-18 21:07:07.726015,0 days 00:00:00.709928,28.254240495425154,47.84395501635519,31.303572327343147,-83.39934291319545,59.56945756144068,4.139010068158106,61.21167736387859,1.514090299698701,21.76270025982566,52.24659621380366,25.092923367754484,56.92010376425944,-23.063955687874945,29.527074845380003,1.9817005611647276,27.82770226312285,-2.204778016750609,46.0851421557528,Unfeasible shape,GPSampler,PRUNED
500,500,,2026-05-18 21:07:07.890597,2026-05-18 21:07:08.351891,0 days 00:00:00.461294,28.277499115244463,47.83536283038617,31.28344566725603,-83.32149142279509,59.53726735873401,4.205349992267767,61.234640921153506,1.5307766520113333,21.829986719309588,52.287337431699804,25.179053189065787,56.85347577704913,-23.156915739622484,29.560913900839942,2.080909576562741,27.853347807457666,-2.1558900066159907,46.03986402081324,Unfeasible shape,GPSampler,PRUNED
501,501,,2026-05-18 21:07:08.497805,2026-05-18 21:07:10.776302,0 days 00:00:02.278497,28.236009818357555,47.79802306911561,31.262971675585987,-83.3643141284337,59.586329609793005,4.199547148564915,61.190361203604915,1.512577647256947,21.87843492152457,52.301987963590456,25.14908773068711,56.81555255219312,-23.146685608017464,29.495531809792837,2.1112563087376026,27.752927953216613,-2.199104789741348,46.002309125079286,Unfeasible shape,GPSampler,PRUNED
502,502,,2026-05-18 21:07:10.924894,2026-05-18 21:07:11.188075,0 days 00:00:00.263181,28.169274465286577,47.82794511657259,31.289555890347323,-83.29626834155358,59.60077914379673,4.239867383368322,61.204485981320914,1.5719642019196556,21.801644797605444,52.29493642487706,25.209482970591296,56.86474140747988,-23.094607854185234,29.51166652700398,2.05733129913357,27.831737619104683,-2.1117024949678296,46.08057939543387,Unfeasible shape,GPSampler,PRUNED
503,503,,2026-05-18 21:07:11.336424,2026-05-18 21:07:12.792308,0 days 00:00:01.455884,28.29262804719478,47.818346401762184,31.197685913693633,-83.2799836500391,59.584334427910804,4.225773469523123,61.31552157165433,1.512692589509001,21.76932859715432,52.37181621014101,25.217934989950507,56.94505701958285,-23.212874074125253,29.5125856255239,2.0031878422415383,27.947484354999034,-2.133208338496111,45.993936053934384,Unfeasible shape,GPSampler,PRUNED
504,504,,2026-05-18 21:07:12.934378,2026-05-18 21:07:14.941336,0 days 00:00:02.006958,28.355861384438604,47.91204544082972,31.271928919414922,-83.29096536293387,59.50059702089269,4.247786918200459,61.21930505222622,1.5367909813771945,21.853445944960637,52.26949738529862,25.206227884965685,56.90640525777565,-23.214326229950643,29.537633692124707,2.0630739638897837,27.854737289534587,-2.156709036014192,46.03521851805404,Unfeasible shape,GPSampler,PRUNED
505,505,,2026-05-18 21:07:15.089459,2026-05-18 21:07:15.353274,0 days 00:00:00.263815,28.246388841205412,47.862616584281255,31.295037613629784,-83.34141820244369,59.54850317840657,4.244576519569765,61.24162200364313,1.5201157528708222,21.843947067254437,52.17614273725676,25.143278131880713,56.85015175831679,-23.107832361807432,29.590405042615952,2.081300229530469,27.84908463873576,-2.1891198474254523,46.07424027919835,Unfeasible shape,GPSampler,PRUNED
506,506,,2026-05-18 21:07:15.493480,2026-05-18 21:07:15.770164,0 days 00:00:00.276684,28.249538138657925,47.775896834729224,31.274591632722327,-83.35488953190752,59.5155974641659,4.238446272180317,61.28009100508594,1.5597815443624725,21.804568908132538,52.20994560578662,25.204391552716537,56.82991334488967,-23.140495799904947,29.60057270657659,2.01735081138885,27.91339579497352,-2.1153240196485115,46.04042513626074,Unfeasible shape,GPSampler,PRUNED
507,507,,2026-05-18 21:07:15.936186,2026-05-18 21:07:16.200118,0 days 00:00:00.263932,28.25784046571398,47.818845214496854,31.29007164179566,-83.32625830860536,59.52613349109631,4.1977974381694505,61.188557876255025,1.5583451872633276,21.806423929905748,52.229429402981616,25.195932867877502,56.825735699831476,-23.143705535688554,29.578433679944958,2.0906244998983166,27.79841193677367,-2.1447070361161664,46.051461228456915,Unfeasible shape,GPSampler,PRUNED
508,508,,2026-05-18 21:07:16.364107,2026-05-18 21:07:16.686335,0 days 00:00:00.322228,28.285157605612202,47.84598110683963,31.26759348097079,-83.34918064391034,59.51507458564895,4.176855087452692,61.24824444835538,1.5135428649815168,21.83914393578824,52.229978451337644,25.214653079740568,56.826961041823175,-23.13139489789628,29.571865217656406,2.020951329220573,27.82576305711776,-2.1428626877227757,46.04497060507499,Unfeasible shape,GPSampler,PRUNED
509,509,,2026-05-18 21:07:16.836130,2026-05-18 21:07:18.647088,0 days 00:00:01.810958,28.263950649611154,47.83538644744244,31.265513012978477,-83.35000467286923,59.534748813869896,4.232198376656234,61.23379493446862,1.5325157837179404,21.81737426119262,52.23990018716205,25.19685290395152,56.86825365050535,-23.1577789468391,29.563641118287983,2.0652712818412495,27.86103732910832,-2.1704765471140703,46.03194328812552,Unfeasible shape,GPSampler,PRUNED
510,510,,2026-05-18 21:07:18.798214,2026-05-18 21:07:19.146953,0 days 00:00:00.348739,28.213833594906955,47.775767807590356,31.292557732935578,-83.32690549210673,59.5192076454193,4.198181993563836,61.22227145152489,1.546235071545489,21.83274017106014,52.31251377029595,25.247882529044592,56.824767081305176,-23.12166897708157,29.581160257873893,2.0276492458492648,27.843580364296827,-2.130535686740103,46.01113542500543,Unfeasible shape,GPSampler,PRUNED
511,511,,2026-05-18 21:07:19.282681,2026-05-18 21:07:21.165341,0 days 00:00:01.882660,28.241612204025767,47.874983837307255,31.232227628153023,-83.42584807111656,59.5686298274334,4.198095257768749,61.212514400551534,1.5386976403024661,21.703044597499886,52.23023033585977,25.259542242763565,56.911487922904115,-23.181915734595044,29.578705645885236,2.0302164594256684,27.85607715679419,-2.1126930847153105,46.05095010528518,Unfeasible shape,GPSampler,PRUNED
512,512,,2026-05-18 21:07:21.315048,2026-05-18 21:07:23.269882,0 days 00:00:01.954834,28.25187673768705,47.81748602706108,31.233506895726617,-83.4622292505622,59.48571465332959,4.284716748406581,61.27291618323662,1.533603161335236,21.83206486162783,52.24394993253203,25.243716539712317,56.86905715858893,-23.09575068567427,29.616137679130457,2.086884478553229,27.9971313046315,-2.100132955972356,46.055786957219524,Unfeasible shape,GPSampler,PRUNED
513,513,,2026-05-18 21:07:23.404723,2026-05-18 21:07:23.797381,0 days 00:00:00.392658,28.24364615623877,47.85896925075491,31.28903068409564,-83.23369625431387,59.57395430988281,4.191251047405618,61.25743266119415,1.5138787726952216,21.827632310600116,52.19080995103999,25.103895054784488,56.8412919616401,-23.105510630247217,29.534535952389913,2.0912011948641567,27.814585829853215,-2.196583842916695,46.063667898001285,Unfeasible shape,GPSampler,PRUNED
514,514,,2026-05-18 21:07:23.949925,2026-05-18 21:07:25.909801,0 days 00:00:01.959876,28.349698074282305,47.872819057964065,31.243078322987493,-83.33312988589468,59.51347472105289,4.273500027618738,61.230913256585964,1.5022198664480442,21.824634258090107,52.19952562593682,25.221153301889125,56.89184221808065,-23.149907048749228,29.61270805970282,2.0243199458880246,28.013434668072495,-2.168956133407768,46.02875213432719,Unfeasible shape,GPSampler,PRUNED
515,515,,2026-05-18 21:07:26.045647,2026-05-18 21:07:27.918149,0 days 00:00:01.872502,28.2634141765907,47.830154914692976,31.267352948943458,-83.32647114132912,59.560537000941814,4.203713588700345,61.238577669289825,1.5291407555516656,21.812492083471945,52.248758479366295,25.17022083180737,56.84245234185479,-23.140845821588712,29.53597021482843,2.0762664850933454,27.833369835856203,-2.1616321800971647,46.04587434776862,Unfeasible shape,GPSampler,PRUNED
