,number,value,datetime_start,datetime_complete,duration,params_highPt.lL1,params_highPt.lL2,params_highPt.lL3,params_highPt.rA2,params_highPt.rL1,params_highPt.rL2,params_highPt.rL3,params_highPt.x2,params_highPt.y2,params_lowPt.lL1,params_lowPt.lL2,params_lowPt.lL3,params_lowPt.rA2,params_lowPt.rL1,params_lowPt.rL2,params_lowPt.rL3,params_lowPt.x2,params_lowPt.y2,user_attrs_prune,system_attrs_auto:sampler,state
93,93,,2026-05-18 20:56:57.147841,2026-05-18 20:56:59.197088,0 days 00:00:02.049247,28.153952959882194,47.76909491884041,31.29995033975876,-83.4153003244724,59.53700871276512,4.1822543234626535,61.26075849890561,1.563746991157167,21.862285835314758,52.297749601224346,25.212690377167675,56.797826011114736,-23.049902513113963,29.510719869879154,2.0371638061188597,27.783264567008402,-2.166023795287458,46.02887591280463,Unfeasible shape,GPSampler,PRUNED
94,94,,2026-05-18 20:56:59.353901,2026-05-18 20:57:01.601901,0 days 00:00:02.248000,28.29837681499799,47.78824364441648,31.197202482795177,-83.37824995084192,59.586764084668744,4.216449284852542,61.23464989008824,1.5728887234802684,21.764263519038185,52.38065072914656,25.214814218677663,56.843576043661685,-23.166299194300713,29.4877296020271,2.0062054518433827,27.841193842529872,-2.101104344681744,46.00792557739736,Unfeasible shape,GPSampler,PRUNED
95,95,,2026-05-18 20:57:01.753202,2026-05-18 20:57:03.508155,0 days 00:00:01.754953,28.19065106111851,47.744822460802396,31.25548555865421,-83.35369603164813,59.56684311807834,4.163992208932001,61.232770263976185,1.5550410067168912,21.787494230078742,52.266163023929344,25.19425512561768,56.78892241749681,-23.09534168544198,29.54111819521568,2.056502949706199,27.786836898172062,-2.111240557305706,46.04799157625049,Unfeasible shape,GPSampler,PRUNED
96,96,,2026-05-18 20:57:03.684118,2026-05-18 20:57:04.407114,0 days 00:00:00.722996,28.236945137454178,47.77317308051104,31.282358599272133,-83.37177870232672,59.50034283014999,4.220639158797162,61.25427397410098,1.5240279687985847,21.843752031151105,52.234346112751496,25.19128990735203,56.830978972169596,-23.10297856874304,29.564383509381027,2.0259249491978557,27.85969711722672,-2.1328093857760138,46.06298690328551,Unfeasible shape,GPSampler,PRUNED
97,97,,2026-05-18 20:57:04.547026,2026-05-18 20:57:06.382235,0 days 00:00:01.835209,28.378598486969633,47.897135389300644,31.28620983210357,-83.29755633917543,59.47604275467849,4.248699105804453,61.19362863537461,1.565602283216407,21.80312506281053,52.244865454957726,25.233825681422548,56.934866455498025,-23.248335564986775,29.606756750078237,2.0586015665661543,27.943407392764467,-2.143069435379317,46.03253128498872,Unfeasible shape,GPSampler,PRUNED
98,98,,2026-05-18 20:57:06.549659,2026-05-18 20:57:07.343342,0 days 00:00:00.793683,28.356058931302904,47.967744749068764,31.208502853458143,-83.2346714319171,59.44878586996664,4.241076111113591,61.25609573790961,1.5861548766475053,21.67532023609284,52.23808270487556,25.29068860705939,56.967916925734066,-23.24953938335903,29.604538006059176,2.0068651547313,28.020510104602785,-2.0657863034645416,46.0691597187611,Unfeasible shape,GPSampler,PRUNED
99,99,,2026-05-18 20:57:07.489196,2026-05-18 20:57:09.853662,0 days 00:00:02.364466,28.299232220485404,47.86154079178993,31.226527694878587,-83.24095025208965,59.598746107570925,4.2005066357436665,61.28325027902019,1.502958423735187,21.82627047398516,52.29978879909806,25.14579834607396,56.91829072111393,-23.17484352952414,29.49905884962861,2.08327707595235,27.9039468811182,-2.170510979438724,46.03390903100305,Unfeasible shape,GPSampler,PRUNED
100,100,,2026-05-18 20:57:10.012718,2026-05-18 20:57:12.151847,0 days 00:00:02.139129,28.218049739922634,47.806312381415346,31.228380799649237,-83.38924026169305,59.48191205522932,4.1814296951230485,61.20763556722656,1.558172916214076,21.792925872653647,52.167580689584334,25.13004999837768,56.81118965142113,-23.1051692515041,29.569938086081045,2.0470958371189134,27.85631094788849,-2.175801423318994,46.05031391606434,Unfeasible shape,GPSampler,PRUNED
101,101,,2026-05-18 20:57:12.301200,2026-05-18 20:57:12.569962,0 days 00:00:00.268762,28.275550336665784,47.79951194156998,31.272450454166542,-83.2618723126334,59.514017972024284,4.21394057718798,61.23505796700833,1.5174178545158838,21.83362109522409,52.31173520175963,25.235067457458864,56.82585938222454,-23.162319608639272,29.563830251773755,2.081871772313712,27.844546077815973,-2.1520562512561057,45.987336043541724,Unfeasible shape,GPSampler,PRUNED
102,102,,2026-05-18 20:57:12.703624,2026-05-18 20:57:13.581476,0 days 00:00:00.877852,28.22256599102462,47.82174034158926,31.25275029840606,-83.37117050972827,59.60106180325366,4.252455028545076,61.329933180641135,1.4644929046647874,21.897178384977764,52.24942715399016,25.173103721225736,56.8155404394885,-23.1558526967856,29.508291651025342,2.0289680445923413,27.882742064747408,-2.2015385776516823,46.053508564110324,Unfeasible shape,GPSampler,PRUNED
103,103,,2026-05-18 20:57:13.750524,2026-05-18 20:57:15.607668,0 days 00:00:01.857144,28.199004214316055,47.736396906700584,31.294080971998902,-83.40074288467386,59.604923483098744,4.222363326376588,61.22326916859963,1.5635347738245642,21.865173591443597,52.25977036208087,25.246920435365134,56.82145153562453,-23.08980558264342,29.573670840851882,2.0709653501030996,27.854008653278296,-2.0682225015392532,46.04800250283208,Unfeasible shape,GPSampler,PRUNED
104,104,,2026-05-18 20:57:15.770186,2026-05-18 20:57:18.032313,0 days 00:00:02.262127,28.23719660853037,47.832393379476656,31.245247794724488,-83.20922327441154,59.52519721966265,4.252244531845474,61.17788385902306,1.5189792970443463,21.794576164359903,52.20300359240886,25.163176751965317,56.81059503059135,-23.167280677833766,29.586554825532946,2.1236982850363866,27.872789664252696,-2.10860121165846,45.98664573163657,Unfeasible shape,GPSampler,PRUNED
105,105,,2026-05-18 20:57:18.198095,2026-05-18 20:57:18.639329,0 days 00:00:00.441234,28.19060234704279,47.76835818149519,31.303092685552972,-83.36385267414613,59.506522051806485,4.190408690586896,61.17710185352945,1.5410648351547636,21.87952470083365,52.21812216402178,25.160975091980312,56.789781758253014,-23.10500131031472,29.579123875673908,2.078612100697982,27.755401361555286,-2.153059481868297,46.06919032463328,Unfeasible shape,GPSampler,PRUNED
106,106,,2026-05-18 20:57:18.773550,2026-05-18 20:57:20.786891,0 days 00:00:02.013341,28.302176671786384,47.84886411313876,31.22288416201358,-83.23473977320452,59.58534188584934,4.168442205295574,61.227312861219204,1.5199041556330286,21.78237696796665,52.332088911308915,25.18480696025248,56.89014663496531,-23.1899914888442,29.49748442937323,2.0404522938541634,27.87179230575195,-2.1599022732401707,46.00303453104062,Unfeasible shape,GPSampler,PRUNED
107,107,,2026-05-18 20:57:20.952787,2026-05-18 20:57:21.526096,0 days 00:00:00.573309,28.294008762057615,47.89685393274538,31.271580624482517,-83.29524729426217,59.54653948027695,4.201017892909242,61.22838961663006,1.5152282378158688,21.836070742091522,52.23202845105481,25.155026493199028,56.87589241253608,-23.171400291869844,29.539404748486284,2.0872642086431776,27.854159602060907,-2.1846920117587274,46.00929125027662,Unfeasible shape,GPSampler,PRUNED
108,108,,2026-05-18 20:57:21.678086,2026-05-18 20:57:23.802121,0 days 00:00:02.124035,28.408426038145357,47.696864701596105,31.17229896077843,-83.44066551894863,59.48995889760402,4.192067517449015,61.21984858953928,1.5259935966888278,21.70000227261133,52.2944606170072,25.128140832400252,56.89341164140869,-23.261309899629346,29.469794507246633,2.08958211214529,27.796050001321884,-2.027523549563476,45.97160345784701,Unfeasible shape,GPSampler,PRUNED
109,109,,2026-05-18 20:57:23.962724,2026-05-18 20:57:24.457047,0 days 00:00:00.494323,28.179043623207168,47.69881644636556,31.28195121585857,-83.50751871677552,59.616987315287105,4.279042649573855,61.36211043937809,1.4763104998101184,21.90463778666931,52.221577876921316,25.091712227293048,56.81085446362545,-23.145320868287264,29.597382475770072,2.010861857327983,27.83679500488859,-2.20493278207676,46.020065187619174,Unfeasible shape,GPSampler,PRUNED
110,110,,2026-05-18 20:57:24.593827,2026-05-18 20:57:25.047090,0 days 00:00:00.453263,28.267477989724267,47.797675265018185,31.29554427745671,-83.40764199488011,59.51886785290775,4.196104877813699,61.15754003100491,1.565602442843236,21.782600891545496,52.23358693390959,25.20690722903335,56.8222815095371,-23.14599116884839,29.5742917457189,2.1025550345724118,27.79248774177857,-2.1353010074339593,46.04727374074151,Unfeasible shape,GPSampler,PRUNED
111,111,,2026-05-18 20:57:25.184001,2026-05-18 20:57:27.080202,0 days 00:00:01.896201,28.311196554646997,47.82859727067108,31.255327828545454,-83.27684380010626,59.5278281638092,4.143596142344801,61.138157549346495,1.596898516432475,21.73093168358906,52.26319169984233,25.214453286136767,56.911267951924266,-23.15252404501227,29.58343611940132,2.0942231551547854,27.828641558191215,-2.0826751203359706,46.037932550218116,Unfeasible shape,GPSampler,PRUNED
112,112,,2026-05-18 20:57:27.224335,2026-05-18 20:57:27.731172,0 days 00:00:00.506837,28.277351945800145,47.88569217442208,31.259531254560297,-83.34213595620987,59.53938493094507,4.236239877677585,61.236029618791854,1.5204321891476553,21.796910746934103,52.269493031885524,25.198561268394617,56.84074108847268,-23.116652104695035,29.558280698016144,2.058870500561146,27.82189867838848,-2.1862005448449366,46.00504405623263,Unfeasible shape,GPSampler,PRUNED
113,113,,2026-05-18 20:57:27.875104,2026-05-18 20:57:28.230045,0 days 00:00:00.354941,28.30211386944174,47.872383160387116,31.267772197032844,-83.23416468721845,59.579553077604494,4.2651042256475025,61.22497842690545,1.5520529005826447,21.7732587975272,52.24762104765529,25.208004291680464,56.88354636818013,-23.141334051101694,29.597722817294898,1.9890390810530305,27.862179788982676,-2.1282010175682444,46.08031229037435,Unfeasible shape,GPSampler,PRUNED
114,114,,2026-05-18 20:57:28.381647,2026-05-18 20:57:28.930289,0 days 00:00:00.548642,28.476515988360287,47.96988310603092,31.301147984358984,-83.1778756146378,59.71234205577935,4.256067669123482,61.24928849031023,1.4539636484075302,21.837426534702725,52.28574316179323,25.18175915261843,56.89850410947964,-23.368315590669333,29.683112412302737,1.974907129751292,27.761783225218483,-2.3114212328583577,45.99753295783139,Unfeasible shape,GPSampler,PRUNED
115,115,,2026-05-18 20:57:29.075356,2026-05-18 20:57:30.685542,0 days 00:00:01.610186,28.268179380446124,47.85031551211899,31.23983840835169,-83.32087029918412,59.530671370631175,4.223996146614805,61.251341186361614,1.5694207795922424,21.79837376116892,52.25766126676906,25.20100619484742,56.834608952275076,-23.15273887641367,29.582900483942684,2.02660444241101,27.892718992767662,-2.125483327257264,46.03179971099647,Unfeasible shape,GPSampler,PRUNED
116,116,,2026-05-18 20:57:30.823075,2026-05-18 20:57:31.623561,0 days 00:00:00.800486,28.19204249113099,47.78689632320202,31.281803459507728,-83.26275973718536,59.583509177467114,4.168010517117909,61.22664606810379,1.5074261091803578,21.79487038399084,52.174963519551234,25.10529057373629,56.79697777663907,-23.01620960389066,29.53479091373768,2.13762940612403,27.782379151704603,-2.1537935340459526,46.03560224295041,Unfeasible shape,GPSampler,PRUNED
117,117,,2026-05-18 20:57:31.776750,2026-05-18 20:57:33.538396,0 days 00:00:01.761646,28.162487181951132,47.67070692876473,31.25939632215411,-83.34435221689046,59.622782323191934,4.243184331024841,61.32164101016293,1.5121801513377306,21.836226628891346,52.312366118982766,25.156243502885093,56.76070469780529,-23.083383185273746,29.537022992930016,1.9870980143541033,27.829754015279,-2.1301857411221548,45.98881802894767,Unfeasible shape,GPSampler,PRUNED
118,118,,2026-05-18 20:57:33.706693,2026-05-18 20:57:34.434952,0 days 00:00:00.728259,28.268532251703657,47.82173478713066,31.274796354587572,-83.30478550019069,59.55084547816654,4.192400484563902,61.19585655902236,1.556689397133546,21.778542872481694,52.26462806421039,25.19865378810319,56.873945187397695,-23.151190588284436,29.55296152604714,2.0705706655501928,27.852773460213182,-2.1287078894281493,46.04974877212504,Unfeasible shape,GPSampler,PRUNED
119,119,,2026-05-18 20:57:34.621877,2026-05-18 20:57:35.428409,0 days 00:00:00.806532,28.16693119963898,47.72654679920772,31.25460255818546,-83.38774568626481,59.56627305878153,4.205327088160699,61.271848157444495,1.5252492194004148,21.784721871030662,52.27962633945664,25.169072440345495,56.760329984669575,-23.101896316660167,29.540872489590647,2.024491730701331,27.77984555781693,-2.1015323269296644,46.07550863799749,Unfeasible shape,GPSampler,PRUNED
120,120,,2026-05-18 20:57:35.580020,2026-05-18 20:57:37.180876,0 days 00:00:01.600856,28.22164935004634,47.73215078102646,31.285157357430435,-83.4082029031422,59.55574773064159,4.2021375917508506,61.00718833292677,1.4817801433740456,21.725304976855263,52.2529532863913,25.201357971787324,56.91747045631573,-23.217392744224306,29.592878269537042,2.003896151854304,27.81561502794868,-2.2834248599719587,46.11371003366575,Unfeasible shape,GPSampler,PRUNED
121,121,,2026-05-18 20:57:37.342142,2026-05-18 20:57:39.208602,0 days 00:00:01.866460,28.195819855774136,47.80286702847846,31.321425651457815,-83.3414480963211,59.52251198341838,4.192656909990712,61.33852819944164,1.504310322864825,21.81143851299386,52.315365394261335,25.146653313174294,56.82517020334876,-23.131309601166606,29.59318497654927,2.045503478492396,27.7531415477405,-2.1376805413801705,46.0335501072554,Unfeasible shape,GPSampler,PRUNED
122,122,,2026-05-18 20:57:39.351652,2026-05-18 20:57:40.178175,0 days 00:00:00.826523,28.003568950292628,47.5587551319271,31.305437504310206,-83.4659896501087,59.67668065075857,4.213810304985991,61.379156139407584,1.5188732028059135,21.989157835339757,52.28965814335327,25.249169858294547,56.740959254389615,-23.086621946561337,29.65208999289344,1.848783796463405,27.848363779720405,-2.0020527557749475,45.99103629469384,Unfeasible shape,GPSampler,PRUNED
123,123,,2026-05-18 20:57:40.319691,2026-05-18 20:57:42.330319,0 days 00:00:02.010628,28.231080601643917,47.81598938357834,31.25261916832393,-83.37012285300703,59.557266904417,4.19449774110937,61.257184638494635,1.5422694651374869,21.772784447498587,52.22353991738087,25.1564592839156,56.86452376965962,-23.12250936050325,29.545113392419385,2.0456266828606653,27.914095102226767,-2.1083962282022313,46.070887499811654,Unfeasible shape,GPSampler,PRUNED
124,124,,2026-05-18 20:57:42.483398,2026-05-18 20:57:44.639387,0 days 00:00:02.155989,28.28956647622842,47.914497601945264,31.294452310344408,-83.28724464325713,59.48116035385071,4.225925616005533,61.1307667442494,1.5852093251368302,22.049289107893877,52.19258868829752,25.215579253953223,56.77393038157236,-23.14628059035563,29.616898750977914,2.046518046093702,27.888539869498256,-2.083619091826826,46.09332513652478,Unfeasible shape,GPSampler,PRUNED
125,125,,2026-05-18 20:57:44.799772,2026-05-18 20:57:45.433720,0 days 00:00:00.633948,28.154509652141506,47.618809272068525,31.255598697752536,-83.34782496806694,59.565658894237444,4.192644908387464,61.27987706223848,1.5703264502610637,21.85476513749015,52.35090442758607,25.309164765597156,56.73442093888229,-23.118610824059154,29.563887648326933,2.019271209386113,27.83338151170426,-2.0772082076890186,46.00970071346011,Unfeasible shape,GPSampler,PRUNED
126,126,,2026-05-18 20:57:45.572365,2026-05-18 20:57:45.886443,0 days 00:00:00.314078,28.206897116541004,47.77603451656099,31.27931314597515,-83.3635792667577,59.51713647262232,4.2324420829118,61.30816518739846,1.6308312382733803,21.77023388075527,52.28421640168769,25.29404885635362,56.87744965849794,-23.101425794395176,29.626274062702613,2.0066193196550612,27.91151481161703,-2.1094272056457086,46.03878582854399,Unfeasible shape,GPSampler,PRUNED
127,127,,2026-05-18 20:57:46.027508,2026-05-18 20:57:47.903183,0 days 00:00:01.875675,28.173587275744232,47.60878702995055,31.30062230048356,-83.54583334122124,59.560729753759546,4.191700597274422,61.17992668565623,1.5352117494348505,22.00119594033258,52.29967332209245,25.26356048931854,56.66643667209571,-23.01235733730816,29.63607956654783,2.012613731169644,27.65036641264808,-2.1897054552765383,45.99002164000497,Unfeasible shape,GPSampler,PRUNED
128,128,,2026-05-18 20:57:48.055699,2026-05-18 20:57:49.625298,0 days 00:00:01.569599,28.140082597584424,47.70128640008354,31.267721130311205,-83.35102121021646,59.60662232858817,4.232824684965509,61.31518902844607,1.5365222780120575,21.811005839261618,52.29391275748971,25.175362990700837,56.730251354555854,-23.048755391361794,29.584550093234963,2.008160850528954,27.799117992224687,-2.141949460917168,46.05191553763001,Unfeasible shape,GPSampler,PRUNED
129,129,,2026-05-18 20:57:49.793144,2026-05-18 20:57:52.158899,0 days 00:00:02.365755,28.235914300201625,47.81209898861689,31.235184336468482,-83.22642042989628,59.431008250142504,4.19904739855652,61.216293349847746,1.4593434856680432,21.847374391275704,52.18947572696372,25.205669380319858,56.775453706024116,-23.11139107158982,29.53801410625365,2.069652008034242,27.8113059147206,-2.188221077055431,45.96634431916624,Unfeasible shape,GPSampler,PRUNED
130,130,,2026-05-18 20:57:52.322401,2026-05-18 20:57:53.274447,0 days 00:00:00.952046,28.23401232906551,47.80134194451371,31.259608707518378,-83.3237180262479,59.54052310520648,4.198578309698297,61.19137823301322,1.468409339888474,21.84813838504605,52.17870413806932,25.132162345593894,56.77356151778957,-23.1473701585524,29.55299925620115,2.133405863025421,27.8484916712465,-2.210617178604849,46.03502416598718,Unfeasible shape,GPSampler,PRUNED
131,131,,2026-05-18 20:57:53.421707,2026-05-18 20:57:53.884798,0 days 00:00:00.463091,28.205339021785232,47.79582674127602,31.238589317127463,-83.30581434170642,59.58600797298877,4.207188538322802,61.247471584501795,1.5343001913524432,21.840322854396888,52.24225391300286,25.204641299347458,56.847794086377384,-23.17649737052723,29.587776769564652,2.06658684060935,27.91962252330481,-2.166408651977079,46.03426090312297,Unfeasible shape,GPSampler,PRUNED
132,132,,2026-05-18 20:57:54.021607,2026-05-18 20:57:54.767640,0 days 00:00:00.746033,28.262838060091443,47.815887611799184,31.272246994972754,-83.38101756548457,59.50789599150812,4.2465749363866925,61.23214794269551,1.554586714607261,21.825905973079447,52.22103756731768,25.22448407234527,56.865787389260014,-23.120711519982905,29.608818505912577,2.080120527019048,27.902760217644783,-2.1051738220550362,46.074926605187926,Unfeasible shape,GPSampler,PRUNED
133,133,,2026-05-18 20:57:54.898650,2026-05-18 20:57:56.747789,0 days 00:00:01.849139,28.246788953137536,47.75404196955342,31.229316709788904,-83.38063176776485,59.509880678309884,4.234517951492251,61.29717177504101,1.5857444912826182,21.6929708292789,52.29918368651713,25.298458903664987,56.823989307911546,-23.16171275366414,29.619504210445374,2.0091155289418277,28.03470962244995,-2.010325997301493,46.024813288702745,Unfeasible shape,GPSampler,PRUNED
134,134,,2026-05-18 20:57:56.896449,2026-05-18 20:57:59.612125,0 days 00:00:02.715676,28.21236941693684,47.80808692975331,31.26817099263544,-83.37426433739775,59.553079539459766,4.2246218497488535,61.28947512548749,1.5066056178347722,21.861768185693574,52.22469285772611,25.15694774931177,56.83364079514156,-23.07003093509146,29.562274524815166,2.0468133693629316,27.861550019129886,-2.154987981787805,46.06869597184732,Unfeasible shape,GPSampler,PRUNED
135,135,,2026-05-18 20:57:59.762446,2026-05-18 20:58:00.036437,0 days 00:00:00.273991,28.27712446831627,47.76566050582654,31.261619522377046,-83.40874846891508,59.57227725479994,4.247092712806513,61.24033978871305,1.6098331801007788,21.818031024940158,52.31159601085061,25.269334743603796,56.82252566891994,-23.139886238927296,29.550537370240008,2.019537917915117,27.904779903955344,-2.0952014524813833,46.069044608000816,Unfeasible shape,GPSampler,PRUNED
136,136,,2026-05-18 20:58:00.172033,2026-05-18 20:58:00.684253,0 days 00:00:00.512220,28.074616706195492,47.67865047732521,31.319376346568973,-83.51463600641598,59.5780107167925,4.137760520508218,61.318420188899836,1.4892119955058618,21.93501143876911,52.19936883835262,25.149765349125957,56.729495913976066,-22.9654422425017,29.577993520926398,1.9306666642058599,27.76183202004532,-2.158504209213085,46.09986020886715,Unfeasible shape,GPSampler,PRUNED
137,137,,2026-05-18 20:58:00.836307,2026-05-18 20:58:01.187149,0 days 00:00:00.350842,28.285111402318112,47.8410011399744,31.239752106647796,-83.36234989654582,59.55370231957743,4.190530650771507,61.25132065841607,1.5357317726998474,21.82331930509928,52.30959198341811,25.115821588786783,56.85112346067972,-23.153575337828443,29.543921437532564,2.0466070374428225,27.86643443087724,-2.165122442110018,46.03556855644081,Unfeasible shape,GPSampler,PRUNED
138,138,,2026-05-18 20:58:01.331550,2026-05-18 20:58:01.847228,0 days 00:00:00.515678,28.24473831015301,47.832836612182405,31.224281190109444,-83.39959595846997,59.4948983606583,4.268473230575241,61.21920818736455,1.5163837357879046,21.635947953437324,52.23822597265889,25.22794226399131,56.94486747986176,-23.059655537570897,29.644431356318805,2.186602140525777,27.964875610251504,-2.0781486101401825,46.05610076659162,Unfeasible shape,GPSampler,PRUNED
139,139,,2026-05-18 20:58:01.976376,2026-05-18 20:58:02.307042,0 days 00:00:00.330666,28.25310726530799,47.80708666868843,31.303215163733643,-83.32065617892083,59.510685550740874,4.219774934844776,61.13151914845632,1.5735495833964137,21.796251317989867,52.20231054498703,25.208150628066203,56.84294445353337,-23.118335689497158,29.611428857321336,2.087367957023509,27.80309236719416,-2.1195921705321794,46.07211424099457,Unfeasible shape,GPSampler,PRUNED
