,number,value,datetime_start,datetime_complete,duration,params_highPt.lL1,params_highPt.lL2,params_highPt.lL3,params_highPt.rA2,params_highPt.rL1,params_highPt.rL2,params_highPt.rL3,params_highPt.x2,params_highPt.y2,params_lowPt.lL1,params_lowPt.lL2,params_lowPt.lL3,params_lowPt.rA2,params_lowPt.rL1,params_lowPt.rL2,params_lowPt.rL3,params_lowPt.x2,params_lowPt.y2,user_attrs_prune,system_attrs_auto:sampler,state
375,375,,2026-05-18 21:03:53.424418,2026-05-18 21:03:53.891422,0 days 00:00:00.467004,28.206707167608226,47.821541780106955,31.291726149211435,-83.42304307488523,59.577586576595664,4.187451540283991,61.2560948053816,1.5490128364793634,21.828353345034888,52.26233460754356,25.125926873743786,56.78233954755068,-23.082390949376432,29.530477897267772,2.1076253287306597,27.73969576172162,-2.1205699298406273,46.05255303986289,Unfeasible shape,GPSampler,PRUNED
376,376,,2026-05-18 21:03:54.038617,2026-05-18 21:03:55.829533,0 days 00:00:01.790916,28.213030106793045,47.715733859766495,31.277702841286878,-83.35806536632177,59.55841302407315,4.1933556154045855,61.243783733404385,1.5291244898789884,21.832622326574768,52.274478489339394,25.203238179199584,56.76992098811466,-23.08506545229168,29.539108871342645,2.041048773297696,27.801982420902792,-2.1258862497925577,46.048695639828466,Unfeasible shape,GPSampler,PRUNED
377,377,,2026-05-18 21:03:55.981882,2026-05-18 21:03:58.009129,0 days 00:00:02.027247,28.16278639414659,47.76237604104598,31.23858670259706,-83.30874189916453,59.53456937593616,4.202283287036646,61.26440557990349,1.5448509667559875,21.828268082063335,52.28321175110416,25.24884017233764,56.764025403799565,-23.125976638993677,29.523364432233876,2.0587386225673905,27.796463527415906,-2.104163158114048,45.992017389680925,Unfeasible shape,GPSampler,PRUNED
378,378,,2026-05-18 21:03:58.175228,2026-05-18 21:04:00.475743,0 days 00:00:02.300515,28.317299849134617,47.85030333922977,31.253900842407116,-83.24467225571222,59.5931204617917,4.207476239035657,61.22766895119337,1.519812361913182,21.79709133679536,52.29320977030009,25.18927177587623,56.864180824303816,-23.213312798346138,29.49344267656185,2.0886340695589825,27.848855454772025,-2.168069609278028,46.00668559498594,Unfeasible shape,GPSampler,PRUNED
379,379,,2026-05-18 21:04:00.649410,2026-05-18 21:04:01.286249,0 days 00:00:00.636839,28.221751082339257,47.828785646935444,31.286809013062804,-83.3818985553816,59.56708927333114,4.238509171193707,61.279159719678134,1.5222492478304375,21.795583023673768,52.19967784266408,25.13555208640121,56.8160595314067,-23.077423910216403,29.553597389942283,2.0951996048135033,27.802625133668574,-2.153810158604351,46.06344868770635,Unfeasible shape,GPSampler,PRUNED
380,380,,2026-05-18 21:04:01.434336,2026-05-18 21:04:03.229281,0 days 00:00:01.794945,28.228490022031373,47.84071091240377,31.274136777688025,-83.36528240455938,59.586861526938954,4.216797858079751,61.30704119264179,1.5207682238651046,21.845064252234184,52.21350802484655,25.149686884284062,56.822522551745166,-23.110892442378116,29.518077318106844,2.0501265599398097,27.822707118805834,-2.175265346845322,46.03466295462398,Unfeasible shape,GPSampler,PRUNED
381,381,,2026-05-18 21:04:03.390078,2026-05-18 21:04:03.906542,0 days 00:00:00.516464,28.30438119078476,47.79289121308611,31.315503843873604,-83.3589966766328,59.51209450016505,4.21738679104415,61.15526605585848,1.5311719603334666,21.905453327032053,52.19907746591638,25.15170072000342,56.81851102597157,-23.125505441210606,29.622607445347786,1.996659505691388,27.857928946212514,-2.0985639285068274,46.03109069468698,Unfeasible shape,GPSampler,PRUNED
382,382,,2026-05-18 21:04:04.044488,2026-05-18 21:04:04.698829,0 days 00:00:00.654341,28.296642385950417,47.8986917451455,31.305055532042672,-83.296208982854,59.599254906150186,4.203060258697203,61.21396788161735,1.4498884737743722,21.89703139412151,52.219347971429855,25.090295684357027,56.85074773329967,-23.141527015615353,29.487983634158567,2.1452665458390667,27.91010373194438,-2.249764583114647,46.048814052315564,Unfeasible shape,GPSampler,PRUNED
383,383,,2026-05-18 21:04:04.846302,2026-05-18 21:04:08.795270,0 days 00:00:03.948968,28.360584644128185,47.97075485201559,31.3060051056848,-83.17906890103903,59.540805541948835,4.234855306495092,61.213480591305704,1.4377654051309747,21.827098561712013,52.16237824423451,25.101439908660332,56.91314502642059,-23.220827144093057,29.49950530101675,2.1780066707471057,27.806375030801945,-2.261992058491856,46.02456340322909,Unfeasible shape,GPSampler,PRUNED
384,384,,2026-05-18 21:04:08.954008,2026-05-18 21:04:09.394949,0 days 00:00:00.440941,28.2295494203179,47.8246800124786,31.281852320336213,-83.36355165435572,59.53933041999436,4.184491725740784,61.22158596672088,1.544015801513865,21.80754326424042,52.18689987408303,25.145954702377015,56.8305708795268,-23.1069863691281,29.58588489966618,2.0903705853990964,27.805128962980014,-2.16009020901776,46.058779301505915,Unfeasible shape,GPSampler,PRUNED
385,385,,2026-05-18 21:04:09.539464,2026-05-18 21:04:10.261203,0 days 00:00:00.721739,28.369005566521878,47.784807383232035,31.172106692091628,-83.26763334301725,59.620387104369414,4.183281789655208,61.37641631831712,1.4875904968134606,21.782086181297387,52.305884944459926,25.172982624779006,56.89844228651918,-23.192475562675163,29.532515750630672,2.0952125153661143,27.956604777059965,-2.1972663789167655,46.01935634612503,Unfeasible shape,GPSampler,PRUNED
386,386,,2026-05-18 21:04:10.406932,2026-05-18 21:04:10.810042,0 days 00:00:00.403110,28.14844173891663,47.672458600482145,31.22907774826932,-83.48425429702067,59.56736538414965,4.236700895077918,61.26205947308461,1.5478572247133897,21.87494177608107,52.2896469896711,25.214719643369133,56.814144074700366,-23.0262885322213,29.558124886255865,1.9828423375385862,27.837411672967526,-2.0683772327023604,46.06723776201552,Unfeasible shape,GPSampler,PRUNED
387,387,,2026-05-18 21:04:10.947794,2026-05-18 21:04:11.518003,0 days 00:00:00.570209,28.038488328423497,47.69539057053287,31.217850840404562,-83.4184293433952,59.62670345300718,4.192482556382841,61.2923908900535,1.5748303335858438,21.785658328882825,52.19086418441937,25.214942148326003,56.71304799425451,-22.997317075604933,29.468185314124774,2.0954202679383362,27.72416044671875,-2.05473986709125,46.021866525470415,Unfeasible shape,GPSampler,PRUNED
388,388,,2026-05-18 21:04:11.667859,2026-05-18 21:04:11.976776,0 days 00:00:00.308917,28.29218545849424,47.87099030213749,31.255033010713984,-83.31906430345738,59.56769573044923,4.2172329315340065,61.226906952990205,1.483034368963466,21.77485679287113,52.26872060929124,25.138387507731526,56.84739457956337,-23.19917916127318,29.53056679813078,2.098749311874691,27.83730184263206,-2.1527967056822064,46.01970337327777,Unfeasible shape,GPSampler,PRUNED
389,389,,2026-05-18 21:04:12.139500,2026-05-18 21:04:13.680061,0 days 00:00:01.540561,28.322674536061523,47.76962113500179,31.2046865932856,-83.44160836985452,59.52881602753328,4.250498412297978,61.300772060691855,1.6024168433768438,21.759658741877807,52.163025590672824,25.21542004758183,56.908057199247274,-23.155123054073137,29.590881507139272,1.9892984849674558,27.973909001033558,-2.1299279069411625,46.01409671495681,Unfeasible shape,GPSampler,PRUNED
390,390,,2026-05-18 21:04:13.859015,2026-05-18 21:04:15.959151,0 days 00:00:02.100136,28.241550101431233,47.754281051020676,31.243576665518688,-83.29419980756462,59.53613583276904,4.216511279045343,61.2242939611297,1.5640677571762822,21.781234660587927,52.31511584219522,25.274479953045113,56.835733728089934,-23.168255944819585,29.570116929551578,2.0279208662331074,27.87732151359008,-2.08458365587029,46.022013957524806,Unfeasible shape,GPSampler,PRUNED
391,391,,2026-05-18 21:04:16.119060,2026-05-18 21:04:18.292798,0 days 00:00:02.173738,28.31180279234097,47.877563370686545,31.25443141560567,-83.26786534506293,59.541786158843415,4.1751325171464675,61.19900610084581,1.5919363855096123,21.729295223019317,52.29804113662847,25.17726061918991,56.876118710720746,-23.21482771366233,29.540072171998652,2.067430517698961,27.83881088993608,-2.128458937981712,46.01366677741082,Unfeasible shape,GPSampler,PRUNED
392,392,,2026-05-18 21:04:18.454326,2026-05-18 21:04:18.786052,0 days 00:00:00.331726,28.26328696514701,47.808906810602224,31.19903602246846,-83.36147960417455,59.53158950859624,4.255811133113335,61.30511038783934,1.5677216107063003,21.798353202712676,52.2894800569009,25.29738773837993,56.86534815625897,-23.17389894453931,29.543557865442995,2.0193603363735906,27.95494682819465,-2.095693526825329,46.006367317943464,Unfeasible shape,GPSampler,PRUNED
393,393,,2026-05-18 21:04:18.940297,2026-05-18 21:04:21.234061,0 days 00:00:02.293764,28.302106013660076,47.89728105331559,31.31876738037423,-83.29181651165857,59.50843711689691,4.195196217752137,61.15136935658716,1.5468653632475338,21.78848897621222,52.199462486641686,25.18270714093882,56.89807003450637,-23.15194001510946,29.56244282800107,2.1103849954380456,27.82346269563641,-2.172677617857289,46.048282077668205,Unfeasible shape,GPSampler,PRUNED
394,394,,2026-05-18 21:04:21.384707,2026-05-18 21:04:22.522726,0 days 00:00:01.138019,28.220977530258086,47.75743369345212,31.288462968373924,-83.40683019203269,59.596605553227,4.211679768556037,61.322492355976735,1.526435476574072,21.905863278200492,52.26051133876156,25.214804503623565,56.79825890811157,-23.095955653319493,29.564258144489358,2.0639774752150357,27.816782098114846,-2.1469029125888213,46.04505592097983,Unfeasible shape,GPSampler,PRUNED
395,395,,2026-05-18 21:04:22.681338,2026-05-18 21:04:23.139780,0 days 00:00:00.458442,28.245236234353854,47.82695035481583,31.259189979702896,-83.30173964878755,59.55713945225837,4.203579676233661,61.254708799539515,1.5231144325181063,21.838177661849507,52.232549406427985,25.16625459337636,56.83348916293274,-23.109651623846517,29.543771367407825,2.057484555636853,27.83707110440192,-2.1633355519462114,46.05229397998041,Unfeasible shape,GPSampler,PRUNED
396,396,,2026-05-18 21:04:23.280802,2026-05-18 21:04:25.015017,0 days 00:00:01.734215,28.167488296683608,47.85005166635,31.351097928454816,-83.42422859542341,59.59466124586035,4.214187085797461,61.236124178912355,1.6139495687909715,21.805829623147588,52.15762803470141,25.163507071950484,56.86782854944357,-23.09494259389436,29.52959343159361,2.029105383355597,27.807480492261487,-2.240154246733198,46.09584041884218,Unfeasible shape,GPSampler,PRUNED
397,397,,2026-05-18 21:04:25.172232,2026-05-18 21:04:26.065671,0 days 00:00:00.893439,28.222536985991056,47.79148829059083,31.267136073448928,-83.36883024798125,59.57280975950141,4.219298403507235,61.34043833423835,1.570827053410646,21.84671507676927,52.31120150608107,25.22683490216477,56.818962827122135,-23.09398285423866,29.566774538969373,1.9976077060230972,27.85787824903357,-2.154763530388877,46.01962258889501,Unfeasible shape,GPSampler,PRUNED
398,398,,2026-05-18 21:04:26.222570,2026-05-18 21:04:28.177420,0 days 00:00:01.954850,28.287861771638365,47.757726208906384,31.255428280263164,-83.35206474159244,59.54148462822434,4.205586893350827,61.22489883836513,1.543063853181053,21.833966532509432,52.33139749384969,25.259459142576777,56.823331604180964,-23.18715085322617,29.552848173971373,2.031227308396719,27.89651963692379,-2.131370312266256,45.98601703587229,Unfeasible shape,GPSampler,PRUNED
399,399,,2026-05-18 21:04:28.346436,2026-05-18 21:04:29.218379,0 days 00:00:00.871943,28.134741398116947,47.72833350042606,31.244209062644067,-83.34050330470626,59.57043190501326,4.168588464364069,61.29099409124144,1.5566421475523313,21.845072343524073,52.29313311816681,25.22198152847224,56.82357130756373,-23.108053821261436,29.55233447677205,1.9758346588615114,27.780293710683985,-2.117923017211453,46.0120409596027,Unfeasible shape,GPSampler,PRUNED
400,400,,2026-05-18 21:04:29.364246,2026-05-18 21:04:30.019276,0 days 00:00:00.655030,28.291315406065777,47.82017097416918,31.243823464012785,-83.2928242372761,59.51252419202471,4.177912468443818,61.24727222183458,1.5378152037356898,21.813725075772332,52.29307770805542,25.190467866422164,56.81352964019219,-23.15911524131004,29.572523761487858,2.0967835618279373,27.893981416978402,-2.1135346757258233,46.0289694432823,Unfeasible shape,GPSampler,PRUNED
401,401,,2026-05-18 21:04:30.173473,2026-05-18 21:04:32.031329,0 days 00:00:01.857856,28.105899441934664,47.69865927898796,31.223077488626846,-83.40886134229032,59.58952616382912,4.208473423592884,61.31305002190899,1.5036524453058036,21.891855320825417,52.163232931912646,25.1506268583302,56.72126837647397,-22.981975676423296,29.4778861515524,2.0546794111543845,27.709244446466638,-2.098180664373281,46.049300999722846,Unfeasible shape,GPSampler,PRUNED
402,402,,2026-05-18 21:04:32.185955,2026-05-18 21:04:32.438868,0 days 00:00:00.252913,28.285824346920897,47.85978920703672,31.325647418282173,-83.32388521330395,59.515709630646825,4.205203696124464,61.181962808075525,1.543127780320937,21.81688159763203,52.198028184857165,25.148525204246543,56.84099356962524,-23.130831602012485,29.571847530482653,2.140852347641598,27.77220221990961,-2.1879755148674107,46.03934757141182,Unfeasible shape,GPSampler,PRUNED
403,403,,2026-05-18 21:04:32.586208,2026-05-18 21:04:34.318385,0 days 00:00:01.732177,28.268879997338406,47.87374787085717,31.267114634063386,-83.35620622722097,59.534513336348,4.2337230487414175,61.254770992137466,1.5332271200974503,21.821128580098488,52.23015950698468,25.166878418008032,56.87724556988857,-23.15259292668479,29.555362813308967,2.0520514871733804,27.846523037697434,-2.178753156971382,46.06600534280372,Unfeasible shape,GPSampler,PRUNED
404,404,,2026-05-18 21:04:34.471139,2026-05-18 21:04:34.913072,0 days 00:00:00.441933,28.18271684781366,47.765675694014135,31.214309826634636,-83.36298283187385,59.50977565921348,4.154781382617591,61.146625907020926,1.5313867748164895,21.88127222938071,52.22912511199823,25.30695388123979,56.84088314595332,-23.101740321979783,29.60713845928789,2.0114119538211748,27.819035333543326,-2.301805975539679,46.054123519649,Unfeasible shape,GPSampler,PRUNED
405,405,,2026-05-18 21:04:35.081487,2026-05-18 21:04:35.772234,0 days 00:00:00.690747,28.284466786528846,47.851746792980435,31.271139300090773,-83.32051964976496,59.512119378158204,4.228301760118978,61.25536657439233,1.519918202633015,21.85793240860238,52.23063879615514,25.217870107168743,56.841115761907474,-23.154067677266077,29.575476118425463,2.0703683664441805,27.878876232880863,-2.1646878329513584,46.03142263709888,Unfeasible shape,GPSampler,PRUNED
406,406,,2026-05-18 21:04:35.915504,2026-05-18 21:04:36.655134,0 days 00:00:00.739630,28.245328133395383,47.817661239630574,31.341988954080556,-83.38833379448563,59.632932931610746,4.251030329059189,61.2612550112204,1.5753390434515282,21.89361516500944,52.21604400831055,25.184868976335025,56.78916790426223,-23.048350707195844,29.575120633431336,2.10585058078975,27.771977663799774,-2.2139440617534163,46.087586493998344,Unfeasible shape,GPSampler,PRUNED
407,407,,2026-05-18 21:04:36.806320,2026-05-18 21:04:39.100458,0 days 00:00:02.294138,28.230157210939236,47.83091097884048,31.253277768925305,-83.27802965286052,59.53861969690445,4.191668489081147,61.21260347431477,1.523014470664009,21.85162876903986,52.211626840411135,25.186997391907056,56.831466491916515,-23.210915981928053,29.49378709093977,2.095053290611365,27.87955284374131,-2.1600954014959086,46.0166197859498,Unfeasible shape,GPSampler,PRUNED
408,408,,2026-05-18 21:04:39.277322,2026-05-18 21:04:42.127701,0 days 00:00:02.850379,28.250362829876494,47.80805295290354,31.288502722272177,-83.35363563913143,59.536499553221205,4.2043166309966615,61.237192936958174,1.5343153132385225,21.77359954258391,52.25728970929304,25.199512297822064,56.814545288741634,-23.15794926951415,29.56702512857384,2.076757990410067,27.867835040933826,-2.135904815842693,46.02291210760371,Unfeasible shape,GPSampler,PRUNED
409,409,,2026-05-18 21:04:42.295757,2026-05-18 21:04:42.624657,0 days 00:00:00.328900,28.290128534079614,47.82978231517744,31.25215475975333,-83.28353755995946,59.550896988668796,4.189366486752423,61.26138623832745,1.5378456166279264,21.827036968568056,52.268669866993704,25.155270564464097,56.86677050917318,-23.167391834151914,29.53806277142021,2.0038158831172215,27.864286618602137,-2.168526035834951,46.03573155012097,Unfeasible shape,GPSampler,PRUNED
410,410,,2026-05-18 21:04:42.757102,2026-05-18 21:04:43.295397,0 days 00:00:00.538295,28.22770039884648,47.80265673139399,31.250307744974695,-83.34382079693633,59.53722673477747,4.153424269247742,61.22017761810161,1.5239449982456108,21.799044929199347,52.249818677328555,25.20115358786619,56.78020299385862,-23.12054875954712,29.555402672648952,2.0339293536824457,27.76715673255393,-2.1356571132783344,46.0364508176272,Unfeasible shape,GPSampler,PRUNED
411,411,,2026-05-18 21:04:43.434766,2026-05-18 21:04:45.208514,0 days 00:00:01.773748,28.253275388944527,47.8037135329874,31.317457161134794,-83.3941701128168,59.54016096770516,4.213853839456821,61.22052203075778,1.5274235401697567,21.895910992271048,52.197156150928734,25.15444986271732,56.79263251005861,-23.070954472257668,29.502738236855066,2.0596341681852826,27.824403384954955,-2.179221041319906,46.0726070140806,Unfeasible shape,GPSampler,PRUNED
412,412,,2026-05-18 21:04:45.370303,2026-05-18 21:04:48.927786,0 days 00:00:03.557483,28.28548546218361,48.016562307936915,31.258867716275095,-83.23956309559544,59.511191860978464,4.167791643068707,61.213564765184685,1.477702067043424,21.76581308588562,52.37391671130381,25.085338099530816,56.87478888744148,-23.109688184891013,29.512088272908983,2.165350301678864,27.585210700170972,-2.2138263874366544,46.104362126107155,Unfeasible shape,GPSampler,PRUNED
413,413,,2026-05-18 21:04:49.094839,2026-05-18 21:04:51.413536,0 days 00:00:02.318697,28.35739314426481,47.87571158636573,31.261940367440992,-83.32381954955808,59.51421300614521,4.216388341757208,61.21187238330753,1.5552276273954035,21.777589960426813,52.22668627324964,25.197100367519745,56.889538723966275,-23.191145564304293,29.592268656637433,2.045848323786498,27.892735270095333,-2.115021014743995,46.035397877131985,Unfeasible shape,GPSampler,PRUNED
414,414,,2026-05-18 21:04:51.569271,2026-05-18 21:04:52.522032,0 days 00:00:00.952761,28.252635711037914,47.86572917367677,31.268585060873292,-83.4137293906462,59.60518350783297,4.261286598971575,61.31814018933101,1.5388061032228535,21.81089570935324,52.18277593714596,25.203291377448394,56.87580600303136,-23.126143689176864,29.551136553273707,1.9808428045934101,27.91115837795229,-2.139967489803567,46.07294392879284,Unfeasible shape,GPSampler,PRUNED
415,415,,2026-05-18 21:04:52.677458,2026-05-18 21:04:53.122051,0 days 00:00:00.444593,28.295785907921772,47.89431466055421,31.24408281503475,-83.27439797952209,59.51134500265884,4.2112146574388065,61.21914357271989,1.5201595607659115,21.845199156552102,52.252632672765394,25.203325188905087,56.82694014950236,-23.172435963101137,29.547242979243965,2.1043949440946816,27.848011520720995,-2.185443074953554,46.04963795305133,Unfeasible shape,GPSampler,PRUNED
416,416,,2026-05-18 21:04:53.259826,2026-05-18 21:04:54.046378,0 days 00:00:00.786552,28.23414453429437,47.9798174504146,31.4241379680523,-83.1911085561131,59.58560417497856,4.2252948855193395,61.20668446731289,1.5047561192490306,21.94960242758061,52.288564582953825,25.199642171955727,56.9627055665005,-23.079363618869934,29.516037304173,2.219654932841153,27.88838844282812,-2.3056350883846974,45.989541987878006,Unfeasible shape,GPSampler,PRUNED
417,417,,2026-05-18 21:04:54.193956,2026-05-18 21:04:55.797388,0 days 00:00:01.603432,28.323043496028685,47.873539685711,31.240556267659322,-83.32456125717324,59.498577525084904,4.262024738746043,61.2585303151417,1.56655894473775,21.789921116091264,52.265475486662545,25.253362555148087,56.902553966142165,-23.18350866472283,29.584040377357855,1.9950988863988688,27.93805083450696,-2.1339011121306086,46.04071043743793,Unfeasible shape,GPSampler,PRUNED
418,418,,2026-05-18 21:04:55.958961,2026-05-18 21:04:58.342915,0 days 00:00:02.383954,28.183494901956074,47.79254266651591,31.26357602965918,-83.33063917284174,59.539559947056354,4.168350961383428,61.27217333619335,1.5613591013682608,21.735882404506587,52.24179124502929,25.19599971845227,56.83725089094051,-23.101297272697806,29.571482886679966,2.0375102297134884,27.853039059130783,-2.0911323185945037,46.062342992829585,Unfeasible shape,GPSampler,PRUNED
419,419,,2026-05-18 21:04:58.500107,2026-05-18 21:05:00.734826,0 days 00:00:02.234719,28.053378178404284,47.69012088753225,31.210130915410833,-83.52970993232303,59.51135466061016,4.225512690469901,61.2254908690272,1.5671777249734262,21.727340894728634,52.209392375565685,25.264084610454766,56.7022312152932,-22.976213076535558,29.606505626080352,2.042295958987183,27.895817742226033,-1.9766115991502318,46.103423219993616,Unfeasible shape,GPSampler,PRUNED
420,420,,2026-05-18 21:05:00.887471,2026-05-18 21:05:02.656088,0 days 00:00:01.768617,28.22776075422684,47.80132090928671,31.287016463536744,-83.32984874799392,59.56096878854205,4.215328095944201,61.232424056966344,1.512391357253641,21.837871812330246,52.246549808366986,25.20206188704787,56.79553785699484,-23.11717969249213,29.544051616524325,2.0692013603804105,27.804173127366195,-2.1635009557858,46.0297415866562,Unfeasible shape,GPSampler,PRUNED
421,421,,2026-05-18 21:05:02.814981,2026-05-18 21:05:03.650558,0 days 00:00:00.835577,28.27533540066309,47.83585914396529,31.205776201420857,-83.39036540252275,59.505815540000235,4.292898060222207,61.33256523900038,1.5795398715288798,21.725472198174675,52.27961017730071,25.341222607411723,56.85467247239424,-23.162297630888986,29.612638625620395,2.0210369689146,27.9997078543202,-2.0907767258871033,46.076053336661104,Unfeasible shape,GPSampler,PRUNED
