,number,value,datetime_start,datetime_complete,duration,params_highPt.lL1,params_highPt.lL2,params_highPt.lL3,params_highPt.rA2,params_highPt.rL1,params_highPt.rL2,params_highPt.rL3,params_highPt.x2,params_highPt.y2,params_lowPt.lL1,params_lowPt.lL2,params_lowPt.lL3,params_lowPt.rA2,params_lowPt.rL1,params_lowPt.rL2,params_lowPt.rL3,params_lowPt.x2,params_lowPt.y2,user_attrs_prune,system_attrs_auto:sampler,state
422,422,,2026-05-18 21:05:03.803423,2026-05-18 21:05:08.230031,0 days 00:00:04.426608,28.18819323863216,47.78684570528045,31.332114917194346,-83.23232524208271,59.57827165114302,4.211781150040695,61.181469312114494,1.4944121276805973,21.795605890130787,52.18713050980625,25.062892646387564,56.73902340642811,-23.1013049231058,29.517372229962994,2.1957862989172368,27.681847514531345,-2.2240570536044757,46.05834567547956,Unfeasible shape,GPSampler,PRUNED
423,423,,2026-05-18 21:05:08.385300,2026-05-18 21:05:08.779248,0 days 00:00:00.393948,28.2407052411641,47.789620840917095,31.315129905550325,-83.42021376010968,59.514103287605785,4.20504633166542,61.260442695388214,1.5774467699710257,21.770376314498353,52.19890827578617,25.252859384304877,56.86509895782251,-23.18044357064619,29.687636829083257,2.1301711508276595,27.88393851498497,-2.067887432429089,46.093832311156966,Unfeasible shape,GPSampler,PRUNED
424,424,,2026-05-18 21:05:08.930529,2026-05-18 21:05:09.624901,0 days 00:00:00.694372,28.22271099670575,47.80324363629005,31.32481896016726,-83.39416665471107,59.51954665798304,4.205589285336817,61.23676341723146,1.5619521814077686,21.811106879895977,52.19732805435941,25.15565382018578,56.83941387287835,-23.078754444918268,29.567458147540655,2.0866537257266398,27.80444256520692,-2.1453192563130727,46.064391201808746,Unfeasible shape,GPSampler,PRUNED
425,425,,2026-05-18 21:05:09.771183,2026-05-18 21:05:10.065359,0 days 00:00:00.294176,28.240556146661493,47.866885347843635,31.268226514692955,-83.4132314267329,59.5441989087616,4.223251923782136,61.24504892475781,1.5084952240525809,21.82125307874382,52.19861391923472,25.14807000751414,56.84572794028929,-23.084532640608806,29.583789166689446,2.0600075368091826,27.833177276199745,-2.151089257123246,46.0902292135013,Unfeasible shape,GPSampler,PRUNED
426,426,,2026-05-18 21:05:10.211341,2026-05-18 21:05:12.262105,0 days 00:00:02.050764,28.213068445033425,47.764146633491315,31.264315959336976,-83.35555328903702,59.56037842974974,4.200076480601066,61.25683171882389,1.5244196951342346,21.826257074717784,52.26321911904955,25.1978866998657,56.793418358775966,-23.11114972313112,29.544633259741676,2.03712948866829,27.796618336654838,-2.139089827550592,46.03385064790505,Unfeasible shape,GPSampler,PRUNED
427,427,,2026-05-18 21:05:12.435199,2026-05-18 21:05:14.837175,0 days 00:00:02.401976,28.269367233723095,47.816727179865644,31.24737884601333,-83.36007343179058,59.51479272396635,4.227733105656958,61.23640078512748,1.5640691585664257,21.83214099131457,52.28734021353486,25.16180421072693,56.85850978334427,-23.12761524094814,29.508308676839444,2.057898996965995,27.83479482243416,-2.1337854707731125,46.0609547982597,Unfeasible shape,GPSampler,PRUNED
428,428,,2026-05-18 21:05:15.000427,2026-05-18 21:05:17.108247,0 days 00:00:02.107820,28.319190101214833,47.85654884000692,31.256002958963663,-83.24117008398346,59.56919883860942,4.198780993160451,61.2347916155956,1.5098187766438258,21.820540744880965,52.319955190224775,25.15088285311803,56.881754803177856,-23.194400224860914,29.49970281118304,2.0617598626651716,27.857817056246677,-2.1831218610361347,45.9942783400777,Unfeasible shape,GPSampler,PRUNED
429,429,,2026-05-18 21:05:17.270336,2026-05-18 21:05:17.863265,0 days 00:00:00.592929,28.288101469515112,47.89756188639393,31.26586472828027,-83.37408447492443,59.52574191484216,4.207955247197872,61.244755572161516,1.5228860691899726,21.79423138332717,52.219111300520595,25.14571326735326,56.88691288734394,-23.13429841265983,29.554277333494785,2.057684920784086,27.880736892813303,-2.158494842491706,46.0568003257859,Unfeasible shape,GPSampler,PRUNED
430,430,,2026-05-18 21:05:18.005775,2026-05-18 21:05:19.922365,0 days 00:00:01.916590,28.21744381615172,47.755980726915794,31.246675202315135,-83.48171028675013,59.574316508827756,4.211660069826034,61.24183937722545,1.5750668914771992,21.827947913800724,52.238909218213195,25.151111966479966,56.82521770435061,-23.07736947053815,29.540942807391485,2.0378129757541377,27.7590466936005,-2.218388283388606,46.07196069808947,Unfeasible shape,GPSampler,PRUNED
431,431,,2026-05-18 21:05:20.102183,2026-05-18 21:05:20.749877,0 days 00:00:00.647694,28.198044208419248,47.76972363897924,31.235158672553396,-83.48266464247999,59.512496038843445,4.221600305189201,61.30327480205672,1.5896883049689592,21.782112856512153,52.212502580074215,25.24355575726309,56.82244369299218,-23.075065837374787,29.63451952345869,1.9552790911108837,27.881476463356574,-2.07177098263314,46.071899888318235,Unfeasible shape,GPSampler,PRUNED
432,432,,2026-05-18 21:05:20.898492,2026-05-18 21:05:22.745411,0 days 00:00:01.846919,28.36308864672814,47.876919970690096,31.33594263569133,-83.35141621434241,59.47112834767192,4.213499480020842,61.15822236568238,1.6248154770640895,21.62077908726393,52.411951184336125,25.222955272547782,56.92669026955308,-23.06551594659914,29.604914993021005,2.045980624776007,28.042825584415343,-2.0880722528411653,46.063356295649555,Unfeasible shape,GPSampler,PRUNED
433,433,,2026-05-18 21:05:22.925698,2026-05-18 21:05:25.554859,0 days 00:00:02.629161,28.432247905771604,47.96206519574213,31.239398413776875,-83.16681524031767,59.46527190649015,4.303558616922716,61.28227109030451,1.514440783459733,21.74789472549588,52.2444380468769,25.205674530046,56.973511554020355,-23.281820085848786,29.59726036275706,2.083071792089946,27.940067559810224,-2.1734313012852766,46.075256533044026,Unfeasible shape,GPSampler,PRUNED
434,434,,2026-05-18 21:05:25.715929,2026-05-18 21:05:28.786826,0 days 00:00:03.070897,28.236041085290474,47.80965490752275,31.218524097374754,-83.36647691461975,59.55118468415772,4.191681945575517,61.241088088536614,1.5769272188216732,21.684542190137375,52.28059958975041,25.19525450540791,56.84802798586802,-23.16464834423069,29.51980916140909,2.156776451948171,27.843715350306244,-2.0820863981875988,46.06994767808294,Unfeasible shape,GPSampler,PRUNED
435,435,,2026-05-18 21:05:28.947893,2026-05-18 21:05:30.770690,0 days 00:00:01.822797,28.245115722641394,47.802267175972574,31.216679573960594,-83.3451656999895,59.62317378357015,4.236838066159325,61.295761206473,1.5565147703236093,21.78945632011218,52.309192288128216,25.18725462406474,56.81136953378415,-23.11919474514326,29.514162441843606,2.0401211068784253,27.86377023270122,-2.1079150984165693,46.09114477444936,Unfeasible shape,GPSampler,PRUNED
436,436,,2026-05-18 21:05:30.938845,2026-05-18 21:05:31.697524,0 days 00:00:00.758679,28.309665064827044,47.906479703685946,31.32041401301328,-83.31265653648325,59.549936357161414,4.23206700108929,61.28917257424345,1.5405061384238437,21.880112646212545,52.26833279318136,25.18493685024962,56.90539633692257,-23.184498946719614,29.56098681404337,2.077593356285331,27.874995668975572,-2.1884963540535978,46.03778198827712,Unfeasible shape,GPSampler,PRUNED
437,437,,2026-05-18 21:05:31.851207,2026-05-18 21:05:34.207689,0 days 00:00:02.356482,28.360293835914796,47.961127063677374,31.281875756538994,-83.37139122194269,59.49463457023026,4.2331710101067745,61.22207713780406,1.4976662232576743,21.860268772152278,52.11137671094415,25.20470976342181,56.888357276189765,-23.128373414208,29.563287639859695,2.0285775868783498,27.99110516078478,-2.198268213839256,46.00655135871943,Unfeasible shape,GPSampler,PRUNED
438,438,,2026-05-18 21:05:34.372604,2026-05-18 21:05:34.987339,0 days 00:00:00.614735,28.40341403756672,47.95863969042851,31.26595776904968,-83.26468183029777,59.557375684437986,4.165374598666379,61.19830973723896,1.5494559855394527,21.794654274349718,52.32912136933928,25.10898162280099,56.88629948375581,-23.138848988392063,29.483178680121057,2.1545711311065494,27.742113475588084,-2.292522022098062,46.087806355165,Unfeasible shape,GPSampler,PRUNED
439,439,,2026-05-18 21:05:35.135710,2026-05-18 21:05:35.380287,0 days 00:00:00.244577,28.265380981436902,47.88354367012901,31.315240328453285,-83.40895414118799,59.57795030572676,4.217231259600522,61.29367918656435,1.4588880045403698,22.009468457725625,52.198552057484626,25.062009627121874,56.855973165125135,-23.085612634632717,29.556628122883026,2.0924301236181897,27.85677569375315,-2.2277595940035724,46.05736914381221,Unfeasible shape,GPSampler,PRUNED
440,440,,2026-05-18 21:05:35.527730,2026-05-18 21:05:37.259078,0 days 00:00:01.731348,28.270323405022086,47.831018023290326,31.264403269316883,-83.32059996995913,59.487893302225466,4.233580205525573,61.20596206840911,1.5632319859758752,21.82104511855795,52.24543154389886,25.235748687506103,56.85385603746237,-23.160065058907975,29.60253882174065,2.0473261980636632,27.868942724952078,-2.123949422432574,46.06384913903645,Unfeasible shape,GPSampler,PRUNED
441,441,,2026-05-18 21:05:37.410076,2026-05-18 21:05:39.864094,0 days 00:00:02.454018,28.334705435907626,47.92889899374015,31.22389782147303,-83.27963431273535,59.52762218356621,4.2576663835492745,61.2357377810166,1.5059277257132422,21.768864123699707,52.25486329417503,25.179621264907873,56.88420260399887,-23.231898724781423,29.558699651762765,2.0479806419620807,27.952971780676783,-2.128826265763415,46.02981559482858,Unfeasible shape,GPSampler,PRUNED
442,442,,2026-05-18 21:05:40.033152,2026-05-18 21:05:41.919409,0 days 00:00:01.886257,28.341194147525982,47.868058339600516,31.21965380849914,-83.24713343036137,59.61399676092612,4.216102770530352,61.30894619452771,1.4893976580510966,21.812529825368884,52.38356191966951,25.173246666140795,56.89606913967226,-23.23249239952731,29.47554252800449,2.0871354380471097,27.893075180759606,-2.185191460844699,45.958027676383146,Unfeasible shape,GPSampler,PRUNED
443,443,,2026-05-18 21:05:42.085113,2026-05-18 21:05:44.228225,0 days 00:00:02.143112,28.215470643933685,47.775739058515086,31.294148915154118,-83.36104645998948,59.57544590084481,4.198348480560389,61.247121633663234,1.4950999567194074,21.862727282385553,52.265330167179584,25.17938404104032,56.79020897651908,-23.141003032184287,29.547941432797938,2.0837768998011406,27.76963000212693,-2.105948846389005,46.037858770852836,Unfeasible shape,GPSampler,PRUNED
444,444,,2026-05-18 21:05:44.454490,2026-05-18 21:05:44.974006,0 days 00:00:00.519516,28.19666296098898,47.75346384092575,31.23834269543384,-83.38591445799811,59.54454928482893,4.2124299842143476,61.29088883446275,1.5614650567502224,21.77447846609462,52.279057901097,25.229990408098722,56.82548943412959,-23.10385372940879,29.557709456453455,1.9749414285853621,27.876231896571454,-2.076396288098877,46.06021102851531,Unfeasible shape,GPSampler,PRUNED
445,445,,2026-05-18 21:05:45.124063,2026-05-18 21:05:46.895666,0 days 00:00:01.771603,28.242515762772108,47.810883050292745,31.235491649912653,-83.20512278062881,59.4556262615768,4.216641351504124,61.406291405535534,1.414309938933826,21.77392031093956,52.28938475718458,25.171337186026353,56.83699252649272,-23.202906583366037,29.562760032757275,2.050137674031223,27.97912693513771,-2.286202884481064,45.98588297650846,Unfeasible shape,GPSampler,PRUNED
446,446,,2026-05-18 21:05:47.066856,2026-05-18 21:05:47.580193,0 days 00:00:00.513337,28.25832154397541,47.774636666321136,31.303046845742006,-83.4631828227782,59.53254777873147,4.209534250291528,61.211609087158976,1.534154081882285,21.854934991016833,52.27333033681996,25.2074254216681,56.79402302756009,-23.134442444342,29.552034540807867,2.0132775081635987,27.802274139076317,-2.149819105329449,46.024175172989075,Unfeasible shape,GPSampler,PRUNED
447,447,,2026-05-18 21:05:47.733340,2026-05-18 21:05:49.460268,0 days 00:00:01.726928,28.2443097221759,47.79712333612568,31.363720878612522,-83.21385475245485,59.39652541404826,4.181954999835662,61.100495681828164,1.6313161599811323,22.030436169504142,52.093729685544915,25.308445411378834,56.782692487529246,-23.163450885855,29.561403794195062,1.974969956058083,27.89496899351832,-2.065303023481121,45.93550577899613,Unfeasible shape,GPSampler,PRUNED
448,448,,2026-05-18 21:05:49.624847,2026-05-18 21:05:51.911871,0 days 00:00:02.287024,28.08172429282647,47.766462649513834,31.233949498717628,-83.38312170014416,59.66868598704757,4.233751073996847,61.21447407895515,1.672801271953304,21.90771038915102,52.246871070020624,25.117259468835787,56.82578613640396,-22.990404764195056,29.544012446778535,2.044448669256977,27.89823830159773,-2.098617539816189,46.02317633982143,Unfeasible shape,GPSampler,PRUNED
449,449,,2026-05-18 21:05:52.074417,2026-05-18 21:05:52.443893,0 days 00:00:00.369476,28.07981953563943,47.66288825357795,31.311369686899727,-83.39734454474173,59.57041515600899,4.1632128069174215,61.289901261568424,1.4433181717619945,21.82530639941472,52.210687009924236,25.181659224135387,56.681778085649015,-22.98884516715499,29.57579405423041,1.9541530720736033,27.794313707705555,-2.1027343580455167,46.08391748101071,Unfeasible shape,GPSampler,PRUNED
450,450,,2026-05-18 21:05:52.589040,2026-05-18 21:05:53.139631,0 days 00:00:00.550591,28.186932516556737,47.72570155213069,31.222375653617224,-83.3397471418666,59.55188018313548,4.2268309216790945,61.316546488744166,1.5315359041236647,21.771659905295348,52.2642696855739,25.184356474220493,56.85248719679642,-23.099855639190352,29.57082778344082,2.0834230869445056,27.918513082385488,-2.0943349978949897,46.05436369051851,Unfeasible shape,GPSampler,PRUNED
451,451,,2026-05-18 21:05:53.279297,2026-05-18 21:05:53.896111,0 days 00:00:00.616814,28.279113393055773,47.84118292498745,31.297360748541703,-83.30711254779929,59.528465206134804,4.223682413648934,61.20216275350728,1.5345053816431857,21.820247764762534,52.22056256471893,25.195175454249217,56.86302319698255,-23.14516282770873,29.522540912875854,2.0871080139799014,27.85971837361412,-2.1688743347254658,46.05308858302914,Unfeasible shape,GPSampler,PRUNED
452,452,,2026-05-18 21:05:54.048243,2026-05-18 21:05:56.029181,0 days 00:00:01.980938,28.238370254832216,47.77214078563483,31.27331472353592,-83.29728353782602,59.541840846746204,4.225334940175896,61.27511225093415,1.5600014417160182,21.849302912687655,52.30302977386544,25.211852781492297,56.8365440561763,-23.155045302247466,29.5720167127827,2.0384925140693264,27.883224430684677,-2.107666336062003,46.028649299514306,Unfeasible shape,GPSampler,PRUNED
453,453,,2026-05-18 21:05:56.189907,2026-05-18 21:05:56.976963,0 days 00:00:00.787056,28.19356810603051,47.75438815551917,31.28163619191449,-83.38021116458313,59.5183301032513,4.217241955812101,61.34066087403636,1.4827659711009602,21.804112375621706,52.15265748676877,25.212973271881076,56.79429202198053,-23.062059221508243,29.55222004591167,2.061463205987099,27.874249647477072,-2.1476793817372197,46.071415562784814,Unfeasible shape,GPSampler,PRUNED
454,454,,2026-05-18 21:05:57.120247,2026-05-18 21:05:58.953331,0 days 00:00:01.833084,28.226321751020446,47.804900812510915,31.276803339479905,-83.34427494292477,59.491680618795996,4.225217101702968,61.24133130007197,1.603435677704283,21.807122253151523,52.31026713566053,25.249409738547044,56.82163143423483,-23.118724026958958,29.563486471886776,2.0489363969648835,27.891267157617385,-2.0891922740850504,46.01268601949556,Unfeasible shape,GPSampler,PRUNED
455,455,,2026-05-18 21:05:59.116739,2026-05-18 21:06:01.150272,0 days 00:00:02.033533,28.299667485766896,47.813232412315784,31.270559067898006,-83.36212850657544,59.51527646743178,4.240499467707659,61.24855374393226,1.5484891968150905,21.814313369886793,52.26558249432903,25.252800726879737,56.84712383000864,-23.17794354434674,29.58681506268056,1.9877154782047202,27.909529032953653,-2.1294520087170667,46.04093935066912,Unfeasible shape,GPSampler,PRUNED
456,456,,2026-05-18 21:06:01.308581,2026-05-18 21:06:01.783725,0 days 00:00:00.475144,28.325462284170978,47.78125836423997,31.29031267010739,-83.25334054314989,59.58080546181239,4.225186091308699,61.29491577872524,1.392273330210358,22.03669673266952,52.15169418587005,25.189946062180873,56.775290509394566,-23.07634502305227,29.579063545973057,2.1600655642949533,27.852397782796174,-2.2074436175614665,46.08306304124997,Unfeasible shape,GPSampler,PRUNED
457,457,,2026-05-18 21:06:01.919354,2026-05-18 21:06:02.264046,0 days 00:00:00.344692,28.07614900030903,47.74922629077847,31.167920081866885,-83.48522144253654,59.597436906413094,4.163513477133955,61.26895600458605,1.5608749844100842,22.021633965572327,52.272936690642055,25.078206614685786,56.847446053662146,-23.109874421466444,29.47364936802309,2.1268171066626715,27.795192297517318,-2.049746977512882,45.82624548986687,Unfeasible shape,GPSampler,PRUNED
458,458,,2026-05-18 21:06:02.413470,2026-05-18 21:06:04.027917,0 days 00:00:01.614447,28.25562991254588,47.81230558168516,31.258202195164095,-83.34707359200924,59.55452729066705,4.210905731996892,61.2487819786449,1.5486901391988255,21.785308678101934,52.250242066991085,25.190958834187075,56.84766154859748,-23.134745890077433,29.54890892698953,2.0484002739291842,27.863002919270897,-2.1270507243859527,46.051668487752615,Unfeasible shape,GPSampler,PRUNED
459,459,,2026-05-18 21:06:04.203242,2026-05-18 21:06:05.949360,0 days 00:00:01.746118,28.3090761024086,47.86707581778311,31.309243075251533,-83.35887003395732,59.46345945097356,4.247983423156837,61.22784293104358,1.598456816692945,21.825140435338998,52.21387820237976,25.2571239448091,56.91324425607313,-23.18715495412934,29.649821206762144,2.0271973298679313,27.970981985162158,-2.0794010236082983,46.05554158292087,Unfeasible shape,GPSampler,PRUNED
460,460,,2026-05-18 21:06:06.099910,2026-05-18 21:06:08.562935,0 days 00:00:02.463025,28.30939322102209,47.88355437914425,31.27142735299532,-83.30324644979969,59.5346583296819,4.219858701696713,61.229318201628246,1.5198670167512773,21.833417768754636,52.22944632809983,25.16499854231532,56.877101339035825,-23.1698788590313,29.55287058837846,2.0781055511760087,27.8694322567588,-2.183655358481026,46.03742666921977,Unfeasible shape,GPSampler,PRUNED
461,461,,2026-05-18 21:06:08.715281,2026-05-18 21:06:09.233845,0 days 00:00:00.518564,28.15606322424948,47.721049115773404,31.32313240538792,-83.36587749123231,59.61391670601662,4.162083583368519,61.20861560191865,1.5148672782404589,21.91466535295603,52.24382964920138,25.127689447159188,56.731155747795604,-23.07924010504729,29.506320218276286,2.1053057632762453,27.67571035813672,-2.1815571275402377,46.028009446085065,Unfeasible shape,GPSampler,PRUNED
462,462,,2026-05-18 21:06:09.392018,2026-05-18 21:06:11.294865,0 days 00:00:01.902847,28.26070650948649,47.81009701918736,31.2763746347663,-83.33431753366759,59.53064641573084,4.215469537942751,61.24383864910161,1.5298851266592806,21.84375159543127,52.24761767388522,25.20813527972953,56.84448445404285,-23.136526739079727,29.563523703191876,2.0490618894951242,27.82853784343399,-2.1403611611282187,46.04345881783516,Unfeasible shape,GPSampler,PRUNED
463,463,,2026-05-18 21:06:11.447221,2026-05-18 21:06:13.406309,0 days 00:00:01.959088,28.178335815710938,47.824993349049315,31.221567403162915,-83.47700684219757,59.54335335724525,4.214103697371943,61.296447873726365,1.5215506341652443,21.82591975467078,52.16123491320866,25.1117526266301,56.84726703194465,-23.02161455160779,29.547912247496477,2.018258064809512,27.842987942544106,-2.1178846843241885,46.09766172588364,Unfeasible shape,GPSampler,PRUNED
464,464,,2026-05-18 21:06:13.543101,2026-05-18 21:06:14.334314,0 days 00:00:00.791213,28.208010494654232,47.78595318547355,31.26198017307891,-83.28973656438461,59.614332215122886,4.18002426553639,61.25421950722712,1.5326217267063171,21.93655593840927,52.222104908898125,25.17737476040774,56.81102117764813,-23.146837953647612,29.5882916429571,1.993977442561485,27.91823405695867,-2.1334473006130708,46.05963608433754,Unfeasible shape,GPSampler,PRUNED
465,465,,2026-05-18 21:06:14.482494,2026-05-18 21:06:16.969415,0 days 00:00:02.486921,28.268453773243515,47.829136991612,31.288949598366028,-83.38510580073735,59.5263546522066,4.198834096751902,61.13574209452332,1.5417670912501222,21.86602894038814,52.238219524414916,25.215771445691573,56.78728491914611,-23.167749878183166,29.56892247417203,2.0581292986326374,27.800903740029547,-2.141738926179272,46.02911935667865,Unfeasible shape,GPSampler,PRUNED
466,466,,2026-05-18 21:06:17.111693,2026-05-18 21:06:19.358233,0 days 00:00:02.246540,28.238895534811544,47.820046406524106,31.2404661560896,-83.31594801950253,59.55527749853373,4.233594073342545,61.29833597963642,1.516100486398571,21.88382785220181,52.24325106143997,25.183875124856808,56.847841752317926,-23.080917973210695,29.542646498030553,2.0520368201392234,27.858523821599245,-2.1451977978738697,46.04920119550827,Unfeasible shape,GPSampler,PRUNED
467,467,,2026-05-18 21:06:19.500551,2026-05-18 21:06:21.866187,0 days 00:00:02.365636,28.348582205307228,47.93945578240115,31.17948557278203,-83.21415512867267,59.532912446528805,4.265122841173119,61.21421565096895,1.556063722613672,21.82333379278146,52.29557786612878,25.161875167060362,56.91891704210218,-23.25218028540729,29.499790074243144,2.076895414942186,27.872490236306337,-2.134884220002675,45.947834547887474,Unfeasible shape,GPSampler,PRUNED
468,468,,2026-05-18 21:06:22.016932,2026-05-18 21:06:22.877016,0 days 00:00:00.860084,28.24417021938439,47.83545510697705,31.295259504833563,-83.32657476499001,59.53311357744318,4.1734934504285786,61.24760712089506,1.5244903984676057,21.791963094988482,52.268627646358425,25.151645867419845,56.853186290346116,-23.139251742069945,29.57172687624363,2.0759888912761486,27.78164585294699,-2.1751446226419944,46.10042160422947,Unfeasible shape,GPSampler,PRUNED
