,number,value,datetime_start,datetime_complete,duration,params_highPt.lL1,params_highPt.lL2,params_highPt.lL3,params_highPt.rA2,params_highPt.rL1,params_highPt.rL2,params_highPt.rL3,params_highPt.x2,params_highPt.y2,params_lowPt.lL1,params_lowPt.lL2,params_lowPt.lL3,params_lowPt.rA2,params_lowPt.rL1,params_lowPt.rL2,params_lowPt.rL3,params_lowPt.x2,params_lowPt.y2,user_attrs_prune,system_attrs_auto:sampler,state
845,845,,2026-05-18 21:15:26.454293,2026-05-18 21:15:29.193213,0 days 00:00:02.738920,28.26961885758118,47.90017130872994,31.27142810689035,-83.28914994251494,59.602730616049136,4.209760643273905,61.23544772160644,1.4642541952789898,21.907108156266478,52.20137433518843,25.12775712630328,56.80876742115396,-23.158849180115446,29.50175674535024,2.1232597961547786,27.780058130648584,-2.2755348240121833,46.05533361962345,Unfeasible shape,GPSampler,PRUNED
846,846,,2026-05-18 21:15:29.329832,2026-05-18 21:15:30.992736,0 days 00:00:01.662904,28.315229030378962,47.850824837330194,31.24126171409641,-83.33309604505817,59.49026922333849,4.253723944370374,61.28276537467892,1.6035353565276864,21.800008705628244,52.30500383629056,25.287984041861307,56.901425015697555,-23.2130833411032,29.615074144449732,1.9441028326336491,27.982760415238243,-2.0892767480113363,46.05495597829035,Unfeasible shape,GPSampler,PRUNED
847,847,,2026-05-18 21:15:31.159435,2026-05-18 21:15:33.064373,0 days 00:00:01.904938,28.231335726058923,47.80632602499875,31.262456240771286,-83.3424069304651,59.54093937617277,4.227032968481057,61.22907859968053,1.5396336160016304,21.829797527672795,52.25248661465973,25.2351405543664,56.82839246116346,-23.12573666153301,29.616672163517737,2.040868266770776,27.84158203881834,-2.134561352092824,46.05534180812639,Unfeasible shape,GPSampler,PRUNED
848,848,,2026-05-18 21:15:33.217283,2026-05-18 21:15:34.907777,0 days 00:00:01.690494,28.21174598815254,47.74960892069395,31.278026303798725,-83.40257994419173,59.55608100125745,4.153489082942745,61.19158283647325,1.5334090842161316,21.838989803036824,52.267860612312276,25.216300680559115,56.79387258763305,-23.135126912035787,29.55064456537415,2.0129441729212942,27.76340186470927,-2.141240313773878,46.023174244476515,Unfeasible shape,GPSampler,PRUNED
849,849,,2026-05-18 21:15:35.062311,2026-05-18 21:15:35.462094,0 days 00:00:00.399783,28.27056718827343,47.846517355987984,31.276502410460107,-83.28183378637637,59.539272467445315,4.196214605166896,61.22293177695845,1.6149072981273846,21.871619243727505,52.285251408363656,25.203661838640638,56.83278770396208,-23.16060391095334,29.542849325715324,2.1072740156242835,27.781377429004557,-2.201048363018174,46.05607188689291,Unfeasible shape,GPSampler,PRUNED
850,850,,2026-05-18 21:15:35.627867,2026-05-18 21:15:36.035406,0 days 00:00:00.407539,28.239303715439842,47.759997232951115,31.263152968805763,-83.42667139946157,59.544105391007996,4.1776537364931166,61.20019106378431,1.5154048008902379,21.88393432482475,52.25077113536597,25.171685060333264,56.806238196487165,-23.138201542648545,29.543017060781416,2.078084996947177,27.840218341368058,-2.141421409135397,46.063747281335665,Unfeasible shape,GPSampler,PRUNED
851,851,,2026-05-18 21:15:36.192076,2026-05-18 21:15:36.617279,0 days 00:00:00.425203,28.378242693668405,47.933504136583515,31.261698171200717,-83.29312922315569,59.531618860068114,4.214873265038637,61.274672752615395,1.5147970480778241,21.793040053730937,52.25504107322394,25.111726413526988,56.88139702375577,-23.179605093625625,29.514994876866247,2.0670221064430954,27.882067192922705,-2.1972098102139768,46.07166506854811,Unfeasible shape,GPSampler,PRUNED
852,852,,2026-05-18 21:15:36.778371,2026-05-18 21:15:37.225009,0 days 00:00:00.446638,28.13801231210299,47.64550175688603,31.2644500356767,-83.40803097645835,59.52166595419685,4.21277430054886,61.30184186016636,1.5600839619083118,21.874565145373015,52.33959876914034,25.26979549527188,56.76239833751719,-23.091871503297405,29.565452420784986,2.0246472699640234,27.79257522479651,-2.0125970860571343,46.059527866649844,Unfeasible shape,GPSampler,PRUNED
853,853,,2026-05-18 21:15:37.393264,2026-05-18 21:15:37.897702,0 days 00:00:00.504438,28.359483631785395,47.8741028114482,31.299861022544622,-83.19922632696492,59.585997263114734,4.1842506063905045,61.24290387791519,1.5896793912872198,21.822572665519928,52.32385178868642,25.198326583200934,56.9481573751441,-23.201307963013676,29.572567207824843,2.0961833135071046,27.887133699720923,-2.2627259249834353,46.05584479891894,Unfeasible shape,GPSampler,PRUNED
854,854,,2026-05-18 21:15:38.064997,2026-05-18 21:15:38.438768,0 days 00:00:00.373771,28.17372519115091,47.768502877638326,31.3106579237694,-83.40762699047437,59.554816772016416,4.249704701667813,61.313157570189006,1.5198818558614917,21.818179520808016,52.277146666208424,25.210190452047105,56.82309563446259,-23.11306687997896,29.528650956137934,2.0036419117737827,27.843235656873798,-2.121975425047495,46.032870479676326,Unfeasible shape,GPSampler,PRUNED
855,855,,2026-05-18 21:15:38.589530,2026-05-18 21:15:38.991812,0 days 00:00:00.402282,28.264145023311276,47.833787901528424,31.30129638408853,-83.3015240203838,59.53863896988473,4.201973932966108,61.12488366559459,1.4956139695176276,21.821903648612047,52.19948700612976,25.167054617991813,56.829361609655614,-23.12060844001177,29.546281106535332,2.078555642715839,27.767669093831028,-2.1535288782217776,46.04806174567778,Unfeasible shape,GPSampler,PRUNED
856,856,,2026-05-18 21:15:39.142451,2026-05-18 21:15:39.597212,0 days 00:00:00.454761,28.229330253457256,47.81594962448639,31.262740699785795,-83.40190497470194,59.53806674890925,4.213216510864683,61.17239603886705,1.5369088711457906,21.831164236717314,52.19095252281264,25.159970708932022,56.8795289958143,-23.117774623837136,29.594241544587042,2.081923009583579,27.76066039840965,-2.150262104496875,46.05977386000029,Unfeasible shape,GPSampler,PRUNED
857,857,,2026-05-18 21:15:39.749441,2026-05-18 21:15:41.454131,0 days 00:00:01.704690,28.250447534985454,47.836233757033966,31.291974521928147,-83.3190210794069,59.557139125396716,4.209526581010367,61.21164785479744,1.5138834828581906,21.832175154435525,52.22308793604128,25.16225156995083,56.83779350460044,-23.135849117176463,29.552973738914176,2.0408089106921574,27.83348166916294,-2.158037629577656,46.035333039340244,Unfeasible shape,GPSampler,PRUNED
858,858,,2026-05-18 21:15:41.602302,2026-05-18 21:15:41.969466,0 days 00:00:00.367164,28.290538984398122,47.908408345484276,31.26852985102818,-83.36708961501589,59.48023458667612,4.240705055547327,61.16132500007886,1.5930672591058865,21.791639386525883,52.112308082883565,25.200148990731908,56.88485970292219,-23.100800437638,29.631658877650928,2.015527314831066,27.825887228090274,-2.111663258925887,46.096117860980556,Unfeasible shape,GPSampler,PRUNED
859,859,,2026-05-18 21:15:42.105851,2026-05-18 21:15:42.467844,0 days 00:00:00.361993,28.28894991755094,47.76863901018073,31.26609752923668,-83.34010039940203,59.5358391607516,4.21403902537931,61.26281164407038,1.5986900867342584,21.835289378373552,52.3459280408333,25.26160922901349,56.843103074981556,-23.170970957533584,29.61434875057567,2.057598651083448,27.85854670391251,-2.063156117649548,46.00313271977498,Unfeasible shape,GPSampler,PRUNED
860,860,,2026-05-18 21:15:42.610693,2026-05-18 21:15:44.339379,0 days 00:00:01.728686,28.263594900276605,47.83436579503832,31.216675592779755,-83.278345774548,59.4957014191725,4.267543761810853,61.292417173212165,1.5027419055487812,21.77480748202862,52.25611105820271,25.250307551770273,56.83725186305399,-23.179526216212842,29.600515596091842,1.9675002112080868,27.916349078879165,-2.097368399513549,46.05314929305127,Unfeasible shape,GPSampler,PRUNED
861,861,,2026-05-18 21:15:44.489355,2026-05-18 21:15:44.920677,0 days 00:00:00.431322,28.22778079318697,47.786116784505765,31.267766619638678,-83.31827946931136,59.55241658913825,4.205479277319876,61.22770258664893,1.5289634284818447,21.820502490058818,52.256431734753455,25.20454830552922,56.824111248253246,-23.119424579919624,29.553800468658395,2.0856168994687585,27.84353743578946,-2.134067263683015,46.02797751205598,Unfeasible shape,GPSampler,PRUNED
862,862,,2026-05-18 21:15:45.085712,2026-05-18 21:15:45.542878,0 days 00:00:00.457166,28.165728664599214,47.724950748645995,31.205657706492225,-83.45452736903202,59.59181232249896,4.227675705192682,61.304119909487525,1.5585337685733336,21.88184956545514,52.311747491325534,25.175245596985008,56.83759182507509,-22.969264612859433,29.58254039973786,1.9571732532142398,27.882966307057416,-2.165420848870241,46.081678627614195,Unfeasible shape,GPSampler,PRUNED
863,863,,2026-05-18 21:15:45.707816,2026-05-18 21:15:47.764733,0 days 00:00:02.056917,28.22698708462874,47.74769205630587,31.241206750021643,-83.38161581384287,59.49024945313814,4.2547742516291045,61.2674497936601,1.5401983063907707,21.857572180260544,52.26215864659348,25.286252533028968,56.76217418061741,-23.124391560384865,29.61321423301854,2.0454062542094764,27.843776651321328,-2.0995126547296294,46.03846638954492,Unfeasible shape,GPSampler,PRUNED
864,864,,2026-05-18 21:15:47.913564,2026-05-18 21:15:50.237051,0 days 00:00:02.323487,28.33022222792584,47.83532700056311,31.27164525448083,-83.32679300215531,59.534449394236006,4.215249986809583,61.19935931742871,1.5733975040990984,21.777372229921784,52.192486677685736,25.25943574338826,56.83412419021847,-23.153747784665633,29.551101715233855,2.0409336892707737,27.830240789830544,-2.109731452642059,46.10364505477282,Unfeasible shape,GPSampler,PRUNED
865,865,,2026-05-18 21:15:50.388689,2026-05-18 21:15:52.517787,0 days 00:00:02.129098,28.416452753701954,47.965627304363295,31.206468997837426,-83.33347695791473,59.73647305151558,4.268803680907418,61.30110349765054,1.532081990808301,21.69162057370073,52.39867792987776,25.127373199058116,56.93367625396369,-23.276948606054944,29.342730703485504,2.061214880062347,27.90261135647495,-2.3057325470943795,45.91018664192773,Unfeasible shape,GPSampler,PRUNED
866,866,,2026-05-18 21:15:52.706501,2026-05-18 21:15:55.593654,0 days 00:00:02.887153,28.222071833865307,47.78291583607851,31.28860765825523,-83.31620066464875,59.5728632428741,4.181048992828696,61.217080856631426,1.5330952551662236,21.826484496743443,52.222441536063805,25.182138471031198,56.810911720106894,-23.116622372581183,29.53247244438598,2.1216749635846535,27.78324909596887,-2.1909604270019187,46.02765335672408,Unfeasible shape,GPSampler,PRUNED
867,867,,2026-05-18 21:15:55.744717,2026-05-18 21:15:57.591792,0 days 00:00:01.847075,28.152613200144746,47.73220128873932,31.251449486926735,-83.23724716345708,59.56492475795573,4.18657449090778,61.293262610364394,1.4973765958067489,21.7873514060693,52.28817148482242,25.165146829887654,56.81026390768311,-23.089916931560467,29.520737057307475,2.0439488153937884,27.88231269380102,-2.1419724353752017,45.997952622076674,Unfeasible shape,GPSampler,PRUNED
868,868,,2026-05-18 21:15:57.759369,2026-05-18 21:16:00.026452,0 days 00:00:02.267083,28.253877792126573,47.82165563625331,31.274356753873633,-83.33737097189982,59.549269875004164,4.21181497618571,61.24379982404118,1.5378993181421166,21.815965859253296,52.23283596843003,25.176717753097808,56.843214419680805,-23.132500055150004,29.558974954652008,2.0413136660404483,27.839563770149105,-2.1504894379363293,46.05193775948336,Unfeasible shape,GPSampler,PRUNED
869,869,,2026-05-18 21:16:00.176692,2026-05-18 21:16:00.459904,0 days 00:00:00.283212,28.148174802188777,47.731335295460475,31.276615432919357,-83.397679882365,59.56123414777611,4.204020017700628,61.254542715510546,1.5007713935118971,21.85707904022205,52.22985328217389,25.14826451177176,56.803515065855514,-22.993953996706445,29.541029212899367,2.102465320811157,27.824613766411495,-2.1441814614713266,46.08613858171844,Unfeasible shape,GPSampler,PRUNED
870,870,,2026-05-18 21:16:00.614292,2026-05-18 21:16:02.990977,0 days 00:00:02.376685,28.4343723626396,47.98137985337919,31.32026028969336,-83.33597922174513,59.41252246972913,4.249369909447935,61.12695197992177,1.4946372452404475,21.871975475825966,52.1002944814869,25.307753572536043,56.92252555155553,-23.182428655178697,29.517047534445467,2.131589247287577,27.87667558152844,-2.1050944510232483,46.1229995832712,Unfeasible shape,GPSampler,PRUNED
871,871,,2026-05-18 21:16:03.153341,2026-05-18 21:16:03.516894,0 days 00:00:00.363553,28.207639907068778,47.797400391025725,31.268234529902436,-83.42770123177071,59.55063710436519,4.241584388994548,61.22808279699795,1.5664934099406764,21.76395254561636,52.297367544413625,25.200689043659217,56.8492403678328,-23.106213558877535,29.559339836085734,1.9913466013936163,27.881225978467853,-2.082940591616257,46.03683515231364,Unfeasible shape,GPSampler,PRUNED
872,872,,2026-05-18 21:16:03.658591,2026-05-18 21:16:03.974364,0 days 00:00:00.315773,28.41290679834546,47.9537535049785,31.28731888523752,-83.2410186522753,59.51653830883772,4.253713521489376,61.2093558140011,1.5236960192486393,21.747539453378224,52.2184490883516,25.164101809502764,56.906008504335645,-23.19459288640863,29.586621569753945,2.0817142673092137,27.950065557483804,-2.1529717687846315,46.06277433532309,Unfeasible shape,GPSampler,PRUNED
873,873,,2026-05-18 21:16:04.126189,2026-05-18 21:16:06.024911,0 days 00:00:01.898722,28.30028239628171,47.869635986986665,31.272517407494654,-83.31069742250061,59.503748849093014,4.209470291542343,61.23441718217954,1.4987496019835262,21.84261488212791,52.22920386168628,25.16736518522916,56.84320242660853,-23.157249157511195,29.562097861866587,2.0574934534243026,27.870173501201364,-2.1583217922061237,46.060085129369284,Unfeasible shape,GPSampler,PRUNED
874,874,,2026-05-18 21:16:06.194570,2026-05-18 21:16:06.618055,0 days 00:00:00.423485,28.23426658344912,47.75459754825446,31.19755840764197,-83.42958817458496,59.50613603076714,4.268153586098315,61.27645882640237,1.5908007780518076,21.778423644572765,52.278053887104655,25.223949929277943,56.84457727096801,-23.17233170608116,29.63355368708168,2.0838900762401193,27.93843378507268,-2.0424708751275347,46.13689395239645,Unfeasible shape,GPSampler,PRUNED
875,875,,2026-05-18 21:16:06.794787,2026-05-18 21:16:08.801534,0 days 00:00:02.006747,28.17605153986484,47.740377864185305,31.21897443766697,-83.34816620443091,59.552316255774564,4.182142872799378,61.23777338406141,1.5292090580670958,21.818064724797377,52.23339421006494,25.195680103658237,56.804973501154144,-23.107236755668012,29.554870064773066,1.9833537285589538,27.818554605169858,-2.110490504399067,46.000437612286106,Unfeasible shape,GPSampler,PRUNED
876,876,,2026-05-18 21:16:08.951182,2026-05-18 21:16:10.813850,0 days 00:00:01.862668,28.221770585908565,47.73282023479799,31.17531965878809,-83.63556653314289,59.576046179520084,4.175417001175688,61.26616605002215,1.5246832395372323,21.76168570827425,52.28369674234255,25.21411638174216,56.79784399233975,-23.109774048828697,29.544020559400877,1.9865087948993336,27.8073543741791,-2.097944068296087,46.11203867159613,Unfeasible shape,GPSampler,PRUNED
877,877,,2026-05-18 21:16:10.965608,2026-05-18 21:16:13.187887,0 days 00:00:02.222279,28.30685951297703,47.830609597090216,31.301036392834657,-83.29564597848754,59.56545461413997,4.204893204699825,61.231792982010944,1.5607537481427727,21.7755028215371,52.22757540706221,25.12403579017013,56.865190879527404,-23.155999650043036,29.525455212113275,2.1158935106737324,27.824219072031767,-2.1817832289325025,46.03560518036069,Unfeasible shape,GPSampler,PRUNED
878,878,,2026-05-18 21:16:13.340581,2026-05-18 21:16:15.738691,0 days 00:00:02.398110,28.20202720866008,47.7436194699476,31.22841083909928,-83.45099688018782,59.53945292773004,4.217276675819162,61.29584187227982,1.5652976793138933,21.791212031813497,52.29847445933631,25.237667032397514,56.82824430169618,-23.126168753935417,29.58714652122405,2.046458389541608,27.89434791627692,-2.0834544436379616,46.05260475431051,Unfeasible shape,GPSampler,PRUNED
879,879,,2026-05-18 21:16:15.889467,2026-05-18 21:16:20.239822,0 days 00:00:04.350355,28.25691678233266,47.86024207626109,31.34583846351934,-83.35244335394961,59.62978914383005,4.1706715428980825,61.17548073016411,1.4393433621701988,21.920805165383715,52.21991950084749,25.041251850426217,56.80460987356043,-23.134169629529936,29.468414883059623,2.1971549757013165,27.675428626492447,-2.2958815094440013,46.01358751825941,Unfeasible shape,GPSampler,PRUNED
880,880,,2026-05-18 21:16:20.408310,2026-05-18 21:16:22.410430,0 days 00:00:02.002120,28.299162423782224,47.82068045376513,31.252938919410468,-83.3832912730357,59.51726918972459,4.201842290900419,61.297546499213766,1.5072443911456048,21.77474534323532,52.269499206697596,25.239675315437374,56.86125582920726,-23.15694198768425,29.508565333191942,2.0352816714525073,27.889741641951108,-2.187157936942974,46.01471550714212,Unfeasible shape,GPSampler,PRUNED
881,881,,2026-05-18 21:16:22.577582,2026-05-18 21:16:24.345870,0 days 00:00:01.768288,28.335919232905376,47.732785683015535,31.156348371527223,-83.23509811102973,59.58385088644831,4.177195762760988,61.15279036723436,1.6361372755286965,21.906522752952206,52.267539579738006,25.152935371608358,56.68123440700849,-23.226555162727905,29.548611987226202,2.0089693910824087,27.79437601865262,-2.075040568257535,46.052807657620896,Unfeasible shape,GPSampler,PRUNED
882,882,,2026-05-18 21:16:24.519072,2026-05-18 21:16:25.497944,0 days 00:00:00.978872,28.19854008978505,47.79129178855903,31.29068845054862,-83.30290539616884,59.62782279519156,4.1541606727936795,61.223547883460355,1.4852200481587943,21.862892531486345,52.259379937565114,25.093834987939424,56.77566396983314,-23.092803959637948,29.477928631725547,2.104102982128386,27.68721325345013,-2.214556878040618,46.02512349971158,Unfeasible shape,GPSampler,PRUNED
883,883,,2026-05-18 21:16:25.665911,2026-05-18 21:16:26.247036,0 days 00:00:00.581125,28.37419953125818,47.9131516053215,31.29777565025241,-83.24790492367396,59.56753504960086,4.205118186027491,61.250901328122005,1.4742577125531255,21.864810330589005,52.301849794435974,25.146865256842545,56.87945547223138,-23.148863124414007,29.477440416596444,2.0767512879879897,27.848770801546596,-2.2645480459040357,45.987676555696915,Unfeasible shape,GPSampler,PRUNED
884,884,,2026-05-18 21:16:26.398143,2026-05-18 21:16:27.255917,0 days 00:00:00.857774,28.30516005872932,47.86573955920018,31.285949623349683,-83.33045862969432,59.57651485303139,4.202996129529131,61.2193634993002,1.5788774516364228,21.82959661453587,52.237422478605026,25.207643306081515,56.88366711064609,-23.18599581070748,29.549876168580433,2.0590798704515265,27.893058326605185,-2.101969398103421,46.063329259803965,Unfeasible shape,GPSampler,PRUNED
885,885,,2026-05-18 21:16:27.414009,2026-05-18 21:16:29.520770,0 days 00:00:02.106761,28.232789250917417,47.81087574678701,31.229390725936344,-83.36815112094048,59.566583373504265,4.2442671324834755,61.29906312003181,1.5719554474605175,21.760627372190143,52.273257767831645,25.214689757871305,56.88880672329498,-23.143668273815976,29.545580392690294,1.9773731485754777,27.899824317650435,-2.082648880086296,46.05156155472005,Unfeasible shape,GPSampler,PRUNED
886,886,,2026-05-18 21:16:29.671468,2026-05-18 21:16:31.225907,0 days 00:00:01.554439,28.22599685601033,47.66223280875069,31.20243299440572,-83.29543154912632,59.48496840403013,4.237889714937856,61.23778630317379,1.5597894725310653,21.958661403185477,52.227627925944596,25.310117581345366,56.79168568400651,-23.12176651020532,29.647637147491704,1.9856662335161777,27.91355401961363,-2.0946190559659286,46.02559475831795,Unfeasible shape,GPSampler,PRUNED
887,887,,2026-05-18 21:16:31.375877,2026-05-18 21:16:33.649708,0 days 00:00:02.273831,28.201797272848925,47.757588471559096,31.300383137079322,-83.33631304132348,59.49557002104458,4.215270150309848,61.134949845951944,1.487028670354647,21.709173253440138,52.15306386626956,25.140449081377113,56.845394074727125,-23.113064836587462,29.56641753478129,1.9411863834165164,27.81711174106036,-2.171671172980041,46.05610123155972,Unfeasible shape,GPSampler,PRUNED
888,888,,2026-05-18 21:16:33.807638,2026-05-18 21:16:34.679176,0 days 00:00:00.871538,28.214380572318564,47.77991493621361,31.30336454963949,-83.43117262636406,59.49122611302432,4.220606537086687,61.19880030943978,1.514826689932086,21.902215905498664,52.20975596492664,25.272071290393935,56.7447724639556,-23.01710648786439,29.631664873150005,1.890392986758474,27.694940907344193,-2.100502260758539,46.07360193288211,Unfeasible shape,GPSampler,PRUNED
889,889,,2026-05-18 21:16:34.846417,2026-05-18 21:16:35.320473,0 days 00:00:00.474056,28.198482621744635,47.64808505381358,31.338797458361203,-83.38148924686244,59.44754519565171,4.165767835106637,61.165193138754745,1.57068573840737,21.824784414008775,52.18584076591546,25.251747401792688,56.74708940161754,-23.13962388267982,29.59455777007182,2.0844833514156083,27.77239610254599,-2.12920957515999,46.072050660808486,Unfeasible shape,GPSampler,PRUNED
890,890,,2026-05-18 21:16:35.466868,2026-05-18 21:16:36.306727,0 days 00:00:00.839859,28.260394592069336,47.823215861234914,31.31085854963174,-83.4051888696965,59.526717299013356,4.211318996189814,61.1674331231023,1.5667202805479619,21.83274569683556,52.24172163371127,25.210163368080583,56.83558005756417,-23.13674160054756,29.59294018902434,2.0809449305718672,27.80710934514423,-2.1336625417366193,46.03789123668154,Unfeasible shape,GPSampler,PRUNED
891,891,,2026-05-18 21:16:36.474709,2026-05-18 21:16:38.245167,0 days 00:00:01.770458,28.317688556581803,47.88058842292193,31.275468201493823,-83.30680729670583,59.50551159796695,4.244632307160576,61.22677533929012,1.5308721469896227,21.850826513241,52.24150958187555,25.215544328181316,56.894657396572065,-23.182895231403442,29.5919302749741,2.030842542895536,27.895906899529162,-2.158953520149197,46.02651150414033,Unfeasible shape,GPSampler,PRUNED
