,number,value,datetime_start,datetime_complete,duration,params_highPt.lL1,params_highPt.lL2,params_highPt.lL3,params_highPt.rA2,params_highPt.rL1,params_highPt.rL2,params_highPt.rL3,params_highPt.x2,params_highPt.y2,params_lowPt.lL1,params_lowPt.lL2,params_lowPt.lL3,params_lowPt.rA2,params_lowPt.rL1,params_lowPt.rL2,params_lowPt.rL3,params_lowPt.x2,params_lowPt.y2,user_attrs_prune,system_attrs_auto:sampler,state
563,563,,2026-05-18 21:08:45.777273,2026-05-18 21:08:47.549225,0 days 00:00:01.771952,28.210556326920358,47.91487501535009,31.275909160085988,-83.28263966643418,59.56789507869388,4.194120124541074,61.207353408512695,1.5459415344579028,21.77131440033968,52.33789203034773,25.19522420910926,56.865648401688325,-23.148057037883717,29.5802089507276,2.0704581972522824,27.79442993247666,-2.2634428845352943,46.055629095141995,Unfeasible shape,GPSampler,PRUNED
564,564,,2026-05-18 21:08:47.710779,2026-05-18 21:08:48.005275,0 days 00:00:00.294496,28.21244970597702,47.77944194456735,31.287592945844686,-83.35577256502275,59.56889883015505,4.199525541166256,61.28742665139027,1.4591718683967159,21.970180152082502,52.24229852097653,25.137011471913144,56.82010833312788,-23.072644978050867,29.54838599728379,2.058545513349844,27.836922720266127,-2.202277250498703,46.03483535105133,Unfeasible shape,GPSampler,PRUNED
565,565,,2026-05-18 21:08:48.149567,2026-05-18 21:08:48.828897,0 days 00:00:00.679330,28.278833648200326,47.86152640340641,31.282621218407133,-83.34110591249309,59.553967438194114,4.2241784340067525,61.240170395835705,1.507141709249872,21.856480364958504,52.23868323143319,25.157949621400927,56.85032234338917,-23.14696931989318,29.53486892115089,2.1146416255111165,27.82784277871889,-2.1857366763323114,46.030950042215665,Unfeasible shape,GPSampler,PRUNED
566,566,,2026-05-18 21:08:48.979757,2026-05-18 21:08:49.676328,0 days 00:00:00.696571,28.11112788630854,47.80991005359482,31.24015786792206,-83.40960316860655,59.56706379304399,4.235696873505077,61.14830791566941,1.6642817601036342,21.655212865719832,52.242435998156004,25.217957517749753,56.87583353586309,-23.10686002888594,29.50507968920811,2.0307517476089627,27.896203441388597,-2.0845805469218135,46.05409517030595,Unfeasible shape,GPSampler,PRUNED
567,567,,2026-05-18 21:08:49.812143,2026-05-18 21:08:50.438198,0 days 00:00:00.626055,28.231079685518075,47.79030235727211,31.277005038649158,-83.31125030881597,59.56356881831639,4.211493426185839,61.25340892748528,1.543392324992567,21.848676916416377,52.2650673327095,25.158411174243057,56.89487908349465,-23.127979155229127,29.536525852266752,2.083955511981605,27.83888356137267,-2.138562206784556,46.041217396620084,Unfeasible shape,GPSampler,PRUNED
568,568,,2026-05-18 21:08:50.576988,2026-05-18 21:08:52.586285,0 days 00:00:02.009297,28.18049529207977,47.800065026169705,31.25502824600553,-83.25933332162111,59.56769413757678,4.2071609043754705,61.217100517071756,1.4107739655563023,21.820034744232874,52.241404521792596,25.20062779714754,56.817214138912504,-23.12965870085403,29.54620314767122,2.0707075661634713,27.815687987614563,-2.156761813851432,45.982779042870874,Unfeasible shape,GPSampler,PRUNED
569,569,,2026-05-18 21:08:52.727163,2026-05-18 21:08:53.055298,0 days 00:00:00.328135,28.189160279318006,47.739847239771834,31.22869746207443,-83.34308885623872,59.54547542654842,4.201228479665694,61.33910995268635,1.5651562216567498,21.829206764716126,52.36494348078064,25.19772605676048,56.81607034302968,-23.121212273047718,29.49360176611412,2.0044873911695222,27.81442418788488,-2.084840448795596,46.03777181018493,Unfeasible shape,GPSampler,PRUNED
570,570,,2026-05-18 21:08:53.189333,2026-05-18 21:08:55.024573,0 days 00:00:01.835240,28.242255842594574,47.78935159005586,31.282556582209164,-83.37014532173256,59.56120685575183,4.153913242862159,61.195772014863195,1.5999237647872562,21.7972206808507,52.37979922385888,25.305699047890418,56.8578475626927,-23.20891721019568,29.571191611372324,2.0200799127863767,27.803610765391134,-2.12205055518978,46.05608628817352,Unfeasible shape,GPSampler,PRUNED
571,571,,2026-05-18 21:08:55.175421,2026-05-18 21:08:55.898003,0 days 00:00:00.722582,28.269649688408073,47.78554075728006,31.22536596516961,-83.3099921756763,59.52354445695651,4.22581891169294,61.28670994810006,1.5432505218213635,21.86320262061563,52.11995487320083,25.289226329814507,56.840607804549116,-23.190919831898135,29.56021036669049,2.002451778895807,27.942612526128457,-2.131062568819168,46.00968827821799,Unfeasible shape,GPSampler,PRUNED
572,572,,2026-05-18 21:08:56.069267,2026-05-18 21:08:56.719001,0 days 00:00:00.649734,28.215004156971006,47.76517064670953,31.25731826768695,-83.25373435276181,59.5449447657636,4.13685012655776,61.163875592626134,1.4335424085159616,21.83668649274388,52.231010131301076,25.16905084950845,56.66318632578037,-23.070221590250917,29.552971382899656,2.206705639250478,27.73048295755129,-2.2354674640983276,46.0560524061553,Unfeasible shape,GPSampler,PRUNED
573,573,,2026-05-18 21:08:56.864275,2026-05-18 21:08:57.780884,0 days 00:00:00.916609,28.31931936906063,47.77236284501009,31.17576857253648,-83.40763108204824,59.590622652381704,4.237042041877681,61.39849022417689,1.5728212004557491,21.8359172647209,52.34791461396516,25.21094449561659,56.85609223256679,-23.12548992221479,29.600759451806184,2.0587338823265093,27.928108754132843,-2.1648335402362875,46.07855854010943,Unfeasible shape,GPSampler,PRUNED
574,574,,2026-05-18 21:08:57.916133,2026-05-18 21:08:59.580343,0 days 00:00:01.664210,28.248154290049378,47.76599644977886,31.29260996479209,-83.44412893203413,59.557685253562305,4.206073302540716,61.224133453098666,1.6561151910293859,21.703118977728078,52.15878928096307,25.134304508048185,56.891050233201575,-23.09292948784679,29.587030686108445,2.0458202191871266,27.818784869676826,-2.0952823615604004,46.06769173193973,Unfeasible shape,GPSampler,PRUNED
575,575,,2026-05-18 21:08:59.729476,2026-05-18 21:09:00.332275,0 days 00:00:00.602799,28.287636513293126,47.862502429868606,31.281938036689,-83.30639976504337,59.52911469771683,4.17825548999893,61.195331240285476,1.5111862964170228,21.781336037247197,52.22430378074482,25.177729333999835,56.80406131206597,-23.151775986764193,29.573586111586422,2.1129660771496104,27.77741846203425,-2.1424647868384454,46.056342905702714,Unfeasible shape,GPSampler,PRUNED
576,576,,2026-05-18 21:09:00.467559,2026-05-18 21:09:02.126917,0 days 00:00:01.659358,28.178729653769018,47.787613685964715,31.272876474457806,-83.34902868142017,59.59171816842839,4.176166489246394,61.28374867542586,1.5162063690924015,21.85623266505635,52.27478054534503,25.135236167383397,56.80056480631728,-23.103460955873487,29.499350857961833,2.03470263872706,27.77036003560176,-2.188110677556729,46.07903522519523,Unfeasible shape,GPSampler,PRUNED
577,577,,2026-05-18 21:09:02.263174,2026-05-18 21:09:03.769489,0 days 00:00:01.506315,28.133298796846603,47.65581935387773,31.21716547609444,-83.44973076997731,59.583084460269546,4.193275088226804,61.2921188458236,1.5849696983570354,21.86669406469734,52.32720462127411,25.300453711547792,56.75274256097448,-23.03826067125432,29.612551945559154,1.9783811356359973,27.77412552014492,-2.0756260207705424,46.068930325397915,Unfeasible shape,GPSampler,PRUNED
578,578,,2026-05-18 21:09:03.919696,2026-05-18 21:09:05.797398,0 days 00:00:01.877702,28.30793598729298,47.8536462588774,31.269282793819613,-83.34225702782355,59.51926832223838,4.2168851731903185,61.23189416078351,1.5380394652601836,21.803929423232564,52.215152485212826,25.17812989165169,56.86687674275501,-23.16110999204823,29.56274368085549,2.0471697378736478,27.86709099602594,-2.159181001289575,46.038377856849436,Unfeasible shape,GPSampler,PRUNED
579,579,,2026-05-18 21:09:05.949535,2026-05-18 21:09:08.882876,0 days 00:00:02.933341,28.358793841416787,47.82130551830549,31.239871831428673,-83.3280436910308,59.444069230471534,4.226020701514996,61.168021186936805,1.6008475449392847,21.897469630845734,52.28868842689838,25.32059650666691,56.892938536565566,-23.25910706118134,29.61845233624565,2.1003921100758345,28.03704915386552,-2.079910790023284,46.01887244853465,Unfeasible shape,GPSampler,PRUNED
580,580,,2026-05-18 21:09:09.019195,2026-05-18 21:09:10.936633,0 days 00:00:01.917438,28.225350201287934,47.805112714654435,31.26293851919341,-83.35502346295993,59.55330691978178,4.216018340489266,61.246706226552185,1.5363827235166951,21.82507640360451,52.245273062977546,25.18709707886032,56.82636624662645,-23.11287066817522,29.55379177392401,2.053264756753782,27.837913528293736,-2.1385910360333753,46.048351647553915,Unfeasible shape,GPSampler,PRUNED
581,581,,2026-05-18 21:09:11.087540,2026-05-18 21:09:11.889736,0 days 00:00:00.802196,28.251458560662147,47.832029034195344,31.243250077385582,-83.3726444669095,59.55538009943566,4.227015111359061,61.179900795020664,1.565858653512663,21.820627492979614,52.207936421607805,25.248550171588164,56.88606349026006,-23.1670988744466,29.586286825327075,1.993697895540643,27.939915949635694,-2.0949722666046995,46.11711644286195,Unfeasible shape,GPSampler,PRUNED
582,582,,2026-05-18 21:09:12.033094,2026-05-18 21:09:12.660504,0 days 00:00:00.627410,28.21563034004535,47.72860769934695,31.27977895469081,-83.27548296620115,59.553560194685666,4.178628246531137,61.2631996685009,1.5422394590731443,21.753152021824697,52.329512085649306,25.174966688636754,56.85991240006522,-23.099310128986545,29.487739718212687,1.9890716664993553,27.83985918499724,-2.172002511929122,46.00638387315736,Unfeasible shape,GPSampler,PRUNED
583,583,,2026-05-18 21:09:12.814580,2026-05-18 21:09:13.375826,0 days 00:00:00.561246,28.23976684019903,47.81918747744729,31.220686453767097,-83.36167616225049,59.55418608379902,4.277376392790731,61.29841082731896,1.562895301260987,21.842371165464975,52.19694678344496,25.095363996761012,56.79734340751751,-23.131000665433206,29.599107552731972,2.074372586915252,27.89160649636408,-2.1014555422134222,46.02863754611341,Unfeasible shape,GPSampler,PRUNED
584,584,,2026-05-18 21:09:13.592046,2026-05-18 21:09:18.007228,0 days 00:00:04.415182,28.26925984748949,47.88364776819067,31.364573963590722,-83.3198190468227,59.543382177126,4.176219899490738,61.10511857256115,1.5535862946626864,21.865446168393934,52.14637705825977,25.116291265878377,56.829481084917475,-23.115001134884864,29.567014499195135,2.196041421045183,27.761608538742852,-2.2054004887404943,46.07912447845769,Unfeasible shape,GPSampler,PRUNED
585,585,,2026-05-18 21:09:18.164517,2026-05-18 21:09:20.325745,0 days 00:00:02.161228,28.220069640900387,47.76940980771221,31.273840236421552,-83.36534028719645,59.54676490726716,4.217444574092677,61.2462591551356,1.5535237225927716,21.843091166368282,52.24514980338907,25.205157645913502,56.840097810321474,-23.106249209384885,29.570460470819928,2.057318318613895,27.87364611279005,-2.1151609422428095,46.059936057237195,Unfeasible shape,GPSampler,PRUNED
586,586,,2026-05-18 21:09:20.493398,2026-05-18 21:09:23.040112,0 days 00:00:02.546714,28.38493144972755,47.96170853493172,31.188326649995606,-83.22661998192109,59.51231861138337,4.176250507287158,61.24739501240094,1.409875121752357,21.902490584748396,52.445088181426264,25.247413069675364,56.8880740708942,-23.196169969584368,29.4947377683331,2.150400316764345,27.82059871128266,-2.1694773459550447,45.91013136292209,Unfeasible shape,GPSampler,PRUNED
587,587,,2026-05-18 21:09:23.189930,2026-05-18 21:09:25.087559,0 days 00:00:01.897629,28.28285994204209,47.86707600788281,31.255715893928983,-83.39066150125173,59.60358666985326,4.229656449656592,61.259361014161264,1.4981438650318566,21.898726710813065,52.18142673596331,25.100029213897503,56.89248168201481,-23.071679202417243,29.488552397065902,2.0334984490042687,27.83355186648211,-2.208343623582337,46.06465634144533,Unfeasible shape,GPSampler,PRUNED
588,588,,2026-05-18 21:09:25.234598,2026-05-18 21:09:26.875554,0 days 00:00:01.640956,28.23425459384506,47.74425815860633,31.281732700791242,-83.33355861957723,59.52439374342827,4.226384445270041,61.20446653223999,1.583427105570074,21.782983642261932,52.28648902845969,25.26361085209793,56.82525145721509,-23.141146666386668,29.588702294012847,2.0524174602623337,27.867633597928435,-2.0857083476139593,46.03543121368739,Unfeasible shape,GPSampler,PRUNED
589,589,,2026-05-18 21:09:27.010691,2026-05-18 21:09:28.774505,0 days 00:00:01.763814,28.219285491583516,47.81817507374879,31.27567161529321,-83.4181934965179,59.54266807518378,4.230708527606044,61.226809155083515,1.5153817981650235,21.85787555273387,52.24589180783989,25.17311890525125,56.76423436833395,-23.10185890709341,29.563040452266154,2.0558760342570475,27.840034218472855,-2.145300051735326,46.03964349390249,Unfeasible shape,GPSampler,PRUNED
590,590,,2026-05-18 21:09:28.916469,2026-05-18 21:09:29.162831,0 days 00:00:00.246362,28.245347484288857,47.79624276702271,31.27407187286669,-83.323498889702,59.542481948756375,4.213999505382551,61.271855100380094,1.5365858673091424,21.76103417599768,52.260737018454414,25.179734277108384,56.81633626829333,-23.137297611473173,29.565002411290354,2.082405065767662,27.803758991196123,-2.1466317400183996,46.07040721490389,Unfeasible shape,GPSampler,PRUNED
591,591,,2026-05-18 21:09:29.312744,2026-05-18 21:09:31.131142,0 days 00:00:01.818398,28.405952872184667,47.755919610933034,31.19704583418308,-83.26484728162144,59.68127137347199,4.213255611018546,61.27037945939923,1.616369770839512,21.65287763498017,52.41167372882182,25.04059792370759,57.02547751134139,-23.184828989603574,29.55877189615351,2.0295337918597283,27.8078196058545,-2.2730295996726397,46.027969221849176,Unfeasible shape,GPSampler,PRUNED
592,592,,2026-05-18 21:09:31.280883,2026-05-18 21:09:31.676530,0 days 00:00:00.395647,28.20736355854865,47.77590909958514,31.25749778808991,-83.33697355219456,59.57584833426531,4.195578570534733,61.19787245461734,1.5343940629683175,21.7818051256366,52.24278099165532,25.184683471362334,56.7910661247638,-23.119016821759274,29.523704130559196,2.070296423212161,27.83050300509772,-2.155050213027266,46.039313484714846,Unfeasible shape,GPSampler,PRUNED
593,593,,2026-05-18 21:09:31.822960,2026-05-18 21:09:32.362174,0 days 00:00:00.539214,28.175858462059324,47.74119505291852,31.296209725537175,-83.30465022257368,59.62469786401948,4.259914917625518,61.2843424831985,1.5690351216017504,21.81140055222958,52.469775001862665,25.217089510513574,56.83856228730137,-23.220139374629923,29.54553567378222,2.053426567368519,27.78158655556341,-2.093054087410586,46.05661071606474,Unfeasible shape,GPSampler,PRUNED
594,594,,2026-05-18 21:09:32.497034,2026-05-18 21:09:33.005560,0 days 00:00:00.508526,28.249562908833216,47.83662880992463,31.281415199805945,-83.2816168273942,59.55838256116748,4.211292150521569,61.23656295644646,1.5273307436092693,21.832634655276397,52.21491188493152,25.156534114466925,56.83172589677619,-23.123050715903915,29.55070423424385,2.0794087038994213,27.815185117256508,-2.1699256920840426,46.059098748539824,Unfeasible shape,GPSampler,PRUNED
595,595,,2026-05-18 21:09:33.167521,2026-05-18 21:09:33.474714,0 days 00:00:00.307193,28.38952497764615,47.90826787785244,31.26380790030846,-83.50320934546848,59.48032028550341,4.18837824106226,61.29485996066632,1.4452728808323485,21.794164094035324,52.25059361603653,25.161747365878778,56.84117060092578,-23.23234959250219,29.594582316878707,2.100567679032828,27.987881082616358,-2.0594318159618012,46.05872835870004,Unfeasible shape,GPSampler,PRUNED
596,596,,2026-05-18 21:09:33.640369,2026-05-18 21:09:34.333306,0 days 00:00:00.692937,28.298523998528374,47.85035312262383,31.285462211167278,-83.30216038886265,59.53723201256986,4.230577382545385,61.22547486638695,1.5202361117076393,21.843730679295813,52.24426459427179,25.18111189732231,56.8549105140852,-23.17403348572995,29.55732406922245,2.085878071563066,27.856380264761803,-2.1738715265811166,46.02891557087307,Unfeasible shape,GPSampler,PRUNED
597,597,,2026-05-18 21:09:34.490764,2026-05-18 21:09:35.083330,0 days 00:00:00.592566,28.16230654994779,47.77856167196987,31.315658182569546,-83.3850600838646,59.510575169708744,4.21995571110933,61.29163556487226,1.5521958546117887,21.942688572800996,52.269704488805914,25.20927945570601,56.773783482808824,-23.07429376232335,29.54848964237496,1.9996150136074609,27.791484237004173,-2.0932420064936395,46.06492502899872,Unfeasible shape,GPSampler,PRUNED
598,598,,2026-05-18 21:09:35.238031,2026-05-18 21:09:37.251889,0 days 00:00:02.013858,28.158209698034863,47.75814188869301,31.212825405765546,-83.37097048192926,59.58025119667806,4.178565608124677,61.34235514186443,1.5531062485287563,21.805130134432503,52.31025682873276,25.26692764896742,56.75959212829132,-23.11383874078335,29.55318525144258,2.0197853115148305,27.82652940013064,-2.0915504735187085,46.033486550280145,Unfeasible shape,GPSampler,PRUNED
599,599,,2026-05-18 21:09:37.406161,2026-05-18 21:09:37.843021,0 days 00:00:00.436860,28.288695308314168,47.75117285042437,31.293885128683677,-83.39714553707633,59.51069816834216,4.274391592632554,61.28946719820675,1.524067322578638,21.88996115662519,52.393538924936486,25.334473136251397,56.87485416613692,-23.171168090245686,29.591100789986783,1.9549281426355984,27.922151969074033,-2.015017435275297,46.044883243171554,Unfeasible shape,GPSampler,PRUNED
600,600,,2026-05-18 21:09:38.000490,2026-05-18 21:09:39.929942,0 days 00:00:01.929452,28.1681703239896,47.71365801432216,31.26775056711268,-83.36216990862854,59.529373569300795,4.238947914055844,61.27817332486688,1.5365002385980446,21.87429810560898,52.33402496718006,25.272833593162485,56.75992573168657,-23.13092497430737,29.594959041612714,1.9834725403774014,27.856849334893333,-2.1192598972781767,45.99609022833039,Unfeasible shape,GPSampler,PRUNED
601,601,,2026-05-18 21:09:40.081042,2026-05-18 21:09:40.680897,0 days 00:00:00.599855,28.269543465046155,47.92865930138859,31.332385918127862,-83.23611497154666,59.61889994104164,4.14961411809958,61.16930048845989,1.4722989747143913,21.833572320722883,52.17265546719368,25.041549366697044,56.84418928050062,-23.116710809354927,29.46235952147452,2.2640404511889693,27.67868824627962,-2.2877093352825995,46.030560731806204,Unfeasible shape,GPSampler,PRUNED
602,602,,2026-05-18 21:09:40.815660,2026-05-18 21:09:41.358367,0 days 00:00:00.542707,28.290366463939996,47.92191634605438,31.29839482921668,-83.25951862467639,59.629098129711565,4.22295547080426,61.21855765385542,1.6282301909281784,21.751781507819402,52.26928275780553,25.189039205589395,57.01646164275306,-23.14790544924007,29.505350149075838,2.061043718039911,27.950943737022143,-2.0793022704062025,46.01743999764481,Unfeasible shape,GPSampler,PRUNED
603,603,,2026-05-18 21:09:41.525350,2026-05-18 21:09:43.182475,0 days 00:00:01.657125,28.192372215037448,47.740574169030026,31.256756329560996,-83.39900129788212,59.56330106304291,4.223985325509119,61.28287311242681,1.534732830399328,21.803029806933296,52.25651968969968,25.17643116684813,56.819730801958585,-23.07521461022305,29.55068895883544,2.045374269738377,27.84103195644969,-2.123523169695126,46.03739013071766,Unfeasible shape,GPSampler,PRUNED
604,604,,2026-05-18 21:09:43.315408,2026-05-18 21:09:45.313294,0 days 00:00:01.997886,28.256393919498613,47.82561462831136,31.276474629540324,-83.3245530265648,59.60019400247183,4.212312607164544,61.2836003889367,1.5105402260820568,21.793557732542894,52.257060356056094,25.11342224885071,56.79564863147144,-23.179879601956593,29.52125248728574,2.0558401448335117,27.731177336912744,-2.1698579541106113,46.03591480230814,Unfeasible shape,GPSampler,PRUNED
605,605,,2026-05-18 21:09:45.463891,2026-05-18 21:09:47.171164,0 days 00:00:01.707273,28.30997815354956,47.9300600500222,31.333460571852108,-83.19506474063594,59.4647221105037,4.189102130371269,61.207740109269984,1.5534341701680745,21.905658407498343,52.20319381287287,25.213629316399743,56.87938803579501,-23.211298653742595,29.52546293569703,2.064533042412403,27.906915986048134,-2.220317129067972,45.9845450277636,Unfeasible shape,GPSampler,PRUNED
606,606,,2026-05-18 21:09:47.311750,2026-05-18 21:09:49.266641,0 days 00:00:01.954891,28.23388965541054,47.78600323441348,31.268201206007287,-83.33514363807375,59.55003474950946,4.200544547845783,61.24479375640686,1.5318863935565687,21.811498634259614,52.26697307335022,25.198816178370155,56.81495358591927,-23.121691889800772,29.552725173664808,2.053700956703529,27.82397836200402,-2.1377166591330408,46.03149995457531,Unfeasible shape,GPSampler,PRUNED
607,607,,2026-05-18 21:09:49.413179,2026-05-18 21:09:51.150363,0 days 00:00:01.737184,28.23968029771984,47.82890021451689,31.263370682770873,-83.23401932243196,59.57005397682368,4.200957317909857,61.25763422725878,1.457948512709855,21.82548250442961,52.20755846787379,25.148519561791666,56.83118274450012,-23.10520924699204,29.52537115601511,2.0588289915111533,27.859107329908998,-2.162639807840904,46.052907138884144,Unfeasible shape,GPSampler,PRUNED
608,608,,2026-05-18 21:09:51.314507,2026-05-18 21:09:53.698421,0 days 00:00:02.383914,28.129722217283714,47.63258399244059,31.226427759469843,-83.35618513835423,59.577619601031316,4.098092542148239,61.301225106998636,1.509358268172278,21.853967062254426,52.20407710266418,25.13223570242776,56.664137048115784,-23.003609129395656,29.532643907006022,2.106713421471521,27.59355785847489,-2.252905959534033,45.990393240159975,Unfeasible shape,GPSampler,PRUNED
609,609,,2026-05-18 21:09:53.836031,2026-05-18 21:09:54.574169,0 days 00:00:00.738138,28.183026164532816,47.806733136317156,31.328002038856635,-83.31702043955534,59.53325280587226,4.246510203123805,61.289668901499425,1.4879030802538153,21.93675665991236,52.1144918005707,25.18796948041512,56.768525544981365,-23.099609954807974,29.563624076568797,2.0370513271396433,27.879841506352278,-2.1527352528358463,46.0025182340263,Unfeasible shape,GPSampler,PRUNED
