,number,value,datetime_start,datetime_complete,duration,params_highPt.lL1,params_highPt.lL2,params_highPt.lL3,params_highPt.rA2,params_highPt.rL1,params_highPt.rL2,params_highPt.rL3,params_highPt.x2,params_highPt.y2,params_lowPt.lL1,params_lowPt.lL2,params_lowPt.lL3,params_lowPt.rA2,params_lowPt.rL1,params_lowPt.rL2,params_lowPt.rL3,params_lowPt.x2,params_lowPt.y2,user_attrs_prune,system_attrs_auto:sampler,state
516,516,,2026-05-18 21:07:28.077305,2026-05-18 21:07:30.010139,0 days 00:00:01.932834,28.26727322368552,47.82808253049778,31.210873939448813,-83.34430994951735,59.5191921050109,4.216531069024972,61.28436533866591,1.570267181029422,21.831788163403694,52.26871144718741,25.214561366792307,56.88251993172553,-23.160399895608577,29.579208413291543,2.0218802344402023,27.892407579765017,-2.1492664875020466,46.064808852128635,Unfeasible shape,GPSampler,PRUNED
517,517,,2026-05-18 21:07:30.147667,2026-05-18 21:07:31.968838,0 days 00:00:01.821171,28.154842149204594,47.763118007156976,31.221592001019694,-83.40250790801763,59.57463703035315,4.217799622913096,61.28176653081939,1.5146893103305672,21.84841895304115,52.24698530060626,25.202835446665667,56.77590786753572,-23.053000657073135,29.5341685694457,2.0388018283410494,27.798734871167515,-2.1161645046257576,46.059255713833316,Unfeasible shape,GPSampler,PRUNED
518,518,,2026-05-18 21:07:32.120115,2026-05-18 21:07:34.010378,0 days 00:00:01.890263,28.280404926913107,47.83112913181658,31.248508871349518,-83.34075940239204,59.525890003853874,4.239206170953274,61.23819489768272,1.5567139585147842,21.784128275795922,52.23160564926971,25.204833203663895,56.85565816544017,-23.15548749270203,29.583035295143585,2.0289710377696353,27.895363470953598,-2.1274088632888137,46.06792595570962,Unfeasible shape,GPSampler,PRUNED
519,519,,2026-05-18 21:07:34.164841,2026-05-18 21:07:35.802059,0 days 00:00:01.637218,28.167884863894702,47.75588037488596,31.26944702795565,-83.35098658388974,59.5665085232117,4.1944587866042475,61.259773824913125,1.5189862675787964,21.859441093140372,52.29832785040143,25.2044348499493,56.79095480024785,-23.11116143735599,29.55363851364818,2.0556163352111896,27.794372441543803,-2.1323356468856147,46.0302661211052,Unfeasible shape,GPSampler,PRUNED
520,520,,2026-05-18 21:07:35.937949,2026-05-18 21:07:36.581426,0 days 00:00:00.643477,28.31076823139084,47.87944050021497,31.21373435797117,-83.27288681684112,59.59540542212052,4.211295305191483,61.367099023858486,1.4537353552260655,21.907715238442567,52.30443007985281,25.155704966498188,56.84744949170914,-23.211663873086827,29.47653871742365,2.09134689629426,27.891143758359746,-2.218938428168549,45.977439429443024,Unfeasible shape,GPSampler,PRUNED
521,521,,2026-05-18 21:07:36.733220,2026-05-18 21:07:38.301263,0 days 00:00:01.568043,28.054483482883516,47.7571286876867,31.20879570464255,-83.39555842200875,59.50985051900303,4.2000135999262636,61.33765427752793,1.5720363761057001,21.88258416207462,52.223046545276134,25.227828910045407,56.774268235073485,-23.082262840374064,29.650000761792153,1.9192588459491338,27.830218027700873,-2.074995250955922,46.05866389802634,Unfeasible shape,GPSampler,PRUNED
522,522,,2026-05-18 21:07:38.454008,2026-05-18 21:07:38.729288,0 days 00:00:00.275280,28.258070857355566,47.81037045931735,31.266864101011638,-83.33948490861697,59.53626931357465,4.212268568422276,61.308633370096494,1.4956886412969084,21.85797233607065,52.24486010123847,25.14680378752512,56.845880506971575,-23.160696189809045,29.572983295096495,2.0714872865561653,27.798319235114928,-2.104157608310963,46.090467504321566,Unfeasible shape,GPSampler,PRUNED
523,523,,2026-05-18 21:07:38.879323,2026-05-18 21:07:39.195625,0 days 00:00:00.316302,28.192851019244625,47.76136710779282,31.241859015834862,-83.34253090462282,59.55601521179753,4.20871764211655,61.28957685080318,1.5364132433089424,21.774616848576812,52.27187982372686,25.295122757856927,56.79228089659519,-23.1355440747054,29.608175725679626,2.085830327071201,27.86207783748903,-2.1218786361527933,46.02682992039226,Unfeasible shape,GPSampler,PRUNED
524,524,,2026-05-18 21:07:39.331078,2026-05-18 21:07:39.577081,0 days 00:00:00.246003,28.223394300392002,47.81166289805623,31.279649170772043,-83.29969652598143,59.564325274088645,4.202394819538224,61.24559657309968,1.5204340962543839,21.834461368396425,52.2372336485149,25.145718149326658,56.82920649635297,-23.09506589570387,29.534117878660748,2.077429306193782,27.806033540633237,-2.16469493476,46.046977457904184,Unfeasible shape,GPSampler,PRUNED
525,525,,2026-05-18 21:07:39.730671,2026-05-18 21:07:44.653503,0 days 00:00:04.922832,28.21519553074012,47.8181301867274,31.294111715882828,-83.31141580767674,59.58223911386528,4.128239420790441,61.20855832689589,1.4910481619416274,21.81488945336222,52.24265496734903,25.079529871204358,56.81875855774175,-23.05316059603002,29.50073066156951,2.204700185121374,27.724235733731756,-2.204583736034941,46.04395599803965,Unfeasible shape,GPSampler,PRUNED
526,526,,2026-05-18 21:07:44.793912,2026-05-18 21:07:46.713508,0 days 00:00:01.919596,27.94631353518586,47.57108980699163,31.23620344311134,-83.46698074808461,59.61067648348083,4.134726339059465,61.254966881070516,1.5477343508763681,21.801208015374257,52.24840060105032,25.149442832014525,56.64538134064886,-22.894898870600358,29.549498274133498,2.0330913647759083,27.680817651849946,-2.1085712265604357,46.08709015986139,Unfeasible shape,GPSampler,PRUNED
527,527,,2026-05-18 21:07:46.869566,2026-05-18 21:07:47.451227,0 days 00:00:00.581661,28.176827198219225,47.736141576736436,31.246919576098446,-83.36742888614405,59.57358545722294,4.191820955350964,61.268349108755196,1.5014518229165006,21.897733246059026,52.23855654375816,25.177335832606158,56.809122605124976,-23.067467850342766,29.527612277890384,2.0744529303562524,27.776812005523027,-2.143847283006572,46.04382132375513,Unfeasible shape,GPSampler,PRUNED
528,528,,2026-05-18 21:07:47.613606,2026-05-18 21:07:48.320242,0 days 00:00:00.706636,28.190498160091497,47.66333387039179,31.2502086810188,-83.42650448348478,59.53625298181012,4.262783394223396,61.377980710363985,1.5480873316496186,21.961361273589613,52.280407608383335,25.292626774236147,56.8258754886565,-23.10069871853375,29.64365359531055,1.951652978114099,27.90925325117466,-2.0508481323653243,46.05570031719396,Unfeasible shape,GPSampler,PRUNED
529,529,,2026-05-18 21:07:48.455194,2026-05-18 21:07:50.162348,0 days 00:00:01.707154,28.323562820514077,47.80633653601403,31.254561250668736,-83.30217032237604,59.52112818170845,4.257025688303637,61.19433488543835,1.5292696844602318,21.803055958374586,52.26969211891804,25.219101250225727,56.880845951037,-23.208624980211653,29.55546753482159,2.0577761490829456,27.83137246360688,-2.150924170592141,46.00807710101181,Unfeasible shape,GPSampler,PRUNED
530,530,,2026-05-18 21:07:50.310932,2026-05-18 21:07:52.732382,0 days 00:00:02.421450,28.22685565212697,47.773830074960266,31.280121389208634,-83.3464539525064,59.54242165459078,4.2292194380379495,61.25428528710315,1.5365810578795092,21.854428921221455,52.224172832393016,25.22426525788831,56.79331204158216,-23.150438983922726,29.563197793004715,2.060334414213327,27.830694736904753,-2.107282421586042,46.02406467714335,Unfeasible shape,GPSampler,PRUNED
531,531,,2026-05-18 21:07:52.883094,2026-05-18 21:07:55.168690,0 days 00:00:02.285596,28.24647411841405,47.83361816776932,31.264056076723044,-83.37292137984932,59.513262479123256,4.1840654739198175,61.16951902113968,1.5815264745459885,21.769498969581164,52.175761162874814,25.136150815720608,56.87763230273292,-23.124935435156644,29.58438764677058,2.0588333760933537,27.85009578135717,-2.121457614707886,46.09195223679393,Unfeasible shape,GPSampler,PRUNED
532,532,,2026-05-18 21:07:55.325022,2026-05-18 21:07:55.599562,0 days 00:00:00.274540,28.216188168209015,47.83793875194364,31.30192291558044,-83.41022603090329,59.327176655462985,4.219721451809289,61.24132997787628,1.4722502216997881,21.891420575238495,52.17744696899794,25.15584973351035,56.7907738155281,-23.055239873140742,29.58795395468283,2.1158257274694057,27.755440183239507,-2.1625054553247622,46.06789796231611,Unfeasible shape,GPSampler,PRUNED
533,533,,2026-05-18 21:07:55.737141,2026-05-18 21:07:57.740315,0 days 00:00:02.003174,28.320484713522795,47.8768463945249,31.254126418984118,-83.29158694227672,59.48504152320349,4.2394965134952685,61.18965326599899,1.5514160099170908,21.723840554214178,52.1521033585448,25.214791125957817,56.884074387786484,-23.21560500628783,29.613202698778267,2.0532201433580246,27.912114249138536,-2.149802000852219,46.05517936651633,Unfeasible shape,GPSampler,PRUNED
534,534,,2026-05-18 21:07:57.880623,2026-05-18 21:07:59.530101,0 days 00:00:01.649478,28.208912846967376,47.760730127558915,31.26167360121843,-83.39513279882243,59.5403346957187,4.237842263178384,61.29476076003196,1.5157284936807116,21.819456002548943,52.25601356878657,25.18936396603097,56.82550941037392,-23.11143835708704,29.565685527824456,2.017231991300921,27.86775977037573,-2.139691765456753,46.04274138409505,Unfeasible shape,GPSampler,PRUNED
535,535,,2026-05-18 21:07:59.665109,2026-05-18 21:08:01.334150,0 days 00:00:01.669041,28.254458653656865,47.82666907735435,31.269836040612145,-83.3476044812558,59.551289246679836,4.223422471206056,61.25226315786061,1.5263344992638181,21.820014538115565,52.25796483328282,25.192266146146256,56.83604738772955,-23.129103566260326,29.55775314879803,2.047216197912645,27.847858745318618,-2.156193902272257,46.056712158786226,Unfeasible shape,GPSampler,PRUNED
536,536,,2026-05-18 21:08:01.488732,2026-05-18 21:08:02.261426,0 days 00:00:00.772694,28.301992744967094,47.80761155014301,31.242048522586703,-83.41335145768755,59.561773371580024,4.22258097814945,61.34333604133202,1.6536366135060732,21.7803074974823,52.2821635861141,25.216967717289528,56.85009357856726,-23.203103782439165,29.511486707277694,1.9815083676281968,27.89515463504829,-2.0983654212413043,46.09340033733914,Unfeasible shape,GPSampler,PRUNED
537,537,,2026-05-18 21:08:02.405753,2026-05-18 21:08:04.083214,0 days 00:00:01.677461,28.284309205466624,47.82391719618385,31.26329188760187,-83.37974790954542,59.490416995686076,4.134178874474831,61.280941896445285,1.518008156194668,21.856331202257127,52.23705838972977,25.23607132834699,56.75979325563964,-23.16507877605168,29.571055104855045,1.979219049476467,27.789829445098732,-2.1605226181718464,45.98277213838578,Unfeasible shape,GPSampler,PRUNED
538,538,,2026-05-18 21:08:04.224489,2026-05-18 21:08:06.129645,0 days 00:00:01.905156,28.276434127928223,47.75993513580571,31.381562764983716,-83.35756865685643,59.43487057082168,4.20170576948839,61.17948982126383,1.5310593653177165,21.874695760666473,52.058978041761186,25.178029017441695,56.78483394649868,-23.097849128641492,29.611486660660713,2.0535960509462434,27.86362032901011,-2.147351194395412,46.04540628072921,Unfeasible shape,GPSampler,PRUNED
539,539,,2026-05-18 21:08:06.269114,2026-05-18 21:08:08.716796,0 days 00:00:02.447682,28.268884511853233,47.81690984019302,31.272323914432825,-83.33741332825572,59.51226981456602,4.198586836234092,61.13472743104589,1.5506795760847254,21.766240223834824,52.217146296121754,25.22239744242336,56.85766736929148,-23.131976457789094,29.571261532675106,2.104995241800647,27.79691244746082,-2.103162714069846,46.032937216924516,Unfeasible shape,GPSampler,PRUNED
540,540,,2026-05-18 21:08:08.855745,2026-05-18 21:08:10.639024,0 days 00:00:01.783279,28.269529822051393,47.82942365729252,31.257654363157734,-83.2722854475299,59.54631902800768,4.212961577900726,61.236811567481375,1.5492287892594234,21.74847327366619,52.240575086892036,25.20396243920111,56.841057657804605,-23.120110906692382,29.546066165112894,1.983115692989678,27.881854656922346,-2.1424881506807623,46.03727139126768,Unfeasible shape,GPSampler,PRUNED
541,541,,2026-05-18 21:08:10.790657,2026-05-18 21:08:12.327332,0 days 00:00:01.536675,28.24262635427454,47.85027359869911,31.26761664643596,-83.39295970497139,59.522878531244054,4.158093963610558,61.21664799053983,1.5116232266107517,21.75864766907621,52.19344035856111,25.178569692541274,56.77702949339744,-23.086394570741156,29.582469047031964,2.0169647120768817,27.771656412642205,-2.1166146254272036,46.06531966506508,Unfeasible shape,GPSampler,PRUNED
542,542,,2026-05-18 21:08:12.486034,2026-05-18 21:08:13.364250,0 days 00:00:00.878216,28.189665035147517,47.74679798349324,31.21666513046124,-83.35642543899596,59.5110985379729,4.220415865978605,61.264010079725466,1.5477142466957972,21.766813023778134,52.30043407223911,25.273124553411407,56.77849795856485,-23.107078938780845,29.57581972667829,2.09772918220274,27.86364220104104,-2.0788578126404786,46.036335546177796,Unfeasible shape,GPSampler,PRUNED
543,543,,2026-05-18 21:08:13.508529,2026-05-18 21:08:14.332540,0 days 00:00:00.824011,28.387559440562306,48.11711677932673,31.248815534174366,-83.18405344168397,59.58162877039901,4.2902850339260175,61.28177532721613,1.500975463117122,21.711887874505305,52.17341415193953,25.106681270074333,56.99111293214713,-23.201156966151416,29.50420448506447,2.0754193630207682,27.940986526458776,-2.221256440295292,46.09666360094341,Unfeasible shape,GPSampler,PRUNED
544,544,,2026-05-18 21:08:14.487551,2026-05-18 21:08:14.874164,0 days 00:00:00.386613,28.18519282011513,47.77340318027267,31.271638415143958,-83.39516966320647,59.581159268813146,4.223696747125354,61.30660190342143,1.5577119557000003,21.772425339445142,52.22262721805922,25.151378210116782,56.81149830268454,-23.133059389058168,29.512697015141217,2.072620383001519,27.84686392994116,-2.171988841175157,46.06604742795314,Unfeasible shape,GPSampler,PRUNED
545,545,,2026-05-18 21:08:15.017258,2026-05-18 21:08:17.342375,0 days 00:00:02.325117,28.15119687403328,47.75820481428402,31.25063677143712,-83.3886922912655,59.540451474960726,4.238701243133864,61.227430337861875,1.5023211469479776,21.794392008408767,52.199503646687134,25.202366474075593,56.79306055607764,-23.07814320203036,29.566918200138105,2.0279679144220113,27.82448952313531,-2.1250660550978466,46.04943757072448,Unfeasible shape,GPSampler,PRUNED
546,546,,2026-05-18 21:08:17.492923,2026-05-18 21:08:19.821019,0 days 00:00:02.328096,28.354082950201715,47.874525554215836,31.228513072169292,-83.27733861399818,59.50321400661937,4.215828836534901,61.23517289098446,1.4818182987649564,21.757227607986213,52.25394251336941,25.22544471249473,56.93244716395156,-23.184869648910926,29.557572480005778,2.041867391605551,27.93296302496727,-2.1464656734490077,46.03946877883301,Unfeasible shape,GPSampler,PRUNED
547,547,,2026-05-18 21:08:19.966858,2026-05-18 21:08:20.674917,0 days 00:00:00.708059,28.211480479086692,47.8238499646002,31.30822645535501,-83.33847566489644,59.50802775658394,4.182838422600472,61.40070641366142,1.4803298723138454,21.910176421510933,52.29777587746818,25.162449802178454,56.95946452764381,-23.09695084264036,29.42967266949189,2.0376068046452476,27.777871043510892,-2.2313170684741834,46.010790968940974,Unfeasible shape,GPSampler,PRUNED
548,548,,2026-05-18 21:08:20.827912,2026-05-18 21:08:21.126516,0 days 00:00:00.298604,28.204730911640443,47.798873901052254,31.327934069050492,-83.35897577575348,59.52472780593066,4.2139943829887585,61.18199011000416,1.5267191353397962,21.853381513896,52.18372110794692,25.17458868205507,56.82483566058942,-23.08822993418751,29.59417014757651,2.011461407660498,27.792339261885974,-2.156977733577996,46.10188208470574,Unfeasible shape,GPSampler,PRUNED
549,549,,2026-05-18 21:08:21.277124,2026-05-18 21:08:23.486006,0 days 00:00:02.208882,28.1031366097891,47.55005551654385,31.27346501199792,-83.55097110632434,59.55399822499536,4.202128254312678,61.32411898157125,1.548659396360847,21.978490853447095,52.36775174804884,25.32001039851422,56.68569750131209,-22.99694094619477,29.58184083481255,1.9842528796021677,27.81692692704755,-2.0576318470934964,46.0308236561154,Unfeasible shape,GPSampler,PRUNED
550,550,,2026-05-18 21:08:23.636660,2026-05-18 21:08:25.936900,0 days 00:00:02.300240,28.098128084443225,47.72925376953458,31.248810140252786,-83.51258186088411,59.59429135298652,4.206325457459296,61.48544943708368,1.4164257112541705,21.893720421928393,52.210336666509654,25.07497431042338,56.74389955344001,-22.95795279921387,29.52481665682252,2.052480565441072,27.680953917733696,-2.1750502103777123,46.139704000400556,Unfeasible shape,GPSampler,PRUNED
551,551,,2026-05-18 21:08:26.088407,2026-05-18 21:08:28.677314,0 days 00:00:02.588907,28.24688188609803,47.82250274407013,31.223978960743896,-83.27622151119226,59.51907344767206,4.237191520297609,61.242556237693094,1.6007074984761687,21.727633072040227,52.30526561801565,25.24972079748954,56.889588689334616,-23.166180330738058,29.55971261932295,2.0536470531809092,27.96415123036263,-2.081365741833636,46.05940759485739,Unfeasible shape,GPSampler,PRUNED
552,552,,2026-05-18 21:08:28.827696,2026-05-18 21:08:30.392375,0 days 00:00:01.564679,28.245804106211825,47.790178762117314,31.249618927931266,-83.37458669956996,59.53822324670278,4.224944423805876,61.27561183731482,1.5340186923416113,21.80445381483244,52.237949877198645,25.16239649687363,56.8202532343018,-23.11223998928979,29.54431152000242,2.0364588974641396,27.857371176117915,-2.111343672815437,46.051453316918504,Unfeasible shape,GPSampler,PRUNED
553,553,,2026-05-18 21:08:30.534331,2026-05-18 21:08:31.258831,0 days 00:00:00.724500,28.422936348580844,47.81022801793526,31.265432448947895,-83.24271222959197,59.49801647443433,4.232802551630288,61.22938052653313,1.4936240039333697,21.8121099845729,52.26351046771377,25.259098345793337,56.856273285049426,-23.24572999208666,29.61916603992852,2.0932883851185426,27.96822844366748,-2.2037855582247587,45.95840091650877,Unfeasible shape,GPSampler,PRUNED
554,554,,2026-05-18 21:08:31.410641,2026-05-18 21:08:31.995572,0 days 00:00:00.584931,28.250985210771322,47.8870484432935,31.313892540669194,-83.31162204452835,59.55696896656729,4.187515021741957,61.17198264121256,1.50503824023032,21.878537261267773,52.22972440627521,25.1465187315798,56.83872979073087,-23.15580283048024,29.52368533410619,2.153222999594421,27.7804527214084,-2.2136271098940767,46.04241685670327,Unfeasible shape,GPSampler,PRUNED
555,555,,2026-05-18 21:08:32.141678,2026-05-18 21:08:33.907470,0 days 00:00:01.765792,28.30392373748732,47.951522443710054,31.29427649605902,-83.48009491264231,59.51633102733324,4.193935400039104,61.1607809755588,1.5230009292917046,21.785995035633547,52.08720476712838,25.028925321559754,56.856318055995075,-23.083285794278993,29.516997504563466,2.0147266045013303,27.866148130457177,-2.1555090683490548,46.165189974540645,Unfeasible shape,GPSampler,PRUNED
556,556,,2026-05-18 21:08:34.059592,2026-05-18 21:08:36.314819,0 days 00:00:02.255227,28.254244846862342,47.84096639966794,31.24115489839268,-83.34411108422316,59.49832977825244,4.228524832725075,61.227384905313755,1.5816942491887218,21.77767742488838,52.22819412826658,25.20834030371192,56.85757897073538,-23.12256406827772,29.593232279237547,2.0522580277364053,27.823670808916784,-2.117949846888635,46.08228916718832,Unfeasible shape,GPSampler,PRUNED
557,557,,2026-05-18 21:08:36.462399,2026-05-18 21:08:37.267137,0 days 00:00:00.804738,28.321487092096923,47.83887048023379,31.2956344213174,-83.31267099074132,59.528237991543726,4.200673556836138,61.19831314729639,1.5579590009204125,21.829532849921808,52.2313748027972,25.226260004825647,56.855876517285346,-23.19397006059107,29.54274262258064,2.1057448088190283,27.881787433951274,-2.1490213217225715,46.03587861422673,Unfeasible shape,GPSampler,PRUNED
558,558,,2026-05-18 21:08:37.417856,2026-05-18 21:08:38.079051,0 days 00:00:00.661195,28.275344009720545,47.80733764687212,31.2612887595759,-83.38204107377375,59.45969330580366,4.232968490487493,61.26693319534901,1.6172527390725762,21.819656260846042,52.27891979984021,25.31858479848264,56.834081260138234,-23.151588762487975,29.61154355951993,1.9842924545869112,27.950868540331804,-2.095420749929737,46.04724708304978,Unfeasible shape,GPSampler,PRUNED
559,559,,2026-05-18 21:08:38.229618,2026-05-18 21:08:40.414398,0 days 00:00:02.184780,28.20401619856002,47.78290623915625,31.288985026585713,-83.3464945996077,59.560162719170776,4.212753217967633,61.20847226094305,1.5352828788487471,21.781441939412257,52.255703156067945,25.209748126919536,56.82301629773457,-23.119777791771988,29.560337220910434,2.069366443742976,27.805040362496044,-2.1397449560035255,46.04050760013992,Unfeasible shape,GPSampler,PRUNED
560,560,,2026-05-18 21:08:40.566375,2026-05-18 21:08:42.897141,0 days 00:00:02.330766,28.109267683474464,47.64744839888651,31.267447921302395,-83.37691854140947,59.59140541986363,4.188896525620958,61.27279936056929,1.5308195656483221,21.853645826239692,52.29312366331784,25.20767770342644,56.715945224766386,-23.042710634810263,29.536049374170158,2.0722389947846684,27.742181393070943,-2.114356876997526,46.03779856209166,Unfeasible shape,GPSampler,PRUNED
561,561,,2026-05-18 21:08:43.064874,2026-05-18 21:08:45.215797,0 days 00:00:02.150923,28.38492528826065,47.92320446637989,31.295908942112025,-83.36410547836489,59.55019349812517,4.269779296899353,61.259948047806624,1.6143008992377261,21.82096559346592,52.2100137544835,25.36011238378839,56.898817224965306,-23.13162475594539,29.635286397616422,2.0218897181910838,28.06808214951971,-2.1810258654572223,45.99929315975874,Unfeasible shape,GPSampler,PRUNED
562,562,,2026-05-18 21:08:45.366716,2026-05-18 21:08:45.626233,0 days 00:00:00.259517,28.329500363253807,47.89487398343352,31.26181179233457,-83.28074225134836,59.52010057479348,4.25063277868767,61.215679553719625,1.5361152856008005,21.802082508280805,52.248454962608896,25.19843529852386,56.89825707345221,-23.181110834181098,29.555712755641622,2.054778925140016,27.926078417358966,-2.1770109866849694,46.044264889412005,Unfeasible shape,GPSampler,PRUNED
