,number,value,datetime_start,datetime_complete,duration,params_highPt.lL1,params_highPt.lL2,params_highPt.lL3,params_highPt.rA2,params_highPt.rL1,params_highPt.rL2,params_highPt.rL3,params_highPt.x2,params_highPt.y2,params_lowPt.lL1,params_lowPt.lL2,params_lowPt.lL3,params_lowPt.rA2,params_lowPt.rL1,params_lowPt.rL2,params_lowPt.rL3,params_lowPt.x2,params_lowPt.y2,user_attrs_prune,system_attrs_auto:sampler,state
704,704,,2026-05-18 21:12:08.014267,2026-05-18 21:12:09.724729,0 days 00:00:01.710462,28.31179016047195,47.841828541553255,31.258655116236667,-83.27716612421045,59.572725895758055,4.210759096267752,61.2727781698035,1.506845966048921,21.843126839814314,52.30051891721321,25.198216215649115,56.85560165277323,-23.212044706023264,29.51379084908759,2.0399554764530397,27.88088274201283,-2.175239534610853,46.003856095590336,Unfeasible shape,GPSampler,PRUNED
705,705,,2026-05-18 21:12:09.875904,2026-05-18 21:12:11.620434,0 days 00:00:01.744530,28.248679070341716,47.81980613162188,31.258074218803866,-83.3316209221279,59.59759376607434,4.226896441971899,61.24975366157361,1.4973743320044477,21.783246297181698,52.25346707588193,25.15956516235399,56.83654464111731,-23.153821535247786,29.547137901111686,2.059547587752502,27.839772429925894,-2.1595514296938347,46.035163955212866,Unfeasible shape,GPSampler,PRUNED
706,706,,2026-05-18 21:12:11.772140,2026-05-18 21:12:13.485733,0 days 00:00:01.713593,28.237310993771985,47.78698810157954,31.268311896860084,-83.32621870280349,59.52250937424335,4.23951988778038,61.25521688413209,1.5629433575244533,21.794550349526666,52.245638302195715,25.2301897255134,56.83213754668482,-23.120787974880656,29.586002457612622,2.0200608166015694,27.87571303304124,-2.1068117069653027,46.054121563287964,Unfeasible shape,GPSampler,PRUNED
707,707,,2026-05-18 21:12:13.662169,2026-05-18 21:12:15.833749,0 days 00:00:02.171580,28.173131372257732,47.736007771140066,31.27554820776025,-83.41683602279477,59.58506629500261,4.203607086828189,61.223735219706,1.535143957026044,21.819251856557358,52.270244305392225,25.189143872534203,56.78330022690453,-23.060286457022627,29.520169335337087,2.052929678238861,27.758185571004397,-2.1365277058148067,46.03137388628883,Unfeasible shape,GPSampler,PRUNED
708,708,,2026-05-18 21:12:15.984459,2026-05-18 21:12:16.788906,0 days 00:00:00.804447,28.31034919920492,47.888242935973146,31.387427368296507,-83.3559132626257,59.53279056348546,4.193200201430637,61.27211617848266,1.5102398407785742,21.86765459133179,52.3247632614315,25.217939389507475,56.85876405563293,-23.26597042193268,29.58398314405363,2.0713731067881005,27.84574886507484,-2.2440868216911056,45.9876711943675,Unfeasible shape,GPSampler,PRUNED
709,709,,2026-05-18 21:12:16.957363,2026-05-18 21:12:18.813879,0 days 00:00:01.856516,28.160162746794157,47.746631927672475,31.29507385615196,-83.39533269478136,59.56810423159953,4.1753151428721775,61.23390625429722,1.5318092193443746,21.855107882123118,52.241186934379805,25.159126225597944,56.7588013208519,-23.06964782347454,29.54914396409641,2.049292920590773,27.78303614958375,-2.156344190449154,46.04765470116177,Unfeasible shape,GPSampler,PRUNED
710,710,,2026-05-18 21:12:18.965726,2026-05-18 21:12:19.749739,0 days 00:00:00.784013,28.226946516187773,47.84740104466756,31.29563471728619,-83.458179857085,59.54355878363181,4.147345220069626,61.236682976486776,1.524528269459097,21.779167787734586,52.12124138470394,25.099100481387133,56.82485266947322,-22.999673939343594,29.62672627492793,2.061248908073808,27.823792070998106,-2.123163059364721,46.160511811220374,Unfeasible shape,GPSampler,PRUNED
711,711,,2026-05-18 21:12:19.917092,2026-05-18 21:12:22.273313,0 days 00:00:02.356221,28.276036608197227,47.904922972158545,31.266994802213205,-83.40061808824032,59.539359522733314,4.228551811220861,61.2856791567894,1.5152400849713956,21.801970450110062,52.16738316315632,25.125754885619727,56.870224280168344,-23.088915567853434,29.57665784281362,2.0441671831846455,27.864680600617486,-2.1718083351362907,46.08031132988141,Unfeasible shape,GPSampler,PRUNED
712,712,,2026-05-18 21:12:22.425876,2026-05-18 21:12:22.873966,0 days 00:00:00.448090,28.14015096831434,47.732933212435874,31.299727765177227,-83.37624996394553,59.629177704762846,4.1707492112222635,61.240964951127864,1.5132494564098238,21.850494234092256,52.21671868441499,25.148507933758584,56.77578055358574,-23.041030227004754,29.51126661262242,2.0870894090095407,27.737468001358547,-2.143771963386328,46.05771747207654,Unfeasible shape,GPSampler,PRUNED
713,713,,2026-05-18 21:12:23.026317,2026-05-18 21:12:23.889616,0 days 00:00:00.863299,28.272426904475424,47.84831103100351,31.27239656736941,-83.39212938459652,59.550056436854184,4.224364826752016,61.256621033477394,1.5165326462528625,21.805270772515115,52.26500874288022,25.094582070056955,56.8607407879407,-23.11664189519084,29.54867594458991,2.062690034890196,27.78101946186049,-2.1646561187778772,46.05076564207078,Unfeasible shape,GPSampler,PRUNED
714,714,,2026-05-18 21:12:24.030783,2026-05-18 21:12:26.374100,0 days 00:00:02.343317,28.25626982575023,47.81377493638053,31.280704396004925,-83.32560338466782,59.546844924399224,4.217014025454411,61.23720792118627,1.526148369590885,21.851965809572597,52.2726914757784,25.19439744638948,56.814535133850555,-23.14555776281223,29.552470531705445,2.0714095052066623,27.823268989670954,-2.1663845558770447,46.0289011426311,Unfeasible shape,GPSampler,PRUNED
715,715,,2026-05-18 21:12:26.510142,2026-05-18 21:12:28.951232,0 days 00:00:02.441090,28.200804492018158,47.85941699863394,31.29137781986058,-83.37285310096735,59.556076160506386,4.2461644416137565,61.26553377351272,1.5857965863795158,21.826450158917414,52.31916002179538,25.187543133110054,56.87482391042789,-23.100173387785304,29.651807813890503,2.1391078123789127,27.860219192590613,-2.103188891224825,46.05126677927225,Unfeasible shape,GPSampler,PRUNED
716,716,,2026-05-18 21:12:29.110884,2026-05-18 21:12:29.787056,0 days 00:00:00.676172,28.21957341895858,47.759142773397,31.232196395606028,-83.58825697129762,59.520422831423225,4.202976815954203,61.32427680990391,1.5762816171905882,21.642690501054417,52.25205073170292,25.191451056327967,56.822424228427394,-23.022600263175335,29.573973171546758,1.990756047413751,27.891931534996537,-2.0526979977869857,46.08277791982041,Unfeasible shape,GPSampler,PRUNED
717,717,,2026-05-18 21:12:29.946790,2026-05-18 21:12:31.940233,0 days 00:00:01.993443,28.20605588753906,47.77482044810075,31.234221638752043,-83.33597790654922,59.55202567061234,4.17232856199087,61.19872573888249,1.594496882096493,21.819396584159097,52.208563681541854,25.175751838048082,56.84558115593353,-23.035105307559995,29.522573190459294,2.027884221444751,27.90915127001755,-2.2762834994584153,46.094683080597775,Unfeasible shape,GPSampler,PRUNED
718,718,,2026-05-18 21:12:32.096301,2026-05-18 21:12:34.246452,0 days 00:00:02.150151,28.34881603583828,47.874795738100914,31.29598214532802,-83.33100144656753,59.44278655175852,4.281502788891226,61.20763764122345,1.5246469326826144,21.71867770873421,52.237649527317245,25.31893465220176,56.90285719105814,-23.168698827487262,29.610739277355773,2.035293845821157,27.914485471849243,-2.0603758128384513,46.0432437063341,Unfeasible shape,GPSampler,PRUNED
719,719,,2026-05-18 21:12:34.451801,2026-05-18 21:12:36.359911,0 days 00:00:01.908110,28.306120584569918,47.8181150759057,31.197635296955013,-83.34826727910712,59.45522780533364,4.251630609986982,61.18934645830075,1.5108211993096532,21.806784505337916,52.19539809077633,25.27123471413529,56.795283826040816,-23.165328337357877,29.65821815727275,2.0114142758290416,27.855569773792105,-2.1534181465775646,46.04658903916388,Unfeasible shape,GPSampler,PRUNED
720,720,,2026-05-18 21:12:36.513400,2026-05-18 21:12:37.428740,0 days 00:00:00.915340,28.259802624092558,47.820686195353744,31.292244503559434,-83.33061185475346,59.53501103162685,4.194433280600041,61.20198376335274,1.5340540659830637,21.81115149014317,52.25399772760715,25.214281572346188,56.81862064762234,-23.156394655549803,29.562437514795224,2.0879197198209596,27.809552707739687,-2.1462507917924185,46.02544214219898,Unfeasible shape,GPSampler,PRUNED
721,721,,2026-05-18 21:12:37.573239,2026-05-18 21:12:39.456855,0 days 00:00:01.883616,28.204376132172918,47.80869477126027,31.143876432864722,-83.4021208226356,59.56515039028593,4.21892931179131,61.454103263583846,1.5899924586605465,21.73850496675291,52.18549546595068,25.208293341401482,56.84569079348365,-23.034657305624968,29.55450348265569,1.962708822540126,27.966708690819793,-2.084776697364653,46.13274652268559,Unfeasible shape,GPSampler,PRUNED
722,722,,2026-05-18 21:12:39.614893,2026-05-18 21:12:39.903020,0 days 00:00:00.288127,28.20726267815625,47.79144019410428,31.262632625257528,-83.36707732382126,59.564670313865356,4.182570097894931,61.250094485119526,1.5369586143410459,21.79992531493557,52.241607937368485,25.164812746617873,56.803667032684636,-23.09699673126139,29.53746544634904,2.0760157208500174,27.794403128979052,-2.142538317224954,46.04790139746587,Unfeasible shape,GPSampler,PRUNED
723,723,,2026-05-18 21:12:40.047403,2026-05-18 21:12:41.496201,0 days 00:00:01.448798,28.238456273139743,47.795709935838055,31.202219666597024,-83.45174219802392,59.504973922115326,4.263880491591605,61.351101066323444,1.5599975912356072,21.788478170604947,52.27673096725595,25.26117797759253,56.87888098163859,-23.101075509926872,29.604357991810183,1.9365297809404154,28.010886800221925,-2.0628547078583424,46.06672603394401,Unfeasible shape,GPSampler,PRUNED
724,724,,2026-05-18 21:12:41.633074,2026-05-18 21:12:42.425887,0 days 00:00:00.792813,28.15530042211984,47.753400267420005,31.29114846514812,-83.3667576217641,59.6333139144472,4.188859001299863,61.26827443721916,1.4988687702644157,21.857235726084863,52.27026993714985,25.107850810208067,56.76047057541011,-23.029841365001758,29.507096165105356,2.086105762444279,27.679293207685852,-2.2041438503548605,46.061015213842694,Unfeasible shape,GPSampler,PRUNED
725,725,,2026-05-18 21:12:42.578775,2026-05-18 21:12:43.337413,0 days 00:00:00.758638,28.34611469806929,47.86220703949994,31.28547788549042,-83.32204880667108,59.61114885268486,4.225333820178085,61.25692579679977,1.4990034676993318,21.792938226849397,52.240628717087894,25.16791449411891,56.84354620415189,-23.16363506210032,29.493496104211047,2.071803760560356,27.855668872238756,-2.1602930343183857,46.0328243422986,Unfeasible shape,GPSampler,PRUNED
726,726,,2026-05-18 21:12:43.493756,2026-05-18 21:12:44.211196,0 days 00:00:00.717440,28.391026310804314,47.95286384171742,31.21762605709064,-83.19605436715764,59.53855243064135,4.253095323818933,61.160533912906715,1.498970252156738,21.69260903925706,52.24941175519685,25.168687332822355,56.92548237406272,-23.219560275854022,29.48275909368337,2.1084714650695195,27.810572357432335,-2.2454951785150215,46.07157309913026,Unfeasible shape,GPSampler,PRUNED
727,727,,2026-05-18 21:12:44.380038,2026-05-18 21:12:46.034845,0 days 00:00:01.654807,28.290794218881366,47.84648118074755,31.267822926849387,-83.37052055784551,59.50385328092105,4.2255963545100235,61.24254638224952,1.5495965107329042,21.79805320983337,52.23556200137584,25.235761081856438,56.87709111382732,-23.160784922642293,29.616508228089547,2.016849810396247,27.93044667668521,-2.1365596284093087,46.057612823370484,Unfeasible shape,GPSampler,PRUNED
728,728,,2026-05-18 21:12:46.177053,2026-05-18 21:12:47.798091,0 days 00:00:01.621038,28.167914557194006,47.76976881418052,31.249852136394292,-83.39547420990267,59.55984356630755,4.188268395764834,61.24229212244159,1.5944958353242882,21.780716623038483,52.289902223675504,25.27032897647682,56.84861230802766,-23.167898645071375,29.506061740094676,2.027718572657995,27.79393680415761,-2.166362811068012,46.03558818392908,Unfeasible shape,GPSampler,PRUNED
729,729,,2026-05-18 21:12:47.938633,2026-05-18 21:12:49.700263,0 days 00:00:01.761630,28.26195676667886,47.81241162142085,31.32417503208094,-83.36761552112596,59.440563291707505,4.24476736048714,61.12211786825021,1.6831853484623096,21.844983713861676,52.19228087474917,25.229409716562586,56.8783783305356,-23.118283873427956,29.667506693002494,2.0521631401525298,27.783960528936227,-2.1549049945010665,46.15911234563831,Unfeasible shape,GPSampler,PRUNED
730,730,,2026-05-18 21:12:49.851746,2026-05-18 21:12:50.193782,0 days 00:00:00.342036,28.171386131075113,47.750049192614576,31.23132740754508,-83.46296113447256,59.533072133918594,4.228291297806971,61.29681164475879,1.538962428833429,21.861962209698596,52.21984592104375,25.1893287408191,56.808368569110705,-23.05451775950955,29.606245412143284,1.988620825571242,27.851188702652365,-2.1054751616057175,46.069585692430046,Unfeasible shape,GPSampler,PRUNED
731,731,,2026-05-18 21:12:50.342720,2026-05-18 21:12:52.082077,0 days 00:00:01.739357,28.214991147381635,47.71436482102407,31.326094618517935,-83.49660760239573,59.60734225778277,4.214932174889223,61.26782095127167,1.5365925359260615,21.813957513356065,52.20893577081874,25.21644766464072,56.76798236769677,-23.075734351750306,29.65145335924289,1.974043875760081,27.76793114445492,-2.1047696876909328,46.14707121169683,Unfeasible shape,GPSampler,PRUNED
732,732,,2026-05-18 21:12:52.232629,2026-05-18 21:12:54.256891,0 days 00:00:02.024262,28.32665838118063,47.91619242140769,31.290448885279112,-83.27830770731507,59.55046716922382,4.219034823654899,61.221221796063524,1.504422258139698,21.810732134504875,52.23770994138479,25.169940093810848,56.87904653134395,-23.18468735434317,29.544204058300604,2.0632604843719164,27.859765769211243,-2.1949828149665507,46.05872382459636,Unfeasible shape,GPSampler,PRUNED
733,733,,2026-05-18 21:12:54.403138,2026-05-18 21:12:54.834691,0 days 00:00:00.431553,28.23976513218417,47.849548435580665,31.2901289220315,-83.38206275650374,59.53034546510853,4.191506747563073,61.24680027884336,1.5317643120774136,21.80909575799877,52.19425654286453,25.14945998060346,56.847557697999015,-23.107907299167437,29.56439723983801,2.0854309277844747,27.833908751942996,-2.1489083132601934,46.07685297115946,Unfeasible shape,GPSampler,PRUNED
734,734,,2026-05-18 21:12:54.998706,2026-05-18 21:12:55.772866,0 days 00:00:00.774160,28.195125652882993,47.77294813150816,31.27981439463928,-83.34410617207669,59.61577785490241,4.171363358071355,61.25843119530901,1.4999685344763733,21.82873665752505,52.257356613029394,25.12823847947884,56.81104181756436,-23.09764639609913,29.493676322109984,2.133071004022833,27.7454475003672,-2.1992406733854395,46.03268735302083,Unfeasible shape,GPSampler,PRUNED
735,735,,2026-05-18 21:12:55.924684,2026-05-18 21:12:56.956245,0 days 00:00:01.031561,28.29324404442653,47.846764931101255,31.2722528133716,-83.11719421072237,59.56176009824443,4.22453099989621,61.20246962793532,1.543783295739793,21.80474372871155,52.135186734981986,25.119540873557277,56.898063213288886,-23.148883936383726,29.544243572251595,2.113158196539929,27.848088443295264,-2.1671907392941776,46.102685551652556,Unfeasible shape,GPSampler,PRUNED
736,736,,2026-05-18 21:12:57.126257,2026-05-18 21:12:59.079252,0 days 00:00:01.952995,28.36007487637253,47.86896469697789,31.27717143174933,-83.2408437405979,59.499049087510926,4.286658682894596,61.23503427755386,1.5348761792646357,21.89532855782964,52.27661251001118,25.255495469043677,56.89905128519322,-23.261317622892534,29.578145555432137,1.9283038899362084,27.937446247624834,-2.169673092191239,45.986444591818,Unfeasible shape,GPSampler,PRUNED
737,737,,2026-05-18 21:12:59.231348,2026-05-18 21:13:00.180774,0 days 00:00:00.949426,28.262733987754462,47.80319818410449,31.278420744035085,-83.31867423328724,59.4889785854507,4.274872749007168,61.22096032786081,1.5527061817759389,21.812497255197624,52.248412891521966,25.200987979280818,56.83859516016627,-23.186050834453972,29.617343485273665,1.970828747397264,27.900801179385315,-2.12392531417796,46.01969997279298,Unfeasible shape,GPSampler,PRUNED
738,738,,2026-05-18 21:13:00.344801,2026-05-18 21:13:00.785428,0 days 00:00:00.440627,28.269673855084637,47.78681886412625,31.256255562872784,-83.3678496064559,59.474193888565146,4.258568145814543,61.31365539316792,1.5981134171816294,21.760484847244996,52.32290294101473,25.32235218394373,56.86563336596936,-23.160619941212765,29.62621328788114,1.9723156639862605,27.973987392350793,-2.0408122414821293,46.04086168724655,Unfeasible shape,GPSampler,PRUNED
739,739,,2026-05-18 21:13:00.940760,2026-05-18 21:13:04.211014,0 days 00:00:03.270254,28.222926687481202,47.84060508470868,31.306031750099056,-83.37649938849889,59.574522145985185,4.190989492173811,61.17109753552087,1.5135487029244317,21.82281553916945,52.18093254661081,25.093700250160747,56.823019571662584,-23.071419314201492,29.53824989283125,2.1379598698558784,27.75238780574286,-2.183572469107986,46.088566109615115,Unfeasible shape,GPSampler,PRUNED
740,740,,2026-05-18 21:13:04.346328,2026-05-18 21:13:05.952891,0 days 00:00:01.606563,28.230063035992817,47.77824489249868,31.271431203528454,-83.39916529333135,59.52667061063431,4.199512439264664,61.26527321042182,1.51975638682039,21.854455588334286,52.250340126800225,25.173598439492274,56.78245575123861,-23.120416860388616,29.573401391967828,2.033199903746233,27.829018068007336,-2.1431565951304776,46.04625964749193,Unfeasible shape,GPSampler,PRUNED
741,741,,2026-05-18 21:13:06.112519,2026-05-18 21:13:06.396701,0 days 00:00:00.284182,28.26078007809715,47.81318693394758,31.260725646779917,-83.33523571920458,59.58541799690359,4.193804462739225,61.217928622884465,1.541467290449468,21.851894134725864,52.222681542027566,25.223678010508166,56.832165753813186,-23.087078700224183,29.557405955355144,2.053071455605881,27.87604536883975,-2.199296840252387,46.06960030176839,Unfeasible shape,GPSampler,PRUNED
742,742,,2026-05-18 21:13:06.553761,2026-05-18 21:13:08.231739,0 days 00:00:01.677978,28.24269176420104,47.83749549873822,31.26048274247575,-83.29649956663833,59.54103559804935,4.198375778286167,61.24569015447956,1.5228683212064098,21.806950264116747,52.21593494343566,25.158613608409276,56.84102331979754,-23.114271577018606,29.54807481529081,2.0528077921891894,27.83085933816876,-2.160189636821052,46.04891801194336,Unfeasible shape,GPSampler,PRUNED
743,743,,2026-05-18 21:13:08.394461,2026-05-18 21:13:10.729632,0 days 00:00:02.335171,28.254043928547993,47.78414464476052,31.318198196211632,-83.35426474203526,59.516847192886765,4.212210242607151,61.20907640285225,1.5806597744446407,21.801779334048703,52.24614312968117,25.249940870075548,56.818694289887276,-23.14594736084434,29.587782316951298,2.071795363753107,27.812158427687,-2.1430876982413096,46.03463945863305,Unfeasible shape,GPSampler,PRUNED
744,744,,2026-05-18 21:13:10.881598,2026-05-18 21:13:11.723254,0 days 00:00:00.841656,28.22089983752152,47.81754671854822,31.303251790989716,-83.35735852835475,59.56948270710672,4.196549869969364,61.23569209512463,1.498619701619191,21.90228943662963,52.21717292000784,25.104989179325592,56.796105515485536,-23.09720264453624,29.52425079538166,2.1138319661539304,27.76003179301008,-2.2058501499304626,46.05358585086079,Unfeasible shape,GPSampler,PRUNED
745,745,,2026-05-18 21:13:11.878968,2026-05-18 21:13:13.745240,0 days 00:00:01.866272,28.236756711850425,47.81999900745286,31.26034194129355,-83.37659279797818,59.537186907138526,4.162194443991432,61.222962115547304,1.5440991323532884,21.783948460389364,52.23440254556318,25.173597116472273,56.81942996029882,-23.107263072296632,29.562458209188293,2.036658787189147,27.80101006008804,-2.1303737304967356,46.04735409698555,Unfeasible shape,GPSampler,PRUNED
746,746,,2026-05-18 21:13:13.897083,2026-05-18 21:13:14.450039,0 days 00:00:00.552956,28.14814228253838,47.774701789251395,31.328002845724498,-83.38018580081985,59.56161179693338,4.24387138849182,61.3546066449375,1.56989293358437,21.65762826547071,52.25293419204766,25.18059263204608,56.92700554666067,-23.12935671928605,29.602794452323025,2.03847456632405,27.77629357429222,-2.0664541681384634,46.1594983702046,Unfeasible shape,GPSampler,PRUNED
747,747,,2026-05-18 21:13:14.602168,2026-05-18 21:13:14.887067,0 days 00:00:00.284899,28.193587166446246,47.81203555014384,31.25608913273227,-83.39392567657167,59.57685843094032,4.207728582589411,61.27951921477909,1.570626421951161,21.79382371812519,52.2248663993148,25.16070974794722,56.832163485663266,-23.084737595290576,29.56064498561911,2.078180885734577,27.848086591474893,-2.130712689556887,46.09811767896257,Unfeasible shape,GPSampler,PRUNED
748,748,,2026-05-18 21:13:15.037788,2026-05-18 21:13:15.456873,0 days 00:00:00.419085,28.206978648422837,47.78962608234459,31.26103727323662,-83.33457000609455,59.57635609090574,4.180086099595785,61.243271587492046,1.531525323841045,21.795364928373438,52.254734018980535,25.162914672715832,56.80469537336356,-23.110134281597645,29.532682521667255,2.0992900560024452,27.798435192176413,-2.1431718878872204,46.045378755267905,Unfeasible shape,GPSampler,PRUNED
749,749,,2026-05-18 21:13:15.620790,2026-05-18 21:13:16.042055,0 days 00:00:00.421265,28.21671972506095,47.79161399715319,31.228746205120878,-83.35190270169727,59.53463781619721,4.230984122364026,61.26771590367871,1.5808899278980064,21.760527602892303,52.260498137280024,25.247477023207534,56.839861759313,-23.11913449638604,29.563006616455493,1.9839399074807291,27.855450691537857,-2.0700483823829856,46.067204678805524,Unfeasible shape,GPSampler,PRUNED
750,750,,2026-05-18 21:13:16.208250,2026-05-18 21:13:18.293065,0 days 00:00:02.084815,28.313194081680223,47.93673037480488,31.23693894222027,-83.33793520310083,59.495853914670434,4.238480794032739,61.18610213645392,1.566948985413127,21.718986570140522,52.1461560851021,25.22828345075231,56.94254989872617,-23.166424525183025,29.5888654650514,2.0188162313295726,27.92474456020961,-2.1514712895008685,46.0604400131031,Unfeasible shape,GPSampler,PRUNED
