,number,value,datetime_start,datetime_complete,duration,params_highPt.rA2,params_highPt.rL1,params_highPt.rL2,params_highPt.rL3,params_highPt.x2,params_highPt.y2,params_lowPt.rA2,params_lowPt.rL1,params_lowPt.rL2,params_lowPt.rL3,params_lowPt.x2,params_lowPt.y2,user_attrs_prune,system_attrs_cma:generation,system_attrs_cma:optimizer:0,system_attrs_cma:optimizer:1,system_attrs_cma:optimizer:2,system_attrs_cma:optimizer:3,system_attrs_cma:optimizer:4,state
67,67,140.0,2026-05-11 21:49:29.892793,2026-05-11 21:49:30.126417,0 days 00:00:00.233624,-56.103409980332955,29.343790006975308,85.67604378567864,61.728309384553626,1.734171800883426,45.2493033064191,-28.734356738878816,63.71117603621459,75.44718796849034,50.76001362466833,52.05322856208656,45.7798613877615,Unfeasible shape,2.0,,,,,,PRUNED
68,68,8.759015169363131,2026-05-11 21:49:30.258144,2026-05-11 21:49:44.705018,0 days 00:00:14.446874,-53.46023643220727,48.99291567202986,64.89316010399338,52.49772269771548,48.41425323253411,15.806814720319174,-46.74459183690471,63.938007813051286,90.96370055407414,53.436264946070935,26.249173908474027,44.76975669905141,,2.0,,,,,,COMPLETE
69,69,140.0,2026-05-11 21:49:46.891632,2026-05-11 21:49:47.156241,0 days 00:00:00.264609,-65.75488644042298,44.33770738749312,77.85754571782756,33.89439119888309,17.821532495014008,38.69199003231618,-36.80777912523616,67.43423474163669,60.28725000921054,33.832126388585806,34.368173380176195,54.772650063861725,Unfeasible shape,2.0,,,,,,PRUNED
70,70,140.0,2026-05-11 21:49:47.305770,2026-05-11 21:49:47.652921,0 days 00:00:00.347151,-55.525757148173945,53.6204613298748,76.25260824871117,59.17451750234932,30.653585721841253,34.279192292769615,-35.897208081591835,82.57522514701063,59.126672646453805,87.30488422197911,31.32995671251661,49.459881279756665,Unfeasible shape,2.0,,,,,,PRUNED
71,71,140.0,2026-05-11 21:49:47.789686,2026-05-11 21:49:48.044307,0 days 00:00:00.254621,-48.71679023036813,73.18714619930728,98.7859557406114,61.29527864422686,33.81957501622609,35.19154187128872,-38.56268958618359,38.12619758418249,87.17410248035456,26.523535841311432,35.29225029395577,55.90397780375143,Unfeasible shape,2.0,,,,,,PRUNED
72,72,140.0,2026-05-11 21:49:48.176855,2026-05-11 21:49:48.407915,0 days 00:00:00.231060,-44.03396723889485,49.5337783383683,76.65062581442956,51.927684926898934,26.85779214917372,15.255969474843818,-28.34756423573461,35.43497097819467,87.01355974639614,32.34447012112997,39.90272825315598,47.016864968196735,Unfeasible shape,2.0,,,,,,PRUNED
73,73,140.0,2026-05-11 21:49:48.535628,2026-05-11 21:49:48.790251,0 days 00:00:00.254623,-66.20122863562248,38.71369921514769,83.95073953885506,50.094522637793666,14.06515780461564,33.88650359191212,-23.910664045302205,39.670207440155714,79.68071384435085,41.50294472403992,27.27351034135292,52.84450667707029,Unfeasible shape,2.0,,,,,,PRUNED
74,74,140.0,2026-05-11 21:49:48.923794,2026-05-11 21:49:49.233422,0 days 00:00:00.309628,-52.53998322525013,32.96896766677405,79.73856015888667,51.94781595096899,34.22412583739158,41.60069968889278,-37.629779839236264,54.960923462219284,89.6897998051793,38.0338262517743,16.483381665387398,53.97680372471971,Unfeasible shape,2.0,,,,,,PRUNED
75,75,140.0,2026-05-11 21:49:49.371623,2026-05-11 21:49:49.601696,0 days 00:00:00.230073,-44.657557371932555,34.06196135800546,72.91596198594442,47.14247857481027,19.87202046455784,54.20209246675488,-41.001709694031696,52.68038633824846,74.47442158769249,46.18783909660039,41.958292069348815,46.81027216588952,Unfeasible shape,2.0,,,,,,PRUNED
76,76,8.75425003272418,2026-05-11 21:49:49.725989,2026-05-11 21:50:06.872359,0 days 00:00:17.146370,-45.71086032352334,37.77160868729251,61.862804865451395,48.977164705349104,65.97983000476258,16.645794967362807,-22.63136650899512,41.722148619383006,89.46239410700286,41.011396149601715,51.00967337830944,51.71809248340408,,2.0,,,,,,COMPLETE
77,77,140.0,2026-05-11 21:50:08.633391,2026-05-11 21:50:08.890984,0 days 00:00:00.257593,-45.98407085012633,49.399454060654065,71.33375193132062,85.81640526740223,40.800388353443005,44.08562506565728,-31.1898399895612,52.49012551791178,66.42103237907325,41.41580762982536,48.5350697588925,56.330949726276344,Unfeasible shape,2.0,,,,,,PRUNED
78,78,140.0,2026-05-11 21:50:09.039534,2026-05-11 21:50:09.346886,0 days 00:00:00.307352,-75.15441654735676,71.07579506490745,86.2378460833365,57.70413048198399,36.28209557277433,28.18255890116727,-47.75183121428444,58.425907435075196,97.9147664391604,54.33790916494525,45.886302317804954,70.55329681898748,Unfeasible shape,2.0,,,,,,PRUNED
79,79,140.0,2026-05-11 21:50:09.471956,2026-05-11 21:50:09.721013,0 days 00:00:00.249057,-52.86122153870418,35.578291694583385,72.79009486523643,68.52831569719874,30.070568673314447,66.29362883639651,-44.93346129947436,50.46291647575002,69.5320308031869,41.16087617091215,22.90191412891408,66.33806323365204,Unfeasible shape,2.0,,,,,,PRUNED
80,80,140.0,2026-05-11 21:50:09.897081,2026-05-11 21:50:10.128160,0 days 00:00:00.231079,-65.51928934752334,69.1632095309549,84.19118365625825,45.837121525336734,26.87576676934987,44.444866423688104,-48.83187564441681,44.358703885050275,66.51361737999119,32.80039049529175,47.47156628466651,55.58820574839019,Unfeasible shape,2.0,,,,,,PRUNED
81,81,140.0,2026-05-11 21:50:10.274488,2026-05-11 21:50:10.517000,0 days 00:00:00.242512,-52.93676024807332,27.806090775674,83.1246458200047,65.53185613371946,12.555563781973834,17.478450005250707,-35.51799693162839,24.867939446791734,69.26258729059529,38.75931332723532,29.66942469904926,69.34275208403137,Unfeasible shape,2.0,,,,,,PRUNED
82,82,8.753665706363705,2026-05-11 21:50:10.663100,2026-05-11 21:50:23.971532,0 days 00:00:13.308432,-58.003590051790134,62.29531577631722,88.34864370581478,67.14311623061681,24.075853634207988,24.39666667294756,-45.83562756362424,58.578435590936,72.39260838033164,25.234480618806018,17.09632504489509,41.10729935944531,,2.0,,,,,,COMPLETE
83,83,140.0,2026-05-11 21:50:26.061978,2026-05-11 21:50:26.423710,0 days 00:00:00.361732,-59.03024093209298,48.28603691334416,58.48585409551675,28.91111293203273,22.19888203145532,17.880436735091113,-33.27887246228391,45.459558876146026,76.2778631562093,48.89286882839466,32.30910287445829,55.37563267202312,Unfeasible shape,2.0,,,,,,PRUNED
84,84,140.0,2026-05-11 21:50:26.558789,2026-05-11 21:50:26.837896,0 days 00:00:00.279107,-55.630941520707395,60.06245400253103,98.57455499249028,49.36492804979764,36.1890027904265,32.003761174055676,-46.74334735379682,62.031161543196475,82.67536675366503,35.630487492883276,29.53245309494498,62.66025280777114,Unfeasible shape,2.0,,,,,,PRUNED
85,85,140.0,2026-05-11 21:50:26.998956,2026-05-11 21:50:27.220010,0 days 00:00:00.221054,-47.736938376436136,49.72451090889862,93.72122078575568,39.17383489896808,28.06066600878246,40.56043585468176,-29.343443058106075,49.87732547217385,79.18518743983174,72.95373791149734,40.6929874278471,54.16813935577213,Unfeasible shape,2.0,,,,,,PRUNED
86,86,140.0,2026-05-11 21:50:27.351340,2026-05-11 21:50:27.651935,0 days 00:00:00.300595,-46.239549656926485,35.25660246161539,79.78225284033623,46.1473581281895,31.329276136755315,36.9428841769755,-44.062569522720516,29.779168941505077,97.13114912911564,37.8107676353543,28.63550308360077,52.8398978671507,Unfeasible shape,2.0,,,,,,PRUNED
87,87,140.0,2026-05-11 21:50:27.798983,2026-05-11 21:50:28.043070,0 days 00:00:00.244087,-45.171617606547585,81.52059983971952,92.68709588115966,77.99977190329881,51.19949461634338,56.434523272383565,-54.48019842824992,62.5542609370205,80.83718295657188,32.212964850867806,34.494930983997534,44.568692717353336,Unfeasible shape,2.0,,,,,,PRUNED
88,88,140.0,2026-05-11 21:50:28.180119,2026-05-11 21:50:28.412203,0 days 00:00:00.232084,-39.875755658412295,50.50146782570529,93.1077453495052,49.21094620978111,46.703333318279206,32.37231103948225,-33.68139170486349,35.249419557617486,75.75071967645847,41.228287038667084,43.31831745363797,56.65217002720476,Unfeasible shape,2.0,,,,,,PRUNED
89,89,8.756992733886108,2026-05-11 21:50:28.547745,2026-05-11 21:50:44.055784,0 days 00:00:15.508039,-66.29039716335687,58.9619471947959,70.13571816133651,49.90167067462811,32.613671103462615,43.37407514997408,-48.80231019900152,74.73645810212483,68.71233301689963,22.296255602282184,9.525485867305958,53.783313018405565,,2.0,,,,,,COMPLETE
90,90,140.0,2026-05-11 21:50:45.777893,2026-05-11 21:50:46.006684,0 days 00:00:00.228791,-66.95526483883555,79.57713264041043,66.61863770242567,23.29034312993496,26.10311323730651,32.52155327941117,-34.932054566708175,59.90700631035801,76.27675085477232,53.25325751980748,21.716144704465535,60.99065702584811,Unfeasible shape,2.0,,,,,,PRUNED
91,91,140.0,2026-05-11 21:50:46.144209,2026-05-11 21:50:46.396809,0 days 00:00:00.252600,-65.75244315750186,55.432108687992226,53.72426141585777,25.07052974294045,33.67281508031522,32.53855476580783,-36.392884570836976,65.03454315510503,61.72846751501122,60.200337235932736,27.643257094410355,54.50863873621988,Unfeasible shape,2.0,,,,,,PRUNED
92,92,140.0,2026-05-11 21:50:46.543348,2026-05-11 21:50:46.787953,0 days 00:00:00.244605,-43.78773775891264,34.18156377158156,94.4184853972167,66.31597760999672,20.6601755279697,53.30414055283842,-41.93316781852214,60.957286778315044,77.65998943520918,54.36677897321444,43.03493222625614,49.91627169470194,Unfeasible shape,2.0,,,,,,PRUNED
93,93,140.0,2026-05-11 21:50:46.918028,2026-05-11 21:50:47.275946,0 days 00:00:00.357918,-47.339244824041955,38.01295400957936,90.06190493979999,65.75573190692779,41.65121442999104,32.013166130289086,-44.37428831844039,48.92092647493582,96.64815366592889,23.414818953373466,31.37634466095654,60.24850616031536,Unfeasible shape,2.0,,,,,,PRUNED
94,94,140.0,2026-05-11 21:50:47.404477,2026-05-11 21:50:47.835605,0 days 00:00:00.431128,-42.143779061534346,46.51122591383468,65.42087006308657,47.65058209083665,29.58047891352305,66.97125558728303,-53.83434907691948,60.68391235079511,83.89809641324224,30.809783805259137,39.07984403952428,51.387165424807186,Unfeasible shape,2.0,,,,,,PRUNED
95,95,140.0,2026-05-11 21:50:47.965157,2026-05-11 21:50:48.229565,0 days 00:00:00.264408,-50.25410379610278,48.278074475238235,81.65213493994702,72.33861990296165,17.78231480574503,25.121929764530474,-44.29738103445997,42.87928622243369,87.65400586675796,37.706274744391266,34.84707229109037,50.05546252573143,Unfeasible shape,2.0,,,,,,PRUNED
96,96,140.0,2026-05-11 21:50:48.385294,2026-05-11 21:50:48.634086,0 days 00:00:00.248792,-55.172531115734664,57.97595032072519,50.90185016589696,54.85851355048845,30.207453496001754,40.81327102496648,-33.72357474833795,64.88031781438553,87.57379979034064,19.925999664913398,49.36236222817905,61.47420916532741,Unfeasible shape,2.0,,,,,,PRUNED
97,97,140.0,2026-05-11 21:50:48.806168,2026-05-11 21:50:49.065248,0 days 00:00:00.259080,-46.60649136804054,26.016372699081618,63.012816538226566,30.353640708362594,13.023980768813164,35.848541798564916,-39.42787435243192,47.553287021680205,49.76650253763344,34.70560929349841,44.889480155406666,63.87071814772323,Unfeasible shape,2.0,,,,,,PRUNED
98,98,140.0,2026-05-11 21:50:49.199313,2026-05-11 21:50:49.435751,0 days 00:00:00.236438,-60.93429653966495,50.755030943622245,95.40711082528931,63.33768893100062,24.410042639880235,30.603043204137585,-50.7327086202383,75.78749300830766,92.9440369759859,54.76539730164481,52.479650647355804,54.59100833061383,Unfeasible shape,2.0,,,,,,PRUNED
99,99,140.0,2026-05-11 21:50:49.564134,2026-05-11 21:50:49.781732,0 days 00:00:00.217598,-51.98299391290217,38.02422884928272,61.779687045616804,42.62430178104198,37.641339208126674,33.54141174468319,-25.422274497816964,68.52147620011806,96.67187788868404,61.85175099363268,54.64598496890558,39.30984931663492,Unfeasible shape,2.0,,,,,,PRUNED
