,number,value,datetime_start,datetime_complete,duration,params_highPt.rA2,params_highPt.rL1,params_highPt.rL2,params_highPt.rL3,params_highPt.x2,params_highPt.y2,params_lowPt.rA2,params_lowPt.rL1,params_lowPt.rL2,params_lowPt.rL3,params_lowPt.x2,params_lowPt.y2,user_attrs_prune,system_attrs_cma:generation,system_attrs_cma:optimizer:0,system_attrs_cma:optimizer:1,system_attrs_cma:optimizer:2,system_attrs_cma:optimizer:3,system_attrs_cma:optimizer:4,state
54,54,140.0,2026-05-11 21:47:55.725118,2026-05-11 21:47:56.051273,0 days 00:00:00.326155,-62.293464941970896,55.9824787599876,65.91903305335113,37.001208775500416,23.893740066715175,38.613012006262515,-38.720584852208894,18.400339094276724,78.36102781447593,41.48699422623988,50.88001448963432,64.29602509663701,Unfeasible shape,2.0,800495a6100000000000008c0a636d6165732e5f636d61948c03434d419493942981947d94288c065f6e5f64696d944b0c8c085f706f7073697a65944b0b8c035f6d75944b058c075f6d755f656666948c166e756d70792e5f636f72652e6d756c74696172726179948c067363616c61729493948c056e756d7079948c0564747970659493948c02663894898887945294284b038c013c944e4e4e4affffffff4affffffff4b007494624308e9e8100774510b4094869452948c035f636394680b681143083e6c7d43b18cd03f94869452948c035f633194680b681143089fc67c4e93b7863f94869452948c045f636d7594680b68114308b90fbeb98d89913f94869452948c085f635f7369676d6194680b681143088289198da8f9d03f94869452948c085f645f7369676d6194680b68114308606246236a3ef43f94869452948c035f636d944b018c065f6368695f6e9447400b25064571943c8c085f776569676874739468098c0c5f7265636f6e737472756374949394680c8c076e6461727261799493944b0085944301629487945294284b014b0b8594680e8c02663894898887945294284b0368124e4e4e4affffffff4affffffff4b00749462894358538e214ba67ddb3f2c5e47761ddbd03f4c60b4a91145c53f18b8b48552e2b83f8daa7d42f660a63f00000000000000009bd0b4761a8dc0bf5806fa0273e3cebff539783e76c4d5bfddd50bc2786cdbbf0820f98e2d45e0bf947494628c085f705f7369676d6194682f68314b008594683387945294284b014b0c85946811894360d400dc7f1b91e5bfc8c1c9721d67c5bf9859ac46870c0240464dbcef50edd7bf1d5b07b7bbfbe2bf4fca20772a7fd5bf6854eca4569cf53f74232b172ba0d7bf3db7dd5441cc0040e78695a145f8f0bf80537a08cc69a0bf6c94f7eb5608f73f947494628c035f706394682f68314b008594683387945294284b014b0c85946811894360d03336066cbce6bf2adf41eb4359cebf3b42fed20f000240df53e226a46cd7bf40d05f9db8a1e2bfcbed69a654dad4bf41351b7d8c0ff53fde7336a13725d4bf40e78a85501c0140fde978d07445f1bf680658713ca1abbf9d6af174e7f7f63f947494628c055f6d65616e94682f68314b008594683387945294284b014b0c85946839894360bd7247fce343d93ffcd3a47160a1db3f17864067f177ea3fa1736950371ddd3fee9e9bd6abe0da3f9cdd73957b1fdd3fd2b4acdc1363e53f3471487028e5dd3f93d0c73486f7e93faa1ab58cc5a1d43fb04a9355f224de3fe8635dc1586de63f947494628c065f7369676d6194680b68114308af012c288a99c43f94869452948c025f44944e8c025f42944e8c075f626f756e647394682f68314b008594683387945294284b014b0c4b02869468398943c00,000000000000000000000000000f03f0000000000000000000000000000f03f0000000000000000000000000000f03f0000000000000000000000000000f03f0000000000000000000000000000f03f0000000000000000000000000000f03f0000000000000000000000000000f03f0000000000000000000000000000f03f0000000000000000000000000000f03f0000000000000000000000000000f03f0000000000000000000000000000f03f0000000000000000000000000000f03f947494628c115f6e5f6d61785f726573616d706c696e67944b788c025f67944b028c095f6c725f616461707494898c065f616c70686194473ff66666666666668c0a5f626574615f6d65616e94473fb999999999999a8c0b5f626574615f5369676d6194473f9eb851eb851eb88c065f67616d6d6194473fb999999999999a8c065f456d65616e94682f68314b008594683387945294284b014b0c4b0186946839894360000000000000000000000000000000000000000000000000000000000000000000000000000000000000000000000000000000000000000000000000000000000000000000000000000000000000000000000000000000000000000000000000947494628c075f455369676d6194682f68314b008594683387945294284b014b904b018694683989428004000000000000000000000000000000000000000000000000000000000000000000000000000000000000000000000000000000000000000000000000000000000000000000000000000000000000000000000000000000000000000000000000000000000000000000000000000000000000000000000000000000000000000000000000000000000000000000000000000000000000000000000000000000000000000000000000000000000000000000000000000000000000000000000000000000000000000000000000000000000000000000000000000000000000000000000000000000000000000000000000000000000000000000000000000000000000000000000000000000000000000000000000000000000000000000000000000000000000000000000000000000000000000000000000000000000000000000000000000000000000000000000000000000000000000000000000000000000000000000000000000000000000000000000000000000000000000000000000000000000000000000000000000000000000000000000000000000000000000000000000000000000000000000000000000000000000000000000000000000000000000000000000000000000000000000000000000000000000000000000000000000000000000000000000000000000000000000000000000000000000000000000000000000000000000000000000,0000000000000000000000000000000000000000000000000000000000000000000000000000000000000000000000000000000000000000000000000000000000000000000000000000000000000000000000000000000000000000000000000000000000000000000000000000000000000000000000000000000000000000000000000000000000000000000000000000000000000000000000000000000000000000000000000000000000000000000000000000000000000000000000000000000000000000000000000000000000000000000000000000000000000000000000000000000000000000000000000000000000000000000000000000000000000000000000000000000000000000000000000000000000000000000000000000000000000000000000000000000000000000000000000000000000000000000000000000000000000000000000000000000000000000000000000000000000000000000000000000000000000000000000000000000000000000000000000000000000000000000000000000000000000000000000000000000000000000000000000000000000000000000000000000000000000000000000000000000000000000000000000000000000000000000000000000000000000000000000000000000000000000000000000000000000000000000000000000000000000000000000000000000000000000000000000000000000000000000000000000000000000000000000000000000000000000000000000000000000000000000000000000000000000000000000000000000000000000000000000000000000000000000000000000000000000000000000000000947494628c065f566d65616e944700000000000000008c075f565369676d61944700000000000000008c095f6574615f6d65616e94473ff00000000000008c0a5f6574615f5369676d6194473ff00000000000008c055f746f6c7894680b6811430816383daccc74473d94869452948c075f746f6c787570944740c38800000000008c075f746f6c66756e94473d719799812dea118c105f746f6c636f6e646974696f6e636f76944742d6bcc41e9000008c0d5f66756e686973745f7465726d944b2b8c0f5f66756e686973745f76616c75657394682f68314b008594683387945294284b014b56859468398942b0020000300ec57b75020000b034c47b75020000f0ab18a3ac832140c471531939882140f4438ca0dd81214064a1385d81872140308fc47b75020000d010c57b750200004011c57b750200003036c47b750200001008c57b750200001094c47b750200003032c47b75020000b011c57b75020000c09ac57b7502000030804a7e75020000b0e3c47b75020000f0e0c47b75020000a0a1c57b75020000f0a1c,57b7502000070e1c47b750200005090c47b7502000030804a7e75020000f0dbc47b75020000b0e7c47b75020000b032c47b75020000200bc57b75020000f095c47b7502000030804a7e7502000030d3c47b7502000070d3c47b75020000b022c47b75020000b024c47b75020000209fc57b7502000030804a7e75020000302cc47b75020000b02cc47b75020000302dc47b75020000b031c47b7502000030dbc47b7502000030804a7e75020000f0e1c47b7502000070d6c47b75020000302ac47b750200003034c47b750200003037c47b7502000010a0c57b75020000b02bc47b75020000b033c47b750200003035c47b75020000b0a0c57b75020000b036c47b750200003024c47b75020000b027c47b7502000060a0c57b750200003038c47b75020000b037c47b750200003026c47b750200007094c47b7502000030804a7e75020000b0d3c47b75020000b0d4c47b7502000030804a7e75020000509cc57b75020000409dc57b7502000030804a7e750200009012c57b75020000909dc57b7502000030804a7e75020000b038c47b750200003030c47b750200003039c47b750200007091c47b75020000f0d4c47b75020000e09dc57b7502000030804a7e75020000303ac47b7502000030d5c47b7502000030804a7e75020000b039c47b75020000f08fc47b7502000030804a7e75020000908fc47b75020000b03ac47b7502000030804a7e750200005014c57b75020000947494628c055f635f316494682f68314b008594683387945294284b014b4e85946811894270020000310247f8418bef3fec980d857b2a92bfd99e7eb58052a2bff669da88dc0d9b3ff0928bb70271823fae74d75b3679ab3f2666216e88ab5c3f103e6b6d72e664bf701c63c0dc1f753f642ac2563d4ca93f0d02daa8e7dc6d3f94e92c1c5990773fca78e29d85e8ee3f802f250a18d67cbfec15a42b97d5963f8469fe53e7a275bf3a1ad6079c29923f94f63d0bced489bf58b8e36f75379dbf10aa9dfd1a46753f865e2b1bab01b23fee0122eae70d7b3fb07e5c43a78e5ebf4e62689fbea4f03f92d3cb7a64c57abfd8a94cfdb99e92bf44151209a1b89a3fad0083a85b29b73f1289cbff4ead963f089bfd56c4ffbd3f18368f283313a6bfbd782eeb3e83a2bf556319d6c06db73f20a86608eb54f03fb7e923cc1f7173bf9dd3ebf61bf78bbf8ff8ece7a4eb91bf0009785287b732bf8a3a7fe6ca7282bf741f8fd1b034893f8930e2d1130890bf3f19ba9aa39693bf2ca623300e5aef3f10416beb4199583fb8e0be4dd8c183bf804e1862eb6867bf77a3e0dd237797bf23ab0cf897317d3ff12231bf9464843f96a58db6f8dd91bf59501c982df0f03f0aceeec11771a73f2842bbda6af9873f337631bfe644a0bf0e08ca988f52953ffef8cc94f4449a3f,4319390b5b9dac3fac1fb0dde6a0f03ff2ffd507504c70bf6e8b59a5f5f3b23fcadbc241731880bf16d5f161fb399e3f366bb2f0fdeeac3f08f6248d302def3f87b972ccdf18843f4efed935acd69fbf3ef8265f9e856c3f55e97646c5cf8e3f84733a45547df03fa9c6b869c5dbaebf02b1458f6750a83f766db02c3b31b63f8cd265888d70f03fae5d8662e16184bf124e92cf92dba6bfb8159225f5a5ed3fd4ccb22054c1a43f4ea53d217950f13f9474946275622e,PRUNED
55,55,8.755647803457983,2026-05-11 21:47:56.192828,2026-05-11 21:48:19.709201,0 days 00:00:23.516373,-32.67222950892277,51.32370710884449,92.78312376753018,48.14814040946138,40.30420523081791,31.0944039993139,-46.9081608746409,60.522643172872414,90.20700301069184,36.5110579367111,19.020211576599802,56.957223734275715,,2.0,800495a6100000000000008c0a636d6165732e5f636d61948c03434d419493942981947d94288c065f6e5f64696d944b0c8c085f706f7073697a65944b0b8c035f6d75944b058c075f6d755f656666948c166e756d70792e5f636f72652e6d756c74696172726179948c067363616c61729493948c056e756d7079948c0564747970659493948c02663894898887945294284b038c013c944e4e4e4affffffff4affffffff4b007494624308e9e8100774510b4094869452948c035f636394680b681143083e6c7d43b18cd03f94869452948c035f633194680b681143089fc67c4e93b7863f94869452948c045f636d7594680b68114308b90fbeb98d89913f94869452948c085f635f7369676d6194680b681143088289198da8f9d03f94869452948c085f645f7369676d6194680b68114308606246236a3ef43f94869452948c035f636d944b018c065f6368695f6e9447400b25064571943c8c085f776569676874739468098c0c5f7265636f6e737472756374949394680c8c076e6461727261799493944b0085944301629487945294284b014b0b8594680e8c02663894898887945294284b0368124e4e4e4affffffff4affffffff4b00749462894358538e214ba67ddb3f2c5e47761ddbd03f4c60b4a91145c53f18b8b48552e2b83f8daa7d42f660a63f00000000000000009bd0b4761a8dc0bf5806fa0273e3cebff539783e76c4d5bfddd50bc2786cdbbf0820f98e2d45e0bf947494628c085f705f7369676d6194682f68314b008594683387945294284b014b0c85946811894360d400dc7f1b91e5bfc8c1c9721d67c5bf9859ac46870c0240464dbcef50edd7bf1d5b07b7bbfbe2bf4fca20772a7fd5bf6854eca4569cf53f74232b172ba0d7bf3db7dd5441cc0040e78695a145f8f0bf80537a08cc69a0bf6c94f7eb5608f73f947494628c035f706394682f68314b008594683387945294284b014b0c85946811894360d03336066cbce6bf2adf41eb4359cebf3b42fed20f000240df53e226a46cd7bf40d05f9db8a1e2bfcbed69a654dad4bf41351b7d8c0ff53fde7336a13725d4bf40e78a85501c0140fde978d07445f1bf680658713ca1abbf9d6af174e7f7f63f947494628c055f6d65616e94682f68314b008594683387945294284b014b0c85946839894360bd7247fce343d93ffcd3a47160a1db3f17864067f177ea3fa1736950371ddd3fee9e9bd6abe0da3f9cdd73957b1fdd3fd2b4acdc1363e53f3471487028e5dd3f93d0c73486f7e93faa1ab58cc5a1d43fb04a9355f224de3fe8635dc1586de63f947494628c065f7369676d6194680b68114308af012c288a99c43f94869452948c025f44944e8c025f42944e8c075f626f756e647394682f68314b008594683387945294284b014b0c4b02869468398943c00,000000000000000000000000000f03f0000000000000000000000000000f03f0000000000000000000000000000f03f0000000000000000000000000000f03f0000000000000000000000000000f03f0000000000000000000000000000f03f0000000000000000000000000000f03f0000000000000000000000000000f03f0000000000000000000000000000f03f0000000000000000000000000000f03f0000000000000000000000000000f03f0000000000000000000000000000f03f947494628c115f6e5f6d61785f726573616d706c696e67944b788c025f67944b028c095f6c725f616461707494898c065f616c70686194473ff66666666666668c0a5f626574615f6d65616e94473fb999999999999a8c0b5f626574615f5369676d6194473f9eb851eb851eb88c065f67616d6d6194473fb999999999999a8c065f456d65616e94682f68314b008594683387945294284b014b0c4b0186946839894360000000000000000000000000000000000000000000000000000000000000000000000000000000000000000000000000000000000000000000000000000000000000000000000000000000000000000000000000000000000000000000000000947494628c075f455369676d6194682f68314b008594683387945294284b014b904b018694683989428004000000000000000000000000000000000000000000000000000000000000000000000000000000000000000000000000000000000000000000000000000000000000000000000000000000000000000000000000000000000000000000000000000000000000000000000000000000000000000000000000000000000000000000000000000000000000000000000000000000000000000000000000000000000000000000000000000000000000000000000000000000000000000000000000000000000000000000000000000000000000000000000000000000000000000000000000000000000000000000000000000000000000000000000000000000000000000000000000000000000000000000000000000000000000000000000000000000000000000000000000000000000000000000000000000000000000000000000000000000000000000000000000000000000000000000000000000000000000000000000000000000000000000000000000000000000000000000000000000000000000000000000000000000000000000000000000000000000000000000000000000000000000000000000000000000000000000000000000000000000000000000000000000000000000000000000000000000000000000000000000000000000000000000000000000000000000000000000000000000000000000000000000000000000000000000000000,0000000000000000000000000000000000000000000000000000000000000000000000000000000000000000000000000000000000000000000000000000000000000000000000000000000000000000000000000000000000000000000000000000000000000000000000000000000000000000000000000000000000000000000000000000000000000000000000000000000000000000000000000000000000000000000000000000000000000000000000000000000000000000000000000000000000000000000000000000000000000000000000000000000000000000000000000000000000000000000000000000000000000000000000000000000000000000000000000000000000000000000000000000000000000000000000000000000000000000000000000000000000000000000000000000000000000000000000000000000000000000000000000000000000000000000000000000000000000000000000000000000000000000000000000000000000000000000000000000000000000000000000000000000000000000000000000000000000000000000000000000000000000000000000000000000000000000000000000000000000000000000000000000000000000000000000000000000000000000000000000000000000000000000000000000000000000000000000000000000000000000000000000000000000000000000000000000000000000000000000000000000000000000000000000000000000000000000000000000000000000000000000000000000000000000000000000000000000000000000000000000000000000000000000000000000000000000000000000000947494628c065f566d65616e944700000000000000008c075f565369676d61944700000000000000008c095f6574615f6d65616e94473ff00000000000008c0a5f6574615f5369676d6194473ff00000000000008c055f746f6c7894680b6811430816383daccc74473d94869452948c075f746f6c787570944740c38800000000008c075f746f6c66756e94473d719799812dea118c105f746f6c636f6e646974696f6e636f76944742d6bcc41e9000008c0d5f66756e686973745f7465726d944b2b8c0f5f66756e686973745f76616c75657394682f68314b008594683387945294284b014b56859468398942b0020000300ec57b75020000b034c47b75020000f0ab18a3ac832140c471531939882140f4438ca0dd81214064a1385d81872140308fc47b75020000d010c57b750200004011c57b750200003036c47b750200001008c57b750200001094c47b750200003032c47b75020000b011c57b75020000c09ac57b7502000030804a7e75020000b0e3c47b75020000f0e0c47b75020000a0a1c57b75020000f0a1c,57b7502000070e1c47b750200005090c47b7502000030804a7e75020000f0dbc47b75020000b0e7c47b75020000b032c47b75020000200bc57b75020000f095c47b7502000030804a7e7502000030d3c47b7502000070d3c47b75020000b022c47b75020000b024c47b75020000209fc57b7502000030804a7e75020000302cc47b75020000b02cc47b75020000302dc47b75020000b031c47b7502000030dbc47b7502000030804a7e75020000f0e1c47b7502000070d6c47b75020000302ac47b750200003034c47b750200003037c47b7502000010a0c57b75020000b02bc47b75020000b033c47b750200003035c47b75020000b0a0c57b75020000b036c47b750200003024c47b75020000b027c47b7502000060a0c57b750200003038c47b75020000b037c47b750200003026c47b750200007094c47b7502000030804a7e75020000b0d3c47b75020000b0d4c47b7502000030804a7e75020000509cc57b75020000409dc57b7502000030804a7e750200009012c57b75020000909dc57b7502000030804a7e75020000b038c47b750200003030c47b750200003039c47b750200007091c47b75020000f0d4c47b75020000e09dc57b7502000030804a7e75020000303ac47b7502000030d5c47b7502000030804a7e75020000b039c47b75020000f08fc47b7502000030804a7e75020000908fc47b75020000b03ac47b7502000030804a7e750200005014c57b75020000947494628c055f635f316494682f68314b008594683387945294284b014b4e85946811894270020000310247f8418bef3fec980d857b2a92bfd99e7eb58052a2bff669da88dc0d9b3ff0928bb70271823fae74d75b3679ab3f2666216e88ab5c3f103e6b6d72e664bf701c63c0dc1f753f642ac2563d4ca93f0d02daa8e7dc6d3f94e92c1c5990773fca78e29d85e8ee3f802f250a18d67cbfec15a42b97d5963f8469fe53e7a275bf3a1ad6079c29923f94f63d0bced489bf58b8e36f75379dbf10aa9dfd1a46753f865e2b1bab01b23fee0122eae70d7b3fb07e5c43a78e5ebf4e62689fbea4f03f92d3cb7a64c57abfd8a94cfdb99e92bf44151209a1b89a3fad0083a85b29b73f1289cbff4ead963f089bfd56c4ffbd3f18368f283313a6bfbd782eeb3e83a2bf556319d6c06db73f20a86608eb54f03fb7e923cc1f7173bf9dd3ebf61bf78bbf8ff8ece7a4eb91bf0009785287b732bf8a3a7fe6ca7282bf741f8fd1b034893f8930e2d1130890bf3f19ba9aa39693bf2ca623300e5aef3f10416beb4199583fb8e0be4dd8c183bf804e1862eb6867bf77a3e0dd237797bf23ab0cf897317d3ff12231bf9464843f96a58db6f8dd91bf59501c982df0f03f0aceeec11771a73f2842bbda6af9873f337631bfe644a0bf0e08ca988f52953ffef8cc94f4449a3f,4319390b5b9dac3fac1fb0dde6a0f03ff2ffd507504c70bf6e8b59a5f5f3b23fcadbc241731880bf16d5f161fb399e3f366bb2f0fdeeac3f08f6248d302def3f87b972ccdf18843f4efed935acd69fbf3ef8265f9e856c3f55e97646c5cf8e3f84733a45547df03fa9c6b869c5dbaebf02b1458f6750a83f766db02c3b31b63f8cd265888d70f03fae5d8662e16184bf124e92cf92dba6bfb8159225f5a5ed3fd4ccb22054c1a43f4ea53d217950f13f9474946275622e,COMPLETE
56,56,140.0,2026-05-11 21:48:21.600450,2026-05-11 21:48:21.828818,0 days 00:00:00.228368,-55.842058406214406,42.661474032297015,97.3283147126781,37.66517776635174,42.92580152786863,48.10140264631117,-40.41431072152074,45.767979649352235,79.79454957878022,45.24599924470054,43.82873144484343,55.517340076801375,Unfeasible shape,2.0,,,,,,PRUNED
57,57,8.755596634137419,2026-05-11 21:48:21.951342,2026-05-11 21:48:50.270711,0 days 00:00:28.319369,-56.58523941150338,48.56962004843246,87.63842548067569,42.74432009112959,42.97554430405101,23.97904981256701,-53.73615301631495,64.36842396029863,76.22597581505616,37.27985577270485,24.209282913584794,56.52105703094486,,2.0,,,,,,COMPLETE
58,58,140.0,2026-05-11 21:48:52.645379,2026-05-11 21:48:53.070991,0 days 00:00:00.425612,-59.285465429203626,55.21884408388239,80.7908101699848,35.620945984611566,34.08675763426738,53.0794884427435,-44.56905486435802,41.88426222074435,75.24160184356245,33.563034868286636,47.3979942633815,44.771946814141906,Unfeasible shape,2.0,,,,,,PRUNED
59,59,140.0,2026-05-11 21:48:53.217574,2026-05-11 21:48:53.597174,0 days 00:00:00.379600,-54.20858772167121,52.51055489632992,85.91786930828916,66.50062296293831,37.35433159964993,4.40556408900781,-41.39491939828801,63.23732288828737,95.2168904449447,24.15063726205439,41.50010524777252,60.566721703996436,Unfeasible shape,2.0,,,,,,PRUNED
60,60,140.0,2026-05-11 21:48:53.736952,2026-05-11 21:48:54.088468,0 days 00:00:00.351516,-72.42521353968299,53.44556175632854,97.33086081344473,61.612366866596474,34.118076658334566,22.285274561260064,-38.2882423732321,45.44690857655292,82.24579440880818,39.67543483322045,36.67880654306631,67.89627966661295,Unfeasible shape,2.0,,,,,,PRUNED
61,61,8.75633288104516,2026-05-11 21:48:54.243433,2026-05-11 21:49:25.768235,0 days 00:00:31.524802,-54.58534080405749,38.31242969054148,80.92055539300058,41.400392843066086,23.814615269856855,28.23105151007886,-29.278670709668177,33.032260879870535,90.75919656267727,49.50024356549946,46.57268619321891,66.62904508878418,,2.0,,,,,,COMPLETE
62,62,140.0,2026-05-11 21:49:27.941382,2026-05-11 21:49:28.171691,0 days 00:00:00.230309,-72.17190771758061,48.93287753753822,86.86060385152213,55.265370362934725,38.87464166422174,33.20877430114359,-36.53257988594808,32.12949879233504,66.08785971454816,74.67771887905928,31.406506888315413,36.99014509417072,Unfeasible shape,2.0,,,,,,PRUNED
63,63,140.0,2026-05-11 21:49:28.311855,2026-05-11 21:49:28.600263,0 days 00:00:00.288408,-61.533988749923395,87.03229098387999,62.56049096396195,65.48396551508361,24.11067013885327,28.760137770436245,-36.791489990413154,23.20067157590273,68.37884079605463,53.429707968809296,54.825621333178745,47.26675287645166,Unfeasible shape,2.0,,,,,,PRUNED
64,64,140.0,2026-05-11 21:49:28.733340,2026-05-11 21:49:29.014340,0 days 00:00:00.281000,-56.47661848740232,29.5863701578769,56.09701205795305,54.44843475052356,49.47214012404007,7.616299203652151,-32.754261303913275,66.81550635792918,92.0201958321162,57.67113930178695,19.720573298071685,39.94621751226411,Unfeasible shape,2.0,,,,,,PRUNED
65,65,140.0,2026-05-11 21:49:29.138652,2026-05-11 21:49:29.382387,0 days 00:00:00.243735,-40.59790601020085,25.95788226668162,91.05038759336026,70.30668430711256,35.71741761949765,24.306778327997673,-44.571162943448755,49.30284690931493,88.32620021562268,66.86570168783075,34.14069961019132,42.170013166337654,Unfeasible shape,2.0,,,,,,PRUNED
66,66,140.0,2026-05-11 21:49:29.512455,2026-05-11 21:49:29.755815,0 days 00:00:00.243360,-53.312742079203254,50.28547559850232,84.73180969654886,54.56150372267288,30.506012059619575,25.766259993709394,-31.483400090399755,69.45308147777185,57.05796819021245,39.96401546051335,35.222430812280614,52.25477482415299,Unfeasible shape,2.0,,,,,,PRUNED
