,number,value,datetime_start,datetime_complete,duration,params_lLegPt.lL0,params_lLegPt.lL1,params_lLegPt.lL2,params_lLegPt.rA1,params_lLegPt.rL0,params_lLegPt.rL1,params_lLegPt.rL2,params_lLegPt.x1,params_lLegPt.y1,params_sLegPt.lL0,params_sLegPt.lL1,params_sLegPt.lL2,params_sLegPt.rA1,params_sLegPt.rL0,params_sLegPt.rL1,params_sLegPt.rL2,params_sLegPt.x1,params_sLegPt.y1,user_attrs_prune,system_attrs_auto:sampler,state
45,45,8.448658975702621,2026-04-13 12:37:26.083841,2026-04-13 12:37:30.060554,0 days 00:00:03.976713,58.02465440954601,38.200157366191405,89.10843780517257,-39.16426465533082,29.455525000089178,62.58271330646724,14.239961290066212,42.78932866089083,22.208593719957424,16.00129379869326,59.00665789863156,47.54964911620138,-69.18078188425274,10.907410673172734,79.52871063816178,22.84275837516792,45.74539297171772,24.01487176923866,Unattained target,GPSampler,PRUNED
46,46,8.634455894886031,2026-04-13 12:37:30.190664,2026-04-13 12:37:34.196034,0 days 00:00:04.005370,26.408090284285276,92.19142793841421,95.68359139018567,-30.479837422771794,26.652069849086544,98.78379127998582,48.67232600807241,33.208279598571536,21.229214522281183,90.2900061852891,65.57314155472238,26.256066171368577,-43.29781161974259,67.72362340252313,91.86664807281561,41.63481646885357,33.611330370565646,18.9393390917434,Unattained target,GPSampler,PRUNED
47,47,7.107694495309509,2026-04-13 12:37:34.323771,2026-04-13 12:37:38.283765,0 days 00:00:03.959994,62.516559080702024,77.75440847814875,12.700467409476316,-41.46534333510448,81.39822980465033,66.46800228571972,95.45715965902555,39.43479836332098,19.576116005554237,67.18736115347461,57.52026347128369,85.62407212463648,-48.716103156161154,95.53376454875004,43.93480007573677,53.78052780062944,33.53579715352842,10.521967256723952,Unattained target,GPSampler,PRUNED
48,48,5.802490737662318,2026-04-13 12:37:38.394664,2026-04-13 12:37:42.313507,0 days 00:00:03.918843,36.623378506310004,75.810916690524,28.482569574231587,-52.64301841598193,57.6977769012308,54.84057829863879,16.11035855148922,48.11853114033302,21.56384887428128,88.56803671860662,32.75165345991476,92.83433663654473,-59.051157925499396,65.86233153049906,90.63396992374773,45.64888088812262,45.28820140083919,15.40381822152322,Unattained target,GPSampler,PRUNED
49,49,0.08681128399859972,2026-04-13 12:37:42.448763,2026-04-13 12:37:51.545363,0 days 00:00:09.096600,33.80559975226329,97.55133258785744,55.626524863361446,-29.879560740154695,40.07312618703624,21.8415102763116,39.235728239359474,47.59286790070952,16.18962091808548,50.46423934914522,34.974247174330685,29.607591005188752,-58.345079977109876,39.48983362983613,21.52043505778406,10.95140214658138,33.47371429672991,15.125471153101389,,GPSampler,COMPLETE
50,50,5.42858126985162,2026-04-13 12:37:51.665640,2026-04-13 12:37:59.845299,0 days 00:00:08.179659,82.64981092934622,48.506080622911156,25.8791880160604,-45.57713577567417,58.489258922427204,14.36042432446677,99.11048046967773,33.97546616971407,22.099406836306592,38.01380690253588,52.1516192919279,43.33109775257878,-35.38537285484972,19.512010747273308,55.753399176270065,72.48663228995844,32.303980780244686,17.450970514730926,Unattained target,GPSampler,PRUNED
51,51,5.137797507659474,2026-04-13 12:37:59.978868,2026-04-13 12:38:03.895410,0 days 00:00:03.916542,47.50195787087624,65.74697111975811,14.670902566579784,-74.10836861438406,14.834940453758232,10.487417212811422,75.66779823094136,45.173845808522444,24.413193119801434,18.12991033276061,65.38615130861015,65.72930273822143,-51.436653915988806,74.88675042508315,79.61954551320271,15.531193388823468,30.142192922621184,10.588022478974466,Unattained target,GPSampler,PRUNED
52,52,8.826888869109041,2026-04-13 12:38:04.021800,2026-04-13 12:38:08.055589,0 days 00:00:04.033789,51.37953000647739,23.72965973163827,56.62968906155496,-63.36566730151415,31.14543423135271,98.44492641912785,21.373378018719574,33.97288972235087,25.672771134092912,51.585462549046085,22.972612653045505,36.19735427987537,-59.61610799584318,23.652721875274104,64.64769325912218,12.627414653517366,45.079555155106746,23.900787460744038,Unattained target,GPSampler,PRUNED
53,53,6.207105034528329,2026-04-13 12:38:08.185182,2026-04-13 12:38:12.168792,0 days 00:00:03.983610,79.26216927347906,43.16683404745699,50.10542064187776,-49.59929569123379,37.411445403667805,18.537768759010874,56.577293206369085,47.07595945207952,13.770964290378746,40.908264542451604,92.7368083374832,55.46794002941772,-68.75713705329058,82.81745662146653,68.2582852037715,41.57772626641476,48.745866565652705,10.657456903968257,Unattained target,GPSampler,PRUNED
54,54,7.11066524467973,2026-04-13 12:38:12.292721,2026-04-13 12:38:16.227917,0 days 00:00:03.935196,55.36730985045339,96.455300804836,31.580359121688446,-21.58545156228262,94.49219983465304,85.2292516739365,26.680804605343525,34.11368956354176,14.0845913551025,48.87207968239405,72.52883798736023,51.616960306833974,-60.58705318761113,55.10865917115536,37.24484221036443,67.1402704518313,38.27397199589438,10.733147284281388,Unattained target,GPSampler,PRUNED
55,55,6.261759601247562,2026-04-13 12:38:16.341651,2026-04-13 12:38:20.045220,0 days 00:00:03.703569,89.15479798564155,36.220155648366884,34.13488429831398,-64.12862500203268,42.75832542564825,73.32770433718426,64.53577613755104,38.784368593249035,21.89721803755912,21.841609211484723,44.72297550555562,48.91003414792728,-39.7444970903826,18.549525045268965,34.62251951170285,57.75298881935752,34.21188830516202,25.525548424340606,Unattained target,GPSampler,PRUNED
56,56,11.89162179631304,2026-04-13 12:38:20.155889,2026-04-13 12:38:24.081345,0 days 00:00:03.925456,35.34271265637922,57.29897495964672,83.13450041759651,-46.507925041569884,78.59932600142186,53.08750745172003,30.23838822033366,39.930102180243665,25.511190562422925,50.43358270712593,83.67355853554426,74.4192930964893,-36.16213194813034,51.995473351336024,33.51235380128082,82.31092713365113,36.45204063083678,24.791583796963863,Unattained target,GPSampler,PRUNED
57,57,0.06690343253453435,2026-04-13 12:38:24.215949,2026-04-13 12:38:33.247893,0 days 00:00:09.031944,44.501374807469844,74.69901468882175,82.69694335178903,-25.66468105166748,93.28642013405354,61.002341130336774,57.620434678735364,44.587753011374105,24.14919447444067,45.89482715084866,31.50193070436211,39.561715807166244,-49.55815528762715,34.011300551067,21.019175891157214,31.511799192410017,37.0025869514764,12.571207381621292,,GPSampler,COMPLETE
58,58,8.751273470006893,2026-04-13 12:38:33.373668,2026-04-13 12:38:37.709228,0 days 00:00:04.335560,39.80267989475398,57.77974688806754,78.91810447413962,-67.9034676091108,16.037355405636923,48.47381611504185,14.753427399837253,47.177495322238485,20.30777228237081,22.620354472908197,78.15754715315776,56.21516655435197,-70.06146165985065,34.188676360898725,73.7565857612145,59.574405262217574,41.729158691428985,13.482300632448759,Unattained target,GPSampler,PRUNED
59,59,8.835198478512002,2026-04-13 12:38:37.837260,2026-04-13 12:38:41.912059,0 days 00:00:04.074799,12.605745357309852,29.385614988984713,41.58764876429685,-54.90287712029195,89.68739925310211,28.29280231843648,78.5516387188315,35.80846922714386,20.255179333897573,15.945124634854475,71.28805302242245,61.84474940632409,-70.08466286639708,27.805032805861984,73.30101752515193,32.619492679201855,48.73557434056184,26.37299617562623,Unattained target,GPSampler,PRUNED
60,60,5.8297777477786425,2026-04-13 12:38:42.041965,2026-04-13 12:38:46.201383,0 days 00:00:04.159418,42.197604508622454,90.35365212159707,82.15418440920675,-69.69629765465275,36.763356759569106,24.15603287123021,60.265405797834745,47.73591649315762,27.183189941563356,84.265295828319,15.802781045841353,81.68786940745515,-34.655100039296634,12.135385424393888,17.350868487554113,15.316136254605603,34.43500750328151,16.955145371636423,Unattained target,GPSampler,PRUNED
61,61,10.055529055417658,2026-04-13 12:38:46.328050,2026-04-13 12:38:50.195671,0 days 00:00:03.867621,28.215163987938205,38.68184193719443,31.857952324208767,-63.54244235493758,31.870759491236722,59.56106433717039,87.20417309518874,35.381620829240184,11.768552782522603,48.2642802039015,74.55508703006083,76.36846972564449,-50.91459073916249,60.378059190361796,17.85214036653174,30.34177905862073,48.65523154863114,17.26609832827637,Unattained target,GPSampler,PRUNED
62,62,9.243690362103408,2026-04-13 12:38:50.329253,2026-04-13 12:38:54.144599,0 days 00:00:03.815346,21.849946169990265,48.172713491784954,16.649069029628077,-71.13518987288325,68.59269997342071,63.387409461213714,38.01080651861158,47.40618991483786,20.126565076970238,82.02640468517612,51.076508308946394,23.49194975168932,-30.03352520789244,70.89338818812212,86.60010439067158,73.19879426855965,40.68605551476186,24.97853923402971,Unattained target,GPSampler,PRUNED
63,63,7.334261443666268,2026-04-13 12:38:54.277692,2026-04-13 12:38:58.096802,0 days 00:00:03.819110,19.276097416951632,76.43778070433785,69.7925883596194,-33.31017566278492,74.7532448503103,92.75531768989727,92.2837896518086,30.81492883208523,24.043175429083192,34.64443290078967,37.13697360897864,72.44673233558063,-52.942098056511384,64.79777406405326,68.31985063571881,79.57325837453344,40.04913310415052,19.583077157065137,Unattained target,GPSampler,PRUNED
64,64,14.635160449934702,2026-04-13 12:38:58.217904,2026-04-13 12:39:02.022417,0 days 00:00:03.804513,21.370039226287197,60.73313589212917,39.35883130206071,-46.74181579401916,76.22983753463015,89.59881604575307,38.08333360500201,34.54437496986142,15.272621110115763,77.74774768505192,54.63739646323456,33.05098229348718,-66.0531149693751,92.08554818962153,14.719791585679104,80.48368149312437,39.192971868671165,14.077287424086053,Unattained target,GPSampler,PRUNED
65,65,5.020485003196249,2026-04-13 12:39:02.156589,2026-04-13 12:39:05.973877,0 days 00:00:03.817288,72.04340988768124,56.467253055361745,35.071986657115545,-51.76110980033151,53.50237794387079,89.87602315757067,54.76460019857928,42.973954375885526,12.771785193501724,43.48201657683958,13.981075755435477,69.85559917418237,-37.439926889240354,57.75720910361713,36.2473202577987,14.868003640130814,49.87133259875753,15.201928571050152,Unattained target,GPSampler,PRUNED
66,66,9.392540995010137,2026-04-13 12:39:06.100379,2026-04-13 12:39:10.138753,0 days 00:00:04.038374,79.12915891424248,46.703680620156106,65.85089260602683,-33.68570975122536,22.528459471886165,80.5561311997548,90.80859208996887,42.50653604855111,12.771127534658149,95.35233413591082,28.830408240699043,55.870102166088664,-74.84723481777007,84.26178438134998,64.4058193534563,59.0108123165939,44.81766908448049,15.018573906062102,Unattained target,GPSampler,PRUNED
67,67,5.060376913747412,2026-04-13 12:39:10.271495,2026-04-13 12:39:16.836926,0 days 00:00:06.565431,55.387525788410436,42.54058385400955,10.692161748270655,-34.58885189525502,19.50433786515038,37.68426094499939,98.79328151483381,43.14569977025232,24.100981600611714,71.5313132968027,79.16792745161794,89.5134347169558,-43.7513189987945,79.22871900786102,59.166018431806485,69.08052431610105,48.813173098134996,12.722763655264195,Unattained target,GPSampler,PRUNED
68,68,7.919215935202104,2026-04-13 12:39:16.978841,2026-04-13 12:39:20.725011,0 days 00:00:03.746170,23.955557949878234,48.4503217492551,88.70898047970668,-44.92858885311569,40.158254445867406,48.56538883976267,11.035284703396234,49.1450082719176,23.717893930274478,78.21003923758121,94.37665121226513,66.53689234200338,-39.533619594949826,87.949350807321,80.99945825774532,30.02067771668816,32.75063049734576,23.331413806184642,Unattained target,GPSampler,PRUNED
69,69,9.564289744495532,2026-04-13 12:39:20.851439,2026-04-13 12:39:24.730977,0 days 00:00:03.879538,34.418966673919876,84.79575566180877,59.077352571836265,-31.761664413888766,25.99836568513497,97.88038606876816,25.654054861351096,39.96952145619741,26.301643604636737,32.17791137234585,99.26319309793148,95.98412940470794,-31.741370250573716,43.800085124806394,97.64342700252509,30.42171068855994,46.66259695501645,13.213621923940881,Unattained target,GPSampler,PRUNED
70,70,8.982334144683314,2026-04-13 12:39:24.841806,2026-04-13 12:39:28.774442,0 days 00:00:03.932636,83.38810402388022,79.02029388351302,74.22903457390477,-73.56952875400302,11.762318562696034,50.93510552340521,11.003466913922193,37.92698009569822,19.595674533313687,14.476048068127955,47.26789754374035,39.49385536882697,-31.886836869677097,37.86144921310023,66.07357024377534,32.50447899427617,35.86623475518431,10.459152496462426,Unattained target,GPSampler,PRUNED
71,71,7.639544997834868,2026-04-13 12:39:28.904298,2026-04-13 12:39:32.713949,0 days 00:00:03.809651,22.968132015773037,47.560080995825835,76.84345413806697,-53.92682289877073,68.92650094093452,21.120165179185697,87.42114718980434,44.79979496379903,10.334221796461536,86.42407048152867,66.00322213271559,49.02578814169491,-58.02706148283788,52.85967912267505,32.466396697547864,88.4134498085555,42.64559815245209,21.037272015288245,Unattained target,GPSampler,PRUNED
72,72,7.055367545722525,2026-04-13 12:39:32.857047,2026-04-13 12:39:36.841140,0 days 00:00:03.984093,77.57584506058758,51.35925609911079,42.24095205511849,-71.98812280457305,15.97479700821985,56.530917409129195,94.84166017934061,30.14034794357544,29.076897472138082,45.33011055039967,52.36704534898055,14.67812430294336,-64.22169682853044,33.3113141186558,86.52641580619773,26.921746896981755,39.86977698155046,23.758511853118314,Unattained target,GPSampler,PRUNED
73,73,8.20517856696306,2026-04-13 12:39:36.959836,2026-04-13 12:39:40.591199,0 days 00:00:03.631363,81.65303115987862,53.88357854607834,91.28842760305645,-74.47558121912054,65.55900280926585,49.514022795966376,97.03732596094439,49.951793355287904,24.294023729205946,37.955061365435924,65.7969527793462,80.07708745487679,-58.154108134865794,22.36372826547664,91.52080996716896,84.1306721839088,34.54473112951982,17.5752305507215,Unattained target,GPSampler,PRUNED
74,74,5.589715247838257,2026-04-13 12:39:40.703201,2026-04-13 12:39:44.442462,0 days 00:00:03.739261,94.09302432476856,94.56626821601384,68.95379052468405,-57.79363158158776,30.08693889115883,71.56763482311293,78.1098636817318,47.90441166901645,24.160287499765403,29.7856263594818,88.6232998078186,25.483665943979965,-73.8910455395221,42.08299075722432,33.15853689308177,86.48813464201767,40.929993480877265,26.133628347817353,Unattained target,GPSampler,PRUNED
75,75,8.775231103666613,2026-04-13 12:39:44.569676,2026-04-13 12:39:48.527195,0 days 00:00:03.957519,20.91086762370605,97.53067446250317,21.215189581694744,-23.58943997947665,13.1950701522603,54.906861324437024,85.87440269476238,34.63626955548453,20.41793176184975,43.915526658558036,85.7015679502858,50.98010172298319,-61.71641151705434,97.31163499040542,72.92423908173878,46.02162316882684,47.82607018451628,23.57831340059841,Unattained target,GPSampler,PRUNED
76,76,11.982456720926002,2026-04-13 12:39:48.653901,2026-04-13 12:39:52.346744,0 days 00:00:03.692843,34.97453813740127,78.4580841628958,97.58689886559362,-46.88060394140406,90.43124411322027,93.54611361897089,57.94228311911689,33.61289759446288,22.707738829282622,58.43610829188542,75.51898449562775,73.9100434169392,-67.24198446379629,99.29849719625332,28.963998563064177,26.687797688121634,32.42913942235044,27.982149739746998,Unattained target,GPSampler,PRUNED
77,77,5.958247680082131,2026-04-13 12:39:52.473693,2026-04-13 12:39:56.442712,0 days 00:00:03.969019,98.43167196229679,18.784954082138334,51.37903731248993,-63.6345419252703,99.75649321586178,29.463554998738694,21.056715053345883,49.66777993333341,24.499804215329423,41.98140548851607,52.968739344443634,51.63636878714013,-48.32696502830872,49.946410811946535,23.647430578834733,91.98683423112958,35.71195137246062,16.416751707505284,Unattained target,GPSampler,PRUNED
78,78,7.012100373634862,2026-04-13 12:39:56.560053,2026-04-13 12:40:00.493311,0 days 00:00:03.933258,73.06996983784887,30.284397016324178,31.912592431100432,-32.918176261347156,86.49317001793513,65.76218554607442,19.478239617950784,46.9431063117929,26.202964291720814,70.46307646578248,39.970925514778855,48.14161441468518,-31.890468276137234,97.37510492899577,95.54121219720366,39.781584267286874,36.12715801271868,20.66027779912583,Unattained target,GPSampler,PRUNED
79,79,5.494046286439158,2026-04-13 12:40:00.618374,2026-04-13 12:40:04.487836,0 days 00:00:03.869462,51.257770203712184,17.805595165952035,99.820314371861,-46.09446876454599,15.400356113637454,46.780205685131314,16.78279507892703,44.743050221355105,29.475221047154236,58.75156654864424,19.32943877386034,32.771607400111314,-69.32213997314578,48.203649526284515,34.45213678338379,48.02055113084292,34.92522930753221,25.47322495747907,Unattained target,GPSampler,PRUNED
80,80,5.562519568776445,2026-04-13 12:40:04.607766,2026-04-13 12:40:08.373788,0 days 00:00:03.766022,43.75965911268139,64.46958642325674,79.42498776707323,-22.105634071140187,17.039116497978046,58.31468526849036,33.87447422691922,40.25221410655338,23.171813681211557,67.90589908329927,27.127733072753752,73.8466636644118,-21.007493481001525,40.82744916721882,58.23462009876231,87.745227950006,45.238737138350736,20.123175199839743,Unattained target,GPSampler,PRUNED
81,81,7.61624706198814,2026-04-13 12:40:08.500390,2026-04-13 12:40:12.487715,0 days 00:00:03.987325,78.38010426755437,48.38327803787238,59.9703132689083,-28.691669767476768,87.07316404737455,63.44009171384408,67.43382322254459,31.341323036023134,19.11014426141125,26.60836498066583,19.12959263705779,81.22616370354885,-61.16661510579292,13.857108972633046,96.28838923781112,49.65941038596746,38.256213356587956,13.177800337013291,Unattained target,GPSampler,PRUNED
82,82,3.6769995431845075,2026-04-13 12:40:12.615033,2026-04-13 12:40:21.796788,0 days 00:00:09.181755,66.26006523968674,39.982202952959035,83.23626242194088,-60.569998231402124,49.64070889011072,92.02131148703737,92.7747004472918,49.81475384813346,20.91247972202618,79.94008858920594,22.113825156662088,13.55961884934907,-72.24909900684281,22.641091696013675,50.15995292408736,60.69700798042733,32.84975903791425,25.307236770127446,,GPSampler,COMPLETE
83,83,5.665278178004371,2026-04-13 12:40:21.937405,2026-04-13 12:40:25.888505,0 days 00:00:03.951100,34.320294051495445,20.440782840350003,25.38524657773454,-38.16202526133992,41.73434524467758,69.01635223610785,91.12255283912548,46.85989959289915,11.832814612612266,13.71166731504803,20.5159842285278,42.10349128125003,-46.17984171713119,66.5813501807899,95.35687909642024,28.21444566449109,39.15515914826209,19.93732882550487,Unattained target,GPSampler,PRUNED
84,84,7.318242530382122,2026-04-13 12:40:26.018088,2026-04-13 12:40:30.248872,0 days 00:00:04.230784,13.753682304564954,75.97385060003809,52.4893758599778,-55.81804293321988,91.08352032115283,67.05187901498383,90.19948535917027,32.71089003354992,17.951826267796825,51.01032135322001,15.610899662878557,39.31212434968527,-30.481466209632856,84.6048769067291,82.17607637283582,39.27338027343508,33.35818065989381,19.19566521664953,Unattained target,GPSampler,PRUNED
85,85,19.966919270815225,2026-04-13 12:40:30.359538,2026-04-13 12:40:34.264131,0 days 00:00:03.904593,11.696175741523113,54.00300145164721,39.17068750265894,-45.084096055527915,93.60778857391128,82.08544976791505,82.35336441926204,31.477532907245948,15.127747558611311,87.92260474679006,59.93058918910812,44.14742082262298,-57.721961776852815,78.7145454744304,47.281478473048836,57.085938835804946,32.64562829090291,21.77316106891982,Unattained target,GPSampler,PRUNED
86,86,5.778721415996486,2026-04-13 12:40:34.406597,2026-04-13 12:40:38.466330,0 days 00:00:04.059733,61.88315054915135,99.68989873432193,93.03678028728868,-68.11511955127642,70.36712926058101,19.03308524906904,75.1683862472525,34.65060800077602,10.01260044525376,69.89776343470533,37.96167603501728,63.07153857640941,-22.696945441668333,87.31864966159313,90.27283055062054,54.935254056044556,39.813614590093266,23.141431820283824,Unattained target,GPSampler,PRUNED
87,87,5.374496587559051,2026-04-13 12:40:38.592775,2026-04-13 12:40:42.363341,0 days 00:00:03.770566,25.697085754721748,56.66801036744901,22.193809104809695,-44.90992262320665,33.26081897815924,81.36133353064487,73.9334696839088,45.76683541710614,12.764519729106183,62.405030754457634,72.34128106312755,90.48411534849222,-67.78616522189775,16.424000631010344,43.29638136817092,16.250066175480875,39.16219087604857,16.25717895965443,Unattained target,GPSampler,PRUNED
88,88,5.541025835832464,2026-04-13 12:40:42.489230,2026-04-13 12:40:46.867054,0 days 00:00:04.377824,75.07949072819342,98.45573316130103,54.95292231235678,-60.84619371103993,39.77950618744886,96.42457280639233,12.0332540127525,43.67233377748465,14.257293351065236,72.03579629452216,12.046009106038857,23.508129000766903,-48.049960622246985,33.906248696138064,61.52572581419053,25.02166028851323,42.900804855117734,14.647534705204901,Unattained target,GPSampler,PRUNED
89,89,5.016728568013754,2026-04-13 12:40:46.994327,2026-04-13 12:40:54.329282,0 days 00:00:07.334955,19.135419818694782,38.33593839730467,24.304085179084417,-43.4645448431213,59.0583484353602,30.58936081493646,37.66586432741936,42.4825464811272,16.396480921329065,94.33673140125943,43.76328814950529,80.57099664683247,-42.1853805960637,11.785163293846978,28.703358212549418,72.12664841150401,40.43492033392276,10.57981242817866,Unattained target,GPSampler,PRUNED
90,90,6.931914973167537,2026-04-13 12:40:54.466245,2026-04-13 12:40:58.396887,0 days 00:00:03.930642,39.24671133068711,70.25201124084279,45.7789345196093,-49.27672402296443,30.462281528438268,17.65506589094592,32.78719051970521,48.21691588861066,27.785904205586572,45.546896242955945,39.98771748700696,56.912275366717864,-36.8619143490156,86.79934061989474,27.997573414519245,19.357586791693354,43.07737835506299,11.367995553790415,Unattained target,GPSampler,PRUNED
