,number,value,datetime_start,datetime_complete,duration,params_lLegPt.lL0,params_lLegPt.lL1,params_lLegPt.lL2,params_lLegPt.rA1,params_lLegPt.rL0,params_lLegPt.rL1,params_lLegPt.rL2,params_lLegPt.x1,params_lLegPt.y1,params_sLegPt.lL0,params_sLegPt.lL1,params_sLegPt.lL2,params_sLegPt.rA1,params_sLegPt.rL0,params_sLegPt.rL1,params_sLegPt.rL2,params_sLegPt.x1,params_sLegPt.y1,user_attrs_prune,system_attrs_auto:sampler,state
91,91,15.773671556788422,2026-04-13 12:40:58.535886,2026-04-13 12:41:02.197234,0 days 00:00:03.661348,94.02241605482553,49.69807390603059,74.54204917683143,-35.115778534998746,12.874755314921341,70.65469000823188,91.06355780914497,40.9265215799504,24.636474856567823,41.175106574892524,91.31727540094816,57.19503868705374,-50.845361116387686,98.2459376747283,11.951639461122156,82.96198870132768,49.66821644265339,13.232240859266149,Unattained target,GPSampler,PRUNED
92,92,5.946342559473912,2026-04-13 12:41:02.310568,2026-04-13 12:41:08.700845,0 days 00:00:06.390277,50.70002872891108,42.11310536501714,24.69022964310779,-23.71267494743678,21.05362805037206,45.25879077798007,18.398514354257397,41.113428966301875,16.51952380712217,14.511329349301267,88.1163066291327,33.054450546806144,-39.50728404016356,49.3124536175956,64.90772535714346,27.491721982322947,46.21652253038065,14.469230894795825,Unattained target,GPSampler,PRUNED
93,93,11.777053275212019,2026-04-13 12:41:08.843244,2026-04-13 12:41:12.791092,0 days 00:00:03.947848,51.99166381681776,96.13308439782256,84.97716729009487,-69.26029885743776,62.38679804619693,48.0582745668111,35.12171920651905,34.90935846118754,19.56065115939574,61.65881270280521,81.84863727528256,47.10715104003396,-37.909800659837764,14.588234162558255,57.342503768885344,83.43367816994972,46.69006427427939,24.619678694816255,Unattained target,GPSampler,PRUNED
94,94,8.36209273861715,2026-04-13 12:41:12.918869,2026-04-13 12:41:16.714143,0 days 00:00:03.795274,49.537996530256386,15.590565326561823,88.5317369844868,-34.90426435757815,93.0139269952318,77.97610646328074,16.56742543690673,40.327770557007376,24.67971543188135,70.2296142305171,63.14953332667239,78.03780469880921,-68.85097414372355,99.725192698644,95.55095643519532,61.987194614653355,49.783852898453276,26.26263437550304,Unattained target,GPSampler,PRUNED
95,95,13.824601676778158,2026-04-13 12:41:16.856870,2026-04-13 12:41:20.741201,0 days 00:00:03.884331,86.2033052513062,27.71412147195266,42.27247549186658,-52.4461564607441,20.189960791544458,55.43369487013214,11.112138565777723,30.06857542070195,13.384819424464807,14.543173973609495,95.95789988855176,92.96912640416429,-64.08420146047602,94.93213844509546,56.36232921883285,11.882229151658807,31.526101521576077,16.992387242179724,Unattained target,GPSampler,PRUNED
96,96,8.609351729008317,2026-04-13 12:41:20.851292,2026-04-13 12:41:24.772161,0 days 00:00:03.920869,55.50278109082715,33.78650147126686,93.87621225397046,-79.96377484663017,40.95742688808637,24.534552689728145,59.11894687070353,35.613379151618545,22.013429724541133,35.404986045599884,21.941265719355528,47.59571976745352,-48.409230891136154,79.64116089788976,39.79699272407521,31.19030478023518,36.71465666059055,11.535767134415185,Unattained target,GPSampler,PRUNED
97,97,6.0697686491115945,2026-04-13 12:41:24.883242,2026-04-13 12:41:28.726504,0 days 00:00:03.843262,90.9085975332972,72.83753112998747,57.48247691980844,-33.253220234414215,90.02411749150545,18.121828540736786,29.943336504876378,45.807491485311296,28.147554532237763,65.3050745979007,43.20577537239602,98.95074908280488,-65.29259098646473,96.39366354118049,33.196779016892656,67.5252534063348,31.119657092350117,16.271964519175278,Unattained target,GPSampler,PRUNED
98,98,10.061183258138968,2026-04-13 12:41:28.853598,2026-04-13 12:41:32.765032,0 days 00:00:03.911434,67.14219654381715,84.81712412032557,83.61955032544171,-60.66806343733163,88.70331303780662,84.94194291810206,75.76245822313862,44.50601681860151,19.899363726569526,37.96178122054607,49.71968903116379,55.33278118499058,-76.80844687809986,33.38364750519392,49.126823721162985,18.76665703752819,35.6932841779097,28.899785245840334,Unattained target,GPSampler,PRUNED
99,99,10.319801665860567,2026-04-13 12:41:32.890842,2026-04-13 12:41:36.918926,0 days 00:00:04.028084,93.43096490205716,40.575957579728204,41.14070532992882,-57.58608675089138,46.76263878576,94.51553571536324,14.852790597337549,46.33117461760826,19.944406588042177,22.56210071483991,75.03078375347476,27.96300458652749,-78.23522053010879,31.83281783586544,26.31946763355809,89.67372215230324,38.24340634894372,24.558978265948813,Unattained target,GPSampler,PRUNED
100,100,5.504160861033419,2026-04-13 12:41:37.045979,2026-04-13 12:41:41.020946,0 days 00:00:03.974967,43.98844977688791,85.64805866295654,54.67950670158168,-29.067627251212294,81.79403786546258,38.68100765967454,15.518065690343763,47.193267650954496,13.424649592957802,30.447249101015803,76.57451311065739,45.83102292577058,-79.06823402863975,49.223645261309755,51.57199387289466,53.37811637090071,35.863076713646734,28.922429033135323,Unattained target,GPSampler,PRUNED
101,101,6.388362252359535,2026-04-13 12:41:41.131962,2026-04-13 12:41:44.984854,0 days 00:00:03.852892,58.189960753862685,16.513112672350612,86.08226977366293,-60.8862850867895,31.24051996413132,79.28202177294166,94.81371510527545,33.595419983506595,20.53905616060451,76.12891878828576,63.74061621029699,97.13576580359667,-45.33489409979916,32.99488191896508,61.17162714311418,34.66411574799311,43.39263149233403,27.505214278622958,Unattained target,GPSampler,PRUNED
102,102,6.098408767146594,2026-04-13 12:41:45.119190,2026-04-13 12:41:48.921313,0 days 00:00:03.802123,40.54192839106046,58.82885468107178,24.702742577760354,-21.396725719381138,74.87052282727353,77.2698062548667,86.42751297503327,39.863736129937195,26.403839157691934,75.84143723827634,56.512123694713594,33.458993326699876,-61.86627464558751,91.12441837069541,78.50181753892551,96.31523966476432,41.997780341754115,10.585668079528537,Unattained target,GPSampler,PRUNED
103,103,10.256704277835794,2026-04-13 12:41:49.039785,2026-04-13 12:41:53.046269,0 days 00:00:04.006484,12.119204527058683,14.504505447420229,37.73110078113575,-53.052027978192356,48.03196722980625,82.6758732267993,74.36347622893975,40.88269317264337,24.922179273914693,28.77688083605125,98.71867274740924,51.95147399799897,-32.80421181760191,14.410067425727426,69.13459032633929,63.9335208644779,33.80773230123553,15.798788734789186,Unattained target,GPSampler,PRUNED
104,104,9.146991154782356,2026-04-13 12:41:53.166859,2026-04-13 12:41:57.043282,0 days 00:00:03.876423,28.262350911098153,82.79712247866394,97.91240204977947,-29.568602686291385,17.920310990908554,66.61820028925108,70.05687089387597,40.95786439929415,29.653138413279418,86.59057699819851,60.22278545269487,52.45555651381232,-44.53379955135014,18.236359557550973,49.065655481783736,76.21597378841655,34.026328681134984,21.012055955226415,Unattained target,GPSampler,PRUNED
105,105,7.087072677333264,2026-04-13 12:41:57.185929,2026-04-13 12:42:01.134958,0 days 00:00:03.949029,73.16313841252793,97.68747881209816,79.15641703022112,-39.00331378827291,95.09704322535738,32.308222445466306,97.19488570372681,40.33054703264192,14.211041737559606,79.21341244724614,34.481871234572196,87.69042778359096,-42.37046318899833,48.31389959739543,72.856530025157,36.62495015606963,41.1171899569933,12.59919094991021,Unattained target,GPSampler,PRUNED
106,106,14.682946982199354,2026-04-13 12:42:01.272005,2026-04-13 12:42:05.071103,0 days 00:00:03.799098,67.95294725698308,67.68439270311768,37.136479262582505,-56.36814569825333,22.858620875735618,86.62220311527273,24.76894436143031,35.583293895119354,11.610448290856073,77.35721878524144,89.85381949318105,36.03379773737751,-57.27283540082854,95.80243302853725,87.27350392873193,77.74888889862758,33.990548554678,14.197195465159481,Unattained target,GPSampler,PRUNED
107,107,5.758218728645673,2026-04-13 12:42:05.213964,2026-04-13 12:42:09.112377,0 days 00:00:03.898413,22.203711165217424,63.54098493723588,38.932066414653576,-28.072430819937125,85.92768916114288,45.95742050753017,14.779396246545968,40.862240661120424,25.060188181372638,46.905959114411445,15.830988917533077,24.827394689233657,-53.024663654743215,75.96071763882073,60.19662220705732,34.80373059795921,43.98065236881783,19.790497613372096,Unattained target,GPSampler,PRUNED
108,108,19.533916692041096,2026-04-13 12:42:09.239711,2026-04-13 12:42:13.051644,0 days 00:00:03.811933,46.63164377781028,82.98593854740837,71.19968323887188,-36.90750599017036,34.64194570541501,68.4797636431349,18.823525149845615,35.81916261738076,15.347350567484352,98.99529962660444,40.916412610322794,26.748620055193896,-34.573577852964,81.33006355818108,55.4148005550661,93.67894121340801,31.004484642134248,10.34103469750142,Unattained target,GPSampler,PRUNED
109,109,7.333661323693711,2026-04-13 12:42:13.187088,2026-04-13 12:42:17.182603,0 days 00:00:03.995515,51.91768425525543,21.252661126615276,78.36516648752293,-46.97775160534644,78.91969446155012,89.12315582241342,30.882883210715825,34.57693812010875,28.543472963650522,16.36298685156288,82.08293469640651,51.45417168210892,-65.03829666214138,94.24800115192406,94.42281679079692,37.05554406572871,46.44417096042004,13.02353939403432,Unattained target,GPSampler,PRUNED
110,110,5.362965892514119,2026-04-13 12:42:17.309176,2026-04-13 12:42:24.314174,0 days 00:00:07.004998,57.56676740001799,21.330563735392673,14.614677718075061,-36.7096998572504,39.06504558889,66.68854483446422,14.326564739601336,31.66255611324141,24.97727922721271,10.278665897388382,48.22201724768469,46.6487576787514,-52.61790556424472,56.04618188643852,93.33951624544896,44.13182213659743,30.12923954700659,17.34374979720374,Unattained target,GPSampler,PRUNED
111,111,5.483214707272449,2026-04-13 12:42:24.436683,2026-04-13 12:42:28.258978,0 days 00:00:03.822295,26.760004598774998,97.33721021572079,43.44114888933027,-67.08327098472432,70.47613191821839,77.70889918329692,40.337203120794605,32.12679300196362,27.452412993933898,16.385275989896968,13.940629332051124,29.020352277142642,-35.566484221485155,86.01811670832188,91.33356908947147,33.67252993803103,43.82555872818688,16.423013957783468,Unattained target,GPSampler,PRUNED
112,112,11.254952499143357,2026-04-13 12:42:28.381479,2026-04-13 12:42:32.142886,0 days 00:00:03.761407,66.76927186190973,95.22672666731992,85.27152061833633,-58.462733162113864,85.60976206750017,95.85611606311147,66.00682901435832,41.160350706948726,15.414399704700543,97.07388225827358,21.550445856538204,10.91973233735883,-60.52785684644034,61.939690724356254,67.26061970702818,33.75199092777292,31.907425807185405,16.13751101959079,Unattained target,GPSampler,PRUNED
113,113,5.767066128216683,2026-04-13 12:42:32.285645,2026-04-13 12:42:36.245780,0 days 00:00:03.960135,50.67252560416206,43.30334625349976,87.75404861333399,-22.781530288289943,39.286132095616,10.567330761673638,52.94671653615495,42.24233355851035,10.776468640509453,62.2047641999677,21.54787585063955,46.46805549335078,-21.90064643232696,73.71249323147262,87.37870027517484,77.39072149483633,37.04534035465555,25.17542079030898,Unattained target,GPSampler,PRUNED
114,114,0.13336943885297003,2026-04-13 12:42:36.387634,2026-04-13 12:42:45.445519,0 days 00:00:09.057885,73.73158955598461,89.5519990216426,10.72709888650728,-30.044599837644405,76.15277886867416,42.24724450990378,24.118094671102522,46.66705571493394,13.47732538352738,88.83576259084948,22.290707074069886,27.631645440665082,-60.25278218231233,57.19187382658755,44.96917887051033,74.31563233060605,40.634106199936355,19.833479556024677,,GPSampler,COMPLETE
