,number,value,datetime_start,datetime_complete,duration,params_lLegPt.lL0,params_lLegPt.lL1,params_lLegPt.lL2,params_lLegPt.rA1,params_lLegPt.rL0,params_lLegPt.rL1,params_lLegPt.rL2,params_lLegPt.x1,params_lLegPt.y1,params_sLegPt.lL0,params_sLegPt.lL1,params_sLegPt.lL2,params_sLegPt.rA1,params_sLegPt.rL0,params_sLegPt.rL1,params_sLegPt.rL2,params_sLegPt.x1,params_sLegPt.y1,user_attrs_prune,system_attrs_auto:sampler,state
0,0,7.22708847375241,2026-04-13 12:33:48.626959,2026-04-13 12:33:55.040272,0 days 00:00:06.413313,21.609155184723544,97.75077870279071,32.84418404039846,-64.46238630230492,13.148891982323702,39.9561090737003,75.1905732542771,45.55228958491478,22.398278541595182,95.47991120302187,91.73561498143266,66.99702542487884,-43.56509284734585,89.27331942200018,93.05003512535946,60.744056687111446,45.440705417714845,15.896998242619887,Unattained target,RandomSampler,PRUNED
1,1,5.6843712242086255,2026-04-13 12:33:55.136205,2026-04-13 12:34:03.507488,0 days 00:00:08.371283,88.65133132698844,67.15443127768134,28.83314628322543,-23.443279195423784,57.52042623640649,57.94834894119162,41.83287830650738,43.961624636408786,13.584580398316945,83.64406515924526,50.720708915422115,51.16954745931011,-66.79318919256475,41.82534972045588,92.01475066058329,18.82146331018356,45.78423112047288,17.407533302327295,Unattained target,RandomSampler,PRUNED
2,2,9.421824133822277,2026-04-13 12:34:03.636286,2026-04-13 12:34:07.783051,0 days 00:00:04.146765,79.8236410301303,44.31509078487538,36.98122629929533,-39.40513521460659,49.2758432530365,75.28677967805912,97.33359877720534,33.92026118928949,15.900155138284939,40.67355310721275,98.82997980556893,94.07091110753734,-51.16208138384858,54.588574152149846,12.000331206345614,14.127652287614332,35.851353521109885,15.755143928215482,Unattained target,RandomSampler,PRUNED
3,3,11.496323548465604,2026-04-13 12:34:07.900156,2026-04-13 12:34:12.197723,0 days 00:00:04.297567,55.789702683901496,67.75379889462211,77.68480288803106,-42.5772884438588,76.95886086814859,92.2722336730682,74.2826819882951,47.493470593075386,24.56104661715517,34.18742985473301,64.72334422293619,96.49296114121658,-68.66422354693168,87.0806198386509,20.449835941266095,50.31075040492228,35.27691204522347,10.02066173708408,Unattained target,RandomSampler,PRUNED
4,4,7.312669824104791,2026-04-13 12:34:12.303974,2026-04-13 12:34:16.965268,0 days 00:00:04.661294,13.47097020998838,77.6948519829787,62.67439849342684,-21.597165795493567,72.24205193188877,61.304430465940484,76.54451145342449,41.531188345383974,24.50210143132046,86.16963160216274,78.9011315034132,96.86883989498008,-50.96362030132926,13.819142833155942,96.94261305008797,12.503455396533365,32.12033749223055,27.790680133468275,Unattained target,RandomSampler,PRUNED
5,5,5.352578493595175,2026-04-13 12:34:17.091679,2026-04-13 12:34:26.752440,0 days 00:00:09.660761,82.02277116985125,89.5807968477381,64.55766321162584,-33.816717145823624,10.928900813614726,10.581994592323559,65.18348886353925,49.70686052955095,15.505147223391491,99.33950304563955,40.680917688852446,55.46305519248348,-37.593537472459886,92.03800296222478,12.987707641328129,55.67294573851308,43.52992868506223,25.978632093144796,Unattained target,RandomSampler,PRUNED
6,6,11.871208177470088,2026-04-13 12:34:26.869067,2026-04-13 12:34:30.777399,0 days 00:00:03.908332,66.0721925450389,62.39843530324733,97.54223027766729,-34.204698013942085,15.863307872090662,67.2501549694669,74.35822026028853,32.131406464275805,18.061513790979237,83.81865485820055,89.45822147242659,94.69675064051458,-24.571294802116732,94.65831213265679,53.42830564984471,20.840814004269973,48.381378490926345,21.22095949210223,Unattained target,RandomSampler,PRUNED
7,7,6.185445395355263,2026-04-13 12:34:30.906343,2026-04-13 12:34:34.859378,0 days 00:00:03.953035,78.49272360131322,52.8588265078854,32.77475791074311,-20.625362002124717,65.50497252626975,25.098724263037433,17.240462851339753,36.41163429607131,23.40264610886589,63.60613972405726,65.46106564467385,49.49954804565019,-64.0608724584179,26.438386100714844,68.47682117481824,46.89602354453209,32.35807521581453,10.63012695868361,Unattained target,RandomSampler,PRUNED
8,8,5.025701470791489,2026-04-13 12:34:34.970405,2026-04-13 12:34:38.885677,0 days 00:00:03.915272,88.90590165776116,68.15422814468707,31.94060283569577,-24.038879357071913,97.49956032330718,50.6851715738018,67.79289535345137,39.601627455704076,23.91331917009259,42.42770109445927,30.76151886062945,14.804128030019683,-39.07762829330979,51.08120350915104,75.54919003466738,15.49321842622713,38.48579221241734,15.540959139638673,Unattained target,RandomSampler,PRUNED
9,9,0.16026962293317482,2026-04-13 12:34:39.010586,2026-04-13 12:34:47.956476,0 days 00:00:08.945890,32.62927904497812,84.34179665990261,57.99016751434273,-23.05229115974302,92.30724653907765,87.45477484759982,82.25861574024368,38.0658515002291,17.915208813167524,51.27405987088238,10.518785982232066,27.693219085610085,-44.07400560187517,58.76164171659401,30.416240363263228,72.97742101870455,34.32480995988524,28.930378944790426,,RandomSampler,COMPLETE
10,10,8.382084668562314,2026-04-13 12:34:48.069057,2026-04-13 12:34:52.123365,0 days 00:00:04.054308,50.39589934970478,23.764759171955344,79.77879894482079,-49.71880384566191,96.36356772146343,77.82913262839892,17.61832209480774,43.2585921865117,18.225738141105946,35.29317961289938,54.323660793607225,40.14563361249873,-76.16694823725616,54.00625422064072,38.267490378738756,41.03194270375709,49.91155800988527,16.49871190561863,Unattained target,GPSampler,PRUNED
11,11,5.420380363269331,2026-04-13 12:34:52.263338,2026-04-13 12:34:59.318203,0 days 00:00:07.054865,39.410847202380864,25.19575145734924,19.2277479106843,-49.14800405346503,51.73721758681952,40.20338479254119,38.95815990447053,43.018952091972366,23.0659793480077,69.36365426590365,11.033180155472632,80.12839418306088,-79.83376390712486,81.09316427657039,41.186986942255885,78.87147936123772,35.18751342902255,19.385761137426808,Unattained target,GPSampler,PRUNED
12,12,10.729392942608293,2026-04-13 12:34:59.441602,2026-04-13 12:35:03.463424,0 days 00:00:04.021822,80.06042148078438,23.789865814697905,68.61478818744595,-25.645085165244907,22.88470091046582,97.18174864524647,56.301494786106225,34.153002498707814,13.039782789585662,84.13468866145358,96.82983146387252,28.88781158908264,-25.953823790234026,65.30431812865801,35.536584825965235,75.76710423489122,44.22088971582037,18.152215008212817,Unattained target,GPSampler,PRUNED
13,13,14.02931934810993,2026-04-13 12:35:03.603712,2026-04-13 12:35:07.271726,0 days 00:00:03.668014,63.888361345092,40.79247631556761,91.20507339208858,-27.420973853302705,38.60441279798432,27.192834824338398,19.98651936008578,30.475742711579347,20.596285865481292,52.178361313761584,69.95948200559627,31.94179031110607,-54.14344321591862,96.15320582678315,52.90457817578766,91.14231646754583,34.43674871779911,25.62871935524709,Unattained target,GPSampler,PRUNED
14,14,6.791628380277139,2026-04-13 12:35:07.399594,2026-04-13 12:35:11.174502,0 days 00:00:03.774908,88.61397600609847,88.66461486894003,96.67752257009698,-77.30679240183984,89.67468373850565,35.250368548398995,62.70778609393592,32.9674001970589,11.572554796589149,17.809750445620047,23.88697144723335,99.46996859634393,-56.36611561648381,80.90827876836043,73.3859640346017,45.03315698260564,44.818689668559756,16.1983550123054,Unattained target,GPSampler,PRUNED
15,15,5.924708151982024,2026-04-13 12:35:11.285280,2026-04-13 12:35:17.109953,0 days 00:00:05.824673,38.86991218411163,12.552803813415512,16.88641577039574,-34.782482700168444,35.21867538662192,98.2151797462729,20.446957814719987,33.93151148944044,17.229405552793942,20.544318868914395,20.077953883595292,57.87111030927484,-76.72558003675836,32.66220314186404,39.633107164378075,99.81260040329661,34.100417689379476,10.58951185794993,Unattained target,GPSampler,PRUNED
16,16,11.03847806401614,2026-04-13 12:35:17.239195,2026-04-13 12:35:21.062987,0 days 00:00:03.823792,49.793764886383585,86.89935272371149,47.768904094041936,-29.72501724512889,68.35414114477982,23.050215539239396,87.96153438827524,36.092974639877,29.41344665846787,67.26675714171375,83.01766149646427,50.8944078011868,-30.294803653842635,48.709080066762915,52.97723196650077,49.34538473560218,47.06579675452295,13.045270619826095,Unattained target,GPSampler,PRUNED
17,17,5.69905922989097,2026-04-13 12:35:21.173482,2026-04-13 12:35:25.033637,0 days 00:00:03.860155,92.38277279699939,55.4370616943771,33.685481805363416,-58.744550407044656,41.48499021541886,39.767200021779125,14.134367601418258,49.42684357605101,10.087013341003034,37.097730748287745,83.01930627305704,78.66018034947209,-76.42235038797568,42.1474327861229,31.11102998288316,47.864011852800154,30.22509334318037,10.722780125046032,Unattained target,GPSampler,PRUNED
18,18,10.265961078714582,2026-04-13 12:35:25.149958,2026-04-13 12:35:28.814640,0 days 00:00:03.664682,76.3467664054552,91.52063748857366,85.99665438626745,-69.15163450466989,12.637719813836565,35.866890287174186,97.82424699486117,42.686834907610496,17.766298938858093,20.221930224935015,48.84665395116429,95.8820046196594,-63.84699470786567,78.07021167927603,63.15512645453842,11.175456878561288,46.85898226551031,22.900536182787246,Unattained target,GPSampler,PRUNED
19,19,5.600259813866707,2026-04-13 12:35:28.924917,2026-04-13 12:35:35.684448,0 days 00:00:06.759531,95.69224296673427,34.04598799212182,30.206353672974448,-28.142734403495176,44.71630796535032,19.769189084065196,48.53613331928545,37.45209177879838,12.10167140804664,57.79219469856002,86.35897551270965,44.62299951332978,-23.879839213150035,43.65556046345127,11.815262824422465,67.01818763247306,33.85717605292517,17.627754183660777,Unattained target,GPSampler,PRUNED
20,20,5.267477508352684,2026-04-13 12:35:35.817114,2026-04-13 12:35:39.739541,0 days 00:00:03.922427,72.38899713504671,66.18151167805411,88.21662126356992,-26.695591511609443,30.068749914653498,44.040630762268705,53.643920107319666,45.08444571259044,17.954439727017785,39.880706688372605,22.18535617655627,10.528722830087148,-73.06494617547943,90.8939174307087,74.53576942341427,59.28446264015858,40.022718062973304,13.206771967551905,Unattained target,GPSampler,PRUNED
21,21,14.80653319661171,2026-04-13 12:35:39.867617,2026-04-13 12:35:43.829777,0 days 00:00:03.962160,34.399926541369524,26.64172122068449,85.7197847046153,-74.6299765698713,81.97033829610234,70.2794201134631,60.1316687466463,34.20047854400421,24.412469482682383,36.07641501940944,92.24796390816128,40.87646122711311,-60.91270260654784,93.98062264789202,14.143809514836128,85.68423532383137,47.13940362853198,19.265086446603163,Unattained target,GPSampler,PRUNED
22,22,9.727852611477928,2026-04-13 12:35:43.963102,2026-04-13 12:35:47.922223,0 days 00:00:03.959121,66.31023706550235,96.56604325713019,35.448711847312325,-49.498681947612425,69.67407936471338,64.70883408201544,69.43741507193079,43.63880191372955,19.182652108799907,31.647939725609934,74.54499325373574,43.65056726060783,-34.83497880785994,24.205741917678075,67.53596771793241,83.62270368147458,48.74164533668405,25.144174931675813,Unattained target,GPSampler,PRUNED
23,23,6.139258961481531,2026-04-13 12:35:48.049218,2026-04-13 12:35:52.015138,0 days 00:00:03.965920,49.2166387250451,68.87410691721115,41.970499802283896,-70.59101183027252,35.01517755205021,25.104969588196738,66.3523136230578,36.78941817922102,21.279502934638757,19.022608057608828,43.24211867525792,48.87565655610161,-47.66990495938952,15.916051321316544,84.09851908474323,56.53242793313683,32.382718891615504,13.922813890842416,Unattained target,GPSampler,PRUNED
24,24,5.544677041653657,2026-04-13 12:35:52.140061,2026-04-13 12:36:00.432678,0 days 00:00:08.292617,21.718082055160725,58.62668372256198,94.12465943289314,-67.72277392436912,78.7821918937243,90.45326855988067,76.19529388403738,33.7549740324763,19.17248182694484,55.99738117549605,27.900802434929822,10.886287645579685,-29.324060491035944,20.107334455303906,12.652126080982363,42.39304636066546,43.94981125766357,28.347954278325517,Unattained target,GPSampler,PRUNED
25,25,5.10748590866767,2026-04-13 12:36:00.560236,2026-04-13 12:36:08.950261,0 days 00:00:08.390025,58.0785391467181,58.78201239669669,13.251451898532789,-70.42605011307347,62.82667097487325,36.714055865649684,82.7020624953817,45.75580524184177,27.171081066225724,80.86351775428778,55.58952478133476,16.819989009339434,-71.41233497157995,34.634387415572924,10.37297926256041,61.9304592642912,44.46147801230965,23.733267144297074,Unattained target,GPSampler,PRUNED
26,26,10.875492877376693,2026-04-13 12:36:09.060745,2026-04-13 12:36:13.097145,0 days 00:00:04.036400,54.3791687758306,29.906868125305124,23.095611618321964,-48.791665522950495,45.86239659714906,84.42760538385393,65.08481378223345,46.425134384015465,11.969861791556866,17.909290240741175,45.64485947740464,19.928061597287194,-20.111487909099445,60.852267011995984,25.235974379744736,74.20771915428024,44.64497737823248,21.185186292697935,Unattained target,GPSampler,PRUNED
27,27,10.599894053805862,2026-04-13 12:36:13.214234,2026-04-13 12:36:17.000306,0 days 00:00:03.786072,19.843572778862985,49.09542794689893,97.12893369035429,-72.36153753302519,31.301322352718216,76.43315010315388,58.67423643870429,42.357080183043685,26.932340774283464,58.3331337359457,19.194248640633102,90.63264536567702,-79.14262180077607,80.56103071701719,85.3624651588261,47.350051482312885,42.557568714753195,27.738980414853035,Unattained target,GPSampler,PRUNED
28,28,6.077891286870866,2026-04-13 12:36:17.123121,2026-04-13 12:36:20.945567,0 days 00:00:03.822446,69.07129190802183,32.96601031121912,13.589113765857714,-42.19355959846343,48.52843071227776,69.84520068769831,67.84579061936844,33.540902625695736,26.540205994559837,28.222313998913563,46.42525819807854,83.42815267519131,-59.27967552060676,11.224252437789307,54.15155501101706,97.79287923883187,48.54921376815645,23.845012781993628,Unattained target,GPSampler,PRUNED
29,29,20.51207934517489,2026-04-13 12:36:21.070695,2026-04-13 12:36:25.086099,0 days 00:00:04.015404,96.76012727109483,69.0604998304889,38.54830841212995,-75.74548914878656,41.348884884665765,60.20307566882339,18.29087175745013,40.70647388852724,22.31243048805477,39.04482195433263,92.61469838950413,63.48081781253132,-48.46979606711933,74.42537922353463,46.75402950079659,61.936652716982906,35.64108579384613,18.827962233183563,Unattained target,GPSampler,PRUNED
30,30,7.296920468379511,2026-04-13 12:36:25.197326,2026-04-13 12:36:29.108689,0 days 00:00:03.911363,52.85238627795886,22.516756879485246,76.2394145330151,-77.66771868954653,87.3603749943378,88.25333923447229,91.06384271072734,32.44935572350221,21.422090556470046,86.63977415215288,52.03111030070461,21.781918943428213,-55.128508497988406,72.91534001683007,26.94510873844465,19.789612636769036,34.68738811045664,27.631840088968826,Unattained target,GPSampler,PRUNED
31,31,10.303237658832558,2026-04-13 12:36:29.237021,2026-04-13 12:36:33.266941,0 days 00:00:04.029920,58.32188674801663,73.31322382971386,49.01271601158275,-78.3039475294824,74.786382726247,38.43391488783168,95.22282676331648,49.873721845805406,12.764722016040999,32.52316910371856,53.91487119395415,21.921592942468045,-71.22853091421007,41.695039246585125,56.44741913475532,98.7728652029802,46.55390711111921,23.97470849129032,Unattained target,GPSampler,PRUNED
32,32,5.584100907208523,2026-04-13 12:36:33.378067,2026-04-13 12:36:37.365530,0 days 00:00:03.987463,92.11403462696067,46.80331856558071,88.04206039224155,-29.38514955489117,32.46174873955128,23.737075646015036,93.10114795771787,38.945489472233675,22.70430456144595,21.81370258301272,57.63708615641752,25.53105174237793,-69.49032315682506,35.23135165891793,44.582549634818044,33.22806857881767,30.67964297815948,16.14228159639363,Unattained target,GPSampler,PRUNED
33,33,8.200754812877626,2026-04-13 12:36:37.489709,2026-04-13 12:36:41.235315,0 days 00:00:03.745606,64.12414475378773,23.478760124291068,72.21037924868827,-59.627232968052795,51.264411026848634,53.67961950179731,83.98117274378146,30.094842196353145,28.063512467155224,94.05688840335417,98.59941217250079,91.72730462205813,-46.70022145860615,12.946039300345753,47.726440571293594,50.01649683842831,30.245259714896427,28.06091830348487,Unattained target,GPSampler,PRUNED
34,34,8.82373088896557,2026-04-13 12:36:41.362569,2026-04-13 12:36:45.194864,0 days 00:00:03.832295,50.69510763624378,45.50437696325961,68.8843539305224,-61.93423709733199,91.9786032105277,66.70224921473391,90.55201445279027,42.6187723585364,20.720548076379472,85.93298295614558,56.21653590311496,69.15296678712696,-47.60376856187197,68.82648844803003,38.36427787053668,99.8826748771236,48.605620126207626,24.74239563570194,Unattained target,GPSampler,PRUNED
35,35,7.844747357435555,2026-04-13 12:36:45.336182,2026-04-13 12:36:49.234124,0 days 00:00:03.897942,53.81381360914847,31.125916647259743,39.08273790137438,-22.961675859557197,49.97130629905178,98.10508553053701,70.67350670818178,43.72230208810052,28.30901861050172,21.566751503272982,27.558669984041902,51.34247896467132,-63.98273330954641,64.64911782162204,88.30792781185971,91.18057593387832,39.863737201731965,17.957350053796386,Unattained target,GPSampler,PRUNED
36,36,7.1868801799511814,2026-04-13 12:36:49.361470,2026-04-13 12:36:53.373532,0 days 00:00:04.012062,99.3702564566704,50.56059714622019,13.063882310953531,-30.596907988903986,29.866247981923845,84.37040867415274,63.63713233084437,33.26121829253337,26.09421701587791,89.03527242281065,99.91857553211706,82.00443722156143,-59.21185047267271,21.463590731869047,40.892142550345,81.60837827250187,39.26260771835372,18.608878000873307,Unattained target,GPSampler,PRUNED
37,37,5.306486960140099,2026-04-13 12:36:53.499839,2026-04-13 12:36:57.450923,0 days 00:00:03.951084,94.36974095048521,70.07300216083078,25.619769634375864,-25.835391614652764,72.41213799348793,33.861937774101484,59.537846517033394,34.01964030341149,15.859466666970405,85.26166995948155,82.5776639399738,55.565927091263795,-59.29907698360724,24.10570759158574,94.97139234906787,22.221326099946893,45.42423792528482,18.296267424778137,Unattained target,GPSampler,PRUNED
38,38,10.521582198574606,2026-04-13 12:36:57.592935,2026-04-13 12:37:01.456462,0 days 00:00:03.863527,57.72850087321962,72.45483913063936,82.76890920705118,-70.49766756195937,30.535943043489606,60.76608043133283,48.649380450556706,31.9322423093703,17.527948813655453,53.01870776222903,32.51041978965726,61.102864950124804,-22.73858300123611,82.50611339931365,37.962014804095844,80.46563097590166,49.59401131296619,16.93688938019232,Unattained target,GPSampler,PRUNED
39,39,6.04669598409297,2026-04-13 12:37:01.589846,2026-04-13 12:37:05.605825,0 days 00:00:04.015979,54.56720755753729,35.55956967396209,66.50344862473169,-29.46834297510459,71.29144747616083,77.48020578879914,68.87524272035532,46.21692974935168,15.107002318778456,19.257303425171102,60.35540913069401,11.025126051321072,-41.4805942486653,92.11976395530247,18.821515924589715,52.65705776102352,30.337708863111644,26.41368271877308,Unattained target,GPSampler,PRUNED
40,40,10.809978690803497,2026-04-13 12:37:05.732275,2026-04-13 12:37:09.524598,0 days 00:00:03.792323,11.429811344863154,99.64744862829136,68.50995646919078,-59.509123346993334,94.33487557036445,91.31787928970637,90.45446403591862,30.21452918881969,26.461076355539408,49.10194901153007,51.30611380410048,50.28170712721568,-33.795188068002275,50.53310397174823,93.81807039325749,80.97605719737012,33.215792850762945,27.71819794807119,Unattained target,GPSampler,PRUNED
41,41,5.647442370933717,2026-04-13 12:37:09.648513,2026-04-13 12:37:13.940548,0 days 00:00:04.292035,70.42037725061763,43.71781114458957,55.38795654353316,-68.20924788227376,37.25633021049241,52.418006100045034,95.78551750702486,33.57837616588685,17.252971014014108,92.56671188347603,23.40751362944225,24.16160318740463,-64.58330538983617,15.537248212839176,57.603600932196244,48.11187120885198,45.092362446273825,20.314012484122237,Unattained target,GPSampler,PRUNED
42,42,6.352113205258661,2026-04-13 12:37:14.074439,2026-04-13 12:37:17.869747,0 days 00:00:03.795308,99.62000859353918,62.90448300253461,97.57298882847748,-69.83649983094377,79.34124419311726,10.335337675469273,78.42555832474481,39.31194815379922,18.57981017927979,41.85094933670242,36.10619932122829,99.6432226257073,-47.56648369397201,98.711324269636,24.417997985274376,55.704932919307794,44.55690549153898,27.64343542385204,Unattained target,GPSampler,PRUNED
43,43,9.519065076191147,2026-04-13 12:37:17.986224,2026-04-13 12:37:21.830096,0 days 00:00:03.843872,75.89722861127055,79.99224707717477,32.35456700778232,-43.39497265254307,76.61529399440835,11.688510300744937,33.92456269562683,30.955447318091867,12.458867716465843,40.15540024201785,55.22357149453021,72.8875335702536,-31.002745143216742,16.93889641188619,46.10897487136887,29.91789362519045,38.51028913610414,19.982186261567428,Unattained target,GPSampler,PRUNED
44,44,12.674567963820593,2026-04-13 12:37:21.968280,2026-04-13 12:37:25.973139,0 days 00:00:04.004859,51.15107822804918,75.26492213919404,67.94123111838846,-56.34042898245111,17.336988858355475,48.55480044106011,94.77512399104131,30.930273920759575,22.257748025558815,65.95289866117267,70.91549109073942,82.43562909708461,-50.47076342152684,67.09623746989902,25.664999831008465,61.07216778124363,30.236693557479672,14.596607210699531,Unattained target,GPSampler,PRUNED
