,number,value,datetime_start,datetime_complete,duration,params_highPt.lL1,params_highPt.lL2,params_highPt.lL3,params_highPt.rA2,params_highPt.rL1,params_highPt.rL2,params_highPt.rL3,params_highPt.x2,params_highPt.y2,params_lowPt.lL1,params_lowPt.lL2,params_lowPt.lL3,params_lowPt.rA2,params_lowPt.rL1,params_lowPt.rL2,params_lowPt.rL3,params_lowPt.x2,params_lowPt.y2,user_attrs_prune,system_attrs_auto:sampler,state
0,0,,2026-05-18 18:05:02.114227,2026-05-18 18:05:02.679361,0 days 00:00:00.565134,147.0323439110316,89.03639760581694,102.81315512548304,-22.64334126862549,122.07738282233116,81.40395415077599,141.74661019542123,0.050239022450533355,70.23848973119509,73.64283027564466,39.597789038420935,93.69678637987181,-73.40463771929639,197.83262815521945,77.59833531929851,4.618110189873439,8.990310616013346,68.70079907521128,Unfeasible shape,RandomSampler,PRUNED
1,1,,2026-05-18 18:05:02.814285,2026-05-18 18:05:03.044367,0 days 00:00:00.230082,7.73911377497454,196.53791785870064,9.076704392254102,-53.16114960549242,169.7711757200096,187.8378184707659,125.33434316485958,-9.295667643539268,127.81842768672027,100.77155852320284,184.96316121166882,177.9197038818826,-5.21788629263412,114.85308324652276,149.2500242504966,116.5413865895067,21.02564830090995,87.29468132714781,Unfeasible shape,RandomSampler,PRUNED
2,2,,2026-05-18 18:05:03.173899,2026-05-18 18:05:03.429159,0 days 00:00:00.255260,37.04941751186684,73.52473476089042,132.65726454808242,-70.63917680953209,76.26786955737713,145.12246170884345,167.54842451045076,-44.21772034523326,161.22250593691106,155.74954937329022,93.61672666999475,57.849364546667275,-80.80442782202273,89.0844498372311,25.787094918545236,97.75145600139118,-28.283433156661157,3.2646647298460785,Unfeasible shape,RandomSampler,PRUNED
3,3,,2026-05-18 18:05:03.565142,2026-05-18 18:05:03.794012,0 days 00:00:00.228870,88.70303934756392,56.53085088908298,159.82925677637945,-73.02670039675125,166.74895654726967,68.83208611902015,43.723417269869614,25.42794635315056,120.23232457406576,73.60636423152351,123.81748258092573,198.4531274790312,-36.488217991098125,110.2062309166628,149.61009541464824,56.691773529371005,-16.965075670330243,80.73690329616775,Unfeasible shape,RandomSampler,PRUNED
4,4,,2026-05-18 18:05:03.925236,2026-05-18 18:05:04.149118,0 days 00:00:00.223882,97.01196733020316,83.49036133923721,13.837713597918018,-22.977407430254118,168.70774975755907,9.405745835686613,56.28377589680998,24.667131093857535,163.05882068326434,99.01764933065385,5.333214027505002,129.64518797706495,-52.067432227573846,3.0285069108598215,13.828175009669803,188.67242941915012,21.236000927701568,55.23290317185524,Unfeasible shape,RandomSampler,PRUNED
5,5,,2026-05-18 18:05:04.284149,2026-05-18 18:05:04.494351,0 days 00:00:00.210202,2.806921611329146,199.50574420583834,38.99330659714706,-37.75241296206402,96.64494570107131,87.56375550074502,196.60709333013082,12.202020383338223,141.0510761337471,28.82425769346455,60.586707019893296,41.41423555229004,-39.20767709730126,95.22189733989912,47.643078318309605,57.973000322969675,2.674469462628224,63.37002923898909,Unfeasible shape,RandomSampler,PRUNED
6,6,,2026-05-18 18:05:04.628378,2026-05-18 18:05:04.864108,0 days 00:00:00.235730,92.96349829880494,55.61203759944504,176.44958544226662,-78.5382631101918,1.4811884348735262,49.53155817404366,138.76356457412354,-10.886074585417816,-2.132392601836175,64.9077094788392,16.31090895456471,5.8398138956693755,-15.117010903020287,163.82439012614762,140.89030024769565,23.77241289965479,-56.601677126214476,27.866559070456006,Unfeasible shape,RandomSampler,PRUNED
7,7,,2026-05-18 18:05:04.984365,2026-05-18 18:05:05.244184,0 days 00:00:00.259819,8.747943118219858,181.9000342462265,39.51557754876065,-23.456779607806055,101.77113969232109,22.751274811299176,181.6637269966147,4.0650218253188655,162.54185783960813,102.42314283927321,159.79734418807104,188.4543230612383,-19.264450090018983,153.18400887962935,35.2829576895503,170.74191788764327,1.9264655643907318,62.387128356942085,Unfeasible shape,RandomSampler,PRUNED
8,8,,2026-05-18 18:05:05.368997,2026-05-18 18:05:05.615130,0 days 00:00:00.246133,49.094360582019625,86.31038404554916,47.66033952170681,-67.74726061171502,105.14829420499181,150.47492743550796,176.8337081137476,-56.20449666025456,50.54454537695445,21.574674409427107,127.81928656563973,42.87653123760386,-51.77861546804859,104.03077107315617,21.851559403148407,170.5557948336393,-49.61783369759341,39.169339981349836,Unfeasible shape,RandomSampler,PRUNED
9,9,,2026-05-18 18:05:05.745999,2026-05-18 18:05:05.959224,0 days 00:00:00.213225,187.94958033563128,16.385500409399377,116.02138090580544,-15.967518242515112,131.06679896997855,177.96738631771788,75.1413355897788,16.739462722739106,166.67959335073112,13.310144594274625,148.22557973523305,42.64166827922554,-50.46446596703723,15.505322762115554,39.36019344781687,186.38833935233401,15.401232989456389,30.9068979876431,Unfeasible shape,RandomSampler,PRUNED
10,10,,2026-05-18 18:05:06.089449,2026-05-18 18:05:06.367762,0 days 00:00:00.278313,146.06925035141614,9.1889875820425,114.26338795468097,-47.32442011567,79.22372583723578,77.48464561121003,47.47183256223301,28.906533209294793,39.30402403947631,34.75324602527851,196.82444768629173,183.95074224427702,-77.14615003055596,48.551101428208604,18.937816031348262,190.6246789852072,-35.379482758989276,103.72501767138777,Unfeasible shape,RandomSampler,PRUNED
11,11,,2026-05-18 18:05:06.489080,2026-05-18 18:05:06.707323,0 days 00:00:00.218243,177.52530185665293,77.41549884664576,107.48731602545135,-13.805226656999494,165.9944762046649,125.20113351821385,133.12494131761537,-34.0599348055633,59.0382261945464,185.25930992036902,27.034192504480924,11.195384607834605,-70.45895860879617,31.231439641771594,69.04202646249753,119.74471864859152,-34.98953272664804,63.76313208314025,Unfeasible shape,RandomSampler,PRUNED
12,12,,2026-05-18 18:05:06.836520,2026-05-18 18:05:07.059270,0 days 00:00:00.222750,40.28575385780203,194.95572973534337,199.12845051741883,-88.7524439492047,138.35057135782057,150.16043144115065,112.93249561411378,-1.1288027267189236,93.11009463304245,24.942648330904262,148.54089061096815,135.47438861847812,-18.927894676069826,69.3733689623295,113.04173799936346,105.6577497970931,-53.86561406714696,4.613876944819516,Unfeasible shape,RandomSampler,PRUNED
13,13,,2026-05-18 18:05:07.184191,2026-05-18 18:05:07.404009,0 days 00:00:00.219818,83.50720257848698,7.916930955929562,92.23871774417127,-1.0638177475481427,190.9093318162864,157.96901837647542,181.64609398573904,28.845291118515277,102.79787305456544,154.3776310328788,192.42489421508915,117.0574724403051,-89.19519310090524,104.73345710563999,18.30008272977147,146.48613923817646,-21.401214591859393,72.08290448315255,Unfeasible shape,RandomSampler,PRUNED
14,14,,2026-05-18 18:05:07.534471,2026-05-18 18:05:07.784434,0 days 00:00:00.249963,92.54903653359318,165.26292579074627,194.39495550885513,-66.38425913562898,92.32233110454257,25.361384989123405,59.51501802500272,-2.5167737123697336,138.89973322551796,58.77646313249159,29.74884706614064,183.2781631795692,-33.298733508303464,161.0059666561905,194.0366619987469,107.08315838787074,-55.833603352404346,44.680406171800726,Unfeasible shape,RandomSampler,PRUNED
15,15,,2026-05-18 18:05:07.930181,2026-05-18 18:05:08.177429,0 days 00:00:00.247248,89.38162613469495,98.08173312265446,80.80446812480693,-76.02491548576019,188.26971182402573,127.13010394993276,125.54066405847804,-46.945944832398595,3.0356753532879175,53.89928063714892,105.08852799881664,67.20238049060626,-6.3719989535507295,118.74088881706747,30.90056753003985,66.34537640337939,11.85348981418295,-9.650675657649082,Unfeasible shape,RandomSampler,PRUNED
16,16,,2026-05-18 18:05:08.311123,2026-05-18 18:05:08.584388,0 days 00:00:00.273265,156.80151494771218,76.58972677122328,109.42511159027653,-25.95916388064383,168.14961808461888,97.48153072508853,193.2893442569753,-35.1783703283433,35.93844943029725,119.12413886913842,19.01250007995659,159.05122344147745,-51.47364576848526,172.3973618846126,16.251685545612926,161.0158913527628,18.931978799965876,87.64648939020991,Unfeasible shape,RandomSampler,PRUNED
17,17,,2026-05-18 18:05:08.709495,2026-05-18 18:05:08.930544,0 days 00:00:00.221049,177.3833405574361,179.3277819897279,127.43833751014301,-0.7848624443205665,32.995679931200186,10.266701794466483,32.71360086901018,3.154166163755221,89.28625065065852,99.47234046423881,65.5378745618989,69.6776391882941,-37.22379932998968,134.1930847976806,29.635507489969985,18.234286601845273,-36.05509234058448,26.731503712007182,Unfeasible shape,RandomSampler,PRUNED
18,18,,2026-05-18 18:05:09.051353,2026-05-18 18:05:09.264034,0 days 00:00:00.212681,73.39593477592489,21.37646290530071,14.153409166537653,-23.542387433766535,95.13587690511294,189.31123286969904,100.10623334299308,-17.973885157311727,37.211352856173114,72.23742059914579,11.144526990908394,147.20860784628942,-19.083467659527074,92.53263078268158,28.874279486316887,160.78695399232578,-53.00872582790258,5.877379884810612,Unfeasible shape,RandomSampler,PRUNED
19,19,,2026-05-18 18:05:09.385003,2026-05-18 18:05:09.624194,0 days 00:00:00.239191,157.67496821889407,60.49006061432621,10.019462931937184,-87.45399610021761,175.09133802546648,186.34964067715484,116.3257569824599,-44.11893356488285,13.247075350358529,86.32919358232857,143.5386311734796,186.34256531573524,-42.80049446314605,128.97725431934356,99.45810094077609,84.20359631890766,-6.605499427391209,-4.25565699010328,Unfeasible shape,RandomSampler,PRUNED
20,20,11.284883559270636,2026-05-18 18:05:09.766149,2026-05-18 18:06:07.353528,0 days 00:00:57.587379,27.282005266088007,71.92469288199202,117.75565216687716,-20.158637863407634,73.72182880443721,15.100776426015113,39.40207131152788,0.04620673348721027,-7.6113519831463865,188.58273484010505,17.916101244644924,10.203839878329712,-17.295062830135777,51.4626383220264,45.8462030709491,173.90595921736687,-11.497877263414004,101.7062872691221,,RandomSampler,COMPLETE
21,21,,2026-05-18 18:06:08.959959,2026-05-18 18:06:09.211726,0 days 00:00:00.251767,8.765127762327788,185.55840730692546,170.55881612339144,-15.36286993790651,96.0664461087455,131.24997019760707,69.5347266821694,13.262118222075088,52.02121747507331,186.05867500767712,112.60314206071524,185.13283644757854,-12.282676254219012,6.994299321391716,189.06462381012406,180.08716291339528,-54.8895998784354,106.7848914778003,Unfeasible shape,GPSampler,PRUNED
22,22,,2026-05-18 18:06:09.356688,2026-05-18 18:06:09.601211,0 days 00:00:00.244523,127.98070548924916,103.38862501095618,69.08886052113462,-65.48032531263749,162.37845704295555,24.198349620766617,52.687229735605285,-8.604625297403864,43.5741169526187,125.74552659369964,165.582097674356,188.5071689586999,-4.813386912451918,128.60606334686213,180.96061568904247,34.56514228185571,-33.651416465293806,15.916426434064004,Unfeasible shape,GPSampler,PRUNED
23,23,,2026-05-18 18:06:09.743173,2026-05-18 18:06:10.030020,0 days 00:00:00.286847,64.66556484792176,7.655489419166345,97.52090510272726,-83.51653004584318,109.24691012055926,77.51959053758722,152.92539667299437,-6.0017351133979915,45.27290151597552,100.40974180764655,21.968300072588896,127.84084491342199,-15.277469961027123,172.66971130840622,87.01282195399348,41.754454907468535,29.097261473690438,9.897760349910861,Unfeasible shape,GPSampler,PRUNED
24,24,,2026-05-18 18:06:10.173798,2026-05-18 18:06:10.421613,0 days 00:00:00.247815,157.54435870973876,38.90466951692805,198.4167307743979,-47.87855152841533,172.68347516694504,74.00821337463348,189.15675393158944,-22.716759846260608,51.2573250177527,13.640530014763467,96.26810450474298,104.0014158979,-8.803716481629905,35.72750333763424,166.3328740361187,83.59150571775768,20.992470794131876,6.376112335649964,Unfeasible shape,GPSampler,PRUNED
25,25,,2026-05-18 18:06:10.568037,2026-05-18 18:06:10.860448,0 days 00:00:00.292411,103.70952533664111,194.15086870120757,194.4125161187154,-54.674662353010284,99.2065449107494,193.82531309995588,24.581298046281237,3.9598377154254933,21.673444013641575,196.19552727849458,40.830358202738125,66.76377683768447,-72.01472547361148,183.18471987471477,48.15889609404815,39.0117406043851,-42.81523109891556,-1.3642085214753727,Unfeasible shape,GPSampler,PRUNED
26,26,20.391626900522958,2026-05-18 18:06:11.012625,2026-05-18 18:07:02.469107,0 days 00:00:51.456482,157.01189841030387,151.2197274521957,170.55364781578956,-68.7368510883709,23.876373782695765,30.49774763913607,7.692601492521543,-10.445100153941318,154.91353987205923,20.831898691320006,8.158575905898804,176.42842540375653,-64.91370322969352,60.99044383077974,37.52442675573603,97.05324424287065,-16.9995356363341,89.30461201978125,,GPSampler,COMPLETE
27,27,,2026-05-18 18:07:04.582907,2026-05-18 18:07:04.839141,0 days 00:00:00.256234,162.57214672401136,67.40095105759661,160.74364485484548,-65.115249069595,38.03771317740994,185.96015023986595,148.66979028185216,-22.826284987739875,133.42495736237802,104.3228168832271,70.23686629297575,60.12767367837422,-1.668538131262082,183.1073839264003,163.86693726793496,199.16528374147728,-17.72572241567883,86.57970805676695,Unfeasible shape,GPSampler,PRUNED
28,28,,2026-05-18 18:07:04.968808,2026-05-18 18:07:05.281464,0 days 00:00:00.312656,51.448435990639695,142.57726773983566,4.300005750161371,-61.4753535209387,39.82919139877821,24.282659314215532,55.58122445299354,-10.92767748976722,-8.29070531261522,149.01904515781595,7.368583999904967,36.747109550708046,-19.272510261961443,79.15478228385926,93.23433309919173,172.5548152938018,15.239134174282569,96.04209763110731,Unfeasible shape,GPSampler,PRUNED
29,29,,2026-05-18 18:07:05.419922,2026-05-18 18:07:05.681416,0 days 00:00:00.261494,133.46501951829111,181.80584776684975,95.08513983843639,-64.80102854112812,148.5230854810861,151.0060347707505,179.28522445297224,22.55582592079317,141.44271556229458,72.12963533025916,130.52877597823453,29.674293356359694,-21.8001298880243,123.57698940607455,196.14990099083414,170.0560338757631,25.67465970592842,48.78517200853641,Unfeasible shape,GPSampler,PRUNED
