,number,value,datetime_start,datetime_complete,duration,params_lLegPt.rA1,params_lLegPt.rL0,params_lLegPt.rL1,params_lLegPt.rL2,params_lLegPt.x1,params_lLegPt.y1,params_sLegPt.rA1,params_sLegPt.rL0,params_sLegPt.rL1,params_sLegPt.rL2,params_sLegPt.x1,params_sLegPt.y1,user_attrs_prune,system_attrs_auto:sampler,state
0,0,17.47674989864572,2026-04-21 10:36:24.130300,2026-04-21 10:36:32.940237,0 days 00:00:08.809937,-24.74307961402392,12.423822894457732,68.49690525207771,29.86446116300725,49.18732865787483,11.558326599064387,-51.4849184890251,89.2515975953617,12.27350502012587,18.677271947677546,35.00942989215816,10.836069624058936,Unattained target,RandomSampler,PRUNED
1,1,0.015252886443860803,2026-04-21 10:36:33.083912,2026-04-21 10:36:46.924992,0 days 00:00:13.841080,-63.24492726853322,72.23992606783328,11.83622770222955,40.73126034960641,30.816035039653077,14.148256770490873,-34.78935332643781,24.053367783746864,64.30119074503122,54.76195488698047,30.96099887666036,23.9560917170877,,RandomSampler,COMPLETE
2,2,0.004977457943610375,2026-04-21 10:36:48.347767,2026-04-21 10:37:01.363808,0 days 00:00:13.016041,-75.09526309689096,71.83666903550721,53.57157279339393,15.374866200374733,39.24646210857445,10.68853191726487,-35.983823108715214,58.35372501292694,72.55322979028925,18.96137767449472,44.37834684042435,18.799548192646306,,GPSampler,COMPLETE
3,3,6.0,2026-04-21 10:37:02.317318,2026-04-21 10:37:02.925636,0 days 00:00:00.608318,-27.043647887669103,84.21553860998655,92.90761410382794,18.818532426407465,42.70562087365063,12.067351450061164,-58.798172838708,22.715955011915934,64.46353752840061,10.862598660808727,33.84672899054987,13.153574000182264,Unfeasible shape,GPSampler,PRUNED
4,4,8.919735797439202,2026-04-21 10:37:03.090138,2026-04-21 10:37:09.980820,0 days 00:00:06.890682,-75.69062631543898,82.36986724019827,97.2461988882544,39.80481436588882,48.04117667865748,14.766651386575669,-28.915284411428736,27.83821680542021,87.02077871577853,38.794684122405386,41.49022305188332,21.77090174521762,Unattained target,GPSampler,PRUNED
5,5,6.0,2026-04-21 10:37:10.113379,2026-04-21 10:37:10.195720,0 days 00:00:00.082341,-53.40172939821984,30.137390979810103,31.79847490264028,90.09351909553975,32.39541487386346,23.71400955456648,-48.6841477354431,80.52414931297696,94.59500974038292,25.753171279661228,47.04108870294574,28.420607739235816,Unfeasible shape,GPSampler,PRUNED
6,6,0.048432265616444425,2026-04-21 10:37:10.382601,2026-04-21 10:37:23.468975,0 days 00:00:13.086374,-65.4341696264895,20.744407061452268,32.730505004260976,53.67350766706049,46.13125338566108,20.34641263694219,-48.255429370200716,29.212918157047024,20.465808548062277,47.384250806801994,32.816210786538896,15.461781834878783,,GPSampler,COMPLETE
7,7,0.015413714727316119,2026-04-21 10:37:24.639201,2026-04-21 10:37:37.479577,0 days 00:00:12.840376,-77.28385435796045,80.83606565130675,40.023864613563674,49.77147414494139,30.994581894929073,14.515514776043707,-48.97853868002986,84.58092110093467,94.461441740399,93.7504308647794,44.799063199955974,16.443484061001055,,GPSampler,COMPLETE
8,8,0.00042595876384865505,2026-04-21 10:37:38.397188,2026-04-21 10:37:50.320479,0 days 00:00:11.923291,-71.98363643946448,82.96936154613951,49.65326062461645,76.55071534432989,49.24830178461521,11.574984974036926,-40.54352934747109,74.50516864782958,34.074946430963536,71.80877684377447,35.49363764625943,29.997104012195894,,GPSampler,COMPLETE
9,9,0.0005183673440498637,2026-04-21 10:37:51.824637,2026-04-21 10:38:04.123516,0 days 00:00:12.298879,-54.69802478302681,89.35029297188423,26.18447819325953,57.95635040842088,33.19857589564858,28.409251242420563,-55.9688455850801,50.813954951261124,63.39229377332552,62.05725911266104,48.96912589747629,25.740064237485146,,GPSampler,COMPLETE
10,10,8.14282097324195,2026-04-21 10:38:05.478564,2026-04-21 10:38:12.200412,0 days 00:00:06.721848,-57.48077966750799,74.2343469152585,85.1244395468256,66.52179418167698,38.69270123201663,14.13017079568493,-58.45653345398189,70.82522835484494,73.52416394792994,78.25023652126517,37.81884373783925,27.680794219659166,Unattained target,GPSampler,PRUNED
11,11,0.006192725213328032,2026-04-21 10:38:12.337503,2026-04-21 10:38:24.989190,0 days 00:00:12.651687,-35.396604678321246,52.005374040762426,18.7730352905268,89.51708838850082,38.58985642609758,17.856845641795825,-45.07604249792378,13.609198576078363,95.70756828658827,73.15790605443433,35.6224161056226,19.59989238785278,,GPSampler,COMPLETE
12,12,9.535892568013779,2026-04-21 10:38:26.517813,2026-04-21 10:38:32.886319,0 days 00:00:06.368506,-54.00043922918677,72.34470984419697,58.3327085675628,49.25740794236907,49.1902499090225,26.344647617613724,-68.29508049738612,31.315066976702834,33.64860148723638,69.4193801477746,49.558557790969026,10.639817719036897,Unattained target,GPSampler,PRUNED
13,13,9.22841444817152,2026-04-21 10:38:33.014002,2026-04-21 10:38:38.778512,0 days 00:00:05.764510,-68.70322065928151,29.562211990133545,34.70518217858529,48.20356702352626,39.69779836617007,18.476439644850718,-39.845610746319835,90.42921751611397,39.38736558825798,55.03902037561708,47.93192090312766,12.476906236791125,Unattained target,GPSampler,PRUNED
14,14,21.78224629464939,2026-04-21 10:38:38.919256,2026-04-21 10:38:45.063043,0 days 00:00:06.143787,-76.20579976868028,27.75254903794368,38.25382354177991,67.51234262649356,45.61459779481144,11.716747044378526,-65.39295420520962,42.247755693908324,13.07729891053336,74.97999882252662,48.187464082511404,25.31351112588654,Unattained target,GPSampler,PRUNED
15,15,5.216948272324181,2026-04-21 10:38:45.191176,2026-04-21 10:38:51.674086,0 days 00:00:06.482910,-34.09638922317079,55.09174417396734,82.57129950255647,78.89088125860796,34.21178948166595,12.312691887170363,-31.340088614542374,33.87086961236549,27.859725314145166,76.18227911978278,41.68610248292672,18.929168675517296,Unattained target,GPSampler,PRUNED
16,16,6.0,2026-04-21 10:38:51.817894,2026-04-21 10:38:51.920176,0 days 00:00:00.102282,-67.8294122796227,88.68332407738227,55.46040280296269,39.27666862217967,34.981727026779915,21.506127584014422,-56.545109669156574,13.061861727154342,35.10901090504625,34.05666408304297,36.67661312942027,15.122258030858735,Unfeasible shape,GPSampler,PRUNED
17,17,0.0019990029457410685,2026-04-21 10:38:52.064183,2026-04-21 10:39:04.317952,0 days 00:00:12.253769,-73.15905298436796,51.234764146148216,73.99038324447316,24.363015214370844,39.90711485587557,26.43245268360862,-33.32713976702413,79.1494372517052,85.38217183812472,21.27560226162249,39.25399581670669,20.84534349978122,,GPSampler,COMPLETE
18,18,6.0,2026-04-21 10:39:05.286512,2026-04-21 10:39:05.344640,0 days 00:00:00.058128,-42.02556884223846,25.2118895649136,19.935945818417665,19.291574020789277,32.8955725021243,26.6923579716078,-40.4080378797056,95.61682904218576,79.60180574465221,75.06332954422427,30.271532218260575,13.11810523500121,Unfeasible shape,GPSampler,PRUNED
19,19,0.04034570552414962,2026-04-21 10:39:05.489589,2026-04-21 10:39:17.159928,0 days 00:00:11.670339,-55.68671764376477,21.96145307648716,13.943771558006118,25.472141860302546,49.98912191643062,20.30876798960103,-49.557976779660486,82.36091802563952,28.517789024744527,52.36949313797607,43.71419982263346,26.897413209237673,,GPSampler,COMPLETE
20,20,0.006051080502956552,2026-04-21 10:39:18.423462,2026-04-21 10:39:30.775654,0 days 00:00:12.352192,-78.81466892371449,10.767145689975083,66.82958430972565,36.780534627095605,37.023986620123026,19.358533429554278,-42.69836331541824,62.6007743047301,41.74375675135343,75.22105124879573,44.49074815021025,29.429037609844038,,GPSampler,COMPLETE
