,number,value,datetime_start,datetime_complete,duration,params_highPt.lL1,params_highPt.lL2,params_highPt.lL3,params_highPt.rA2,params_highPt.rL1,params_highPt.rL2,params_highPt.rL3,params_highPt.x2,params_highPt.y2,params_low.legHeight,params_low.motorDistanceCenter,params_low.pulleyRadius,params_lowPt.lL1,params_lowPt.lL2,params_lowPt.lL3,params_lowPt.rA2,params_lowPt.rL1,params_lowPt.rL2,params_lowPt.rL3,params_lowPt.x2,params_lowPt.y2,user_attrs_prune,system_attrs_cma:generation,system_attrs_cma:optimizer:0,system_attrs_cma:optimizer:1,system_attrs_cma:optimizer:2,system_attrs_cma:optimizer:3,system_attrs_cma:optimizer:4,system_attrs_cma:optimizer:5,system_attrs_cma:optimizer:6,state
89,89,20.29916898215185,2026-06-16 13:35:44.884028,2026-06-16 13:36:06.030658,0 days 00:00:21.146630,39.720622623167195,42.90088987743236,65.35524350128286,-53.84933819096584,15.216954411431923,11.085509710902842,23.52975494223409,-6.94607642250412,103.0670710231542,106,62,34,47.50323725926383,40.22412606976705,23.34491157298776,-33.01537698259183,35.47609135434293,28.775155026399986,13.915873350630129,-2.1103952554879655,18.827555202087968,,2.0,,,,,,,,COMPLETE
90,90,,2026-06-16 13:36:07.610819,2026-06-16 13:36:08.021609,0 days 00:00:00.410790,44.7956364596265,50.96087520591152,37.23757665560656,-57.2033491137219,54.779771366312296,1.3290172002883915,53.24633856882794,-53.95176750208576,5.376201906104058,102,50,58,54.18193515697588,43.65040389188282,33.50242182389908,-16.59380149779969,50.995540862318975,45.04062712548148,55.85267485524631,-56.73337300058148,8.35723011649797,Unfeasible shape,2.0,,,,,,,,PRUNED
91,91,,2026-06-16 13:36:08.175197,2026-06-16 13:36:08.627742,0 days 00:00:00.452545,50.58504500321956,51.753134723187074,42.04747852262688,-67.00682438812603,27.02484544932006,12.203483160579612,26.433111684229594,-5.695224527577359,12.816275045281193,101,59,46,10.846944408544804,87.36836258127394,62.4661739304236,-20.98160509857277,1.5367085912915694,30.64972247846121,45.61056316714294,26.714149640935617,49.95970801598168,Unfeasible shape,2.0,,,,,,,,PRUNED
92,92,,2026-06-16 13:36:08.758277,2026-06-16 13:36:09.143905,0 days 00:00:00.385628,65.67863644733181,30.975117788766955,38.526389988046745,-66.64034002732573,56.2325599499417,27.574252086181517,46.20970549563385,-21.33340926917845,53.79760450550866,94,83,39,38.62513521573072,57.26176885756924,61.28766855559212,-18.306276930770224,21.388041235598838,64.56093349165718,23.747699357070534,11.1448192619169,30.302193329956204,Unfeasible shape,2.0,,,,,,,,PRUNED
93,93,,2026-06-16 13:36:09.271432,2026-06-16 13:36:09.629520,0 days 00:00:00.358088,20.408047115775602,10.622224100885926,67.56655476195533,-61.71160636604133,37.68473561430367,16.715332208589537,28.417434402344764,18.509365086764383,6.750297456034633,119,75,45,37.60933119775495,64.40554087311779,42.98273937412851,-25.51633372418739,24.2333225289997,61.80890798889798,33.95523394567684,-5.149526560262657,54.81065872664727,Unfeasible shape,2.0,,,,,,,,PRUNED
94,94,14.791982221835035,2026-06-16 13:36:09.777991,2026-06-16 13:36:33.135091,0 days 00:00:23.357100,40.71648896283751,31.872023191606214,51.49223737829088,-31.890310422538377,33.25651813373597,27.284070357571537,8.763584354797334,-2.6550115561903525,110.48718951329357,99,72,58,21.216100660530522,67.1845608742227,20.758633649998377,-30.58917308746277,51.05746013997872,67.91189172937256,39.67498114509781,-16.792612391088163,43.184334184282314,,2.0,,,,,,,,COMPLETE
95,95,,2026-06-16 13:36:34.647491,2026-06-16 13:36:35.088280,0 days 00:00:00.440789,24.820513003179446,43.01977790413039,68.59694638027617,-48.85204251893329,9.000238605991763,68.8688296584349,37.23757841425576,-29.578243986560885,91.86595678350314,113,75,36,44.500340859818515,54.8297600234192,29.409059324831397,-50.191491099750976,19.948272630762695,3.1191309309599147,57.266719740995555,23.941120477324,13.523557447758664,Unfeasible shape,2.0,,,,,,,,PRUNED
96,96,,2026-06-16 13:36:35.233763,2026-06-16 13:36:35.620973,0 days 00:00:00.387210,2.144435729207563,56.02780593130503,36.138568105746515,-76.94273224600707,27.141926507209217,50.946137818098556,46.34932539945223,38.74026124539627,70.20784970085724,92,64,44,34.384128648104614,60.6962307854256,12.651696238445519,-12.794407471748002,28.029311247229113,35.157932671726094,27.99170310902623,-41.66700467233728,36.318086038954725,Unfeasible shape,2.0,,,,,,,,PRUNED
97,97,8.341697947821812,2026-06-16 13:36:35.769634,2026-06-16 13:36:58.100868,0 days 00:00:22.331234,51.33802479044297,40.533181832903594,27.85597958568371,-41.01265443184718,19.578159260887837,43.5048154929257,54.16167117461804,8.992277487185596,66.56524829654406,92,81,35,69.36795725711288,46.194279755649376,31.714070718684905,-38.97502737958156,10.941621544355094,42.637032678124925,54.349807681383524,2.2643129158261033,39.883869543425895,,2.0,,,,,,,,COMPLETE
98,98,,2026-06-16 13:36:59.519007,2026-06-16 13:36:59.899828,0 days 00:00:00.380821,34.48903982022618,41.520213153975696,87.75221813342432,-53.44917795346798,20.224467836930057,21.052467629076542,20.256395934294595,51.584769616504445,107.73672639277159,89,75,33,44.97049895702323,43.19620817699767,60.541736584243765,-25.312297053122037,33.10155365193272,40.025183155328435,30.556378254460387,49.84890317233422,22.78005563024568,Unfeasible shape,2.0,,,,,,,,PRUNED
99,99,,2026-06-16 13:37:00.055009,2026-06-16 13:37:00.519439,0 days 00:00:00.464430,40.14661122448616,71.14752789682659,34.75018517456531,-59.58214520602545,55.169168214681356,29.65554414669704,42.62327579129634,-34.914419848483064,2.277728206443716,95,84,46,27.450308794479753,69.80166841639786,49.857807791666424,-35.22508894065699,19.53291753343856,37.309977773615906,51.49412434977019,-24.46297517317739,4.508484556885755,Unfeasible shape,2.0,,,,,,,,PRUNED
