,number,value,datetime_start,datetime_complete,duration,params_highPt.lL1,params_highPt.lL2,params_highPt.lL3,params_highPt.rA2,params_highPt.rL1,params_highPt.rL2,params_highPt.rL3,params_highPt.x2,params_highPt.y2,params_low.legHeight,params_low.motorDistanceCenter,params_low.pulleyRadius,params_lowPt.lL1,params_lowPt.lL2,params_lowPt.lL3,params_lowPt.rA2,params_lowPt.rL1,params_lowPt.rL2,params_lowPt.rL3,params_lowPt.x2,params_lowPt.y2,user_attrs_prune,system_attrs_cma:generation,system_attrs_cma:optimizer:0,system_attrs_cma:optimizer:1,system_attrs_cma:optimizer:2,system_attrs_cma:optimizer:3,system_attrs_cma:optimizer:4,system_attrs_cma:optimizer:5,system_attrs_cma:optimizer:6,state
30,30,,2026-06-16 13:31:56.882368,2026-06-16 13:31:57.176997,0 days 00:00:00.294629,30.513467304495187,63.722521584212764,59.84272384957008,-29.982755803555612,60.40922706842206,36.42631714770021,50.22762001745204,30.493488255138033,64.6872231237352,101,75,52,9.26359426180848,40.461064648684896,22.657342961111866,-34.60566219167706,52.387167625757144,30.410921380075447,21.504868883663868,29.40400020200802,39.850681027434234,Unfeasible shape,1.0,800495661b0000000000008c0a636d6165732e5f636d61948c03434d419493942981947d94288c065f6e5f64696d944b118c085f706f7073697a65944b068c035f6d75944b038c075f6d755f656666948c166e756d70792e5f636f72652e6d756c74696172726179948c067363616c61729493948c056e756d7079948c0564747970659493948c02663894898887945294284b038c013c944e4e4e4affffffff4affffffff4b007494624308b753c6a5983a004094869452948c035f636394680b68114308900659d67ed3c83f94869452948c035f633194680b6811430843080e998150783f94869452948c045f636d7594680b68114308f02346dde989673f94869452948c085f635f7369676d6194680b68114308fae9701ad975c53f94869452948c085f645f7369676d6194680b681143083f1d4e23bbaef23f94869452948c035f636d944b018c065f6368695f6e9447401040aaadf7c1448c085f776569676874739468098c0c5f7265636f6e737472756374949394680c8c076e6461727261799493944b0085944301629487945294284b014b06859468118943303d81341aa762e43fed14472b6636d23f67a23f812e11b43f94d816a51c54d2bfe3fe9c65897ae8bf916ebfbfe67ef2bf947494628c085f705f7369676d6194682f68314b008594683387945294284b014b118594681189438823035caf6f42d23fe0d21852a95c9dbf2094c9887a8ad3bfa1081d28b0f1de3f431364fadb45debf16f1026ce576c7bf9d7fb26445f9d1bf02644c491442e33fdaa6701d730cefbfc8a21b4a15cee93f0212e2ad1138f2bf28a90110b27ca9bfe2dceafc50e2edbfe57e861f55efe23fd260e8c481fdddbfffc3bc1ce8c6a3bf6aefc0340682dcbf947494628c035f706394682f68314b008594683387945294284b014b118594681189438867be8c85737fd33f63f224d26e5a9fbf271ac1b8bdddd4bf16e15cca7685e03f3a533e16b929e0bf0fb683ef460ec9bf47b67af65231d3bf27917e806e90e43f1d34ee94c093f0bff91795aa198eeb3f9e8734866174f3bfe184f66a3137abbffb4bbff426e9efbfc19876b81238e43f6920a0e71703e0bfa007ce6d441ea5bfce4bf9cef770debf947494628c055f6d65616e94682f68314b008594683387945294284b014b118594681189438868c5b0f61f50e23f397359f1fa88df3f24b3105ea40cdb3fa4b7bdc776ebe33f8a3b21ab9a54d83f70d0a9a41607dd3f23eb2f514972db3fd101160e04e1e43fda9ea68d9544d03ff09bdced9f89e63fac76bfa20313cb3f3540f3d25f31df3f8778305da5dbd03f66d4ab620dcce43fef2e2a32ef66d83f5116c7a6aa5fdf3ff6a9642413c7d83f947494628c055f635f316494682f68314b008594683387945294284b014b9985946811894,2c80400001bde449a3608f03f63070d285e5a77bff87884bf8d5156bf463b99a747b2543f3609104ea37b64bf78895b20b34a313f68db40498b8151bf80a274fb85a0603f87b4f18eba5869bfa73795ec3f905d3fd04e196302d17ebfc8ea8552ed6566bf3097e110045775bf687a93d20ac2683f09e0573f33d765bf81b5d486facb483fa43471f190d0593f98dd692768baef3f5091b2eb642b6a3f159a7544595d7ebf95767163b4f9713f6ff8eda0d39549bfa4963b51ee736ebfa43dce1d463c67bfa50e1bc7972a58bf11b64870c0c467bfc1daacd2982a7dbfcd9af59d66f8703fff2fbca8843f72bf0672da6b3af4623fb84d4a6223727e3fd4c97212c0d377bf47fe9a34f5c07a3f197773d208e1ef3f3e246c014e624b3f56b7f9cda91d453f42623aa76168583f3e69619ae024243f8b9b2ff7de9252bf300b19995e3e723f46c3b91666e56ebf643b4bdc9c76803fc247c472668363bf3e114e451506733fe23bad7df5f36bbf6c2bb53818a4643f6781c70fa795633f06d0045c308b47bf104aafa705c3ef3f30a74418fd3545bf9a1bc9e5ea6626bfe890133b14c562bfbdd66c91757e73bf7a59539ed8ae82bf2c1e5ebc9c9748bf23323e19183693bfb4aa73e891783fbff879d74aa08686bff1149aa446fc813f3031dd66c52d7abf84e539b8c46c6fbf40189dfe34ca633f4c2a167c9a01f03f1a72d5cd3233463f517b12f764cd643f1f8ce52d40ec5ebfb487e5ecb788783f1c98a9d6b0ed70bf26605e193c54863f66d2339a9f05533f40ae45a710b8803f96ae0cae897875bf8c1dac3df38a693f0cdb87b80b9d443fee2dfe0258fa49bf8595232096e8ef3f2da89c4ec680503fd4b1ed4a371b523fc57faee677c7653fcb05edcbd855513fe02030551608693f30597b1845c4573fa8a12590124a623fdae30af17b0d5fbf7617341858b05e3fd024295c6793dbbe36f5bb1a7c7b5c3f7599794240e6ef3f328a4a426df745bff71339b3bac86e3f9589d13011ba72bfdfeb462c9b77653f7d2409cfc7de3fbf72bd23772ebf603f7597e708068263bf24d0a849b79c773f1368d1d79e3241bf769c8bdd1c91703f122ea1450899ef3f0c5de8418b4089bf6c784d147f1571bfb9bd8df9916595bf46ccd27ff69e6cbf023ee4dbe2dc86bf75ca7f52bce6863f1540edbcce8a8ebf6648d334b70e65bf60b7cf6698a167bfdf785f9da017f03f3c3778dbb90289bf5211430dfa6c7a3f5cec349c860f1b3ff4dfdfa9f77f803fd5f5afca8dea6bbfd0637eb4c8b73f3ff2100d12cfbd51bfca183a4f1305773f8c1e00b550e4ef3f8336d53612cc93bf076fe0ff9c8c77bf7aaa577818ce8bbf929de456fdb0853ff052e934edba83bf5330e2d4bd9740bf7c03d707f1e966bf183c112e0ddaef3f8b66700b1716673f8ae0,9d2752fc733f80d96aaa53f708bfb9ea4d1d60395f3fac4f4f3eb87b7bbfb2dd7ce05bf1863fed0793f431daef3f35287adfae08603fd7cd8bcaedea45bffcacfde78a751b3fb54a82e4dbc8403f4a0983d2492869bf1f8fc0b28a12f03f8726f4d8ee456ebf67935ba82f54783f12b1fd19270e6dbf1f76ac1fb789803f5b139f891fefef3fc899c5c556274d3f5215354d36ca653f62eba2a50f2571bfad00a23b9f8eef3f93c2f327064d4dbf3f04d787798871bf8307f80604ddef3f1d027514fea8723f87c253b7acceef3f947494628c065f7369676d6194680b68114308a06bd4dc0b1ec83f94869452948c025f44944e8c025f42944e8c075f626f756e647394682f68314b008594683387945294284b014b114b02869468118942100100000000000000000000000000000000f03f0000000000000000000000000000f03f0000000000000000000000000000f03f0000000000000000000000000000f03f0000000000000000000000000000f03f0000000000000000000000000000f03f0000000000000000000000000000f03f0000000000000000000000000000f03f0000000000000000000000000000f03f0000000000000000000000000000f03f0000000000000000000000000000f03f0000000000000000000000000000f03f0000000000000000000000000000f03f0000000000000000000000000000f03f0000000000000000000000000000f03f0000000000000000000000000000f03f0000000000000000000000000000f03f947494628c115f6e5f6d61785f726573616d706c696e67944baa8c025f67944b018c095f6c725f616461707494898c065f616c70686194473ff66666666666668c0a5f626574615f6d65616e94473fb999999999999a8c0b5f626574615f5369676d6194473f9eb851eb851eb88c065f67616d6d6194473fb999999999999a8c065f456d65616e94682f68314b008594683387945294284b014b114b018694681189438800000000000000000000000000000000000000000000000000000000000000000000000000000000000000000000000000000000000000000000000000000000000000000000000000000000000000000000000000000000000000000000000000000000000000000000000000000000000000000000000000000000000000000000000000000000947494628c075f455369676d6194682f68314b008594683387945294284b014d21014b018694681189420809000000000000000000000000000000000000000000000000000000000000000000000000000000000000000000000000000000000000000000000000000000000000000000000000000000000000000000000000000000000000000000000000000000000000000000000000000000000000000,00000000000000000000000000000000000000000000000000000000000000000000000000000000000000000000000000000000000000000000000000000000000000000000000000000000000000000000000000000000000000000000000000000000000000000000000000000000000000000000000000000000000000000000000000000000000000000000000000000000000000000000000000000000000000000000000000000000000000000000000000000000000000000000000000000000000000000000000000000000000000000000000000000000000000000000000000000000000000000000000000000000000000000000000000000000000000000000000000000000000000000000000000000000000000000000000000000000000000000000000000000000000000000000000000000000000000000000000000000000000000000000000000000000000000000000000000000000000000000000000000000000000000000000000000000000000000000000000000000000000000000000000000000000000000000000000000000000000000000000000000000000000000000000000000000000000000000000000000000000000000000000000000000000000000000000000000000000000000000000000000000000000000000000000000000000000000000000000000000000000000000000000000000000000000000000000000000000000000000000000000000000000000000000000000000000000000000000000000000000000000000000000000000000000000000000000000000000000000000000000000000000000000000000000000000000000000000000000000000000000000000000000000000000000000000000000000000000000000000000000000000000000000000000000000000000000000000000000000000000000000000000000000000000000000000000000000000000000000000000000000000000000000000000000000000000000000000000000000000000000000000000000000000000000000000000000000000000000000000000000000000000000000000000000000000000000000000000000000000000000000000000000000000000000000000000000000000000000000000000000000000000000000000000000000000000000000000000000000000000000000000000000000000000000000000000000000000000000000000000000000000000000000000000000000000000000000000000000000000000000000000000000000000000000000000000000000000000000000000000000000000000000000000000000000000000000000000000000000000000000000000000000000000000000000000000000000000000000000000000000000000,00000000000000000000000000000000000000000000000000000000000000000000000000000000000000000000000000000000000000000000000000000000000000000000000000000000000000000000000000000000000000000000000000000000000000000000000000000000000000000000000000000000000000000000000000000000000000000000000000000000000000000000000000000000000000000000000000000000000000000000000000000000000000000000000000000000000000000000000000000000000000000000000000000000000000000000000000000000000000000000000000000000000000000000000000000000000000000000000000000000000000000000000000000000000000000000000000000000000000000000000000000000000000000000000000000000000000000000000000000000000000000000000000000000000000000000000000000000000000000000000000000000000000000000000000000000000000000000000000000000000000000000000000000000000000000000000000000000000000000000000000000000000000000000000000000000000000000000000000000000000000000000000000000000000000000000000000000000000000000000000000000000000000000000000000000000000000000000000000000000000000000000000000000000000000000000000000000000000000000000000000000000000000000000000000000000000000000000000000000000000000000000000000000000000000000000000000000000000000000000000000000000000000000000000000000000000000000000000000000000000000000000000000000000000000000000000000000000000000000000000000000000000000000000000000000000000000000000000000000000000000000000000000000000000000000000000000000000000000000000000000000000000000000000000000000000000000000000000000000000000000000000000000000000000000000000000000000000000000000000000000000000000000000000000000000000000000000000000000000000000000000000000000000000000000000000000000000000000000000000000000000000000000000000000000000000000000000000000000000000000000000000000000000000000000000000000000000000000000000000000000000000000000000000000000000000000000000000000000000000000000000000000000000000000000000000000000000000000000000000000000000000000000000000000000000000000000000000000000000000000000000000000000000000000000000000000000000000000000000000000000000,0000000000000000000000000000000000000000000000000000000000000000000000000000000000000000000000000000000000000000000000000000000000000000000000000000000000000000000000000000000000000000000000000000000000000000000000000000000000000000000000000000000000000000000000000000000000000000000000000000000000000000000947494628c065f566d65616e944700000000000000008c075f565369676d61944700000000000000008c095f6574615f6d65616e94473ff00000000000008c0a5f6574615f5369676d6194473ff00000000000008c055f746f6c7894473d4c25c2684976828c075f746f6c787570944740c38800000000008c075f746f6c66756e94473d719799812dea118c105f746f6c636f6e646974696f6e636f76944742d6bcc41e9000008c0d5f66756e686973745f7465726d944b5f8c0f5f66756e686973745f76616c75657394682f68314b008594683387945294284b014bbe859468118942f00500000000000000c0484000000000006870405d7d28368081384027c5befa6ef2644000000000006870400000000000000000d43a49689e966440d8dc03b4c0ca6840a22b356ec00dea3f5ff998b33bac6440eec0b6b134bc6840a7cf30d04f2ee93f327ebe4a25bf6440c51ba2a594ab684092eaace9a2d8f63f0e1b856ecfd46440f66b64c9598368408f6340efe81fe63ffae6468ab8d6644013efeb084f6d68408f6340efe81fe63f0e1b856ecfd46440307273484457684092eaace9a2d8f63f327ebe4a25bf644061c2356c092f6840a7cf30d04f2ee93f5ff998b33bac6440381d2160691e6840a22b356ec00dea3fd43a49689e9664404e01d45ddd0f68404f12dea95a72fb3ff4d970d7506264407c805b7033ff6740c6719a88cab1ec3f1c24b8b0a845644006d4273bbbfd6740c6719a88cab1ec3f446eff89002964407c805b7033ff67404f12dea95a72fb3f640d27f9b2f463404e01d45ddd0f6840a22b356ec00dea3fd94ed7ad15df6340381d2160691e6840a7cf30d04f2ee93f06cab1162ccc634061c2356c092f684092eaace9a2d8f63f2a2debf281b6634030727348445768408f6340efe81fe63f3e6129d798b4634013efeb084f6d68408f6340efe81fe63f2a2debf281b66340f66b64c95983684092eaace9a2d8f63f06cab1162ccc6340c51ba2a594ab6840a7cf30d04f2ee93fd94ed7ad15df6340eec0b6b134bc6840a22b356ec00dea3f640d27f9b2f46340d8dc03b4c0ca68404f12dea95a72fb3f446eff8900296440aa5d7ca16adb6840c6719a88cab1ec3f1c24b8b0a8456440200ab0d6e2dc68400000901ec4bcd64272a869740a1374404a7cff9763316440529e7a2de5802740d010ce6f58bc74403f80b1c5fa,d464404aed3ae0c1371940b2551fc5a614754079ccea587d366540829e69047af832405a336fabe61c7640b8c9dd7f2b616640497224aba3e234405c9c52410a4277407ecb7a6604a267404a476b1c68c22440355bb51d41d6774029c4241ddd376840236606f8bf821e40194da8ca67467840cbb99156209868405e97094d87c914408cc953889a967840e83810dc08c46840c74d7b896f72044092bf2d6c7bbf7840f9b29678c7c1684010d2dbc31e8ff53fc0b7b35378d3784060bd1cd19eb1684014b191214737f43fca837e23c8e178402e59e38d10956840b22f1b3e795bf63fa22e9363eeea7840f6571408446c684059369fcff1c604404ee93ca795f07840446c0612ee1968403b77c618793813400dfb5d2913ea7840728edca4b780674005b3ed7788bf2340c2903843dfcc78405e91d500314a664039854e2d5add2a40d60e709994a2784058d736e2c2a46440995eab4cfcf22440fa2d8ce220877840d0644d171a5a6340a811d071356a27403aebcb7db7707840666c38ac27e6614054b97512b9cd29401a9e57ab74637840997a466a264a604091a88cf9e5c71b405de976ec2d6278404e7288f6d5d75e4070c15fc5092935405de976ec2d627840f2813085938d594000000000000000000000000000000000ffffffffffffffffd0e9c780de010000e89cb362f97f0000001ec4ce76e653be000000000000000001000000d7e9c53ef8cb0478de0100003893b362f97f000002000000010000000000000000000000ffffffffffffffffd0e9c780de010000e89cb362f97f000000235726168fba3f0000000000000000010000000d274abef8cb0478de0100003893b362f97f000003000000010000000000000000000000ffffffffffffffffd0e9c780de010000e89cb362f97f0000000ab7e05f4dc63e00000000000000000100000072a56d3f04000000018479bf3893b362f97f000005000000e3e53b3e000000000000000000e9c9ac0e61d7bf409bb362f97f0000e89cb362f97f000000504940e921ea3d409bb362f97f0000e89cb362f97f0000040000000100000001000000010000000100000000000000ffffffffffffffffffffffffffffffff70c0c262f97f000090266200de010000409bb362f97f0000d0c60478de010000e89cb362f97f00000000000000000000ffffffffffffffff0000000000000000000000000000000000000000000000009474946275622e,PRUNED
