,number,value,datetime_start,datetime_complete,duration,params_highPt.lL1,params_highPt.lL2,params_highPt.lL3,params_highPt.rA2,params_highPt.rL1,params_highPt.rL2,params_highPt.rL3,params_highPt.x2,params_highPt.y2,params_low.legHeight,params_low.motorDistanceCenter,params_low.pulleyRadius,params_lowPt.lL1,params_lowPt.lL2,params_lowPt.lL3,params_lowPt.rA2,params_lowPt.rL1,params_lowPt.rL2,params_lowPt.rL3,params_lowPt.x2,params_lowPt.y2,user_attrs_prune,system_attrs_cma:generation,system_attrs_cma:optimizer:0,system_attrs_cma:optimizer:1,system_attrs_cma:optimizer:2,system_attrs_cma:optimizer:3,system_attrs_cma:optimizer:4,system_attrs_cma:optimizer:5,system_attrs_cma:optimizer:6,state
47,47,110.5768285070673,2026-06-16 13:33:25.268836,2026-06-16 13:33:44.643885,0 days 00:00:19.375049,81.75803320961785,72.10047562762331,35.32799550380504,-18.422114558200434,44.678020394277006,28.21848584051476,29.508476901059545,30.82474355587273,65.9002861411953,93,97,49,40.89448455445187,56.92220797815308,41.44205569018283,-37.665264150128735,66.97389003047734,51.54918698163512,49.862218087720485,-2.6593252773740943,39.835267327395506,,1.0,,,,,,,,COMPLETE
48,48,,2026-06-16 13:33:45.858797,2026-06-16 13:33:46.270319,0 days 00:00:00.411522,64.21034648427683,47.956427012317235,50.48006520207023,-61.072279710546276,38.34073905451828,46.62490325294996,18.814499009095236,-14.979154932204604,25.366517414380176,106,58,40,19.081915267350738,52.37449072519838,45.869441194059625,-53.31633993634088,43.19422043977528,28.70331604336957,49.03699417022644,-32.95739793575615,63.48298966478209,Unfeasible shape,1.0,,,,,,,,PRUNED
49,49,,2026-06-16 13:33:46.425379,2026-06-16 13:33:46.799147,0 days 00:00:00.373768,72.72618869968501,38.83476440657039,52.20448178952687,-54.97821486162208,34.460938571121524,21.249882938515047,28.171403012963218,11.81732713817118,2.3057082209720052,109,56,39,71.28479907983004,23.050298542393882,44.59703457162707,-27.28272053338756,51.36342203078019,66.42011212684201,59.68369688628224,-35.941864383392705,46.6805425118711,Unfeasible shape,1.0,,,,,,,,PRUNED
50,50,,2026-06-16 13:33:46.934199,2026-06-16 13:33:47.282832,0 days 00:00:00.348633,45.35285230805869,52.58965990308874,16.152762284239163,-55.04839054009693,19.095445685255974,53.80804465978638,53.7702289568673,16.807624621763892,23.713834344678837,106,73,49,39.54202932343956,49.40700063021375,18.353772921918555,-22.133385283407456,4.591663833581323,49.963257948171034,57.99742924683883,3.2334919465266623,17.213678915043285,Unfeasible shape,1.0,,,,,,,,PRUNED
51,51,,2026-06-16 13:33:47.420364,2026-06-16 13:33:47.732927,0 days 00:00:00.312563,51.72820764887862,32.493405225992625,32.7722474677032,-32.70855336761235,35.48472064431241,42.702809328200146,4.523457371102154,49.91375873851426,19.940536901169022,115,77,55,14.287027752778176,37.36332333372828,18.986354478729382,-38.791598195283456,66.17669059236299,90.55319779773777,37.037108636925296,22.385026667476183,32.87250443554568,Unfeasible shape,1.0,,,,,,,,PRUNED
52,52,,2026-06-16 13:33:47.852448,2026-06-16 13:33:48.151633,0 days 00:00:00.299185,55.01800021756194,53.42221910700823,60.4284531817444,-27.514965115060704,52.788328415541315,29.200593127455715,58.84753369909748,37.77058735474202,117.56347335305145,104,65,51,51.05579530993446,50.3610146230252,43.59898864389524,-22.799074452610917,68.51124435932718,39.21928632187853,68.54703431351986,-18.257630299175183,8.397040571803592,Unfeasible shape,1.0,,,,,,,,PRUNED
53,53,,2026-06-16 13:33:48.297515,2026-06-16 13:33:48.651603,0 days 00:00:00.354088,39.36842261053321,56.525879215660176,11.856026565357611,-35.5963258036958,10.458241711599992,69.6850414947864,66.32546635894,34.5394422203228,67.17929820353494,91,73,48,25.00877145165257,57.09787580233014,17.023135031894533,-53.89487939441531,38.952930149643684,79.23770546367385,69.20905404609178,-21.947895600769282,40.25902680808492,Unfeasible shape,1.0,,,,,,,,PRUNED
54,54,,2026-06-16 13:33:48.785129,2026-06-16 13:33:49.092864,0 days 00:00:00.307735,74.62146304885991,28.8858126652885,39.02704364231307,-30.117652460853208,40.43968016627031,40.77292822041344,30.956253609117983,-24.52764812966317,113.94640126007249,97,78,33,51.842737549914844,36.485432944028176,28.551398375720296,-36.1250466916149,41.916526246851575,50.18537198238651,7.312466151222112,15.198202630396587,16.20410349033026,Unfeasible shape,1.0,,,,,,,,PRUNED
55,55,,2026-06-16 13:33:49.220860,2026-06-16 13:33:49.553177,0 days 00:00:00.332317,76.45590984957532,55.42455159444208,7.15010006192577,-35.934320141158544,31.571896868554553,35.413905966844005,30.4388917061749,-21.45314005932474,45.746454274258575,101,62,54,37.92834650046339,54.19212631880902,45.94881282810412,-28.293661787518012,21.34717291891982,34.17812865650821,33.75952638576155,32.44013348767973,44.95020346640202,Unfeasible shape,1.0,,,,,,,,PRUNED
56,56,,2026-06-16 13:33:49.689325,2026-06-16 13:33:50.016659,0 days 00:00:00.327334,90.02791781787752,78.28950037084024,64.45738506505478,-42.718718493291746,59.78750774764522,64.83081984791558,44.04593389595301,49.579506669162896,101.3838209614911,100,82,48,29.576457748682053,59.769422041077384,32.94352449703971,-36.77663020538597,37.02097366427791,42.40357127449761,41.906846107508464,31.85512467572633,62.7977181966804,Unfeasible shape,1.0,,,,,,,,PRUNED
57,57,,2026-06-16 13:33:50.146619,2026-06-16 13:33:50.461015,0 days 00:00:00.314396,43.513275051643504,82.34118674634581,40.982071309332625,-27.916127544164702,34.578286895425904,36.31206358877465,36.995558266409205,-37.473153309984056,126.69614058231818,111,89,58,39.623961321940705,37.76417911614224,10.075134691093856,-46.007754309851336,22.455221009603488,54.313489838164294,58.25744368378389,23.53801906159454,6.815337164598955,Unfeasible shape,1.0,,,,,,,,PRUNED
58,58,,2026-06-16 13:33:50.602070,2026-06-16 13:33:50.909886,0 days 00:00:00.307816,72.22352963797445,20.904511210550922,92.11926257877556,-31.388168013157625,8.099717059084268,77.41081193330182,31.221330706882437,-39.04107337046853,90.89974236780364,107,78,50,19.09246159685894,55.80823480022227,28.189199456391925,-29.7934630167521,14.552859574527504,37.70447529928498,35.824007314643254,15.49433844323572,0.7081729744804829,Unfeasible shape,1.0,,,,,,,,PRUNED
59,59,,2026-06-16 13:33:51.055368,2026-06-16 13:33:51.403212,0 days 00:00:00.347844,51.57395298564446,59.852122261276094,25.00836070277532,-63.04299164612641,46.59298294797893,23.349286150559802,27.982774794644207,0.7759113579254375,87.87069010697205,97,65,53,24.590882964700256,38.04809184287005,50.69168406977545,-22.278414833232354,59.97334560134236,51.06036828533696,16.767500537001503,-52.50396478307057,10.774139444972409,Unfeasible shape,1.0,,,,,,,,PRUNED
60,60,,2026-06-16 13:33:51.519079,2026-06-16 13:33:51.894016,0 days 00:00:00.374937,32.39604247716035,28.03174414845705,1.4816158330490634,-26.024461127702082,48.7661715636127,70.95569504732937,59.00035049921895,15.823054593193014,35.11286494952641,118,60,44,17.612388106633627,47.37659291812793,19.61476840579504,-19.085831917428237,39.15822922573791,24.09928428463492,47.8881340728868,10.764745798218442,19.73569923252926,Unfeasible shape,1.0,,,,,,,,PRUNED
61,61,,2026-06-16 13:33:52.014822,2026-06-16 13:33:52.421131,0 days 00:00:00.406309,61.56706214144664,77.81242140834213,31.005969506797516,-37.034696689055565,33.271204340372805,52.70740338119555,29.185703819814538,9.868429318060464,126.53428816363251,119,60,46,23.001520306575202,44.101417899921564,16.32368588010775,-28.71239039761329,67.52206274409471,75.75580717612013,47.62742223123332,-18.015625958302977,66.43773505550415,Unfeasible shape,1.0,,,,,,,,PRUNED
62,62,21.29297697915172,2026-06-16 13:33:52.553816,2026-06-16 13:34:17.794079,0 days 00:00:25.240263,37.82837194853704,17.74704951386426,29.95648891968719,-64.58516848461757,44.57765307868314,91.74129393397355,48.79465195281064,-43.88312507456601,43.390464761013156,88,74,54,21.255788258445964,52.49222150775554,45.07982797011703,-49.80063643858951,24.64834690429523,47.0300546450455,55.517650986460104,17.02219236843709,32.96189899345735,,1.0,,,,,,,,COMPLETE
63,63,,2026-06-16 13:34:19.343995,2026-06-16 13:34:19.652939,0 days 00:00:00.308944,79.52978309441545,39.36955625477024,27.86818469423207,-40.653774915262304,54.23935455427494,67.76844991881502,47.0267597054649,64.13911880375923,51.49580193134561,101,87,39,23.240497300036033,63.13938101605772,6.952079200764153,-22.83851993721646,12.15189639100509,39.002923128656995,49.73649395145464,-10.888549025737102,17.323264679914935,Unfeasible shape,1.0,,,,,,,,PRUNED
64,64,,2026-06-16 13:34:19.780231,2026-06-16 13:34:20.080644,0 days 00:00:00.300413,67.51558071200816,31.81968378172496,58.44434097271814,-42.33911945763886,33.70913053982272,53.32830250472229,11.049056409998041,48.96697903208111,64.33754791746459,98,94,48,40.44744083740976,50.6431405498004,35.93115427109015,-25.018014832820384,53.470398493241994,32.136573333786174,64.91198751616008,60.829679731607825,42.91742656781388,Unfeasible shape,1.0,,,,,,,,PRUNED
65,65,,2026-06-16 13:34:20.210184,2026-06-16 13:34:20.522293,0 days 00:00:00.312109,46.266853507642466,68.4194148293815,52.146946004215906,-64.81930255672975,15.887208962390913,41.08378712955262,43.17906931832738,-11.309205793127107,103.31065248239526,113,61,24,14.885890285546571,36.26342638204863,30.45741502155748,-39.106796494679664,23.193243792577594,85.31695063420406,75.41960766131204,13.498752500713344,40.878968586965705,Unfeasible shape,1.0,,,,,,,,PRUNED
66,66,30.640741073035315,2026-06-16 13:34:20.656351,2026-06-16 13:34:43.777661,0 days 00:00:23.121310,65.4854293266907,58.90142054166935,22.46085563050748,-36.89498886285367,47.932420092841646,17.8744169752342,56.18071367613259,28.747620100674467,23.732831040544557,104,92,50,26.677971273385886,55.7844292653869,57.162850596388296,-37.1035426863353,51.10690395485088,23.924907565630747,77.7657809671887,-15.745771782215591,1.799381515927584,,1.0,,,,,,,,COMPLETE
