,number,value,datetime_start,datetime_complete,duration,params_highPt.lL1,params_highPt.lL2,params_highPt.lL3,params_highPt.rA2,params_highPt.rL1,params_highPt.rL2,params_highPt.rL3,params_highPt.x2,params_highPt.y2,params_low.legHeight,params_low.motorDistanceCenter,params_low.pulleyRadius,params_lowPt.lL1,params_lowPt.lL2,params_lowPt.lL3,params_lowPt.rA2,params_lowPt.rL1,params_lowPt.rL2,params_lowPt.rL3,params_lowPt.x2,params_lowPt.y2,user_attrs_prune,system_attrs_cma:generation,system_attrs_cma:optimizer:0,system_attrs_cma:optimizer:1,system_attrs_cma:optimizer:2,system_attrs_cma:optimizer:3,system_attrs_cma:optimizer:4,system_attrs_cma:optimizer:5,system_attrs_cma:optimizer:6,state
68,68,,2026-06-16 13:34:45.879064,2026-06-16 13:34:46.189082,0 days 00:00:00.310018,32.84214886208416,62.815656599345644,54.827473542429075,-79.84208928668399,28.082951938629154,52.44732708877926,23.596368512055633,1.9512026879816062,125.66512647567704,100,94,52,22.35231200370396,83.00835349070584,26.25170783627962,-29.36696189449532,53.44062631323721,38.583949283406184,52.03366106944882,-50.0524663173627,64.98229938114078,Unfeasible shape,2.0,800495881b0000000000008c0a636d6165732e5f636d61948c03434d419493942981947d94288c065f6e5f64696d944b118c085f706f7073697a65944b068c035f6d75944b038c075f6d755f656666948c166e756d70792e5f636f72652e6d756c74696172726179948c067363616c61729493948c056e756d7079948c0564747970659493948c02663894898887945294284b038c013c944e4e4e4affffffff4affffffff4b007494624308b753c6a5983a004094869452948c035f636394680b68114308900659d67ed3c83f94869452948c035f633194680b6811430843080e998150783f94869452948c045f636d7594680b68114308f02346dde989673f94869452948c085f635f7369676d6194680b68114308fae9701ad975c53f94869452948c085f645f7369676d6194680b681143083f1d4e23bbaef23f94869452948c035f636d944b018c065f6368695f6e9447401040aaadf7c1448c085f776569676874739468098c0c5f7265636f6e737472756374949394680c8c076e6461727261799493944b0085944301629487945294284b014b068594680e8c02663894898887945294284b0368124e4e4e4affffffff4affffffff4b007494628943303d81341aa762e43fed14472b6636d23f67a23f812e11b43f94d816a51c54d2bfe3fe9c65897ae8bf916ebfbfe67ef2bf947494628c085f705f7369676d6194682f68314b008594683387945294284b014b1185946811894388733329dc4c8ce1bfcf9be1d5e56dd9bf90236b02b472adbfc6c230a26abdebbf8b1694e00c79f0bf4ae76c62735cecbf6c5ee42ed71bd3bfe067c59735cb9e3fc64e63634e18f0bf4d2808a39381e33f5e6328cd6654dfbf616e6766ecc0d13fb1e4375ef1b8d8bf4ab572925ceadf3ffc1ce6ba89f7eebf37c1c724ca2adbbf50b975fab895cfbf947494628c035f706394682f68314b008594683387945294284b014b1185946811894388ea82975ba314e3bf5113295383aadabf645e7be80f77abbf38cecd1e71e6edbf9fd5925d8552f1bf424fc4122112eebfc04ac14d01d5d3bf1002b3d00093943f95784c75b790f0bf34d33e9fb00be43f92dd4eb1bf1bdebf9170d7be5513d33f6e58d94979fbd7bf1711df0b1f2ee03f363d8076d120f0bf249b0a37a1b6dcbf667c72685c14d0bf947494628c055f6d65616e94682f68314b008594683387945294284b014b1185946839894388b23c633f6595d83f3318b24888edd93fee1d4974950ade3f05cbf96d2d85d43f90350a799e55cd3f840858aa9ad7d13f617df94eb378da3f1f8211255951e13f7e55a269cececa3fed71ea97be0de63f16301dffd5d3d43f4863315be308e23fe249a87cf1fed63fb845391257c5e43f73aa89df1281cf3f9529a161716ed93fb0a4ba4b03abda3f94749,4628c065f7369676d6194680b68114308dd4e72b366d9c63f94869452948c025f44944e8c025f42944e8c075f626f756e647394682f68314b008594683387945294284b014b114b02869468398942100100000000000000000000000000000000f03f0000000000000000000000000000f03f0000000000000000000000000000f03f0000000000000000000000000000f03f0000000000000000000000000000f03f0000000000000000000000000000f03f0000000000000000000000000000f03f0000000000000000000000000000f03f0000000000000000000000000000f03f0000000000000000000000000000f03f0000000000000000000000000000f03f0000000000000000000000000000f03f0000000000000000000000000000f03f0000000000000000000000000000f03f0000000000000000000000000000f03f0000000000000000000000000000f03f0000000000000000000000000000f03f947494628c115f6e5f6d61785f726573616d706c696e67944baa8c025f67944b028c095f6c725f616461707494898c065f616c70686194473ff66666666666668c0a5f626574615f6d65616e94473fb999999999999a8c0b5f626574615f5369676d6194473f9eb851eb851eb88c065f67616d6d6194473fb999999999999a8c065f456d65616e94682f68314b008594683387945294284b014b114b018694683989438800000000000000000000000000000000000000000000000000000000000000000000000000000000000000000000000000000000000000000000000000000000000000000000000000000000000000000000000000000000000000000000000000000000000000000000000000000000000000000000000000000000000000000000000000000000947494628c075f455369676d6194682f68314b008594683387945294284b014d21014b018694683989420809000000000000000000000000000000000000000000000000000000000000000000000000000000000000000000000000000000000000000000000000000000000000000000000000000000000000000000000000000000000000000000000000000000000000000000000000000000000000000000000000000000000000000000000000000000000000000000000000000000000000000000000000000000000000000000000000000000000000000000000000000000000000000000000000000000000000000000000000000000000000000000000000000000000000000000000000000000000000000000000000000000000000000000000000000000000000000000000000000000000000000000000000000000000000000000000000000000000000000000000000000000000000000000000000000000000000000000000000,00000000000000000000000000000000000000000000000000000000000000000000000000000000000000000000000000000000000000000000000000000000000000000000000000000000000000000000000000000000000000000000000000000000000000000000000000000000000000000000000000000000000000000000000000000000000000000000000000000000000000000000000000000000000000000000000000000000000000000000000000000000000000000000000000000000000000000000000000000000000000000000000000000000000000000000000000000000000000000000000000000000000000000000000000000000000000000000000000000000000000000000000000000000000000000000000000000000000000000000000000000000000000000000000000000000000000000000000000000000000000000000000000000000000000000000000000000000000000000000000000000000000000000000000000000000000000000000000000000000000000000000000000000000000000000000000000000000000000000000000000000000000000000000000000000000000000000000000000000000000000000000000000000000000000000000000000000000000000000000000000000000000000000000000000000000000000000000000000000000000000000000000000000000000000000000000000000000000000000000000000000000000000000000000000000000000000000000000000000000000000000000000000000000000000000000000000000000000000000000000000000000000000000000000000000000000000000000000000000000000000000000000000000000000000000000000000000000000000000000000000000000000000000000000000000000000000000000000000000000000000000000000000000000000000000000000000000000000000000000000000000000000000000000000000000000000000000000000000000000000000000000000000000000000000000000000000000000000000000000000000000000000000000000000000000000000000000000000000000000000000000000000000000000000000000000000000000000000000000000000000000000000000000000000000000000000000000000000000000000000000000000000000000000000000000000000000000000000000000000000000000000000000000000000000000000000000000000000000000000000000000000000000000000000000000000000000000000000000000000000000000000000000000000000000000000000000000000000000000000000000000000000000000000000000000000000000000000000000000000000000000,000000000000000000000000000000000000000000000000000000000000000000000000000000000000000000000000000000000000000000000000000000000000000000000000000000000000000000000000000000000000000000000000000000000000000000000000000000000000000000000000000000000000000000000000000000000000000000000000000000000000000000000000000000000000000000000000000000000000000000000000000000000000000000000000000000000000000000000000000000000000000000000000000000000000000000000000000000000000000000000000000000000000000000000000000000000000000000000000000000000000000000000000000000000000000000000000000000000000000000000000000000000000000000000000000000000000000000000000000000000000000000000000000000000000000000000000000000000000000000000000000000000000000000000000000000000000000000000000000000000000000000000000000000000000000000000000000000000000000000000000000000000000000000000000000000000000000000000000000000000000000000000000000000000000000000000000000000000000000000000000000000000000000000000000000000000000000000000000000000000000000000000000000000000000000000000000000000000000000000000000000000000000000000000000000000000000000000000000000000000000000000000000000000000000000000000000000000000000000000000000000000000000000000000000000000000000000000000000000000000000000000000000000000000000000000000000000000000000000000000000000000000000000000000000000000000000000000000000000000000000000000000000000000000000000000000000000000000000000000000000000000000000000000000000000000000000000000000000000000000000000000000000000000000000000000000000000000000000000000000000000000000000000000000000000000000000000000000000000000000000000000000000000000000000000000000000000000000000000000000000000000000000000000000000000000000000000000000000000000000000000000000000000000000000000000000000000000000000000000000000000000000000000000000000000000000000000000000000000000000000000000000000000000000000000000000000000000000000000000000000000000000000000947494628c065f566d65616e944700000000000000008c075f565369676d61944700000000000000008c095f6574615f6d65616e94473f,f00000000000008c0a5f6574615f5369676d6194473ff00000000000008c055f746f6c7894473d4c25c2684976828c075f746f6c787570944740c38800000000008c075f746f6c66756e94473d719799812dea118c105f746f6c636f6e646974696f6e636f76944742d6bcc41e9000008c0d5f66756e686973745f7465726d944b5f8c0f5f66756e686973745f76616c75657394682f68314b008594683387945294284b014bbe859468398942f00500009ade3c7d8e0b7840da3c621b44af6d405d7d28368081384027c5befa6ef26440d903507315592b404b501dc2eaa45b40f845ab5ebef87a40e8cf30b644756a405b8fcd9977bcea3fd9082c78cb037b40bee3998a39666a40d09b6b2073e0e93f1382fde8760d7b401c8f702a08556a40b66e90173291f73f645cd7938a187b40a08a16a36d2b6a40dafd0e5bd3e0e63f21e9f1a684197b40a169b534a2146a40dafd0e5bd3e0e63f645cd7938a187b40a24854c6d6fd6940b66e90173291f73f1382fde8760d7b402644fa3e3cd46940d09b6b2073e0e93fd9082c78cb037b4084efd0de0ac369405b8fcd9977bcea3ff845ab5ebef87a405a033ab3ffb369400e49ed977e18fc3f5130907600de7a40f1404e1bc4a26940c679c3a7d557ed3f4082329659cf7a402e377f0d3fa16940c679c3a7d557ed3f2fd4d4b5b2c07a40f1404e1bc4a269400e49ed977e18fc3f88beb9cdf4a57a405a033ab3ffb369405b8fcd9977bcea3fa7fb38b4e79a7a4084efd0de0ac36940d09b6b2073e0e93f6d8267433c917a402644fa3e3cd46940b66e90173291f73f1ca88d9828867a40a24854c6d6fd6940dafd0e5bd3e0e63f5f1b73852e857a40a169b534a2146a40dafd0e5bd3e0e63f1ca88d9828867a40a08a16a36d2b6a40b66e90173291f73f6d8267433c917a401c8f702a08556a40d09b6b2073e0e93fa7fb38b4e79a7a40bee3998a39666a405b8fcd9977bcea3f88beb9cdf4a57a40e8cf30b644756a400e49ed977e18fc3f2fd4d4b5b2c07a4051921c4e80866a40c679c3a7d557ed3f4082329659cf7a40149ceb5b05886a400000901ec4bcd6428a3d2c3fc47f7340c0a6b55e9e7c70402480e836e4fa24409f3a26ecdf1c74402ec1336e9041704028468259e0f6244048293b0c0db77440ff80bf4119ff6f40eedd2361fbea24407ff50df2c64d7540a7392697b26d6f407aaa1fa320d724403e8b41f088e07540949c4e8679cf6e40b4317f0665bb24407cd67859ce6e7640089aebb8fa246e40155bf31b0898244038c3568012f876404222b0d8c26e6d403d8b202e766d2440683d7eb7d07b774084254f8f5ead6c407f82c4504b3c24400631925184f977400c947b865ae16b4063be8b6f570524400c8a35a1a87078401a5ee867430b6b40c49a1452a3c9234074340bf9b8e,07840f27348dda52b6a4028d53576768a2340381cb6ab30497940d2c54e900e436940584df67f5d492340522dd90b8ba97940fa43ae2a0a5268402f1027cb30082340ba53176c43017a40aade195625596740d2f380611ac922406c7b131fd54f7a40228644bcec586640d92d4f399a8e224060907077bb947a40a42ae106ed516540ba040d34875b2240907ed1c771cf7a4070bca2dfb2446440d05487f00a332240f631d96273ff7a40c62b3cf0ca3163406c762d54961822408c962a9b3b247b40e46860e2c1196240e01f93f2cc0f22404c9868c3453d7b401064c25f24fd604057684c74661c22403023362e0d4a7b400a1b2a24feb85f4020dbb1cbfe391240ee24ab53234b7b4042dfe08166955e405812c594b6eb3440ee24ab53234b7b40ac9aafdc785a59400000000000000000010000006f3d573fa8ad0478de0100003893b362f97f000002000000010000000000000000000000ffffffffffffffffc0f4c780de010000e89cb362f97f0000000044b45774e03f0000000000000000010000001dfb89bfa8ad0478de0100003893b362f97f000003000000010000000000000000000000ffffffffffffffffc0f4c780de010000e89cb362f97f0000008345cebb557bbf000000000000000001000000be9b00c0040000000140bfbf3893b362f97f000005000000f9d39e3f00000000000000000004f97310e49340409bb362f97f0000e89cb362f97f000000f562b37c2bd13f409bb362f97f0000e89cb362f97f0000040000000100000001000000010000000100000000000000ffffffffffffffffffffffffffffffff70c0c262f97f0000e08ffd7fde010000409bb362f97f000080a80478de010000e89cb362f97f00000000000000000000ffffffffffffffff000000000000000000000000000000000000000000000000947494628c055f635f316494682f68314b008594683387945294284b014b99859468118942c804000011304af1a9ecef3f086ab34a2e6f84bfd4eaf2067c10513fe00ea07e51d3703fbc271733cbf9563fb347a4cf7f888a3facfa134846e1683f9b1c85c4d5c4893facd58dc6ed6975bfbcf5cc9b825f67bf54100a1f87bd89bf23e9203241d880bfa4ff339a738285bf6472c628c3bf6b3fb0f513d8b5e075bfcaacbf7a4fde733f9648161ff9be64bf22ea18038167ef3f357bfb8294a3773ff223b133571c7abfae5577c43933733f652c01b0f611843fec640a720acd43bf3632f6141c0a7e3f2db11366a5fe71bf6ce554ceed1482bf347529bfddf885bffb5db8fac90169bf90e7d3491eec80bf5b49d4a29964723fa4d3f012bdaf623f45c28facfe4c67bf3ae6b2fdd444713f2d3d730435b3ef3fe829e17eff7c5d3f027f0b7279e2593fc798911a877c75bfe7f19ecf505f513fa8a739,71e3ef72bf56d4e218e370823f7ccbe81556b367bfc9bbf5a5c370863f1217b55cc3be4bbfaf22f6c6d16a863fccf8c788102272bfc4b277977b1e7a3f02aadd40c0b25ebf18694f8fba357b3f4ddeac9164ecef3ff5e445165630803f15f552640f9a873f8712c4acedd56b3ffa1d150b3810733f56034790db027cbfcc84968e17b473bffa27b7fbe3f597bf5682d6b1774770bfb06c1b0ff4a88dbf357f20b956597b3fb0a9034f281c6abf5082d33ef75f36bf9cbddeae4452463f2d1a40124019f03f3ad0ce5a2cd58c3f87a4dc3d47cc713f1c7ae002d5755f3fd6a6bda56c77853fda9fc0417d6082bf79efc72231fe863fbc66dda483bd71bfefed8d8e31a17b3f30005fa9db697ebfd43062092f8c803f170c2e911a1e7d3ff1b0a3934cd665bff2af16852be3ef3f3edb532872a0633fec4bbd64c80578bf66dc836acf09903fcebf7981d0806a3f24a15101b1bb803f322022a47faa613f2c280aba864c863f08e8745f8b6580bf997bf9b27dcc913f3042249ece29453ff4f09e36610d853f24fd8be8cbc0ef3f822327bb8c5476bf95f5e224e237803f80bed52b04cc77bf70b82ba12668763f70ca687e826a17bf500de6608005643f8643459cda7e70bfcc1dab4530ba863fab44aba7ec38623fb485cf44adf26d3fd29838177b38ef3f6af745ffe36c72bf805b689b3f884ebf802f43c8c95c8ebf683e755f3d194dbf4c50977d61307bbf66ddad55b758833f64fc2dabd7966cbf61b64b79dfbb59bf108bfd4d14463a3f37348424250df03fa555a6770b0e93bf4c0ac024b2a16d3f1a8db84e27ba6cbfb63f9dfb96f1693f408ef557329e74bf88794167866d40bf0c0e998fdaa36f3f0835dd5c362d403fe0cbd653ecd5ef3f830306915e0b97bfea0e70beb5a780bfc4bb4ed079bd91bf51b5e14af0528c3f86697ed5d82b91bf203f9d0cc4c31b3fdcb3e79d83d078bf07817ddf0db9ef3fd06052d247b9543fe19dba09041f633f40d6361a3fd509bf48b860a99fe865bff9df3ddaee6c76bfe58b9e60743a7f3f6af3c9c5d8afef3f6bd24403b912523f6bbc35f29d46603f3aaf0a63cded78bfd78ecf8e74654bbf301b572b323b63bfb46a60ae24d3ef3fa79ab78942ec6dbff882f14dc340433fa80daf0c8822583fe887ff09482d59bf6be955778ee2ef3f1864ab646bd3343f6804ba275a284b3f8bef1904b76172bfe82f42ac6f67ef3f537969c534c2703fe7f70ce505b081bf600809e734bdef3fca7984beac29853f9dcdd504e55cef3f9474946275622e,PRUNED
