,number,value,datetime_start,datetime_complete,duration,params_highPt.lL1,params_highPt.lL2,params_highPt.lL3,params_highPt.rA2,params_highPt.rL1,params_highPt.rL2,params_highPt.rL3,params_highPt.x2,params_highPt.y2,params_lowPt.lL1,params_lowPt.lL2,params_lowPt.lL3,params_lowPt.rA2,params_lowPt.rL1,params_lowPt.rL2,params_lowPt.rL3,params_lowPt.x2,params_lowPt.y2,user_attrs_prune,system_attrs_auto:sampler,state
0,0,,2026-05-18 18:08:54.582883,2026-05-18 18:08:55.381721,0 days 00:00:00.798838,130.71148555777083,146.81938275428655,193.0960433683051,-56.88230024030741,183.91174653300325,137.1573409415056,136.76433251653862,-29.798222363856112,19.98809739681009,110.80883717762033,38.3043072497024,4.338507469190192,-53.18896873315718,79.96667320242489,88.41542684508727,31.288460963099087,9.416248374981322,40.594769822251436,Unfeasible shape,RandomSampler,PRUNED
1,1,,2026-05-18 18:08:55.514313,2026-05-18 18:08:55.781017,0 days 00:00:00.266704,122.81104974866302,79.05936568622768,28.5894727695627,-22.3401732975818,88.91896690175724,195.0828549707495,46.76184577672798,11.729407134973243,44.61895842456032,63.7612725848111,37.27361096800234,80.99591670381982,-71.34486864581051,137.3361520493345,147.57737932886573,32.355055972140086,-16.665254776832356,76.98788404008289,Unfeasible shape,RandomSampler,PRUNED
2,2,23.963444631723245,2026-05-18 18:08:55.915976,2026-05-18 18:09:52.498922,0 days 00:00:56.582946,81.528476012683,156.08863201389818,84.07873719524771,-70.87939689825873,38.834323245313136,153.67612676759907,172.3832927352054,-39.55558843673572,69.72445222436173,40.91167138263952,63.10403266120784,55.078309378059735,-70.32653448737908,130.12194822676096,17.242957582861724,119.47397615272949,-3.2507288758405437,34.23819711132712,,RandomSampler,COMPLETE
3,3,,2026-05-18 18:09:54.161058,2026-05-18 18:09:54.453797,0 days 00:00:00.292739,92.90180591557812,62.83578735115879,158.87845359627855,-10.740681451700112,108.29553408430162,199.94460790826307,106.68223067811218,9.490292747414173,127.14509549959942,148.39163457667854,24.038560409125083,122.46472084916513,-30.189137294771662,105.81126284531881,103.71701441713775,41.557936506617715,20.752300171494156,106.39018556753473,Unfeasible shape,GPSampler,PRUNED
4,4,,2026-05-18 18:09:54.595877,2026-05-18 18:09:54.872036,0 days 00:00:00.276159,146.32191076337398,65.70300783267619,43.221797331871024,-37.884023109403046,150.60337024042255,32.12878443808995,54.509807178400294,-50.10077440757133,15.139485435514686,64.9261804460781,24.14823574283568,72.46904208939424,-5.083920800786558,30.60111631872077,15.26322488763499,129.12735848079387,-29.7522466201771,43.90506962705773,Unfeasible shape,GPSampler,PRUNED
5,5,,2026-05-18 18:09:55.013872,2026-05-18 18:09:55.258915,0 days 00:00:00.245043,98.75031094982856,110.89487426272069,131.03496184161688,-28.545397930085016,85.78946887273197,58.5164111358002,182.4286083295431,14.386021119899993,164.90596179378025,4.7421398410262645,138.14280799165343,141.4901362262264,-79.716402254264,144.71113283490658,87.37544962588888,48.00538818758527,20.476356721442627,66.7672608604779,Unfeasible shape,GPSampler,PRUNED
6,6,,2026-05-18 18:09:55.393832,2026-05-18 18:09:55.649020,0 days 00:00:00.255188,72.16083223194437,106.61831252200656,179.08419972283173,-16.82912054346619,144.4051318325677,174.5625532369149,190.5693440060403,-4.211564325064479,151.01886048117694,134.8298476660831,64.90259349131243,86.42962946306368,-64.57898679144773,8.44531207010839,134.82308772453374,28.060514034870252,-29.62142217761331,39.118235921416186,Unfeasible shape,GPSampler,PRUNED
7,7,,2026-05-18 18:09:55.788138,2026-05-18 18:09:56.043270,0 days 00:00:00.255132,58.980782655737315,92.51806082271936,155.1838934374838,-69.9786171778412,74.71099957299532,57.43016336819132,53.79697313569609,-41.870837629627474,111.13746434571628,65.21733553841095,58.90218739657401,1.548866862682953,-49.68641806599724,28.490622330297263,14.607704372932048,101.35685829923865,25.53822101782724,85.84435742899271,Unfeasible shape,GPSampler,PRUNED
8,8,,2026-05-18 18:09:56.179858,2026-05-18 18:09:56.420813,0 days 00:00:00.240955,142.90006686094063,122.78711608790032,68.11320133463411,-80.06265392091878,178.6657484879157,30.540684421333985,73.29569959238259,-51.58461664812957,107.48286746188609,10.260313486827906,145.4528963085827,82.91310288412095,-57.1832421484695,47.370254838192736,21.298410253884978,104.87692641888972,29.24105317111342,79.52472209111579,Unfeasible shape,GPSampler,PRUNED
9,9,24.277031059228733,2026-05-18 18:09:56.687178,2026-05-18 18:10:56.387997,0 days 00:00:59.700819,199.69670567893445,69.930079466564,42.573868180370965,-52.273471906751055,25.524612942182568,32.4875507407635,52.624280326144586,-39.979582285064126,18.236545948342282,4.947701683337126,44.791920130280744,44.96640916404022,-66.7327096786403,54.89380478141378,58.16040561910966,59.08909795041274,-39.42402750237671,35.56055153766269,,GPSampler,COMPLETE
10,10,,2026-05-18 18:10:58.025697,2026-05-18 18:10:58.335425,0 days 00:00:00.309728,20.17067538834236,161.74583539824587,3.979419525934477,-30.988189314001495,27.537817121957772,175.91997279813052,13.787672793041713,-29.994131201623784,143.92201268258137,118.03433384632821,118.05710220998836,139.19736045595047,-39.0135685690796,34.830017123954654,74.36777677123466,86.14568826377636,-45.31583576746345,39.00965761008565,Unfeasible shape,GPSampler,PRUNED
11,11,,2026-05-18 18:10:58.473373,2026-05-18 18:10:58.705430,0 days 00:00:00.232057,44.73720388577556,180.29515959730526,63.00517744947623,-21.17586737851557,79.81649415332666,178.98419564972048,20.74591303855031,-2.853018604247481,0.5641875789485358,61.88553452498309,78.36318435538423,72.95542019669755,-67.18475690192408,105.23366819334674,90.46508475702832,68.26178240929329,6.529154615844604,83.8738309952669,Unfeasible shape,GPSampler,PRUNED
12,12,,2026-05-18 18:10:58.838256,2026-05-18 18:10:59.080127,0 days 00:00:00.241871,166.3781981780769,143.78574525501054,164.62704246478296,-46.3991245810202,2.3977285997651823,34.39769015905507,127.66434452858336,28.815250212071433,116.31772695218034,37.65846062980926,24.725329924898055,8.608895187575406,-50.874410110129126,91.08668807788025,144.19837729387686,3.0799351252163083,3.7765555632504046,87.87873557350196,Unfeasible shape,GPSampler,PRUNED
13,13,,2026-05-18 18:10:59.247775,2026-05-18 18:10:59.547002,0 days 00:00:00.299227,20.861782981999934,147.04573082889263,124.32346335497172,-47.627477971891146,165.9154352056924,148.7685016866633,123.0499303834319,-42.22231295538323,78.3610821173961,40.62377647829816,27.677014670959313,131.85799500469562,-46.01495142508543,7.022725038198162,95.89407553855631,148.21009857300123,-31.351357021828736,77.70891108333171,Unfeasible shape,GPSampler,PRUNED
14,14,,2026-05-18 18:10:59.678138,2026-05-18 18:10:59.915147,0 days 00:00:00.237009,95.44194368426062,135.7754447503537,78.31307853332413,-49.55019345841463,196.51765140850029,47.61260222430196,142.14902195001315,11.343008384602442,127.84386219936218,106.02283809553012,118.01999935045515,1.2697893341429585,-53.39085799482935,41.762869086352985,50.02193763161125,125.64442284104774,-47.71503326665911,70.18033961227543,Unfeasible shape,GPSampler,PRUNED
15,15,,2026-05-18 18:11:00.059099,2026-05-18 18:11:00.297692,0 days 00:00:00.238593,150.4997162934001,39.3959912158489,136.19673219323542,-71.26943574013868,33.69489057524748,43.763686128995346,19.98445548929145,-56.70635149207884,143.15095839672543,141.36507197717893,54.90908660862992,59.3622225649944,-38.42550357075933,38.95666273195665,46.13222855665231,26.679084297994393,7.068860716015834,106.63625509882499,Unfeasible shape,GPSampler,PRUNED
16,16,,2026-05-18 18:11:00.435220,2026-05-18 18:11:00.739421,0 days 00:00:00.304201,141.03629174142827,64.27314400833542,167.18432193083035,-29.347404971165005,168.89535178271313,69.68858622375843,87.42844999037685,11.065013356541485,10.89579447271937,62.84096785157604,138.65911883245528,55.55340589095676,-39.39344639080292,19.834416701943727,125.5716114769553,46.86529448573412,-1.7026259653931604,83.82008675332503,Unfeasible shape,GPSampler,PRUNED
17,17,,2026-05-18 18:11:00.874065,2026-05-18 18:11:01.107012,0 days 00:00:00.232947,2.855528070496952,85.51551153494425,76.24865441512608,-59.38529009393153,186.42133983750153,77.84075195048719,9.707123166688364,21.666856545656884,90.05444529659704,100.49299551650276,23.428222463533483,107.8084861270566,-34.40380113961802,91.36593435521061,41.411603543647914,106.88587280225741,22.260098501928894,63.715956143793406,Unfeasible shape,GPSampler,PRUNED
18,18,,2026-05-18 18:11:01.241072,2026-05-18 18:11:01.476299,0 days 00:00:00.235227,198.47523876192642,77.76139117508905,148.8636813353565,-17.723977490706744,91.29106872782744,31.511373923034395,75.3382275981682,-11.296547641329319,84.43273846432056,70.21275316006869,6.947749187482989,29.35879184065727,-9.880926409821086,59.9416745883657,137.47703835136667,61.15985816106198,3.3444432571243254,104.01458881623803,Unfeasible shape,GPSampler,PRUNED
19,19,,2026-05-18 18:11:01.617434,2026-05-18 18:11:01.863544,0 days 00:00:00.246110,86.1570586870742,182.7818813117578,19.774427683122934,-78.37605725529527,34.390643267666775,133.7209489333726,100.21523439275944,-8.402330608282838,-7.415935546544126,77.26023219925146,52.533311676873055,99.0046253473456,-38.26518252871928,131.96327420928554,113.89128911632102,31.335540578407908,-23.520270226579953,29.653447774132864,Unfeasible shape,GPSampler,PRUNED
20,20,,2026-05-18 18:11:01.997644,2026-05-18 18:11:02.240363,0 days 00:00:00.242719,95.77910487887974,177.82590184110273,58.154375735719135,-5.012061722352215,110.25312930344226,100.04010004812302,109.33770103309149,-45.166965020585984,130.66819205632592,106.60135497609359,35.04577152832277,2.7652626468953283,-62.39058499962017,127.5298222937201,128.53375992854006,95.57872699064463,-21.928487848699433,7.761939532282355,Unfeasible shape,GPSampler,PRUNED
21,21,,2026-05-18 18:11:02.374595,2026-05-18 18:11:02.627137,0 days 00:00:00.252542,42.73420518552972,50.75028277717356,20.566744660873965,-35.83081526491493,110.00804595462134,46.49918621331347,68.9271219082788,13.819794034671148,167.6526040539543,113.51848408826594,56.0201282050493,86.66974078418899,-26.688098509467764,147.80678605212307,119.14088665774155,137.65549566442982,-59.15429220221499,73.60137942607977,Unfeasible shape,GPSampler,PRUNED
22,22,,2026-05-18 18:11:02.773853,2026-05-18 18:11:03.046281,0 days 00:00:00.272428,179.18511804192298,85.99217744381711,54.78817734713095,-65.88652563461906,5.7226797775922735,38.27636703628668,192.81921150100473,14.699904312642914,-4.067506074100706,58.31663244967783,119.95828087103429,105.72297755564458,-40.88417598629617,60.95714169286069,8.321863681101327,105.56294200704082,18.730420620891934,39.41391478165768,Unfeasible shape,GPSampler,PRUNED
23,23,,2026-05-18 18:11:03.173583,2026-05-18 18:11:03.400202,0 days 00:00:00.226619,73.23102058001449,152.51258111362608,125.99143878744484,-14.89501205372612,197.25185575755222,134.0230650564957,157.12750321426068,-47.281225198151695,99.6960153546108,116.91158628295463,30.70085789536092,37.845424215385975,-70.41974790907074,76.51515925945964,33.39993624150924,138.74186730289273,26.24726988474771,33.486043013594056,Unfeasible shape,GPSampler,PRUNED
24,24,,2026-05-18 18:11:03.532027,2026-05-18 18:11:03.770346,0 days 00:00:00.238319,165.99340078216164,13.451750385233385,107.24837173669579,-41.17455302859342,147.72120763043205,147.46617829790966,134.47651594442559,21.875804670215473,150.79422742239913,12.35383887762816,111.78293729802627,100.04830335648523,-6.384445074923079,58.37974788102915,81.00166020140566,92.45842745879929,-9.048290308317249,58.909184270206666,Unfeasible shape,GPSampler,PRUNED
25,25,,2026-05-18 18:11:03.904862,2026-05-18 18:11:04.128103,0 days 00:00:00.223241,148.65740973542825,76.5816605620032,32.12338521539526,-12.615322331890212,106.24464623250938,136.10604197823034,166.59403327534662,17.823234097520057,163.7386009274093,39.016041657333524,55.64740584011214,94.48074948291497,-31.973300629221598,10.094513336039808,109.87985277918142,23.384653997876466,-21.655075389926438,25.188384925997468,Unfeasible shape,GPSampler,PRUNED
26,26,21.312239042123846,2026-05-18 18:11:04.263962,2026-05-18 18:12:01.088635,0 days 00:00:56.824673,131.38417182225902,41.34328945775408,191.9453340968174,-64.41235495640778,27.584590950240887,62.03396975467805,122.26010752288825,-43.36830863485358,99.34773625717837,75.38800227162253,112.13593920685105,149.19487221697463,-68.55776678897227,65.86676431846051,9.790912457537694,143.83294836147417,0.7109381519857649,98.68229605862055,,GPSampler,COMPLETE
27,27,,2026-05-18 18:12:03.036236,2026-05-18 18:12:03.262317,0 days 00:00:00.226081,31.399349973141973,12.746507959583695,56.251434583904654,-57.18482054879176,9.26092842832956,74.50386551242185,10.284206093720542,14.395459429221546,-1.3594748199563185,24.769806099804185,50.489836747752626,136.16084424575013,-50.323498177920044,92.37428249478647,147.16989151484634,69.86752193078313,22.777764281523915,85.05039380441362,Unfeasible shape,GPSampler,PRUNED
28,28,,2026-05-18 18:12:03.408979,2026-05-18 18:12:03.630335,0 days 00:00:00.221356,63.86410186147246,54.73697778519232,132.28867927877295,-26.701713401887027,75.18219925912204,88.95084092773337,82.5231607969455,-38.5715789891681,107.33659386988376,22.786184330353485,38.47502787204009,45.48009286667761,-61.69798299537583,31.962027322127327,49.01363949320447,136.31811284424435,-48.38775769593465,-5.211286732037661,Unfeasible shape,GPSampler,PRUNED
29,29,,2026-05-18 18:12:03.768378,2026-05-18 18:12:04.028516,0 days 00:00:00.260138,85.11410706156884,81.07214658646662,180.64260362636355,-29.678044301010367,111.56732526859882,18.12384308674345,24.34569982687808,-59.840656582358854,67.64679110079648,11.194825192921442,62.474169510510905,42.61070251854245,-68.73623474605012,79.00997463213346,15.510939087718334,4.56051109216129,9.704313946335986,107.03296993360586,Unfeasible shape,GPSampler,PRUNED
30,30,,2026-05-18 18:12:04.168455,2026-05-18 18:12:04.448480,0 days 00:00:00.280025,93.39991597463286,163.24709282791596,193.63944383695065,-74.75903652978087,92.85122213738721,9.989498823883828,64.78097415389266,14.725544160451335,36.869871440785985,66.32573543332371,134.58472623133468,103.982782998411,-66.51135107955866,132.67325103564562,1.4542624251657652,79.11993230431517,-47.863007198306725,30.193522524536547,Unfeasible shape,GPSampler,PRUNED
31,31,,2026-05-18 18:12:04.606278,2026-05-18 18:12:04.845331,0 days 00:00:00.239053,65.98289275212656,29.696379398683987,119.9877019630793,-74.89292398417132,114.56808892082624,29.49270137652297,167.81399591939376,-12.297739647257487,3.091847365967144,74.25633281993584,9.944999060795814,148.60345073317765,-73.523516021056,76.47626589435343,36.27470891384604,91.35880615210732,29.34038385826426,29.489620891234615,Unfeasible shape,GPSampler,PRUNED
32,32,,2026-05-18 18:12:05.023383,2026-05-18 18:12:05.273308,0 days 00:00:00.249925,180.05825882613618,79.09879110106347,25.262530077194306,-38.429227795112354,35.33475286577096,138.81570328847098,87.4037349314021,-33.97086428730989,-7.00146330256409,39.48202753796273,113.2915349694639,143.58339908578014,-61.07713206814652,125.38570502331112,96.68284992913516,84.01884149212037,-43.49752810917931,43.704884482078164,Unfeasible shape,GPSampler,PRUNED
33,33,,2026-05-18 18:12:05.403642,2026-05-18 18:12:05.698496,0 days 00:00:00.294854,158.13496594690764,172.49655623162155,112.68825059657154,-75.47378874642872,112.50089186549299,173.28360857739753,164.50648613192737,-12.570773502114008,79.7113537778365,107.26797314150997,6.193843628565743,135.70294462299074,-80.10074448374446,12.353877507682038,9.059592018533152,46.027484828135684,-49.46325972902201,57.68387758799051,Unfeasible shape,GPSampler,PRUNED
34,34,,2026-05-18 18:12:05.838684,2026-05-18 18:12:06.173559,0 days 00:00:00.334875,189.24050368640374,98.9694501160617,169.31479262172226,-24.021678889701192,111.32012149584767,126.42324035638963,51.11206444796425,-38.88144940139787,117.50198170836396,80.17830488349578,99.92693549189124,148.52958110874553,-18.011944200224065,43.58218062982533,25.447333749695428,76.2368101941355,-7.089835159073502,49.08268403531946,Unfeasible shape,GPSampler,PRUNED
35,35,,2026-05-18 18:12:06.303663,2026-05-18 18:12:06.558536,0 days 00:00:00.254873,177.58521137196686,80.7480439984314,182.86473025452884,-76.5960268021265,172.76140359449212,84.32187256222193,166.90518113548404,-57.50219223449136,10.694603624615372,53.12489673482784,128.14662926467594,142.53778571911658,-70.90523808926916,108.82721953635033,119.53527946414566,30.055021424086913,-56.067290349739274,-8.521676270082917,Unfeasible shape,GPSampler,PRUNED
36,36,,2026-05-18 18:12:06.700949,2026-05-18 18:12:06.923461,0 days 00:00:00.222512,148.29251587188674,126.36762914994907,37.429420845441136,-31.643633592332435,134.668662522295,160.33138184841718,37.16311009324797,-18.4078936089155,139.90581627449376,19.960141060205505,135.46620569080486,117.52219038049262,-35.643950603585715,7.723538415618018,45.71895495193391,29.187210926087797,-45.942410629577,19.39644797918291,Unfeasible shape,GPSampler,PRUNED
37,37,,2026-05-18 18:12:07.053424,2026-05-18 18:12:07.322361,0 days 00:00:00.268937,128.47922493419944,77.68175418028397,131.01131467792806,-21.74219894849493,60.909184043123034,44.9070666481452,168.9149767197889,-13.333196153849187,139.45786299875672,133.0062593003728,12.761138221206332,145.83407995247563,-56.27310465670851,7.404343311455979,39.65391772901759,41.74610885381945,1.3795505306914606,58.69611522859438,Unfeasible shape,GPSampler,PRUNED
38,38,,2026-05-18 18:12:07.453366,2026-05-18 18:12:07.758731,0 days 00:00:00.305365,178.70580354142,77.70104694627125,39.9831693437352,-68.94121455834906,157.7247451652825,109.34671456386914,198.59142102928482,12.859018700468525,169.33228083745928,46.554648199533574,140.89255110045875,56.99812611806617,-47.12153090646052,72.2586294977198,37.79449661867724,16.748921148578766,-46.2363869494031,108.71634278948733,Unfeasible shape,GPSampler,PRUNED
39,39,,2026-05-18 18:12:07.904512,2026-05-18 18:12:08.134115,0 days 00:00:00.229603,113.22375084968694,136.14469042092298,146.14471208950368,-35.57357160941646,100.90073058961093,18.064965865870075,104.01236137402745,22.850867609940636,68.34522339237736,4.5581660715789045,93.75021220458571,126.38140591058243,-47.57833585081299,45.65799398578149,37.97383702756933,55.92326017873246,10.7953765930813,-3.6996901947351724,Unfeasible shape,GPSampler,PRUNED
