,number,value,datetime_start,datetime_complete,duration,params_lLegPt.rA1,params_lLegPt.rL0,params_lLegPt.rL1,params_lLegPt.rL2,params_lLegPt.x1,params_lLegPt.y1,params_sLegPt.rA1,params_sLegPt.rL0,params_sLegPt.rL1,params_sLegPt.rL2,params_sLegPt.x1,params_sLegPt.y1,user_attrs_prune,system_attrs_auto:sampler,state
371,371,6.254904138411305,2026-04-21 16:58:59.145266,2026-04-21 16:59:04.330747,0 days 00:00:05.185481,-53.16721324258481,50.00007595713784,17.97614302933673,45.20466498816518,37.62664727207401,-3.7702960777734518,-36.26332189911855,91.17767883116822,35.95050964194283,49.6343932380378,13.03478823074812,44.360113750978904,Unattained target,GPSampler,PRUNED
372,372,6.0,2026-04-21 16:59:04.512868,2026-04-21 16:59:04.590055,0 days 00:00:00.077187,-43.58516675984715,88.0378936682339,57.280920359796866,25.423018210065656,18.531199817584522,0.9718737477526567,-37.96467788022452,81.5166931012227,94.61451512875232,61.117632932816285,8.80922484017534,20.73487901139897,Unfeasible shape,GPSampler,PRUNED
373,373,6.984596566210946,2026-04-21 16:59:04.738818,2026-04-21 16:59:10.151927,0 days 00:00:05.413109,-61.20206048235998,32.90157694606669,47.93990056149481,51.02324019763193,77.80324865631579,27.94019008142829,-46.041927240488995,78.6505236823964,94.86905337274547,62.592438497412026,29.644049504358684,50.186662114817125,Unattained target,GPSampler,PRUNED
374,374,6.0,2026-04-21 16:59:10.309504,2026-04-21 16:59:10.383805,0 days 00:00:00.074301,-44.29232127768629,98.56628442442208,52.82437767047231,76.89884521640937,40.13364696057258,31.521115300578344,-42.4713013377929,80.37819230653787,28.71832329956933,21.62830608353447,-10.333239332637355,2.2990251041372023,Unfeasible shape,GPSampler,PRUNED
375,375,6.0,2026-04-21 16:59:10.532985,2026-04-21 16:59:10.627970,0 days 00:00:00.094985,-35.0153113317854,21.19626911346677,76.23511847051822,68.61194811929178,67.5520308139642,71.45177397609791,-61.34517053022449,44.459375455693475,62.29225195944529,98.54405841902091,37.715962005471425,86.36725834214381,Unfeasible shape,GPSampler,PRUNED
376,376,6.0,2026-04-21 16:59:10.833493,2026-04-21 16:59:10.904822,0 days 00:00:00.071329,-75.03888083127667,87.19934165108222,88.2959030113515,19.679517060688905,10.385332219232009,-17.496691303085115,-38.19053198112156,68.54917126053488,39.71896491348387,64.06049885091491,-23.107495468473566,12.884616705592968,Unfeasible shape,GPSampler,PRUNED
377,377,0.13908279976920568,2026-04-21 16:59:11.067549,2026-04-21 16:59:18.873865,0 days 00:00:07.806316,-41.29908694604453,80.69029389759211,16.858070243744226,52.50200965921596,70.33503527874696,74.46141799784603,-34.25396520063945,76.20724506901809,61.421848562625236,12.493714015693936,26.420850503918523,45.25506084527126,,GPSampler,COMPLETE
378,378,6.0,2026-04-21 16:59:19.953338,2026-04-21 16:59:20.011585,0 days 00:00:00.058247,-36.557741692464006,88.73397654917922,91.86462563701106,22.070166472306504,88.33654215327654,57.848993845062026,-72.34424224200608,95.28831871042284,97.89602254392045,60.639607246614766,-5.839348576221795,8.769090550326862,Unfeasible shape,GPSampler,PRUNED
379,379,6.0,2026-04-21 16:59:20.155217,2026-04-21 16:59:20.216260,0 days 00:00:00.061043,-47.989641217496704,72.26679607452975,55.298092988950124,10.381815505687827,68.34334173008598,14.32392954606901,-53.41718890954735,52.99019994834172,54.31731652532317,50.00817938643954,7.2740591345068495,18.478821145905645,Unfeasible shape,GPSampler,PRUNED
380,380,6.0,2026-04-21 16:59:20.408752,2026-04-21 16:59:20.483176,0 days 00:00:00.074424,-36.31460704579851,76.88675234844642,46.57492265702561,36.71465884525831,-3.7547255324126514,25.01522647522075,-44.60427949109582,85.07230276515094,69.41455735107584,36.47252036579428,12.787112836737002,3.1485436479990963,Unfeasible shape,GPSampler,PRUNED
381,381,6.0,2026-04-21 16:59:20.594909,2026-04-21 16:59:20.690081,0 days 00:00:00.095172,-20.8139699452894,96.22684050014668,75.26751514122398,72.8995124990774,37.25764760924018,30.493931517181906,-78.68547208595533,99.38623811200092,81.03285943458968,12.926739962674189,21.12686765683793,-5.537433410945801,Unfeasible shape,GPSampler,PRUNED
382,382,6.0,2026-04-21 16:59:20.882723,2026-04-21 16:59:20.970242,0 days 00:00:00.087519,-71.06358126508314,25.928056699627113,35.662487915367805,42.556287508303456,-3.8339239742039517,7.774694854341853,-20.4201674129748,73.21513014104838,18.49499484433484,60.73332705580333,-3.3797601050253583,71.87108546247224,Unfeasible shape,GPSampler,PRUNED
383,383,6.0,2026-04-21 16:59:21.096270,2026-04-21 16:59:21.614798,0 days 00:00:00.518528,-62.33259787816674,13.350788104845238,62.055285433958396,44.89110438999561,101.62718513113397,-15.718824895250117,-65.59942448190286,59.803472402084154,53.68354984383448,54.26580400607257,15.587270580715327,29.31241934768336,Unfeasible shape,GPSampler,PRUNED
384,384,6.0,2026-04-21 16:59:21.752148,2026-04-21 16:59:21.810850,0 days 00:00:00.058702,-43.126767413062666,72.56089990142627,56.58231425077595,60.55913062273018,85.70761531360185,69.46340842315661,-20.557190294248052,77.44509057698902,43.631771790938856,16.141390114477215,25.68486824389403,7.672702074809585,Unfeasible shape,GPSampler,PRUNED
385,385,5.504716388149021,2026-04-21 16:59:21.938054,2026-04-21 16:59:28.375997,0 days 00:00:06.437943,-20.98832470442585,67.09325666831515,40.716539359213215,61.753634101293386,75.43048391399755,-14.424852000766393,-45.21237096734262,73.46272193998381,29.07419461540216,50.07175390161735,26.91901202969578,93.86321586279507,Unattained target,GPSampler,PRUNED
386,386,6.0,2026-04-21 16:59:28.545408,2026-04-21 16:59:28.608023,0 days 00:00:00.062615,-44.64971017477028,74.77567434522864,13.442320544571194,86.59913618440861,70.36980033854203,-20.401228141181214,-68.28228776970941,32.262406668330286,85.87271156034667,24.53868623192541,2.923227230672552,24.615560040206276,Unfeasible shape,GPSampler,PRUNED
387,387,6.0,2026-04-21 16:59:28.753413,2026-04-21 16:59:28.820275,0 days 00:00:00.066862,-48.25962623532871,20.016384576021487,57.1103067175129,62.633455471232345,-7.587060839226685,22.07125402779026,-46.44718469845508,50.12310659348702,89.78013092405946,61.53681179241841,-13.726610488935783,38.38983762751886,Unfeasible shape,GPSampler,PRUNED
388,388,6.0,2026-04-21 16:59:28.955752,2026-04-21 16:59:29.014972,0 days 00:00:00.059220,-50.26274759048481,24.070115667262037,47.0980675665454,73.0976570504516,72.19437608644745,-2.313644808906286,-26.70014528813224,93.28400456020374,14.695345020881518,73.37185166456189,-19.079766492433787,12.198569239914033,Unfeasible shape,GPSampler,PRUNED
389,389,6.0,2026-04-21 16:59:29.186345,2026-04-21 16:59:29.265766,0 days 00:00:00.079421,-56.379201278577675,64.75866737076186,54.57538295193385,97.00853977690731,8.391283799738964,14.479829702107963,-47.03804499213877,14.536798680912826,48.39885992522619,36.73527575125985,25.142260055817545,-7.909813063781025,Unfeasible shape,GPSampler,PRUNED
390,390,5.799008819554366,2026-04-21 16:59:29.382088,2026-04-21 16:59:36.222138,0 days 00:00:06.840050,-53.5553305738848,66.24971371925474,45.32780712077188,10.85490713366838,35.037026475619314,24.842778032692955,-68.02106551618245,22.988711184388016,82.91147900273639,24.956092720142344,19.212454483079043,93.23935127628779,Unattained target,GPSampler,PRUNED
391,391,6.0,2026-04-21 16:59:36.359777,2026-04-21 16:59:36.410397,0 days 00:00:00.050620,-59.53977956445117,70.41883296365458,23.293630383725525,10.52098123953851,102.96326917609476,49.63549204922667,-72.78483212959381,42.38302836001636,59.355598020211474,22.67469622733379,-6.428848499670021,31.549281376510415,Unfeasible shape,GPSampler,PRUNED
392,392,5.09439443336187,2026-04-21 16:59:36.559054,2026-04-21 16:59:43.544293,0 days 00:00:06.985239,-21.304393569663105,94.52576925290144,38.948972994560265,17.81148786966435,27.413646068920194,14.882483936630777,-42.55486427938033,46.20882703501503,72.02107090052522,53.91374007520858,-6.073848669147608,111.14103314562695,Unattained target,GPSampler,PRUNED
393,393,5.180283134214491,2026-04-21 16:59:43.703220,2026-04-21 16:59:49.094182,0 days 00:00:05.390962,-37.237437293936765,55.224224885297076,43.22517754776476,44.79343595367992,77.68202097233905,44.32763454095989,-27.17228949410901,89.38532183795124,14.686460521486229,73.88037333224352,14.485263365762393,15.70277651137734,Unattained target,GPSampler,PRUNED
394,394,6.0,2026-04-21 16:59:49.253596,2026-04-21 16:59:49.335110,0 days 00:00:00.081514,-20.220800770551122,79.18873837773205,46.538845417777175,13.950188025503435,109.12653849426839,-16.329723139814877,-25.21684764217654,86.89775146250608,14.264092202356707,92.94739847814998,-5.366738241982702,107.24124016042431,Unfeasible shape,GPSampler,PRUNED
395,395,6.0,2026-04-21 16:59:49.489344,2026-04-21 16:59:49.552165,0 days 00:00:00.062821,-50.50980989838963,65.69340335673546,56.866802545242635,96.76586722456292,50.3212763443662,-29.873066431930006,-64.63694430884297,65.84548124037482,89.7780140722384,51.24627255937085,5.197124529532964,-7.645880333319063,Unfeasible shape,GPSampler,PRUNED
396,396,6.0,2026-04-21 16:59:49.685148,2026-04-21 16:59:49.751550,0 days 00:00:00.066402,-42.69922770870614,66.67049577967424,46.16713612389733,16.197265994984388,43.66165466933263,53.59805628869229,-20.67626491072967,75.11813104451254,84.18512796225878,88.5156039445755,-12.15933141408032,46.76711037563022,Unfeasible shape,GPSampler,PRUNED
397,397,6.0,2026-04-21 16:59:49.889806,2026-04-21 16:59:49.966241,0 days 00:00:00.076435,-23.41263447227704,52.40202531346663,29.13753389796267,90.79801571147416,101.36929344521532,31.84339721769758,-36.43120213639057,84.71707289959869,59.29982958418332,49.362093426920204,37.88801214272965,-5.952565092240565,Unfeasible shape,GPSampler,PRUNED
398,398,6.0,2026-04-21 16:59:50.110387,2026-04-21 16:59:50.218865,0 days 00:00:00.108478,-57.95020588345558,47.9620179431625,22.11595950763068,55.673479574385425,105.26209681867772,78.18070170258214,-35.57136929057881,45.84633249779437,56.734876067287054,15.16113261211027,-25.458926078594995,104.12098237354246,Unfeasible shape,GPSampler,PRUNED
399,399,6.0,2026-04-21 16:59:50.362869,2026-04-21 16:59:50.433490,0 days 00:00:00.070621,-33.68057444646472,16.2786126567926,54.07268729889557,14.575246855005682,21.416478415248132,-15.390089157685786,-39.25732991163775,50.92532165977009,19.0581530131991,90.53295064852442,-20.80313365956822,102.7397134434656,Unfeasible shape,GPSampler,PRUNED
400,400,6.0,2026-04-21 16:59:50.575566,2026-04-21 16:59:50.637335,0 days 00:00:00.061769,-63.64851363111829,97.09631908869963,74.35079362526525,61.546012447527005,81.65326016665468,58.42983369507604,-61.184514678117644,98.64701819211145,69.43692515602004,43.627212903386535,3.749114724361597,-0.4597349779784867,Unfeasible shape,GPSampler,PRUNED
401,401,6.0,2026-04-21 16:59:50.756140,2026-04-21 16:59:50.820257,0 days 00:00:00.064117,-44.811053232668286,24.813011359495196,59.88229257736902,92.8055536797992,96.72247348441768,43.15126395453737,-71.61192855073513,69.75741362235459,21.806388265662186,77.33571816168592,-19.141554047029338,52.59176579997484,Unfeasible shape,GPSampler,PRUNED
402,402,6.0,2026-04-21 16:59:50.965558,2026-04-21 16:59:51.019164,0 days 00:00:00.053606,-77.17047328094284,24.62200112183896,10.926539369935936,67.0696674503551,103.1095924427562,61.980524838767835,-57.98508216601485,57.26031563027286,28.866211698460624,41.615585732880675,6.870258296450061,44.35281251457949,Unfeasible shape,GPSampler,PRUNED
403,403,6.0,2026-04-21 16:59:51.163864,2026-04-21 16:59:51.262408,0 days 00:00:00.098544,-23.9454329569476,60.035069822110955,22.164982521381127,78.33881979161711,109.17909370157955,75.78360773035311,-23.94595859842942,39.24877919196988,30.79786822037415,29.99872241838203,32.69630295091706,77.99489079900209,Unfeasible shape,GPSampler,PRUNED
404,404,6.0,2026-04-21 16:59:51.406095,2026-04-21 16:59:51.461285,0 days 00:00:00.055190,-66.12596627069382,91.23426466470555,24.371275545590805,74.27742201441541,43.81594456340111,8.091122258453318,-72.33336514745962,80.56236308883221,43.342374696980876,71.37800182646609,4.013797294943906,67.58242319812385,Unfeasible shape,GPSampler,PRUNED
405,405,6.0,2026-04-21 16:59:51.593448,2026-04-21 16:59:51.708155,0 days 00:00:00.114707,-26.243344007018912,59.54639397210258,67.49411764868991,46.36267074169487,56.62648069064008,33.89977657353537,-27.073907712645273,16.630329639466883,11.09696420721003,52.511240762203926,31.977910805107292,90.82814392899918,Unfeasible shape,GPSampler,PRUNED
406,406,6.0,2026-04-21 16:59:51.849652,2026-04-21 16:59:51.902068,0 days 00:00:00.052416,-56.691476662591135,41.734633241164715,29.254249770480815,24.11413882726587,27.631156105689385,33.75575477768285,-70.26732648776803,40.27300055101311,27.132632748607666,63.289363080872285,22.021247885129256,32.72709260467782,Unfeasible shape,GPSampler,PRUNED
407,407,0.04950986916137978,2026-04-21 16:59:52.016556,2026-04-21 17:00:00.813075,0 days 00:00:08.796519,-61.22111774227879,79.24329796895564,32.596587448193674,15.033358886397059,89.62199095791935,29.18018405479637,-24.058229167510504,47.13075722427868,20.908335021165836,99.78748636669948,12.804345126028466,79.8320736344288,,GPSampler,COMPLETE
408,408,6.0,2026-04-21 17:00:02.123978,2026-04-21 17:00:02.209833,0 days 00:00:00.085855,-33.872977581834796,86.30599878315016,49.0859661409664,15.703194707581229,-2.319984405997091,5.939609631649972,-73.24390463699946,16.317411080238735,26.22087271538757,34.38123998460346,36.20050661775625,72.90969424651254,Unfeasible shape,GPSampler,PRUNED
409,409,6.0,2026-04-21 17:00:02.357130,2026-04-21 17:00:02.412576,0 days 00:00:00.055446,-45.83510819139974,92.11001069513023,21.38639971823909,85.96833252041222,0.7409855871936042,12.1003473433367,-20.30455438713512,78.25298814580341,13.921851955997447,19.406134301617307,-15.371518471661842,17.631135729795535,Unfeasible shape,GPSampler,PRUNED
410,410,6.0,2026-04-21 17:00:02.557088,2026-04-21 17:00:02.636827,0 days 00:00:00.079739,-49.41253654171982,98.00240850781485,66.00179976527082,19.328539078739794,104.07874049410694,14.920500468329372,-73.37041594490991,40.41375403972856,71.92132062914109,86.40510284081621,12.06053713784982,12.730775524841654,Unfeasible shape,GPSampler,PRUNED
411,411,6.0,2026-04-21 17:00:02.797925,2026-04-21 17:00:02.888132,0 days 00:00:00.090207,-52.85868081477231,28.07836941469646,30.326231723715782,35.9428553787108,111.68700338863697,44.875053536846366,-21.203583330266646,73.23865644838654,39.78312243926126,26.37991462552004,33.366699764645055,57.86651025745809,Unfeasible shape,GPSampler,PRUNED
412,412,6.0,2026-04-21 17:00:03.019307,2026-04-21 17:00:03.159376,0 days 00:00:00.140069,-25.647205743425033,58.01737265052998,71.11397198020623,82.22356022459715,60.6254020057313,77.87859294893377,-72.75001224812831,11.026303839438626,71.0501526504313,76.25033820363474,24.714796990739046,15.15090430354434,Unfeasible shape,GPSampler,PRUNED
413,413,5.407141018799571,2026-04-21 17:00:03.293676,2026-04-21 17:00:08.559022,0 days 00:00:05.265346,-55.691978177547455,77.03623137434539,31.008837636158553,94.88234091490088,73.88868092744185,-21.80198571851095,-79.21891568006608,14.790332871315748,31.982610141302196,20.102841118975803,32.2457206187795,35.57986030091056,Unattained target,GPSampler,PRUNED
414,414,6.0,2026-04-21 17:00:08.694757,2026-04-21 17:00:08.778460,0 days 00:00:00.083703,-30.95362403632121,36.022492640785096,56.33168866610074,39.86642196160005,109.27695015405214,7.093858691821751,-77.5692619896517,80.4711536184554,89.48469706522161,20.662053270488535,-3.7114127532070142,-3.3738019443713343,Unfeasible shape,GPSampler,PRUNED
415,415,6.0,2026-04-21 17:00:08.929907,2026-04-21 17:00:09.029020,0 days 00:00:00.099113,-23.388695749655263,10.489538051249092,55.69155493787639,75.8441531326048,23.081193649850498,-7.6148592647196764,-31.92573028379772,98.17330501199173,61.6036954545426,74.35240221482027,-28.08550026596533,106.66925021495945,Unfeasible shape,GPSampler,PRUNED
416,416,6.0,2026-04-21 17:00:09.179905,2026-04-21 17:00:09.275295,0 days 00:00:00.095390,-34.087588274692,38.73275934061556,82.46316729458024,14.135819086050347,102.48172148617589,72.52912275367811,-56.982780980315624,71.81118041329108,75.72900398130797,95.06798070508472,6.03331829286121,99.62802451313763,Unfeasible shape,GPSampler,PRUNED
417,417,0.06890517655024908,2026-04-21 17:00:09.421752,2026-04-21 17:00:20.477120,0 days 00:00:11.055368,-58.07197427592118,79.14470695070023,17.485571810003,17.06020747669526,9.875481953445139,15.488685220458692,-26.597619589458176,39.477261307233576,58.96250204162356,57.76723365033697,-4.414939731185893,60.38142992052849,,GPSampler,COMPLETE
418,418,6.0,2026-04-21 17:00:22.514309,2026-04-21 17:00:22.640915,0 days 00:00:00.126606,-72.05376555064893,60.426483671904265,10.0,60.18557122166763,51.454191498917446,17.86382310204796,-71.21271025433623,17.806500104416187,56.179308803124144,69.72341168860638,40.0,40.81672356498621,Unfeasible shape,GPSampler,PRUNED
419,419,6.0,2026-04-21 17:00:22.788447,2026-04-21 17:00:22.869671,0 days 00:00:00.081224,-71.99748828766538,60.38626066055022,10.0,60.22521917640904,51.4781958821291,17.98939904774135,-71.19461154463798,17.891098676431188,56.50226028071177,69.6320685314209,40.0,40.7500428922585,Unfeasible shape,GPSampler,PRUNED
420,420,6.0,2026-04-21 17:00:22.988286,2026-04-21 17:00:23.083093,0 days 00:00:00.094807,-72.02664809843068,60.39772974462464,10.0,60.120605445648955,51.793879142176614,17.884650318121643,-71.19383746385628,18.028318516161598,56.316794336475475,69.88509674912984,40.0,40.892658734465655,Unfeasible shape,GPSampler,PRUNED
421,421,6.0,2026-04-21 17:00:23.201541,2026-04-21 17:00:23.375456,0 days 00:00:00.173915,-72.05045607253732,60.27815427514916,10.0,60.20189003675819,51.41984616493109,17.87830984806024,-71.22826619784608,17.992746869859843,56.321653322701486,69.74904555516062,40.0,40.77743808161863,Unfeasible shape,GPSampler,PRUNED
422,422,6.0,2026-04-21 17:00:23.510425,2026-04-21 17:00:23.670937,0 days 00:00:00.160512,-72.05766549925886,60.38073120290992,10.0,59.98470363422845,51.46086635340706,17.927004031525755,-71.19876257026084,18.19490768265129,56.273486700790095,69.89019670733865,40.0,40.868224939510156,Unfeasible shape,GPSampler,PRUNED
423,423,6.0,2026-04-21 17:00:23.786845,2026-04-21 17:00:23.929953,0 days 00:00:00.143108,-72.07842492808686,60.1335246703421,10.0,60.03089634823864,51.51720308124047,17.85841070793481,-71.27921385472861,18.030954366524305,56.264575685592504,69.86589120658385,40.0,40.89470702433557,Unfeasible shape,GPSampler,PRUNED
424,424,6.0,2026-04-21 17:00:24.049077,2026-04-21 17:00:24.175682,0 days 00:00:00.126605,-72.00260272700602,60.367350813117206,10.0,60.14955572162818,51.520312255528005,17.866567081908627,-71.2901214742961,17.94865211158072,56.46145062473993,69.75509989168867,40.0,40.814245528517795,Unfeasible shape,GPSampler,PRUNED
425,425,6.0,2026-04-21 17:00:24.294403,2026-04-21 17:00:24.430496,0 days 00:00:00.136093,-72.02708083801747,60.32143147487447,10.0,60.169691710325615,51.44192129343213,17.844739883592688,-71.26118365709318,17.94899922347833,56.33457260725824,69.76867354458466,40.0,40.73012303340593,Unfeasible shape,GPSampler,PRUNED
426,426,6.0,2026-04-21 17:00:24.554188,2026-04-21 17:00:24.761315,0 days 00:00:00.207127,-71.98257658982222,60.29731593515044,10.0,60.19885377302379,51.46307636278058,17.826543025602575,-71.36369745509177,17.93766154740864,56.28043186625282,69.80768467360062,40.0,40.735085426995084,Unfeasible shape,GPSampler,PRUNED
427,427,6.0,2026-04-21 17:00:24.894645,2026-04-21 17:00:24.989596,0 days 00:00:00.094951,-72.0583435332109,60.32271970423593,10.0,60.179982796417065,51.48422349926688,17.894310682371497,-71.3155871931807,17.931413699594838,56.43518072938011,69.6091691368415,40.0,40.742344672254184,Unfeasible shape,GPSampler,PRUNED
428,428,6.0,2026-04-21 17:00:25.106325,2026-04-21 17:00:25.248459,0 days 00:00:00.142134,-72.05589047343481,60.3727972499218,10.0,60.12160851855104,51.595585579374436,17.910197956845572,-71.24768914621572,17.96066756323328,56.38165902437918,69.8226954235507,40.0,40.90159715154687,Unfeasible shape,GPSampler,PRUNED
429,429,6.0,2026-04-21 17:00:25.350268,2026-04-21 17:00:25.445356,0 days 00:00:00.095088,-72.04622193325004,60.32944593576066,10.0,60.204308764449465,51.333230695226376,17.880575697569014,-71.37621936835829,17.984495239444655,56.36215584457302,69.70254601036663,40.0,40.77293691068429,Unfeasible shape,GPSampler,PRUNED
430,430,6.0,2026-04-21 17:00:25.580083,2026-04-21 17:00:25.674670,0 days 00:00:00.094587,-72.0230345933005,60.295000754455465,10.0,60.10791130288698,51.596000445586526,17.88152660071497,-71.29026726779323,18.05233488154117,56.345604347717206,69.7697371006335,40.0,40.88415576581608,Unfeasible shape,GPSampler,PRUNED
431,431,6.0,2026-04-21 17:00:25.777078,2026-04-21 17:00:25.918730,0 days 00:00:00.141652,-71.97254983878524,60.1835488257974,10.0,60.196478756009625,51.352263885723275,17.91746865999214,-71.29912853976649,17.868630433990774,56.403339611970466,69.55417005862581,40.0,40.76278664896399,Unfeasible shape,GPSampler,PRUNED
432,432,6.0,2026-04-21 17:00:26.083683,2026-04-21 17:00:26.241163,0 days 00:00:00.157480,-72.0818851373991,60.351237830242496,10.0,60.0842824497619,51.5611209175146,17.95797916929746,-71.37591880388699,18.109755594785646,56.374598078684095,69.92348607790692,40.0,40.98006629622694,Unfeasible shape,GPSampler,PRUNED
433,433,6.0,2026-04-21 17:00:26.375299,2026-04-21 17:00:26.517894,0 days 00:00:00.142595,-72.04883928910819,60.42191467256738,10.0,60.13611015683402,51.78196595089475,17.876791643442637,-71.24120235404443,18.0863602946983,56.20821707764806,69.98964926931288,40.0,41.023084050116196,Unfeasible shape,GPSampler,PRUNED
