,number,value,datetime_start,datetime_complete,duration,params_lLegPt.rA1,params_lLegPt.rL0,params_lLegPt.rL1,params_lLegPt.rL2,params_lLegPt.x1,params_lLegPt.y1,params_sLegPt.rA1,params_sLegPt.rL0,params_sLegPt.rL1,params_sLegPt.rL2,params_sLegPt.x1,params_sLegPt.y1,user_attrs_prune,system_attrs_auto:sampler,state
706,706,6.0,2026-04-21 17:01:41.779009,2026-04-21 17:01:41.881482,0 days 00:00:00.102473,-72.01844086446313,60.38267100864092,10.0,60.12647048682874,51.518314051426394,17.878146696509262,-71.27671296900904,17.982764165975755,56.28679317407654,69.77931005203436,40.0,40.85927388554923,Unfeasible shape,GPSampler,PRUNED
707,707,6.0,2026-04-21 17:01:41.997329,2026-04-21 17:01:42.098177,0 days 00:00:00.100848,-72.01086709061272,60.37900965983652,10.0,60.11331028335941,51.59033910379195,17.90562809715687,-71.24484529330596,18.069312450310285,56.22863753496322,69.88641927893562,40.0,40.83944927342888,Unfeasible shape,GPSampler,PRUNED
708,708,6.0,2026-04-21 17:01:42.210052,2026-04-21 17:01:42.355560,0 days 00:00:00.145508,-72.06404712648948,60.28747066466752,10.0,60.12470491877625,51.54218515605527,17.844955585833063,-71.33846738567529,17.88410644887888,56.35359471532299,69.77639269249016,40.0,40.84837963885181,Unfeasible shape,GPSampler,PRUNED
709,709,6.0,2026-04-21 17:01:42.486128,2026-04-21 17:01:42.604363,0 days 00:00:00.118235,-72.0366527025192,60.392729619534634,10.0,60.03345627788362,51.58937224206899,17.85510286307636,-71.22021761778568,17.984224239636895,56.294343714263725,69.82432605127548,40.0,40.90621599073883,Unfeasible shape,GPSampler,PRUNED
710,710,6.0,2026-04-21 17:01:42.730833,2026-04-21 17:01:42.833664,0 days 00:00:00.102831,-72.08978229629581,60.33458865793314,10.0,60.231735292510955,51.53700601731,17.841160674643405,-71.2967327110096,17.87943768659438,56.32127917735194,69.74680805071193,40.0,40.76867516816784,Unfeasible shape,GPSampler,PRUNED
711,711,6.0,2026-04-21 17:01:42.945809,2026-04-21 17:01:43.222034,0 days 00:00:00.276225,-72.07557031057664,60.29055398707,10.0,60.05835467348927,51.50729199904819,17.855746983477005,-71.29087324315871,18.15305509542268,56.22386991045409,69.79059141199434,40.0,40.921339174333404,Unfeasible shape,GPSampler,PRUNED
712,712,6.0,2026-04-21 17:01:43.364173,2026-04-21 17:01:43.478812,0 days 00:00:00.114639,-72.05230444246473,60.417965117227006,10.0,60.19278167490378,51.64322999357375,17.878285222173567,-71.31355925902729,17.808265010125282,56.433967723171264,69.6858596016663,40.0,40.8290533054169,Unfeasible shape,GPSampler,PRUNED
713,713,6.0,2026-04-21 17:01:43.591966,2026-04-21 17:01:43.789557,0 days 00:00:00.197591,-72.02970160834708,60.22438655510601,10.0,60.16262954495677,51.5622869553805,17.905903384693232,-71.29124747743106,17.976406736245572,56.278878070292826,69.74640004345298,40.0,40.85075184850647,Unfeasible shape,GPSampler,PRUNED
714,714,6.0,2026-04-21 17:01:43.914524,2026-04-21 17:01:44.031121,0 days 00:00:00.116597,-72.10231932321405,60.3035276952556,10.0,60.1396923962062,51.59266467740822,17.855824331218685,-71.3008272603728,18.010301618768366,56.371332193722985,69.67356278237921,40.0,40.81651857679095,Unfeasible shape,GPSampler,PRUNED
715,715,6.0,2026-04-21 17:01:44.131384,2026-04-21 17:01:44.230838,0 days 00:00:00.099454,-72.07547861264692,60.38589021176667,10.0,60.0445885271942,51.57219837891351,17.85485946679536,-71.27349559030272,17.99174349257487,56.318084696624474,69.8632614416922,40.0,40.881194153172856,Unfeasible shape,GPSampler,PRUNED
716,716,6.0,2026-04-21 17:01:44.410245,2026-04-21 17:01:44.516074,0 days 00:00:00.105829,-72.07002788528455,60.284843811958154,10.0,60.048254521504866,51.52280813630915,17.90105334963151,-71.33087108913601,17.91591572775088,56.3672225645065,69.73557719441659,40.0,40.862224044583904,Unfeasible shape,GPSampler,PRUNED
717,717,6.0,2026-04-21 17:01:44.656861,2026-04-21 17:01:44.772259,0 days 00:00:00.115398,-71.98074377877329,60.297741329939726,10.0,60.22897550291602,51.46962015696223,17.885069114101952,-71.34776685204316,17.870115718008705,56.5013224360674,69.64373209872907,40.0,40.75504219084969,Unfeasible shape,GPSampler,PRUNED
718,718,6.0,2026-04-21 17:01:44.886533,2026-04-21 17:01:45.031938,0 days 00:00:00.145405,-72.01115058644362,60.30381313667919,10.0,60.157204137615395,51.51032063867017,17.889018138877482,-71.26150040450034,17.988627501842586,56.28779089472106,69.69146426102282,40.0,40.82555829744699,Unfeasible shape,GPSampler,PRUNED
719,719,6.0,2026-04-21 17:01:45.166004,2026-04-21 17:01:45.288277,0 days 00:00:00.122273,-72.02828757465964,60.341042238136275,10.0,60.10849402040023,51.51829969893072,17.871199627085666,-71.30151762085194,17.96795571540972,56.34188229616523,69.77995344400631,40.0,40.85267311507939,Unfeasible shape,GPSampler,PRUNED
720,720,6.0,2026-04-21 17:01:45.427097,2026-04-21 17:01:45.526394,0 days 00:00:00.099297,-72.02618436688896,60.18195908245738,10.0,60.22464765088046,51.566523247947366,17.844128739210475,-71.25710361326591,18.0332810571078,56.314551016656765,69.71461047977533,40.0,40.87218966990263,Unfeasible shape,GPSampler,PRUNED
721,721,6.0,2026-04-21 17:01:45.634439,2026-04-21 17:01:45.817982,0 days 00:00:00.183543,-72.0416608631686,60.36822783047582,10.0,60.10947146574557,51.68334506555661,17.868703218745623,-71.2692350419239,17.895084485354424,56.32965355628343,69.78555743269587,40.0,40.81475968313959,Unfeasible shape,GPSampler,PRUNED
722,722,6.0,2026-04-21 17:01:45.937746,2026-04-21 17:01:46.112420,0 days 00:00:00.174674,-72.09398502117745,60.42141808246306,10.0,60.07812489160628,51.53660966501372,17.879524894565122,-71.31445749851503,18.042832480922385,56.35956997042044,69.86402416531084,40.0,40.814555214164564,Unfeasible shape,GPSampler,PRUNED
723,723,6.0,2026-04-21 17:01:46.251831,2026-04-21 17:01:46.362276,0 days 00:00:00.110445,-72.03815045489485,60.29557975998655,10.0,60.224778726228045,51.50597869830442,17.88999098475582,-71.26180920360044,18.066504788232766,56.381873097742,69.82078100746364,40.0,40.82596542003253,Unfeasible shape,GPSampler,PRUNED
724,724,6.0,2026-04-21 17:01:46.497489,2026-04-21 17:01:46.604928,0 days 00:00:00.107439,-72.03776179433616,60.33225536371441,10.0,60.1737853401515,51.51194361973181,17.864571702229128,-71.30648393843555,17.961258843902936,56.356439836058456,69.71097049665255,40.0,40.82443539788528,Unfeasible shape,GPSampler,PRUNED
725,725,6.0,2026-04-21 17:01:46.732947,2026-04-21 17:01:46.892837,0 days 00:00:00.159890,-71.95428748978125,60.30725077646848,10.0,60.07636105909748,51.56473966721052,17.877278607861633,-71.21946068033651,18.09140255372897,56.14597884063347,69.84971049392955,40.0,40.85215884953531,Unfeasible shape,GPSampler,PRUNED
726,726,6.0,2026-04-21 17:01:47.059575,2026-04-21 17:01:47.173918,0 days 00:00:00.114343,-72.00604949004543,60.41685792015915,10.0,60.12035405997946,51.499851378128085,17.899904174869533,-71.29987568578032,17.99818311131678,56.36417646510951,69.77361746823033,40.0,40.87903461949831,Unfeasible shape,GPSampler,PRUNED
727,727,6.0,2026-04-21 17:01:47.287483,2026-04-21 17:01:47.581362,0 days 00:00:00.293879,-72.04676561859702,60.39263107354919,10.0,60.07146186267027,51.56582849449234,17.909777956660605,-71.23303448132279,18.041850426223156,56.301046047251106,69.8608661838585,40.0,40.90476363364049,Unfeasible shape,GPSampler,PRUNED
728,728,6.0,2026-04-21 17:01:47.703228,2026-04-21 17:01:47.835234,0 days 00:00:00.132006,-72.01083756424161,60.30294759980817,10.0,60.18788645202257,51.53145198543085,17.893605206827104,-71.30521378303217,17.93557559571093,56.37159797469682,69.65357490263008,40.0,40.82242742710022,Unfeasible shape,GPSampler,PRUNED
729,729,6.0,2026-04-21 17:01:48.070468,2026-04-21 17:01:48.201326,0 days 00:00:00.130858,-72.00377007022577,60.36641864481019,10.0,60.12358329470188,51.48408244608289,17.888915179747933,-71.23908850046939,18.03925274787234,56.39467264432188,69.78230360879769,40.0,40.81226966444609,Unfeasible shape,GPSampler,PRUNED
730,730,6.0,2026-04-21 17:01:48.315639,2026-04-21 17:01:48.405983,0 days 00:00:00.090344,-72.03973948610661,60.3156525259206,10.0,60.17438153401688,51.54121118291695,17.872886503617295,-71.2619116152125,17.965092176507397,56.38078987295488,69.75054749110296,40.0,40.862391325542454,Unfeasible shape,GPSampler,PRUNED
731,731,6.0,2026-04-21 17:01:48.521162,2026-04-21 17:01:48.754817,0 days 00:00:00.233655,-72.05401835073457,60.235087654297345,10.0,60.18432614039231,51.39228333175444,17.799964618783854,-71.2474053869241,17.897910390602583,56.404253562170474,69.80663051253241,40.0,40.82316343470753,Unfeasible shape,GPSampler,PRUNED
732,732,6.0,2026-04-21 17:01:48.873955,2026-04-21 17:01:48.992201,0 days 00:00:00.118246,-72.09437054514062,60.3339956114837,10.0,60.13880553057135,51.76297227475629,17.860482580759957,-71.23688366773754,17.9883604579569,56.233098245081436,69.80708204371183,40.0,40.84672041986026,Unfeasible shape,GPSampler,PRUNED
733,733,6.0,2026-04-21 17:01:49.107105,2026-04-21 17:01:49.200824,0 days 00:00:00.093719,-72.07254710587134,60.34552468555067,10.0,60.15869540173011,51.4566650388337,17.885857189681786,-71.33067735686761,17.967977557741815,56.35050658747562,69.80300626405821,40.0,40.82580113750863,Unfeasible shape,GPSampler,PRUNED
734,734,6.0,2026-04-21 17:01:49.314613,2026-04-21 17:01:49.438967,0 days 00:00:00.124354,-72.04933567898144,60.338123847520464,10.0,60.21407553760176,51.55161942481277,17.882408985984092,-71.31902895069048,17.89414144344763,56.37514006479462,69.6564572022121,40.0,40.77635673826496,Unfeasible shape,GPSampler,PRUNED
735,735,6.0,2026-04-21 17:01:49.554158,2026-04-21 17:01:49.760957,0 days 00:00:00.206799,-71.9882134780014,60.315885828669906,10.0,60.194222973276304,51.55064835180909,17.878502279245303,-71.24553164914268,17.9218109048985,56.34568325095821,69.73206090837422,40.0,40.79282504820782,Unfeasible shape,GPSampler,PRUNED
736,736,6.0,2026-04-21 17:01:49.936930,2026-04-21 17:01:50.047666,0 days 00:00:00.110736,-71.97352252201044,60.30083456094354,10.0,60.1680519033932,51.409741377239655,17.899835734091923,-71.26549212840628,17.950132512054605,56.40261077402375,69.6570999209364,40.0,40.8503341616607,Unfeasible shape,GPSampler,PRUNED
737,737,6.0,2026-04-21 17:01:50.171011,2026-04-21 17:01:50.268352,0 days 00:00:00.097341,-72.0025092370484,60.21210750401732,10.0,60.15300103125959,51.564606466287024,17.872934792219247,-71.3134603732635,17.936583718361923,56.388002975527435,69.78015111023703,40.0,40.82314827783496,Unfeasible shape,GPSampler,PRUNED
738,738,6.0,2026-04-21 17:01:50.379232,2026-04-21 17:01:50.528708,0 days 00:00:00.149476,-72.09523226507461,60.35324595669291,10.0,60.38132615953013,51.35529650371039,17.84205326916031,-71.28143112336258,17.886412251880152,56.49709249681371,69.64706444579579,40.0,40.77551070359449,Unfeasible shape,GPSampler,PRUNED
739,739,6.0,2026-04-21 17:01:50.656075,2026-04-21 17:01:50.767997,0 days 00:00:00.111922,-72.0190040124192,60.212407204994854,10.0,60.19239166346124,51.51380360598531,17.861965738696497,-71.35922490164215,17.916989665781546,56.42716495702643,69.68863117104917,40.0,40.79338201468953,Unfeasible shape,GPSampler,PRUNED
740,740,6.0,2026-04-21 17:01:50.888909,2026-04-21 17:01:50.993501,0 days 00:00:00.104592,-71.98631477180768,60.39210106708928,10.0,60.15985662468243,51.54384526835328,17.90824622002924,-71.26489819786411,18.052697644795337,56.32721723317035,69.74589976687633,40.0,40.88361012534901,Unfeasible shape,GPSampler,PRUNED
741,741,6.0,2026-04-21 17:01:51.101689,2026-04-21 17:01:51.405725,0 days 00:00:00.304036,-71.97777622819555,60.37714090926426,10.0,60.10741932473167,51.20739886665196,17.870697618651604,-71.31765206369442,17.973477840562854,56.23240664172836,69.60561640554837,40.0,40.739794477666635,Unfeasible shape,GPSampler,PRUNED
742,742,6.0,2026-04-21 17:01:51.521627,2026-04-21 17:01:51.640124,0 days 00:00:00.118497,-72.01921517825184,60.216293434914185,10.0,60.15291317822186,51.51371135151605,17.865223278328642,-71.26686447254447,17.95962333165077,56.38055396460808,69.72947795749246,40.0,40.75771372211468,Unfeasible shape,GPSampler,PRUNED
743,743,6.0,2026-04-21 17:01:51.756565,2026-04-21 17:01:51.859216,0 days 00:00:00.102651,-72.08449302648835,60.338933932494506,10.0,60.10422279338049,51.49074651138201,17.812716672646957,-71.32382352875996,17.862656266925132,56.34159371489341,69.77407832818591,40.0,40.885159575185796,Unfeasible shape,GPSampler,PRUNED
744,744,6.0,2026-04-21 17:01:51.970241,2026-04-21 17:01:52.186378,0 days 00:00:00.216137,-72.0393478566448,60.26651990715593,10.0,60.105832848945546,51.572128537601564,17.858318788397128,-71.31864563530128,17.982289462056976,56.315286628714794,69.84366524657908,40.0,40.87759890987639,Unfeasible shape,GPSampler,PRUNED
745,745,6.0,2026-04-21 17:01:52.314232,2026-04-21 17:01:52.456855,0 days 00:00:00.142623,-72.05430350391887,60.311846620586245,10.0,60.12558994958158,51.54685295359601,17.8815236577651,-71.27625459617299,17.943440467728873,56.34697756142881,69.7561802662525,40.0,40.86635027251501,Unfeasible shape,GPSampler,PRUNED
746,746,6.0,2026-04-21 17:01:52.604422,2026-04-21 17:01:52.704466,0 days 00:00:00.100044,-72.0286479534868,60.364003834997796,10.0,60.25449188296357,51.637417069046464,17.864030545067372,-71.34448397449795,17.926124560261748,56.3670057778598,69.75574851719276,40.0,40.72895244297755,Unfeasible shape,GPSampler,PRUNED
747,747,6.0,2026-04-21 17:01:52.833212,2026-04-21 17:01:52.927396,0 days 00:00:00.094184,-71.99765366895699,60.346557856360306,10.0,60.112886838873486,51.654069127598426,17.85678006961141,-71.27281394637633,18.084612959754985,56.256457124174936,69.82065669505417,40.0,40.88066245991845,Unfeasible shape,GPSampler,PRUNED
748,748,6.0,2026-04-21 17:01:53.040710,2026-04-21 17:01:53.242590,0 days 00:00:00.201880,-72.00990241602094,60.296479302193966,10.0,60.21346691211581,51.51735810017054,17.834137126334532,-71.2898724584975,17.921171112169464,56.459614194560785,69.53322480964644,40.0,40.78000199376787,Unfeasible shape,GPSampler,PRUNED
749,749,6.0,2026-04-21 17:01:53.380313,2026-04-21 17:01:53.473424,0 days 00:00:00.093111,-72.05324333282903,60.34510768713373,10.0,60.166580647854445,51.36406411749034,17.865120230568934,-71.35586862462881,17.81522850181598,56.49273302120962,69.57362228565144,40.0,40.67336058353357,Unfeasible shape,GPSampler,PRUNED
750,750,6.0,2026-04-21 17:01:53.588693,2026-04-21 17:01:53.830180,0 days 00:00:00.241487,-71.9850333916135,60.384930225379115,10.0,60.107909438286924,51.641691703398514,17.904687493959038,-71.46254963470922,17.996222859836106,56.4266318735988,69.66387271641612,40.0,40.87202109963524,Unfeasible shape,GPSampler,PRUNED
751,751,6.0,2026-04-21 17:01:53.971735,2026-04-21 17:01:54.081940,0 days 00:00:00.110205,-72.0382027339554,60.31201039304251,10.0,60.126097191390784,51.568677470259345,17.867950111225632,-71.30336511567674,17.955538953138937,56.34616722536514,69.75285869352922,40.0,40.85304720267436,Unfeasible shape,GPSampler,PRUNED
752,752,6.0,2026-04-21 17:01:54.207055,2026-04-21 17:01:54.304206,0 days 00:00:00.097151,-72.07069732825778,60.28217243593867,10.0,60.17887628871252,51.579662024686364,17.86582466604427,-71.26427378778735,17.92438310529853,56.35827777996256,69.7470483734918,40.0,40.88199574619889,Unfeasible shape,GPSampler,PRUNED
753,753,6.0,2026-04-21 17:01:54.433193,2026-04-21 17:01:54.553314,0 days 00:00:00.120121,-72.03848418922847,60.37545853060998,10.0,60.13413024578819,51.4925071213964,17.896891802381482,-71.29838899459938,17.971338509861884,56.351949614336654,69.81816943371217,40.0,40.855964753587166,Unfeasible shape,GPSampler,PRUNED
754,754,6.0,2026-04-21 17:01:54.662019,2026-04-21 17:01:55.009248,0 days 00:00:00.347229,-71.99280442125249,60.39756021098429,10.0,60.09599651272655,51.491330544650566,17.880021332895815,-71.34281150319354,18.05002029792226,56.339143197477995,69.83958545771009,40.0,40.82143532274135,Unfeasible shape,GPSampler,PRUNED
755,755,6.0,2026-04-21 17:01:55.144630,2026-04-21 17:01:55.290464,0 days 00:00:00.145834,-72.00310070619786,60.20810728873471,10.0,60.256613027583015,51.44876334859118,17.922032179740825,-71.39918200012946,18.13601096236296,56.34566785572851,69.77645161490219,40.0,40.78523630156929,Unfeasible shape,GPSampler,PRUNED
756,756,6.0,2026-04-21 17:01:55.388590,2026-04-21 17:01:55.493595,0 days 00:00:00.105005,-72.13640459306077,60.24623379936987,10.0,60.08748423473468,51.624939753181145,17.91133137327877,-71.21259182900916,18.143766924858028,56.30480959066191,69.848002777891,40.0,40.80176717909838,Unfeasible shape,GPSampler,PRUNED
757,757,6.0,2026-04-21 17:01:55.623800,2026-04-21 17:01:55.844965,0 days 00:00:00.221165,-72.07219170518553,60.54934101009622,10.00951901107358,60.004483452709856,51.819227442533496,17.91179821898833,-71.18673945952989,17.97604780093997,56.2701021410868,69.98566494522292,40.0,40.90432717543688,Unfeasible shape,GPSampler,PRUNED
758,758,6.0,2026-04-21 17:01:55.974312,2026-04-21 17:01:56.087355,0 days 00:00:00.113043,-72.0439669730316,60.341654837882736,10.0,60.11724324362884,51.48460776843692,17.87495952615368,-71.30323860267556,17.92258195421875,56.380132509748215,69.72675093147433,40.0,40.84395884493258,Unfeasible shape,GPSampler,PRUNED
759,759,6.0,2026-04-21 17:01:56.200039,2026-04-21 17:01:56.308031,0 days 00:00:00.107992,-72.070725789722,60.26148323006086,10.0,60.20564146529235,51.48120633768363,17.86717640538999,-71.27082846260885,17.90222623638437,56.3233414609604,69.71724979188221,40.0,40.82668423817149,Unfeasible shape,GPSampler,PRUNED
760,760,6.0,2026-04-21 17:01:56.450379,2026-04-21 17:01:56.568999,0 days 00:00:00.118620,-72.05787755421215,60.36155754093265,10.0,60.144834373549706,51.44845832171076,17.880576681661218,-71.29259034983369,17.891341261097523,56.39820674100907,69.66234304130572,40.0,40.81445953314444,Unfeasible shape,GPSampler,PRUNED
761,761,6.0,2026-04-21 17:01:56.727499,2026-04-21 17:01:56.833490,0 days 00:00:00.105991,-72.04274532558088,60.41670106591888,10.0,60.05077071648869,51.64106973057311,17.92786224442667,-71.23475429547973,17.962204910133377,56.25644775518495,69.86357865198984,40.0,40.87965757502552,Unfeasible shape,GPSampler,PRUNED
762,762,6.0,2026-04-21 17:01:56.979564,2026-04-21 17:01:57.094837,0 days 00:00:00.115273,-72.04764742305387,60.348107372014795,10.0,60.14405728125228,51.53780123947733,17.87153772037238,-71.32005691981452,17.86550995107346,56.3962392332046,69.71607966437112,40.0,40.82721757075624,Unfeasible shape,GPSampler,PRUNED
763,763,6.0,2026-04-21 17:01:57.224302,2026-04-21 17:01:57.322676,0 days 00:00:00.098374,-72.04884730388325,60.34678361145564,10.0,60.14292732394896,51.48118704187631,17.87770554384332,-71.2278757610414,18.016452231306488,56.276800089800545,69.84278298827402,40.0,40.77299092932345,Unfeasible shape,GPSampler,PRUNED
764,764,6.0,2026-04-21 17:01:57.583002,2026-04-21 17:01:57.686737,0 days 00:00:00.103735,-72.03100001303703,60.30767410138371,10.0,60.18259518388071,51.473811873636095,17.873065236139944,-71.26634290560855,17.98867667718797,56.319162904805914,69.75765834024543,40.0,40.72491241842282,Unfeasible shape,GPSampler,PRUNED
765,765,6.0,2026-04-21 17:01:57.788679,2026-04-21 17:01:57.882877,0 days 00:00:00.094198,-72.05969415682134,60.33267909857587,10.0,60.12815965535099,51.54035076809723,17.862777285276145,-71.28874005162727,17.92296577908165,56.34064768847946,69.77658924485232,40.0,40.81360696263125,Unfeasible shape,GPSampler,PRUNED
766,766,6.0,2026-04-21 17:01:57.999452,2026-04-21 17:01:58.110414,0 days 00:00:00.110962,-72.05522837958691,60.417794944460816,10.0,59.93174142914336,51.73647612680887,17.89191857278074,-71.23091120988428,18.12656508661975,56.34042218308034,69.97484661198902,40.0,40.98351094174229,Unfeasible shape,GPSampler,PRUNED
767,767,6.0,2026-04-21 17:01:58.244009,2026-04-21 17:01:58.338965,0 days 00:00:00.094956,-72.08720191309871,60.47645174835103,10.0,60.069591191078516,51.76828114843604,17.829838741250974,-71.24605814264265,18.0720466920545,56.25971746489178,69.8197030862107,40.0,41.04067527164915,Unfeasible shape,GPSampler,PRUNED
768,768,6.0,2026-04-21 17:01:58.455974,2026-04-21 17:01:58.550552,0 days 00:00:00.094578,-72.00775299618628,60.346668409645794,10.0,60.32092982299741,51.491846624696386,17.85452142823467,-71.28215239056202,17.798855988628368,56.36664430052421,69.63155080098772,40.0,40.72735738607095,Unfeasible shape,GPSampler,PRUNED
769,769,6.0,2026-04-21 17:01:58.669023,2026-04-21 17:01:58.795451,0 days 00:00:00.126428,-72.0476974933364,60.30956709903611,10.0,60.12235920826776,51.57652090903649,17.88307703332856,-71.28616384465333,17.94869273525171,56.31110631840635,69.77896406085814,40.0,40.82708818751966,Unfeasible shape,GPSampler,PRUNED
770,770,6.0,2026-04-21 17:01:58.929927,2026-04-21 17:01:59.077139,0 days 00:00:00.147212,-72.02115876951926,60.348018184709595,10.0,60.176062984954186,51.53436168749486,17.862169962195516,-71.27864809903221,17.946933035586856,56.33850314375179,69.74105095481264,40.0,40.84366230804685,Unfeasible shape,GPSampler,PRUNED
771,771,6.0,2026-04-21 17:01:59.238744,2026-04-21 17:01:59.349391,0 days 00:00:00.110647,-72.02705192142099,60.2474646863489,10.0,60.19636641822125,51.417160902202504,17.833652783519554,-71.28234782788276,17.99979542978865,56.309660353376906,69.68736989334624,40.0,40.77400743745749,Unfeasible shape,GPSampler,PRUNED
772,772,6.0,2026-04-21 17:01:59.483931,2026-04-21 17:01:59.595000,0 days 00:00:00.111069,-72.07921286024286,60.47243864853066,10.0,60.13372966171765,51.492190139800925,17.835279645480895,-71.23336717070265,18.086289163073296,56.276534700172306,70.00493206527918,40.0,40.81930770130676,Unfeasible shape,GPSampler,PRUNED
773,773,6.0,2026-04-21 17:01:59.699376,2026-04-21 17:01:59.794388,0 days 00:00:00.095012,-72.06016547242857,60.42258098156584,10.0,60.19035495389842,51.39310985826241,17.894901774233865,-71.33510256541005,18.00692362408302,56.404004964299645,69.7277777238564,40.0,40.75728174411912,Unfeasible shape,GPSampler,PRUNED
