,number,value,datetime_start,datetime_complete,duration,params_lLegPt.rA1,params_lLegPt.rL0,params_lLegPt.rL1,params_lLegPt.rL2,params_lLegPt.x1,params_lLegPt.y1,params_sLegPt.rA1,params_sLegPt.rL0,params_sLegPt.rL1,params_sLegPt.rL2,params_sLegPt.x1,params_sLegPt.y1,user_attrs_prune,system_attrs_auto:sampler,state
638,638,6.0,2026-04-21 17:01:22.944073,2026-04-21 17:01:23.117876,0 days 00:00:00.173803,-72.01685785492322,60.414820896417126,10.0,60.185613490805345,51.53884451250204,17.891633184948347,-71.29028967154392,17.991200857759146,56.24753859568126,69.98226552063633,40.0,40.945792830455275,Unfeasible shape,GPSampler,PRUNED
639,639,6.0,2026-04-21 17:01:23.236092,2026-04-21 17:01:23.442331,0 days 00:00:00.206239,-72.05570258012052,60.305655845896936,10.0,60.13583041499318,51.5585546598269,17.86813977498266,-71.28269006688942,17.971088706343842,56.31990500653193,69.75538025981123,40.0,40.8334437042247,Unfeasible shape,GPSampler,PRUNED
640,640,6.0,2026-04-21 17:01:23.591787,2026-04-21 17:01:23.686117,0 days 00:00:00.094330,-71.99897077159167,60.27213850062631,10.0,60.267432842504164,51.57136748319808,17.87252314478817,-71.34812575305999,17.836817849018406,56.37613790901457,69.56264444792495,40.0,40.85163055411841,Unfeasible shape,GPSampler,PRUNED
641,641,6.0,2026-04-21 17:01:23.803653,2026-04-21 17:01:23.898427,0 days 00:00:00.094774,-72.03444089499148,60.301190746767915,10.0,60.16808826374341,51.548806229210015,17.877549731067113,-71.29235953562032,17.94254764599285,56.34720045182011,69.76456347367946,40.0,40.8309018179098,Unfeasible shape,GPSampler,PRUNED
642,642,6.0,2026-04-21 17:01:24.078804,2026-04-21 17:01:24.220796,0 days 00:00:00.141992,-72.0326067953159,60.30891617783543,10.0,60.210025102143426,51.56939169832363,17.86130569866974,-71.273049936285,17.96841529709453,56.35206402984593,69.72388708132064,40.0,40.860742365560775,Unfeasible shape,GPSampler,PRUNED
643,643,6.0,2026-04-21 17:01:24.328710,2026-04-21 17:01:24.465389,0 days 00:00:00.136679,-72.04147757598871,60.33448189278304,10.0,60.15576154342284,51.61627961505805,17.861443363430567,-71.2461611806602,17.9540248544116,56.318162948236484,69.73331406065465,40.0,40.819323637513534,Unfeasible shape,GPSampler,PRUNED
644,644,6.0,2026-04-21 17:01:24.598878,2026-04-21 17:01:24.742053,0 days 00:00:00.143175,-72.03329664005251,60.337481035758906,10.0,60.17221336143224,51.44513242051322,17.866933967690784,-71.28687804262762,17.902954001863396,56.41422789442892,69.65981180163001,40.0,40.81586168249677,Unfeasible shape,GPSampler,PRUNED
645,645,6.0,2026-04-21 17:01:24.860901,2026-04-21 17:01:24.956015,0 days 00:00:00.095114,-72.03178779237516,60.344359740016685,10.0,60.20937407033147,51.627802734117964,17.866503447720397,-71.29796601069854,17.957738457550004,56.38714096323077,69.76523065135984,40.0,40.834642933285416,Unfeasible shape,GPSampler,PRUNED
646,646,6.0,2026-04-21 17:01:25.090946,2026-04-21 17:01:25.408737,0 days 00:00:00.317791,-72.02217596117174,60.34429827117788,10.0,60.13810682383945,51.529591001683734,17.892092669303615,-71.27432857925467,17.969492850417453,56.37381888859006,69.74511595331197,40.0,40.847368632721846,Unfeasible shape,GPSampler,PRUNED
647,647,6.0,2026-04-21 17:01:25.545741,2026-04-21 17:01:25.936176,0 days 00:00:00.390435,-72.03701099985213,60.33759353621393,10.0,60.176945027811115,51.57201897641909,17.82576253743528,-71.28603150438957,17.880184305496996,56.35172524937932,69.68199489331643,40.0,40.74926307091594,Unfeasible shape,GPSampler,PRUNED
648,648,6.0,2026-04-21 17:01:26.068954,2026-04-21 17:01:26.195887,0 days 00:00:00.126933,-72.04596363638643,60.33250527218758,10.0,60.15030755881764,51.63391371790013,17.839993716599395,-71.21909734889462,17.96180801967883,56.31477145267957,69.73299995457845,40.0,40.81679497135194,Unfeasible shape,GPSampler,PRUNED
649,649,6.0,2026-04-21 17:01:26.313921,2026-04-21 17:01:26.409233,0 days 00:00:00.095312,-72.06467983495017,60.45673701046028,10.0,60.08565159466664,51.532832205576014,17.912097581985265,-71.25692708106084,17.97746314936095,56.3083580617867,69.84555455253694,40.0,40.82999138024954,Unfeasible shape,GPSampler,PRUNED
650,650,6.0,2026-04-21 17:01:26.543897,2026-04-21 17:01:26.669975,0 days 00:00:00.126078,-72.01453885952745,60.32072885133914,10.0,60.222078324245366,51.5977654162792,17.906985542895647,-71.35159318926227,18.020558991459367,56.368967969558085,69.74542849086956,40.0,40.80752861278435,Unfeasible shape,GPSampler,PRUNED
651,651,6.0,2026-04-21 17:01:26.780092,2026-04-21 17:01:26.874932,0 days 00:00:00.094840,-72.03068678564307,60.36573784132457,10.0,60.223624219485394,51.553516910647325,17.870548623727757,-71.24298627670696,17.9857960407272,56.38533987610948,69.78086983591243,40.0,40.84666276717211,Unfeasible shape,GPSampler,PRUNED
652,652,6.0,2026-04-21 17:01:26.993035,2026-04-21 17:01:27.166966,0 days 00:00:00.173931,-72.06983370325577,60.338773894663184,10.0,60.13835401980065,51.3884993989307,17.89334478758184,-71.31452467101003,17.99194824080531,56.46190952445502,69.68974187968723,40.0,40.77141005000147,Unfeasible shape,GPSampler,PRUNED
653,653,6.0,2026-04-21 17:01:27.300247,2026-04-21 17:01:27.410974,0 days 00:00:00.110727,-72.048139470845,60.28971234876979,10.0,60.222449174622554,51.43063089269617,17.901078441781905,-71.33348260173403,18.04621852929524,56.38027700056476,69.7906636630124,40.0,40.82675271985768,Unfeasible shape,GPSampler,PRUNED
654,654,6.0,2026-04-21 17:01:27.544232,2026-04-21 17:01:27.638954,0 days 00:00:00.094722,-72.03558124265498,60.31112066207142,10.0,60.04280213889521,51.52261936811561,17.845329166946158,-71.30471281758582,17.945330339960805,56.44463781368643,69.7175557728502,40.0,40.775840786266095,Unfeasible shape,GPSampler,PRUNED
655,655,6.0,2026-04-21 17:01:27.788889,2026-04-21 17:01:27.883506,0 days 00:00:00.094617,-72.0190210688514,60.39233557546474,10.0,60.17750530125483,51.466799437801285,17.89797301283504,-71.19566906071344,18.005697099485765,56.223620192928834,69.8143214398934,40.0,40.875162749652496,Unfeasible shape,GPSampler,PRUNED
656,656,6.0,2026-04-21 17:01:28.016318,2026-04-21 17:01:28.206904,0 days 00:00:00.190586,-72.04359482186977,60.30906495419124,10.0,60.093712388996536,51.53481030960949,17.87597492654411,-71.28161177883756,17.975288339921455,56.30806782638771,69.73978780375833,40.0,40.83037496849085,Unfeasible shape,GPSampler,PRUNED
657,657,6.0,2026-04-21 17:01:28.341538,2026-04-21 17:01:28.436422,0 days 00:00:00.094884,-72.04666005070283,60.391125455500514,10.0,60.11995341599365,51.72249700257228,17.890252740741218,-71.20241237734939,18.039261493741932,56.22863569364387,69.84800960496659,40.0,40.83392678563087,Unfeasible shape,GPSampler,PRUNED
658,658,6.0,2026-04-21 17:01:28.554062,2026-04-21 17:01:28.791538,0 days 00:00:00.237476,-71.99938582380719,60.177739278501775,10.0,60.14462395689194,51.49868962138217,17.87246458572986,-71.25234900294198,18.080434301079947,56.32615872546031,69.82470643626672,40.0,40.81716125273994,Unfeasible shape,GPSampler,PRUNED
659,659,6.0,2026-04-21 17:01:28.924312,2026-04-21 17:01:29.018823,0 days 00:00:00.094511,-72.0595614062843,60.2902768407592,10.0,60.256252701813985,51.588849311459434,17.84997674739556,-71.3912594796029,17.866143489544072,56.41509970831552,69.69884584737545,40.0,40.81331897795001,Unfeasible shape,GPSampler,PRUNED
660,660,6.0,2026-04-21 17:01:29.137977,2026-04-21 17:01:29.327167,0 days 00:00:00.189190,-72.03829341727705,60.36149946469653,10.0,60.009318223893935,51.468149373426776,17.864359810612413,-71.26059546470334,17.99309379055767,56.39488247741858,69.84933871784568,40.0,40.89821386744139,Unfeasible shape,GPSampler,PRUNED
661,661,6.0,2026-04-21 17:01:29.458816,2026-04-21 17:01:29.580599,0 days 00:00:00.121783,-72.04299769546834,60.31239616111461,10.0,60.12350165318562,51.5410173123759,17.857094962702917,-71.27545642853929,17.98939704574895,56.31388168586335,69.7828221829001,40.0,40.88048177129287,Unfeasible shape,GPSampler,PRUNED
662,662,6.0,2026-04-21 17:01:29.708652,2026-04-21 17:01:29.812796,0 days 00:00:00.104144,-72.00626856592487,60.193590128013746,10.0,60.189506769998694,51.65076169161755,17.86650214188625,-71.21051536730111,18.050710110068863,56.353454734227384,69.73781229316933,40.0,40.87366779994834,Unfeasible shape,GPSampler,PRUNED
663,663,6.0,2026-04-21 17:01:29.933227,2026-04-21 17:01:30.110659,0 days 00:00:00.177432,-72.04250344430811,60.33700121522308,10.0,60.16518201070536,51.59242559961397,17.897356702815785,-71.3303342216221,18.031281536460604,56.33588621985649,69.76124169336654,40.0,40.85145945243565,Unfeasible shape,GPSampler,PRUNED
664,664,6.0,2026-04-21 17:01:30.220881,2026-04-21 17:01:30.389409,0 days 00:00:00.168528,-72.02120609338506,60.30982215408569,10.0,60.22016432855223,51.43374801751663,17.831273996375373,-71.29838732119246,17.886373572782155,56.372305312573296,69.62101085857014,40.0,40.72605119733053,Unfeasible shape,GPSampler,PRUNED
665,665,6.0,2026-04-21 17:01:30.530035,2026-04-21 17:01:30.651775,0 days 00:00:00.121740,-72.07767228160748,60.32011920424258,10.0,60.13309166968353,51.68520884018575,17.907735781486274,-71.29544650046817,18.01770656142667,56.361833124393875,69.81031187513807,40.0,40.910059796846085,Unfeasible shape,GPSampler,PRUNED
666,666,6.0,2026-04-21 17:01:30.791054,2026-04-21 17:01:30.883800,0 days 00:00:00.092746,-71.98677380679918,60.318694734314164,10.0,60.121859816786966,51.512449206873576,17.842398338704086,-71.24467908630272,17.945174044007416,56.345080255871586,69.86539616915104,40.0,40.81162525192554,Unfeasible shape,GPSampler,PRUNED
667,667,6.0,2026-04-21 17:01:30.999917,2026-04-21 17:01:31.177028,0 days 00:00:00.177111,-72.03780146606768,60.25391649199312,10.0,60.1601297580683,51.50381230899319,17.870350883620503,-71.25417923963997,17.97978391690275,56.31351355658476,69.73267535725651,40.0,40.791040670486765,Unfeasible shape,GPSampler,PRUNED
668,668,6.0,2026-04-21 17:01:31.309696,2026-04-21 17:01:31.424565,0 days 00:00:00.114869,-72.01137031798156,60.22921433002782,10.0,60.17306408629901,51.45747186419531,17.796853669084534,-71.27889776491219,17.86745125369554,56.351963503544454,69.72112156195651,40.0,40.787540986724395,Unfeasible shape,GPSampler,PRUNED
669,669,6.0,2026-04-21 17:01:31.553058,2026-04-21 17:01:31.767616,0 days 00:00:00.214558,-72.02763460508346,60.377805065605415,10.0,60.19980021126478,51.51634677423576,17.844307266715496,-71.27704720389757,18.025957851854933,56.34836806612083,69.79645273800608,40.0,40.85963735547233,Unfeasible shape,GPSampler,PRUNED
670,670,6.0,2026-04-21 17:01:31.909935,2026-04-21 17:01:32.016146,0 days 00:00:00.106211,-71.97159561541551,60.222651135148965,10.0,60.254886477299195,51.412467616870636,17.851924900061718,-71.27839738866305,17.947439658224106,56.338890172959566,69.60521336498581,40.0,40.707825452554474,Unfeasible shape,GPSampler,PRUNED
671,671,6.0,2026-04-21 17:01:32.155900,2026-04-21 17:01:32.352550,0 days 00:00:00.196650,-72.05526050468563,60.276434652010224,10.0,60.25594401640656,51.4716222230854,17.854177634388407,-71.36188690540102,17.737267201615307,56.462139418840266,69.61672669806698,40.0,40.89501160776174,Unfeasible shape,GPSampler,PRUNED
672,672,6.0,2026-04-21 17:01:32.509095,2026-04-21 17:01:32.610673,0 days 00:00:00.101578,-72.04279360069252,60.41072849077507,10.0,60.13775929196777,51.68002554217017,17.85280511390433,-71.15983875395148,17.97271573378302,56.3311018845162,69.86085319240918,40.0,40.943726462994576,Unfeasible shape,GPSampler,PRUNED
673,673,6.0,2026-04-21 17:01:32.787517,2026-04-21 17:01:32.897288,0 days 00:00:00.109771,-72.08246811071275,60.30780384832195,10.0,60.17496681615867,51.52253467641027,17.858726134653025,-71.27050487635707,18.093463846554897,56.37957501543464,69.9268030022451,40.0,40.84489637007807,Unfeasible shape,GPSampler,PRUNED
674,674,6.0,2026-04-21 17:01:33.019674,2026-04-21 17:01:33.205693,0 days 00:00:00.186019,-72.03529219764431,60.30941218270608,10.0,60.16521632778887,51.56184033613339,17.85838363013577,-71.27925920964161,17.90215799873234,56.284242023019914,69.67406442599665,40.0,40.735874380045914,Unfeasible shape,GPSampler,PRUNED
675,675,6.0,2026-04-21 17:01:33.346080,2026-04-21 17:01:33.445955,0 days 00:00:00.099875,-72.07297789518958,60.13836424464809,10.0,60.27342512570602,51.50336677011249,17.85629765900827,-71.2604836665468,17.867600918123156,56.3760545603577,69.55261099886485,40.0,40.750415983763205,Unfeasible shape,GPSampler,PRUNED
676,676,6.0,2026-04-21 17:01:33.578696,2026-04-21 17:01:33.731319,0 days 00:00:00.152623,-72.07731414206356,60.419295199315414,10.0,60.05012899143495,51.8105800486871,17.8496601508727,-71.17126101155874,17.890193308097096,56.17112253188743,69.86432459817547,40.0,40.78627441549595,Unfeasible shape,GPSampler,PRUNED
677,677,6.0,2026-04-21 17:01:33.880172,2026-04-21 17:01:34.004638,0 days 00:00:00.124466,-72.00336901050616,60.34873952127826,10.0,60.171994063616665,51.42652394677735,17.87829252380024,-71.23935279237155,17.96361713710729,56.347054447016774,69.65598651563602,40.0,40.81585921835417,Unfeasible shape,GPSampler,PRUNED
678,678,6.0,2026-04-21 17:01:34.110031,2026-04-21 17:01:34.289393,0 days 00:00:00.179362,-72.04529571193069,60.30748215272294,10.0,60.20844587109897,51.474029617795985,17.850402923963614,-71.3052798874848,17.867066290530907,56.42878619944218,69.62541666416038,40.0,40.79188057784259,Unfeasible shape,GPSampler,PRUNED
679,679,6.0,2026-04-21 17:01:34.414585,2026-04-21 17:01:34.518008,0 days 00:00:00.103423,-72.07546187160104,60.37415397120432,10.0,60.117810804127906,51.524171798388835,17.883038533314306,-71.2980408216687,17.96195015548555,56.37713957300473,69.81021335689005,40.0,40.86612297699271,Unfeasible shape,GPSampler,PRUNED
680,680,6.0,2026-04-21 17:01:34.649380,2026-04-21 17:01:34.749242,0 days 00:00:00.099862,-72.05623217345962,60.336001772799875,10.0,60.13818220191386,51.78367307247312,17.920360785117182,-71.28618505262052,17.96054243559164,56.250062829013416,70.01619627174355,40.0,40.9560568731512,Unfeasible shape,GPSampler,PRUNED
681,681,6.0,2026-04-21 17:01:34.872786,2026-04-21 17:01:34.974709,0 days 00:00:00.101923,-71.99780255127895,60.31254244243491,10.0,60.12446576198311,51.551019769900726,17.85223360602815,-71.22875368321834,18.086265748599228,56.28289286912749,69.78641556863656,40.0,40.903709309489116,Unfeasible shape,GPSampler,PRUNED
682,682,6.0,2026-04-21 17:01:35.088052,2026-04-21 17:01:35.219921,0 days 00:00:00.131869,-72.03805364522847,60.335277047134845,10.0,60.137684240845175,51.62751653959483,17.89411239181615,-71.29595751182887,17.99702702014521,56.26127538363165,69.8396193608503,40.0,40.914565460526916,Unfeasible shape,GPSampler,PRUNED
683,683,6.0,2026-04-21 17:01:35.332011,2026-04-21 17:01:35.434964,0 days 00:00:00.102953,-72.02291897049102,60.35610786270731,10.0,60.141208290851125,51.54259092609603,17.858222996693364,-71.23715912943122,17.967738820987613,56.3833105872018,69.69125463727676,40.0,40.814020854415354,Unfeasible shape,GPSampler,PRUNED
684,684,6.0,2026-04-21 17:01:35.553925,2026-04-21 17:01:35.662332,0 days 00:00:00.108407,-72.03085643696336,60.39072038600725,10.0,60.25031342048811,51.479503342684986,17.899380975508137,-71.22420325173482,18.04027236896284,56.277966051611955,69.86648289089229,40.0,40.898027080934355,Unfeasible shape,GPSampler,PRUNED
685,685,6.0,2026-04-21 17:01:35.832277,2026-04-21 17:01:36.014632,0 days 00:00:00.182355,-72.01754338264693,60.34887259798945,10.0,60.04148607971955,51.43471545733906,17.93156925903795,-71.26327097581667,18.02140734789659,56.470536725518556,69.66925394392742,40.0,40.779603263545454,Unfeasible shape,GPSampler,PRUNED
686,686,6.0,2026-04-21 17:01:36.158076,2026-04-21 17:01:36.258430,0 days 00:00:00.100354,-72.05653792749085,60.29605764234234,10.0,60.16266560823773,51.59788432986889,17.854723473667,-71.3371800424967,17.891180791269868,56.37590972480624,69.72878887389001,40.0,40.869900933973724,Unfeasible shape,GPSampler,PRUNED
687,687,6.0,2026-04-21 17:01:36.374556,2026-04-21 17:01:36.588743,0 days 00:00:00.214187,-72.00950933275199,60.32292405949977,10.0,60.19228806788127,51.498053579510604,17.889721544275268,-71.28679439618813,17.913837764036337,56.35277583010016,69.64816866207363,40.0,40.801024135132266,Unfeasible shape,GPSampler,PRUNED
688,688,6.0,2026-04-21 17:01:36.705047,2026-04-21 17:01:36.883629,0 days 00:00:00.178582,-72.09189756356083,60.40771926617296,10.0,60.0478978154574,51.56851156146868,17.914014987591294,-71.34434938885934,18.04357408559914,56.34152158622145,69.88253432101817,40.0,40.893235069908236,Unfeasible shape,GPSampler,PRUNED
689,689,6.0,2026-04-21 17:01:37.034507,2026-04-21 17:01:37.181014,0 days 00:00:00.146507,-72.03739370194413,60.31591844910368,10.0,60.15258165373004,51.526732410681205,17.87478900525977,-71.2630080097667,17.88931217868059,56.31654457019016,69.82437293478102,40.0,40.81962867358632,Unfeasible shape,GPSampler,PRUNED
690,690,6.0,2026-04-21 17:01:37.290445,2026-04-21 17:01:37.384721,0 days 00:00:00.094276,-72.0162242465243,60.370779295455044,10.0,60.15432037251482,51.551970617792584,17.868242411795237,-71.27299650106207,17.97513229692265,56.296396114306816,69.7185673101896,40.0,40.789222243232786,Unfeasible shape,GPSampler,PRUNED
691,691,6.0,2026-04-21 17:01:37.497930,2026-04-21 17:01:37.712323,0 days 00:00:00.214393,-72.05507715797218,60.41075801401932,10.0,60.04566379670896,51.65726211245149,17.89172912050821,-71.23456114987613,18.04474509314432,56.23086813336877,70.02127198907658,40.0,40.95048924378527,Unfeasible shape,GPSampler,PRUNED
692,692,6.0,2026-04-21 17:01:37.830603,2026-04-21 17:01:37.933018,0 days 00:00:00.102415,-72.05146310615,60.288780308120536,10.0,60.156296712065,51.5783155279564,17.833167505159757,-71.29174593631016,17.860795689098495,56.336991825581784,69.7056991790404,40.0,40.72197229643591,Unfeasible shape,GPSampler,PRUNED
693,693,6.0,2026-04-21 17:01:38.045694,2026-04-21 17:01:38.135217,0 days 00:00:00.089523,-72.00425981106156,60.19609214366422,10.0,60.1293300416461,51.50760714392813,17.87156509239759,-71.30836086856311,17.973051103681478,56.27756373195124,69.80627681967798,40.0,40.83986345545607,Unfeasible shape,GPSampler,PRUNED
694,694,6.0,2026-04-21 17:01:38.247752,2026-04-21 17:01:38.496912,0 days 00:00:00.249160,-72.06864820671916,60.351302140374855,10.0,60.129265137337555,51.33992355476036,17.899523431493137,-71.27776843842966,17.976762828348033,56.41151065103166,69.74521513828162,40.0,40.81083901244714,Unfeasible shape,GPSampler,PRUNED
695,695,6.0,2026-04-21 17:01:38.607859,2026-04-21 17:01:38.735278,0 days 00:00:00.127419,-72.1547712276689,60.2685477563679,10.0,60.24910465320368,51.578278723290744,17.872821007958166,-71.35966140262782,17.947821452333045,56.22589403208342,69.84414647425925,40.0,40.84333308391779,Unfeasible shape,GPSampler,PRUNED
696,696,6.0,2026-04-21 17:01:38.849540,2026-04-21 17:01:38.941314,0 days 00:00:00.091774,-72.05488853301455,60.37855395859033,10.0,60.11431598038346,51.56591885059297,17.90540286858738,-71.2407521882752,18.05752017772992,56.26115206220848,69.89866629683544,40.0,40.81279279647117,Unfeasible shape,GPSampler,PRUNED
697,697,6.0,2026-04-21 17:01:39.056372,2026-04-21 17:01:39.329988,0 days 00:00:00.273616,-71.99975227409902,60.23869809311156,10.0,60.25322173978102,51.47026471827852,17.929472862984255,-71.22296389562072,18.097251472660098,56.35173290421867,69.76562456915286,40.0,40.82742827792882,Unfeasible shape,GPSampler,PRUNED
698,698,6.0,2026-04-21 17:01:39.450924,2026-04-21 17:01:39.565938,0 days 00:00:00.115014,-72.03049846662545,60.34412658875354,10.0,60.023661097774514,51.51034874499722,17.87774288342583,-71.24642475844472,18.026016764629908,56.36922575655021,69.73768204854372,40.0,40.927962690460895,Unfeasible shape,GPSampler,PRUNED
699,699,6.0,2026-04-21 17:01:39.750491,2026-04-21 17:01:39.859073,0 days 00:00:00.108582,-72.0476861377066,60.37933515214806,10.0,60.2102603449592,51.55292401946658,17.874327432333615,-71.2712887360432,17.974596384153465,56.27054259819766,69.85616632499668,40.0,40.830968576691966,Unfeasible shape,GPSampler,PRUNED
700,700,6.0,2026-04-21 17:01:39.965315,2026-04-21 17:01:40.303875,0 days 00:00:00.338560,-72.03443486299612,60.312691690340564,10.0,60.178921301729275,51.67707901540179,17.89231490472492,-71.35614782428775,17.885068579245694,56.392244531766146,69.65872122440696,40.0,40.89103535746398,Unfeasible shape,GPSampler,PRUNED
701,701,6.0,2026-04-21 17:01:40.410249,2026-04-21 17:01:40.622910,0 days 00:00:00.212661,-72.02714544292627,60.31893925146728,10.0,60.14879907619025,51.4667883887416,17.879165319232733,-71.35333140974676,18.025454023642133,56.42305403645492,69.75183193831751,40.0,40.8199278541413,Unfeasible shape,GPSampler,PRUNED
702,702,6.0,2026-04-21 17:01:40.764374,2026-04-21 17:01:40.881504,0 days 00:00:00.117130,-72.05488280708005,60.381959680502604,10.0,60.10167388747812,51.53323653892838,17.886480105884075,-71.24473397222799,17.887422954633358,56.40408765749723,69.74032414261121,40.0,40.86728747643672,Unfeasible shape,GPSampler,PRUNED
703,703,6.0,2026-04-21 17:01:40.990636,2026-04-21 17:01:41.079093,0 days 00:00:00.088457,-72.03782115288843,60.41074466063112,10.0,60.118753210901005,51.374627695117134,17.921458085392366,-71.28872615645852,17.949290145595075,56.53514616180465,69.52350095750515,40.0,40.77752222361396,Unfeasible shape,GPSampler,PRUNED
704,704,6.0,2026-04-21 17:01:41.217448,2026-04-21 17:01:41.378799,0 days 00:00:00.161351,-72.02128387597739,60.32823394419281,10.0,60.194030422274736,51.45020637380018,17.84549641743962,-71.2868823315281,17.906634079794316,56.46697975396467,69.58102927400384,40.0,40.781191841245274,Unfeasible shape,GPSampler,PRUNED
705,705,6.0,2026-04-21 17:01:41.486960,2026-04-21 17:01:41.649358,0 days 00:00:00.162398,-72.04776962404866,60.32660211979305,10.0,60.1620157366896,51.629862398746305,17.884042115073385,-71.28976170048016,17.96880171017792,56.33355405697516,69.72664845211393,40.0,40.83564892371244,Unfeasible shape,GPSampler,PRUNED
