,number,value,datetime_start,datetime_complete,duration,params_lLegPt.rA1,params_lLegPt.rL0,params_lLegPt.rL1,params_lLegPt.rL2,params_lLegPt.x1,params_lLegPt.y1,params_sLegPt.rA1,params_sLegPt.rL0,params_sLegPt.rL1,params_sLegPt.rL2,params_sLegPt.x1,params_sLegPt.y1,user_attrs_prune,system_attrs_auto:sampler,state
0,0,6.0,2026-04-21 16:50:20.609781,2026-04-21 16:50:20.900685,0 days 00:00:00.290904,-77.85891249666226,17.13779380019099,44.05939864700579,92.47946826421007,70.83330878981776,38.67796039186878,-68.82733045146978,77.90105785718731,65.93970747500643,35.34570460894757,11.34405444510329,110.32080252104927,Unfeasible shape,RandomSampler,PRUNED
1,1,0.09383119560707698,2026-04-21 16:50:21.019057,2026-04-21 16:50:30.500195,0 days 00:00:09.481138,-41.678103461397406,29.65581159730138,26.711285037503135,77.54385668026916,39.91767958260094,55.38603061366972,-41.58961455492878,61.02249182796045,31.277414655941175,66.94903205678662,26.653510990818795,58.353191847007764,,RandomSampler,COMPLETE
2,2,6.0,2026-04-21 16:50:31.710009,2026-04-21 16:50:31.829907,0 days 00:00:00.119898,-57.548611717815675,80.38113428622239,75.81967391744486,57.01955518623771,-2.2411992099397535,4.18269225098102,-56.21656771605164,16.33330670443575,92.39273632630811,46.942486268845556,4.484832948708728,-1.130859399145269,Unfeasible shape,GPSampler,PRUNED
3,3,6.0,2026-04-21 16:50:31.980499,2026-04-21 16:50:32.069976,0 days 00:00:00.089477,-73.14662372167595,95.44939149625272,12.45567212222795,28.953060864676612,84.51278837648266,-11.603028659404249,-63.099325264850705,79.26903107718674,65.45504769993164,99.90783678109982,22.474076398979804,39.14913647760108,Unfeasible shape,GPSampler,PRUNED
4,4,6.0,2026-04-21 16:50:32.194119,2026-04-21 16:50:32.250275,0 days 00:00:00.056156,-61.06732430046772,57.19344234677729,15.020978298047995,38.86366605143232,67.63119659355965,-12.991313885697593,-25.800797077431028,46.17172531183571,74.6308550737312,16.55913276283561,-3.283461002347874,43.4294525168103,Unfeasible shape,GPSampler,PRUNED
5,5,6.0,2026-04-21 16:50:32.379962,2026-04-21 16:50:32.480030,0 days 00:00:00.100068,-54.00954043607046,27.692444832803737,50.18505644540998,13.946056069196898,60.47955875878178,-20.015003842905855,-72.46027469332415,40.37331233377677,84.53989262378748,58.35199499094534,14.397964480973648,89.37631811588963,Unfeasible shape,GPSampler,PRUNED
6,6,6.349433095357163,2026-04-21 16:50:32.611708,2026-04-21 16:50:38.092647,0 days 00:00:05.480939,-66.30226716025872,45.19450529652737,86.01545576586678,32.74675844702129,24.60667907189798,29.07026838951932,-71.67568864650565,44.087794739063796,74.39150122813078,43.31756149056718,37.68712705470699,4.2653993465727975,Unattained target,GPSampler,PRUNED
7,7,6.0,2026-04-21 16:50:38.205049,2026-04-21 16:50:38.279583,0 days 00:00:00.074534,-68.5001173520108,75.49479815664726,83.23577858647879,36.53062663340087,32.02850825756497,28.27192377171992,-34.71052247420829,73.15004488376235,93.89640278922167,85.18761070364899,-1.5200841271560144,3.6677657204043115,Unfeasible shape,GPSampler,PRUNED
8,8,6.0,2026-04-21 16:50:38.420446,2026-04-21 16:50:38.489982,0 days 00:00:00.069536,-27.535435798903222,82.033683602542,16.393845043751128,32.57356096260931,18.11802462703695,11.62380521188912,-40.90126517936877,47.307852976793995,23.762993541794486,40.41816891098195,-1.0053663005122502,46.12070134437811,Unfeasible shape,GPSampler,PRUNED
9,9,6.0,2026-04-21 16:50:38.620049,2026-04-21 16:50:38.683039,0 days 00:00:00.062990,-42.88047414235107,42.28192762258657,26.55385588258891,24.564296502558385,32.33321392920117,-20.783324542828097,-32.326430443463735,84.97687491261054,23.211294748726534,82.87683224664957,4.294251818788091,29.729810571809573,Unfeasible shape,GPSampler,PRUNED
10,10,6.0,2026-04-21 16:50:38.810293,2026-04-21 16:50:38.897245,0 days 00:00:00.086952,-52.778056887483245,17.12826816823969,82.44477655714633,23.958038150770818,7.039136224529443,11.118223080175696,-67.06039557390616,20.942048856464545,44.68858620576669,43.699762080909935,-0.2122175925885692,7.7123409755425705,Unfeasible shape,GPSampler,PRUNED
11,11,6.0,2026-04-21 16:50:39.150242,2026-04-21 16:50:39.240145,0 days 00:00:00.089903,-79.97648831619333,54.742117403664516,50.21471014096694,44.784065032863175,100.5473794670892,52.926507067159264,-24.699750257681103,11.386146250827895,57.574175781980095,96.5196851545591,5.2888678460905325,29.81820128249803,Unfeasible shape,GPSampler,PRUNED
12,12,6.0,2026-04-21 16:50:39.375163,2026-04-21 16:50:39.439997,0 days 00:00:00.064834,-27.46945161011964,90.81787434161578,34.766495203211754,89.62841756051013,-6.642156419841741,-1.9274776064870132,-35.94379408412631,88.45891265553065,15.445515410995982,94.25026347584873,-11.757151011442708,38.55830759737425,Unfeasible shape,GPSampler,PRUNED
13,13,6.0,2026-04-21 16:50:39.575228,2026-04-21 16:50:39.650409,0 days 00:00:00.075181,-41.535818774920784,15.340151454198944,43.20140805372796,65.05203857480768,38.26506815546603,51.37009308616662,-53.899581354837125,50.58641173326843,25.621802993298594,39.24062531259456,0.5722508150190535,17.37128992834913,Unfeasible shape,GPSampler,PRUNED
14,14,6.0,2026-04-21 16:50:39.800130,2026-04-21 16:50:39.900465,0 days 00:00:00.100335,-31.068402203706583,70.41749248417372,61.21327633090459,53.59033895251871,108.65036180395359,42.59501788853743,-44.1712867713255,55.37385292367567,57.763525054549795,22.920818781170254,35.851530346405895,28.148992473865043,Unfeasible shape,GPSampler,PRUNED
15,15,6.0,2026-04-21 16:50:40.124608,2026-04-21 16:50:40.203087,0 days 00:00:00.078479,-46.372648110374676,92.40038113185571,82.9890077105524,42.57546678890251,28.859360222279108,60.77991849091647,-41.36478625443021,88.250806040044,20.628380212362536,39.185942916231674,-15.984200627827944,77.5327117794089,Unfeasible shape,GPSampler,PRUNED
16,16,6.0,2026-04-21 16:50:40.350313,2026-04-21 16:50:40.401868,0 days 00:00:00.051555,-64.08724036841208,34.90236416162967,94.84207641579137,59.43581027962571,25.087317633067144,-13.962214950366672,-44.8161987285245,22.11960647388698,26.953670316051976,65.01223472819603,-6.851010866232006,62.83556168441035,Unfeasible shape,GPSampler,PRUNED
17,17,6.0,2026-04-21 16:50:40.552308,2026-04-21 16:50:40.632009,0 days 00:00:00.079701,-64.01167785443529,87.32609878489546,32.91684934305411,67.47110351566143,42.49200524365362,-7.778011187500127,-40.113309629084824,28.69031468807383,79.05702316171579,50.57372393122194,14.968128370354101,43.93797606885273,Unfeasible shape,GPSampler,PRUNED
18,18,6.0,2026-04-21 16:50:40.790772,2026-04-21 16:50:40.870224,0 days 00:00:00.079452,-55.67510588256057,67.59573727217887,52.70505900695081,41.05907932936205,-3.16172337196544,-29.01625165558492,-72.78310538914205,92.64194217814534,67.95506796882299,89.77014845317798,-28.932991563017502,-4.254753771089142,Unfeasible shape,GPSampler,PRUNED
19,19,6.0,2026-04-21 16:50:40.990414,2026-04-21 16:50:41.145388,0 days 00:00:00.154974,-21.151330327229935,41.292618007957785,47.31447719547788,31.13681348295939,-6.968362515028296,68.4785542965706,-62.102507295138054,97.13437629088413,86.91247469287809,24.767666570624044,31.6117178149224,65.20544324151757,Unfeasible shape,GPSampler,PRUNED
20,20,6.0,2026-04-21 16:50:41.275117,2026-04-21 16:50:41.360485,0 days 00:00:00.085368,-39.10725123503431,77.21495236562275,51.90752597966948,88.08543767726427,46.444682681417866,-13.372181975666866,-47.65402295674193,47.2934407010369,63.67218792099898,68.97559494212133,-27.264041947796287,33.49254160656184,Unfeasible shape,GPSampler,PRUNED
21,21,6.0,2026-04-21 16:50:41.498457,2026-04-21 16:50:41.591237,0 days 00:00:00.092780,-32.47548251944841,37.962403895282435,13.15283383386458,13.660391031651036,77.72051605904579,-17.680179521895816,-23.093264094483004,16.2782063981565,11.469546553677347,23.031414186071608,9.47479165823102,63.06502094657526,Unfeasible shape,GPSampler,PRUNED
22,22,6.0,2026-04-21 16:50:41.740165,2026-04-21 16:50:41.810077,0 days 00:00:00.069912,-63.86417696275901,97.15334345209197,89.51822060467516,96.6396951356448,16.51845935568779,19.47357164694676,-40.03247715058078,83.94409590054865,97.97588174364064,41.32638856694299,-2.412317614284426,15.091974619295378,Unfeasible shape,GPSampler,PRUNED
23,23,6.0,2026-04-21 16:50:41.963161,2026-04-21 16:50:42.100282,0 days 00:00:00.137121,-55.28373429501301,23.763166163251924,64.80120521278235,54.85485260099172,55.56510297887063,69.00248598957907,-74.56005667669814,72.86956636450472,44.11709282672079,84.98187395329231,33.26190821953317,26.94355130867681,Unfeasible shape,GPSampler,PRUNED
24,24,6.0,2026-04-21 16:50:42.243679,2026-04-21 16:50:42.335329,0 days 00:00:00.091650,-63.7479264798004,33.428144215200355,47.480642721015705,42.89655290315528,-3.135173264309153,-13.462215205489333,-25.47849405966666,25.361841510814305,21.855196732560188,39.09206703437076,8.153123167296243,49.465520509919486,Unfeasible shape,GPSampler,PRUNED
25,25,6.0,2026-04-21 16:50:42.460329,2026-04-21 16:50:42.530371,0 days 00:00:00.070042,-35.01294646953851,53.63407822080212,47.60555355784998,28.13043902616408,85.07899713305164,32.53340589554656,-61.71668731180235,14.23723666135898,71.36227069835918,19.309799557159206,-29.47238367211108,75.09427435625054,Unfeasible shape,GPSampler,PRUNED
26,26,5.218068472985344,2026-04-21 16:50:42.747177,2026-04-21 16:50:48.371484,0 days 00:00:05.624307,-48.37977829818563,72.92398570314563,17.085177087749216,81.3964246832201,63.78219602201857,78.95158077106167,-64.81111121809862,55.34129295390363,66.81119497182793,36.874207017706496,35.05529961744891,71.97359348484338,Unattained target,GPSampler,PRUNED
27,27,6.0,2026-04-21 16:50:48.522373,2026-04-21 16:50:48.602215,0 days 00:00:00.079842,-39.556419789491265,53.29255350747842,99.74005054805058,40.6850568156666,93.24174940476607,47.715820764956305,-46.23250551614616,17.59603622095151,28.05323811775064,74.39225832339767,0.19543643280613665,23.415801859649847,Unfeasible shape,GPSampler,PRUNED
28,28,6.0,2026-04-21 16:50:48.730233,2026-04-21 16:50:48.902353,0 days 00:00:00.172120,-35.11440224522369,49.375356964975566,18.657133269646238,40.82266995415153,95.29249878233362,2.0447738543109395,-65.28877231128178,55.4197203916131,78.69796673451371,20.579204973388514,0.44588287115730907,70.01212245102151,Unfeasible shape,GPSampler,PRUNED
29,29,6.0,2026-04-21 16:50:49.040690,2026-04-21 16:50:49.242298,0 days 00:00:00.201608,-28.591401646221485,14.742718869515626,42.46483013278523,17.7525045353056,95.83507718061227,-15.378171545957844,-20.22972789270669,72.24281195211933,81.3624810177433,10.813361920690728,19.40002843893469,30.127991596013686,Unfeasible shape,GPSampler,PRUNED
30,30,6.0,2026-04-21 16:50:49.370719,2026-04-21 16:50:49.461414,0 days 00:00:00.090695,-30.071136088367695,34.235951888633394,23.436464783572823,31.791282453278857,96.38222229860898,78.367827957479,-58.59828080130623,40.037427903487696,27.881103595460907,83.15331812076589,39.065615333825846,0.8538115307778078,Unfeasible shape,GPSampler,PRUNED
31,31,6.0,2026-04-21 16:50:49.590357,2026-04-21 16:50:49.646110,0 days 00:00:00.055753,-56.19650302384319,67.6571674899389,93.85727333500989,45.43925404795215,79.33658207383796,57.73647639996686,-47.38200406596231,60.960878100698906,95.3244929474957,80.82264568292211,10.782690903435238,1.2830725937627196,Unfeasible shape,GPSampler,PRUNED
32,32,6.0,2026-04-21 16:50:49.780322,2026-04-21 16:50:49.863315,0 days 00:00:00.082993,-68.67408136790819,10.300276527294699,89.94242641764463,81.7663942481832,101.26853875446014,-2.93151408088411,-58.313683663812355,35.71199312517984,85.20402324640362,86.79622371518109,17.005115202647133,37.46167504090661,Unfeasible shape,GPSampler,PRUNED
33,33,7.419573324092056,2026-04-21 16:50:49.990315,2026-04-21 16:50:54.640358,0 days 00:00:04.650043,-26.321243268895095,26.33230777008208,57.088695144396574,69.62544458727835,63.76654921061572,53.85489649188722,-48.171639622089806,19.989889868895844,26.816191759680727,26.598910837929804,32.640733482122684,11.15747292647583,Unattained target,GPSampler,PRUNED
34,34,8.72665020884407,2026-04-21 16:50:54.770670,2026-04-21 16:50:59.840427,0 days 00:00:05.069757,-28.766593347958462,74.03526304180085,24.69232966725597,52.281978084625365,38.77270296455106,-0.5370525493868676,-62.040574333722404,73.66003499473118,28.791278061531653,38.75096943352867,14.258743367811789,45.41648491485549,Unattained target,GPSampler,PRUNED
35,35,6.0,2026-04-21 16:51:00.015370,2026-04-21 16:51:00.090706,0 days 00:00:00.075336,-69.26496990523178,58.18043306907787,22.80200187832977,43.59414781906344,6.675549092093558,0.3808874298693077,-33.59370122731532,91.3397656054785,54.55362722729738,41.20136863298881,-18.37634767334661,74.76869455007335,Unfeasible shape,GPSampler,PRUNED
36,36,6.0,2026-04-21 16:51:00.226346,2026-04-21 16:51:00.344728,0 days 00:00:00.118382,-79.47519871166791,40.517788607212985,95.4190409630681,27.05238644578544,97.66943251214937,10.119856201619385,-72.05428568512728,43.10499357729981,51.29503226268678,99.65026942459889,21.275736075005767,109.87602621056337,Unfeasible shape,GPSampler,PRUNED
37,37,6.0,2026-04-21 16:51:00.477243,2026-04-21 16:51:00.550876,0 days 00:00:00.073633,-40.62626232552881,65.1050138836849,86.64186148586327,15.880678544770744,27.733750957878897,71.43991008980919,-36.18777807464502,51.841816817813175,84.68070181767146,29.614423889742504,5.09015527532361,20.69797313899955,Unfeasible shape,GPSampler,PRUNED
38,38,6.0,2026-04-21 16:51:00.688803,2026-04-21 16:51:00.790735,0 days 00:00:00.101932,-69.05558343126891,92.9970577169755,18.109417023730675,36.47147030229023,89.5078777315284,-16.95270506287783,-54.66317837854938,98.73906399311356,86.785922297208,15.402757736639042,31.857500253647878,47.399142351673035,Unfeasible shape,GPSampler,PRUNED
39,39,6.0,2026-04-21 16:51:00.916700,2026-04-21 16:51:00.990735,0 days 00:00:00.074035,-39.97261311241315,97.05251390618659,74.12919382810344,70.8719113883435,5.318970632285792,62.346448644586346,-57.84946634347466,98.1028135374134,33.709456447966474,11.968607067932526,-20.613708484339913,70.30903274246737,Unfeasible shape,GPSampler,PRUNED
40,40,6.0,2026-04-21 16:51:01.120787,2026-04-21 16:51:01.227311,0 days 00:00:00.106524,-45.74375002527601,16.820400041922504,57.97326527649646,50.92610580319851,-5.438128726393253,-18.398343777271577,-34.5620085846935,16.11295091485867,36.99927566440912,65.49336531684352,-2.614608300329234,102.71428684739685,Unfeasible shape,GPSampler,PRUNED
41,41,6.0,2026-04-21 16:51:01.361734,2026-04-21 16:51:01.470723,0 days 00:00:00.108989,-47.58174951278678,22.923748031433483,40.13012727068954,59.266396304060216,9.879053619320594,-9.801468577816745,-21.762023491554274,96.55441137188907,73.24045608131333,78.79915461232444,-3.9629548282804166,69.38734401702564,Unfeasible shape,GPSampler,PRUNED
42,42,6.0,2026-04-21 16:51:01.610543,2026-04-21 16:51:01.690927,0 days 00:00:00.080384,-32.10541182208502,87.42674235901876,87.08575436725617,90.1845166747639,30.408921026511088,11.58473841263423,-24.06974991751933,23.126277996011,93.99982516497761,56.14411212909328,31.282518396752238,73.9109777839914,Unfeasible shape,GPSampler,PRUNED
43,43,6.0,2026-04-21 16:51:01.829208,2026-04-21 16:51:01.922815,0 days 00:00:00.093607,-38.81082376577287,45.50194042103911,73.84414766073893,81.60878564136837,101.23180643393594,49.481708413097536,-27.227053812011945,33.11234097531337,37.75779495166421,79.80034618033538,3.7081770607697564,105.24680088649842,Unfeasible shape,GPSampler,PRUNED
44,44,22.17358057001801,2026-04-21 16:51:02.053293,2026-04-21 16:51:07.590848,0 days 00:00:05.537555,-75.6560206095261,48.091370562761774,91.74392024402516,49.75831324044506,76.20325142363069,-26.652423475448494,-71.50803887445504,35.582501361515455,83.51106098964904,39.8793645945986,38.56240618530984,3.1702340448038466,Unattained target,GPSampler,PRUNED
45,45,6.0,2026-04-21 16:51:07.721553,2026-04-21 16:51:07.810875,0 days 00:00:00.089322,-34.07275759201322,31.16330368758007,67.76892290008851,86.85255338982046,87.56693009272239,18.479069831399933,-55.40490255030394,43.24910261554939,54.50454697888947,43.984861194388735,14.919801634828836,82.97894168031637,Unfeasible shape,GPSampler,PRUNED
46,46,6.0,2026-04-21 16:51:07.940849,2026-04-21 16:51:08.003116,0 days 00:00:00.062267,-55.50157947533489,33.045892417815665,63.65213181033041,36.37100883231805,38.51579146612003,38.14458364110308,-42.41244409924002,90.46891212133646,80.0752260939306,48.43998826215799,-1.6239211830368134,66.25405676198858,Unfeasible shape,GPSampler,PRUNED
47,47,19.29444651967502,2026-04-21 16:51:08.132554,2026-04-21 16:51:13.375841,0 days 00:00:05.243287,-69.00275745902415,80.00223481165851,92.82638893778994,86.42186871605632,22.80975870779575,28.375354989398083,-54.64192605606494,29.10289064190447,25.54441642621107,52.28400008533284,13.805990879110617,84.13996885776209,Unattained target,GPSampler,PRUNED
48,48,8.962074779963977,2026-04-21 16:51:13.550935,2026-04-21 16:51:18.436757,0 days 00:00:04.885822,-65.6337691378273,70.45813053843335,61.78332019684658,57.203801013609606,16.710734620184287,53.685709834125234,-38.493375692715354,45.851276683416565,23.317902688032596,79.59422809983442,11.810388387236166,75.92494806144674,Unattained target,GPSampler,PRUNED
49,49,6.0,2026-04-21 16:51:18.570923,2026-04-21 16:51:18.678052,0 days 00:00:00.107129,-25.6085937533568,56.56094680506368,79.08744751830761,68.62853521792809,52.35068341905866,78.01125276390717,-69.03301572007399,60.3552244026645,87.0075714191854,48.901585922706325,31.365773312989987,93.58513104782189,Unfeasible shape,GPSampler,PRUNED
50,50,6.0,2026-04-21 16:51:18.846390,2026-04-21 16:51:18.956086,0 days 00:00:00.109696,-45.404317711772435,13.785919540305596,83.91327672450362,63.44715789165871,104.61538656619169,57.5227051422016,-68.33509059102713,56.67580532063365,60.99457702546269,65.23916057726399,2.0957938149129163,87.49876242048316,Unfeasible shape,GPSampler,PRUNED
51,51,6.0,2026-04-21 16:51:19.081559,2026-04-21 16:51:19.141068,0 days 00:00:00.059509,-34.772925717470464,62.09443124427792,98.55267784137224,50.03804511436709,87.76757514189252,66.6545889895527,-43.64381729394708,77.46606203005193,47.13620600599842,46.83269557610892,17.11931333081163,11.44663827133671,Unfeasible shape,GPSampler,PRUNED
52,52,6.0,2026-04-21 16:51:19.265489,2026-04-21 16:51:19.981299,0 days 00:00:00.715810,-21.20592090430992,75.60136256089852,10.781678531705623,11.870264171280882,80.00889676171958,-19.73424927900265,-40.41993268162364,11.242299502343618,51.02068272329565,18.577269656407477,-4.611355980627813,93.0405973358608,Unfeasible shape,GPSampler,PRUNED
53,53,6.0,2026-04-21 16:51:20.121226,2026-04-21 16:51:20.221273,0 days 00:00:00.100047,-53.34887977167232,50.64144104387861,56.75285795762858,64.98991626004954,105.28584529129206,21.976369731179126,-34.72544439286892,12.564310700507942,98.09514140923473,47.86260106087232,5.262070107649322,13.442929312934538,Unfeasible shape,GPSampler,PRUNED
54,54,132.49365580186844,2026-04-21 16:51:20.361036,2026-04-21 16:51:25.071389,0 days 00:00:04.710353,-32.059291337589336,12.85846551183263,53.81217864883794,14.134083946489334,46.721418871877255,23.070921121558698,-25.704941061030993,23.915290979856344,68.67922958247874,28.14561412923789,-14.582106981618775,90.60141111429333,Unattained target,GPSampler,PRUNED
55,55,6.0,2026-04-21 16:51:25.231481,2026-04-21 16:51:25.291828,0 days 00:00:00.060347,-26.980870931370184,24.857357681366096,58.675116676917604,27.56041612429905,16.779467304107627,59.479849201150145,-51.446717597621074,15.510751395031711,74.47360559984914,69.64590175952304,-26.210659617232334,37.92223748899779,Unfeasible shape,GPSampler,PRUNED
56,56,6.0,2026-04-21 16:51:25.431332,2026-04-21 16:51:25.501369,0 days 00:00:00.070037,-37.34426971279457,26.09123768097684,17.355136874306254,68.0824068618184,51.672837222229994,8.513324690425414,-48.17998179432759,75.05176203653559,53.63731425819221,80.69425208545736,-13.877503786975602,28.15533981279841,Unfeasible shape,GPSampler,PRUNED
57,57,6.0,2026-04-21 16:51:25.623204,2026-04-21 16:51:25.691237,0 days 00:00:00.068033,-36.63603094835938,96.35647484141143,43.95453944749776,49.5454226952482,80.70876711267837,-6.915621804692204,-21.643418830605114,94.70741816486104,92.46912385647849,61.00849987147877,-25.842706339802803,37.93950932927893,Unfeasible shape,GPSampler,PRUNED
58,58,6.0,2026-04-21 16:51:25.851144,2026-04-21 16:51:25.926377,0 days 00:00:00.075233,-68.6135383220455,51.71093361212939,18.81031192045143,46.1921266203966,46.39916602611653,-7.262906431721852,-74.84515391655131,37.45619995394106,84.09347968814834,29.76298131626211,-17.030835384814566,-2.8255024706972396,Unfeasible shape,GPSampler,PRUNED
59,59,5.512716656055204,2026-04-21 16:51:26.066065,2026-04-21 16:51:32.851306,0 days 00:00:06.785241,-45.25035963601369,83.21690749411763,35.35391892520147,84.79978240457136,58.87925165835941,-12.259026239819349,-63.789810412451175,84.85532664190973,38.08281119202664,31.641487598862454,32.11990615518208,28.377548723849962,Unattained target,GPSampler,PRUNED
60,60,6.0,2026-04-21 16:51:32.981324,2026-04-21 16:51:33.091468,0 days 00:00:00.110144,-25.66159218153946,68.75325239952764,38.39092597554139,65.85609596453139,76.32718343402676,17.531216104304725,-25.532140852542426,92.80312801374072,82.4290160504664,54.28731989059322,3.051679179914778,66.81744459419818,Unfeasible shape,GPSampler,PRUNED
