,number,value,datetime_start,datetime_complete,duration,params_lLegPt.rA1,params_lLegPt.rL0,params_lLegPt.rL1,params_lLegPt.rL2,params_lLegPt.x1,params_lLegPt.y1,params_sLegPt.rA1,params_sLegPt.rL0,params_sLegPt.rL1,params_sLegPt.rL2,params_sLegPt.x1,params_sLegPt.y1,user_attrs_prune,system_attrs_auto:sampler,state
123,123,6.0,2026-04-21 16:53:06.225630,2026-04-21 16:53:06.304232,0 days 00:00:00.078602,-36.255517937787694,28.836421319309867,98.93910533924148,53.079925697163965,28.44002902398799,62.080663600272345,-31.170811508457113,92.13530188000132,79.74611272403149,81.1034858922488,-20.33485158793244,34.97984129355358,Unfeasible shape,GPSampler,PRUNED
124,124,6.0,2026-04-21 16:53:06.420374,2026-04-21 16:53:06.489364,0 days 00:00:00.068990,-54.83739388177723,11.16987381533873,62.00993203768594,18.685675623226885,2.210633549929245,-26.377757003403246,-78.89053372536169,20.611582659541078,20.417575974774074,97.13896464417957,-26.97738283353798,100.27519891767726,Unfeasible shape,GPSampler,PRUNED
125,125,6.0,2026-04-21 16:53:06.630836,2026-04-21 16:53:06.725526,0 days 00:00:00.094690,-78.77646257026562,66.52884445231987,29.391956896201563,14.843225475132398,86.2436809263246,6.6844036433204295,-75.60711467222934,56.186234343208646,60.61105817065158,87.39139132546583,32.66570138443389,72.5792931175499,Unfeasible shape,GPSampler,PRUNED
126,126,5.935033470031204,2026-04-21 16:53:06.863259,2026-04-21 16:53:12.206712,0 days 00:00:05.343453,-55.16173725673009,49.81000876113308,94.62795328102104,12.20071992208431,106.94705661001333,-3.7273005455629438,-29.557690487799597,77.43065170740468,70.5933151714969,18.46917720264282,19.72479959854752,79.99727519111053,Unattained target,GPSampler,PRUNED
127,127,6.0,2026-04-21 16:53:12.328282,2026-04-21 16:53:12.850512,0 days 00:00:00.522230,-25.748908551323176,47.371758903741856,99.35506884299296,96.89607946742777,108.7563929540837,-27.276727676052978,-48.31443163248616,35.912613756062356,24.56625239916401,66.69195918663469,31.104047958185106,76.71859251271677,Unfeasible shape,GPSampler,PRUNED
128,128,5.7912417755051315,2026-04-21 16:53:13.001879,2026-04-21 16:53:17.844039,0 days 00:00:04.842160,-71.91403384201811,28.75928122486451,54.02402298368568,26.745082168971614,16.311237657066908,30.675933815363408,-39.69289567252192,61.068406179532126,75.33315221000299,55.941029968912424,39.61417693851725,34.37001350438246,Unattained target,GPSampler,PRUNED
129,129,6.0,2026-04-21 16:53:17.965203,2026-04-21 16:53:18.043926,0 days 00:00:00.078723,-45.314346467947736,15.014775595700089,88.61654446144567,24.842695921541832,-8.867000252386244,-19.278319948348,-45.90873652231757,94.93476473682787,53.89270430610557,73.88238198227519,-12.922665998353498,79.29519817636985,Unfeasible shape,GPSampler,PRUNED
130,130,6.0,2026-04-21 16:53:18.193115,2026-04-21 16:53:18.295435,0 days 00:00:00.102320,-53.53499142893434,23.055540777733068,85.70015256498883,70.8045011458952,80.46194503161199,13.08556939573129,-54.73488458041065,82.29670785521337,62.86798803848416,65.90490137479178,0.5290268191085374,86.98632357498265,Unfeasible shape,GPSampler,PRUNED
131,131,6.0,2026-04-21 16:53:18.441160,2026-04-21 16:53:18.546716,0 days 00:00:00.105556,-37.15911890225389,25.420457558991487,32.7749640435847,27.367994472597445,-5.692258237174114,-10.972013537539677,-28.200352174309316,50.78192420887875,54.42343551498345,58.18284095031916,11.494883589591602,22.225411620813965,Unfeasible shape,GPSampler,PRUNED
132,132,6.0,2026-04-21 16:53:18.672108,2026-04-21 16:53:18.728945,0 days 00:00:00.056837,-49.34248281591397,55.81400686236238,72.78359830176342,40.3930213735723,43.39797030294385,26.241989250557737,-62.28429962703187,59.54467678822202,65.35178902411229,65.52025817469344,16.279747374062772,34.60747924962507,Unfeasible shape,GPSampler,PRUNED
133,133,11.993337211928981,2026-04-21 16:53:18.869898,2026-04-21 16:53:24.331628,0 days 00:00:05.461730,-65.34640319356117,79.45064462595113,71.53371517067016,30.18320562252087,87.69227760554223,4.647695251934827,-61.3083556324612,10.577993928120181,70.05599518298223,25.855299186112745,8.8467722319428,88.24585676744931,Unattained target,GPSampler,PRUNED
134,134,6.0,2026-04-21 16:53:24.454655,2026-04-21 16:53:24.549710,0 days 00:00:00.095055,-53.40805422337655,27.0371400325112,72.79685537769697,35.6140389115417,3.6655894528615818,-9.891380349206361,-69.69441812609381,48.6466094751581,76.42174974633545,21.26617228173574,35.186903564887544,57.62172282744072,Unfeasible shape,GPSampler,PRUNED
135,135,6.0,2026-04-21 16:53:24.676971,2026-04-21 16:53:25.261982,0 days 00:00:00.585011,-61.519554955704976,67.41546697439736,41.50532719868515,44.26558766814655,99.77647448961255,5.075357818153712,-69.88765695854907,21.894833391094288,23.197124036805384,45.59004388614899,11.92924052639647,16.312975467270615,Unfeasible shape,GPSampler,PRUNED
136,136,6.0,2026-04-21 16:53:25.478344,2026-04-21 16:53:25.557098,0 days 00:00:00.078754,-62.42137558557116,24.275648184466394,33.44260626163796,66.897186756966,20.872262905260317,59.69115059313732,-26.369493943681853,48.44378419277207,93.63085323432131,76.17114192366036,23.498230203892817,103.87808828833369,Unfeasible shape,GPSampler,PRUNED
137,137,6.0,2026-04-21 16:53:25.678097,2026-04-21 16:53:25.772741,0 days 00:00:00.094644,-30.310106497814395,69.24062174062907,63.85055304469269,58.823770636424676,-8.671545656347655,-29.985335301334164,-72.13854535065633,13.959233209903795,37.35919728245364,95.56152961567257,26.36908267591162,2.870388209033484,Unfeasible shape,GPSampler,PRUNED
138,138,6.0,2026-04-21 16:53:25.892870,2026-04-21 16:53:25.955755,0 days 00:00:00.062885,-40.53893971872693,43.8624482756531,73.27258091240428,37.86795069685308,59.95134018290361,-16.55238883357464,-50.044300696758846,48.11536399737736,44.36779745041021,48.87065263562954,-24.192534803417054,48.293472692205896,Unfeasible shape,GPSampler,PRUNED
139,139,6.0,2026-04-21 16:53:26.093853,2026-04-21 16:53:26.155116,0 days 00:00:00.061263,-59.76089730650343,97.10693922354305,81.71891735211184,61.89705804914173,104.07016596000355,14.029618700587001,-70.34639871945436,25.389942021722256,64.79797407987573,94.41925863324181,-8.424737476173387,68.40221738629421,Unfeasible shape,GPSampler,PRUNED
140,140,6.0,2026-04-21 16:53:26.311116,2026-04-21 16:53:26.376900,0 days 00:00:00.065784,-79.88048475353241,96.16990643979824,40.89338716112972,34.093226830573684,89.46283258873686,48.426601871758066,-28.18472997480658,59.5057286240637,49.877549701020435,14.680598352475322,-2.9485147264398606,21.695143079746256,Unfeasible shape,GPSampler,PRUNED
141,141,16.421761865948845,2026-04-21 16:53:26.516277,2026-04-21 16:53:31.351860,0 days 00:00:04.835583,-45.90878736667148,70.05762390758461,79.96700314349611,45.54231639660022,31.783082422003396,9.140900534736325,-50.89761776281524,45.76094947503324,79.67034794744754,18.53334344243906,9.936716319784317,32.662500396455286,Unattained target,GPSampler,PRUNED
142,142,6.0,2026-04-21 16:53:31.461870,2026-04-21 16:53:31.540934,0 days 00:00:00.079064,-40.619696848012346,37.30694304723386,47.749262736571,38.68813520934637,96.22007517314842,41.539939033198564,-55.94422156297661,96.37956161569068,26.87663570010916,12.532840918763224,-23.455218086582054,5.340126001207388,Unfeasible shape,GPSampler,PRUNED
143,143,6.0,2026-04-21 16:53:31.663125,2026-04-21 16:53:31.727120,0 days 00:00:00.063995,-50.000423993142405,25.456622499024075,34.97014805970873,30.679399491210013,52.891121594843625,7.899147785125109,-61.097957786412344,32.45423222780747,20.484990956651224,71.29473870586878,-4.515763827138414,10.86138297888165,Unfeasible shape,GPSampler,PRUNED
144,144,5.485494786531582,2026-04-21 16:53:31.852264,2026-04-21 16:53:38.720899,0 days 00:00:06.868635,-58.31903618310436,65.77971034300994,71.29839931862229,91.97340583052704,66.95300623666769,49.78830075643482,-56.12640239331871,24.861152963160084,32.111629275916954,29.35073707416426,24.41056811333388,-7.759584106760672,Unattained target,GPSampler,PRUNED
145,145,6.0,2026-04-21 16:53:38.872336,2026-04-21 16:53:38.935355,0 days 00:00:00.063019,-61.884270241459305,24.32293737826666,99.27246628289431,44.62920755865017,75.67614369848299,-12.769627346946091,-42.316306744117064,19.012822052914608,84.68255405638138,11.789642282659168,-19.47947411285841,10.173904433102674,Unfeasible shape,GPSampler,PRUNED
146,146,6.0,2026-04-21 16:53:39.058478,2026-04-21 16:53:39.167643,0 days 00:00:00.109165,-70.63669995989272,70.39832836406907,63.67312242151283,35.899186602107804,82.72177123396536,-11.165370066537204,-56.92378016986798,67.11220369485397,40.06401736619239,69.2968098327078,-7.364818234718406,105.6490757832951,Unfeasible shape,GPSampler,PRUNED
147,147,6.0,2026-04-21 16:53:39.305544,2026-04-21 16:53:39.368933,0 days 00:00:00.063389,-51.857241813841966,64.18934725022233,46.10959675973673,93.57163165172278,-2.8481932429875263,-25.60206702238489,-41.310454553972555,92.7278148392923,25.97403811452488,13.753493544049295,39.10598649721203,63.05168649823264,Unfeasible shape,GPSampler,PRUNED
148,148,6.0,2026-04-21 16:53:39.488073,2026-04-21 16:53:39.551288,0 days 00:00:00.063215,-59.75980258320305,28.51177815822488,60.05513109702194,34.00497810391699,81.43714896268251,-0.8231585774953452,-20.28700491981224,39.190141121178144,83.25851644836433,84.85972749572431,6.05745271995859,10.111440068718597,Unfeasible shape,GPSampler,PRUNED
149,149,6.0,2026-04-21 16:53:39.674012,2026-04-21 16:53:39.737554,0 days 00:00:00.063542,-45.41635064561198,98.47518040445476,84.12118270798523,43.91263995220796,110.99642034516908,14.155599075733598,-26.826197234593145,77.835253319715,92.49607695276315,72.6974574785799,-5.078508526391939,7.838225912829305,Unfeasible shape,GPSampler,PRUNED
150,150,6.0,2026-04-21 16:53:39.910401,2026-04-21 16:53:39.989702,0 days 00:00:00.079301,-50.12279936711933,96.46101592819606,32.7557024169527,93.71322693762531,102.082689167644,54.514796746435835,-35.31724882377836,42.32062181266884,84.6898504171874,21.610476162439696,12.452924749944899,27.147111670437994,Unfeasible shape,GPSampler,PRUNED
151,151,6.0,2026-04-21 16:53:40.125036,2026-04-21 16:53:40.172178,0 days 00:00:00.047142,-77.91633569505142,30.222753514714867,66.49318854617705,12.631233875326526,75.31206594616327,59.137035405323786,-51.68101334831691,81.9390902229775,81.26994311673303,38.99813651326474,23.023887523070215,-2.226303272112596,Unfeasible shape,GPSampler,PRUNED
152,152,6.0,2026-04-21 16:53:40.311174,2026-04-21 16:53:40.421788,0 days 00:00:00.110614,-61.986277350452696,98.74709666638678,67.15773469575606,78.01194069980696,37.304319316389225,62.142252022005835,-44.591711861516764,97.64075149194774,75.71559406664697,93.19581681186229,4.317033691716723,68.40267599109627,Unfeasible shape,GPSampler,PRUNED
153,153,6.0,2026-04-21 16:53:40.543308,2026-04-21 16:53:40.590801,0 days 00:00:00.047493,-47.17417210551971,43.177627086967306,54.73654863679273,26.191931703165196,77.17454837555202,61.351754369228516,-75.85498495296274,27.641018828536723,87.69465785286988,63.62427189391457,-13.803333823096764,83.32632764532032,Unfeasible shape,GPSampler,PRUNED
154,154,6.0,2026-04-21 16:53:40.745426,2026-04-21 16:53:40.808858,0 days 00:00:00.063432,-34.30216151608612,87.34447401654944,11.249293218304036,23.07623993973707,10.617741410973814,33.4085995639524,-20.437419927820834,30.834538716516672,11.429533284381314,92.92967201284542,-10.887733798516855,30.822241494817447,Unfeasible shape,GPSampler,PRUNED
155,155,6.0,2026-04-21 16:53:40.959903,2026-04-21 16:53:41.038893,0 days 00:00:00.078990,-26.29657508454182,38.248967780483355,63.663998332301446,73.67617316290364,43.388760031736815,79.90704259563547,-70.36058830950326,73.85813056043752,42.75620691320246,84.30655812557123,1.7124703718853702,78.92808946972055,Unfeasible shape,GPSampler,PRUNED
156,156,6.0,2026-04-21 16:53:41.174915,2026-04-21 16:53:41.238093,0 days 00:00:00.063178,-41.52437817977097,33.98571509838776,95.19571642837796,42.18070349690431,96.57507049470152,14.201709687494237,-47.69894557499381,19.43164048491125,89.96501422934378,26.499236830801873,-3.2447380285240435,34.030025750310685,Unfeasible shape,GPSampler,PRUNED
157,157,6.0,2026-04-21 16:53:41.375812,2026-04-21 16:53:41.470368,0 days 00:00:00.094556,-73.44395119401558,34.39772051288671,70.9653429245655,32.082472943866875,-3.4240713967146306,14.933050491241822,-30.040630375916216,57.837606380162704,92.02871111707545,20.24039552908964,-27.237947147884974,67.24308468940235,Unfeasible shape,GPSampler,PRUNED
158,158,6.0,2026-04-21 16:53:41.591609,2026-04-21 16:53:41.661422,0 days 00:00:00.069813,-67.21873012254537,76.00832630674178,31.05244637592483,37.53024217026014,100.55860928001414,27.36513612747484,-56.533445953863485,67.71922658473089,66.71899205364313,77.65988463599184,-11.397174773402412,50.27752619346364,Unfeasible shape,GPSampler,PRUNED
159,159,6.0,2026-04-21 16:53:41.789988,2026-04-21 16:53:41.869001,0 days 00:00:00.079013,-44.04272056016618,60.03451508636471,30.900051960685772,41.139751966555465,106.36621404421072,63.454096545741876,-39.0180464504366,29.650235372470387,42.92577077647256,32.0215613468379,-29.415330730115695,63.37544374507149,Unfeasible shape,GPSampler,PRUNED
160,160,6.0,2026-04-21 16:53:41.990373,2026-04-21 16:53:42.058752,0 days 00:00:00.068379,-29.21665601692078,62.0638818722898,11.605350447258814,23.04125695632507,66.80395812003883,4.483872815275035,-64.37688562613833,61.04308914841332,47.00358712641634,86.7594658695706,6.282198267212863,-4.989235804798688,Unfeasible shape,GPSampler,PRUNED
161,161,6.0,2026-04-21 16:53:42.232482,2026-04-21 16:53:42.857228,0 days 00:00:00.624746,-77.96246117182208,48.84712840821416,55.88637483254141,13.35100008413593,8.163039136937648,64.57657806775471,-50.943422025339615,30.55367964170531,56.9079688902978,89.77977464594284,0.6319969411367339,105.25717834063342,Unfeasible shape,GPSampler,PRUNED
162,162,6.0,2026-04-21 16:53:42.984911,2026-04-21 16:53:43.080403,0 days 00:00:00.095492,-73.64654322403302,32.162065711573035,74.57702769368977,32.397476745887545,18.436512744041963,-11.103884410388936,-63.00325765407419,91.11516506502892,73.13604519338554,50.50208676116636,10.174952890049084,24.516129201483267,Unfeasible shape,GPSampler,PRUNED
163,163,6.0,2026-04-21 16:53:43.221604,2026-04-21 16:53:43.343463,0 days 00:00:00.121859,-61.19057975887365,85.5218661957451,94.50338130406755,72.13402817985369,85.60279146025614,-18.133317462753027,-26.189347931089337,86.12624407002552,50.801458220817906,90.5632602116516,-15.157819828699878,74.8129806613677,Unfeasible shape,GPSampler,PRUNED
164,164,6.0,2026-04-21 16:53:43.475839,2026-04-21 16:53:43.530258,0 days 00:00:00.054419,-53.8355544809785,95.37784545804675,37.875444879674646,67.07047471341149,54.049231654850175,-29.041919892614352,-42.19681227923194,85.56511754247606,58.00821583107199,16.267296988021894,-28.316629604668694,5.848235946795397,Unfeasible shape,GPSampler,PRUNED
165,165,6.0,2026-04-21 16:53:43.667675,2026-04-21 16:53:43.716716,0 days 00:00:00.049041,-30.22661533791028,47.711428276234884,30.279452220410917,62.69603548091896,68.31649390993442,73.74147630240266,-49.392754692717645,23.02051408280543,49.271717031458344,77.82373299617116,-9.486752879833396,27.051855100051583,Unfeasible shape,GPSampler,PRUNED
166,166,6.0,2026-04-21 16:53:43.843369,2026-04-21 16:53:43.918057,0 days 00:00:00.074688,-25.225035786838717,18.50649993459664,85.63751017464094,18.94641517129031,-0.121416364041675,-6.267772193358844,-52.17478744813475,52.529900873105106,50.791150341980575,61.09689575188228,22.942143127993326,69.88609496641524,Unfeasible shape,GPSampler,PRUNED
167,167,6.0,2026-04-21 16:53:44.043468,2026-04-21 16:53:44.119157,0 days 00:00:00.075689,-63.16047248338151,11.323979441926866,61.25981503446519,33.221159012966666,-2.4490188529179004,-2.1722747999662317,-55.42542715449277,50.054297477047015,50.627789318114075,39.576494237405456,-8.150571437198934,-3.447285968978143,Unfeasible shape,GPSampler,PRUNED
168,168,6.0,2026-04-21 16:53:44.271935,2026-04-21 16:53:44.335307,0 days 00:00:00.063372,-66.17453111095259,89.96267344646299,18.676801179305862,11.180953507480659,68.94307520460545,-0.2984412497448332,-62.54145384412246,16.305524346950186,75.45727371051109,91.73990151246086,-1.355485551111073,14.161238865441916,Unfeasible shape,GPSampler,PRUNED
169,169,11.477928797662251,2026-04-21 16:53:44.497210,2026-04-21 16:53:49.775398,0 days 00:00:05.278188,-63.7495729200175,83.50612657370786,52.516194922144805,44.83372781312998,83.74494983533718,42.20743279383757,-66.82513598110172,75.50867661360132,80.91060308046289,30.712760539489324,23.17769445695567,78.28474907816215,Unattained target,GPSampler,PRUNED
170,170,5.087249558026443,2026-04-21 16:53:49.946737,2026-04-21 16:53:55.803947,0 days 00:00:05.857210,-65.26721813180964,71.90367027298697,46.21652508214943,98.24850725770435,40.57070210723762,-9.113372239786578,-62.292161118616725,56.06701360739498,75.32934127776223,93.2549650018755,14.778416033087872,44.88305596039381,Unattained target,GPSampler,PRUNED
171,171,116.87369887742659,2026-04-21 16:53:55.957415,2026-04-21 16:54:00.989126,0 days 00:00:05.031711,-64.252429290789,64.45660394299432,33.69245721118902,29.560753405875122,82.70151805784221,-1.0685384656430053,-23.866232913085184,51.75330383307615,19.48683754247225,69.61071259243855,23.498666386519247,45.51156150301325,Unattained target,GPSampler,PRUNED
172,172,6.0,2026-04-21 16:54:01.140920,2026-04-21 16:54:01.204555,0 days 00:00:00.063635,-57.12345821667134,35.06490842697121,65.2185081099592,84.25885955844282,50.48062583388415,16.326316618368686,-78.4556048138358,54.145384044052406,47.59052776001026,97.8878536402687,27.614268239976518,29.65759157501497,Unfeasible shape,GPSampler,PRUNED
173,173,0.07908873842476538,2026-04-21 16:54:01.339969,2026-04-21 16:54:09.187876,0 days 00:00:07.847907,-63.86550731441017,74.51821216794582,36.62078409978989,54.18592352089962,86.39341909747829,43.26956890287906,-67.09554489266174,13.172185110275805,78.54110985131796,28.119428083525843,21.490008294388815,77.977796889102,,GPSampler,COMPLETE
174,174,6.0,2026-04-21 16:54:10.368983,2026-04-21 16:54:10.431856,0 days 00:00:00.062873,-53.72042282514697,82.5108412505589,86.87354040948688,60.912381021518016,55.46821859006553,-22.119716333280188,-28.301622005175048,47.11329339182744,61.22337816870701,85.91655765580096,35.21221737840108,43.3121745878854,Unfeasible shape,GPSampler,PRUNED
175,175,6.0,2026-04-21 16:54:10.552033,2026-04-21 16:54:10.615672,0 days 00:00:00.063639,-59.69454179735796,28.504534041092807,88.6588462166291,59.242911414197266,105.80489096410597,27.337473985742378,-26.68314141451527,17.587072328571345,80.10352182601804,41.81066982585483,-6.346194759079712,20.548299057775715,Unfeasible shape,GPSampler,PRUNED
176,176,11.29732815876352,2026-04-21 16:54:10.750886,2026-04-21 16:54:15.937411,0 days 00:00:05.186525,-46.3040543157451,77.11867056712275,88.81067618571142,93.6216051409058,60.32723299947881,48.138531029225135,-40.42237672703235,51.722539697949216,28.32528427060739,73.06219828906077,-5.402722656717231,70.3737143036345,Unattained target,GPSampler,PRUNED
177,177,6.0,2026-04-21 16:54:16.076551,2026-04-21 16:54:16.155154,0 days 00:00:00.078603,-65.58080679140059,48.13048624581288,12.785478578430935,53.29219558591011,41.92355140081956,78.92409676153278,-73.7001382381087,86.88120595626638,49.46240016382706,37.496575944129084,-7.973538346426544,38.76516497121797,Unfeasible shape,GPSampler,PRUNED
178,178,6.0,2026-04-21 16:54:16.300624,2026-04-21 16:54:16.340758,0 days 00:00:00.040134,-27.144512330241447,13.389597478926024,20.872313546515315,95.8204317285587,43.98316004465607,25.009515726534474,-30.05850832895581,14.070716659312588,21.716971765874604,55.90361411172188,-20.839884430774127,35.43358896580751,Unfeasible shape,GPSampler,PRUNED
179,179,6.0,2026-04-21 16:54:16.485592,2026-04-21 16:54:16.581769,0 days 00:00:00.096177,-43.53612020938481,86.44810577841268,96.69516846495519,39.810873540747906,7.8719019342875605,47.88106526276579,-58.68829839594463,98.27704593768215,28.582484431039994,87.47220233004288,20.646724555764692,26.338572447138176,Unfeasible shape,GPSampler,PRUNED
180,180,21.62899040860843,2026-04-21 16:54:16.704928,2026-04-21 16:54:21.194030,0 days 00:00:04.489102,-39.25264475386498,19.02256784317933,51.87412907885463,67.67682125938592,69.8384219921079,28.155075679491674,-21.953411534339274,26.848151652107873,59.974061374700625,40.53733390561665,-9.650970496703934,40.27275078722458,Unattained target,GPSampler,PRUNED
181,181,5.232566576106024,2026-04-21 16:54:21.330494,2026-04-21 16:54:27.802687,0 days 00:00:06.472193,-46.559292498532976,53.18672311169757,78.28195120048905,92.50117052335273,18.953419250204174,54.44230506612796,-55.99917629475932,33.8702848663861,97.03661188429115,56.912180511739784,-2.1122610966644295,107.51697042166754,Unattained target,GPSampler,PRUNED
182,182,7.631282964687536,2026-04-21 16:54:27.912734,2026-04-21 16:54:32.498015,0 days 00:00:04.585281,-48.17668468543265,89.56799791610305,50.041619896411376,57.68355408065444,50.198248917427286,30.873600164737418,-56.69571020101463,25.14495271719857,63.63501525685063,73.59228445915934,21.87555637139417,57.91635700563998,Unattained target,GPSampler,PRUNED
183,183,6.0,2026-04-21 16:54:32.652323,2026-04-21 16:54:32.748671,0 days 00:00:00.096348,-43.61662100491182,63.064144034602485,60.79741653518764,43.12981454417361,15.408731900680745,-15.857320724566032,-31.708699339354652,16.861496822403033,85.8995063736079,79.88336900642064,-28.268510000683968,41.628437260987255,Unfeasible shape,GPSampler,PRUNED
184,184,6.0,2026-04-21 16:54:32.901618,2026-04-21 16:54:32.997433,0 days 00:00:00.095815,-72.80071200011956,59.92066917446704,69.7559348993951,66.48119786982673,-1.6689233770373448,4.892750225524296,-33.76690050702669,29.644513702036253,94.51392867148573,54.82962685636889,1.9981463496189562,79.61163695896929,Unfeasible shape,GPSampler,PRUNED
