,number,value,datetime_start,datetime_complete,duration,params_lLegPt.rA1,params_lLegPt.rL0,params_lLegPt.rL1,params_lLegPt.rL2,params_lLegPt.x1,params_lLegPt.y1,params_sLegPt.rA1,params_sLegPt.rL0,params_sLegPt.rL1,params_sLegPt.rL2,params_sLegPt.x1,params_sLegPt.y1,user_attrs_prune,system_attrs_auto:sampler,state
910,910,6.0,2026-04-21 17:02:33.771886,2026-04-21 17:02:33.960871,0 days 00:00:00.188985,-72.07586792223717,60.26448015592759,10.0,60.25140170166238,51.55119504798894,17.879617971924937,-71.24683303888864,17.999344272146356,56.32509561525448,69.58796105974257,40.0,40.83843059496633,Unfeasible shape,GPSampler,PRUNED
911,911,6.0,2026-04-21 17:02:34.106232,2026-04-21 17:02:34.208394,0 days 00:00:00.102162,-72.09059286415908,60.47500627189565,10.0,60.05416133586518,51.58922005703191,17.879278596619166,-71.25820146902643,17.987469617223645,56.29344917246374,69.92820307771208,40.0,40.91757656806067,Unfeasible shape,GPSampler,PRUNED
912,912,6.0,2026-04-21 17:02:34.325442,2026-04-21 17:02:34.419907,0 days 00:00:00.094465,-72.02108522528358,60.316712662376,10.0,60.13514454424938,51.59586413678012,17.897923699558504,-71.25953979692119,17.945297139517805,56.33132117335236,69.75485845347546,40.0,40.810198891374206,Unfeasible shape,GPSampler,PRUNED
913,913,6.0,2026-04-21 17:02:34.560945,2026-04-21 17:02:34.664257,0 days 00:00:00.103312,-72.06018998724804,60.33686239674245,10.0,60.182819348257176,51.420003635064106,17.93058815794172,-71.36445842364229,17.97372479372622,56.43882015847575,69.76384577552285,40.0,40.84629064194523,Unfeasible shape,GPSampler,PRUNED
914,914,6.0,2026-04-21 17:02:34.793740,2026-04-21 17:02:34.906359,0 days 00:00:00.112619,-72.07634509960099,60.29924702175138,10.0,60.127950802839514,51.626786825619796,17.83800375064242,-71.31315226222071,17.93837797262659,56.35051348701621,69.84374916057656,40.0,40.89838802796061,Unfeasible shape,GPSampler,PRUNED
915,915,6.0,2026-04-21 17:02:35.031971,2026-04-21 17:02:35.217359,0 days 00:00:00.185388,-72.02154285959031,60.36708282043182,10.0,60.05091613255878,51.516685292494024,17.894591081647548,-71.35796289129787,18.003270434422642,56.397190304114474,69.80405164032247,40.0,40.924444862302124,Unfeasible shape,GPSampler,PRUNED
916,916,6.0,2026-04-21 17:02:35.366501,2026-04-21 17:02:35.480658,0 days 00:00:00.114157,-72.05809666434851,60.35921459853433,10.0,60.126589050199875,51.55131802708979,17.891166678571167,-71.26898855175193,17.989967770560114,56.314501127244924,69.83437640392319,40.0,40.87649235623524,Unfeasible shape,GPSampler,PRUNED
917,917,6.0,2026-04-21 17:02:35.607336,2026-04-21 17:02:35.705418,0 days 00:00:00.098082,-72.06016299636157,60.436419624032645,10.0,59.96290961150189,51.7979643422417,17.901060216651857,-71.22658108467343,18.004320316103623,56.19932215145605,70.09679578959239,40.0,40.897628896610556,Unfeasible shape,GPSampler,PRUNED
918,918,6.0,2026-04-21 17:02:35.817238,2026-04-21 17:02:35.980610,0 days 00:00:00.163372,-72.01574615949622,60.36788826245959,10.0,60.18468899961113,51.548967610266494,17.843912134763748,-71.22209579473132,17.883776652533673,56.26331029187935,69.68393391149299,40.0,40.72281230352764,Unfeasible shape,GPSampler,PRUNED
919,919,6.0,2026-04-21 17:02:36.086802,2026-04-21 17:02:36.194798,0 days 00:00:00.107996,-72.08119105418757,60.37836445866949,10.0,60.149390123912305,51.48048542696698,17.898808615388198,-71.2481808217188,18.08763697561237,56.30951420620239,70.01580062422647,40.0,40.961107188834724,Unfeasible shape,GPSampler,PRUNED
920,920,6.0,2026-04-21 17:02:36.306999,2026-04-21 17:02:36.501820,0 days 00:00:00.194821,-71.97185214409186,60.30146785110652,10.0,60.15000801358778,51.71358406058234,17.9065683750851,-71.29618367287321,18.06132963636506,56.23411912272395,69.65866719312876,40.0,40.930800384872384,Unfeasible shape,GPSampler,PRUNED
921,921,6.0,2026-04-21 17:02:36.629793,2026-04-21 17:02:36.735569,0 days 00:00:00.105776,-72.0007332379066,60.34532302514986,10.0,60.17555507693813,51.61758471756973,17.822571212778797,-71.19587157611694,18.091948484299785,56.25736676271029,69.88687802505453,40.0,40.91053224123727,Unfeasible shape,GPSampler,PRUNED
922,922,6.0,2026-04-21 17:02:36.851271,2026-04-21 17:02:36.955876,0 days 00:00:00.104605,-72.06640407719733,60.31792909325612,10.0,60.181748720652635,51.47856195865239,17.846035635032543,-71.2750857369572,17.92283112808386,56.37209289166008,69.62118479119397,40.0,40.78087418234148,Unfeasible shape,GPSampler,PRUNED
923,923,6.0,2026-04-21 17:02:37.077417,2026-04-21 17:02:37.178448,0 days 00:00:00.101031,-72.04774695135232,60.27750653322333,10.0,60.16925049598812,51.3996986885217,17.802960708805365,-71.31305895179861,17.89073833648289,56.373763882560596,69.6827123730337,40.0,40.77712156263593,Unfeasible shape,GPSampler,PRUNED
924,924,6.0,2026-04-21 17:02:37.289080,2026-04-21 17:02:37.460327,0 days 00:00:00.171247,-72.05719570448844,60.29033182013766,10.0,60.15582898515792,51.474190163597456,17.885743038110334,-71.23705907061296,17.914528457858317,56.30013440203363,69.78233140089438,40.0,40.79240461950778,Unfeasible shape,GPSampler,PRUNED
925,925,6.0,2026-04-21 17:02:37.595381,2026-04-21 17:02:37.711231,0 days 00:00:00.115850,-72.0292373246112,60.203422091974424,10.0,60.28135933883658,51.73843681590336,17.85629799578146,-71.18979398548984,18.05560378518454,56.37287900931531,69.7700365479005,40.0,40.91443478913044,Unfeasible shape,GPSampler,PRUNED
926,926,6.0,2026-04-21 17:02:37.881615,2026-04-21 17:02:37.989175,0 days 00:00:00.107560,-72.06123039519359,60.29720014634265,10.0,60.143267084767395,51.542302571902745,17.878680361630977,-71.27434143659258,17.900910700473833,56.39393119294033,69.706763408845,40.0,40.88280480053911,Unfeasible shape,GPSampler,PRUNED
927,927,6.0,2026-04-21 17:02:38.111724,2026-04-21 17:02:38.208891,0 days 00:00:00.097167,-72.01413183116416,60.294500901463685,10.0,60.165400736774586,51.480415442666526,17.856519578784315,-71.32622866710103,17.95454349861857,56.46515057184973,69.56514495789074,40.0,40.83951129770962,Unfeasible shape,GPSampler,PRUNED
928,928,6.0,2026-04-21 17:02:38.318480,2026-04-21 17:02:38.464025,0 days 00:00:00.145545,-72.04213011910502,60.34531071631776,10.0,60.104758725561744,51.54757970938072,17.883562447811705,-71.24428574840564,17.99276574157296,56.26227264444523,69.86002140068248,40.0,40.88322234005334,Unfeasible shape,GPSampler,PRUNED
929,929,6.0,2026-04-21 17:02:38.582025,2026-04-21 17:02:38.678364,0 days 00:00:00.096339,-72.02109832006266,60.30263111383953,10.0,60.15455193005524,51.440786499608464,17.860734433598203,-71.30946995097165,17.954102350401108,56.34756597811186,69.80911032045228,40.0,40.816355840101245,Unfeasible shape,GPSampler,PRUNED
930,930,6.0,2026-04-21 17:02:38.789421,2026-04-21 17:02:38.978113,0 days 00:00:00.188692,-72.03492172003921,60.429171803108446,10.0,60.15699501522466,51.35943845662517,17.904443885545355,-71.29165409064888,18.078187949832227,56.42613064927875,69.77216890169194,40.0,40.81477059164651,Unfeasible shape,GPSampler,PRUNED
931,931,6.0,2026-04-21 17:02:39.125044,2026-04-21 17:02:39.246433,0 days 00:00:00.121389,-71.99091326366579,60.31857238607496,10.0,60.19447767112845,51.53996426260047,17.858700710076313,-71.24379749275694,17.915508811443864,56.32621875663962,69.68997268976214,40.0,40.787016126701054,Unfeasible shape,GPSampler,PRUNED
932,932,6.0,2026-04-21 17:02:39.356380,2026-04-21 17:02:39.453770,0 days 00:00:00.097390,-72.04013006419964,60.32694077541461,10.0,60.123511545367855,51.50391016698828,17.871427157766433,-71.28058223893794,17.957937047789102,56.320658843865296,69.7698240683896,40.0,40.843139130200875,Unfeasible shape,GPSampler,PRUNED
933,933,6.0,2026-04-21 17:02:39.582171,2026-04-21 17:02:39.788634,0 days 00:00:00.206463,-72.06872600996799,60.3667820079888,10.0,60.212734158221295,51.29047123269012,17.889053668288284,-71.33759401618576,17.942284612789344,56.48474280411718,69.63406079573934,40.0,40.70254951483533,Unfeasible shape,GPSampler,PRUNED
934,934,6.0,2026-04-21 17:02:39.913713,2026-04-21 17:02:40.021350,0 days 00:00:00.107637,-72.08522424323739,60.54410480530105,10.0,59.981834340301965,51.3207596570417,17.841460984433887,-71.23936516577115,17.843957220019465,56.6371012095521,69.5343451837425,40.0,40.797173692983236,Unfeasible shape,GPSampler,PRUNED
935,935,6.0,2026-04-21 17:02:40.162756,2026-04-21 17:02:40.367273,0 days 00:00:00.204517,-72.01603185054714,60.343302666449894,10.0,60.15339438556921,51.573480193294124,17.834627689023336,-71.26050420268314,17.94067466897759,56.28321842061558,69.80644343728335,40.0,40.82325544478196,Unfeasible shape,GPSampler,PRUNED
936,936,6.0,2026-04-21 17:02:40.501837,2026-04-21 17:02:40.612788,0 days 00:00:00.110951,-72.09178153473255,60.37610320018553,10.0,60.11830784957922,51.55247756744207,17.882735201645716,-71.28015469499705,17.918772639910244,56.32916289633546,69.77666266125394,40.0,40.83567321071253,Unfeasible shape,GPSampler,PRUNED
937,937,6.0,2026-04-21 17:02:40.715816,2026-04-21 17:02:40.811315,0 days 00:00:00.095499,-72.03306015968043,60.27684411844605,10.0,60.13677004464916,51.5864561570871,17.86774145485637,-71.2386016524231,17.92497882507138,56.39635932710252,69.78799149948243,40.0,40.80795816676795,Unfeasible shape,GPSampler,PRUNED
938,938,6.0,2026-04-21 17:02:40.934688,2026-04-21 17:02:41.023774,0 days 00:00:00.089086,-71.96061295503267,60.37461331337497,10.0,60.334891615313765,51.54417068042233,17.82768116654028,-71.31204872968479,17.91427694524355,56.54652007457482,69.48659473210274,40.0,40.70597255446975,Unfeasible shape,GPSampler,PRUNED
939,939,6.0,2026-04-21 17:02:41.141720,2026-04-21 17:02:41.254009,0 days 00:00:00.112289,-72.08317615465538,60.5445110016236,10.0,60.13324265902256,51.49406784425368,17.887920948659406,-71.337189942355,17.953651603800704,56.34755553942845,69.79737207838457,40.0,40.84969964872543,Unfeasible shape,GPSampler,PRUNED
940,940,6.0,2026-04-21 17:02:41.369166,2026-04-21 17:02:41.575754,0 days 00:00:00.206588,-72.0089970486866,60.41672076368584,10.0,60.18956076152523,51.50381872744208,17.867998459466783,-71.35011489121459,18.0358801358028,56.377482212826415,69.73804186802454,40.0,40.790215896196585,Unfeasible shape,GPSampler,PRUNED
941,941,6.0,2026-04-21 17:02:41.712657,2026-04-21 17:02:41.812591,0 days 00:00:00.099934,-72.02789761137119,60.325150019640745,10.0,60.21606625080533,51.484767664428,17.859596682132832,-71.29786827212082,17.871632144590002,56.33064199452493,69.66536552736035,40.0,40.77338303486105,Unfeasible shape,GPSampler,PRUNED
942,942,6.0,2026-04-21 17:02:41.934803,2026-04-21 17:02:42.034557,0 days 00:00:00.099754,-72.03315099982673,60.259856200644215,10.0,60.17685232676375,51.42915925386212,17.832670266569686,-71.27609941422959,17.987728045167675,56.235399266482254,69.8420841676598,40.0,40.827449187040806,Unfeasible shape,GPSampler,PRUNED
943,943,6.0,2026-04-21 17:02:42.155799,2026-04-21 17:02:42.261955,0 days 00:00:00.106156,-72.05370786185658,60.30905705716576,10.0,60.110513631263565,51.640620053487794,17.87632785042254,-71.2814896905831,17.971759661791147,56.28883139941712,69.83519695779638,40.0,40.82996905391493,Unfeasible shape,GPSampler,PRUNED
944,944,6.0,2026-04-21 17:02:42.421830,2026-04-21 17:02:42.548224,0 days 00:00:00.126394,-72.01320610283258,60.24743781374033,10.0,60.210106081643566,51.641321007469166,17.901239559864322,-71.31944543206855,18.009478142561086,56.39870010246527,69.66861045476188,40.0,40.85410556497537,Unfeasible shape,GPSampler,PRUNED
945,945,6.0,2026-04-21 17:02:42.667174,2026-04-21 17:02:42.762199,0 days 00:00:00.095025,-72.0522053277391,60.3715452820123,10.0,60.030829628603854,51.69945339265803,17.910862306283562,-71.2399407552295,18.028092543104925,56.25200946536467,69.9976937147728,40.0,40.9792477508173,Unfeasible shape,GPSampler,PRUNED
946,946,6.0,2026-04-21 17:02:42.885172,2026-04-21 17:02:42.974202,0 days 00:00:00.089030,-72.02668722269775,60.35913948605484,10.0,60.172051551824985,51.45135223760028,17.904507119039387,-71.33294225713709,17.82718119018902,56.55672381576303,69.44952483980052,40.0,40.815437533144014,Unfeasible shape,GPSampler,PRUNED
947,947,6.0,2026-04-21 17:02:43.122268,2026-04-21 17:02:43.223757,0 days 00:00:00.101489,-71.99950288186457,60.43296999181918,10.0,60.04091512297726,51.534654738952185,17.886303699455915,-71.20600492891583,17.982408776689923,56.21816337344146,69.79567538903508,40.0,40.92501553717159,Unfeasible shape,GPSampler,PRUNED
948,948,6.0,2026-04-21 17:02:43.334336,2026-04-21 17:02:43.513142,0 days 00:00:00.178806,-72.03660043490312,60.339637794953,10.0,60.10741066172461,51.685941396884246,17.8579497220175,-71.26650956448941,18.136393301221357,56.281546607367716,69.80381396860685,40.0,40.88580090959612,Unfeasible shape,GPSampler,PRUNED
949,949,6.0,2026-04-21 17:02:43.642517,2026-04-21 17:02:43.751472,0 days 00:00:00.108955,-72.00546655919757,60.31088662386584,10.0,60.19804032507461,51.3683007776101,17.836807904861423,-71.27140336252464,17.995881696328638,56.34620272100387,69.67672773407989,40.0,40.795009017291164,Unfeasible shape,GPSampler,PRUNED
950,950,6.0,2026-04-21 17:02:43.858143,2026-04-21 17:02:43.972398,0 days 00:00:00.114255,-72.03506995875131,60.454435129770786,10.0,60.195930891922735,51.54255369750974,17.903697769854134,-71.23364605233897,17.839375542608423,56.24656243374967,69.68472844599083,40.0,40.76267994760395,Unfeasible shape,GPSampler,PRUNED
951,951,6.0,2026-04-21 17:02:44.118347,2026-04-21 17:02:44.229639,0 days 00:00:00.111292,-72.12606159485078,60.333983506030684,10.0,60.081945910342256,51.713078398885756,17.894223546270716,-71.17997095786868,18.026371907374177,56.16080043415216,69.85748988379629,40.0,40.931215670372616,Unfeasible shape,GPSampler,PRUNED
952,952,6.0,2026-04-21 17:02:44.347548,2026-04-21 17:02:44.426673,0 days 00:00:00.079125,-72.03196948437979,60.30766553506889,10.0,60.179032923106966,51.49863607789302,17.881452750373356,-71.32273097654598,17.950174171699746,56.374124242904095,69.72718845354883,40.0,40.84239609004499,Unfeasible shape,GPSampler,PRUNED
953,953,6.0,2026-04-21 17:02:44.547214,2026-04-21 17:02:44.661866,0 days 00:00:00.114652,-72.09311945893741,60.3796075922542,10.0,60.08532967302636,51.61282055756194,17.886310155216485,-71.24103210127734,18.033412031517727,56.26253381616493,69.89576168636131,40.0,40.86963646986172,Unfeasible shape,GPSampler,PRUNED
954,954,6.0,2026-04-21 17:02:44.790235,2026-04-21 17:02:44.900728,0 days 00:00:00.110493,-72.03321940591243,60.274304307486865,10.0,60.218435931181546,51.52083975827301,17.868115058063943,-71.32507693807335,17.899704332046287,56.33976752790827,69.66140121944028,40.0,40.771997614451045,Unfeasible shape,GPSampler,PRUNED
955,955,6.0,2026-04-21 17:02:45.005746,2026-04-21 17:02:45.131590,0 days 00:00:00.125844,-72.03163330145566,60.27839759053551,10.0,60.173894447914535,51.456656661800444,17.845737479517588,-71.28118075375912,17.940192414557636,56.409934479229776,69.69542924312391,40.0,40.79507930339501,Unfeasible shape,GPSampler,PRUNED
956,956,6.0,2026-04-21 17:02:45.258910,2026-04-21 17:02:45.448560,0 days 00:00:00.189650,-72.02585319983609,60.25234812662698,10.0,60.220668846266776,51.42601478848793,17.837434030847568,-71.32081438740882,17.976655058806312,56.51855212631486,69.52017940170401,40.0,40.81737982983448,Unfeasible shape,GPSampler,PRUNED
957,957,6.0,2026-04-21 17:02:45.632737,2026-04-21 17:02:45.743483,0 days 00:00:00.110746,-72.05117225877136,60.30185963144011,10.0,60.16315026644321,51.59440460514764,17.871548710471444,-71.2613601503041,18.000617961334427,56.299644740478755,69.79899812640761,40.0,40.8533589715495,Unfeasible shape,GPSampler,PRUNED
958,958,6.0,2026-04-21 17:02:45.862393,2026-04-21 17:02:45.957418,0 days 00:00:00.095025,-72.07050656103794,60.27338079775353,10.0,60.13317529406613,51.48766794560738,17.891440262638916,-71.28349675546471,18.087760783404885,56.395406381726914,69.87544029415825,40.0,40.95755934227279,Unfeasible shape,GPSampler,PRUNED
959,959,6.0,2026-04-21 17:02:46.075837,2026-04-21 17:02:46.225271,0 days 00:00:00.149434,-72.00536676707979,60.287005840772856,10.0,60.16229838367417,51.54954393937475,17.866056280503386,-71.30791910968797,17.96088332760321,56.35109516745405,69.69225142099921,40.0,40.75684303530303,Unfeasible shape,GPSampler,PRUNED
960,960,6.0,2026-04-21 17:02:46.335881,2026-04-21 17:02:46.435687,0 days 00:00:00.099806,-72.07698996651796,60.28807079778473,10.0,60.1413097117161,51.550846957164126,17.865943730529672,-71.28178987769195,18.002364685006018,56.30877556003396,69.74309929692436,40.0,40.82730549383005,Unfeasible shape,GPSampler,PRUNED
961,961,6.0,2026-04-21 17:02:46.550393,2026-04-21 17:02:46.730244,0 days 00:00:00.179851,-72.06230910484264,60.295809749105715,10.0,60.12232016285632,51.467256964491725,17.89457835776765,-71.2901147369111,17.869737228682002,56.33852757861039,69.73080603211834,40.0,40.8319122459268,Unfeasible shape,GPSampler,PRUNED
962,962,6.0,2026-04-21 17:02:46.873619,2026-04-21 17:02:46.982505,0 days 00:00:00.108886,-72.05527225209845,60.337253589867906,10.0,59.98079932792888,51.50218888000885,17.84582541213117,-71.30480728626111,17.98137348628883,56.27812759226942,69.87634847690734,40.0,40.883052479381824,Unfeasible shape,GPSampler,PRUNED
963,963,6.0,2026-04-21 17:02:47.092344,2026-04-21 17:02:47.185474,0 days 00:00:00.093130,-71.98201025130535,60.26661973467328,10.0,60.12132588285467,51.46584278335085,17.8887030495222,-71.25326561402933,17.85466492690057,56.364378012538474,69.6639663815807,40.0,40.82320046591929,Unfeasible shape,GPSampler,PRUNED
964,964,6.0,2026-04-21 17:02:47.299634,2026-04-21 17:02:47.471649,0 days 00:00:00.172015,-72.03039399827769,60.272140991054286,10.0,60.18791237996126,51.62296520125232,17.868683778604712,-71.27307181000056,17.936528378900135,56.27418392026626,69.7287820421729,40.0,40.84459094052974,Unfeasible shape,GPSampler,PRUNED
965,965,6.0,2026-04-21 17:02:47.599662,2026-04-21 17:02:47.710153,0 days 00:00:00.110491,-72.02006423152346,60.359564598154805,10.0,60.14781759376963,51.550754407603655,17.892802283983563,-71.33822935542418,17.92360583367624,56.4476189923074,69.60531999615225,40.0,40.85459312673949,Unfeasible shape,GPSampler,PRUNED
966,966,6.0,2026-04-21 17:02:47.818859,2026-04-21 17:02:47.924371,0 days 00:00:00.105512,-72.04798831946547,60.38888008652763,10.0,60.08378360974032,51.60539444544031,17.851781943180406,-71.34472536825976,18.050225314957657,56.3233211111722,69.86615998783908,40.0,40.81283370499285,Unfeasible shape,GPSampler,PRUNED
967,967,6.0,2026-04-21 17:02:48.038619,2026-04-21 17:02:48.215808,0 days 00:00:00.177189,-72.05561550929738,60.34784369250011,10.0,60.11850748025451,51.53000335751423,17.872699080149147,-71.26405375054372,18.034533525851455,56.323279241052035,69.88599519341,40.0,40.870601612575534,Unfeasible shape,GPSampler,PRUNED
968,968,6.0,2026-04-21 17:02:48.361325,2026-04-21 17:02:48.472174,0 days 00:00:00.110849,-72.02639632875113,60.31202276481828,10.0,60.16438917062039,51.497641804174734,17.879785646572543,-71.28196082303278,17.964572973598084,56.34740274576162,69.73891525882371,40.0,40.85213292148692,Unfeasible shape,GPSampler,PRUNED
969,969,6.0,2026-04-21 17:02:48.656162,2026-04-21 17:02:48.767631,0 days 00:00:00.111469,-72.02142079121134,60.243094734867505,10.0,60.18175534121349,51.59678155055881,17.883852026264897,-71.3108860912352,17.967381138782944,56.29258602792799,69.76199165677042,40.0,40.84937399017904,Unfeasible shape,GPSampler,PRUNED
970,970,6.0,2026-04-21 17:02:48.904026,2026-04-21 17:02:49.017416,0 days 00:00:00.113390,-72.07341561304268,60.4002205708739,10.0,60.1119580430548,51.68965721352047,17.857660247232353,-71.31233283024439,17.899402017076735,56.30902174321431,69.76918270139802,40.0,40.77729201035144,Unfeasible shape,GPSampler,PRUNED
971,971,6.0,2026-04-21 17:02:49.159483,2026-04-21 17:02:49.269570,0 days 00:00:00.110087,-72.03916867792891,60.38122431202672,10.0,60.11779325830912,51.436981056961656,17.83777706345589,-71.27540955883343,17.856911121293244,56.47431690723174,69.61498900842095,40.0,40.83002161539792,Unfeasible shape,GPSampler,PRUNED
972,972,6.0,2026-04-21 17:02:49.374910,2026-04-21 17:02:49.477661,0 days 00:00:00.102751,-72.03171679528442,60.38351906392732,10.0,60.133128096720114,51.525052398293475,17.895128018835138,-71.27559480530853,17.996074076816885,56.280515965715665,69.82814586413062,40.0,40.82027896869357,Unfeasible shape,GPSampler,PRUNED
973,973,6.0,2026-04-21 17:02:49.598268,2026-04-21 17:02:49.781596,0 days 00:00:00.183328,-71.98084507671675,60.32929880909887,10.0,60.27188899463607,51.45870880528164,17.828470486477926,-71.35587123380463,17.914749782994477,56.31191221233665,69.66554837487624,40.0,40.7955279397164,Unfeasible shape,GPSampler,PRUNED
974,974,6.0,2026-04-21 17:02:49.922196,2026-04-21 17:02:50.081124,0 days 00:00:00.158928,-72.01571016760856,60.29118217762581,10.0,60.13924996100754,51.54619443514397,17.863527876622328,-71.25750668533,18.02491734884491,56.35676533279582,69.7890758796357,40.0,40.84175532086849,Unfeasible shape,GPSampler,PRUNED
975,975,6.0,2026-04-21 17:02:50.198215,2026-04-21 17:02:50.300052,0 days 00:00:00.101837,-72.030137799993,60.314707411743676,10.0,60.14451145428351,51.50115635852491,17.869743930114304,-71.28243902150426,17.970851565065768,56.34786589170554,69.73889139603601,40.0,40.834907585984624,Unfeasible shape,GPSampler,PRUNED
976,976,6.0,2026-04-21 17:02:50.414538,2026-04-21 17:02:50.545273,0 days 00:00:00.130735,-72.02593070203316,60.391977897174556,10.0,60.11593539330897,51.66999952926899,17.871908395479302,-71.30126474299739,18.01274502739122,56.316807801202906,69.79821969858654,40.0,40.79840684878566,Unfeasible shape,GPSampler,PRUNED
977,977,6.0,2026-04-21 17:02:50.652856,2026-04-21 17:02:50.834979,0 days 00:00:00.182123,-72.01422501223104,60.414423785607006,10.0,60.13508910473435,51.61136169278788,17.903330499187476,-71.22902529018566,18.066621140166994,56.2381237695595,69.89856926907463,40.0,40.92832371419343,Unfeasible shape,GPSampler,PRUNED
