,number,value,datetime_start,datetime_complete,duration,params_lLegPt.rA1,params_lLegPt.rL0,params_lLegPt.rL1,params_lLegPt.rL2,params_lLegPt.x1,params_lLegPt.y1,params_sLegPt.rA1,params_sLegPt.rL0,params_sLegPt.rL1,params_sLegPt.rL2,params_sLegPt.x1,params_sLegPt.y1,user_attrs_prune,system_attrs_auto:sampler,state
434,434,6.0,2026-04-21 17:00:26.650992,2026-04-21 17:00:26.848695,0 days 00:00:00.197703,-72.05180508955095,60.37188593409964,10.0,60.125223042847786,51.614276857237556,17.88148243681737,-71.26167725672255,17.96603533903771,56.299416355721924,69.79796038309003,40.0,40.83985112198329,Unfeasible shape,GPSampler,PRUNED
435,435,6.0,2026-04-21 17:00:26.988852,2026-04-21 17:00:27.084391,0 days 00:00:00.095539,-72.07136103860626,60.20344488369936,10.0,60.210612040742845,51.357155979268974,17.813908311688188,-71.38945275968865,17.828587727465596,56.37052269751748,69.76859342654629,40.0,40.72972215298752,Unfeasible shape,GPSampler,PRUNED
436,436,6.0,2026-04-21 17:00:27.249545,2026-04-21 17:00:27.344090,0 days 00:00:00.094545,-72.07112958787974,60.36252836890786,10.0,60.0185538063041,51.516792749446,17.893828370705883,-71.25375111506607,17.98207356953496,56.249991464358274,69.82130827762921,40.0,40.92005793402273,Unfeasible shape,GPSampler,PRUNED
437,437,6.0,2026-04-21 17:00:27.478804,2026-04-21 17:00:27.871227,0 days 00:00:00.392423,-72.03796940456705,60.35722051785504,10.0,60.15879758589418,51.54362672614825,17.889534756653326,-71.30327162604158,18.015353848067537,56.25335520633859,69.808991418549,40.0,40.86562787896081,Unfeasible shape,GPSampler,PRUNED
438,438,6.0,2026-04-21 17:00:28.001062,2026-04-21 17:00:28.106840,0 days 00:00:00.105778,-72.03628033321655,60.3237936205279,10.0,60.124371073430986,51.52464255558133,17.880063525975984,-71.25805872458007,17.966576164135304,56.328798538403646,69.77017731034542,40.0,40.84466091329503,Unfeasible shape,GPSampler,PRUNED
439,439,6.0,2026-04-21 17:00:28.229444,2026-04-21 17:00:28.584155,0 days 00:00:00.354711,-72.04021086059402,60.33337572858532,10.0,60.16508705653881,51.511033411326494,17.876303252437978,-71.29126765220398,17.963687412767374,56.33393790913194,69.76073492298087,40.0,40.83180933630701,Unfeasible shape,GPSampler,PRUNED
440,440,6.0,2026-04-21 17:00:28.754941,2026-04-21 17:00:28.858304,0 days 00:00:00.103363,-72.02625903156424,60.2566281913642,10.0,60.12274640873985,51.58574634924653,17.83537780445848,-71.28738201366818,18.003285511887434,56.34596749631629,69.79908676494705,40.0,40.86931904996018,Unfeasible shape,GPSampler,PRUNED
441,441,6.0,2026-04-21 17:00:29.042255,2026-04-21 17:00:29.157155,0 days 00:00:00.114900,-72.01757740209646,60.25634812253471,10.0,60.20717722763062,51.41882035904725,17.9254809438141,-71.28074736010092,17.978710672361153,56.3000693523539,69.71089004715662,40.0,40.82753257638739,Unfeasible shape,GPSampler,PRUNED
442,442,6.0,2026-04-21 17:00:29.269804,2026-04-21 17:00:29.407884,0 days 00:00:00.138080,-72.00425145371103,60.338507395894396,10.0,60.14028857859287,51.72730823690213,17.84663283621814,-71.23820516371605,18.04046367649486,56.27314882605441,69.89159769583605,40.0,40.91174526499619,Unfeasible shape,GPSampler,PRUNED
443,443,6.0,2026-04-21 17:00:29.524012,2026-04-21 17:00:29.628260,0 days 00:00:00.104248,-72.04732947322479,60.33241543412451,10.0,60.12840482360478,51.46727508381323,17.843523377213998,-71.2774555880259,17.983046481665305,56.33077575794773,69.78394914612275,40.0,40.85614040913241,Unfeasible shape,GPSampler,PRUNED
444,444,6.0,2026-04-21 17:00:29.744813,2026-04-21 17:00:29.840258,0 days 00:00:00.095445,-72.00343328521649,60.28602725453929,10.0,60.079170283795136,51.596553878404315,17.875632830647938,-71.28829488904702,17.99527957542368,56.32146173332885,69.75802878443344,40.0,40.87631225270117,Unfeasible shape,GPSampler,PRUNED
445,445,6.0,2026-04-21 17:00:29.955232,2026-04-21 17:00:30.110015,0 days 00:00:00.154783,-72.10971167503114,60.327098351128306,10.0,60.18706561091138,51.45496905803342,17.88032471518538,-71.27017904457517,18.012934764019366,56.292590562161585,69.85183909856872,40.0,40.81504691679669,Unfeasible shape,GPSampler,PRUNED
446,446,6.0,2026-04-21 17:00:30.224709,2026-04-21 17:00:30.342528,0 days 00:00:00.117819,-72.00152148824351,60.22133119822492,10.0,59.97956075403629,51.583086407691546,17.89374813349194,-71.2765270692564,18.061806868783094,56.32176200723667,69.85004030335092,40.0,40.89193485041808,Unfeasible shape,GPSampler,PRUNED
447,447,6.0,2026-04-21 17:00:30.453306,2026-04-21 17:00:30.600899,0 days 00:00:00.147593,-72.11555529331115,60.315651810506296,10.0,60.159680822719366,51.42173078839235,17.91135675207518,-71.35882595839243,17.995219270937728,56.42713857879413,69.71614218140446,40.0,40.82263562088536,Unfeasible shape,GPSampler,PRUNED
448,448,6.0,2026-04-21 17:00:30.729505,2026-04-21 17:00:30.911202,0 days 00:00:00.181697,-72.04819626874999,60.26677998154933,10.0,60.16930959255883,51.45085969630505,17.887267113316256,-71.34970330083523,18.199212239318626,56.30658900065329,69.91702571183501,40.0,40.983745486115694,Unfeasible shape,GPSampler,PRUNED
449,449,6.0,2026-04-21 17:00:31.052402,2026-04-21 17:00:31.266070,0 days 00:00:00.213668,-72.06672296126203,60.2656794174596,10.0,60.102061987766504,51.3541202950159,17.89794469968122,-71.30304519045059,17.83724224167681,56.38965156941298,69.51590803665556,40.0,40.75058961556846,Unfeasible shape,GPSampler,PRUNED
450,450,6.0,2026-04-21 17:00:31.401139,2026-04-21 17:00:31.516207,0 days 00:00:00.115068,-72.04982602329959,60.20108732320039,10.0,60.191899217626606,51.59687052821575,17.864372579245007,-71.3332375207189,18.052589068733873,56.182615291368776,69.92741016493895,40.0,40.846478609131225,Unfeasible shape,GPSampler,PRUNED
451,451,6.0,2026-04-21 17:00:31.629053,2026-04-21 17:00:31.725972,0 days 00:00:00.096919,-72.022609349974,60.412820799649914,10.0,60.1910196590399,51.51573093062961,17.830976920710846,-71.27940817966922,17.875893218965324,56.41778241702454,69.50959924579021,40.0,40.70566733928972,Unfeasible shape,GPSampler,PRUNED
452,452,6.0,2026-04-21 17:00:31.836396,2026-04-21 17:00:32.186543,0 days 00:00:00.350147,-72.01950058155528,60.33350000853041,10.0,60.19052116183957,51.49626797884341,17.929121896306974,-71.3018146558842,17.86673179948454,56.39505053190804,69.7469792370464,40.0,40.82241965332927,Unfeasible shape,GPSampler,PRUNED
453,453,6.0,2026-04-21 17:00:32.308776,2026-04-21 17:00:32.429310,0 days 00:00:00.120534,-72.05856096510963,60.33164716802562,10.0,60.116988664406215,51.51612256191541,17.84640518496103,-71.31720685203496,17.927345207573435,56.328240832820356,69.74290556945567,40.0,40.85510622696334,Unfeasible shape,GPSampler,PRUNED
454,454,6.0,2026-04-21 17:00:32.537510,2026-04-21 17:00:32.814742,0 days 00:00:00.277232,-72.02804541566934,60.30323136662291,10.0,60.167927009342776,51.49796743581808,17.882331109587938,-71.27860770009745,17.967908428382877,56.35061183843366,69.76241764575171,40.0,40.819550515572764,Unfeasible shape,GPSampler,PRUNED
455,455,6.0,2026-04-21 17:00:32.930366,2026-04-21 17:00:33.075175,0 days 00:00:00.144809,-72.01113837869421,60.322612525314206,10.0,60.06176722554942,51.644096956986054,17.898237249595347,-71.24737517113299,17.87046152370705,56.4481654797952,69.65051385871709,40.0,40.73711151086903,Unfeasible shape,GPSampler,PRUNED
456,456,6.0,2026-04-21 17:00:33.219238,2026-04-21 17:00:33.373516,0 days 00:00:00.154278,-72.01889006080219,60.26376545189159,10.0,60.177218453344466,51.59776768670992,17.88647361412532,-71.30462790795366,17.973717914647118,56.277851409302684,69.75909468513386,40.0,40.774178317759926,Unfeasible shape,GPSampler,PRUNED
457,457,6.0,2026-04-21 17:00:33.537922,2026-04-21 17:00:33.638467,0 days 00:00:00.100545,-72.034798131837,60.365672015867,10.0,60.23098774555674,51.4642888709463,17.861835331343485,-71.28977107843556,17.872734567009918,56.39329813573831,69.61169918282035,40.0,40.82078633291032,Unfeasible shape,GPSampler,PRUNED
458,458,6.0,2026-04-21 17:00:33.753900,2026-04-21 17:00:33.847121,0 days 00:00:00.093221,-72.04638328185519,60.3282080445603,10.0,60.14189134126896,51.55477383174893,17.87274054518,-71.28635009481263,17.95660087808698,56.30387093491454,69.77129178298902,40.0,40.83085772846239,Unfeasible shape,GPSampler,PRUNED
459,459,6.0,2026-04-21 17:00:33.960809,2026-04-21 17:00:34.096802,0 days 00:00:00.135993,-71.99568462456817,60.23964272706348,10.0,60.23619467631781,51.401410528876525,17.843939594624466,-71.38729784221627,17.839894075065217,56.394388787535874,69.61714380896731,40.0,40.75253434075307,Unfeasible shape,GPSampler,PRUNED
460,460,6.0,2026-04-21 17:00:34.208942,2026-04-21 17:00:34.320679,0 days 00:00:00.111737,-72.04445847306245,60.31877179072797,10.0,60.13567839901359,51.563809255839395,17.88005137815454,-71.30132418119298,17.982519552150485,56.334808145813476,69.75211912823798,40.0,40.83177389236132,Unfeasible shape,GPSampler,PRUNED
461,461,6.0,2026-04-21 17:00:34.496920,2026-04-21 17:00:34.631351,0 days 00:00:00.134431,-72.06241090389746,60.45185086626456,10.0,60.105236836909334,51.71458683894909,17.896976633308185,-71.23567658740284,17.98048204425199,56.388446473291566,69.84841420069328,40.0,40.856703189495626,Unfeasible shape,GPSampler,PRUNED
462,462,6.0,2026-04-21 17:00:34.747451,2026-04-21 17:00:34.856894,0 days 00:00:00.109443,-72.06859666175961,60.4774127915639,10.0,60.27329771836029,51.76832309958864,17.78912487211761,-71.21840286380015,17.958964863213104,56.32917265705805,69.70106901512278,40.0,40.836306266681,Unfeasible shape,GPSampler,PRUNED
463,463,6.0,2026-04-21 17:00:34.999798,2026-04-21 17:00:35.210503,0 days 00:00:00.210705,-72.02597820049681,60.32390056710953,10.0,60.143294169667676,51.544909455869984,17.873123926903112,-71.28390422720317,17.95363886240414,56.29744908448833,69.73922696679529,40.0,40.829588927443396,Unfeasible shape,GPSampler,PRUNED
464,464,6.0,2026-04-21 17:00:35.317969,2026-04-21 17:00:35.423322,0 days 00:00:00.105353,-72.01730414322122,60.42207670897821,10.0,60.21050714671117,51.791956707317915,17.902302716729473,-71.29820689642355,17.769230099320197,56.28265785650886,69.69871770684712,40.0,40.66769489690118,Unfeasible shape,GPSampler,PRUNED
465,465,6.0,2026-04-21 17:00:35.553635,2026-04-21 17:00:35.652101,0 days 00:00:00.098466,-72.03663214333261,60.3514015122264,10.0,60.19255499628845,51.47630527521081,17.873342190064413,-71.27824481261058,17.895493504751354,56.40274629940797,69.67433010773512,40.0,40.77760776541615,Unfeasible shape,GPSampler,PRUNED
466,466,6.0,2026-04-21 17:00:35.801384,2026-04-21 17:00:35.901166,0 days 00:00:00.099782,-72.05770672459218,60.380714429999706,10.0,60.10095153919122,51.56397983367618,17.928499383196595,-71.2622924590127,17.980151465089122,56.288152823172204,69.90568379630697,40.0,40.89637765455286,Unfeasible shape,GPSampler,PRUNED
467,467,6.0,2026-04-21 17:00:36.012702,2026-04-21 17:00:36.172317,0 days 00:00:00.159615,-72.09367984361062,60.229306881274724,10.0,60.16019043257203,51.3883868786276,17.86310597701037,-71.27753393967755,17.90145374807188,56.40953736990434,69.69601206863484,40.0,40.78605684591099,Unfeasible shape,GPSampler,PRUNED
468,468,6.0,2026-04-21 17:00:36.295019,2026-04-21 17:00:36.405352,0 days 00:00:00.110333,-72.03120132788929,60.36694776950713,10.0,60.20381415090568,51.62306500880895,17.85355427569987,-71.31875894950771,17.901281924314855,56.35638486680443,69.70338101784031,40.0,40.86140652179853,Unfeasible shape,GPSampler,PRUNED
469,469,6.0,2026-04-21 17:00:36.515386,2026-04-21 17:00:36.668610,0 days 00:00:00.153224,-72.03982161865237,60.28278890180947,10.0,60.164551663776855,51.44973869883347,17.894381570097636,-71.32084587212981,17.907228720493244,56.34286738102251,69.76061959561036,40.0,40.83037838463031,Unfeasible shape,GPSampler,PRUNED
470,470,6.0,2026-04-21 17:00:36.779700,2026-04-21 17:00:36.974617,0 days 00:00:00.194917,-72.04499823613716,60.37791481545451,10.0,60.08449225602076,51.562438082674625,17.897093942054333,-71.28667565614207,17.921500972884864,56.32109345924816,69.800269313981,40.0,40.847932588793455,Unfeasible shape,GPSampler,PRUNED
471,471,6.0,2026-04-21 17:00:37.098235,2026-04-21 17:00:37.216890,0 days 00:00:00.118655,-72.05250569466028,60.35237284191421,10.0,60.13377795638561,51.58769483479349,17.873879665814407,-71.31143537028143,17.945322728956572,56.35302034693032,69.72034517352864,40.0,40.82025924862568,Unfeasible shape,GPSampler,PRUNED
472,472,6.0,2026-04-21 17:00:37.331453,2026-04-21 17:00:37.422064,0 days 00:00:00.090611,-72.08420939977606,60.5539909713442,10.0,59.9201625595112,51.60335774901152,17.87213403953841,-71.22805098678027,17.899191546540674,56.357058447727496,69.80660511964666,40.0,40.784463814281885,Unfeasible shape,GPSampler,PRUNED
473,473,6.0,2026-04-21 17:00:37.557040,2026-04-21 17:00:37.745568,0 days 00:00:00.188528,-72.06852948021339,60.37315258634511,10.0,60.227482046151934,51.356796394212004,17.88915086651125,-71.27615905862194,17.875284831974497,56.43706336800705,69.6389928547232,40.0,40.62651984508095,Unfeasible shape,GPSampler,PRUNED
474,474,6.0,2026-04-21 17:00:37.871454,2026-04-21 17:00:38.003334,0 days 00:00:00.131880,-72.05101205081515,60.37284011924246,10.0,60.07510056397447,51.48007078969252,17.83666317359605,-71.1995579376084,18.039825782035763,56.26684702040746,69.92195427737478,40.0,40.811997714212545,Unfeasible shape,GPSampler,PRUNED
475,475,6.0,2026-04-21 17:00:38.154814,2026-04-21 17:00:38.310275,0 days 00:00:00.155461,-72.05032974079568,60.48005731294852,10.0,60.289824472942854,51.70619441674161,17.90076371382053,-71.24936538852533,17.88513015241514,56.42766142009714,69.87063975080365,40.0,40.724972556742706,Unfeasible shape,GPSampler,PRUNED
476,476,6.0,2026-04-21 17:00:38.442644,2026-04-21 17:00:38.541195,0 days 00:00:00.098551,-72.00323245424703,60.305796843237474,10.0,60.14692257567045,51.54782058001017,17.892484249835718,-71.27356351893225,18.046900913486482,56.28711235441543,69.77088623043602,40.0,40.82289090766469,Unfeasible shape,GPSampler,PRUNED
477,477,6.0,2026-04-21 17:00:38.742498,2026-04-21 17:00:38.841720,0 days 00:00:00.099222,-72.03951919520506,60.31153557690319,10.0,60.08916978877777,51.504616540002104,17.85777492174642,-71.26316361970478,18.017763385495186,56.25777653849023,69.80528403278451,40.0,40.926089821266665,Unfeasible shape,GPSampler,PRUNED
478,478,6.0,2026-04-21 17:00:38.962089,2026-04-21 17:00:39.053191,0 days 00:00:00.091102,-72.03607868146993,60.26973312127964,10.0,60.16185253683339,51.50573047532733,17.87538038181365,-71.28468276125449,17.97733505642595,56.367096507939635,69.81539913895219,40.0,40.83245318740309,Unfeasible shape,GPSampler,PRUNED
479,479,6.0,2026-04-21 17:00:39.170343,2026-04-21 17:00:39.306681,0 days 00:00:00.136338,-72.0167491129258,60.26351229625906,10.0,60.16714033532398,51.39837798165349,17.87486248341223,-71.30405625376348,17.92673812496402,56.421752217964396,69.65174657134655,40.0,40.86009941548688,Unfeasible shape,GPSampler,PRUNED
480,480,6.0,2026-04-21 17:00:39.428970,2026-04-21 17:00:39.642401,0 days 00:00:00.213431,-72.04625190841588,60.32707536993384,10.0,60.179791753527226,51.463328796464204,17.876051984554955,-71.31898270004193,17.90840382771,56.40925079823621,69.70084915139986,40.0,40.76590006912763,Unfeasible shape,GPSampler,PRUNED
481,481,6.0,2026-04-21 17:00:39.769305,2026-04-21 17:00:39.894184,0 days 00:00:00.124879,-72.01528941298452,60.35536936299541,10.0,60.14941631295478,51.751718441996736,17.855796062594855,-71.25932058249862,18.021256004640584,56.23407920592964,69.87428319656895,40.0,40.927103511238954,Unfeasible shape,GPSampler,PRUNED
482,482,6.0,2026-04-21 17:00:40.018695,2026-04-21 17:00:40.118925,0 days 00:00:00.100230,-71.98091953739771,60.32344857806164,10.0,60.104183087522216,51.70056785116088,17.792023366921804,-71.1618807207126,18.08553914870782,56.223417497817486,69.9479611601633,40.0,40.91373982672501,Unfeasible shape,GPSampler,PRUNED
483,483,6.0,2026-04-21 17:00:40.237817,2026-04-21 17:00:40.333432,0 days 00:00:00.095615,-72.07921838221252,60.347577240957584,10.0,60.20466545353128,51.57202323029948,17.872292102605122,-71.30014600473083,17.922483391201933,56.37896956074547,69.87516486768388,40.0,40.884901345085126,Unfeasible shape,GPSampler,PRUNED
484,484,6.0,2026-04-21 17:00:40.491198,2026-04-21 17:00:40.601149,0 days 00:00:00.109951,-72.0307904436433,60.29907143198357,10.0,60.182541187395586,51.61443806416243,17.88370900896524,-71.28668289671973,17.961441745092298,56.35954243732169,69.75795977522179,40.0,40.8610314460991,Unfeasible shape,GPSampler,PRUNED
485,485,6.0,2026-04-21 17:00:40.735660,2026-04-21 17:00:40.851432,0 days 00:00:00.115772,-72.05342966919416,60.306800642132394,10.0,60.056125892544905,51.37855142582468,17.85672875967238,-71.32936775087994,18.091645543368294,56.33630175511904,69.78490486709653,40.0,40.791648057060605,Unfeasible shape,GPSampler,PRUNED
486,486,6.0,2026-04-21 17:00:40.951481,2026-04-21 17:00:41.343640,0 days 00:00:00.392159,-72.0417758114141,60.302384885734845,10.0,60.162988898471596,51.315346605232484,17.90445483894333,-71.30567754071744,17.837486080789795,56.25326286662927,69.59524121243508,40.0,40.7957850176906,Unfeasible shape,GPSampler,PRUNED
487,487,6.0,2026-04-21 17:00:41.482632,2026-04-21 17:00:41.628038,0 days 00:00:00.145406,-71.96813511723919,60.38332978303352,10.0,60.193779384038216,51.585788299821346,17.85149103916487,-71.25603224063111,17.989290489645793,56.33769507580581,69.75239050395399,40.0,40.87222558987071,Unfeasible shape,GPSampler,PRUNED
488,488,6.0,2026-04-21 17:00:41.738499,2026-04-21 17:00:42.109877,0 days 00:00:00.371378,-72.06680058600558,60.33698204306684,10.0,60.04584183367115,51.515269434110905,17.866836060129437,-71.29779717021108,18.003968875077756,56.32308397416167,69.90986336689915,40.0,40.83849817401235,Unfeasible shape,GPSampler,PRUNED
489,489,6.0,2026-04-21 17:00:42.235628,2026-04-21 17:00:42.338551,0 days 00:00:00.102923,-72.08406343939932,60.332479821146016,10.0,60.099635920033286,51.570906858000136,17.89395152191385,-71.28539400994916,18.012141203198535,56.366161893586494,69.72117672322997,40.0,40.83654833283494,Unfeasible shape,GPSampler,PRUNED
490,490,6.0,2026-04-21 17:00:42.473531,2026-04-21 17:00:42.631084,0 days 00:00:00.157553,-71.9715574708592,60.29060580790552,10.0,60.22010655955272,51.38912577264554,17.862432292963135,-71.31039947615105,17.961167411776806,56.36179422876589,69.62070639394643,40.0,40.74266385218689,Unfeasible shape,GPSampler,PRUNED
491,491,6.0,2026-04-21 17:00:42.755445,2026-04-21 17:00:42.941247,0 days 00:00:00.185802,-72.02558765734197,60.329861366892985,10.0,60.17806885239617,51.463505297334756,17.87581689124078,-71.27264930089953,17.93151244949911,56.38666969540242,69.64643671416965,40.0,40.77908288740766,Unfeasible shape,GPSampler,PRUNED
492,492,6.0,2026-04-21 17:00:43.075191,2026-04-21 17:00:43.206365,0 days 00:00:00.131174,-71.9789526804726,60.25773489338442,10.0,60.277945312097735,51.52024132218694,17.91892088923138,-71.3151814040392,17.92707888457077,56.40430151542796,69.5590423170762,40.0,40.78600612975875,Unfeasible shape,GPSampler,PRUNED
493,493,6.0,2026-04-21 17:00:43.310191,2026-04-21 17:00:43.415960,0 days 00:00:00.105769,-72.06934948629126,60.40035267481056,10.0,60.02190972896665,51.6602376533006,17.890543346295757,-71.32319768056063,18.039677479625418,56.297027281936195,69.9515616909313,40.0,40.90994574832491,Unfeasible shape,GPSampler,PRUNED
494,494,6.0,2026-04-21 17:00:43.634928,2026-04-21 17:00:43.743242,0 days 00:00:00.108314,-72.11241313066428,60.4117787922287,10.0,60.05675984735968,51.54587636176174,17.912109457005485,-71.23893052052135,18.02246519052337,56.25699415848445,69.9727109289893,40.0,40.873212767423475,Unfeasible shape,GPSampler,PRUNED
495,495,6.0,2026-04-21 17:00:43.850174,2026-04-21 17:00:43.988514,0 days 00:00:00.138340,-72.05020279633696,60.372094701114904,10.0,60.19795903917524,51.52772286922694,17.8762170076592,-71.24611776055384,17.96659770513819,56.33422837128093,69.74842604602466,40.0,40.86967879968903,Unfeasible shape,GPSampler,PRUNED
496,496,6.0,2026-04-21 17:00:44.089664,2026-04-21 17:00:44.224866,0 days 00:00:00.135202,-72.06163077988575,60.4007934295295,10.0,60.16682460420876,51.655402161599184,17.861601616538216,-71.25362995374032,17.974049400088166,56.36748289214986,69.8209225257286,40.0,40.81271999474491,Unfeasible shape,GPSampler,PRUNED
497,497,6.0,2026-04-21 17:00:44.332827,2026-04-21 17:00:44.518320,0 days 00:00:00.185493,-71.98543704420152,60.29949467019939,10.0,60.24326308194119,51.679456185091745,17.85010225712268,-71.23099122161953,17.88356900431274,56.25833717150783,69.90518485115842,40.0,40.80754060140423,Unfeasible shape,GPSampler,PRUNED
498,498,6.0,2026-04-21 17:00:44.652469,2026-04-21 17:00:44.835040,0 days 00:00:00.182571,-72.03360940370264,60.33891145708953,10.0,60.14301058169577,51.47812726354342,17.90931809030851,-71.2534970020776,18.08482004040185,56.34058066970646,69.80386214495347,40.0,40.83746145686558,Unfeasible shape,GPSampler,PRUNED
499,499,6.0,2026-04-21 17:00:44.969519,2026-04-21 17:00:45.095485,0 days 00:00:00.125966,-72.01827971682867,60.23470200074145,10.0,60.20553011378549,51.57127476139624,17.816677353361378,-71.33302771660844,17.933021928554584,56.28387505953142,69.74378714040465,40.0,40.68206389460373,Unfeasible shape,GPSampler,PRUNED
500,500,6.0,2026-04-21 17:00:45.252953,2026-04-21 17:00:45.355119,0 days 00:00:00.102166,-72.11443828873175,60.359641584652934,10.0,60.112647246183045,51.665549074985954,17.889768315845096,-71.33790321473373,18.047188082766127,56.43692625084799,69.90162742310196,40.0,40.885084763501034,Unfeasible shape,GPSampler,PRUNED
501,501,6.0,2026-04-21 17:00:45.512750,2026-04-21 17:00:45.698238,0 days 00:00:00.185488,-72.07053362394086,60.47834845647793,10.0,59.984553762382134,51.60327314004426,17.972055855966865,-71.21313848571302,18.090523098049143,56.350865803375115,69.8745943115565,40.0,40.931656319566386,Unfeasible shape,GPSampler,PRUNED
