,number,value,datetime_start,datetime_complete,duration,params_lLegPt.rA1,params_lLegPt.rL0,params_lLegPt.rL1,params_lLegPt.rL2,params_lLegPt.x1,params_lLegPt.y1,params_sLegPt.rA1,params_sLegPt.rL0,params_sLegPt.rL1,params_sLegPt.rL2,params_sLegPt.x1,params_sLegPt.y1,user_attrs_prune,system_attrs_auto:sampler,state
978,978,6.0,2026-04-21 17:02:50.975762,2026-04-21 17:02:51.086712,0 days 00:00:00.110950,-72.0255174510466,60.33449732118955,10.0,60.127428409995474,51.5381666676291,17.918536682201953,-71.28071601478231,17.989947424575476,56.33789314742627,69.7723279184214,40.0,40.89357780406433,Unfeasible shape,GPSampler,PRUNED
979,979,6.0,2026-04-21 17:02:51.205465,2026-04-21 17:02:51.300748,0 days 00:00:00.095283,-72.05818271163002,60.43489283283134,10.0,60.17587609842754,51.443846932963304,17.911860689417708,-71.2444720382148,17.88618247957583,56.51666729640309,69.80152099256412,40.0,40.78444137381195,Unfeasible shape,GPSampler,PRUNED
980,980,6.0,2026-04-21 17:02:51.451530,2026-04-21 17:02:51.561113,0 days 00:00:00.109583,-72.11255261886099,60.345679778459626,10.0,60.23245443537658,51.44370140826718,17.918125246732046,-71.2674999763411,17.996257379372565,56.373480167100624,69.8741791699083,40.0,40.93464323250437,Unfeasible shape,GPSampler,PRUNED
981,981,6.0,2026-04-21 17:02:51.680186,2026-04-21 17:02:51.783344,0 days 00:00:00.103158,-71.99174884053748,60.273917036521794,10.0,60.17163214984837,51.3592881791458,17.893456642661697,-71.37604282224898,17.985990316528433,56.40189179741268,69.62025619176158,40.0,40.77641256460268,Unfeasible shape,GPSampler,PRUNED
982,982,6.0,2026-04-21 17:02:51.909170,2026-04-21 17:02:52.052161,0 days 00:00:00.142991,-72.14608141632142,60.405567658785586,10.0,60.209727791945404,51.63772148467498,17.93957695396457,-71.24119929761842,18.037062273352614,56.40527967460918,69.94891570277281,40.0,40.90187813027304,Unfeasible shape,GPSampler,PRUNED
983,983,6.0,2026-04-21 17:02:52.168419,2026-04-21 17:02:52.266050,0 days 00:00:00.097631,-72.1154391148027,60.56794201094513,10.0,59.97500397449599,51.797648549592125,17.882466188249495,-71.31348433256929,17.97779685699678,56.280190589937796,69.65228522216793,40.0,40.699704295439794,Unfeasible shape,GPSampler,PRUNED
984,984,6.0,2026-04-21 17:02:52.381837,2026-04-21 17:02:52.541553,0 days 00:00:00.159716,-72.03691197738299,60.37198267803797,10.0,60.07683324126713,51.463091870162465,17.86884361510627,-71.22220260603967,17.994061935413495,56.302578272642094,69.77159225547985,40.0,40.83533949225351,Unfeasible shape,GPSampler,PRUNED
985,985,6.0,2026-04-21 17:02:52.674088,2026-04-21 17:02:52.847322,0 days 00:00:00.173234,-72.04267969798511,60.38244878857491,10.0,60.12605198509974,51.507231636756906,17.879875580836767,-71.2631650773738,17.97475412029757,56.26900084307284,69.79959890588604,40.0,40.80595828213856,Unfeasible shape,GPSampler,PRUNED
986,986,6.0,2026-04-21 17:02:52.963547,2026-04-21 17:02:53.074141,0 days 00:00:00.110594,-72.05738372427724,60.34517237239154,10.0,60.10998919038498,51.597158059749766,17.880650499547464,-71.27492305992529,17.973623138213547,56.31462473112897,69.81695003017012,40.0,40.902357560769225,Unfeasible shape,GPSampler,PRUNED
987,987,6.0,2026-04-21 17:02:53.227395,2026-04-21 17:02:53.324054,0 days 00:00:00.096659,-71.97345264153896,60.2874844125706,10.0,60.187461069517006,51.64481828946089,17.871449825968412,-71.27952882394621,17.889505601877495,56.268435766703064,69.72729783502568,40.0,40.85220873936167,Unfeasible shape,GPSampler,PRUNED
988,988,6.0,2026-04-21 17:02:53.440830,2026-04-21 17:02:53.549244,0 days 00:00:00.108414,-72.07780321246722,60.452111083939705,10.0,59.88594233524082,51.70543307248835,17.856326604256964,-71.23949750213279,18.009484678467956,56.29067561785714,69.96140877294297,40.0,40.983092047117815,Unfeasible shape,GPSampler,PRUNED
989,989,6.0,2026-04-21 17:02:53.700598,2026-04-21 17:02:53.813089,0 days 00:00:00.112491,-72.0385473915571,60.3630938740571,10.0,60.05213879574469,51.50908707881846,17.8751654508174,-71.22378224863517,17.99815515575672,56.30426286528829,69.84047536315678,40.0,40.88545452778081,Unfeasible shape,GPSampler,PRUNED
990,990,6.0,2026-04-21 17:02:53.932452,2026-04-21 17:02:54.024795,0 days 00:00:00.092343,-72.0021521484608,60.29687676630399,10.0,60.13626501682046,51.47179063798157,17.88759261078397,-71.2742640073769,18.01584896931078,56.285009293014205,69.78041874763724,40.0,40.8305085361165,Unfeasible shape,GPSampler,PRUNED
991,991,6.0,2026-04-21 17:02:54.136788,2026-04-21 17:02:54.241539,0 days 00:00:00.104751,-72.08210067128313,60.32435872663643,10.0,60.22718263594048,51.675072485780845,17.87650320780486,-71.20000404017485,17.89105645092611,56.3239924106356,69.78550223365848,40.0,40.791593978473706,Unfeasible shape,GPSampler,PRUNED
992,992,6.0,2026-04-21 17:02:54.351869,2026-04-21 17:02:54.475839,0 days 00:00:00.123970,-72.09990181981287,60.424792497415105,10.0,60.04390823313123,51.680618370485405,17.910825520999133,-71.24351657183541,17.97793079077504,56.23285640456614,70.00466039904929,40.0,40.928524797541534,Unfeasible shape,GPSampler,PRUNED
993,993,6.0,2026-04-21 17:02:54.594210,2026-04-21 17:02:54.790173,0 days 00:00:00.195963,-72.0518089697481,60.328113648818835,10.0,60.1210096413482,51.46127833257225,17.869507433604838,-71.28296915832627,17.91049863499598,56.373569813786695,69.6906581276954,40.0,40.850706299950154,Unfeasible shape,GPSampler,PRUNED
994,994,6.0,2026-04-21 17:02:54.915784,2026-04-21 17:02:55.026649,0 days 00:00:00.110865,-72.05566623961603,60.36591204092447,10.0,60.1026721946039,51.541732959929654,17.891080667569092,-71.25548053755311,18.01287863236317,56.33881133322028,69.91665817942004,40.0,40.83986078726139,Unfeasible shape,GPSampler,PRUNED
995,995,6.0,2026-04-21 17:02:55.161201,2026-04-21 17:02:55.256661,0 days 00:00:00.095460,-72.01018791655703,60.18121426055865,10.0,60.214850740344566,51.69499641500865,17.902403915094247,-71.20100255802468,17.844499948611798,56.25207294817392,69.75387468814691,40.0,40.84674857987044,Unfeasible shape,GPSampler,PRUNED
996,996,6.0,2026-04-21 17:02:55.378354,2026-04-21 17:02:55.478148,0 days 00:00:00.099794,-72.04423481921441,60.33778125425661,10.0,60.16471439895606,51.51700532282236,17.882554266793484,-71.29837873631101,17.960963987308425,56.37667451314352,69.80163760218818,40.0,40.85585258029598,Unfeasible shape,GPSampler,PRUNED
997,997,6.0,2026-04-21 17:02:55.600414,2026-04-21 17:02:55.694895,0 days 00:00:00.094481,-72.04905735021143,60.38071781886123,10.0,60.09891074162501,51.642509136877,17.88623950103824,-71.25142685320552,17.959094678942428,56.25855452770025,69.82910209663441,40.0,40.88769131269543,Unfeasible shape,GPSampler,PRUNED
998,998,6.0,2026-04-21 17:02:55.844407,2026-04-21 17:02:55.939518,0 days 00:00:00.095111,-72.03488743567443,60.379602186544076,10.0,60.15370186730613,51.513913702702595,17.87533439355979,-71.25155422170403,17.948142908794157,56.39335946547471,69.74332774274055,40.0,40.7788409319616,Unfeasible shape,GPSampler,PRUNED
999,999,6.0,2026-04-21 17:02:56.090574,2026-04-21 17:02:56.192377,0 days 00:00:00.101803,-72.10583028924123,60.431191678742024,10.0,59.976104585301115,51.68704972994966,17.913324907554717,-71.21379148737866,18.09871246415212,56.181740414564054,70.11227680457336,40.0,41.01254931182903,Unfeasible shape,GPSampler,PRUNED
