,number,value,datetime_start,datetime_complete,duration,params_lLegPt.rA1,params_lLegPt.rL0,params_lLegPt.rL1,params_lLegPt.rL2,params_lLegPt.x1,params_lLegPt.y1,params_sLegPt.rA1,params_sLegPt.rL0,params_sLegPt.rL1,params_sLegPt.rL2,params_sLegPt.x1,params_sLegPt.y1,user_attrs_prune,system_attrs_auto:sampler,state
309,309,6.0,2026-04-21 16:57:15.306106,2026-04-21 16:57:15.395645,0 days 00:00:00.089539,-32.565744849895005,61.12260641745283,38.262125582881964,58.202713711244,82.64657485044673,24.297621139136254,-60.509031962714076,82.17208933474103,84.30296239677087,99.16859172530275,-8.933240733734301,43.50106104508317,Unfeasible shape,GPSampler,PRUNED
310,310,6.0,2026-04-21 16:57:15.538980,2026-04-21 16:57:15.602063,0 days 00:00:00.063083,-42.802465288993844,17.531294564466243,86.46043419512095,37.9560155940554,36.26331168869736,13.385829440453882,-67.94798810558247,11.031196717803857,77.56065933115633,90.14793618483145,18.996167067657638,-7.657387701828018,Unfeasible shape,GPSampler,PRUNED
311,311,7.3307954221059575,2026-04-21 16:57:15.725077,2026-04-21 16:57:20.222834,0 days 00:00:04.497757,-40.007161304444786,17.595815210229528,86.4312367695684,99.99350510467498,35.69765540400558,31.278950744750766,-46.70668399770175,27.8711224432639,36.61840938361766,50.86986211029184,33.88605176522026,51.679674176929595,Unattained target,GPSampler,PRUNED
312,312,6.0,2026-04-21 16:57:20.377918,2026-04-21 16:57:20.472781,0 days 00:00:00.094863,-75.154788290974,10.5159045078931,25.12017521612569,90.37132946395643,104.88163883296085,69.01066400960913,-77.5773066525127,48.443565527763795,54.69484196668451,33.114713432576195,20.964862320821318,-9.535213700969239,Unfeasible shape,GPSampler,PRUNED
313,313,19.63670475280348,2026-04-21 16:57:20.608680,2026-04-21 16:57:25.142764,0 days 00:00:04.534084,-25.254920191455525,17.686906586895947,27.66167134892108,91.29024590478387,82.12094539907537,-6.157570048604171,-53.917602639718126,45.74091985990892,57.7027503992615,68.40134730549221,39.66466069283014,-7.209082103455591,Unattained target,GPSampler,PRUNED
314,314,6.0,2026-04-21 16:57:25.263070,2026-04-21 16:57:25.327245,0 days 00:00:00.064175,-22.207308255297058,65.19700046136055,17.862392640683264,79.62280064387912,78.39363084038554,13.195045640468493,-40.04565873468318,61.22890648773311,51.42013285333106,65.00709843474284,6.286563651637081,56.165335049722074,Unfeasible shape,GPSampler,PRUNED
315,315,6.108667860437183,2026-04-21 16:57:25.472160,2026-04-21 16:57:30.033659,0 days 00:00:04.561499,-75.34253807302473,24.671123701021507,34.117482495410975,77.68345764823633,21.295037206226336,37.237016951200374,-36.541750762482266,40.64372012575696,68.36491163716714,71.00781040321941,36.920252545828276,38.581997221815676,Unattained target,GPSampler,PRUNED
316,316,6.0,2026-04-21 16:57:30.169059,2026-04-21 16:57:30.248905,0 days 00:00:00.079846,-51.55693815518259,52.36846201899514,73.42969315833099,41.759783731378675,16.108429433439568,15.10026247607285,-55.08108030277802,95.42814359080127,84.81376503770086,24.60701378894971,-4.770259518562117,77.94737343493067,Unfeasible shape,GPSampler,PRUNED
317,317,6.0,2026-04-21 16:57:30.384851,2026-04-21 16:57:30.479940,0 days 00:00:00.095089,-42.54495778028666,94.87754345131184,27.183260198487176,15.733745830036598,5.818599559082644,48.96443908959485,-67.71203854986165,68.03983071084959,75.27064589400929,68.30439571866262,12.710802558168837,62.033024896630494,Unfeasible shape,GPSampler,PRUNED
318,318,6.0,2026-04-21 16:57:30.631431,2026-04-21 16:57:30.694735,0 days 00:00:00.063304,-61.036479030240386,54.68706518027483,80.24686783498315,55.61497432083302,61.86422787595282,-29.21537112232887,-71.155615958579,36.700898915168466,37.244020852743155,38.19482137622316,-2.02649835861817,1.349661152209169,Unfeasible shape,GPSampler,PRUNED
319,319,6.0,2026-04-21 16:57:30.846766,2026-04-21 16:57:30.910289,0 days 00:00:00.063523,-69.9117478287728,16.61772707233962,21.67500514116422,72.27618941303965,46.33104570552525,23.186573999133806,-79.87733422886647,40.97296243661961,88.2175600418819,37.98176184575659,-0.6280288020323503,77.27095394414076,Unfeasible shape,GPSampler,PRUNED
320,320,6.0,2026-04-21 16:57:31.067680,2026-04-21 16:57:31.146160,0 days 00:00:00.078480,-75.42096547940231,60.0966581993863,64.27625114358378,27.92283018673524,96.75986057722409,52.53637651266635,-46.206677007417504,59.22549905752668,67.66861433221604,80.65643369498474,-0.47099993296474096,98.33610216587255,Unfeasible shape,GPSampler,PRUNED
321,321,6.0,2026-04-21 16:57:31.282616,2026-04-21 16:57:31.345394,0 days 00:00:00.062778,-77.58416135584736,71.53933609391746,54.14655346296983,49.43788336625749,52.16475649682857,70.63056843686778,-39.64909729915205,74.67575149646446,92.35163197996418,19.975436024814684,9.076168272069744,31.115112882437025,Unfeasible shape,GPSampler,PRUNED
322,322,6.0,2026-04-21 16:57:31.497654,2026-04-21 16:57:31.609237,0 days 00:00:00.111583,-47.26743867347602,22.778952443247718,39.715549080121534,29.59408543348984,-7.945181104369007,-29.090235326381663,-24.76963803774241,74.28486343960301,65.54299361208264,25.386963140232027,-5.827515116768275,54.82413336595076,Unfeasible shape,GPSampler,PRUNED
323,323,5.0215436567908185,2026-04-21 16:57:31.726618,2026-04-21 16:57:38.407419,0 days 00:00:06.680801,-40.7429525536532,72.95661363710113,36.97441287634173,84.55676075730433,54.77343918406811,78.22742403111646,-54.15031383406614,63.42605537973056,81.2665458680165,85.70361048613452,35.713681257619825,92.44807392738275,Unattained target,GPSampler,PRUNED
324,324,63.30934774187445,2026-04-21 16:57:38.556250,2026-04-21 16:57:43.640277,0 days 00:00:05.084027,-32.62057100237917,79.19231012508793,19.73530519574659,14.615354285828172,109.97513014558986,-13.609598645957032,-30.685179497124906,30.970692423303262,86.06714293534559,10.753635574567102,8.17051100555755,50.79099043872844,Unattained target,GPSampler,PRUNED
325,325,6.0,2026-04-21 16:57:43.772743,2026-04-21 16:57:43.845093,0 days 00:00:00.072350,-51.922232767695476,76.98486174539288,14.174896260099123,99.97240827748546,28.733764638046424,45.43967197657773,-65.90517697864485,84.71480816323616,41.94383422428838,84.62378641381385,-19.188444865093572,23.756342377018285,Unfeasible shape,GPSampler,PRUNED
326,326,6.0,2026-04-21 16:57:43.967361,2026-04-21 16:57:44.032094,0 days 00:00:00.064733,-72.39086022863691,49.904853306193125,10.81942993646432,87.11404029488993,23.399590669678624,54.89290082728519,-21.899515791047897,76.9812611828837,98.83303454512901,16.124659772420337,4.518898185294731,90.68616618323969,Unfeasible shape,GPSampler,PRUNED
327,327,6.0,2026-04-21 16:57:44.219343,2026-04-21 16:57:44.283270,0 days 00:00:00.063927,-25.51579730603764,58.231566630623156,52.88739351306721,27.05491358285494,53.45108271597921,49.63699448595504,-75.89561896284646,39.83019179326095,84.21083489026408,67.66832669541859,-1.463400293256644,11.975842610554906,Unfeasible shape,GPSampler,PRUNED
328,328,6.0,2026-04-21 16:57:44.427194,2026-04-21 16:57:44.500601,0 days 00:00:00.073407,-61.97978833268535,10.761619030239038,23.903279761805514,38.71005281177808,8.96731518539093,9.552110238166101,-45.673849451534,36.3898813664068,51.52842241630685,16.63554705613798,-27.154957754070846,104.00052180407948,Unfeasible shape,GPSampler,PRUNED
329,329,6.0,2026-04-21 16:57:44.636005,2026-04-21 16:57:44.693308,0 days 00:00:00.057303,-67.47294392463928,76.35517182440339,51.44994797434191,66.25298129978512,51.20155477282527,-18.59699029673937,-31.40875150013725,76.03461199835391,38.9895395173299,79.6084087065942,-19.178133041971876,45.560528602155536,Unfeasible shape,GPSampler,PRUNED
330,330,6.0,2026-04-21 16:57:44.834641,2026-04-21 16:57:44.889835,0 days 00:00:00.055194,-38.69884239314678,84.71063990944646,55.082994185034835,77.02913002552594,45.43710105168746,29.76425081150972,-68.21294932638249,35.56610052209871,24.111636805479264,30.161932867355766,-14.704684677819962,-7.411422289098554,Unfeasible shape,GPSampler,PRUNED
331,331,6.0,2026-04-21 16:57:45.049031,2026-04-21 16:57:45.105716,0 days 00:00:00.056685,-48.45844787646868,86.77684903567035,34.326571561949606,33.49786911060149,11.342961290473589,-19.039284231040142,-43.356523422736124,91.10800921865831,30.805181281984602,65.50879687282261,2.956008739403103,51.21340901769967,Unfeasible shape,GPSampler,PRUNED
332,332,6.0,2026-04-21 16:57:45.246591,2026-04-21 16:57:45.317357,0 days 00:00:00.070766,-20.63539924259979,82.67087427398101,23.009981409430367,80.50778037999657,108.26700711106005,3.7936474725159,-66.0236830707042,13.035656103012258,91.13616314830472,49.56436974242861,34.61865401275291,48.09798431838384,Unfeasible shape,GPSampler,PRUNED
333,333,6.0,2026-04-21 16:57:45.464354,2026-04-21 16:57:45.553110,0 days 00:00:00.088756,-45.71710946685683,88.59224656267078,26.019338131963966,95.07428521725326,85.88757990267379,40.13719987084127,-31.0630008286877,93.01447325102622,99.35570719335111,90.91965329250688,28.755795936123057,44.100714938540335,Unfeasible shape,GPSampler,PRUNED
334,334,5.497956317239996,2026-04-21 16:57:45.704765,2026-04-21 16:57:51.164804,0 days 00:00:05.460039,-74.52160457431887,48.50341035737188,62.825146459374196,38.32487588790191,32.79414967243274,-12.751826894597937,-33.76003905561371,15.054049777440706,27.74644143485832,53.14900858058701,5.917029893426594,96.40128086019573,Unattained target,GPSampler,PRUNED
335,335,6.0,2026-04-21 16:57:51.303252,2026-04-21 16:57:51.395128,0 days 00:00:00.091876,-29.07369864304883,89.20583895826962,45.228292741624365,41.10033318713606,11.838022192126441,-11.597631866649781,-31.226088920778523,82.43582251453566,43.58976524450198,18.237645852852005,-20.2807066855962,91.23000240184162,Unfeasible shape,GPSampler,PRUNED
336,336,5.475485277506806,2026-04-21 16:57:51.531084,2026-04-21 16:57:59.990602,0 days 00:00:08.459518,-63.27177169513592,89.50184798995507,38.80606936925703,97.67534548926879,76.35095050008393,-27.197320866065123,-71.20364957932638,94.05064241772843,52.25769314627693,84.60677496534778,17.964302981152812,107.57982286682164,Unattained target,GPSampler,PRUNED
337,337,6.0,2026-04-21 16:58:00.167029,2026-04-21 16:58:00.674367,0 days 00:00:00.507338,-46.7730315226263,54.21782448252389,70.72315562708064,85.35738070006707,85.76010648491435,20.64626054156532,-38.71895810485432,71.52535210778052,13.878052873690931,84.43388045535605,24.371175226114318,58.59112326502695,Unfeasible shape,GPSampler,PRUNED
338,338,6.0,2026-04-21 16:58:00.799532,2026-04-21 16:58:00.862326,0 days 00:00:00.062794,-29.783943923011492,73.07131229017992,30.0550300863009,54.96953137077339,58.26820848520424,-19.494788901616854,-24.614223098004437,66.39097724322157,70.85780605815597,15.817694857074798,-22.79927805419107,3.576377932780904,Unfeasible shape,GPSampler,PRUNED
339,339,11.238561580682237,2026-04-21 16:58:01.014657,2026-04-21 16:58:06.412988,0 days 00:00:05.398331,-45.30239749551721,83.29062603855535,89.93583044887387,80.32300586997131,74.57376592501211,18.096859914200408,-22.27088798974094,32.473889443350004,59.023930182706714,49.369226390607075,25.380357240859176,79.82391220838004,Unattained target,GPSampler,PRUNED
340,340,6.0,2026-04-21 16:58:06.561953,2026-04-21 16:58:06.611275,0 days 00:00:00.049322,-24.835152133776695,51.82728426251923,68.56459494933742,10.048103161739386,55.934456092289466,-6.275086870406302,-45.263898421593126,98.94389461282218,45.86818653251231,80.31456525845952,15.752199933092854,20.8573612648541,Unfeasible shape,GPSampler,PRUNED
341,341,6.0,2026-04-21 16:58:06.768955,2026-04-21 16:58:07.401146,0 days 00:00:00.632191,-76.88537093905667,79.55636006709938,97.97694657459,81.89338385082254,79.47114022634457,52.56370785703918,-44.218483963431865,79.54523997223504,28.218751801767237,90.43465261227061,28.38784343754429,72.31212785163775,Unfeasible shape,GPSampler,PRUNED
342,342,6.0,2026-04-21 16:58:07.531699,2026-04-21 16:58:07.632320,0 days 00:00:00.100621,-72.14780562818702,40.73063385951768,77.16081357182347,64.18312265086024,101.56280981263956,34.99021920597636,-69.59107257064034,24.347066068902436,47.403675314485476,87.4665221014727,34.81288273354504,84.50629347370564,Unfeasible shape,GPSampler,PRUNED
343,343,6.0,2026-04-21 16:58:07.784077,2026-04-21 16:58:07.876549,0 days 00:00:00.092472,-32.406973249195055,96.42378383024251,76.59724094437308,74.80166456947727,24.53576513090203,-15.382619853820614,-37.59599663654924,58.18143386071061,62.84496083993568,21.620076510703438,29.21954738482522,107.14103585055656,Unfeasible shape,GPSampler,PRUNED
344,344,6.0,2026-04-21 16:58:08.094643,2026-04-21 16:58:08.181853,0 days 00:00:00.087210,-35.634248427306275,35.073768330065306,23.414128469387617,85.55774510969555,25.252685804069337,76.23078112683955,-46.65220010327688,64.23602892213796,42.73338954786417,99.4516593098106,-26.96339746560282,21.61612360679645,Unfeasible shape,GPSampler,PRUNED
345,345,49.99961363058536,2026-04-21 16:58:08.327053,2026-04-21 16:58:13.480107,0 days 00:00:05.153054,-54.115626955951925,14.828321101064722,55.54850236564845,65.3598607779152,42.69601777232479,46.51468191634521,-22.668033540256694,76.95408627402671,92.5262181447547,68.43528164625346,-3.9420986274953513,90.2473318678281,Unattained target,GPSampler,PRUNED
346,346,6.0,2026-04-21 16:58:13.631744,2026-04-21 16:58:13.694759,0 days 00:00:00.063015,-70.56450547179453,58.7879159476454,95.49532224248145,25.701261235520818,67.88085899828569,77.40066511948409,-62.594512770054514,38.318084153058535,42.321663681102415,26.301186367120263,-21.594891755629757,23.6396473118238,Unfeasible shape,GPSampler,PRUNED
347,347,6.0,2026-04-21 16:58:13.845058,2026-04-21 16:58:13.907802,0 days 00:00:00.062744,-66.56032806680979,18.4344796774192,17.50614558693679,87.92385751616035,-0.6574320895950567,31.713657632027044,-24.753940085651415,37.71080429261241,22.01825884316014,69.70555863389254,-18.752700587834525,15.937560221763373,Unfeasible shape,GPSampler,PRUNED
348,348,6.0,2026-04-21 16:58:14.041484,2026-04-21 16:58:14.105188,0 days 00:00:00.063704,-28.615716855615055,72.21451338083955,43.63098026219419,57.92029170468696,62.80776865918031,53.94386307758896,-46.03093661740117,21.028645338586543,19.568321840710155,86.90978609243197,30.99831737877571,60.6713595783051,Unfeasible shape,GPSampler,PRUNED
349,349,6.0,2026-04-21 16:58:14.237726,2026-04-21 16:58:14.316878,0 days 00:00:00.079152,-32.0643214622069,85.96253844616315,48.42536021927883,59.219219476952134,67.09674512454578,7.67275602740505,-78.32894777995153,90.07076182305343,46.967042514625774,59.09938525653531,10.572440331360774,79.36591836957251,Unfeasible shape,GPSampler,PRUNED
350,350,6.0,2026-04-21 16:58:14.467224,2026-04-21 16:58:14.546057,0 days 00:00:00.078833,-72.91864194829674,13.613910136908986,21.66070710636448,21.793735394035885,24.769662470694165,42.267147955536856,-35.805117215733276,35.08995774007999,32.38286534072673,40.41137269827098,3.6257712653365886,83.6970886645791,Unfeasible shape,GPSampler,PRUNED
351,351,34.80300933816592,2026-04-21 16:58:14.679977,2026-04-21 16:58:19.374935,0 days 00:00:04.694958,-27.87350355028748,43.745616765990775,20.65993699599374,90.4792579465796,14.749639087462324,18.38242544240704,-45.7498553104049,23.282576349920642,63.825915823207154,88.22455793488557,-7.909504798986909,89.01380460771163,Unattained target,GPSampler,PRUNED
352,352,5.04859778910857,2026-04-21 16:58:19.523521,2026-04-21 16:58:26.134852,0 days 00:00:06.611331,-59.05375244545633,82.692651040974,61.88065654603163,27.273696109547284,40.072534294501686,54.228691280018325,-53.34666492044292,20.5027856187997,64.77894858847974,84.26958649135314,26.64837351298344,111.66928363796639,Unattained target,GPSampler,PRUNED
353,353,6.0,2026-04-21 16:58:26.280730,2026-04-21 16:58:26.332295,0 days 00:00:00.051565,-46.901906466252655,35.00846538567267,78.22450095312932,33.89434253301437,5.660627522356995,54.0827936641753,-78.4631517820397,23.853729269123924,11.80408827528518,22.1147045419305,6.527207929543849,94.38666088828965,Unfeasible shape,GPSampler,PRUNED
354,354,6.0,2026-04-21 16:58:26.482994,2026-04-21 16:58:26.562301,0 days 00:00:00.079307,-42.93620734075078,94.7318708243123,70.82399662702653,20.501176724419935,16.83815887054283,20.45421058596189,-61.56068016109056,11.342696257796657,24.96213404937197,65.23602897820155,-8.20597333948951,35.45962368507351,Unfeasible shape,GPSampler,PRUNED
355,355,6.0,2026-04-21 16:58:26.696998,2026-04-21 16:58:26.775946,0 days 00:00:00.078948,-35.52334032830452,42.72517055395737,80.80488729618365,15.031117206564659,3.574797938894033,15.313498386344676,-29.77003278910906,79.31643212396695,19.58449656106969,46.443947769767405,19.046548127793066,79.4088630706184,Unfeasible shape,GPSampler,PRUNED
356,356,6.0,2026-04-21 16:58:26.910523,2026-04-21 16:58:26.989303,0 days 00:00:00.078780,-62.73843540854142,87.8370051056573,43.74109457391254,96.2162322084953,43.07463658675194,36.52772015475742,-31.200199476911642,30.98228960263485,94.77912416760552,66.61329218791397,25.66304431721555,109.23563247428925,Unfeasible shape,GPSampler,PRUNED
357,357,47.4923723959417,2026-04-21 16:58:27.140148,2026-04-21 16:58:32.125649,0 days 00:00:04.985501,-34.85195569223056,74.27951713580772,56.15329528980717,85.4106680683384,16.78410892581453,38.59894979411483,-35.183593286016674,13.556560116330731,70.02022016305375,73.07421451405537,-28.83695016963816,94.0604535396355,Unattained target,GPSampler,PRUNED
358,358,0.0726058833035772,2026-04-21 16:58:32.293374,2026-04-21 16:58:40.205137,0 days 00:00:07.911763,-20.649656858344073,11.558937692559594,25.203690441680727,75.34296213621391,31.236694593864954,37.96848275215133,-24.99270623098335,42.438568018648056,27.72560816747937,28.899191416196963,-0.29621365306417147,65.15612380740221,,GPSampler,COMPLETE
359,359,6.0,2026-04-21 16:58:41.400903,2026-04-21 16:58:42.055222,0 days 00:00:00.654319,-61.94331965373451,15.058360719348073,90.56784886440013,51.75607705672836,96.04869682794772,-25.3161249755533,-29.829917539926647,88.08213188016241,17.124188995651977,93.34501212947805,35.51796188186984,110.91571392559167,Unfeasible shape,GPSampler,PRUNED
360,360,6.0,2026-04-21 16:58:42.208063,2026-04-21 16:58:42.267683,0 days 00:00:00.059620,-26.856981410475996,16.779066593471363,44.64826477548635,27.53207082435597,16.04630410631452,-28.674938832365914,-76.02282998543373,90.49840562592168,83.59370756181669,80.4941744434788,7.1313630732663995,43.205673963500104,Unfeasible shape,GPSampler,PRUNED
361,361,6.0,2026-04-21 16:58:42.400573,2026-04-21 16:58:42.478513,0 days 00:00:00.077940,-29.9815712266498,13.04532770871507,69.89426425663876,52.42881585171985,7.3350303370211485,-25.924967459008364,-53.08176268188146,27.927809536929857,88.6644155511214,74.30294227890408,-12.662490602988886,16.06301718899364,Unfeasible shape,GPSampler,PRUNED
362,362,6.0,2026-04-21 16:58:42.635863,2026-04-21 16:58:42.692952,0 days 00:00:00.057089,-35.88091059973669,48.62991839840977,73.764084808881,59.90017599494928,98.72394268532408,-4.350763868303709,-48.66316759849048,75.39930761544802,56.74022962487012,75.36478325509337,5.485672350456824,12.705690476364001,Unfeasible shape,GPSampler,PRUNED
363,363,6.0,2026-04-21 16:58:42.841476,2026-04-21 16:58:42.921993,0 days 00:00:00.080517,-58.487290469758555,23.62509646172406,88.09748213194864,17.423903071233912,13.131083334650118,25.12172882876221,-60.03078798644079,49.69303376825864,96.12270133391547,58.07723344059474,-16.628345283243746,-0.8572290500976507,Unfeasible shape,GPSampler,PRUNED
364,364,35.71156791239038,2026-04-21 16:58:43.054566,2026-04-21 16:58:47.971793,0 days 00:00:04.917227,-25.034342091454718,92.924995749904,74.5845695919804,52.60152453618502,17.057964043891555,67.98851162948228,-29.282323484844405,44.83743568236614,58.28547705084151,28.63937985632603,-19.390256833629206,101.54794103912856,Unattained target,GPSampler,PRUNED
365,365,6.0,2026-04-21 16:58:48.111853,2026-04-21 16:58:48.168481,0 days 00:00:00.056628,-73.80348587439168,32.30033503102035,89.73642603441505,93.40571132801583,36.4316946500837,-26.822505680597807,-55.58509754203868,64.36907991016544,52.72488465795587,83.58854886845018,11.82628677585599,-8.32167881625297,Unfeasible shape,GPSampler,PRUNED
366,366,6.0,2026-04-21 16:58:48.280698,2026-04-21 16:58:48.381037,0 days 00:00:00.100339,-33.095405141405344,23.483724815971673,72.03460727915798,87.89611324610135,104.11245109189987,1.016248881859827,-49.993916531677726,94.16846163888626,39.03191080449655,63.38379194641362,13.29840977785991,29.972427418561864,Unfeasible shape,GPSampler,PRUNED
367,367,6.0,2026-04-21 16:58:48.513282,2026-04-21 16:58:48.594176,0 days 00:00:00.080894,-70.14763637084894,73.94024659399686,80.24890094215074,22.43578008088962,24.46843948306708,65.87249087629736,-73.65132338397595,28.49088883935943,43.50052898707509,82.92777112288009,-23.52079203150562,87.12323705496603,Unfeasible shape,GPSampler,PRUNED
368,368,14.702341823027815,2026-04-21 16:58:48.720674,2026-04-21 16:58:53.265213,0 days 00:00:04.544539,-49.835913809446566,99.64788352880777,81.01699894320362,96.44366474133808,56.56362020655814,43.44988597094891,-47.68603725962123,69.25994281992168,16.816011644886643,42.26817265688865,31.37853365045609,76.84895190599948,Unattained target,GPSampler,PRUNED
369,369,6.0,2026-04-21 16:58:53.418268,2026-04-21 16:58:53.480146,0 days 00:00:00.061878,-53.41476780119024,59.501637909650626,35.30310135238278,31.830561800601448,107.73642179626815,78.1201115079651,-62.26909811493515,26.77319536061102,74.72335087993015,87.81011595716315,-10.090872123091671,0.48825990278429465,Unfeasible shape,GPSampler,PRUNED
370,370,83.35509593185354,2026-04-21 16:58:53.598777,2026-04-21 16:58:59.006627,0 days 00:00:05.407850,-33.73471259239435,42.98213908372094,90.72904269219013,61.08496560511416,56.927859993431824,-16.459956689285523,-65.9636006461545,85.77516505008823,34.65010716930947,95.19130606895192,39.95483532085471,86.99577925477482,Unattained target,GPSampler,PRUNED
