,number,value,datetime_start,datetime_complete,duration,params_lLegPt.rA1,params_lLegPt.rL0,params_lLegPt.rL1,params_lLegPt.rL2,params_lLegPt.x1,params_lLegPt.y1,params_sLegPt.rA1,params_sLegPt.rL0,params_sLegPt.rL1,params_sLegPt.rL2,params_sLegPt.x1,params_sLegPt.y1,user_attrs_prune,system_attrs_auto:sampler,state
502,502,6.0,2026-04-21 17:00:45.845264,2026-04-21 17:00:45.992304,0 days 00:00:00.147040,-72.10483510380539,60.36741150638894,10.0,60.05367636983053,51.71173302725979,17.846345381382797,-71.32844212322745,17.94147835709203,56.21092701096421,69.83108678613385,40.0,40.77892104918085,Unfeasible shape,GPSampler,PRUNED
503,503,6.0,2026-04-21 17:00:46.095351,2026-04-21 17:00:46.263085,0 days 00:00:00.167734,-72.0605025671374,60.30173761978776,10.0,60.17613833034811,51.63297444475372,17.875162093866138,-71.32875552585405,17.93300965595552,56.36072393713461,69.65984618458864,40.0,40.85701839006208,Unfeasible shape,GPSampler,PRUNED
504,504,6.0,2026-04-21 17:00:46.424618,2026-04-21 17:00:46.535433,0 days 00:00:00.110815,-72.03508138654232,60.31547367551643,10.0,60.136457071525,51.607461604744024,17.880848394423957,-71.33926720059962,17.905770964777652,56.34208606161598,69.74220350097731,40.0,40.90455059433394,Unfeasible shape,GPSampler,PRUNED
505,505,6.0,2026-04-21 17:00:46.651368,2026-04-21 17:00:46.763748,0 days 00:00:00.112380,-71.99639500062806,60.385900018957145,10.0,60.060682513950624,51.456643366024,17.89967791764048,-71.24105542226081,17.980875592390852,56.3229987984131,69.70563815205126,40.0,40.85552272578004,Unfeasible shape,GPSampler,PRUNED
506,506,6.0,2026-04-21 17:00:46.874360,2026-04-21 17:00:47.056022,0 days 00:00:00.181662,-72.03396848611872,60.27983922713231,10.0,60.121438654416515,51.46562379583963,17.876198094604227,-71.31528754222484,18.037344162020542,56.345990452746115,69.8259469135528,40.0,40.8187874152714,Unfeasible shape,GPSampler,PRUNED
507,507,6.0,2026-04-21 17:00:47.203641,2026-04-21 17:00:47.313722,0 days 00:00:00.110081,-72.09060054768794,60.361454617797534,10.0,60.10172032517569,51.54645751247805,17.88226025337621,-71.27598798896479,17.93118661433357,56.392742009808394,69.6738230423149,40.0,40.76186890758316,Unfeasible shape,GPSampler,PRUNED
508,508,6.0,2026-04-21 17:00:47.411657,2026-04-21 17:00:47.532336,0 days 00:00:00.120679,-72.01319319400477,60.30202398784587,10.0,60.139069040672844,51.527038222960186,17.88387236994506,-71.39760289115017,18.02292920432311,56.28349933766916,69.83662620385533,40.0,40.90841362477906,Unfeasible shape,GPSampler,PRUNED
509,509,6.0,2026-04-21 17:00:47.643898,2026-04-21 17:00:47.791250,0 days 00:00:00.147352,-72.0374285892466,60.281693863646964,10.0,60.22028238766214,51.435064612279064,17.89196624498043,-71.2646833377316,17.951539217567067,56.32514599299346,69.76493270708761,40.0,40.85972179886872,Unfeasible shape,GPSampler,PRUNED
510,510,6.0,2026-04-21 17:00:47.916143,2026-04-21 17:00:48.078462,0 days 00:00:00.162319,-72.05632948039988,60.42420716854604,10.0,60.09211368119618,51.794161723651015,17.914870746715053,-71.23978738878881,17.972117462969827,56.27116204696138,69.88213814836911,40.0,40.86316085862736,Unfeasible shape,GPSampler,PRUNED
511,511,6.0,2026-04-21 17:00:48.225493,2026-04-21 17:00:48.325851,0 days 00:00:00.100358,-72.01116346738792,60.511872649363355,10.0,60.14065476264372,51.356035412570854,17.875110880789627,-71.32363585406931,17.978519421537825,56.322220331145,69.75746803455087,40.0,40.80133833094015,Unfeasible shape,GPSampler,PRUNED
512,512,6.0,2026-04-21 17:00:48.435154,2026-04-21 17:00:48.535340,0 days 00:00:00.100186,-72.03045986927232,60.21174146702672,10.0,60.152405983693725,51.42731151060194,17.85835909199961,-71.32340600461215,17.903453999261608,56.31341312818555,69.64737020577361,40.0,40.77576232953377,Unfeasible shape,GPSampler,PRUNED
513,513,6.0,2026-04-21 17:00:48.649378,2026-04-21 17:00:48.773726,0 days 00:00:00.124348,-72.0313923049876,60.31445835226553,10.0,60.11786146265628,51.47741101584205,17.876178198187844,-71.27350812248866,17.93776781444002,56.32304028129214,69.71210774820587,40.0,40.85505892657718,Unfeasible shape,GPSampler,PRUNED
514,514,6.0,2026-04-21 17:00:48.923214,2026-04-21 17:00:49.040733,0 days 00:00:00.117519,-72.07300324836318,60.36897363912772,10.0,60.09357636483574,51.50901685656615,17.903052900994446,-71.32261928239798,17.907988561451255,56.33714335109419,69.81891524944052,40.0,40.783148851606676,Unfeasible shape,GPSampler,PRUNED
515,515,6.0,2026-04-21 17:00:49.169016,2026-04-21 17:00:49.291044,0 days 00:00:00.122028,-72.10533965565641,60.45005163846018,10.01294316823627,60.09324478909383,51.632100655491534,17.91077768589406,-71.25568338825514,18.045258130735782,56.28384542508947,69.8909540220884,40.0,40.91219397357085,Unfeasible shape,GPSampler,PRUNED
516,516,6.0,2026-04-21 17:00:49.413387,2026-04-21 17:00:49.595282,0 days 00:00:00.181895,-72.03627040150438,60.26854168333248,10.0,60.277952534123315,51.48861895745573,17.860150293210964,-71.28039455090646,17.92808543999707,56.37824126666607,69.75931154698432,40.0,40.8384631465751,Unfeasible shape,GPSampler,PRUNED
517,517,6.0,2026-04-21 17:00:49.736961,2026-04-21 17:00:49.854466,0 days 00:00:00.117505,-72.03501252173365,60.27360972929072,10.0,60.32205058006053,51.51292422568388,17.799596292502656,-71.32957319282231,17.834422164161865,56.29184260815853,69.6556052023146,40.0,40.71797774509291,Unfeasible shape,GPSampler,PRUNED
518,518,6.0,2026-04-21 17:00:49.971055,2026-04-21 17:00:50.066231,0 days 00:00:00.095176,-72.01092749558936,60.394906385960404,10.0,60.11131912093466,51.30824244782528,17.919833705851595,-71.23664829455606,18.064818658056428,56.39234267075329,69.70323212714283,40.0,40.84002396492977,Unfeasible shape,GPSampler,PRUNED
519,519,6.0,2026-04-21 17:00:50.178371,2026-04-21 17:00:50.278853,0 days 00:00:00.100482,-72.00946738449288,60.20895495822922,10.0,60.21386042627348,51.51485763635652,17.860058866483037,-71.25679822939021,17.89678628677412,56.282434586821864,69.74049001793722,40.0,40.91694371071163,Unfeasible shape,GPSampler,PRUNED
520,520,6.0,2026-04-21 17:00:50.389736,2026-04-21 17:00:50.635942,0 days 00:00:00.246206,-72.02871025182777,60.514315077525794,10.0,60.13274386963029,51.48900659904754,17.894191426662907,-71.33112236014232,17.933186671072463,56.360590773361615,69.74579822296002,40.0,40.78599257069376,Unfeasible shape,GPSampler,PRUNED
521,521,6.0,2026-04-21 17:00:50.819746,2026-04-21 17:00:50.936126,0 days 00:00:00.116380,-72.0290285922383,60.33510668221627,10.0,60.18006939280598,51.56615587306198,17.885509879410378,-71.30331774405252,17.923500211054517,56.392548853297825,69.67459747066144,40.0,40.8420673166765,Unfeasible shape,GPSampler,PRUNED
522,522,6.0,2026-04-21 17:00:51.046398,2026-04-21 17:00:51.139123,0 days 00:00:00.092725,-72.02501772047658,60.2524360161267,10.0,60.238201555157694,51.67148606861932,17.88663578696537,-71.37094170202872,17.945615439414226,56.340776426176106,69.68334155124893,40.0,40.83694942364755,Unfeasible shape,GPSampler,PRUNED
523,523,6.0,2026-04-21 17:00:51.252042,2026-04-21 17:00:51.628507,0 days 00:00:00.376465,-72.04295753944717,60.3226153452377,10.0,60.12491762074367,51.55260717414546,17.879518829113564,-71.29878203156687,17.987417709892714,56.331391385799996,69.74493802353257,40.0,40.86652380828967,Unfeasible shape,GPSampler,PRUNED
524,524,6.0,2026-04-21 17:00:51.819866,2026-04-21 17:00:51.915362,0 days 00:00:00.095496,-72.0404402417509,60.37590687151899,10.0,60.12749897843105,51.47546683122655,17.889062855529936,-71.27928592398794,17.97420875097488,56.37811597774033,69.76037861404278,40.0,40.884035806074245,Unfeasible shape,GPSampler,PRUNED
525,525,6.0,2026-04-21 17:00:52.032434,2026-04-21 17:00:52.123925,0 days 00:00:00.091491,-72.02792301221187,60.341142836899095,10.0,59.99292269818151,51.423041833674134,17.866887497401954,-71.28097571895414,18.050532313857826,56.15339507411341,69.95655151206302,40.0,40.85182869684738,Unfeasible shape,GPSampler,PRUNED
526,526,6.0,2026-04-21 17:00:52.292772,2026-04-21 17:00:52.416104,0 days 00:00:00.123332,-72.03837222239264,60.30491142282816,10.0,60.146287311780256,51.5313364861364,17.907682507020674,-71.28520929883706,17.99759274622646,56.32063365400744,69.82529740108902,40.0,40.88913965628962,Unfeasible shape,GPSampler,PRUNED
527,527,6.0,2026-04-21 17:00:52.548768,2026-04-21 17:00:52.653169,0 days 00:00:00.104401,-72.02373205843539,60.36857869537567,10.0,60.09663608530205,51.5755291714846,17.878095019134463,-71.25706800391761,17.9517607726304,56.2872239068098,69.82694633549501,40.0,40.87922893956808,Unfeasible shape,GPSampler,PRUNED
528,528,6.0,2026-04-21 17:00:52.887328,2026-04-21 17:00:53.038042,0 days 00:00:00.150714,-72.03476281671266,60.35434421487919,10.0,60.08907392938046,51.80273912152273,17.89343939365243,-71.21521206256608,18.14555008771949,56.1695245017485,70.0272734077916,40.0,40.98936328101851,Unfeasible shape,GPSampler,PRUNED
529,529,6.0,2026-04-21 17:00:53.152793,2026-04-21 17:00:53.250067,0 days 00:00:00.097274,-72.04904959447059,60.4131694709412,10.0,60.06177452036159,51.63258990863291,17.916726309703634,-71.24124383410658,17.909559757451422,56.26455718643356,69.96287409894681,40.0,40.81858045579721,Unfeasible shape,GPSampler,PRUNED
530,530,6.0,2026-04-21 17:00:53.360379,2026-04-21 17:00:53.612052,0 days 00:00:00.251673,-72.01711738643766,60.29455787297154,10.0,60.186994474844944,51.486298429760396,17.87704623832805,-71.26827531798587,17.979639416696852,56.3219208084252,69.74753693733496,40.0,40.76130542980857,Unfeasible shape,GPSampler,PRUNED
531,531,6.0,2026-04-21 17:00:53.750941,2026-04-21 17:00:53.880164,0 days 00:00:00.129223,-72.05816818324287,60.32994977755755,10.0,60.23445638563839,51.30184992857847,17.82176195118938,-71.2686294929765,18.019637390813244,56.39029301979083,69.60163636732281,40.0,40.83298066608378,Unfeasible shape,GPSampler,PRUNED
532,532,6.0,2026-04-21 17:00:53.995245,2026-04-21 17:00:54.096765,0 days 00:00:00.101520,-72.00997564016595,60.432505039330984,10.0,60.06618853155602,51.52096508201872,17.88187865618032,-71.23908061295326,17.953498956553197,56.27277421660526,69.81795620117171,40.0,40.882944293911194,Unfeasible shape,GPSampler,PRUNED
533,533,6.0,2026-04-21 17:00:54.242571,2026-04-21 17:00:54.451235,0 days 00:00:00.208664,-72.07205608378159,60.436418998088165,10.0,60.057029660022465,51.396750725819814,17.874288749412045,-71.36185332821023,18.200968538424256,56.33680762905982,69.82418019442244,40.0,40.89798206981717,Unfeasible shape,GPSampler,PRUNED
534,534,6.0,2026-04-21 17:00:54.574704,2026-04-21 17:00:54.683236,0 days 00:00:00.108532,-72.04515299993137,60.44632473441775,10.0,60.088515835361115,51.57668390778389,17.877741362749674,-71.2119892112488,17.96199542715433,56.32223797078382,69.86153124262303,40.0,40.88975813917529,Unfeasible shape,GPSampler,PRUNED
535,535,6.0,2026-04-21 17:00:54.798622,2026-04-21 17:00:54.966755,0 days 00:00:00.168133,-72.0511891522353,60.52515186512441,10.0,60.1951844026484,51.707547475204414,17.87050300397535,-71.18063579555576,17.899549411832584,56.4073500025714,69.87688428674265,40.0,40.79266989182475,Unfeasible shape,GPSampler,PRUNED
536,536,6.0,2026-04-21 17:00:55.094250,2026-04-21 17:00:55.210063,0 days 00:00:00.115813,-72.04911713413952,60.3564988448842,10.0,60.08269538936539,51.568630953687816,17.887286782893867,-71.26887724848491,18.051444132767962,56.27822454475667,69.90328580969324,40.0,40.909972266622184,Unfeasible shape,GPSampler,PRUNED
537,537,6.0,2026-04-21 17:00:55.335816,2026-04-21 17:00:55.426564,0 days 00:00:00.090748,-72.05688856039164,60.32209995492729,10.0,60.268537281304624,51.29562847207264,17.899080804226024,-71.37621045742087,17.9164497955936,56.45948654927304,69.63152156102919,40.0,40.732731763374744,Unfeasible shape,GPSampler,PRUNED
538,538,6.0,2026-04-21 17:00:55.536799,2026-04-21 17:00:55.823611,0 days 00:00:00.286812,-72.08169546686943,60.403950310935016,10.0,60.03844713511012,51.62376156543686,17.898107045611866,-71.20921623553339,17.919571983693185,56.245281843773085,69.89411412021371,40.0,40.89875534591179,Unfeasible shape,GPSampler,PRUNED
539,539,6.0,2026-04-21 17:00:55.965601,2026-04-21 17:00:56.065086,0 days 00:00:00.099485,-72.05603274095331,60.39144783252208,10.0,60.09200229362986,51.65104229897348,17.892528648638717,-71.26096020905314,17.920193411772924,56.23905329808592,69.88596557859836,40.0,40.922631471620996,Unfeasible shape,GPSampler,PRUNED
540,540,6.0,2026-04-21 17:00:56.200248,2026-04-21 17:00:56.302571,0 days 00:00:00.102323,-72.02436617389708,60.28648236611966,10.0,60.184307467602586,51.696913811260714,17.86108144561539,-71.38309821093729,17.930133989318612,56.38085172447413,69.71737806289022,40.0,40.88713941380724,Unfeasible shape,GPSampler,PRUNED
541,541,6.0,2026-04-21 17:00:56.416341,2026-04-21 17:00:56.702749,0 days 00:00:00.286408,-72.04178253551379,60.327135696887105,10.0,60.15193238031974,51.56032189976937,17.86580979637737,-71.25847116534464,17.994825502183097,56.30570251787991,69.81262985430104,40.0,40.85260191795739,Unfeasible shape,GPSampler,PRUNED
542,542,6.0,2026-04-21 17:00:56.826090,2026-04-21 17:00:56.946930,0 days 00:00:00.120840,-72.00423068629871,60.28302902078751,10.0,60.19136728669162,51.43923826005945,17.897255255094358,-71.29420243261427,18.022196974049372,56.31886026078917,69.74206541011176,40.0,40.78158316419775,Unfeasible shape,GPSampler,PRUNED
543,543,6.0,2026-04-21 17:00:57.054194,2026-04-21 17:00:57.288660,0 days 00:00:00.234466,-72.05574025111994,60.45404722666359,10.0,60.08590489842883,51.53221036679894,17.884997073867403,-71.27096924511805,17.95161455637409,56.28600852347625,69.90642348076196,40.0,40.82311355958918,Unfeasible shape,GPSampler,PRUNED
544,544,6.0,2026-04-21 17:00:57.397590,2026-04-21 17:00:57.588912,0 days 00:00:00.191322,-72.08053615015226,60.47251071289079,10.0,60.077138666616165,51.460433464813256,17.875932379799927,-71.25365236979434,17.900943216280872,56.23100993203536,69.73757845942235,40.0,40.7359406832751,Unfeasible shape,GPSampler,PRUNED
545,545,6.0,2026-04-21 17:00:57.731457,2026-04-21 17:00:57.952582,0 days 00:00:00.221125,-72.07127655851352,60.403664207592215,10.0,60.05035631530024,51.68292340558453,17.85773910070121,-71.23642957538028,17.970077619895132,56.28379051413523,69.88425982717627,40.0,40.80983331121306,Unfeasible shape,GPSampler,PRUNED
546,546,6.0,2026-04-21 17:00:58.086902,2026-04-21 17:00:58.181459,0 days 00:00:00.094557,-72.03065712294429,60.3218563499302,10.0,60.15696068002671,51.5137325325872,17.85702545509475,-71.29100621174776,17.915453194267215,56.376455445940394,69.66843010162293,40.0,40.862672919641824,Unfeasible shape,GPSampler,PRUNED
547,547,6.0,2026-04-21 17:00:58.297985,2026-04-21 17:00:58.394228,0 days 00:00:00.096243,-72.061873839326,60.352020076077274,10.0,60.178759297334736,51.54995516842906,17.83456895293427,-71.29876763636163,17.93395433189748,56.2603002824229,69.74884985542454,40.0,40.791413852000254,Unfeasible shape,GPSampler,PRUNED
548,548,6.0,2026-04-21 17:00:58.514294,2026-04-21 17:00:58.609141,0 days 00:00:00.094847,-72.01440352550568,60.22607915249877,10.0,60.24985170442111,51.36417547063421,17.846229541592606,-71.31131552558676,17.77444345791914,56.43215534887856,69.58452294299722,40.0,40.66440554261288,Unfeasible shape,GPSampler,PRUNED
549,549,6.0,2026-04-21 17:00:58.727576,2026-04-21 17:00:58.837882,0 days 00:00:00.110306,-72.07534861491108,60.33921937726499,10.0,60.15510385970475,51.56060173643013,17.877548749340633,-71.26369848167533,17.965086859760415,56.33586947358802,69.78697653070205,40.0,40.82041209903264,Unfeasible shape,GPSampler,PRUNED
550,550,6.0,2026-04-21 17:00:58.957118,2026-04-21 17:00:59.100638,0 days 00:00:00.143520,-72.03426083064512,60.32300194223857,10.0,60.15651769799709,51.518102065833375,17.887326464136933,-71.29484331127043,17.972748500511628,56.345480380885895,69.75502247333728,40.0,40.82990604586319,Unfeasible shape,GPSampler,PRUNED
551,551,6.0,2026-04-21 17:00:59.218150,2026-04-21 17:00:59.328933,0 days 00:00:00.110783,-72.04364086859886,60.29766545160087,10.0,60.05765287097291,51.622053619167175,17.896028395678684,-71.16531068482236,17.937066131045256,56.28861205127511,69.82910070957678,40.0,40.860925173808766,Unfeasible shape,GPSampler,PRUNED
552,552,6.0,2026-04-21 17:00:59.463647,2026-04-21 17:00:59.575125,0 days 00:00:00.111478,-72.02352435405227,60.34426746942986,10.0,60.14315220989334,51.46409475799731,17.88892213226886,-71.28538698026922,17.935410063650874,56.39429711801676,69.63701056500473,40.0,40.8154866656346,Unfeasible shape,GPSampler,PRUNED
553,553,6.0,2026-04-21 17:00:59.709314,2026-04-21 17:00:59.804369,0 days 00:00:00.095055,-72.02740097723144,60.23802482711301,10.0,60.17574827447849,51.51006762139866,17.881354617194383,-71.2604557330456,18.036388261637274,56.33036663611725,69.77113045676654,40.0,40.80750115703199,Unfeasible shape,GPSampler,PRUNED
554,554,6.0,2026-04-21 17:00:59.954190,2026-04-21 17:01:00.223340,0 days 00:00:00.269150,-72.06140936638813,60.37305814240749,10.0,60.12310190233894,51.5567389301211,17.87969638522396,-71.23586876186386,17.976424594151162,56.27709512533848,69.78135472034549,40.0,40.89021581160038,Unfeasible shape,GPSampler,PRUNED
555,555,6.0,2026-04-21 17:01:00.357228,2026-04-21 17:01:00.546167,0 days 00:00:00.188939,-71.97313218984934,60.229659993899936,10.0,60.17272896091223,51.36414417224449,17.875609934570086,-71.38301533553228,17.853761327487,56.42722187511501,69.56547732795708,40.0,40.790076885094216,Unfeasible shape,GPSampler,PRUNED
556,556,6.0,2026-04-21 17:01:00.711990,2026-04-21 17:01:00.822636,0 days 00:00:00.110646,-72.04606402421732,60.381874429353864,10.0,60.13975880694543,51.62380032291278,17.941861912859764,-71.29619472297617,17.988612912393656,56.36646328515445,69.79363527490406,40.0,40.96485268419375,Unfeasible shape,GPSampler,PRUNED
557,557,6.0,2026-04-21 17:01:00.939199,2026-04-21 17:01:01.033699,0 days 00:00:00.094500,-72.06025906533338,60.32297653883019,10.0,60.11972295913326,51.609025909334875,17.852243370158327,-71.30285312803134,17.92746129275406,56.29487743289193,69.83727113462103,40.0,40.862869386682576,Unfeasible shape,GPSampler,PRUNED
558,558,6.0,2026-04-21 17:01:01.135642,2026-04-21 17:01:01.277428,0 days 00:00:00.141786,-72.02969507628555,60.36428002153631,10.0,60.092368981592,51.55691882323955,17.91286070680011,-71.25539812734362,17.935417922318024,56.34778821604524,69.74916416349319,40.0,40.85039724739014,Unfeasible shape,GPSampler,PRUNED
559,559,6.0,2026-04-21 17:01:01.403307,2026-04-21 17:01:01.568473,0 days 00:00:00.165166,-71.99283413852494,60.36977406655751,10.0,60.25241518193601,51.347178467076546,17.933045246212522,-71.26256227570892,17.91175976637632,56.37657703358194,69.7153261510854,40.0,40.843375114778404,Unfeasible shape,GPSampler,PRUNED
560,560,6.0,2026-04-21 17:01:01.718793,2026-04-21 17:01:01.845244,0 days 00:00:00.126451,-72.0758430098835,60.346669174334316,10.0,60.14177056946016,51.540449841540436,17.844874888714173,-71.26303664168753,17.94323034857871,56.39414756839416,69.65004720732354,40.0,40.850468278983186,Unfeasible shape,GPSampler,PRUNED
561,561,6.0,2026-04-21 17:01:01.964770,2026-04-21 17:01:02.203614,0 days 00:00:00.238844,-72.05599531630475,60.37433893302807,10.0,60.14611824185054,51.504539581560294,17.887321239310225,-71.3321217189732,17.83406487281725,56.261168151009116,69.73051851004539,40.0,40.806659472066286,Unfeasible shape,GPSampler,PRUNED
562,562,6.0,2026-04-21 17:01:02.319892,2026-04-21 17:01:02.533342,0 days 00:00:00.213450,-72.05179407672146,60.41487646739624,10.0,60.0155179068826,51.6461803632556,17.916902588925183,-71.25287535825781,17.886287149718033,56.243923874647585,69.84945096809831,40.0,40.947300852840876,Unfeasible shape,GPSampler,PRUNED
563,563,6.0,2026-04-21 17:01:02.674245,2026-04-21 17:01:02.806382,0 days 00:00:00.132137,-72.04826683647262,60.29000619000849,10.0,60.16489685490012,51.48760055200999,17.88047675483294,-71.31289571102923,17.843211105880513,56.37129907435114,69.71177667038256,40.0,40.797481906178625,Unfeasible shape,GPSampler,PRUNED
564,564,6.0,2026-04-21 17:01:02.920058,2026-04-21 17:01:03.014526,0 days 00:00:00.094468,-72.01523516867063,60.31827515776864,10.0,60.20427915757984,51.48073830447596,17.87862323612606,-71.30823222490588,17.922086246829668,56.38761188495586,69.62101208495227,40.0,40.79484163965776,Unfeasible shape,GPSampler,PRUNED
565,565,6.0,2026-04-21 17:01:03.132058,2026-04-21 17:01:03.407581,0 days 00:00:00.275523,-72.03868288916556,60.46975484592993,10.0,60.145873544977256,51.35260863147326,17.845377433310155,-71.24491925235768,17.939723776087092,56.40275749389011,69.76885247802619,40.0,40.75822858171378,Unfeasible shape,GPSampler,PRUNED
566,566,6.0,2026-04-21 17:01:03.536511,2026-04-21 17:01:03.662805,0 days 00:00:00.126294,-72.03221125415884,60.36681785554211,10.0,60.105667825666195,51.4900518825567,17.87680208480392,-71.28314280123709,17.941584411241287,56.38444097121693,69.74508332328953,40.0,40.788710375036835,Unfeasible shape,GPSampler,PRUNED
567,567,6.0,2026-04-21 17:01:03.796361,2026-04-21 17:01:03.875447,0 days 00:00:00.079086,-72.03267779452705,60.37772803061018,10.0,60.16459002487951,51.5550178557884,17.861862192127916,-71.29435446905035,17.939472197522335,56.340628616916995,69.72538642784224,40.0,40.78591837630081,Unfeasible shape,GPSampler,PRUNED
568,568,6.0,2026-04-21 17:01:03.995115,2026-04-21 17:01:04.153220,0 days 00:00:00.158105,-72.05364854171773,60.34895822753581,10.0,60.12005154089438,51.503667191335104,17.877042668131722,-71.26664483732415,18.01252535109922,56.36413539887464,69.80764466598737,40.0,40.8558532368829,Unfeasible shape,GPSampler,PRUNED
569,569,6.0,2026-04-21 17:01:04.308139,2026-04-21 17:01:04.429513,0 days 00:00:00.121374,-71.99386917840212,60.38552589367089,10.0,60.19175153951289,51.522738024683484,17.89037588401576,-71.24074155096186,17.898549675406613,56.347692557645644,69.61735261528511,40.0,40.872947565688904,Unfeasible shape,GPSampler,PRUNED
