,number,value,datetime_start,datetime_complete,duration,params_lLegPt.rA1,params_lLegPt.rL0,params_lLegPt.rL1,params_lLegPt.rL2,params_lLegPt.x1,params_lLegPt.y1,params_sLegPt.rA1,params_sLegPt.rL0,params_sLegPt.rL1,params_sLegPt.rL2,params_sLegPt.x1,params_sLegPt.y1,user_attrs_prune,system_attrs_auto:sampler,state
570,570,6.0,2026-04-21 17:01:04.563416,2026-04-21 17:01:04.658412,0 days 00:00:00.094996,-72.13324772626729,60.37806784112276,10.0,60.04525036324975,51.62183597629677,17.878774986751736,-71.28187964964536,17.879139357257397,56.30654835084927,69.62401744880728,40.0,40.91939952608798,Unfeasible shape,GPSampler,PRUNED
571,571,6.0,2026-04-21 17:01:04.790922,2026-04-21 17:01:04.886085,0 days 00:00:00.095163,-72.07758587866341,60.3840896213652,10.0,60.14147002599791,51.544105809472775,17.8768667208913,-71.2891008228906,17.927087936772075,56.375821365057504,69.79989600695043,40.0,40.80195476033763,Unfeasible shape,GPSampler,PRUNED
572,572,6.0,2026-04-21 17:01:05.036582,2026-04-21 17:01:05.131520,0 days 00:00:00.094938,-72.13887294397605,60.36366650300987,10.0,60.180830438620674,51.438969004226195,17.964763495700154,-71.23576061401569,18.06209061070537,56.30389901797699,69.83734205677001,40.0,40.953691928009896,Unfeasible shape,GPSampler,PRUNED
573,573,6.0,2026-04-21 17:01:05.249301,2026-04-21 17:01:05.359194,0 days 00:00:00.109893,-72.0991209350329,60.30926200764935,10.0,60.09449421381894,51.541711895173655,17.87708634344611,-71.20671759825407,17.99924721773736,56.296861787122204,69.77743153805443,40.0,40.89224760935183,Unfeasible shape,GPSampler,PRUNED
574,574,6.0,2026-04-21 17:01:05.461655,2026-04-21 17:01:05.619773,0 days 00:00:00.158118,-72.02707549394376,60.52347462791335,10.0,60.105708538509184,51.28886144992561,17.915158567172675,-71.21932193367138,17.9290569191462,56.38680128345624,69.5645868693845,40.0,40.74993507157718,Unfeasible shape,GPSampler,PRUNED
575,575,6.0,2026-04-21 17:01:05.723512,2026-04-21 17:01:05.817887,0 days 00:00:00.094375,-72.00397169368213,60.248532963260935,10.0,60.173433191352224,51.68722988010951,17.886134434923875,-71.34040634028143,17.98015337688306,56.42326271073548,69.7556569582625,40.0,40.84127874352902,Unfeasible shape,GPSampler,PRUNED
576,576,6.0,2026-04-21 17:01:05.936699,2026-04-21 17:01:06.078467,0 days 00:00:00.141768,-72.00233889935646,60.44486878190724,10.0,60.05485130398075,51.56492964840028,17.8937118517633,-71.3051438269886,17.92669779879177,56.43760254414043,69.7928458715094,40.0,40.8663037009306,Unfeasible shape,GPSampler,PRUNED
577,577,6.0,2026-04-21 17:01:06.181158,2026-04-21 17:01:06.348819,0 days 00:00:00.167661,-72.02341872856162,60.4220090880053,10.0,60.24777919523473,51.295047983575095,17.89905213272008,-71.20982930775006,17.899788296242782,56.52997886303806,69.52210682529693,40.0,40.77436010789725,Unfeasible shape,GPSampler,PRUNED
578,578,6.0,2026-04-21 17:01:06.471894,2026-04-21 17:01:06.582315,0 days 00:00:00.110421,-72.0696209361886,60.38093861254722,10.0,60.15716156526334,51.519088493482954,17.83524210405578,-71.28143106395822,17.822442851326713,56.41693531822022,69.67795486888186,40.0,40.78938899637898,Unfeasible shape,GPSampler,PRUNED
579,579,6.0,2026-04-21 17:01:06.684327,2026-04-21 17:01:06.794944,0 days 00:00:00.110617,-72.08905304760182,60.25176461944463,10.0,60.13349887463261,51.32683691618229,17.922429086990725,-71.29708379817839,18.02305111054423,56.385096229021634,69.92513168395499,40.0,40.97168910092275,Unfeasible shape,GPSampler,PRUNED
580,580,6.0,2026-04-21 17:01:06.914776,2026-04-21 17:01:07.119970,0 days 00:00:00.205194,-71.99926741864236,60.309874509997485,10.0,60.17214839392123,51.44280027270156,17.857457738963788,-71.28897665142817,17.937320251237495,56.28154990957852,69.70415113300743,40.0,40.86290950169033,Unfeasible shape,GPSampler,PRUNED
581,581,6.0,2026-04-21 17:01:07.238582,2026-04-21 17:01:07.380619,0 days 00:00:00.142037,-72.04598003588647,60.29573149852835,10.0,60.15267505697431,51.539172579356034,17.89509477392224,-71.30030147921032,17.973322586056295,56.34138348507678,69.70723148542996,40.0,40.85181750942927,Unfeasible shape,GPSampler,PRUNED
582,582,6.0,2026-04-21 17:01:07.514569,2026-04-21 17:01:07.689830,0 days 00:00:00.175261,-72.01048972368446,60.328249144696024,10.0,60.15739791610096,51.512477555397,17.88557259205617,-71.27163538623951,17.927774290281338,56.39517179089927,69.62483016055428,40.0,40.82874121338951,Unfeasible shape,GPSampler,PRUNED
583,583,6.0,2026-04-21 17:01:07.823509,2026-04-21 17:01:07.934522,0 days 00:00:00.111013,-72.0026741233017,60.3116483118698,10.0,60.129283044429656,51.420965025915486,17.855724738893834,-71.30677957877008,18.034303994794385,56.286400271600975,69.76391455705772,40.0,40.85526076079759,Unfeasible shape,GPSampler,PRUNED
584,584,6.0,2026-04-21 17:01:08.084869,2026-04-21 17:01:08.369183,0 days 00:00:00.284314,-72.02355776949622,60.287395450794705,10.0,60.21267755529773,51.54683057669385,17.902492037649935,-71.30609574602268,17.88732863725151,56.42375076209609,69.54142519357008,40.0,40.77475237495674,Unfeasible shape,GPSampler,PRUNED
585,585,6.0,2026-04-21 17:01:08.512269,2026-04-21 17:01:08.615131,0 days 00:00:00.102862,-72.05300259880244,60.27905372084748,10.0,60.13334343529482,51.5327082731557,17.900394500045003,-71.30792248236239,18.013550699310485,56.28600976741749,69.93692697695823,40.0,40.91865948887057,Unfeasible shape,GPSampler,PRUNED
586,586,6.0,2026-04-21 17:01:08.717569,2026-04-21 17:01:08.812638,0 days 00:00:00.095069,-71.99361416895822,60.38232041429532,10.0,60.1765503628014,51.54523599760968,17.84804823608883,-71.3199055800892,17.812356583482675,56.366164544219615,69.59093235798825,40.0,40.73749133481434,Unfeasible shape,GPSampler,PRUNED
587,587,6.0,2026-04-21 17:01:08.930067,2026-04-21 17:01:09.072217,0 days 00:00:00.142150,-72.02563588659132,60.40119505996448,10.0,60.105082537500174,51.4497230254967,17.894251581923427,-71.23146026464461,18.00503588044367,56.419349599608864,69.6947888446085,40.0,40.88476879933932,Unfeasible shape,GPSampler,PRUNED
588,588,6.0,2026-04-21 17:01:09.189623,2026-04-21 17:01:09.347267,0 days 00:00:00.157644,-72.00612956041483,60.21874061664093,10.0,60.162692573373846,51.39064430237753,17.870086574256355,-71.21540644907992,17.977541983647058,56.33209134045618,69.76639618254347,40.0,40.86904082755744,Unfeasible shape,GPSampler,PRUNED
589,589,6.0,2026-04-21 17:01:09.481424,2026-04-21 17:01:09.645109,0 days 00:00:00.163685,-72.06787395703442,60.41477496025701,10.0,60.10458980597993,51.61567022591993,17.889038926152033,-71.26505783556145,17.965963611691965,56.28606430258507,69.82975136938877,40.0,40.84261771580365,Unfeasible shape,GPSampler,PRUNED
590,590,6.0,2026-04-21 17:01:09.757645,2026-04-21 17:01:09.867729,0 days 00:00:00.110084,-72.03942302273572,60.32633753254867,10.0,60.13585478098444,51.48797110074226,17.861690247500448,-71.28940825249528,17.937069155098136,56.360655060413976,69.71270643002396,40.0,40.82718423739856,Unfeasible shape,GPSampler,PRUNED
591,591,6.0,2026-04-21 17:01:10.013578,2026-04-21 17:01:10.127927,0 days 00:00:00.114349,-72.03954275884948,60.29364088085494,10.0,60.20971923586047,51.51186461841459,17.88499628660999,-71.29397306432179,17.92448134127052,56.33319481529741,69.71290272129485,40.0,40.83199580281384,Unfeasible shape,GPSampler,PRUNED
592,592,6.0,2026-04-21 17:01:10.231046,2026-04-21 17:01:10.436441,0 days 00:00:00.205395,-72.06891375174776,60.27923023417667,10.0,60.19601595322398,51.312844109075044,17.877133413289584,-71.29722331111682,17.913348967847185,56.41146941233571,69.53591281506213,40.0,40.733880455248375,Unfeasible shape,GPSampler,PRUNED
593,593,6.0,2026-04-21 17:01:10.570310,2026-04-21 17:01:10.696499,0 days 00:00:00.126189,-72.069557677862,60.41075592619203,10.0,60.25698155961523,51.393268417741815,17.858817183991043,-71.31155422433156,17.79861843741829,56.46914529019531,69.56068025720998,40.0,40.74113233760918,Unfeasible shape,GPSampler,PRUNED
594,594,6.0,2026-04-21 17:01:10.815598,2026-04-21 17:01:11.050332,0 days 00:00:00.234734,-72.05151322873527,60.29913595964225,10.0,60.203018206946204,51.35786857126354,17.872558193449038,-71.32063253229991,17.89506320729283,56.434300686844836,69.64477053010509,40.0,40.766850513168045,Unfeasible shape,GPSampler,PRUNED
595,595,6.0,2026-04-21 17:01:11.167453,2026-04-21 17:01:11.293982,0 days 00:00:00.126529,-72.0023696983366,60.32255010556649,10.0,60.22259432084505,51.3207978501359,17.875275069637546,-71.32932795709618,17.920611412796426,56.345328578704034,69.62769884620539,40.0,40.73491717446837,Unfeasible shape,GPSampler,PRUNED
596,596,6.0,2026-04-21 17:01:11.445097,2026-04-21 17:01:11.556399,0 days 00:00:00.111302,-72.06947242609473,60.32906657529145,10.0,60.07404188591276,51.61124967223818,17.87318195201626,-71.22179804668184,18.153102671875438,56.207042324331994,70.01262719863561,40.0,40.923619737440426,Unfeasible shape,GPSampler,PRUNED
597,597,6.0,2026-04-21 17:01:11.673852,2026-04-21 17:01:11.784145,0 days 00:00:00.110293,-72.02850497580923,60.2809773461003,10.0,60.24372955622822,51.515646830253516,17.862741488098855,-71.26429294457986,17.99941779945984,56.330297720932606,69.73686782430869,40.0,40.88721176684343,Unfeasible shape,GPSampler,PRUNED
598,598,6.0,2026-04-21 17:01:11.934335,2026-04-21 17:01:12.045448,0 days 00:00:00.111113,-72.04284310157723,60.22249905861229,10.0,60.11624657766548,51.56375898677512,17.868491168331644,-71.32104223767642,17.947224112711282,56.336712661107256,69.74157523572921,40.0,40.87907650842107,Unfeasible shape,GPSampler,PRUNED
599,599,6.0,2026-04-21 17:01:12.186093,2026-04-21 17:01:12.280554,0 days 00:00:00.094461,-72.04754021363954,60.290713495600144,10.0,60.16069312164669,51.458832873803054,17.876164098475364,-71.27382826509566,17.946990695017277,56.36839734923946,69.80155557891308,40.0,40.90344986554962,Unfeasible shape,GPSampler,PRUNED
600,600,6.0,2026-04-21 17:01:12.398571,2026-04-21 17:01:12.493186,0 days 00:00:00.094615,-72.05334987661277,60.323406591341524,10.0,60.176672616302454,51.629132649802564,17.84229305033425,-71.28246700084904,17.86930024006213,56.32800765792471,69.7772620073552,40.0,40.85723518777264,Unfeasible shape,GPSampler,PRUNED
601,601,6.0,2026-04-21 17:01:12.627350,2026-04-21 17:01:12.817692,0 days 00:00:00.190342,-71.9963702595355,60.32983515141771,10.0,59.98692084807583,51.48255743628643,17.93117985847406,-71.28957294746333,17.977862870324405,56.37783114374586,69.81916678588375,40.0,40.86205407056479,Unfeasible shape,GPSampler,PRUNED
602,602,6.0,2026-04-21 17:01:12.950232,2026-04-21 17:01:13.061108,0 days 00:00:00.110876,-72.06483978616484,60.27197227277211,10.0,60.12356326370425,51.62146247721602,17.913408500292704,-71.34844911740524,17.96249932936405,56.271937915580416,69.79125991665231,40.0,40.830555068443886,Unfeasible shape,GPSampler,PRUNED
603,603,6.0,2026-04-21 17:01:13.194277,2026-04-21 17:01:13.283645,0 days 00:00:00.089368,-72.01390912226121,60.3401056047796,10.0,60.07951132053702,51.54048677151324,17.867069741247008,-71.27940610262426,18.102713576740477,56.340484835149596,69.79444710725734,40.0,40.91092970477908,Unfeasible shape,GPSampler,PRUNED
604,604,6.0,2026-04-21 17:01:13.392078,2026-04-21 17:01:13.549228,0 days 00:00:00.157150,-72.04831767920169,60.4681707089969,10.0,60.27977414274412,51.56193110135676,17.839206792989344,-71.23812014258439,18.024523330747826,56.407156808067136,69.83485980227888,40.0,40.81427975899536,Unfeasible shape,GPSampler,PRUNED
605,605,6.0,2026-04-21 17:01:13.683736,2026-04-21 17:01:13.794367,0 days 00:00:00.110631,-71.99961886248003,60.299740914838615,10.0,60.201611716898704,51.49302385341171,17.884581599619544,-71.26558158867026,17.972737214703496,56.26765314159185,69.71344806068473,40.0,40.74013714529426,Unfeasible shape,GPSampler,PRUNED
606,606,6.0,2026-04-21 17:01:13.927173,2026-04-21 17:01:14.053718,0 days 00:00:00.126545,-72.07429715560849,60.33752655011643,10.0,60.2457696414866,51.3365703511414,17.861673089219117,-71.32192027613178,17.93543712660837,56.449450288624305,69.64929830655619,40.0,40.73525368124185,Unfeasible shape,GPSampler,PRUNED
607,607,6.0,2026-04-21 17:01:14.187472,2026-04-21 17:01:14.281284,0 days 00:00:00.093812,-72.01923293704411,60.228551752960435,10.0,60.21331301967572,51.4258793113265,17.857609153646138,-71.26552595750412,18.053235270032708,56.27947513407403,69.76484467991799,40.0,40.853966687087784,Unfeasible shape,GPSampler,PRUNED
608,608,6.0,2026-04-21 17:01:14.399722,2026-04-21 17:01:14.684538,0 days 00:00:00.284816,-72.11128081886434,60.35074813001114,10.0,60.03127443039295,51.55265877581837,17.896299463169797,-71.30626705258534,18.05551454783809,56.331050187414704,69.88153330540479,40.0,40.81743794026797,Unfeasible shape,GPSampler,PRUNED
609,609,6.0,2026-04-21 17:01:14.834960,2026-04-21 17:01:14.945682,0 days 00:00:00.110722,-71.9735445590861,60.54180869151345,10.032060539732077,60.08347688445972,51.27146644835069,17.89432747032962,-71.30923339801429,17.89348380524935,56.25706963206613,69.6528169266298,40.0,40.69267634503732,Unfeasible shape,GPSampler,PRUNED
610,610,6.0,2026-04-21 17:01:15.063829,2026-04-21 17:01:15.158101,0 days 00:00:00.094272,-72.07801604002783,60.37248613021541,10.0,60.116981466361615,51.53364209151559,17.884703241628152,-71.30482876966482,18.033565132520586,56.37061374136526,69.73479460148239,40.0,40.788000262878626,Unfeasible shape,GPSampler,PRUNED
611,611,6.0,2026-04-21 17:01:15.319839,2026-04-21 17:01:15.417384,0 days 00:00:00.097545,-72.028230602883,60.304812922645375,10.0,60.14134094387016,51.42727740124725,17.827683858597837,-71.28280939457733,17.926808925101405,56.363715978178284,69.7173117499412,40.0,40.788827872460686,Unfeasible shape,GPSampler,PRUNED
612,612,6.0,2026-04-21 17:01:15.519810,2026-04-21 17:01:15.619982,0 days 00:00:00.100172,-72.09662054167786,60.392583432408415,10.0,60.232411698138215,51.59083776861913,17.835556682373344,-71.26048986698689,17.967184098139324,56.34332577337561,69.80416835990331,40.0,40.73543994883041,Unfeasible shape,GPSampler,PRUNED
613,613,6.0,2026-04-21 17:01:15.732756,2026-04-21 17:01:15.890801,0 days 00:00:00.158045,-72.03108756289552,60.426947704942556,10.0,60.08942740065788,51.64047346541926,17.928669896639256,-71.20088526254703,17.969868982119024,56.36030553174912,69.94364005767547,40.0,40.76778419413474,Unfeasible shape,GPSampler,PRUNED
614,614,6.0,2026-04-21 17:01:16.008444,2026-04-21 17:01:16.198011,0 days 00:00:00.189567,-72.03579407646866,60.33037493733319,10.0,60.17984627631361,51.576967031023855,17.9149474195723,-71.248029543042,18.100467372990206,56.332620102661025,69.8963882071486,40.0,40.925936298284796,Unfeasible shape,GPSampler,PRUNED
615,615,6.0,2026-04-21 17:01:16.348607,2026-04-21 17:01:16.443294,0 days 00:00:00.094687,-72.08891414355894,60.35189539622923,10.0,60.17140143606537,51.55502863961704,17.78857269084616,-71.26091996760918,17.904835215549884,56.18293870225215,70.05141023357777,40.0,40.99579127569073,Unfeasible shape,GPSampler,PRUNED
616,616,6.0,2026-04-21 17:01:16.561543,2026-04-21 17:01:16.687739,0 days 00:00:00.126196,-72.0373154691144,60.36971746608523,10.0,60.23191380692118,51.45409927112331,17.869186493534514,-71.29067406645864,17.92702540325586,56.41546915350182,69.62669741299683,40.0,40.75263698931874,Unfeasible shape,GPSampler,PRUNED
617,617,6.0,2026-04-21 17:01:16.821136,2026-04-21 17:01:17.010291,0 days 00:00:00.189155,-72.0515629010892,60.34470686169719,10.0,60.18800988275137,51.42474636217015,17.857549684500455,-71.3063876091689,18.053669139751854,56.26852089060434,69.77884959359541,40.0,40.93111044294529,Unfeasible shape,GPSampler,PRUNED
618,618,6.0,2026-04-21 17:01:17.175847,2026-04-21 17:01:17.580317,0 days 00:00:00.404470,-72.08870035612863,60.44742347762085,10.0,60.049141013929756,51.52101483189598,17.88535564981234,-71.3001629976657,18.007285753615754,56.37548029654565,69.85443531262683,40.0,40.88502485131255,Unfeasible shape,GPSampler,PRUNED
619,619,6.0,2026-04-21 17:01:17.721582,2026-04-21 17:01:17.827251,0 days 00:00:00.105669,-72.0450072807009,60.40571452014109,10.0,60.10431059390097,51.51463783475408,17.890649843712183,-71.28695429728013,17.91245251755449,56.37680277886631,69.74878105681475,40.0,40.84968281814701,Unfeasible shape,GPSampler,PRUNED
620,620,6.0,2026-04-21 17:01:17.945829,2026-04-21 17:01:18.072732,0 days 00:00:00.126903,-72.02131509546973,60.44501942065816,10.0,60.12634471991282,51.59199162307079,17.847384810261822,-71.3719882348693,17.981453984957632,56.19163575200269,69.89233953107652,40.0,40.90816650051048,Unfeasible shape,GPSampler,PRUNED
621,621,6.0,2026-04-21 17:01:18.191625,2026-04-21 17:01:18.320697,0 days 00:00:00.129072,-72.03740521360999,60.34148717308059,10.0,60.17477330328965,51.58705632888657,17.878744596683447,-71.31313485399058,17.89652309001577,56.360683933271105,69.71842668608002,40.0,40.822778946354504,Unfeasible shape,GPSampler,PRUNED
622,622,6.0,2026-04-21 17:01:18.437710,2026-04-21 17:01:18.636078,0 days 00:00:00.198368,-72.00978641976043,60.327456255529526,10.0,59.965778173155236,51.424010691963495,17.947384081350144,-71.29661618848587,18.03328409611312,56.239615942087354,69.72922690050999,40.0,40.88400429479932,Unfeasible shape,GPSampler,PRUNED
623,623,6.0,2026-04-21 17:01:18.760193,2026-04-21 17:01:18.902811,0 days 00:00:00.142618,-72.01069764535093,60.256258495790036,10.0,60.13274114458872,51.35131765738288,17.864137887694547,-71.2797537787486,17.9159316886075,56.34522160567404,69.67509104096442,40.0,40.7790218680257,Unfeasible shape,GPSampler,PRUNED
624,624,6.0,2026-04-21 17:01:19.023036,2026-04-21 17:01:19.115482,0 days 00:00:00.092446,-72.09252996128754,60.33945193866853,10.0,60.16020336335319,51.4577443015965,17.881190527635795,-71.27723976902398,18.048148847972236,56.34722793239602,69.74873968329206,40.0,40.810421487827554,Unfeasible shape,GPSampler,PRUNED
625,625,6.0,2026-04-21 17:01:19.223294,2026-04-21 17:01:19.533829,0 days 00:00:00.310535,-72.07985939238287,60.41536299440157,10.009549598527128,60.04832756669189,51.76404700726841,17.915363055077414,-71.24433427204593,18.01740017220323,56.20526615261971,69.91078318667275,40.0,40.90286325495094,Unfeasible shape,GPSampler,PRUNED
626,626,6.0,2026-04-21 17:01:19.638453,2026-04-21 17:01:19.748967,0 days 00:00:00.110514,-72.0108161307896,60.297978357810706,10.0,60.19557404216774,51.56030087916039,17.86324152111097,-71.25490078956032,18.009812276583062,56.439217673414895,69.78813202546313,40.0,40.85832761056911,Unfeasible shape,GPSampler,PRUNED
627,627,6.0,2026-04-21 17:01:19.883446,2026-04-21 17:01:19.994223,0 days 00:00:00.110777,-72.0374689602354,60.316650369419584,10.0,60.15737930161757,51.54490364322,17.86240489041269,-71.26221511300565,17.94275543329617,56.30369166538272,69.79995275171802,40.0,40.82580578592567,Unfeasible shape,GPSampler,PRUNED
628,628,6.0,2026-04-21 17:01:20.100700,2026-04-21 17:01:20.190411,0 days 00:00:00.089711,-72.04476183650263,60.31676361580711,10.0,60.15537457319541,51.51457399925495,17.871349378288265,-71.28166143410013,17.92473307461928,56.326539695363714,69.73275845487825,40.0,40.8067764125639,Unfeasible shape,GPSampler,PRUNED
629,629,6.0,2026-04-21 17:01:20.339923,2026-04-21 17:01:20.466239,0 days 00:00:00.126316,-72.09250988962657,60.280416061056904,10.0,60.05491393083935,51.5634316310019,17.85647917422191,-71.2834615333962,18.08686698948553,56.28495354951949,69.71445973527312,40.0,40.852369940507465,Unfeasible shape,GPSampler,PRUNED
630,630,6.0,2026-04-21 17:01:20.601081,2026-04-21 17:01:20.711963,0 days 00:00:00.110882,-72.01820619231894,60.395951803808714,10.0,60.1009929959511,51.71184058575233,17.85183124723136,-71.17729177675315,17.935120671044153,56.12521518728158,69.81076387590915,40.0,40.77754324948711,Unfeasible shape,GPSampler,PRUNED
631,631,6.0,2026-04-21 17:01:20.824593,2026-04-21 17:01:21.178526,0 days 00:00:00.353933,-72.05893702030448,60.38070296351796,10.0,60.18678405767163,51.67140500700528,17.850079460695262,-71.30293409895869,17.87946025004973,56.29936112990013,69.7454179015624,40.0,40.78271840777462,Unfeasible shape,GPSampler,PRUNED
632,632,6.0,2026-04-21 17:01:21.348155,2026-04-21 17:01:21.475158,0 days 00:00:00.127003,-72.02628079862495,60.40231285745727,10.0,60.13778544322927,51.42480942314643,17.9072682982451,-71.28755263754697,17.946954487571507,56.36824338764622,69.81457955031632,40.0,40.88649266528651,Unfeasible shape,GPSampler,PRUNED
633,633,6.0,2026-04-21 17:01:21.609179,2026-04-21 17:01:21.719171,0 days 00:00:00.109992,-72.03456251370245,60.34089909060493,10.0,60.14242223066516,51.559422843701356,17.888260703419427,-71.30293924555811,17.965546324072093,56.33134990506227,69.77862385315605,40.0,40.812568372923295,Unfeasible shape,GPSampler,PRUNED
634,634,6.0,2026-04-21 17:01:21.870779,2026-04-21 17:01:22.092218,0 days 00:00:00.221439,-72.02408734360989,60.27598457348514,10.0,60.13120707573045,51.55091175637351,17.869431434734146,-71.32037318080198,17.929185621556286,56.377174835466946,69.72557588735935,40.0,40.896376178516334,Unfeasible shape,GPSampler,PRUNED
635,635,6.0,2026-04-21 17:01:22.211417,2026-04-21 17:01:22.325851,0 days 00:00:00.114434,-72.0809642099971,60.29895873541954,10.0,60.13969142074392,51.533152763892055,17.864284611483022,-71.28005649620829,17.91799561613632,56.36342674451146,69.8434418720579,40.0,40.779016049608025,Unfeasible shape,GPSampler,PRUNED
636,636,6.0,2026-04-21 17:01:22.469917,2026-04-21 17:01:22.549043,0 days 00:00:00.079126,-72.04370966707066,60.37085346912474,10.0,60.17081254399597,51.48542123302945,17.89560381152716,-71.29711525570252,17.90130586396712,56.407803417361656,69.65551705193647,40.0,40.824470618199285,Unfeasible shape,GPSampler,PRUNED
637,637,6.0,2026-04-21 17:01:22.697771,2026-04-21 17:01:22.824860,0 days 00:00:00.127089,-72.1081934480606,60.25989193868965,10.0,60.19862566795275,51.527022524442096,17.833695767875213,-71.25448222370518,18.002438858296916,56.125579000143425,69.86504427631282,40.0,40.992641371154654,Unfeasible shape,GPSampler,PRUNED
