,number,value,datetime_start,datetime_complete,duration,params_lLegPt.lL0,params_lLegPt.lL1,params_lLegPt.lL2,params_lLegPt.rA1,params_lLegPt.rL0,params_lLegPt.rL1,params_lLegPt.rL2,params_lLegPt.x1,params_lLegPt.y1,params_sLegPt.lL0,params_sLegPt.lL1,params_sLegPt.lL2,params_sLegPt.rA1,params_sLegPt.rL0,params_sLegPt.rL1,params_sLegPt.rL2,params_sLegPt.x1,params_sLegPt.y1,user_attrs_prune,system_attrs_auto:sampler,system_attrs_fixed_params,state
653,653,5.649177489305032,2026-04-14 16:07:15.927386,2026-04-14 16:07:19.951950,0 days 00:00:04.024564,49.114742646284554,93.0179411756997,21.121898410019174,-63.57013655255707,65.95597078277376,55.76113287130005,52.89118550169218,36.829230579569995,22.224864758095414,98.62599703973316,29.338029537934,11.390319785801863,-47.348418796051135,94.53547821479663,94.63753402187415,78.60965925833183,42.453190658211355,15.621449986129184,Unattained target,GPSampler,"{'sLegPt.rL0': 94.53547821479663, 'sLegPt.lL0': 98.62599703973316, 'sLegPt.rL1': 94.63753402187415, 'sLegPt.lL1': 29.338029537934, 'sLegPt.x1': 42.453190658211355, 'sLegPt.y1': 15.621449986129184, 'sLegPt.rA1': -47.348418796051135, 'sLegPt.rL2': 78.60965925833183, 'sLegPt.lL2': 11.390319785801863, 'lLegPt.rL0': 65.95597078277376, 'lLegPt.lL0': 49.114742646284554, 'lLegPt.rL1': 55.76113287130005, 'lLegPt.lL1': 93.0179411756997, 'lLegPt.x1': 36.829230579569995, 'lLegPt.y1': 22.224864758095414, 'lLegPt.rA1': -63.57013655255707, 'lLegPt.rL2': 52.89118550169218, 'lLegPt.lL2': 21.121898410019174}",PRUNED
654,654,5.649177360621458,2026-04-14 16:07:20.129590,2026-04-14 16:07:24.060191,0 days 00:00:03.930601,49.114742646284554,93.0179411756997,21.121898410019174,-63.57013655255707,65.95597078277376,55.76113287130005,52.89118550169218,36.829230579569995,22.224864758095414,98.62599703973316,29.338029537934,11.390319785801863,-47.348418796051135,94.53547821479663,94.63753402187415,78.60965925833183,42.453190658211355,15.621449986129184,Unattained target,GPSampler,"{'sLegPt.rL0': 94.53547821479663, 'sLegPt.lL0': 98.62599703973316, 'sLegPt.rL1': 94.63753402187415, 'sLegPt.lL1': 29.338029537934, 'sLegPt.x1': 42.453190658211355, 'sLegPt.y1': 15.621449986129184, 'sLegPt.rA1': -47.348418796051135, 'sLegPt.rL2': 78.60965925833183, 'sLegPt.lL2': 11.390319785801863, 'lLegPt.rL0': 65.95597078277376, 'lLegPt.lL0': 49.114742646284554, 'lLegPt.rL1': 55.76113287130005, 'lLegPt.lL1': 93.0179411756997, 'lLegPt.x1': 36.829230579569995, 'lLegPt.y1': 22.224864758095414, 'lLegPt.rA1': -63.57013655255707, 'lLegPt.rL2': 52.89118550169218, 'lLegPt.lL2': 21.121898410019174}",PRUNED
655,655,8.732008391544959,2026-04-14 16:07:24.217654,2026-04-14 16:07:28.353007,0 days 00:00:04.135353,83.58915964879102,87.26506549225851,77.06661325316148,-75.17839740037047,93.03202025253145,34.021882568711405,81.67740928763199,30.86709203915367,22.978052863130344,31.883930294190087,93.5696253742319,76.9821830787937,-73.11752453329122,47.3523029564364,59.156255856372866,36.105253770662316,37.060085281815745,23.68513216378185,Unattained target,GPSampler,,PRUNED
656,656,8.73200633753919,2026-04-14 16:07:28.527677,2026-04-14 16:07:32.230132,0 days 00:00:03.702455,83.58915964879102,87.26506549225851,77.06661325316148,-75.17839740037047,93.03202025253145,34.021882568711405,81.67740928763199,30.86709203915367,22.978052863130344,31.883930294190087,93.5696253742319,76.9821830787937,-73.11752453329122,47.3523029564364,59.156255856372866,36.105253770662316,37.060085281815745,23.68513216378185,Unattained target,GPSampler,"{'sLegPt.rL0': 47.3523029564364, 'sLegPt.lL0': 31.883930294190087, 'sLegPt.rL1': 59.156255856372866, 'sLegPt.lL1': 93.5696253742319, 'sLegPt.x1': 37.060085281815745, 'sLegPt.y1': 23.68513216378185, 'sLegPt.rA1': -73.11752453329122, 'sLegPt.rL2': 36.105253770662316, 'sLegPt.lL2': 76.9821830787937, 'lLegPt.rL0': 93.03202025253145, 'lLegPt.lL0': 83.58915964879102, 'lLegPt.rL1': 34.021882568711405, 'lLegPt.lL1': 87.26506549225851, 'lLegPt.x1': 30.86709203915367, 'lLegPt.y1': 22.978052863130344, 'lLegPt.rA1': -75.17839740037047, 'lLegPt.rL2': 81.67740928763199, 'lLegPt.lL2': 77.06661325316148}",PRUNED
657,657,8.7320087323058,2026-04-14 16:07:32.391223,2026-04-14 16:07:36.433551,0 days 00:00:04.042328,83.58915964879102,87.26506549225851,77.06661325316148,-75.17839740037047,93.03202025253145,34.021882568711405,81.67740928763199,30.86709203915367,22.978052863130344,31.883930294190087,93.5696253742319,76.9821830787937,-73.11752453329122,47.3523029564364,59.156255856372866,36.105253770662316,37.060085281815745,23.68513216378185,Unattained target,GPSampler,"{'sLegPt.rL0': 47.3523029564364, 'sLegPt.lL0': 31.883930294190087, 'sLegPt.rL1': 59.156255856372866, 'sLegPt.lL1': 93.5696253742319, 'sLegPt.x1': 37.060085281815745, 'sLegPt.y1': 23.68513216378185, 'sLegPt.rA1': -73.11752453329122, 'sLegPt.rL2': 36.105253770662316, 'sLegPt.lL2': 76.9821830787937, 'lLegPt.rL0': 93.03202025253145, 'lLegPt.lL0': 83.58915964879102, 'lLegPt.rL1': 34.021882568711405, 'lLegPt.lL1': 87.26506549225851, 'lLegPt.x1': 30.86709203915367, 'lLegPt.y1': 22.978052863130344, 'lLegPt.rA1': -75.17839740037047, 'lLegPt.rL2': 81.67740928763199, 'lLegPt.lL2': 77.06661325316148}",PRUNED
658,658,5.812352443047139,2026-04-14 16:07:36.611356,2026-04-14 16:07:40.444160,0 days 00:00:03.832804,78.20809387182058,44.323077976843656,36.83543668452029,-64.40121382666607,11.51572949071265,82.7027533625335,74.37076573106557,44.739253182147536,16.53766978731491,70.31308501842453,60.762175596780295,70.82062006984482,-20.164697171043166,84.34988779724986,61.42188503769408,22.29183422374103,32.78860570153955,24.879633780382893,Unattained target,GPSampler,,PRUNED
659,659,5.812352447057471,2026-04-14 16:07:40.614702,2026-04-14 16:07:44.530632,0 days 00:00:03.915930,78.20809387182058,44.323077976843656,36.83543668452029,-64.40121382666607,11.51572949071265,82.7027533625335,74.37076573106557,44.739253182147536,16.53766978731491,70.31308501842453,60.762175596780295,70.82062006984482,-20.164697171043166,84.34988779724986,61.42188503769408,22.29183422374103,32.78860570153955,24.879633780382893,Unattained target,GPSampler,"{'sLegPt.rL0': 84.34988779724986, 'sLegPt.lL0': 70.31308501842453, 'sLegPt.rL1': 61.42188503769408, 'sLegPt.lL1': 60.762175596780295, 'sLegPt.x1': 32.78860570153955, 'sLegPt.y1': 24.879633780382893, 'sLegPt.rA1': -20.164697171043166, 'sLegPt.rL2': 22.29183422374103, 'sLegPt.lL2': 70.82062006984482, 'lLegPt.rL0': 11.51572949071265, 'lLegPt.lL0': 78.20809387182058, 'lLegPt.rL1': 82.7027533625335, 'lLegPt.lL1': 44.323077976843656, 'lLegPt.x1': 44.739253182147536, 'lLegPt.y1': 16.53766978731491, 'lLegPt.rA1': -64.40121382666607, 'lLegPt.rL2': 74.37076573106557, 'lLegPt.lL2': 36.83543668452029}",PRUNED
660,660,5.812352499271185,2026-04-14 16:07:44.732165,2026-04-14 16:07:48.456554,0 days 00:00:03.724389,78.20809387182058,44.323077976843656,36.83543668452029,-64.40121382666607,11.51572949071265,82.7027533625335,74.37076573106557,44.739253182147536,16.53766978731491,70.31308501842453,60.762175596780295,70.82062006984482,-20.164697171043166,84.34988779724986,61.42188503769408,22.29183422374103,32.78860570153955,24.879633780382893,Unattained target,GPSampler,"{'sLegPt.rL0': 84.34988779724986, 'sLegPt.lL0': 70.31308501842453, 'sLegPt.rL1': 61.42188503769408, 'sLegPt.lL1': 60.762175596780295, 'sLegPt.x1': 32.78860570153955, 'sLegPt.y1': 24.879633780382893, 'sLegPt.rA1': -20.164697171043166, 'sLegPt.rL2': 22.29183422374103, 'sLegPt.lL2': 70.82062006984482, 'lLegPt.rL0': 11.51572949071265, 'lLegPt.lL0': 78.20809387182058, 'lLegPt.rL1': 82.7027533625335, 'lLegPt.lL1': 44.323077976843656, 'lLegPt.x1': 44.739253182147536, 'lLegPt.y1': 16.53766978731491, 'lLegPt.rA1': -64.40121382666607, 'lLegPt.rL2': 74.37076573106557, 'lLegPt.lL2': 36.83543668452029}",PRUNED
661,661,12.117284960886288,2026-04-14 16:07:48.637973,2026-04-14 16:07:52.615216,0 days 00:00:03.977243,66.52746113089336,36.34867796767503,97.20749139218073,-67.68798911953192,77.07851306609932,52.86585573463452,90.55374029407214,38.91969914550221,23.95961090766486,44.87415335354063,38.9918040932441,86.6051573694569,-65.26736384909536,89.99009860276004,24.93775692697809,84.96780064677986,37.89705120193395,25.80599252100755,Unattained target,GPSampler,,PRUNED
662,662,12.117285268183203,2026-04-14 16:07:52.775645,2026-04-14 16:07:56.592899,0 days 00:00:03.817254,66.52746113089336,36.34867796767503,97.20749139218073,-67.68798911953192,77.07851306609932,52.86585573463452,90.55374029407214,38.91969914550221,23.95961090766486,44.87415335354063,38.9918040932441,86.6051573694569,-65.26736384909536,89.99009860276004,24.93775692697809,84.96780064677986,37.89705120193395,25.80599252100755,Unattained target,GPSampler,"{'sLegPt.rL0': 89.99009860276004, 'sLegPt.lL0': 44.87415335354063, 'sLegPt.rL1': 24.93775692697809, 'sLegPt.lL1': 38.9918040932441, 'sLegPt.x1': 37.89705120193395, 'sLegPt.y1': 25.80599252100755, 'sLegPt.rA1': -65.26736384909536, 'sLegPt.rL2': 84.96780064677986, 'sLegPt.lL2': 86.6051573694569, 'lLegPt.rL0': 77.07851306609932, 'lLegPt.lL0': 66.52746113089336, 'lLegPt.rL1': 52.86585573463452, 'lLegPt.lL1': 36.34867796767503, 'lLegPt.x1': 38.91969914550221, 'lLegPt.y1': 23.95961090766486, 'lLegPt.rA1': -67.68798911953192, 'lLegPt.rL2': 90.55374029407214, 'lLegPt.lL2': 97.20749139218073}",PRUNED
663,663,12.117285039972913,2026-04-14 16:07:56.761473,2026-04-14 16:08:00.612778,0 days 00:00:03.851305,66.52746113089336,36.34867796767503,97.20749139218073,-67.68798911953192,77.07851306609932,52.86585573463452,90.55374029407214,38.91969914550221,23.95961090766486,44.87415335354063,38.9918040932441,86.6051573694569,-65.26736384909536,89.99009860276004,24.93775692697809,84.96780064677986,37.89705120193395,25.80599252100755,Unattained target,GPSampler,"{'sLegPt.rL0': 89.99009860276004, 'sLegPt.lL0': 44.87415335354063, 'sLegPt.rL1': 24.93775692697809, 'sLegPt.lL1': 38.9918040932441, 'sLegPt.x1': 37.89705120193395, 'sLegPt.y1': 25.80599252100755, 'sLegPt.rA1': -65.26736384909536, 'sLegPt.rL2': 84.96780064677986, 'sLegPt.lL2': 86.6051573694569, 'lLegPt.rL0': 77.07851306609932, 'lLegPt.lL0': 66.52746113089336, 'lLegPt.rL1': 52.86585573463452, 'lLegPt.lL1': 36.34867796767503, 'lLegPt.x1': 38.91969914550221, 'lLegPt.y1': 23.95961090766486, 'lLegPt.rA1': -67.68798911953192, 'lLegPt.rL2': 90.55374029407214, 'lLegPt.lL2': 97.20749139218073}",PRUNED
664,664,11.350354420875533,2026-04-14 16:08:00.781517,2026-04-14 16:08:04.659877,0 days 00:00:03.878360,57.26160632774921,93.82733484925247,75.16541118349393,-41.84285865479605,17.717599857214857,63.61549018221593,74.22750769609533,44.632821314742834,15.681500604982784,12.762567549585057,93.7619406335467,44.81085776167002,-59.7151569473494,10.317340969850683,44.27866182929706,13.794418951561958,33.02695953805374,25.054429025966396,Unattained target,GPSampler,,PRUNED
665,665,11.350354216027199,2026-04-14 16:08:04.833688,2026-04-14 16:08:08.793925,0 days 00:00:03.960237,57.26160632774921,93.82733484925247,75.16541118349393,-41.84285865479605,17.717599857214857,63.61549018221593,74.22750769609533,44.632821314742834,15.681500604982784,12.762567549585057,93.7619406335467,44.81085776167002,-59.7151569473494,10.317340969850683,44.27866182929706,13.794418951561958,33.02695953805374,25.054429025966396,Unattained target,GPSampler,"{'sLegPt.rL0': 10.317340969850683, 'sLegPt.lL0': 12.762567549585057, 'sLegPt.rL1': 44.27866182929706, 'sLegPt.lL1': 93.7619406335467, 'sLegPt.x1': 33.02695953805374, 'sLegPt.y1': 25.054429025966396, 'sLegPt.rA1': -59.7151569473494, 'sLegPt.rL2': 13.794418951561958, 'sLegPt.lL2': 44.81085776167002, 'lLegPt.rL0': 17.717599857214857, 'lLegPt.lL0': 57.26160632774921, 'lLegPt.rL1': 63.61549018221593, 'lLegPt.lL1': 93.82733484925247, 'lLegPt.x1': 44.632821314742834, 'lLegPt.y1': 15.681500604982784, 'lLegPt.rA1': -41.84285865479605, 'lLegPt.rL2': 74.22750769609533, 'lLegPt.lL2': 75.16541118349393}",PRUNED
666,666,11.350354481405084,2026-04-14 16:08:08.954962,2026-04-14 16:08:12.595907,0 days 00:00:03.640945,57.26160632774921,93.82733484925247,75.16541118349393,-41.84285865479605,17.717599857214857,63.61549018221593,74.22750769609533,44.632821314742834,15.681500604982784,12.762567549585057,93.7619406335467,44.81085776167002,-59.7151569473494,10.317340969850683,44.27866182929706,13.794418951561958,33.02695953805374,25.054429025966396,Unattained target,GPSampler,"{'sLegPt.rL0': 10.317340969850683, 'sLegPt.lL0': 12.762567549585057, 'sLegPt.rL1': 44.27866182929706, 'sLegPt.lL1': 93.7619406335467, 'sLegPt.x1': 33.02695953805374, 'sLegPt.y1': 25.054429025966396, 'sLegPt.rA1': -59.7151569473494, 'sLegPt.rL2': 13.794418951561958, 'sLegPt.lL2': 44.81085776167002, 'lLegPt.rL0': 17.717599857214857, 'lLegPt.lL0': 57.26160632774921, 'lLegPt.rL1': 63.61549018221593, 'lLegPt.lL1': 93.82733484925247, 'lLegPt.x1': 44.632821314742834, 'lLegPt.y1': 15.681500604982784, 'lLegPt.rA1': -41.84285865479605, 'lLegPt.rL2': 74.22750769609533, 'lLegPt.lL2': 75.16541118349393}",PRUNED
667,667,6.161825642122828,2026-04-14 16:08:12.789749,2026-04-14 16:08:16.756839,0 days 00:00:03.967090,58.32570344003622,83.99070343923276,58.95701930197557,-67.69192494698004,23.470061278170142,39.19537244402325,34.99946385287865,34.524004402431224,23.899302003582868,54.07454682525212,94.13333664727426,25.88871354874354,-55.78667609800126,24.868525834374616,52.12508716821814,27.000287991153915,30.309231670544946,18.397733489203045,Unattained target,GPSampler,,PRUNED
668,668,6.161825707725477,2026-04-14 16:08:16.926204,2026-04-14 16:08:20.710439,0 days 00:00:03.784235,58.32570344003622,83.99070343923276,58.95701930197557,-67.69192494698004,23.470061278170142,39.19537244402325,34.99946385287865,34.524004402431224,23.899302003582868,54.07454682525212,94.13333664727426,25.88871354874354,-55.78667609800126,24.868525834374616,52.12508716821814,27.000287991153915,30.309231670544946,18.397733489203045,Unattained target,GPSampler,"{'sLegPt.rL0': 24.868525834374616, 'sLegPt.lL0': 54.07454682525212, 'sLegPt.rL1': 52.12508716821814, 'sLegPt.lL1': 94.13333664727426, 'sLegPt.x1': 30.309231670544946, 'sLegPt.y1': 18.397733489203045, 'sLegPt.rA1': -55.78667609800126, 'sLegPt.rL2': 27.000287991153915, 'sLegPt.lL2': 25.88871354874354, 'lLegPt.rL0': 23.470061278170142, 'lLegPt.lL0': 58.32570344003622, 'lLegPt.rL1': 39.19537244402325, 'lLegPt.lL1': 83.99070343923276, 'lLegPt.x1': 34.524004402431224, 'lLegPt.y1': 23.899302003582868, 'lLegPt.rA1': -67.69192494698004, 'lLegPt.rL2': 34.99946385287865, 'lLegPt.lL2': 58.95701930197557}",PRUNED
669,669,6.161825830316602,2026-04-14 16:08:20.896667,2026-04-14 16:08:24.491887,0 days 00:00:03.595220,58.32570344003622,83.99070343923276,58.95701930197557,-67.69192494698004,23.470061278170142,39.19537244402325,34.99946385287865,34.524004402431224,23.899302003582868,54.07454682525212,94.13333664727426,25.88871354874354,-55.78667609800126,24.868525834374616,52.12508716821814,27.000287991153915,30.309231670544946,18.397733489203045,Unattained target,GPSampler,"{'sLegPt.rL0': 24.868525834374616, 'sLegPt.lL0': 54.07454682525212, 'sLegPt.rL1': 52.12508716821814, 'sLegPt.lL1': 94.13333664727426, 'sLegPt.x1': 30.309231670544946, 'sLegPt.y1': 18.397733489203045, 'sLegPt.rA1': -55.78667609800126, 'sLegPt.rL2': 27.000287991153915, 'sLegPt.lL2': 25.88871354874354, 'lLegPt.rL0': 23.470061278170142, 'lLegPt.lL0': 58.32570344003622, 'lLegPt.rL1': 39.19537244402325, 'lLegPt.lL1': 83.99070343923276, 'lLegPt.x1': 34.524004402431224, 'lLegPt.y1': 23.899302003582868, 'lLegPt.rA1': -67.69192494698004, 'lLegPt.rL2': 34.99946385287865, 'lLegPt.lL2': 58.95701930197557}",PRUNED
670,670,8.936995458882887,2026-04-14 16:08:24.651593,2026-04-14 16:08:28.413598,0 days 00:00:03.762005,96.8403612217888,56.273782554414346,72.08532459421853,-58.00248773606374,84.14581683751621,99.09752035263418,57.805785792410035,47.35175389780457,12.030031132040573,18.82475525242856,61.39882821363961,80.33629621469105,-27.51881016190115,43.38111269434687,75.07336274349409,55.201112021562295,32.87589647913277,24.154926446198438,Unattained target,GPSampler,,PRUNED
671,671,8.936995540931996,2026-04-14 16:08:28.571231,2026-04-14 16:08:32.298625,0 days 00:00:03.727394,96.8403612217888,56.273782554414346,72.08532459421853,-58.00248773606374,84.14581683751621,99.09752035263418,57.805785792410035,47.35175389780457,12.030031132040573,18.82475525242856,61.39882821363961,80.33629621469105,-27.51881016190115,43.38111269434687,75.07336274349409,55.201112021562295,32.87589647913277,24.154926446198438,Unattained target,GPSampler,"{'sLegPt.rL0': 43.38111269434687, 'sLegPt.lL0': 18.82475525242856, 'sLegPt.rL1': 75.07336274349409, 'sLegPt.lL1': 61.39882821363961, 'sLegPt.x1': 32.87589647913277, 'sLegPt.y1': 24.154926446198438, 'sLegPt.rA1': -27.51881016190115, 'sLegPt.rL2': 55.201112021562295, 'sLegPt.lL2': 80.33629621469105, 'lLegPt.rL0': 84.14581683751621, 'lLegPt.lL0': 96.8403612217888, 'lLegPt.rL1': 99.09752035263418, 'lLegPt.lL1': 56.273782554414346, 'lLegPt.x1': 47.35175389780457, 'lLegPt.y1': 12.030031132040573, 'lLegPt.rA1': -58.00248773606374, 'lLegPt.rL2': 57.805785792410035, 'lLegPt.lL2': 72.08532459421853}",PRUNED
672,672,8.9369955532758,2026-04-14 16:08:32.474742,2026-04-14 16:08:36.311842,0 days 00:00:03.837100,96.8403612217888,56.273782554414346,72.08532459421853,-58.00248773606374,84.14581683751621,99.09752035263418,57.805785792410035,47.35175389780457,12.030031132040573,18.82475525242856,61.39882821363961,80.33629621469105,-27.51881016190115,43.38111269434687,75.07336274349409,55.201112021562295,32.87589647913277,24.154926446198438,Unattained target,GPSampler,"{'sLegPt.rL0': 43.38111269434687, 'sLegPt.lL0': 18.82475525242856, 'sLegPt.rL1': 75.07336274349409, 'sLegPt.lL1': 61.39882821363961, 'sLegPt.x1': 32.87589647913277, 'sLegPt.y1': 24.154926446198438, 'sLegPt.rA1': -27.51881016190115, 'sLegPt.rL2': 55.201112021562295, 'sLegPt.lL2': 80.33629621469105, 'lLegPt.rL0': 84.14581683751621, 'lLegPt.lL0': 96.8403612217888, 'lLegPt.rL1': 99.09752035263418, 'lLegPt.lL1': 56.273782554414346, 'lLegPt.x1': 47.35175389780457, 'lLegPt.y1': 12.030031132040573, 'lLegPt.rA1': -58.00248773606374, 'lLegPt.rL2': 57.805785792410035, 'lLegPt.lL2': 72.08532459421853}",PRUNED
673,673,10.747414200740238,2026-04-14 16:08:36.477082,2026-04-14 16:08:40.306052,0 days 00:00:03.828970,69.43406536403722,17.02775383413081,74.01116173131437,-60.73409611645189,58.23527824400489,80.05534190818048,97.28602171094197,39.826479127726394,13.775994175866584,68.5423790604931,77.8481603217225,39.83997846486195,-39.583909485779465,27.45567316479187,25.88281542797774,12.721556230429446,43.83548742490225,10.52464842681766,Unattained target,GPSampler,,PRUNED
674,674,10.74741449266751,2026-04-14 16:08:40.480244,2026-04-14 16:08:44.406907,0 days 00:00:03.926663,69.43406536403722,17.02775383413081,74.01116173131437,-60.73409611645189,58.23527824400489,80.05534190818048,97.28602171094197,39.826479127726394,13.775994175866584,68.5423790604931,77.8481603217225,39.83997846486195,-39.583909485779465,27.45567316479187,25.88281542797774,12.721556230429446,43.83548742490225,10.52464842681766,Unattained target,GPSampler,"{'sLegPt.rL0': 27.45567316479187, 'sLegPt.lL0': 68.5423790604931, 'sLegPt.rL1': 25.88281542797774, 'sLegPt.lL1': 77.8481603217225, 'sLegPt.x1': 43.83548742490225, 'sLegPt.y1': 10.52464842681766, 'sLegPt.rA1': -39.583909485779465, 'sLegPt.rL2': 12.721556230429446, 'sLegPt.lL2': 39.83997846486195, 'lLegPt.rL0': 58.23527824400489, 'lLegPt.lL0': 69.43406536403722, 'lLegPt.rL1': 80.05534190818048, 'lLegPt.lL1': 17.02775383413081, 'lLegPt.x1': 39.826479127726394, 'lLegPt.y1': 13.775994175866584, 'lLegPt.rA1': -60.73409611645189, 'lLegPt.rL2': 97.28602171094197, 'lLegPt.lL2': 74.01116173131437}",PRUNED
675,675,10.747413625619217,2026-04-14 16:08:44.565078,2026-04-14 16:08:48.372503,0 days 00:00:03.807425,69.43406536403722,17.02775383413081,74.01116173131437,-60.73409611645189,58.23527824400489,80.05534190818048,97.28602171094197,39.826479127726394,13.775994175866584,68.5423790604931,77.8481603217225,39.83997846486195,-39.583909485779465,27.45567316479187,25.88281542797774,12.721556230429446,43.83548742490225,10.52464842681766,Unattained target,GPSampler,"{'sLegPt.rL0': 27.45567316479187, 'sLegPt.lL0': 68.5423790604931, 'sLegPt.rL1': 25.88281542797774, 'sLegPt.lL1': 77.8481603217225, 'sLegPt.x1': 43.83548742490225, 'sLegPt.y1': 10.52464842681766, 'sLegPt.rA1': -39.583909485779465, 'sLegPt.rL2': 12.721556230429446, 'sLegPt.lL2': 39.83997846486195, 'lLegPt.rL0': 58.23527824400489, 'lLegPt.lL0': 69.43406536403722, 'lLegPt.rL1': 80.05534190818048, 'lLegPt.lL1': 17.02775383413081, 'lLegPt.x1': 39.826479127726394, 'lLegPt.y1': 13.775994175866584, 'lLegPt.rA1': -60.73409611645189, 'lLegPt.rL2': 97.28602171094197, 'lLegPt.lL2': 74.01116173131437}",PRUNED
676,676,0.27891055679026877,2026-04-14 16:08:48.554581,2026-04-14 16:08:57.706672,0 days 00:00:09.152091,84.55820704711581,83.30496575987375,68.43497769261882,-72.0942218555208,33.97943619190666,21.563542924902826,67.96768948992658,34.836096974141,15.14978620134649,92.42986192149057,28.75385289412229,13.636325008134115,-42.35344186070111,56.77742621858109,12.329486183382574,54.310808901554516,39.165612461288504,23.407310160474616,,GPSampler,,COMPLETE
