,number,value,datetime_start,datetime_complete,duration,params_lLegPt.lL0,params_lLegPt.lL1,params_lLegPt.lL2,params_lLegPt.rA1,params_lLegPt.rL0,params_lLegPt.rL1,params_lLegPt.rL2,params_lLegPt.x1,params_lLegPt.y1,params_sLegPt.lL0,params_sLegPt.lL1,params_sLegPt.lL2,params_sLegPt.rA1,params_sLegPt.rL0,params_sLegPt.rL1,params_sLegPt.rL2,params_sLegPt.x1,params_sLegPt.y1,user_attrs_prune,system_attrs_auto:sampler,system_attrs_fixed_params,state
97,97,13.98676685094241,2026-04-14 15:25:27.484231,2026-04-14 15:25:31.623098,0 days 00:00:04.138867,63.66243894731319,53.124370195213984,76.75410808769696,-40.220241218863904,68.71783125574922,80.28512005696741,47.30558346556725,30.552087235928102,26.801308709501942,88.90106003655644,13.099498389702207,19.27545033183936,-53.29788307192483,85.69620683873791,50.970753498076924,76.87812624395653,39.8853657661322,14.447166879385168,Unattained target,RandomSampler,"{'sLegPt.rL0': 85.69620683873791, 'sLegPt.lL0': 88.90106003655644, 'sLegPt.rL1': 50.970753498076924, 'sLegPt.lL1': 13.099498389702207, 'sLegPt.x1': 39.8853657661322, 'sLegPt.y1': 14.447166879385168, 'sLegPt.rA1': -53.29788307192483, 'sLegPt.rL2': 76.87812624395653, 'sLegPt.lL2': 19.27545033183936, 'lLegPt.rL0': 68.71783125574922, 'lLegPt.lL0': 63.66243894731319, 'lLegPt.rL1': 80.28512005696741, 'lLegPt.lL1': 53.124370195213984, 'lLegPt.x1': 30.552087235928102, 'lLegPt.y1': 26.801308709501942, 'lLegPt.rA1': -40.220241218863904, 'lLegPt.rL2': 47.30558346556725, 'lLegPt.lL2': 76.75410808769696}",PRUNED
98,98,13.98676718824585,2026-04-14 15:25:31.768154,2026-04-14 15:25:35.624875,0 days 00:00:03.856721,63.66243894731319,53.124370195213984,76.75410808769696,-40.220241218863904,68.71783125574922,80.28512005696741,47.30558346556725,30.552087235928102,26.801308709501942,88.90106003655644,13.099498389702207,19.27545033183936,-53.29788307192483,85.69620683873791,50.970753498076924,76.87812624395653,39.8853657661322,14.447166879385168,Unattained target,RandomSampler,"{'sLegPt.rL0': 85.69620683873791, 'sLegPt.lL0': 88.90106003655644, 'sLegPt.rL1': 50.970753498076924, 'sLegPt.lL1': 13.099498389702207, 'sLegPt.x1': 39.8853657661322, 'sLegPt.y1': 14.447166879385168, 'sLegPt.rA1': -53.29788307192483, 'sLegPt.rL2': 76.87812624395653, 'sLegPt.lL2': 19.27545033183936, 'lLegPt.rL0': 68.71783125574922, 'lLegPt.lL0': 63.66243894731319, 'lLegPt.rL1': 80.28512005696741, 'lLegPt.lL1': 53.124370195213984, 'lLegPt.x1': 30.552087235928102, 'lLegPt.y1': 26.801308709501942, 'lLegPt.rA1': -40.220241218863904, 'lLegPt.rL2': 47.30558346556725, 'lLegPt.lL2': 76.75410808769696}",PRUNED
99,99,5.0587893634705665,2026-04-14 15:25:35.774861,2026-04-14 15:25:39.788419,0 days 00:00:04.013558,72.27190721734529,86.47966635160276,94.00716464990317,-56.487499823700176,69.0240786691536,15.292572895990094,50.49249614922028,43.386523559551534,24.877536782769127,19.11755204943578,43.16312989112834,78.56437083612289,-44.917207238694225,52.961505819887115,55.37727254037337,46.367340866680976,37.34245195849799,15.988197976486124,Unattained target,RandomSampler,,PRUNED
100,100,5.0587893619361886,2026-04-14 15:25:39.948241,2026-04-14 15:25:44.088541,0 days 00:00:04.140300,72.27190721734529,86.47966635160276,94.00716464990317,-56.487499823700176,69.0240786691536,15.292572895990094,50.49249614922028,43.386523559551534,24.877536782769127,19.11755204943578,43.16312989112834,78.56437083612289,-44.917207238694225,52.961505819887115,55.37727254037337,46.367340866680976,37.34245195849799,15.988197976486124,Unattained target,RandomSampler,"{'sLegPt.rL0': 52.961505819887115, 'sLegPt.lL0': 19.11755204943578, 'sLegPt.rL1': 55.37727254037337, 'sLegPt.lL1': 43.16312989112834, 'sLegPt.x1': 37.34245195849799, 'sLegPt.y1': 15.988197976486124, 'sLegPt.rA1': -44.917207238694225, 'sLegPt.rL2': 46.367340866680976, 'sLegPt.lL2': 78.56437083612289, 'lLegPt.rL0': 69.0240786691536, 'lLegPt.lL0': 72.27190721734529, 'lLegPt.rL1': 15.292572895990094, 'lLegPt.lL1': 86.47966635160276, 'lLegPt.x1': 43.386523559551534, 'lLegPt.y1': 24.877536782769127, 'lLegPt.rA1': -56.487499823700176, 'lLegPt.rL2': 50.49249614922028, 'lLegPt.lL2': 94.00716464990317}",PRUNED
101,101,5.058789369072034,2026-04-14 15:25:44.240619,2026-04-14 15:25:48.189992,0 days 00:00:03.949373,72.27190721734529,86.47966635160276,94.00716464990317,-56.487499823700176,69.0240786691536,15.292572895990094,50.49249614922028,43.386523559551534,24.877536782769127,19.11755204943578,43.16312989112834,78.56437083612289,-44.917207238694225,52.961505819887115,55.37727254037337,46.367340866680976,37.34245195849799,15.988197976486124,Unattained target,RandomSampler,"{'sLegPt.rL0': 52.961505819887115, 'sLegPt.lL0': 19.11755204943578, 'sLegPt.rL1': 55.37727254037337, 'sLegPt.lL1': 43.16312989112834, 'sLegPt.x1': 37.34245195849799, 'sLegPt.y1': 15.988197976486124, 'sLegPt.rA1': -44.917207238694225, 'sLegPt.rL2': 46.367340866680976, 'sLegPt.lL2': 78.56437083612289, 'lLegPt.rL0': 69.0240786691536, 'lLegPt.lL0': 72.27190721734529, 'lLegPt.rL1': 15.292572895990094, 'lLegPt.lL1': 86.47966635160276, 'lLegPt.x1': 43.386523559551534, 'lLegPt.y1': 24.877536782769127, 'lLegPt.rA1': -56.487499823700176, 'lLegPt.rL2': 50.49249614922028, 'lLegPt.lL2': 94.00716464990317}",PRUNED
102,102,8.197738582560135,2026-04-14 15:25:48.346001,2026-04-14 15:25:52.552286,0 days 00:00:04.206285,43.60718936320838,93.17689296035371,93.50750136582825,-40.96563284788959,28.9861884969619,69.72441515489795,50.169568042926855,49.34154010458903,11.944387554428994,70.5208958791521,70.67495303779488,56.92280814471557,-20.09618396646161,27.79208081985682,63.30465814573183,74.08269182614347,32.08339073115781,12.357059471859337,Unattained target,RandomSampler,,PRUNED
103,103,8.197738937962356,2026-04-14 15:25:52.680984,2026-04-14 15:25:56.890884,0 days 00:00:04.209900,43.60718936320838,93.17689296035371,93.50750136582825,-40.96563284788959,28.9861884969619,69.72441515489795,50.169568042926855,49.34154010458903,11.944387554428994,70.5208958791521,70.67495303779488,56.92280814471557,-20.09618396646161,27.79208081985682,63.30465814573183,74.08269182614347,32.08339073115781,12.357059471859337,Unattained target,RandomSampler,"{'sLegPt.rL0': 27.79208081985682, 'sLegPt.lL0': 70.5208958791521, 'sLegPt.rL1': 63.30465814573183, 'sLegPt.lL1': 70.67495303779488, 'sLegPt.x1': 32.08339073115781, 'sLegPt.y1': 12.357059471859337, 'sLegPt.rA1': -20.09618396646161, 'sLegPt.rL2': 74.08269182614347, 'sLegPt.lL2': 56.92280814471557, 'lLegPt.rL0': 28.9861884969619, 'lLegPt.lL0': 43.60718936320838, 'lLegPt.rL1': 69.72441515489795, 'lLegPt.lL1': 93.17689296035371, 'lLegPt.x1': 49.34154010458903, 'lLegPt.y1': 11.944387554428994, 'lLegPt.rA1': -40.96563284788959, 'lLegPt.rL2': 50.169568042926855, 'lLegPt.lL2': 93.50750136582825}",PRUNED
104,104,8.19773856610864,2026-04-14 15:25:57.038482,2026-04-14 15:26:01.010009,0 days 00:00:03.971527,43.60718936320838,93.17689296035371,93.50750136582825,-40.96563284788959,28.9861884969619,69.72441515489795,50.169568042926855,49.34154010458903,11.944387554428994,70.5208958791521,70.67495303779488,56.92280814471557,-20.09618396646161,27.79208081985682,63.30465814573183,74.08269182614347,32.08339073115781,12.357059471859337,Unattained target,RandomSampler,"{'sLegPt.rL0': 27.79208081985682, 'sLegPt.lL0': 70.5208958791521, 'sLegPt.rL1': 63.30465814573183, 'sLegPt.lL1': 70.67495303779488, 'sLegPt.x1': 32.08339073115781, 'sLegPt.y1': 12.357059471859337, 'sLegPt.rA1': -20.09618396646161, 'sLegPt.rL2': 74.08269182614347, 'sLegPt.lL2': 56.92280814471557, 'lLegPt.rL0': 28.9861884969619, 'lLegPt.lL0': 43.60718936320838, 'lLegPt.rL1': 69.72441515489795, 'lLegPt.lL1': 93.17689296035371, 'lLegPt.x1': 49.34154010458903, 'lLegPt.y1': 11.944387554428994, 'lLegPt.rA1': -40.96563284788959, 'lLegPt.rL2': 50.169568042926855, 'lLegPt.lL2': 93.50750136582825}",PRUNED
105,105,6.789817944304652,2026-04-14 15:26:01.148655,2026-04-14 15:26:05.138836,0 days 00:00:03.990181,90.59157486423766,33.12753696056026,85.24700506472162,-37.000101593071,73.33028657656986,32.68760649902485,21.283161125046842,49.37058008074742,24.507233898061404,38.68408094545182,98.50121827619753,35.47853846487849,-79.31494049306089,57.083766316307745,42.926988373846335,16.870997267211855,41.21273304177721,13.528543412466034,Unattained target,RandomSampler,,PRUNED
106,106,6.789817860085094,2026-04-14 15:26:05.260419,2026-04-14 15:26:09.438952,0 days 00:00:04.178533,90.59157486423766,33.12753696056026,85.24700506472162,-37.000101593071,73.33028657656986,32.68760649902485,21.283161125046842,49.37058008074742,24.507233898061404,38.68408094545182,98.50121827619753,35.47853846487849,-79.31494049306089,57.083766316307745,42.926988373846335,16.870997267211855,41.21273304177721,13.528543412466034,Unattained target,RandomSampler,"{'sLegPt.rL0': 57.083766316307745, 'sLegPt.lL0': 38.68408094545182, 'sLegPt.rL1': 42.926988373846335, 'sLegPt.lL1': 98.50121827619753, 'sLegPt.x1': 41.21273304177721, 'sLegPt.y1': 13.528543412466034, 'sLegPt.rA1': -79.31494049306089, 'sLegPt.rL2': 16.870997267211855, 'sLegPt.lL2': 35.47853846487849, 'lLegPt.rL0': 73.33028657656986, 'lLegPt.lL0': 90.59157486423766, 'lLegPt.rL1': 32.68760649902485, 'lLegPt.lL1': 33.12753696056026, 'lLegPt.x1': 49.37058008074742, 'lLegPt.y1': 24.507233898061404, 'lLegPt.rA1': -37.000101593071, 'lLegPt.rL2': 21.283161125046842, 'lLegPt.lL2': 85.24700506472162}",PRUNED
107,107,6.789818525845057,2026-04-14 15:26:09.591046,2026-04-14 15:26:13.668946,0 days 00:00:04.077900,90.59157486423766,33.12753696056026,85.24700506472162,-37.000101593071,73.33028657656986,32.68760649902485,21.283161125046842,49.37058008074742,24.507233898061404,38.68408094545182,98.50121827619753,35.47853846487849,-79.31494049306089,57.083766316307745,42.926988373846335,16.870997267211855,41.21273304177721,13.528543412466034,Unattained target,RandomSampler,"{'sLegPt.rL0': 57.083766316307745, 'sLegPt.lL0': 38.68408094545182, 'sLegPt.rL1': 42.926988373846335, 'sLegPt.lL1': 98.50121827619753, 'sLegPt.x1': 41.21273304177721, 'sLegPt.y1': 13.528543412466034, 'sLegPt.rA1': -79.31494049306089, 'sLegPt.rL2': 16.870997267211855, 'sLegPt.lL2': 35.47853846487849, 'lLegPt.rL0': 73.33028657656986, 'lLegPt.lL0': 90.59157486423766, 'lLegPt.rL1': 32.68760649902485, 'lLegPt.lL1': 33.12753696056026, 'lLegPt.x1': 49.37058008074742, 'lLegPt.y1': 24.507233898061404, 'lLegPt.rA1': -37.000101593071, 'lLegPt.rL2': 21.283161125046842, 'lLegPt.lL2': 85.24700506472162}",PRUNED
108,108,9.214429325572887,2026-04-14 15:26:13.830821,2026-04-14 15:26:17.895816,0 days 00:00:04.064995,63.69817658424478,63.51730095442166,57.58749803980261,-59.45781622253389,35.16925899534895,84.78780095970421,93.23103492384696,36.205257022643686,19.139115418795143,93.60370899854078,76.31942011176376,96.32295743257862,-29.785375379959454,23.21577300650403,44.41632627726088,32.215247020402494,47.33717208921097,18.558539646379,Unattained target,RandomSampler,,PRUNED
109,109,9.214429851125018,2026-04-14 15:26:18.056889,2026-04-14 15:26:22.237598,0 days 00:00:04.180709,63.69817658424478,63.51730095442166,57.58749803980261,-59.45781622253389,35.16925899534895,84.78780095970421,93.23103492384696,36.205257022643686,19.139115418795143,93.60370899854078,76.31942011176376,96.32295743257862,-29.785375379959454,23.21577300650403,44.41632627726088,32.215247020402494,47.33717208921097,18.558539646379,Unattained target,RandomSampler,"{'sLegPt.rL0': 23.21577300650403, 'sLegPt.lL0': 93.60370899854078, 'sLegPt.rL1': 44.41632627726088, 'sLegPt.lL1': 76.31942011176376, 'sLegPt.x1': 47.33717208921097, 'sLegPt.y1': 18.558539646379, 'sLegPt.rA1': -29.785375379959454, 'sLegPt.rL2': 32.215247020402494, 'sLegPt.lL2': 96.32295743257862, 'lLegPt.rL0': 35.16925899534895, 'lLegPt.lL0': 63.69817658424478, 'lLegPt.rL1': 84.78780095970421, 'lLegPt.lL1': 63.51730095442166, 'lLegPt.x1': 36.205257022643686, 'lLegPt.y1': 19.139115418795143, 'lLegPt.rA1': -59.45781622253389, 'lLegPt.rL2': 93.23103492384696, 'lLegPt.lL2': 57.58749803980261}",PRUNED
110,110,9.214429379606024,2026-04-14 15:26:22.367457,2026-04-14 15:26:26.756300,0 days 00:00:04.388843,63.69817658424478,63.51730095442166,57.58749803980261,-59.45781622253389,35.16925899534895,84.78780095970421,93.23103492384696,36.205257022643686,19.139115418795143,93.60370899854078,76.31942011176376,96.32295743257862,-29.785375379959454,23.21577300650403,44.41632627726088,32.215247020402494,47.33717208921097,18.558539646379,Unattained target,RandomSampler,"{'sLegPt.rL0': 23.21577300650403, 'sLegPt.lL0': 93.60370899854078, 'sLegPt.rL1': 44.41632627726088, 'sLegPt.lL1': 76.31942011176376, 'sLegPt.x1': 47.33717208921097, 'sLegPt.y1': 18.558539646379, 'sLegPt.rA1': -29.785375379959454, 'sLegPt.rL2': 32.215247020402494, 'sLegPt.lL2': 96.32295743257862, 'lLegPt.rL0': 35.16925899534895, 'lLegPt.lL0': 63.69817658424478, 'lLegPt.rL1': 84.78780095970421, 'lLegPt.lL1': 63.51730095442166, 'lLegPt.x1': 36.205257022643686, 'lLegPt.y1': 19.139115418795143, 'lLegPt.rA1': -59.45781622253389, 'lLegPt.rL2': 93.23103492384696, 'lLegPt.lL2': 57.58749803980261}",PRUNED
111,111,7.184635775140343,2026-04-14 15:26:26.910957,2026-04-14 15:26:31.390876,0 days 00:00:04.479919,92.46907729183786,99.77015337365717,44.52936665927288,-24.761973365527652,56.11551498343616,50.42899775203546,59.64955162980266,32.26484982415001,24.09684975914299,74.33997342417663,68.74999889676576,48.30808924921225,-59.40139450935631,15.034270452390377,60.598019316495346,49.144766874405526,39.50163647515803,24.074723851959835,Unattained target,RandomSampler,,PRUNED
112,112,7.184635269528293,2026-04-14 15:26:31.548006,2026-04-14 15:26:41.174699,0 days 00:00:09.626693,92.46907729183786,99.77015337365717,44.52936665927288,-24.761973365527652,56.11551498343616,50.42899775203546,59.64955162980266,32.26484982415001,24.09684975914299,74.33997342417663,68.74999889676576,48.30808924921225,-59.40139450935631,15.034270452390377,60.598019316495346,49.144766874405526,39.50163647515803,24.074723851959835,Unattained target,RandomSampler,"{'sLegPt.rL0': 15.034270452390377, 'sLegPt.lL0': 74.33997342417663, 'sLegPt.rL1': 60.598019316495346, 'sLegPt.lL1': 68.74999889676576, 'sLegPt.x1': 39.50163647515803, 'sLegPt.y1': 24.074723851959835, 'sLegPt.rA1': -59.40139450935631, 'sLegPt.rL2': 49.144766874405526, 'sLegPt.lL2': 48.30808924921225, 'lLegPt.rL0': 56.11551498343616, 'lLegPt.lL0': 92.46907729183786, 'lLegPt.rL1': 50.42899775203546, 'lLegPt.lL1': 99.77015337365717, 'lLegPt.x1': 32.26484982415001, 'lLegPt.y1': 24.09684975914299, 'lLegPt.rA1': -24.761973365527652, 'lLegPt.rL2': 59.64955162980266, 'lLegPt.lL2': 44.52936665927288}",PRUNED
113,113,7.184636179111578,2026-04-14 15:26:41.305567,2026-04-14 15:26:45.449705,0 days 00:00:04.144138,92.46907729183786,99.77015337365717,44.52936665927288,-24.761973365527652,56.11551498343616,50.42899775203546,59.64955162980266,32.26484982415001,24.09684975914299,74.33997342417663,68.74999889676576,48.30808924921225,-59.40139450935631,15.034270452390377,60.598019316495346,49.144766874405526,39.50163647515803,24.074723851959835,Unattained target,RandomSampler,"{'sLegPt.rL0': 15.034270452390377, 'sLegPt.lL0': 74.33997342417663, 'sLegPt.rL1': 60.598019316495346, 'sLegPt.lL1': 68.74999889676576, 'sLegPt.x1': 39.50163647515803, 'sLegPt.y1': 24.074723851959835, 'sLegPt.rA1': -59.40139450935631, 'sLegPt.rL2': 49.144766874405526, 'sLegPt.lL2': 48.30808924921225, 'lLegPt.rL0': 56.11551498343616, 'lLegPt.lL0': 92.46907729183786, 'lLegPt.rL1': 50.42899775203546, 'lLegPt.lL1': 99.77015337365717, 'lLegPt.x1': 32.26484982415001, 'lLegPt.y1': 24.09684975914299, 'lLegPt.rA1': -24.761973365527652, 'lLegPt.rL2': 59.64955162980266, 'lLegPt.lL2': 44.52936665927288}",PRUNED
114,114,30.91872202380295,2026-04-14 15:26:45.582488,2026-04-14 15:26:53.046148,0 days 00:00:07.463660,41.79272959190219,96.73097310362638,47.24477350881823,-77.07498674607376,46.94132357597636,48.55557176534157,16.801378158931428,31.38879209662411,27.443518470838725,31.619667216909438,59.331796516805326,45.77338598656824,-65.80122099772053,96.80517446070195,52.990186416126406,94.17380880647221,36.554491630104984,28.711142410968044,Unattained target,RandomSampler,,PRUNED
115,115,30.918722059353314,2026-04-14 15:26:53.208142,2026-04-14 15:26:57.601904,0 days 00:00:04.393762,41.79272959190219,96.73097310362638,47.24477350881823,-77.07498674607376,46.94132357597636,48.55557176534157,16.801378158931428,31.38879209662411,27.443518470838725,31.619667216909438,59.331796516805326,45.77338598656824,-65.80122099772053,96.80517446070195,52.990186416126406,94.17380880647221,36.554491630104984,28.711142410968044,Unattained target,RandomSampler,"{'sLegPt.rL0': 96.80517446070195, 'sLegPt.lL0': 31.619667216909438, 'sLegPt.rL1': 52.990186416126406, 'sLegPt.lL1': 59.331796516805326, 'sLegPt.x1': 36.554491630104984, 'sLegPt.y1': 28.711142410968044, 'sLegPt.rA1': -65.80122099772053, 'sLegPt.rL2': 94.17380880647221, 'sLegPt.lL2': 45.77338598656824, 'lLegPt.rL0': 46.94132357597636, 'lLegPt.lL0': 41.79272959190219, 'lLegPt.rL1': 48.55557176534157, 'lLegPt.lL1': 96.73097310362638, 'lLegPt.x1': 31.38879209662411, 'lLegPt.y1': 27.443518470838725, 'lLegPt.rA1': -77.07498674607376, 'lLegPt.rL2': 16.801378158931428, 'lLegPt.lL2': 47.24477350881823}",PRUNED
116,116,30.918722017848197,2026-04-14 15:26:57.762765,2026-04-14 15:27:02.094872,0 days 00:00:04.332107,41.79272959190219,96.73097310362638,47.24477350881823,-77.07498674607376,46.94132357597636,48.55557176534157,16.801378158931428,31.38879209662411,27.443518470838725,31.619667216909438,59.331796516805326,45.77338598656824,-65.80122099772053,96.80517446070195,52.990186416126406,94.17380880647221,36.554491630104984,28.711142410968044,Unattained target,RandomSampler,"{'sLegPt.rL0': 96.80517446070195, 'sLegPt.lL0': 31.619667216909438, 'sLegPt.rL1': 52.990186416126406, 'sLegPt.lL1': 59.331796516805326, 'sLegPt.x1': 36.554491630104984, 'sLegPt.y1': 28.711142410968044, 'sLegPt.rA1': -65.80122099772053, 'sLegPt.rL2': 94.17380880647221, 'sLegPt.lL2': 45.77338598656824, 'lLegPt.rL0': 46.94132357597636, 'lLegPt.lL0': 41.79272959190219, 'lLegPt.rL1': 48.55557176534157, 'lLegPt.lL1': 96.73097310362638, 'lLegPt.x1': 31.38879209662411, 'lLegPt.y1': 27.443518470838725, 'lLegPt.rA1': -77.07498674607376, 'lLegPt.rL2': 16.801378158931428, 'lLegPt.lL2': 47.24477350881823}",PRUNED
117,117,5.06808578064507,2026-04-14 15:27:02.255444,2026-04-14 15:27:12.154760,0 days 00:00:09.899316,42.06425251331082,77.79478637647932,36.86630209816933,-40.58444768130616,93.37652442793173,86.7052564512953,86.19974932322307,47.7183064301001,24.415828921733542,15.050879309488552,20.838234996062006,45.84434215300355,-28.254559638303455,24.360299075521667,24.096833814924786,84.81822633246323,30.180274784994495,12.337630335148864,Unattained target,RandomSampler,,PRUNED
118,118,5.153070375172376,2026-04-14 15:27:12.280238,2026-04-14 15:27:21.213352,0 days 00:00:08.933114,42.06425251331082,77.79478637647932,36.86630209816933,-40.58444768130616,93.37652442793173,86.7052564512953,86.19974932322307,47.7183064301001,24.415828921733542,15.050879309488552,20.838234996062006,45.84434215300355,-28.254559638303455,24.360299075521667,24.096833814924786,84.81822633246323,30.180274784994495,12.337630335148864,Unattained target,RandomSampler,"{'sLegPt.rL0': 24.360299075521667, 'sLegPt.lL0': 15.050879309488552, 'sLegPt.rL1': 24.096833814924786, 'sLegPt.lL1': 20.838234996062006, 'sLegPt.x1': 30.180274784994495, 'sLegPt.y1': 12.337630335148864, 'sLegPt.rA1': -28.254559638303455, 'sLegPt.rL2': 84.81822633246323, 'sLegPt.lL2': 45.84434215300355, 'lLegPt.rL0': 93.37652442793173, 'lLegPt.lL0': 42.06425251331082, 'lLegPt.rL1': 86.7052564512953, 'lLegPt.lL1': 77.79478637647932, 'lLegPt.x1': 47.7183064301001, 'lLegPt.y1': 24.415828921733542, 'lLegPt.rA1': -40.58444768130616, 'lLegPt.rL2': 86.19974932322307, 'lLegPt.lL2': 36.86630209816933}",PRUNED
119,119,4.998352044598093,2026-04-14 15:27:21.355923,2026-04-14 15:27:30.364810,0 days 00:00:09.008887,42.06425251331082,77.79478637647932,36.86630209816933,-40.58444768130616,93.37652442793173,86.7052564512953,86.19974932322307,47.7183064301001,24.415828921733542,15.050879309488552,20.838234996062006,45.84434215300355,-28.254559638303455,24.360299075521667,24.096833814924786,84.81822633246323,30.180274784994495,12.337630335148864,,RandomSampler,"{'sLegPt.rL0': 24.360299075521667, 'sLegPt.lL0': 15.050879309488552, 'sLegPt.rL1': 24.096833814924786, 'sLegPt.lL1': 20.838234996062006, 'sLegPt.x1': 30.180274784994495, 'sLegPt.y1': 12.337630335148864, 'sLegPt.rA1': -28.254559638303455, 'sLegPt.rL2': 84.81822633246323, 'sLegPt.lL2': 45.84434215300355, 'lLegPt.rL0': 93.37652442793173, 'lLegPt.lL0': 42.06425251331082, 'lLegPt.rL1': 86.7052564512953, 'lLegPt.lL1': 77.79478637647932, 'lLegPt.x1': 47.7183064301001, 'lLegPt.y1': 24.415828921733542, 'lLegPt.rA1': -40.58444768130616, 'lLegPt.rL2': 86.19974932322307, 'lLegPt.lL2': 36.86630209816933}",COMPLETE
120,120,11.838105214013197,2026-04-14 15:27:30.969357,2026-04-14 15:27:34.800524,0 days 00:00:03.831167,48.35443280199826,22.530652952750998,98.38902596634277,-41.62279468676891,57.252502039524664,93.28537286013564,87.03187794502568,48.25653787652049,20.501764019340207,48.48684001447404,33.16208719218561,58.23700768836251,-79.03709074828784,95.30402128002419,47.127700092108306,18.092742373677794,36.508994280857394,19.704249947218457,Unattained target,GPSampler,,PRUNED
121,121,6.515347027560988,2026-04-14 15:27:34.929180,2026-04-14 15:27:39.130674,0 days 00:00:04.201494,63.13200268883919,34.055609308294784,29.361704524177245,-31.709082754776325,80.1027415797373,86.72110995192917,80.87884098687701,47.21235784156303,22.356854808252002,24.88593148249357,69.229263776109,75.44815953870004,-70.64709040182476,14.607868109582604,97.75767452924103,15.730590728736285,41.48582846498897,14.346167611196897,Unattained target,GPSampler,,PRUNED
