,number,value,datetime_start,datetime_complete,duration,params_lLegPt.lL0,params_lLegPt.lL1,params_lLegPt.lL2,params_lLegPt.rA1,params_lLegPt.rL0,params_lLegPt.rL1,params_lLegPt.rL2,params_lLegPt.x1,params_lLegPt.y1,params_sLegPt.lL0,params_sLegPt.lL1,params_sLegPt.lL2,params_sLegPt.rA1,params_sLegPt.rL0,params_sLegPt.rL1,params_sLegPt.rL2,params_sLegPt.x1,params_sLegPt.y1,user_attrs_prune,system_attrs_auto:sampler,system_attrs_fixed_params,state
365,365,5.370599094951487,2026-04-14 15:46:33.611261,2026-04-14 15:46:38.340364,0 days 00:00:04.729103,42.69366100005967,14.34092653082062,46.28288295400701,-66.64295243739444,86.08386587821211,95.01378058140975,75.91067111486858,33.38111029497386,22.26527527807479,96.79811291615334,26.23648416483074,57.055573359919514,-75.3968021699744,70.78141911476943,47.286903427644155,17.33562557200478,44.742666532375296,11.783502516658801,Unattained target,GPSampler,"{'sLegPt.rL0': 70.78141911476943, 'sLegPt.lL0': 96.79811291615334, 'sLegPt.rL1': 47.286903427644155, 'sLegPt.lL1': 26.23648416483074, 'sLegPt.x1': 44.742666532375296, 'sLegPt.y1': 11.783502516658801, 'sLegPt.rA1': -75.3968021699744, 'sLegPt.rL2': 17.33562557200478, 'sLegPt.lL2': 57.055573359919514, 'lLegPt.rL0': 86.08386587821211, 'lLegPt.lL0': 42.69366100005967, 'lLegPt.rL1': 95.01378058140975, 'lLegPt.lL1': 14.34092653082062, 'lLegPt.x1': 33.38111029497386, 'lLegPt.y1': 22.26527527807479, 'lLegPt.rA1': -66.64295243739444, 'lLegPt.rL2': 75.91067111486858, 'lLegPt.lL2': 46.28288295400701}",PRUNED
366,366,5.370599092394144,2026-04-14 15:46:38.497224,2026-04-14 15:46:42.835283,0 days 00:00:04.338059,42.69366100005967,14.34092653082062,46.28288295400701,-66.64295243739444,86.08386587821211,95.01378058140975,75.91067111486858,33.38111029497386,22.26527527807479,96.79811291615334,26.23648416483074,57.055573359919514,-75.3968021699744,70.78141911476943,47.286903427644155,17.33562557200478,44.742666532375296,11.783502516658801,Unattained target,GPSampler,"{'sLegPt.rL0': 70.78141911476943, 'sLegPt.lL0': 96.79811291615334, 'sLegPt.rL1': 47.286903427644155, 'sLegPt.lL1': 26.23648416483074, 'sLegPt.x1': 44.742666532375296, 'sLegPt.y1': 11.783502516658801, 'sLegPt.rA1': -75.3968021699744, 'sLegPt.rL2': 17.33562557200478, 'sLegPt.lL2': 57.055573359919514, 'lLegPt.rL0': 86.08386587821211, 'lLegPt.lL0': 42.69366100005967, 'lLegPt.rL1': 95.01378058140975, 'lLegPt.lL1': 14.34092653082062, 'lLegPt.x1': 33.38111029497386, 'lLegPt.y1': 22.26527527807479, 'lLegPt.rA1': -66.64295243739444, 'lLegPt.rL2': 75.91067111486858, 'lLegPt.lL2': 46.28288295400701}",PRUNED
367,367,5.663274839986798,2026-04-14 15:46:42.977909,2026-04-14 15:46:47.691796,0 days 00:00:04.713887,51.72595943268868,75.44078862053564,76.78705114731986,-43.779636887458736,15.271065393696897,18.085345727932733,36.26938214141212,37.85090408441473,29.740100692838297,83.17184332443874,22.846253027404714,38.6403272669458,-71.49519631864763,64.47465035291489,20.185929971527585,12.685093158399399,46.60800770563843,27.78427266051772,Unattained target,GPSampler,,PRUNED
368,368,5.663270972418417,2026-04-14 15:46:47.882557,2026-04-14 15:46:52.765364,0 days 00:00:04.882807,51.72595943268868,75.44078862053564,76.78705114731986,-43.779636887458736,15.271065393696897,18.085345727932733,36.26938214141212,37.85090408441473,29.740100692838297,83.17184332443874,22.846253027404714,38.6403272669458,-71.49519631864763,64.47465035291489,20.185929971527585,12.685093158399399,46.60800770563843,27.78427266051772,Unattained target,GPSampler,"{'sLegPt.rL0': 64.47465035291489, 'sLegPt.lL0': 83.17184332443874, 'sLegPt.rL1': 20.185929971527585, 'sLegPt.lL1': 22.846253027404714, 'sLegPt.x1': 46.60800770563843, 'sLegPt.y1': 27.78427266051772, 'sLegPt.rA1': -71.49519631864763, 'sLegPt.rL2': 12.685093158399399, 'sLegPt.lL2': 38.6403272669458, 'lLegPt.rL0': 15.271065393696897, 'lLegPt.lL0': 51.72595943268868, 'lLegPt.rL1': 18.085345727932733, 'lLegPt.lL1': 75.44078862053564, 'lLegPt.x1': 37.85090408441473, 'lLegPt.y1': 29.740100692838297, 'lLegPt.rA1': -43.779636887458736, 'lLegPt.rL2': 36.26938214141212, 'lLegPt.lL2': 76.78705114731986}",PRUNED
369,369,5.663256440124215,2026-04-14 15:46:52.911129,2026-04-14 15:46:57.360173,0 days 00:00:04.449044,51.72595943268868,75.44078862053564,76.78705114731986,-43.779636887458736,15.271065393696897,18.085345727932733,36.26938214141212,37.85090408441473,29.740100692838297,83.17184332443874,22.846253027404714,38.6403272669458,-71.49519631864763,64.47465035291489,20.185929971527585,12.685093158399399,46.60800770563843,27.78427266051772,Unattained target,GPSampler,"{'sLegPt.rL0': 64.47465035291489, 'sLegPt.lL0': 83.17184332443874, 'sLegPt.rL1': 20.185929971527585, 'sLegPt.lL1': 22.846253027404714, 'sLegPt.x1': 46.60800770563843, 'sLegPt.y1': 27.78427266051772, 'sLegPt.rA1': -71.49519631864763, 'sLegPt.rL2': 12.685093158399399, 'sLegPt.lL2': 38.6403272669458, 'lLegPt.rL0': 15.271065393696897, 'lLegPt.lL0': 51.72595943268868, 'lLegPt.rL1': 18.085345727932733, 'lLegPt.lL1': 75.44078862053564, 'lLegPt.x1': 37.85090408441473, 'lLegPt.y1': 29.740100692838297, 'lLegPt.rA1': -43.779636887458736, 'lLegPt.rL2': 36.26938214141212, 'lLegPt.lL2': 76.78705114731986}",PRUNED
370,370,5.77573181407125,2026-04-14 15:46:57.542830,2026-04-14 15:47:01.663696,0 days 00:00:04.120866,46.72794212865472,17.884798339766665,31.693720931577555,-66.1005293670464,72.03723832582793,67.6818581066603,71.92643071922646,37.504163421173786,27.99907132507293,45.22730300370179,23.15794655185099,78.30778868152497,-43.82110654209614,31.452738959780554,56.64657064189561,20.924910015916915,42.996396821726876,28.963280798436024,Unattained target,GPSampler,,PRUNED
371,371,5.775731802306634,2026-04-14 15:47:01.838620,2026-04-14 15:47:05.820209,0 days 00:00:03.981589,46.72794212865472,17.884798339766665,31.693720931577555,-66.1005293670464,72.03723832582793,67.6818581066603,71.92643071922646,37.504163421173786,27.99907132507293,45.22730300370179,23.15794655185099,78.30778868152497,-43.82110654209614,31.452738959780554,56.64657064189561,20.924910015916915,42.996396821726876,28.963280798436024,Unattained target,GPSampler,"{'sLegPt.rL0': 31.452738959780554, 'sLegPt.lL0': 45.22730300370179, 'sLegPt.rL1': 56.64657064189561, 'sLegPt.lL1': 23.15794655185099, 'sLegPt.x1': 42.996396821726876, 'sLegPt.y1': 28.963280798436024, 'sLegPt.rA1': -43.82110654209614, 'sLegPt.rL2': 20.924910015916915, 'sLegPt.lL2': 78.30778868152497, 'lLegPt.rL0': 72.03723832582793, 'lLegPt.lL0': 46.72794212865472, 'lLegPt.rL1': 67.6818581066603, 'lLegPt.lL1': 17.884798339766665, 'lLegPt.x1': 37.504163421173786, 'lLegPt.y1': 27.99907132507293, 'lLegPt.rA1': -66.1005293670464, 'lLegPt.rL2': 71.92643071922646, 'lLegPt.lL2': 31.693720931577555}",PRUNED
372,372,5.775731777283582,2026-04-14 15:47:05.980693,2026-04-14 15:47:10.190283,0 days 00:00:04.209590,46.72794212865472,17.884798339766665,31.693720931577555,-66.1005293670464,72.03723832582793,67.6818581066603,71.92643071922646,37.504163421173786,27.99907132507293,45.22730300370179,23.15794655185099,78.30778868152497,-43.82110654209614,31.452738959780554,56.64657064189561,20.924910015916915,42.996396821726876,28.963280798436024,Unattained target,GPSampler,"{'sLegPt.rL0': 31.452738959780554, 'sLegPt.lL0': 45.22730300370179, 'sLegPt.rL1': 56.64657064189561, 'sLegPt.lL1': 23.15794655185099, 'sLegPt.x1': 42.996396821726876, 'sLegPt.y1': 28.963280798436024, 'sLegPt.rA1': -43.82110654209614, 'sLegPt.rL2': 20.924910015916915, 'sLegPt.lL2': 78.30778868152497, 'lLegPt.rL0': 72.03723832582793, 'lLegPt.lL0': 46.72794212865472, 'lLegPt.rL1': 67.6818581066603, 'lLegPt.lL1': 17.884798339766665, 'lLegPt.x1': 37.504163421173786, 'lLegPt.y1': 27.99907132507293, 'lLegPt.rA1': -66.1005293670464, 'lLegPt.rL2': 71.92643071922646, 'lLegPt.lL2': 31.693720931577555}",PRUNED
373,373,8.240915294798725,2026-04-14 15:47:10.381681,2026-04-14 15:47:14.452034,0 days 00:00:04.070353,28.278021352877346,62.30698111640401,49.34652902012781,-29.606373514736205,21.56486770502643,69.1061571995199,35.9967647830252,49.74583211400474,24.71646860232883,59.35294330484445,98.46401932961858,66.41944897553677,-57.21999798395977,10.87282177660708,64.13051820475971,83.96244335034477,49.745048933310805,18.37048222447661,Unattained target,GPSampler,,PRUNED
374,374,8.240915664458377,2026-04-14 15:47:14.606456,2026-04-14 15:47:18.404973,0 days 00:00:03.798517,28.278021352877346,62.30698111640401,49.34652902012781,-29.606373514736205,21.56486770502643,69.1061571995199,35.9967647830252,49.74583211400474,24.71646860232883,59.35294330484445,98.46401932961858,66.41944897553677,-57.21999798395977,10.87282177660708,64.13051820475971,83.96244335034477,49.745048933310805,18.37048222447661,Unattained target,GPSampler,"{'sLegPt.rL0': 10.87282177660708, 'sLegPt.lL0': 59.35294330484445, 'sLegPt.rL1': 64.13051820475971, 'sLegPt.lL1': 98.46401932961858, 'sLegPt.x1': 49.745048933310805, 'sLegPt.y1': 18.37048222447661, 'sLegPt.rA1': -57.21999798395977, 'sLegPt.rL2': 83.96244335034477, 'sLegPt.lL2': 66.41944897553677, 'lLegPt.rL0': 21.56486770502643, 'lLegPt.lL0': 28.278021352877346, 'lLegPt.rL1': 69.1061571995199, 'lLegPt.lL1': 62.30698111640401, 'lLegPt.x1': 49.74583211400474, 'lLegPt.y1': 24.71646860232883, 'lLegPt.rA1': -29.606373514736205, 'lLegPt.rL2': 35.9967647830252, 'lLegPt.lL2': 49.34652902012781}",PRUNED
375,375,8.240915816450574,2026-04-14 15:47:18.563068,2026-04-14 15:47:22.600122,0 days 00:00:04.037054,28.278021352877346,62.30698111640401,49.34652902012781,-29.606373514736205,21.56486770502643,69.1061571995199,35.9967647830252,49.74583211400474,24.71646860232883,59.35294330484445,98.46401932961858,66.41944897553677,-57.21999798395977,10.87282177660708,64.13051820475971,83.96244335034477,49.745048933310805,18.37048222447661,Unattained target,GPSampler,"{'sLegPt.rL0': 10.87282177660708, 'sLegPt.lL0': 59.35294330484445, 'sLegPt.rL1': 64.13051820475971, 'sLegPt.lL1': 98.46401932961858, 'sLegPt.x1': 49.745048933310805, 'sLegPt.y1': 18.37048222447661, 'sLegPt.rA1': -57.21999798395977, 'sLegPt.rL2': 83.96244335034477, 'sLegPt.lL2': 66.41944897553677, 'lLegPt.rL0': 21.56486770502643, 'lLegPt.lL0': 28.278021352877346, 'lLegPt.rL1': 69.1061571995199, 'lLegPt.lL1': 62.30698111640401, 'lLegPt.x1': 49.74583211400474, 'lLegPt.y1': 24.71646860232883, 'lLegPt.rA1': -29.606373514736205, 'lLegPt.rL2': 35.9967647830252, 'lLegPt.lL2': 49.34652902012781}",PRUNED
376,376,17.817223123754978,2026-04-14 15:47:22.785011,2026-04-14 15:47:26.913702,0 days 00:00:04.128691,32.85528546312036,71.79024223450374,42.754752273383936,-42.65089914510204,62.853841332062714,82.68996013950519,68.47134310543099,48.5282885491641,27.822487036590164,66.178218215275,69.67297124215614,64.72895847771835,-62.250423160495494,95.92747444905878,29.630769735769647,92.5561578914521,36.285284609041085,22.152543178120872,Unattained target,GPSampler,,PRUNED
377,377,17.817223336251914,2026-04-14 15:47:27.087553,2026-04-14 15:47:31.313483,0 days 00:00:04.225930,32.85528546312036,71.79024223450374,42.754752273383936,-42.65089914510204,62.853841332062714,82.68996013950519,68.47134310543099,48.5282885491641,27.822487036590164,66.178218215275,69.67297124215614,64.72895847771835,-62.250423160495494,95.92747444905878,29.630769735769647,92.5561578914521,36.285284609041085,22.152543178120872,Unattained target,GPSampler,"{'sLegPt.rL0': 95.92747444905878, 'sLegPt.lL0': 66.178218215275, 'sLegPt.rL1': 29.630769735769647, 'sLegPt.lL1': 69.67297124215614, 'sLegPt.x1': 36.285284609041085, 'sLegPt.y1': 22.152543178120872, 'sLegPt.rA1': -62.250423160495494, 'sLegPt.rL2': 92.5561578914521, 'sLegPt.lL2': 64.72895847771835, 'lLegPt.rL0': 62.853841332062714, 'lLegPt.lL0': 32.85528546312036, 'lLegPt.rL1': 82.68996013950519, 'lLegPt.lL1': 71.79024223450374, 'lLegPt.x1': 48.5282885491641, 'lLegPt.y1': 27.822487036590164, 'lLegPt.rA1': -42.65089914510204, 'lLegPt.rL2': 68.47134310543099, 'lLegPt.lL2': 42.754752273383936}",PRUNED
378,378,17.817223212781272,2026-04-14 15:47:31.471655,2026-04-14 15:47:35.408675,0 days 00:00:03.937020,32.85528546312036,71.79024223450374,42.754752273383936,-42.65089914510204,62.853841332062714,82.68996013950519,68.47134310543099,48.5282885491641,27.822487036590164,66.178218215275,69.67297124215614,64.72895847771835,-62.250423160495494,95.92747444905878,29.630769735769647,92.5561578914521,36.285284609041085,22.152543178120872,Unattained target,GPSampler,"{'sLegPt.rL0': 95.92747444905878, 'sLegPt.lL0': 66.178218215275, 'sLegPt.rL1': 29.630769735769647, 'sLegPt.lL1': 69.67297124215614, 'sLegPt.x1': 36.285284609041085, 'sLegPt.y1': 22.152543178120872, 'sLegPt.rA1': -62.250423160495494, 'sLegPt.rL2': 92.5561578914521, 'sLegPt.lL2': 64.72895847771835, 'lLegPt.rL0': 62.853841332062714, 'lLegPt.lL0': 32.85528546312036, 'lLegPt.rL1': 82.68996013950519, 'lLegPt.lL1': 71.79024223450374, 'lLegPt.x1': 48.5282885491641, 'lLegPt.y1': 27.822487036590164, 'lLegPt.rA1': -42.65089914510204, 'lLegPt.rL2': 68.47134310543099, 'lLegPt.lL2': 42.754752273383936}",PRUNED
379,379,6.164866354003891,2026-04-14 15:47:35.583055,2026-04-14 15:47:39.753826,0 days 00:00:04.170771,76.28273392526081,70.34747451188173,93.8202109052192,-35.72918788723013,43.81118745885816,53.43013356819256,98.13349803041977,41.426654563913594,13.006370257737444,37.68701827323483,63.05343136508198,87.327377233299,-44.14124544870545,76.05579267125152,50.77658901293226,82.17886749699525,30.193719209482857,15.975328419257497,Unattained target,GPSampler,,PRUNED
380,380,6.164866869086026,2026-04-14 15:47:39.912692,2026-04-14 15:47:44.359012,0 days 00:00:04.446320,76.28273392526081,70.34747451188173,93.8202109052192,-35.72918788723013,43.81118745885816,53.43013356819256,98.13349803041977,41.426654563913594,13.006370257737444,37.68701827323483,63.05343136508198,87.327377233299,-44.14124544870545,76.05579267125152,50.77658901293226,82.17886749699525,30.193719209482857,15.975328419257497,Unattained target,GPSampler,"{'sLegPt.rL0': 76.05579267125152, 'sLegPt.lL0': 37.68701827323483, 'sLegPt.rL1': 50.77658901293226, 'sLegPt.lL1': 63.05343136508198, 'sLegPt.x1': 30.193719209482857, 'sLegPt.y1': 15.975328419257497, 'sLegPt.rA1': -44.14124544870545, 'sLegPt.rL2': 82.17886749699525, 'sLegPt.lL2': 87.327377233299, 'lLegPt.rL0': 43.81118745885816, 'lLegPt.lL0': 76.28273392526081, 'lLegPt.rL1': 53.43013356819256, 'lLegPt.lL1': 70.34747451188173, 'lLegPt.x1': 41.426654563913594, 'lLegPt.y1': 13.006370257737444, 'lLegPt.rA1': -35.72918788723013, 'lLegPt.rL2': 98.13349803041977, 'lLegPt.lL2': 93.8202109052192}",PRUNED
381,381,6.1648662993888195,2026-04-14 15:47:44.549859,2026-04-14 15:47:49.014932,0 days 00:00:04.465073,76.28273392526081,70.34747451188173,93.8202109052192,-35.72918788723013,43.81118745885816,53.43013356819256,98.13349803041977,41.426654563913594,13.006370257737444,37.68701827323483,63.05343136508198,87.327377233299,-44.14124544870545,76.05579267125152,50.77658901293226,82.17886749699525,30.193719209482857,15.975328419257497,Unattained target,GPSampler,"{'sLegPt.rL0': 76.05579267125152, 'sLegPt.lL0': 37.68701827323483, 'sLegPt.rL1': 50.77658901293226, 'sLegPt.lL1': 63.05343136508198, 'sLegPt.x1': 30.193719209482857, 'sLegPt.y1': 15.975328419257497, 'sLegPt.rA1': -44.14124544870545, 'sLegPt.rL2': 82.17886749699525, 'sLegPt.lL2': 87.327377233299, 'lLegPt.rL0': 43.81118745885816, 'lLegPt.lL0': 76.28273392526081, 'lLegPt.rL1': 53.43013356819256, 'lLegPt.lL1': 70.34747451188173, 'lLegPt.x1': 41.426654563913594, 'lLegPt.y1': 13.006370257737444, 'lLegPt.rA1': -35.72918788723013, 'lLegPt.rL2': 98.13349803041977, 'lLegPt.lL2': 93.8202109052192}",PRUNED
382,382,13.013139772288667,2026-04-14 15:47:49.173818,2026-04-14 15:47:53.302718,0 days 00:00:04.128900,20.89006338150687,52.848069118056976,82.37436207279778,-53.97986289217755,64.29549988084207,94.23669898723388,12.718999350175743,32.28869857176518,24.93772454302567,38.230443635400704,77.9532320823497,59.031277024583744,-39.026503148395605,10.819265105634376,31.5755654163059,11.633905480505373,38.981460188781554,16.59556394143926,Unattained target,GPSampler,,PRUNED
383,383,13.013139908789192,2026-04-14 15:47:53.453784,2026-04-14 15:47:57.483386,0 days 00:00:04.029602,20.89006338150687,52.848069118056976,82.37436207279778,-53.97986289217755,64.29549988084207,94.23669898723388,12.718999350175743,32.28869857176518,24.93772454302567,38.230443635400704,77.9532320823497,59.031277024583744,-39.026503148395605,10.819265105634376,31.5755654163059,11.633905480505373,38.981460188781554,16.59556394143926,Unattained target,GPSampler,"{'sLegPt.rL0': 10.819265105634376, 'sLegPt.lL0': 38.230443635400704, 'sLegPt.rL1': 31.5755654163059, 'sLegPt.lL1': 77.9532320823497, 'sLegPt.x1': 38.981460188781554, 'sLegPt.y1': 16.59556394143926, 'sLegPt.rA1': -39.026503148395605, 'sLegPt.rL2': 11.633905480505373, 'sLegPt.lL2': 59.031277024583744, 'lLegPt.rL0': 64.29549988084207, 'lLegPt.lL0': 20.89006338150687, 'lLegPt.rL1': 94.23669898723388, 'lLegPt.lL1': 52.848069118056976, 'lLegPt.x1': 32.28869857176518, 'lLegPt.y1': 24.93772454302567, 'lLegPt.rA1': -53.97986289217755, 'lLegPt.rL2': 12.718999350175743, 'lLegPt.lL2': 82.37436207279778}",PRUNED
384,384,13.013139885062536,2026-04-14 15:47:57.658388,2026-04-14 15:48:01.689506,0 days 00:00:04.031118,20.89006338150687,52.848069118056976,82.37436207279778,-53.97986289217755,64.29549988084207,94.23669898723388,12.718999350175743,32.28869857176518,24.93772454302567,38.230443635400704,77.9532320823497,59.031277024583744,-39.026503148395605,10.819265105634376,31.5755654163059,11.633905480505373,38.981460188781554,16.59556394143926,Unattained target,GPSampler,"{'sLegPt.rL0': 10.819265105634376, 'sLegPt.lL0': 38.230443635400704, 'sLegPt.rL1': 31.5755654163059, 'sLegPt.lL1': 77.9532320823497, 'sLegPt.x1': 38.981460188781554, 'sLegPt.y1': 16.59556394143926, 'sLegPt.rA1': -39.026503148395605, 'sLegPt.rL2': 11.633905480505373, 'sLegPt.lL2': 59.031277024583744, 'lLegPt.rL0': 64.29549988084207, 'lLegPt.lL0': 20.89006338150687, 'lLegPt.rL1': 94.23669898723388, 'lLegPt.lL1': 52.848069118056976, 'lLegPt.x1': 32.28869857176518, 'lLegPt.y1': 24.93772454302567, 'lLegPt.rA1': -53.97986289217755, 'lLegPt.rL2': 12.718999350175743, 'lLegPt.lL2': 82.37436207279778}",PRUNED
385,385,5.9515721794680445,2026-04-14 15:48:01.863978,2026-04-14 15:48:05.877601,0 days 00:00:04.013623,28.41636722661596,21.084930329055705,78.45950798044288,-62.920345634115336,40.50543857191278,78.61561928242763,67.91842951193777,35.566560407865055,23.492669790396384,67.22230852867835,17.03594174034297,63.036966008606704,-21.31980794927353,24.47746679170278,56.66368186474463,46.83335670981188,49.17922759157849,22.904953122410326,Unattained target,GPSampler,,PRUNED
386,386,5.951572157396853,2026-04-14 15:48:06.036043,2026-04-14 15:48:11.231809,0 days 00:00:05.195766,28.41636722661596,21.084930329055705,78.45950798044288,-62.920345634115336,40.50543857191278,78.61561928242763,67.91842951193777,35.566560407865055,23.492669790396384,67.22230852867835,17.03594174034297,63.036966008606704,-21.31980794927353,24.47746679170278,56.66368186474463,46.83335670981188,49.17922759157849,22.904953122410326,Unattained target,GPSampler,"{'sLegPt.rL0': 24.47746679170278, 'sLegPt.lL0': 67.22230852867835, 'sLegPt.rL1': 56.66368186474463, 'sLegPt.lL1': 17.03594174034297, 'sLegPt.x1': 49.17922759157849, 'sLegPt.y1': 22.904953122410326, 'sLegPt.rA1': -21.31980794927353, 'sLegPt.rL2': 46.83335670981188, 'sLegPt.lL2': 63.036966008606704, 'lLegPt.rL0': 40.50543857191278, 'lLegPt.lL0': 28.41636722661596, 'lLegPt.rL1': 78.61561928242763, 'lLegPt.lL1': 21.084930329055705, 'lLegPt.x1': 35.566560407865055, 'lLegPt.y1': 23.492669790396384, 'lLegPt.rA1': -62.920345634115336, 'lLegPt.rL2': 67.91842951193777, 'lLegPt.lL2': 78.45950798044288}",PRUNED
387,387,5.951572060507033,2026-04-14 15:48:11.423180,2026-04-14 15:48:15.580217,0 days 00:00:04.157037,28.41636722661596,21.084930329055705,78.45950798044288,-62.920345634115336,40.50543857191278,78.61561928242763,67.91842951193777,35.566560407865055,23.492669790396384,67.22230852867835,17.03594174034297,63.036966008606704,-21.31980794927353,24.47746679170278,56.66368186474463,46.83335670981188,49.17922759157849,22.904953122410326,Unattained target,GPSampler,"{'sLegPt.rL0': 24.47746679170278, 'sLegPt.lL0': 67.22230852867835, 'sLegPt.rL1': 56.66368186474463, 'sLegPt.lL1': 17.03594174034297, 'sLegPt.x1': 49.17922759157849, 'sLegPt.y1': 22.904953122410326, 'sLegPt.rA1': -21.31980794927353, 'sLegPt.rL2': 46.83335670981188, 'sLegPt.lL2': 63.036966008606704, 'lLegPt.rL0': 40.50543857191278, 'lLegPt.lL0': 28.41636722661596, 'lLegPt.rL1': 78.61561928242763, 'lLegPt.lL1': 21.084930329055705, 'lLegPt.x1': 35.566560407865055, 'lLegPt.y1': 23.492669790396384, 'lLegPt.rA1': -62.920345634115336, 'lLegPt.rL2': 67.91842951193777, 'lLegPt.lL2': 78.45950798044288}",PRUNED
388,388,23.503055600202046,2026-04-14 15:48:15.738329,2026-04-14 15:48:19.669078,0 days 00:00:03.930749,44.72817302629328,75.63889323467905,51.16469275445865,-38.57650993313267,40.98557944732853,63.67000958282226,73.36644440463587,36.486682469369796,25.365701056679164,93.85075757138212,65.38746844130854,39.83987178181004,-35.254386757282774,86.28266005603042,19.894975188662002,97.8871172866689,47.01457234365187,18.236780581560545,Unattained target,GPSampler,,PRUNED
