,number,value,datetime_start,datetime_complete,duration,params_lLegPt.lL0,params_lLegPt.lL1,params_lLegPt.lL2,params_lLegPt.rA1,params_lLegPt.rL0,params_lLegPt.rL1,params_lLegPt.rL2,params_lLegPt.x1,params_lLegPt.y1,params_sLegPt.lL0,params_sLegPt.lL1,params_sLegPt.lL2,params_sLegPt.rA1,params_sLegPt.rL0,params_sLegPt.rL1,params_sLegPt.rL2,params_sLegPt.x1,params_sLegPt.y1,user_attrs_prune,system_attrs_auto:sampler,system_attrs_fixed_params,state
389,389,23.50305629203673,2026-04-14 15:48:19.830901,2026-04-14 15:48:23.741066,0 days 00:00:03.910165,44.72817302629328,75.63889323467905,51.16469275445865,-38.57650993313267,40.98557944732853,63.67000958282226,73.36644440463587,36.486682469369796,25.365701056679164,93.85075757138212,65.38746844130854,39.83987178181004,-35.254386757282774,86.28266005603042,19.894975188662002,97.8871172866689,47.01457234365187,18.236780581560545,Unattained target,GPSampler,"{'sLegPt.rL0': 86.28266005603042, 'sLegPt.lL0': 93.85075757138212, 'sLegPt.rL1': 19.894975188662002, 'sLegPt.lL1': 65.38746844130854, 'sLegPt.x1': 47.01457234365187, 'sLegPt.y1': 18.236780581560545, 'sLegPt.rA1': -35.254386757282774, 'sLegPt.rL2': 97.8871172866689, 'sLegPt.lL2': 39.83987178181004, 'lLegPt.rL0': 40.98557944732853, 'lLegPt.lL0': 44.72817302629328, 'lLegPt.rL1': 63.67000958282226, 'lLegPt.lL1': 75.63889323467905, 'lLegPt.x1': 36.486682469369796, 'lLegPt.y1': 25.365701056679164, 'lLegPt.rA1': -38.57650993313267, 'lLegPt.rL2': 73.36644440463587, 'lLegPt.lL2': 51.16469275445865}",PRUNED
390,390,23.50305581734638,2026-04-14 15:48:23.930368,2026-04-14 15:48:28.085455,0 days 00:00:04.155087,44.72817302629328,75.63889323467905,51.16469275445865,-38.57650993313267,40.98557944732853,63.67000958282226,73.36644440463587,36.486682469369796,25.365701056679164,93.85075757138212,65.38746844130854,39.83987178181004,-35.254386757282774,86.28266005603042,19.894975188662002,97.8871172866689,47.01457234365187,18.236780581560545,Unattained target,GPSampler,"{'sLegPt.rL0': 86.28266005603042, 'sLegPt.lL0': 93.85075757138212, 'sLegPt.rL1': 19.894975188662002, 'sLegPt.lL1': 65.38746844130854, 'sLegPt.x1': 47.01457234365187, 'sLegPt.y1': 18.236780581560545, 'sLegPt.rA1': -35.254386757282774, 'sLegPt.rL2': 97.8871172866689, 'sLegPt.lL2': 39.83987178181004, 'lLegPt.rL0': 40.98557944732853, 'lLegPt.lL0': 44.72817302629328, 'lLegPt.rL1': 63.67000958282226, 'lLegPt.lL1': 75.63889323467905, 'lLegPt.x1': 36.486682469369796, 'lLegPt.y1': 25.365701056679164, 'lLegPt.rA1': -38.57650993313267, 'lLegPt.rL2': 73.36644440463587, 'lLegPt.lL2': 51.16469275445865}",PRUNED
391,391,5.947508972545535,2026-04-14 15:48:28.276072,2026-04-14 15:48:32.520029,0 days 00:00:04.243957,15.400525028533274,56.21022312767134,68.22433300882565,-38.72972918255977,47.94213800523079,27.33692137607396,30.824024485590478,40.05490560051308,11.298803123213538,48.91054175841596,14.5690095679234,32.13266310728095,-62.96429872817261,99.19137733278279,23.82571602476581,73.23395327875252,37.91004331715765,14.684157772969968,Unattained target,GPSampler,,PRUNED
392,392,5.947509253849702,2026-04-14 15:48:32.712876,2026-04-14 15:48:36.807981,0 days 00:00:04.095105,15.400525028533274,56.21022312767134,68.22433300882565,-38.72972918255977,47.94213800523079,27.33692137607396,30.824024485590478,40.05490560051308,11.298803123213538,48.91054175841596,14.5690095679234,32.13266310728095,-62.96429872817261,99.19137733278279,23.82571602476581,73.23395327875252,37.91004331715765,14.684157772969968,Unattained target,GPSampler,"{'sLegPt.rL0': 99.19137733278279, 'sLegPt.lL0': 48.91054175841596, 'sLegPt.rL1': 23.82571602476581, 'sLegPt.lL1': 14.5690095679234, 'sLegPt.x1': 37.91004331715765, 'sLegPt.y1': 14.684157772969968, 'sLegPt.rA1': -62.96429872817261, 'sLegPt.rL2': 73.23395327875252, 'sLegPt.lL2': 32.13266310728095, 'lLegPt.rL0': 47.94213800523079, 'lLegPt.lL0': 15.400525028533274, 'lLegPt.rL1': 27.33692137607396, 'lLegPt.lL1': 56.21022312767134, 'lLegPt.x1': 40.05490560051308, 'lLegPt.y1': 11.298803123213538, 'lLegPt.rA1': -38.72972918255977, 'lLegPt.rL2': 30.824024485590478, 'lLegPt.lL2': 68.22433300882565}",PRUNED
393,393,5.947509285305188,2026-04-14 15:48:36.982327,2026-04-14 15:48:41.262721,0 days 00:00:04.280394,15.400525028533274,56.21022312767134,68.22433300882565,-38.72972918255977,47.94213800523079,27.33692137607396,30.824024485590478,40.05490560051308,11.298803123213538,48.91054175841596,14.5690095679234,32.13266310728095,-62.96429872817261,99.19137733278279,23.82571602476581,73.23395327875252,37.91004331715765,14.684157772969968,Unattained target,GPSampler,"{'sLegPt.rL0': 99.19137733278279, 'sLegPt.lL0': 48.91054175841596, 'sLegPt.rL1': 23.82571602476581, 'sLegPt.lL1': 14.5690095679234, 'sLegPt.x1': 37.91004331715765, 'sLegPt.y1': 14.684157772969968, 'sLegPt.rA1': -62.96429872817261, 'sLegPt.rL2': 73.23395327875252, 'sLegPt.lL2': 32.13266310728095, 'lLegPt.rL0': 47.94213800523079, 'lLegPt.lL0': 15.400525028533274, 'lLegPt.rL1': 27.33692137607396, 'lLegPt.lL1': 56.21022312767134, 'lLegPt.x1': 40.05490560051308, 'lLegPt.y1': 11.298803123213538, 'lLegPt.rA1': -38.72972918255977, 'lLegPt.rL2': 30.824024485590478, 'lLegPt.lL2': 68.22433300882565}",PRUNED
394,394,5.856767807913187,2026-04-14 15:48:41.435521,2026-04-14 15:48:47.780184,0 days 00:00:06.344663,80.09958137883686,38.951089378525126,83.1097970918237,-31.890929917043913,10.784537410536442,16.775903304755964,59.88281888817313,45.08194393106001,12.638884494165099,68.3361388891623,88.72035225409192,22.833763768832068,-61.105652894586214,46.83126024490576,27.829557990279447,12.435129772083064,32.29354630611018,26.695543553761794,Unattained target,GPSampler,,PRUNED
395,395,5.856882449156579,2026-04-14 15:48:47.952785,2026-04-14 15:48:53.548688,0 days 00:00:05.595903,80.09958137883686,38.951089378525126,83.1097970918237,-31.890929917043913,10.784537410536442,16.775903304755964,59.88281888817313,45.08194393106001,12.638884494165099,68.3361388891623,88.72035225409192,22.833763768832068,-61.105652894586214,46.83126024490576,27.829557990279447,12.435129772083064,32.29354630611018,26.695543553761794,Unattained target,GPSampler,"{'sLegPt.rL0': 46.83126024490576, 'sLegPt.lL0': 68.3361388891623, 'sLegPt.rL1': 27.829557990279447, 'sLegPt.lL1': 88.72035225409192, 'sLegPt.x1': 32.29354630611018, 'sLegPt.y1': 26.695543553761794, 'sLegPt.rA1': -61.105652894586214, 'sLegPt.rL2': 12.435129772083064, 'sLegPt.lL2': 22.833763768832068, 'lLegPt.rL0': 10.784537410536442, 'lLegPt.lL0': 80.09958137883686, 'lLegPt.rL1': 16.775903304755964, 'lLegPt.lL1': 38.951089378525126, 'lLegPt.x1': 45.08194393106001, 'lLegPt.y1': 12.638884494165099, 'lLegPt.rA1': -31.890929917043913, 'lLegPt.rL2': 59.88281888817313, 'lLegPt.lL2': 83.1097970918237}",PRUNED
396,396,5.856703672792953,2026-04-14 15:48:53.698957,2026-04-14 15:48:59.065293,0 days 00:00:05.366336,80.09958137883686,38.951089378525126,83.1097970918237,-31.890929917043913,10.784537410536442,16.775903304755964,59.88281888817313,45.08194393106001,12.638884494165099,68.3361388891623,88.72035225409192,22.833763768832068,-61.105652894586214,46.83126024490576,27.829557990279447,12.435129772083064,32.29354630611018,26.695543553761794,Unattained target,GPSampler,"{'sLegPt.rL0': 46.83126024490576, 'sLegPt.lL0': 68.3361388891623, 'sLegPt.rL1': 27.829557990279447, 'sLegPt.lL1': 88.72035225409192, 'sLegPt.x1': 32.29354630611018, 'sLegPt.y1': 26.695543553761794, 'sLegPt.rA1': -61.105652894586214, 'sLegPt.rL2': 12.435129772083064, 'sLegPt.lL2': 22.833763768832068, 'lLegPt.rL0': 10.784537410536442, 'lLegPt.lL0': 80.09958137883686, 'lLegPt.rL1': 16.775903304755964, 'lLegPt.lL1': 38.951089378525126, 'lLegPt.x1': 45.08194393106001, 'lLegPt.y1': 12.638884494165099, 'lLegPt.rA1': -31.890929917043913, 'lLegPt.rL2': 59.88281888817313, 'lLegPt.lL2': 83.1097970918237}",PRUNED
397,397,14.062474369541995,2026-04-14 15:48:59.237083,2026-04-14 15:49:02.863066,0 days 00:00:03.625983,51.852156325911146,73.36959491695366,89.57328126054772,-24.72049174009836,86.12430008647654,20.773402515351084,22.384777899036763,42.65547619890308,28.04779130657549,99.5122754283637,79.29983671566976,45.99075245085732,-26.85446443730155,70.46216641602015,37.13070964886407,99.23932233745334,41.21726662030793,25.681007187046752,Unattained target,GPSampler,,PRUNED
398,398,14.062474147451937,2026-04-14 15:49:03.007467,2026-04-14 15:49:06.814248,0 days 00:00:03.806781,51.852156325911146,73.36959491695366,89.57328126054772,-24.72049174009836,86.12430008647654,20.773402515351084,22.384777899036763,42.65547619890308,28.04779130657549,99.5122754283637,79.29983671566976,45.99075245085732,-26.85446443730155,70.46216641602015,37.13070964886407,99.23932233745334,41.21726662030793,25.681007187046752,Unattained target,GPSampler,"{'sLegPt.rL0': 70.46216641602015, 'sLegPt.lL0': 99.5122754283637, 'sLegPt.rL1': 37.13070964886407, 'sLegPt.lL1': 79.29983671566976, 'sLegPt.x1': 41.21726662030793, 'sLegPt.y1': 25.681007187046752, 'sLegPt.rA1': -26.85446443730155, 'sLegPt.rL2': 99.23932233745334, 'sLegPt.lL2': 45.99075245085732, 'lLegPt.rL0': 86.12430008647654, 'lLegPt.lL0': 51.852156325911146, 'lLegPt.rL1': 20.773402515351084, 'lLegPt.lL1': 73.36959491695366, 'lLegPt.x1': 42.65547619890308, 'lLegPt.y1': 28.04779130657549, 'lLegPt.rA1': -24.72049174009836, 'lLegPt.rL2': 22.384777899036763, 'lLegPt.lL2': 89.57328126054772}",PRUNED
399,399,14.062474422891448,2026-04-14 15:49:06.977589,2026-04-14 15:49:10.750392,0 days 00:00:03.772803,51.852156325911146,73.36959491695366,89.57328126054772,-24.72049174009836,86.12430008647654,20.773402515351084,22.384777899036763,42.65547619890308,28.04779130657549,99.5122754283637,79.29983671566976,45.99075245085732,-26.85446443730155,70.46216641602015,37.13070964886407,99.23932233745334,41.21726662030793,25.681007187046752,Unattained target,GPSampler,"{'sLegPt.rL0': 70.46216641602015, 'sLegPt.lL0': 99.5122754283637, 'sLegPt.rL1': 37.13070964886407, 'sLegPt.lL1': 79.29983671566976, 'sLegPt.x1': 41.21726662030793, 'sLegPt.y1': 25.681007187046752, 'sLegPt.rA1': -26.85446443730155, 'sLegPt.rL2': 99.23932233745334, 'sLegPt.lL2': 45.99075245085732, 'lLegPt.rL0': 86.12430008647654, 'lLegPt.lL0': 51.852156325911146, 'lLegPt.rL1': 20.773402515351084, 'lLegPt.lL1': 73.36959491695366, 'lLegPt.x1': 42.65547619890308, 'lLegPt.y1': 28.04779130657549, 'lLegPt.rA1': -24.72049174009836, 'lLegPt.rL2': 22.384777899036763, 'lLegPt.lL2': 89.57328126054772}",PRUNED
400,400,12.724044342205865,2026-04-14 15:49:10.902223,2026-04-14 15:49:14.877479,0 days 00:00:03.975256,50.11500147237529,71.31936561940734,74.15024597877031,-54.58636509567555,17.851685632611378,60.900003781300796,87.8943965364696,42.005044668552806,13.439874886130239,15.371536228027116,99.98709379953566,59.31278632661258,-29.8982058979444,62.173559911277565,35.28185501533844,53.70235166603013,33.27578871130745,23.574453033504902,Unattained target,GPSampler,,PRUNED
401,401,12.724044412436754,2026-04-14 15:49:15.022732,2026-04-14 15:49:18.905331,0 days 00:00:03.882599,50.11500147237529,71.31936561940734,74.15024597877031,-54.58636509567555,17.851685632611378,60.900003781300796,87.8943965364696,42.005044668552806,13.439874886130239,15.371536228027116,99.98709379953566,59.31278632661258,-29.8982058979444,62.173559911277565,35.28185501533844,53.70235166603013,33.27578871130745,23.574453033504902,Unattained target,GPSampler,"{'sLegPt.rL0': 62.173559911277565, 'sLegPt.lL0': 15.371536228027116, 'sLegPt.rL1': 35.28185501533844, 'sLegPt.lL1': 99.98709379953566, 'sLegPt.x1': 33.27578871130745, 'sLegPt.y1': 23.574453033504902, 'sLegPt.rA1': -29.8982058979444, 'sLegPt.rL2': 53.70235166603013, 'sLegPt.lL2': 59.31278632661258, 'lLegPt.rL0': 17.851685632611378, 'lLegPt.lL0': 50.11500147237529, 'lLegPt.rL1': 60.900003781300796, 'lLegPt.lL1': 71.31936561940734, 'lLegPt.x1': 42.005044668552806, 'lLegPt.y1': 13.439874886130239, 'lLegPt.rA1': -54.58636509567555, 'lLegPt.rL2': 87.8943965364696, 'lLegPt.lL2': 74.15024597877031}",PRUNED
402,402,12.724044538697747,2026-04-14 15:49:19.075209,2026-04-14 15:49:22.986535,0 days 00:00:03.911326,50.11500147237529,71.31936561940734,74.15024597877031,-54.58636509567555,17.851685632611378,60.900003781300796,87.8943965364696,42.005044668552806,13.439874886130239,15.371536228027116,99.98709379953566,59.31278632661258,-29.8982058979444,62.173559911277565,35.28185501533844,53.70235166603013,33.27578871130745,23.574453033504902,Unattained target,GPSampler,"{'sLegPt.rL0': 62.173559911277565, 'sLegPt.lL0': 15.371536228027116, 'sLegPt.rL1': 35.28185501533844, 'sLegPt.lL1': 99.98709379953566, 'sLegPt.x1': 33.27578871130745, 'sLegPt.y1': 23.574453033504902, 'sLegPt.rA1': -29.8982058979444, 'sLegPt.rL2': 53.70235166603013, 'sLegPt.lL2': 59.31278632661258, 'lLegPt.rL0': 17.851685632611378, 'lLegPt.lL0': 50.11500147237529, 'lLegPt.rL1': 60.900003781300796, 'lLegPt.lL1': 71.31936561940734, 'lLegPt.x1': 42.005044668552806, 'lLegPt.y1': 13.439874886130239, 'lLegPt.rA1': -54.58636509567555, 'lLegPt.rL2': 87.8943965364696, 'lLegPt.lL2': 74.15024597877031}",PRUNED
403,403,5.61462590227967,2026-04-14 15:49:23.140507,2026-04-14 15:49:30.060336,0 days 00:00:06.919829,92.63577648485823,22.853614090817196,30.447193663825168,-35.82886708985033,65.14994355011032,12.425512044404208,93.80412738795889,41.82595574633942,25.133664055162466,98.10674322820552,49.22161074500683,10.230303035809024,-24.906381821031623,22.167841597149373,56.76417780783425,92.49675602304487,46.10710693497687,26.469555570995766,Unattained target,GPSampler,,PRUNED
404,404,5.633618529963265,2026-04-14 15:49:30.196514,2026-04-14 15:49:36.966686,0 days 00:00:06.770172,92.63577648485823,22.853614090817196,30.447193663825168,-35.82886708985033,65.14994355011032,12.425512044404208,93.80412738795889,41.82595574633942,25.133664055162466,98.10674322820552,49.22161074500683,10.230303035809024,-24.906381821031623,22.167841597149373,56.76417780783425,92.49675602304487,46.10710693497687,26.469555570995766,Unattained target,GPSampler,"{'sLegPt.rL0': 22.167841597149373, 'sLegPt.lL0': 98.10674322820552, 'sLegPt.rL1': 56.76417780783425, 'sLegPt.lL1': 49.22161074500683, 'sLegPt.x1': 46.10710693497687, 'sLegPt.y1': 26.469555570995766, 'sLegPt.rA1': -24.906381821031623, 'sLegPt.rL2': 92.49675602304487, 'sLegPt.lL2': 10.230303035809024, 'lLegPt.rL0': 65.14994355011032, 'lLegPt.lL0': 92.63577648485823, 'lLegPt.rL1': 12.425512044404208, 'lLegPt.lL1': 22.853614090817196, 'lLegPt.x1': 41.82595574633942, 'lLegPt.y1': 25.133664055162466, 'lLegPt.rA1': -35.82886708985033, 'lLegPt.rL2': 93.80412738795889, 'lLegPt.lL2': 30.447193663825168}",PRUNED
405,405,5.641602397586617,2026-04-14 15:49:37.134800,2026-04-14 15:49:44.451217,0 days 00:00:07.316417,92.63577648485823,22.853614090817196,30.447193663825168,-35.82886708985033,65.14994355011032,12.425512044404208,93.80412738795889,41.82595574633942,25.133664055162466,98.10674322820552,49.22161074500683,10.230303035809024,-24.906381821031623,22.167841597149373,56.76417780783425,92.49675602304487,46.10710693497687,26.469555570995766,Unattained target,GPSampler,"{'sLegPt.rL0': 22.167841597149373, 'sLegPt.lL0': 98.10674322820552, 'sLegPt.rL1': 56.76417780783425, 'sLegPt.lL1': 49.22161074500683, 'sLegPt.x1': 46.10710693497687, 'sLegPt.y1': 26.469555570995766, 'sLegPt.rA1': -24.906381821031623, 'sLegPt.rL2': 92.49675602304487, 'sLegPt.lL2': 10.230303035809024, 'lLegPt.rL0': 65.14994355011032, 'lLegPt.lL0': 92.63577648485823, 'lLegPt.rL1': 12.425512044404208, 'lLegPt.lL1': 22.853614090817196, 'lLegPt.x1': 41.82595574633942, 'lLegPt.y1': 25.133664055162466, 'lLegPt.rA1': -35.82886708985033, 'lLegPt.rL2': 93.80412738795889, 'lLegPt.lL2': 30.447193663825168}",PRUNED
406,406,11.433770971505336,2026-04-14 15:49:44.624957,2026-04-14 15:49:48.252100,0 days 00:00:03.627143,31.899967736708128,76.44997992343,79.93617380997749,-48.99851852381616,75.37826431366115,65.33751764939667,91.16949471274904,41.35498362413478,14.651275476014238,18.151048204247523,70.87586252151851,24.99441516526727,-66.05322781268741,33.46684273087164,95.71757722772854,93.43103968354951,44.943746246614054,13.113330206598503,Unattained target,GPSampler,,PRUNED
407,407,11.433770923970027,2026-04-14 15:49:48.397730,2026-04-14 15:49:52.252071,0 days 00:00:03.854341,31.899967736708128,76.44997992343,79.93617380997749,-48.99851852381616,75.37826431366115,65.33751764939667,91.16949471274904,41.35498362413478,14.651275476014238,18.151048204247523,70.87586252151851,24.99441516526727,-66.05322781268741,33.46684273087164,95.71757722772854,93.43103968354951,44.943746246614054,13.113330206598503,Unattained target,GPSampler,"{'sLegPt.rL0': 33.46684273087164, 'sLegPt.lL0': 18.151048204247523, 'sLegPt.rL1': 95.71757722772854, 'sLegPt.lL1': 70.87586252151851, 'sLegPt.x1': 44.943746246614054, 'sLegPt.y1': 13.113330206598503, 'sLegPt.rA1': -66.05322781268741, 'sLegPt.rL2': 93.43103968354951, 'sLegPt.lL2': 24.99441516526727, 'lLegPt.rL0': 75.37826431366115, 'lLegPt.lL0': 31.899967736708128, 'lLegPt.rL1': 65.33751764939667, 'lLegPt.lL1': 76.44997992343, 'lLegPt.x1': 41.35498362413478, 'lLegPt.y1': 14.651275476014238, 'lLegPt.rA1': -48.99851852381616, 'lLegPt.rL2': 91.16949471274904, 'lLegPt.lL2': 79.93617380997749}",PRUNED
408,408,11.433770911478284,2026-04-14 15:49:52.400979,2026-04-14 15:49:56.096919,0 days 00:00:03.695940,31.899967736708128,76.44997992343,79.93617380997749,-48.99851852381616,75.37826431366115,65.33751764939667,91.16949471274904,41.35498362413478,14.651275476014238,18.151048204247523,70.87586252151851,24.99441516526727,-66.05322781268741,33.46684273087164,95.71757722772854,93.43103968354951,44.943746246614054,13.113330206598503,Unattained target,GPSampler,"{'sLegPt.rL0': 33.46684273087164, 'sLegPt.lL0': 18.151048204247523, 'sLegPt.rL1': 95.71757722772854, 'sLegPt.lL1': 70.87586252151851, 'sLegPt.x1': 44.943746246614054, 'sLegPt.y1': 13.113330206598503, 'sLegPt.rA1': -66.05322781268741, 'sLegPt.rL2': 93.43103968354951, 'sLegPt.lL2': 24.99441516526727, 'lLegPt.rL0': 75.37826431366115, 'lLegPt.lL0': 31.899967736708128, 'lLegPt.rL1': 65.33751764939667, 'lLegPt.lL1': 76.44997992343, 'lLegPt.x1': 41.35498362413478, 'lLegPt.y1': 14.651275476014238, 'lLegPt.rA1': -48.99851852381616, 'lLegPt.rL2': 91.16949471274904, 'lLegPt.lL2': 79.93617380997749}",PRUNED
409,409,17.559461206383084,2026-04-14 15:49:56.252664,2026-04-14 15:50:00.097900,0 days 00:00:03.845236,61.60036029686803,82.2535176663996,10.319398681592002,-45.16721792878516,23.890827831133933,74.15190225287176,12.55314958551951,30.22709768046251,24.10410938483647,51.07184023960894,79.31581136539246,86.48093770602995,-55.59077278813369,98.73612883421183,63.25415747906138,98.54894929759462,43.005653603407694,20.53191722102119,Unattained target,GPSampler,,PRUNED
410,410,17.559459963147596,2026-04-14 15:50:00.259647,2026-04-14 15:50:03.975763,0 days 00:00:03.716116,61.60036029686803,82.2535176663996,10.319398681592002,-45.16721792878516,23.890827831133933,74.15190225287176,12.55314958551951,30.22709768046251,24.10410938483647,51.07184023960894,79.31581136539246,86.48093770602995,-55.59077278813369,98.73612883421183,63.25415747906138,98.54894929759462,43.005653603407694,20.53191722102119,Unattained target,GPSampler,"{'sLegPt.rL0': 98.73612883421183, 'sLegPt.lL0': 51.07184023960894, 'sLegPt.rL1': 63.25415747906138, 'sLegPt.lL1': 79.31581136539246, 'sLegPt.x1': 43.005653603407694, 'sLegPt.y1': 20.53191722102119, 'sLegPt.rA1': -55.59077278813369, 'sLegPt.rL2': 98.54894929759462, 'sLegPt.lL2': 86.48093770602995, 'lLegPt.rL0': 23.890827831133933, 'lLegPt.lL0': 61.60036029686803, 'lLegPt.rL1': 74.15190225287176, 'lLegPt.lL1': 82.2535176663996, 'lLegPt.x1': 30.22709768046251, 'lLegPt.y1': 24.10410938483647, 'lLegPt.rA1': -45.16721792878516, 'lLegPt.rL2': 12.55314958551951, 'lLegPt.lL2': 10.319398681592002}",PRUNED
411,411,17.559460150209226,2026-04-14 15:50:04.197727,2026-04-14 15:50:07.898758,0 days 00:00:03.701031,61.60036029686803,82.2535176663996,10.319398681592002,-45.16721792878516,23.890827831133933,74.15190225287176,12.55314958551951,30.22709768046251,24.10410938483647,51.07184023960894,79.31581136539246,86.48093770602995,-55.59077278813369,98.73612883421183,63.25415747906138,98.54894929759462,43.005653603407694,20.53191722102119,Unattained target,GPSampler,"{'sLegPt.rL0': 98.73612883421183, 'sLegPt.lL0': 51.07184023960894, 'sLegPt.rL1': 63.25415747906138, 'sLegPt.lL1': 79.31581136539246, 'sLegPt.x1': 43.005653603407694, 'sLegPt.y1': 20.53191722102119, 'sLegPt.rA1': -55.59077278813369, 'sLegPt.rL2': 98.54894929759462, 'sLegPt.lL2': 86.48093770602995, 'lLegPt.rL0': 23.890827831133933, 'lLegPt.lL0': 61.60036029686803, 'lLegPt.rL1': 74.15190225287176, 'lLegPt.lL1': 82.2535176663996, 'lLegPt.x1': 30.22709768046251, 'lLegPt.y1': 24.10410938483647, 'lLegPt.rA1': -45.16721792878516, 'lLegPt.rL2': 12.55314958551951, 'lLegPt.lL2': 10.319398681592002}",PRUNED
412,412,5.241962612218796,2026-04-14 15:50:08.064343,2026-04-14 15:50:11.784936,0 days 00:00:03.720593,78.25772558315695,80.50307277676296,37.53545814622021,-39.343907224017244,78.42170484456241,90.22374947826022,70.92068431741181,39.36125562038197,25.67623578686931,51.62408584368213,97.14891931173206,13.36779564050022,-67.61717827167209,58.41692617909391,58.34552918985229,97.57113698677459,46.394449420319845,13.177481346736883,Unattained target,GPSampler,,PRUNED
