,number,value,datetime_start,datetime_complete,duration,params_lLegPt.lL0,params_lLegPt.lL1,params_lLegPt.lL2,params_lLegPt.rA1,params_lLegPt.rL0,params_lLegPt.rL1,params_lLegPt.rL2,params_lLegPt.x1,params_lLegPt.y1,params_sLegPt.lL0,params_sLegPt.lL1,params_sLegPt.lL2,params_sLegPt.rA1,params_sLegPt.rL0,params_sLegPt.rL1,params_sLegPt.rL2,params_sLegPt.x1,params_sLegPt.y1,user_attrs_prune,system_attrs_auto:sampler,system_attrs_fixed_params,state
557,557,5.516388303353729,2026-04-14 16:00:49.487325,2026-04-14 16:00:53.249185,0 days 00:00:03.761860,29.314216643380206,34.808748973273865,77.52916404493931,-67.13169100632466,21.15059771452506,74.39992185868121,59.59153617447175,33.01698758992426,13.555745178120782,75.04865362140325,75.26487958583891,73.11511820368352,-41.79406277856508,45.35680608773884,37.51101272409466,67.05906553274785,31.17994236381999,14.44317024197282,Unattained target,GPSampler,"{'sLegPt.rL0': 45.35680608773884, 'sLegPt.lL0': 75.04865362140325, 'sLegPt.rL1': 37.51101272409466, 'sLegPt.lL1': 75.26487958583891, 'sLegPt.x1': 31.17994236381999, 'sLegPt.y1': 14.44317024197282, 'sLegPt.rA1': -41.79406277856508, 'sLegPt.rL2': 67.05906553274785, 'sLegPt.lL2': 73.11511820368352, 'lLegPt.rL0': 21.15059771452506, 'lLegPt.lL0': 29.314216643380206, 'lLegPt.rL1': 74.39992185868121, 'lLegPt.lL1': 34.808748973273865, 'lLegPt.x1': 33.01698758992426, 'lLegPt.y1': 13.555745178120782, 'lLegPt.rA1': -67.13169100632466, 'lLegPt.rL2': 59.59153617447175, 'lLegPt.lL2': 77.52916404493931}",PRUNED
558,558,5.516388713603611,2026-04-14 16:00:53.407005,2026-04-14 16:00:57.348970,0 days 00:00:03.941965,29.314216643380206,34.808748973273865,77.52916404493931,-67.13169100632466,21.15059771452506,74.39992185868121,59.59153617447175,33.01698758992426,13.555745178120782,75.04865362140325,75.26487958583891,73.11511820368352,-41.79406277856508,45.35680608773884,37.51101272409466,67.05906553274785,31.17994236381999,14.44317024197282,Unattained target,GPSampler,"{'sLegPt.rL0': 45.35680608773884, 'sLegPt.lL0': 75.04865362140325, 'sLegPt.rL1': 37.51101272409466, 'sLegPt.lL1': 75.26487958583891, 'sLegPt.x1': 31.17994236381999, 'sLegPt.y1': 14.44317024197282, 'sLegPt.rA1': -41.79406277856508, 'sLegPt.rL2': 67.05906553274785, 'sLegPt.lL2': 73.11511820368352, 'lLegPt.rL0': 21.15059771452506, 'lLegPt.lL0': 29.314216643380206, 'lLegPt.rL1': 74.39992185868121, 'lLegPt.lL1': 34.808748973273865, 'lLegPt.x1': 33.01698758992426, 'lLegPt.y1': 13.555745178120782, 'lLegPt.rA1': -67.13169100632466, 'lLegPt.rL2': 59.59153617447175, 'lLegPt.lL2': 77.52916404493931}",PRUNED
559,559,5.9898169223424205,2026-04-14 16:00:57.525753,2026-04-14 16:01:01.452969,0 days 00:00:03.927216,45.716635366373914,25.17068458907743,78.72327104921891,-75.4851327313275,83.93276657373535,72.09678690699965,32.1470706798704,43.47987136644116,27.6531584381825,53.559516543797066,31.951955679015196,19.895859022505107,-31.748767933798113,78.18924880694615,19.19443015791355,16.77708415531302,46.567826492426846,12.995918976689056,Unattained target,GPSampler,,PRUNED
560,560,5.9898172096440305,2026-04-14 16:01:01.614887,2026-04-14 16:01:05.405631,0 days 00:00:03.790744,45.716635366373914,25.17068458907743,78.72327104921891,-75.4851327313275,83.93276657373535,72.09678690699965,32.1470706798704,43.47987136644116,27.6531584381825,53.559516543797066,31.951955679015196,19.895859022505107,-31.748767933798113,78.18924880694615,19.19443015791355,16.77708415531302,46.567826492426846,12.995918976689056,Unattained target,GPSampler,"{'sLegPt.rL0': 78.18924880694615, 'sLegPt.lL0': 53.559516543797066, 'sLegPt.rL1': 19.19443015791355, 'sLegPt.lL1': 31.951955679015196, 'sLegPt.x1': 46.567826492426846, 'sLegPt.y1': 12.995918976689056, 'sLegPt.rA1': -31.748767933798113, 'sLegPt.rL2': 16.77708415531302, 'sLegPt.lL2': 19.895859022505107, 'lLegPt.rL0': 83.93276657373535, 'lLegPt.lL0': 45.716635366373914, 'lLegPt.rL1': 72.09678690699965, 'lLegPt.lL1': 25.17068458907743, 'lLegPt.x1': 43.47987136644116, 'lLegPt.y1': 27.6531584381825, 'lLegPt.rA1': -75.4851327313275, 'lLegPt.rL2': 32.1470706798704, 'lLegPt.lL2': 78.72327104921891}",PRUNED
561,561,5.989817127481679,2026-04-14 16:01:05.583213,2026-04-14 16:01:09.280617,0 days 00:00:03.697404,45.716635366373914,25.17068458907743,78.72327104921891,-75.4851327313275,83.93276657373535,72.09678690699965,32.1470706798704,43.47987136644116,27.6531584381825,53.559516543797066,31.951955679015196,19.895859022505107,-31.748767933798113,78.18924880694615,19.19443015791355,16.77708415531302,46.567826492426846,12.995918976689056,Unattained target,GPSampler,"{'sLegPt.rL0': 78.18924880694615, 'sLegPt.lL0': 53.559516543797066, 'sLegPt.rL1': 19.19443015791355, 'sLegPt.lL1': 31.951955679015196, 'sLegPt.x1': 46.567826492426846, 'sLegPt.y1': 12.995918976689056, 'sLegPt.rA1': -31.748767933798113, 'sLegPt.rL2': 16.77708415531302, 'sLegPt.lL2': 19.895859022505107, 'lLegPt.rL0': 83.93276657373535, 'lLegPt.lL0': 45.716635366373914, 'lLegPt.rL1': 72.09678690699965, 'lLegPt.lL1': 25.17068458907743, 'lLegPt.x1': 43.47987136644116, 'lLegPt.y1': 27.6531584381825, 'lLegPt.rA1': -75.4851327313275, 'lLegPt.rL2': 32.1470706798704, 'lLegPt.lL2': 78.72327104921891}",PRUNED
562,562,9.256342726779707,2026-04-14 16:01:09.454157,2026-04-14 16:01:13.409896,0 days 00:00:03.955739,20.7271782757182,37.09861783303154,34.596106356918476,-49.923079315704534,43.19432112158148,94.33646120368996,54.94095249306866,45.54047604907808,10.83906001602778,11.022679950458718,25.895636917626934,31.92848356199968,-47.07122505724723,49.422745230496155,94.99095041003335,52.56946385570467,39.39331751066999,18.933374582423518,Unattained target,GPSampler,,PRUNED
563,563,9.25634230052384,2026-04-14 16:01:13.562180,2026-04-14 16:01:17.465732,0 days 00:00:03.903552,20.7271782757182,37.09861783303154,34.596106356918476,-49.923079315704534,43.19432112158148,94.33646120368996,54.94095249306866,45.54047604907808,10.83906001602778,11.022679950458718,25.895636917626934,31.92848356199968,-47.07122505724723,49.422745230496155,94.99095041003335,52.56946385570467,39.39331751066999,18.933374582423518,Unattained target,GPSampler,"{'sLegPt.rL0': 49.422745230496155, 'sLegPt.lL0': 11.022679950458718, 'sLegPt.rL1': 94.99095041003335, 'sLegPt.lL1': 25.895636917626934, 'sLegPt.x1': 39.39331751066999, 'sLegPt.y1': 18.933374582423518, 'sLegPt.rA1': -47.07122505724723, 'sLegPt.rL2': 52.56946385570467, 'sLegPt.lL2': 31.92848356199968, 'lLegPt.rL0': 43.19432112158148, 'lLegPt.lL0': 20.7271782757182, 'lLegPt.rL1': 94.33646120368996, 'lLegPt.lL1': 37.09861783303154, 'lLegPt.x1': 45.54047604907808, 'lLegPt.y1': 10.83906001602778, 'lLegPt.rA1': -49.923079315704534, 'lLegPt.rL2': 54.94095249306866, 'lLegPt.lL2': 34.596106356918476}",PRUNED
564,564,9.256342934522706,2026-04-14 16:01:17.619357,2026-04-14 16:01:21.564115,0 days 00:00:03.944758,20.7271782757182,37.09861783303154,34.596106356918476,-49.923079315704534,43.19432112158148,94.33646120368996,54.94095249306866,45.54047604907808,10.83906001602778,11.022679950458718,25.895636917626934,31.92848356199968,-47.07122505724723,49.422745230496155,94.99095041003335,52.56946385570467,39.39331751066999,18.933374582423518,Unattained target,GPSampler,"{'sLegPt.rL0': 49.422745230496155, 'sLegPt.lL0': 11.022679950458718, 'sLegPt.rL1': 94.99095041003335, 'sLegPt.lL1': 25.895636917626934, 'sLegPt.x1': 39.39331751066999, 'sLegPt.y1': 18.933374582423518, 'sLegPt.rA1': -47.07122505724723, 'sLegPt.rL2': 52.56946385570467, 'sLegPt.lL2': 31.92848356199968, 'lLegPt.rL0': 43.19432112158148, 'lLegPt.lL0': 20.7271782757182, 'lLegPt.rL1': 94.33646120368996, 'lLegPt.lL1': 37.09861783303154, 'lLegPt.x1': 45.54047604907808, 'lLegPt.y1': 10.83906001602778, 'lLegPt.rA1': -49.923079315704534, 'lLegPt.rL2': 54.94095249306866, 'lLegPt.lL2': 34.596106356918476}",PRUNED
565,565,5.861342849906244,2026-04-14 16:01:21.723542,2026-04-14 16:01:25.492733,0 days 00:00:03.769191,84.96439006735223,99.19686926428108,73.50184610773528,-31.325328207085605,59.91804516057557,95.86860404473737,39.294877840995284,49.34104477815826,13.72194877288444,34.05907878350196,19.606417675552525,62.80189670892058,-28.239116266684796,21.847754980858177,20.029091740495083,33.13250535048154,35.819042208151195,11.206395955249477,Unattained target,GPSampler,,PRUNED
566,566,5.861342960038456,2026-04-14 16:01:25.650919,2026-04-14 16:01:29.636260,0 days 00:00:03.985341,84.96439006735223,99.19686926428108,73.50184610773528,-31.325328207085605,59.91804516057557,95.86860404473737,39.294877840995284,49.34104477815826,13.72194877288444,34.05907878350196,19.606417675552525,62.80189670892058,-28.239116266684796,21.847754980858177,20.029091740495083,33.13250535048154,35.819042208151195,11.206395955249477,Unattained target,GPSampler,"{'sLegPt.rL0': 21.847754980858177, 'sLegPt.lL0': 34.05907878350196, 'sLegPt.rL1': 20.029091740495083, 'sLegPt.lL1': 19.606417675552525, 'sLegPt.x1': 35.819042208151195, 'sLegPt.y1': 11.206395955249477, 'sLegPt.rA1': -28.239116266684796, 'sLegPt.rL2': 33.13250535048154, 'sLegPt.lL2': 62.80189670892058, 'lLegPt.rL0': 59.91804516057557, 'lLegPt.lL0': 84.96439006735223, 'lLegPt.rL1': 95.86860404473737, 'lLegPt.lL1': 99.19686926428108, 'lLegPt.x1': 49.34104477815826, 'lLegPt.y1': 13.72194877288444, 'lLegPt.rA1': -31.325328207085605, 'lLegPt.rL2': 39.294877840995284, 'lLegPt.lL2': 73.50184610773528}",PRUNED
567,567,5.861342955473525,2026-04-14 16:01:29.823597,2026-04-14 16:01:33.713272,0 days 00:00:03.889675,84.96439006735223,99.19686926428108,73.50184610773528,-31.325328207085605,59.91804516057557,95.86860404473737,39.294877840995284,49.34104477815826,13.72194877288444,34.05907878350196,19.606417675552525,62.80189670892058,-28.239116266684796,21.847754980858177,20.029091740495083,33.13250535048154,35.819042208151195,11.206395955249477,Unattained target,GPSampler,"{'sLegPt.rL0': 21.847754980858177, 'sLegPt.lL0': 34.05907878350196, 'sLegPt.rL1': 20.029091740495083, 'sLegPt.lL1': 19.606417675552525, 'sLegPt.x1': 35.819042208151195, 'sLegPt.y1': 11.206395955249477, 'sLegPt.rA1': -28.239116266684796, 'sLegPt.rL2': 33.13250535048154, 'sLegPt.lL2': 62.80189670892058, 'lLegPt.rL0': 59.91804516057557, 'lLegPt.lL0': 84.96439006735223, 'lLegPt.rL1': 95.86860404473737, 'lLegPt.lL1': 99.19686926428108, 'lLegPt.x1': 49.34104477815826, 'lLegPt.y1': 13.72194877288444, 'lLegPt.rA1': -31.325328207085605, 'lLegPt.rL2': 39.294877840995284, 'lLegPt.lL2': 73.50184610773528}",PRUNED
568,568,10.144770951958101,2026-04-14 16:01:33.874671,2026-04-14 16:01:37.790620,0 days 00:00:03.915949,45.808011563797464,31.349641327800608,97.20553334606286,-79.8194357092556,99.48519891093977,65.24364924492014,89.07321842870151,47.51891152725669,18.740411702190784,81.50683342460226,63.8532264330962,67.18710931010494,-43.97923812926617,95.06873043271905,16.27752257092036,64.16513009572584,48.78292428254473,19.935911277160287,Unattained target,GPSampler,,PRUNED
569,569,10.14477068025709,2026-04-14 16:01:37.959559,2026-04-14 16:01:42.026888,0 days 00:00:04.067329,45.808011563797464,31.349641327800608,97.20553334606286,-79.8194357092556,99.48519891093977,65.24364924492014,89.07321842870151,47.51891152725669,18.740411702190784,81.50683342460226,63.8532264330962,67.18710931010494,-43.97923812926617,95.06873043271905,16.27752257092036,64.16513009572584,48.78292428254473,19.935911277160287,Unattained target,GPSampler,"{'sLegPt.rL0': 95.06873043271905, 'sLegPt.lL0': 81.50683342460226, 'sLegPt.rL1': 16.27752257092036, 'sLegPt.lL1': 63.8532264330962, 'sLegPt.x1': 48.78292428254473, 'sLegPt.y1': 19.935911277160287, 'sLegPt.rA1': -43.97923812926617, 'sLegPt.rL2': 64.16513009572584, 'sLegPt.lL2': 67.18710931010494, 'lLegPt.rL0': 99.48519891093977, 'lLegPt.lL0': 45.808011563797464, 'lLegPt.rL1': 65.24364924492014, 'lLegPt.lL1': 31.349641327800608, 'lLegPt.x1': 47.51891152725669, 'lLegPt.y1': 18.740411702190784, 'lLegPt.rA1': -79.8194357092556, 'lLegPt.rL2': 89.07321842870151, 'lLegPt.lL2': 97.20553334606286}",PRUNED
570,570,10.144770579774033,2026-04-14 16:01:42.205480,2026-04-14 16:01:46.166111,0 days 00:00:03.960631,45.808011563797464,31.349641327800608,97.20553334606286,-79.8194357092556,99.48519891093977,65.24364924492014,89.07321842870151,47.51891152725669,18.740411702190784,81.50683342460226,63.8532264330962,67.18710931010494,-43.97923812926617,95.06873043271905,16.27752257092036,64.16513009572584,48.78292428254473,19.935911277160287,Unattained target,GPSampler,"{'sLegPt.rL0': 95.06873043271905, 'sLegPt.lL0': 81.50683342460226, 'sLegPt.rL1': 16.27752257092036, 'sLegPt.lL1': 63.8532264330962, 'sLegPt.x1': 48.78292428254473, 'sLegPt.y1': 19.935911277160287, 'sLegPt.rA1': -43.97923812926617, 'sLegPt.rL2': 64.16513009572584, 'sLegPt.lL2': 67.18710931010494, 'lLegPt.rL0': 99.48519891093977, 'lLegPt.lL0': 45.808011563797464, 'lLegPt.rL1': 65.24364924492014, 'lLegPt.lL1': 31.349641327800608, 'lLegPt.x1': 47.51891152725669, 'lLegPt.y1': 18.740411702190784, 'lLegPt.rA1': -79.8194357092556, 'lLegPt.rL2': 89.07321842870151, 'lLegPt.lL2': 97.20553334606286}",PRUNED
571,571,5.610622319511261,2026-04-14 16:01:46.319607,2026-04-14 16:01:50.188009,0 days 00:00:03.868402,68.45625564549258,63.75052382309363,41.54097520824517,-24.998269320361196,18.179638351035827,71.67429777828362,98.73012021385706,37.7280267669918,20.529158394363613,22.974788727008168,64.37393106734729,54.48274462786685,-46.7124602634466,60.087419960119036,76.13568879412328,41.48608317358069,30.274586336549934,13.887055835229997,Unattained target,GPSampler,,PRUNED
572,572,5.610622347277868,2026-04-14 16:01:50.346377,2026-04-14 16:01:54.243437,0 days 00:00:03.897060,68.45625564549258,63.75052382309363,41.54097520824517,-24.998269320361196,18.179638351035827,71.67429777828362,98.73012021385706,37.7280267669918,20.529158394363613,22.974788727008168,64.37393106734729,54.48274462786685,-46.7124602634466,60.087419960119036,76.13568879412328,41.48608317358069,30.274586336549934,13.887055835229997,Unattained target,GPSampler,"{'sLegPt.rL0': 60.087419960119036, 'sLegPt.lL0': 22.974788727008168, 'sLegPt.rL1': 76.13568879412328, 'sLegPt.lL1': 64.37393106734729, 'sLegPt.x1': 30.274586336549934, 'sLegPt.y1': 13.887055835229997, 'sLegPt.rA1': -46.7124602634466, 'sLegPt.rL2': 41.48608317358069, 'sLegPt.lL2': 54.48274462786685, 'lLegPt.rL0': 18.179638351035827, 'lLegPt.lL0': 68.45625564549258, 'lLegPt.rL1': 71.67429777828362, 'lLegPt.lL1': 63.75052382309363, 'lLegPt.x1': 37.7280267669918, 'lLegPt.y1': 20.529158394363613, 'lLegPt.rA1': -24.998269320361196, 'lLegPt.rL2': 98.73012021385706, 'lLegPt.lL2': 41.54097520824517}",PRUNED
573,573,5.610622215202913,2026-04-14 16:01:54.423352,2026-04-14 16:01:58.410511,0 days 00:00:03.987159,68.45625564549258,63.75052382309363,41.54097520824517,-24.998269320361196,18.179638351035827,71.67429777828362,98.73012021385706,37.7280267669918,20.529158394363613,22.974788727008168,64.37393106734729,54.48274462786685,-46.7124602634466,60.087419960119036,76.13568879412328,41.48608317358069,30.274586336549934,13.887055835229997,Unattained target,GPSampler,"{'sLegPt.rL0': 60.087419960119036, 'sLegPt.lL0': 22.974788727008168, 'sLegPt.rL1': 76.13568879412328, 'sLegPt.lL1': 64.37393106734729, 'sLegPt.x1': 30.274586336549934, 'sLegPt.y1': 13.887055835229997, 'sLegPt.rA1': -46.7124602634466, 'sLegPt.rL2': 41.48608317358069, 'sLegPt.lL2': 54.48274462786685, 'lLegPt.rL0': 18.179638351035827, 'lLegPt.lL0': 68.45625564549258, 'lLegPt.rL1': 71.67429777828362, 'lLegPt.lL1': 63.75052382309363, 'lLegPt.x1': 37.7280267669918, 'lLegPt.y1': 20.529158394363613, 'lLegPt.rA1': -24.998269320361196, 'lLegPt.rL2': 98.73012021385706, 'lLegPt.lL2': 41.54097520824517}",PRUNED
574,574,7.440914581745993,2026-04-14 16:01:58.578544,2026-04-14 16:02:02.235737,0 days 00:00:03.657193,48.26049943472165,98.27642322214147,11.509106453095132,-49.81667622382336,65.63339108249909,39.17448501890002,59.324875927331334,44.18613849026063,15.981815527486596,17.986067751766246,72.96835418009181,70.80236354755763,-40.87637491816932,28.351796327215997,75.38117167117447,52.036646309463165,44.461719793011376,28.84578763641607,Unattained target,GPSampler,,PRUNED
575,575,7.440915213286203,2026-04-14 16:02:02.398390,2026-04-14 16:02:06.289010,0 days 00:00:03.890620,48.26049943472165,98.27642322214147,11.509106453095132,-49.81667622382336,65.63339108249909,39.17448501890002,59.324875927331334,44.18613849026063,15.981815527486596,17.986067751766246,72.96835418009181,70.80236354755763,-40.87637491816932,28.351796327215997,75.38117167117447,52.036646309463165,44.461719793011376,28.84578763641607,Unattained target,GPSampler,"{'sLegPt.rL0': 28.351796327215997, 'sLegPt.lL0': 17.986067751766246, 'sLegPt.rL1': 75.38117167117447, 'sLegPt.lL1': 72.96835418009181, 'sLegPt.x1': 44.461719793011376, 'sLegPt.y1': 28.84578763641607, 'sLegPt.rA1': -40.87637491816932, 'sLegPt.rL2': 52.036646309463165, 'sLegPt.lL2': 70.80236354755763, 'lLegPt.rL0': 65.63339108249909, 'lLegPt.lL0': 48.26049943472165, 'lLegPt.rL1': 39.17448501890002, 'lLegPt.lL1': 98.27642322214147, 'lLegPt.x1': 44.18613849026063, 'lLegPt.y1': 15.981815527486596, 'lLegPt.rA1': -49.81667622382336, 'lLegPt.rL2': 59.324875927331334, 'lLegPt.lL2': 11.509106453095132}",PRUNED
576,576,7.4409146516810765,2026-04-14 16:02:06.451494,2026-04-14 16:02:10.031902,0 days 00:00:03.580408,48.26049943472165,98.27642322214147,11.509106453095132,-49.81667622382336,65.63339108249909,39.17448501890002,59.324875927331334,44.18613849026063,15.981815527486596,17.986067751766246,72.96835418009181,70.80236354755763,-40.87637491816932,28.351796327215997,75.38117167117447,52.036646309463165,44.461719793011376,28.84578763641607,Unattained target,GPSampler,"{'sLegPt.rL0': 28.351796327215997, 'sLegPt.lL0': 17.986067751766246, 'sLegPt.rL1': 75.38117167117447, 'sLegPt.lL1': 72.96835418009181, 'sLegPt.x1': 44.461719793011376, 'sLegPt.y1': 28.84578763641607, 'sLegPt.rA1': -40.87637491816932, 'sLegPt.rL2': 52.036646309463165, 'sLegPt.lL2': 70.80236354755763, 'lLegPt.rL0': 65.63339108249909, 'lLegPt.lL0': 48.26049943472165, 'lLegPt.rL1': 39.17448501890002, 'lLegPt.lL1': 98.27642322214147, 'lLegPt.x1': 44.18613849026063, 'lLegPt.y1': 15.981815527486596, 'lLegPt.rA1': -49.81667622382336, 'lLegPt.rL2': 59.324875927331334, 'lLegPt.lL2': 11.509106453095132}",PRUNED
577,577,7.454296930077334,2026-04-14 16:02:10.188183,2026-04-14 16:02:14.219402,0 days 00:00:04.031219,41.55892350194833,82.93595494372167,55.34345787859854,-39.12360878045871,50.091396766450096,26.443386796452327,37.44941486098631,32.05550300299821,13.362779008969653,50.45348805752376,40.16723089252284,76.29412453126616,-35.63047801624215,59.84644497809914,45.82006257563683,60.52022816578201,39.118663572873245,21.246813010908916,Unattained target,GPSampler,,PRUNED
578,578,7.454297752772682,2026-04-14 16:02:14.390861,2026-04-14 16:02:18.101547,0 days 00:00:03.710686,41.55892350194833,82.93595494372167,55.34345787859854,-39.12360878045871,50.091396766450096,26.443386796452327,37.44941486098631,32.05550300299821,13.362779008969653,50.45348805752376,40.16723089252284,76.29412453126616,-35.63047801624215,59.84644497809914,45.82006257563683,60.52022816578201,39.118663572873245,21.246813010908916,Unattained target,GPSampler,"{'sLegPt.rL0': 59.84644497809914, 'sLegPt.lL0': 50.45348805752376, 'sLegPt.rL1': 45.82006257563683, 'sLegPt.lL1': 40.16723089252284, 'sLegPt.x1': 39.118663572873245, 'sLegPt.y1': 21.246813010908916, 'sLegPt.rA1': -35.63047801624215, 'sLegPt.rL2': 60.52022816578201, 'sLegPt.lL2': 76.29412453126616, 'lLegPt.rL0': 50.091396766450096, 'lLegPt.lL0': 41.55892350194833, 'lLegPt.rL1': 26.443386796452327, 'lLegPt.lL1': 82.93595494372167, 'lLegPt.x1': 32.05550300299821, 'lLegPt.y1': 13.362779008969653, 'lLegPt.rA1': -39.12360878045871, 'lLegPt.rL2': 37.44941486098631, 'lLegPt.lL2': 55.34345787859854}",PRUNED
579,579,7.454297440606489,2026-04-14 16:02:18.261761,2026-04-14 16:02:22.219565,0 days 00:00:03.957804,41.55892350194833,82.93595494372167,55.34345787859854,-39.12360878045871,50.091396766450096,26.443386796452327,37.44941486098631,32.05550300299821,13.362779008969653,50.45348805752376,40.16723089252284,76.29412453126616,-35.63047801624215,59.84644497809914,45.82006257563683,60.52022816578201,39.118663572873245,21.246813010908916,Unattained target,GPSampler,"{'sLegPt.rL0': 59.84644497809914, 'sLegPt.lL0': 50.45348805752376, 'sLegPt.rL1': 45.82006257563683, 'sLegPt.lL1': 40.16723089252284, 'sLegPt.x1': 39.118663572873245, 'sLegPt.y1': 21.246813010908916, 'sLegPt.rA1': -35.63047801624215, 'sLegPt.rL2': 60.52022816578201, 'sLegPt.lL2': 76.29412453126616, 'lLegPt.rL0': 50.091396766450096, 'lLegPt.lL0': 41.55892350194833, 'lLegPt.rL1': 26.443386796452327, 'lLegPt.lL1': 82.93595494372167, 'lLegPt.x1': 32.05550300299821, 'lLegPt.y1': 13.362779008969653, 'lLegPt.rA1': -39.12360878045871, 'lLegPt.rL2': 37.44941486098631, 'lLegPt.lL2': 55.34345787859854}",PRUNED
580,580,16.87633307206292,2026-04-14 16:02:22.376307,2026-04-14 16:02:26.259056,0 days 00:00:03.882749,83.46132503946025,69.63329262208609,25.728792786224577,-43.48236472909277,61.730621611014385,81.64954183606737,24.271209339393934,35.264477349537046,16.76752821135836,64.86228077450548,54.81163492568866,59.13222459706328,-21.753404014583722,81.46059121224458,26.365206808658336,30.597087244942614,35.5303474166594,24.55196457685867,Unattained target,GPSampler,,PRUNED
