,number,value,datetime_start,datetime_complete,duration,params_lLegPt.lL0,params_lLegPt.lL1,params_lLegPt.lL2,params_lLegPt.rA1,params_lLegPt.rL0,params_lLegPt.rL1,params_lLegPt.rL2,params_lLegPt.x1,params_lLegPt.y1,params_sLegPt.lL0,params_sLegPt.lL1,params_sLegPt.lL2,params_sLegPt.rA1,params_sLegPt.rL0,params_sLegPt.rL1,params_sLegPt.rL2,params_sLegPt.x1,params_sLegPt.y1,user_attrs_prune,system_attrs_auto:sampler,system_attrs_fixed_params,state
437,437,5.005000111154185,2026-04-14 15:52:01.507897,2026-04-14 15:52:05.322992,0 days 00:00:03.815095,59.34343741360248,81.40904294229829,34.95118134780863,-32.77985823807474,43.166688010431095,23.198661619589394,43.27551251953439,40.08625885499117,18.027819202225675,68.5458634091326,55.250333231662076,27.04526081985361,-48.37961341057563,79.91482617513685,15.859853718645232,68.33686191577057,46.95969868357692,22.693874286202135,Unattained target,GPSampler,"{'sLegPt.rL0': 79.91482617513685, 'sLegPt.lL0': 68.5458634091326, 'sLegPt.rL1': 15.859853718645232, 'sLegPt.lL1': 55.250333231662076, 'sLegPt.x1': 46.95969868357692, 'sLegPt.y1': 22.693874286202135, 'sLegPt.rA1': -48.37961341057563, 'sLegPt.rL2': 68.33686191577057, 'sLegPt.lL2': 27.04526081985361, 'lLegPt.rL0': 43.166688010431095, 'lLegPt.lL0': 59.34343741360248, 'lLegPt.rL1': 23.198661619589394, 'lLegPt.lL1': 81.40904294229829, 'lLegPt.x1': 40.08625885499117, 'lLegPt.y1': 18.027819202225675, 'lLegPt.rA1': -32.77985823807474, 'lLegPt.rL2': 43.27551251953439, 'lLegPt.lL2': 34.95118134780863}",PRUNED
438,438,5.00500007144586,2026-04-14 15:52:05.478109,2026-04-14 15:52:09.055356,0 days 00:00:03.577247,59.34343741360248,81.40904294229829,34.95118134780863,-32.77985823807474,43.166688010431095,23.198661619589394,43.27551251953439,40.08625885499117,18.027819202225675,68.5458634091326,55.250333231662076,27.04526081985361,-48.37961341057563,79.91482617513685,15.859853718645232,68.33686191577057,46.95969868357692,22.693874286202135,Unattained target,GPSampler,"{'sLegPt.rL0': 79.91482617513685, 'sLegPt.lL0': 68.5458634091326, 'sLegPt.rL1': 15.859853718645232, 'sLegPt.lL1': 55.250333231662076, 'sLegPt.x1': 46.95969868357692, 'sLegPt.y1': 22.693874286202135, 'sLegPt.rA1': -48.37961341057563, 'sLegPt.rL2': 68.33686191577057, 'sLegPt.lL2': 27.04526081985361, 'lLegPt.rL0': 43.166688010431095, 'lLegPt.lL0': 59.34343741360248, 'lLegPt.rL1': 23.198661619589394, 'lLegPt.lL1': 81.40904294229829, 'lLegPt.x1': 40.08625885499117, 'lLegPt.y1': 18.027819202225675, 'lLegPt.rA1': -32.77985823807474, 'lLegPt.rL2': 43.27551251953439, 'lLegPt.lL2': 34.95118134780863}",PRUNED
439,439,12.593238369412717,2026-04-14 15:52:09.217132,2026-04-14 15:52:12.893846,0 days 00:00:03.676714,92.95461848584152,91.01433934526894,40.15083019156625,-28.20742254446295,25.64465704098395,66.1565552356474,29.360849218308186,33.52919188435175,17.051325945510932,50.02905778987493,73.51700741641949,50.87066820638621,-67.6647521060251,93.62671960811201,22.907171252025712,34.73587954590234,49.93297226407157,21.143260589436217,Unattained target,GPSampler,,PRUNED
440,440,12.593238340614334,2026-04-14 15:52:13.035058,2026-04-14 15:52:16.708650,0 days 00:00:03.673592,92.95461848584152,91.01433934526894,40.15083019156625,-28.20742254446295,25.64465704098395,66.1565552356474,29.360849218308186,33.52919188435175,17.051325945510932,50.02905778987493,73.51700741641949,50.87066820638621,-67.6647521060251,93.62671960811201,22.907171252025712,34.73587954590234,49.93297226407157,21.143260589436217,Unattained target,GPSampler,"{'sLegPt.rL0': 93.62671960811201, 'sLegPt.lL0': 50.02905778987493, 'sLegPt.rL1': 22.907171252025712, 'sLegPt.lL1': 73.51700741641949, 'sLegPt.x1': 49.93297226407157, 'sLegPt.y1': 21.143260589436217, 'sLegPt.rA1': -67.6647521060251, 'sLegPt.rL2': 34.73587954590234, 'sLegPt.lL2': 50.87066820638621, 'lLegPt.rL0': 25.64465704098395, 'lLegPt.lL0': 92.95461848584152, 'lLegPt.rL1': 66.1565552356474, 'lLegPt.lL1': 91.01433934526894, 'lLegPt.x1': 33.52919188435175, 'lLegPt.y1': 17.051325945510932, 'lLegPt.rA1': -28.20742254446295, 'lLegPt.rL2': 29.360849218308186, 'lLegPt.lL2': 40.15083019156625}",PRUNED
441,441,12.593238234000566,2026-04-14 15:52:16.870491,2026-04-14 15:52:20.693547,0 days 00:00:03.823056,92.95461848584152,91.01433934526894,40.15083019156625,-28.20742254446295,25.64465704098395,66.1565552356474,29.360849218308186,33.52919188435175,17.051325945510932,50.02905778987493,73.51700741641949,50.87066820638621,-67.6647521060251,93.62671960811201,22.907171252025712,34.73587954590234,49.93297226407157,21.143260589436217,Unattained target,GPSampler,"{'sLegPt.rL0': 93.62671960811201, 'sLegPt.lL0': 50.02905778987493, 'sLegPt.rL1': 22.907171252025712, 'sLegPt.lL1': 73.51700741641949, 'sLegPt.x1': 49.93297226407157, 'sLegPt.y1': 21.143260589436217, 'sLegPt.rA1': -67.6647521060251, 'sLegPt.rL2': 34.73587954590234, 'sLegPt.lL2': 50.87066820638621, 'lLegPt.rL0': 25.64465704098395, 'lLegPt.lL0': 92.95461848584152, 'lLegPt.rL1': 66.1565552356474, 'lLegPt.lL1': 91.01433934526894, 'lLegPt.x1': 33.52919188435175, 'lLegPt.y1': 17.051325945510932, 'lLegPt.rA1': -28.20742254446295, 'lLegPt.rL2': 29.360849218308186, 'lLegPt.lL2': 40.15083019156625}",PRUNED
442,442,6.671421655128068,2026-04-14 15:52:20.858741,2026-04-14 15:52:24.617921,0 days 00:00:03.759180,45.27600724943013,76.83805645343173,39.276188575597175,-74.52702105896664,11.219433363540066,70.1353484384579,73.2076111864573,45.81231715174836,11.3926926797341,33.06906013734999,42.958916995656644,22.606699151970798,-71.68416207572001,36.21724775043647,88.11610191694746,30.894382952644225,46.91624303231296,26.06492626760254,Unattained target,GPSampler,,PRUNED
443,443,6.671421659398323,2026-04-14 15:52:24.775838,2026-04-14 15:52:28.536877,0 days 00:00:03.761039,45.27600724943013,76.83805645343173,39.276188575597175,-74.52702105896664,11.219433363540066,70.1353484384579,73.2076111864573,45.81231715174836,11.3926926797341,33.06906013734999,42.958916995656644,22.606699151970798,-71.68416207572001,36.21724775043647,88.11610191694746,30.894382952644225,46.91624303231296,26.06492626760254,Unattained target,GPSampler,"{'sLegPt.rL0': 36.21724775043647, 'sLegPt.lL0': 33.06906013734999, 'sLegPt.rL1': 88.11610191694746, 'sLegPt.lL1': 42.958916995656644, 'sLegPt.x1': 46.91624303231296, 'sLegPt.y1': 26.06492626760254, 'sLegPt.rA1': -71.68416207572001, 'sLegPt.rL2': 30.894382952644225, 'sLegPt.lL2': 22.606699151970798, 'lLegPt.rL0': 11.219433363540066, 'lLegPt.lL0': 45.27600724943013, 'lLegPt.rL1': 70.1353484384579, 'lLegPt.lL1': 76.83805645343173, 'lLegPt.x1': 45.81231715174836, 'lLegPt.y1': 11.3926926797341, 'lLegPt.rA1': -74.52702105896664, 'lLegPt.rL2': 73.2076111864573, 'lLegPt.lL2': 39.276188575597175}",PRUNED
444,444,6.671421707553009,2026-04-14 15:52:28.687375,2026-04-14 15:52:32.330450,0 days 00:00:03.643075,45.27600724943013,76.83805645343173,39.276188575597175,-74.52702105896664,11.219433363540066,70.1353484384579,73.2076111864573,45.81231715174836,11.3926926797341,33.06906013734999,42.958916995656644,22.606699151970798,-71.68416207572001,36.21724775043647,88.11610191694746,30.894382952644225,46.91624303231296,26.06492626760254,Unattained target,GPSampler,"{'sLegPt.rL0': 36.21724775043647, 'sLegPt.lL0': 33.06906013734999, 'sLegPt.rL1': 88.11610191694746, 'sLegPt.lL1': 42.958916995656644, 'sLegPt.x1': 46.91624303231296, 'sLegPt.y1': 26.06492626760254, 'sLegPt.rA1': -71.68416207572001, 'sLegPt.rL2': 30.894382952644225, 'sLegPt.lL2': 22.606699151970798, 'lLegPt.rL0': 11.219433363540066, 'lLegPt.lL0': 45.27600724943013, 'lLegPt.rL1': 70.1353484384579, 'lLegPt.lL1': 76.83805645343173, 'lLegPt.x1': 45.81231715174836, 'lLegPt.y1': 11.3926926797341, 'lLegPt.rA1': -74.52702105896664, 'lLegPt.rL2': 73.2076111864573, 'lLegPt.lL2': 39.276188575597175}",PRUNED
445,445,7.361421357554114,2026-04-14 15:52:32.500044,2026-04-14 15:52:36.221855,0 days 00:00:03.721811,71.64552124858824,96.87887215558982,85.47394217707524,-34.52921353964017,52.749331737630705,76.76479249013981,83.07636153788597,31.27191992657975,24.332451283397702,78.16420691547967,95.46802461895838,92.47429634701612,-43.168614203982756,45.32093414968339,99.46028137538046,27.23281377444809,32.18949934553189,17.973398543914882,Unattained target,GPSampler,,PRUNED
446,446,7.361421562503725,2026-04-14 15:52:36.387196,2026-04-14 15:52:40.180752,0 days 00:00:03.793556,71.64552124858824,96.87887215558982,85.47394217707524,-34.52921353964017,52.749331737630705,76.76479249013981,83.07636153788597,31.27191992657975,24.332451283397702,78.16420691547967,95.46802461895838,92.47429634701612,-43.168614203982756,45.32093414968339,99.46028137538046,27.23281377444809,32.18949934553189,17.973398543914882,Unattained target,GPSampler,"{'sLegPt.rL0': 45.32093414968339, 'sLegPt.lL0': 78.16420691547967, 'sLegPt.rL1': 99.46028137538046, 'sLegPt.lL1': 95.46802461895838, 'sLegPt.x1': 32.18949934553189, 'sLegPt.y1': 17.973398543914882, 'sLegPt.rA1': -43.168614203982756, 'sLegPt.rL2': 27.23281377444809, 'sLegPt.lL2': 92.47429634701612, 'lLegPt.rL0': 52.749331737630705, 'lLegPt.lL0': 71.64552124858824, 'lLegPt.rL1': 76.76479249013981, 'lLegPt.lL1': 96.87887215558982, 'lLegPt.x1': 31.27191992657975, 'lLegPt.y1': 24.332451283397702, 'lLegPt.rA1': -34.52921353964017, 'lLegPt.rL2': 83.07636153788597, 'lLegPt.lL2': 85.47394217707524}",PRUNED
447,447,7.361421500782516,2026-04-14 15:52:40.308366,2026-04-14 15:52:43.956510,0 days 00:00:03.648144,71.64552124858824,96.87887215558982,85.47394217707524,-34.52921353964017,52.749331737630705,76.76479249013981,83.07636153788597,31.27191992657975,24.332451283397702,78.16420691547967,95.46802461895838,92.47429634701612,-43.168614203982756,45.32093414968339,99.46028137538046,27.23281377444809,32.18949934553189,17.973398543914882,Unattained target,GPSampler,"{'sLegPt.rL0': 45.32093414968339, 'sLegPt.lL0': 78.16420691547967, 'sLegPt.rL1': 99.46028137538046, 'sLegPt.lL1': 95.46802461895838, 'sLegPt.x1': 32.18949934553189, 'sLegPt.y1': 17.973398543914882, 'sLegPt.rA1': -43.168614203982756, 'sLegPt.rL2': 27.23281377444809, 'sLegPt.lL2': 92.47429634701612, 'lLegPt.rL0': 52.749331737630705, 'lLegPt.lL0': 71.64552124858824, 'lLegPt.rL1': 76.76479249013981, 'lLegPt.lL1': 96.87887215558982, 'lLegPt.x1': 31.27191992657975, 'lLegPt.y1': 24.332451283397702, 'lLegPt.rA1': -34.52921353964017, 'lLegPt.rL2': 83.07636153788597, 'lLegPt.lL2': 85.47394217707524}",PRUNED
448,448,5.7673706599880035,2026-04-14 15:52:44.126502,2026-04-14 15:52:49.842301,0 days 00:00:05.715799,15.823507432306972,23.750419269771804,18.323283273999667,-30.144124588667438,46.67496862762666,82.09049061501399,69.81780957351302,38.49418463116131,11.473626743671035,82.45058685778395,44.850771419390625,55.91677368413064,-26.589504420147392,64.63825825339399,18.362270254169047,45.62663047914185,36.214900781688044,10.4556354290694,Unattained target,GPSampler,,PRUNED
449,449,5.767454423622176,2026-04-14 15:52:50.015512,2026-04-14 15:52:56.318585,0 days 00:00:06.303073,15.823507432306972,23.750419269771804,18.323283273999667,-30.144124588667438,46.67496862762666,82.09049061501399,69.81780957351302,38.49418463116131,11.473626743671035,82.45058685778395,44.850771419390625,55.91677368413064,-26.589504420147392,64.63825825339399,18.362270254169047,45.62663047914185,36.214900781688044,10.4556354290694,Unattained target,GPSampler,"{'sLegPt.rL0': 64.63825825339399, 'sLegPt.lL0': 82.45058685778395, 'sLegPt.rL1': 18.362270254169047, 'sLegPt.lL1': 44.850771419390625, 'sLegPt.x1': 36.214900781688044, 'sLegPt.y1': 10.4556354290694, 'sLegPt.rA1': -26.589504420147392, 'sLegPt.rL2': 45.62663047914185, 'sLegPt.lL2': 55.91677368413064, 'lLegPt.rL0': 46.67496862762666, 'lLegPt.lL0': 15.823507432306972, 'lLegPt.rL1': 82.09049061501399, 'lLegPt.lL1': 23.750419269771804, 'lLegPt.x1': 38.49418463116131, 'lLegPt.y1': 11.473626743671035, 'lLegPt.rA1': -30.144124588667438, 'lLegPt.rL2': 69.81780957351302, 'lLegPt.lL2': 18.323283273999667}",PRUNED
450,450,5.767463792338511,2026-04-14 15:52:56.486234,2026-04-14 15:53:02.561001,0 days 00:00:06.074767,15.823507432306972,23.750419269771804,18.323283273999667,-30.144124588667438,46.67496862762666,82.09049061501399,69.81780957351302,38.49418463116131,11.473626743671035,82.45058685778395,44.850771419390625,55.91677368413064,-26.589504420147392,64.63825825339399,18.362270254169047,45.62663047914185,36.214900781688044,10.4556354290694,Unattained target,GPSampler,"{'sLegPt.rL0': 64.63825825339399, 'sLegPt.lL0': 82.45058685778395, 'sLegPt.rL1': 18.362270254169047, 'sLegPt.lL1': 44.850771419390625, 'sLegPt.x1': 36.214900781688044, 'sLegPt.y1': 10.4556354290694, 'sLegPt.rA1': -26.589504420147392, 'sLegPt.rL2': 45.62663047914185, 'sLegPt.lL2': 55.91677368413064, 'lLegPt.rL0': 46.67496862762666, 'lLegPt.lL0': 15.823507432306972, 'lLegPt.rL1': 82.09049061501399, 'lLegPt.lL1': 23.750419269771804, 'lLegPt.x1': 38.49418463116131, 'lLegPt.y1': 11.473626743671035, 'lLegPt.rA1': -30.144124588667438, 'lLegPt.rL2': 69.81780957351302, 'lLegPt.lL2': 18.323283273999667}",PRUNED
451,451,9.440208493115591,2026-04-14 15:53:02.713050,2026-04-14 15:53:06.468975,0 days 00:00:03.755925,40.768420246437,80.91149979291202,47.790357466680526,-34.77889867354542,97.9324384209891,28.68301784256396,55.99958047113214,39.88485475958244,25.014528558876883,92.90507606622192,66.04400699505307,99.39956645779525,-51.9466365467045,95.01611179102916,34.774777415311625,56.00098747791769,34.25879438484314,19.369653581221314,Unattained target,GPSampler,,PRUNED
452,452,9.440208513172287,2026-04-14 15:53:06.597289,2026-04-14 15:53:10.262588,0 days 00:00:03.665299,40.768420246437,80.91149979291202,47.790357466680526,-34.77889867354542,97.9324384209891,28.68301784256396,55.99958047113214,39.88485475958244,25.014528558876883,92.90507606622192,66.04400699505307,99.39956645779525,-51.9466365467045,95.01611179102916,34.774777415311625,56.00098747791769,34.25879438484314,19.369653581221314,Unattained target,GPSampler,"{'sLegPt.rL0': 95.01611179102916, 'sLegPt.lL0': 92.90507606622192, 'sLegPt.rL1': 34.774777415311625, 'sLegPt.lL1': 66.04400699505307, 'sLegPt.x1': 34.25879438484314, 'sLegPt.y1': 19.369653581221314, 'sLegPt.rA1': -51.9466365467045, 'sLegPt.rL2': 56.00098747791769, 'sLegPt.lL2': 99.39956645779525, 'lLegPt.rL0': 97.9324384209891, 'lLegPt.lL0': 40.768420246437, 'lLegPt.rL1': 28.68301784256396, 'lLegPt.lL1': 80.91149979291202, 'lLegPt.x1': 39.88485475958244, 'lLegPt.y1': 25.014528558876883, 'lLegPt.rA1': -34.77889867354542, 'lLegPt.rL2': 55.99958047113214, 'lLegPt.lL2': 47.790357466680526}",PRUNED
453,453,9.440208657250594,2026-04-14 15:53:10.431473,2026-04-14 15:53:14.226816,0 days 00:00:03.795343,40.768420246437,80.91149979291202,47.790357466680526,-34.77889867354542,97.9324384209891,28.68301784256396,55.99958047113214,39.88485475958244,25.014528558876883,92.90507606622192,66.04400699505307,99.39956645779525,-51.9466365467045,95.01611179102916,34.774777415311625,56.00098747791769,34.25879438484314,19.369653581221314,Unattained target,GPSampler,"{'sLegPt.rL0': 95.01611179102916, 'sLegPt.lL0': 92.90507606622192, 'sLegPt.rL1': 34.774777415311625, 'sLegPt.lL1': 66.04400699505307, 'sLegPt.x1': 34.25879438484314, 'sLegPt.y1': 19.369653581221314, 'sLegPt.rA1': -51.9466365467045, 'sLegPt.rL2': 56.00098747791769, 'sLegPt.lL2': 99.39956645779525, 'lLegPt.rL0': 97.9324384209891, 'lLegPt.lL0': 40.768420246437, 'lLegPt.rL1': 28.68301784256396, 'lLegPt.lL1': 80.91149979291202, 'lLegPt.x1': 39.88485475958244, 'lLegPt.y1': 25.014528558876883, 'lLegPt.rA1': -34.77889867354542, 'lLegPt.rL2': 55.99958047113214, 'lLegPt.lL2': 47.790357466680526}",PRUNED
454,454,5.250248169589163,2026-04-14 15:53:14.386008,2026-04-14 15:53:18.532948,0 days 00:00:04.146940,72.58622965754063,62.20589543052638,11.29485375218831,-47.82953603540793,53.351867387061944,78.65513453674562,39.68334111505786,35.56264761204967,22.575284597672187,90.71894810238251,71.36478936820743,17.855537525473732,-25.01800357553295,28.139875232761323,13.928023991357344,24.65124030380809,49.10830774171825,16.767996301442537,Unattained target,GPSampler,,PRUNED
455,455,5.250248980748054,2026-04-14 15:53:18.697022,2026-04-14 15:53:22.696854,0 days 00:00:03.999832,72.58622965754063,62.20589543052638,11.29485375218831,-47.82953603540793,53.351867387061944,78.65513453674562,39.68334111505786,35.56264761204967,22.575284597672187,90.71894810238251,71.36478936820743,17.855537525473732,-25.01800357553295,28.139875232761323,13.928023991357344,24.65124030380809,49.10830774171825,16.767996301442537,Unattained target,GPSampler,"{'sLegPt.rL0': 28.139875232761323, 'sLegPt.lL0': 90.71894810238251, 'sLegPt.rL1': 13.928023991357344, 'sLegPt.lL1': 71.36478936820743, 'sLegPt.x1': 49.10830774171825, 'sLegPt.y1': 16.767996301442537, 'sLegPt.rA1': -25.01800357553295, 'sLegPt.rL2': 24.65124030380809, 'sLegPt.lL2': 17.855537525473732, 'lLegPt.rL0': 53.351867387061944, 'lLegPt.lL0': 72.58622965754063, 'lLegPt.rL1': 78.65513453674562, 'lLegPt.lL1': 62.20589543052638, 'lLegPt.x1': 35.56264761204967, 'lLegPt.y1': 22.575284597672187, 'lLegPt.rA1': -47.82953603540793, 'lLegPt.rL2': 39.68334111505786, 'lLegPt.lL2': 11.29485375218831}",PRUNED
456,456,5.250249848388513,2026-04-14 15:53:22.844070,2026-04-14 15:53:26.742865,0 days 00:00:03.898795,72.58622965754063,62.20589543052638,11.29485375218831,-47.82953603540793,53.351867387061944,78.65513453674562,39.68334111505786,35.56264761204967,22.575284597672187,90.71894810238251,71.36478936820743,17.855537525473732,-25.01800357553295,28.139875232761323,13.928023991357344,24.65124030380809,49.10830774171825,16.767996301442537,Unattained target,GPSampler,"{'sLegPt.rL0': 28.139875232761323, 'sLegPt.lL0': 90.71894810238251, 'sLegPt.rL1': 13.928023991357344, 'sLegPt.lL1': 71.36478936820743, 'sLegPt.x1': 49.10830774171825, 'sLegPt.y1': 16.767996301442537, 'sLegPt.rA1': -25.01800357553295, 'sLegPt.rL2': 24.65124030380809, 'sLegPt.lL2': 17.855537525473732, 'lLegPt.rL0': 53.351867387061944, 'lLegPt.lL0': 72.58622965754063, 'lLegPt.rL1': 78.65513453674562, 'lLegPt.lL1': 62.20589543052638, 'lLegPt.x1': 35.56264761204967, 'lLegPt.y1': 22.575284597672187, 'lLegPt.rA1': -47.82953603540793, 'lLegPt.rL2': 39.68334111505786, 'lLegPt.lL2': 11.29485375218831}",PRUNED
457,457,5.287391147501712,2026-04-14 15:53:26.897040,2026-04-14 15:53:30.564879,0 days 00:00:03.667839,79.58523497937983,32.804909550056585,45.33817887424111,-20.117964858921432,87.44837230630561,84.09001826308386,86.82298053101269,36.630888622435315,23.45425117483707,70.51235579848974,58.91550387638631,76.68046660018325,-62.1547410317426,40.50951896363018,24.612512168394428,41.3381343553559,43.38791871653298,20.184578390162667,Unattained target,GPSampler,,PRUNED
458,458,5.2873912441021105,2026-04-14 15:53:30.734998,2026-04-14 15:53:34.701858,0 days 00:00:03.966860,79.58523497937983,32.804909550056585,45.33817887424111,-20.117964858921432,87.44837230630561,84.09001826308386,86.82298053101269,36.630888622435315,23.45425117483707,70.51235579848974,58.91550387638631,76.68046660018325,-62.1547410317426,40.50951896363018,24.612512168394428,41.3381343553559,43.38791871653298,20.184578390162667,Unattained target,GPSampler,"{'sLegPt.rL0': 40.50951896363018, 'sLegPt.lL0': 70.51235579848974, 'sLegPt.rL1': 24.612512168394428, 'sLegPt.lL1': 58.91550387638631, 'sLegPt.x1': 43.38791871653298, 'sLegPt.y1': 20.184578390162667, 'sLegPt.rA1': -62.1547410317426, 'sLegPt.rL2': 41.3381343553559, 'sLegPt.lL2': 76.68046660018325, 'lLegPt.rL0': 87.44837230630561, 'lLegPt.lL0': 79.58523497937983, 'lLegPt.rL1': 84.09001826308386, 'lLegPt.lL1': 32.804909550056585, 'lLegPt.x1': 36.630888622435315, 'lLegPt.y1': 23.45425117483707, 'lLegPt.rA1': -20.117964858921432, 'lLegPt.rL2': 86.82298053101269, 'lLegPt.lL2': 45.33817887424111}",PRUNED
459,459,5.28739116724422,2026-04-14 15:53:34.853560,2026-04-14 15:53:38.494454,0 days 00:00:03.640894,79.58523497937983,32.804909550056585,45.33817887424111,-20.117964858921432,87.44837230630561,84.09001826308386,86.82298053101269,36.630888622435315,23.45425117483707,70.51235579848974,58.91550387638631,76.68046660018325,-62.1547410317426,40.50951896363018,24.612512168394428,41.3381343553559,43.38791871653298,20.184578390162667,Unattained target,GPSampler,"{'sLegPt.rL0': 40.50951896363018, 'sLegPt.lL0': 70.51235579848974, 'sLegPt.rL1': 24.612512168394428, 'sLegPt.lL1': 58.91550387638631, 'sLegPt.x1': 43.38791871653298, 'sLegPt.y1': 20.184578390162667, 'sLegPt.rA1': -62.1547410317426, 'sLegPt.rL2': 41.3381343553559, 'sLegPt.lL2': 76.68046660018325, 'lLegPt.rL0': 87.44837230630561, 'lLegPt.lL0': 79.58523497937983, 'lLegPt.rL1': 84.09001826308386, 'lLegPt.lL1': 32.804909550056585, 'lLegPt.x1': 36.630888622435315, 'lLegPt.y1': 23.45425117483707, 'lLegPt.rA1': -20.117964858921432, 'lLegPt.rL2': 86.82298053101269, 'lLegPt.lL2': 45.33817887424111}",PRUNED
460,460,9.514163163560525,2026-04-14 15:53:38.639676,2026-04-14 15:53:42.322572,0 days 00:00:03.682896,73.39336756000888,84.50482702101131,45.88672187294515,-26.465707054124742,96.5224161878793,77.61355292570946,46.28929828612979,48.093239185202776,16.37479337951267,76.4885383926092,71.26020456065416,25.522525491630898,-54.79073630469401,61.85147252297119,41.54369193555779,59.846131510263604,40.140969910633075,26.548666631497284,Unattained target,GPSampler,,PRUNED
