,number,value,datetime_start,datetime_complete,duration,params_lLegPt.lL0,params_lLegPt.lL1,params_lLegPt.lL2,params_lLegPt.rA1,params_lLegPt.rL0,params_lLegPt.rL1,params_lLegPt.rL2,params_lLegPt.x1,params_lLegPt.y1,params_sLegPt.lL0,params_sLegPt.lL1,params_sLegPt.lL2,params_sLegPt.rA1,params_sLegPt.rL0,params_sLegPt.rL1,params_sLegPt.rL2,params_sLegPt.x1,params_sLegPt.y1,user_attrs_prune,system_attrs_auto:sampler,system_attrs_fixed_params,state
220,220,7.667918971284195,2026-04-14 15:35:10.108365,2026-04-14 15:35:14.381061,0 days 00:00:04.272696,95.56388974629033,14.579406992323985,91.22898704984826,-46.17716578429333,79.83140315302109,29.02450331184512,73.15227250376448,30.868396697437714,23.593664647568108,84.73856344029208,53.11579625024295,62.19458169157923,-78.8297741104352,54.41881459354648,97.9282891946254,46.12556300330287,37.225708458002266,19.358266514416073,Unattained target,GPSampler,"{'sLegPt.rL0': 54.41881459354648, 'sLegPt.lL0': 84.73856344029208, 'sLegPt.rL1': 97.9282891946254, 'sLegPt.lL1': 53.11579625024295, 'sLegPt.x1': 37.225708458002266, 'sLegPt.y1': 19.358266514416073, 'sLegPt.rA1': -78.8297741104352, 'sLegPt.rL2': 46.12556300330287, 'sLegPt.lL2': 62.19458169157923, 'lLegPt.rL0': 79.83140315302109, 'lLegPt.lL0': 95.56388974629033, 'lLegPt.rL1': 29.02450331184512, 'lLegPt.lL1': 14.579406992323985, 'lLegPt.x1': 30.868396697437714, 'lLegPt.y1': 23.593664647568108, 'lLegPt.rA1': -46.17716578429333, 'lLegPt.rL2': 73.15227250376448, 'lLegPt.lL2': 91.22898704984826}",PRUNED
221,221,7.667916310492963,2026-04-14 15:35:14.546999,2026-04-14 15:35:19.198078,0 days 00:00:04.651079,95.56388974629033,14.579406992323985,91.22898704984826,-46.17716578429333,79.83140315302109,29.02450331184512,73.15227250376448,30.868396697437714,23.593664647568108,84.73856344029208,53.11579625024295,62.19458169157923,-78.8297741104352,54.41881459354648,97.9282891946254,46.12556300330287,37.225708458002266,19.358266514416073,Unattained target,GPSampler,"{'sLegPt.rL0': 54.41881459354648, 'sLegPt.lL0': 84.73856344029208, 'sLegPt.rL1': 97.9282891946254, 'sLegPt.lL1': 53.11579625024295, 'sLegPt.x1': 37.225708458002266, 'sLegPt.y1': 19.358266514416073, 'sLegPt.rA1': -78.8297741104352, 'sLegPt.rL2': 46.12556300330287, 'sLegPt.lL2': 62.19458169157923, 'lLegPt.rL0': 79.83140315302109, 'lLegPt.lL0': 95.56388974629033, 'lLegPt.rL1': 29.02450331184512, 'lLegPt.lL1': 14.579406992323985, 'lLegPt.x1': 30.868396697437714, 'lLegPt.y1': 23.593664647568108, 'lLegPt.rA1': -46.17716578429333, 'lLegPt.rL2': 73.15227250376448, 'lLegPt.lL2': 91.22898704984826}",PRUNED
222,222,11.530913289037613,2026-04-14 15:35:19.388457,2026-04-14 15:35:23.897869,0 days 00:00:04.509412,47.595955277389734,98.54927163366928,33.205876798556346,-52.70553056662353,18.902059805768822,84.5021436613012,12.453284941542055,35.23855964135849,20.9099173786469,19.50013224141692,81.23871716302058,75.43037166449872,-75.08120466424542,34.379784605550185,40.872664363987916,58.919601363597266,32.32306881845964,19.644830089730316,Unattained target,GPSampler,,PRUNED
223,223,11.53091226319205,2026-04-14 15:35:24.114198,2026-04-14 15:35:28.529627,0 days 00:00:04.415429,47.595955277389734,98.54927163366928,33.205876798556346,-52.70553056662353,18.902059805768822,84.5021436613012,12.453284941542055,35.23855964135849,20.9099173786469,19.50013224141692,81.23871716302058,75.43037166449872,-75.08120466424542,34.379784605550185,40.872664363987916,58.919601363597266,32.32306881845964,19.644830089730316,Unattained target,GPSampler,"{'sLegPt.rL0': 34.379784605550185, 'sLegPt.lL0': 19.50013224141692, 'sLegPt.rL1': 40.872664363987916, 'sLegPt.lL1': 81.23871716302058, 'sLegPt.x1': 32.32306881845964, 'sLegPt.y1': 19.644830089730316, 'sLegPt.rA1': -75.08120466424542, 'sLegPt.rL2': 58.919601363597266, 'sLegPt.lL2': 75.43037166449872, 'lLegPt.rL0': 18.902059805768822, 'lLegPt.lL0': 47.595955277389734, 'lLegPt.rL1': 84.5021436613012, 'lLegPt.lL1': 98.54927163366928, 'lLegPt.x1': 35.23855964135849, 'lLegPt.y1': 20.9099173786469, 'lLegPt.rA1': -52.70553056662353, 'lLegPt.rL2': 12.453284941542055, 'lLegPt.lL2': 33.205876798556346}",PRUNED
224,224,11.530913948094565,2026-04-14 15:35:28.713094,2026-04-14 15:35:33.106395,0 days 00:00:04.393301,47.595955277389734,98.54927163366928,33.205876798556346,-52.70553056662353,18.902059805768822,84.5021436613012,12.453284941542055,35.23855964135849,20.9099173786469,19.50013224141692,81.23871716302058,75.43037166449872,-75.08120466424542,34.379784605550185,40.872664363987916,58.919601363597266,32.32306881845964,19.644830089730316,Unattained target,GPSampler,"{'sLegPt.rL0': 34.379784605550185, 'sLegPt.lL0': 19.50013224141692, 'sLegPt.rL1': 40.872664363987916, 'sLegPt.lL1': 81.23871716302058, 'sLegPt.x1': 32.32306881845964, 'sLegPt.y1': 19.644830089730316, 'sLegPt.rA1': -75.08120466424542, 'sLegPt.rL2': 58.919601363597266, 'sLegPt.lL2': 75.43037166449872, 'lLegPt.rL0': 18.902059805768822, 'lLegPt.lL0': 47.595955277389734, 'lLegPt.rL1': 84.5021436613012, 'lLegPt.lL1': 98.54927163366928, 'lLegPt.x1': 35.23855964135849, 'lLegPt.y1': 20.9099173786469, 'lLegPt.rA1': -52.70553056662353, 'lLegPt.rL2': 12.453284941542055, 'lLegPt.lL2': 33.205876798556346}",PRUNED
225,225,0.07437219453051824,2026-04-14 15:35:33.268002,2026-04-14 15:35:44.874857,0 days 00:00:11.606855,54.77933713668796,75.42812161778721,70.77416857028147,-23.26172190448633,62.03237724407281,58.747427162567405,41.03176407262647,43.28587661465688,16.64682432900643,90.36811942426291,38.31123457439941,41.867381158087916,-64.12102643001572,28.347216551770288,33.29916474660244,43.27172443822791,45.015761350678176,23.122763548427656,,GPSampler,,COMPLETE
226,226,5.362233817077858,2026-04-14 15:35:45.623447,2026-04-14 15:35:49.944510,0 days 00:00:04.321063,77.98767367939357,98.35110562501214,35.43649439009194,-25.2240907234753,47.82708037353245,20.714328950313423,80.09617028145794,42.99425322562492,22.826982668752372,56.56626104269362,81.97763364903261,44.36531205837355,-40.20899701770966,51.827637360956,83.4789590071792,21.733697973319366,37.191090057172666,19.54868683018301,Unattained target,GPSampler,,PRUNED
227,227,5.362233799087058,2026-04-14 15:35:50.107995,2026-04-14 15:35:54.254714,0 days 00:00:04.146719,77.98767367939357,98.35110562501214,35.43649439009194,-25.2240907234753,47.82708037353245,20.714328950313423,80.09617028145794,42.99425322562492,22.826982668752372,56.56626104269362,81.97763364903261,44.36531205837355,-40.20899701770966,51.827637360956,83.4789590071792,21.733697973319366,37.191090057172666,19.54868683018301,Unattained target,GPSampler,"{'sLegPt.rL0': 51.827637360956, 'sLegPt.lL0': 56.56626104269362, 'sLegPt.rL1': 83.4789590071792, 'sLegPt.lL1': 81.97763364903261, 'sLegPt.x1': 37.191090057172666, 'sLegPt.y1': 19.54868683018301, 'sLegPt.rA1': -40.20899701770966, 'sLegPt.rL2': 21.733697973319366, 'sLegPt.lL2': 44.36531205837355, 'lLegPt.rL0': 47.82708037353245, 'lLegPt.lL0': 77.98767367939357, 'lLegPt.rL1': 20.714328950313423, 'lLegPt.lL1': 98.35110562501214, 'lLegPt.x1': 42.99425322562492, 'lLegPt.y1': 22.826982668752372, 'lLegPt.rA1': -25.2240907234753, 'lLegPt.rL2': 80.09617028145794, 'lLegPt.lL2': 35.43649439009194}",PRUNED
228,228,5.36223371390604,2026-04-14 15:35:54.454425,2026-04-14 15:35:58.793784,0 days 00:00:04.339359,77.98767367939357,98.35110562501214,35.43649439009194,-25.2240907234753,47.82708037353245,20.714328950313423,80.09617028145794,42.99425322562492,22.826982668752372,56.56626104269362,81.97763364903261,44.36531205837355,-40.20899701770966,51.827637360956,83.4789590071792,21.733697973319366,37.191090057172666,19.54868683018301,Unattained target,GPSampler,"{'sLegPt.rL0': 51.827637360956, 'sLegPt.lL0': 56.56626104269362, 'sLegPt.rL1': 83.4789590071792, 'sLegPt.lL1': 81.97763364903261, 'sLegPt.x1': 37.191090057172666, 'sLegPt.y1': 19.54868683018301, 'sLegPt.rA1': -40.20899701770966, 'sLegPt.rL2': 21.733697973319366, 'sLegPt.lL2': 44.36531205837355, 'lLegPt.rL0': 47.82708037353245, 'lLegPt.lL0': 77.98767367939357, 'lLegPt.rL1': 20.714328950313423, 'lLegPt.lL1': 98.35110562501214, 'lLegPt.x1': 42.99425322562492, 'lLegPt.y1': 22.826982668752372, 'lLegPt.rA1': -25.2240907234753, 'lLegPt.rL2': 80.09617028145794, 'lLegPt.lL2': 35.43649439009194}",PRUNED
229,229,5.91244611444764,2026-04-14 15:35:58.962981,2026-04-14 15:36:03.118348,0 days 00:00:04.155367,95.0777713715887,28.876601279738168,64.65484597141244,-46.64498406379045,22.039141377063658,70.94956941845982,25.91221956316081,34.006288255155944,21.32990873417395,14.830899688297979,45.26051296509658,81.41050502231217,-53.4174392518102,56.62405197805109,87.46953744505726,37.67205713533315,30.26739665325158,26.59223470632838,Unattained target,GPSampler,,PRUNED
230,230,5.91244614713516,2026-04-14 15:36:03.313231,2026-04-14 15:36:07.432440,0 days 00:00:04.119209,95.0777713715887,28.876601279738168,64.65484597141244,-46.64498406379045,22.039141377063658,70.94956941845982,25.91221956316081,34.006288255155944,21.32990873417395,14.830899688297979,45.26051296509658,81.41050502231217,-53.4174392518102,56.62405197805109,87.46953744505726,37.67205713533315,30.26739665325158,26.59223470632838,Unattained target,GPSampler,"{'sLegPt.rL0': 56.62405197805109, 'sLegPt.lL0': 14.830899688297979, 'sLegPt.rL1': 87.46953744505726, 'sLegPt.lL1': 45.26051296509658, 'sLegPt.x1': 30.26739665325158, 'sLegPt.y1': 26.59223470632838, 'sLegPt.rA1': -53.4174392518102, 'sLegPt.rL2': 37.67205713533315, 'sLegPt.lL2': 81.41050502231217, 'lLegPt.rL0': 22.039141377063658, 'lLegPt.lL0': 95.0777713715887, 'lLegPt.rL1': 70.94956941845982, 'lLegPt.lL1': 28.876601279738168, 'lLegPt.x1': 34.006288255155944, 'lLegPt.y1': 21.32990873417395, 'lLegPt.rA1': -46.64498406379045, 'lLegPt.rL2': 25.91221956316081, 'lLegPt.lL2': 64.65484597141244}",PRUNED
231,231,5.912446280883035,2026-04-14 15:36:07.614614,2026-04-14 15:36:11.776639,0 days 00:00:04.162025,95.0777713715887,28.876601279738168,64.65484597141244,-46.64498406379045,22.039141377063658,70.94956941845982,25.91221956316081,34.006288255155944,21.32990873417395,14.830899688297979,45.26051296509658,81.41050502231217,-53.4174392518102,56.62405197805109,87.46953744505726,37.67205713533315,30.26739665325158,26.59223470632838,Unattained target,GPSampler,"{'sLegPt.rL0': 56.62405197805109, 'sLegPt.lL0': 14.830899688297979, 'sLegPt.rL1': 87.46953744505726, 'sLegPt.lL1': 45.26051296509658, 'sLegPt.x1': 30.26739665325158, 'sLegPt.y1': 26.59223470632838, 'sLegPt.rA1': -53.4174392518102, 'sLegPt.rL2': 37.67205713533315, 'sLegPt.lL2': 81.41050502231217, 'lLegPt.rL0': 22.039141377063658, 'lLegPt.lL0': 95.0777713715887, 'lLegPt.rL1': 70.94956941845982, 'lLegPt.lL1': 28.876601279738168, 'lLegPt.x1': 34.006288255155944, 'lLegPt.y1': 21.32990873417395, 'lLegPt.rA1': -46.64498406379045, 'lLegPt.rL2': 25.91221956316081, 'lLegPt.lL2': 64.65484597141244}",PRUNED
232,232,5.703063313300589,2026-04-14 15:36:11.956262,2026-04-14 15:36:19.632861,0 days 00:00:07.676599,47.1889459812964,24.380737409462924,61.879475544115756,-31.221497807492767,53.37192922648535,21.985337343787265,69.0575638955763,34.480421026242254,28.32864327186623,94.00122613193854,39.51605430142144,79.52857371274666,-31.092119134470146,25.765985728266923,87.90830437204238,55.106453259742864,34.73408546799787,23.807081321069823,Unattained target,GPSampler,,PRUNED
233,233,5.71404468957823,2026-04-14 15:36:19.776150,2026-04-14 15:36:27.294737,0 days 00:00:07.518587,47.1889459812964,24.380737409462924,61.879475544115756,-31.221497807492767,53.37192922648535,21.985337343787265,69.0575638955763,34.480421026242254,28.32864327186623,94.00122613193854,39.51605430142144,79.52857371274666,-31.092119134470146,25.765985728266923,87.90830437204238,55.106453259742864,34.73408546799787,23.807081321069823,Unattained target,GPSampler,"{'sLegPt.rL0': 25.765985728266923, 'sLegPt.lL0': 94.00122613193854, 'sLegPt.rL1': 87.90830437204238, 'sLegPt.lL1': 39.51605430142144, 'sLegPt.x1': 34.73408546799787, 'sLegPt.y1': 23.807081321069823, 'sLegPt.rA1': -31.092119134470146, 'sLegPt.rL2': 55.106453259742864, 'sLegPt.lL2': 79.52857371274666, 'lLegPt.rL0': 53.37192922648535, 'lLegPt.lL0': 47.1889459812964, 'lLegPt.rL1': 21.985337343787265, 'lLegPt.lL1': 24.380737409462924, 'lLegPt.x1': 34.480421026242254, 'lLegPt.y1': 28.32864327186623, 'lLegPt.rA1': -31.221497807492767, 'lLegPt.rL2': 69.0575638955763, 'lLegPt.lL2': 61.879475544115756}",PRUNED
234,234,5.70373586543549,2026-04-14 15:36:27.430209,2026-04-14 15:36:34.800474,0 days 00:00:07.370265,47.1889459812964,24.380737409462924,61.879475544115756,-31.221497807492767,53.37192922648535,21.985337343787265,69.0575638955763,34.480421026242254,28.32864327186623,94.00122613193854,39.51605430142144,79.52857371274666,-31.092119134470146,25.765985728266923,87.90830437204238,55.106453259742864,34.73408546799787,23.807081321069823,Unattained target,GPSampler,"{'sLegPt.rL0': 25.765985728266923, 'sLegPt.lL0': 94.00122613193854, 'sLegPt.rL1': 87.90830437204238, 'sLegPt.lL1': 39.51605430142144, 'sLegPt.x1': 34.73408546799787, 'sLegPt.y1': 23.807081321069823, 'sLegPt.rA1': -31.092119134470146, 'sLegPt.rL2': 55.106453259742864, 'sLegPt.lL2': 79.52857371274666, 'lLegPt.rL0': 53.37192922648535, 'lLegPt.lL0': 47.1889459812964, 'lLegPt.rL1': 21.985337343787265, 'lLegPt.lL1': 24.380737409462924, 'lLegPt.x1': 34.480421026242254, 'lLegPt.y1': 28.32864327186623, 'lLegPt.rA1': -31.221497807492767, 'lLegPt.rL2': 69.0575638955763, 'lLegPt.lL2': 61.879475544115756}",PRUNED
235,235,6.640161732819664,2026-04-14 15:36:34.922072,2026-04-14 15:36:38.822239,0 days 00:00:03.900167,14.847393176330222,35.15744557527444,63.43053916616074,-38.89447819794873,61.83618408351761,26.317370596253348,86.75673530961366,43.767813148253126,12.43200610299807,73.5484763738841,58.91393466136895,55.02202886737114,-27.14755639416633,68.54926747772195,13.821715705240235,27.191791205147123,38.632725886298076,12.982651420924714,Unattained target,GPSampler,,PRUNED
236,236,6.640160699276045,2026-04-14 15:36:38.972321,2026-04-14 15:36:43.370082,0 days 00:00:04.397761,14.847393176330222,35.15744557527444,63.43053916616074,-38.89447819794873,61.83618408351761,26.317370596253348,86.75673530961366,43.767813148253126,12.43200610299807,73.5484763738841,58.91393466136895,55.02202886737114,-27.14755639416633,68.54926747772195,13.821715705240235,27.191791205147123,38.632725886298076,12.982651420924714,Unattained target,GPSampler,"{'sLegPt.rL0': 68.54926747772195, 'sLegPt.lL0': 73.5484763738841, 'sLegPt.rL1': 13.821715705240235, 'sLegPt.lL1': 58.91393466136895, 'sLegPt.x1': 38.632725886298076, 'sLegPt.y1': 12.982651420924714, 'sLegPt.rA1': -27.14755639416633, 'sLegPt.rL2': 27.191791205147123, 'sLegPt.lL2': 55.02202886737114, 'lLegPt.rL0': 61.83618408351761, 'lLegPt.lL0': 14.847393176330222, 'lLegPt.rL1': 26.317370596253348, 'lLegPt.lL1': 35.15744557527444, 'lLegPt.x1': 43.767813148253126, 'lLegPt.y1': 12.43200610299807, 'lLegPt.rA1': -38.89447819794873, 'lLegPt.rL2': 86.75673530961366, 'lLegPt.lL2': 63.43053916616074}",PRUNED
237,237,6.6401601507298835,2026-04-14 15:36:43.520254,2026-04-14 15:36:48.004538,0 days 00:00:04.484284,14.847393176330222,35.15744557527444,63.43053916616074,-38.89447819794873,61.83618408351761,26.317370596253348,86.75673530961366,43.767813148253126,12.43200610299807,73.5484763738841,58.91393466136895,55.02202886737114,-27.14755639416633,68.54926747772195,13.821715705240235,27.191791205147123,38.632725886298076,12.982651420924714,Unattained target,GPSampler,"{'sLegPt.rL0': 68.54926747772195, 'sLegPt.lL0': 73.5484763738841, 'sLegPt.rL1': 13.821715705240235, 'sLegPt.lL1': 58.91393466136895, 'sLegPt.x1': 38.632725886298076, 'sLegPt.y1': 12.982651420924714, 'sLegPt.rA1': -27.14755639416633, 'sLegPt.rL2': 27.191791205147123, 'sLegPt.lL2': 55.02202886737114, 'lLegPt.rL0': 61.83618408351761, 'lLegPt.lL0': 14.847393176330222, 'lLegPt.rL1': 26.317370596253348, 'lLegPt.lL1': 35.15744557527444, 'lLegPt.x1': 43.767813148253126, 'lLegPt.y1': 12.43200610299807, 'lLegPt.rA1': -38.89447819794873, 'lLegPt.rL2': 86.75673530961366, 'lLegPt.lL2': 63.43053916616074}",PRUNED
238,238,11.485214588149944,2026-04-14 15:36:48.148882,2026-04-14 15:36:52.936994,0 days 00:00:04.788112,35.196365399021005,92.97301217199185,40.317681280004145,-53.04465215644366,92.7889257712623,38.76064284629726,50.89533666199082,43.971634296897406,24.381288269809993,10.238904002487239,93.98357161371845,80.68959756955553,-76.38739751961973,21.770574881287615,10.048095272986625,49.27554659330228,36.88495576376788,24.797690318885596,Unattained target,GPSampler,,PRUNED
239,239,11.485215691719787,2026-04-14 15:36:53.085203,2026-04-14 15:36:57.515101,0 days 00:00:04.429898,35.196365399021005,92.97301217199185,40.317681280004145,-53.04465215644366,92.7889257712623,38.76064284629726,50.89533666199082,43.971634296897406,24.381288269809993,10.238904002487239,93.98357161371845,80.68959756955553,-76.38739751961973,21.770574881287615,10.048095272986625,49.27554659330228,36.88495576376788,24.797690318885596,Unattained target,GPSampler,"{'sLegPt.rL0': 21.770574881287615, 'sLegPt.lL0': 10.238904002487239, 'sLegPt.rL1': 10.048095272986625, 'sLegPt.lL1': 93.98357161371845, 'sLegPt.x1': 36.88495576376788, 'sLegPt.y1': 24.797690318885596, 'sLegPt.rA1': -76.38739751961973, 'sLegPt.rL2': 49.27554659330228, 'sLegPt.lL2': 80.68959756955553, 'lLegPt.rL0': 92.7889257712623, 'lLegPt.lL0': 35.196365399021005, 'lLegPt.rL1': 38.76064284629726, 'lLegPt.lL1': 92.97301217199185, 'lLegPt.x1': 43.971634296897406, 'lLegPt.y1': 24.381288269809993, 'lLegPt.rA1': -53.04465215644366, 'lLegPt.rL2': 50.89533666199082, 'lLegPt.lL2': 40.317681280004145}",PRUNED
240,240,11.485214499987634,2026-04-14 15:36:57.648906,2026-04-14 15:37:01.720561,0 days 00:00:04.071655,35.196365399021005,92.97301217199185,40.317681280004145,-53.04465215644366,92.7889257712623,38.76064284629726,50.89533666199082,43.971634296897406,24.381288269809993,10.238904002487239,93.98357161371845,80.68959756955553,-76.38739751961973,21.770574881287615,10.048095272986625,49.27554659330228,36.88495576376788,24.797690318885596,Unattained target,GPSampler,"{'sLegPt.rL0': 21.770574881287615, 'sLegPt.lL0': 10.238904002487239, 'sLegPt.rL1': 10.048095272986625, 'sLegPt.lL1': 93.98357161371845, 'sLegPt.x1': 36.88495576376788, 'sLegPt.y1': 24.797690318885596, 'sLegPt.rA1': -76.38739751961973, 'sLegPt.rL2': 49.27554659330228, 'sLegPt.lL2': 80.68959756955553, 'lLegPt.rL0': 92.7889257712623, 'lLegPt.lL0': 35.196365399021005, 'lLegPt.rL1': 38.76064284629726, 'lLegPt.lL1': 92.97301217199185, 'lLegPt.x1': 43.971634296897406, 'lLegPt.y1': 24.381288269809993, 'lLegPt.rA1': -53.04465215644366, 'lLegPt.rL2': 50.89533666199082, 'lLegPt.lL2': 40.317681280004145}",PRUNED
241,241,5.033406774494971,2026-04-14 15:37:01.872605,2026-04-14 15:37:08.884080,0 days 00:00:07.011475,72.11648661578658,11.027139469797355,25.908909783475035,-78.31932098799216,66.17053110538043,35.00231940725484,24.215942373402683,39.47172285050788,11.43207887681422,19.729157288473722,82.09299636497826,28.193437607716966,-44.242437508696575,45.464347587142264,81.96158416548884,66.87606082069007,35.65661617691708,22.268127257840035,Unattained target,GPSampler,,PRUNED
242,242,5.033289500612106,2026-04-14 15:37:09.038045,2026-04-14 15:37:15.616669,0 days 00:00:06.578624,72.11648661578658,11.027139469797355,25.908909783475035,-78.31932098799216,66.17053110538043,35.00231940725484,24.215942373402683,39.47172285050788,11.43207887681422,19.729157288473722,82.09299636497826,28.193437607716966,-44.242437508696575,45.464347587142264,81.96158416548884,66.87606082069007,35.65661617691708,22.268127257840035,Unattained target,GPSampler,"{'sLegPt.rL0': 45.464347587142264, 'sLegPt.lL0': 19.729157288473722, 'sLegPt.rL1': 81.96158416548884, 'sLegPt.lL1': 82.09299636497826, 'sLegPt.x1': 35.65661617691708, 'sLegPt.y1': 22.268127257840035, 'sLegPt.rA1': -44.242437508696575, 'sLegPt.rL2': 66.87606082069007, 'sLegPt.lL2': 28.193437607716966, 'lLegPt.rL0': 66.17053110538043, 'lLegPt.lL0': 72.11648661578658, 'lLegPt.rL1': 35.00231940725484, 'lLegPt.lL1': 11.027139469797355, 'lLegPt.x1': 39.47172285050788, 'lLegPt.y1': 11.43207887681422, 'lLegPt.rA1': -78.31932098799216, 'lLegPt.rL2': 24.215942373402683, 'lLegPt.lL2': 25.908909783475035}",PRUNED
243,243,5.033289753959096,2026-04-14 15:37:15.751208,2026-04-14 15:37:22.409376,0 days 00:00:06.658168,72.11648661578658,11.027139469797355,25.908909783475035,-78.31932098799216,66.17053110538043,35.00231940725484,24.215942373402683,39.47172285050788,11.43207887681422,19.729157288473722,82.09299636497826,28.193437607716966,-44.242437508696575,45.464347587142264,81.96158416548884,66.87606082069007,35.65661617691708,22.268127257840035,Unattained target,GPSampler,"{'sLegPt.rL0': 45.464347587142264, 'sLegPt.lL0': 19.729157288473722, 'sLegPt.rL1': 81.96158416548884, 'sLegPt.lL1': 82.09299636497826, 'sLegPt.x1': 35.65661617691708, 'sLegPt.y1': 22.268127257840035, 'sLegPt.rA1': -44.242437508696575, 'sLegPt.rL2': 66.87606082069007, 'sLegPt.lL2': 28.193437607716966, 'lLegPt.rL0': 66.17053110538043, 'lLegPt.lL0': 72.11648661578658, 'lLegPt.rL1': 35.00231940725484, 'lLegPt.lL1': 11.027139469797355, 'lLegPt.x1': 39.47172285050788, 'lLegPt.y1': 11.43207887681422, 'lLegPt.rA1': -78.31932098799216, 'lLegPt.rL2': 24.215942373402683, 'lLegPt.lL2': 25.908909783475035}",PRUNED
244,244,10.180629872280527,2026-04-14 15:37:22.568744,2026-04-14 15:37:26.687300,0 days 00:00:04.118556,82.18504458511718,93.23130439706972,34.25159101316748,-77.44723993241621,70.63786352344887,41.14036590994764,26.771042722290204,41.232876521273525,11.581971418998807,32.932341044420966,90.73224300569602,58.87475925471627,-58.28581305917492,82.11012731883332,72.10944468796183,45.86068951435696,38.58937478749848,25.439440546789072,Unattained target,GPSampler,,PRUNED
