,number,value,datetime_start,datetime_complete,duration,params_lLegPt.lL0,params_lLegPt.lL1,params_lLegPt.lL2,params_lLegPt.rA1,params_lLegPt.rL0,params_lLegPt.rL1,params_lLegPt.rL2,params_lLegPt.x1,params_lLegPt.y1,params_sLegPt.lL0,params_sLegPt.lL1,params_sLegPt.lL2,params_sLegPt.rA1,params_sLegPt.rL0,params_sLegPt.rL1,params_sLegPt.rL2,params_sLegPt.x1,params_sLegPt.y1,user_attrs_prune,system_attrs_auto:sampler,system_attrs_fixed_params,state
245,245,10.18062988983754,2026-04-14 15:37:26.833162,2026-04-14 15:37:30.810264,0 days 00:00:03.977102,82.18504458511718,93.23130439706972,34.25159101316748,-77.44723993241621,70.63786352344887,41.14036590994764,26.771042722290204,41.232876521273525,11.581971418998807,32.932341044420966,90.73224300569602,58.87475925471627,-58.28581305917492,82.11012731883332,72.10944468796183,45.86068951435696,38.58937478749848,25.439440546789072,Unattained target,GPSampler,"{'sLegPt.rL0': 82.11012731883332, 'sLegPt.lL0': 32.932341044420966, 'sLegPt.rL1': 72.10944468796183, 'sLegPt.lL1': 90.73224300569602, 'sLegPt.x1': 38.58937478749848, 'sLegPt.y1': 25.439440546789072, 'sLegPt.rA1': -58.28581305917492, 'sLegPt.rL2': 45.86068951435696, 'sLegPt.lL2': 58.87475925471627, 'lLegPt.rL0': 70.63786352344887, 'lLegPt.lL0': 82.18504458511718, 'lLegPt.rL1': 41.14036590994764, 'lLegPt.lL1': 93.23130439706972, 'lLegPt.x1': 41.232876521273525, 'lLegPt.y1': 11.581971418998807, 'lLegPt.rA1': -77.44723993241621, 'lLegPt.rL2': 26.771042722290204, 'lLegPt.lL2': 34.25159101316748}",PRUNED
246,246,10.180629944780783,2026-04-14 15:37:30.951112,2026-04-14 15:37:34.698260,0 days 00:00:03.747148,82.18504458511718,93.23130439706972,34.25159101316748,-77.44723993241621,70.63786352344887,41.14036590994764,26.771042722290204,41.232876521273525,11.581971418998807,32.932341044420966,90.73224300569602,58.87475925471627,-58.28581305917492,82.11012731883332,72.10944468796183,45.86068951435696,38.58937478749848,25.439440546789072,Unattained target,GPSampler,"{'sLegPt.rL0': 82.11012731883332, 'sLegPt.lL0': 32.932341044420966, 'sLegPt.rL1': 72.10944468796183, 'sLegPt.lL1': 90.73224300569602, 'sLegPt.x1': 38.58937478749848, 'sLegPt.y1': 25.439440546789072, 'sLegPt.rA1': -58.28581305917492, 'sLegPt.rL2': 45.86068951435696, 'sLegPt.lL2': 58.87475925471627, 'lLegPt.rL0': 70.63786352344887, 'lLegPt.lL0': 82.18504458511718, 'lLegPt.rL1': 41.14036590994764, 'lLegPt.lL1': 93.23130439706972, 'lLegPt.x1': 41.232876521273525, 'lLegPt.y1': 11.581971418998807, 'lLegPt.rA1': -77.44723993241621, 'lLegPt.rL2': 26.771042722290204, 'lLegPt.lL2': 34.25159101316748}",PRUNED
247,247,6.983968429029467,2026-04-14 15:37:34.850768,2026-04-14 15:37:38.544588,0 days 00:00:03.693820,16.31412164041082,45.371107762786444,51.212426899964356,-20.62298392058087,25.558537109929407,95.57589102075151,30.25472164325402,38.12765978256012,27.452674066036792,25.863520856647778,52.2271095529004,72.68907367635583,-62.52846108567495,57.536819934163994,64.63866246555301,18.761132524490144,40.517814127924225,20.513467523957345,Unattained target,GPSampler,,PRUNED
248,248,6.983968045933658,2026-04-14 15:37:38.687574,2026-04-14 15:37:42.698017,0 days 00:00:04.010443,16.31412164041082,45.371107762786444,51.212426899964356,-20.62298392058087,25.558537109929407,95.57589102075151,30.25472164325402,38.12765978256012,27.452674066036792,25.863520856647778,52.2271095529004,72.68907367635583,-62.52846108567495,57.536819934163994,64.63866246555301,18.761132524490144,40.517814127924225,20.513467523957345,Unattained target,GPSampler,"{'sLegPt.rL0': 57.536819934163994, 'sLegPt.lL0': 25.863520856647778, 'sLegPt.rL1': 64.63866246555301, 'sLegPt.lL1': 52.2271095529004, 'sLegPt.x1': 40.517814127924225, 'sLegPt.y1': 20.513467523957345, 'sLegPt.rA1': -62.52846108567495, 'sLegPt.rL2': 18.761132524490144, 'sLegPt.lL2': 72.68907367635583, 'lLegPt.rL0': 25.558537109929407, 'lLegPt.lL0': 16.31412164041082, 'lLegPt.rL1': 95.57589102075151, 'lLegPt.lL1': 45.371107762786444, 'lLegPt.x1': 38.12765978256012, 'lLegPt.y1': 27.452674066036792, 'lLegPt.rA1': -20.62298392058087, 'lLegPt.rL2': 30.25472164325402, 'lLegPt.lL2': 51.212426899964356}",PRUNED
249,249,6.983968188942001,2026-04-14 15:37:42.839169,2026-04-14 15:37:46.818847,0 days 00:00:03.979678,16.31412164041082,45.371107762786444,51.212426899964356,-20.62298392058087,25.558537109929407,95.57589102075151,30.25472164325402,38.12765978256012,27.452674066036792,25.863520856647778,52.2271095529004,72.68907367635583,-62.52846108567495,57.536819934163994,64.63866246555301,18.761132524490144,40.517814127924225,20.513467523957345,Unattained target,GPSampler,"{'sLegPt.rL0': 57.536819934163994, 'sLegPt.lL0': 25.863520856647778, 'sLegPt.rL1': 64.63866246555301, 'sLegPt.lL1': 52.2271095529004, 'sLegPt.x1': 40.517814127924225, 'sLegPt.y1': 20.513467523957345, 'sLegPt.rA1': -62.52846108567495, 'sLegPt.rL2': 18.761132524490144, 'sLegPt.lL2': 72.68907367635583, 'lLegPt.rL0': 25.558537109929407, 'lLegPt.lL0': 16.31412164041082, 'lLegPt.rL1': 95.57589102075151, 'lLegPt.lL1': 45.371107762786444, 'lLegPt.x1': 38.12765978256012, 'lLegPt.y1': 27.452674066036792, 'lLegPt.rA1': -20.62298392058087, 'lLegPt.rL2': 30.25472164325402, 'lLegPt.lL2': 51.212426899964356}",PRUNED
250,250,5.548993083640745,2026-04-14 15:37:46.974829,2026-04-14 15:37:54.796348,0 days 00:00:07.821519,71.12452908156689,88.37610280787597,56.19784098047639,-32.74235571444231,23.94151651593082,13.39279823595897,43.97853055125671,47.02173105213656,10.41644156208891,72.92650156377546,67.35933932857395,91.92686997173071,-56.28394448940542,59.27810408298066,14.720355678404914,84.26235626057218,43.36588281339005,24.033533729707166,Unattained target,GPSampler,,PRUNED
251,251,5.548883658653956,2026-04-14 15:37:54.934752,2026-04-14 15:38:02.627706,0 days 00:00:07.692954,71.12452908156689,88.37610280787597,56.19784098047639,-32.74235571444231,23.94151651593082,13.39279823595897,43.97853055125671,47.02173105213656,10.41644156208891,72.92650156377546,67.35933932857395,91.92686997173071,-56.28394448940542,59.27810408298066,14.720355678404914,84.26235626057218,43.36588281339005,24.033533729707166,Unattained target,GPSampler,"{'sLegPt.rL0': 59.27810408298066, 'sLegPt.lL0': 72.92650156377546, 'sLegPt.rL1': 14.720355678404914, 'sLegPt.lL1': 67.35933932857395, 'sLegPt.x1': 43.36588281339005, 'sLegPt.y1': 24.033533729707166, 'sLegPt.rA1': -56.28394448940542, 'sLegPt.rL2': 84.26235626057218, 'sLegPt.lL2': 91.92686997173071, 'lLegPt.rL0': 23.94151651593082, 'lLegPt.lL0': 71.12452908156689, 'lLegPt.rL1': 13.39279823595897, 'lLegPt.lL1': 88.37610280787597, 'lLegPt.x1': 47.02173105213656, 'lLegPt.y1': 10.41644156208891, 'lLegPt.rA1': -32.74235571444231, 'lLegPt.rL2': 43.97853055125671, 'lLegPt.lL2': 56.19784098047639}",PRUNED
252,252,5.548980204380108,2026-04-14 15:38:02.782142,2026-04-14 15:38:10.712980,0 days 00:00:07.930838,71.12452908156689,88.37610280787597,56.19784098047639,-32.74235571444231,23.94151651593082,13.39279823595897,43.97853055125671,47.02173105213656,10.41644156208891,72.92650156377546,67.35933932857395,91.92686997173071,-56.28394448940542,59.27810408298066,14.720355678404914,84.26235626057218,43.36588281339005,24.033533729707166,Unattained target,GPSampler,"{'sLegPt.rL0': 59.27810408298066, 'sLegPt.lL0': 72.92650156377546, 'sLegPt.rL1': 14.720355678404914, 'sLegPt.lL1': 67.35933932857395, 'sLegPt.x1': 43.36588281339005, 'sLegPt.y1': 24.033533729707166, 'sLegPt.rA1': -56.28394448940542, 'sLegPt.rL2': 84.26235626057218, 'sLegPt.lL2': 91.92686997173071, 'lLegPt.rL0': 23.94151651593082, 'lLegPt.lL0': 71.12452908156689, 'lLegPt.rL1': 13.39279823595897, 'lLegPt.lL1': 88.37610280787597, 'lLegPt.x1': 47.02173105213656, 'lLegPt.y1': 10.41644156208891, 'lLegPt.rA1': -32.74235571444231, 'lLegPt.rL2': 43.97853055125671, 'lLegPt.lL2': 56.19784098047639}",PRUNED
253,253,6.670635026433651,2026-04-14 15:38:10.852367,2026-04-14 15:38:14.704632,0 days 00:00:03.852265,33.42538218988405,86.79955906546158,71.44855026148468,-38.4770359266137,41.41982590840412,54.72768086820271,30.81549395570698,37.73284993807757,25.376976111803838,82.93345910283985,40.10394061667856,92.49850134868694,-36.587788072660516,44.09894816708864,30.073324951158607,15.345366629670407,38.8408720647882,21.74533108537127,Unattained target,GPSampler,,PRUNED
254,254,6.670635023851162,2026-04-14 15:38:14.860343,2026-04-14 15:38:18.455621,0 days 00:00:03.595278,33.42538218988405,86.79955906546158,71.44855026148468,-38.4770359266137,41.41982590840412,54.72768086820271,30.81549395570698,37.73284993807757,25.376976111803838,82.93345910283985,40.10394061667856,92.49850134868694,-36.587788072660516,44.09894816708864,30.073324951158607,15.345366629670407,38.8408720647882,21.74533108537127,Unattained target,GPSampler,"{'sLegPt.rL0': 44.09894816708864, 'sLegPt.lL0': 82.93345910283985, 'sLegPt.rL1': 30.073324951158607, 'sLegPt.lL1': 40.10394061667856, 'sLegPt.x1': 38.8408720647882, 'sLegPt.y1': 21.74533108537127, 'sLegPt.rA1': -36.587788072660516, 'sLegPt.rL2': 15.345366629670407, 'sLegPt.lL2': 92.49850134868694, 'lLegPt.rL0': 41.41982590840412, 'lLegPt.lL0': 33.42538218988405, 'lLegPt.rL1': 54.72768086820271, 'lLegPt.lL1': 86.79955906546158, 'lLegPt.x1': 37.73284993807757, 'lLegPt.y1': 25.376976111803838, 'lLegPt.rA1': -38.4770359266137, 'lLegPt.rL2': 30.81549395570698, 'lLegPt.lL2': 71.44855026148468}",PRUNED
255,255,6.670634876498568,2026-04-14 15:38:18.601776,2026-04-14 15:38:22.214424,0 days 00:00:03.612648,33.42538218988405,86.79955906546158,71.44855026148468,-38.4770359266137,41.41982590840412,54.72768086820271,30.81549395570698,37.73284993807757,25.376976111803838,82.93345910283985,40.10394061667856,92.49850134868694,-36.587788072660516,44.09894816708864,30.073324951158607,15.345366629670407,38.8408720647882,21.74533108537127,Unattained target,GPSampler,"{'sLegPt.rL0': 44.09894816708864, 'sLegPt.lL0': 82.93345910283985, 'sLegPt.rL1': 30.073324951158607, 'sLegPt.lL1': 40.10394061667856, 'sLegPt.x1': 38.8408720647882, 'sLegPt.y1': 21.74533108537127, 'sLegPt.rA1': -36.587788072660516, 'sLegPt.rL2': 15.345366629670407, 'sLegPt.lL2': 92.49850134868694, 'lLegPt.rL0': 41.41982590840412, 'lLegPt.lL0': 33.42538218988405, 'lLegPt.rL1': 54.72768086820271, 'lLegPt.lL1': 86.79955906546158, 'lLegPt.x1': 37.73284993807757, 'lLegPt.y1': 25.376976111803838, 'lLegPt.rA1': -38.4770359266137, 'lLegPt.rL2': 30.81549395570698, 'lLegPt.lL2': 71.44855026148468}",PRUNED
256,256,8.835130361858877,2026-04-14 15:38:22.362340,2026-04-14 15:38:26.119676,0 days 00:00:03.757336,99.24841434910023,27.799450179783918,18.68416947102536,-27.159620653632146,65.14972244410811,74.970282441374,78.00813996234649,48.405006711011225,28.567397175190983,30.756064901412408,13.071024268059517,48.68754096608452,-57.329459311942045,76.84214853905193,84.43910845202646,13.840625233319734,37.04171206523786,25.779155597386172,Unattained target,GPSampler,,PRUNED
257,257,8.835130277102884,2026-04-14 15:38:26.272690,2026-04-14 15:38:29.875852,0 days 00:00:03.603162,99.24841434910023,27.799450179783918,18.68416947102536,-27.159620653632146,65.14972244410811,74.970282441374,78.00813996234649,48.405006711011225,28.567397175190983,30.756064901412408,13.071024268059517,48.68754096608452,-57.329459311942045,76.84214853905193,84.43910845202646,13.840625233319734,37.04171206523786,25.779155597386172,Unattained target,GPSampler,"{'sLegPt.rL0': 76.84214853905193, 'sLegPt.lL0': 30.756064901412408, 'sLegPt.rL1': 84.43910845202646, 'sLegPt.lL1': 13.071024268059517, 'sLegPt.x1': 37.04171206523786, 'sLegPt.y1': 25.779155597386172, 'sLegPt.rA1': -57.329459311942045, 'sLegPt.rL2': 13.840625233319734, 'sLegPt.lL2': 48.68754096608452, 'lLegPt.rL0': 65.14972244410811, 'lLegPt.lL0': 99.24841434910023, 'lLegPt.rL1': 74.970282441374, 'lLegPt.lL1': 27.799450179783918, 'lLegPt.x1': 48.405006711011225, 'lLegPt.y1': 28.567397175190983, 'lLegPt.rA1': -27.159620653632146, 'lLegPt.rL2': 78.00813996234649, 'lLegPt.lL2': 18.68416947102536}",PRUNED
258,258,8.835130258051542,2026-04-14 15:38:30.029487,2026-04-14 15:38:33.826368,0 days 00:00:03.796881,99.24841434910023,27.799450179783918,18.68416947102536,-27.159620653632146,65.14972244410811,74.970282441374,78.00813996234649,48.405006711011225,28.567397175190983,30.756064901412408,13.071024268059517,48.68754096608452,-57.329459311942045,76.84214853905193,84.43910845202646,13.840625233319734,37.04171206523786,25.779155597386172,Unattained target,GPSampler,"{'sLegPt.rL0': 76.84214853905193, 'sLegPt.lL0': 30.756064901412408, 'sLegPt.rL1': 84.43910845202646, 'sLegPt.lL1': 13.071024268059517, 'sLegPt.x1': 37.04171206523786, 'sLegPt.y1': 25.779155597386172, 'sLegPt.rA1': -57.329459311942045, 'sLegPt.rL2': 13.840625233319734, 'sLegPt.lL2': 48.68754096608452, 'lLegPt.rL0': 65.14972244410811, 'lLegPt.lL0': 99.24841434910023, 'lLegPt.rL1': 74.970282441374, 'lLegPt.lL1': 27.799450179783918, 'lLegPt.x1': 48.405006711011225, 'lLegPt.y1': 28.567397175190983, 'lLegPt.rA1': -27.159620653632146, 'lLegPt.rL2': 78.00813996234649, 'lLegPt.lL2': 18.68416947102536}",PRUNED
259,259,5.766257927200307,2026-04-14 15:38:33.980105,2026-04-14 15:38:37.809466,0 days 00:00:03.829361,26.91820490516293,94.90309602222752,43.65757160914026,-66.9816563097426,64.30391081441758,32.0950553826342,68.4440234084242,42.626351571681035,19.156263193119948,45.62427008980905,18.9265139879937,14.862833545342976,-78.64406111330342,64.98599970053758,74.34358773751924,61.72577737469125,30.575044057824087,20.791732646476632,Unattained target,GPSampler,,PRUNED
260,260,5.766257599999719,2026-04-14 15:38:37.947546,2026-04-14 15:38:41.637586,0 days 00:00:03.690040,26.91820490516293,94.90309602222752,43.65757160914026,-66.9816563097426,64.30391081441758,32.0950553826342,68.4440234084242,42.626351571681035,19.156263193119948,45.62427008980905,18.9265139879937,14.862833545342976,-78.64406111330342,64.98599970053758,74.34358773751924,61.72577737469125,30.575044057824087,20.791732646476632,Unattained target,GPSampler,"{'sLegPt.rL0': 64.98599970053758, 'sLegPt.lL0': 45.62427008980905, 'sLegPt.rL1': 74.34358773751924, 'sLegPt.lL1': 18.9265139879937, 'sLegPt.x1': 30.575044057824087, 'sLegPt.y1': 20.791732646476632, 'sLegPt.rA1': -78.64406111330342, 'sLegPt.rL2': 61.72577737469125, 'sLegPt.lL2': 14.862833545342976, 'lLegPt.rL0': 64.30391081441758, 'lLegPt.lL0': 26.91820490516293, 'lLegPt.rL1': 32.0950553826342, 'lLegPt.lL1': 94.90309602222752, 'lLegPt.x1': 42.626351571681035, 'lLegPt.y1': 19.156263193119948, 'lLegPt.rA1': -66.9816563097426, 'lLegPt.rL2': 68.4440234084242, 'lLegPt.lL2': 43.65757160914026}",PRUNED
261,261,5.766257514322952,2026-04-14 15:38:41.786291,2026-04-14 15:38:45.402739,0 days 00:00:03.616448,26.91820490516293,94.90309602222752,43.65757160914026,-66.9816563097426,64.30391081441758,32.0950553826342,68.4440234084242,42.626351571681035,19.156263193119948,45.62427008980905,18.9265139879937,14.862833545342976,-78.64406111330342,64.98599970053758,74.34358773751924,61.72577737469125,30.575044057824087,20.791732646476632,Unattained target,GPSampler,"{'sLegPt.rL0': 64.98599970053758, 'sLegPt.lL0': 45.62427008980905, 'sLegPt.rL1': 74.34358773751924, 'sLegPt.lL1': 18.9265139879937, 'sLegPt.x1': 30.575044057824087, 'sLegPt.y1': 20.791732646476632, 'sLegPt.rA1': -78.64406111330342, 'sLegPt.rL2': 61.72577737469125, 'sLegPt.lL2': 14.862833545342976, 'lLegPt.rL0': 64.30391081441758, 'lLegPt.lL0': 26.91820490516293, 'lLegPt.rL1': 32.0950553826342, 'lLegPt.lL1': 94.90309602222752, 'lLegPt.x1': 42.626351571681035, 'lLegPt.y1': 19.156263193119948, 'lLegPt.rA1': -66.9816563097426, 'lLegPt.rL2': 68.4440234084242, 'lLegPt.lL2': 43.65757160914026}",PRUNED
262,262,5.261858862358416,2026-04-14 15:38:45.551164,2026-04-14 15:38:51.670535,0 days 00:00:06.119371,53.30679622583672,29.761200818059464,31.29727027820326,-77.47845386074567,29.212534326750987,15.110389109335646,77.61198105690063,39.550302828115726,24.367658922297675,74.08532680574761,95.1747062867805,53.07708433726031,-66.98972010344825,92.71168649477907,10.57213452134845,48.32868489438675,30.87151794007832,24.454011122170005,Unattained target,GPSampler,,PRUNED
263,263,5.260662417999207,2026-04-14 15:38:51.823424,2026-04-14 15:38:57.926739,0 days 00:00:06.103315,53.30679622583672,29.761200818059464,31.29727027820326,-77.47845386074567,29.212534326750987,15.110389109335646,77.61198105690063,39.550302828115726,24.367658922297675,74.08532680574761,95.1747062867805,53.07708433726031,-66.98972010344825,92.71168649477907,10.57213452134845,48.32868489438675,30.87151794007832,24.454011122170005,Unattained target,GPSampler,"{'sLegPt.rL0': 92.71168649477907, 'sLegPt.lL0': 74.08532680574761, 'sLegPt.rL1': 10.57213452134845, 'sLegPt.lL1': 95.1747062867805, 'sLegPt.x1': 30.87151794007832, 'sLegPt.y1': 24.454011122170005, 'sLegPt.rA1': -66.98972010344825, 'sLegPt.rL2': 48.32868489438675, 'sLegPt.lL2': 53.07708433726031, 'lLegPt.rL0': 29.212534326750987, 'lLegPt.lL0': 53.30679622583672, 'lLegPt.rL1': 15.110389109335646, 'lLegPt.lL1': 29.761200818059464, 'lLegPt.x1': 39.550302828115726, 'lLegPt.y1': 24.367658922297675, 'lLegPt.rA1': -77.47845386074567, 'lLegPt.rL2': 77.61198105690063, 'lLegPt.lL2': 31.29727027820326}",PRUNED
264,264,5.259788328761594,2026-04-14 15:38:58.079171,2026-04-14 15:39:04.243696,0 days 00:00:06.164525,53.30679622583672,29.761200818059464,31.29727027820326,-77.47845386074567,29.212534326750987,15.110389109335646,77.61198105690063,39.550302828115726,24.367658922297675,74.08532680574761,95.1747062867805,53.07708433726031,-66.98972010344825,92.71168649477907,10.57213452134845,48.32868489438675,30.87151794007832,24.454011122170005,Unattained target,GPSampler,"{'sLegPt.rL0': 92.71168649477907, 'sLegPt.lL0': 74.08532680574761, 'sLegPt.rL1': 10.57213452134845, 'sLegPt.lL1': 95.1747062867805, 'sLegPt.x1': 30.87151794007832, 'sLegPt.y1': 24.454011122170005, 'sLegPt.rA1': -66.98972010344825, 'sLegPt.rL2': 48.32868489438675, 'sLegPt.lL2': 53.07708433726031, 'lLegPt.rL0': 29.212534326750987, 'lLegPt.lL0': 53.30679622583672, 'lLegPt.rL1': 15.110389109335646, 'lLegPt.lL1': 29.761200818059464, 'lLegPt.x1': 39.550302828115726, 'lLegPt.y1': 24.367658922297675, 'lLegPt.rA1': -77.47845386074567, 'lLegPt.rL2': 77.61198105690063, 'lLegPt.lL2': 31.29727027820326}",PRUNED
265,265,11.864376156057283,2026-04-14 15:39:04.388593,2026-04-14 15:39:08.488998,0 days 00:00:04.100405,81.23764724981474,67.70504062014918,47.069752468278985,-31.62082714021581,64.95798340281186,81.50522801193006,53.40309925391587,30.82222582479878,25.45067964977654,91.37325823702199,29.816034013376548,74.11948892029591,-50.39095990890394,87.99610697535289,19.12579157805967,61.13778029002313,41.7182397685019,26.278214551795912,Unattained target,GPSampler,,PRUNED
266,266,11.864376218008836,2026-04-14 15:39:08.633107,2026-04-14 15:39:12.339832,0 days 00:00:03.706725,81.23764724981474,67.70504062014918,47.069752468278985,-31.62082714021581,64.95798340281186,81.50522801193006,53.40309925391587,30.82222582479878,25.45067964977654,91.37325823702199,29.816034013376548,74.11948892029591,-50.39095990890394,87.99610697535289,19.12579157805967,61.13778029002313,41.7182397685019,26.278214551795912,Unattained target,GPSampler,"{'sLegPt.rL0': 87.99610697535289, 'sLegPt.lL0': 91.37325823702199, 'sLegPt.rL1': 19.12579157805967, 'sLegPt.lL1': 29.816034013376548, 'sLegPt.x1': 41.7182397685019, 'sLegPt.y1': 26.278214551795912, 'sLegPt.rA1': -50.39095990890394, 'sLegPt.rL2': 61.13778029002313, 'sLegPt.lL2': 74.11948892029591, 'lLegPt.rL0': 64.95798340281186, 'lLegPt.lL0': 81.23764724981474, 'lLegPt.rL1': 81.50522801193006, 'lLegPt.lL1': 67.70504062014918, 'lLegPt.x1': 30.82222582479878, 'lLegPt.y1': 25.45067964977654, 'lLegPt.rA1': -31.62082714021581, 'lLegPt.rL2': 53.40309925391587, 'lLegPt.lL2': 47.069752468278985}",PRUNED
267,267,11.864375613481698,2026-04-14 15:39:12.499183,2026-04-14 15:39:16.409309,0 days 00:00:03.910126,81.23764724981474,67.70504062014918,47.069752468278985,-31.62082714021581,64.95798340281186,81.50522801193006,53.40309925391587,30.82222582479878,25.45067964977654,91.37325823702199,29.816034013376548,74.11948892029591,-50.39095990890394,87.99610697535289,19.12579157805967,61.13778029002313,41.7182397685019,26.278214551795912,Unattained target,GPSampler,"{'sLegPt.rL0': 87.99610697535289, 'sLegPt.lL0': 91.37325823702199, 'sLegPt.rL1': 19.12579157805967, 'sLegPt.lL1': 29.816034013376548, 'sLegPt.x1': 41.7182397685019, 'sLegPt.y1': 26.278214551795912, 'sLegPt.rA1': -50.39095990890394, 'sLegPt.rL2': 61.13778029002313, 'sLegPt.lL2': 74.11948892029591, 'lLegPt.rL0': 64.95798340281186, 'lLegPt.lL0': 81.23764724981474, 'lLegPt.rL1': 81.50522801193006, 'lLegPt.lL1': 67.70504062014918, 'lLegPt.x1': 30.82222582479878, 'lLegPt.y1': 25.45067964977654, 'lLegPt.rA1': -31.62082714021581, 'lLegPt.rL2': 53.40309925391587, 'lLegPt.lL2': 47.069752468278985}",PRUNED
268,268,6.462373489579917,2026-04-14 15:39:16.564539,2026-04-14 15:39:20.485481,0 days 00:00:03.920942,92.94018662534113,29.0088280036497,76.95927026960965,-62.487992909465056,76.37627945158579,55.78652025499183,52.46080461625629,42.593641408183835,23.7152567992623,88.95782241373094,51.20011981617684,66.0293929633763,-44.392936451094315,49.20076928792117,93.9612824876884,31.56490476986917,43.61473649620992,24.926344137515123,Unattained target,GPSampler,,PRUNED
