,number,value,datetime_start,datetime_complete,duration,params_lLegPt.lL0,params_lLegPt.lL1,params_lLegPt.lL2,params_lLegPt.rA1,params_lLegPt.rL0,params_lLegPt.rL1,params_lLegPt.rL2,params_lLegPt.x1,params_lLegPt.y1,params_sLegPt.lL0,params_sLegPt.lL1,params_sLegPt.lL2,params_sLegPt.rA1,params_sLegPt.rL0,params_sLegPt.rL1,params_sLegPt.rL2,params_sLegPt.x1,params_sLegPt.y1,user_attrs_prune,system_attrs_auto:sampler,system_attrs_fixed_params,state
73,73,6.640634949578512,2026-04-14 15:23:47.331141,2026-04-14 15:23:51.429942,0 days 00:00:04.098801,53.55727277007152,15.68314618205631,97.0957501659394,-69.12831563474494,39.904946324378585,54.73060415749493,92.59880659724435,38.43238393209272,16.95389347761063,11.08793948106452,47.14975108865358,62.06496595380453,-53.37015277867823,37.18415136548781,42.850900639040596,28.316362952835323,48.76930821968864,24.559080603965512,Unattained target,RandomSampler,"{'sLegPt.rL0': 37.18415136548781, 'sLegPt.lL0': 11.08793948106452, 'sLegPt.rL1': 42.850900639040596, 'sLegPt.lL1': 47.14975108865358, 'sLegPt.x1': 48.76930821968864, 'sLegPt.y1': 24.559080603965512, 'sLegPt.rA1': -53.37015277867823, 'sLegPt.rL2': 28.316362952835323, 'sLegPt.lL2': 62.06496595380453, 'lLegPt.rL0': 39.904946324378585, 'lLegPt.lL0': 53.55727277007152, 'lLegPt.rL1': 54.73060415749493, 'lLegPt.lL1': 15.68314618205631, 'lLegPt.x1': 38.43238393209272, 'lLegPt.y1': 16.95389347761063, 'lLegPt.rA1': -69.12831563474494, 'lLegPt.rL2': 92.59880659724435, 'lLegPt.lL2': 97.0957501659394}",PRUNED
74,74,6.640634420771505,2026-04-14 15:23:51.606113,2026-04-14 15:23:55.476148,0 days 00:00:03.870035,53.55727277007152,15.68314618205631,97.0957501659394,-69.12831563474494,39.904946324378585,54.73060415749493,92.59880659724435,38.43238393209272,16.95389347761063,11.08793948106452,47.14975108865358,62.06496595380453,-53.37015277867823,37.18415136548781,42.850900639040596,28.316362952835323,48.76930821968864,24.559080603965512,Unattained target,RandomSampler,"{'sLegPt.rL0': 37.18415136548781, 'sLegPt.lL0': 11.08793948106452, 'sLegPt.rL1': 42.850900639040596, 'sLegPt.lL1': 47.14975108865358, 'sLegPt.x1': 48.76930821968864, 'sLegPt.y1': 24.559080603965512, 'sLegPt.rA1': -53.37015277867823, 'sLegPt.rL2': 28.316362952835323, 'sLegPt.lL2': 62.06496595380453, 'lLegPt.rL0': 39.904946324378585, 'lLegPt.lL0': 53.55727277007152, 'lLegPt.rL1': 54.73060415749493, 'lLegPt.lL1': 15.68314618205631, 'lLegPt.x1': 38.43238393209272, 'lLegPt.y1': 16.95389347761063, 'lLegPt.rA1': -69.12831563474494, 'lLegPt.rL2': 92.59880659724435, 'lLegPt.lL2': 97.0957501659394}",PRUNED
75,75,7.935252146836326,2026-04-14 15:23:55.632303,2026-04-14 15:23:59.778303,0 days 00:00:04.146000,13.2955544333307,44.620043458461595,49.8348161161552,-59.21225071963306,53.18451007862547,38.712292147043286,70.01335865228737,49.51213000946824,21.875196327427886,73.18305466472405,90.72845914990053,10.933516210162713,-79.31353591137155,85.54108587281787,61.75408829466127,89.97466723804888,44.52326611797304,28.536316493768496,Unattained target,RandomSampler,,PRUNED
76,76,7.9352520761669325,2026-04-14 15:23:59.930129,2026-04-14 15:24:04.168158,0 days 00:00:04.238029,13.2955544333307,44.620043458461595,49.8348161161552,-59.21225071963306,53.18451007862547,38.712292147043286,70.01335865228737,49.51213000946824,21.875196327427886,73.18305466472405,90.72845914990053,10.933516210162713,-79.31353591137155,85.54108587281787,61.75408829466127,89.97466723804888,44.52326611797304,28.536316493768496,Unattained target,RandomSampler,"{'sLegPt.rL0': 85.54108587281787, 'sLegPt.lL0': 73.18305466472405, 'sLegPt.rL1': 61.75408829466127, 'sLegPt.lL1': 90.72845914990053, 'sLegPt.x1': 44.52326611797304, 'sLegPt.y1': 28.536316493768496, 'sLegPt.rA1': -79.31353591137155, 'sLegPt.rL2': 89.97466723804888, 'sLegPt.lL2': 10.933516210162713, 'lLegPt.rL0': 53.18451007862547, 'lLegPt.lL0': 13.2955544333307, 'lLegPt.rL1': 38.712292147043286, 'lLegPt.lL1': 44.620043458461595, 'lLegPt.x1': 49.51213000946824, 'lLegPt.y1': 21.875196327427886, 'lLegPt.rA1': -59.21225071963306, 'lLegPt.rL2': 70.01335865228737, 'lLegPt.lL2': 49.8348161161552}",PRUNED
77,77,7.935252344210177,2026-04-14 15:24:04.326869,2026-04-14 15:24:08.536224,0 days 00:00:04.209355,13.2955544333307,44.620043458461595,49.8348161161552,-59.21225071963306,53.18451007862547,38.712292147043286,70.01335865228737,49.51213000946824,21.875196327427886,73.18305466472405,90.72845914990053,10.933516210162713,-79.31353591137155,85.54108587281787,61.75408829466127,89.97466723804888,44.52326611797304,28.536316493768496,Unattained target,RandomSampler,"{'sLegPt.rL0': 85.54108587281787, 'sLegPt.lL0': 73.18305466472405, 'sLegPt.rL1': 61.75408829466127, 'sLegPt.lL1': 90.72845914990053, 'sLegPt.x1': 44.52326611797304, 'sLegPt.y1': 28.536316493768496, 'sLegPt.rA1': -79.31353591137155, 'sLegPt.rL2': 89.97466723804888, 'sLegPt.lL2': 10.933516210162713, 'lLegPt.rL0': 53.18451007862547, 'lLegPt.lL0': 13.2955544333307, 'lLegPt.rL1': 38.712292147043286, 'lLegPt.lL1': 44.620043458461595, 'lLegPt.x1': 49.51213000946824, 'lLegPt.y1': 21.875196327427886, 'lLegPt.rA1': -59.21225071963306, 'lLegPt.rL2': 70.01335865228737, 'lLegPt.lL2': 49.8348161161552}",PRUNED
78,78,6.075875025659517,2026-04-14 15:24:08.721409,2026-04-14 15:24:12.696965,0 days 00:00:03.975556,10.447666167197855,26.307139222277293,72.30083820565606,-45.42466625455415,62.592127238543625,54.43887502815491,53.36448004891155,47.91755748153837,25.621309375806117,66.4060474853099,49.356377429703926,81.45045083412288,-66.51248634654243,38.9372588655017,49.91636244680005,57.05216369882544,32.701259901829005,13.23819589221014,Unattained target,RandomSampler,,PRUNED
79,79,6.075875090020798,2026-04-14 15:24:12.848563,2026-04-14 15:24:16.737284,0 days 00:00:03.888721,10.447666167197855,26.307139222277293,72.30083820565606,-45.42466625455415,62.592127238543625,54.43887502815491,53.36448004891155,47.91755748153837,25.621309375806117,66.4060474853099,49.356377429703926,81.45045083412288,-66.51248634654243,38.9372588655017,49.91636244680005,57.05216369882544,32.701259901829005,13.23819589221014,Unattained target,RandomSampler,"{'sLegPt.rL0': 38.9372588655017, 'sLegPt.lL0': 66.4060474853099, 'sLegPt.rL1': 49.91636244680005, 'sLegPt.lL1': 49.356377429703926, 'sLegPt.x1': 32.701259901829005, 'sLegPt.y1': 13.23819589221014, 'sLegPt.rA1': -66.51248634654243, 'sLegPt.rL2': 57.05216369882544, 'sLegPt.lL2': 81.45045083412288, 'lLegPt.rL0': 62.592127238543625, 'lLegPt.lL0': 10.447666167197855, 'lLegPt.rL1': 54.43887502815491, 'lLegPt.lL1': 26.307139222277293, 'lLegPt.x1': 47.91755748153837, 'lLegPt.y1': 25.621309375806117, 'lLegPt.rA1': -45.42466625455415, 'lLegPt.rL2': 53.36448004891155, 'lLegPt.lL2': 72.30083820565606}",PRUNED
80,80,6.075875065561487,2026-04-14 15:24:16.910690,2026-04-14 15:24:20.850267,0 days 00:00:03.939577,10.447666167197855,26.307139222277293,72.30083820565606,-45.42466625455415,62.592127238543625,54.43887502815491,53.36448004891155,47.91755748153837,25.621309375806117,66.4060474853099,49.356377429703926,81.45045083412288,-66.51248634654243,38.9372588655017,49.91636244680005,57.05216369882544,32.701259901829005,13.23819589221014,Unattained target,RandomSampler,"{'sLegPt.rL0': 38.9372588655017, 'sLegPt.lL0': 66.4060474853099, 'sLegPt.rL1': 49.91636244680005, 'sLegPt.lL1': 49.356377429703926, 'sLegPt.x1': 32.701259901829005, 'sLegPt.y1': 13.23819589221014, 'sLegPt.rA1': -66.51248634654243, 'sLegPt.rL2': 57.05216369882544, 'sLegPt.lL2': 81.45045083412288, 'lLegPt.rL0': 62.592127238543625, 'lLegPt.lL0': 10.447666167197855, 'lLegPt.rL1': 54.43887502815491, 'lLegPt.lL1': 26.307139222277293, 'lLegPt.x1': 47.91755748153837, 'lLegPt.y1': 25.621309375806117, 'lLegPt.rA1': -45.42466625455415, 'lLegPt.rL2': 53.36448004891155, 'lLegPt.lL2': 72.30083820565606}",PRUNED
81,81,8.14447815042081,2026-04-14 15:24:21.026880,2026-04-14 15:24:24.966572,0 days 00:00:03.939692,78.60598952466933,86.31207384620343,36.64581339902771,-41.41177861389347,73.45471690755039,25.92112020818528,95.80832633835044,43.88829847538456,16.72169846937073,67.89376759316212,44.62296064186384,63.94509868969638,-26.362763396156538,44.8631659786271,32.65488473394965,13.367281183943595,46.46942511716074,11.204451282866403,Unattained target,RandomSampler,,PRUNED
82,82,8.144478562747715,2026-04-14 15:24:25.131941,2026-04-14 15:24:29.056708,0 days 00:00:03.924767,78.60598952466933,86.31207384620343,36.64581339902771,-41.41177861389347,73.45471690755039,25.92112020818528,95.80832633835044,43.88829847538456,16.72169846937073,67.89376759316212,44.62296064186384,63.94509868969638,-26.362763396156538,44.8631659786271,32.65488473394965,13.367281183943595,46.46942511716074,11.204451282866403,Unattained target,RandomSampler,"{'sLegPt.rL0': 44.8631659786271, 'sLegPt.lL0': 67.89376759316212, 'sLegPt.rL1': 32.65488473394965, 'sLegPt.lL1': 44.62296064186384, 'sLegPt.x1': 46.46942511716074, 'sLegPt.y1': 11.204451282866403, 'sLegPt.rA1': -26.362763396156538, 'sLegPt.rL2': 13.367281183943595, 'sLegPt.lL2': 63.94509868969638, 'lLegPt.rL0': 73.45471690755039, 'lLegPt.lL0': 78.60598952466933, 'lLegPt.rL1': 25.92112020818528, 'lLegPt.lL1': 86.31207384620343, 'lLegPt.x1': 43.88829847538456, 'lLegPt.y1': 16.72169846937073, 'lLegPt.rA1': -41.41177861389347, 'lLegPt.rL2': 95.80832633835044, 'lLegPt.lL2': 36.64581339902771}",PRUNED
83,83,8.144477767108377,2026-04-14 15:24:29.231973,2026-04-14 15:24:33.136960,0 days 00:00:03.904987,78.60598952466933,86.31207384620343,36.64581339902771,-41.41177861389347,73.45471690755039,25.92112020818528,95.80832633835044,43.88829847538456,16.72169846937073,67.89376759316212,44.62296064186384,63.94509868969638,-26.362763396156538,44.8631659786271,32.65488473394965,13.367281183943595,46.46942511716074,11.204451282866403,Unattained target,RandomSampler,"{'sLegPt.rL0': 44.8631659786271, 'sLegPt.lL0': 67.89376759316212, 'sLegPt.rL1': 32.65488473394965, 'sLegPt.lL1': 44.62296064186384, 'sLegPt.x1': 46.46942511716074, 'sLegPt.y1': 11.204451282866403, 'sLegPt.rA1': -26.362763396156538, 'sLegPt.rL2': 13.367281183943595, 'sLegPt.lL2': 63.94509868969638, 'lLegPt.rL0': 73.45471690755039, 'lLegPt.lL0': 78.60598952466933, 'lLegPt.rL1': 25.92112020818528, 'lLegPt.lL1': 86.31207384620343, 'lLegPt.x1': 43.88829847538456, 'lLegPt.y1': 16.72169846937073, 'lLegPt.rA1': -41.41177861389347, 'lLegPt.rL2': 95.80832633835044, 'lLegPt.lL2': 36.64581339902771}",PRUNED
84,84,21.826000943975487,2026-04-14 15:24:33.300503,2026-04-14 15:24:37.287044,0 days 00:00:03.986541,33.86753633087501,27.07500740384558,13.403755955954857,-71.10264491163082,33.60734777196524,93.93905125767358,13.936779849833727,45.382555593580804,19.035365344940757,76.04983589958526,29.392120853797444,61.07295634859183,-35.2897361615336,93.8975769983347,17.561152106168475,68.44489803935699,49.81602421465418,18.864562814153185,Unattained target,RandomSampler,,PRUNED
85,85,21.826000680173053,2026-04-14 15:24:37.448952,2026-04-14 15:24:41.453810,0 days 00:00:04.004858,33.86753633087501,27.07500740384558,13.403755955954857,-71.10264491163082,33.60734777196524,93.93905125767358,13.936779849833727,45.382555593580804,19.035365344940757,76.04983589958526,29.392120853797444,61.07295634859183,-35.2897361615336,93.8975769983347,17.561152106168475,68.44489803935699,49.81602421465418,18.864562814153185,Unattained target,RandomSampler,"{'sLegPt.rL0': 93.8975769983347, 'sLegPt.lL0': 76.04983589958526, 'sLegPt.rL1': 17.561152106168475, 'sLegPt.lL1': 29.392120853797444, 'sLegPt.x1': 49.81602421465418, 'sLegPt.y1': 18.864562814153185, 'sLegPt.rA1': -35.2897361615336, 'sLegPt.rL2': 68.44489803935699, 'sLegPt.lL2': 61.07295634859183, 'lLegPt.rL0': 33.60734777196524, 'lLegPt.lL0': 33.86753633087501, 'lLegPt.rL1': 93.93905125767358, 'lLegPt.lL1': 27.07500740384558, 'lLegPt.x1': 45.382555593580804, 'lLegPt.y1': 19.035365344940757, 'lLegPt.rA1': -71.10264491163082, 'lLegPt.rL2': 13.936779849833727, 'lLegPt.lL2': 13.403755955954857}",PRUNED
86,86,21.826000482220905,2026-04-14 15:24:41.616926,2026-04-14 15:24:45.645721,0 days 00:00:04.028795,33.86753633087501,27.07500740384558,13.403755955954857,-71.10264491163082,33.60734777196524,93.93905125767358,13.936779849833727,45.382555593580804,19.035365344940757,76.04983589958526,29.392120853797444,61.07295634859183,-35.2897361615336,93.8975769983347,17.561152106168475,68.44489803935699,49.81602421465418,18.864562814153185,Unattained target,RandomSampler,"{'sLegPt.rL0': 93.8975769983347, 'sLegPt.lL0': 76.04983589958526, 'sLegPt.rL1': 17.561152106168475, 'sLegPt.lL1': 29.392120853797444, 'sLegPt.x1': 49.81602421465418, 'sLegPt.y1': 18.864562814153185, 'sLegPt.rA1': -35.2897361615336, 'sLegPt.rL2': 68.44489803935699, 'sLegPt.lL2': 61.07295634859183, 'lLegPt.rL0': 33.60734777196524, 'lLegPt.lL0': 33.86753633087501, 'lLegPt.rL1': 93.93905125767358, 'lLegPt.lL1': 27.07500740384558, 'lLegPt.x1': 45.382555593580804, 'lLegPt.y1': 19.035365344940757, 'lLegPt.rA1': -71.10264491163082, 'lLegPt.rL2': 13.936779849833727, 'lLegPt.lL2': 13.403755955954857}",PRUNED
87,87,7.3280980721118,2026-04-14 15:24:45.819080,2026-04-14 15:24:49.719810,0 days 00:00:03.900730,26.51801202756681,38.66989323331059,76.0661302176737,-65.51727000475806,82.89982762938916,18.216687674305277,69.0622198259095,31.04942283920064,29.145204622597973,57.90782040132466,82.54858160630899,33.512578823402634,-63.906855479254716,55.41979812998475,41.3005632358441,88.2056919828724,45.63518038583747,29.195550657262782,Unattained target,RandomSampler,,PRUNED
88,88,7.328097859880131,2026-04-14 15:24:49.877263,2026-04-14 15:24:53.932217,0 days 00:00:04.054954,26.51801202756681,38.66989323331059,76.0661302176737,-65.51727000475806,82.89982762938916,18.216687674305277,69.0622198259095,31.04942283920064,29.145204622597973,57.90782040132466,82.54858160630899,33.512578823402634,-63.906855479254716,55.41979812998475,41.3005632358441,88.2056919828724,45.63518038583747,29.195550657262782,Unattained target,RandomSampler,"{'sLegPt.rL0': 55.41979812998475, 'sLegPt.lL0': 57.90782040132466, 'sLegPt.rL1': 41.3005632358441, 'sLegPt.lL1': 82.54858160630899, 'sLegPt.x1': 45.63518038583747, 'sLegPt.y1': 29.195550657262782, 'sLegPt.rA1': -63.906855479254716, 'sLegPt.rL2': 88.2056919828724, 'sLegPt.lL2': 33.512578823402634, 'lLegPt.rL0': 82.89982762938916, 'lLegPt.lL0': 26.51801202756681, 'lLegPt.rL1': 18.216687674305277, 'lLegPt.lL1': 38.66989323331059, 'lLegPt.x1': 31.04942283920064, 'lLegPt.y1': 29.145204622597973, 'lLegPt.rA1': -65.51727000475806, 'lLegPt.rL2': 69.0622198259095, 'lLegPt.lL2': 76.0661302176737}",PRUNED
89,89,7.328098351443927,2026-04-14 15:24:54.087532,2026-04-14 15:24:58.214845,0 days 00:00:04.127313,26.51801202756681,38.66989323331059,76.0661302176737,-65.51727000475806,82.89982762938916,18.216687674305277,69.0622198259095,31.04942283920064,29.145204622597973,57.90782040132466,82.54858160630899,33.512578823402634,-63.906855479254716,55.41979812998475,41.3005632358441,88.2056919828724,45.63518038583747,29.195550657262782,Unattained target,RandomSampler,"{'sLegPt.rL0': 55.41979812998475, 'sLegPt.lL0': 57.90782040132466, 'sLegPt.rL1': 41.3005632358441, 'sLegPt.lL1': 82.54858160630899, 'sLegPt.x1': 45.63518038583747, 'sLegPt.y1': 29.195550657262782, 'sLegPt.rA1': -63.906855479254716, 'sLegPt.rL2': 88.2056919828724, 'sLegPt.lL2': 33.512578823402634, 'lLegPt.rL0': 82.89982762938916, 'lLegPt.lL0': 26.51801202756681, 'lLegPt.rL1': 18.216687674305277, 'lLegPt.lL1': 38.66989323331059, 'lLegPt.x1': 31.04942283920064, 'lLegPt.y1': 29.145204622597973, 'lLegPt.rA1': -65.51727000475806, 'lLegPt.rL2': 69.0622198259095, 'lLegPt.lL2': 76.0661302176737}",PRUNED
90,90,9.328496555547488,2026-04-14 15:24:58.370491,2026-04-14 15:25:02.358288,0 days 00:00:03.987797,14.08673675988478,65.84993094272646,88.92956589393239,-37.25818873800272,35.613122702728774,15.588373480199795,21.61732778777659,46.49632600868773,18.447052968190597,46.771564587487816,93.442856966135,90.691205629776,-29.46361846171655,61.11440937044354,92.39803883118012,71.59696964269708,37.660395889988166,25.0698679669406,Unattained target,RandomSampler,,PRUNED
91,91,9.328496482825308,2026-04-14 15:25:02.539310,2026-04-14 15:25:06.639768,0 days 00:00:04.100458,14.08673675988478,65.84993094272646,88.92956589393239,-37.25818873800272,35.613122702728774,15.588373480199795,21.61732778777659,46.49632600868773,18.447052968190597,46.771564587487816,93.442856966135,90.691205629776,-29.46361846171655,61.11440937044354,92.39803883118012,71.59696964269708,37.660395889988166,25.0698679669406,Unattained target,RandomSampler,"{'sLegPt.rL0': 61.11440937044354, 'sLegPt.lL0': 46.771564587487816, 'sLegPt.rL1': 92.39803883118012, 'sLegPt.lL1': 93.442856966135, 'sLegPt.x1': 37.660395889988166, 'sLegPt.y1': 25.0698679669406, 'sLegPt.rA1': -29.46361846171655, 'sLegPt.rL2': 71.59696964269708, 'sLegPt.lL2': 90.691205629776, 'lLegPt.rL0': 35.613122702728774, 'lLegPt.lL0': 14.08673675988478, 'lLegPt.rL1': 15.588373480199795, 'lLegPt.lL1': 65.84993094272646, 'lLegPt.x1': 46.49632600868773, 'lLegPt.y1': 18.447052968190597, 'lLegPt.rA1': -37.25818873800272, 'lLegPt.rL2': 21.61732778777659, 'lLegPt.lL2': 88.92956589393239}",PRUNED
92,92,9.328496639704085,2026-04-14 15:25:06.783992,2026-04-14 15:25:10.740896,0 days 00:00:03.956904,14.08673675988478,65.84993094272646,88.92956589393239,-37.25818873800272,35.613122702728774,15.588373480199795,21.61732778777659,46.49632600868773,18.447052968190597,46.771564587487816,93.442856966135,90.691205629776,-29.46361846171655,61.11440937044354,92.39803883118012,71.59696964269708,37.660395889988166,25.0698679669406,Unattained target,RandomSampler,"{'sLegPt.rL0': 61.11440937044354, 'sLegPt.lL0': 46.771564587487816, 'sLegPt.rL1': 92.39803883118012, 'sLegPt.lL1': 93.442856966135, 'sLegPt.x1': 37.660395889988166, 'sLegPt.y1': 25.0698679669406, 'sLegPt.rA1': -29.46361846171655, 'sLegPt.rL2': 71.59696964269708, 'sLegPt.lL2': 90.691205629776, 'lLegPt.rL0': 35.613122702728774, 'lLegPt.lL0': 14.08673675988478, 'lLegPt.rL1': 15.588373480199795, 'lLegPt.lL1': 65.84993094272646, 'lLegPt.x1': 46.49632600868773, 'lLegPt.y1': 18.447052968190597, 'lLegPt.rA1': -37.25818873800272, 'lLegPt.rL2': 21.61732778777659, 'lLegPt.lL2': 88.92956589393239}",PRUNED
93,93,8.252529574882871,2026-04-14 15:25:10.897894,2026-04-14 15:25:14.877605,0 days 00:00:03.979711,73.33474272928254,34.606305387397185,15.619732353286825,-49.6877194276643,88.44889513806827,73.1543475788354,51.80493595387595,46.6412193304992,15.018971577263942,11.458140827619555,44.543680866327605,81.99538951490415,-23.859396742126904,19.42925595508087,87.53438631780368,79.75258418922584,41.234481247015324,15.038662009747645,Unattained target,RandomSampler,,PRUNED
94,94,8.252529647023653,2026-04-14 15:25:15.037911,2026-04-14 15:25:19.147814,0 days 00:00:04.109903,73.33474272928254,34.606305387397185,15.619732353286825,-49.6877194276643,88.44889513806827,73.1543475788354,51.80493595387595,46.6412193304992,15.018971577263942,11.458140827619555,44.543680866327605,81.99538951490415,-23.859396742126904,19.42925595508087,87.53438631780368,79.75258418922584,41.234481247015324,15.038662009747645,Unattained target,RandomSampler,"{'sLegPt.rL0': 19.42925595508087, 'sLegPt.lL0': 11.458140827619555, 'sLegPt.rL1': 87.53438631780368, 'sLegPt.lL1': 44.543680866327605, 'sLegPt.x1': 41.234481247015324, 'sLegPt.y1': 15.038662009747645, 'sLegPt.rA1': -23.859396742126904, 'sLegPt.rL2': 79.75258418922584, 'sLegPt.lL2': 81.99538951490415, 'lLegPt.rL0': 88.44889513806827, 'lLegPt.lL0': 73.33474272928254, 'lLegPt.rL1': 73.1543475788354, 'lLegPt.lL1': 34.606305387397185, 'lLegPt.x1': 46.6412193304992, 'lLegPt.y1': 15.018971577263942, 'lLegPt.rA1': -49.6877194276643, 'lLegPt.rL2': 51.80493595387595, 'lLegPt.lL2': 15.619732353286825}",PRUNED
95,95,8.25252960570354,2026-04-14 15:25:19.302359,2026-04-14 15:25:23.240517,0 days 00:00:03.938158,73.33474272928254,34.606305387397185,15.619732353286825,-49.6877194276643,88.44889513806827,73.1543475788354,51.80493595387595,46.6412193304992,15.018971577263942,11.458140827619555,44.543680866327605,81.99538951490415,-23.859396742126904,19.42925595508087,87.53438631780368,79.75258418922584,41.234481247015324,15.038662009747645,Unattained target,RandomSampler,"{'sLegPt.rL0': 19.42925595508087, 'sLegPt.lL0': 11.458140827619555, 'sLegPt.rL1': 87.53438631780368, 'sLegPt.lL1': 44.543680866327605, 'sLegPt.x1': 41.234481247015324, 'sLegPt.y1': 15.038662009747645, 'sLegPt.rA1': -23.859396742126904, 'sLegPt.rL2': 79.75258418922584, 'sLegPt.lL2': 81.99538951490415, 'lLegPt.rL0': 88.44889513806827, 'lLegPt.lL0': 73.33474272928254, 'lLegPt.rL1': 73.1543475788354, 'lLegPt.lL1': 34.606305387397185, 'lLegPt.x1': 46.6412193304992, 'lLegPt.y1': 15.018971577263942, 'lLegPt.rA1': -49.6877194276643, 'lLegPt.rL2': 51.80493595387595, 'lLegPt.lL2': 15.619732353286825}",PRUNED
96,96,13.986766625289455,2026-04-14 15:25:23.381937,2026-04-14 15:25:27.313197,0 days 00:00:03.931260,63.66243894731319,53.124370195213984,76.75410808769696,-40.220241218863904,68.71783125574922,80.28512005696741,47.30558346556725,30.552087235928102,26.801308709501942,88.90106003655644,13.099498389702207,19.27545033183936,-53.29788307192483,85.69620683873791,50.970753498076924,76.87812624395653,39.8853657661322,14.447166879385168,Unattained target,RandomSampler,,PRUNED
