,number,value,datetime_start,datetime_complete,duration,params_lLegPt.lL0,params_lLegPt.lL1,params_lLegPt.lL2,params_lLegPt.rA1,params_lLegPt.rL0,params_lLegPt.rL1,params_lLegPt.rL2,params_lLegPt.x1,params_lLegPt.y1,params_sLegPt.lL0,params_sLegPt.lL1,params_sLegPt.lL2,params_sLegPt.rA1,params_sLegPt.rL0,params_sLegPt.rL1,params_sLegPt.rL2,params_sLegPt.x1,params_sLegPt.y1,user_attrs_prune,system_attrs_auto:sampler,system_attrs_fixed_params,state
485,485,5.913018647774628,2026-04-14 15:55:28.137552,2026-04-14 15:55:35.653680,0 days 00:00:07.516128,90.2783653821499,44.454435285553245,55.609585208961775,-54.519111089351824,35.670586043144986,24.513354833305833,13.268840705037672,42.95850611668549,24.258860362925997,61.56362622325626,79.47626847054003,94.46064833258829,-45.3344631589607,98.59329340248858,49.578894938307464,29.645218913431343,34.2494044808599,29.383819046955463,Unattained target,GPSampler,"{'sLegPt.rL0': 98.59329340248858, 'sLegPt.lL0': 61.56362622325626, 'sLegPt.rL1': 49.578894938307464, 'sLegPt.lL1': 79.47626847054003, 'sLegPt.x1': 34.2494044808599, 'sLegPt.y1': 29.383819046955463, 'sLegPt.rA1': -45.3344631589607, 'sLegPt.rL2': 29.645218913431343, 'sLegPt.lL2': 94.46064833258829, 'lLegPt.rL0': 35.670586043144986, 'lLegPt.lL0': 90.2783653821499, 'lLegPt.rL1': 24.513354833305833, 'lLegPt.lL1': 44.454435285553245, 'lLegPt.x1': 42.95850611668549, 'lLegPt.y1': 24.258860362925997, 'lLegPt.rA1': -54.519111089351824, 'lLegPt.rL2': 13.268840705037672, 'lLegPt.lL2': 55.609585208961775}",PRUNED
486,486,5.9003396933072665,2026-04-14 15:55:35.824807,2026-04-14 15:55:43.162162,0 days 00:00:07.337355,90.2783653821499,44.454435285553245,55.609585208961775,-54.519111089351824,35.670586043144986,24.513354833305833,13.268840705037672,42.95850611668549,24.258860362925997,61.56362622325626,79.47626847054003,94.46064833258829,-45.3344631589607,98.59329340248858,49.578894938307464,29.645218913431343,34.2494044808599,29.383819046955463,Unattained target,GPSampler,"{'sLegPt.rL0': 98.59329340248858, 'sLegPt.lL0': 61.56362622325626, 'sLegPt.rL1': 49.578894938307464, 'sLegPt.lL1': 79.47626847054003, 'sLegPt.x1': 34.2494044808599, 'sLegPt.y1': 29.383819046955463, 'sLegPt.rA1': -45.3344631589607, 'sLegPt.rL2': 29.645218913431343, 'sLegPt.lL2': 94.46064833258829, 'lLegPt.rL0': 35.670586043144986, 'lLegPt.lL0': 90.2783653821499, 'lLegPt.rL1': 24.513354833305833, 'lLegPt.lL1': 44.454435285553245, 'lLegPt.x1': 42.95850611668549, 'lLegPt.y1': 24.258860362925997, 'lLegPt.rA1': -54.519111089351824, 'lLegPt.rL2': 13.268840705037672, 'lLegPt.lL2': 55.609585208961775}",PRUNED
487,487,9.602773475897315,2026-04-14 15:55:43.314047,2026-04-14 15:55:47.535456,0 days 00:00:04.221409,76.25600960619097,63.75126889679687,89.67518809599565,-69.74181113128151,71.79303289611016,71.69137118067286,17.73199019002585,36.489397744594015,15.554797806004306,94.76720302348538,25.606385558762938,32.10168615111218,-34.55482718950217,94.75271035499033,14.0674475454162,17.62332727783808,44.121373430065276,16.672940411971727,Unattained target,GPSampler,,PRUNED
488,488,9.602774127215078,2026-04-14 15:55:47.701878,2026-04-14 15:55:51.772242,0 days 00:00:04.070364,76.25600960619097,63.75126889679687,89.67518809599565,-69.74181113128151,71.79303289611016,71.69137118067286,17.73199019002585,36.489397744594015,15.554797806004306,94.76720302348538,25.606385558762938,32.10168615111218,-34.55482718950217,94.75271035499033,14.0674475454162,17.62332727783808,44.121373430065276,16.672940411971727,Unattained target,GPSampler,"{'sLegPt.rL0': 94.75271035499033, 'sLegPt.lL0': 94.76720302348538, 'sLegPt.rL1': 14.0674475454162, 'sLegPt.lL1': 25.606385558762938, 'sLegPt.x1': 44.121373430065276, 'sLegPt.y1': 16.672940411971727, 'sLegPt.rA1': -34.55482718950217, 'sLegPt.rL2': 17.62332727783808, 'sLegPt.lL2': 32.10168615111218, 'lLegPt.rL0': 71.79303289611016, 'lLegPt.lL0': 76.25600960619097, 'lLegPt.rL1': 71.69137118067286, 'lLegPt.lL1': 63.75126889679687, 'lLegPt.x1': 36.489397744594015, 'lLegPt.y1': 15.554797806004306, 'lLegPt.rA1': -69.74181113128151, 'lLegPt.rL2': 17.73199019002585, 'lLegPt.lL2': 89.67518809599565}",PRUNED
489,489,9.602773964636278,2026-04-14 15:55:51.938229,2026-04-14 15:55:55.642454,0 days 00:00:03.704225,76.25600960619097,63.75126889679687,89.67518809599565,-69.74181113128151,71.79303289611016,71.69137118067286,17.73199019002585,36.489397744594015,15.554797806004306,94.76720302348538,25.606385558762938,32.10168615111218,-34.55482718950217,94.75271035499033,14.0674475454162,17.62332727783808,44.121373430065276,16.672940411971727,Unattained target,GPSampler,"{'sLegPt.rL0': 94.75271035499033, 'sLegPt.lL0': 94.76720302348538, 'sLegPt.rL1': 14.0674475454162, 'sLegPt.lL1': 25.606385558762938, 'sLegPt.x1': 44.121373430065276, 'sLegPt.y1': 16.672940411971727, 'sLegPt.rA1': -34.55482718950217, 'sLegPt.rL2': 17.62332727783808, 'sLegPt.lL2': 32.10168615111218, 'lLegPt.rL0': 71.79303289611016, 'lLegPt.lL0': 76.25600960619097, 'lLegPt.rL1': 71.69137118067286, 'lLegPt.lL1': 63.75126889679687, 'lLegPt.x1': 36.489397744594015, 'lLegPt.y1': 15.554797806004306, 'lLegPt.rA1': -69.74181113128151, 'lLegPt.rL2': 17.73199019002585, 'lLegPt.lL2': 89.67518809599565}",PRUNED
490,490,10.00214550874755,2026-04-14 15:55:55.798462,2026-04-14 15:55:59.571703,0 days 00:00:03.773241,30.652211695472076,73.07859597524207,45.23380955115569,-58.134784412907436,99.64074538945714,10.434763790488612,77.02537855364423,34.008872927043136,12.976807980835915,16.67620478462102,77.97623357510426,55.20766005083746,-73.6017928916594,17.177555271025817,96.96874032004592,54.35318187851681,40.112296658608116,24.60910242574947,Unattained target,GPSampler,,PRUNED
491,491,10.002145200055509,2026-04-14 15:55:59.725861,2026-04-14 15:56:03.498697,0 days 00:00:03.772836,30.652211695472076,73.07859597524207,45.23380955115569,-58.134784412907436,99.64074538945714,10.434763790488612,77.02537855364423,34.008872927043136,12.976807980835915,16.67620478462102,77.97623357510426,55.20766005083746,-73.6017928916594,17.177555271025817,96.96874032004592,54.35318187851681,40.112296658608116,24.60910242574947,Unattained target,GPSampler,"{'sLegPt.rL0': 17.177555271025817, 'sLegPt.lL0': 16.67620478462102, 'sLegPt.rL1': 96.96874032004592, 'sLegPt.lL1': 77.97623357510426, 'sLegPt.x1': 40.112296658608116, 'sLegPt.y1': 24.60910242574947, 'sLegPt.rA1': -73.6017928916594, 'sLegPt.rL2': 54.35318187851681, 'sLegPt.lL2': 55.20766005083746, 'lLegPt.rL0': 99.64074538945714, 'lLegPt.lL0': 30.652211695472076, 'lLegPt.rL1': 10.434763790488612, 'lLegPt.lL1': 73.07859597524207, 'lLegPt.x1': 34.008872927043136, 'lLegPt.y1': 12.976807980835915, 'lLegPt.rA1': -58.134784412907436, 'lLegPt.rL2': 77.02537855364423, 'lLegPt.lL2': 45.23380955115569}",PRUNED
492,492,10.002145917729283,2026-04-14 15:56:03.664977,2026-04-14 15:56:07.356161,0 days 00:00:03.691184,30.652211695472076,73.07859597524207,45.23380955115569,-58.134784412907436,99.64074538945714,10.434763790488612,77.02537855364423,34.008872927043136,12.976807980835915,16.67620478462102,77.97623357510426,55.20766005083746,-73.6017928916594,17.177555271025817,96.96874032004592,54.35318187851681,40.112296658608116,24.60910242574947,Unattained target,GPSampler,"{'sLegPt.rL0': 17.177555271025817, 'sLegPt.lL0': 16.67620478462102, 'sLegPt.rL1': 96.96874032004592, 'sLegPt.lL1': 77.97623357510426, 'sLegPt.x1': 40.112296658608116, 'sLegPt.y1': 24.60910242574947, 'sLegPt.rA1': -73.6017928916594, 'sLegPt.rL2': 54.35318187851681, 'sLegPt.lL2': 55.20766005083746, 'lLegPt.rL0': 99.64074538945714, 'lLegPt.lL0': 30.652211695472076, 'lLegPt.rL1': 10.434763790488612, 'lLegPt.lL1': 73.07859597524207, 'lLegPt.x1': 34.008872927043136, 'lLegPt.y1': 12.976807980835915, 'lLegPt.rA1': -58.134784412907436, 'lLegPt.rL2': 77.02537855364423, 'lLegPt.lL2': 45.23380955115569}",PRUNED
493,493,8.398207851586342,2026-04-14 15:56:07.517894,2026-04-14 15:56:11.353408,0 days 00:00:03.835514,11.429863561612857,34.720722357111825,94.2646187585474,-26.48452274852616,30.85164711142837,95.62773786858462,34.006457060682735,37.28620235818202,14.3702714639841,60.869999665835,82.29173032211285,20.179344146787933,-77.84960096505398,72.80449665050172,22.685544079149643,95.9974078840732,40.285990452971774,21.922787304285098,Unattained target,GPSampler,,PRUNED
494,494,8.398207888323022,2026-04-14 15:56:11.522965,2026-04-14 15:56:15.193177,0 days 00:00:03.670212,11.429863561612857,34.720722357111825,94.2646187585474,-26.48452274852616,30.85164711142837,95.62773786858462,34.006457060682735,37.28620235818202,14.3702714639841,60.869999665835,82.29173032211285,20.179344146787933,-77.84960096505398,72.80449665050172,22.685544079149643,95.9974078840732,40.285990452971774,21.922787304285098,Unattained target,GPSampler,"{'sLegPt.rL0': 72.80449665050172, 'sLegPt.lL0': 60.869999665835, 'sLegPt.rL1': 22.685544079149643, 'sLegPt.lL1': 82.29173032211285, 'sLegPt.x1': 40.285990452971774, 'sLegPt.y1': 21.922787304285098, 'sLegPt.rA1': -77.84960096505398, 'sLegPt.rL2': 95.9974078840732, 'sLegPt.lL2': 20.179344146787933, 'lLegPt.rL0': 30.85164711142837, 'lLegPt.lL0': 11.429863561612857, 'lLegPt.rL1': 95.62773786858462, 'lLegPt.lL1': 34.720722357111825, 'lLegPt.x1': 37.28620235818202, 'lLegPt.y1': 14.3702714639841, 'lLegPt.rA1': -26.48452274852616, 'lLegPt.rL2': 34.006457060682735, 'lLegPt.lL2': 94.2646187585474}",PRUNED
495,495,8.398208066484024,2026-04-14 15:56:15.358054,2026-04-14 15:56:19.046803,0 days 00:00:03.688749,11.429863561612857,34.720722357111825,94.2646187585474,-26.48452274852616,30.85164711142837,95.62773786858462,34.006457060682735,37.28620235818202,14.3702714639841,60.869999665835,82.29173032211285,20.179344146787933,-77.84960096505398,72.80449665050172,22.685544079149643,95.9974078840732,40.285990452971774,21.922787304285098,Unattained target,GPSampler,"{'sLegPt.rL0': 72.80449665050172, 'sLegPt.lL0': 60.869999665835, 'sLegPt.rL1': 22.685544079149643, 'sLegPt.lL1': 82.29173032211285, 'sLegPt.x1': 40.285990452971774, 'sLegPt.y1': 21.922787304285098, 'sLegPt.rA1': -77.84960096505398, 'sLegPt.rL2': 95.9974078840732, 'sLegPt.lL2': 20.179344146787933, 'lLegPt.rL0': 30.85164711142837, 'lLegPt.lL0': 11.429863561612857, 'lLegPt.rL1': 95.62773786858462, 'lLegPt.lL1': 34.720722357111825, 'lLegPt.x1': 37.28620235818202, 'lLegPt.y1': 14.3702714639841, 'lLegPt.rA1': -26.48452274852616, 'lLegPt.rL2': 34.006457060682735, 'lLegPt.lL2': 94.2646187585474}",PRUNED
496,496,9.226870583291372,2026-04-14 15:56:19.205967,2026-04-14 15:56:22.958381,0 days 00:00:03.752414,97.9548179724278,98.74673730051147,64.06911845296972,-63.43417580731901,40.510137748667844,69.26836886115214,75.58059863699997,35.234042560694995,26.481722864670644,62.48418307051726,24.439385415002462,14.045828740659198,-30.51159547713526,20.35606704731342,97.06304159337184,98.50289415710796,33.610089072038086,29.923842907578702,Unattained target,GPSampler,,PRUNED
497,497,9.226870496189207,2026-04-14 15:56:23.132300,2026-04-14 15:56:26.704597,0 days 00:00:03.572297,97.9548179724278,98.74673730051147,64.06911845296972,-63.43417580731901,40.510137748667844,69.26836886115214,75.58059863699997,35.234042560694995,26.481722864670644,62.48418307051726,24.439385415002462,14.045828740659198,-30.51159547713526,20.35606704731342,97.06304159337184,98.50289415710796,33.610089072038086,29.923842907578702,Unattained target,GPSampler,"{'sLegPt.rL0': 20.35606704731342, 'sLegPt.lL0': 62.48418307051726, 'sLegPt.rL1': 97.06304159337184, 'sLegPt.lL1': 24.439385415002462, 'sLegPt.x1': 33.610089072038086, 'sLegPt.y1': 29.923842907578702, 'sLegPt.rA1': -30.51159547713526, 'sLegPt.rL2': 98.50289415710796, 'sLegPt.lL2': 14.045828740659198, 'lLegPt.rL0': 40.510137748667844, 'lLegPt.lL0': 97.9548179724278, 'lLegPt.rL1': 69.26836886115214, 'lLegPt.lL1': 98.74673730051147, 'lLegPt.x1': 35.234042560694995, 'lLegPt.y1': 26.481722864670644, 'lLegPt.rA1': -63.43417580731901, 'lLegPt.rL2': 75.58059863699997, 'lLegPt.lL2': 64.06911845296972}",PRUNED
498,498,9.226870579318842,2026-04-14 15:56:26.877994,2026-04-14 15:56:30.634581,0 days 00:00:03.756587,97.9548179724278,98.74673730051147,64.06911845296972,-63.43417580731901,40.510137748667844,69.26836886115214,75.58059863699997,35.234042560694995,26.481722864670644,62.48418307051726,24.439385415002462,14.045828740659198,-30.51159547713526,20.35606704731342,97.06304159337184,98.50289415710796,33.610089072038086,29.923842907578702,Unattained target,GPSampler,"{'sLegPt.rL0': 20.35606704731342, 'sLegPt.lL0': 62.48418307051726, 'sLegPt.rL1': 97.06304159337184, 'sLegPt.lL1': 24.439385415002462, 'sLegPt.x1': 33.610089072038086, 'sLegPt.y1': 29.923842907578702, 'sLegPt.rA1': -30.51159547713526, 'sLegPt.rL2': 98.50289415710796, 'sLegPt.lL2': 14.045828740659198, 'lLegPt.rL0': 40.510137748667844, 'lLegPt.lL0': 97.9548179724278, 'lLegPt.rL1': 69.26836886115214, 'lLegPt.lL1': 98.74673730051147, 'lLegPt.x1': 35.234042560694995, 'lLegPt.y1': 26.481722864670644, 'lLegPt.rA1': -63.43417580731901, 'lLegPt.rL2': 75.58059863699997, 'lLegPt.lL2': 64.06911845296972}",PRUNED
499,499,9.176188307546255,2026-04-14 15:56:30.804247,2026-04-14 15:56:34.489636,0 days 00:00:03.685389,54.40503559570566,20.94486190401864,70.71442790277266,-59.46035021500367,95.55129952379228,30.555876970449617,74.1524227687014,42.21250741083196,29.52827042869044,16.596101579842234,51.29931084020296,73.42247276667672,-58.46067863860283,53.74747787784427,46.41973480760466,58.03100468824239,34.45672227140828,29.13351893311067,Unattained target,GPSampler,,PRUNED
500,500,9.176188224806886,2026-04-14 15:56:34.651958,2026-04-14 15:56:38.547071,0 days 00:00:03.895113,54.40503559570566,20.94486190401864,70.71442790277266,-59.46035021500367,95.55129952379228,30.555876970449617,74.1524227687014,42.21250741083196,29.52827042869044,16.596101579842234,51.29931084020296,73.42247276667672,-58.46067863860283,53.74747787784427,46.41973480760466,58.03100468824239,34.45672227140828,29.13351893311067,Unattained target,GPSampler,"{'sLegPt.rL0': 53.74747787784427, 'sLegPt.lL0': 16.596101579842234, 'sLegPt.rL1': 46.41973480760466, 'sLegPt.lL1': 51.29931084020296, 'sLegPt.x1': 34.45672227140828, 'sLegPt.y1': 29.13351893311067, 'sLegPt.rA1': -58.46067863860283, 'sLegPt.rL2': 58.03100468824239, 'sLegPt.lL2': 73.42247276667672, 'lLegPt.rL0': 95.55129952379228, 'lLegPt.lL0': 54.40503559570566, 'lLegPt.rL1': 30.555876970449617, 'lLegPt.lL1': 20.94486190401864, 'lLegPt.x1': 42.21250741083196, 'lLegPt.y1': 29.52827042869044, 'lLegPt.rA1': -59.46035021500367, 'lLegPt.rL2': 74.1524227687014, 'lLegPt.lL2': 70.71442790277266}",PRUNED
501,501,9.176188529762378,2026-04-14 15:56:38.699350,2026-04-14 15:56:42.252723,0 days 00:00:03.553373,54.40503559570566,20.94486190401864,70.71442790277266,-59.46035021500367,95.55129952379228,30.555876970449617,74.1524227687014,42.21250741083196,29.52827042869044,16.596101579842234,51.29931084020296,73.42247276667672,-58.46067863860283,53.74747787784427,46.41973480760466,58.03100468824239,34.45672227140828,29.13351893311067,Unattained target,GPSampler,"{'sLegPt.rL0': 53.74747787784427, 'sLegPt.lL0': 16.596101579842234, 'sLegPt.rL1': 46.41973480760466, 'sLegPt.lL1': 51.29931084020296, 'sLegPt.x1': 34.45672227140828, 'sLegPt.y1': 29.13351893311067, 'sLegPt.rA1': -58.46067863860283, 'sLegPt.rL2': 58.03100468824239, 'sLegPt.lL2': 73.42247276667672, 'lLegPt.rL0': 95.55129952379228, 'lLegPt.lL0': 54.40503559570566, 'lLegPt.rL1': 30.555876970449617, 'lLegPt.lL1': 20.94486190401864, 'lLegPt.x1': 42.21250741083196, 'lLegPt.y1': 29.52827042869044, 'lLegPt.rA1': -59.46035021500367, 'lLegPt.rL2': 74.1524227687014, 'lLegPt.lL2': 70.71442790277266}",PRUNED
502,502,6.067417660708806,2026-04-14 15:56:42.413948,2026-04-14 15:56:46.333822,0 days 00:00:03.919874,41.559337247382416,22.061277756486888,83.93236837205446,-73.57921923157858,25.432615538728307,66.29500319475491,38.96898154647593,38.15684488875139,19.975084568728104,76.04226826730532,24.19015984186623,50.97921356273076,-54.14519741567692,43.280677866452365,62.0158411370668,44.30674742448485,40.50095779843416,17.032924890239933,Unattained target,GPSampler,,PRUNED
503,503,6.067418411783422,2026-04-14 15:56:46.500851,2026-04-14 15:56:50.342604,0 days 00:00:03.841753,41.559337247382416,22.061277756486888,83.93236837205446,-73.57921923157858,25.432615538728307,66.29500319475491,38.96898154647593,38.15684488875139,19.975084568728104,76.04226826730532,24.19015984186623,50.97921356273076,-54.14519741567692,43.280677866452365,62.0158411370668,44.30674742448485,40.50095779843416,17.032924890239933,Unattained target,GPSampler,"{'sLegPt.rL0': 43.280677866452365, 'sLegPt.lL0': 76.04226826730532, 'sLegPt.rL1': 62.0158411370668, 'sLegPt.lL1': 24.19015984186623, 'sLegPt.x1': 40.50095779843416, 'sLegPt.y1': 17.032924890239933, 'sLegPt.rA1': -54.14519741567692, 'sLegPt.rL2': 44.30674742448485, 'sLegPt.lL2': 50.97921356273076, 'lLegPt.rL0': 25.432615538728307, 'lLegPt.lL0': 41.559337247382416, 'lLegPt.rL1': 66.29500319475491, 'lLegPt.lL1': 22.061277756486888, 'lLegPt.x1': 38.15684488875139, 'lLegPt.y1': 19.975084568728104, 'lLegPt.rA1': -73.57921923157858, 'lLegPt.rL2': 38.96898154647593, 'lLegPt.lL2': 83.93236837205446}",PRUNED
504,504,6.06742159055208,2026-04-14 15:56:50.502560,2026-04-14 15:56:54.248641,0 days 00:00:03.746081,41.559337247382416,22.061277756486888,83.93236837205446,-73.57921923157858,25.432615538728307,66.29500319475491,38.96898154647593,38.15684488875139,19.975084568728104,76.04226826730532,24.19015984186623,50.97921356273076,-54.14519741567692,43.280677866452365,62.0158411370668,44.30674742448485,40.50095779843416,17.032924890239933,Unattained target,GPSampler,"{'sLegPt.rL0': 43.280677866452365, 'sLegPt.lL0': 76.04226826730532, 'sLegPt.rL1': 62.0158411370668, 'sLegPt.lL1': 24.19015984186623, 'sLegPt.x1': 40.50095779843416, 'sLegPt.y1': 17.032924890239933, 'sLegPt.rA1': -54.14519741567692, 'sLegPt.rL2': 44.30674742448485, 'sLegPt.lL2': 50.97921356273076, 'lLegPt.rL0': 25.432615538728307, 'lLegPt.lL0': 41.559337247382416, 'lLegPt.rL1': 66.29500319475491, 'lLegPt.lL1': 22.061277756486888, 'lLegPt.x1': 38.15684488875139, 'lLegPt.y1': 19.975084568728104, 'lLegPt.rA1': -73.57921923157858, 'lLegPt.rL2': 38.96898154647593, 'lLegPt.lL2': 83.93236837205446}",PRUNED
505,505,10.739487348731593,2026-04-14 15:56:54.407318,2026-04-14 15:56:58.041257,0 days 00:00:03.633939,49.333034842570164,38.99783566983922,39.35137363267408,-58.97746890117449,80.78988202539321,94.28378375589965,34.712928598180426,30.034250716044927,13.762868671044469,90.02648519459154,83.5800870500775,94.04225611339032,-78.22010787825218,49.34073745616023,64.23590770319106,77.544636877279,49.614625181988366,28.364490895967318,Unattained target,GPSampler,,PRUNED
506,506,10.739487280372813,2026-04-14 15:56:58.210936,2026-04-14 15:57:02.067611,0 days 00:00:03.856675,49.333034842570164,38.99783566983922,39.35137363267408,-58.97746890117449,80.78988202539321,94.28378375589965,34.712928598180426,30.034250716044927,13.762868671044469,90.02648519459154,83.5800870500775,94.04225611339032,-78.22010787825218,49.34073745616023,64.23590770319106,77.544636877279,49.614625181988366,28.364490895967318,Unattained target,GPSampler,"{'sLegPt.rL0': 49.34073745616023, 'sLegPt.lL0': 90.02648519459154, 'sLegPt.rL1': 64.23590770319106, 'sLegPt.lL1': 83.5800870500775, 'sLegPt.x1': 49.614625181988366, 'sLegPt.y1': 28.364490895967318, 'sLegPt.rA1': -78.22010787825218, 'sLegPt.rL2': 77.544636877279, 'sLegPt.lL2': 94.04225611339032, 'lLegPt.rL0': 80.78988202539321, 'lLegPt.lL0': 49.333034842570164, 'lLegPt.rL1': 94.28378375589965, 'lLegPt.lL1': 38.99783566983922, 'lLegPt.x1': 30.034250716044927, 'lLegPt.y1': 13.762868671044469, 'lLegPt.rA1': -58.97746890117449, 'lLegPt.rL2': 34.712928598180426, 'lLegPt.lL2': 39.35137363267408}",PRUNED
507,507,10.739487271400442,2026-04-14 15:57:02.230192,2026-04-14 15:57:06.072735,0 days 00:00:03.842543,49.333034842570164,38.99783566983922,39.35137363267408,-58.97746890117449,80.78988202539321,94.28378375589965,34.712928598180426,30.034250716044927,13.762868671044469,90.02648519459154,83.5800870500775,94.04225611339032,-78.22010787825218,49.34073745616023,64.23590770319106,77.544636877279,49.614625181988366,28.364490895967318,Unattained target,GPSampler,"{'sLegPt.rL0': 49.34073745616023, 'sLegPt.lL0': 90.02648519459154, 'sLegPt.rL1': 64.23590770319106, 'sLegPt.lL1': 83.5800870500775, 'sLegPt.x1': 49.614625181988366, 'sLegPt.y1': 28.364490895967318, 'sLegPt.rA1': -78.22010787825218, 'sLegPt.rL2': 77.544636877279, 'sLegPt.lL2': 94.04225611339032, 'lLegPt.rL0': 80.78988202539321, 'lLegPt.lL0': 49.333034842570164, 'lLegPt.rL1': 94.28378375589965, 'lLegPt.lL1': 38.99783566983922, 'lLegPt.x1': 30.034250716044927, 'lLegPt.y1': 13.762868671044469, 'lLegPt.rA1': -58.97746890117449, 'lLegPt.rL2': 34.712928598180426, 'lLegPt.lL2': 39.35137363267408}",PRUNED
508,508,8.182358288958653,2026-04-14 15:57:06.230702,2026-04-14 15:57:10.270277,0 days 00:00:04.039575,21.462107526325223,96.53804291257066,52.016731583403185,-23.899981401521288,40.26836014109253,27.252663279517282,40.03545548512443,36.28516928098088,14.92168098241702,98.68140129615685,66.91707894838862,95.02241502392235,-68.02790325240194,95.80881831491715,19.544266278390182,83.73004459542713,44.61307199330144,20.81686356649186,Unattained target,GPSampler,,PRUNED
