,number,value,datetime_start,datetime_complete,duration,params_lLegPt.lL0,params_lLegPt.lL1,params_lLegPt.lL2,params_lLegPt.rA1,params_lLegPt.rL0,params_lLegPt.rL1,params_lLegPt.rL2,params_lLegPt.x1,params_lLegPt.y1,params_sLegPt.lL0,params_sLegPt.lL1,params_sLegPt.lL2,params_sLegPt.rA1,params_sLegPt.rL0,params_sLegPt.rL1,params_sLegPt.rL2,params_sLegPt.x1,params_sLegPt.y1,user_attrs_prune,system_attrs_auto:sampler,system_attrs_fixed_params,state
269,269,6.4623734902075824,2026-04-14 15:39:20.631972,2026-04-14 15:39:24.455754,0 days 00:00:03.823782,92.94018662534113,29.0088280036497,76.95927026960965,-62.487992909465056,76.37627945158579,55.78652025499183,52.46080461625629,42.593641408183835,23.7152567992623,88.95782241373094,51.20011981617684,66.0293929633763,-44.392936451094315,49.20076928792117,93.9612824876884,31.56490476986917,43.61473649620992,24.926344137515123,Unattained target,GPSampler,"{'sLegPt.rL0': 49.20076928792117, 'sLegPt.lL0': 88.95782241373094, 'sLegPt.rL1': 93.9612824876884, 'sLegPt.lL1': 51.20011981617684, 'sLegPt.x1': 43.61473649620992, 'sLegPt.y1': 24.926344137515123, 'sLegPt.rA1': -44.392936451094315, 'sLegPt.rL2': 31.56490476986917, 'sLegPt.lL2': 66.0293929633763, 'lLegPt.rL0': 76.37627945158579, 'lLegPt.lL0': 92.94018662534113, 'lLegPt.rL1': 55.78652025499183, 'lLegPt.lL1': 29.0088280036497, 'lLegPt.x1': 42.593641408183835, 'lLegPt.y1': 23.7152567992623, 'lLegPt.rA1': -62.487992909465056, 'lLegPt.rL2': 52.46080461625629, 'lLegPt.lL2': 76.95927026960965}",PRUNED
270,270,6.46237357033165,2026-04-14 15:39:24.603917,2026-04-14 15:39:28.299931,0 days 00:00:03.696014,92.94018662534113,29.0088280036497,76.95927026960965,-62.487992909465056,76.37627945158579,55.78652025499183,52.46080461625629,42.593641408183835,23.7152567992623,88.95782241373094,51.20011981617684,66.0293929633763,-44.392936451094315,49.20076928792117,93.9612824876884,31.56490476986917,43.61473649620992,24.926344137515123,Unattained target,GPSampler,"{'sLegPt.rL0': 49.20076928792117, 'sLegPt.lL0': 88.95782241373094, 'sLegPt.rL1': 93.9612824876884, 'sLegPt.lL1': 51.20011981617684, 'sLegPt.x1': 43.61473649620992, 'sLegPt.y1': 24.926344137515123, 'sLegPt.rA1': -44.392936451094315, 'sLegPt.rL2': 31.56490476986917, 'sLegPt.lL2': 66.0293929633763, 'lLegPt.rL0': 76.37627945158579, 'lLegPt.lL0': 92.94018662534113, 'lLegPt.rL1': 55.78652025499183, 'lLegPt.lL1': 29.0088280036497, 'lLegPt.x1': 42.593641408183835, 'lLegPt.y1': 23.7152567992623, 'lLegPt.rA1': -62.487992909465056, 'lLegPt.rL2': 52.46080461625629, 'lLegPt.lL2': 76.95927026960965}",PRUNED
271,271,8.197189776109326,2026-04-14 15:39:28.453281,2026-04-14 15:39:32.156284,0 days 00:00:03.703003,26.970229706626483,80.37482013946413,71.340539034323,-32.34170702968953,38.601080727952265,31.577438906637884,68.23963131749858,32.49178344816627,24.09006720257823,40.202389587010956,32.828453630635515,90.5789097372475,-38.05018659308299,17.816004495503385,30.604208555392873,48.266793314878754,30.96356047576171,16.695825378393934,Unattained target,GPSampler,,PRUNED
272,272,8.197189813570013,2026-04-14 15:39:32.316691,2026-04-14 15:39:36.352345,0 days 00:00:04.035654,26.970229706626483,80.37482013946413,71.340539034323,-32.34170702968953,38.601080727952265,31.577438906637884,68.23963131749858,32.49178344816627,24.09006720257823,40.202389587010956,32.828453630635515,90.5789097372475,-38.05018659308299,17.816004495503385,30.604208555392873,48.266793314878754,30.96356047576171,16.695825378393934,Unattained target,GPSampler,"{'sLegPt.rL0': 17.816004495503385, 'sLegPt.lL0': 40.202389587010956, 'sLegPt.rL1': 30.604208555392873, 'sLegPt.lL1': 32.828453630635515, 'sLegPt.x1': 30.96356047576171, 'sLegPt.y1': 16.695825378393934, 'sLegPt.rA1': -38.05018659308299, 'sLegPt.rL2': 48.266793314878754, 'sLegPt.lL2': 90.5789097372475, 'lLegPt.rL0': 38.601080727952265, 'lLegPt.lL0': 26.970229706626483, 'lLegPt.rL1': 31.577438906637884, 'lLegPt.lL1': 80.37482013946413, 'lLegPt.x1': 32.49178344816627, 'lLegPt.y1': 24.09006720257823, 'lLegPt.rA1': -32.34170702968953, 'lLegPt.rL2': 68.23963131749858, 'lLegPt.lL2': 71.340539034323}",PRUNED
273,273,8.197189708656524,2026-04-14 15:39:36.502220,2026-04-14 15:39:40.385956,0 days 00:00:03.883736,26.970229706626483,80.37482013946413,71.340539034323,-32.34170702968953,38.601080727952265,31.577438906637884,68.23963131749858,32.49178344816627,24.09006720257823,40.202389587010956,32.828453630635515,90.5789097372475,-38.05018659308299,17.816004495503385,30.604208555392873,48.266793314878754,30.96356047576171,16.695825378393934,Unattained target,GPSampler,"{'sLegPt.rL0': 17.816004495503385, 'sLegPt.lL0': 40.202389587010956, 'sLegPt.rL1': 30.604208555392873, 'sLegPt.lL1': 32.828453630635515, 'sLegPt.x1': 30.96356047576171, 'sLegPt.y1': 16.695825378393934, 'sLegPt.rA1': -38.05018659308299, 'sLegPt.rL2': 48.266793314878754, 'sLegPt.lL2': 90.5789097372475, 'lLegPt.rL0': 38.601080727952265, 'lLegPt.lL0': 26.970229706626483, 'lLegPt.rL1': 31.577438906637884, 'lLegPt.lL1': 80.37482013946413, 'lLegPt.x1': 32.49178344816627, 'lLegPt.y1': 24.09006720257823, 'lLegPt.rA1': -32.34170702968953, 'lLegPt.rL2': 68.23963131749858, 'lLegPt.lL2': 71.340539034323}",PRUNED
274,274,5.056935274299477,2026-04-14 15:39:40.518036,2026-04-14 15:39:46.088140,0 days 00:00:05.570104,82.22225832890805,21.190129227989807,13.044896919645161,-58.87973811401148,27.848457504463312,14.442535529330984,74.56013725462147,38.87338428228999,27.244911145344226,22.096158595918183,63.222328047057836,12.46022147899798,-55.521699684303215,67.55773388123563,83.0993463158761,34.53639825876081,35.50672076323207,13.663679307332968,Unattained target,GPSampler,,PRUNED
275,275,5.056932653437514,2026-04-14 15:39:46.239569,2026-04-14 15:39:52.010482,0 days 00:00:05.770913,82.22225832890805,21.190129227989807,13.044896919645161,-58.87973811401148,27.848457504463312,14.442535529330984,74.56013725462147,38.87338428228999,27.244911145344226,22.096158595918183,63.222328047057836,12.46022147899798,-55.521699684303215,67.55773388123563,83.0993463158761,34.53639825876081,35.50672076323207,13.663679307332968,Unattained target,GPSampler,"{'sLegPt.rL0': 67.55773388123563, 'sLegPt.lL0': 22.096158595918183, 'sLegPt.rL1': 83.0993463158761, 'sLegPt.lL1': 63.222328047057836, 'sLegPt.x1': 35.50672076323207, 'sLegPt.y1': 13.663679307332968, 'sLegPt.rA1': -55.521699684303215, 'sLegPt.rL2': 34.53639825876081, 'sLegPt.lL2': 12.46022147899798, 'lLegPt.rL0': 27.848457504463312, 'lLegPt.lL0': 82.22225832890805, 'lLegPt.rL1': 14.442535529330984, 'lLegPt.lL1': 21.190129227989807, 'lLegPt.x1': 38.87338428228999, 'lLegPt.y1': 27.244911145344226, 'lLegPt.rA1': -58.87973811401148, 'lLegPt.rL2': 74.56013725462147, 'lLegPt.lL2': 13.044896919645161}",PRUNED
276,276,5.0569421548837425,2026-04-14 15:39:52.174303,2026-04-14 15:39:57.878685,0 days 00:00:05.704382,82.22225832890805,21.190129227989807,13.044896919645161,-58.87973811401148,27.848457504463312,14.442535529330984,74.56013725462147,38.87338428228999,27.244911145344226,22.096158595918183,63.222328047057836,12.46022147899798,-55.521699684303215,67.55773388123563,83.0993463158761,34.53639825876081,35.50672076323207,13.663679307332968,Unattained target,GPSampler,"{'sLegPt.rL0': 67.55773388123563, 'sLegPt.lL0': 22.096158595918183, 'sLegPt.rL1': 83.0993463158761, 'sLegPt.lL1': 63.222328047057836, 'sLegPt.x1': 35.50672076323207, 'sLegPt.y1': 13.663679307332968, 'sLegPt.rA1': -55.521699684303215, 'sLegPt.rL2': 34.53639825876081, 'sLegPt.lL2': 12.46022147899798, 'lLegPt.rL0': 27.848457504463312, 'lLegPt.lL0': 82.22225832890805, 'lLegPt.rL1': 14.442535529330984, 'lLegPt.lL1': 21.190129227989807, 'lLegPt.x1': 38.87338428228999, 'lLegPt.y1': 27.244911145344226, 'lLegPt.rA1': -58.87973811401148, 'lLegPt.rL2': 74.56013725462147, 'lLegPt.lL2': 13.044896919645161}",PRUNED
277,277,18.499189749404074,2026-04-14 15:39:58.029197,2026-04-14 15:40:01.860562,0 days 00:00:03.831365,28.44443187379813,20.494492022369123,97.03908106869825,-20.66521115085041,27.826690396325546,64.7164996407994,77.86871910149078,37.70013968249492,16.43481541183406,69.43566061156051,79.89193127707478,44.20593143154866,-21.130880950633525,70.4958473124112,20.049434255653694,60.98298537257275,34.93819096504281,19.904200179983185,Unattained target,GPSampler,,PRUNED
278,278,18.49918965139976,2026-04-14 15:40:02.019816,2026-04-14 15:40:06.007333,0 days 00:00:03.987517,28.44443187379813,20.494492022369123,97.03908106869825,-20.66521115085041,27.826690396325546,64.7164996407994,77.86871910149078,37.70013968249492,16.43481541183406,69.43566061156051,79.89193127707478,44.20593143154866,-21.130880950633525,70.4958473124112,20.049434255653694,60.98298537257275,34.93819096504281,19.904200179983185,Unattained target,GPSampler,"{'sLegPt.rL0': 70.4958473124112, 'sLegPt.lL0': 69.43566061156051, 'sLegPt.rL1': 20.049434255653694, 'sLegPt.lL1': 79.89193127707478, 'sLegPt.x1': 34.93819096504281, 'sLegPt.y1': 19.904200179983185, 'sLegPt.rA1': -21.130880950633525, 'sLegPt.rL2': 60.98298537257275, 'sLegPt.lL2': 44.20593143154866, 'lLegPt.rL0': 27.826690396325546, 'lLegPt.lL0': 28.44443187379813, 'lLegPt.rL1': 64.7164996407994, 'lLegPt.lL1': 20.494492022369123, 'lLegPt.x1': 37.70013968249492, 'lLegPt.y1': 16.43481541183406, 'lLegPt.rA1': -20.66521115085041, 'lLegPt.rL2': 77.86871910149078, 'lLegPt.lL2': 97.03908106869825}",PRUNED
279,279,18.49918971256617,2026-04-14 15:40:06.146898,2026-04-14 15:40:09.935209,0 days 00:00:03.788311,28.44443187379813,20.494492022369123,97.03908106869825,-20.66521115085041,27.826690396325546,64.7164996407994,77.86871910149078,37.70013968249492,16.43481541183406,69.43566061156051,79.89193127707478,44.20593143154866,-21.130880950633525,70.4958473124112,20.049434255653694,60.98298537257275,34.93819096504281,19.904200179983185,Unattained target,GPSampler,"{'sLegPt.rL0': 70.4958473124112, 'sLegPt.lL0': 69.43566061156051, 'sLegPt.rL1': 20.049434255653694, 'sLegPt.lL1': 79.89193127707478, 'sLegPt.x1': 34.93819096504281, 'sLegPt.y1': 19.904200179983185, 'sLegPt.rA1': -21.130880950633525, 'sLegPt.rL2': 60.98298537257275, 'sLegPt.lL2': 44.20593143154866, 'lLegPt.rL0': 27.826690396325546, 'lLegPt.lL0': 28.44443187379813, 'lLegPt.rL1': 64.7164996407994, 'lLegPt.lL1': 20.494492022369123, 'lLegPt.x1': 37.70013968249492, 'lLegPt.y1': 16.43481541183406, 'lLegPt.rA1': -20.66521115085041, 'lLegPt.rL2': 77.86871910149078, 'lLegPt.lL2': 97.03908106869825}",PRUNED
280,280,9.743061376171653,2026-04-14 15:40:10.085773,2026-04-14 15:40:13.961882,0 days 00:00:03.876109,42.82415769499564,15.420604349332454,95.86886434423545,-41.89758072002009,19.501569951025967,74.99736971409699,98.58065626812436,35.121525463753265,23.035014432111147,42.746393120531785,79.14324271460798,37.133513340634266,-60.53140879301654,48.54826869024684,25.096455986178672,30.06224021243225,33.29639345788669,12.82327046528602,Unattained target,GPSampler,,PRUNED
281,281,9.743061480922393,2026-04-14 15:40:14.107770,2026-04-14 15:40:17.784048,0 days 00:00:03.676278,42.82415769499564,15.420604349332454,95.86886434423545,-41.89758072002009,19.501569951025967,74.99736971409699,98.58065626812436,35.121525463753265,23.035014432111147,42.746393120531785,79.14324271460798,37.133513340634266,-60.53140879301654,48.54826869024684,25.096455986178672,30.06224021243225,33.29639345788669,12.82327046528602,Unattained target,GPSampler,"{'sLegPt.rL0': 48.54826869024684, 'sLegPt.lL0': 42.746393120531785, 'sLegPt.rL1': 25.096455986178672, 'sLegPt.lL1': 79.14324271460798, 'sLegPt.x1': 33.29639345788669, 'sLegPt.y1': 12.82327046528602, 'sLegPt.rA1': -60.53140879301654, 'sLegPt.rL2': 30.06224021243225, 'sLegPt.lL2': 37.133513340634266, 'lLegPt.rL0': 19.501569951025967, 'lLegPt.lL0': 42.82415769499564, 'lLegPt.rL1': 74.99736971409699, 'lLegPt.lL1': 15.420604349332454, 'lLegPt.x1': 35.121525463753265, 'lLegPt.y1': 23.035014432111147, 'lLegPt.rA1': -41.89758072002009, 'lLegPt.rL2': 98.58065626812436, 'lLegPt.lL2': 95.86886434423545}",PRUNED
282,282,9.743061578428325,2026-04-14 15:40:17.932353,2026-04-14 15:40:22.075687,0 days 00:00:04.143334,42.82415769499564,15.420604349332454,95.86886434423545,-41.89758072002009,19.501569951025967,74.99736971409699,98.58065626812436,35.121525463753265,23.035014432111147,42.746393120531785,79.14324271460798,37.133513340634266,-60.53140879301654,48.54826869024684,25.096455986178672,30.06224021243225,33.29639345788669,12.82327046528602,Unattained target,GPSampler,"{'sLegPt.rL0': 48.54826869024684, 'sLegPt.lL0': 42.746393120531785, 'sLegPt.rL1': 25.096455986178672, 'sLegPt.lL1': 79.14324271460798, 'sLegPt.x1': 33.29639345788669, 'sLegPt.y1': 12.82327046528602, 'sLegPt.rA1': -60.53140879301654, 'sLegPt.rL2': 30.06224021243225, 'sLegPt.lL2': 37.133513340634266, 'lLegPt.rL0': 19.501569951025967, 'lLegPt.lL0': 42.82415769499564, 'lLegPt.rL1': 74.99736971409699, 'lLegPt.lL1': 15.420604349332454, 'lLegPt.x1': 35.121525463753265, 'lLegPt.y1': 23.035014432111147, 'lLegPt.rA1': -41.89758072002009, 'lLegPt.rL2': 98.58065626812436, 'lLegPt.lL2': 95.86886434423545}",PRUNED
283,283,5.200818434635323,2026-04-14 15:40:22.230943,2026-04-14 15:40:31.030846,0 days 00:00:08.799903,45.389462424075425,66.69866130539538,35.60354728931387,-35.88444459951121,22.370615500518035,42.029181758387956,49.181711331670144,47.198963701309786,17.05215748222045,24.837657994098727,93.47052115668141,38.0610520075589,-45.6339943110008,71.34452342034062,62.001379689186166,87.91604220344398,31.38659248268981,17.69795350703191,Unattained target,GPSampler,,PRUNED
284,284,5.198730070492424,2026-04-14 15:40:31.203562,2026-04-14 15:40:40.064001,0 days 00:00:08.860439,45.389462424075425,66.69866130539538,35.60354728931387,-35.88444459951121,22.370615500518035,42.029181758387956,49.181711331670144,47.198963701309786,17.05215748222045,24.837657994098727,93.47052115668141,38.0610520075589,-45.6339943110008,71.34452342034062,62.001379689186166,87.91604220344398,31.38659248268981,17.69795350703191,Unattained target,GPSampler,"{'sLegPt.rL0': 71.34452342034062, 'sLegPt.lL0': 24.837657994098727, 'sLegPt.rL1': 62.001379689186166, 'sLegPt.lL1': 93.47052115668141, 'sLegPt.x1': 31.38659248268981, 'sLegPt.y1': 17.69795350703191, 'sLegPt.rA1': -45.6339943110008, 'sLegPt.rL2': 87.91604220344398, 'sLegPt.lL2': 38.0610520075589, 'lLegPt.rL0': 22.370615500518035, 'lLegPt.lL0': 45.389462424075425, 'lLegPt.rL1': 42.029181758387956, 'lLegPt.lL1': 66.69866130539538, 'lLegPt.x1': 47.198963701309786, 'lLegPt.y1': 17.05215748222045, 'lLegPt.rA1': -35.88444459951121, 'lLegPt.rL2': 49.181711331670144, 'lLegPt.lL2': 35.60354728931387}",PRUNED
285,285,5.201019380267759,2026-04-14 15:40:40.227300,2026-04-14 15:40:48.938935,0 days 00:00:08.711635,45.389462424075425,66.69866130539538,35.60354728931387,-35.88444459951121,22.370615500518035,42.029181758387956,49.181711331670144,47.198963701309786,17.05215748222045,24.837657994098727,93.47052115668141,38.0610520075589,-45.6339943110008,71.34452342034062,62.001379689186166,87.91604220344398,31.38659248268981,17.69795350703191,Unattained target,GPSampler,"{'sLegPt.rL0': 71.34452342034062, 'sLegPt.lL0': 24.837657994098727, 'sLegPt.rL1': 62.001379689186166, 'sLegPt.lL1': 93.47052115668141, 'sLegPt.x1': 31.38659248268981, 'sLegPt.y1': 17.69795350703191, 'sLegPt.rA1': -45.6339943110008, 'sLegPt.rL2': 87.91604220344398, 'sLegPt.lL2': 38.0610520075589, 'lLegPt.rL0': 22.370615500518035, 'lLegPt.lL0': 45.389462424075425, 'lLegPt.rL1': 42.029181758387956, 'lLegPt.lL1': 66.69866130539538, 'lLegPt.x1': 47.198963701309786, 'lLegPt.y1': 17.05215748222045, 'lLegPt.rA1': -35.88444459951121, 'lLegPt.rL2': 49.181711331670144, 'lLegPt.lL2': 35.60354728931387}",PRUNED
286,286,6.524422964572437,2026-04-14 15:40:49.119324,2026-04-14 15:40:53.312205,0 days 00:00:04.192881,11.231647539161042,57.89955728457742,14.428901126281726,-34.39220497784767,95.71175320477433,81.99755587804114,76.05043023960603,33.44313478550871,26.88777934103843,32.32469296784973,92.28144175818888,93.80560680502998,-21.114126074281593,78.68930631214235,69.86352018150036,40.353796066409345,42.951268620712355,14.559132865135165,Unattained target,GPSampler,,PRUNED
287,287,6.524423139216633,2026-04-14 15:40:53.485846,2026-04-14 15:40:57.675841,0 days 00:00:04.189995,11.231647539161042,57.89955728457742,14.428901126281726,-34.39220497784767,95.71175320477433,81.99755587804114,76.05043023960603,33.44313478550871,26.88777934103843,32.32469296784973,92.28144175818888,93.80560680502998,-21.114126074281593,78.68930631214235,69.86352018150036,40.353796066409345,42.951268620712355,14.559132865135165,Unattained target,GPSampler,"{'sLegPt.rL0': 78.68930631214235, 'sLegPt.lL0': 32.32469296784973, 'sLegPt.rL1': 69.86352018150036, 'sLegPt.lL1': 92.28144175818888, 'sLegPt.x1': 42.951268620712355, 'sLegPt.y1': 14.559132865135165, 'sLegPt.rA1': -21.114126074281593, 'sLegPt.rL2': 40.353796066409345, 'sLegPt.lL2': 93.80560680502998, 'lLegPt.rL0': 95.71175320477433, 'lLegPt.lL0': 11.231647539161042, 'lLegPt.rL1': 81.99755587804114, 'lLegPt.lL1': 57.89955728457742, 'lLegPt.x1': 33.44313478550871, 'lLegPt.y1': 26.88777934103843, 'lLegPt.rA1': -34.39220497784767, 'lLegPt.rL2': 76.05043023960603, 'lLegPt.lL2': 14.428901126281726}",PRUNED
288,288,6.524422937486058,2026-04-14 15:40:57.834071,2026-04-14 15:41:01.634124,0 days 00:00:03.800053,11.231647539161042,57.89955728457742,14.428901126281726,-34.39220497784767,95.71175320477433,81.99755587804114,76.05043023960603,33.44313478550871,26.88777934103843,32.32469296784973,92.28144175818888,93.80560680502998,-21.114126074281593,78.68930631214235,69.86352018150036,40.353796066409345,42.951268620712355,14.559132865135165,Unattained target,GPSampler,"{'sLegPt.rL0': 78.68930631214235, 'sLegPt.lL0': 32.32469296784973, 'sLegPt.rL1': 69.86352018150036, 'sLegPt.lL1': 92.28144175818888, 'sLegPt.x1': 42.951268620712355, 'sLegPt.y1': 14.559132865135165, 'sLegPt.rA1': -21.114126074281593, 'sLegPt.rL2': 40.353796066409345, 'sLegPt.lL2': 93.80560680502998, 'lLegPt.rL0': 95.71175320477433, 'lLegPt.lL0': 11.231647539161042, 'lLegPt.rL1': 81.99755587804114, 'lLegPt.lL1': 57.89955728457742, 'lLegPt.x1': 33.44313478550871, 'lLegPt.y1': 26.88777934103843, 'lLegPt.rA1': -34.39220497784767, 'lLegPt.rL2': 76.05043023960603, 'lLegPt.lL2': 14.428901126281726}",PRUNED
289,289,12.0950934675135,2026-04-14 15:41:01.753229,2026-04-14 15:41:05.933251,0 days 00:00:04.180022,86.05972862825267,69.74790234125292,25.44998625590988,-70.7604891461321,80.80454903756228,87.51384821551841,36.163959327591215,37.28706468072358,17.394364279382867,21.319064545953076,31.785280285283086,41.1278555752052,-57.030573486285626,48.5791195180195,29.40976391629042,89.37067000745448,49.52907178410599,15.416386253793544,Unattained target,GPSampler,,PRUNED
290,290,12.09509348277539,2026-04-14 15:41:06.079221,2026-04-14 15:41:10.193106,0 days 00:00:04.113885,86.05972862825267,69.74790234125292,25.44998625590988,-70.7604891461321,80.80454903756228,87.51384821551841,36.163959327591215,37.28706468072358,17.394364279382867,21.319064545953076,31.785280285283086,41.1278555752052,-57.030573486285626,48.5791195180195,29.40976391629042,89.37067000745448,49.52907178410599,15.416386253793544,Unattained target,GPSampler,"{'sLegPt.rL0': 48.5791195180195, 'sLegPt.lL0': 21.319064545953076, 'sLegPt.rL1': 29.40976391629042, 'sLegPt.lL1': 31.785280285283086, 'sLegPt.x1': 49.52907178410599, 'sLegPt.y1': 15.416386253793544, 'sLegPt.rA1': -57.030573486285626, 'sLegPt.rL2': 89.37067000745448, 'sLegPt.lL2': 41.1278555752052, 'lLegPt.rL0': 80.80454903756228, 'lLegPt.lL0': 86.05972862825267, 'lLegPt.rL1': 87.51384821551841, 'lLegPt.lL1': 69.74790234125292, 'lLegPt.x1': 37.28706468072358, 'lLegPt.y1': 17.394364279382867, 'lLegPt.rA1': -70.7604891461321, 'lLegPt.rL2': 36.163959327591215, 'lLegPt.lL2': 25.44998625590988}",PRUNED
291,291,12.095093753283926,2026-04-14 15:41:10.343151,2026-04-14 15:41:13.946280,0 days 00:00:03.603129,86.05972862825267,69.74790234125292,25.44998625590988,-70.7604891461321,80.80454903756228,87.51384821551841,36.163959327591215,37.28706468072358,17.394364279382867,21.319064545953076,31.785280285283086,41.1278555752052,-57.030573486285626,48.5791195180195,29.40976391629042,89.37067000745448,49.52907178410599,15.416386253793544,Unattained target,GPSampler,"{'sLegPt.rL0': 48.5791195180195, 'sLegPt.lL0': 21.319064545953076, 'sLegPt.rL1': 29.40976391629042, 'sLegPt.lL1': 31.785280285283086, 'sLegPt.x1': 49.52907178410599, 'sLegPt.y1': 15.416386253793544, 'sLegPt.rA1': -57.030573486285626, 'sLegPt.rL2': 89.37067000745448, 'sLegPt.lL2': 41.1278555752052, 'lLegPt.rL0': 80.80454903756228, 'lLegPt.lL0': 86.05972862825267, 'lLegPt.rL1': 87.51384821551841, 'lLegPt.lL1': 69.74790234125292, 'lLegPt.x1': 37.28706468072358, 'lLegPt.y1': 17.394364279382867, 'lLegPt.rA1': -70.7604891461321, 'lLegPt.rL2': 36.163959327591215, 'lLegPt.lL2': 25.44998625590988}",PRUNED
292,292,5.373609936042985,2026-04-14 15:41:14.096325,2026-04-14 15:41:17.949749,0 days 00:00:03.853424,12.69762958175702,70.82957140724557,87.11354132147564,-60.14029603142316,97.15592954078171,72.53026324472867,54.93836829042905,33.39681841509306,19.358900624201354,91.07265150487028,59.504175771550386,78.71645336222379,-63.1099104567665,21.231213198992766,72.12472924386799,14.77336049854592,48.06278890914987,28.539465479926413,Unattained target,GPSampler,,PRUNED
