,number,value,datetime_start,datetime_complete,duration,params_lLegPt.lL0,params_lLegPt.lL1,params_lLegPt.lL2,params_lLegPt.rA1,params_lLegPt.rL0,params_lLegPt.rL1,params_lLegPt.rL2,params_lLegPt.x1,params_lLegPt.y1,params_sLegPt.lL0,params_sLegPt.lL1,params_sLegPt.lL2,params_sLegPt.rA1,params_sLegPt.rL0,params_sLegPt.rL1,params_sLegPt.rL2,params_sLegPt.x1,params_sLegPt.y1,user_attrs_prune,system_attrs_auto:sampler,system_attrs_fixed_params,state
317,317,5.706831691184412,2026-04-14 15:42:54.826949,2026-04-14 15:42:58.576033,0 days 00:00:03.749084,53.966900680032396,21.349069247772277,49.53571543758708,-29.032962188874514,57.41593122554292,45.156976628920376,79.6998669377342,34.820508450686496,26.18142304652136,55.950476492190795,65.13945320071423,27.533381632397937,-24.362041987503375,11.400278854293145,34.75058350799921,83.490557017785,44.345191649677524,29.797863238891534,Unattained target,GPSampler,"{'sLegPt.rL0': 11.400278854293145, 'sLegPt.lL0': 55.950476492190795, 'sLegPt.rL1': 34.75058350799921, 'sLegPt.lL1': 65.13945320071423, 'sLegPt.x1': 44.345191649677524, 'sLegPt.y1': 29.797863238891534, 'sLegPt.rA1': -24.362041987503375, 'sLegPt.rL2': 83.490557017785, 'sLegPt.lL2': 27.533381632397937, 'lLegPt.rL0': 57.41593122554292, 'lLegPt.lL0': 53.966900680032396, 'lLegPt.rL1': 45.156976628920376, 'lLegPt.lL1': 21.349069247772277, 'lLegPt.x1': 34.820508450686496, 'lLegPt.y1': 26.18142304652136, 'lLegPt.rA1': -29.032962188874514, 'lLegPt.rL2': 79.6998669377342, 'lLegPt.lL2': 49.53571543758708}",PRUNED
318,318,5.706831787573826,2026-04-14 15:42:58.718945,2026-04-14 15:43:02.629372,0 days 00:00:03.910427,53.966900680032396,21.349069247772277,49.53571543758708,-29.032962188874514,57.41593122554292,45.156976628920376,79.6998669377342,34.820508450686496,26.18142304652136,55.950476492190795,65.13945320071423,27.533381632397937,-24.362041987503375,11.400278854293145,34.75058350799921,83.490557017785,44.345191649677524,29.797863238891534,Unattained target,GPSampler,"{'sLegPt.rL0': 11.400278854293145, 'sLegPt.lL0': 55.950476492190795, 'sLegPt.rL1': 34.75058350799921, 'sLegPt.lL1': 65.13945320071423, 'sLegPt.x1': 44.345191649677524, 'sLegPt.y1': 29.797863238891534, 'sLegPt.rA1': -24.362041987503375, 'sLegPt.rL2': 83.490557017785, 'sLegPt.lL2': 27.533381632397937, 'lLegPt.rL0': 57.41593122554292, 'lLegPt.lL0': 53.966900680032396, 'lLegPt.rL1': 45.156976628920376, 'lLegPt.lL1': 21.349069247772277, 'lLegPt.x1': 34.820508450686496, 'lLegPt.y1': 26.18142304652136, 'lLegPt.rA1': -29.032962188874514, 'lLegPt.rL2': 79.6998669377342, 'lLegPt.lL2': 49.53571543758708}",PRUNED
319,319,18.14319737217589,2026-04-14 15:43:02.768082,2026-04-14 15:43:06.558588,0 days 00:00:03.790506,83.4074094619397,80.70132449982839,73.51720321706856,-72.21844034718882,21.509006097434206,34.72045098814564,82.13428428617149,30.998461570808555,23.48511363975122,60.644943409937575,40.323649779376986,21.640937365114127,-78.37680453157785,90.09600552385974,53.97281757900746,99.64038673084498,32.117600712390704,28.027182939090345,Unattained target,GPSampler,,PRUNED
320,320,18.14319755216377,2026-04-14 15:43:06.707786,2026-04-14 15:43:10.395355,0 days 00:00:03.687569,83.4074094619397,80.70132449982839,73.51720321706856,-72.21844034718882,21.509006097434206,34.72045098814564,82.13428428617149,30.998461570808555,23.48511363975122,60.644943409937575,40.323649779376986,21.640937365114127,-78.37680453157785,90.09600552385974,53.97281757900746,99.64038673084498,32.117600712390704,28.027182939090345,Unattained target,GPSampler,"{'sLegPt.rL0': 90.09600552385974, 'sLegPt.lL0': 60.644943409937575, 'sLegPt.rL1': 53.97281757900746, 'sLegPt.lL1': 40.323649779376986, 'sLegPt.x1': 32.117600712390704, 'sLegPt.y1': 28.027182939090345, 'sLegPt.rA1': -78.37680453157785, 'sLegPt.rL2': 99.64038673084498, 'sLegPt.lL2': 21.640937365114127, 'lLegPt.rL0': 21.509006097434206, 'lLegPt.lL0': 83.4074094619397, 'lLegPt.rL1': 34.72045098814564, 'lLegPt.lL1': 80.70132449982839, 'lLegPt.x1': 30.998461570808555, 'lLegPt.y1': 23.48511363975122, 'lLegPt.rA1': -72.21844034718882, 'lLegPt.rL2': 82.13428428617149, 'lLegPt.lL2': 73.51720321706856}",PRUNED
321,321,18.143197438260522,2026-04-14 15:43:10.569307,2026-04-14 15:43:14.406604,0 days 00:00:03.837297,83.4074094619397,80.70132449982839,73.51720321706856,-72.21844034718882,21.509006097434206,34.72045098814564,82.13428428617149,30.998461570808555,23.48511363975122,60.644943409937575,40.323649779376986,21.640937365114127,-78.37680453157785,90.09600552385974,53.97281757900746,99.64038673084498,32.117600712390704,28.027182939090345,Unattained target,GPSampler,"{'sLegPt.rL0': 90.09600552385974, 'sLegPt.lL0': 60.644943409937575, 'sLegPt.rL1': 53.97281757900746, 'sLegPt.lL1': 40.323649779376986, 'sLegPt.x1': 32.117600712390704, 'sLegPt.y1': 28.027182939090345, 'sLegPt.rA1': -78.37680453157785, 'sLegPt.rL2': 99.64038673084498, 'sLegPt.lL2': 21.640937365114127, 'lLegPt.rL0': 21.509006097434206, 'lLegPt.lL0': 83.4074094619397, 'lLegPt.rL1': 34.72045098814564, 'lLegPt.lL1': 80.70132449982839, 'lLegPt.x1': 30.998461570808555, 'lLegPt.y1': 23.48511363975122, 'lLegPt.rA1': -72.21844034718882, 'lLegPt.rL2': 82.13428428617149, 'lLegPt.lL2': 73.51720321706856}",PRUNED
322,322,9.001564891663023,2026-04-14 15:43:14.553000,2026-04-14 15:43:18.510415,0 days 00:00:03.957415,22.91293490788871,62.460880855032904,59.60908872954397,-68.33432776236936,96.5687615909363,14.260447067728308,44.27056650404974,48.282434284311954,16.344185077469668,47.7804056834798,12.27346405453716,44.86129580055892,-33.24938799904621,34.13549694605163,88.62826991651633,50.926793712051555,46.52993325537766,23.260916584925088,Unattained target,GPSampler,,PRUNED
323,323,9.001565079281661,2026-04-14 15:43:18.664798,2026-04-14 15:43:22.464412,0 days 00:00:03.799614,22.91293490788871,62.460880855032904,59.60908872954397,-68.33432776236936,96.5687615909363,14.260447067728308,44.27056650404974,48.282434284311954,16.344185077469668,47.7804056834798,12.27346405453716,44.86129580055892,-33.24938799904621,34.13549694605163,88.62826991651633,50.926793712051555,46.52993325537766,23.260916584925088,Unattained target,GPSampler,"{'sLegPt.rL0': 34.13549694605163, 'sLegPt.lL0': 47.7804056834798, 'sLegPt.rL1': 88.62826991651633, 'sLegPt.lL1': 12.27346405453716, 'sLegPt.x1': 46.52993325537766, 'sLegPt.y1': 23.260916584925088, 'sLegPt.rA1': -33.24938799904621, 'sLegPt.rL2': 50.926793712051555, 'sLegPt.lL2': 44.86129580055892, 'lLegPt.rL0': 96.5687615909363, 'lLegPt.lL0': 22.91293490788871, 'lLegPt.rL1': 14.260447067728308, 'lLegPt.lL1': 62.460880855032904, 'lLegPt.x1': 48.282434284311954, 'lLegPt.y1': 16.344185077469668, 'lLegPt.rA1': -68.33432776236936, 'lLegPt.rL2': 44.27056650404974, 'lLegPt.lL2': 59.60908872954397}",PRUNED
324,324,9.001565046604227,2026-04-14 15:43:22.621560,2026-04-14 15:43:26.415131,0 days 00:00:03.793571,22.91293490788871,62.460880855032904,59.60908872954397,-68.33432776236936,96.5687615909363,14.260447067728308,44.27056650404974,48.282434284311954,16.344185077469668,47.7804056834798,12.27346405453716,44.86129580055892,-33.24938799904621,34.13549694605163,88.62826991651633,50.926793712051555,46.52993325537766,23.260916584925088,Unattained target,GPSampler,"{'sLegPt.rL0': 34.13549694605163, 'sLegPt.lL0': 47.7804056834798, 'sLegPt.rL1': 88.62826991651633, 'sLegPt.lL1': 12.27346405453716, 'sLegPt.x1': 46.52993325537766, 'sLegPt.y1': 23.260916584925088, 'sLegPt.rA1': -33.24938799904621, 'sLegPt.rL2': 50.926793712051555, 'sLegPt.lL2': 44.86129580055892, 'lLegPt.rL0': 96.5687615909363, 'lLegPt.lL0': 22.91293490788871, 'lLegPt.rL1': 14.260447067728308, 'lLegPt.lL1': 62.460880855032904, 'lLegPt.x1': 48.282434284311954, 'lLegPt.y1': 16.344185077469668, 'lLegPt.rA1': -68.33432776236936, 'lLegPt.rL2': 44.27056650404974, 'lLegPt.lL2': 59.60908872954397}",PRUNED
325,325,5.514032481880889,2026-04-14 15:43:26.557837,2026-04-14 15:43:33.378366,0 days 00:00:06.820529,41.00487647453596,73.51882144566179,37.465038561491085,-20.653751234547613,25.7960364251041,11.219035773650095,30.301038526208277,39.43714332277361,10.10944675762637,71.33717586618161,34.33777698617591,78.52685354576283,-42.41166133905398,14.060085141971243,22.928616633146007,17.933702209191747,35.229813321527295,10.18177285288406,Unattained target,GPSampler,,PRUNED
326,326,5.514014051449934,2026-04-14 15:43:33.526081,2026-04-14 15:43:40.956834,0 days 00:00:07.430753,41.00487647453596,73.51882144566179,37.465038561491085,-20.653751234547613,25.7960364251041,11.219035773650095,30.301038526208277,39.43714332277361,10.10944675762637,71.33717586618161,34.33777698617591,78.52685354576283,-42.41166133905398,14.060085141971243,22.928616633146007,17.933702209191747,35.229813321527295,10.18177285288406,Unattained target,GPSampler,"{'sLegPt.rL0': 14.060085141971243, 'sLegPt.lL0': 71.33717586618161, 'sLegPt.rL1': 22.928616633146007, 'sLegPt.lL1': 34.33777698617591, 'sLegPt.x1': 35.229813321527295, 'sLegPt.y1': 10.18177285288406, 'sLegPt.rA1': -42.41166133905398, 'sLegPt.rL2': 17.933702209191747, 'sLegPt.lL2': 78.52685354576283, 'lLegPt.rL0': 25.7960364251041, 'lLegPt.lL0': 41.00487647453596, 'lLegPt.rL1': 11.219035773650095, 'lLegPt.lL1': 73.51882144566179, 'lLegPt.x1': 39.43714332277361, 'lLegPt.y1': 10.10944675762637, 'lLegPt.rA1': -20.653751234547613, 'lLegPt.rL2': 30.301038526208277, 'lLegPt.lL2': 37.465038561491085}",PRUNED
327,327,5.514043888292655,2026-04-14 15:43:41.122253,2026-04-14 15:43:49.570300,0 days 00:00:08.448047,41.00487647453596,73.51882144566179,37.465038561491085,-20.653751234547613,25.7960364251041,11.219035773650095,30.301038526208277,39.43714332277361,10.10944675762637,71.33717586618161,34.33777698617591,78.52685354576283,-42.41166133905398,14.060085141971243,22.928616633146007,17.933702209191747,35.229813321527295,10.18177285288406,Unattained target,GPSampler,"{'sLegPt.rL0': 14.060085141971243, 'sLegPt.lL0': 71.33717586618161, 'sLegPt.rL1': 22.928616633146007, 'sLegPt.lL1': 34.33777698617591, 'sLegPt.x1': 35.229813321527295, 'sLegPt.y1': 10.18177285288406, 'sLegPt.rA1': -42.41166133905398, 'sLegPt.rL2': 17.933702209191747, 'sLegPt.lL2': 78.52685354576283, 'lLegPt.rL0': 25.7960364251041, 'lLegPt.lL0': 41.00487647453596, 'lLegPt.rL1': 11.219035773650095, 'lLegPt.lL1': 73.51882144566179, 'lLegPt.x1': 39.43714332277361, 'lLegPt.y1': 10.10944675762637, 'lLegPt.rA1': -20.653751234547613, 'lLegPt.rL2': 30.301038526208277, 'lLegPt.lL2': 37.465038561491085}",PRUNED
328,328,5.105162059596964,2026-04-14 15:43:49.730448,2026-04-14 15:43:56.640724,0 days 00:00:06.910276,13.95966776185231,16.630369295466526,85.49229563015706,-22.87694742076153,10.082041932256455,57.74775677173536,47.00045344211872,48.065072576413165,22.811322958370184,85.30392233749922,77.11186004914477,27.079103578071507,-22.480482830295998,33.659987036830266,13.16511018458202,68.47079636916553,49.73163997444108,18.874185423954348,Unattained target,GPSampler,,PRUNED
329,329,5.104893043324772,2026-04-14 15:43:56.826007,2026-04-14 15:44:03.955887,0 days 00:00:07.129880,13.95966776185231,16.630369295466526,85.49229563015706,-22.87694742076153,10.082041932256455,57.74775677173536,47.00045344211872,48.065072576413165,22.811322958370184,85.30392233749922,77.11186004914477,27.079103578071507,-22.480482830295998,33.659987036830266,13.16511018458202,68.47079636916553,49.73163997444108,18.874185423954348,Unattained target,GPSampler,"{'sLegPt.rL0': 33.659987036830266, 'sLegPt.lL0': 85.30392233749922, 'sLegPt.rL1': 13.16511018458202, 'sLegPt.lL1': 77.11186004914477, 'sLegPt.x1': 49.73163997444108, 'sLegPt.y1': 18.874185423954348, 'sLegPt.rA1': -22.480482830295998, 'sLegPt.rL2': 68.47079636916553, 'sLegPt.lL2': 27.079103578071507, 'lLegPt.rL0': 10.082041932256455, 'lLegPt.lL0': 13.95966776185231, 'lLegPt.rL1': 57.74775677173536, 'lLegPt.lL1': 16.630369295466526, 'lLegPt.x1': 48.065072576413165, 'lLegPt.y1': 22.811322958370184, 'lLegPt.rA1': -22.87694742076153, 'lLegPt.rL2': 47.00045344211872, 'lLegPt.lL2': 85.49229563015706}",PRUNED
330,330,5.104752299594814,2026-04-14 15:44:04.119980,2026-04-14 15:44:10.761009,0 days 00:00:06.641029,13.95966776185231,16.630369295466526,85.49229563015706,-22.87694742076153,10.082041932256455,57.74775677173536,47.00045344211872,48.065072576413165,22.811322958370184,85.30392233749922,77.11186004914477,27.079103578071507,-22.480482830295998,33.659987036830266,13.16511018458202,68.47079636916553,49.73163997444108,18.874185423954348,Unattained target,GPSampler,"{'sLegPt.rL0': 33.659987036830266, 'sLegPt.lL0': 85.30392233749922, 'sLegPt.rL1': 13.16511018458202, 'sLegPt.lL1': 77.11186004914477, 'sLegPt.x1': 49.73163997444108, 'sLegPt.y1': 18.874185423954348, 'sLegPt.rA1': -22.480482830295998, 'sLegPt.rL2': 68.47079636916553, 'sLegPt.lL2': 27.079103578071507, 'lLegPt.rL0': 10.082041932256455, 'lLegPt.lL0': 13.95966776185231, 'lLegPt.rL1': 57.74775677173536, 'lLegPt.lL1': 16.630369295466526, 'lLegPt.x1': 48.065072576413165, 'lLegPt.y1': 22.811322958370184, 'lLegPt.rA1': -22.87694742076153, 'lLegPt.rL2': 47.00045344211872, 'lLegPt.lL2': 85.49229563015706}",PRUNED
331,331,5.689868530159661,2026-04-14 15:44:10.940491,2026-04-14 15:44:15.158184,0 days 00:00:04.217693,52.34635460890921,51.19069564021069,92.6810821716232,-65.00850472361685,26.9338126292526,91.87758457579223,26.113910930137084,48.8023155331785,10.304714400214364,19.870440365337487,16.416487566457924,93.60881665578246,-44.02211625420311,94.59224642764201,94.85584539321803,75.00554558290891,30.724537436002883,10.906763269446438,Unattained target,GPSampler,,PRUNED
332,332,5.689868494757306,2026-04-14 15:44:15.323822,2026-04-14 15:44:19.585140,0 days 00:00:04.261318,52.34635460890921,51.19069564021069,92.6810821716232,-65.00850472361685,26.9338126292526,91.87758457579223,26.113910930137084,48.8023155331785,10.304714400214364,19.870440365337487,16.416487566457924,93.60881665578246,-44.02211625420311,94.59224642764201,94.85584539321803,75.00554558290891,30.724537436002883,10.906763269446438,Unattained target,GPSampler,"{'sLegPt.rL0': 94.59224642764201, 'sLegPt.lL0': 19.870440365337487, 'sLegPt.rL1': 94.85584539321803, 'sLegPt.lL1': 16.416487566457924, 'sLegPt.x1': 30.724537436002883, 'sLegPt.y1': 10.906763269446438, 'sLegPt.rA1': -44.02211625420311, 'sLegPt.rL2': 75.00554558290891, 'sLegPt.lL2': 93.60881665578246, 'lLegPt.rL0': 26.9338126292526, 'lLegPt.lL0': 52.34635460890921, 'lLegPt.rL1': 91.87758457579223, 'lLegPt.lL1': 51.19069564021069, 'lLegPt.x1': 48.8023155331785, 'lLegPt.y1': 10.304714400214364, 'lLegPt.rA1': -65.00850472361685, 'lLegPt.rL2': 26.113910930137084, 'lLegPt.lL2': 92.6810821716232}",PRUNED
333,333,5.689868522533949,2026-04-14 15:44:19.769156,2026-04-14 15:44:23.728106,0 days 00:00:03.958950,52.34635460890921,51.19069564021069,92.6810821716232,-65.00850472361685,26.9338126292526,91.87758457579223,26.113910930137084,48.8023155331785,10.304714400214364,19.870440365337487,16.416487566457924,93.60881665578246,-44.02211625420311,94.59224642764201,94.85584539321803,75.00554558290891,30.724537436002883,10.906763269446438,Unattained target,GPSampler,"{'sLegPt.rL0': 94.59224642764201, 'sLegPt.lL0': 19.870440365337487, 'sLegPt.rL1': 94.85584539321803, 'sLegPt.lL1': 16.416487566457924, 'sLegPt.x1': 30.724537436002883, 'sLegPt.y1': 10.906763269446438, 'sLegPt.rA1': -44.02211625420311, 'sLegPt.rL2': 75.00554558290891, 'sLegPt.lL2': 93.60881665578246, 'lLegPt.rL0': 26.9338126292526, 'lLegPt.lL0': 52.34635460890921, 'lLegPt.rL1': 91.87758457579223, 'lLegPt.lL1': 51.19069564021069, 'lLegPt.x1': 48.8023155331785, 'lLegPt.y1': 10.304714400214364, 'lLegPt.rA1': -65.00850472361685, 'lLegPt.rL2': 26.113910930137084, 'lLegPt.lL2': 92.6810821716232}",PRUNED
334,334,5.471625636132607,2026-04-14 15:44:23.881398,2026-04-14 15:44:28.748609,0 days 00:00:04.867211,66.84191242021046,58.42558354536011,97.22266558890077,-55.632372057461396,11.737502004436578,29.718107110222412,97.99288920811577,37.55332596835822,27.082825049054946,95.8937876253082,34.37169710149989,20.91814597333769,-69.81921418610938,11.367600130260659,46.379260583859825,47.467232752949954,43.10645913451612,17.05395710635971,Unattained target,GPSampler,,PRUNED
335,335,5.4716242754693525,2026-04-14 15:44:28.919059,2026-04-14 15:44:33.549353,0 days 00:00:04.630294,66.84191242021046,58.42558354536011,97.22266558890077,-55.632372057461396,11.737502004436578,29.718107110222412,97.99288920811577,37.55332596835822,27.082825049054946,95.8937876253082,34.37169710149989,20.91814597333769,-69.81921418610938,11.367600130260659,46.379260583859825,47.467232752949954,43.10645913451612,17.05395710635971,Unattained target,GPSampler,"{'sLegPt.rL0': 11.367600130260659, 'sLegPt.lL0': 95.8937876253082, 'sLegPt.rL1': 46.379260583859825, 'sLegPt.lL1': 34.37169710149989, 'sLegPt.x1': 43.10645913451612, 'sLegPt.y1': 17.05395710635971, 'sLegPt.rA1': -69.81921418610938, 'sLegPt.rL2': 47.467232752949954, 'sLegPt.lL2': 20.91814597333769, 'lLegPt.rL0': 11.737502004436578, 'lLegPt.lL0': 66.84191242021046, 'lLegPt.rL1': 29.718107110222412, 'lLegPt.lL1': 58.42558354536011, 'lLegPt.x1': 37.55332596835822, 'lLegPt.y1': 27.082825049054946, 'lLegPt.rA1': -55.632372057461396, 'lLegPt.rL2': 97.99288920811577, 'lLegPt.lL2': 97.22266558890077}",PRUNED
336,336,5.4716266179759,2026-04-14 15:44:33.695594,2026-04-14 15:44:38.610613,0 days 00:00:04.915019,66.84191242021046,58.42558354536011,97.22266558890077,-55.632372057461396,11.737502004436578,29.718107110222412,97.99288920811577,37.55332596835822,27.082825049054946,95.8937876253082,34.37169710149989,20.91814597333769,-69.81921418610938,11.367600130260659,46.379260583859825,47.467232752949954,43.10645913451612,17.05395710635971,Unattained target,GPSampler,"{'sLegPt.rL0': 11.367600130260659, 'sLegPt.lL0': 95.8937876253082, 'sLegPt.rL1': 46.379260583859825, 'sLegPt.lL1': 34.37169710149989, 'sLegPt.x1': 43.10645913451612, 'sLegPt.y1': 17.05395710635971, 'sLegPt.rA1': -69.81921418610938, 'sLegPt.rL2': 47.467232752949954, 'sLegPt.lL2': 20.91814597333769, 'lLegPt.rL0': 11.737502004436578, 'lLegPt.lL0': 66.84191242021046, 'lLegPt.rL1': 29.718107110222412, 'lLegPt.lL1': 58.42558354536011, 'lLegPt.x1': 37.55332596835822, 'lLegPt.y1': 27.082825049054946, 'lLegPt.rA1': -55.632372057461396, 'lLegPt.rL2': 97.99288920811577, 'lLegPt.lL2': 97.22266558890077}",PRUNED
337,337,6.6618823779120575,2026-04-14 15:44:38.791570,2026-04-14 15:44:42.957285,0 days 00:00:04.165715,48.073373973916745,24.00531270793696,11.090818237725742,-69.59444664845059,79.24597660181078,74.8452849192951,15.560973005423957,36.92309893121544,26.02023327885702,24.190676687820563,24.93631844601012,94.86576598727616,-75.8667936171075,32.49370868371151,27.176681024173607,48.93634671934119,39.66475337751107,19.94711829361886,Unattained target,GPSampler,,PRUNED
338,338,6.661882495708095,2026-04-14 15:44:43.135783,2026-04-14 15:44:47.207142,0 days 00:00:04.071359,48.073373973916745,24.00531270793696,11.090818237725742,-69.59444664845059,79.24597660181078,74.8452849192951,15.560973005423957,36.92309893121544,26.02023327885702,24.190676687820563,24.93631844601012,94.86576598727616,-75.8667936171075,32.49370868371151,27.176681024173607,48.93634671934119,39.66475337751107,19.94711829361886,Unattained target,GPSampler,"{'sLegPt.rL0': 32.49370868371151, 'sLegPt.lL0': 24.190676687820563, 'sLegPt.rL1': 27.176681024173607, 'sLegPt.lL1': 24.93631844601012, 'sLegPt.x1': 39.66475337751107, 'sLegPt.y1': 19.94711829361886, 'sLegPt.rA1': -75.8667936171075, 'sLegPt.rL2': 48.93634671934119, 'sLegPt.lL2': 94.86576598727616, 'lLegPt.rL0': 79.24597660181078, 'lLegPt.lL0': 48.073373973916745, 'lLegPt.rL1': 74.8452849192951, 'lLegPt.lL1': 24.00531270793696, 'lLegPt.x1': 36.92309893121544, 'lLegPt.y1': 26.02023327885702, 'lLegPt.rA1': -69.59444664845059, 'lLegPt.rL2': 15.560973005423957, 'lLegPt.lL2': 11.090818237725742}",PRUNED
339,339,6.661882456426397,2026-04-14 15:44:47.399595,2026-04-14 15:44:51.706720,0 days 00:00:04.307125,48.073373973916745,24.00531270793696,11.090818237725742,-69.59444664845059,79.24597660181078,74.8452849192951,15.560973005423957,36.92309893121544,26.02023327885702,24.190676687820563,24.93631844601012,94.86576598727616,-75.8667936171075,32.49370868371151,27.176681024173607,48.93634671934119,39.66475337751107,19.94711829361886,Unattained target,GPSampler,"{'sLegPt.rL0': 32.49370868371151, 'sLegPt.lL0': 24.190676687820563, 'sLegPt.rL1': 27.176681024173607, 'sLegPt.lL1': 24.93631844601012, 'sLegPt.x1': 39.66475337751107, 'sLegPt.y1': 19.94711829361886, 'sLegPt.rA1': -75.8667936171075, 'sLegPt.rL2': 48.93634671934119, 'sLegPt.lL2': 94.86576598727616, 'lLegPt.rL0': 79.24597660181078, 'lLegPt.lL0': 48.073373973916745, 'lLegPt.rL1': 74.8452849192951, 'lLegPt.lL1': 24.00531270793696, 'lLegPt.x1': 36.92309893121544, 'lLegPt.y1': 26.02023327885702, 'lLegPt.rA1': -69.59444664845059, 'lLegPt.rL2': 15.560973005423957, 'lLegPt.lL2': 11.090818237725742}",PRUNED
340,340,10.599583278617402,2026-04-14 15:44:51.864969,2026-04-14 15:44:56.217526,0 days 00:00:04.352557,43.17367363048404,99.1605786248358,63.42974850463332,-28.38701268624102,33.60328043618829,79.82020263459266,34.8178751039316,35.70736547406179,12.607239372418013,82.24308510115884,77.6818738093133,54.885102844519814,-52.81211945796711,96.93818566677048,65.46579665829435,95.72309272003439,45.500166150540004,14.645521060413166,Unattained target,GPSampler,,PRUNED
