,number,value,datetime_start,datetime_complete,duration,params_lLegPt.lL0,params_lLegPt.lL1,params_lLegPt.lL2,params_lLegPt.rA1,params_lLegPt.rL0,params_lLegPt.rL1,params_lLegPt.rL2,params_lLegPt.x1,params_lLegPt.y1,params_sLegPt.lL0,params_sLegPt.lL1,params_sLegPt.lL2,params_sLegPt.rA1,params_sLegPt.rL0,params_sLegPt.rL1,params_sLegPt.rL2,params_sLegPt.x1,params_sLegPt.y1,user_attrs_prune,system_attrs_auto:sampler,system_attrs_fixed_params,state
629,629,5.913082332666118,2026-04-14 16:05:38.686490,2026-04-14 16:05:42.431034,0 days 00:00:03.744544,39.10788545883106,32.347246440260335,19.57528997817753,-38.870708860948056,83.94551507553771,38.76075438223148,25.93267013683552,48.19115656584879,10.415170394965825,99.6711034152159,62.50571706391981,93.37186786923328,-46.994990329524256,81.10002750499234,41.812768671074515,68.8486110569136,45.19427512938016,15.080580130760374,Unattained target,GPSampler,"{'sLegPt.rL0': 81.10002750499234, 'sLegPt.lL0': 99.6711034152159, 'sLegPt.rL1': 41.812768671074515, 'sLegPt.lL1': 62.50571706391981, 'sLegPt.x1': 45.19427512938016, 'sLegPt.y1': 15.080580130760374, 'sLegPt.rA1': -46.994990329524256, 'sLegPt.rL2': 68.8486110569136, 'sLegPt.lL2': 93.37186786923328, 'lLegPt.rL0': 83.94551507553771, 'lLegPt.lL0': 39.10788545883106, 'lLegPt.rL1': 38.76075438223148, 'lLegPt.lL1': 32.347246440260335, 'lLegPt.x1': 48.19115656584879, 'lLegPt.y1': 10.415170394965825, 'lLegPt.rA1': -38.870708860948056, 'lLegPt.rL2': 25.93267013683552, 'lLegPt.lL2': 19.57528997817753}",PRUNED
630,630,5.913082345661838,2026-04-14 16:05:42.598141,2026-04-14 16:05:46.668982,0 days 00:00:04.070841,39.10788545883106,32.347246440260335,19.57528997817753,-38.870708860948056,83.94551507553771,38.76075438223148,25.93267013683552,48.19115656584879,10.415170394965825,99.6711034152159,62.50571706391981,93.37186786923328,-46.994990329524256,81.10002750499234,41.812768671074515,68.8486110569136,45.19427512938016,15.080580130760374,Unattained target,GPSampler,"{'sLegPt.rL0': 81.10002750499234, 'sLegPt.lL0': 99.6711034152159, 'sLegPt.rL1': 41.812768671074515, 'sLegPt.lL1': 62.50571706391981, 'sLegPt.x1': 45.19427512938016, 'sLegPt.y1': 15.080580130760374, 'sLegPt.rA1': -46.994990329524256, 'sLegPt.rL2': 68.8486110569136, 'sLegPt.lL2': 93.37186786923328, 'lLegPt.rL0': 83.94551507553771, 'lLegPt.lL0': 39.10788545883106, 'lLegPt.rL1': 38.76075438223148, 'lLegPt.lL1': 32.347246440260335, 'lLegPt.x1': 48.19115656584879, 'lLegPt.y1': 10.415170394965825, 'lLegPt.rA1': -38.870708860948056, 'lLegPt.rL2': 25.93267013683552, 'lLegPt.lL2': 19.57528997817753}",PRUNED
631,631,6.332986130008123,2026-04-14 16:05:46.836482,2026-04-14 16:05:50.865506,0 days 00:00:04.029024,21.84410201693011,15.104490622827708,17.599388628631228,-47.60439920095478,71.41451742521451,79.63885321050344,23.067317600434194,38.03168156662379,24.183099409588863,47.90195072344995,38.45400563038147,73.33803591817986,-56.68388608509935,96.21598824830583,94.57448344028789,55.53109217696889,45.91626476381192,11.561589736325523,Unattained target,GPSampler,,PRUNED
632,632,6.332985956028914,2026-04-14 16:05:51.038483,2026-04-14 16:05:55.013636,0 days 00:00:03.975153,21.84410201693011,15.104490622827708,17.599388628631228,-47.60439920095478,71.41451742521451,79.63885321050344,23.067317600434194,38.03168156662379,24.183099409588863,47.90195072344995,38.45400563038147,73.33803591817986,-56.68388608509935,96.21598824830583,94.57448344028789,55.53109217696889,45.91626476381192,11.561589736325523,Unattained target,GPSampler,"{'sLegPt.rL0': 96.21598824830583, 'sLegPt.lL0': 47.90195072344995, 'sLegPt.rL1': 94.57448344028789, 'sLegPt.lL1': 38.45400563038147, 'sLegPt.x1': 45.91626476381192, 'sLegPt.y1': 11.561589736325523, 'sLegPt.rA1': -56.68388608509935, 'sLegPt.rL2': 55.53109217696889, 'sLegPt.lL2': 73.33803591817986, 'lLegPt.rL0': 71.41451742521451, 'lLegPt.lL0': 21.84410201693011, 'lLegPt.rL1': 79.63885321050344, 'lLegPt.lL1': 15.104490622827708, 'lLegPt.x1': 38.03168156662379, 'lLegPt.y1': 24.183099409588863, 'lLegPt.rA1': -47.60439920095478, 'lLegPt.rL2': 23.067317600434194, 'lLegPt.lL2': 17.599388628631228}",PRUNED
633,633,6.332985938523752,2026-04-14 16:05:55.176407,2026-04-14 16:05:59.323443,0 days 00:00:04.147036,21.84410201693011,15.104490622827708,17.599388628631228,-47.60439920095478,71.41451742521451,79.63885321050344,23.067317600434194,38.03168156662379,24.183099409588863,47.90195072344995,38.45400563038147,73.33803591817986,-56.68388608509935,96.21598824830583,94.57448344028789,55.53109217696889,45.91626476381192,11.561589736325523,Unattained target,GPSampler,"{'sLegPt.rL0': 96.21598824830583, 'sLegPt.lL0': 47.90195072344995, 'sLegPt.rL1': 94.57448344028789, 'sLegPt.lL1': 38.45400563038147, 'sLegPt.x1': 45.91626476381192, 'sLegPt.y1': 11.561589736325523, 'sLegPt.rA1': -56.68388608509935, 'sLegPt.rL2': 55.53109217696889, 'sLegPt.lL2': 73.33803591817986, 'lLegPt.rL0': 71.41451742521451, 'lLegPt.lL0': 21.84410201693011, 'lLegPt.rL1': 79.63885321050344, 'lLegPt.lL1': 15.104490622827708, 'lLegPt.x1': 38.03168156662379, 'lLegPt.y1': 24.183099409588863, 'lLegPt.rA1': -47.60439920095478, 'lLegPt.rL2': 23.067317600434194, 'lLegPt.lL2': 17.599388628631228}",PRUNED
634,634,6.605791840903272,2026-04-14 16:05:59.506886,2026-04-14 16:06:03.435425,0 days 00:00:03.928539,70.6873215252941,35.64260683300869,27.15741520073805,-73.00118978281013,43.29201365095841,72.25704853997486,63.15332227077476,40.20068727973953,10.091675088166784,11.177046985502825,34.4054292606215,25.386268482043327,-61.08555271341338,48.2598573567176,62.09528167827824,83.9786589182239,36.572200169369815,28.840479334541996,Unattained target,GPSampler,,PRUNED
635,635,6.6057919275863455,2026-04-14 16:06:03.600353,2026-04-14 16:06:07.522384,0 days 00:00:03.922031,70.6873215252941,35.64260683300869,27.15741520073805,-73.00118978281013,43.29201365095841,72.25704853997486,63.15332227077476,40.20068727973953,10.091675088166784,11.177046985502825,34.4054292606215,25.386268482043327,-61.08555271341338,48.2598573567176,62.09528167827824,83.9786589182239,36.572200169369815,28.840479334541996,Unattained target,GPSampler,"{'sLegPt.rL0': 48.2598573567176, 'sLegPt.lL0': 11.177046985502825, 'sLegPt.rL1': 62.09528167827824, 'sLegPt.lL1': 34.4054292606215, 'sLegPt.x1': 36.572200169369815, 'sLegPt.y1': 28.840479334541996, 'sLegPt.rA1': -61.08555271341338, 'sLegPt.rL2': 83.9786589182239, 'sLegPt.lL2': 25.386268482043327, 'lLegPt.rL0': 43.29201365095841, 'lLegPt.lL0': 70.6873215252941, 'lLegPt.rL1': 72.25704853997486, 'lLegPt.lL1': 35.64260683300869, 'lLegPt.x1': 40.20068727973953, 'lLegPt.y1': 10.091675088166784, 'lLegPt.rA1': -73.00118978281013, 'lLegPt.rL2': 63.15332227077476, 'lLegPt.lL2': 27.15741520073805}",PRUNED
636,636,6.605791902814339,2026-04-14 16:06:07.686974,2026-04-14 16:06:11.576880,0 days 00:00:03.889906,70.6873215252941,35.64260683300869,27.15741520073805,-73.00118978281013,43.29201365095841,72.25704853997486,63.15332227077476,40.20068727973953,10.091675088166784,11.177046985502825,34.4054292606215,25.386268482043327,-61.08555271341338,48.2598573567176,62.09528167827824,83.9786589182239,36.572200169369815,28.840479334541996,Unattained target,GPSampler,"{'sLegPt.rL0': 48.2598573567176, 'sLegPt.lL0': 11.177046985502825, 'sLegPt.rL1': 62.09528167827824, 'sLegPt.lL1': 34.4054292606215, 'sLegPt.x1': 36.572200169369815, 'sLegPt.y1': 28.840479334541996, 'sLegPt.rA1': -61.08555271341338, 'sLegPt.rL2': 83.9786589182239, 'sLegPt.lL2': 25.386268482043327, 'lLegPt.rL0': 43.29201365095841, 'lLegPt.lL0': 70.6873215252941, 'lLegPt.rL1': 72.25704853997486, 'lLegPt.lL1': 35.64260683300869, 'lLegPt.x1': 40.20068727973953, 'lLegPt.y1': 10.091675088166784, 'lLegPt.rA1': -73.00118978281013, 'lLegPt.rL2': 63.15332227077476, 'lLegPt.lL2': 27.15741520073805}",PRUNED
637,637,7.503549136190543,2026-04-14 16:06:11.755865,2026-04-14 16:06:15.730918,0 days 00:00:03.975053,44.34260646350429,68.7685666188047,69.15859614080227,-37.46103121586094,78.34626381757413,32.21687240704259,96.72109679497366,42.859506510749014,16.355694253677232,98.19194072937663,38.252419358228444,14.17817220515225,-52.7604952593622,11.54928704684386,95.1236949701924,47.08125698800497,40.58368493861497,10.449299870644126,Unattained target,GPSampler,,PRUNED
638,638,7.503549220474159,2026-04-14 16:06:15.893845,2026-04-14 16:06:19.772275,0 days 00:00:03.878430,44.34260646350429,68.7685666188047,69.15859614080227,-37.46103121586094,78.34626381757413,32.21687240704259,96.72109679497366,42.859506510749014,16.355694253677232,98.19194072937663,38.252419358228444,14.17817220515225,-52.7604952593622,11.54928704684386,95.1236949701924,47.08125698800497,40.58368493861497,10.449299870644126,Unattained target,GPSampler,"{'sLegPt.rL0': 11.54928704684386, 'sLegPt.lL0': 98.19194072937663, 'sLegPt.rL1': 95.1236949701924, 'sLegPt.lL1': 38.252419358228444, 'sLegPt.x1': 40.58368493861497, 'sLegPt.y1': 10.449299870644126, 'sLegPt.rA1': -52.7604952593622, 'sLegPt.rL2': 47.08125698800497, 'sLegPt.lL2': 14.17817220515225, 'lLegPt.rL0': 78.34626381757413, 'lLegPt.lL0': 44.34260646350429, 'lLegPt.rL1': 32.21687240704259, 'lLegPt.lL1': 68.7685666188047, 'lLegPt.x1': 42.859506510749014, 'lLegPt.y1': 16.355694253677232, 'lLegPt.rA1': -37.46103121586094, 'lLegPt.rL2': 96.72109679497366, 'lLegPt.lL2': 69.15859614080227}",PRUNED
639,639,7.503549199162418,2026-04-14 16:06:19.945834,2026-04-14 16:06:23.777305,0 days 00:00:03.831471,44.34260646350429,68.7685666188047,69.15859614080227,-37.46103121586094,78.34626381757413,32.21687240704259,96.72109679497366,42.859506510749014,16.355694253677232,98.19194072937663,38.252419358228444,14.17817220515225,-52.7604952593622,11.54928704684386,95.1236949701924,47.08125698800497,40.58368493861497,10.449299870644126,Unattained target,GPSampler,"{'sLegPt.rL0': 11.54928704684386, 'sLegPt.lL0': 98.19194072937663, 'sLegPt.rL1': 95.1236949701924, 'sLegPt.lL1': 38.252419358228444, 'sLegPt.x1': 40.58368493861497, 'sLegPt.y1': 10.449299870644126, 'sLegPt.rA1': -52.7604952593622, 'sLegPt.rL2': 47.08125698800497, 'sLegPt.lL2': 14.17817220515225, 'lLegPt.rL0': 78.34626381757413, 'lLegPt.lL0': 44.34260646350429, 'lLegPt.rL1': 32.21687240704259, 'lLegPt.lL1': 68.7685666188047, 'lLegPt.x1': 42.859506510749014, 'lLegPt.y1': 16.355694253677232, 'lLegPt.rA1': -37.46103121586094, 'lLegPt.rL2': 96.72109679497366, 'lLegPt.lL2': 69.15859614080227}",PRUNED
640,640,5.006564221211768,2026-04-14 16:06:23.933873,2026-04-14 16:06:27.747931,0 days 00:00:03.814058,91.71934779372276,65.21139569143259,51.1808411912282,-28.872184080008928,99.15623429890996,39.29100870042738,85.51144572609513,36.28115336736916,14.369976822317707,37.27076484520814,30.5740397392548,86.4923845380748,-62.489179542128575,18.385746428375214,96.10299368300201,34.76138492948911,40.78896954693238,16.611127760341283,Unattained target,GPSampler,,PRUNED
641,641,5.006564115784222,2026-04-14 16:06:27.929854,2026-04-14 16:06:31.824756,0 days 00:00:03.894902,91.71934779372276,65.21139569143259,51.1808411912282,-28.872184080008928,99.15623429890996,39.29100870042738,85.51144572609513,36.28115336736916,14.369976822317707,37.27076484520814,30.5740397392548,86.4923845380748,-62.489179542128575,18.385746428375214,96.10299368300201,34.76138492948911,40.78896954693238,16.611127760341283,Unattained target,GPSampler,"{'sLegPt.rL0': 18.385746428375214, 'sLegPt.lL0': 37.27076484520814, 'sLegPt.rL1': 96.10299368300201, 'sLegPt.lL1': 30.5740397392548, 'sLegPt.x1': 40.78896954693238, 'sLegPt.y1': 16.611127760341283, 'sLegPt.rA1': -62.489179542128575, 'sLegPt.rL2': 34.76138492948911, 'sLegPt.lL2': 86.4923845380748, 'lLegPt.rL0': 99.15623429890996, 'lLegPt.lL0': 91.71934779372276, 'lLegPt.rL1': 39.29100870042738, 'lLegPt.lL1': 65.21139569143259, 'lLegPt.x1': 36.28115336736916, 'lLegPt.y1': 14.369976822317707, 'lLegPt.rA1': -28.872184080008928, 'lLegPt.rL2': 85.51144572609513, 'lLegPt.lL2': 51.1808411912282}",PRUNED
642,642,5.006564133544934,2026-04-14 16:06:31.990515,2026-04-14 16:06:35.722601,0 days 00:00:03.732086,91.71934779372276,65.21139569143259,51.1808411912282,-28.872184080008928,99.15623429890996,39.29100870042738,85.51144572609513,36.28115336736916,14.369976822317707,37.27076484520814,30.5740397392548,86.4923845380748,-62.489179542128575,18.385746428375214,96.10299368300201,34.76138492948911,40.78896954693238,16.611127760341283,Unattained target,GPSampler,"{'sLegPt.rL0': 18.385746428375214, 'sLegPt.lL0': 37.27076484520814, 'sLegPt.rL1': 96.10299368300201, 'sLegPt.lL1': 30.5740397392548, 'sLegPt.x1': 40.78896954693238, 'sLegPt.y1': 16.611127760341283, 'sLegPt.rA1': -62.489179542128575, 'sLegPt.rL2': 34.76138492948911, 'sLegPt.lL2': 86.4923845380748, 'lLegPt.rL0': 99.15623429890996, 'lLegPt.lL0': 91.71934779372276, 'lLegPt.rL1': 39.29100870042738, 'lLegPt.lL1': 65.21139569143259, 'lLegPt.x1': 36.28115336736916, 'lLegPt.y1': 14.369976822317707, 'lLegPt.rA1': -28.872184080008928, 'lLegPt.rL2': 85.51144572609513, 'lLegPt.lL2': 51.1808411912282}",PRUNED
643,643,5.842040663054739,2026-04-14 16:06:35.910256,2026-04-14 16:06:39.453622,0 days 00:00:03.543366,39.18036827556672,69.98363688403651,55.49162686180532,-38.64858208292322,48.27944093554319,94.7556915577974,75.09588815340118,44.84876260227857,26.922101386039962,30.344299008886914,90.14092826986492,40.150097214437466,-74.29124436192512,37.994472274905725,24.67454353909762,67.73786870724092,45.767892882504,25.754424635553466,Unattained target,GPSampler,,PRUNED
644,644,5.842040637718831,2026-04-14 16:06:39.613456,2026-04-14 16:06:43.266610,0 days 00:00:03.653154,39.18036827556672,69.98363688403651,55.49162686180532,-38.64858208292322,48.27944093554319,94.7556915577974,75.09588815340118,44.84876260227857,26.922101386039962,30.344299008886914,90.14092826986492,40.150097214437466,-74.29124436192512,37.994472274905725,24.67454353909762,67.73786870724092,45.767892882504,25.754424635553466,Unattained target,GPSampler,"{'sLegPt.rL0': 37.994472274905725, 'sLegPt.lL0': 30.344299008886914, 'sLegPt.rL1': 24.67454353909762, 'sLegPt.lL1': 90.14092826986492, 'sLegPt.x1': 45.767892882504, 'sLegPt.y1': 25.754424635553466, 'sLegPt.rA1': -74.29124436192512, 'sLegPt.rL2': 67.73786870724092, 'sLegPt.lL2': 40.150097214437466, 'lLegPt.rL0': 48.27944093554319, 'lLegPt.lL0': 39.18036827556672, 'lLegPt.rL1': 94.7556915577974, 'lLegPt.lL1': 69.98363688403651, 'lLegPt.x1': 44.84876260227857, 'lLegPt.y1': 26.922101386039962, 'lLegPt.rA1': -38.64858208292322, 'lLegPt.rL2': 75.09588815340118, 'lLegPt.lL2': 55.49162686180532}",PRUNED
645,645,5.842040817770368,2026-04-14 16:06:43.436510,2026-04-14 16:06:47.272560,0 days 00:00:03.836050,39.18036827556672,69.98363688403651,55.49162686180532,-38.64858208292322,48.27944093554319,94.7556915577974,75.09588815340118,44.84876260227857,26.922101386039962,30.344299008886914,90.14092826986492,40.150097214437466,-74.29124436192512,37.994472274905725,24.67454353909762,67.73786870724092,45.767892882504,25.754424635553466,Unattained target,GPSampler,"{'sLegPt.rL0': 37.994472274905725, 'sLegPt.lL0': 30.344299008886914, 'sLegPt.rL1': 24.67454353909762, 'sLegPt.lL1': 90.14092826986492, 'sLegPt.x1': 45.767892882504, 'sLegPt.y1': 25.754424635553466, 'sLegPt.rA1': -74.29124436192512, 'sLegPt.rL2': 67.73786870724092, 'sLegPt.lL2': 40.150097214437466, 'lLegPt.rL0': 48.27944093554319, 'lLegPt.lL0': 39.18036827556672, 'lLegPt.rL1': 94.7556915577974, 'lLegPt.lL1': 69.98363688403651, 'lLegPt.x1': 44.84876260227857, 'lLegPt.y1': 26.922101386039962, 'lLegPt.rA1': -38.64858208292322, 'lLegPt.rL2': 75.09588815340118, 'lLegPt.lL2': 55.49162686180532}",PRUNED
646,646,13.298121894971068,2026-04-14 16:06:47.468946,2026-04-14 16:06:51.186897,0 days 00:00:03.717951,24.459607924308063,11.927542957970218,94.95712761268712,-26.780098767998602,87.3413838889901,50.48444579500615,35.18739927110286,44.181691340406076,23.624832667215852,56.227976640216575,43.95832904969054,94.19261580674711,-24.31200171811082,40.94233360597363,71.70928996734295,99.49445899678597,35.49011795070901,25.567201208750078,Unattained target,GPSampler,,PRUNED
647,647,13.298130729123613,2026-04-14 16:06:51.356762,2026-04-14 16:06:55.141130,0 days 00:00:03.784368,24.459607924308063,11.927542957970218,94.95712761268712,-26.780098767998602,87.3413838889901,50.48444579500615,35.18739927110286,44.181691340406076,23.624832667215852,56.227976640216575,43.95832904969054,94.19261580674711,-24.31200171811082,40.94233360597363,71.70928996734295,99.49445899678597,35.49011795070901,25.567201208750078,Unattained target,GPSampler,"{'sLegPt.rL0': 40.94233360597363, 'sLegPt.lL0': 56.227976640216575, 'sLegPt.rL1': 71.70928996734295, 'sLegPt.lL1': 43.95832904969054, 'sLegPt.x1': 35.49011795070901, 'sLegPt.y1': 25.567201208750078, 'sLegPt.rA1': -24.31200171811082, 'sLegPt.rL2': 99.49445899678597, 'sLegPt.lL2': 94.19261580674711, 'lLegPt.rL0': 87.3413838889901, 'lLegPt.lL0': 24.459607924308063, 'lLegPt.rL1': 50.48444579500615, 'lLegPt.lL1': 11.927542957970218, 'lLegPt.x1': 44.181691340406076, 'lLegPt.y1': 23.624832667215852, 'lLegPt.rA1': -26.780098767998602, 'lLegPt.rL2': 35.18739927110286, 'lLegPt.lL2': 94.95712761268712}",PRUNED
648,648,13.298137216589929,2026-04-14 16:06:55.309983,2026-04-14 16:06:59.332176,0 days 00:00:04.022193,24.459607924308063,11.927542957970218,94.95712761268712,-26.780098767998602,87.3413838889901,50.48444579500615,35.18739927110286,44.181691340406076,23.624832667215852,56.227976640216575,43.95832904969054,94.19261580674711,-24.31200171811082,40.94233360597363,71.70928996734295,99.49445899678597,35.49011795070901,25.567201208750078,Unattained target,GPSampler,"{'sLegPt.rL0': 40.94233360597363, 'sLegPt.lL0': 56.227976640216575, 'sLegPt.rL1': 71.70928996734295, 'sLegPt.lL1': 43.95832904969054, 'sLegPt.x1': 35.49011795070901, 'sLegPt.y1': 25.567201208750078, 'sLegPt.rA1': -24.31200171811082, 'sLegPt.rL2': 99.49445899678597, 'sLegPt.lL2': 94.19261580674711, 'lLegPt.rL0': 87.3413838889901, 'lLegPt.lL0': 24.459607924308063, 'lLegPt.rL1': 50.48444579500615, 'lLegPt.lL1': 11.927542957970218, 'lLegPt.x1': 44.181691340406076, 'lLegPt.y1': 23.624832667215852, 'lLegPt.rA1': -26.780098767998602, 'lLegPt.rL2': 35.18739927110286, 'lLegPt.lL2': 94.95712761268712}",PRUNED
649,649,6.210489334232022,2026-04-14 16:06:59.497450,2026-04-14 16:07:03.224702,0 days 00:00:03.727252,17.99070249859985,90.43163921813866,83.44228180711207,-48.253216423216784,59.93194902434825,12.322753814888284,78.69752428397567,31.89162042618894,27.534017576822098,22.618852864669897,22.94780989191424,39.75751646721457,-34.040658581821475,78.59789925234047,72.80215345323228,73.62060187809777,33.130004304176836,17.545296717153533,Unattained target,GPSampler,,PRUNED
650,650,6.210489332017133,2026-04-14 16:07:03.399976,2026-04-14 16:07:07.290764,0 days 00:00:03.890788,17.99070249859985,90.43163921813866,83.44228180711207,-48.253216423216784,59.93194902434825,12.322753814888284,78.69752428397567,31.89162042618894,27.534017576822098,22.618852864669897,22.94780989191424,39.75751646721457,-34.040658581821475,78.59789925234047,72.80215345323228,73.62060187809777,33.130004304176836,17.545296717153533,Unattained target,GPSampler,"{'sLegPt.rL0': 78.59789925234047, 'sLegPt.lL0': 22.618852864669897, 'sLegPt.rL1': 72.80215345323228, 'sLegPt.lL1': 22.94780989191424, 'sLegPt.x1': 33.130004304176836, 'sLegPt.y1': 17.545296717153533, 'sLegPt.rA1': -34.040658581821475, 'sLegPt.rL2': 73.62060187809777, 'sLegPt.lL2': 39.75751646721457, 'lLegPt.rL0': 59.93194902434825, 'lLegPt.lL0': 17.99070249859985, 'lLegPt.rL1': 12.322753814888284, 'lLegPt.lL1': 90.43163921813866, 'lLegPt.x1': 31.89162042618894, 'lLegPt.y1': 27.534017576822098, 'lLegPt.rA1': -48.253216423216784, 'lLegPt.rL2': 78.69752428397567, 'lLegPt.lL2': 83.44228180711207}",PRUNED
651,651,6.210489251675469,2026-04-14 16:07:07.453737,2026-04-14 16:07:11.674037,0 days 00:00:04.220300,17.99070249859985,90.43163921813866,83.44228180711207,-48.253216423216784,59.93194902434825,12.322753814888284,78.69752428397567,31.89162042618894,27.534017576822098,22.618852864669897,22.94780989191424,39.75751646721457,-34.040658581821475,78.59789925234047,72.80215345323228,73.62060187809777,33.130004304176836,17.545296717153533,Unattained target,GPSampler,"{'sLegPt.rL0': 78.59789925234047, 'sLegPt.lL0': 22.618852864669897, 'sLegPt.rL1': 72.80215345323228, 'sLegPt.lL1': 22.94780989191424, 'sLegPt.x1': 33.130004304176836, 'sLegPt.y1': 17.545296717153533, 'sLegPt.rA1': -34.040658581821475, 'sLegPt.rL2': 73.62060187809777, 'sLegPt.lL2': 39.75751646721457, 'lLegPt.rL0': 59.93194902434825, 'lLegPt.lL0': 17.99070249859985, 'lLegPt.rL1': 12.322753814888284, 'lLegPt.lL1': 90.43163921813866, 'lLegPt.x1': 31.89162042618894, 'lLegPt.y1': 27.534017576822098, 'lLegPt.rA1': -48.253216423216784, 'lLegPt.rL2': 78.69752428397567, 'lLegPt.lL2': 83.44228180711207}",PRUNED
652,652,5.649177441085804,2026-04-14 16:07:11.846671,2026-04-14 16:07:15.745460,0 days 00:00:03.898789,49.114742646284554,93.0179411756997,21.121898410019174,-63.57013655255707,65.95597078277376,55.76113287130005,52.89118550169218,36.829230579569995,22.224864758095414,98.62599703973316,29.338029537934,11.390319785801863,-47.348418796051135,94.53547821479663,94.63753402187415,78.60965925833183,42.453190658211355,15.621449986129184,Unattained target,GPSampler,,PRUNED
