,number,value,datetime_start,datetime_complete,duration,params_lLegPt.lL0,params_lLegPt.lL1,params_lLegPt.lL2,params_lLegPt.rA1,params_lLegPt.rL0,params_lLegPt.rL1,params_lLegPt.rL2,params_lLegPt.x1,params_lLegPt.y1,params_sLegPt.lL0,params_sLegPt.lL1,params_sLegPt.lL2,params_sLegPt.rA1,params_sLegPt.rL0,params_sLegPt.rL1,params_sLegPt.rL2,params_sLegPt.x1,params_sLegPt.y1,user_attrs_prune,system_attrs_auto:sampler,system_attrs_fixed_params,state
461,461,9.514163252124419,2026-04-14 15:53:42.492165,2026-04-14 15:53:46.102453,0 days 00:00:03.610288,73.39336756000888,84.50482702101131,45.88672187294515,-26.465707054124742,96.5224161878793,77.61355292570946,46.28929828612979,48.093239185202776,16.37479337951267,76.4885383926092,71.26020456065416,25.522525491630898,-54.79073630469401,61.85147252297119,41.54369193555779,59.846131510263604,40.140969910633075,26.548666631497284,Unattained target,GPSampler,"{'sLegPt.rL0': 61.85147252297119, 'sLegPt.lL0': 76.4885383926092, 'sLegPt.rL1': 41.54369193555779, 'sLegPt.lL1': 71.26020456065416, 'sLegPt.x1': 40.140969910633075, 'sLegPt.y1': 26.548666631497284, 'sLegPt.rA1': -54.79073630469401, 'sLegPt.rL2': 59.846131510263604, 'sLegPt.lL2': 25.522525491630898, 'lLegPt.rL0': 96.5224161878793, 'lLegPt.lL0': 73.39336756000888, 'lLegPt.rL1': 77.61355292570946, 'lLegPt.lL1': 84.50482702101131, 'lLegPt.x1': 48.093239185202776, 'lLegPt.y1': 16.37479337951267, 'lLegPt.rA1': -26.465707054124742, 'lLegPt.rL2': 46.28929828612979, 'lLegPt.lL2': 45.88672187294515}",PRUNED
462,462,9.514164429580624,2026-04-14 15:53:46.246786,2026-04-14 15:53:50.017251,0 days 00:00:03.770465,73.39336756000888,84.50482702101131,45.88672187294515,-26.465707054124742,96.5224161878793,77.61355292570946,46.28929828612979,48.093239185202776,16.37479337951267,76.4885383926092,71.26020456065416,25.522525491630898,-54.79073630469401,61.85147252297119,41.54369193555779,59.846131510263604,40.140969910633075,26.548666631497284,Unattained target,GPSampler,"{'sLegPt.rL0': 61.85147252297119, 'sLegPt.lL0': 76.4885383926092, 'sLegPt.rL1': 41.54369193555779, 'sLegPt.lL1': 71.26020456065416, 'sLegPt.x1': 40.140969910633075, 'sLegPt.y1': 26.548666631497284, 'sLegPt.rA1': -54.79073630469401, 'sLegPt.rL2': 59.846131510263604, 'sLegPt.lL2': 25.522525491630898, 'lLegPt.rL0': 96.5224161878793, 'lLegPt.lL0': 73.39336756000888, 'lLegPt.rL1': 77.61355292570946, 'lLegPt.lL1': 84.50482702101131, 'lLegPt.x1': 48.093239185202776, 'lLegPt.y1': 16.37479337951267, 'lLegPt.rA1': -26.465707054124742, 'lLegPt.rL2': 46.28929828612979, 'lLegPt.lL2': 45.88672187294515}",PRUNED
463,463,5.077642259945129,2026-04-14 15:53:50.197485,2026-04-14 15:53:54.058866,0 days 00:00:03.861381,36.998922665121455,91.31644619688957,50.05375015349829,-42.04728750552495,81.07546714001299,66.19836738606638,71.93625827105028,48.60562904241281,25.96322555991884,57.11152580164546,46.72373034059306,13.384269985104499,-69.58834503157995,94.0378417407299,20.5001770796821,43.93962023600033,45.38361750109701,25.172632121190233,Unattained target,GPSampler,,PRUNED
464,464,5.077641688181551,2026-04-14 15:53:54.207505,2026-04-14 15:53:58.045258,0 days 00:00:03.837753,36.998922665121455,91.31644619688957,50.05375015349829,-42.04728750552495,81.07546714001299,66.19836738606638,71.93625827105028,48.60562904241281,25.96322555991884,57.11152580164546,46.72373034059306,13.384269985104499,-69.58834503157995,94.0378417407299,20.5001770796821,43.93962023600033,45.38361750109701,25.172632121190233,Unattained target,GPSampler,"{'sLegPt.rL0': 94.0378417407299, 'sLegPt.lL0': 57.11152580164546, 'sLegPt.rL1': 20.5001770796821, 'sLegPt.lL1': 46.72373034059306, 'sLegPt.x1': 45.38361750109701, 'sLegPt.y1': 25.172632121190233, 'sLegPt.rA1': -69.58834503157995, 'sLegPt.rL2': 43.93962023600033, 'sLegPt.lL2': 13.384269985104499, 'lLegPt.rL0': 81.07546714001299, 'lLegPt.lL0': 36.998922665121455, 'lLegPt.rL1': 66.19836738606638, 'lLegPt.lL1': 91.31644619688957, 'lLegPt.x1': 48.60562904241281, 'lLegPt.y1': 25.96322555991884, 'lLegPt.rA1': -42.04728750552495, 'lLegPt.rL2': 71.93625827105028, 'lLegPt.lL2': 50.05375015349829}",PRUNED
465,465,5.07764197068601,2026-04-14 15:53:58.209365,2026-04-14 15:54:01.984520,0 days 00:00:03.775155,36.998922665121455,91.31644619688957,50.05375015349829,-42.04728750552495,81.07546714001299,66.19836738606638,71.93625827105028,48.60562904241281,25.96322555991884,57.11152580164546,46.72373034059306,13.384269985104499,-69.58834503157995,94.0378417407299,20.5001770796821,43.93962023600033,45.38361750109701,25.172632121190233,Unattained target,GPSampler,"{'sLegPt.rL0': 94.0378417407299, 'sLegPt.lL0': 57.11152580164546, 'sLegPt.rL1': 20.5001770796821, 'sLegPt.lL1': 46.72373034059306, 'sLegPt.x1': 45.38361750109701, 'sLegPt.y1': 25.172632121190233, 'sLegPt.rA1': -69.58834503157995, 'sLegPt.rL2': 43.93962023600033, 'sLegPt.lL2': 13.384269985104499, 'lLegPt.rL0': 81.07546714001299, 'lLegPt.lL0': 36.998922665121455, 'lLegPt.rL1': 66.19836738606638, 'lLegPt.lL1': 91.31644619688957, 'lLegPt.x1': 48.60562904241281, 'lLegPt.y1': 25.96322555991884, 'lLegPt.rA1': -42.04728750552495, 'lLegPt.rL2': 71.93625827105028, 'lLegPt.lL2': 50.05375015349829}",PRUNED
466,466,5.750816232735247,2026-04-14 15:54:02.148038,2026-04-14 15:54:05.974418,0 days 00:00:03.826380,27.917590178222834,61.10023004106621,97.10884193983723,-74.06640822785317,25.876009566195176,98.9264068290701,25.154402963998514,40.408215846248105,16.335861562783727,64.07498914182291,27.902395334706643,67.84523099480116,-40.0717865592417,46.94641994398859,57.27740012027334,77.81503039027021,42.84264120335852,20.998009600124355,Unattained target,GPSampler,,PRUNED
467,467,5.7508162161880705,2026-04-14 15:54:06.129948,2026-04-14 15:54:09.903131,0 days 00:00:03.773183,27.917590178222834,61.10023004106621,97.10884193983723,-74.06640822785317,25.876009566195176,98.9264068290701,25.154402963998514,40.408215846248105,16.335861562783727,64.07498914182291,27.902395334706643,67.84523099480116,-40.0717865592417,46.94641994398859,57.27740012027334,77.81503039027021,42.84264120335852,20.998009600124355,Unattained target,GPSampler,"{'sLegPt.rL0': 46.94641994398859, 'sLegPt.lL0': 64.07498914182291, 'sLegPt.rL1': 57.27740012027334, 'sLegPt.lL1': 27.902395334706643, 'sLegPt.x1': 42.84264120335852, 'sLegPt.y1': 20.998009600124355, 'sLegPt.rA1': -40.0717865592417, 'sLegPt.rL2': 77.81503039027021, 'sLegPt.lL2': 67.84523099480116, 'lLegPt.rL0': 25.876009566195176, 'lLegPt.lL0': 27.917590178222834, 'lLegPt.rL1': 98.9264068290701, 'lLegPt.lL1': 61.10023004106621, 'lLegPt.x1': 40.408215846248105, 'lLegPt.y1': 16.335861562783727, 'lLegPt.rA1': -74.06640822785317, 'lLegPt.rL2': 25.154402963998514, 'lLegPt.lL2': 97.10884193983723}",PRUNED
468,468,5.750816203163819,2026-04-14 15:54:10.049505,2026-04-14 15:54:13.615777,0 days 00:00:03.566272,27.917590178222834,61.10023004106621,97.10884193983723,-74.06640822785317,25.876009566195176,98.9264068290701,25.154402963998514,40.408215846248105,16.335861562783727,64.07498914182291,27.902395334706643,67.84523099480116,-40.0717865592417,46.94641994398859,57.27740012027334,77.81503039027021,42.84264120335852,20.998009600124355,Unattained target,GPSampler,"{'sLegPt.rL0': 46.94641994398859, 'sLegPt.lL0': 64.07498914182291, 'sLegPt.rL1': 57.27740012027334, 'sLegPt.lL1': 27.902395334706643, 'sLegPt.x1': 42.84264120335852, 'sLegPt.y1': 20.998009600124355, 'sLegPt.rA1': -40.0717865592417, 'sLegPt.rL2': 77.81503039027021, 'sLegPt.lL2': 67.84523099480116, 'lLegPt.rL0': 25.876009566195176, 'lLegPt.lL0': 27.917590178222834, 'lLegPt.rL1': 98.9264068290701, 'lLegPt.lL1': 61.10023004106621, 'lLegPt.x1': 40.408215846248105, 'lLegPt.y1': 16.335861562783727, 'lLegPt.rA1': -74.06640822785317, 'lLegPt.rL2': 25.154402963998514, 'lLegPt.lL2': 97.10884193983723}",PRUNED
469,469,15.913792999474289,2026-04-14 15:54:13.753733,2026-04-14 15:54:17.573595,0 days 00:00:03.819862,96.95455622696439,87.92858837753433,39.452476803958845,-40.54799705585379,17.645522253411983,99.43811859767969,66.56073140167291,48.12655077995126,15.027795100225624,97.87745798185934,19.410795353276765,41.72317116641199,-22.020937134435513,67.34318250902933,47.98970517650713,15.71753928193511,43.37416485153064,28.34789012034608,Unattained target,GPSampler,,PRUNED
470,470,15.913793091836936,2026-04-14 15:54:17.740823,2026-04-14 15:54:21.340048,0 days 00:00:03.599225,96.95455622696439,87.92858837753433,39.452476803958845,-40.54799705585379,17.645522253411983,99.43811859767969,66.56073140167291,48.12655077995126,15.027795100225624,97.87745798185934,19.410795353276765,41.72317116641199,-22.020937134435513,67.34318250902933,47.98970517650713,15.71753928193511,43.37416485153064,28.34789012034608,Unattained target,GPSampler,"{'sLegPt.rL0': 67.34318250902933, 'sLegPt.lL0': 97.87745798185934, 'sLegPt.rL1': 47.98970517650713, 'sLegPt.lL1': 19.410795353276765, 'sLegPt.x1': 43.37416485153064, 'sLegPt.y1': 28.34789012034608, 'sLegPt.rA1': -22.020937134435513, 'sLegPt.rL2': 15.71753928193511, 'sLegPt.lL2': 41.72317116641199, 'lLegPt.rL0': 17.645522253411983, 'lLegPt.lL0': 96.95455622696439, 'lLegPt.rL1': 99.43811859767969, 'lLegPt.lL1': 87.92858837753433, 'lLegPt.x1': 48.12655077995126, 'lLegPt.y1': 15.027795100225624, 'lLegPt.rA1': -40.54799705585379, 'lLegPt.rL2': 66.56073140167291, 'lLegPt.lL2': 39.452476803958845}",PRUNED
471,471,15.913793019986059,2026-04-14 15:54:21.508880,2026-04-14 15:54:25.226066,0 days 00:00:03.717186,96.95455622696439,87.92858837753433,39.452476803958845,-40.54799705585379,17.645522253411983,99.43811859767969,66.56073140167291,48.12655077995126,15.027795100225624,97.87745798185934,19.410795353276765,41.72317116641199,-22.020937134435513,67.34318250902933,47.98970517650713,15.71753928193511,43.37416485153064,28.34789012034608,Unattained target,GPSampler,"{'sLegPt.rL0': 67.34318250902933, 'sLegPt.lL0': 97.87745798185934, 'sLegPt.rL1': 47.98970517650713, 'sLegPt.lL1': 19.410795353276765, 'sLegPt.x1': 43.37416485153064, 'sLegPt.y1': 28.34789012034608, 'sLegPt.rA1': -22.020937134435513, 'sLegPt.rL2': 15.71753928193511, 'sLegPt.lL2': 41.72317116641199, 'lLegPt.rL0': 17.645522253411983, 'lLegPt.lL0': 96.95455622696439, 'lLegPt.rL1': 99.43811859767969, 'lLegPt.lL1': 87.92858837753433, 'lLegPt.x1': 48.12655077995126, 'lLegPt.y1': 15.027795100225624, 'lLegPt.rA1': -40.54799705585379, 'lLegPt.rL2': 66.56073140167291, 'lLegPt.lL2': 39.452476803958845}",PRUNED
472,472,7.45484068073938,2026-04-14 15:54:25.363905,2026-04-14 15:54:29.226253,0 days 00:00:03.862348,52.58656477892348,50.59278111702555,93.96409447648091,-46.62613530528121,71.51818069586609,12.374868836710341,65.17664890290892,46.616018496432105,27.48797939795943,25.712457715816623,94.3481086996071,89.6813360792316,-22.52206850707487,78.37227589365192,55.76241379985864,62.42722232810673,49.24685989803778,23.00588656002722,Unattained target,GPSampler,,PRUNED
473,473,7.454841070570069,2026-04-14 15:54:29.366990,2026-04-14 15:54:33.245097,0 days 00:00:03.878107,52.58656477892348,50.59278111702555,93.96409447648091,-46.62613530528121,71.51818069586609,12.374868836710341,65.17664890290892,46.616018496432105,27.48797939795943,25.712457715816623,94.3481086996071,89.6813360792316,-22.52206850707487,78.37227589365192,55.76241379985864,62.42722232810673,49.24685989803778,23.00588656002722,Unattained target,GPSampler,"{'sLegPt.rL0': 78.37227589365192, 'sLegPt.lL0': 25.712457715816623, 'sLegPt.rL1': 55.76241379985864, 'sLegPt.lL1': 94.3481086996071, 'sLegPt.x1': 49.24685989803778, 'sLegPt.y1': 23.00588656002722, 'sLegPt.rA1': -22.52206850707487, 'sLegPt.rL2': 62.42722232810673, 'sLegPt.lL2': 89.6813360792316, 'lLegPt.rL0': 71.51818069586609, 'lLegPt.lL0': 52.58656477892348, 'lLegPt.rL1': 12.374868836710341, 'lLegPt.lL1': 50.59278111702555, 'lLegPt.x1': 46.616018496432105, 'lLegPt.y1': 27.48797939795943, 'lLegPt.rA1': -46.62613530528121, 'lLegPt.rL2': 65.17664890290892, 'lLegPt.lL2': 93.96409447648091}",PRUNED
474,474,7.454840869122918,2026-04-14 15:54:33.403730,2026-04-14 15:54:37.121020,0 days 00:00:03.717290,52.58656477892348,50.59278111702555,93.96409447648091,-46.62613530528121,71.51818069586609,12.374868836710341,65.17664890290892,46.616018496432105,27.48797939795943,25.712457715816623,94.3481086996071,89.6813360792316,-22.52206850707487,78.37227589365192,55.76241379985864,62.42722232810673,49.24685989803778,23.00588656002722,Unattained target,GPSampler,"{'sLegPt.rL0': 78.37227589365192, 'sLegPt.lL0': 25.712457715816623, 'sLegPt.rL1': 55.76241379985864, 'sLegPt.lL1': 94.3481086996071, 'sLegPt.x1': 49.24685989803778, 'sLegPt.y1': 23.00588656002722, 'sLegPt.rA1': -22.52206850707487, 'sLegPt.rL2': 62.42722232810673, 'sLegPt.lL2': 89.6813360792316, 'lLegPt.rL0': 71.51818069586609, 'lLegPt.lL0': 52.58656477892348, 'lLegPt.rL1': 12.374868836710341, 'lLegPt.lL1': 50.59278111702555, 'lLegPt.x1': 46.616018496432105, 'lLegPt.y1': 27.48797939795943, 'lLegPt.rA1': -46.62613530528121, 'lLegPt.rL2': 65.17664890290892, 'lLegPt.lL2': 93.96409447648091}",PRUNED
475,475,5.248033191213857,2026-04-14 15:54:37.277323,2026-04-14 15:54:42.748497,0 days 00:00:05.471174,16.872734831696327,17.190445585795143,31.90580111289352,-61.03478912630462,23.408072281273164,10.977798368338595,84.05501880666652,38.70401829713294,14.464632227202967,12.965902699478507,37.73661553462628,13.800494121930187,-28.731349650390797,26.339060625787827,85.4518038413299,88.91085483166955,30.97878209669294,20.285740795543454,Unattained target,GPSampler,,PRUNED
476,476,5.248042749350525,2026-04-14 15:54:42.897538,2026-04-14 15:54:48.133140,0 days 00:00:05.235602,16.872734831696327,17.190445585795143,31.90580111289352,-61.03478912630462,23.408072281273164,10.977798368338595,84.05501880666652,38.70401829713294,14.464632227202967,12.965902699478507,37.73661553462628,13.800494121930187,-28.731349650390797,26.339060625787827,85.4518038413299,88.91085483166955,30.97878209669294,20.285740795543454,Unattained target,GPSampler,"{'sLegPt.rL0': 26.339060625787827, 'sLegPt.lL0': 12.965902699478507, 'sLegPt.rL1': 85.4518038413299, 'sLegPt.lL1': 37.73661553462628, 'sLegPt.x1': 30.97878209669294, 'sLegPt.y1': 20.285740795543454, 'sLegPt.rA1': -28.731349650390797, 'sLegPt.rL2': 88.91085483166955, 'sLegPt.lL2': 13.800494121930187, 'lLegPt.rL0': 23.408072281273164, 'lLegPt.lL0': 16.872734831696327, 'lLegPt.rL1': 10.977798368338595, 'lLegPt.lL1': 17.190445585795143, 'lLegPt.x1': 38.70401829713294, 'lLegPt.y1': 14.464632227202967, 'lLegPt.rA1': -61.03478912630462, 'lLegPt.rL2': 84.05501880666652, 'lLegPt.lL2': 31.90580111289352}",PRUNED
477,477,5.248040538675561,2026-04-14 15:54:48.282443,2026-04-14 15:54:53.472695,0 days 00:00:05.190252,16.872734831696327,17.190445585795143,31.90580111289352,-61.03478912630462,23.408072281273164,10.977798368338595,84.05501880666652,38.70401829713294,14.464632227202967,12.965902699478507,37.73661553462628,13.800494121930187,-28.731349650390797,26.339060625787827,85.4518038413299,88.91085483166955,30.97878209669294,20.285740795543454,Unattained target,GPSampler,"{'sLegPt.rL0': 26.339060625787827, 'sLegPt.lL0': 12.965902699478507, 'sLegPt.rL1': 85.4518038413299, 'sLegPt.lL1': 37.73661553462628, 'sLegPt.x1': 30.97878209669294, 'sLegPt.y1': 20.285740795543454, 'sLegPt.rA1': -28.731349650390797, 'sLegPt.rL2': 88.91085483166955, 'sLegPt.lL2': 13.800494121930187, 'lLegPt.rL0': 23.408072281273164, 'lLegPt.lL0': 16.872734831696327, 'lLegPt.rL1': 10.977798368338595, 'lLegPt.lL1': 17.190445585795143, 'lLegPt.x1': 38.70401829713294, 'lLegPt.y1': 14.464632227202967, 'lLegPt.rA1': -61.03478912630462, 'lLegPt.rL2': 84.05501880666652, 'lLegPt.lL2': 31.90580111289352}",PRUNED
478,478,12.590632924750338,2026-04-14 15:54:53.631394,2026-04-14 15:54:57.509172,0 days 00:00:03.877778,55.90783532274173,45.49216530503741,56.91185724545624,-20.191068748590865,34.50397342079222,83.01360005053317,29.327213487904622,41.43115285268246,16.57989898193473,62.09748752874991,97.93910347129399,88.42559442750844,-79.1687630733061,48.806692172654124,88.8038512356597,27.85514871598997,39.7702424076952,17.0443739450722,Unattained target,GPSampler,,PRUNED
479,479,12.590633022961875,2026-04-14 15:54:57.660196,2026-04-14 15:55:02.031018,0 days 00:00:04.370822,55.90783532274173,45.49216530503741,56.91185724545624,-20.191068748590865,34.50397342079222,83.01360005053317,29.327213487904622,41.43115285268246,16.57989898193473,62.09748752874991,97.93910347129399,88.42559442750844,-79.1687630733061,48.806692172654124,88.8038512356597,27.85514871598997,39.7702424076952,17.0443739450722,Unattained target,GPSampler,"{'sLegPt.rL0': 48.806692172654124, 'sLegPt.lL0': 62.09748752874991, 'sLegPt.rL1': 88.8038512356597, 'sLegPt.lL1': 97.93910347129399, 'sLegPt.x1': 39.7702424076952, 'sLegPt.y1': 17.0443739450722, 'sLegPt.rA1': -79.1687630733061, 'sLegPt.rL2': 27.85514871598997, 'sLegPt.lL2': 88.42559442750844, 'lLegPt.rL0': 34.50397342079222, 'lLegPt.lL0': 55.90783532274173, 'lLegPt.rL1': 83.01360005053317, 'lLegPt.lL1': 45.49216530503741, 'lLegPt.x1': 41.43115285268246, 'lLegPt.y1': 16.57989898193473, 'lLegPt.rA1': -20.191068748590865, 'lLegPt.rL2': 29.327213487904622, 'lLegPt.lL2': 56.91185724545624}",PRUNED
480,480,12.590634334002573,2026-04-14 15:55:02.190518,2026-04-14 15:55:06.394823,0 days 00:00:04.204305,55.90783532274173,45.49216530503741,56.91185724545624,-20.191068748590865,34.50397342079222,83.01360005053317,29.327213487904622,41.43115285268246,16.57989898193473,62.09748752874991,97.93910347129399,88.42559442750844,-79.1687630733061,48.806692172654124,88.8038512356597,27.85514871598997,39.7702424076952,17.0443739450722,Unattained target,GPSampler,"{'sLegPt.rL0': 48.806692172654124, 'sLegPt.lL0': 62.09748752874991, 'sLegPt.rL1': 88.8038512356597, 'sLegPt.lL1': 97.93910347129399, 'sLegPt.x1': 39.7702424076952, 'sLegPt.y1': 17.0443739450722, 'sLegPt.rA1': -79.1687630733061, 'sLegPt.rL2': 27.85514871598997, 'sLegPt.lL2': 88.42559442750844, 'lLegPt.rL0': 34.50397342079222, 'lLegPt.lL0': 55.90783532274173, 'lLegPt.rL1': 83.01360005053317, 'lLegPt.lL1': 45.49216530503741, 'lLegPt.x1': 41.43115285268246, 'lLegPt.y1': 16.57989898193473, 'lLegPt.rA1': -20.191068748590865, 'lLegPt.rL2': 29.327213487904622, 'lLegPt.lL2': 56.91185724545624}",PRUNED
481,481,5.552871824229179,2026-04-14 15:55:06.554750,2026-04-14 15:55:12.129108,0 days 00:00:05.574358,36.185018302587196,91.73200854115048,37.39351858743453,-58.52476418126189,87.53576401024677,44.377083201235564,29.348762777203174,43.71491338765897,20.948607526004857,27.8729318629034,64.7753720480467,88.44444425213348,-47.92533578091976,62.88483427458129,45.358263091927874,81.04112170196709,48.302732487050264,28.40873342411338,Unattained target,GPSampler,,PRUNED
482,482,5.552871638032016,2026-04-14 15:55:12.289541,2026-04-14 15:55:16.225369,0 days 00:00:03.935828,36.185018302587196,91.73200854115048,37.39351858743453,-58.52476418126189,87.53576401024677,44.377083201235564,29.348762777203174,43.71491338765897,20.948607526004857,27.8729318629034,64.7753720480467,88.44444425213348,-47.92533578091976,62.88483427458129,45.358263091927874,81.04112170196709,48.302732487050264,28.40873342411338,Unattained target,GPSampler,"{'sLegPt.rL0': 62.88483427458129, 'sLegPt.lL0': 27.8729318629034, 'sLegPt.rL1': 45.358263091927874, 'sLegPt.lL1': 64.7753720480467, 'sLegPt.x1': 48.302732487050264, 'sLegPt.y1': 28.40873342411338, 'sLegPt.rA1': -47.92533578091976, 'sLegPt.rL2': 81.04112170196709, 'sLegPt.lL2': 88.44444425213348, 'lLegPt.rL0': 87.53576401024677, 'lLegPt.lL0': 36.185018302587196, 'lLegPt.rL1': 44.377083201235564, 'lLegPt.lL1': 91.73200854115048, 'lLegPt.x1': 43.71491338765897, 'lLegPt.y1': 20.948607526004857, 'lLegPt.rA1': -58.52476418126189, 'lLegPt.rL2': 29.348762777203174, 'lLegPt.lL2': 37.39351858743453}",PRUNED
483,483,5.552871298287791,2026-04-14 15:55:16.389535,2026-04-14 15:55:20.001024,0 days 00:00:03.611489,36.185018302587196,91.73200854115048,37.39351858743453,-58.52476418126189,87.53576401024677,44.377083201235564,29.348762777203174,43.71491338765897,20.948607526004857,27.8729318629034,64.7753720480467,88.44444425213348,-47.92533578091976,62.88483427458129,45.358263091927874,81.04112170196709,48.302732487050264,28.40873342411338,Unattained target,GPSampler,"{'sLegPt.rL0': 62.88483427458129, 'sLegPt.lL0': 27.8729318629034, 'sLegPt.rL1': 45.358263091927874, 'sLegPt.lL1': 64.7753720480467, 'sLegPt.x1': 48.302732487050264, 'sLegPt.y1': 28.40873342411338, 'sLegPt.rA1': -47.92533578091976, 'sLegPt.rL2': 81.04112170196709, 'sLegPt.lL2': 88.44444425213348, 'lLegPt.rL0': 87.53576401024677, 'lLegPt.lL0': 36.185018302587196, 'lLegPt.rL1': 44.377083201235564, 'lLegPt.lL1': 91.73200854115048, 'lLegPt.x1': 43.71491338765897, 'lLegPt.y1': 20.948607526004857, 'lLegPt.rA1': -58.52476418126189, 'lLegPt.rL2': 29.348762777203174, 'lLegPt.lL2': 37.39351858743453}",PRUNED
484,484,5.894215644423113,2026-04-14 15:55:20.158721,2026-04-14 15:55:27.961323,0 days 00:00:07.802602,90.2783653821499,44.454435285553245,55.609585208961775,-54.519111089351824,35.670586043144986,24.513354833305833,13.268840705037672,42.95850611668549,24.258860362925997,61.56362622325626,79.47626847054003,94.46064833258829,-45.3344631589607,98.59329340248858,49.578894938307464,29.645218913431343,34.2494044808599,29.383819046955463,Unattained target,GPSampler,,PRUNED
