,number,value,datetime_start,datetime_complete,duration,params_lLegPt.lL0,params_lLegPt.lL1,params_lLegPt.lL2,params_lLegPt.rA1,params_lLegPt.rL0,params_lLegPt.rL1,params_lLegPt.rL2,params_lLegPt.x1,params_lLegPt.y1,params_sLegPt.lL0,params_sLegPt.lL1,params_sLegPt.lL2,params_sLegPt.rA1,params_sLegPt.rL0,params_sLegPt.rL1,params_sLegPt.rL2,params_sLegPt.x1,params_sLegPt.y1,user_attrs_prune,system_attrs_auto:sampler,system_attrs_fixed_params,state
49,49,7.219686975155,2026-04-14 15:22:04.027905,2026-04-14 15:22:08.038569,0 days 00:00:04.010664,37.62926842730782,43.036434765707014,55.05722523824081,-73.49140937491411,48.95235223012924,43.209767381311146,61.82513237568904,32.16051888974314,23.370370819157117,35.268816166028984,17.339854553745646,23.453814480030964,-45.8484314395548,41.38917036659849,98.07243125897858,70.62364785850554,43.025054279950226,20.82080004857196,Unattained target,RandomSampler,"{'sLegPt.rL0': 41.38917036659849, 'sLegPt.lL0': 35.268816166028984, 'sLegPt.rL1': 98.07243125897858, 'sLegPt.lL1': 17.339854553745646, 'sLegPt.x1': 43.025054279950226, 'sLegPt.y1': 20.82080004857196, 'sLegPt.rA1': -45.8484314395548, 'sLegPt.rL2': 70.62364785850554, 'sLegPt.lL2': 23.453814480030964, 'lLegPt.rL0': 48.95235223012924, 'lLegPt.lL0': 37.62926842730782, 'lLegPt.rL1': 43.209767381311146, 'lLegPt.lL1': 43.036434765707014, 'lLegPt.x1': 32.16051888974314, 'lLegPt.y1': 23.370370819157117, 'lLegPt.rA1': -73.49140937491411, 'lLegPt.rL2': 61.82513237568904, 'lLegPt.lL2': 55.05722523824081}",PRUNED
50,50,7.21968533779728,2026-04-14 15:22:08.207396,2026-04-14 15:22:12.354075,0 days 00:00:04.146679,37.62926842730782,43.036434765707014,55.05722523824081,-73.49140937491411,48.95235223012924,43.209767381311146,61.82513237568904,32.16051888974314,23.370370819157117,35.268816166028984,17.339854553745646,23.453814480030964,-45.8484314395548,41.38917036659849,98.07243125897858,70.62364785850554,43.025054279950226,20.82080004857196,Unattained target,RandomSampler,"{'sLegPt.rL0': 41.38917036659849, 'sLegPt.lL0': 35.268816166028984, 'sLegPt.rL1': 98.07243125897858, 'sLegPt.lL1': 17.339854553745646, 'sLegPt.x1': 43.025054279950226, 'sLegPt.y1': 20.82080004857196, 'sLegPt.rA1': -45.8484314395548, 'sLegPt.rL2': 70.62364785850554, 'sLegPt.lL2': 23.453814480030964, 'lLegPt.rL0': 48.95235223012924, 'lLegPt.lL0': 37.62926842730782, 'lLegPt.rL1': 43.209767381311146, 'lLegPt.lL1': 43.036434765707014, 'lLegPt.x1': 32.16051888974314, 'lLegPt.y1': 23.370370819157117, 'lLegPt.rA1': -73.49140937491411, 'lLegPt.rL2': 61.82513237568904, 'lLegPt.lL2': 55.05722523824081}",PRUNED
51,51,7.527455928527111,2026-04-14 15:22:12.526766,2026-04-14 15:22:16.548898,0 days 00:00:04.022132,64.05913381199474,58.2782532395539,48.07714319356004,-71.45996168326332,82.57429662329774,35.68045136269248,29.04346587746459,48.20018221356914,22.48849779017858,98.32943700390535,46.88928452008485,17.521491307377595,-39.48815953940461,39.088882161421175,61.52777647256421,63.07418301451142,42.361999658402,20.873463234893176,Unattained target,RandomSampler,,PRUNED
52,52,7.527455914743975,2026-04-14 15:22:16.729028,2026-04-14 15:22:20.844233,0 days 00:00:04.115205,64.05913381199474,58.2782532395539,48.07714319356004,-71.45996168326332,82.57429662329774,35.68045136269248,29.04346587746459,48.20018221356914,22.48849779017858,98.32943700390535,46.88928452008485,17.521491307377595,-39.48815953940461,39.088882161421175,61.52777647256421,63.07418301451142,42.361999658402,20.873463234893176,Unattained target,RandomSampler,"{'sLegPt.rL0': 39.088882161421175, 'sLegPt.lL0': 98.32943700390535, 'sLegPt.rL1': 61.52777647256421, 'sLegPt.lL1': 46.88928452008485, 'sLegPt.x1': 42.361999658402, 'sLegPt.y1': 20.873463234893176, 'sLegPt.rA1': -39.48815953940461, 'sLegPt.rL2': 63.07418301451142, 'sLegPt.lL2': 17.521491307377595, 'lLegPt.rL0': 82.57429662329774, 'lLegPt.lL0': 64.05913381199474, 'lLegPt.rL1': 35.68045136269248, 'lLegPt.lL1': 58.2782532395539, 'lLegPt.x1': 48.20018221356914, 'lLegPt.y1': 22.48849779017858, 'lLegPt.rA1': -71.45996168326332, 'lLegPt.rL2': 29.04346587746459, 'lLegPt.lL2': 48.07714319356004}",PRUNED
53,53,7.527456078927152,2026-04-14 15:22:20.976201,2026-04-14 15:22:25.046334,0 days 00:00:04.070133,64.05913381199474,58.2782532395539,48.07714319356004,-71.45996168326332,82.57429662329774,35.68045136269248,29.04346587746459,48.20018221356914,22.48849779017858,98.32943700390535,46.88928452008485,17.521491307377595,-39.48815953940461,39.088882161421175,61.52777647256421,63.07418301451142,42.361999658402,20.873463234893176,Unattained target,RandomSampler,"{'sLegPt.rL0': 39.088882161421175, 'sLegPt.lL0': 98.32943700390535, 'sLegPt.rL1': 61.52777647256421, 'sLegPt.lL1': 46.88928452008485, 'sLegPt.x1': 42.361999658402, 'sLegPt.y1': 20.873463234893176, 'sLegPt.rA1': -39.48815953940461, 'sLegPt.rL2': 63.07418301451142, 'sLegPt.lL2': 17.521491307377595, 'lLegPt.rL0': 82.57429662329774, 'lLegPt.lL0': 64.05913381199474, 'lLegPt.rL1': 35.68045136269248, 'lLegPt.lL1': 58.2782532395539, 'lLegPt.x1': 48.20018221356914, 'lLegPt.y1': 22.48849779017858, 'lLegPt.rA1': -71.45996168326332, 'lLegPt.rL2': 29.04346587746459, 'lLegPt.lL2': 48.07714319356004}",PRUNED
54,54,6.305165973328563,2026-04-14 15:22:25.194114,2026-04-14 15:22:29.198820,0 days 00:00:04.004706,94.8963153135926,59.82800137162978,12.944771712809088,-30.744719528178898,58.52430785742435,98.72349468147138,96.37190758214514,36.895236431029716,23.377656222231096,63.44771461935816,78.91604327501904,60.16952872483852,-75.34704653550179,28.93475228713058,51.74940668047396,18.14593634930621,34.6747475341641,29.57300178589363,Unattained target,RandomSampler,,PRUNED
55,55,6.305165682894092,2026-04-14 15:22:29.349174,2026-04-14 15:22:33.494107,0 days 00:00:04.144933,94.8963153135926,59.82800137162978,12.944771712809088,-30.744719528178898,58.52430785742435,98.72349468147138,96.37190758214514,36.895236431029716,23.377656222231096,63.44771461935816,78.91604327501904,60.16952872483852,-75.34704653550179,28.93475228713058,51.74940668047396,18.14593634930621,34.6747475341641,29.57300178589363,Unattained target,RandomSampler,"{'sLegPt.rL0': 28.93475228713058, 'sLegPt.lL0': 63.44771461935816, 'sLegPt.rL1': 51.74940668047396, 'sLegPt.lL1': 78.91604327501904, 'sLegPt.x1': 34.6747475341641, 'sLegPt.y1': 29.57300178589363, 'sLegPt.rA1': -75.34704653550179, 'sLegPt.rL2': 18.14593634930621, 'sLegPt.lL2': 60.16952872483852, 'lLegPt.rL0': 58.52430785742435, 'lLegPt.lL0': 94.8963153135926, 'lLegPt.rL1': 98.72349468147138, 'lLegPt.lL1': 59.82800137162978, 'lLegPt.x1': 36.895236431029716, 'lLegPt.y1': 23.377656222231096, 'lLegPt.rA1': -30.744719528178898, 'lLegPt.rL2': 96.37190758214514, 'lLegPt.lL2': 12.944771712809088}",PRUNED
56,56,6.305165984318641,2026-04-14 15:22:33.674197,2026-04-14 15:22:37.659636,0 days 00:00:03.985439,94.8963153135926,59.82800137162978,12.944771712809088,-30.744719528178898,58.52430785742435,98.72349468147138,96.37190758214514,36.895236431029716,23.377656222231096,63.44771461935816,78.91604327501904,60.16952872483852,-75.34704653550179,28.93475228713058,51.74940668047396,18.14593634930621,34.6747475341641,29.57300178589363,Unattained target,RandomSampler,"{'sLegPt.rL0': 28.93475228713058, 'sLegPt.lL0': 63.44771461935816, 'sLegPt.rL1': 51.74940668047396, 'sLegPt.lL1': 78.91604327501904, 'sLegPt.x1': 34.6747475341641, 'sLegPt.y1': 29.57300178589363, 'sLegPt.rA1': -75.34704653550179, 'sLegPt.rL2': 18.14593634930621, 'sLegPt.lL2': 60.16952872483852, 'lLegPt.rL0': 58.52430785742435, 'lLegPt.lL0': 94.8963153135926, 'lLegPt.rL1': 98.72349468147138, 'lLegPt.lL1': 59.82800137162978, 'lLegPt.x1': 36.895236431029716, 'lLegPt.y1': 23.377656222231096, 'lLegPt.rA1': -30.744719528178898, 'lLegPt.rL2': 96.37190758214514, 'lLegPt.lL2': 12.944771712809088}",PRUNED
57,57,6.00575164661057,2026-04-14 15:22:37.816288,2026-04-14 15:22:42.010296,0 days 00:00:04.194008,60.1997652318543,19.969634799852557,45.30346797863821,-37.05068710007131,36.874628177678574,97.07028382927432,40.89063194465483,42.083488057908085,14.831167099813133,76.01515980916145,42.40889239158916,46.41076668926005,-59.96211868641285,23.323007168836035,84.36848928680688,12.796363605416317,45.560786403275245,18.475579857469018,Unattained target,RandomSampler,,PRUNED
58,58,6.005751579402009,2026-04-14 15:22:42.149709,2026-04-14 15:22:46.219475,0 days 00:00:04.069766,60.1997652318543,19.969634799852557,45.30346797863821,-37.05068710007131,36.874628177678574,97.07028382927432,40.89063194465483,42.083488057908085,14.831167099813133,76.01515980916145,42.40889239158916,46.41076668926005,-59.96211868641285,23.323007168836035,84.36848928680688,12.796363605416317,45.560786403275245,18.475579857469018,Unattained target,RandomSampler,"{'sLegPt.rL0': 23.323007168836035, 'sLegPt.lL0': 76.01515980916145, 'sLegPt.rL1': 84.36848928680688, 'sLegPt.lL1': 42.40889239158916, 'sLegPt.x1': 45.560786403275245, 'sLegPt.y1': 18.475579857469018, 'sLegPt.rA1': -59.96211868641285, 'sLegPt.rL2': 12.796363605416317, 'sLegPt.lL2': 46.41076668926005, 'lLegPt.rL0': 36.874628177678574, 'lLegPt.lL0': 60.1997652318543, 'lLegPt.rL1': 97.07028382927432, 'lLegPt.lL1': 19.969634799852557, 'lLegPt.x1': 42.083488057908085, 'lLegPt.y1': 14.831167099813133, 'lLegPt.rA1': -37.05068710007131, 'lLegPt.rL2': 40.89063194465483, 'lLegPt.lL2': 45.30346797863821}",PRUNED
59,59,6.00575158341357,2026-04-14 15:22:46.357927,2026-04-14 15:22:50.724747,0 days 00:00:04.366820,60.1997652318543,19.969634799852557,45.30346797863821,-37.05068710007131,36.874628177678574,97.07028382927432,40.89063194465483,42.083488057908085,14.831167099813133,76.01515980916145,42.40889239158916,46.41076668926005,-59.96211868641285,23.323007168836035,84.36848928680688,12.796363605416317,45.560786403275245,18.475579857469018,Unattained target,RandomSampler,"{'sLegPt.rL0': 23.323007168836035, 'sLegPt.lL0': 76.01515980916145, 'sLegPt.rL1': 84.36848928680688, 'sLegPt.lL1': 42.40889239158916, 'sLegPt.x1': 45.560786403275245, 'sLegPt.y1': 18.475579857469018, 'sLegPt.rA1': -59.96211868641285, 'sLegPt.rL2': 12.796363605416317, 'sLegPt.lL2': 46.41076668926005, 'lLegPt.rL0': 36.874628177678574, 'lLegPt.lL0': 60.1997652318543, 'lLegPt.rL1': 97.07028382927432, 'lLegPt.lL1': 19.969634799852557, 'lLegPt.x1': 42.083488057908085, 'lLegPt.y1': 14.831167099813133, 'lLegPt.rA1': -37.05068710007131, 'lLegPt.rL2': 40.89063194465483, 'lLegPt.lL2': 45.30346797863821}",PRUNED
60,60,6.43231714990236,2026-04-14 15:22:50.895474,2026-04-14 15:22:54.984687,0 days 00:00:04.089213,85.50453255656201,35.34763301654692,85.7410717995726,-67.49420628571247,38.914060756382895,44.42659759595353,31.873230575547865,30.730909312593816,20.306736147980637,75.23552380420088,79.7741411478569,74.77017856308818,-58.30670608266851,67.53730389753207,95.46382072427289,94.33684829914993,33.143640727547194,15.803281295424629,Unattained target,RandomSampler,,PRUNED
61,61,6.432317820276907,2026-04-14 15:22:55.138645,2026-04-14 15:22:59.330026,0 days 00:00:04.191381,85.50453255656201,35.34763301654692,85.7410717995726,-67.49420628571247,38.914060756382895,44.42659759595353,31.873230575547865,30.730909312593816,20.306736147980637,75.23552380420088,79.7741411478569,74.77017856308818,-58.30670608266851,67.53730389753207,95.46382072427289,94.33684829914993,33.143640727547194,15.803281295424629,Unattained target,RandomSampler,"{'sLegPt.rL0': 67.53730389753207, 'sLegPt.lL0': 75.23552380420088, 'sLegPt.rL1': 95.46382072427289, 'sLegPt.lL1': 79.7741411478569, 'sLegPt.x1': 33.143640727547194, 'sLegPt.y1': 15.803281295424629, 'sLegPt.rA1': -58.30670608266851, 'sLegPt.rL2': 94.33684829914993, 'sLegPt.lL2': 74.77017856308818, 'lLegPt.rL0': 38.914060756382895, 'lLegPt.lL0': 85.50453255656201, 'lLegPt.rL1': 44.42659759595353, 'lLegPt.lL1': 35.34763301654692, 'lLegPt.x1': 30.730909312593816, 'lLegPt.y1': 20.306736147980637, 'lLegPt.rA1': -67.49420628571247, 'lLegPt.rL2': 31.873230575547865, 'lLegPt.lL2': 85.7410717995726}",PRUNED
62,62,6.432317088838104,2026-04-14 15:22:59.489159,2026-04-14 15:23:03.655074,0 days 00:00:04.165915,85.50453255656201,35.34763301654692,85.7410717995726,-67.49420628571247,38.914060756382895,44.42659759595353,31.873230575547865,30.730909312593816,20.306736147980637,75.23552380420088,79.7741411478569,74.77017856308818,-58.30670608266851,67.53730389753207,95.46382072427289,94.33684829914993,33.143640727547194,15.803281295424629,Unattained target,RandomSampler,"{'sLegPt.rL0': 67.53730389753207, 'sLegPt.lL0': 75.23552380420088, 'sLegPt.rL1': 95.46382072427289, 'sLegPt.lL1': 79.7741411478569, 'sLegPt.x1': 33.143640727547194, 'sLegPt.y1': 15.803281295424629, 'sLegPt.rA1': -58.30670608266851, 'sLegPt.rL2': 94.33684829914993, 'sLegPt.lL2': 74.77017856308818, 'lLegPt.rL0': 38.914060756382895, 'lLegPt.lL0': 85.50453255656201, 'lLegPt.rL1': 44.42659759595353, 'lLegPt.lL1': 35.34763301654692, 'lLegPt.x1': 30.730909312593816, 'lLegPt.y1': 20.306736147980637, 'lLegPt.rA1': -67.49420628571247, 'lLegPt.rL2': 31.873230575547865, 'lLegPt.lL2': 85.7410717995726}",PRUNED
63,63,5.830122923951059,2026-04-14 15:23:03.824404,2026-04-14 15:23:07.824951,0 days 00:00:04.000547,69.6624123849733,42.558482782230506,39.139219839124394,-76.6352450088537,80.85680870156888,80.90486964706356,76.21705158732756,45.45970272927207,21.67858479931091,46.39378229993927,10.334261357389401,72.77435650414266,-42.97491768567478,53.139217225023486,19.26783667980132,50.289614923646425,30.9439982146364,21.084688420419653,Unattained target,RandomSampler,,PRUNED
64,64,5.8301227795355075,2026-04-14 15:23:07.987254,2026-04-14 15:23:12.151311,0 days 00:00:04.164057,69.6624123849733,42.558482782230506,39.139219839124394,-76.6352450088537,80.85680870156888,80.90486964706356,76.21705158732756,45.45970272927207,21.67858479931091,46.39378229993927,10.334261357389401,72.77435650414266,-42.97491768567478,53.139217225023486,19.26783667980132,50.289614923646425,30.9439982146364,21.084688420419653,Unattained target,RandomSampler,"{'sLegPt.rL0': 53.139217225023486, 'sLegPt.lL0': 46.39378229993927, 'sLegPt.rL1': 19.26783667980132, 'sLegPt.lL1': 10.334261357389401, 'sLegPt.x1': 30.9439982146364, 'sLegPt.y1': 21.084688420419653, 'sLegPt.rA1': -42.97491768567478, 'sLegPt.rL2': 50.289614923646425, 'sLegPt.lL2': 72.77435650414266, 'lLegPt.rL0': 80.85680870156888, 'lLegPt.lL0': 69.6624123849733, 'lLegPt.rL1': 80.90486964706356, 'lLegPt.lL1': 42.558482782230506, 'lLegPt.x1': 45.45970272927207, 'lLegPt.y1': 21.67858479931091, 'lLegPt.rA1': -76.6352450088537, 'lLegPt.rL2': 76.21705158732756, 'lLegPt.lL2': 39.139219839124394}",PRUNED
65,65,5.830122814930341,2026-04-14 15:23:12.310798,2026-04-14 15:23:16.265087,0 days 00:00:03.954289,69.6624123849733,42.558482782230506,39.139219839124394,-76.6352450088537,80.85680870156888,80.90486964706356,76.21705158732756,45.45970272927207,21.67858479931091,46.39378229993927,10.334261357389401,72.77435650414266,-42.97491768567478,53.139217225023486,19.26783667980132,50.289614923646425,30.9439982146364,21.084688420419653,Unattained target,RandomSampler,"{'sLegPt.rL0': 53.139217225023486, 'sLegPt.lL0': 46.39378229993927, 'sLegPt.rL1': 19.26783667980132, 'sLegPt.lL1': 10.334261357389401, 'sLegPt.x1': 30.9439982146364, 'sLegPt.y1': 21.084688420419653, 'sLegPt.rA1': -42.97491768567478, 'sLegPt.rL2': 50.289614923646425, 'sLegPt.lL2': 72.77435650414266, 'lLegPt.rL0': 80.85680870156888, 'lLegPt.lL0': 69.6624123849733, 'lLegPt.rL1': 80.90486964706356, 'lLegPt.lL1': 42.558482782230506, 'lLegPt.x1': 45.45970272927207, 'lLegPt.y1': 21.67858479931091, 'lLegPt.rA1': -76.6352450088537, 'lLegPt.rL2': 76.21705158732756, 'lLegPt.lL2': 39.139219839124394}",PRUNED
66,66,7.45894082578981,2026-04-14 15:23:16.405201,2026-04-14 15:23:20.675200,0 days 00:00:04.269999,96.47915239844004,27.105248577347194,58.61213182338905,-28.190938515585742,93.48939284606249,13.04310105522382,99.0484881986778,31.300776662304063,25.328857961468866,22.777773897525243,86.67627359491375,69.08319690515911,-37.079764405123164,15.93206985155849,53.5450276301936,87.54852409461719,33.95676944819779,17.851593686700767,Unattained target,RandomSampler,,PRUNED
67,67,7.4589406296044345,2026-04-14 15:23:20.842483,2026-04-14 15:23:25.325222,0 days 00:00:04.482739,96.47915239844004,27.105248577347194,58.61213182338905,-28.190938515585742,93.48939284606249,13.04310105522382,99.0484881986778,31.300776662304063,25.328857961468866,22.777773897525243,86.67627359491375,69.08319690515911,-37.079764405123164,15.93206985155849,53.5450276301936,87.54852409461719,33.95676944819779,17.851593686700767,Unattained target,RandomSampler,"{'sLegPt.rL0': 15.93206985155849, 'sLegPt.lL0': 22.777773897525243, 'sLegPt.rL1': 53.5450276301936, 'sLegPt.lL1': 86.67627359491375, 'sLegPt.x1': 33.95676944819779, 'sLegPt.y1': 17.851593686700767, 'sLegPt.rA1': -37.079764405123164, 'sLegPt.rL2': 87.54852409461719, 'sLegPt.lL2': 69.08319690515911, 'lLegPt.rL0': 93.48939284606249, 'lLegPt.lL0': 96.47915239844004, 'lLegPt.rL1': 13.04310105522382, 'lLegPt.lL1': 27.105248577347194, 'lLegPt.x1': 31.300776662304063, 'lLegPt.y1': 25.328857961468866, 'lLegPt.rA1': -28.190938515585742, 'lLegPt.rL2': 99.0484881986778, 'lLegPt.lL2': 58.61213182338905}",PRUNED
68,68,7.458940474179933,2026-04-14 15:23:25.489110,2026-04-14 15:23:29.629136,0 days 00:00:04.140026,96.47915239844004,27.105248577347194,58.61213182338905,-28.190938515585742,93.48939284606249,13.04310105522382,99.0484881986778,31.300776662304063,25.328857961468866,22.777773897525243,86.67627359491375,69.08319690515911,-37.079764405123164,15.93206985155849,53.5450276301936,87.54852409461719,33.95676944819779,17.851593686700767,Unattained target,RandomSampler,"{'sLegPt.rL0': 15.93206985155849, 'sLegPt.lL0': 22.777773897525243, 'sLegPt.rL1': 53.5450276301936, 'sLegPt.lL1': 86.67627359491375, 'sLegPt.x1': 33.95676944819779, 'sLegPt.y1': 17.851593686700767, 'sLegPt.rA1': -37.079764405123164, 'sLegPt.rL2': 87.54852409461719, 'sLegPt.lL2': 69.08319690515911, 'lLegPt.rL0': 93.48939284606249, 'lLegPt.lL0': 96.47915239844004, 'lLegPt.rL1': 13.04310105522382, 'lLegPt.lL1': 27.105248577347194, 'lLegPt.x1': 31.300776662304063, 'lLegPt.y1': 25.328857961468866, 'lLegPt.rA1': -28.190938515585742, 'lLegPt.rL2': 99.0484881986778, 'lLegPt.lL2': 58.61213182338905}",PRUNED
69,69,10.199554312846473,2026-04-14 15:23:29.778272,2026-04-14 15:23:33.845681,0 days 00:00:04.067409,61.601564960632636,76.7682847368539,11.532786054445728,-32.00454818149626,91.11165201403351,55.82614512963384,85.0305365128533,46.9403362303145,14.576514356824221,39.458510816229264,69.04218668182762,30.98424597304596,-64.64112395542648,17.688424901070512,81.94577995663174,88.03302715233282,30.163391598577075,28.60670628741596,Unattained target,RandomSampler,,PRUNED
70,70,10.199554715681906,2026-04-14 15:23:34.005585,2026-04-14 15:23:38.195682,0 days 00:00:04.190097,61.601564960632636,76.7682847368539,11.532786054445728,-32.00454818149626,91.11165201403351,55.82614512963384,85.0305365128533,46.9403362303145,14.576514356824221,39.458510816229264,69.04218668182762,30.98424597304596,-64.64112395542648,17.688424901070512,81.94577995663174,88.03302715233282,30.163391598577075,28.60670628741596,Unattained target,RandomSampler,"{'sLegPt.rL0': 17.688424901070512, 'sLegPt.lL0': 39.458510816229264, 'sLegPt.rL1': 81.94577995663174, 'sLegPt.lL1': 69.04218668182762, 'sLegPt.x1': 30.163391598577075, 'sLegPt.y1': 28.60670628741596, 'sLegPt.rA1': -64.64112395542648, 'sLegPt.rL2': 88.03302715233282, 'sLegPt.lL2': 30.98424597304596, 'lLegPt.rL0': 91.11165201403351, 'lLegPt.lL0': 61.601564960632636, 'lLegPt.rL1': 55.82614512963384, 'lLegPt.lL1': 76.7682847368539, 'lLegPt.x1': 46.9403362303145, 'lLegPt.y1': 14.576514356824221, 'lLegPt.rA1': -32.00454818149626, 'lLegPt.rL2': 85.0305365128533, 'lLegPt.lL2': 11.532786054445728}",PRUNED
71,71,10.1995539087101,2026-04-14 15:23:38.367773,2026-04-14 15:23:42.805805,0 days 00:00:04.438032,61.601564960632636,76.7682847368539,11.532786054445728,-32.00454818149626,91.11165201403351,55.82614512963384,85.0305365128533,46.9403362303145,14.576514356824221,39.458510816229264,69.04218668182762,30.98424597304596,-64.64112395542648,17.688424901070512,81.94577995663174,88.03302715233282,30.163391598577075,28.60670628741596,Unattained target,RandomSampler,"{'sLegPt.rL0': 17.688424901070512, 'sLegPt.lL0': 39.458510816229264, 'sLegPt.rL1': 81.94577995663174, 'sLegPt.lL1': 69.04218668182762, 'sLegPt.x1': 30.163391598577075, 'sLegPt.y1': 28.60670628741596, 'sLegPt.rA1': -64.64112395542648, 'sLegPt.rL2': 88.03302715233282, 'sLegPt.lL2': 30.98424597304596, 'lLegPt.rL0': 91.11165201403351, 'lLegPt.lL0': 61.601564960632636, 'lLegPt.rL1': 55.82614512963384, 'lLegPt.lL1': 76.7682847368539, 'lLegPt.x1': 46.9403362303145, 'lLegPt.y1': 14.576514356824221, 'lLegPt.rA1': -32.00454818149626, 'lLegPt.rL2': 85.0305365128533, 'lLegPt.lL2': 11.532786054445728}",PRUNED
72,72,6.640634913932146,2026-04-14 15:23:42.950658,2026-04-14 15:23:47.173209,0 days 00:00:04.222551,53.55727277007152,15.68314618205631,97.0957501659394,-69.12831563474494,39.904946324378585,54.73060415749493,92.59880659724435,38.43238393209272,16.95389347761063,11.08793948106452,47.14975108865358,62.06496595380453,-53.37015277867823,37.18415136548781,42.850900639040596,28.316362952835323,48.76930821968864,24.559080603965512,Unattained target,RandomSampler,,PRUNED
