,number,value,datetime_start,datetime_complete,duration,params_lLegPt.lL0,params_lLegPt.lL1,params_lLegPt.lL2,params_lLegPt.rA1,params_lLegPt.rL0,params_lLegPt.rL1,params_lLegPt.rL2,params_lLegPt.x1,params_lLegPt.y1,params_sLegPt.lL0,params_sLegPt.lL1,params_sLegPt.lL2,params_sLegPt.rA1,params_sLegPt.rL0,params_sLegPt.rL1,params_sLegPt.rL2,params_sLegPt.x1,params_sLegPt.y1,user_attrs_prune,system_attrs_auto:sampler,system_attrs_fixed_params,state
146,146,8.726728094120386,2026-04-14 15:29:31.875961,2026-04-14 15:29:35.595274,0 days 00:00:03.719313,86.71030624891517,10.883887535984526,36.295301118098976,-23.21994666362317,47.443901975446444,72.82556536788081,82.58564563300621,45.506215634984144,16.03077840544417,29.076411011012404,60.10626042563774,50.991147335598036,-71.36803710876103,85.81095281478709,74.13686949753392,47.879951347965346,48.331603821739215,20.62961440749625,Unattained target,GPSampler,"{'sLegPt.rL0': 85.81095281478709, 'sLegPt.lL0': 29.076411011012404, 'sLegPt.rL1': 74.13686949753392, 'sLegPt.lL1': 60.10626042563774, 'sLegPt.x1': 48.331603821739215, 'sLegPt.y1': 20.62961440749625, 'sLegPt.rA1': -71.36803710876103, 'sLegPt.rL2': 47.879951347965346, 'sLegPt.lL2': 50.991147335598036, 'lLegPt.rL0': 47.443901975446444, 'lLegPt.lL0': 86.71030624891517, 'lLegPt.rL1': 72.82556536788081, 'lLegPt.lL1': 10.883887535984526, 'lLegPt.x1': 45.506215634984144, 'lLegPt.y1': 16.03077840544417, 'lLegPt.rA1': -23.21994666362317, 'lLegPt.rL2': 82.58564563300621, 'lLegPt.lL2': 36.295301118098976}",PRUNED
147,147,8.726728025225409,2026-04-14 15:29:35.736360,2026-04-14 15:29:39.386749,0 days 00:00:03.650389,86.71030624891517,10.883887535984526,36.295301118098976,-23.21994666362317,47.443901975446444,72.82556536788081,82.58564563300621,45.506215634984144,16.03077840544417,29.076411011012404,60.10626042563774,50.991147335598036,-71.36803710876103,85.81095281478709,74.13686949753392,47.879951347965346,48.331603821739215,20.62961440749625,Unattained target,GPSampler,"{'sLegPt.rL0': 85.81095281478709, 'sLegPt.lL0': 29.076411011012404, 'sLegPt.rL1': 74.13686949753392, 'sLegPt.lL1': 60.10626042563774, 'sLegPt.x1': 48.331603821739215, 'sLegPt.y1': 20.62961440749625, 'sLegPt.rA1': -71.36803710876103, 'sLegPt.rL2': 47.879951347965346, 'sLegPt.lL2': 50.991147335598036, 'lLegPt.rL0': 47.443901975446444, 'lLegPt.lL0': 86.71030624891517, 'lLegPt.rL1': 72.82556536788081, 'lLegPt.lL1': 10.883887535984526, 'lLegPt.x1': 45.506215634984144, 'lLegPt.y1': 16.03077840544417, 'lLegPt.rA1': -23.21994666362317, 'lLegPt.rL2': 82.58564563300621, 'lLegPt.lL2': 36.295301118098976}",PRUNED
148,148,7.534424931998771,2026-04-14 15:29:39.530980,2026-04-14 15:29:43.370873,0 days 00:00:03.839893,68.53562904230554,28.274989960045673,53.85699008866911,-68.2714286189034,30.232140208446644,97.06767905623339,64.22734436840805,44.354997964063784,26.167252099771453,26.242322537865206,24.200461404379183,48.64283426754302,-57.90724045857253,94.56085535825052,76.87883524788832,65.71505849612532,47.841534083632666,14.517886505167244,Unattained target,GPSampler,,PRUNED
149,149,7.534424178568763,2026-04-14 15:29:43.507704,2026-04-14 15:29:47.263909,0 days 00:00:03.756205,68.53562904230554,28.274989960045673,53.85699008866911,-68.2714286189034,30.232140208446644,97.06767905623339,64.22734436840805,44.354997964063784,26.167252099771453,26.242322537865206,24.200461404379183,48.64283426754302,-57.90724045857253,94.56085535825052,76.87883524788832,65.71505849612532,47.841534083632666,14.517886505167244,Unattained target,GPSampler,"{'sLegPt.rL0': 94.56085535825052, 'sLegPt.lL0': 26.242322537865206, 'sLegPt.rL1': 76.87883524788832, 'sLegPt.lL1': 24.200461404379183, 'sLegPt.x1': 47.841534083632666, 'sLegPt.y1': 14.517886505167244, 'sLegPt.rA1': -57.90724045857253, 'sLegPt.rL2': 65.71505849612532, 'sLegPt.lL2': 48.64283426754302, 'lLegPt.rL0': 30.232140208446644, 'lLegPt.lL0': 68.53562904230554, 'lLegPt.rL1': 97.06767905623339, 'lLegPt.lL1': 28.274989960045673, 'lLegPt.x1': 44.354997964063784, 'lLegPt.y1': 26.167252099771453, 'lLegPt.rA1': -68.2714286189034, 'lLegPt.rL2': 64.22734436840805, 'lLegPt.lL2': 53.85699008866911}",PRUNED
150,150,7.534425468519984,2026-04-14 15:29:47.412274,2026-04-14 15:29:51.232683,0 days 00:00:03.820409,68.53562904230554,28.274989960045673,53.85699008866911,-68.2714286189034,30.232140208446644,97.06767905623339,64.22734436840805,44.354997964063784,26.167252099771453,26.242322537865206,24.200461404379183,48.64283426754302,-57.90724045857253,94.56085535825052,76.87883524788832,65.71505849612532,47.841534083632666,14.517886505167244,Unattained target,GPSampler,"{'sLegPt.rL0': 94.56085535825052, 'sLegPt.lL0': 26.242322537865206, 'sLegPt.rL1': 76.87883524788832, 'sLegPt.lL1': 24.200461404379183, 'sLegPt.x1': 47.841534083632666, 'sLegPt.y1': 14.517886505167244, 'sLegPt.rA1': -57.90724045857253, 'sLegPt.rL2': 65.71505849612532, 'sLegPt.lL2': 48.64283426754302, 'lLegPt.rL0': 30.232140208446644, 'lLegPt.lL0': 68.53562904230554, 'lLegPt.rL1': 97.06767905623339, 'lLegPt.lL1': 28.274989960045673, 'lLegPt.x1': 44.354997964063784, 'lLegPt.y1': 26.167252099771453, 'lLegPt.rA1': -68.2714286189034, 'lLegPt.rL2': 64.22734436840805, 'lLegPt.lL2': 53.85699008866911}",PRUNED
151,151,7.456674941409133,2026-04-14 15:29:51.380913,2026-04-14 15:29:55.093698,0 days 00:00:03.712785,38.88531409888563,47.61481855285573,44.47332740891957,-75.38220301501445,57.78034164082214,44.61814008403361,21.595228130200184,34.9446925312591,28.00744683613809,69.18960075761593,66.43572350591688,11.65672210609134,-25.02639187564216,54.90211020080176,53.81804147567904,57.85128933156915,44.94838940335292,21.55480592914408,Unattained target,GPSampler,,PRUNED
152,152,7.456674612980294,2026-04-14 15:29:55.239356,2026-04-14 15:29:58.897344,0 days 00:00:03.657988,38.88531409888563,47.61481855285573,44.47332740891957,-75.38220301501445,57.78034164082214,44.61814008403361,21.595228130200184,34.9446925312591,28.00744683613809,69.18960075761593,66.43572350591688,11.65672210609134,-25.02639187564216,54.90211020080176,53.81804147567904,57.85128933156915,44.94838940335292,21.55480592914408,Unattained target,GPSampler,"{'sLegPt.rL0': 54.90211020080176, 'sLegPt.lL0': 69.18960075761593, 'sLegPt.rL1': 53.81804147567904, 'sLegPt.lL1': 66.43572350591688, 'sLegPt.x1': 44.94838940335292, 'sLegPt.y1': 21.55480592914408, 'sLegPt.rA1': -25.02639187564216, 'sLegPt.rL2': 57.85128933156915, 'sLegPt.lL2': 11.65672210609134, 'lLegPt.rL0': 57.78034164082214, 'lLegPt.lL0': 38.88531409888563, 'lLegPt.rL1': 44.61814008403361, 'lLegPt.lL1': 47.61481855285573, 'lLegPt.x1': 34.9446925312591, 'lLegPt.y1': 28.00744683613809, 'lLegPt.rA1': -75.38220301501445, 'lLegPt.rL2': 21.595228130200184, 'lLegPt.lL2': 44.47332740891957}",PRUNED
153,153,7.456674204587976,2026-04-14 15:29:59.034172,2026-04-14 15:30:02.797024,0 days 00:00:03.762852,38.88531409888563,47.61481855285573,44.47332740891957,-75.38220301501445,57.78034164082214,44.61814008403361,21.595228130200184,34.9446925312591,28.00744683613809,69.18960075761593,66.43572350591688,11.65672210609134,-25.02639187564216,54.90211020080176,53.81804147567904,57.85128933156915,44.94838940335292,21.55480592914408,Unattained target,GPSampler,"{'sLegPt.rL0': 54.90211020080176, 'sLegPt.lL0': 69.18960075761593, 'sLegPt.rL1': 53.81804147567904, 'sLegPt.lL1': 66.43572350591688, 'sLegPt.x1': 44.94838940335292, 'sLegPt.y1': 21.55480592914408, 'sLegPt.rA1': -25.02639187564216, 'sLegPt.rL2': 57.85128933156915, 'sLegPt.lL2': 11.65672210609134, 'lLegPt.rL0': 57.78034164082214, 'lLegPt.lL0': 38.88531409888563, 'lLegPt.rL1': 44.61814008403361, 'lLegPt.lL1': 47.61481855285573, 'lLegPt.x1': 34.9446925312591, 'lLegPt.y1': 28.00744683613809, 'lLegPt.rA1': -75.38220301501445, 'lLegPt.rL2': 21.595228130200184, 'lLegPt.lL2': 44.47332740891957}",PRUNED
154,154,7.79413415427452,2026-04-14 15:30:02.943072,2026-04-14 15:30:06.746013,0 days 00:00:03.802941,12.84648338332142,99.93332933275585,62.04580989662995,-66.7231255429359,29.01270208289935,62.53336376207108,42.5885280420097,35.823262172311956,11.272212019623371,12.678551689230527,42.44016572729396,79.95741222191496,-79.61744439269947,12.319596842060239,97.951630663418,70.16184196176647,30.149409855269376,15.497338038279349,Unattained target,GPSampler,,PRUNED
155,155,7.794134182495014,2026-04-14 15:30:06.890765,2026-04-14 15:30:10.491269,0 days 00:00:03.600504,12.84648338332142,99.93332933275585,62.04580989662995,-66.7231255429359,29.01270208289935,62.53336376207108,42.5885280420097,35.823262172311956,11.272212019623371,12.678551689230527,42.44016572729396,79.95741222191496,-79.61744439269947,12.319596842060239,97.951630663418,70.16184196176647,30.149409855269376,15.497338038279349,Unattained target,GPSampler,"{'sLegPt.rL0': 12.319596842060239, 'sLegPt.lL0': 12.678551689230527, 'sLegPt.rL1': 97.951630663418, 'sLegPt.lL1': 42.44016572729396, 'sLegPt.x1': 30.149409855269376, 'sLegPt.y1': 15.497338038279349, 'sLegPt.rA1': -79.61744439269947, 'sLegPt.rL2': 70.16184196176647, 'sLegPt.lL2': 79.95741222191496, 'lLegPt.rL0': 29.01270208289935, 'lLegPt.lL0': 12.84648338332142, 'lLegPt.rL1': 62.53336376207108, 'lLegPt.lL1': 99.93332933275585, 'lLegPt.x1': 35.823262172311956, 'lLegPt.y1': 11.272212019623371, 'lLegPt.rA1': -66.7231255429359, 'lLegPt.rL2': 42.5885280420097, 'lLegPt.lL2': 62.04580989662995}",PRUNED
156,156,7.794134255030585,2026-04-14 15:30:10.620159,2026-04-14 15:30:14.365628,0 days 00:00:03.745469,12.84648338332142,99.93332933275585,62.04580989662995,-66.7231255429359,29.01270208289935,62.53336376207108,42.5885280420097,35.823262172311956,11.272212019623371,12.678551689230527,42.44016572729396,79.95741222191496,-79.61744439269947,12.319596842060239,97.951630663418,70.16184196176647,30.149409855269376,15.497338038279349,Unattained target,GPSampler,"{'sLegPt.rL0': 12.319596842060239, 'sLegPt.lL0': 12.678551689230527, 'sLegPt.rL1': 97.951630663418, 'sLegPt.lL1': 42.44016572729396, 'sLegPt.x1': 30.149409855269376, 'sLegPt.y1': 15.497338038279349, 'sLegPt.rA1': -79.61744439269947, 'sLegPt.rL2': 70.16184196176647, 'sLegPt.lL2': 79.95741222191496, 'lLegPt.rL0': 29.01270208289935, 'lLegPt.lL0': 12.84648338332142, 'lLegPt.rL1': 62.53336376207108, 'lLegPt.lL1': 99.93332933275585, 'lLegPt.x1': 35.823262172311956, 'lLegPt.y1': 11.272212019623371, 'lLegPt.rA1': -66.7231255429359, 'lLegPt.rL2': 42.5885280420097, 'lLegPt.lL2': 62.04580989662995}",PRUNED
157,157,6.732413269456686,2026-04-14 15:30:14.513042,2026-04-14 15:30:18.405685,0 days 00:00:03.892643,38.53333647030088,90.15382001090511,14.53491370363365,-71.2591203069646,49.171871020764065,86.39024533680684,86.4142386428385,43.05218659643754,14.108445062234065,21.897117840277716,62.43005696416417,79.54221609315469,-32.33993164553637,39.44596356564483,90.88176735499323,92.9550993983576,31.536162134205536,21.33278246604857,Unattained target,GPSampler,,PRUNED
158,158,6.732413279194041,2026-04-14 15:30:18.553070,2026-04-14 15:30:22.312944,0 days 00:00:03.759874,38.53333647030088,90.15382001090511,14.53491370363365,-71.2591203069646,49.171871020764065,86.39024533680684,86.4142386428385,43.05218659643754,14.108445062234065,21.897117840277716,62.43005696416417,79.54221609315469,-32.33993164553637,39.44596356564483,90.88176735499323,92.9550993983576,31.536162134205536,21.33278246604857,Unattained target,GPSampler,"{'sLegPt.rL0': 39.44596356564483, 'sLegPt.lL0': 21.897117840277716, 'sLegPt.rL1': 90.88176735499323, 'sLegPt.lL1': 62.43005696416417, 'sLegPt.x1': 31.536162134205536, 'sLegPt.y1': 21.33278246604857, 'sLegPt.rA1': -32.33993164553637, 'sLegPt.rL2': 92.9550993983576, 'sLegPt.lL2': 79.54221609315469, 'lLegPt.rL0': 49.171871020764065, 'lLegPt.lL0': 38.53333647030088, 'lLegPt.rL1': 86.39024533680684, 'lLegPt.lL1': 90.15382001090511, 'lLegPt.x1': 43.05218659643754, 'lLegPt.y1': 14.108445062234065, 'lLegPt.rA1': -71.2591203069646, 'lLegPt.rL2': 86.4142386428385, 'lLegPt.lL2': 14.53491370363365}",PRUNED
159,159,6.732413254550536,2026-04-14 15:30:22.473520,2026-04-14 15:30:26.159435,0 days 00:00:03.685915,38.53333647030088,90.15382001090511,14.53491370363365,-71.2591203069646,49.171871020764065,86.39024533680684,86.4142386428385,43.05218659643754,14.108445062234065,21.897117840277716,62.43005696416417,79.54221609315469,-32.33993164553637,39.44596356564483,90.88176735499323,92.9550993983576,31.536162134205536,21.33278246604857,Unattained target,GPSampler,"{'sLegPt.rL0': 39.44596356564483, 'sLegPt.lL0': 21.897117840277716, 'sLegPt.rL1': 90.88176735499323, 'sLegPt.lL1': 62.43005696416417, 'sLegPt.x1': 31.536162134205536, 'sLegPt.y1': 21.33278246604857, 'sLegPt.rA1': -32.33993164553637, 'sLegPt.rL2': 92.9550993983576, 'sLegPt.lL2': 79.54221609315469, 'lLegPt.rL0': 49.171871020764065, 'lLegPt.lL0': 38.53333647030088, 'lLegPt.rL1': 86.39024533680684, 'lLegPt.lL1': 90.15382001090511, 'lLegPt.x1': 43.05218659643754, 'lLegPt.y1': 14.108445062234065, 'lLegPt.rA1': -71.2591203069646, 'lLegPt.rL2': 86.4142386428385, 'lLegPt.lL2': 14.53491370363365}",PRUNED
160,160,8.171715900436784,2026-04-14 15:30:26.289604,2026-04-14 15:30:29.922899,0 days 00:00:03.633295,32.085771393639725,46.18635150031451,93.23734301654794,-35.681100790052476,88.27429513412493,46.56741439824837,98.9720933030931,31.256970705760022,28.50293237078709,91.029205537074,87.97449571874178,76.38655316928394,-51.65921420272106,43.55133477871096,94.82233794408631,62.61762121557506,38.628579674089295,12.641338240950477,Unattained target,GPSampler,,PRUNED
161,161,8.171716154616607,2026-04-14 15:30:30.063190,2026-04-14 15:30:33.918922,0 days 00:00:03.855732,32.085771393639725,46.18635150031451,93.23734301654794,-35.681100790052476,88.27429513412493,46.56741439824837,98.9720933030931,31.256970705760022,28.50293237078709,91.029205537074,87.97449571874178,76.38655316928394,-51.65921420272106,43.55133477871096,94.82233794408631,62.61762121557506,38.628579674089295,12.641338240950477,Unattained target,GPSampler,"{'sLegPt.rL0': 43.55133477871096, 'sLegPt.lL0': 91.029205537074, 'sLegPt.rL1': 94.82233794408631, 'sLegPt.lL1': 87.97449571874178, 'sLegPt.x1': 38.628579674089295, 'sLegPt.y1': 12.641338240950477, 'sLegPt.rA1': -51.65921420272106, 'sLegPt.rL2': 62.61762121557506, 'sLegPt.lL2': 76.38655316928394, 'lLegPt.rL0': 88.27429513412493, 'lLegPt.lL0': 32.085771393639725, 'lLegPt.rL1': 46.56741439824837, 'lLegPt.lL1': 46.18635150031451, 'lLegPt.x1': 31.256970705760022, 'lLegPt.y1': 28.50293237078709, 'lLegPt.rA1': -35.681100790052476, 'lLegPt.rL2': 98.9720933030931, 'lLegPt.lL2': 93.23734301654794}",PRUNED
162,162,8.171716171454477,2026-04-14 15:30:34.063140,2026-04-14 15:30:37.950638,0 days 00:00:03.887498,32.085771393639725,46.18635150031451,93.23734301654794,-35.681100790052476,88.27429513412493,46.56741439824837,98.9720933030931,31.256970705760022,28.50293237078709,91.029205537074,87.97449571874178,76.38655316928394,-51.65921420272106,43.55133477871096,94.82233794408631,62.61762121557506,38.628579674089295,12.641338240950477,Unattained target,GPSampler,"{'sLegPt.rL0': 43.55133477871096, 'sLegPt.lL0': 91.029205537074, 'sLegPt.rL1': 94.82233794408631, 'sLegPt.lL1': 87.97449571874178, 'sLegPt.x1': 38.628579674089295, 'sLegPt.y1': 12.641338240950477, 'sLegPt.rA1': -51.65921420272106, 'sLegPt.rL2': 62.61762121557506, 'sLegPt.lL2': 76.38655316928394, 'lLegPt.rL0': 88.27429513412493, 'lLegPt.lL0': 32.085771393639725, 'lLegPt.rL1': 46.56741439824837, 'lLegPt.lL1': 46.18635150031451, 'lLegPt.x1': 31.256970705760022, 'lLegPt.y1': 28.50293237078709, 'lLegPt.rA1': -35.681100790052476, 'lLegPt.rL2': 98.9720933030931, 'lLegPt.lL2': 93.23734301654794}",PRUNED
163,163,5.544062429273193,2026-04-14 15:30:38.097318,2026-04-14 15:30:41.939138,0 days 00:00:03.841820,58.47839435685584,76.82822346786541,69.47604062824318,-29.729508530459142,81.03838041607536,84.52563107609357,89.28624822319782,48.69892360241478,20.787121127623045,98.78627379024141,29.649926164370193,71.7595367911222,-42.94968371802314,23.513170564321545,70.51603027310715,34.53447028117034,32.755491974459794,26.84054110047229,Unattained target,GPSampler,,PRUNED
164,164,5.544062448304597,2026-04-14 15:30:42.086018,2026-04-14 15:30:45.926071,0 days 00:00:03.840053,58.47839435685584,76.82822346786541,69.47604062824318,-29.729508530459142,81.03838041607536,84.52563107609357,89.28624822319782,48.69892360241478,20.787121127623045,98.78627379024141,29.649926164370193,71.7595367911222,-42.94968371802314,23.513170564321545,70.51603027310715,34.53447028117034,32.755491974459794,26.84054110047229,Unattained target,GPSampler,"{'sLegPt.rL0': 23.513170564321545, 'sLegPt.lL0': 98.78627379024141, 'sLegPt.rL1': 70.51603027310715, 'sLegPt.lL1': 29.649926164370193, 'sLegPt.x1': 32.755491974459794, 'sLegPt.y1': 26.84054110047229, 'sLegPt.rA1': -42.94968371802314, 'sLegPt.rL2': 34.53447028117034, 'sLegPt.lL2': 71.7595367911222, 'lLegPt.rL0': 81.03838041607536, 'lLegPt.lL0': 58.47839435685584, 'lLegPt.rL1': 84.52563107609357, 'lLegPt.lL1': 76.82822346786541, 'lLegPt.x1': 48.69892360241478, 'lLegPt.y1': 20.787121127623045, 'lLegPt.rA1': -29.729508530459142, 'lLegPt.rL2': 89.28624822319782, 'lLegPt.lL2': 69.47604062824318}",PRUNED
165,165,5.544062485203671,2026-04-14 15:30:46.071871,2026-04-14 15:30:49.644806,0 days 00:00:03.572935,58.47839435685584,76.82822346786541,69.47604062824318,-29.729508530459142,81.03838041607536,84.52563107609357,89.28624822319782,48.69892360241478,20.787121127623045,98.78627379024141,29.649926164370193,71.7595367911222,-42.94968371802314,23.513170564321545,70.51603027310715,34.53447028117034,32.755491974459794,26.84054110047229,Unattained target,GPSampler,"{'sLegPt.rL0': 23.513170564321545, 'sLegPt.lL0': 98.78627379024141, 'sLegPt.rL1': 70.51603027310715, 'sLegPt.lL1': 29.649926164370193, 'sLegPt.x1': 32.755491974459794, 'sLegPt.y1': 26.84054110047229, 'sLegPt.rA1': -42.94968371802314, 'sLegPt.rL2': 34.53447028117034, 'sLegPt.lL2': 71.7595367911222, 'lLegPt.rL0': 81.03838041607536, 'lLegPt.lL0': 58.47839435685584, 'lLegPt.rL1': 84.52563107609357, 'lLegPt.lL1': 76.82822346786541, 'lLegPt.x1': 48.69892360241478, 'lLegPt.y1': 20.787121127623045, 'lLegPt.rA1': -29.729508530459142, 'lLegPt.rL2': 89.28624822319782, 'lLegPt.lL2': 69.47604062824318}",PRUNED
166,166,7.0941858764289805,2026-04-14 15:30:49.791712,2026-04-14 15:30:53.706788,0 days 00:00:03.915076,17.701320088329624,55.29103149443288,46.07285266321573,-73.30631523777714,79.07343001736781,50.58903853293856,87.16389883357445,42.7887690125511,13.827562280064091,23.39003501075927,32.88680415228836,21.979882742649735,-56.48686237912123,81.84217677281691,16.181874760955118,37.01141346864301,40.76046339851263,17.528804370663543,Unattained target,GPSampler,,PRUNED
167,167,7.094185974433415,2026-04-14 15:30:53.850404,2026-04-14 15:30:57.695129,0 days 00:00:03.844725,17.701320088329624,55.29103149443288,46.07285266321573,-73.30631523777714,79.07343001736781,50.58903853293856,87.16389883357445,42.7887690125511,13.827562280064091,23.39003501075927,32.88680415228836,21.979882742649735,-56.48686237912123,81.84217677281691,16.181874760955118,37.01141346864301,40.76046339851263,17.528804370663543,Unattained target,GPSampler,"{'sLegPt.rL0': 81.84217677281691, 'sLegPt.lL0': 23.39003501075927, 'sLegPt.rL1': 16.181874760955118, 'sLegPt.lL1': 32.88680415228836, 'sLegPt.x1': 40.76046339851263, 'sLegPt.y1': 17.528804370663543, 'sLegPt.rA1': -56.48686237912123, 'sLegPt.rL2': 37.01141346864301, 'sLegPt.lL2': 21.979882742649735, 'lLegPt.rL0': 79.07343001736781, 'lLegPt.lL0': 17.701320088329624, 'lLegPt.rL1': 50.58903853293856, 'lLegPt.lL1': 55.29103149443288, 'lLegPt.x1': 42.7887690125511, 'lLegPt.y1': 13.827562280064091, 'lLegPt.rA1': -73.30631523777714, 'lLegPt.rL2': 87.16389883357445, 'lLegPt.lL2': 46.07285266321573}",PRUNED
168,168,7.0941858454477895,2026-04-14 15:30:57.845638,2026-04-14 15:31:01.691498,0 days 00:00:03.845860,17.701320088329624,55.29103149443288,46.07285266321573,-73.30631523777714,79.07343001736781,50.58903853293856,87.16389883357445,42.7887690125511,13.827562280064091,23.39003501075927,32.88680415228836,21.979882742649735,-56.48686237912123,81.84217677281691,16.181874760955118,37.01141346864301,40.76046339851263,17.528804370663543,Unattained target,GPSampler,"{'sLegPt.rL0': 81.84217677281691, 'sLegPt.lL0': 23.39003501075927, 'sLegPt.rL1': 16.181874760955118, 'sLegPt.lL1': 32.88680415228836, 'sLegPt.x1': 40.76046339851263, 'sLegPt.y1': 17.528804370663543, 'sLegPt.rA1': -56.48686237912123, 'sLegPt.rL2': 37.01141346864301, 'sLegPt.lL2': 21.979882742649735, 'lLegPt.rL0': 79.07343001736781, 'lLegPt.lL0': 17.701320088329624, 'lLegPt.rL1': 50.58903853293856, 'lLegPt.lL1': 55.29103149443288, 'lLegPt.x1': 42.7887690125511, 'lLegPt.y1': 13.827562280064091, 'lLegPt.rA1': -73.30631523777714, 'lLegPt.rL2': 87.16389883357445, 'lLegPt.lL2': 46.07285266321573}",PRUNED
169,169,9.40272349679762,2026-04-14 15:31:01.826718,2026-04-14 15:31:05.649300,0 days 00:00:03.822582,20.294586962834657,78.37100767140974,94.39579665869762,-48.86005376320507,97.10719723095231,96.58328026777778,78.44477496738226,36.5698454189202,25.36213222955674,55.045306312765454,85.47471037272457,70.12417489570609,-78.184839384026,78.76809589404006,99.11938678888981,97.03845978175991,37.563946694846486,10.379527847298096,Unattained target,GPSampler,,PRUNED
