,number,value,datetime_start,datetime_complete,duration,params_lLegPt.lL0,params_lLegPt.lL1,params_lLegPt.lL2,params_lLegPt.rA1,params_lLegPt.rL0,params_lLegPt.rL1,params_lLegPt.rL2,params_lLegPt.x1,params_lLegPt.y1,params_sLegPt.lL0,params_sLegPt.lL1,params_sLegPt.lL2,params_sLegPt.rA1,params_sLegPt.rL0,params_sLegPt.rL1,params_sLegPt.rL2,params_sLegPt.x1,params_sLegPt.y1,user_attrs_prune,system_attrs_auto:sampler,system_attrs_fixed_params,state
293,293,5.373609979347265,2026-04-14 15:41:18.103047,2026-04-14 15:41:21.836265,0 days 00:00:03.733218,12.69762958175702,70.82957140724557,87.11354132147564,-60.14029603142316,97.15592954078171,72.53026324472867,54.93836829042905,33.39681841509306,19.358900624201354,91.07265150487028,59.504175771550386,78.71645336222379,-63.1099104567665,21.231213198992766,72.12472924386799,14.77336049854592,48.06278890914987,28.539465479926413,Unattained target,GPSampler,"{'sLegPt.rL0': 21.231213198992766, 'sLegPt.lL0': 91.07265150487028, 'sLegPt.rL1': 72.12472924386799, 'sLegPt.lL1': 59.504175771550386, 'sLegPt.x1': 48.06278890914987, 'sLegPt.y1': 28.539465479926413, 'sLegPt.rA1': -63.1099104567665, 'sLegPt.rL2': 14.77336049854592, 'sLegPt.lL2': 78.71645336222379, 'lLegPt.rL0': 97.15592954078171, 'lLegPt.lL0': 12.69762958175702, 'lLegPt.rL1': 72.53026324472867, 'lLegPt.lL1': 70.82957140724557, 'lLegPt.x1': 33.39681841509306, 'lLegPt.y1': 19.358900624201354, 'lLegPt.rA1': -60.14029603142316, 'lLegPt.rL2': 54.93836829042905, 'lLegPt.lL2': 87.11354132147564}",PRUNED
294,294,5.373609963292182,2026-04-14 15:41:21.981471,2026-04-14 15:41:25.715576,0 days 00:00:03.734105,12.69762958175702,70.82957140724557,87.11354132147564,-60.14029603142316,97.15592954078171,72.53026324472867,54.93836829042905,33.39681841509306,19.358900624201354,91.07265150487028,59.504175771550386,78.71645336222379,-63.1099104567665,21.231213198992766,72.12472924386799,14.77336049854592,48.06278890914987,28.539465479926413,Unattained target,GPSampler,"{'sLegPt.rL0': 21.231213198992766, 'sLegPt.lL0': 91.07265150487028, 'sLegPt.rL1': 72.12472924386799, 'sLegPt.lL1': 59.504175771550386, 'sLegPt.x1': 48.06278890914987, 'sLegPt.y1': 28.539465479926413, 'sLegPt.rA1': -63.1099104567665, 'sLegPt.rL2': 14.77336049854592, 'sLegPt.lL2': 78.71645336222379, 'lLegPt.rL0': 97.15592954078171, 'lLegPt.lL0': 12.69762958175702, 'lLegPt.rL1': 72.53026324472867, 'lLegPt.lL1': 70.82957140724557, 'lLegPt.x1': 33.39681841509306, 'lLegPt.y1': 19.358900624201354, 'lLegPt.rA1': -60.14029603142316, 'lLegPt.rL2': 54.93836829042905, 'lLegPt.lL2': 87.11354132147564}",PRUNED
295,295,17.35990784109486,2026-04-14 15:41:25.839573,2026-04-14 15:41:29.459579,0 days 00:00:03.620006,14.784945182090091,86.24362375111214,45.91765353628747,-78.94769393434352,22.146619039903065,64.98546490798972,37.63214232205307,39.03297962243525,17.183455296943578,29.522796277562552,85.48528387822411,60.14858750005136,-22.952970151401672,71.40201089267353,13.15442101999098,62.64943667201992,49.22052560869059,19.12188020431188,Unattained target,GPSampler,,PRUNED
296,296,17.359907284604823,2026-04-14 15:41:29.610221,2026-04-14 15:41:33.245730,0 days 00:00:03.635509,14.784945182090091,86.24362375111214,45.91765353628747,-78.94769393434352,22.146619039903065,64.98546490798972,37.63214232205307,39.03297962243525,17.183455296943578,29.522796277562552,85.48528387822411,60.14858750005136,-22.952970151401672,71.40201089267353,13.15442101999098,62.64943667201992,49.22052560869059,19.12188020431188,Unattained target,GPSampler,"{'sLegPt.rL0': 71.40201089267353, 'sLegPt.lL0': 29.522796277562552, 'sLegPt.rL1': 13.15442101999098, 'sLegPt.lL1': 85.48528387822411, 'sLegPt.x1': 49.22052560869059, 'sLegPt.y1': 19.12188020431188, 'sLegPt.rA1': -22.952970151401672, 'sLegPt.rL2': 62.64943667201992, 'sLegPt.lL2': 60.14858750005136, 'lLegPt.rL0': 22.146619039903065, 'lLegPt.lL0': 14.784945182090091, 'lLegPt.rL1': 64.98546490798972, 'lLegPt.lL1': 86.24362375111214, 'lLegPt.x1': 39.03297962243525, 'lLegPt.y1': 17.183455296943578, 'lLegPt.rA1': -78.94769393434352, 'lLegPt.rL2': 37.63214232205307, 'lLegPt.lL2': 45.91765353628747}",PRUNED
297,297,17.35990738111125,2026-04-14 15:41:33.397006,2026-04-14 15:41:37.290101,0 days 00:00:03.893095,14.784945182090091,86.24362375111214,45.91765353628747,-78.94769393434352,22.146619039903065,64.98546490798972,37.63214232205307,39.03297962243525,17.183455296943578,29.522796277562552,85.48528387822411,60.14858750005136,-22.952970151401672,71.40201089267353,13.15442101999098,62.64943667201992,49.22052560869059,19.12188020431188,Unattained target,GPSampler,"{'sLegPt.rL0': 71.40201089267353, 'sLegPt.lL0': 29.522796277562552, 'sLegPt.rL1': 13.15442101999098, 'sLegPt.lL1': 85.48528387822411, 'sLegPt.x1': 49.22052560869059, 'sLegPt.y1': 19.12188020431188, 'sLegPt.rA1': -22.952970151401672, 'sLegPt.rL2': 62.64943667201992, 'sLegPt.lL2': 60.14858750005136, 'lLegPt.rL0': 22.146619039903065, 'lLegPt.lL0': 14.784945182090091, 'lLegPt.rL1': 64.98546490798972, 'lLegPt.lL1': 86.24362375111214, 'lLegPt.x1': 39.03297962243525, 'lLegPt.y1': 17.183455296943578, 'lLegPt.rA1': -78.94769393434352, 'lLegPt.rL2': 37.63214232205307, 'lLegPt.lL2': 45.91765353628747}",PRUNED
298,298,27.52787023767761,2026-04-14 15:41:37.428444,2026-04-14 15:41:41.268038,0 days 00:00:03.839594,38.14731672357306,88.41216183975826,12.140246930914367,-48.933368550450716,96.3139102061282,83.42781179486467,14.86156357606083,39.031327443698174,28.68047108369971,32.325775983899405,86.55567736472986,48.34367225359204,-39.87240660693373,72.17569936314361,41.4574639954802,63.95338080572869,38.51503182098024,29.144485777874948,Unattained target,GPSampler,,PRUNED
299,299,27.52787042328515,2026-04-14 15:41:41.404580,2026-04-14 15:41:45.272010,0 days 00:00:03.867430,38.14731672357306,88.41216183975826,12.140246930914367,-48.933368550450716,96.3139102061282,83.42781179486467,14.86156357606083,39.031327443698174,28.68047108369971,32.325775983899405,86.55567736472986,48.34367225359204,-39.87240660693373,72.17569936314361,41.4574639954802,63.95338080572869,38.51503182098024,29.144485777874948,Unattained target,GPSampler,"{'sLegPt.rL0': 72.17569936314361, 'sLegPt.lL0': 32.325775983899405, 'sLegPt.rL1': 41.4574639954802, 'sLegPt.lL1': 86.55567736472986, 'sLegPt.x1': 38.51503182098024, 'sLegPt.y1': 29.144485777874948, 'sLegPt.rA1': -39.87240660693373, 'sLegPt.rL2': 63.95338080572869, 'sLegPt.lL2': 48.34367225359204, 'lLegPt.rL0': 96.3139102061282, 'lLegPt.lL0': 38.14731672357306, 'lLegPt.rL1': 83.42781179486467, 'lLegPt.lL1': 88.41216183975826, 'lLegPt.x1': 39.031327443698174, 'lLegPt.y1': 28.68047108369971, 'lLegPt.rA1': -48.933368550450716, 'lLegPt.rL2': 14.86156357606083, 'lLegPt.lL2': 12.140246930914367}",PRUNED
300,300,27.52787021630133,2026-04-14 15:41:45.414788,2026-04-14 15:41:48.889158,0 days 00:00:03.474370,38.14731672357306,88.41216183975826,12.140246930914367,-48.933368550450716,96.3139102061282,83.42781179486467,14.86156357606083,39.031327443698174,28.68047108369971,32.325775983899405,86.55567736472986,48.34367225359204,-39.87240660693373,72.17569936314361,41.4574639954802,63.95338080572869,38.51503182098024,29.144485777874948,Unattained target,GPSampler,"{'sLegPt.rL0': 72.17569936314361, 'sLegPt.lL0': 32.325775983899405, 'sLegPt.rL1': 41.4574639954802, 'sLegPt.lL1': 86.55567736472986, 'sLegPt.x1': 38.51503182098024, 'sLegPt.y1': 29.144485777874948, 'sLegPt.rA1': -39.87240660693373, 'sLegPt.rL2': 63.95338080572869, 'sLegPt.lL2': 48.34367225359204, 'lLegPt.rL0': 96.3139102061282, 'lLegPt.lL0': 38.14731672357306, 'lLegPt.rL1': 83.42781179486467, 'lLegPt.lL1': 88.41216183975826, 'lLegPt.x1': 39.031327443698174, 'lLegPt.y1': 28.68047108369971, 'lLegPt.rA1': -48.933368550450716, 'lLegPt.rL2': 14.86156357606083, 'lLegPt.lL2': 12.140246930914367}",PRUNED
301,301,7.598388970802027,2026-04-14 15:41:49.043477,2026-04-14 15:41:52.813780,0 days 00:00:03.770303,46.05019822718894,34.488493183680234,95.13685296854709,-75.37052510916324,53.039132142347135,13.39956254658468,59.963617877072814,31.491219032392337,22.89733454027097,34.315680969553775,53.64207960079204,24.7987962201674,-26.11131655064049,37.96783687685265,47.029645793058435,36.872067076624944,47.87161910911158,19.679297912656914,Unattained target,GPSampler,,PRUNED
302,302,7.598389095241544,2026-04-14 15:41:52.968161,2026-04-14 15:41:56.825612,0 days 00:00:03.857451,46.05019822718894,34.488493183680234,95.13685296854709,-75.37052510916324,53.039132142347135,13.39956254658468,59.963617877072814,31.491219032392337,22.89733454027097,34.315680969553775,53.64207960079204,24.7987962201674,-26.11131655064049,37.96783687685265,47.029645793058435,36.872067076624944,47.87161910911158,19.679297912656914,Unattained target,GPSampler,"{'sLegPt.rL0': 37.96783687685265, 'sLegPt.lL0': 34.315680969553775, 'sLegPt.rL1': 47.029645793058435, 'sLegPt.lL1': 53.64207960079204, 'sLegPt.x1': 47.87161910911158, 'sLegPt.y1': 19.679297912656914, 'sLegPt.rA1': -26.11131655064049, 'sLegPt.rL2': 36.872067076624944, 'sLegPt.lL2': 24.7987962201674, 'lLegPt.rL0': 53.039132142347135, 'lLegPt.lL0': 46.05019822718894, 'lLegPt.rL1': 13.39956254658468, 'lLegPt.lL1': 34.488493183680234, 'lLegPt.x1': 31.491219032392337, 'lLegPt.y1': 22.89733454027097, 'lLegPt.rA1': -75.37052510916324, 'lLegPt.rL2': 59.963617877072814, 'lLegPt.lL2': 95.13685296854709}",PRUNED
303,303,7.5983888397414034,2026-04-14 15:41:56.969549,2026-04-14 15:42:00.856642,0 days 00:00:03.887093,46.05019822718894,34.488493183680234,95.13685296854709,-75.37052510916324,53.039132142347135,13.39956254658468,59.963617877072814,31.491219032392337,22.89733454027097,34.315680969553775,53.64207960079204,24.7987962201674,-26.11131655064049,37.96783687685265,47.029645793058435,36.872067076624944,47.87161910911158,19.679297912656914,Unattained target,GPSampler,"{'sLegPt.rL0': 37.96783687685265, 'sLegPt.lL0': 34.315680969553775, 'sLegPt.rL1': 47.029645793058435, 'sLegPt.lL1': 53.64207960079204, 'sLegPt.x1': 47.87161910911158, 'sLegPt.y1': 19.679297912656914, 'sLegPt.rA1': -26.11131655064049, 'sLegPt.rL2': 36.872067076624944, 'sLegPt.lL2': 24.7987962201674, 'lLegPt.rL0': 53.039132142347135, 'lLegPt.lL0': 46.05019822718894, 'lLegPt.rL1': 13.39956254658468, 'lLegPt.lL1': 34.488493183680234, 'lLegPt.x1': 31.491219032392337, 'lLegPt.y1': 22.89733454027097, 'lLegPt.rA1': -75.37052510916324, 'lLegPt.rL2': 59.963617877072814, 'lLegPt.lL2': 95.13685296854709}",PRUNED
304,304,9.654683573004238,2026-04-14 15:42:01.002903,2026-04-14 15:42:04.966366,0 days 00:00:03.963463,40.35230847899868,85.33614431116165,86.16347943152002,-72.80128624015227,41.78795966443653,86.19039954886286,60.167517722826574,32.84065270324421,16.420146790844512,38.06975607162471,93.97866566895485,96.04962044469184,-28.163355206495602,32.73364215303083,70.44480467217437,24.95142212410728,48.74742631430149,19.17473825853703,Unattained target,GPSampler,,PRUNED
305,305,9.65468350748186,2026-04-14 15:42:05.118737,2026-04-14 15:42:08.871449,0 days 00:00:03.752712,40.35230847899868,85.33614431116165,86.16347943152002,-72.80128624015227,41.78795966443653,86.19039954886286,60.167517722826574,32.84065270324421,16.420146790844512,38.06975607162471,93.97866566895485,96.04962044469184,-28.163355206495602,32.73364215303083,70.44480467217437,24.95142212410728,48.74742631430149,19.17473825853703,Unattained target,GPSampler,"{'sLegPt.rL0': 32.73364215303083, 'sLegPt.lL0': 38.06975607162471, 'sLegPt.rL1': 70.44480467217437, 'sLegPt.lL1': 93.97866566895485, 'sLegPt.x1': 48.74742631430149, 'sLegPt.y1': 19.17473825853703, 'sLegPt.rA1': -28.163355206495602, 'sLegPt.rL2': 24.95142212410728, 'sLegPt.lL2': 96.04962044469184, 'lLegPt.rL0': 41.78795966443653, 'lLegPt.lL0': 40.35230847899868, 'lLegPt.rL1': 86.19039954886286, 'lLegPt.lL1': 85.33614431116165, 'lLegPt.x1': 32.84065270324421, 'lLegPt.y1': 16.420146790844512, 'lLegPt.rA1': -72.80128624015227, 'lLegPt.rL2': 60.167517722826574, 'lLegPt.lL2': 86.16347943152002}",PRUNED
306,306,9.654683723939076,2026-04-14 15:42:09.002387,2026-04-14 15:42:13.084266,0 days 00:00:04.081879,40.35230847899868,85.33614431116165,86.16347943152002,-72.80128624015227,41.78795966443653,86.19039954886286,60.167517722826574,32.84065270324421,16.420146790844512,38.06975607162471,93.97866566895485,96.04962044469184,-28.163355206495602,32.73364215303083,70.44480467217437,24.95142212410728,48.74742631430149,19.17473825853703,Unattained target,GPSampler,"{'sLegPt.rL0': 32.73364215303083, 'sLegPt.lL0': 38.06975607162471, 'sLegPt.rL1': 70.44480467217437, 'sLegPt.lL1': 93.97866566895485, 'sLegPt.x1': 48.74742631430149, 'sLegPt.y1': 19.17473825853703, 'sLegPt.rA1': -28.163355206495602, 'sLegPt.rL2': 24.95142212410728, 'sLegPt.lL2': 96.04962044469184, 'lLegPt.rL0': 41.78795966443653, 'lLegPt.lL0': 40.35230847899868, 'lLegPt.rL1': 86.19039954886286, 'lLegPt.lL1': 85.33614431116165, 'lLegPt.x1': 32.84065270324421, 'lLegPt.y1': 16.420146790844512, 'lLegPt.rA1': -72.80128624015227, 'lLegPt.rL2': 60.167517722826574, 'lLegPt.lL2': 86.16347943152002}",PRUNED
307,307,8.05301441068443,2026-04-14 15:42:13.227453,2026-04-14 15:42:17.074947,0 days 00:00:03.847494,30.74459350685267,98.54724595696972,69.60186966200436,-72.62033320717748,54.94250959295529,90.33785722472851,54.5497240240688,33.48093971026326,25.16960230129868,35.33737740352721,22.978067006514046,71.25242046166174,-50.45945300999375,80.51482089527192,62.029371865941236,10.494007481307841,44.81705782371822,14.36872287058147,Unattained target,GPSampler,,PRUNED
308,308,8.053014400528284,2026-04-14 15:42:17.201191,2026-04-14 15:42:21.261298,0 days 00:00:04.060107,30.74459350685267,98.54724595696972,69.60186966200436,-72.62033320717748,54.94250959295529,90.33785722472851,54.5497240240688,33.48093971026326,25.16960230129868,35.33737740352721,22.978067006514046,71.25242046166174,-50.45945300999375,80.51482089527192,62.029371865941236,10.494007481307841,44.81705782371822,14.36872287058147,Unattained target,GPSampler,"{'sLegPt.rL0': 80.51482089527192, 'sLegPt.lL0': 35.33737740352721, 'sLegPt.rL1': 62.029371865941236, 'sLegPt.lL1': 22.978067006514046, 'sLegPt.x1': 44.81705782371822, 'sLegPt.y1': 14.36872287058147, 'sLegPt.rA1': -50.45945300999375, 'sLegPt.rL2': 10.494007481307841, 'sLegPt.lL2': 71.25242046166174, 'lLegPt.rL0': 54.94250959295529, 'lLegPt.lL0': 30.74459350685267, 'lLegPt.rL1': 90.33785722472851, 'lLegPt.lL1': 98.54724595696972, 'lLegPt.x1': 33.48093971026326, 'lLegPt.y1': 25.16960230129868, 'lLegPt.rA1': -72.62033320717748, 'lLegPt.rL2': 54.5497240240688, 'lLegPt.lL2': 69.60186966200436}",PRUNED
309,309,8.053014387787112,2026-04-14 15:42:21.404306,2026-04-14 15:42:26.290818,0 days 00:00:04.886512,30.74459350685267,98.54724595696972,69.60186966200436,-72.62033320717748,54.94250959295529,90.33785722472851,54.5497240240688,33.48093971026326,25.16960230129868,35.33737740352721,22.978067006514046,71.25242046166174,-50.45945300999375,80.51482089527192,62.029371865941236,10.494007481307841,44.81705782371822,14.36872287058147,Unattained target,GPSampler,"{'sLegPt.rL0': 80.51482089527192, 'sLegPt.lL0': 35.33737740352721, 'sLegPt.rL1': 62.029371865941236, 'sLegPt.lL1': 22.978067006514046, 'sLegPt.x1': 44.81705782371822, 'sLegPt.y1': 14.36872287058147, 'sLegPt.rA1': -50.45945300999375, 'sLegPt.rL2': 10.494007481307841, 'sLegPt.lL2': 71.25242046166174, 'lLegPt.rL0': 54.94250959295529, 'lLegPt.lL0': 30.74459350685267, 'lLegPt.rL1': 90.33785722472851, 'lLegPt.lL1': 98.54724595696972, 'lLegPt.x1': 33.48093971026326, 'lLegPt.y1': 25.16960230129868, 'lLegPt.rA1': -72.62033320717748, 'lLegPt.rL2': 54.5497240240688, 'lLegPt.lL2': 69.60186966200436}",PRUNED
310,310,5.3193327554560526,2026-04-14 15:42:26.441477,2026-04-14 15:42:31.396467,0 days 00:00:04.954990,18.661858882787058,21.20841893159301,16.700283907165208,-37.258784670935505,92.79668569259887,40.7665440056805,36.429428934127586,30.571365658493892,11.809685606114385,81.78850819579498,76.02214087161543,93.1858905961302,-49.622002023663164,66.92589785437534,63.937780290802486,74.47261440076839,43.63546493665287,17.267685382392877,Unattained target,GPSampler,,PRUNED
311,311,5.319332796844357,2026-04-14 15:42:31.539875,2026-04-14 15:42:35.321808,0 days 00:00:03.781933,18.661858882787058,21.20841893159301,16.700283907165208,-37.258784670935505,92.79668569259887,40.7665440056805,36.429428934127586,30.571365658493892,11.809685606114385,81.78850819579498,76.02214087161543,93.1858905961302,-49.622002023663164,66.92589785437534,63.937780290802486,74.47261440076839,43.63546493665287,17.267685382392877,Unattained target,GPSampler,"{'sLegPt.rL0': 66.92589785437534, 'sLegPt.lL0': 81.78850819579498, 'sLegPt.rL1': 63.937780290802486, 'sLegPt.lL1': 76.02214087161543, 'sLegPt.x1': 43.63546493665287, 'sLegPt.y1': 17.267685382392877, 'sLegPt.rA1': -49.622002023663164, 'sLegPt.rL2': 74.47261440076839, 'sLegPt.lL2': 93.1858905961302, 'lLegPt.rL0': 92.79668569259887, 'lLegPt.lL0': 18.661858882787058, 'lLegPt.rL1': 40.7665440056805, 'lLegPt.lL1': 21.20841893159301, 'lLegPt.x1': 30.571365658493892, 'lLegPt.y1': 11.809685606114385, 'lLegPt.rA1': -37.258784670935505, 'lLegPt.rL2': 36.429428934127586, 'lLegPt.lL2': 16.700283907165208}",PRUNED
312,312,5.319332799604201,2026-04-14 15:42:35.480858,2026-04-14 15:42:39.228300,0 days 00:00:03.747442,18.661858882787058,21.20841893159301,16.700283907165208,-37.258784670935505,92.79668569259887,40.7665440056805,36.429428934127586,30.571365658493892,11.809685606114385,81.78850819579498,76.02214087161543,93.1858905961302,-49.622002023663164,66.92589785437534,63.937780290802486,74.47261440076839,43.63546493665287,17.267685382392877,Unattained target,GPSampler,"{'sLegPt.rL0': 66.92589785437534, 'sLegPt.lL0': 81.78850819579498, 'sLegPt.rL1': 63.937780290802486, 'sLegPt.lL1': 76.02214087161543, 'sLegPt.x1': 43.63546493665287, 'sLegPt.y1': 17.267685382392877, 'sLegPt.rA1': -49.622002023663164, 'sLegPt.rL2': 74.47261440076839, 'sLegPt.lL2': 93.1858905961302, 'lLegPt.rL0': 92.79668569259887, 'lLegPt.lL0': 18.661858882787058, 'lLegPt.rL1': 40.7665440056805, 'lLegPt.lL1': 21.20841893159301, 'lLegPt.x1': 30.571365658493892, 'lLegPt.y1': 11.809685606114385, 'lLegPt.rA1': -37.258784670935505, 'lLegPt.rL2': 36.429428934127586, 'lLegPt.lL2': 16.700283907165208}",PRUNED
313,313,6.034956396134852,2026-04-14 15:42:39.368800,2026-04-14 15:42:42.997072,0 days 00:00:03.628272,27.354530767166747,34.23642213101583,91.83430824015267,-76.46981817360115,41.70735331311184,54.74790443582897,97.80613344156417,43.0717404742952,17.478721404211356,66.93527815763657,28.759853544784203,97.52551279580587,-60.12732302725449,95.64791801564763,69.64476760272643,34.456985756999046,46.795044801712564,21.732434788515036,Unattained target,GPSampler,,PRUNED
314,314,6.034956524495463,2026-04-14 15:42:43.152706,2026-04-14 15:42:46.917149,0 days 00:00:03.764443,27.354530767166747,34.23642213101583,91.83430824015267,-76.46981817360115,41.70735331311184,54.74790443582897,97.80613344156417,43.0717404742952,17.478721404211356,66.93527815763657,28.759853544784203,97.52551279580587,-60.12732302725449,95.64791801564763,69.64476760272643,34.456985756999046,46.795044801712564,21.732434788515036,Unattained target,GPSampler,"{'sLegPt.rL0': 95.64791801564763, 'sLegPt.lL0': 66.93527815763657, 'sLegPt.rL1': 69.64476760272643, 'sLegPt.lL1': 28.759853544784203, 'sLegPt.x1': 46.795044801712564, 'sLegPt.y1': 21.732434788515036, 'sLegPt.rA1': -60.12732302725449, 'sLegPt.rL2': 34.456985756999046, 'sLegPt.lL2': 97.52551279580587, 'lLegPt.rL0': 41.70735331311184, 'lLegPt.lL0': 27.354530767166747, 'lLegPt.rL1': 54.74790443582897, 'lLegPt.lL1': 34.23642213101583, 'lLegPt.x1': 43.0717404742952, 'lLegPt.y1': 17.478721404211356, 'lLegPt.rA1': -76.46981817360115, 'lLegPt.rL2': 97.80613344156417, 'lLegPt.lL2': 91.83430824015267}",PRUNED
315,315,6.034956334769973,2026-04-14 15:42:47.076739,2026-04-14 15:42:50.860289,0 days 00:00:03.783550,27.354530767166747,34.23642213101583,91.83430824015267,-76.46981817360115,41.70735331311184,54.74790443582897,97.80613344156417,43.0717404742952,17.478721404211356,66.93527815763657,28.759853544784203,97.52551279580587,-60.12732302725449,95.64791801564763,69.64476760272643,34.456985756999046,46.795044801712564,21.732434788515036,Unattained target,GPSampler,"{'sLegPt.rL0': 95.64791801564763, 'sLegPt.lL0': 66.93527815763657, 'sLegPt.rL1': 69.64476760272643, 'sLegPt.lL1': 28.759853544784203, 'sLegPt.x1': 46.795044801712564, 'sLegPt.y1': 21.732434788515036, 'sLegPt.rA1': -60.12732302725449, 'sLegPt.rL2': 34.456985756999046, 'sLegPt.lL2': 97.52551279580587, 'lLegPt.rL0': 41.70735331311184, 'lLegPt.lL0': 27.354530767166747, 'lLegPt.rL1': 54.74790443582897, 'lLegPt.lL1': 34.23642213101583, 'lLegPt.x1': 43.0717404742952, 'lLegPt.y1': 17.478721404211356, 'lLegPt.rA1': -76.46981817360115, 'lLegPt.rL2': 97.80613344156417, 'lLegPt.lL2': 91.83430824015267}",PRUNED
316,316,5.706831791987149,2026-04-14 15:42:51.008423,2026-04-14 15:42:54.673416,0 days 00:00:03.664993,53.966900680032396,21.349069247772277,49.53571543758708,-29.032962188874514,57.41593122554292,45.156976628920376,79.6998669377342,34.820508450686496,26.18142304652136,55.950476492190795,65.13945320071423,27.533381632397937,-24.362041987503375,11.400278854293145,34.75058350799921,83.490557017785,44.345191649677524,29.797863238891534,Unattained target,GPSampler,,PRUNED
