,number,value,datetime_start,datetime_complete,duration,params_lLegPt.lL0,params_lLegPt.lL1,params_lLegPt.lL2,params_lLegPt.rA1,params_lLegPt.rL0,params_lLegPt.rL1,params_lLegPt.rL2,params_lLegPt.x1,params_lLegPt.y1,params_sLegPt.lL0,params_sLegPt.lL1,params_sLegPt.lL2,params_sLegPt.rA1,params_sLegPt.rL0,params_sLegPt.rL1,params_sLegPt.rL2,params_sLegPt.x1,params_sLegPt.y1,user_attrs_prune,system_attrs_auto:sampler,system_attrs_fixed_params,state
581,581,16.87633314394771,2026-04-14 16:02:26.418561,2026-04-14 16:02:30.380104,0 days 00:00:03.961543,83.46132503946025,69.63329262208609,25.728792786224577,-43.48236472909277,61.730621611014385,81.64954183606737,24.271209339393934,35.264477349537046,16.76752821135836,64.86228077450548,54.81163492568866,59.13222459706328,-21.753404014583722,81.46059121224458,26.365206808658336,30.597087244942614,35.5303474166594,24.55196457685867,Unattained target,GPSampler,"{'sLegPt.rL0': 81.46059121224458, 'sLegPt.lL0': 64.86228077450548, 'sLegPt.rL1': 26.365206808658336, 'sLegPt.lL1': 54.81163492568866, 'sLegPt.x1': 35.5303474166594, 'sLegPt.y1': 24.55196457685867, 'sLegPt.rA1': -21.753404014583722, 'sLegPt.rL2': 30.597087244942614, 'sLegPt.lL2': 59.13222459706328, 'lLegPt.rL0': 61.730621611014385, 'lLegPt.lL0': 83.46132503946025, 'lLegPt.rL1': 81.64954183606737, 'lLegPt.lL1': 69.63329262208609, 'lLegPt.x1': 35.264477349537046, 'lLegPt.y1': 16.76752821135836, 'lLegPt.rA1': -43.48236472909277, 'lLegPt.rL2': 24.271209339393934, 'lLegPt.lL2': 25.728792786224577}",PRUNED
582,582,16.876333120717113,2026-04-14 16:02:30.553478,2026-04-14 16:02:34.413969,0 days 00:00:03.860491,83.46132503946025,69.63329262208609,25.728792786224577,-43.48236472909277,61.730621611014385,81.64954183606737,24.271209339393934,35.264477349537046,16.76752821135836,64.86228077450548,54.81163492568866,59.13222459706328,-21.753404014583722,81.46059121224458,26.365206808658336,30.597087244942614,35.5303474166594,24.55196457685867,Unattained target,GPSampler,"{'sLegPt.rL0': 81.46059121224458, 'sLegPt.lL0': 64.86228077450548, 'sLegPt.rL1': 26.365206808658336, 'sLegPt.lL1': 54.81163492568866, 'sLegPt.x1': 35.5303474166594, 'sLegPt.y1': 24.55196457685867, 'sLegPt.rA1': -21.753404014583722, 'sLegPt.rL2': 30.597087244942614, 'sLegPt.lL2': 59.13222459706328, 'lLegPt.rL0': 61.730621611014385, 'lLegPt.lL0': 83.46132503946025, 'lLegPt.rL1': 81.64954183606737, 'lLegPt.lL1': 69.63329262208609, 'lLegPt.x1': 35.264477349537046, 'lLegPt.y1': 16.76752821135836, 'lLegPt.rA1': -43.48236472909277, 'lLegPt.rL2': 24.271209339393934, 'lLegPt.lL2': 25.728792786224577}",PRUNED
583,583,6.738932633479827,2026-04-14 16:02:34.569091,2026-04-14 16:02:38.622325,0 days 00:00:04.053234,83.03141475153505,98.6011656050613,97.9955493798018,-60.20234956639172,75.30950182872395,33.38502529440244,11.546667502807994,31.20936117049833,14.682910758488942,10.92877132533139,33.85829876478647,90.70284661629825,-68.08114031495288,44.18384430554057,23.834858426365244,23.361944217140298,39.17660147790649,10.9611606627368,Unattained target,GPSampler,,PRUNED
584,584,6.7389316006075575,2026-04-14 16:02:38.784171,2026-04-14 16:02:42.679621,0 days 00:00:03.895450,83.03141475153505,98.6011656050613,97.9955493798018,-60.20234956639172,75.30950182872395,33.38502529440244,11.546667502807994,31.20936117049833,14.682910758488942,10.92877132533139,33.85829876478647,90.70284661629825,-68.08114031495288,44.18384430554057,23.834858426365244,23.361944217140298,39.17660147790649,10.9611606627368,Unattained target,GPSampler,"{'sLegPt.rL0': 44.18384430554057, 'sLegPt.lL0': 10.92877132533139, 'sLegPt.rL1': 23.834858426365244, 'sLegPt.lL1': 33.85829876478647, 'sLegPt.x1': 39.17660147790649, 'sLegPt.y1': 10.9611606627368, 'sLegPt.rA1': -68.08114031495288, 'sLegPt.rL2': 23.361944217140298, 'sLegPt.lL2': 90.70284661629825, 'lLegPt.rL0': 75.30950182872395, 'lLegPt.lL0': 83.03141475153505, 'lLegPt.rL1': 33.38502529440244, 'lLegPt.lL1': 98.6011656050613, 'lLegPt.x1': 31.20936117049833, 'lLegPt.y1': 14.682910758488942, 'lLegPt.rA1': -60.20234956639172, 'lLegPt.rL2': 11.546667502807994, 'lLegPt.lL2': 97.9955493798018}",PRUNED
585,585,6.738931425528989,2026-04-14 16:02:42.848861,2026-04-14 16:02:46.641125,0 days 00:00:03.792264,83.03141475153505,98.6011656050613,97.9955493798018,-60.20234956639172,75.30950182872395,33.38502529440244,11.546667502807994,31.20936117049833,14.682910758488942,10.92877132533139,33.85829876478647,90.70284661629825,-68.08114031495288,44.18384430554057,23.834858426365244,23.361944217140298,39.17660147790649,10.9611606627368,Unattained target,GPSampler,"{'sLegPt.rL0': 44.18384430554057, 'sLegPt.lL0': 10.92877132533139, 'sLegPt.rL1': 23.834858426365244, 'sLegPt.lL1': 33.85829876478647, 'sLegPt.x1': 39.17660147790649, 'sLegPt.y1': 10.9611606627368, 'sLegPt.rA1': -68.08114031495288, 'sLegPt.rL2': 23.361944217140298, 'sLegPt.lL2': 90.70284661629825, 'lLegPt.rL0': 75.30950182872395, 'lLegPt.lL0': 83.03141475153505, 'lLegPt.rL1': 33.38502529440244, 'lLegPt.lL1': 98.6011656050613, 'lLegPt.x1': 31.20936117049833, 'lLegPt.y1': 14.682910758488942, 'lLegPt.rA1': -60.20234956639172, 'lLegPt.rL2': 11.546667502807994, 'lLegPt.lL2': 97.9955493798018}",PRUNED
586,586,6.450090671302242,2026-04-14 16:02:46.786091,2026-04-14 16:02:50.693805,0 days 00:00:03.907714,81.31967868584982,88.80411815923748,30.264428068329753,-42.42074586766665,77.0508542861518,23.565670642752522,91.09465707043833,39.41761680659359,22.2478539847746,27.32065580490077,48.18560938680848,65.27844249568766,-54.50778943066143,34.585451172456814,55.826559945097685,55.424168674334936,35.9002849936874,23.955454077213144,Unattained target,GPSampler,,PRUNED
587,587,6.450090822734072,2026-04-14 16:02:50.838537,2026-04-14 16:02:54.570594,0 days 00:00:03.732057,81.31967868584982,88.80411815923748,30.264428068329753,-42.42074586766665,77.0508542861518,23.565670642752522,91.09465707043833,39.41761680659359,22.2478539847746,27.32065580490077,48.18560938680848,65.27844249568766,-54.50778943066143,34.585451172456814,55.826559945097685,55.424168674334936,35.9002849936874,23.955454077213144,Unattained target,GPSampler,"{'sLegPt.rL0': 34.585451172456814, 'sLegPt.lL0': 27.32065580490077, 'sLegPt.rL1': 55.826559945097685, 'sLegPt.lL1': 48.18560938680848, 'sLegPt.x1': 35.9002849936874, 'sLegPt.y1': 23.955454077213144, 'sLegPt.rA1': -54.50778943066143, 'sLegPt.rL2': 55.424168674334936, 'sLegPt.lL2': 65.27844249568766, 'lLegPt.rL0': 77.0508542861518, 'lLegPt.lL0': 81.31967868584982, 'lLegPt.rL1': 23.565670642752522, 'lLegPt.lL1': 88.80411815923748, 'lLegPt.x1': 39.41761680659359, 'lLegPt.y1': 22.2478539847746, 'lLegPt.rA1': -42.42074586766665, 'lLegPt.rL2': 91.09465707043833, 'lLegPt.lL2': 30.264428068329753}",PRUNED
588,588,6.450090854907348,2026-04-14 16:02:54.742143,2026-04-14 16:02:58.746457,0 days 00:00:04.004314,81.31967868584982,88.80411815923748,30.264428068329753,-42.42074586766665,77.0508542861518,23.565670642752522,91.09465707043833,39.41761680659359,22.2478539847746,27.32065580490077,48.18560938680848,65.27844249568766,-54.50778943066143,34.585451172456814,55.826559945097685,55.424168674334936,35.9002849936874,23.955454077213144,Unattained target,GPSampler,"{'sLegPt.rL0': 34.585451172456814, 'sLegPt.lL0': 27.32065580490077, 'sLegPt.rL1': 55.826559945097685, 'sLegPt.lL1': 48.18560938680848, 'sLegPt.x1': 35.9002849936874, 'sLegPt.y1': 23.955454077213144, 'sLegPt.rA1': -54.50778943066143, 'sLegPt.rL2': 55.424168674334936, 'sLegPt.lL2': 65.27844249568766, 'lLegPt.rL0': 77.0508542861518, 'lLegPt.lL0': 81.31967868584982, 'lLegPt.rL1': 23.565670642752522, 'lLegPt.lL1': 88.80411815923748, 'lLegPt.x1': 39.41761680659359, 'lLegPt.y1': 22.2478539847746, 'lLegPt.rA1': -42.42074586766665, 'lLegPt.rL2': 91.09465707043833, 'lLegPt.lL2': 30.264428068329753}",PRUNED
589,589,5.238210785052864,2026-04-14 16:02:58.912206,2026-04-14 16:03:02.730564,0 days 00:00:03.818358,14.77289751463519,93.24901019537529,27.660796073482512,-44.989294406380644,24.371023596877354,84.32793923958134,59.70802807170145,44.8853236361679,15.944538321008881,79.78285106767449,70.9063179137973,99.59838636377218,-78.6700834562928,47.010906303294654,58.09948777150513,22.834397720179645,35.76340856887219,17.40219385849816,Unattained target,GPSampler,,PRUNED
590,590,5.2382107960788105,2026-04-14 16:03:02.897538,2026-04-14 16:03:06.690636,0 days 00:00:03.793098,14.77289751463519,93.24901019537529,27.660796073482512,-44.989294406380644,24.371023596877354,84.32793923958134,59.70802807170145,44.8853236361679,15.944538321008881,79.78285106767449,70.9063179137973,99.59838636377218,-78.6700834562928,47.010906303294654,58.09948777150513,22.834397720179645,35.76340856887219,17.40219385849816,Unattained target,GPSampler,"{'sLegPt.rL0': 47.010906303294654, 'sLegPt.lL0': 79.78285106767449, 'sLegPt.rL1': 58.09948777150513, 'sLegPt.lL1': 70.9063179137973, 'sLegPt.x1': 35.76340856887219, 'sLegPt.y1': 17.40219385849816, 'sLegPt.rA1': -78.6700834562928, 'sLegPt.rL2': 22.834397720179645, 'sLegPt.lL2': 99.59838636377218, 'lLegPt.rL0': 24.371023596877354, 'lLegPt.lL0': 14.77289751463519, 'lLegPt.rL1': 84.32793923958134, 'lLegPt.lL1': 93.24901019537529, 'lLegPt.x1': 44.8853236361679, 'lLegPt.y1': 15.944538321008881, 'lLegPt.rA1': -44.989294406380644, 'lLegPt.rL2': 59.70802807170145, 'lLegPt.lL2': 27.660796073482512}",PRUNED
591,591,5.238210723572156,2026-04-14 16:03:06.854807,2026-04-14 16:03:10.606166,0 days 00:00:03.751359,14.77289751463519,93.24901019537529,27.660796073482512,-44.989294406380644,24.371023596877354,84.32793923958134,59.70802807170145,44.8853236361679,15.944538321008881,79.78285106767449,70.9063179137973,99.59838636377218,-78.6700834562928,47.010906303294654,58.09948777150513,22.834397720179645,35.76340856887219,17.40219385849816,Unattained target,GPSampler,"{'sLegPt.rL0': 47.010906303294654, 'sLegPt.lL0': 79.78285106767449, 'sLegPt.rL1': 58.09948777150513, 'sLegPt.lL1': 70.9063179137973, 'sLegPt.x1': 35.76340856887219, 'sLegPt.y1': 17.40219385849816, 'sLegPt.rA1': -78.6700834562928, 'sLegPt.rL2': 22.834397720179645, 'sLegPt.lL2': 99.59838636377218, 'lLegPt.rL0': 24.371023596877354, 'lLegPt.lL0': 14.77289751463519, 'lLegPt.rL1': 84.32793923958134, 'lLegPt.lL1': 93.24901019537529, 'lLegPt.x1': 44.8853236361679, 'lLegPt.y1': 15.944538321008881, 'lLegPt.rA1': -44.989294406380644, 'lLegPt.rL2': 59.70802807170145, 'lLegPt.lL2': 27.660796073482512}",PRUNED
592,592,9.934498397114226,2026-04-14 16:03:10.759755,2026-04-14 16:03:14.678446,0 days 00:00:03.918691,41.76391159252301,19.949285760151334,73.72407349305641,-49.253945642034466,96.04742260512258,31.323285480571446,38.55168729829321,40.651461114205944,19.224463044723983,45.08206354049106,32.98445548111069,99.1533668245741,-75.6414686851724,46.167221004726464,44.77112395802422,52.33881598963445,48.00780463702641,25.997438103111786,Unattained target,GPSampler,,PRUNED
593,593,9.934498596823275,2026-04-14 16:03:14.842286,2026-04-14 16:03:18.829156,0 days 00:00:03.986870,41.76391159252301,19.949285760151334,73.72407349305641,-49.253945642034466,96.04742260512258,31.323285480571446,38.55168729829321,40.651461114205944,19.224463044723983,45.08206354049106,32.98445548111069,99.1533668245741,-75.6414686851724,46.167221004726464,44.77112395802422,52.33881598963445,48.00780463702641,25.997438103111786,Unattained target,GPSampler,"{'sLegPt.rL0': 46.167221004726464, 'sLegPt.lL0': 45.08206354049106, 'sLegPt.rL1': 44.77112395802422, 'sLegPt.lL1': 32.98445548111069, 'sLegPt.x1': 48.00780463702641, 'sLegPt.y1': 25.997438103111786, 'sLegPt.rA1': -75.6414686851724, 'sLegPt.rL2': 52.33881598963445, 'sLegPt.lL2': 99.1533668245741, 'lLegPt.rL0': 96.04742260512258, 'lLegPt.lL0': 41.76391159252301, 'lLegPt.rL1': 31.323285480571446, 'lLegPt.lL1': 19.949285760151334, 'lLegPt.x1': 40.651461114205944, 'lLegPt.y1': 19.224463044723983, 'lLegPt.rA1': -49.253945642034466, 'lLegPt.rL2': 38.55168729829321, 'lLegPt.lL2': 73.72407349305641}",PRUNED
594,594,9.93449857203251,2026-04-14 16:03:19.001246,2026-04-14 16:03:22.818505,0 days 00:00:03.817259,41.76391159252301,19.949285760151334,73.72407349305641,-49.253945642034466,96.04742260512258,31.323285480571446,38.55168729829321,40.651461114205944,19.224463044723983,45.08206354049106,32.98445548111069,99.1533668245741,-75.6414686851724,46.167221004726464,44.77112395802422,52.33881598963445,48.00780463702641,25.997438103111786,Unattained target,GPSampler,"{'sLegPt.rL0': 46.167221004726464, 'sLegPt.lL0': 45.08206354049106, 'sLegPt.rL1': 44.77112395802422, 'sLegPt.lL1': 32.98445548111069, 'sLegPt.x1': 48.00780463702641, 'sLegPt.y1': 25.997438103111786, 'sLegPt.rA1': -75.6414686851724, 'sLegPt.rL2': 52.33881598963445, 'sLegPt.lL2': 99.1533668245741, 'lLegPt.rL0': 96.04742260512258, 'lLegPt.lL0': 41.76391159252301, 'lLegPt.rL1': 31.323285480571446, 'lLegPt.lL1': 19.949285760151334, 'lLegPt.x1': 40.651461114205944, 'lLegPt.y1': 19.224463044723983, 'lLegPt.rA1': -49.253945642034466, 'lLegPt.rL2': 38.55168729829321, 'lLegPt.lL2': 73.72407349305641}",PRUNED
595,595,6.60139108369809,2026-04-14 16:03:22.982630,2026-04-14 16:03:26.677776,0 days 00:00:03.695146,26.303389598820395,55.87742361338243,58.9087961503125,-32.090302341757315,37.463542215606466,57.85273081292244,51.38159977549738,40.71819022767854,15.247006517959141,27.591452407726067,27.627148369425985,98.71199866811612,-67.33155351246513,19.715007560783846,53.65145452782806,75.25552084766666,39.49214050303338,13.067747176556125,Unattained target,GPSampler,,PRUNED
596,596,6.601390952149714,2026-04-14 16:03:26.850585,2026-04-14 16:03:30.563353,0 days 00:00:03.712768,26.303389598820395,55.87742361338243,58.9087961503125,-32.090302341757315,37.463542215606466,57.85273081292244,51.38159977549738,40.71819022767854,15.247006517959141,27.591452407726067,27.627148369425985,98.71199866811612,-67.33155351246513,19.715007560783846,53.65145452782806,75.25552084766666,39.49214050303338,13.067747176556125,Unattained target,GPSampler,"{'sLegPt.rL0': 19.715007560783846, 'sLegPt.lL0': 27.591452407726067, 'sLegPt.rL1': 53.65145452782806, 'sLegPt.lL1': 27.627148369425985, 'sLegPt.x1': 39.49214050303338, 'sLegPt.y1': 13.067747176556125, 'sLegPt.rA1': -67.33155351246513, 'sLegPt.rL2': 75.25552084766666, 'sLegPt.lL2': 98.71199866811612, 'lLegPt.rL0': 37.463542215606466, 'lLegPt.lL0': 26.303389598820395, 'lLegPt.rL1': 57.85273081292244, 'lLegPt.lL1': 55.87742361338243, 'lLegPt.x1': 40.71819022767854, 'lLegPt.y1': 15.247006517959141, 'lLegPt.rA1': -32.090302341757315, 'lLegPt.rL2': 51.38159977549738, 'lLegPt.lL2': 58.9087961503125}",PRUNED
597,597,6.6013909425099975,2026-04-14 16:03:30.737949,2026-04-14 16:03:34.557143,0 days 00:00:03.819194,26.303389598820395,55.87742361338243,58.9087961503125,-32.090302341757315,37.463542215606466,57.85273081292244,51.38159977549738,40.71819022767854,15.247006517959141,27.591452407726067,27.627148369425985,98.71199866811612,-67.33155351246513,19.715007560783846,53.65145452782806,75.25552084766666,39.49214050303338,13.067747176556125,Unattained target,GPSampler,"{'sLegPt.rL0': 19.715007560783846, 'sLegPt.lL0': 27.591452407726067, 'sLegPt.rL1': 53.65145452782806, 'sLegPt.lL1': 27.627148369425985, 'sLegPt.x1': 39.49214050303338, 'sLegPt.y1': 13.067747176556125, 'sLegPt.rA1': -67.33155351246513, 'sLegPt.rL2': 75.25552084766666, 'sLegPt.lL2': 98.71199866811612, 'lLegPt.rL0': 37.463542215606466, 'lLegPt.lL0': 26.303389598820395, 'lLegPt.rL1': 57.85273081292244, 'lLegPt.lL1': 55.87742361338243, 'lLegPt.x1': 40.71819022767854, 'lLegPt.y1': 15.247006517959141, 'lLegPt.rA1': -32.090302341757315, 'lLegPt.rL2': 51.38159977549738, 'lLegPt.lL2': 58.9087961503125}",PRUNED
598,598,6.675642866077567,2026-04-14 16:03:34.741551,2026-04-14 16:03:38.575884,0 days 00:00:03.834333,17.340405001567966,30.109227061340604,92.17149298647594,-20.483838470565296,90.48528338262886,32.50558884280085,54.20444142716829,43.90383616525369,26.74361055124857,98.50969715298676,73.54305203277565,58.61831640331915,-57.92987393990664,30.621197347385902,75.83699164941495,28.72739190028139,36.89589177577848,29.642818764408354,Unattained target,GPSampler,,PRUNED
599,599,6.675643052639128,2026-04-14 16:03:38.762289,2026-04-14 16:03:42.711277,0 days 00:00:03.948988,17.340405001567966,30.109227061340604,92.17149298647594,-20.483838470565296,90.48528338262886,32.50558884280085,54.20444142716829,43.90383616525369,26.74361055124857,98.50969715298676,73.54305203277565,58.61831640331915,-57.92987393990664,30.621197347385902,75.83699164941495,28.72739190028139,36.89589177577848,29.642818764408354,Unattained target,GPSampler,"{'sLegPt.rL0': 30.621197347385902, 'sLegPt.lL0': 98.50969715298676, 'sLegPt.rL1': 75.83699164941495, 'sLegPt.lL1': 73.54305203277565, 'sLegPt.x1': 36.89589177577848, 'sLegPt.y1': 29.642818764408354, 'sLegPt.rA1': -57.92987393990664, 'sLegPt.rL2': 28.72739190028139, 'sLegPt.lL2': 58.61831640331915, 'lLegPt.rL0': 90.48528338262886, 'lLegPt.lL0': 17.340405001567966, 'lLegPt.rL1': 32.50558884280085, 'lLegPt.lL1': 30.109227061340604, 'lLegPt.x1': 43.90383616525369, 'lLegPt.y1': 26.74361055124857, 'lLegPt.rA1': -20.483838470565296, 'lLegPt.rL2': 54.20444142716829, 'lLegPt.lL2': 92.17149298647594}",PRUNED
600,600,6.675643068204568,2026-04-14 16:03:42.882477,2026-04-14 16:03:46.684109,0 days 00:00:03.801632,17.340405001567966,30.109227061340604,92.17149298647594,-20.483838470565296,90.48528338262886,32.50558884280085,54.20444142716829,43.90383616525369,26.74361055124857,98.50969715298676,73.54305203277565,58.61831640331915,-57.92987393990664,30.621197347385902,75.83699164941495,28.72739190028139,36.89589177577848,29.642818764408354,Unattained target,GPSampler,"{'sLegPt.rL0': 30.621197347385902, 'sLegPt.lL0': 98.50969715298676, 'sLegPt.rL1': 75.83699164941495, 'sLegPt.lL1': 73.54305203277565, 'sLegPt.x1': 36.89589177577848, 'sLegPt.y1': 29.642818764408354, 'sLegPt.rA1': -57.92987393990664, 'sLegPt.rL2': 28.72739190028139, 'sLegPt.lL2': 58.61831640331915, 'lLegPt.rL0': 90.48528338262886, 'lLegPt.lL0': 17.340405001567966, 'lLegPt.rL1': 32.50558884280085, 'lLegPt.lL1': 30.109227061340604, 'lLegPt.x1': 43.90383616525369, 'lLegPt.y1': 26.74361055124857, 'lLegPt.rA1': -20.483838470565296, 'lLegPt.rL2': 54.20444142716829, 'lLegPt.lL2': 92.17149298647594}",PRUNED
601,601,6.736147511047182,2026-04-14 16:03:46.868248,2026-04-14 16:03:50.620896,0 days 00:00:03.752648,38.55718400798478,28.47285122514532,10.75931056037968,-24.409593148990297,83.73704266213768,79.31660748233266,18.886515824975923,40.16969507933933,29.67782177501381,28.69671530653775,79.98125134336573,20.241899325107347,-43.49750135721581,31.36576857249869,74.87188584101062,99.19846650481908,31.21780228259012,24.770012495073413,Unattained target,GPSampler,,PRUNED
602,602,6.736148007679681,2026-04-14 16:03:50.791059,2026-04-14 16:03:54.694106,0 days 00:00:03.903047,38.55718400798478,28.47285122514532,10.75931056037968,-24.409593148990297,83.73704266213768,79.31660748233266,18.886515824975923,40.16969507933933,29.67782177501381,28.69671530653775,79.98125134336573,20.241899325107347,-43.49750135721581,31.36576857249869,74.87188584101062,99.19846650481908,31.21780228259012,24.770012495073413,Unattained target,GPSampler,"{'sLegPt.rL0': 31.36576857249869, 'sLegPt.lL0': 28.69671530653775, 'sLegPt.rL1': 74.87188584101062, 'sLegPt.lL1': 79.98125134336573, 'sLegPt.x1': 31.21780228259012, 'sLegPt.y1': 24.770012495073413, 'sLegPt.rA1': -43.49750135721581, 'sLegPt.rL2': 99.19846650481908, 'sLegPt.lL2': 20.241899325107347, 'lLegPt.rL0': 83.73704266213768, 'lLegPt.lL0': 38.55718400798478, 'lLegPt.rL1': 79.31660748233266, 'lLegPt.lL1': 28.47285122514532, 'lLegPt.x1': 40.16969507933933, 'lLegPt.y1': 29.67782177501381, 'lLegPt.rA1': -24.409593148990297, 'lLegPt.rL2': 18.886515824975923, 'lLegPt.lL2': 10.75931056037968}",PRUNED
603,603,6.7361479124748165,2026-04-14 16:03:54.859305,2026-04-14 16:03:58.859813,0 days 00:00:04.000508,38.55718400798478,28.47285122514532,10.75931056037968,-24.409593148990297,83.73704266213768,79.31660748233266,18.886515824975923,40.16969507933933,29.67782177501381,28.69671530653775,79.98125134336573,20.241899325107347,-43.49750135721581,31.36576857249869,74.87188584101062,99.19846650481908,31.21780228259012,24.770012495073413,Unattained target,GPSampler,"{'sLegPt.rL0': 31.36576857249869, 'sLegPt.lL0': 28.69671530653775, 'sLegPt.rL1': 74.87188584101062, 'sLegPt.lL1': 79.98125134336573, 'sLegPt.x1': 31.21780228259012, 'sLegPt.y1': 24.770012495073413, 'sLegPt.rA1': -43.49750135721581, 'sLegPt.rL2': 99.19846650481908, 'sLegPt.lL2': 20.241899325107347, 'lLegPt.rL0': 83.73704266213768, 'lLegPt.lL0': 38.55718400798478, 'lLegPt.rL1': 79.31660748233266, 'lLegPt.lL1': 28.47285122514532, 'lLegPt.x1': 40.16969507933933, 'lLegPt.y1': 29.67782177501381, 'lLegPt.rA1': -24.409593148990297, 'lLegPt.rL2': 18.886515824975923, 'lLegPt.lL2': 10.75931056037968}",PRUNED
604,604,5.104564817145295,2026-04-14 16:03:59.029405,2026-04-14 16:04:02.902054,0 days 00:00:03.872649,36.602213106956334,38.83872579339025,97.4519289167358,-37.189172966663264,80.65837145952271,15.10672473305015,51.69200417021541,48.82603794010024,21.605766572933618,36.39908645625481,44.8160115395918,67.55507952292757,-49.22083587909301,49.72802748684083,23.615426680777837,41.18918795362834,46.40962838169502,13.180999665294692,Unattained target,GPSampler,,PRUNED
