,number,value,datetime_start,datetime_complete,duration,params_lLegPt.lL0,params_lLegPt.lL1,params_lLegPt.lL2,params_lLegPt.rA1,params_lLegPt.rL0,params_lLegPt.rL1,params_lLegPt.rL2,params_lLegPt.x1,params_lLegPt.y1,params_sLegPt.lL0,params_sLegPt.lL1,params_sLegPt.lL2,params_sLegPt.rA1,params_sLegPt.rL0,params_sLegPt.rL1,params_sLegPt.rL2,params_sLegPt.x1,params_sLegPt.y1,user_attrs_prune,system_attrs_auto:sampler,system_attrs_fixed_params,state
195,195,5.856001222341799,2026-04-14 15:33:00.563095,2026-04-14 15:33:05.148551,0 days 00:00:04.585456,95.38595523090116,41.21053582137037,84.66052178687622,-75.16960325144936,41.38439610586103,70.22009421928247,45.82526151873711,37.34376289082506,13.357885304994861,14.96472080877956,10.595394949601454,89.25776476830926,-70.91621674165565,63.907498029048,47.07576606210779,57.87725899372852,35.524112331248105,16.206675535161466,Unattained target,GPSampler,"{'sLegPt.rL0': 63.907498029048, 'sLegPt.lL0': 14.96472080877956, 'sLegPt.rL1': 47.07576606210779, 'sLegPt.lL1': 10.595394949601454, 'sLegPt.x1': 35.524112331248105, 'sLegPt.y1': 16.206675535161466, 'sLegPt.rA1': -70.91621674165565, 'sLegPt.rL2': 57.87725899372852, 'sLegPt.lL2': 89.25776476830926, 'lLegPt.rL0': 41.38439610586103, 'lLegPt.lL0': 95.38595523090116, 'lLegPt.rL1': 70.22009421928247, 'lLegPt.lL1': 41.21053582137037, 'lLegPt.x1': 37.34376289082506, 'lLegPt.y1': 13.357885304994861, 'lLegPt.rA1': -75.16960325144936, 'lLegPt.rL2': 45.82526151873711, 'lLegPt.lL2': 84.66052178687622}",PRUNED
196,196,5.856001430761118,2026-04-14 15:33:05.340736,2026-04-14 15:33:09.715969,0 days 00:00:04.375233,95.38595523090116,41.21053582137037,84.66052178687622,-75.16960325144936,41.38439610586103,70.22009421928247,45.82526151873711,37.34376289082506,13.357885304994861,14.96472080877956,10.595394949601454,89.25776476830926,-70.91621674165565,63.907498029048,47.07576606210779,57.87725899372852,35.524112331248105,16.206675535161466,Unattained target,GPSampler,"{'sLegPt.rL0': 63.907498029048, 'sLegPt.lL0': 14.96472080877956, 'sLegPt.rL1': 47.07576606210779, 'sLegPt.lL1': 10.595394949601454, 'sLegPt.x1': 35.524112331248105, 'sLegPt.y1': 16.206675535161466, 'sLegPt.rA1': -70.91621674165565, 'sLegPt.rL2': 57.87725899372852, 'sLegPt.lL2': 89.25776476830926, 'lLegPt.rL0': 41.38439610586103, 'lLegPt.lL0': 95.38595523090116, 'lLegPt.rL1': 70.22009421928247, 'lLegPt.lL1': 41.21053582137037, 'lLegPt.x1': 37.34376289082506, 'lLegPt.y1': 13.357885304994861, 'lLegPt.rA1': -75.16960325144936, 'lLegPt.rL2': 45.82526151873711, 'lLegPt.lL2': 84.66052178687622}",PRUNED
197,197,7.000291131123898,2026-04-14 15:33:09.868651,2026-04-14 15:33:14.317818,0 days 00:00:04.449167,36.2003359252844,34.74494176780742,45.098353181335604,-29.38320931362893,87.91346037908139,19.57558980033344,48.06590040315208,33.70800563188861,18.286725011468768,22.47098782182023,45.542959642697696,94.11809055207436,-59.63435175747885,63.87105783941167,77.48039734212499,71.42297683141757,45.550775744124095,18.008959615127267,Unattained target,GPSampler,,PRUNED
198,198,7.0002908966536666,2026-04-14 15:33:14.492271,2026-04-14 15:33:18.843627,0 days 00:00:04.351356,36.2003359252844,34.74494176780742,45.098353181335604,-29.38320931362893,87.91346037908139,19.57558980033344,48.06590040315208,33.70800563188861,18.286725011468768,22.47098782182023,45.542959642697696,94.11809055207436,-59.63435175747885,63.87105783941167,77.48039734212499,71.42297683141757,45.550775744124095,18.008959615127267,Unattained target,GPSampler,"{'sLegPt.rL0': 63.87105783941167, 'sLegPt.lL0': 22.47098782182023, 'sLegPt.rL1': 77.48039734212499, 'sLegPt.lL1': 45.542959642697696, 'sLegPt.x1': 45.550775744124095, 'sLegPt.y1': 18.008959615127267, 'sLegPt.rA1': -59.63435175747885, 'sLegPt.rL2': 71.42297683141757, 'sLegPt.lL2': 94.11809055207436, 'lLegPt.rL0': 87.91346037908139, 'lLegPt.lL0': 36.2003359252844, 'lLegPt.rL1': 19.57558980033344, 'lLegPt.lL1': 34.74494176780742, 'lLegPt.x1': 33.70800563188861, 'lLegPt.y1': 18.286725011468768, 'lLegPt.rA1': -29.38320931362893, 'lLegPt.rL2': 48.06590040315208, 'lLegPt.lL2': 45.098353181335604}",PRUNED
199,199,7.000291437712615,2026-04-14 15:33:19.018122,2026-04-14 15:33:23.283627,0 days 00:00:04.265505,36.2003359252844,34.74494176780742,45.098353181335604,-29.38320931362893,87.91346037908139,19.57558980033344,48.06590040315208,33.70800563188861,18.286725011468768,22.47098782182023,45.542959642697696,94.11809055207436,-59.63435175747885,63.87105783941167,77.48039734212499,71.42297683141757,45.550775744124095,18.008959615127267,Unattained target,GPSampler,"{'sLegPt.rL0': 63.87105783941167, 'sLegPt.lL0': 22.47098782182023, 'sLegPt.rL1': 77.48039734212499, 'sLegPt.lL1': 45.542959642697696, 'sLegPt.x1': 45.550775744124095, 'sLegPt.y1': 18.008959615127267, 'sLegPt.rA1': -59.63435175747885, 'sLegPt.rL2': 71.42297683141757, 'sLegPt.lL2': 94.11809055207436, 'lLegPt.rL0': 87.91346037908139, 'lLegPt.lL0': 36.2003359252844, 'lLegPt.rL1': 19.57558980033344, 'lLegPt.lL1': 34.74494176780742, 'lLegPt.x1': 33.70800563188861, 'lLegPt.y1': 18.286725011468768, 'lLegPt.rA1': -29.38320931362893, 'lLegPt.rL2': 48.06590040315208, 'lLegPt.lL2': 45.098353181335604}",PRUNED
200,200,2.5467743397078593,2026-04-14 15:33:23.473049,2026-04-14 15:33:34.330188,0 days 00:00:10.857139,20.778326864936375,70.94055952966502,57.54254175909426,-42.33423807031789,14.102129678596146,72.83262366015664,58.54777359324161,31.189641731861293,22.89145327705349,89.08505329697763,14.725351816792617,46.93033289861834,-42.39342392522312,41.17023925638185,27.708596478400274,81.04239495906008,38.69615914998644,17.652341036805836,,GPSampler,,COMPLETE
201,201,10.314447655699752,2026-04-14 15:33:35.008966,2026-04-14 15:33:39.165346,0 days 00:00:04.156380,52.31850552770214,13.98650490580357,53.84855212887281,-50.10863700126393,76.2238195436164,75.69444208416247,54.558733810538115,47.27367484454462,18.616019617135645,97.87759462810773,96.55305204224307,57.40472990390381,-29.93129160185414,21.505750546947176,29.085005336923043,47.835155897307686,44.47284138174193,23.511064090021023,Unattained target,GPSampler,,PRUNED
202,202,10.314448004531272,2026-04-14 15:33:39.325635,2026-04-14 15:33:43.681343,0 days 00:00:04.355708,52.31850552770214,13.98650490580357,53.84855212887281,-50.10863700126393,76.2238195436164,75.69444208416247,54.558733810538115,47.27367484454462,18.616019617135645,97.87759462810773,96.55305204224307,57.40472990390381,-29.93129160185414,21.505750546947176,29.085005336923043,47.835155897307686,44.47284138174193,23.511064090021023,Unattained target,GPSampler,"{'sLegPt.rL0': 21.505750546947176, 'sLegPt.lL0': 97.87759462810773, 'sLegPt.rL1': 29.085005336923043, 'sLegPt.lL1': 96.55305204224307, 'sLegPt.x1': 44.47284138174193, 'sLegPt.y1': 23.511064090021023, 'sLegPt.rA1': -29.93129160185414, 'sLegPt.rL2': 47.835155897307686, 'sLegPt.lL2': 57.40472990390381, 'lLegPt.rL0': 76.2238195436164, 'lLegPt.lL0': 52.31850552770214, 'lLegPt.rL1': 75.69444208416247, 'lLegPt.lL1': 13.98650490580357, 'lLegPt.x1': 47.27367484454462, 'lLegPt.y1': 18.616019617135645, 'lLegPt.rA1': -50.10863700126393, 'lLegPt.rL2': 54.558733810538115, 'lLegPt.lL2': 53.84855212887281}",PRUNED
203,203,10.314447888199446,2026-04-14 15:33:43.865400,2026-04-14 15:33:48.260762,0 days 00:00:04.395362,52.31850552770214,13.98650490580357,53.84855212887281,-50.10863700126393,76.2238195436164,75.69444208416247,54.558733810538115,47.27367484454462,18.616019617135645,97.87759462810773,96.55305204224307,57.40472990390381,-29.93129160185414,21.505750546947176,29.085005336923043,47.835155897307686,44.47284138174193,23.511064090021023,Unattained target,GPSampler,"{'sLegPt.rL0': 21.505750546947176, 'sLegPt.lL0': 97.87759462810773, 'sLegPt.rL1': 29.085005336923043, 'sLegPt.lL1': 96.55305204224307, 'sLegPt.x1': 44.47284138174193, 'sLegPt.y1': 23.511064090021023, 'sLegPt.rA1': -29.93129160185414, 'sLegPt.rL2': 47.835155897307686, 'sLegPt.lL2': 57.40472990390381, 'lLegPt.rL0': 76.2238195436164, 'lLegPt.lL0': 52.31850552770214, 'lLegPt.rL1': 75.69444208416247, 'lLegPt.lL1': 13.98650490580357, 'lLegPt.x1': 47.27367484454462, 'lLegPt.y1': 18.616019617135645, 'lLegPt.rA1': -50.10863700126393, 'lLegPt.rL2': 54.558733810538115, 'lLegPt.lL2': 53.84855212887281}",PRUNED
204,204,5.686752634383424,2026-04-14 15:33:48.428500,2026-04-14 15:33:56.359559,0 days 00:00:07.931059,28.527349664649975,28.136646623960733,23.50567757290065,-46.996666389089164,15.559184398801236,41.734769589202806,96.07337559621755,31.717304036634317,29.833592290879366,53.46478511240565,91.76169877024988,32.78274444348386,-37.23210479049556,97.89034565578943,47.34040655007523,11.378105545741551,33.049938879543895,24.133473006105024,Unattained target,GPSampler,,PRUNED
205,205,5.686746146686566,2026-04-14 15:33:56.539153,2026-04-14 15:34:03.269144,0 days 00:00:06.729991,28.527349664649975,28.136646623960733,23.50567757290065,-46.996666389089164,15.559184398801236,41.734769589202806,96.07337559621755,31.717304036634317,29.833592290879366,53.46478511240565,91.76169877024988,32.78274444348386,-37.23210479049556,97.89034565578943,47.34040655007523,11.378105545741551,33.049938879543895,24.133473006105024,Unattained target,GPSampler,"{'sLegPt.rL0': 97.89034565578943, 'sLegPt.lL0': 53.46478511240565, 'sLegPt.rL1': 47.34040655007523, 'sLegPt.lL1': 91.76169877024988, 'sLegPt.x1': 33.049938879543895, 'sLegPt.y1': 24.133473006105024, 'sLegPt.rA1': -37.23210479049556, 'sLegPt.rL2': 11.378105545741551, 'sLegPt.lL2': 32.78274444348386, 'lLegPt.rL0': 15.559184398801236, 'lLegPt.lL0': 28.527349664649975, 'lLegPt.rL1': 41.734769589202806, 'lLegPt.lL1': 28.136646623960733, 'lLegPt.x1': 31.717304036634317, 'lLegPt.y1': 29.833592290879366, 'lLegPt.rA1': -46.996666389089164, 'lLegPt.rL2': 96.07337559621755, 'lLegPt.lL2': 23.50567757290065}",PRUNED
206,206,5.68674794695675,2026-04-14 15:34:03.409017,2026-04-14 15:34:10.236646,0 days 00:00:06.827629,28.527349664649975,28.136646623960733,23.50567757290065,-46.996666389089164,15.559184398801236,41.734769589202806,96.07337559621755,31.717304036634317,29.833592290879366,53.46478511240565,91.76169877024988,32.78274444348386,-37.23210479049556,97.89034565578943,47.34040655007523,11.378105545741551,33.049938879543895,24.133473006105024,Unattained target,GPSampler,"{'sLegPt.rL0': 97.89034565578943, 'sLegPt.lL0': 53.46478511240565, 'sLegPt.rL1': 47.34040655007523, 'sLegPt.lL1': 91.76169877024988, 'sLegPt.x1': 33.049938879543895, 'sLegPt.y1': 24.133473006105024, 'sLegPt.rA1': -37.23210479049556, 'sLegPt.rL2': 11.378105545741551, 'sLegPt.lL2': 32.78274444348386, 'lLegPt.rL0': 15.559184398801236, 'lLegPt.lL0': 28.527349664649975, 'lLegPt.rL1': 41.734769589202806, 'lLegPt.lL1': 28.136646623960733, 'lLegPt.x1': 31.717304036634317, 'lLegPt.y1': 29.833592290879366, 'lLegPt.rA1': -46.996666389089164, 'lLegPt.rL2': 96.07337559621755, 'lLegPt.lL2': 23.50567757290065}",PRUNED
207,207,7.2358297994219,2026-04-14 15:34:10.374030,2026-04-14 15:34:14.299950,0 days 00:00:03.925920,95.87536588143665,55.299458687015374,72.42150697754593,-43.58816881210519,57.81987701187676,55.02851939478226,97.56334160248186,41.133084677436365,28.639260464918667,39.52013329522841,34.152312544435965,29.0852973755911,-46.90652444233075,50.114974794481746,96.47476355964766,88.71757810452083,36.86365975592772,27.75925202337995,Unattained target,GPSampler,,PRUNED
208,208,7.235829957032195,2026-04-14 15:34:14.435241,2026-04-14 15:34:18.423119,0 days 00:00:03.987878,95.87536588143665,55.299458687015374,72.42150697754593,-43.58816881210519,57.81987701187676,55.02851939478226,97.56334160248186,41.133084677436365,28.639260464918667,39.52013329522841,34.152312544435965,29.0852973755911,-46.90652444233075,50.114974794481746,96.47476355964766,88.71757810452083,36.86365975592772,27.75925202337995,Unattained target,GPSampler,"{'sLegPt.rL0': 50.114974794481746, 'sLegPt.lL0': 39.52013329522841, 'sLegPt.rL1': 96.47476355964766, 'sLegPt.lL1': 34.152312544435965, 'sLegPt.x1': 36.86365975592772, 'sLegPt.y1': 27.75925202337995, 'sLegPt.rA1': -46.90652444233075, 'sLegPt.rL2': 88.71757810452083, 'sLegPt.lL2': 29.0852973755911, 'lLegPt.rL0': 57.81987701187676, 'lLegPt.lL0': 95.87536588143665, 'lLegPt.rL1': 55.02851939478226, 'lLegPt.lL1': 55.299458687015374, 'lLegPt.x1': 41.133084677436365, 'lLegPt.y1': 28.639260464918667, 'lLegPt.rA1': -43.58816881210519, 'lLegPt.rL2': 97.56334160248186, 'lLegPt.lL2': 72.42150697754593}",PRUNED
209,209,7.23582980824947,2026-04-14 15:34:18.570980,2026-04-14 15:34:22.339825,0 days 00:00:03.768845,95.87536588143665,55.299458687015374,72.42150697754593,-43.58816881210519,57.81987701187676,55.02851939478226,97.56334160248186,41.133084677436365,28.639260464918667,39.52013329522841,34.152312544435965,29.0852973755911,-46.90652444233075,50.114974794481746,96.47476355964766,88.71757810452083,36.86365975592772,27.75925202337995,Unattained target,GPSampler,"{'sLegPt.rL0': 50.114974794481746, 'sLegPt.lL0': 39.52013329522841, 'sLegPt.rL1': 96.47476355964766, 'sLegPt.lL1': 34.152312544435965, 'sLegPt.x1': 36.86365975592772, 'sLegPt.y1': 27.75925202337995, 'sLegPt.rA1': -46.90652444233075, 'sLegPt.rL2': 88.71757810452083, 'sLegPt.lL2': 29.0852973755911, 'lLegPt.rL0': 57.81987701187676, 'lLegPt.lL0': 95.87536588143665, 'lLegPt.rL1': 55.02851939478226, 'lLegPt.lL1': 55.299458687015374, 'lLegPt.x1': 41.133084677436365, 'lLegPt.y1': 28.639260464918667, 'lLegPt.rA1': -43.58816881210519, 'lLegPt.rL2': 97.56334160248186, 'lLegPt.lL2': 72.42150697754593}",PRUNED
210,210,5.52107734151604,2026-04-14 15:34:22.482019,2026-04-14 15:34:26.545864,0 days 00:00:04.063845,80.0287911362397,58.01576742233278,64.7864823686217,-49.114764951452045,92.3054902232165,55.336684161810176,40.95671152638974,34.81937257411359,14.796326549497604,74.8800270721531,84.7104182663322,60.86998813652915,-31.774135142119547,27.74385042138047,82.71689035161454,49.02681405699821,35.90638384575761,16.935596950820205,Unattained target,GPSampler,,PRUNED
211,211,5.521076925439555,2026-04-14 15:34:26.694757,2026-04-14 15:34:31.034760,0 days 00:00:04.340003,80.0287911362397,58.01576742233278,64.7864823686217,-49.114764951452045,92.3054902232165,55.336684161810176,40.95671152638974,34.81937257411359,14.796326549497604,74.8800270721531,84.7104182663322,60.86998813652915,-31.774135142119547,27.74385042138047,82.71689035161454,49.02681405699821,35.90638384575761,16.935596950820205,Unattained target,GPSampler,"{'sLegPt.rL0': 27.74385042138047, 'sLegPt.lL0': 74.8800270721531, 'sLegPt.rL1': 82.71689035161454, 'sLegPt.lL1': 84.7104182663322, 'sLegPt.x1': 35.90638384575761, 'sLegPt.y1': 16.935596950820205, 'sLegPt.rA1': -31.774135142119547, 'sLegPt.rL2': 49.02681405699821, 'sLegPt.lL2': 60.86998813652915, 'lLegPt.rL0': 92.3054902232165, 'lLegPt.lL0': 80.0287911362397, 'lLegPt.rL1': 55.336684161810176, 'lLegPt.lL1': 58.01576742233278, 'lLegPt.x1': 34.81937257411359, 'lLegPt.y1': 14.796326549497604, 'lLegPt.rA1': -49.114764951452045, 'lLegPt.rL2': 40.95671152638974, 'lLegPt.lL2': 64.7864823686217}",PRUNED
212,212,5.521077276466979,2026-04-14 15:34:31.213053,2026-04-14 15:34:35.038828,0 days 00:00:03.825775,80.0287911362397,58.01576742233278,64.7864823686217,-49.114764951452045,92.3054902232165,55.336684161810176,40.95671152638974,34.81937257411359,14.796326549497604,74.8800270721531,84.7104182663322,60.86998813652915,-31.774135142119547,27.74385042138047,82.71689035161454,49.02681405699821,35.90638384575761,16.935596950820205,Unattained target,GPSampler,"{'sLegPt.rL0': 27.74385042138047, 'sLegPt.lL0': 74.8800270721531, 'sLegPt.rL1': 82.71689035161454, 'sLegPt.lL1': 84.7104182663322, 'sLegPt.x1': 35.90638384575761, 'sLegPt.y1': 16.935596950820205, 'sLegPt.rA1': -31.774135142119547, 'sLegPt.rL2': 49.02681405699821, 'sLegPt.lL2': 60.86998813652915, 'lLegPt.rL0': 92.3054902232165, 'lLegPt.lL0': 80.0287911362397, 'lLegPt.rL1': 55.336684161810176, 'lLegPt.lL1': 58.01576742233278, 'lLegPt.x1': 34.81937257411359, 'lLegPt.y1': 14.796326549497604, 'lLegPt.rA1': -49.114764951452045, 'lLegPt.rL2': 40.95671152638974, 'lLegPt.lL2': 64.7864823686217}",PRUNED
213,213,7.079830123032771,2026-04-14 15:34:35.183140,2026-04-14 15:34:39.076609,0 days 00:00:03.893469,76.78853868280154,30.79880170244403,57.958063991272994,-72.93248703261932,91.8780972655093,88.71063668922571,30.790545015480866,33.07079385077544,19.781006855863886,20.807581926812084,85.5456924968499,66.50565623622758,-30.211115861410775,72.73716272113002,77.3095500828517,66.93797159230684,43.14466335140473,17.156523828564154,Unattained target,GPSampler,,PRUNED
214,214,7.079829055561589,2026-04-14 15:34:39.217387,2026-04-14 15:34:43.186405,0 days 00:00:03.969018,76.78853868280154,30.79880170244403,57.958063991272994,-72.93248703261932,91.8780972655093,88.71063668922571,30.790545015480866,33.07079385077544,19.781006855863886,20.807581926812084,85.5456924968499,66.50565623622758,-30.211115861410775,72.73716272113002,77.3095500828517,66.93797159230684,43.14466335140473,17.156523828564154,Unattained target,GPSampler,"{'sLegPt.rL0': 72.73716272113002, 'sLegPt.lL0': 20.807581926812084, 'sLegPt.rL1': 77.3095500828517, 'sLegPt.lL1': 85.5456924968499, 'sLegPt.x1': 43.14466335140473, 'sLegPt.y1': 17.156523828564154, 'sLegPt.rA1': -30.211115861410775, 'sLegPt.rL2': 66.93797159230684, 'sLegPt.lL2': 66.50565623622758, 'lLegPt.rL0': 91.8780972655093, 'lLegPt.lL0': 76.78853868280154, 'lLegPt.rL1': 88.71063668922571, 'lLegPt.lL1': 30.79880170244403, 'lLegPt.x1': 33.07079385077544, 'lLegPt.y1': 19.781006855863886, 'lLegPt.rA1': -72.93248703261932, 'lLegPt.rL2': 30.790545015480866, 'lLegPt.lL2': 57.958063991272994}",PRUNED
215,215,7.079828086104484,2026-04-14 15:34:43.347885,2026-04-14 15:34:47.055563,0 days 00:00:03.707678,76.78853868280154,30.79880170244403,57.958063991272994,-72.93248703261932,91.8780972655093,88.71063668922571,30.790545015480866,33.07079385077544,19.781006855863886,20.807581926812084,85.5456924968499,66.50565623622758,-30.211115861410775,72.73716272113002,77.3095500828517,66.93797159230684,43.14466335140473,17.156523828564154,Unattained target,GPSampler,"{'sLegPt.rL0': 72.73716272113002, 'sLegPt.lL0': 20.807581926812084, 'sLegPt.rL1': 77.3095500828517, 'sLegPt.lL1': 85.5456924968499, 'sLegPt.x1': 43.14466335140473, 'sLegPt.y1': 17.156523828564154, 'sLegPt.rA1': -30.211115861410775, 'sLegPt.rL2': 66.93797159230684, 'sLegPt.lL2': 66.50565623622758, 'lLegPt.rL0': 91.8780972655093, 'lLegPt.lL0': 76.78853868280154, 'lLegPt.rL1': 88.71063668922571, 'lLegPt.lL1': 30.79880170244403, 'lLegPt.x1': 33.07079385077544, 'lLegPt.y1': 19.781006855863886, 'lLegPt.rA1': -72.93248703261932, 'lLegPt.rL2': 30.790545015480866, 'lLegPt.lL2': 57.958063991272994}",PRUNED
216,216,5.1144366505393535,2026-04-14 15:34:47.198299,2026-04-14 15:34:53.130089,0 days 00:00:05.931790,61.611474396312175,14.1248520781218,68.73256800608056,-46.70214052397405,50.729498962526314,26.4268287627015,70.20246249112743,37.000863368804545,29.861275977472644,51.06835941429041,19.72297185254662,92.66053008529732,-58.03932462690288,76.54273754590518,62.21359567983998,93.36133946038142,35.15501575951177,17.01877255580985,Unattained target,GPSampler,,PRUNED
217,217,5.11475899334075,2026-04-14 15:34:53.282435,2026-04-14 15:34:59.496544,0 days 00:00:06.214109,61.611474396312175,14.1248520781218,68.73256800608056,-46.70214052397405,50.729498962526314,26.4268287627015,70.20246249112743,37.000863368804545,29.861275977472644,51.06835941429041,19.72297185254662,92.66053008529732,-58.03932462690288,76.54273754590518,62.21359567983998,93.36133946038142,35.15501575951177,17.01877255580985,Unattained target,GPSampler,"{'sLegPt.rL0': 76.54273754590518, 'sLegPt.lL0': 51.06835941429041, 'sLegPt.rL1': 62.21359567983998, 'sLegPt.lL1': 19.72297185254662, 'sLegPt.x1': 35.15501575951177, 'sLegPt.y1': 17.01877255580985, 'sLegPt.rA1': -58.03932462690288, 'sLegPt.rL2': 93.36133946038142, 'sLegPt.lL2': 92.66053008529732, 'lLegPt.rL0': 50.729498962526314, 'lLegPt.lL0': 61.611474396312175, 'lLegPt.rL1': 26.4268287627015, 'lLegPt.lL1': 14.1248520781218, 'lLegPt.x1': 37.000863368804545, 'lLegPt.y1': 29.861275977472644, 'lLegPt.rA1': -46.70214052397405, 'lLegPt.rL2': 70.20246249112743, 'lLegPt.lL2': 68.73256800608056}",PRUNED
218,218,5.114552582533264,2026-04-14 15:34:59.650629,2026-04-14 15:35:05.838766,0 days 00:00:06.188137,61.611474396312175,14.1248520781218,68.73256800608056,-46.70214052397405,50.729498962526314,26.4268287627015,70.20246249112743,37.000863368804545,29.861275977472644,51.06835941429041,19.72297185254662,92.66053008529732,-58.03932462690288,76.54273754590518,62.21359567983998,93.36133946038142,35.15501575951177,17.01877255580985,Unattained target,GPSampler,"{'sLegPt.rL0': 76.54273754590518, 'sLegPt.lL0': 51.06835941429041, 'sLegPt.rL1': 62.21359567983998, 'sLegPt.lL1': 19.72297185254662, 'sLegPt.x1': 35.15501575951177, 'sLegPt.y1': 17.01877255580985, 'sLegPt.rA1': -58.03932462690288, 'sLegPt.rL2': 93.36133946038142, 'sLegPt.lL2': 92.66053008529732, 'lLegPt.rL0': 50.729498962526314, 'lLegPt.lL0': 61.611474396312175, 'lLegPt.rL1': 26.4268287627015, 'lLegPt.lL1': 14.1248520781218, 'lLegPt.x1': 37.000863368804545, 'lLegPt.y1': 29.861275977472644, 'lLegPt.rA1': -46.70214052397405, 'lLegPt.rL2': 70.20246249112743, 'lLegPt.lL2': 68.73256800608056}",PRUNED
219,219,7.667916748090178,2026-04-14 15:35:05.999211,2026-04-14 15:35:09.978298,0 days 00:00:03.979087,95.56388974629033,14.579406992323985,91.22898704984826,-46.17716578429333,79.83140315302109,29.02450331184512,73.15227250376448,30.868396697437714,23.593664647568108,84.73856344029208,53.11579625024295,62.19458169157923,-78.8297741104352,54.41881459354648,97.9282891946254,46.12556300330287,37.225708458002266,19.358266514416073,Unattained target,GPSampler,,PRUNED
