,number,value,datetime_start,datetime_complete,duration,params_lLegPt.lL0,params_lLegPt.lL1,params_lLegPt.lL2,params_lLegPt.rA1,params_lLegPt.rL0,params_lLegPt.rL1,params_lLegPt.rL2,params_lLegPt.x1,params_lLegPt.y1,params_sLegPt.lL0,params_sLegPt.lL1,params_sLegPt.lL2,params_sLegPt.rA1,params_sLegPt.rL0,params_sLegPt.rL1,params_sLegPt.rL2,params_sLegPt.x1,params_sLegPt.y1,user_attrs_prune,system_attrs_auto:sampler,system_attrs_fixed_params,state
509,509,8.182358233399206,2026-04-14 15:57:10.434963,2026-04-14 15:57:14.293328,0 days 00:00:03.858365,21.462107526325223,96.53804291257066,52.016731583403185,-23.899981401521288,40.26836014109253,27.252663279517282,40.03545548512443,36.28516928098088,14.92168098241702,98.68140129615685,66.91707894838862,95.02241502392235,-68.02790325240194,95.80881831491715,19.544266278390182,83.73004459542713,44.61307199330144,20.81686356649186,Unattained target,GPSampler,"{'sLegPt.rL0': 95.80881831491715, 'sLegPt.lL0': 98.68140129615685, 'sLegPt.rL1': 19.544266278390182, 'sLegPt.lL1': 66.91707894838862, 'sLegPt.x1': 44.61307199330144, 'sLegPt.y1': 20.81686356649186, 'sLegPt.rA1': -68.02790325240194, 'sLegPt.rL2': 83.73004459542713, 'sLegPt.lL2': 95.02241502392235, 'lLegPt.rL0': 40.26836014109253, 'lLegPt.lL0': 21.462107526325223, 'lLegPt.rL1': 27.252663279517282, 'lLegPt.lL1': 96.53804291257066, 'lLegPt.x1': 36.28516928098088, 'lLegPt.y1': 14.92168098241702, 'lLegPt.rA1': -23.899981401521288, 'lLegPt.rL2': 40.03545548512443, 'lLegPt.lL2': 52.016731583403185}",PRUNED
510,510,8.182358559689078,2026-04-14 15:57:14.463548,2026-04-14 15:57:18.300132,0 days 00:00:03.836584,21.462107526325223,96.53804291257066,52.016731583403185,-23.899981401521288,40.26836014109253,27.252663279517282,40.03545548512443,36.28516928098088,14.92168098241702,98.68140129615685,66.91707894838862,95.02241502392235,-68.02790325240194,95.80881831491715,19.544266278390182,83.73004459542713,44.61307199330144,20.81686356649186,Unattained target,GPSampler,"{'sLegPt.rL0': 95.80881831491715, 'sLegPt.lL0': 98.68140129615685, 'sLegPt.rL1': 19.544266278390182, 'sLegPt.lL1': 66.91707894838862, 'sLegPt.x1': 44.61307199330144, 'sLegPt.y1': 20.81686356649186, 'sLegPt.rA1': -68.02790325240194, 'sLegPt.rL2': 83.73004459542713, 'sLegPt.lL2': 95.02241502392235, 'lLegPt.rL0': 40.26836014109253, 'lLegPt.lL0': 21.462107526325223, 'lLegPt.rL1': 27.252663279517282, 'lLegPt.lL1': 96.53804291257066, 'lLegPt.x1': 36.28516928098088, 'lLegPt.y1': 14.92168098241702, 'lLegPt.rA1': -23.899981401521288, 'lLegPt.rL2': 40.03545548512443, 'lLegPt.lL2': 52.016731583403185}",PRUNED
511,511,6.0444863679897125,2026-04-14 15:57:18.460524,2026-04-14 15:57:22.220241,0 days 00:00:03.759717,58.161911741939285,93.34486902530685,85.4923448682948,-31.607491227296634,35.31099966156438,95.15864226194712,34.27786317405797,47.132505788395925,18.971168417386433,18.934575189609387,32.818020917768635,38.81161676662104,-67.30078248529546,47.884299130009424,61.70997389424308,64.41465510667247,35.424405699118374,24.251086324586545,Unattained target,GPSampler,,PRUNED
512,512,6.044485649611261,2026-04-14 15:57:22.376450,2026-04-14 15:57:26.211823,0 days 00:00:03.835373,58.161911741939285,93.34486902530685,85.4923448682948,-31.607491227296634,35.31099966156438,95.15864226194712,34.27786317405797,47.132505788395925,18.971168417386433,18.934575189609387,32.818020917768635,38.81161676662104,-67.30078248529546,47.884299130009424,61.70997389424308,64.41465510667247,35.424405699118374,24.251086324586545,Unattained target,GPSampler,"{'sLegPt.rL0': 47.884299130009424, 'sLegPt.lL0': 18.934575189609387, 'sLegPt.rL1': 61.70997389424308, 'sLegPt.lL1': 32.818020917768635, 'sLegPt.x1': 35.424405699118374, 'sLegPt.y1': 24.251086324586545, 'sLegPt.rA1': -67.30078248529546, 'sLegPt.rL2': 64.41465510667247, 'sLegPt.lL2': 38.81161676662104, 'lLegPt.rL0': 35.31099966156438, 'lLegPt.lL0': 58.161911741939285, 'lLegPt.rL1': 95.15864226194712, 'lLegPt.lL1': 93.34486902530685, 'lLegPt.x1': 47.132505788395925, 'lLegPt.y1': 18.971168417386433, 'lLegPt.rA1': -31.607491227296634, 'lLegPt.rL2': 34.27786317405797, 'lLegPt.lL2': 85.4923448682948}",PRUNED
513,513,6.044485695265415,2026-04-14 15:57:26.367200,2026-04-14 15:57:30.111803,0 days 00:00:03.744603,58.161911741939285,93.34486902530685,85.4923448682948,-31.607491227296634,35.31099966156438,95.15864226194712,34.27786317405797,47.132505788395925,18.971168417386433,18.934575189609387,32.818020917768635,38.81161676662104,-67.30078248529546,47.884299130009424,61.70997389424308,64.41465510667247,35.424405699118374,24.251086324586545,Unattained target,GPSampler,"{'sLegPt.rL0': 47.884299130009424, 'sLegPt.lL0': 18.934575189609387, 'sLegPt.rL1': 61.70997389424308, 'sLegPt.lL1': 32.818020917768635, 'sLegPt.x1': 35.424405699118374, 'sLegPt.y1': 24.251086324586545, 'sLegPt.rA1': -67.30078248529546, 'sLegPt.rL2': 64.41465510667247, 'sLegPt.lL2': 38.81161676662104, 'lLegPt.rL0': 35.31099966156438, 'lLegPt.lL0': 58.161911741939285, 'lLegPt.rL1': 95.15864226194712, 'lLegPt.lL1': 93.34486902530685, 'lLegPt.x1': 47.132505788395925, 'lLegPt.y1': 18.971168417386433, 'lLegPt.rA1': -31.607491227296634, 'lLegPt.rL2': 34.27786317405797, 'lLegPt.lL2': 85.4923448682948}",PRUNED
514,514,7.542454691723073,2026-04-14 15:57:30.270393,2026-04-14 15:57:34.064884,0 days 00:00:03.794491,69.59824980369066,36.5785968984932,65.03858548897625,-36.31188124789107,44.15555152799163,94.89733812310796,33.824138522266836,38.64061074038254,28.21057550977557,78.7646768163895,42.675829622916055,19.42783299083092,-22.76839835910996,21.612702289827165,72.04616697783555,95.80014984684547,47.68211520487428,19.91436066123526,Unattained target,GPSampler,,PRUNED
515,515,7.542454749784206,2026-04-14 15:57:34.223859,2026-04-14 15:57:38.197964,0 days 00:00:03.974105,69.59824980369066,36.5785968984932,65.03858548897625,-36.31188124789107,44.15555152799163,94.89733812310796,33.824138522266836,38.64061074038254,28.21057550977557,78.7646768163895,42.675829622916055,19.42783299083092,-22.76839835910996,21.612702289827165,72.04616697783555,95.80014984684547,47.68211520487428,19.91436066123526,Unattained target,GPSampler,"{'sLegPt.rL0': 21.612702289827165, 'sLegPt.lL0': 78.7646768163895, 'sLegPt.rL1': 72.04616697783555, 'sLegPt.lL1': 42.675829622916055, 'sLegPt.x1': 47.68211520487428, 'sLegPt.y1': 19.91436066123526, 'sLegPt.rA1': -22.76839835910996, 'sLegPt.rL2': 95.80014984684547, 'sLegPt.lL2': 19.42783299083092, 'lLegPt.rL0': 44.15555152799163, 'lLegPt.lL0': 69.59824980369066, 'lLegPt.rL1': 94.89733812310796, 'lLegPt.lL1': 36.5785968984932, 'lLegPt.x1': 38.64061074038254, 'lLegPt.y1': 28.21057550977557, 'lLegPt.rA1': -36.31188124789107, 'lLegPt.rL2': 33.824138522266836, 'lLegPt.lL2': 65.03858548897625}",PRUNED
516,516,7.542454851844049,2026-04-14 15:57:38.361220,2026-04-14 15:57:42.204680,0 days 00:00:03.843460,69.59824980369066,36.5785968984932,65.03858548897625,-36.31188124789107,44.15555152799163,94.89733812310796,33.824138522266836,38.64061074038254,28.21057550977557,78.7646768163895,42.675829622916055,19.42783299083092,-22.76839835910996,21.612702289827165,72.04616697783555,95.80014984684547,47.68211520487428,19.91436066123526,Unattained target,GPSampler,"{'sLegPt.rL0': 21.612702289827165, 'sLegPt.lL0': 78.7646768163895, 'sLegPt.rL1': 72.04616697783555, 'sLegPt.lL1': 42.675829622916055, 'sLegPt.x1': 47.68211520487428, 'sLegPt.y1': 19.91436066123526, 'sLegPt.rA1': -22.76839835910996, 'sLegPt.rL2': 95.80014984684547, 'sLegPt.lL2': 19.42783299083092, 'lLegPt.rL0': 44.15555152799163, 'lLegPt.lL0': 69.59824980369066, 'lLegPt.rL1': 94.89733812310796, 'lLegPt.lL1': 36.5785968984932, 'lLegPt.x1': 38.64061074038254, 'lLegPt.y1': 28.21057550977557, 'lLegPt.rA1': -36.31188124789107, 'lLegPt.rL2': 33.824138522266836, 'lLegPt.lL2': 65.03858548897625}",PRUNED
517,517,5.256819021218099,2026-04-14 15:57:42.379206,2026-04-14 15:57:50.698880,0 days 00:00:08.319674,32.20232024175884,54.848772743733825,44.28959915274226,-68.09689676805861,59.37946414464553,15.153697385099823,14.515584722172703,33.36260484482048,18.929894363544598,30.19457453683126,60.74605046004742,24.3167954188974,-20.646463141424753,55.200980137746356,47.585182330900174,55.55458017559675,31.752554485804044,28.0170056201527,Unattained target,GPSampler,,PRUNED
518,518,5.25685062772002,2026-04-14 15:57:50.853003,2026-04-14 15:57:59.707993,0 days 00:00:08.854990,32.20232024175884,54.848772743733825,44.28959915274226,-68.09689676805861,59.37946414464553,15.153697385099823,14.515584722172703,33.36260484482048,18.929894363544598,30.19457453683126,60.74605046004742,24.3167954188974,-20.646463141424753,55.200980137746356,47.585182330900174,55.55458017559675,31.752554485804044,28.0170056201527,Unattained target,GPSampler,"{'sLegPt.rL0': 55.200980137746356, 'sLegPt.lL0': 30.19457453683126, 'sLegPt.rL1': 47.585182330900174, 'sLegPt.lL1': 60.74605046004742, 'sLegPt.x1': 31.752554485804044, 'sLegPt.y1': 28.0170056201527, 'sLegPt.rA1': -20.646463141424753, 'sLegPt.rL2': 55.55458017559675, 'sLegPt.lL2': 24.3167954188974, 'lLegPt.rL0': 59.37946414464553, 'lLegPt.lL0': 32.20232024175884, 'lLegPt.rL1': 15.153697385099823, 'lLegPt.lL1': 54.848772743733825, 'lLegPt.x1': 33.36260484482048, 'lLegPt.y1': 18.929894363544598, 'lLegPt.rA1': -68.09689676805861, 'lLegPt.rL2': 14.515584722172703, 'lLegPt.lL2': 44.28959915274226}",PRUNED
519,519,5.25591986103926,2026-04-14 15:57:59.878889,2026-04-14 15:58:08.184371,0 days 00:00:08.305482,32.20232024175884,54.848772743733825,44.28959915274226,-68.09689676805861,59.37946414464553,15.153697385099823,14.515584722172703,33.36260484482048,18.929894363544598,30.19457453683126,60.74605046004742,24.3167954188974,-20.646463141424753,55.200980137746356,47.585182330900174,55.55458017559675,31.752554485804044,28.0170056201527,Unattained target,GPSampler,"{'sLegPt.rL0': 55.200980137746356, 'sLegPt.lL0': 30.19457453683126, 'sLegPt.rL1': 47.585182330900174, 'sLegPt.lL1': 60.74605046004742, 'sLegPt.x1': 31.752554485804044, 'sLegPt.y1': 28.0170056201527, 'sLegPt.rA1': -20.646463141424753, 'sLegPt.rL2': 55.55458017559675, 'sLegPt.lL2': 24.3167954188974, 'lLegPt.rL0': 59.37946414464553, 'lLegPt.lL0': 32.20232024175884, 'lLegPt.rL1': 15.153697385099823, 'lLegPt.lL1': 54.848772743733825, 'lLegPt.x1': 33.36260484482048, 'lLegPt.y1': 18.929894363544598, 'lLegPt.rA1': -68.09689676805861, 'lLegPt.rL2': 14.515584722172703, 'lLegPt.lL2': 44.28959915274226}",PRUNED
520,520,6.857603410845265,2026-04-14 15:58:08.348282,2026-04-14 15:58:12.218026,0 days 00:00:03.869744,99.25894306894043,29.956665067405428,29.10477717638298,-33.68350693070404,59.38008165958134,50.32126669503837,17.83897600390999,41.98120527150309,14.678055005121449,88.70006863963846,85.32846986413828,48.558937891372196,-38.042548884290994,42.4834382659449,20.823724448693063,19.7417624210391,34.00009406646069,24.759725313628973,Unattained target,GPSampler,,PRUNED
521,521,6.8576034140787385,2026-04-14 15:58:12.389163,2026-04-14 15:58:15.993059,0 days 00:00:03.603896,99.25894306894043,29.956665067405428,29.10477717638298,-33.68350693070404,59.38008165958134,50.32126669503837,17.83897600390999,41.98120527150309,14.678055005121449,88.70006863963846,85.32846986413828,48.558937891372196,-38.042548884290994,42.4834382659449,20.823724448693063,19.7417624210391,34.00009406646069,24.759725313628973,Unattained target,GPSampler,"{'sLegPt.rL0': 42.4834382659449, 'sLegPt.lL0': 88.70006863963846, 'sLegPt.rL1': 20.823724448693063, 'sLegPt.lL1': 85.32846986413828, 'sLegPt.x1': 34.00009406646069, 'sLegPt.y1': 24.759725313628973, 'sLegPt.rA1': -38.042548884290994, 'sLegPt.rL2': 19.7417624210391, 'sLegPt.lL2': 48.558937891372196, 'lLegPt.rL0': 59.38008165958134, 'lLegPt.lL0': 99.25894306894043, 'lLegPt.rL1': 50.32126669503837, 'lLegPt.lL1': 29.956665067405428, 'lLegPt.x1': 41.98120527150309, 'lLegPt.y1': 14.678055005121449, 'lLegPt.rA1': -33.68350693070404, 'lLegPt.rL2': 17.83897600390999, 'lLegPt.lL2': 29.10477717638298}",PRUNED
522,522,6.857603388064337,2026-04-14 15:58:16.158813,2026-04-14 15:58:19.949991,0 days 00:00:03.791178,99.25894306894043,29.956665067405428,29.10477717638298,-33.68350693070404,59.38008165958134,50.32126669503837,17.83897600390999,41.98120527150309,14.678055005121449,88.70006863963846,85.32846986413828,48.558937891372196,-38.042548884290994,42.4834382659449,20.823724448693063,19.7417624210391,34.00009406646069,24.759725313628973,Unattained target,GPSampler,"{'sLegPt.rL0': 42.4834382659449, 'sLegPt.lL0': 88.70006863963846, 'sLegPt.rL1': 20.823724448693063, 'sLegPt.lL1': 85.32846986413828, 'sLegPt.x1': 34.00009406646069, 'sLegPt.y1': 24.759725313628973, 'sLegPt.rA1': -38.042548884290994, 'sLegPt.rL2': 19.7417624210391, 'sLegPt.lL2': 48.558937891372196, 'lLegPt.rL0': 59.38008165958134, 'lLegPt.lL0': 99.25894306894043, 'lLegPt.rL1': 50.32126669503837, 'lLegPt.lL1': 29.956665067405428, 'lLegPt.x1': 41.98120527150309, 'lLegPt.y1': 14.678055005121449, 'lLegPt.rA1': -33.68350693070404, 'lLegPt.rL2': 17.83897600390999, 'lLegPt.lL2': 29.10477717638298}",PRUNED
523,523,5.3590610822459865,2026-04-14 15:58:20.112392,2026-04-14 15:58:24.068787,0 days 00:00:03.956395,95.35439952648711,27.60816586282611,67.13748484681832,-20.995054166938502,24.938559355081303,74.71016215532777,19.90822801364024,38.03891953492212,26.499314454463217,92.47972341210465,18.709351014496796,14.984188753903044,-32.321735945792746,69.41281145214566,89.77333440836678,84.59692369693911,44.196974328131574,15.836539686126072,Unattained target,GPSampler,,PRUNED
524,524,5.359063934415936,2026-04-14 15:58:24.242041,2026-04-14 15:58:28.078333,0 days 00:00:03.836292,95.35439952648711,27.60816586282611,67.13748484681832,-20.995054166938502,24.938559355081303,74.71016215532777,19.90822801364024,38.03891953492212,26.499314454463217,92.47972341210465,18.709351014496796,14.984188753903044,-32.321735945792746,69.41281145214566,89.77333440836678,84.59692369693911,44.196974328131574,15.836539686126072,Unattained target,GPSampler,"{'sLegPt.rL0': 69.41281145214566, 'sLegPt.lL0': 92.47972341210465, 'sLegPt.rL1': 89.77333440836678, 'sLegPt.lL1': 18.709351014496796, 'sLegPt.x1': 44.196974328131574, 'sLegPt.y1': 15.836539686126072, 'sLegPt.rA1': -32.321735945792746, 'sLegPt.rL2': 84.59692369693911, 'sLegPt.lL2': 14.984188753903044, 'lLegPt.rL0': 24.938559355081303, 'lLegPt.lL0': 95.35439952648711, 'lLegPt.rL1': 74.71016215532777, 'lLegPt.lL1': 27.60816586282611, 'lLegPt.x1': 38.03891953492212, 'lLegPt.y1': 26.499314454463217, 'lLegPt.rA1': -20.995054166938502, 'lLegPt.rL2': 19.90822801364024, 'lLegPt.lL2': 67.13748484681832}",PRUNED
525,525,5.3590662944433305,2026-04-14 15:58:28.252269,2026-04-14 15:58:32.065845,0 days 00:00:03.813576,95.35439952648711,27.60816586282611,67.13748484681832,-20.995054166938502,24.938559355081303,74.71016215532777,19.90822801364024,38.03891953492212,26.499314454463217,92.47972341210465,18.709351014496796,14.984188753903044,-32.321735945792746,69.41281145214566,89.77333440836678,84.59692369693911,44.196974328131574,15.836539686126072,Unattained target,GPSampler,"{'sLegPt.rL0': 69.41281145214566, 'sLegPt.lL0': 92.47972341210465, 'sLegPt.rL1': 89.77333440836678, 'sLegPt.lL1': 18.709351014496796, 'sLegPt.x1': 44.196974328131574, 'sLegPt.y1': 15.836539686126072, 'sLegPt.rA1': -32.321735945792746, 'sLegPt.rL2': 84.59692369693911, 'sLegPt.lL2': 14.984188753903044, 'lLegPt.rL0': 24.938559355081303, 'lLegPt.lL0': 95.35439952648711, 'lLegPt.rL1': 74.71016215532777, 'lLegPt.lL1': 27.60816586282611, 'lLegPt.x1': 38.03891953492212, 'lLegPt.y1': 26.499314454463217, 'lLegPt.rA1': -20.995054166938502, 'lLegPt.rL2': 19.90822801364024, 'lLegPt.lL2': 67.13748484681832}",PRUNED
526,526,5.4123726550603095,2026-04-14 15:58:32.222633,2026-04-14 15:58:35.940111,0 days 00:00:03.717478,55.9111758470212,34.045293853464884,98.14473251233181,-33.06656768460175,21.483876687028648,67.30587675617755,46.61129178827772,44.17597163223102,18.55246038281199,16.537651589825273,50.11469823095325,88.87723907747556,-55.48331037483945,11.09359847775584,78.70243103906382,79.51335253202389,44.24321989089414,24.144923505296205,Unattained target,GPSampler,,PRUNED
527,527,5.41237241686607,2026-04-14 15:58:36.113019,2026-04-14 15:58:40.107553,0 days 00:00:03.994534,55.9111758470212,34.045293853464884,98.14473251233181,-33.06656768460175,21.483876687028648,67.30587675617755,46.61129178827772,44.17597163223102,18.55246038281199,16.537651589825273,50.11469823095325,88.87723907747556,-55.48331037483945,11.09359847775584,78.70243103906382,79.51335253202389,44.24321989089414,24.144923505296205,Unattained target,GPSampler,"{'sLegPt.rL0': 11.09359847775584, 'sLegPt.lL0': 16.537651589825273, 'sLegPt.rL1': 78.70243103906382, 'sLegPt.lL1': 50.11469823095325, 'sLegPt.x1': 44.24321989089414, 'sLegPt.y1': 24.144923505296205, 'sLegPt.rA1': -55.48331037483945, 'sLegPt.rL2': 79.51335253202389, 'sLegPt.lL2': 88.87723907747556, 'lLegPt.rL0': 21.483876687028648, 'lLegPt.lL0': 55.9111758470212, 'lLegPt.rL1': 67.30587675617755, 'lLegPt.lL1': 34.045293853464884, 'lLegPt.x1': 44.17597163223102, 'lLegPt.y1': 18.55246038281199, 'lLegPt.rA1': -33.06656768460175, 'lLegPt.rL2': 46.61129178827772, 'lLegPt.lL2': 98.14473251233181}",PRUNED
528,528,5.412372349300259,2026-04-14 15:58:40.279314,2026-04-14 15:58:43.864453,0 days 00:00:03.585139,55.9111758470212,34.045293853464884,98.14473251233181,-33.06656768460175,21.483876687028648,67.30587675617755,46.61129178827772,44.17597163223102,18.55246038281199,16.537651589825273,50.11469823095325,88.87723907747556,-55.48331037483945,11.09359847775584,78.70243103906382,79.51335253202389,44.24321989089414,24.144923505296205,Unattained target,GPSampler,"{'sLegPt.rL0': 11.09359847775584, 'sLegPt.lL0': 16.537651589825273, 'sLegPt.rL1': 78.70243103906382, 'sLegPt.lL1': 50.11469823095325, 'sLegPt.x1': 44.24321989089414, 'sLegPt.y1': 24.144923505296205, 'sLegPt.rA1': -55.48331037483945, 'sLegPt.rL2': 79.51335253202389, 'sLegPt.lL2': 88.87723907747556, 'lLegPt.rL0': 21.483876687028648, 'lLegPt.lL0': 55.9111758470212, 'lLegPt.rL1': 67.30587675617755, 'lLegPt.lL1': 34.045293853464884, 'lLegPt.x1': 44.17597163223102, 'lLegPt.y1': 18.55246038281199, 'lLegPt.rA1': -33.06656768460175, 'lLegPt.rL2': 46.61129178827772, 'lLegPt.lL2': 98.14473251233181}",PRUNED
529,529,9.247261791548958,2026-04-14 15:58:44.032255,2026-04-14 15:58:47.873863,0 days 00:00:03.841608,12.063441108639601,97.65469767794728,78.03660789719815,-29.853138822987255,60.540080282920634,30.062193968116784,50.397655594283954,49.73045208836878,20.9549951618002,45.99320363870311,18.639083808669383,67.8618585425859,-65.1933465971359,87.50077263020827,52.54686888334157,78.13239786834897,36.38550684718654,20.249910313797173,Unattained target,GPSampler,,PRUNED
530,530,9.247261637081394,2026-04-14 15:58:48.044684,2026-04-14 15:58:51.958148,0 days 00:00:03.913464,12.063441108639601,97.65469767794728,78.03660789719815,-29.853138822987255,60.540080282920634,30.062193968116784,50.397655594283954,49.73045208836878,20.9549951618002,45.99320363870311,18.639083808669383,67.8618585425859,-65.1933465971359,87.50077263020827,52.54686888334157,78.13239786834897,36.38550684718654,20.249910313797173,Unattained target,GPSampler,"{'sLegPt.rL0': 87.50077263020827, 'sLegPt.lL0': 45.99320363870311, 'sLegPt.rL1': 52.54686888334157, 'sLegPt.lL1': 18.639083808669383, 'sLegPt.x1': 36.38550684718654, 'sLegPt.y1': 20.249910313797173, 'sLegPt.rA1': -65.1933465971359, 'sLegPt.rL2': 78.13239786834897, 'sLegPt.lL2': 67.8618585425859, 'lLegPt.rL0': 60.540080282920634, 'lLegPt.lL0': 12.063441108639601, 'lLegPt.rL1': 30.062193968116784, 'lLegPt.lL1': 97.65469767794728, 'lLegPt.x1': 49.73045208836878, 'lLegPt.y1': 20.9549951618002, 'lLegPt.rA1': -29.853138822987255, 'lLegPt.rL2': 50.397655594283954, 'lLegPt.lL2': 78.03660789719815}",PRUNED
531,531,9.247261185760031,2026-04-14 15:58:52.122254,2026-04-14 15:58:56.037094,0 days 00:00:03.914840,12.063441108639601,97.65469767794728,78.03660789719815,-29.853138822987255,60.540080282920634,30.062193968116784,50.397655594283954,49.73045208836878,20.9549951618002,45.99320363870311,18.639083808669383,67.8618585425859,-65.1933465971359,87.50077263020827,52.54686888334157,78.13239786834897,36.38550684718654,20.249910313797173,Unattained target,GPSampler,"{'sLegPt.rL0': 87.50077263020827, 'sLegPt.lL0': 45.99320363870311, 'sLegPt.rL1': 52.54686888334157, 'sLegPt.lL1': 18.639083808669383, 'sLegPt.x1': 36.38550684718654, 'sLegPt.y1': 20.249910313797173, 'sLegPt.rA1': -65.1933465971359, 'sLegPt.rL2': 78.13239786834897, 'sLegPt.lL2': 67.8618585425859, 'lLegPt.rL0': 60.540080282920634, 'lLegPt.lL0': 12.063441108639601, 'lLegPt.rL1': 30.062193968116784, 'lLegPt.lL1': 97.65469767794728, 'lLegPt.x1': 49.73045208836878, 'lLegPt.y1': 20.9549951618002, 'lLegPt.rA1': -29.853138822987255, 'lLegPt.rL2': 50.397655594283954, 'lLegPt.lL2': 78.03660789719815}",PRUNED
532,532,13.320130130190208,2026-04-14 15:58:56.192442,2026-04-14 15:59:00.305865,0 days 00:00:04.113423,72.98899797929572,83.75141962707595,78.9723675118209,-72.63707752611178,10.025793378855017,72.21794780784347,19.909601556215456,31.077153689115526,28.991641485684173,69.2319984590477,91.99502179416835,95.90575575533454,-70.25230608252102,62.883738259015395,13.215304744671567,34.454166731462706,37.83190735645447,15.013241574672243,Unattained target,GPSampler,,PRUNED
