,number,value,datetime_start,datetime_complete,duration,params_lLegPt.lL0,params_lLegPt.lL1,params_lLegPt.lL2,params_lLegPt.rA1,params_lLegPt.rL0,params_lLegPt.rL1,params_lLegPt.rL2,params_lLegPt.x1,params_lLegPt.y1,params_sLegPt.lL0,params_sLegPt.lL1,params_sLegPt.lL2,params_sLegPt.rA1,params_sLegPt.rL0,params_sLegPt.rL1,params_sLegPt.rL2,params_sLegPt.x1,params_sLegPt.y1,user_attrs_prune,system_attrs_auto:sampler,system_attrs_fixed_params,state
413,413,5.241962335593559,2026-04-14 15:50:11.941705,2026-04-14 15:50:15.588392,0 days 00:00:03.646687,78.25772558315695,80.50307277676296,37.53545814622021,-39.343907224017244,78.42170484456241,90.22374947826022,70.92068431741181,39.36125562038197,25.67623578686931,51.62408584368213,97.14891931173206,13.36779564050022,-67.61717827167209,58.41692617909391,58.34552918985229,97.57113698677459,46.394449420319845,13.177481346736883,Unattained target,GPSampler,"{'sLegPt.rL0': 58.41692617909391, 'sLegPt.lL0': 51.62408584368213, 'sLegPt.rL1': 58.34552918985229, 'sLegPt.lL1': 97.14891931173206, 'sLegPt.x1': 46.394449420319845, 'sLegPt.y1': 13.177481346736883, 'sLegPt.rA1': -67.61717827167209, 'sLegPt.rL2': 97.57113698677459, 'sLegPt.lL2': 13.36779564050022, 'lLegPt.rL0': 78.42170484456241, 'lLegPt.lL0': 78.25772558315695, 'lLegPt.rL1': 90.22374947826022, 'lLegPt.lL1': 80.50307277676296, 'lLegPt.x1': 39.36125562038197, 'lLegPt.y1': 25.67623578686931, 'lLegPt.rA1': -39.343907224017244, 'lLegPt.rL2': 70.92068431741181, 'lLegPt.lL2': 37.53545814622021}",PRUNED
414,414,5.241962622620573,2026-04-14 15:50:15.738238,2026-04-14 15:50:19.596243,0 days 00:00:03.858005,78.25772558315695,80.50307277676296,37.53545814622021,-39.343907224017244,78.42170484456241,90.22374947826022,70.92068431741181,39.36125562038197,25.67623578686931,51.62408584368213,97.14891931173206,13.36779564050022,-67.61717827167209,58.41692617909391,58.34552918985229,97.57113698677459,46.394449420319845,13.177481346736883,Unattained target,GPSampler,"{'sLegPt.rL0': 58.41692617909391, 'sLegPt.lL0': 51.62408584368213, 'sLegPt.rL1': 58.34552918985229, 'sLegPt.lL1': 97.14891931173206, 'sLegPt.x1': 46.394449420319845, 'sLegPt.y1': 13.177481346736883, 'sLegPt.rA1': -67.61717827167209, 'sLegPt.rL2': 97.57113698677459, 'sLegPt.lL2': 13.36779564050022, 'lLegPt.rL0': 78.42170484456241, 'lLegPt.lL0': 78.25772558315695, 'lLegPt.rL1': 90.22374947826022, 'lLegPt.lL1': 80.50307277676296, 'lLegPt.x1': 39.36125562038197, 'lLegPt.y1': 25.67623578686931, 'lLegPt.rA1': -39.343907224017244, 'lLegPt.rL2': 70.92068431741181, 'lLegPt.lL2': 37.53545814622021}",PRUNED
415,415,8.85654565830351,2026-04-14 15:50:19.741497,2026-04-14 15:50:23.562863,0 days 00:00:03.821366,37.68780066715128,28.02758796503887,62.174237760450104,-58.34080245903252,38.08785924519151,89.4581921973754,19.91979241595491,34.144562804852406,13.370232957919557,21.92429579229184,48.75655589314692,92.41341145990697,-27.662616669646887,29.95910248568147,62.966514751620025,51.74966382392729,34.34461162318722,29.09963749746602,Unattained target,GPSampler,,PRUNED
416,416,8.856546416278974,2026-04-14 15:50:23.724881,2026-04-14 15:50:27.532047,0 days 00:00:03.807166,37.68780066715128,28.02758796503887,62.174237760450104,-58.34080245903252,38.08785924519151,89.4581921973754,19.91979241595491,34.144562804852406,13.370232957919557,21.92429579229184,48.75655589314692,92.41341145990697,-27.662616669646887,29.95910248568147,62.966514751620025,51.74966382392729,34.34461162318722,29.09963749746602,Unattained target,GPSampler,"{'sLegPt.rL0': 29.95910248568147, 'sLegPt.lL0': 21.92429579229184, 'sLegPt.rL1': 62.966514751620025, 'sLegPt.lL1': 48.75655589314692, 'sLegPt.x1': 34.34461162318722, 'sLegPt.y1': 29.09963749746602, 'sLegPt.rA1': -27.662616669646887, 'sLegPt.rL2': 51.74966382392729, 'sLegPt.lL2': 92.41341145990697, 'lLegPt.rL0': 38.08785924519151, 'lLegPt.lL0': 37.68780066715128, 'lLegPt.rL1': 89.4581921973754, 'lLegPt.lL1': 28.02758796503887, 'lLegPt.x1': 34.144562804852406, 'lLegPt.y1': 13.370232957919557, 'lLegPt.rA1': -58.34080245903252, 'lLegPt.rL2': 19.91979241595491, 'lLegPt.lL2': 62.174237760450104}",PRUNED
417,417,8.85654557787889,2026-04-14 15:50:27.715274,2026-04-14 15:50:31.554302,0 days 00:00:03.839028,37.68780066715128,28.02758796503887,62.174237760450104,-58.34080245903252,38.08785924519151,89.4581921973754,19.91979241595491,34.144562804852406,13.370232957919557,21.92429579229184,48.75655589314692,92.41341145990697,-27.662616669646887,29.95910248568147,62.966514751620025,51.74966382392729,34.34461162318722,29.09963749746602,Unattained target,GPSampler,"{'sLegPt.rL0': 29.95910248568147, 'sLegPt.lL0': 21.92429579229184, 'sLegPt.rL1': 62.966514751620025, 'sLegPt.lL1': 48.75655589314692, 'sLegPt.x1': 34.34461162318722, 'sLegPt.y1': 29.09963749746602, 'sLegPt.rA1': -27.662616669646887, 'sLegPt.rL2': 51.74966382392729, 'sLegPt.lL2': 92.41341145990697, 'lLegPt.rL0': 38.08785924519151, 'lLegPt.lL0': 37.68780066715128, 'lLegPt.rL1': 89.4581921973754, 'lLegPt.lL1': 28.02758796503887, 'lLegPt.x1': 34.144562804852406, 'lLegPt.y1': 13.370232957919557, 'lLegPt.rA1': -58.34080245903252, 'lLegPt.rL2': 19.91979241595491, 'lLegPt.lL2': 62.174237760450104}",PRUNED
418,418,7.0715604271627654,2026-04-14 15:50:31.696193,2026-04-14 15:50:35.604559,0 days 00:00:03.908366,13.818456059954373,39.41089543501717,21.360278326008782,-71.93380544217894,43.790454571015154,82.39485769412245,71.04629384572563,40.618068547402586,10.54097270471946,76.05815803762331,15.047833714568412,72.99931193687391,-41.47733100120671,97.05170567799257,46.398358793742176,43.101889231168165,39.31115585861719,22.192376741340954,Unattained target,GPSampler,,PRUNED
419,419,7.071560689611076,2026-04-14 15:50:35.774103,2026-04-14 15:50:39.702821,0 days 00:00:03.928718,13.818456059954373,39.41089543501717,21.360278326008782,-71.93380544217894,43.790454571015154,82.39485769412245,71.04629384572563,40.618068547402586,10.54097270471946,76.05815803762331,15.047833714568412,72.99931193687391,-41.47733100120671,97.05170567799257,46.398358793742176,43.101889231168165,39.31115585861719,22.192376741340954,Unattained target,GPSampler,"{'sLegPt.rL0': 97.05170567799257, 'sLegPt.lL0': 76.05815803762331, 'sLegPt.rL1': 46.398358793742176, 'sLegPt.lL1': 15.047833714568412, 'sLegPt.x1': 39.31115585861719, 'sLegPt.y1': 22.192376741340954, 'sLegPt.rA1': -41.47733100120671, 'sLegPt.rL2': 43.101889231168165, 'sLegPt.lL2': 72.99931193687391, 'lLegPt.rL0': 43.790454571015154, 'lLegPt.lL0': 13.818456059954373, 'lLegPt.rL1': 82.39485769412245, 'lLegPt.lL1': 39.41089543501717, 'lLegPt.x1': 40.618068547402586, 'lLegPt.y1': 10.54097270471946, 'lLegPt.rA1': -71.93380544217894, 'lLegPt.rL2': 71.04629384572563, 'lLegPt.lL2': 21.360278326008782}",PRUNED
420,420,7.071560487710819,2026-04-14 15:50:39.841412,2026-04-14 15:50:44.052941,0 days 00:00:04.211529,13.818456059954373,39.41089543501717,21.360278326008782,-71.93380544217894,43.790454571015154,82.39485769412245,71.04629384572563,40.618068547402586,10.54097270471946,76.05815803762331,15.047833714568412,72.99931193687391,-41.47733100120671,97.05170567799257,46.398358793742176,43.101889231168165,39.31115585861719,22.192376741340954,Unattained target,GPSampler,"{'sLegPt.rL0': 97.05170567799257, 'sLegPt.lL0': 76.05815803762331, 'sLegPt.rL1': 46.398358793742176, 'sLegPt.lL1': 15.047833714568412, 'sLegPt.x1': 39.31115585861719, 'sLegPt.y1': 22.192376741340954, 'sLegPt.rA1': -41.47733100120671, 'sLegPt.rL2': 43.101889231168165, 'sLegPt.lL2': 72.99931193687391, 'lLegPt.rL0': 43.790454571015154, 'lLegPt.lL0': 13.818456059954373, 'lLegPt.rL1': 82.39485769412245, 'lLegPt.lL1': 39.41089543501717, 'lLegPt.x1': 40.618068547402586, 'lLegPt.y1': 10.54097270471946, 'lLegPt.rA1': -71.93380544217894, 'lLegPt.rL2': 71.04629384572563, 'lLegPt.lL2': 21.360278326008782}",PRUNED
421,421,7.636045274969007,2026-04-14 15:50:44.226806,2026-04-14 15:50:48.391303,0 days 00:00:04.164497,31.234956768997368,51.44802943527716,73.65213256774592,-47.11446435162957,44.00862810714942,77.04515505799033,22.082699003621812,42.677294941280664,26.57532416512679,39.13164576651637,64.42473381131892,70.03160119692966,-43.3257334571549,67.58913760947277,88.04245566036776,67.39629645894642,39.51602784932937,19.625556357358928,Unattained target,GPSampler,,PRUNED
422,422,7.636045354485383,2026-04-14 15:50:48.620087,2026-04-14 15:50:53.280457,0 days 00:00:04.660370,31.234956768997368,51.44802943527716,73.65213256774592,-47.11446435162957,44.00862810714942,77.04515505799033,22.082699003621812,42.677294941280664,26.57532416512679,39.13164576651637,64.42473381131892,70.03160119692966,-43.3257334571549,67.58913760947277,88.04245566036776,67.39629645894642,39.51602784932937,19.625556357358928,Unattained target,GPSampler,"{'sLegPt.rL0': 67.58913760947277, 'sLegPt.lL0': 39.13164576651637, 'sLegPt.rL1': 88.04245566036776, 'sLegPt.lL1': 64.42473381131892, 'sLegPt.x1': 39.51602784932937, 'sLegPt.y1': 19.625556357358928, 'sLegPt.rA1': -43.3257334571549, 'sLegPt.rL2': 67.39629645894642, 'sLegPt.lL2': 70.03160119692966, 'lLegPt.rL0': 44.00862810714942, 'lLegPt.lL0': 31.234956768997368, 'lLegPt.rL1': 77.04515505799033, 'lLegPt.lL1': 51.44802943527716, 'lLegPt.x1': 42.677294941280664, 'lLegPt.y1': 26.57532416512679, 'lLegPt.rA1': -47.11446435162957, 'lLegPt.rL2': 22.082699003621812, 'lLegPt.lL2': 73.65213256774592}",PRUNED
423,423,7.636045482489429,2026-04-14 15:50:53.460482,2026-04-14 15:50:57.996199,0 days 00:00:04.535717,31.234956768997368,51.44802943527716,73.65213256774592,-47.11446435162957,44.00862810714942,77.04515505799033,22.082699003621812,42.677294941280664,26.57532416512679,39.13164576651637,64.42473381131892,70.03160119692966,-43.3257334571549,67.58913760947277,88.04245566036776,67.39629645894642,39.51602784932937,19.625556357358928,Unattained target,GPSampler,"{'sLegPt.rL0': 67.58913760947277, 'sLegPt.lL0': 39.13164576651637, 'sLegPt.rL1': 88.04245566036776, 'sLegPt.lL1': 64.42473381131892, 'sLegPt.x1': 39.51602784932937, 'sLegPt.y1': 19.625556357358928, 'sLegPt.rA1': -43.3257334571549, 'sLegPt.rL2': 67.39629645894642, 'sLegPt.lL2': 70.03160119692966, 'lLegPt.rL0': 44.00862810714942, 'lLegPt.lL0': 31.234956768997368, 'lLegPt.rL1': 77.04515505799033, 'lLegPt.lL1': 51.44802943527716, 'lLegPt.x1': 42.677294941280664, 'lLegPt.y1': 26.57532416512679, 'lLegPt.rA1': -47.11446435162957, 'lLegPt.rL2': 22.082699003621812, 'lLegPt.lL2': 73.65213256774592}",PRUNED
424,424,6.683314214165897,2026-04-14 15:50:58.189111,2026-04-14 15:51:02.912890,0 days 00:00:04.723779,38.831778681111814,31.122690548342682,85.17358246051454,-43.308777368975164,31.097403096730208,15.48639337446662,55.544071248474864,32.44447498926941,23.370863552532136,74.62072382227605,53.10533401693455,72.40076212086281,-66.67087292518951,43.384224792184675,31.15674352068562,72.2977363292008,36.35913397954005,23.664520527401258,Unattained target,GPSampler,,PRUNED
425,425,6.6833144055976135,2026-04-14 15:51:03.079650,2026-04-14 15:51:07.432108,0 days 00:00:04.352458,38.831778681111814,31.122690548342682,85.17358246051454,-43.308777368975164,31.097403096730208,15.48639337446662,55.544071248474864,32.44447498926941,23.370863552532136,74.62072382227605,53.10533401693455,72.40076212086281,-66.67087292518951,43.384224792184675,31.15674352068562,72.2977363292008,36.35913397954005,23.664520527401258,Unattained target,GPSampler,"{'sLegPt.rL0': 43.384224792184675, 'sLegPt.lL0': 74.62072382227605, 'sLegPt.rL1': 31.15674352068562, 'sLegPt.lL1': 53.10533401693455, 'sLegPt.x1': 36.35913397954005, 'sLegPt.y1': 23.664520527401258, 'sLegPt.rA1': -66.67087292518951, 'sLegPt.rL2': 72.2977363292008, 'sLegPt.lL2': 72.40076212086281, 'lLegPt.rL0': 31.097403096730208, 'lLegPt.lL0': 38.831778681111814, 'lLegPt.rL1': 15.48639337446662, 'lLegPt.lL1': 31.122690548342682, 'lLegPt.x1': 32.44447498926941, 'lLegPt.y1': 23.370863552532136, 'lLegPt.rA1': -43.308777368975164, 'lLegPt.rL2': 55.544071248474864, 'lLegPt.lL2': 85.17358246051454}",PRUNED
426,426,6.6833145573015,2026-04-14 15:51:07.615308,2026-04-14 15:51:12.385916,0 days 00:00:04.770608,38.831778681111814,31.122690548342682,85.17358246051454,-43.308777368975164,31.097403096730208,15.48639337446662,55.544071248474864,32.44447498926941,23.370863552532136,74.62072382227605,53.10533401693455,72.40076212086281,-66.67087292518951,43.384224792184675,31.15674352068562,72.2977363292008,36.35913397954005,23.664520527401258,Unattained target,GPSampler,"{'sLegPt.rL0': 43.384224792184675, 'sLegPt.lL0': 74.62072382227605, 'sLegPt.rL1': 31.15674352068562, 'sLegPt.lL1': 53.10533401693455, 'sLegPt.x1': 36.35913397954005, 'sLegPt.y1': 23.664520527401258, 'sLegPt.rA1': -66.67087292518951, 'sLegPt.rL2': 72.2977363292008, 'sLegPt.lL2': 72.40076212086281, 'lLegPt.rL0': 31.097403096730208, 'lLegPt.lL0': 38.831778681111814, 'lLegPt.rL1': 15.48639337446662, 'lLegPt.lL1': 31.122690548342682, 'lLegPt.x1': 32.44447498926941, 'lLegPt.y1': 23.370863552532136, 'lLegPt.rA1': -43.308777368975164, 'lLegPt.rL2': 55.544071248474864, 'lLegPt.lL2': 85.17358246051454}",PRUNED
427,427,7.995165914900312,2026-04-14 15:51:12.570118,2026-04-14 15:51:16.956831,0 days 00:00:04.386713,75.53288132857195,48.29916517015038,52.57011900205459,-74.76389217073537,83.56962694516322,84.71689008783473,95.69681227908569,38.396467896206524,23.661171661487597,74.06715026648169,76.00935398124354,64.22059735136948,-51.04356122445301,87.54083309190706,81.008937845591,75.15292061190003,32.55651099740583,10.817362425631813,Unattained target,GPSampler,,PRUNED
428,428,7.995168787094521,2026-04-14 15:51:17.102218,2026-04-14 15:51:21.139883,0 days 00:00:04.037665,75.53288132857195,48.29916517015038,52.57011900205459,-74.76389217073537,83.56962694516322,84.71689008783473,95.69681227908569,38.396467896206524,23.661171661487597,74.06715026648169,76.00935398124354,64.22059735136948,-51.04356122445301,87.54083309190706,81.008937845591,75.15292061190003,32.55651099740583,10.817362425631813,Unattained target,GPSampler,"{'sLegPt.rL0': 87.54083309190706, 'sLegPt.lL0': 74.06715026648169, 'sLegPt.rL1': 81.008937845591, 'sLegPt.lL1': 76.00935398124354, 'sLegPt.x1': 32.55651099740583, 'sLegPt.y1': 10.817362425631813, 'sLegPt.rA1': -51.04356122445301, 'sLegPt.rL2': 75.15292061190003, 'sLegPt.lL2': 64.22059735136948, 'lLegPt.rL0': 83.56962694516322, 'lLegPt.lL0': 75.53288132857195, 'lLegPt.rL1': 84.71689008783473, 'lLegPt.lL1': 48.29916517015038, 'lLegPt.x1': 38.396467896206524, 'lLegPt.y1': 23.661171661487597, 'lLegPt.rA1': -74.76389217073537, 'lLegPt.rL2': 95.69681227908569, 'lLegPt.lL2': 52.57011900205459}",PRUNED
429,429,7.9951654608354445,2026-04-14 15:51:21.306260,2026-04-14 15:51:25.540252,0 days 00:00:04.233992,75.53288132857195,48.29916517015038,52.57011900205459,-74.76389217073537,83.56962694516322,84.71689008783473,95.69681227908569,38.396467896206524,23.661171661487597,74.06715026648169,76.00935398124354,64.22059735136948,-51.04356122445301,87.54083309190706,81.008937845591,75.15292061190003,32.55651099740583,10.817362425631813,Unattained target,GPSampler,"{'sLegPt.rL0': 87.54083309190706, 'sLegPt.lL0': 74.06715026648169, 'sLegPt.rL1': 81.008937845591, 'sLegPt.lL1': 76.00935398124354, 'sLegPt.x1': 32.55651099740583, 'sLegPt.y1': 10.817362425631813, 'sLegPt.rA1': -51.04356122445301, 'sLegPt.rL2': 75.15292061190003, 'sLegPt.lL2': 64.22059735136948, 'lLegPt.rL0': 83.56962694516322, 'lLegPt.lL0': 75.53288132857195, 'lLegPt.rL1': 84.71689008783473, 'lLegPt.lL1': 48.29916517015038, 'lLegPt.x1': 38.396467896206524, 'lLegPt.y1': 23.661171661487597, 'lLegPt.rA1': -74.76389217073537, 'lLegPt.rL2': 95.69681227908569, 'lLegPt.lL2': 52.57011900205459}",PRUNED
430,430,5.199534698086964,2026-04-14 15:51:25.709209,2026-04-14 15:51:31.751262,0 days 00:00:06.042053,48.49954958861682,29.216183127609384,47.169853768973816,-35.19555132491745,27.469565886334994,19.02597944029458,26.41415635706967,40.89310432187165,12.066517802698657,34.265928907956294,98.87960388289547,24.9832517005063,-40.11061812989542,70.4728735153597,99.89971826016352,86.9489111627131,39.205374439019735,26.771203689384603,Unattained target,GPSampler,,PRUNED
431,431,5.1995493698548,2026-04-14 15:51:31.901282,2026-04-14 15:51:38.193211,0 days 00:00:06.291929,48.49954958861682,29.216183127609384,47.169853768973816,-35.19555132491745,27.469565886334994,19.02597944029458,26.41415635706967,40.89310432187165,12.066517802698657,34.265928907956294,98.87960388289547,24.9832517005063,-40.11061812989542,70.4728735153597,99.89971826016352,86.9489111627131,39.205374439019735,26.771203689384603,Unattained target,GPSampler,"{'sLegPt.rL0': 70.4728735153597, 'sLegPt.lL0': 34.265928907956294, 'sLegPt.rL1': 99.89971826016352, 'sLegPt.lL1': 98.87960388289547, 'sLegPt.x1': 39.205374439019735, 'sLegPt.y1': 26.771203689384603, 'sLegPt.rA1': -40.11061812989542, 'sLegPt.rL2': 86.9489111627131, 'sLegPt.lL2': 24.9832517005063, 'lLegPt.rL0': 27.469565886334994, 'lLegPt.lL0': 48.49954958861682, 'lLegPt.rL1': 19.02597944029458, 'lLegPt.lL1': 29.216183127609384, 'lLegPt.x1': 40.89310432187165, 'lLegPt.y1': 12.066517802698657, 'lLegPt.rA1': -35.19555132491745, 'lLegPt.rL2': 26.41415635706967, 'lLegPt.lL2': 47.169853768973816}",PRUNED
432,432,5.200556876201681,2026-04-14 15:51:38.358463,2026-04-14 15:51:44.495250,0 days 00:00:06.136787,48.49954958861682,29.216183127609384,47.169853768973816,-35.19555132491745,27.469565886334994,19.02597944029458,26.41415635706967,40.89310432187165,12.066517802698657,34.265928907956294,98.87960388289547,24.9832517005063,-40.11061812989542,70.4728735153597,99.89971826016352,86.9489111627131,39.205374439019735,26.771203689384603,Unattained target,GPSampler,"{'sLegPt.rL0': 70.4728735153597, 'sLegPt.lL0': 34.265928907956294, 'sLegPt.rL1': 99.89971826016352, 'sLegPt.lL1': 98.87960388289547, 'sLegPt.x1': 39.205374439019735, 'sLegPt.y1': 26.771203689384603, 'sLegPt.rA1': -40.11061812989542, 'sLegPt.rL2': 86.9489111627131, 'sLegPt.lL2': 24.9832517005063, 'lLegPt.rL0': 27.469565886334994, 'lLegPt.lL0': 48.49954958861682, 'lLegPt.rL1': 19.02597944029458, 'lLegPt.lL1': 29.216183127609384, 'lLegPt.x1': 40.89310432187165, 'lLegPt.y1': 12.066517802698657, 'lLegPt.rA1': -35.19555132491745, 'lLegPt.rL2': 26.41415635706967, 'lLegPt.lL2': 47.169853768973816}",PRUNED
433,433,6.630894825830147,2026-04-14 15:51:44.627965,2026-04-14 15:51:48.583198,0 days 00:00:03.955233,12.51273180174791,21.31336080762592,99.33055680489264,-48.81969598076352,55.545074024406425,52.632594668815216,83.78942497402306,49.5598730628556,18.007796410078384,25.738174997047267,80.02302073407908,28.5970157116028,-70.97783037860157,10.782951436623163,17.01127308524839,46.652140602027735,36.86925833515782,27.62282572829791,Unattained target,GPSampler,,PRUNED
434,434,6.6308937421516205,2026-04-14 15:51:48.716860,2026-04-14 15:51:53.036763,0 days 00:00:04.319903,12.51273180174791,21.31336080762592,99.33055680489264,-48.81969598076352,55.545074024406425,52.632594668815216,83.78942497402306,49.5598730628556,18.007796410078384,25.738174997047267,80.02302073407908,28.5970157116028,-70.97783037860157,10.782951436623163,17.01127308524839,46.652140602027735,36.86925833515782,27.62282572829791,Unattained target,GPSampler,"{'sLegPt.rL0': 10.782951436623163, 'sLegPt.lL0': 25.738174997047267, 'sLegPt.rL1': 17.01127308524839, 'sLegPt.lL1': 80.02302073407908, 'sLegPt.x1': 36.86925833515782, 'sLegPt.y1': 27.62282572829791, 'sLegPt.rA1': -70.97783037860157, 'sLegPt.rL2': 46.652140602027735, 'sLegPt.lL2': 28.5970157116028, 'lLegPt.rL0': 55.545074024406425, 'lLegPt.lL0': 12.51273180174791, 'lLegPt.rL1': 52.632594668815216, 'lLegPt.lL1': 21.31336080762592, 'lLegPt.x1': 49.5598730628556, 'lLegPt.y1': 18.007796410078384, 'lLegPt.rA1': -48.81969598076352, 'lLegPt.rL2': 83.78942497402306, 'lLegPt.lL2': 99.33055680489264}",PRUNED
435,435,6.630894406638269,2026-04-14 15:51:53.188408,2026-04-14 15:51:57.262581,0 days 00:00:04.074173,12.51273180174791,21.31336080762592,99.33055680489264,-48.81969598076352,55.545074024406425,52.632594668815216,83.78942497402306,49.5598730628556,18.007796410078384,25.738174997047267,80.02302073407908,28.5970157116028,-70.97783037860157,10.782951436623163,17.01127308524839,46.652140602027735,36.86925833515782,27.62282572829791,Unattained target,GPSampler,"{'sLegPt.rL0': 10.782951436623163, 'sLegPt.lL0': 25.738174997047267, 'sLegPt.rL1': 17.01127308524839, 'sLegPt.lL1': 80.02302073407908, 'sLegPt.x1': 36.86925833515782, 'sLegPt.y1': 27.62282572829791, 'sLegPt.rA1': -70.97783037860157, 'sLegPt.rL2': 46.652140602027735, 'sLegPt.lL2': 28.5970157116028, 'lLegPt.rL0': 55.545074024406425, 'lLegPt.lL0': 12.51273180174791, 'lLegPt.rL1': 52.632594668815216, 'lLegPt.lL1': 21.31336080762592, 'lLegPt.x1': 49.5598730628556, 'lLegPt.y1': 18.007796410078384, 'lLegPt.rA1': -48.81969598076352, 'lLegPt.rL2': 83.78942497402306, 'lLegPt.lL2': 99.33055680489264}",PRUNED
436,436,5.005000013373277,2026-04-14 15:51:57.419787,2026-04-14 15:52:01.353266,0 days 00:00:03.933479,59.34343741360248,81.40904294229829,34.95118134780863,-32.77985823807474,43.166688010431095,23.198661619589394,43.27551251953439,40.08625885499117,18.027819202225675,68.5458634091326,55.250333231662076,27.04526081985361,-48.37961341057563,79.91482617513685,15.859853718645232,68.33686191577057,46.95969868357692,22.693874286202135,Unattained target,GPSampler,,PRUNED
