,number,value,datetime_start,datetime_complete,duration,params_lLegPt.lL0,params_lLegPt.lL1,params_lLegPt.lL2,params_lLegPt.rA1,params_lLegPt.rL0,params_lLegPt.rL1,params_lLegPt.rL2,params_lLegPt.x1,params_lLegPt.y1,params_sLegPt.lL0,params_sLegPt.lL1,params_sLegPt.lL2,params_sLegPt.rA1,params_sLegPt.rL0,params_sLegPt.rL1,params_sLegPt.rL2,params_sLegPt.x1,params_sLegPt.y1,user_attrs_prune,system_attrs_auto:sampler,system_attrs_fixed_params,state
341,341,10.599583451387119,2026-04-14 15:44:56.417856,2026-04-14 15:45:00.417952,0 days 00:00:04.000096,43.17367363048404,99.1605786248358,63.42974850463332,-28.38701268624102,33.60328043618829,79.82020263459266,34.8178751039316,35.70736547406179,12.607239372418013,82.24308510115884,77.6818738093133,54.885102844519814,-52.81211945796711,96.93818566677048,65.46579665829435,95.72309272003439,45.500166150540004,14.645521060413166,Unattained target,GPSampler,"{'sLegPt.rL0': 96.93818566677048, 'sLegPt.lL0': 82.24308510115884, 'sLegPt.rL1': 65.46579665829435, 'sLegPt.lL1': 77.6818738093133, 'sLegPt.x1': 45.500166150540004, 'sLegPt.y1': 14.645521060413166, 'sLegPt.rA1': -52.81211945796711, 'sLegPt.rL2': 95.72309272003439, 'sLegPt.lL2': 54.885102844519814, 'lLegPt.rL0': 33.60328043618829, 'lLegPt.lL0': 43.17367363048404, 'lLegPt.rL1': 79.82020263459266, 'lLegPt.lL1': 99.1605786248358, 'lLegPt.x1': 35.70736547406179, 'lLegPt.y1': 12.607239372418013, 'lLegPt.rA1': -28.38701268624102, 'lLegPt.rL2': 34.8178751039316, 'lLegPt.lL2': 63.42974850463332}",PRUNED
342,342,10.599584502583248,2026-04-14 15:45:00.569719,2026-04-14 15:45:04.234336,0 days 00:00:03.664617,43.17367363048404,99.1605786248358,63.42974850463332,-28.38701268624102,33.60328043618829,79.82020263459266,34.8178751039316,35.70736547406179,12.607239372418013,82.24308510115884,77.6818738093133,54.885102844519814,-52.81211945796711,96.93818566677048,65.46579665829435,95.72309272003439,45.500166150540004,14.645521060413166,Unattained target,GPSampler,"{'sLegPt.rL0': 96.93818566677048, 'sLegPt.lL0': 82.24308510115884, 'sLegPt.rL1': 65.46579665829435, 'sLegPt.lL1': 77.6818738093133, 'sLegPt.x1': 45.500166150540004, 'sLegPt.y1': 14.645521060413166, 'sLegPt.rA1': -52.81211945796711, 'sLegPt.rL2': 95.72309272003439, 'sLegPt.lL2': 54.885102844519814, 'lLegPt.rL0': 33.60328043618829, 'lLegPt.lL0': 43.17367363048404, 'lLegPt.rL1': 79.82020263459266, 'lLegPt.lL1': 99.1605786248358, 'lLegPt.x1': 35.70736547406179, 'lLegPt.y1': 12.607239372418013, 'lLegPt.rA1': -28.38701268624102, 'lLegPt.rL2': 34.8178751039316, 'lLegPt.lL2': 63.42974850463332}",PRUNED
343,343,15.101329796006219,2026-04-14 15:45:04.392371,2026-04-14 15:45:08.133100,0 days 00:00:03.740729,85.87601145468321,11.188146706503964,73.6168637772327,-60.114174175223525,65.29741583619688,86.86799969133969,39.53972292526085,30.795029832827357,29.412716899458495,39.98397542379453,98.91855207799853,46.87994007470493,-71.12048234279679,79.70177219715688,31.221513167737957,75.17163335426281,47.88513556302662,26.696638277052543,Unattained target,GPSampler,,PRUNED
344,344,15.101329815896136,2026-04-14 15:45:08.264841,2026-04-14 15:45:11.930905,0 days 00:00:03.666064,85.87601145468321,11.188146706503964,73.6168637772327,-60.114174175223525,65.29741583619688,86.86799969133969,39.53972292526085,30.795029832827357,29.412716899458495,39.98397542379453,98.91855207799853,46.87994007470493,-71.12048234279679,79.70177219715688,31.221513167737957,75.17163335426281,47.88513556302662,26.696638277052543,Unattained target,GPSampler,"{'sLegPt.rL0': 79.70177219715688, 'sLegPt.lL0': 39.98397542379453, 'sLegPt.rL1': 31.221513167737957, 'sLegPt.lL1': 98.91855207799853, 'sLegPt.x1': 47.88513556302662, 'sLegPt.y1': 26.696638277052543, 'sLegPt.rA1': -71.12048234279679, 'sLegPt.rL2': 75.17163335426281, 'sLegPt.lL2': 46.87994007470493, 'lLegPt.rL0': 65.29741583619688, 'lLegPt.lL0': 85.87601145468321, 'lLegPt.rL1': 86.86799969133969, 'lLegPt.lL1': 11.188146706503964, 'lLegPt.x1': 30.795029832827357, 'lLegPt.y1': 29.412716899458495, 'lLegPt.rA1': -60.114174175223525, 'lLegPt.rL2': 39.53972292526085, 'lLegPt.lL2': 73.6168637772327}",PRUNED
345,345,15.101329737993801,2026-04-14 15:45:12.081828,2026-04-14 15:45:15.801413,0 days 00:00:03.719585,85.87601145468321,11.188146706503964,73.6168637772327,-60.114174175223525,65.29741583619688,86.86799969133969,39.53972292526085,30.795029832827357,29.412716899458495,39.98397542379453,98.91855207799853,46.87994007470493,-71.12048234279679,79.70177219715688,31.221513167737957,75.17163335426281,47.88513556302662,26.696638277052543,Unattained target,GPSampler,"{'sLegPt.rL0': 79.70177219715688, 'sLegPt.lL0': 39.98397542379453, 'sLegPt.rL1': 31.221513167737957, 'sLegPt.lL1': 98.91855207799853, 'sLegPt.x1': 47.88513556302662, 'sLegPt.y1': 26.696638277052543, 'sLegPt.rA1': -71.12048234279679, 'sLegPt.rL2': 75.17163335426281, 'sLegPt.lL2': 46.87994007470493, 'lLegPt.rL0': 65.29741583619688, 'lLegPt.lL0': 85.87601145468321, 'lLegPt.rL1': 86.86799969133969, 'lLegPt.lL1': 11.188146706503964, 'lLegPt.x1': 30.795029832827357, 'lLegPt.y1': 29.412716899458495, 'lLegPt.rA1': -60.114174175223525, 'lLegPt.rL2': 39.53972292526085, 'lLegPt.lL2': 73.6168637772327}",PRUNED
346,346,18.492482878344077,2026-04-14 15:45:15.949430,2026-04-14 15:45:19.870841,0 days 00:00:03.921411,74.20889620021484,27.554883235620892,84.55481257605102,-40.51415491667767,84.65553549835873,73.76671358897853,49.96923203231865,46.02230213679708,16.563254841236304,66.36424400198206,95.35422609179062,60.39991336593984,-67.40010593149398,88.86729143933194,21.73609740971853,74.86254402801079,46.14155116862773,10.776881225477231,Unattained target,GPSampler,,PRUNED
347,347,18.49248252967223,2026-04-14 15:45:20.003936,2026-04-14 15:45:24.124714,0 days 00:00:04.120778,74.20889620021484,27.554883235620892,84.55481257605102,-40.51415491667767,84.65553549835873,73.76671358897853,49.96923203231865,46.02230213679708,16.563254841236304,66.36424400198206,95.35422609179062,60.39991336593984,-67.40010593149398,88.86729143933194,21.73609740971853,74.86254402801079,46.14155116862773,10.776881225477231,Unattained target,GPSampler,"{'sLegPt.rL0': 88.86729143933194, 'sLegPt.lL0': 66.36424400198206, 'sLegPt.rL1': 21.73609740971853, 'sLegPt.lL1': 95.35422609179062, 'sLegPt.x1': 46.14155116862773, 'sLegPt.y1': 10.776881225477231, 'sLegPt.rA1': -67.40010593149398, 'sLegPt.rL2': 74.86254402801079, 'sLegPt.lL2': 60.39991336593984, 'lLegPt.rL0': 84.65553549835873, 'lLegPt.lL0': 74.20889620021484, 'lLegPt.rL1': 73.76671358897853, 'lLegPt.lL1': 27.554883235620892, 'lLegPt.x1': 46.02230213679708, 'lLegPt.y1': 16.563254841236304, 'lLegPt.rA1': -40.51415491667767, 'lLegPt.rL2': 49.96923203231865, 'lLegPt.lL2': 84.55481257605102}",PRUNED
348,348,18.49248277660856,2026-04-14 15:45:24.275277,2026-04-14 15:45:28.299064,0 days 00:00:04.023787,74.20889620021484,27.554883235620892,84.55481257605102,-40.51415491667767,84.65553549835873,73.76671358897853,49.96923203231865,46.02230213679708,16.563254841236304,66.36424400198206,95.35422609179062,60.39991336593984,-67.40010593149398,88.86729143933194,21.73609740971853,74.86254402801079,46.14155116862773,10.776881225477231,Unattained target,GPSampler,"{'sLegPt.rL0': 88.86729143933194, 'sLegPt.lL0': 66.36424400198206, 'sLegPt.rL1': 21.73609740971853, 'sLegPt.lL1': 95.35422609179062, 'sLegPt.x1': 46.14155116862773, 'sLegPt.y1': 10.776881225477231, 'sLegPt.rA1': -67.40010593149398, 'sLegPt.rL2': 74.86254402801079, 'sLegPt.lL2': 60.39991336593984, 'lLegPt.rL0': 84.65553549835873, 'lLegPt.lL0': 74.20889620021484, 'lLegPt.rL1': 73.76671358897853, 'lLegPt.lL1': 27.554883235620892, 'lLegPt.x1': 46.02230213679708, 'lLegPt.y1': 16.563254841236304, 'lLegPt.rA1': -40.51415491667767, 'lLegPt.rL2': 49.96923203231865, 'lLegPt.lL2': 84.55481257605102}",PRUNED
349,349,5.651108562406769,2026-04-14 15:45:28.439026,2026-04-14 15:45:34.204912,0 days 00:00:05.765886,61.63960471456628,38.537166212862296,81.56737902520908,-32.705762908486946,86.11321084697924,47.84069218365636,25.190476081450164,41.04492245540523,15.421958289573027,18.987329772381116,10.906893804196825,37.96151665305426,-67.96775988853645,48.23794824836505,70.46757744970665,69.44413524573463,46.65444008218121,15.431180875749044,Unattained target,GPSampler,,PRUNED
350,350,5.651108686974556,2026-04-14 15:45:34.352207,2026-04-14 15:45:37.963065,0 days 00:00:03.610858,61.63960471456628,38.537166212862296,81.56737902520908,-32.705762908486946,86.11321084697924,47.84069218365636,25.190476081450164,41.04492245540523,15.421958289573027,18.987329772381116,10.906893804196825,37.96151665305426,-67.96775988853645,48.23794824836505,70.46757744970665,69.44413524573463,46.65444008218121,15.431180875749044,Unattained target,GPSampler,"{'sLegPt.rL0': 48.23794824836505, 'sLegPt.lL0': 18.987329772381116, 'sLegPt.rL1': 70.46757744970665, 'sLegPt.lL1': 10.906893804196825, 'sLegPt.x1': 46.65444008218121, 'sLegPt.y1': 15.431180875749044, 'sLegPt.rA1': -67.96775988853645, 'sLegPt.rL2': 69.44413524573463, 'sLegPt.lL2': 37.96151665305426, 'lLegPt.rL0': 86.11321084697924, 'lLegPt.lL0': 61.63960471456628, 'lLegPt.rL1': 47.84069218365636, 'lLegPt.lL1': 38.537166212862296, 'lLegPt.x1': 41.04492245540523, 'lLegPt.y1': 15.421958289573027, 'lLegPt.rA1': -32.705762908486946, 'lLegPt.rL2': 25.190476081450164, 'lLegPt.lL2': 81.56737902520908}",PRUNED
351,351,5.651108754686842,2026-04-14 15:45:38.110665,2026-04-14 15:45:41.845734,0 days 00:00:03.735069,61.63960471456628,38.537166212862296,81.56737902520908,-32.705762908486946,86.11321084697924,47.84069218365636,25.190476081450164,41.04492245540523,15.421958289573027,18.987329772381116,10.906893804196825,37.96151665305426,-67.96775988853645,48.23794824836505,70.46757744970665,69.44413524573463,46.65444008218121,15.431180875749044,Unattained target,GPSampler,"{'sLegPt.rL0': 48.23794824836505, 'sLegPt.lL0': 18.987329772381116, 'sLegPt.rL1': 70.46757744970665, 'sLegPt.lL1': 10.906893804196825, 'sLegPt.x1': 46.65444008218121, 'sLegPt.y1': 15.431180875749044, 'sLegPt.rA1': -67.96775988853645, 'sLegPt.rL2': 69.44413524573463, 'sLegPt.lL2': 37.96151665305426, 'lLegPt.rL0': 86.11321084697924, 'lLegPt.lL0': 61.63960471456628, 'lLegPt.rL1': 47.84069218365636, 'lLegPt.lL1': 38.537166212862296, 'lLegPt.x1': 41.04492245540523, 'lLegPt.y1': 15.421958289573027, 'lLegPt.rA1': -32.705762908486946, 'lLegPt.rL2': 25.190476081450164, 'lLegPt.lL2': 81.56737902520908}",PRUNED
352,352,5.228209567820755,2026-04-14 15:45:41.994198,2026-04-14 15:45:45.725809,0 days 00:00:03.731611,90.95557420336401,69.35457798146285,67.74717344743223,-66.79903548493864,22.532110134030432,25.39239037870392,57.434482439795204,34.508244633225324,18.379517051965657,55.77799730531067,76.32811820821945,47.957173584749825,-56.63989899241962,52.98670429673235,69.767555466397,97.01591236037896,37.657617497413824,12.921670481920808,Unattained target,GPSampler,,PRUNED
353,353,5.228209632344672,2026-04-14 15:45:45.876538,2026-04-14 15:45:49.579262,0 days 00:00:03.702724,90.95557420336401,69.35457798146285,67.74717344743223,-66.79903548493864,22.532110134030432,25.39239037870392,57.434482439795204,34.508244633225324,18.379517051965657,55.77799730531067,76.32811820821945,47.957173584749825,-56.63989899241962,52.98670429673235,69.767555466397,97.01591236037896,37.657617497413824,12.921670481920808,Unattained target,GPSampler,"{'sLegPt.rL0': 52.98670429673235, 'sLegPt.lL0': 55.77799730531067, 'sLegPt.rL1': 69.767555466397, 'sLegPt.lL1': 76.32811820821945, 'sLegPt.x1': 37.657617497413824, 'sLegPt.y1': 12.921670481920808, 'sLegPt.rA1': -56.63989899241962, 'sLegPt.rL2': 97.01591236037896, 'sLegPt.lL2': 47.957173584749825, 'lLegPt.rL0': 22.532110134030432, 'lLegPt.lL0': 90.95557420336401, 'lLegPt.rL1': 25.39239037870392, 'lLegPt.lL1': 69.35457798146285, 'lLegPt.x1': 34.508244633225324, 'lLegPt.y1': 18.379517051965657, 'lLegPt.rA1': -66.79903548493864, 'lLegPt.rL2': 57.434482439795204, 'lLegPt.lL2': 67.74717344743223}",PRUNED
354,354,5.228209329418931,2026-04-14 15:45:49.729447,2026-04-14 15:45:53.315963,0 days 00:00:03.586516,90.95557420336401,69.35457798146285,67.74717344743223,-66.79903548493864,22.532110134030432,25.39239037870392,57.434482439795204,34.508244633225324,18.379517051965657,55.77799730531067,76.32811820821945,47.957173584749825,-56.63989899241962,52.98670429673235,69.767555466397,97.01591236037896,37.657617497413824,12.921670481920808,Unattained target,GPSampler,"{'sLegPt.rL0': 52.98670429673235, 'sLegPt.lL0': 55.77799730531067, 'sLegPt.rL1': 69.767555466397, 'sLegPt.lL1': 76.32811820821945, 'sLegPt.x1': 37.657617497413824, 'sLegPt.y1': 12.921670481920808, 'sLegPt.rA1': -56.63989899241962, 'sLegPt.rL2': 97.01591236037896, 'sLegPt.lL2': 47.957173584749825, 'lLegPt.rL0': 22.532110134030432, 'lLegPt.lL0': 90.95557420336401, 'lLegPt.rL1': 25.39239037870392, 'lLegPt.lL1': 69.35457798146285, 'lLegPt.x1': 34.508244633225324, 'lLegPt.y1': 18.379517051965657, 'lLegPt.rA1': -66.79903548493864, 'lLegPt.rL2': 57.434482439795204, 'lLegPt.lL2': 67.74717344743223}",PRUNED
355,355,9.777038700895645,2026-04-14 15:45:53.466435,2026-04-14 15:45:57.219562,0 days 00:00:03.753127,18.173267978782512,45.51612340705397,68.12411190645942,-63.33801268174553,32.41969335381977,36.785404371673536,82.25775469770336,33.56649940128118,23.151073249295187,55.45185633684562,69.31814348110657,76.04732276159687,-77.40617783522578,45.950524879700986,33.65039357872549,51.92631044825492,44.29994921762864,28.85974892496578,Unattained target,GPSampler,,PRUNED
356,356,9.777037178941157,2026-04-14 15:45:57.380209,2026-04-14 15:46:01.006673,0 days 00:00:03.626464,18.173267978782512,45.51612340705397,68.12411190645942,-63.33801268174553,32.41969335381977,36.785404371673536,82.25775469770336,33.56649940128118,23.151073249295187,55.45185633684562,69.31814348110657,76.04732276159687,-77.40617783522578,45.950524879700986,33.65039357872549,51.92631044825492,44.29994921762864,28.85974892496578,Unattained target,GPSampler,"{'sLegPt.rL0': 45.950524879700986, 'sLegPt.lL0': 55.45185633684562, 'sLegPt.rL1': 33.65039357872549, 'sLegPt.lL1': 69.31814348110657, 'sLegPt.x1': 44.29994921762864, 'sLegPt.y1': 28.85974892496578, 'sLegPt.rA1': -77.40617783522578, 'sLegPt.rL2': 51.92631044825492, 'sLegPt.lL2': 76.04732276159687, 'lLegPt.rL0': 32.41969335381977, 'lLegPt.lL0': 18.173267978782512, 'lLegPt.rL1': 36.785404371673536, 'lLegPt.lL1': 45.51612340705397, 'lLegPt.x1': 33.56649940128118, 'lLegPt.y1': 23.151073249295187, 'lLegPt.rA1': -63.33801268174553, 'lLegPt.rL2': 82.25775469770336, 'lLegPt.lL2': 68.12411190645942}",PRUNED
357,357,9.777031145813773,2026-04-14 15:46:01.160835,2026-04-14 15:46:04.924399,0 days 00:00:03.763564,18.173267978782512,45.51612340705397,68.12411190645942,-63.33801268174553,32.41969335381977,36.785404371673536,82.25775469770336,33.56649940128118,23.151073249295187,55.45185633684562,69.31814348110657,76.04732276159687,-77.40617783522578,45.950524879700986,33.65039357872549,51.92631044825492,44.29994921762864,28.85974892496578,Unattained target,GPSampler,"{'sLegPt.rL0': 45.950524879700986, 'sLegPt.lL0': 55.45185633684562, 'sLegPt.rL1': 33.65039357872549, 'sLegPt.lL1': 69.31814348110657, 'sLegPt.x1': 44.29994921762864, 'sLegPt.y1': 28.85974892496578, 'sLegPt.rA1': -77.40617783522578, 'sLegPt.rL2': 51.92631044825492, 'sLegPt.lL2': 76.04732276159687, 'lLegPt.rL0': 32.41969335381977, 'lLegPt.lL0': 18.173267978782512, 'lLegPt.rL1': 36.785404371673536, 'lLegPt.lL1': 45.51612340705397, 'lLegPt.x1': 33.56649940128118, 'lLegPt.y1': 23.151073249295187, 'lLegPt.rA1': -63.33801268174553, 'lLegPt.rL2': 82.25775469770336, 'lLegPt.lL2': 68.12411190645942}",PRUNED
358,358,6.538089655710088,2026-04-14 15:46:05.081244,2026-04-14 15:46:08.828113,0 days 00:00:03.746869,32.75882100413044,75.92092308242476,87.01848643908966,-33.060361152475025,31.695868279245616,20.944863357747117,25.073145341431953,30.201824675779314,14.335474295756773,87.8253781102738,94.50905144226093,93.05454922591522,-53.684027713170586,49.32915914610607,85.95285598901296,38.97320241806468,41.751830864572426,27.20317719275136,Unattained target,GPSampler,,PRUNED
359,359,6.538089659192465,2026-04-14 15:46:08.983677,2026-04-14 15:46:12.884116,0 days 00:00:03.900439,32.75882100413044,75.92092308242476,87.01848643908966,-33.060361152475025,31.695868279245616,20.944863357747117,25.073145341431953,30.201824675779314,14.335474295756773,87.8253781102738,94.50905144226093,93.05454922591522,-53.684027713170586,49.32915914610607,85.95285598901296,38.97320241806468,41.751830864572426,27.20317719275136,Unattained target,GPSampler,"{'sLegPt.rL0': 49.32915914610607, 'sLegPt.lL0': 87.8253781102738, 'sLegPt.rL1': 85.95285598901296, 'sLegPt.lL1': 94.50905144226093, 'sLegPt.x1': 41.751830864572426, 'sLegPt.y1': 27.20317719275136, 'sLegPt.rA1': -53.684027713170586, 'sLegPt.rL2': 38.97320241806468, 'sLegPt.lL2': 93.05454922591522, 'lLegPt.rL0': 31.695868279245616, 'lLegPt.lL0': 32.75882100413044, 'lLegPt.rL1': 20.944863357747117, 'lLegPt.lL1': 75.92092308242476, 'lLegPt.x1': 30.201824675779314, 'lLegPt.y1': 14.335474295756773, 'lLegPt.rA1': -33.060361152475025, 'lLegPt.rL2': 25.073145341431953, 'lLegPt.lL2': 87.01848643908966}",PRUNED
360,360,6.53808981343677,2026-04-14 15:46:13.035707,2026-04-14 15:46:16.870137,0 days 00:00:03.834430,32.75882100413044,75.92092308242476,87.01848643908966,-33.060361152475025,31.695868279245616,20.944863357747117,25.073145341431953,30.201824675779314,14.335474295756773,87.8253781102738,94.50905144226093,93.05454922591522,-53.684027713170586,49.32915914610607,85.95285598901296,38.97320241806468,41.751830864572426,27.20317719275136,Unattained target,GPSampler,"{'sLegPt.rL0': 49.32915914610607, 'sLegPt.lL0': 87.8253781102738, 'sLegPt.rL1': 85.95285598901296, 'sLegPt.lL1': 94.50905144226093, 'sLegPt.x1': 41.751830864572426, 'sLegPt.y1': 27.20317719275136, 'sLegPt.rA1': -53.684027713170586, 'sLegPt.rL2': 38.97320241806468, 'sLegPt.lL2': 93.05454922591522, 'lLegPt.rL0': 31.695868279245616, 'lLegPt.lL0': 32.75882100413044, 'lLegPt.rL1': 20.944863357747117, 'lLegPt.lL1': 75.92092308242476, 'lLegPt.x1': 30.201824675779314, 'lLegPt.y1': 14.335474295756773, 'lLegPt.rA1': -33.060361152475025, 'lLegPt.rL2': 25.073145341431953, 'lLegPt.lL2': 87.01848643908966}",PRUNED
361,361,5.541813667031377,2026-04-14 15:46:17.020271,2026-04-14 15:46:21.066918,0 days 00:00:04.046647,45.7002524113782,95.29091440376759,28.91675365027255,-38.083106286099245,30.80164142215827,83.7645638309642,76.5521392873318,30.068265378810736,15.270156697497745,21.62652858586562,67.65823046135257,42.214836612272805,-25.489864180870875,50.70100975523465,99.4895293835236,65.36750372384566,33.61508055368258,27.449206630789625,Unattained target,GPSampler,,PRUNED
362,362,5.541813690978898,2026-04-14 15:46:21.219812,2026-04-14 15:46:25.183029,0 days 00:00:03.963217,45.7002524113782,95.29091440376759,28.91675365027255,-38.083106286099245,30.80164142215827,83.7645638309642,76.5521392873318,30.068265378810736,15.270156697497745,21.62652858586562,67.65823046135257,42.214836612272805,-25.489864180870875,50.70100975523465,99.4895293835236,65.36750372384566,33.61508055368258,27.449206630789625,Unattained target,GPSampler,"{'sLegPt.rL0': 50.70100975523465, 'sLegPt.lL0': 21.62652858586562, 'sLegPt.rL1': 99.4895293835236, 'sLegPt.lL1': 67.65823046135257, 'sLegPt.x1': 33.61508055368258, 'sLegPt.y1': 27.449206630789625, 'sLegPt.rA1': -25.489864180870875, 'sLegPt.rL2': 65.36750372384566, 'sLegPt.lL2': 42.214836612272805, 'lLegPt.rL0': 30.80164142215827, 'lLegPt.lL0': 45.7002524113782, 'lLegPt.rL1': 83.7645638309642, 'lLegPt.lL1': 95.29091440376759, 'lLegPt.x1': 30.068265378810736, 'lLegPt.y1': 15.270156697497745, 'lLegPt.rA1': -38.083106286099245, 'lLegPt.rL2': 76.5521392873318, 'lLegPt.lL2': 28.91675365027255}",PRUNED
363,363,5.541813752415848,2026-04-14 15:46:25.321693,2026-04-14 15:46:29.283163,0 days 00:00:03.961470,45.7002524113782,95.29091440376759,28.91675365027255,-38.083106286099245,30.80164142215827,83.7645638309642,76.5521392873318,30.068265378810736,15.270156697497745,21.62652858586562,67.65823046135257,42.214836612272805,-25.489864180870875,50.70100975523465,99.4895293835236,65.36750372384566,33.61508055368258,27.449206630789625,Unattained target,GPSampler,"{'sLegPt.rL0': 50.70100975523465, 'sLegPt.lL0': 21.62652858586562, 'sLegPt.rL1': 99.4895293835236, 'sLegPt.lL1': 67.65823046135257, 'sLegPt.x1': 33.61508055368258, 'sLegPt.y1': 27.449206630789625, 'sLegPt.rA1': -25.489864180870875, 'sLegPt.rL2': 65.36750372384566, 'sLegPt.lL2': 42.214836612272805, 'lLegPt.rL0': 30.80164142215827, 'lLegPt.lL0': 45.7002524113782, 'lLegPt.rL1': 83.7645638309642, 'lLegPt.lL1': 95.29091440376759, 'lLegPt.x1': 30.068265378810736, 'lLegPt.y1': 15.270156697497745, 'lLegPt.rA1': -38.083106286099245, 'lLegPt.rL2': 76.5521392873318, 'lLegPt.lL2': 28.91675365027255}",PRUNED
364,364,5.370598707432379,2026-04-14 15:46:29.426986,2026-04-14 15:46:33.456095,0 days 00:00:04.029109,42.69366100005967,14.34092653082062,46.28288295400701,-66.64295243739444,86.08386587821211,95.01378058140975,75.91067111486858,33.38111029497386,22.26527527807479,96.79811291615334,26.23648416483074,57.055573359919514,-75.3968021699744,70.78141911476943,47.286903427644155,17.33562557200478,44.742666532375296,11.783502516658801,Unattained target,GPSampler,,PRUNED
