,number,value,datetime_start,datetime_complete,duration,params_lLegPt.lL0,params_lLegPt.lL1,params_lLegPt.lL2,params_lLegPt.rA1,params_lLegPt.rL0,params_lLegPt.rL1,params_lLegPt.rL2,params_lLegPt.x1,params_lLegPt.y1,params_sLegPt.lL0,params_sLegPt.lL1,params_sLegPt.lL2,params_sLegPt.rA1,params_sLegPt.rL0,params_sLegPt.rL1,params_sLegPt.rL2,params_sLegPt.x1,params_sLegPt.y1,user_attrs_prune,system_attrs_auto:sampler,system_attrs_fixed_params,state
170,170,9.402723802721873,2026-04-14 15:31:05.798988,2026-04-14 15:31:09.625368,0 days 00:00:03.826380,20.294586962834657,78.37100767140974,94.39579665869762,-48.86005376320507,97.10719723095231,96.58328026777778,78.44477496738226,36.5698454189202,25.36213222955674,55.045306312765454,85.47471037272457,70.12417489570609,-78.184839384026,78.76809589404006,99.11938678888981,97.03845978175991,37.563946694846486,10.379527847298096,Unattained target,GPSampler,"{'sLegPt.rL0': 78.76809589404006, 'sLegPt.lL0': 55.045306312765454, 'sLegPt.rL1': 99.11938678888981, 'sLegPt.lL1': 85.47471037272457, 'sLegPt.x1': 37.563946694846486, 'sLegPt.y1': 10.379527847298096, 'sLegPt.rA1': -78.184839384026, 'sLegPt.rL2': 97.03845978175991, 'sLegPt.lL2': 70.12417489570609, 'lLegPt.rL0': 97.10719723095231, 'lLegPt.lL0': 20.294586962834657, 'lLegPt.rL1': 96.58328026777778, 'lLegPt.lL1': 78.37100767140974, 'lLegPt.x1': 36.5698454189202, 'lLegPt.y1': 25.36213222955674, 'lLegPt.rA1': -48.86005376320507, 'lLegPt.rL2': 78.44477496738226, 'lLegPt.lL2': 94.39579665869762}",PRUNED
171,171,9.40272382005952,2026-04-14 15:31:09.765767,2026-04-14 15:31:13.637517,0 days 00:00:03.871750,20.294586962834657,78.37100767140974,94.39579665869762,-48.86005376320507,97.10719723095231,96.58328026777778,78.44477496738226,36.5698454189202,25.36213222955674,55.045306312765454,85.47471037272457,70.12417489570609,-78.184839384026,78.76809589404006,99.11938678888981,97.03845978175991,37.563946694846486,10.379527847298096,Unattained target,GPSampler,"{'sLegPt.rL0': 78.76809589404006, 'sLegPt.lL0': 55.045306312765454, 'sLegPt.rL1': 99.11938678888981, 'sLegPt.lL1': 85.47471037272457, 'sLegPt.x1': 37.563946694846486, 'sLegPt.y1': 10.379527847298096, 'sLegPt.rA1': -78.184839384026, 'sLegPt.rL2': 97.03845978175991, 'sLegPt.lL2': 70.12417489570609, 'lLegPt.rL0': 97.10719723095231, 'lLegPt.lL0': 20.294586962834657, 'lLegPt.rL1': 96.58328026777778, 'lLegPt.lL1': 78.37100767140974, 'lLegPt.x1': 36.5698454189202, 'lLegPt.y1': 25.36213222955674, 'lLegPt.rA1': -48.86005376320507, 'lLegPt.rL2': 78.44477496738226, 'lLegPt.lL2': 94.39579665869762}",PRUNED
172,172,8.254722500620659,2026-04-14 15:31:13.765665,2026-04-14 15:31:17.681234,0 days 00:00:03.915569,47.8059795989866,43.35906893990343,26.465014850272745,-43.996396780823886,18.728245682129366,70.39222889523094,79.18319542065598,38.543677780046785,15.398162810760045,85.93996981074189,85.47181027338277,41.58510841380247,-44.29654004540039,28.066806522687113,94.96569429299278,74.74662412249091,31.11381930594415,25.27400904988108,Unattained target,GPSampler,,PRUNED
173,173,8.254721045307313,2026-04-14 15:31:17.824021,2026-04-14 15:31:21.757917,0 days 00:00:03.933896,47.8059795989866,43.35906893990343,26.465014850272745,-43.996396780823886,18.728245682129366,70.39222889523094,79.18319542065598,38.543677780046785,15.398162810760045,85.93996981074189,85.47181027338277,41.58510841380247,-44.29654004540039,28.066806522687113,94.96569429299278,74.74662412249091,31.11381930594415,25.27400904988108,Unattained target,GPSampler,"{'sLegPt.rL0': 28.066806522687113, 'sLegPt.lL0': 85.93996981074189, 'sLegPt.rL1': 94.96569429299278, 'sLegPt.lL1': 85.47181027338277, 'sLegPt.x1': 31.11381930594415, 'sLegPt.y1': 25.27400904988108, 'sLegPt.rA1': -44.29654004540039, 'sLegPt.rL2': 74.74662412249091, 'sLegPt.lL2': 41.58510841380247, 'lLegPt.rL0': 18.728245682129366, 'lLegPt.lL0': 47.8059795989866, 'lLegPt.rL1': 70.39222889523094, 'lLegPt.lL1': 43.35906893990343, 'lLegPt.x1': 38.543677780046785, 'lLegPt.y1': 15.398162810760045, 'lLegPt.rA1': -43.996396780823886, 'lLegPt.rL2': 79.18319542065598, 'lLegPt.lL2': 26.465014850272745}",PRUNED
174,174,8.254721283567427,2026-04-14 15:31:21.893091,2026-04-14 15:31:25.449270,0 days 00:00:03.556179,47.8059795989866,43.35906893990343,26.465014850272745,-43.996396780823886,18.728245682129366,70.39222889523094,79.18319542065598,38.543677780046785,15.398162810760045,85.93996981074189,85.47181027338277,41.58510841380247,-44.29654004540039,28.066806522687113,94.96569429299278,74.74662412249091,31.11381930594415,25.27400904988108,Unattained target,GPSampler,"{'sLegPt.rL0': 28.066806522687113, 'sLegPt.lL0': 85.93996981074189, 'sLegPt.rL1': 94.96569429299278, 'sLegPt.lL1': 85.47181027338277, 'sLegPt.x1': 31.11381930594415, 'sLegPt.y1': 25.27400904988108, 'sLegPt.rA1': -44.29654004540039, 'sLegPt.rL2': 74.74662412249091, 'sLegPt.lL2': 41.58510841380247, 'lLegPt.rL0': 18.728245682129366, 'lLegPt.lL0': 47.8059795989866, 'lLegPt.rL1': 70.39222889523094, 'lLegPt.lL1': 43.35906893990343, 'lLegPt.x1': 38.543677780046785, 'lLegPt.y1': 15.398162810760045, 'lLegPt.rA1': -43.996396780823886, 'lLegPt.rL2': 79.18319542065598, 'lLegPt.lL2': 26.465014850272745}",PRUNED
175,175,7.736941680545108,2026-04-14 15:31:25.592396,2026-04-14 15:31:29.317420,0 days 00:00:03.725024,71.20295722624533,88.78246459635656,10.249192317132252,-75.68336061499625,57.597590194495645,59.77112889465473,16.480386463144143,48.300373446309266,24.84129570235245,50.40475462012709,87.13977783361631,25.01444020946367,-49.3492413900389,44.49912692156973,71.18807923046117,45.77428373048603,37.04750995254956,26.9591971668396,Unattained target,GPSampler,,PRUNED
176,176,7.736942808694224,2026-04-14 15:31:29.463937,2026-04-14 15:31:33.311417,0 days 00:00:03.847480,71.20295722624533,88.78246459635656,10.249192317132252,-75.68336061499625,57.597590194495645,59.77112889465473,16.480386463144143,48.300373446309266,24.84129570235245,50.40475462012709,87.13977783361631,25.01444020946367,-49.3492413900389,44.49912692156973,71.18807923046117,45.77428373048603,37.04750995254956,26.9591971668396,Unattained target,GPSampler,"{'sLegPt.rL0': 44.49912692156973, 'sLegPt.lL0': 50.40475462012709, 'sLegPt.rL1': 71.18807923046117, 'sLegPt.lL1': 87.13977783361631, 'sLegPt.x1': 37.04750995254956, 'sLegPt.y1': 26.9591971668396, 'sLegPt.rA1': -49.3492413900389, 'sLegPt.rL2': 45.77428373048603, 'sLegPt.lL2': 25.01444020946367, 'lLegPt.rL0': 57.597590194495645, 'lLegPt.lL0': 71.20295722624533, 'lLegPt.rL1': 59.77112889465473, 'lLegPt.lL1': 88.78246459635656, 'lLegPt.x1': 48.300373446309266, 'lLegPt.y1': 24.84129570235245, 'lLegPt.rA1': -75.68336061499625, 'lLegPt.rL2': 16.480386463144143, 'lLegPt.lL2': 10.249192317132252}",PRUNED
177,177,7.7369419643824315,2026-04-14 15:31:33.464446,2026-04-14 15:31:37.365806,0 days 00:00:03.901360,71.20295722624533,88.78246459635656,10.249192317132252,-75.68336061499625,57.597590194495645,59.77112889465473,16.480386463144143,48.300373446309266,24.84129570235245,50.40475462012709,87.13977783361631,25.01444020946367,-49.3492413900389,44.49912692156973,71.18807923046117,45.77428373048603,37.04750995254956,26.9591971668396,Unattained target,GPSampler,"{'sLegPt.rL0': 44.49912692156973, 'sLegPt.lL0': 50.40475462012709, 'sLegPt.rL1': 71.18807923046117, 'sLegPt.lL1': 87.13977783361631, 'sLegPt.x1': 37.04750995254956, 'sLegPt.y1': 26.9591971668396, 'sLegPt.rA1': -49.3492413900389, 'sLegPt.rL2': 45.77428373048603, 'sLegPt.lL2': 25.01444020946367, 'lLegPt.rL0': 57.597590194495645, 'lLegPt.lL0': 71.20295722624533, 'lLegPt.rL1': 59.77112889465473, 'lLegPt.lL1': 88.78246459635656, 'lLegPt.x1': 48.300373446309266, 'lLegPt.y1': 24.84129570235245, 'lLegPt.rA1': -75.68336061499625, 'lLegPt.rL2': 16.480386463144143, 'lLegPt.lL2': 10.249192317132252}",PRUNED
178,178,9.167342182439391,2026-04-14 15:31:37.533537,2026-04-14 15:31:41.543702,0 days 00:00:04.010165,84.35453861233957,12.592447863807335,82.54257745315414,-63.239356943261726,12.277866192115413,34.409609083129766,36.03746219782438,30.54056473721089,16.074740661383775,81.2922122474462,66.36606527152198,54.741360732123454,-44.286084584626884,56.08051635093728,50.51687950982226,60.97134743485265,38.88168379025683,17.53095433353019,Unattained target,GPSampler,,PRUNED
179,179,9.167342103361811,2026-04-14 15:31:41.677934,2026-04-14 15:31:45.458759,0 days 00:00:03.780825,84.35453861233957,12.592447863807335,82.54257745315414,-63.239356943261726,12.277866192115413,34.409609083129766,36.03746219782438,30.54056473721089,16.074740661383775,81.2922122474462,66.36606527152198,54.741360732123454,-44.286084584626884,56.08051635093728,50.51687950982226,60.97134743485265,38.88168379025683,17.53095433353019,Unattained target,GPSampler,"{'sLegPt.rL0': 56.08051635093728, 'sLegPt.lL0': 81.2922122474462, 'sLegPt.rL1': 50.51687950982226, 'sLegPt.lL1': 66.36606527152198, 'sLegPt.x1': 38.88168379025683, 'sLegPt.y1': 17.53095433353019, 'sLegPt.rA1': -44.286084584626884, 'sLegPt.rL2': 60.97134743485265, 'sLegPt.lL2': 54.741360732123454, 'lLegPt.rL0': 12.277866192115413, 'lLegPt.lL0': 84.35453861233957, 'lLegPt.rL1': 34.409609083129766, 'lLegPt.lL1': 12.592447863807335, 'lLegPt.x1': 30.54056473721089, 'lLegPt.y1': 16.074740661383775, 'lLegPt.rA1': -63.239356943261726, 'lLegPt.rL2': 36.03746219782438, 'lLegPt.lL2': 82.54257745315414}",PRUNED
180,180,9.167341714220854,2026-04-14 15:31:45.595206,2026-04-14 15:31:49.601931,0 days 00:00:04.006725,84.35453861233957,12.592447863807335,82.54257745315414,-63.239356943261726,12.277866192115413,34.409609083129766,36.03746219782438,30.54056473721089,16.074740661383775,81.2922122474462,66.36606527152198,54.741360732123454,-44.286084584626884,56.08051635093728,50.51687950982226,60.97134743485265,38.88168379025683,17.53095433353019,Unattained target,GPSampler,"{'sLegPt.rL0': 56.08051635093728, 'sLegPt.lL0': 81.2922122474462, 'sLegPt.rL1': 50.51687950982226, 'sLegPt.lL1': 66.36606527152198, 'sLegPt.x1': 38.88168379025683, 'sLegPt.y1': 17.53095433353019, 'sLegPt.rA1': -44.286084584626884, 'sLegPt.rL2': 60.97134743485265, 'sLegPt.lL2': 54.741360732123454, 'lLegPt.rL0': 12.277866192115413, 'lLegPt.lL0': 84.35453861233957, 'lLegPt.rL1': 34.409609083129766, 'lLegPt.lL1': 12.592447863807335, 'lLegPt.x1': 30.54056473721089, 'lLegPt.y1': 16.074740661383775, 'lLegPt.rA1': -63.239356943261726, 'lLegPt.rL2': 36.03746219782438, 'lLegPt.lL2': 82.54257745315414}",PRUNED
181,181,13.56111400247864,2026-04-14 15:31:49.761790,2026-04-14 15:31:53.367966,0 days 00:00:03.606176,61.75134688365998,61.697167066669834,27.952253842955695,-57.494586403164995,95.42784755841274,70.07590209477272,37.67271735838037,44.666557899315734,18.204449601434575,96.24322352509138,54.63838869054579,30.093914433767814,-69.94699356631824,72.00919247423772,84.40046853294432,44.52033766585554,30.454757779704778,23.256249202959147,Unattained target,GPSampler,,PRUNED
182,182,13.561114078552023,2026-04-14 15:31:53.510735,2026-04-14 15:31:56.928702,0 days 00:00:03.417967,61.75134688365998,61.697167066669834,27.952253842955695,-57.494586403164995,95.42784755841274,70.07590209477272,37.67271735838037,44.666557899315734,18.204449601434575,96.24322352509138,54.63838869054579,30.093914433767814,-69.94699356631824,72.00919247423772,84.40046853294432,44.52033766585554,30.454757779704778,23.256249202959147,Unattained target,GPSampler,"{'sLegPt.rL0': 72.00919247423772, 'sLegPt.lL0': 96.24322352509138, 'sLegPt.rL1': 84.40046853294432, 'sLegPt.lL1': 54.63838869054579, 'sLegPt.x1': 30.454757779704778, 'sLegPt.y1': 23.256249202959147, 'sLegPt.rA1': -69.94699356631824, 'sLegPt.rL2': 44.52033766585554, 'sLegPt.lL2': 30.093914433767814, 'lLegPt.rL0': 95.42784755841274, 'lLegPt.lL0': 61.75134688365998, 'lLegPt.rL1': 70.07590209477272, 'lLegPt.lL1': 61.697167066669834, 'lLegPt.x1': 44.666557899315734, 'lLegPt.y1': 18.204449601434575, 'lLegPt.rA1': -57.494586403164995, 'lLegPt.rL2': 37.67271735838037, 'lLegPt.lL2': 27.952253842955695}",PRUNED
183,183,13.561114286159508,2026-04-14 15:31:57.073034,2026-04-14 15:32:01.015198,0 days 00:00:03.942164,61.75134688365998,61.697167066669834,27.952253842955695,-57.494586403164995,95.42784755841274,70.07590209477272,37.67271735838037,44.666557899315734,18.204449601434575,96.24322352509138,54.63838869054579,30.093914433767814,-69.94699356631824,72.00919247423772,84.40046853294432,44.52033766585554,30.454757779704778,23.256249202959147,Unattained target,GPSampler,"{'sLegPt.rL0': 72.00919247423772, 'sLegPt.lL0': 96.24322352509138, 'sLegPt.rL1': 84.40046853294432, 'sLegPt.lL1': 54.63838869054579, 'sLegPt.x1': 30.454757779704778, 'sLegPt.y1': 23.256249202959147, 'sLegPt.rA1': -69.94699356631824, 'sLegPt.rL2': 44.52033766585554, 'sLegPt.lL2': 30.093914433767814, 'lLegPt.rL0': 95.42784755841274, 'lLegPt.lL0': 61.75134688365998, 'lLegPt.rL1': 70.07590209477272, 'lLegPt.lL1': 61.697167066669834, 'lLegPt.x1': 44.666557899315734, 'lLegPt.y1': 18.204449601434575, 'lLegPt.rA1': -57.494586403164995, 'lLegPt.rL2': 37.67271735838037, 'lLegPt.lL2': 27.952253842955695}",PRUNED
184,184,6.796868555681879,2026-04-14 15:32:01.170878,2026-04-14 15:32:04.857553,0 days 00:00:03.686675,30.078220244004864,33.72891743281162,27.473395733146884,-40.939049554377355,78.55913909132721,25.91206118531622,91.04756853471012,38.52163344510408,21.762142317857283,34.91251259257431,93.78235690892906,48.19713595909288,-78.01581464808424,92.5334504617887,38.941908683431976,32.95689936016953,49.340518039803875,22.877027635326915,Unattained target,GPSampler,,PRUNED
185,185,6.796868229636225,2026-04-14 15:32:05.003516,2026-04-14 15:32:08.741606,0 days 00:00:03.738090,30.078220244004864,33.72891743281162,27.473395733146884,-40.939049554377355,78.55913909132721,25.91206118531622,91.04756853471012,38.52163344510408,21.762142317857283,34.91251259257431,93.78235690892906,48.19713595909288,-78.01581464808424,92.5334504617887,38.941908683431976,32.95689936016953,49.340518039803875,22.877027635326915,Unattained target,GPSampler,"{'sLegPt.rL0': 92.5334504617887, 'sLegPt.lL0': 34.91251259257431, 'sLegPt.rL1': 38.941908683431976, 'sLegPt.lL1': 93.78235690892906, 'sLegPt.x1': 49.340518039803875, 'sLegPt.y1': 22.877027635326915, 'sLegPt.rA1': -78.01581464808424, 'sLegPt.rL2': 32.95689936016953, 'sLegPt.lL2': 48.19713595909288, 'lLegPt.rL0': 78.55913909132721, 'lLegPt.lL0': 30.078220244004864, 'lLegPt.rL1': 25.91206118531622, 'lLegPt.lL1': 33.72891743281162, 'lLegPt.x1': 38.52163344510408, 'lLegPt.y1': 21.762142317857283, 'lLegPt.rA1': -40.939049554377355, 'lLegPt.rL2': 91.04756853471012, 'lLegPt.lL2': 27.473395733146884}",PRUNED
186,186,6.796868120047279,2026-04-14 15:32:08.883356,2026-04-14 15:32:12.519664,0 days 00:00:03.636308,30.078220244004864,33.72891743281162,27.473395733146884,-40.939049554377355,78.55913909132721,25.91206118531622,91.04756853471012,38.52163344510408,21.762142317857283,34.91251259257431,93.78235690892906,48.19713595909288,-78.01581464808424,92.5334504617887,38.941908683431976,32.95689936016953,49.340518039803875,22.877027635326915,Unattained target,GPSampler,"{'sLegPt.rL0': 92.5334504617887, 'sLegPt.lL0': 34.91251259257431, 'sLegPt.rL1': 38.941908683431976, 'sLegPt.lL1': 93.78235690892906, 'sLegPt.x1': 49.340518039803875, 'sLegPt.y1': 22.877027635326915, 'sLegPt.rA1': -78.01581464808424, 'sLegPt.rL2': 32.95689936016953, 'sLegPt.lL2': 48.19713595909288, 'lLegPt.rL0': 78.55913909132721, 'lLegPt.lL0': 30.078220244004864, 'lLegPt.rL1': 25.91206118531622, 'lLegPt.lL1': 33.72891743281162, 'lLegPt.x1': 38.52163344510408, 'lLegPt.y1': 21.762142317857283, 'lLegPt.rA1': -40.939049554377355, 'lLegPt.rL2': 91.04756853471012, 'lLegPt.lL2': 27.473395733146884}",PRUNED
187,187,5.351628864781588,2026-04-14 15:32:12.656863,2026-04-14 15:32:18.804087,0 days 00:00:06.147224,14.848727509323599,49.51759842415905,74.70925161837374,-23.59816875718481,16.456207799723447,11.454387738470674,33.965738676771394,48.1232770064089,15.902901424349992,41.157172095640135,89.96699273837397,20.10554358063121,-22.35029374348563,71.951907210256,33.6753562713243,30.886914716084625,32.00953042145048,19.92610697175416,Unattained target,GPSampler,,PRUNED
188,188,5.351786354122481,2026-04-14 15:32:18.956204,2026-04-14 15:32:25.169395,0 days 00:00:06.213191,14.848727509323599,49.51759842415905,74.70925161837374,-23.59816875718481,16.456207799723447,11.454387738470674,33.965738676771394,48.1232770064089,15.902901424349992,41.157172095640135,89.96699273837397,20.10554358063121,-22.35029374348563,71.951907210256,33.6753562713243,30.886914716084625,32.00953042145048,19.92610697175416,Unattained target,GPSampler,"{'sLegPt.rL0': 71.951907210256, 'sLegPt.lL0': 41.157172095640135, 'sLegPt.rL1': 33.6753562713243, 'sLegPt.lL1': 89.96699273837397, 'sLegPt.x1': 32.00953042145048, 'sLegPt.y1': 19.92610697175416, 'sLegPt.rA1': -22.35029374348563, 'sLegPt.rL2': 30.886914716084625, 'sLegPt.lL2': 20.10554358063121, 'lLegPt.rL0': 16.456207799723447, 'lLegPt.lL0': 14.848727509323599, 'lLegPt.rL1': 11.454387738470674, 'lLegPt.lL1': 49.51759842415905, 'lLegPt.x1': 48.1232770064089, 'lLegPt.y1': 15.902901424349992, 'lLegPt.rA1': -23.59816875718481, 'lLegPt.rL2': 33.965738676771394, 'lLegPt.lL2': 74.70925161837374}",PRUNED
189,189,5.351520374187885,2026-04-14 15:32:25.315656,2026-04-14 15:32:31.952935,0 days 00:00:06.637279,14.848727509323599,49.51759842415905,74.70925161837374,-23.59816875718481,16.456207799723447,11.454387738470674,33.965738676771394,48.1232770064089,15.902901424349992,41.157172095640135,89.96699273837397,20.10554358063121,-22.35029374348563,71.951907210256,33.6753562713243,30.886914716084625,32.00953042145048,19.92610697175416,Unattained target,GPSampler,"{'sLegPt.rL0': 71.951907210256, 'sLegPt.lL0': 41.157172095640135, 'sLegPt.rL1': 33.6753562713243, 'sLegPt.lL1': 89.96699273837397, 'sLegPt.x1': 32.00953042145048, 'sLegPt.y1': 19.92610697175416, 'sLegPt.rA1': -22.35029374348563, 'sLegPt.rL2': 30.886914716084625, 'sLegPt.lL2': 20.10554358063121, 'lLegPt.rL0': 16.456207799723447, 'lLegPt.lL0': 14.848727509323599, 'lLegPt.rL1': 11.454387738470674, 'lLegPt.lL1': 49.51759842415905, 'lLegPt.x1': 48.1232770064089, 'lLegPt.y1': 15.902901424349992, 'lLegPt.rA1': -23.59816875718481, 'lLegPt.rL2': 33.965738676771394, 'lLegPt.lL2': 74.70925161837374}",PRUNED
190,190,0.22043485441372113,2026-04-14 15:32:32.089404,2026-04-14 15:32:42.634228,0 days 00:00:10.544824,85.05684023223304,84.99396592175788,15.360775034352518,-33.717981429447285,45.43580745876418,95.28802280461191,50.442281476134646,43.53675441755693,22.612392637461745,71.30965580067004,31.029038128144748,13.11825207086983,-39.13877933315076,42.575834059329836,26.40488815414803,72.32248500047822,44.02438353922969,28.426725102735112,,GPSampler,,COMPLETE
191,191,9.412416759347067,2026-04-14 15:32:43.222183,2026-04-14 15:32:47.565033,0 days 00:00:04.342850,53.012202922101906,28.9372331097619,89.37821986258352,-53.69988332838406,23.68624175291424,47.53557208145369,35.146821777538385,37.84359736989799,13.17165137746876,18.300272611550405,22.64862851558976,17.708937658359833,-60.10921361479219,96.36848981811205,70.09729009592454,83.16442165988364,37.29198720158214,12.409590212571597,Unattained target,GPSampler,,PRUNED
192,192,9.412416004007149,2026-04-14 15:32:47.731295,2026-04-14 15:32:51.893501,0 days 00:00:04.162206,53.012202922101906,28.9372331097619,89.37821986258352,-53.69988332838406,23.68624175291424,47.53557208145369,35.146821777538385,37.84359736989799,13.17165137746876,18.300272611550405,22.64862851558976,17.708937658359833,-60.10921361479219,96.36848981811205,70.09729009592454,83.16442165988364,37.29198720158214,12.409590212571597,Unattained target,GPSampler,"{'sLegPt.rL0': 96.36848981811205, 'sLegPt.lL0': 18.300272611550405, 'sLegPt.rL1': 70.09729009592454, 'sLegPt.lL1': 22.64862851558976, 'sLegPt.x1': 37.29198720158214, 'sLegPt.y1': 12.409590212571597, 'sLegPt.rA1': -60.10921361479219, 'sLegPt.rL2': 83.16442165988364, 'sLegPt.lL2': 17.708937658359833, 'lLegPt.rL0': 23.68624175291424, 'lLegPt.lL0': 53.012202922101906, 'lLegPt.rL1': 47.53557208145369, 'lLegPt.lL1': 28.9372331097619, 'lLegPt.x1': 37.84359736989799, 'lLegPt.y1': 13.17165137746876, 'lLegPt.rA1': -53.69988332838406, 'lLegPt.rL2': 35.146821777538385, 'lLegPt.lL2': 89.37821986258352}",PRUNED
193,193,9.412416920993998,2026-04-14 15:32:52.051273,2026-04-14 15:32:56.123170,0 days 00:00:04.071897,53.012202922101906,28.9372331097619,89.37821986258352,-53.69988332838406,23.68624175291424,47.53557208145369,35.146821777538385,37.84359736989799,13.17165137746876,18.300272611550405,22.64862851558976,17.708937658359833,-60.10921361479219,96.36848981811205,70.09729009592454,83.16442165988364,37.29198720158214,12.409590212571597,Unattained target,GPSampler,"{'sLegPt.rL0': 96.36848981811205, 'sLegPt.lL0': 18.300272611550405, 'sLegPt.rL1': 70.09729009592454, 'sLegPt.lL1': 22.64862851558976, 'sLegPt.x1': 37.29198720158214, 'sLegPt.y1': 12.409590212571597, 'sLegPt.rA1': -60.10921361479219, 'sLegPt.rL2': 83.16442165988364, 'sLegPt.lL2': 17.708937658359833, 'lLegPt.rL0': 23.68624175291424, 'lLegPt.lL0': 53.012202922101906, 'lLegPt.rL1': 47.53557208145369, 'lLegPt.lL1': 28.9372331097619, 'lLegPt.x1': 37.84359736989799, 'lLegPt.y1': 13.17165137746876, 'lLegPt.rA1': -53.69988332838406, 'lLegPt.rL2': 35.146821777538385, 'lLegPt.lL2': 89.37821986258352}",PRUNED
194,194,5.8560013707952585,2026-04-14 15:32:56.283857,2026-04-14 15:33:00.406437,0 days 00:00:04.122580,95.38595523090116,41.21053582137037,84.66052178687622,-75.16960325144936,41.38439610586103,70.22009421928247,45.82526151873711,37.34376289082506,13.357885304994861,14.96472080877956,10.595394949601454,89.25776476830926,-70.91621674165565,63.907498029048,47.07576606210779,57.87725899372852,35.524112331248105,16.206675535161466,Unattained target,GPSampler,,PRUNED
