,number,value,datetime_start,datetime_complete,duration,params_lLegPt.lL0,params_lLegPt.lL1,params_lLegPt.lL2,params_lLegPt.rA1,params_lLegPt.rL0,params_lLegPt.rL1,params_lLegPt.rL2,params_lLegPt.x1,params_lLegPt.y1,params_sLegPt.lL0,params_sLegPt.lL1,params_sLegPt.lL2,params_sLegPt.rA1,params_sLegPt.rL0,params_sLegPt.rL1,params_sLegPt.rL2,params_sLegPt.x1,params_sLegPt.y1,user_attrs_prune,system_attrs_auto:sampler,system_attrs_fixed_params,state
533,533,13.32012972709758,2026-04-14 15:59:00.478167,2026-04-14 15:59:04.375736,0 days 00:00:03.897569,72.98899797929572,83.75141962707595,78.9723675118209,-72.63707752611178,10.025793378855017,72.21794780784347,19.909601556215456,31.077153689115526,28.991641485684173,69.2319984590477,91.99502179416835,95.90575575533454,-70.25230608252102,62.883738259015395,13.215304744671567,34.454166731462706,37.83190735645447,15.013241574672243,Unattained target,GPSampler,"{'sLegPt.rL0': 62.883738259015395, 'sLegPt.lL0': 69.2319984590477, 'sLegPt.rL1': 13.215304744671567, 'sLegPt.lL1': 91.99502179416835, 'sLegPt.x1': 37.83190735645447, 'sLegPt.y1': 15.013241574672243, 'sLegPt.rA1': -70.25230608252102, 'sLegPt.rL2': 34.454166731462706, 'sLegPt.lL2': 95.90575575533454, 'lLegPt.rL0': 10.025793378855017, 'lLegPt.lL0': 72.98899797929572, 'lLegPt.rL1': 72.21794780784347, 'lLegPt.lL1': 83.75141962707595, 'lLegPt.x1': 31.077153689115526, 'lLegPt.y1': 28.991641485684173, 'lLegPt.rA1': -72.63707752611178, 'lLegPt.rL2': 19.909601556215456, 'lLegPt.lL2': 78.9723675118209}",PRUNED
534,534,13.320129376098123,2026-04-14 15:59:04.529650,2026-04-14 15:59:08.610013,0 days 00:00:04.080363,72.98899797929572,83.75141962707595,78.9723675118209,-72.63707752611178,10.025793378855017,72.21794780784347,19.909601556215456,31.077153689115526,28.991641485684173,69.2319984590477,91.99502179416835,95.90575575533454,-70.25230608252102,62.883738259015395,13.215304744671567,34.454166731462706,37.83190735645447,15.013241574672243,Unattained target,GPSampler,"{'sLegPt.rL0': 62.883738259015395, 'sLegPt.lL0': 69.2319984590477, 'sLegPt.rL1': 13.215304744671567, 'sLegPt.lL1': 91.99502179416835, 'sLegPt.x1': 37.83190735645447, 'sLegPt.y1': 15.013241574672243, 'sLegPt.rA1': -70.25230608252102, 'sLegPt.rL2': 34.454166731462706, 'sLegPt.lL2': 95.90575575533454, 'lLegPt.rL0': 10.025793378855017, 'lLegPt.lL0': 72.98899797929572, 'lLegPt.rL1': 72.21794780784347, 'lLegPt.lL1': 83.75141962707595, 'lLegPt.x1': 31.077153689115526, 'lLegPt.y1': 28.991641485684173, 'lLegPt.rA1': -72.63707752611178, 'lLegPt.rL2': 19.909601556215456, 'lLegPt.lL2': 78.9723675118209}",PRUNED
535,535,7.149942501909695,2026-04-14 15:59:08.770519,2026-04-14 15:59:12.683398,0 days 00:00:03.912879,12.556827613315079,69.94323550095501,88.47807025058965,-67.78684627074517,27.907310608242913,77.97529356303207,74.87765905933198,41.21566031955586,23.129056440095034,18.087779461113175,70.19354200301433,92.050307450472,-67.61655820808996,94.86955011608873,85.66299696076986,27.393577906728726,39.811080555229324,19.30858752566003,Unattained target,GPSampler,,PRUNED
536,536,7.149942630391031,2026-04-14 15:59:12.851853,2026-04-14 15:59:16.732110,0 days 00:00:03.880257,12.556827613315079,69.94323550095501,88.47807025058965,-67.78684627074517,27.907310608242913,77.97529356303207,74.87765905933198,41.21566031955586,23.129056440095034,18.087779461113175,70.19354200301433,92.050307450472,-67.61655820808996,94.86955011608873,85.66299696076986,27.393577906728726,39.811080555229324,19.30858752566003,Unattained target,GPSampler,"{'sLegPt.rL0': 94.86955011608873, 'sLegPt.lL0': 18.087779461113175, 'sLegPt.rL1': 85.66299696076986, 'sLegPt.lL1': 70.19354200301433, 'sLegPt.x1': 39.811080555229324, 'sLegPt.y1': 19.30858752566003, 'sLegPt.rA1': -67.61655820808996, 'sLegPt.rL2': 27.393577906728726, 'sLegPt.lL2': 92.050307450472, 'lLegPt.rL0': 27.907310608242913, 'lLegPt.lL0': 12.556827613315079, 'lLegPt.rL1': 77.97529356303207, 'lLegPt.lL1': 69.94323550095501, 'lLegPt.x1': 41.21566031955586, 'lLegPt.y1': 23.129056440095034, 'lLegPt.rA1': -67.78684627074517, 'lLegPt.rL2': 74.87765905933198, 'lLegPt.lL2': 88.47807025058965}",PRUNED
537,537,7.149942685092942,2026-04-14 15:59:16.890959,2026-04-14 15:59:20.745290,0 days 00:00:03.854331,12.556827613315079,69.94323550095501,88.47807025058965,-67.78684627074517,27.907310608242913,77.97529356303207,74.87765905933198,41.21566031955586,23.129056440095034,18.087779461113175,70.19354200301433,92.050307450472,-67.61655820808996,94.86955011608873,85.66299696076986,27.393577906728726,39.811080555229324,19.30858752566003,Unattained target,GPSampler,"{'sLegPt.rL0': 94.86955011608873, 'sLegPt.lL0': 18.087779461113175, 'sLegPt.rL1': 85.66299696076986, 'sLegPt.lL1': 70.19354200301433, 'sLegPt.x1': 39.811080555229324, 'sLegPt.y1': 19.30858752566003, 'sLegPt.rA1': -67.61655820808996, 'sLegPt.rL2': 27.393577906728726, 'sLegPt.lL2': 92.050307450472, 'lLegPt.rL0': 27.907310608242913, 'lLegPt.lL0': 12.556827613315079, 'lLegPt.rL1': 77.97529356303207, 'lLegPt.lL1': 69.94323550095501, 'lLegPt.x1': 41.21566031955586, 'lLegPt.y1': 23.129056440095034, 'lLegPt.rA1': -67.78684627074517, 'lLegPt.rL2': 74.87765905933198, 'lLegPt.lL2': 88.47807025058965}",PRUNED
538,538,14.166151145504614,2026-04-14 15:59:20.899987,2026-04-14 15:59:24.635433,0 days 00:00:03.735446,40.17423218540168,28.133076835159724,73.07123241866768,-79.46805022330473,12.947110441269043,95.37949187760208,36.7604639068244,44.95600429710355,23.708140838944146,52.078416520536734,87.78944361410564,28.515479528347043,-70.89399432322877,99.82978295988121,23.9135424294375,72.56921489182889,49.216610728789824,10.577195896727982,Unattained target,GPSampler,,PRUNED
539,539,14.166151178196081,2026-04-14 15:59:24.799852,2026-04-14 15:59:28.711860,0 days 00:00:03.912008,40.17423218540168,28.133076835159724,73.07123241866768,-79.46805022330473,12.947110441269043,95.37949187760208,36.7604639068244,44.95600429710355,23.708140838944146,52.078416520536734,87.78944361410564,28.515479528347043,-70.89399432322877,99.82978295988121,23.9135424294375,72.56921489182889,49.216610728789824,10.577195896727982,Unattained target,GPSampler,"{'sLegPt.rL0': 99.82978295988121, 'sLegPt.lL0': 52.078416520536734, 'sLegPt.rL1': 23.9135424294375, 'sLegPt.lL1': 87.78944361410564, 'sLegPt.x1': 49.216610728789824, 'sLegPt.y1': 10.577195896727982, 'sLegPt.rA1': -70.89399432322877, 'sLegPt.rL2': 72.56921489182889, 'sLegPt.lL2': 28.515479528347043, 'lLegPt.rL0': 12.947110441269043, 'lLegPt.lL0': 40.17423218540168, 'lLegPt.rL1': 95.37949187760208, 'lLegPt.lL1': 28.133076835159724, 'lLegPt.x1': 44.95600429710355, 'lLegPt.y1': 23.708140838944146, 'lLegPt.rA1': -79.46805022330473, 'lLegPt.rL2': 36.7604639068244, 'lLegPt.lL2': 73.07123241866768}",PRUNED
540,540,14.166151185835737,2026-04-14 15:59:28.872649,2026-04-14 15:59:32.612487,0 days 00:00:03.739838,40.17423218540168,28.133076835159724,73.07123241866768,-79.46805022330473,12.947110441269043,95.37949187760208,36.7604639068244,44.95600429710355,23.708140838944146,52.078416520536734,87.78944361410564,28.515479528347043,-70.89399432322877,99.82978295988121,23.9135424294375,72.56921489182889,49.216610728789824,10.577195896727982,Unattained target,GPSampler,"{'sLegPt.rL0': 99.82978295988121, 'sLegPt.lL0': 52.078416520536734, 'sLegPt.rL1': 23.9135424294375, 'sLegPt.lL1': 87.78944361410564, 'sLegPt.x1': 49.216610728789824, 'sLegPt.y1': 10.577195896727982, 'sLegPt.rA1': -70.89399432322877, 'sLegPt.rL2': 72.56921489182889, 'sLegPt.lL2': 28.515479528347043, 'lLegPt.rL0': 12.947110441269043, 'lLegPt.lL0': 40.17423218540168, 'lLegPt.rL1': 95.37949187760208, 'lLegPt.lL1': 28.133076835159724, 'lLegPt.x1': 44.95600429710355, 'lLegPt.y1': 23.708140838944146, 'lLegPt.rA1': -79.46805022330473, 'lLegPt.rL2': 36.7604639068244, 'lLegPt.lL2': 73.07123241866768}",PRUNED
541,541,8.182347595139511,2026-04-14 15:59:32.790083,2026-04-14 15:59:36.556288,0 days 00:00:03.766205,64.78784519552235,27.525902680029624,55.132070396846665,-68.23083014899765,67.17967790092058,76.03187950431,90.42408210760995,46.567313798904834,21.776207371121306,26.341546495436255,23.082234001049017,77.06597737218442,-62.38326643318682,64.44403137913967,41.351808158766474,99.37656463952756,41.20495671533973,17.350937166865066,Unattained target,GPSampler,,PRUNED
542,542,8.182347553377262,2026-04-14 15:59:36.730887,2026-04-14 15:59:40.672441,0 days 00:00:03.941554,64.78784519552235,27.525902680029624,55.132070396846665,-68.23083014899765,67.17967790092058,76.03187950431,90.42408210760995,46.567313798904834,21.776207371121306,26.341546495436255,23.082234001049017,77.06597737218442,-62.38326643318682,64.44403137913967,41.351808158766474,99.37656463952756,41.20495671533973,17.350937166865066,Unattained target,GPSampler,"{'sLegPt.rL0': 64.44403137913967, 'sLegPt.lL0': 26.341546495436255, 'sLegPt.rL1': 41.351808158766474, 'sLegPt.lL1': 23.082234001049017, 'sLegPt.x1': 41.20495671533973, 'sLegPt.y1': 17.350937166865066, 'sLegPt.rA1': -62.38326643318682, 'sLegPt.rL2': 99.37656463952756, 'sLegPt.lL2': 77.06597737218442, 'lLegPt.rL0': 67.17967790092058, 'lLegPt.lL0': 64.78784519552235, 'lLegPt.rL1': 76.03187950431, 'lLegPt.lL1': 27.525902680029624, 'lLegPt.x1': 46.567313798904834, 'lLegPt.y1': 21.776207371121306, 'lLegPt.rA1': -68.23083014899765, 'lLegPt.rL2': 90.42408210760995, 'lLegPt.lL2': 55.132070396846665}",PRUNED
543,543,8.182347430284366,2026-04-14 15:59:40.894766,2026-04-14 15:59:44.825381,0 days 00:00:03.930615,64.78784519552235,27.525902680029624,55.132070396846665,-68.23083014899765,67.17967790092058,76.03187950431,90.42408210760995,46.567313798904834,21.776207371121306,26.341546495436255,23.082234001049017,77.06597737218442,-62.38326643318682,64.44403137913967,41.351808158766474,99.37656463952756,41.20495671533973,17.350937166865066,Unattained target,GPSampler,"{'sLegPt.rL0': 64.44403137913967, 'sLegPt.lL0': 26.341546495436255, 'sLegPt.rL1': 41.351808158766474, 'sLegPt.lL1': 23.082234001049017, 'sLegPt.x1': 41.20495671533973, 'sLegPt.y1': 17.350937166865066, 'sLegPt.rA1': -62.38326643318682, 'sLegPt.rL2': 99.37656463952756, 'sLegPt.lL2': 77.06597737218442, 'lLegPt.rL0': 67.17967790092058, 'lLegPt.lL0': 64.78784519552235, 'lLegPt.rL1': 76.03187950431, 'lLegPt.lL1': 27.525902680029624, 'lLegPt.x1': 46.567313798904834, 'lLegPt.y1': 21.776207371121306, 'lLegPt.rA1': -68.23083014899765, 'lLegPt.rL2': 90.42408210760995, 'lLegPt.lL2': 55.132070396846665}",PRUNED
544,544,7.358297092095128,2026-04-14 15:59:44.978412,2026-04-14 15:59:49.058970,0 days 00:00:04.080558,73.3178501932633,23.115526885557102,38.36450640566065,-39.64596383855734,92.04847021795348,65.10876291897654,20.747972492531936,47.91742684448226,14.200524442352343,90.04457126649253,37.677309567174426,90.28892367360662,-45.68891354356559,67.2693267212044,63.24324785671619,20.759859482457806,32.582327327285284,12.794950161135258,Unattained target,GPSampler,,PRUNED
545,545,7.3582970957162175,2026-04-14 15:59:49.220216,2026-04-14 15:59:53.076174,0 days 00:00:03.855958,73.3178501932633,23.115526885557102,38.36450640566065,-39.64596383855734,92.04847021795348,65.10876291897654,20.747972492531936,47.91742684448226,14.200524442352343,90.04457126649253,37.677309567174426,90.28892367360662,-45.68891354356559,67.2693267212044,63.24324785671619,20.759859482457806,32.582327327285284,12.794950161135258,Unattained target,GPSampler,"{'sLegPt.rL0': 67.2693267212044, 'sLegPt.lL0': 90.04457126649253, 'sLegPt.rL1': 63.24324785671619, 'sLegPt.lL1': 37.677309567174426, 'sLegPt.x1': 32.582327327285284, 'sLegPt.y1': 12.794950161135258, 'sLegPt.rA1': -45.68891354356559, 'sLegPt.rL2': 20.759859482457806, 'sLegPt.lL2': 90.28892367360662, 'lLegPt.rL0': 92.04847021795348, 'lLegPt.lL0': 73.3178501932633, 'lLegPt.rL1': 65.10876291897654, 'lLegPt.lL1': 23.115526885557102, 'lLegPt.x1': 47.91742684448226, 'lLegPt.y1': 14.200524442352343, 'lLegPt.rA1': -39.64596383855734, 'lLegPt.rL2': 20.747972492531936, 'lLegPt.lL2': 38.36450640566065}",PRUNED
546,546,7.358297022317647,2026-04-14 15:59:53.231717,2026-04-14 15:59:57.210003,0 days 00:00:03.978286,73.3178501932633,23.115526885557102,38.36450640566065,-39.64596383855734,92.04847021795348,65.10876291897654,20.747972492531936,47.91742684448226,14.200524442352343,90.04457126649253,37.677309567174426,90.28892367360662,-45.68891354356559,67.2693267212044,63.24324785671619,20.759859482457806,32.582327327285284,12.794950161135258,Unattained target,GPSampler,"{'sLegPt.rL0': 67.2693267212044, 'sLegPt.lL0': 90.04457126649253, 'sLegPt.rL1': 63.24324785671619, 'sLegPt.lL1': 37.677309567174426, 'sLegPt.x1': 32.582327327285284, 'sLegPt.y1': 12.794950161135258, 'sLegPt.rA1': -45.68891354356559, 'sLegPt.rL2': 20.759859482457806, 'sLegPt.lL2': 90.28892367360662, 'lLegPt.rL0': 92.04847021795348, 'lLegPt.lL0': 73.3178501932633, 'lLegPt.rL1': 65.10876291897654, 'lLegPt.lL1': 23.115526885557102, 'lLegPt.x1': 47.91742684448226, 'lLegPt.y1': 14.200524442352343, 'lLegPt.rA1': -39.64596383855734, 'lLegPt.rL2': 20.747972492531936, 'lLegPt.lL2': 38.36450640566065}",PRUNED
547,547,7.4258071028657255,2026-04-14 15:59:57.356404,2026-04-14 16:00:01.379053,0 days 00:00:04.022649,92.25876309335975,60.697324681331565,24.572790754458993,-76.72118695056514,55.64888281715446,48.095975969997376,12.13590863163689,30.15055457447281,11.202829917204511,92.388594865559,22.621756689953855,95.79402549109555,-26.776075439026236,56.63932796808582,18.021903804744056,55.01385324065258,49.802163589445044,12.89721597767598,Unattained target,GPSampler,,PRUNED
548,548,7.425807417442549,2026-04-14 16:00:01.534518,2026-04-14 16:00:05.619356,0 days 00:00:04.084838,92.25876309335975,60.697324681331565,24.572790754458993,-76.72118695056514,55.64888281715446,48.095975969997376,12.13590863163689,30.15055457447281,11.202829917204511,92.388594865559,22.621756689953855,95.79402549109555,-26.776075439026236,56.63932796808582,18.021903804744056,55.01385324065258,49.802163589445044,12.89721597767598,Unattained target,GPSampler,"{'sLegPt.rL0': 56.63932796808582, 'sLegPt.lL0': 92.388594865559, 'sLegPt.rL1': 18.021903804744056, 'sLegPt.lL1': 22.621756689953855, 'sLegPt.x1': 49.802163589445044, 'sLegPt.y1': 12.89721597767598, 'sLegPt.rA1': -26.776075439026236, 'sLegPt.rL2': 55.01385324065258, 'sLegPt.lL2': 95.79402549109555, 'lLegPt.rL0': 55.64888281715446, 'lLegPt.lL0': 92.25876309335975, 'lLegPt.rL1': 48.095975969997376, 'lLegPt.lL1': 60.697324681331565, 'lLegPt.x1': 30.15055457447281, 'lLegPt.y1': 11.202829917204511, 'lLegPt.rA1': -76.72118695056514, 'lLegPt.rL2': 12.13590863163689, 'lLegPt.lL2': 24.572790754458993}",PRUNED
549,549,7.425807434107057,2026-04-14 16:00:05.798499,2026-04-14 16:00:09.513415,0 days 00:00:03.714916,92.25876309335975,60.697324681331565,24.572790754458993,-76.72118695056514,55.64888281715446,48.095975969997376,12.13590863163689,30.15055457447281,11.202829917204511,92.388594865559,22.621756689953855,95.79402549109555,-26.776075439026236,56.63932796808582,18.021903804744056,55.01385324065258,49.802163589445044,12.89721597767598,Unattained target,GPSampler,"{'sLegPt.rL0': 56.63932796808582, 'sLegPt.lL0': 92.388594865559, 'sLegPt.rL1': 18.021903804744056, 'sLegPt.lL1': 22.621756689953855, 'sLegPt.x1': 49.802163589445044, 'sLegPt.y1': 12.89721597767598, 'sLegPt.rA1': -26.776075439026236, 'sLegPt.rL2': 55.01385324065258, 'sLegPt.lL2': 95.79402549109555, 'lLegPt.rL0': 55.64888281715446, 'lLegPt.lL0': 92.25876309335975, 'lLegPt.rL1': 48.095975969997376, 'lLegPt.lL1': 60.697324681331565, 'lLegPt.x1': 30.15055457447281, 'lLegPt.y1': 11.202829917204511, 'lLegPt.rA1': -76.72118695056514, 'lLegPt.rL2': 12.13590863163689, 'lLegPt.lL2': 24.572790754458993}",PRUNED
550,550,7.214469567549386,2026-04-14 16:00:09.686123,2026-04-14 16:00:13.677018,0 days 00:00:03.990895,23.570422227121337,34.028399339564956,29.770884474848113,-49.740321180321786,83.45161499211785,56.810330719758205,97.64824742064667,46.355044619086044,29.110372922683702,92.39085425191958,97.98584706268822,53.92388372436324,-48.80730519747836,17.914021081189823,88.15818629310756,55.49774903472848,48.630688306184965,21.05771260018694,Unattained target,GPSampler,,PRUNED
551,551,7.214469578971556,2026-04-14 16:00:13.834892,2026-04-14 16:00:17.817443,0 days 00:00:03.982551,23.570422227121337,34.028399339564956,29.770884474848113,-49.740321180321786,83.45161499211785,56.810330719758205,97.64824742064667,46.355044619086044,29.110372922683702,92.39085425191958,97.98584706268822,53.92388372436324,-48.80730519747836,17.914021081189823,88.15818629310756,55.49774903472848,48.630688306184965,21.05771260018694,Unattained target,GPSampler,"{'sLegPt.rL0': 17.914021081189823, 'sLegPt.lL0': 92.39085425191958, 'sLegPt.rL1': 88.15818629310756, 'sLegPt.lL1': 97.98584706268822, 'sLegPt.x1': 48.630688306184965, 'sLegPt.y1': 21.05771260018694, 'sLegPt.rA1': -48.80730519747836, 'sLegPt.rL2': 55.49774903472848, 'sLegPt.lL2': 53.92388372436324, 'lLegPt.rL0': 83.45161499211785, 'lLegPt.lL0': 23.570422227121337, 'lLegPt.rL1': 56.810330719758205, 'lLegPt.lL1': 34.028399339564956, 'lLegPt.x1': 46.355044619086044, 'lLegPt.y1': 29.110372922683702, 'lLegPt.rA1': -49.740321180321786, 'lLegPt.rL2': 97.64824742064667, 'lLegPt.lL2': 29.770884474848113}",PRUNED
552,552,7.21446923260039,2026-04-14 16:00:17.974365,2026-04-14 16:00:21.585849,0 days 00:00:03.611484,23.570422227121337,34.028399339564956,29.770884474848113,-49.740321180321786,83.45161499211785,56.810330719758205,97.64824742064667,46.355044619086044,29.110372922683702,92.39085425191958,97.98584706268822,53.92388372436324,-48.80730519747836,17.914021081189823,88.15818629310756,55.49774903472848,48.630688306184965,21.05771260018694,Unattained target,GPSampler,"{'sLegPt.rL0': 17.914021081189823, 'sLegPt.lL0': 92.39085425191958, 'sLegPt.rL1': 88.15818629310756, 'sLegPt.lL1': 97.98584706268822, 'sLegPt.x1': 48.630688306184965, 'sLegPt.y1': 21.05771260018694, 'sLegPt.rA1': -48.80730519747836, 'sLegPt.rL2': 55.49774903472848, 'sLegPt.lL2': 53.92388372436324, 'lLegPt.rL0': 83.45161499211785, 'lLegPt.lL0': 23.570422227121337, 'lLegPt.rL1': 56.810330719758205, 'lLegPt.lL1': 34.028399339564956, 'lLegPt.x1': 46.355044619086044, 'lLegPt.y1': 29.110372922683702, 'lLegPt.rA1': -49.740321180321786, 'lLegPt.rL2': 97.64824742064667, 'lLegPt.lL2': 29.770884474848113}",PRUNED
553,553,5.8336972368089235,2026-04-14 16:00:21.754484,2026-04-14 16:00:29.530587,0 days 00:00:07.776103,10.290878723673137,54.47371825846253,35.81130054139459,-77.27053917951483,35.98830021320741,13.634071810174612,61.06663353674092,44.39904039897289,27.314734065913907,19.388305028373573,27.03162003005686,25.96451628146088,-45.17944127220015,37.20905741279722,21.9791357825698,25.58719150477946,33.18542546543704,28.285103033012152,Unattained target,GPSampler,,PRUNED
554,554,5.793135956632277,2026-04-14 16:00:29.703831,2026-04-14 16:00:37.259315,0 days 00:00:07.555484,10.290878723673137,54.47371825846253,35.81130054139459,-77.27053917951483,35.98830021320741,13.634071810174612,61.06663353674092,44.39904039897289,27.314734065913907,19.388305028373573,27.03162003005686,25.96451628146088,-45.17944127220015,37.20905741279722,21.9791357825698,25.58719150477946,33.18542546543704,28.285103033012152,Unattained target,GPSampler,"{'sLegPt.rL0': 37.20905741279722, 'sLegPt.lL0': 19.388305028373573, 'sLegPt.rL1': 21.9791357825698, 'sLegPt.lL1': 27.03162003005686, 'sLegPt.x1': 33.18542546543704, 'sLegPt.y1': 28.285103033012152, 'sLegPt.rA1': -45.17944127220015, 'sLegPt.rL2': 25.58719150477946, 'sLegPt.lL2': 25.96451628146088, 'lLegPt.rL0': 35.98830021320741, 'lLegPt.lL0': 10.290878723673137, 'lLegPt.rL1': 13.634071810174612, 'lLegPt.lL1': 54.47371825846253, 'lLegPt.x1': 44.39904039897289, 'lLegPt.y1': 27.314734065913907, 'lLegPt.rA1': -77.27053917951483, 'lLegPt.rL2': 61.06663353674092, 'lLegPt.lL2': 35.81130054139459}",PRUNED
555,555,5.820001620856395,2026-04-14 16:00:37.425364,2026-04-14 16:00:45.337493,0 days 00:00:07.912129,10.290878723673137,54.47371825846253,35.81130054139459,-77.27053917951483,35.98830021320741,13.634071810174612,61.06663353674092,44.39904039897289,27.314734065913907,19.388305028373573,27.03162003005686,25.96451628146088,-45.17944127220015,37.20905741279722,21.9791357825698,25.58719150477946,33.18542546543704,28.285103033012152,Unattained target,GPSampler,"{'sLegPt.rL0': 37.20905741279722, 'sLegPt.lL0': 19.388305028373573, 'sLegPt.rL1': 21.9791357825698, 'sLegPt.lL1': 27.03162003005686, 'sLegPt.x1': 33.18542546543704, 'sLegPt.y1': 28.285103033012152, 'sLegPt.rA1': -45.17944127220015, 'sLegPt.rL2': 25.58719150477946, 'sLegPt.lL2': 25.96451628146088, 'lLegPt.rL0': 35.98830021320741, 'lLegPt.lL0': 10.290878723673137, 'lLegPt.rL1': 13.634071810174612, 'lLegPt.lL1': 54.47371825846253, 'lLegPt.x1': 44.39904039897289, 'lLegPt.y1': 27.314734065913907, 'lLegPt.rA1': -77.27053917951483, 'lLegPt.rL2': 61.06663353674092, 'lLegPt.lL2': 35.81130054139459}",PRUNED
556,556,5.516388328321462,2026-04-14 16:00:45.500683,2026-04-14 16:00:49.314716,0 days 00:00:03.814033,29.314216643380206,34.808748973273865,77.52916404493931,-67.13169100632466,21.15059771452506,74.39992185868121,59.59153617447175,33.01698758992426,13.555745178120782,75.04865362140325,75.26487958583891,73.11511820368352,-41.79406277856508,45.35680608773884,37.51101272409466,67.05906553274785,31.17994236381999,14.44317024197282,Unattained target,GPSampler,,PRUNED
