,number,value,datetime_start,datetime_complete,duration,params_lLegPt.rA1,params_lLegPt.rL0,params_lLegPt.rL1,params_lLegPt.rL2,params_lLegPt.x1,params_lLegPt.y1,params_sLegPt.rA1,params_sLegPt.rL0,params_sLegPt.rL1,params_sLegPt.rL2,params_sLegPt.x1,params_sLegPt.y1,user_attrs_prune,system_attrs_auto:sampler,state
371,371,6.0,2026-04-22 12:40:00.320071,2026-04-22 12:40:00.399787,0 days 00:00:00.079716,-36.53405667645187,17.831699844924934,60.77609302497444,86.78352222628399,61.58823215783191,-24.40309148122175,-33.279950762796474,98.11923408829134,50.149800406459704,68.7823694466992,-6.495199645059159,40.58126679081725,Unfeasible shape,GPSampler,PRUNED
372,372,6.0,2026-04-22 12:40:00.535400,2026-04-22 12:40:00.598289,0 days 00:00:00.062889,-54.218256105757305,96.46533867179949,43.73523658797626,61.63969685017049,59.37257448791429,-12.476360029470833,-49.0433526445166,81.19454530053676,46.51871293559168,20.783324112590744,-23.12528629818523,29.030959454403835,Unfeasible shape,GPSampler,PRUNED
373,373,6.0,2026-04-22 12:40:00.754367,2026-04-22 12:40:00.829501,0 days 00:00:00.075134,-62.2725382443996,20.13854639575839,77.16080406295086,75.87382523829358,36.450118063026096,38.85915253967964,-69.3851449371199,66.65464738652213,69.53959665113456,33.915182558685366,-1.04989100146679,57.74766333929881,Unfeasible shape,GPSampler,PRUNED
374,374,6.0,2026-04-22 12:40:00.966809,2026-04-22 12:40:01.054986,0 days 00:00:00.088177,-56.578273806899354,98.7691653268314,96.15942298895632,33.927706740439405,28.69371140414023,-13.239053688493438,-67.873149730318,50.428421222224586,63.87277444124546,89.68451113570808,15.13426150573298,22.32334542504642,Unfeasible shape,GPSampler,PRUNED
375,375,6.0,2026-04-22 12:40:01.201919,2026-04-22 12:40:01.312855,0 days 00:00:00.110936,-38.63004135333669,97.98898204146869,97.32212346821116,75.69846391220966,14.328070140471851,-15.037511787899556,-60.18095209988144,73.09636815988662,19.05723373654511,79.48448647136101,16.33156422592704,56.82756226271883,Unfeasible shape,GPSampler,PRUNED
376,376,6.0,2026-04-22 12:40:01.454995,2026-04-22 12:40:01.511660,0 days 00:00:00.056665,-31.24116219139544,96.19122721667323,83.878799910815,77.16453568730672,-5.304004969714449,-21.602934643509116,-63.21121726044392,33.65051834644203,41.17864606240893,51.613000324179936,4.86867338480053,-4.609721825633528,Unfeasible shape,GPSampler,PRUNED
377,377,6.0,2026-04-22 12:40:01.680118,2026-04-22 12:40:01.727524,0 days 00:00:00.047406,-56.31413131082981,91.89886967771464,36.950321924957066,57.93767069169462,47.08433141173534,45.628548482732256,-31.159363063171106,84.08666058434204,36.85808054672752,66.1641095818906,-17.32866410793507,-3.1618257683814646,Unfeasible shape,GPSampler,PRUNED
378,378,6.0,2026-04-22 12:40:01.878555,2026-04-22 12:40:01.957722,0 days 00:00:00.079167,-67.68947510852692,28.996395208067888,67.38980645970685,12.171634860978063,34.164724373927754,55.424962377310464,-56.16334305774053,52.27302441187007,31.9606668325861,84.92418969953914,-18.257345804748084,8.656164394810013,Unfeasible shape,GPSampler,PRUNED
379,379,6.0,2026-04-22 12:40:02.108908,2026-04-22 12:40:02.172610,0 days 00:00:00.063702,-65.26269060972191,87.75012884188372,10.420153254872385,32.963150802543865,25.666124023400485,-10.104297494858919,-54.799124318442594,25.705956801504396,35.90004634530976,37.080207388249946,-1.5305158245956818,-6.390261130664306,Unfeasible shape,GPSampler,PRUNED
380,380,6.0,2026-04-22 12:40:02.323171,2026-04-22 12:40:02.402136,0 days 00:00:00.078965,-66.82185152363564,31.40344040560554,72.42626909597898,29.37754739999048,-8.66092698536917,24.31394358990117,-51.37758992728105,70.3227584744654,62.49642907493592,48.597486064453776,10.306156610567449,47.08957015147471,Unfeasible shape,GPSampler,PRUNED
381,381,6.0,2026-04-22 12:40:02.556833,2026-04-22 12:40:02.632620,0 days 00:00:00.075787,-75.62276090497899,97.31798355990576,92.33987533509077,80.5064205046167,47.03960877577103,-7.967813289231131,-49.903159905730206,93.68340583370598,12.88644527733007,40.78051541383091,17.71215653618348,45.53190352440673,Unfeasible shape,GPSampler,PRUNED
382,382,6.0,2026-04-22 12:40:02.785088,2026-04-22 12:40:02.880174,0 days 00:00:00.095086,-43.13689083755745,99.59745066035171,48.08180601709875,82.26366224735676,-4.184208411889246,57.67726235312412,-30.198884609414662,98.76677020222914,46.68414044177166,51.45425921871293,1.5892000054613256,58.8662053611545,Unfeasible shape,GPSampler,PRUNED
383,383,6.0,2026-04-22 12:40:03.019996,2026-04-22 12:40:03.083227,0 days 00:00:00.063231,-54.751070767873216,55.79436843305579,96.5157468589904,11.784936058541845,-0.6790344532543404,8.529253069743795,-55.85430681077146,52.93097350647192,53.58846564723661,35.44680665640168,-0.9845882503681374,14.52117787168029,Unfeasible shape,GPSampler,PRUNED
384,384,6.0,2026-04-22 12:40:03.268067,2026-04-22 12:40:03.347258,0 days 00:00:00.079191,-33.685924981561016,64.53525483678722,23.586714652884268,98.29614473463805,50.96055383906153,4.7293968222077325,-71.96832232102854,18.02332427235611,29.641824821757968,84.1902626002499,-14.765000904587634,16.028233682782478,Unfeasible shape,GPSampler,PRUNED
385,385,6.0,2026-04-22 12:40:03.484174,2026-04-22 12:40:03.563493,0 days 00:00:00.079319,-61.790993577182306,51.55328317205739,33.31528062717428,27.63334312280311,36.287092638940116,-2.3062227267002875,-48.44103768121943,52.244704306120575,28.728398090839903,89.89635364630763,-24.582266372593953,19.981464100420595,Unfeasible shape,GPSampler,PRUNED
386,386,6.0,2026-04-22 12:40:03.699541,2026-04-22 12:40:03.778715,0 days 00:00:00.079174,-76.46930432099673,54.17758887368084,31.039600136374897,30.712789415788716,59.12619166220159,23.35710329183231,-71.91560815228297,24.17698636665379,44.07154452572398,11.245671926908237,-24.7972621525272,33.56179398503213,Unfeasible shape,GPSampler,PRUNED
387,387,6.0,2026-04-22 12:40:03.900090,2026-04-22 12:40:03.978723,0 days 00:00:00.078633,-32.996081455958745,17.83142537624677,89.5451705747346,67.69184402373533,-6.383026807504274,6.262974300141117,-24.732706008834086,10.534847599181813,32.334670582729,58.182508069608154,13.249994385848957,21.726819288220497,Unfeasible shape,GPSampler,PRUNED
388,388,6.0,2026-04-22 12:40:04.115467,2026-04-22 12:40:04.178466,0 days 00:00:00.062999,-20.392884273316696,22.736546893501796,77.506253584108,26.937304809140326,-4.887756564461049,55.21143273372839,-79.80587967738886,74.9522260264047,38.92465756242427,85.96826773913442,-4.2558990976220485,22.16357932380135,Unfeasible shape,GPSampler,PRUNED
389,389,6.0,2026-04-22 12:40:04.329280,2026-04-22 12:40:04.376866,0 days 00:00:00.047586,-25.65037132447054,23.40118155343648,99.14671926964517,36.777458300856125,30.319224410304173,-11.939863000606472,-35.48520089895835,48.605149209275936,87.64138053698463,51.09872431842383,13.978157440600228,60.28551841711523,Unfeasible shape,GPSampler,PRUNED
390,390,6.0,2026-04-22 12:40:04.529930,2026-04-22 12:40:04.593282,0 days 00:00:00.063352,-60.644961366659246,18.148003925250507,56.02199570975843,87.84026737971351,42.75538184287729,-19.82459693782834,-70.82773386376003,65.56790873280508,43.665265278341394,88.88844032347622,-21.638464121746196,51.28418724002755,Unfeasible shape,GPSampler,PRUNED
391,391,6.0,2026-04-22 12:40:04.744666,2026-04-22 12:40:04.808396,0 days 00:00:00.063730,-77.54527226197439,87.4560881056282,93.81140232463984,79.52375424843798,7.240896173140559,8.740232679485473,-49.525650108253814,59.97433204643523,94.22207851048628,91.04344638702409,-26.380503216599212,-0.47045895040875685,Unfeasible shape,GPSampler,PRUNED
392,392,6.0,2026-04-22 12:40:04.943976,2026-04-22 12:40:04.991302,0 days 00:00:00.047326,-79.49448401602079,52.226605040928604,30.566092702776164,33.389598170084064,20.759100590747956,-14.63439525995517,-64.68331908874424,32.82779313243651,84.11188419012827,30.594879593614387,-5.897965876765944,30.750779795597147,Unfeasible shape,GPSampler,PRUNED
393,393,6.0,2026-04-22 12:40:05.126820,2026-04-22 12:40:05.190052,0 days 00:00:00.063232,-40.90891131831447,11.765120295277292,68.87527996393217,68.06854261829747,61.51901358833818,27.33766097921289,-71.72166978078079,63.53504379427515,20.723121456743858,61.46143511276461,-4.069275142306157,38.05152122764796,Unfeasible shape,GPSampler,PRUNED
394,394,6.0,2026-04-22 12:40:05.342528,2026-04-22 12:40:05.436997,0 days 00:00:00.094469,-62.91133026252455,83.34028095190253,98.13766833897213,97.99079612347121,57.83917494341202,-9.532135286965932,-37.67351507672978,20.661966356718345,60.84612706242249,46.77163956582339,-7.0314541500672085,34.802212108570764,Unfeasible shape,GPSampler,PRUNED
395,395,6.0,2026-04-22 12:40:05.575446,2026-04-22 12:40:05.623309,0 days 00:00:00.047863,-45.41416580726037,85.5051136183896,10.224411290854142,74.9590424275954,32.89146922540907,-20.594856672011836,-56.14797894202454,25.007228454942666,66.3772802991825,10.42573747929201,-22.250577213695006,38.153009527986654,Unfeasible shape,GPSampler,PRUNED
396,396,6.0,2026-04-22 12:40:05.795692,2026-04-22 12:40:05.890451,0 days 00:00:00.094759,-23.711814818990675,53.62274783031652,63.71672312200679,66.78603019670098,57.17796425944566,-25.114549903173703,-66.7504840936106,52.05402118941681,69.53152451116739,80.15363043133458,9.938206759600526,28.1452587237058,Unfeasible shape,GPSampler,PRUNED
397,397,6.0,2026-04-22 12:40:06.027819,2026-04-22 12:40:06.090894,0 days 00:00:00.063075,-64.1923075114127,86.15596124098515,66.29664616455239,82.00844773958904,13.802622521081798,-26.65281620609489,-38.45672694352641,42.22207716639162,84.30836707342405,77.6407421676267,9.34175651413205,31.038521617467445,Unfeasible shape,GPSampler,PRUNED
398,398,6.0,2026-04-22 12:40:06.225979,2026-04-22 12:40:06.289162,0 days 00:00:00.063183,-58.40786708600988,76.6748251614653,30.253462949070318,45.701622742074136,56.644381962386035,-15.93406139645214,-37.08646364606642,71.9844003023089,31.608176176817576,89.3762817089709,14.744503024410413,-8.548219244044201,Unfeasible shape,GPSampler,PRUNED
399,399,6.0,2026-04-22 12:40:06.440368,2026-04-22 12:40:06.503805,0 days 00:00:00.063437,-67.63750529200684,23.330723571875904,90.7868860892867,30.6417108392696,3.6891769435052044,-1.8518981772473708,-22.11106113547919,43.22699625796903,50.825444321243836,37.94166268960298,-11.959695596622701,6.01011267243916,Unfeasible shape,GPSampler,PRUNED
400,400,6.0,2026-04-22 12:40:06.623562,2026-04-22 12:40:06.686970,0 days 00:00:00.063408,-44.307955890142864,66.90599709836253,40.708723172291954,44.499477183620286,36.012999271472005,46.02232537711134,-20.91103033232431,35.969765121385805,28.41165901641371,11.476773134486479,-13.614031662325395,17.464199164240366,Unfeasible shape,GPSampler,PRUNED
401,401,6.0,2026-04-22 12:40:06.825566,2026-04-22 12:40:06.935641,0 days 00:00:00.110075,-52.40786114549809,65.34471005201847,92.91746322400024,43.04844827315134,9.004857815563206,39.42592668675172,-46.0771392787317,42.753600414846474,54.99137990238558,25.798059781619713,12.527880527301747,4.668270428813505,Unfeasible shape,GPSampler,PRUNED
402,402,6.0,2026-04-22 12:40:07.070474,2026-04-22 12:40:07.133551,0 days 00:00:00.063077,-39.23242967501482,60.09315215392748,23.60285343498996,21.69575903639062,43.10738150121547,58.90545827575271,-23.005006264754797,41.943656987146156,26.77132036517206,43.989285687572234,11.913708404544806,11.617785386448208,Unfeasible shape,GPSampler,PRUNED
403,403,6.0,2026-04-22 12:40:07.271224,2026-04-22 12:40:07.334158,0 days 00:00:00.062934,-24.237847796567884,27.7374178005119,36.64967998440979,66.51023704157959,46.641686971332355,19.30593596793699,-70.65431924371902,75.58050129051212,18.51224249343292,33.50391568105122,12.965676381699517,18.648981970093047,Unfeasible shape,GPSampler,PRUNED
404,404,6.0,2026-04-22 12:40:07.485068,2026-04-22 12:40:07.563987,0 days 00:00:00.078919,-24.237130664817776,65.53822140950157,37.878266661142305,92.82464647364861,-8.759107225474885,10.300406161032654,-61.72701381473249,38.65600600965298,35.49016232300624,17.073447870495134,6.107533204947011,24.245517356851728,Unfeasible shape,GPSampler,PRUNED
405,405,6.0,2026-04-22 12:40:07.714521,2026-04-22 12:40:07.794652,0 days 00:00:00.080131,-51.48587723398278,52.37931698520547,72.38137860073358,65.06653623815865,53.44065010686739,48.7015556475213,-28.699633599469593,92.1658603428243,31.770394367218344,10.96929890196754,-21.14416820735527,54.83531643359869,Unfeasible shape,GPSampler,PRUNED
406,406,29.495490585951394,2026-04-22 12:40:07.946983,2026-04-22 12:40:14.105467,0 days 00:00:06.158484,-54.39724636941608,71.05609554625605,59.795579779226436,53.73491967862919,29.677708204128045,-18.940194104449986,-78.96104459497649,80.06051779804946,19.121785241849103,36.176228300290425,19.672201392186842,17.260807357695512,Unattained target,GPSampler,PRUNED
407,407,6.0,2026-04-22 12:40:14.225300,2026-04-22 12:40:14.288282,0 days 00:00:00.062982,-21.1881360374459,33.92714725185161,48.01058694755772,74.94857067632121,47.07903540668005,-25.18711107221612,-67.31074043016952,90.53474843636457,21.54408453910216,52.81495072394009,-29.936965523494397,20.71842726951783,Unfeasible shape,GPSampler,PRUNED
408,408,6.0,2026-04-22 12:40:14.429668,2026-04-22 12:40:14.493038,0 days 00:00:00.063370,-47.825726158802354,27.255060812549946,42.57491299142173,26.295551591239292,57.55197184234582,2.7467750857835114,-47.597647037862124,32.39626990036267,94.5661295646744,12.274226558354156,-17.853256811740295,53.06912765622033,Unfeasible shape,GPSampler,PRUNED
409,409,6.0,2026-04-22 12:40:14.619646,2026-04-22 12:40:14.683018,0 days 00:00:00.063372,-76.09839886553223,36.665290125341826,72.82401757107118,72.32704345675175,-7.069642411522235,3.433371357271376,-34.37087612585069,58.86742940755926,61.00824979807722,96.1867358182714,13.72367916828297,38.26623148886307,Unfeasible shape,GPSampler,PRUNED
410,410,6.0,2026-04-22 12:40:14.821773,2026-04-22 12:40:14.871062,0 days 00:00:00.049289,-68.17231156741734,64.72666469723384,39.91416764842097,72.22228144068868,30.419491205018375,14.661620890332586,-62.50698127172243,72.07406559949513,90.29053895541307,35.385475099805284,10.60804629028091,-6.9193909675745955,Unfeasible shape,GPSampler,PRUNED
411,411,6.0,2026-04-22 12:40:15.008064,2026-04-22 12:40:15.071022,0 days 00:00:00.062958,-64.15653804192733,86.27302150075612,94.61634597973588,15.649842050764473,37.17672203163773,-4.067948031491561,-41.01869201797763,89.63997052858409,46.20297458366099,60.620974533197085,-24.721293413772877,9.991123378222547,Unfeasible shape,GPSampler,PRUNED
412,412,6.0,2026-04-22 12:40:15.208984,2026-04-22 12:40:15.256272,0 days 00:00:00.047288,-31.57475578581525,89.53648774046614,78.2468515877355,95.48724200454141,15.108625071344306,-7.233452645982226,-21.580528753829647,64.5465906014201,63.91298898989932,75.30331710664923,-10.927746402588163,37.661510457832705,Unfeasible shape,GPSampler,PRUNED
413,413,6.0,2026-04-22 12:40:15.408478,2026-04-22 12:40:15.471413,0 days 00:00:00.062935,-38.88850890483317,77.29665126354362,83.39269106286571,63.108650195189085,37.78689420914616,-23.14119924963312,-25.523955404471643,40.564118311914456,25.826262547931627,86.04138160288595,-22.074862351640768,0.6742703560749206,Unfeasible shape,GPSampler,PRUNED
414,414,6.0,2026-04-22 12:40:15.624701,2026-04-22 12:40:15.704300,0 days 00:00:00.079599,-53.733979489019504,59.14726001633179,72.69329210502899,95.54313439291397,44.68085876676181,39.41991209360431,-26.18245751408653,32.070516758504155,14.436718680484649,85.10393747758395,-1.3695271226629124,60.84078493065827,Unfeasible shape,GPSampler,PRUNED
415,415,6.0,2026-04-22 12:40:15.855343,2026-04-22 12:40:15.919058,0 days 00:00:00.063715,-46.966394284712734,69.91715181834888,23.979657527256276,38.33291182261779,49.058221219846345,2.7014526137087813,-46.192697473571876,98.2000946666133,26.919696469433294,35.989844718690776,-5.51396629566257,-5.044461229864198,Unfeasible shape,GPSampler,PRUNED
416,416,6.0,2026-04-22 12:40:16.056061,2026-04-22 12:40:16.135067,0 days 00:00:00.079006,-26.383216272756897,24.850970962886805,49.35981385918336,12.047886427309734,25.281164129286935,6.2610610934793485,-40.236316117967775,94.77566581164226,93.23553312857945,65.96472920177389,-23.571848568496158,37.74171086336407,Unfeasible shape,GPSampler,PRUNED
417,417,6.0,2026-04-22 12:40:16.285874,2026-04-22 12:40:16.365748,0 days 00:00:00.079874,-46.9134052731388,32.32875190462996,81.30622576880343,93.31179385487778,8.543383978874285,2.0736580622639877,-62.066713922177144,36.8481324280996,51.848057350138774,51.25845700108087,-8.108151476455355,32.11143304386634,Unfeasible shape,GPSampler,PRUNED
418,418,6.0,2026-04-22 12:40:16.499903,2026-04-22 12:40:16.572164,0 days 00:00:00.072261,-23.636127283070323,60.97614311958128,17.319304022621534,86.51154081625101,54.055930171958295,-6.267702463106659,-62.53997604892738,49.00811679733971,64.22633157463153,66.41334728526634,-0.5808715976286578,21.548007329225396,Unfeasible shape,GPSampler,PRUNED
419,419,6.0,2026-04-22 12:40:16.713519,2026-04-22 12:40:16.776674,0 days 00:00:00.063155,-68.41501732356409,30.65939151990206,82.19487740959917,36.58495473753312,46.576666955897565,52.44459840870016,-53.927354730271986,46.38655885449877,83.18321300357191,86.13803920879519,-9.005313874185784,-2.555633414304742,Unfeasible shape,GPSampler,PRUNED
420,420,5.973583821098572,2026-04-22 12:40:16.944598,2026-04-22 12:40:21.928252,0 days 00:00:04.983654,-44.20653500984909,27.087383245611225,47.947402578333325,75.62895435825034,22.566937097940723,15.009068697681514,-46.61027717017882,96.19445282016011,15.763206646398388,36.75436922152939,17.067683192646456,41.51572928250386,Unattained target,GPSampler,PRUNED
421,421,6.0,2026-04-22 12:40:22.049678,2026-04-22 12:40:22.112925,0 days 00:00:00.063247,-67.92461302583418,26.40692389373833,54.743543395371965,16.80192717278108,25.029314214592112,21.522283759599937,-33.75567753514412,17.512070288769117,74.4177365243359,48.78822167926179,11.55239334893627,14.204116514492362,Unfeasible shape,GPSampler,PRUNED
422,422,6.0,2026-04-22 12:40:22.253067,2026-04-22 12:40:22.328950,0 days 00:00:00.075883,-64.64347192121065,31.44024794596659,18.144889720808514,81.33322437512845,39.810861099255185,-1.630859142618771,-55.857630607235784,98.05894931913637,70.13538183197261,56.488423837873015,9.848270005815664,49.07073719394246,Unfeasible shape,GPSampler,PRUNED
423,423,6.0,2026-04-22 12:40:22.450205,2026-04-22 12:40:22.544719,0 days 00:00:00.094514,-50.12228519707617,90.8109441104932,92.8537702134018,58.018250719868526,58.73962510899962,12.967597959255912,-58.65618885588634,84.98339097586229,83.85400461739349,62.0767388275776,-16.82948134422064,46.46748220695889,Unfeasible shape,GPSampler,PRUNED
424,424,6.0,2026-04-22 12:40:22.697008,2026-04-22 12:40:22.744519,0 days 00:00:00.047511,-25.552845778089825,87.52049350266331,33.66498697837511,91.28600123394438,36.88282791993683,-1.823302120520271,-25.906813096298187,62.081746319577654,28.880522672241153,79.53251427959046,-3.2079508264228913,27.07082638656957,Unfeasible shape,GPSampler,PRUNED
425,425,6.0,2026-04-22 12:40:22.879734,2026-04-22 12:40:22.943858,0 days 00:00:00.064124,-47.49042690888038,82.8414586360241,64.75425723333561,17.787768192588505,20.532257285827466,-28.572774358980666,-23.537199490362646,70.79692163380696,19.382972079566834,37.69609972892058,-12.430165713211771,24.48531589835507,Unfeasible shape,GPSampler,PRUNED
426,426,6.0,2026-04-22 12:40:23.099687,2026-04-22 12:40:23.163038,0 days 00:00:00.063351,-53.81339711109402,49.07558286829705,79.758346350028,59.54184072991012,11.864718935818978,55.122459087529336,-51.05974715111532,41.658154500801146,97.02951313989293,13.125302287531545,1.8681292554951305,-2.3265428192776705,Unfeasible shape,GPSampler,PRUNED
427,427,6.0,2026-04-22 12:40:23.284148,2026-04-22 12:40:23.376838,0 days 00:00:00.092690,-48.682871139293994,51.6671470521634,27.585260347214373,73.66452736717702,4.357879701348272,-4.941137984894343,-64.19357615157884,76.64748672326165,46.84726427335967,83.40758802264409,13.848413513481972,6.462075874840256,Unfeasible shape,GPSampler,PRUNED
428,428,6.0,2026-04-22 12:40:23.516339,2026-04-22 12:40:23.577008,0 days 00:00:00.060669,-73.57941193560156,54.74843892375603,13.054491750103711,24.238300264621017,48.85500893326249,-19.06002576732501,-28.805791717112633,61.102073912253246,11.790709527870833,53.69043796160688,8.047452270069748,-7.416743208064654,Unfeasible shape,GPSampler,PRUNED
429,429,6.0,2026-04-22 12:40:23.701362,2026-04-22 12:40:23.764852,0 days 00:00:00.063490,-43.842942260774514,29.585853660495182,64.76626112514265,51.560105962167874,60.43329142758461,-25.444869969581863,-28.97640752307948,66.0094066804263,33.05695661817254,93.38657464891944,8.819983798681761,-1.5126400952104326,Unfeasible shape,GPSampler,PRUNED
430,430,6.0,2026-04-22 12:40:23.955193,2026-04-22 12:40:24.018891,0 days 00:00:00.063698,-24.44741219228726,69.29532472449448,28.193170627583505,51.61980635824463,15.985306518455271,-25.00348555142285,-28.301910683207147,60.865422525443186,61.065194542202065,39.64559741277465,14.363645222550623,29.298817490340575,Unfeasible shape,GPSampler,PRUNED
431,431,6.0,2026-04-22 12:40:24.166622,2026-04-22 12:40:24.221780,0 days 00:00:00.055158,-32.2275606287754,71.22940799611399,30.627153507509036,67.18847116718118,2.1721136246300343,5.499451885313057,-22.871622494871083,78.65198789435618,13.727491296816666,12.50067854841335,6.340068048610654,-7.993007277167093,Unfeasible shape,GPSampler,PRUNED
432,432,6.0,2026-04-22 12:40:24.357184,2026-04-22 12:40:24.436578,0 days 00:00:00.079394,-54.33695240423094,73.8057337227188,40.279166592260694,21.793586825969957,6.3679821282134625,8.305252817530558,-77.90005113420298,77.5865410823474,83.07216991796969,91.80833783227966,-13.841548306923734,0.3742397341014776,Unfeasible shape,GPSampler,PRUNED
