,number,value,datetime_start,datetime_complete,duration,params_lLegPt.rA1,params_lLegPt.rL0,params_lLegPt.rL1,params_lLegPt.rL2,params_lLegPt.x1,params_lLegPt.y1,params_sLegPt.rA1,params_sLegPt.rL0,params_sLegPt.rL1,params_sLegPt.rL2,params_sLegPt.x1,params_sLegPt.y1,user_attrs_prune,system_attrs_auto:sampler,state
805,805,6.0,2026-04-22 12:43:24.452014,2026-04-22 12:43:24.531376,0 days 00:00:00.079362,-22.684351826668937,95.52857926648497,34.73945283455454,47.64635230627374,42.87801317362531,-23.895145340354354,-44.645568289293934,89.16730878613976,37.7968730157413,74.26999178819851,-5.436849243726023,28.538350337368435,Unfeasible shape,GPSampler,PRUNED
806,806,6.0,2026-04-22 12:43:24.745183,2026-04-22 12:43:24.871996,0 days 00:00:00.126813,-62.977479512210714,19.43615217253394,13.24998553039974,79.65908245387944,34.596085909640195,9.275419151403028,-26.176578186341324,13.934939301257957,44.36762427604406,60.57221915173654,18.984834762557405,15.785986113618296,Unfeasible shape,GPSampler,PRUNED
807,807,6.0,2026-04-22 12:43:25.039029,2026-04-22 12:43:25.161645,0 days 00:00:00.122616,-32.72673093878824,16.964179301649907,72.84032615063464,75.74846021918385,18.9959225532411,-27.7452759319275,-63.81488938035747,50.10276382120629,27.65474451097041,57.128888065355056,3.873049495227839,17.736331014246765,Unfeasible shape,GPSampler,PRUNED
808,808,6.0,2026-04-22 12:43:25.305774,2026-04-22 12:43:25.398534,0 days 00:00:00.092760,-37.08038598550023,53.20113562848355,50.09490718750708,20.347289032120997,-9.885114646568814,-6.572251846065889,-46.32126005609145,99.65080228828093,49.236742194364986,54.625345783988585,15.716759437863743,54.667299890670606,Unfeasible shape,GPSampler,PRUNED
809,809,6.0,2026-04-22 12:43:25.630780,2026-04-22 12:43:25.794956,0 days 00:00:00.164176,-35.11001332320163,15.807647631810543,93.15050359541225,55.592660124990495,10.110100251725918,-20.047827951687985,-64.75116165990288,67.61025525970871,28.40771365018701,88.59034079165286,9.99979401728082,20.97894281513926,Unfeasible shape,GPSampler,PRUNED
810,810,6.0,2026-04-22 12:43:25.983615,2026-04-22 12:43:26.120444,0 days 00:00:00.136829,-23.645883372415895,17.464505506046628,79.04463489241267,86.25794908489189,30.668812203657993,28.770189694355707,-56.21774874453946,61.265419791464744,98.92747610057577,60.557905608309646,17.74637677727773,16.433165447320864,Unfeasible shape,GPSampler,PRUNED
811,811,6.0,2026-04-22 12:43:26.310250,2026-04-22 12:43:26.499087,0 days 00:00:00.188837,-49.92566852296263,73.22520165019958,39.74518026922961,48.46002484347743,4.8230525311657075,22.81892805013424,-74.24371901370787,56.51503114547462,52.19352036961534,13.951402450716737,14.670378708583172,-1.5618635928284323,Unfeasible shape,GPSampler,PRUNED
812,812,6.0,2026-04-22 12:43:26.635059,2026-04-22 12:43:26.775659,0 days 00:00:00.140600,-69.64099143650256,55.03843134751918,47.27299348199714,12.176041897261118,0.428845285880616,21.822104380347284,-26.666296394590326,40.14532312854186,85.93219604377762,29.265351812237032,2.2941406843215546,48.89458559364975,Unfeasible shape,GPSampler,PRUNED
813,813,6.0,2026-04-22 12:43:26.965788,2026-04-22 12:43:27.060985,0 days 00:00:00.095197,-65.22332510123051,94.26864341448086,57.582681573044205,21.447574189879283,36.33889093992708,42.31281010580656,-35.61275604670053,69.00514867919347,26.17365837143185,77.13282932794273,-16.18970037614352,-3.7496819747350933,Unfeasible shape,GPSampler,PRUNED
814,814,6.0,2026-04-22 12:43:27.290914,2026-04-22 12:43:27.411205,0 days 00:00:00.120291,-69.1622676419959,12.904204629964212,84.47557742615881,48.48815468410331,18.156033002865552,-6.353850106846398,-64.01711313386656,27.20793027542215,54.526555464376585,26.415485425680775,-11.114419334127607,0.5491097890221379,Unfeasible shape,GPSampler,PRUNED
815,815,6.0,2026-04-22 12:43:27.577442,2026-04-22 12:43:27.690419,0 days 00:00:00.112977,-22.909425265975557,31.93685603542018,67.75714660400602,40.15480964281595,26.218192879798487,23.135421497375297,-44.717927562898055,63.15392508922815,39.54380980558787,81.39068525288732,-14.959102958853494,36.8985552609404,Unfeasible shape,GPSampler,PRUNED
816,816,6.0,2026-04-22 12:43:27.840780,2026-04-22 12:43:27.937221,0 days 00:00:00.096441,-41.50286212340419,15.702597439710988,22.704367842305167,34.7187124548471,25.49704951943292,58.346880936468295,-59.148830227562826,95.95465384342359,76.19012474276701,89.40540352170059,-11.952616533990781,49.87565320864692,Unfeasible shape,GPSampler,PRUNED
817,817,6.0,2026-04-22 12:43:28.100291,2026-04-22 12:43:28.211718,0 days 00:00:00.111427,-62.397131168561245,86.89845276764925,42.85285535259349,69.27596849489538,44.05674114857422,39.34725843281102,-71.67941268056728,68.99198139906315,96.5131096528584,59.287944378458434,13.224841590652773,10.921756143476376,Unfeasible shape,GPSampler,PRUNED
818,818,6.0,2026-04-22 12:43:28.393823,2026-04-22 12:43:28.496648,0 days 00:00:00.102825,-24.766963907190544,59.6069839593971,48.40404341348626,37.890850404498806,20.419533931440814,1.112782274849593,-67.26545954183071,36.010244975577066,26.4635059015098,44.138796890773584,-26.90628544606496,52.852168200729594,Unfeasible shape,GPSampler,PRUNED
819,819,6.0,2026-04-22 12:43:28.656174,2026-04-22 12:43:28.791069,0 days 00:00:00.134895,-57.67887491006794,25.345368710156105,85.28231060873142,91.08216912635217,38.954343685315386,36.88998278000028,-25.253343149149543,25.065563305751517,31.530341566377572,34.187223449608176,-6.3728838250473565,51.990780168847394,Unfeasible shape,GPSampler,PRUNED
820,820,6.0,2026-04-22 12:43:28.958022,2026-04-22 12:43:29.069866,0 days 00:00:00.111844,-21.26725638062267,53.985099899028874,18.251530288804233,27.069472775480126,1.989115153723997,31.457559556618193,-79.21721440031907,28.422408320693428,87.57564251983169,27.617310451003668,-10.67510691994299,12.079827068530989,Unfeasible shape,GPSampler,PRUNED
821,821,6.0,2026-04-22 12:43:29.223806,2026-04-22 12:43:30.446194,0 days 00:00:01.222388,-33.147663686229286,47.10157185142801,25.715283488416347,38.77052594385798,5.414100816520515,6.068910759185535,-41.32310854708814,23.789707324704853,65.8780111926002,46.64821775483546,-13.852394636905643,45.85522922487428,Unfeasible shape,GPSampler,PRUNED
822,822,0.017401380771033814,2026-04-22 12:43:30.612350,2026-04-22 12:44:03.229105,0 days 00:00:32.616755,-30.251566788942718,66.1768426624444,57.599173833063084,55.36855577516266,53.471290600235186,-29.278509408514758,-58.50159953140156,55.499227026116884,19.40717778359742,77.79984330931964,16.963602614732103,51.39726667101769,,GPSampler,COMPLETE
823,823,6.0,2026-04-22 12:44:05.427070,2026-04-22 12:44:05.522196,0 days 00:00:00.095126,-77.9631517616707,70.07559876067879,92.48248761693218,83.4885078893563,49.769698706774975,-25.40119986437147,-56.81414685004147,97.94043092585444,62.94685036426944,16.79470859806445,-4.034483944514385,40.25128391377799,Unfeasible shape,GPSampler,PRUNED
824,824,6.0,2026-04-22 12:44:05.688774,2026-04-22 12:44:05.815962,0 days 00:00:00.127188,-24.308661748650202,18.138228686873234,10.383336634206872,15.010090497709424,-5.725930521616819,45.72327770549957,-41.479206904853484,65.61520934274901,38.93288916961234,92.3431211324829,3.856815345681717,29.45774103203148,Unfeasible shape,GPSampler,PRUNED
825,825,6.0,2026-04-22 12:44:06.000438,2026-04-22 12:44:06.111042,0 days 00:00:00.110604,-73.09821851209196,48.91745632732888,78.68576798523853,50.17169631089001,22.7811103684433,23.332443461460663,-30.569314992411826,62.676818429990526,39.56146851078346,83.70034046839191,-13.513510984707693,14.99428058481741,Unfeasible shape,GPSampler,PRUNED
826,826,6.0,2026-04-22 12:44:06.310484,2026-04-22 12:44:06.405706,0 days 00:00:00.095222,-49.48995075030215,83.95190568471641,87.68097565440614,59.209317089432275,42.523749259590595,51.95757618287185,-31.621860293066767,55.305815612994834,26.276416716005475,13.995026823625004,-16.095297293164492,57.00778889585018,Unfeasible shape,GPSampler,PRUNED
827,827,6.0,2026-04-22 12:44:06.589066,2026-04-22 12:44:06.700903,0 days 00:00:00.111837,-31.40978116401235,75.24002554897893,79.82207216796164,10.981416253702408,47.754593680427014,3.243443556215425,-75.48665498614486,32.95047769920893,65.23237069153464,83.75239891750084,-13.552810302163056,13.868135478612018,Unfeasible shape,GPSampler,PRUNED
828,828,6.0,2026-04-22 12:44:06.879154,2026-04-22 12:44:06.965450,0 days 00:00:00.086296,-53.115798888564946,41.82075871395155,82.02186837250433,99.65032046960371,26.30810414118413,-7.45582881848274,-56.780122933708114,96.42577030383366,81.10728584896252,57.055827434869414,14.50710834799657,17.97000584216662,Unfeasible shape,GPSampler,PRUNED
829,829,6.0,2026-04-22 12:44:07.110224,2026-04-22 12:44:07.204964,0 days 00:00:00.094740,-48.882004331483614,19.92028006416662,82.62770732702401,70.0281911547348,20.74601540695459,6.332525282263433,-29.766297385121312,70.8464816986874,63.90815766823381,94.38633103311265,-3.686144923586511,26.583345608961622,Unfeasible shape,GPSampler,PRUNED
830,830,6.0,2026-04-22 12:44:07.380428,2026-04-22 12:44:07.583022,0 days 00:00:00.202594,-70.9199193345338,33.18758186693486,15.802734358664269,35.54733607597744,27.8997961343049,30.646318864611658,-50.289265434815604,12.026492550763649,94.08761655726919,58.83995675064041,-27.979078097279015,54.1723020940334,Unfeasible shape,GPSampler,PRUNED
831,831,6.0,2026-04-22 12:44:07.780342,2026-04-22 12:44:07.877505,0 days 00:00:00.097163,-21.200460850662466,32.38100068305296,84.02063786896964,63.02151951029439,15.913325682031758,3.575562012547344,-37.12347385299438,90.95625866707995,14.46681737090675,13.856919061084808,-20.697054228132156,38.084464912399184,Unfeasible shape,GPSampler,PRUNED
832,832,6.0,2026-04-22 12:44:08.036952,2026-04-22 12:44:08.141409,0 days 00:00:00.104457,-40.71659141572306,25.14159374403532,15.863181456015575,94.23423297420055,21.45764811564599,42.89677869975897,-21.426182398304427,42.5855034282286,97.28721670431372,47.18573343332368,-10.167136251897713,53.7513352997431,Unfeasible shape,GPSampler,PRUNED
833,833,6.0,2026-04-22 12:44:08.317120,2026-04-22 12:44:08.402343,0 days 00:00:00.085223,-40.524854011616654,16.831235532206257,24.61241247470869,43.80520928280393,33.30451958474327,13.108934008503851,-75.09880760471806,50.42437701741146,39.18220347806546,82.1589499242613,6.721904562199121,42.71599160589878,Unfeasible shape,GPSampler,PRUNED
834,834,6.0,2026-04-22 12:44:08.589039,2026-04-22 12:44:08.703211,0 days 00:00:00.114172,-61.46210837566484,60.755184874673034,32.12828273538864,48.11355376054824,30.958289704680205,59.10883458217454,-54.919436886393555,70.85978103432485,72.30625640427239,34.87050398465952,-23.023555818007086,35.85467304466861,Unfeasible shape,GPSampler,PRUNED
835,835,6.0,2026-04-22 12:44:08.901197,2026-04-22 12:44:08.996044,0 days 00:00:00.094847,-70.09144232634105,96.10397335087507,25.315056382909813,32.83401598855961,20.492200979836877,39.101733109596765,-28.03308672123522,76.5167848359401,14.473082187845577,10.644353715806297,-0.9039575517963705,24.5141321172693,Unfeasible shape,GPSampler,PRUNED
836,836,6.0,2026-04-22 12:44:09.195994,2026-04-22 12:44:09.292252,0 days 00:00:00.096258,-21.119471355918407,81.18408915478088,74.05445586452082,20.656912140713274,46.78204102501478,-23.846592858763096,-24.454638906561804,74.5826226271913,42.84807319258809,75.24109207514105,3.2360254497529723,60.35366893181042,Unfeasible shape,GPSampler,PRUNED
837,837,6.0,2026-04-22 12:44:09.460689,2026-04-22 12:44:09.574292,0 days 00:00:00.113603,-31.49132217173154,94.25981303730889,65.03130257071705,84.64101329231273,5.344597233679014,-24.096904308929588,-31.590455066015487,74.43154689480423,77.40343324934258,75.93323193095276,-26.40074643597757,44.13526598773851,Unfeasible shape,GPSampler,PRUNED
838,838,6.0,2026-04-22 12:44:09.777582,2026-04-22 12:44:09.882595,0 days 00:00:00.105013,-51.0530433331101,80.39660310962492,67.45456515669997,33.85574316816796,42.083393557318736,18.99780546992038,-46.64121807830845,51.42390234076933,83.72022489707165,24.640663890947533,-6.091435847139305,4.368099523707123,Unfeasible shape,GPSampler,PRUNED
839,839,6.0,2026-04-22 12:44:10.119215,2026-04-22 12:44:10.222667,0 days 00:00:00.103452,-57.779887160711766,99.46312629973816,39.93884166112234,19.80619590025835,32.112711812951865,5.463426894190626,-48.476342163764315,60.72245283614084,51.53515636758726,11.810870641786552,-2.9240871790725294,21.297502055961456,Unfeasible shape,GPSampler,PRUNED
840,840,6.0,2026-04-22 12:44:10.362388,2026-04-22 12:44:10.474178,0 days 00:00:00.111790,-69.39889199082617,61.76849595275258,15.099182730680567,91.36207697313353,41.3405056227876,11.313882672828775,-41.204347748358764,90.22620360721949,67.15322008373515,32.55206688469868,-11.13573877462914,-0.04862816510790857,Unfeasible shape,GPSampler,PRUNED
841,841,6.0,2026-04-22 12:44:10.686355,2026-04-22 12:44:10.798233,0 days 00:00:00.111878,-22.1725539984388,64.92770030050731,90.20816565434401,76.44981536276552,38.35704153220603,32.88347163918893,-27.57266733887436,79.40735084883556,69.25092700674611,29.53305642549,-20.414333415590548,35.68674898346372,Unfeasible shape,GPSampler,PRUNED
842,842,25.753941095878154,2026-04-22 12:44:10.998256,2026-04-22 12:44:23.844593,0 days 00:00:12.846337,-50.955341288561456,64.62172502262473,77.43534375169449,38.70867543439382,31.40621038553992,16.473630146971942,-30.350918578609004,67.09883234144179,11.932905972316085,94.7872633313889,9.726382067873203,35.49477898620951,Unattained target,GPSampler,PRUNED
843,843,6.0,2026-04-22 12:44:23.995890,2026-04-22 12:44:24.118149,0 days 00:00:00.122259,-62.81924888355823,88.59485688595555,82.75844444722053,83.00179621838411,44.520022457456356,1.9308766902274002,-41.44611903683603,83.79233435902894,44.55778108301042,93.81767703739297,-28.417571896313344,48.06717815513825,Unfeasible shape,GPSampler,PRUNED
844,844,6.0,2026-04-22 12:44:24.275321,2026-04-22 12:44:24.372263,0 days 00:00:00.096942,-37.945058245758005,87.26588521157274,93.76079207663643,41.55389957024867,5.459164372706615,8.497906269939818,-70.27137198993361,94.60591381167302,31.354883775888087,38.673448772044694,7.1305317681875025,19.87374662290798,Unfeasible shape,GPSampler,PRUNED
845,845,6.0,2026-04-22 12:44:24.569548,2026-04-22 12:44:24.680832,0 days 00:00:00.111284,-33.138736831275644,31.387578573206447,53.83820205420032,82.83065978842755,56.93104330134676,52.33856424829705,-34.405185145686524,82.26465474591731,33.571239306561964,91.38917848117897,-25.363527511746646,40.343431609607904,Unfeasible shape,GPSampler,PRUNED
846,846,6.0,2026-04-22 12:44:24.992006,2026-04-22 12:44:25.099699,0 days 00:00:00.107693,-23.120539439999064,39.63125379252489,33.59182379470531,54.13642598468668,59.24962344313893,58.29120576561935,-46.2427365718866,77.34206474226879,35.21930632196793,31.256383990944645,-15.863333530181135,34.608668530674116,Unfeasible shape,GPSampler,PRUNED
847,847,6.0,2026-04-22 12:44:25.361342,2026-04-22 12:44:25.454536,0 days 00:00:00.093194,-22.714258951062817,83.37261833763853,14.34487166287477,83.60864439942294,61.73772875628208,35.286962573933394,-72.43423866605212,71.36465977223887,29.403804094604347,79.09900747069904,5.531778194456841,20.11584602392097,Unfeasible shape,GPSampler,PRUNED
848,848,5.515868379146532,2026-04-22 12:44:25.692759,2026-04-22 12:44:37.955450,0 days 00:00:12.262691,-27.24684342766416,54.96027415616207,16.860335928273756,89.86518973718246,-1.8097924611899892,39.58592902783968,-59.09133245792445,41.43454487173199,17.108889274181237,96.69288690709419,15.696409201059254,43.25268250692419,Unattained target,GPSampler,PRUNED
849,849,6.0,2026-04-22 12:44:38.117480,2026-04-22 12:44:38.242745,0 days 00:00:00.125265,-63.156823189554544,26.319850242418667,93.6636943020196,49.374633545310736,30.538337854431973,-11.656069662643134,-46.03490053913358,10.842071552671108,90.54078387810502,36.38838475627677,8.210653523861396,53.56512160489115,Unfeasible shape,GPSampler,PRUNED
850,850,6.0,2026-04-22 12:44:38.487746,2026-04-22 12:44:38.595986,0 days 00:00:00.108240,-63.404016554188814,63.8930652959988,71.14505231419967,76.92903099167884,54.67562927040885,9.788705595922387,-62.13723233658419,59.89209651197704,62.65621273854678,79.83097025868832,-5.988203652899173,47.91091250865371,Unfeasible shape,GPSampler,PRUNED
851,851,6.0,2026-04-22 12:44:38.749123,2026-04-22 12:44:38.850773,0 days 00:00:00.101650,-39.92661462830156,58.45271940861127,40.2549796489849,72.80854069846288,-5.860706572123797,48.03928073631404,-48.281590116226184,80.78728247856596,40.21346469570682,24.30982028046057,12.00546537665997,17.247512857201617,Unfeasible shape,GPSampler,PRUNED
852,852,6.0,2026-04-22 12:44:39.040371,2026-04-22 12:44:39.140195,0 days 00:00:00.099824,-58.587769457336876,92.82337936423554,87.44286760637213,99.47994967063724,53.50611608984857,43.63810089952054,-64.56649524477773,12.086039584821558,91.26186090077606,75.81165574161805,-4.745282734432283,7.568230081860708,Unfeasible shape,GPSampler,PRUNED
853,853,6.0,2026-04-22 12:44:39.305154,2026-04-22 12:44:39.440754,0 days 00:00:00.135600,-43.42128862132463,87.30680186491207,82.15056203335307,33.43636547574842,9.423439680577378,52.32508250088304,-28.02189435630433,33.92771807445679,57.20724989775605,36.144851464814025,-5.728726976023243,45.029978485493174,Unfeasible shape,GPSampler,PRUNED
854,854,6.0,2026-04-22 12:44:39.616981,2026-04-22 12:44:39.692780,0 days 00:00:00.075799,-38.94795457391414,62.11245808331076,56.10090178582086,50.1847397831908,-2.461866417563656,52.49225151456119,-43.7896520617858,77.29014157522559,75.06311368891542,22.064166500355,-2.557064386509822,8.856781264434481,Unfeasible shape,GPSampler,PRUNED
855,855,6.0,2026-04-22 12:44:39.855784,2026-04-22 12:44:39.956532,0 days 00:00:00.100748,-64.40364044424128,42.324804900285045,93.64450382911718,69.80747505465747,54.805118105510644,25.75536436064612,-69.7608391309522,35.24488992239753,47.871067616328965,59.89307133930646,6.042340954974442,49.219324600825374,Unfeasible shape,GPSampler,PRUNED
856,856,6.0,2026-04-22 12:44:40.117423,2026-04-22 12:44:40.222662,0 days 00:00:00.105239,-64.97921028748694,73.57872666336092,33.447446697210566,68.19283547939186,0.19876702690819492,57.72825613652172,-64.38436854946819,60.74785023578437,79.60380842955028,46.56977837699847,-6.386940678973016,22.311896683728612,Unfeasible shape,GPSampler,PRUNED
857,857,6.0,2026-04-22 12:44:40.379506,2026-04-22 12:44:40.518678,0 days 00:00:00.139172,-43.77133182120404,15.811282297152093,48.30941196417449,10.54762775039708,-6.889885202539666,-18.98830347677302,-34.29083637591366,13.752253354417146,62.207472286780025,33.318290465297096,-11.407715193888958,19.999857423479973,Unfeasible shape,GPSampler,PRUNED
858,858,6.0,2026-04-22 12:44:40.681341,2026-04-22 12:44:40.850227,0 days 00:00:00.168886,-22.994438398835094,14.96020256023126,63.571107292466394,48.04632193048309,-8.170520342379753,3.444196117906799,-78.58861579582846,75.74271547796242,92.69161072686687,36.21985213023832,10.726588240446588,10.201640192913356,Unfeasible shape,GPSampler,PRUNED
859,859,6.0,2026-04-22 12:44:40.974710,2026-04-22 12:44:41.095271,0 days 00:00:00.120561,-79.74608019470601,82.5026494201948,75.32883433053352,53.12261359110942,15.809509652351991,-14.141358891776019,-74.8113123006295,91.35205812894533,74.81408561651614,27.806832408372486,-14.422192461251328,1.5759522052791848,Unfeasible shape,GPSampler,PRUNED
860,860,12.295236657477766,2026-04-22 12:44:41.272485,2026-04-22 12:44:53.164314,0 days 00:00:11.891829,-45.52697495726473,38.42223260568031,75.24871438887975,15.781029874145421,23.716537442769038,55.524497584858594,-64.28011338040656,60.724492658226865,33.252120506606545,29.75151022208276,18.216156226345305,40.06763400904357,Unattained target,GPSampler,PRUNED
861,861,6.0,2026-04-22 12:44:53.328434,2026-04-22 12:44:53.471916,0 days 00:00:00.143482,-22.89760821809918,26.70999117877332,48.641950775093726,89.5035650473704,51.206612444525206,-26.662590829145984,-39.19231833529656,22.718717909863173,11.039205900833466,53.89829765949081,-22.07478527282583,29.350588664156177,Unfeasible shape,GPSampler,PRUNED
862,862,6.0,2026-04-22 12:44:53.638882,2026-04-22 12:44:53.804161,0 days 00:00:00.165279,-64.89682307675832,88.4749386965963,91.78311420512168,14.64223324788669,9.631206220268194,35.690907439981245,-72.5556084565268,80.04545317741176,46.74046312954916,21.776636569057406,17.90945438829685,52.0349665261944,Unfeasible shape,GPSampler,PRUNED
863,863,6.0,2026-04-22 12:44:53.955393,2026-04-22 12:44:54.041488,0 days 00:00:00.086095,-68.35687666293654,33.7283075049406,20.749974371080796,68.391065256024,45.18495842331974,-12.972515179345962,-67.62821507960298,31.273245785394003,76.77131042256296,54.1940742723297,7.115149109741175,-6.253663438745354,Unfeasible shape,GPSampler,PRUNED
864,864,6.0,2026-04-22 12:44:54.213516,2026-04-22 12:44:54.320419,0 days 00:00:00.106903,-40.74789201764106,16.5455540217238,36.64571288426235,87.59950299095594,15.443052606064725,12.223149531698304,-56.74853584340468,79.57287245895908,90.25386490218914,62.18401664302813,16.69191554888006,31.09594846395055,Unfeasible shape,GPSampler,PRUNED
865,865,6.0,2026-04-22 12:44:54.496760,2026-04-22 12:44:54.610895,0 days 00:00:00.114135,-22.683868603922356,46.66992397625016,83.48527687949357,28.32707637695536,50.13599705097207,23.577355317124606,-20.39556331982253,81.35759946754347,38.69544382575931,95.46450699146035,-28.328799558104997,7.726189992076343,Unfeasible shape,GPSampler,PRUNED
866,866,6.0,2026-04-22 12:44:54.788677,2026-04-22 12:44:54.876863,0 days 00:00:00.088186,-39.87911638892462,69.6643101182521,83.25485680380442,24.902969759217772,42.60264050408651,-0.6931327745980056,-78.92317640342696,18.596338037920525,45.491198855779416,53.85789801560594,3.2923152211434257,32.97882137303383,Unfeasible shape,GPSampler,PRUNED
