,number,value,datetime_start,datetime_complete,duration,params_lLegPt.rA1,params_lLegPt.rL0,params_lLegPt.rL1,params_lLegPt.rL2,params_lLegPt.x1,params_lLegPt.y1,params_sLegPt.rA1,params_sLegPt.rL0,params_sLegPt.rL1,params_sLegPt.rL2,params_sLegPt.x1,params_sLegPt.y1,user_attrs_prune,system_attrs_auto:sampler,state
681,681,6.0,2026-04-22 12:42:43.001615,2026-04-22 12:42:43.190502,0 days 00:00:00.188887,-36.45132296495641,76.32344661897164,48.424363109661,36.387057244512064,24.13585083739264,-28.432759784299357,-56.56619318786092,22.048284716689786,38.05370264327374,16.604600477067848,-4.77435645820918,53.68577586766886,Unfeasible shape,GPSampler,PRUNED
682,682,6.0,2026-04-22 12:42:43.355832,2026-04-22 12:42:43.483028,0 days 00:00:00.127196,-36.65786703586901,82.95749248888532,61.48413798049848,50.641443894792395,23.48807528824004,43.435021998476216,-32.84312818505936,12.88112735471768,48.879531026218956,81.14141343326006,7.119728889283408,-4.630447998004601,Unfeasible shape,GPSampler,PRUNED
683,683,6.0,2026-04-22 12:42:43.676034,2026-04-22 12:42:43.765788,0 days 00:00:00.089754,-56.62415359749583,19.61426566325342,42.33650179775142,60.902170246087714,-4.596578850117599,7.074194209441934,-73.4122840884717,66.38533963195331,18.490948904503636,20.14720853324388,-1.7205530915585747,46.77316698059475,Unfeasible shape,GPSampler,PRUNED
684,684,6.0,2026-04-22 12:42:43.953432,2026-04-22 12:42:44.048629,0 days 00:00:00.095197,-44.71118374777929,30.78575371880733,46.38606637150504,17.971381697157852,59.596927575050586,6.455636809129572,-27.432960908160666,60.989904425616395,75.35364140895548,44.877738268763395,-24.177763719866277,41.22270238578907,Unfeasible shape,GPSampler,PRUNED
685,685,6.0,2026-04-22 12:42:44.203158,2026-04-22 12:42:44.310039,0 days 00:00:00.106881,-30.846347426173025,86.98789000441539,45.63572743445703,83.57811652602459,11.963608604829389,3.4811398776081504,-45.794344537769426,87.53471765560217,32.363488664457094,12.703192129809583,-6.876314699184039,10.09778399098991,Unfeasible shape,GPSampler,PRUNED
686,686,6.0,2026-04-22 12:42:44.464445,2026-04-22 12:42:44.576477,0 days 00:00:00.112032,-61.92342934394986,16.06406360475404,96.84548824199975,37.2977602645294,45.46990209235964,56.093629255138666,-41.67717973890413,39.717925377674696,20.152623909136416,51.10938022168775,-20.116705479031957,30.372227592581872,Unfeasible shape,GPSampler,PRUNED
687,687,6.0,2026-04-22 12:42:44.756367,2026-04-22 12:42:44.862489,0 days 00:00:00.106122,-68.8459574007427,38.76643872705854,45.23473627120502,24.061919613021452,-7.436030500342229,57.756719875370536,-41.449242860430275,90.3563496747073,78.7726907727421,52.18700736392204,14.063051993448141,2.385715403752016,Unfeasible shape,GPSampler,PRUNED
688,688,6.0,2026-04-22 12:42:45.035041,2026-04-22 12:42:45.124262,0 days 00:00:00.089221,-42.29863412822514,10.781312929722414,33.22220232315994,48.139430145053915,47.57381688124361,-25.204919537795174,-56.43728133843582,93.23848542175134,62.62681836012989,24.409180876519002,3.398049367338004,58.83769187981352,Unfeasible shape,GPSampler,PRUNED
689,689,6.0,2026-04-22 12:42:45.283853,2026-04-22 12:42:45.387721,0 days 00:00:00.103868,-40.758088092531544,93.7631488769474,65.81683079376259,46.67903517050422,8.09909065203992,49.66548082552585,-36.44048365686014,46.95223635744495,30.35778905476074,17.713524079517594,-24.95140373460831,41.509536011556165,Unfeasible shape,GPSampler,PRUNED
690,690,6.0,2026-04-22 12:42:45.557936,2026-04-22 12:42:45.675539,0 days 00:00:00.117603,-69.46278007405459,24.466558878914263,14.531445990148539,39.26024546291312,-7.750900751308753,-28.789891090861538,-62.56130019995608,92.98250705815103,45.09590127065161,29.249451154823426,6.402991224615853,30.247098051687495,Unfeasible shape,GPSampler,PRUNED
691,691,6.0,2026-04-22 12:42:45.869947,2026-04-22 12:42:45.964144,0 days 00:00:00.094197,-26.18753118516569,31.878716727946383,76.07046948239123,51.47910494278176,61.64635707042878,-8.646437780965432,-24.585083085328066,14.958742787012394,88.74327784869598,37.72682922447699,-25.117450706946,38.06609195781158,Unfeasible shape,GPSampler,PRUNED
692,692,6.0,2026-04-22 12:42:46.120976,2026-04-22 12:42:46.269840,0 days 00:00:00.148864,-59.41386127945798,66.13518295985105,97.81662159271677,38.25055358864781,5.275015553003412,-29.110090144047252,-62.23698197318866,13.019187147056046,69.10678627079434,36.28658085469809,19.487678497756797,59.944856435804724,Unfeasible shape,GPSampler,PRUNED
693,693,6.0,2026-04-22 12:42:46.440789,2026-04-22 12:42:46.528882,0 days 00:00:00.088093,-44.05985190599707,56.41678042537194,11.387131241703639,42.270541224531485,25.12605084284599,41.14228798369162,-73.04798434604207,80.3186014390207,53.68724976838779,19.262901793398413,-5.259777546960983,60.53286670564417,Unfeasible shape,GPSampler,PRUNED
694,694,6.0,2026-04-22 12:42:46.756231,2026-04-22 12:42:46.893148,0 days 00:00:00.136917,-67.4551171365349,81.57490969583,74.7244732994108,31.631263475545214,45.868595368841476,-19.00413799660001,-61.2214200870831,85.052251905792,18.462509603018766,83.25402144299922,10.208148036402477,46.68837034062092,Unfeasible shape,GPSampler,PRUNED
695,695,6.0,2026-04-22 12:42:47.035559,2026-04-22 12:42:47.138746,0 days 00:00:00.103187,-78.7131306234089,11.949151382048434,23.649219834920316,87.11207113231906,-7.343180292160079,-14.943770905468401,-56.85031196468758,57.262749840421485,85.90776842387348,54.111990267701,-15.078827871315038,5.264577270450392,Unfeasible shape,GPSampler,PRUNED
696,696,6.0,2026-04-22 12:42:47.291503,2026-04-22 12:42:47.386766,0 days 00:00:00.095263,-56.14272504777614,95.49959095103439,15.300371514781828,27.278008015530133,52.20067721961139,-17.498965664662684,-65.30702881422476,96.23509472971584,22.92993162699101,78.79599285388218,-26.075495823176105,10.776249859081688,Unfeasible shape,GPSampler,PRUNED
697,697,6.0,2026-04-22 12:42:47.560448,2026-04-22 12:42:47.682304,0 days 00:00:00.121856,-47.73970250321148,78.6056521296038,10.233562091683567,70.9166043128071,14.14339388606533,-13.436012752007198,-48.294370128019,97.05718047382142,70.3609167786832,85.36963026790019,-14.61861540481362,55.82923569405254,Unfeasible shape,GPSampler,PRUNED
698,698,6.0,2026-04-22 12:42:47.854872,2026-04-22 12:42:48.001185,0 days 00:00:00.146313,-30.629118257080407,90.49672067369704,23.62436341738454,72.06829397478731,57.211463358964636,30.99249282100238,-50.68582855614533,39.49048678214187,28.71587117231568,93.47089992218885,13.95167690278307,46.41750862772232,Unfeasible shape,GPSampler,PRUNED
699,699,6.0,2026-04-22 12:42:48.160122,2026-04-22 12:42:48.264316,0 days 00:00:00.104194,-42.2736284633672,37.7228916017258,84.65041738855989,67.72489176018485,14.470527219024863,28.42261464435328,-30.433834167170076,30.991957737922167,41.79272843027455,72.06689801254844,13.037846197611316,39.341297599087,Unfeasible shape,GPSampler,PRUNED
700,700,6.0,2026-04-22 12:42:48.411672,2026-04-22 12:42:48.505633,0 days 00:00:00.093961,-20.62762126842314,65.49187288381498,32.29195385084036,29.63964974365765,57.59709164939453,35.98860305406676,-29.452198602500943,22.50471571024488,57.656426631405495,38.646736027110585,19.639847022427574,18.11969021263628,Unfeasible shape,GPSampler,PRUNED
701,701,6.0,2026-04-22 12:42:48.670369,2026-04-22 12:42:49.853426,0 days 00:00:01.183057,-72.1128239187358,72.49633383792192,12.165405709808542,44.70998622252833,46.85059249395289,44.78711466392075,-20.92568117670229,26.323556107194566,83.76753133218956,18.205443280269986,-10.390669185708507,28.09947441236575,Unfeasible shape,GPSampler,PRUNED
702,702,6.0,2026-04-22 12:42:49.996534,2026-04-22 12:42:50.116756,0 days 00:00:00.120222,-37.86894879138656,36.8077345597926,61.80387037588494,50.712586039836836,20.71841313913658,20.719120534033053,-67.24098109600655,91.32790702361783,46.935789721839285,30.82956787908739,-12.220189406200454,10.028991660123303,Unfeasible shape,GPSampler,PRUNED
703,703,6.0,2026-04-22 12:42:50.302847,2026-04-22 12:42:50.385463,0 days 00:00:00.082616,-24.657356014153983,71.663954291331,92.19731890594927,59.13574406619423,44.70220619638914,41.51879740828552,-59.25298200479362,14.666983759031359,57.64050301590408,82.74555212391198,-17.881242592468457,55.217925516592246,Unfeasible shape,GPSampler,PRUNED
704,704,6.0,2026-04-22 12:42:50.539233,2026-04-22 12:42:50.702821,0 days 00:00:00.163588,-41.37244201178316,42.96177157704767,45.08945030710057,58.218906211045486,21.304301344442642,53.167278670286095,-57.18734955074062,93.47069043015985,65.82700673996317,40.99956312901677,-0.5591900544333868,17.86878309710405,Unfeasible shape,GPSampler,PRUNED
705,705,6.0,2026-04-22 12:42:50.915892,2026-04-22 12:42:51.015172,0 days 00:00:00.099280,-65.76589401833745,60.8568777171564,81.42852128067645,94.60704227993142,14.419947313024885,-25.73502011152914,-40.548031371113325,37.64600421313591,93.15258064782168,18.806714254857084,6.968162597279196,58.02105807673955,Unfeasible shape,GPSampler,PRUNED
706,706,6.0,2026-04-22 12:42:51.162597,2026-04-22 12:42:51.270633,0 days 00:00:00.108036,-58.108351410120264,64.24362074617187,40.01683303257235,30.72072453910787,17.602823218509343,-11.646443773177449,-53.05894864703278,36.68251663608967,94.72390985117389,59.57421942707958,-18.5575467808118,36.17123996444824,Unfeasible shape,GPSampler,PRUNED
707,707,6.0,2026-04-22 12:42:51.447524,2026-04-22 12:42:51.543087,0 days 00:00:00.095563,-27.23373064794726,25.684507831372425,41.850662685320984,10.11475956419116,7.188899107935487,57.63262603550152,-39.77639727514772,73.32938822660017,34.18897801898212,74.1392332624261,5.196181826463011,23.940104983082996,Unfeasible shape,GPSampler,PRUNED
708,708,6.0,2026-04-22 12:42:51.714973,2026-04-22 12:42:51.860684,0 days 00:00:00.145711,-48.8332746915917,98.6881726420487,37.54955847886673,68.83701013871656,59.10455604191752,-26.34290070356312,-54.09303768053692,97.10645392012182,16.266198531658656,15.850408390938743,1.5029564092547965,26.4699446281069,Unfeasible shape,GPSampler,PRUNED
709,709,6.0,2026-04-22 12:42:52.012383,2026-04-22 12:42:52.109352,0 days 00:00:00.096969,-51.3372041814299,45.615299538833305,47.13350755647272,40.44041728041352,5.277322605097492,54.58479366800583,-75.63412808383623,44.45894636676131,89.95694654345861,14.691567730577047,-0.9376040570232469,26.309304430551258,Unfeasible shape,GPSampler,PRUNED
710,710,6.0,2026-04-22 12:42:52.278603,2026-04-22 12:42:52.499940,0 days 00:00:00.221337,-42.95732914173427,74.19978555063435,43.792439813103094,67.07712865788784,34.33376117594453,22.55043389273633,-78.54999539270807,41.473395110313774,65.05463289209027,76.51290738153915,9.527025448362743,6.603197357057152,Unfeasible shape,GPSampler,PRUNED
711,711,6.0,2026-04-22 12:42:52.648129,2026-04-22 12:42:52.800671,0 days 00:00:00.152542,-67.20454088782905,82.60188723939179,10.44951276749242,32.83737866114889,13.083856134705396,15.499854579788604,-74.26964359172968,57.21432871611948,51.77635326413955,14.975276145340853,11.339589738576578,54.60464306274143,Unfeasible shape,GPSampler,PRUNED
712,712,6.0,2026-04-22 12:42:52.986727,2026-04-22 12:42:53.089129,0 days 00:00:00.102402,-65.54625965969083,24.87089708268543,51.269926799974264,92.35147519560155,41.57468017394487,-17.66121275314957,-77.62716876783921,49.476457578381634,95.40672728293426,58.317085772156155,-12.711119872755244,27.799027967919137,Unfeasible shape,GPSampler,PRUNED
713,713,6.0,2026-04-22 12:42:53.247107,2026-04-22 12:42:53.347805,0 days 00:00:00.100698,-44.943939836907006,10.93376068445708,89.75368429000851,93.85243427513225,7.101093097187235,-9.042941263221664,-31.90527621559616,51.5467768945086,33.158898072155786,59.213671926732616,-1.7177903858851877,16.777329722922076,Unfeasible shape,GPSampler,PRUNED
714,714,6.0,2026-04-22 12:42:53.482371,2026-04-22 12:42:53.561845,0 days 00:00:00.079474,-63.949174575036544,78.23606423082369,25.762250748559058,60.93260745033267,36.19889318020807,51.12995995350019,-70.32514459558105,37.11480146747091,34.23779312028847,21.988525347780875,-9.046809844015936,21.28556241719354,Unfeasible shape,GPSampler,PRUNED
715,715,6.0,2026-04-22 12:42:53.738410,2026-04-22 12:42:53.817450,0 days 00:00:00.079040,-63.914337999053004,61.93060599314616,88.14555016962517,94.85015455989733,47.669639176425264,54.55476302699087,-67.39917563252472,13.428277643975925,88.97794289193769,26.6253705745714,-1.0879549241868176,-3.847105421057286,Unfeasible shape,GPSampler,PRUNED
716,716,6.0,2026-04-22 12:42:54.040617,2026-04-22 12:42:54.129663,0 days 00:00:00.089046,-35.46090322640127,26.095365893199055,52.28280261885236,35.199003758203155,13.269046046357246,46.5249062265608,-48.89066494422798,91.84019390764811,41.36785214048862,25.43449207533486,-18.94226039273744,5.345809915146294,Unfeasible shape,GPSampler,PRUNED
717,717,6.0,2026-04-22 12:42:54.278060,2026-04-22 12:42:54.475474,0 days 00:00:00.197414,-49.03136718235446,84.70117578884042,45.07815801582732,29.587295905181918,47.67359061810925,-6.593700749108674,-78.00291949990736,67.73026786386211,73.13881674935672,90.80779992027489,19.129734746384948,-4.72329137567387,Unfeasible shape,GPSampler,PRUNED
718,718,6.0,2026-04-22 12:42:54.636435,2026-04-22 12:42:54.732447,0 days 00:00:00.096012,-42.78328248421633,29.316099666561996,81.46582101907512,35.531753653855716,-3.982697115459281,-12.896220216147466,-36.670584530562174,29.61083268160519,62.716310786969366,94.37322761983262,10.857998533900016,57.19308514480427,Unfeasible shape,GPSampler,PRUNED
719,719,6.0,2026-04-22 12:42:54.931697,2026-04-22 12:42:55.032654,0 days 00:00:00.100957,-78.66711688686071,10.86084772269422,31.534935843816147,39.75274511274515,49.16431674217439,-3.310267930285775,-20.746222788452584,65.7014854684779,95.38711656738187,11.009546505083483,0.9714622267179607,34.243763406722614,Unfeasible shape,GPSampler,PRUNED
720,720,6.0,2026-04-22 12:42:55.190928,2026-04-22 12:42:55.307437,0 days 00:00:00.116509,-56.50938225642291,64.41244461897546,91.3409892796562,10.1629029213247,44.587732509019624,1.6547588478527935,-61.78197496966513,99.88567377603279,49.483058649474714,82.05055846402296,-20.21132916373028,61.43373350068579,Unfeasible shape,GPSampler,PRUNED
721,721,6.0,2026-04-22 12:42:55.491326,2026-04-22 12:42:55.581748,0 days 00:00:00.090422,-66.98878341818583,59.49247353279009,82.17160324694785,80.04825926161071,47.966214989281035,7.155160794292129,-35.580464358757524,32.33662291410016,73.15693025783742,81.86341765964247,16.072493244567077,16.708215931964876,Unfeasible shape,GPSampler,PRUNED
722,722,6.0,2026-04-22 12:42:55.798509,2026-04-22 12:42:55.892301,0 days 00:00:00.093792,-33.567696150328146,99.32652574837977,62.92159121073556,87.80985882964389,20.83515386750919,-0.19713631019575928,-35.66704973531115,12.098759657935412,10.023174864757015,88.26200047217773,-24.52126194303586,31.174286133582548,Unfeasible shape,GPSampler,PRUNED
723,723,6.0,2026-04-22 12:42:56.092622,2026-04-22 12:42:56.185159,0 days 00:00:00.092537,-46.48597561717706,35.043630769158796,68.23236472047944,97.9739920213113,8.537940563341536,6.794567005088261,-26.19682700860735,15.765489380932095,75.81756743384692,62.40450064181581,7.251061364795291,34.6442708153457,Unfeasible shape,GPSampler,PRUNED
724,724,6.0,2026-04-22 12:42:56.359246,2026-04-22 12:42:56.588922,0 days 00:00:00.229676,-44.795451452217115,93.4581326817201,75.89856271377933,32.814083759663525,53.44375002077942,8.538417883717052,-47.788945507897715,65.13399663645345,84.14001431463132,16.126324366886795,18.790892701071115,21.952174314592117,Unfeasible shape,GPSampler,PRUNED
725,725,6.0,2026-04-22 12:42:56.798660,2026-04-22 12:42:56.899647,0 days 00:00:00.100987,-22.790721151441822,65.16583278985894,30.539338032823217,30.948319070515325,-7.164187161906126,-14.791515708914815,-74.81300971508168,54.172721514080614,70.11050930177936,91.94326510171359,-10.124094090864222,37.293390882721035,Unfeasible shape,GPSampler,PRUNED
726,726,6.0,2026-04-22 12:42:57.077798,2026-04-22 12:42:57.193607,0 days 00:00:00.115809,-38.14927127711174,65.35540439344493,29.04175133178331,85.05880375200839,0.12088698426297384,24.395671621401803,-64.41233392099943,96.39836637228579,62.494875118109555,88.69957470977414,-22.18564545235185,-1.3904700658206242,Unfeasible shape,GPSampler,PRUNED
727,727,6.0,2026-04-22 12:42:57.380078,2026-04-22 12:42:57.491672,0 days 00:00:00.111594,-50.44222943522318,93.44814166453385,74.65424421747312,91.68558689980144,28.250372931597198,33.494512298362494,-72.48563018109829,10.489156358829181,71.2582930485783,65.65978208881384,1.509385126339435,31.27218062478233,Unfeasible shape,GPSampler,PRUNED
728,728,6.0,2026-04-22 12:42:57.660639,2026-04-22 12:42:57.765929,0 days 00:00:00.105290,-42.11423662650926,99.09841335202407,24.614622063986427,90.48671607800972,40.08782914782999,58.664318042698724,-76.65504322537862,67.85939454372425,18.672139655409733,17.42883795481039,-16.85864745441626,51.09953048987705,Unfeasible shape,GPSampler,PRUNED
729,729,6.0,2026-04-22 12:42:57.939896,2026-04-22 12:42:58.112836,0 days 00:00:00.172940,-72.72444003933326,28.534760232829885,44.72878051220653,30.528358886171663,59.931395188212036,-6.852864219410755,-71.33351899976758,95.91982747108626,17.426112355171533,42.56739383358644,-16.898927605339928,9.849689641759568,Unfeasible shape,GPSampler,PRUNED
730,730,6.0,2026-04-22 12:42:58.278204,2026-04-22 12:42:58.366308,0 days 00:00:00.088104,-79.83961288446551,46.93706456601365,31.60574070703059,11.946354537695171,41.12681354411948,19.488381791545137,-79.992367866059,21.06752104669672,44.56462622818762,95.50119158839426,10.130735378434096,58.30105103520481,Unfeasible shape,GPSampler,PRUNED
731,731,6.0,2026-04-22 12:42:58.577578,2026-04-22 12:42:58.657115,0 days 00:00:00.079537,-48.27449469263539,76.9644882007951,51.03305991701422,22.709057069968008,6.709295902590085,13.120100192930579,-45.36009511628309,50.26017496293871,17.8995550636287,24.619382392736377,-1.364915866761308,23.171123564885,Unfeasible shape,GPSampler,PRUNED
732,732,6.0,2026-04-22 12:42:58.851781,2026-04-22 12:42:58.962149,0 days 00:00:00.110368,-65.79273234430447,80.80988317328169,67.25424425718128,24.7943080226748,25.944542749384404,36.52665810054077,-46.66674537980739,70.39408299972477,85.23676134942195,30.190559838808028,-21.708500807438433,29.705039711143385,Unfeasible shape,GPSampler,PRUNED
733,733,6.0,2026-04-22 12:42:59.322481,2026-04-22 12:43:00.209585,0 days 00:00:00.887104,-24.480887166715135,79.03792570851941,53.56947271407812,70.75088021316813,19.97504273854104,20.858862894518666,-66.10953349732785,24.002012933202884,36.505087584380135,99.63882048495798,12.676840481532082,10.110891713973107,Unfeasible shape,GPSampler,PRUNED
734,734,6.0,2026-04-22 12:43:00.358422,2026-04-22 12:43:00.500182,0 days 00:00:00.141760,-47.66815587210933,30.49122111979716,44.77592314042168,80.39707345684022,1.3266057068584605,-9.45928625532095,-65.80649282237798,57.87794711186408,59.58424365385244,74.46707297578882,19.350296593941238,26.06772923685928,Unfeasible shape,GPSampler,PRUNED
735,735,6.0,2026-04-22 12:43:00.657786,2026-04-22 12:43:00.752440,0 days 00:00:00.094654,-69.13392687018369,64.238440781969,57.800279004031374,30.674091773801436,-6.844087738728069,40.378946562172885,-72.1841497138381,29.179709054944844,41.49583503864771,17.937198825993477,-17.395082820318365,38.52546941395648,Unfeasible shape,GPSampler,PRUNED
736,736,6.0,2026-04-22 12:43:00.919070,2026-04-22 12:43:01.052984,0 days 00:00:00.133914,-57.30666606731043,46.55706496341164,78.49837210303168,59.91508798877525,60.44631174386109,-7.649280669352777,-24.135454356168637,19.08047963517451,25.09335893078435,47.612951525678504,-1.9029579098784062,14.269305900590282,Unfeasible shape,GPSampler,PRUNED
737,737,6.0,2026-04-22 12:43:01.235837,2026-04-22 12:43:01.330774,0 days 00:00:00.094937,-68.42515043007593,56.058807866846784,14.540536654591861,48.534214360015035,21.381271100889922,27.516824356064568,-59.21240441753063,79.27147433154572,63.91781753776059,70.2989109571638,-0.30127899342581443,15.547668962814111,Unfeasible shape,GPSampler,PRUNED
738,738,6.0,2026-04-22 12:43:01.523876,2026-04-22 12:43:01.673202,0 days 00:00:00.149326,-59.11828935533641,96.70663255986837,60.98278810833568,64.4007682912339,-9.078600374428065,47.068011990454124,-57.111755115408315,51.49993647593571,12.189435556533471,32.62803904561637,6.592489517696514,38.390200804645374,Unfeasible shape,GPSampler,PRUNED
739,739,6.0,2026-04-22 12:43:01.828664,2026-04-22 12:43:01.923441,0 days 00:00:00.094777,-34.109817761378004,10.53596000921512,57.09547849220092,16.959846624548124,-6.47090808402862,-20.265983163911226,-26.922174625677755,30.154166320510832,50.80274005839392,53.861667569760314,11.140335534118393,33.77267304244527,Unfeasible shape,GPSampler,PRUNED
740,740,6.0,2026-04-22 12:43:02.105875,2026-04-22 12:43:02.264510,0 days 00:00:00.158635,-39.573231365456756,86.77991954919443,98.66456625688755,62.74228789798854,41.97764646368797,34.071528905556605,-20.069474783494194,90.86385324679313,95.8461324034102,33.59658386550599,-20.025419668094735,14.585710048870453,Unfeasible shape,GPSampler,PRUNED
741,741,6.0,2026-04-22 12:43:02.461041,2026-04-22 12:43:02.601346,0 days 00:00:00.140305,-56.335942820016896,17.043641272518713,34.256221535089566,69.07277129791976,42.69049335939092,40.73182799045355,-61.55704090575233,45.16132769131436,23.749418623141644,41.44173807118828,17.012058964929388,-2.382068050700358,Unfeasible shape,GPSampler,PRUNED
742,742,6.0,2026-04-22 12:43:02.775150,2026-04-22 12:43:02.885366,0 days 00:00:00.110216,-57.43684199524769,93.40573167424003,44.00089358682612,55.708828117671516,33.78084527496064,33.34871064848251,-33.90066156966262,96.4372852952443,78.54610319770384,95.40566088018002,4.685936553050759,-9.77552651262863,Unfeasible shape,GPSampler,PRUNED
