,number,value,datetime_start,datetime_complete,duration,params_lLegPt.rA1,params_lLegPt.rL0,params_lLegPt.rL1,params_lLegPt.rL2,params_lLegPt.x1,params_lLegPt.y1,params_sLegPt.rA1,params_sLegPt.rL0,params_sLegPt.rL1,params_sLegPt.rL2,params_sLegPt.x1,params_sLegPt.y1,user_attrs_prune,system_attrs_auto:sampler,state
557,557,6.0,2026-04-22 12:41:17.961054,2026-04-22 12:41:18.023399,0 days 00:00:00.062345,-40.541396877289046,86.05955864105302,28.030221182475277,44.956581893092775,4.108994088321124,0.1357314043507536,-66.80942748036277,65.33274312921722,45.434071459318815,44.5219107316503,-29.171943085269486,0.2109173090224541,Unfeasible shape,GPSampler,PRUNED
558,558,6.0,2026-04-22 12:41:18.162584,2026-04-22 12:41:18.245123,0 days 00:00:00.082539,-36.75458915009068,89.86815902577858,60.25858904439901,72.45080459451701,30.081708457669208,-13.395087852228702,-77.66631289006523,80.82448312130104,61.458746518928706,17.362907830038502,0.733539647011316,22.79483545492858,Unfeasible shape,GPSampler,PRUNED
559,559,6.0,2026-04-22 12:41:18.391962,2026-04-22 12:41:18.447414,0 days 00:00:00.055452,-47.550015022283,89.1749877526343,52.94465658859685,79.55224256051444,53.127907112318006,40.60268212603761,-50.19196158744293,54.04724937866411,28.187126616157652,19.10932450968081,-4.448187919892781,53.78050919628878,Unfeasible shape,GPSampler,PRUNED
560,560,6.0,2026-04-22 12:41:18.612688,2026-04-22 12:41:18.739418,0 days 00:00:00.126730,-53.50825090386837,84.28059706590706,25.675795177352924,45.60985945104373,46.982948348823626,53.56205502600346,-26.83170267385026,80.53930768003438,71.14595032131453,30.94533413855279,9.02739637632284,0.08711452333382042,Unfeasible shape,GPSampler,PRUNED
561,561,6.0,2026-04-22 12:41:18.869680,2026-04-22 12:41:19.005812,0 days 00:00:00.136132,-33.505309544544836,35.44535943186925,67.95446167168043,28.29047827942692,57.41399420759683,5.665781102713183,-60.31432796453427,85.41858047892893,84.8481124134874,27.38775432098618,-29.80074810565207,43.54458223819265,Unfeasible shape,GPSampler,PRUNED
562,562,6.0,2026-04-22 12:41:19.157207,2026-04-22 12:41:19.220061,0 days 00:00:00.062854,-48.59331182235036,50.66766168978757,99.06690537898514,32.874429627337264,-7.711550971270658,-14.648477833093748,-57.20260126947443,49.336739108530566,67.82052545588124,40.40577513818192,-0.80143315028673,-9.191416230226684,Unfeasible shape,GPSampler,PRUNED
563,563,6.0,2026-04-22 12:41:19.380338,2026-04-22 12:41:19.453593,0 days 00:00:00.073255,-25.90525647594219,12.78097451872804,57.63609212542599,19.611106254650412,11.033450827842788,32.102923242654974,-25.14757240019327,87.38176737748577,80.55173467560974,37.07297305722369,-26.849576765850017,39.648625871931245,Unfeasible shape,GPSampler,PRUNED
564,564,6.0,2026-04-22 12:41:19.593777,2026-04-22 12:41:19.653635,0 days 00:00:00.059858,-55.899856038406114,87.55975803887515,82.91603062407312,65.7266767958921,44.923041247374634,7.013966440741761,-78.74547172674889,38.757690426774964,10.186836023080653,49.6863061643438,-18.967480364619,5.185984036234171,Unfeasible shape,GPSampler,PRUNED
565,565,6.0,2026-04-22 12:41:19.790981,2026-04-22 12:41:19.906733,0 days 00:00:00.115752,-28.411602096340538,81.67782862405777,98.64682753231516,33.6553831105585,-8.107880504089515,-1.0230305816959913,-73.85817230449756,94.45251835271907,72.32176285574624,10.364303082647766,-27.963813904921565,52.66447501607086,Unfeasible shape,GPSampler,PRUNED
566,566,6.0,2026-04-22 12:41:20.052728,2026-04-22 12:41:20.141260,0 days 00:00:00.088532,-49.61459924092583,86.00106505839925,40.621762348164566,53.82021699413316,3.19564903925715,-4.125168689109763,-22.819476190043346,37.46284578311082,25.316436393999236,33.909656421171704,-0.7381166567993986,40.88279958366493,Unfeasible shape,GPSampler,PRUNED
567,567,6.0,2026-04-22 12:41:20.284879,2026-04-22 12:41:20.361685,0 days 00:00:00.076806,-48.10054658750249,86.43957616078623,31.868042987760727,42.90685335430932,16.99972244555005,-21.6853416244016,-40.60172902160281,89.06863385735862,38.37218574824759,73.26317476378597,-8.102030206793767,20.338844679317354,Unfeasible shape,GPSampler,PRUNED
568,568,6.0,2026-04-22 12:41:20.489507,2026-04-22 12:41:20.605931,0 days 00:00:00.116424,-21.375388133107165,90.17511865436317,81.34447877305786,92.51386962346449,42.78879161683319,59.30532639236584,-54.20345908227842,32.88948114287779,71.86242289502452,31.39988272953042,-27.849197754676265,12.822004843446567,Unfeasible shape,GPSampler,PRUNED
569,569,6.0,2026-04-22 12:41:20.749197,2026-04-22 12:41:20.812323,0 days 00:00:00.063126,-58.323790323463854,16.545198916058425,37.021660258801745,28.799911934439326,-6.9360537783214795,43.700818743530874,-74.19634772024443,82.93660704904144,84.36773230076469,44.46368476601474,-9.37239778208842,50.670506016857935,Unfeasible shape,GPSampler,PRUNED
570,570,6.0,2026-04-22 12:41:20.949231,2026-04-22 12:41:21.040536,0 days 00:00:00.091305,-56.43853397720123,80.06988644239821,77.66266327391264,57.89249422302433,37.684763554507526,31.20382252630781,-24.652330931254994,58.81587428524738,70.64822156537882,70.34999800997147,-10.922266974344698,-7.098740509239965,Unfeasible shape,GPSampler,PRUNED
571,571,6.0,2026-04-22 12:41:21.193453,2026-04-22 12:41:21.288600,0 days 00:00:00.095147,-76.87339677661593,83.48767124689726,30.617149869124596,86.46348947661609,1.3806845763685,-0.7116875148976511,-54.421820688088715,44.86582723421822,43.3573273333002,55.022887996712456,-27.405453213174038,38.04878356803401,Unfeasible shape,GPSampler,PRUNED
572,572,6.0,2026-04-22 12:41:21.445648,2026-04-22 12:41:21.517472,0 days 00:00:00.071824,-29.165387740616453,44.090250474320804,75.58518988197788,45.1550132119462,18.063618266131805,1.947227193335852,-31.416179709876282,21.612445671281773,74.31710967985703,74.52670116517905,5.42977389522521,49.927857638575006,Unfeasible shape,GPSampler,PRUNED
573,573,6.0,2026-04-22 12:41:21.650265,2026-04-22 12:41:21.739116,0 days 00:00:00.088851,-30.924661540884124,54.92484433297414,34.40082102295224,67.7400028035486,34.16346633197931,32.608851197611045,-38.20150929009708,27.26747641917469,40.71784671680356,30.287377940317093,14.826206374795952,42.72510524526038,Unfeasible shape,GPSampler,PRUNED
574,574,6.0,2026-04-22 12:41:21.898267,2026-04-22 12:41:21.964980,0 days 00:00:00.066713,-55.271578886692126,80.18060567715527,63.02929604991816,36.51700023945361,3.7427446580916044,53.80077174618215,-60.51714096391157,54.85458986651057,21.535548876107732,97.711579153714,-12.039157640676265,1.054180235041228,Unfeasible shape,GPSampler,PRUNED
575,575,6.0,2026-04-22 12:41:22.101017,2026-04-22 12:41:22.197374,0 days 00:00:00.096357,-32.21383905786657,61.410164494177074,94.76270080902816,33.74076662193113,46.22015106301519,52.855388258994864,-66.44867305555488,20.89504573464948,30.73674173799354,54.906583517974056,12.868765081253265,23.140292593823503,Unfeasible shape,GPSampler,PRUNED
576,576,6.0,2026-04-22 12:41:22.342101,2026-04-22 12:41:22.428164,0 days 00:00:00.086063,-64.57078411298646,95.48316442915002,77.07646654765072,92.28032202571373,-0.31633710918804425,21.89104756130037,-36.21648360359618,78.93727040093984,98.05280081028545,58.4620201139271,18.218684842480236,18.559040812359758,Unfeasible shape,GPSampler,PRUNED
577,577,6.0,2026-04-22 12:41:22.572424,2026-04-22 12:41:22.652602,0 days 00:00:00.080178,-60.12979810371391,36.16057705317861,55.525637104327934,91.22016602578144,32.206216975136826,51.944567600389576,-38.96407787545784,73.29462187192102,45.46924510863259,53.08267763931175,-12.339722350363203,49.12717493587002,Unfeasible shape,GPSampler,PRUNED
578,578,6.0,2026-04-22 12:41:22.800607,2026-04-22 12:41:22.867405,0 days 00:00:00.066798,-63.84593171227548,95.30068264829112,67.22218878650818,78.65800208960229,45.59023796614118,34.88997859384362,-26.25711943763202,61.248841284469385,36.753104719190084,34.134386996554355,-23.68654382277611,24.746968293363743,Unfeasible shape,GPSampler,PRUNED
579,579,6.0,2026-04-22 12:41:23.017226,2026-04-22 12:41:23.063433,0 days 00:00:00.046207,-45.79761420253632,74.19428935617584,87.93802618035974,34.72759321720743,32.20229051684989,56.02602359478986,-58.313810606241454,47.734534225101825,25.289501884447425,69.44845040942849,-6.754929047933253,15.179840056896165,Unfeasible shape,GPSampler,PRUNED
580,580,6.0,2026-04-22 12:41:23.233321,2026-04-22 12:41:23.296685,0 days 00:00:00.063364,-59.33944513016357,13.875521815341832,59.821150236859374,94.72589510861008,29.98078214762547,-13.991210915759197,-54.91923941926707,53.16376085601239,53.81176640863518,29.547097247109214,-15.967460736176731,55.52775681075872,Unfeasible shape,GPSampler,PRUNED
581,581,6.0,2026-04-22 12:41:23.482410,2026-04-22 12:41:23.579629,0 days 00:00:00.097219,-46.50013978915402,30.453659297099655,11.926531097516643,43.16390523343468,30.930407755224927,6.246586779524073,-64.9786435343976,51.98981309204789,70.92494460201105,77.92503281969616,8.74142222912564,23.597366256007334,Unfeasible shape,GPSampler,PRUNED
582,582,6.0,2026-04-22 12:41:23.700080,2026-04-22 12:41:23.762570,0 days 00:00:00.062490,-47.00203722592484,30.872364052032538,33.82337232193891,73.13459610715209,3.459388271492765,12.592930846682215,-43.18631926237926,14.77195760994611,14.442593338981002,54.01152037768506,-19.533389744762005,37.16518328464534,Unfeasible shape,GPSampler,PRUNED
583,583,6.0,2026-04-22 12:41:23.917271,2026-04-22 12:41:23.973895,0 days 00:00:00.056624,-38.681483129439414,54.428638088106034,30.227169944417756,93.7657707948279,24.835218180791728,38.41483381987442,-35.23415491438834,39.045001149450755,17.062176415689247,66.2696092839353,-9.882946424349104,-8.485769472732997,Unfeasible shape,GPSampler,PRUNED
584,584,6.0,2026-04-22 12:41:24.127158,2026-04-22 12:41:24.207475,0 days 00:00:00.080317,-20.460003516159922,14.657371548516167,68.11368871266812,55.93023194812911,25.354786013499492,-0.38206620229902555,-26.659221811256792,43.6543768373703,46.585419736402685,40.95828279197943,0.864419185057212,-8.907598380840598,Unfeasible shape,GPSampler,PRUNED
585,585,6.0,2026-04-22 12:41:24.397091,2026-04-22 12:41:24.453413,0 days 00:00:00.056322,-69.96901524722325,41.006745585829954,91.55469346110145,61.04471881706408,19.18930898912762,1.9026998620583484,-78.26516822960873,37.578216984428224,95.07179380975552,72.93828531323777,-26.794651849475862,46.74921872058389,Unfeasible shape,GPSampler,PRUNED
586,586,6.0,2026-04-22 12:41:24.603103,2026-04-22 12:41:24.661452,0 days 00:00:00.058349,-68.38856271129774,16.33694995429579,70.69971833570924,62.64628580446986,2.5667441278146352,35.899577076496456,-23.194141953375542,54.69938760479105,29.332743901154537,90.99605073538113,-8.442506072266099,-3.2763125087523663,Unfeasible shape,GPSampler,PRUNED
587,587,6.0,2026-04-22 12:41:24.801321,2026-04-22 12:41:24.863640,0 days 00:00:00.062319,-35.138944792778894,32.6033719879901,83.0700004882133,62.46162003460047,59.34548918558443,35.55178912272807,-34.285828863244525,94.65403190677593,80.23518477648588,37.252999975108644,4.570170327320177,35.98069442635603,Unfeasible shape,GPSampler,PRUNED
588,588,6.0,2026-04-22 12:41:25.001563,2026-04-22 12:41:25.088041,0 days 00:00:00.086478,-51.48168462125624,23.133231283891305,25.102034489458127,67.02065172321636,17.52364829451874,-12.423046064345435,-49.66408984908245,53.36619496204822,74.3536642935194,49.74577771982162,18.439513578798262,46.31477335819309,Unfeasible shape,GPSampler,PRUNED
589,589,6.0,2026-04-22 12:41:25.214347,2026-04-22 12:41:25.262867,0 days 00:00:00.048520,-39.09512164707386,27.780670166171152,56.63452627704261,69.95183319184167,30.2636102254909,-1.470261547563073,-27.972789479558237,33.5713853807478,61.00435343670241,43.337623297297576,11.304973712232332,-3.1153015371816286,Unfeasible shape,GPSampler,PRUNED
590,590,6.0,2026-04-22 12:41:25.425504,2026-04-22 12:41:25.516236,0 days 00:00:00.090732,-61.72346130673202,92.0868453179018,56.95688008644951,17.91824589708148,61.713243938297396,-14.583665331534505,-40.23049180391539,18.856190939396168,97.22070384542819,26.981801391974376,2.6267373274305967,33.45159062313892,Unfeasible shape,GPSampler,PRUNED
591,591,6.0,2026-04-22 12:41:25.651659,2026-04-22 12:41:25.721476,0 days 00:00:00.069817,-49.226743556833554,51.3380055943035,35.17455723109559,68.54704409608222,20.241234223999324,19.81783025378926,-44.797141655538894,78.12383048668633,83.36249665141409,33.0095139822395,-28.407265976990686,-9.603778510603577,Unfeasible shape,GPSampler,PRUNED
592,592,6.0,2026-04-22 12:41:25.889941,2026-04-22 12:41:25.954992,0 days 00:00:00.065051,-79.04034262531923,41.49478844867001,38.158036331444734,13.783869287137845,60.413710534065245,31.075525600753323,-65.11166976846367,97.08178668115359,10.623673468709105,92.28789374253483,-4.468488962533836,61.56584016062604,Unfeasible shape,GPSampler,PRUNED
593,593,6.0,2026-04-22 12:41:26.106029,2026-04-22 12:41:26.155182,0 days 00:00:00.049153,-42.28420260289535,21.55664320033221,11.503204243164985,74.77157823404184,34.190599813902416,43.16290945849197,-48.27790102524398,67.28241874148735,39.595620956699946,56.36615642096642,-19.352413720786416,26.001240459792285,Unfeasible shape,GPSampler,PRUNED
594,594,6.0,2026-04-22 12:41:26.306012,2026-04-22 12:41:26.366633,0 days 00:00:00.060621,-54.10838032542862,51.507540136607936,41.60746338423954,17.008015928989824,55.756229872067166,8.095828607674775,-24.319366528637303,60.12897148923503,33.02686158810931,87.35265288326009,-29.513271216872646,33.153223859607515,Unfeasible shape,GPSampler,PRUNED
595,595,6.0,2026-04-22 12:41:26.531652,2026-04-22 12:41:26.588691,0 days 00:00:00.057039,-29.666010303403283,12.122217278636935,44.572211011919535,20.558918625629108,52.56252941934329,40.075765826802495,-44.322939908805985,14.278726383879064,89.7106281714452,28.14937629986329,9.156426271073755,46.406465517820976,Unfeasible shape,GPSampler,PRUNED
596,596,6.0,2026-04-22 12:41:26.732709,2026-04-22 12:41:26.795769,0 days 00:00:00.063060,-33.40489294560157,60.47061521148718,34.64328544732531,11.593613688731217,19.66377747104414,22.277674008575026,-76.95723003451104,78.987597798288,39.52107707340801,67.98077543873924,-20.530715829639302,-9.365935142322714,Unfeasible shape,GPSampler,PRUNED
597,597,6.0,2026-04-22 12:41:26.932739,2026-04-22 12:41:26.997833,0 days 00:00:00.065094,-27.943818205344073,65.02264878587664,74.88122162580316,29.94146514076031,11.70594018573416,38.37419877083097,-28.768632890772345,77.88461563590594,16.28645030023832,61.206364246857795,-24.944749817816987,2.7917824939310183,Unfeasible shape,GPSampler,PRUNED
598,598,6.0,2026-04-22 12:41:27.139099,2026-04-22 12:41:27.214447,0 days 00:00:00.075348,-61.93374215560006,18.9775960291891,78.79568546292847,44.81723189962124,33.05622625025451,55.15250949520748,-20.33386883666843,73.27965142475713,17.857439175697614,69.39578417815645,-3.91243241735107,23.760407437086087,Unfeasible shape,GPSampler,PRUNED
599,599,6.0,2026-04-22 12:41:27.359795,2026-04-22 12:41:27.414953,0 days 00:00:00.055158,-23.89066688533744,56.115318163741186,93.86785588515552,47.541573749560186,3.0462871403739875,-7.32375949818816,-40.18102108864881,21.100411392810962,21.301514488156243,11.755453766383985,-29.09352877048979,31.195595541516596,Unfeasible shape,GPSampler,PRUNED
600,600,6.0,2026-04-22 12:41:27.563288,2026-04-22 12:41:27.639195,0 days 00:00:00.075907,-21.14078083672863,65.53616077274985,69.43423177524909,73.92767304277308,2.7213099965478236,-23.481961282280235,-62.14372571009986,45.372940235325025,51.07678801587618,52.383531140563626,-18.143754536129826,-8.31864870955494,Unfeasible shape,GPSampler,PRUNED
601,601,6.0,2026-04-22 12:41:27.788334,2026-04-22 12:41:27.840009,0 days 00:00:00.051675,-29.204502264595064,16.134796582557854,33.50277721651705,15.64566776046965,7.0611838294556115,-15.138315231819476,-43.56407479298417,92.89396817316552,27.834869040391528,60.59935639941488,9.199376931484927,1.7470127155147868,Unfeasible shape,GPSampler,PRUNED
602,602,6.0,2026-04-22 12:41:27.985027,2026-04-22 12:41:28.083209,0 days 00:00:00.098182,-69.57688595723423,22.370614794096614,97.97085759353286,16.256569669804428,60.014357941560505,44.57738970157477,-79.20966752148902,30.298531611312324,83.4081436236046,52.63933165339856,17.975854089471603,25.332943319162815,Unfeasible shape,GPSampler,PRUNED
603,603,6.0,2026-04-22 12:41:28.226244,2026-04-22 12:41:28.281241,0 days 00:00:00.054997,-20.950940954442274,47.71108055788263,36.22791255066437,23.800109359758558,41.25194491888531,19.542622433192676,-38.64418155425857,24.3538897894586,17.57528565357105,17.43904839002495,0.23526333499304997,36.990436886870825,Unfeasible shape,GPSampler,PRUNED
604,604,6.0,2026-04-22 12:41:28.415074,2026-04-22 12:41:28.474646,0 days 00:00:00.059572,-72.4625596126428,32.404981068866135,31.545991491321132,89.7843555269059,9.744573748419818,51.686951594821494,-20.789978922342435,21.50915328898934,10.48819032338593,85.9445779676981,-29.795507059415634,10.685935618682922,Unfeasible shape,GPSampler,PRUNED
605,605,6.0,2026-04-22 12:41:28.618627,2026-04-22 12:41:28.685062,0 days 00:00:00.066435,-41.95710203437356,28.397860916519424,73.71144661787196,79.0358901577048,-9.669019828567038,43.93154653422437,-25.743414732836285,72.13690492633268,77.15785775888726,26.522108573625836,3.7847320867741985,34.806833353128916,Unfeasible shape,GPSampler,PRUNED
606,606,6.0,2026-04-22 12:41:28.814528,2026-04-22 12:41:28.909300,0 days 00:00:00.094772,-70.81162654064626,78.38575881726034,92.29909584325424,17.723302822255476,-5.616597000383378,59.91304654593945,-59.19844496674046,21.791702331238383,75.40491493597528,60.04525638511744,5.002770620991271,41.81070521273832,Unfeasible shape,GPSampler,PRUNED
607,607,6.0,2026-04-22 12:41:29.059645,2026-04-22 12:41:29.122642,0 days 00:00:00.062997,-39.17399239471432,22.022808345244773,54.933168270545515,11.1147076013831,56.689401881097695,25.217370336715064,-40.30242859528807,84.15380064103503,89.42089410862695,58.92557387859937,3.7496639791043123,-2.384276878411085,Unfeasible shape,GPSampler,PRUNED
608,608,6.0,2026-04-22 12:41:29.257548,2026-04-22 12:41:29.320573,0 days 00:00:00.063025,-39.88770792294636,82.78096766065389,59.240006732688514,58.81333541001027,15.797634729226928,57.36829427303472,-60.24104147616299,39.89350154513181,38.938747306803805,79.72973758509757,-9.517774148500909,6.230477298117066,Unfeasible shape,GPSampler,PRUNED
609,609,6.0,2026-04-22 12:41:29.457504,2026-04-22 12:41:29.519433,0 days 00:00:00.061929,-68.57436119031668,55.01527953243164,94.62690880157774,55.404359917977644,6.438605350077317,-27.764152444409284,-54.7991284143476,94.35221322620298,74.3908692864438,49.376720026484534,11.263176752447286,10.919900124143794,Unfeasible shape,GPSampler,PRUNED
610,610,6.0,2026-04-22 12:41:29.671223,2026-04-22 12:41:29.766373,0 days 00:00:00.095150,-56.798246949927936,98.82645271693754,49.536143962659686,27.197921742089825,18.224744988518648,-21.10167765913786,-20.5229778679579,36.099183684136335,40.94764357273863,45.04429442587606,-14.255427164112257,47.88101416076564,Unfeasible shape,GPSampler,PRUNED
611,611,6.0,2026-04-22 12:41:29.903467,2026-04-22 12:41:29.967104,0 days 00:00:00.063637,-40.2693734749805,22.19381198388738,52.13031223523973,11.990101101734442,42.97840644598182,-14.997275445925393,-27.91186354538098,82.30757028007764,45.814454190248476,69.11013102178731,-14.507008498209812,6.332150763796086,Unfeasible shape,GPSampler,PRUNED
612,612,6.0,2026-04-22 12:41:30.164875,2026-04-22 12:41:30.258995,0 days 00:00:00.094120,-69.71632187304704,33.88869281963352,76.90302240503412,50.51924751255065,2.645784378767253,26.40403361190252,-75.73109110677026,44.7425771993385,77.95773477573987,40.94590115988457,9.051163025890133,14.230412749049353,Unfeasible shape,GPSampler,PRUNED
613,613,6.0,2026-04-22 12:41:30.414623,2026-04-22 12:41:30.500998,0 days 00:00:00.086375,-79.65763667293103,16.863758815079997,25.726839954728288,13.629098234903914,24.731667677173746,49.945481211842974,-48.943960214796185,52.24664812336903,99.44142706103258,38.55848421191773,0.8952711240395637,32.593723392883795,Unfeasible shape,GPSampler,PRUNED
614,614,6.0,2026-04-22 12:41:30.648780,2026-04-22 12:41:30.711125,0 days 00:00:00.062345,-24.79964267054912,64.60512871740161,65.5384925423113,67.46686279888802,10.922963202566176,-9.671504719412297,-25.009577000040153,25.190408363615028,19.964938093531423,56.43011480850698,-26.24819071385486,-6.705870519549455,Unfeasible shape,GPSampler,PRUNED
615,615,6.0,2026-04-22 12:41:30.859612,2026-04-22 12:41:30.921723,0 days 00:00:00.062111,-69.19646808620519,25.357282150496196,41.18303730210286,34.64932622439023,0.20607385633602426,-28.785581815910604,-46.21639925795499,42.363441841552785,66.98017160265778,88.44526875798275,-14.901482019559177,43.43979566293613,Unfeasible shape,GPSampler,PRUNED
616,616,6.0,2026-04-22 12:41:31.068243,2026-04-22 12:41:31.142025,0 days 00:00:00.073782,-54.46728810873634,55.02218922886434,25.058238335298682,61.86336603339295,29.0580952517469,23.661500626042717,-44.332443373001006,72.72233155323534,41.581858032388254,32.34447009836387,5.898311784834505,54.595598941381056,Unfeasible shape,GPSampler,PRUNED
617,617,6.0,2026-04-22 12:41:31.271728,2026-04-22 12:41:31.366136,0 days 00:00:00.094408,-72.01945592997643,98.94818563607407,15.944612112958072,23.196828906103395,2.2848943643703095,55.9630127899819,-70.67919769890617,55.45306294439924,44.00680473995323,86.13000885360368,-28.409994843082654,23.577341308061328,Unfeasible shape,GPSampler,PRUNED
618,618,6.0,2026-04-22 12:41:31.507757,2026-04-22 12:41:31.563434,0 days 00:00:00.055677,-76.98279813285458,98.20841273050698,39.41580292829948,12.636762459284121,-9.600796453078402,53.192211562505264,-52.50297187625381,23.787601894949496,52.6203149925882,66.25027619559162,-24.25008544442006,23.13285680353978,Unfeasible shape,GPSampler,PRUNED
