,number,value,datetime_start,datetime_complete,duration,params_lLegPt.rA1,params_lLegPt.rL0,params_lLegPt.rL1,params_lLegPt.rL2,params_lLegPt.x1,params_lLegPt.y1,params_sLegPt.rA1,params_sLegPt.rL0,params_sLegPt.rL1,params_sLegPt.rL2,params_sLegPt.x1,params_sLegPt.y1,user_attrs_prune,system_attrs_auto:sampler,state
123,123,6.0,2026-04-22 12:38:01.861992,2026-04-22 12:38:01.934562,0 days 00:00:00.072570,-36.446733199037105,92.60849072995316,56.212680591261055,15.75270907967285,-9.620683098587826,-10.039224545631026,-31.915592461677853,24.743961353956472,50.50185262950127,42.79368437577164,13.90720386560848,8.783405740031448,Unfeasible shape,GPSampler,PRUNED
124,124,6.0,2026-04-22 12:38:02.052113,2026-04-22 12:38:02.194104,0 days 00:00:00.141991,-32.31630836293386,84.51283453495124,33.672237584422135,80.83562901417265,-5.175003363514265,-23.949681044882016,-50.35011061605478,60.86433762073237,15.83392565621649,92.79346228950115,-10.523810148308716,14.738271871069308,Unfeasible shape,GPSampler,PRUNED
125,125,6.0,2026-04-22 12:38:02.351361,2026-04-22 12:38:02.415677,0 days 00:00:00.064316,-72.13565808613409,38.61798836327816,39.6863579235348,79.51297628484632,1.0755766379244935,29.254772459756815,-66.03630437155172,94.91586215780498,60.632236466047615,87.6194652469992,-12.471175272402892,-1.6512960136504837,Unfeasible shape,GPSampler,PRUNED
126,126,6.0,2026-04-22 12:38:02.542094,2026-04-22 12:38:02.594930,0 days 00:00:00.052836,-78.27909966650257,22.44350102987423,75.38898441504101,91.63349574949362,25.99998886512175,8.468575009377552,-27.096289313905167,69.9125318339668,42.743631678687606,37.99995643641397,14.11081821005812,20.19498103955339,Unfeasible shape,GPSampler,PRUNED
127,127,6.0,2026-04-22 12:38:02.780551,2026-04-22 12:38:02.849934,0 days 00:00:00.069383,-22.585344080114872,12.429993309386878,99.74223628477792,28.02793170741756,13.341729008508967,19.80062952504722,-70.0031871424772,16.580956379816513,95.77345705911743,59.729207852308,-19.42503912643758,29.051326245390833,Unfeasible shape,GPSampler,PRUNED
128,128,6.0,2026-04-22 12:38:02.972743,2026-04-22 12:38:03.544681,0 days 00:00:00.571938,-30.80649744586958,68.15309596482491,99.53653094427058,12.995938206136197,26.338955313471317,50.01668322602228,-69.05629977341137,51.29887261224229,47.01020125917411,74.08580557526818,16.117476138505722,0.3917119525650392,Unfeasible shape,GPSampler,PRUNED
129,129,6.0,2026-04-22 12:38:03.673284,2026-04-22 12:38:03.727284,0 days 00:00:00.054000,-21.790079690455634,88.26398850687713,11.036314127746946,27.362670472894216,47.5047765933987,33.75202798015692,-20.296477412838648,16.648540605181097,76.60086922760611,19.379530372945535,3.992581641070096,39.38031792206639,Unfeasible shape,GPSampler,PRUNED
130,130,6.0,2026-04-22 12:38:03.883278,2026-04-22 12:38:03.958555,0 days 00:00:00.075277,-61.44294173845779,73.88465830492916,28.981556837916504,60.08908669968106,-4.6890771336597945,8.61654095574481,-75.27612319813969,88.81160582612114,79.16554634586007,10.841913952730781,-27.0382019409605,60.35448656538449,Unfeasible shape,GPSampler,PRUNED
131,131,6.0,2026-04-22 12:38:04.092872,2026-04-22 12:38:04.162914,0 days 00:00:00.070042,-21.665570374696486,35.66914855272981,97.37640693174438,53.97511759537511,29.139722842078598,-0.8215524265002436,-59.22079749937106,99.00495003564593,41.88986691762005,59.968236378796945,-24.306800547104835,26.880678320085345,Unfeasible shape,GPSampler,PRUNED
132,132,6.0,2026-04-22 12:38:04.299227,2026-04-22 12:38:04.346590,0 days 00:00:00.047363,-31.2441717479174,37.33082958844063,91.66442382396265,18.930912483703196,2.968403711274652,1.4568549912391973,-24.801276810790114,70.09046933613025,98.51506277636464,36.47303599276178,-3.2248948461564417,44.388931729293375,Unfeasible shape,GPSampler,PRUNED
133,133,6.0,2026-04-22 12:38:04.528673,2026-04-22 12:38:04.580572,0 days 00:00:00.051899,-41.057916570256204,64.13868006983017,86.3067932863415,18.810447076313444,-6.055816958863165,-14.019516192193171,-30.82466795333088,27.94061938291486,10.559635027106504,20.32918291006136,-1.5997686684378678,-2.3407115635982105,Unfeasible shape,GPSampler,PRUNED
134,134,6.0,2026-04-22 12:38:04.721157,2026-04-22 12:38:04.807376,0 days 00:00:00.086219,-47.23038210895436,78.86498991483599,55.39659031992089,83.96362831211795,17.020422285762407,52.31257616107301,-22.927523191891808,46.560172448157566,51.63298158190927,45.49218409197365,8.7482897142173,11.90888365592302,Unfeasible shape,GPSampler,PRUNED
135,135,6.0,2026-04-22 12:38:04.944902,2026-04-22 12:38:05.016450,0 days 00:00:00.071548,-47.11900571475455,25.316539808899826,73.68791225638107,84.6993992084866,40.16178185440308,16.77923874300604,-55.71477248946222,97.43069281108069,68.8702082226574,79.27194376473193,-4.812278677504629,45.54414091023903,Unfeasible shape,GPSampler,PRUNED
136,136,6.0,2026-04-22 12:38:05.147942,2026-04-22 12:38:05.222528,0 days 00:00:00.074586,-65.8217182813762,85.05108233438942,84.60285486150023,78.1800333118964,14.462474960708981,58.607820225736745,-24.867786503626,83.30723284397847,63.98023311847656,93.1080510126391,3.492863249809993,11.43269110725187,Unfeasible shape,GPSampler,PRUNED
137,137,6.0,2026-04-22 12:38:05.354547,2026-04-22 12:38:05.420177,0 days 00:00:00.065630,-28.50230584507851,27.507990960530396,18.44598361618587,90.53201179274726,56.270994023927514,-4.7495580626931115,-73.15073748620439,26.943630188796803,78.94256071265745,63.96800923331545,-6.082298863005793,27.32319966538298,Unfeasible shape,GPSampler,PRUNED
138,138,6.0,2026-04-22 12:38:05.537713,2026-04-22 12:38:05.617356,0 days 00:00:00.079643,-68.609720354811,25.134816334060535,76.74074752646926,23.177581049892694,10.005913206459073,13.493967745536757,-53.19469106585365,56.822467001430404,86.06774383071922,21.200975993967525,10.895997032882548,9.244494644008629,Unfeasible shape,GPSampler,PRUNED
139,139,6.0,2026-04-22 12:38:05.769120,2026-04-22 12:38:05.866257,0 days 00:00:00.097137,-27.393968911847928,10.538465106611483,70.73221837097704,28.285477353623975,37.157768527836964,2.007285157380764,-59.69260566012272,35.3680219270785,49.28878232734796,41.351599200222566,-0.8686039535657848,57.44250010206591,Unfeasible shape,GPSampler,PRUNED
140,140,6.0,2026-04-22 12:38:06.001569,2026-04-22 12:38:06.090984,0 days 00:00:00.089415,-71.10745401585412,36.932357519924025,10.827858090002355,36.68624307775173,34.655622672042334,39.06432473060359,-36.484797621636474,97.57179618983263,75.88181069888884,41.13225629528299,0.9907384617968944,55.05895431886189,Unfeasible shape,GPSampler,PRUNED
141,141,6.0,2026-04-22 12:38:06.235709,2026-04-22 12:38:06.303406,0 days 00:00:00.067697,-33.71477561365053,54.4053197377853,44.406334353937595,95.83930155864209,17.706863228850434,18.200394346707462,-54.688519104290634,37.15861872659808,50.45904741983639,67.66453336142871,-16.46641911068601,31.41953248065719,Unfeasible shape,GPSampler,PRUNED
142,142,6.0,2026-04-22 12:38:06.450445,2026-04-22 12:38:06.543086,0 days 00:00:00.092641,-49.690460929370886,68.35438336458759,79.0914808531634,87.86525126982299,19.432255525354627,31.25580430211751,-69.30483906575306,78.68887193353743,55.2914276448976,22.080234552159236,16.381157828925048,24.953244293493363,Unfeasible shape,GPSampler,PRUNED
143,143,6.0,2026-04-22 12:38:06.671712,2026-04-22 12:38:06.779081,0 days 00:00:00.107369,-45.31259336525028,60.26296952037458,43.23111436843832,90.31724782399925,17.115894242642327,-16.593018291903988,-64.51865030909151,84.81379487734407,43.04751850549873,72.12639787117982,9.57901444368786,35.12559550173403,Unfeasible shape,GPSampler,PRUNED
144,144,6.0,2026-04-22 12:38:06.916254,2026-04-22 12:38:06.984309,0 days 00:00:00.068055,-24.562478876629044,26.112942780728204,78.54764782524472,87.25071858772907,8.004808370194937,31.45861543001137,-34.21675821011023,96.18026022179441,96.76824019141566,26.145642654381664,-6.2465972197617425,32.558658669845684,Unfeasible shape,GPSampler,PRUNED
145,145,6.0,2026-04-22 12:38:07.116649,2026-04-22 12:38:07.205607,0 days 00:00:00.088958,-49.84057994854656,37.27215473539883,85.20839310429439,18.365308444401574,38.83009951637044,-20.98966262466141,-50.3694454605551,93.43661801471893,86.44952242211635,56.71253222641225,-10.184068752932863,-4.882748747569894,Unfeasible shape,GPSampler,PRUNED
146,146,6.0,2026-04-22 12:38:07.335849,2026-04-22 12:38:07.401307,0 days 00:00:00.065458,-56.517160631039715,27.61718741983106,85.99206859685496,97.6567518468097,54.7021355216655,35.65955211128296,-66.95147004837372,77.93550622488702,49.302805438187626,22.167524597219476,14.209640649095455,-7.039433547256758,Unfeasible shape,GPSampler,PRUNED
147,147,6.0,2026-04-22 12:38:07.536682,2026-04-22 12:38:07.583649,0 days 00:00:00.046967,-35.73623444714248,74.41355204663631,22.54732281605593,21.442273016037518,40.12144050915363,34.36841029901727,-52.44738947664672,68.25593410063655,42.719958829526966,35.78299984428848,-28.27583822332857,9.126403849031366,Unfeasible shape,GPSampler,PRUNED
148,148,6.0,2026-04-22 12:38:07.739296,2026-04-22 12:38:07.836837,0 days 00:00:00.097541,-47.92648174619797,51.22668033072877,72.28876224520715,85.63413995297648,35.87150343449523,37.858215983086694,-71.06076041222089,65.42083094377432,59.29010777791659,20.94049935306942,19.335780995745402,6.951002349411635,Unfeasible shape,GPSampler,PRUNED
149,149,6.0,2026-04-22 12:38:07.953457,2026-04-22 12:38:08.074456,0 days 00:00:00.120999,-50.39210708763477,45.89452784855957,36.86140343283701,78.99388272220826,27.26930575415568,15.862387128803633,-71.3366178421222,18.610063870980365,67.00338832591262,50.62994737688898,-20.317852963893998,12.925663105251552,Unfeasible shape,GPSampler,PRUNED
150,150,6.0,2026-04-22 12:38:08.221249,2026-04-22 12:38:08.284193,0 days 00:00:00.062944,-65.31787997615935,78.22760150508468,49.16611094625898,30.623986796626514,14.355764196100953,-3.4102985917383677,-58.814726441024085,71.73865236871373,22.91729232228271,38.12413867600175,-15.932014128437345,29.26843185376758,Unfeasible shape,GPSampler,PRUNED
151,151,6.0,2026-04-22 12:38:08.441842,2026-04-22 12:38:08.519755,0 days 00:00:00.077913,-25.959475125084033,29.076325811854385,22.104550174095202,76.25482993479184,32.09178311785557,-28.723578284976153,-20.850750397953306,49.52801488098844,25.751811505406923,74.43052687594175,-2.724059013859417,20.570181559068505,Unfeasible shape,GPSampler,PRUNED
152,152,6.0,2026-04-22 12:38:08.644387,2026-04-22 12:38:08.717791,0 days 00:00:00.073404,-46.84823002813965,46.224384235906484,52.876503721930554,72.2713242474913,47.4908189878026,-0.7458864201768627,-39.62262053604913,75.14410055537219,71.5976345980655,51.97988101730294,-13.673483271944978,17.5596944946224,Unfeasible shape,GPSampler,PRUNED
153,153,8.104252730459699,2026-04-22 12:38:08.848763,2026-04-22 12:38:14.692383,0 days 00:00:05.843620,-24.95459112557235,41.95742651792176,41.0570672274721,93.21369892288541,-5.173062279976008,27.505802603663348,-71.18797907869279,66.95897550362113,19.191969770121506,49.47124655636325,17.184548437066496,-2.488713399612492,Unattained target,GPSampler,PRUNED
154,154,6.0,2026-04-22 12:38:14.827200,2026-04-22 12:38:14.891642,0 days 00:00:00.064442,-64.72878600650353,31.360762566212202,37.218836969844816,52.68584961580221,11.306737081406627,39.943032468075586,-49.71210731818631,33.196831289505724,29.759944132765128,84.12448061515332,-6.459374864329522,0.8319128407550469,Unfeasible shape,GPSampler,PRUNED
155,155,6.0,2026-04-22 12:38:15.038633,2026-04-22 12:38:15.109648,0 days 00:00:00.071015,-69.69297698753037,23.453808499583417,85.21314984340671,24.18238025731314,52.36096342891407,20.037807902113194,-57.04951765154476,35.802449509487076,21.873865312203016,69.02780683367774,10.567648818193938,30.232211309463295,Unfeasible shape,GPSampler,PRUNED
156,156,6.0,2026-04-22 12:38:15.248962,2026-04-22 12:38:15.321615,0 days 00:00:00.072653,-27.214037681045745,29.006847910360037,19.89735384108399,23.950044148815515,7.552440327801612,24.50581242646856,-73.71302043488548,68.839962950696,92.3223183803167,78.85907273732786,1.3845959675589086,2.7871618332127657,Unfeasible shape,GPSampler,PRUNED
157,157,6.0,2026-04-22 12:38:15.453859,2026-04-22 12:38:15.517094,0 days 00:00:00.063235,-62.67521488253289,27.878920414424513,32.78888749543915,74.1043329619917,7.472644103494332,3.0598751400298525,-35.95163111337095,89.8910891735853,70.60811778101012,57.118988723481586,-18.772895269901035,33.24638472785515,Unfeasible shape,GPSampler,PRUNED
158,158,6.0,2026-04-22 12:38:15.653132,2026-04-22 12:38:15.749250,0 days 00:00:00.096118,-76.7192941162671,68.76606895979245,86.39743925601213,87.18718458245556,-1.787106458617032,59.15070240942204,-36.560536565551146,20.394544437990866,15.508237502709902,79.64964525245988,9.642799268106508,18.643617697251134,Unfeasible shape,GPSampler,PRUNED
159,159,6.0,2026-04-22 12:38:15.905055,2026-04-22 12:38:15.974911,0 days 00:00:00.069856,-39.07819968003871,90.52028191771566,15.564767480842079,91.39800142171819,39.007913988748726,37.57916172326884,-36.44871686336217,16.207060280553904,87.54479616665758,90.41597577478149,6.305889258637805,21.427469793292197,Unfeasible shape,GPSampler,PRUNED
160,160,6.0,2026-04-22 12:38:16.102794,2026-04-22 12:38:16.164339,0 days 00:00:00.061545,-57.54955417716867,74.0944773386244,14.985914963605975,31.17210841826529,27.632772479039687,-27.8414440984625,-63.31619616095723,83.74683123258333,22.63657784265451,47.17255157433943,18.192532577605448,0.960948438258665,Unfeasible shape,GPSampler,PRUNED
161,161,6.0,2026-04-22 12:38:16.401281,2026-04-22 12:38:16.459888,0 days 00:00:00.058607,-75.8607292985589,95.34580946604792,80.75910956226099,59.79733708351577,32.67721532736086,43.61154111434827,-72.89994054274175,41.93063568851134,25.440573957020543,84.09499140632387,-11.962376261602373,31.244819059522733,Unfeasible shape,GPSampler,PRUNED
162,162,6.0,2026-04-22 12:38:16.591850,2026-04-22 12:38:16.682354,0 days 00:00:00.090504,-25.087736714283892,22.022451279670893,47.65346302083484,70.21901359471164,53.8450854959769,-14.65622806704258,-50.307566253919,17.55015946406811,83.30936083447669,49.933138195312594,16.28279869906745,27.29792397837675,Unfeasible shape,GPSampler,PRUNED
163,163,6.0,2026-04-22 12:38:16.880531,2026-04-22 12:38:16.944576,0 days 00:00:00.064045,-45.84821742584278,22.87931763802791,14.993927279269116,80.19246213829464,32.89993600330247,33.31496883961529,-35.398731364114525,90.11508350297736,56.49829625145697,52.40500226994167,5.303306533388287,6.70266025837666,Unfeasible shape,GPSampler,PRUNED
164,164,25.05899953609098,2026-04-22 12:38:17.081571,2026-04-22 12:38:23.610194,0 days 00:00:06.528623,-62.2608918731311,55.00559549236691,63.16180123379325,15.026501672458078,20.20022789157051,-6.045317963007683,-49.82440286554369,81.5185037797884,18.773137250548746,42.00059027446221,15.023111091335124,4.195947663327118,Unattained target,GPSampler,PRUNED
165,165,6.0,2026-04-22 12:38:23.750715,2026-04-22 12:38:23.821244,0 days 00:00:00.070529,-34.51647584258489,79.49433472940538,89.10172388019792,58.151944886574576,54.42855639964121,25.167264032306456,-43.04593156482124,54.049713986019086,80.1066337723316,57.99838191030544,7.202827393128693,-1.748763547460232,Unfeasible shape,GPSampler,PRUNED
166,166,6.0,2026-04-22 12:38:23.968455,2026-04-22 12:38:24.031835,0 days 00:00:00.063380,-63.324827610307565,29.255815720970766,33.52124817992851,74.96177989936061,20.96599724473586,39.67335938634399,-44.36383463514853,89.23300232757579,76.68824668604618,57.592067484882634,8.603913300341311,46.135489612109005,Unfeasible shape,GPSampler,PRUNED
167,167,6.0,2026-04-22 12:38:24.170027,2026-04-22 12:38:24.243994,0 days 00:00:00.073967,-45.040576995845186,81.24409576821209,50.75584182964575,66.84203223673566,41.981645811284714,-5.18815499962216,-23.5635929797621,17.530022439113118,86.31467497095963,22.781225236628117,-3.4109616964083322,49.234587724954494,Unfeasible shape,GPSampler,PRUNED
168,168,6.0,2026-04-22 12:38:24.388990,2026-04-22 12:38:24.455818,0 days 00:00:00.066828,-62.829835262470354,71.27512932752535,18.86820307995317,34.7747554712826,4.0916041183148995,-22.954407872905584,-79.9395816038572,25.017057080313172,39.64850606245638,26.448657821319077,11.248642493568596,42.25099838268542,Unfeasible shape,GPSampler,PRUNED
169,169,6.0,2026-04-22 12:38:24.587641,2026-04-22 12:38:24.643106,0 days 00:00:00.055465,-61.48807938761938,14.88462725281396,23.910198735936977,70.6288790177291,8.188472286260527,28.689726198829085,-73.00436059122272,16.332695962316052,35.773735010100395,85.11997495139117,-7.226606033271004,39.85571094088495,Unfeasible shape,GPSampler,PRUNED
170,170,6.0,2026-04-22 12:38:24.776032,2026-04-22 12:38:24.850101,0 days 00:00:00.074069,-47.96395873392653,44.22051938105235,26.574625375358774,96.48677734556557,32.68177540463302,3.164158244889201,-43.29975059207425,92.66905947563998,57.20783326954907,43.73913255795766,5.2865437131885855,9.91959046999348,Unfeasible shape,GPSampler,PRUNED
171,171,6.0,2026-04-22 12:38:24.993322,2026-04-22 12:38:25.065356,0 days 00:00:00.072034,-41.27925733072028,23.863155306817347,88.41255146299258,66.04470636278239,21.633558427685557,48.0872372929381,-20.195096807890693,87.2680060020622,78.72058163363864,42.48262992409986,17.594048669326142,-4.732847479940848,Unfeasible shape,GPSampler,PRUNED
172,172,6.0,2026-04-22 12:38:25.195541,2026-04-22 12:38:25.251756,0 days 00:00:00.056215,-38.57780765489323,97.40193968137172,46.30475246785413,79.29818861495171,58.04073327337079,-9.521094996824786,-40.59159719994461,60.08308711854885,60.230910720302155,13.686963867220575,-7.511060134255729,8.206795750386735,Unfeasible shape,GPSampler,PRUNED
173,173,6.0,2026-04-22 12:38:25.375369,2026-04-22 12:38:25.449872,0 days 00:00:00.074503,-68.23160924390639,44.015302785148144,90.57918069235983,67.53852873878853,21.879771776026733,41.89198486458082,-35.113739726771755,43.59984801091293,42.646073173599035,86.92153733701038,-26.501959609371134,52.656369294024465,Unfeasible shape,GPSampler,PRUNED
174,174,6.0,2026-04-22 12:38:25.601824,2026-04-22 12:38:25.663520,0 days 00:00:00.061696,-25.023292833642515,60.33227516971832,79.13623352481348,71.65181316902306,37.74648324724658,25.587849854577748,-48.42960446844125,63.58540950163318,80.2533138550067,64.08719165836624,-12.30635787595304,61.28209914594049,Unfeasible shape,GPSampler,PRUNED
175,175,6.0,2026-04-22 12:38:25.791268,2026-04-22 12:38:25.889745,0 days 00:00:00.098477,-24.86738586700364,10.286760925593919,62.88067434037013,47.317568493379625,19.05140818368015,-20.43633861157843,-71.39500872290736,68.18481857183924,95.25651914356865,76.69604557668396,-23.70698249026076,43.31548898242335,Unfeasible shape,GPSampler,PRUNED
176,176,6.0,2026-04-22 12:38:26.028753,2026-04-22 12:38:26.098067,0 days 00:00:00.069314,-27.546950488034454,72.56862791535684,81.28599218989055,66.29192290886215,59.62554739980939,-1.567965843260442,-42.933691980982665,92.04819085860447,34.99786255282821,25.305251518494998,-29.841032309737226,18.30801821200349,Unfeasible shape,GPSampler,PRUNED
177,177,6.0,2026-04-22 12:38:26.285982,2026-04-22 12:38:26.372900,0 days 00:00:00.086918,-72.06536187108456,18.629674661855,81.26050057202578,68.13944681678336,8.817665361392084,-24.97092717789822,-58.28364874939629,78.27835737917206,84.01459086674251,24.30893913698511,15.124144043369299,38.454767365719114,Unfeasible shape,GPSampler,PRUNED
178,178,6.0,2026-04-22 12:38:26.512834,2026-04-22 12:38:26.588022,0 days 00:00:00.075188,-28.932747519960863,81.37020285031899,94.75292339604972,79.39378408858767,50.28729276204631,14.593571036501274,-61.35833893633938,92.46886061033514,46.4426861265661,68.03096357112784,-28.629371211596162,52.49499354371384,Unfeasible shape,GPSampler,PRUNED
179,179,6.0,2026-04-22 12:38:26.739772,2026-04-22 12:38:26.794871,0 days 00:00:00.055099,-33.83907783480882,82.97600185990879,94.32316285664892,37.87815336824878,21.949567699421195,14.233042481933083,-51.293133892973756,41.415664980730796,24.190194990458238,83.72429833930691,-14.576277909654474,-0.6311760093034255,Unfeasible shape,GPSampler,PRUNED
180,180,6.0,2026-04-22 12:38:26.953256,2026-04-22 12:38:27.013312,0 days 00:00:00.060056,-72.30587545401671,98.40744714064249,34.931110497993174,31.148844202335134,27.550316416233095,36.38360409198911,-34.76960938382846,65.7173275008155,30.395220670853547,30.401470999478608,-4.0524634150330705,24.333453455962854,Unfeasible shape,GPSampler,PRUNED
181,181,6.0,2026-04-22 12:38:27.146720,2026-04-22 12:38:27.201256,0 days 00:00:00.054536,-53.72001113150527,68.24057526753731,71.32010182765518,92.27201741692954,54.777785956006184,27.802407522656246,-37.75759721332957,68.66385844020789,17.900265464129376,73.17184178441795,5.248697880902377,-7.981434335249109,Unfeasible shape,GPSampler,PRUNED
182,182,6.0,2026-04-22 12:38:27.333917,2026-04-22 12:38:27.425958,0 days 00:00:00.092041,-62.48797385528843,26.950338401737174,86.47348518407271,40.11218724610641,25.02014217854795,27.128365300660874,-59.2082149462123,91.35169945100556,63.78618125204861,99.78445000268924,13.905426062431253,60.62156459522585,Unfeasible shape,GPSampler,PRUNED
183,183,6.0,2026-04-22 12:38:27.561878,2026-04-22 12:38:27.622968,0 days 00:00:00.061090,-55.598639482566455,98.49296585614324,59.71784230818608,55.889637030407826,3.203453029543196,-23.888641713823105,-32.55823520677255,61.296690287758786,91.52873044168923,52.83265924725525,19.62339140818105,59.998447530700275,Unfeasible shape,GPSampler,PRUNED
184,184,6.0,2026-04-22 12:38:27.757852,2026-04-22 12:38:27.828685,0 days 00:00:00.070833,-60.85492183868837,51.116930601444196,54.30372020473417,25.887451328628742,49.07376254738885,-12.777124375303703,-73.08487691637546,55.17255345137654,84.66592689587874,57.552673345057116,-2.512020390515282,28.124304301115437,Unfeasible shape,GPSampler,PRUNED
