,number,value,datetime_start,datetime_complete,duration,params_lLegPt.rA1,params_lLegPt.rL0,params_lLegPt.rL1,params_lLegPt.rL2,params_lLegPt.x1,params_lLegPt.y1,params_sLegPt.rA1,params_sLegPt.rL0,params_sLegPt.rL1,params_sLegPt.rL2,params_sLegPt.x1,params_sLegPt.y1,user_attrs_prune,system_attrs_auto:sampler,state
185,185,6.0,2026-04-22 12:38:27.990434,2026-04-22 12:38:28.071529,0 days 00:00:00.081095,-39.211650970690734,37.81466681832647,84.37893264645807,36.38285893228685,14.946095164846806,-0.2611350246978219,-25.617327226572613,12.20367658870163,20.448196096784482,72.19759880207047,-9.748532419106215,30.991298134171068,Unfeasible shape,GPSampler,PRUNED
186,186,6.0,2026-04-22 12:38:28.199767,2026-04-22 12:38:28.268267,0 days 00:00:00.068500,-73.93571113388917,65.66736815772174,82.62774174289497,76.23852793750439,30.06757477707926,-14.972926352825716,-38.393570782512604,59.98666039763308,30.566687676436516,13.208059225732171,-29.715805856496782,43.258612904025796,Unfeasible shape,GPSampler,PRUNED
187,187,6.0,2026-04-22 12:38:28.418580,2026-04-22 12:38:28.491398,0 days 00:00:00.072818,-48.36683013473283,47.80497657628004,35.39592663961905,36.62691596039453,29.869100291435032,35.31084689397055,-62.321815803965,87.28051993347961,88.86251567356298,99.20895421639187,-7.454974261565436,-1.1407498196761505,Unfeasible shape,GPSampler,PRUNED
188,188,6.0,2026-04-22 12:38:28.615855,2026-04-22 12:38:28.698161,0 days 00:00:00.082306,-25.014253764635882,41.77944852059515,43.586071893579444,93.6143768043827,36.062211265693726,56.8247779202335,-76.27811613098655,14.488767169549652,47.251833791663046,24.904352921937033,12.810280800717813,20.29825766060434,Unfeasible shape,GPSampler,PRUNED
189,189,6.0,2026-04-22 12:38:28.870528,2026-04-22 12:38:28.942058,0 days 00:00:00.071530,-43.21908974318808,18.898246611366368,67.00683845003104,39.747042104057584,-8.799041940978343,19.88155733369362,-44.63208505014341,74.48868194314687,87.04342062084883,45.7858956066272,-19.654421949487467,-9.57594057849137,Unfeasible shape,GPSampler,PRUNED
190,190,6.0,2026-04-22 12:38:29.102230,2026-04-22 12:38:29.168168,0 days 00:00:00.065938,-23.04306050620476,36.54087822502624,28.950841668536142,67.09408289178984,46.776954167458776,54.313193927043386,-59.41583706645427,42.142966922072326,48.48757363322699,71.69964726066698,-6.252160616884275,19.161115583420994,Unfeasible shape,GPSampler,PRUNED
191,191,6.0,2026-04-22 12:38:29.307844,2026-04-22 12:38:29.370098,0 days 00:00:00.062254,-33.527416155075734,32.83602987927772,17.727463950452698,35.67210202262342,46.756857522889426,23.136048344888238,-39.07843958748418,13.017421648949178,97.82655131578139,91.0947768654914,-5.775897256356217,0.5675942186231158,Unfeasible shape,GPSampler,PRUNED
192,192,6.0,2026-04-22 12:38:29.511250,2026-04-22 12:38:29.598780,0 days 00:00:00.087530,-27.263085106030523,94.88935397289472,66.25408490281443,99.18314901937244,49.41365354298373,41.61855346534493,-34.12139398497009,56.649316797521784,66.1889350695026,93.74806589763057,-16.895229649795645,-0.917517078162339,Unfeasible shape,GPSampler,PRUNED
193,193,6.0,2026-04-22 12:38:29.737746,2026-04-22 12:38:29.816136,0 days 00:00:00.078390,-63.80246137713331,51.15649269491102,20.695898280242233,35.14723772303536,58.38957719509777,16.158421883509128,-56.41695396048091,55.366197485360026,76.65468601996632,91.59255788207425,12.511515791555212,12.394707896951203,Unfeasible shape,GPSampler,PRUNED
194,194,6.0,2026-04-22 12:38:29.988235,2026-04-22 12:38:30.065602,0 days 00:00:00.077367,-51.05338548672431,84.9344902620669,21.084534101653105,52.89848437042058,-7.219367796804406,-0.1859866368859926,-68.97747687127693,96.58316127313913,48.83648251576538,69.18975224927806,-23.440495624942216,35.592334794642234,Unfeasible shape,GPSampler,PRUNED
195,195,6.0,2026-04-22 12:38:30.219347,2026-04-22 12:38:30.310444,0 days 00:00:00.091097,-21.440336569700747,68.99813768577596,23.716543906838567,74.25591222020093,33.7890191570751,35.5383019479457,-77.10128922633052,15.824034019471096,88.23775834387233,90.97179776574987,11.60261387715964,26.929770662521896,Unfeasible shape,GPSampler,PRUNED
196,196,6.0,2026-04-22 12:38:30.478370,2026-04-22 12:38:30.564938,0 days 00:00:00.086568,-69.71229956903463,90.70313522643646,33.194445021699195,14.888157359705193,59.402415742062644,54.27642735649057,-71.78149721791519,89.21930717296902,41.742888225368546,97.75471853413094,13.563054522033582,60.27367413169536,Unfeasible shape,GPSampler,PRUNED
197,197,6.0,2026-04-22 12:38:30.691425,2026-04-22 12:38:30.810033,0 days 00:00:00.118608,-22.952478662565113,77.25129700978889,86.07695052240487,96.39659088787096,16.85891216371481,13.814365828009201,-65.39966781765649,39.01655681207893,49.408002956920896,83.15707348654392,-0.34577883447607505,53.40292886520105,Unfeasible shape,GPSampler,PRUNED
198,198,6.0,2026-04-22 12:38:30.951564,2026-04-22 12:38:31.013864,0 days 00:00:00.062300,-48.44262319927564,18.40012167088818,55.289098197173594,27.5298311253249,5.042228737192856,28.95254756908821,-37.66169905179578,82.7487387106097,95.11283482687303,62.36123747781805,0.3536325908500828,39.025043390401876,Unfeasible shape,GPSampler,PRUNED
199,199,6.0,2026-04-22 12:38:31.148837,2026-04-22 12:38:31.189388,0 days 00:00:00.040551,-21.116132725088434,39.43463424317541,83.23089275341023,12.791299054971287,56.038918497231975,21.95923384179916,-23.887612162218232,49.76385262611549,11.832268118776073,63.92501080817598,-17.553505296756533,49.21709354075676,Unfeasible shape,GPSampler,PRUNED
200,200,6.0,2026-04-22 12:38:31.347865,2026-04-22 12:38:31.416914,0 days 00:00:00.069049,-36.363693889264894,47.83659533278981,98.41987308330106,68.22895702018316,36.26412669101932,59.559573074231594,-75.32526101473546,24.45922516980551,10.97174172509506,22.85786465343476,-6.222916226174043,55.14357237863109,Unfeasible shape,GPSampler,PRUNED
201,201,6.0,2026-04-22 12:38:31.540879,2026-04-22 12:38:31.613961,0 days 00:00:00.073082,-27.143393486715794,16.193297078421445,21.38341355094794,14.533045917311643,6.982408521495557,3.1981092826393365,-59.09001285370807,39.73892117626746,55.430230538153445,39.884408570126794,-0.41695091987407196,16.98778119079188,Unfeasible shape,GPSampler,PRUNED
202,202,6.0,2026-04-22 12:38:31.741371,2026-04-22 12:38:31.818555,0 days 00:00:00.077184,-79.36634843192415,69.44782493294043,14.241111199540232,59.171284510203414,-9.002456135733961,26.80084833854196,-28.095623801415726,14.193490820671926,19.623172843575855,86.41873256505448,-17.45184395308896,55.76149401909288,Unfeasible shape,GPSampler,PRUNED
203,203,6.0,2026-04-22 12:38:31.977605,2026-04-22 12:38:32.033454,0 days 00:00:00.055849,-22.003389439345504,72.11400160167494,54.9710688423507,91.69621288881167,10.496682401871979,41.557765244969005,-64.1006463844929,24.330148578119683,33.56012689127769,94.02168443354172,-18.689181499954174,15.264122967021486,Unfeasible shape,GPSampler,PRUNED
204,204,6.0,2026-04-22 12:38:32.164006,2026-04-22 12:38:32.234815,0 days 00:00:00.070809,-52.981606754694184,30.47374544150913,92.81438816842831,42.95840941943725,2.275446839144175,-26.156805579246647,-44.04443141084464,76.63738557420828,69.89835402803038,74.41776460895304,11.979460222604395,41.1965610122979,Unfeasible shape,GPSampler,PRUNED
205,205,6.0,2026-04-22 12:38:32.359162,2026-04-22 12:38:32.431312,0 days 00:00:00.072150,-33.531730775541526,88.69536056676355,59.37346032321443,45.080128177949625,56.99089759660626,-4.068353181432936,-27.535322376741156,54.841616240068234,94.38283416557285,69.62006730089035,18.14119573322975,16.29257051557735,Unfeasible shape,GPSampler,PRUNED
206,206,6.0,2026-04-22 12:38:32.586077,2026-04-22 12:38:32.657157,0 days 00:00:00.071080,-71.8881283846682,60.717455149947504,42.068793126627305,58.49071345281548,43.62603804490372,-6.989184109859707,-73.97019302509842,81.57661685748377,16.534403988745268,44.11791185052702,-20.826857884091496,-8.71305634062487,Unfeasible shape,GPSampler,PRUNED
207,207,6.0,2026-04-22 12:38:32.781259,2026-04-22 12:38:32.854651,0 days 00:00:00.073392,-43.20044724951025,89.358558848969,71.20779970821982,54.08916148027984,31.20431372167713,-19.12470187967716,-58.79112692589598,94.930512387055,70.67664885582842,26.894484144965013,-1.3442977141719652,55.425661143543735,Unfeasible shape,GPSampler,PRUNED
208,208,6.0,2026-04-22 12:38:33.009940,2026-04-22 12:38:33.077742,0 days 00:00:00.067802,-73.15467203298867,73.82508505175882,92.24211635159955,99.07619661548674,30.059913821922912,-3.29446665043357,-46.09166719941532,14.56205234823181,29.888516224870795,32.77924628139789,-23.765587433081024,20.12679915915295,Unfeasible shape,GPSampler,PRUNED
209,209,6.0,2026-04-22 12:38:33.209504,2026-04-22 12:38:33.273868,0 days 00:00:00.064364,-35.4349299670696,81.97790579469886,98.06058568431821,84.75622260080142,57.79836552791653,-27.103039307595214,-61.91655900993452,30.67568732417626,75.35429220758144,71.53038394527945,-24.051286887649297,29.29786076189056,Unfeasible shape,GPSampler,PRUNED
210,210,6.0,2026-04-22 12:38:33.424854,2026-04-22 12:38:33.489092,0 days 00:00:00.064238,-25.473196250821857,24.243776551218964,18.58564686506625,33.5803323577258,58.62126379686994,-4.1181215021965585,-71.17865418477417,10.058382726229429,80.32774761410154,10.321868979769896,1.738701115550338,-5.107879644639755,Unfeasible shape,GPSampler,PRUNED
211,211,6.0,2026-04-22 12:38:33.640867,2026-04-22 12:38:33.728398,0 days 00:00:00.087531,-33.534502049944365,89.58525370656857,65.43135921920648,43.70530670701078,35.42722416299442,59.175901684177404,-37.49030693328894,48.474763938847516,27.77519522403158,63.694104843339595,-2.059372664885572,49.17855370192517,Unfeasible shape,GPSampler,PRUNED
212,212,6.0,2026-04-22 12:38:33.861779,2026-04-22 12:38:33.952610,0 days 00:00:00.090831,-45.94185430659031,36.99875153812408,61.64252725975631,60.76703429677709,47.74129835297232,-29.445890641920986,-74.31586273996356,30.877324219525036,12.880329584269779,46.00354879198294,17.847838599345224,10.945592158122608,Unfeasible shape,GPSampler,PRUNED
213,213,0.04889978127467387,2026-04-22 12:38:34.096315,2026-04-22 12:38:45.317629,0 days 00:00:11.221314,-21.6386907437021,19.54415648331511,27.216159949733523,33.85074028266101,22.54817728759201,6.655779388588805,-22.514366601527286,29.025585318237034,52.18198429283999,35.665367437277006,11.733872576272674,2.293066629785253,,GPSampler,COMPLETE
214,214,6.0,2026-04-22 12:38:46.343439,2026-04-22 12:38:46.395247,0 days 00:00:00.051808,-27.751116819360234,40.76041964708544,62.0972572283029,29.118357621355976,42.90212881123891,52.311252286720105,-71.26388785113434,49.44552598356063,58.825119787048905,15.308255262252416,-20.85991146178373,45.57817076373382,Unfeasible shape,GPSampler,PRUNED
215,215,6.0,2026-04-22 12:38:46.532973,2026-04-22 12:38:46.601238,0 days 00:00:00.068265,-24.18058967559673,30.705770980582386,55.31471989440546,47.74894092324026,9.073266316288734,-28.0866335044734,-33.84139187821047,16.101490597827613,35.86898362521919,10.161376300476224,-11.863427766135082,-4.07824920892782,Unfeasible shape,GPSampler,PRUNED
216,216,6.0,2026-04-22 12:38:46.751986,2026-04-22 12:38:46.812218,0 days 00:00:00.060232,-27.07538660597102,52.860336094833585,64.33662821983597,14.960305081443597,34.30541727403151,-23.18431683428451,-32.53002724238791,80.29389204735615,75.11098154453691,83.19868108596684,10.258904984853373,48.048563417228515,Unfeasible shape,GPSampler,PRUNED
217,217,6.0,2026-04-22 12:38:46.937916,2026-04-22 12:38:47.014050,0 days 00:00:00.076134,-79.06954411911804,76.68786372658073,65.67601461485287,96.49260880100789,19.347866424383728,34.05007541289892,-31.107146482887778,83.332802423971,84.49980163702774,73.85590851057793,10.488418641737482,16.00769267348861,Unfeasible shape,GPSampler,PRUNED
218,218,6.0,2026-04-22 12:38:47.213141,2026-04-22 12:38:47.275897,0 days 00:00:00.062756,-52.59490065546552,98.13258880164466,11.197547630663205,35.37626282117333,23.10540220615806,28.75675914147682,-30.029439195683743,57.16594534624601,89.95097438421386,84.86033373443014,7.671416953073525,28.241866507008915,Unfeasible shape,GPSampler,PRUNED
219,219,6.0,2026-04-22 12:38:47.402864,2026-04-22 12:38:47.506618,0 days 00:00:00.103754,-52.4687699046913,94.64685955965508,73.89429433835107,10.571890399008577,31.56321739807668,15.345995015869818,-43.175261055335426,85.20351644523578,10.942416005500034,99.51138998366145,-13.978133247448195,58.23298431714417,Unfeasible shape,GPSampler,PRUNED
220,220,6.0,2026-04-22 12:38:47.693597,2026-04-22 12:38:47.769123,0 days 00:00:00.075526,-43.45681631727812,65.00267264146893,61.11823585070181,33.53378645351189,22.14270905269963,3.694987186870712,-75.19709569596841,85.09678053282404,69.98925027177357,60.43570511701679,-12.043059120345617,6.5776303084697005,Unfeasible shape,GPSampler,PRUNED
221,221,6.0,2026-04-22 12:38:47.899372,2026-04-22 12:38:47.965429,0 days 00:00:00.066057,-40.00194110517881,68.47677195560243,90.11936192900306,91.63995732137684,7.137279798618774,-16.557933702330693,-65.71166450745515,27.42191635802596,46.4062203638771,11.506597979773241,-9.8263719172561,6.232655882876717,Unfeasible shape,GPSampler,PRUNED
222,222,6.0,2026-04-22 12:38:48.165869,2026-04-22 12:38:48.227633,0 days 00:00:00.061764,-49.93189189135078,59.901630533862985,90.11177412207114,95.8507875549474,-0.758580037267949,-23.68589758656503,-72.07540242734666,34.22041395137305,70.10999381590119,20.20641110756879,-24.167609030395578,-9.483761627592951,Unfeasible shape,GPSampler,PRUNED
223,223,6.0,2026-04-22 12:38:48.374505,2026-04-22 12:38:48.418768,0 days 00:00:00.044263,-50.27195285292568,49.088896197979274,97.83093861509607,26.665171898886868,8.927870905583905,-0.9703172118323664,-47.70447022378437,34.25147642947667,12.001883847218823,10.821086111987233,-27.399760557094634,36.67349337621146,Unfeasible shape,GPSampler,PRUNED
224,224,6.0,2026-04-22 12:38:48.546737,2026-04-22 12:38:48.615770,0 days 00:00:00.069033,-46.816033497604685,76.86172164275274,48.431643175409825,43.291725936710456,31.98831601570575,38.81650244887382,-33.91586466735209,95.22024575948431,52.05794147026647,59.67421262345623,14.037088513247895,40.57118056658693,Unfeasible shape,GPSampler,PRUNED
225,225,6.0,2026-04-22 12:38:48.738692,2026-04-22 12:38:48.802990,0 days 00:00:00.064298,-22.127859777127917,18.847001765758485,69.45720720981762,28.797284290884875,46.03976886638815,55.39727691726907,-76.58365036079208,65.87041700878196,90.77343172909345,27.312626513864313,-12.821180026424813,31.90158249489467,Unfeasible shape,GPSampler,PRUNED
226,226,6.0,2026-04-22 12:38:48.924741,2026-04-22 12:38:48.979711,0 days 00:00:00.054970,-70.37538723918541,78.07671836674743,70.23339692243059,49.927801982772074,10.559945107045472,26.353648948352898,-40.822467858079186,90.08074102229567,26.275101826808992,84.69963674404028,3.796142080812558,49.5923689585693,Unfeasible shape,GPSampler,PRUNED
227,227,6.0,2026-04-22 12:38:49.094973,2026-04-22 12:38:49.169456,0 days 00:00:00.074483,-67.93696113324779,93.55661103606691,41.7706412376386,25.639608794013867,33.40104557288622,-17.75387915132938,-29.374668950251994,40.95822381206911,92.87932683185915,88.34723423288948,-19.334209400103624,28.16353859982153,Unfeasible shape,GPSampler,PRUNED
228,228,5.425331492074754,2026-04-22 12:38:49.306011,2026-04-22 12:38:55.416881,0 days 00:00:06.110870,-50.76023900549153,35.66236331511858,48.717507419652634,38.106012993608715,42.03834572657016,14.91925900893036,-47.22166971997825,13.298033342055021,57.849463084450484,20.430851692971412,-9.693936719910713,54.051913335748495,Unattained target,GPSampler,PRUNED
229,229,6.0,2026-04-22 12:38:55.540510,2026-04-22 12:38:55.620416,0 days 00:00:00.079906,-20.119530281834926,84.73593070239367,53.041729174749015,20.56754689628697,30.17432195749234,10.44907579926111,-34.04550941465026,13.439821132425394,31.23681408463007,27.957701413715014,-17.823353644705122,-4.313956077857421,Unfeasible shape,GPSampler,PRUNED
230,230,6.0,2026-04-22 12:38:55.759181,2026-04-22 12:38:55.823222,0 days 00:00:00.064041,-35.061012474560954,18.900757833256833,15.760844090448872,41.26452227393719,-8.582134817584116,48.83987222010252,-69.00585574269462,12.189677801957442,81.46399274925284,22.106009836389013,-22.204592979909137,18.17795627952969,Unfeasible shape,GPSampler,PRUNED
231,231,6.0,2026-04-22 12:38:55.957720,2026-04-22 12:38:56.043685,0 days 00:00:00.085965,-76.75716330346741,97.23575251226272,43.09868259121888,59.14284764764359,32.34197861058353,-5.890651874768221,-40.042921743555425,42.96391064432536,78.94267857241996,73.26289477333586,-10.998560586459963,40.14769122218114,Unfeasible shape,GPSampler,PRUNED
232,232,6.0,2026-04-22 12:38:56.185844,2026-04-22 12:38:56.269984,0 days 00:00:00.084140,-63.501952837369366,22.426447826539224,71.3390837725704,27.71913892455764,61.73724869368225,-5.652709396203672,-40.93361289914443,56.2811078929049,97.49100585357867,51.45966824350868,-13.984007293052272,23.548237193219748,Unfeasible shape,GPSampler,PRUNED
233,233,6.0,2026-04-22 12:38:56.461190,2026-04-22 12:38:56.524347,0 days 00:00:00.063157,-37.913664170129316,15.138882848063941,55.87437018692252,30.780919486600702,6.865730074578185,-8.393713605851346,-47.385765418509216,63.0665709545678,87.82082523580614,66.23172290456587,-1.2453401799247814,59.41170549812665,Unfeasible shape,GPSampler,PRUNED
234,234,6.0,2026-04-22 12:38:56.675943,2026-04-22 12:38:56.747359,0 days 00:00:00.071416,-67.28311475191957,70.3604434612198,50.923433896333414,87.31075954170512,21.40656338722402,51.41123347481117,-36.828799471222396,96.48944191368255,48.59751194593404,44.41482144617158,-4.227721653868024,51.52769340710489,Unfeasible shape,GPSampler,PRUNED
235,235,6.0,2026-04-22 12:38:56.900862,2026-04-22 12:38:56.985712,0 days 00:00:00.084850,-48.18345214916765,76.63960188423113,19.119563982078187,37.561382774580544,-0.13321214881556998,-18.358527739637978,-49.898583866762976,95.4984744465072,32.64184674447675,48.275162807406204,-26.257447569403148,1.7677601591504555,Unfeasible shape,GPSampler,PRUNED
236,236,6.0,2026-04-22 12:38:57.126802,2026-04-22 12:38:57.204919,0 days 00:00:00.078117,-21.668741920560272,84.4789762674785,84.19596041840359,59.876667034146074,58.44838997887068,-14.60282952741675,-41.61114629675167,90.87141842299602,77.43090619924563,30.703019185026324,-26.765262632673,42.24789124263509,Unfeasible shape,GPSampler,PRUNED
237,237,6.0,2026-04-22 12:38:57.369023,2026-04-22 12:38:57.439914,0 days 00:00:00.070891,-49.223315450920964,25.323959790491458,49.92035482119514,80.26960555741316,21.280790043518625,51.40896135999725,-48.37284502020954,84.9714709030905,90.33162864737702,93.92586331874858,-23.61050434562424,-0.7217992616122242,Unfeasible shape,GPSampler,PRUNED
238,238,6.0,2026-04-22 12:38:57.583067,2026-04-22 12:38:57.692343,0 days 00:00:00.109276,-66.22775116981393,57.49189907544215,87.60621365931983,82.65387518830289,49.40931024501543,50.06795276733543,-57.8819389638725,73.44298653085349,30.68712204913937,48.08125324552776,-20.557731471371767,28.55307686686575,Unfeasible shape,GPSampler,PRUNED
239,239,6.0,2026-04-22 12:38:57.841603,2026-04-22 12:38:58.571877,0 days 00:00:00.730274,-59.156329988068855,57.888884795308996,17.772768117858316,53.84777133212861,10.18490842528264,-8.413646579985567,-66.60974137974914,70.77380771364096,27.743000293990704,62.49339123849566,14.736007833921143,47.907468204760605,Unfeasible shape,GPSampler,PRUNED
240,240,6.0,2026-04-22 12:38:58.729349,2026-04-22 12:38:58.799422,0 days 00:00:00.070073,-36.13688176133905,81.45479729308857,91.07151521970071,79.02316968068563,46.724555453361184,-7.986278420879419,-35.717845795303106,45.938746386664,82.28469354106487,76.14591235401144,18.440285925095736,18.22036265029521,Unfeasible shape,GPSampler,PRUNED
241,241,6.0,2026-04-22 12:38:58.935131,2026-04-22 12:38:59.046174,0 days 00:00:00.111043,-46.54072708383726,14.988358864844745,77.5761830851727,74.37088473796327,-5.212668699052825,46.153572676105156,-74.83266519161089,87.7761386840093,33.85908329161383,68.46333680707608,10.812730247438928,0.7215378806771326,Unfeasible shape,GPSampler,PRUNED
242,242,6.0,2026-04-22 12:38:59.198786,2026-04-22 12:38:59.882271,0 days 00:00:00.683485,-69.49537747830588,64.15330444026652,62.37134447356083,97.2194108169958,5.266963163807144,38.756033946298786,-73.1582847187463,69.13183858634153,20.4720616125298,77.97562747389112,17.353756218386692,12.670593785773715,Unfeasible shape,GPSampler,PRUNED
243,243,6.0,2026-04-22 12:39:00.040292,2026-04-22 12:39:00.120000,0 days 00:00:00.079708,-69.0444270233194,60.05034335926293,66.82983292722673,22.776558108323073,48.799472690847374,55.48378787450052,-29.142535359665423,92.45801204837534,59.198266966546115,25.746100259210984,-29.29196844998139,24.065871335502166,Unfeasible shape,GPSampler,PRUNED
244,244,6.0,2026-04-22 12:39:00.261740,2026-04-22 12:39:00.341943,0 days 00:00:00.080203,-76.87001847236637,55.083893413064786,91.65737831574886,16.43743720748347,18.101765165629402,15.685247657533772,-49.76143183765919,99.19665594106529,14.235081700928589,80.88158776609376,-23.54922483257544,40.91437928467256,Unfeasible shape,GPSampler,PRUNED
245,245,6.0,2026-04-22 12:39:00.482912,2026-04-22 12:39:00.583576,0 days 00:00:00.100664,-67.67592132339571,85.07972731943885,95.60994092165126,82.66984243795245,9.160381504890882,-0.3281076977228281,-70.28731806467133,31.613486064510855,33.27663018588933,93.6862084481858,-26.87220255122512,38.84980843376511,Unfeasible shape,GPSampler,PRUNED
246,246,6.0,2026-04-22 12:39:00.717317,2026-04-22 12:39:00.796810,0 days 00:00:00.079493,-36.28723217061331,35.649359830848,47.693303028363985,89.70490597570574,-1.7170187491492506,7.557166563372924,-40.20269246187398,33.44878009775615,87.63290798198877,16.369830840465145,-8.713579063018319,32.51072002627865,Unfeasible shape,GPSampler,PRUNED
