,number,value,datetime_start,datetime_complete,duration,params_lLegPt.rA1,params_lLegPt.rL0,params_lLegPt.rL1,params_lLegPt.rL2,params_lLegPt.x1,params_lLegPt.y1,params_sLegPt.rA1,params_sLegPt.rL0,params_sLegPt.rL1,params_sLegPt.rL2,params_sLegPt.x1,params_sLegPt.y1,user_attrs_prune,system_attrs_auto:sampler,state
309,309,6.0,2026-04-22 12:39:28.911292,2026-04-22 12:39:28.971321,0 days 00:00:00.060029,-71.83900040514348,89.32840058164055,52.616244667351246,80.82161207842375,-9.48634278281887,-24.98084905534336,-54.30704755590877,39.259914332319795,24.33633303842431,32.27219436663006,-21.69676020210519,58.34365570876581,Unfeasible shape,GPSampler,PRUNED
310,310,6.0,2026-04-22 12:39:29.111708,2026-04-22 12:39:29.249972,0 days 00:00:00.138264,-54.64277668691642,44.68485186172032,31.09800575314219,82.2592882997951,45.59835474709876,10.08105203529201,-68.9478795342643,51.59665076859252,63.45861515259123,75.9857881215454,-29.205605890738468,32.61269958461188,Unfeasible shape,GPSampler,PRUNED
311,311,6.0,2026-04-22 12:39:29.412179,2026-04-22 12:39:29.465321,0 days 00:00:00.053142,-69.69859582693569,38.368854871668866,74.4363704769664,88.10663017947624,35.59668519142296,2.4191997754022125,-53.74904557744534,41.109899728789,97.22388051051934,76.79739886428992,-19.10733469326754,55.7456454066335,Unfeasible shape,GPSampler,PRUNED
312,312,6.0,2026-04-22 12:39:29.593427,2026-04-22 12:39:29.680656,0 days 00:00:00.087229,-71.9467758973472,58.33442014066388,26.513338743188765,63.87266263711094,-7.613219046493039,56.37859218289492,-32.947480548557756,40.46084492643981,46.57610335407952,34.76956430583458,6.049771403778294,50.80191698141325,Unfeasible shape,GPSampler,PRUNED
313,313,6.0,2026-04-22 12:39:29.816976,2026-04-22 12:39:29.880436,0 days 00:00:00.063460,-79.36247231294793,60.53133819973218,86.56139431605202,38.716779782512326,47.030849002409276,5.888721476580123,-34.58145930428971,87.64008709979024,24.502362928078533,95.88979917862989,-27.048344289409066,18.485313838620907,Unfeasible shape,GPSampler,PRUNED
314,314,6.0,2026-04-22 12:39:30.033162,2026-04-22 12:39:30.080492,0 days 00:00:00.047330,-21.14587530531721,82.54993560870749,87.1712922213603,94.5471892969766,-6.513587843428097,46.127768931653065,-59.70529142074518,44.344610364946476,49.77070725475412,48.682564498093306,7.000903486266914,-9.22036697537225,Unfeasible shape,GPSampler,PRUNED
315,315,6.0,2026-04-22 12:39:30.215911,2026-04-22 12:39:30.294758,0 days 00:00:00.078847,-67.59254425767062,35.19677123097831,31.451089883225684,19.011294221758504,1.9647217246721738,41.17993661972051,-79.98654375604028,42.03528510039906,66.15543461501687,61.09865089131312,-17.948667163163357,58.714685137309985,Unfeasible shape,GPSampler,PRUNED
316,316,6.0,2026-04-22 12:39:30.484394,2026-04-22 12:39:30.547853,0 days 00:00:00.063459,-37.16085584693549,69.32459700276044,17.729159512074855,54.43293381337925,27.52612817111669,6.585887185157347,-78.46904346553424,46.56386979530674,49.74617532967364,93.35935246282735,8.596283516374058,15.343342187709514,Unfeasible shape,GPSampler,PRUNED
317,317,6.0,2026-04-22 12:39:30.744983,2026-04-22 12:39:30.840268,0 days 00:00:00.095285,-28.574898688985286,65.45998141430867,88.90384385604267,19.27929440117056,2.95462111055482,-0.6316089763374819,-54.5042388469184,60.05998807442948,95.90568346772777,79.74398664723023,-1.069284518873122,20.65808930979889,Unfeasible shape,GPSampler,PRUNED
318,318,6.0,2026-04-22 12:39:30.991433,2026-04-22 12:39:31.054627,0 days 00:00:00.063194,-20.475019323688436,10.078563008021225,97.43085688996231,27.835653449440343,9.011333708241871,19.665546521802128,-73.01027384434106,87.63796861155014,32.75681287899923,24.861359377074734,-1.198668982155226,13.187807855342239,Unfeasible shape,GPSampler,PRUNED
319,319,6.0,2026-04-22 12:39:31.192735,2026-04-22 12:39:31.302844,0 days 00:00:00.110109,-45.63552902757715,77.41130391597665,45.13499043577715,80.3388829263216,-0.06155831487958352,42.840514142591985,-26.61534414909766,18.58380733158284,92.98875519917212,57.41725840593062,-20.669725661161777,31.66301269497069,Unfeasible shape,GPSampler,PRUNED
320,320,6.0,2026-04-22 12:39:31.455077,2026-04-22 12:39:31.518233,0 days 00:00:00.063156,-76.09033854354982,65.3006669937752,71.74220607057154,54.26855368316603,57.58778269241918,12.258691902650114,-38.40938253342316,88.71524675597539,65.58821681513378,33.94126462909834,4.061947323280535,14.550467814191588,Unfeasible shape,GPSampler,PRUNED
321,321,14.573478467205028,2026-04-22 12:39:31.654125,2026-04-22 12:39:37.674472,0 days 00:00:06.020347,-46.69269888404398,30.416401794438407,73.9024745569465,60.12849987392064,35.31025005094531,-20.871497250856518,-57.457232412512255,40.40763399382006,81.45101825481932,21.684888069831608,12.367513146070657,32.47328569297535,Unattained target,GPSampler,PRUNED
322,322,6.0,2026-04-22 12:39:37.825484,2026-04-22 12:39:37.904504,0 days 00:00:00.079020,-50.2964773729729,33.713570711709046,32.836351147980686,74.8388325353944,-6.572118180061996,-25.040902302613205,-66.60957306176141,59.033025127906576,95.60006521573007,97.20494715654249,-14.054885578619064,-2.4498826677795202,Unfeasible shape,GPSampler,PRUNED
323,323,6.0,2026-04-22 12:39:38.025081,2026-04-22 12:39:38.120825,0 days 00:00:00.095744,-31.177038543214387,93.9550440080882,55.248376011147776,49.5019964994585,11.282889225486862,-20.586701256701197,-40.931067960954266,36.22225161760134,78.99088131120351,81.60377365897621,-9.34903923454008,56.23260158588286,Unfeasible shape,GPSampler,PRUNED
324,324,5.055485025990478,2026-04-22 12:39:38.255577,2026-04-22 12:39:44.433956,0 days 00:00:06.178379,-45.40119162737475,57.058466936703276,42.24049644620662,26.76767171614504,23.60105774776052,0.7459317169028381,-20.718573725118617,52.050524561072756,13.057494571037687,67.47533095165059,0.5816565145373573,44.95939099964464,Unattained target,GPSampler,PRUNED
325,325,6.0,2026-04-22 12:39:44.555204,2026-04-22 12:39:44.634656,0 days 00:00:00.079452,-45.08047266980545,12.926826056992423,38.57315856979574,30.945017225607724,36.1170886164034,22.651433294073563,-71.71695993765081,29.27659208069937,42.61992213619263,97.67161032642845,10.552970464423424,28.846767280572358,Unfeasible shape,GPSampler,PRUNED
326,326,6.0,2026-04-22 12:39:44.801920,2026-04-22 12:39:44.874743,0 days 00:00:00.072823,-75.9460790630214,29.96314273291835,18.06282022017291,40.61419799497433,27.14420587713282,43.90272565091432,-73.11877655456763,87.21177232503763,38.87785999370995,82.77676987917675,6.388129008116884,47.43308659523738,Unfeasible shape,GPSampler,PRUNED
327,327,6.0,2026-04-22 12:39:45.017783,2026-04-22 12:39:45.097319,0 days 00:00:00.079536,-53.699294728703215,52.115576327769006,10.044552145469314,34.575337854059,-7.326673728534394,-15.153713652896345,-60.13213082283246,12.353849462707881,73.87809206195774,38.72198951802956,-20.043435379550388,9.918129141150793,Unfeasible shape,GPSampler,PRUNED
328,328,6.0,2026-04-22 12:39:45.247890,2026-04-22 12:39:45.295388,0 days 00:00:00.047498,-25.119947045624492,91.37755668715114,32.37557557832253,91.71625017599919,3.4421627878017844,51.13910671216399,-21.810010873715676,41.79489835276242,58.650919346851445,46.33906935647198,17.311081439990033,47.177140096500686,Unfeasible shape,GPSampler,PRUNED
329,329,6.0,2026-04-22 12:39:45.430526,2026-04-22 12:39:45.510445,0 days 00:00:00.079919,-41.308204041248665,78.48578838650383,57.142381681994046,77.41769733572802,9.17320798548202,34.98435303161975,-63.963122129229376,77.78869143846646,82.7018608872856,11.120744607944346,-12.552722643544584,31.662673831201367,Unfeasible shape,GPSampler,PRUNED
330,330,6.0,2026-04-22 12:39:45.646297,2026-04-22 12:39:45.709967,0 days 00:00:00.063670,-79.56048603402196,25.158721854455234,24.00962560644237,64.47378119380522,48.1823629530049,-26.993282703279583,-39.03284175096748,36.43356166783159,27.379953582487058,43.952110673212935,-22.159786086447838,36.13969378112277,Unfeasible shape,GPSampler,PRUNED
331,331,6.0,2026-04-22 12:39:45.847105,2026-04-22 12:39:45.910992,0 days 00:00:00.063887,-70.08775060382598,63.988608910740716,21.50094447798718,38.67897443289837,11.327277719515124,-7.8534519768156485,-25.102441509357902,29.487993472231775,70.7132403588476,88.96796429497182,-16.918780265349,-9.098923876070996,Unfeasible shape,GPSampler,PRUNED
332,332,6.0,2026-04-22 12:39:46.093907,2026-04-22 12:39:46.157423,0 days 00:00:00.063516,-39.573567032403375,59.727490828911066,37.19288597474295,87.3142999637007,47.72540653716067,27.324911561173984,-20.65494267889492,87.68900893208172,23.41169046857879,91.66995949431976,-28.411816341170606,22.13415797082046,Unfeasible shape,GPSampler,PRUNED
333,333,6.0,2026-04-22 12:39:46.293938,2026-04-22 12:39:46.771260,0 days 00:00:00.477322,-40.299193363161756,81.59295900181428,81.45701434743573,51.42691700721078,58.91251694445211,-24.328572811008538,-41.123676401547954,35.674951836755085,11.10862255526979,65.86261192251843,17.1851627303392,13.44214470821538,Unfeasible shape,GPSampler,PRUNED
334,334,6.0,2026-04-22 12:39:46.933581,2026-04-22 12:39:46.986488,0 days 00:00:00.052907,-59.76653623771076,71.46419715271406,36.89916495063636,74.6198649523161,-3.627153762569413,-28.123633097088756,-76.21996339571434,50.7038605030181,87.32995376882742,39.50491359341987,-2.8763621292683865,52.86370010315123,Unfeasible shape,GPSampler,PRUNED
335,335,6.0,2026-04-22 12:39:47.122194,2026-04-22 12:39:47.202060,0 days 00:00:00.079866,-56.44746256184786,81.10237446303377,19.403258834812043,99.79163426669199,28.245484109536314,-23.818275643315992,-58.77432251396361,42.4379414390181,11.837694924839107,93.19549217333939,-26.313923316767447,33.113154638060585,Unfeasible shape,GPSampler,PRUNED
336,336,6.0,2026-04-22 12:39:47.345513,2026-04-22 12:39:47.400904,0 days 00:00:00.055391,-66.3925563771316,60.01118645314332,39.896993488101906,27.891321871719867,9.900349217467433,-25.467031657021764,-21.697961777732473,57.16459629226131,12.056056975908911,48.124079380536834,-12.210387413087155,14.490355521527956,Unfeasible shape,GPSampler,PRUNED
337,337,6.0,2026-04-22 12:39:47.553369,2026-04-22 12:39:47.633982,0 days 00:00:00.080613,-28.52596320107643,19.965162722396812,93.02235965620402,37.88272982480301,51.69499813194294,7.9482432139957595,-52.082137182440775,18.035269958372748,64.22115963728947,40.1784365006833,-11.062186936133372,47.07643451387493,Unfeasible shape,GPSampler,PRUNED
338,338,6.0,2026-04-22 12:39:47.785945,2026-04-22 12:39:47.834587,0 days 00:00:00.048642,-59.218381976382176,84.07600880652089,18.795019664463002,85.61031854776704,55.945589976151496,25.90056085435453,-56.796890222217044,39.386356444016144,88.497869535941,90.13229020155131,-6.381786871885847,-3.3052695316391123,Unfeasible shape,GPSampler,PRUNED
339,339,6.0,2026-04-22 12:39:47.985368,2026-04-22 12:39:48.065607,0 days 00:00:00.080239,-39.61383198165596,30.50812239578213,10.434142845584805,15.572379516466345,7.076507503259936,54.17711091034512,-66.92493518644392,42.904438760879074,44.148453874258514,25.354794057186172,17.93812474529002,33.50808130666291,Unfeasible shape,GPSampler,PRUNED
340,340,5.1309695878228965,2026-04-22 12:39:48.257016,2026-04-22 12:39:53.679452,0 days 00:00:05.422436,-22.620339656499453,35.51474846406606,72.6523048867299,55.69545357779758,53.82954656509718,-20.481897596666784,-36.043113476863994,16.12130826003859,59.78548746852424,26.94869876617801,6.043153847406984,6.246508785496303,Unattained target,GPSampler,PRUNED
341,341,6.0,2026-04-22 12:39:53.832907,2026-04-22 12:39:53.896462,0 days 00:00:00.063555,-50.90942057328967,20.634722697476676,50.07464136384032,61.476598887667755,9.702529893848588,15.091928701384013,-35.8792952585051,31.926441374512216,67.59546824514581,22.69830309879074,10.068168869908973,47.341327397487674,Unfeasible shape,GPSampler,PRUNED
342,342,6.0,2026-04-22 12:39:54.044283,2026-04-22 12:39:54.111430,0 days 00:00:00.067147,-31.84965046828261,89.82484982345687,35.161548008137316,17.14774295164976,25.198874081428812,59.945984754814475,-72.61123226588768,97.54415746671566,51.02162027062684,71.03350305577553,-0.9275795720223527,38.88043138525299,Unfeasible shape,GPSampler,PRUNED
343,343,6.0,2026-04-22 12:39:54.250494,2026-04-22 12:39:54.325113,0 days 00:00:00.074619,-54.018231956556306,93.10436139986216,40.83761492778207,84.66741217556532,56.488015282206504,12.098111058535352,-67.1525960324862,70.71520910796013,42.57833331294366,93.99732252200994,16.635341363891754,4.007913674422911,Unfeasible shape,GPSampler,PRUNED
344,344,6.0,2026-04-22 12:39:54.479706,2026-04-22 12:39:54.543637,0 days 00:00:00.063931,-40.25832302254431,17.563432692040063,99.93537914075971,11.784438195117028,41.78103815097401,52.86495687870395,-58.28719250854664,60.707139485229526,32.86471649234776,85.5558148202672,-16.986543620784513,61.575708973586785,Unfeasible shape,GPSampler,PRUNED
345,345,6.0,2026-04-22 12:39:54.694740,2026-04-22 12:39:54.758072,0 days 00:00:00.063332,-21.5162356313299,57.86915554542908,92.39576016573797,22.950128081299813,0.309431546035297,-18.845522388868403,-68.93842123935707,63.20350451587478,44.7850019216975,24.066523505222335,-7.000241072799625,-5.605829821088845,Unfeasible shape,GPSampler,PRUNED
346,346,6.0,2026-04-22 12:39:54.896647,2026-04-22 12:39:54.959838,0 days 00:00:00.063191,-47.201862605308825,94.933530640317,33.08849189811932,57.13752519259432,55.38735699045213,54.70642730291185,-21.92977952013578,25.146957137671812,29.382676394485138,10.833876702732413,-24.75744764700683,14.05823632531666,Unfeasible shape,GPSampler,PRUNED
347,347,6.0,2026-04-22 12:39:55.124825,2026-04-22 12:39:55.222822,0 days 00:00:00.097997,-54.22970919479188,96.62571335515784,97.16549310603702,82.4314331953781,10.804471097402317,22.569559251861776,-38.418976739072036,42.50116735479512,85.76981767289449,16.148231373696,-11.942669375097609,-6.2851130946057445,Unfeasible shape,GPSampler,PRUNED
348,348,6.0,2026-04-22 12:39:55.361763,2026-04-22 12:39:55.457287,0 days 00:00:00.095524,-60.881286705872306,31.80344289208011,45.56682449576539,37.23297176542659,42.95114826660273,9.368680497726551,-63.96214933510946,93.90048400080387,33.41875857792068,36.0290813050088,-18.670826795193435,49.89594059782885,Unfeasible shape,GPSampler,PRUNED
349,349,6.0,2026-04-22 12:39:55.622488,2026-04-22 12:39:55.676198,0 days 00:00:00.053710,-43.380975003346855,30.43943232385703,50.1658147261975,33.47780407962303,57.04618961069659,18.222371344290565,-58.64266073026836,62.16320365154396,26.93230697135258,49.03424590725038,-6.523519396983797,14.456657920518833,Unfeasible shape,GPSampler,PRUNED
350,350,6.0,2026-04-22 12:39:55.846020,2026-04-22 12:39:55.926514,0 days 00:00:00.080494,-23.287260522731707,85.51430038280226,23.40028431561257,54.70020536267013,11.670638359559554,29.356337057310526,-55.92434883171097,52.42962175497086,14.653371473586908,72.01433779858978,-29.6338751650602,55.5746315524386,Unfeasible shape,GPSampler,PRUNED
351,351,6.0,2026-04-22 12:39:56.049095,2026-04-22 12:39:56.109985,0 days 00:00:00.060890,-23.652365089025096,27.2181743579872,74.70791330286264,59.46410637260893,13.496965643429771,11.274631806800471,-33.9380729662434,75.87887560366572,14.288884365440143,69.71198862603072,-7.032596799711239,40.955677335804715,Unfeasible shape,GPSampler,PRUNED
352,352,6.0,2026-04-22 12:39:56.280582,2026-04-22 12:39:56.347204,0 days 00:00:00.066622,-49.19319296739722,77.72985336658517,75.67025618430723,25.862212588453687,9.592005761339685,50.75732262457733,-41.56179411848692,83.65719730973252,83.79872639817837,56.60757635748293,-7.920596985745778,4.180130229422774,Unfeasible shape,GPSampler,PRUNED
353,353,6.0,2026-04-22 12:39:56.495237,2026-04-22 12:39:56.558753,0 days 00:00:00.063516,-29.386077122378317,51.827382084372495,90.48137431103771,17.403856268498032,36.53367805842728,20.87725974480839,-44.84654660507179,43.63121416716753,34.06582900779677,50.59044585596782,-11.490521779483732,19.529273247473213,Unfeasible shape,GPSampler,PRUNED
354,354,6.0,2026-04-22 12:39:56.711320,2026-04-22 12:39:56.758480,0 days 00:00:00.047160,-42.12672324247386,34.42595771804199,70.08124795265513,53.06780801914552,-3.3232784372361905,51.235670200366684,-30.197106785232478,50.25918843786943,51.84083401655487,31.255089444633676,-3.127540790024696,29.258864729937528,Unfeasible shape,GPSampler,PRUNED
355,355,6.0,2026-04-22 12:39:56.912563,2026-04-22 12:39:57.023635,0 days 00:00:00.111072,-45.56878415810011,78.38037337043228,86.41177797398579,99.79598144221093,-0.4999475531858959,25.372800402232436,-79.03390294914267,15.168496136980023,98.32448207682451,33.61293878353625,-23.51941631788935,-9.140850674976912,Unfeasible shape,GPSampler,PRUNED
356,356,6.0,2026-04-22 12:39:57.160660,2026-04-22 12:39:57.248028,0 days 00:00:00.087368,-35.22030277305527,81.73490065716658,94.79712028955291,11.526402504963754,39.8669024653027,9.442386955633708,-45.501264480838856,71.78463874875905,11.487049329421048,92.25641114702513,-13.973748577730412,31.64835966654683,Unfeasible shape,GPSampler,PRUNED
357,357,6.0,2026-04-22 12:39:57.396426,2026-04-22 12:39:57.453767,0 days 00:00:00.057341,-70.25618496436749,85.26238209066351,83.97987103026077,46.83152610968239,50.96431254556902,-4.413265745132389,-79.66504287402061,71.56042665727006,58.33636702691314,16.532502316730326,-16.217956882517754,46.53590327103476,Unfeasible shape,GPSampler,PRUNED
358,358,6.0,2026-04-22 12:39:57.620870,2026-04-22 12:39:57.684324,0 days 00:00:00.063454,-51.041034383040646,62.62754031392556,78.64358186989307,75.71592132358555,39.392096778028694,35.68776894150561,-46.52114745144017,49.52809566533336,29.141565659138568,77.15642746701343,-26.789342724567177,56.969556967911714,Unfeasible shape,GPSampler,PRUNED
359,359,6.0,2026-04-22 12:39:57.860089,2026-04-22 12:39:57.964342,0 days 00:00:00.104253,-67.43340008493645,37.50900415471504,86.8997599185751,28.811408971463557,-0.4397449021726647,54.84385736624968,-26.592105464702556,69.39291295153919,15.765831555325196,75.49296633237374,0.353429969877908,58.06270220916396,Unfeasible shape,GPSampler,PRUNED
360,360,6.0,2026-04-22 12:39:58.100835,2026-04-22 12:39:58.149197,0 days 00:00:00.048362,-28.046414540674647,98.4488353725087,62.943391178626406,63.07042261556588,9.568341067106381,55.92970655580203,-73.39803907083375,12.650125542341128,33.88267340505418,27.44451005249497,8.484537359350263,27.748326680990083,Unfeasible shape,GPSampler,PRUNED
361,361,6.0,2026-04-22 12:39:58.285737,2026-04-22 12:39:58.350006,0 days 00:00:00.064269,-40.21276707370408,33.56090013918657,67.40240003048649,13.919975527788555,-1.5287731518034313,-24.117714103320704,-77.90867540484972,42.443087953315384,48.83653295797269,74.11572443057469,7.657962725140941,-3.6240245712013532,Unfeasible shape,GPSampler,PRUNED
362,362,6.0,2026-04-22 12:39:58.523070,2026-04-22 12:39:58.588009,0 days 00:00:00.064939,-60.88389753892452,87.46581457671873,51.402875863277124,88.49965551899888,-1.446324269385638,-12.612853227929115,-73.44634504398987,78.10309028548494,63.7960034419094,16.336223205947586,-3.800689753780844,-2.7289226742629724,Unfeasible shape,GPSampler,PRUNED
363,363,6.0,2026-04-22 12:39:58.732727,2026-04-22 12:39:58.796424,0 days 00:00:00.063697,-23.72161987266106,44.69833029876676,20.560847052851486,62.71990050148443,13.301603083603172,7.938695009728299,-58.31758263920591,10.248006149286216,72.96174173736745,31.915618716634942,-13.824290464436402,29.272495774095233,Unfeasible shape,GPSampler,PRUNED
364,364,6.0,2026-04-22 12:39:58.931801,2026-04-22 12:39:58.979865,0 days 00:00:00.048064,-70.14952070371544,33.238968628525384,12.752997394282119,80.43608792537975,36.73405026141671,15.278476765468547,-74.91584108367059,17.561786869800592,50.599904512211815,69.64856092463371,0.12578763862236997,30.590128011670444,Unfeasible shape,GPSampler,PRUNED
365,365,6.0,2026-04-22 12:39:59.098393,2026-04-22 12:39:59.161963,0 days 00:00:00.063570,-69.11968835043761,15.981850300590223,52.60964821640491,93.64425551737602,0.5995530445407233,21.778318521590023,-44.48873322068694,71.91192561230878,41.63913811974084,70.83577654634456,-10.27820165151931,16.96154637433908,Unfeasible shape,GPSampler,PRUNED
366,366,6.0,2026-04-22 12:39:59.312620,2026-04-22 12:39:59.360207,0 days 00:00:00.047587,-21.61251439597219,89.12208964885106,95.10567470954277,93.80531047178931,39.87292773095403,-19.56703982251829,-24.896405019683122,98.07530778637425,58.5726499149458,39.096632812499436,-4.200400180500793,4.539561153081507,Unfeasible shape,GPSampler,PRUNED
367,367,6.0,2026-04-22 12:39:59.494736,2026-04-22 12:39:59.558248,0 days 00:00:00.063512,-33.53264571860724,92.15556834824321,85.32104097217024,40.1764155563946,10.400337039693923,11.678873762378302,-73.42888371317986,93.59631508462569,41.35658971972135,90.45989522172255,-16.937001705224553,26.585913204718274,Unfeasible shape,GPSampler,PRUNED
368,368,6.0,2026-04-22 12:39:59.708173,2026-04-22 12:39:59.787069,0 days 00:00:00.078896,-50.637812237530405,21.501447969106056,50.83335805269945,89.38489882715199,4.17501740714636,-27.05261673432335,-58.645995903618584,52.080262211304984,34.62266040872758,96.5860272479924,12.085029068907694,31.069474355530538,Unfeasible shape,GPSampler,PRUNED
369,369,6.0,2026-04-22 12:39:59.922925,2026-04-22 12:39:59.970107,0 days 00:00:00.047182,-75.84757013168431,87.38595238683958,56.39469163148493,20.30163958148953,31.006626566486176,26.671259481248647,-42.65862909939743,66.59257580549618,22.866574629069113,17.56801030070381,7.705183459455341,11.519205699360139,Unfeasible shape,GPSampler,PRUNED
370,370,6.0,2026-04-22 12:40:00.105182,2026-04-22 12:40:00.184113,0 days 00:00:00.078931,-34.211490603699175,86.89066224430272,73.38494713713997,27.58607058893175,0.9911272149582988,45.490353183930935,-24.303342836179368,32.86778800595956,34.679480212439486,90.10924728658084,6.966304653841426,55.185313421662414,Unfeasible shape,GPSampler,PRUNED
