,number,value,datetime_start,datetime_complete,duration,params_lLegPt.rA1,params_lLegPt.rL0,params_lLegPt.rL1,params_lLegPt.rL2,params_lLegPt.x1,params_lLegPt.y1,params_sLegPt.rA1,params_sLegPt.rL0,params_sLegPt.rL1,params_sLegPt.rL2,params_sLegPt.x1,params_sLegPt.y1,user_attrs_prune,system_attrs_auto:sampler,state
991,991,6.0,2026-04-22 12:46:21.730296,2026-04-22 12:46:22.590766,0 days 00:00:00.860470,-71.90932458419331,66.45003092227705,33.99915489475738,66.82939863799493,9.405584344420607,24.075067394144938,-48.542207196002344,27.88205350679132,47.77739005928464,80.44896243688933,9.45469924855231,10.581030089000947,Unfeasible shape,GPSampler,PRUNED
992,992,6.0,2026-04-22 12:46:22.738467,2026-04-22 12:46:22.837105,0 days 00:00:00.098638,-62.977475482055986,30.931810784346094,27.559356710234226,69.78796683072056,39.908238352985705,40.28336076194603,-52.25127475037151,80.58220438375642,22.85329928808081,90.0904068313577,3.568772275191506,13.045574095841673,Unfeasible shape,GPSampler,PRUNED
993,993,6.0,2026-04-22 12:46:23.015939,2026-04-22 12:46:23.194151,0 days 00:00:00.178212,-28.419066434519358,86.65297127197407,93.28861232260478,89.19246671658317,58.771244941287264,-20.53025220461773,-62.43432236637436,87.97320017361437,21.07984952620646,25.93229928581657,18.406601924057988,22.791709918871078,Unfeasible shape,GPSampler,PRUNED
994,994,6.0,2026-04-22 12:46:23.359931,2026-04-22 12:46:23.469704,0 days 00:00:00.109773,-47.439175074347865,16.36074940928,78.15756510907524,34.962615386971734,54.76117502012157,53.028457846072726,-42.9684494531611,91.09774860006534,34.32762074355766,76.49416809744001,-23.46214923871907,46.21711239236295,Unfeasible shape,GPSampler,PRUNED
995,995,6.0,2026-04-22 12:46:23.647928,2026-04-22 12:46:23.785065,0 days 00:00:00.137137,-26.925455118564273,94.99692647353321,81.2779309143725,70.93903320304261,-6.429771238381859,23.404452075328344,-71.73767016381628,18.474640042443816,69.64179188848055,75.33794365838408,11.284685724252121,8.253335718015954,Unfeasible shape,GPSampler,PRUNED
996,996,6.0,2026-04-22 12:46:23.942688,2026-04-22 12:46:24.017589,0 days 00:00:00.074901,-27.289261038681914,76.44315862223995,69.51889042098085,17.18022983255932,-3.619888079833566,1.1842930846479582,-79.469233834925,58.976014820939774,18.46523894570454,46.78385689218472,-10.19850083939652,41.94747861869519,Unfeasible shape,GPSampler,PRUNED
997,997,6.0,2026-04-22 12:46:24.195841,2026-04-22 12:46:24.328999,0 days 00:00:00.133158,-36.12635680919744,67.97283356848854,35.06456036588408,82.84532560084999,25.265813852251263,-18.75840292371217,-41.457846218590205,29.06961911122933,14.192857946003215,34.34706869773284,0.5221663071291935,2.9268598155585366,Unfeasible shape,GPSampler,PRUNED
998,998,6.0,2026-04-22 12:46:24.485328,2026-04-22 12:46:24.576916,0 days 00:00:00.091588,-75.68481993332433,48.89276102166137,87.72577462996104,76.53863178008785,58.862063904266506,-16.54302108221671,-76.54305458295171,59.35424070390017,25.633705566394497,36.238193959438846,-12.86605592815257,55.73344990198338,Unfeasible shape,GPSampler,PRUNED
999,999,6.0,2026-04-22 12:46:24.742579,2026-04-22 12:46:24.875558,0 days 00:00:00.132979,-25.049287309810857,61.575343029795576,81.16085667758163,56.59840262828896,13.246922176469617,5.838352057069464,-69.36510526718308,41.381722550851705,31.6824378831714,45.35610081581746,16.33003141644565,-0.8086429514768056,Unfeasible shape,GPSampler,PRUNED
