,number,value,datetime_start,datetime_complete,duration,params_lLegPt.rA1,params_lLegPt.rL0,params_lLegPt.rL1,params_lLegPt.rL2,params_lLegPt.x1,params_lLegPt.y1,params_sLegPt.rA1,params_sLegPt.rL0,params_sLegPt.rL1,params_sLegPt.rL2,params_sLegPt.x1,params_sLegPt.y1,user_attrs_prune,system_attrs_auto:sampler,state
743,743,6.0,2026-04-22 12:43:03.101754,2026-04-22 12:43:03.218713,0 days 00:00:00.116959,-25.030304644438367,66.45983452170825,75.70949317089571,16.92751891211069,19.54032356058939,44.99231098275639,-25.905483633975756,83.17525441212499,95.3755699267528,74.25991927042897,-23.597792176300953,17.847403265443763,Unfeasible shape,GPSampler,PRUNED
744,744,6.0,2026-04-22 12:43:03.385017,2026-04-22 12:43:03.511820,0 days 00:00:00.126803,-52.975145470344714,49.10150284194987,28.090305074416534,39.245469969112534,6.834316809971348,56.332948001929964,-60.39537416526967,20.032984455525654,50.69293913352431,55.435394815149536,19.082866087954457,27.84942904845427,Unfeasible shape,GPSampler,PRUNED
745,745,6.0,2026-04-22 12:43:03.668725,2026-04-22 12:43:03.748236,0 days 00:00:00.079511,-75.27024024104162,88.13332796780222,32.98771924062636,17.972605132215165,55.31868952653761,-29.26277426646618,-49.64174262453023,59.956366566006096,21.880511300994115,85.25492858987488,2.2175392046058917,-1.218928907274261,Unfeasible shape,GPSampler,PRUNED
746,746,6.0,2026-04-22 12:43:03.918382,2026-04-22 12:43:04.013079,0 days 00:00:00.094697,-51.36801067580798,73.30420078097238,28.99101238097386,40.182425352805836,41.667627979950545,-6.499258154925524,-42.20058204300001,81.08527883384454,94.29889392434524,64.78333041067407,-15.880110721750953,-5.512163055828493,Unfeasible shape,GPSampler,PRUNED
747,747,6.0,2026-04-22 12:43:04.187800,2026-04-22 12:43:04.266626,0 days 00:00:00.078826,-59.786740916624865,83.65012573422544,14.295447957899285,12.665648388123625,45.75274471514395,36.6612035273981,-20.641146681201924,48.767045119410135,20.981698479760997,44.935625298916264,9.477018604395333,3.6681705586778257,Unfeasible shape,GPSampler,PRUNED
748,748,6.0,2026-04-22 12:43:04.440147,2026-04-22 12:43:04.550964,0 days 00:00:00.110817,-74.39718562101538,40.9636294898214,47.1513901776199,64.06252583373717,27.98858025749093,-8.7478033553848,-32.86008087554792,25.903752361765346,92.45279324622852,22.710835018215295,19.83211785930049,33.92073751718591,Unfeasible shape,GPSampler,PRUNED
749,749,6.0,2026-04-22 12:43:04.756976,2026-04-22 12:43:04.851311,0 days 00:00:00.094335,-37.205781736955196,69.02288289379143,40.83675701995671,54.105030666794384,6.85087170134863,-11.433746211176967,-78.50686495531842,61.95655159098959,92.78650000342829,36.626611875646084,8.676704647123948,7.18309408668588,Unfeasible shape,GPSampler,PRUNED
750,750,6.0,2026-04-22 12:43:05.017130,2026-04-22 12:43:05.191057,0 days 00:00:00.173927,-63.60309680269952,63.77774398180732,38.44631468655814,98.663791870212,34.178970338727716,-29.659253006278302,-44.05262676603507,63.78766227598262,59.3289730319954,55.73489007030845,8.031998928641904,20.229822638696902,Unfeasible shape,GPSampler,PRUNED
751,751,6.0,2026-04-22 12:43:05.374615,2026-04-22 12:43:05.564797,0 days 00:00:00.190182,-50.90384756610254,12.495429062693162,89.14006624656115,33.6543113290743,35.083384153264056,30.165565323680518,-61.19121792194787,73.81521928663143,77.05266861639927,88.1810646987888,-28.076828675699122,29.823121929119836,Unfeasible shape,GPSampler,PRUNED
752,752,6.0,2026-04-22 12:43:05.731479,2026-04-22 12:43:05.874376,0 days 00:00:00.142897,-36.5541597176023,76.92500447078079,38.676198338939045,52.74681443716035,-6.769920532104546,-26.543053408753163,-79.38367011703058,88.57432293410557,68.32997591289885,83.55734039422883,18.091630744537063,13.898135780171653,Unfeasible shape,GPSampler,PRUNED
753,753,6.0,2026-04-22 12:43:06.025228,2026-04-22 12:43:06.152204,0 days 00:00:00.126976,-32.53399747403788,45.078315028734,39.1835718358019,26.619115521753486,-9.910929922117537,-29.492570675491113,-39.88738164338425,10.296491133441027,32.31785443123836,99.779781940816,-2.5834269813349096,21.858217089990877,Unfeasible shape,GPSampler,PRUNED
754,754,6.0,2026-04-22 12:43:06.305898,2026-04-22 12:43:06.413077,0 days 00:00:00.107179,-44.4781235668947,36.47488883121967,79.90956848931229,81.09265849281206,-9.929058456995163,-14.92521040834274,-68.62491716639566,51.52446995839865,66.5784090763764,33.23906885972831,-11.66139999778942,61.30115651745683,Unfeasible shape,GPSampler,PRUNED
755,755,6.0,2026-04-22 12:43:06.549534,2026-04-22 12:43:07.507318,0 days 00:00:00.957784,-71.0327925607039,81.00790431666873,12.569314731976675,14.706793368073273,23.423105825382144,6.899716020165592,-53.338166895574716,31.279212957600887,34.95808997695126,11.159550812134203,9.366396942915934,15.47552043657165,Unfeasible shape,GPSampler,PRUNED
756,756,6.0,2026-04-22 12:43:07.683310,2026-04-22 12:43:07.778429,0 days 00:00:00.095119,-43.294809037341146,65.40700780869702,11.183742501930746,21.382928142794228,30.145182698540054,50.533958086842105,-70.49364793711398,96.3180553315121,83.32594132299093,99.50574304533872,4.54559716769667,33.491765887713086,Unfeasible shape,GPSampler,PRUNED
757,757,6.0,2026-04-22 12:43:07.948055,2026-04-22 12:43:08.058525,0 days 00:00:00.110470,-66.07302779630334,58.81321743885248,64.53134773359153,28.118731174010676,-0.5981167167932906,25.382516833853593,-58.72973675851118,66.02928383477521,73.84555755752288,76.77616921663162,-10.240285835190857,53.56741683331067,Unfeasible shape,GPSampler,PRUNED
758,758,6.0,2026-04-22 12:43:08.208086,2026-04-22 12:43:08.282203,0 days 00:00:00.074117,-73.86363251485977,85.80431209036196,37.90677381782102,67.51069979640505,9.02534204624687,-3.2931291507922076,-57.5469474532366,15.872841035682626,14.852489885280882,37.93808118508059,-7.901778037083975,52.5438448495715,Unfeasible shape,GPSampler,PRUNED
759,759,6.0,2026-04-22 12:43:08.473717,2026-04-22 12:43:08.608696,0 days 00:00:00.134979,-72.79840339214543,69.04040087750256,77.65275284926275,93.72126479821877,41.75879007440369,16.572753006221234,-45.03547145743303,64.08788735255794,32.271967660052056,59.37385519811246,-1.9905399362905776,59.16337917515959,Unfeasible shape,GPSampler,PRUNED
760,760,6.0,2026-04-22 12:43:08.945942,2026-04-22 12:43:09.167954,0 days 00:00:00.222012,-42.26191528846844,93.19571285227802,56.76654935633978,48.93493061881007,0.7019954008480358,-22.943391711840306,-36.634428004924985,96.5104979452331,86.67196935888666,88.3748453135429,0.34300662824932004,7.871597493879012,Unfeasible shape,GPSampler,PRUNED
761,761,6.0,2026-04-22 12:43:09.320300,2026-04-22 12:43:09.463518,0 days 00:00:00.143218,-29.394794105333553,75.47713999509345,55.80386150676558,62.88627059040025,-4.092133283559126,43.94016206762278,-32.96268057184546,30.823058876280417,94.45292635295743,33.45767155727963,-5.255196969673882,23.491732934123142,Unfeasible shape,GPSampler,PRUNED
762,762,6.0,2026-04-22 12:43:09.665532,2026-04-22 12:43:09.776216,0 days 00:00:00.110684,-27.5336110252032,55.00240927137904,13.605385371817164,19.773142581282887,26.907763014126118,23.244668286743725,-74.36460013680447,85.78809411716678,62.12739421942327,31.794839019956033,-18.199777765818375,8.635872254552172,Unfeasible shape,GPSampler,PRUNED
763,763,6.0,2026-04-22 12:43:09.932072,2026-04-22 12:43:10.042238,0 days 00:00:00.110166,-38.361215382358644,81.32373985545092,97.63376451911819,90.6619195197242,38.08962179213311,44.21985388298191,-64.36086856977096,81.71828065577931,26.481158395750654,97.75701922488858,-9.01973783589392,26.836981467285263,Unfeasible shape,GPSampler,PRUNED
764,764,6.0,2026-04-22 12:43:10.236695,2026-04-22 12:43:10.331843,0 days 00:00:00.095148,-60.03094547566724,40.614112675924744,69.42147683297222,29.9519456767433,25.192303388830823,-22.00656307456557,-73.71283499191397,25.44209348748016,51.39298418559083,21.94403403494704,-6.652424780474121,60.53988780060703,Unfeasible shape,GPSampler,PRUNED
765,765,6.0,2026-04-22 12:43:10.511177,2026-04-22 12:43:10.633106,0 days 00:00:00.121929,-23.709693519172383,27.789787631196955,45.25333190682641,57.671042074752684,0.5307858927346896,48.23749740925166,-58.740361884488784,85.44090419953339,74.70891452011841,34.15029961597607,14.909277658914341,3.0428334372939183,Unfeasible shape,GPSampler,PRUNED
766,766,6.0,2026-04-22 12:43:10.802740,2026-04-22 12:43:10.928415,0 days 00:00:00.125675,-30.553181309284675,58.75094206478606,62.38871102485808,86.36143367906794,31.1204078929562,43.991921537627206,-73.62131396980013,56.50663669929158,66.98115033780282,12.099638965296485,5.96589066764848,31.181045950896156,Unfeasible shape,GPSampler,PRUNED
767,767,6.0,2026-04-22 12:43:11.085746,2026-04-22 12:43:12.594276,0 days 00:00:01.508530,-69.80958750074072,88.48682239163702,82.27423964168773,14.792993136568413,18.471639297897763,17.607291073299123,-78.45172628113538,81.43645831747452,74.63026990187619,34.356237482807806,-28.68088838794455,-5.200826722680766,Unfeasible shape,GPSampler,PRUNED
768,768,6.0,2026-04-22 12:43:12.772814,2026-04-22 12:43:12.870967,0 days 00:00:00.098153,-70.46013444033582,30.120946980246096,16.02450034041214,69.8638498227368,-2.0134269799133087,45.19354147279569,-60.43597290642769,61.021637233306926,29.071307072759158,42.786699496024575,2.8383128578251657,33.90949572303152,Unfeasible shape,GPSampler,PRUNED
769,769,6.0,2026-04-22 12:43:13.042181,2026-04-22 12:43:13.192233,0 days 00:00:00.150052,-62.91567636634822,71.66298903125829,28.946466760617227,20.50522409899148,25.359129734843833,5.582363525675547,-45.710779445475666,36.82744681872832,62.691938895636234,87.7251693525618,-6.807009456549686,46.89241148537277,Unfeasible shape,GPSampler,PRUNED
770,770,6.0,2026-04-22 12:43:13.352269,2026-04-22 12:43:13.474632,0 days 00:00:00.122363,-67.57266581263434,83.55643308978235,17.978713930465844,71.49869342349956,-2.196461083820819,-0.4283584881347693,-40.02117260900772,95.21403966829467,62.61938275217045,45.565832986415785,-17.757923463851988,1.4882971703390577,Unfeasible shape,GPSampler,PRUNED
771,771,6.0,2026-04-22 12:43:13.656209,2026-04-22 12:43:13.842016,0 days 00:00:00.185807,-68.99327034051068,95.62022371181845,85.40455383055352,89.6003750787806,-4.795107594095738,1.5770962702883544,-69.24286542571794,18.217052890033365,84.6556882528528,17.17004233453143,11.811996842909004,57.55458274221361,Unfeasible shape,GPSampler,PRUNED
772,772,6.0,2026-04-22 12:43:14.005653,2026-04-22 12:43:14.100681,0 days 00:00:00.095028,-57.965203622302965,10.918681554298777,70.35412717702224,82.63242980259008,19.53426290484175,32.668245003465664,-30.31014861298837,80.0029056873143,19.9409758368834,50.43980279652837,16.127757799799966,-9.652166366297362,Unfeasible shape,GPSampler,PRUNED
773,773,6.0,2026-04-22 12:43:14.264066,2026-04-22 12:43:14.402663,0 days 00:00:00.138597,-78.04259348843271,56.60803763934607,64.61641572605004,78.31638131537785,59.48096747032251,5.576826269895335,-78.11479256051862,21.374403639631993,75.24981317538753,65.08354696012394,-29.871813314415974,30.78256909972881,Unfeasible shape,GPSampler,PRUNED
774,774,6.0,2026-04-22 12:43:14.604695,2026-04-22 12:43:14.690091,0 days 00:00:00.085396,-45.75505587982212,63.018360888150546,10.639160253992026,95.43138659816451,18.448101841847716,-27.611355980547916,-67.51344624284864,26.843549406176443,17.714074260711737,69.4261690667424,-4.359259499901416,42.237138163558086,Unfeasible shape,GPSampler,PRUNED
775,775,6.0,2026-04-22 12:43:14.836549,2026-04-22 12:43:14.959592,0 days 00:00:00.123043,-32.94849327204327,89.65041909277026,15.57045062075526,93.74962444162472,43.50453705445793,2.4243040382855554,-22.125661423249305,29.84969536656192,55.01980242387303,30.38895592013216,-3.6635262413041936,20.34331479968317,Unfeasible shape,GPSampler,PRUNED
776,776,6.0,2026-04-22 12:43:15.150585,2026-04-22 12:43:15.268539,0 days 00:00:00.117954,-71.55029917488673,99.21780312877084,64.2453139636618,21.6128925461242,-6.2177488323075085,-16.77751017939959,-40.337831035699175,27.531436392487706,17.50899038276004,60.93184418586295,-17.27511774495668,29.46849375631178,Unfeasible shape,GPSampler,PRUNED
777,777,6.0,2026-04-22 12:43:15.446607,2026-04-22 12:43:15.536085,0 days 00:00:00.089478,-30.0347854508737,67.79529233858948,58.83862329599118,90.71348861471961,1.5498301368229743,47.72484069329009,-31.53012628453618,77.8286226203201,43.18988457946038,19.366654491611225,15.466171007494118,11.860803641416862,Unfeasible shape,GPSampler,PRUNED
778,778,6.0,2026-04-22 12:43:15.691869,2026-04-22 12:43:15.820691,0 days 00:00:00.128822,-32.590584394647806,33.796928168890176,14.536705320695269,58.88717169847355,37.66521105502551,-2.564675954888301,-57.02551837272179,81.83990875059764,88.76968835398173,54.94288288561424,-14.565737065295782,61.05352517848172,Unfeasible shape,GPSampler,PRUNED
779,779,6.0,2026-04-22 12:43:15.985354,2026-04-22 12:43:16.107949,0 days 00:00:00.122595,-57.26861470787914,25.13092456623905,86.23429016836927,18.077124706198276,-6.288194830783014,40.5829368239455,-36.015039524999175,60.46016209943341,76.18379028035953,98.677271656391,16.27305869671531,-0.6722530156925082,Unfeasible shape,GPSampler,PRUNED
780,780,6.0,2026-04-22 12:43:16.290243,2026-04-22 12:43:16.430830,0 days 00:00:00.140587,-50.22171538768249,47.72414669209215,76.22742293892428,96.41609036790717,32.413625657532975,16.78079395278351,-72.42611223558886,35.76251109368373,54.90686248054425,99.16572334584296,-29.544459707699207,19.295318810524527,Unfeasible shape,GPSampler,PRUNED
781,781,6.0,2026-04-22 12:43:16.632446,2026-04-22 12:43:16.729496,0 days 00:00:00.097050,-64.03199684146935,38.26361055787078,28.215505488186416,69.84381206431101,19.958311905094504,-1.8608974451376064,-35.06492510732176,95.78668695843093,16.489032730361917,80.30729078604134,5.510008538598669,0.90149430419212,Unfeasible shape,GPSampler,PRUNED
782,782,6.0,2026-04-22 12:43:16.917894,2026-04-22 12:43:17.020440,0 days 00:00:00.102546,-52.08571578941363,64.22589502434693,66.66427553541865,14.381075072301588,19.39381007590945,-13.746700628480035,-20.30990691772937,98.1479272002376,55.81643907663476,54.89564657836351,-26.173799880719592,50.779530959675874,Unfeasible shape,GPSampler,PRUNED
783,783,6.0,2026-04-22 12:43:17.199585,2026-04-22 12:43:17.324933,0 days 00:00:00.125348,-43.1210460866811,43.177093266500364,59.00329779999138,95.08502172283559,35.30982322906347,-0.9103192580919455,-77.86469868251064,79.55204919910513,44.19156750744744,44.06970305134994,2.145438522000532,60.28197278214036,Unfeasible shape,GPSampler,PRUNED
784,784,6.0,2026-04-22 12:43:17.476059,2026-04-22 12:43:17.767209,0 days 00:00:00.291150,-79.84672356319658,18.25474716932142,42.78316987368278,88.2668725636441,0.45432624016647694,4.044772943749052,-62.90052608494973,28.27109469830287,63.16834649162192,64.42571991464024,0.40845630618165174,38.092739951427475,Unfeasible shape,GPSampler,PRUNED
785,785,6.0,2026-04-22 12:43:17.941742,2026-04-22 12:43:18.031577,0 days 00:00:00.089835,-25.611738433713306,32.19780672408512,54.45239684706537,42.50398318130011,14.18078848858152,58.19238734774373,-35.6791315309739,36.29933923999993,11.05445399989186,15.836937319193824,-11.79861181626254,14.396997350798195,Unfeasible shape,GPSampler,PRUNED
786,786,6.0,2026-04-22 12:43:18.206829,2026-04-22 12:43:18.312396,0 days 00:00:00.105567,-31.358309394767666,55.73732783850879,88.26451828509042,91.11115626751227,-2.3438215644671416,41.1353190566838,-45.14919394866654,82.16072514957496,54.573555240559664,83.74721794970347,6.886182243420855,41.513644337350684,Unfeasible shape,GPSampler,PRUNED
787,787,6.0,2026-04-22 12:43:18.469815,2026-04-22 12:43:18.579758,0 days 00:00:00.109943,-67.65665669940594,37.63392233585934,89.89902696169044,71.25993294269011,46.44504888012216,-18.401697618066258,-52.00137635509706,93.46663296600435,53.615532800643074,54.77816967932926,-5.077374328270803,61.16409509956905,Unfeasible shape,GPSampler,PRUNED
788,788,6.0,2026-04-22 12:43:18.801326,2026-04-22 12:43:18.932505,0 days 00:00:00.131179,-49.36824779452766,45.90998159353606,10.106229839991453,51.227080468187104,45.28159693767487,-24.475948846689164,-33.842523156324056,20.906081341871293,67.78049268852322,20.06167189932702,15.237496042497902,53.07254114543049,Unfeasible shape,GPSampler,PRUNED
789,789,6.0,2026-04-22 12:43:19.106550,2026-04-22 12:43:19.215543,0 days 00:00:00.108993,-51.70611673336208,48.07057219811939,81.10353991186379,32.000989708904584,41.38750487668475,-0.6200852345640371,-62.441872609148696,13.725836561938475,52.85801954818529,91.15460771180828,-12.361491173426941,3.7000405946994146,Unfeasible shape,GPSampler,PRUNED
790,790,6.0,2026-04-22 12:43:19.434544,2026-04-22 12:43:19.538426,0 days 00:00:00.103882,-26.11413134766571,72.12775251756011,81.05363519030459,54.49503837789395,47.722884202368554,31.729721637303108,-53.75171674005489,84.87333827197465,25.107402346579512,15.109642452849446,-23.88042862267768,2.9041782957390545,Unfeasible shape,GPSampler,PRUNED
791,791,6.0,2026-04-22 12:43:19.728979,2026-04-22 12:43:19.830765,0 days 00:00:00.101786,-31.465544617564056,70.48850068015494,60.64977033763323,36.975944696752315,47.11248481979538,30.91020815421016,-22.795568175764153,64.3930417320837,78.76393678894198,97.17080836218479,-24.237319628260124,19.633771384428865,Unfeasible shape,GPSampler,PRUNED
792,792,6.0,2026-04-22 12:43:20.005537,2026-04-22 12:43:20.135569,0 days 00:00:00.130032,-56.30968440844066,16.791480348230614,65.95199003549979,79.19020211101426,7.963547224526508,44.56394445580902,-68.23060160670036,86.52315363710765,73.8858690437821,95.38469444864282,-2.8735502456658786,30.973166483148297,Unfeasible shape,GPSampler,PRUNED
793,793,6.0,2026-04-22 12:43:20.260611,2026-04-22 12:43:20.352751,0 days 00:00:00.092140,-77.3537996778389,32.15638092179667,12.796491814248329,75.00514905253998,31.423322880109822,47.84919310976069,-41.18912954788915,82.02404058627319,14.501023381515473,41.84954783918094,-21.519265807215255,-6.446575841701257,Unfeasible shape,GPSampler,PRUNED
794,794,6.0,2026-04-22 12:43:20.521365,2026-04-22 12:43:21.368720,0 days 00:00:00.847355,-37.12830166347198,62.93777892718671,22.051156215260658,39.697976141699726,61.4394493759975,-0.9854441563387226,-38.31982600020093,25.189121537406074,45.777561758991666,34.10653448707346,-0.9378892534061443,34.342757495987286,Unfeasible shape,GPSampler,PRUNED
795,795,6.0,2026-04-22 12:43:21.555477,2026-04-22 12:43:21.659485,0 days 00:00:00.104008,-53.874198399770435,70.186186777228,31.451592702135823,28.50932252467594,33.55722304283784,-28.28833570839364,-63.209752804266714,59.72567187033335,65.94238407628059,73.7259621384446,13.975951565930636,58.39251805030965,Unfeasible shape,GPSampler,PRUNED
796,796,6.0,2026-04-22 12:43:21.830915,2026-04-22 12:43:21.926223,0 days 00:00:00.095308,-73.6908122052021,53.58344854953268,99.53874672349671,74.31395912871012,30.847148997136316,-10.252555692868423,-32.9193188454926,14.112424154244877,47.560741108823,84.66111456634862,-15.65776965646918,57.0780360128483,Unfeasible shape,GPSampler,PRUNED
797,797,6.0,2026-04-22 12:43:22.078955,2026-04-22 12:43:22.222187,0 days 00:00:00.143232,-22.320131577891253,88.06362476626332,99.93671549510805,78.76037714267427,53.782297400357805,45.612612431451836,-59.82949329458448,80.63810379339778,93.05466246810151,30.962004697401984,-21.921406256309762,28.465574689664656,Unfeasible shape,GPSampler,PRUNED
798,798,6.0,2026-04-22 12:43:22.418540,2026-04-22 12:43:22.534445,0 days 00:00:00.115905,-23.612094622698052,25.840691859534786,32.076288069776254,48.8894351840284,54.61934887739466,27.05711973899475,-78.9075477966301,55.062457525210476,53.34850203053565,79.18745871450166,-21.071677871545837,2.203551300272027,Unfeasible shape,GPSampler,PRUNED
799,799,6.0,2026-04-22 12:43:22.722357,2026-04-22 12:43:22.869158,0 days 00:00:00.146801,-39.2587112590838,19.55435338669214,77.98978974049871,87.97626462502797,33.936325180787364,12.236291671679375,-37.536754403512035,43.80363501758081,94.84144002167417,64.97876745503761,-23.389684526224592,57.926488634449655,Unfeasible shape,GPSampler,PRUNED
800,800,6.0,2026-04-22 12:43:23.016778,2026-04-22 12:43:23.122548,0 days 00:00:00.105770,-79.61536775009594,19.96405410955238,82.03026682107614,38.01756599570285,59.38495944107626,56.140432204104954,-34.81364398059957,52.53007306631607,57.459967896343315,58.15515804590099,-21.851178142732643,16.451024036667985,Unfeasible shape,GPSampler,PRUNED
801,801,6.0,2026-04-22 12:43:23.317202,2026-04-22 12:43:23.418484,0 days 00:00:00.101282,-23.433450189602773,93.80309812337629,24.232516188684798,53.55639971979911,1.260276292014268,8.087151571128011,-79.16720035931564,90.29849110920873,48.073251930319,79.19956181605598,-19.864260463499306,-4.093922130207725,Unfeasible shape,GPSampler,PRUNED
802,802,6.0,2026-04-22 12:43:23.579137,2026-04-22 12:43:23.700324,0 days 00:00:00.121187,-76.8271221575719,22.077149221919473,89.94942880757269,87.12280293297553,40.66716499531934,40.5546290210049,-35.043366940985166,57.979964324031066,44.433653327653694,93.66677435291776,19.297539239812565,53.33745731481585,Unfeasible shape,GPSampler,PRUNED
803,803,6.0,2026-04-22 12:43:23.860805,2026-04-22 12:43:23.988710,0 days 00:00:00.127905,-46.02954639626483,90.54188609360438,21.502936388692728,65.56084129988889,-1.6564493146208168,12.428967218729568,-42.1207779946699,76.65889117702325,98.84862726998632,71.52387780750217,-17.975567993716382,7.180977714839397,Unfeasible shape,GPSampler,PRUNED
804,804,6.0,2026-04-22 12:43:24.136329,2026-04-22 12:43:24.271696,0 days 00:00:00.135367,-52.12036861720827,61.109537004132655,34.12215898273854,90.40062304326163,-9.890929929715817,28.75547494487588,-31.743631414453198,60.71533682457135,91.78557540752867,70.68587511570193,5.686704855126585,7.73309826238081,Unfeasible shape,GPSampler,PRUNED
