,number,value,datetime_start,datetime_complete,duration,params_lLegPt.rA1,params_lLegPt.rL0,params_lLegPt.rL1,params_lLegPt.rL2,params_lLegPt.x1,params_lLegPt.y1,params_sLegPt.rA1,params_sLegPt.rL0,params_sLegPt.rL1,params_sLegPt.rL2,params_sLegPt.x1,params_sLegPt.y1,user_attrs_prune,system_attrs_auto:sampler,state
619,619,6.0,2026-04-22 12:41:31.730237,2026-04-22 12:41:31.795545,0 days 00:00:00.065308,-57.7342624878312,56.80833131465213,80.32501467996545,56.4308498067322,25.13514311669443,-12.266034582310493,-72.8555897620769,82.74078823195948,72.7773678351169,15.766691990463885,-14.756023996985984,10.968953894130365,Unfeasible shape,GPSampler,PRUNED
620,620,6.0,2026-04-22 12:41:31.949425,2026-04-22 12:41:32.011752,0 days 00:00:00.062327,-64.83025839884283,82.08921605322276,29.679555849536463,78.47569344353786,59.95413684337312,49.623191969361756,-31.309848077293083,67.76126652155298,39.10184384233939,46.47677167419724,-3.503573324326805,31.094127203173578,Unfeasible shape,GPSampler,PRUNED
621,621,6.0,2026-04-22 12:41:32.161636,2026-04-22 12:41:32.275200,0 days 00:00:00.113564,-38.46394680059182,79.0148049634457,62.946335780361125,88.73028227790331,58.960515244275086,12.484941838741292,-20.587733792797863,40.28337670572215,81.59063007105141,55.12217430138133,-6.406983607934642,21.57662812830729,Unfeasible shape,GPSampler,PRUNED
622,622,6.0,2026-04-22 12:41:32.440751,2026-04-22 12:41:32.538474,0 days 00:00:00.097723,-20.85502097840898,12.63844058248694,46.87766069939069,62.091879812753945,13.011662015014728,0.5303006541028239,-43.20066796807979,16.843818295636268,82.98425647107257,14.317726447782873,-8.623786993130384,-0.2522486324743838,Unfeasible shape,GPSampler,PRUNED
623,623,6.0,2026-04-22 12:41:32.706317,2026-04-22 12:41:32.775087,0 days 00:00:00.068770,-25.749515930512352,72.0962522549076,33.05275641533276,54.5412431365192,23.567686522967783,38.087768953140895,-58.378503613713534,99.6908052524914,79.08238956374011,68.99242125500274,18.496342623747786,15.967859133337026,Unfeasible shape,GPSampler,PRUNED
624,624,6.0,2026-04-22 12:41:32.916810,2026-04-22 12:41:33.000272,0 days 00:00:00.083462,-57.95401359252075,17.355375111102084,26.626718255981768,84.11532641720545,6.6438809885857815,16.581496939905023,-76.8511377098068,94.3857676834631,68.40051628659714,95.52163904199301,-12.649205552949677,41.23961445477962,Unfeasible shape,GPSampler,PRUNED
625,625,6.0,2026-04-22 12:41:33.143594,2026-04-22 12:41:33.229983,0 days 00:00:00.086389,-44.65974902078044,13.857792928792295,24.794405495979937,86.91240669115793,15.727992119593008,0.13063406280280887,-78.11096012542068,57.26895576961775,84.1079153755605,89.31597939359467,16.071287170997095,53.826087385705826,Unfeasible shape,GPSampler,PRUNED
626,626,6.0,2026-04-22 12:41:33.366189,2026-04-22 12:41:33.449314,0 days 00:00:00.083125,-65.97186680552754,42.66942045140182,13.17583028978798,86.14699039866214,15.474314242664434,2.397784941889853,-20.2703814238823,66.08200845519926,59.00927652553509,87.79820178775205,0.0880809000067373,30.129145913952335,Unfeasible shape,GPSampler,PRUNED
627,627,6.0,2026-04-22 12:41:33.583731,2026-04-22 12:41:33.649495,0 days 00:00:00.065764,-42.795175988064834,41.98023962188733,74.5151043324544,94.72398751449785,8.599106764856028,2.9623220854731045,-49.605175767079174,18.953907266327306,66.3147821031967,65.77865129387648,-12.33980382924123,19.204656525962832,Unfeasible shape,GPSampler,PRUNED
628,628,6.0,2026-04-22 12:41:33.794993,2026-04-22 12:41:33.852868,0 days 00:00:00.057875,-56.51246248692597,62.928022279845635,21.994831988543645,73.9209427211938,10.743100218126372,59.61391120600166,-32.78350725994793,81.8685784061808,50.496342194288054,57.87675302913219,-22.485614489262062,53.31228508224973,Unfeasible shape,GPSampler,PRUNED
629,629,6.0,2026-04-22 12:41:34.005358,2026-04-22 12:41:34.070580,0 days 00:00:00.065222,-27.840889477351702,40.27578046817976,70.18289855342636,49.92630785347763,39.9415329078036,3.5493744965367426,-63.654770540230835,26.815001287199294,72.17572087250217,26.836048906135495,-26.787718181065905,42.88332956625706,Unfeasible shape,GPSampler,PRUNED
630,630,6.0,2026-04-22 12:41:34.204301,2026-04-22 12:41:34.259919,0 days 00:00:00.055618,-48.61455524637972,38.476810105094174,11.626766001098183,27.058153505277907,7.968841909839732,-10.840893209338851,-35.2546041073113,67.73988822258221,50.24588860475262,53.33798629200743,14.251252602905012,43.05337490979125,Unfeasible shape,GPSampler,PRUNED
631,631,6.0,2026-04-22 12:41:34.411136,2026-04-22 12:41:34.469478,0 days 00:00:00.058342,-72.46339997356898,38.42624866593574,18.23591180569123,33.75124189411307,48.44074355871856,21.792526895534486,-32.40334502583661,96.02297967321964,72.02334303627646,53.678235291741935,-21.784045062711805,7.5143364745873065,Unfeasible shape,GPSampler,PRUNED
632,632,6.0,2026-04-22 12:41:34.612385,2026-04-22 12:41:34.671964,0 days 00:00:00.059579,-43.723689555070685,75.94921050171463,94.4490202378433,43.44791162622792,18.532565777733748,13.165104052155591,-67.10105038813978,19.0390049607768,49.3428045519514,11.992351200641819,-1.1471085199262063,11.184614609395137,Unfeasible shape,GPSampler,PRUNED
633,633,6.0,2026-04-22 12:41:34.811413,2026-04-22 12:41:34.871769,0 days 00:00:00.060356,-70.83222480337383,86.17932247574475,93.91428955245598,86.2984816366429,41.2232661689901,-7.580337117177248,-47.50527322632048,23.749640724862452,51.386269047851236,27.873221961231398,-15.28786441130649,18.145454602618628,Unfeasible shape,GPSampler,PRUNED
634,634,6.0,2026-04-22 12:41:35.007203,2026-04-22 12:41:35.102269,0 days 00:00:00.095066,-22.06688125303637,95.12563342924601,72.75239675780934,89.16016307681562,34.90506535369742,-18.160553979314194,-67.95765632246086,75.49022855387172,13.822326820907735,34.43489596626752,6.541619311044386,38.890515337447304,Unfeasible shape,GPSampler,PRUNED
635,635,6.0,2026-04-22 12:41:35.250261,2026-04-22 12:41:35.316059,0 days 00:00:00.065798,-47.06676537764327,33.728034473541115,65.01962696207954,15.177419814371568,24.169301335851415,33.527493685599055,-35.50098696388416,40.16365186422192,13.40493173296387,64.03117315246054,-21.535044510423525,10.549646118750594,Unfeasible shape,GPSampler,PRUNED
636,636,6.0,2026-04-22 12:41:35.434581,2026-04-22 12:41:35.528597,0 days 00:00:00.094016,-43.61760439912742,18.293970677757983,38.70896293917284,59.444136731567994,0.8060976040879293,-3.099218177267087,-67.52062052263558,34.103691170085014,92.93374685231478,90.58173185716309,-21.026566517440855,14.419851676587466,Unfeasible shape,GPSampler,PRUNED
637,637,6.0,2026-04-22 12:41:35.695515,2026-04-22 12:41:35.806814,0 days 00:00:00.111299,-21.154240103365026,21.557538645052784,37.0737165519059,58.64368072032099,13.971192390114375,-26.122947634001022,-69.44050599669355,57.17920526111641,73.46696280923271,51.03710327004959,-17.844148138522222,4.729290096429857,Unfeasible shape,GPSampler,PRUNED
638,638,6.0,2026-04-22 12:41:35.942220,2026-04-22 12:41:36.024597,0 days 00:00:00.082377,-27.182302976477168,56.627143323663425,89.92349071732008,60.47046682429711,11.666549971839267,14.15055413955455,-59.56060155407957,64.69815500147412,64.56056926305634,12.345905040340046,-3.9921057931670916,55.82191010562208,Unfeasible shape,GPSampler,PRUNED
639,639,6.0,2026-04-22 12:41:36.205384,2026-04-22 12:41:36.272140,0 days 00:00:00.066756,-26.5788134574585,42.959430435983776,62.46079088455603,12.275109969922644,8.214393277544442,49.27750883830225,-65.38284351443875,98.93341078460985,30.874538971190198,16.76404038506685,-29.988118405305443,25.99664254472468,Unfeasible shape,GPSampler,PRUNED
640,640,6.0,2026-04-22 12:41:36.456683,2026-04-22 12:41:36.555115,0 days 00:00:00.098432,-21.24994321489479,71.51786824722895,73.04027415282569,11.048231194843032,-4.437082524333524,24.969532210437585,-30.191097595839302,12.11138420389429,82.9404594008346,24.771433851739587,-26.291062010980877,37.631627572062754,Unfeasible shape,GPSampler,PRUNED
641,641,6.0,2026-04-22 12:41:36.691450,2026-04-22 12:41:36.754094,0 days 00:00:00.062644,-47.500298445655936,38.01443060908278,68.98185741184034,71.03999626900679,9.243787915719306,51.880489092415274,-79.23877516146815,53.396189761114755,81.52622746860652,97.9396642649888,-26.19125781851118,-3.8734635190246065,Unfeasible shape,GPSampler,PRUNED
642,642,6.0,2026-04-22 12:41:36.882845,2026-04-22 12:41:36.954636,0 days 00:00:00.071791,-51.68125488035861,34.15752370426634,51.522574554050415,42.67592367719,-0.40072204357401553,23.669963023778223,-78.19436591676549,75.8892083061976,91.39702530304888,57.061911588014375,10.685839661819209,20.30185211548901,Unfeasible shape,GPSampler,PRUNED
643,643,6.0,2026-04-22 12:41:37.078050,2026-04-22 12:41:37.152375,0 days 00:00:00.074325,-56.07916853619162,46.14788369510477,46.65432744577202,93.1375126770326,55.27930597727995,32.24764780226084,-44.48175360019497,89.05706716240678,53.74856955890459,63.89642958943639,16.802251550043692,48.56665516624814,Unfeasible shape,GPSampler,PRUNED
644,644,6.0,2026-04-22 12:41:37.276396,2026-04-22 12:41:37.342867,0 days 00:00:00.066471,-76.7344377283502,46.18473800049094,84.8300898212926,30.471512911065417,35.62801238371222,51.18092605359594,-57.255236859094694,30.941044040479284,87.74390052455081,66.11696292769955,7.088916006929068,51.01590704165074,Unfeasible shape,GPSampler,PRUNED
645,645,6.0,2026-04-22 12:41:37.503635,2026-04-22 12:41:37.566993,0 days 00:00:00.063358,-79.82981993280588,42.530366628110194,37.745200488268324,68.62412690602038,-3.5934936410047538,45.217545783451754,-33.28008713428118,33.31461046726085,83.5325672642426,82.55238869486783,2.3149144908293664,25.347062700220476,Unfeasible shape,GPSampler,PRUNED
646,646,6.0,2026-04-22 12:41:37.704872,2026-04-22 12:41:37.769081,0 days 00:00:00.064209,-69.27486067905463,95.43140623958378,96.50884476925701,49.54602123462303,51.98577695563413,39.24812817481521,-65.13214977819294,26.33424333278664,42.82945369570379,18.3391585998213,-19.13811329019249,17.291721780426844,Unfeasible shape,GPSampler,PRUNED
647,647,6.0,2026-04-22 12:41:37.930654,2026-04-22 12:41:38.002302,0 days 00:00:00.071648,-46.675573718724166,31.66251378448951,74.79413143959862,59.69721117830205,4.899612102845598,19.411836932328242,-26.760091327024185,75.6094613322912,89.3617451446382,29.532515271195173,-13.561545288079348,47.1900200317284,Unfeasible shape,GPSampler,PRUNED
648,648,6.0,2026-04-22 12:41:38.133023,2026-04-22 12:41:38.216054,0 days 00:00:00.083031,-57.41787355103354,34.4254071368746,51.16222101210977,94.9788453992157,-3.8292972283040383,20.10161056754066,-22.89092224277175,99.60596119319534,62.34014051577843,32.9725319434998,-26.38264702954003,53.70108873675841,Unfeasible shape,GPSampler,PRUNED
649,649,6.0,2026-04-22 12:41:38.388050,2026-04-22 12:41:38.441431,0 days 00:00:00.053381,-31.67613240411947,34.25313887879494,51.79700904037648,99.46493305658105,38.99600268381877,51.144379834459585,-22.578168633264717,26.365635825302213,53.693311847661164,31.296489212376574,9.22866227676289,27.339227022543973,Unfeasible shape,GPSampler,PRUNED
650,650,6.0,2026-04-22 12:41:38.578823,2026-04-22 12:41:38.644240,0 days 00:00:00.065417,-39.44731373537918,61.249952950913624,71.87037215958509,10.70599669350658,42.63307133743704,-20.9960427957601,-61.58922334316327,75.80896734211377,33.750775904011064,74.63658742979581,-6.804004949582662,-0.38257817121924553,Unfeasible shape,GPSampler,PRUNED
651,651,6.0,2026-04-22 12:41:38.783913,2026-04-22 12:41:38.863869,0 days 00:00:00.079956,-32.07144930855232,54.28268634619166,38.01585646832518,49.13518163888702,35.89112977528348,46.532382967434344,-45.92072115053965,34.53308348387451,19.054381495848602,40.85066321820431,15.364796854581172,38.28489974249681,Unfeasible shape,GPSampler,PRUNED
652,652,6.0,2026-04-22 12:41:39.003161,2026-04-22 12:41:39.092070,0 days 00:00:00.088909,-22.13710121225818,51.65508487309384,86.98878029385762,56.025770033426525,60.80669653299357,45.678490422666,-42.291550949778006,57.78521993576905,89.43466242725474,33.43952073184819,-5.528769451924678,42.86661651119142,Unfeasible shape,GPSampler,PRUNED
653,653,6.0,2026-04-22 12:41:39.239966,2026-04-22 12:41:39.311235,0 days 00:00:00.071269,-32.69343267587834,19.685196602130652,11.70129246541327,26.494552772344278,31.228844331469034,16.76039761500308,-35.248305034709134,23.265839527615856,55.35203848513862,81.52523924752862,13.341440079906107,37.18981563196486,Unfeasible shape,GPSampler,PRUNED
654,654,6.0,2026-04-22 12:41:39.479345,2026-04-22 12:41:39.549386,0 days 00:00:00.070041,-67.12541588932184,14.332569310190623,21.197338418777424,63.720925246908635,21.614903674003216,20.93565099144793,-45.60565754856827,76.50581904018817,83.89870442505224,33.259036135411165,-13.961233084202025,-7.661269109154278,Unfeasible shape,GPSampler,PRUNED
655,655,6.0,2026-04-22 12:41:39.688267,2026-04-22 12:41:39.750765,0 days 00:00:00.062498,-61.83954422297287,20.26814225926131,87.89128878242389,81.30355240602825,46.285804608398585,-2.477302397081562,-38.644044377085656,51.65254839571786,76.52074126829943,87.33252021937808,-1.8211814137119546,21.406711295056432,Unfeasible shape,GPSampler,PRUNED
656,656,6.0,2026-04-22 12:41:39.892259,2026-04-22 12:41:39.979196,0 days 00:00:00.086937,-66.69369549995622,67.00643380729386,19.982825916963908,53.73678375015819,-2.3244670624213066,23.385291101093912,-24.237765782728168,29.522805282719133,54.55672775851568,87.24269939811681,-19.282463398383467,30.29199041737511,Unfeasible shape,GPSampler,PRUNED
657,657,6.0,2026-04-22 12:41:40.122367,2026-04-22 12:41:40.188393,0 days 00:00:00.066026,-55.24200021701235,46.35920943514659,48.65375826332364,62.029008391670466,25.26990223172185,20.631036123457612,-23.7748406300826,55.825544286314,46.657160196060815,20.943451970584064,-21.38032023807103,16.839664258241495,Unfeasible shape,GPSampler,PRUNED
658,658,6.0,2026-04-22 12:41:40.341101,2026-04-22 12:41:40.411524,0 days 00:00:00.070423,-58.66975974155666,62.29777048049103,58.67972617223442,42.597685976759365,52.12306833716325,27.993677525213627,-45.057155518639654,99.90291903981839,66.77224835895225,15.47034159756124,-13.52247723305674,61.2694284995799,Unfeasible shape,GPSampler,PRUNED
659,659,6.0,2026-04-22 12:41:40.550064,2026-04-22 12:41:40.628074,0 days 00:00:00.078010,-67.32596748671483,38.07966639037523,55.942653490597515,87.42742893450459,39.7279983746463,-1.6436570240498867,-67.46340411589401,98.68260432831207,73.60547235015626,88.82016120383061,-27.225669765672617,49.40175215947643,Unfeasible shape,GPSampler,PRUNED
660,660,0.07458104376407704,2026-04-22 12:41:40.771869,2026-04-22 12:42:22.071657,0 days 00:00:41.299788,-35.48237543998153,97.49137601933005,14.308784067679728,88.59973837594163,14.373417586416174,54.47395541560657,-43.043077379729105,18.604395033095365,22.697328872457383,19.099947688409074,14.664496302495102,18.135298812031916,,GPSampler,COMPLETE
661,661,6.0,2026-04-22 12:42:23.911849,2026-04-22 12:42:24.070757,0 days 00:00:00.158908,-58.14822814979283,18.086044442225123,86.36552829886213,36.778280076186604,4.727977574937839,32.867334260083055,-38.53196027559131,51.82726538910017,85.59484194387568,90.70944277780453,15.078702213564462,25.77369763881852,Unfeasible shape,GPSampler,PRUNED
662,662,6.0,2026-04-22 12:42:24.284804,2026-04-22 12:42:24.490922,0 days 00:00:00.206118,-24.774478446145864,96.09352650386096,19.444546280036555,67.14196465301713,46.491198362277764,38.322508839283444,-72.71010550235016,53.94281152974086,99.87965735829124,94.8754058470193,-25.485642642153202,17.583279123550323,Unfeasible shape,GPSampler,PRUNED
663,663,6.0,2026-04-22 12:42:24.656729,2026-04-22 12:42:24.774795,0 days 00:00:00.118066,-79.25624213857782,79.05538127077097,49.03863080447058,66.01616070489752,59.45726611744011,30.492722943910607,-55.15355123052974,28.823833781561586,52.63621965219966,11.046443186991594,3.083206268291889,24.683131920393322,Unfeasible shape,GPSampler,PRUNED
664,664,6.0,2026-04-22 12:42:25.009852,2026-04-22 12:42:25.120498,0 days 00:00:00.110646,-59.99397799667796,23.246309423002057,90.68784823605849,59.94250009271724,40.78265296390019,4.987815985721738,-63.34884762580846,71.55162095806318,49.131084918170856,73.45602457930656,-5.562646481946654,23.115930322650264,Unfeasible shape,GPSampler,PRUNED
665,665,6.0,2026-04-22 12:42:25.283142,2026-04-22 12:42:25.393736,0 days 00:00:00.110594,-37.178476273195265,88.51260371582093,28.313994093814642,58.605236690886706,49.59293151095794,-1.362971095352318,-36.401289850254535,37.4083168296928,64.40919212487827,32.727110564535636,-22.775597573204205,0.172704028646832,Unfeasible shape,GPSampler,PRUNED
666,666,6.0,2026-04-22 12:42:25.589202,2026-04-22 12:42:25.684474,0 days 00:00:00.095272,-56.164681682908025,62.10509595528941,38.19896667663946,16.222229282116558,46.27824771374439,56.406118821634465,-77.929322713466,74.07189649675172,73.72755108031227,32.73476747417301,5.649212910956365,59.16548747159638,Unfeasible shape,GPSampler,PRUNED
667,667,6.0,2026-04-22 12:42:25.833637,2026-04-22 12:42:25.976053,0 days 00:00:00.142416,-69.74128404112535,71.541288040194,86.00393793653829,22.631340054182935,46.756936524687546,-0.2871877625178918,-33.113173564055636,43.86189922613582,13.54052169087489,71.507813104697,-11.217330617099904,47.20293894438588,Unfeasible shape,GPSampler,PRUNED
668,668,6.0,2026-04-22 12:42:26.141765,2026-04-22 12:42:26.220933,0 days 00:00:00.079168,-70.45107610549363,43.32004443449419,71.4951483676493,18.107052649684533,10.178156264310978,-21.998699093647325,-73.51346897109975,89.38829543819426,42.93265887365657,22.284793536917665,9.278892609218538,11.858933681039446,Unfeasible shape,GPSampler,PRUNED
669,669,6.0,2026-04-22 12:42:26.404363,2026-04-22 12:42:26.499245,0 days 00:00:00.094882,-67.69737277485521,12.72961600090174,58.82980755539469,37.31176388395955,21.56084011567137,24.356065338717322,-37.64938643861829,33.15669499711511,65.57194395397732,23.70397183745855,15.33108301154089,35.62460357358431,Unfeasible shape,GPSampler,PRUNED
670,670,6.0,2026-04-22 12:42:26.659334,2026-04-22 12:42:26.735776,0 days 00:00:00.076442,-25.73624781155008,76.17003033593559,88.95387812816061,83.9626688285809,56.46543214746755,-20.074836380237038,-39.851474575465,13.41843284559193,71.89800151196792,17.20038290846706,9.080459773559348,37.55035720885572,Unfeasible shape,GPSampler,PRUNED
671,671,6.0,2026-04-22 12:42:26.943452,2026-04-22 12:42:27.038432,0 days 00:00:00.094980,-21.471236891612747,31.873751572396017,94.81950675143574,49.13597343031423,-5.244560867167804,29.52699018502674,-79.66566541354211,26.82411708186052,45.618184043255994,97.5567159108988,1.8767101056318118,14.878069750570841,Unfeasible shape,GPSampler,PRUNED
672,672,6.0,2026-04-22 12:42:27.198050,2026-04-22 12:42:27.339958,0 days 00:00:00.141908,-32.59137329134526,86.88634701825237,56.055503044982395,93.24330297834888,-8.088605430222536,14.816427586360682,-51.9923288476775,74.35044972062714,98.33888246195804,38.63709890927935,-22.473977072093234,16.13597896607206,Unfeasible shape,GPSampler,PRUNED
673,673,6.0,2026-04-22 12:42:27.505976,2026-04-22 12:42:27.649236,0 days 00:00:00.143260,-34.159671486471474,94.27000119468708,48.18113844786844,76.80058028079726,21.94273843011486,28.51333619944799,-23.90137680498821,52.97951426974779,61.34393648988344,21.693430523674117,-14.470090265338326,23.01565991152281,Unfeasible shape,GPSampler,PRUNED
674,674,6.0,2026-04-22 12:42:27.784727,2026-04-22 12:42:27.879308,0 days 00:00:00.094581,-78.82484134633914,34.218696890820965,56.3532343553501,10.087092965894763,21.762231189898493,-20.708498167414156,-77.98663332672318,39.198859508392935,42.4486894369522,67.53158103148294,-28.44033232191129,-1.868663142673487,Unfeasible shape,GPSampler,PRUNED
675,675,6.0,2026-04-22 12:42:28.077610,2026-04-22 12:42:28.160869,0 days 00:00:00.083259,-34.75585728812393,30.846149411186758,16.05361795956359,68.07248693900615,58.126121327159254,52.92281113235781,-33.53552155255736,88.04597557419241,23.052363407806233,65.81197665560754,9.469092154004116,30.05959557048874,Unfeasible shape,GPSampler,PRUNED
676,676,6.0,2026-04-22 12:42:28.329100,2026-04-22 12:42:28.439788,0 days 00:00:00.110688,-68.89407768114647,64.80872863958578,90.84741016031245,25.975348816448353,25.45099178591979,56.56917082325282,-51.46861613272685,55.36793516703164,50.73316184673292,54.338339634024365,-22.08068593520094,-6.356094006086241,Unfeasible shape,GPSampler,PRUNED
677,677,6.0,2026-04-22 12:42:28.591011,2026-04-22 12:42:28.717813,0 days 00:00:00.126802,-60.656166086561925,82.60564086988995,57.017127154835364,57.54272669253433,17.974824845137185,-1.7150601607000233,-42.11200002096412,63.83665135379317,65.40368737507146,74.57265734064133,-14.948900602642292,-4.056030954363083,Unfeasible shape,GPSampler,PRUNED
678,678,6.0,2026-04-22 12:42:28.892386,2026-04-22 12:42:29.019614,0 days 00:00:00.127228,-62.54094961344751,81.83563606950997,17.13931274361805,45.47384144107645,27.434927770485658,10.802440923967147,-25.756492059534693,23.58206005970394,47.000705787522605,90.42247157242394,5.806686392354379,43.78946232255235,Unfeasible shape,GPSampler,PRUNED
679,679,6.327537623949787,2026-04-22 12:42:29.201579,2026-04-22 12:42:41.575609,0 days 00:00:12.374030,-27.850375882483213,98.85557142575799,34.92234184166718,45.92936061572949,30.50783868114665,0.6381621893950005,-25.63287498876251,59.42145176995543,36.04401664831495,49.146881867788345,8.998984067888465,26.21942753726244,Unattained target,GPSampler,PRUNED
680,680,6.0,2026-04-22 12:42:41.756843,2026-04-22 12:42:42.833830,0 days 00:00:01.076987,-68.9606838298633,95.28537917379896,87.1305072995285,66.45329534057052,24.246493752971936,-17.142846972603458,-52.379906299144906,11.700400196719599,35.370466984647535,10.131893542370573,1.0421974848806848,11.656049573947143,Unfeasible shape,GPSampler,PRUNED
