,number,value,datetime_start,datetime_complete,duration,params_highPt.rA2,params_highPt.rL1,params_highPt.rL2,params_highPt.rL3,params_highPt.x2,params_highPt.y2,params_lowPt.rA2,params_lowPt.rL1,params_lowPt.rL2,params_lowPt.rL3,params_lowPt.x2,params_lowPt.y2,user_attrs_prune,system_attrs_cma:generation,system_attrs_cma:optimizer:0,system_attrs_cma:optimizer:1,system_attrs_cma:optimizer:2,system_attrs_cma:optimizer:3,system_attrs_cma:optimizer:4,state
93,93,8.775217543861757,2026-05-13 10:34:30.706266,2026-05-13 10:35:00.259893,0 days 00:00:29.553627,-60.05803455589097,26.66963795931186,27.236950632345064,12.210919279681772,49.01003115742379,32.14691743037636,-40.3481300921069,54.10536864804199,77.23436560271728,44.732291009972315,32.39641352154645,21.684878471642513,,7.0,800495a6100000000000008c0a636d6165732e5f636d61948c03434d419493942981947d94288c065f6e5f64696d944b0c8c085f706f7073697a65944b0b8c035f6d75944b058c075f6d755f656666948c166e756d70792e5f636f72652e6d756c74696172726179948c067363616c61729493948c056e756d7079948c0564747970659493948c02663894898887945294284b038c013c944e4e4e4affffffff4affffffff4b007494624308e9e8100774510b4094869452948c035f636394680b681143083e6c7d43b18cd03f94869452948c035f633194680b681143089fc67c4e93b7863f94869452948c045f636d7594680b68114308b90fbeb98d89913f94869452948c085f635f7369676d6194680b681143088289198da8f9d03f94869452948c085f645f7369676d6194680b68114308606246236a3ef43f94869452948c035f636d944b018c065f6368695f6e9447400b25064571943c8c085f776569676874739468098c0c5f7265636f6e737472756374949394680c8c076e6461727261799493944b0085944301629487945294284b014b0b8594680e8c02663894898887945294284b0368124e4e4e4affffffff4affffffff4b00749462894358538e214ba67ddb3f2c5e47761ddbd03f4c60b4a91145c53f18b8b48552e2b83f8daa7d42f660a63f00000000000000009bd0b4761a8dc0bf5806fa0273e3cebff539783e76c4d5bfddd50bc2786cdbbf0820f98e2d45e0bf947494628c085f705f7369676d6194682f68314b008594683387945294284b014b0c8594681189436034edeae0204eedbff0b2248bf8f3b1bf1894f28f3144b8bf2cc585cf2a8ef0bf4554bbf987b6ce3f0e403725acc8e1bf576d3fe4c6fde03f0462a13c4e66de3facc4b6377463c3bfd6d7eeb04b2af2bfd2530db6286adbbfa0ac8e7a68cdf4bf947494628c035f706394682f68314b008594683387945294284b014b0c8594681189436052973b4f6276eebfe898bd4fab6cbebf0022a80b90a48d3fd31be4925cf0ebbfa306392c33ffd13f22fef4f08610e3bf802df730288cdf3fb0702c647fcfde3f2acea8e18db2c1bfaf26400b56daf1bf4d0a49cf7a8fd7bfc45b48938e50f4bf947494628c055f6d65616e94682f68314b008594683387945294284b014b0c85946839894360a7a7148b0615d83fc6be881b859dda3f197819b82ac0d03fc8afb5551966b43ff5b580eaca15d33f1efb924fdc1ee43fcdf4498c2b1ee23f50615629c517e33f06f20ffed0e5dd3fa06e6d5769c3d93fd23ccddc20ced53f61187153f98dd33f947494628c065f7369676d6194680b68114308ce32758e0bc1c33f94869452948c025f44944e8c025f42944e8c075f626f756e647394682f68314b008594683387945294284b014b0c4b02869468398943c00,000000000000000000000000000f03f0000000000000000000000000000f03f0000000000000000000000000000f03f0000000000000000000000000000f03f0000000000000000000000000000f03f0000000000000000000000000000f03f0000000000000000000000000000f03f0000000000000000000000000000f03f0000000000000000000000000000f03f0000000000000000000000000000f03f0000000000000000000000000000f03f0000000000000000000000000000f03f947494628c115f6e5f6d61785f726573616d706c696e67944b788c025f67944b078c095f6c725f616461707494898c065f616c70686194473ff66666666666668c0a5f626574615f6d65616e94473fb999999999999a8c0b5f626574615f5369676d6194473f9eb851eb851eb88c065f67616d6d6194473fb999999999999a8c065f456d65616e94682f68314b008594683387945294284b014b0c4b0186946839894360000000000000000000000000000000000000000000000000000000000000000000000000000000000000000000000000000000000000000000000000000000000000000000000000000000000000000000000000000000000000000000000000947494628c075f455369676d6194682f68314b008594683387945294284b014b904b018694683989428004000000000000000000000000000000000000000000000000000000000000000000000000000000000000000000000000000000000000000000000000000000000000000000000000000000000000000000000000000000000000000000000000000000000000000000000000000000000000000000000000000000000000000000000000000000000000000000000000000000000000000000000000000000000000000000000000000000000000000000000000000000000000000000000000000000000000000000000000000000000000000000000000000000000000000000000000000000000000000000000000000000000000000000000000000000000000000000000000000000000000000000000000000000000000000000000000000000000000000000000000000000000000000000000000000000000000000000000000000000000000000000000000000000000000000000000000000000000000000000000000000000000000000000000000000000000000000000000000000000000000000000000000000000000000000000000000000000000000000000000000000000000000000000000000000000000000000000000000000000000000000000000000000000000000000000000000000000000000000000000000000000000000000000000000000000000000000000000000000000000000000000000000000000000000000000000000,0000000000000000000000000000000000000000000000000000000000000000000000000000000000000000000000000000000000000000000000000000000000000000000000000000000000000000000000000000000000000000000000000000000000000000000000000000000000000000000000000000000000000000000000000000000000000000000000000000000000000000000000000000000000000000000000000000000000000000000000000000000000000000000000000000000000000000000000000000000000000000000000000000000000000000000000000000000000000000000000000000000000000000000000000000000000000000000000000000000000000000000000000000000000000000000000000000000000000000000000000000000000000000000000000000000000000000000000000000000000000000000000000000000000000000000000000000000000000000000000000000000000000000000000000000000000000000000000000000000000000000000000000000000000000000000000000000000000000000000000000000000000000000000000000000000000000000000000000000000000000000000000000000000000000000000000000000000000000000000000000000000000000000000000000000000000000000000000000000000000000000000000000000000000000000000000000000000000000000000000000000000000000000000000000000000000000000000000000000000000000000000000000000000000000000000000000000000000000000000000000000000000000000000000000000000000000000000000000000947494628c065f566d65616e944700000000000000008c075f565369676d61944700000000000000008c095f6574615f6d65616e94473ff00000000000008c0a5f6574615f5369676d6194473ff00000000000008c055f746f6c7894680b6811430816383daccc74473d94869452948c075f746f6c787570944740c38800000000008c075f746f6c66756e94473d719799812dea118c105f746f6c636f6e646974696f6e636f76944742d6bcc41e9000008c0d5f66756e686973745f7465726d944b2b8c0f5f66756e686973745f76616c75657394682f68314b008594683387945294284b014b56859468398942b00200005069dab2a601000030e2d8b2a601000044c6640fe08621406465aab24fb32140040da5326b8421402023fdb7da922140fc57013498832140a82e644dfb8f21402cd8f6dd40822140bc609df46f88214094490e52318221408877f44f4b84214014a7ea634a832140acb44ae27e8721406cbe9e0674832140681f44708f89214040ceeeb2a6010000f0a6ecb2a6010000d0ddecb2a6010000d0a8e,cb2a6010000b0e9d8b2a601000090acecb2a6010000d07adab2a601000030ccecb2a60100009075dab2a601000080a3ecb2a6010000b0d6ecb2a6010000b0e1d8b2a601000000cceeb2a6010000d0a3ecb2a601000090a2ecb2a601000000a1ecb2a601000060aaecb2a601000030b2ecb2a6010000f0dbecb2a601000060a5ecb2a6010000f0ccecb2a601000010daecb2a6010000e076dab2a6010000308099b4a6010000b0e4d8b2a6010000607adab2a6010000308099b4a601000030d2ecb2a601000030e4d8b2a601000040acecb2a601000070a6eeb2a6010000f0a6eeb2a6010000b0beecb2a601000070ddecb2a6010000f0cfecb2a6010000d0e0ecb2a6010000308099b4a601000010d1ecb2a6010000308099b4a6010000a0baecb2a601000030e5d8b2a6010000308099b4a6010000e068dab2a6010000308099b4a6010000207cdab2a6010000907cdab2a601000030dfd8b2a6010000b0ead8b2a6010000308099b4a601000030e7d8b2a6010000b0e6d8b2a601000030a8ecb2a6010000308099b4a6010000f079dab2a6010000308099b4a601000010aaecb2a601000030e1d8b2a6010000f0b0ecb2a601000050d9ecb2a601000070a7eeb2a6010000308099b4a601000070ceecb2a6010000308099b4a6010000f0d2ecb2a6010000706fdab2a6010000b0a7eeb2a6010000308099b4a601000070b8ecb2a6010000308099b4a6010000f0deecb2a6010000947494628c055f635f316494682f68314b008594683387945294284b014b4e85946811894270020000deac3c502215f03f1defbf17991e953f48d68827182ea2bf1e9677abf59b9cbfd045320086bb97bf3df5e8580ba8b13fa3391decd6d9aabfed1729871627973f5259b52d17aea23fea74d936a134abbfb8dcc0f509ae65bf2cc764e9df46c03f6677b8e3afe1ec3f40d574f17d8bafbf10e139a0f756813f369bb09f5279b6bfa0d86370b2fda2bff81c91ac4375b0bf4cbd8a00860c923fc02ea31881a05dbf7a4d1eb0e267a0bf50510142e36d5fbfdc50771ef8d1b93fc59ce73d44f0ed3f0301ff7cd501ab3fc44f359b5672bb3fc6b1271891dab8bf01598f66b98d81bf1c0903cb95fc92bf9023dbec302c95bf814327749abc94bf0269169cb78a953f8ce2c959952f86bfa092967f0728f03f5a9995c9ac63b53f098d801b35c6b7bf9c5afb3aee68843f30fa46624bc3843f78a47373ca2458bf88f54683a4a59cbf4ec2bde98ed3ae3f1ae141136c0d963f9e9cfeb57505f03f12948db810afadbffce04d96614fa73f12c4b5c7d1f9abbfbff8b3caced39d3f018a96fb901da5bf2cd08dc391e9713f34379192349986bfe5ef078cb649f03fdf58b6c735c7aebf206caa8fe80ca7bf5205eebf7de9703ffcb1ed9932296abf59fb413c0552a3bf,2e52e9a2f260b23fc3be91704020ec3f527436f162bf78bfea38c2e98a985abf9a1f74ba34a499bf9b64309225eba73f20ffa5422ff3903fa9581c97d96eeb3f84b20ad9d9aa84bf969a595d8b2db4bfec56057bf20e5d3fbf50e1006085a4bf9fc7a2b1e924f03fdd511daad5a797bfc88af1ebbb2ca2bfe04fd58832efae3f67f8217edafcef3f65fcf0564f1d99bf70fdd266471f3c3f8cd48fbc7b2fef3f10d6cc8c1d00a63fd94d6371f07cef3f9474946275622e,COMPLETE
94,94,140.0,2026-05-13 10:35:02.855807,2026-05-13 10:35:03.324142,0 days 00:00:00.468335,-79.54707184392096,27.99346229286425,42.52892020154505,10.678993075963703,44.84814840200605,48.606183462879905,-45.39558455769636,45.504762109963494,55.193750546454034,35.25159401861531,14.911722497915626,32.24182674759414,Unfeasible shape,7.0,,,,,,PRUNED
95,95,8.757896393918926,2026-05-13 10:35:03.513203,2026-05-13 10:35:24.305012,0 days 00:00:20.791809,-61.11456542009486,58.73316943993188,25.37435729782954,16.50179329547739,31.7293296267292,39.08482854122401,-53.91274024295383,72.65474329300176,71.84229770378992,21.91721714897018,31.439316017613827,19.369203038824292,,7.0,,,,,,COMPLETE
96,96,8.758275986140355,2026-05-13 10:35:26.398108,2026-05-13 10:35:51.402716,0 days 00:00:25.004608,-54.737684125998385,54.41017359731313,19.859125758602282,34.942263992428664,15.740341335306228,56.420178336203854,-54.09773128151815,93.61495753911575,58.79774053378812,41.63739841950098,27.795213124887326,12.598390078999461,,7.0,,,,,,COMPLETE
97,97,140.0,2026-05-13 10:35:53.509283,2026-05-13 10:35:53.999984,0 days 00:00:00.490701,-52.89306510414406,29.90753888238096,41.92956556420151,11.582276170023468,25.411912624524298,43.79079980105301,-37.7608827308222,71.31846284243909,59.34446307007078,58.613945616644685,43.194698883604985,24.510997600402266,Unfeasible shape,7.0,,,,,,PRUNED
98,98,8.773520763707076,2026-05-13 10:35:54.176044,2026-05-13 10:36:21.908153,0 days 00:00:27.732109,-55.549662153902645,35.500313802058955,49.738631703766,14.945335907026902,36.51443756879433,43.92689831503165,-55.18655062888367,80.02379733547215,73.15526748030693,73.26703375692887,19.622139206870365,28.50259503682784,,7.0,,,,,,COMPLETE
99,99,8.764930179526893,2026-05-13 10:36:24.314421,2026-05-13 10:36:51.779240,0 days 00:00:27.464819,-67.64473570374024,27.418068926824088,24.718432148631248,34.97608437944092,26.417579396609717,34.350707301319616,-43.22796645259209,48.27341420760876,37.86381350684979,59.035631348539255,13.031318560047001,29.744647440937904,,7.0,,,,,,COMPLETE
