,number,value,datetime_start,datetime_complete,duration,params_highPt.rA2,params_highPt.rL1,params_highPt.rL2,params_highPt.rL3,params_highPt.x2,params_highPt.y2,params_lowPt.rA2,params_lowPt.rL1,params_lowPt.rL2,params_lowPt.rL3,params_lowPt.x2,params_lowPt.y2,user_attrs_prune,system_attrs_cma:generation,system_attrs_cma:optimizer:0,system_attrs_cma:optimizer:1,system_attrs_cma:optimizer:2,system_attrs_cma:optimizer:3,system_attrs_cma:optimizer:4,state
79,79,8.758405095907356,2026-05-13 10:29:11.225477,2026-05-13 10:29:38.384281,0 days 00:00:27.158804,-53.71661563539626,32.53900069640976,41.93211431933828,14.386873312609332,38.33957387545166,57.83195629459475,-50.42862121643243,42.81071501806257,52.57405643272874,41.62072553192495,40.394944942152634,15.104368914729623,,6.0,800495a6100000000000008c0a636d6165732e5f636d61948c03434d419493942981947d94288c065f6e5f64696d944b0c8c085f706f7073697a65944b0b8c035f6d75944b058c075f6d755f656666948c166e756d70792e5f636f72652e6d756c74696172726179948c067363616c61729493948c056e756d7079948c0564747970659493948c02663894898887945294284b038c013c944e4e4e4affffffff4affffffff4b007494624308e9e8100774510b4094869452948c035f636394680b681143083e6c7d43b18cd03f94869452948c035f633194680b681143089fc67c4e93b7863f94869452948c045f636d7594680b68114308b90fbeb98d89913f94869452948c085f635f7369676d6194680b681143088289198da8f9d03f94869452948c085f645f7369676d6194680b68114308606246236a3ef43f94869452948c035f636d944b018c065f6368695f6e9447400b25064571943c8c085f776569676874739468098c0c5f7265636f6e737472756374949394680c8c076e6461727261799493944b0085944301629487945294284b014b0b8594680e8c02663894898887945294284b0368124e4e4e4affffffff4affffffff4b00749462894358538e214ba67ddb3f2c5e47761ddbd03f4c60b4a91145c53f18b8b48552e2b83f8daa7d42f660a63f00000000000000009bd0b4761a8dc0bf5806fa0273e3cebff539783e76c4d5bfddd50bc2786cdbbf0820f98e2d45e0bf947494628c085f705f7369676d6194682f68314b008594683387945294284b014b0c85946811894360363e269174c9fabff65da22f6825d8bfe800808d2722dfbf59d27616c777f5bfa0a16281aa42b53f60f82ceea39cb9bf1c6e8f7c620fee3f904b43681dc7d13f8ed5cbc63361d7bf841ac1c9319ce53fcc8d4a5a92bac63fd2428c4d314cf0bf947494628c035f706394682f68314b008594683387945294284b014b0c85946811894360c0e1ff090994fbbf484a710b5b4edbbfbf356772226ed6bf7464e4db0ad0f2bfa0e1ea7bb4b6bd3fd85be9d2b571c5bf1c8a24f9f4e7eb3faccfc38b835fcc3f80f04e4e029ad7bfc8efdf3867b2e43f82353d1c842aca3f573bc0576719f0bf947494628c055f6d65616e94682f68314b008594683387945294284b014b0c859468398943607c1f9f924754d53f660bc38792f2d83fceec4fc536decc3f6c8466d5b871b43f17cbf418e66fd13fc2773b50991ce63fc36a377e3dc4e23f4cf33b1907c1e13f0ab7a6bc9fc1dc3fd1654a8d369ee33ffd6127aeac31da3fb0d5da2116fad73f947494628c065f7369676d6194680b681143081a188595c6f1c43f94869452948c025f44944e8c025f42944e8c075f626f756e647394682f68314b008594683387945294284b014b0c4b02869468398943c00,000000000000000000000000000f03f0000000000000000000000000000f03f0000000000000000000000000000f03f0000000000000000000000000000f03f0000000000000000000000000000f03f0000000000000000000000000000f03f0000000000000000000000000000f03f0000000000000000000000000000f03f0000000000000000000000000000f03f0000000000000000000000000000f03f0000000000000000000000000000f03f0000000000000000000000000000f03f947494628c115f6e5f6d61785f726573616d706c696e67944b788c025f67944b068c095f6c725f616461707494898c065f616c70686194473ff66666666666668c0a5f626574615f6d65616e94473fb999999999999a8c0b5f626574615f5369676d6194473f9eb851eb851eb88c065f67616d6d6194473fb999999999999a8c065f456d65616e94682f68314b008594683387945294284b014b0c4b0186946839894360000000000000000000000000000000000000000000000000000000000000000000000000000000000000000000000000000000000000000000000000000000000000000000000000000000000000000000000000000000000000000000000000947494628c075f455369676d6194682f68314b008594683387945294284b014b904b018694683989428004000000000000000000000000000000000000000000000000000000000000000000000000000000000000000000000000000000000000000000000000000000000000000000000000000000000000000000000000000000000000000000000000000000000000000000000000000000000000000000000000000000000000000000000000000000000000000000000000000000000000000000000000000000000000000000000000000000000000000000000000000000000000000000000000000000000000000000000000000000000000000000000000000000000000000000000000000000000000000000000000000000000000000000000000000000000000000000000000000000000000000000000000000000000000000000000000000000000000000000000000000000000000000000000000000000000000000000000000000000000000000000000000000000000000000000000000000000000000000000000000000000000000000000000000000000000000000000000000000000000000000000000000000000000000000000000000000000000000000000000000000000000000000000000000000000000000000000000000000000000000000000000000000000000000000000000000000000000000000000000000000000000000000000000000000000000000000000000000000000000000000000000000000000000000000000000000,0000000000000000000000000000000000000000000000000000000000000000000000000000000000000000000000000000000000000000000000000000000000000000000000000000000000000000000000000000000000000000000000000000000000000000000000000000000000000000000000000000000000000000000000000000000000000000000000000000000000000000000000000000000000000000000000000000000000000000000000000000000000000000000000000000000000000000000000000000000000000000000000000000000000000000000000000000000000000000000000000000000000000000000000000000000000000000000000000000000000000000000000000000000000000000000000000000000000000000000000000000000000000000000000000000000000000000000000000000000000000000000000000000000000000000000000000000000000000000000000000000000000000000000000000000000000000000000000000000000000000000000000000000000000000000000000000000000000000000000000000000000000000000000000000000000000000000000000000000000000000000000000000000000000000000000000000000000000000000000000000000000000000000000000000000000000000000000000000000000000000000000000000000000000000000000000000000000000000000000000000000000000000000000000000000000000000000000000000000000000000000000000000000000000000000000000000000000000000000000000000000000000000000000000000000000000000000000000000000947494628c065f566d65616e944700000000000000008c075f565369676d61944700000000000000008c095f6574615f6d65616e94473ff00000000000008c0a5f6574615f5369676d6194473ff00000000000008c055f746f6c7894680b6811430816383daccc74473d94869452948c075f746f6c787570944740c38800000000008c075f746f6c66756e94473d719799812dea118c105f746f6c636f6e646974696f6e636f76944742d6bcc41e9000008c0d5f66756e686973745f7465726d944b2b8c0f5f66756e686973745f76616c75657394682f68314b008594683387945294284b014b56859468398942b00200005069dab2a601000030e2d8b2a601000044c6640fe08621406465aab24fb32140040da5326b8421402023fdb7da922140fc57013498832140a82e644dfb8f21402cd8f6dd40822140bc609df46f88214094490e52318221408877f44f4b84214014a7ea634a832140acb44ae27e8721402075dab2a6010000b0b4ecb2a601000040ceeeb2a6010000f0a6ecb2a6010000d0ddecb2a6010000d0a8e,cb2a6010000b0e9d8b2a601000090acecb2a6010000d07adab2a601000030ccecb2a60100009075dab2a601000080a3ecb2a6010000b0d6ecb2a6010000b0e1d8b2a601000000cceeb2a6010000d0a3ecb2a601000090a2ecb2a601000000a1ecb2a601000060aaecb2a601000030b2ecb2a6010000f0dbecb2a601000060a5ecb2a6010000f0ccecb2a601000010daecb2a6010000e076dab2a6010000308099b4a6010000b0e4d8b2a6010000607adab2a6010000308099b4a601000030d2ecb2a601000030e4d8b2a601000040acecb2a601000070a6eeb2a6010000f0a6eeb2a6010000b0beecb2a601000070ddecb2a6010000f0cfecb2a6010000d0e0ecb2a6010000308099b4a601000010d1ecb2a6010000308099b4a6010000a0baecb2a601000030e5d8b2a6010000308099b4a6010000e068dab2a6010000308099b4a6010000207cdab2a6010000907cdab2a601000030dfd8b2a6010000b0ead8b2a6010000308099b4a601000030e7d8b2a6010000b0e6d8b2a601000030a8ecb2a6010000308099b4a6010000f079dab2a6010000308099b4a601000010aaecb2a601000030e1d8b2a6010000f0b0ecb2a601000050d9ecb2a601000070a7eeb2a6010000308099b4a601000070ceecb2a6010000308099b4a6010000f0d2ecb2a6010000706fdab2a6010000b0a7eeb2a6010000308099b4a601000070b8ecb2a6010000308099b4a6010000f0deecb2a6010000947494628c055f635f316494682f68314b008594683387945294284b014b4e859468118942700200004d68217f57f9f03f3aeefd5fa2fd7cbfa411caa45d77bcbf562091a89a6eb1bf5b9bd0b4fba3b0bf0d838f8bb6a0af3fdce0cd0fc048a2bf7359f0bafc528e3f1edaa2de94bc993f009a5e0757edaebfc8a95c841daaa2bf7cd728d0febfb83fb87ae7cad87ced3f494a7c40d2e994bf028b84271b82923f1d6b824ad808afbfbb4d68bd33b39cbfcf36db076455acbf008289c165527a3f6eba268b1ff28a3fd1b709dc2586a3bf8283357a1149863f2020b892c1d9bb3ff1f60ba99a5af03f1707547ac83ab73f9e256b7589b8c23fd675b4d761a9babf1b534a99c8388bbf0b7d6f35995d7cbfa88f44b464aa3a3f1fa998c0adff8bbf2eb5a5483e66ac3f824fa03ff1066dbf4d90b2132055f03ffd38e3fac29eb93f57f591094c40b9bff72b55dd6d5d7e3fcab5227890dc933f98c0e3341704563fb5cab6586a09a6bf11ce5a33142ab23f2c568b6f8e0a8e3f868dc6ac385df03f8ee29add27afb0bf7ec885515eaba13f8a17615a8797a6bf1ccdedd3f18e9c3ffd8bb9e9166f97bf368b5baebd1f9f3f6a91d18d4fa0763f6e3197b54cb8ef3f8b279ff362fab0bf640d0a47c71f9cbf20f9c91e4640723feb82b0f91b3587bf7e8e92c3e620a6bf,bab976061f4aa53f1b3e4651e374ec3f4cef7cdd204597bf00bfa24ce9cf0fbf460c4b81cb8988bf7451129032c4a93ff477a6d6064d883f8d5bdc97dd8aeb3f76740be128ed86bff501d45235a0b1bffdfff32e9775873fca6d9dae3bd29cbfc44da501455bf03f68bc3489933096bf5479ea22ed369cbf2ecabbe0e791a63ff85e8e0a930aef3f6e5b7099a13ba3bf75f561eae16891bfecd83c13a83cef3f0f47da26ef26a83f4fa550ab9b0cef3f9474946275622e,COMPLETE
80,80,8.759888070866396,2026-05-13 10:29:40.571031,2026-05-13 10:30:11.944634,0 days 00:00:31.373603,-64.66834151286302,18.67434276464074,42.67200116291191,23.00281962670016,28.243134107188112,57.54831060534132,-26.383926063473822,45.08204499431857,33.6020949447031,96.9079103625037,35.53164764899819,50.99302471989005,,6.0,,,,,,COMPLETE
81,81,8.7686724742086,2026-05-13 10:30:14.505309,2026-05-13 10:30:38.780233,0 days 00:00:24.274924,-77.0744075472062,51.30164095842479,52.440591333871346,23.066610830996055,39.09374191608056,55.12531996815574,-49.523483295039696,71.56249586067052,52.57112461397393,72.89499979092588,40.89788142179817,36.19735649636638,,6.0,,,,,,COMPLETE
82,82,8.756744582059774,2026-05-13 10:30:40.978970,2026-05-13 10:31:04.185111,0 days 00:00:23.206141,-60.39555375295389,58.913426386669215,27.693216001651212,20.498896499295647,13.02704390798024,31.620694034143867,-53.84836480769212,75.9566183348043,47.84796639376961,47.50003825099501,28.941587440583003,14.59548955415312,,6.0,,,,,,COMPLETE
83,83,140.0,2026-05-13 10:31:06.173885,2026-05-13 10:31:06.585295,0 days 00:00:00.411410,-57.81917508773283,42.22528692609613,41.51106821907179,29.322359900889168,45.259504506616786,52.36441045753245,-42.53198387798498,80.20191044976293,52.44103705978251,77.45627640737636,8.182689333891892,55.46135174962121,Unfeasible shape,6.0,,,,,,PRUNED
84,84,140.0,2026-05-13 10:31:06.768157,2026-05-13 10:31:07.208076,0 days 00:00:00.439919,-66.46349121970823,28.357798875910984,48.31749713380801,12.108271766249015,21.163145018728564,43.595732454897814,-53.093391546605886,71.3308282614109,56.15753588954819,69.24006160506028,44.66557087162197,22.727145648391332,Unfeasible shape,6.0,,,,,,PRUNED
85,85,8.756846450027268,2026-05-13 10:31:07.360562,2026-05-13 10:31:32.304391,0 days 00:00:24.943829,-54.28322780281038,37.933379431759974,38.754829377563496,14.090986390028554,28.559542205058364,68.88132633837141,-36.175956048167215,62.22564947288711,59.30608000883698,46.27850793881329,22.845830229523187,39.08615082212174,,6.0,,,,,,COMPLETE
86,86,8.757718878877697,2026-05-13 10:31:34.468866,2026-05-13 10:32:03.744642,0 days 00:00:29.275776,-55.57230273177785,40.49284936071615,28.31027295783678,14.922711380849435,31.867185330752353,44.851783338786,-36.2159349780608,53.65328324892554,58.710276917429354,43.72527363468762,8.279650652654547,22.72922323201665,,6.0,,,,,,COMPLETE
87,87,140.0,2026-05-13 10:32:06.250275,2026-05-13 10:32:06.732424,0 days 00:00:00.482149,-54.30614010680543,43.17361483515804,44.828836739396024,12.113313850684406,18.29175166916405,35.10311039508474,-43.853474124702885,45.695102485126725,54.43936407084855,67.39925756672113,25.121922046074115,34.7247775669242,Unfeasible shape,6.0,,,,,,PRUNED
88,88,8.765141347993563,2026-05-13 10:32:06.910235,2026-05-13 10:32:32.150228,0 days 00:00:25.239993,-66.29056060005377,64.51052467525557,51.64633735874577,18.11333376305742,31.219671793660453,51.46215891238571,-32.77099622071309,43.795971330649756,61.38225798088403,66.68440158286685,35.411409322263864,30.621736172594844,,6.0,,,,,,COMPLETE
89,89,8.759188568647978,2026-05-13 10:32:34.406278,2026-05-13 10:33:01.224306,0 days 00:00:26.818028,-58.027968232589956,57.412487505020145,16.38023741509354,32.55524570922344,22.18066734140183,56.952673047513244,-49.64467526303811,75.19974555988092,36.73714337646523,73.85652091464962,26.799481575078715,35.74813928955095,,6.0,,,,,,COMPLETE
90,90,8.758546537849007,2026-05-13 10:33:03.367992,2026-05-13 10:33:31.108006,0 days 00:00:27.740014,-62.40822990953002,51.239560975148734,61.15223495014634,17.77508279130653,5.16476667395617,53.971795464525556,-56.07923493710858,36.75262487119055,22.991273761268808,53.22206263364069,41.22582868132945,25.320950939915544,,6.0,,,,,,COMPLETE
91,91,8.762283994687728,2026-05-13 10:33:33.670305,2026-05-13 10:33:57.540511,0 days 00:00:23.870206,-68.90758188050772,50.12239801337246,65.79503242874578,31.226469690251978,17.56901471399343,61.859191206190665,-42.61139839221777,66.88306993560799,78.92428644412402,65.01788754352694,34.942206006111334,8.272607024983289,,6.0,,,,,,COMPLETE
92,92,8.767993135308636,2026-05-13 10:33:59.754023,2026-05-13 10:34:28.630512,0 days 00:00:28.876489,-76.70299602383034,57.737021309440564,56.411118564900136,35.509556425770214,24.812052663441033,44.03427196265059,-52.85906017564366,63.44416424536925,46.580496888174295,56.29208676192959,40.78264185651121,32.124220487000755,,6.0,,,,,,COMPLETE
