,number,value,datetime_start,datetime_complete,duration,params_highPt.lL1,params_highPt.lL2,params_highPt.lL3,params_highPt.rA2,params_highPt.rL1,params_highPt.rL2,params_highPt.rL3,params_highPt.x2,params_highPt.y2,params_lowPt.lL1,params_lowPt.lL2,params_lowPt.lL3,params_lowPt.rA2,params_lowPt.rL1,params_lowPt.rL2,params_lowPt.rL3,params_lowPt.x2,params_lowPt.y2,user_attrs_prune,system_attrs_auto:sampler,state
141,141,,2026-05-18 19:47:54.865403,2026-05-18 19:47:55.565750,0 days 00:00:00.700347,147.09043102008266,81.3579804694526,1.0,-65.8216644731038,34.311319805672696,90.46947858903079,10.86922318454291,-31.365973658660888,-10.0,147.62125897383018,66.25446856017763,150.0,-85.0,101.26673823438985,149.99999999999997,1.0,-9.222757684933605,26.655289058196566,Unfeasible shape,GPSampler,PRUNED
142,142,,2026-05-18 19:47:55.717705,2026-05-18 19:47:56.342218,0 days 00:00:00.624513,147.06079994490003,81.32326062542593,1.0,-65.81716075672843,34.33737969046365,90.4207955574468,10.885607199636224,-31.355945829194248,-10.0,147.6060760931326,66.27414523762393,150.0,-85.0,101.26188114540402,149.99999999999997,1.0,-9.225234262719262,26.66457539939016,Unfeasible shape,GPSampler,PRUNED
143,143,,2026-05-18 19:47:56.479575,2026-05-18 19:47:57.355197,0 days 00:00:00.875622,147.13003490422275,81.32021030349753,1.0,-65.81400331962601,34.36154025172811,90.39589589817773,10.907815955938997,-31.358415421193715,-10.0,147.6319611761771,66.25465258712505,150.0,-85.0,101.24680488102027,149.99999999999997,1.0,-9.263696509959885,26.67676701872555,Unfeasible shape,GPSampler,PRUNED
144,144,,2026-05-18 19:47:57.492920,2026-05-18 19:47:57.992051,0 days 00:00:00.499131,147.06291000913018,81.32728301239435,1.0,-65.82055671080359,34.32589594641088,90.4346483104181,10.910768903043785,-31.355806541845098,-10.0,147.61506093191835,66.27115568260861,150.0,-85.0,101.28140455896487,149.99999999999997,1.0,-9.23820875556067,26.641428618170252,Unfeasible shape,GPSampler,PRUNED
145,145,,2026-05-18 19:47:58.134392,2026-05-18 19:47:58.938678,0 days 00:00:00.804286,147.0662294609944,81.26842849621248,1.0,-65.81351936652314,34.325399719851845,90.42734955284183,10.870150359146216,-31.371079286686026,-10.0,147.62397042428162,66.26608936654486,150.0,-85.0,101.24020169228318,149.99999999999997,1.0,-9.231898036189925,26.6618090860674,Unfeasible shape,GPSampler,PRUNED
146,146,,2026-05-18 19:47:59.085903,2026-05-18 19:47:59.840529,0 days 00:00:00.754626,147.04415502260315,81.36530791726697,1.0,-65.81991189183573,34.35376572232266,90.40477902328703,10.894631239076347,-31.360975402891384,-10.0,147.58316219098054,66.33210587257642,150.0,-85.0,101.24969708848243,149.99999999999997,1.0,-9.221817956450835,26.677512475797784,Unfeasible shape,GPSampler,PRUNED
147,147,,2026-05-18 19:47:59.982058,2026-05-18 19:48:00.771164,0 days 00:00:00.789106,147.04008576703248,81.29670198861848,1.0,-65.8160571026529,34.33707535428819,90.37695181435248,10.878117815389968,-31.34304884432838,-10.0,147.58030424171864,66.28848503321191,150.0,-85.0,101.27469515975193,149.99999999999997,1.0,-9.24458889877014,26.677787044089186,Unfeasible shape,GPSampler,PRUNED
148,148,,2026-05-18 19:48:00.925231,2026-05-18 19:48:01.561278,0 days 00:00:00.636047,147.10395994936823,81.33378916718229,1.0,-65.80650839774424,34.360549620988344,90.33850946466201,10.883164695750706,-31.36004753403101,-10.0,147.592596414245,66.28701452888582,150.0,-85.0,101.30603182440505,149.99999999999997,1.0,-9.240593876957718,26.659815299928276,Unfeasible shape,GPSampler,PRUNED
149,149,,2026-05-18 19:48:01.709495,2026-05-18 19:48:02.311467,0 days 00:00:00.601972,147.05948984110697,81.24698167163606,1.0,-65.82298101674671,34.29602300925381,90.4159650500269,10.853994108727381,-31.36766781189285,-10.0,147.56972545945555,66.26575108734492,150.0,-85.0,101.26199344955451,149.99999999999997,1.0,-9.236507146621413,26.671322206913977,Unfeasible shape,GPSampler,PRUNED
150,150,,2026-05-18 19:48:02.457779,2026-05-18 19:48:02.863563,0 days 00:00:00.405784,147.03867281987456,81.29827878385144,1.0,-65.81539058605253,34.32640936462193,90.39884328966211,10.926895174416604,-31.36354634002257,-10.0,147.59305804009668,66.30205132416518,150.0,-85.0,101.23974153688488,149.99999999999997,1.0,-9.22839546691921,26.6736816992331,Unfeasible shape,GPSampler,PRUNED
151,151,,2026-05-18 19:48:03.011225,2026-05-18 19:48:03.362057,0 days 00:00:00.350832,147.0233481691336,81.30638183341947,1.0,-65.81406017059486,34.30847258946046,90.42474048544494,10.874052842611274,-31.356033806307725,-10.0,147.61148520747872,66.28056030377925,150.0,-85.0,101.23951494547856,149.99999999999997,1.0,-9.228715151426144,26.668802418908804,Unfeasible shape,GPSampler,PRUNED
152,152,,2026-05-18 19:48:03.517363,2026-05-18 19:48:03.826313,0 days 00:00:00.308950,147.07063788396673,81.33840586567976,1.0,-65.82175697314085,34.351347838289804,90.4238359116379,10.890990029238617,-31.361577168501128,-10.0,147.60181361702666,66.27293636149003,150.0,-85.0,101.25100525829849,149.99999999999997,1.0,-9.22894600419042,26.674092811545115,Unfeasible shape,GPSampler,PRUNED
153,153,,2026-05-18 19:48:03.977251,2026-05-18 19:48:04.256284,0 days 00:00:00.279033,147.082161809524,81.32310613918588,1.0,-65.79190128498738,34.327313335396745,90.45588509888601,10.829835550166194,-31.36474752909786,-10.0,147.61056344656748,66.2969372964526,150.0,-85.0,101.30479174885883,149.99999999999997,1.0,-9.238892096046989,26.672583030804944,Unfeasible shape,GPSampler,PRUNED
154,154,,2026-05-18 19:48:04.406443,2026-05-18 19:48:04.967618,0 days 00:00:00.561175,147.03394646887367,81.3496576655887,1.0,-65.8309195172279,34.33878717064321,90.38016859796159,10.90335379795681,-31.349214110675035,-10.0,147.62469061114413,66.27038944190231,150.0,-85.0,101.26819884588046,149.99999999999997,1.0,-9.245593732753022,26.679869735228074,Unfeasible shape,GPSampler,PRUNED
155,155,,2026-05-18 19:48:05.111108,2026-05-18 19:48:05.946065,0 days 00:00:00.834957,147.07228419051512,81.32267402908572,1.0,-65.81655997943153,34.31662152076779,90.42758340745364,10.88660095796586,-31.36177857852548,-10.0,147.59787348542847,66.27965241133805,150.0,-85.0,101.25841309239583,149.99999999999997,1.0,-9.228840116556306,26.66313001353341,Unfeasible shape,GPSampler,PRUNED
156,156,,2026-05-18 19:48:06.086735,2026-05-18 19:48:06.925124,0 days 00:00:00.838389,147.03464489972197,81.33453230515559,1.0,-65.80546461708062,34.325662035478864,90.40676625832536,10.84053793105389,-31.34304898219794,-10.0,147.63235676721624,66.26565343805888,150.0,-85.0,101.25875073473247,149.99999999999997,1.0,-9.242906402562795,26.67066816659787,Unfeasible shape,GPSampler,PRUNED
157,157,,2026-05-18 19:48:07.075648,2026-05-18 19:48:07.993114,0 days 00:00:00.917466,147.07337285792192,81.32073940717437,1.0,-65.81348911910791,34.32033611299511,90.42181302571288,10.888838916907645,-31.35781439601533,-10.0,147.62678581289336,66.27870468188509,150.0,-85.0,101.26640535637902,149.99999999999997,1.0,-9.2266832644778,26.66372181497475,Unfeasible shape,GPSampler,PRUNED
158,158,,2026-05-18 19:48:08.141148,2026-05-18 19:48:08.474155,0 days 00:00:00.333007,147.05601418211614,81.33263031066238,1.0,-65.82257648670591,34.32309823489335,90.40976341902493,10.877150291421092,-31.363228389189178,-10.0,147.62372795634118,66.27829142123892,150.0,-85.0,101.26527056236685,149.99999999999997,1.0,-9.22281571914258,26.66864771409025,Unfeasible shape,GPSampler,PRUNED
159,159,,2026-05-18 19:48:08.622762,2026-05-18 19:48:09.176050,0 days 00:00:00.553288,147.07249236837504,81.28323245287575,1.0,-65.81677521969941,34.343396126331015,90.45056726665969,10.8837668854944,-31.37584831825462,-10.0,147.5776554088924,66.29337337397452,150.0,-85.0,101.28428313544333,149.99999999999997,1.0,-9.19183105472817,26.657642666467652,Unfeasible shape,GPSampler,PRUNED
160,160,,2026-05-18 19:48:09.326867,2026-05-18 19:48:10.653745,0 days 00:00:01.326878,147.0974965951856,81.32258317923318,1.0,-65.81413733860828,34.31905757695152,90.42068147044199,10.890784670504218,-31.359043807015915,-10.0,147.59711542792598,66.28956756243642,150.0,-85.0,101.28818036347953,149.99999999999997,1.0,-9.228031082738042,26.656934038357733,Unfeasible shape,GPSampler,PRUNED
161,161,,2026-05-18 19:48:10.794785,2026-05-18 19:48:11.553247,0 days 00:00:00.758462,147.0559934499227,81.31502989005914,1.0,-65.81640526147005,34.32155081800949,90.44347946892579,10.896117863008525,-31.340311033583696,-10.0,147.59650392711808,66.2771890910485,150.0,-85.0,101.2707367329614,149.99999999999997,1.0,-9.237796879513738,26.65701931539835,Unfeasible shape,GPSampler,PRUNED
162,162,,2026-05-18 19:48:11.701291,2026-05-18 19:48:12.528634,0 days 00:00:00.827343,147.0646454072073,81.316417350517,1.0,-65.81935993750378,34.308025031924885,90.42253641300418,10.895792315134432,-31.36512952219738,-10.0,147.5893191481481,66.28890575359749,150.0,-85.0,101.25690789086339,149.99999999999997,1.0,-9.226263308800434,26.66085012490162,Unfeasible shape,GPSampler,PRUNED
163,163,,2026-05-18 19:48:12.669151,2026-05-18 19:48:13.776752,0 days 00:00:01.107601,147.05241668465627,81.28657822449439,1.0,-65.81820444804961,34.360264741031564,90.44041019180362,10.927018994649423,-31.378873765236616,-10.0,147.56837714324612,66.28098253225731,150.0,-85.0,101.23179753931831,149.99999999999997,1.0,-9.238463372355476,26.680466624317674,Unfeasible shape,GPSampler,PRUNED
164,164,,2026-05-18 19:48:13.922394,2026-05-18 19:48:14.737626,0 days 00:00:00.815232,147.0655434665342,81.3365045878499,1.0,-65.81575010617034,34.33440113965174,90.41942307518018,10.879983247678894,-31.354560688861348,-10.0,147.6348712132249,66.25842498818437,150.0,-85.0,101.26307307338239,149.99999999999997,1.0,-9.221185240263068,26.663922951071257,Unfeasible shape,GPSampler,PRUNED
165,165,,2026-05-18 19:48:14.884715,2026-05-18 19:48:15.196058,0 days 00:00:00.311343,147.04389867266033,81.3458986935083,1.0,-65.81585511086337,34.37434505668661,90.40868592905174,10.88797415250752,-31.34152081946845,-10.0,147.59214835599818,66.2671908608784,150.0,-85.0,101.26523422390588,149.99999999999997,1.0,-9.230586575304116,26.670458792498557,Unfeasible shape,GPSampler,PRUNED
166,166,,2026-05-18 19:48:15.343038,2026-05-18 19:48:15.846848,0 days 00:00:00.503810,147.06656997442235,81.32565376553566,1.0,-65.81541419468971,34.327288578577395,90.41649700688214,10.886977133943715,-31.354671783885845,-10.0,147.61533974621247,66.27292393931518,150.0,-85.0,101.26353938876944,149.99999999999997,1.0,-9.229116656240727,26.667191303584502,Unfeasible shape,GPSampler,PRUNED
167,167,,2026-05-18 19:48:15.993377,2026-05-18 19:48:16.416816,0 days 00:00:00.423439,147.07401768884742,81.32484828507614,1.0,-65.82495670715159,34.35180934469563,90.40694399961109,10.891896753428421,-31.35918603816558,-10.0,147.60743430234547,66.30838855330144,150.0,-85.0,101.26114370614583,149.99999999999997,1.0,-9.218107979688611,26.642225953627026,Unfeasible shape,GPSampler,PRUNED
168,168,,2026-05-18 19:48:16.566861,2026-05-18 19:48:17.262426,0 days 00:00:00.695565,147.1033315803111,81.40761710020028,1.0,-65.80379547589258,34.35265353282538,90.43067497237918,10.812469897039808,-31.381771921868655,-10.0,147.64738135873353,66.28814967310078,150.0,-85.0,101.3013527239613,149.99999999999997,1.0,-9.245827967341029,26.67426244834097,Unfeasible shape,GPSampler,PRUNED
169,169,,2026-05-18 19:48:17.409023,2026-05-18 19:48:18.261077,0 days 00:00:00.852054,147.0533029830929,81.3249596927194,1.0,-65.80788740638391,34.34330393202568,90.42281885938107,10.904480005769226,-31.357283321795194,-10.0,147.60305318013525,66.27713687551967,150.0,-85.0,101.26186246844645,149.99999999999997,1.0,-9.225586449814585,26.6636158157253,Unfeasible shape,GPSampler,PRUNED
170,170,,2026-05-18 19:48:18.415200,2026-05-18 19:48:18.887820,0 days 00:00:00.472620,147.05449162578785,81.3272939223891,1.0,-65.8150863853486,34.33958014992794,90.4307401146893,10.888216712507065,-31.358708284579908,-10.0,147.60700896176434,66.26925996727621,150.0,-85.0,101.2628889822342,149.99999999999997,1.0,-9.228096706077501,26.668314287445426,Unfeasible shape,GPSampler,PRUNED
171,171,,2026-05-18 19:48:19.033251,2026-05-18 19:48:19.323314,0 days 00:00:00.290063,147.08901299507224,81.30776007496736,1.0,-65.82119939144984,34.289410274508654,90.43961491420622,10.867897228171818,-31.374328779871743,-10.0,147.60690151226987,66.29252526341038,150.0,-85.0,101.274714772136,149.99999999999997,1.0,-9.219263023094534,26.658578901029735,Unfeasible shape,GPSampler,PRUNED
172,172,,2026-05-18 19:48:19.461818,2026-05-18 19:48:19.858408,0 days 00:00:00.396590,147.04872346721123,81.32014419230207,1.0,-65.81343242282331,34.33854540966651,90.43326250907073,10.91151622710127,-31.362435272263518,-10.0,147.6082589180749,66.27522176877822,150.0,-85.0,101.24870271910063,149.99999999999997,1.0,-9.229028819053653,26.659390742325463,Unfeasible shape,GPSampler,PRUNED
173,173,,2026-05-18 19:48:20.004453,2026-05-18 19:48:21.111211,0 days 00:00:01.106758,147.0525063669612,81.3468456392571,1.0,-65.8041575538476,34.310211250452824,90.40597578427797,10.865189779062332,-31.355751730762055,-10.0,147.63152324931986,66.28546255962375,150.0,-85.0,101.27596562569299,149.99999999999997,1.0,-9.222842479758874,26.655433625187484,Unfeasible shape,GPSampler,PRUNED
174,174,,2026-05-18 19:48:21.258345,2026-05-18 19:48:22.147355,0 days 00:00:00.889010,147.07288097962217,81.31007238014914,1.0,-65.80258276323332,34.32201077300848,90.4528371312072,10.892145116071482,-31.358096490955894,-10.0,147.6122010524423,66.279825250225,150.0,-85.0,101.2814078741734,149.99999999999997,1.0,-9.22604189504218,26.67120799422407,Unfeasible shape,GPSampler,PRUNED
175,175,,2026-05-18 19:48:22.288660,2026-05-18 19:48:22.962124,0 days 00:00:00.673464,147.0595736372432,81.32487609218651,1.0,-65.81746052277191,34.32560155945098,90.4296698829097,10.901008602630537,-31.360956415265527,-10.0,147.61843558147842,66.279204177218,150.0,-85.0,101.24319553399157,149.99999999999997,1.0,-9.222714300836806,26.671427915592417,Unfeasible shape,GPSampler,PRUNED
176,176,,2026-05-18 19:48:23.105067,2026-05-18 19:48:23.752836,0 days 00:00:00.647769,147.05745132117204,81.3075637387928,1.0,-65.82048848307828,34.31837267749155,90.4172860631083,10.869959865798258,-31.342115589131428,-10.0,147.63422849765607,66.26719495799398,150.0,-85.0,101.26458162315248,149.99999999999997,1.0,-9.244965560477311,26.6654413045715,Unfeasible shape,GPSampler,PRUNED
177,177,,2026-05-18 19:48:23.895171,2026-05-18 19:48:24.872438,0 days 00:00:00.977267,147.05884749999123,81.31675122411184,1.0,-65.81624331176428,34.329497411981365,90.42840293898612,10.893907715019528,-31.357196183327865,-10.0,147.61122167993562,66.28168106586267,150.0,-85.0,101.25416275991172,149.99999999999997,1.0,-9.227753125790251,26.66916417738583,Unfeasible shape,GPSampler,PRUNED
178,178,,2026-05-18 19:48:25.021528,2026-05-18 19:48:25.898663,0 days 00:00:00.877135,147.00977297789638,81.30959458327258,1.0,-65.7982201097075,34.35058480845034,90.42228466263627,10.938745111033763,-31.36739540217742,-10.0,147.63999667686699,66.26957716908777,150.0,-85.0,101.19730701778894,149.99999999999997,1.0,-9.212786527700004,26.67901267387012,Unfeasible shape,GPSampler,PRUNED
179,179,,2026-05-18 19:48:26.047334,2026-05-18 19:48:27.112134,0 days 00:00:01.064800,147.0810243683392,81.33888951767172,1.0,-65.81540970374357,34.30969861358958,90.41238145134113,10.858644240583926,-31.357215358517742,-10.0,147.5818074385429,66.25410354457004,150.0,-85.0,101.29141567346822,149.99999999999997,1.0,-9.228702814331108,26.664172095235124,Unfeasible shape,GPSampler,PRUNED
180,180,,2026-05-18 19:48:27.261425,2026-05-18 19:48:27.620833,0 days 00:00:00.359408,147.0600274279845,81.31910535859578,1.0,-65.81516101463774,34.33735554433432,90.41908209171366,10.887154204193816,-31.354786291225818,-10.0,147.60741952061142,66.27139338425421,150.0,-85.0,101.26144527522919,149.99999999999997,1.0,-9.225643870426495,26.66353665760176,Unfeasible shape,GPSampler,PRUNED
181,181,,2026-05-18 19:48:27.758941,2026-05-18 19:48:28.730070,0 days 00:00:00.971129,147.0727100484233,81.32464449517009,1.0,-65.81565456288371,34.327021681380494,90.42505492665205,10.874245985574001,-31.356294859686788,-10.0,147.61709255380018,66.27601870251573,150.0,-85.0,101.2720967807394,149.99999999999997,1.0,-9.22534052420918,26.663357682821115,Unfeasible shape,GPSampler,PRUNED
182,182,,2026-05-18 19:48:28.873173,2026-05-18 19:48:29.285549,0 days 00:00:00.412376,147.08391103704074,81.33453364358363,1.0,-65.79949355338388,34.32790021596974,90.42988021595177,10.886691418645833,-31.357613037960768,-10.0,147.61559695527265,66.26369645984005,150.0,-85.0,101.28065662306376,149.99999999999997,1.0,-9.217286454382076,26.66482857243807,Unfeasible shape,GPSampler,PRUNED
183,183,,2026-05-18 19:48:29.432405,2026-05-18 19:48:30.295507,0 days 00:00:00.863102,147.0942299949618,81.33677749519356,1.0,-65.83126637968128,34.27462881191,90.4019206863683,10.900654411194898,-31.355044522767432,-10.0,147.64325637277366,66.3005754253296,150.0,-85.0,101.2573538015666,149.99999999999997,1.0,-9.229416705554357,26.66026843383151,Unfeasible shape,GPSampler,PRUNED
184,184,,2026-05-18 19:48:30.444187,2026-05-18 19:48:31.391329,0 days 00:00:00.947142,147.03721777617574,81.30887110881503,1.0,-65.82217799967546,34.36003085955882,90.38000417722347,10.910795953397054,-31.336882024966876,-10.0,147.62106400566495,66.26794420259777,150.0,-85.0,101.26631791143512,149.99999999999997,1.0,-9.240116998504497,26.662532961661036,Unfeasible shape,GPSampler,PRUNED
185,185,,2026-05-18 19:48:31.535879,2026-05-18 19:48:32.380396,0 days 00:00:00.844517,147.07292426597752,81.32985700440868,1.0,-65.81687075393761,34.32745938096606,90.42135281665465,10.902584640522003,-31.355708049089895,-10.0,147.61630310172836,66.27469806455271,150.0,-85.0,101.27398104483862,149.99999999999997,1.0,-9.231711768822265,26.662202827690997,Unfeasible shape,GPSampler,PRUNED
186,186,,2026-05-18 19:48:32.526244,2026-05-18 19:48:33.540172,0 days 00:00:01.013928,147.078330411766,81.28325109431391,1.0,-65.87641759667852,34.33544152085724,90.4298542945899,10.914348632544298,-31.353600800510133,-10.0,147.6421328260627,66.27846460243862,150.0,-85.0,101.2345646106356,149.99999999999997,1.0,-9.245352764272802,26.686959180697308,Unfeasible shape,GPSampler,PRUNED
187,187,,2026-05-18 19:48:33.682691,2026-05-18 19:48:34.048822,0 days 00:00:00.366131,147.0808442128063,81.31324514690195,1.0,-65.81904726263971,34.261596465739856,90.38181322562346,10.876991320875117,-31.37515834188739,-10.0,147.60918649685567,66.27449590787074,150.0,-85.0,101.24724435401589,149.99999999999997,1.0,-9.215659907371432,26.661058409747362,Unfeasible shape,GPSampler,PRUNED
188,188,,2026-05-18 19:48:34.196732,2026-05-18 19:48:34.489324,0 days 00:00:00.292592,146.99795487226953,81.33109010527397,1.0,-65.79412688355737,34.334247207533586,90.41266656638496,10.890082966665318,-31.3634395832813,-10.0,147.6490022713333,66.27365666940364,150.0,-85.0,101.24247490692792,149.99999999999997,1.0,-9.21687755418364,26.66329473586898,Unfeasible shape,GPSampler,PRUNED
189,189,,2026-05-18 19:48:34.637485,2026-05-18 19:48:35.246157,0 days 00:00:00.608672,147.06223622746188,81.2754691038065,1.0,-65.81771422961722,34.336353104883564,90.39078424311285,10.899504369256146,-31.352415256141715,-10.0,147.61440932222163,66.28378028826442,150.0,-85.0,101.27840632387871,149.99999999999997,1.0,-9.236747362180232,26.680513491552837,Unfeasible shape,GPSampler,PRUNED
190,190,,2026-05-18 19:48:35.401614,2026-05-18 19:48:35.786122,0 days 00:00:00.384508,147.08316599943984,81.28486246578004,1.0,-65.81494112481028,34.325355365042945,90.40711414133229,10.916748753516384,-31.35595975335776,-10.0,147.60615928987664,66.2920940736335,150.0,-85.0,101.26030121106014,149.99999999999997,1.0,-9.226611850967707,26.676918981290584,Unfeasible shape,GPSampler,PRUNED
191,191,,2026-05-18 19:48:35.940151,2026-05-18 19:48:36.226822,0 days 00:00:00.286671,147.06877594275946,81.2952610143724,1.0,-65.80808293170571,34.33158486441193,90.43932196034328,10.915885415853545,-31.351143483336976,-10.0,147.60494744464762,66.28168007592308,150.0,-85.0,101.27606712362945,149.99999999999997,1.0,-9.214331733374273,26.668402007972816,Unfeasible shape,GPSampler,PRUNED
192,192,,2026-05-18 19:48:36.372792,2026-05-18 19:48:37.090384,0 days 00:00:00.717592,147.04846494282842,81.35005900476926,1.0,-65.807965475055,34.36672772429314,90.42810957154146,10.870642076999575,-31.33759458580225,-10.0,147.5983972553856,66.26064975778688,150.0,-85.0,101.24627418844678,149.99999999999997,1.0,-9.240266737204387,26.66268810131639,Unfeasible shape,GPSampler,PRUNED
193,193,,2026-05-18 19:48:37.263431,2026-05-18 19:48:38.095569,0 days 00:00:00.832138,147.06487333749214,81.31878472723123,1.0,-65.80049314789734,34.3322445311161,90.42349816182768,10.889737522941342,-31.35662640005065,-10.0,147.61452959716732,66.27417858546131,150.0,-85.0,101.25657133763221,149.99999999999997,1.0,-9.224354488885943,26.666677485190995,Unfeasible shape,GPSampler,PRUNED
194,194,,2026-05-18 19:48:38.240558,2026-05-18 19:48:39.069221,0 days 00:00:00.828663,147.07318769164655,81.33375550244038,1.0,-65.81273114905217,34.31622411626583,90.4164796307929,10.849748751927391,-31.360523115953608,-10.0,147.60634234211338,66.28399788863214,150.0,-85.0,101.27248002521078,149.99999999999997,1.0,-9.223104603289634,26.661795412014165,Unfeasible shape,GPSampler,PRUNED
195,195,,2026-05-18 19:48:39.218231,2026-05-18 19:48:40.235009,0 days 00:00:01.016778,147.03307674299353,81.28664829742226,1.0,-65.82695318232877,34.334966070800085,90.3937179645386,10.889610944852333,-31.34718630639989,-10.0,147.65085763054444,66.26768499147877,150.0,-85.0,101.27559809846824,149.99999999999997,1.0,-9.240886073467792,26.670420562884644,Unfeasible shape,GPSampler,PRUNED
