,number,value,datetime_start,datetime_complete,duration,params_highPt.lL1,params_highPt.lL2,params_highPt.lL3,params_highPt.rA2,params_highPt.rL1,params_highPt.rL2,params_highPt.rL3,params_highPt.x2,params_highPt.y2,params_lowPt.lL1,params_lowPt.lL2,params_lowPt.lL3,params_lowPt.rA2,params_lowPt.rL1,params_lowPt.rL2,params_lowPt.rL3,params_lowPt.x2,params_lowPt.y2,user_attrs_prune,system_attrs_auto:sampler,state
801,801,,2026-05-18 19:56:16.391560,2026-05-18 19:56:16.833811,0 days 00:00:00.442251,147.06801977087198,81.33126097313377,1.0,-65.81488745587113,34.32020550719724,90.42793997014721,10.87164165911398,-31.355654508007476,-10.0,147.63202581866673,66.28424021018498,150.0,-85.0,101.27591836368012,149.99999999999997,1.0,-9.228917105624426,26.664349192970384,Unfeasible shape,GPSampler,PRUNED
802,802,,2026-05-18 19:56:16.981290,2026-05-18 19:56:17.977198,0 days 00:00:00.995908,147.06990349006745,81.32814939407602,1.0,-65.82250996537104,34.32284046425209,90.41743803532317,10.890062464211605,-31.36611763757509,-10.0,147.60978855213492,66.26773357114244,150.0,-85.0,101.27100208421457,149.99999999999997,1.0,-9.223672780063325,26.66793879694479,Unfeasible shape,GPSampler,PRUNED
803,803,,2026-05-18 19:56:18.133797,2026-05-18 19:56:18.484457,0 days 00:00:00.350660,147.0902982198791,81.34308715245112,1.0,-65.80918138549636,34.35083067635424,90.42107875056065,10.902663524132313,-31.35183030411521,-10.0,147.6464287413822,66.26789867862597,150.0,-85.0,101.28109579770057,149.99999999999997,1.0,-9.228133196425915,26.66382802933918,Unfeasible shape,GPSampler,PRUNED
804,804,,2026-05-18 19:56:18.638629,2026-05-18 19:56:19.048267,0 days 00:00:00.409638,147.04396329535584,81.33201210372488,1.0,-65.82172398867411,34.31332905823979,90.38365691996087,10.896266476970906,-31.359879219991893,-10.0,147.5897493032016,66.2530403037791,150.0,-85.0,101.25911736705525,149.99999999999997,1.0,-9.220096357823984,26.660129132817957,Unfeasible shape,GPSampler,PRUNED
805,805,,2026-05-18 19:56:19.204122,2026-05-18 19:56:20.200564,0 days 00:00:00.996442,147.0612485921893,81.31701387472219,1.0,-65.81722532876461,34.32683476298572,90.43280014508663,10.879699962247953,-31.357794273904958,-10.0,147.60914211263102,66.28580843686507,150.0,-85.0,101.271844096633,149.99999999999997,1.0,-9.220640948925187,26.6711964738075,Unfeasible shape,GPSampler,PRUNED
806,806,,2026-05-18 19:56:20.354859,2026-05-18 19:56:20.892692,0 days 00:00:00.537833,147.07216007238395,81.31500801874542,1.0,-65.81757580739597,34.32569889089107,90.42879242939888,10.897343918307502,-31.362257680381084,-10.0,147.61450469335406,66.27886490560066,150.0,-85.0,101.27165344685088,149.99999999999997,1.0,-9.224892578795526,26.66529025381555,Unfeasible shape,GPSampler,PRUNED
807,807,,2026-05-18 19:56:21.072653,2026-05-18 19:56:22.197228,0 days 00:00:01.124575,147.09491674878868,81.26722052277852,1.0,-65.814889756875,34.30746953036296,90.4159059561728,10.90157043115296,-31.351322937746097,-10.0,147.61261685925754,66.30680622381465,150.0,-85.0,101.24008758273256,149.99999999999997,1.0,-9.235478298462148,26.67345465980035,Unfeasible shape,GPSampler,PRUNED
808,808,,2026-05-18 19:56:22.350664,2026-05-18 19:56:22.765626,0 days 00:00:00.414962,147.08990710999663,81.32942443224333,1.0,-65.83968209248455,34.28970579455589,90.40641538457994,10.875787678056527,-31.365474042527712,-10.0,147.59277348631068,66.2755580146955,150.0,-85.0,101.24686901508053,149.99999999999997,1.0,-9.236420233209799,26.67270372554505,Unfeasible shape,GPSampler,PRUNED
809,809,,2026-05-18 19:56:22.926621,2026-05-18 19:56:23.902981,0 days 00:00:00.976360,147.083976251356,81.2952125887541,1.0,-65.80147802093978,34.37539539704097,90.41837386627284,10.84515696671489,-31.340352405078452,-10.0,147.6547297271766,66.2632229098577,150.0,-85.0,101.27324877976802,149.99999999999997,1.0,-9.24344437078765,26.66777643349309,Unfeasible shape,GPSampler,PRUNED
810,810,,2026-05-18 19:56:24.059126,2026-05-18 19:56:24.674696,0 days 00:00:00.615570,147.07386762611245,81.32886209344697,1.0,-65.81366719475169,34.32859528432546,90.41700480045878,10.881006365048965,-31.354159126800926,-10.0,147.61183462686745,66.27630597786018,150.0,-85.0,101.2738894839198,149.99999999999997,1.0,-9.22889119424294,26.66274842019672,Unfeasible shape,GPSampler,PRUNED
811,811,,2026-05-18 19:56:24.835423,2026-05-18 19:56:25.331128,0 days 00:00:00.495705,147.0660774517512,81.27417248182742,1.0,-65.8135458219837,34.28981056828954,90.4092455069775,10.868237272251093,-31.35416843159667,-10.0,147.63675979347488,66.25779894169628,150.0,-85.0,101.2570048408211,149.99999999999997,1.0,-9.239067000840862,26.668854125521918,Unfeasible shape,GPSampler,PRUNED
812,812,,2026-05-18 19:56:25.495774,2026-05-18 19:56:26.393599,0 days 00:00:00.897825,147.0696319559993,81.32426202426441,1.0,-65.8172924652394,34.31877982317435,90.41642274847223,10.878019118363863,-31.35229600645617,-10.0,147.6161718491404,66.2714515618175,150.0,-85.0,101.26989205099038,149.99999999999997,1.0,-9.225280349862018,26.664583830487835,Unfeasible shape,GPSampler,PRUNED
813,813,,2026-05-18 19:56:26.550651,2026-05-18 19:56:27.439127,0 days 00:00:00.888476,147.0520673396243,81.31439055329709,1.0,-65.81663842958969,34.33413286250134,90.42897013945283,10.896675869622392,-31.366249147795028,-10.0,147.6329139274029,66.26901984662688,150.0,-85.0,101.22244953372969,149.99999999999997,1.0,-9.229350850720941,26.671239352586078,Unfeasible shape,GPSampler,PRUNED
814,814,,2026-05-18 19:56:27.589256,2026-05-18 19:56:28.408318,0 days 00:00:00.819062,147.0573015034255,81.34447395544161,1.0,-65.80988620576515,34.33929885103773,90.43190307539739,10.87637250033038,-31.349810221607033,-10.0,147.6061564534602,66.28160953781486,150.0,-85.0,101.27709713411083,149.99999999999997,1.0,-9.220900321281079,26.671971829108394,Unfeasible shape,GPSampler,PRUNED
815,815,,2026-05-18 19:56:28.566233,2026-05-18 19:56:29.341375,0 days 00:00:00.775142,147.05653672617086,81.30980011718093,1.0,-65.81239326313435,34.33437548194574,90.41639073071524,10.876406083250542,-31.361672225316152,-10.0,147.60736370860158,66.27531744841396,150.0,-85.0,101.27512107866134,149.99999999999997,1.0,-9.222969848110168,26.661463070693706,Unfeasible shape,GPSampler,PRUNED
816,816,,2026-05-18 19:56:29.500002,2026-05-18 19:56:30.375872,0 days 00:00:00.875870,147.0446058075855,81.27043125612369,1.0,-65.8039329823703,34.343180518754586,90.37523764299381,10.925674394404467,-31.34559666786539,-10.0,147.60906361201367,66.26540766653031,150.0,-85.0,101.24889159618178,149.99999999999997,1.0,-9.238303544991531,26.67846783735208,Unfeasible shape,GPSampler,PRUNED
817,817,,2026-05-18 19:56:30.536972,2026-05-18 19:56:31.492722,0 days 00:00:00.955750,147.0154721586548,81.29733256382502,1.0,-65.84252240976839,34.29675322198227,90.41058545383997,10.870674592629573,-31.321184238010744,-10.0,147.6131085283745,66.32692587982075,150.0,-85.0,101.29765752791843,149.99999999999997,1.0,-9.2632032501553,26.65373240635214,Unfeasible shape,GPSampler,PRUNED
818,818,,2026-05-18 19:56:31.646196,2026-05-18 19:56:31.935306,0 days 00:00:00.289110,147.05820572513545,81.32876097887224,1.0,-65.81387719350829,34.326503930898056,90.40231842236176,10.868431647445977,-31.353234918261105,-10.0,147.59520009128806,66.24642717017176,150.0,-85.0,101.25974767034486,149.99999999999997,1.0,-9.243667590713144,26.66732053178505,Unfeasible shape,GPSampler,PRUNED
819,819,,2026-05-18 19:56:32.092817,2026-05-18 19:56:32.464358,0 days 00:00:00.371541,147.079724877876,81.35296110543376,1.0,-65.81304630952513,34.27410100452261,90.39821655540283,10.884761005991937,-31.37204658808798,-10.0,147.65708407489345,66.2665274802254,150.0,-85.0,101.27773553055741,149.99999999999997,1.0,-9.226122942569944,26.674220215908967,Unfeasible shape,GPSampler,PRUNED
820,820,,2026-05-18 19:56:32.619925,2026-05-18 19:56:33.467731,0 days 00:00:00.847806,147.07259784430036,81.32516154943036,1.0,-65.81290694762117,34.335755888318744,90.42715578483696,10.899981046956533,-31.356375508783124,-10.0,147.6134950864183,66.27610376638566,150.0,-85.0,101.25700602054125,149.99999999999997,1.0,-9.229567965661197,26.662507236212292,Unfeasible shape,GPSampler,PRUNED
821,821,,2026-05-18 19:56:33.640636,2026-05-18 19:56:34.575897,0 days 00:00:00.935261,147.08017017184318,81.28644646039153,1.0,-65.83473174454066,34.30810367253891,90.4409542417864,10.8684064679374,-31.35859796167889,-10.0,147.62323753242606,66.25545196060965,150.0,-85.0,101.278806883574,149.99999999999997,1.0,-9.224761858836416,26.656835068969528,Unfeasible shape,GPSampler,PRUNED
822,822,,2026-05-18 19:56:34.734965,2026-05-18 19:56:35.470004,0 days 00:00:00.735039,147.07928309344828,81.33313292374433,1.0,-65.81344623564573,34.31512985042685,90.43052785811614,10.9361739665562,-31.352868957993127,-10.0,147.61782840084427,66.27180202161595,150.0,-85.0,101.28899104128307,149.99999999999997,1.0,-9.2227738504075,26.656757378025056,Unfeasible shape,GPSampler,PRUNED
823,823,,2026-05-18 19:56:35.624107,2026-05-18 19:56:36.445409,0 days 00:00:00.821302,147.0413727365358,81.32698006969984,1.0,-65.79097914139025,34.342695920230526,90.40624997245848,10.967898743151013,-31.353118862395434,-10.0,147.60242460741122,66.25398917311261,150.0,-85.0,101.27789040806513,149.99999999999997,1.0,-9.229187173573607,26.66112623258332,Unfeasible shape,GPSampler,PRUNED
824,824,,2026-05-18 19:56:36.601436,2026-05-18 19:56:37.194864,0 days 00:00:00.593428,147.11030199938244,81.34280517430318,1.0,-65.80207525870998,34.343571056223944,90.39768861700364,10.945499379100896,-31.357224535348067,-10.0,147.62813553819745,66.25579454875798,150.0,-85.0,101.32191031497169,149.99999999999997,1.0,-9.240200333601834,26.660967049781384,Unfeasible shape,GPSampler,PRUNED
825,825,,2026-05-18 19:56:37.352570,2026-05-18 19:56:38.089268,0 days 00:00:00.736698,147.04917854689833,81.31793139481807,1.0,-65.81565432350105,34.28530621725428,90.44819222996335,10.856600455150549,-31.344902612744715,-10.0,147.62175075005567,66.29773050882669,150.0,-85.0,101.2472170399039,149.99999999999997,1.0,-9.224859207476875,26.68024980767619,Unfeasible shape,GPSampler,PRUNED
826,826,,2026-05-18 19:56:38.246144,2026-05-18 19:56:39.149953,0 days 00:00:00.903809,147.05817139417178,81.31296105032646,1.0,-65.81189913041186,34.33159703038637,90.43612373502128,10.891017546756798,-31.35645221892283,-10.0,147.60775142808976,66.266943011881,150.0,-85.0,101.2683725888064,149.99999999999997,1.0,-9.230679913172345,26.668510688777744,Unfeasible shape,GPSampler,PRUNED
827,827,,2026-05-18 19:56:39.305591,2026-05-18 19:56:40.273975,0 days 00:00:00.968384,147.06390535885777,81.27677724354564,1.0,-65.82643172456852,34.325330702545806,90.38430766740423,10.88081640258747,-31.352237116542337,-10.0,147.63777154673636,66.25223165632372,150.0,-85.0,101.27009306468882,149.99999999999997,1.0,-9.241494563257106,26.67436792130154,Unfeasible shape,GPSampler,PRUNED
828,828,,2026-05-18 19:56:40.427153,2026-05-18 19:56:41.247177,0 days 00:00:00.820024,147.08217267352592,81.32941079012673,1.0,-65.81274617353253,34.33352174276213,90.42417472608102,10.884568904042208,-31.354038630283743,-10.0,147.60645593538317,66.27576261358504,150.0,-85.0,101.2777167083165,149.99999999999997,1.0,-9.2262020474001,26.66257753257692,Unfeasible shape,GPSampler,PRUNED
829,829,,2026-05-18 19:56:41.408164,2026-05-18 19:56:42.339994,0 days 00:00:00.931830,147.06621127918356,81.30951203251787,1.0,-65.82346367156335,34.31525185855388,90.43835190628184,10.859959813924267,-31.359936441712016,-10.0,147.59208685391593,66.27854636374552,150.0,-85.0,101.28197338932728,149.99999999999997,1.0,-9.208531380309879,26.655983332897748,Unfeasible shape,GPSampler,PRUNED
830,830,,2026-05-18 19:56:42.496421,2026-05-18 19:56:43.174542,0 days 00:00:00.678121,147.10507915469654,81.29071090486434,1.0,-65.84656953144939,34.37640352951437,90.46078830925488,10.8320725655489,-31.35380802320192,-10.0,147.64063307039325,66.2790325997473,150.0,-85.0,101.29408897309449,149.99999999999997,1.0,-9.268920182304065,26.641977737617516,Unfeasible shape,GPSampler,PRUNED
831,831,,2026-05-18 19:56:43.326826,2026-05-18 19:56:43.919932,0 days 00:00:00.593106,147.0851161380947,81.28738642266724,1.0,-65.81683202354,34.35148913258323,90.43941792326036,10.84521637388137,-31.353597391586245,-10.0,147.61194576076355,66.27032157698908,150.0,-85.0,101.29803068092836,149.99999999999997,1.0,-9.220301221330125,26.66450817702401,Unfeasible shape,GPSampler,PRUNED
832,832,,2026-05-18 19:56:44.067385,2026-05-18 19:56:44.995259,0 days 00:00:00.927874,147.06692491972044,81.3161423779788,1.0,-65.8099434752939,34.3370563805551,90.4372906383059,10.894284929159713,-31.353573554497448,-10.0,147.6084854566776,66.28067685919018,150.0,-85.0,101.26731486618696,149.99999999999997,1.0,-9.222220317802758,26.665954903654708,Unfeasible shape,GPSampler,PRUNED
833,833,,2026-05-18 19:56:45.158706,2026-05-18 19:56:45.939999,0 days 00:00:00.781293,147.0470482100733,81.3214421005375,1.0,-65.81381415685298,34.345854348009745,90.40188667349786,10.915661488074553,-31.34758472789586,-10.0,147.6053476245486,66.27161699894599,150.0,-85.0,101.25002252954651,149.99999999999997,1.0,-9.228038413465796,26.66684741318263,Unfeasible shape,GPSampler,PRUNED
834,834,,2026-05-18 19:56:46.091119,2026-05-18 19:56:46.385750,0 days 00:00:00.294631,147.083636073113,81.29644263755985,1.0,-65.80992184153237,34.332800451035304,90.36363470608387,10.881648294982309,-31.354825748397445,-10.0,147.62002502679334,66.25642575920487,150.0,-85.0,101.25289453192103,149.99999999999997,1.0,-9.224758359459678,26.638912089810262,Unfeasible shape,GPSampler,PRUNED
835,835,,2026-05-18 19:56:46.537864,2026-05-18 19:56:46.920251,0 days 00:00:00.382387,147.06472662201276,81.32424810344459,1.0,-65.81258822630082,34.32901921625157,90.40972972636393,10.88763615472776,-31.354133566384917,-10.0,147.61700375810545,66.27144725125551,150.0,-85.0,101.26497978398807,149.99999999999997,1.0,-9.228838179846896,26.66701509179071,Unfeasible shape,GPSampler,PRUNED
836,836,,2026-05-18 19:56:47.086086,2026-05-18 19:56:47.950393,0 days 00:00:00.864307,147.09613228642564,81.29767714019935,1.0,-65.81273109062028,34.35572432166917,90.3853390565835,10.897396571117687,-31.359862440239457,-10.0,147.60141455091795,66.30856323324815,150.0,-85.0,101.3068351022157,149.99999999999997,1.0,-9.226597523138238,26.647074598545004,Unfeasible shape,GPSampler,PRUNED
837,837,,2026-05-18 19:56:48.109560,2026-05-18 19:56:48.762617,0 days 00:00:00.653057,147.05383164176632,81.32888479950499,1.0,-65.8151296185096,34.33007455266953,90.40044183585734,10.885937027868364,-31.361191512589713,-10.0,147.61286789550792,66.26039753757459,150.0,-85.0,101.24801023299855,149.99999999999997,1.0,-9.234748185381733,26.67284755800155,Unfeasible shape,GPSampler,PRUNED
838,838,,2026-05-18 19:56:48.918266,2026-05-18 19:56:49.381537,0 days 00:00:00.463271,147.05555320817615,81.32138607519148,1.0,-65.81109424138216,34.37200991556677,90.4332954399745,10.901146585864128,-31.35940174927662,-10.0,147.6099576126035,66.26720809010945,150.0,-85.0,101.25122131016144,149.99999999999997,1.0,-9.235222663824153,26.654942854016838,Unfeasible shape,GPSampler,PRUNED
839,839,,2026-05-18 19:56:49.536255,2026-05-18 19:56:50.491523,0 days 00:00:00.955268,147.06645987086108,81.33150275538092,1.0,-65.81248248309812,34.34202997014736,90.43334300729299,10.891126169940252,-31.354574753615665,-10.0,147.60595761692485,66.2699138965079,150.0,-85.0,101.25965735698053,149.99999999999997,1.0,-9.222181220430102,26.66529435165336,Unfeasible shape,GPSampler,PRUNED
840,840,,2026-05-18 19:56:50.646621,2026-05-18 19:56:50.960480,0 days 00:00:00.313859,147.06522866089048,81.31111649783325,1.0,-65.81480329718798,34.30710628036293,90.42304410040633,10.891852758516492,-31.364808692426138,-10.0,147.60545690516298,66.28452459355279,150.0,-85.0,101.26009898250692,149.99999999999997,1.0,-9.227190110412721,26.6687187698353,Unfeasible shape,GPSampler,PRUNED
841,841,,2026-05-18 19:56:51.115372,2026-05-18 19:56:51.608983,0 days 00:00:00.493611,147.05360980565123,81.35626469804916,1.0,-65.81749129073893,34.32803583739508,90.41446053755853,10.880648938352303,-31.367589906582396,-10.0,147.608777480869,66.28867785733405,150.0,-85.0,101.25996305138281,149.99999999999997,1.0,-9.239570718909448,26.65790656849905,Unfeasible shape,GPSampler,PRUNED
842,842,,2026-05-18 19:56:51.771508,2026-05-18 19:56:52.277212,0 days 00:00:00.505704,147.13945388953658,81.35815368780526,1.0,-65.82720779629256,34.305030923256176,90.39989571178175,10.764326143184844,-31.36892725197195,-10.0,147.6441857222176,66.29523262583305,150.0,-85.0,101.28439643665136,149.99999999999997,1.0,-9.214238026265193,26.65089051107826,Unfeasible shape,GPSampler,PRUNED
843,843,,2026-05-18 19:56:52.431269,2026-05-18 19:56:52.858476,0 days 00:00:00.427207,147.10629028746192,81.27317764060764,1.0,-65.81667699461715,34.33062182137345,90.43072465579112,10.894369771866726,-31.357851025530703,-10.0,147.59939641972218,66.27300331944909,150.0,-85.0,101.2811267139512,149.99999999999997,1.0,-9.221773385182608,26.66973748495569,Unfeasible shape,GPSampler,PRUNED
844,844,,2026-05-18 19:56:53.015183,2026-05-18 19:56:53.340024,0 days 00:00:00.324841,147.09535753442583,81.31771978438753,1.0,-65.79634885645521,34.33293914857098,90.41414797476288,10.894680461770584,-31.363500172365956,-10.0,147.61692107637043,66.24658650297539,150.0,-85.0,101.2285773057595,149.99999999999997,1.0,-9.237511079363244,26.667457609032773,Unfeasible shape,GPSampler,PRUNED
845,845,,2026-05-18 19:56:53.534888,2026-05-18 19:56:54.042459,0 days 00:00:00.507571,147.04417658037846,81.34132303589712,1.0,-65.81151657984172,34.34269757957214,90.40830503212685,10.891061410589526,-31.344956683453375,-10.0,147.62285885935106,66.25981655158462,150.0,-85.0,101.25965692038422,149.99999999999997,1.0,-9.228675980908427,26.66902628109331,Unfeasible shape,GPSampler,PRUNED
846,846,,2026-05-18 19:56:54.199180,2026-05-18 19:56:54.919126,0 days 00:00:00.719946,147.06327359839014,81.31578379551006,1.0,-65.8128213890831,34.32800681735829,90.42164019864886,10.88991034085099,-31.35663354481087,-10.0,147.61216799238326,66.27777409196231,150.0,-85.0,101.26669521453456,149.99999999999997,1.0,-9.226701750432468,26.663981230691732,Unfeasible shape,GPSampler,PRUNED
847,847,,2026-05-18 19:56:55.082567,2026-05-18 19:56:55.972658,0 days 00:00:00.890091,147.0677061250932,81.33315279733145,1.0,-65.83573891709091,34.34454837232321,90.40220779025319,10.84152249691655,-31.357177879828335,-10.0,147.61504850267377,66.28240094600447,150.0,-85.0,101.28396275067283,149.99999999999997,1.0,-9.230735372714705,26.666672563886088,Unfeasible shape,GPSampler,PRUNED
848,848,,2026-05-18 19:56:56.125683,2026-05-18 19:56:56.770535,0 days 00:00:00.644852,147.08007590492022,81.30499911498161,1.0,-65.81449825365691,34.28866570571492,90.4222061645619,10.877945582482862,-31.365787989014933,-10.0,147.65614185688116,66.29167710845454,150.0,-85.0,101.25794974115668,149.99999999999997,1.0,-9.230421164196208,26.6681660026004,Unfeasible shape,GPSampler,PRUNED
849,849,,2026-05-18 19:56:56.926079,2026-05-18 19:56:57.825564,0 days 00:00:00.899485,147.05462780169574,81.31819380722243,1.0,-65.82348850054775,34.34413665657537,90.4132263835999,10.882285798625214,-31.357335851360062,-10.0,147.61438033870454,66.27969531496647,150.0,-85.0,101.25705353205029,149.99999999999997,1.0,-9.225516627731743,26.661659570683433,Unfeasible shape,GPSampler,PRUNED
850,850,,2026-05-18 19:56:57.984934,2026-05-18 19:56:58.474299,0 days 00:00:00.489365,147.07842517223457,81.32750377185995,1.0,-65.81190561243415,34.33633055723711,90.42462190964895,10.874542187692965,-31.354755946961717,-10.0,147.63464882634085,66.27469888179901,150.0,-85.0,101.28951887601417,149.99999999999997,1.0,-9.225220018925953,26.662054390148107,Unfeasible shape,GPSampler,PRUNED
851,851,,2026-05-18 19:56:58.638810,2026-05-18 19:56:59.084503,0 days 00:00:00.445693,147.0477293351008,81.33310605763955,1.0,-65.81917886796992,34.323071759037745,90.41958820269508,10.903299818859637,-31.36045408239331,-10.0,147.6119591131913,66.27651622893056,150.0,-85.0,101.26616042106808,149.99999999999997,1.0,-9.225955117970557,26.668935571142597,Unfeasible shape,GPSampler,PRUNED
852,852,,2026-05-18 19:56:59.239109,2026-05-18 19:56:59.538602,0 days 00:00:00.299493,147.0649695291134,81.31583176014989,1.0,-65.81875654192335,34.33522417950184,90.42711653039689,10.91359059104034,-31.358398938963774,-10.0,147.61290695390804,66.2727852821721,150.0,-85.0,101.26297325255706,149.99999999999997,1.0,-9.226442987750701,26.662766139480546,Unfeasible shape,GPSampler,PRUNED
853,853,,2026-05-18 19:56:59.700200,2026-05-18 19:57:00.756285,0 days 00:00:01.056085,147.07584945692173,81.32949100845782,1.0,-65.7945451987148,34.32148322900047,90.45405541221152,10.880602212185545,-31.36395167421668,-10.0,147.57745658091173,66.30185385401653,150.0,-85.0,101.28272814158315,149.99999999999997,1.0,-9.225948861537645,26.655648793475955,Unfeasible shape,GPSampler,PRUNED
854,854,,2026-05-18 19:57:00.914241,2026-05-18 19:57:01.301430,0 days 00:00:00.387189,147.08253401687912,81.35891384843256,1.0,-65.81922915412599,34.33080906837196,90.40743478743057,10.90116413496709,-31.355030512191828,-10.0,147.61654763898298,66.25685383122006,150.0,-85.0,101.29590550814464,149.99999999999997,1.0,-9.231401577901629,26.64957953086664,Unfeasible shape,GPSampler,PRUNED
855,855,,2026-05-18 19:57:01.452399,2026-05-18 19:57:02.154976,0 days 00:00:00.702577,147.08957658837426,81.27647346977515,1.0,-65.81650748444507,34.340093873989424,90.46116021763518,10.867031339542704,-31.380555754715992,-10.0,147.5864137524422,66.31073870438487,150.0,-85.0,101.3171884700625,149.99999999999997,1.0,-9.203445722066476,26.647051746519345,Unfeasible shape,GPSampler,PRUNED
