,number,value,datetime_start,datetime_complete,duration,params_highPt.lL1,params_highPt.lL2,params_highPt.lL3,params_highPt.rA2,params_highPt.rL1,params_highPt.rL2,params_highPt.rL3,params_highPt.x2,params_highPt.y2,params_lowPt.lL1,params_lowPt.lL2,params_lowPt.lL3,params_lowPt.rA2,params_lowPt.rL1,params_lowPt.rL2,params_lowPt.rL3,params_lowPt.x2,params_lowPt.y2,user_attrs_prune,system_attrs_auto:sampler,state
911,911,,2026-05-18 19:57:46.577458,2026-05-18 19:57:47.599491,0 days 00:00:01.022033,147.102064523358,81.30786632734578,1.0,-65.81933919673182,34.33463460906113,90.36597030919837,10.86764973242709,-31.34574189841968,-10.0,147.59252375148557,66.24336114539771,150.0,-85.0,101.25727502394032,149.99999999999997,1.0,-9.24539390589701,26.673891127860266,Unfeasible shape,GPSampler,PRUNED
912,912,,2026-05-18 19:57:47.772276,2026-05-18 19:57:48.683130,0 days 00:00:00.910854,147.0549829468896,81.34493858510146,1.0,-65.8107555046049,34.360828294116295,90.37562430222971,10.922358453673537,-31.349934676154493,-10.0,147.61234733659222,66.2703185557978,150.0,-85.0,101.24977703529935,149.99999999999997,1.0,-9.247487196290024,26.686881932787834,Unfeasible shape,GPSampler,PRUNED
913,913,,2026-05-18 19:57:48.838929,2026-05-18 19:57:49.811534,0 days 00:00:00.972605,147.07342229198642,81.29453178617342,1.0,-65.81551022933154,34.32925511023112,90.37467824497331,10.857751723475758,-31.349351338559817,-10.0,147.59714272808148,66.25957240982295,150.0,-85.0,101.30002538089033,149.99999999999997,1.0,-9.231942077734367,26.67405989355749,Unfeasible shape,GPSampler,PRUNED
914,914,,2026-05-18 19:57:49.969630,2026-05-18 19:57:50.277888,0 days 00:00:00.308258,147.0563641475729,81.3213675525675,1.0,-65.81272630502819,34.32933880282689,90.42793220547837,10.883298031005525,-31.360622873957535,-10.0,147.61197207076472,66.27104153066027,150.0,-85.0,101.26687884777624,149.99999999999997,1.0,-9.217535765345914,26.663733361547642,Unfeasible shape,GPSampler,PRUNED
915,915,,2026-05-18 19:57:50.462782,2026-05-18 19:57:50.825313,0 days 00:00:00.362531,147.03401692656385,81.29679072918398,1.0,-65.82051832182873,34.371133307421104,90.44303012254912,10.853017069408914,-31.350656906703502,-10.0,147.61244404112722,66.2639890258233,150.0,-85.0,101.27551711716498,149.99999999999997,1.0,-9.237886070365477,26.670445233397544,Unfeasible shape,GPSampler,PRUNED
916,916,,2026-05-18 19:57:50.984650,2026-05-18 19:57:51.340670,0 days 00:00:00.356020,147.06934016926635,81.32214895628277,1.0,-65.8148721529858,34.32406497454328,90.42133630574912,10.880127576133757,-31.35902908061914,-10.0,147.60852323241616,66.27717984382043,150.0,-85.0,101.26651652260702,149.99999999999997,1.0,-9.225392149881166,26.665172567114396,Unfeasible shape,GPSampler,PRUNED
917,917,,2026-05-18 19:57:51.494282,2026-05-18 19:57:51.801631,0 days 00:00:00.307349,147.02850256773272,81.31978478663981,1.0,-65.80716555169485,34.35292135763278,90.39257235684211,10.897819069948484,-31.352175365630927,-10.0,147.6318672666663,66.2785643536066,150.0,-85.0,101.22893369484542,149.99999999999997,1.0,-9.239224643377057,26.675113673461098,Unfeasible shape,GPSampler,PRUNED
918,918,,2026-05-18 19:57:51.967631,2026-05-18 19:57:52.263446,0 days 00:00:00.295815,147.07137026311972,81.31569926802652,1.0,-65.81341384631975,34.34272634613724,90.42361674522915,10.908902366299593,-31.36176094512589,-10.0,147.62058548196572,66.26973592795662,150.0,-85.0,101.25437607667013,149.99999999999997,1.0,-9.229664957217828,26.66606022394931,Unfeasible shape,GPSampler,PRUNED
919,919,,2026-05-18 19:57:52.423415,2026-05-18 19:57:52.720948,0 days 00:00:00.297533,147.04270370233425,81.32758796111612,1.0,-65.82297373633143,34.32705242110384,90.41594866240223,10.89451667925314,-31.352698155245008,-10.0,147.6238352346406,66.25710151412846,150.0,-85.0,101.26777420357557,149.99999999999997,1.0,-9.210097936749577,26.67203349224031,Unfeasible shape,GPSampler,PRUNED
920,920,,2026-05-18 19:57:52.881633,2026-05-18 19:57:53.680550,0 days 00:00:00.798917,147.03020219254128,81.31436158819926,1.0,-65.81234384330014,34.35333327130621,90.40419424436611,10.904993407011627,-31.359013176375612,-10.0,147.60953763523273,66.27811817908264,150.0,-85.0,101.23850244538022,149.99999999999997,1.0,-9.242568310701898,26.671725743537927,Unfeasible shape,GPSampler,PRUNED
921,921,,2026-05-18 19:57:53.843946,2026-05-18 19:57:54.557890,0 days 00:00:00.713944,147.1074910004801,81.3013959115026,1.0,-65.80342106948375,34.30946237647443,90.40478878774749,10.890089369779476,-31.36020711903591,-10.0,147.60765490456137,66.30053244353002,150.0,-85.0,101.33265316308199,149.99999999999997,1.0,-9.205096427047096,26.650695823767037,Unfeasible shape,GPSampler,PRUNED
922,922,,2026-05-18 19:57:54.716549,2026-05-18 19:57:55.315301,0 days 00:00:00.598752,147.06459128725007,81.32207187398056,1.0,-65.81462993169441,34.33892564373,90.41784044711126,10.882201978612168,-31.356705411382613,-10.0,147.62047194897366,66.27590467850271,150.0,-85.0,101.26283365415917,149.99999999999997,1.0,-9.228764064367873,26.664424151843633,Unfeasible shape,GPSampler,PRUNED
923,923,,2026-05-18 19:57:55.481277,2026-05-18 19:57:56.427822,0 days 00:00:00.946545,147.07091222968737,81.3209232522194,1.0,-65.81850780565054,34.324769784004445,90.43594671579501,10.817209891047618,-31.38378387588154,-10.0,147.59291712872215,66.29324001880582,150.0,-85.0,101.27960237823328,149.99999999999997,1.0,-9.22161669738086,26.66092002672525,Unfeasible shape,GPSampler,PRUNED
924,924,,2026-05-18 19:57:56.578852,2026-05-18 19:57:57.331878,0 days 00:00:00.753026,147.0656967157971,81.30351251669052,1.0,-65.81701073072578,34.32986710389671,90.4291671612,10.900069941539552,-31.36438641587423,-10.0,147.60431892382834,66.28297642589769,150.0,-85.0,101.26407774662006,149.99999999999997,1.0,-9.219475954380208,26.663191464736926,Unfeasible shape,GPSampler,PRUNED
925,925,,2026-05-18 19:57:57.483274,2026-05-18 19:57:57.857499,0 days 00:00:00.374225,147.09271229844836,81.32358112911707,1.0,-65.81400349135941,34.30757028666089,90.43405184605066,10.845390459411052,-31.365629628941445,-10.0,147.60948816941007,66.2942700960916,150.0,-85.0,101.30478350518176,149.99999999999997,1.0,-9.222939548743433,26.653375456561726,Unfeasible shape,GPSampler,PRUNED
926,926,,2026-05-18 19:57:58.016221,2026-05-18 19:57:58.383388,0 days 00:00:00.367167,147.06304107691133,81.32410665002463,1.0,-65.81488170408956,34.326052205792614,90.43103713171136,10.896652292890114,-31.36356779519515,-10.0,147.61827107658164,66.28812239343203,150.0,-85.0,101.24959025250327,149.99999999999997,1.0,-9.225547462761384,26.663518155911333,Unfeasible shape,GPSampler,PRUNED
927,927,,2026-05-18 19:57:58.543094,2026-05-18 19:57:58.963839,0 days 00:00:00.420745,147.05972132510078,81.3359478014272,1.0,-65.82222305840011,34.33198125449764,90.44987323378045,10.914314371374397,-31.363514756493693,-10.0,147.5949824732101,66.29997022398966,150.0,-85.0,101.26112505826916,149.99999999999997,1.0,-9.21361756903297,26.649477042860703,Unfeasible shape,GPSampler,PRUNED
928,928,,2026-05-18 19:57:59.121404,2026-05-18 19:57:59.809836,0 days 00:00:00.688432,147.06804673237866,81.31599542083633,1.0,-65.81742610189718,34.335662772163076,90.42311213464569,10.890829224696377,-31.3606653641185,-10.0,147.6101040397614,66.29423147389825,150.0,-85.0,101.25734185350159,149.99999999999997,1.0,-9.216719691948086,26.66418460850877,Unfeasible shape,GPSampler,PRUNED
929,929,,2026-05-18 19:57:59.972414,2026-05-18 19:58:00.816384,0 days 00:00:00.843970,147.03058839843584,81.33729887097603,1.0,-65.79208042947376,34.37996047697788,90.4401948196897,10.881495385008147,-31.34860963735274,-10.0,147.6198151231541,66.28780452978444,150.0,-85.0,101.22637318103845,149.99999999999997,1.0,-9.258549415794555,26.665924772478476,Unfeasible shape,GPSampler,PRUNED
930,930,,2026-05-18 19:58:00.967569,2026-05-18 19:58:01.430872,0 days 00:00:00.463303,147.06294657189167,81.31027735655506,1.0,-65.80794285600791,34.340095520219265,90.42095380020325,10.901397250888348,-31.368087492059573,-10.0,147.59754937006755,66.27981659387362,150.0,-85.0,101.25757682133063,149.99999999999997,1.0,-9.232635095775144,26.648405035850153,Unfeasible shape,GPSampler,PRUNED
931,931,,2026-05-18 19:58:01.583391,2026-05-18 19:58:02.473789,0 days 00:00:00.890398,147.06909811853706,81.3294244849081,1.0,-65.81025737889729,34.3324428712298,90.40672061694654,10.88757926432623,-31.355025264452028,-10.0,147.61387230361413,66.26430907491816,150.0,-85.0,101.25482796111848,149.99999999999997,1.0,-9.234033152839338,26.673789551044088,Unfeasible shape,GPSampler,PRUNED
932,932,,2026-05-18 19:58:02.642912,2026-05-18 19:58:03.520937,0 days 00:00:00.878025,147.04214542979673,81.28541482604224,1.0,-65.78725829896295,34.355904698241005,90.48029644275533,10.859824458695552,-31.349613403839744,-10.0,147.60775809734864,66.27025402734837,150.0,-85.0,101.26942402627547,149.99999999999997,1.0,-9.235177781622014,26.66930290426989,Unfeasible shape,GPSampler,PRUNED
933,933,,2026-05-18 19:58:03.677632,2026-05-18 19:58:04.363803,0 days 00:00:00.686171,147.06683439396247,81.34232979286766,1.0,-65.81405054260193,34.35671710370819,90.43422138313929,10.873714248102063,-31.361399357830177,-10.0,147.63794479922754,66.27401734139335,150.0,-85.0,101.27803108021979,149.99999999999997,1.0,-9.224942022526506,26.662377197323387,Unfeasible shape,GPSampler,PRUNED
934,934,,2026-05-18 19:58:04.530154,2026-05-18 19:58:05.234286,0 days 00:00:00.704132,147.09461383984882,81.30073164428154,1.0,-65.80290053155062,34.348156204676656,90.44658535125446,10.895878640949304,-31.34502751876356,-10.0,147.62447812803768,66.25894753567776,150.0,-85.0,101.25389310396824,149.99999999999997,1.0,-9.233523179861521,26.661901037274568,Unfeasible shape,GPSampler,PRUNED
935,935,,2026-05-18 19:58:05.391868,2026-05-18 19:58:05.908631,0 days 00:00:00.516763,147.07226566076704,81.32969329719882,1.0,-65.81212339647877,34.34064975960504,90.42978889898183,10.882015349313232,-31.35155422760123,-10.0,147.62624449562895,66.26092711006208,150.0,-85.0,101.25726653610526,149.99999999999997,1.0,-9.233018663319477,26.67225874628604,Unfeasible shape,GPSampler,PRUNED
936,936,,2026-05-18 19:58:06.066670,2026-05-18 19:58:06.813623,0 days 00:00:00.746953,147.06044571261268,81.3547309663752,1.0,-65.8101553119576,34.29827125166027,90.38579765753477,10.87293499176025,-31.369700555060273,-10.0,147.61433782068727,66.26371220857799,150.0,-85.0,101.26832201610677,149.99999999999997,1.0,-9.233442335945753,26.658028744600557,Unfeasible shape,GPSampler,PRUNED
937,937,,2026-05-18 19:58:06.976918,2026-05-18 19:58:07.640221,0 days 00:00:00.663303,147.0906739355934,81.30680449973605,1.0,-65.82582861855862,34.32869782363687,90.38370340880066,10.882763212786635,-31.34756025132832,-10.0,147.61465329664125,66.27614115672169,150.0,-85.0,101.24283500337673,149.99999999999997,1.0,-9.212680415636058,26.667967025531254,Unfeasible shape,GPSampler,PRUNED
938,938,,2026-05-18 19:58:07.798561,2026-05-18 19:58:08.505274,0 days 00:00:00.706713,147.04584268161005,81.33846551867354,1.0,-65.82997296788643,34.334532078621336,90.37285148201752,10.920621971246995,-31.370165177715958,-10.0,147.62499329034281,66.25933448867966,150.0,-85.0,101.28012333300249,149.99999999999997,1.0,-9.220053566098784,26.656863918314443,Unfeasible shape,GPSampler,PRUNED
939,939,,2026-05-18 19:58:08.658017,2026-05-18 19:58:09.025400,0 days 00:00:00.367383,147.07024032275845,81.32365270221607,1.0,-65.81543731761529,34.34107401378176,90.39646135323832,10.853256330835919,-31.35572679935511,-10.0,147.6002932425855,66.29424687933225,150.0,-85.0,101.30777783272663,149.99999999999997,1.0,-9.209484123835125,26.652492484477676,Unfeasible shape,GPSampler,PRUNED
940,940,,2026-05-18 19:58:09.184928,2026-05-18 19:58:09.619072,0 days 00:00:00.434144,147.06014075883738,81.33067478987343,1.0,-65.81888400169457,34.34036729167523,90.42189742163943,10.887383150162375,-31.352130419066327,-10.0,147.63730565457627,66.2709726275317,150.0,-85.0,101.25606297950026,149.99999999999997,1.0,-9.229638281254864,26.667898491269696,Unfeasible shape,GPSampler,PRUNED
941,941,,2026-05-18 19:58:09.778647,2026-05-18 19:58:10.604209,0 days 00:00:00.825562,147.06210821905174,81.33357755599044,1.0,-65.81602510230394,34.325146981038266,90.42033865172603,10.877955802830362,-31.354832304769815,-10.0,147.62558421178193,66.28546421792588,150.0,-85.0,101.26812060219089,149.99999999999997,1.0,-9.233474636552899,26.671390707330588,Unfeasible shape,GPSampler,PRUNED
942,942,,2026-05-18 19:58:10.782016,2026-05-18 19:58:11.510406,0 days 00:00:00.728390,147.07515131619795,81.31833762557525,1.0,-65.82514273220484,34.30248436256072,90.44381721110352,10.87553240970165,-31.362397900577584,-10.0,147.62348794401058,66.26713673118475,150.0,-85.0,101.25505357157014,149.99999999999997,1.0,-9.22634107787296,26.65262071326891,Unfeasible shape,GPSampler,PRUNED
943,943,,2026-05-18 19:58:11.660107,2026-05-18 19:58:11.977237,0 days 00:00:00.317130,147.110458135466,81.33623494896376,1.0,-65.80443970971544,34.34180961730233,90.44841455430739,10.861080997701011,-31.345254653369686,-10.0,147.6455877478759,66.26379612962857,150.0,-85.0,101.25412755309937,149.99999999999997,1.0,-9.218902944191015,26.652232209961113,Unfeasible shape,GPSampler,PRUNED
944,944,,2026-05-18 19:58:12.128155,2026-05-18 19:58:12.529316,0 days 00:00:00.401161,147.04760574035907,81.3153972337482,1.0,-65.81041431701155,34.31897428110284,90.44716886011388,10.885403356610452,-31.367934757171472,-10.0,147.59900364447523,66.29649457048,150.0,-85.0,101.24975840234923,149.99999999999997,1.0,-9.217928917512765,26.66383214742953,Unfeasible shape,GPSampler,PRUNED
945,945,,2026-05-18 19:58:12.688328,2026-05-18 19:58:13.341882,0 days 00:00:00.653554,147.0672438220292,81.3216782297073,1.0,-65.81130856065957,34.33539901223669,90.433151670901,10.893091012618614,-31.358307558240504,-10.0,147.6020301266527,66.28045459527132,150.0,-85.0,101.26929474893947,149.99999999999997,1.0,-9.221360691845902,26.66299764384683,Unfeasible shape,GPSampler,PRUNED
946,946,,2026-05-18 19:58:13.501387,2026-05-18 19:58:14.361155,0 days 00:00:00.859768,147.09471638684687,81.33295652532745,1.0,-65.81943766721157,34.321455802897226,90.43074768545682,10.878030564633484,-31.36139644063611,-10.0,147.6068451972291,66.2740201347452,150.0,-85.0,101.26676949131975,149.99999999999997,1.0,-9.220666083335558,26.65596199674077,Unfeasible shape,GPSampler,PRUNED
947,947,,2026-05-18 19:58:14.523732,2026-05-18 19:58:15.186596,0 days 00:00:00.662864,147.08143729508305,81.36001577406705,1.0,-65.82437226799155,34.31792920781489,90.38353308493497,10.851275432666188,-31.372070464695977,-10.0,147.59995926217724,66.25876668567004,150.0,-85.0,101.29366347794605,149.99999999999997,1.0,-9.216631936145568,26.647022328581336,Unfeasible shape,GPSampler,PRUNED
948,948,,2026-05-18 19:58:15.340581,2026-05-18 19:58:16.175497,0 days 00:00:00.834916,147.0579432948234,81.32622642792732,1.0,-65.81493063931926,34.33412267489324,90.41257708501452,10.898083984014649,-31.35721042922721,-10.0,147.602888626865,66.2727108687438,150.0,-85.0,101.25428800047669,149.99999999999997,1.0,-9.231878153187566,26.66905235835464,Unfeasible shape,GPSampler,PRUNED
949,949,,2026-05-18 19:58:16.332540,2026-05-18 19:58:16.992999,0 days 00:00:00.660459,147.07853823057482,81.32955581225434,1.0,-65.79876677561514,34.33413010248309,90.44816132490644,10.84428966311988,-31.36179795622711,-10.0,147.61142000193033,66.25440797475231,150.0,-85.0,101.25154968709923,149.99999999999997,1.0,-9.222456621625525,26.66862117283206,Unfeasible shape,GPSampler,PRUNED
950,950,,2026-05-18 19:58:17.149309,2026-05-18 19:58:17.478379,0 days 00:00:00.329070,147.07672136730105,81.32599025236713,1.0,-65.8146146197086,34.34715568732586,90.4228133091302,10.882104723264565,-31.358891467015454,-10.0,147.60635479511583,66.2806010847119,150.0,-85.0,101.27704504899987,149.99999999999997,1.0,-9.221136693350786,26.669676124532053,Unfeasible shape,GPSampler,PRUNED
951,951,,2026-05-18 19:58:17.636427,2026-05-18 19:58:18.331874,0 days 00:00:00.695447,147.06802955911468,81.31421874504292,1.0,-65.81589239394489,34.344113577163,90.42812799637062,10.876354098601926,-31.35376735968055,-10.0,147.6258368905228,66.27825139860882,150.0,-85.0,101.24953561674417,149.99999999999997,1.0,-9.229986874528151,26.6627601414268,Unfeasible shape,GPSampler,PRUNED
952,952,,2026-05-18 19:58:18.497723,2026-05-18 19:58:19.237310,0 days 00:00:00.739587,147.06289431462648,81.32238872125822,1.0,-65.8119056757046,34.33794553076703,90.42887817454607,10.89157433928351,-31.357904706638354,-10.0,147.60148433051776,66.28727348386992,150.0,-85.0,101.26843263366159,149.99999999999997,1.0,-9.225717007543587,26.65913522606465,Unfeasible shape,GPSampler,PRUNED
953,953,,2026-05-18 19:58:19.406635,2026-05-18 19:58:19.913733,0 days 00:00:00.507098,147.03300188351957,81.35407948564101,1.0,-65.8032425605993,34.337435873569596,90.45635602083905,10.860782791806885,-31.356028618365325,-10.0,147.65500645127227,66.26711375636758,150.0,-85.0,101.23129459087482,149.99999999999997,1.0,-9.238484428683812,26.675224780174496,Unfeasible shape,GPSampler,PRUNED
954,954,,2026-05-18 19:58:20.066664,2026-05-18 19:58:20.421905,0 days 00:00:00.355241,147.07867768463066,81.32415464834034,1.0,-65.81135169605801,34.33048359506075,90.4254903379121,10.876153837231664,-31.35629307783294,-10.0,147.60904648673272,66.28418417615013,150.0,-85.0,101.2831638599716,149.99999999999997,1.0,-9.226558577196087,26.6587036491196,Unfeasible shape,GPSampler,PRUNED
955,955,,2026-05-18 19:58:20.583013,2026-05-18 19:58:21.166879,0 days 00:00:00.583866,147.07481114004082,81.31115302877316,1.0,-65.81293259759441,34.31325474292466,90.43434416253653,10.879390953699945,-31.355450356662153,-10.0,147.62115305454057,66.28432330741462,150.0,-85.0,101.26440515331485,149.99999999999997,1.0,-9.23185151129529,26.66357444808279,Unfeasible shape,GPSampler,PRUNED
956,956,,2026-05-18 19:58:21.332212,2026-05-18 19:58:21.997780,0 days 00:00:00.665568,147.05868616041937,81.31128670575804,1.0,-65.8161579079363,34.33292263494995,90.4348348518899,10.906428151419677,-31.368825447288838,-10.0,147.60232377427252,66.2910546061393,150.0,-85.0,101.25021303992203,149.99999999999997,1.0,-9.212148126613748,26.658552786093523,Unfeasible shape,GPSampler,PRUNED
957,957,,2026-05-18 19:58:22.158786,2026-05-18 19:58:22.707683,0 days 00:00:00.548897,147.07146940947462,81.32595331122579,1.0,-65.81632066811471,34.31134331075019,90.4142649732067,10.908365333861008,-31.36388315867388,-10.0,147.6181032433333,66.27248493817025,150.0,-85.0,101.26392207475784,149.99999999999997,1.0,-9.228027078426166,26.66822524515416,Unfeasible shape,GPSampler,PRUNED
958,958,,2026-05-18 19:58:22.862719,2026-05-18 19:58:23.353216,0 days 00:00:00.490497,147.08099733322226,81.33855163366299,1.0,-65.81562897040624,34.31999998109951,90.46846596899255,10.863051793960416,-31.36708297491285,-10.0,147.6159764154942,66.2943629792241,150.0,-85.0,101.2559762401131,149.99999999999997,1.0,-9.214537201100256,26.664997641568753,Unfeasible shape,GPSampler,PRUNED
959,959,,2026-05-18 19:58:23.524802,2026-05-18 19:58:24.408772,0 days 00:00:00.883970,147.0477484341247,81.33776871802337,1.0,-65.80227305531022,34.329620470152314,90.40239200946678,10.857761684149938,-31.341240092446327,-10.0,147.6504176557259,66.26761824668435,150.0,-85.0,101.29556242668552,149.99999999999997,1.0,-9.230917431531225,26.659738421480817,Unfeasible shape,GPSampler,PRUNED
960,960,,2026-05-18 19:58:24.596903,2026-05-18 19:58:25.065111,0 days 00:00:00.468208,147.0758902693923,81.31803160532667,1.0,-65.81266020737587,34.289656604443884,90.41399757271236,10.906733697122904,-31.356919899731814,-10.0,147.61419305932992,66.27957944237741,150.0,-85.0,101.2616713137785,149.99999999999997,1.0,-9.220649509442246,26.659313777222742,Unfeasible shape,GPSampler,PRUNED
961,961,,2026-05-18 19:58:25.216094,2026-05-18 19:58:25.512756,0 days 00:00:00.296662,147.10512503627828,81.33355309622856,1.0,-65.81273400118968,34.3266989849293,90.43085153160372,10.829891479555142,-31.35414262664892,-10.0,147.6032323563516,66.28015143980139,150.0,-85.0,101.28537123170001,149.99999999999997,1.0,-9.23159803039804,26.663019306166873,Unfeasible shape,GPSampler,PRUNED
962,962,,2026-05-18 19:58:25.674215,2026-05-18 19:58:26.252335,0 days 00:00:00.578120,147.0801638369749,81.33371427402818,1.0,-65.81715470942348,34.323628578121706,90.40421483350585,10.876389470179241,-31.35537357025954,-10.0,147.6084654391337,66.26882759392991,150.0,-85.0,101.2748067536618,149.99999999999997,1.0,-9.232088992114242,26.659795049678387,Unfeasible shape,GPSampler,PRUNED
963,963,,2026-05-18 19:58:26.447365,2026-05-18 19:58:27.066954,0 days 00:00:00.619589,147.0803876455028,81.30997531697032,1.0,-65.83241631504,34.344656001168815,90.53111026615132,10.905795146547486,-31.37201687473351,-10.0,147.62274863849913,66.28233293490491,150.0,-85.0,101.25949743902989,149.99999999999997,1.0,-9.249121780943796,26.67099797555212,Unfeasible shape,GPSampler,PRUNED
964,964,,2026-05-18 19:58:27.230145,2026-05-18 19:58:28.114685,0 days 00:00:00.884540,147.0571688320066,81.322359765144,1.0,-65.81422918621766,34.34075295833129,90.42924964755704,10.871143192587917,-31.35626664553038,-10.0,147.61205258801493,66.27001227028909,150.0,-85.0,101.25537694974727,149.99999999999997,1.0,-9.226929135156823,26.667415275159826,Unfeasible shape,GPSampler,PRUNED
965,965,,2026-05-18 19:58:28.345194,2026-05-18 19:58:28.698328,0 days 00:00:00.353134,147.07099445343448,81.33027115363576,1.0,-65.81792620922536,34.312342011646805,90.42318588179337,10.873523384286852,-31.347519803225772,-10.0,147.6069331280909,66.26255673759738,150.0,-85.0,101.29040143322482,149.99999999999997,1.0,-9.220166802588146,26.666753398304067,Unfeasible shape,GPSampler,PRUNED
