,number,value,datetime_start,datetime_complete,duration,params_highPt.lL1,params_highPt.lL2,params_highPt.lL3,params_highPt.rA2,params_highPt.rL1,params_highPt.rL2,params_highPt.rL3,params_highPt.x2,params_highPt.y2,params_lowPt.lL1,params_lowPt.lL2,params_lowPt.lL3,params_lowPt.rA2,params_lowPt.rL1,params_lowPt.rL2,params_lowPt.rL3,params_lowPt.x2,params_lowPt.y2,user_attrs_prune,system_attrs_auto:sampler,state
196,196,,2026-05-18 19:48:40.378526,2026-05-18 19:48:40.908719,0 days 00:00:00.530193,147.05310726899677,81.34499802738208,1.0,-65.80549524328053,34.3791754287332,90.4004190750697,10.873896494316726,-31.334177262436487,-10.0,147.56829967161445,66.25670066963794,150.0,-85.0,101.27106237544557,149.99999999999997,1.0,-9.237352500333031,26.665450161735215,Unfeasible shape,GPSampler,PRUNED
197,197,,2026-05-18 19:48:41.061443,2026-05-18 19:48:41.882258,0 days 00:00:00.820815,147.0801338503171,81.32300347037084,1.0,-65.81500784674844,34.331052643062755,90.42086191699856,10.907465545882578,-31.358195200271588,-10.0,147.61457181721735,66.28186619081414,150.0,-85.0,101.2795669207456,149.99999999999997,1.0,-9.226440459185994,26.664195954031193,Unfeasible shape,GPSampler,PRUNED
198,198,,2026-05-18 19:48:42.028308,2026-05-18 19:48:42.408363,0 days 00:00:00.380055,147.07955806825942,81.32158183927072,1.0,-65.81263225534832,34.3353733175067,90.4547118006332,10.86063640879421,-31.356326250711188,-10.0,147.62930215388207,66.27669615985968,150.0,-85.0,101.27605730631115,149.99999999999997,1.0,-9.214858760661343,26.656154889749878,Unfeasible shape,GPSampler,PRUNED
199,199,,2026-05-18 19:48:42.546405,2026-05-18 19:48:43.280575,0 days 00:00:00.734170,147.06709325480517,81.34552316436725,1.0,-65.80949535579187,34.24511739921301,90.39689747262167,10.830370888991883,-31.372768620173616,-10.0,147.57632340196767,66.27204927867757,150.0,-85.0,101.22907585531152,149.99999999999997,1.0,-9.249962699030121,26.673365863472547,Unfeasible shape,GPSampler,PRUNED
200,200,,2026-05-18 19:48:43.428554,2026-05-18 19:48:44.002734,0 days 00:00:00.574180,147.0695495699541,81.34452163346384,1.0,-65.81422665944908,34.32262824779894,90.4229653919565,10.866455808183936,-31.353670942525625,-10.0,147.61458627063388,66.28320706065293,150.0,-85.0,101.26990840727747,149.99999999999997,1.0,-9.237368354504454,26.675877480850247,Unfeasible shape,GPSampler,PRUNED
201,201,,2026-05-18 19:48:44.147083,2026-05-18 19:48:45.017717,0 days 00:00:00.870634,147.1254389430094,81.32180753106138,1.0,-65.81637366124764,34.31264427345932,90.40682182439681,10.898490676777016,-31.376570417433282,-10.0,147.5796259002001,66.26274362185372,150.0,-85.0,101.22993973438405,149.99999999999997,1.0,-9.230822594379795,26.67037361040721,Unfeasible shape,GPSampler,PRUNED
202,202,,2026-05-18 19:48:45.162703,2026-05-18 19:48:46.097258,0 days 00:00:00.934555,147.06419068455983,81.32862584889922,1.0,-65.81622667672201,34.33432061932637,90.42153496963614,10.881012366625407,-31.356560532564266,-10.0,147.6033936969412,66.2829909383892,150.0,-85.0,101.25934584822133,149.99999999999997,1.0,-9.22160650532981,26.66001879810723,Unfeasible shape,GPSampler,PRUNED
203,203,,2026-05-18 19:48:46.253548,2026-05-18 19:48:47.157828,0 days 00:00:00.904280,147.09964307364032,81.35753104810108,1.0,-65.82354931406825,34.30898160872788,90.44283510120486,10.872108033643567,-31.33944886379986,-10.0,147.5762081272535,66.28459780642083,150.0,-85.0,101.26783249005327,149.99999999999997,1.0,-9.216993259054902,26.66343524779178,Unfeasible shape,GPSampler,PRUNED
204,204,,2026-05-18 19:48:47.305556,2026-05-18 19:48:47.937920,0 days 00:00:00.632364,147.03811892484342,81.29051770614619,1.0,-65.82238173234656,34.34069024616619,90.42351303254313,10.940953772223137,-31.356741406348686,-10.0,147.65125009266026,66.26406168861085,150.0,-85.0,101.2458588123563,149.99999999999997,1.0,-9.211013298814343,26.658335442790552,Unfeasible shape,GPSampler,PRUNED
205,205,,2026-05-18 19:48:48.090634,2026-05-18 19:48:48.411117,0 days 00:00:00.320483,147.05799842550502,81.31682718473677,1.0,-65.81410214685826,34.33983814474968,90.40912380115844,10.881581372992455,-31.35728878597264,-10.0,147.61059442175412,66.27181069591953,150.0,-85.0,101.26081926135681,149.99999999999997,1.0,-9.229346176923713,26.66961589726884,Unfeasible shape,GPSampler,PRUNED
206,206,,2026-05-18 19:48:48.554229,2026-05-18 19:48:49.527917,0 days 00:00:00.973688,147.0391369019921,81.32498497222936,1.0,-65.80173327549105,34.353168026264576,90.45243600754713,10.868452303696323,-31.34821336057739,-10.0,147.59150164092563,66.29664834117091,150.0,-85.0,101.27824629796149,149.99999999999997,1.0,-9.220543670528798,26.683984055750372,Unfeasible shape,GPSampler,PRUNED
207,207,,2026-05-18 19:48:49.686368,2026-05-18 19:48:50.412808,0 days 00:00:00.726440,147.05842472761984,81.30724081654927,1.0,-65.81503688788506,34.33119071984188,90.46993845720472,10.871215916630259,-31.35091602498186,-10.0,147.61165914577884,66.30447583342897,150.0,-85.0,101.2572567688898,149.99999999999997,1.0,-9.223371562467548,26.684762543403025,Unfeasible shape,GPSampler,PRUNED
208,208,,2026-05-18 19:48:50.559717,2026-05-18 19:48:51.034647,0 days 00:00:00.474930,147.08233673747094,81.30101923858182,1.0,-65.81854021864812,34.35652156193005,90.4511226731351,10.989272447733523,-31.36711672279621,-10.0,147.59376434882859,66.31193015533682,150.0,-85.0,101.27462890463214,149.99999999999997,1.0,-9.219215076237958,26.668853485116998,Unfeasible shape,GPSampler,PRUNED
209,209,,2026-05-18 19:48:51.182097,2026-05-18 19:48:51.536440,0 days 00:00:00.354343,147.08470383074354,81.33666392226193,1.0,-65.81936184529908,34.298718881025,90.42106158043654,10.907316868985,-31.353449398506836,-10.0,147.64453276631096,66.29699774390367,150.0,-85.0,101.28084608968987,149.99999999999997,1.0,-9.220771551702931,26.64793395474579,Unfeasible shape,GPSampler,PRUNED
210,210,,2026-05-18 19:48:51.695728,2026-05-18 19:48:52.461344,0 days 00:00:00.765616,147.04056710825523,81.31292234446245,1.0,-65.78772272526443,34.39276438117493,90.48441453284299,10.907384889480069,-31.34187399888793,-10.0,147.57909401796303,66.27748795994755,150.0,-85.0,101.22611990276435,149.99999999999997,1.0,-9.21299283680704,26.64795357286487,Unfeasible shape,GPSampler,PRUNED
211,211,,2026-05-18 19:48:52.615946,2026-05-18 19:48:53.248214,0 days 00:00:00.632268,147.05440137431665,81.2867243381938,1.0,-65.8128680589598,34.33060417285997,90.44001821463307,10.848634015650815,-31.34166421245471,-10.0,147.64096876463367,66.28463067123032,150.0,-85.0,101.29999843113008,149.99999999999997,1.0,-9.254040739110962,26.66345099645811,Unfeasible shape,GPSampler,PRUNED
212,212,,2026-05-18 19:48:53.389387,2026-05-18 19:48:54.153339,0 days 00:00:00.763952,147.04124981769976,81.32175443250289,1.0,-65.80219570178423,34.32310489241833,90.4045118011593,10.913391999477028,-31.350964972310624,-10.0,147.61745845355858,66.26244135593274,150.0,-85.0,101.28709243556364,149.99999999999997,1.0,-9.230635279225297,26.66192797086704,Unfeasible shape,GPSampler,PRUNED
213,213,,2026-05-18 19:48:54.301005,2026-05-18 19:48:55.335828,0 days 00:00:01.034823,147.0607789626507,81.34715495912923,1.0,-65.81713679980548,34.32311932096598,90.41728695840345,10.883330840916761,-31.356714027666225,-10.0,147.61153856751474,66.28654960568424,150.0,-85.0,101.2690017661401,149.99999999999997,1.0,-9.21293163640621,26.674027807916445,Unfeasible shape,GPSampler,PRUNED
214,214,,2026-05-18 19:48:55.505147,2026-05-18 19:48:56.519567,0 days 00:00:01.014420,147.22489464947995,81.40410172200299,1.0,-65.81879798839036,34.34827828094673,90.53022870011259,10.872715169349775,-31.364242226210045,-10.0,147.66052909359385,66.3293759355612,150.0,-85.0,101.26485652703109,149.99999999999997,1.0,-9.212465352842813,26.65532576316331,Unfeasible shape,GPSampler,PRUNED
215,215,,2026-05-18 19:48:56.661651,2026-05-18 19:48:57.282231,0 days 00:00:00.620580,147.10323437987574,81.31082265768704,1.0,-65.81037577114395,34.29074116376515,90.43467651010745,10.87045024248303,-31.37109877908423,-10.0,147.59547114941236,66.30143704684976,150.0,-85.0,101.29866264362514,149.99999999999997,1.0,-9.21117134864513,26.65806912202332,Unfeasible shape,GPSampler,PRUNED
216,216,,2026-05-18 19:48:57.424998,2026-05-18 19:48:58.224240,0 days 00:00:00.799242,147.05134444712212,81.29665496971549,1.0,-65.81886741081874,34.34057598141823,90.39919990638127,10.93724260766555,-31.339705884357105,-10.0,147.61050402223344,66.29292449124385,150.0,-85.0,101.26014418925577,149.99999999999997,1.0,-9.212586700746257,26.645755012854636,Unfeasible shape,GPSampler,PRUNED
217,217,,2026-05-18 19:48:58.371938,2026-05-18 19:48:58.985093,0 days 00:00:00.613155,147.0624887459821,81.24926574331312,1.0,-65.81797128115161,34.33541282728814,90.46704467414767,10.849408914571764,-31.350039947909508,-10.0,147.56527304992332,66.28795509510775,150.0,-85.0,101.21483069464233,149.99999999999997,1.0,-9.196429849985435,26.629952860074212,Unfeasible shape,GPSampler,PRUNED
218,218,,2026-05-18 19:48:59.128583,2026-05-18 19:48:59.903551,0 days 00:00:00.774968,147.06789962732404,81.29998453241761,1.0,-65.80672479302642,34.28275384261998,90.39603107852588,10.836131952889206,-31.386790740558684,-10.0,147.61469695702002,66.25597028529656,150.0,-85.0,101.28560438715866,149.99999999999997,1.0,-9.20792773727679,26.67189931167688,Unfeasible shape,GPSampler,PRUNED
219,219,,2026-05-18 19:49:00.047928,2026-05-18 19:49:00.654928,0 days 00:00:00.607000,147.07099245478443,81.32714049766665,1.0,-65.81305704422184,34.33512666451676,90.42163440903182,10.862388135846187,-31.35828052538691,-10.0,147.61057711088105,66.27351871124496,150.0,-85.0,101.28668052781661,149.99999999999997,1.0,-9.225953358221766,26.659783879215908,Unfeasible shape,GPSampler,PRUNED
220,220,,2026-05-18 19:49:00.796579,2026-05-18 19:49:01.173255,0 days 00:00:00.376676,147.05882002800163,81.33592361652278,1.0,-65.81171002556535,34.353677581759904,90.41616788164603,10.868174311872027,-31.3498942549418,-10.0,147.60145473621466,66.2592434239423,150.0,-85.0,101.2670884351635,149.99999999999997,1.0,-9.237400184147994,26.662264392655082,Unfeasible shape,GPSampler,PRUNED
221,221,,2026-05-18 19:49:01.317153,2026-05-18 19:49:02.202659,0 days 00:00:00.885506,147.06707513802394,81.33860951861274,1.0,-65.80997090293828,34.326182491365806,90.44091656422916,10.85833007681391,-31.3785613865673,-10.0,147.57591814810687,66.29303385232673,150.0,-85.0,101.30155548103245,149.99999999999997,1.0,-9.215137062371262,26.661955730669604,Unfeasible shape,GPSampler,PRUNED
222,222,,2026-05-18 19:49:02.356922,2026-05-18 19:49:02.944225,0 days 00:00:00.587303,147.03364550674246,81.32488151130951,1.0,-65.81457074141179,34.35729445618602,90.4075179628443,10.874108801882208,-31.347047486392807,-10.0,147.57776208293024,66.26205026797298,150.0,-85.0,101.23748640055021,149.99999999999997,1.0,-9.241340274537968,26.675216582868522,Unfeasible shape,GPSampler,PRUNED
223,223,,2026-05-18 19:49:03.092700,2026-05-18 19:49:03.861085,0 days 00:00:00.768385,147.04412657181192,81.32107571224319,1.0,-65.83148212862949,34.31399592163885,90.41554317673449,10.90841756530715,-31.333926244317876,-10.0,147.61381565975825,66.24967451943138,150.0,-85.0,101.2994913106575,149.99999999999997,1.0,-9.21790011607495,26.656986498804436,Unfeasible shape,GPSampler,PRUNED
224,224,,2026-05-18 19:49:04.044539,2026-05-18 19:49:04.704867,0 days 00:00:00.660328,147.05160487147052,81.33159303532116,1.0,-65.81514464078839,34.33106604832924,90.43244689402796,10.843215936943883,-31.357301597046636,-10.0,147.61610255985076,66.26566849348143,150.0,-85.0,101.26056983700414,149.99999999999997,1.0,-9.216383904777516,26.665245882042825,Unfeasible shape,GPSampler,PRUNED
225,225,,2026-05-18 19:49:04.850721,2026-05-18 19:49:05.802543,0 days 00:00:00.951822,147.05974934991548,81.31341032395082,1.0,-65.81553779715142,34.3398982985853,90.4205034842948,10.891159837703713,-31.351461408476837,-10.0,147.62545933427538,66.27692592977861,150.0,-85.0,101.24419381564418,149.99999999999997,1.0,-9.232696730077322,26.669420802884474,Unfeasible shape,GPSampler,PRUNED
226,226,,2026-05-18 19:49:05.953695,2026-05-18 19:49:06.611065,0 days 00:00:00.657370,147.08015643818877,81.29966345799987,1.0,-65.81157967451148,34.33475165823328,90.41558109225683,10.926836106626999,-31.36512419379685,-10.0,147.62562247064764,66.26368346505707,150.0,-85.0,101.29173043479497,149.99999999999997,1.0,-9.229707823881192,26.66964051264022,Unfeasible shape,GPSampler,PRUNED
227,227,,2026-05-18 19:49:06.766075,2026-05-18 19:49:07.084409,0 days 00:00:00.318334,147.1231815725758,81.3284335824588,1.0,-65.81604632433798,34.34994021792141,90.40955910007878,10.83331351893019,-31.36194338319867,-10.0,147.59126214494947,66.28027246852642,150.0,-85.0,101.23081242631399,149.99999999999997,1.0,-9.22879680731306,26.674903220780124,Unfeasible shape,GPSampler,PRUNED
228,228,,2026-05-18 19:49:07.245336,2026-05-18 19:49:07.542371,0 days 00:00:00.297035,147.03978556452086,81.33197534613734,1.0,-65.81259704356884,34.32019246945016,90.43420426008265,10.881439607665563,-31.370180840017436,-10.0,147.62603214119784,66.26665970119456,150.0,-85.0,101.27138227135062,149.99999999999997,1.0,-9.222777476165447,26.664705278390464,Unfeasible shape,GPSampler,PRUNED
229,229,,2026-05-18 19:49:07.693118,2026-05-18 19:49:08.279666,0 days 00:00:00.586548,147.06072177444457,81.32864296098602,1.0,-65.8134123453768,34.3431290181969,90.41738899527411,10.88579405117543,-31.352014436470895,-10.0,147.60100654147644,66.27030862696994,150.0,-85.0,101.26569689068648,149.99999999999997,1.0,-9.228438321993828,26.664645733469705,Unfeasible shape,GPSampler,PRUNED
230,230,,2026-05-18 19:49:08.419102,2026-05-18 19:49:09.506944,0 days 00:00:01.087842,147.04053222066943,81.3168081448307,1.0,-65.81134901001903,34.382911313483135,90.36870285108999,10.955315497962179,-31.357777542673325,-10.0,147.61494213496334,66.27555458870042,150.0,-85.0,101.25933863611725,149.99999999999997,1.0,-9.224033721622021,26.671590825331847,Unfeasible shape,GPSampler,PRUNED
231,231,,2026-05-18 19:49:09.653976,2026-05-18 19:49:10.547119,0 days 00:00:00.893143,147.07196407437365,81.31270891597106,1.0,-65.82088539505524,34.325219205469544,90.39566483290334,10.864374633313371,-31.349493912162036,-10.0,147.61694519869909,66.28083295488456,150.0,-85.0,101.26585749488461,149.99999999999997,1.0,-9.235382049954097,26.666116430048646,Unfeasible shape,GPSampler,PRUNED
232,232,,2026-05-18 19:49:10.690141,2026-05-18 19:49:11.389303,0 days 00:00:00.699162,147.01614324025985,81.33110037999174,1.0,-65.8065340851226,34.31958055591807,90.40190857511705,10.891456208360927,-31.361186103493147,-10.0,147.60687829429347,66.28073022374662,150.0,-85.0,101.23723479634116,149.99999999999997,1.0,-9.20357871027111,26.664586876144448,Unfeasible shape,GPSampler,PRUNED
233,233,,2026-05-18 19:49:11.532484,2026-05-18 19:49:12.081567,0 days 00:00:00.549083,147.04475044771877,81.34031383176264,1.0,-65.80721131634738,34.326020844442574,90.44179758074887,10.917321576546982,-31.366280731320824,-10.0,147.61070180792646,66.28160865521214,150.0,-85.0,101.25460189230962,149.99999999999997,1.0,-9.201399460017292,26.66218672939079,Unfeasible shape,GPSampler,PRUNED
234,234,,2026-05-18 19:49:12.232765,2026-05-18 19:49:13.050021,0 days 00:00:00.817256,147.06417516217564,81.32988924260495,1.0,-65.81699967166269,34.331097539800105,90.42980312895928,10.87769052621149,-31.355324341162554,-10.0,147.6022147390269,66.28696847729776,150.0,-85.0,101.2588292486347,149.99999999999997,1.0,-9.2258357975101,26.662796709440222,Unfeasible shape,GPSampler,PRUNED
235,235,,2026-05-18 19:49:13.202457,2026-05-18 19:49:14.320537,0 days 00:00:01.118080,147.05571011954126,81.34156021713287,1.0,-65.79733391415147,34.38558070687608,90.4424821967927,10.890060697731391,-31.366301389519926,-10.0,147.6150905366761,66.30916032393081,150.0,-85.0,101.28284842242913,149.99999999999997,1.0,-9.224160057724248,26.662312861008978,Unfeasible shape,GPSampler,PRUNED
236,236,,2026-05-18 19:49:14.464131,2026-05-18 19:49:14.830869,0 days 00:00:00.366738,147.05869921163955,81.34016341333246,1.0,-65.8089175147297,34.355267417440984,90.41136437592557,10.854791279131687,-31.344520027709628,-10.0,147.60764609999674,66.27594902305692,150.0,-85.0,101.26105279183835,149.99999999999997,1.0,-9.230500252088795,26.669678990485103,Unfeasible shape,GPSampler,PRUNED
237,237,,2026-05-18 19:49:14.974789,2026-05-18 19:49:15.600306,0 days 00:00:00.625517,147.06246248649776,81.2757919268177,1.0,-65.81468716523372,34.332510516837296,90.45964576978818,10.925791435303957,-31.334238006619646,-10.0,147.57034299645738,66.32819037432863,150.0,-85.0,101.25080303502371,149.99999999999997,1.0,-9.259071081593248,26.65329671872386,Unfeasible shape,GPSampler,PRUNED
238,238,,2026-05-18 19:49:15.754450,2026-05-18 19:49:16.509844,0 days 00:00:00.755394,147.06522789156062,81.3247401663368,1.0,-65.81405338067731,34.32385980916481,90.42076821597104,10.885863871842485,-31.355100226873066,-10.0,147.61794650313408,66.27240779051964,150.0,-85.0,101.26049978073979,149.99999999999997,1.0,-9.232236931196582,26.66818889501966,Unfeasible shape,GPSampler,PRUNED
239,239,,2026-05-18 19:49:16.657139,2026-05-18 19:49:17.408345,0 days 00:00:00.751206,147.0642349343114,81.3347568042858,1.0,-65.8221773960729,34.304788707795915,90.39184508088987,10.862409995683176,-31.37933913390257,-10.0,147.5817988205563,66.2937925188382,150.0,-85.0,101.29131688071632,149.99999999999997,1.0,-9.211394583230167,26.665612947863117,Unfeasible shape,GPSampler,PRUNED
240,240,,2026-05-18 19:49:17.556573,2026-05-18 19:49:18.330069,0 days 00:00:00.773496,147.02278050857606,81.33735714180199,1.0,-65.79939220338531,34.384899420278025,90.40724069581167,10.907964638077361,-31.340709884759363,-10.0,147.60421630541697,66.26302218978428,150.0,-85.0,101.24818970893465,149.99999999999997,1.0,-9.23087369866792,26.678939310846133,Unfeasible shape,GPSampler,PRUNED
241,241,,2026-05-18 19:49:18.469094,2026-05-18 19:49:19.513029,0 days 00:00:01.043935,147.0279474449028,81.33753897902373,1.0,-65.81266190884493,34.39625663963533,90.42114423986719,10.781473562868351,-31.35552263316483,-10.0,147.58274026071751,66.29493041708712,150.0,-85.0,101.26893432561673,149.99999999999997,1.0,-9.232343895293091,26.671512862857213,Unfeasible shape,GPSampler,PRUNED
242,242,,2026-05-18 19:49:19.666571,2026-05-18 19:49:20.194170,0 days 00:00:00.527599,147.07188206148692,81.32873597460501,1.0,-65.80813542676674,34.330301786629946,90.4214280288136,10.865944117833076,-31.351921147307305,-10.0,147.60050869801472,66.2906302351263,150.0,-85.0,101.27987394804401,149.99999999999997,1.0,-9.224227490244054,26.66027762138669,Unfeasible shape,GPSampler,PRUNED
243,243,,2026-05-18 19:49:20.342260,2026-05-18 19:49:21.093755,0 days 00:00:00.751495,147.0688280001237,81.38347008506354,1.0,-65.80249717387643,34.36218289332422,90.39928192100612,10.862856969145886,-31.359292235872598,-10.0,147.6224968945922,66.24132049027821,150.0,-85.0,101.26792264123806,149.99999999999997,1.0,-9.23036576505774,26.681254040724404,Unfeasible shape,GPSampler,PRUNED
244,244,,2026-05-18 19:49:21.239340,2026-05-18 19:49:21.887853,0 days 00:00:00.648513,147.05418247709406,81.30055166069721,1.0,-65.82609717392553,34.306915605077926,90.43266031577674,10.814452958703223,-31.368274725348655,-10.0,147.630984814643,66.23843503830368,150.0,-85.0,101.20686779263443,149.99999999999997,1.0,-9.215052561310003,26.682588250441384,Unfeasible shape,GPSampler,PRUNED
245,245,,2026-05-18 19:49:22.032795,2026-05-18 19:49:22.817218,0 days 00:00:00.784423,147.1027264281068,81.35314522469156,1.0,-65.83612515123494,34.40270004155409,90.3773265065394,10.819121308038774,-31.365572621362787,-10.0,147.63802836803015,66.20254520892718,150.0,-85.0,101.2535979935904,149.99999999999997,1.0,-9.224365623540834,26.653079220802226,Unfeasible shape,GPSampler,PRUNED
246,246,,2026-05-18 19:49:22.960467,2026-05-18 19:49:23.419137,0 days 00:00:00.458670,147.1087617475136,81.36243221064287,1.0,-65.8124064252874,34.30087961698796,90.40356148921381,10.869857524651147,-31.350552537229326,-10.0,147.59300502443705,66.2615218281719,150.0,-85.0,101.30676247721894,149.99999999999997,1.0,-9.230882324818296,26.660181656016057,Unfeasible shape,GPSampler,PRUNED
247,247,,2026-05-18 19:49:23.573143,2026-05-18 19:49:24.014938,0 days 00:00:00.441795,147.0430859228469,81.33476193737917,1.0,-65.82339728080457,34.33546157698185,90.40015009299432,10.925309398100403,-31.349646174874323,-10.0,147.62631738685585,66.27663346868181,150.0,-85.0,101.23499748419407,149.99999999999997,1.0,-9.24380620153979,26.675050774617844,Unfeasible shape,GPSampler,PRUNED
248,248,,2026-05-18 19:49:24.168996,2026-05-18 19:49:24.869754,0 days 00:00:00.700758,147.0472779038287,81.3104508702132,1.0,-65.81644237618646,34.3319175197085,90.39597367450577,10.876218398756684,-31.34975022713673,-10.0,147.62170989311318,66.26494183140402,150.0,-85.0,101.24634779052819,149.99999999999997,1.0,-9.239897797989144,26.67167713743069,Unfeasible shape,GPSampler,PRUNED
249,249,,2026-05-18 19:49:25.022769,2026-05-18 19:49:25.659909,0 days 00:00:00.637140,147.04726878120988,81.3259963071298,1.0,-65.82838676289799,34.33536802497343,90.42293472793972,10.896957231390745,-31.364030165903404,-10.0,147.60533547165315,66.26573146018788,150.0,-85.0,101.24965741854065,149.99999999999997,1.0,-9.213065389296624,26.661159761568463,Unfeasible shape,GPSampler,PRUNED
250,250,,2026-05-18 19:49:25.806379,2026-05-18 19:49:26.429571,0 days 00:00:00.623192,147.06854169721885,81.32336354096144,1.0,-65.8178000527619,34.3227691692751,90.41714090933678,10.885922553912607,-31.35986024004944,-10.0,147.61658027542936,66.28474539356267,150.0,-85.0,101.23980204777634,149.99999999999997,1.0,-9.225887116595551,26.664476131194547,Unfeasible shape,GPSampler,PRUNED
