,number,value,datetime_start,datetime_complete,duration,params_highPt.lL1,params_highPt.lL2,params_highPt.lL3,params_highPt.rA2,params_highPt.rL1,params_highPt.rL2,params_highPt.rL3,params_highPt.x2,params_highPt.y2,params_lowPt.lL1,params_lowPt.lL2,params_lowPt.lL3,params_lowPt.rA2,params_lowPt.rL1,params_lowPt.rL2,params_lowPt.rL3,params_lowPt.x2,params_lowPt.y2,user_attrs_prune,system_attrs_auto:sampler,state
526,526,,2026-05-18 19:52:49.907748,2026-05-18 19:52:50.906133,0 days 00:00:00.998385,147.06677978708487,81.31892282538769,1.0,-65.80387270297231,34.32021819955511,90.39051047121184,10.863470513551285,-31.352747012562112,-10.0,147.62137226576638,66.28399502660058,150.0,-85.0,101.28718295645052,149.99999999999997,1.0,-9.233897016227878,26.64853011130669,Unfeasible shape,GPSampler,PRUNED
527,527,,2026-05-18 19:52:51.058287,2026-05-18 19:52:51.751748,0 days 00:00:00.693461,147.0913627757444,81.33099007312047,1.0,-65.80966042258108,34.29374601249606,90.4093795775626,10.846619476105046,-31.36031052811529,-10.0,147.59734376695573,66.27144631221182,150.0,-85.0,101.27310794478647,149.99999999999997,1.0,-9.23316678053623,26.662982976279082,Unfeasible shape,GPSampler,PRUNED
528,528,,2026-05-18 19:52:51.908901,2026-05-18 19:52:52.775730,0 days 00:00:00.866829,147.06307700697812,81.28332627430565,1.0,-65.8424502221834,34.339762698631084,90.38728003615938,10.875684944670342,-31.34954358383068,-10.0,147.60816176188123,66.28810923631654,150.0,-85.0,101.26585099893379,149.99999999999997,1.0,-9.220614396365555,26.670616513771947,Unfeasible shape,GPSampler,PRUNED
529,529,,2026-05-18 19:52:52.924835,2026-05-18 19:52:53.880298,0 days 00:00:00.955463,147.0492063825484,81.30324042285193,1.0,-65.82519373048484,34.30370112789811,90.40333907033771,10.916328118923754,-31.344492375363,-10.0,147.626527103821,66.25876108642645,150.0,-85.0,101.2780908562661,149.99999999999997,1.0,-9.240501175981628,26.649598171840367,Unfeasible shape,GPSampler,PRUNED
530,530,,2026-05-18 19:52:54.032625,2026-05-18 19:52:54.775468,0 days 00:00:00.742843,147.06709187203973,81.32070505411967,1.0,-65.80843246664706,34.3245420814649,90.42530865321726,10.8849989047538,-31.34993125268198,-10.0,147.61062425823334,66.27871401067827,150.0,-85.0,101.26041763404083,149.99999999999997,1.0,-9.229222805710222,26.66639329101072,Unfeasible shape,GPSampler,PRUNED
531,531,,2026-05-18 19:52:54.923511,2026-05-18 19:52:55.616726,0 days 00:00:00.693215,147.04230692598713,81.34458052299979,1.0,-65.81362409816676,34.33872192114462,90.41338746420911,10.892286136126808,-31.34712597692313,-10.0,147.61823900617102,66.27854756487471,150.0,-85.0,101.2557474793348,149.99999999999997,1.0,-9.23252147222096,26.66796309746492,Unfeasible shape,GPSampler,PRUNED
532,532,,2026-05-18 19:52:55.768733,2026-05-18 19:52:56.680102,0 days 00:00:00.911369,147.09222582160783,81.33076211967257,1.0,-65.81777981636888,34.32190163117201,90.41809171018558,10.882480399454227,-31.36017730074942,-10.0,147.62649705012163,66.29488917525802,150.0,-85.0,101.25189416745906,149.99999999999997,1.0,-9.23370673404088,26.657014531298756,Unfeasible shape,GPSampler,PRUNED
533,533,,2026-05-18 19:52:56.832729,2026-05-18 19:52:57.610047,0 days 00:00:00.777318,147.0452443742675,81.3094785614991,1.0,-65.79769619677948,34.35569086710751,90.45459039106767,10.882425601650459,-31.339594463985577,-10.0,147.60062984393267,66.30420660478816,150.0,-85.0,101.30541387205909,149.99999999999997,1.0,-9.217170938378544,26.644282042628248,Unfeasible shape,GPSampler,PRUNED
534,534,,2026-05-18 19:52:57.766663,2026-05-18 19:52:58.701145,0 days 00:00:00.934482,147.0516549436817,81.31928736745857,1.0,-65.81777241849917,34.33775199516438,90.42347149328538,10.877280984919773,-31.362082311917533,-10.0,147.6100653180642,66.26653370770956,150.0,-85.0,101.25120523871047,149.99999999999997,1.0,-9.222298711194917,26.66041905986515,Unfeasible shape,GPSampler,PRUNED
535,535,,2026-05-18 19:52:58.847674,2026-05-18 19:52:59.499771,0 days 00:00:00.652097,147.06586092165668,81.32983004597207,1.0,-65.81637700510694,34.32055707574796,90.41925123721347,10.881034241202482,-31.353147403919515,-10.0,147.61743281918376,66.27121189161046,150.0,-85.0,101.26939873845109,149.99999999999997,1.0,-9.231588330148263,26.665690361459696,Unfeasible shape,GPSampler,PRUNED
536,536,,2026-05-18 19:52:59.655624,2026-05-18 19:53:00.273635,0 days 00:00:00.618011,147.0614116576576,81.30403176487062,1.0,-65.81529492075192,34.319593528680734,90.4143708941869,10.876560402796613,-31.35956548068073,-10.0,147.60714190065084,66.27560051061353,150.0,-85.0,101.25357408126442,149.99999999999997,1.0,-9.22658632755796,26.668074810871403,Unfeasible shape,GPSampler,PRUNED
537,537,,2026-05-18 19:53:00.426539,2026-05-18 19:53:01.282019,0 days 00:00:00.855480,147.0464609600397,81.29825325205988,1.0,-65.83497286284666,34.31431252644997,90.39251536624452,10.902804834905002,-31.349149694133306,-10.0,147.61255706926613,66.28094537558576,150.0,-85.0,101.2435154821252,149.99999999999997,1.0,-9.226225111290262,26.65005456229818,Unfeasible shape,GPSampler,PRUNED
538,538,,2026-05-18 19:53:01.431790,2026-05-18 19:53:02.012388,0 days 00:00:00.580598,147.06179094063444,81.33854038329996,1.0,-65.8088356435019,34.32571423379602,90.42904271868686,10.886937049591154,-31.351950139562692,-10.0,147.61723640571995,66.2757364561107,150.0,-85.0,101.267849304021,149.99999999999997,1.0,-9.230607255069465,26.668169784663867,Unfeasible shape,GPSampler,PRUNED
539,539,,2026-05-18 19:53:02.169176,2026-05-18 19:53:02.504852,0 days 00:00:00.335676,147.09574394559684,81.30766592346255,1.0,-65.81409763562576,34.305499932002604,90.44348049010893,10.898445804282332,-31.367580950723152,-10.0,147.61693056673244,66.27984919037168,150.0,-85.0,101.29302059437651,149.99999999999997,1.0,-9.21718263549765,26.65103662446228,Unfeasible shape,GPSampler,PRUNED
540,540,,2026-05-18 19:53:02.655000,2026-05-18 19:53:02.989872,0 days 00:00:00.334872,147.0730047869218,81.33766296371402,1.0,-65.81051593962144,34.34945478444474,90.43580164986696,10.862660596926832,-31.360450675749053,-10.0,147.6235273768152,66.28897396732658,150.0,-85.0,101.26887451587652,149.99999999999997,1.0,-9.217360788517887,26.670568738316625,Unfeasible shape,GPSampler,PRUNED
541,541,,2026-05-18 19:53:03.151148,2026-05-18 19:53:04.105249,0 days 00:00:00.954101,147.0287806930193,81.31569400380862,1.0,-65.81637425235958,34.30608292027689,90.40387795766513,10.871565324126745,-31.358305810021108,-10.0,147.58165168570972,66.26057449272852,150.0,-85.0,101.25287276389415,149.99999999999997,1.0,-9.222381989140473,26.670633289093374,Unfeasible shape,GPSampler,PRUNED
542,542,,2026-05-18 19:53:04.263266,2026-05-18 19:53:04.900470,0 days 00:00:00.637204,147.03171523031406,81.35321926913787,1.0,-65.82947949667906,34.353474813624956,90.4204682876159,10.926849065115226,-31.367447428502306,-10.0,147.6128578945597,66.26257818295349,150.0,-85.0,101.24087193570428,149.99999999999997,1.0,-9.245972256335016,26.66119546252635,Unfeasible shape,GPSampler,PRUNED
543,543,,2026-05-18 19:53:05.052706,2026-05-18 19:53:05.681714,0 days 00:00:00.629008,147.07642210609987,81.2932843053519,1.0,-65.82110476301884,34.30455624358656,90.40257162508233,10.90884271551174,-31.37412231232027,-10.0,147.61079780019736,66.30357878456961,150.0,-85.0,101.27675852379642,149.99999999999997,1.0,-9.226078615678347,26.663486702792866,Unfeasible shape,GPSampler,PRUNED
544,544,,2026-05-18 19:53:05.835509,2026-05-18 19:53:06.757994,0 days 00:00:00.922485,147.07712967932562,81.32135775795675,1.0,-65.813842182596,34.330891507998764,90.4230121089814,10.894109217522894,-31.35567264051921,-10.0,147.61350740625275,66.28492562230674,150.0,-85.0,101.27559580478395,149.99999999999997,1.0,-9.229180283877831,26.66065604215595,Unfeasible shape,GPSampler,PRUNED
545,545,,2026-05-18 19:53:06.910055,2026-05-18 19:53:07.471529,0 days 00:00:00.561474,147.05235788135232,81.30660536437334,1.0,-65.80565038907105,34.356419633318716,90.40026822159082,10.916953211692647,-31.34361537187976,-10.0,147.62711666709103,66.3185121064631,150.0,-85.0,101.26412422204079,149.99999999999997,1.0,-9.24261930597823,26.654664869210933,Unfeasible shape,GPSampler,PRUNED
546,546,,2026-05-18 19:53:07.616044,2026-05-18 19:53:08.358654,0 days 00:00:00.742610,147.08770385293118,81.40064444938106,1.0,-65.81995144877908,34.35597658211063,90.39684475524696,10.850292084727714,-31.351661559939416,-10.0,147.63240531010857,66.26149382005325,150.0,-85.0,101.23400848629653,149.99999999999997,1.0,-9.249292527182732,26.673745784474427,Unfeasible shape,GPSampler,PRUNED
547,547,,2026-05-18 19:53:08.505827,2026-05-18 19:53:09.172630,0 days 00:00:00.666803,147.08432820221552,81.34793780172805,1.0,-65.8197060233311,34.33405538488756,90.43921545036046,10.878119390458235,-31.348477360532474,-10.0,147.61749123662116,66.2861078804199,150.0,-85.0,101.28013438046317,149.99999999999997,1.0,-9.236945458461278,26.662378085301427,Unfeasible shape,GPSampler,PRUNED
548,548,,2026-05-18 19:53:09.338219,2026-05-18 19:53:10.176099,0 days 00:00:00.837880,147.05879660648816,81.33209667706512,1.0,-65.82241576005973,34.34280613832143,90.40461580274201,10.873739697604142,-31.358808748979012,-10.0,147.61046045841013,66.27867946845926,150.0,-85.0,101.25002808123807,149.99999999999997,1.0,-9.226355364922114,26.676740388204244,Unfeasible shape,GPSampler,PRUNED
549,549,,2026-05-18 19:53:10.329475,2026-05-18 19:53:11.016009,0 days 00:00:00.686534,147.0802583123336,81.3160982564907,1.0,-65.81662385884658,34.3167600175534,90.44313419001591,10.878308661556702,-31.360408388579998,-10.0,147.61350391626266,66.29409167057182,150.0,-85.0,101.28324266869534,149.99999999999997,1.0,-9.217999690068858,26.66232626521318,Unfeasible shape,GPSampler,PRUNED
550,550,,2026-05-18 19:53:11.184928,2026-05-18 19:53:11.767098,0 days 00:00:00.582170,147.08826171584965,81.26446597130996,1.0,-65.84336648440838,34.27372849650948,90.47177868545488,10.882202295197404,-31.35180757620812,-10.0,147.58956640470234,66.26959929662367,150.0,-85.0,101.25999025400519,149.99999999999997,1.0,-9.258173692893664,26.642409018305898,Unfeasible shape,GPSampler,PRUNED
551,551,,2026-05-18 19:53:11.925203,2026-05-18 19:53:12.689692,0 days 00:00:00.764489,147.08168747023404,81.33511846148464,1.0,-65.81628879123134,34.35732120340999,90.4590775888748,10.913400095437924,-31.356651450952466,-10.0,147.60506338996936,66.27303476058256,150.0,-85.0,101.27100129608824,149.99999999999997,1.0,-9.233960324034804,26.65427687108331,Unfeasible shape,GPSampler,PRUNED
552,552,,2026-05-18 19:53:12.843450,2026-05-18 19:53:13.560119,0 days 00:00:00.716669,147.08183867018502,81.34822014942363,1.0,-65.8192772081674,34.36640784335872,90.41038089486015,10.904102854292816,-31.36501666662455,-10.0,147.589554943494,66.30309356971647,150.0,-85.0,101.25131782666735,149.99999999999997,1.0,-9.22982172131767,26.650387160458124,Unfeasible shape,GPSampler,PRUNED
553,553,,2026-05-18 19:53:13.716552,2026-05-18 19:53:14.367396,0 days 00:00:00.650844,147.04642149651997,81.32718444871858,1.0,-65.8146795460779,34.313156388384314,90.46872829218964,10.80698190832122,-31.366429594907554,-10.0,147.58700221469974,66.2820419969821,150.0,-85.0,101.22517121692097,149.99999999999997,1.0,-9.225032165266924,26.674228241399128,Unfeasible shape,GPSampler,PRUNED
554,554,,2026-05-18 19:53:14.523076,2026-05-18 19:53:15.239590,0 days 00:00:00.716514,147.05705251670187,81.32257685370111,1.0,-65.81007933193567,34.3285950294576,90.42923000342657,10.856772280476292,-31.358209650155327,-10.0,147.6180193233577,66.28858141722134,150.0,-85.0,101.26506770188273,149.99999999999997,1.0,-9.228883769727098,26.65896890962403,Unfeasible shape,GPSampler,PRUNED
555,555,,2026-05-18 19:53:15.400119,2026-05-18 19:53:16.071531,0 days 00:00:00.671412,147.08505144079334,81.31952421668264,1.0,-65.81383106049539,34.31959321955107,90.4092841266388,10.885482230374745,-31.35332901511778,-10.0,147.61558972839205,66.26616605867521,150.0,-85.0,101.26972854578227,149.99999999999997,1.0,-9.231564064168737,26.66753518998356,Unfeasible shape,GPSampler,PRUNED
556,556,,2026-05-18 19:53:16.221055,2026-05-18 19:53:16.929691,0 days 00:00:00.708636,147.0671787496698,81.31780923949749,1.0,-65.81293809697465,34.32989439425239,90.43586384888732,10.902748077064961,-31.35737410751704,-10.0,147.61329711537874,66.2705471137573,150.0,-85.0,101.25260713957802,149.99999999999997,1.0,-9.22064201805562,26.664935797022892,Unfeasible shape,GPSampler,PRUNED
557,557,,2026-05-18 19:53:17.077619,2026-05-18 19:53:17.543370,0 days 00:00:00.465751,147.00992896685614,81.3557342412552,1.0,-65.81357990020305,34.35385041965113,90.40946283114629,10.842391438022467,-31.350154813394568,-10.0,147.65517231340255,66.26970306645877,150.0,-85.0,101.28278146169835,149.99999999999997,1.0,-9.220062807548778,26.653742846607628,Unfeasible shape,GPSampler,PRUNED
558,558,,2026-05-18 19:53:17.701622,2026-05-18 19:53:18.248570,0 days 00:00:00.546948,147.05999171265606,81.3261618294057,1.0,-65.81812277975487,34.32361748717078,90.41994234399957,10.872459937041032,-31.356076949517416,-10.0,147.6262224816852,66.28028175914388,150.0,-85.0,101.28266403343741,149.99999999999997,1.0,-9.220314404857483,26.654599895496737,Unfeasible shape,GPSampler,PRUNED
559,559,,2026-05-18 19:53:18.399178,2026-05-18 19:53:18.731331,0 days 00:00:00.332153,147.04422231727568,81.37992489838967,1.0,-65.80523406075902,34.318867863927,90.4694962996751,10.892885402857075,-31.366716731933877,-10.0,147.62375669617103,66.32592421886788,150.0,-85.0,101.27377315656415,149.99999999999997,1.0,-9.226952887559818,26.65322996631039,Unfeasible shape,GPSampler,PRUNED
560,560,,2026-05-18 19:53:18.885341,2026-05-18 19:53:19.691446,0 days 00:00:00.806105,147.06745217058807,81.30354347273403,1.0,-65.81280124865903,34.34337863794154,90.4098439484777,10.861077798202187,-31.350459620427202,-10.0,147.61590478545523,66.27849573454807,150.0,-85.0,101.28483536490116,149.99999999999997,1.0,-9.227232101230044,26.660353015435057,Unfeasible shape,GPSampler,PRUNED
561,561,,2026-05-18 19:53:19.842957,2026-05-18 19:53:20.539063,0 days 00:00:00.696106,147.06744387977545,81.30940017160673,1.0,-65.81204258526009,34.34540287397485,90.39506665575618,10.853406044390923,-31.346892348519887,-10.0,147.6234994587911,66.27246811865663,150.0,-85.0,101.25734864773938,149.99999999999997,1.0,-9.230785643561788,26.66617641724808,Unfeasible shape,GPSampler,PRUNED
562,562,,2026-05-18 19:53:20.685076,2026-05-18 19:53:21.408788,0 days 00:00:00.723712,147.0830964384554,81.36652082151156,1.0,-65.7955759288179,34.33208475828034,90.44154037920515,10.903818303241378,-31.3649218579401,-10.0,147.6078273376929,66.23588491170271,150.0,-85.0,101.28532650598756,149.99999999999997,1.0,-9.202683181490556,26.686760107663275,Unfeasible shape,GPSampler,PRUNED
563,563,,2026-05-18 19:53:21.565989,2026-05-18 19:53:22.113756,0 days 00:00:00.547767,147.05171763997245,81.30350752931137,1.0,-65.81430451059799,34.362230441821296,90.4277155919001,10.858982969471114,-31.359133069020114,-10.0,147.60793387513573,66.26657362950546,150.0,-85.0,101.23790271859333,149.99999999999997,1.0,-9.212901851174458,26.657399475001668,Unfeasible shape,GPSampler,PRUNED
564,564,,2026-05-18 19:53:22.260762,2026-05-18 19:53:22.921568,0 days 00:00:00.660806,147.0364315857233,81.30554942597746,1.0,-65.81280452671729,34.33429946072402,90.38328029604916,10.902477477087842,-31.349224359953787,-10.0,147.62467819642578,66.24193640277053,150.0,-85.0,101.27743379786102,149.99999999999997,1.0,-9.24747255067718,26.671957664375682,Unfeasible shape,GPSampler,PRUNED
565,565,,2026-05-18 19:53:23.097871,2026-05-18 19:53:23.900842,0 days 00:00:00.802971,147.09366113378698,81.30235381194203,1.0,-65.82186514066294,34.336495860222094,90.43368975680212,10.874845548826393,-31.35218842765626,-10.0,147.60821967863384,66.2593398251583,150.0,-85.0,101.26458376895964,149.99999999999997,1.0,-9.224238674834616,26.67001447976667,Unfeasible shape,GPSampler,PRUNED
566,566,,2026-05-18 19:53:24.050604,2026-05-18 19:53:24.619449,0 days 00:00:00.568845,147.08560705820742,81.30412125115222,1.0,-65.82484778091268,34.32498938344052,90.41446601969336,10.908181335821544,-31.35918799865728,-10.0,147.61190180405038,66.24683539020546,150.0,-85.0,101.27888369080955,149.99999999999997,1.0,-9.221136578582687,26.66170220784086,Unfeasible shape,GPSampler,PRUNED
567,567,,2026-05-18 19:53:24.782898,2026-05-18 19:53:25.452738,0 days 00:00:00.669840,147.09284159776763,81.34521676255937,1.0,-65.8220288942997,34.37439652752228,90.45569743543554,10.875661366560998,-31.33755121088179,-10.0,147.62397961377195,66.30161731465523,150.0,-85.0,101.29036703509531,149.99999999999997,1.0,-9.234836902865574,26.64122570616447,Unfeasible shape,GPSampler,PRUNED
568,568,,2026-05-18 19:53:25.611425,2026-05-18 19:53:26.141226,0 days 00:00:00.529801,147.09834262818893,81.3104803105885,1.0,-65.81196772650631,34.29468267787758,90.39009497897217,10.863462344748994,-31.360525288528162,-10.0,147.6071038736622,66.28639045766974,150.0,-85.0,101.30502047862849,149.99999999999997,1.0,-9.231625541386393,26.659978658130477,Unfeasible shape,GPSampler,PRUNED
569,569,,2026-05-18 19:53:26.296076,2026-05-18 19:53:27.139315,0 days 00:00:00.843239,147.09201755720215,81.34054665279302,1.0,-65.8102081864828,34.34401911423324,90.36672163587401,10.87780359233892,-31.3768914860288,-10.0,147.63035826064288,66.288186029594,150.0,-85.0,101.27294200899074,149.99999999999997,1.0,-9.233356022770124,26.646046431394403,Unfeasible shape,GPSampler,PRUNED
570,570,,2026-05-18 19:53:27.293368,2026-05-18 19:53:28.035944,0 days 00:00:00.742576,147.0307886037616,81.37971076611,1.0,-65.831625517618,34.30501332946277,90.48346567158299,10.880169787918993,-31.34370794851729,-10.0,147.61412757140306,66.22445713649424,150.0,-85.0,101.25378043678997,149.99999999999997,1.0,-9.216589861485822,26.64602970141801,Unfeasible shape,GPSampler,PRUNED
571,571,,2026-05-18 19:53:28.190075,2026-05-18 19:53:28.878477,0 days 00:00:00.688402,147.0680296252374,81.32750445125534,1.0,-65.82057856869433,34.32849507007574,90.41688879038206,10.862930537888106,-31.356906783146037,-10.0,147.60254702678114,66.27423032111035,150.0,-85.0,101.27275377347645,149.99999999999997,1.0,-9.22974540198011,26.657052072175162,Unfeasible shape,GPSampler,PRUNED
572,572,,2026-05-18 19:53:29.034494,2026-05-18 19:53:30.061074,0 days 00:00:01.026580,147.07289617941277,81.3120558936256,1.0,-65.82200486971273,34.30617613096069,90.41894622247767,10.860212324754805,-31.35519489629739,-10.0,147.60668900512871,66.27365135737085,150.0,-85.0,101.2988438466529,149.99999999999997,1.0,-9.215185747566757,26.648805056225946,Unfeasible shape,GPSampler,PRUNED
573,573,,2026-05-18 19:53:30.211672,2026-05-18 19:53:30.900245,0 days 00:00:00.688573,147.07929475343727,81.25517971183291,1.0,-65.81082981425254,34.3689742824024,90.48458161913776,10.817640909239628,-31.373733347321433,-10.0,147.6141324800058,66.29272116390477,150.0,-85.0,101.29644766715671,149.99999999999997,1.0,-9.226860126139776,26.66348602039568,Unfeasible shape,GPSampler,PRUNED
574,574,,2026-05-18 19:53:31.062457,2026-05-18 19:53:32.008650,0 days 00:00:00.946193,147.07010234703787,81.33272474520682,1.0,-65.8145694281709,34.34360376229911,90.39334446696111,10.861484626243104,-31.370235257584437,-10.0,147.6178223984756,66.29021733886873,150.0,-85.0,101.2742811447334,149.99999999999997,1.0,-9.218452957468855,26.67715940707373,Unfeasible shape,GPSampler,PRUNED
575,575,,2026-05-18 19:53:32.167949,2026-05-18 19:53:32.786971,0 days 00:00:00.619022,147.0583832285255,81.30314959705467,1.0,-65.81307501010852,34.32807773476782,90.43976800020653,10.88592369958326,-31.357998887743623,-10.0,147.62219888571022,66.2819956812063,150.0,-85.0,101.2543651737368,149.99999999999997,1.0,-9.223269576176087,26.666491873173797,Unfeasible shape,GPSampler,PRUNED
576,576,,2026-05-18 19:53:32.941331,2026-05-18 19:53:33.366083,0 days 00:00:00.424752,147.05398451325996,81.31354394233759,1.0,-65.81797445808859,34.334569209079994,90.41483617741982,10.886642057163357,-31.361455180896254,-10.0,147.6059285334214,66.27035365581814,150.0,-85.0,101.26487324337702,149.99999999999997,1.0,-9.224862550671986,26.664964579798635,Unfeasible shape,GPSampler,PRUNED
577,577,,2026-05-18 19:53:33.519467,2026-05-18 19:53:34.191942,0 days 00:00:00.672475,147.07630250882283,81.31649850777939,1.0,-65.81721647799048,34.321629917221316,90.42875259478134,10.884304873021954,-31.359659164822002,-10.0,147.6200450599862,66.2769205688678,150.0,-85.0,101.27543298406928,149.99999999999997,1.0,-9.221862731463787,26.659184749933885,Unfeasible shape,GPSampler,PRUNED
578,578,,2026-05-18 19:53:34.343970,2026-05-18 19:53:35.093021,0 days 00:00:00.749051,147.05562157383088,81.31722257950838,1.0,-65.82037078951599,34.33807168210483,90.44317047589769,10.872049053449002,-31.361633573827273,-10.0,147.60760700294767,66.27484028853735,150.0,-85.0,101.27350649438154,149.99999999999997,1.0,-9.227301606425556,26.668939704392358,Unfeasible shape,GPSampler,PRUNED
579,579,,2026-05-18 19:53:35.254342,2026-05-18 19:53:35.741335,0 days 00:00:00.486993,147.06859684108008,81.32570147927758,1.0,-65.81169521180405,34.324076692181606,90.41080966186432,10.883021074997265,-31.35256396655774,-10.0,147.6202704112056,66.27321563950444,150.0,-85.0,101.25794067648799,149.99999999999997,1.0,-9.22716759975166,26.669788957675628,Unfeasible shape,GPSampler,PRUNED
580,580,,2026-05-18 19:53:35.893057,2026-05-18 19:53:36.243940,0 days 00:00:00.350883,147.06868534707272,81.31917935733429,1.0,-65.81399949791466,34.3273106055583,90.441017268568,10.945731439984522,-31.362965113013328,-10.0,147.60608693619545,66.28234650534598,150.0,-85.0,101.27487440847337,149.99999999999997,1.0,-9.223348943005206,26.658347543879522,Unfeasible shape,GPSampler,PRUNED
