,number,value,datetime_start,datetime_complete,duration,params_highPt.lL1,params_highPt.lL2,params_highPt.lL3,params_highPt.rA2,params_highPt.rL1,params_highPt.rL2,params_highPt.rL3,params_highPt.x2,params_highPt.y2,params_lowPt.lL1,params_lowPt.lL2,params_lowPt.lL3,params_lowPt.rA2,params_lowPt.rL1,params_lowPt.rL2,params_lowPt.rL3,params_lowPt.x2,params_lowPt.y2,user_attrs_prune,system_attrs_auto:sampler,state
93,93,,2026-05-18 19:44:16.802862,2026-05-18 19:44:17.047654,0 days 00:00:00.244792,61.357311987213016,181.6159508216064,31.94778844414919,-20.133600617394123,30.201989204003592,16.2129853509119,67.98327726025406,15.96806823552457,123.98494542232172,22.011511525861977,29.342370545747343,94.67810213215895,-11.45731920681962,126.30024285411541,44.52944072752631,46.80390395591037,1.1621111656805567,55.70520177468774,Unfeasible shape,GPSampler,PRUNED
94,94,,2026-05-18 19:44:17.193015,2026-05-18 19:44:17.434064,0 days 00:00:00.241049,53.59901093936384,55.74355921870252,187.9546352243825,-21.90326422809028,105.62168919273829,134.20055810713887,167.4688833897832,-9.33147200754599,29.607979263377914,75.20574455484764,18.68029448249696,27.076347618403492,-51.04735305399296,138.10912867788804,134.22537423395417,36.019991955034726,2.61002889272865,32.32113284528026,Unfeasible shape,GPSampler,PRUNED
95,95,,2026-05-18 19:44:17.581107,2026-05-18 19:44:17.810643,0 days 00:00:00.229536,183.8275903679848,180.3014409250968,168.0839146758044,-63.908890152111766,72.25189267063536,17.066746692141244,190.76184336741233,-20.667354209359218,129.36681493417876,8.796918299492782,10.580179571614448,138.725568506037,-22.497392041878214,78.35399805509853,40.52545187608226,31.446893254589433,22.002072289511304,10.357921492403754,Unfeasible shape,GPSampler,PRUNED
96,96,,2026-05-18 19:44:17.954843,2026-05-18 19:44:18.176042,0 days 00:00:00.221199,156.90403404662095,121.01480215603999,29.381325986996988,-29.712217631072065,47.7866222860061,136.09624493222864,91.17436942071834,19.007560360373077,113.88856487707089,42.73216229049132,55.096416518415076,49.32472767387936,-40.516765164844315,128.71436250597424,86.73191745782714,13.59592665192995,-26.61782010937221,-0.19176395541018465,Unfeasible shape,GPSampler,PRUNED
97,97,,2026-05-18 19:44:18.324566,2026-05-18 19:44:18.569860,0 days 00:00:00.245294,147.61118860335313,51.202372446344654,183.46591794669325,-55.89343311031384,147.32658716787233,25.332985166259462,26.04024017818674,7.521107427620322,26.315900280282023,129.3628067232466,53.95226675393293,67.93781721522893,-19.90385020162647,110.79485990048768,92.38578396862235,128.1558148224509,2.0843887228310365,43.532378844149484,Unfeasible shape,GPSampler,PRUNED
98,98,,2026-05-18 19:44:18.709625,2026-05-18 19:44:18.944503,0 days 00:00:00.234878,32.35624113368526,111.30887247949181,187.04347387718522,-46.62414906302571,28.12486662192702,196.208064729133,3.7274362211294694,13.695982408663141,50.81197151480394,19.040147252096606,142.89815079463378,71.04069794058313,-49.590400892983475,37.916195485399314,120.17206060848866,90.36736301231488,18.053758346805495,59.38747627152503,Unfeasible shape,GPSampler,PRUNED
99,99,,2026-05-18 19:44:19.076546,2026-05-18 19:44:19.349590,0 days 00:00:00.273044,138.403384345759,36.16736641537933,11.800363265002371,-43.15828861240186,174.4867603032098,26.032526052105116,160.05560297829456,-17.91062691987603,56.10655564624011,93.73125757933514,9.660349606749097,89.55912679523267,-14.922008043251424,43.331488060261,130.76770069245282,75.61074770731055,-49.41376305430249,54.1870908021845,Unfeasible shape,GPSampler,PRUNED
100,100,,2026-05-18 19:44:19.486629,2026-05-18 19:44:19.706093,0 days 00:00:00.219464,12.913501726571525,192.0508474892784,124.38153342705358,-8.083170134144083,166.97938175823677,162.45608812747548,86.07320550486486,-48.96898728985449,94.24357243235164,75.86666466115066,48.397040990053654,17.914169964532476,-26.260119612857295,1.1272760261060504,114.40864309101552,136.1949451879765,-37.658475182805574,5.100414942831861,Unfeasible shape,GPSampler,PRUNED
101,101,,2026-05-18 19:44:19.848309,2026-05-18 19:44:20.079333,0 days 00:00:00.231024,46.750070205988976,93.55090483974112,185.76927864069475,-29.901364681509968,186.76493720713526,41.67225427011249,75.75623161566104,-51.67107434729612,101.88244442873093,96.16715400079184,51.946218769222654,77.00761961140314,-64.93204284455524,137.90991221394702,91.31833811136191,91.88087361605812,6.11931060857512,44.36296005364005,Unfeasible shape,GPSampler,PRUNED
102,102,,2026-05-18 19:44:20.221120,2026-05-18 19:44:20.465400,0 days 00:00:00.244280,7.098195236261978,74.57301236999622,194.81641687813854,-51.6244115446145,40.125093090178495,126.24252005585203,157.41988483255878,-43.164454670581435,-6.141380969090227,7.129671655091737,97.5229669035661,47.587600630577114,-16.897169933197375,75.37649326035125,42.607598069767675,109.72474305420593,-9.28595346421988,6.03117659136041,Unfeasible shape,GPSampler,PRUNED
103,103,,2026-05-18 19:44:20.616582,2026-05-18 19:44:20.860354,0 days 00:00:00.243772,198.5816766647094,143.64695350472348,183.2413905211277,-74.47241022016142,168.469210606149,113.14432994950721,190.07452664285086,-51.06999602557514,51.31768037982279,57.24257279942738,29.12004019509494,65.47738265852985,-42.734514673696836,33.7813547617818,136.69532890195592,93.14336422360748,-17.993280888362143,67.64221253329436,Unfeasible shape,GPSampler,PRUNED
104,104,,2026-05-18 19:44:21.009230,2026-05-18 19:44:21.220277,0 days 00:00:00.211047,94.86449306510751,150.24026553945416,10.482562681987506,-46.62415435151783,26.799104914389147,185.29213580558118,121.74369837815931,-7.433399880137493,51.31445727789808,70.19574784974738,145.42334145823986,40.36236825309828,-83.92495111262983,122.8655990560633,5.588058126997166,6.2640554538942546,-50.093855331069456,26.173887786971633,Unfeasible shape,GPSampler,PRUNED
105,105,,2026-05-18 19:44:21.355804,2026-05-18 19:44:21.586596,0 days 00:00:00.230792,100.7033043723005,26.974027122940996,124.3471132519671,-47.58404906101215,164.93356645071816,100.215900092412,140.61890661737408,24.282038179714405,5.506893421770357,128.81151205512788,77.34799632864164,93.57911043795464,-72.8981166931774,70.38035908130445,45.703497538854194,122.85432736208469,21.943153713941655,21.098276719901968,Unfeasible shape,GPSampler,PRUNED
106,106,,2026-05-18 19:44:21.726444,2026-05-18 19:44:21.965342,0 days 00:00:00.238898,2.1044879312968,49.737704288385174,177.29460400026576,-72.02946733635375,83.946186667865,160.2605328447533,73.57294136203797,-36.62597834107376,55.87024221241677,92.89445021192692,88.85312071465984,1.8303969336115262,-34.155686910988095,111.48503433648493,56.036162149003985,135.07931291263517,5.114476413846134,3.9673635164008036,Unfeasible shape,GPSampler,PRUNED
107,107,,2026-05-18 19:44:22.112017,2026-05-18 19:44:22.363070,0 days 00:00:00.251053,86.83237913906584,102.49105476150739,168.12800032610727,-78.74070382169066,69.27808836066846,66.39821085950331,65.12141453590878,28.952090965150788,92.27142455679821,113.79972838632986,4.85938842987936,90.08098525902992,-53.25458411602764,26.73652734763657,128.1152149053085,146.3306526693464,-53.4179944202821,12.342413575756098,Unfeasible shape,GPSampler,PRUNED
108,108,,2026-05-18 19:44:22.514674,2026-05-18 19:44:22.745721,0 days 00:00:00.231047,120.54844423381964,21.19190925484629,144.74037682286664,-12.505015496491112,120.32559263891774,33.73702401370825,124.41184004871621,-26.829576488461043,73.5907928954987,46.78645779723986,37.110191497821255,87.79141749909019,-27.38522217635832,96.01490513702326,126.56341715909124,28.490223255428663,-39.88913432787899,24.070988376963946,Unfeasible shape,GPSampler,PRUNED
109,109,,2026-05-18 19:44:22.884758,2026-05-18 19:44:23.116800,0 days 00:00:00.232042,71.03441525663166,102.6131211943799,59.1390849453402,-24.49202604038114,114.78592187725026,105.77156415468366,59.47469528348725,-46.795398451228515,82.20201910205702,8.5880028964783,74.98903789217968,149.45684096279996,-34.379901661060366,13.756254636333878,93.4877638590745,138.32024041125814,-0.6646372927436417,2.5243042397884885,Unfeasible shape,GPSampler,PRUNED
110,110,,2026-05-18 19:44:23.254322,2026-05-18 19:44:23.519435,0 days 00:00:00.265113,120.537265731949,138.6331085729203,191.692528556848,-36.184587635139806,80.96942563887963,61.770873479900416,46.84785216487103,-28.135809395204678,-8.090042557539231,59.606890617292215,109.61729437530107,100.78741420832762,-52.957880950328914,2.85725363756307,91.22105203353327,6.991744967219581,-46.085099077631604,5.380123517746727,Unfeasible shape,GPSampler,PRUNED
111,111,,2026-05-18 19:44:23.657295,2026-05-18 19:44:23.899291,0 days 00:00:00.241996,160.13507420062845,53.143282937407484,181.17925565318788,-12.095972753811068,20.154830452405957,71.13005893193854,110.84906115207453,-49.0921319791905,32.942471988734255,122.84210553847493,110.77290410104818,100.27150098065874,-21.008457737332343,138.57295962844807,132.32224302301435,119.77798351229953,19.7801552616461,26.99154368021435,Unfeasible shape,GPSampler,PRUNED
112,112,,2026-05-18 19:44:24.047382,2026-05-18 19:44:24.287731,0 days 00:00:00.240349,188.16236648856517,60.06673504252066,136.17822387619944,-67.37140844513736,125.64666676705502,33.13194260858636,102.0431249816672,1.7681129656954369,0.012262681641445283,63.985108332731954,112.04969168627461,43.19313252788057,-39.08506687183536,12.990695853550148,81.24701379902253,113.56637997199444,-22.52597785112649,63.97489741344292,Unfeasible shape,GPSampler,PRUNED
113,113,29.916140284315144,2026-05-18 19:44:24.437562,2026-05-18 19:45:07.905492,0 days 00:00:43.467930,121.7904113933326,107.46114868479268,9.948333544685243,-58.26572666339473,85.50850737502648,68.30977553532638,9.012556917362845,-11.193524486841575,11.458460102624347,104.49688797108291,44.12859400055997,142.56170700072417,-73.2040706105745,98.04493307223996,136.719901923682,36.91808945394772,-17.50860785993047,31.390466401695946,,GPSampler,COMPLETE
114,114,,2026-05-18 19:45:09.302634,2026-05-18 19:45:09.507468,0 days 00:00:00.204834,137.26130718613925,77.90517654503266,111.93370774815637,-45.92810658045269,154.96658456882778,160.55679116872255,93.85087638408012,13.25108985903097,57.700908670940464,106.08091717728024,101.47534472024525,135.80250865530007,-54.647455571150225,16.84905693974238,125.28815737758791,35.059694190759714,-18.166071189778947,34.714947724763206,Unfeasible shape,GPSampler,PRUNED
115,115,,2026-05-18 19:45:09.653539,2026-05-18 19:45:09.870262,0 days 00:00:00.216723,154.587120670123,156.63240405700043,57.61519594670185,-51.63190782736055,195.3580316280954,142.4129022272931,62.86091031577038,-55.881688741819474,103.88477836793821,131.95523131895658,31.034659761553367,26.51594754376014,-41.0426332028816,85.15259121485555,16.285992130788557,104.07371106914687,18.23145769836775,66.51598219970435,Unfeasible shape,GPSampler,PRUNED
116,116,,2026-05-18 19:45:10.012772,2026-05-18 19:45:10.268138,0 days 00:00:00.255366,24.086341655987678,110.39387784038043,6.133710649233592,-73.62503312094067,128.30555423442814,157.38220540597737,135.55286794663908,-41.471387997287145,127.35257818453297,15.885301745353624,68.87221573135405,41.657662828963545,-15.50016850322325,62.20936993672406,62.517444418111346,10.193062200995175,-47.49085885992916,41.92107351903543,Unfeasible shape,GPSampler,PRUNED
117,117,,2026-05-18 19:45:10.410464,2026-05-18 19:45:10.636313,0 days 00:00:00.225849,124.23213623826236,175.47159640570976,162.2842008844432,-84.34558980332136,59.047180927728874,49.37976552383227,4.5649130981041655,-5.480450207846566,97.71180947511024,50.69402494175294,25.806186957406815,98.69130672898652,-80.87932419095557,11.715987148289285,129.92739422556238,141.3796959979372,-6.558119093562851,39.419995147984764,Unfeasible shape,GPSampler,PRUNED
118,118,,2026-05-18 19:45:10.784119,2026-05-18 19:45:11.036520,0 days 00:00:00.252401,129.36737364117442,104.33442805544986,118.46170589841304,-58.696995401620015,124.5223698233583,104.60217384728917,192.77846840428762,-22.810098003119656,64.97241696913223,115.27351213002974,105.65624466472913,61.51102380134069,-78.5181920927217,30.307841420731336,108.70942039060704,122.7513705438752,-57.2927870238965,-4.121212527477072,Unfeasible shape,GPSampler,PRUNED
119,119,,2026-05-18 19:45:11.170019,2026-05-18 19:45:11.395233,0 days 00:00:00.225214,9.395318506829534,14.78207787517605,98.30624732568322,-54.22817324360806,115.82189114593706,169.16003695413022,111.96299827741392,-53.277363238808164,79.44386256457001,51.190130644547004,72.50273051453414,97.78215633792571,-22.278955699942202,88.96111319601489,42.48387024225501,106.68493560306388,-40.44657866613702,-0.9514813625537055,Unfeasible shape,GPSampler,PRUNED
120,120,,2026-05-18 19:45:11.543080,2026-05-18 19:45:11.799250,0 days 00:00:00.256170,66.42100200841779,179.87719370928397,37.392068216362176,-21.060074056415772,187.4814433629006,141.07209665428323,102.05154171615163,-51.71650509234285,13.864486459233156,91.09223163918504,19.553325830200713,104.77480407078983,-10.3201236052562,94.08773439915717,8.238271757191594,16.605483848063578,-11.706740495944437,6.442588221867727,Unfeasible shape,GPSampler,PRUNED
121,121,,2026-05-18 19:45:11.951945,2026-05-18 19:45:12.173812,0 days 00:00:00.221867,152.34110263624623,83.54343243081757,145.47264748830665,-57.15837979726419,183.09024260624062,175.9504229700054,41.63986626067535,19.5121102514084,38.315402039033756,53.87367724986024,7.196945279089574,35.263615957723175,-31.587681998176848,83.80413287415114,15.660555012467949,91.54613653436446,-58.84251475713107,54.96616715227641,Unfeasible shape,GPSampler,PRUNED
122,122,,2026-05-18 19:45:12.312846,2026-05-18 19:45:12.585005,0 days 00:00:00.272159,195.85596589660472,178.52891909043265,164.36540418324566,-55.566042271162544,169.2712396318093,128.9510933625063,70.30153708214797,-55.772831667215776,47.933744863642374,100.86507482670078,27.520820054697005,98.00014595376305,-48.61765477001206,51.13764187930895,6.2239769222533905,9.39368661329066,-37.59530278282106,-5.577880876419341,Unfeasible shape,GPSampler,PRUNED
123,123,,2026-05-18 19:45:12.730631,2026-05-18 19:45:12.946152,0 days 00:00:00.215521,122.23343020457537,26.703535154999358,31.43324776716564,-5.807756421305726,126.4698334295568,2.824182927271074,50.01583838814581,-38.043728681093874,66.15797522506085,124.19109453594646,119.11500762787792,59.81978376533803,-31.194301517451713,25.912748009433027,14.693820102945306,45.18619922165085,-58.78571739082378,-0.8146132850300347,Unfeasible shape,GPSampler,PRUNED
124,124,,2026-05-18 19:45:13.097276,2026-05-18 19:45:13.390876,0 days 00:00:00.293600,180.87013949213878,34.60827562821044,123.95132518478891,-49.76352645653863,35.30914717978212,149.4973175782848,107.41503832971993,-27.87452406560562,94.71501252694722,72.67601937852037,87.38471226249656,17.63866470356727,-22.04020722931211,79.218896021962,20.55553612773455,27.571185811548986,11.6996010710061,6.517830791914054,Unfeasible shape,GPSampler,PRUNED
125,125,,2026-05-18 19:45:13.536010,2026-05-18 19:45:13.774519,0 days 00:00:00.238509,60.98482257188818,13.366411283624046,65.71952918916197,-54.97498982161247,115.25348797251326,95.10786953795989,22.07964122309515,-59.12657916574527,2.050888166250262,4.132816411030278,83.4659344335353,123.4026570493657,-67.11549990446031,63.789732120550305,58.333602308547746,72.16122712059799,28.299684051069462,13.21328035196725,Unfeasible shape,GPSampler,PRUNED
126,126,,2026-05-18 19:45:13.914194,2026-05-18 19:45:14.172108,0 days 00:00:00.257914,2.5375881024037805,192.84825144178228,13.801351841178237,-15.345357175363816,4.837033697368115,195.1236580396107,183.22025893608262,-49.169268750255455,79.76713936324029,31.84074911133811,68.51928754973149,56.00806860910098,-65.95046993013347,6.209982084820818,52.25149616092833,149.20511492422673,-10.187552990637428,-9.500520501675958,Unfeasible shape,GPSampler,PRUNED
127,127,,2026-05-18 19:45:14.322711,2026-05-18 19:45:14.548304,0 days 00:00:00.225593,68.80481220067348,158.47148550992563,141.2576687744187,-28.782644755710443,99.04018849642492,82.177081939225,19.53529910898762,-36.15418134388177,69.80502401364353,54.70524077212924,32.51914493588232,93.74805769206202,-22.39986644926759,17.581071889568523,128.28314565500966,105.03500345560136,-1.0249633010061387,0.6679396192609666,Unfeasible shape,GPSampler,PRUNED
128,128,39.119248472471135,2026-05-18 19:45:14.691845,2026-05-18 19:45:59.011238,0 days 00:00:44.319393,17.582547906307525,164.09777030754154,175.53663626441502,-81.45784708278295,34.87353782769031,113.07655305866066,121.15878429860284,-48.62577918240426,89.97607997460436,47.068907400368694,2.716908906212246,19.662714484897382,-46.577913256489566,109.06574720512378,4.284408230124104,108.1638134702927,-35.033269006883835,21.55449470038085,,GPSampler,COMPLETE
129,129,,2026-05-18 19:46:02.370007,2026-05-18 19:46:02.634693,0 days 00:00:00.264686,68.74650497337446,99.20283642551894,93.8901443941149,-10.442013687726075,5.573769735309838,58.10989095136819,132.1830712220269,-34.75266791456316,83.29447141138297,140.15428826013482,96.62324698434401,64.5138927575752,-74.15142878678711,62.69167882119342,136.36762142561227,77.8280547953318,-2.5157109908413062,33.77127696823229,Unfeasible shape,GPSampler,PRUNED
130,130,38.10504943528394,2026-05-18 19:46:02.802742,2026-05-18 19:46:56.506903,0 days 00:00:53.704161,166.71299987788066,52.491671645412346,84.61016062091876,-44.112573744422036,64.68263700724862,36.473955499503916,89.13139681565563,-4.656906476371319,-7.945168477681981,84.34961705471538,126.46047398173295,93.62046860659336,-71.00148940722215,55.63513216309403,84.45506869190886,134.15113380428005,-52.73606747814889,43.30567012931398,,GPSampler,COMPLETE
131,131,23.533610281188942,2026-05-18 19:46:57.359459,2026-05-18 19:47:44.870086,0 days 00:00:47.510627,130.8567233351814,91.72928838448232,1.0,-62.534688654199684,58.55198735462687,80.01079985520214,15.612927109376006,-22.865751813157573,7.004308317617475,128.17182550966191,55.42590160493904,150.0,-82.6160622901363,93.53675077140164,149.99999999999997,11.063886060921519,-13.316444892281481,30.749497378812826,,GPSampler,COMPLETE
132,132,,2026-05-18 19:47:46.829549,2026-05-18 19:47:47.703997,0 days 00:00:00.874448,147.06504992345822,81.31970848835738,1.0,-65.81452730117097,34.32763575741993,90.4224855518936,10.893909676633543,-31.35868714300573,-10.0,147.6084124398331,66.27684117211206,150.0,-85.0,101.25528585827364,149.99999999999997,1.0,-9.226377554462665,26.667856855777167,Unfeasible shape,GPSampler,PRUNED
133,133,,2026-05-18 19:47:47.853295,2026-05-18 19:47:48.635143,0 days 00:00:00.781848,147.11314619378751,81.37225738616002,1.0,-65.82162855100988,34.3560227730098,90.42114869529004,10.941360635389676,-31.342244365466136,-10.0,147.61146808626816,66.26711462556825,150.0,-85.0,101.25588222668296,149.99999999999997,1.0,-9.22450674130075,26.66929556961466,Unfeasible shape,GPSampler,PRUNED
134,134,,2026-05-18 19:47:48.781981,2026-05-18 19:47:49.439054,0 days 00:00:00.657073,147.0356439244399,81.32551708012026,1.0,-65.81103106602576,34.359552512789804,90.40135141803808,10.919816600012297,-31.35243980784029,-10.0,147.60527035200033,66.26276326373721,150.0,-85.0,101.22589479630571,149.99999999999997,1.0,-9.23655379563423,26.678768727982415,Unfeasible shape,GPSampler,PRUNED
135,135,,2026-05-18 19:47:49.585983,2026-05-18 19:47:50.319028,0 days 00:00:00.733045,147.11420658697352,81.33566898633005,1.0,-65.81937283247932,34.27497631070786,90.42380249776559,11.032910692852514,-31.346112570299304,-10.0,147.60386934718824,66.33813227873117,150.0,-85.0,101.29396708807764,149.99999999999997,1.0,-9.201777596261813,26.62633569457475,Unfeasible shape,GPSampler,PRUNED
136,136,,2026-05-18 19:47:50.465165,2026-05-18 19:47:51.089389,0 days 00:00:00.624224,147.04863116050612,81.30873022981258,1.0,-65.81846836091772,34.37420125132614,90.38085244391551,10.883560626143971,-31.34154634408267,-10.0,147.61302012184404,66.25000532788529,150.0,-85.0,101.27451777428334,149.99999999999997,1.0,-9.230647808967142,26.661062720530325,Unfeasible shape,GPSampler,PRUNED
137,137,,2026-05-18 19:47:51.239425,2026-05-18 19:47:52.091268,0 days 00:00:00.851843,147.05182137537906,81.32393828495381,1.0,-65.80359412367915,34.346836469269306,90.42787157440881,10.873269538618443,-31.353416015592767,-10.0,147.60509771562766,66.27933361464903,150.0,-85.0,101.27573893079034,149.99999999999997,1.0,-9.234685911394415,26.6607352594456,Unfeasible shape,GPSampler,PRUNED
138,138,,2026-05-18 19:47:52.232797,2026-05-18 19:47:53.062483,0 days 00:00:00.829686,147.0641457228164,81.32124101000974,1.0,-65.81426962838876,34.34124943379714,90.3863968308659,10.86403534564593,-31.356353589811647,-10.0,147.60960299377996,66.27627734323585,150.0,-85.0,101.2643158105503,149.99999999999997,1.0,-9.231935694115386,26.67669262452685,Unfeasible shape,GPSampler,PRUNED
139,139,,2026-05-18 19:47:53.213721,2026-05-18 19:47:53.846715,0 days 00:00:00.632994,147.0714034168851,81.30238607989361,1.0,-65.82374182960424,34.30832155281422,90.42716156486442,10.883310700491583,-31.365746930653383,-10.0,147.62379890053106,66.28077704656891,150.0,-85.0,101.25308966648265,149.99999999999997,1.0,-9.223327079703864,26.664964170790576,Unfeasible shape,GPSampler,PRUNED
140,140,,2026-05-18 19:47:54.022924,2026-05-18 19:47:54.713234,0 days 00:00:00.690310,147.06223071989947,81.30165257147254,1.0,-65.82623691063131,34.31189061920055,90.38448730556418,10.897186565797695,-31.378465709002484,-10.0,147.65773559610508,66.28740103188886,150.0,-85.0,101.22246050544716,149.99999999999997,1.0,-9.232901810708064,26.669639074524504,Unfeasible shape,GPSampler,PRUNED
