,number,value,datetime_start,datetime_complete,duration,params_highPt.lL1,params_highPt.lL2,params_highPt.lL3,params_highPt.rA2,params_highPt.rL1,params_highPt.rL2,params_highPt.rL3,params_highPt.x2,params_highPt.y2,params_lowPt.lL1,params_lowPt.lL2,params_lowPt.lL3,params_lowPt.rA2,params_lowPt.rL1,params_lowPt.rL2,params_lowPt.rL3,params_lowPt.x2,params_lowPt.y2,user_attrs_prune,system_attrs_auto:sampler,state
856,856,,2026-05-18 19:57:02.320491,2026-05-18 19:57:02.915805,0 days 00:00:00.595314,147.0621169490249,81.31867389435436,1.0,-65.8213415917247,34.31772279456823,90.41754879186081,10.873066814807702,-31.35554243665457,-10.0,147.6154025322311,66.27771185978983,150.0,-85.0,101.26921190138991,149.99999999999997,1.0,-9.232880509163337,26.661615283167407,Unfeasible shape,GPSampler,PRUNED
857,857,,2026-05-18 19:57:03.072306,2026-05-18 19:57:03.615192,0 days 00:00:00.542886,147.04685972498916,81.31483337349928,1.0,-65.81164367499557,34.33283394446952,90.38665583498627,10.874332412676885,-31.364163370729855,-10.0,147.62597418365107,66.27399490301615,150.0,-85.0,101.22969867663895,149.99999999999997,1.0,-9.236318454854683,26.67663076321518,Unfeasible shape,GPSampler,PRUNED
858,858,,2026-05-18 19:57:03.770599,2026-05-18 19:57:04.417688,0 days 00:00:00.647089,147.0925784257234,81.29266940742382,1.0,-65.8188080175432,34.30346248698193,90.44634113813649,10.941028704100022,-31.37501944631596,-10.0,147.57071143816677,66.30308881491527,150.0,-85.0,101.26356912336401,149.99999999999997,1.0,-9.225943309329814,26.65601881818995,Unfeasible shape,GPSampler,PRUNED
859,859,,2026-05-18 19:57:04.571495,2026-05-18 19:57:05.396510,0 days 00:00:00.825015,147.07662693914293,81.34662925139658,1.0,-65.81607758097564,34.37760762201712,90.43747651298972,10.931476890757384,-31.36354117405584,-10.0,147.58674171440026,66.25114700043228,150.0,-85.0,101.27850551347535,149.99999999999997,1.0,-9.219060499096237,26.663741286607348,Unfeasible shape,GPSampler,PRUNED
860,860,,2026-05-18 19:57:05.554738,2026-05-18 19:57:06.063863,0 days 00:00:00.509125,147.06940110204098,81.29163941087155,1.0,-65.824249406445,34.332160143324145,90.44629006504022,10.90390361606069,-31.361615930137873,-10.0,147.59394999023348,66.29327679138557,150.0,-85.0,101.28525677304386,149.99999999999997,1.0,-9.238407930486758,26.669813224081537,Unfeasible shape,GPSampler,PRUNED
861,861,,2026-05-18 19:57:06.216830,2026-05-18 19:57:06.650753,0 days 00:00:00.433923,147.08535786122394,81.26098285387697,1.0,-65.8154561125996,34.30005073574314,90.50447318036719,10.899715083781015,-31.330265875888948,-10.0,147.60878185200127,66.25757641347278,150.0,-85.0,101.28398415994678,149.99999999999997,1.0,-9.21691976782143,26.661936216552746,Unfeasible shape,GPSampler,PRUNED
862,862,,2026-05-18 19:57:06.811387,2026-05-18 19:57:07.496965,0 days 00:00:00.685578,147.07623991024894,81.34367304997178,1.0,-65.81250518698154,34.34531581051682,90.44382577172814,10.857629167795924,-31.359364478839353,-10.0,147.62380564688206,66.27211305081636,150.0,-85.0,101.27798104982095,149.99999999999997,1.0,-9.220626152022888,26.6539385304062,Unfeasible shape,GPSampler,PRUNED
863,863,,2026-05-18 19:57:07.657297,2026-05-18 19:57:08.497877,0 days 00:00:00.840580,147.05503346166157,81.30607221782694,1.0,-65.80674983389842,34.328014012553716,90.42630195055625,10.909464792337353,-31.36106109817221,-10.0,147.59248121297168,66.29412289319926,150.0,-85.0,101.26414915563987,149.99999999999997,1.0,-9.23603759164088,26.66554205814895,Unfeasible shape,GPSampler,PRUNED
864,864,,2026-05-18 19:57:08.653948,2026-05-18 19:57:09.303946,0 days 00:00:00.649998,147.08818711842355,81.34211214602534,1.0,-65.81548737979152,34.343272174371016,90.43315560421122,10.866844450624924,-31.349876954489073,-10.0,147.59000865211937,66.27546130557555,150.0,-85.0,101.2895403954677,149.99999999999997,1.0,-9.222582465082155,26.653562266820053,Unfeasible shape,GPSampler,PRUNED
865,865,,2026-05-18 19:57:09.464162,2026-05-18 19:57:10.352859,0 days 00:00:00.888697,147.05604500152083,81.3127079173633,1.0,-65.81099491981814,34.3478965130588,90.41492168005408,10.877091713331781,-31.3614844361631,-10.0,147.62796888278726,66.28545638102524,150.0,-85.0,101.27429983447071,149.99999999999997,1.0,-9.224697790591527,26.657490377694884,Unfeasible shape,GPSampler,PRUNED
866,866,,2026-05-18 19:57:10.510165,2026-05-18 19:57:11.461240,0 days 00:00:00.951075,147.08473763942712,81.3435886339685,1.0,-65.80855403397615,34.33430038848833,90.41788396933218,10.866396563613518,-31.355272514384914,-10.0,147.58999891400626,66.27873713325972,150.0,-85.0,101.2893270642199,149.99999999999997,1.0,-9.22427195066416,26.651116131944825,Unfeasible shape,GPSampler,PRUNED
867,867,,2026-05-18 19:57:11.630146,2026-05-18 19:57:12.349221,0 days 00:00:00.719075,147.01908954486368,81.32946222832993,1.0,-65.81318116668697,34.35973985134105,90.42120988509029,10.895237415560054,-31.336046682443143,-10.0,147.60459772619845,66.2797920245462,150.0,-85.0,101.26568360893889,149.99999999999997,1.0,-9.226034122086787,26.66603096062269,Unfeasible shape,GPSampler,PRUNED
868,868,,2026-05-18 19:57:12.504742,2026-05-18 19:57:13.180165,0 days 00:00:00.675423,147.0579760187339,81.30357736529307,1.0,-65.81633864336987,34.3360356412477,90.40503440087495,10.918439662893968,-31.355854426111453,-10.0,147.61498091484168,66.27802199247508,150.0,-85.0,101.24531721991696,149.99999999999997,1.0,-9.231780890342385,26.66406119671042,Unfeasible shape,GPSampler,PRUNED
869,869,,2026-05-18 19:57:13.338033,2026-05-18 19:57:14.233696,0 days 00:00:00.895663,147.06833142421428,81.2978209500678,1.0,-65.82317895114548,34.3656771156773,90.42513009442867,10.908283739846516,-31.346634227149334,-10.0,147.61421579372075,66.26673435319896,150.0,-85.0,101.2711060314766,149.99999999999997,1.0,-9.225275547922003,26.66392643505312,Unfeasible shape,GPSampler,PRUNED
870,870,,2026-05-18 19:57:14.392184,2026-05-18 19:57:15.005303,0 days 00:00:00.613119,147.03749369096997,81.3210850643431,1.0,-65.80069083781099,34.32707745957925,90.45011774688311,10.876022924150524,-31.352992016350566,-10.0,147.656047908236,66.27389697582353,150.0,-85.0,101.23591554631282,149.99999999999997,1.0,-9.251460909106626,26.686200153697534,Unfeasible shape,GPSampler,PRUNED
871,871,,2026-05-18 19:57:15.163979,2026-05-18 19:57:15.953202,0 days 00:00:00.789223,147.01963569826088,81.3493628361569,1.0,-65.81255893239802,34.34460456240263,90.43904941611885,10.878379192199276,-31.361749814977692,-10.0,147.61290590904778,66.31479546559954,150.0,-85.0,101.25395125222192,149.99999999999997,1.0,-9.228636427927455,26.66337632058199,Unfeasible shape,GPSampler,PRUNED
872,872,,2026-05-18 19:57:16.105241,2026-05-18 19:57:16.937721,0 days 00:00:00.832480,147.05987040528387,81.31919853789262,1.0,-65.81599924755828,34.3191295647597,90.43459974290572,10.867443321776785,-31.353395731076667,-10.0,147.61079545812314,66.27367934069594,150.0,-85.0,101.26219176436013,149.99999999999997,1.0,-9.227232479108231,26.6619337139971,Unfeasible shape,GPSampler,PRUNED
873,873,,2026-05-18 19:57:17.093893,2026-05-18 19:57:17.886640,0 days 00:00:00.792747,147.06225652592087,81.33965628463396,1.0,-65.81658498791018,34.309018281333444,90.4255979169538,10.880133624406128,-31.35287749360792,-10.0,147.6031778473808,66.27019237138116,150.0,-85.0,101.24729380918653,149.99999999999997,1.0,-9.229294256581277,26.667230433259533,Unfeasible shape,GPSampler,PRUNED
874,874,,2026-05-18 19:57:18.040938,2026-05-18 19:57:18.557056,0 days 00:00:00.516118,147.0643957971084,81.31160799763681,1.0,-65.81618237282845,34.32539533843868,90.42982792935443,10.906398594904282,-31.355781285614324,-10.0,147.6188813107864,66.26968869941442,150.0,-85.0,101.23903154475724,149.99999999999997,1.0,-9.226319588108282,26.67294121793166,Unfeasible shape,GPSampler,PRUNED
875,875,,2026-05-18 19:57:18.716728,2026-05-18 19:57:19.040066,0 days 00:00:00.323338,147.07018221308164,81.31976730008397,1.0,-65.81433415135575,34.33284168660915,90.43187154322537,10.88411587481678,-31.361240355255983,-10.0,147.61616285366213,66.28363598246423,150.0,-85.0,101.26177693296948,149.99999999999997,1.0,-9.226390511493712,26.66253620367759,Unfeasible shape,GPSampler,PRUNED
876,876,,2026-05-18 19:57:19.200460,2026-05-18 19:57:19.538558,0 days 00:00:00.338098,147.05914712749353,81.33656617269781,1.0,-65.8146869785692,34.31797528009278,90.4051703593714,10.92228002081743,-31.372581191221478,-10.0,147.60698952895984,66.26942529050213,150.0,-85.0,101.2645653843414,149.99999999999997,1.0,-9.219428039695373,26.659881659184805,Unfeasible shape,GPSampler,PRUNED
877,877,,2026-05-18 19:57:19.703159,2026-05-18 19:57:20.375351,0 days 00:00:00.672192,147.0628594447987,81.32010702489005,1.0,-65.81773006070704,34.32871946464254,90.41380929721,10.878585134435776,-31.354954988965495,-10.0,147.61953420997307,66.27232830022304,150.0,-85.0,101.2649338167774,149.99999999999997,1.0,-9.228352899207565,26.666346671853127,Unfeasible shape,GPSampler,PRUNED
878,878,,2026-05-18 19:57:20.534892,2026-05-18 19:57:21.086042,0 days 00:00:00.551150,147.0696134868305,81.29406665902023,1.0,-65.80613879515884,34.30794402008229,90.43098603315532,10.870343136732057,-31.373336466762677,-10.0,147.6251451977853,66.27478057816735,150.0,-85.0,101.26896417437165,149.99999999999997,1.0,-9.223215729732175,26.66159452462172,Unfeasible shape,GPSampler,PRUNED
879,879,,2026-05-18 19:57:21.239483,2026-05-18 19:57:21.716343,0 days 00:00:00.476860,147.0698611632643,81.30680586206,1.0,-65.81468952088642,34.332648462512196,90.4301894013492,10.885504326397385,-31.359861253945578,-10.0,147.61628804844358,66.29119460455144,150.0,-85.0,101.26367889224764,149.99999999999997,1.0,-9.21900531682008,26.658883654198085,Unfeasible shape,GPSampler,PRUNED
880,880,,2026-05-18 19:57:21.876239,2026-05-18 19:57:22.400247,0 days 00:00:00.524008,147.05746746828052,81.34682793146878,1.0,-65.79741055335387,34.33436980536349,90.43320036365546,10.865393226332227,-31.33822486977653,-10.0,147.59583336638642,66.25730715549169,150.0,-85.0,101.26798145080807,149.99999999999997,1.0,-9.230321774422023,26.656285139750665,Unfeasible shape,GPSampler,PRUNED
881,881,,2026-05-18 19:57:22.563288,2026-05-18 19:57:23.446029,0 days 00:00:00.882741,147.0115283470744,81.3013977583001,1.0,-65.82157830816652,34.406298042557054,90.43404596718239,10.879900620844511,-31.33479001008618,-10.0,147.6560838403314,66.26741042323582,150.0,-85.0,101.28491605062227,149.99999999999997,1.0,-9.211781217622494,26.644705176164017,Unfeasible shape,GPSampler,PRUNED
882,882,,2026-05-18 19:57:23.635624,2026-05-18 19:57:24.234911,0 days 00:00:00.599287,147.07290795433363,81.28201671112893,1.0,-65.81355413743519,34.31596223313335,90.45220091797333,10.876760689518388,-31.37599894815728,-10.0,147.65443732191972,66.28331631640243,150.0,-85.0,101.291163961532,149.99999999999997,1.0,-9.216120520590842,26.66904100685207,Unfeasible shape,GPSampler,PRUNED
883,883,,2026-05-18 19:57:24.391963,2026-05-18 19:57:25.020172,0 days 00:00:00.628209,147.00378697932774,81.31139261557018,1.0,-65.81275575046905,34.38766851604926,90.42501291574874,10.904351320424432,-31.355354589417487,-10.0,147.59607397473576,66.26628490041684,150.0,-85.0,101.24318332988241,149.99999999999997,1.0,-9.242192090060357,26.670742125496773,Unfeasible shape,GPSampler,PRUNED
884,884,,2026-05-18 19:57:25.174572,2026-05-18 19:57:25.717417,0 days 00:00:00.542845,147.11657964616194,81.31624081470346,1.0,-65.80900518305633,34.35186172399118,90.41108821246945,10.865145533861604,-31.348639620201347,-10.0,147.58331731023372,66.28054337316203,150.0,-85.0,101.26632062425908,149.99999999999997,1.0,-9.229620677431491,26.66270891200356,Unfeasible shape,GPSampler,PRUNED
885,885,,2026-05-18 19:57:25.875064,2026-05-18 19:57:26.424740,0 days 00:00:00.549676,147.05104692860118,81.30188363363727,1.0,-65.83791040413686,34.299633616926464,90.41310796343252,10.94884531308303,-31.360205651798665,-10.0,147.62209991459372,66.27754612767986,150.0,-85.0,101.30873438544076,149.99999999999997,1.0,-9.197933827705448,26.667086239092683,Unfeasible shape,GPSampler,PRUNED
886,886,,2026-05-18 19:57:26.583675,2026-05-18 19:57:27.170649,0 days 00:00:00.586974,147.08075145855378,81.30854474317326,1.0,-65.82433831506215,34.31639648151499,90.44971942346294,10.893470916885434,-31.363828992500704,-10.0,147.60439193548268,66.2837602156956,150.0,-85.0,101.28626844709862,149.99999999999997,1.0,-9.214540805692863,26.652744168393724,Unfeasible shape,GPSampler,PRUNED
887,887,,2026-05-18 19:57:27.326970,2026-05-18 19:57:27.831027,0 days 00:00:00.504057,147.07805163203858,81.31371562710842,1.0,-65.81492843941388,34.355267989987645,90.4236512310668,10.896914194843509,-31.372047714914945,-10.0,147.6084354698524,66.3026711802274,150.0,-85.0,101.26616951386653,149.99999999999997,1.0,-9.219755817620538,26.66457011382103,Unfeasible shape,GPSampler,PRUNED
888,888,,2026-05-18 19:57:27.990049,2026-05-18 19:57:28.382455,0 days 00:00:00.392406,147.0890087193057,81.31483043958495,1.0,-65.81413223886244,34.30990320719403,90.40306946029466,11.002887848309072,-31.355621847431394,-10.0,147.59116865053173,66.27352321276632,150.0,-85.0,101.28358648863848,149.99999999999997,1.0,-9.22885116406006,26.65864709434682,Unfeasible shape,GPSampler,PRUNED
889,889,,2026-05-18 19:57:28.540325,2026-05-18 19:57:28.875341,0 days 00:00:00.335016,147.068512921573,81.31189829911875,1.0,-65.8201294955882,34.31880899014427,90.42645340975716,10.895380499382664,-31.361285734858374,-10.0,147.62092233629411,66.27605575430384,150.0,-85.0,101.26888884707091,149.99999999999997,1.0,-9.221279164797686,26.666382772759178,Unfeasible shape,GPSampler,PRUNED
890,890,,2026-05-18 19:57:29.039434,2026-05-18 19:57:29.785801,0 days 00:00:00.746367,147.06322500557437,81.31862207927678,1.0,-65.80615598279982,34.349940184812624,90.43083390299508,10.893293585683752,-31.35214341190793,-10.0,147.59828373172724,66.28132530264324,150.0,-85.0,101.26247944004865,149.99999999999997,1.0,-9.22808894642393,26.665376113998434,Unfeasible shape,GPSampler,PRUNED
891,891,,2026-05-18 19:57:29.945137,2026-05-18 19:57:30.586623,0 days 00:00:00.641486,147.05663231268903,81.33052401019832,1.0,-65.81232731992006,34.337346408164805,90.41711057636851,10.9258298973574,-31.353326024446332,-10.0,147.6065707203994,66.2942365066258,150.0,-85.0,101.2309113368557,149.99999999999997,1.0,-9.231182160277811,26.684462895816246,Unfeasible shape,GPSampler,PRUNED
892,892,,2026-05-18 19:57:30.744713,2026-05-18 19:57:31.456863,0 days 00:00:00.712150,147.05076328461803,81.33328947122695,1.0,-65.81342298848858,34.28588027027669,90.39882883382676,10.887942202368233,-31.374593380279453,-10.0,147.5730702818523,66.24746463305556,150.0,-85.0,101.25497746559765,149.99999999999997,1.0,-9.236958017578637,26.68533763379721,Unfeasible shape,GPSampler,PRUNED
893,893,,2026-05-18 19:57:31.619223,2026-05-18 19:57:32.331214,0 days 00:00:00.711991,147.0670521348342,81.33663918931776,1.0,-65.81235119683669,34.34470699649037,90.43871669536834,10.878730256971124,-31.351409017124325,-10.0,147.6104838726827,66.29479114776305,150.0,-85.0,101.27903717351624,149.99999999999997,1.0,-9.227078340249825,26.658497525029688,Unfeasible shape,GPSampler,PRUNED
894,894,,2026-05-18 19:57:32.482526,2026-05-18 19:57:33.260537,0 days 00:00:00.778011,147.07571546144115,81.33344335408636,1.0,-65.81979412854909,34.31134749558584,90.40661958575035,10.878554180057682,-31.356256687311255,-10.0,147.61007519755637,66.27135186291765,150.0,-85.0,101.28115975803597,149.99999999999997,1.0,-9.235325444429776,26.66095706046687,Unfeasible shape,GPSampler,PRUNED
895,895,,2026-05-18 19:57:33.421845,2026-05-18 19:57:34.463255,0 days 00:00:01.041410,147.07452825874194,81.32111262736873,1.0,-65.81255593025182,34.33293434608572,90.43694702294532,10.880152226984059,-31.35732509201261,-10.0,147.61184590212503,66.28824475368208,150.0,-85.0,101.26832035647553,149.99999999999997,1.0,-9.223809067961469,26.660954105620725,Unfeasible shape,GPSampler,PRUNED
896,896,,2026-05-18 19:57:34.622203,2026-05-18 19:57:35.197385,0 days 00:00:00.575182,147.09197477220917,81.2942200663085,1.0,-65.81796974818201,34.303635000305725,90.42688524636384,10.859392449311612,-31.369128610573615,-10.0,147.66602492618728,66.29346749739888,150.0,-85.0,101.2812191672717,149.99999999999997,1.0,-9.213970913132329,26.65244148054535,Unfeasible shape,GPSampler,PRUNED
897,897,,2026-05-18 19:57:35.361839,2026-05-18 19:57:36.076399,0 days 00:00:00.714560,147.0550014261443,81.32853877824063,1.0,-65.8106868490894,34.32083303985911,90.42534141481946,10.863625447350907,-31.358647625884874,-10.0,147.61673990884347,66.27842340948915,150.0,-85.0,101.2587307570907,149.99999999999997,1.0,-9.223215519023654,26.66429470340725,Unfeasible shape,GPSampler,PRUNED
898,898,,2026-05-18 19:57:36.233821,2026-05-18 19:57:36.739283,0 days 00:00:00.505462,147.00686781834892,81.35501918121051,1.0,-65.81420812289346,34.38834655064463,90.42698435113473,10.917956642434952,-31.338102640519153,-10.0,147.61431653678613,66.28244422867725,150.0,-85.0,101.24481760547211,149.99999999999997,1.0,-9.25669183890951,26.67446730405579,Unfeasible shape,GPSampler,PRUNED
899,899,,2026-05-18 19:57:36.910275,2026-05-18 19:57:37.416720,0 days 00:00:00.506445,147.06935009244822,81.31378035847703,1.0,-65.81678920053622,34.3172163038279,90.44547800629194,10.884348063923808,-31.364239992326475,-10.0,147.62726753808664,66.28528978862361,150.0,-85.0,101.26098260704462,149.99999999999997,1.0,-9.2247181727614,26.664460663325585,Unfeasible shape,GPSampler,PRUNED
900,900,,2026-05-18 19:57:37.576922,2026-05-18 19:57:38.377391,0 days 00:00:00.800469,147.01431371236953,81.34020952795642,1.0,-65.79668277312157,34.34565965665828,90.38631081704384,10.905765254633836,-31.345833390139624,-10.0,147.618490276786,66.28653770263698,150.0,-85.0,101.3471743290883,149.99999999999997,1.0,-9.264167976573042,26.65356794870997,Unfeasible shape,GPSampler,PRUNED
901,901,,2026-05-18 19:57:38.533594,2026-05-18 19:57:38.914661,0 days 00:00:00.381067,147.06332057065362,81.32760205709667,1.0,-65.81681522965212,34.325413144907394,90.42558628245493,10.888266970955996,-31.355701277653573,-10.0,147.6117679629166,66.27309931590872,150.0,-85.0,101.26326740161983,149.99999999999997,1.0,-9.225814258021416,26.66344759706557,Unfeasible shape,GPSampler,PRUNED
902,902,,2026-05-18 19:57:39.075142,2026-05-18 19:57:39.776066,0 days 00:00:00.700924,147.07070381762267,81.31729309251317,1.0,-65.81925682545759,34.35525803721393,90.43752158332167,10.8739022370813,-31.35522587806348,-10.0,147.6044615681073,66.2797689838393,150.0,-85.0,101.27599441607902,149.99999999999997,1.0,-9.226195080936215,26.66791414382434,Unfeasible shape,GPSampler,PRUNED
903,903,,2026-05-18 19:57:39.934504,2026-05-18 19:57:40.384417,0 days 00:00:00.449913,147.06556957104758,81.31880291448033,1.0,-65.81740213465957,34.331938508868184,90.4213536684882,10.843297386788207,-31.348954602803694,-10.0,147.63626448876448,66.28112358348781,150.0,-85.0,101.28992655109074,149.99999999999997,1.0,-9.228363855359227,26.659730855362895,Unfeasible shape,GPSampler,PRUNED
904,904,,2026-05-18 19:57:40.543269,2026-05-18 19:57:41.383344,0 days 00:00:00.840075,147.0340188558589,81.31850822659979,1.0,-65.81243480920617,34.326114523550935,90.43440872370162,10.911225969483063,-31.35695479124759,-10.0,147.6292526047631,66.29280621352517,150.0,-85.0,101.25716733039823,149.99999999999997,1.0,-9.228525441696199,26.659994253645223,Unfeasible shape,GPSampler,PRUNED
905,905,,2026-05-18 19:57:41.538652,2026-05-18 19:57:42.375334,0 days 00:00:00.836682,147.09879437024324,81.27859092449573,1.0,-65.81437645485835,34.351731329635975,90.41269420077141,10.84465899197471,-31.337902468215255,-10.0,147.63291669041135,66.26324878589789,150.0,-85.0,101.25731680459205,149.99999999999997,1.0,-9.232383627002655,26.66910623536964,Unfeasible shape,GPSampler,PRUNED
906,906,,2026-05-18 19:57:42.537604,2026-05-18 19:57:43.191288,0 days 00:00:00.653684,147.0644679157622,81.32581326876102,1.0,-65.80836219214038,34.351229812006515,90.43258658183895,10.868292623770698,-31.353640601401423,-10.0,147.58509180513988,66.26624504762825,150.0,-85.0,101.26125281020853,149.99999999999997,1.0,-9.199355266913976,26.662247608885004,Unfeasible shape,GPSampler,PRUNED
907,907,,2026-05-18 19:57:43.351884,2026-05-18 19:57:44.149131,0 days 00:00:00.797247,147.03691607482367,81.33699878814843,1.0,-65.80940920047115,34.3593933301578,90.40148349535336,10.88497870552221,-31.343892122450896,-10.0,147.58118868515788,66.25933288190917,150.0,-85.0,101.26640224842419,149.99999999999997,1.0,-9.235460528754054,26.66644700332585,Unfeasible shape,GPSampler,PRUNED
908,908,,2026-05-18 19:57:44.304518,2026-05-18 19:57:45.034999,0 days 00:00:00.730481,147.08660872804666,81.31530828779754,1.0,-65.82100428968181,34.317500968304884,90.43755435275207,10.875601684125888,-31.358505317386438,-10.0,147.6112347675687,66.2865410609622,150.0,-85.0,101.27278565640431,149.99999999999997,1.0,-9.222963527147314,26.65609167330109,Unfeasible shape,GPSampler,PRUNED
909,909,,2026-05-18 19:57:45.192541,2026-05-18 19:57:45.566563,0 days 00:00:00.374022,147.03861759721286,81.32564397777244,1.0,-65.81968990866974,34.34392725201961,90.42795638229035,10.885513647419542,-31.35308226231263,-10.0,147.60482552278904,66.29142890146812,150.0,-85.0,101.27074152935617,149.99999999999997,1.0,-9.225510221022716,26.66560702321722,Unfeasible shape,GPSampler,PRUNED
910,910,,2026-05-18 19:57:45.718227,2026-05-18 19:57:46.415412,0 days 00:00:00.697185,147.059557867989,81.3365696471672,1.0,-65.82054800628063,34.33280827784939,90.42315307797767,10.883457418376269,-31.34983531459021,-10.0,147.61833646831087,66.28164757135775,150.0,-85.0,101.26769583948052,149.99999999999997,1.0,-9.230623812011665,26.666148882778323,Unfeasible shape,GPSampler,PRUNED
