,number,value,datetime_start,datetime_complete,duration,params_highPt.lL1,params_highPt.lL2,params_highPt.lL3,params_highPt.rA2,params_highPt.rL1,params_highPt.rL2,params_highPt.rL3,params_highPt.x2,params_highPt.y2,params_lowPt.lL1,params_lowPt.lL2,params_lowPt.lL3,params_lowPt.rA2,params_lowPt.rL1,params_lowPt.rL2,params_lowPt.rL3,params_lowPt.x2,params_lowPt.y2,user_attrs_prune,system_attrs_auto:sampler,state
361,361,,2026-05-18 19:50:49.328528,2026-05-18 19:50:49.647693,0 days 00:00:00.319165,147.0853851317114,81.31743917339375,1.0,-65.80926525649312,34.336004546139044,90.43086953199759,10.906713763510547,-31.352706844723652,-10.0,147.61653772186565,66.29129722069155,150.0,-85.0,101.28938936382501,149.99999999999997,1.0,-9.236335974459493,26.650898512481376,Unfeasible shape,GPSampler,PRUNED
362,362,,2026-05-18 19:50:49.799757,2026-05-18 19:50:50.661363,0 days 00:00:00.861606,147.06729273674958,81.31641298512265,1.0,-65.81781059437748,34.32735833160496,90.42322482999069,10.930334235713074,-31.358333051769964,-10.0,147.60944700136804,66.2742619138048,150.0,-85.0,101.26333907525304,149.99999999999997,1.0,-9.223361063197373,26.66250360322791,Unfeasible shape,GPSampler,PRUNED
363,363,,2026-05-18 19:50:50.809364,2026-05-18 19:50:51.482773,0 days 00:00:00.673409,147.06939403442613,81.30538633249135,1.0,-65.81476538251498,34.33940157199679,90.42066443855903,10.905053817335233,-31.356268942158426,-10.0,147.61712257181907,66.29830032063961,150.0,-85.0,101.28726764465232,149.99999999999997,1.0,-9.221753217671044,26.66335497537147,Unfeasible shape,GPSampler,PRUNED
364,364,,2026-05-18 19:50:51.628210,2026-05-18 19:50:52.204354,0 days 00:00:00.576144,147.08006586606882,81.32310060201098,1.0,-65.8149402580873,34.346107503886834,90.41987850898812,10.871406715775999,-31.359962119142313,-10.0,147.61894231866336,66.27136538197695,150.0,-85.0,101.28294844926734,149.99999999999997,1.0,-9.224154923301754,26.661391181481726,Unfeasible shape,GPSampler,PRUNED
365,365,,2026-05-18 19:50:52.402795,2026-05-18 19:50:52.926791,0 days 00:00:00.523996,147.1288831496045,81.31789555337559,1.0,-65.81210372144972,34.3606627920444,90.4189595936109,10.874183056189105,-31.353401007711568,-10.0,147.57468483704815,66.26146582897688,150.0,-85.0,101.26265035086766,149.99999999999997,1.0,-9.252579281275622,26.665587251925473,Unfeasible shape,GPSampler,PRUNED
366,366,,2026-05-18 19:50:53.077143,2026-05-18 19:50:53.357120,0 days 00:00:00.279977,147.0567394540635,81.32560270299417,1.0,-65.81274639670623,34.336821135800555,90.41329175055728,10.904822084742376,-31.356747362955176,-10.0,147.61265415978585,66.27835642567301,150.0,-85.0,101.26417379538842,149.99999999999997,1.0,-9.226992321331721,26.663092874273204,Unfeasible shape,GPSampler,PRUNED
367,367,,2026-05-18 19:50:53.503399,2026-05-18 19:50:53.893051,0 days 00:00:00.389652,147.07542005577858,81.3087658410697,1.0,-65.82234119903887,34.327982741344364,90.4290507851409,10.879912616245823,-31.36105731861384,-10.0,147.62109864478987,66.28390821561446,150.0,-85.0,101.27287896617936,149.99999999999997,1.0,-9.235461292421526,26.668712616384973,Unfeasible shape,GPSampler,PRUNED
368,368,,2026-05-18 19:50:54.040658,2026-05-18 19:50:54.347430,0 days 00:00:00.306772,147.0950388629542,81.2983585674225,1.0,-65.81047125014612,34.29236543654745,90.42842965985275,10.896957432383543,-31.35630141401028,-10.0,147.59234384954746,66.31387090464,150.0,-85.0,101.2812285612977,149.99999999999997,1.0,-9.212786762896705,26.67069356362822,Unfeasible shape,GPSampler,PRUNED
369,369,,2026-05-18 19:50:54.497111,2026-05-18 19:50:54.806989,0 days 00:00:00.309878,147.0486396454097,81.31281614321732,1.0,-65.81496947229323,34.314516905452265,90.42270298132605,10.884308001537697,-31.35805300456969,-10.0,147.61705466610204,66.27505993392275,150.0,-85.0,101.26784455420263,149.99999999999997,1.0,-9.228532107966572,26.66987356516269,Unfeasible shape,GPSampler,PRUNED
370,370,,2026-05-18 19:50:54.960058,2026-05-18 19:50:55.458305,0 days 00:00:00.498247,147.05776802031917,81.3426589976072,1.0,-65.81833295352507,34.333039413064704,90.37627690921231,10.8987101743689,-31.345140487085416,-10.0,147.59531663619595,66.26751105729667,150.0,-85.0,101.26431844103718,149.99999999999997,1.0,-9.243342197590486,26.66650643535796,Unfeasible shape,GPSampler,PRUNED
371,371,,2026-05-18 19:50:55.611615,2026-05-18 19:50:56.368855,0 days 00:00:00.757240,147.06530213446763,81.31441341397499,1.0,-65.81491831415558,34.34617724442347,90.40070876590607,10.891365997242612,-31.350765961647955,-10.0,147.62815760755376,66.27009357604899,150.0,-85.0,101.25465722159548,149.99999999999997,1.0,-9.229103975144568,26.671515988173205,Unfeasible shape,GPSampler,PRUNED
372,372,,2026-05-18 19:50:56.516197,2026-05-18 19:50:57.350405,0 days 00:00:00.834208,147.04281047063668,81.31490573451511,1.0,-65.80609735578223,34.347911707791035,90.38916560253662,10.903607810645545,-31.36163243189639,-10.0,147.61983298336204,66.26639190696048,150.0,-85.0,101.2297336384928,149.99999999999997,1.0,-9.239972157218887,26.681216619794817,Unfeasible shape,GPSampler,PRUNED
373,373,,2026-05-18 19:50:57.494441,2026-05-18 19:50:58.160433,0 days 00:00:00.665992,147.06260031591037,81.32019088729524,1.0,-65.8144045377062,34.3353173393678,90.42213867863708,10.890671858231276,-31.356526743469498,-10.0,147.6087928793666,66.27688065995565,150.0,-85.0,101.2600890595217,149.99999999999997,1.0,-9.228055020188123,26.664856863072508,Unfeasible shape,GPSampler,PRUNED
374,374,,2026-05-18 19:50:58.306927,2026-05-18 19:50:59.029637,0 days 00:00:00.722710,147.08188109720965,81.35270960589912,1.0,-65.80880182599945,34.396809628421096,90.40674009003239,10.845800815643013,-31.336273883657164,-10.0,147.58062665804255,66.24941235144549,150.0,-85.0,101.30582517483562,149.99999999999997,1.0,-9.24934270081868,26.666024631750872,Unfeasible shape,GPSampler,PRUNED
375,375,,2026-05-18 19:50:59.177356,2026-05-18 19:50:59.508948,0 days 00:00:00.331592,147.05620081693948,81.31135375472078,1.0,-65.8140847529679,34.345050672493294,90.44155128275486,10.877278150281082,-31.367317877599476,-10.0,147.5839190990196,66.2996798566879,150.0,-85.0,101.25407168551892,149.99999999999997,1.0,-9.228104734311167,26.665203635659246,Unfeasible shape,GPSampler,PRUNED
376,376,,2026-05-18 19:50:59.660590,2026-05-18 19:51:00.029492,0 days 00:00:00.368902,147.06805112999393,81.30176796688879,1.0,-65.8240960826014,34.30249779712631,90.44299505066725,10.870894831060099,-31.366932182928355,-10.0,147.6375232432282,66.28301413774888,150.0,-85.0,101.25527540842498,149.99999999999997,1.0,-9.218816618041707,26.66821504462156,Unfeasible shape,GPSampler,PRUNED
377,377,,2026-05-18 19:51:00.185705,2026-05-18 19:51:00.853515,0 days 00:00:00.667810,147.06624401471615,81.29668015220362,1.0,-65.81061582029216,34.298348110923,90.45592765144664,10.90346432021142,-31.361192764167384,-10.0,147.64653117589185,66.26724522957188,150.0,-85.0,101.22505591780875,149.99999999999997,1.0,-9.216331931724767,26.680335831781335,Unfeasible shape,GPSampler,PRUNED
378,378,,2026-05-18 19:51:01.006571,2026-05-18 19:51:01.461623,0 days 00:00:00.455052,147.05454514344757,81.34289594790633,1.0,-65.8399665470343,34.30686447050225,90.39091946751246,10.896123153865476,-31.3682055845802,-10.0,147.5916792911866,66.28119974640825,150.0,-85.0,101.21028443055249,149.99999999999997,1.0,-9.250773482478188,26.684654321803585,Unfeasible shape,GPSampler,PRUNED
379,379,,2026-05-18 19:51:01.608862,2026-05-18 19:51:01.916107,0 days 00:00:00.307245,147.0564945841502,81.3312504534379,1.0,-65.81163521032144,34.331322873676086,90.41682919324343,10.875922574969094,-31.34827239636049,-10.0,147.6239072037738,66.28315362974558,150.0,-85.0,101.25394565396718,149.99999999999997,1.0,-9.229739749875598,26.666047527087102,Unfeasible shape,GPSampler,PRUNED
380,380,,2026-05-18 19:51:02.069841,2026-05-18 19:51:02.656904,0 days 00:00:00.587063,147.06319051613508,81.27923907199947,1.0,-65.81536365263278,34.35519395629354,90.48297621303367,10.933115470344626,-31.34502044508458,-10.0,147.64436185366287,66.30266220422523,150.0,-85.0,101.25089756571055,149.99999999999997,1.0,-9.20172125440704,26.656421450708308,Unfeasible shape,GPSampler,PRUNED
381,381,,2026-05-18 19:51:02.810038,2026-05-18 19:51:03.386455,0 days 00:00:00.576417,147.05804855506133,81.33495571655226,1.0,-65.8033452489632,34.338182379262165,90.43194528466343,10.921161033266204,-31.360947768125385,-10.0,147.5964978831365,66.27663253444989,150.0,-85.0,101.25491399222894,149.99999999999997,1.0,-9.228728825126936,26.66269053048716,Unfeasible shape,GPSampler,PRUNED
382,382,,2026-05-18 19:51:03.531100,2026-05-18 19:51:04.214175,0 days 00:00:00.683075,147.07298423099567,81.32528716397655,1.0,-65.81232226358244,34.28527025013998,90.42749759798444,10.878006401803718,-31.355363531032314,-10.0,147.6049913462223,66.27739681177903,150.0,-85.0,101.27929682259177,149.99999999999997,1.0,-9.22902185625496,26.662702050793385,Unfeasible shape,GPSampler,PRUNED
383,383,,2026-05-18 19:51:04.359861,2026-05-18 19:51:04.924828,0 days 00:00:00.564967,146.97818268710245,81.31327158651528,1.0,-65.8110357498844,34.4130545054235,90.36326766300624,10.958880364364314,-31.353288547444834,-10.0,147.6077992309304,66.24383881953761,150.0,-85.0,101.23558804595405,149.99999999999997,1.0,-9.245415084006886,26.69191818309259,Unfeasible shape,GPSampler,PRUNED
384,384,,2026-05-18 19:51:05.079346,2026-05-18 19:51:05.359818,0 days 00:00:00.280472,147.02352639439877,81.30789728018893,1.0,-65.81751314321224,34.35729788080006,90.41445445186672,10.95564471491614,-31.36513960425155,-10.0,147.6119589921453,66.27801182169851,150.0,-85.0,101.2186868730132,149.99999999999997,1.0,-9.240685184446306,26.674349088576683,Unfeasible shape,GPSampler,PRUNED
385,385,,2026-05-18 19:51:05.521463,2026-05-18 19:51:05.928543,0 days 00:00:00.407080,147.05409967600065,81.3434696854507,1.0,-65.80869791148973,34.33831256811662,90.39030206341889,10.968336401691255,-31.358016317308845,-10.0,147.60640340763823,66.29337799116269,150.0,-85.0,101.29498717403875,149.99999999999997,1.0,-9.211097764645906,26.6468551376827,Unfeasible shape,GPSampler,PRUNED
386,386,,2026-05-18 19:51:06.085416,2026-05-18 19:51:06.425956,0 days 00:00:00.340540,147.04000045616607,81.3172489249084,1.0,-65.81999819338276,34.32576528803775,90.45778715903079,10.876426217840228,-31.359042693360543,-10.0,147.6150177084897,66.25691287735081,150.0,-85.0,101.26965986850526,149.99999999999997,1.0,-9.239462091920515,26.6669495169278,Unfeasible shape,GPSampler,PRUNED
387,387,,2026-05-18 19:51:06.575053,2026-05-18 19:51:07.283797,0 days 00:00:00.708744,147.0392320934764,81.30946396791903,1.0,-65.80709802379053,34.33312696999471,90.4124701798148,10.866725199128137,-31.345963668756998,-10.0,147.61401659219035,66.27945619161517,150.0,-85.0,101.28177705034253,149.99999999999997,1.0,-9.22788437799018,26.668434098721583,Unfeasible shape,GPSampler,PRUNED
388,388,,2026-05-18 19:51:07.431150,2026-05-18 19:51:08.134256,0 days 00:00:00.703106,147.06205029792852,81.32523698534514,1.0,-65.81865718043285,34.3327445869967,90.38487566086091,10.901573987917182,-31.359187619740325,-10.0,147.62406830581173,66.24058364104965,150.0,-85.0,101.28618212393332,149.99999999999997,1.0,-9.232997324148648,26.671356177604075,Unfeasible shape,GPSampler,PRUNED
389,389,,2026-05-18 19:51:08.290326,2026-05-18 19:51:08.610139,0 days 00:00:00.319813,147.1029045086778,81.32952875862657,1.0,-65.8152029251629,34.34880948371045,90.40688899711121,10.84573413772093,-31.354035263469182,-10.0,147.62935263498102,66.27521304998447,150.0,-85.0,101.28489727824496,149.99999999999997,1.0,-9.22810657634043,26.657353152846014,Unfeasible shape,GPSampler,PRUNED
390,390,,2026-05-18 19:51:08.765023,2026-05-18 19:51:09.198011,0 days 00:00:00.432988,147.068564713384,81.2881935354675,1.0,-65.826840667038,34.345422060374595,90.4080620445799,10.86994548724787,-31.344716978015438,-10.0,147.6138023532641,66.27856383855594,150.0,-85.0,101.27133677137438,149.99999999999997,1.0,-9.216757566492063,26.6658299364706,Unfeasible shape,GPSampler,PRUNED
391,391,,2026-05-18 19:51:09.343012,2026-05-18 19:51:10.075918,0 days 00:00:00.732906,147.06229112992546,81.32700504092053,1.0,-65.8058706934788,34.34883598130605,90.40544602967964,10.87653267913115,-31.34603477875849,-10.0,147.6612729773012,66.26339144996706,150.0,-85.0,101.27287534602384,149.99999999999997,1.0,-9.235173236517603,26.668538760934098,Unfeasible shape,GPSampler,PRUNED
392,392,,2026-05-18 19:51:10.218543,2026-05-18 19:51:10.582261,0 days 00:00:00.363718,147.0532365731366,81.32276050465605,1.0,-65.81215604013843,34.3387643140712,90.39871195817317,10.973998800734387,-31.365639520541006,-10.0,147.6086328599636,66.28197241461194,150.0,-85.0,101.22790757993701,149.99999999999997,1.0,-9.220234886969529,26.66311559490613,Unfeasible shape,GPSampler,PRUNED
393,393,,2026-05-18 19:51:10.731219,2026-05-18 19:51:11.341506,0 days 00:00:00.610287,147.0815359709846,81.32389840333877,1.0,-65.80914140864742,34.322211316216936,90.42182575688179,10.892727386829758,-31.35091516137393,-10.0,147.6001172401654,66.29397758544033,150.0,-85.0,101.26097219761417,149.99999999999997,1.0,-9.23240671392417,26.672605425703814,Unfeasible shape,GPSampler,PRUNED
394,394,,2026-05-18 19:51:11.488399,2026-05-18 19:51:11.841746,0 days 00:00:00.353347,147.07553029541765,81.33294304629905,1.0,-65.81752687937148,34.32912356523592,90.43677127044081,10.885865437928429,-31.350518122470795,-10.0,147.60284273528947,66.29049249348456,150.0,-85.0,101.29025013565467,149.99999999999997,1.0,-9.223491750456368,26.661440390123857,Unfeasible shape,GPSampler,PRUNED
395,395,,2026-05-18 19:51:11.986280,2026-05-18 19:51:12.415865,0 days 00:00:00.429585,147.07095075467714,81.30805291446075,1.0,-65.83486210381645,34.297791449383475,90.40277573523024,10.859075659336733,-31.360948997200246,-10.0,147.6226475189727,66.28327562955012,150.0,-85.0,101.25354396651429,149.99999999999997,1.0,-9.230263762326707,26.662391090925986,Unfeasible shape,GPSampler,PRUNED
396,396,,2026-05-18 19:51:12.567395,2026-05-18 19:51:12.941483,0 days 00:00:00.374088,147.05927005968766,81.33246701848091,1.0,-65.81297282058833,34.33413646381636,90.43031696335974,10.868435878722062,-31.347511899833226,-10.0,147.60313615494553,66.28499637142923,150.0,-85.0,101.26755162775285,149.99999999999997,1.0,-9.226876518485227,26.656283202479038,Unfeasible shape,GPSampler,PRUNED
397,397,,2026-05-18 19:51:13.099552,2026-05-18 19:51:13.559646,0 days 00:00:00.460094,147.10064897758056,81.34243606136845,1.0,-65.80707709393646,34.32411695681962,90.45744924779379,10.906787370252758,-31.376262903504525,-10.0,147.63055283517434,66.31446443082191,150.0,-85.0,101.2842927638831,149.99999999999997,1.0,-9.214852204211503,26.65060634132488,Unfeasible shape,GPSampler,PRUNED
398,398,,2026-05-18 19:51:13.712678,2026-05-18 19:51:14.032252,0 days 00:00:00.319574,147.08346099819943,81.32957605771988,1.0,-65.81361523036371,34.28454147624246,90.40062573021393,10.812792994163992,-31.352091397349646,-10.0,147.62343236867474,66.262695867185,150.0,-85.0,101.26626351205789,149.99999999999997,1.0,-9.22809523625012,26.6678495904032,Unfeasible shape,GPSampler,PRUNED
399,399,,2026-05-18 19:51:14.190969,2026-05-18 19:51:14.711673,0 days 00:00:00.520704,147.0807066437365,81.2967325572571,1.0,-65.81548077052955,34.262900558627386,90.44423062002738,10.888587725205419,-31.37675808308435,-10.0,147.61047540833667,66.28169362211607,150.0,-85.0,101.28141628073807,149.99999999999997,1.0,-9.216873826639493,26.667516530446818,Unfeasible shape,GPSampler,PRUNED
400,400,,2026-05-18 19:51:14.867230,2026-05-18 19:51:15.221313,0 days 00:00:00.354083,147.0611611751652,81.33190812962644,1.0,-65.80993258626708,34.32039354785114,90.41548280601906,10.928098508844265,-31.349264867341063,-10.0,147.6191463116646,66.25890160366882,150.0,-85.0,101.26839311805564,149.99999999999997,1.0,-9.260164734865235,26.666765809573427,Unfeasible shape,GPSampler,PRUNED
401,401,,2026-05-18 19:51:15.369899,2026-05-18 19:51:15.747970,0 days 00:00:00.378071,147.06813451754581,81.31362060099514,1.0,-65.81787037157375,34.32982950229456,90.43452613794634,10.890903691796858,-31.36135900322362,-10.0,147.60381965315077,66.28566118669272,150.0,-85.0,101.26773502735993,149.99999999999997,1.0,-9.22128814773577,26.65739316421191,Unfeasible shape,GPSampler,PRUNED
402,402,,2026-05-18 19:51:15.903024,2026-05-18 19:51:16.305140,0 days 00:00:00.402116,147.04923143564542,81.32887247961315,1.0,-65.80094526810726,34.356730434165,90.40078304099166,10.892527608308033,-31.351385641934122,-10.0,147.6182502242808,66.28871985442564,150.0,-85.0,101.28446536632185,149.99999999999997,1.0,-9.233822433765688,26.65867880797206,Unfeasible shape,GPSampler,PRUNED
403,403,,2026-05-18 19:51:16.467655,2026-05-18 19:51:16.854764,0 days 00:00:00.387109,146.94354769710426,81.305335406415,1.0,-65.80408033370905,34.343146927328505,90.38547242791529,10.891230934525854,-31.37182332015274,-10.0,147.60707310565653,66.26929977843099,150.0,-85.0,101.19897618964825,149.99999999999997,1.0,-9.18435947135832,26.672835456327377,Unfeasible shape,GPSampler,PRUNED
404,404,,2026-05-18 19:51:17.016805,2026-05-18 19:51:17.454897,0 days 00:00:00.438092,147.06387099386455,81.3435347523155,1.0,-65.81756171912852,34.32147082678043,90.41653148392186,10.872636127445176,-31.35830047224904,-10.0,147.61440738926942,66.27771495227574,150.0,-85.0,101.27068716349065,149.99999999999997,1.0,-9.232086461138174,26.65310357684276,Unfeasible shape,GPSampler,PRUNED
405,405,,2026-05-18 19:51:17.614949,2026-05-18 19:51:17.978506,0 days 00:00:00.363557,147.05844629831455,81.31786871308684,1.0,-65.81705010623857,34.31487908787431,90.43055956486016,10.88756058697988,-31.35241225239468,-10.0,147.6044468830969,66.27444359559226,150.0,-85.0,101.26668574170328,149.99999999999997,1.0,-9.217546997097124,26.664409848101663,Unfeasible shape,GPSampler,PRUNED
406,406,,2026-05-18 19:51:18.134564,2026-05-18 19:51:18.783706,0 days 00:00:00.649142,147.0505116039109,81.35545401416192,1.0,-65.81208761612737,34.31081098328941,90.4101075806789,10.887563620358117,-31.344926190277477,-10.0,147.63104070696377,66.26533734565173,150.0,-85.0,101.25505024825529,149.99999999999997,1.0,-9.240331914954552,26.663325925524795,Unfeasible shape,GPSampler,PRUNED
407,407,,2026-05-18 19:51:18.930742,2026-05-18 19:51:19.258201,0 days 00:00:00.327459,147.04607475429913,81.36492017004115,1.0,-65.80710870650161,34.36894266337077,90.37492002122775,10.899832921270606,-31.344526588216876,-10.0,147.67239839443076,66.26255516313324,150.0,-85.0,101.26355305557031,149.99999999999997,1.0,-9.227032432453726,26.67585857334611,Unfeasible shape,GPSampler,PRUNED
408,408,,2026-05-18 19:51:19.407239,2026-05-18 19:51:19.829336,0 days 00:00:00.422097,147.10473227350457,81.26174214533906,1.0,-65.79095784888912,34.347525555512064,90.42361689351834,10.878105628823697,-31.335477553041844,-10.0,147.63484829980308,66.2881850187598,150.0,-85.0,101.28257853301903,149.99999999999997,1.0,-9.250386827905238,26.65581098093103,Unfeasible shape,GPSampler,PRUNED
409,409,,2026-05-18 19:51:19.977854,2026-05-18 19:51:20.721060,0 days 00:00:00.743206,147.06833485777477,81.31761254305492,1.0,-65.81543556150372,34.3224764219071,90.4259282689006,10.895760717811491,-31.360202076502464,-10.0,147.61022842038668,66.27859451125292,150.0,-85.0,101.26667890417747,149.99999999999997,1.0,-9.223899185810026,26.664088902463156,Unfeasible shape,GPSampler,PRUNED
410,410,,2026-05-18 19:51:20.873584,2026-05-18 19:51:21.580795,0 days 00:00:00.707211,147.040166430178,81.31462786409836,1.0,-65.81175355376577,34.34272578723334,90.43055262546213,10.886730636637015,-31.36099167780779,-10.0,147.61548775579877,66.28019755564367,150.0,-85.0,101.25162665235185,149.99999999999997,1.0,-9.230569045495962,26.676456646519256,Unfeasible shape,GPSampler,PRUNED
411,411,,2026-05-18 19:51:21.731838,2026-05-18 19:51:22.484507,0 days 00:00:00.752669,147.05021285091223,81.3222124700589,1.0,-65.82541620233272,34.31663285447652,90.44766380700736,10.85861714166925,-31.344368910880128,-10.0,147.61889728171974,66.27807571692136,150.0,-85.0,101.27618035672548,149.99999999999997,1.0,-9.208462431731533,26.68913201210568,Unfeasible shape,GPSampler,PRUNED
412,412,,2026-05-18 19:51:22.639543,2026-05-18 19:51:23.043633,0 days 00:00:00.404090,147.10068730864072,81.30446363370297,1.0,-65.82257073621524,34.342093653231665,90.42510378242531,10.84617333453018,-31.362023845044156,-10.0,147.61623029718447,66.29028942785483,150.0,-85.0,101.28495109188671,149.99999999999997,1.0,-9.194704972616066,26.663896830838688,Unfeasible shape,GPSampler,PRUNED
413,413,,2026-05-18 19:51:23.190167,2026-05-18 19:51:23.492757,0 days 00:00:00.302590,147.09089188053312,81.28791685107775,1.0,-65.82140060029793,34.308227619194824,90.44632824368762,10.90884062113409,-31.366153698279128,-10.0,147.6383758123675,66.2988275998863,150.0,-85.0,101.25267720309517,149.99999999999997,1.0,-9.236811438591687,26.67270898512553,Unfeasible shape,GPSampler,PRUNED
414,414,,2026-05-18 19:51:23.649413,2026-05-18 19:51:23.989011,0 days 00:00:00.339598,147.03888098114015,81.32726525117134,1.0,-65.8239122171856,34.329543165527035,90.41199880312311,10.900152541507664,-31.36451715334119,-10.0,147.56909380557988,66.2742868299497,150.0,-85.0,101.24701463165037,149.99999999999997,1.0,-9.22562006931448,26.672690000454807,Unfeasible shape,GPSampler,PRUNED
415,415,,2026-05-18 19:51:24.144066,2026-05-18 19:51:24.508183,0 days 00:00:00.364117,147.03160099208142,81.2940866094676,1.0,-65.8104956884937,34.31994819351147,90.43255357769844,10.883349099001865,-31.370346605662295,-10.0,147.63069884420784,66.27345166870519,150.0,-85.0,101.20400435478035,149.99999999999997,1.0,-9.239930102801793,26.68841367868584,Unfeasible shape,GPSampler,PRUNED
