,number,value,datetime_start,datetime_complete,duration,params_highPt.lL1,params_highPt.lL2,params_highPt.lL3,params_highPt.rA2,params_highPt.rL1,params_highPt.rL2,params_highPt.rL3,params_highPt.x2,params_highPt.y2,params_lowPt.lL1,params_lowPt.lL2,params_lowPt.lL3,params_lowPt.rA2,params_lowPt.rL1,params_lowPt.rL2,params_lowPt.rL3,params_lowPt.x2,params_lowPt.y2,user_attrs_prune,system_attrs_auto:sampler,state
966,966,,2026-05-18 19:58:28.855297,2026-05-18 19:58:29.273905,0 days 00:00:00.418608,147.07361677777845,81.33881802407255,1.0,-65.80589290148502,34.35282601353008,90.40762293056255,10.890641942090403,-31.334172821875462,-10.0,147.6778810429078,66.24512368065643,150.0,-85.0,101.2752675369016,149.99999999999997,1.0,-9.244027534552743,26.657005124067872,Unfeasible shape,GPSampler,PRUNED
967,967,,2026-05-18 19:58:29.434479,2026-05-18 19:58:29.776189,0 days 00:00:00.341710,147.02702914014918,81.32403424651802,1.0,-65.8074256167778,34.34140280148367,90.384999946991,10.846632685707128,-31.358146088712992,-10.0,147.6275012595747,66.26827291021313,150.0,-85.0,101.22433400471783,149.99999999999997,1.0,-9.225376061030211,26.66522724483383,Unfeasible shape,GPSampler,PRUNED
968,968,,2026-05-18 19:58:29.926096,2026-05-18 19:58:30.520571,0 days 00:00:00.594475,147.0957846200821,81.33905673033198,1.0,-65.80756073862315,34.35678004608395,90.44513866923211,10.807511291831496,-31.335074051629288,-10.0,147.60600511231067,66.20597969007672,150.0,-85.0,101.29931514983481,149.99999999999997,1.0,-9.24755384151328,26.670810982318038,Unfeasible shape,GPSampler,PRUNED
969,969,,2026-05-18 19:58:30.693422,2026-05-18 19:58:31.232588,0 days 00:00:00.539166,147.07400994539572,81.32573421656856,1.0,-65.81407246336003,34.33285628688855,90.43160551811958,10.89694256993724,-31.352159730262457,-10.0,147.60702950658433,66.27894528657843,150.0,-85.0,101.26731756674668,149.99999999999997,1.0,-9.223609074008131,26.66727623429116,Unfeasible shape,GPSampler,PRUNED
970,970,,2026-05-18 19:58:31.389507,2026-05-18 19:58:31.967399,0 days 00:00:00.577892,147.0952892088506,81.31198997902838,1.0,-65.81189543789294,34.351138312710894,90.4044241502287,10.901224362886147,-31.357658848012587,-10.0,147.61877023410017,66.26672807798559,150.0,-85.0,101.26091087577535,149.99999999999997,1.0,-9.214909906914329,26.659874520504523,Unfeasible shape,GPSampler,PRUNED
971,971,,2026-05-18 19:58:32.132826,2026-05-18 19:58:32.870817,0 days 00:00:00.737991,147.07098306397452,81.30811907175551,1.0,-65.80884253477376,34.31260668841639,90.45196232721227,10.869109262436494,-31.364313584421645,-10.0,147.6138112145269,66.27900907063483,150.0,-85.0,101.254650682594,149.99999999999997,1.0,-9.221220076626153,26.6601310117626,Unfeasible shape,GPSampler,PRUNED
972,972,,2026-05-18 19:58:33.030275,2026-05-18 19:58:33.571865,0 days 00:00:00.541590,147.0804090766617,81.35710901079018,1.0,-65.8152166397616,34.331246775977284,90.45015712262213,10.86658818316302,-31.35591913936169,-10.0,147.59088728321186,66.29401618180485,150.0,-85.0,101.31229613534417,149.99999999999997,1.0,-9.217782406446247,26.663194653412837,Unfeasible shape,GPSampler,PRUNED
973,973,,2026-05-18 19:58:33.725877,2026-05-18 19:58:34.084881,0 days 00:00:00.359004,147.08643783171252,81.32269510239553,1.0,-65.82369102723462,34.32171325490667,90.47475881011236,10.866222905203061,-31.36761105591973,-10.0,147.6172758019573,66.2904645481191,150.0,-85.0,101.28907605032025,149.99999999999997,1.0,-9.218167224854483,26.655720188744027,Unfeasible shape,GPSampler,PRUNED
974,974,,2026-05-18 19:58:34.248127,2026-05-18 19:58:34.874709,0 days 00:00:00.626582,147.05679438293262,81.2943083447522,1.0,-65.81331199171177,34.34094970428754,90.42069028556553,10.852364206067335,-31.34513970199029,-10.0,147.61390038245844,66.27648823212665,150.0,-85.0,101.27103963457024,149.99999999999997,1.0,-9.227902463469775,26.6575382339512,Unfeasible shape,GPSampler,PRUNED
975,975,,2026-05-18 19:58:35.023833,2026-05-18 19:58:35.657924,0 days 00:00:00.634091,147.07546817578302,81.32812419702105,1.0,-65.81832485421742,34.32627476101428,90.41944058925576,10.888870523088958,-31.358156934584454,-10.0,147.60744991985598,66.27198101666797,150.0,-85.0,101.27157737203237,149.99999999999997,1.0,-9.226641620701116,26.6599043244762,Unfeasible shape,GPSampler,PRUNED
976,976,,2026-05-18 19:58:35.817809,2026-05-18 19:58:36.261368,0 days 00:00:00.443559,147.05593655715623,81.31337656938645,1.0,-65.8194283885861,34.33224484502435,90.42893841101171,10.898674144425712,-31.35276230503085,-10.0,147.62692466931654,66.28047535496124,150.0,-85.0,101.26561628247158,149.99999999999997,1.0,-9.231434039273068,26.672540232407357,Unfeasible shape,GPSampler,PRUNED
977,977,,2026-05-18 19:58:36.422475,2026-05-18 19:58:37.074738,0 days 00:00:00.652263,147.09009892382429,81.32668760386096,1.0,-65.81156503820796,34.31429753903864,90.41663034600964,10.855525771405636,-31.351698670169352,-10.0,147.62065202664655,66.280858968325,150.0,-85.0,101.29553107486072,149.99999999999997,1.0,-9.225852927038353,26.658619208569057,Unfeasible shape,GPSampler,PRUNED
978,978,,2026-05-18 19:58:37.233938,2026-05-18 19:58:37.798247,0 days 00:00:00.564309,147.06487033390272,81.31803919458508,1.0,-65.81710395195103,34.32881674985258,90.42008035305939,10.894452883744902,-31.362933237732964,-10.0,147.61846302553616,66.26418197637392,150.0,-85.0,101.26433859977317,149.99999999999997,1.0,-9.224240003660078,26.66770586183857,Unfeasible shape,GPSampler,PRUNED
979,979,,2026-05-18 19:58:37.947255,2026-05-18 19:58:38.525060,0 days 00:00:00.577805,147.05268559007396,81.36299389184684,1.0,-65.81026625988693,34.35048575654393,90.39532981227224,10.911339872194633,-31.336687241765073,-10.0,147.6041008579102,66.22491397138008,150.0,-85.0,101.27013449992882,149.99999999999997,1.0,-9.238957953040376,26.66091623672441,Unfeasible shape,GPSampler,PRUNED
980,980,,2026-05-18 19:58:38.706191,2026-05-18 19:58:39.171589,0 days 00:00:00.465398,147.07976982541487,81.29847519418514,1.0,-65.81486644307927,34.34821552124934,90.42886933952708,10.903760577622457,-31.354103217978242,-10.0,147.62117033053215,66.27759486466873,150.0,-85.0,101.27706603995163,149.99999999999997,1.0,-9.21178105071219,26.65685491875228,Unfeasible shape,GPSampler,PRUNED
981,981,,2026-05-18 19:58:39.334544,2026-05-18 19:58:39.899116,0 days 00:00:00.564572,147.06297145282267,81.32845379180333,1.0,-65.81349297760309,34.30958236671422,90.42046343082121,10.890722641008054,-31.359850706035832,-10.0,147.60259037314663,66.27427398335007,150.0,-85.0,101.26490100104961,149.99999999999997,1.0,-9.227722895555615,26.667603134791584,Unfeasible shape,GPSampler,PRUNED
982,982,,2026-05-18 19:58:40.083864,2026-05-18 19:58:40.501777,0 days 00:00:00.417913,147.11897316845307,81.39861774253099,1.0,-65.84331130176292,34.30956960782459,90.41966372475375,10.836695855205672,-31.319958619125398,-10.0,147.64014016310327,66.2561392068066,150.0,-85.0,101.25021076840571,149.99999999999997,1.0,-9.244529132854382,26.675485180075135,Unfeasible shape,GPSampler,PRUNED
983,983,,2026-05-18 19:58:40.679711,2026-05-18 19:58:41.410064,0 days 00:00:00.730353,147.07832244082297,81.3007764648737,1.0,-65.81056962865713,34.33555557571151,90.40766813970828,10.866500940087809,-31.361608094839642,-10.0,147.60876719074716,66.27870154293144,150.0,-85.0,101.29790705426959,149.99999999999997,1.0,-9.211179946192225,26.65246841124867,Unfeasible shape,GPSampler,PRUNED
984,984,,2026-05-18 19:58:41.569536,2026-05-18 19:58:42.527617,0 days 00:00:00.958081,147.0538191453964,81.3303637952147,1.0,-65.82066554371343,34.354292546030756,90.39920573032816,10.874214737398031,-31.349161914288224,-10.0,147.61082420983848,66.26928078314995,150.0,-85.0,101.27283581314637,149.99999999999997,1.0,-9.227076245771045,26.669014761974474,Unfeasible shape,GPSampler,PRUNED
985,985,,2026-05-18 19:58:42.693579,2026-05-18 19:58:43.568670,0 days 00:00:00.875091,147.06203337472635,81.3232685060429,1.0,-65.81266085984093,34.32435189771278,90.41569977197638,10.896783337116538,-31.35658857576292,-10.0,147.6107308712591,66.27429210657039,150.0,-85.0,101.26420567975246,149.99999999999997,1.0,-9.229723324460828,26.668815884030558,Unfeasible shape,GPSampler,PRUNED
986,986,,2026-05-18 19:58:43.726313,2026-05-18 19:58:44.607414,0 days 00:00:00.881101,147.04509580060062,81.41176513270938,1.0,-65.78415967918559,34.36321313003799,90.47335334815675,10.919536535807577,-31.36355014813364,-10.0,147.60418972539696,66.30079492708299,150.0,-85.0,101.26625958499923,149.99999999999997,1.0,-9.20830996618919,26.666951035173703,Unfeasible shape,GPSampler,PRUNED
987,987,,2026-05-18 19:58:44.769524,2026-05-18 19:58:45.545305,0 days 00:00:00.775781,147.0781306570828,81.32460832153072,1.0,-65.81034882453693,34.30925360769582,90.42500207287084,10.870533736503084,-31.3608484529403,-10.0,147.6200303422837,66.29364498719632,150.0,-85.0,101.29729931776563,149.99999999999997,1.0,-9.222235762758913,26.654516366383973,Unfeasible shape,GPSampler,PRUNED
988,988,,2026-05-18 19:58:45.723886,2026-05-18 19:58:46.255459,0 days 00:00:00.531573,146.980525105377,81.40352845935794,1.0,-65.85752973000726,34.33135751333078,90.36686970399384,10.863210153302473,-31.351964773723566,-10.0,147.61506105922348,66.29819140228248,150.0,-85.0,101.23468565333089,149.99999999999997,1.0,-9.20373231175629,26.721155779679876,Unfeasible shape,GPSampler,PRUNED
989,989,,2026-05-18 19:58:46.470488,2026-05-18 19:58:46.823767,0 days 00:00:00.353279,147.06630470987358,81.32054272766487,1.0,-65.81649286265198,34.332463929538925,90.4192415347816,10.89019287492521,-31.35729385024746,-10.0,147.6035184679251,66.27923905289268,150.0,-85.0,101.25175474654398,149.99999999999997,1.0,-9.231210306286684,26.670640415351514,Unfeasible shape,GPSampler,PRUNED
990,990,,2026-05-18 19:58:46.977583,2026-05-18 19:58:47.570130,0 days 00:00:00.592547,147.06318239174732,81.31273228766932,1.0,-65.81300567494046,34.321907615578716,90.42307642942916,10.888703731586892,-31.350879544339154,-10.0,147.6225397333846,66.26665133248041,150.0,-85.0,101.25817847609032,149.99999999999997,1.0,-9.232906209703373,26.66193745071375,Unfeasible shape,GPSampler,PRUNED
991,991,,2026-05-18 19:58:47.732217,2026-05-18 19:58:48.068197,0 days 00:00:00.335980,147.05388202067593,81.32098288127706,1.0,-65.81635170743306,34.32672883719075,90.4097147261772,10.89054998098082,-31.36242732179912,-10.0,147.6218381715286,66.27087217580949,150.0,-85.0,101.272514671879,149.99999999999997,1.0,-9.226525090672034,26.65243452256024,Unfeasible shape,GPSampler,PRUNED
992,992,,2026-05-18 19:58:48.233438,2026-05-18 19:58:48.833166,0 days 00:00:00.599728,147.09374492544956,81.31434728301298,1.0,-65.80740591049303,34.348467558247556,90.4399549532083,10.868016315136915,-31.356392676303575,-10.0,147.61288966939938,66.29409564047288,150.0,-85.0,101.2892449308715,149.99999999999997,1.0,-9.242308970556955,26.66535241724111,Unfeasible shape,GPSampler,PRUNED
993,993,,2026-05-18 19:58:49.003126,2026-05-18 19:58:49.724760,0 days 00:00:00.721634,147.05535261981785,81.3431654370386,1.0,-65.8115389116008,34.336895121963764,90.38351891256875,10.86730225774826,-31.3583555163786,-10.0,147.6305211379343,66.26031324578963,150.0,-85.0,101.28062731672769,149.99999999999997,1.0,-9.227499741272865,26.660482797749772,Unfeasible shape,GPSampler,PRUNED
994,994,,2026-05-18 19:58:49.880982,2026-05-18 19:58:50.487187,0 days 00:00:00.606205,147.05477953634144,81.31824620855369,1.0,-65.81274892772721,34.31971435332931,90.42579836550127,10.89654300682297,-31.383390123258863,-10.0,147.55616575270457,66.28758629540005,150.0,-85.0,101.25347965357143,149.99999999999997,1.0,-9.223533864462318,26.666317756765814,Unfeasible shape,GPSampler,PRUNED
995,995,,2026-05-18 19:58:50.638443,2026-05-18 19:58:50.987659,0 days 00:00:00.349216,147.07284768116594,81.32097124032789,1.0,-65.81946149125447,34.32680619639136,90.41274699251612,10.885831013730101,-31.36165897324268,-10.0,147.61149027743397,66.2740581939215,150.0,-85.0,101.25324559417653,149.99999999999997,1.0,-9.22877590071002,26.669654726949936,Unfeasible shape,GPSampler,PRUNED
996,996,,2026-05-18 19:58:51.228073,2026-05-18 19:58:52.042534,0 days 00:00:00.814461,147.10903338177954,81.30876856001167,1.0,-65.81572883901977,34.32577181332747,90.41726403145401,10.8596858332972,-31.357480185062606,-10.0,147.61224178265954,66.27859131376576,150.0,-85.0,101.269958375675,149.99999999999997,1.0,-9.237371789237564,26.6653350609185,Unfeasible shape,GPSampler,PRUNED
997,997,,2026-05-18 19:58:52.198864,2026-05-18 19:58:53.003220,0 days 00:00:00.804356,147.06986383547175,81.3167738194149,1.0,-65.81547710090791,34.318276609046215,90.43114305472791,10.909481825940567,-31.366633387541857,-10.0,147.5795444048107,66.28612497373864,150.0,-85.0,101.27006489006078,149.99999999999997,1.0,-9.226401710043241,26.659916707303573,Unfeasible shape,GPSampler,PRUNED
998,998,,2026-05-18 19:58:53.167684,2026-05-18 19:58:53.449239,0 days 00:00:00.281555,147.08121800741273,81.33134785597096,1.0,-65.81126232500698,34.337560528489206,90.42002524483367,10.881859658036676,-31.354647362945894,-10.0,147.59411097969715,66.27966901041343,150.0,-85.0,101.26298310607912,149.99999999999997,1.0,-9.230886926132115,26.660488486714954,Unfeasible shape,GPSampler,PRUNED
999,999,,2026-05-18 19:58:53.606745,2026-05-18 19:58:53.933513,0 days 00:00:00.326768,147.06206489334915,81.31339103117476,1.0,-65.81375491237,34.33452338096349,90.42905545405839,10.888794153137932,-31.356473684612975,-10.0,147.61040071658354,66.2877367166303,150.0,-85.0,101.26731235418487,149.99999999999997,1.0,-9.225925008179203,26.66557872182657,Unfeasible shape,GPSampler,PRUNED
