,number,value,datetime_start,datetime_complete,duration,params_highPt.lL1,params_highPt.lL2,params_highPt.lL3,params_highPt.rA2,params_highPt.rL1,params_highPt.rL2,params_highPt.rL3,params_highPt.x2,params_highPt.y2,params_lowPt.lL1,params_lowPt.lL2,params_lowPt.lL3,params_lowPt.rA2,params_lowPt.rL1,params_lowPt.rL2,params_lowPt.rL3,params_lowPt.x2,params_lowPt.y2,user_attrs_prune,system_attrs_auto:sampler,state
746,746,,2026-05-18 19:55:32.100649,2026-05-18 19:55:32.623786,0 days 00:00:00.523137,147.05333758486876,81.32296916999665,1.0,-65.81131668321893,34.33381290416953,90.44773157693574,10.887365136276562,-31.361372915573835,-10.0,147.60337578452354,66.27119474987822,150.0,-85.0,101.2606477046337,149.99999999999997,1.0,-9.218176653017473,26.665262465449274,Unfeasible shape,GPSampler,PRUNED
747,747,,2026-05-18 19:55:32.783105,2026-05-18 19:55:33.605330,0 days 00:00:00.822225,147.04524536251023,81.31276759347247,1.0,-65.80595780904181,34.35249653969244,90.36348023051332,10.862234962493089,-31.334546343694065,-10.0,147.602895381124,66.23201528051017,150.0,-85.0,101.25930976547541,149.99999999999997,1.0,-9.247180359579282,26.668850160385972,Unfeasible shape,GPSampler,PRUNED
748,748,,2026-05-18 19:55:33.776682,2026-05-18 19:55:34.335328,0 days 00:00:00.558646,147.05771057992146,81.31244513499864,1.0,-65.81484262538595,34.34320350736114,90.42746108717272,10.855587403028666,-31.359491812778266,-10.0,147.6185475924146,66.28979010366646,150.0,-85.0,101.26717731318801,149.99999999999997,1.0,-9.23061080545012,26.676889110539662,Unfeasible shape,GPSampler,PRUNED
749,749,,2026-05-18 19:55:34.492379,2026-05-18 19:55:34.848502,0 days 00:00:00.356123,147.0239912000348,81.32357611749492,1.0,-65.81003005800494,34.37171516089761,90.42374296968536,10.916348089702955,-31.352985853690704,-10.0,147.60893418660822,66.2797911385634,150.0,-85.0,101.22867501551288,149.99999999999997,1.0,-9.23285845774543,26.67002813841424,Unfeasible shape,GPSampler,PRUNED
750,750,,2026-05-18 19:55:35.001020,2026-05-18 19:55:35.506626,0 days 00:00:00.505606,147.08289707165363,81.32112399990284,1.0,-65.81587849403545,34.33098063257319,90.43131520354096,10.886578309014576,-31.354233305444787,-10.0,147.60879487782998,66.26503655985653,150.0,-85.0,101.25138981183798,149.99999999999997,1.0,-9.231159065418623,26.65739575649073,Unfeasible shape,GPSampler,PRUNED
751,751,,2026-05-18 19:55:35.669675,2026-05-18 19:55:36.087752,0 days 00:00:00.418077,147.07015871681068,81.32053321909429,1.0,-65.81515770621196,34.34899885888009,90.43961869372114,10.879360343156657,-31.351365785877217,-10.0,147.6026149971003,66.29680545138196,150.0,-85.0,101.27998978324614,149.99999999999997,1.0,-9.221965135527775,26.659030702482724,Unfeasible shape,GPSampler,PRUNED
752,752,,2026-05-18 19:55:36.254828,2026-05-18 19:55:36.756460,0 days 00:00:00.501632,147.06931327883953,81.32589142417206,1.0,-65.8173274011464,34.33515199240187,90.41684313961228,10.889908400066592,-31.358643074466332,-10.0,147.60991799632333,66.27174398065986,150.0,-85.0,101.25644688769754,149.99999999999997,1.0,-9.226705057462517,26.664307468898883,Unfeasible shape,GPSampler,PRUNED
753,753,,2026-05-18 19:55:36.912969,2026-05-18 19:55:37.487139,0 days 00:00:00.574170,147.0733127388673,81.31941081440007,1.0,-65.81419014156712,34.324083638042474,90.4131651882796,10.88518361903573,-31.358502947007985,-10.0,147.61044404107056,66.27824280763609,150.0,-85.0,101.26033766226905,149.99999999999997,1.0,-9.228016205373109,26.663962143404888,Unfeasible shape,GPSampler,PRUNED
754,754,,2026-05-18 19:55:37.643192,2026-05-18 19:55:38.281303,0 days 00:00:00.638111,147.06006267502048,81.29864174448218,1.0,-65.81842676268329,34.33468898958111,90.41945319621345,10.892236726249969,-31.363715322505062,-10.0,147.5932109947963,66.26730474919914,150.0,-85.0,101.26435706274307,149.99999999999997,1.0,-9.232191671194606,26.676726423499744,Unfeasible shape,GPSampler,PRUNED
755,755,,2026-05-18 19:55:38.442405,2026-05-18 19:55:39.159096,0 days 00:00:00.716691,147.05340401029574,81.33344364940808,1.0,-65.81018870487664,34.30425157887534,90.43697425295308,10.910153395656113,-31.35838577782473,-10.0,147.65302862342068,66.23492411036175,150.0,-85.0,101.28019854302003,149.99999999999997,1.0,-9.269902446810654,26.662577825490757,Unfeasible shape,GPSampler,PRUNED
756,756,,2026-05-18 19:55:39.313541,2026-05-18 19:55:39.675103,0 days 00:00:00.361562,147.07432637709954,81.3119412263839,1.0,-65.80534934621343,34.315854026576055,90.45057615575865,10.927130351380226,-31.35532191261551,-10.0,147.60635756588164,66.2795638276958,150.0,-85.0,101.24553326115701,149.99999999999997,1.0,-9.226110930295889,26.66183184700867,Unfeasible shape,GPSampler,PRUNED
757,757,,2026-05-18 19:55:39.831301,2026-05-18 19:55:40.883566,0 days 00:00:01.052265,147.08305021291662,81.32008696958532,1.0,-65.81553480394544,34.33125986751515,90.4248244685857,10.883674958893971,-31.359705959652747,-10.0,147.61421469856387,66.28064401044423,150.0,-85.0,101.28041599578964,149.99999999999997,1.0,-9.224484533021695,26.663690769053908,Unfeasible shape,GPSampler,PRUNED
758,758,,2026-05-18 19:55:41.041159,2026-05-18 19:55:41.433594,0 days 00:00:00.392435,147.07665222351213,81.32748065548039,1.0,-65.80851799589507,34.314299835992614,90.4021345378158,10.87688438635766,-31.363214802673145,-10.0,147.60197751788007,66.26829866074007,150.0,-85.0,101.26360342532794,149.99999999999997,1.0,-9.230151342940935,26.65934860313031,Unfeasible shape,GPSampler,PRUNED
759,759,,2026-05-18 19:55:41.632019,2026-05-18 19:55:42.157549,0 days 00:00:00.525530,147.07649439962213,81.34295152112962,1.0,-65.81136399663814,34.28809645006963,90.41589440855357,10.853943752840523,-31.356610576143936,-10.0,147.60612527671668,66.3052027376029,150.0,-85.0,101.28025256003475,149.99999999999997,1.0,-9.239094652992485,26.663606137649687,Unfeasible shape,GPSampler,PRUNED
760,760,,2026-05-18 19:55:42.312839,2026-05-18 19:55:43.064327,0 days 00:00:00.751488,147.0749846082578,81.30669364018034,1.0,-65.80787463502436,34.32241103859725,90.40523651718964,10.890719453810082,-31.362216009437283,-10.0,147.61794162143684,66.26572266902544,150.0,-85.0,101.25776505926557,149.99999999999997,1.0,-9.231904646107033,26.664160315624365,Unfeasible shape,GPSampler,PRUNED
761,761,,2026-05-18 19:55:43.217452,2026-05-18 19:55:44.182925,0 days 00:00:00.965473,147.05062878974306,81.32630334294471,1.0,-65.81301438842027,34.34838963219688,90.41572004115334,10.902932142153798,-31.35116613233214,-10.0,147.6140487404988,66.26927286121318,150.0,-85.0,101.25393045092332,149.99999999999997,1.0,-9.231998608312068,26.668137245905037,Unfeasible shape,GPSampler,PRUNED
762,762,,2026-05-18 19:55:44.349006,2026-05-18 19:55:45.064341,0 days 00:00:00.715335,147.06025981573666,81.30969878121098,1.0,-65.81310779495429,34.33564808587382,90.40864197357813,10.891861629851816,-31.35673488820929,-10.0,147.61686323321075,66.26695229511743,150.0,-85.0,101.26909951306278,149.99999999999997,1.0,-9.230600364763873,26.66955322908389,Unfeasible shape,GPSampler,PRUNED
763,763,,2026-05-18 19:55:45.221528,2026-05-18 19:55:45.838897,0 days 00:00:00.617369,147.04573600419332,81.32453722712211,1.0,-65.80215366704765,34.30352385549966,90.41691913414624,10.862652267866068,-31.367078118402105,-10.0,147.5917587102616,66.26712584354534,150.0,-85.0,101.24038842297006,149.99999999999997,1.0,-9.232901749405457,26.67203955290048,Unfeasible shape,GPSampler,PRUNED
764,764,,2026-05-18 19:55:45.998125,2026-05-18 19:55:47.004564,0 days 00:00:01.006439,147.03073555828348,81.3319178403619,1.0,-65.80921195005524,34.349141294976384,90.3918815084332,10.899151847353647,-31.3505056634454,-10.0,147.62004668733059,66.2572806192745,150.0,-85.0,101.23320482809572,149.99999999999997,1.0,-9.238591073230715,26.685703653426856,Unfeasible shape,GPSampler,PRUNED
765,765,,2026-05-18 19:55:47.158340,2026-05-18 19:55:47.595532,0 days 00:00:00.437192,147.06156013974703,81.35628619074485,1.0,-65.84148260724206,34.30350359466915,90.41721991351304,10.956538794135497,-31.348668615425826,-10.0,147.64958360746394,66.28185521599951,150.0,-85.0,101.21844664537215,149.99999999999997,1.0,-9.235184247742069,26.67866601299678,Unfeasible shape,GPSampler,PRUNED
766,766,,2026-05-18 19:55:47.752234,2026-05-18 19:55:48.250064,0 days 00:00:00.497830,147.05598081534296,81.31340967801185,1.0,-65.81931034685557,34.335925772969574,90.41019611394624,10.894005139440944,-31.351572776054716,-10.0,147.60667590745854,66.25835772158453,150.0,-85.0,101.24559782863948,149.99999999999997,1.0,-9.23244386768684,26.67599959053252,Unfeasible shape,GPSampler,PRUNED
767,767,,2026-05-18 19:55:48.407758,2026-05-18 19:55:49.259871,0 days 00:00:00.852113,147.05850639446967,81.34863482126357,1.0,-65.82271269432881,34.33065317353457,90.40641043830033,10.90953581716102,-31.359963532195557,-10.0,147.60150073529547,66.26772805961967,150.0,-85.0,101.26011762028325,149.99999999999997,1.0,-9.236507187541797,26.664429665541746,Unfeasible shape,GPSampler,PRUNED
768,768,,2026-05-18 19:55:49.412273,2026-05-18 19:55:49.730773,0 days 00:00:00.318500,147.09077486032618,81.32538820954119,1.0,-65.80194522574237,34.34180357457035,90.42081745877962,10.858613975797123,-31.351116688116413,-10.0,147.61569908362887,66.27299192639337,150.0,-85.0,101.30203889287186,149.99999999999997,1.0,-9.230382583651625,26.65571873512586,Unfeasible shape,GPSampler,PRUNED
769,769,,2026-05-18 19:55:49.882485,2026-05-18 19:55:50.183347,0 days 00:00:00.300862,147.04202766900397,81.35036143662046,1.0,-65.81197172412722,34.305042993148376,90.3970265249702,10.851448320324652,-31.35093099905696,-10.0,147.6049582211533,66.28324292395402,150.0,-85.0,101.2870760266959,149.99999999999997,1.0,-9.21868121037162,26.665896143749933,Unfeasible shape,GPSampler,PRUNED
770,770,,2026-05-18 19:55:50.338831,2026-05-18 19:55:50.911087,0 days 00:00:00.572256,147.063136369238,81.33469749804607,1.0,-65.81646635876285,34.308235542493456,90.42145401433612,10.891948273503038,-31.367076696792285,-10.0,147.61146549031562,66.26438544161398,150.0,-85.0,101.2532209306588,149.99999999999997,1.0,-9.217877411975536,26.6705459666223,Unfeasible shape,GPSampler,PRUNED
771,771,,2026-05-18 19:55:51.066390,2026-05-18 19:55:51.874940,0 days 00:00:00.808550,147.0635035804287,81.31587596433693,1.0,-65.81440014390004,34.32779674136523,90.43194139159777,10.898209533671546,-31.359391915587224,-10.0,147.62500643356012,66.28062752937873,150.0,-85.0,101.26305351959793,149.99999999999997,1.0,-9.225766956846421,26.664119562051468,Unfeasible shape,GPSampler,PRUNED
772,772,,2026-05-18 19:55:52.042906,2026-05-18 19:55:53.112093,0 days 00:00:01.069187,147.05771861816186,81.2968559717713,1.0,-65.82488450488366,34.33900063175859,90.4268791297194,10.928007347566338,-31.363660802293506,-10.0,147.60108399118874,66.2269026326786,150.0,-85.0,101.27162799045094,149.99999999999997,1.0,-9.229981050653734,26.66956467612279,Unfeasible shape,GPSampler,PRUNED
773,773,,2026-05-18 19:55:53.264173,2026-05-18 19:55:54.046300,0 days 00:00:00.782127,147.09287804763628,81.28881739391139,1.0,-65.82472139919915,34.28343028068307,90.37619057386206,10.850845410884665,-31.36830587974961,-10.0,147.61315093378687,66.24247812261893,150.0,-85.0,101.31609957846841,149.99999999999997,1.0,-9.21190772440999,26.66264309930989,Unfeasible shape,GPSampler,PRUNED
774,774,,2026-05-18 19:55:54.205289,2026-05-18 19:55:54.824365,0 days 00:00:00.619076,147.06790107999896,81.3212740074751,1.0,-65.81546652902887,34.330924931829415,90.4302028182601,10.889461014687566,-31.35917342110062,-10.0,147.60860653135154,66.283239250436,150.0,-85.0,101.25981020961765,149.99999999999997,1.0,-9.222978892768452,26.6656299540587,Unfeasible shape,GPSampler,PRUNED
775,775,,2026-05-18 19:55:54.975305,2026-05-18 19:55:55.646026,0 days 00:00:00.670721,147.07142269243104,81.32472095897482,1.0,-65.80672947500193,34.32959716097413,90.43882874862712,10.928061920709808,-31.348824523598523,-10.0,147.60138313260217,66.28902461848148,150.0,-85.0,101.27827837860227,149.99999999999997,1.0,-9.222834743295422,26.656331882922494,Unfeasible shape,GPSampler,PRUNED
776,776,,2026-05-18 19:55:55.796244,2026-05-18 19:55:56.437711,0 days 00:00:00.641467,147.0442533112368,81.3327861557982,1.0,-65.81867478581613,34.303911948470244,90.47287797878334,10.918915231375946,-31.359305667512672,-10.0,147.57074930052795,66.28118238355282,150.0,-85.0,101.24422951849432,149.99999999999997,1.0,-9.214402327527395,26.68163977212447,Unfeasible shape,GPSampler,PRUNED
777,777,,2026-05-18 19:55:56.604970,2026-05-18 19:55:57.422642,0 days 00:00:00.817672,147.05998108295873,81.29466876614927,1.0,-65.81443953780585,34.31118511870004,90.42592145572068,10.891317720073491,-31.35872838031295,-10.0,147.63089224555938,66.27320044010027,150.0,-85.0,101.26804511932076,149.99999999999997,1.0,-9.229262009879768,26.667122087757747,Unfeasible shape,GPSampler,PRUNED
778,778,,2026-05-18 19:55:57.598188,2026-05-18 19:55:58.270746,0 days 00:00:00.672558,147.05236450843555,81.33915061666401,1.0,-65.8166238960989,34.327051647125415,90.44256013571142,10.871073978065217,-31.36365741244051,-10.0,147.6033138372083,66.26977629915531,150.0,-85.0,101.25217061970008,149.99999999999997,1.0,-9.22189182206062,26.66513550820514,Unfeasible shape,GPSampler,PRUNED
779,779,,2026-05-18 19:55:58.424821,2026-05-18 19:55:58.969016,0 days 00:00:00.544195,147.06884105002706,81.30034666156435,1.0,-65.81440147764023,34.33521895629599,90.43526856574469,10.876233432582628,-31.35802801477991,-10.0,147.61055727817364,66.26839569023942,150.0,-85.0,101.27320498197182,149.99999999999997,1.0,-9.22935553956912,26.657633499956255,Unfeasible shape,GPSampler,PRUNED
780,780,,2026-05-18 19:55:59.131264,2026-05-18 19:55:59.871379,0 days 00:00:00.740115,147.07395374513914,81.31466270503601,1.0,-65.81557598675623,34.341431514020776,90.43408327400203,10.876677605436033,-31.35819453320507,-10.0,147.59621031654626,66.28777419156302,150.0,-85.0,101.27776776893505,149.99999999999997,1.0,-9.22258450044994,26.66821153324929,Unfeasible shape,GPSampler,PRUNED
781,781,,2026-05-18 19:56:00.023508,2026-05-18 19:56:01.290391,0 days 00:00:01.266883,147.0460294492101,81.33551573174402,1.0,-65.80371265604114,34.322020231240565,90.34686546126316,10.877603530891744,-31.37401827220114,-10.0,147.65792570706557,66.22514719040545,150.0,-85.0,101.25053898802616,149.99999999999997,1.0,-9.234430959149591,26.665292173673997,Unfeasible shape,GPSampler,PRUNED
782,782,,2026-05-18 19:56:01.470546,2026-05-18 19:56:02.180953,0 days 00:00:00.710407,147.07195076150762,81.32225018677029,1.0,-65.81586077676303,34.3281120821097,90.42474254049421,10.884434087164275,-31.359536145259632,-10.0,147.60614973010232,66.27394255226257,150.0,-85.0,101.26372504020588,149.99999999999997,1.0,-9.225362052137896,26.665617538273764,Unfeasible shape,GPSampler,PRUNED
783,783,,2026-05-18 19:56:02.333894,2026-05-18 19:56:03.058562,0 days 00:00:00.724668,147.07191209887293,81.33103725028215,1.0,-65.81452824754604,34.31738939725827,90.40892638930922,10.876605827425603,-31.35716336376739,-10.0,147.6078474477973,66.29921147022038,150.0,-85.0,101.24821438762325,149.99999999999997,1.0,-9.230267705152258,26.658590767009905,Unfeasible shape,GPSampler,PRUNED
784,784,,2026-05-18 19:56:03.210124,2026-05-18 19:56:03.936111,0 days 00:00:00.725987,146.98991967905508,81.3609100224,1.0,-65.81032548621346,34.377639955094516,90.46102757278017,10.879016669868992,-31.338221391435763,-10.0,147.63973111092548,66.3112731707902,150.0,-85.0,101.27532302773616,149.99999999999997,1.0,-9.219910936840499,26.67683768884467,Unfeasible shape,GPSampler,PRUNED
785,785,,2026-05-18 19:56:04.088863,2026-05-18 19:56:04.654153,0 days 00:00:00.565290,147.04804708944565,81.30843856004782,1.0,-65.8154054648286,34.31682691688272,90.41633153236131,10.902107317053542,-31.35493556091256,-10.0,147.61607541959117,66.29154661961432,150.0,-85.0,101.26896380052212,149.99999999999997,1.0,-9.226976475360793,26.664228804711662,Unfeasible shape,GPSampler,PRUNED
786,786,,2026-05-18 19:56:04.807365,2026-05-18 19:56:05.584723,0 days 00:00:00.777358,147.09230010129434,81.29925081468559,1.0,-65.81706233294697,34.279296132162585,90.44155979545447,10.82338830284888,-31.35590667522096,-10.0,147.6195945068361,66.2580742606509,150.0,-85.0,101.29587186785227,149.99999999999997,1.0,-9.220184612179906,26.653241921872436,Unfeasible shape,GPSampler,PRUNED
787,787,,2026-05-18 19:56:05.759273,2026-05-18 19:56:06.194741,0 days 00:00:00.435468,147.07850643086073,81.32226302790492,1.0,-65.82311843702058,34.325756303380466,90.37339180699163,10.842802188042771,-31.370819588056705,-10.0,147.61652230099494,66.22864173591242,150.0,-85.0,101.29668701135691,149.99999999999997,1.0,-9.220232270112838,26.665053041159865,Unfeasible shape,GPSampler,PRUNED
788,788,,2026-05-18 19:56:06.358730,2026-05-18 19:56:07.151299,0 days 00:00:00.792569,147.06514368221727,81.31989217233097,1.0,-65.81361598890705,34.346679013757644,90.41587781628456,10.902428001730769,-31.36232820077591,-10.0,147.62492605987384,66.26539395489841,150.0,-85.0,101.27258380251808,149.99999999999997,1.0,-9.232428479675825,26.660578587845322,Unfeasible shape,GPSampler,PRUNED
789,789,,2026-05-18 19:56:07.317781,2026-05-18 19:56:08.106978,0 days 00:00:00.789197,147.07605206455403,81.32758960400642,1.0,-65.83689234151298,34.314865137323935,90.39523424109508,10.837387250655599,-31.372390715929452,-10.0,147.6283260788222,66.25311945633608,150.0,-85.0,101.24582425416953,149.99999999999997,1.0,-9.218193454592537,26.678015434024132,Unfeasible shape,GPSampler,PRUNED
790,790,,2026-05-18 19:56:08.268333,2026-05-18 19:56:08.834785,0 days 00:00:00.566452,147.08123470067653,81.30987711245874,1.0,-65.81084969032537,34.33021445308989,90.42653840088255,10.878083612160305,-31.365747326510576,-10.0,147.60307463721176,66.2684492882,150.0,-85.0,101.26451319629825,149.99999999999997,1.0,-9.220512462930074,26.669793111645482,Unfeasible shape,GPSampler,PRUNED
791,791,,2026-05-18 19:56:08.992638,2026-05-18 19:56:09.280756,0 days 00:00:00.288118,147.07859018602704,81.32282324901342,1.0,-65.81821735748508,34.33669219367039,90.4128215205712,10.864318883461825,-31.349987641302178,-10.0,147.6240950665282,66.26711201954366,150.0,-85.0,101.2896593336926,149.99999999999997,1.0,-9.225645994107133,26.664521741590875,Unfeasible shape,GPSampler,PRUNED
792,792,,2026-05-18 19:56:09.431999,2026-05-18 19:56:10.042802,0 days 00:00:00.610803,147.0619794255054,81.3009305974841,1.0,-65.82179865771587,34.37838441075264,90.43966149621386,10.920038495755318,-31.374162730554946,-10.0,147.6469927591813,66.28776219068193,150.0,-85.0,101.24292859477015,149.99999999999997,1.0,-9.218121815213088,26.666461551655843,Unfeasible shape,GPSampler,PRUNED
793,793,,2026-05-18 19:56:10.202843,2026-05-18 19:56:10.511147,0 days 00:00:00.308304,147.05022827352744,81.3544328525624,1.0,-65.8239433113356,34.327062906797735,90.40619957678614,10.928434436550768,-31.361198524426104,-10.0,147.6010422990718,66.2607629497312,150.0,-85.0,101.23745546573866,149.99999999999997,1.0,-9.234163069734329,26.66766661999189,Unfeasible shape,GPSampler,PRUNED
794,794,,2026-05-18 19:56:10.672980,2026-05-18 19:56:10.954887,0 days 00:00:00.281907,147.0853484892897,81.29735290151889,1.0,-65.81988622287369,34.30981271770034,90.40951738584094,10.874701825971355,-31.349371913589735,-10.0,147.6244216829531,66.27713010954464,150.0,-85.0,101.25578837666633,149.99999999999997,1.0,-9.209970591590277,26.663988061999945,Unfeasible shape,GPSampler,PRUNED
795,795,,2026-05-18 19:56:11.108427,2026-05-18 19:56:11.389428,0 days 00:00:00.281001,147.06656869582676,81.34983753604232,1.0,-65.81674301712647,34.339894484576114,90.45854184277293,10.879049651192613,-31.33013698533144,-10.0,147.62635131856717,66.26676035293022,150.0,-85.0,101.24124150482842,149.99999999999997,1.0,-9.246238251621719,26.674900725419135,Unfeasible shape,GPSampler,PRUNED
796,796,,2026-05-18 19:56:11.542993,2026-05-18 19:56:12.372063,0 days 00:00:00.829070,147.05013513087053,81.33429875859134,1.0,-65.8491237789992,34.37774931110732,90.44503013002931,10.866430415026835,-31.36083201282419,-10.0,147.60329032177634,66.24404474924495,150.0,-85.0,101.26471131881942,149.99999999999997,1.0,-9.263134697933324,26.633563275576684,Unfeasible shape,GPSampler,PRUNED
797,797,,2026-05-18 19:56:12.529145,2026-05-18 19:56:13.525438,0 days 00:00:00.996293,147.10083366590737,81.29665088448392,1.0,-65.82045024525793,34.316540869845376,90.44324217651508,10.867598546208237,-31.352316674595862,-10.0,147.59839279450586,66.29024408505549,150.0,-85.0,101.25778664010569,149.99999999999997,1.0,-9.226812583336553,26.657010788620276,Unfeasible shape,GPSampler,PRUNED
798,798,,2026-05-18 19:56:13.676557,2026-05-18 19:56:14.658042,0 days 00:00:00.981485,147.05702766274874,81.34680603040309,1.0,-65.80123047659116,34.331727534544164,90.38611746157889,10.900975716310677,-31.354873467036324,-10.0,147.63468465194728,66.25869028115387,150.0,-85.0,101.25968502482745,149.99999999999997,1.0,-9.209769977358242,26.65944852172308,Unfeasible shape,GPSampler,PRUNED
799,799,,2026-05-18 19:56:14.813704,2026-05-18 19:56:15.243820,0 days 00:00:00.430116,147.0673684116784,81.30897708418412,1.0,-65.82145329912959,34.32346794208541,90.42509140915584,10.86689083076834,-31.375328340241232,-10.0,147.6402132709568,66.2897639223218,150.0,-85.0,101.31829687284825,149.99999999999997,1.0,-9.209236979446835,26.67347630427684,Unfeasible shape,GPSampler,PRUNED
800,800,,2026-05-18 19:56:15.407889,2026-05-18 19:56:16.236510,0 days 00:00:00.828621,147.07177750429747,81.31599387719338,1.0,-65.80886115920745,34.32632405398128,90.42207131976564,10.89912921251396,-31.367423644131623,-10.0,147.5835381720475,66.30104641251707,150.0,-85.0,101.28353466240453,149.99999999999997,1.0,-9.228005707558374,26.656909877217757,Unfeasible shape,GPSampler,PRUNED
