,number,value,datetime_start,datetime_complete,duration,params_highPt.lL1,params_highPt.lL2,params_highPt.lL3,params_highPt.rA2,params_highPt.rL1,params_highPt.rL2,params_highPt.rL3,params_highPt.x2,params_highPt.y2,params_lowPt.lL1,params_lowPt.lL2,params_lowPt.lL3,params_lowPt.rA2,params_lowPt.rL1,params_lowPt.rL2,params_lowPt.rL3,params_lowPt.x2,params_lowPt.y2,user_attrs_prune,system_attrs_auto:sampler,state
691,691,,2026-05-18 19:54:56.507363,2026-05-18 19:54:57.106217,0 days 00:00:00.598854,147.07229728107657,81.30974811867192,1.0,-65.80290083028908,34.290207839214084,90.37865998304055,10.911916268439748,-31.358437553034122,-10.0,147.61220116894827,66.27630041131854,150.0,-85.0,101.28072162684497,149.99999999999997,1.0,-9.238471530155515,26.665180310961162,Unfeasible shape,GPSampler,PRUNED
692,692,,2026-05-18 19:54:57.264761,2026-05-18 19:54:57.561613,0 days 00:00:00.296852,147.0384704138415,81.31800934325372,1.0,-65.83548232256231,34.312938723625805,90.34644069552779,10.88328530124328,-31.353187508088197,-10.0,147.62758630153056,66.29831443763351,150.0,-85.0,101.2597900815593,149.99999999999997,1.0,-9.237178709575772,26.67437456147433,Unfeasible shape,GPSampler,PRUNED
693,693,,2026-05-18 19:54:57.717002,2026-05-18 19:54:58.006572,0 days 00:00:00.289570,147.0815083036181,81.29648223710652,1.0,-65.79945237823193,34.34424552084722,90.41445581919783,10.886671224122372,-31.357032556298375,-10.0,147.6018785621386,66.2804528874325,150.0,-85.0,101.27200026105774,149.99999999999997,1.0,-9.231445870723405,26.67622171618909,Unfeasible shape,GPSampler,PRUNED
694,694,,2026-05-18 19:54:58.166234,2026-05-18 19:54:58.471566,0 days 00:00:00.305332,147.0691036413981,81.33176983862592,1.0,-65.80103964778925,34.34665333142045,90.4286477223086,10.895187712297894,-31.33738394649486,-10.0,147.60635347606973,66.24292800729198,150.0,-85.0,101.26137008252601,149.99999999999997,1.0,-9.253058079688202,26.669018076515947,Unfeasible shape,GPSampler,PRUNED
695,695,,2026-05-18 19:54:58.633623,2026-05-18 19:54:59.137438,0 days 00:00:00.503815,147.06709914587074,81.30759537796474,1.0,-65.81261721899784,34.33127940977168,90.4288733901708,10.880330214873949,-31.361301122761986,-10.0,147.6149929753688,66.29952475154303,150.0,-85.0,101.26235610518513,149.99999999999997,1.0,-9.222204585906674,26.66349595045147,Unfeasible shape,GPSampler,PRUNED
696,696,,2026-05-18 19:54:59.300769,2026-05-18 19:54:59.883230,0 days 00:00:00.582461,147.07974069091384,81.31935624763771,1.0,-65.81304805593167,34.33900454505841,90.4092346791812,10.906152802323701,-31.35544501235156,-10.0,147.6130575355568,66.26121289480868,150.0,-85.0,101.27875593369777,149.99999999999997,1.0,-9.227788938468322,26.66820370502255,Unfeasible shape,GPSampler,PRUNED
697,697,,2026-05-18 19:55:00.035423,2026-05-18 19:55:00.705966,0 days 00:00:00.670543,147.05890399596956,81.29798573707268,1.0,-65.82854953584557,34.31124194525419,90.4302274766047,10.943251295880442,-31.356326480610438,-10.0,147.62132802583275,66.25620662844327,150.0,-85.0,101.25670172485815,149.99999999999997,1.0,-9.226387680864605,26.65716680150235,Unfeasible shape,GPSampler,PRUNED
698,698,,2026-05-18 19:55:00.859507,2026-05-18 19:55:01.566410,0 days 00:00:00.706903,147.0790098008687,81.33816427479701,1.0,-65.8105347586939,34.326980366169565,90.40717368156926,10.89437147401593,-31.36610491099559,-10.0,147.60862261586618,66.28544803295227,150.0,-85.0,101.27665845764673,149.99999999999997,1.0,-9.216600791408162,26.66083770731145,Unfeasible shape,GPSampler,PRUNED
699,699,,2026-05-18 19:55:01.728381,2026-05-18 19:55:02.165430,0 days 00:00:00.437049,147.06630591912523,81.31361450064011,1.0,-65.8105542056113,34.32625325612711,90.4200306087513,10.897104479575905,-31.35581648825635,-10.0,147.62077703090915,66.28955098882265,150.0,-85.0,101.26002309082912,149.99999999999997,1.0,-9.234159742448817,26.666159126874525,Unfeasible shape,GPSampler,PRUNED
700,700,,2026-05-18 19:55:02.318983,2026-05-18 19:55:02.851540,0 days 00:00:00.532557,147.11617062081714,81.31933343877155,1.0,-65.78914939553678,34.341827472438865,90.39913382761975,10.781311977106482,-31.39097966558068,-10.0,147.56052092426336,66.2720502310169,150.0,-85.0,101.25866367921094,149.99999999999997,1.0,-9.206948417468261,26.677463719367402,Unfeasible shape,GPSampler,PRUNED
701,701,,2026-05-18 19:55:03.001722,2026-05-18 19:55:03.328673,0 days 00:00:00.326951,147.0617833324327,81.34620854160048,1.0,-65.81072562897023,34.317920626562874,90.43321570817865,10.887740882402356,-31.36994962066444,-10.0,147.60366590157906,66.3021671352705,150.0,-85.0,101.28414237707638,149.99999999999997,1.0,-9.22734277583298,26.656187850554318,Unfeasible shape,GPSampler,PRUNED
702,702,,2026-05-18 19:55:03.476512,2026-05-18 19:55:03.853047,0 days 00:00:00.376535,147.00838878520173,81.32125276776006,1.0,-65.82241871407192,34.35415913600876,90.48066800474527,10.956741573850064,-31.33562602311133,-10.0,147.62561661951813,66.21281205229943,150.0,-85.0,101.19377226036444,149.99999999999997,1.0,-9.264202544683378,26.618957263137787,Unfeasible shape,GPSampler,PRUNED
703,703,,2026-05-18 19:55:04.011980,2026-05-18 19:55:04.696825,0 days 00:00:00.684845,147.04402997906894,81.31438229054564,1.0,-65.81077065135132,34.32758727651199,90.40951082661707,10.910821856816428,-31.35021385562157,-10.0,147.6165693363589,66.26919491116124,150.0,-85.0,101.2401748289581,149.99999999999997,1.0,-9.227928765088144,26.66851342388381,Unfeasible shape,GPSampler,PRUNED
704,704,,2026-05-18 19:55:04.849635,2026-05-18 19:55:05.333038,0 days 00:00:00.483403,147.03354456005525,81.32202091658172,1.0,-65.8228307556268,34.297839174710006,90.40544585045944,10.846622511765354,-31.36366570073588,-10.0,147.59512410691855,66.28219727189725,150.0,-85.0,101.2654503709863,149.99999999999997,1.0,-9.226412358190267,26.673464026583822,Unfeasible shape,GPSampler,PRUNED
705,705,,2026-05-18 19:55:05.502589,2026-05-18 19:55:06.042618,0 days 00:00:00.540029,147.06919580736346,81.3217892148815,1.0,-65.8163196552553,34.32114307601551,90.41690759979602,10.88291938578781,-31.352147035299673,-10.0,147.62077360405536,66.27043898235436,150.0,-85.0,101.26374543180138,149.99999999999997,1.0,-9.233156855975928,26.669450757762377,Unfeasible shape,GPSampler,PRUNED
706,706,,2026-05-18 19:55:06.192768,2026-05-18 19:55:06.528372,0 days 00:00:00.335604,147.0781618092292,81.31285708963928,1.0,-65.8134333728063,34.33330671220197,90.41874800761897,10.904203336750736,-31.3562336490706,-10.0,147.61343654265067,66.27719203429822,150.0,-85.0,101.26674366011697,149.99999999999997,1.0,-9.224108629362675,26.663732195649494,Unfeasible shape,GPSampler,PRUNED
707,707,,2026-05-18 19:55:06.675905,2026-05-18 19:55:07.018806,0 days 00:00:00.342901,147.05529194048992,81.33441299619372,1.0,-65.82298295873338,34.309301939264294,90.3983411777658,10.858724923839596,-31.357072306497944,-10.0,147.60406651183348,66.26829946857492,150.0,-85.0,101.25829792029819,149.99999999999997,1.0,-9.223246879297648,26.6709993612211,Unfeasible shape,GPSampler,PRUNED
708,708,,2026-05-18 19:55:07.172664,2026-05-18 19:55:08.079199,0 days 00:00:00.906535,147.08836988180474,81.30242900053257,1.0,-65.82209685073347,34.31252763363481,90.45014649370822,10.96942885923974,-31.364983213763065,-10.0,147.61580249904824,66.298543519748,150.0,-85.0,101.27058853332521,149.99999999999997,1.0,-9.215330510669304,26.658056165179993,Unfeasible shape,GPSampler,PRUNED
709,709,,2026-05-18 19:55:08.232150,2026-05-18 19:55:08.970641,0 days 00:00:00.738491,147.07358429161692,81.29981685531855,1.0,-65.8176263067404,34.32059019406427,90.44644259949628,10.875221604846892,-31.354907389155322,-10.0,147.61328653116198,66.27718900504453,150.0,-85.0,101.27102140495329,149.99999999999997,1.0,-9.23228816223154,26.662009990425624,Unfeasible shape,GPSampler,PRUNED
710,710,,2026-05-18 19:55:09.131787,2026-05-18 19:55:09.498349,0 days 00:00:00.366562,147.08700827218718,81.33416053892562,1.0,-65.82582285293785,34.330773728206545,90.4204341270191,10.887944447212883,-31.352655426021247,-10.0,147.6477450483835,66.27471308056738,150.0,-85.0,101.27046867552838,149.99999999999997,1.0,-9.23329857582818,26.66516028206408,Unfeasible shape,GPSampler,PRUNED
711,711,,2026-05-18 19:55:09.644558,2026-05-18 19:55:10.489896,0 days 00:00:00.845338,147.0805266831822,81.32514962288516,1.0,-65.81448841568297,34.32934108582629,90.42696401198334,10.865419531054581,-31.356633847395873,-10.0,147.60416802344528,66.28298442831345,150.0,-85.0,101.29091425357754,149.99999999999997,1.0,-9.219758107431126,26.653982645695045,Unfeasible shape,GPSampler,PRUNED
712,712,,2026-05-18 19:55:10.646103,2026-05-18 19:55:10.941962,0 days 00:00:00.295859,147.06183128735105,81.3100619799218,1.0,-65.81121050735071,34.289811514716966,90.42074926317495,10.911659754185827,-31.358715793234634,-10.0,147.54961078540524,66.26737919665229,150.0,-85.0,101.25057405691302,149.99999999999997,1.0,-9.210134800980697,26.66192666061938,Unfeasible shape,GPSampler,PRUNED
713,713,,2026-05-18 19:55:11.092632,2026-05-18 19:55:11.421359,0 days 00:00:00.328727,147.07034846576872,81.33959413296175,1.0,-65.81365921626931,34.328643078410906,90.38808636086291,10.87259013579259,-31.36178733753997,-10.0,147.61447655731237,66.25992354619359,150.0,-85.0,101.27014446058647,149.99999999999997,1.0,-9.245229108484608,26.669765293572475,Unfeasible shape,GPSampler,PRUNED
714,714,,2026-05-18 19:55:11.577836,2026-05-18 19:55:11.889580,0 days 00:00:00.311744,147.0799669184078,81.36936804140895,1.0,-65.8028593002358,34.32155050362342,90.43981506793989,10.879255576361285,-31.346022969660716,-10.0,147.60077884668493,66.30565944017059,150.0,-85.0,101.2995028786176,149.99999999999997,1.0,-9.215609823942167,26.64339555045268,Unfeasible shape,GPSampler,PRUNED
715,715,,2026-05-18 19:55:12.041640,2026-05-18 19:55:12.413802,0 days 00:00:00.372162,147.00223028560438,81.33661233599095,1.0,-65.8071861642972,34.37516909896555,90.40111863411762,10.925632390834096,-31.349118197103387,-10.0,147.59094035012143,66.27936383015663,150.0,-85.0,101.23121106350563,149.99999999999997,1.0,-9.237720182623015,26.675700104292787,Unfeasible shape,GPSampler,PRUNED
716,716,,2026-05-18 19:55:12.567574,2026-05-18 19:55:13.060174,0 days 00:00:00.492600,147.07225821187325,81.32725830275261,1.0,-65.81642919067619,34.334253454960844,90.41472842603054,10.885989561514817,-31.359576628510652,-10.0,147.59248722881787,66.26987630003924,150.0,-85.0,101.27305197854326,149.99999999999997,1.0,-9.22918911590508,26.6618790876026,Unfeasible shape,GPSampler,PRUNED
717,717,,2026-05-18 19:55:13.223696,2026-05-18 19:55:13.607812,0 days 00:00:00.384116,147.07387488908324,81.30653756132553,1.0,-65.8070862818986,34.31602454623081,90.4234079379123,10.927220337865439,-31.367540725648126,-10.0,147.6371415020802,66.3010854197014,150.0,-85.0,101.26453879563017,149.99999999999997,1.0,-9.222462093476409,26.66580244040557,Unfeasible shape,GPSampler,PRUNED
718,718,,2026-05-18 19:55:13.839387,2026-05-18 19:55:14.683530,0 days 00:00:00.844143,147.0783969725208,81.3215938949967,1.0,-65.81162772701921,34.35039828378036,90.40033468032233,10.845124032581912,-31.36352602281522,-10.0,147.60801338621786,66.31260886407111,150.0,-85.0,101.31444183240485,149.99999999999997,1.0,-9.215117207638656,26.661196782595567,Unfeasible shape,GPSampler,PRUNED
719,719,,2026-05-18 19:55:14.842583,2026-05-18 19:55:15.292680,0 days 00:00:00.450097,147.04775127078685,81.30010113813088,1.0,-65.8141355263943,34.33486849776117,90.40320570670907,10.89994491948158,-31.352612473256716,-10.0,147.60808752454363,66.264592118432,150.0,-85.0,101.25401694949741,149.99999999999997,1.0,-9.233116718050177,26.672798433372094,Unfeasible shape,GPSampler,PRUNED
720,720,,2026-05-18 19:55:15.450393,2026-05-18 19:55:16.087512,0 days 00:00:00.637119,147.1033316210724,81.33843262092721,1.0,-65.81047956367978,34.32810947251404,90.43173913393298,10.878026041991458,-31.369262340035206,-10.0,147.60000374421637,66.28397375131742,150.0,-85.0,101.25835567079605,149.99999999999997,1.0,-9.229863574960632,26.649852908654424,Unfeasible shape,GPSampler,PRUNED
721,721,,2026-05-18 19:55:16.241337,2026-05-18 19:55:16.719426,0 days 00:00:00.478089,147.04914661755106,81.31646077292942,1.0,-65.78907307100644,34.317868937378094,90.43648200934662,10.881731215075058,-31.351149758833433,-10.0,147.59587851046555,66.28982895998807,150.0,-85.0,101.2570682044555,149.99999999999997,1.0,-9.240381056115119,26.68198188320612,Unfeasible shape,GPSampler,PRUNED
722,722,,2026-05-18 19:55:16.868485,2026-05-18 19:55:17.439334,0 days 00:00:00.570849,147.11087947320527,81.34129860286764,1.0,-65.7970869303974,34.35672389782313,90.41851777979669,10.87088205039206,-31.358001620975593,-10.0,147.61944976522034,66.24696124055882,150.0,-85.0,101.25498086998827,149.99999999999997,1.0,-9.21801822907753,26.65410202046339,Unfeasible shape,GPSampler,PRUNED
723,723,,2026-05-18 19:55:17.615875,2026-05-18 19:55:18.013956,0 days 00:00:00.398081,147.0465339711471,81.34018616880732,1.0,-65.81663989033503,34.34017628685469,90.40852708458,10.879943749384513,-31.349651807520402,-10.0,147.59781776646375,66.26866913836497,150.0,-85.0,101.2635160395532,149.99999999999997,1.0,-9.22134246418247,26.66519799448438,Unfeasible shape,GPSampler,PRUNED
724,724,,2026-05-18 19:55:18.209009,2026-05-18 19:55:18.611104,0 days 00:00:00.402095,147.04680696435355,81.33898601809943,1.0,-65.8080056653231,34.339715838353136,90.40532153809563,10.882346388327125,-31.34715115563197,-10.0,147.61946286828274,66.26364042916428,150.0,-85.0,101.26873867609523,149.99999999999997,1.0,-9.239946495850226,26.672911996795378,Unfeasible shape,GPSampler,PRUNED
725,725,,2026-05-18 19:55:18.762154,2026-05-18 19:55:19.197873,0 days 00:00:00.435719,147.04297781066114,81.31735094410993,1.0,-65.80617157214408,34.32682475757528,90.40885295032044,10.902222841374439,-31.356333612903214,-10.0,147.6096245516793,66.26899117942327,150.0,-85.0,101.25769635153794,149.99999999999997,1.0,-9.219309828874536,26.6695767309296,Unfeasible shape,GPSampler,PRUNED
726,726,,2026-05-18 19:55:19.347913,2026-05-18 19:55:19.718506,0 days 00:00:00.370593,147.0763854747737,81.32254175843775,1.0,-65.81321001457877,34.353398543355226,90.43401678187556,10.897941191357054,-31.345603533525924,-10.0,147.61071694728162,66.2813310486653,150.0,-85.0,101.26904475417085,149.99999999999997,1.0,-9.229945788345773,26.66619737050452,Unfeasible shape,GPSampler,PRUNED
727,727,,2026-05-18 19:55:19.892607,2026-05-18 19:55:20.435423,0 days 00:00:00.542816,147.06371806619623,81.31754233078229,1.0,-65.80886532207262,34.33333582821203,90.40865070806966,10.871534242010819,-31.357304978913337,-10.0,147.61497846779957,66.27432566539304,150.0,-85.0,101.2832885733299,149.99999999999997,1.0,-9.22861937121862,26.66196270375542,Unfeasible shape,GPSampler,PRUNED
728,728,,2026-05-18 19:55:20.594949,2026-05-18 19:55:21.227609,0 days 00:00:00.632660,147.0631647314096,81.32859417208437,1.0,-65.82293121197523,34.31113865855074,90.41009176758648,10.859212347960021,-31.36412555673849,-10.0,147.6142955411263,66.27301120278511,150.0,-85.0,101.26610840026662,149.99999999999997,1.0,-9.232123374948102,26.665494762945066,Unfeasible shape,GPSampler,PRUNED
729,729,,2026-05-18 19:55:21.390651,2026-05-18 19:55:22.068359,0 days 00:00:00.677708,147.05025279176905,81.30176168204414,1.0,-65.8197787895896,34.34706570835768,90.44445093224314,10.890587840092836,-31.374162003656156,-10.0,147.59084714749568,66.28826482066994,150.0,-85.0,101.25103017494371,149.99999999999997,1.0,-9.210328530828512,26.66684437364991,Unfeasible shape,GPSampler,PRUNED
730,730,,2026-05-18 19:55:22.238420,2026-05-18 19:55:22.749156,0 days 00:00:00.510736,147.10307783056166,81.30690735783442,1.0,-65.83989604238126,34.29086117594204,90.40389003589883,10.867023135192635,-31.376834532371806,-10.0,147.6476815716146,66.27983272673458,150.0,-85.0,101.25639041248073,149.99999999999997,1.0,-9.223880001387045,26.663742019609508,Unfeasible shape,GPSampler,PRUNED
731,731,,2026-05-18 19:55:22.904968,2026-05-18 19:55:23.321616,0 days 00:00:00.416648,147.0607127298537,81.3389886791479,1.0,-65.80136781735024,34.34354661158555,90.43175564327302,10.827876593752935,-31.352570537634328,-10.0,147.6367932420757,66.26742248295713,150.0,-85.0,101.27552680681221,149.99999999999997,1.0,-9.221244425402837,26.66888337637436,Unfeasible shape,GPSampler,PRUNED
732,732,,2026-05-18 19:55:23.482664,2026-05-18 19:55:23.967297,0 days 00:00:00.484633,147.03895040167262,81.32759923060117,1.0,-65.80766528620478,34.28701591818441,90.42543950529087,10.866304103416915,-31.37940945269485,-10.0,147.62607843417894,66.28129517000767,150.0,-85.0,101.26270401109063,149.99999999999997,1.0,-9.237069706990383,26.677805137148,Unfeasible shape,GPSampler,PRUNED
733,733,,2026-05-18 19:55:24.119817,2026-05-18 19:55:24.414377,0 days 00:00:00.294560,147.06784030143137,81.24799481886625,1.0,-65.82039424341434,34.34297044919593,90.39899689417811,10.849391324471137,-31.34389721632548,-10.0,147.60864232445317,66.3107554548723,150.0,-85.0,101.2494837668226,149.99999999999997,1.0,-9.23543989725924,26.679250570158615,Unfeasible shape,GPSampler,PRUNED
734,734,,2026-05-18 19:55:24.578432,2026-05-18 19:55:25.036031,0 days 00:00:00.457599,147.09061236874683,81.31408052177136,1.0,-65.81722535586238,34.31643692936972,90.42287920802502,10.854702766783912,-31.3624153806609,-10.0,147.59137028794953,66.28444876630324,150.0,-85.0,101.28280575906287,149.99999999999997,1.0,-9.235840252917988,26.65065340976176,Unfeasible shape,GPSampler,PRUNED
735,735,,2026-05-18 19:55:25.189555,2026-05-18 19:55:25.565630,0 days 00:00:00.376075,147.07981898508842,81.30696345159794,1.0,-65.81935686743866,34.30149337063289,90.43264571846059,10.886988912299072,-31.354554427185622,-10.0,147.61932353635197,66.26216103378714,150.0,-85.0,101.27926306430676,149.99999999999997,1.0,-9.224330729878972,26.66401092614339,Unfeasible shape,GPSampler,PRUNED
736,736,,2026-05-18 19:55:25.731166,2026-05-18 19:55:26.247264,0 days 00:00:00.516098,147.05274741430406,81.29526372162582,1.0,-65.81539622716812,34.303146766260134,90.41393613566116,10.924809173906322,-31.359680073579348,-10.0,147.58530619820854,66.26839006118234,150.0,-85.0,101.2835816610031,149.99999999999997,1.0,-9.23037903859936,26.665596245391242,Unfeasible shape,GPSampler,PRUNED
737,737,,2026-05-18 19:55:26.406790,2026-05-18 19:55:26.999919,0 days 00:00:00.593129,147.06887976635684,81.33050118964206,1.0,-65.81134518946278,34.32716012247058,90.4342042630485,10.889872617508672,-31.36077767616296,-10.0,147.6087225882877,66.2716145114565,150.0,-85.0,101.25787713153623,149.99999999999997,1.0,-9.222838180395918,26.66130157593917,Unfeasible shape,GPSampler,PRUNED
738,738,,2026-05-18 19:55:27.156976,2026-05-18 19:55:27.541045,0 days 00:00:00.384069,147.07735624070594,81.3235992644204,1.0,-65.8151138748984,34.32413409403216,90.42734036065244,10.878312795589736,-31.357962801471228,-10.0,147.61354980563388,66.27867195136221,150.0,-85.0,101.27716650684702,149.99999999999997,1.0,-9.225809686420874,26.66105532330897,Unfeasible shape,GPSampler,PRUNED
739,739,,2026-05-18 19:55:27.699230,2026-05-18 19:55:28.103334,0 days 00:00:00.404104,147.05578054205753,81.31853173175062,1.0,-65.81489248574677,34.32529271210074,90.42014145583786,10.902460171328556,-31.362169334004626,-10.0,147.57783553195657,66.28446179008266,150.0,-85.0,101.24716045398304,149.99999999999997,1.0,-9.227024901436465,26.666316220591092,Unfeasible shape,GPSampler,PRUNED
740,740,,2026-05-18 19:55:28.251377,2026-05-18 19:55:28.617979,0 days 00:00:00.366602,147.05352848416942,81.30978584858433,1.0,-65.8244720552364,34.310866511102155,90.41120425293902,10.905200892546128,-31.366688157532806,-10.0,147.63000777840347,66.29221472169243,150.0,-85.0,101.24875961009116,149.99999999999997,1.0,-9.230836707443366,26.673545611474168,Unfeasible shape,GPSampler,PRUNED
741,741,,2026-05-18 19:55:28.778046,2026-05-18 19:55:29.122652,0 days 00:00:00.344606,147.06863072388458,81.31351682293614,1.0,-65.81649880644083,34.323725107765824,90.41776341337729,10.886709104934601,-31.354503958029056,-10.0,147.61833467265097,66.28095316214487,150.0,-85.0,101.26147390182743,149.99999999999997,1.0,-9.233137719533524,26.66726654736305,Unfeasible shape,GPSampler,PRUNED
742,742,,2026-05-18 19:55:29.279689,2026-05-18 19:55:29.656786,0 days 00:00:00.377097,147.07283785301308,81.3311254119917,1.0,-65.81850796810085,34.326783370398445,90.42435515654694,10.875565024357979,-31.361409010607527,-10.0,147.60845071322836,66.27937623326407,150.0,-85.0,101.26787504402517,149.99999999999997,1.0,-9.224988111663151,26.66574228378765,Unfeasible shape,GPSampler,PRUNED
743,743,,2026-05-18 19:55:29.818306,2026-05-18 19:55:30.450846,0 days 00:00:00.632540,147.044420130084,81.32985770629725,1.0,-65.81290157384332,34.35479070975115,90.4124917247606,10.926098019940119,-31.35365613347571,-10.0,147.58902510056737,66.26584479591527,150.0,-85.0,101.24392346818382,149.99999999999997,1.0,-9.232764238958517,26.6707139284536,Unfeasible shape,GPSampler,PRUNED
744,744,,2026-05-18 19:55:30.608428,2026-05-18 19:55:31.082073,0 days 00:00:00.473645,147.07055817209093,81.3183930071765,1.0,-65.81664470053866,34.32821095446032,90.43027597551708,10.87191603273174,-31.35973335593732,-10.0,147.6131163988217,66.27898116266275,150.0,-85.0,101.26462712972337,149.99999999999997,1.0,-9.222791507065516,26.66450339812849,Unfeasible shape,GPSampler,PRUNED
745,745,,2026-05-18 19:55:31.246479,2026-05-18 19:55:31.952608,0 days 00:00:00.706129,147.09383190580164,81.28228135547799,1.0,-65.82269547045979,34.32127618034101,90.4461705391536,10.883416429681013,-31.37890358023656,-10.0,147.58403345787661,66.29561650226547,150.0,-85.0,101.24698375331221,149.99999999999997,1.0,-9.215162805716588,26.66552954103628,Unfeasible shape,GPSampler,PRUNED
