,number,value,datetime_start,datetime_complete,duration,params_highPt.lL1,params_highPt.lL2,params_highPt.lL3,params_highPt.rA2,params_highPt.rL1,params_highPt.rL2,params_highPt.rL3,params_highPt.x2,params_highPt.y2,params_lowPt.lL1,params_lowPt.lL2,params_lowPt.lL3,params_lowPt.rA2,params_lowPt.rL1,params_lowPt.rL2,params_lowPt.rL3,params_lowPt.x2,params_lowPt.y2,user_attrs_prune,system_attrs_auto:sampler,state
636,636,,2026-05-18 19:54:16.575779,2026-05-18 19:54:17.448378,0 days 00:00:00.872599,147.06254940586348,81.27573082695034,1.0,-65.80204220090297,34.326130608237264,90.41611530330492,10.876355797129076,-31.34797787670988,-10.0,147.60889910451104,66.27142901820406,150.0,-85.0,101.25236009622184,149.99999999999997,1.0,-9.244409143047932,26.6624927234718,Unfeasible shape,GPSampler,PRUNED
637,637,,2026-05-18 19:54:17.604635,2026-05-18 19:54:18.100974,0 days 00:00:00.496339,147.06422768816898,81.32054477527959,1.0,-65.81777011912857,34.32110073277409,90.42161897370667,10.887140015289383,-31.36185198265574,-10.0,147.60646412364108,66.27854601490168,150.0,-85.0,101.26144133573317,149.99999999999997,1.0,-9.223892459386775,26.66630871871598,Unfeasible shape,GPSampler,PRUNED
638,638,,2026-05-18 19:54:18.245825,2026-05-18 19:54:18.814886,0 days 00:00:00.569061,147.049253391451,81.32435321239574,1.0,-65.82050797215875,34.32861073320777,90.43155175405448,10.900066821752672,-31.35942027062958,-10.0,147.5965197226074,66.27817954294366,150.0,-85.0,101.25393735806945,149.99999999999997,1.0,-9.229407457430298,26.672180952917408,Unfeasible shape,GPSampler,PRUNED
639,639,,2026-05-18 19:54:18.970329,2026-05-18 19:54:19.440751,0 days 00:00:00.470422,147.04936205357944,81.3335251769484,1.0,-65.8151802137244,34.33425393896549,90.43715366670132,10.9215652676783,-31.36406780476679,-10.0,147.6255267914888,66.28538266454903,150.0,-85.0,101.22983660984941,149.99999999999997,1.0,-9.225859965779115,26.673334228972777,Unfeasible shape,GPSampler,PRUNED
640,640,,2026-05-18 19:54:19.585640,2026-05-18 19:54:19.949637,0 days 00:00:00.363997,147.0421815158147,81.34687521221647,1.0,-65.80444431890004,34.33690070345859,90.41033479508286,10.8933755320626,-31.34301388226477,-10.0,147.6152442774654,66.26631660522322,150.0,-85.0,101.24409867645824,149.99999999999997,1.0,-9.233462296738892,26.67324078809459,Unfeasible shape,GPSampler,PRUNED
641,641,,2026-05-18 19:54:20.107064,2026-05-18 19:54:20.822264,0 days 00:00:00.715200,147.05770054588015,81.327761088035,1.0,-65.80463725484847,34.370036866294164,90.41843464775721,10.913084785374554,-31.387432803969748,-10.0,147.6081344078294,66.25976772880412,150.0,-85.0,101.29010793389173,149.99999999999997,1.0,-9.224513453470628,26.66079526664491,Unfeasible shape,GPSampler,PRUNED
642,642,,2026-05-18 19:54:20.977153,2026-05-18 19:54:21.405218,0 days 00:00:00.428065,147.02505758428103,81.27566068932784,1.0,-65.84556820042975,34.30024815913717,90.40768241283094,10.834647699506526,-31.374530396530567,-10.0,147.65055030113993,66.24111101199766,150.0,-85.0,101.23782029847746,149.99999999999997,1.0,-9.24468834709215,26.669897593096472,Unfeasible shape,GPSampler,PRUNED
643,643,,2026-05-18 19:54:21.564426,2026-05-18 19:54:22.077344,0 days 00:00:00.512918,147.06665554566678,81.33044651318927,1.0,-65.81135526765863,34.310514424307776,90.45315990993996,10.904809855243194,-31.375606972598653,-10.0,147.63211865055067,66.28111428765533,150.0,-85.0,101.2546916775406,149.99999999999997,1.0,-9.215088252242147,26.66531862604449,Unfeasible shape,GPSampler,PRUNED
644,644,,2026-05-18 19:54:22.227375,2026-05-18 19:54:22.938883,0 days 00:00:00.711508,147.0799728418518,81.34393980790836,1.0,-65.81426041266491,34.326352481999486,90.43511102123524,10.883270757683942,-31.359424673677402,-10.0,147.60381662942075,66.28989829344809,150.0,-85.0,101.26313100374573,149.99999999999997,1.0,-9.22764949701223,26.664243167513277,Unfeasible shape,GPSampler,PRUNED
645,645,,2026-05-18 19:54:23.089601,2026-05-18 19:54:23.839122,0 days 00:00:00.749521,147.06454092428848,81.31541480008012,1.0,-65.81952253784091,34.326430545179086,90.44557427374706,10.868316859293634,-31.356333888078883,-10.0,147.611167046058,66.29284626330107,150.0,-85.0,101.26041428093353,149.99999999999997,1.0,-9.228983859499714,26.66606854486426,Unfeasible shape,GPSampler,PRUNED
646,646,,2026-05-18 19:54:23.993202,2026-05-18 19:54:24.311596,0 days 00:00:00.318394,147.10489864676634,81.30330010890773,1.0,-65.81768228541549,34.307098860958064,90.43612119858705,10.936590898864083,-31.373882913790304,-10.0,147.59434933068093,66.27498802075503,150.0,-85.0,101.26909840495442,149.99999999999997,1.0,-9.235481822753151,26.669471678484477,Unfeasible shape,GPSampler,PRUNED
647,647,,2026-05-18 19:54:24.469907,2026-05-18 19:54:25.509751,0 days 00:00:01.039844,147.05807135475257,81.31233173932527,1.0,-65.81504644489893,34.30527484706466,90.4008742620836,10.876009058537868,-31.349465226417596,-10.0,147.63345707494423,66.25846235670947,150.0,-85.0,101.25214422311885,149.99999999999997,1.0,-9.22574862228359,26.678769617512565,Unfeasible shape,GPSampler,PRUNED
648,648,,2026-05-18 19:54:25.686692,2026-05-18 19:54:26.263394,0 days 00:00:00.576702,147.0593825382429,81.33391079232504,1.0,-65.81739661440348,34.41624125418059,90.41597344344785,10.85907607318752,-31.36118144489422,-10.0,147.67654833379717,66.26518286484163,150.0,-85.0,101.25455100957191,149.99999999999997,1.0,-9.232626264387562,26.671713529992175,Unfeasible shape,GPSampler,PRUNED
649,649,,2026-05-18 19:54:26.430727,2026-05-18 19:54:27.195625,0 days 00:00:00.764898,147.0539245466854,81.32229536889004,1.0,-65.81225662674291,34.33652377535803,90.41457784854988,10.858186271844708,-31.358657031577764,-10.0,147.61900730791427,66.2726574820423,150.0,-85.0,101.25380560703482,149.99999999999997,1.0,-9.219473911902561,26.670938378844212,Unfeasible shape,GPSampler,PRUNED
650,650,,2026-05-18 19:54:27.352208,2026-05-18 19:54:27.965981,0 days 00:00:00.613773,147.05471782376824,81.30732258640501,1.0,-65.81834703440353,34.339665794245676,90.43611897631737,10.88521694084551,-31.363702724856953,-10.0,147.62052960890364,66.2864473890766,150.0,-85.0,101.25985481125446,149.99999999999997,1.0,-9.223299976377014,26.66846580777009,Unfeasible shape,GPSampler,PRUNED
651,651,,2026-05-18 19:54:28.118694,2026-05-18 19:54:28.634074,0 days 00:00:00.515380,147.07404106856305,81.31431222634397,1.0,-65.81531133457871,34.325818369649504,90.42213416647192,10.863615144299986,-31.3605746525219,-10.0,147.61255076418087,66.27778666420325,150.0,-85.0,101.25621922342081,149.99999999999997,1.0,-9.231128186176278,26.668116463446474,Unfeasible shape,GPSampler,PRUNED
652,652,,2026-05-18 19:54:28.786164,2026-05-18 19:54:29.339779,0 days 00:00:00.553615,147.0614915033872,81.3267268542095,1.0,-65.82259519306368,34.33130790681293,90.40936781562601,10.87706950002721,-31.360534871489296,-10.0,147.61851509323952,66.26974887411232,150.0,-85.0,101.25291199051141,149.99999999999997,1.0,-9.222322333178738,26.65875622240104,Unfeasible shape,GPSampler,PRUNED
653,653,,2026-05-18 19:54:29.500730,2026-05-18 19:54:30.517323,0 days 00:00:01.016593,147.1303574629921,81.36396971071207,1.0,-65.7741336835497,34.28586152231863,90.44528274561024,10.793239028532692,-31.36570508351655,-10.0,147.58641822834167,66.26373725399208,150.0,-85.0,101.32053190730853,149.99999999999997,1.0,-9.227160646555035,26.64692896706186,Unfeasible shape,GPSampler,PRUNED
654,654,,2026-05-18 19:54:30.667367,2026-05-18 19:54:31.287932,0 days 00:00:00.620565,147.06640317155194,81.32143493895947,1.0,-65.81456347691746,34.330924809169026,90.42230565464327,10.88635786591899,-31.35688074184745,-10.0,147.60912322461786,66.27649397892986,150.0,-85.0,101.26737747976325,149.99999999999997,1.0,-9.225797591077523,26.66387469851656,Unfeasible shape,GPSampler,PRUNED
655,655,,2026-05-18 19:54:31.438806,2026-05-18 19:54:32.260236,0 days 00:00:00.821430,147.04906189554333,81.31996987160976,1.0,-65.81222243630661,34.33980716899701,90.41263078170404,10.847557065951348,-31.361033719238478,-10.0,147.62585161405022,66.27986898857385,150.0,-85.0,101.26359603943105,149.99999999999997,1.0,-9.2205722267609,26.6672015777985,Unfeasible shape,GPSampler,PRUNED
656,656,,2026-05-18 19:54:32.420007,2026-05-18 19:54:33.196649,0 days 00:00:00.776642,147.05295599403965,81.34077523848784,1.0,-65.82437784759844,34.32822087758086,90.41928428142172,10.890977099992421,-31.364354964525035,-10.0,147.60218442163102,66.30503291614804,150.0,-85.0,101.25197916528411,149.99999999999997,1.0,-9.211387008468947,26.669589871353026,Unfeasible shape,GPSampler,PRUNED
657,657,,2026-05-18 19:54:33.349431,2026-05-18 19:54:33.806338,0 days 00:00:00.456907,147.0450686764883,81.3540097449665,1.0,-65.80858361712174,34.32788875803623,90.38455464445049,10.872105961006481,-31.344599189660382,-10.0,147.62148807393442,66.27664192767483,150.0,-85.0,101.28640785242564,149.99999999999997,1.0,-9.215515496957778,26.67755634481835,Unfeasible shape,GPSampler,PRUNED
658,658,,2026-05-18 19:54:33.962397,2026-05-18 19:54:34.709066,0 days 00:00:00.746669,147.08368060704478,81.307663802069,1.0,-65.80130035470799,34.34274680287715,90.45841213190035,10.864524733861261,-31.34704285337649,-10.0,147.619122048264,66.29847856008814,150.0,-85.0,101.26257407011421,149.99999999999997,1.0,-9.224535023021438,26.65424586220159,Unfeasible shape,GPSampler,PRUNED
659,659,,2026-05-18 19:54:34.865564,2026-05-18 19:54:35.238164,0 days 00:00:00.372600,147.0377311758196,81.33439132208808,1.0,-65.79209505740744,34.36860484356845,90.42910334375807,10.914086712157982,-31.329216371486062,-10.0,147.6023947396711,66.27677619947448,150.0,-85.0,101.21134539438815,149.99999999999997,1.0,-9.238240381788003,26.6831719095715,Unfeasible shape,GPSampler,PRUNED
660,660,,2026-05-18 19:54:35.393349,2026-05-18 19:54:36.069703,0 days 00:00:00.676354,147.05057313683193,81.33393662656792,1.0,-65.83240304978598,34.33204670272194,90.39311648311508,10.845128299416386,-31.365056173087588,-10.0,147.6028717205656,66.27669198203304,150.0,-85.0,101.26596298289992,149.99999999999997,1.0,-9.216689135640593,26.669125920985422,Unfeasible shape,GPSampler,PRUNED
661,661,,2026-05-18 19:54:36.222260,2026-05-18 19:54:36.723019,0 days 00:00:00.500759,147.09501086793827,81.35687519603131,1.0,-65.8385040778218,34.32616734225434,90.49288019803284,10.966091333918936,-31.372508562791875,-10.0,147.6305313523168,66.23504444865868,150.0,-85.0,101.20914053087111,149.99999999999997,1.0,-9.194166764148015,26.6579461439298,Unfeasible shape,GPSampler,PRUNED
662,662,,2026-05-18 19:54:36.883281,2026-05-18 19:54:37.409167,0 days 00:00:00.525886,147.0442974062547,81.32079961466532,1.0,-65.81451514710346,34.384788280292405,90.4391007135659,10.886049986114024,-31.349321824400835,-10.0,147.63544838454467,66.29491800081198,150.0,-85.0,101.21088792142561,149.99999999999997,1.0,-9.227305438502178,26.651511948041033,Unfeasible shape,GPSampler,PRUNED
663,663,,2026-05-18 19:54:37.560934,2026-05-18 19:54:37.904393,0 days 00:00:00.343459,147.06615173039708,81.31427166812976,1.0,-65.81716714521986,34.31962419628833,90.42836319823061,10.879989687624356,-31.36065764947691,-10.0,147.61854495326898,66.27498348334382,150.0,-85.0,101.25993820228382,149.99999999999997,1.0,-9.217179033347868,26.661271501309372,Unfeasible shape,GPSampler,PRUNED
664,664,,2026-05-18 19:54:38.061376,2026-05-18 19:54:38.775800,0 days 00:00:00.714424,147.10318658485755,81.3126732463098,1.0,-65.82785203276269,34.31906250618536,90.37160495810812,10.87883033525065,-31.367775945295282,-10.0,147.61360568530253,66.27684866318317,150.0,-85.0,101.27961457746966,149.99999999999997,1.0,-9.2307024141829,26.671376819877537,Unfeasible shape,GPSampler,PRUNED
665,665,,2026-05-18 19:54:38.929967,2026-05-18 19:54:39.321494,0 days 00:00:00.391527,147.06286853409534,81.31617604329395,1.0,-65.81046523951488,34.32614227501938,90.4460864576962,10.87584353650191,-31.352261875292022,-10.0,147.60685727650895,66.26860318159571,150.0,-85.0,101.2668486378915,149.99999999999997,1.0,-9.213931801534692,26.664605727683345,Unfeasible shape,GPSampler,PRUNED
666,666,,2026-05-18 19:54:39.474250,2026-05-18 19:54:40.026930,0 days 00:00:00.552680,147.05015945071398,81.32184034830074,1.0,-65.80760061355706,34.325313537053454,90.40991390127063,10.890437042274796,-31.365194548174276,-10.0,147.6160396350286,66.25871260262902,150.0,-85.0,101.27805996592858,149.99999999999997,1.0,-9.210404275278734,26.66515385913003,Unfeasible shape,GPSampler,PRUNED
667,667,,2026-05-18 19:54:40.180849,2026-05-18 19:54:40.794475,0 days 00:00:00.613626,147.06098223286375,81.36810220384001,1.0,-65.81333659685637,34.30740441877239,90.40009566539077,10.857485424941856,-31.342841796300362,-10.0,147.62027267976373,66.27122681867826,150.0,-85.0,101.28053750329099,149.99999999999997,1.0,-9.239018815780923,26.66535064475807,Unfeasible shape,GPSampler,PRUNED
668,668,,2026-05-18 19:54:40.955817,2026-05-18 19:54:41.647291,0 days 00:00:00.691474,147.08344892562695,81.32337561096513,1.0,-65.81754099472563,34.31448399749144,90.43549532035613,10.861242338762395,-31.357180940115,-10.0,147.613483881873,66.28288896488189,150.0,-85.0,101.28822301197314,149.99999999999997,1.0,-9.222973742443514,26.65786976574074,Unfeasible shape,GPSampler,PRUNED
669,669,,2026-05-18 19:54:41.806287,2026-05-18 19:54:42.130533,0 days 00:00:00.324246,147.07859596657758,81.3110616547154,1.0,-65.81943321380976,34.332606586544756,90.42099489199974,10.880068147854185,-31.360354433838665,-10.0,147.6058580913718,66.29011493805604,150.0,-85.0,101.26780810293741,149.99999999999997,1.0,-9.224622163524351,26.672068267667342,Unfeasible shape,GPSampler,PRUNED
670,670,,2026-05-18 19:54:42.294545,2026-05-18 19:54:42.873064,0 days 00:00:00.578519,147.0571772132786,81.30625083429027,1.0,-65.81499693924243,34.33365282377194,90.40988653994442,10.899129834903434,-31.3553301813371,-10.0,147.6073933876256,66.26689286808454,150.0,-85.0,101.25351572181121,149.99999999999997,1.0,-9.23130921173513,26.670583529130916,Unfeasible shape,GPSampler,PRUNED
671,671,,2026-05-18 19:54:43.026219,2026-05-18 19:54:43.696528,0 days 00:00:00.670309,147.03030536932792,81.34153426547606,1.0,-65.81427299386351,34.33436509387939,90.44096887984325,10.891365339571337,-31.349199131011638,-10.0,147.610281163037,66.27012015240358,150.0,-85.0,101.25739131814483,149.99999999999997,1.0,-9.224989015525367,26.673003706574335,Unfeasible shape,GPSampler,PRUNED
672,672,,2026-05-18 19:54:43.851092,2026-05-18 19:54:44.361843,0 days 00:00:00.510751,147.0945762275855,81.39404286168127,1.0,-65.8179097663616,34.27169017352305,90.39851718301033,10.817737353293662,-31.327929955577297,-10.0,147.64588095118393,66.26663851343056,150.0,-85.0,101.21267106740622,149.99999999999997,1.0,-9.245939925037142,26.67448002169369,Unfeasible shape,GPSampler,PRUNED
673,673,,2026-05-18 19:54:44.515278,2026-05-18 19:54:44.960174,0 days 00:00:00.444896,147.06588684304077,81.30963765857564,1.0,-65.81567798298322,34.33446992415308,90.41279386621308,10.89491944577332,-31.355010267111115,-10.0,147.6031407614358,66.27657725730536,150.0,-85.0,101.25101776802707,149.99999999999997,1.0,-9.23282776897318,26.670924098285113,Unfeasible shape,GPSampler,PRUNED
674,674,,2026-05-18 19:54:45.112097,2026-05-18 19:54:45.461309,0 days 00:00:00.349212,147.09641611275396,81.31143539849943,1.0,-65.82296524401207,34.304319368590676,90.42967902037617,10.883176044150472,-31.343380783552007,-10.0,147.61082440694722,66.28850604282444,150.0,-85.0,101.27452916918551,149.99999999999997,1.0,-9.220321540630117,26.667368263898986,Unfeasible shape,GPSampler,PRUNED
675,675,,2026-05-18 19:54:45.620883,2026-05-18 19:54:46.407695,0 days 00:00:00.786812,147.09294515807505,81.28399827894437,1.0,-65.7958056197943,34.32669657722023,90.3999536475004,10.795517709104104,-31.338390479758086,-10.0,147.5941678916509,66.27544789321257,150.0,-85.0,101.21238249736273,149.99999999999997,1.0,-9.242556743128944,26.693393158440692,Unfeasible shape,GPSampler,PRUNED
676,676,,2026-05-18 19:54:46.562029,2026-05-18 19:54:46.860264,0 days 00:00:00.298235,147.0591946420998,81.32372358187578,1.0,-65.8143422084853,34.336039002708205,90.41531870078956,10.903449530614115,-31.357230831801367,-10.0,147.6124254580226,66.27201632475392,150.0,-85.0,101.25726925997677,149.99999999999997,1.0,-9.228460225690355,26.66691121189266,Unfeasible shape,GPSampler,PRUNED
677,677,,2026-05-18 19:54:47.011815,2026-05-18 19:54:47.658168,0 days 00:00:00.646353,147.06563714002854,81.3156281040468,1.0,-65.81867591502207,34.39062462150718,90.37573113224806,10.89345502556517,-31.351079559783994,-10.0,147.5883508806311,66.27489097887492,150.0,-85.0,101.24898738312915,149.99999999999997,1.0,-9.236477692781918,26.65358986685157,Unfeasible shape,GPSampler,PRUNED
678,678,,2026-05-18 19:54:47.816513,2026-05-18 19:54:48.365367,0 days 00:00:00.548854,147.07044688262664,81.32879692643951,1.0,-65.81457048405031,34.34027180878021,90.4199568433942,10.876773851336768,-31.352979972111704,-10.0,147.60743983876293,66.2694657849162,150.0,-85.0,101.26583413899564,149.99999999999997,1.0,-9.227713714074653,26.66501449709674,Unfeasible shape,GPSampler,PRUNED
679,679,,2026-05-18 19:54:48.511768,2026-05-18 19:54:48.867647,0 days 00:00:00.355879,147.06229439902856,81.32130852879598,1.0,-65.81483245662551,34.332968469392796,90.41853583165805,10.88133629174741,-31.3587088855357,-10.0,147.60813515389947,66.27508008806706,150.0,-85.0,101.25892859590418,149.99999999999997,1.0,-9.227059616523391,26.666897670407423,Unfeasible shape,GPSampler,PRUNED
680,680,,2026-05-18 19:54:49.022822,2026-05-18 19:54:49.380220,0 days 00:00:00.357398,147.0805287364348,81.32289746674894,1.0,-65.81324904956803,34.32417401125623,90.42135779705046,10.880006791315141,-31.356627622463105,-10.0,147.61688161523227,66.28135100325974,150.0,-85.0,101.27636060061938,149.99999999999997,1.0,-9.227307210073398,26.660297582466363,Unfeasible shape,GPSampler,PRUNED
681,681,,2026-05-18 19:54:49.531126,2026-05-18 19:54:49.832525,0 days 00:00:00.301399,147.0612059854991,81.31763291936005,1.0,-65.81213531587558,34.32429952393636,90.43039198097182,10.894245357614249,-31.357965868364694,-10.0,147.61318585224063,66.284483025476,150.0,-85.0,101.2682105738458,149.99999999999997,1.0,-9.225125084477206,26.661922871109326,Unfeasible shape,GPSampler,PRUNED
682,682,,2026-05-18 19:54:49.988295,2026-05-18 19:54:50.443301,0 days 00:00:00.455006,147.13547800521317,81.37213717642481,1.0,-65.83676417424431,34.30229803402131,90.36030457731269,10.79247580094715,-31.3162507034256,-10.0,147.60632527270974,66.24064031931829,150.0,-85.0,101.33138866855921,149.99999999999997,1.0,-9.227837015610163,26.662586827732248,Unfeasible shape,GPSampler,PRUNED
683,683,,2026-05-18 19:54:50.601609,2026-05-18 19:54:51.301189,0 days 00:00:00.699580,147.06099206936537,81.32670437248801,1.0,-65.8133127950831,34.324938573780486,90.41775326323003,10.886733849628449,-31.354499654934866,-10.0,147.622450320527,66.26850855131426,150.0,-85.0,101.26699699986682,149.99999999999997,1.0,-9.228760405237871,26.664438093770258,Unfeasible shape,GPSampler,PRUNED
684,684,,2026-05-18 19:54:51.449560,2026-05-18 19:54:52.242178,0 days 00:00:00.792618,147.09100103752374,81.3156771837502,1.0,-65.81308051139857,34.303942037144765,90.4517776526804,10.867049050020478,-31.3662968219919,-10.0,147.6090359247221,66.28613643636659,150.0,-85.0,101.29161907035989,149.99999999999997,1.0,-9.223152867473416,26.650685744165393,Unfeasible shape,GPSampler,PRUNED
685,685,,2026-05-18 19:54:52.393292,2026-05-18 19:54:53.105864,0 days 00:00:00.712572,147.0473427710411,81.30313399246657,1.0,-65.8157588853853,34.34628516219382,90.43045108146008,10.856278727119303,-31.361486480241112,-10.0,147.61277985935814,66.26566618016659,150.0,-85.0,101.2404550076517,149.99999999999997,1.0,-9.222903212001995,26.673845692465434,Unfeasible shape,GPSampler,PRUNED
686,686,,2026-05-18 19:54:53.258075,2026-05-18 19:54:53.802790,0 days 00:00:00.544715,147.07352620038574,81.3210032064643,1.0,-65.80814973128777,34.34246607893612,90.44349606289474,10.884013414555438,-31.342716847363043,-10.0,147.62491128950361,66.28497237361957,150.0,-85.0,101.27723087949384,149.99999999999997,1.0,-9.219419600359466,26.67633978659913,Unfeasible shape,GPSampler,PRUNED
687,687,,2026-05-18 19:54:53.954693,2026-05-18 19:54:54.339074,0 days 00:00:00.384381,147.07055635627654,81.37460275241173,1.0,-65.80981878757626,34.28959553421503,90.39835135852096,10.892362411791819,-31.33370553576149,-10.0,147.62473189733203,66.27365956431584,150.0,-85.0,101.26809266603779,149.99999999999997,1.0,-9.22462346225462,26.683779612795107,Unfeasible shape,GPSampler,PRUNED
688,688,,2026-05-18 19:54:54.507563,2026-05-18 19:54:55.220385,0 days 00:00:00.712822,147.0717739443296,81.32145694112374,1.0,-65.8103801055414,34.32155167710921,90.39731494247762,10.892031061570501,-31.364416012300378,-10.0,147.62332002669035,66.26749465377593,150.0,-85.0,101.27381170781617,149.99999999999997,1.0,-9.235283180560096,26.66812893910923,Unfeasible shape,GPSampler,PRUNED
689,689,,2026-05-18 19:54:55.379721,2026-05-18 19:54:55.814493,0 days 00:00:00.434772,147.0376615256948,81.32701608189163,1.0,-65.81782863825588,34.316268767393694,90.41362069657082,10.910385501218666,-31.359889565443833,-10.0,147.61270957266098,66.27192877331672,150.0,-85.0,101.2693381591667,149.99999999999997,1.0,-9.222398879702894,26.668679530836997,Unfeasible shape,GPSampler,PRUNED
690,690,,2026-05-18 19:54:55.972506,2026-05-18 19:54:56.350163,0 days 00:00:00.377657,147.09074609110007,81.24198334549749,1.0,-65.83997735026068,34.25598427566525,90.50067695993776,10.943031820739785,-31.407725033164134,-10.0,147.52072794765056,66.32874240323316,150.0,-85.0,101.21523182573159,149.99999999999997,1.0,-9.210830060535962,26.668817278526106,Unfeasible shape,GPSampler,PRUNED
