,number,value,datetime_start,datetime_complete,duration,params_highPt.lL1,params_highPt.lL2,params_highPt.lL3,params_highPt.rA2,params_highPt.rL1,params_highPt.rL2,params_highPt.rL3,params_highPt.x2,params_highPt.y2,params_lowPt.lL1,params_lowPt.lL2,params_lowPt.lL3,params_lowPt.rA2,params_lowPt.rL1,params_lowPt.rL2,params_lowPt.rL3,params_lowPt.x2,params_lowPt.y2,user_attrs_prune,system_attrs_auto:sampler,state
581,581,,2026-05-18 19:53:36.404669,2026-05-18 19:53:37.082194,0 days 00:00:00.677525,147.04961016910124,81.31151936180918,1.0,-65.80750533204801,34.30748892462601,90.4493302447658,10.810493962686586,-31.35339112792627,-10.0,147.62663555654703,66.19729769936679,150.0,-85.0,101.18847329461421,149.99999999999997,1.0,-9.215148466963974,26.674913374270936,Unfeasible shape,GPSampler,PRUNED
582,582,,2026-05-18 19:53:37.230563,2026-05-18 19:53:37.619274,0 days 00:00:00.388711,147.07921180422665,81.29599315352974,1.0,-65.80617559882404,34.27265497136289,90.43293592807225,10.919657360246958,-31.353949013162023,-10.0,147.601362359143,66.28200641145735,150.0,-85.0,101.31283364326498,149.99999999999997,1.0,-9.2274298825619,26.648752142543806,Unfeasible shape,GPSampler,PRUNED
583,583,,2026-05-18 19:53:37.770906,2026-05-18 19:53:38.322447,0 days 00:00:00.551541,147.05242422689702,81.32904271948088,1.0,-65.81217917751428,34.32649977549978,90.40525334430913,10.86643291133423,-31.350730125261638,-10.0,147.62416638093063,66.2793605418181,150.0,-85.0,101.28148822374325,149.99999999999997,1.0,-9.221822700744141,26.667378237119735,Unfeasible shape,GPSampler,PRUNED
584,584,,2026-05-18 19:53:38.478598,2026-05-18 19:53:39.069781,0 days 00:00:00.591183,147.0515154212911,81.33081924558361,1.0,-65.79912246428424,34.3261208292797,90.45568731578697,10.900950728207176,-31.357524953523026,-10.0,147.61281727358346,66.27221010793403,150.0,-85.0,101.27613360746751,149.99999999999997,1.0,-9.22645003398653,26.66018756415773,Unfeasible shape,GPSampler,PRUNED
585,585,,2026-05-18 19:53:39.219792,2026-05-18 19:53:39.744380,0 days 00:00:00.524588,147.01460385494207,81.37603962561072,1.0,-65.83147869119583,34.310571584456085,90.36505132383701,10.902990831176812,-31.370769706906017,-10.0,147.62758638870835,66.27089374766535,150.0,-85.0,101.31838695811936,149.99999999999997,1.0,-9.238108060078176,26.683926258447265,Unfeasible shape,GPSampler,PRUNED
586,586,,2026-05-18 19:53:39.894578,2026-05-18 19:53:40.190374,0 days 00:00:00.295796,147.0649218955007,81.31803137186937,1.0,-65.82483499128816,34.30219411964844,90.40737814722219,10.871573029206123,-31.35668479203446,-10.0,147.60574761741898,66.26721617769783,150.0,-85.0,101.27141751998445,149.99999999999997,1.0,-9.227990995669614,26.661326146421715,Unfeasible shape,GPSampler,PRUNED
587,587,,2026-05-18 19:53:40.343354,2026-05-18 19:53:40.651947,0 days 00:00:00.308593,147.0679276537414,81.30797453166079,1.0,-65.81856878716319,34.322854097367106,90.40897591640841,10.892108874270354,-31.358127045153203,-10.0,147.61392924019,66.29238369187607,150.0,-85.0,101.25520973991809,149.99999999999997,1.0,-9.221055414878393,26.67016339876944,Unfeasible shape,GPSampler,PRUNED
588,588,,2026-05-18 19:53:40.802155,2026-05-18 19:53:41.639995,0 days 00:00:00.837840,147.06597391235363,81.33932983281403,1.0,-65.81517046557815,34.30053573083821,90.42829405474748,10.874245862175815,-31.355561398439697,-10.0,147.63253175496166,66.27226191405944,150.0,-85.0,101.25568127603441,149.99999999999997,1.0,-9.233682485814612,26.672736752730557,Unfeasible shape,GPSampler,PRUNED
589,589,,2026-05-18 19:53:41.797463,2026-05-18 19:53:42.180167,0 days 00:00:00.382704,147.05899080808982,81.33041359103667,1.0,-65.81453458456959,34.32048520851033,90.43369890896192,10.866298293765261,-31.350714963049953,-10.0,147.6155619940617,66.2889440852983,150.0,-85.0,101.29853586406614,149.99999999999997,1.0,-9.225764482607303,26.66823349529041,Unfeasible shape,GPSampler,PRUNED
590,590,,2026-05-18 19:53:42.337247,2026-05-18 19:53:43.016276,0 days 00:00:00.679029,147.0659232690896,81.31886599746821,1.0,-65.81391843485719,34.32396827937427,90.42605037142836,10.87509764646545,-31.36308049140654,-10.0,147.62014289550638,66.292313578836,150.0,-85.0,101.28066238600735,149.99999999999997,1.0,-9.21302564267583,26.65502787102404,Unfeasible shape,GPSampler,PRUNED
591,591,,2026-05-18 19:53:43.164472,2026-05-18 19:53:43.686793,0 days 00:00:00.522321,147.0436340659244,81.31249034712472,1.0,-65.82762586025184,34.296941231147485,90.41247212909684,10.905213524781585,-31.36120140859262,-10.0,147.62249960823675,66.28046634692218,150.0,-85.0,101.25153244961083,149.99999999999997,1.0,-9.21424808676035,26.659478967209637,Unfeasible shape,GPSampler,PRUNED
592,592,,2026-05-18 19:53:43.839790,2026-05-18 19:53:44.433568,0 days 00:00:00.593778,147.0723878839403,81.31560067755346,1.0,-65.81928061633747,34.311877934660615,90.4387057299679,10.881855652219826,-31.360821817992488,-10.0,147.60698476577264,66.27179185556355,150.0,-85.0,101.26959623023056,149.99999999999997,1.0,-9.21926480597999,26.670541917083625,Unfeasible shape,GPSampler,PRUNED
593,593,,2026-05-18 19:53:44.594268,2026-05-18 19:53:45.269725,0 days 00:00:00.675457,147.06523181112266,81.2997049034976,1.0,-65.828579296581,34.3216854909156,90.44807332908626,10.86544976378587,-31.372521588856223,-10.0,147.60068882452322,66.29152025500028,150.0,-85.0,101.26295370757693,149.99999999999997,1.0,-9.21111797831481,26.648594561179536,Unfeasible shape,GPSampler,PRUNED
594,594,,2026-05-18 19:53:45.421762,2026-05-18 19:53:45.818124,0 days 00:00:00.396362,147.0456337799878,81.29902142306304,1.0,-65.81284722177385,34.334996908283024,90.43271337147888,10.918832106363745,-31.368054043284534,-10.0,147.61160989063717,66.27316558397769,150.0,-85.0,101.24549272880971,149.99999999999997,1.0,-9.224902658963813,26.666569335816973,Unfeasible shape,GPSampler,PRUNED
595,595,,2026-05-18 19:53:45.974897,2026-05-18 19:53:46.610363,0 days 00:00:00.635466,147.05425640357308,81.30820408000551,1.0,-65.82047725958591,34.33587046815549,90.46743963656304,10.931005391667565,-31.361380132431233,-10.0,147.59054940375097,66.29510238090087,150.0,-85.0,101.26817843731772,149.99999999999997,1.0,-9.221562301320134,26.647771629641696,Unfeasible shape,GPSampler,PRUNED
596,596,,2026-05-18 19:53:46.772863,2026-05-18 19:53:47.262296,0 days 00:00:00.489433,147.02463646046772,81.30584259135058,1.0,-65.81750227542426,34.33598826728054,90.42944277387433,10.930402688863774,-31.365919487433995,-10.0,147.62500370928979,66.27995433023752,150.0,-85.0,101.2222987726346,149.99999999999997,1.0,-9.234120025606678,26.6821698904903,Unfeasible shape,GPSampler,PRUNED
597,597,,2026-05-18 19:53:47.422126,2026-05-18 19:53:47.959973,0 days 00:00:00.537847,147.08555864393858,81.33263667382334,1.0,-65.82865122388485,34.334126526651986,90.40195520954018,10.887520035618229,-31.35095871274946,-10.0,147.6105716444885,66.28086171730554,150.0,-85.0,101.27296560268437,149.99999999999997,1.0,-9.23164790948141,26.664373655168802,Unfeasible shape,GPSampler,PRUNED
598,598,,2026-05-18 19:53:48.123593,2026-05-18 19:53:48.961036,0 days 00:00:00.837443,147.04649484145003,81.3284298382089,1.0,-65.81367690805256,34.328184157028005,90.36689271410225,10.857389549597821,-31.34599286623923,-10.0,147.6335640386719,66.26022322201706,150.0,-85.0,101.25611950622692,149.99999999999997,1.0,-9.245920510139683,26.657839661373416,Unfeasible shape,GPSampler,PRUNED
599,599,,2026-05-18 19:53:49.118085,2026-05-18 19:53:49.475481,0 days 00:00:00.357396,147.06249346997004,81.31915004887705,1.0,-65.81631422218054,34.332450564492206,90.42053168829992,10.910561987340596,-31.358083542395686,-10.0,147.60943977415613,66.27446807963192,150.0,-85.0,101.26823416606342,149.99999999999997,1.0,-9.226330561641731,26.66419592673701,Unfeasible shape,GPSampler,PRUNED
600,600,,2026-05-18 19:53:49.623760,2026-05-18 19:53:50.400735,0 days 00:00:00.776975,147.072591505558,81.32666080194065,1.0,-65.81131443459935,34.32089199329094,90.40365128051512,10.855770263703798,-31.350829541341902,-10.0,147.60916578409208,66.25181100071912,150.0,-85.0,101.27314591181222,149.99999999999997,1.0,-9.23457683457621,26.665839208974752,Unfeasible shape,GPSampler,PRUNED
601,601,,2026-05-18 19:53:50.552903,2026-05-18 19:53:51.045480,0 days 00:00:00.492577,147.06913422310913,81.34034781457383,1.0,-65.80940744887704,34.34844769840607,90.40693347673044,10.881128505325986,-31.35581772095833,-10.0,147.61966451792762,66.26490687206007,150.0,-85.0,101.25674442979786,149.99999999999997,1.0,-9.213662438804775,26.6727955010318,Unfeasible shape,GPSampler,PRUNED
602,602,,2026-05-18 19:53:51.208661,2026-05-18 19:53:51.971810,0 days 00:00:00.763149,147.04759586292684,81.31288564612564,1.0,-65.8118188639942,34.329919491814344,90.39163053332396,10.897324314147944,-31.36023911571234,-10.0,147.60963649485214,66.25341102948725,150.0,-85.0,101.24597017239786,149.99999999999997,1.0,-9.219977751371346,26.65696265138753,Unfeasible shape,GPSampler,PRUNED
603,603,,2026-05-18 19:53:52.133632,2026-05-18 19:53:52.849676,0 days 00:00:00.716044,147.05968846926672,81.35257680365967,1.0,-65.80566081576868,34.321025886039614,90.42900462646895,10.873403993035524,-31.356206929885385,-10.0,147.61571912667262,66.28332209274659,150.0,-85.0,101.27071092629241,149.99999999999997,1.0,-9.231763294494456,26.664528506338947,Unfeasible shape,GPSampler,PRUNED
604,604,,2026-05-18 19:53:53.000985,2026-05-18 19:53:53.631530,0 days 00:00:00.630545,147.05938616043133,81.27794182401689,1.0,-65.84180134474353,34.32957244332618,90.3891697983879,10.836321156667307,-31.351395306097874,-10.0,147.62158083568954,66.2972612054536,150.0,-85.0,101.27958775573022,149.99999999999997,1.0,-9.212104211796884,26.676712541401443,Unfeasible shape,GPSampler,PRUNED
605,605,,2026-05-18 19:53:53.784008,2026-05-18 19:53:54.560103,0 days 00:00:00.776095,147.065280333775,81.33326838148399,1.0,-65.81541924423819,34.331287389502805,90.4218114145975,10.874174080029498,-31.355786103729756,-10.0,147.614350159043,66.26319156277137,150.0,-85.0,101.25993179479141,149.99999999999997,1.0,-9.229017940710769,26.66741379322505,Unfeasible shape,GPSampler,PRUNED
606,606,,2026-05-18 19:53:54.714000,2026-05-18 19:53:55.291116,0 days 00:00:00.577116,147.0635437376381,81.34920434321714,1.0,-65.81020430091141,34.35373828548911,90.42726802261511,10.8723469205577,-31.34914361989056,-10.0,147.62970928255916,66.29783653671622,150.0,-85.0,101.2653983654815,149.99999999999997,1.0,-9.227785702216707,26.657738758197368,Unfeasible shape,GPSampler,PRUNED
607,607,,2026-05-18 19:53:55.452572,2026-05-18 19:53:56.152483,0 days 00:00:00.699911,147.11597931863307,81.31721424133505,1.0,-65.81346752058688,34.323966657385704,90.41679360109468,10.843342648724775,-31.35814778430472,-10.0,147.62746007793663,66.27185070654107,150.0,-85.0,101.28357107644625,149.99999999999997,1.0,-9.230132926461089,26.6454815887993,Unfeasible shape,GPSampler,PRUNED
608,608,,2026-05-18 19:53:56.306053,2026-05-18 19:53:56.983848,0 days 00:00:00.677795,147.07295700421483,81.32775708507589,1.0,-65.81086393987644,34.28422429678147,90.41330035804803,10.886923281757298,-31.351751942029047,-10.0,147.6294550786955,66.2721557543008,150.0,-85.0,101.25827566313444,149.99999999999997,1.0,-9.231087032138383,26.667555539162308,Unfeasible shape,GPSampler,PRUNED
609,609,,2026-05-18 19:53:57.139622,2026-05-18 19:53:57.594024,0 days 00:00:00.454402,147.07749389320458,81.34215830161988,1.0,-65.81386834872592,34.32105664616934,90.44952166065508,10.884059117588512,-31.351776760894396,-10.0,147.608017894961,66.29437163478491,150.0,-85.0,101.29490879448471,149.99999999999997,1.0,-9.231553995804738,26.666243539980073,Unfeasible shape,GPSampler,PRUNED
610,610,,2026-05-18 19:53:57.774787,2026-05-18 19:53:58.350200,0 days 00:00:00.575413,147.11340233004972,81.34004803172077,1.0,-65.81280626435382,34.31898616429256,90.3948559385192,10.965544727675843,-31.35472823911514,-10.0,147.61987820299666,66.25125883605905,150.0,-85.0,101.28105567803968,149.99999999999997,1.0,-9.23851988747802,26.66303609294959,Unfeasible shape,GPSampler,PRUNED
611,611,,2026-05-18 19:53:58.506712,2026-05-18 19:53:59.200213,0 days 00:00:00.693501,147.04887535533373,81.30156821749402,1.0,-65.81787395086431,34.31630754343997,90.4025002403634,10.87946265744887,-31.36106772008376,-10.0,147.62326024787438,66.2657942847859,150.0,-85.0,101.27136706576,149.99999999999997,1.0,-9.225446014505735,26.67666177514657,Unfeasible shape,GPSampler,PRUNED
612,612,,2026-05-18 19:53:59.389885,2026-05-18 19:54:00.106336,0 days 00:00:00.716451,147.0757100821254,81.2646187232273,1.0,-65.82276463920203,34.34513280403347,90.46521258023768,10.912112050976829,-31.359123933133688,-10.0,147.58660379435096,66.31446426943708,150.0,-85.0,101.31514632032746,149.99999999999997,1.0,-9.222919281941799,26.660125904250656,Unfeasible shape,GPSampler,PRUNED
613,613,,2026-05-18 19:54:00.261962,2026-05-18 19:54:00.740688,0 days 00:00:00.478726,147.08948899129015,81.33417892143225,1.0,-65.80784380091018,34.33196774601921,90.41912534634054,10.874842569470152,-31.34069813036534,-10.0,147.64554579799247,66.28238174966607,150.0,-85.0,101.2748490768127,149.99999999999997,1.0,-9.230991839799792,26.665838187060153,Unfeasible shape,GPSampler,PRUNED
614,614,,2026-05-18 19:54:00.929880,2026-05-18 19:54:01.367251,0 days 00:00:00.437371,147.06214800736944,81.31896831101942,1.0,-65.81392507062066,34.332592264527136,90.42267441698131,10.893073960569831,-31.35921700209387,-10.0,147.61412924476693,66.28016619214787,150.0,-85.0,101.26053162769547,149.99999999999997,1.0,-9.226673250988199,26.665149583787723,Unfeasible shape,GPSampler,PRUNED
615,615,,2026-05-18 19:54:01.533045,2026-05-18 19:54:02.186507,0 days 00:00:00.653462,147.06161692191228,81.32642467640083,1.0,-65.79894894210014,34.37339239814538,90.41346331199304,10.8910027925203,-31.34511770723306,-10.0,147.59904245246724,66.26337101572658,150.0,-85.0,101.2621249364223,149.99999999999997,1.0,-9.227674190039245,26.667105055600572,Unfeasible shape,GPSampler,PRUNED
616,616,,2026-05-18 19:54:02.334383,2026-05-18 19:54:02.675919,0 days 00:00:00.341536,147.04750860398804,81.31692107556053,1.0,-65.81072343971964,34.34337901601162,90.39238773856925,10.872085655628709,-31.356204934246364,-10.0,147.62504784600225,66.26868248806572,150.0,-85.0,101.26500766974986,149.99999999999997,1.0,-9.221664149124479,26.6665057677656,Unfeasible shape,GPSampler,PRUNED
617,617,,2026-05-18 19:54:02.828708,2026-05-18 19:54:03.708665,0 days 00:00:00.879957,147.09667061214947,81.35175210628137,1.0,-65.81396365439116,34.37708198530899,90.36154176855378,10.878108217928258,-31.380379771312647,-10.0,147.6418812674978,66.25641271484008,150.0,-85.0,101.3044709613228,149.99999999999997,1.0,-9.225029696922057,26.658641610474852,Unfeasible shape,GPSampler,PRUNED
618,618,,2026-05-18 19:54:03.865765,2026-05-18 19:54:04.317116,0 days 00:00:00.451351,147.04945872949767,81.35334892801427,1.0,-65.81540403394817,34.28484351282196,90.46806698869935,10.798592373231726,-31.364993104944684,-10.0,147.6445833559666,66.29529586289001,150.0,-85.0,101.31738157646691,149.99999999999997,1.0,-9.236678726145414,26.667619348186655,Unfeasible shape,GPSampler,PRUNED
619,619,,2026-05-18 19:54:04.472104,2026-05-18 19:54:05.128912,0 days 00:00:00.656808,147.08406817160153,81.32152862618852,1.0,-65.8137516976112,34.30989050249008,90.4110911130864,10.863212710041557,-31.35499661864489,-10.0,147.60277022556568,66.27373745193397,150.0,-85.0,101.2662918394942,149.99999999999997,1.0,-9.233200416663365,26.6606162424184,Unfeasible shape,GPSampler,PRUNED
620,620,,2026-05-18 19:54:05.279771,2026-05-18 19:54:05.804757,0 days 00:00:00.524986,147.02788006505565,81.33614829155499,1.0,-65.82585431537056,34.32339379829126,90.37823158699955,10.85999668692384,-31.360094892575702,-10.0,147.59620330636875,66.22673801410899,150.0,-85.0,101.24577988927481,149.99999999999997,1.0,-9.21479022604813,26.68266553940476,Unfeasible shape,GPSampler,PRUNED
621,621,,2026-05-18 19:54:05.959391,2026-05-18 19:54:06.813149,0 days 00:00:00.853758,147.0557296615198,81.29451994861716,1.0,-65.81649456930367,34.32160408004633,90.43392991296292,10.886291987037989,-31.361304791055115,-10.0,147.61209980666433,66.28449957031437,150.0,-85.0,101.25248530992504,149.99999999999997,1.0,-9.223002313482631,26.658177470542668,Unfeasible shape,GPSampler,PRUNED
622,622,,2026-05-18 19:54:06.962017,2026-05-18 19:54:07.544372,0 days 00:00:00.582355,147.0424515635693,81.33756518601662,1.0,-65.82550379341555,34.324217107609066,90.39344132395317,10.894650169363855,-31.359448078574335,-10.0,147.62130229045644,66.28078257898271,150.0,-85.0,101.24337067317875,149.99999999999997,1.0,-9.213074704934485,26.676721682538606,Unfeasible shape,GPSampler,PRUNED
623,623,,2026-05-18 19:54:07.695287,2026-05-18 19:54:08.082459,0 days 00:00:00.387172,147.08066209817102,81.33081583781203,1.0,-65.81280488372026,34.31847801209535,90.39770309499904,10.863773469529594,-31.358414865657043,-10.0,147.6150882227609,66.26095511454702,150.0,-85.0,101.2888852105273,149.99999999999997,1.0,-9.219260175199501,26.665788546265503,Unfeasible shape,GPSampler,PRUNED
624,624,,2026-05-18 19:54:08.250914,2026-05-18 19:54:08.550396,0 days 00:00:00.299482,147.07891590653952,81.32260696042981,1.0,-65.82179452930065,34.314732294379006,90.43412474348936,10.907345732518385,-31.365547649723787,-10.0,147.60163340754653,66.28221612785495,150.0,-85.0,101.26190835189819,149.99999999999997,1.0,-9.230194053148828,26.665014225962196,Unfeasible shape,GPSampler,PRUNED
625,625,,2026-05-18 19:54:08.701215,2026-05-18 19:54:09.012836,0 days 00:00:00.311621,147.05631054503232,81.31348576985337,1.0,-65.81028705529863,34.31810309562818,90.41200128035996,10.872790489948736,-31.369514773539624,-10.0,147.6209375926078,66.27147089625701,150.0,-85.0,101.26077617169994,149.99999999999997,1.0,-9.215020652237698,26.672030841468597,Unfeasible shape,GPSampler,PRUNED
626,626,,2026-05-18 19:54:09.165810,2026-05-18 19:54:09.465472,0 days 00:00:00.299662,147.03841449442373,81.29253755192623,1.0,-65.80854459665615,34.32965587993655,90.4227974704603,10.915050504896179,-31.3689409901203,-10.0,147.62831745352022,66.284322531266,150.0,-85.0,101.26695530191564,149.99999999999997,1.0,-9.23253457125844,26.66827241523658,Unfeasible shape,GPSampler,PRUNED
627,627,,2026-05-18 19:54:09.623308,2026-05-18 19:54:10.303793,0 days 00:00:00.680485,147.07818643677103,81.29629647739549,1.0,-65.81925590671551,34.31174759064199,90.41857758143607,10.838786002872146,-31.357878193060134,-10.0,147.62547351864268,66.22929274100326,150.0,-85.0,101.23939738127675,149.99999999999997,1.0,-9.22200182169371,26.6684166894861,Unfeasible shape,GPSampler,PRUNED
628,628,,2026-05-18 19:54:10.456309,2026-05-18 19:54:11.123310,0 days 00:00:00.667001,147.0548095342583,81.29096155424017,1.0,-65.81991398177698,34.328604247746284,90.42499523444658,10.850979772778254,-31.373743051926088,-10.0,147.59730160370168,66.29434855855226,150.0,-85.0,101.26196841606986,149.99999999999997,1.0,-9.222866907607923,26.67157112734926,Unfeasible shape,GPSampler,PRUNED
629,629,,2026-05-18 19:54:11.279596,2026-05-18 19:54:11.984475,0 days 00:00:00.704879,147.07299148053474,81.31876006860972,1.0,-65.81573559155186,34.330837642603,90.43010629287342,10.886216368653118,-31.35625183135046,-10.0,147.60771321842233,66.27801901566029,150.0,-85.0,101.2714322818688,149.99999999999997,1.0,-9.224741273969045,26.662135670863336,Unfeasible shape,GPSampler,PRUNED
630,630,,2026-05-18 19:54:12.139605,2026-05-18 19:54:12.879581,0 days 00:00:00.739976,147.05927364066127,81.34189091817237,1.0,-65.80269821744554,34.3106545347829,90.45446353128291,10.884798638376928,-31.357702650114412,-10.0,147.6159197768558,66.27626103104153,150.0,-85.0,101.26346324965785,149.99999999999997,1.0,-9.230763943755285,26.658796297934288,Unfeasible shape,GPSampler,PRUNED
631,631,,2026-05-18 19:54:13.034720,2026-05-18 19:54:13.413686,0 days 00:00:00.378966,147.04470622341955,81.31091268031301,1.0,-65.80593773316527,34.3405127523129,90.38837976773091,10.891763580714661,-31.355221182603973,-10.0,147.6231234261351,66.2722311572177,150.0,-85.0,101.24958979240759,149.99999999999997,1.0,-9.218265203616461,26.660759915803062,Unfeasible shape,GPSampler,PRUNED
632,632,,2026-05-18 19:54:13.568697,2026-05-18 19:54:14.316888,0 days 00:00:00.748191,147.09150074644887,81.31237991588333,1.0,-65.80729834988416,34.30406605424395,90.4115297261948,10.887319208099653,-31.344987665492575,-10.0,147.62596974955292,66.27587553962029,150.0,-85.0,101.27258348231614,149.99999999999997,1.0,-9.221161681069042,26.66980739172446,Unfeasible shape,GPSampler,PRUNED
633,633,,2026-05-18 19:54:14.469267,2026-05-18 19:54:14.936927,0 days 00:00:00.467660,147.06810299127102,81.33655913961668,1.0,-65.82024580268731,34.32134820403362,90.40917488061451,10.95433260563431,-31.35335512931313,-10.0,147.61383780740329,66.28187903803256,150.0,-85.0,101.27770955743,149.99999999999997,1.0,-9.23295158987225,26.663075129785867,Unfeasible shape,GPSampler,PRUNED
634,634,,2026-05-18 19:54:15.088150,2026-05-18 19:54:15.427826,0 days 00:00:00.339676,147.07664562064312,81.30883163802723,1.0,-65.79065101226065,34.30968735325727,90.45092901175653,10.881001160981175,-31.374341108330658,-10.0,147.6189070340921,66.28296163640583,150.0,-85.0,101.28364924443224,149.99999999999997,1.0,-9.21255929485536,26.64944290157227,Unfeasible shape,GPSampler,PRUNED
635,635,,2026-05-18 19:54:15.575414,2026-05-18 19:54:16.424273,0 days 00:00:00.848859,147.0363316339544,81.30094582487014,1.0,-65.81813187683679,34.40263647055337,90.3842096039464,10.879135532009238,-31.361551552394463,-10.0,147.65262562339228,66.26517130772476,150.0,-85.0,101.28063353173155,149.99999999999997,1.0,-9.236242246709793,26.67479836607351,Unfeasible shape,GPSampler,PRUNED
