,number,value,datetime_start,datetime_complete,duration,params_highPt.lL1,params_highPt.lL2,params_highPt.lL3,params_highPt.rA2,params_highPt.rL1,params_highPt.rL2,params_highPt.rL3,params_highPt.x2,params_highPt.y2,params_lowPt.lL1,params_lowPt.lL2,params_lowPt.lL3,params_lowPt.rA2,params_lowPt.rL1,params_lowPt.rL2,params_lowPt.rL3,params_lowPt.x2,params_lowPt.y2,user_attrs_prune,system_attrs_auto:sampler,state
0,0,,2026-05-18 19:37:44.732565,2026-05-18 19:37:45.604561,0 days 00:00:00.871996,36.22751049287188,4.348546779848708,191.05340466148076,-74.12720353046363,33.01564075104901,107.028548598404,1.0139120549248344,25.076680863563894,60.57917901501423,146.66998423022883,115.7429049262161,84.25517882224226,-39.82084292981043,92.11081523814038,15.491743391542478,141.94458376131433,1.0214755248426002,38.7213068458962,Unfeasible shape,RandomSampler,PRUNED
1,1,,2026-05-18 19:37:45.731106,2026-05-18 19:37:45.966284,0 days 00:00:00.235178,103.0596981537877,147.06963099029468,185.58433027967064,-58.19102314753146,39.57788582303173,13.640195656155248,85.48118987507723,-22.782524742626812,72.21642358918824,83.50262574582841,9.487156069733778,56.25162691210827,-52.172911135142634,130.0334841160455,21.741022480665755,73.6499772195634,25.16716073458032,9.110647270083359,Unfeasible shape,RandomSampler,PRUNED
2,2,,2026-05-18 19:37:46.105878,2026-05-18 19:37:46.381790,0 days 00:00:00.275912,49.52472289429456,74.45053490029667,155.52565901997167,-46.90873709908324,9.550702697406157,174.114530866581,116.22786644911716,21.45388033298309,118.57803680394079,126.89743997165621,46.56188337777594,27.82527713150299,-81.81030779577797,21.85279283054856,109.2957844040567,122.82557385971916,11.870682604729978,-2.724530830017633,Unfeasible shape,RandomSampler,PRUNED
3,3,,2026-05-18 19:37:46.506310,2026-05-18 19:37:47.012616,0 days 00:00:00.506306,157.52848484102597,117.00466142646138,5.886572037285278,-67.88346450667404,85.62217727723971,140.73234673355265,170.48413260739792,7.85441034345547,85.65378703323043,19.30025131325686,55.196503306595496,96.16683821168014,-52.78008472333782,21.297385578375522,53.80165950338192,49.63906343081692,16.52762000284956,33.929241573060274,Unfeasible shape,RandomSampler,PRUNED
4,4,,2026-05-18 19:37:47.140823,2026-05-18 19:37:47.368868,0 days 00:00:00.228045,158.61146806762883,100.7069399355087,164.71376728289297,-45.229132353293764,58.209359918057885,53.535105987855516,29.505372461227406,-18.231891109058758,84.20465822138016,82.35928992803967,127.55773342933789,85.08682648588507,-8.806473754506257,130.43883504997686,105.76083411682336,101.69057135154806,-28.29775498011349,32.79127891431895,Unfeasible shape,RandomSampler,PRUNED
5,5,,2026-05-18 19:37:47.488294,2026-05-18 19:37:47.742431,0 days 00:00:00.254137,39.78009806523234,56.04161515774912,10.545135901322888,-45.40345654702917,129.03935711094257,76.95698624964088,113.9084686676058,11.026967074885846,-0.3076268437095404,24.937242431572855,70.9042405765507,43.29429437270511,-76.87568788764577,4.521159527571345,52.771983470355636,22.52822085238005,9.532330162946579,65.16240876277435,Unfeasible shape,RandomSampler,PRUNED
6,6,,2026-05-18 19:37:47.882008,2026-05-18 19:37:48.121328,0 days 00:00:00.239320,48.97465144656351,182.12085513956802,105.26233180769916,-75.50504894838808,175.22068189659484,129.7951335602093,197.243923508906,-32.301230023907216,36.73572322874121,141.7622344470021,47.741865562479425,58.72178685120856,-17.8692467297206,17.12319824351751,141.3156495413707,45.76001726169095,29.504592162671955,20.39336291856621,Unfeasible shape,RandomSampler,PRUNED
7,7,,2026-05-18 19:37:48.250449,2026-05-18 19:37:48.480669,0 days 00:00:00.230220,160.7639453037611,74.98216862082099,14.913646706813994,-76.99706279612661,161.3127514121591,57.081926709937555,185.62832495810264,27.012673346273175,62.22120470672466,38.22522823845585,73.56370185356059,97.76126860286573,-26.87881851778129,47.78996461758959,32.43522966354449,140.67408647754166,-53.69508624459634,4.739056782669646,Unfeasible shape,RandomSampler,PRUNED
8,8,,2026-05-18 19:37:48.605287,2026-05-18 19:37:48.821754,0 days 00:00:00.216467,145.76533489363476,94.37325601703694,53.2808987106249,-46.659785160942945,52.440109627239735,172.16800067093305,112.2673048068093,17.699235269298228,29.805932487555587,101.47985312265723,56.88281967001586,129.44125285941143,-36.51558949602959,103.62500861076937,131.15744266476406,57.54368382393091,23.788510296832158,32.43167402169845,Unfeasible shape,RandomSampler,PRUNED
9,9,,2026-05-18 19:37:48.961043,2026-05-18 19:37:49.179416,0 days 00:00:00.218373,181.8043636720113,26.663384993732716,58.9909581208284,-81.43926015068145,19.16081940760007,184.64008475735173,1.011956552488323,-15.6739833606782,6.790398319436672,91.153281963321,25.76596189228739,2.9076890163528684,-66.58214811281117,15.776770719649143,106.5979940668897,116.91397631101749,-0.06964047509141835,-9.341803788818392,Unfeasible shape,RandomSampler,PRUNED
10,10,,2026-05-18 19:37:49.306515,2026-05-18 19:37:49.522656,0 days 00:00:00.216141,155.8646488357565,68.05759779633902,159.65235135878825,-46.243981048003306,6.461087941235874,11.380319135147804,128.49829789294125,-28.806787463896338,79.39867386005358,10.589290385367198,53.033476685436014,119.97311135842763,-51.83564743055592,147.49319916425114,118.01481495797897,61.57351541745288,-28.501058130729888,4.313091453417206,Unfeasible shape,RandomSampler,PRUNED
11,11,,2026-05-18 19:37:49.653253,2026-05-18 19:37:49.914189,0 days 00:00:00.260936,190.92060607876465,132.38799916212128,185.5295235883581,-10.595692789597592,168.7100209707714,54.579362908824564,63.366451852618816,-27.498617805870246,83.8045822833019,62.47819446899423,125.13127362601911,147.14884903168348,-69.28278949630038,50.3441467083442,22.326797413047956,106.78637351049407,10.362498680729999,63.447653781563204,Unfeasible shape,RandomSampler,PRUNED
12,12,,2026-05-18 19:37:50.037405,2026-05-18 19:37:50.273700,0 days 00:00:00.236295,19.00510306745332,62.89393196587083,17.63551194577815,-48.88070826519478,29.340510808090645,169.79232020356878,149.55038315967508,-57.59947391326808,84.00314199386995,7.016187308207052,7.978568442026555,27.91605254810101,-67.95011294467407,28.801248995164222,10.6060080222079,1.8170200263946747,-53.60626168482484,-7.967651131601592,Unfeasible shape,RandomSampler,PRUNED
13,13,,2026-05-18 19:37:50.401422,2026-05-18 19:37:50.670067,0 days 00:00:00.268645,145.5013201263904,103.95031990189514,16.55910041573653,-16.060239920355045,27.116418932045388,137.50913860315865,48.262351143023054,-21.567021595606782,100.24532853223879,58.75737537068517,92.21656439244299,141.0365770900507,-83.3752022246459,44.719990573758665,76.36906611679527,15.582110935066442,-40.090413569691485,4.79184818546968,Unfeasible shape,RandomSampler,PRUNED
14,14,,2026-05-18 19:37:50.801648,2026-05-18 19:37:51.017231,0 days 00:00:00.215583,105.4797905426637,188.39801808557198,27.909926391476585,-63.42412003984987,36.14849963614574,143.2189663879716,67.01494333756756,-7.090551030061171,39.53379111919703,94.90111673604694,48.643926518117674,69.64349740776822,-60.028517992526645,72.0123735814587,117.9186074928488,36.65710012185393,-54.83776355652156,48.83650103244381,Unfeasible shape,RandomSampler,PRUNED
15,15,,2026-05-18 19:37:51.163734,2026-05-18 19:37:51.397809,0 days 00:00:00.234075,175.30169172625025,120.93330886934672,45.58509039325005,-72.29715409442949,55.6423528434218,175.22621647081192,35.47710901996755,-31.216185755088112,53.07184388412036,145.23560774520425,110.02789590687549,128.37327835835023,-81.90724391354593,122.47905113464343,140.3105231422264,9.903266394146943,6.869535239165785,37.597159888097494,Unfeasible shape,RandomSampler,PRUNED
16,16,,2026-05-18 19:37:51.527389,2026-05-18 19:37:51.771601,0 days 00:00:00.244212,132.89261745774024,91.05115969975076,190.93967944912427,-38.94796277098335,34.7173039028111,179.51782461409482,112.1526520620386,-16.17469210365931,128.83982163100924,108.01116072537303,37.27927666755439,122.76235122391968,-63.15004794613006,135.75095153773884,146.90986271488933,12.357845686830816,-34.54038723170264,33.12238442437422,Unfeasible shape,RandomSampler,PRUNED
17,17,,2026-05-18 19:37:51.893780,2026-05-18 19:37:52.124189,0 days 00:00:00.230409,60.63815063899082,179.87857070891565,142.5670491321543,-67.81593768541265,130.20466574968918,161.1194171315617,130.00066059236593,-52.5567002250438,76.31309529338837,53.313912582160036,148.72310324703773,46.64832769312023,-20.292651638763104,118.54849282053053,126.28495663841015,34.04536274188539,-31.05377585849763,23.57299974717875,Unfeasible shape,RandomSampler,PRUNED
18,18,,2026-05-18 19:37:52.263164,2026-05-18 19:37:52.483180,0 days 00:00:00.220016,112.65072661833568,26.773402898305893,137.9762919407006,-14.731960620700946,121.96366926237573,159.88825320243527,107.25852633650162,-7.968662601196009,45.10826015906036,86.61217149040229,144.04440594389212,108.67886136705943,-67.8187592303695,144.6376240196425,136.3100884762513,38.05348296593309,20.154470923562215,37.691758190071376,Unfeasible shape,RandomSampler,PRUNED
19,19,,2026-05-18 19:37:52.612324,2026-05-18 19:37:52.838181,0 days 00:00:00.225857,156.954086881595,34.218188745298434,143.17701194045014,-36.86631345862378,6.5570191754896445,156.23091833147717,83.66897272093836,-35.449129267602416,111.88162186455475,109.07734280675967,148.62675497115762,69.41570229606559,-58.38293544900499,141.79200583262832,21.28436986377779,138.14253594088487,-59.48959744654444,15.136963629849731,Unfeasible shape,RandomSampler,PRUNED
20,20,,2026-05-18 19:37:52.970060,2026-05-18 19:37:53.222287,0 days 00:00:00.252227,17.98930722541655,22.747378086768876,37.135022534352835,-9.803902589202679,136.1011045771295,69.16992344837882,160.71600597546066,-27.388282419205844,-7.314041697815059,121.17905218960246,92.44525552400201,54.72523402798455,-42.42100401457624,106.8088593682066,33.591628301662524,21.999504237162228,-6.464631719589072,58.30378263849309,Unfeasible shape,RandomSampler,PRUNED
21,21,41.82576347112505,2026-05-18 19:37:53.355649,2026-05-18 19:38:43.536930,0 days 00:00:50.181281,9.869875026474485,75.1965822068082,114.17518160659979,-33.72931752808965,111.06227547752809,23.191904041972755,6.115682204059375,5.027871410882383,73.3024666573514,55.90537475889023,79.77672113037153,60.12360612490189,-73.89959774498722,1.5414083829042984,82.52628251139845,139.85473029591063,-56.81042731622134,59.47178975332726,,RandomSampler,COMPLETE
22,22,,2026-05-18 19:38:46.069118,2026-05-18 19:38:46.369021,0 days 00:00:00.299903,179.06837542306073,30.374846148508148,95.06331013575794,-49.82236129110531,172.7998770980665,169.89416514943036,41.96198118788131,-22.987131416965397,25.828350141596268,107.47016236462632,135.1001053748738,139.12435356946006,-66.94868460877342,93.55508905941133,28.10474410295113,57.49251751914208,-0.6124636583233709,52.2131628593122,Unfeasible shape,GPSampler,PRUNED
23,23,,2026-05-18 19:38:46.512244,2026-05-18 19:38:46.802176,0 days 00:00:00.289932,72.27519155830174,100.89741359810829,73.36800720592566,-34.50648665925801,17.48340730433974,195.57068487809116,117.5282513006459,-36.669251103138706,48.95218703255551,27.37164392135597,144.70044488866466,102.93485845244622,-61.54460836414743,8.495615982270419,5.159171333082315,98.89376607112729,-55.54046220163878,60.128343849067875,Unfeasible shape,GPSampler,PRUNED
24,24,,2026-05-18 19:38:46.948338,2026-05-18 19:38:47.219605,0 days 00:00:00.271267,95.77491954643642,138.88896317864695,182.14690217866578,-43.691018507126564,198.146666307387,32.707420039175645,135.22419160657114,9.968982439083462,102.28945994675216,73.87861078393853,76.85954021284826,128.90383031421263,-78.14552163481852,113.55791071932688,23.442106423592655,127.1201530289926,-8.995989436536874,66.5790712966174,Unfeasible shape,GPSampler,PRUNED
25,25,,2026-05-18 19:38:47.358482,2026-05-18 19:38:47.584812,0 days 00:00:00.226330,146.78593237787518,25.127182392551838,77.3355436566593,-49.29049262264192,79.39663293617087,30.640631437785117,26.638654656312553,-49.529154565555075,16.83157270308233,133.37223556045222,109.81020131843728,47.7060047759271,-11.380478394120942,140.59486231076036,59.10947486849152,52.887681058959735,0.40358173753224236,15.906126759571528,Unfeasible shape,GPSampler,PRUNED
26,26,,2026-05-18 19:38:47.773512,2026-05-18 19:38:48.014435,0 days 00:00:00.240923,152.89537060783655,32.62018561611279,178.37180759146216,-78.948305471968,121.6508936120267,184.60913629259292,39.79741179591069,-30.67162714709407,78.91956234557317,24.24459086426696,88.38291549880317,37.79337691442835,-55.51775611336356,77.20748718115065,126.72920658964833,113.9749810316925,-51.49357442114644,10.994116996642312,Unfeasible shape,GPSampler,PRUNED
27,27,,2026-05-18 19:38:48.143516,2026-05-18 19:38:48.382006,0 days 00:00:00.238490,28.044438623403817,5.241779930548936,167.2331628333965,-10.446957585726125,95.0611440716587,100.76789527666222,169.258863667622,11.715021758094352,106.04656283747079,1.8229069740883812,60.466313886817545,117.22324201760482,-66.74724154181882,60.62471827916425,121.24953986515565,76.12830199004216,7.870907196242783,37.223447363861794,Unfeasible shape,GPSampler,PRUNED
28,28,,2026-05-18 19:38:48.515102,2026-05-18 19:38:48.748982,0 days 00:00:00.233880,135.61266147667644,65.26360309231046,98.00920681519712,-33.07334794059827,145.0854043135338,155.16432010102926,43.26182754366106,-3.707812823386419,-6.622016158903072,124.39985279393329,147.03657209760053,21.94631098929572,-12.139399337695806,75.88852526063418,44.561901959374694,142.38509822224376,1.4506351532127084,42.46671745252353,Unfeasible shape,GPSampler,PRUNED
29,29,,2026-05-18 19:38:48.878295,2026-05-18 19:38:49.149792,0 days 00:00:00.271497,180.0620418291351,64.87050381723996,37.20273492530063,-55.90357644688224,158.75072176323087,191.68774306359737,116.0162403729424,-18.102377292344556,81.49862763634066,64.67119776746146,88.30585889022277,127.0253269453497,-21.592840614189882,67.54847038166764,52.96115054265892,78.03331227975613,-41.967947701005784,64.3255790648267,Unfeasible shape,GPSampler,PRUNED
30,30,,2026-05-18 19:38:49.282405,2026-05-18 19:38:49.508756,0 days 00:00:00.226351,35.68298749359907,58.2615274808575,148.70834103494929,-30.867167007894878,24.260229588534827,90.1828006340278,63.34918506646982,9.030608216383868,118.33855983700221,140.34225992912124,103.91972355081838,72.1410330256199,-70.31382489188138,129.38522888948984,145.53063587375775,29.793845454478504,6.795322105889014,13.921946084829582,Unfeasible shape,GPSampler,PRUNED
31,31,,2026-05-18 19:38:49.641634,2026-05-18 19:38:49.925765,0 days 00:00:00.284131,196.59395459779554,16.776108265558257,136.26513183180603,-56.20758003060648,170.61511093796187,173.24005177343503,119.0775133907086,-40.093527465814475,86.26966936244874,53.108804680905315,76.54375672555629,136.32020200638482,-28.739272941029185,8.424957576827342,5.921775000595235,87.38010787984827,-43.12042259055005,48.04839897983261,Unfeasible shape,GPSampler,PRUNED
32,32,,2026-05-18 19:38:50.054226,2026-05-18 19:38:50.323157,0 days 00:00:00.268931,194.65056198362237,39.07087624132894,127.1556228725544,-39.24703421696459,110.09712332856785,101.88139212392109,160.1431008611576,-30.720419367413143,85.46706558152906,1.8586879327466885,105.78498580417141,101.72875291893817,-84.68093861877124,10.341619767206693,49.461101892622146,40.316377877695395,-57.71731034217909,24.947999092797495,Unfeasible shape,GPSampler,PRUNED
33,33,,2026-05-18 19:38:50.460412,2026-05-18 19:38:50.686257,0 days 00:00:00.225845,169.84245368177378,105.65252381188355,109.44065798233484,-12.232013378722854,104.1296797946987,10.956056064088564,13.226371980851646,12.32407326850354,46.21529370690181,11.238628483081023,95.34363080160523,21.615530869909215,-43.492385464989354,10.73320184402652,100.20690573590348,71.37317067067693,-52.5708625075475,58.38969836731104,Unfeasible shape,GPSampler,PRUNED
34,34,,2026-05-18 19:38:50.822990,2026-05-18 19:38:51.081949,0 days 00:00:00.258959,62.764858429896115,14.699111408480585,26.669534484951974,-59.0950712553633,133.24328866977487,94.44639299596689,29.4976521907033,12.546682888344051,62.5964708008497,95.1679492844452,72.94355965427877,132.69891118689958,-65.63935817115059,36.38029491793462,107.58195371344294,33.06558405521338,11.922377056178306,69.55819899104216,Unfeasible shape,GPSampler,PRUNED
35,35,,2026-05-18 19:38:51.271820,2026-05-18 19:38:51.503369,0 days 00:00:00.231549,175.7179411057419,100.38579268362653,60.754204004309656,-15.51876317894083,141.00392019552223,22.0446381972786,114.38455294482357,-5.020441069320377,57.043101266440374,24.46254401131751,78.34967482147995,34.63929175002798,-43.290385494572554,149.03119957084328,82.60755307853648,34.82975054715369,8.460233038263425,45.75522445300713,Unfeasible shape,GPSampler,PRUNED
36,36,,2026-05-18 19:38:51.674157,2026-05-18 19:38:51.951032,0 days 00:00:00.276875,27.026470128613617,74.24455344503092,37.536342330837485,-45.4230963520051,64.75092226326959,2.3699115185873016,187.23278523492928,-56.53162950797767,19.10270920939324,104.1833432647084,74.13022706491789,85.6469599106623,-84.9696943420271,44.96547557580837,39.94242425981189,108.69874770573236,0.5404709539808508,49.08914661744439,Unfeasible shape,GPSampler,PRUNED
37,37,,2026-05-18 19:38:52.093708,2026-05-18 19:38:52.320313,0 days 00:00:00.226605,64.87329510805307,14.285525283777725,184.70382684601412,-68.3536400132711,94.36494225767179,32.833131350894135,98.57682286556643,-7.93387874714962,67.30799100641313,65.91152762770072,30.750192740547,86.8306735601388,-15.614185412588654,115.74545798582986,117.0631891827488,67.90736216314833,-17.356636006073686,0.9321445056115429,Unfeasible shape,GPSampler,PRUNED
38,38,42.404204018130145,2026-05-18 19:38:52.456657,2026-05-18 19:39:46.895628,0 days 00:00:54.438971,50.01321011439304,88.7281435846394,43.81753200636925,-21.4741664197893,174.2794475691231,3.329659090905989,176.67798470642535,-9.471704972362367,55.97035993424298,66.53068286504349,105.20190671256636,44.44783764765561,-36.5333565265382,29.911177343838713,47.470768289583134,68.51334816429754,-54.57921713360137,60.13284821913048,,GPSampler,COMPLETE
39,39,,2026-05-18 19:39:47.903603,2026-05-18 19:39:48.173664,0 days 00:00:00.270061,84.02238917115969,31.723860815256245,57.25621305860452,-75.52366141696706,32.57801369154342,192.09680528259014,32.28306600621799,26.162250107225105,11.448233291598886,98.79298009411886,13.410025887266737,86.40651218970142,-23.171947281641756,106.53681053693477,147.6979672206415,16.71149484575856,12.22792619906673,-0.5779066287755263,Unfeasible shape,GPSampler,PRUNED
40,40,,2026-05-18 19:39:48.317028,2026-05-18 19:39:48.606712,0 days 00:00:00.289684,111.20710857333931,140.75563843892527,4.959508549632014,-53.10059494550637,44.3818491685161,108.84195159471835,14.440594021920392,18.436869343309226,82.99587954156726,34.53413832581655,84.54060815715123,7.850686000914992,-83.55047207880067,50.30109060333124,130.06738896462602,135.83449532013037,-19.231674581645805,6.7991213501686865,Unfeasible shape,GPSampler,PRUNED
41,41,,2026-05-18 19:39:48.749263,2026-05-18 19:39:48.981288,0 days 00:00:00.232025,2.9339292287403658,170.63178587648477,70.27231899123346,-43.722622056529715,25.45131535323888,100.0517408183078,74.4395292396878,12.91029889883447,87.65859874075237,137.401614030746,147.5623496005748,65.47124550976545,-26.896244520304194,15.475212674150674,85.73211927076989,139.31206595463652,-8.350109073736,-2.528514808866449,Unfeasible shape,GPSampler,PRUNED
42,42,,2026-05-18 19:39:49.119861,2026-05-18 19:39:49.437400,0 days 00:00:00.317539,146.3833508797542,17.840671117588325,158.79899827748352,-72.96010006184987,72.85303261892494,181.36582124052137,73.86482231606956,-7.935164743643263,102.81399934649924,53.93222477934528,47.87990571011455,1.6993585271271103,-20.721529918893225,66.00126756163775,148.72574956136347,133.65573767519896,21.934266492552368,58.12000354077925,Unfeasible shape,GPSampler,PRUNED
43,43,,2026-05-18 19:39:49.581992,2026-05-18 19:39:49.831998,0 days 00:00:00.250006,90.23639409702598,141.73099959438736,135.11061263021136,-80.16149364463432,154.01748899582773,141.92692369605885,66.43090063561398,-2.383017101550486,65.06164039006273,107.14313545952041,63.41796275022249,58.29286281340702,-35.43369295740454,66.37856317483369,145.79515623413712,72.5529112356881,-55.7534426071097,64.47698484179371,Unfeasible shape,GPSampler,PRUNED
44,44,,2026-05-18 19:39:49.976494,2026-05-18 19:39:50.258479,0 days 00:00:00.281985,69.05843210784016,38.71744099156069,97.80125903971776,-9.078323375245617,63.4374853323509,18.085714912480178,26.886400857387823,-57.074883881485626,10.942868766971376,119.66738375938912,46.73917734559561,140.23375836145533,-63.21957781501662,115.97499095042643,92.59196394543142,14.22565432828832,-38.71427555303661,-1.208140269726412,Unfeasible shape,GPSampler,PRUNED
45,45,,2026-05-18 19:39:50.403532,2026-05-18 19:39:50.670140,0 days 00:00:00.266608,108.83849927511127,180.17202914231953,116.25983247869351,-56.309537280849746,135.86132955478357,50.34820357258008,102.0574204735234,3.674574443432924,7.479936643890607,117.19501375212863,128.42064963763212,9.979082793645626,-72.20875339673603,87.7794859494287,106.16093915272263,112.39756066858212,7.246355004510406,0.47780561260072574,Unfeasible shape,GPSampler,PRUNED
