,number,value,datetime_start,datetime_complete,duration,params_lLegPt.lL0,params_lLegPt.lL1,params_lLegPt.lL2,params_lLegPt.rA1,params_lLegPt.rL0,params_lLegPt.rL1,params_lLegPt.rL2,params_lLegPt.x1,params_lLegPt.y1,params_sLegPt.lL0,params_sLegPt.lL1,params_sLegPt.lL2,params_sLegPt.rA1,params_sLegPt.rL0,params_sLegPt.rL1,params_sLegPt.rL2,params_sLegPt.x1,params_sLegPt.y1,user_attrs_prune,system_attrs_auto:sampler,state
90,90,6.387568577740851,2026-04-10 11:28:07.949052,2026-04-10 11:28:12.404797,0 days 00:00:04.455745,99.73364450833921,45.34442013015467,88.37909300925902,-33.013367791456346,95.03168206285636,31.378593531835573,69.30037305333941,36.52426819231118,16.278437456721754,51.34618105194501,43.829024399017115,45.51846381544537,-23.67045588283507,20.546490401532246,32.08213070231367,70.85374036163006,31.048443391518944,16.121371341254736,Unattained target,GPSampler,PRUNED
91,91,6.194005181548711,2026-04-10 11:28:12.567853,2026-04-10 11:28:16.986749,0 days 00:00:04.418896,60.4138369965192,57.99689939960955,93.63348964400805,-49.10912236788207,60.28124095608962,83.29940899734217,28.720165195859618,42.54395297109324,16.657322230583677,55.043041204514104,16.55493884526727,35.21910984484482,-74.92698630436848,12.780294021406108,42.111307059094614,59.51585020649118,40.7026498016182,17.666993801454556,Unattained target,GPSampler,PRUNED
92,92,9.636711707491123,2026-04-10 11:28:17.135882,2026-04-10 11:28:21.278407,0 days 00:00:04.142525,29.259794984631107,81.80859474790397,61.23733872714479,-57.2721999344757,63.46567917391481,94.76726876228162,75.6743564105588,48.74276911481726,10.327596760076606,35.8202469001641,68.7465999831237,27.462800436679316,-35.835018463463925,49.52244329791873,32.487898224162954,41.66074512813424,48.9522670008566,25.81408896407791,Unattained target,GPSampler,PRUNED
93,93,6.088333645010174,2026-04-10 11:28:21.430698,2026-04-10 11:28:25.238764,0 days 00:00:03.808066,19.489902077198973,57.4145200483697,79.62478251552342,-78.48891215452696,56.86855523545054,31.279288318706023,49.544349547008245,42.61354058487035,20.583301349254047,45.347471457979296,41.23127324776476,38.68763169543901,-22.820699353599153,93.85696615745,84.61266317871736,87.17111872713974,35.13325136423196,28.79577702213935,Unattained target,GPSampler,PRUNED
94,94,5.149008160843465,2026-04-10 11:28:25.399628,2026-04-10 11:28:29.460638,0 days 00:00:04.061010,94.86459355071734,29.835169257797155,79.22068227002508,-64.9936124370048,52.59698446353301,82.4200831724701,20.153132337082887,49.796806684318845,15.177053482934543,16.55434007032919,43.18657914381144,67.22750857633292,-37.93807143556745,44.87856621334126,31.590914304127082,52.12602627268936,32.588073048554016,25.039465993668024,Unattained target,GPSampler,PRUNED
95,95,5.588790989099408,2026-04-10 11:28:29.612725,2026-04-10 11:28:35.674978,0 days 00:00:06.062253,65.50156055135652,67.69893618681009,52.404013262630656,-55.784250043870045,24.611421703848777,11.76132288600441,37.70275496991979,42.35889702688792,28.24107297874206,55.7555578472381,30.89812982785998,56.831516632304464,-47.08065703503416,70.21095772766286,13.209996855795868,34.43113933621497,48.78016452034548,17.29661626314062,Unattained target,GPSampler,PRUNED
96,96,5.876595418433844,2026-04-10 11:28:35.820213,2026-04-10 11:28:39.990062,0 days 00:00:04.169849,13.315624053641328,53.72666027680164,21.675173753600355,-71.95896751733376,64.92620035533585,55.98186121301981,44.69970766465152,40.59711162317471,24.208585154080343,30.720478956459353,93.81406281968711,80.67328159734272,-56.00566714425334,61.40111719986496,74.84060425067861,93.56986610321229,38.708930731196595,23.281302929348918,Unattained target,GPSampler,PRUNED
97,97,11.078691804453392,2026-04-10 11:28:40.161350,2026-04-10 11:28:44.061991,0 days 00:00:03.900641,73.26134414191304,63.04629651411767,56.082093400606546,-53.022278154829294,26.219314845260293,59.66901355714134,53.044485558920925,45.33311915853601,14.347933792688725,52.27540628373922,76.11263772115525,81.06538114759299,-77.42116621909294,36.42535077455277,75.1147805107121,73.49410828040467,36.22240929792254,10.6476532121025,Unattained target,GPSampler,PRUNED
98,98,9.262720869061802,2026-04-10 11:28:44.211548,2026-04-10 11:28:48.647449,0 days 00:00:04.435901,63.90904062243917,53.79726090841392,87.11619662564654,-44.34107721088877,41.98366161983748,51.78129333873835,38.57507350447851,32.112688006271426,29.785051725318702,40.64750806977429,71.8068262592848,58.69868170755233,-54.93731830561589,21.97939769336578,57.39551231076912,90.3833302236242,45.51311732775726,27.66996106701009,Unattained target,GPSampler,PRUNED
99,99,9.571257302398728,2026-04-10 11:28:48.809145,2026-04-10 11:28:53.041751,0 days 00:00:04.232606,52.43511621618228,83.16550938245308,44.12647587806147,-70.18202958352038,84.4925993953876,89.75711837566463,33.82838142887632,34.04404295368151,17.5310361773437,69.00391048003556,89.00341296400285,31.38741686066153,-31.74073556550554,26.98680970131884,53.882280740663234,63.5179728578779,32.69534684545026,19.671706404948665,Unattained target,GPSampler,PRUNED
