,number,value,datetime_start,datetime_complete,duration,params_highPt.lL1,params_highPt.lL2,params_highPt.lL3,params_highPt.rA2,params_highPt.rL1,params_highPt.rL2,params_highPt.rL3,params_highPt.x2,params_highPt.y2,params_low.legHeight,params_low.motorDistanceCenter,params_low.pulleyRadius,params_lowPt.lL1,params_lowPt.lL2,params_lowPt.lL3,params_lowPt.rA2,params_lowPt.rL1,params_lowPt.rL2,params_lowPt.rL3,params_lowPt.x2,params_lowPt.y2,user_attrs_prune,system_attrs_cma:generation,system_attrs_cma:optimizer:0,system_attrs_cma:optimizer:1,system_attrs_cma:optimizer:2,system_attrs_cma:optimizer:3,system_attrs_cma:optimizer:4,system_attrs_cma:optimizer:5,system_attrs_cma:optimizer:6,state
29,29,,2026-06-16 13:21:34.723229,2026-06-16 13:21:34.981289,0 days 00:00:00.258060,48.45497836032421,56.78779639038098,43.94357265940521,-58.052502032802224,26.18411761413292,24.88371489483965,47.33662972760317,-33.04057540616983,101.2807597856653,112,75,45,46.89878134018525,51.00751784460257,16.6463640723258,-18.499903129898087,38.080948467028044,63.67427627840301,55.34494073770004,43.72127425763266,38.721623863279845,Unfeasible shape,1.0,800495661b0000000000008c0a636d6165732e5f636d61948c03434d419493942981947d94288c065f6e5f64696d944b118c085f706f7073697a65944b068c035f6d75944b038c075f6d755f656666948c166e756d70792e5f636f72652e6d756c74696172726179948c067363616c61729493948c056e756d7079948c0564747970659493948c02663894898887945294284b038c013c944e4e4e4affffffff4affffffff4b007494624308b753c6a5983a004094869452948c035f636394680b68114308900659d67ed3c83f94869452948c035f633194680b6811430843080e998150783f94869452948c045f636d7594680b68114308f02346dde989673f94869452948c085f635f7369676d6194680b68114308fae9701ad975c53f94869452948c085f645f7369676d6194680b681143083f1d4e23bbaef23f94869452948c035f636d944b018c065f6368695f6e9447401040aaadf7c1448c085f776569676874739468098c0c5f7265636f6e737472756374949394680c8c076e6461727261799493944b0085944301629487945294284b014b06859468118943303d81341aa762e43fed14472b6636d23f67a23f812e11b43f94d816a51c54d2bfe3fe9c65897ae8bf916ebfbfe67ef2bf947494628c085f705f7369676d6194682f68314b008594683387945294284b014b118594681189438823035caf6f42d23fe0d21852a95c9dbf2094c9887a8ad3bfa1081d28b0f1de3f431364fadb45debf16f1026ce576c7bf9d7fb26445f9d1bf02644c491442e33fdaa6701d730cefbfc8a21b4a15cee93f0212e2ad1138f2bf28a90110b27ca9bfe2dceafc50e2edbfe57e861f55efe23fd260e8c481fdddbfffc3bc1ce8c6a3bf6aefc0340682dcbf947494628c035f706394682f68314b008594683387945294284b014b118594681189438867be8c85737fd33f63f224d26e5a9fbf271ac1b8bdddd4bf16e15cca7685e03f3a533e16b929e0bf0fb683ef460ec9bf47b67af65231d3bf27917e806e90e43f1d34ee94c093f0bff91795aa198eeb3f9e8734866174f3bfe184f66a3137abbffb4bbff426e9efbfc19876b81238e43f6920a0e71703e0bfa007ce6d441ea5bfce4bf9cef770debf947494628c055f6d65616e94682f68314b008594683387945294284b014b118594681189438868c5b0f61f50e23f397359f1fa88df3f24b3105ea40cdb3fa4b7bdc776ebe33f8a3b21ab9a54d83f70d0a9a41607dd3f23eb2f514972db3fd101160e04e1e43fda9ea68d9544d03ff09bdced9f89e63fac76bfa20313cb3f3540f3d25f31df3f8778305da5dbd03f66d4ab620dcce43fef2e2a32ef66d83f5116c7a6aa5fdf3ff6a9642413c7d83f947494628c055f635f316494682f68314b008594683387945294284b014b9985946811894,2c80400001bde449a3608f03f63070d285e5a77bff87884bf8d5156bf463b99a747b2543f3609104ea37b64bf78895b20b34a313f68db40498b8151bf80a274fb85a0603f87b4f18eba5869bfa73795ec3f905d3fd04e196302d17ebfc8ea8552ed6566bf3097e110045775bf687a93d20ac2683f09e0573f33d765bf81b5d486facb483fa43471f190d0593f98dd692768baef3f5091b2eb642b6a3f159a7544595d7ebf95767163b4f9713f6ff8eda0d39549bfa4963b51ee736ebfa43dce1d463c67bfa50e1bc7972a58bf11b64870c0c467bfc1daacd2982a7dbfcd9af59d66f8703fff2fbca8843f72bf0672da6b3af4623fb84d4a6223727e3fd4c97212c0d377bf47fe9a34f5c07a3f197773d208e1ef3f3e246c014e624b3f56b7f9cda91d453f42623aa76168583f3e69619ae024243f8b9b2ff7de9252bf300b19995e3e723f46c3b91666e56ebf643b4bdc9c76803fc247c472668363bf3e114e451506733fe23bad7df5f36bbf6c2bb53818a4643f6781c70fa795633f06d0045c308b47bf104aafa705c3ef3f30a74418fd3545bf9a1bc9e5ea6626bfe890133b14c562bfbdd66c91757e73bf7a59539ed8ae82bf2c1e5ebc9c9748bf23323e19183693bfb4aa73e891783fbff879d74aa08686bff1149aa446fc813f3031dd66c52d7abf84e539b8c46c6fbf40189dfe34ca633f4c2a167c9a01f03f1a72d5cd3233463f517b12f764cd643f1f8ce52d40ec5ebfb487e5ecb788783f1c98a9d6b0ed70bf26605e193c54863f66d2339a9f05533f40ae45a710b8803f96ae0cae897875bf8c1dac3df38a693f0cdb87b80b9d443fee2dfe0258fa49bf8595232096e8ef3f2da89c4ec680503fd4b1ed4a371b523fc57faee677c7653fcb05edcbd855513fe02030551608693f30597b1845c4573fa8a12590124a623fdae30af17b0d5fbf7617341858b05e3fd024295c6793dbbe36f5bb1a7c7b5c3f7599794240e6ef3f328a4a426df745bff71339b3bac86e3f9589d13011ba72bfdfeb462c9b77653f7d2409cfc7de3fbf72bd23772ebf603f7597e708068263bf24d0a849b79c773f1368d1d79e3241bf769c8bdd1c91703f122ea1450899ef3f0c5de8418b4089bf6c784d147f1571bfb9bd8df9916595bf46ccd27ff69e6cbf023ee4dbe2dc86bf75ca7f52bce6863f1540edbcce8a8ebf6648d334b70e65bf60b7cf6698a167bfdf785f9da017f03f3c3778dbb90289bf5211430dfa6c7a3f5cec349c860f1b3ff4dfdfa9f77f803fd5f5afca8dea6bbfd0637eb4c8b73f3ff2100d12cfbd51bfca183a4f1305773f8c1e00b550e4ef3f8336d53612cc93bf076fe0ff9c8c77bf7aaa577818ce8bbf929de456fdb0853ff052e934edba83bf5330e2d4bd9740bf7c03d707f1e966bf183c112e0ddaef3f8b66700b1716673f8ae0,9d2752fc733f80d96aaa53f708bfb9ea4d1d60395f3fac4f4f3eb87b7bbfb2dd7ce05bf1863fed0793f431daef3f35287adfae08603fd7cd8bcaedea45bffcacfde78a751b3fb54a82e4dbc8403f4a0983d2492869bf1f8fc0b28a12f03f8726f4d8ee456ebf67935ba82f54783f12b1fd19270e6dbf1f76ac1fb789803f5b139f891fefef3fc899c5c556274d3f5215354d36ca653f62eba2a50f2571bfad00a23b9f8eef3f93c2f327064d4dbf3f04d787798871bf8307f80604ddef3f1d027514fea8723f87c253b7acceef3f947494628c065f7369676d6194680b68114308a06bd4dc0b1ec83f94869452948c025f44944e8c025f42944e8c075f626f756e647394682f68314b008594683387945294284b014b114b02869468118942100100000000000000000000000000000000f03f0000000000000000000000000000f03f0000000000000000000000000000f03f0000000000000000000000000000f03f0000000000000000000000000000f03f0000000000000000000000000000f03f0000000000000000000000000000f03f0000000000000000000000000000f03f0000000000000000000000000000f03f0000000000000000000000000000f03f0000000000000000000000000000f03f0000000000000000000000000000f03f0000000000000000000000000000f03f0000000000000000000000000000f03f0000000000000000000000000000f03f0000000000000000000000000000f03f0000000000000000000000000000f03f947494628c115f6e5f6d61785f726573616d706c696e67944baa8c025f67944b018c095f6c725f616461707494898c065f616c70686194473ff66666666666668c0a5f626574615f6d65616e94473fb999999999999a8c0b5f626574615f5369676d6194473f9eb851eb851eb88c065f67616d6d6194473fb999999999999a8c065f456d65616e94682f68314b008594683387945294284b014b114b018694681189438800000000000000000000000000000000000000000000000000000000000000000000000000000000000000000000000000000000000000000000000000000000000000000000000000000000000000000000000000000000000000000000000000000000000000000000000000000000000000000000000000000000000000000000000000000000947494628c075f455369676d6194682f68314b008594683387945294284b014d21014b018694681189420809000000000000000000000000000000000000000000000000000000000000000000000000000000000000000000000000000000000000000000000000000000000000000000000000000000000000000000000000000000000000000000000000000000000000000000000000000000000000000,00000000000000000000000000000000000000000000000000000000000000000000000000000000000000000000000000000000000000000000000000000000000000000000000000000000000000000000000000000000000000000000000000000000000000000000000000000000000000000000000000000000000000000000000000000000000000000000000000000000000000000000000000000000000000000000000000000000000000000000000000000000000000000000000000000000000000000000000000000000000000000000000000000000000000000000000000000000000000000000000000000000000000000000000000000000000000000000000000000000000000000000000000000000000000000000000000000000000000000000000000000000000000000000000000000000000000000000000000000000000000000000000000000000000000000000000000000000000000000000000000000000000000000000000000000000000000000000000000000000000000000000000000000000000000000000000000000000000000000000000000000000000000000000000000000000000000000000000000000000000000000000000000000000000000000000000000000000000000000000000000000000000000000000000000000000000000000000000000000000000000000000000000000000000000000000000000000000000000000000000000000000000000000000000000000000000000000000000000000000000000000000000000000000000000000000000000000000000000000000000000000000000000000000000000000000000000000000000000000000000000000000000000000000000000000000000000000000000000000000000000000000000000000000000000000000000000000000000000000000000000000000000000000000000000000000000000000000000000000000000000000000000000000000000000000000000000000000000000000000000000000000000000000000000000000000000000000000000000000000000000000000000000000000000000000000000000000000000000000000000000000000000000000000000000000000000000000000000000000000000000000000000000000000000000000000000000000000000000000000000000000000000000000000000000000000000000000000000000000000000000000000000000000000000000000000000000000000000000000000000000000000000000000000000000000000000000000000000000000000000000000000000000000000000000000000000000000000000000000000000000000000000000000000000000000000000000000000000000000000000000000,00000000000000000000000000000000000000000000000000000000000000000000000000000000000000000000000000000000000000000000000000000000000000000000000000000000000000000000000000000000000000000000000000000000000000000000000000000000000000000000000000000000000000000000000000000000000000000000000000000000000000000000000000000000000000000000000000000000000000000000000000000000000000000000000000000000000000000000000000000000000000000000000000000000000000000000000000000000000000000000000000000000000000000000000000000000000000000000000000000000000000000000000000000000000000000000000000000000000000000000000000000000000000000000000000000000000000000000000000000000000000000000000000000000000000000000000000000000000000000000000000000000000000000000000000000000000000000000000000000000000000000000000000000000000000000000000000000000000000000000000000000000000000000000000000000000000000000000000000000000000000000000000000000000000000000000000000000000000000000000000000000000000000000000000000000000000000000000000000000000000000000000000000000000000000000000000000000000000000000000000000000000000000000000000000000000000000000000000000000000000000000000000000000000000000000000000000000000000000000000000000000000000000000000000000000000000000000000000000000000000000000000000000000000000000000000000000000000000000000000000000000000000000000000000000000000000000000000000000000000000000000000000000000000000000000000000000000000000000000000000000000000000000000000000000000000000000000000000000000000000000000000000000000000000000000000000000000000000000000000000000000000000000000000000000000000000000000000000000000000000000000000000000000000000000000000000000000000000000000000000000000000000000000000000000000000000000000000000000000000000000000000000000000000000000000000000000000000000000000000000000000000000000000000000000000000000000000000000000000000000000000000000000000000000000000000000000000000000000000000000000000000000000000000000000000000000000000000000000000000000000000000000000000000000000000000000000000000000000000000000000000,0000000000000000000000000000000000000000000000000000000000000000000000000000000000000000000000000000000000000000000000000000000000000000000000000000000000000000000000000000000000000000000000000000000000000000000000000000000000000000000000000000000000000000000000000000000000000000000000000000000000000000000947494628c065f566d65616e944700000000000000008c075f565369676d61944700000000000000008c095f6574615f6d65616e94473ff00000000000008c0a5f6574615f5369676d6194473ff00000000000008c055f746f6c7894473d4c25c2684976828c075f746f6c787570944740c38800000000008c075f746f6c66756e94473d719799812dea118c105f746f6c636f6e646974696f6e636f76944742d6bcc41e9000008c0d5f66756e686973745f7465726d944b5f8c0f5f66756e686973745f76616c75657394682f68314b008594683387945294284b014bbe859468118942f00500000000000000e878400000000000e05e4074db703780813840ef4298fa6ef264400000000000e05e400000000000000000c931e1f1251079408f2c08fd469a5f40000ed1eaa5f1ef3fce4aa48d2d1e79404ce5b441be7b5f402620804cca1eee3fe989f42e742a7940366c7fc5d8585f40ad1dc69f955df93f73673a2184387940338e985c67045f40df7e81a00944e73f340efc9ac13979408818732b23d65e40df7e81a00944e73f73673a2184387940dda24dfadea75e40ad1dc69f955df93fe989f42e742a7940dac466916d535e402620804cca1eee3fce4aa48d2d1e7940c44b311588305e40000ed1eaa5f1ef3fc931e1f1251079408104de59ff115e40917986045a8701400cfbcce732ee78402f8e712005ef5d40e32c298fea9df23f34be671499db784099af7976efeb5d40e32c298fea9df23f5c810241ffc878402f8e712005ef5d40917986045a8701409f4aee360ca778408104de59ff115e40000ed1eaa5f1ef3f9a312b9b04997840c44b311588305e402620804cca1eee3f7ff2daf9bd8c7840dac466916d535e40ad1dc69f955df93ff5149507ae7e7840dda24dfadea75e40df7e81a00944e73f346ed38d707d78408818732b23d65e40df7e81a00944e73ff5149507ae7e7840338e985c67045f40ad1dc69f955df93f7ff2daf9bd8c7840366c7fc5d8585f402620804cca1eee3f9a312b9b049978404ce5b441be7b5f40000ed1eaa5f1ef3f9f4aee360ca778408f2c08fd469a5f40917986045a8701405c810241ffc87840e1a2743641bd5f40e32c298fea9df23f34be671499db784077816ce056c05f400000901ec4bcd642f8176b331f7773407a7f8b6c41876d40fa7f33ef062f23403406ce88f707744092e404a0b3,ec6d4024789e16a57c214045e7cd414f8e7440189b95cabe3a6e409d21087ac4d31f402820068b8b0a7540cdb1adb15a726e40ab8f87cd7cf21c40d6151291117d75407337bd1a7f946e40ed5d6f8d5f5b1a40502d8d8046e67540cc3a34cb23a26e40c32ffc8b221518408ecb12868f46764098ca8288409c6e40c27054c8ce2616408a553ece519e764098f51818cd836e407047b678cd9614404630ab85f2ed764090ca663fc1596e40a2eb94bb6c691340b9c0f4d8d63577403e58dcc3141f6e40ac5aade4209f1240df6bb6f46376774063ade96abfd46d4072a52b822d331240b6968b05ffaf7740c3d8fef9b87b6d4044f0bb97791b124038a60f380de377401fe98b36f9146d40420f53a9cf49124062ffddb8f30f784037ed00e677a16c40fb76cceefead12402e0792b417377840cbf3cdcd2c226c40082315d3f43713409a22c757de5878409f0b63b30f986b4031aead5b89f01d406b0b5ca5e282784036e9121ac5b76a40e328a3c883322540c87315f0fdaa784066312e193c6e6940ac92c1ecc47126405844c0fbc0c478402ac84af1d60a6840a311b8b6606a2740f6a4372d55d378408c23e9cd53956640520037c4840d3240bc9cab168fdb784002a24a32df53644044de4faf6906284034be671499db78408c99da9778d36240084c3a350f723b4034be671499db784016a066626dca5e4000000000000000000100000000000000d87640d0960200003893d961f97f000002000000010000000000000000000000ffffffffffffffff60fa530197020000e89cd961f97f0000000000000000000000000000000000000100000000000000d87640d0960200003893d961f97f000003000000010000000000000000000000ffffffffffffffff60fa530197020000e89cd961f97f000000000000000000000000000000000000010000000000000004000000010000003893d961f97f0000050000000000000000000000000000000000000000000000409bd961f97f0000e89cd961f97f00000000000000000000409bd961f97f0000e89cd961f97f0000040000000100000001000000010000000100000000000000ffffffffffffffffffffffffffffffff70c0e861f97f000040dd930097020000409bd961f97f0000b07140d096020000e89cd961f97f00000000000000000000ffffffffffffffff0000000000000000000000000000000000000000000000009474946275622e,PRUNED
