,number,value,datetime_start,datetime_complete,duration,params_highPt.lL1,params_highPt.lL2,params_highPt.lL3,params_highPt.rA2,params_highPt.rL1,params_highPt.rL2,params_highPt.rL3,params_highPt.x2,params_highPt.y2,params_low.legHeight,params_low.motorDistanceCenter,params_low.pulleyRadius,params_lowPt.lL1,params_lowPt.lL2,params_lowPt.lL3,params_lowPt.rA2,params_lowPt.rL1,params_lowPt.rL2,params_lowPt.rL3,params_lowPt.x2,params_lowPt.y2,user_attrs_prune,system_attrs_cma:generation,system_attrs_cma:optimizer:0,system_attrs_cma:optimizer:1,system_attrs_cma:optimizer:2,system_attrs_cma:optimizer:3,system_attrs_cma:optimizer:4,system_attrs_cma:optimizer:5,system_attrs_cma:optimizer:6,state
47,47,110.57682857967121,2026-06-16 13:22:49.218051,2026-06-16 13:23:05.241059,0 days 00:00:16.023008,81.75803320961785,72.10047562762331,35.32799550380504,-18.422114558200434,44.678020394277006,28.21848584051476,29.508476901059545,30.82474355587273,65.9002861411953,93,97,49,40.89448455445187,56.92220797815308,41.44205569018283,-37.665264150128735,66.97389003047734,51.54918698163512,49.862218087720485,-2.6593252773740943,39.835267327395506,,1.0,,,,,,,,COMPLETE
48,48,,2026-06-16 13:23:06.245456,2026-06-16 13:23:06.568163,0 days 00:00:00.322707,64.21034648427683,47.956427012317235,50.48006520207023,-61.072279710546276,38.34073905451828,46.62490325294996,18.814499009095236,-14.979154932204604,25.366517414380176,106,58,40,19.081915267350738,52.37449072519838,45.869441194059625,-53.31633993634088,43.19422043977528,28.70331604336957,49.03699417022644,-32.95739793575615,63.48298966478209,Unfeasible shape,1.0,,,,,,,,PRUNED
49,49,,2026-06-16 13:23:06.695700,2026-06-16 13:23:06.978310,0 days 00:00:00.282610,72.72618869968501,38.83476440657039,52.20448178952687,-54.97821486162208,34.460938571121524,21.249882938515047,28.171403012963218,11.81732713817118,2.3057082209720052,109,56,39,71.28479907983004,23.050298542393882,44.59703457162707,-27.28272053338756,51.36342203078019,66.42011212684201,59.68369688628224,-35.941864383392705,46.6805425118711,Unfeasible shape,1.0,,,,,,,,PRUNED
