,number,value,datetime_start,datetime_complete,duration,params_highPt.lL1,params_highPt.lL2,params_highPt.lL3,params_highPt.rA2,params_highPt.rL1,params_highPt.rL2,params_highPt.rL3,params_highPt.x2,params_highPt.y2,params_low.legHeight,params_low.motorDistanceCenter,params_low.pulleyRadius,params_lowPt.lL1,params_lowPt.lL2,params_lowPt.lL3,params_lowPt.rA2,params_lowPt.rL1,params_lowPt.rL2,params_lowPt.rL3,params_lowPt.x2,params_lowPt.y2,user_attrs_prune,system_attrs_cma:generation,system_attrs_cma:optimizer:0,system_attrs_cma:optimizer:1,system_attrs_cma:optimizer:2,system_attrs_cma:optimizer:3,system_attrs_cma:optimizer:4,system_attrs_cma:optimizer:5,system_attrs_cma:optimizer:6,state
30,30,,2026-06-16 13:21:35.111854,2026-06-16 13:21:35.407885,0 days 00:00:00.296031,30.513467304495187,63.722521584212764,59.84272384957008,-29.982755803555612,60.40922706842206,36.42631714770021,50.22762001745204,30.493488255138033,64.6872231237352,101,75,52,9.26359426180848,40.461064648684896,22.657342961111866,-34.60566219167706,52.387167625757144,30.410921380075447,21.504868883663868,29.40400020200802,39.850681027434234,Unfeasible shape,1.0,800495661b0000000000008c0a636d6165732e5f636d61948c03434d419493942981947d94288c065f6e5f64696d944b118c085f706f7073697a65944b068c035f6d75944b038c075f6d755f656666948c166e756d70792e5f636f72652e6d756c74696172726179948c067363616c61729493948c056e756d7079948c0564747970659493948c02663894898887945294284b038c013c944e4e4e4affffffff4affffffff4b007494624308b753c6a5983a004094869452948c035f636394680b68114308900659d67ed3c83f94869452948c035f633194680b6811430843080e998150783f94869452948c045f636d7594680b68114308f02346dde989673f94869452948c085f635f7369676d6194680b68114308fae9701ad975c53f94869452948c085f645f7369676d6194680b681143083f1d4e23bbaef23f94869452948c035f636d944b018c065f6368695f6e9447401040aaadf7c1448c085f776569676874739468098c0c5f7265636f6e737472756374949394680c8c076e6461727261799493944b0085944301629487945294284b014b06859468118943303d81341aa762e43fed14472b6636d23f67a23f812e11b43f94d816a51c54d2bfe3fe9c65897ae8bf916ebfbfe67ef2bf947494628c085f705f7369676d6194682f68314b008594683387945294284b014b118594681189438823035caf6f42d23fe0d21852a95c9dbf2094c9887a8ad3bfa1081d28b0f1de3f431364fadb45debf16f1026ce576c7bf9d7fb26445f9d1bf02644c491442e33fdaa6701d730cefbfc8a21b4a15cee93f0212e2ad1138f2bf28a90110b27ca9bfe2dceafc50e2edbfe57e861f55efe23fd260e8c481fdddbfffc3bc1ce8c6a3bf6aefc0340682dcbf947494628c035f706394682f68314b008594683387945294284b014b118594681189438867be8c85737fd33f63f224d26e5a9fbf271ac1b8bdddd4bf16e15cca7685e03f3a533e16b929e0bf0fb683ef460ec9bf47b67af65231d3bf27917e806e90e43f1d34ee94c093f0bff91795aa198eeb3f9e8734866174f3bfe184f66a3137abbffb4bbff426e9efbfc19876b81238e43f6920a0e71703e0bfa007ce6d441ea5bfce4bf9cef770debf947494628c055f6d65616e94682f68314b008594683387945294284b014b118594681189438868c5b0f61f50e23f397359f1fa88df3f24b3105ea40cdb3fa4b7bdc776ebe33f8a3b21ab9a54d83f70d0a9a41607dd3f23eb2f514972db3fd101160e04e1e43fda9ea68d9544d03ff09bdced9f89e63fac76bfa20313cb3f3540f3d25f31df3f8778305da5dbd03f66d4ab620dcce43fef2e2a32ef66d83f5116c7a6aa5fdf3ff6a9642413c7d83f947494628c055f635f316494682f68314b008594683387945294284b014b9985946811894,2c80400001bde449a3608f03f63070d285e5a77bff87884bf8d5156bf463b99a747b2543f3609104ea37b64bf78895b20b34a313f68db40498b8151bf80a274fb85a0603f87b4f18eba5869bfa73795ec3f905d3fd04e196302d17ebfc8ea8552ed6566bf3097e110045775bf687a93d20ac2683f09e0573f33d765bf81b5d486facb483fa43471f190d0593f98dd692768baef3f5091b2eb642b6a3f159a7544595d7ebf95767163b4f9713f6ff8eda0d39549bfa4963b51ee736ebfa43dce1d463c67bfa50e1bc7972a58bf11b64870c0c467bfc1daacd2982a7dbfcd9af59d66f8703fff2fbca8843f72bf0672da6b3af4623fb84d4a6223727e3fd4c97212c0d377bf47fe9a34f5c07a3f197773d208e1ef3f3e246c014e624b3f56b7f9cda91d453f42623aa76168583f3e69619ae024243f8b9b2ff7de9252bf300b19995e3e723f46c3b91666e56ebf643b4bdc9c76803fc247c472668363bf3e114e451506733fe23bad7df5f36bbf6c2bb53818a4643f6781c70fa795633f06d0045c308b47bf104aafa705c3ef3f30a74418fd3545bf9a1bc9e5ea6626bfe890133b14c562bfbdd66c91757e73bf7a59539ed8ae82bf2c1e5ebc9c9748bf23323e19183693bfb4aa73e891783fbff879d74aa08686bff1149aa446fc813f3031dd66c52d7abf84e539b8c46c6fbf40189dfe34ca633f4c2a167c9a01f03f1a72d5cd3233463f517b12f764cd643f1f8ce52d40ec5ebfb487e5ecb788783f1c98a9d6b0ed70bf26605e193c54863f66d2339a9f05533f40ae45a710b8803f96ae0cae897875bf8c1dac3df38a693f0cdb87b80b9d443fee2dfe0258fa49bf8595232096e8ef3f2da89c4ec680503fd4b1ed4a371b523fc57faee677c7653fcb05edcbd855513fe02030551608693f30597b1845c4573fa8a12590124a623fdae30af17b0d5fbf7617341858b05e3fd024295c6793dbbe36f5bb1a7c7b5c3f7599794240e6ef3f328a4a426df745bff71339b3bac86e3f9589d13011ba72bfdfeb462c9b77653f7d2409cfc7de3fbf72bd23772ebf603f7597e708068263bf24d0a849b79c773f1368d1d79e3241bf769c8bdd1c91703f122ea1450899ef3f0c5de8418b4089bf6c784d147f1571bfb9bd8df9916595bf46ccd27ff69e6cbf023ee4dbe2dc86bf75ca7f52bce6863f1540edbcce8a8ebf6648d334b70e65bf60b7cf6698a167bfdf785f9da017f03f3c3778dbb90289bf5211430dfa6c7a3f5cec349c860f1b3ff4dfdfa9f77f803fd5f5afca8dea6bbfd0637eb4c8b73f3ff2100d12cfbd51bfca183a4f1305773f8c1e00b550e4ef3f8336d53612cc93bf076fe0ff9c8c77bf7aaa577818ce8bbf929de456fdb0853ff052e934edba83bf5330e2d4bd9740bf7c03d707f1e966bf183c112e0ddaef3f8b66700b1716673f8ae0,9d2752fc733f80d96aaa53f708bfb9ea4d1d60395f3fac4f4f3eb87b7bbfb2dd7ce05bf1863fed0793f431daef3f35287adfae08603fd7cd8bcaedea45bffcacfde78a751b3fb54a82e4dbc8403f4a0983d2492869bf1f8fc0b28a12f03f8726f4d8ee456ebf67935ba82f54783f12b1fd19270e6dbf1f76ac1fb789803f5b139f891fefef3fc899c5c556274d3f5215354d36ca653f62eba2a50f2571bfad00a23b9f8eef3f93c2f327064d4dbf3f04d787798871bf8307f80604ddef3f1d027514fea8723f87c253b7acceef3f947494628c065f7369676d6194680b68114308a06bd4dc0b1ec83f94869452948c025f44944e8c025f42944e8c075f626f756e647394682f68314b008594683387945294284b014b114b02869468118942100100000000000000000000000000000000f03f0000000000000000000000000000f03f0000000000000000000000000000f03f0000000000000000000000000000f03f0000000000000000000000000000f03f0000000000000000000000000000f03f0000000000000000000000000000f03f0000000000000000000000000000f03f0000000000000000000000000000f03f0000000000000000000000000000f03f0000000000000000000000000000f03f0000000000000000000000000000f03f0000000000000000000000000000f03f0000000000000000000000000000f03f0000000000000000000000000000f03f0000000000000000000000000000f03f0000000000000000000000000000f03f947494628c115f6e5f6d61785f726573616d706c696e67944baa8c025f67944b018c095f6c725f616461707494898c065f616c70686194473ff66666666666668c0a5f626574615f6d65616e94473fb999999999999a8c0b5f626574615f5369676d6194473f9eb851eb851eb88c065f67616d6d6194473fb999999999999a8c065f456d65616e94682f68314b008594683387945294284b014b114b018694681189438800000000000000000000000000000000000000000000000000000000000000000000000000000000000000000000000000000000000000000000000000000000000000000000000000000000000000000000000000000000000000000000000000000000000000000000000000000000000000000000000000000000000000000000000000000000947494628c075f455369676d6194682f68314b008594683387945294284b014d21014b018694681189420809000000000000000000000000000000000000000000000000000000000000000000000000000000000000000000000000000000000000000000000000000000000000000000000000000000000000000000000000000000000000000000000000000000000000000000000000000000000000000,00000000000000000000000000000000000000000000000000000000000000000000000000000000000000000000000000000000000000000000000000000000000000000000000000000000000000000000000000000000000000000000000000000000000000000000000000000000000000000000000000000000000000000000000000000000000000000000000000000000000000000000000000000000000000000000000000000000000000000000000000000000000000000000000000000000000000000000000000000000000000000000000000000000000000000000000000000000000000000000000000000000000000000000000000000000000000000000000000000000000000000000000000000000000000000000000000000000000000000000000000000000000000000000000000000000000000000000000000000000000000000000000000000000000000000000000000000000000000000000000000000000000000000000000000000000000000000000000000000000000000000000000000000000000000000000000000000000000000000000000000000000000000000000000000000000000000000000000000000000000000000000000000000000000000000000000000000000000000000000000000000000000000000000000000000000000000000000000000000000000000000000000000000000000000000000000000000000000000000000000000000000000000000000000000000000000000000000000000000000000000000000000000000000000000000000000000000000000000000000000000000000000000000000000000000000000000000000000000000000000000000000000000000000000000000000000000000000000000000000000000000000000000000000000000000000000000000000000000000000000000000000000000000000000000000000000000000000000000000000000000000000000000000000000000000000000000000000000000000000000000000000000000000000000000000000000000000000000000000000000000000000000000000000000000000000000000000000000000000000000000000000000000000000000000000000000000000000000000000000000000000000000000000000000000000000000000000000000000000000000000000000000000000000000000000000000000000000000000000000000000000000000000000000000000000000000000000000000000000000000000000000000000000000000000000000000000000000000000000000000000000000000000000000000000000000000000000000000000000000000000000000000000000000000000000000000000000000000000000000000000000,00000000000000000000000000000000000000000000000000000000000000000000000000000000000000000000000000000000000000000000000000000000000000000000000000000000000000000000000000000000000000000000000000000000000000000000000000000000000000000000000000000000000000000000000000000000000000000000000000000000000000000000000000000000000000000000000000000000000000000000000000000000000000000000000000000000000000000000000000000000000000000000000000000000000000000000000000000000000000000000000000000000000000000000000000000000000000000000000000000000000000000000000000000000000000000000000000000000000000000000000000000000000000000000000000000000000000000000000000000000000000000000000000000000000000000000000000000000000000000000000000000000000000000000000000000000000000000000000000000000000000000000000000000000000000000000000000000000000000000000000000000000000000000000000000000000000000000000000000000000000000000000000000000000000000000000000000000000000000000000000000000000000000000000000000000000000000000000000000000000000000000000000000000000000000000000000000000000000000000000000000000000000000000000000000000000000000000000000000000000000000000000000000000000000000000000000000000000000000000000000000000000000000000000000000000000000000000000000000000000000000000000000000000000000000000000000000000000000000000000000000000000000000000000000000000000000000000000000000000000000000000000000000000000000000000000000000000000000000000000000000000000000000000000000000000000000000000000000000000000000000000000000000000000000000000000000000000000000000000000000000000000000000000000000000000000000000000000000000000000000000000000000000000000000000000000000000000000000000000000000000000000000000000000000000000000000000000000000000000000000000000000000000000000000000000000000000000000000000000000000000000000000000000000000000000000000000000000000000000000000000000000000000000000000000000000000000000000000000000000000000000000000000000000000000000000000000000000000000000000000000000000000000000000000000000000000000000000000000000000000000000,0000000000000000000000000000000000000000000000000000000000000000000000000000000000000000000000000000000000000000000000000000000000000000000000000000000000000000000000000000000000000000000000000000000000000000000000000000000000000000000000000000000000000000000000000000000000000000000000000000000000000000000947494628c065f566d65616e944700000000000000008c075f565369676d61944700000000000000008c095f6574615f6d65616e94473ff00000000000008c0a5f6574615f5369676d6194473ff00000000000008c055f746f6c7894473d4c25c2684976828c075f746f6c787570944740c38800000000008c075f746f6c66756e94473d719799812dea118c105f746f6c636f6e646974696f6e636f76944742d6bcc41e9000008c0d5f66756e686973745f7465726d944b5f8c0f5f66756e686973745f76616c75657394682f68314b008594683387945294284b014bbe859468118942f005000000000000005878400000000000d0654074db703780813840ef4298fa6ef264400000000000306240000000000000000094ec867a9b02704002caa853142065403f2a356ec00dea3fd9cb2e206a0d704019ae5b51881165403dce30d04f2ee93f428ec1ebde167040f1084745e800654092eaace9a2d8f63fb0dca4fdb321704022590969add864408f6440efe81fe63fa6c2858ba82270403edc90a8a2c264408f6440efe81fe63fb0dca4fdb32170405a5f18e897ac644092eaace9a2d8f63f428ec1ebde1670408bafda0b5d8464403dce30d04f2ee93fd9cb2e206a0d7040630ac6ffbc7364403f2a356ec00dea3f94ec867a9b0270407aee78fd306564409c12dea95a72fb3f48783564e9d06f40a66d001087546440b8729a88cab1ec3f6fc27c3d41b46f4031c1ccda0e536440b8729a88cab1ec3f960cc41699976f40a66d0010875464409c12dea95a72fb3fb6abeb854b636f407aee78fd306564403f2a356ec00dea3f2ced9b3aae4d6f40630ac6ffbc736440becf30d04f2ee93f586876a3c43a6f408bafda0b5d84644092eaace9a2d8f63f7ccbaf7f1a256f405a5f18e897ac6440796440efe81fe63f91ffed6331236f403edc90a8a2c26440796440efe81fe63f7ccbaf7f1a256f4022590969add8644092eaace9a2d8f63f586876a3c43a6f40f1084745e8006540becf30d04f2ee93f2ced9b3aae4d6f4019ae5b51881165403f2a356ec00dea3fb6abeb854b636f4002caa853142065409c12dea95a72fb3f960cc41699976f40d64a2141be306540b8729a88cab1ec3f6fc27c3d41b46f404bf75476363265400000901ec4bcd6420084d4183317753ff0224c9e382a97bff93dce050a8075bf639c624e400857bf8051241b0b,fa873f4800e07a7f848e3f400d3ef29d89913f206f90e5efde8abf0f65d23e456d47bf58ef1706d9344ebf008084d2b5954dbffaff7fae2baba9bf8003b480689b9d3f80cc04084f8375bff311520c5ac9453f292f26ebc4e837bf803ed286823d8abf500050e4eb589bbfa0bdb3dd5d5f9f3f00d69ccdd0a94abfa2a9f92fe76e333f379204c1667e503fb08b3aedfae3c3bffdffb7a213bfd3bf4033ab57b0aba03f00749dbcde0d69bfe9e5b0ff84415b3fd5a3a826de2737bf3815d7fa1d82c83f1000cbbb2c7ed93f80382ea27f43a43f00f71283df7375bfe51dff8ad41c643ff9f981c5c9aa42bf007068b34f69643f4800a8abcc45b43fc0e1d26d993ba33f006b823cac1d60bffa477f17b5e8483f5209f951747136bf0089eeea661f96bf54febf0d58b584bf80946fdf42319d3f005378dca7f2523f9bd36eb56a2a033f857d34b4fe581e3f8023a3944a0a8cbfdfffbf0ee48cb0bf40f2309d384f923f007a60d2fcde5e3f8f0c464d0c720b3f8541d25010e2413f004412bbe66c54bffaff27d53756abbf80b0a897a5e9813f005cfbd5466537bf732d523280b81dbf90a6078f37fd4a3f0001686dcb8e75bf80f7fffccf09593f00eee7f993c75b3fc02a1c187f7673bf87f9eaafd36f53bf2328177e5096393f70bc407d651eb0bff7ff274cf721c23f00216487111277bfe01c94df534383bf143714e734756bbf58818ce7cc6d583f48d273154a75babf0c00e8c32e10c03f804f090b60088bbfe0f23c84c03b8cbf27c018e510917cbf5868f9a436dd4fbf8f4524b4a866e0bf0000e102c77be03fa05b4daf9f9b9dbfc01e0192082c8cbf13aec5a82e7583bfab06cbb2cb4067bf2ad41bef21eaf8bffd7f6d1ac9d3e43f388df8a82134b4bf8002b26c400472bff0e5ac593da065bf54d5caff5a4e7abf990c673f200b194000802660aba000c0ceee37fd7347bfbf402a4f6c837d723fbfb5b7efb168993f33bbba43678d8e3f59fccfad0ee49340470226e87caede4089585b3aefd020c14c9f5b4b3db9d13f8a47fac9a0b7f73f99815f93bc24b0be3d7701a3930900c05cbf65c00765403e2430f2d9fc3d413f690ef77857394d3e9872df1c076fd03ef6bf20fa7cc4b13edb214e0ee507efbf64906077fbb16dbe282fa4f6b7006f3f053026f868a04a3ebdf9e18e1205d03efdffffffffff03400ae1610b7523404055270fe914534a4000000000000000009474946275622e,PRUNED
