,number,value,datetime_start,datetime_complete,duration,params_highPt.rA2,params_highPt.rL1,params_highPt.rL2,params_highPt.rL3,params_highPt.x2,params_highPt.y2,params_lowPt.rA2,params_lowPt.rL1,params_lowPt.rL2,params_lowPt.rL3,params_lowPt.x2,params_lowPt.y2,user_attrs_prune,system_attrs_cma:generation,system_attrs_cma:optimizer:0,system_attrs_cma:optimizer:1,system_attrs_cma:optimizer:2,system_attrs_cma:optimizer:3,system_attrs_cma:optimizer:4,state
402,402,140.0,2026-05-12 20:13:35.018128,2026-05-12 20:13:35.295973,0 days 00:00:00.277845,-35.39279854501237,42.88210931441399,27.220978804480353,41.50584765913975,65.623242930686,67.50163997172174,-32.643364667530975,61.745882141845485,64.8054442330383,79.61011305518129,25.017621457644488,17.264621200972158,Unfeasible shape,24.0,800495a6100000000000008c0a636d6165732e5f636d61948c03434d419493942981947d94288c065f6e5f64696d944b0c8c085f706f7073697a65944b0b8c035f6d75944b058c075f6d755f656666948c166e756d70792e5f636f72652e6d756c74696172726179948c067363616c61729493948c056e756d7079948c0564747970659493948c02663894898887945294284b038c013c944e4e4e4affffffff4affffffff4b007494624308e9e8100774510b4094869452948c035f636394680b681143083e6c7d43b18cd03f94869452948c035f633194680b681143089fc67c4e93b7863f94869452948c045f636d7594680b68114308b90fbeb98d89913f94869452948c085f635f7369676d6194680b681143088289198da8f9d03f94869452948c085f645f7369676d6194680b68114308606246236a3ef43f94869452948c035f636d944b018c065f6368695f6e9447400b25064571943c8c085f776569676874739468098c0c5f7265636f6e737472756374949394680c8c076e6461727261799493944b0085944301629487945294284b014b0b8594680e8c02663894898887945294284b0368124e4e4e4affffffff4affffffff4b00749462894358538e214ba67ddb3f2c5e47761ddbd03f4c60b4a91145c53f18b8b48552e2b83f8daa7d42f660a63f00000000000000009bd0b4761a8dc0bf5806fa0273e3cebff539783e76c4d5bfddd50bc2786cdbbf0820f98e2d45e0bf947494628c085f705f7369676d6194682f68314b008594683387945294284b014b0c8594681189436013c75e492d71f63f9b1d83ffee2aecbf9086834d1e4cddbf6c1d5832c52addbf87ccd40fdcc3e73fdc5a5092129cc8bfb7684e4cffbde23f742cff09a00fd33fc7cd46d19cbdf13f33971d84a46deabff08f37bfca58eb3f3719b139fa8dc9bf947494628c035f706394682f68314b008594683387945294284b014b0c859468118943609f891797ab1af43fce1fac88da4be7bfd72d5d8a5486d3bfbe9c7f7310ffd9bfe8c42b1a58e0e13f725853f87c91d1bf310b32a81255e53f70fa55c99ea0cd3fdb98b3131999ef3f2fe0636e5998eabf955fdb97cdbee93fba505ac23b31b5bf947494628c055f6d65616e94682f68314b008594683387945294284b014b0c859468398943608107edad1dfee73f50d024610df2d83fe20bb58bb5b7c03fb4625b14a7d0db3fd2018618f871ea3fff23d4d709ddec3f87685267e871eb3f5d1536165d6fe23f326a3b05f5b8e13f38318d7c6fc3e73f6bf224c1d0b5d33fb74892aba075cd3f947494628c065f7369676d6194680b681143087329da3700f4b03f94869452948c025f44944e8c025f42944e8c075f626f756e647394682f68314b008594683387945294284b014b0c4b02869468398943c00,000000000000000000000000000f03f0000000000000000000000000000f03f0000000000000000000000000000f03f0000000000000000000000000000f03f0000000000000000000000000000f03f0000000000000000000000000000f03f0000000000000000000000000000f03f0000000000000000000000000000f03f0000000000000000000000000000f03f0000000000000000000000000000f03f0000000000000000000000000000f03f0000000000000000000000000000f03f947494628c115f6e5f6d61785f726573616d706c696e67944b788c025f67944b188c095f6c725f616461707494898c065f616c70686194473ff66666666666668c0a5f626574615f6d65616e94473fb999999999999a8c0b5f626574615f5369676d6194473f9eb851eb851eb88c065f67616d6d6194473fb999999999999a8c065f456d65616e94682f68314b008594683387945294284b014b0c4b0186946839894360000000000000000000000000000000000000000000000000000000000000000000000000000000000000000000000000000000000000000000000000000000000000000000000000000000000000000000000000000000000000000000000000947494628c075f455369676d6194682f68314b008594683387945294284b014b904b018694683989428004000000000000000000000000000000000000000000000000000000000000000000000000000000000000000000000000000000000000000000000000000000000000000000000000000000000000000000000000000000000000000000000000000000000000000000000000000000000000000000000000000000000000000000000000000000000000000000000000000000000000000000000000000000000000000000000000000000000000000000000000000000000000000000000000000000000000000000000000000000000000000000000000000000000000000000000000000000000000000000000000000000000000000000000000000000000000000000000000000000000000000000000000000000000000000000000000000000000000000000000000000000000000000000000000000000000000000000000000000000000000000000000000000000000000000000000000000000000000000000000000000000000000000000000000000000000000000000000000000000000000000000000000000000000000000000000000000000000000000000000000000000000000000000000000000000000000000000000000000000000000000000000000000000000000000000000000000000000000000000000000000000000000000000000000000000000000000000000000000000000000000000000000000000000000000000000000,0000000000000000000000000000000000000000000000000000000000000000000000000000000000000000000000000000000000000000000000000000000000000000000000000000000000000000000000000000000000000000000000000000000000000000000000000000000000000000000000000000000000000000000000000000000000000000000000000000000000000000000000000000000000000000000000000000000000000000000000000000000000000000000000000000000000000000000000000000000000000000000000000000000000000000000000000000000000000000000000000000000000000000000000000000000000000000000000000000000000000000000000000000000000000000000000000000000000000000000000000000000000000000000000000000000000000000000000000000000000000000000000000000000000000000000000000000000000000000000000000000000000000000000000000000000000000000000000000000000000000000000000000000000000000000000000000000000000000000000000000000000000000000000000000000000000000000000000000000000000000000000000000000000000000000000000000000000000000000000000000000000000000000000000000000000000000000000000000000000000000000000000000000000000000000000000000000000000000000000000000000000000000000000000000000000000000000000000000000000000000000000000000000000000000000000000000000000000000000000000000000000000000000000000000000000000000000000000000000947494628c065f566d65616e944700000000000000008c075f565369676d61944700000000000000008c095f6574615f6d65616e94473ff00000000000008c0a5f6574615f5369676d6194473ff00000000000008c055f746f6c7894680b6811430816383daccc74473d94869452948c075f746f6c787570944740c38800000000008c075f746f6c66756e94473d719799812dea118c105f746f6c636f6e646974696f6e636f76944742d6bcc41e9000008c0d5f66756e686973745f7465726d944b2b8c0f5f66756e686973745f76616c75657394682f68314b008594683387945294284b014b56859468398942b0020000010000000000000060dc6f62fd7f000086f09eed6c324540cc84085bea774640bcaa809ce0d44440707510f8e58c4640f60157ab10044540eefa3f03e01e4640b2a08e4a68d54440e2e86af73b90454086155937a6ed44402246245bea7746400025072e5ec64440728cee09aee745407e5b77c2bde64440d8748de672444640302071352ee94440120d3f5aea7746408a55a55975d1444094468,acb223f4540846eb32b3bdb4440441913d44c6d4540903b9df2129c4440b8392c10f5454540dc125e4bd99d444058faff5aea774640cc9e3a029ab144408ee69595cf854540862ffb18bfa04440109d6e5dfea84540e261f0a0e2a4444068f26b22ca014540be98333e2bab4440ec10990389f1444086a3031cc7a44440c42f775c9df245405cb1856eeca24440c8b3beadc1f94540d2a6567059b144405c761e35d20c4540986fa557c5a24440d480f82a3ee14440e2b901e0848a4440b09fe848b1ff4440b6c7877bb0924440061fe1894ffa4440904fba85898c4440eed16240cbde4440ee93b5b888974440f4e2145cea7746406865206e756d626572206f6620747269616c732e204561636820656c656d656e74206d7573742062652061207374726963746c7920706f73697469766520696e74656765722e0a0a202020202020202052657475726e730a20202020202020202d2d2d2d2d2d2d0a20202020202020206f75743a206e6461727261790a2020202020202020202020204d65616e206f662061204469726963686c6574206d756c74696e6f6d69616c20646973747269627574696f6e2e0a0a2020202020202020e08c5b86d0010000a0955b86d001000030846086d001000050b05b86d001000040176086d0010000b0846086d001000030856086d001000060895b86d0010000b0856086d001000030866086d0010000d09e5b86d0010000b0006086d0010000947494628c055f635f316494682f68314b008594683387945294284b014b4e85946811894270020000a9f62d99eb04ec3f25626e9565ea953faeb0acece739ba3f4c3bae0563519dbf15e98fee6c75b7bf77e5a440aa07bdbfd9a14e5c78aec33f63b1210af546c23f46b8eb2f1b0a9c3f1cc88a19d84ba7bf497be3de887d91bfa0f9c843467694bfd72345e2511fec3fb743d4d85ab1a63f802a0dfa1253813feb12b5fc21d8873f6d77ad385d5cb4bf009961f7f807b4bfaeb375417474a03face7d5c27b6a9a3f60d978cd4c4ba5bfe7b325cde221a73f9b3396a6a530ae3fbf8d2b0776f4e83f345d7841f5b6bebfa8bed93e8d42c7bf88fdca286538883f1db1a9df0226bbbfbac11315de70b73fa4a99bd365a6993f15b09f94489897bf442eb379fcaf9b3f3e4541604a03a33f9b8a4a65261be43facb1d6998840bebf1b2cad42c69eb33f7e2d0c7ce0fea3bf5f1d39a27d899fbf105b3b4203e28fbfbb8de05d9ee7b6bf9baed0140fedabbffcc24bec85969fbf16e7cffe9e0ee93f3e0d15230504bf3fa8c1d5547795bf3f7ce8a482e8838fbf31b0acd86d00adbfdd7264e1db78c43f75c95d79b4d593bffea66f3150cdb4bfa608127440fce83fa43461fa88336bbfbb560f61b41b90bfdc8d7bc296eaa03f0a08c72a4facc83fd072479f9f5dbabf,57cd44da9dabc3bfcec9189af678f13f798db62d22b6c0bf2e7cd6d436f1bebfa25cce9ee7ccae3ff7ac3228b39db73fc961ae8a0565b53ffe1e1111d7bcea3f40a175a356b05e3f0378a4c436719c3fcdbf603af2a0b2bf391ed62e616db13fdf38f271546ded3f7c6e4c8c932aafbf11f96dbf8fd8813fb47cff4873a29cbf8a4302e1ef79ef3f8fdd94371f18c5bf0e267a572c03c9bf36a709dd0837ed3fd957024d637dba3ffe55a68c6833e73f9474946275622e,PRUNED
403,403,44.93683947028997,2026-05-12 20:13:35.506811,2026-05-12 20:13:52.276079,0 days 00:00:16.769268,-36.60553144670738,51.62188332153806,24.19854464462378,46.94100748608509,63.847828527197635,67.23599800578637,-30.600526616538673,58.797218890257085,67.69634467432329,75.01974934212568,20.43141576911649,11.334683202629403,,24.0,800495a6100000000000008c0a636d6165732e5f636d61948c03434d419493942981947d94288c065f6e5f64696d944b0c8c085f706f7073697a65944b0b8c035f6d75944b058c075f6d755f656666948c166e756d70792e5f636f72652e6d756c74696172726179948c067363616c61729493948c056e756d7079948c0564747970659493948c02663894898887945294284b038c013c944e4e4e4affffffff4affffffff4b007494624308e9e8100774510b4094869452948c035f636394680b681143083e6c7d43b18cd03f94869452948c035f633194680b681143089fc67c4e93b7863f94869452948c045f636d7594680b68114308b90fbeb98d89913f94869452948c085f635f7369676d6194680b681143088289198da8f9d03f94869452948c085f645f7369676d6194680b68114308606246236a3ef43f94869452948c035f636d944b018c065f6368695f6e9447400b25064571943c8c085f776569676874739468098c0c5f7265636f6e737472756374949394680c8c076e6461727261799493944b0085944301629487945294284b014b0b8594680e8c02663894898887945294284b0368124e4e4e4affffffff4affffffff4b00749462894358538e214ba67ddb3f2c5e47761ddbd03f4c60b4a91145c53f18b8b48552e2b83f8daa7d42f660a63f00000000000000009bd0b4761a8dc0bf5806fa0273e3cebff539783e76c4d5bfddd50bc2786cdbbf0820f98e2d45e0bf947494628c085f705f7369676d6194682f68314b008594683387945294284b014b0c8594681189436013c75e492d71f63f9b1d83ffee2aecbf9086834d1e4cddbf6c1d5832c52addbf87ccd40fdcc3e73fdc5a5092129cc8bfb7684e4cffbde23f742cff09a00fd33fc7cd46d19cbdf13f33971d84a46deabff08f37bfca58eb3f3719b139fa8dc9bf947494628c035f706394682f68314b008594683387945294284b014b0c859468118943609f891797ab1af43fce1fac88da4be7bfd72d5d8a5486d3bfbe9c7f7310ffd9bfe8c42b1a58e0e13f725853f87c91d1bf310b32a81255e53f70fa55c99ea0cd3fdb98b3131999ef3f2fe0636e5998eabf955fdb97cdbee93fba505ac23b31b5bf947494628c055f6d65616e94682f68314b008594683387945294284b014b0c859468398943608107edad1dfee73f50d024610df2d83fe20bb58bb5b7c03fb4625b14a7d0db3fd2018618f871ea3fff23d4d709ddec3f87685267e871eb3f5d1536165d6fe23f326a3b05f5b8e13f38318d7c6fc3e73f6bf224c1d0b5d33fb74892aba075cd3f947494628c065f7369676d6194680b681143087329da3700f4b03f94869452948c025f44944e8c025f42944e8c075f626f756e647394682f68314b008594683387945294284b014b0c4b02869468398943c00,000000000000000000000000000f03f0000000000000000000000000000f03f0000000000000000000000000000f03f0000000000000000000000000000f03f0000000000000000000000000000f03f0000000000000000000000000000f03f0000000000000000000000000000f03f0000000000000000000000000000f03f0000000000000000000000000000f03f0000000000000000000000000000f03f0000000000000000000000000000f03f0000000000000000000000000000f03f947494628c115f6e5f6d61785f726573616d706c696e67944b788c025f67944b188c095f6c725f616461707494898c065f616c70686194473ff66666666666668c0a5f626574615f6d65616e94473fb999999999999a8c0b5f626574615f5369676d6194473f9eb851eb851eb88c065f67616d6d6194473fb999999999999a8c065f456d65616e94682f68314b008594683387945294284b014b0c4b0186946839894360000000000000000000000000000000000000000000000000000000000000000000000000000000000000000000000000000000000000000000000000000000000000000000000000000000000000000000000000000000000000000000000000947494628c075f455369676d6194682f68314b008594683387945294284b014b904b018694683989428004000000000000000000000000000000000000000000000000000000000000000000000000000000000000000000000000000000000000000000000000000000000000000000000000000000000000000000000000000000000000000000000000000000000000000000000000000000000000000000000000000000000000000000000000000000000000000000000000000000000000000000000000000000000000000000000000000000000000000000000000000000000000000000000000000000000000000000000000000000000000000000000000000000000000000000000000000000000000000000000000000000000000000000000000000000000000000000000000000000000000000000000000000000000000000000000000000000000000000000000000000000000000000000000000000000000000000000000000000000000000000000000000000000000000000000000000000000000000000000000000000000000000000000000000000000000000000000000000000000000000000000000000000000000000000000000000000000000000000000000000000000000000000000000000000000000000000000000000000000000000000000000000000000000000000000000000000000000000000000000000000000000000000000000000000000000000000000000000000000000000000000000000000000000000000000000000,0000000000000000000000000000000000000000000000000000000000000000000000000000000000000000000000000000000000000000000000000000000000000000000000000000000000000000000000000000000000000000000000000000000000000000000000000000000000000000000000000000000000000000000000000000000000000000000000000000000000000000000000000000000000000000000000000000000000000000000000000000000000000000000000000000000000000000000000000000000000000000000000000000000000000000000000000000000000000000000000000000000000000000000000000000000000000000000000000000000000000000000000000000000000000000000000000000000000000000000000000000000000000000000000000000000000000000000000000000000000000000000000000000000000000000000000000000000000000000000000000000000000000000000000000000000000000000000000000000000000000000000000000000000000000000000000000000000000000000000000000000000000000000000000000000000000000000000000000000000000000000000000000000000000000000000000000000000000000000000000000000000000000000000000000000000000000000000000000000000000000000000000000000000000000000000000000000000000000000000000000000000000000000000000000000000000000000000000000000000000000000000000000000000000000000000000000000000000000000000000000000000000000000000000000000000000000000000000000000947494628c065f566d65616e944700000000000000008c075f565369676d61944700000000000000008c095f6574615f6d65616e94473ff00000000000008c0a5f6574615f5369676d6194473ff00000000000008c055f746f6c7894680b6811430816383daccc74473d94869452948c075f746f6c787570944740c38800000000008c075f746f6c66756e94473d719799812dea118c105f746f6c636f6e646974696f6e636f76944742d6bcc41e9000008c0d5f66756e686973745f7465726d944b2b8c0f5f66756e686973745f76616c75657394682f68314b008594683387945294284b014b56859468398942b0020000010000000000000060dc6f62fd7f000086f09eed6c324540cc84085bea774640bcaa809ce0d44440707510f8e58c4640f60157ab10044540eefa3f03e01e4640b2a08e4a68d54440e2e86af73b90454086155937a6ed44402246245bea7746400025072e5ec64440728cee09aee745407e5b77c2bde64440d8748de672444640302071352ee94440120d3f5aea7746408a55a55975d1444094468,acb223f4540846eb32b3bdb4440441913d44c6d4540903b9df2129c4440b8392c10f5454540dc125e4bd99d444058faff5aea774640cc9e3a029ab144408ee69595cf854540862ffb18bfa04440109d6e5dfea84540e261f0a0e2a4444068f26b22ca014540be98333e2bab4440ec10990389f1444086a3031cc7a44440c42f775c9df245405cb1856eeca24440c8b3beadc1f94540d2a6567059b144405c761e35d20c4540986fa557c5a24440d480f82a3ee14440e2b901e0848a4440b09fe848b1ff4440b6c7877bb0924440061fe1894ffa4440904fba85898c4440eed16240cbde4440ee93b5b888974440f4e2145cea7746406865206e756d626572206f6620747269616c732e204561636820656c656d656e74206d7573742062652061207374726963746c7920706f73697469766520696e74656765722e0a0a202020202020202052657475726e730a20202020202020202d2d2d2d2d2d2d0a20202020202020206f75743a206e6461727261790a2020202020202020202020204d65616e206f662061204469726963686c6574206d756c74696e6f6d69616c20646973747269627574696f6e2e0a0a2020202020202020e08c5b86d0010000a0955b86d001000030846086d001000050b05b86d001000040176086d0010000b0846086d001000030856086d001000060895b86d0010000b0856086d001000030866086d0010000d09e5b86d0010000b0006086d0010000947494628c055f635f316494682f68314b008594683387945294284b014b4e85946811894270020000a9f62d99eb04ec3f25626e9565ea953faeb0acece739ba3f4c3bae0563519dbf15e98fee6c75b7bf77e5a440aa07bdbfd9a14e5c78aec33f63b1210af546c23f46b8eb2f1b0a9c3f1cc88a19d84ba7bf497be3de887d91bfa0f9c843467694bfd72345e2511fec3fb743d4d85ab1a63f802a0dfa1253813feb12b5fc21d8873f6d77ad385d5cb4bf009961f7f807b4bfaeb375417474a03face7d5c27b6a9a3f60d978cd4c4ba5bfe7b325cde221a73f9b3396a6a530ae3fbf8d2b0776f4e83f345d7841f5b6bebfa8bed93e8d42c7bf88fdca286538883f1db1a9df0226bbbfbac11315de70b73fa4a99bd365a6993f15b09f94489897bf442eb379fcaf9b3f3e4541604a03a33f9b8a4a65261be43facb1d6998840bebf1b2cad42c69eb33f7e2d0c7ce0fea3bf5f1d39a27d899fbf105b3b4203e28fbfbb8de05d9ee7b6bf9baed0140fedabbffcc24bec85969fbf16e7cffe9e0ee93f3e0d15230504bf3fa8c1d5547795bf3f7ce8a482e8838fbf31b0acd86d00adbfdd7264e1db78c43f75c95d79b4d593bffea66f3150cdb4bfa608127440fce83fa43461fa88336bbfbb560f61b41b90bfdc8d7bc296eaa03f0a08c72a4facc83fd072479f9f5dbabf,57cd44da9dabc3bfcec9189af678f13f798db62d22b6c0bf2e7cd6d436f1bebfa25cce9ee7ccae3ff7ac3228b39db73fc961ae8a0565b53ffe1e1111d7bcea3f40a175a356b05e3f0378a4c436719c3fcdbf603af2a0b2bf391ed62e616db13fdf38f271546ded3f7c6e4c8c932aafbf11f96dbf8fd8813fb47cff4873a29cbf8a4302e1ef79ef3f8fdd94371f18c5bf0e267a572c03c9bf36a709dd0837ed3fd957024d637dba3ffe55a68c6833e73f9474946275622e,COMPLETE
404,404,41.34509208210859,2026-05-12 20:13:53.767203,2026-05-12 20:14:10.117960,0 days 00:00:16.350757,-32.85779884536049,48.37119543957176,20.827485793641355,46.46592535324455,60.279493892964766,67.14186867669099,-29.328981850518062,56.72901531382463,50.76100081008919,76.81900083389877,27.592038582673627,14.042211017133353,,24.0,,,,,,COMPLETE
405,405,41.79910782949955,2026-05-12 20:14:11.559967,2026-05-12 20:14:29.317452,0 days 00:00:17.757485,-35.73455413180896,39.98588920257856,16.153787061531247,50.61459021723548,55.44739668151423,68.96301769784763,-32.14323602103728,63.56789692458919,58.57441119005267,82.49395864354965,20.524736313831532,15.419718710499053,,24.0,,,,,,COMPLETE
406,406,140.0,2026-05-12 20:14:30.923763,2026-05-12 20:14:31.214434,0 days 00:00:00.290671,-37.34919158250676,45.9671113635247,17.038703732235362,44.543135107500994,67.28281894820937,74.31870821162042,-28.26908447346942,77.86497255159914,61.83118239912604,82.96962367642865,24.371047247950706,18.966372975263678,Unfeasible shape,24.0,,,,,,PRUNED
407,407,41.37817190937582,2026-05-12 20:14:31.382703,2026-05-12 20:14:48.577260,0 days 00:00:17.194557,-31.182374240018326,46.79285889387901,25.822405865296627,52.48210217431659,53.65198581442217,73.80057631852834,-30.255904652014927,67.13404291907104,55.65881254641784,86.2114154912022,16.791853073157647,16.82266348143785,,24.0,,,,,,COMPLETE
408,408,140.0,2026-05-12 20:14:50.052123,2026-05-12 20:14:50.329279,0 days 00:00:00.277156,-31.955709422880993,43.80284703186596,35.031488203662036,46.99276606943406,57.7584965081186,68.42401811493505,-26.701134649887017,56.039635090530524,58.24199039737312,78.04267433398991,12.924328755392436,18.031757617064276,Unfeasible shape,24.0,,,,,,PRUNED
409,409,140.0,2026-05-12 20:14:50.517413,2026-05-12 20:14:50.785806,0 days 00:00:00.268393,-37.8597170367874,37.3196698537714,26.50947843796693,52.56406592986887,65.15263607548533,70.10122724506311,-28.81271146084368,62.96109962265593,64.65800473977635,87.26888637867161,18.660071425585656,10.046861269402253,Unfeasible shape,24.0,,,,,,PRUNED
410,410,41.57018926402429,2026-05-12 20:14:50.957182,2026-05-12 20:15:06.895985,0 days 00:00:15.938803,-38.746393092061794,50.63227010846531,13.999173386452561,50.285733082340265,61.44613438390488,69.0834718004357,-28.83693711257164,54.03465851062338,49.78446944834287,76.2509470839483,23.40128653647683,9.742394259705097,,24.0,,,,,,COMPLETE
411,411,41.51849875292004,2026-05-12 20:15:08.479688,2026-05-12 20:15:26.458176,0 days 00:00:17.978488,-33.334725020262745,42.646670769894655,17.391199046053636,45.78065229117999,60.97207543613558,66.77012807809214,-24.65407492704803,59.258351360624914,69.02748083461037,76.84323822263742,25.270722462672676,16.725959257374395,,24.0,,,,,,COMPLETE
412,412,140.0,2026-05-12 20:15:28.019007,2026-05-12 20:15:28.291846,0 days 00:00:00.272839,-26.96637689708976,35.258384755201334,35.13974527008307,48.51127927727203,55.90997605360957,66.770166564037,-24.42716778611755,65.23750409211416,58.08682683145744,85.2922161400829,15.845421588769211,17.276384279466846,Unfeasible shape,24.0,,,,,,PRUNED
413,413,41.51721581070554,2026-05-12 20:15:28.506522,2026-05-12 20:15:48.144333,0 days 00:00:19.637811,-36.18204812352516,35.12239788360063,21.82063632434067,58.880773835995704,61.99865931223086,60.588915819496115,-27.820205098665724,60.192460906789165,52.93750770235353,71.16322216210085,25.419439203812612,10.912434421005132,,24.0,,,,,,COMPLETE
