,number,value,datetime_start,datetime_complete,duration,params_highPt.rA2,params_highPt.rL1,params_highPt.rL2,params_highPt.rL3,params_highPt.x2,params_highPt.y2,params_lowPt.rA2,params_lowPt.rL1,params_lowPt.rL2,params_lowPt.rL3,params_lowPt.x2,params_lowPt.y2,user_attrs_prune,system_attrs_cma:generation,system_attrs_cma:optimizer:0,system_attrs_cma:optimizer:1,system_attrs_cma:optimizer:2,system_attrs_cma:optimizer:3,system_attrs_cma:optimizer:4,state
466,466,140.0,2026-05-12 20:25:57.548615,2026-05-12 20:25:57.828995,0 days 00:00:00.280380,-31.6102123842723,54.63301979699196,29.196115740922387,46.51495366772941,65.26191472595173,71.5573420729636,-29.93205482911771,61.10819977550477,49.41314860783961,86.5616270629635,31.943933332401066,4.290897853511229,Unfeasible shape,27.0,,,,,,PRUNED
467,467,140.0,2026-05-12 20:25:57.999741,2026-05-12 20:25:58.285633,0 days 00:00:00.285892,-29.734514297622972,46.8353610653951,28.56242988247643,50.15749634408112,61.5277417297358,74.35182498443041,-36.129138228350314,55.36656335665895,51.53556638336745,88.00466945252504,29.4755977245878,8.946464261760285,Unfeasible shape,27.0,,,,,,PRUNED
468,468,140.0,2026-05-12 20:25:58.457389,2026-05-12 20:25:58.741332,0 days 00:00:00.283943,-28.760048645482364,51.45590003069317,26.97317562911233,49.349571446876986,66.6124644816774,65.66460481717054,-31.011010887791578,57.9755883576195,46.965338235779825,86.53097549432177,27.648557532642588,8.019537769680523,Unfeasible shape,27.0,,,,,,PRUNED
469,469,41.09653256513246,2026-05-12 20:25:58.982612,2026-05-12 20:26:13.346935,0 days 00:00:14.364323,-35.269249497204484,46.33261258459943,27.066407952763583,50.46927345773444,58.87512846759098,69.35323225793232,-30.16705062115507,58.511166242021226,54.45075945907863,81.2032705282849,33.30215864106182,4.810108392064158,,27.0,,,,,,COMPLETE
470,470,44.93683944593023,2026-05-12 20:26:14.781801,2026-05-12 20:26:31.515603,0 days 00:00:16.733802,-28.36098440878107,42.5947133565149,33.14442215366087,44.15278579131818,56.270157985038026,68.47839467646115,-33.35355028171504,64.4507787233398,48.55877331435212,84.29018630803402,20.950182800733774,6.388738143611152,,27.0,,,,,,COMPLETE
471,471,41.288880493347065,2026-05-12 20:26:32.995828,2026-05-12 20:26:47.093046,0 days 00:00:14.097218,-29.342450502247182,54.95864043332932,28.156340701564496,46.16346050613258,57.4715204556816,58.156969843511924,-36.425613048803704,63.77975435462233,48.778209127458666,88.31132728015663,24.412735397497542,16.004286918706295,,27.0,,,,,,COMPLETE
472,472,140.0,2026-05-12 20:26:48.419456,2026-05-12 20:26:48.695465,0 days 00:00:00.276009,-29.049286815819727,44.35634851050077,24.81189938311484,43.079163633264876,63.65171935538376,63.35649535299281,-31.382169359863255,48.36062830099767,49.38979764076952,85.93298379936867,30.359404356631607,11.480596585066081,Unfeasible shape,27.0,,,,,,PRUNED
473,473,41.49504607620439,2026-05-12 20:26:48.895115,2026-05-12 20:27:02.902201,0 days 00:00:14.007086,-31.058810139130692,49.169984073086695,28.653839007627457,34.49735512085012,57.010477781679505,68.08084225095584,-30.420007639859627,60.90330676305654,38.65881177301527,89.63003593999605,28.963377455620723,5.059484143213894,,27.0,,,,,,COMPLETE
474,474,41.152308780110644,2026-05-12 20:27:04.247439,2026-05-12 20:27:21.423418,0 days 00:00:17.175979,-41.12873831830699,45.805336392933846,27.069823377967598,55.16307033032977,60.509404804356585,71.0894910529709,-36.77208156630296,59.98081305753259,40.75952724013776,74.87305961869781,31.812607037584872,6.252113519466878,,28.0,800495a6100000000000008c0a636d6165732e5f636d61948c03434d419493942981947d94288c065f6e5f64696d944b0c8c085f706f7073697a65944b0b8c035f6d75944b058c075f6d755f656666948c166e756d70792e5f636f72652e6d756c74696172726179948c067363616c61729493948c056e756d7079948c0564747970659493948c02663894898887945294284b038c013c944e4e4e4affffffff4affffffff4b007494624308e9e8100774510b4094869452948c035f636394680b681143083e6c7d43b18cd03f94869452948c035f633194680b681143089fc67c4e93b7863f94869452948c045f636d7594680b68114308b90fbeb98d89913f94869452948c085f635f7369676d6194680b681143088289198da8f9d03f94869452948c085f645f7369676d6194680b68114308606246236a3ef43f94869452948c035f636d944b018c065f6368695f6e9447400b25064571943c8c085f776569676874739468098c0c5f7265636f6e737472756374949394680c8c076e6461727261799493944b0085944301629487945294284b014b0b8594680e8c02663894898887945294284b0368124e4e4e4affffffff4affffffff4b00749462894358538e214ba67ddb3f2c5e47761ddbd03f4c60b4a91145c53f18b8b48552e2b83f8daa7d42f660a63f00000000000000009bd0b4761a8dc0bf5806fa0273e3cebff539783e76c4d5bfddd50bc2786cdbbf0820f98e2d45e0bf947494628c085f705f7369676d6194682f68314b008594683387945294284b014b0c85946811894360e0c3fc5eec0edbbfd873f893ec4dbebf98247330a556e93f6ba1f5673b3edb3f20f7cfc43f5de2bfb06d6ca3dbdadf3ffc93e601e579cbbfc8210e9f8df6b2bf92399747ad8fe6bf340bae9ef040c6bf322e285d8bc1f43f362d91b56f1f02c0947494628c035f706394682f68314b008594683387945294284b014b0c85946811894360148b9aa00eb9d8bf6c7fc3859d33bfbf0c1b7ae2b60de73f8709788d1663d83fbc473c4a5839debf2c138056784be03f6e0307434e95d6bf5e4730c69336c8bff87f17a92aede4bf800a52d7643a89bfdaf761f5360af03f112d44af3b1cfbbf947494628c055f6d65616e94682f68314b008594683387945294284b014b0c8594683989436096eba3d7fa75e73f2a898ec9ecddda3f1a5137b58263c73fe449bb8d82fbdc3fd69493323a40e93f94af76dfff75ed3f2073b6dcab4fea3ffef3116c1383e13fdce293abe537dc3fb2364bf54362e93fc757032ae746d83f95b8776a6e7fbb3f947494628c065f7369676d6194680b68114308242c389c5827af3f94869452948c025f44944e8c025f42944e8c075f626f756e647394682f68314b008594683387945294284b014b0c4b02869468398943c00,000000000000000000000000000f03f0000000000000000000000000000f03f0000000000000000000000000000f03f0000000000000000000000000000f03f0000000000000000000000000000f03f0000000000000000000000000000f03f0000000000000000000000000000f03f0000000000000000000000000000f03f0000000000000000000000000000f03f0000000000000000000000000000f03f0000000000000000000000000000f03f0000000000000000000000000000f03f947494628c115f6e5f6d61785f726573616d706c696e67944b788c025f67944b1c8c095f6c725f616461707494898c065f616c70686194473ff66666666666668c0a5f626574615f6d65616e94473fb999999999999a8c0b5f626574615f5369676d6194473f9eb851eb851eb88c065f67616d6d6194473fb999999999999a8c065f456d65616e94682f68314b008594683387945294284b014b0c4b0186946839894360000000000000000000000000000000000000000000000000000000000000000000000000000000000000000000000000000000000000000000000000000000000000000000000000000000000000000000000000000000000000000000000000947494628c075f455369676d6194682f68314b008594683387945294284b014b904b018694683989428004000000000000000000000000000000000000000000000000000000000000000000000000000000000000000000000000000000000000000000000000000000000000000000000000000000000000000000000000000000000000000000000000000000000000000000000000000000000000000000000000000000000000000000000000000000000000000000000000000000000000000000000000000000000000000000000000000000000000000000000000000000000000000000000000000000000000000000000000000000000000000000000000000000000000000000000000000000000000000000000000000000000000000000000000000000000000000000000000000000000000000000000000000000000000000000000000000000000000000000000000000000000000000000000000000000000000000000000000000000000000000000000000000000000000000000000000000000000000000000000000000000000000000000000000000000000000000000000000000000000000000000000000000000000000000000000000000000000000000000000000000000000000000000000000000000000000000000000000000000000000000000000000000000000000000000000000000000000000000000000000000000000000000000000000000000000000000000000000000000000000000000000000000000000000000000000000,0000000000000000000000000000000000000000000000000000000000000000000000000000000000000000000000000000000000000000000000000000000000000000000000000000000000000000000000000000000000000000000000000000000000000000000000000000000000000000000000000000000000000000000000000000000000000000000000000000000000000000000000000000000000000000000000000000000000000000000000000000000000000000000000000000000000000000000000000000000000000000000000000000000000000000000000000000000000000000000000000000000000000000000000000000000000000000000000000000000000000000000000000000000000000000000000000000000000000000000000000000000000000000000000000000000000000000000000000000000000000000000000000000000000000000000000000000000000000000000000000000000000000000000000000000000000000000000000000000000000000000000000000000000000000000000000000000000000000000000000000000000000000000000000000000000000000000000000000000000000000000000000000000000000000000000000000000000000000000000000000000000000000000000000000000000000000000000000000000000000000000000000000000000000000000000000000000000000000000000000000000000000000000000000000000000000000000000000000000000000000000000000000000000000000000000000000000000000000000000000000000000000000000000000000000000000000000000000000000947494628c065f566d65616e944700000000000000008c075f565369676d61944700000000000000008c095f6574615f6d65616e94473ff00000000000008c0a5f6574615f5369676d6194473ff00000000000008c055f746f6c7894680b6811430816383daccc74473d94869452948c075f746f6c787570944740c38800000000008c075f746f6c66756e94473d719799812dea118c105f746f6c636f6e646974696f6e636f76944742d6bcc41e9000008c0d5f66756e686973745f7465726d944b2b8c0f5f66756e686973745f76616c75657394682f68314b008594683387945294284b014b56859468398942b0020000010000000000000060dc6f62fd7f000086f09eed6c324540cc84085bea774640bcaa809ce0d44440707510f8e58c4640f60157ab10044540eefa3f03e01e4640b2a08e4a68d54440e2e86af73b90454086155937a6ed44402246245bea7746400025072e5ec64440728cee09aee745407e5b77c2bde64440d8748de672444640302071352ee94440120d3f5aea7746408a55a55975d1444094468,acb223f4540846eb32b3bdb4440441913d44c6d4540903b9df2129c4440b8392c10f5454540dc125e4bd99d444058faff5aea774640cc9e3a029ab144408ee69595cf854540862ffb18bfa04440109d6e5dfea84540e261f0a0e2a4444068f26b22ca014540be98333e2bab4440ec10990389f1444086a3031cc7a44440c42f775c9df245405cb1856eeca24440c8b3beadc1f94540d2a6567059b144405c761e35d20c4540986fa557c5a24440d480f82a3ee14440e2b901e0848a4440b09fe848b1ff4440b6c7877bb0924440061fe1894ffa4440904fba85898c4440eed16240cbde4440ee93b5b888974440f4e2145cea77464090b84ec7b0954440aa3f135bea7746404c40497381824440ba2ef35aea774640c2d8bbc6ca824440ca6bcb5bea774640181fd92d5b8c4440e8bd4e5bea77464074656765722e0a0a202020202020202052657475726e730a20202020202020202d2d2d2d2d2d2d0a20202020202020206f75743a206e6461727261790a2020202020202020202020204d65616e206f662061204469726963686c6574206d756c74696e6f6d69616c20646973747269627574696f6e2e0a0a2020202020202020e08c5b86d0010000a0955b86d001000030846086d001000050b05b86d001000040176086d0010000b0846086d001000030856086d001000060895b86d0010000b0856086d001000030866086d0010000d09e5b86d0010000b0006086d0010000947494628c055f635f316494682f68314b008594683387945294284b014b4e859468118942700200006aba2e82f0fced3f337f59364a6f933faa50a7e5cbd4a03f98a993847cceaebf8a684ca2ab71a9bf40228ec92251c1bf1152222849bfc43f1d996c7089c8b33f369810a73fe0a13f3398f3229fc795bff34d78fb46d8ad3fdca1f4456f56b0bfc2bb6a687951e93f4e27445eb4f0a13fc081f5719dcf40bf880217e6269164bffe3411c93cfeb4bfa561c398eda3b3bf997c45e3b8357b3f344ac73923329c3f3c05e367df6b753f8a2ccd2b3eaaa53f98fb87ddf39ba03f12a4e81179c7e83f83f0bf2e164ebebf6980717c880bcbbf99204c5597138a3ff6ca8dcfc2c3c3bfc74d0ed998f3b43f22f95cd51381693f5d296b1c33fc89bf9f7f83cb35358e3f84a0df52b650a23fd6a20a49bb87e33f95182371d0c4bebf6968e6c5cdbcbd3fc54bf0996e5088bf1e05194db9eb9cbf10176ae213755e3fd4abc8ec5e1db6bfd288c3f44b52b0bf2ef586f5805aaebf45e4ec1a8d20e83fc9633e01c76ec03f811d2900ecf8c03f8e9a74d5ef4e88bf0093f34cbf46afbf460b29fd9687c53f1d1f32af9cc9973fb3a8e81fef5ab7bf180690c4daa8e93f9422fb4e34b390bfbea43c546dee76bfe276c81d9f25b53f506d0b9565b6c63f92bb7d51a508c0bf,26e254dc254dc1bfb1220146ff58f13f8d41209185d6c2bf9d53f888baeac1bf828866eddff1b03ff0b1fb4b8a26bc3f8d2347669067b63f12d5d9b76f45e83f47bbba45e55eac3fd4534cee3a039f3fa00b93ef6676bdbfea3197c1d45fb63fb13c1f341c1eec3f5c7a180bb72aabbfecfac13a6ec1adbfa3dc17ee1eec963f5095fb5a28dded3f7ee2d9a33451b6bf70096065c313ccbfae17675ae0f7ed3fd4f4d86ce83574bf73798d507a5de83f9474946275622e,COMPLETE
475,475,140.0,2026-05-12 20:27:22.896204,2026-05-12 20:27:23.163632,0 days 00:00:00.267428,-33.368938144838594,42.60189660053694,36.61137119866963,45.00378722514955,60.98940160197075,71.10921311685217,-25.753474635675957,74.17365062851285,45.3709833001482,84.37401002820734,29.513357926758935,6.674895842171227,Unfeasible shape,28.0,,,,,,PRUNED
476,476,140.0,2026-05-12 20:27:23.340436,2026-05-12 20:27:23.623300,0 days 00:00:00.282864,-35.2232404828105,52.63841863679834,34.10408355396422,50.54581025325872,59.58057587536697,68.39297527041249,-36.2828463455974,54.17258650864872,51.77033524769789,79.96511813633906,26.21161909694974,0.4204256908701482,Unfeasible shape,28.0,,,,,,PRUNED
477,477,41.139434139922,2026-05-12 20:27:23.782827,2026-05-12 20:27:43.560171,0 days 00:00:19.777344,-35.584724647831955,42.08041125929126,18.282734974251817,50.352083124544656,64.14964394427976,65.49154866856954,-25.773759071744543,60.353962206048536,49.27712417955257,85.73076754424318,23.550747995578647,3.4802386475191427,,28.0,,,,,,COMPLETE
478,478,140.0,2026-05-12 20:27:45.154249,2026-05-12 20:27:45.430797,0 days 00:00:00.276548,-23.502955737066046,42.15440551303046,35.01682142349321,40.75299689974443,60.37566012690453,73.37958647582963,-23.709862466733874,58.64265550814846,51.055410314437175,85.54816585203974,29.44584921706178,6.71233373429885,Unfeasible shape,28.0,,,,,,PRUNED
479,479,44.93683953701719,2026-05-12 20:27:45.606171,2026-05-12 20:28:05.419053,0 days 00:00:19.812882,-30.22881690637128,41.03671215414194,20.51769805767905,52.335383645866536,65.51609239756826,66.78091311810729,-28.573507211075167,64.37209664791772,54.582570608863676,80.82185722805906,33.98590450070703,7.725299088847347,,28.0,,,,,,COMPLETE
480,480,41.572491594521935,2026-05-12 20:28:07.062274,2026-05-12 20:28:21.398067,0 days 00:00:14.335793,-35.10830946072023,41.08826832679378,28.106905071803652,51.15254585051975,47.88649965583801,60.71020718367499,-31.757694401519103,64.52987167865142,53.805581059881874,76.87950790461989,30.299565834355423,14.102717393223175,,28.0,,,,,,COMPLETE
481,481,42.504994015528396,2026-05-12 20:28:22.805650,2026-05-12 20:28:39.452220,0 days 00:00:16.646570,-29.254366794502978,50.197122604489046,28.667692851743276,47.21493317407934,58.572169152847444,64.73181245257119,-29.750230524190187,58.20144817126191,56.0513933055944,79.58824207113561,32.39960076260869,6.736298992151192,,28.0,,,,,,COMPLETE
482,482,41.20775004202024,2026-05-12 20:28:40.928203,2026-05-12 20:28:55.879414,0 days 00:00:14.951211,-33.67000897031105,51.35677209232222,30.350450522300225,53.491010308171525,53.081902259507366,74.64845222646336,-23.49074035035079,59.268869975447984,37.18099244118034,81.31951373103634,27.71985202774949,10.201657751620393,,28.0,,,,,,COMPLETE
483,483,41.10384124224798,2026-05-12 20:28:57.346548,2026-05-12 20:29:14.244071,0 days 00:00:16.897523,-32.3491559687949,51.60372753373235,23.991521900024118,55.68587495808945,60.75888380130661,68.8765883867048,-22.41533045153095,54.64829429277053,41.208522785114624,94.04855132405464,27.597974268384476,8.810941004519655,,28.0,,,,,,COMPLETE
484,484,140.0,2026-05-12 20:29:15.723452,2026-05-12 20:29:15.988039,0 days 00:00:00.264587,-30.486624606592528,53.61847752119603,32.837840949983686,52.33909931657369,60.58364474334014,69.28200105370438,-26.004245893355083,60.3046814891477,51.02195642818389,78.31905842376625,39.622503643711035,12.459045955426555,Unfeasible shape,28.0,,,,,,PRUNED
485,485,140.0,2026-05-12 20:29:16.202642,2026-05-12 20:29:16.462709,0 days 00:00:00.260067,-42.72212154246031,41.30261360478458,33.155314188622086,44.34155026682586,61.31940626485401,71.68159897884796,-31.586277857004404,61.76306542682097,50.885549423450406,75.88228512413097,31.86823557911957,9.045115343058688,Unfeasible shape,28.0,,,,,,PRUNED
486,486,41.26398459301805,2026-05-12 20:29:16.624460,2026-05-12 20:29:33.753318,0 days 00:00:17.128858,-33.58751535276105,36.14891353002616,26.986533038040886,50.8934040219156,55.18418232888733,71.17399367087627,-30.0196520104829,53.32699941190896,48.23903114260483,81.23757477175427,34.5262197905351,1.5536471780158392,,28.0,,,,,,COMPLETE
487,487,140.0,2026-05-12 20:29:35.261004,2026-05-12 20:29:35.538070,0 days 00:00:00.277066,-30.946480139656444,44.061162972054234,24.300387271629628,48.5604516837973,64.30565460136995,68.50711761360112,-34.58683121434444,60.63225890895163,41.85658097372905,80.65150278785238,24.66626437558508,0.627431941403565,Unfeasible shape,28.0,,,,,,PRUNED
488,488,44.93683947679051,2026-05-12 20:29:35.744525,2026-05-12 20:29:52.352982,0 days 00:00:16.608457,-36.84159672629574,57.13866168756214,25.4752441893629,55.84469789235962,61.70476998556021,70.28503294416589,-34.26418180174497,67.76902143093983,45.654672221964724,78.30456166600763,20.91855240229098,6.095453240358831,,28.0,,,,,,COMPLETE
489,489,140.0,2026-05-12 20:29:53.868321,2026-05-12 20:29:54.131885,0 days 00:00:00.263564,-32.925348703461204,51.89379234558509,31.311277143120446,45.73035167630124,60.05975685258325,71.01362840506026,-35.66629463491479,57.51109186663929,51.70065752794976,84.46080755259374,28.410042230207644,0.7652740143832357,Unfeasible shape,28.0,,,,,,PRUNED
490,490,140.0,2026-05-12 20:29:54.340920,2026-05-12 20:29:54.649374,0 days 00:00:00.308454,-35.40140075460655,44.15147764735241,23.186144324982898,45.93936437163774,60.594475597331375,68.8939256096704,-35.3143147707915,67.96267973975787,45.39619031604976,82.84476357924498,30.17495154657338,8.63887499602865,Unfeasible shape,28.0,,,,,,PRUNED
491,491,41.33296685646084,2026-05-12 20:29:54.902937,2026-05-12 20:30:12.713074,0 days 00:00:17.810137,-35.99922255670619,50.540611520558585,27.02825036389056,56.427008729983505,53.37870454492588,68.27385988644669,-33.964300650541986,62.94243811353432,48.586525784984424,78.83668547547698,33.52021582499941,2.1376934574238438,,28.0,,,,,,COMPLETE
492,492,140.0,2026-05-12 20:30:14.148566,2026-05-12 20:30:14.376874,0 days 00:00:00.228308,-32.47993451719194,41.525285830079724,28.811876486809382,50.832073951791735,54.979857229635336,66.14518055419171,-27.799881468436382,61.379165306901264,50.20971316453462,78.95950656955492,31.00965125405198,8.917338992954447,Unfeasible shape,28.0,,,,,,PRUNED
493,493,140.0,2026-05-12 20:30:14.605758,2026-05-12 20:30:14.865678,0 days 00:00:00.259920,-40.16097908559925,52.40510927232888,27.44379224849623,54.65190332912455,60.19701039841362,62.15617106659298,-29.20368041254251,55.651996988262866,45.16617365936949,74.29442627220126,31.361258600631285,11.273029487441512,Unfeasible shape,28.0,,,,,,PRUNED
494,494,140.0,2026-05-12 20:30:15.097076,2026-05-12 20:30:15.389686,0 days 00:00:00.292610,-33.19960375408467,49.88439032737904,23.362443036807605,51.50894670652616,61.10234226196819,65.40029680857619,-26.943623022065346,54.64831147064949,51.57903753279673,87.69407660639702,28.901689550696638,6.811837192606504,Unfeasible shape,28.0,,,,,,PRUNED
495,495,41.40260569357267,2026-05-12 20:30:15.575622,2026-05-12 20:30:29.927074,0 days 00:00:14.351452,-36.107065395545305,52.96712012706322,26.093401120378573,42.42468471010319,56.44670436416034,63.67560055036938,-34.34092612523936,62.88030764333507,49.305362772500224,87.49131873807397,28.297901990024766,11.535607855376554,,28.0,,,,,,COMPLETE
