,number,value,datetime_start,datetime_complete,duration,params_highPt.rA2,params_highPt.rL1,params_highPt.rL2,params_highPt.rL3,params_highPt.x2,params_highPt.y2,params_lowPt.rA2,params_lowPt.rL1,params_lowPt.rL2,params_lowPt.rL3,params_lowPt.x2,params_lowPt.y2,user_attrs_prune,system_attrs_cma:generation,system_attrs_cma:optimizer:0,system_attrs_cma:optimizer:1,system_attrs_cma:optimizer:2,system_attrs_cma:optimizer:3,system_attrs_cma:optimizer:4,state
141,141,42.49324936153167,2026-05-12 19:22:13.156513,2026-05-12 19:22:27.193133,0 days 00:00:14.036620,-35.8396972316351,56.02455823738985,63.88148662768122,66.79452895149413,23.818739143159654,62.249849012833685,-42.1184272799717,81.50032606199407,76.1169314985695,69.66102567861893,19.395140381382888,36.25652928815854,,8.0,,,,,,COMPLETE
142,142,42.00021367525768,2026-05-12 19:22:28.576434,2026-05-12 19:22:42.622061,0 days 00:00:14.045627,-34.365527181263815,54.96391420583927,23.784802520310187,63.10250680690802,37.03606761752609,52.019542433790775,-30.977102686368504,83.6921164480257,62.47047291294609,57.89316962275347,18.88023865281489,34.04564464482671,,8.0,,,,,,COMPLETE
143,143,42.13693242028582,2026-05-12 19:22:43.993242,2026-05-12 19:22:58.244717,0 days 00:00:14.251475,-30.40561645578373,69.90508881924771,35.52847648778385,67.33221697857363,20.004313843844084,49.306255942656996,-55.86637755748545,83.07271587322265,80.18325344247516,70.71198551192342,31.88154172022352,23.11991658461411,,8.0,,,,,,COMPLETE
144,144,41.996916618883304,2026-05-12 19:22:59.643488,2026-05-12 19:23:13.780586,0 days 00:00:14.137098,-30.392237514093303,62.49614439788396,32.058291919697,68.38960251340114,28.785960355840754,64.56682603282131,-52.87337864284423,84.63130680932065,37.61091711088688,71.08248265508067,36.32556465051302,25.60710494389639,,9.0,800495a6100000000000008c0a636d6165732e5f636d61948c03434d419493942981947d94288c065f6e5f64696d944b0c8c085f706f7073697a65944b0b8c035f6d75944b058c075f6d755f656666948c166e756d70792e5f636f72652e6d756c74696172726179948c067363616c61729493948c056e756d7079948c0564747970659493948c02663894898887945294284b038c013c944e4e4e4affffffff4affffffff4b007494624308e9e8100774510b4094869452948c035f636394680b681143083e6c7d43b18cd03f94869452948c035f633194680b681143089fc67c4e93b7863f94869452948c045f636d7594680b68114308b90fbeb98d89913f94869452948c085f635f7369676d6194680b681143088289198da8f9d03f94869452948c085f645f7369676d6194680b68114308606246236a3ef43f94869452948c035f636d944b018c065f6368695f6e9447400b25064571943c8c085f776569676874739468098c0c5f7265636f6e737472756374949394680c8c076e6461727261799493944b0085944301629487945294284b014b0b8594680e8c02663894898887945294284b0368124e4e4e4affffffff4affffffff4b00749462894358538e214ba67ddb3f2c5e47761ddbd03f4c60b4a91145c53f18b8b48552e2b83f8daa7d42f660a63f00000000000000009bd0b4761a8dc0bf5806fa0273e3cebff539783e76c4d5bfddd50bc2786cdbbf0820f98e2d45e0bf947494628c085f705f7369676d6194682f68314b008594683387945294284b014b0c859468118943600dab2d8a47c1d1bfb07d326a12bfe9bfe166c247a04cf3bfea585aabe285e33f5ef18a5dd51be63fd0af1453b550fb3fced1fd5e3e55edbf001741571a61b6bf6d3454066c77db3fee5c05976a37f83f869ab0a631edc63f9951c0c21efde9bf947494628c035f706394682f68314b008594683387945294284b014b0c859468118943606ce075f3a126dcbfc57d899a1624eabfe36218c35f8bf0bf26865b668e11e43f74106b385b69e43fe688202fe681f83f20ad24077533ecbf247ce8c12b85c0bf52d75896de17db3fc90edb857a0ff93fde6b92f41276c03f240072a8f41beabf947494628c055f6d65616e94682f68314b008594683387945294284b014b0c859468398943602538521d1bd7e63fbd0008ff343adc3ff06369637cc2d33ff7ff2b6008d4e13f2e4b75ef042dde3f96d8e3eb94ebea3f3c9e66f71ce4e03f6545ae2264d8e53ff26b147eafd4e33feeb15af6658ee83f651b27c2613fd53f16133457c75cd63f947494628c065f7369676d6194680b6811430817dadc79df96bc3f94869452948c025f44944e8c025f42944e8c075f626f756e647394682f68314b008594683387945294284b014b0c4b02869468398943c00,000000000000000000000000000f03f0000000000000000000000000000f03f0000000000000000000000000000f03f0000000000000000000000000000f03f0000000000000000000000000000f03f0000000000000000000000000000f03f0000000000000000000000000000f03f0000000000000000000000000000f03f0000000000000000000000000000f03f0000000000000000000000000000f03f0000000000000000000000000000f03f0000000000000000000000000000f03f947494628c115f6e5f6d61785f726573616d706c696e67944b788c025f67944b098c095f6c725f616461707494898c065f616c70686194473ff66666666666668c0a5f626574615f6d65616e94473fb999999999999a8c0b5f626574615f5369676d6194473f9eb851eb851eb88c065f67616d6d6194473fb999999999999a8c065f456d65616e94682f68314b008594683387945294284b014b0c4b0186946839894360000000000000000000000000000000000000000000000000000000000000000000000000000000000000000000000000000000000000000000000000000000000000000000000000000000000000000000000000000000000000000000000000947494628c075f455369676d6194682f68314b008594683387945294284b014b904b018694683989428004000000000000000000000000000000000000000000000000000000000000000000000000000000000000000000000000000000000000000000000000000000000000000000000000000000000000000000000000000000000000000000000000000000000000000000000000000000000000000000000000000000000000000000000000000000000000000000000000000000000000000000000000000000000000000000000000000000000000000000000000000000000000000000000000000000000000000000000000000000000000000000000000000000000000000000000000000000000000000000000000000000000000000000000000000000000000000000000000000000000000000000000000000000000000000000000000000000000000000000000000000000000000000000000000000000000000000000000000000000000000000000000000000000000000000000000000000000000000000000000000000000000000000000000000000000000000000000000000000000000000000000000000000000000000000000000000000000000000000000000000000000000000000000000000000000000000000000000000000000000000000000000000000000000000000000000000000000000000000000000000000000000000000000000000000000000000000000000000000000000000000000000000000000000000000000000000,0000000000000000000000000000000000000000000000000000000000000000000000000000000000000000000000000000000000000000000000000000000000000000000000000000000000000000000000000000000000000000000000000000000000000000000000000000000000000000000000000000000000000000000000000000000000000000000000000000000000000000000000000000000000000000000000000000000000000000000000000000000000000000000000000000000000000000000000000000000000000000000000000000000000000000000000000000000000000000000000000000000000000000000000000000000000000000000000000000000000000000000000000000000000000000000000000000000000000000000000000000000000000000000000000000000000000000000000000000000000000000000000000000000000000000000000000000000000000000000000000000000000000000000000000000000000000000000000000000000000000000000000000000000000000000000000000000000000000000000000000000000000000000000000000000000000000000000000000000000000000000000000000000000000000000000000000000000000000000000000000000000000000000000000000000000000000000000000000000000000000000000000000000000000000000000000000000000000000000000000000000000000000000000000000000000000000000000000000000000000000000000000000000000000000000000000000000000000000000000000000000000000000000000000000000000000000000000000000000947494628c065f566d65616e944700000000000000008c075f565369676d61944700000000000000008c095f6574615f6d65616e94473ff00000000000008c0a5f6574615f5369676d6194473ff00000000000008c055f746f6c7894680b6811430816383daccc74473d94869452948c075f746f6c787570944740c38800000000008c075f746f6c66756e94473d719799812dea118c105f746f6c636f6e646974696f6e636f76944742d6bcc41e9000008c0d5f66756e686973745f7465726d944b2b8c0f5f66756e686973745f76616c75657394682f68314b008594683387945294284b014b56859468398942b0020000010000000000000060dc6f62fd7f000086f09eed6c324540cc84085bea774640bcaa809ce0d44440707510f8e58c4640f60157ab10044540eefa3f03e01e4640b2a08e4a68d54440e2e86af73b90454086155937a6ed44402246245bea7746400025072e5ec64440728cee09aee745407e5b77c2bde64440d8748de672444640302071352ee94440120d3f5aea7746408a55a55975d1444094468,acb223f454020202020202020202020202054686520636f6e63656e74726174696f6e20706172616d65746572732e20546865206e756d626572206f6620656e747269657320616c6f6e6720746865206c61737420617869730a20202020202020202020202064657465726d696e6573207468652064696d656e73696f6e616c697479206f662074686520646973747269627574696f6e2e204561636820656e747279206d7573742062650a2020202020202020202020207374726963746c7920706f7369746976652e0a20202020202020206e203a20696e74206f722061727261795f6c696b650a202020202020202020202020546865206e756d626572206f6620747269616c732e204561636820656c656d656e74206d7573742062652061207374726963746c7920706f73697469766520696e74656765722e0a0a202020202020202052657475726e730a20202020202020202d2d2d2d2d2d2d0a20202020202020206f75743a206e6461727261790a2020202020202020202020204d65616e206f662061204469726963686c6574206d756c74696e6f6d69616c20646973747269627574696f6e2e0a0a2020202020202020e08c5b86d0010000a0955b86d001000030846086d001000050b05b86d001000040176086d0010000b0846086d001000030856086d001000060895b86d0010000b0856086d001000030866086d0010000d09e5b86d0010000b0006086d0010000947494628c055f635f316494682f68314b008594683387945294284b014b4e85946811894270020000333be939ffe0ee3f0c21a8d86532aa3f0796df600484b03f5bebcf837b01a3bf3281e491c9d898bfbbdee0c7db89a8bf2a5714a6259cbf3f8cb6454b35d5c33ff25f7b690b9a95bf22ffc660500db4bf7db4fa806620bfbf3af1ecb88d1ca8bf5651324420a1ec3fddae9a2c8eb78c3f06afbe662225a3bfc3099720cb6a9fbfd06098b7a1eda0bf0249f0bf96c0a1bf8243cfe0b4f9993f552532ea90b5b0bf21749ac06dc7b9bf061b77614536903f33e8f1e59399b73f8a4c73679041ea3f186d396a4e0cb8bf4863fadcc813943f7865895805d6813f73819bcbe2ca8c3f7af5d3e8cf82ab3f61b9fe38c7f8a73f96d2036f69fd833ffe600e2c6b42813f1cc9ad09330064bf96df1d7ec9fcea3fb5ad9cc172c2a7bfd921b463f3bd973fdc0c3fd3222f87bf2a63baad20927dbf63080d4f125f863f8b351d594ce6bb3f7aa59cc8fc628a3f0d49bd70d7029bbf32a3d3b81679ee3fc28fa5528fada83fe94d97fe7615923f9480ed43cccf963fb10081e8c2a1933f444c68f20910a83f82752d7e165ba53fe67d1fdf4fb69abfe0e81394155aec3fc193db0a86069a3fb8671c12d365923f55ccf799bd50823fe2e36e6ccca2af3f6d651d0f84acb5bf,11ca2195f703b1bf959a0aa6630bf03f10efaf73888f683f6608d36f5380bbbfca27a54e62bdbbbfc0fe77c640119bbf51eef4bcee7ca43fbd1d5a5c0981ee3f0b900fa00ab1763f77e62caa938bad3f9fb3285d5ebbbabf2ae1b2df454d8abfa854e0019a43f03f4bf415eb9eecaa3fec65ca1f666babbf36e5d9244ee3603f8ee327b28c52f23f0af944377703b3bf9110b77ee073b2bf78d517da5a69ef3fae020bc3d8739e3fb4188d59845aeb3f9474946275622e,COMPLETE
145,145,42.13264811825934,2026-05-12 19:23:15.117601,2026-05-12 19:23:28.735131,0 days 00:00:13.617530,-30.38266865490789,56.57699027258774,39.94461893024621,43.58368284036248,34.743459780930515,68.95061678007816,-50.98829103799922,75.38615851061219,68.02077549498668,69.08526321901526,18.115649159878107,21.528348278327083,,9.0,,,,,,COMPLETE
146,146,42.755256775928174,2026-05-12 19:23:30.025881,2026-05-12 19:23:44.247825,0 days 00:00:14.221944,-37.49718522759003,64.39156957567963,42.95240002357247,63.83465231436013,29.41174617346338,57.652212115946824,-54.84657552205523,76.85757993611051,79.9651754850817,87.9735655305405,20.566243388585757,36.18619652804155,,9.0,,,,,,COMPLETE
147,147,42.04986861549128,2026-05-12 19:23:45.668751,2026-05-12 19:24:00.287735,0 days 00:00:14.618984,-37.59064361256959,64.3458833230788,26.021847590792976,56.02944581926003,35.598631893552906,65.0901324053205,-53.50658787271885,76.48565354174421,66.11564697473236,94.84727411174694,28.08885982996363,23.694431968070155,,9.0,,,,,,COMPLETE
148,148,140.0,2026-05-12 19:24:01.668896,2026-05-12 19:24:01.948911,0 days 00:00:00.280015,-27.533653029325578,60.325635289776436,43.35951528268721,58.94610262146124,27.503747704750747,69.4125409053156,-41.541882582824165,66.6447744554167,59.14950504756431,77.74592699223136,12.138399876252565,36.98730213833724,Unfeasible shape,9.0,,,,,,PRUNED
149,149,42.13663426446567,2026-05-12 19:24:02.113950,2026-05-12 19:24:16.361976,0 days 00:00:14.248026,-35.37051188415391,49.312371774336356,33.79056210884546,59.53607717084333,23.68487065479002,71.96005218115819,-36.406176683260306,77.08142240407194,51.55760060685435,65.28083659564048,15.331236398350118,12.556003427082633,,9.0,,,,,,COMPLETE
150,150,42.85390711720041,2026-05-12 19:24:17.849719,2026-05-12 19:24:32.196738,0 days 00:00:14.347019,-39.236314516202775,53.98993960863211,39.32858733797842,34.444053177965515,29.112086445868194,50.69567217358839,-50.32712495901323,39.86803749109235,60.410904334159525,81.14051771742858,33.353935268600694,25.451693779094736,,9.0,,,,,,COMPLETE
151,151,41.82476611038331,2026-05-12 19:24:33.511894,2026-05-12 19:24:52.584086,0 days 00:00:19.072192,-33.999828764888704,50.48685206445097,28.143970505342203,57.541197911559934,38.33192850021135,60.13697670262434,-47.88398465434967,66.04916703683593,72.29863846044539,81.47938656850232,20.052080182789094,30.5019849254716,,9.0,,,,,,COMPLETE
152,152,41.71274324666322,2026-05-12 19:24:53.984822,2026-05-12 19:25:10.996455,0 days 00:00:17.011633,-35.19770024633617,47.24201695968587,31.48930599482385,62.53524329014751,41.59829398808756,63.37536899271599,-41.008882183849046,67.46108158876257,60.834654958696326,82.61065380078742,22.429741125201826,22.207510742006985,,9.0,,,,,,COMPLETE
153,153,41.81607210773247,2026-05-12 19:25:12.389390,2026-05-12 19:25:27.077507,0 days 00:00:14.688117,-33.73783098409247,39.880473013675186,38.28735437439617,59.34895015891571,27.419640097154176,63.51513141445149,-36.22369368458434,70.45610587359133,76.91392046603818,69.12464572727119,15.868491023831506,19.67117014610284,,9.0,,,,,,COMPLETE
154,154,140.0,2026-05-12 19:25:28.487325,2026-05-12 19:25:28.720028,0 days 00:00:00.232703,-33.94208078682334,57.325112179875795,29.28930010092565,56.2969594358885,29.0239440221949,62.663487248138615,-38.481327137883234,63.78704224233902,80.15225058612302,74.34492038940411,34.48614022553385,40.086793970798496,Unfeasible shape,9.0,,,,,,PRUNED
155,155,41.80646693779839,2026-05-12 19:25:28.856972,2026-05-12 19:25:44.509609,0 days 00:00:15.652637,-45.16047139682334,50.77562180156512,38.679288425247826,66.63037936742057,42.21449423517308,63.003564753249684,-60.32218744253471,64.90994387688889,51.65142954143115,87.42168712055742,19.397111538350803,19.237284406324452,,9.0,,,,,,COMPLETE
156,156,42.02374487338314,2026-05-12 19:25:45.891885,2026-05-12 19:26:00.676351,0 days 00:00:14.784466,-38.47361215387802,61.07761786245989,38.069748818795,58.557391519947316,25.21015012281241,74.07992679402811,-40.787123105187746,59.35394451904676,66.63853527102611,74.52583388854039,15.515969560719734,23.177721009875974,,9.0,,,,,,COMPLETE
