,number,value,datetime_start,datetime_complete,duration,params_highPt.rA2,params_highPt.rL1,params_highPt.rL2,params_highPt.rL3,params_highPt.x2,params_highPt.y2,params_lowPt.rA2,params_lowPt.rL1,params_lowPt.rL2,params_lowPt.rL3,params_lowPt.x2,params_lowPt.y2,user_attrs_prune,system_attrs_cma:generation,system_attrs_cma:optimizer:0,system_attrs_cma:optimizer:1,system_attrs_cma:optimizer:2,system_attrs_cma:optimizer:3,system_attrs_cma:optimizer:4,state
787,787,140.0,2026-05-12 21:20:58.848074,2026-05-12 21:20:59.141423,0 days 00:00:00.293349,-33.71926410420884,46.624814543245904,22.398411899150688,47.602551636659875,63.03421949188999,66.89227259639115,-28.092693693245025,62.55859900064462,60.36794322377859,78.10346450037636,21.86224005033551,14.029837120894225,Unfeasible shape,43.0,800495a6100000000000008c0a636d6165732e5f636d61948c03434d419493942981947d94288c065f6e5f64696d944b0c8c085f706f7073697a65944b0b8c035f6d75944b058c075f6d755f656666948c166e756d70792e5f636f72652e6d756c74696172726179948c067363616c61729493948c056e756d7079948c0564747970659493948c02663894898887945294284b038c013c944e4e4e4affffffff4affffffff4b007494624308e9e8100774510b4094869452948c035f636394680b681143083e6c7d43b18cd03f94869452948c035f633194680b681143089fc67c4e93b7863f94869452948c045f636d7594680b68114308b90fbeb98d89913f94869452948c085f635f7369676d6194680b681143088289198da8f9d03f94869452948c085f645f7369676d6194680b68114308606246236a3ef43f94869452948c035f636d944b018c065f6368695f6e9447400b25064571943c8c085f776569676874739468098c0c5f7265636f6e737472756374949394680c8c076e6461727261799493944b0085944301629487945294284b014b0b8594680e8c02663894898887945294284b0368124e4e4e4affffffff4affffffff4b00749462894358538e214ba67ddb3f2c5e47761ddbd03f4c60b4a91145c53f18b8b48552e2b83f8daa7d42f660a63f00000000000000009bd0b4761a8dc0bf5806fa0273e3cebff539783e76c4d5bfddd50bc2786cdbbf0820f98e2d45e0bf947494628c085f705f7369676d6194682f68314b008594683387945294284b014b0c85946811894360708ab32e7583dcbf1f45073eb98c0a40e87c9ced1c38e0bf12737c7fd2d5f8bfe026d9760667f03f2667764d3612dfbfbf3536f8b814c3bf08671ae33126bd3fa819464ba9edff3fce81229f7b8fd5bff546dc478ca6fa3f744f65b26aced0bf947494628c035f706394682f68314b008594683387945294284b014b0c85946811894360d12fabfe9453d9bfbe64331ea2300840755d9d3c242ed3bf690d14bdef0df4bfdd784c94cacdea3f330e3cd12529e3bfa5647d551d91e3bf8c6977cd20dab8bf603c795fd916fe3f8848ab5990c8d1bfe05278a619cffc3fc0e4685bcf29a1bf947494628c055f6d65616e94682f68314b008594683387945294284b014b0c8594683989436092ada48f15ace73fbb5c4bcef1cfdc3f5b8f2dd959e2c33f2869b5442df2d93f6fc271e3d5bdea3ff331aa96a2e8ec3f55d0b9c7f276eb3fec931c94b01be33fef2cebe54a5ae23fbf229c555c0ce83f56829a91617dd53f6f175f481b8dcb3f947494628c065f7369676d6194680b681143088428e842a5f2a33f94869452948c025f44944e8c025f42944e8c075f626f756e647394682f68314b008594683387945294284b014b0c4b02869468398943c00,000000000000000000000000000f03f0000000000000000000000000000f03f0000000000000000000000000000f03f0000000000000000000000000000f03f0000000000000000000000000000f03f0000000000000000000000000000f03f0000000000000000000000000000f03f0000000000000000000000000000f03f0000000000000000000000000000f03f0000000000000000000000000000f03f0000000000000000000000000000f03f0000000000000000000000000000f03f947494628c115f6e5f6d61785f726573616d706c696e67944b788c025f67944b2b8c095f6c725f616461707494898c065f616c70686194473ff66666666666668c0a5f626574615f6d65616e94473fb999999999999a8c0b5f626574615f5369676d6194473f9eb851eb851eb88c065f67616d6d6194473fb999999999999a8c065f456d65616e94682f68314b008594683387945294284b014b0c4b0186946839894360000000000000000000000000000000000000000000000000000000000000000000000000000000000000000000000000000000000000000000000000000000000000000000000000000000000000000000000000000000000000000000000000947494628c075f455369676d6194682f68314b008594683387945294284b014b904b018694683989428004000000000000000000000000000000000000000000000000000000000000000000000000000000000000000000000000000000000000000000000000000000000000000000000000000000000000000000000000000000000000000000000000000000000000000000000000000000000000000000000000000000000000000000000000000000000000000000000000000000000000000000000000000000000000000000000000000000000000000000000000000000000000000000000000000000000000000000000000000000000000000000000000000000000000000000000000000000000000000000000000000000000000000000000000000000000000000000000000000000000000000000000000000000000000000000000000000000000000000000000000000000000000000000000000000000000000000000000000000000000000000000000000000000000000000000000000000000000000000000000000000000000000000000000000000000000000000000000000000000000000000000000000000000000000000000000000000000000000000000000000000000000000000000000000000000000000000000000000000000000000000000000000000000000000000000000000000000000000000000000000000000000000000000000000000000000000000000000000000000000000000000000000000000000000000000000000,0000000000000000000000000000000000000000000000000000000000000000000000000000000000000000000000000000000000000000000000000000000000000000000000000000000000000000000000000000000000000000000000000000000000000000000000000000000000000000000000000000000000000000000000000000000000000000000000000000000000000000000000000000000000000000000000000000000000000000000000000000000000000000000000000000000000000000000000000000000000000000000000000000000000000000000000000000000000000000000000000000000000000000000000000000000000000000000000000000000000000000000000000000000000000000000000000000000000000000000000000000000000000000000000000000000000000000000000000000000000000000000000000000000000000000000000000000000000000000000000000000000000000000000000000000000000000000000000000000000000000000000000000000000000000000000000000000000000000000000000000000000000000000000000000000000000000000000000000000000000000000000000000000000000000000000000000000000000000000000000000000000000000000000000000000000000000000000000000000000000000000000000000000000000000000000000000000000000000000000000000000000000000000000000000000000000000000000000000000000000000000000000000000000000000000000000000000000000000000000000000000000000000000000000000000000000000000000000000000947494628c065f566d65616e944700000000000000008c075f565369676d61944700000000000000008c095f6574615f6d65616e94473ff00000000000008c0a5f6574615f5369676d6194473ff00000000000008c055f746f6c7894680b6811430816383daccc74473d94869452948c075f746f6c787570944740c38800000000008c075f746f6c66756e94473d719799812dea118c105f746f6c636f6e646974696f6e636f76944742d6bcc41e9000008c0d5f66756e686973745f7465726d944b2b8c0f5f66756e686973745f76616c75657394682f68314b008594683387945294284b014b56859468398942b00200001407cdf888834440660b9bf536b3444086f09eed6c324540cc84085bea774640bcaa809ce0d44440707510f8e58c4640f60157ab10044540eefa3f03e01e4640b2a08e4a68d54440e2e86af73b90454086155937a6ed44402246245bea7746400025072e5ec64440728cee09aee745407e5b77c2bde64440d8748de672444640302071352ee94440120d3f5aea7746408a55a55975d1444094468,acb223f4540846eb32b3bdb4440441913d44c6d4540903b9df2129c4440b8392c10f5454540dc125e4bd99d444058faff5aea774640cc9e3a029ab144408ee69595cf854540862ffb18bfa04440109d6e5dfea84540e261f0a0e2a4444068f26b22ca014540be98333e2bab4440ec10990389f1444086a3031cc7a44440c42f775c9df245405cb1856eeca24440c8b3beadc1f94540d2a6567059b144405c761e35d20c4540986fa557c5a24440d480f82a3ee14440e2b901e0848a4440b09fe848b1ff4440b6c7877bb0924440061fe1894ffa4440904fba85898c4440eed16240cbde4440ee93b5b888974440f4e2145cea77464090b84ec7b0954440aa3f135bea7746404c40497381824440ba2ef35aea774640c2d8bbc6ca824440ca6bcb5bea774640181fd92d5b8c4440e8bd4e5bea7746402eb779ab4a8d4440588ba25bea77464082ea3a26b08f44404859317546af4440401d7f4a4a874440b222c35bea774640163d1a3f068b44405466165bea774640726e6247d1884440008cf95aea774640f856697d558744409634776468af44403e09331784894440ecb55660374f4540a0e1a94143854440a62b275aea774640f062ea6784894440c2a4735bea774640b28f2702337d4440e64b9b65f7a64440160a8297bd8944409430195aea77464078c07bed588844406e7d1e5cea774640b80454cfb17f444054182c5bea77464042009a6c488144405056a65bea774640947494628c055f635f316494682f68314b008594683387945294284b014b4e85946811894270020000c8c62d8ed611e83fb8159f98629fa8bf225b087f710caa3f0ceac54fafc6a4bf32df9595c2acc0bf5af514d96bb7b2bf381f49046b68bd3f76d59874ac37bf3f5c405c07d51c56bf0fd9b8bb8937ac3ff6299600238078bf1985d63bdb87b3bf79cd112ec390ed3f444269942f3d7ebf92f110d7ab9cb6bf0453a67eb8c3b43f8991c5f4cc98bfbf08fcbf2a2a17b6bf982ba586a9bab3bf66b305633e7ab23f5960626095dca13f36a726a06755d23f6a42f228b7346fbfc8cadf64d149e23fb371d9a71424c4bf78ff6ed641f1cbbf5688e1ed776fab3fec16fee16dfaccbff385d880aa7fc23fb4f382ccb283c53f2283e8c00c7982bf6e613a439119b6bfe6380029bc61b93f516a32c47f1ae43f4c69f92c19f9b7bf6ec86f6c72b1ca3f34d522656da5c03f544f7eae6018b4bfa79ad253466fc6bf4916fe6cfb3d963f663335352bee6c3fadeeddb326d6bcbfbe6f26060a0be03fc86e298d8597a03f4429092f904dc43f4e2143ef247ca6bf4639fb25cc1dafbfbef83768cd1fa13f88b9593d0eada43ff4d6c7403c7997bf408695948018e83f695dd0d26c31bf3fd88d2b1ac4079c3fe6cf513657dda63f5ec40822bd8fca3f54b328178a24b4bf,1f514e606b0fc2bf95bfa449788bf23f2d470f6d3e55c7bfc88e145d708bd9bf1409aee6ce95c13f1342d1d41e8e9c3ff1772a749c2a753f3e5b5dc6a76fe83f02a0d3b8c141ce3f083e949f5c9e833febc032dba23ecebf995a477db81ec13f97bd26f7d9a5f33f753dc9555490b6bf64b335897268c7bf654b72a126f3cc3fdae8baf5011eed3ff10cadb6af45a7bf6a64cc608b06d2bf724458e01d14f13f3789d857a161c1bff4ac48bcb507ea3f9474946275622e,PRUNED
788,788,41.19742213607442,2026-05-12 21:20:59.350384,2026-05-12 21:21:14.105557,0 days 00:00:14.755173,-36.63289497174253,54.34555277072037,21.961230001195716,48.76017251663199,61.34247897203375,68.58316798625586,-27.132412830965045,57.57031470287161,58.181751379085284,74.27787189286606,32.81308047392983,12.691995100758186,,43.0,800495a6100000000000008c0a636d6165732e5f636d61948c03434d419493942981947d94288c065f6e5f64696d944b0c8c085f706f7073697a65944b0b8c035f6d75944b058c075f6d755f656666948c166e756d70792e5f636f72652e6d756c74696172726179948c067363616c61729493948c056e756d7079948c0564747970659493948c02663894898887945294284b038c013c944e4e4e4affffffff4affffffff4b007494624308e9e8100774510b4094869452948c035f636394680b681143083e6c7d43b18cd03f94869452948c035f633194680b681143089fc67c4e93b7863f94869452948c045f636d7594680b68114308b90fbeb98d89913f94869452948c085f635f7369676d6194680b681143088289198da8f9d03f94869452948c085f645f7369676d6194680b68114308606246236a3ef43f94869452948c035f636d944b018c065f6368695f6e9447400b25064571943c8c085f776569676874739468098c0c5f7265636f6e737472756374949394680c8c076e6461727261799493944b0085944301629487945294284b014b0b8594680e8c02663894898887945294284b0368124e4e4e4affffffff4affffffff4b00749462894358538e214ba67ddb3f2c5e47761ddbd03f4c60b4a91145c53f18b8b48552e2b83f8daa7d42f660a63f00000000000000009bd0b4761a8dc0bf5806fa0273e3cebff539783e76c4d5bfddd50bc2786cdbbf0820f98e2d45e0bf947494628c085f705f7369676d6194682f68314b008594683387945294284b014b0c85946811894360708ab32e7583dcbf1f45073eb98c0a40e87c9ced1c38e0bf12737c7fd2d5f8bfe026d9760667f03f2667764d3612dfbfbf3536f8b814c3bf08671ae33126bd3fa819464ba9edff3fce81229f7b8fd5bff546dc478ca6fa3f744f65b26aced0bf947494628c035f706394682f68314b008594683387945294284b014b0c85946811894360d12fabfe9453d9bfbe64331ea2300840755d9d3c242ed3bf690d14bdef0df4bfdd784c94cacdea3f330e3cd12529e3bfa5647d551d91e3bf8c6977cd20dab8bf603c795fd916fe3f8848ab5990c8d1bfe05278a619cffc3fc0e4685bcf29a1bf947494628c055f6d65616e94682f68314b008594683387945294284b014b0c8594683989436092ada48f15ace73fbb5c4bcef1cfdc3f5b8f2dd959e2c33f2869b5442df2d93f6fc271e3d5bdea3ff331aa96a2e8ec3f55d0b9c7f276eb3fec931c94b01be33fef2cebe54a5ae23fbf229c555c0ce83f56829a91617dd53f6f175f481b8dcb3f947494628c065f7369676d6194680b681143088428e842a5f2a33f94869452948c025f44944e8c025f42944e8c075f626f756e647394682f68314b008594683387945294284b014b0c4b02869468398943c00,000000000000000000000000000f03f0000000000000000000000000000f03f0000000000000000000000000000f03f0000000000000000000000000000f03f0000000000000000000000000000f03f0000000000000000000000000000f03f0000000000000000000000000000f03f0000000000000000000000000000f03f0000000000000000000000000000f03f0000000000000000000000000000f03f0000000000000000000000000000f03f0000000000000000000000000000f03f947494628c115f6e5f6d61785f726573616d706c696e67944b788c025f67944b2b8c095f6c725f616461707494898c065f616c70686194473ff66666666666668c0a5f626574615f6d65616e94473fb999999999999a8c0b5f626574615f5369676d6194473f9eb851eb851eb88c065f67616d6d6194473fb999999999999a8c065f456d65616e94682f68314b008594683387945294284b014b0c4b0186946839894360000000000000000000000000000000000000000000000000000000000000000000000000000000000000000000000000000000000000000000000000000000000000000000000000000000000000000000000000000000000000000000000000947494628c075f455369676d6194682f68314b008594683387945294284b014b904b018694683989428004000000000000000000000000000000000000000000000000000000000000000000000000000000000000000000000000000000000000000000000000000000000000000000000000000000000000000000000000000000000000000000000000000000000000000000000000000000000000000000000000000000000000000000000000000000000000000000000000000000000000000000000000000000000000000000000000000000000000000000000000000000000000000000000000000000000000000000000000000000000000000000000000000000000000000000000000000000000000000000000000000000000000000000000000000000000000000000000000000000000000000000000000000000000000000000000000000000000000000000000000000000000000000000000000000000000000000000000000000000000000000000000000000000000000000000000000000000000000000000000000000000000000000000000000000000000000000000000000000000000000000000000000000000000000000000000000000000000000000000000000000000000000000000000000000000000000000000000000000000000000000000000000000000000000000000000000000000000000000000000000000000000000000000000000000000000000000000000000000000000000000000000000000000000000000000000000,0000000000000000000000000000000000000000000000000000000000000000000000000000000000000000000000000000000000000000000000000000000000000000000000000000000000000000000000000000000000000000000000000000000000000000000000000000000000000000000000000000000000000000000000000000000000000000000000000000000000000000000000000000000000000000000000000000000000000000000000000000000000000000000000000000000000000000000000000000000000000000000000000000000000000000000000000000000000000000000000000000000000000000000000000000000000000000000000000000000000000000000000000000000000000000000000000000000000000000000000000000000000000000000000000000000000000000000000000000000000000000000000000000000000000000000000000000000000000000000000000000000000000000000000000000000000000000000000000000000000000000000000000000000000000000000000000000000000000000000000000000000000000000000000000000000000000000000000000000000000000000000000000000000000000000000000000000000000000000000000000000000000000000000000000000000000000000000000000000000000000000000000000000000000000000000000000000000000000000000000000000000000000000000000000000000000000000000000000000000000000000000000000000000000000000000000000000000000000000000000000000000000000000000000000000000000000000000000000000947494628c065f566d65616e944700000000000000008c075f565369676d61944700000000000000008c095f6574615f6d65616e94473ff00000000000008c0a5f6574615f5369676d6194473ff00000000000008c055f746f6c7894680b6811430816383daccc74473d94869452948c075f746f6c787570944740c38800000000008c075f746f6c66756e94473d719799812dea118c105f746f6c636f6e646974696f6e636f76944742d6bcc41e9000008c0d5f66756e686973745f7465726d944b2b8c0f5f66756e686973745f76616c75657394682f68314b008594683387945294284b014b56859468398942b00200001407cdf888834440660b9bf536b3444086f09eed6c324540cc84085bea774640bcaa809ce0d44440707510f8e58c4640f60157ab10044540eefa3f03e01e4640b2a08e4a68d54440e2e86af73b90454086155937a6ed44402246245bea7746400025072e5ec64440728cee09aee745407e5b77c2bde64440d8748de672444640302071352ee94440120d3f5aea7746408a55a55975d1444094468,acb223f4540846eb32b3bdb4440441913d44c6d4540903b9df2129c4440b8392c10f5454540dc125e4bd99d444058faff5aea774640cc9e3a029ab144408ee69595cf854540862ffb18bfa04440109d6e5dfea84540e261f0a0e2a4444068f26b22ca014540be98333e2bab4440ec10990389f1444086a3031cc7a44440c42f775c9df245405cb1856eeca24440c8b3beadc1f94540d2a6567059b144405c761e35d20c4540986fa557c5a24440d480f82a3ee14440e2b901e0848a4440b09fe848b1ff4440b6c7877bb0924440061fe1894ffa4440904fba85898c4440eed16240cbde4440ee93b5b888974440f4e2145cea77464090b84ec7b0954440aa3f135bea7746404c40497381824440ba2ef35aea774640c2d8bbc6ca824440ca6bcb5bea774640181fd92d5b8c4440e8bd4e5bea7746402eb779ab4a8d4440588ba25bea77464082ea3a26b08f44404859317546af4440401d7f4a4a874440b222c35bea774640163d1a3f068b44405466165bea774640726e6247d1884440008cf95aea774640f856697d558744409634776468af44403e09331784894440ecb55660374f4540a0e1a94143854440a62b275aea774640f062ea6784894440c2a4735bea774640b28f2702337d4440e64b9b65f7a64440160a8297bd8944409430195aea77464078c07bed588844406e7d1e5cea774640b80454cfb17f444054182c5bea77464042009a6c488144405056a65bea774640947494628c055f635f316494682f68314b008594683387945294284b014b4e85946811894270020000c8c62d8ed611e83fb8159f98629fa8bf225b087f710caa3f0ceac54fafc6a4bf32df9595c2acc0bf5af514d96bb7b2bf381f49046b68bd3f76d59874ac37bf3f5c405c07d51c56bf0fd9b8bb8937ac3ff6299600238078bf1985d63bdb87b3bf79cd112ec390ed3f444269942f3d7ebf92f110d7ab9cb6bf0453a67eb8c3b43f8991c5f4cc98bfbf08fcbf2a2a17b6bf982ba586a9bab3bf66b305633e7ab23f5960626095dca13f36a726a06755d23f6a42f228b7346fbfc8cadf64d149e23fb371d9a71424c4bf78ff6ed641f1cbbf5688e1ed776fab3fec16fee16dfaccbff385d880aa7fc23fb4f382ccb283c53f2283e8c00c7982bf6e613a439119b6bfe6380029bc61b93f516a32c47f1ae43f4c69f92c19f9b7bf6ec86f6c72b1ca3f34d522656da5c03f544f7eae6018b4bfa79ad253466fc6bf4916fe6cfb3d963f663335352bee6c3fadeeddb326d6bcbfbe6f26060a0be03fc86e298d8597a03f4429092f904dc43f4e2143ef247ca6bf4639fb25cc1dafbfbef83768cd1fa13f88b9593d0eada43ff4d6c7403c7997bf408695948018e83f695dd0d26c31bf3fd88d2b1ac4079c3fe6cf513657dda63f5ec40822bd8fca3f54b328178a24b4bf,1f514e606b0fc2bf95bfa449788bf23f2d470f6d3e55c7bfc88e145d708bd9bf1409aee6ce95c13f1342d1d41e8e9c3ff1772a749c2a753f3e5b5dc6a76fe83f02a0d3b8c141ce3f083e949f5c9e833febc032dba23ecebf995a477db81ec13f97bd26f7d9a5f33f753dc9555490b6bf64b335897268c7bf654b72a126f3cc3fdae8baf5011eed3ff10cadb6af45a7bf6a64cc608b06d2bf724458e01d14f13f3789d857a161c1bff4ac48bcb507ea3f9474946275622e,COMPLETE
789,789,44.93683950743616,2026-05-12 21:21:15.579441,2026-05-12 21:21:29.234758,0 days 00:00:13.655317,-31.006071568171308,55.83046243079755,26.799424757121724,41.57281468093586,61.35041758327215,64.30110374147758,-25.63195741481652,64.29006689645851,61.18622237616865,77.68736095035531,29.8121190111657,15.035993809793892,,43.0,,,,,,COMPLETE
790,790,41.05097507426936,2026-05-12 21:21:30.778729,2026-05-12 21:21:49.395067,0 days 00:00:18.616338,-37.29762779577397,52.670106639863384,24.564872034756693,45.77265481177406,62.38980566467716,65.8065032054673,-30.794452573259022,63.12857005077035,65.08610694754,76.19006080074797,23.585125719285315,15.77584257281017,,43.0,,,,,,COMPLETE
791,791,140.0,2026-05-12 21:21:50.886045,2026-05-12 21:21:51.159213,0 days 00:00:00.273168,-36.59789078730992,60.77951463501987,25.042818204163723,45.40715035004801,66.27845302751629,69.88421304444675,-28.64383472196488,64.56210594879471,58.61455739351608,80.82089825554613,23.20466684964724,14.029673382200327,Unfeasible shape,43.0,,,,,,PRUNED
792,792,41.076820127997735,2026-05-12 21:21:51.406073,2026-05-12 21:22:08.714504,0 days 00:00:17.308431,-36.06342304540033,51.89784181484926,23.06008330644385,46.865692573883415,62.728468494666885,66.69365720486631,-28.442932522720945,64.8873537803735,62.04239800951642,79.99976587511681,20.05648685713372,19.34932360151905,,43.0,,,,,,COMPLETE
793,793,140.0,2026-05-12 21:22:10.296712,2026-05-12 21:22:10.585759,0 days 00:00:00.289047,-30.22643633986017,50.505384433343394,24.98324313509447,46.54730230030864,64.44198141178133,72.268344687518,-29.236568352322728,69.14421080933296,62.56236068322195,80.90212572666135,25.481332621146215,13.409338974055283,Unfeasible shape,43.0,,,,,,PRUNED
794,794,140.0,2026-05-12 21:22:10.824987,2026-05-12 21:22:11.104913,0 days 00:00:00.279926,-33.29134171901637,50.673284265743135,27.16214343796293,44.29249937644088,63.354409901796444,65.43094090844488,-28.089486665600653,66.14926317421063,59.97193873535231,72.70226344723113,29.45600836366563,19.264390866611095,Unfeasible shape,43.0,,,,,,PRUNED
795,795,140.0,2026-05-12 21:22:11.300698,2026-05-12 21:22:11.570949,0 days 00:00:00.270251,-35.20565655333952,49.817481083638306,22.97426868016224,45.97090420061201,64.5786751931067,67.57239814045165,-26.523574793419584,64.69855460914951,71.31043720269935,76.86280559282389,25.3621732484085,18.022097940394207,Unfeasible shape,43.0,,,,,,PRUNED
796,796,140.0,2026-05-12 21:22:11.800889,2026-05-12 21:22:12.078705,0 days 00:00:00.277816,-37.93659190224956,46.26285687218152,25.031867256667738,43.73836536096286,64.86560313018646,69.2783859286228,-28.596535461586818,63.5711708314207,61.9432057705323,76.24051780456804,22.93581836678436,15.857632649619267,Unfeasible shape,43.0,,,,,,PRUNED
797,797,140.0,2026-05-12 21:22:12.309489,2026-05-12 21:22:12.565849,0 days 00:00:00.256360,-36.90245575243227,48.982926810994435,24.09503185357215,39.5758156879717,65.83605397373411,63.61344423771619,-30.09553176403829,63.03969359652991,62.93086527234625,72.7717732544307,24.647126082819632,16.372716150175894,Unfeasible shape,43.0,,,,,,PRUNED
798,798,140.0,2026-05-12 21:22:12.774090,2026-05-12 21:22:13.052845,0 days 00:00:00.278755,-34.652492466154044,48.51325370446331,26.95214094028652,45.02148559540636,62.72104939276087,67.42714473261864,-28.67812419445572,62.20097808537228,63.203321775754695,75.98351308120503,22.94589998383483,20.195987436679815,Unfeasible shape,43.0,,,,,,PRUNED
