,number,value,datetime_start,datetime_complete,duration,params_highPt.rA2,params_highPt.rL1,params_highPt.rL2,params_highPt.rL3,params_highPt.x2,params_highPt.y2,params_lowPt.rA2,params_lowPt.rL1,params_lowPt.rL2,params_lowPt.rL3,params_lowPt.x2,params_lowPt.y2,user_attrs_prune,system_attrs_cma:generation,system_attrs_cma:optimizer:0,system_attrs_cma:optimizer:1,system_attrs_cma:optimizer:2,system_attrs_cma:optimizer:3,system_attrs_cma:optimizer:4,state
971,971,42.45888846395789,2026-05-12 21:59:00.751651,2026-05-12 21:59:17.817831,0 days 00:00:17.066180,-33.63366814236275,48.50766705388533,25.924426271582234,43.25237110354642,62.62606397383867,69.04531209945159,-30.790578052328023,62.00771493122702,61.13014276468411,81.28833071541162,25.84937963062658,13.059892531695866,,54.0,800495a6100000000000008c0a636d6165732e5f636d61948c03434d419493942981947d94288c065f6e5f64696d944b0c8c085f706f7073697a65944b0b8c035f6d75944b058c075f6d755f656666948c166e756d70792e5f636f72652e6d756c74696172726179948c067363616c61729493948c056e756d7079948c0564747970659493948c02663894898887945294284b038c013c944e4e4e4affffffff4affffffff4b007494624308e9e8100774510b4094869452948c035f636394680b681143083e6c7d43b18cd03f94869452948c035f633194680b681143089fc67c4e93b7863f94869452948c045f636d7594680b68114308b90fbeb98d89913f94869452948c085f635f7369676d6194680b681143088289198da8f9d03f94869452948c085f645f7369676d6194680b68114308606246236a3ef43f94869452948c035f636d944b018c065f6368695f6e9447400b25064571943c8c085f776569676874739468098c0c5f7265636f6e737472756374949394680c8c076e6461727261799493944b0085944301629487945294284b014b0b8594680e8c02663894898887945294284b0368124e4e4e4affffffff4affffffff4b00749462894358538e214ba67ddb3f2c5e47761ddbd03f4c60b4a91145c53f18b8b48552e2b83f8daa7d42f660a63f00000000000000009bd0b4761a8dc0bf5806fa0273e3cebff539783e76c4d5bfddd50bc2786cdbbf0820f98e2d45e0bf947494628c085f705f7369676d6194682f68314b008594683387945294284b014b0c85946811894360b241e83d6eb2c93f8de5ee9ea561f33f9938da7db2d8c23f08e499837b59e3bfe0d0b05492bada3f545b13e5fd6dcfbfe2a5d237c983f3bf158e6a5eacccd43f07874cdc66f9d43f419a95d59a6dfa3fe2fd8ba17e35eb3ffdfb549eca4ff5bf947494628c035f706394682f68314b008594683387945294284b014b0c85946811894360769744df8926c23f754a06859aeff33f4687bee6cb21c53ffebbced3e6cce1bfc24172c70bf6cc3f8bdaf541abe9c1bf5d4195ab5ed4f4bf104e71dbd90cd63f92a5bf8d03abdd3f720cf8818f09fa3ffe572162f30fec3fb7c3e95bafc5f5bf947494628c055f6d65616e94682f68314b008594683387945294284b014b0c85946839894360692059e23088e83ffb8a7549e314dc3f2310cb6568d5c53f2e476dc74256d83f0d7f250ed59bea3faf333362e349ec3f435e3cc2e08bea3f98f31534f27fe33fa231cd4d5390e23fa765e612a005e93f6e1ceadd8e95d73f02be91aecbefc73f947494628c065f7369676d6194680b6811430810ad288074ed993f94869452948c025f44944e8c025f42944e8c075f626f756e647394682f68314b008594683387945294284b014b0c4b02869468398943c00,000000000000000000000000000f03f0000000000000000000000000000f03f0000000000000000000000000000f03f0000000000000000000000000000f03f0000000000000000000000000000f03f0000000000000000000000000000f03f0000000000000000000000000000f03f0000000000000000000000000000f03f0000000000000000000000000000f03f0000000000000000000000000000f03f0000000000000000000000000000f03f0000000000000000000000000000f03f947494628c115f6e5f6d61785f726573616d706c696e67944b788c025f67944b368c095f6c725f616461707494898c065f616c70686194473ff66666666666668c0a5f626574615f6d65616e94473fb999999999999a8c0b5f626574615f5369676d6194473f9eb851eb851eb88c065f67616d6d6194473fb999999999999a8c065f456d65616e94682f68314b008594683387945294284b014b0c4b0186946839894360000000000000000000000000000000000000000000000000000000000000000000000000000000000000000000000000000000000000000000000000000000000000000000000000000000000000000000000000000000000000000000000000947494628c075f455369676d6194682f68314b008594683387945294284b014b904b018694683989428004000000000000000000000000000000000000000000000000000000000000000000000000000000000000000000000000000000000000000000000000000000000000000000000000000000000000000000000000000000000000000000000000000000000000000000000000000000000000000000000000000000000000000000000000000000000000000000000000000000000000000000000000000000000000000000000000000000000000000000000000000000000000000000000000000000000000000000000000000000000000000000000000000000000000000000000000000000000000000000000000000000000000000000000000000000000000000000000000000000000000000000000000000000000000000000000000000000000000000000000000000000000000000000000000000000000000000000000000000000000000000000000000000000000000000000000000000000000000000000000000000000000000000000000000000000000000000000000000000000000000000000000000000000000000000000000000000000000000000000000000000000000000000000000000000000000000000000000000000000000000000000000000000000000000000000000000000000000000000000000000000000000000000000000000000000000000000000000000000000000000000000000000000000000000000000000000,0000000000000000000000000000000000000000000000000000000000000000000000000000000000000000000000000000000000000000000000000000000000000000000000000000000000000000000000000000000000000000000000000000000000000000000000000000000000000000000000000000000000000000000000000000000000000000000000000000000000000000000000000000000000000000000000000000000000000000000000000000000000000000000000000000000000000000000000000000000000000000000000000000000000000000000000000000000000000000000000000000000000000000000000000000000000000000000000000000000000000000000000000000000000000000000000000000000000000000000000000000000000000000000000000000000000000000000000000000000000000000000000000000000000000000000000000000000000000000000000000000000000000000000000000000000000000000000000000000000000000000000000000000000000000000000000000000000000000000000000000000000000000000000000000000000000000000000000000000000000000000000000000000000000000000000000000000000000000000000000000000000000000000000000000000000000000000000000000000000000000000000000000000000000000000000000000000000000000000000000000000000000000000000000000000000000000000000000000000000000000000000000000000000000000000000000000000000000000000000000000000000000000000000000000000000000000000000000000000947494628c065f566d65616e944700000000000000008c075f565369676d61944700000000000000008c095f6574615f6d65616e94473ff00000000000008c0a5f6574615f5369676d6194473ff00000000000008c055f746f6c7894680b6811430816383daccc74473d94869452948c075f746f6c787570944740c38800000000008c075f746f6c66756e94473d719799812dea118c105f746f6c636f6e646974696f6e636f76944742d6bcc41e9000008c0d5f66756e686973745f7465726d944b2b8c0f5f66756e686973745f76616c75657394682f68314b008594683387945294284b014b56859468398942b00200001407cdf888834440660b9bf536b34440a0f1f988f48344400005635bea774640c60edda317844440d83ff559ea774640e078ae2dc9834440d8a5f05aea774640f238728f33864440e479865aea774640c056dd63f3804440dc78565bea77464054b65830628644408aa5955bea774640f22aaecc5b7f4440fa640f5aea77464014c1f90724804440ca93a35bea7746400e2826fbca81444054bc6,85bea774640acb749256b7e444042a8cb5aea7746401e4fd619b07d4440a4a4885bea774640dc125e4bd99d444058faff5aea774640cc9e3a029ab144408ee69595cf854540862ffb18bfa04440109d6e5dfea84540e261f0a0e2a4444068f26b22ca014540be98333e2bab4440ec10990389f1444086a3031cc7a44440c42f775c9df245405cb1856eeca24440c8b3beadc1f94540d2a6567059b144405c761e35d20c4540986fa557c5a24440d480f82a3ee14440e2b901e0848a4440b09fe848b1ff4440b6c7877bb0924440061fe1894ffa4440904fba85898c4440eed16240cbde4440ee93b5b888974440f4e2145cea77464090b84ec7b0954440aa3f135bea7746404c40497381824440ba2ef35aea774640c2d8bbc6ca824440ca6bcb5bea774640181fd92d5b8c4440e8bd4e5bea7746402eb779ab4a8d4440588ba25bea77464082ea3a26b08f44404859317546af4440401d7f4a4a874440b222c35bea774640163d1a3f068b44405466165bea774640726e6247d1884440008cf95aea774640f856697d558744409634776468af44403e09331784894440ecb55660374f4540a0e1a94143854440a62b275aea774640f062ea6784894440c2a4735bea774640b28f2702337d4440e64b9b65f7a64440160a8297bd8944409430195aea77464078c07bed588844406e7d1e5cea774640b80454cfb17f444054182c5bea77464042009a6c488144405056a65bea774640947494628c055f635f316494682f68314b008594683387945294284b014b4e85946811894270020000a30758ca2e34e73f0a84bb829c50c7bfc666fb2c499c743f02e88feccff997bfa534db92b25eb6bf9b44fcc9d6ca9cbf8b30c25c92b0a83f9a7b40e0705fbf3f00e9161783ffb2bf3ad3e3588b08bb3f48ebdb14ef18a33fd81fa53da0acbcbff97363b4263def3f0c76dcad785ab4bf23a931eb8491c1bfbd66d9d60d3fb83f6769d36238cfcbbff28916b0ea10a5bff9bfc709b74cb7bf99865643f637c83f4856dd6d7b4eb4bf79ea5a66881bd53f681d36a2ef04663fa4b94db180c8de3f39d0c14a82ddc4bfba865a0a76dec8bfc128b4c5c8d2a03f61d7c1695cfac6bf885e2d3e317fbc3f2562e28e4fe4bb3f0845fb16855d8e3fd8c25ec993b2b4bf7d0465e19de8a03f00dc80b5ed01e33f00f12c577f38b3bf10dc6a62d0c8d03fdf065c8b0cd1c03f4fbd77f10393abbf59ea5b0fe2b9cfbf80f396986698b23f2a5861e5edea9bbf07f70fbf32c6bfbf461d165c1039d73f20e46cfb191e7dbff518cd1d4748be3ff210f6ca212b843fe7dcf1df44c2b0bf23f190f552b39f3fb11756f8ab9a843f0b7db0b8e92d833fd7eb374028a6e53f7276b1998e6abc3f24f75b38bc2a8a3f542095dec7c9bbbf79bfad621969d23f0a9515130caec1bf,37af4e0f551ec3bfa947fc023b8df03fe434f0a82306cdbf84401f667f48dbbf2473940ecf72ab3f7ec14fd393f39e3f0af7ac6f9ebbb63f8b2c106551b9e63f377188b4bdf3cc3f3f3023120a71b13f4b7bc424dd8ac5bf509f1d0f9a82aa3f10d9e73ee7a6f53fe45b8b5f1c11cebf2404cc2535bdacbf5ae301259d8ec93f22df21edb517ef3fb2518fc631b3b2bf3edce47ad3f3d8bf54528c9c2e96ef3f10d8d0f6ed85b6bf27481fe165a0e93f9474946275622e,COMPLETE
972,972,44.93683941517213,2026-05-12 21:59:19.505507,2026-05-12 21:59:36.131213,0 days 00:00:16.625706,-32.85214928440784,49.98355883471096,27.780846498113124,45.353973058706785,61.45146004835576,67.54913035905791,-32.117446352853676,65.40143946247454,59.83264652094704,80.55371588052974,29.11930038410679,13.231091028464874,,54.0,,,,,,COMPLETE
973,973,140.0,2026-05-12 21:59:37.714189,2026-05-12 21:59:37.976818,0 days 00:00:00.262629,-35.01812654102535,49.70814614678432,27.587618127457286,44.96833102353162,63.25885511496156,66.92875836005206,-31.14835901985029,65.23344333549763,63.155350768251886,77.4594449243356,26.89768053955177,17.318322272296694,Unfeasible shape,54.0,,,,,,PRUNED
974,974,40.997578417127514,2026-05-12 21:59:38.213134,2026-05-12 21:59:53.117291,0 days 00:00:14.904157,-32.78606436998726,50.53382591066375,26.001000672145278,43.79544805703183,61.52394953517116,66.66436889159252,-29.513622545910643,65.75932809486768,59.83425781579117,84.33005594418539,25.05080244059347,13.532584920917518,,54.0,,,,,,COMPLETE
975,975,140.0,2026-05-12 21:59:54.651151,2026-05-12 21:59:54.927436,0 days 00:00:00.276285,-32.983613205773146,49.45327687895499,24.695526103285466,45.69290642104534,61.07851591400445,68.01671205355537,-30.5994960454573,63.99765703357991,58.815979647289275,81.77731014856938,28.272234848883965,11.716217317726798,Unfeasible shape,54.0,,,,,,PRUNED
976,976,42.470267015807906,2026-05-12 21:59:55.198963,2026-05-12 22:00:09.976329,0 days 00:00:14.777366,-33.26531032095871,50.63201326360307,22.75906742460598,40.4309145374802,64.72987659696058,63.63045606134649,-31.080671365920075,64.32315800013714,62.77111993856324,79.36421919622595,29.40899459962579,14.128323854126657,,54.0,,,,,,COMPLETE
977,977,140.0,2026-05-12 22:00:11.462155,2026-05-12 22:00:11.724248,0 days 00:00:00.262093,-32.67614735616337,48.859557654037026,29.94132238652791,41.844209817559346,60.381063855778635,65.08471840049258,-32.67104511871027,64.87255144194009,62.77315547990924,77.41924194119429,29.30419266096964,14.940054396522315,Unfeasible shape,54.0,,,,,,PRUNED
978,978,140.0,2026-05-12 22:00:11.971858,2026-05-12 22:00:12.277486,0 days 00:00:00.305628,-33.50853265838043,47.4351397712291,20.059571573447435,48.492607328998076,61.2771846310581,66.98082798386334,-29.130081281099322,64.61155059177665,65.44390666548334,79.23605539534996,26.62287116037633,12.90324439056377,Unfeasible shape,54.0,,,,,,PRUNED
979,979,41.02844985044226,2026-05-12 22:00:12.527501,2026-05-12 22:00:27.350275,0 days 00:00:14.822774,-33.51016304461516,49.01749929068035,23.083225970799912,45.80090101049422,63.03979549045903,65.79858074309155,-27.996548326281612,61.709975477016826,56.14684382447362,84.14087628127074,29.294237814902154,13.237900460646028,,54.0,,,,,,COMPLETE
980,980,41.00234120178487,2026-05-12 22:00:28.931318,2026-05-12 22:00:44.154358,0 days 00:00:15.223040,-35.061975826066146,49.30106255681198,26.25605901000049,44.82398206652165,61.915240291933245,68.54707250206721,-30.207116064889604,67.36083584204692,64.96588240795305,81.04914199820614,26.677313765250666,14.709607298271786,,54.0,,,,,,COMPLETE
981,981,140.0,2026-05-12 22:00:45.802512,2026-05-12 22:00:46.062063,0 days 00:00:00.259551,-33.568032582718885,49.85575630901561,24.24611256041494,43.70320306480351,63.094948030540884,64.27329146469286,-28.427960103271623,65.06796907236955,64.06798391819574,81.84640788574337,32.894484048601825,11.800348365941971,Unfeasible shape,54.0,,,,,,PRUNED
982,982,41.01641034216641,2026-05-12 22:00:46.312635,2026-05-12 22:01:05.594525,0 days 00:00:19.281890,-34.138672357743815,47.14064225598559,23.522596839848937,46.12436570663915,63.00790629480038,67.29903875337426,-29.34280924796237,66.7780011346017,60.56873243228516,78.71004923774954,27.58921569398875,15.892694527292143,,54.0,,,,,,COMPLETE
983,983,41.04784457773148,2026-05-12 22:01:07.069482,2026-05-12 22:01:24.186923,0 days 00:00:17.117441,-35.060902081653225,48.18625761747346,25.118045723750157,45.93520817045189,61.66418301138062,66.53490273946767,-31.663827686377957,62.47817547766465,61.824408880433936,81.95826826396137,27.312175645524775,12.44601796935211,,54.0,,,,,,COMPLETE
984,984,41.051830859523136,2026-05-12 22:01:25.739710,2026-05-12 22:01:42.737203,0 days 00:00:16.997493,-35.141539009077455,48.69306761063677,25.014378535955288,42.865320996368226,62.00020253804583,63.69597344625649,-32.572592476373764,66.57527218345908,62.04977974587081,76.19914094277185,24.651392917380946,15.531065162196569,,54.0,,,,,,COMPLETE
985,985,44.9368393726709,2026-05-12 22:01:44.414574,2026-05-12 22:01:58.989080,0 days 00:00:14.574506,-34.83684055919839,50.66742319977327,27.72904558651805,43.93834811893119,61.50514294651613,64.34870098220362,-29.15677124409352,65.39715321641317,60.02038679255102,81.9763204347228,27.068734519297397,14.00022526440384,,54.0,,,,,,COMPLETE
986,986,40.98533419237498,2026-05-12 22:02:00.485000,2026-05-12 22:02:19.279991,0 days 00:00:18.794991,-31.884617214296007,50.16086869310839,25.52584303195559,44.30095578194911,61.9579457786471,66.73364638247452,-29.21815619714809,63.56752867312881,61.08686671714756,85.52907913305245,29.98457826226322,10.114190220491254,,54.0,,,,,,COMPLETE
