,number,value,datetime_start,datetime_complete,duration,params_highPt.rA2,params_highPt.rL1,params_highPt.rL2,params_highPt.rL3,params_highPt.x2,params_highPt.y2,params_lowPt.rA2,params_lowPt.rL1,params_lowPt.rL2,params_lowPt.rL3,params_lowPt.x2,params_lowPt.y2,user_attrs_prune,system_attrs_cma:generation,system_attrs_cma:optimizer:0,system_attrs_cma:optimizer:1,system_attrs_cma:optimizer:2,system_attrs_cma:optimizer:3,system_attrs_cma:optimizer:4,state
454,454,140.0,2026-05-12 20:23:48.979326,2026-05-12 20:23:49.200226,0 days 00:00:00.220900,-30.20550091463449,46.55045603643595,29.722073961501728,49.927098996058014,55.007618084326005,64.64211771772594,-26.61911513519854,57.033438763725854,50.36667582247312,68.7142587618483,25.38325866772478,10.542586452862558,Unfeasible shape,27.0,800495a6100000000000008c0a636d6165732e5f636d61948c03434d419493942981947d94288c065f6e5f64696d944b0c8c085f706f7073697a65944b0b8c035f6d75944b058c075f6d755f656666948c166e756d70792e5f636f72652e6d756c74696172726179948c067363616c61729493948c056e756d7079948c0564747970659493948c02663894898887945294284b038c013c944e4e4e4affffffff4affffffff4b007494624308e9e8100774510b4094869452948c035f636394680b681143083e6c7d43b18cd03f94869452948c035f633194680b681143089fc67c4e93b7863f94869452948c045f636d7594680b68114308b90fbeb98d89913f94869452948c085f635f7369676d6194680b681143088289198da8f9d03f94869452948c085f645f7369676d6194680b68114308606246236a3ef43f94869452948c035f636d944b018c065f6368695f6e9447400b25064571943c8c085f776569676874739468098c0c5f7265636f6e737472756374949394680c8c076e6461727261799493944b0085944301629487945294284b014b0b8594680e8c02663894898887945294284b0368124e4e4e4affffffff4affffffff4b00749462894358538e214ba67ddb3f2c5e47761ddbd03f4c60b4a91145c53f18b8b48552e2b83f8daa7d42f660a63f00000000000000009bd0b4761a8dc0bf5806fa0273e3cebff539783e76c4d5bfddd50bc2786cdbbf0820f98e2d45e0bf947494628c085f705f7369676d6194682f68314b008594683387945294284b014b0c85946811894360aa9759dcdc50f53f6c703e28825fdb3f18109d16d81ae13ffb9a0150834be5bf9899f1b4403da03fb29a599798e1e8bf31c67fdd68e7f0bfbfe3e91b030ee4bf335106ad5038f0bfeaf9a490d121da3f43dc58e1fd14ee3fb4a15ff54e4cffbf947494628c035f706394682f68314b008594683387945294284b014b0c8594681189436052ea99034f6df23f266536086dfddc3f911bf51fec69e33fa75ae94754f5e2bf1095ffab3aeea6bf7a8e97a5e308e5bf9c7f29e95b5dedbf274529473b22dbbf7214f6a3613ceebf16a2f0d5be13db3f82483cc743b5e93f4f6246133aeef8bf947494628c055f6d65616e94682f68314b008594683387945294284b014b0c85946839894360e912d87ae574e93fbada0d350f57dc3fccf194468da5c53fe1441d6ba157da3fc5ba58191af5e93ffabc769f70dbeb3f06c7e5e8c0c8e93f47f18fac824fe13f40786ecb8211dc3fad45681791e8e93f520c4c2dacf7d63f2bddd0312e38c13f947494628c065f7369676d6194680b68114308dfa7bf27ccedaf3f94869452948c025f44944e8c025f42944e8c075f626f756e647394682f68314b008594683387945294284b014b0c4b02869468398943c00,000000000000000000000000000f03f0000000000000000000000000000f03f0000000000000000000000000000f03f0000000000000000000000000000f03f0000000000000000000000000000f03f0000000000000000000000000000f03f0000000000000000000000000000f03f0000000000000000000000000000f03f0000000000000000000000000000f03f0000000000000000000000000000f03f0000000000000000000000000000f03f0000000000000000000000000000f03f947494628c115f6e5f6d61785f726573616d706c696e67944b788c025f67944b1b8c095f6c725f616461707494898c065f616c70686194473ff66666666666668c0a5f626574615f6d65616e94473fb999999999999a8c0b5f626574615f5369676d6194473f9eb851eb851eb88c065f67616d6d6194473fb999999999999a8c065f456d65616e94682f68314b008594683387945294284b014b0c4b0186946839894360000000000000000000000000000000000000000000000000000000000000000000000000000000000000000000000000000000000000000000000000000000000000000000000000000000000000000000000000000000000000000000000000947494628c075f455369676d6194682f68314b008594683387945294284b014b904b018694683989428004000000000000000000000000000000000000000000000000000000000000000000000000000000000000000000000000000000000000000000000000000000000000000000000000000000000000000000000000000000000000000000000000000000000000000000000000000000000000000000000000000000000000000000000000000000000000000000000000000000000000000000000000000000000000000000000000000000000000000000000000000000000000000000000000000000000000000000000000000000000000000000000000000000000000000000000000000000000000000000000000000000000000000000000000000000000000000000000000000000000000000000000000000000000000000000000000000000000000000000000000000000000000000000000000000000000000000000000000000000000000000000000000000000000000000000000000000000000000000000000000000000000000000000000000000000000000000000000000000000000000000000000000000000000000000000000000000000000000000000000000000000000000000000000000000000000000000000000000000000000000000000000000000000000000000000000000000000000000000000000000000000000000000000000000000000000000000000000000000000000000000000000000000000000000000000000000,0000000000000000000000000000000000000000000000000000000000000000000000000000000000000000000000000000000000000000000000000000000000000000000000000000000000000000000000000000000000000000000000000000000000000000000000000000000000000000000000000000000000000000000000000000000000000000000000000000000000000000000000000000000000000000000000000000000000000000000000000000000000000000000000000000000000000000000000000000000000000000000000000000000000000000000000000000000000000000000000000000000000000000000000000000000000000000000000000000000000000000000000000000000000000000000000000000000000000000000000000000000000000000000000000000000000000000000000000000000000000000000000000000000000000000000000000000000000000000000000000000000000000000000000000000000000000000000000000000000000000000000000000000000000000000000000000000000000000000000000000000000000000000000000000000000000000000000000000000000000000000000000000000000000000000000000000000000000000000000000000000000000000000000000000000000000000000000000000000000000000000000000000000000000000000000000000000000000000000000000000000000000000000000000000000000000000000000000000000000000000000000000000000000000000000000000000000000000000000000000000000000000000000000000000000000000000000000000000000947494628c065f566d65616e944700000000000000008c075f565369676d61944700000000000000008c095f6574615f6d65616e94473ff00000000000008c0a5f6574615f5369676d6194473ff00000000000008c055f746f6c7894680b6811430816383daccc74473d94869452948c075f746f6c787570944740c38800000000008c075f746f6c66756e94473d719799812dea118c105f746f6c636f6e646974696f6e636f76944742d6bcc41e9000008c0d5f66756e686973745f7465726d944b2b8c0f5f66756e686973745f76616c75657394682f68314b008594683387945294284b014b56859468398942b0020000010000000000000060dc6f62fd7f000086f09eed6c324540cc84085bea774640bcaa809ce0d44440707510f8e58c4640f60157ab10044540eefa3f03e01e4640b2a08e4a68d54440e2e86af73b90454086155937a6ed44402246245bea7746400025072e5ec64440728cee09aee745407e5b77c2bde64440d8748de672444640302071352ee94440120d3f5aea7746408a55a55975d1444094468,acb223f4540846eb32b3bdb4440441913d44c6d4540903b9df2129c4440b8392c10f5454540dc125e4bd99d444058faff5aea774640cc9e3a029ab144408ee69595cf854540862ffb18bfa04440109d6e5dfea84540e261f0a0e2a4444068f26b22ca014540be98333e2bab4440ec10990389f1444086a3031cc7a44440c42f775c9df245405cb1856eeca24440c8b3beadc1f94540d2a6567059b144405c761e35d20c4540986fa557c5a24440d480f82a3ee14440e2b901e0848a4440b09fe848b1ff4440b6c7877bb0924440061fe1894ffa4440904fba85898c4440eed16240cbde4440ee93b5b888974440f4e2145cea77464090b84ec7b0954440aa3f135bea7746404c40497381824440ba2ef35aea774640c2d8bbc6ca824440ca6bcb5bea77464063746c7920706f73697469766520696e74656765722e0a0a202020202020202052657475726e730a20202020202020202d2d2d2d2d2d2d0a20202020202020206f75743a206e6461727261790a2020202020202020202020204d65616e206f662061204469726963686c6574206d756c74696e6f6d69616c20646973747269627574696f6e2e0a0a2020202020202020e08c5b86d0010000a0955b86d001000030846086d001000050b05b86d001000040176086d0010000b0846086d001000030856086d001000060895b86d0010000b0856086d001000030866086d0010000d09e5b86d0010000b0006086d0010000947494628c055f635f316494682f68314b008594683387945294284b014b4e85946811894270020000e59a57846305ee3f844b1a067fcb7d3f7c42b4dcb4aeae3f859484463aa2acbf728256559221b0bf430a1d4c608cbcbf504ca706c3acc43ff2288d1abd7cb93f18cee44b96d39c3fec7e1ec7238890bfe3b5a3816939ae3f920079f68b15b8bfc88f31fd200fea3f885120296ceb943f88f2c28ee4218d3fba90251e2f2d893f01fd11649e8fb3bfaa9957d54032b7bfa0a14c887ac94abf13de658265ab733f947e46f156c78d3ff2200d675d4fae3f3b10bc71d5719b3f56a906c27546e93fbc78f57785f9c0bf639be5c749d2cbbf6d779042a72d883fa0a838cfed90c3bff6e2bef72ca3ba3f2cb0bd39a408723fb5f6e7281d1a78bfda01cc644cc083bfacf09f780898a23fa0e60d0617d5e33f2d15ab18089cbabf545d493b0977b83f642291dbf97293bf33d13ddebc8da3bf9eafbba099fa973f00ae8933cd55b7bf1061c9e086dbb1bf7bf5ea988bc0a0bf0094e3ad7655e83fcbffbb9c7b25c03fce637342a40cc13ffd28a5af6c5093bf36ef02aa45e3abbf1de5666925d7c43f7328961b4536a63f6dd3db768652b8bf173675f40d6be93ff0f00aa5e09aa0bf60018ef730355dbf3d0afcea7777b13f8fd47b4cc248c83f647247bf738dc2bf,e650f63cdde0bfbf31f5f11252d7f13f4ccac745ecf2c2bf9c25c92d0a19bcbf892ae6a0ee13ac3fdd1c5c7ad35fbf3fb18ba6ee60a1b73f7fa974e9acece83f7ec40c96b1a4ad3f6c4a6309d0b4a33f70a7c7b2bc23bebf01754a645f7eb13f75c7826a371bed3fa28ce950bc8db3bf643679ec0df9aebfba817f6f62989e3fe429ba3f2133ee3f8c3d5c527ce4b5bfb5d5776b9825cebfc867ce5880a5ed3f701ea084f3d79f3f2f8dbaa08874e73f9474946275622e,PRUNED
455,455,41.38602611803795,2026-05-12 20:23:49.399892,2026-05-12 20:24:06.182353,0 days 00:00:16.782461,-41.74577955751917,46.590755151174505,20.697387981281096,53.2441955735186,57.92409616966379,65.91342422345795,-35.16290939559407,45.9521070563317,46.7897553770737,77.33705565856124,20.690318707833562,16.692192178813688,,27.0,800495a6100000000000008c0a636d6165732e5f636d61948c03434d419493942981947d94288c065f6e5f64696d944b0c8c085f706f7073697a65944b0b8c035f6d75944b058c075f6d755f656666948c166e756d70792e5f636f72652e6d756c74696172726179948c067363616c61729493948c056e756d7079948c0564747970659493948c02663894898887945294284b038c013c944e4e4e4affffffff4affffffff4b007494624308e9e8100774510b4094869452948c035f636394680b681143083e6c7d43b18cd03f94869452948c035f633194680b681143089fc67c4e93b7863f94869452948c045f636d7594680b68114308b90fbeb98d89913f94869452948c085f635f7369676d6194680b681143088289198da8f9d03f94869452948c085f645f7369676d6194680b68114308606246236a3ef43f94869452948c035f636d944b018c065f6368695f6e9447400b25064571943c8c085f776569676874739468098c0c5f7265636f6e737472756374949394680c8c076e6461727261799493944b0085944301629487945294284b014b0b8594680e8c02663894898887945294284b0368124e4e4e4affffffff4affffffff4b00749462894358538e214ba67ddb3f2c5e47761ddbd03f4c60b4a91145c53f18b8b48552e2b83f8daa7d42f660a63f00000000000000009bd0b4761a8dc0bf5806fa0273e3cebff539783e76c4d5bfddd50bc2786cdbbf0820f98e2d45e0bf947494628c085f705f7369676d6194682f68314b008594683387945294284b014b0c85946811894360aa9759dcdc50f53f6c703e28825fdb3f18109d16d81ae13ffb9a0150834be5bf9899f1b4403da03fb29a599798e1e8bf31c67fdd68e7f0bfbfe3e91b030ee4bf335106ad5038f0bfeaf9a490d121da3f43dc58e1fd14ee3fb4a15ff54e4cffbf947494628c035f706394682f68314b008594683387945294284b014b0c8594681189436052ea99034f6df23f266536086dfddc3f911bf51fec69e33fa75ae94754f5e2bf1095ffab3aeea6bf7a8e97a5e308e5bf9c7f29e95b5dedbf274529473b22dbbf7214f6a3613ceebf16a2f0d5be13db3f82483cc743b5e93f4f6246133aeef8bf947494628c055f6d65616e94682f68314b008594683387945294284b014b0c85946839894360e912d87ae574e93fbada0d350f57dc3fccf194468da5c53fe1441d6ba157da3fc5ba58191af5e93ffabc769f70dbeb3f06c7e5e8c0c8e93f47f18fac824fe13f40786ecb8211dc3fad45681791e8e93f520c4c2dacf7d63f2bddd0312e38c13f947494628c065f7369676d6194680b68114308dfa7bf27ccedaf3f94869452948c025f44944e8c025f42944e8c075f626f756e647394682f68314b008594683387945294284b014b0c4b02869468398943c00,000000000000000000000000000f03f0000000000000000000000000000f03f0000000000000000000000000000f03f0000000000000000000000000000f03f0000000000000000000000000000f03f0000000000000000000000000000f03f0000000000000000000000000000f03f0000000000000000000000000000f03f0000000000000000000000000000f03f0000000000000000000000000000f03f0000000000000000000000000000f03f0000000000000000000000000000f03f947494628c115f6e5f6d61785f726573616d706c696e67944b788c025f67944b1b8c095f6c725f616461707494898c065f616c70686194473ff66666666666668c0a5f626574615f6d65616e94473fb999999999999a8c0b5f626574615f5369676d6194473f9eb851eb851eb88c065f67616d6d6194473fb999999999999a8c065f456d65616e94682f68314b008594683387945294284b014b0c4b0186946839894360000000000000000000000000000000000000000000000000000000000000000000000000000000000000000000000000000000000000000000000000000000000000000000000000000000000000000000000000000000000000000000000000947494628c075f455369676d6194682f68314b008594683387945294284b014b904b018694683989428004000000000000000000000000000000000000000000000000000000000000000000000000000000000000000000000000000000000000000000000000000000000000000000000000000000000000000000000000000000000000000000000000000000000000000000000000000000000000000000000000000000000000000000000000000000000000000000000000000000000000000000000000000000000000000000000000000000000000000000000000000000000000000000000000000000000000000000000000000000000000000000000000000000000000000000000000000000000000000000000000000000000000000000000000000000000000000000000000000000000000000000000000000000000000000000000000000000000000000000000000000000000000000000000000000000000000000000000000000000000000000000000000000000000000000000000000000000000000000000000000000000000000000000000000000000000000000000000000000000000000000000000000000000000000000000000000000000000000000000000000000000000000000000000000000000000000000000000000000000000000000000000000000000000000000000000000000000000000000000000000000000000000000000000000000000000000000000000000000000000000000000000000000000000000000000000000,0000000000000000000000000000000000000000000000000000000000000000000000000000000000000000000000000000000000000000000000000000000000000000000000000000000000000000000000000000000000000000000000000000000000000000000000000000000000000000000000000000000000000000000000000000000000000000000000000000000000000000000000000000000000000000000000000000000000000000000000000000000000000000000000000000000000000000000000000000000000000000000000000000000000000000000000000000000000000000000000000000000000000000000000000000000000000000000000000000000000000000000000000000000000000000000000000000000000000000000000000000000000000000000000000000000000000000000000000000000000000000000000000000000000000000000000000000000000000000000000000000000000000000000000000000000000000000000000000000000000000000000000000000000000000000000000000000000000000000000000000000000000000000000000000000000000000000000000000000000000000000000000000000000000000000000000000000000000000000000000000000000000000000000000000000000000000000000000000000000000000000000000000000000000000000000000000000000000000000000000000000000000000000000000000000000000000000000000000000000000000000000000000000000000000000000000000000000000000000000000000000000000000000000000000000000000000000000000000000947494628c065f566d65616e944700000000000000008c075f565369676d61944700000000000000008c095f6574615f6d65616e94473ff00000000000008c0a5f6574615f5369676d6194473ff00000000000008c055f746f6c7894680b6811430816383daccc74473d94869452948c075f746f6c787570944740c38800000000008c075f746f6c66756e94473d719799812dea118c105f746f6c636f6e646974696f6e636f76944742d6bcc41e9000008c0d5f66756e686973745f7465726d944b2b8c0f5f66756e686973745f76616c75657394682f68314b008594683387945294284b014b56859468398942b0020000010000000000000060dc6f62fd7f000086f09eed6c324540cc84085bea774640bcaa809ce0d44440707510f8e58c4640f60157ab10044540eefa3f03e01e4640b2a08e4a68d54440e2e86af73b90454086155937a6ed44402246245bea7746400025072e5ec64440728cee09aee745407e5b77c2bde64440d8748de672444640302071352ee94440120d3f5aea7746408a55a55975d1444094468,acb223f4540846eb32b3bdb4440441913d44c6d4540903b9df2129c4440b8392c10f5454540dc125e4bd99d444058faff5aea774640cc9e3a029ab144408ee69595cf854540862ffb18bfa04440109d6e5dfea84540e261f0a0e2a4444068f26b22ca014540be98333e2bab4440ec10990389f1444086a3031cc7a44440c42f775c9df245405cb1856eeca24440c8b3beadc1f94540d2a6567059b144405c761e35d20c4540986fa557c5a24440d480f82a3ee14440e2b901e0848a4440b09fe848b1ff4440b6c7877bb0924440061fe1894ffa4440904fba85898c4440eed16240cbde4440ee93b5b888974440f4e2145cea77464090b84ec7b0954440aa3f135bea7746404c40497381824440ba2ef35aea774640c2d8bbc6ca824440ca6bcb5bea77464063746c7920706f73697469766520696e74656765722e0a0a202020202020202052657475726e730a20202020202020202d2d2d2d2d2d2d0a20202020202020206f75743a206e6461727261790a2020202020202020202020204d65616e206f662061204469726963686c6574206d756c74696e6f6d69616c20646973747269627574696f6e2e0a0a2020202020202020e08c5b86d0010000a0955b86d001000030846086d001000050b05b86d001000040176086d0010000b0846086d001000030856086d001000060895b86d0010000b0856086d001000030866086d0010000d09e5b86d0010000b0006086d0010000947494628c055f635f316494682f68314b008594683387945294284b014b4e85946811894270020000e59a57846305ee3f844b1a067fcb7d3f7c42b4dcb4aeae3f859484463aa2acbf728256559221b0bf430a1d4c608cbcbf504ca706c3acc43ff2288d1abd7cb93f18cee44b96d39c3fec7e1ec7238890bfe3b5a3816939ae3f920079f68b15b8bfc88f31fd200fea3f885120296ceb943f88f2c28ee4218d3fba90251e2f2d893f01fd11649e8fb3bfaa9957d54032b7bfa0a14c887ac94abf13de658265ab733f947e46f156c78d3ff2200d675d4fae3f3b10bc71d5719b3f56a906c27546e93fbc78f57785f9c0bf639be5c749d2cbbf6d779042a72d883fa0a838cfed90c3bff6e2bef72ca3ba3f2cb0bd39a408723fb5f6e7281d1a78bfda01cc644cc083bfacf09f780898a23fa0e60d0617d5e33f2d15ab18089cbabf545d493b0977b83f642291dbf97293bf33d13ddebc8da3bf9eafbba099fa973f00ae8933cd55b7bf1061c9e086dbb1bf7bf5ea988bc0a0bf0094e3ad7655e83fcbffbb9c7b25c03fce637342a40cc13ffd28a5af6c5093bf36ef02aa45e3abbf1de5666925d7c43f7328961b4536a63f6dd3db768652b8bf173675f40d6be93ff0f00aa5e09aa0bf60018ef730355dbf3d0afcea7777b13f8fd47b4cc248c83f647247bf738dc2bf,e650f63cdde0bfbf31f5f11252d7f13f4ccac745ecf2c2bf9c25c92d0a19bcbf892ae6a0ee13ac3fdd1c5c7ad35fbf3fb18ba6ee60a1b73f7fa974e9acece83f7ec40c96b1a4ad3f6c4a6309d0b4a33f70a7c7b2bc23bebf01754a645f7eb13f75c7826a371bed3fa28ce950bc8db3bf643679ec0df9aebfba817f6f62989e3fe429ba3f2133ee3f8c3d5c527ce4b5bfb5d5776b9825cebfc867ce5880a5ed3f701ea084f3d79f3f2f8dbaa08874e73f9474946275622e,COMPLETE
456,456,44.93683949799362,2026-05-12 20:24:07.557534,2026-05-12 20:24:23.652632,0 days 00:00:16.095098,-31.41439518897758,44.77599148682875,27.06022167485061,48.13935160775518,61.26834666306327,61.99300530054917,-26.22009316495768,61.122407636274055,58.138948234238505,79.3587778980999,27.737295494674164,10.633605653804832,,27.0,,,,,,COMPLETE
457,457,41.18028143101647,2026-05-12 20:24:25.143443,2026-05-12 20:24:42.222625,0 days 00:00:17.079182,-35.845207414305435,41.02663865088873,23.453432148130346,56.02632180319504,61.341089738191606,68.04591573450617,-26.862647137635378,61.736046218646194,43.58452007441695,78.17177019790884,23.157008337627428,9.587550834603803,,27.0,,,,,,COMPLETE
458,458,140.0,2026-05-12 20:24:43.635012,2026-05-12 20:24:43.864526,0 days 00:00:00.229514,-33.78165746143944,44.505790769634565,24.363291608474928,49.63533346256019,51.452696952870895,63.905832719729936,-37.882529939982014,64.80516676528488,55.443890869125894,70.87420659279582,24.217431205228493,15.136481934812291,Unfeasible shape,27.0,,,,,,PRUNED
459,459,140.0,2026-05-12 20:24:44.048594,2026-05-12 20:24:44.348186,0 days 00:00:00.299592,-29.44774685279144,52.4460809629814,28.870789383552296,44.17700668226633,65.69486294453083,61.539771385463276,-31.396920525202177,64.37268705361672,59.94031786737953,79.3848754721828,27.13520136823162,6.215409598018091,Unfeasible shape,27.0,,,,,,PRUNED
460,460,140.0,2026-05-12 20:24:44.527247,2026-05-12 20:24:44.810483,0 days 00:00:00.283236,-32.95733391309865,51.08623722523482,30.65083654972932,52.62290154555376,60.22669845747274,70.87753136065268,-28.939181933626422,62.88430019199764,50.93957046881751,83.25419707203199,21.704221585581035,10.730334596533998,Unfeasible shape,27.0,,,,,,PRUNED
461,461,41.23083837921804,2026-05-12 20:24:44.996052,2026-05-12 20:25:01.724548,0 days 00:00:16.728496,-36.21129535238992,59.77608210179911,26.711232690096132,53.29673935794009,56.87359771044425,67.75596740549035,-32.22888745431107,59.48854022931564,49.84145341786337,76.90545281544962,27.81327137535723,9.066819197451,,27.0,,,,,,COMPLETE
462,462,41.14888270709413,2026-05-12 20:25:03.113635,2026-05-12 20:25:20.514608,0 days 00:00:17.400973,-38.357692128410754,48.78870844053582,26.93744770431175,47.725100557742024,59.45520148657288,71.47077154460298,-32.34852433801983,58.05633991552915,45.842908276045364,84.23937975203407,24.779342993970374,10.691350486924835,,27.0,,,,,,COMPLETE
463,463,41.44169900098501,2026-05-12 20:25:21.923529,2026-05-12 20:25:39.048087,0 days 00:00:17.124558,-36.33855550554178,40.128340364987366,21.73657505227162,44.626661142314816,58.99868608813159,66.50986977110657,-26.135002732282786,53.750040750441414,53.957162262245895,77.53644557775242,27.00024535513317,12.962004946054625,,27.0,,,,,,COMPLETE
464,464,140.0,2026-05-12 20:25:40.453683,2026-05-12 20:25:40.705776,0 days 00:00:00.252093,-34.46221147938462,48.55373646187047,29.010305563382413,50.757352193949934,62.50487197951775,67.4409588022554,-26.585572096008804,57.18082911900513,37.006493895933396,76.30903948476563,23.50143856610563,5.234364277511519,Unfeasible shape,27.0,,,,,,PRUNED
465,465,41.33209924625872,2026-05-12 20:25:40.943765,2026-05-12 20:25:56.122922,0 days 00:00:15.179157,-28.639047898317926,47.72694160938838,25.049595897207837,45.43927989109057,56.18823287633867,64.53189825996591,-34.96336615128132,58.162272880900666,47.91930552329348,85.09161707067807,23.439033994363264,9.78812965037331,,27.0,,,,,,COMPLETE
