,number,value,datetime_start,datetime_complete,duration,params_highPt.rA2,params_highPt.rL1,params_highPt.rL2,params_highPt.rL3,params_highPt.x2,params_highPt.y2,params_lowPt.rA2,params_lowPt.rL1,params_lowPt.rL2,params_lowPt.rL3,params_lowPt.x2,params_lowPt.y2,user_attrs_prune,system_attrs_cma:generation,system_attrs_cma:optimizer:0,system_attrs_cma:optimizer:1,system_attrs_cma:optimizer:2,system_attrs_cma:optimizer:3,system_attrs_cma:optimizer:4,state
381,381,140.0,2026-05-12 20:09:06.165796,2026-05-12 20:09:06.425246,0 days 00:00:00.259450,-43.16446762075109,38.620835120497304,37.35484744160195,41.1941748173828,73.17499529748616,73.74445607737651,-28.449990698485237,61.30203429020177,67.55042918272434,99.6863981299812,19.975218211730454,11.79698145899415,Unfeasible shape,22.0,,,,,,PRUNED
382,382,41.18115462915313,2026-05-12 20:09:06.641108,2026-05-12 20:09:23.933580,0 days 00:00:17.292472,-42.24017066829205,50.10900580175377,27.209804713986887,42.23665492477803,61.20358300045382,70.65476299822177,-28.59374751945657,65.71248369699958,47.71766728812563,81.68296249761659,27.649838265484444,17.054859019661457,,22.0,,,,,,COMPLETE
383,383,140.0,2026-05-12 20:09:25.702984,2026-05-12 20:09:25.952371,0 days 00:00:00.249387,-36.04224437337755,52.12808307430702,15.96314991080574,48.65998311744465,64.89175373696294,67.44977976701342,-22.2576055936961,62.24248967055455,55.237095054486275,78.47699207199084,15.132937905691977,19.309296964150416,Unfeasible shape,22.0,,,,,,PRUNED
384,384,41.67461404650916,2026-05-12 20:09:26.110557,2026-05-12 20:09:40.566780,0 days 00:00:14.456223,-37.17126882137185,50.63564645301456,22.86651105745107,49.46930476100034,52.75343217889913,69.60137246942118,-32.21779659277788,58.698661283689354,52.89860125995841,92.38925072076506,24.715064144012214,13.893095931815958,,22.0,,,,,,COMPLETE
385,385,140.0,2026-05-12 20:09:41.990106,2026-05-12 20:09:42.256366,0 days 00:00:00.266260,-27.351206275663586,54.24285793725637,32.31734701737483,44.06193017381937,57.60811484153404,64.11759310903253,-25.460024447010888,69.34920101574488,47.61574720246309,84.77350526132228,25.92455635298502,23.18880320357875,Unfeasible shape,22.0,,,,,,PRUNED
386,386,41.70368427083096,2026-05-12 20:09:42.448465,2026-05-12 20:10:01.559664,0 days 00:00:19.111199,-37.90176640232439,47.353913010101024,22.13783307739645,48.89352365594314,53.99667260743312,71.38820322847128,-22.617908516058392,66.07865184886676,59.56950571536622,71.39257491040559,17.126534248759537,18.920817185059953,,22.0,,,,,,COMPLETE
387,387,44.936839540968805,2026-05-12 20:10:02.986112,2026-05-12 20:10:20.026297,0 days 00:00:17.040185,-41.21975350392161,47.400978088926216,31.03710096154706,54.32942508363015,59.74708845422377,72.9028269575838,-30.528226497814337,60.47789743759526,64.37267612978917,76.02037552000348,24.612756493970426,15.090952262740265,,23.0,800495a6100000000000008c0a636d6165732e5f636d61948c03434d419493942981947d94288c065f6e5f64696d944b0c8c085f706f7073697a65944b0b8c035f6d75944b058c075f6d755f656666948c166e756d70792e5f636f72652e6d756c74696172726179948c067363616c61729493948c056e756d7079948c0564747970659493948c02663894898887945294284b038c013c944e4e4e4affffffff4affffffff4b007494624308e9e8100774510b4094869452948c035f636394680b681143083e6c7d43b18cd03f94869452948c035f633194680b681143089fc67c4e93b7863f94869452948c045f636d7594680b68114308b90fbeb98d89913f94869452948c085f635f7369676d6194680b681143088289198da8f9d03f94869452948c085f645f7369676d6194680b68114308606246236a3ef43f94869452948c035f636d944b018c065f6368695f6e9447400b25064571943c8c085f776569676874739468098c0c5f7265636f6e737472756374949394680c8c076e6461727261799493944b0085944301629487945294284b014b0b8594680e8c02663894898887945294284b0368124e4e4e4affffffff4affffffff4b00749462894358538e214ba67ddb3f2c5e47761ddbd03f4c60b4a91145c53f18b8b48552e2b83f8daa7d42f660a63f00000000000000009bd0b4761a8dc0bf5806fa0273e3cebff539783e76c4d5bfddd50bc2786cdbbf0820f98e2d45e0bf947494628c085f705f7369676d6194682f68314b008594683387945294284b014b0c8594681189436014b8da28d458e43fe2e81817a0cfe9bf89d1af8109e4cf3f7c1595367defdebf260f2bcde107da3fec5bde04b13cec3f475d35827d5bec3fa2fb27e134d2e93f2b3bc388d18fcfbf59e24ca0fb75dfbff466c02b60a9e23f3c23c88fd75fd1bf947494628c035f706394682f68314b008594683387945294284b014b0c85946811894360a3ae952528e8e33ffcca7296bcd6e7bf667b01be03c4d03f7ac40324ec8bd8bf569b8d124ad9d93fbd76f853706ce53f8628b6d24245ec3f97bdce287a7de53f2e5c49617653d3bf9093e7e616dbd6bf6628d885568ce03f10ccc542edd8c6bf947494628c055f6d65616e94682f68314b008594683387945294284b014b0c85946839894360ccefad962791e63f2e7bb51f4c93d93fffbfe1f03a4cc43f1e8212847840dc3f69f511ab06fbe93f935657abcb3eee3f834f2f16926ceb3f0d743de7a2e9e23fafb8871b261adf3f80503df252c7e83f1298e84d4b33d23f4ad84553a91acd3f947494628c065f7369676d6194680b68114308b361114b7cc8b13f94869452948c025f44944e8c025f42944e8c075f626f756e647394682f68314b008594683387945294284b014b0c4b02869468398943c00,000000000000000000000000000f03f0000000000000000000000000000f03f0000000000000000000000000000f03f0000000000000000000000000000f03f0000000000000000000000000000f03f0000000000000000000000000000f03f0000000000000000000000000000f03f0000000000000000000000000000f03f0000000000000000000000000000f03f0000000000000000000000000000f03f0000000000000000000000000000f03f0000000000000000000000000000f03f947494628c115f6e5f6d61785f726573616d706c696e67944b788c025f67944b178c095f6c725f616461707494898c065f616c70686194473ff66666666666668c0a5f626574615f6d65616e94473fb999999999999a8c0b5f626574615f5369676d6194473f9eb851eb851eb88c065f67616d6d6194473fb999999999999a8c065f456d65616e94682f68314b008594683387945294284b014b0c4b0186946839894360000000000000000000000000000000000000000000000000000000000000000000000000000000000000000000000000000000000000000000000000000000000000000000000000000000000000000000000000000000000000000000000000947494628c075f455369676d6194682f68314b008594683387945294284b014b904b018694683989428004000000000000000000000000000000000000000000000000000000000000000000000000000000000000000000000000000000000000000000000000000000000000000000000000000000000000000000000000000000000000000000000000000000000000000000000000000000000000000000000000000000000000000000000000000000000000000000000000000000000000000000000000000000000000000000000000000000000000000000000000000000000000000000000000000000000000000000000000000000000000000000000000000000000000000000000000000000000000000000000000000000000000000000000000000000000000000000000000000000000000000000000000000000000000000000000000000000000000000000000000000000000000000000000000000000000000000000000000000000000000000000000000000000000000000000000000000000000000000000000000000000000000000000000000000000000000000000000000000000000000000000000000000000000000000000000000000000000000000000000000000000000000000000000000000000000000000000000000000000000000000000000000000000000000000000000000000000000000000000000000000000000000000000000000000000000000000000000000000000000000000000000000000000000000000000000000,0000000000000000000000000000000000000000000000000000000000000000000000000000000000000000000000000000000000000000000000000000000000000000000000000000000000000000000000000000000000000000000000000000000000000000000000000000000000000000000000000000000000000000000000000000000000000000000000000000000000000000000000000000000000000000000000000000000000000000000000000000000000000000000000000000000000000000000000000000000000000000000000000000000000000000000000000000000000000000000000000000000000000000000000000000000000000000000000000000000000000000000000000000000000000000000000000000000000000000000000000000000000000000000000000000000000000000000000000000000000000000000000000000000000000000000000000000000000000000000000000000000000000000000000000000000000000000000000000000000000000000000000000000000000000000000000000000000000000000000000000000000000000000000000000000000000000000000000000000000000000000000000000000000000000000000000000000000000000000000000000000000000000000000000000000000000000000000000000000000000000000000000000000000000000000000000000000000000000000000000000000000000000000000000000000000000000000000000000000000000000000000000000000000000000000000000000000000000000000000000000000000000000000000000000000000000000000000000000000947494628c065f566d65616e944700000000000000008c075f565369676d61944700000000000000008c095f6574615f6d65616e94473ff00000000000008c0a5f6574615f5369676d6194473ff00000000000008c055f746f6c7894680b6811430816383daccc74473d94869452948c075f746f6c787570944740c38800000000008c075f746f6c66756e94473d719799812dea118c105f746f6c636f6e646974696f6e636f76944742d6bcc41e9000008c0d5f66756e686973745f7465726d944b2b8c0f5f66756e686973745f76616c75657394682f68314b008594683387945294284b014b56859468398942b0020000010000000000000060dc6f62fd7f000086f09eed6c324540cc84085bea774640bcaa809ce0d44440707510f8e58c4640f60157ab10044540eefa3f03e01e4640b2a08e4a68d54440e2e86af73b90454086155937a6ed44402246245bea7746400025072e5ec64440728cee09aee745407e5b77c2bde64440d8748de672444640302071352ee94440120d3f5aea7746408a55a55975d1444094468,acb223f4540846eb32b3bdb4440441913d44c6d4540903b9df2129c4440b8392c10f5454540dc125e4bd99d444058faff5aea774640cc9e3a029ab144408ee69595cf854540862ffb18bfa04440109d6e5dfea84540e261f0a0e2a4444068f26b22ca014540be98333e2bab4440ec10990389f1444086a3031cc7a44440c42f775c9df245405cb1856eeca24440c8b3beadc1f94540d2a6567059b144405c761e35d20c4540986fa557c5a24440d480f82a3ee14440e2b901e0848a4440b09fe848b1ff4440b6c7877bb0924440061fe1894ffa4440904fba85898c4440eed16240cbde44406b650a202020202020202020202020546865206e756d626572206f6620747269616c732e204561636820656c656d656e74206d7573742062652061207374726963746c7920706f73697469766520696e74656765722e0a0a202020202020202052657475726e730a20202020202020202d2d2d2d2d2d2d0a20202020202020206f75743a206e6461727261790a2020202020202020202020204d65616e206f662061204469726963686c6574206d756c74696e6f6d69616c20646973747269627574696f6e2e0a0a2020202020202020e08c5b86d0010000a0955b86d001000030846086d001000050b05b86d001000040176086d0010000b0846086d001000030856086d001000060895b86d0010000b0856086d001000030866086d0010000d09e5b86d0010000b0006086d0010000947494628c055f635f316494682f68314b008594683387945294284b014b4e859468118942700200001289a3d77fbfeb3fe2b3e036f4ed9d3faabaa11d1150bb3fd887a07deddca1bf53d30d0cf9b3babff5bad8f5536ebcbf3a02fcd12a7ec33f1fc61d51be06c33fa85c4d8a363889bfaed34340bf0096bf7c6e4c162e65a3bf867a9aeb33d088bf21aac2dbc875eb3fda83d3087eb2a73f70c8bf1608c4603fa0fac46a11b3903fbb0c16dbd33cb2bf4725634d9eecb3bfa7a44a23136aa43fdd5b8e953a55a93ff3c362457f03acbfc972cbeb574ca73f6096c28a79cdb13f4da14127a8f6e93f8e2893b7dc88c0bf8661d494564dc7bf40ff468d9da1823fc8b5b040279bbfbfcdb245e2ec9db23fb01211caf843b63f635a4e5ec589a8bfd19de96773b6a33f8e3916947622a03fffff6f267094e43fd1a34276cdb9bdbfc97123847706b53f0bd8264e66489ebfb9d7f3e0d45098bf243ff0fc0d4192bf3d42a4945382b7bfb921d94c1cc2a8bf1cb4be7cef699ebfa5d969a89034e93fcdd963ff675ebf3f8dae63b2e5ffbd3fb0f8f0b0145898bfb60288096b77afbfa0edccbf5413c53ffc2430aa54b9a1bfed81559593ffb2bfc44a2c9f2115e93fdb5f36f71d3586bf6efb17753f6581bfea9a0466f846a93f37bd5c64a4b3c73fdcc0b0b9f363b1bf,791d74182bd1c5bf5d56eac8e8acf13f2cf1089e4827c0bf7857c134ceddc4bf9bf57b8608bab33fd2676448a653b33f9c11a00afbd1b83f2ac477387879eb3f4a39e4d9bad2a1bf1abdd97ed884a43f0d1b02f402cfacbffee264c00a59ae3f7940fecfe45def3f383e170d538fb3bf78702fecca2e533f4e6355886832a2bf8e0d96f4e463ef3f7687d18aa3aec4bf5fd7390529efc7bfad3504881a12ed3f8733a3f2bc3bb83f18d53feef011e73f9474946275622e,COMPLETE
388,388,140.0,2026-05-12 20:10:21.576625,2026-05-12 20:10:21.851305,0 days 00:00:00.274680,-39.74367662097807,41.70703761839955,20.220291863768995,58.63028218542691,64.15680210052699,66.44367887978389,-29.442813881782833,56.81004778653967,53.95625387318224,69.70086352954553,21.09250676549727,10.67034944024029,Unfeasible shape,23.0,,,,,,PRUNED
389,389,41.82110044669477,2026-05-12 20:10:22.018465,2026-05-12 20:10:41.355436,0 days 00:00:19.336971,-34.74408044042586,34.45939861486349,17.642475317715284,46.40833832855272,57.8763124034751,72.21195426802439,-33.25910667651497,76.06817840099136,53.40356594176866,75.72330100338166,17.234117707558244,11.231884876806056,,23.0,,,,,,COMPLETE
390,390,140.0,2026-05-12 20:10:43.022469,2026-05-12 20:10:43.285124,0 days 00:00:00.262655,-32.68245957073567,47.23536399038325,29.91473839610348,46.196742820680164,62.082914879552064,63.46972197216895,-24.37899517607054,60.78617795532739,46.30350703477895,80.38825572500629,27.268982785710286,13.313992667958045,Unfeasible shape,23.0,,,,,,PRUNED
391,391,44.93683944275274,2026-05-12 20:10:43.457952,2026-05-12 20:10:59.604216,0 days 00:00:16.146264,-36.12528039773783,44.472011262593206,29.051500784410315,46.98990691068599,61.118853500968015,62.59474638857004,-26.796591996395307,52.98681876945622,59.94318841206032,78.29252430760343,15.17500921891499,19.44843866882164,,23.0,,,,,,COMPLETE
392,392,140.0,2026-05-12 20:11:01.132187,2026-05-12 20:11:01.411591,0 days 00:00:00.279404,-30.121455533863795,48.24185337480091,22.388874944546146,48.38206349006186,66.95994482299189,74.62191804220691,-22.319155453912757,59.40148879448839,51.08304905204537,87.89386090688544,25.248567350746548,13.401776619821154,Unfeasible shape,23.0,,,,,,PRUNED
393,393,41.36773794856133,2026-05-12 20:11:01.593675,2026-05-12 20:11:19.781760,0 days 00:00:18.188085,-33.85342965768206,44.553530217922216,15.811063125592895,54.97112763187607,60.953866680878825,72.09110150763485,-25.949666719189224,62.627441958975304,52.08938866200165,78.01011927235173,12.16369642895591,10.860118950632039,,23.0,,,,,,COMPLETE
394,394,140.0,2026-05-12 20:11:21.297257,2026-05-12 20:11:21.564699,0 days 00:00:00.267442,-33.62792346517145,35.211530051678345,25.684217766066034,38.256704199100895,62.04359856876402,73.3875842640493,-31.335031678877883,66.79627098012271,51.27751916959934,82.68779259168859,28.907713009301986,9.612850712971147,Unfeasible shape,23.0,,,,,,PRUNED
395,395,44.93683959026194,2026-05-12 20:11:21.738871,2026-05-12 20:11:39.499327,0 days 00:00:17.760456,-38.13922248261675,47.14142181818101,28.180224642205907,46.83016294633911,62.34914551295543,71.04470895967242,-31.639544541073327,59.78951400274922,61.768877878740774,76.66654633263416,22.069033099283892,17.05526766483221,,23.0,,,,,,COMPLETE
396,396,44.93683935625526,2026-05-12 20:11:41.081997,2026-05-12 20:11:57.474141,0 days 00:00:16.392144,-37.7545053634264,50.68434759062787,19.03635176267604,54.18547200932744,67.49154488470815,65.45889304052275,-26.57080503198177,55.48522741545996,52.89301156370408,79.50746957407071,14.098857063585116,27.055987338036516,,23.0,,,,,,COMPLETE
397,397,41.292997276882986,2026-05-12 20:11:59.144722,2026-05-12 20:12:19.814549,0 days 00:00:20.669827,-35.94290474169148,38.13997601238382,23.68464235280259,45.571503515442224,59.97313487169957,71.10912719672453,-25.43014384033105,70.31024555569078,59.74880697217654,81.1847309065079,23.110993487037714,13.030141267031082,,23.0,,,,,,COMPLETE
398,398,43.74926193014154,2026-05-12 20:12:21.436359,2026-05-12 20:12:36.511138,0 days 00:00:15.074779,-31.196907214226805,45.4397206878418,34.66405249884288,42.01178348278775,55.812340207987184,69.84000895282844,-29.271347625714718,68.22164379189748,60.8336820131635,79.39323963913546,25.11269872284682,20.27503591077422,,23.0,,,,,,COMPLETE
399,399,41.23172192305303,2026-05-12 20:12:37.979074,2026-05-12 20:12:57.558095,0 days 00:00:19.579021,-34.74433499016109,38.099238019893924,22.266292088447283,47.01578222730639,61.3709254389861,70.85184606644133,-30.90207651926032,63.700273884083316,62.23601280519173,73.01281497128916,20.180748122450446,26.07032158642796,,23.0,,,,,,COMPLETE
400,400,41.37293407481641,2026-05-12 20:12:59.170607,2026-05-12 20:13:16.790085,0 days 00:00:17.619478,-36.68314818327346,56.69243032293172,11.481690846309004,48.21480210244222,67.50282076096649,69.52377518987817,-28.242163876597857,56.660379779855596,44.584529325887885,74.95245119315058,16.904148526844207,18.84648587901482,,23.0,,,,,,COMPLETE
401,401,41.18385990968805,2026-05-12 20:13:18.303888,2026-05-12 20:13:33.607809,0 days 00:00:15.303921,-34.91231308485062,50.98165486325346,23.084465652866598,50.53913048928337,62.8021823473647,63.149858300743745,-28.912902971850592,57.791237192953716,61.722894216959155,77.42060516767219,27.986099433853667,14.784428047158249,,23.0,,,,,,COMPLETE
