,number,value,datetime_start,datetime_complete,duration,params_highPt.rA2,params_highPt.rL1,params_highPt.rL2,params_highPt.rL3,params_highPt.x2,params_highPt.y2,params_lowPt.rA2,params_lowPt.rL1,params_lowPt.rL2,params_lowPt.rL3,params_lowPt.x2,params_lowPt.y2,user_attrs_prune,system_attrs_cma:generation,system_attrs_cma:optimizer:0,system_attrs_cma:optimizer:1,system_attrs_cma:optimizer:2,system_attrs_cma:optimizer:3,system_attrs_cma:optimizer:4,state
601,601,140.0,2026-05-12 20:47:53.689776,2026-05-12 20:47:53.974871,0 days 00:00:00.285095,-34.59617479734491,37.29825688293507,28.008159221248164,53.76400571245164,57.0439016514458,69.66360353578631,-27.911887581457833,60.8108022121909,47.85802687454803,75.37381578783607,26.08432364107976,16.547198224751845,Unfeasible shape,34.0,,,,,,PRUNED
602,602,140.0,2026-05-12 20:47:54.173942,2026-05-12 20:47:54.441099,0 days 00:00:00.267157,-33.25145202561234,41.445268155651036,29.146824884132204,50.65157841513849,60.14343369092502,72.55091537930781,-24.955131755490356,58.341013680231256,46.09451985140442,81.63620821348572,29.460892031297213,12.466657857644371,Unfeasible shape,34.0,,,,,,PRUNED
603,603,140.0,2026-05-12 20:47:54.601437,2026-05-12 20:47:54.836744,0 days 00:00:00.235307,-32.5906709943046,39.975179653136905,25.14279366262583,59.16763266787732,60.10586502159421,72.0250718648699,-29.386259660929888,60.17034072353169,46.02969069790658,83.16264539004929,26.977875021993885,8.031606048794801,Unfeasible shape,34.0,,,,,,PRUNED
604,604,140.0,2026-05-12 20:47:55.030547,2026-05-12 20:47:55.357104,0 days 00:00:00.326557,-36.149825181652815,41.48849348255874,28.89090081395324,58.55143200499684,58.469555183310646,73.76397524140053,-28.665256861186386,60.97360708557816,50.172435007898486,82.12802576711202,27.57049524806426,9.094089328507993,Unfeasible shape,34.0,,,,,,PRUNED
605,605,41.26466922939913,2026-05-12 20:47:55.517397,2026-05-12 20:48:12.880623,0 days 00:00:17.363226,-30.150302832700227,41.83327104026398,17.63160403278676,54.90657751081399,61.14154416568787,71.22906148777471,-21.49550116781098,61.5352153928463,58.58908512956566,82.09891926672952,21.097803785267097,12.42219106928214,,34.0,,,,,,COMPLETE
606,606,140.0,2026-05-12 20:48:14.431819,2026-05-12 20:48:14.704434,0 days 00:00:00.272615,-37.010147978746026,38.07698017842553,28.934802406268332,50.813172992114524,60.26062509990204,72.88671130428965,-28.119807976803507,62.773341053624485,50.64405809534939,80.88970722480099,24.31213045273534,13.57550981145665,Unfeasible shape,34.0,,,,,,PRUNED
607,607,140.0,2026-05-12 20:48:14.947517,2026-05-12 20:48:15.227915,0 days 00:00:00.280398,-36.0852468291245,38.89100584679412,27.044113851647346,54.11423495118247,60.1588254112193,73.02419069553274,-25.084682243475356,55.83970873732806,49.28025693045069,87.48356299392532,26.8556451314216,9.311088536788079,Unfeasible shape,34.0,,,,,,PRUNED
608,608,140.0,2026-05-12 20:48:15.438784,2026-05-12 20:48:15.708688,0 days 00:00:00.269904,-32.19780693890198,36.37339783557468,28.688302755651325,49.19290510978748,61.83670264369849,71.74487879175867,-24.143783375230136,64.27948686004284,57.29271655264643,77.33180557827413,23.976027575066695,8.8760238531848,Unfeasible shape,34.0,,,,,,PRUNED
609,609,140.0,2026-05-12 20:48:15.913017,2026-05-12 20:48:16.192012,0 days 00:00:00.278995,-35.86895725551867,39.192015056032965,29.471909869863154,51.3808376720158,56.98415725117756,72.114584553042,-25.49021031311093,61.97036190664786,49.83534863078971,84.07501211742581,26.069302055680815,9.290810803180118,Unfeasible shape,34.0,,,,,,PRUNED
610,610,140.0,2026-05-12 20:48:16.372212,2026-05-12 20:48:16.689631,0 days 00:00:00.317419,-36.06943456987134,41.38936656801302,27.09420186879801,51.486975914082514,57.60090240933142,72.52806128585325,-33.84729176352629,59.8877963177078,49.75597065043058,79.93771929168626,28.773208570687,8.794406587984332,Unfeasible shape,34.0,,,,,,PRUNED
611,611,140.0,2026-05-12 20:48:16.917098,2026-05-12 20:48:17.222757,0 days 00:00:00.305659,-35.72219681224704,38.613216826081626,20.07136899210601,52.46553769414784,60.76468341214839,67.93307115688667,-31.40607419304512,62.283995571027845,50.30996865131208,85.21194059618745,23.031965430691056,6.201958492666089,Unfeasible shape,34.0,,,,,,PRUNED
612,612,41.49877271808484,2026-05-12 20:48:17.399245,2026-05-12 20:48:36.812127,0 days 00:00:19.412882,-37.03551649588072,38.190680005398946,20.220547160877274,51.10582308050619,57.1143668141147,71.08561739843199,-23.02630707203503,55.82931942963193,51.642865289008554,83.9980140794459,25.294495086050464,9.013747859736956,,34.0,,,,,,COMPLETE
613,613,41.301426966880584,2026-05-12 20:48:38.460405,2026-05-12 20:48:55.359325,0 days 00:00:16.898920,-35.4359159161612,42.3405417619257,25.397583491123882,58.0319713112589,55.78088936394147,70.76812412056678,-24.816478713691048,61.696429520203345,54.081633482509226,80.95497289482175,22.287540302867544,12.567145445355793,,34.0,,,,,,COMPLETE
614,614,41.251996941022014,2026-05-12 20:48:56.920783,2026-05-12 20:49:17.394029,0 days 00:00:20.473246,-32.68849295678389,37.293177903421835,22.704590017791276,51.260509264485336,58.984752060397184,71.23975916971699,-22.24577990589176,54.71016486029509,49.7068506481705,82.91451326235281,23.660697839598694,11.09997730068654,,34.0,,,,,,COMPLETE
615,615,140.0,2026-05-12 20:49:19.060816,2026-05-12 20:49:19.349839,0 days 00:00:00.289023,-32.8958485546836,37.05683424611122,27.269751145019686,52.10565534007563,59.62645333728754,74.39164773383871,-24.010591264864985,59.5294918963946,57.309992681435084,82.19914941442258,25.786214001088965,14.160253217288234,Unfeasible shape,34.0,,,,,,PRUNED
616,616,140.0,2026-05-12 20:49:19.591902,2026-05-12 20:49:19.917822,0 days 00:00:00.325920,-34.92918737323517,44.202830731247815,24.138087173722624,49.22100042083645,61.8643811415568,73.64650099787754,-26.85442058089675,56.844974106914904,47.364130370832115,83.57705833538937,27.696701882718784,10.463386876093594,Unfeasible shape,34.0,,,,,,PRUNED
617,617,140.0,2026-05-12 20:49:20.119310,2026-05-12 20:49:20.434039,0 days 00:00:00.314729,-34.191012347881674,39.29772115894272,29.313436033453144,52.85647826292664,59.577524293753825,70.22111327578511,-25.780000347535797,64.03925021355442,51.97044514139525,81.5351061901773,23.504293428450694,8.14795018488123,Unfeasible shape,34.0,,,,,,PRUNED
618,618,140.0,2026-05-12 20:49:20.666971,2026-05-12 20:49:20.935741,0 days 00:00:00.268770,-33.11805597869827,38.22929300295422,22.798299140587673,56.34275800972652,58.73067196889638,69.05593717427112,-24.254675362345196,62.17471394533033,63.67839145636586,71.54634246654993,30.69296307962896,13.077895352775304,Unfeasible shape,34.0,,,,,,PRUNED
619,619,140.0,2026-05-12 20:49:21.146506,2026-05-12 20:49:21.439833,0 days 00:00:00.293327,-35.11318117763143,41.445038337105785,29.81291307630592,52.256098048059656,55.36330536838163,70.34845777624119,-27.60839646820611,65.01582271240939,52.199389375097404,84.8238261996584,31.57816591574489,14.67486131145282,Unfeasible shape,34.0,,,,,,PRUNED
620,620,41.277680598827374,2026-05-12 20:49:21.638972,2026-05-12 20:49:40.747053,0 days 00:00:19.108081,-34.30243141406012,36.38843383490366,23.325054079940255,55.02397892795881,56.64978891584038,72.49019073399892,-26.13143382376559,61.68336130499472,44.26836211495694,82.450525295557,25.495306383302484,10.649690031851295,,34.0,,,,,,COMPLETE
621,621,41.0743435858917,2026-05-12 20:49:42.397887,2026-05-12 20:50:02.270623,0 days 00:00:19.872736,-36.00966976775416,41.233955143053635,22.79022922407969,57.06187779392373,61.75868362104402,73.72365139584042,-24.017206692919956,62.17908178324813,53.45167496972078,80.78627385003665,18.40393825486001,10.487193446517104,,34.0,,,,,,COMPLETE
622,622,140.0,2026-05-12 20:50:03.826980,2026-05-12 20:50:04.103344,0 days 00:00:00.276364,-35.32205820445879,38.59521809542251,24.283798021362053,55.396434833750696,61.158855096369194,70.51788897140202,-25.614294238841516,58.08410527955943,43.73696613864048,81.47166504933028,27.944221449604818,14.190605517040785,Unfeasible shape,34.0,,,,,,PRUNED
623,623,42.61887745126646,2026-05-12 20:50:04.323258,2026-05-12 20:50:21.755894,0 days 00:00:17.432636,-36.50843489997919,36.12060941100531,31.514893727596977,56.05810512912563,56.739258667711916,70.56519587498231,-25.346626527382675,61.42606835142913,45.43688132913843,83.69546782731585,28.75523663240072,11.653409775583821,,34.0,,,,,,COMPLETE
624,624,41.28364547150615,2026-05-12 20:50:23.230483,2026-05-12 20:50:38.417102,0 days 00:00:15.186619,-33.38194737792288,42.598412326857584,24.283514608629687,53.52937280992094,56.60232218678705,73.74917940385032,-29.741250632888857,59.132501523870445,58.35707355640704,79.60112473614902,24.490565865853988,9.971743320737016,,34.0,,,,,,COMPLETE
625,625,41.111191826489076,2026-05-12 20:50:39.912024,2026-05-12 20:50:57.250500,0 days 00:00:17.338476,-33.173543607967254,45.79880059037726,23.556489322646748,54.1274318362035,60.657953580199695,68.45691982143359,-25.91569358438337,62.29376306676405,49.83077908880341,81.24364007268348,27.004299875204477,13.182477968121583,,34.0,,,,,,COMPLETE
626,626,41.17769317301155,2026-05-12 20:50:58.792422,2026-05-12 20:51:13.457797,0 days 00:00:14.665375,-32.53699027639861,40.56235128375345,30.92802173471764,49.51675883037567,53.75498327093062,69.09296807861082,-26.3569842984529,62.57385461149045,56.68353949865239,76.3541963275429,24.25858378889044,19.970368150692135,,34.0,,,,,,COMPLETE
627,627,140.0,2026-05-12 20:51:14.931084,2026-05-12 20:51:15.210939,0 days 00:00:00.279855,-36.10720682838816,40.82306171675667,19.50541792946055,50.753642094364025,62.364420579732226,69.30642323246481,-24.932503890006252,61.35768222660265,47.502878231258265,82.47263671846058,26.68070656971087,11.998126959096195,Unfeasible shape,35.0,800495a6100000000000008c0a636d6165732e5f636d61948c03434d419493942981947d94288c065f6e5f64696d944b0c8c085f706f7073697a65944b0b8c035f6d75944b058c075f6d755f656666948c166e756d70792e5f636f72652e6d756c74696172726179948c067363616c61729493948c056e756d7079948c0564747970659493948c02663894898887945294284b038c013c944e4e4e4affffffff4affffffff4b007494624308e9e8100774510b4094869452948c035f636394680b681143083e6c7d43b18cd03f94869452948c035f633194680b681143089fc67c4e93b7863f94869452948c045f636d7594680b68114308b90fbeb98d89913f94869452948c085f635f7369676d6194680b681143088289198da8f9d03f94869452948c085f645f7369676d6194680b68114308606246236a3ef43f94869452948c035f636d944b018c065f6368695f6e9447400b25064571943c8c085f776569676874739468098c0c5f7265636f6e737472756374949394680c8c076e6461727261799493944b0085944301629487945294284b014b0b8594680e8c02663894898887945294284b0368124e4e4e4affffffff4affffffff4b00749462894358538e214ba67ddb3f2c5e47761ddbd03f4c60b4a91145c53f18b8b48552e2b83f8daa7d42f660a63f00000000000000009bd0b4761a8dc0bf5806fa0273e3cebff539783e76c4d5bfddd50bc2786cdbbf0820f98e2d45e0bf947494628c085f705f7369676d6194682f68314b008594683387945294284b014b0c859468118943607841f2435025c3bfbc8b6018dd16d6bfb08d322c41aca2bf34fefd447278ee3f4e45f920cba3dd3f9c32501d71e0e5bf0a40545fece3e63f8fbebced5278de3fd3cfc58e091de23f3cf2ec0ea3bbe6bf270e2e440c70f0bfa196dbfddf04f33f947494628c035f706394682f68314b008594683387945294284b014b0c85946811894360167cbba99e3abbbffc4072e7c964d5bfb0ec98d00601c7bf1af55781a0e7e13fd40e6a3376eec23ff91409ac73e4dabfc1c27ce6debee33f9ec4de4de848df3fdc6e54b376a3e33fc52805b27929e9bfd0a1a31c12cfefbf3f44454151abf23f947494628c055f6d65616e94682f68314b008594683387945294284b014b0c85946839894360029a75532b99e83f781354504e8dd63fffbba06c4c48c43f34a7370115eedf3f0192638dfd95e93fe5ec4fe4ce2fee3f57151ff7214bed3f0d9755d02f75e23fbbbaebf64dbcdd3ffe194d2c67f0e83f33c8dd3f8c7ad33f7c741e3c8cb0c63f947494628c065f7369676d6194680b68114308862540600600a43f94869452948c025f44944e8c025f42944e8c075f626f756e647394682f68314b008594683387945294284b014b0c4b02869468398943c00,000000000000000000000000000f03f0000000000000000000000000000f03f0000000000000000000000000000f03f0000000000000000000000000000f03f0000000000000000000000000000f03f0000000000000000000000000000f03f0000000000000000000000000000f03f0000000000000000000000000000f03f0000000000000000000000000000f03f0000000000000000000000000000f03f0000000000000000000000000000f03f0000000000000000000000000000f03f947494628c115f6e5f6d61785f726573616d706c696e67944b788c025f67944b238c095f6c725f616461707494898c065f616c70686194473ff66666666666668c0a5f626574615f6d65616e94473fb999999999999a8c0b5f626574615f5369676d6194473f9eb851eb851eb88c065f67616d6d6194473fb999999999999a8c065f456d65616e94682f68314b008594683387945294284b014b0c4b0186946839894360000000000000000000000000000000000000000000000000000000000000000000000000000000000000000000000000000000000000000000000000000000000000000000000000000000000000000000000000000000000000000000000000947494628c075f455369676d6194682f68314b008594683387945294284b014b904b018694683989428004000000000000000000000000000000000000000000000000000000000000000000000000000000000000000000000000000000000000000000000000000000000000000000000000000000000000000000000000000000000000000000000000000000000000000000000000000000000000000000000000000000000000000000000000000000000000000000000000000000000000000000000000000000000000000000000000000000000000000000000000000000000000000000000000000000000000000000000000000000000000000000000000000000000000000000000000000000000000000000000000000000000000000000000000000000000000000000000000000000000000000000000000000000000000000000000000000000000000000000000000000000000000000000000000000000000000000000000000000000000000000000000000000000000000000000000000000000000000000000000000000000000000000000000000000000000000000000000000000000000000000000000000000000000000000000000000000000000000000000000000000000000000000000000000000000000000000000000000000000000000000000000000000000000000000000000000000000000000000000000000000000000000000000000000000000000000000000000000000000000000000000000000000000000000000000000000,0000000000000000000000000000000000000000000000000000000000000000000000000000000000000000000000000000000000000000000000000000000000000000000000000000000000000000000000000000000000000000000000000000000000000000000000000000000000000000000000000000000000000000000000000000000000000000000000000000000000000000000000000000000000000000000000000000000000000000000000000000000000000000000000000000000000000000000000000000000000000000000000000000000000000000000000000000000000000000000000000000000000000000000000000000000000000000000000000000000000000000000000000000000000000000000000000000000000000000000000000000000000000000000000000000000000000000000000000000000000000000000000000000000000000000000000000000000000000000000000000000000000000000000000000000000000000000000000000000000000000000000000000000000000000000000000000000000000000000000000000000000000000000000000000000000000000000000000000000000000000000000000000000000000000000000000000000000000000000000000000000000000000000000000000000000000000000000000000000000000000000000000000000000000000000000000000000000000000000000000000000000000000000000000000000000000000000000000000000000000000000000000000000000000000000000000000000000000000000000000000000000000000000000000000000000000000000000000000000947494628c065f566d65616e944700000000000000008c075f565369676d61944700000000000000008c095f6574615f6d65616e94473ff00000000000008c0a5f6574615f5369676d6194473ff00000000000008c055f746f6c7894680b6811430816383daccc74473d94869452948c075f746f6c787570944740c38800000000008c075f746f6c66756e94473d719799812dea118c105f746f6c636f6e646974696f6e636f76944742d6bcc41e9000008c0d5f66756e686973745f7465726d944b2b8c0f5f66756e686973745f76616c75657394682f68314b008594683387945294284b014b56859468398942b0020000010000000000000060dc6f62fd7f000086f09eed6c324540cc84085bea774640bcaa809ce0d44440707510f8e58c4640f60157ab10044540eefa3f03e01e4640b2a08e4a68d54440e2e86af73b90454086155937a6ed44402246245bea7746400025072e5ec64440728cee09aee745407e5b77c2bde64440d8748de672444640302071352ee94440120d3f5aea7746408a55a55975d1444094468,acb223f4540846eb32b3bdb4440441913d44c6d4540903b9df2129c4440b8392c10f5454540dc125e4bd99d444058faff5aea774640cc9e3a029ab144408ee69595cf854540862ffb18bfa04440109d6e5dfea84540e261f0a0e2a4444068f26b22ca014540be98333e2bab4440ec10990389f1444086a3031cc7a44440c42f775c9df245405cb1856eeca24440c8b3beadc1f94540d2a6567059b144405c761e35d20c4540986fa557c5a24440d480f82a3ee14440e2b901e0848a4440b09fe848b1ff4440b6c7877bb0924440061fe1894ffa4440904fba85898c4440eed16240cbde4440ee93b5b888974440f4e2145cea77464090b84ec7b0954440aa3f135bea7746404c40497381824440ba2ef35aea774640c2d8bbc6ca824440ca6bcb5bea774640181fd92d5b8c4440e8bd4e5bea7746402eb779ab4a8d4440588ba25bea77464082ea3a26b08f44404859317546af4440401d7f4a4a874440b222c35bea774640163d1a3f068b44405466165bea774640726e6247d1884440008cf95aea774640f856697d558744409634776468af44403e09331784894440ecb55660374f45407574696f6e2e0a0a2020202020202020e08c5b86d0010000a0955b86d001000030846086d001000050b05b86d001000040176086d0010000b0846086d001000030856086d001000060895b86d0010000b0856086d001000030866086d0010000d09e5b86d0010000b0006086d0010000947494628c055f635f316494682f68314b008594683387945294284b014b4e859468118942700200006be0a37e9a90eb3f66835edd5344843fd22d18d57494973f38423b9cacada0bf5ec3517dc1a9c0bf9ce173ac64ffbabf1c43d890e468c83f15f7432bbeb3b63fb895eb6032f3823f1233ff2d10f9a7bf668f143ca23ca33f9e4571dc702895bf75c46ba472c3e73f6c3dee57f10ea13f1a85c4ad6ac2673f583a2743b05b51bfdceedadf5f66bbbfeeab6300916fb3bfce56bf5d874791bff639aee71fe38f3fa07ea035dd7ab33f301de60fd680ba3f9e2ad47798667b3f97d9fbfa6adee53fcba8a723c0ecc2bfbbe72194f5bdc9bf65db98b6fd889f3f5e16be87f6a1c2bfdd000b014a08ba3feabd4a9d5f2ab13f3ae1da98e574a3bf2bed0b7564e19e3f2af87b843a42ad3f71faaf515286e13f23b602041aafb5bf52ca7086a87cbd3f537f9c7295df9b3fc4219844259993bf509baaa7970994bf1c702fa2d434a8bfee063ae3a84fa1bf5c0d23fe5d92acbfde2845fba1cde23f67e596845b77b43f7575fd6366aabe3f0c82819ac2e9a4bf2851c23b8139b3bf07534fe46166c03fa09c316e6965413fd5012174a445b2bf42b4fefa24fee73f8be566314491a73f83310c58bc14a33f097e914b40d6b43f399fbb1d0cacbf3f76c8d47dd07dbcbf,dbff080ed15cb5bf8c7996e3e354f23f1f668ce20d56b7bf3cd415d4fa27c6bf99398c2f6f63c13f98e82fafbeafac3f4afcc60b0891b43facff4eea3515e73f1aff30fec1c9b73fce1504746bba823fb3737eb81a25c0bfd8ef20fbd483c03f47879177b7d0ec3f02c5fff60f3bbfbf7dbfbb592239c2bf504dad455536bf3fba4c8e12aef6ed3f8cf3bbfec51bafbffc08438dbdafccbff684fcf76147ed3ffacbb4fb0ae4a5bfd226aa499b17e83f9474946275622e,PRUNED
