,number,value,datetime_start,datetime_complete,duration,params_highPt.rA2,params_highPt.rL1,params_highPt.rL2,params_highPt.rL3,params_highPt.x2,params_highPt.y2,params_lowPt.rA2,params_lowPt.rL1,params_lowPt.rL2,params_lowPt.rL3,params_lowPt.x2,params_lowPt.y2,user_attrs_prune,system_attrs_cma:generation,system_attrs_cma:optimizer:0,system_attrs_cma:optimizer:1,system_attrs_cma:optimizer:2,system_attrs_cma:optimizer:3,system_attrs_cma:optimizer:4,state
686,686,41.19389944312951,2026-05-12 21:02:52.284441,2026-05-12 21:03:09.742752,0 days 00:00:17.458311,-38.48079770408156,40.03316203361108,24.373290288469697,51.550673968824185,59.178981856252996,70.60347401421224,-30.2013500344693,70.38892126370916,51.8928572195666,84.76966551691021,18.43372751734416,17.18063801248048,,38.0,800495a6100000000000008c0a636d6165732e5f636d61948c03434d419493942981947d94288c065f6e5f64696d944b0c8c085f706f7073697a65944b0b8c035f6d75944b058c075f6d755f656666948c166e756d70792e5f636f72652e6d756c74696172726179948c067363616c61729493948c056e756d7079948c0564747970659493948c02663894898887945294284b038c013c944e4e4e4affffffff4affffffff4b007494624308e9e8100774510b4094869452948c035f636394680b681143083e6c7d43b18cd03f94869452948c035f633194680b681143089fc67c4e93b7863f94869452948c045f636d7594680b68114308b90fbeb98d89913f94869452948c085f635f7369676d6194680b681143088289198da8f9d03f94869452948c085f645f7369676d6194680b68114308606246236a3ef43f94869452948c035f636d944b018c065f6368695f6e9447400b25064571943c8c085f776569676874739468098c0c5f7265636f6e737472756374949394680c8c076e6461727261799493944b0085944301629487945294284b014b0b8594680e8c02663894898887945294284b0368124e4e4e4affffffff4affffffff4b00749462894358538e214ba67ddb3f2c5e47761ddbd03f4c60b4a91145c53f18b8b48552e2b83f8daa7d42f660a63f00000000000000009bd0b4761a8dc0bf5806fa0273e3cebff539783e76c4d5bfddd50bc2786cdbbf0820f98e2d45e0bf947494628c085f705f7369676d6194682f68314b008594683387945294284b014b0c859468118943604191697509cbccbf19978cef0622e6bfdee0c138445ccc3f285eb715590df0bfef30c8f775a6e93f7cea57e0d5d5b33f18e6c7486513b7bfc8b70cf01409f03f9236ae10a218f33f12f707911691e73fd04af265383affbf292f41781821fa3f947494628c035f706394682f68314b008594683387945294284b014b0c85946811894360fa6fa400a4bcd4bf56b9c6758ac6e4bfe2544752ace6d33fb61e71f07e2aeabf48173e676ab5df3f95fa156ec0face3f2c879df516e3c4bfc3e9dd4ebcecf13f724d21bcd1dbf53f7862e72bb93fde3f8925f2ac81af00c011ba6dbd3bf9f63f947494628c055f6d65616e94682f68314b008594683387945294284b014b0c85946839894360d1182e679233e83f175c6f91a75fd53fc709af8acf2ac73f1992b33ea8f2dc3fe4a48a3371d3e93f6a87c3b2c5a4ee3f295ffe131e15ec3f55b4b78522aae33fae8f46acd50de13f35104a0e79afe93febcf19e5441ed03f778ea3db9579cc3f947494628c065f7369676d6194680b681143085aec736b4d25a43f94869452948c025f44944e8c025f42944e8c075f626f756e647394682f68314b008594683387945294284b014b0c4b02869468398943c00,000000000000000000000000000f03f0000000000000000000000000000f03f0000000000000000000000000000f03f0000000000000000000000000000f03f0000000000000000000000000000f03f0000000000000000000000000000f03f0000000000000000000000000000f03f0000000000000000000000000000f03f0000000000000000000000000000f03f0000000000000000000000000000f03f0000000000000000000000000000f03f0000000000000000000000000000f03f947494628c115f6e5f6d61785f726573616d706c696e67944b788c025f67944b268c095f6c725f616461707494898c065f616c70686194473ff66666666666668c0a5f626574615f6d65616e94473fb999999999999a8c0b5f626574615f5369676d6194473f9eb851eb851eb88c065f67616d6d6194473fb999999999999a8c065f456d65616e94682f68314b008594683387945294284b014b0c4b0186946839894360000000000000000000000000000000000000000000000000000000000000000000000000000000000000000000000000000000000000000000000000000000000000000000000000000000000000000000000000000000000000000000000000947494628c075f455369676d6194682f68314b008594683387945294284b014b904b018694683989428004000000000000000000000000000000000000000000000000000000000000000000000000000000000000000000000000000000000000000000000000000000000000000000000000000000000000000000000000000000000000000000000000000000000000000000000000000000000000000000000000000000000000000000000000000000000000000000000000000000000000000000000000000000000000000000000000000000000000000000000000000000000000000000000000000000000000000000000000000000000000000000000000000000000000000000000000000000000000000000000000000000000000000000000000000000000000000000000000000000000000000000000000000000000000000000000000000000000000000000000000000000000000000000000000000000000000000000000000000000000000000000000000000000000000000000000000000000000000000000000000000000000000000000000000000000000000000000000000000000000000000000000000000000000000000000000000000000000000000000000000000000000000000000000000000000000000000000000000000000000000000000000000000000000000000000000000000000000000000000000000000000000000000000000000000000000000000000000000000000000000000000000000000000000000000000000000,0000000000000000000000000000000000000000000000000000000000000000000000000000000000000000000000000000000000000000000000000000000000000000000000000000000000000000000000000000000000000000000000000000000000000000000000000000000000000000000000000000000000000000000000000000000000000000000000000000000000000000000000000000000000000000000000000000000000000000000000000000000000000000000000000000000000000000000000000000000000000000000000000000000000000000000000000000000000000000000000000000000000000000000000000000000000000000000000000000000000000000000000000000000000000000000000000000000000000000000000000000000000000000000000000000000000000000000000000000000000000000000000000000000000000000000000000000000000000000000000000000000000000000000000000000000000000000000000000000000000000000000000000000000000000000000000000000000000000000000000000000000000000000000000000000000000000000000000000000000000000000000000000000000000000000000000000000000000000000000000000000000000000000000000000000000000000000000000000000000000000000000000000000000000000000000000000000000000000000000000000000000000000000000000000000000000000000000000000000000000000000000000000000000000000000000000000000000000000000000000000000000000000000000000000000000000000000000000000000947494628c065f566d65616e944700000000000000008c075f565369676d61944700000000000000008c095f6574615f6d65616e94473ff00000000000008c0a5f6574615f5369676d6194473ff00000000000008c055f746f6c7894680b6811430816383daccc74473d94869452948c075f746f6c787570944740c38800000000008c075f746f6c66756e94473d719799812dea118c105f746f6c636f6e646974696f6e636f76944742d6bcc41e9000008c0d5f66756e686973745f7465726d944b2b8c0f5f66756e686973745f76616c75657394682f68314b008594683387945294284b014b56859468398942b0020000010000000000000060dc6f62fd7f000086f09eed6c324540cc84085bea774640bcaa809ce0d44440707510f8e58c4640f60157ab10044540eefa3f03e01e4640b2a08e4a68d54440e2e86af73b90454086155937a6ed44402246245bea7746400025072e5ec64440728cee09aee745407e5b77c2bde64440d8748de672444640302071352ee94440120d3f5aea7746408a55a55975d1444094468,acb223f4540846eb32b3bdb4440441913d44c6d4540903b9df2129c4440b8392c10f5454540dc125e4bd99d444058faff5aea774640cc9e3a029ab144408ee69595cf854540862ffb18bfa04440109d6e5dfea84540e261f0a0e2a4444068f26b22ca014540be98333e2bab4440ec10990389f1444086a3031cc7a44440c42f775c9df245405cb1856eeca24440c8b3beadc1f94540d2a6567059b144405c761e35d20c4540986fa557c5a24440d480f82a3ee14440e2b901e0848a4440b09fe848b1ff4440b6c7877bb0924440061fe1894ffa4440904fba85898c4440eed16240cbde4440ee93b5b888974440f4e2145cea77464090b84ec7b0954440aa3f135bea7746404c40497381824440ba2ef35aea774640c2d8bbc6ca824440ca6bcb5bea774640181fd92d5b8c4440e8bd4e5bea7746402eb779ab4a8d4440588ba25bea77464082ea3a26b08f44404859317546af4440401d7f4a4a874440b222c35bea774640163d1a3f068b44405466165bea774640726e6247d1884440008cf95aea774640f856697d558744409634776468af44403e09331784894440ecb55660374f4540a0e1a94143854440a62b275aea774640f062ea6784894440c2a4735bea774640b28f2702337d4440e64b9b65f7a6444040176086d0010000b0846086d001000030856086d001000060895b86d0010000b0856086d001000030866086d0010000d09e5b86d0010000b0006086d0010000947494628c055f635f316494682f68314b008594683387945294284b014b4e859468118942700200009b14daba32c4ea3f337941b105c182bf9b256eb1987c933fec71514199daa8bf0a2e61ec61e2bebf714b2ec9c239b9bf92f1d2c7d1b1c33f2023a5d90875bb3f90401bc40e3c92bfb786220ec348b0bf2cb06c2506c49f3f7ecf664883f2a3bfbbfa1afc45a7e83f9b57cfff65019d3f10f39aaafbc075bf9cad481f9049663f3aa84fc6733bb3bf433488c823baacbf5814796f7a1ba9bf309ca77798209abf6a29c96e94ddb53ffeebdd86513fc93f1353f8617b1d8bbf55cf7bf84c5ee43fe290d5d66d58c5bf2b6e21bd598ec9bfec45030037b29c3f90ee7571ef34c9bf011548d5405ac13f5d04c2f03bafc33feb622f2f586ba6bf816202712ebe99bf2835be211039c03f99f142962275e13f76b134531a3db0bf16007825e5a9c13fd9d4cc892b61b43fd6589e96f8a1afbf5e778a22370ab6bfe19bb05140849bbfa00ea5446d5a683ff01c9cd42b0ab4bf18e1bf7229a3e13fef7e68e468c8b43ff9d39223f608c33f76139a3fd3edb2bf1ba4439c24c0b1bfff392e7362dcbb3f665dec1af9705a3fab9b3e07cb74b5bfd347b25b7401e73fb4e61a9a60f1bb3ffd30866fecc07dbf45477833be60b23fb4b6d058fdaac03f77d0793903e2b3bf,99369d179508b9bf44b0e0bc88c9f13f1f9625732f69c3bf5662f141d2dfd0bf2cf0eb8b6ee1c43f4806b053d953903f0ac9117d785d773ff95131ccb88be83ffcb302d80677c83f0d8ce9888c8f94bf628a80536082c7bfef0cb44aa13fc63f10f70753472af13f367405c0d559c0bf31f9aeae0e55c7bffd4c3379717ccd3f1385b169b787ec3f1b29afa2a9f1b1bfbb5f64b12b0fcfbffe67d61df5abf03f68e592c98db1bbbfd54168564ac2e93f9474946275622e,COMPLETE
687,687,140.0,2026-05-12 21:03:11.225717,2026-05-12 21:03:11.492803,0 days 00:00:00.267086,-39.01509603087803,44.247268301068516,25.30122211094907,50.19086343782624,59.706530971014054,72.52777375311129,-27.216528007197333,59.83882090265018,57.04538455730813,82.78198435587946,19.886932494530132,15.44435564889301,Unfeasible shape,38.0,,,,,,PRUNED
688,688,41.151713073771845,2026-05-12 21:03:11.715631,2026-05-12 21:03:31.125315,0 days 00:00:19.409684,-35.562467035672654,39.53948924969438,25.403895497224884,52.647432657378005,58.694361802232024,73.26519979763516,-26.601694997163555,62.09319409586814,58.896409058512084,84.65406767599119,18.874353239915095,17.219170651541265,,38.0,,,,,,COMPLETE
689,689,140.0,2026-05-12 21:03:32.612567,2026-05-12 21:03:32.868147,0 days 00:00:00.255580,-35.849383560633434,39.62752709661795,25.014817129094467,51.00307122007562,62.892658104753544,72.5903540166717,-27.062696513623585,65.45992952364742,57.2643061074081,82.75557442230303,21.907289771416398,18.517513288568107,Unfeasible shape,38.0,,,,,,PRUNED
690,690,140.0,2026-05-12 21:03:33.082242,2026-05-12 21:03:33.347832,0 days 00:00:00.265590,-33.61136172811543,42.491823127793886,25.36435127814879,48.28986508165442,65.77221748324818,71.66974068157066,-27.03379502755974,64.45457090896686,57.320662058837144,83.73361603027213,16.12167562474658,20.028505160111838,Unfeasible shape,38.0,,,,,,PRUNED
691,691,140.0,2026-05-12 21:03:33.546889,2026-05-12 21:03:33.819522,0 days 00:00:00.272633,-32.15936402698313,44.264994238470024,21.980363204285926,53.68393754865516,63.91517807864771,72.7069526546855,-26.809059088550875,66.11997007343976,53.823190609144234,83.39425087093522,17.74003833695337,16.61985545423369,Unfeasible shape,38.0,,,,,,PRUNED
692,692,140.0,2026-05-12 21:03:34.013671,2026-05-12 21:03:34.276722,0 days 00:00:00.263051,-34.16930456876547,38.09479718360299,29.668533709483317,48.785092718427535,59.78000367467098,73.59770027185024,-26.696688654781155,64.8413129795532,56.56364429139113,86.7135184727062,21.04284861889419,15.655109382858022,Unfeasible shape,38.0,,,,,,PRUNED
693,693,140.0,2026-05-12 21:03:34.467510,2026-05-12 21:03:34.736780,0 days 00:00:00.269270,-38.76871833917717,44.88522859341345,24.391146659218126,48.483017077667945,63.42242693320976,69.68871357694688,-27.260241548024553,61.8557817761627,55.7311974268607,84.71166508486549,20.298418379878743,16.67037357363941,Unfeasible shape,38.0,,,,,,PRUNED
694,694,140.0,2026-05-12 21:03:34.942487,2026-05-12 21:03:35.217763,0 days 00:00:00.275276,-35.625995032115604,39.175656676547604,29.512626250211174,52.14799456044694,63.266550067133025,70.4224961888331,-27.249272625915694,66.12167773132362,56.84345445196633,84.28596139531132,19.22640832337775,15.566084742361298,Unfeasible shape,38.0,,,,,,PRUNED
695,695,140.0,2026-05-12 21:03:35.429553,2026-05-12 21:03:36.356893,0 days 00:00:00.927340,-33.9530920271048,42.22931318087768,22.307715042185713,51.02583606463557,65.4518980391543,72.7415945622136,-28.836327533834577,71.41584518548814,57.686919025719575,82.4157709966488,17.498248603245973,13.702003869314193,Unfeasible shape,38.0,,,,,,PRUNED
696,696,140.0,2026-05-12 21:03:36.566276,2026-05-12 21:03:36.841614,0 days 00:00:00.275338,-33.09032234412848,42.90601192032952,31.745933969547398,45.9104579431689,58.71957353741873,70.98760175140784,-29.76971596639742,66.72855353253173,57.304430912094304,86.06261177877836,17.702695510272807,17.98914733867634,Unfeasible shape,38.0,,,,,,PRUNED
697,697,41.1466140244809,2026-05-12 21:03:37.043845,2026-05-12 21:03:56.548795,0 days 00:00:19.504950,-33.990830224661465,34.6557973692799,22.133700617278237,52.36915106586937,61.02249943225602,72.08554190945075,-24.350006229205924,61.91035605559011,56.6780954040514,78.2985791161284,22.214403091022238,13.68047650726735,,38.0,,,,,,COMPLETE
698,698,140.0,2026-05-12 21:03:58.185496,2026-05-12 21:03:58.440101,0 days 00:00:00.254605,-35.86659488114416,41.50159003811936,28.818940330981896,47.34185056937032,59.58865751259525,68.95773040736417,-32.58033633546267,67.51638348622029,54.266182585433484,83.39628559343313,21.137149819770443,17.483984329230452,Unfeasible shape,38.0,,,,,,PRUNED
699,699,41.08103523614241,2026-05-12 21:03:58.650803,2026-05-12 21:04:18.471029,0 days 00:00:19.820226,-33.536209601528185,39.36891071275639,24.301223960252443,53.86383933145289,60.495197966167154,73.11080135765103,-27.742106453829834,68.99502018275533,52.74138510466371,81.58915237436081,19.5098540327858,16.71733039209228,,38.0,,,,,,COMPLETE
700,700,140.0,2026-05-12 21:04:20.063952,2026-05-12 21:04:20.339853,0 days 00:00:00.275901,-29.2399655751844,37.3249762226511,26.887967298683538,47.59447803220927,57.85871123463858,72.60198261180022,-28.362058821010145,62.410466901550365,57.388883862552085,84.32373564905488,22.00048204928759,13.682941854705929,Unfeasible shape,38.0,,,,,,PRUNED
701,701,41.323270474101164,2026-05-12 21:04:20.576216,2026-05-12 21:04:37.845516,0 days 00:00:17.269300,-36.90186218505457,40.38916888278231,26.876831367279973,53.04058578249585,54.39463013132908,74.5553079329779,-27.34033070699241,67.56505557193793,57.07790806578485,82.55638669532347,19.084815212585198,18.096121726249766,,38.0,,,,,,COMPLETE
702,702,41.242980901068265,2026-05-12 21:04:39.359376,2026-05-12 21:04:59.435001,0 days 00:00:20.075625,-36.33691877858148,37.908280295037684,19.13828962706841,51.3775755118196,62.69926965503899,72.55196714325531,-28.574601790544413,67.52006945308274,55.930617024996906,86.37874569314602,17.08543312126328,19.2074866322918,,38.0,,,,,,COMPLETE
703,703,140.0,2026-05-12 21:05:01.167958,2026-05-12 21:05:01.462288,0 days 00:00:00.294330,-35.93470104045315,36.85647486131841,26.5366159772753,49.72584589964459,61.57824764252853,70.80635360582504,-28.528774145490736,64.28268195950162,59.49406259897556,81.48588568297558,18.53912136259243,15.028154292154792,Unfeasible shape,38.0,,,,,,PRUNED
704,704,44.936839353847205,2026-05-12 21:05:01.689568,2026-05-12 21:05:19.403525,0 days 00:00:17.713957,-37.524311385258386,42.32430287150066,27.30497603153428,51.4791175452205,61.48404600329511,72.69500079972877,-26.25540645715801,64.08986884512659,58.05918630197459,85.4372063630411,18.91629955492228,14.29769971834061,,38.0,,,,,,COMPLETE
705,705,41.07609838342266,2026-05-12 21:05:20.944701,2026-05-12 21:05:38.135202,0 days 00:00:17.190501,-33.8762001618584,40.23237185283172,25.828746525162146,47.77977972834205,60.188592843863205,66.00845795376618,-29.519260071124663,60.91396551070675,64.42104256173816,78.21227856639236,21.438388240487345,19.75470189172279,,38.0,,,,,,COMPLETE
706,706,140.0,2026-05-12 21:05:39.699659,2026-05-12 21:05:39.967243,0 days 00:00:00.267584,-35.37388949914293,40.662276401258524,24.997341436014533,52.04368130495541,59.52553214447089,70.90523957026727,-28.306621277793575,67.77039555617935,50.597548921790725,83.52805587238248,17.78090677145335,10.372241926567781,Unfeasible shape,38.0,,,,,,PRUNED
707,707,41.08529501875718,2026-05-12 21:05:40.176314,2026-05-12 21:05:59.727992,0 days 00:00:19.551678,-35.135222845117426,39.14519008476098,29.18826077752758,53.069160882767044,57.96366842629999,71.06604289502592,-25.650028263029178,68.3935948233653,55.0952170326927,82.68682531029698,15.277530700657907,11.098442520604308,,38.0,,,,,,COMPLETE
708,708,41.12991307824045,2026-05-12 21:06:01.332877,2026-05-12 21:06:15.944415,0 days 00:00:14.611538,-34.124097291309894,47.702813798213135,22.946004250874893,53.43230675644877,60.350196569764364,69.25818944700622,-26.520948131379946,58.038331777669946,59.2527778650391,78.73323874541798,19.446964411376896,17.465120956923425,,38.0,,,,,,COMPLETE
709,709,41.11061101081138,2026-05-12 21:06:17.469815,2026-05-12 21:06:34.765491,0 days 00:00:17.295676,-35.06448597387386,41.91478873171465,25.713030732930225,53.89154878054637,58.79212357562455,70.56815193094653,-27.85364231852968,73.36909173588285,55.88682565804904,79.60529070964081,18.358798039506325,18.64784771902924,,38.0,,,,,,COMPLETE
