,number,value,datetime_start,datetime_complete,duration,params_highPt.rA2,params_highPt.rL1,params_highPt.rL2,params_highPt.rL3,params_highPt.x2,params_highPt.y2,params_lowPt.rA2,params_lowPt.rL1,params_lowPt.rL2,params_lowPt.rL3,params_lowPt.x2,params_lowPt.y2,user_attrs_prune,system_attrs_cma:generation,system_attrs_cma:optimizer:0,system_attrs_cma:optimizer:1,system_attrs_cma:optimizer:2,system_attrs_cma:optimizer:3,system_attrs_cma:optimizer:4,state
190,190,41.83527598448475,2026-05-12 19:32:53.873700,2026-05-12 19:33:10.602827,0 days 00:00:16.729127,-31.319569143793906,44.20153202711704,14.07602387948928,53.4055124121216,53.70593032656788,52.10620649402341,-36.520011473597116,78.12815260947568,69.66737934460696,86.25667308356249,0.510333955832571,29.38213709423798,,12.0,800495a6100000000000008c0a636d6165732e5f636d61948c03434d419493942981947d94288c065f6e5f64696d944b0c8c085f706f7073697a65944b0b8c035f6d75944b058c075f6d755f656666948c166e756d70792e5f636f72652e6d756c74696172726179948c067363616c61729493948c056e756d7079948c0564747970659493948c02663894898887945294284b038c013c944e4e4e4affffffff4affffffff4b007494624308e9e8100774510b4094869452948c035f636394680b681143083e6c7d43b18cd03f94869452948c035f633194680b681143089fc67c4e93b7863f94869452948c045f636d7594680b68114308b90fbeb98d89913f94869452948c085f635f7369676d6194680b681143088289198da8f9d03f94869452948c085f645f7369676d6194680b68114308606246236a3ef43f94869452948c035f636d944b018c065f6368695f6e9447400b25064571943c8c085f776569676874739468098c0c5f7265636f6e737472756374949394680c8c076e6461727261799493944b0085944301629487945294284b014b0b8594680e8c02663894898887945294284b0368124e4e4e4affffffff4affffffff4b00749462894358538e214ba67ddb3f2c5e47761ddbd03f4c60b4a91145c53f18b8b48552e2b83f8daa7d42f660a63f00000000000000009bd0b4761a8dc0bf5806fa0273e3cebff539783e76c4d5bfddd50bc2786cdbbf0820f98e2d45e0bf947494628c085f705f7369676d6194682f68314b008594683387945294284b014b0c85946811894360400540c15d80b1bf3da12d4cf1a6f7bf6585ea44ebaeefbfac966903dde7f7bfe22d1d7722fffd3fbffa7d2eb033eb3fa61918c7f5ecd23f7ca897c567f3f0bfee570f8c0d37cdbfa663e5cc776eff3fd2b0d046bc12debf1a3597aa44f0fcbf947494628c035f706394682f68314b008594683387945294284b014b0c85946811894360b5dc4d903bbcc6bf44b1bc097cd7f9bf56a055f722bcebbf9f8d83bb155ff2bf8a20c66c637aff3f91aa76c61568ef3f308340bf6209d33f3a17f296ba5aedbf4c9d6b508a25cabf5d83ca6a384f0140ec662e4d7797e1bff91f2a1bc803fdbf947494628c055f6d65616e94682f68314b008594683387945294284b014b0c85946839894360f71d41f61121e73f19966ffa9461d23f80b18b594900d03f7ed0c51ca170db3f84e00d6adf85e53f87242a9787feeb3f9612d0e8cb03e43fc75efb1754b2e23fb82d28f34195e13f63dc8e273d77ed3f9c203f011681cf3f132f326e001ac93f947494628c065f7369676d6194680b68114308abb2e2339a5fbe3f94869452948c025f44944e8c025f42944e8c075f626f756e647394682f68314b008594683387945294284b014b0c4b02869468398943c00,000000000000000000000000000f03f0000000000000000000000000000f03f0000000000000000000000000000f03f0000000000000000000000000000f03f0000000000000000000000000000f03f0000000000000000000000000000f03f0000000000000000000000000000f03f0000000000000000000000000000f03f0000000000000000000000000000f03f0000000000000000000000000000f03f0000000000000000000000000000f03f0000000000000000000000000000f03f947494628c115f6e5f6d61785f726573616d706c696e67944b788c025f67944b0c8c095f6c725f616461707494898c065f616c70686194473ff66666666666668c0a5f626574615f6d65616e94473fb999999999999a8c0b5f626574615f5369676d6194473f9eb851eb851eb88c065f67616d6d6194473fb999999999999a8c065f456d65616e94682f68314b008594683387945294284b014b0c4b0186946839894360000000000000000000000000000000000000000000000000000000000000000000000000000000000000000000000000000000000000000000000000000000000000000000000000000000000000000000000000000000000000000000000000947494628c075f455369676d6194682f68314b008594683387945294284b014b904b018694683989428004000000000000000000000000000000000000000000000000000000000000000000000000000000000000000000000000000000000000000000000000000000000000000000000000000000000000000000000000000000000000000000000000000000000000000000000000000000000000000000000000000000000000000000000000000000000000000000000000000000000000000000000000000000000000000000000000000000000000000000000000000000000000000000000000000000000000000000000000000000000000000000000000000000000000000000000000000000000000000000000000000000000000000000000000000000000000000000000000000000000000000000000000000000000000000000000000000000000000000000000000000000000000000000000000000000000000000000000000000000000000000000000000000000000000000000000000000000000000000000000000000000000000000000000000000000000000000000000000000000000000000000000000000000000000000000000000000000000000000000000000000000000000000000000000000000000000000000000000000000000000000000000000000000000000000000000000000000000000000000000000000000000000000000000000000000000000000000000000000000000000000000000000000000000000000000000000,0000000000000000000000000000000000000000000000000000000000000000000000000000000000000000000000000000000000000000000000000000000000000000000000000000000000000000000000000000000000000000000000000000000000000000000000000000000000000000000000000000000000000000000000000000000000000000000000000000000000000000000000000000000000000000000000000000000000000000000000000000000000000000000000000000000000000000000000000000000000000000000000000000000000000000000000000000000000000000000000000000000000000000000000000000000000000000000000000000000000000000000000000000000000000000000000000000000000000000000000000000000000000000000000000000000000000000000000000000000000000000000000000000000000000000000000000000000000000000000000000000000000000000000000000000000000000000000000000000000000000000000000000000000000000000000000000000000000000000000000000000000000000000000000000000000000000000000000000000000000000000000000000000000000000000000000000000000000000000000000000000000000000000000000000000000000000000000000000000000000000000000000000000000000000000000000000000000000000000000000000000000000000000000000000000000000000000000000000000000000000000000000000000000000000000000000000000000000000000000000000000000000000000000000000000000000000000000000000000947494628c065f566d65616e944700000000000000008c075f565369676d61944700000000000000008c095f6574615f6d65616e94473ff00000000000008c0a5f6574615f5369676d6194473ff00000000000008c055f746f6c7894680b6811430816383daccc74473d94869452948c075f746f6c787570944740c38800000000008c075f746f6c66756e94473d719799812dea118c105f746f6c636f6e646974696f6e636f76944742d6bcc41e9000008c0d5f66756e686973745f7465726d944b2b8c0f5f66756e686973745f76616c75657394682f68314b008594683387945294284b014b56859468398942b0020000010000000000000060dc6f62fd7f000086f09eed6c324540cc84085bea774640bcaa809ce0d44440707510f8e58c4640f60157ab10044540eefa3f03e01e4640b2a08e4a68d54440e2e86af73b90454086155937a6ed44402246245bea7746400025072e5ec64440728cee09aee745407e5b77c2bde64440d8748de672444640302071352ee94440120d3f5aea7746408a55a55975d1444094468,acb223f4540846eb32b3bdb4440441913d44c6d4540903b9df2129c4440b8392c10f5454540dc125e4bd99d444058faff5aea7746406d626572206f6620656e747269657320616c6f6e6720746865206c61737420617869730a20202020202020202020202064657465726d696e6573207468652064696d656e73696f6e616c697479206f662074686520646973747269627574696f6e2e204561636820656e747279206d7573742062650a2020202020202020202020207374726963746c7920706f7369746976652e0a20202020202020206e203a20696e74206f722061727261795f6c696b650a202020202020202020202020546865206e756d626572206f6620747269616c732e204561636820656c656d656e74206d7573742062652061207374726963746c7920706f73697469766520696e74656765722e0a0a202020202020202052657475726e730a20202020202020202d2d2d2d2d2d2d0a20202020202020206f75743a206e6461727261790a2020202020202020202020204d65616e206f662061204469726963686c6574206d756c74696e6f6d69616c20646973747269627574696f6e2e0a0a2020202020202020e08c5b86d0010000a0955b86d001000030846086d001000050b05b86d001000040176086d0010000b0846086d001000030856086d001000060895b86d0010000b0856086d001000030866086d0010000d09e5b86d0010000b0006086d0010000947494628c055f635f316494682f68314b008594683387945294284b014b4e85946811894270020000ad1ff40af586ed3fb5e85308d1e4b13f24be12669098b83f081ec8e284aa763f93b3133f88d482bfdb4de3a3714dbabf3a068487148ec13f3269ac430179c03fc886f9f4b14d9ebfb1a05f2c87fba2bf39c0eae09bf0b5bf3f84811c0ecca2bf75351d49a8a7ed3f21d625663c91a13f3876e6a585a28a3f00694ef105edbfbf291b01212f0198bf7c4500291a9aafbfa5b2b3664c42b33fe49cca60573ab2bf7098405e88bac7bfcfddb094adfda63f97cdd61c0411c03f62f6d9e50675ea3fb38e7acaaa97b7bf58f565fc859eacbf05ee0930c10f923fba36c4b0497b7a3f4ff54b4c7b1bb63fd7e114ded7839f3f3feeb3febc7fafbf588afc5b9fa79e3fa6edef3f8f2aa03fcd353149dc1ae93fdae9450fedbeb7bf700688b6b86e753f201a3db4ab6f86bfc0d1bf71102a45bfc6f106c74bbd863f008252313a2759bf4025c70230cd65bf40ceea2f2d647cbf9ca7b4c2342af03f99a030952799be3f51651342127aaa3f643604249511473f207bafc47ab271bff996c23c09f5c23f4a831bf8d3c480bf9984a8bc21ecbcbf3b858f236306eb3fd75a263bb4be983fa791d9f1f1a1a1bf151f857ec842943f3f0b3a3cb185c33f99dce3759c78adbf,78b24aabe5bbbabfa665d403bc4ff03fd0aac184b7f091bf26d24fd14a0ababfc99a45d24fccb3bf38db4e61a103a1bff650f34e07efb23faff418adeeabec3fb96175ab6b1861bf7dd774a22a83a43f43dfc697d18ba6bfc672f486e0f0943fb0ec1aff308bf03ffc5fa7b3c07b7c3f681da41969ef9ebf9979ef17df578b3f0c8cccbd0690f23f2ed7c4b89aacbfbff62a05b57c5fcdbf61fe0d1e0668ee3f3e786b04b725a93ff87b9619a9aeed3f9474946275622e,COMPLETE
191,191,42.20557425581461,2026-05-12 19:33:12.168608,2026-05-12 19:33:28.179992,0 days 00:00:16.011384,-34.55893554563622,46.991133216573004,39.9525579955699,30.225685603036375,45.287750872106145,71.17134516012824,-39.24250662538411,55.82812986754305,41.02841949598071,81.52693795933753,25.608887765189603,9.605538844856913,,12.0,,,,,,COMPLETE
192,192,42.065020704445786,2026-05-12 19:33:29.454797,2026-05-12 19:33:43.596010,0 days 00:00:14.141213,-45.596269839926,55.316149934250106,26.92870937533164,60.49206720478261,39.918035128184464,60.47173939023058,-38.33868806578597,59.36863716369739,50.53525686263221,83.22658459146665,17.795728117922664,20.044286125403612,,12.0,,,,,,COMPLETE
193,193,140.0,2026-05-12 19:33:44.941329,2026-05-12 19:33:45.201952,0 days 00:00:00.260623,-37.6565616099408,22.20094880748266,33.05280975829753,51.7919575482735,59.534413901221356,69.11882876652447,-38.33584514675173,59.313552036418145,54.244301397341445,84.46111734905857,16.247777570955595,12.17143814430661,Unfeasible shape,12.0,,,,,,PRUNED
194,194,41.8014639276748,2026-05-12 19:33:45.359067,2026-05-12 19:34:03.602849,0 days 00:00:18.243782,-39.49728076859281,29.7112648787118,32.763244472274664,64.83474381019897,46.45784615616602,62.060986990079826,-40.00665463528834,77.8895545674638,37.565645176842715,87.18549128963713,21.868721101040745,4.062244049948101,,12.0,,,,,,COMPLETE
195,195,42.032370160680216,2026-05-12 19:34:05.138601,2026-05-12 19:34:19.693553,0 days 00:00:14.554952,-48.57060581363326,50.896819428019164,31.086380098802678,48.16524438845368,43.544974157630485,55.65147493246613,-37.71324326049327,57.90671232298502,67.9429222714912,76.68676112534112,30.94418931023524,17.037186285910835,,12.0,,,,,,COMPLETE
196,196,43.045397470658926,2026-05-12 19:34:21.045634,2026-05-12 19:34:36.758362,0 days 00:00:15.712728,-34.793178879967535,42.99956070320254,24.1318142038294,31.827454068718747,47.67372753000593,63.01208203861081,-29.054964297267,88.60834948510606,55.35901627474293,74.85661448508644,14.710160636441774,15.325593323298904,,12.0,,,,,,COMPLETE
197,197,140.0,2026-05-12 19:34:38.296269,2026-05-12 19:34:38.565205,0 days 00:00:00.268936,-28.330470408096097,37.64312628197108,30.672865594644943,62.34843543323429,74.47258856359359,68.85407864273992,-34.044887542548736,60.70164585112247,67.77391524082694,87.50805948744372,20.630739009710947,6.885691976779394,Unfeasible shape,12.0,,,,,,PRUNED
198,198,42.38094624881391,2026-05-12 19:34:38.718160,2026-05-12 19:34:56.152314,0 days 00:00:17.434154,-43.517408457127665,30.827802592649785,20.868223049610076,33.21828381846532,52.9728589392245,53.32641729628109,-42.743893522292375,54.46618987383274,48.63887457131523,91.38235787188025,24.665383749675215,6.194673321716994,,12.0,,,,,,COMPLETE
199,199,41.387512472747034,2026-05-12 19:34:57.531488,2026-05-12 19:35:14.186648,0 days 00:00:16.655160,-37.14611968088872,46.73332673642671,31.382225712224155,44.09588414558079,58.34975939238989,57.55372495327028,-35.9541348048154,72.28341651434553,63.108804426284905,94.12004545039413,26.78122935507442,23.891208365431762,,12.0,,,,,,COMPLETE
200,200,140.0,2026-05-12 19:35:15.582116,2026-05-12 19:35:15.834161,0 days 00:00:00.252045,-31.58623535404957,51.226709665545535,42.060252346227195,65.17824427909149,35.840319920147394,65.65570332762319,-37.3179030084878,67.86201392032487,38.78811063681433,89.78690238396695,24.05540143533897,14.886315215132745,Unfeasible shape,12.0,,,,,,PRUNED
201,201,42.92959401388819,2026-05-12 19:35:15.994656,2026-05-12 19:35:31.583670,0 days 00:00:15.589014,-39.357898516908286,57.29051327723567,28.209020623258493,36.094791996078435,42.73238479859123,64.10148072496013,-39.58018564496431,59.344463888886246,59.610238574047486,71.96880274561005,18.495126113211903,24.260484795701633,,12.0,,,,,,COMPLETE
202,202,41.92227107798058,2026-05-12 19:35:32.913213,2026-05-12 19:35:50.000471,0 days 00:00:17.087258,-34.996258222440964,35.71307663080815,30.685511587794128,71.17811041388194,49.51483541094033,62.48198004769813,-38.40145460012645,74.84311180113885,50.482326606323255,97.68551083288669,15.89636284210774,14.182937714539927,,12.0,,,,,,COMPLETE
203,203,140.0,2026-05-12 19:35:51.504315,2026-05-12 19:35:51.782798,0 days 00:00:00.278483,-36.58258973858473,28.278190290085508,42.38203352275239,53.7081113757866,73.17805470310543,74.89244641275279,-53.41705691041172,64.24583323040066,57.423603971790115,91.08885739921905,18.83582532134742,7.45945065001637,Unfeasible shape,12.0,,,,,,PRUNED
204,204,140.0,2026-05-12 19:35:51.971906,2026-05-12 19:35:52.231838,0 days 00:00:00.259932,-29.962026526734824,29.077968681902778,39.53122243508951,53.03516693281222,49.73220216414634,74.52217266125362,-42.4853045558366,71.48889569629463,44.238020083470495,77.11405064626031,25.01674438141693,24.447168128768872,Unfeasible shape,12.0,,,,,,PRUNED
205,205,42.20434967995696,2026-05-12 19:35:52.387520,2026-05-12 19:36:06.810207,0 days 00:00:14.422687,-41.7208684878142,29.00506937023989,33.619319835751966,59.289512449320675,30.050091338739257,55.50400770328811,-37.987026619431546,59.73553319997929,56.43154681294176,99.88744977389216,24.22357325881784,13.769283506001218,,12.0,,,,,,COMPLETE
