,number,value,datetime_start,datetime_complete,duration,params_highPt.rA2,params_highPt.rL1,params_highPt.rL2,params_highPt.rL3,params_highPt.x2,params_highPt.y2,params_lowPt.rA2,params_lowPt.rL1,params_lowPt.rL2,params_lowPt.rL3,params_lowPt.x2,params_lowPt.y2,user_attrs_prune,system_attrs_cma:generation,system_attrs_cma:optimizer:0,system_attrs_cma:optimizer:1,system_attrs_cma:optimizer:2,system_attrs_cma:optimizer:3,system_attrs_cma:optimizer:4,state
956,956,41.075889157036144,2026-05-12 21:55:30.619486,2026-05-12 21:55:47.633510,0 days 00:00:17.014024,-33.813695253612224,48.21571330519359,23.029746979439892,44.63169786453863,62.77279360857395,62.55253200372077,-28.747403550912807,65.18634886975768,61.48605915265578,77.610855712288,25.46861784313956,17.6243969316925,,53.0,800495a6100000000000008c0a636d6165732e5f636d61948c03434d419493942981947d94288c065f6e5f64696d944b0c8c085f706f7073697a65944b0b8c035f6d75944b058c075f6d755f656666948c166e756d70792e5f636f72652e6d756c74696172726179948c067363616c61729493948c056e756d7079948c0564747970659493948c02663894898887945294284b038c013c944e4e4e4affffffff4affffffff4b007494624308e9e8100774510b4094869452948c035f636394680b681143083e6c7d43b18cd03f94869452948c035f633194680b681143089fc67c4e93b7863f94869452948c045f636d7594680b68114308b90fbeb98d89913f94869452948c085f635f7369676d6194680b681143088289198da8f9d03f94869452948c085f645f7369676d6194680b68114308606246236a3ef43f94869452948c035f636d944b018c065f6368695f6e9447400b25064571943c8c085f776569676874739468098c0c5f7265636f6e737472756374949394680c8c076e6461727261799493944b0085944301629487945294284b014b0b8594680e8c02663894898887945294284b0368124e4e4e4affffffff4affffffff4b00749462894358538e214ba67ddb3f2c5e47761ddbd03f4c60b4a91145c53f18b8b48552e2b83f8daa7d42f660a63f00000000000000009bd0b4761a8dc0bf5806fa0273e3cebff539783e76c4d5bfddd50bc2786cdbbf0820f98e2d45e0bf947494628c085f705f7369676d6194682f68314b008594683387945294284b014b0c85946811894360be38b02adc89ea3ff92d37583adcd63fec01ea885855c8bff1147dbcfbc9d0bff021a866dfc2ec3f7fd66422b735d2bf73210c961f11efbf90c9a809624aba3f58b51275f584e53f3288a39726afe93fb0b01829de93ac3f0587207165cbc83f947494628c035f706394682f68314b008594683387945294284b014b0c85946811894360f1fbff3dfed6e03fbc6401587b17d83f387a820dcce8bbbfb770e3dbe30cdbbf515b93b0c9ddda3fbfb10f4dd973d0bfb1b47856bee3edbf22b780398049d53f26b5f24e967eea3fa782f6d6931de43f0077db33c55a7f3f8c7543134f37a73f947494628c055f6d65616e94682f68314b008594683387945294284b014b0c85946839894360657de13abbb2e83fa4babbb3a8c9da3f3525a4edea2cc53f239927fb77a9d83f8127a22663aaea3ff2d9975d3641ec3f9ca1e0fd3ef4ea3fbbb486062c6fe33fff495f5e11aae23f503cc6f7b73ee83fa97239ff166bd63f6d189cb121abcb3f947494628c065f7369676d6194680b681143080f7033d4b98c9a3f94869452948c025f44944e8c025f42944e8c075f626f756e647394682f68314b008594683387945294284b014b0c4b02869468398943c00,000000000000000000000000000f03f0000000000000000000000000000f03f0000000000000000000000000000f03f0000000000000000000000000000f03f0000000000000000000000000000f03f0000000000000000000000000000f03f0000000000000000000000000000f03f0000000000000000000000000000f03f0000000000000000000000000000f03f0000000000000000000000000000f03f0000000000000000000000000000f03f0000000000000000000000000000f03f947494628c115f6e5f6d61785f726573616d706c696e67944b788c025f67944b358c095f6c725f616461707494898c065f616c70686194473ff66666666666668c0a5f626574615f6d65616e94473fb999999999999a8c0b5f626574615f5369676d6194473f9eb851eb851eb88c065f67616d6d6194473fb999999999999a8c065f456d65616e94682f68314b008594683387945294284b014b0c4b0186946839894360000000000000000000000000000000000000000000000000000000000000000000000000000000000000000000000000000000000000000000000000000000000000000000000000000000000000000000000000000000000000000000000000947494628c075f455369676d6194682f68314b008594683387945294284b014b904b018694683989428004000000000000000000000000000000000000000000000000000000000000000000000000000000000000000000000000000000000000000000000000000000000000000000000000000000000000000000000000000000000000000000000000000000000000000000000000000000000000000000000000000000000000000000000000000000000000000000000000000000000000000000000000000000000000000000000000000000000000000000000000000000000000000000000000000000000000000000000000000000000000000000000000000000000000000000000000000000000000000000000000000000000000000000000000000000000000000000000000000000000000000000000000000000000000000000000000000000000000000000000000000000000000000000000000000000000000000000000000000000000000000000000000000000000000000000000000000000000000000000000000000000000000000000000000000000000000000000000000000000000000000000000000000000000000000000000000000000000000000000000000000000000000000000000000000000000000000000000000000000000000000000000000000000000000000000000000000000000000000000000000000000000000000000000000000000000000000000000000000000000000000000000000000000000000000000000000,0000000000000000000000000000000000000000000000000000000000000000000000000000000000000000000000000000000000000000000000000000000000000000000000000000000000000000000000000000000000000000000000000000000000000000000000000000000000000000000000000000000000000000000000000000000000000000000000000000000000000000000000000000000000000000000000000000000000000000000000000000000000000000000000000000000000000000000000000000000000000000000000000000000000000000000000000000000000000000000000000000000000000000000000000000000000000000000000000000000000000000000000000000000000000000000000000000000000000000000000000000000000000000000000000000000000000000000000000000000000000000000000000000000000000000000000000000000000000000000000000000000000000000000000000000000000000000000000000000000000000000000000000000000000000000000000000000000000000000000000000000000000000000000000000000000000000000000000000000000000000000000000000000000000000000000000000000000000000000000000000000000000000000000000000000000000000000000000000000000000000000000000000000000000000000000000000000000000000000000000000000000000000000000000000000000000000000000000000000000000000000000000000000000000000000000000000000000000000000000000000000000000000000000000000000000000000000000000000000947494628c065f566d65616e944700000000000000008c075f565369676d61944700000000000000008c095f6574615f6d65616e94473ff00000000000008c0a5f6574615f5369676d6194473ff00000000000008c055f746f6c7894680b6811430816383daccc74473d94869452948c075f746f6c787570944740c38800000000008c075f746f6c66756e94473d719799812dea118c105f746f6c636f6e646974696f6e636f76944742d6bcc41e9000008c0d5f66756e686973745f7465726d944b2b8c0f5f66756e686973745f76616c75657394682f68314b008594683387945294284b014b56859468398942b00200001407cdf888834440660b9bf536b34440a0f1f988f48344400005635bea774640c60edda317844440d83ff559ea774640e078ae2dc9834440d8a5f05aea774640f238728f33864440e479865aea774640c056dd63f3804440dc78565bea77464054b65830628644408aa5955bea774640f22aaecc5b7f4440fa640f5aea77464014c1f90724804440ca93a35bea7746400e2826fbca81444054bc6,85bea774640acb749256b7e444042a8cb5aea774640903b9df2129c4440b8392c10f5454540dc125e4bd99d444058faff5aea774640cc9e3a029ab144408ee69595cf854540862ffb18bfa04440109d6e5dfea84540e261f0a0e2a4444068f26b22ca014540be98333e2bab4440ec10990389f1444086a3031cc7a44440c42f775c9df245405cb1856eeca24440c8b3beadc1f94540d2a6567059b144405c761e35d20c4540986fa557c5a24440d480f82a3ee14440e2b901e0848a4440b09fe848b1ff4440b6c7877bb0924440061fe1894ffa4440904fba85898c4440eed16240cbde4440ee93b5b888974440f4e2145cea77464090b84ec7b0954440aa3f135bea7746404c40497381824440ba2ef35aea774640c2d8bbc6ca824440ca6bcb5bea774640181fd92d5b8c4440e8bd4e5bea7746402eb779ab4a8d4440588ba25bea77464082ea3a26b08f44404859317546af4440401d7f4a4a874440b222c35bea774640163d1a3f068b44405466165bea774640726e6247d1884440008cf95aea774640f856697d558744409634776468af44403e09331784894440ecb55660374f4540a0e1a94143854440a62b275aea774640f062ea6784894440c2a4735bea774640b28f2702337d4440e64b9b65f7a64440160a8297bd8944409430195aea77464078c07bed588844406e7d1e5cea774640b80454cfb17f444054182c5bea77464042009a6c488144405056a65bea774640947494628c055f635f316494682f68314b008594683387945294284b014b4e85946811894270020000bc0ff9deb46be73f5344e081b56cc8bfdcb7ebc3a1b964bf0f936bd13a6c89bf449bc299c657b7bf96b5724536b397bf4ce9fa11cc76b43f4a4a88eda12dbe3ff320b9d26b64b7bf302296045026b73f43700154a8eda13f7872d2cee49bbdbf03bc6355a656ee3f68912bef7888b4bffc605ce44273bfbf15e2abd9297eb73f0c11bf9f0639ccbf3b7e1bfbb27f93bf60d5167b5252babf78085e13cdecc63f22d12e4e5e12bebf3ec2e8760375d33fa49099b3d201a93f5e9d2b455f7cdf3fc4fd7fa07e61c5bfb9b559ec9efbc8bfda913cb83e68a33ff34ce98b8513c9bf849580417a5fbb3f3910b4cba2fcbe3f30ffab4ec27a943ffb3b60068cf1b4bf3a9c0c3a854ca53f3fbc18955b9fe23f5ca6fb4ca76ab2bffe4441835032d03f2bf5028b7728c03f2e813afcb192a7bfaf9b1548542ccfbfa470af1f052ab63fd6dcd592f7ba90bffeeeb18c0682c2bf06cda868105ad73fe6a3d4976aed60bfdab6bef00d5dbe3f0b8c185a6863833fc9814965819fb2bf133e753d41ee973fe39f7b5f5190823f7133a68de4c5893f862c58670704e73faeb5de85cf2cb73f508bb779faa49e3f2403de914ad4b5bfc4c9a61adcead33f522461a6eebbc0bf,c482bcf0517ac6bfcdd91c2ec1b6f03f0b82233d7bdccbbf8ab21bdef350dbbf70aabcad8a74ab3fcf07ded36310ab3f2adb21105483a63f4c95cca4401ce73f2da8f940199ccc3fc037ae52a66bb23f3c11d44707d8c6bf1881ba17ef49ad3f9147bcbe16cbf53ff4853d23056ccabfca453475bb97b0bf058c7f73d193ca3fc86c4d8f70d8ee3feb956419e0cebabfb21e1f2d432ad6bf928089ef3ff7ee3fc90efe9ce195adbf6236a3c67f7fe83f9474946275622e,COMPLETE
957,957,40.98193667377767,2026-05-12 21:55:49.200576,2026-05-12 21:56:03.896140,0 days 00:00:14.695564,-33.01747878547506,51.14338112217722,25.094883279623687,42.8338791431245,62.48660427575449,63.7897581617282,-31.602946498394978,65.14523927952746,63.9639990825053,79.15077144280453,28.73378959590582,13.41278274381415,,53.0,,,,,,COMPLETE
958,958,41.005804883076436,2026-05-12 21:56:05.372460,2026-05-12 21:56:25.246164,0 days 00:00:19.873704,-35.06084555960425,47.1346877495754,22.752160480808822,42.990925333488256,64.72395275572543,65.169036795741,-28.350703076817716,66.10077012397511,60.6831392767653,79.91469717413561,24.127337324291673,16.66967432779161,,53.0,,,,,,COMPLETE
959,959,140.0,2026-05-12 21:56:26.903598,2026-05-12 21:56:27.174813,0 days 00:00:00.271215,-35.16794976759685,47.35752553234843,26.52566121988252,43.072914712798806,63.26638048328227,67.37846070953921,-27.60488222674296,64.05850125955527,62.33108130237751,77.15977976835335,24.54790326744085,19.62544806190779,Unfeasible shape,53.0,,,,,,PRUNED
960,960,41.00150662565564,2026-05-12 21:56:27.427242,2026-05-12 21:56:44.731845,0 days 00:00:17.304603,-35.893420100713776,49.41306812457956,25.8438972093724,44.65722527764572,62.07901658550272,67.64696722966248,-29.214600554711502,63.8929429474939,59.899439424851934,82.55719250259962,27.494511677697073,15.26408993597599,,53.0,,,,,,COMPLETE
961,961,40.989041749062764,2026-05-12 21:56:46.336807,2026-05-12 21:57:05.546264,0 days 00:00:19.209457,-34.91624098851289,47.39205325963173,26.041591096354658,46.93841436264467,61.922551369992796,69.25936591708783,-30.05525332811883,64.3619181657819,61.91673754026466,79.6773020390004,26.644432625439116,14.732452283346651,,53.0,,,,,,COMPLETE
962,962,44.936839524956014,2026-05-12 21:57:07.154031,2026-05-12 21:57:24.078454,0 days 00:00:16.924423,-35.13558673802156,47.43014698823656,25.967733816144403,44.50736572738037,62.55989715049202,67.95025365973781,-31.297604992453806,65.02387229164617,64.35392917733316,81.43080432092111,25.914683029176526,16.653237514644342,,53.0,,,,,,COMPLETE
963,963,140.0,2026-05-12 21:57:25.637170,2026-05-12 21:57:25.942041,0 days 00:00:00.304871,-35.41924609200133,47.77165315031027,23.8518900955345,47.07315185629601,60.971629052524165,68.09647429903761,-31.42664967912679,61.70949184693432,59.635206957029055,75.62974523121594,25.644021406726406,14.759715375260082,Unfeasible shape,53.0,,,,,,PRUNED
964,964,41.005587611078866,2026-05-12 21:57:26.204313,2026-05-12 21:57:41.255760,0 days 00:00:15.051447,-32.17117306526257,49.05601674917361,24.94549383452508,42.824506028301826,62.446246395560564,67.59536388929337,-27.171016702352958,65.87108304514683,59.896371500376134,84.14462293197505,27.3090662005773,11.510338427378999,,53.0,,,,,,COMPLETE
965,965,41.07208557041072,2026-05-12 21:57:42.807417,2026-05-12 21:57:59.924404,0 days 00:00:17.116987,-32.97776379440945,48.24696224004197,25.928869066090662,44.51550429614258,60.59850394013014,63.77276972093889,-28.82170572186837,62.889801383858234,65.72413571175827,80.53268239886657,26.49018130951996,16.13257482343472,,53.0,,,,,,COMPLETE
966,966,41.01338858286566,2026-05-12 21:58:01.512287,2026-05-12 21:58:16.650899,0 days 00:00:15.138612,-33.61371978707972,53.89358325473469,26.128860348361112,45.15248396902036,61.22949926987825,65.3682862992775,-32.56036259573756,69.37458826564497,63.4486791138837,77.78629504824997,26.98555688686983,16.221248472343373,,53.0,,,,,,COMPLETE
967,967,41.03592134778562,2026-05-12 21:58:18.218062,2026-05-12 21:58:37.232499,0 days 00:00:19.014437,-34.06551274817943,47.735261940239674,25.13299135156841,45.15367989427335,61.713453529239715,68.0633368182697,-29.96367421480968,69.86726186446012,64.41520082061675,83.33689986167084,25.116016284211007,16.174768114916148,,53.0,,,,,,COMPLETE
968,968,140.0,2026-05-12 21:58:38.823237,2026-05-12 21:58:39.085096,0 days 00:00:00.261859,-34.25648941756943,45.46858388978105,26.170723407167586,42.586091670583485,63.26733505537144,66.36180406500668,-31.413335201030705,65.71140190471351,61.2069962300816,78.76802608310851,26.748146172261166,17.279281163058453,Unfeasible shape,53.0,,,,,,PRUNED
969,969,140.0,2026-05-12 21:58:39.353309,2026-05-12 21:58:39.635625,0 days 00:00:00.282316,-34.48596510500822,46.195434920183565,25.215952899928602,48.3033296549332,61.628825502037486,68.16689881516444,-31.298122433689237,67.49740375429576,66.18767326673941,79.67343794515978,22.972792665990895,14.34304056259398,Unfeasible shape,53.0,,,,,,PRUNED
970,970,41.08520679984278,2026-05-12 21:58:39.981343,2026-05-12 21:58:59.179761,0 days 00:00:19.198418,-32.598345568336114,45.55048871453912,23.25856795634911,45.6738314991796,62.41607041678286,69.09697352890231,-26.89950217477101,66.08020748212928,62.23067505742547,79.23276382069108,25.60508901812231,14.254236776863737,,53.0,,,,,,COMPLETE
