,number,value,datetime_start,datetime_complete,duration,params_highPt.rA2,params_highPt.rL1,params_highPt.rL2,params_highPt.rL3,params_highPt.x2,params_highPt.y2,params_lowPt.rA2,params_lowPt.rL1,params_lowPt.rL2,params_lowPt.rL3,params_lowPt.x2,params_lowPt.y2,user_attrs_prune,system_attrs_cma:generation,system_attrs_cma:optimizer:0,system_attrs_cma:optimizer:1,system_attrs_cma:optimizer:2,system_attrs_cma:optimizer:3,system_attrs_cma:optimizer:4,state
767,767,140.0,2026-05-12 21:17:27.081405,2026-05-12 21:17:27.339978,0 days 00:00:00.258573,-37.09568572014464,49.46420131793707,22.77333191206628,44.826263095832736,65.35767302162076,68.65575555080308,-27.41113520881637,61.0250344703551,54.51641868171318,75.43528383758225,20.01467537921684,19.65973898309241,Unfeasible shape,42.0,800495a6100000000000008c0a636d6165732e5f636d61948c03434d419493942981947d94288c065f6e5f64696d944b0c8c085f706f7073697a65944b0b8c035f6d75944b058c075f6d755f656666948c166e756d70792e5f636f72652e6d756c74696172726179948c067363616c61729493948c056e756d7079948c0564747970659493948c02663894898887945294284b038c013c944e4e4e4affffffff4affffffff4b007494624308e9e8100774510b4094869452948c035f636394680b681143083e6c7d43b18cd03f94869452948c035f633194680b681143089fc67c4e93b7863f94869452948c045f636d7594680b68114308b90fbeb98d89913f94869452948c085f635f7369676d6194680b681143088289198da8f9d03f94869452948c085f645f7369676d6194680b68114308606246236a3ef43f94869452948c035f636d944b018c065f6368695f6e9447400b25064571943c8c085f776569676874739468098c0c5f7265636f6e737472756374949394680c8c076e6461727261799493944b0085944301629487945294284b014b0b8594680e8c02663894898887945294284b0368124e4e4e4affffffff4affffffff4b00749462894358538e214ba67ddb3f2c5e47761ddbd03f4c60b4a91145c53f18b8b48552e2b83f8daa7d42f660a63f00000000000000009bd0b4761a8dc0bf5806fa0273e3cebff539783e76c4d5bfddd50bc2786cdbbf0820f98e2d45e0bf947494628c085f705f7369676d6194682f68314b008594683387945294284b014b0c85946811894360514a0289733df1bf7963c8d4d95bfc3fb5a6fb6fb47fe5bff4fbdc9970d000c02443fcf67678f03fc996262191f4debfe5557bb2d6aacabfe88e7670baf6e53f625a27d7adb7f73f28ce41ea33aff2bf565d11c93c09d0bf60555dbe61c3813f947494628c035f706394682f68314b008594683387945294284b014b0c85946811894360aa94458f7d1febbfdf63d6a09333f73fbd3c522d5e37d3bf10edc92307b9f8bffe0667bbb404eb3ff230f69dc71ae3bf38c95408344ce6bfc0d32f5b5259e13f2ae1fbc0aaaaf93f856493331e3ef0bf218cc888c3aec8bfaebebd06c0c7db3f947494628c055f6d65616e94682f68314b008594683387945294284b014b0c8594683989436082025b75db74e73ffe0c5e54f732d93f724a5ed7862bc43faa9343ed5725da3f022da9889b8bea3f4b007d40b10ded3f069cb88e758deb3f8b0e43bc2192e33f68bbd8623cb6e13fa9ab6272ac9be73fc88ed7bed2e2d13f9e40e72b75decc3f947494628c065f7369676d6194680b681143083ff6128afc64a23f94869452948c025f44944e8c025f42944e8c075f626f756e647394682f68314b008594683387945294284b014b0c4b02869468398943c00,000000000000000000000000000f03f0000000000000000000000000000f03f0000000000000000000000000000f03f0000000000000000000000000000f03f0000000000000000000000000000f03f0000000000000000000000000000f03f0000000000000000000000000000f03f0000000000000000000000000000f03f0000000000000000000000000000f03f0000000000000000000000000000f03f0000000000000000000000000000f03f0000000000000000000000000000f03f947494628c115f6e5f6d61785f726573616d706c696e67944b788c025f67944b2a8c095f6c725f616461707494898c065f616c70686194473ff66666666666668c0a5f626574615f6d65616e94473fb999999999999a8c0b5f626574615f5369676d6194473f9eb851eb851eb88c065f67616d6d6194473fb999999999999a8c065f456d65616e94682f68314b008594683387945294284b014b0c4b0186946839894360000000000000000000000000000000000000000000000000000000000000000000000000000000000000000000000000000000000000000000000000000000000000000000000000000000000000000000000000000000000000000000000000947494628c075f455369676d6194682f68314b008594683387945294284b014b904b018694683989428004000000000000000000000000000000000000000000000000000000000000000000000000000000000000000000000000000000000000000000000000000000000000000000000000000000000000000000000000000000000000000000000000000000000000000000000000000000000000000000000000000000000000000000000000000000000000000000000000000000000000000000000000000000000000000000000000000000000000000000000000000000000000000000000000000000000000000000000000000000000000000000000000000000000000000000000000000000000000000000000000000000000000000000000000000000000000000000000000000000000000000000000000000000000000000000000000000000000000000000000000000000000000000000000000000000000000000000000000000000000000000000000000000000000000000000000000000000000000000000000000000000000000000000000000000000000000000000000000000000000000000000000000000000000000000000000000000000000000000000000000000000000000000000000000000000000000000000000000000000000000000000000000000000000000000000000000000000000000000000000000000000000000000000000000000000000000000000000000000000000000000000000000000000000000000000000000,0000000000000000000000000000000000000000000000000000000000000000000000000000000000000000000000000000000000000000000000000000000000000000000000000000000000000000000000000000000000000000000000000000000000000000000000000000000000000000000000000000000000000000000000000000000000000000000000000000000000000000000000000000000000000000000000000000000000000000000000000000000000000000000000000000000000000000000000000000000000000000000000000000000000000000000000000000000000000000000000000000000000000000000000000000000000000000000000000000000000000000000000000000000000000000000000000000000000000000000000000000000000000000000000000000000000000000000000000000000000000000000000000000000000000000000000000000000000000000000000000000000000000000000000000000000000000000000000000000000000000000000000000000000000000000000000000000000000000000000000000000000000000000000000000000000000000000000000000000000000000000000000000000000000000000000000000000000000000000000000000000000000000000000000000000000000000000000000000000000000000000000000000000000000000000000000000000000000000000000000000000000000000000000000000000000000000000000000000000000000000000000000000000000000000000000000000000000000000000000000000000000000000000000000000000000000000000000000000000947494628c065f566d65616e944700000000000000008c075f565369676d61944700000000000000008c095f6574615f6d65616e94473ff00000000000008c0a5f6574615f5369676d6194473ff00000000000008c055f746f6c7894680b6811430816383daccc74473d94869452948c075f746f6c787570944740c38800000000008c075f746f6c66756e94473d719799812dea118c105f746f6c636f6e646974696f6e636f76944742d6bcc41e9000008c0d5f66756e686973745f7465726d944b2b8c0f5f66756e686973745f76616c75657394682f68314b008594683387945294284b014b56859468398942b0020000010000000000000060dc6f62fd7f000086f09eed6c324540cc84085bea774640bcaa809ce0d44440707510f8e58c4640f60157ab10044540eefa3f03e01e4640b2a08e4a68d54440e2e86af73b90454086155937a6ed44402246245bea7746400025072e5ec64440728cee09aee745407e5b77c2bde64440d8748de672444640302071352ee94440120d3f5aea7746408a55a55975d1444094468,acb223f4540846eb32b3bdb4440441913d44c6d4540903b9df2129c4440b8392c10f5454540dc125e4bd99d444058faff5aea774640cc9e3a029ab144408ee69595cf854540862ffb18bfa04440109d6e5dfea84540e261f0a0e2a4444068f26b22ca014540be98333e2bab4440ec10990389f1444086a3031cc7a44440c42f775c9df245405cb1856eeca24440c8b3beadc1f94540d2a6567059b144405c761e35d20c4540986fa557c5a24440d480f82a3ee14440e2b901e0848a4440b09fe848b1ff4440b6c7877bb0924440061fe1894ffa4440904fba85898c4440eed16240cbde4440ee93b5b888974440f4e2145cea77464090b84ec7b0954440aa3f135bea7746404c40497381824440ba2ef35aea774640c2d8bbc6ca824440ca6bcb5bea774640181fd92d5b8c4440e8bd4e5bea7746402eb779ab4a8d4440588ba25bea77464082ea3a26b08f44404859317546af4440401d7f4a4a874440b222c35bea774640163d1a3f068b44405466165bea774640726e6247d1884440008cf95aea774640f856697d558744409634776468af44403e09331784894440ecb55660374f4540a0e1a94143854440a62b275aea774640f062ea6784894440c2a4735bea774640b28f2702337d4440e64b9b65f7a64440160a8297bd8944409430195aea77464078c07bed588844406e7d1e5cea774640b80454cfb17f444054182c5bea77464042009a6c488144405056a65bea774640947494628c055f635f316494682f68314b008594683387945294284b014b4e859468118942700200005d0fd89f4a6de83fc49ce9989b3fadbf6a3696b175abb13f08b4bd721f77a3bf28a67e992b7cc0bf8e68aae6c359b2bfff2ee9ba07d8bf3ff9d9b25e9314c03f805085bba6ee703fe0f37e9db943ad3fbc42c16a3c2c673f3fb88986274cb3bfbe04318fab67e93f9bd5e708a48990bf6629ac4200d7a8bf137f819d5a65ab3f58228cfe3505babfaf717e561ae5b1bfa48f27af378bb1bf402b9701f9397bbf10062800cf58a13fcffd6164b30dc53f409398fb23f1713fa808caadc700e33fa85ff23b1b6fc3bf40c28a2d1ab9ccbf23bcbded2ea8ae3f21b0fa5e1052cbbfb494588a74c1c23f5900e4fb5b10c63f43b7e10a0daf85bf02a67b645022afbf3e95b479a0bbba3fd601e4b3a4bfe33fdd5f830d93c0b5bf65fdedd84e60c83f3dc655a98fd4bd3f3ac6872d70fbb4bfe57a8d6e75e3c3bf972c8a85582fa13f648a05085040a23f3d0f74485942c0bfc325e150c328e03f64564261e20ba63f9d5ced9e188fc43f6b8d81252cd1a4bfc1b422f86386b0bfdc351f5ea302973f9a90b00e58988d3f243838a6cfb19abf13723cdf1ad4e73fcc93e29adfcebb3fa1438b4405349b3f22dcc254a70cb43ffbba7ac4ad98ca3fe1b349dcb425acbf,93820a467be3c2bf58ee841bda42f23fd86bf05b959bc7bf3b89bb19208dd8bf8b491dbdf22ec23f6d7e26766d51aa3f5e252be0b1fb5ebf43464a04eb51e83fdc8d7f58dda4ce3f7cf55d0d3d23783fdc3ccb3219d3ccbf03200bc7a635c13f9493a59cbbdef33f9b5a7b73e7d0b9bf86ead5edf8a5ccbf0a74b060aca3cc3f1b020c156445ed3f976e4dc5200aa7bf4f9a3951b641d2bf827751e94731f03f18174f086f39c0bf0f72128a816aea3f9474946275622e,PRUNED
768,768,140.0,2026-05-12 21:17:27.542888,2026-05-12 21:17:27.814249,0 days 00:00:00.271361,-36.34997506918048,42.37567295808354,25.527583637414487,51.83123094800449,60.46311577412137,69.41539357959695,-31.86585879358062,63.30920720493523,58.40475571497119,77.39263220604289,21.61350457605116,12.796227259065924,Unfeasible shape,42.0,800495a6100000000000008c0a636d6165732e5f636d61948c03434d419493942981947d94288c065f6e5f64696d944b0c8c085f706f7073697a65944b0b8c035f6d75944b058c075f6d755f656666948c166e756d70792e5f636f72652e6d756c74696172726179948c067363616c61729493948c056e756d7079948c0564747970659493948c02663894898887945294284b038c013c944e4e4e4affffffff4affffffff4b007494624308e9e8100774510b4094869452948c035f636394680b681143083e6c7d43b18cd03f94869452948c035f633194680b681143089fc67c4e93b7863f94869452948c045f636d7594680b68114308b90fbeb98d89913f94869452948c085f635f7369676d6194680b681143088289198da8f9d03f94869452948c085f645f7369676d6194680b68114308606246236a3ef43f94869452948c035f636d944b018c065f6368695f6e9447400b25064571943c8c085f776569676874739468098c0c5f7265636f6e737472756374949394680c8c076e6461727261799493944b0085944301629487945294284b014b0b8594680e8c02663894898887945294284b0368124e4e4e4affffffff4affffffff4b00749462894358538e214ba67ddb3f2c5e47761ddbd03f4c60b4a91145c53f18b8b48552e2b83f8daa7d42f660a63f00000000000000009bd0b4761a8dc0bf5806fa0273e3cebff539783e76c4d5bfddd50bc2786cdbbf0820f98e2d45e0bf947494628c085f705f7369676d6194682f68314b008594683387945294284b014b0c85946811894360514a0289733df1bf7963c8d4d95bfc3fb5a6fb6fb47fe5bff4fbdc9970d000c02443fcf67678f03fc996262191f4debfe5557bb2d6aacabfe88e7670baf6e53f625a27d7adb7f73f28ce41ea33aff2bf565d11c93c09d0bf60555dbe61c3813f947494628c035f706394682f68314b008594683387945294284b014b0c85946811894360aa94458f7d1febbfdf63d6a09333f73fbd3c522d5e37d3bf10edc92307b9f8bffe0667bbb404eb3ff230f69dc71ae3bf38c95408344ce6bfc0d32f5b5259e13f2ae1fbc0aaaaf93f856493331e3ef0bf218cc888c3aec8bfaebebd06c0c7db3f947494628c055f6d65616e94682f68314b008594683387945294284b014b0c8594683989436082025b75db74e73ffe0c5e54f732d93f724a5ed7862bc43faa9343ed5725da3f022da9889b8bea3f4b007d40b10ded3f069cb88e758deb3f8b0e43bc2192e33f68bbd8623cb6e13fa9ab6272ac9be73fc88ed7bed2e2d13f9e40e72b75decc3f947494628c065f7369676d6194680b681143083ff6128afc64a23f94869452948c025f44944e8c025f42944e8c075f626f756e647394682f68314b008594683387945294284b014b0c4b02869468398943c00,000000000000000000000000000f03f0000000000000000000000000000f03f0000000000000000000000000000f03f0000000000000000000000000000f03f0000000000000000000000000000f03f0000000000000000000000000000f03f0000000000000000000000000000f03f0000000000000000000000000000f03f0000000000000000000000000000f03f0000000000000000000000000000f03f0000000000000000000000000000f03f0000000000000000000000000000f03f947494628c115f6e5f6d61785f726573616d706c696e67944b788c025f67944b2a8c095f6c725f616461707494898c065f616c70686194473ff66666666666668c0a5f626574615f6d65616e94473fb999999999999a8c0b5f626574615f5369676d6194473f9eb851eb851eb88c065f67616d6d6194473fb999999999999a8c065f456d65616e94682f68314b008594683387945294284b014b0c4b0186946839894360000000000000000000000000000000000000000000000000000000000000000000000000000000000000000000000000000000000000000000000000000000000000000000000000000000000000000000000000000000000000000000000000947494628c075f455369676d6194682f68314b008594683387945294284b014b904b018694683989428004000000000000000000000000000000000000000000000000000000000000000000000000000000000000000000000000000000000000000000000000000000000000000000000000000000000000000000000000000000000000000000000000000000000000000000000000000000000000000000000000000000000000000000000000000000000000000000000000000000000000000000000000000000000000000000000000000000000000000000000000000000000000000000000000000000000000000000000000000000000000000000000000000000000000000000000000000000000000000000000000000000000000000000000000000000000000000000000000000000000000000000000000000000000000000000000000000000000000000000000000000000000000000000000000000000000000000000000000000000000000000000000000000000000000000000000000000000000000000000000000000000000000000000000000000000000000000000000000000000000000000000000000000000000000000000000000000000000000000000000000000000000000000000000000000000000000000000000000000000000000000000000000000000000000000000000000000000000000000000000000000000000000000000000000000000000000000000000000000000000000000000000000000000000000000000000000,0000000000000000000000000000000000000000000000000000000000000000000000000000000000000000000000000000000000000000000000000000000000000000000000000000000000000000000000000000000000000000000000000000000000000000000000000000000000000000000000000000000000000000000000000000000000000000000000000000000000000000000000000000000000000000000000000000000000000000000000000000000000000000000000000000000000000000000000000000000000000000000000000000000000000000000000000000000000000000000000000000000000000000000000000000000000000000000000000000000000000000000000000000000000000000000000000000000000000000000000000000000000000000000000000000000000000000000000000000000000000000000000000000000000000000000000000000000000000000000000000000000000000000000000000000000000000000000000000000000000000000000000000000000000000000000000000000000000000000000000000000000000000000000000000000000000000000000000000000000000000000000000000000000000000000000000000000000000000000000000000000000000000000000000000000000000000000000000000000000000000000000000000000000000000000000000000000000000000000000000000000000000000000000000000000000000000000000000000000000000000000000000000000000000000000000000000000000000000000000000000000000000000000000000000000000000000000000000000000947494628c065f566d65616e944700000000000000008c075f565369676d61944700000000000000008c095f6574615f6d65616e94473ff00000000000008c0a5f6574615f5369676d6194473ff00000000000008c055f746f6c7894680b6811430816383daccc74473d94869452948c075f746f6c787570944740c38800000000008c075f746f6c66756e94473d719799812dea118c105f746f6c636f6e646974696f6e636f76944742d6bcc41e9000008c0d5f66756e686973745f7465726d944b2b8c0f5f66756e686973745f76616c75657394682f68314b008594683387945294284b014b56859468398942b0020000010000000000000060dc6f62fd7f000086f09eed6c324540cc84085bea774640bcaa809ce0d44440707510f8e58c4640f60157ab10044540eefa3f03e01e4640b2a08e4a68d54440e2e86af73b90454086155937a6ed44402246245bea7746400025072e5ec64440728cee09aee745407e5b77c2bde64440d8748de672444640302071352ee94440120d3f5aea7746408a55a55975d1444094468,acb223f4540846eb32b3bdb4440441913d44c6d4540903b9df2129c4440b8392c10f5454540dc125e4bd99d444058faff5aea774640cc9e3a029ab144408ee69595cf854540862ffb18bfa04440109d6e5dfea84540e261f0a0e2a4444068f26b22ca014540be98333e2bab4440ec10990389f1444086a3031cc7a44440c42f775c9df245405cb1856eeca24440c8b3beadc1f94540d2a6567059b144405c761e35d20c4540986fa557c5a24440d480f82a3ee14440e2b901e0848a4440b09fe848b1ff4440b6c7877bb0924440061fe1894ffa4440904fba85898c4440eed16240cbde4440ee93b5b888974440f4e2145cea77464090b84ec7b0954440aa3f135bea7746404c40497381824440ba2ef35aea774640c2d8bbc6ca824440ca6bcb5bea774640181fd92d5b8c4440e8bd4e5bea7746402eb779ab4a8d4440588ba25bea77464082ea3a26b08f44404859317546af4440401d7f4a4a874440b222c35bea774640163d1a3f068b44405466165bea774640726e6247d1884440008cf95aea774640f856697d558744409634776468af44403e09331784894440ecb55660374f4540a0e1a94143854440a62b275aea774640f062ea6784894440c2a4735bea774640b28f2702337d4440e64b9b65f7a64440160a8297bd8944409430195aea77464078c07bed588844406e7d1e5cea774640b80454cfb17f444054182c5bea77464042009a6c488144405056a65bea774640947494628c055f635f316494682f68314b008594683387945294284b014b4e859468118942700200005d0fd89f4a6de83fc49ce9989b3fadbf6a3696b175abb13f08b4bd721f77a3bf28a67e992b7cc0bf8e68aae6c359b2bfff2ee9ba07d8bf3ff9d9b25e9314c03f805085bba6ee703fe0f37e9db943ad3fbc42c16a3c2c673f3fb88986274cb3bfbe04318fab67e93f9bd5e708a48990bf6629ac4200d7a8bf137f819d5a65ab3f58228cfe3505babfaf717e561ae5b1bfa48f27af378bb1bf402b9701f9397bbf10062800cf58a13fcffd6164b30dc53f409398fb23f1713fa808caadc700e33fa85ff23b1b6fc3bf40c28a2d1ab9ccbf23bcbded2ea8ae3f21b0fa5e1052cbbfb494588a74c1c23f5900e4fb5b10c63f43b7e10a0daf85bf02a67b645022afbf3e95b479a0bbba3fd601e4b3a4bfe33fdd5f830d93c0b5bf65fdedd84e60c83f3dc655a98fd4bd3f3ac6872d70fbb4bfe57a8d6e75e3c3bf972c8a85582fa13f648a05085040a23f3d0f74485942c0bfc325e150c328e03f64564261e20ba63f9d5ced9e188fc43f6b8d81252cd1a4bfc1b422f86386b0bfdc351f5ea302973f9a90b00e58988d3f243838a6cfb19abf13723cdf1ad4e73fcc93e29adfcebb3fa1438b4405349b3f22dcc254a70cb43ffbba7ac4ad98ca3fe1b349dcb425acbf,93820a467be3c2bf58ee841bda42f23fd86bf05b959bc7bf3b89bb19208dd8bf8b491dbdf22ec23f6d7e26766d51aa3f5e252be0b1fb5ebf43464a04eb51e83fdc8d7f58dda4ce3f7cf55d0d3d23783fdc3ccb3219d3ccbf03200bc7a635c13f9493a59cbbdef33f9b5a7b73e7d0b9bf86ead5edf8a5ccbf0a74b060aca3cc3f1b020c156445ed3f976e4dc5200aa7bf4f9a3951b641d2bf827751e94731f03f18174f086f39c0bf0f72128a816aea3f9474946275622e,PRUNED
