,number,value,datetime_start,datetime_complete,duration,params_highPt.rA2,params_highPt.rL1,params_highPt.rL2,params_highPt.rL3,params_highPt.x2,params_highPt.y2,params_lowPt.rA2,params_lowPt.rL1,params_lowPt.rL2,params_lowPt.rL3,params_lowPt.x2,params_lowPt.y2,user_attrs_prune,system_attrs_cma:generation,system_attrs_cma:optimizer:0,system_attrs_cma:optimizer:1,system_attrs_cma:optimizer:2,system_attrs_cma:optimizer:3,system_attrs_cma:optimizer:4,state
589,589,41.1102341419178,2026-05-12 20:45:43.801833,2026-05-12 20:45:58.623567,0 days 00:00:14.821734,-33.91235125961847,47.85655341459569,23.78740599182521,52.775250337924255,60.5916345136294,67.74895237180704,-27.97209153378089,64.80209035783189,43.95012060272901,84.80792274419618,29.90342930317384,10.631461624512497,,33.0,,,,,,COMPLETE
590,590,140.0,2026-05-12 20:46:00.064103,2026-05-12 20:46:00.318687,0 days 00:00:00.254584,-33.80630726343236,43.667709202558484,19.688618283797908,52.51240045702197,62.68560547849768,70.41403639836986,-27.236192001795892,56.63931636111646,54.10420411884623,79.4095885959302,33.85361526413208,11.487496590243369,Unfeasible shape,33.0,,,,,,PRUNED
591,591,140.0,2026-05-12 20:46:00.517751,2026-05-12 20:46:00.743808,0 days 00:00:00.226057,-36.83336070058223,37.32907835882456,19.820075872855387,55.771195022252385,59.1641704159942,67.83250685924327,-22.569119332901494,60.290703774879205,53.50583342031405,79.83728834068073,28.307844938097986,11.421798248753591,Unfeasible shape,33.0,,,,,,PRUNED
592,592,41.18499533513233,2026-05-12 20:46:00.927917,2026-05-12 20:46:17.539040,0 days 00:00:16.611123,-34.818773579247285,39.09050127961804,23.699935014330414,58.58930258664047,58.27642425997916,72.67166639990576,-27.86711505936684,60.49113039369114,43.79364501700844,80.24198686577557,24.441225198815047,5.737422052604383,,33.0,,,,,,COMPLETE
593,593,41.32743371507918,2026-05-12 20:46:18.994933,2026-05-12 20:46:34.023810,0 days 00:00:15.028877,-35.07961469512031,47.61036838668687,20.681752788039965,53.80452984161518,59.02961144329876,74.81817202066556,-24.005742361636266,60.06910262280628,49.52541183804066,83.31054047367607,26.988491619901172,8.891448712143491,,33.0,,,,,,COMPLETE
594,594,140.0,2026-05-12 20:46:35.542741,2026-05-12 20:46:35.830092,0 days 00:00:00.287351,-32.34343313418128,38.761672966554144,20.369579033675304,48.50451059518795,64.74236951439259,72.84205313951388,-26.261684907817987,59.105005835520814,56.07478170932751,80.78770744462487,23.90197081255831,10.25110274072451,Unfeasible shape,33.0,,,,,,PRUNED
595,595,41.177827042528534,2026-05-12 20:46:36.067297,2026-05-12 20:46:52.731007,0 days 00:00:16.663710,-30.19083732399511,41.300641515699894,27.094479991934477,49.254470098510915,56.909858254218264,71.97013462930897,-22.35934703500837,57.37033863304377,51.438085519239095,89.11914916873947,23.419943551583856,7.010938055704841,,33.0,,,,,,COMPLETE
596,596,140.0,2026-05-12 20:46:54.287061,2026-05-12 20:46:54.572899,0 days 00:00:00.285838,-31.487362836690266,39.3100134902995,25.423102351632018,48.41457510415697,63.07964681254907,70.80890758364937,-23.64854046379469,65.39771705097334,51.56472530998976,79.02930850437076,28.233861138230335,13.887671724001617,Unfeasible shape,33.0,,,,,,PRUNED
597,597,41.3703733045633,2026-05-12 20:46:54.749518,2026-05-12 20:47:12.000535,0 days 00:00:17.251017,-33.317325334011755,41.561638733637224,20.412152368707332,50.13070992029586,58.58789638560194,67.82522245621406,-27.882828172727905,65.42021168640026,48.70427059626825,79.25614384590229,24.840585299713055,14.865204118518815,,33.0,,,,,,COMPLETE
598,598,41.180520237323606,2026-05-12 20:47:13.525556,2026-05-12 20:47:33.337588,0 days 00:00:19.812032,-31.105494429605592,44.00154391118872,21.330602758232978,59.289275100677,60.51978088209126,70.90221920578244,-26.848914373609,64.19948833922692,55.96903260177048,87.93536271772756,24.961433593335464,7.64441779064865,,33.0,,,,,,COMPLETE
599,599,140.0,2026-05-12 20:47:34.882915,2026-05-12 20:47:35.160992,0 days 00:00:00.278077,-32.314005485218786,38.34806570634047,30.25026169236771,50.54659947926052,60.296622738347736,74.16407318121635,-23.030742401462113,65.35185455364973,55.35813680145769,80.51057438374599,23.351003421129338,11.682232844430587,Unfeasible shape,34.0,800495a6100000000000008c0a636d6165732e5f636d61948c03434d419493942981947d94288c065f6e5f64696d944b0c8c085f706f7073697a65944b0b8c035f6d75944b058c075f6d755f656666948c166e756d70792e5f636f72652e6d756c74696172726179948c067363616c61729493948c056e756d7079948c0564747970659493948c02663894898887945294284b038c013c944e4e4e4affffffff4affffffff4b007494624308e9e8100774510b4094869452948c035f636394680b681143083e6c7d43b18cd03f94869452948c035f633194680b681143089fc67c4e93b7863f94869452948c045f636d7594680b68114308b90fbeb98d89913f94869452948c085f635f7369676d6194680b681143088289198da8f9d03f94869452948c085f645f7369676d6194680b68114308606246236a3ef43f94869452948c035f636d944b018c065f6368695f6e9447400b25064571943c8c085f776569676874739468098c0c5f7265636f6e737472756374949394680c8c076e6461727261799493944b0085944301629487945294284b014b0b8594680e8c02663894898887945294284b0368124e4e4e4affffffff4affffffff4b00749462894358538e214ba67ddb3f2c5e47761ddbd03f4c60b4a91145c53f18b8b48552e2b83f8daa7d42f660a63f00000000000000009bd0b4761a8dc0bf5806fa0273e3cebff539783e76c4d5bfddd50bc2786cdbbf0820f98e2d45e0bf947494628c085f705f7369676d6194682f68314b008594683387945294284b014b0c859468118943608867e739ab92c4bf53154c209329f0bff9b19cb48738e93f540977b7d4fcd43fdebb32e415e4d1bffc74f9b589efd93ff487f080fe90c33f281bd19fbb36c43f669d200d3766e03ff6457fab99eae5bfc371f6038da1e03f8eae78930b33de3f947494628c035f706394682f68314b008594683387945294284b014b0c85946811894360331a1900ec51c4bf1bdabce6354cebbf8327b7517b58e53f394a51375d58c53fd4e6c34e7e04d7bf528216d58e0bd83fe2b4e5aa2160713fb5a4588f67acca3f8315e43ad475e13f86428f8cb7cfe8bfe49f69ef3225d63f9432a9329671e03f947494628c055f6d65616e94682f68314b008594683387945294284b014b0c859468398943608a58a7130f96e83f452c47d8ace9d53fd004fa0d522cc73f4112d479e3fede3ff87d2a783f24e93fc947ede486efee3fffc6b543b1a2ec3f3ed427d47419e23f9be7c3828649dd3fa3e080b76b2ae93f11ef74aecc28d63fad665ea91652c33f947494628c065f7369676d6194680b68114308f1c53a95c643a53f94869452948c025f44944e8c025f42944e8c075f626f756e647394682f68314b008594683387945294284b014b0c4b02869468398943c00,000000000000000000000000000f03f0000000000000000000000000000f03f0000000000000000000000000000f03f0000000000000000000000000000f03f0000000000000000000000000000f03f0000000000000000000000000000f03f0000000000000000000000000000f03f0000000000000000000000000000f03f0000000000000000000000000000f03f0000000000000000000000000000f03f0000000000000000000000000000f03f0000000000000000000000000000f03f947494628c115f6e5f6d61785f726573616d706c696e67944b788c025f67944b228c095f6c725f616461707494898c065f616c70686194473ff66666666666668c0a5f626574615f6d65616e94473fb999999999999a8c0b5f626574615f5369676d6194473f9eb851eb851eb88c065f67616d6d6194473fb999999999999a8c065f456d65616e94682f68314b008594683387945294284b014b0c4b0186946839894360000000000000000000000000000000000000000000000000000000000000000000000000000000000000000000000000000000000000000000000000000000000000000000000000000000000000000000000000000000000000000000000000947494628c075f455369676d6194682f68314b008594683387945294284b014b904b018694683989428004000000000000000000000000000000000000000000000000000000000000000000000000000000000000000000000000000000000000000000000000000000000000000000000000000000000000000000000000000000000000000000000000000000000000000000000000000000000000000000000000000000000000000000000000000000000000000000000000000000000000000000000000000000000000000000000000000000000000000000000000000000000000000000000000000000000000000000000000000000000000000000000000000000000000000000000000000000000000000000000000000000000000000000000000000000000000000000000000000000000000000000000000000000000000000000000000000000000000000000000000000000000000000000000000000000000000000000000000000000000000000000000000000000000000000000000000000000000000000000000000000000000000000000000000000000000000000000000000000000000000000000000000000000000000000000000000000000000000000000000000000000000000000000000000000000000000000000000000000000000000000000000000000000000000000000000000000000000000000000000000000000000000000000000000000000000000000000000000000000000000000000000000000000000000000000000000,0000000000000000000000000000000000000000000000000000000000000000000000000000000000000000000000000000000000000000000000000000000000000000000000000000000000000000000000000000000000000000000000000000000000000000000000000000000000000000000000000000000000000000000000000000000000000000000000000000000000000000000000000000000000000000000000000000000000000000000000000000000000000000000000000000000000000000000000000000000000000000000000000000000000000000000000000000000000000000000000000000000000000000000000000000000000000000000000000000000000000000000000000000000000000000000000000000000000000000000000000000000000000000000000000000000000000000000000000000000000000000000000000000000000000000000000000000000000000000000000000000000000000000000000000000000000000000000000000000000000000000000000000000000000000000000000000000000000000000000000000000000000000000000000000000000000000000000000000000000000000000000000000000000000000000000000000000000000000000000000000000000000000000000000000000000000000000000000000000000000000000000000000000000000000000000000000000000000000000000000000000000000000000000000000000000000000000000000000000000000000000000000000000000000000000000000000000000000000000000000000000000000000000000000000000000000000000000000000000947494628c065f566d65616e944700000000000000008c075f565369676d61944700000000000000008c095f6574615f6d65616e94473ff00000000000008c0a5f6574615f5369676d6194473ff00000000000008c055f746f6c7894680b6811430816383daccc74473d94869452948c075f746f6c787570944740c38800000000008c075f746f6c66756e94473d719799812dea118c105f746f6c636f6e646974696f6e636f76944742d6bcc41e9000008c0d5f66756e686973745f7465726d944b2b8c0f5f66756e686973745f76616c75657394682f68314b008594683387945294284b014b56859468398942b0020000010000000000000060dc6f62fd7f000086f09eed6c324540cc84085bea774640bcaa809ce0d44440707510f8e58c4640f60157ab10044540eefa3f03e01e4640b2a08e4a68d54440e2e86af73b90454086155937a6ed44402246245bea7746400025072e5ec64440728cee09aee745407e5b77c2bde64440d8748de672444640302071352ee94440120d3f5aea7746408a55a55975d1444094468,acb223f4540846eb32b3bdb4440441913d44c6d4540903b9df2129c4440b8392c10f5454540dc125e4bd99d444058faff5aea774640cc9e3a029ab144408ee69595cf854540862ffb18bfa04440109d6e5dfea84540e261f0a0e2a4444068f26b22ca014540be98333e2bab4440ec10990389f1444086a3031cc7a44440c42f775c9df245405cb1856eeca24440c8b3beadc1f94540d2a6567059b144405c761e35d20c4540986fa557c5a24440d480f82a3ee14440e2b901e0848a4440b09fe848b1ff4440b6c7877bb0924440061fe1894ffa4440904fba85898c4440eed16240cbde4440ee93b5b888974440f4e2145cea77464090b84ec7b0954440aa3f135bea7746404c40497381824440ba2ef35aea774640c2d8bbc6ca824440ca6bcb5bea774640181fd92d5b8c4440e8bd4e5bea7746402eb779ab4a8d4440588ba25bea77464082ea3a26b08f44404859317546af4440401d7f4a4a874440b222c35bea774640163d1a3f068b44405466165bea774640726e6247d1884440008cf95aea774640f856697d558744409634776468af444074696e6f6d69616c20646973747269627574696f6e2e0a0a2020202020202020e08c5b86d0010000a0955b86d001000030846086d001000050b05b86d001000040176086d0010000b0846086d001000030856086d001000060895b86d0010000b0856086d001000030866086d0010000d09e5b86d0010000b0006086d0010000947494628c055f635f316494682f68314b008594683387945294284b014b4e85946811894270020000b22ac4475ad6eb3fddca7568b2c4993f8e87ed1434cb923f5ca761292ff3a0bf1675496f3ed9bbbf0d32034bc559b5bf6aaa2a187b0dc73fb79a1b5f8692b83f94e6a194815a9b3f1ca4c691d145adbf2e2919bab801953fedc099778eb89ebffa6d13528817e83fb092cd6a08f49e3f1217fdb791b35f3f30e14bae19b4483f84b6a1bcbafab8bf7936406cd6cbb5bf8dba09c49c3290bff1e5b972ed0fa83f4920bd73a1e6ad3f4c8a74df7b54b63f33469f9405098d3ffcacffde7984e63f52b46d5db26fc0bf9d8355afd2c4c7bf7fcc28b9aa529b3f510cc4c883f5c1bf3d5cdc167135be3ffebef5d46113a83fe381eeeb545ca2bf6e007f82156c9d3fb6e1248ab337b03fdfcea6e54cafe13f3c0c3705535dbbbf308be4a482b2bb3fea32f3fc7e88953f409ffdf9f9a191bfce316d67fbf79bbf723c5b0b6b75a5bf39c8699cab5d93bf063f49d10359aabf5f0bfae16900e33f99e8444bd1a3b53f644f93817074bb3f6ae92f515779a4bfe45ab259db26b4bf29fa51dc505abe3fb632e0bc79bd983f60265ade4f21b0bfca3c77f73b97e73fdcb2bcc91f9da23f6f4b3ecf1d09a63fab46a17b8c79b63fe525e0bdd4e3bb3f670eb62d6d5dbbbf,caabb9c2576fafbfe9e621687786f23fde1f727e6d55b9bf0e87330dcc3ac9bfb30f61878a63c33ff65cd43e464eb43f62dcb7b5592fb33f3124fae5423de73f5fb57b673174b43f2294fbe79444873f8558348e0339bdbf42c9a76e6513c03f720dbaa92530ee3f55596551b48bc0bffa69fdbbea97c2bf8172d9d63540bc3fc36dfe3bbaeded3fa0e2418fb7bdb0bf9a9bbf72bf7ecabf409bd074f418ec3f89c5f5b2a2f0a1bfac5c2711b0f5e63f9474946275622e,PRUNED
600,600,41.131624515352726,2026-05-12 20:47:35.395595,2026-05-12 20:47:52.234360,0 days 00:00:16.838765,-30.582504792623084,38.3154361276984,25.68938640200475,54.65189480512081,58.13231139631095,67.5393315815097,-26.469423576616435,62.12641588507792,48.43961320422986,78.21183822781947,26.580491171277174,17.40220408392585,,34.0,800495a6100000000000008c0a636d6165732e5f636d61948c03434d419493942981947d94288c065f6e5f64696d944b0c8c085f706f7073697a65944b0b8c035f6d75944b058c075f6d755f656666948c166e756d70792e5f636f72652e6d756c74696172726179948c067363616c61729493948c056e756d7079948c0564747970659493948c02663894898887945294284b038c013c944e4e4e4affffffff4affffffff4b007494624308e9e8100774510b4094869452948c035f636394680b681143083e6c7d43b18cd03f94869452948c035f633194680b681143089fc67c4e93b7863f94869452948c045f636d7594680b68114308b90fbeb98d89913f94869452948c085f635f7369676d6194680b681143088289198da8f9d03f94869452948c085f645f7369676d6194680b68114308606246236a3ef43f94869452948c035f636d944b018c065f6368695f6e9447400b25064571943c8c085f776569676874739468098c0c5f7265636f6e737472756374949394680c8c076e6461727261799493944b0085944301629487945294284b014b0b8594680e8c02663894898887945294284b0368124e4e4e4affffffff4affffffff4b00749462894358538e214ba67ddb3f2c5e47761ddbd03f4c60b4a91145c53f18b8b48552e2b83f8daa7d42f660a63f00000000000000009bd0b4761a8dc0bf5806fa0273e3cebff539783e76c4d5bfddd50bc2786cdbbf0820f98e2d45e0bf947494628c085f705f7369676d6194682f68314b008594683387945294284b014b0c859468118943608867e739ab92c4bf53154c209329f0bff9b19cb48738e93f540977b7d4fcd43fdebb32e415e4d1bffc74f9b589efd93ff487f080fe90c33f281bd19fbb36c43f669d200d3766e03ff6457fab99eae5bfc371f6038da1e03f8eae78930b33de3f947494628c035f706394682f68314b008594683387945294284b014b0c85946811894360331a1900ec51c4bf1bdabce6354cebbf8327b7517b58e53f394a51375d58c53fd4e6c34e7e04d7bf528216d58e0bd83fe2b4e5aa2160713fb5a4588f67acca3f8315e43ad475e13f86428f8cb7cfe8bfe49f69ef3225d63f9432a9329671e03f947494628c055f6d65616e94682f68314b008594683387945294284b014b0c859468398943608a58a7130f96e83f452c47d8ace9d53fd004fa0d522cc73f4112d479e3fede3ff87d2a783f24e93fc947ede486efee3fffc6b543b1a2ec3f3ed427d47419e23f9be7c3828649dd3fa3e080b76b2ae93f11ef74aecc28d63fad665ea91652c33f947494628c065f7369676d6194680b68114308f1c53a95c643a53f94869452948c025f44944e8c025f42944e8c075f626f756e647394682f68314b008594683387945294284b014b0c4b02869468398943c00,000000000000000000000000000f03f0000000000000000000000000000f03f0000000000000000000000000000f03f0000000000000000000000000000f03f0000000000000000000000000000f03f0000000000000000000000000000f03f0000000000000000000000000000f03f0000000000000000000000000000f03f0000000000000000000000000000f03f0000000000000000000000000000f03f0000000000000000000000000000f03f0000000000000000000000000000f03f947494628c115f6e5f6d61785f726573616d706c696e67944b788c025f67944b228c095f6c725f616461707494898c065f616c70686194473ff66666666666668c0a5f626574615f6d65616e94473fb999999999999a8c0b5f626574615f5369676d6194473f9eb851eb851eb88c065f67616d6d6194473fb999999999999a8c065f456d65616e94682f68314b008594683387945294284b014b0c4b0186946839894360000000000000000000000000000000000000000000000000000000000000000000000000000000000000000000000000000000000000000000000000000000000000000000000000000000000000000000000000000000000000000000000000947494628c075f455369676d6194682f68314b008594683387945294284b014b904b018694683989428004000000000000000000000000000000000000000000000000000000000000000000000000000000000000000000000000000000000000000000000000000000000000000000000000000000000000000000000000000000000000000000000000000000000000000000000000000000000000000000000000000000000000000000000000000000000000000000000000000000000000000000000000000000000000000000000000000000000000000000000000000000000000000000000000000000000000000000000000000000000000000000000000000000000000000000000000000000000000000000000000000000000000000000000000000000000000000000000000000000000000000000000000000000000000000000000000000000000000000000000000000000000000000000000000000000000000000000000000000000000000000000000000000000000000000000000000000000000000000000000000000000000000000000000000000000000000000000000000000000000000000000000000000000000000000000000000000000000000000000000000000000000000000000000000000000000000000000000000000000000000000000000000000000000000000000000000000000000000000000000000000000000000000000000000000000000000000000000000000000000000000000000000000000000000000000000000,0000000000000000000000000000000000000000000000000000000000000000000000000000000000000000000000000000000000000000000000000000000000000000000000000000000000000000000000000000000000000000000000000000000000000000000000000000000000000000000000000000000000000000000000000000000000000000000000000000000000000000000000000000000000000000000000000000000000000000000000000000000000000000000000000000000000000000000000000000000000000000000000000000000000000000000000000000000000000000000000000000000000000000000000000000000000000000000000000000000000000000000000000000000000000000000000000000000000000000000000000000000000000000000000000000000000000000000000000000000000000000000000000000000000000000000000000000000000000000000000000000000000000000000000000000000000000000000000000000000000000000000000000000000000000000000000000000000000000000000000000000000000000000000000000000000000000000000000000000000000000000000000000000000000000000000000000000000000000000000000000000000000000000000000000000000000000000000000000000000000000000000000000000000000000000000000000000000000000000000000000000000000000000000000000000000000000000000000000000000000000000000000000000000000000000000000000000000000000000000000000000000000000000000000000000000000000000000000000000947494628c065f566d65616e944700000000000000008c075f565369676d61944700000000000000008c095f6574615f6d65616e94473ff00000000000008c0a5f6574615f5369676d6194473ff00000000000008c055f746f6c7894680b6811430816383daccc74473d94869452948c075f746f6c787570944740c38800000000008c075f746f6c66756e94473d719799812dea118c105f746f6c636f6e646974696f6e636f76944742d6bcc41e9000008c0d5f66756e686973745f7465726d944b2b8c0f5f66756e686973745f76616c75657394682f68314b008594683387945294284b014b56859468398942b0020000010000000000000060dc6f62fd7f000086f09eed6c324540cc84085bea774640bcaa809ce0d44440707510f8e58c4640f60157ab10044540eefa3f03e01e4640b2a08e4a68d54440e2e86af73b90454086155937a6ed44402246245bea7746400025072e5ec64440728cee09aee745407e5b77c2bde64440d8748de672444640302071352ee94440120d3f5aea7746408a55a55975d1444094468,acb223f4540846eb32b3bdb4440441913d44c6d4540903b9df2129c4440b8392c10f5454540dc125e4bd99d444058faff5aea774640cc9e3a029ab144408ee69595cf854540862ffb18bfa04440109d6e5dfea84540e261f0a0e2a4444068f26b22ca014540be98333e2bab4440ec10990389f1444086a3031cc7a44440c42f775c9df245405cb1856eeca24440c8b3beadc1f94540d2a6567059b144405c761e35d20c4540986fa557c5a24440d480f82a3ee14440e2b901e0848a4440b09fe848b1ff4440b6c7877bb0924440061fe1894ffa4440904fba85898c4440eed16240cbde4440ee93b5b888974440f4e2145cea77464090b84ec7b0954440aa3f135bea7746404c40497381824440ba2ef35aea774640c2d8bbc6ca824440ca6bcb5bea774640181fd92d5b8c4440e8bd4e5bea7746402eb779ab4a8d4440588ba25bea77464082ea3a26b08f44404859317546af4440401d7f4a4a874440b222c35bea774640163d1a3f068b44405466165bea774640726e6247d1884440008cf95aea774640f856697d558744409634776468af444074696e6f6d69616c20646973747269627574696f6e2e0a0a2020202020202020e08c5b86d0010000a0955b86d001000030846086d001000050b05b86d001000040176086d0010000b0846086d001000030856086d001000060895b86d0010000b0856086d001000030866086d0010000d09e5b86d0010000b0006086d0010000947494628c055f635f316494682f68314b008594683387945294284b014b4e85946811894270020000b22ac4475ad6eb3fddca7568b2c4993f8e87ed1434cb923f5ca761292ff3a0bf1675496f3ed9bbbf0d32034bc559b5bf6aaa2a187b0dc73fb79a1b5f8692b83f94e6a194815a9b3f1ca4c691d145adbf2e2919bab801953fedc099778eb89ebffa6d13528817e83fb092cd6a08f49e3f1217fdb791b35f3f30e14bae19b4483f84b6a1bcbafab8bf7936406cd6cbb5bf8dba09c49c3290bff1e5b972ed0fa83f4920bd73a1e6ad3f4c8a74df7b54b63f33469f9405098d3ffcacffde7984e63f52b46d5db26fc0bf9d8355afd2c4c7bf7fcc28b9aa529b3f510cc4c883f5c1bf3d5cdc167135be3ffebef5d46113a83fe381eeeb545ca2bf6e007f82156c9d3fb6e1248ab337b03fdfcea6e54cafe13f3c0c3705535dbbbf308be4a482b2bb3fea32f3fc7e88953f409ffdf9f9a191bfce316d67fbf79bbf723c5b0b6b75a5bf39c8699cab5d93bf063f49d10359aabf5f0bfae16900e33f99e8444bd1a3b53f644f93817074bb3f6ae92f515779a4bfe45ab259db26b4bf29fa51dc505abe3fb632e0bc79bd983f60265ade4f21b0bfca3c77f73b97e73fdcb2bcc91f9da23f6f4b3ecf1d09a63fab46a17b8c79b63fe525e0bdd4e3bb3f670eb62d6d5dbbbf,caabb9c2576fafbfe9e621687786f23fde1f727e6d55b9bf0e87330dcc3ac9bfb30f61878a63c33ff65cd43e464eb43f62dcb7b5592fb33f3124fae5423de73f5fb57b673174b43f2294fbe79444873f8558348e0339bdbf42c9a76e6513c03f720dbaa92530ee3f55596551b48bc0bffa69fdbbea97c2bf8172d9d63540bc3fc36dfe3bbaeded3fa0e2418fb7bdb0bf9a9bbf72bf7ecabf409bd074f418ec3f89c5f5b2a2f0a1bfac5c2711b0f5e63f9474946275622e,COMPLETE
