,number,value,datetime_start,datetime_complete,duration,params_highPt.rA2,params_highPt.rL1,params_highPt.rL2,params_highPt.rL3,params_highPt.x2,params_highPt.y2,params_lowPt.rA2,params_lowPt.rL1,params_lowPt.rL2,params_lowPt.rL3,params_lowPt.x2,params_lowPt.y2,user_attrs_prune,system_attrs_cma:generation,system_attrs_cma:optimizer:0,system_attrs_cma:optimizer:1,system_attrs_cma:optimizer:2,system_attrs_cma:optimizer:3,system_attrs_cma:optimizer:4,state
426,426,41.190041364818654,2026-05-12 20:18:04.484123,2026-05-12 20:18:23.212108,0 days 00:00:18.727985,-28.814835863986026,41.453912685494245,17.923502740565446,45.117383220595215,63.838655459794914,60.99934421811627,-21.38769485609236,57.40833766156594,43.43224495142781,75.22481367914308,29.954891769279048,17.1016898917449,,25.0,,,,,,COMPLETE
427,427,140.0,2026-05-12 20:18:24.849623,2026-05-12 20:18:25.102009,0 days 00:00:00.252386,-38.30335373271429,38.638461597016764,30.278631730175274,43.16141467087572,61.24150183294645,68.63693841839051,-26.698116060439276,60.69884050213222,52.93020186908485,75.60971281758947,34.70867305231844,15.356332372002793,Unfeasible shape,25.0,,,,,,PRUNED
428,428,41.42008654624573,2026-05-12 20:18:25.278145,2026-05-12 20:18:41.723771,0 days 00:00:16.445626,-33.73980789506866,46.51910712201434,22.101334850053703,56.55761865690737,57.88205815253946,63.354733895914826,-32.754830227782286,51.45157435452991,53.297531281716225,77.74765557827301,29.807115160014888,18.62018067934833,,25.0,,,,,,COMPLETE
429,429,41.01957551075665,2026-05-12 20:18:43.205604,2026-05-12 20:18:59.094792,0 days 00:00:15.889188,-30.992594641019302,49.48926084587433,16.10486390271434,53.7539716570077,67.23201209133721,68.81823198952002,-30.65298785614319,58.098377813015304,52.58878720762199,86.49142079864943,32.351094228185595,9.606826739992925,,25.0,,,,,,COMPLETE
430,430,41.238385954092095,2026-05-12 20:19:00.678814,2026-05-12 20:19:15.003844,0 days 00:00:14.325030,-36.190907080612206,52.972831253493744,28.961965534476477,48.369040366091134,55.492344873558956,68.36507690148667,-27.74312024292982,67.69802471450939,45.18071702108065,80.25810376241479,23.44698533163393,10.715123380437992,,25.0,,,,,,COMPLETE
431,431,41.326443702663624,2026-05-12 20:19:16.437889,2026-05-12 20:19:33.434048,0 days 00:00:16.996159,-32.323100001734645,60.00856656183488,18.410338523281894,48.380194813966675,61.74648972190162,68.59638837970581,-28.40044668931104,60.94623785542425,54.21471245214469,79.06926955833013,15.271136900335836,12.279960617838912,,25.0,,,,,,COMPLETE
432,432,41.49899634337764,2026-05-12 20:19:34.864413,2026-05-12 20:19:53.507635,0 days 00:00:18.643222,-38.85220722174851,39.13178181479252,19.491372043544416,47.363323573811606,59.428634781612075,68.33267584691053,-30.50799400791508,56.38758188179614,57.10526374222584,76.86621935243126,29.22152312264925,9.231379424364782,,25.0,,,,,,COMPLETE
433,433,140.0,2026-05-12 20:19:55.046650,2026-05-12 20:19:55.343484,0 days 00:00:00.296834,-33.75241239341207,46.77944070260973,22.564570793943084,44.46230136127958,59.74411031943841,68.2685756776813,-24.150516341860246,52.66086257855775,47.555193995466105,74.46522961490166,24.78185608471548,18.099282350523115,Unfeasible shape,25.0,,,,,,PRUNED
434,434,44.936839455358,2026-05-12 20:19:55.510252,2026-05-12 20:20:14.972336,0 days 00:00:19.462084,-33.378548347862704,36.68912052896901,20.479523294768235,49.16506202232781,66.16920647378399,64.51062474412157,-26.28676672759076,56.027282932180185,45.05156999127267,86.77822822704307,16.14064480625364,9.94745075857947,,25.0,,,,,,COMPLETE
435,435,140.0,2026-05-12 20:20:16.601000,2026-05-12 20:20:16.827762,0 days 00:00:00.226762,-35.383785040714805,50.66245684502583,30.674535682471475,48.96100152690105,54.11784575963056,66.49738442597331,-29.427168450905555,60.32784103546353,47.6960462387051,71.69786500672144,25.5205838599186,20.048241954661925,Unfeasible shape,25.0,,,,,,PRUNED
436,436,41.415654348067235,2026-05-12 20:20:17.011312,2026-05-12 20:20:31.659289,0 days 00:00:14.647977,-37.153995062007354,48.123064012722764,23.486313803016564,46.351930474498786,57.66403930406354,68.13772908089409,-27.431475123710307,70.26587613314871,48.17095854113349,76.70467573516063,31.5226944454557,15.052196381165095,,25.0,,,,,,COMPLETE
437,437,41.58521114052198,2026-05-12 20:20:33.065855,2026-05-12 20:20:47.394070,0 days 00:00:14.328215,-25.97954378442825,52.265514495837266,28.36717447050357,41.454904760592534,52.04290344819102,66.13709835146796,-25.496437252536303,59.51373357111245,55.92701623863191,74.32331492420117,21.071054107329793,10.292791467682942,,26.0,800495a6100000000000008c0a636d6165732e5f636d61948c03434d419493942981947d94288c065f6e5f64696d944b0c8c085f706f7073697a65944b0b8c035f6d75944b058c075f6d755f656666948c166e756d70792e5f636f72652e6d756c74696172726179948c067363616c61729493948c056e756d7079948c0564747970659493948c02663894898887945294284b038c013c944e4e4e4affffffff4affffffff4b007494624308e9e8100774510b4094869452948c035f636394680b681143083e6c7d43b18cd03f94869452948c035f633194680b681143089fc67c4e93b7863f94869452948c045f636d7594680b68114308b90fbeb98d89913f94869452948c085f635f7369676d6194680b681143088289198da8f9d03f94869452948c085f645f7369676d6194680b68114308606246236a3ef43f94869452948c035f636d944b018c065f6368695f6e9447400b25064571943c8c085f776569676874739468098c0c5f7265636f6e737472756374949394680c8c076e6461727261799493944b0085944301629487945294284b014b0b8594680e8c02663894898887945294284b0368124e4e4e4affffffff4affffffff4b00749462894358538e214ba67ddb3f2c5e47761ddbd03f4c60b4a91145c53f18b8b48552e2b83f8daa7d42f660a63f00000000000000009bd0b4761a8dc0bf5806fa0273e3cebff539783e76c4d5bfddd50bc2786cdbbf0820f98e2d45e0bf947494628c085f705f7369676d6194682f68314b008594683387945294284b014b0c8594681189436095c2a4c9f5480240383b0c79cff9cd3fcfd02ce2aecedabfa84a67caa4abb53f324601774de2e33fba7fbd44e691b9bfd4a08fa0c272c13fc000dae57b00b0bf825f47d86b75f0bf96d29652742aed3f1ef200bbdb19fe3f4c1b7d7a09abf6bf947494628c035f706394682f68314b008594683387945294284b014b0c85946811894360a688095de7daff3fc8525416a783ce3f9413acafe11cd3bf3086a115c780b2bfce96de59728ce33f6270ada2b0c8c0bfe64f072490fedd3fe43e96586224a5bfc733b5898542f0bfd28f7e6f18c4eb3f3d09c0c01b72f93f4e1c392c5d78f3bf947494628c055f6d65616e94682f68314b008594683387945294284b014b0c85946839894360f9e449fb8dfbe93f9cc3ba37c271db3ff689a390b046c03f9f14033cf516dc3f4684f2a4afc3ea3f382da052edc3ec3fc04a7a3dddd5eb3f875827f4c6f2e13fbd9bcac369b0dc3f4ea6f6a5fa43ea3f1dd29885952fd83f0951dbfa3a79c53f947494628c065f7369676d6194680b68114308ad6476339b15b03f94869452948c025f44944e8c025f42944e8c075f626f756e647394682f68314b008594683387945294284b014b0c4b02869468398943c00,000000000000000000000000000f03f0000000000000000000000000000f03f0000000000000000000000000000f03f0000000000000000000000000000f03f0000000000000000000000000000f03f0000000000000000000000000000f03f0000000000000000000000000000f03f0000000000000000000000000000f03f0000000000000000000000000000f03f0000000000000000000000000000f03f0000000000000000000000000000f03f0000000000000000000000000000f03f947494628c115f6e5f6d61785f726573616d706c696e67944b788c025f67944b1a8c095f6c725f616461707494898c065f616c70686194473ff66666666666668c0a5f626574615f6d65616e94473fb999999999999a8c0b5f626574615f5369676d6194473f9eb851eb851eb88c065f67616d6d6194473fb999999999999a8c065f456d65616e94682f68314b008594683387945294284b014b0c4b0186946839894360000000000000000000000000000000000000000000000000000000000000000000000000000000000000000000000000000000000000000000000000000000000000000000000000000000000000000000000000000000000000000000000000947494628c075f455369676d6194682f68314b008594683387945294284b014b904b018694683989428004000000000000000000000000000000000000000000000000000000000000000000000000000000000000000000000000000000000000000000000000000000000000000000000000000000000000000000000000000000000000000000000000000000000000000000000000000000000000000000000000000000000000000000000000000000000000000000000000000000000000000000000000000000000000000000000000000000000000000000000000000000000000000000000000000000000000000000000000000000000000000000000000000000000000000000000000000000000000000000000000000000000000000000000000000000000000000000000000000000000000000000000000000000000000000000000000000000000000000000000000000000000000000000000000000000000000000000000000000000000000000000000000000000000000000000000000000000000000000000000000000000000000000000000000000000000000000000000000000000000000000000000000000000000000000000000000000000000000000000000000000000000000000000000000000000000000000000000000000000000000000000000000000000000000000000000000000000000000000000000000000000000000000000000000000000000000000000000000000000000000000000000000000000000000000000000000,0000000000000000000000000000000000000000000000000000000000000000000000000000000000000000000000000000000000000000000000000000000000000000000000000000000000000000000000000000000000000000000000000000000000000000000000000000000000000000000000000000000000000000000000000000000000000000000000000000000000000000000000000000000000000000000000000000000000000000000000000000000000000000000000000000000000000000000000000000000000000000000000000000000000000000000000000000000000000000000000000000000000000000000000000000000000000000000000000000000000000000000000000000000000000000000000000000000000000000000000000000000000000000000000000000000000000000000000000000000000000000000000000000000000000000000000000000000000000000000000000000000000000000000000000000000000000000000000000000000000000000000000000000000000000000000000000000000000000000000000000000000000000000000000000000000000000000000000000000000000000000000000000000000000000000000000000000000000000000000000000000000000000000000000000000000000000000000000000000000000000000000000000000000000000000000000000000000000000000000000000000000000000000000000000000000000000000000000000000000000000000000000000000000000000000000000000000000000000000000000000000000000000000000000000000000000000000000000000000947494628c065f566d65616e944700000000000000008c075f565369676d61944700000000000000008c095f6574615f6d65616e94473ff00000000000008c0a5f6574615f5369676d6194473ff00000000000008c055f746f6c7894680b6811430816383daccc74473d94869452948c075f746f6c787570944740c38800000000008c075f746f6c66756e94473d719799812dea118c105f746f6c636f6e646974696f6e636f76944742d6bcc41e9000008c0d5f66756e686973745f7465726d944b2b8c0f5f66756e686973745f76616c75657394682f68314b008594683387945294284b014b56859468398942b0020000010000000000000060dc6f62fd7f000086f09eed6c324540cc84085bea774640bcaa809ce0d44440707510f8e58c4640f60157ab10044540eefa3f03e01e4640b2a08e4a68d54440e2e86af73b90454086155937a6ed44402246245bea7746400025072e5ec64440728cee09aee745407e5b77c2bde64440d8748de672444640302071352ee94440120d3f5aea7746408a55a55975d1444094468,acb223f4540846eb32b3bdb4440441913d44c6d4540903b9df2129c4440b8392c10f5454540dc125e4bd99d444058faff5aea774640cc9e3a029ab144408ee69595cf854540862ffb18bfa04440109d6e5dfea84540e261f0a0e2a4444068f26b22ca014540be98333e2bab4440ec10990389f1444086a3031cc7a44440c42f775c9df245405cb1856eeca24440c8b3beadc1f94540d2a6567059b144405c761e35d20c4540986fa557c5a24440d480f82a3ee14440e2b901e0848a4440b09fe848b1ff4440b6c7877bb0924440061fe1894ffa4440904fba85898c4440eed16240cbde4440ee93b5b888974440f4e2145cea77464090b84ec7b0954440aa3f135bea7746404c40497381824440ba2ef35aea77464074206d7573742062652061207374726963746c7920706f73697469766520696e74656765722e0a0a202020202020202052657475726e730a20202020202020202d2d2d2d2d2d2d0a20202020202020206f75743a206e6461727261790a2020202020202020202020204d65616e206f662061204469726963686c6574206d756c74696e6f6d69616c20646973747269627574696f6e2e0a0a2020202020202020e08c5b86d0010000a0955b86d001000030846086d001000050b05b86d001000040176086d0010000b0846086d001000030856086d001000060895b86d0010000b0856086d001000030866086d0010000d09e5b86d0010000b0006086d0010000947494628c055f635f316494682f68314b008594683387945294284b014b4e85946811894270020000ade8109cd03eee3f90c4e5d6036a9a3f889f10c3338fb33ff857323987c0a5bfacae844c3e49b3bf1948650e4394babf1b956026baa3c33f47ad466780dcc13f5af571c34d218b3ff40d3ed9b19f9bbffcb312e14464a03f7121be885b4ab2bf58a480c08c32ea3fcbca506e0ac4a03f3592c0acb001923f58e5c51ae9ce7a3f476956ae924bb4bfadb118da579fb7bfd812940fd510993f82e82d18eeb853bf18420b95692a61bfe2c98b3cdca5aa3f24684760533a9f3f3ffd756acdf7e83fe8431695025ec0bfec91206bdb53cbbf00ef284cba8d8b3f0e24df0ec2a8bcbf8213e7bd555db83f9bd25d74fa06843f9782400907948cbf548cee7581837fbfd0d6ec36cf57a63f1db0e7c1ab08e43ff9c7c337e801b9bfbcea4282d96fb53f67fb16b7f451a9bf54ab29baeb7694bfc48371b455d1783f31ca46ef6615b7bf57282a45e42db1bf5a7fe9d4addba6bfcfd8607712d8e83f064733c5ae83c03f38f4832d3ba8bd3fbc4c9fbef7de84bfe52006680148b2bfb7092bf59c4bc53f8b851326d51ca93fe0e43a8bfa90b8bf2126accd0629e93fd9508dc9356ba2bf7caa57a1923898bf16234183b8cdb13f7a868ea829dcc93f754dae240dcfc2bf,791e5655213bc2bf830381844660f13f3a4e670791c2c4bf4387aebeb28dbfbf026e6159dbbbab3f22415c11847fbf3ffa04d4b70af5b03f1d8a7db1da97e93f076ae77430a7a33f4f5716b65b299c3f8df0cf37a778bdbf5060baee2290ac3fdab92edff76aed3fe6414a4d90bfafbff247f8695896aebf15a2a825d572953fe84bf8c667f5ef3f24f50e174567bdbf915c74958f0eccbfc13246c2df3eee3f044e045327dda33feeced774e459e63f9474946275622e,COMPLETE
438,438,41.433919347524764,2026-05-12 20:20:48.751118,2026-05-12 20:21:06.131857,0 days 00:00:17.380739,-34.422040945710954,44.10141761742453,15.899793180151004,51.32431587042241,60.7401177456865,67.52261350106308,-31.698035947009366,63.221341387837896,56.714663684385734,85.59925090354209,26.151653667947514,15.043952147112696,,26.0,,,,,,COMPLETE
439,439,140.0,2026-05-12 20:21:07.740901,2026-05-12 20:21:07.998086,0 days 00:00:00.257185,-31.803882104599467,49.46606087586583,25.768386290056164,50.7150403125961,68.28897874108263,61.97707110856491,-30.31060782113621,58.25812698825093,50.43555936462066,79.98073631430984,32.07713930065751,8.588058832324547,Unfeasible shape,26.0,,,,,,PRUNED
440,440,140.0,2026-05-12 20:21:08.205155,2026-05-12 20:21:08.514361,0 days 00:00:00.309206,-33.47981016531628,47.806930027070344,25.664041101732472,53.617827575925205,58.1697766058273,70.12752856030102,-25.251026627044013,64.31400743604868,41.06225575075267,89.12955996667533,31.722920658846228,19.936170720979792,Unfeasible shape,26.0,,,,,,PRUNED
441,441,44.93683955605191,2026-05-12 20:21:08.688208,2026-05-12 20:21:25.120949,0 days 00:00:16.432741,-27.68255490859236,53.70738179712159,22.131517751597073,53.284290770482905,62.88728473776258,63.30723790151566,-29.993917368973207,68.53422149308429,45.46574588180986,72.58157514870746,32.72228786664825,11.610410634739306,,26.0,,,,,,COMPLETE
442,442,44.93683948702511,2026-05-12 20:21:26.575626,2026-05-12 20:21:41.646707,0 days 00:00:15.071081,-23.316825597700813,52.60408454099972,21.25585355893878,55.152511238333226,64.08266638661516,67.26239938633057,-31.087408962468643,71.22060031192561,44.837753086482316,91.68029029482504,19.7297992662471,14.107449128620907,,26.0,,,,,,COMPLETE
443,443,140.0,2026-05-12 20:21:43.155672,2026-05-12 20:21:43.371355,0 days 00:00:00.215683,-28.432843046895876,54.895792263680875,33.87799176263468,52.9956148035851,59.37444265055143,72.8730352089218,-34.294280116831736,68.22315711026255,51.999517745431135,78.92231610889145,29.58162323345025,17.122448145591996,Unfeasible shape,26.0,,,,,,PRUNED
444,444,140.0,2026-05-12 20:21:43.567402,2026-05-12 20:21:43.853910,0 days 00:00:00.286508,-30.57142595556305,38.8663919984397,17.62667570521598,48.76165173847257,66.02252665074211,69.3674661066251,-30.217719936974497,56.55136340715242,51.32600725023498,90.05012936272557,30.128623023229093,15.087311911336808,Unfeasible shape,26.0,,,,,,PRUNED
445,445,41.023366413731054,2026-05-12 20:21:44.077253,2026-05-12 20:22:01.219696,0 days 00:00:17.142443,-27.09835773898719,48.69433735781808,20.427105892412897,46.636257359000055,63.98553254331599,62.00605549076497,-27.97550219325258,53.79798040367093,53.72005890941234,81.5368278029982,27.76914952662471,5.053806118475728,,26.0,,,,,,COMPLETE
446,446,41.36337699397956,2026-05-12 20:22:02.652149,2026-05-12 20:22:16.835124,0 days 00:00:14.182975,-28.877472743865034,54.60926886796332,26.564486879485816,47.208952352663715,53.417783244686916,64.10996250323323,-28.68641059054417,58.61288024826387,53.05555630205268,95.31537624543076,26.61904866423095,16.23108980939426,,26.0,,,,,,COMPLETE
447,447,140.0,2026-05-12 20:22:18.193128,2026-05-12 20:22:18.435741,0 days 00:00:00.242613,-30.2226955397511,45.498237908235204,24.832121201052196,48.822210240855135,63.426870979251156,66.35318433607507,-21.84379870449765,66.07421661817725,41.78996327874547,92.09983310922509,30.471559966838345,13.917621476168863,Unfeasible shape,26.0,,,,,,PRUNED
448,448,41.210219669799,2026-05-12 20:22:18.650427,2026-05-12 20:22:35.152948,0 days 00:00:16.502521,-25.104788978934103,58.87423774365444,21.13284558443177,50.69142614879177,61.715811350955875,59.154207447997074,-27.801653920055763,52.95274702752858,46.72494717803534,77.32605364529472,31.986035425020408,12.45281318977178,,26.0,,,,,,COMPLETE
449,449,41.02181324169352,2026-05-12 20:22:36.541106,2026-05-12 20:22:51.378804,0 days 00:00:14.837698,-34.09963509966309,46.22993970464737,30.353181544864853,45.11918304461821,58.06960497895042,66.4671839232578,-35.82076103172734,64.09116437930511,48.96897411368813,82.05963271000914,24.464279264183467,11.531067399780676,,26.0,,,,,,COMPLETE
450,450,41.1866985303933,2026-05-12 20:22:52.867909,2026-05-12 20:23:09.298725,0 days 00:00:16.430816,-32.654937521042704,58.38634394795385,20.347857334749403,49.41116333928154,61.65593721665295,63.00217006524257,-26.061859815958286,53.135610249414185,47.35394221485905,84.12512518589489,26.386046732348472,14.068043377612565,,26.0,,,,,,COMPLETE
451,451,140.0,2026-05-12 20:23:10.711276,2026-05-12 20:23:10.969160,0 days 00:00:00.257884,-28.552462520103177,44.93202279805323,23.247684711830463,38.64070822093812,66.14328077395348,74.08554429847281,-33.673463576222446,57.61206406040876,45.490397146838525,86.90380499266247,30.912428753546543,6.029450144485633,Unfeasible shape,26.0,,,,,,PRUNED
452,452,41.09130996777483,2026-05-12 20:23:11.181721,2026-05-12 20:23:29.080712,0 days 00:00:17.898991,-37.38977380272798,53.69172337832503,23.474525028856903,50.32094736222085,62.29446634999872,70.40587248687244,-31.001685697766504,57.21616075664163,45.995970282759835,87.78712928372393,30.871817557537977,11.395703408623579,,26.0,,,,,,COMPLETE
453,453,41.25509067928809,2026-05-12 20:23:30.653418,2026-05-12 20:23:47.550306,0 days 00:00:16.896888,-32.9255844990751,49.15889384330838,18.744497988464172,48.05403204078684,61.895839263694754,63.45818144840737,-32.744313002819,54.85524244561763,50.22922579335503,86.14100013967466,27.516230898233964,15.46274704016687,,26.0,,,,,,COMPLETE
