,number,value,datetime_start,datetime_complete,duration,params_highPt.rA2,params_highPt.rL1,params_highPt.rL2,params_highPt.rL3,params_highPt.x2,params_highPt.y2,params_lowPt.rA2,params_lowPt.rL1,params_lowPt.rL2,params_lowPt.rL3,params_lowPt.x2,params_lowPt.y2,user_attrs_prune,system_attrs_cma:generation,system_attrs_cma:optimizer:0,system_attrs_cma:optimizer:1,system_attrs_cma:optimizer:2,system_attrs_cma:optimizer:3,system_attrs_cma:optimizer:4,state
987,987,140.0,2026-05-12 22:02:20.789196,2026-05-12 22:02:21.061791,0 days 00:00:00.272595,-33.96214501736482,51.745083217625215,26.195592318913143,42.81203643406346,63.153265635415124,68.32894521678215,-29.003955726596253,63.571586334095464,64.04581556147488,83.90020163965028,27.443750995427227,15.101238578509813,Unfeasible shape,55.0,800495a6100000000000008c0a636d6165732e5f636d61948c03434d419493942981947d94288c065f6e5f64696d944b0c8c085f706f7073697a65944b0b8c035f6d75944b058c075f6d755f656666948c166e756d70792e5f636f72652e6d756c74696172726179948c067363616c61729493948c056e756d7079948c0564747970659493948c02663894898887945294284b038c013c944e4e4e4affffffff4affffffff4b007494624308e9e8100774510b4094869452948c035f636394680b681143083e6c7d43b18cd03f94869452948c035f633194680b681143089fc67c4e93b7863f94869452948c045f636d7594680b68114308b90fbeb98d89913f94869452948c085f635f7369676d6194680b681143088289198da8f9d03f94869452948c085f645f7369676d6194680b68114308606246236a3ef43f94869452948c035f636d944b018c065f6368695f6e9447400b25064571943c8c085f776569676874739468098c0c5f7265636f6e737472756374949394680c8c076e6461727261799493944b0085944301629487945294284b014b0b8594680e8c02663894898887945294284b0368124e4e4e4affffffff4affffffff4b00749462894358538e214ba67ddb3f2c5e47761ddbd03f4c60b4a91145c53f18b8b48552e2b83f8daa7d42f660a63f00000000000000009bd0b4761a8dc0bf5806fa0273e3cebff539783e76c4d5bfddd50bc2786cdbbf0820f98e2d45e0bf947494628c085f705f7369676d6194682f68314b008594683387945294284b014b0c85946811894360fbe1fa828d0af03f620afca5f81af43fc67f7b4086d8c73f556a571d9a74ddbfc8c9aa4f8be2cbbfc08b0f536f29b43ff47af705655dcdbfec4d2b31b0aad73f2095be4724cb7c3fc22f0ff7654a0740b8bd8fb9d698e73f331b377afc47fbbf947494628c035f706394682f68314b008594683387945294284b014b0c8594681189436032b3d96bcb1cef3f3d68fd13803ef13fe6c444dc23f6c73fdc8b0aac01ddd0bf86d0537d5c4bb4bf1cfb8d4147d7d73f4cce18a7ada4d3bfd4fced980905d63fb25e48eac0e8cebf90c3959dd4530840d48632fc6db6e93fd27677ced22900c0947494628c055f6d65616e94682f68314b008594683387945294284b014b0c85946839894360b1a4004c3c19e93ffec171c76448dc3f4566eef7c200c63fd4e9c3811588d83f2f5b012a8372ea3f9e4b60bd8d99ec3f7aff90f7fcf9ea3f385548cbc48ee33f143c35c9712ee23f594ce71c7738ea3f0d39c625dbc8d73f4f3c6e2e004bc53f947494628c065f7369676d6194680b6811430897d01af63cb59a3f94869452948c025f44944e8c025f42944e8c075f626f756e647394682f68314b008594683387945294284b014b0c4b02869468398943c00,000000000000000000000000000f03f0000000000000000000000000000f03f0000000000000000000000000000f03f0000000000000000000000000000f03f0000000000000000000000000000f03f0000000000000000000000000000f03f0000000000000000000000000000f03f0000000000000000000000000000f03f0000000000000000000000000000f03f0000000000000000000000000000f03f0000000000000000000000000000f03f0000000000000000000000000000f03f947494628c115f6e5f6d61785f726573616d706c696e67944b788c025f67944b378c095f6c725f616461707494898c065f616c70686194473ff66666666666668c0a5f626574615f6d65616e94473fb999999999999a8c0b5f626574615f5369676d6194473f9eb851eb851eb88c065f67616d6d6194473fb999999999999a8c065f456d65616e94682f68314b008594683387945294284b014b0c4b0186946839894360000000000000000000000000000000000000000000000000000000000000000000000000000000000000000000000000000000000000000000000000000000000000000000000000000000000000000000000000000000000000000000000000947494628c075f455369676d6194682f68314b008594683387945294284b014b904b018694683989428004000000000000000000000000000000000000000000000000000000000000000000000000000000000000000000000000000000000000000000000000000000000000000000000000000000000000000000000000000000000000000000000000000000000000000000000000000000000000000000000000000000000000000000000000000000000000000000000000000000000000000000000000000000000000000000000000000000000000000000000000000000000000000000000000000000000000000000000000000000000000000000000000000000000000000000000000000000000000000000000000000000000000000000000000000000000000000000000000000000000000000000000000000000000000000000000000000000000000000000000000000000000000000000000000000000000000000000000000000000000000000000000000000000000000000000000000000000000000000000000000000000000000000000000000000000000000000000000000000000000000000000000000000000000000000000000000000000000000000000000000000000000000000000000000000000000000000000000000000000000000000000000000000000000000000000000000000000000000000000000000000000000000000000000000000000000000000000000000000000000000000000000000000000000000000000000000,0000000000000000000000000000000000000000000000000000000000000000000000000000000000000000000000000000000000000000000000000000000000000000000000000000000000000000000000000000000000000000000000000000000000000000000000000000000000000000000000000000000000000000000000000000000000000000000000000000000000000000000000000000000000000000000000000000000000000000000000000000000000000000000000000000000000000000000000000000000000000000000000000000000000000000000000000000000000000000000000000000000000000000000000000000000000000000000000000000000000000000000000000000000000000000000000000000000000000000000000000000000000000000000000000000000000000000000000000000000000000000000000000000000000000000000000000000000000000000000000000000000000000000000000000000000000000000000000000000000000000000000000000000000000000000000000000000000000000000000000000000000000000000000000000000000000000000000000000000000000000000000000000000000000000000000000000000000000000000000000000000000000000000000000000000000000000000000000000000000000000000000000000000000000000000000000000000000000000000000000000000000000000000000000000000000000000000000000000000000000000000000000000000000000000000000000000000000000000000000000000000000000000000000000000000000000000000000000000000947494628c065f566d65616e944700000000000000008c075f565369676d61944700000000000000008c095f6574615f6d65616e94473ff00000000000008c0a5f6574615f5369676d6194473ff00000000000008c055f746f6c7894680b6811430816383daccc74473d94869452948c075f746f6c787570944740c38800000000008c075f746f6c66756e94473d719799812dea118c105f746f6c636f6e646974696f6e636f76944742d6bcc41e9000008c0d5f66756e686973745f7465726d944b2b8c0f5f66756e686973745f76616c75657394682f68314b008594683387945294284b014b56859468398942b00200001407cdf888834440660b9bf536b34440a0f1f988f48344400005635bea774640c60edda317844440d83ff559ea774640e078ae2dc9834440d8a5f05aea774640f238728f33864440e479865aea774640c056dd63f3804440dc78565bea77464054b65830628644408aa5955bea774640f22aaecc5b7f4440fa640f5aea77464014c1f90724804440ca93a35bea7746400e2826fbca81444054bc6,85bea774640acb749256b7e444042a8cb5aea7746401e4fd619b07d4440a4a4885bea774640c8f0496e1f7e444050e29c5aea774640cc9e3a029ab144408ee69595cf854540862ffb18bfa04440109d6e5dfea84540e261f0a0e2a4444068f26b22ca014540be98333e2bab4440ec10990389f1444086a3031cc7a44440c42f775c9df245405cb1856eeca24440c8b3beadc1f94540d2a6567059b144405c761e35d20c4540986fa557c5a24440d480f82a3ee14440e2b901e0848a4440b09fe848b1ff4440b6c7877bb0924440061fe1894ffa4440904fba85898c4440eed16240cbde4440ee93b5b888974440f4e2145cea77464090b84ec7b0954440aa3f135bea7746404c40497381824440ba2ef35aea774640c2d8bbc6ca824440ca6bcb5bea774640181fd92d5b8c4440e8bd4e5bea7746402eb779ab4a8d4440588ba25bea77464082ea3a26b08f44404859317546af4440401d7f4a4a874440b222c35bea774640163d1a3f068b44405466165bea774640726e6247d1884440008cf95aea774640f856697d558744409634776468af44403e09331784894440ecb55660374f4540a0e1a94143854440a62b275aea774640f062ea6784894440c2a4735bea774640b28f2702337d4440e64b9b65f7a64440160a8297bd8944409430195aea77464078c07bed588844406e7d1e5cea774640b80454cfb17f444054182c5bea77464042009a6c488144405056a65bea774640947494628c055f635f316494682f68314b008594683387945294284b014b4e859468118942700200006e2bd80630c5e73f98b7c8c67248c5bf2ad7c51a8a377b3f01fcabb973649cbfe8553705f2ebb7bf2d24ad0dae43a1bf4dd949ea531ab13f56b5b7af1c1fbf3fda14616549b4b5bf392e4f050091c53f0bea17da3e3aa63fe6aa0c515670c3bf4b41f9ed7897ef3f74e812f61626b4bf546e84fecbdfc1bfdbe0c71dc478b73fffe159e48225cabfa1e495f25594a6bf07347da92d7eb7bf9523738b0c42c83f3cfadaf7c87ca2bf866cf237fa54d53fec95b01dc1699cbfe4066e6e251fdd3f84cf337a2400c7bfcd741a9e92eac6bfc2e8703bf24f9a3fa9f1fb70a896c6bfa0ff3dcb1dcebb3fb3513d53ed21c13f3d0de4b9a4358c3fdd0fd27636d2b4bf7a2063a040d0a03f78fb059cb878e23f102ef014e20aafbfda9ead5f508acf3f62a8aa3f3e14c13f44072328f610aebf9da529f6a9fccebfb727003dbfa1ad3ff812c034fa879cbfe9f7ef19b64bbdbfe58f7a21c982d63fd4c0b23eb41354bf7ea79b38f0f4bd3fe093855789558c3fe494a552402bb3bfa6e1c643e7eb9a3f407249b931c47d3fa072736d59e38a3f826682692da6e43f33914eec1adfbe3f2e73de3090fb9b3fd57720c19c80babfe1b45d5d9e36d33f4d83be22cf41c1bf,215ddfedab41c3bfe2ee38bdbb38f03f1bdbb7e5d154cdbf3b0187e6e94cdcbfbaf1822f6e6fa93f6a821079b5aaa43f9db2bedb1fecb43f2da5f00e4ebfe63f44f55493e0dfcd3f660a4891d116b33f258a55e856dec6bf6e6ff7d299b1aa3f5b85b0f8da98f53f04b82eb9892fd0bf6bc65c98002eadbfac45981943b8ca3f93dd3ea5e1daf13fb64e342e825da2bfad7eaa97f672dfbfd4791790e4cfef3faf395fa588d8bebf2137a8033c03ec3f9474946275622e,PRUNED
988,988,140.0,2026-05-12 22:02:21.304882,2026-05-12 22:02:21.586507,0 days 00:00:00.281625,-32.022544927130156,46.17463422749839,24.807898636446332,43.74140091541438,61.830340140051774,69.88422835396155,-27.140763067805338,65.17426725568514,60.86851088643902,88.43054594154636,23.978182135659015,10.736919834510616,Unfeasible shape,55.0,800495a6100000000000008c0a636d6165732e5f636d61948c03434d419493942981947d94288c065f6e5f64696d944b0c8c085f706f7073697a65944b0b8c035f6d75944b058c075f6d755f656666948c166e756d70792e5f636f72652e6d756c74696172726179948c067363616c61729493948c056e756d7079948c0564747970659493948c02663894898887945294284b038c013c944e4e4e4affffffff4affffffff4b007494624308e9e8100774510b4094869452948c035f636394680b681143083e6c7d43b18cd03f94869452948c035f633194680b681143089fc67c4e93b7863f94869452948c045f636d7594680b68114308b90fbeb98d89913f94869452948c085f635f7369676d6194680b681143088289198da8f9d03f94869452948c085f645f7369676d6194680b68114308606246236a3ef43f94869452948c035f636d944b018c065f6368695f6e9447400b25064571943c8c085f776569676874739468098c0c5f7265636f6e737472756374949394680c8c076e6461727261799493944b0085944301629487945294284b014b0b8594680e8c02663894898887945294284b0368124e4e4e4affffffff4affffffff4b00749462894358538e214ba67ddb3f2c5e47761ddbd03f4c60b4a91145c53f18b8b48552e2b83f8daa7d42f660a63f00000000000000009bd0b4761a8dc0bf5806fa0273e3cebff539783e76c4d5bfddd50bc2786cdbbf0820f98e2d45e0bf947494628c085f705f7369676d6194682f68314b008594683387945294284b014b0c85946811894360fbe1fa828d0af03f620afca5f81af43fc67f7b4086d8c73f556a571d9a74ddbfc8c9aa4f8be2cbbfc08b0f536f29b43ff47af705655dcdbfec4d2b31b0aad73f2095be4724cb7c3fc22f0ff7654a0740b8bd8fb9d698e73f331b377afc47fbbf947494628c035f706394682f68314b008594683387945294284b014b0c8594681189436032b3d96bcb1cef3f3d68fd13803ef13fe6c444dc23f6c73fdc8b0aac01ddd0bf86d0537d5c4bb4bf1cfb8d4147d7d73f4cce18a7ada4d3bfd4fced980905d63fb25e48eac0e8cebf90c3959dd4530840d48632fc6db6e93fd27677ced22900c0947494628c055f6d65616e94682f68314b008594683387945294284b014b0c85946839894360b1a4004c3c19e93ffec171c76448dc3f4566eef7c200c63fd4e9c3811588d83f2f5b012a8372ea3f9e4b60bd8d99ec3f7aff90f7fcf9ea3f385548cbc48ee33f143c35c9712ee23f594ce71c7738ea3f0d39c625dbc8d73f4f3c6e2e004bc53f947494628c065f7369676d6194680b6811430897d01af63cb59a3f94869452948c025f44944e8c025f42944e8c075f626f756e647394682f68314b008594683387945294284b014b0c4b02869468398943c00,000000000000000000000000000f03f0000000000000000000000000000f03f0000000000000000000000000000f03f0000000000000000000000000000f03f0000000000000000000000000000f03f0000000000000000000000000000f03f0000000000000000000000000000f03f0000000000000000000000000000f03f0000000000000000000000000000f03f0000000000000000000000000000f03f0000000000000000000000000000f03f0000000000000000000000000000f03f947494628c115f6e5f6d61785f726573616d706c696e67944b788c025f67944b378c095f6c725f616461707494898c065f616c70686194473ff66666666666668c0a5f626574615f6d65616e94473fb999999999999a8c0b5f626574615f5369676d6194473f9eb851eb851eb88c065f67616d6d6194473fb999999999999a8c065f456d65616e94682f68314b008594683387945294284b014b0c4b0186946839894360000000000000000000000000000000000000000000000000000000000000000000000000000000000000000000000000000000000000000000000000000000000000000000000000000000000000000000000000000000000000000000000000947494628c075f455369676d6194682f68314b008594683387945294284b014b904b018694683989428004000000000000000000000000000000000000000000000000000000000000000000000000000000000000000000000000000000000000000000000000000000000000000000000000000000000000000000000000000000000000000000000000000000000000000000000000000000000000000000000000000000000000000000000000000000000000000000000000000000000000000000000000000000000000000000000000000000000000000000000000000000000000000000000000000000000000000000000000000000000000000000000000000000000000000000000000000000000000000000000000000000000000000000000000000000000000000000000000000000000000000000000000000000000000000000000000000000000000000000000000000000000000000000000000000000000000000000000000000000000000000000000000000000000000000000000000000000000000000000000000000000000000000000000000000000000000000000000000000000000000000000000000000000000000000000000000000000000000000000000000000000000000000000000000000000000000000000000000000000000000000000000000000000000000000000000000000000000000000000000000000000000000000000000000000000000000000000000000000000000000000000000000000000000000000000000000,0000000000000000000000000000000000000000000000000000000000000000000000000000000000000000000000000000000000000000000000000000000000000000000000000000000000000000000000000000000000000000000000000000000000000000000000000000000000000000000000000000000000000000000000000000000000000000000000000000000000000000000000000000000000000000000000000000000000000000000000000000000000000000000000000000000000000000000000000000000000000000000000000000000000000000000000000000000000000000000000000000000000000000000000000000000000000000000000000000000000000000000000000000000000000000000000000000000000000000000000000000000000000000000000000000000000000000000000000000000000000000000000000000000000000000000000000000000000000000000000000000000000000000000000000000000000000000000000000000000000000000000000000000000000000000000000000000000000000000000000000000000000000000000000000000000000000000000000000000000000000000000000000000000000000000000000000000000000000000000000000000000000000000000000000000000000000000000000000000000000000000000000000000000000000000000000000000000000000000000000000000000000000000000000000000000000000000000000000000000000000000000000000000000000000000000000000000000000000000000000000000000000000000000000000000000000000000000000000000947494628c065f566d65616e944700000000000000008c075f565369676d61944700000000000000008c095f6574615f6d65616e94473ff00000000000008c0a5f6574615f5369676d6194473ff00000000000008c055f746f6c7894680b6811430816383daccc74473d94869452948c075f746f6c787570944740c38800000000008c075f746f6c66756e94473d719799812dea118c105f746f6c636f6e646974696f6e636f76944742d6bcc41e9000008c0d5f66756e686973745f7465726d944b2b8c0f5f66756e686973745f76616c75657394682f68314b008594683387945294284b014b56859468398942b00200001407cdf888834440660b9bf536b34440a0f1f988f48344400005635bea774640c60edda317844440d83ff559ea774640e078ae2dc9834440d8a5f05aea774640f238728f33864440e479865aea774640c056dd63f3804440dc78565bea77464054b65830628644408aa5955bea774640f22aaecc5b7f4440fa640f5aea77464014c1f90724804440ca93a35bea7746400e2826fbca81444054bc6,85bea774640acb749256b7e444042a8cb5aea7746401e4fd619b07d4440a4a4885bea774640c8f0496e1f7e444050e29c5aea774640cc9e3a029ab144408ee69595cf854540862ffb18bfa04440109d6e5dfea84540e261f0a0e2a4444068f26b22ca014540be98333e2bab4440ec10990389f1444086a3031cc7a44440c42f775c9df245405cb1856eeca24440c8b3beadc1f94540d2a6567059b144405c761e35d20c4540986fa557c5a24440d480f82a3ee14440e2b901e0848a4440b09fe848b1ff4440b6c7877bb0924440061fe1894ffa4440904fba85898c4440eed16240cbde4440ee93b5b888974440f4e2145cea77464090b84ec7b0954440aa3f135bea7746404c40497381824440ba2ef35aea774640c2d8bbc6ca824440ca6bcb5bea774640181fd92d5b8c4440e8bd4e5bea7746402eb779ab4a8d4440588ba25bea77464082ea3a26b08f44404859317546af4440401d7f4a4a874440b222c35bea774640163d1a3f068b44405466165bea774640726e6247d1884440008cf95aea774640f856697d558744409634776468af44403e09331784894440ecb55660374f4540a0e1a94143854440a62b275aea774640f062ea6784894440c2a4735bea774640b28f2702337d4440e64b9b65f7a64440160a8297bd8944409430195aea77464078c07bed588844406e7d1e5cea774640b80454cfb17f444054182c5bea77464042009a6c488144405056a65bea774640947494628c055f635f316494682f68314b008594683387945294284b014b4e859468118942700200006e2bd80630c5e73f98b7c8c67248c5bf2ad7c51a8a377b3f01fcabb973649cbfe8553705f2ebb7bf2d24ad0dae43a1bf4dd949ea531ab13f56b5b7af1c1fbf3fda14616549b4b5bf392e4f050091c53f0bea17da3e3aa63fe6aa0c515670c3bf4b41f9ed7897ef3f74e812f61626b4bf546e84fecbdfc1bfdbe0c71dc478b73fffe159e48225cabfa1e495f25594a6bf07347da92d7eb7bf9523738b0c42c83f3cfadaf7c87ca2bf866cf237fa54d53fec95b01dc1699cbfe4066e6e251fdd3f84cf337a2400c7bfcd741a9e92eac6bfc2e8703bf24f9a3fa9f1fb70a896c6bfa0ff3dcb1dcebb3fb3513d53ed21c13f3d0de4b9a4358c3fdd0fd27636d2b4bf7a2063a040d0a03f78fb059cb878e23f102ef014e20aafbfda9ead5f508acf3f62a8aa3f3e14c13f44072328f610aebf9da529f6a9fccebfb727003dbfa1ad3ff812c034fa879cbfe9f7ef19b64bbdbfe58f7a21c982d63fd4c0b23eb41354bf7ea79b38f0f4bd3fe093855789558c3fe494a552402bb3bfa6e1c643e7eb9a3f407249b931c47d3fa072736d59e38a3f826682692da6e43f33914eec1adfbe3f2e73de3090fb9b3fd57720c19c80babfe1b45d5d9e36d33f4d83be22cf41c1bf,215ddfedab41c3bfe2ee38bdbb38f03f1bdbb7e5d154cdbf3b0187e6e94cdcbfbaf1822f6e6fa93f6a821079b5aaa43f9db2bedb1fecb43f2da5f00e4ebfe63f44f55493e0dfcd3f660a4891d116b33f258a55e856dec6bf6e6ff7d299b1aa3f5b85b0f8da98f53f04b82eb9892fd0bf6bc65c98002eadbfac45981943b8ca3f93dd3ea5e1daf13fb64e342e825da2bfad7eaa97f672dfbfd4791790e4cfef3faf395fa588d8bebf2137a8033c03ec3f9474946275622e,PRUNED
