,number,value,datetime_start,datetime_complete,duration,params_highPt.rA2,params_highPt.rL1,params_highPt.rL2,params_highPt.rL3,params_highPt.x2,params_highPt.y2,params_lowPt.rA2,params_lowPt.rL1,params_lowPt.rL2,params_lowPt.rL3,params_lowPt.x2,params_lowPt.y2,user_attrs_prune,system_attrs_cma:generation,system_attrs_cma:optimizer:0,system_attrs_cma:optimizer:1,system_attrs_cma:optimizer:2,system_attrs_cma:optimizer:3,system_attrs_cma:optimizer:4,state
206,206,140.0,2026-05-12 19:36:08.179053,2026-05-12 19:36:08.423544,0 days 00:00:00.244491,-30.832297626188108,76.37803592113953,24.65971329882334,47.579210594424126,58.047287568039,60.26733200808522,-32.52865717037928,88.66877877029444,59.15542161265314,89.20054342436953,39.27184908584563,33.334222547016125,Unfeasible shape,13.0,800495a6100000000000008c0a636d6165732e5f636d61948c03434d419493942981947d94288c065f6e5f64696d944b0c8c085f706f7073697a65944b0b8c035f6d75944b058c075f6d755f656666948c166e756d70792e5f636f72652e6d756c74696172726179948c067363616c61729493948c056e756d7079948c0564747970659493948c02663894898887945294284b038c013c944e4e4e4affffffff4affffffff4b007494624308e9e8100774510b4094869452948c035f636394680b681143083e6c7d43b18cd03f94869452948c035f633194680b681143089fc67c4e93b7863f94869452948c045f636d7594680b68114308b90fbeb98d89913f94869452948c085f635f7369676d6194680b681143088289198da8f9d03f94869452948c085f645f7369676d6194680b68114308606246236a3ef43f94869452948c035f636d944b018c065f6368695f6e9447400b25064571943c8c085f776569676874739468098c0c5f7265636f6e737472756374949394680c8c076e6461727261799493944b0085944301629487945294284b014b0b8594680e8c02663894898887945294284b0368124e4e4e4affffffff4affffffff4b00749462894358538e214ba67ddb3f2c5e47761ddbd03f4c60b4a91145c53f18b8b48552e2b83f8daa7d42f660a63f00000000000000009bd0b4761a8dc0bf5806fa0273e3cebff539783e76c4d5bfddd50bc2786cdbbf0820f98e2d45e0bf947494628c085f705f7369676d6194682f68314b008594683387945294284b014b0c859468118943600abf12db59c7d6bfd8cbd21c00c5dfbf13aa0e187e64f3bfc85ebbce3b43d8bf3ebd6a7164a4fd3f580dd9d51233e0bf415664307c41f23f4ac8cd1a3864e63f683f5aba43b9dbbf289029b91f22f53f8e1366772fc7bbbf9230479633daedbf947494628c035f706394682f68314b008594683387945294284b014b0c8594681189436053f8cc3bd4fecabfa2c9ef02c265e3bf7ba66907c02df1bfc0be42b660c5cdbfcd5ad30f2fe7fc3f9ae643b8e43fd3bf8cdc6efbac94f13faf08346b18f7e53f5cfb0212bff7dfbf6b153df34664f53fac69fb08944ec4bf81d2732a22d6eabf947494628c055f6d65616e94682f68314b008594683387945294284b014b0c8594683989436028710ca1fbe2e63fbfec8f227f00d63ffc7c80140eb9ca3f0b4ee5cd883adf3f2a87ee287b96e63fbdadaed06ed8e83f76d423ea2fb4e63fd1fbaf5d6ce1e63f0bc06bb27484e03fd04c3158cea5ec3f6e872a31c746d13f1bd56661f94bcf3f947494628c065f7369676d6194680b6811430886369e875f06be3f94869452948c025f44944e8c025f42944e8c075f626f756e647394682f68314b008594683387945294284b014b0c4b02869468398943c00,000000000000000000000000000f03f0000000000000000000000000000f03f0000000000000000000000000000f03f0000000000000000000000000000f03f0000000000000000000000000000f03f0000000000000000000000000000f03f0000000000000000000000000000f03f0000000000000000000000000000f03f0000000000000000000000000000f03f0000000000000000000000000000f03f0000000000000000000000000000f03f0000000000000000000000000000f03f947494628c115f6e5f6d61785f726573616d706c696e67944b788c025f67944b0d8c095f6c725f616461707494898c065f616c70686194473ff66666666666668c0a5f626574615f6d65616e94473fb999999999999a8c0b5f626574615f5369676d6194473f9eb851eb851eb88c065f67616d6d6194473fb999999999999a8c065f456d65616e94682f68314b008594683387945294284b014b0c4b0186946839894360000000000000000000000000000000000000000000000000000000000000000000000000000000000000000000000000000000000000000000000000000000000000000000000000000000000000000000000000000000000000000000000000947494628c075f455369676d6194682f68314b008594683387945294284b014b904b018694683989428004000000000000000000000000000000000000000000000000000000000000000000000000000000000000000000000000000000000000000000000000000000000000000000000000000000000000000000000000000000000000000000000000000000000000000000000000000000000000000000000000000000000000000000000000000000000000000000000000000000000000000000000000000000000000000000000000000000000000000000000000000000000000000000000000000000000000000000000000000000000000000000000000000000000000000000000000000000000000000000000000000000000000000000000000000000000000000000000000000000000000000000000000000000000000000000000000000000000000000000000000000000000000000000000000000000000000000000000000000000000000000000000000000000000000000000000000000000000000000000000000000000000000000000000000000000000000000000000000000000000000000000000000000000000000000000000000000000000000000000000000000000000000000000000000000000000000000000000000000000000000000000000000000000000000000000000000000000000000000000000000000000000000000000000000000000000000000000000000000000000000000000000000000000000000000000000000,0000000000000000000000000000000000000000000000000000000000000000000000000000000000000000000000000000000000000000000000000000000000000000000000000000000000000000000000000000000000000000000000000000000000000000000000000000000000000000000000000000000000000000000000000000000000000000000000000000000000000000000000000000000000000000000000000000000000000000000000000000000000000000000000000000000000000000000000000000000000000000000000000000000000000000000000000000000000000000000000000000000000000000000000000000000000000000000000000000000000000000000000000000000000000000000000000000000000000000000000000000000000000000000000000000000000000000000000000000000000000000000000000000000000000000000000000000000000000000000000000000000000000000000000000000000000000000000000000000000000000000000000000000000000000000000000000000000000000000000000000000000000000000000000000000000000000000000000000000000000000000000000000000000000000000000000000000000000000000000000000000000000000000000000000000000000000000000000000000000000000000000000000000000000000000000000000000000000000000000000000000000000000000000000000000000000000000000000000000000000000000000000000000000000000000000000000000000000000000000000000000000000000000000000000000000000000000000000000000947494628c065f566d65616e944700000000000000008c075f565369676d61944700000000000000008c095f6574615f6d65616e94473ff00000000000008c0a5f6574615f5369676d6194473ff00000000000008c055f746f6c7894680b6811430816383daccc74473d94869452948c075f746f6c787570944740c38800000000008c075f746f6c66756e94473d719799812dea118c105f746f6c636f6e646974696f6e636f76944742d6bcc41e9000008c0d5f66756e686973745f7465726d944b2b8c0f5f66756e686973745f76616c75657394682f68314b008594683387945294284b014b56859468398942b0020000010000000000000060dc6f62fd7f000086f09eed6c324540cc84085bea774640bcaa809ce0d44440707510f8e58c4640f60157ab10044540eefa3f03e01e4640b2a08e4a68d54440e2e86af73b90454086155937a6ed44402246245bea7746400025072e5ec64440728cee09aee745407e5b77c2bde64440d8748de672444640302071352ee94440120d3f5aea7746408a55a55975d1444094468,acb223f4540846eb32b3bdb4440441913d44c6d4540903b9df2129c4440b8392c10f5454540dc125e4bd99d444058faff5aea774640cc9e3a029ab144408ee69595cf854540616c6f6e6720746865206c61737420617869730a20202020202020202020202064657465726d696e6573207468652064696d656e73696f6e616c697479206f662074686520646973747269627574696f6e2e204561636820656e747279206d7573742062650a2020202020202020202020207374726963746c7920706f7369746976652e0a20202020202020206e203a20696e74206f722061727261795f6c696b650a202020202020202020202020546865206e756d626572206f6620747269616c732e204561636820656c656d656e74206d7573742062652061207374726963746c7920706f73697469766520696e74656765722e0a0a202020202020202052657475726e730a20202020202020202d2d2d2d2d2d2d0a20202020202020206f75743a206e6461727261790a2020202020202020202020204d65616e206f662061204469726963686c6574206d756c74696e6f6d69616c20646973747269627574696f6e2e0a0a2020202020202020e08c5b86d0010000a0955b86d001000030846086d001000050b05b86d001000040176086d0010000b0846086d001000030856086d001000060895b86d0010000b0856086d001000030866086d0010000d09e5b86d0010000b0006086d0010000947494628c055f635f316494682f68314b008594683387945294284b014b4e85946811894270020000b1e7fa595d64ed3f225faaff896fb23f07562978d75cb63fe85d618b8d1a56bf3843cbcf29338fbf004112b18f41bdbf467a9f6b9317c13f504dc3b9a081be3f9c99a8bb67e99cbf61ace5a457faa4bf8a5f24684a6cb6bfc48c5a86a85fa0bf9279ec7be4c3ec3f8d1ecd28a3a3a43fb3ddd797d31da43f66d56e3b27eebcbf78410c5570a8a2bffcd8182cdc66b3bfcc752e862d9eb23fb87385e5206eaabf86483fdbb128c3bf51e3c593a29ca93f3b0c64e2c735c03fc5b06af5ffacea3f35bb0243589bbbbf37e4521f8a73b4bfce6ad59c6aca903f2bcb953debf76ebf1c5f35c7c98eb33f942d81ea2fd99c3f6be850137d2db6bf52eb057a6741a53f2254d7fe8f27a03ff80bb9f53608e83fbee4f752e451bcbfbf84bc1e0ff17bbfbec7b3d25428863fa0e3491bbb1f923f75745dfddec79dbf3c9416d40c48abbf64f0d06a0d8e503f7203bb7d231590bf20eeb26ecc84f03f1c0ab8d52781ba3f84d2ca12a122b73f3f6f81efcad8933f84a54761ae2b88bf7742a93abe8fc43f089be96190b675bf0f94046da575bcbf5f57cb751ef3ea3f7ece6e19d4d58a3f606a15ae8cc6abbfafef5086bc228a3fb999e9cbe629c33fd155ba5a1227aabf,82208edafa87bebf642d1bf07d4ff03fd686ddd392f993bfe08d8cf00a6eb9bf5a674e89961da3bf40b9704d3c579fbf1c492f58bac2b13fe49d1089cc55ec3f300ba6067dcc93bf4aec3f0d0e3caf3f911b3acd3c7ca1bfd28be30f288e8f3f3c606651bfa5f03f8808604be2ae84bf5501850d735799bf5a6778389c779a3f6684fabd6713f23f7341a047e302c0bf93ab55c4beecccbf4f3acd65cdcfee3f095c39251f26ab3fae2f65b2fd15ee3f9474946275622e,PRUNED
207,207,42.3194858448701,2026-05-12 19:36:08.598392,2026-05-12 19:36:29.471883,0 days 00:00:20.873491,-37.01633259662556,32.77647865673834,19.73709858193488,44.15058622373325,50.103636384888375,67.00710149848774,-31.305983022295457,59.44215030620191,68.29710180594432,98.33541305013813,8.774415156113186,25.96361690510376,,13.0,800495a6100000000000008c0a636d6165732e5f636d61948c03434d419493942981947d94288c065f6e5f64696d944b0c8c085f706f7073697a65944b0b8c035f6d75944b058c075f6d755f656666948c166e756d70792e5f636f72652e6d756c74696172726179948c067363616c61729493948c056e756d7079948c0564747970659493948c02663894898887945294284b038c013c944e4e4e4affffffff4affffffff4b007494624308e9e8100774510b4094869452948c035f636394680b681143083e6c7d43b18cd03f94869452948c035f633194680b681143089fc67c4e93b7863f94869452948c045f636d7594680b68114308b90fbeb98d89913f94869452948c085f635f7369676d6194680b681143088289198da8f9d03f94869452948c085f645f7369676d6194680b68114308606246236a3ef43f94869452948c035f636d944b018c065f6368695f6e9447400b25064571943c8c085f776569676874739468098c0c5f7265636f6e737472756374949394680c8c076e6461727261799493944b0085944301629487945294284b014b0b8594680e8c02663894898887945294284b0368124e4e4e4affffffff4affffffff4b00749462894358538e214ba67ddb3f2c5e47761ddbd03f4c60b4a91145c53f18b8b48552e2b83f8daa7d42f660a63f00000000000000009bd0b4761a8dc0bf5806fa0273e3cebff539783e76c4d5bfddd50bc2786cdbbf0820f98e2d45e0bf947494628c085f705f7369676d6194682f68314b008594683387945294284b014b0c859468118943600abf12db59c7d6bfd8cbd21c00c5dfbf13aa0e187e64f3bfc85ebbce3b43d8bf3ebd6a7164a4fd3f580dd9d51233e0bf415664307c41f23f4ac8cd1a3864e63f683f5aba43b9dbbf289029b91f22f53f8e1366772fc7bbbf9230479633daedbf947494628c035f706394682f68314b008594683387945294284b014b0c8594681189436053f8cc3bd4fecabfa2c9ef02c265e3bf7ba66907c02df1bfc0be42b660c5cdbfcd5ad30f2fe7fc3f9ae643b8e43fd3bf8cdc6efbac94f13faf08346b18f7e53f5cfb0212bff7dfbf6b153df34664f53fac69fb08944ec4bf81d2732a22d6eabf947494628c055f6d65616e94682f68314b008594683387945294284b014b0c8594683989436028710ca1fbe2e63fbfec8f227f00d63ffc7c80140eb9ca3f0b4ee5cd883adf3f2a87ee287b96e63fbdadaed06ed8e83f76d423ea2fb4e63fd1fbaf5d6ce1e63f0bc06bb27484e03fd04c3158cea5ec3f6e872a31c746d13f1bd56661f94bcf3f947494628c065f7369676d6194680b6811430886369e875f06be3f94869452948c025f44944e8c025f42944e8c075f626f756e647394682f68314b008594683387945294284b014b0c4b02869468398943c00,000000000000000000000000000f03f0000000000000000000000000000f03f0000000000000000000000000000f03f0000000000000000000000000000f03f0000000000000000000000000000f03f0000000000000000000000000000f03f0000000000000000000000000000f03f0000000000000000000000000000f03f0000000000000000000000000000f03f0000000000000000000000000000f03f0000000000000000000000000000f03f0000000000000000000000000000f03f947494628c115f6e5f6d61785f726573616d706c696e67944b788c025f67944b0d8c095f6c725f616461707494898c065f616c70686194473ff66666666666668c0a5f626574615f6d65616e94473fb999999999999a8c0b5f626574615f5369676d6194473f9eb851eb851eb88c065f67616d6d6194473fb999999999999a8c065f456d65616e94682f68314b008594683387945294284b014b0c4b0186946839894360000000000000000000000000000000000000000000000000000000000000000000000000000000000000000000000000000000000000000000000000000000000000000000000000000000000000000000000000000000000000000000000000947494628c075f455369676d6194682f68314b008594683387945294284b014b904b018694683989428004000000000000000000000000000000000000000000000000000000000000000000000000000000000000000000000000000000000000000000000000000000000000000000000000000000000000000000000000000000000000000000000000000000000000000000000000000000000000000000000000000000000000000000000000000000000000000000000000000000000000000000000000000000000000000000000000000000000000000000000000000000000000000000000000000000000000000000000000000000000000000000000000000000000000000000000000000000000000000000000000000000000000000000000000000000000000000000000000000000000000000000000000000000000000000000000000000000000000000000000000000000000000000000000000000000000000000000000000000000000000000000000000000000000000000000000000000000000000000000000000000000000000000000000000000000000000000000000000000000000000000000000000000000000000000000000000000000000000000000000000000000000000000000000000000000000000000000000000000000000000000000000000000000000000000000000000000000000000000000000000000000000000000000000000000000000000000000000000000000000000000000000000000000000000000000000000,0000000000000000000000000000000000000000000000000000000000000000000000000000000000000000000000000000000000000000000000000000000000000000000000000000000000000000000000000000000000000000000000000000000000000000000000000000000000000000000000000000000000000000000000000000000000000000000000000000000000000000000000000000000000000000000000000000000000000000000000000000000000000000000000000000000000000000000000000000000000000000000000000000000000000000000000000000000000000000000000000000000000000000000000000000000000000000000000000000000000000000000000000000000000000000000000000000000000000000000000000000000000000000000000000000000000000000000000000000000000000000000000000000000000000000000000000000000000000000000000000000000000000000000000000000000000000000000000000000000000000000000000000000000000000000000000000000000000000000000000000000000000000000000000000000000000000000000000000000000000000000000000000000000000000000000000000000000000000000000000000000000000000000000000000000000000000000000000000000000000000000000000000000000000000000000000000000000000000000000000000000000000000000000000000000000000000000000000000000000000000000000000000000000000000000000000000000000000000000000000000000000000000000000000000000000000000000000000000000947494628c065f566d65616e944700000000000000008c075f565369676d61944700000000000000008c095f6574615f6d65616e94473ff00000000000008c0a5f6574615f5369676d6194473ff00000000000008c055f746f6c7894680b6811430816383daccc74473d94869452948c075f746f6c787570944740c38800000000008c075f746f6c66756e94473d719799812dea118c105f746f6c636f6e646974696f6e636f76944742d6bcc41e9000008c0d5f66756e686973745f7465726d944b2b8c0f5f66756e686973745f76616c75657394682f68314b008594683387945294284b014b56859468398942b0020000010000000000000060dc6f62fd7f000086f09eed6c324540cc84085bea774640bcaa809ce0d44440707510f8e58c4640f60157ab10044540eefa3f03e01e4640b2a08e4a68d54440e2e86af73b90454086155937a6ed44402246245bea7746400025072e5ec64440728cee09aee745407e5b77c2bde64440d8748de672444640302071352ee94440120d3f5aea7746408a55a55975d1444094468,acb223f4540846eb32b3bdb4440441913d44c6d4540903b9df2129c4440b8392c10f5454540dc125e4bd99d444058faff5aea774640cc9e3a029ab144408ee69595cf854540616c6f6e6720746865206c61737420617869730a20202020202020202020202064657465726d696e6573207468652064696d656e73696f6e616c697479206f662074686520646973747269627574696f6e2e204561636820656e747279206d7573742062650a2020202020202020202020207374726963746c7920706f7369746976652e0a20202020202020206e203a20696e74206f722061727261795f6c696b650a202020202020202020202020546865206e756d626572206f6620747269616c732e204561636820656c656d656e74206d7573742062652061207374726963746c7920706f73697469766520696e74656765722e0a0a202020202020202052657475726e730a20202020202020202d2d2d2d2d2d2d0a20202020202020206f75743a206e6461727261790a2020202020202020202020204d65616e206f662061204469726963686c6574206d756c74696e6f6d69616c20646973747269627574696f6e2e0a0a2020202020202020e08c5b86d0010000a0955b86d001000030846086d001000050b05b86d001000040176086d0010000b0846086d001000030856086d001000060895b86d0010000b0856086d001000030866086d0010000d09e5b86d0010000b0006086d0010000947494628c055f635f316494682f68314b008594683387945294284b014b4e85946811894270020000b1e7fa595d64ed3f225faaff896fb23f07562978d75cb63fe85d618b8d1a56bf3843cbcf29338fbf004112b18f41bdbf467a9f6b9317c13f504dc3b9a081be3f9c99a8bb67e99cbf61ace5a457faa4bf8a5f24684a6cb6bfc48c5a86a85fa0bf9279ec7be4c3ec3f8d1ecd28a3a3a43fb3ddd797d31da43f66d56e3b27eebcbf78410c5570a8a2bffcd8182cdc66b3bfcc752e862d9eb23fb87385e5206eaabf86483fdbb128c3bf51e3c593a29ca93f3b0c64e2c735c03fc5b06af5ffacea3f35bb0243589bbbbf37e4521f8a73b4bfce6ad59c6aca903f2bcb953debf76ebf1c5f35c7c98eb33f942d81ea2fd99c3f6be850137d2db6bf52eb057a6741a53f2254d7fe8f27a03ff80bb9f53608e83fbee4f752e451bcbfbf84bc1e0ff17bbfbec7b3d25428863fa0e3491bbb1f923f75745dfddec79dbf3c9416d40c48abbf64f0d06a0d8e503f7203bb7d231590bf20eeb26ecc84f03f1c0ab8d52781ba3f84d2ca12a122b73f3f6f81efcad8933f84a54761ae2b88bf7742a93abe8fc43f089be96190b675bf0f94046da575bcbf5f57cb751ef3ea3f7ece6e19d4d58a3f606a15ae8cc6abbfafef5086bc228a3fb999e9cbe629c33fd155ba5a1227aabf,82208edafa87bebf642d1bf07d4ff03fd686ddd392f993bfe08d8cf00a6eb9bf5a674e89961da3bf40b9704d3c579fbf1c492f58bac2b13fe49d1089cc55ec3f300ba6067dcc93bf4aec3f0d0e3caf3f911b3acd3c7ca1bfd28be30f288e8f3f3c606651bfa5f03f8808604be2ae84bf5501850d735799bf5a6778389c779a3f6684fabd6713f23f7341a047e302c0bf93ab55c4beecccbf4f3acd65cdcfee3f095c39251f26ab3fae2f65b2fd15ee3f9474946275622e,COMPLETE
208,208,140.0,2026-05-12 19:36:31.056707,2026-05-12 19:36:31.325794,0 days 00:00:00.269087,-49.31673942974085,43.853284119428714,20.960566006417494,53.842214838738464,67.5294634633786,68.37918794727169,-35.46692384059283,57.69236511221729,66.64402717621803,83.54820899091597,30.236762763515724,7.376866697742753,Unfeasible shape,13.0,,,,,,PRUNED
209,209,140.0,2026-05-12 19:36:31.542880,2026-05-12 19:36:31.801469,0 days 00:00:00.258589,-40.52574846069526,33.33637492797272,41.606291990752695,41.563253853582665,55.2099853248191,67.57432493971596,-35.57045827238884,72.39646274984655,63.036145040379175,82.13829339789174,26.237079115918846,11.192691686341833,Unfeasible shape,13.0,,,,,,PRUNED
210,210,41.25583183541225,2026-05-12 19:36:31.950370,2026-05-12 19:36:46.223766,0 days 00:00:14.273396,-35.346342611718654,44.39677793296097,37.74735856048455,53.32429880246796,48.93969800216676,70.79204416102357,-45.583308652842106,66.60483932405342,62.55278075237227,84.69310376677416,18.873878795881417,6.23048907116824,,13.0,,,,,,COMPLETE
211,211,41.94303756692639,2026-05-12 19:36:47.652057,2026-05-12 19:37:04.149621,0 days 00:00:16.497564,-46.30851581489754,47.45960346156285,39.56104116604347,51.64116551765117,34.62712154520332,70.50761204319049,-38.571211241015945,66.41985233402463,59.670345694648915,89.35101853723643,29.426955714713067,30.348936533644093,,13.0,,,,,,COMPLETE
212,212,41.9241622288731,2026-05-12 19:37:05.628645,2026-05-12 19:37:21.287937,0 days 00:00:15.659292,-41.92180598431578,34.70489898658663,36.611785088580376,54.664965517980086,39.3795773716651,51.39296592713237,-39.80892947164934,80.34716707429956,51.860322679722984,88.20666941963967,17.98701274854497,34.959778162447826,,13.0,,,,,,COMPLETE
213,213,43.320262602816115,2026-05-12 19:37:22.675571,2026-05-12 19:37:41.113636,0 days 00:00:18.438065,-39.821065157416776,31.196006370639015,32.459806086754924,62.301936558054855,58.83229441334613,51.82357086487673,-33.217217009478695,79.33792505264698,52.05475866773381,95.39624213787212,26.358645116190882,14.496832108000962,,13.0,,,,,,COMPLETE
214,214,41.40533494020947,2026-05-12 19:37:42.751183,2026-05-12 19:37:59.208836,0 days 00:00:16.457653,-33.87702294413285,41.258917907151485,37.58693295783765,50.34280115977254,45.71332018635434,64.28940242197457,-45.32022444474534,80.78410263851042,60.00017616371943,94.84142812227412,8.324170836326664,19.41057580818285,,13.0,,,,,,COMPLETE
215,215,140.0,2026-05-12 19:38:00.648058,2026-05-12 19:38:00.883062,0 days 00:00:00.235004,-40.063775565324896,51.16393567662581,25.507664174801832,50.19422605191401,26.528304367838917,57.054087397286644,-34.640697516016346,56.8787672121733,91.7951604264243,87.08832734220391,17.7855398254897,24.212369671402964,Unfeasible shape,13.0,,,,,,PRUNED
216,216,41.2637078359096,2026-05-12 19:38:01.035112,2026-05-12 19:38:20.401768,0 days 00:00:19.366656,-45.57191094658522,62.877528083432175,21.92267119794898,52.99325065041646,62.850095948054694,66.73407070102509,-35.67934724658044,61.446115046153125,68.01883092739646,88.54951658286828,16.292024561850372,14.665183998681957,,13.0,,,,,,COMPLETE
217,217,140.0,2026-05-12 19:38:21.841206,2026-05-12 19:38:22.122618,0 days 00:00:00.281412,-33.912063050532986,26.59367525406331,36.48939193570656,67.06325514446814,61.86505528507123,68.24240113892975,-40.510538644709726,60.186580705120875,72.5015973917674,74.79963287430118,29.610706930695734,8.169912581859036,Unfeasible shape,13.0,,,,,,PRUNED
