,number,value,datetime_start,datetime_complete,duration,params_highPt.rA2,params_highPt.rL1,params_highPt.rL2,params_highPt.rL3,params_highPt.x2,params_highPt.y2,params_lowPt.rA2,params_lowPt.rL1,params_lowPt.rL2,params_lowPt.rL3,params_lowPt.x2,params_lowPt.y2,user_attrs_prune,system_attrs_cma:generation,system_attrs_cma:optimizer:0,system_attrs_cma:optimizer:1,system_attrs_cma:optimizer:2,system_attrs_cma:optimizer:3,system_attrs_cma:optimizer:4,state
335,335,41.23677432137484,2026-05-12 19:59:43.547112,2026-05-12 20:00:00.502782,0 days 00:00:16.955670,-44.548887888154184,61.45696108469231,20.41082610883669,54.0061718600951,62.25551149935165,70.22594234996109,-39.53808721099763,65.25691768934499,59.63835714058036,72.55833063090661,21.008258406581117,12.785261220295943,,20.0,800495a6100000000000008c0a636d6165732e5f636d61948c03434d419493942981947d94288c065f6e5f64696d944b0c8c085f706f7073697a65944b0b8c035f6d75944b058c075f6d755f656666948c166e756d70792e5f636f72652e6d756c74696172726179948c067363616c61729493948c056e756d7079948c0564747970659493948c02663894898887945294284b038c013c944e4e4e4affffffff4affffffff4b007494624308e9e8100774510b4094869452948c035f636394680b681143083e6c7d43b18cd03f94869452948c035f633194680b681143089fc67c4e93b7863f94869452948c045f636d7594680b68114308b90fbeb98d89913f94869452948c085f635f7369676d6194680b681143088289198da8f9d03f94869452948c085f645f7369676d6194680b68114308606246236a3ef43f94869452948c035f636d944b018c065f6368695f6e9447400b25064571943c8c085f776569676874739468098c0c5f7265636f6e737472756374949394680c8c076e6461727261799493944b0085944301629487945294284b014b0b8594680e8c02663894898887945294284b0368124e4e4e4affffffff4affffffff4b00749462894358538e214ba67ddb3f2c5e47761ddbd03f4c60b4a91145c53f18b8b48552e2b83f8daa7d42f660a63f00000000000000009bd0b4761a8dc0bf5806fa0273e3cebff539783e76c4d5bfddd50bc2786cdbbf0820f98e2d45e0bf947494628c085f705f7369676d6194682f68314b008594683387945294284b014b0c85946811894360d7c225ec2a59e33f8a0f07907f20d2bf1ef2602d318df3bf7730234585ebd8bf8a81316117cad13f6081ce5dfdac89bf268cd1cc3cd9ef3f3946c8b0f4cdd2bf663f3734e748d4bfbb6195dd93fef0bf58216416dd01d13f9fd838435a0fd7bf947494628c035f706394682f68314b008594683387945294284b014b0c85946811894360a94e116c13b7e03f4e592f231688d3bf82a85133bee7eebfa6a7a95ad258c7bf616f554ee11dd33fe477a8249a10c1bfe41293167f71f13f2889cb2f1e3ad4bf863ba54c4ed7d9bf02491ec056dfefbfe4df2b5d1484d33fdccc8d7344ecbebf947494628c055f6d65616e94682f68314b008594683387945294284b014b0c859468398943604b57c234d8a5e53f786e9d91cbd3dd3f42659952d4c8bd3f9ff2067f3f16de3f0f02e91a7f21e83f38daa4f74eddeb3f0538f45eeec9e93fb8fe7a643782e13fe3724971764de03fb3ed0f03dad9e73f6b5e800af286d03f1ec85a7b50f4ce3f947494628c065f7369676d6194680b68114308b2749711ab0fb53f94869452948c025f44944e8c025f42944e8c075f626f756e647394682f68314b008594683387945294284b014b0c4b02869468398943c00,000000000000000000000000000f03f0000000000000000000000000000f03f0000000000000000000000000000f03f0000000000000000000000000000f03f0000000000000000000000000000f03f0000000000000000000000000000f03f0000000000000000000000000000f03f0000000000000000000000000000f03f0000000000000000000000000000f03f0000000000000000000000000000f03f0000000000000000000000000000f03f0000000000000000000000000000f03f947494628c115f6e5f6d61785f726573616d706c696e67944b788c025f67944b148c095f6c725f616461707494898c065f616c70686194473ff66666666666668c0a5f626574615f6d65616e94473fb999999999999a8c0b5f626574615f5369676d6194473f9eb851eb851eb88c065f67616d6d6194473fb999999999999a8c065f456d65616e94682f68314b008594683387945294284b014b0c4b0186946839894360000000000000000000000000000000000000000000000000000000000000000000000000000000000000000000000000000000000000000000000000000000000000000000000000000000000000000000000000000000000000000000000000947494628c075f455369676d6194682f68314b008594683387945294284b014b904b018694683989428004000000000000000000000000000000000000000000000000000000000000000000000000000000000000000000000000000000000000000000000000000000000000000000000000000000000000000000000000000000000000000000000000000000000000000000000000000000000000000000000000000000000000000000000000000000000000000000000000000000000000000000000000000000000000000000000000000000000000000000000000000000000000000000000000000000000000000000000000000000000000000000000000000000000000000000000000000000000000000000000000000000000000000000000000000000000000000000000000000000000000000000000000000000000000000000000000000000000000000000000000000000000000000000000000000000000000000000000000000000000000000000000000000000000000000000000000000000000000000000000000000000000000000000000000000000000000000000000000000000000000000000000000000000000000000000000000000000000000000000000000000000000000000000000000000000000000000000000000000000000000000000000000000000000000000000000000000000000000000000000000000000000000000000000000000000000000000000000000000000000000000000000000000000000000000000000000,0000000000000000000000000000000000000000000000000000000000000000000000000000000000000000000000000000000000000000000000000000000000000000000000000000000000000000000000000000000000000000000000000000000000000000000000000000000000000000000000000000000000000000000000000000000000000000000000000000000000000000000000000000000000000000000000000000000000000000000000000000000000000000000000000000000000000000000000000000000000000000000000000000000000000000000000000000000000000000000000000000000000000000000000000000000000000000000000000000000000000000000000000000000000000000000000000000000000000000000000000000000000000000000000000000000000000000000000000000000000000000000000000000000000000000000000000000000000000000000000000000000000000000000000000000000000000000000000000000000000000000000000000000000000000000000000000000000000000000000000000000000000000000000000000000000000000000000000000000000000000000000000000000000000000000000000000000000000000000000000000000000000000000000000000000000000000000000000000000000000000000000000000000000000000000000000000000000000000000000000000000000000000000000000000000000000000000000000000000000000000000000000000000000000000000000000000000000000000000000000000000000000000000000000000000000000000000000000000000947494628c065f566d65616e944700000000000000008c075f565369676d61944700000000000000008c095f6574615f6d65616e94473ff00000000000008c0a5f6574615f5369676d6194473ff00000000000008c055f746f6c7894680b6811430816383daccc74473d94869452948c075f746f6c787570944740c38800000000008c075f746f6c66756e94473d719799812dea118c105f746f6c636f6e646974696f6e636f76944742d6bcc41e9000008c0d5f66756e686973745f7465726d944b2b8c0f5f66756e686973745f76616c75657394682f68314b008594683387945294284b014b56859468398942b0020000010000000000000060dc6f62fd7f000086f09eed6c324540cc84085bea774640bcaa809ce0d44440707510f8e58c4640f60157ab10044540eefa3f03e01e4640b2a08e4a68d54440e2e86af73b90454086155937a6ed44402246245bea7746400025072e5ec64440728cee09aee745407e5b77c2bde64440d8748de672444640302071352ee94440120d3f5aea7746408a55a55975d1444094468,acb223f4540846eb32b3bdb4440441913d44c6d4540903b9df2129c4440b8392c10f5454540dc125e4bd99d444058faff5aea774640cc9e3a029ab144408ee69595cf854540862ffb18bfa04440109d6e5dfea84540e261f0a0e2a4444068f26b22ca014540be98333e2bab4440ec10990389f1444086a3031cc7a44440c42f775c9df245405cb1856eeca24440c8b3beadc1f94540d2a6567059b144405c761e35d20c4540986fa557c5a24440d480f82a3ee1444020207374726963746c7920706f7369746976652e0a20202020202020206e203a20696e74206f722061727261795f6c696b650a202020202020202020202020546865206e756d626572206f6620747269616c732e204561636820656c656d656e74206d7573742062652061207374726963746c7920706f73697469766520696e74656765722e0a0a202020202020202052657475726e730a20202020202020202d2d2d2d2d2d2d0a20202020202020206f75743a206e6461727261790a2020202020202020202020204d65616e206f662061204469726963686c6574206d756c74696e6f6d69616c20646973747269627574696f6e2e0a0a2020202020202020e08c5b86d0010000a0955b86d001000030846086d001000050b05b86d001000040176086d0010000b0846086d001000030856086d001000060895b86d0010000b0856086d001000030866086d0010000d09e5b86d0010000b0006086d0010000947494628c055f635f316494682f68314b008594683387945294284b014b4e859468118942700200002a54a4bf219aeb3f6446e2c1a769ae3fc635f4918919bf3f5efb226502a997bfa7cabc282058bbbf1f1551e38db6c1bf5a927e2bb7b0bf3f58119872e3cdc33f23dc01891c9b8abf1e63862ae726a5bf1c70a40cca9985bf030f48500431963f2a4a2dbd5723ec3fefdbab352f05ac3f535c2b902522773f02614bc6afc090bf1ae6f57d48ffa4bf79e270293313a1bf89ad4b913208a83f430829aebe0da23fefb8f8c18e7aaebf28dc799a44f5b13f828856441eb0ba3f35dc1ebc1d7fe93fe2cd308aec6cbebf86e2c68215d2c6bf5137643f9cb6873fb26221fa3ac8b9bfcc0a415b1d87ae3f03641f210de6af3f5e7b51758e77b4bfbf74de415402a53fcef510d1cb6fb03fde3de33b0356e43f053c99f1deecbabf75de57cb2ea9b33ff2e820e10d5d7abfc29179503a1a7abf84b7e820eb487abfe8f578fe33c7b1bfe8f7ee6eef1ba2bfbd0227e2c47b86bf282f640a438fed3f6c3fefae7eefbc3f434bd5f2c133b43f516e99fa7c25b5bf844d3a906eb7acbfd56b35aee824c53fa2a6d1e1285a79bf8c36a1010a3bbfbfa46bd05158e1e83f6c1900dd8c8ea7bf7883411c14348fbf04a1a484e378a03fe404e14e6465c33f880aa5e7833ab5bf,e7ec82e9c16fc4bf5f8cab19f834f13f581a062d37d0bcbfaa2189d81d32c0bf7323eff0b88c973f267880a2e0cfb13fbe0e40d54cedc13f16d91fc3c8f4eb3f0c50af164f23643f083d31195376a73f31dcf2409203b3bf321a86e642f2b03fb31832dcfb89f03f8e3eadb8c925a0bf18d4955d940b98bf5e76bafdfbd09fbfc05785faf7edf03f63085d6706b9c5bf6f43b0af31a2cfbf8a4abba13272ed3fa69f9d4a332fbf3f472893dc68a6e93f9474946275622e,COMPLETE
336,336,140.0,2026-05-12 20:00:01.987966,2026-05-12 20:00:02.256349,0 days 00:00:00.268383,-35.28416329678784,57.075419317967736,36.2633539450176,45.877078872745464,58.51066700922327,63.467742600536425,-31.964920499857335,57.730581115964846,60.583461722816914,79.65338653685954,17.308668292104652,18.290390506115006,Unfeasible shape,20.0,,,,,,PRUNED
337,337,41.48736593513726,2026-05-12 20:00:02.427203,2026-05-12 20:00:19.145842,0 days 00:00:16.718639,-37.75064821708162,43.80454361541154,21.82112455019178,45.174904415827804,58.00298731120604,64.86019388844217,-29.153628999634158,67.18351034909406,58.79705146079424,86.75768501520561,24.64655087121763,19.624336032601732,,20.0,,,,,,COMPLETE
338,338,41.08218002399714,2026-05-12 20:00:20.585383,2026-05-12 20:00:41.019785,0 days 00:00:20.434402,-36.38256772674625,43.66567094387167,15.831602844439706,52.2685981893698,67.68304046467652,66.58831009432939,-24.15212217411537,55.09946226132324,45.69081885175858,79.91965308698272,17.04255661423661,20.428475159737665,,20.0,,,,,,COMPLETE
339,339,41.727669466888855,2026-05-12 20:00:42.686466,2026-05-12 20:00:59.771549,0 days 00:00:17.085083,-39.65590251933143,56.851183793284875,25.014114300035605,50.54086602606303,50.67383541375128,71.55226104751316,-29.45408556531096,61.77181018710438,49.156513414075704,63.37602567189841,20.3036844485803,26.572765663106924,,20.0,,,,,,COMPLETE
340,340,41.62693822376457,2026-05-12 20:01:01.147382,2026-05-12 20:01:18.843051,0 days 00:00:17.695669,-37.36787332285596,60.487467933757095,18.046137625726377,54.872744993265556,52.80259939215983,61.862452490148115,-33.55949755700516,69.82531573130572,60.83950170074245,88.53770330666092,22.215084181594733,24.246670776498444,,20.0,,,,,,COMPLETE
341,341,140.0,2026-05-12 20:01:20.305197,2026-05-12 20:01:20.592892,0 days 00:00:00.287695,-41.08919082236228,49.64272338229234,12.303281637440865,49.237401434982225,60.90284966401262,62.316898584796384,-30.43435738424791,61.75649992856907,49.567913091680516,82.77301068340488,14.862241465340922,17.836845462804643,Unfeasible shape,20.0,,,,,,PRUNED
342,342,41.39980699596619,2026-05-12 20:01:20.770676,2026-05-12 20:01:39.323551,0 days 00:00:18.552875,-40.10464493441709,44.685621999736256,21.636162873948873,50.669056790023106,57.46487881968604,66.47271646892148,-35.488685739948586,58.93964706918609,49.253039811417,70.26084488448079,15.44229192264591,17.06805808909551,,20.0,,,,,,COMPLETE
343,343,140.0,2026-05-12 20:01:40.675061,2026-05-12 20:01:40.935684,0 days 00:00:00.260623,-46.59934571849302,52.32107898429101,23.21924178774352,46.89175037148426,66.83089210573355,68.96170922920574,-29.213336096278702,59.48875854976021,42.04974720436964,81.8950912234133,30.659031548639057,26.72477709176782,Unfeasible shape,20.0,,,,,,PRUNED
344,344,41.339740069528204,2026-05-12 20:01:41.108626,2026-05-12 20:01:55.802322,0 days 00:00:14.693696,-33.54290949063456,46.27070525857745,21.400275171022,50.122774473512486,59.38381345965698,73.12632078264808,-28.38264443465728,52.188116166475034,63.4632306203399,83.4044120650057,20.947325970647288,20.180546766034485,,20.0,,,,,,COMPLETE
345,345,41.99759780272086,2026-05-12 20:01:57.266858,2026-05-12 20:02:13.870503,0 days 00:00:16.603645,-33.95858120473027,49.71770165362258,25.137047666722985,60.62559653609046,41.018930633534886,58.81617407787141,-25.977641863529314,69.1073048575733,69.69883621300988,80.87087851324362,16.597719208847565,31.35868987668221,,20.0,,,,,,COMPLETE
346,346,41.5075228232422,2026-05-12 20:02:15.329627,2026-05-12 20:02:31.996219,0 days 00:00:16.666592,-47.02226955613321,41.284844343379085,20.406904461037225,57.19190072893818,54.628648735283456,71.73296933368596,-26.74975131146357,51.472245681221345,53.04881174848314,86.49987711356889,20.746357033643346,16.805193064271712,,20.0,,,,,,COMPLETE
347,347,41.7232732810304,2026-05-12 20:02:33.465936,2026-05-12 20:02:47.660054,0 days 00:00:14.194118,-32.259130409637834,54.79455614257096,25.341524974445715,50.12235187164843,46.21775017647757,61.285524832995065,-25.93657622004823,56.287422718720826,48.56841728489443,67.71955704128675,20.730323021034902,31.575485460042575,,20.0,,,,,,COMPLETE
348,348,41.69222452810111,2026-05-12 20:02:48.959071,2026-05-12 20:03:05.168040,0 days 00:00:16.208969,-41.34817279824043,49.05361382657366,21.66503389181654,50.923475832918164,54.12395921887879,73.39362894296332,-28.449493748726532,50.72038090628129,45.299333788865106,73.60503533818422,18.12192719007029,20.53588549236199,,20.0,,,,,,COMPLETE
