,number,value,datetime_start,datetime_complete,duration,params_highPt.rA2,params_highPt.rL1,params_highPt.rL2,params_highPt.rL3,params_highPt.x2,params_highPt.y2,params_lowPt.rA2,params_lowPt.rL1,params_lowPt.rL2,params_lowPt.rL3,params_lowPt.x2,params_lowPt.y2,user_attrs_prune,system_attrs_cma:generation,system_attrs_cma:optimizer:0,system_attrs_cma:optimizer:1,system_attrs_cma:optimizer:2,system_attrs_cma:optimizer:3,system_attrs_cma:optimizer:4,state
850,850,140.0,2026-05-12 21:31:36.275702,2026-05-12 21:31:36.558048,0 days 00:00:00.282346,-34.289544545826416,51.686527639764,25.971258285348757,43.168372351393025,64.69717232315627,65.83998976103894,-26.09973509989394,69.73940302772442,65.5861746473059,69.90407816803,27.292935823533433,21.73197907066554,Unfeasible shape,46.0,800495a6100000000000008c0a636d6165732e5f636d61948c03434d419493942981947d94288c065f6e5f64696d944b0c8c085f706f7073697a65944b0b8c035f6d75944b058c075f6d755f656666948c166e756d70792e5f636f72652e6d756c74696172726179948c067363616c61729493948c056e756d7079948c0564747970659493948c02663894898887945294284b038c013c944e4e4e4affffffff4affffffff4b007494624308e9e8100774510b4094869452948c035f636394680b681143083e6c7d43b18cd03f94869452948c035f633194680b681143089fc67c4e93b7863f94869452948c045f636d7594680b68114308b90fbeb98d89913f94869452948c085f635f7369676d6194680b681143088289198da8f9d03f94869452948c085f645f7369676d6194680b68114308606246236a3ef43f94869452948c035f636d944b018c065f6368695f6e9447400b25064571943c8c085f776569676874739468098c0c5f7265636f6e737472756374949394680c8c076e6461727261799493944b0085944301629487945294284b014b0b8594680e8c02663894898887945294284b0368124e4e4e4affffffff4affffffff4b00749462894358538e214ba67ddb3f2c5e47761ddbd03f4c60b4a91145c53f18b8b48552e2b83f8daa7d42f660a63f00000000000000009bd0b4761a8dc0bf5806fa0273e3cebff539783e76c4d5bfddd50bc2786cdbbf0820f98e2d45e0bf947494628c085f705f7369676d6194682f68314b008594683387945294284b014b0c859468118943607c1958651145d3bf465a8e47d546ff3f10bcc7fdf83dc1bf3d5a087aaf26e2bf1bf9c9ce8887cb3f2421e434d4a1f0bfc25b8d9046f2e13ffae2064a898bee3f04264c4be6f004407864c0f6489cf7bfb2d6244cb09de93fa70613bebc29c73f947494628c035f706394682f68314b008594683387945294284b014b0c85946811894360c4c6efa25b67c8bf3608858e7e27fe3f003d44384b025b3f9484c1c2667fe8bfd47417086703cb3fb43846d52a97f0bf78e1668bb733cfbf1cc80e0badb4e93f8ffe66d14d8a064072d29ea5965df8bf04d8f7c35f91e83f2e65f553ca85ea3f947494628c055f6d65616e94682f68314b008594683387945294284b014b0c8594683989436026aab6c3f89ae73fb65c1e7280d7dd3fec691d235e66c43f82224db29dbfd93fc1a7c10e767aea3f0c09d4b7e7fbeb3fc3432be17a85eb3f1280c032a1d6e33f36a519370c33e43f53ebaf6c4766e63f27da91baac08d53ff9e4446922a1ce3f947494628c065f7369676d6194680b6811430864e9ea167bc5a33f94869452948c025f44944e8c025f42944e8c075f626f756e647394682f68314b008594683387945294284b014b0c4b02869468398943c00,000000000000000000000000000f03f0000000000000000000000000000f03f0000000000000000000000000000f03f0000000000000000000000000000f03f0000000000000000000000000000f03f0000000000000000000000000000f03f0000000000000000000000000000f03f0000000000000000000000000000f03f0000000000000000000000000000f03f0000000000000000000000000000f03f0000000000000000000000000000f03f0000000000000000000000000000f03f947494628c115f6e5f6d61785f726573616d706c696e67944b788c025f67944b2e8c095f6c725f616461707494898c065f616c70686194473ff66666666666668c0a5f626574615f6d65616e94473fb999999999999a8c0b5f626574615f5369676d6194473f9eb851eb851eb88c065f67616d6d6194473fb999999999999a8c065f456d65616e94682f68314b008594683387945294284b014b0c4b0186946839894360000000000000000000000000000000000000000000000000000000000000000000000000000000000000000000000000000000000000000000000000000000000000000000000000000000000000000000000000000000000000000000000000947494628c075f455369676d6194682f68314b008594683387945294284b014b904b018694683989428004000000000000000000000000000000000000000000000000000000000000000000000000000000000000000000000000000000000000000000000000000000000000000000000000000000000000000000000000000000000000000000000000000000000000000000000000000000000000000000000000000000000000000000000000000000000000000000000000000000000000000000000000000000000000000000000000000000000000000000000000000000000000000000000000000000000000000000000000000000000000000000000000000000000000000000000000000000000000000000000000000000000000000000000000000000000000000000000000000000000000000000000000000000000000000000000000000000000000000000000000000000000000000000000000000000000000000000000000000000000000000000000000000000000000000000000000000000000000000000000000000000000000000000000000000000000000000000000000000000000000000000000000000000000000000000000000000000000000000000000000000000000000000000000000000000000000000000000000000000000000000000000000000000000000000000000000000000000000000000000000000000000000000000000000000000000000000000000000000000000000000000000000000000000000000000000000,0000000000000000000000000000000000000000000000000000000000000000000000000000000000000000000000000000000000000000000000000000000000000000000000000000000000000000000000000000000000000000000000000000000000000000000000000000000000000000000000000000000000000000000000000000000000000000000000000000000000000000000000000000000000000000000000000000000000000000000000000000000000000000000000000000000000000000000000000000000000000000000000000000000000000000000000000000000000000000000000000000000000000000000000000000000000000000000000000000000000000000000000000000000000000000000000000000000000000000000000000000000000000000000000000000000000000000000000000000000000000000000000000000000000000000000000000000000000000000000000000000000000000000000000000000000000000000000000000000000000000000000000000000000000000000000000000000000000000000000000000000000000000000000000000000000000000000000000000000000000000000000000000000000000000000000000000000000000000000000000000000000000000000000000000000000000000000000000000000000000000000000000000000000000000000000000000000000000000000000000000000000000000000000000000000000000000000000000000000000000000000000000000000000000000000000000000000000000000000000000000000000000000000000000000000000000000000000000000000947494628c065f566d65616e944700000000000000008c075f565369676d61944700000000000000008c095f6574615f6d65616e94473ff00000000000008c0a5f6574615f5369676d6194473ff00000000000008c055f746f6c7894680b6811430816383daccc74473d94869452948c075f746f6c787570944740c38800000000008c075f746f6c66756e94473d719799812dea118c105f746f6c636f6e646974696f6e636f76944742d6bcc41e9000008c0d5f66756e686973745f7465726d944b2b8c0f5f66756e686973745f76616c75657394682f68314b008594683387945294284b014b56859468398942b00200001407cdf888834440660b9bf536b34440a0f1f988f48344400005635bea774640c60edda317844440d83ff559ea774640e078ae2dc9834440d8a5f05aea774640b2a08e4a68d54440e2e86af73b90454086155937a6ed44402246245bea7746400025072e5ec64440728cee09aee745407e5b77c2bde64440d8748de672444640302071352ee94440120d3f5aea7746408a55a55975d1444094468,acb223f4540846eb32b3bdb4440441913d44c6d4540903b9df2129c4440b8392c10f5454540dc125e4bd99d444058faff5aea774640cc9e3a029ab144408ee69595cf854540862ffb18bfa04440109d6e5dfea84540e261f0a0e2a4444068f26b22ca014540be98333e2bab4440ec10990389f1444086a3031cc7a44440c42f775c9df245405cb1856eeca24440c8b3beadc1f94540d2a6567059b144405c761e35d20c4540986fa557c5a24440d480f82a3ee14440e2b901e0848a4440b09fe848b1ff4440b6c7877bb0924440061fe1894ffa4440904fba85898c4440eed16240cbde4440ee93b5b888974440f4e2145cea77464090b84ec7b0954440aa3f135bea7746404c40497381824440ba2ef35aea774640c2d8bbc6ca824440ca6bcb5bea774640181fd92d5b8c4440e8bd4e5bea7746402eb779ab4a8d4440588ba25bea77464082ea3a26b08f44404859317546af4440401d7f4a4a874440b222c35bea774640163d1a3f068b44405466165bea774640726e6247d1884440008cf95aea774640f856697d558744409634776468af44403e09331784894440ecb55660374f4540a0e1a94143854440a62b275aea774640f062ea6784894440c2a4735bea774640b28f2702337d4440e64b9b65f7a64440160a8297bd8944409430195aea77464078c07bed588844406e7d1e5cea774640b80454cfb17f444054182c5bea77464042009a6c488144405056a65bea774640947494628c055f635f316494682f68314b008594683387945294284b014b4e859468118942700200003f7e4ee3ed17e73f4f9e41f35397bebf23990cefbfa69b3faae7bf7fbc8b9bbfa7f819b9f14dc0bf9603dc209528a2bf81ff22536377ba3fde999a7f4457b73fe8f83a5e27d0a0bf8285d5013dddb13f73cf0e24074d8a3fd6e5822a99a2babf1c9baa061a01ef3fa66fda3e6590a4bff0ad52245722b6bfe1ee18ad0965be3fd14c5237b9f3c1bf24cb84045decbebfc8bb3c095f7da3bf92f435c06fe2c73f84bcad04b09ca4bf17d8e2991c0cd33f3c4c469ce1a8a03fdea0256ab2d3e13fea2003342d63c3bf22a5172495e4c9bfb93ef248b402b13f469e1aad8491cebf585a17b95dfdc13f673c4dd44787c63fba1bbf4f2aed6d3f9f1c518f7941b6bfbb346b69dcbcb73fcd1ee5078455e33fe97a3ac1f9cfb4bfac8e11d31192cc3fcb4d3f16eb75c43fba9fa213e4b3babf1a4bfafa781dcebf626742a11222ad3f46d31787a4119d3f0a45cf0a3b3ec4bf660f0c9e7711dd3fd80912546d648e3f2f8135801ec1c33fd497c4c09d8a82bf587d35b4747fa8bf64f6071027af903fbe92c376f642963febeeae647db48c3fb616470772cee73f6767d3007a15c13f9b45411974a0993ffa45084baf798dbf2b0187367f6ed03f0390eef3ab52b4bf,c174ca37e823c2bf6ad86806686cf23f28406af20ed0ccbf9b21a64ce1b4ddbf9138c90b4bbac13fcecb86f5854ca43f51a9cdef99d2843fddc80f07dfede73f8ba2927bb429d33f2ad12f20acf9a13f4cf4aaa22330c9bf10845c383116c03f6b35f85646b4f63f8e95c25f8afdc4bfa65a2a612ea7bebf71e093f18f6ed23f9c9016a54209ee3f14aaf70c0090b4bff079b27c79cbd4bfc8cf2c0f125cf03f024701af0ac5bbbfc0f57fcd977cea3f9474946275622e,PRUNED
851,851,42.48902934471825,2026-05-12 21:31:36.819225,2026-05-12 21:31:54.812000,0 days 00:00:17.992775,-34.4636513907756,51.602132156611525,25.231784682460315,47.02790641574993,62.57767956938073,67.39221246444481,-30.76803842438389,68.4042305628013,72.31648507222258,68.54291265985097,21.960154143935537,17.719022676189397,,46.0,800495a6100000000000008c0a636d6165732e5f636d61948c03434d419493942981947d94288c065f6e5f64696d944b0c8c085f706f7073697a65944b0b8c035f6d75944b058c075f6d755f656666948c166e756d70792e5f636f72652e6d756c74696172726179948c067363616c61729493948c056e756d7079948c0564747970659493948c02663894898887945294284b038c013c944e4e4e4affffffff4affffffff4b007494624308e9e8100774510b4094869452948c035f636394680b681143083e6c7d43b18cd03f94869452948c035f633194680b681143089fc67c4e93b7863f94869452948c045f636d7594680b68114308b90fbeb98d89913f94869452948c085f635f7369676d6194680b681143088289198da8f9d03f94869452948c085f645f7369676d6194680b68114308606246236a3ef43f94869452948c035f636d944b018c065f6368695f6e9447400b25064571943c8c085f776569676874739468098c0c5f7265636f6e737472756374949394680c8c076e6461727261799493944b0085944301629487945294284b014b0b8594680e8c02663894898887945294284b0368124e4e4e4affffffff4affffffff4b00749462894358538e214ba67ddb3f2c5e47761ddbd03f4c60b4a91145c53f18b8b48552e2b83f8daa7d42f660a63f00000000000000009bd0b4761a8dc0bf5806fa0273e3cebff539783e76c4d5bfddd50bc2786cdbbf0820f98e2d45e0bf947494628c085f705f7369676d6194682f68314b008594683387945294284b014b0c859468118943607c1958651145d3bf465a8e47d546ff3f10bcc7fdf83dc1bf3d5a087aaf26e2bf1bf9c9ce8887cb3f2421e434d4a1f0bfc25b8d9046f2e13ffae2064a898bee3f04264c4be6f004407864c0f6489cf7bfb2d6244cb09de93fa70613bebc29c73f947494628c035f706394682f68314b008594683387945294284b014b0c85946811894360c4c6efa25b67c8bf3608858e7e27fe3f003d44384b025b3f9484c1c2667fe8bfd47417086703cb3fb43846d52a97f0bf78e1668bb733cfbf1cc80e0badb4e93f8ffe66d14d8a064072d29ea5965df8bf04d8f7c35f91e83f2e65f553ca85ea3f947494628c055f6d65616e94682f68314b008594683387945294284b014b0c8594683989436026aab6c3f89ae73fb65c1e7280d7dd3fec691d235e66c43f82224db29dbfd93fc1a7c10e767aea3f0c09d4b7e7fbeb3fc3432be17a85eb3f1280c032a1d6e33f36a519370c33e43f53ebaf6c4766e63f27da91baac08d53ff9e4446922a1ce3f947494628c065f7369676d6194680b6811430864e9ea167bc5a33f94869452948c025f44944e8c025f42944e8c075f626f756e647394682f68314b008594683387945294284b014b0c4b02869468398943c00,000000000000000000000000000f03f0000000000000000000000000000f03f0000000000000000000000000000f03f0000000000000000000000000000f03f0000000000000000000000000000f03f0000000000000000000000000000f03f0000000000000000000000000000f03f0000000000000000000000000000f03f0000000000000000000000000000f03f0000000000000000000000000000f03f0000000000000000000000000000f03f0000000000000000000000000000f03f947494628c115f6e5f6d61785f726573616d706c696e67944b788c025f67944b2e8c095f6c725f616461707494898c065f616c70686194473ff66666666666668c0a5f626574615f6d65616e94473fb999999999999a8c0b5f626574615f5369676d6194473f9eb851eb851eb88c065f67616d6d6194473fb999999999999a8c065f456d65616e94682f68314b008594683387945294284b014b0c4b0186946839894360000000000000000000000000000000000000000000000000000000000000000000000000000000000000000000000000000000000000000000000000000000000000000000000000000000000000000000000000000000000000000000000000947494628c075f455369676d6194682f68314b008594683387945294284b014b904b018694683989428004000000000000000000000000000000000000000000000000000000000000000000000000000000000000000000000000000000000000000000000000000000000000000000000000000000000000000000000000000000000000000000000000000000000000000000000000000000000000000000000000000000000000000000000000000000000000000000000000000000000000000000000000000000000000000000000000000000000000000000000000000000000000000000000000000000000000000000000000000000000000000000000000000000000000000000000000000000000000000000000000000000000000000000000000000000000000000000000000000000000000000000000000000000000000000000000000000000000000000000000000000000000000000000000000000000000000000000000000000000000000000000000000000000000000000000000000000000000000000000000000000000000000000000000000000000000000000000000000000000000000000000000000000000000000000000000000000000000000000000000000000000000000000000000000000000000000000000000000000000000000000000000000000000000000000000000000000000000000000000000000000000000000000000000000000000000000000000000000000000000000000000000000000000000000000000000000,0000000000000000000000000000000000000000000000000000000000000000000000000000000000000000000000000000000000000000000000000000000000000000000000000000000000000000000000000000000000000000000000000000000000000000000000000000000000000000000000000000000000000000000000000000000000000000000000000000000000000000000000000000000000000000000000000000000000000000000000000000000000000000000000000000000000000000000000000000000000000000000000000000000000000000000000000000000000000000000000000000000000000000000000000000000000000000000000000000000000000000000000000000000000000000000000000000000000000000000000000000000000000000000000000000000000000000000000000000000000000000000000000000000000000000000000000000000000000000000000000000000000000000000000000000000000000000000000000000000000000000000000000000000000000000000000000000000000000000000000000000000000000000000000000000000000000000000000000000000000000000000000000000000000000000000000000000000000000000000000000000000000000000000000000000000000000000000000000000000000000000000000000000000000000000000000000000000000000000000000000000000000000000000000000000000000000000000000000000000000000000000000000000000000000000000000000000000000000000000000000000000000000000000000000000000000000000000000000000947494628c065f566d65616e944700000000000000008c075f565369676d61944700000000000000008c095f6574615f6d65616e94473ff00000000000008c0a5f6574615f5369676d6194473ff00000000000008c055f746f6c7894680b6811430816383daccc74473d94869452948c075f746f6c787570944740c38800000000008c075f746f6c66756e94473d719799812dea118c105f746f6c636f6e646974696f6e636f76944742d6bcc41e9000008c0d5f66756e686973745f7465726d944b2b8c0f5f66756e686973745f76616c75657394682f68314b008594683387945294284b014b56859468398942b00200001407cdf888834440660b9bf536b34440a0f1f988f48344400005635bea774640c60edda317844440d83ff559ea774640e078ae2dc9834440d8a5f05aea774640b2a08e4a68d54440e2e86af73b90454086155937a6ed44402246245bea7746400025072e5ec64440728cee09aee745407e5b77c2bde64440d8748de672444640302071352ee94440120d3f5aea7746408a55a55975d1444094468,acb223f4540846eb32b3bdb4440441913d44c6d4540903b9df2129c4440b8392c10f5454540dc125e4bd99d444058faff5aea774640cc9e3a029ab144408ee69595cf854540862ffb18bfa04440109d6e5dfea84540e261f0a0e2a4444068f26b22ca014540be98333e2bab4440ec10990389f1444086a3031cc7a44440c42f775c9df245405cb1856eeca24440c8b3beadc1f94540d2a6567059b144405c761e35d20c4540986fa557c5a24440d480f82a3ee14440e2b901e0848a4440b09fe848b1ff4440b6c7877bb0924440061fe1894ffa4440904fba85898c4440eed16240cbde4440ee93b5b888974440f4e2145cea77464090b84ec7b0954440aa3f135bea7746404c40497381824440ba2ef35aea774640c2d8bbc6ca824440ca6bcb5bea774640181fd92d5b8c4440e8bd4e5bea7746402eb779ab4a8d4440588ba25bea77464082ea3a26b08f44404859317546af4440401d7f4a4a874440b222c35bea774640163d1a3f068b44405466165bea774640726e6247d1884440008cf95aea774640f856697d558744409634776468af44403e09331784894440ecb55660374f4540a0e1a94143854440a62b275aea774640f062ea6784894440c2a4735bea774640b28f2702337d4440e64b9b65f7a64440160a8297bd8944409430195aea77464078c07bed588844406e7d1e5cea774640b80454cfb17f444054182c5bea77464042009a6c488144405056a65bea774640947494628c055f635f316494682f68314b008594683387945294284b014b4e859468118942700200003f7e4ee3ed17e73f4f9e41f35397bebf23990cefbfa69b3faae7bf7fbc8b9bbfa7f819b9f14dc0bf9603dc209528a2bf81ff22536377ba3fde999a7f4457b73fe8f83a5e27d0a0bf8285d5013dddb13f73cf0e24074d8a3fd6e5822a99a2babf1c9baa061a01ef3fa66fda3e6590a4bff0ad52245722b6bfe1ee18ad0965be3fd14c5237b9f3c1bf24cb84045decbebfc8bb3c095f7da3bf92f435c06fe2c73f84bcad04b09ca4bf17d8e2991c0cd33f3c4c469ce1a8a03fdea0256ab2d3e13fea2003342d63c3bf22a5172495e4c9bfb93ef248b402b13f469e1aad8491cebf585a17b95dfdc13f673c4dd44787c63fba1bbf4f2aed6d3f9f1c518f7941b6bfbb346b69dcbcb73fcd1ee5078455e33fe97a3ac1f9cfb4bfac8e11d31192cc3fcb4d3f16eb75c43fba9fa213e4b3babf1a4bfafa781dcebf626742a11222ad3f46d31787a4119d3f0a45cf0a3b3ec4bf660f0c9e7711dd3fd80912546d648e3f2f8135801ec1c33fd497c4c09d8a82bf587d35b4747fa8bf64f6071027af903fbe92c376f642963febeeae647db48c3fb616470772cee73f6767d3007a15c13f9b45411974a0993ffa45084baf798dbf2b0187367f6ed03f0390eef3ab52b4bf,c174ca37e823c2bf6ad86806686cf23f28406af20ed0ccbf9b21a64ce1b4ddbf9138c90b4bbac13fcecb86f5854ca43f51a9cdef99d2843fddc80f07dfede73f8ba2927bb429d33f2ad12f20acf9a13f4cf4aaa22330c9bf10845c383116c03f6b35f85646b4f63f8e95c25f8afdc4bfa65a2a612ea7bebf71e093f18f6ed23f9c9016a54209ee3f14aaf70c0090b4bff079b27c79cbd4bfc8cf2c0f125cf03f024701af0ac5bbbfc0f57fcd977cea3f9474946275622e,COMPLETE
852,852,41.20493446978257,2026-05-12 21:31:56.373704,2026-05-12 21:32:13.033415,0 days 00:00:16.659711,-37.270724458657895,50.70915177429891,20.467353593831398,45.41357375520899,63.018340542617885,64.55087942965477,-27.412095185502587,62.91303083897365,61.16764884587659,73.15952914464623,28.5820792089546,13.646821741645214,,46.0,,,,,,COMPLETE
853,853,41.16394076145856,2026-05-12 21:32:14.596508,2026-05-12 21:32:31.522895,0 days 00:00:16.926387,-36.03866722388965,48.9641519230855,24.39599238237092,48.57275895051073,60.46819249677044,64.30724587439289,-27.401359434366952,63.50669244568914,65.16655593210848,72.72467374386692,25.188227289567585,18.671959616858032,,46.0,,,,,,COMPLETE
854,854,44.93683940473764,2026-05-12 21:32:33.025785,2026-05-12 21:32:47.521175,0 days 00:00:14.495390,-36.183270956588565,54.35614298409724,26.559984631244625,49.22723946857874,62.98705139749,63.93344543680162,-25.21539368912036,63.01537448728979,66.09080795898822,73.49360393046095,25.535987169028378,20.764583614681307,,46.0,,,,,,COMPLETE
855,855,41.04844849660175,2026-05-12 21:32:49.126128,2026-05-12 21:33:03.987707,0 days 00:00:14.861579,-34.50279617349527,52.441587539556465,27.229347144669557,41.69178320461174,60.37801252708309,63.59908164511025,-27.928924949234627,67.55553808530988,65.03850605590976,73.26779380069897,26.193009527255384,20.605146892035748,,46.0,,,,,,COMPLETE
856,856,140.0,2026-05-12 21:33:05.439001,2026-05-12 21:33:05.765064,0 days 00:00:00.326063,-33.57699238562677,48.36034185392849,28.170205900494853,45.945641430048035,60.9233283778203,64.13380691925484,-27.863492995198555,60.42080281224619,61.92357476903201,76.58671114402628,27.830943265106598,10.87781377854356,Unfeasible shape,46.0,,,,,,PRUNED
857,857,41.194510030058694,2026-05-12 21:33:06.072213,2026-05-12 21:33:21.798724,0 days 00:00:15.726511,-34.59946155602172,55.30701101457645,25.350695278490477,44.41869034354286,59.713309848750285,67.95216380773815,-29.233741418279273,64.55690418562482,69.425066993174,71.66328002142845,21.86226748736616,16.734780662032282,,46.0,,,,,,COMPLETE
858,858,140.0,2026-05-12 21:33:23.390710,2026-05-12 21:33:23.662761,0 days 00:00:00.272051,-35.07056195106538,58.01047037727195,24.236436770286197,43.734292668939105,65.37601537303408,63.7087011113844,-27.76289273711783,67.51484029394558,65.31917450603137,75.25346579574702,29.132418844154024,14.410852943612687,Unfeasible shape,46.0,,,,,,PRUNED
859,859,41.15255765443497,2026-05-12 21:33:23.923111,2026-05-12 21:33:40.720985,0 days 00:00:16.797874,-36.482905450162185,52.77112878865297,24.86839134565864,43.73686158653097,60.86548777531341,65.8252075472861,-25.611303528830312,61.003646851348044,65.66060376122275,73.88001801063156,25.20183086552313,14.65237401161621,,46.0,,,,,,COMPLETE
860,860,41.16845054007982,2026-05-12 21:33:42.279337,2026-05-12 21:33:59.042005,0 days 00:00:16.762668,-35.424732338592385,56.553052320496704,24.803388400644955,47.69700455906702,59.515654369792564,64.62525853938725,-28.748213248643182,62.290586492323115,69.35506254619386,69.40856187749033,25.815008780744808,17.043254838460236,,46.0,,,,,,COMPLETE
861,861,41.17883299351264,2026-05-12 21:34:00.531692,2026-05-12 21:34:15.199084,0 days 00:00:14.667392,-34.8577988520613,47.75362686825699,24.9128826580588,49.74493928389222,59.92533264551469,63.737389056017186,-28.415439390233963,68.22244950061352,57.45336401690366,73.22065602309488,19.09751632432318,16.943362050892663,,46.0,,,,,,COMPLETE
