,number,value,datetime_start,datetime_complete,duration,params_highPt.rA2,params_highPt.rL1,params_highPt.rL2,params_highPt.rL3,params_highPt.x2,params_highPt.y2,params_lowPt.rA2,params_lowPt.rL1,params_lowPt.rL2,params_lowPt.rL3,params_lowPt.x2,params_lowPt.y2,user_attrs_prune,system_attrs_cma:generation,system_attrs_cma:optimizer:0,system_attrs_cma:optimizer:1,system_attrs_cma:optimizer:2,system_attrs_cma:optimizer:3,system_attrs_cma:optimizer:4,state
78,78,44.31911415144775,2026-05-12 19:09:22.930140,2026-05-12 19:09:37.266110,0 days 00:00:14.335970,-23.030120432907644,62.86916515862666,59.70616033975291,79.43076666696736,20.397205771821156,51.58249940953442,-29.635024980810655,67.9041789243574,42.19150483581078,58.853033770588326,12.253699619595805,39.17963194899317,,4.0,,,,,,COMPLETE
79,79,41.87421071740462,2026-05-12 19:09:38.708104,2026-05-12 19:09:53.630799,0 days 00:00:14.922695,-37.20926863944793,60.88895134381543,63.10867143289773,43.87322132828822,30.004343059953577,53.51846032562011,-26.91922801127199,77.20043370249013,64.52195236827373,62.87947361632214,21.51048619480546,31.40471455219287,,4.0,,,,,,COMPLETE
80,80,43.869579272047844,2026-05-12 19:09:55.226927,2026-05-12 19:10:09.471305,0 days 00:00:14.244378,-38.592250323759586,73.23087586381287,50.200039544796304,50.17953962507008,45.65411185538102,54.19827577635799,-28.158308020859884,71.75009632444568,53.8539783360324,49.226404547338625,26.459321443640775,20.56318768216359,,4.0,,,,,,COMPLETE
81,81,44.936839478217976,2026-05-12 19:10:11.439711,2026-05-12 19:10:26.098259,0 days 00:00:14.658548,-44.701996947486755,59.214290131760585,44.67159439148372,66.94048546909244,44.86100102980214,39.95491170523269,-34.30226701068355,92.8415725049163,75.14927409267453,56.02299765011218,17.690274732229813,23.566265198146564,,4.0,,,,,,COMPLETE
82,82,42.066061577225184,2026-05-12 19:10:27.774829,2026-05-12 19:10:42.237464,0 days 00:00:14.462635,-25.559521132316362,78.58550364717945,44.06974697276603,52.00822791232577,29.425800387085136,37.508911842925784,-41.62301635171647,79.93596160799548,48.33146473096903,50.834372337703904,23.362440989628293,37.16419777794903,,5.0,800495a6100000000000008c0a636d6165732e5f636d61948c03434d419493942981947d94288c065f6e5f64696d944b0c8c085f706f7073697a65944b0b8c035f6d75944b058c075f6d755f656666948c166e756d70792e5f636f72652e6d756c74696172726179948c067363616c61729493948c056e756d7079948c0564747970659493948c02663894898887945294284b038c013c944e4e4e4affffffff4affffffff4b007494624308e9e8100774510b4094869452948c035f636394680b681143083e6c7d43b18cd03f94869452948c035f633194680b681143089fc67c4e93b7863f94869452948c045f636d7594680b68114308b90fbeb98d89913f94869452948c085f635f7369676d6194680b681143088289198da8f9d03f94869452948c085f645f7369676d6194680b68114308606246236a3ef43f94869452948c035f636d944b018c065f6368695f6e9447400b25064571943c8c085f776569676874739468098c0c5f7265636f6e737472756374949394680c8c076e6461727261799493944b0085944301629487945294284b014b0b8594680e8c02663894898887945294284b0368124e4e4e4affffffff4affffffff4b00749462894358538e214ba67ddb3f2c5e47761ddbd03f4c60b4a91145c53f18b8b48552e2b83f8daa7d42f660a63f00000000000000009bd0b4761a8dc0bf5806fa0273e3cebff539783e76c4d5bfddd50bc2786cdbbf0820f98e2d45e0bf947494628c085f705f7369676d6194682f68314b008594683387945294284b014b0c85946811894360e60946ccd851f93f9f04843263f0ef3f2eedc36c2010d6bf347453de9266e3bf8aaa32a62416cebf523c6e3c55f9e13f8b0065cc8753eb3f2c85fee74b4aef3f6b888b70b404e0bf79a3686908edb43f739b3f4652dae7bf1ea58cb9a075dbbf947494628c035f706394682f68314b008594683387945294284b014b0c85946811894360956bc64b6151f93fed77b11681beed3fb865a42c09b9d5bf5118267ef692e2bf167861085ba9cebf024d19e15f30e23f04f95b90c4d7ea3f245e9e50b819ef3fe8bcdb9cc697e0bfc04351b064a9a03f6935676518ffe8bfa498895bfce3dabf947494628c055f6d65616e94682f68314b008594683387945294284b014b0c8594683989436042fc5b5d0fb5e93fab999c12ba6ce33f28a598185e05da3f0d3eeb4b5cc5da3f4613201a7f56d93fe29e45f801fee63f68c9909fd122e63fa783298ec655e73fba5b8bc0e64fdd3f3c5517bff415e13f42a1e296c0d6d13f1f169c8e88e1dc3f947494628c065f7369676d6194680b6811430875aa2c5feda8c03f94869452948c025f44944e8c025f42944e8c075f626f756e647394682f68314b008594683387945294284b014b0c4b02869468398943c00,000000000000000000000000000f03f0000000000000000000000000000f03f0000000000000000000000000000f03f0000000000000000000000000000f03f0000000000000000000000000000f03f0000000000000000000000000000f03f0000000000000000000000000000f03f0000000000000000000000000000f03f0000000000000000000000000000f03f0000000000000000000000000000f03f0000000000000000000000000000f03f0000000000000000000000000000f03f947494628c115f6e5f6d61785f726573616d706c696e67944b788c025f67944b058c095f6c725f616461707494898c065f616c70686194473ff66666666666668c0a5f626574615f6d65616e94473fb999999999999a8c0b5f626574615f5369676d6194473f9eb851eb851eb88c065f67616d6d6194473fb999999999999a8c065f456d65616e94682f68314b008594683387945294284b014b0c4b0186946839894360000000000000000000000000000000000000000000000000000000000000000000000000000000000000000000000000000000000000000000000000000000000000000000000000000000000000000000000000000000000000000000000000947494628c075f455369676d6194682f68314b008594683387945294284b014b904b018694683989428004000000000000000000000000000000000000000000000000000000000000000000000000000000000000000000000000000000000000000000000000000000000000000000000000000000000000000000000000000000000000000000000000000000000000000000000000000000000000000000000000000000000000000000000000000000000000000000000000000000000000000000000000000000000000000000000000000000000000000000000000000000000000000000000000000000000000000000000000000000000000000000000000000000000000000000000000000000000000000000000000000000000000000000000000000000000000000000000000000000000000000000000000000000000000000000000000000000000000000000000000000000000000000000000000000000000000000000000000000000000000000000000000000000000000000000000000000000000000000000000000000000000000000000000000000000000000000000000000000000000000000000000000000000000000000000000000000000000000000000000000000000000000000000000000000000000000000000000000000000000000000000000000000000000000000000000000000000000000000000000000000000000000000000000000000000000000000000000000000000000000000000000000000000000000000000000000,0000000000000000000000000000000000000000000000000000000000000000000000000000000000000000000000000000000000000000000000000000000000000000000000000000000000000000000000000000000000000000000000000000000000000000000000000000000000000000000000000000000000000000000000000000000000000000000000000000000000000000000000000000000000000000000000000000000000000000000000000000000000000000000000000000000000000000000000000000000000000000000000000000000000000000000000000000000000000000000000000000000000000000000000000000000000000000000000000000000000000000000000000000000000000000000000000000000000000000000000000000000000000000000000000000000000000000000000000000000000000000000000000000000000000000000000000000000000000000000000000000000000000000000000000000000000000000000000000000000000000000000000000000000000000000000000000000000000000000000000000000000000000000000000000000000000000000000000000000000000000000000000000000000000000000000000000000000000000000000000000000000000000000000000000000000000000000000000000000000000000000000000000000000000000000000000000000000000000000000000000000000000000000000000000000000000000000000000000000000000000000000000000000000000000000000000000000000000000000000000000000000000000000000000000000000000000000000000000000947494628c065f566d65616e944700000000000000008c075f565369676d61944700000000000000008c095f6574615f6d65616e94473ff00000000000008c0a5f6574615f5369676d6194473ff00000000000008c055f746f6c7894680b6811430816383daccc74473d94869452948c075f746f6c787570944740c38800000000008c075f746f6c66756e94473d719799812dea118c105f746f6c636f6e646974696f6e636f76944742d6bcc41e9000008c0d5f66756e686973745f7465726d944b2b8c0f5f66756e686973745f76616c75657394682f68314b008594683387945294284b014b56859468398942b0020000010000000000000060dc6f62fd7f000086f09eed6c324540cc84085bea774640bcaa809ce0d44440707510f8e58c4640f60157ab10044540eefa3f03e01e4640b2a08e4a68d54440e2e86af73b90454086155937a6ed44402246245bea77464020202020202020506172616d65746572730a20202020202020202d2d2d2d2d2d2d2d2d2d0a2020202020202020616c706861203a2061727261795,f6c696b650a20202020202020202020202054686520636f6e63656e74726174696f6e20706172616d65746572732e20546865206e756d626572206f6620656e747269657320616c6f6e6720746865206c61737420617869730a20202020202020202020202064657465726d696e6573207468652064696d656e73696f6e616c697479206f662074686520646973747269627574696f6e2e204561636820656e747279206d7573742062650a2020202020202020202020207374726963746c7920706f7369746976652e0a20202020202020206e203a20696e74206f722061727261795f6c696b650a202020202020202020202020546865206e756d626572206f6620747269616c732e204561636820656c656d656e74206d7573742062652061207374726963746c7920706f73697469766520696e74656765722e0a0a202020202020202052657475726e730a20202020202020202d2d2d2d2d2d2d0a20202020202020206f75743a206e6461727261790a2020202020202020202020204d65616e206f662061204469726963686c6574206d756c74696e6f6d69616c20646973747269627574696f6e2e0a0a2020202020202020e08c5b86d0010000a0955b86d001000030846086d001000050b05b86d001000040176086d0010000b0846086d001000030856086d001000060895b86d0010000b0856086d001000030866086d0010000d09e5b86d0010000b0006086d0010000947494628c055f635f316494682f68314b008594683387945294284b014b4e85946811894270020000cee643a3bf15ef3f1320b09882c9aa3fa0f087bbdd0691bf7ce668b59f32aabf580cb0b7548c7b3f05c6110ff1b280bf8a709e40fcccb73f6008b508bee6be3ff084cce28c5692bfd0533463dc23acbfb871e572fe0fb0bf41cf6caf3de7b1bf2f60289ea629ee3f453fa62a8d9b633f4059d800c1e6733f9a7f3ef5739d91bf61c7efeb95bc85bf91704ce34fe9a9bff28986f92cb1863f3d4818fcbd979bbf744b6a38ac44a4bfa0f0308f269c923f7dd5246f0659a53f15d59c25a023ed3f42f55ceee31c7e3fd8ce6f0dd4619b3f97bf28abdccc743fb331a64f0c8296bf5c40930faa43a53fb4eb91714dc5ae3fef9bc181b0b68d3fa855b80c3244893f183e34d0acd0863f3d8aa5686292ec3fbab446ee1218a7bf94a6cbfb5f9da7bf40a51e429a96903f92181f69ffaca1bfd95af662e8df9cbfee6e79b52c0c683f8896a95db4b39e3f56bd1cb1beb592bfd936ddd62a63ee3f4baecf22ea9b76bf12bff59e51a3a43f714665e00e09903fbe4d60e031c78fbf662774b690d69c3ff6c241c06a94a63ffc800a62ca45a2bf488eaa246adcee3f627c30fe321d9d3f9c4040958f67b73f7a4ddb36955c903f140c3df80fc4933f51f0ee22a009b5bf,92c668b545be823ffa82ce9da46ff03fd82c4ba2551c7cbf748b03b2f17ba7bf66b1412fe73fa3bfeefa9367001c96bf92ef39ffa88380bfd1e252b320fdef3f8205844182f6893fc58e35b5a3089a3f75d708aaf6cdb5bf346c0cc83fa2733f0c0008301cbaef3f6ad46bfc83468fbf72205dfb8400a6bfe7baf645d8369c3f416806f88d2ef03f5a9dd53d72e7a6bf4c06c46a98488f3f8b14178fee95f03ffb0c8eba2a599dbf96c2a0639391ec3f9474946275622e,COMPLETE
83,83,43.80999874256021,2026-05-12 19:10:43.878555,2026-05-12 19:10:59.539551,0 days 00:00:15.660996,-37.17762489341099,35.771178210580004,35.88466485012235,35.26905168822192,20.32578842439367,62.32525868993987,-38.909763126057626,90.07195307312065,49.13425039843815,62.82669765578843,9.247525680650657,51.182524790875526,,5.0,,,,,,COMPLETE
84,84,41.549749139298,2026-05-12 19:11:01.199040,2026-05-12 19:11:16.543802,0 days 00:00:15.344762,-28.084447240969283,56.12628552213056,52.46199863295214,43.60301349485948,36.886279408458314,57.286422795843905,-39.15175979557954,70.4585959557226,72.76829193431479,60.3612469107945,24.981523403869208,23.9195023498622,,5.0,,,,,,COMPLETE
85,85,42.741655043083924,2026-05-12 19:11:18.182880,2026-05-12 19:11:32.843687,0 days 00:00:14.660807,-46.75022796564284,64.70524271449803,57.78044237558946,57.04345085815279,33.425474893062834,53.82880473547107,-37.841743805246594,94.82651687167413,50.364970658546255,64.37937114645582,15.01122325667097,32.69889705177161,,5.0,,,,,,COMPLETE
86,86,42.88832683331485,2026-05-12 19:11:34.429102,2026-05-12 19:11:48.496316,0 days 00:00:14.067214,-35.977648556915675,77.73836726193528,39.932207832364426,45.44368220933793,23.554883649444605,71.13878688556609,-49.77985849333355,83.15793919221991,40.755580263119384,47.30214870569952,14.657475124632802,42.4232052351013,,5.0,,,,,,COMPLETE
87,87,140.0,2026-05-12 19:11:50.193203,2026-05-12 19:11:50.417533,0 days 00:00:00.224330,-27.04774854578318,69.75517622494675,50.867714114273966,40.15201009250408,22.539200398478357,57.691691886186234,-41.013295117992236,85.1766808901229,38.38311381295828,55.867811915575324,11.204171579494819,45.24282033235194,Unfeasible shape,5.0,,,,,,PRUNED
88,88,42.13996179501285,2026-05-12 19:11:50.571702,2026-05-12 19:12:22.114091,0 days 00:00:31.542389,-40.82964256633843,46.555041070690066,45.077503300131774,51.72675906193726,25.984457771890238,48.60880287581451,-42.68657745549143,36.68885356834771,56.03562882460695,39.10542250799378,15.481545618409157,37.7095547694598,,5.0,,,,,,COMPLETE
89,89,42.629566973184524,2026-05-12 19:12:24.000150,2026-05-12 19:12:53.032377,0 days 00:00:29.032227,-30.04019213004866,73.02068681660806,54.55735084627982,36.26982550156873,12.365184752642953,36.798415030595415,-44.78346199612851,73.3239362826989,24.937077778842205,69.36156995316918,34.394226628006955,37.45375960687513,,5.0,,,,,,COMPLETE
90,90,140.0,2026-05-12 19:12:54.297045,2026-05-12 19:12:54.525767,0 days 00:00:00.228722,-32.45333109789463,77.81349079845788,56.571839578786225,49.17366396105693,25.555978924152548,57.63640994394507,-26.652623602605807,77.1455264652937,72.49034157972073,44.25876845906244,34.119485534788,22.17773458156168,Unfeasible shape,5.0,,,,,,PRUNED
91,91,42.25653990540462,2026-05-12 19:12:54.663832,2026-05-12 19:13:09.129410,0 days 00:00:14.465578,-42.09931108286323,66.55593658992169,59.387589749644434,59.4772810824649,30.688933315315158,59.567887103778524,-35.05832309106368,90.88172197066756,56.56439054582905,78.0442927309538,19.5472803569097,33.802018648561734,,5.0,,,,,,COMPLETE
92,92,42.85992712526705,2026-05-12 19:13:10.586577,2026-05-12 19:13:26.832574,0 days 00:00:16.245997,-41.071229449359315,30.825279041681245,43.00638957871358,32.42724543489395,48.027500249540395,55.46093008318474,-50.84886619759081,86.81033465993372,52.65269910467272,55.81810765857487,12.905094316101888,30.17246218512433,,5.0,,,,,,COMPLETE
93,93,42.41994437153721,2026-05-12 19:13:28.234629,2026-05-12 19:13:42.242463,0 days 00:00:14.007834,-26.498756301277005,71.52775565320121,43.78981431719115,39.887998347558984,22.15068715402341,48.13393971072653,-22.388724366504235,83.65920118372681,45.688722755299914,72.719055244123,29.71074765583927,17.9938478113192,,5.0,,,,,,COMPLETE
94,94,41.740388485104035,2026-05-12 19:13:43.615559,2026-05-12 19:13:58.012379,0 days 00:00:14.396820,-32.01649913015735,59.561788566985,46.08474897403005,49.82389847386775,30.97829495032358,61.12367413270152,-41.71442134973665,80.40707115876761,56.15197284580342,68.06898612877312,25.300910397313725,46.565188596973016,,5.0,,,,,,COMPLETE
