,number,value,datetime_start,datetime_complete,duration,params_highPt.rA2,params_highPt.rL1,params_highPt.rL2,params_highPt.rL3,params_highPt.x2,params_highPt.y2,params_lowPt.rA2,params_lowPt.rL1,params_lowPt.rL2,params_lowPt.rL3,params_lowPt.x2,params_lowPt.y2,user_attrs_prune,system_attrs_cma:generation,system_attrs_cma:optimizer:0,system_attrs_cma:optimizer:1,system_attrs_cma:optimizer:2,system_attrs_cma:optimizer:3,system_attrs_cma:optimizer:4,state
557,557,44.93683940450306,2026-05-12 20:40:34.351235,2026-05-12 20:40:51.937678,0 days 00:00:17.586443,-32.66370124834425,48.11929471150723,22.509304196472854,52.064308836354826,64.31113903806904,70.46241963648426,-23.771842493737736,55.99145626032719,45.60911159838539,79.86485536337449,27.703715841103666,10.925124660124478,,32.0,800495a6100000000000008c0a636d6165732e5f636d61948c03434d419493942981947d94288c065f6e5f64696d944b0c8c085f706f7073697a65944b0b8c035f6d75944b058c075f6d755f656666948c166e756d70792e5f636f72652e6d756c74696172726179948c067363616c61729493948c056e756d7079948c0564747970659493948c02663894898887945294284b038c013c944e4e4e4affffffff4affffffff4b007494624308e9e8100774510b4094869452948c035f636394680b681143083e6c7d43b18cd03f94869452948c035f633194680b681143089fc67c4e93b7863f94869452948c045f636d7594680b68114308b90fbeb98d89913f94869452948c085f635f7369676d6194680b681143088289198da8f9d03f94869452948c085f645f7369676d6194680b68114308606246236a3ef43f94869452948c035f636d944b018c065f6368695f6e9447400b25064571943c8c085f776569676874739468098c0c5f7265636f6e737472756374949394680c8c076e6461727261799493944b0085944301629487945294284b014b0b8594680e8c02663894898887945294284b0368124e4e4e4affffffff4affffffff4b00749462894358538e214ba67ddb3f2c5e47761ddbd03f4c60b4a91145c53f18b8b48552e2b83f8daa7d42f660a63f00000000000000009bd0b4761a8dc0bf5806fa0273e3cebff539783e76c4d5bfddd50bc2786cdbbf0820f98e2d45e0bf947494628c085f705f7369676d6194682f68314b008594683387945294284b014b0c8594681189436026fabdf824fcea3fc6a4030dda8aefbf5274fe3f3148c23f10b1739cf70ba03ffca717f2f981d3bf10e4059d2f5ef03f6a6a21b61825f03fd0926b6f0757d0bfde78e423a99dc23fa268af46bd60c4bf1feb1d859c2ad6bf7c82c4482a2eedbf947494628c035f706394682f68314b008594683387945294284b014b0c859468118943602985303bc006e93f011b8c379994eebfb0ef10948d3fb03f4010bcc404fec13fc0f00154a274c5bf085bf26e3c1cee3f34823e9054e6ef3f48e8d7be9008cdbf5d57cefbf872c23f40eb23179dec70bfd8c77ee30003dabf1942d6c65169e7bf947494628c055f6d65616e94682f68314b008594683387945294284b014b0c859468398943607a5a65504c89e93fac122e936538d73f89f70bb7efa1c43f65af613a01f9de3f021d27b9425fe93f7a58ed64a93fef3fb2fb1d67fc94ed3fde76eafcdc88e13ff51a8aa0edd1db3fc7d1fd7c3f56ea3f5e5200dfeb84d43fe2f28d42b49dbb3f947494628c065f7369676d6194680b681143086bf7498b03cba93f94869452948c025f44944e8c025f42944e8c075f626f756e647394682f68314b008594683387945294284b014b0c4b02869468398943c00,000000000000000000000000000f03f0000000000000000000000000000f03f0000000000000000000000000000f03f0000000000000000000000000000f03f0000000000000000000000000000f03f0000000000000000000000000000f03f0000000000000000000000000000f03f0000000000000000000000000000f03f0000000000000000000000000000f03f0000000000000000000000000000f03f0000000000000000000000000000f03f0000000000000000000000000000f03f947494628c115f6e5f6d61785f726573616d706c696e67944b788c025f67944b208c095f6c725f616461707494898c065f616c70686194473ff66666666666668c0a5f626574615f6d65616e94473fb999999999999a8c0b5f626574615f5369676d6194473f9eb851eb851eb88c065f67616d6d6194473fb999999999999a8c065f456d65616e94682f68314b008594683387945294284b014b0c4b0186946839894360000000000000000000000000000000000000000000000000000000000000000000000000000000000000000000000000000000000000000000000000000000000000000000000000000000000000000000000000000000000000000000000000947494628c075f455369676d6194682f68314b008594683387945294284b014b904b018694683989428004000000000000000000000000000000000000000000000000000000000000000000000000000000000000000000000000000000000000000000000000000000000000000000000000000000000000000000000000000000000000000000000000000000000000000000000000000000000000000000000000000000000000000000000000000000000000000000000000000000000000000000000000000000000000000000000000000000000000000000000000000000000000000000000000000000000000000000000000000000000000000000000000000000000000000000000000000000000000000000000000000000000000000000000000000000000000000000000000000000000000000000000000000000000000000000000000000000000000000000000000000000000000000000000000000000000000000000000000000000000000000000000000000000000000000000000000000000000000000000000000000000000000000000000000000000000000000000000000000000000000000000000000000000000000000000000000000000000000000000000000000000000000000000000000000000000000000000000000000000000000000000000000000000000000000000000000000000000000000000000000000000000000000000000000000000000000000000000000000000000000000000000000000000000000000000000000,0000000000000000000000000000000000000000000000000000000000000000000000000000000000000000000000000000000000000000000000000000000000000000000000000000000000000000000000000000000000000000000000000000000000000000000000000000000000000000000000000000000000000000000000000000000000000000000000000000000000000000000000000000000000000000000000000000000000000000000000000000000000000000000000000000000000000000000000000000000000000000000000000000000000000000000000000000000000000000000000000000000000000000000000000000000000000000000000000000000000000000000000000000000000000000000000000000000000000000000000000000000000000000000000000000000000000000000000000000000000000000000000000000000000000000000000000000000000000000000000000000000000000000000000000000000000000000000000000000000000000000000000000000000000000000000000000000000000000000000000000000000000000000000000000000000000000000000000000000000000000000000000000000000000000000000000000000000000000000000000000000000000000000000000000000000000000000000000000000000000000000000000000000000000000000000000000000000000000000000000000000000000000000000000000000000000000000000000000000000000000000000000000000000000000000000000000000000000000000000000000000000000000000000000000000000000000000000000000000947494628c065f566d65616e944700000000000000008c075f565369676d61944700000000000000008c095f6574615f6d65616e94473ff00000000000008c0a5f6574615f5369676d6194473ff00000000000008c055f746f6c7894680b6811430816383daccc74473d94869452948c075f746f6c787570944740c38800000000008c075f746f6c66756e94473d719799812dea118c105f746f6c636f6e646974696f6e636f76944742d6bcc41e9000008c0d5f66756e686973745f7465726d944b2b8c0f5f66756e686973745f76616c75657394682f68314b008594683387945294284b014b56859468398942b0020000010000000000000060dc6f62fd7f000086f09eed6c324540cc84085bea774640bcaa809ce0d44440707510f8e58c4640f60157ab10044540eefa3f03e01e4640b2a08e4a68d54440e2e86af73b90454086155937a6ed44402246245bea7746400025072e5ec64440728cee09aee745407e5b77c2bde64440d8748de672444640302071352ee94440120d3f5aea7746408a55a55975d1444094468,acb223f4540846eb32b3bdb4440441913d44c6d4540903b9df2129c4440b8392c10f5454540dc125e4bd99d444058faff5aea774640cc9e3a029ab144408ee69595cf854540862ffb18bfa04440109d6e5dfea84540e261f0a0e2a4444068f26b22ca014540be98333e2bab4440ec10990389f1444086a3031cc7a44440c42f775c9df245405cb1856eeca24440c8b3beadc1f94540d2a6567059b144405c761e35d20c4540986fa557c5a24440d480f82a3ee14440e2b901e0848a4440b09fe848b1ff4440b6c7877bb0924440061fe1894ffa4440904fba85898c4440eed16240cbde4440ee93b5b888974440f4e2145cea77464090b84ec7b0954440aa3f135bea7746404c40497381824440ba2ef35aea774640c2d8bbc6ca824440ca6bcb5bea774640181fd92d5b8c4440e8bd4e5bea7746402eb779ab4a8d4440588ba25bea77464082ea3a26b08f44404859317546af4440401d7f4a4a874440b222c35bea774640163d1a3f068b44405466165bea7746402020202020202020204d65616e206f662061204469726963686c6574206d756c74696e6f6d69616c20646973747269627574696f6e2e0a0a2020202020202020e08c5b86d0010000a0955b86d001000030846086d001000050b05b86d001000040176086d0010000b0846086d001000030856086d001000060895b86d0010000b0856086d001000030866086d0010000d09e5b86d0010000b0006086d0010000947494628c055f635f316494682f68314b008594683387945294284b014b4e8594681189427002000092223d828574ec3f781898d5c25d823f29cef4ae3973983f0c7b8d31526394bf0da4e9719d39b6bf914faeaafea0b6bf2f7607216c3ec93fa13f7c92758bb63f4eaf1be22f378b3f5099682fc884a4bfdc762e957bd9973fcc3c9af91bafa2bfb8a3c3a2026de83f040d6a63c6f8823f707b06e7da6d54bf3a060c4dc9907d3ffcb88c0c84ccb7bfabfd89940378acbf32ef26960e4791bfa8773b36b4f1ac3ffb6c1a636f709c3f8d32d95f58eaba3f6e14f4e39224a63f1a4cf0b59e80e73f0769b5138f65bdbf42d8e2615acec6bf551074a24442a33f94c326826d42c3bf9c7a7a63afacc03f7921a6e76044a43f5cdbb9168d7c98bfce6c1bdeb35d4f3fbe741a757583a53f9b851823c5b7e23f4082e978c1f7b9bf92165f9d1fa3bf3f6ace7cc3f5c7a53f0e195df32fcb9bbfc076e5b41775aabf20204343fd059abf4b1f2910b37aa5bfe427ccf6a929b5bf3346b10d3759e43ffd0ca25c3e28b43f200952499e68c03f359a881d21ddaebf7d70c444539fb2bf8c31b3d8400ebc3fb78628cf0586a83f3213b92bccc2adbf8e4c3725f499e83fc18b1d662e3f963faa058dc7f0609f3f3aa27fc57526b93f555ef28aed68c13fd367325f0eacbabf,6ea7f172d441babfdeda6bf444daf23f4bb626e84882c1bf80f1fc5db8c7cbbfd44166eec795c23f64e312035641be3f63f9df449c5eb03f80d1d4e82feae73f404ade4960eab13fcf51a3ebb0de7f3f1e4d8041b4c6bbbf0ac418ae0280c03f2639bf370ff7ed3f4ea7d0932aceb7bfc74c424854d6bfbf8a2334b8a373b73f96cddf272511ed3f177052568e0cb1bf992e472f10b4cbbf1d19ee9326deeb3f8a3f139d569c8abfb0f47ac292dee73f9474946275622e,COMPLETE
558,558,41.06888668352339,2026-05-12 20:40:53.485606,2026-05-12 20:41:12.331737,0 days 00:00:18.846131,-32.43783491645819,43.00343124528802,22.19887548843234,51.204149867616806,62.38011163299057,71.13750913513731,-27.792045591330208,57.152729037532254,46.53192005667212,78.61237364609926,30.73378717951221,8.809894494391466,,32.0,,,,,,COMPLETE
559,559,41.398307928159085,2026-05-12 20:41:13.872062,2026-05-12 20:41:31.850870,0 days 00:00:17.978808,-33.25513831296042,40.63322818323665,22.387254907267717,53.34245882489518,56.36149598391858,74.64870933656974,-27.935916779464407,60.9608780882666,52.468195447063145,83.60230321046105,20.880972907469253,6.714064844669479,,32.0,,,,,,COMPLETE
560,560,140.0,2026-05-12 20:41:33.486317,2026-05-12 20:41:33.709356,0 days 00:00:00.223039,-33.11524169670433,46.786554232745125,24.857401842509788,59.309031804603535,57.98534950235043,72.03322110983706,-27.986228734989126,62.79731802763594,48.518582811577986,81.26043543377686,29.625739890948726,11.578174361590797,Unfeasible shape,32.0,,,,,,PRUNED
561,561,41.122400061552796,2026-05-12 20:41:33.881365,2026-05-12 20:41:53.732604,0 days 00:00:19.851239,-33.82582180062447,37.90394748713902,24.245708464513484,52.37645076059442,60.13552565478718,74.66789837167558,-21.40611430119791,65.95336097656569,52.220858214463135,85.31555357465584,17.56024251279285,13.474496482637248,,32.0,,,,,,COMPLETE
562,562,140.0,2026-05-12 20:41:55.409636,2026-05-12 20:41:55.688636,0 days 00:00:00.279000,-30.889015083879436,46.46175010713658,28.37655773451659,50.94104061749077,65.60671166217597,71.50594028231711,-24.780242727789307,54.5399977090388,49.76525102145356,79.94546357844817,26.59631714102646,2.9532905057028476,Unfeasible shape,32.0,,,,,,PRUNED
563,563,140.0,2026-05-12 20:41:55.872731,2026-05-12 20:41:56.111262,0 days 00:00:00.238531,-34.101907212588344,47.890743994255956,20.32854993922797,57.35507419364123,60.874076274173554,71.74287381717402,-20.985967872453756,60.22778847356242,46.22619883423427,88.81116534193966,23.907223063575067,12.416749000798578,Unfeasible shape,32.0,,,,,,PRUNED
564,564,140.0,2026-05-12 20:41:56.303052,2026-05-12 20:41:56.590383,0 days 00:00:00.287331,-32.27104601578259,43.80533227708356,28.407760790881323,50.78813899552186,62.471966883794735,66.62758267437559,-26.45655386123002,68.0023808976048,44.08367168654272,85.59325995850516,29.32887519396941,8.083867396318734,Unfeasible shape,32.0,,,,,,PRUNED
565,565,140.0,2026-05-12 20:41:56.787921,2026-05-12 20:41:57.048183,0 days 00:00:00.260262,-29.70109121413921,40.35810776922887,24.790271481776614,55.7566896115717,59.86597010884244,73.51424798329626,-23.081165423107826,66.22569382279406,49.47099830579635,85.37890387703418,25.47956913013573,10.832007083282587,Unfeasible shape,32.0,,,,,,PRUNED
566,566,140.0,2026-05-12 20:41:57.261743,2026-05-12 20:41:57.530583,0 days 00:00:00.268840,-31.166935662585246,39.28672841174182,28.691491377718812,56.27744097293095,58.55395990208512,74.26692345951373,-30.103070783922433,60.68568063398967,49.23624290408379,83.7223264561629,23.74871059779239,9.380413861115825,Unfeasible shape,32.0,,,,,,PRUNED
567,567,41.30537001613506,2026-05-12 20:41:57.720291,2026-05-12 20:42:14.082241,0 days 00:00:16.361950,-33.62088750068645,38.90068765643592,26.014694904089698,57.93864220917532,54.81726303375784,69.52443378805765,-22.672318690452812,55.49798304329871,59.50283823214828,75.45639607978099,27.505297320620908,11.366540534044685,,32.0,,,,,,COMPLETE
568,568,44.93683945832163,2026-05-12 20:42:15.590158,2026-05-12 20:42:33.163729,0 days 00:00:17.573571,-30.31267345955252,42.908433024139065,27.49566787465766,59.22849250983011,60.11906024640883,72.1987858297908,-21.75729698147817,59.71155954330798,45.7922850369506,83.93318525410491,20.170967716443254,7.181433131288588,,32.0,,,,,,COMPLETE
569,569,41.32047234702783,2026-05-12 20:42:34.767163,2026-05-12 20:42:51.270491,0 days 00:00:16.503328,-38.162235642079516,41.27648324850311,24.907754519044445,53.90147856760481,56.034486432698536,74.70481664909234,-28.570245996109108,58.142900695486645,54.56186219127776,85.20984257810083,23.663495850724505,11.519538029686585,,32.0,,,,,,COMPLETE
570,570,140.0,2026-05-12 20:42:52.879339,2026-05-12 20:42:53.137164,0 days 00:00:00.257825,-33.76892303352133,44.7111729484463,22.98910510115684,53.78557062111377,59.18853232286928,71.33439889320695,-25.431309293140544,59.38326598357858,46.131580912864756,90.69243904844208,21.93219131507449,8.457526820667628,Unfeasible shape,32.0,,,,,,PRUNED
571,571,140.0,2026-05-12 20:42:53.344583,2026-05-12 20:42:53.667424,0 days 00:00:00.322841,-27.111835868654538,36.19662128394125,20.750187698117628,57.43345506884288,63.481525321183405,69.50487069360562,-23.38864171744663,64.18113023307447,56.84269696458555,76.40445274939705,25.560822426001835,10.143090525839698,Unfeasible shape,32.0,,,,,,PRUNED
572,572,140.0,2026-05-12 20:42:53.836971,2026-05-12 20:42:54.145877,0 days 00:00:00.308906,-35.300889752608775,39.01123999775237,30.072768221057224,51.888588211265606,60.668147230923196,68.31841353428996,-25.715180475049912,60.2088883312765,52.95316411460029,72.81190908513479,24.447926607399715,15.401644067794216,Unfeasible shape,32.0,,,,,,PRUNED
573,573,41.433918221526426,2026-05-12 20:42:54.341467,2026-05-12 20:43:09.503728,0 days 00:00:15.162261,-33.236325621594546,45.34313696871476,18.556114133735363,51.231138704586364,58.847145561676115,69.86014776171902,-21.60619677836292,55.719455816821124,47.88919206563483,82.614872401608,27.09680354237841,10.232810370908279,,32.0,,,,,,COMPLETE
574,574,41.29088923821401,2026-05-12 20:43:10.960569,2026-05-12 20:43:27.758801,0 days 00:00:16.798232,-33.71554457975149,39.208244155674976,23.09949062238133,54.96483501671859,56.34060866544407,70.94889144451604,-32.624450853352485,60.81071479109715,54.60540208857505,82.33394351544963,24.018546726997947,12.048874707299676,,32.0,,,,,,COMPLETE
575,575,41.184882256126016,2026-05-12 20:43:29.386549,2026-05-12 20:43:45.507548,0 days 00:00:16.120999,-36.07210437964682,38.44868134228014,25.511489835269114,54.63210009730864,57.62355673056369,72.41789917082181,-27.34343203663041,63.40703257789513,54.43783204937128,86.12479817553607,22.51134568350235,7.313315174258665,,32.0,,,,,,COMPLETE
576,576,41.318072904668114,2026-05-12 20:43:47.095437,2026-05-12 20:44:03.923874,0 days 00:00:16.828437,-30.139736355945864,39.728312878596675,21.217925528672872,60.77381448056079,54.250554249964026,72.69300066548558,-21.066236701424252,57.07289004646341,42.958351380833314,84.61132334798326,24.441185244768405,3.362323188929302,,32.0,,,,,,COMPLETE
