,number,value,datetime_start,datetime_complete,duration,params_highPt.rA2,params_highPt.rL1,params_highPt.rL2,params_highPt.rL3,params_highPt.x2,params_highPt.y2,params_lowPt.rA2,params_lowPt.rL1,params_lowPt.rL2,params_lowPt.rL3,params_lowPt.x2,params_lowPt.y2,user_attrs_prune,system_attrs_cma:generation,system_attrs_cma:optimizer:0,system_attrs_cma:optimizer:1,system_attrs_cma:optimizer:2,system_attrs_cma:optimizer:3,system_attrs_cma:optimizer:4,state
848,848,140.0,2026-05-12 21:31:35.344078,2026-05-12 21:31:35.579817,0 days 00:00:00.235739,-40.088667039684516,46.55218785396388,21.769913870360426,50.08764571485078,64.0361278651294,71.81130451462703,-27.48210704992143,63.38778942862213,67.0699117705694,76.43166789810786,18.797576927082908,16.410742041494117,Unfeasible shape,46.0,800495a6100000000000008c0a636d6165732e5f636d61948c03434d419493942981947d94288c065f6e5f64696d944b0c8c085f706f7073697a65944b0b8c035f6d75944b058c075f6d755f656666948c166e756d70792e5f636f72652e6d756c74696172726179948c067363616c61729493948c056e756d7079948c0564747970659493948c02663894898887945294284b038c013c944e4e4e4affffffff4affffffff4b007494624308e9e8100774510b4094869452948c035f636394680b681143083e6c7d43b18cd03f94869452948c035f633194680b681143089fc67c4e93b7863f94869452948c045f636d7594680b68114308b90fbeb98d89913f94869452948c085f635f7369676d6194680b681143088289198da8f9d03f94869452948c085f645f7369676d6194680b68114308606246236a3ef43f94869452948c035f636d944b018c065f6368695f6e9447400b25064571943c8c085f776569676874739468098c0c5f7265636f6e737472756374949394680c8c076e6461727261799493944b0085944301629487945294284b014b0b8594680e8c02663894898887945294284b0368124e4e4e4affffffff4affffffff4b00749462894358538e214ba67ddb3f2c5e47761ddbd03f4c60b4a91145c53f18b8b48552e2b83f8daa7d42f660a63f00000000000000009bd0b4761a8dc0bf5806fa0273e3cebff539783e76c4d5bfddd50bc2786cdbbf0820f98e2d45e0bf947494628c085f705f7369676d6194682f68314b008594683387945294284b014b0c859468118943607c1958651145d3bf465a8e47d546ff3f10bcc7fdf83dc1bf3d5a087aaf26e2bf1bf9c9ce8887cb3f2421e434d4a1f0bfc25b8d9046f2e13ffae2064a898bee3f04264c4be6f004407864c0f6489cf7bfb2d6244cb09de93fa70613bebc29c73f947494628c035f706394682f68314b008594683387945294284b014b0c85946811894360c4c6efa25b67c8bf3608858e7e27fe3f003d44384b025b3f9484c1c2667fe8bfd47417086703cb3fb43846d52a97f0bf78e1668bb733cfbf1cc80e0badb4e93f8ffe66d14d8a064072d29ea5965df8bf04d8f7c35f91e83f2e65f553ca85ea3f947494628c055f6d65616e94682f68314b008594683387945294284b014b0c8594683989436026aab6c3f89ae73fb65c1e7280d7dd3fec691d235e66c43f82224db29dbfd93fc1a7c10e767aea3f0c09d4b7e7fbeb3fc3432be17a85eb3f1280c032a1d6e33f36a519370c33e43f53ebaf6c4766e63f27da91baac08d53ff9e4446922a1ce3f947494628c065f7369676d6194680b6811430864e9ea167bc5a33f94869452948c025f44944e8c025f42944e8c075f626f756e647394682f68314b008594683387945294284b014b0c4b02869468398943c00,000000000000000000000000000f03f0000000000000000000000000000f03f0000000000000000000000000000f03f0000000000000000000000000000f03f0000000000000000000000000000f03f0000000000000000000000000000f03f0000000000000000000000000000f03f0000000000000000000000000000f03f0000000000000000000000000000f03f0000000000000000000000000000f03f0000000000000000000000000000f03f0000000000000000000000000000f03f947494628c115f6e5f6d61785f726573616d706c696e67944b788c025f67944b2e8c095f6c725f616461707494898c065f616c70686194473ff66666666666668c0a5f626574615f6d65616e94473fb999999999999a8c0b5f626574615f5369676d6194473f9eb851eb851eb88c065f67616d6d6194473fb999999999999a8c065f456d65616e94682f68314b008594683387945294284b014b0c4b0186946839894360000000000000000000000000000000000000000000000000000000000000000000000000000000000000000000000000000000000000000000000000000000000000000000000000000000000000000000000000000000000000000000000000947494628c075f455369676d6194682f68314b008594683387945294284b014b904b018694683989428004000000000000000000000000000000000000000000000000000000000000000000000000000000000000000000000000000000000000000000000000000000000000000000000000000000000000000000000000000000000000000000000000000000000000000000000000000000000000000000000000000000000000000000000000000000000000000000000000000000000000000000000000000000000000000000000000000000000000000000000000000000000000000000000000000000000000000000000000000000000000000000000000000000000000000000000000000000000000000000000000000000000000000000000000000000000000000000000000000000000000000000000000000000000000000000000000000000000000000000000000000000000000000000000000000000000000000000000000000000000000000000000000000000000000000000000000000000000000000000000000000000000000000000000000000000000000000000000000000000000000000000000000000000000000000000000000000000000000000000000000000000000000000000000000000000000000000000000000000000000000000000000000000000000000000000000000000000000000000000000000000000000000000000000000000000000000000000000000000000000000000000000000000000000000000000000000,0000000000000000000000000000000000000000000000000000000000000000000000000000000000000000000000000000000000000000000000000000000000000000000000000000000000000000000000000000000000000000000000000000000000000000000000000000000000000000000000000000000000000000000000000000000000000000000000000000000000000000000000000000000000000000000000000000000000000000000000000000000000000000000000000000000000000000000000000000000000000000000000000000000000000000000000000000000000000000000000000000000000000000000000000000000000000000000000000000000000000000000000000000000000000000000000000000000000000000000000000000000000000000000000000000000000000000000000000000000000000000000000000000000000000000000000000000000000000000000000000000000000000000000000000000000000000000000000000000000000000000000000000000000000000000000000000000000000000000000000000000000000000000000000000000000000000000000000000000000000000000000000000000000000000000000000000000000000000000000000000000000000000000000000000000000000000000000000000000000000000000000000000000000000000000000000000000000000000000000000000000000000000000000000000000000000000000000000000000000000000000000000000000000000000000000000000000000000000000000000000000000000000000000000000000000000000000000000000000947494628c065f566d65616e944700000000000000008c075f565369676d61944700000000000000008c095f6574615f6d65616e94473ff00000000000008c0a5f6574615f5369676d6194473ff00000000000008c055f746f6c7894680b6811430816383daccc74473d94869452948c075f746f6c787570944740c38800000000008c075f746f6c66756e94473d719799812dea118c105f746f6c636f6e646974696f6e636f76944742d6bcc41e9000008c0d5f66756e686973745f7465726d944b2b8c0f5f66756e686973745f76616c75657394682f68314b008594683387945294284b014b56859468398942b00200001407cdf888834440660b9bf536b34440a0f1f988f48344400005635bea774640c60edda317844440d83ff559ea774640e078ae2dc9834440d8a5f05aea774640b2a08e4a68d54440e2e86af73b90454086155937a6ed44402246245bea7746400025072e5ec64440728cee09aee745407e5b77c2bde64440d8748de672444640302071352ee94440120d3f5aea7746408a55a55975d1444094468,acb223f4540846eb32b3bdb4440441913d44c6d4540903b9df2129c4440b8392c10f5454540dc125e4bd99d444058faff5aea774640cc9e3a029ab144408ee69595cf854540862ffb18bfa04440109d6e5dfea84540e261f0a0e2a4444068f26b22ca014540be98333e2bab4440ec10990389f1444086a3031cc7a44440c42f775c9df245405cb1856eeca24440c8b3beadc1f94540d2a6567059b144405c761e35d20c4540986fa557c5a24440d480f82a3ee14440e2b901e0848a4440b09fe848b1ff4440b6c7877bb0924440061fe1894ffa4440904fba85898c4440eed16240cbde4440ee93b5b888974440f4e2145cea77464090b84ec7b0954440aa3f135bea7746404c40497381824440ba2ef35aea774640c2d8bbc6ca824440ca6bcb5bea774640181fd92d5b8c4440e8bd4e5bea7746402eb779ab4a8d4440588ba25bea77464082ea3a26b08f44404859317546af4440401d7f4a4a874440b222c35bea774640163d1a3f068b44405466165bea774640726e6247d1884440008cf95aea774640f856697d558744409634776468af44403e09331784894440ecb55660374f4540a0e1a94143854440a62b275aea774640f062ea6784894440c2a4735bea774640b28f2702337d4440e64b9b65f7a64440160a8297bd8944409430195aea77464078c07bed588844406e7d1e5cea774640b80454cfb17f444054182c5bea77464042009a6c488144405056a65bea774640947494628c055f635f316494682f68314b008594683387945294284b014b4e859468118942700200003f7e4ee3ed17e73f4f9e41f35397bebf23990cefbfa69b3faae7bf7fbc8b9bbfa7f819b9f14dc0bf9603dc209528a2bf81ff22536377ba3fde999a7f4457b73fe8f83a5e27d0a0bf8285d5013dddb13f73cf0e24074d8a3fd6e5822a99a2babf1c9baa061a01ef3fa66fda3e6590a4bff0ad52245722b6bfe1ee18ad0965be3fd14c5237b9f3c1bf24cb84045decbebfc8bb3c095f7da3bf92f435c06fe2c73f84bcad04b09ca4bf17d8e2991c0cd33f3c4c469ce1a8a03fdea0256ab2d3e13fea2003342d63c3bf22a5172495e4c9bfb93ef248b402b13f469e1aad8491cebf585a17b95dfdc13f673c4dd44787c63fba1bbf4f2aed6d3f9f1c518f7941b6bfbb346b69dcbcb73fcd1ee5078455e33fe97a3ac1f9cfb4bfac8e11d31192cc3fcb4d3f16eb75c43fba9fa213e4b3babf1a4bfafa781dcebf626742a11222ad3f46d31787a4119d3f0a45cf0a3b3ec4bf660f0c9e7711dd3fd80912546d648e3f2f8135801ec1c33fd497c4c09d8a82bf587d35b4747fa8bf64f6071027af903fbe92c376f642963febeeae647db48c3fb616470772cee73f6767d3007a15c13f9b45411974a0993ffa45084baf798dbf2b0187367f6ed03f0390eef3ab52b4bf,c174ca37e823c2bf6ad86806686cf23f28406af20ed0ccbf9b21a64ce1b4ddbf9138c90b4bbac13fcecb86f5854ca43f51a9cdef99d2843fddc80f07dfede73f8ba2927bb429d33f2ad12f20acf9a13f4cf4aaa22330c9bf10845c383116c03f6b35f85646b4f63f8e95c25f8afdc4bfa65a2a612ea7bebf71e093f18f6ed23f9c9016a54209ee3f14aaf70c0090b4bff079b27c79cbd4bfc8cf2c0f125cf03f024701af0ac5bbbfc0f57fcd977cea3f9474946275622e,PRUNED
849,849,140.0,2026-05-12 21:31:35.813870,2026-05-12 21:31:36.073921,0 days 00:00:00.260051,-33.671227750479574,57.387555369015864,26.626090458950095,45.18064421551829,59.53445820059209,69.49349298467628,-29.14883017037176,67.70304438514128,74.26907622411693,76.28809508547769,26.666461731514357,14.58644440658957,Unfeasible shape,46.0,800495a6100000000000008c0a636d6165732e5f636d61948c03434d419493942981947d94288c065f6e5f64696d944b0c8c085f706f7073697a65944b0b8c035f6d75944b058c075f6d755f656666948c166e756d70792e5f636f72652e6d756c74696172726179948c067363616c61729493948c056e756d7079948c0564747970659493948c02663894898887945294284b038c013c944e4e4e4affffffff4affffffff4b007494624308e9e8100774510b4094869452948c035f636394680b681143083e6c7d43b18cd03f94869452948c035f633194680b681143089fc67c4e93b7863f94869452948c045f636d7594680b68114308b90fbeb98d89913f94869452948c085f635f7369676d6194680b681143088289198da8f9d03f94869452948c085f645f7369676d6194680b68114308606246236a3ef43f94869452948c035f636d944b018c065f6368695f6e9447400b25064571943c8c085f776569676874739468098c0c5f7265636f6e737472756374949394680c8c076e6461727261799493944b0085944301629487945294284b014b0b8594680e8c02663894898887945294284b0368124e4e4e4affffffff4affffffff4b00749462894358538e214ba67ddb3f2c5e47761ddbd03f4c60b4a91145c53f18b8b48552e2b83f8daa7d42f660a63f00000000000000009bd0b4761a8dc0bf5806fa0273e3cebff539783e76c4d5bfddd50bc2786cdbbf0820f98e2d45e0bf947494628c085f705f7369676d6194682f68314b008594683387945294284b014b0c859468118943607c1958651145d3bf465a8e47d546ff3f10bcc7fdf83dc1bf3d5a087aaf26e2bf1bf9c9ce8887cb3f2421e434d4a1f0bfc25b8d9046f2e13ffae2064a898bee3f04264c4be6f004407864c0f6489cf7bfb2d6244cb09de93fa70613bebc29c73f947494628c035f706394682f68314b008594683387945294284b014b0c85946811894360c4c6efa25b67c8bf3608858e7e27fe3f003d44384b025b3f9484c1c2667fe8bfd47417086703cb3fb43846d52a97f0bf78e1668bb733cfbf1cc80e0badb4e93f8ffe66d14d8a064072d29ea5965df8bf04d8f7c35f91e83f2e65f553ca85ea3f947494628c055f6d65616e94682f68314b008594683387945294284b014b0c8594683989436026aab6c3f89ae73fb65c1e7280d7dd3fec691d235e66c43f82224db29dbfd93fc1a7c10e767aea3f0c09d4b7e7fbeb3fc3432be17a85eb3f1280c032a1d6e33f36a519370c33e43f53ebaf6c4766e63f27da91baac08d53ff9e4446922a1ce3f947494628c065f7369676d6194680b6811430864e9ea167bc5a33f94869452948c025f44944e8c025f42944e8c075f626f756e647394682f68314b008594683387945294284b014b0c4b02869468398943c00,000000000000000000000000000f03f0000000000000000000000000000f03f0000000000000000000000000000f03f0000000000000000000000000000f03f0000000000000000000000000000f03f0000000000000000000000000000f03f0000000000000000000000000000f03f0000000000000000000000000000f03f0000000000000000000000000000f03f0000000000000000000000000000f03f0000000000000000000000000000f03f0000000000000000000000000000f03f947494628c115f6e5f6d61785f726573616d706c696e67944b788c025f67944b2e8c095f6c725f616461707494898c065f616c70686194473ff66666666666668c0a5f626574615f6d65616e94473fb999999999999a8c0b5f626574615f5369676d6194473f9eb851eb851eb88c065f67616d6d6194473fb999999999999a8c065f456d65616e94682f68314b008594683387945294284b014b0c4b0186946839894360000000000000000000000000000000000000000000000000000000000000000000000000000000000000000000000000000000000000000000000000000000000000000000000000000000000000000000000000000000000000000000000000947494628c075f455369676d6194682f68314b008594683387945294284b014b904b018694683989428004000000000000000000000000000000000000000000000000000000000000000000000000000000000000000000000000000000000000000000000000000000000000000000000000000000000000000000000000000000000000000000000000000000000000000000000000000000000000000000000000000000000000000000000000000000000000000000000000000000000000000000000000000000000000000000000000000000000000000000000000000000000000000000000000000000000000000000000000000000000000000000000000000000000000000000000000000000000000000000000000000000000000000000000000000000000000000000000000000000000000000000000000000000000000000000000000000000000000000000000000000000000000000000000000000000000000000000000000000000000000000000000000000000000000000000000000000000000000000000000000000000000000000000000000000000000000000000000000000000000000000000000000000000000000000000000000000000000000000000000000000000000000000000000000000000000000000000000000000000000000000000000000000000000000000000000000000000000000000000000000000000000000000000000000000000000000000000000000000000000000000000000000000000000000000000000000,0000000000000000000000000000000000000000000000000000000000000000000000000000000000000000000000000000000000000000000000000000000000000000000000000000000000000000000000000000000000000000000000000000000000000000000000000000000000000000000000000000000000000000000000000000000000000000000000000000000000000000000000000000000000000000000000000000000000000000000000000000000000000000000000000000000000000000000000000000000000000000000000000000000000000000000000000000000000000000000000000000000000000000000000000000000000000000000000000000000000000000000000000000000000000000000000000000000000000000000000000000000000000000000000000000000000000000000000000000000000000000000000000000000000000000000000000000000000000000000000000000000000000000000000000000000000000000000000000000000000000000000000000000000000000000000000000000000000000000000000000000000000000000000000000000000000000000000000000000000000000000000000000000000000000000000000000000000000000000000000000000000000000000000000000000000000000000000000000000000000000000000000000000000000000000000000000000000000000000000000000000000000000000000000000000000000000000000000000000000000000000000000000000000000000000000000000000000000000000000000000000000000000000000000000000000000000000000000000000947494628c065f566d65616e944700000000000000008c075f565369676d61944700000000000000008c095f6574615f6d65616e94473ff00000000000008c0a5f6574615f5369676d6194473ff00000000000008c055f746f6c7894680b6811430816383daccc74473d94869452948c075f746f6c787570944740c38800000000008c075f746f6c66756e94473d719799812dea118c105f746f6c636f6e646974696f6e636f76944742d6bcc41e9000008c0d5f66756e686973745f7465726d944b2b8c0f5f66756e686973745f76616c75657394682f68314b008594683387945294284b014b56859468398942b00200001407cdf888834440660b9bf536b34440a0f1f988f48344400005635bea774640c60edda317844440d83ff559ea774640e078ae2dc9834440d8a5f05aea774640b2a08e4a68d54440e2e86af73b90454086155937a6ed44402246245bea7746400025072e5ec64440728cee09aee745407e5b77c2bde64440d8748de672444640302071352ee94440120d3f5aea7746408a55a55975d1444094468,acb223f4540846eb32b3bdb4440441913d44c6d4540903b9df2129c4440b8392c10f5454540dc125e4bd99d444058faff5aea774640cc9e3a029ab144408ee69595cf854540862ffb18bfa04440109d6e5dfea84540e261f0a0e2a4444068f26b22ca014540be98333e2bab4440ec10990389f1444086a3031cc7a44440c42f775c9df245405cb1856eeca24440c8b3beadc1f94540d2a6567059b144405c761e35d20c4540986fa557c5a24440d480f82a3ee14440e2b901e0848a4440b09fe848b1ff4440b6c7877bb0924440061fe1894ffa4440904fba85898c4440eed16240cbde4440ee93b5b888974440f4e2145cea77464090b84ec7b0954440aa3f135bea7746404c40497381824440ba2ef35aea774640c2d8bbc6ca824440ca6bcb5bea774640181fd92d5b8c4440e8bd4e5bea7746402eb779ab4a8d4440588ba25bea77464082ea3a26b08f44404859317546af4440401d7f4a4a874440b222c35bea774640163d1a3f068b44405466165bea774640726e6247d1884440008cf95aea774640f856697d558744409634776468af44403e09331784894440ecb55660374f4540a0e1a94143854440a62b275aea774640f062ea6784894440c2a4735bea774640b28f2702337d4440e64b9b65f7a64440160a8297bd8944409430195aea77464078c07bed588844406e7d1e5cea774640b80454cfb17f444054182c5bea77464042009a6c488144405056a65bea774640947494628c055f635f316494682f68314b008594683387945294284b014b4e859468118942700200003f7e4ee3ed17e73f4f9e41f35397bebf23990cefbfa69b3faae7bf7fbc8b9bbfa7f819b9f14dc0bf9603dc209528a2bf81ff22536377ba3fde999a7f4457b73fe8f83a5e27d0a0bf8285d5013dddb13f73cf0e24074d8a3fd6e5822a99a2babf1c9baa061a01ef3fa66fda3e6590a4bff0ad52245722b6bfe1ee18ad0965be3fd14c5237b9f3c1bf24cb84045decbebfc8bb3c095f7da3bf92f435c06fe2c73f84bcad04b09ca4bf17d8e2991c0cd33f3c4c469ce1a8a03fdea0256ab2d3e13fea2003342d63c3bf22a5172495e4c9bfb93ef248b402b13f469e1aad8491cebf585a17b95dfdc13f673c4dd44787c63fba1bbf4f2aed6d3f9f1c518f7941b6bfbb346b69dcbcb73fcd1ee5078455e33fe97a3ac1f9cfb4bfac8e11d31192cc3fcb4d3f16eb75c43fba9fa213e4b3babf1a4bfafa781dcebf626742a11222ad3f46d31787a4119d3f0a45cf0a3b3ec4bf660f0c9e7711dd3fd80912546d648e3f2f8135801ec1c33fd497c4c09d8a82bf587d35b4747fa8bf64f6071027af903fbe92c376f642963febeeae647db48c3fb616470772cee73f6767d3007a15c13f9b45411974a0993ffa45084baf798dbf2b0187367f6ed03f0390eef3ab52b4bf,c174ca37e823c2bf6ad86806686cf23f28406af20ed0ccbf9b21a64ce1b4ddbf9138c90b4bbac13fcecb86f5854ca43f51a9cdef99d2843fddc80f07dfede73f8ba2927bb429d33f2ad12f20acf9a13f4cf4aaa22330c9bf10845c383116c03f6b35f85646b4f63f8e95c25f8afdc4bfa65a2a612ea7bebf71e093f18f6ed23f9c9016a54209ee3f14aaf70c0090b4bff079b27c79cbd4bfc8cf2c0f125cf03f024701af0ac5bbbfc0f57fcd977cea3f9474946275622e,PRUNED
