,number,value,datetime_start,datetime_complete,duration,params_highPt.rA2,params_highPt.rL1,params_highPt.rL2,params_highPt.rL3,params_highPt.x2,params_highPt.y2,params_lowPt.rA2,params_lowPt.rL1,params_lowPt.rL2,params_lowPt.rL3,params_lowPt.x2,params_lowPt.y2,user_attrs_prune,system_attrs_cma:generation,system_attrs_cma:optimizer:0,system_attrs_cma:optimizer:1,system_attrs_cma:optimizer:2,system_attrs_cma:optimizer:3,system_attrs_cma:optimizer:4,state
349,349,41.24607071861233,2026-05-12 20:03:06.584805,2026-05-12 20:03:21.372147,0 days 00:00:14.787342,-46.441011340125634,52.25581946695812,30.621584252629447,44.4023890898257,58.23022836449527,71.2867974644284,-31.058894730334586,70.33606244613429,59.08756513160224,87.65739329361467,12.009970126014624,15.323533863940975,,21.0,800495a6100000000000008c0a636d6165732e5f636d61948c03434d419493942981947d94288c065f6e5f64696d944b0c8c085f706f7073697a65944b0b8c035f6d75944b058c075f6d755f656666948c166e756d70792e5f636f72652e6d756c74696172726179948c067363616c61729493948c056e756d7079948c0564747970659493948c02663894898887945294284b038c013c944e4e4e4affffffff4affffffff4b007494624308e9e8100774510b4094869452948c035f636394680b681143083e6c7d43b18cd03f94869452948c035f633194680b681143089fc67c4e93b7863f94869452948c045f636d7594680b68114308b90fbeb98d89913f94869452948c085f635f7369676d6194680b681143088289198da8f9d03f94869452948c085f645f7369676d6194680b68114308606246236a3ef43f94869452948c035f636d944b018c065f6368695f6e9447400b25064571943c8c085f776569676874739468098c0c5f7265636f6e737472756374949394680c8c076e6461727261799493944b0085944301629487945294284b014b0b8594680e8c02663894898887945294284b0368124e4e4e4affffffff4affffffff4b00749462894358538e214ba67ddb3f2c5e47761ddbd03f4c60b4a91145c53f18b8b48552e2b83f8daa7d42f660a63f00000000000000009bd0b4761a8dc0bf5806fa0273e3cebff539783e76c4d5bfddd50bc2786cdbbf0820f98e2d45e0bf947494628c085f705f7369676d6194682f68314b008594683387945294284b014b0c8594681189436082c44bdceb9eeb3f6c34271442d9e7bfb76014ebd831f1bf3f7560d00ff0d3bf09d1ca93c51ffa3f35b7884220b1e63f37fcfee2b887ee3f82bfb93f95fdd6bfb132d993229ae3bf5fae00c727ade9bf81817ab20779bf3fee60914c809abbbf947494628c035f706394682f68314b008594683387945294284b014b0c859468118943604d03c271bbd8e33f2855b824189de7bf62e94af59fedefbfe6c2a4071901cabf344c901933bcf93f9715ebef2aaae13f187c012befa1f23fafc8a5444c42dabf2f07524f3897e7bfd2403c9e4922e3bffcf01f84a63bc13f645ba3d7a059bdbf947494628c055f6d65616e94682f68314b008594683387945294284b014b0c8594683989436001ad8e2b7124e63f70f25f0d9fa7db3fcba820f8f6ffb83fa275919b69ccdd3f7d857a5e5213eb3fc66384a80d3fed3f3228c9f58b8bea3f79b74a059322e13fa7cd1b61fbbede3f367166843926e83ff4763fe68923d03f82df77edc3bdce3f947494628c065f7369676d6194680b68114308167daaaebe4bb43f94869452948c025f44944e8c025f42944e8c075f626f756e647394682f68314b008594683387945294284b014b0c4b02869468398943c00,000000000000000000000000000f03f0000000000000000000000000000f03f0000000000000000000000000000f03f0000000000000000000000000000f03f0000000000000000000000000000f03f0000000000000000000000000000f03f0000000000000000000000000000f03f0000000000000000000000000000f03f0000000000000000000000000000f03f0000000000000000000000000000f03f0000000000000000000000000000f03f0000000000000000000000000000f03f947494628c115f6e5f6d61785f726573616d706c696e67944b788c025f67944b158c095f6c725f616461707494898c065f616c70686194473ff66666666666668c0a5f626574615f6d65616e94473fb999999999999a8c0b5f626574615f5369676d6194473f9eb851eb851eb88c065f67616d6d6194473fb999999999999a8c065f456d65616e94682f68314b008594683387945294284b014b0c4b0186946839894360000000000000000000000000000000000000000000000000000000000000000000000000000000000000000000000000000000000000000000000000000000000000000000000000000000000000000000000000000000000000000000000000947494628c075f455369676d6194682f68314b008594683387945294284b014b904b018694683989428004000000000000000000000000000000000000000000000000000000000000000000000000000000000000000000000000000000000000000000000000000000000000000000000000000000000000000000000000000000000000000000000000000000000000000000000000000000000000000000000000000000000000000000000000000000000000000000000000000000000000000000000000000000000000000000000000000000000000000000000000000000000000000000000000000000000000000000000000000000000000000000000000000000000000000000000000000000000000000000000000000000000000000000000000000000000000000000000000000000000000000000000000000000000000000000000000000000000000000000000000000000000000000000000000000000000000000000000000000000000000000000000000000000000000000000000000000000000000000000000000000000000000000000000000000000000000000000000000000000000000000000000000000000000000000000000000000000000000000000000000000000000000000000000000000000000000000000000000000000000000000000000000000000000000000000000000000000000000000000000000000000000000000000000000000000000000000000000000000000000000000000000000000000000000000000000000,0000000000000000000000000000000000000000000000000000000000000000000000000000000000000000000000000000000000000000000000000000000000000000000000000000000000000000000000000000000000000000000000000000000000000000000000000000000000000000000000000000000000000000000000000000000000000000000000000000000000000000000000000000000000000000000000000000000000000000000000000000000000000000000000000000000000000000000000000000000000000000000000000000000000000000000000000000000000000000000000000000000000000000000000000000000000000000000000000000000000000000000000000000000000000000000000000000000000000000000000000000000000000000000000000000000000000000000000000000000000000000000000000000000000000000000000000000000000000000000000000000000000000000000000000000000000000000000000000000000000000000000000000000000000000000000000000000000000000000000000000000000000000000000000000000000000000000000000000000000000000000000000000000000000000000000000000000000000000000000000000000000000000000000000000000000000000000000000000000000000000000000000000000000000000000000000000000000000000000000000000000000000000000000000000000000000000000000000000000000000000000000000000000000000000000000000000000000000000000000000000000000000000000000000000000000000000000000000000000947494628c065f566d65616e944700000000000000008c075f565369676d61944700000000000000008c095f6574615f6d65616e94473ff00000000000008c0a5f6574615f5369676d6194473ff00000000000008c055f746f6c7894680b6811430816383daccc74473d94869452948c075f746f6c787570944740c38800000000008c075f746f6c66756e94473d719799812dea118c105f746f6c636f6e646974696f6e636f76944742d6bcc41e9000008c0d5f66756e686973745f7465726d944b2b8c0f5f66756e686973745f76616c75657394682f68314b008594683387945294284b014b56859468398942b0020000010000000000000060dc6f62fd7f000086f09eed6c324540cc84085bea774640bcaa809ce0d44440707510f8e58c4640f60157ab10044540eefa3f03e01e4640b2a08e4a68d54440e2e86af73b90454086155937a6ed44402246245bea7746400025072e5ec64440728cee09aee745407e5b77c2bde64440d8748de672444640302071352ee94440120d3f5aea7746408a55a55975d1444094468,acb223f4540846eb32b3bdb4440441913d44c6d4540903b9df2129c4440b8392c10f5454540dc125e4bd99d444058faff5aea774640cc9e3a029ab144408ee69595cf854540862ffb18bfa04440109d6e5dfea84540e261f0a0e2a4444068f26b22ca014540be98333e2bab4440ec10990389f1444086a3031cc7a44440c42f775c9df245405cb1856eeca24440c8b3beadc1f94540d2a6567059b144405c761e35d20c4540986fa557c5a24440d480f82a3ee14440e2b901e0848a4440b09fe848b1ff44406976652e0a20202020202020206e203a20696e74206f722061727261795f6c696b650a202020202020202020202020546865206e756d626572206f6620747269616c732e204561636820656c656d656e74206d7573742062652061207374726963746c7920706f73697469766520696e74656765722e0a0a202020202020202052657475726e730a20202020202020202d2d2d2d2d2d2d0a20202020202020206f75743a206e6461727261790a2020202020202020202020204d65616e206f662061204469726963686c6574206d756c74696e6f6d69616c20646973747269627574696f6e2e0a0a2020202020202020e08c5b86d0010000a0955b86d001000030846086d001000050b05b86d001000040176086d0010000b0846086d001000030856086d001000060895b86d0010000b0856086d001000030866086d0010000d09e5b86d0010000b0006086d0010000947494628c055f635f316494682f68314b008594683387945294284b014b4e8594681189427002000033146e61f082eb3f182e76e209fda23f2bc7ed7a95cdba3f63e0e9c2fccb9fbf097647390489b0bf3441900d9642bebf60e40edae95bc13fbbf5e8f1ba42c13f06632d7c34b89dbfc27eacbe3c0fa1bf2bcb6cd6981f88bf80d1102c536137bf3d0aaf1e4db1ec3f24c13610a587b03f5fb7f33789c3893f4eb844ef675aa1bfea17fbf062e7a7bfe16895e46fe3b0bfbcff70eebbe5ab3f44b7220a2e2aae3fe2826cb409ceabbfd9c275e437d1b13fe5f90530e4b1b53f360c934a68b0e93f348112411206bebf81a12fe4cac2c7bf750c07c3db196a3fd7f47d8f54d3c0bfc785e1e6ef8cb03f193fb50b7901b53f0ac177a4bca5aebf342d0e41d849a53f5c36ef8ad4d7a53f4448925ae027e43fa6b4cf570aa5b9bf443973bc2576b53fae2993a1a76f8bbf8c6e6d136dc18cbf586507e4490295bfcb1e6d2803a6b4bf86c627104836a1bf8d76bf510b7b91bfc799ae8773a0ed3f4c9e63fee883bf3fdc396868454bc23f394f708885beb4bf0b8f985861eab4bfbba0a28f85a8c13fe2c0bc765f6882bf2c55792d1c15b0bfba5cd7d3a456e83f0f411a171898a4bf80b55c3e933277bfffa2ff8ea436ad3f962793b469afc53f0da51600a8d8b4bf,a6a2b85b1023c4bf70d05b21f2a5f13f23d7d0d98bc3c0bf1e317079039ac2bfaedba9397f42a63f1bfcc4516d86b13fd0236e1e8551be3f68c4634ef588eb3f458b9230f7668abfb9e0800ab562a13ff466f5431a9cb2bf903a72bfe79ba83fb1b5fc0d5e43f03f490c7796b518afbf500e4c15c8bf8dbfd27a58cceb159dbfa5c005c2a558f03fd1a49d45586ac5bf398f768ae21acbbf62d226416378ed3fd5f000760c8fbe3f7c938d441aa3e73f9474946275622e,COMPLETE
350,350,140.0,2026-05-12 20:03:22.948829,2026-05-12 20:03:23.233360,0 days 00:00:00.284531,-41.455708343285,56.21777512274108,18.768544030941026,54.39301321743866,71.8489876890776,74.92553317406006,-23.842387697963147,50.4710498701923,54.679018523164444,70.80078504366216,27.967440572635205,17.10539475566311,Unfeasible shape,21.0,,,,,,PRUNED
351,351,140.0,2026-05-12 20:03:23.411675,2026-05-12 20:03:23.689519,0 days 00:00:00.277844,-31.209715843864757,57.14041219350815,20.869590670817463,42.631641709318956,74.25598470550004,67.67480252269927,-26.482684216787916,53.924552595925746,44.20076778431559,73.59080242594746,34.915562938258155,28.60941055698996,Unfeasible shape,21.0,,,,,,PRUNED
352,352,41.277607751037266,2026-05-12 20:03:23.851285,2026-05-12 20:03:38.562987,0 days 00:00:14.711702,-36.395671615085206,57.858465845871294,21.398522986210857,49.81647173836935,59.57373421988986,66.81951900278274,-27.85158762816986,64.52788277307661,50.62759728077069,82.79442732684073,22.312222959394187,17.235473632215896,,21.0,,,,,,COMPLETE
353,353,41.195880953932146,2026-05-12 20:03:40.020777,2026-05-12 20:03:59.925307,0 days 00:00:19.904530,-46.35133588119201,41.79926217102188,14.592388901414594,55.26787950858262,66.99500384737914,69.52738927335979,-33.867234629969055,53.40961967044647,56.46658352920755,77.39212440059032,28.141439601405583,9.897869696536944,,21.0,,,,,,COMPLETE
354,354,140.0,2026-05-12 20:04:01.637232,2026-05-12 20:04:01.935218,0 days 00:00:00.297986,-34.139628046340555,40.97330947550394,16.297026122960084,58.591212678097854,65.11054600868754,65.4759847177386,-26.14451897404279,61.69319663002472,44.859418895077155,77.95273209349244,9.56958584874669,20.751437524712316,Unfeasible shape,21.0,,,,,,PRUNED
355,355,140.0,2026-05-12 20:04:02.114301,2026-05-12 20:04:02.369058,0 days 00:00:00.254757,-33.902939697123344,51.86114039332308,21.372461532697447,58.952173712703015,68.13233359231927,68.34288950070949,-32.43713933408364,48.767662845401155,55.10458512480239,75.67752306325129,16.45271872439818,13.080535188132087,Unfeasible shape,21.0,,,,,,PRUNED
356,356,140.0,2026-05-12 20:04:02.582420,2026-05-12 20:04:02.892587,0 days 00:00:00.310167,-40.44917914799678,39.83927729263171,25.322455120642637,60.52496863214475,59.80802448734586,67.93788359916236,-33.80136436337915,56.826547098358695,57.17609219163879,74.66464049904268,19.942857369406042,19.909417860113276,Unfeasible shape,21.0,,,,,,PRUNED
357,357,140.0,2026-05-12 20:04:03.070276,2026-05-12 20:04:03.311184,0 days 00:00:00.240908,-38.316162005556855,50.106440620877166,30.526929864115402,51.44718125678522,64.6414231888287,68.82529549117727,-40.07727277599741,54.32771594303283,52.426903947114496,74.93038644868926,27.35930908869148,18.718248532101445,Unfeasible shape,21.0,,,,,,PRUNED
358,358,41.95552397205083,2026-05-12 20:04:03.529551,2026-05-12 20:04:18.081280,0 days 00:00:14.551729,-42.83690190961642,59.69652816471145,21.803172357352164,50.439383339150254,48.50199049197931,68.47774698453232,-35.88443849843168,65.27832651579243,55.869213191910184,80.97879548158613,14.859564379357133,19.81492765467499,,21.0,,,,,,COMPLETE
359,359,140.0,2026-05-12 20:04:19.520708,2026-05-12 20:04:19.782503,0 days 00:00:00.261795,-34.34062786712605,50.997848957672524,32.5734080938809,44.04428050540012,65.49496668120304,68.6899190489199,-32.83547260380038,67.63402220694246,57.32705900093505,71.72268950878993,19.142811808929846,24.964169902404603,Unfeasible shape,21.0,,,,,,PRUNED
360,360,41.14601081972016,2026-05-12 20:04:20.035596,2026-05-12 20:04:37.637067,0 days 00:00:17.601471,-38.5652267814625,41.9439073682087,22.063697131629013,50.98357413431085,62.770037719445774,74.21470091199856,-27.036274570095742,58.23124035299055,48.09680751374381,85.512645918261,18.83514712965879,18.97185681988676,,21.0,,,,,,COMPLETE
361,361,140.0,2026-05-12 20:04:39.155854,2026-05-12 20:04:39.442340,0 days 00:00:00.286486,-38.53127872172791,54.03300760973213,29.48214674919533,47.23005107163126,62.97658202017338,57.22351358978298,-29.65217047713913,61.012519058020665,54.41138431338619,64.1135535809159,15.608001844479617,20.908995442141283,Unfeasible shape,21.0,,,,,,PRUNED
362,362,41.14815125620716,2026-05-12 20:04:39.638328,2026-05-12 20:04:58.400847,0 days 00:00:18.762519,-33.69670522478287,48.242118870791785,24.853555155728976,45.554916612619266,60.03795832548477,66.61275150625491,-23.464782750292642,56.931898170608946,57.050669719729996,86.10003297920039,20.323105451192706,17.13506600428124,,21.0,,,,,,COMPLETE
363,363,140.0,2026-05-12 20:04:59.926473,2026-05-12 20:05:00.222207,0 days 00:00:00.295734,-37.84538327041229,39.70572978452502,20.09496344560967,51.890396853238144,70.21579162593943,69.49776790256448,-31.649476648886008,60.77991297071039,57.317824803209376,87.5686601219344,19.089601812764425,22.150263343987536,Unfeasible shape,21.0,,,,,,PRUNED
364,364,41.541078134314176,2026-05-12 20:05:00.419699,2026-05-12 20:05:14.835790,0 days 00:00:14.416091,-40.07327790606671,49.39463213867356,18.915747009406303,51.51259921142103,56.560962570811974,65.58017574792127,-27.63246943803079,60.544963471721616,50.37714645589985,82.69730559837438,18.815030598144805,15.284961507072047,,21.0,,,,,,COMPLETE
365,365,41.955552325174764,2026-05-12 20:05:16.227183,2026-05-12 20:05:30.347173,0 days 00:00:14.119990,-42.83690190961642,59.69652816471145,21.803172357352164,50.439383339150254,48.50199049197931,68.47774698453232,-35.88443849843168,65.27832651579243,55.869213191910184,80.97879548158613,14.859564379357133,19.81492765467499,,21.0,,,,,,COMPLETE
366,366,41.31555561847367,2026-05-12 20:05:31.739689,2026-05-12 20:05:50.641874,0 days 00:00:18.902185,-40.23269345323947,57.072820110252735,21.824564494929245,48.07072700611207,60.77852789736638,70.46607853804078,-29.77281737392918,61.96183006528845,51.17882198395689,83.01769048863017,19.73055800597627,23.445768270210525,,21.0,,,,,,COMPLETE
367,367,41.67346308873415,2026-05-12 20:05:52.094828,2026-05-12 20:06:12.059499,0 days 00:00:19.964671,-39.757589663048435,32.49089842029588,11.803748568617742,47.67232624580354,64.0968957851654,70.06197617435639,-32.70563339615318,60.29987266706751,52.89170719235847,83.06163037155656,10.628897154038086,7.766045558898119,,21.0,,,,,,COMPLETE
368,368,41.44109649095728,2026-05-12 20:06:13.793650,2026-05-12 20:06:32.404811,0 days 00:00:18.611161,-38.83392994464154,52.47259030606425,17.659112790676886,54.560778519955726,58.659545687097705,71.04731708560608,-31.756676778697283,66.72528536442547,58.14681180387617,66.62106971933513,15.787866980746218,14.187899975876407,,21.0,,,,,,COMPLETE
