,number,value,datetime_start,datetime_complete,duration,params_highPt.rA2,params_highPt.rL1,params_highPt.rL2,params_highPt.rL3,params_highPt.x2,params_highPt.y2,params_lowPt.rA2,params_lowPt.rL1,params_lowPt.rL2,params_lowPt.rL3,params_lowPt.x2,params_lowPt.y2,user_attrs_prune,system_attrs_cma:generation,system_attrs_cma:optimizer:0,system_attrs_cma:optimizer:1,system_attrs_cma:optimizer:2,system_attrs_cma:optimizer:3,system_attrs_cma:optimizer:4,state
496,496,41.32820009184317,2026-05-12 20:30:31.333855,2026-05-12 20:30:48.361608,0 days 00:00:17.027753,-35.59220620855953,49.593967977291854,21.028278558277435,53.65178579267482,60.380061759131145,63.60304371841947,-27.483641962758014,63.69714772510817,43.81440222254923,84.44512731234047,27.603617247878375,17.68242694179647,,29.0,800495a6100000000000008c0a636d6165732e5f636d61948c03434d419493942981947d94288c065f6e5f64696d944b0c8c085f706f7073697a65944b0b8c035f6d75944b058c075f6d755f656666948c166e756d70792e5f636f72652e6d756c74696172726179948c067363616c61729493948c056e756d7079948c0564747970659493948c02663894898887945294284b038c013c944e4e4e4affffffff4affffffff4b007494624308e9e8100774510b4094869452948c035f636394680b681143083e6c7d43b18cd03f94869452948c035f633194680b681143089fc67c4e93b7863f94869452948c045f636d7594680b68114308b90fbeb98d89913f94869452948c085f635f7369676d6194680b681143088289198da8f9d03f94869452948c085f645f7369676d6194680b68114308606246236a3ef43f94869452948c035f636d944b018c065f6368695f6e9447400b25064571943c8c085f776569676874739468098c0c5f7265636f6e737472756374949394680c8c076e6461727261799493944b0085944301629487945294284b014b0b8594680e8c02663894898887945294284b0368124e4e4e4affffffff4affffffff4b00749462894358538e214ba67ddb3f2c5e47761ddbd03f4c60b4a91145c53f18b8b48552e2b83f8daa7d42f660a63f00000000000000009bd0b4761a8dc0bf5806fa0273e3cebff539783e76c4d5bfddd50bc2786cdbbf0820f98e2d45e0bf947494628c085f705f7369676d6194682f68314b008594683387945294284b014b0c8594681189436008beb384b133b83f20cd079efa75b9bf5097b6e9dfccbe3fcb3c8fa83381f43fd8066f7fc386c7bf4a3313b40240cb3f9e1bcb738d44f23fdb76723018c7d9bff0743e1b788cffbfcadc015e6d05f23fe8d99dc2f24be43ffbefff2bd3c3fdbf947494628c035f706394682f68314b008594683387945294284b014b0c85946811894360bc513cb51841bc3fac01105820afc5bfd0c182aaae95b3bfee6de85dd2e2ee3fe0d1a133dce7a43f502107d47f8ed73f70b7c43f4e82f43f7c497f1b81b4e1bffb4db8aa6c55ffbf3bd1795543b7f33f1ade9c99a2dfdf3f348a5928c58ff9bf947494628c055f6d65616e94682f68314b008594683387945294284b014b0c85946839894360f48ff87e7815e83f086d611f619eda3f5dda0da4ae8dc33ffe7dd1125720df3fe0144a1d62dde93f5ed6b7f33172ed3f487de7b915bcec3f97c17c530cdde03f9a60e8864897d73ff98516024355eb3fc67d8528bf81d73f2139d147b635b73f947494628c065f7369676d6194680b68114308df42b772825baf3f94869452948c025f44944e8c025f42944e8c075f626f756e647394682f68314b008594683387945294284b014b0c4b02869468398943c00,000000000000000000000000000f03f0000000000000000000000000000f03f0000000000000000000000000000f03f0000000000000000000000000000f03f0000000000000000000000000000f03f0000000000000000000000000000f03f0000000000000000000000000000f03f0000000000000000000000000000f03f0000000000000000000000000000f03f0000000000000000000000000000f03f0000000000000000000000000000f03f0000000000000000000000000000f03f947494628c115f6e5f6d61785f726573616d706c696e67944b788c025f67944b1d8c095f6c725f616461707494898c065f616c70686194473ff66666666666668c0a5f626574615f6d65616e94473fb999999999999a8c0b5f626574615f5369676d6194473f9eb851eb851eb88c065f67616d6d6194473fb999999999999a8c065f456d65616e94682f68314b008594683387945294284b014b0c4b0186946839894360000000000000000000000000000000000000000000000000000000000000000000000000000000000000000000000000000000000000000000000000000000000000000000000000000000000000000000000000000000000000000000000000947494628c075f455369676d6194682f68314b008594683387945294284b014b904b018694683989428004000000000000000000000000000000000000000000000000000000000000000000000000000000000000000000000000000000000000000000000000000000000000000000000000000000000000000000000000000000000000000000000000000000000000000000000000000000000000000000000000000000000000000000000000000000000000000000000000000000000000000000000000000000000000000000000000000000000000000000000000000000000000000000000000000000000000000000000000000000000000000000000000000000000000000000000000000000000000000000000000000000000000000000000000000000000000000000000000000000000000000000000000000000000000000000000000000000000000000000000000000000000000000000000000000000000000000000000000000000000000000000000000000000000000000000000000000000000000000000000000000000000000000000000000000000000000000000000000000000000000000000000000000000000000000000000000000000000000000000000000000000000000000000000000000000000000000000000000000000000000000000000000000000000000000000000000000000000000000000000000000000000000000000000000000000000000000000000000000000000000000000000000000000000000000000000000,0000000000000000000000000000000000000000000000000000000000000000000000000000000000000000000000000000000000000000000000000000000000000000000000000000000000000000000000000000000000000000000000000000000000000000000000000000000000000000000000000000000000000000000000000000000000000000000000000000000000000000000000000000000000000000000000000000000000000000000000000000000000000000000000000000000000000000000000000000000000000000000000000000000000000000000000000000000000000000000000000000000000000000000000000000000000000000000000000000000000000000000000000000000000000000000000000000000000000000000000000000000000000000000000000000000000000000000000000000000000000000000000000000000000000000000000000000000000000000000000000000000000000000000000000000000000000000000000000000000000000000000000000000000000000000000000000000000000000000000000000000000000000000000000000000000000000000000000000000000000000000000000000000000000000000000000000000000000000000000000000000000000000000000000000000000000000000000000000000000000000000000000000000000000000000000000000000000000000000000000000000000000000000000000000000000000000000000000000000000000000000000000000000000000000000000000000000000000000000000000000000000000000000000000000000000000000000000000000000947494628c065f566d65616e944700000000000000008c075f565369676d61944700000000000000008c095f6574615f6d65616e94473ff00000000000008c0a5f6574615f5369676d6194473ff00000000000008c055f746f6c7894680b6811430816383daccc74473d94869452948c075f746f6c787570944740c38800000000008c075f746f6c66756e94473d719799812dea118c105f746f6c636f6e646974696f6e636f76944742d6bcc41e9000008c0d5f66756e686973745f7465726d944b2b8c0f5f66756e686973745f76616c75657394682f68314b008594683387945294284b014b56859468398942b0020000010000000000000060dc6f62fd7f000086f09eed6c324540cc84085bea774640bcaa809ce0d44440707510f8e58c4640f60157ab10044540eefa3f03e01e4640b2a08e4a68d54440e2e86af73b90454086155937a6ed44402246245bea7746400025072e5ec64440728cee09aee745407e5b77c2bde64440d8748de672444640302071352ee94440120d3f5aea7746408a55a55975d1444094468,acb223f4540846eb32b3bdb4440441913d44c6d4540903b9df2129c4440b8392c10f5454540dc125e4bd99d444058faff5aea774640cc9e3a029ab144408ee69595cf854540862ffb18bfa04440109d6e5dfea84540e261f0a0e2a4444068f26b22ca014540be98333e2bab4440ec10990389f1444086a3031cc7a44440c42f775c9df245405cb1856eeca24440c8b3beadc1f94540d2a6567059b144405c761e35d20c4540986fa557c5a24440d480f82a3ee14440e2b901e0848a4440b09fe848b1ff4440b6c7877bb0924440061fe1894ffa4440904fba85898c4440eed16240cbde4440ee93b5b888974440f4e2145cea77464090b84ec7b0954440aa3f135bea7746404c40497381824440ba2ef35aea774640c2d8bbc6ca824440ca6bcb5bea774640181fd92d5b8c4440e8bd4e5bea7746402eb779ab4a8d4440588ba25bea77464052657475726e730a20202020202020202d2d2d2d2d2d2d0a20202020202020206f75743a206e6461727261790a2020202020202020202020204d65616e206f662061204469726963686c6574206d756c74696e6f6d69616c20646973747269627574696f6e2e0a0a2020202020202020e08c5b86d0010000a0955b86d001000030846086d001000050b05b86d001000040176086d0010000b0846086d001000030856086d001000060895b86d0010000b0856086d001000030866086d0010000d09e5b86d0010000b0006086d0010000947494628c055f635f316494682f68314b008594683387945294284b014b4e859468118942700200004f6bd66b27bfec3f3ce36f4734eda13fa572e254afaba13f5e28aa12f476a7bfcc202e6c107aafbfc95099bf6a6ebcbfdb06cae46badc63fbd9ff4b8881eb03ff4741a32292b81bf88fac86fde75833f7a06599bc00f963f0c3b4cbd9f51aebf07d0e6362882e83f23cec5878e26a03f045f37101cc55c3f1c748db87ff179bf70c8710b8c38b6bfd0c3510f26bdabbf202e1d8d761a48bf8a5d8d43c13da33f25cf13c200ad8a3f345b69d79cc3b13f86577bd5bbe2aa3f5e05538068d2e83f02bc1e2c807abdbfe81c8a123d6bcabf6935b148024f953ffb08f96bc06ac5bfc156280125dab73f090e8bce4d64813f7472e1d304f79abfc2936d8b497a9b3f72375825e3cda53fb642fdfabd9ee33fea6d5674bf44c0bfdea412a7039ebc3f50b0932c90dd903f3f3857f2975aa9bf5909fb4c15789abff70862c15f37acbf1b5477244963a7bf3a57c45d9d75b2bf7b20eef51546e73f133fb775d004bc3f67e42deb9e14c13fa3a875f40e3594bfaf59aa8e00e2afbf138af9911579c63f8f2f15e2e0028e3f2eda3a08e972b5bf3cde69dbb31be93fdbc9a5becd708abf32deae18a23860bf97021edffa7bb63f108fbef4ec38c63f961104d33fcdb9bf,26fa125c5dbdc0bf8f7d0fe3d368f23f8a8caaac9180c4bfd85408905d2dcabfa84f098bb9f0c03ff7880e642c18b63fb03ae66fc4f3b03ffa7e6a8a3fbfe73f6f6878d486c4b33f7e85a4dd479c8e3f435f38cf4170bcbfd39715b9d061b83f1b6934b6aec8ed3fe86cbe96f6ccb8bf56a7e5b94f9cb8bf73ddb047fa02ac3f305f16a6a69def3fe5603986ed40b7bf757315b4acf3cebf0c9702c4a22bed3fae21cca545838dbf6591e5ffe536e93f9474946275622e,COMPLETE
497,497,140.0,2026-05-12 20:30:49.803343,2026-05-12 20:30:50.065945,0 days 00:00:00.262602,-31.381901106850655,43.34492357200121,37.245396980931986,52.08413573608035,57.387803146505995,65.04905650643461,-32.09438667583793,63.678967426539444,51.83864556188894,84.46282048901739,28.312794560489024,5.843576088168404,Unfeasible shape,29.0,,,,,,PRUNED
498,498,140.0,2026-05-12 20:30:50.278019,2026-05-12 20:30:50.499281,0 days 00:00:00.221262,-41.31388086174869,47.88960985046341,18.79053115656979,48.904313946522514,65.67011204470784,66.77179947641405,-32.40509508762901,59.319893569915585,49.746132469099194,80.81220954747087,26.845279718412094,6.740013894118662,Unfeasible shape,29.0,,,,,,PRUNED
499,499,41.303818606964725,2026-05-12 20:30:50.675728,2026-05-12 20:31:07.069285,0 days 00:00:16.393557,-32.49353696691517,49.536729740124336,22.42707293280626,51.627009610036914,57.79700904371619,62.68201612616982,-29.158019531949705,64.12862982144154,40.81105319345659,86.2646470559289,34.44970641053239,5.912910163324391,,29.0,,,,,,COMPLETE
500,500,140.0,2026-05-12 20:31:08.449889,2026-05-12 20:31:08.678978,0 days 00:00:00.229089,-37.00197503765136,55.228621721365926,24.38513821395157,46.6127982347794,67.66636541233669,71.25695626423743,-27.727633976248704,56.964990357300486,52.1688605175863,94.23290670340354,25.716407554200487,7.129294775859462,Unfeasible shape,29.0,,,,,,PRUNED
501,501,140.0,2026-05-12 20:31:08.864050,2026-05-12 20:31:09.137808,0 days 00:00:00.273758,-34.15279274748879,42.871545469663495,31.602680640865845,46.5352391499489,61.263330327302185,67.7707250173419,-34.627064412662534,62.56254632115783,56.44693861468384,91.62834819404569,27.88877798310498,6.705518526347947,Unfeasible shape,29.0,,,,,,PRUNED
502,502,41.29543924223279,2026-05-12 20:31:09.308771,2026-05-12 20:31:24.251136,0 days 00:00:14.942365,-43.3443308616661,46.1564517099501,26.708433836611576,54.76251399294766,56.14505064826183,71.54733878248575,-25.347757738738245,58.67526829087332,41.80492711324613,95.700557597233,19.12811997557408,2.5652697412211167,,29.0,,,,,,COMPLETE
503,503,41.19669577738078,2026-05-12 20:31:25.826651,2026-05-12 20:31:42.508328,0 days 00:00:16.681677,-37.271851080135235,52.1068805478786,21.959176270767063,57.8452305405006,61.092510423404725,69.40459339695705,-31.93542573176739,52.285741252420884,50.26758788974007,83.26159474003994,23.567976564466946,4.1871431218630875,,29.0,,,,,,COMPLETE
504,504,140.0,2026-05-12 20:31:44.000668,2026-05-12 20:31:44.230579,0 days 00:00:00.229911,-29.562334546695233,46.58026754349431,32.3324313424573,48.415878267232884,63.39894250026494,69.8954476848253,-26.0407478772673,63.89595868789671,39.19132194264084,91.64066071021439,22.82920349616355,15.915689073105609,Unfeasible shape,29.0,,,,,,PRUNED
505,505,41.317480848592524,2026-05-12 20:31:44.442544,2026-05-12 20:31:59.407584,0 days 00:00:14.965040,-34.68673938769777,45.002448346713926,20.78824716896614,50.95069699884986,58.63727669497224,66.13664606427174,-21.061709896299405,55.20170573280832,39.69112309654233,85.82292599806635,30.111237114382,9.170175165801922,,29.0,,,,,,COMPLETE
506,506,41.36339421635202,2026-05-12 20:32:00.803108,2026-05-12 20:32:15.061664,0 days 00:00:14.258556,-35.113887593419534,46.310299483484556,29.456392465491387,50.87212291931509,52.04992442119056,64.54857749941597,-23.932434386939704,53.75235831001476,43.01425601200425,79.23724601504821,35.67465721510653,10.231928725265576,,29.0,,,,,,COMPLETE
507,507,41.32390137945812,2026-05-12 20:32:16.443063,2026-05-12 20:32:31.012900,0 days 00:00:14.569837,-34.23758704925561,48.050819317964674,18.699160443014634,62.305850265347594,55.93541995114332,73.13649382754231,-20.679689388386365,51.774879113009916,42.2993144571392,85.27096040920175,23.104994269160148,11.75916095385131,,29.0,,,,,,COMPLETE
508,508,140.0,2026-05-12 20:32:32.539240,2026-05-12 20:32:32.769648,0 days 00:00:00.230408,-34.88706755729359,46.9326176343384,19.44390803256583,52.36211472273017,59.76302393195671,70.67512311027167,-32.79801017649747,51.55551254949414,48.93494243190198,93.84869300670343,28.970935390393734,1.347619425319304,Unfeasible shape,29.0,,,,,,PRUNED
509,509,140.0,2026-05-12 20:32:32.969770,2026-05-12 20:32:33.207373,0 days 00:00:00.237603,-36.047568341065535,49.342316645264134,21.30730689874384,58.30379266135022,63.71751650249063,66.27641502797364,-32.48763775074163,59.52750846761184,51.64860552921861,79.39481526897559,27.948635740068898,7.934226233675557,Unfeasible shape,29.0,,,,,,PRUNED
510,510,140.0,2026-05-12 20:32:33.411441,2026-05-12 20:32:33.678939,0 days 00:00:00.267498,-31.21652821706696,55.068508563995415,30.802020655075356,51.339840494652236,59.82059284373047,65.7872471992505,-26.106899403974374,64.50586118839504,46.572372273102026,78.79610857024937,27.528505560516873,10.482821563341316,Unfeasible shape,29.0,,,,,,PRUNED
511,511,140.0,2026-05-12 20:32:33.944359,2026-05-12 20:32:34.229308,0 days 00:00:00.284949,-29.091114655841515,50.757828814668244,22.982066401859363,52.04752886009375,59.28958194021638,69.6512383006849,-23.07633787823429,49.43548427247061,32.593002466017836,81.39587786077361,32.8544873042061,7.379263422587533,Unfeasible shape,29.0,,,,,,PRUNED
512,512,140.0,2026-05-12 20:32:34.418050,2026-05-12 20:32:34.742544,0 days 00:00:00.324494,-38.775590820307,40.53881723023242,31.338883243536216,48.26356778144343,62.89743160264563,70.71677562589768,-31.717063057344603,59.648389759954604,37.352370198488636,94.78026856892315,29.169080302669784,6.584153809110995,Unfeasible shape,29.0,,,,,,PRUNED
513,513,140.0,2026-05-12 20:32:34.931389,2026-05-12 20:32:35.233171,0 days 00:00:00.301782,-34.43906392473859,53.28531546330915,23.35632983607746,49.01060262131154,65.7252875754662,70.66629144168252,-27.383911280567823,69.62260396715347,35.72567722273543,95.24501958878425,23.680636369772813,4.268341209741103,Unfeasible shape,29.0,,,,,,PRUNED
514,514,41.122563151137925,2026-05-12 20:32:35.407849,2026-05-12 20:32:52.860851,0 days 00:00:17.453002,-31.904156615955117,46.676116031540246,26.12745784948677,56.25782703054656,57.61245507302248,73.90753298725475,-24.425447802467524,64.58350146141197,50.11266870741988,83.52381595509411,24.55325427950327,15.143962565503113,,29.0,,,,,,COMPLETE
515,515,140.0,2026-05-12 20:32:54.382494,2026-05-12 20:32:54.651815,0 days 00:00:00.269321,-32.319275377437414,52.0252427002974,24.357864834256176,50.28517908337939,69.56824980519286,68.82382178165103,-21.312329137452508,50.496369638481845,37.96249281753724,81.13374994087093,30.322043922951902,6.871310923972933,Unfeasible shape,29.0,,,,,,PRUNED
516,516,140.0,2026-05-12 20:32:54.856039,2026-05-12 20:32:55.125085,0 days 00:00:00.269046,-41.15050343900187,50.36560896087595,23.035418874654432,53.665434813946234,62.44703475527916,70.19730574052157,-31.603256198632785,61.825066386787285,45.16175152666053,83.87322328812165,23.465143986877393,14.198764818530197,Unfeasible shape,29.0,,,,,,PRUNED
517,517,140.0,2026-05-12 20:32:55.315112,2026-05-12 20:32:55.596006,0 days 00:00:00.280894,-34.59339042926085,59.27994931351843,28.22626040512913,56.81328961972194,60.55740374600973,70.56822102042378,-28.35116437928631,59.91825831671179,37.35084053132407,86.40305838646405,23.64575249275913,3.01010517641814,Unfeasible shape,29.0,,,,,,PRUNED
518,518,140.0,2026-05-12 20:32:55.797800,2026-05-12 20:32:56.043394,0 days 00:00:00.245594,-42.19479223138351,42.22537672956878,25.41085490992088,51.409385526951425,61.06082644145907,66.37356895002593,-23.23182763742031,49.14660949275183,49.77979374579427,84.9421119581581,25.978598740895187,6.305855422071677,Unfeasible shape,29.0,,,,,,PRUNED
519,519,41.18428874623163,2026-05-12 20:32:56.240222,2026-05-12 20:33:15.577067,0 days 00:00:19.336845,-33.49589752620585,39.26690473916153,20.39059587014453,53.49342213528312,61.169889305116456,71.91004193703415,-25.68419771706074,55.158471842567316,40.47860360407321,88.13169788462682,26.597539243037662,1.0207335255833596,,29.0,,,,,,COMPLETE
520,520,140.0,2026-05-12 20:33:17.143146,2026-05-12 20:33:17.434307,0 days 00:00:00.291161,-35.93042534971133,41.7914222028289,17.629830954081427,53.29385928061079,62.5239349210629,67.78751831980662,-27.420119479890083,59.461617760658235,40.06454262388857,73.30544853089074,28.276677313297068,12.806109834505817,Unfeasible shape,29.0,,,,,,PRUNED
521,521,41.36933770093543,2026-05-12 20:33:17.646087,2026-05-12 20:33:32.838935,0 days 00:00:15.192848,-41.55859971600007,49.34230602896974,20.7617360779705,57.856800885521906,61.55339939778608,64.82354663135379,-29.010396407712925,59.477050457135576,49.698128423043606,76.20776245677008,36.56408965680287,9.34923332444213,,29.0,,,,,,COMPLETE
522,522,41.200108945966576,2026-05-12 20:33:34.287472,2026-05-12 20:33:50.637130,0 days 00:00:16.349658,-40.76975460559263,53.42002923958221,27.69259119342929,49.60757362823352,60.93416563595015,64.56737042274683,-23.645882908476217,61.165920442325756,52.41168777745783,81.22587156595326,25.073457772570176,12.941928800738541,,29.0,,,,,,COMPLETE
