,number,value,datetime_start,datetime_complete,duration,params_highPt.rA2,params_highPt.rL1,params_highPt.rL2,params_highPt.rL3,params_highPt.x2,params_highPt.y2,params_lowPt.rA2,params_lowPt.rL1,params_lowPt.rL2,params_lowPt.rL3,params_lowPt.x2,params_lowPt.y2,user_attrs_prune,system_attrs_cma:generation,system_attrs_cma:optimizer:0,system_attrs_cma:optimizer:1,system_attrs_cma:optimizer:2,system_attrs_cma:optimizer:3,system_attrs_cma:optimizer:4,state
912,912,44.936839537498216,2026-05-12 21:45:01.420913,2026-05-12 21:45:18.199185,0 days 00:00:16.778272,-34.80978557225905,48.83170638071451,23.514499824965778,47.05330318778841,64.01734072100648,64.32578237762837,-28.271292694382424,63.686726014765654,61.033548721950964,75.03165795113297,25.19058038206996,16.377216593692374,,50.0,800495a6100000000000008c0a636d6165732e5f636d61948c03434d419493942981947d94288c065f6e5f64696d944b0c8c085f706f7073697a65944b0b8c035f6d75944b058c075f6d755f656666948c166e756d70792e5f636f72652e6d756c74696172726179948c067363616c61729493948c056e756d7079948c0564747970659493948c02663894898887945294284b038c013c944e4e4e4affffffff4affffffff4b007494624308e9e8100774510b4094869452948c035f636394680b681143083e6c7d43b18cd03f94869452948c035f633194680b681143089fc67c4e93b7863f94869452948c045f636d7594680b68114308b90fbeb98d89913f94869452948c085f635f7369676d6194680b681143088289198da8f9d03f94869452948c085f645f7369676d6194680b68114308606246236a3ef43f94869452948c035f636d944b018c065f6368695f6e9447400b25064571943c8c085f776569676874739468098c0c5f7265636f6e737472756374949394680c8c076e6461727261799493944b0085944301629487945294284b014b0b8594680e8c02663894898887945294284b0368124e4e4e4affffffff4affffffff4b00749462894358538e214ba67ddb3f2c5e47761ddbd03f4c60b4a91145c53f18b8b48552e2b83f8daa7d42f660a63f00000000000000009bd0b4761a8dc0bf5806fa0273e3cebff539783e76c4d5bfddd50bc2786cdbbf0820f98e2d45e0bf947494628c085f705f7369676d6194682f68314b008594683387945294284b014b0c8594681189436019ecb4086a1ae23fcd479cd508ccfabff4bcccb11ff9b6bfa0208f4ebc0b9c3f61f031d83d76e53ffa73e93bb756c6bfcc2aa00c389fd0bfb918a9d874f2e73fe4d5aaa3da35c6bfd4f2adb3b515da3f284098f5c6a7f73f2e68d0849579d2bf947494628c035f706394682f68314b008594683387945294284b014b0c85946811894360dfb3ad6dd964e53f7a001f6831e2f7bfaf75d424799ac3bff047d5e017f2be3f958484e93a59ce3fec9f303944fdb73fa038752688c3bdbf97134a370132e23f3e9982d7791be2bf3d19669c7e9ae03f4426c8bdd630f03f758a3c6ddc34dbbf947494628c055f6d65616e94682f68314b008594683387945294284b014b0c85946839894360f583edf44a4ee83fa3dec9dfebefd83f3381de02c631c53f9cf0298b1d7ed93f2db45034786cea3f6719b0d87f6dec3fcb87d624e0edeb3f00b3f3168883e33fd3e720a2e4b8e13f303299caa2b9e73fff64c8b1741dd73f5b77c468a9edca3f947494628c065f7369676d6194680b6811430876b82e9753b2a03f94869452948c025f44944e8c025f42944e8c075f626f756e647394682f68314b008594683387945294284b014b0c4b02869468398943c00,000000000000000000000000000f03f0000000000000000000000000000f03f0000000000000000000000000000f03f0000000000000000000000000000f03f0000000000000000000000000000f03f0000000000000000000000000000f03f0000000000000000000000000000f03f0000000000000000000000000000f03f0000000000000000000000000000f03f0000000000000000000000000000f03f0000000000000000000000000000f03f0000000000000000000000000000f03f947494628c115f6e5f6d61785f726573616d706c696e67944b788c025f67944b328c095f6c725f616461707494898c065f616c70686194473ff66666666666668c0a5f626574615f6d65616e94473fb999999999999a8c0b5f626574615f5369676d6194473f9eb851eb851eb88c065f67616d6d6194473fb999999999999a8c065f456d65616e94682f68314b008594683387945294284b014b0c4b0186946839894360000000000000000000000000000000000000000000000000000000000000000000000000000000000000000000000000000000000000000000000000000000000000000000000000000000000000000000000000000000000000000000000000947494628c075f455369676d6194682f68314b008594683387945294284b014b904b018694683989428004000000000000000000000000000000000000000000000000000000000000000000000000000000000000000000000000000000000000000000000000000000000000000000000000000000000000000000000000000000000000000000000000000000000000000000000000000000000000000000000000000000000000000000000000000000000000000000000000000000000000000000000000000000000000000000000000000000000000000000000000000000000000000000000000000000000000000000000000000000000000000000000000000000000000000000000000000000000000000000000000000000000000000000000000000000000000000000000000000000000000000000000000000000000000000000000000000000000000000000000000000000000000000000000000000000000000000000000000000000000000000000000000000000000000000000000000000000000000000000000000000000000000000000000000000000000000000000000000000000000000000000000000000000000000000000000000000000000000000000000000000000000000000000000000000000000000000000000000000000000000000000000000000000000000000000000000000000000000000000000000000000000000000000000000000000000000000000000000000000000000000000000000000000000000000000000000,0000000000000000000000000000000000000000000000000000000000000000000000000000000000000000000000000000000000000000000000000000000000000000000000000000000000000000000000000000000000000000000000000000000000000000000000000000000000000000000000000000000000000000000000000000000000000000000000000000000000000000000000000000000000000000000000000000000000000000000000000000000000000000000000000000000000000000000000000000000000000000000000000000000000000000000000000000000000000000000000000000000000000000000000000000000000000000000000000000000000000000000000000000000000000000000000000000000000000000000000000000000000000000000000000000000000000000000000000000000000000000000000000000000000000000000000000000000000000000000000000000000000000000000000000000000000000000000000000000000000000000000000000000000000000000000000000000000000000000000000000000000000000000000000000000000000000000000000000000000000000000000000000000000000000000000000000000000000000000000000000000000000000000000000000000000000000000000000000000000000000000000000000000000000000000000000000000000000000000000000000000000000000000000000000000000000000000000000000000000000000000000000000000000000000000000000000000000000000000000000000000000000000000000000000000000000000000000000000000947494628c065f566d65616e944700000000000000008c075f565369676d61944700000000000000008c095f6574615f6d65616e94473ff00000000000008c0a5f6574615f5369676d6194473ff00000000000008c055f746f6c7894680b6811430816383daccc74473d94869452948c075f746f6c787570944740c38800000000008c075f746f6c66756e94473d719799812dea118c105f746f6c636f6e646974696f6e636f76944742d6bcc41e9000008c0d5f66756e686973745f7465726d944b2b8c0f5f66756e686973745f76616c75657394682f68314b008594683387945294284b014b56859468398942b00200001407cdf888834440660b9bf536b34440a0f1f988f48344400005635bea774640c60edda317844440d83ff559ea774640e078ae2dc9834440d8a5f05aea774640f238728f33864440e479865aea774640c056dd63f3804440dc78565bea77464054b65830628644408aa5955bea774640f22aaecc5b7f4440fa640f5aea774640302071352ee94440120d3f5aea7746408a55a55975d1444094468,acb223f4540846eb32b3bdb4440441913d44c6d4540903b9df2129c4440b8392c10f5454540dc125e4bd99d444058faff5aea774640cc9e3a029ab144408ee69595cf854540862ffb18bfa04440109d6e5dfea84540e261f0a0e2a4444068f26b22ca014540be98333e2bab4440ec10990389f1444086a3031cc7a44440c42f775c9df245405cb1856eeca24440c8b3beadc1f94540d2a6567059b144405c761e35d20c4540986fa557c5a24440d480f82a3ee14440e2b901e0848a4440b09fe848b1ff4440b6c7877bb0924440061fe1894ffa4440904fba85898c4440eed16240cbde4440ee93b5b888974440f4e2145cea77464090b84ec7b0954440aa3f135bea7746404c40497381824440ba2ef35aea774640c2d8bbc6ca824440ca6bcb5bea774640181fd92d5b8c4440e8bd4e5bea7746402eb779ab4a8d4440588ba25bea77464082ea3a26b08f44404859317546af4440401d7f4a4a874440b222c35bea774640163d1a3f068b44405466165bea774640726e6247d1884440008cf95aea774640f856697d558744409634776468af44403e09331784894440ecb55660374f4540a0e1a94143854440a62b275aea774640f062ea6784894440c2a4735bea774640b28f2702337d4440e64b9b65f7a64440160a8297bd8944409430195aea77464078c07bed588844406e7d1e5cea774640b80454cfb17f444054182c5bea77464042009a6c488144405056a65bea774640947494628c055f635f316494682f68314b008594683387945294284b014b4e85946811894270020000fb40555f9f4de63fc58bc5fbfa7bc5bfada6e4eb08c2603f92fda8ca3b5b93bfee092f12f916babf0e9e804de0d99fbff97adaf36dbfbc3f481e0adfce45bd3f8e1b6ee2666bb5bfa9586fb35c2cb23fecc1bf20a9a59b3f7c2a11e1a062b9bfd5db647d2a17f03f7252a4a842eba3bfa866f591df77c3bf61909068cfa8b53f47063f4fd335cebfc4466d80678cbfbfcdbeb84440cdb3bf2ff6b75e56a7cf3f89e52d2e9e1ec2bfcfc707c74bb4d23f4ce573408561b23f6ed8b97da0bee03f2e7fa9314e0fc7bfbfa7b715ec8fcbbf2d922716c99d9b3f2d9c3bf211d6ccbfab218ce4f360b93f11b4ee8aef4ac33f3d599a6dd8da80bf72a459e0e818b1bfba9a2883d276ae3f6f65930f808ae33f4fa49f0ea82caebfb64af6a87f5bd03fb5e5e08aa58dc03ff607d251d157aebff180a15bcf54d0bf8ee846a38827b63f8bc7881550e39cbfa4e6b94f5e9cc3bfb7f9eeb70a41da3f046f456f888a723f50cd8285ebc5c23f6ac856d121017fbfebfce9351673b5bf5338840ac21ca43f8918f0bc18226e3f40b700876f2c483fc5c224fedc91e73fe26002f8cef6bc3f9c55064faecd9a3f46ea2fb84840b9bf06c8b6ae091ed43f189dc2c618abbdbf,5066b85aabaec6bf4de63ab45839f13f4387d14f6477c7bf0f6e5cbd7fb0dbbff4e2bc7dd855b53ffaa6f0d10699933ff8a26d6c0047a23f2ad96e87d48de73f487b963a0207ce3f2c041209e2e5b43fd43e1017a0cac6bfa9b69f0a4f41b83fd3b93f47370cf73fb1388a40d144ccbf2b0f65e91bb0b0bfb1c3a2d33348d13ff6b9a7f8faf8ef3f9a5c77010873bdbf291c9a057c95d7bf580e0b03977bef3f98e23d7d7b56b6bf42e9ce98612aea3f9474946275622e,COMPLETE
913,913,41.086452502259775,2026-05-12 21:45:19.762412,2026-05-12 21:45:36.971766,0 days 00:00:17.209354,-35.43993638110337,41.44270942886392,21.56698048789536,50.58901436502591,63.38271838410447,66.75455222431579,-23.540990524484833,62.8939199543178,56.408707031815254,73.75247523830163,24.41310313053708,16.53860227275673,,50.0,,,,,,COMPLETE
914,914,41.07922055478258,2026-05-12 21:45:38.555205,2026-05-12 21:45:53.812462,0 days 00:00:15.257257,-35.212446304587736,46.10371403054726,22.286510283731605,44.54852140453959,63.74452547033251,67.12539423373487,-26.507309263529365,63.03937138333666,57.80852797562253,80.68819594678862,27.7963112068268,16.222368268583644,,50.0,,,,,,COMPLETE
915,915,140.0,2026-05-12 21:45:55.338625,2026-05-12 21:45:55.612114,0 days 00:00:00.273489,-35.67315336615351,44.52981385449379,29.575793995071297,45.0042925233474,61.15718687616677,69.91143324459901,-27.657429164783927,64.68255877977627,59.669226055135425,80.86846599291846,23.675618334720244,13.41636179516966,Unfeasible shape,50.0,,,,,,PRUNED
916,916,41.04866374709033,2026-05-12 21:45:55.865178,2026-05-12 21:46:13.154039,0 days 00:00:17.288861,-35.65959478912682,44.94354313641822,23.725932304296734,42.11390531436238,63.35790470482874,65.52910031625642,-31.698651722406723,66.39102481634919,64.56979906600631,73.34045627083489,25.091811129128704,19.475514342186063,,50.0,,,,,,COMPLETE
917,917,41.098750510177695,2026-05-12 21:46:14.677735,2026-05-12 21:46:32.918257,0 days 00:00:18.240522,-35.95323622165111,50.279576182376445,26.6342642246879,43.16011093529319,60.44342791179856,66.29855690150634,-30.903516708750864,64.29239996991843,61.85113566589137,73.93253837602694,27.886445671503747,16.882090050105653,,50.0,,,,,,COMPLETE
918,918,140.0,2026-05-12 21:46:34.472164,2026-05-12 21:46:34.802780,0 days 00:00:00.330616,-34.42260240223665,37.66807851363605,26.393795761899174,44.58885128965206,62.497547392515884,72.29576276130516,-23.917191527271342,65.782862489998,55.71685455722669,79.07673076175567,24.423570848813473,17.13536353638232,Unfeasible shape,50.0,,,,,,PRUNED
919,919,41.01775169709846,2026-05-12 21:46:35.019829,2026-05-12 21:46:55.888739,0 days 00:00:20.868910,-33.00862333690782,42.833467898554325,25.851270619222163,45.49009746762644,61.41325419105998,68.5488435982256,-29.133103878774385,65.63241067913086,60.93513939179822,75.7848026041115,24.836755354698784,17.483595820249036,,50.0,,,,,,COMPLETE
920,920,140.0,2026-05-12 21:46:57.588699,2026-05-12 21:46:57.854242,0 days 00:00:00.265543,-37.11624301603574,48.53026874855628,23.19599698992708,46.93476491241471,63.07332853386954,67.63196233545683,-27.685976162241403,63.2832972727858,66.13429208944709,69.68456310184104,32.23822667771482,19.014563977973197,Unfeasible shape,50.0,,,,,,PRUNED
921,921,41.21832580220574,2026-05-12 21:46:58.138888,2026-05-12 21:47:13.172968,0 days 00:00:15.034080,-33.926790965901105,47.864176428245926,23.569428736189455,43.950787284251845,60.63230857076318,66.07783480883955,-30.51609406095597,67.81088583397874,60.004773173318746,81.76139717565908,28.26202335230038,13.639083171376697,,50.0,,,,,,COMPLETE
922,922,41.001099583578394,2026-05-12 21:47:14.715672,2026-05-12 21:47:31.952352,0 days 00:00:17.236680,-33.776970447976005,43.92617052662971,26.368232407231087,45.3038470836899,61.30463796819602,67.42912469984775,-28.429337012718165,64.49933387373521,59.64500435760134,77.36220551606338,25.907622516685255,14.548403855692852,,50.0,,,,,,COMPLETE
923,923,44.936839444686356,2026-05-12 21:47:33.530986,2026-05-12 21:47:49.873503,0 days 00:00:16.342517,-34.84266488174125,48.64655415423632,27.979947630054824,46.59935325368877,60.978439864079185,64.8978000853534,-29.579442794643505,59.3353159276471,56.66433688385815,74.79810482289079,31.392747029605314,11.783278693737781,,50.0,,,,,,COMPLETE
924,924,41.07457012925876,2026-05-12 21:47:51.427178,2026-05-12 21:48:08.374782,0 days 00:00:16.947604,-35.105534504611434,46.01226207518292,22.849879637498102,47.26028266012658,62.87788659051387,64.60629184175605,-27.682640039610177,62.74604800303691,62.58989479315078,80.98821975764385,27.87863061722305,14.12526290796627,,50.0,,,,,,COMPLETE
925,925,140.0,2026-05-12 21:48:09.929606,2026-05-12 21:48:10.222406,0 days 00:00:00.292800,-31.955387216081277,46.777815393142305,22.348438772592843,47.59381858476625,62.07292695664239,67.27189334308287,-27.505858286884347,63.5636842755105,56.91262980727969,75.33469729081088,30.828637040483972,16.623282439897118,Unfeasible shape,50.0,,,,,,PRUNED
926,926,41.008843696056516,2026-05-12 21:48:10.485980,2026-05-12 21:48:28.870325,0 days 00:00:18.384345,-32.740590378166814,47.02277992855272,24.457577922398944,47.23069250295315,62.47995286649258,66.90538829541588,-30.64200251802228,66.41219689359231,62.94954576969853,79.10658495397824,27.783779970576422,15.357069296792098,,50.0,,,,,,COMPLETE
