,number,value,datetime_start,datetime_complete,duration,params_highPt.rA2,params_highPt.rL1,params_highPt.rL2,params_highPt.rL3,params_highPt.x2,params_highPt.y2,params_lowPt.rA2,params_lowPt.rL1,params_lowPt.rL2,params_lowPt.rL3,params_lowPt.x2,params_lowPt.y2,user_attrs_prune,system_attrs_cma:generation,system_attrs_cma:optimizer:0,system_attrs_cma:optimizer:1,system_attrs_cma:optimizer:2,system_attrs_cma:optimizer:3,system_attrs_cma:optimizer:4,state
157,157,42.06900963703683,2026-05-12 19:26:02.084348,2026-05-12 19:26:15.846321,0 days 00:00:13.761973,-37.002891103876514,65.175418044043,27.121688704547093,60.21102528092212,28.986090831704928,50.66319856100247,-47.78326614002937,66.55998989453059,59.27894687017965,57.86855136604218,39.82188540613713,17.112330941758845,,10.0,800495a6100000000000008c0a636d6165732e5f636d61948c03434d419493942981947d94288c065f6e5f64696d944b0c8c085f706f7073697a65944b0b8c035f6d75944b058c075f6d755f656666948c166e756d70792e5f636f72652e6d756c74696172726179948c067363616c61729493948c056e756d7079948c0564747970659493948c02663894898887945294284b038c013c944e4e4e4affffffff4affffffff4b007494624308e9e8100774510b4094869452948c035f636394680b681143083e6c7d43b18cd03f94869452948c035f633194680b681143089fc67c4e93b7863f94869452948c045f636d7594680b68114308b90fbeb98d89913f94869452948c085f635f7369676d6194680b681143088289198da8f9d03f94869452948c085f645f7369676d6194680b68114308606246236a3ef43f94869452948c035f636d944b018c065f6368695f6e9447400b25064571943c8c085f776569676874739468098c0c5f7265636f6e737472756374949394680c8c076e6461727261799493944b0085944301629487945294284b014b0b8594680e8c02663894898887945294284b0368124e4e4e4affffffff4affffffff4b00749462894358538e214ba67ddb3f2c5e47761ddbd03f4c60b4a91145c53f18b8b48552e2b83f8daa7d42f660a63f00000000000000009bd0b4761a8dc0bf5806fa0273e3cebff539783e76c4d5bfddd50bc2786cdbbf0820f98e2d45e0bf947494628c085f705f7369676d6194682f68314b008594683387945294284b014b0c85946811894360db6912216b1fcdbf91f3c59caf70e8bf3d562d004552f5bff6fbde99f75ae93fb61bf1542e41f03fbbdedc3053aef23f3a42b7796e00d6bf0daf759e8587e1bf6b8d2b399262d0bff22cb30f7fecf43face653fbb947e0bf06c8320e9331f4bf947494628c035f706394682f68314b008594683387945294284b014b0c8594681189436040b77c53bfcbd5bfe85b3225a457eabf593bf49aac52f3bf9dff6caddd96e93f7e6525315a20ee3fd8d6dc876009f23f0604055cfcffd3bf3a3466017909e1bf80f953989c21d0bf0a36d5123d72f63f9dff13e80ea2dfbf32ef356370bdf3bf947494628c055f6d65616e94682f68314b008594683387945294284b014b0c85946839894360d8680f0573cce63f088a9c573af9da3fe25cd135b637d13f79bcbf81f5cae23f8e32621a2d70e03fa31a9a3a6de5ea3f870bfb0d9ddfe13f9cceb83c3296e43fed3258152c33e23fbcd94362aa40e93f3849c8df62d9d13fb4ee796beebcd23f947494628c065f7369676d6194680b6811430883da8e8e2e0abc3f94869452948c025f44944e8c025f42944e8c075f626f756e647394682f68314b008594683387945294284b014b0c4b02869468398943c00,000000000000000000000000000f03f0000000000000000000000000000f03f0000000000000000000000000000f03f0000000000000000000000000000f03f0000000000000000000000000000f03f0000000000000000000000000000f03f0000000000000000000000000000f03f0000000000000000000000000000f03f0000000000000000000000000000f03f0000000000000000000000000000f03f0000000000000000000000000000f03f0000000000000000000000000000f03f947494628c115f6e5f6d61785f726573616d706c696e67944b788c025f67944b0a8c095f6c725f616461707494898c065f616c70686194473ff66666666666668c0a5f626574615f6d65616e94473fb999999999999a8c0b5f626574615f5369676d6194473f9eb851eb851eb88c065f67616d6d6194473fb999999999999a8c065f456d65616e94682f68314b008594683387945294284b014b0c4b0186946839894360000000000000000000000000000000000000000000000000000000000000000000000000000000000000000000000000000000000000000000000000000000000000000000000000000000000000000000000000000000000000000000000000947494628c075f455369676d6194682f68314b008594683387945294284b014b904b018694683989428004000000000000000000000000000000000000000000000000000000000000000000000000000000000000000000000000000000000000000000000000000000000000000000000000000000000000000000000000000000000000000000000000000000000000000000000000000000000000000000000000000000000000000000000000000000000000000000000000000000000000000000000000000000000000000000000000000000000000000000000000000000000000000000000000000000000000000000000000000000000000000000000000000000000000000000000000000000000000000000000000000000000000000000000000000000000000000000000000000000000000000000000000000000000000000000000000000000000000000000000000000000000000000000000000000000000000000000000000000000000000000000000000000000000000000000000000000000000000000000000000000000000000000000000000000000000000000000000000000000000000000000000000000000000000000000000000000000000000000000000000000000000000000000000000000000000000000000000000000000000000000000000000000000000000000000000000000000000000000000000000000000000000000000000000000000000000000000000000000000000000000000000000000000000000000000000000,0000000000000000000000000000000000000000000000000000000000000000000000000000000000000000000000000000000000000000000000000000000000000000000000000000000000000000000000000000000000000000000000000000000000000000000000000000000000000000000000000000000000000000000000000000000000000000000000000000000000000000000000000000000000000000000000000000000000000000000000000000000000000000000000000000000000000000000000000000000000000000000000000000000000000000000000000000000000000000000000000000000000000000000000000000000000000000000000000000000000000000000000000000000000000000000000000000000000000000000000000000000000000000000000000000000000000000000000000000000000000000000000000000000000000000000000000000000000000000000000000000000000000000000000000000000000000000000000000000000000000000000000000000000000000000000000000000000000000000000000000000000000000000000000000000000000000000000000000000000000000000000000000000000000000000000000000000000000000000000000000000000000000000000000000000000000000000000000000000000000000000000000000000000000000000000000000000000000000000000000000000000000000000000000000000000000000000000000000000000000000000000000000000000000000000000000000000000000000000000000000000000000000000000000000000000000000000000000000000947494628c065f566d65616e944700000000000000008c075f565369676d61944700000000000000008c095f6574615f6d65616e94473ff00000000000008c0a5f6574615f5369676d6194473ff00000000000008c055f746f6c7894680b6811430816383daccc74473d94869452948c075f746f6c787570944740c38800000000008c075f746f6c66756e94473d719799812dea118c105f746f6c636f6e646974696f6e636f76944742d6bcc41e9000008c0d5f66756e686973745f7465726d944b2b8c0f5f66756e686973745f76616c75657394682f68314b008594683387945294284b014b56859468398942b0020000010000000000000060dc6f62fd7f000086f09eed6c324540cc84085bea774640bcaa809ce0d44440707510f8e58c4640f60157ab10044540eefa3f03e01e4640b2a08e4a68d54440e2e86af73b90454086155937a6ed44402246245bea7746400025072e5ec64440728cee09aee745407e5b77c2bde64440d8748de672444640302071352ee94440120d3f5aea7746408a55a55975d1444094468,acb223f4540846eb32b3bdb4440441913d44c6d4540636f6e63656e74726174696f6e20706172616d65746572732e20546865206e756d626572206f6620656e747269657320616c6f6e6720746865206c61737420617869730a20202020202020202020202064657465726d696e6573207468652064696d656e73696f6e616c697479206f662074686520646973747269627574696f6e2e204561636820656e747279206d7573742062650a2020202020202020202020207374726963746c7920706f7369746976652e0a20202020202020206e203a20696e74206f722061727261795f6c696b650a202020202020202020202020546865206e756d626572206f6620747269616c732e204561636820656c656d656e74206d7573742062652061207374726963746c7920706f73697469766520696e74656765722e0a0a202020202020202052657475726e730a20202020202020202d2d2d2d2d2d2d0a20202020202020206f75743a206e6461727261790a2020202020202020202020204d65616e206f662061204469726963686c6574206d756c74696e6f6d69616c20646973747269627574696f6e2e0a0a2020202020202020e08c5b86d0010000a0955b86d001000030846086d001000050b05b86d001000040176086d0010000b0846086d001000030856086d001000060895b86d0010000b0856086d001000030866086d0010000d09e5b86d0010000b0006086d0010000947494628c055f635f316494682f68314b008594683387945294284b014b4e85946811894270020000728373eb37f2ee3fad8ac8e59a54a93f4bb2f9746db9b03fe29dc7351d9fa1bf8bd147d16d0aa0bf52a60f5a7e30afbfe8ab87cd20b4c13f9df21569557fc33f934da1c7b3a28bbf844a1f97ec47b4bf2d50597e0cf6bbbf6ff7420dc706a1bf55a02c996effeb3fb2df478599a7963f3b532a13bb74a1bf3e71c66c20669bbf62f6b9fc9439a2bf28bc90a9e68e94bfd0cbe3ade3289b3f6d7c2a2114c3b6bfc426b45aec4ec0bf9ec18357416ca03fabe9a173a1d8b73f3893d22c12aaea3f8ecb26c7c7c5babfc4b0d294c9ed743f40b88f8a68b71d3faf1b49dfe3a2933f37d7585cd08ab03f4902ee84fdcea53f64e9a089ed4285bf42788fbeca13933f189d654fab8b773ff99f4c8a81a9e93f13401c1afeada5bf6de6a2983dac9b3fd1d67ef577fe97bf285f938b7f2da8bf26685fdb4b427fbfa370ba6cbc08bd3fd49240e0825e883fa5802b0f6555abbf94709503e292ee3f19f0bef0da7fad3f475847ab53cc8b3f1bf7433450b3803f4c6af0093de2783f7da07313e016b13f42fbd19cb1979a3f2c5e9fefcb60a7bf316848d01110ec3faa13637d49667d3faedf6e92ffe987bf43c277aa8ff4903f72f6643834c9b83f3ade75c784c4b3bf,8fdd7f869267b0bfdd01dcc48323f03fbe31ade2e1d46f3f9b84bfb857feb0bfbcf99a411ca2b9bf1060dfc02e8c97bf0cecf8ccccf3b03fb1a3fe117e18ed3f748e4c2addc168bfcca5a93ac262a83fa92df6bb1b0ab3bffae7b3f5fe3e69bf8336f27a681df03f6d44b66c6cbd953f75f0ab9b200eaabf9ab0ac92638390bf0ed23821ce47f23fd14eac834950b8bf40241c5965e0bdbf43690ff0bb25ef3f2fb261e48d95a23fa3f0b28e1c2eeb3f9474946275622e,COMPLETE
158,158,41.75306957039939,2026-05-12 19:26:17.028518,2026-05-12 19:26:31.265247,0 days 00:00:14.236729,-42.338377900028604,36.955864073156185,38.43321942178818,59.05769260098916,44.5859628655502,60.923807149096646,-41.01194082266775,58.394570207031784,75.38376816895745,64.41428488569946,19.739591282305273,37.54838288782839,,10.0,,,,,,COMPLETE
159,159,41.97989504848259,2026-05-12 19:26:32.722200,2026-05-12 19:26:46.658477,0 days 00:00:13.936277,-29.221316160809828,45.4664033508985,29.473826903918972,63.02141162173845,29.17169514716584,47.0282770901051,-33.10946072446834,68.2862007400445,61.65604621386128,84.03021608041124,16.496335414806286,20.892119481421695,,10.0,,,,,,COMPLETE
160,160,140.0,2026-05-12 19:26:48.034074,2026-05-12 19:26:48.256704,0 days 00:00:00.222630,-39.73284455462255,52.61105288272877,33.78884159278388,59.54408115298357,26.951875025797506,61.708186904148995,-42.58924764188161,62.32815114912699,73.62300081854559,68.80316839829445,35.39276125035741,35.49707470106598,Unfeasible shape,10.0,,,,,,PRUNED
161,161,140.0,2026-05-12 19:26:48.402569,2026-05-12 19:26:48.672539,0 days 00:00:00.269970,-40.93391052991291,41.972567790796084,35.739302334313564,71.75202459050274,45.83525752020618,69.7330743732924,-31.320931045147198,89.35055167098368,45.94899609152262,90.96342179173232,14.084805300079656,32.41398878506723,Unfeasible shape,10.0,,,,,,PRUNED
162,162,41.21932823827149,2026-05-12 19:26:48.838754,2026-05-12 19:27:06.108929,0 days 00:00:17.270175,-29.34302927736715,37.82946129607434,31.734415853993557,53.751520687137365,50.13730056312356,69.1581739766201,-39.57705445751824,76.13322361871916,49.85790490081427,93.71389419321072,22.12495937527118,17.24749325882767,,10.0,,,,,,COMPLETE
163,163,41.77432831544627,2026-05-12 19:27:08.401153,2026-05-12 19:27:39.455601,0 days 00:00:31.054448,-34.79726059676969,28.511736732276706,37.82134563970864,56.41377227270858,42.075510063469466,51.947209175740234,-38.90591081172488,51.40455520364669,43.751740673065974,78.09939132676094,11.653774126089147,24.586856422086793,,10.0,,,,,,COMPLETE
164,164,41.98620896359262,2026-05-12 19:27:40.932687,2026-05-12 19:27:57.693506,0 days 00:00:16.760819,-42.6987644785074,36.18459833040951,21.29309739309675,70.84329406651464,23.103773047810154,66.35906329888513,-31.183776509229993,72.73893688878513,66.97633472478023,62.066770167619296,13.727409131694177,19.04472630743935,,10.0,,,,,,COMPLETE
165,165,41.950468233855375,2026-05-12 19:27:59.148812,2026-05-12 19:28:15.999028,0 days 00:00:16.850216,-48.14217984469289,45.85085099418396,27.683206422295125,57.988129482327224,37.29364528207167,69.3330516722975,-35.38147417824877,73.84839578289939,41.041289751908664,91.12441335268902,18.000097934851453,24.444856942548995,,10.0,,,,,,COMPLETE
166,166,140.0,2026-05-12 19:28:17.402271,2026-05-12 19:28:17.671626,0 days 00:00:00.269355,-33.413365569704666,58.034913209274215,45.33120383147795,57.28934618474416,45.892718458866305,61.14423699248373,-42.8031556975077,59.75555920358936,65.82351310772198,71.84497708638261,21.60957173394644,21.756304906688722,Unfeasible shape,10.0,,,,,,PRUNED
167,167,41.85151738279154,2026-05-12 19:28:17.816148,2026-05-12 19:28:35.703423,0 days 00:00:17.887275,-33.32593304682901,44.647272446886554,28.075269967833762,69.93512648309866,53.97769999742699,62.77761142904953,-46.89837475167957,73.28725452083668,60.11904395755535,91.56180719043019,11.513735578497842,14.913505277362773,,10.0,,,,,,COMPLETE
168,168,42.52310150769935,2026-05-12 19:28:37.151021,2026-05-12 19:28:56.033379,0 days 00:00:18.882358,-40.916746404625904,57.587536153294124,43.598288207941586,60.291746318540945,39.725668067779296,47.55020677276693,-35.834354512317454,71.91736899960834,63.68649139612644,81.31653651161548,27.821803037573254,23.120623016993783,,10.0,,,,,,COMPLETE
169,169,42.095717035554145,2026-05-12 19:28:57.413067,2026-05-12 19:29:12.233458,0 days 00:00:14.820391,-35.54430912717851,47.567089012943235,36.4058551288936,52.65442137904721,28.190970035637175,64.56083907859558,-48.371930685938366,76.84421333244771,67.6680601934947,67.15860471431658,18.53342358785286,14.950343629283061,,10.0,,,,,,COMPLETE
170,170,42.546541234583344,2026-05-12 19:29:13.543219,2026-05-12 19:29:30.609125,0 days 00:00:17.065906,-47.982394996307036,57.213934269481115,42.83318080907779,66.05150382131481,41.31009636646118,53.35738563221631,-50.19591830895523,45.69573534139493,64.71991668713939,78.87482112196388,27.35710895193675,20.433598878278183,,10.0,,,,,,COMPLETE
