,number,value,datetime_start,datetime_complete,duration,params_highPt.rA2,params_highPt.rL1,params_highPt.rL2,params_highPt.rL3,params_highPt.x2,params_highPt.y2,params_lowPt.rA2,params_lowPt.rL1,params_lowPt.rL2,params_lowPt.rL3,params_lowPt.x2,params_lowPt.y2,user_attrs_prune,system_attrs_cma:generation,system_attrs_cma:optimizer:0,system_attrs_cma:optimizer:1,system_attrs_cma:optimizer:2,system_attrs_cma:optimizer:3,system_attrs_cma:optimizer:4,state
171,171,41.646704209782115,2026-05-12 19:29:31.994605,2026-05-12 19:29:49.079871,0 days 00:00:17.085266,-32.611486666083266,31.961990924169257,33.75316384829202,65.77480875062251,45.48959132599218,65.24339133464481,-28.789150839223687,74.5943272526296,53.80476407736569,90.53977432632901,14.878591213425025,23.323029027563873,,11.0,800495a6100000000000008c0a636d6165732e5f636d61948c03434d419493942981947d94288c065f6e5f64696d944b0c8c085f706f7073697a65944b0b8c035f6d75944b058c075f6d755f656666948c166e756d70792e5f636f72652e6d756c74696172726179948c067363616c61729493948c056e756d7079948c0564747970659493948c02663894898887945294284b038c013c944e4e4e4affffffff4affffffff4b007494624308e9e8100774510b4094869452948c035f636394680b681143083e6c7d43b18cd03f94869452948c035f633194680b681143089fc67c4e93b7863f94869452948c045f636d7594680b68114308b90fbeb98d89913f94869452948c085f635f7369676d6194680b681143088289198da8f9d03f94869452948c085f645f7369676d6194680b68114308606246236a3ef43f94869452948c035f636d944b018c065f6368695f6e9447400b25064571943c8c085f776569676874739468098c0c5f7265636f6e737472756374949394680c8c076e6461727261799493944b0085944301629487945294284b014b0b8594680e8c02663894898887945294284b0368124e4e4e4affffffff4affffffff4b00749462894358538e214ba67ddb3f2c5e47761ddbd03f4c60b4a91145c53f18b8b48552e2b83f8daa7d42f660a63f00000000000000009bd0b4761a8dc0bf5806fa0273e3cebff539783e76c4d5bfddd50bc2786cdbbf0820f98e2d45e0bf947494628c085f705f7369676d6194682f68314b008594683387945294284b014b0c859468118943609c555d7a90fbd13fc14cbd8c178a00c0d4e7fe2f95b2f0bfa4d67ecc8b0fc8bf4616c0582e82004035fdc8f14833ec3ff8564fcb6510ea3f7a4608280db9e2bf5bd0840827cbebbfd0d51f5f4a31f33f28e7cac0ded5e6bfc038fa6a7ae0e0bf947494628c035f706394682f68314b008594683387945294284b014b0c85946811894360ac67c333aef6c83f16cdca8e3aa3ffbfbc47bcad1599edbfb01aa2b4bf80b9bfb93c105515fdff3fd3578b7c100fed3f4f6e05670283ed3fccfb7ab14c5ae0bff98917c3b424eabf4cc37ad64ac8f43ffacdc0f23b2fe7bfa2a50fe9c5e2e3bf947494628c055f6d65616e94682f68314b008594683387945294284b014b0c85946839894360e484f6564510e83f0fc4bdeaea3ed33fe16519abf40cd13fc26f47c8dfd5e03f711c1c1ec41de43fa07e6b4fbe19eb3fb1e89be79422e53fb8402af30c42e43fae19e0a53c6be03fee730eeee9fbe93f4de1aa986ca6cf3fd285f27b5d65d43f947494628c065f7369676d6194680b681143087f797ac775c4bc3f94869452948c025f44944e8c025f42944e8c075f626f756e647394682f68314b008594683387945294284b014b0c4b02869468398943c00,000000000000000000000000000f03f0000000000000000000000000000f03f0000000000000000000000000000f03f0000000000000000000000000000f03f0000000000000000000000000000f03f0000000000000000000000000000f03f0000000000000000000000000000f03f0000000000000000000000000000f03f0000000000000000000000000000f03f0000000000000000000000000000f03f0000000000000000000000000000f03f0000000000000000000000000000f03f947494628c115f6e5f6d61785f726573616d706c696e67944b788c025f67944b0b8c095f6c725f616461707494898c065f616c70686194473ff66666666666668c0a5f626574615f6d65616e94473fb999999999999a8c0b5f626574615f5369676d6194473f9eb851eb851eb88c065f67616d6d6194473fb999999999999a8c065f456d65616e94682f68314b008594683387945294284b014b0c4b0186946839894360000000000000000000000000000000000000000000000000000000000000000000000000000000000000000000000000000000000000000000000000000000000000000000000000000000000000000000000000000000000000000000000000947494628c075f455369676d6194682f68314b008594683387945294284b014b904b018694683989428004000000000000000000000000000000000000000000000000000000000000000000000000000000000000000000000000000000000000000000000000000000000000000000000000000000000000000000000000000000000000000000000000000000000000000000000000000000000000000000000000000000000000000000000000000000000000000000000000000000000000000000000000000000000000000000000000000000000000000000000000000000000000000000000000000000000000000000000000000000000000000000000000000000000000000000000000000000000000000000000000000000000000000000000000000000000000000000000000000000000000000000000000000000000000000000000000000000000000000000000000000000000000000000000000000000000000000000000000000000000000000000000000000000000000000000000000000000000000000000000000000000000000000000000000000000000000000000000000000000000000000000000000000000000000000000000000000000000000000000000000000000000000000000000000000000000000000000000000000000000000000000000000000000000000000000000000000000000000000000000000000000000000000000000000000000000000000000000000000000000000000000000000000000000000000000000000,0000000000000000000000000000000000000000000000000000000000000000000000000000000000000000000000000000000000000000000000000000000000000000000000000000000000000000000000000000000000000000000000000000000000000000000000000000000000000000000000000000000000000000000000000000000000000000000000000000000000000000000000000000000000000000000000000000000000000000000000000000000000000000000000000000000000000000000000000000000000000000000000000000000000000000000000000000000000000000000000000000000000000000000000000000000000000000000000000000000000000000000000000000000000000000000000000000000000000000000000000000000000000000000000000000000000000000000000000000000000000000000000000000000000000000000000000000000000000000000000000000000000000000000000000000000000000000000000000000000000000000000000000000000000000000000000000000000000000000000000000000000000000000000000000000000000000000000000000000000000000000000000000000000000000000000000000000000000000000000000000000000000000000000000000000000000000000000000000000000000000000000000000000000000000000000000000000000000000000000000000000000000000000000000000000000000000000000000000000000000000000000000000000000000000000000000000000000000000000000000000000000000000000000000000000000000000000000000000000947494628c065f566d65616e944700000000000000008c075f565369676d61944700000000000000008c095f6574615f6d65616e94473ff00000000000008c0a5f6574615f5369676d6194473ff00000000000008c055f746f6c7894680b6811430816383daccc74473d94869452948c075f746f6c787570944740c38800000000008c075f746f6c66756e94473d719799812dea118c105f746f6c636f6e646974696f6e636f76944742d6bcc41e9000008c0d5f66756e686973745f7465726d944b2b8c0f5f66756e686973745f76616c75657394682f68314b008594683387945294284b014b56859468398942b0020000010000000000000060dc6f62fd7f000086f09eed6c324540cc84085bea774640bcaa809ce0d44440707510f8e58c4640f60157ab10044540eefa3f03e01e4640b2a08e4a68d54440e2e86af73b90454086155937a6ed44402246245bea7746400025072e5ec64440728cee09aee745407e5b77c2bde64440d8748de672444640302071352ee94440120d3f5aea7746408a55a55975d1444094468,acb223f4540846eb32b3bdb4440441913d44c6d4540903b9df2129c4440b8392c10f545454072616d65746572732e20546865206e756d626572206f6620656e747269657320616c6f6e6720746865206c61737420617869730a20202020202020202020202064657465726d696e6573207468652064696d656e73696f6e616c697479206f662074686520646973747269627574696f6e2e204561636820656e747279206d7573742062650a2020202020202020202020207374726963746c7920706f7369746976652e0a20202020202020206e203a20696e74206f722061727261795f6c696b650a202020202020202020202020546865206e756d626572206f6620747269616c732e204561636820656c656d656e74206d7573742062652061207374726963746c7920706f73697469766520696e74656765722e0a0a202020202020202052657475726e730a20202020202020202d2d2d2d2d2d2d0a20202020202020206f75743a206e6461727261790a2020202020202020202020204d65616e206f662061204469726963686c6574206d756c74696e6f6d69616c20646973747269627574696f6e2e0a0a2020202020202020e08c5b86d0010000a0955b86d001000030846086d001000050b05b86d001000040176086d0010000b0846086d001000030856086d001000060895b86d0010000b0856086d001000030866086d0010000d09e5b86d0010000b0006086d0010000947494628c055f635f316494682f68314b008594683387945294284b014b4e85946811894270020000cae5eb6439a7ee3f8542ca206f68ab3f58588400580ab33fe4d6736b3384a1bf60c95383a6a180bf10fc72e856fab3bfa93122ad4307c33fc60cd63eca9ec03f0e418682dc8599bf367672f0721fafbfa642d9cc31d8b8bfac17e5d21034a8bf819fe648b057ed3f6579998848bd9c3f25219231ac4b92bfbc5ce202cce7b6bfb6289592a65a94bfa99d31c83023b0bfb1200b155761af3f027fd35207b3afbf78d7da5238b1c2bfdf4daa959b339d3f96d9cf8cc44dba3fa5983b40af7bea3fbd02c2c67ee5b9bfc61f27fe3c2899bfeacebd198f6e7d3f46061cc8f6b6763f94c61be93a59b33f21afbcab5084a93f8049b5f9b807a2bf3839e6545814923f376378ce9c8b923f9ad321bfe88ee93fc8471a3b98d6b0bf23c8c1e65b8a973f0c715d10c19da2bf70f0d18f4e64a0bf4eafd78bb5957f3f0d32dfe5883cb83f237dca5b3e5c893f42c473e6ac77afbfdd3c02832bf6ef3f60fe5e421517b63f259e8f238c94a93f99558729719f933fdb08cb6597298dbfede0aa7ef4cfb33fa807d9371962753f31326d09e9f5b2bf026515da7b29eb3f8835904fa917a23f9ffd6e6b040c97bfbba6a56afe84863f7b13543509a5bc3fb48afa1f8d73a8bf,58509956a6cab3bf328d6ce7160ff03f1ca98bdef69b92bf06646571c09cb6bf3019b0b74b76b5bf8453fd073373a3bff9077924b69bae3fa3089ed95e20ec3fd66524197eb472bf01a41bde3306b13ff23b04ec74ffa8bfbacf215848c084bf6efd6838cda1f03f2c89863b528b6abfa4c28a8669a5a4bfd27a324803f7843f2be624778462f23f2c1b16748cd3b7bf6a1541cb29f5c4bff6847fb0a0a0ee3f2f4692442240a53f3a69bd017bb1eb3f9474946275622e,COMPLETE
172,172,140.0,2026-05-12 19:29:50.591136,2026-05-12 19:29:50.856330,0 days 00:00:00.265194,-26.734446007256025,25.871186143010462,37.19190040557091,65.00059342405989,56.848427417776406,58.3889350999201,-36.72158155889126,72.77899496515778,73.83246926157334,61.56466425766361,17.09774824854031,33.0117713637475,Unfeasible shape,11.0,,,,,,PRUNED
173,173,41.81459569893097,2026-05-12 19:29:51.004268,2026-05-12 19:30:07.587650,0 days 00:00:16.583382,-38.75259543552144,43.21388778014045,16.883035823314625,67.62526139745572,38.1211982653877,70.20801638818845,-39.51673878987665,60.5070166452451,55.99712885525457,91.08680843891005,15.489795550662581,31.944117135911938,,11.0,,,,,,COMPLETE
174,174,140.0,2026-05-12 19:30:09.054560,2026-05-12 19:30:09.344123,0 days 00:00:00.289563,-37.37313353247741,42.22220447721888,56.847776161952936,63.31849345382378,55.672961791558606,73.81407997098385,-46.45488059091198,55.55265473967776,56.796924325879104,97.15214450772372,15.344282096308502,17.837904027150326,Unfeasible shape,11.0,,,,,,PRUNED
175,175,41.372603031233666,2026-05-12 19:30:09.483662,2026-05-12 19:30:30.956880,0 days 00:00:21.473218,-40.648488828710484,33.344770728647916,27.597695561375456,45.55931649129777,55.8188313413859,66.39983010456068,-48.77142717166582,65.71654650508538,80.06548972084451,95.59082017800233,13.212693279191498,17.473042292206806,,11.0,,,,,,COMPLETE
176,176,140.0,2026-05-12 19:30:32.627992,2026-05-12 19:30:32.925453,0 days 00:00:00.297461,-37.28856731495628,24.785459220185537,43.97348227028961,60.33486408744441,56.74436631227283,69.23300439418757,-35.67593776458283,59.796773607569186,43.2347446941245,90.83744754338103,19.33474187022808,20.502670624715062,Unfeasible shape,11.0,,,,,,PRUNED
177,177,140.0,2026-05-12 19:30:33.064365,2026-05-12 19:30:33.374802,0 days 00:00:00.310437,-46.09433625316363,37.02352608213167,19.37284321914365,48.44823871809396,64.4030592831653,67.17912381317004,-43.29810484676856,61.011695164710396,54.51668026997499,69.26766846858396,4.081632148738294,27.813167868480328,Unfeasible shape,11.0,,,,,,PRUNED
178,178,43.66356264505562,2026-05-12 19:30:33.505226,2026-05-12 19:30:48.948772,0 days 00:00:15.443546,-49.34443665369826,50.99828536476357,41.1153704691464,65.83165317155901,51.090044291304686,51.7133611142607,-47.76034995300454,63.45940401866213,52.91445830375861,94.07150842869716,24.250198142402944,30.118568543082354,,11.0,,,,,,COMPLETE
179,179,140.0,2026-05-12 19:30:50.406026,2026-05-12 19:30:50.647970,0 days 00:00:00.241944,-35.85987180360694,47.54010258073826,39.01395723774836,51.90886896273612,71.84475033199963,57.46222281206328,-42.577251078374935,55.438527656861396,74.9264930045735,71.18046845158976,35.06762272698683,27.184963094209756,Unfeasible shape,11.0,,,,,,PRUNED
180,180,41.804455279179905,2026-05-12 19:30:50.789432,2026-05-12 19:31:07.748237,0 days 00:00:16.958805,-31.946411241627196,43.969776160359835,30.154710730546928,56.43402548840025,47.91254833042493,52.45072012519488,-44.9053605108119,64.13675019585733,49.51850534165249,90.3817977064362,16.35485452609541,22.244801387340804,,11.0,,,,,,COMPLETE
181,181,41.23319379895631,2026-05-12 19:31:09.151045,2026-05-12 19:31:25.243822,0 days 00:00:16.092777,-35.25646355031185,36.61604813863885,37.83026144950762,42.069581245526635,50.36513831725947,69.06380385004607,-45.792211579630106,58.32967715101606,49.635586298431335,95.18629334082006,21.997996248620083,6.013120649370628,,11.0,,,,,,COMPLETE
182,182,41.799425313843855,2026-05-12 19:31:26.604918,2026-05-12 19:31:44.113485,0 days 00:00:17.508567,-40.81593618200117,42.23313204193385,21.156781191035986,52.68445617909768,45.841261619474814,54.76726453556503,-33.03033069184898,51.6680820616709,61.10219815169734,80.390240973731,24.107239621205938,27.521957275039657,,11.0,,,,,,COMPLETE
183,183,42.76948183879388,2026-05-12 19:31:45.425447,2026-05-12 19:32:01.271897,0 days 00:00:15.846450,-26.619401366651964,38.32439577163968,22.182094406258912,47.99806372879382,37.98586373511467,71.16934989792092,-39.20638472711143,69.12129182869421,43.11603589263741,76.23855058471987,22.062994418943724,29.256477777957304,,11.0,,,,,,COMPLETE
184,184,41.93585289893524,2026-05-12 19:32:02.608360,2026-05-12 19:32:18.562251,0 days 00:00:15.953891,-35.17269174175071,44.58938362643031,30.512221349332577,52.78116539020901,36.86442695842215,65.71936931320622,-39.51925981180537,62.38463795190616,80.90859905641098,63.81119325599101,14.419067961444549,32.446411243370726,,11.0,,,,,,COMPLETE
185,185,140.0,2026-05-12 19:32:19.977644,2026-05-12 19:32:20.222167,0 days 00:00:00.244523,-34.833434253330175,34.41729802495349,42.272519687518304,71.42204389645667,37.660954060933456,64.25913809667384,-36.76726730539248,61.786793562831,42.76374126609645,85.26567379681158,22.24873202425001,19.297283336719936,Unfeasible shape,11.0,,,,,,PRUNED
186,186,44.93683946131631,2026-05-12 19:32:20.399109,2026-05-12 19:32:35.709324,0 days 00:00:15.310215,-31.437318213762254,42.96170044361338,37.507279669809506,39.97518661376549,52.990122245016316,60.128869572354,-39.31689606417156,68.62420979751676,60.59851440979958,67.56870206707481,12.510955530050119,24.942666804567775,,11.0,,,,,,COMPLETE
187,187,140.0,2026-05-12 19:32:37.016156,2026-05-12 19:32:37.275313,0 days 00:00:00.259157,-26.266164819123887,43.07153719206921,48.81607982858291,57.44131977592313,45.52209481754543,42.10480543426364,-35.1368942830381,73.55574330313053,62.875945741361214,74.7170907326556,16.263483242753406,30.794773051506546,Unfeasible shape,11.0,,,,,,PRUNED
188,188,140.0,2026-05-12 19:32:37.474056,2026-05-12 19:32:37.733609,0 days 00:00:00.259553,-20.542554685020086,46.5750845303967,24.423033793267333,60.63928726055142,58.41911343663193,54.72758644971248,-37.74580503526061,67.65230132755897,63.00911443161899,80.78091820712423,13.139992584145684,11.050850558694716,Unfeasible shape,11.0,,,,,,PRUNED
189,189,41.97751611962438,2026-05-12 19:32:37.895493,2026-05-12 19:32:52.451088,0 days 00:00:14.555595,-36.51110252773405,45.905839049464696,38.059326174937326,57.84769349998951,31.56383266367361,57.60275314850436,-39.21254835183342,72.18621950272222,68.37292945894637,95.26565107671935,12.52420974950402,29.321413403377747,,11.0,,,,,,COMPLETE
