,number,value,datetime_start,datetime_complete,duration,params_highPt.rA2,params_highPt.rL1,params_highPt.rL2,params_highPt.rL3,params_highPt.x2,params_highPt.y2,params_lowPt.rA2,params_lowPt.rL1,params_lowPt.rL2,params_lowPt.rL3,params_lowPt.x2,params_lowPt.y2,user_attrs_prune,system_attrs_cma:generation,system_attrs_cma:optimizer:0,system_attrs_cma:optimizer:1,system_attrs_cma:optimizer:2,system_attrs_cma:optimizer:3,system_attrs_cma:optimizer:4,state
896,896,41.11409994602768,2026-05-12 21:41:33.984420,2026-05-12 21:41:50.727421,0 days 00:00:16.743001,-36.217087792001195,49.898019015832766,23.915769411450757,45.77799283553339,61.749977079206786,65.4881817776798,-22.95278231775181,63.09501984378361,55.01849850709506,73.58482568818067,28.16580246969415,17.49579923141112,,49.0,800495a6100000000000008c0a636d6165732e5f636d61948c03434d419493942981947d94288c065f6e5f64696d944b0c8c085f706f7073697a65944b0b8c035f6d75944b058c075f6d755f656666948c166e756d70792e5f636f72652e6d756c74696172726179948c067363616c61729493948c056e756d7079948c0564747970659493948c02663894898887945294284b038c013c944e4e4e4affffffff4affffffff4b007494624308e9e8100774510b4094869452948c035f636394680b681143083e6c7d43b18cd03f94869452948c035f633194680b681143089fc67c4e93b7863f94869452948c045f636d7594680b68114308b90fbeb98d89913f94869452948c085f635f7369676d6194680b681143088289198da8f9d03f94869452948c085f645f7369676d6194680b68114308606246236a3ef43f94869452948c035f636d944b018c065f6368695f6e9447400b25064571943c8c085f776569676874739468098c0c5f7265636f6e737472756374949394680c8c076e6461727261799493944b0085944301629487945294284b014b0b8594680e8c02663894898887945294284b0368124e4e4e4affffffff4affffffff4b00749462894358538e214ba67ddb3f2c5e47761ddbd03f4c60b4a91145c53f18b8b48552e2b83f8daa7d42f660a63f00000000000000009bd0b4761a8dc0bf5806fa0273e3cebff539783e76c4d5bfddd50bc2786cdbbf0820f98e2d45e0bf947494628c085f705f7369676d6194682f68314b008594683387945294284b014b0c85946811894360787123eeb03cb4bfba9f936300b6eebfb8629dba17c0d43f18062cdc5513ecbf359af9606907ad3f18e2e2435a3caabf9a27ea738182e93f1f6d8d752194d3bf04495cb31f26f0bf278b93e5371dca3fd0f6bd85644fef3fe0a01c6bdb51b03f947494628c035f706394682f68314b008594683387945294284b014b0c85946811894360b30a08b4b3cbc43f98e8c3cd6a5ef0bfd82d3932dcedc03fda0ee5e85a7ad6bff8ce7ab9bc9bab3fb0c7bbab0304af3fcf9d580dfbb4ee3fc1a95ac74071ddbf17c0f96b8ea5f8bfc620cad92087d43fd3fb8c5af034e73fa756132a43a4b9bf947494628c055f6d65616e94682f68314b008594683387945294284b014b0c85946839894360481cfd5734d2e73ff65243505e3cda3ff02c9a9c4315c63ffde42fea79d1d83ff729dfc0d73fea3f482a9ccf7362ec3f8a54494d44a9ec3fecb7619b95b5e23fbe91f8e46f36e13fa5f249cb017ae73fa752525cb946d63f6bb9eae95f2bcc3f947494628c065f7369676d6194680b68114308a9f10f04d08ba13f94869452948c025f44944e8c025f42944e8c075f626f756e647394682f68314b008594683387945294284b014b0c4b02869468398943c00,000000000000000000000000000f03f0000000000000000000000000000f03f0000000000000000000000000000f03f0000000000000000000000000000f03f0000000000000000000000000000f03f0000000000000000000000000000f03f0000000000000000000000000000f03f0000000000000000000000000000f03f0000000000000000000000000000f03f0000000000000000000000000000f03f0000000000000000000000000000f03f0000000000000000000000000000f03f947494628c115f6e5f6d61785f726573616d706c696e67944b788c025f67944b318c095f6c725f616461707494898c065f616c70686194473ff66666666666668c0a5f626574615f6d65616e94473fb999999999999a8c0b5f626574615f5369676d6194473f9eb851eb851eb88c065f67616d6d6194473fb999999999999a8c065f456d65616e94682f68314b008594683387945294284b014b0c4b0186946839894360000000000000000000000000000000000000000000000000000000000000000000000000000000000000000000000000000000000000000000000000000000000000000000000000000000000000000000000000000000000000000000000000947494628c075f455369676d6194682f68314b008594683387945294284b014b904b018694683989428004000000000000000000000000000000000000000000000000000000000000000000000000000000000000000000000000000000000000000000000000000000000000000000000000000000000000000000000000000000000000000000000000000000000000000000000000000000000000000000000000000000000000000000000000000000000000000000000000000000000000000000000000000000000000000000000000000000000000000000000000000000000000000000000000000000000000000000000000000000000000000000000000000000000000000000000000000000000000000000000000000000000000000000000000000000000000000000000000000000000000000000000000000000000000000000000000000000000000000000000000000000000000000000000000000000000000000000000000000000000000000000000000000000000000000000000000000000000000000000000000000000000000000000000000000000000000000000000000000000000000000000000000000000000000000000000000000000000000000000000000000000000000000000000000000000000000000000000000000000000000000000000000000000000000000000000000000000000000000000000000000000000000000000000000000000000000000000000000000000000000000000000000000000000000000000000000,0000000000000000000000000000000000000000000000000000000000000000000000000000000000000000000000000000000000000000000000000000000000000000000000000000000000000000000000000000000000000000000000000000000000000000000000000000000000000000000000000000000000000000000000000000000000000000000000000000000000000000000000000000000000000000000000000000000000000000000000000000000000000000000000000000000000000000000000000000000000000000000000000000000000000000000000000000000000000000000000000000000000000000000000000000000000000000000000000000000000000000000000000000000000000000000000000000000000000000000000000000000000000000000000000000000000000000000000000000000000000000000000000000000000000000000000000000000000000000000000000000000000000000000000000000000000000000000000000000000000000000000000000000000000000000000000000000000000000000000000000000000000000000000000000000000000000000000000000000000000000000000000000000000000000000000000000000000000000000000000000000000000000000000000000000000000000000000000000000000000000000000000000000000000000000000000000000000000000000000000000000000000000000000000000000000000000000000000000000000000000000000000000000000000000000000000000000000000000000000000000000000000000000000000000000000000000000000000000000947494628c065f566d65616e944700000000000000008c075f565369676d61944700000000000000008c095f6574615f6d65616e94473ff00000000000008c0a5f6574615f5369676d6194473ff00000000000008c055f746f6c7894680b6811430816383daccc74473d94869452948c075f746f6c787570944740c38800000000008c075f746f6c66756e94473d719799812dea118c105f746f6c636f6e646974696f6e636f76944742d6bcc41e9000008c0d5f66756e686973745f7465726d944b2b8c0f5f66756e686973745f76616c75657394682f68314b008594683387945294284b014b56859468398942b00200001407cdf888834440660b9bf536b34440a0f1f988f48344400005635bea774640c60edda317844440d83ff559ea774640e078ae2dc9834440d8a5f05aea774640f238728f33864440e479865aea774640c056dd63f3804440dc78565bea77464054b65830628644408aa5955bea7746407e5b77c2bde64440d8748de672444640302071352ee94440120d3f5aea7746408a55a55975d1444094468,acb223f4540846eb32b3bdb4440441913d44c6d4540903b9df2129c4440b8392c10f5454540dc125e4bd99d444058faff5aea774640cc9e3a029ab144408ee69595cf854540862ffb18bfa04440109d6e5dfea84540e261f0a0e2a4444068f26b22ca014540be98333e2bab4440ec10990389f1444086a3031cc7a44440c42f775c9df245405cb1856eeca24440c8b3beadc1f94540d2a6567059b144405c761e35d20c4540986fa557c5a24440d480f82a3ee14440e2b901e0848a4440b09fe848b1ff4440b6c7877bb0924440061fe1894ffa4440904fba85898c4440eed16240cbde4440ee93b5b888974440f4e2145cea77464090b84ec7b0954440aa3f135bea7746404c40497381824440ba2ef35aea774640c2d8bbc6ca824440ca6bcb5bea774640181fd92d5b8c4440e8bd4e5bea7746402eb779ab4a8d4440588ba25bea77464082ea3a26b08f44404859317546af4440401d7f4a4a874440b222c35bea774640163d1a3f068b44405466165bea774640726e6247d1884440008cf95aea774640f856697d558744409634776468af44403e09331784894440ecb55660374f4540a0e1a94143854440a62b275aea774640f062ea6784894440c2a4735bea774640b28f2702337d4440e64b9b65f7a64440160a8297bd8944409430195aea77464078c07bed588844406e7d1e5cea774640b80454cfb17f444054182c5bea77464042009a6c488144405056a65bea774640947494628c055f635f316494682f68314b008594683387945294284b014b4e85946811894270020000a5de10cf232fe63f0a21581add8ec4bf3b25a3dfc504673ffc1b0a4314619cbfdd1db09920c7bdbf6c9ba5461142a8bfaefe69080188be3f6ab0f7f19d2dba3fab4dd0224b38b6bf2d779ef1cb86af3f62f80290d9f58b3ff1abd2046a1eb7bf407d65ae8693ef3fcff49e3518149abf8b0b64583dbdbebf731d5bb78073bd3fb6ce9228d8bdc7bf8ca4181624f2c2bf9d069d0b1e53a3bfab2fe30a2d4ed13ff2bfd52d35fcbebf0097b7cc41f8d33f361c1dc1d918a53f01d03cd3ffcae03f3011a38c93e1c6bffbdd17874366cbbf2bb5dd53f7e69c3f0a5b1ab6df71cdbf7395b0bab552bb3f4fea54853f44c43f0ee6285970978dbfee02dcb850f2aebfc38333f6ae34b13f9dc34ffea68ee33f9f443babc0f3aabf640f2de53ff0d03f660b8fe639ccc13ffa2033268dbab0bf0c031f72012ed0bfa99f2f3f6a1db43f4c97b80c39639fbf9018d04f9445c2bf9fa089b46dd8db3f473f5aa3ae019b3f696d9c9022a1c23fc07670681ab960bff4df1d121176b2bf56e7993d022ba63ff9368ec67600743ff41cdd62a37f723f2ba36a211b50e83ffe9081656b97bf3f30ba0bc11f0e9a3f8e3e287878ebb5bf05a2edec34e1d33fca4dcd4b24afbdbf,ac3795afdbf5c4bf15f98d5dc7d5f13f07e7dbd4e0a6c9bf98c05a82890adcbfc18473eb1e0ebb3fe7950bac3bf88c3fbec7b2ba324f943fadb2cd70ccdbe73ffb858be1861bd03f07da8725471ab13f339a0321fbc5c6bf4a6d752e0daebc3fcacaf7fa413bf73f4e0d05c1981dcdbfa6e9358c1d9eabbf00f0e6a2b9cad13fad60263259eaef3fb9f5b4a994e0bebfbf3c3c5d05b6d6bf530f3480003bef3f02e3b0a49dd8b2bf268051801577e93f9474946275622e,COMPLETE
897,897,41.076181706495134,2026-05-12 21:41:52.236246,2026-05-12 21:42:09.088853,0 days 00:00:16.852607,-35.43614669762825,53.492575412665545,24.723177250991775,46.179714371954645,61.48624047109348,65.68098460973424,-27.569151106348308,62.24614439252417,61.99948706803028,75.04051392242543,28.04077909348016,18.032806732304564,,49.0,,,,,,COMPLETE
898,898,44.936839349285904,2026-05-12 21:42:10.641343,2026-05-12 21:42:27.144064,0 days 00:00:16.502721,-36.0792433446756,51.366275789589935,26.552934920340224,47.19955456970318,62.168008705695904,69.33682651420433,-25.410364933476366,61.56158196389562,59.83940669025546,75.44480516255182,25.304137672755033,15.835850444568552,,49.0,,,,,,COMPLETE
899,899,41.12357868269112,2026-05-12 21:42:28.678081,2026-05-12 21:42:47.879759,0 days 00:00:19.201678,-36.67856684463508,46.01751026007567,23.39531023160098,44.57688670557134,62.57289792890065,67.24341413558327,-23.23940309194117,56.94834143078985,52.62792041380645,77.88060812262337,26.78625065259912,16.558929631082645,,49.0,,,,,,COMPLETE
900,900,140.0,2026-05-12 21:42:49.358024,2026-05-12 21:42:49.614834,0 days 00:00:00.256810,-36.11492834948315,52.62110322794909,25.754242364823074,41.63720841800642,64.75158206853268,68.62663560022561,-30.159995819974874,60.408231531422004,59.20388145723743,70.54513690377516,30.392611385885136,16.825517218644354,Unfeasible shape,49.0,,,,,,PRUNED
901,901,41.12230503101402,2026-05-12 21:42:49.859188,2026-05-12 21:43:04.394800,0 days 00:00:14.535612,-37.071202253026996,49.285644800527194,22.91294124863545,45.209044595291886,62.42788330531278,64.65328264761985,-29.37801973392638,57.19054316404174,61.359095160219454,66.93453975804516,27.001811444145215,16.747825445177256,,49.0,,,,,,COMPLETE
902,902,41.08188995638196,2026-05-12 21:43:05.963460,2026-05-12 21:43:25.333702,0 days 00:00:19.370242,-35.29233947304908,44.555613898546426,23.292536640796694,44.72973624041894,62.36881696151887,63.795485483755364,-26.55265755782827,65.6770545221248,59.94809209824738,76.76383431917223,23.2644428901409,20.543570410816756,,49.0,,,,,,COMPLETE
903,903,41.15484758545769,2026-05-12 21:43:26.893912,2026-05-12 21:43:41.948152,0 days 00:00:15.054240,-34.93603843504499,44.18014339893442,23.933820592566015,44.28157053361024,61.256084816110636,65.7015633450745,-24.14881755460486,60.31087206423202,55.94283195273387,77.19726379871392,23.730767034434873,15.2951433181003,,49.0,,,,,,COMPLETE
904,904,140.0,2026-05-12 21:43:43.466636,2026-05-12 21:43:43.756257,0 days 00:00:00.289621,-36.38694232998809,44.02531036771001,29.761301592110627,41.74086623034235,61.115571178497554,68.00128157826195,-28.23060582420763,61.6408573000756,60.2621913704514,76.51848383804408,24.320782348855456,21.361229683066327,Unfeasible shape,49.0,,,,,,PRUNED
905,905,140.0,2026-05-12 21:43:44.031067,2026-05-12 21:43:44.383221,0 days 00:00:00.352154,-34.04961867524611,41.27276070781234,27.498430224755253,43.605637249266,62.1714027906486,66.90697034585787,-24.761389004862068,64.70847308418769,52.63493543896804,82.15396440422049,20.09848998324112,17.071455438673905,Unfeasible shape,49.0,,,,,,PRUNED
906,906,40.994988999407624,2026-05-12 21:43:44.611309,2026-05-12 21:44:01.587973,0 days 00:00:16.976664,-33.66719634638919,39.641938422750655,26.50351678425258,47.594880078244664,60.87262700616811,67.82243612003897,-28.55312793302673,65.5466460932554,60.48642394161969,78.44976791298164,26.54069564451207,12.288174917604135,,49.0,,,,,,COMPLETE
907,907,41.23062616532408,2026-05-12 21:44:03.146290,2026-05-12 21:44:19.717777,0 days 00:00:16.571487,-34.269128698073004,42.44058673085084,26.338212390693013,45.12987168885537,57.66617947309909,64.85621268778291,-22.889906011055636,59.531197042652934,57.27407375205222,76.85096297760442,25.344397212148266,15.644830800385465,,49.0,,,,,,COMPLETE
908,908,41.19564364604359,2026-05-12 21:44:21.189764,2026-05-12 21:44:40.086493,0 days 00:00:18.896729,-34.39251527918557,43.481291664351346,25.92640403372299,44.64039401514864,58.34517180408741,64.20239697040445,-28.851763302301734,62.02258635451955,56.933315477440686,74.15355277005672,25.220729448259885,15.06194026483935,,49.0,,,,,,COMPLETE
909,909,41.02907137031097,2026-05-12 21:44:41.610569,2026-05-12 21:44:58.786761,0 days 00:00:17.176192,-34.411392128779354,47.989469494116086,23.161799744189075,43.21789157369249,63.804561859507174,66.51010552359637,-27.347094399200436,65.46626386719323,58.197921901181296,75.48904631007751,28.611631393909047,18.00441454699289,,49.0,,,,,,COMPLETE
