,number,value,datetime_start,datetime_complete,duration,params_highPt.rA2,params_highPt.rL1,params_highPt.rL2,params_highPt.rL3,params_highPt.x2,params_highPt.y2,params_lowPt.rA2,params_lowPt.rL1,params_lowPt.rL2,params_lowPt.rL3,params_lowPt.x2,params_lowPt.y2,user_attrs_prune,system_attrs_cma:generation,system_attrs_cma:optimizer:0,system_attrs_cma:optimizer:1,system_attrs_cma:optimizer:2,system_attrs_cma:optimizer:3,system_attrs_cma:optimizer:4,state
95,95,140.0,2026-05-12 19:13:59.681301,2026-05-12 19:13:59.948802,0 days 00:00:00.267501,-35.65892389294072,57.52341633520625,48.24810472808676,41.944389647676914,47.49892803553616,48.56192170987538,-39.14253833962164,84.66452348701304,53.59420682898957,67.63449025266459,28.827476903503644,32.50591543178858,Unfeasible shape,6.0,800495a6100000000000008c0a636d6165732e5f636d61948c03434d419493942981947d94288c065f6e5f64696d944b0c8c085f706f7073697a65944b0b8c035f6d75944b058c075f6d755f656666948c166e756d70792e5f636f72652e6d756c74696172726179948c067363616c61729493948c056e756d7079948c0564747970659493948c02663894898887945294284b038c013c944e4e4e4affffffff4affffffff4b007494624308e9e8100774510b4094869452948c035f636394680b681143083e6c7d43b18cd03f94869452948c035f633194680b681143089fc67c4e93b7863f94869452948c045f636d7594680b68114308b90fbeb98d89913f94869452948c085f635f7369676d6194680b681143088289198da8f9d03f94869452948c085f645f7369676d6194680b68114308606246236a3ef43f94869452948c035f636d944b018c065f6368695f6e9447400b25064571943c8c085f776569676874739468098c0c5f7265636f6e737472756374949394680c8c076e6461727261799493944b0085944301629487945294284b014b0b8594680e8c02663894898887945294284b0368124e4e4e4affffffff4affffffff4b00749462894358538e214ba67ddb3f2c5e47761ddbd03f4c60b4a91145c53f18b8b48552e2b83f8daa7d42f660a63f00000000000000009bd0b4761a8dc0bf5806fa0273e3cebff539783e76c4d5bfddd50bc2786cdbbf0820f98e2d45e0bf947494628c085f705f7369676d6194682f68314b008594683387945294284b014b0c859468118943602b2c2bad3d2ff73f19f68d28e995d03f784fef37caf499bff29ea39fe430d7bf8a497d9ac300ce3f1a54ca7c756fdf3f28add7d99d9fd43f1758e63b027ad53f564b0188c23ae93f7bf47052d780cc3f6cbbb1b7e416c8bf0d8561e060f4d2bf947494628c035f706394682f68314b008594683387945294284b014b0c8594681189436087fe194f66f0f53fbe32247bba5bcd3f0084b6b2a5de383f1206e516f452d8bfdaffa104b323cb3f1c1131de0d0dde3fef5b7c2d3e6cd43fab219800a44fd73fbabcff070134e83f18bed05851e3c63f3e1e2de0afbacdbf055196b49dd6d3bf947494628c055f6d65616e94682f68314b008594683387945294284b014b0c859468398943602b27de874f5fea3feb0150ec62e1e13f617eec79c6b6db3f925e4879d41bdb3f8a2f7d7387f4db3f59f386ef6227e73fb52bef87711ee53f22baa4896223e63f6c07fa77d87ce23f09b45dbbf59ae13f73c2d115492bd43f6bc64f452fe4dc3f947494628c065f7369676d6194680b6811430821486e4eab61be3f94869452948c025f44944e8c025f42944e8c075f626f756e647394682f68314b008594683387945294284b014b0c4b02869468398943c00,000000000000000000000000000f03f0000000000000000000000000000f03f0000000000000000000000000000f03f0000000000000000000000000000f03f0000000000000000000000000000f03f0000000000000000000000000000f03f0000000000000000000000000000f03f0000000000000000000000000000f03f0000000000000000000000000000f03f0000000000000000000000000000f03f0000000000000000000000000000f03f0000000000000000000000000000f03f947494628c115f6e5f6d61785f726573616d706c696e67944b788c025f67944b068c095f6c725f616461707494898c065f616c70686194473ff66666666666668c0a5f626574615f6d65616e94473fb999999999999a8c0b5f626574615f5369676d6194473f9eb851eb851eb88c065f67616d6d6194473fb999999999999a8c065f456d65616e94682f68314b008594683387945294284b014b0c4b0186946839894360000000000000000000000000000000000000000000000000000000000000000000000000000000000000000000000000000000000000000000000000000000000000000000000000000000000000000000000000000000000000000000000000947494628c075f455369676d6194682f68314b008594683387945294284b014b904b018694683989428004000000000000000000000000000000000000000000000000000000000000000000000000000000000000000000000000000000000000000000000000000000000000000000000000000000000000000000000000000000000000000000000000000000000000000000000000000000000000000000000000000000000000000000000000000000000000000000000000000000000000000000000000000000000000000000000000000000000000000000000000000000000000000000000000000000000000000000000000000000000000000000000000000000000000000000000000000000000000000000000000000000000000000000000000000000000000000000000000000000000000000000000000000000000000000000000000000000000000000000000000000000000000000000000000000000000000000000000000000000000000000000000000000000000000000000000000000000000000000000000000000000000000000000000000000000000000000000000000000000000000000000000000000000000000000000000000000000000000000000000000000000000000000000000000000000000000000000000000000000000000000000000000000000000000000000000000000000000000000000000000000000000000000000000000000000000000000000000000000000000000000000000000000000000000000000000000,0000000000000000000000000000000000000000000000000000000000000000000000000000000000000000000000000000000000000000000000000000000000000000000000000000000000000000000000000000000000000000000000000000000000000000000000000000000000000000000000000000000000000000000000000000000000000000000000000000000000000000000000000000000000000000000000000000000000000000000000000000000000000000000000000000000000000000000000000000000000000000000000000000000000000000000000000000000000000000000000000000000000000000000000000000000000000000000000000000000000000000000000000000000000000000000000000000000000000000000000000000000000000000000000000000000000000000000000000000000000000000000000000000000000000000000000000000000000000000000000000000000000000000000000000000000000000000000000000000000000000000000000000000000000000000000000000000000000000000000000000000000000000000000000000000000000000000000000000000000000000000000000000000000000000000000000000000000000000000000000000000000000000000000000000000000000000000000000000000000000000000000000000000000000000000000000000000000000000000000000000000000000000000000000000000000000000000000000000000000000000000000000000000000000000000000000000000000000000000000000000000000000000000000000000000000000000000000000000000947494628c065f566d65616e944700000000000000008c075f565369676d61944700000000000000008c095f6574615f6d65616e94473ff00000000000008c0a5f6574615f5369676d6194473ff00000000000008c055f746f6c7894680b6811430816383daccc74473d94869452948c075f746f6c787570944740c38800000000008c075f746f6c66756e94473d719799812dea118c105f746f6c636f6e646974696f6e636f76944742d6bcc41e9000008c0d5f66756e686973745f7465726d944b2b8c0f5f66756e686973745f76616c75657394682f68314b008594683387945294284b014b56859468398942b0020000010000000000000060dc6f62fd7f000086f09eed6c324540cc84085bea774640bcaa809ce0d44440707510f8e58c4640f60157ab10044540eefa3f03e01e4640b2a08e4a68d54440e2e86af73b90454086155937a6ed44402246245bea7746400025072e5ec64440728cee09aee74540730a20202020202020202d2d2d2d2d2d2d2d2d2d0a2020202020202020616c706861203a2061727261795,f6c696b650a20202020202020202020202054686520636f6e63656e74726174696f6e20706172616d65746572732e20546865206e756d626572206f6620656e747269657320616c6f6e6720746865206c61737420617869730a20202020202020202020202064657465726d696e6573207468652064696d656e73696f6e616c697479206f662074686520646973747269627574696f6e2e204561636820656e747279206d7573742062650a2020202020202020202020207374726963746c7920706f7369746976652e0a20202020202020206e203a20696e74206f722061727261795f6c696b650a202020202020202020202020546865206e756d626572206f6620747269616c732e204561636820656c656d656e74206d7573742062652061207374726963746c7920706f73697469766520696e74656765722e0a0a202020202020202052657475726e730a20202020202020202d2d2d2d2d2d2d0a20202020202020206f75743a206e6461727261790a2020202020202020202020204d65616e206f662061204469726963686c6574206d756c74696e6f6d69616c20646973747269627574696f6e2e0a0a2020202020202020e08c5b86d0010000a0955b86d001000030846086d001000050b05b86d001000040176086d0010000b0846086d001000030856086d001000060895b86d0010000b0856086d001000030866086d0010000d09e5b86d0010000b0006086d0010000947494628c055f635f316494682f68314b008594683387945294284b014b4e85946811894270020000e101a79a570cef3f48f51d9e8120a53f0ee68d2fd40d8ebf6aec1f5f0b74afbf2ce33246c9ac923fab6595b10e3c833fb4c9e11972d9b53f91de74e3d451c43f08dbbe0d636e78bf6c41d2d3e073a9bfd4d5da916babb4bfcba0124a79d9b1bf4d7c83a2a01dec3f4980c482f8a78abf3428d1bc35ec94bfcaf85e44431f81bfd26bd1504bdd90bf9c2d31aae209aabf7afe59e45999a73fbeb61fb4731b9dbfc8a970ca7d8b9cbf7c98e2be167275bf154a5fcba828ae3f48af4f3ba6ccec3ffb3780d29ae872bf10dd486e9fb3973f636ec14c1480973fd41dc13c7c7d9ebf0002c5eec7cda63ff913af32be98b03fb76685d7d757873f33423eb6d1c1723fc8698eb9344f953f015480b8e421ec3faba3025b3f17aabfa89d84be5d3ba6bf3814c3c5adfc693f7e2d21f8288a9dbfacc60e63bea6a4bf412b98b21a875b3fa62edd9261aa963f800fafd220e237bf1753a8725eb1ed3ff2edd04269b77c3f8da2860f1bf2a43fd825482cafb5913f035f0e8e485c90bfda294a3f8b46a03f5f3ce9a3009fa73f15bb84c6f53c97bf14c86c71f435ee3f14829e628225aa3fdb4c74174d15b43f98dfbd27f9eaa13f8ad48c1c27c1a53fc0371781b9abafbf,2ca71be903338cbf4e9581e2940ef03fe925002142ce823fe0f6b3b2d088adbff855af2aeef6a7bf89d25bdf9354a1bf3a6a8569027f62bf227665ae58cbef3fe0a189b5c6cd8c3fb614a98d04fda13fe46063503111b0bf2a67542d026081bf01c282b41428f03fe3a183df403d89bf37c57cf5e09ea4bf877d62110902983fa89157cb0c31f03f01ecce7a3bd9a6bf23bfeb3608a5923f241b7a9c8155f03fdbf6d613c65f8abfe803127ac741ec3f9474946275622e,PRUNED
96,96,44.534756487913626,2026-05-12 19:14:00.109043,2026-05-12 19:14:15.859622,0 days 00:00:15.750579,-20.09793332366872,62.92931503155181,34.946493078590535,19.07267814119265,37.674787309399555,72.57546242687329,-40.03338167638592,92.22613146385379,62.316685409645615,77.21512199597353,29.87752751329076,31.11710507578781,,6.0,800495a6100000000000008c0a636d6165732e5f636d61948c03434d419493942981947d94288c065f6e5f64696d944b0c8c085f706f7073697a65944b0b8c035f6d75944b058c075f6d755f656666948c166e756d70792e5f636f72652e6d756c74696172726179948c067363616c61729493948c056e756d7079948c0564747970659493948c02663894898887945294284b038c013c944e4e4e4affffffff4affffffff4b007494624308e9e8100774510b4094869452948c035f636394680b681143083e6c7d43b18cd03f94869452948c035f633194680b681143089fc67c4e93b7863f94869452948c045f636d7594680b68114308b90fbeb98d89913f94869452948c085f635f7369676d6194680b681143088289198da8f9d03f94869452948c085f645f7369676d6194680b68114308606246236a3ef43f94869452948c035f636d944b018c065f6368695f6e9447400b25064571943c8c085f776569676874739468098c0c5f7265636f6e737472756374949394680c8c076e6461727261799493944b0085944301629487945294284b014b0b8594680e8c02663894898887945294284b0368124e4e4e4affffffff4affffffff4b00749462894358538e214ba67ddb3f2c5e47761ddbd03f4c60b4a91145c53f18b8b48552e2b83f8daa7d42f660a63f00000000000000009bd0b4761a8dc0bf5806fa0273e3cebff539783e76c4d5bfddd50bc2786cdbbf0820f98e2d45e0bf947494628c085f705f7369676d6194682f68314b008594683387945294284b014b0c859468118943602b2c2bad3d2ff73f19f68d28e995d03f784fef37caf499bff29ea39fe430d7bf8a497d9ac300ce3f1a54ca7c756fdf3f28add7d99d9fd43f1758e63b027ad53f564b0188c23ae93f7bf47052d780cc3f6cbbb1b7e416c8bf0d8561e060f4d2bf947494628c035f706394682f68314b008594683387945294284b014b0c8594681189436087fe194f66f0f53fbe32247bba5bcd3f0084b6b2a5de383f1206e516f452d8bfdaffa104b323cb3f1c1131de0d0dde3fef5b7c2d3e6cd43fab219800a44fd73fbabcff070134e83f18bed05851e3c63f3e1e2de0afbacdbf055196b49dd6d3bf947494628c055f6d65616e94682f68314b008594683387945294284b014b0c859468398943602b27de874f5fea3feb0150ec62e1e13f617eec79c6b6db3f925e4879d41bdb3f8a2f7d7387f4db3f59f386ef6227e73fb52bef87711ee53f22baa4896223e63f6c07fa77d87ce23f09b45dbbf59ae13f73c2d115492bd43f6bc64f452fe4dc3f947494628c065f7369676d6194680b6811430821486e4eab61be3f94869452948c025f44944e8c025f42944e8c075f626f756e647394682f68314b008594683387945294284b014b0c4b02869468398943c00,000000000000000000000000000f03f0000000000000000000000000000f03f0000000000000000000000000000f03f0000000000000000000000000000f03f0000000000000000000000000000f03f0000000000000000000000000000f03f0000000000000000000000000000f03f0000000000000000000000000000f03f0000000000000000000000000000f03f0000000000000000000000000000f03f0000000000000000000000000000f03f0000000000000000000000000000f03f947494628c115f6e5f6d61785f726573616d706c696e67944b788c025f67944b068c095f6c725f616461707494898c065f616c70686194473ff66666666666668c0a5f626574615f6d65616e94473fb999999999999a8c0b5f626574615f5369676d6194473f9eb851eb851eb88c065f67616d6d6194473fb999999999999a8c065f456d65616e94682f68314b008594683387945294284b014b0c4b0186946839894360000000000000000000000000000000000000000000000000000000000000000000000000000000000000000000000000000000000000000000000000000000000000000000000000000000000000000000000000000000000000000000000000947494628c075f455369676d6194682f68314b008594683387945294284b014b904b018694683989428004000000000000000000000000000000000000000000000000000000000000000000000000000000000000000000000000000000000000000000000000000000000000000000000000000000000000000000000000000000000000000000000000000000000000000000000000000000000000000000000000000000000000000000000000000000000000000000000000000000000000000000000000000000000000000000000000000000000000000000000000000000000000000000000000000000000000000000000000000000000000000000000000000000000000000000000000000000000000000000000000000000000000000000000000000000000000000000000000000000000000000000000000000000000000000000000000000000000000000000000000000000000000000000000000000000000000000000000000000000000000000000000000000000000000000000000000000000000000000000000000000000000000000000000000000000000000000000000000000000000000000000000000000000000000000000000000000000000000000000000000000000000000000000000000000000000000000000000000000000000000000000000000000000000000000000000000000000000000000000000000000000000000000000000000000000000000000000000000000000000000000000000000000000000000000000000000,0000000000000000000000000000000000000000000000000000000000000000000000000000000000000000000000000000000000000000000000000000000000000000000000000000000000000000000000000000000000000000000000000000000000000000000000000000000000000000000000000000000000000000000000000000000000000000000000000000000000000000000000000000000000000000000000000000000000000000000000000000000000000000000000000000000000000000000000000000000000000000000000000000000000000000000000000000000000000000000000000000000000000000000000000000000000000000000000000000000000000000000000000000000000000000000000000000000000000000000000000000000000000000000000000000000000000000000000000000000000000000000000000000000000000000000000000000000000000000000000000000000000000000000000000000000000000000000000000000000000000000000000000000000000000000000000000000000000000000000000000000000000000000000000000000000000000000000000000000000000000000000000000000000000000000000000000000000000000000000000000000000000000000000000000000000000000000000000000000000000000000000000000000000000000000000000000000000000000000000000000000000000000000000000000000000000000000000000000000000000000000000000000000000000000000000000000000000000000000000000000000000000000000000000000000000000000000000000000000947494628c065f566d65616e944700000000000000008c075f565369676d61944700000000000000008c095f6574615f6d65616e94473ff00000000000008c0a5f6574615f5369676d6194473ff00000000000008c055f746f6c7894680b6811430816383daccc74473d94869452948c075f746f6c787570944740c38800000000008c075f746f6c66756e94473d719799812dea118c105f746f6c636f6e646974696f6e636f76944742d6bcc41e9000008c0d5f66756e686973745f7465726d944b2b8c0f5f66756e686973745f76616c75657394682f68314b008594683387945294284b014b56859468398942b0020000010000000000000060dc6f62fd7f000086f09eed6c324540cc84085bea774640bcaa809ce0d44440707510f8e58c4640f60157ab10044540eefa3f03e01e4640b2a08e4a68d54440e2e86af73b90454086155937a6ed44402246245bea7746400025072e5ec64440728cee09aee74540730a20202020202020202d2d2d2d2d2d2d2d2d2d0a2020202020202020616c706861203a2061727261795,f6c696b650a20202020202020202020202054686520636f6e63656e74726174696f6e20706172616d65746572732e20546865206e756d626572206f6620656e747269657320616c6f6e6720746865206c61737420617869730a20202020202020202020202064657465726d696e6573207468652064696d656e73696f6e616c697479206f662074686520646973747269627574696f6e2e204561636820656e747279206d7573742062650a2020202020202020202020207374726963746c7920706f7369746976652e0a20202020202020206e203a20696e74206f722061727261795f6c696b650a202020202020202020202020546865206e756d626572206f6620747269616c732e204561636820656c656d656e74206d7573742062652061207374726963746c7920706f73697469766520696e74656765722e0a0a202020202020202052657475726e730a20202020202020202d2d2d2d2d2d2d0a20202020202020206f75743a206e6461727261790a2020202020202020202020204d65616e206f662061204469726963686c6574206d756c74696e6f6d69616c20646973747269627574696f6e2e0a0a2020202020202020e08c5b86d0010000a0955b86d001000030846086d001000050b05b86d001000040176086d0010000b0846086d001000030856086d001000060895b86d0010000b0856086d001000030866086d0010000d09e5b86d0010000b0006086d0010000947494628c055f635f316494682f68314b008594683387945294284b014b4e85946811894270020000e101a79a570cef3f48f51d9e8120a53f0ee68d2fd40d8ebf6aec1f5f0b74afbf2ce33246c9ac923fab6595b10e3c833fb4c9e11972d9b53f91de74e3d451c43f08dbbe0d636e78bf6c41d2d3e073a9bfd4d5da916babb4bfcba0124a79d9b1bf4d7c83a2a01dec3f4980c482f8a78abf3428d1bc35ec94bfcaf85e44431f81bfd26bd1504bdd90bf9c2d31aae209aabf7afe59e45999a73fbeb61fb4731b9dbfc8a970ca7d8b9cbf7c98e2be167275bf154a5fcba828ae3f48af4f3ba6ccec3ffb3780d29ae872bf10dd486e9fb3973f636ec14c1480973fd41dc13c7c7d9ebf0002c5eec7cda63ff913af32be98b03fb76685d7d757873f33423eb6d1c1723fc8698eb9344f953f015480b8e421ec3faba3025b3f17aabfa89d84be5d3ba6bf3814c3c5adfc693f7e2d21f8288a9dbfacc60e63bea6a4bf412b98b21a875b3fa62edd9261aa963f800fafd220e237bf1753a8725eb1ed3ff2edd04269b77c3f8da2860f1bf2a43fd825482cafb5913f035f0e8e485c90bfda294a3f8b46a03f5f3ce9a3009fa73f15bb84c6f53c97bf14c86c71f435ee3f14829e628225aa3fdb4c74174d15b43f98dfbd27f9eaa13f8ad48c1c27c1a53fc0371781b9abafbf,2ca71be903338cbf4e9581e2940ef03fe925002142ce823fe0f6b3b2d088adbff855af2aeef6a7bf89d25bdf9354a1bf3a6a8569027f62bf227665ae58cbef3fe0a189b5c6cd8c3fb614a98d04fda13fe46063503111b0bf2a67542d026081bf01c282b41428f03fe3a183df403d89bf37c57cf5e09ea4bf877d62110902983fa89157cb0c31f03f01ecce7a3bd9a6bf23bfeb3608a5923f241b7a9c8155f03fdbf6d613c65f8abfe803127ac741ec3f9474946275622e,COMPLETE
97,97,42.48008263087593,2026-05-12 19:14:17.797173,2026-05-12 19:14:32.321737,0 days 00:00:14.524564,-34.955611080416354,56.24973727992817,55.801957610764475,51.15364316110014,26.04560043093769,44.02310435533522,-30.970108193138216,67.2852467807335,65.65507227798929,65.83577735362536,27.826275390091062,33.91648622608553,,6.0,,,,,,COMPLETE
98,98,42.14847244077511,2026-05-12 19:14:33.983148,2026-05-12 19:14:49.327048,0 days 00:00:15.343900,-33.074933232211414,70.8909835118564,46.0757481895146,60.60925452348059,20.105868876204077,51.61456844674862,-48.20003847858812,64.02662390102041,65.9515931035244,58.300148909529725,29.482633077949657,31.300097613900437,,6.0,,,,,,COMPLETE
99,99,140.0,2026-05-12 19:14:50.603865,2026-05-12 19:14:50.867924,0 days 00:00:00.264059,-23.744770407149133,77.20069568364976,57.830439387020284,47.24730758357113,38.93702721967776,60.01226911130574,-37.832318366865785,63.806588937057406,58.478526079339474,57.83268604660125,11.481198045630675,33.40588866456304,Unfeasible shape,6.0,,,,,,PRUNED
100,100,42.78490761749006,2026-05-12 19:14:50.995966,2026-05-12 19:15:05.332803,0 days 00:00:14.336837,-36.509636798591735,57.8431773788947,61.738064486674936,43.897905490915825,28.205117497386553,40.74864205931789,-38.2314681185645,73.16616916570595,48.586119988847145,46.430203409776404,2.869662927041622,36.4692905540377,,6.0,,,,,,COMPLETE
101,101,140.0,2026-05-12 19:15:06.602628,2026-05-12 19:15:06.846677,0 days 00:00:00.244049,-30.575445627712206,49.9090955693337,49.8789331628625,54.90981117423357,44.677276941224335,60.11300987940822,-36.47131759777411,67.6681847077542,60.09797577944568,68.40562088516805,25.057844615833066,28.43187056373621,Unfeasible shape,6.0,,,,,,PRUNED
102,102,140.0,2026-05-12 19:15:07.031734,2026-05-12 19:15:07.287694,0 days 00:00:00.255960,-31.56488584997023,55.120913724994764,56.662417434190644,47.056504015256884,39.44963120552427,48.73350665780378,-39.371538756216765,57.99570014449435,77.28333456556285,57.261575413390666,34.108207974372235,34.271742492093836,Unfeasible shape,6.0,,,,,,PRUNED
103,103,140.0,2026-05-12 19:15:07.434219,2026-05-12 19:15:07.684882,0 days 00:00:00.250663,-35.13979240113913,72.04534723696653,64.55653363663336,37.26938741653035,36.18774242243264,63.13444135027996,-48.57270590559547,55.22289431023929,53.13928354199941,58.52511911993291,32.041277027555424,38.712349798683846,Unfeasible shape,6.0,,,,,,PRUNED
104,104,140.0,2026-05-12 19:15:07.820131,2026-05-12 19:15:08.104839,0 days 00:00:00.284708,-34.92405350290111,76.08115546378808,36.78061964816084,46.6190932319667,44.36865990839268,57.399206108506135,-39.098911242988486,64.42655599513293,49.67971403003824,59.826916302407014,27.87368854920668,38.90065282768894,Unfeasible shape,6.0,,,,,,PRUNED
105,105,43.26214654384235,2026-05-12 19:15:08.306497,2026-05-12 19:15:22.497432,0 days 00:00:14.190935,-36.549641130934575,54.57178693316526,57.8401395457898,61.57546117806825,31.201904003992055,48.12358386125803,-61.01804974854317,54.483733085438516,45.3453694174977,56.7615587283703,18.463190608950487,42.1241537044424,,6.0,,,,,,COMPLETE
106,106,43.15856867573075,2026-05-12 19:15:23.777360,2026-05-12 19:15:38.930438,0 days 00:00:15.153078,-31.78578397436725,55.49658856497171,34.62080537184458,74.95153678397386,38.8686086715972,44.758900054278776,-26.211417304088073,95.07340983655737,56.45131984562098,73.84562812027235,18.415254930783583,25.678051014640648,,6.0,,,,,,COMPLETE
