,number,value,datetime_start,datetime_complete,duration,params_highPt.rA2,params_highPt.rL1,params_highPt.rL2,params_highPt.rL3,params_highPt.x2,params_highPt.y2,params_lowPt.rA2,params_lowPt.rL1,params_lowPt.rL2,params_lowPt.rL3,params_lowPt.x2,params_lowPt.y2,user_attrs_prune,system_attrs_cma:generation,system_attrs_cma:optimizer:0,system_attrs_cma:optimizer:1,system_attrs_cma:optimizer:2,system_attrs_cma:optimizer:3,system_attrs_cma:optimizer:4,state
107,107,140.0,2026-05-12 19:15:40.366233,2026-05-12 19:15:40.604491,0 days 00:00:00.238258,-31.03051067311653,39.12718280667244,60.705333165425074,28.466115957348503,29.346520613531204,63.225865130298395,-28.966830878073942,70.60216972512843,78.92313309769544,42.40888222720526,22.222635744982515,33.967520304779995,Unfeasible shape,6.0,,,,,,PRUNED
108,108,42.24433466095104,2026-05-12 19:15:40.742661,2026-05-12 19:15:55.486871,0 days 00:00:14.744210,-41.3925235678433,53.19869504212211,40.363746679667145,69.84367614103448,33.962294966375296,55.58602025622178,-49.38254253771413,64.77616604314578,72.55516650879105,60.22645935841301,32.90959773104279,40.59322337254092,,6.0,,,,,,COMPLETE
109,109,41.802666004447914,2026-05-12 19:15:56.821551,2026-05-12 19:16:11.620632,0 days 00:00:14.799081,-28.926371773355484,49.20827642831064,46.178341174656346,57.14240611440467,31.602957985452036,53.3480466546599,-44.671035474862784,77.38222408344433,71.27186865495882,84.87373216655126,18.878989381426,25.701552909171884,,6.0,,,,,,COMPLETE
110,110,43.37028977895537,2026-05-12 19:16:13.027847,2026-05-12 19:16:28.467320,0 days 00:00:15.439473,-24.430037355306823,74.23606122216913,22.5067815734524,35.00313369863178,37.24929374197246,53.34445677683821,-42.28321382185014,84.60641379547744,71.36773842106825,58.4586605508342,14.557340572631364,23.912375942593354,,6.0,,,,,,COMPLETE
111,111,42.31274593149614,2026-05-12 19:16:29.735085,2026-05-12 19:16:44.040344,0 days 00:00:14.305259,-38.91499311177064,77.96044238147722,55.29662424240502,43.90632997736769,20.93020475518639,40.28943781378356,-33.431336441884326,64.0752529713377,71.46739906733205,53.0688020816765,9.527099328643754,34.33763069148122,,6.0,,,,,,COMPLETE
112,112,42.244821895240605,2026-05-12 19:16:45.370278,2026-05-12 19:16:59.361082,0 days 00:00:13.990804,-23.56620801946388,52.71393963886987,44.59005673394273,36.500427503291526,26.536312895443565,48.42959314047561,-46.96652908579178,74.85645589281984,64.82478389045436,59.84764216091757,32.691584833119705,26.66456577009843,,6.0,,,,,,COMPLETE
113,113,42.31822315557271,2026-05-12 19:17:00.604310,2026-05-12 19:17:14.905897,0 days 00:00:14.301587,-33.096191546884846,48.26231879851258,43.96797244593308,47.78519619417701,23.553705422875563,68.48018602667851,-42.24848157813582,88.63574757220073,75.75686838653307,70.90353333174507,21.68495756754668,37.57912425538628,,7.0,800495a6100000000000008c0a636d6165732e5f636d61948c03434d419493942981947d94288c065f6e5f64696d944b0c8c085f706f7073697a65944b0b8c035f6d75944b058c075f6d755f656666948c166e756d70792e5f636f72652e6d756c74696172726179948c067363616c61729493948c056e756d7079948c0564747970659493948c02663894898887945294284b038c013c944e4e4e4affffffff4affffffff4b007494624308e9e8100774510b4094869452948c035f636394680b681143083e6c7d43b18cd03f94869452948c035f633194680b681143089fc67c4e93b7863f94869452948c045f636d7594680b68114308b90fbeb98d89913f94869452948c085f635f7369676d6194680b681143088289198da8f9d03f94869452948c085f645f7369676d6194680b68114308606246236a3ef43f94869452948c035f636d944b018c065f6368695f6e9447400b25064571943c8c085f776569676874739468098c0c5f7265636f6e737472756374949394680c8c076e6461727261799493944b0085944301629487945294284b014b0b8594680e8c02663894898887945294284b0368124e4e4e4affffffff4affffffff4b00749462894358538e214ba67ddb3f2c5e47761ddbd03f4c60b4a91145c53f18b8b48552e2b83f8daa7d42f660a63f00000000000000009bd0b4761a8dc0bf5806fa0273e3cebff539783e76c4d5bfddd50bc2786cdbbf0820f98e2d45e0bf947494628c085f705f7369676d6194682f68314b008594683387945294284b014b0c85946811894360a362c948477eed3fabea78bea8bcc4bf9b2adc0a006ddfbf681e5282ecd7ec3f34bfb9f2b740dfbf44199e30c53bb53fc8e7ce292a80e6bf909724a722c2c03fe26d690f9eabf73f8533f2cfd638f63ff4161df000e7ac3f6ba58776a988e9bf947494628c035f706394682f68314b008594683387945294284b014b0c85946811894360a65c0d18a96de83f41100252eb6fc8bfa73054a7a04fdabf4451ca6d3920ea3fcc93f7a69b27e0bff89d764627d9af3fd76916c26344e8bf30c214e884dfbd3f7411be09c1d8f63fdb22c4935f84f53f4032e35763a7823f9549f388c701e8bf947494628c055f6d65616e94682f68314b008594683387945294284b014b0c85946839894360b05eddcac598e93fd57bbdf961c6e03fd53afa8cb331d93f5f0bd8fdeeeae03f9e63a98270e6d73f96b6b5b03747e63fd27755b66512e23fbc56658a26abe53f38055eadb424e53f8734398d6051e53ffb2fac359547d53f121d753d2fb4d93f947494628c065f7369676d6194680b68114308ac572290b228bd3f94869452948c025f44944e8c025f42944e8c075f626f756e647394682f68314b008594683387945294284b014b0c4b02869468398943c00,000000000000000000000000000f03f0000000000000000000000000000f03f0000000000000000000000000000f03f0000000000000000000000000000f03f0000000000000000000000000000f03f0000000000000000000000000000f03f0000000000000000000000000000f03f0000000000000000000000000000f03f0000000000000000000000000000f03f0000000000000000000000000000f03f0000000000000000000000000000f03f0000000000000000000000000000f03f947494628c115f6e5f6d61785f726573616d706c696e67944b788c025f67944b078c095f6c725f616461707494898c065f616c70686194473ff66666666666668c0a5f626574615f6d65616e94473fb999999999999a8c0b5f626574615f5369676d6194473f9eb851eb851eb88c065f67616d6d6194473fb999999999999a8c065f456d65616e94682f68314b008594683387945294284b014b0c4b0186946839894360000000000000000000000000000000000000000000000000000000000000000000000000000000000000000000000000000000000000000000000000000000000000000000000000000000000000000000000000000000000000000000000000947494628c075f455369676d6194682f68314b008594683387945294284b014b904b018694683989428004000000000000000000000000000000000000000000000000000000000000000000000000000000000000000000000000000000000000000000000000000000000000000000000000000000000000000000000000000000000000000000000000000000000000000000000000000000000000000000000000000000000000000000000000000000000000000000000000000000000000000000000000000000000000000000000000000000000000000000000000000000000000000000000000000000000000000000000000000000000000000000000000000000000000000000000000000000000000000000000000000000000000000000000000000000000000000000000000000000000000000000000000000000000000000000000000000000000000000000000000000000000000000000000000000000000000000000000000000000000000000000000000000000000000000000000000000000000000000000000000000000000000000000000000000000000000000000000000000000000000000000000000000000000000000000000000000000000000000000000000000000000000000000000000000000000000000000000000000000000000000000000000000000000000000000000000000000000000000000000000000000000000000000000000000000000000000000000000000000000000000000000000000000000000000000000000,0000000000000000000000000000000000000000000000000000000000000000000000000000000000000000000000000000000000000000000000000000000000000000000000000000000000000000000000000000000000000000000000000000000000000000000000000000000000000000000000000000000000000000000000000000000000000000000000000000000000000000000000000000000000000000000000000000000000000000000000000000000000000000000000000000000000000000000000000000000000000000000000000000000000000000000000000000000000000000000000000000000000000000000000000000000000000000000000000000000000000000000000000000000000000000000000000000000000000000000000000000000000000000000000000000000000000000000000000000000000000000000000000000000000000000000000000000000000000000000000000000000000000000000000000000000000000000000000000000000000000000000000000000000000000000000000000000000000000000000000000000000000000000000000000000000000000000000000000000000000000000000000000000000000000000000000000000000000000000000000000000000000000000000000000000000000000000000000000000000000000000000000000000000000000000000000000000000000000000000000000000000000000000000000000000000000000000000000000000000000000000000000000000000000000000000000000000000000000000000000000000000000000000000000000000000000000000000000000000947494628c065f566d65616e944700000000000000008c075f565369676d61944700000000000000008c095f6574615f6d65616e94473ff00000000000008c0a5f6574615f5369676d6194473ff00000000000008c055f746f6c7894680b6811430816383daccc74473d94869452948c075f746f6c787570944740c38800000000008c075f746f6c66756e94473d719799812dea118c105f746f6c636f6e646974696f6e636f76944742d6bcc41e9000008c0d5f66756e686973745f7465726d944b2b8c0f5f66756e686973745f76616c75657394682f68314b008594683387945294284b014b56859468398942b0020000010000000000000060dc6f62fd7f000086f09eed6c324540cc84085bea774640bcaa809ce0d44440707510f8e58c4640f60157ab10044540eefa3f03e01e4640b2a08e4a68d54440e2e86af73b90454086155937a6ed44402246245bea7746400025072e5ec64440728cee09aee745407e5b77c2bde64440d8748de6724446402d2d2d2d0a2020202020202020616c706861203a2061727261795,f6c696b650a20202020202020202020202054686520636f6e63656e74726174696f6e20706172616d65746572732e20546865206e756d626572206f6620656e747269657320616c6f6e6720746865206c61737420617869730a20202020202020202020202064657465726d696e6573207468652064696d656e73696f6e616c697479206f662074686520646973747269627574696f6e2e204561636820656e747279206d7573742062650a2020202020202020202020207374726963746c7920706f7369746976652e0a20202020202020206e203a20696e74206f722061727261795f6c696b650a202020202020202020202020546865206e756d626572206f6620747269616c732e204561636820656c656d656e74206d7573742062652061207374726963746c7920706f73697469766520696e74656765722e0a0a202020202020202052657475726e730a20202020202020202d2d2d2d2d2d2d0a20202020202020206f75743a206e6461727261790a2020202020202020202020204d65616e206f662061204469726963686c6574206d756c74696e6f6d69616c20646973747269627574696f6e2e0a0a2020202020202020e08c5b86d0010000a0955b86d001000030846086d001000050b05b86d001000040176086d0010000b0846086d001000030856086d001000060895b86d0010000b0856086d001000030866086d0010000d09e5b86d0010000b0006086d0010000947494628c055f635f316494682f68314b008594683387945294284b014b4e85946811894270020000077b98ed3c00ef3fd55de11dbe0b9b3fec615d9a685b823fccf78b30ff98a2bf9ae8379506c7803f0c440c9e6e4b81bf039085a0e96eb33fc9f9c167c753c23f9c8353f44e3582bf06316b48d7fba7bf75f295eef7dbb6bf9c9d975fdc41b2bfc82866f0454aec3f8831e91ec584883f7dd302edb39483bf49918ec1b36c92bf64b0756ee2b897bf31a56b5fd3e9a7bf4df06b7232919b3fc29e33fe1397a8bf2b27463f8e34aabf883ed570ceb4473f9edf02106950b33f25174e643b51eb3f2b2e7bb2b538a7bf800f43d0a3f8a43ffa67b81dcc75a23f9ed357b0a46083bf04d597bad869b53f45cf8350b68ab23ff7b86ac991a5903f20b96fab56a570bf5096577b64a35b3f7e9e4408472eeb3fa988e0f271a6abbfd89fc3a0a71283bf4afffa71dc9191bfa0be7950e6a273bfc01fe04519823d3f82be0813e3a4a53f2ccf6a96beeea03f7571ee4bfbee93bf6b628dd11102ee3fb08f68d085b4773f1a4feb61fad9a83ffc374dd51fc6823f2a7c7ec52357a0bf24aaa8218987903f931ed37d1cdba53f16f75e32f95081bfd2fcd191c06aed3f2ec4b951561da93f31bd1b06661fb03f746731c1fb639a3f94de5294d2379a3f2911971e7ccbb3bf,b8a524563bcc81bfb8ecbc9eb785ef3f9eaadbb3535b8cbfb4095308bc51b7bfa2dc6a4133b5b3bf13e51d0fa548a7bfa11f8f7e5a7e943f14537d664a9bee3f98dcbbdbe1fe623f62bd737c6137993f665bcf5f5459b1bf9c0cbb69cd24793f37cfe72ea368f03f05cc0c45f1df953fb42f6ab54e99a6bf4c041efafdf7913f4190627babdef03f3354fd96bc20b0bf743e034a3d0068bf4bedc76eee31f03f2ec8d2a29e2b8abf1506bcac065aec3f9474946275622e,COMPLETE
114,114,140.0,2026-05-12 19:17:16.308293,2026-05-12 19:17:16.537979,0 days 00:00:00.229686,-24.092590185529062,54.07114083013768,51.77833891009787,41.54628980110891,18.542461275711016,67.74656912497356,-42.61788588696053,71.28020455900133,81.00708900778501,74.21188237676569,31.621455851568605,41.33169429033243,Unfeasible shape,7.0,,,,,,PRUNED
115,115,42.00802185130331,2026-05-12 19:17:16.681012,2026-05-12 19:17:30.907951,0 days 00:00:14.226939,-40.18035135115292,57.6942212991727,29.950793558438722,62.11346618984425,43.70087422255351,48.90329678091223,-52.37936248659687,86.81374284392186,81.59440233590365,73.58618885693674,24.516754836619434,23.99033826335628,,7.0,,,,,,COMPLETE
116,116,140.0,2026-05-12 19:17:32.224640,2026-05-12 19:17:32.457910,0 days 00:00:00.233270,-30.131894929101065,72.11926659289603,46.67305810471311,60.54023975540599,33.78318324052072,48.167830013474024,-51.65135079855675,57.92142655400919,89.723728973899,61.593448270914664,33.35207947815245,43.883971455864135,Unfeasible shape,7.0,,,,,,PRUNED
117,117,42.07384666708579,2026-05-12 19:17:32.610785,2026-05-12 19:17:46.656520,0 days 00:00:14.045735,-34.596617403263686,70.78870837932729,32.72350584880465,75.9877213575138,18.89733821805326,52.3003891142321,-53.22801670158442,70.642483765451,54.80172382832906,71.06579067051774,32.83668673046306,32.16160826655131,,7.0,,,,,,COMPLETE
118,118,140.0,2026-05-12 19:17:47.982068,2026-05-12 19:17:48.190996,0 days 00:00:00.208928,-28.500100806001626,56.057467474193686,70.6653555228834,58.29944519118072,28.31371509279976,47.03598845567758,-47.386417247194665,75.59261527209708,62.86662599044713,91.58224939841925,40.023682862964414,32.705374362350895,Unfeasible shape,7.0,,,,,,PRUNED
119,119,43.479099337758896,2026-05-12 19:17:48.330954,2026-05-12 19:18:02.280760,0 days 00:00:13.949806,-31.665942753517932,53.561127206410966,45.44119928249821,68.47436083708826,31.204740150965236,37.66773082654056,-43.83637607736149,73.87003007083376,68.40120928519627,60.05299987498784,30.27515401267686,10.155326646873055,,7.0,,,,,,COMPLETE
120,120,41.82172267936437,2026-05-12 19:18:03.578300,2026-05-12 19:18:18.082561,0 days 00:00:14.504261,-33.678871114792535,38.392932649728955,47.735045554751956,64.96134087307465,32.94141153023891,61.63734909544508,-40.19330203189921,74.05596766396613,62.74061065466475,90.90926424117616,18.703116381177384,24.700015758837495,,7.0,,,,,,COMPLETE
121,121,42.11137396425002,2026-05-12 19:18:19.528284,2026-05-12 19:18:33.833812,0 days 00:00:14.305528,-32.66214834444149,65.39453635216617,49.6216631337064,55.27004056289272,14.095030017852967,54.95372769135406,-48.30399588738671,73.2318256757698,50.479618703237264,52.938738826906814,23.46988291036942,35.28692674628108,,7.0,,,,,,COMPLETE
122,122,140.0,2026-05-12 19:18:35.132694,2026-05-12 19:18:35.401319,0 days 00:00:00.268625,-28.886134355249432,49.31083595801914,43.59669299228226,48.569954502142785,49.6920744576268,53.266745391277745,-53.32576365276297,76.60772096929732,51.92942690294509,76.02932392513215,23.89904691193938,27.044140826575763,Unfeasible shape,7.0,,,,,,PRUNED
123,123,44.936839371477745,2026-05-12 19:18:35.551864,2026-05-12 19:18:49.257098,0 days 00:00:13.705234,-44.21641109273175,65.80025564573336,66.58210989205438,62.47463085207695,30.440501761073957,33.85881354939223,-46.51192946120863,66.23722562812145,62.80244120836147,59.076445207142534,17.165388962943442,37.422301006843064,,7.0,,,,,,COMPLETE
124,124,42.749226073699035,2026-05-12 19:18:50.655611,2026-05-12 19:19:04.755235,0 days 00:00:14.099624,-42.786833490992095,70.61301026751163,51.435186066311196,60.59371411597446,23.238744300272,44.0831241166903,-33.48015469214377,78.60354785208429,70.22370967463249,64.37833854222998,8.900305924276255,32.366799366213336,,7.0,,,,,,COMPLETE
125,125,42.14369903609176,2026-05-12 19:19:06.157698,2026-05-12 19:19:20.670490,0 days 00:00:14.512792,-36.48043329537023,59.177087520495235,49.84475279510345,48.16157183269029,24.886045049031775,41.196791909183645,-55.94565964801785,61.50120610497224,85.96165427769004,50.591833261216806,26.61553576838667,29.777869874013835,,7.0,,,,,,COMPLETE
126,126,140.0,2026-05-12 19:19:21.964091,2026-05-12 19:19:22.207150,0 days 00:00:00.243059,-36.67249037056146,52.83889899541489,53.8433156217096,59.019773656687406,17.335202591657033,59.810334127177164,-43.685043511745846,70.24186654714897,71.23776574517707,90.04506372932191,36.92405441825759,23.23720817494615,Unfeasible shape,7.0,,,,,,PRUNED
127,127,42.02132750972352,2026-05-12 19:19:22.357142,2026-05-12 19:19:39.465663,0 days 00:00:17.108521,-23.488060412573837,57.43939826031578,47.484649645186714,46.25507443157903,24.151223399933798,46.4510758180065,-39.127713932958535,85.1727053815437,64.73770304111162,66.75524176007997,17.18698523631714,24.923891947993567,,7.0,,,,,,COMPLETE
128,128,42.243324473284446,2026-05-12 19:19:40.806438,2026-05-12 19:19:57.368839,0 days 00:00:16.562401,-29.437592974376557,60.8682828949124,36.861202220109746,45.23991579434491,30.507474169773346,32.70277745409141,-37.94272687653246,61.94622333543486,75.8286945485976,56.426614517199276,25.94997430069034,26.2684403411297,,7.0,,,,,,COMPLETE
