,number,value,datetime_start,datetime_complete,duration,params_highPt.rA2,params_highPt.rL1,params_highPt.rL2,params_highPt.rL3,params_highPt.x2,params_highPt.y2,params_lowPt.rA2,params_lowPt.rL1,params_lowPt.rL2,params_lowPt.rL3,params_lowPt.x2,params_lowPt.y2,user_attrs_prune,system_attrs_cma:generation,system_attrs_cma:optimizer:0,system_attrs_cma:optimizer:1,system_attrs_cma:optimizer:2,system_attrs_cma:optimizer:3,system_attrs_cma:optimizer:4,state
523,523,44.936839457981236,2026-05-12 20:33:52.084279,2026-05-12 20:34:09.156445,0 days 00:00:17.072166,-29.992818096312703,42.36885161453185,30.918999884230317,53.474947197795935,58.144327327735816,73.08835088522463,-29.76433689968065,56.66864082123523,44.837174984447266,89.89363217785719,29.88957511561041,5.331804578132307,,30.0,800495a6100000000000008c0a636d6165732e5f636d61948c03434d419493942981947d94288c065f6e5f64696d944b0c8c085f706f7073697a65944b0b8c035f6d75944b058c075f6d755f656666948c166e756d70792e5f636f72652e6d756c74696172726179948c067363616c61729493948c056e756d7079948c0564747970659493948c02663894898887945294284b038c013c944e4e4e4affffffff4affffffff4b007494624308e9e8100774510b4094869452948c035f636394680b681143083e6c7d43b18cd03f94869452948c035f633194680b681143089fc67c4e93b7863f94869452948c045f636d7594680b68114308b90fbeb98d89913f94869452948c085f635f7369676d6194680b681143088289198da8f9d03f94869452948c085f645f7369676d6194680b68114308606246236a3ef43f94869452948c035f636d944b018c065f6368695f6e9447400b25064571943c8c085f776569676874739468098c0c5f7265636f6e737472756374949394680c8c076e6461727261799493944b0085944301629487945294284b014b0b8594680e8c02663894898887945294284b0368124e4e4e4affffffff4affffffff4b00749462894358538e214ba67ddb3f2c5e47761ddbd03f4c60b4a91145c53f18b8b48552e2b83f8daa7d42f660a63f00000000000000009bd0b4761a8dc0bf5806fa0273e3cebff539783e76c4d5bfddd50bc2786cdbbf0820f98e2d45e0bf947494628c085f705f7369676d6194682f68314b008594683387945294284b014b0c85946811894360e0d947f29bfaca3f3a4519c2e09ad5bf88bf9d5a7cf5c13f20a1a35c8918f43fa27193519519ddbf96ba56060ab9ee3f0d8112715894f03f10b1b0b28bebc23fa75da89f0137e1bf7200a72b6759db3f52195a58f517cdbf19e9a2163533e9bf947494628c035f706394682f68314b008594683387945294284b014b0c85946811894360baa674dd6bf2c53f425ea811a6ebd8bfa00001446a36973fc47b04288f2af03f405b4a02c562d3bfee94aaa9fd42ef3f2f9c60711908f03f409913debfcca83fe2a42ac5b734dfbfc027f7143a86df3f3327bd1e05d8d8bfbe600f29c747e4bf947494628c055f6d65616e94682f68314b008594683387945294284b014b0c859468398943606048775fbc39e83f8a072243edc8d93f7cad1d262a0ec43f508b45e77007e03f8fd978869456e93fcebf410e0c8fee3f162753e7f8d0ec3f0021d4129e96e13f8cd2e308a4a3da3ff166d381e9aaea3fa0f86462d61cd53f4be70d70472cbe3f947494628c065f7369676d6194680b681143080ab4fde9633ead3f94869452948c025f44944e8c025f42944e8c075f626f756e647394682f68314b008594683387945294284b014b0c4b02869468398943c00,000000000000000000000000000f03f0000000000000000000000000000f03f0000000000000000000000000000f03f0000000000000000000000000000f03f0000000000000000000000000000f03f0000000000000000000000000000f03f0000000000000000000000000000f03f0000000000000000000000000000f03f0000000000000000000000000000f03f0000000000000000000000000000f03f0000000000000000000000000000f03f0000000000000000000000000000f03f947494628c115f6e5f6d61785f726573616d706c696e67944b788c025f67944b1e8c095f6c725f616461707494898c065f616c70686194473ff66666666666668c0a5f626574615f6d65616e94473fb999999999999a8c0b5f626574615f5369676d6194473f9eb851eb851eb88c065f67616d6d6194473fb999999999999a8c065f456d65616e94682f68314b008594683387945294284b014b0c4b0186946839894360000000000000000000000000000000000000000000000000000000000000000000000000000000000000000000000000000000000000000000000000000000000000000000000000000000000000000000000000000000000000000000000000947494628c075f455369676d6194682f68314b008594683387945294284b014b904b018694683989428004000000000000000000000000000000000000000000000000000000000000000000000000000000000000000000000000000000000000000000000000000000000000000000000000000000000000000000000000000000000000000000000000000000000000000000000000000000000000000000000000000000000000000000000000000000000000000000000000000000000000000000000000000000000000000000000000000000000000000000000000000000000000000000000000000000000000000000000000000000000000000000000000000000000000000000000000000000000000000000000000000000000000000000000000000000000000000000000000000000000000000000000000000000000000000000000000000000000000000000000000000000000000000000000000000000000000000000000000000000000000000000000000000000000000000000000000000000000000000000000000000000000000000000000000000000000000000000000000000000000000000000000000000000000000000000000000000000000000000000000000000000000000000000000000000000000000000000000000000000000000000000000000000000000000000000000000000000000000000000000000000000000000000000000000000000000000000000000000000000000000000000000000000000000000000000000000,0000000000000000000000000000000000000000000000000000000000000000000000000000000000000000000000000000000000000000000000000000000000000000000000000000000000000000000000000000000000000000000000000000000000000000000000000000000000000000000000000000000000000000000000000000000000000000000000000000000000000000000000000000000000000000000000000000000000000000000000000000000000000000000000000000000000000000000000000000000000000000000000000000000000000000000000000000000000000000000000000000000000000000000000000000000000000000000000000000000000000000000000000000000000000000000000000000000000000000000000000000000000000000000000000000000000000000000000000000000000000000000000000000000000000000000000000000000000000000000000000000000000000000000000000000000000000000000000000000000000000000000000000000000000000000000000000000000000000000000000000000000000000000000000000000000000000000000000000000000000000000000000000000000000000000000000000000000000000000000000000000000000000000000000000000000000000000000000000000000000000000000000000000000000000000000000000000000000000000000000000000000000000000000000000000000000000000000000000000000000000000000000000000000000000000000000000000000000000000000000000000000000000000000000000000000000000000000000000000947494628c065f566d65616e944700000000000000008c075f565369676d61944700000000000000008c095f6574615f6d65616e94473ff00000000000008c0a5f6574615f5369676d6194473ff00000000000008c055f746f6c7894680b6811430816383daccc74473d94869452948c075f746f6c787570944740c38800000000008c075f746f6c66756e94473d719799812dea118c105f746f6c636f6e646974696f6e636f76944742d6bcc41e9000008c0d5f66756e686973745f7465726d944b2b8c0f5f66756e686973745f76616c75657394682f68314b008594683387945294284b014b56859468398942b0020000010000000000000060dc6f62fd7f000086f09eed6c324540cc84085bea774640bcaa809ce0d44440707510f8e58c4640f60157ab10044540eefa3f03e01e4640b2a08e4a68d54440e2e86af73b90454086155937a6ed44402246245bea7746400025072e5ec64440728cee09aee745407e5b77c2bde64440d8748de672444640302071352ee94440120d3f5aea7746408a55a55975d1444094468,acb223f4540846eb32b3bdb4440441913d44c6d4540903b9df2129c4440b8392c10f5454540dc125e4bd99d444058faff5aea774640cc9e3a029ab144408ee69595cf854540862ffb18bfa04440109d6e5dfea84540e261f0a0e2a4444068f26b22ca014540be98333e2bab4440ec10990389f1444086a3031cc7a44440c42f775c9df245405cb1856eeca24440c8b3beadc1f94540d2a6567059b144405c761e35d20c4540986fa557c5a24440d480f82a3ee14440e2b901e0848a4440b09fe848b1ff4440b6c7877bb0924440061fe1894ffa4440904fba85898c4440eed16240cbde4440ee93b5b888974440f4e2145cea77464090b84ec7b0954440aa3f135bea7746404c40497381824440ba2ef35aea774640c2d8bbc6ca824440ca6bcb5bea774640181fd92d5b8c4440e8bd4e5bea7746402eb779ab4a8d4440588ba25bea77464082ea3a26b08f44404859317546af44402d2d2d2d2d2d2d0a20202020202020206f75743a206e6461727261790a2020202020202020202020204d65616e206f662061204469726963686c6574206d756c74696e6f6d69616c20646973747269627574696f6e2e0a0a2020202020202020e08c5b86d0010000a0955b86d001000030846086d001000050b05b86d001000040176086d0010000b0846086d001000030856086d001000060895b86d0010000b0856086d001000030866086d0010000d09e5b86d0010000b0006086d0010000947494628c055f635f316494682f68314b008594683387945294284b014b4e859468118942700200007cbe9e8dda87ec3f52254e5fe81aa03faea0706f79c29c3f3e270db8c423a1bf95349b1e48e9afbfe22888b9e41dbdbfbabbf3770c05c63fa9969417c46eb33fae9a28d18f13753f5b57d41706b08fbfd6b64a3a054fa83f8c2182740633a6bfb70c3653f4e7e83fb434fc938dbea33f7b006d1039c67bbf3689d108a15181bfbbf0d09c84a8b8bf70cc208b948cacbf9dfa740e56c078bffd9674db0026a63f394999060807833f30a81747840eb23f7b3194a01074ad3f57e62894e16ee83f9dd9d798b4b4babf7969089ac888c9bf5727c6e9b5d6973faeec325afac6c4bf1082aff58afbba3fa8f317cecbef903f28d297b2aba59cbf2cf494d187a1903f8f845754ff25b03fd10b87281994e33f36ed14b3296ac1bfd3e738ce98dcbe3f4a4c0d2b39e69a3f0890ddf743d4a7bfce9904dbfffda0bff3d2c24ae4d8a7bf207208c499c1a8bf880c601a818eb4bf799e29edb96de63fa6557b9a7615b73f5832ba2552b3c23f9ef0fe47421fa5bf40c2fc367006b2bfed1e07fa1518c43fe46ecc43973da43faf0ae2cd5602b3bf9d2605f970f4e83fdd638fc3e5ea66bf904ed7407c718e3fcdc89a1d0729b83f52f08d16d581c33ffc20336bb5b0b4bf,b0b63963d79fbabf0e4df93a3a4cf23ffff7ed6a4613c1bf011069264640c9bf879050223277c13f1d018d768ff9b53ffcfe7f91e53bb03f0552048bf5b1e73f3428247f030fb53fec68e346eb26833feaf996dba845bdbf7a8e1fa2b273bb3f5fbe97619434ee3fd9c90f4ac8eab8bfd0ca1bff95f5bdbfb0c6cfb63386b33fe611ad690eaaee3f1f2e59fc2165a8bf6a0287ae65e3cdbfa43cdeb2c6c6eb3f089ec3533897a0bf9847fe08a9e5e83f9474946275622e,COMPLETE
524,524,140.0,2026-05-12 20:34:10.705354,2026-05-12 20:34:10.941418,0 days 00:00:00.236064,-26.319715669431325,37.30187254943533,26.7499432392587,58.364655630388135,60.568193424231204,72.43907140646824,-22.898606228435575,55.0201916895852,48.11610688268739,83.11625633685405,24.009905201554645,5.817231726730453,Unfeasible shape,30.0,,,,,,PRUNED
525,525,41.056954681460866,2026-05-12 20:34:11.131511,2026-05-12 20:34:28.761711,0 days 00:00:17.630200,-30.6349779093768,41.79032169901274,24.818711955860785,55.12708184469282,59.945716133074335,74.30843924803838,-21.417570465510494,63.88348643606328,48.315428079637186,83.25578685509333,26.180737488796936,10.472724363563332,,30.0,,,,,,COMPLETE
526,526,41.23330034013398,2026-05-12 20:34:30.323235,2026-05-12 20:34:45.229802,0 days 00:00:14.906567,-36.97027661367201,49.03897358488858,28.12962066438179,52.646092611650886,55.63538575096138,74.27230130480416,-27.49575059944148,62.49298213162497,55.07315980889574,83.39896044414046,29.212373390150056,12.656686648069519,,30.0,,,,,,COMPLETE
527,527,41.0616729681382,2026-05-12 20:34:46.736319,2026-05-12 20:35:03.747499,0 days 00:00:17.011180,-31.022751539028413,38.88372455760557,28.47759057969567,54.916468210771406,56.628897720239955,71.80170018193336,-34.09417362788647,59.96304491238478,52.640842096662865,84.28486679148955,17.724340963065682,10.486415813320855,,30.0,,,,,,COMPLETE
528,528,140.0,2026-05-12 20:35:05.223483,2026-05-12 20:35:05.451518,0 days 00:00:00.228035,-35.22748444605259,58.7324132381368,27.36079580643417,51.94482335075786,65.3717444381469,71.45014679640279,-27.793878520125496,56.99501128470407,41.846922086119505,89.47079553984125,24.01930265892131,7.059420732972705,Unfeasible shape,30.0,,,,,,PRUNED
529,529,140.0,2026-05-12 20:35:05.674612,2026-05-12 20:35:05.959959,0 days 00:00:00.285347,-35.41622934983593,41.59772891037639,29.93816476647413,53.12532485930234,58.93962544512525,70.0852214190139,-23.903968693534104,63.23989052508267,42.62190463353894,91.3789999369981,29.8371409212066,6.959252846760115,Unfeasible shape,30.0,,,,,,PRUNED
530,530,41.38078524599155,2026-05-12 20:35:06.144554,2026-05-12 20:35:20.712740,0 days 00:00:14.568186,-38.753983652935304,52.64343432103322,23.68299851437169,52.21370693327917,56.5488017323926,73.420725791762,-31.24732549593351,59.119404833014855,41.43226047520095,86.00271769490733,29.35426683793701,8.891195159613105,,30.0,,,,,,COMPLETE
531,531,41.20962471267045,2026-05-12 20:35:22.163940,2026-05-12 20:35:37.504005,0 days 00:00:15.340065,-34.14547503031384,56.23741965489412,17.5503604416632,58.65419419026226,62.30386854826315,70.64054467803783,-21.561124332075032,59.54474185663545,48.33538142945524,85.04761855874494,29.08202078516957,12.35842691954076,,30.0,,,,,,COMPLETE
532,532,41.09031250170129,2026-05-12 20:35:39.108208,2026-05-12 20:35:57.451324,0 days 00:00:18.343116,-36.746264768179195,48.93122636780134,22.245859089727475,55.89442229900419,63.2764185950921,70.22247447507465,-21.633415416867685,63.55836614756287,35.34580371849313,94.10317089801542,27.150996936707294,9.211175586554726,,30.0,,,,,,COMPLETE
533,533,41.40579132824786,2026-05-12 20:35:58.935508,2026-05-12 20:36:15.642181,0 days 00:00:16.706673,-36.50876951729838,50.175433150943,31.058822377230598,62.57250048695983,51.44115752780889,73.3104367083428,-28.471173883943614,59.87391371021721,43.44119533591878,78.80240293249585,24.57279799375388,10.023632384609451,,30.0,,,,,,COMPLETE
534,534,41.32452916923296,2026-05-12 20:36:17.096958,2026-05-12 20:36:32.403251,0 days 00:00:15.306293,-26.87394505604827,46.68100901903393,20.30026486862198,62.11322856972611,61.58197206655948,64.67635889175938,-27.92518539208306,71.34773502446757,52.50256757343912,85.23134945318455,26.83043850015527,2.870204701848155,,30.0,,,,,,COMPLETE
535,535,41.24169940917362,2026-05-12 20:36:33.876223,2026-05-12 20:36:50.674072,0 days 00:00:16.797849,-32.54641110173435,48.98317594735545,20.104993797702697,57.885100360697464,58.70393386189292,71.62494461764338,-21.5183615743503,58.92719729678829,43.612646780497556,93.14528285966577,27.311800524154947,8.746279870593774,,30.0,,,,,,COMPLETE
536,536,44.93683955219366,2026-05-12 20:36:52.084647,2026-05-12 20:37:08.007828,0 days 00:00:15.923181,-34.67727186894281,48.79890177157552,31.211485041465597,61.825210640806574,47.88812297185914,66.98218040291384,-31.095100415108703,53.57150756010722,53.189831996161395,76.27650243317414,22.60796758476774,13.813733831278482,,30.0,,,,,,COMPLETE
