,number,value,datetime_start,datetime_complete,duration,params_highPt.rA2,params_highPt.rL1,params_highPt.rL2,params_highPt.rL3,params_highPt.x2,params_highPt.y2,params_lowPt.rA2,params_lowPt.rL1,params_lowPt.rL2,params_lowPt.rL3,params_lowPt.x2,params_lowPt.y2,user_attrs_prune,system_attrs_cma:generation,system_attrs_cma:optimizer:0,system_attrs_cma:optimizer:1,system_attrs_cma:optimizer:2,system_attrs_cma:optimizer:3,system_attrs_cma:optimizer:4,state
414,414,41.42364736802199,2026-05-12 20:15:49.725483,2026-05-12 20:16:09.085840,0 days 00:00:19.360357,-31.05409853071928,40.794647618178665,20.536552945585644,43.040981209814376,61.91160129670286,72.50853078661251,-28.981562989607582,59.1737133896777,67.04411423402121,79.53197916961302,15.419929534304522,23.504332331003592,,24.0,,,,,,COMPLETE
415,415,41.16945735305592,2026-05-12 20:16:10.700160,2026-05-12 20:16:25.565612,0 days 00:00:14.865452,-39.80268503486373,49.28373921407314,23.116996512690722,47.61055082252333,63.32168583439209,62.898617576554386,-24.14168690893868,59.08255371780076,47.16642982144598,81.4477816618156,31.47640949171663,16.384746501096313,,24.0,,,,,,COMPLETE
416,416,41.62462024804529,2026-05-12 20:16:27.025570,2026-05-12 20:16:41.731797,0 days 00:00:14.706227,-40.445081511939684,50.85746252399585,15.244932884821703,46.02972889697696,62.064741641523646,67.34265597167544,-24.239711492066093,63.14330494532465,45.438906397766786,74.13252887138356,21.967600507984656,22.899558168757338,,24.0,,,,,,COMPLETE
417,417,44.93683936681164,2026-05-12 20:16:43.151905,2026-05-12 20:17:03.841958,0 days 00:00:20.690053,-36.90985168861902,43.7795991512271,18.5704242811028,43.77702382525764,67.85714342780233,60.6352616367635,-32.64524763233886,55.28776949259394,67.48647543086527,76.2247346424729,17.056966349853745,20.883371509098836,,24.0,,,,,,COMPLETE
418,418,140.0,2026-05-12 20:17:05.473060,2026-05-12 20:17:05.735570,0 days 00:00:00.262510,-34.33396147028937,48.861885053480655,23.894559258952718,46.15082877979068,61.372454507357205,67.89462610818448,-24.104842635216947,55.755754855804575,60.68702200777303,90.13953508940135,28.700387763970582,10.181823364447107,Unfeasible shape,25.0,800495a6100000000000008c0a636d6165732e5f636d61948c03434d419493942981947d94288c065f6e5f64696d944b0c8c085f706f7073697a65944b0b8c035f6d75944b058c075f6d755f656666948c166e756d70792e5f636f72652e6d756c74696172726179948c067363616c61729493948c056e756d7079948c0564747970659493948c02663894898887945294284b038c013c944e4e4e4affffffff4affffffff4b007494624308e9e8100774510b4094869452948c035f636394680b681143083e6c7d43b18cd03f94869452948c035f633194680b681143089fc67c4e93b7863f94869452948c045f636d7594680b68114308b90fbeb98d89913f94869452948c085f635f7369676d6194680b681143088289198da8f9d03f94869452948c085f645f7369676d6194680b68114308606246236a3ef43f94869452948c035f636d944b018c065f6368695f6e9447400b25064571943c8c085f776569676874739468098c0c5f7265636f6e737472756374949394680c8c076e6461727261799493944b0085944301629487945294284b014b0b8594680e8c02663894898887945294284b0368124e4e4e4affffffff4affffffff4b00749462894358538e214ba67ddb3f2c5e47761ddbd03f4c60b4a91145c53f18b8b48552e2b83f8daa7d42f660a63f00000000000000009bd0b4761a8dc0bf5806fa0273e3cebff539783e76c4d5bfddd50bc2786cdbbf0820f98e2d45e0bf947494628c085f705f7369676d6194682f68314b008594683387945294284b014b0c8594681189436086963793b414eb3f7c3d0cbc774ec0bf20ae9d47f8afc1bfbafbf60882fde1bf008953a3a2f2913f06627215f0b3d9bf9ba2d9758b16e83f6d7a45b5bfcbc8bfa3f6072e19b6eebfc860271fd7f8c83f256af7f85195f73ff492e9c5984ce0bf947494628c035f706394682f68314b008594683387945294284b014b0c859468118943606c83685d80a1e83fa8be32ac7905babf985e50c160c6a3bf425a2cd755e5dfbf74ffb276995bb93f3af3584eefcedcbf8ac2530254a7ed3f94869fcd140bcfbff37a0aa73fbdeebfb04041844355bf3f7eede20f0de3f53ff3b94a744365d3bf947494628c055f6d65616e94682f68314b008594683387945294284b014b0c85946839894360d1bfa9c94bb7e73f3d806cde6271da3f5d1f0f13efffc13f23c7f4151824db3fecc3931a1be8e93fcbc2ef812671ec3fd224b968162fec3f2f733b442fbae13f0dc59cafd8a8dd3f921a4dfe8d06e93f462482dbcc58d63f528ed18cb3cecb3f947494628c065f7369676d6194680b681143082d3681ba00aaaf3f94869452948c025f44944e8c025f42944e8c075f626f756e647394682f68314b008594683387945294284b014b0c4b02869468398943c00,000000000000000000000000000f03f0000000000000000000000000000f03f0000000000000000000000000000f03f0000000000000000000000000000f03f0000000000000000000000000000f03f0000000000000000000000000000f03f0000000000000000000000000000f03f0000000000000000000000000000f03f0000000000000000000000000000f03f0000000000000000000000000000f03f0000000000000000000000000000f03f0000000000000000000000000000f03f947494628c115f6e5f6d61785f726573616d706c696e67944b788c025f67944b198c095f6c725f616461707494898c065f616c70686194473ff66666666666668c0a5f626574615f6d65616e94473fb999999999999a8c0b5f626574615f5369676d6194473f9eb851eb851eb88c065f67616d6d6194473fb999999999999a8c065f456d65616e94682f68314b008594683387945294284b014b0c4b0186946839894360000000000000000000000000000000000000000000000000000000000000000000000000000000000000000000000000000000000000000000000000000000000000000000000000000000000000000000000000000000000000000000000000947494628c075f455369676d6194682f68314b008594683387945294284b014b904b018694683989428004000000000000000000000000000000000000000000000000000000000000000000000000000000000000000000000000000000000000000000000000000000000000000000000000000000000000000000000000000000000000000000000000000000000000000000000000000000000000000000000000000000000000000000000000000000000000000000000000000000000000000000000000000000000000000000000000000000000000000000000000000000000000000000000000000000000000000000000000000000000000000000000000000000000000000000000000000000000000000000000000000000000000000000000000000000000000000000000000000000000000000000000000000000000000000000000000000000000000000000000000000000000000000000000000000000000000000000000000000000000000000000000000000000000000000000000000000000000000000000000000000000000000000000000000000000000000000000000000000000000000000000000000000000000000000000000000000000000000000000000000000000000000000000000000000000000000000000000000000000000000000000000000000000000000000000000000000000000000000000000000000000000000000000000000000000000000000000000000000000000000000000000000000000000000000000000000,0000000000000000000000000000000000000000000000000000000000000000000000000000000000000000000000000000000000000000000000000000000000000000000000000000000000000000000000000000000000000000000000000000000000000000000000000000000000000000000000000000000000000000000000000000000000000000000000000000000000000000000000000000000000000000000000000000000000000000000000000000000000000000000000000000000000000000000000000000000000000000000000000000000000000000000000000000000000000000000000000000000000000000000000000000000000000000000000000000000000000000000000000000000000000000000000000000000000000000000000000000000000000000000000000000000000000000000000000000000000000000000000000000000000000000000000000000000000000000000000000000000000000000000000000000000000000000000000000000000000000000000000000000000000000000000000000000000000000000000000000000000000000000000000000000000000000000000000000000000000000000000000000000000000000000000000000000000000000000000000000000000000000000000000000000000000000000000000000000000000000000000000000000000000000000000000000000000000000000000000000000000000000000000000000000000000000000000000000000000000000000000000000000000000000000000000000000000000000000000000000000000000000000000000000000000000000000000000000000947494628c065f566d65616e944700000000000000008c075f565369676d61944700000000000000008c095f6574615f6d65616e94473ff00000000000008c0a5f6574615f5369676d6194473ff00000000000008c055f746f6c7894680b6811430816383daccc74473d94869452948c075f746f6c787570944740c38800000000008c075f746f6c66756e94473d719799812dea118c105f746f6c636f6e646974696f6e636f76944742d6bcc41e9000008c0d5f66756e686973745f7465726d944b2b8c0f5f66756e686973745f76616c75657394682f68314b008594683387945294284b014b56859468398942b0020000010000000000000060dc6f62fd7f000086f09eed6c324540cc84085bea774640bcaa809ce0d44440707510f8e58c4640f60157ab10044540eefa3f03e01e4640b2a08e4a68d54440e2e86af73b90454086155937a6ed44402246245bea7746400025072e5ec64440728cee09aee745407e5b77c2bde64440d8748de672444640302071352ee94440120d3f5aea7746408a55a55975d1444094468,acb223f4540846eb32b3bdb4440441913d44c6d4540903b9df2129c4440b8392c10f5454540dc125e4bd99d444058faff5aea774640cc9e3a029ab144408ee69595cf854540862ffb18bfa04440109d6e5dfea84540e261f0a0e2a4444068f26b22ca014540be98333e2bab4440ec10990389f1444086a3031cc7a44440c42f775c9df245405cb1856eeca24440c8b3beadc1f94540d2a6567059b144405c761e35d20c4540986fa557c5a24440d480f82a3ee14440e2b901e0848a4440b09fe848b1ff4440b6c7877bb0924440061fe1894ffa4440904fba85898c4440eed16240cbde4440ee93b5b888974440f4e2145cea77464090b84ec7b0954440aa3f135bea774640616c732e204561636820656c656d656e74206d7573742062652061207374726963746c7920706f73697469766520696e74656765722e0a0a202020202020202052657475726e730a20202020202020202d2d2d2d2d2d2d0a20202020202020206f75743a206e6461727261790a2020202020202020202020204d65616e206f662061204469726963686c6574206d756c74696e6f6d69616c20646973747269627574696f6e2e0a0a2020202020202020e08c5b86d0010000a0955b86d001000030846086d001000050b05b86d001000040176086d0010000b0846086d001000030856086d001000060895b86d0010000b0856086d001000030866086d0010000d09e5b86d0010000b0006086d0010000947494628c055f635f316494682f68314b008594683387945294284b014b4e859468118942700200005f4fba236c60ec3fec8e72d788949a3fbbf0b116a8ddb73f67ea6bcc08a1a3bffdc2b9b44a70b8bf9a6be25a637ebbbf40cf74bb4cd8c23f84edccaff394c13f76e38772ca26a03f61912e88a8f0a8bfc27f51fa1aa8a0bf18396243de5d98bf4ad6b7430876eb3f95c8edd34a2aa33fdcada10070b98c3f54e8bf7d6a806ebf5a4aa676f8d8b4bfcd6e330aa4f2b3bf13e4222dfa92a43f505ddcaaa9c3583f8daa4fb5d2af96bf13a26c5d92dfad3fc21726f67aafb23fe7190c3df964e83f56cdd42a5f45bebfe5501bda28ddc8bfbdffed61d95a873f8b795a446e0bbcbf85f70e2774b7b73fb0ed69e6355b653ffc405855c9ed86bfd907cad31381953f993dc2dc56faa53f6e2d5c123520e43ff64a5e076424bcbf38784d182c2db23ffdc0456470c9a9bfe78bd206f708a1bf28a87aaaf9f1673f7fbfb1379f93b8bf737eed8eab07b3bf6d68ecfee12a9fbf888819ce0285e83f0662f4d87a30c03f6b7725ff1664c03f9eb08af5643678bfb64d2775f636b3bfe707373aaf79c53f68cea07ebae572bf142e1842b781b5bf9a828a12ca1be93f5c20b8beece298bfec8466a3913892bf92f9218a4946b13f42817d087b61c83f1fd900558ed0c1bf,c51733294d08c2bf09bef2b16d70f13f7ad8d34e57b6c2bf7ae5492f6b48bfbff5379b06df72b23f745d81794037bb3f6bfc36e2234fb13f644161c57d82ea3f1b5c933b499f9f3fb1d819d73fe0973fe095f1af6c16b9bfaa54756feb2bb03fec840e027466ed3fd6f69ecdbb39b2bfb0018255703f97bfbce76fcd5596793f447ce51e7b8def3f34006f1f6469c4bf69d57a63c208c9bf3f926822cf73ee3f321238f14203b63f1586626b2859e63f9474946275622e,PRUNED
419,419,41.04147408227861,2026-05-12 20:17:05.916220,2026-05-12 20:17:22.716261,0 days 00:00:16.800041,-31.273398882081885,51.13701058212587,29.72675749758373,45.10620320791587,57.98284422846281,68.10982555841456,-27.179213391646186,62.666123796145044,52.59888640462034,87.6822360020764,23.336734806484827,14.848890552375462,,25.0,800495a6100000000000008c0a636d6165732e5f636d61948c03434d419493942981947d94288c065f6e5f64696d944b0c8c085f706f7073697a65944b0b8c035f6d75944b058c075f6d755f656666948c166e756d70792e5f636f72652e6d756c74696172726179948c067363616c61729493948c056e756d7079948c0564747970659493948c02663894898887945294284b038c013c944e4e4e4affffffff4affffffff4b007494624308e9e8100774510b4094869452948c035f636394680b681143083e6c7d43b18cd03f94869452948c035f633194680b681143089fc67c4e93b7863f94869452948c045f636d7594680b68114308b90fbeb98d89913f94869452948c085f635f7369676d6194680b681143088289198da8f9d03f94869452948c085f645f7369676d6194680b68114308606246236a3ef43f94869452948c035f636d944b018c065f6368695f6e9447400b25064571943c8c085f776569676874739468098c0c5f7265636f6e737472756374949394680c8c076e6461727261799493944b0085944301629487945294284b014b0b8594680e8c02663894898887945294284b0368124e4e4e4affffffff4affffffff4b00749462894358538e214ba67ddb3f2c5e47761ddbd03f4c60b4a91145c53f18b8b48552e2b83f8daa7d42f660a63f00000000000000009bd0b4761a8dc0bf5806fa0273e3cebff539783e76c4d5bfddd50bc2786cdbbf0820f98e2d45e0bf947494628c085f705f7369676d6194682f68314b008594683387945294284b014b0c8594681189436086963793b414eb3f7c3d0cbc774ec0bf20ae9d47f8afc1bfbafbf60882fde1bf008953a3a2f2913f06627215f0b3d9bf9ba2d9758b16e83f6d7a45b5bfcbc8bfa3f6072e19b6eebfc860271fd7f8c83f256af7f85195f73ff492e9c5984ce0bf947494628c035f706394682f68314b008594683387945294284b014b0c859468118943606c83685d80a1e83fa8be32ac7905babf985e50c160c6a3bf425a2cd755e5dfbf74ffb276995bb93f3af3584eefcedcbf8ac2530254a7ed3f94869fcd140bcfbff37a0aa73fbdeebfb04041844355bf3f7eede20f0de3f53ff3b94a744365d3bf947494628c055f6d65616e94682f68314b008594683387945294284b014b0c85946839894360d1bfa9c94bb7e73f3d806cde6271da3f5d1f0f13efffc13f23c7f4151824db3fecc3931a1be8e93fcbc2ef812671ec3fd224b968162fec3f2f733b442fbae13f0dc59cafd8a8dd3f921a4dfe8d06e93f462482dbcc58d63f528ed18cb3cecb3f947494628c065f7369676d6194680b681143082d3681ba00aaaf3f94869452948c025f44944e8c025f42944e8c075f626f756e647394682f68314b008594683387945294284b014b0c4b02869468398943c00,000000000000000000000000000f03f0000000000000000000000000000f03f0000000000000000000000000000f03f0000000000000000000000000000f03f0000000000000000000000000000f03f0000000000000000000000000000f03f0000000000000000000000000000f03f0000000000000000000000000000f03f0000000000000000000000000000f03f0000000000000000000000000000f03f0000000000000000000000000000f03f0000000000000000000000000000f03f947494628c115f6e5f6d61785f726573616d706c696e67944b788c025f67944b198c095f6c725f616461707494898c065f616c70686194473ff66666666666668c0a5f626574615f6d65616e94473fb999999999999a8c0b5f626574615f5369676d6194473f9eb851eb851eb88c065f67616d6d6194473fb999999999999a8c065f456d65616e94682f68314b008594683387945294284b014b0c4b0186946839894360000000000000000000000000000000000000000000000000000000000000000000000000000000000000000000000000000000000000000000000000000000000000000000000000000000000000000000000000000000000000000000000000947494628c075f455369676d6194682f68314b008594683387945294284b014b904b018694683989428004000000000000000000000000000000000000000000000000000000000000000000000000000000000000000000000000000000000000000000000000000000000000000000000000000000000000000000000000000000000000000000000000000000000000000000000000000000000000000000000000000000000000000000000000000000000000000000000000000000000000000000000000000000000000000000000000000000000000000000000000000000000000000000000000000000000000000000000000000000000000000000000000000000000000000000000000000000000000000000000000000000000000000000000000000000000000000000000000000000000000000000000000000000000000000000000000000000000000000000000000000000000000000000000000000000000000000000000000000000000000000000000000000000000000000000000000000000000000000000000000000000000000000000000000000000000000000000000000000000000000000000000000000000000000000000000000000000000000000000000000000000000000000000000000000000000000000000000000000000000000000000000000000000000000000000000000000000000000000000000000000000000000000000000000000000000000000000000000000000000000000000000000000000000000000000000000,0000000000000000000000000000000000000000000000000000000000000000000000000000000000000000000000000000000000000000000000000000000000000000000000000000000000000000000000000000000000000000000000000000000000000000000000000000000000000000000000000000000000000000000000000000000000000000000000000000000000000000000000000000000000000000000000000000000000000000000000000000000000000000000000000000000000000000000000000000000000000000000000000000000000000000000000000000000000000000000000000000000000000000000000000000000000000000000000000000000000000000000000000000000000000000000000000000000000000000000000000000000000000000000000000000000000000000000000000000000000000000000000000000000000000000000000000000000000000000000000000000000000000000000000000000000000000000000000000000000000000000000000000000000000000000000000000000000000000000000000000000000000000000000000000000000000000000000000000000000000000000000000000000000000000000000000000000000000000000000000000000000000000000000000000000000000000000000000000000000000000000000000000000000000000000000000000000000000000000000000000000000000000000000000000000000000000000000000000000000000000000000000000000000000000000000000000000000000000000000000000000000000000000000000000000000000000000000000000000947494628c065f566d65616e944700000000000000008c075f565369676d61944700000000000000008c095f6574615f6d65616e94473ff00000000000008c0a5f6574615f5369676d6194473ff00000000000008c055f746f6c7894680b6811430816383daccc74473d94869452948c075f746f6c787570944740c38800000000008c075f746f6c66756e94473d719799812dea118c105f746f6c636f6e646974696f6e636f76944742d6bcc41e9000008c0d5f66756e686973745f7465726d944b2b8c0f5f66756e686973745f76616c75657394682f68314b008594683387945294284b014b56859468398942b0020000010000000000000060dc6f62fd7f000086f09eed6c324540cc84085bea774640bcaa809ce0d44440707510f8e58c4640f60157ab10044540eefa3f03e01e4640b2a08e4a68d54440e2e86af73b90454086155937a6ed44402246245bea7746400025072e5ec64440728cee09aee745407e5b77c2bde64440d8748de672444640302071352ee94440120d3f5aea7746408a55a55975d1444094468,acb223f4540846eb32b3bdb4440441913d44c6d4540903b9df2129c4440b8392c10f5454540dc125e4bd99d444058faff5aea774640cc9e3a029ab144408ee69595cf854540862ffb18bfa04440109d6e5dfea84540e261f0a0e2a4444068f26b22ca014540be98333e2bab4440ec10990389f1444086a3031cc7a44440c42f775c9df245405cb1856eeca24440c8b3beadc1f94540d2a6567059b144405c761e35d20c4540986fa557c5a24440d480f82a3ee14440e2b901e0848a4440b09fe848b1ff4440b6c7877bb0924440061fe1894ffa4440904fba85898c4440eed16240cbde4440ee93b5b888974440f4e2145cea77464090b84ec7b0954440aa3f135bea774640616c732e204561636820656c656d656e74206d7573742062652061207374726963746c7920706f73697469766520696e74656765722e0a0a202020202020202052657475726e730a20202020202020202d2d2d2d2d2d2d0a20202020202020206f75743a206e6461727261790a2020202020202020202020204d65616e206f662061204469726963686c6574206d756c74696e6f6d69616c20646973747269627574696f6e2e0a0a2020202020202020e08c5b86d0010000a0955b86d001000030846086d001000050b05b86d001000040176086d0010000b0846086d001000030856086d001000060895b86d0010000b0856086d001000030866086d0010000d09e5b86d0010000b0006086d0010000947494628c055f635f316494682f68314b008594683387945294284b014b4e859468118942700200005f4fba236c60ec3fec8e72d788949a3fbbf0b116a8ddb73f67ea6bcc08a1a3bffdc2b9b44a70b8bf9a6be25a637ebbbf40cf74bb4cd8c23f84edccaff394c13f76e38772ca26a03f61912e88a8f0a8bfc27f51fa1aa8a0bf18396243de5d98bf4ad6b7430876eb3f95c8edd34a2aa33fdcada10070b98c3f54e8bf7d6a806ebf5a4aa676f8d8b4bfcd6e330aa4f2b3bf13e4222dfa92a43f505ddcaaa9c3583f8daa4fb5d2af96bf13a26c5d92dfad3fc21726f67aafb23fe7190c3df964e83f56cdd42a5f45bebfe5501bda28ddc8bfbdffed61d95a873f8b795a446e0bbcbf85f70e2774b7b73fb0ed69e6355b653ffc405855c9ed86bfd907cad31381953f993dc2dc56faa53f6e2d5c123520e43ff64a5e076424bcbf38784d182c2db23ffdc0456470c9a9bfe78bd206f708a1bf28a87aaaf9f1673f7fbfb1379f93b8bf737eed8eab07b3bf6d68ecfee12a9fbf888819ce0285e83f0662f4d87a30c03f6b7725ff1664c03f9eb08af5643678bfb64d2775f636b3bfe707373aaf79c53f68cea07ebae572bf142e1842b781b5bf9a828a12ca1be93f5c20b8beece298bfec8466a3913892bf92f9218a4946b13f42817d087b61c83f1fd900558ed0c1bf,c51733294d08c2bf09bef2b16d70f13f7ad8d34e57b6c2bf7ae5492f6b48bfbff5379b06df72b23f745d81794037bb3f6bfc36e2234fb13f644161c57d82ea3f1b5c933b499f9f3fb1d819d73fe0973fe095f1af6c16b9bfaa54756feb2bb03fec840e027466ed3fd6f69ecdbb39b2bfb0018255703f97bfbce76fcd5596793f447ce51e7b8def3f34006f1f6469c4bf69d57a63c208c9bf3f926822cf73ee3f321238f14203b63f1586626b2859e63f9474946275622e,COMPLETE
420,420,41.31596152587143,2026-05-12 20:17:24.179416,2026-05-12 20:17:42.035915,0 days 00:00:17.856499,-34.29816651761397,45.0102974648205,14.562139051196041,51.64365754345934,63.20166974196456,65.23694836470406,-32.850713357217195,68.03023605658079,61.45272520126884,69.85721282626656,22.92885622545464,20.746064610565703,,25.0,,,,,,COMPLETE
421,421,140.0,2026-05-12 20:17:43.591409,2026-05-12 20:17:43.863599,0 days 00:00:00.272190,-31.657469711208407,46.592526329096756,15.931829787567175,52.49003162437725,55.69073020213949,61.07169240453424,-26.233473669782498,60.484338077995176,49.42652956307941,79.76997772326948,28.76337736430522,14.57978293686493,Unfeasible shape,25.0,,,,,,PRUNED
422,422,140.0,2026-05-12 20:17:44.035488,2026-05-12 20:17:44.325403,0 days 00:00:00.289915,-42.36894578959329,43.28884476239981,21.667816744552656,45.221772011843505,69.52463736056062,67.52232184404028,-25.429160207541543,52.93491087426603,52.01997335351289,89.24240724135251,25.33261011204358,9.964665124068935,Unfeasible shape,25.0,,,,,,PRUNED
423,423,140.0,2026-05-12 20:17:44.509455,2026-05-12 20:17:44.814786,0 days 00:00:00.305331,-37.85574572850897,49.4523165633121,25.048049385813968,49.51141464784069,61.04841019620153,67.87344939439,-30.607394469456906,65.25625212671326,58.75991006376521,78.8054838001846,30.76806330003308,17.993643215687868,Unfeasible shape,25.0,,,,,,PRUNED
424,424,41.29000709103795,2026-05-12 20:17:44.988585,2026-05-12 20:18:02.451956,0 days 00:00:17.463371,-32.65343978169588,41.87133093652171,20.673413186318797,53.37220155014482,58.95093197510812,71.8021950480011,-28.20473384985369,66.33186165407936,52.457335935181526,76.07847726641947,23.875884263676895,15.133421635776386,,25.0,,,,,,COMPLETE
425,425,140.0,2026-05-12 20:18:04.014007,2026-05-12 20:18:04.295578,0 days 00:00:00.281571,-35.03407861169621,46.29745758645637,28.701375675215523,52.80193825932614,60.772113404375105,70.05306335975607,-31.540139926148242,69.42789149792013,52.13833240447302,80.62177961023689,22.03902526043821,16.514267429946504,Unfeasible shape,25.0,,,,,,PRUNED
