,number,value,datetime_start,datetime_complete,duration,params_highPt.rA2,params_highPt.rL1,params_highPt.rL2,params_highPt.rL3,params_highPt.x2,params_highPt.y2,params_lowPt.rA2,params_lowPt.rL1,params_lowPt.rL2,params_lowPt.rL3,params_lowPt.x2,params_lowPt.y2,user_attrs_prune,system_attrs_cma:generation,system_attrs_cma:optimizer:0,system_attrs_cma:optimizer:1,system_attrs_cma:optimizer:2,system_attrs_cma:optimizer:3,system_attrs_cma:optimizer:4,state
748,748,41.236140090498395,2026-05-12 21:13:55.271333,2026-05-12 21:14:14.339323,0 days 00:00:19.067990,-34.92357251601534,47.251188485093785,21.223011630764205,50.076627485323485,60.29324450585323,67.75507864542851,-27.19512634373409,66.02613787907853,55.648954744537555,77.10039225498284,23.09785940699743,21.97733879958059,,41.0,800495a6100000000000008c0a636d6165732e5f636d61948c03434d419493942981947d94288c065f6e5f64696d944b0c8c085f706f7073697a65944b0b8c035f6d75944b058c075f6d755f656666948c166e756d70792e5f636f72652e6d756c74696172726179948c067363616c61729493948c056e756d7079948c0564747970659493948c02663894898887945294284b038c013c944e4e4e4affffffff4affffffff4b007494624308e9e8100774510b4094869452948c035f636394680b681143083e6c7d43b18cd03f94869452948c035f633194680b681143089fc67c4e93b7863f94869452948c045f636d7594680b68114308b90fbeb98d89913f94869452948c085f635f7369676d6194680b681143088289198da8f9d03f94869452948c085f645f7369676d6194680b68114308606246236a3ef43f94869452948c035f636d944b018c065f6368695f6e9447400b25064571943c8c085f776569676874739468098c0c5f7265636f6e737472756374949394680c8c076e6461727261799493944b0085944301629487945294284b014b0b8594680e8c02663894898887945294284b0368124e4e4e4affffffff4affffffff4b00749462894358538e214ba67ddb3f2c5e47761ddbd03f4c60b4a91145c53f18b8b48552e2b83f8daa7d42f660a63f00000000000000009bd0b4761a8dc0bf5806fa0273e3cebff539783e76c4d5bfddd50bc2786cdbbf0820f98e2d45e0bf947494628c085f705f7369676d6194682f68314b008594683387945294284b014b0c85946811894360743bd009c99ee6bf6ccb3410c88ee63fa63dee5bd192e3bf3036192a1929f8bf2a53adebe4a7e33f62ff430f700ef0bff09789a6aefdc43f4a15fa39dd8ae33f172a84882f8ed0bf330ba05fd419fcbf35f6ccd2e613e1bf1453fae75302d63f947494628c035f706394682f68314b008594683387945294284b014b0c85946811894360266bd75a5c91dfbfbaac4b8385ffe03fdcf1cb8bdca4dabf5c5236a6c77ef0bfab4acb9ccf26e03f4c1ab649bbb6f0bfe0c8704e176fa8bfcc19dca01651d83f7003c8376113cbbf5256caf92704f9bfccc59ae4e6bed4bf13d0ed6787a0e33f947494628c055f6d65616e94682f68314b008594683387945294284b014b0c85946839894360c5d1c9413ee4e73f87be9daeac4ad73f9a92927cc123c43f4a00a1c94c8edb3f615ec64ef21eea3f59ef5ef3abe4ec3f0220a44e5726ec3f92fbda0dee55e33fea816c21321fe03f1f525503617ae73f6af8ecbeddccd13ffbeb3ce192f1cc3f947494628c065f7369676d6194680b681143080531062fffe9a13f94869452948c025f44944e8c025f42944e8c075f626f756e647394682f68314b008594683387945294284b014b0c4b02869468398943c00,000000000000000000000000000f03f0000000000000000000000000000f03f0000000000000000000000000000f03f0000000000000000000000000000f03f0000000000000000000000000000f03f0000000000000000000000000000f03f0000000000000000000000000000f03f0000000000000000000000000000f03f0000000000000000000000000000f03f0000000000000000000000000000f03f0000000000000000000000000000f03f0000000000000000000000000000f03f947494628c115f6e5f6d61785f726573616d706c696e67944b788c025f67944b298c095f6c725f616461707494898c065f616c70686194473ff66666666666668c0a5f626574615f6d65616e94473fb999999999999a8c0b5f626574615f5369676d6194473f9eb851eb851eb88c065f67616d6d6194473fb999999999999a8c065f456d65616e94682f68314b008594683387945294284b014b0c4b0186946839894360000000000000000000000000000000000000000000000000000000000000000000000000000000000000000000000000000000000000000000000000000000000000000000000000000000000000000000000000000000000000000000000000947494628c075f455369676d6194682f68314b008594683387945294284b014b904b018694683989428004000000000000000000000000000000000000000000000000000000000000000000000000000000000000000000000000000000000000000000000000000000000000000000000000000000000000000000000000000000000000000000000000000000000000000000000000000000000000000000000000000000000000000000000000000000000000000000000000000000000000000000000000000000000000000000000000000000000000000000000000000000000000000000000000000000000000000000000000000000000000000000000000000000000000000000000000000000000000000000000000000000000000000000000000000000000000000000000000000000000000000000000000000000000000000000000000000000000000000000000000000000000000000000000000000000000000000000000000000000000000000000000000000000000000000000000000000000000000000000000000000000000000000000000000000000000000000000000000000000000000000000000000000000000000000000000000000000000000000000000000000000000000000000000000000000000000000000000000000000000000000000000000000000000000000000000000000000000000000000000000000000000000000000000000000000000000000000000000000000000000000000000000000000000000000000000000,0000000000000000000000000000000000000000000000000000000000000000000000000000000000000000000000000000000000000000000000000000000000000000000000000000000000000000000000000000000000000000000000000000000000000000000000000000000000000000000000000000000000000000000000000000000000000000000000000000000000000000000000000000000000000000000000000000000000000000000000000000000000000000000000000000000000000000000000000000000000000000000000000000000000000000000000000000000000000000000000000000000000000000000000000000000000000000000000000000000000000000000000000000000000000000000000000000000000000000000000000000000000000000000000000000000000000000000000000000000000000000000000000000000000000000000000000000000000000000000000000000000000000000000000000000000000000000000000000000000000000000000000000000000000000000000000000000000000000000000000000000000000000000000000000000000000000000000000000000000000000000000000000000000000000000000000000000000000000000000000000000000000000000000000000000000000000000000000000000000000000000000000000000000000000000000000000000000000000000000000000000000000000000000000000000000000000000000000000000000000000000000000000000000000000000000000000000000000000000000000000000000000000000000000000000000000000000000000000000947494628c065f566d65616e944700000000000000008c075f565369676d61944700000000000000008c095f6574615f6d65616e94473ff00000000000008c0a5f6574615f5369676d6194473ff00000000000008c055f746f6c7894680b6811430816383daccc74473d94869452948c075f746f6c787570944740c38800000000008c075f746f6c66756e94473d719799812dea118c105f746f6c636f6e646974696f6e636f76944742d6bcc41e9000008c0d5f66756e686973745f7465726d944b2b8c0f5f66756e686973745f76616c75657394682f68314b008594683387945294284b014b56859468398942b0020000010000000000000060dc6f62fd7f000086f09eed6c324540cc84085bea774640bcaa809ce0d44440707510f8e58c4640f60157ab10044540eefa3f03e01e4640b2a08e4a68d54440e2e86af73b90454086155937a6ed44402246245bea7746400025072e5ec64440728cee09aee745407e5b77c2bde64440d8748de672444640302071352ee94440120d3f5aea7746408a55a55975d1444094468,acb223f4540846eb32b3bdb4440441913d44c6d4540903b9df2129c4440b8392c10f5454540dc125e4bd99d444058faff5aea774640cc9e3a029ab144408ee69595cf854540862ffb18bfa04440109d6e5dfea84540e261f0a0e2a4444068f26b22ca014540be98333e2bab4440ec10990389f1444086a3031cc7a44440c42f775c9df245405cb1856eeca24440c8b3beadc1f94540d2a6567059b144405c761e35d20c4540986fa557c5a24440d480f82a3ee14440e2b901e0848a4440b09fe848b1ff4440b6c7877bb0924440061fe1894ffa4440904fba85898c4440eed16240cbde4440ee93b5b888974440f4e2145cea77464090b84ec7b0954440aa3f135bea7746404c40497381824440ba2ef35aea774640c2d8bbc6ca824440ca6bcb5bea774640181fd92d5b8c4440e8bd4e5bea7746402eb779ab4a8d4440588ba25bea77464082ea3a26b08f44404859317546af4440401d7f4a4a874440b222c35bea774640163d1a3f068b44405466165bea774640726e6247d1884440008cf95aea774640f856697d558744409634776468af44403e09331784894440ecb55660374f4540a0e1a94143854440a62b275aea774640f062ea6784894440c2a4735bea774640b28f2702337d4440e64b9b65f7a64440160a8297bd8944409430195aea77464078c07bed588844406e7d1e5cea774640b80454cfb17f444054182c5bea774640d09e5b86d0010000b0006086d0010000947494628c055f635f316494682f68314b008594683387945294284b014b4e85946811894270020000033bdfa6b7c1e73fb2b42d472d5a9abf6b2fe2cd5ab8b03fa49185ee664cafbf926bf81a3d07bcbf87e6de2878c1b5bf71ccd4b68be9bd3f6cce59262ac5bf3f89fa1bfb507e903fcdbb19148a8da13f76e704dcf9ef803fa9f2f17c7622b1bf602ec39aa0aae83fe3362c7927f8733f8d17ff2811e381bff736d2c9bf60a13fcc9c85ce0333b5bfc3b6863c5b28aabf7da7e9a59c5cb6bf40d60b8bed59b1bf2776706de823af3fbd1a52928bd8c83f95da9f0d148b7bbfb7d8d1b29163e33fae05115a2d13c4bf38391f98dee2ccbfe2766f4e0f7caf3fc87f046615bdcabf433b508010a2c33fdeb8e4ac1a9ec53fbff0d498bf2a8ebf36b181f7657ea6bfd2896571b4e8bc3fc8c00686bd70e23f5a415195a58fb0bf7355549f8404c63fe68ddfa9f0b9b83f0ec56fb4fe29b0bf0f5fc8e17410bcbfccb930297180753f0ce6c74ed1b0a23f08f5aecd4b2bbcbff386ed48238ce03fcd2274238fbaad3f4b31fbd39556c53fb71f67e44e44b5bfc04802faf0bebabfa6cf53ac4149a73f0664b54cc6ff933f8005308de9e0a9bf6bba50b206c6e73f8abfd520bbd4bc3f955c72957d1b8b3f20572a16462ab33f8cca20f5e47bc93feadcceb96fd4adbf,f7de8eeff52bc3bf4f203675a56af23f6235009cb2c8c6bfcfe95e5ad7edd6bf46beeb10f9c4c33fe45bfc833bcda33f1ac0db15a96f743fad4e9298ea9fe93f7d98823c9469ce3fe0a4eb7f16eb7cbf23fbd4719d61ccbf69530c0076d2c33f70c7937d62fbf23f3a763c39e6a8b8bf9f5620fc7047cfbfd0d8793a0a89cb3f2061ea3c8007ed3f234446b9ee77b1bf9d45e65b071dd2bf522bbaa1583cf13f9c863c509bacbcbfe0837719e5bbea3f9474946275622e,COMPLETE
749,749,41.12832699141501,2026-05-12 21:14:15.883694,2026-05-12 21:14:32.965309,0 days 00:00:17.081615,-36.381454359257354,44.337884876007394,24.39531669232084,49.543667950032095,60.93478399531462,66.02563959970568,-27.671534132589215,62.735398873064305,53.04790251477302,75.22337872182499,22.98200153327828,15.299333879037583,,41.0,,,,,,COMPLETE
750,750,41.17106277648027,2026-05-12 21:14:34.457748,2026-05-12 21:14:51.987640,0 days 00:00:17.529892,-37.26708168054161,44.84515462866958,23.386140727300273,52.92912089793571,59.67878964248983,69.89314584793365,-26.87720132202754,64.12745774073275,59.82569371354128,79.90513733813872,18.226305779925365,18.05438253144412,,41.0,,,,,,COMPLETE
751,751,41.067964202556766,2026-05-12 21:14:53.523638,2026-05-12 21:15:10.850144,0 days 00:00:17.326506,-33.12858898796929,42.68076709982808,24.66619336675106,48.1847654913177,61.38023273777739,71.1654400350865,-29.36790453773287,65.99206680776616,63.014135547406944,81.42034173073222,20.711564080494533,15.15597439274623,,41.0,,,,,,COMPLETE
752,752,140.0,2026-05-12 21:15:12.431179,2026-05-12 21:15:12.698358,0 days 00:00:00.267179,-33.11697634169921,39.189116577940304,20.688480677988913,48.27094402152558,64.20691061028882,70.44746365688518,-22.967037799669058,60.241162436309686,57.02205397634859,79.49491611568985,18.805491220118917,18.27726617233221,Unfeasible shape,41.0,,,,,,PRUNED
753,753,140.0,2026-05-12 21:15:12.922713,2026-05-12 21:15:13.221309,0 days 00:00:00.298596,-31.527049371825697,38.38357731638263,21.651905178534,52.523512872781794,62.10399659801639,69.41086747893074,-24.986377914226402,67.07533419469496,58.94356401834122,75.89939470790084,23.67932266236643,16.70800535796801,Unfeasible shape,41.0,,,,,,PRUNED
754,754,140.0,2026-05-12 21:15:13.438669,2026-05-12 21:15:13.727646,0 days 00:00:00.288977,-35.06276714100117,46.59127770909482,19.48861978818328,48.908966443628806,64.74172927498677,67.40473680732444,-24.614425976410153,61.58410435799237,52.51700849177885,73.9855094576094,27.180366693477627,19.07105035196447,Unfeasible shape,41.0,,,,,,PRUNED
755,755,44.936839538783374,2026-05-12 21:15:13.950118,2026-05-12 21:15:32.892424,0 days 00:00:18.942306,-34.55962845546615,42.13580428531129,22.183393637768994,48.39903979031803,64.85728525594308,67.87409978558608,-28.96198640546161,59.162057647670395,53.64333073605452,75.4476410667614,22.00569991041669,14.639235507425495,,41.0,,,,,,COMPLETE
756,756,140.0,2026-05-12 21:15:34.477271,2026-05-12 21:15:34.749851,0 days 00:00:00.272580,-34.94772617591648,43.354552728460725,25.390007150789263,46.62700951114338,60.48717580602589,67.08520026762223,-27.92044123704168,65.66203986834078,55.97869534294702,78.11269506849953,17.36720557155979,16.714322606831338,Unfeasible shape,41.0,,,,,,PRUNED
757,757,140.0,2026-05-12 21:15:34.977953,2026-05-12 21:15:35.267410,0 days 00:00:00.289457,-34.954595255695736,40.874214728274765,26.127605662891387,46.4275203077086,60.543244317061344,68.34856120083359,-25.939218569869595,63.12412293010283,59.465379396181895,81.07975086278731,14.53800484585199,17.46306821858131,Unfeasible shape,41.0,,,,,,PRUNED
758,758,44.93683952630323,2026-05-12 21:15:35.524483,2026-05-12 21:15:50.100854,0 days 00:00:14.576371,-35.09756829166393,43.71488709267914,24.407866345200024,48.01554497742083,63.43485376429008,69.70919966045327,-25.076434120505276,59.85376957338081,53.93197761652936,80.85392983054145,17.61556133601632,14.99716661427234,,41.0,,,,,,COMPLETE
759,759,41.14871136552351,2026-05-12 21:15:51.671033,2026-05-12 21:16:08.478312,0 days 00:00:16.807279,-36.77371304709355,42.71380183230373,23.687705112357357,42.86424536591664,61.962818899928926,65.20961435001792,-29.30253617376666,64.61636650709181,62.70196658407464,74.16545090506001,19.015980928253096,18.89909007664566,,41.0,,,,,,COMPLETE
760,760,140.0,2026-05-12 21:16:10.042670,2026-05-12 21:16:10.336390,0 days 00:00:00.293720,-35.931093313027624,45.46672594412412,22.56410459934591,53.18807121014746,60.19740824016472,66.66893402909864,-28.31469545111461,66.17249988794862,53.13147041744743,72.99276260926351,24.532548848540834,21.998997472523882,Unfeasible shape,41.0,,,,,,PRUNED
761,761,140.0,2026-05-12 21:16:10.587111,2026-05-12 21:16:10.845920,0 days 00:00:00.258809,-34.674492760859216,45.01037354310932,26.018065962377154,43.549266137285805,61.120928968170205,63.289373981357194,-29.233726260829705,63.73361391228907,63.82730277195105,73.02060821533101,21.88198422716293,20.616178575776427,Unfeasible shape,41.0,,,,,,PRUNED
762,762,44.93683942151468,2026-05-12 21:16:11.046744,2026-05-12 21:16:27.642822,0 days 00:00:16.596078,-34.453550676788616,46.45907730559738,25.930089064774464,51.10521830176598,61.6188595694522,65.49534475626776,-26.98027898701018,64.13641286288146,49.644576980269896,75.18262461491601,26.42467419083275,18.590132733616446,,41.0,,,,,,COMPLETE
763,763,41.01002271194058,2026-05-12 21:16:29.104657,2026-05-12 21:16:46.065349,0 days 00:00:16.960692,-37.35350472540712,48.2268134975474,23.995551073984085,45.08115590075899,63.538733491140334,67.48080375241972,-27.896862455899637,65.5433781305965,59.81601345712777,73.92080453345126,21.048640858731474,18.054606362351464,,41.0,,,,,,COMPLETE
764,764,140.0,2026-05-12 21:16:47.576328,2026-05-12 21:16:47.870149,0 days 00:00:00.293821,-38.7346037406135,42.650528360949146,23.078942577112667,49.873448390597794,59.88927733161476,68.77746692290917,-24.6545256919607,63.24188485934175,58.68799557735271,81.8616005852663,19.058991500454248,17.52055236500807,Unfeasible shape,41.0,,,,,,PRUNED
765,765,44.93683946219481,2026-05-12 21:16:48.174049,2026-05-12 21:17:04.917947,0 days 00:00:16.743898,-34.87671453474484,45.993078488122656,26.7650047348553,48.25488521589142,61.96744670952535,69.083091055169,-26.35839794897428,63.17105228490769,52.221194386185076,75.62440016130017,25.72424714152327,17.642207793812837,,41.0,,,,,,COMPLETE
766,766,41.2639392822541,2026-05-12 21:17:06.466331,2026-05-12 21:17:25.459742,0 days 00:00:18.993411,-35.49988590665384,37.31716784136445,21.438371290664758,49.01947701280544,60.14890703630289,64.91757745141454,-24.261130176785258,65.34010382619462,55.00148702260491,76.04701705616422,17.845435159338628,19.873158153257695,,41.0,,,,,,COMPLETE
