,number,value,datetime_start,datetime_complete,duration,params_highPt.rA2,params_highPt.rL1,params_highPt.rL2,params_highPt.rL3,params_highPt.x2,params_highPt.y2,params_lowPt.rA2,params_lowPt.rL1,params_lowPt.rL2,params_lowPt.rL3,params_lowPt.x2,params_lowPt.y2,user_attrs_prune,system_attrs_cma:generation,system_attrs_cma:optimizer:0,system_attrs_cma:optimizer:1,system_attrs_cma:optimizer:2,system_attrs_cma:optimizer:3,system_attrs_cma:optimizer:4,state
710,710,41.11288179153226,2026-05-12 21:06:36.270482,2026-05-12 21:06:52.892849,0 days 00:00:16.622367,-35.45465244568667,46.98324143823354,27.07961751155892,48.29977408955713,58.92677719833981,67.8279318262251,-26.52172548054442,57.54652745271734,58.45650819018667,81.13299311121753,21.410010679128106,15.826019701141211,,39.0,800495a6100000000000008c0a636d6165732e5f636d61948c03434d419493942981947d94288c065f6e5f64696d944b0c8c085f706f7073697a65944b0b8c035f6d75944b058c075f6d755f656666948c166e756d70792e5f636f72652e6d756c74696172726179948c067363616c61729493948c056e756d7079948c0564747970659493948c02663894898887945294284b038c013c944e4e4e4affffffff4affffffff4b007494624308e9e8100774510b4094869452948c035f636394680b681143083e6c7d43b18cd03f94869452948c035f633194680b681143089fc67c4e93b7863f94869452948c045f636d7594680b68114308b90fbeb98d89913f94869452948c085f635f7369676d6194680b681143088289198da8f9d03f94869452948c085f645f7369676d6194680b68114308606246236a3ef43f94869452948c035f636d944b018c065f6368695f6e9447400b25064571943c8c085f776569676874739468098c0c5f7265636f6e737472756374949394680c8c076e6461727261799493944b0085944301629487945294284b014b0b8594680e8c02663894898887945294284b0368124e4e4e4affffffff4affffffff4b00749462894358538e214ba67ddb3f2c5e47761ddbd03f4c60b4a91145c53f18b8b48552e2b83f8daa7d42f660a63f00000000000000009bd0b4761a8dc0bf5806fa0273e3cebff539783e76c4d5bfddd50bc2786cdbbf0820f98e2d45e0bf947494628c085f705f7369676d6194682f68314b008594683387945294284b014b0c85946811894360684d9db99e16aa3fa03c47c2c9c0dcbf067fa04d9d83b2bf4e62966a9206dbbf4e24751b9c09d53f27ff83966a5af2bfdc51e466b413d6bf8f98ecc2e224e73fbe82ccdf0698f23f40f1818500bcc0bf213870fcc487f3bf6b385fb22171f53f947494628c035f706394682f68314b008594683387945294284b014b0c85946811894360d8f6e9566df9963f742a91153308d9bf529e368a3f65b33f7f98a41592f6ddbfb8c50de7bcdca83f244afb720318ecbf88af0b9a30d0e0bf85d7d4bd884aeb3f81ec4424d68cf43f402f49516db4dbbf742bd26b897ef4bf15b74f70a33af53f947494628c055f6d65616e94682f68314b008594683387945294284b014b0c859468398943605e69110ad977e83f6f002c938f8ed53f28a8a781e089c63fa91ab3926f3add3f480852e69480e93f299c5716ec91ed3f4b66a9cafdabeb3f9b2b3ddbeaafe33f856b1da96754e13fc230b3c6dce3e83fedadcb8e47a8d03fe6d310e8448acd3f947494628c065f7369676d6194680b68114308cc02599dbf42a33f94869452948c025f44944e8c025f42944e8c075f626f756e647394682f68314b008594683387945294284b014b0c4b02869468398943c00,000000000000000000000000000f03f0000000000000000000000000000f03f0000000000000000000000000000f03f0000000000000000000000000000f03f0000000000000000000000000000f03f0000000000000000000000000000f03f0000000000000000000000000000f03f0000000000000000000000000000f03f0000000000000000000000000000f03f0000000000000000000000000000f03f0000000000000000000000000000f03f0000000000000000000000000000f03f947494628c115f6e5f6d61785f726573616d706c696e67944b788c025f67944b278c095f6c725f616461707494898c065f616c70686194473ff66666666666668c0a5f626574615f6d65616e94473fb999999999999a8c0b5f626574615f5369676d6194473f9eb851eb851eb88c065f67616d6d6194473fb999999999999a8c065f456d65616e94682f68314b008594683387945294284b014b0c4b0186946839894360000000000000000000000000000000000000000000000000000000000000000000000000000000000000000000000000000000000000000000000000000000000000000000000000000000000000000000000000000000000000000000000000947494628c075f455369676d6194682f68314b008594683387945294284b014b904b018694683989428004000000000000000000000000000000000000000000000000000000000000000000000000000000000000000000000000000000000000000000000000000000000000000000000000000000000000000000000000000000000000000000000000000000000000000000000000000000000000000000000000000000000000000000000000000000000000000000000000000000000000000000000000000000000000000000000000000000000000000000000000000000000000000000000000000000000000000000000000000000000000000000000000000000000000000000000000000000000000000000000000000000000000000000000000000000000000000000000000000000000000000000000000000000000000000000000000000000000000000000000000000000000000000000000000000000000000000000000000000000000000000000000000000000000000000000000000000000000000000000000000000000000000000000000000000000000000000000000000000000000000000000000000000000000000000000000000000000000000000000000000000000000000000000000000000000000000000000000000000000000000000000000000000000000000000000000000000000000000000000000000000000000000000000000000000000000000000000000000000000000000000000000000000000000000000000000000,0000000000000000000000000000000000000000000000000000000000000000000000000000000000000000000000000000000000000000000000000000000000000000000000000000000000000000000000000000000000000000000000000000000000000000000000000000000000000000000000000000000000000000000000000000000000000000000000000000000000000000000000000000000000000000000000000000000000000000000000000000000000000000000000000000000000000000000000000000000000000000000000000000000000000000000000000000000000000000000000000000000000000000000000000000000000000000000000000000000000000000000000000000000000000000000000000000000000000000000000000000000000000000000000000000000000000000000000000000000000000000000000000000000000000000000000000000000000000000000000000000000000000000000000000000000000000000000000000000000000000000000000000000000000000000000000000000000000000000000000000000000000000000000000000000000000000000000000000000000000000000000000000000000000000000000000000000000000000000000000000000000000000000000000000000000000000000000000000000000000000000000000000000000000000000000000000000000000000000000000000000000000000000000000000000000000000000000000000000000000000000000000000000000000000000000000000000000000000000000000000000000000000000000000000000000000000000000000000000947494628c065f566d65616e944700000000000000008c075f565369676d61944700000000000000008c095f6574615f6d65616e94473ff00000000000008c0a5f6574615f5369676d6194473ff00000000000008c055f746f6c7894680b6811430816383daccc74473d94869452948c075f746f6c787570944740c38800000000008c075f746f6c66756e94473d719799812dea118c105f746f6c636f6e646974696f6e636f76944742d6bcc41e9000008c0d5f66756e686973745f7465726d944b2b8c0f5f66756e686973745f76616c75657394682f68314b008594683387945294284b014b56859468398942b0020000010000000000000060dc6f62fd7f000086f09eed6c324540cc84085bea774640bcaa809ce0d44440707510f8e58c4640f60157ab10044540eefa3f03e01e4640b2a08e4a68d54440e2e86af73b90454086155937a6ed44402246245bea7746400025072e5ec64440728cee09aee745407e5b77c2bde64440d8748de672444640302071352ee94440120d3f5aea7746408a55a55975d1444094468,acb223f4540846eb32b3bdb4440441913d44c6d4540903b9df2129c4440b8392c10f5454540dc125e4bd99d444058faff5aea774640cc9e3a029ab144408ee69595cf854540862ffb18bfa04440109d6e5dfea84540e261f0a0e2a4444068f26b22ca014540be98333e2bab4440ec10990389f1444086a3031cc7a44440c42f775c9df245405cb1856eeca24440c8b3beadc1f94540d2a6567059b144405c761e35d20c4540986fa557c5a24440d480f82a3ee14440e2b901e0848a4440b09fe848b1ff4440b6c7877bb0924440061fe1894ffa4440904fba85898c4440eed16240cbde4440ee93b5b888974440f4e2145cea77464090b84ec7b0954440aa3f135bea7746404c40497381824440ba2ef35aea774640c2d8bbc6ca824440ca6bcb5bea774640181fd92d5b8c4440e8bd4e5bea7746402eb779ab4a8d4440588ba25bea77464082ea3a26b08f44404859317546af4440401d7f4a4a874440b222c35bea774640163d1a3f068b44405466165bea774640726e6247d1884440008cf95aea774640f856697d558744409634776468af44403e09331784894440ecb55660374f4540a0e1a94143854440a62b275aea774640f062ea6784894440c2a4735bea774640b28f2702337d4440e64b9b65f7a64440160a8297bd8944409430195aea77464030856086d001000060895b86d0010000b0856086d001000030866086d0010000d09e5b86d0010000b0006086d0010000947494628c055f635f316494682f68314b008594683387945294284b014b4e859468118942700200009610fbe9ad32e93f1a54d18bbc5c793f8dbcc7a188988f3f9a19578f4f9ca2bf97961845ca02c0bfabf290759ecfb6bfc40b1c817ef5c33fdf09c12a766dbb3f6763d65d9e6a9bbf18c462f8309fa0bf04b161938142a03f9cbea468a49da9bf056dcd18977fe83fc503002e5498903f0403c3519e6475bff8037cba546e433ffdd7c2d331dbb3bf675860984aa9afbfdada705d6af0a9bfa7e30b7b44cf9ebfe4a16822596ab33fc33e7f5b92dec93fa80c97f8874365bf1bb30bdbdccce33ffaf10ca3765bc5bf67e9f9f7fd1ec9bfe95e6a7129659c3f6977e70f551bcabf6bfbf23abdb4c23f7f5f3522e6d0c23f26092cd4416da1bf56dc9180a1b8a2bf134c30359a4cc13f4205baed97b8e13fe3f08456183aadbf67dacd7ce1f2c23f59c336a9292cb63f79cdc7a5f99ea9bfc20692dd3e35bcbf77731744d0229dbf76a86d36c953693f78b96334efe9b7bfcb361f3bd9a5e03f74f1da8613e5b73fe8b8b5890aa1c23fca10475fe1e1b1bf06e0041aed0bb2bf47b5d8c9a0c2ba3fdcc2a7050555783f6c3e59ed89f7b1bfb7d1c8dae9f3e73feed6ad4ee424bf3f788452eae898793f949d615c722a9e3fee450c916448c23fb98ec212c88ab3bf,df2b3cd324acbfbf2a312caf59c8f13ff6ac1111496cc1bf2223ee94c0bbd2bf1094600cbd9ec53f5f303d5862538a3fe04e84e4f82e65bfd20857966a2be93ff81f5451def9c73f708b94a022a788bfe9b3a03c782acabf34c01731bc04c53f76ce86c7cedaf13f87ab03823b33c2bf693d750e0c47c8bf4a42bf926758d13f8579e640590aec3f187838fe937ab1bf1d53c96aa8eccfbf23e76e202a18f13fb905e88f798cbcbffe616a6ad95eea3f9474946275622e,COMPLETE
711,711,140.0,2026-05-12 21:06:54.368067,2026-05-12 21:06:54.635963,0 days 00:00:00.267896,-33.26464266081922,38.32040061183084,24.90499662295415,46.60779501609515,64.11044283950613,66.68578944324322,-29.53459186804904,66.6247642341869,59.92885173737275,79.01475194182851,18.24325496013343,19.092443497941115,Unfeasible shape,39.0,,,,,,PRUNED
712,712,44.93683959473388,2026-05-12 21:06:54.864449,2026-05-12 21:07:16.406783,0 days 00:00:21.542334,-37.24435574998126,36.581450447026825,26.699493636689432,50.95765936042817,62.018877512221046,72.53895073184032,-29.051535382491544,63.56215275190735,54.96853366076703,82.69036432114031,17.172425146294298,14.771918120026221,,39.0,,,,,,COMPLETE
713,713,140.0,2026-05-12 21:07:18.021026,2026-05-12 21:07:18.291690,0 days 00:00:00.270664,-31.041790459603234,42.69285405421766,29.546419944874987,52.91224962949758,60.78708354270274,70.32811479332513,-27.627596104886976,68.362884440452,61.127678135244054,75.11324194438997,18.787069440997154,20.077656889101842,Unfeasible shape,39.0,,,,,,PRUNED
714,714,41.1867090527888,2026-05-12 21:07:18.508289,2026-05-12 21:07:35.301131,0 days 00:00:16.792842,-34.18547572944686,40.55663257575405,23.138957037921212,47.22085943330236,60.378945697028705,63.993194962881844,-30.173024979504923,63.10927016338625,63.7509826058196,75.14534581818161,22.043290390255812,21.617824011461316,,39.0,,,,,,COMPLETE
715,715,41.07086084594968,2026-05-12 21:07:36.843830,2026-05-12 21:07:55.873621,0 days 00:00:19.029791,-34.08421643437802,36.12965407333828,27.399270131202652,48.86479681428601,59.08113592569193,69.69411631282658,-28.13265640612549,67.63539676681184,62.86446306861619,81.58967358780772,21.639351485738356,17.36023030969517,,39.0,,,,,,COMPLETE
716,716,140.0,2026-05-12 21:07:57.615389,2026-05-12 21:07:57.888583,0 days 00:00:00.273194,-34.17350627813525,42.48764494712865,25.06330866715158,45.32420093631869,61.281370498440374,68.02144331232287,-28.16135128871732,66.10867154583413,58.27654015708225,83.63150939955281,23.717237588596593,14.836368596982108,Unfeasible shape,39.0,,,,,,PRUNED
717,717,41.373304907157575,2026-05-12 21:07:58.116792,2026-05-12 21:08:15.413739,0 days 00:00:17.296947,-34.3136677036553,42.129018359142925,19.862819509891004,49.431929084078526,60.4785724470666,72.83903218642256,-27.30450163463034,61.80219402464392,61.610701084484305,75.31043385363171,24.003042359992843,20.024602386297158,,39.0,,,,,,COMPLETE
718,718,41.29007506165482,2026-05-12 21:08:16.933805,2026-05-12 21:08:35.513616,0 days 00:00:18.579811,-34.83429365672884,36.50946277599421,25.890231940056815,48.88758890717689,55.981919598386334,67.10016686310142,-26.290797523910825,62.942368327048264,61.71125032750914,79.54638272443545,21.14715967533477,19.16492635959744,,39.0,,,,,,COMPLETE
719,719,41.17205576832346,2026-05-12 21:08:37.172354,2026-05-12 21:08:56.036480,0 days 00:00:18.864126,-31.36827827830512,34.833314980085134,24.627487895901787,58.35253101282027,57.2109982472136,73.05275668809183,-23.307800334739063,63.26991035046492,51.62222850597648,82.26812349919238,17.01370194055893,12.693398387570683,,39.0,,,,,,COMPLETE
720,720,140.0,2026-05-12 21:08:57.707689,2026-05-12 21:08:57.973894,0 days 00:00:00.266205,-32.59828580734107,39.20809972355533,28.971872567864573,49.581521748598874,54.91254288295138,66.07364268976838,-28.39239064072349,61.471988249515526,59.79929607593407,78.4112790956043,21.667928822997844,18.731010805723983,Unfeasible shape,39.0,,,,,,PRUNED
721,721,140.0,2026-05-12 21:08:58.194006,2026-05-12 21:08:58.471589,0 days 00:00:00.277583,-37.107080983023984,39.85343288342594,29.535282258489545,52.70795483226551,60.09274708026519,71.28191764740735,-31.201521001631328,68.0338846458058,59.84905229580236,80.66710089536303,22.50831091451879,19.838741483613298,Unfeasible shape,39.0,,,,,,PRUNED
722,722,140.0,2026-05-12 21:08:58.678693,2026-05-12 21:08:58.957856,0 days 00:00:00.279163,-30.647568149709983,39.85364668725258,25.854857585942582,50.623878908726084,57.307721954819556,66.27710094842357,-30.12711173728149,64.1909702137398,59.545580628013624,76.75702432059721,17.15108068522899,15.919451906915567,Unfeasible shape,39.0,,,,,,PRUNED
723,723,44.93683952941379,2026-05-12 21:08:59.150913,2026-05-12 21:09:16.068032,0 days 00:00:16.917119,-37.354608171988296,41.381093308839574,28.681703944228598,47.488825241462806,61.24955347170346,69.01006095570348,-28.862411469151525,68.50702991491852,62.05455781758091,80.60455909503608,20.82825974246269,17.91328009011724,,39.0,,,,,,COMPLETE
724,724,140.0,2026-05-12 21:09:17.685790,2026-05-12 21:09:17.946466,0 days 00:00:00.260676,-31.976785430519264,49.56725228215181,24.97568342464249,48.78103228800279,59.950281876142874,68.79475999634832,-31.77866012003563,67.98311608081625,56.56940843071171,79.31868017579896,22.44894685019321,15.372219980184337,Unfeasible shape,39.0,,,,,,PRUNED
725,725,41.07255377820546,2026-05-12 21:09:18.158539,2026-05-12 21:09:35.300560,0 days 00:00:17.142021,-37.471723987519724,45.75782984048913,23.459382236037264,52.10082817253215,62.11175228232994,70.19810327564132,-25.670377604673334,61.998884228173324,55.060956255617626,84.70825568330768,19.77540189116958,8.610424146481265,,39.0,,,,,,COMPLETE
726,726,41.06521385710306,2026-05-12 21:09:36.826821,2026-05-12 21:09:54.042390,0 days 00:00:17.215569,-34.44745805730689,43.77389822435059,21.736747796729837,49.29567953777315,63.01909556150766,65.75740411909284,-26.10841072758722,61.2596991081649,50.41197129682609,72.58153428269286,22.039959052942294,20.669790950864577,,39.0,,,,,,COMPLETE
727,727,41.30433779596662,2026-05-12 21:09:55.464637,2026-05-12 21:10:12.467047,0 days 00:00:17.002410,-37.87597175254277,44.740811397480144,29.648495565090933,49.541643860570744,58.08134259121263,62.826145668167534,-30.138362953945382,64.50121406881982,60.182655735414244,78.41140843199574,20.565737504288006,18.22355374619862,,39.0,,,,,,COMPLETE
