,number,value,datetime_start,datetime_complete,duration,params_highPt.rA2,params_highPt.rL1,params_highPt.rL2,params_highPt.rL3,params_highPt.x2,params_highPt.y2,params_lowPt.rA2,params_lowPt.rL1,params_lowPt.rL2,params_lowPt.rL3,params_lowPt.x2,params_lowPt.y2,user_attrs_prune,system_attrs_cma:generation,system_attrs_cma:optimizer:0,system_attrs_cma:optimizer:1,system_attrs_cma:optimizer:2,system_attrs_cma:optimizer:3,system_attrs_cma:optimizer:4,state
862,862,140.0,2026-05-12 21:34:16.729922,2026-05-12 21:34:16.974306,0 days 00:00:00.244384,-31.681903384982775,55.929415633679234,29.790978797581484,44.15078270058423,60.49996634231634,68.82413619644545,-29.023777592936767,62.99789649004303,63.37653385933916,77.54602150747509,25.36313202430209,17.104096886373387,Unfeasible shape,46.0,,,,,,PRUNED
863,863,140.0,2026-05-12 21:34:17.213098,2026-05-12 21:34:17.452464,0 days 00:00:00.239366,-35.27208441785857,53.80475058311574,24.679110432677497,49.614767060095524,62.144775939997565,66.91869878087115,-28.158584007066814,69.61701525316359,72.77190119608804,71.03261479348015,27.75259919778442,19.71065306350208,Unfeasible shape,46.0,,,,,,PRUNED
864,864,140.0,2026-05-12 21:34:17.666258,2026-05-12 21:34:17.904707,0 days 00:00:00.238449,-35.57847780337479,54.28362950273447,25.484514741060885,44.48692938523353,61.91190077301783,65.9597019548154,-33.14938207589586,68.19493278191865,68.91534740197184,73.15906502186508,31.03355015417058,19.08723049915581,Unfeasible shape,46.0,,,,,,PRUNED
865,865,44.936839305647766,2026-05-12 21:34:18.178900,2026-05-12 21:34:36.636721,0 days 00:00:18.457821,-36.4062321014367,52.95564562494881,27.10312822275007,40.463615150815905,62.89486465722163,67.30585150378181,-30.196661743874266,68.8532958257513,70.57545166843934,72.27435564992825,23.54308216689781,24.323620016472915,,46.0,,,,,,COMPLETE
866,866,41.26263388066617,2026-05-12 21:34:38.179133,2026-05-12 21:34:55.194307,0 days 00:00:17.015174,-35.316146614827,50.52735952187213,25.653991416358984,54.64725306931065,56.12874121601382,67.79030596797556,-28.032062738824358,59.5094625505818,65.17711265732815,76.38308661652385,25.015412416079144,12.384360569064905,,46.0,,,,,,COMPLETE
867,867,41.34494709087538,2026-05-12 21:34:56.705702,2026-05-12 21:35:14.937279,0 days 00:00:18.231577,-37.12955548996662,45.51454945587519,19.02462913722629,45.43438997291547,61.66383040009326,61.416337507536696,-21.893325639046033,61.1667417659528,59.31403691738451,70.93378624361839,24.199079258127092,20.106758666677585,,47.0,800495a6100000000000008c0a636d6165732e5f636d61948c03434d419493942981947d94288c065f6e5f64696d944b0c8c085f706f7073697a65944b0b8c035f6d75944b058c075f6d755f656666948c166e756d70792e5f636f72652e6d756c74696172726179948c067363616c61729493948c056e756d7079948c0564747970659493948c02663894898887945294284b038c013c944e4e4e4affffffff4affffffff4b007494624308e9e8100774510b4094869452948c035f636394680b681143083e6c7d43b18cd03f94869452948c035f633194680b681143089fc67c4e93b7863f94869452948c045f636d7594680b68114308b90fbeb98d89913f94869452948c085f635f7369676d6194680b681143088289198da8f9d03f94869452948c085f645f7369676d6194680b68114308606246236a3ef43f94869452948c035f636d944b018c065f6368695f6e9447400b25064571943c8c085f776569676874739468098c0c5f7265636f6e737472756374949394680c8c076e6461727261799493944b0085944301629487945294284b014b0b8594680e8c02663894898887945294284b0368124e4e4e4affffffff4affffffff4b00749462894358538e214ba67ddb3f2c5e47761ddbd03f4c60b4a91145c53f18b8b48552e2b83f8daa7d42f660a63f00000000000000009bd0b4761a8dc0bf5806fa0273e3cebff539783e76c4d5bfddd50bc2786cdbbf0820f98e2d45e0bf947494628c085f705f7369676d6194682f68314b008594683387945294284b014b0c85946811894360c12044a6e809c9bfb582aa69a1fbf83f006afa7090a9df3fb2436d4f3a25f7bf876627a99bcbf0bf9fbf1539b3c2f3bfe4554ae4a0d9f13fbaab659486d8d43f6e7b8cedda7ff73fc771a9f59eebf0bf350b53c74ba4eb3f584c224f68ccc83f947494628c035f706394682f68314b008594683387945294284b014b0c8594681189436088ce1298bafca83f5767492fbf62f73fb7fb6acdbda9e03f1cdade3a93ecf3bfbf46d6f59b79e1bf22e6a582f75ff4bf81b9b8e2deeed83f20559522080ac93fb09080b26addf83fd82d137acf46f2bf5c16039865c0ec3f3231c6b12144e73f947494628c055f6d65616e94682f68314b008594683387945294284b014b0c8594683989436034de7d667bcbe73fa2a39a5050f8dd3fcbca3b6c7a78c63fb01a184adc65d83f40b167753bc7e93ff5619a152a7beb3f93197560f816ec3ffb9d49b79870e33f17fda07d97aae33fd2999887e762e63fac0fdc2bacb0d53f3ff7147efe13cf3f947494628c065f7369676d6194680b68114308eb3772caca01a43f94869452948c025f44944e8c025f42944e8c075f626f756e647394682f68314b008594683387945294284b014b0c4b02869468398943c00,000000000000000000000000000f03f0000000000000000000000000000f03f0000000000000000000000000000f03f0000000000000000000000000000f03f0000000000000000000000000000f03f0000000000000000000000000000f03f0000000000000000000000000000f03f0000000000000000000000000000f03f0000000000000000000000000000f03f0000000000000000000000000000f03f0000000000000000000000000000f03f0000000000000000000000000000f03f947494628c115f6e5f6d61785f726573616d706c696e67944b788c025f67944b2f8c095f6c725f616461707494898c065f616c70686194473ff66666666666668c0a5f626574615f6d65616e94473fb999999999999a8c0b5f626574615f5369676d6194473f9eb851eb851eb88c065f67616d6d6194473fb999999999999a8c065f456d65616e94682f68314b008594683387945294284b014b0c4b0186946839894360000000000000000000000000000000000000000000000000000000000000000000000000000000000000000000000000000000000000000000000000000000000000000000000000000000000000000000000000000000000000000000000000947494628c075f455369676d6194682f68314b008594683387945294284b014b904b018694683989428004000000000000000000000000000000000000000000000000000000000000000000000000000000000000000000000000000000000000000000000000000000000000000000000000000000000000000000000000000000000000000000000000000000000000000000000000000000000000000000000000000000000000000000000000000000000000000000000000000000000000000000000000000000000000000000000000000000000000000000000000000000000000000000000000000000000000000000000000000000000000000000000000000000000000000000000000000000000000000000000000000000000000000000000000000000000000000000000000000000000000000000000000000000000000000000000000000000000000000000000000000000000000000000000000000000000000000000000000000000000000000000000000000000000000000000000000000000000000000000000000000000000000000000000000000000000000000000000000000000000000000000000000000000000000000000000000000000000000000000000000000000000000000000000000000000000000000000000000000000000000000000000000000000000000000000000000000000000000000000000000000000000000000000000000000000000000000000000000000000000000000000000000000000000000000000000000,0000000000000000000000000000000000000000000000000000000000000000000000000000000000000000000000000000000000000000000000000000000000000000000000000000000000000000000000000000000000000000000000000000000000000000000000000000000000000000000000000000000000000000000000000000000000000000000000000000000000000000000000000000000000000000000000000000000000000000000000000000000000000000000000000000000000000000000000000000000000000000000000000000000000000000000000000000000000000000000000000000000000000000000000000000000000000000000000000000000000000000000000000000000000000000000000000000000000000000000000000000000000000000000000000000000000000000000000000000000000000000000000000000000000000000000000000000000000000000000000000000000000000000000000000000000000000000000000000000000000000000000000000000000000000000000000000000000000000000000000000000000000000000000000000000000000000000000000000000000000000000000000000000000000000000000000000000000000000000000000000000000000000000000000000000000000000000000000000000000000000000000000000000000000000000000000000000000000000000000000000000000000000000000000000000000000000000000000000000000000000000000000000000000000000000000000000000000000000000000000000000000000000000000000000000000000000000000000000000947494628c065f566d65616e944700000000000000008c075f565369676d61944700000000000000008c095f6574615f6d65616e94473ff00000000000008c0a5f6574615f5369676d6194473ff00000000000008c055f746f6c7894680b6811430816383daccc74473d94869452948c075f746f6c787570944740c38800000000008c075f746f6c66756e94473d719799812dea118c105f746f6c636f6e646974696f6e636f76944742d6bcc41e9000008c0d5f66756e686973745f7465726d944b2b8c0f5f66756e686973745f76616c75657394682f68314b008594683387945294284b014b56859468398942b00200001407cdf888834440660b9bf536b34440a0f1f988f48344400005635bea774640c60edda317844440d83ff559ea774640e078ae2dc9834440d8a5f05aea774640f238728f33864440e479865aea77464086155937a6ed44402246245bea7746400025072e5ec64440728cee09aee745407e5b77c2bde64440d8748de672444640302071352ee94440120d3f5aea7746408a55a55975d1444094468,acb223f4540846eb32b3bdb4440441913d44c6d4540903b9df2129c4440b8392c10f5454540dc125e4bd99d444058faff5aea774640cc9e3a029ab144408ee69595cf854540862ffb18bfa04440109d6e5dfea84540e261f0a0e2a4444068f26b22ca014540be98333e2bab4440ec10990389f1444086a3031cc7a44440c42f775c9df245405cb1856eeca24440c8b3beadc1f94540d2a6567059b144405c761e35d20c4540986fa557c5a24440d480f82a3ee14440e2b901e0848a4440b09fe848b1ff4440b6c7877bb0924440061fe1894ffa4440904fba85898c4440eed16240cbde4440ee93b5b888974440f4e2145cea77464090b84ec7b0954440aa3f135bea7746404c40497381824440ba2ef35aea774640c2d8bbc6ca824440ca6bcb5bea774640181fd92d5b8c4440e8bd4e5bea7746402eb779ab4a8d4440588ba25bea77464082ea3a26b08f44404859317546af4440401d7f4a4a874440b222c35bea774640163d1a3f068b44405466165bea774640726e6247d1884440008cf95aea774640f856697d558744409634776468af44403e09331784894440ecb55660374f4540a0e1a94143854440a62b275aea774640f062ea6784894440c2a4735bea774640b28f2702337d4440e64b9b65f7a64440160a8297bd8944409430195aea77464078c07bed588844406e7d1e5cea774640b80454cfb17f444054182c5bea77464042009a6c488144405056a65bea774640947494628c055f635f316494682f68314b008594683387945294284b014b4e85946811894270020000bddd166b6306e73fdc28dbeef9d4bdbf7f1820c1ce469e3fbf5082e2e273a2bf68b6df52e85ec0bf0c3516f0f2eaa5bfe10a2778a0ddbb3f63ab27efe669b73f2d9aacff65dca5bfcd5a6a780620b33fab4142758be7953fa9ff40ecbf1db8bf2964d073eecbef3fb69414fc3db4a2bf61052cd43023bcbf515dd80f7aebba3fb5d056d4452ac4bfec9866f54a08bfbf0c561b39ab67a2bf21c248230876cb3f1bec4807d85bafbf0ce052844b24d43fe6f212fe844d9e3f402dda27c3b1e13f7b98d2efb52cc5bf41cc4adfdef5cabffa0ffc71e149aa3f717fcd1c88f4cdbfd7ecefeec8f0c13f7137e0fc7783c53f002c09d2fb1c243f613d6893da59b2bf66cc3fdb36bab43f01ad5a2b5f2ce33f8f8b363fac6cadbf368f5fbc4d13d03f668cbf7e9adbc03f1efa12d1cdcfb5bf118b2fe657d4cebfb74c3af2597ab03f605df64ca0e7733f7e90917ed696c2bfe1efe0eaa5efdc3fa8f518cd8da29e3f8e3e35f7d5f8c23f3c06062e732f90bfff8f9eef28bbadbf8fc9ef47ac1b9f3f8046517374d28d3f40f063d05a1a79bf2c61b00e2b32e83fb72340d31845c23f641908e16dc0853f62080fd1a167a8bfe683557439f1d13f76a09fc16bb6b5bf,ce5605272e6bc4bf25b7be5bce15f23fc2f4ef8442bccabfb8cbf660d1e3dbbf277e7e19f7cdbe3f73a9f6b846609e3f67130e8e207b873fe165d7d60095e73f290477ad14b6d13f24bb4f54a197a83f0392932c5041c7bfb04721b276b2be3fc1006fd869a8f63f1a397741920dc5bfd63ecfa3fe56b4bf2eb0733b51a6d13f54b7468d8704ee3f6d575b184f9fbabf040996f6430ed5bf851b8462315af03f074c731080d0b6bf6f44fb406140e93f9474946275622e,COMPLETE
868,868,41.18574399963754,2026-05-12 21:35:16.418817,2026-05-12 21:35:31.013427,0 days 00:00:14.594610,-34.916442529684325,44.927133715131646,26.67384433438062,47.718564700175094,57.883052004469995,66.64824382222868,-27.947643913788163,61.81327158577994,66.08367054099628,76.10370816280253,20.914991047030476,18.23861340472284,,47.0,,,,,,COMPLETE
869,869,41.039159478573694,2026-05-12 21:35:32.619152,2026-05-12 21:35:47.394799,0 days 00:00:14.775647,-35.67507014176804,53.81888822825507,27.360375792587263,40.84662934332722,60.74815821902127,63.98501419210851,-26.31396829297256,58.077405813357494,68.9669138947087,74.02915983646874,26.28155100438653,15.257112233232839,,47.0,,,,,,COMPLETE
870,870,41.18392283825433,2026-05-12 21:35:48.866227,2026-05-12 21:36:05.072063,0 days 00:00:16.205836,-40.79316786732814,54.51209611153081,28.300017519792515,45.44477946781592,58.79318929110845,64.43696929896775,-32.52183108347176,58.772772815175685,66.81245351322747,70.85607999278346,26.978626757725262,15.847013365713131,,47.0,,,,,,COMPLETE
871,871,140.0,2026-05-12 21:36:06.614677,2026-05-12 21:36:06.902296,0 days 00:00:00.287619,-36.65890229169028,49.10714078701162,29.32382790193898,51.07405698268329,59.544987221183426,70.35288681157289,-24.05132657310996,63.876299905344865,57.29477529046283,74.00949950505472,23.430502287294335,17.357824489200098,Unfeasible shape,47.0,,,,,,PRUNED
872,872,41.19696441649418,2026-05-12 21:36:07.162929,2026-05-12 21:36:23.922649,0 days 00:00:16.759720,-37.08280333269419,44.77050923365473,27.449775546671507,45.824793823806104,59.425948954991206,62.60207235526721,-29.574001630220465,69.22266343064294,64.83177681137178,69.65153414869415,22.59573365556783,16.766336848645913,,47.0,,,,,,COMPLETE
873,873,41.00742767627298,2026-05-12 21:36:25.410267,2026-05-12 21:36:42.371204,0 days 00:00:16.960937,-36.406003358250935,50.31960815781208,25.698138589482667,42.697636160890724,62.85758013091526,67.73949920877757,-29.301090442804757,63.30683641270365,62.62407619263846,75.59794705297442,26.699164512573194,17.269465047760395,,47.0,,,,,,COMPLETE
874,874,41.06573995909061,2026-05-12 21:36:43.873230,2026-05-12 21:37:01.167588,0 days 00:00:17.294358,-34.49255290026778,47.3957217423914,25.629013998856855,47.35040019187107,60.63207001237603,65.43997587998395,-28.05338567554081,70.72849671717661,61.484969490689764,74.77061346955064,23.543005075634284,16.453901658392788,,47.0,,,,,,COMPLETE
875,875,140.0,2026-05-12 21:37:02.734733,2026-05-12 21:37:02.998935,0 days 00:00:00.264202,-35.43074504066587,48.83882215370288,27.063547674821187,41.45549425976088,61.899744178738054,63.06969298164689,-29.030597250131805,67.40608622534317,67.74193243884929,75.22963078916077,23.394038677252354,17.788873061880018,Unfeasible shape,47.0,,,,,,PRUNED
876,876,41.45087391940558,2026-05-12 21:37:03.235769,2026-05-12 21:37:17.664693,0 days 00:00:14.428924,-39.42635671428206,51.130801392272055,22.037314581943335,41.99381442286415,59.582101051395846,61.927615500830925,-27.747348156439145,64.59355685997981,60.52545429111654,68.94451362409113,24.035142907342717,19.547265781790305,,47.0,,,,,,COMPLETE
877,877,140.0,2026-05-12 21:37:19.125129,2026-05-12 21:37:19.401515,0 days 00:00:00.276386,-34.78361959312166,50.15779378891733,27.249823014155233,47.26781297186508,62.71749244090156,65.53413872904994,-24.603308121121486,62.67421421434648,62.61648973364681,78.11826644903034,20.458312594954823,11.640775088227388,Unfeasible shape,47.0,,,,,,PRUNED
878,878,44.93683950159331,2026-05-12 21:37:19.669621,2026-05-12 21:37:34.597455,0 days 00:00:14.927834,-35.96356476195152,50.532000707055246,26.833334671983177,43.98185740619231,62.448351086028005,67.72778400128017,-24.668238253827873,64.10801733682064,62.98591144629061,73.8545297164977,29.274572865189914,17.651073832651374,,47.0,,,,,,COMPLETE
879,879,41.28814442018475,2026-05-12 21:37:36.147345,2026-05-12 21:37:52.843298,0 days 00:00:16.695953,-39.89101082965958,51.973066565310475,20.680264704639598,43.23224659081563,62.77380700144174,63.874017743901696,-28.878160572637526,62.87333899904871,59.91666308053115,70.0396539677789,24.66264020940488,13.938864999893173,,47.0,,,,,,COMPLETE
880,880,41.13410832496716,2026-05-12 21:37:54.451332,2026-05-12 21:38:09.355857,0 days 00:00:14.904525,-35.88708715307302,50.927829848222935,26.082078623811768,44.555952628851905,59.86758927315927,63.381046929792205,-26.972928471332864,62.59484583166069,57.10525089243358,74.13554773525176,25.75952665720073,14.196625521361836,,47.0,,,,,,COMPLETE
