,number,value,datetime_start,datetime_complete,duration,params_highPt.rA2,params_highPt.rL1,params_highPt.rL2,params_highPt.rL3,params_highPt.x2,params_highPt.y2,params_lowPt.rA2,params_lowPt.rL1,params_lowPt.rL2,params_lowPt.rL3,params_lowPt.x2,params_lowPt.y2,user_attrs_prune,system_attrs_cma:generation,system_attrs_cma:optimizer:0,system_attrs_cma:optimizer:1,system_attrs_cma:optimizer:2,system_attrs_cma:optimizer:3,system_attrs_cma:optimizer:4,state
684,684,140.0,2026-05-12 21:02:51.349816,2026-05-12 21:02:51.638897,0 days 00:00:00.289081,-37.861645748205326,40.04984851523036,26.271815010719678,46.00479209096203,63.05360004511788,71.81047119844165,-28.639557008915794,65.89916397028523,61.5884359269272,78.64977994805133,15.639684502246634,19.168799190059364,Unfeasible shape,38.0,800495a6100000000000008c0a636d6165732e5f636d61948c03434d419493942981947d94288c065f6e5f64696d944b0c8c085f706f7073697a65944b0b8c035f6d75944b058c075f6d755f656666948c166e756d70792e5f636f72652e6d756c74696172726179948c067363616c61729493948c056e756d7079948c0564747970659493948c02663894898887945294284b038c013c944e4e4e4affffffff4affffffff4b007494624308e9e8100774510b4094869452948c035f636394680b681143083e6c7d43b18cd03f94869452948c035f633194680b681143089fc67c4e93b7863f94869452948c045f636d7594680b68114308b90fbeb98d89913f94869452948c085f635f7369676d6194680b681143088289198da8f9d03f94869452948c085f645f7369676d6194680b68114308606246236a3ef43f94869452948c035f636d944b018c065f6368695f6e9447400b25064571943c8c085f776569676874739468098c0c5f7265636f6e737472756374949394680c8c076e6461727261799493944b0085944301629487945294284b014b0b8594680e8c02663894898887945294284b0368124e4e4e4affffffff4affffffff4b00749462894358538e214ba67ddb3f2c5e47761ddbd03f4c60b4a91145c53f18b8b48552e2b83f8daa7d42f660a63f00000000000000009bd0b4761a8dc0bf5806fa0273e3cebff539783e76c4d5bfddd50bc2786cdbbf0820f98e2d45e0bf947494628c085f705f7369676d6194682f68314b008594683387945294284b014b0c859468118943604191697509cbccbf19978cef0622e6bfdee0c138445ccc3f285eb715590df0bfef30c8f775a6e93f7cea57e0d5d5b33f18e6c7486513b7bfc8b70cf01409f03f9236ae10a218f33f12f707911691e73fd04af265383affbf292f41781821fa3f947494628c035f706394682f68314b008594683387945294284b014b0c85946811894360fa6fa400a4bcd4bf56b9c6758ac6e4bfe2544752ace6d33fb61e71f07e2aeabf48173e676ab5df3f95fa156ec0face3f2c879df516e3c4bfc3e9dd4ebcecf13f724d21bcd1dbf53f7862e72bb93fde3f8925f2ac81af00c011ba6dbd3bf9f63f947494628c055f6d65616e94682f68314b008594683387945294284b014b0c85946839894360d1182e679233e83f175c6f91a75fd53fc709af8acf2ac73f1992b33ea8f2dc3fe4a48a3371d3e93f6a87c3b2c5a4ee3f295ffe131e15ec3f55b4b78522aae33fae8f46acd50de13f35104a0e79afe93febcf19e5441ed03f778ea3db9579cc3f947494628c065f7369676d6194680b681143085aec736b4d25a43f94869452948c025f44944e8c025f42944e8c075f626f756e647394682f68314b008594683387945294284b014b0c4b02869468398943c00,000000000000000000000000000f03f0000000000000000000000000000f03f0000000000000000000000000000f03f0000000000000000000000000000f03f0000000000000000000000000000f03f0000000000000000000000000000f03f0000000000000000000000000000f03f0000000000000000000000000000f03f0000000000000000000000000000f03f0000000000000000000000000000f03f0000000000000000000000000000f03f0000000000000000000000000000f03f947494628c115f6e5f6d61785f726573616d706c696e67944b788c025f67944b268c095f6c725f616461707494898c065f616c70686194473ff66666666666668c0a5f626574615f6d65616e94473fb999999999999a8c0b5f626574615f5369676d6194473f9eb851eb851eb88c065f67616d6d6194473fb999999999999a8c065f456d65616e94682f68314b008594683387945294284b014b0c4b0186946839894360000000000000000000000000000000000000000000000000000000000000000000000000000000000000000000000000000000000000000000000000000000000000000000000000000000000000000000000000000000000000000000000000947494628c075f455369676d6194682f68314b008594683387945294284b014b904b018694683989428004000000000000000000000000000000000000000000000000000000000000000000000000000000000000000000000000000000000000000000000000000000000000000000000000000000000000000000000000000000000000000000000000000000000000000000000000000000000000000000000000000000000000000000000000000000000000000000000000000000000000000000000000000000000000000000000000000000000000000000000000000000000000000000000000000000000000000000000000000000000000000000000000000000000000000000000000000000000000000000000000000000000000000000000000000000000000000000000000000000000000000000000000000000000000000000000000000000000000000000000000000000000000000000000000000000000000000000000000000000000000000000000000000000000000000000000000000000000000000000000000000000000000000000000000000000000000000000000000000000000000000000000000000000000000000000000000000000000000000000000000000000000000000000000000000000000000000000000000000000000000000000000000000000000000000000000000000000000000000000000000000000000000000000000000000000000000000000000000000000000000000000000000000000000000000000000000,0000000000000000000000000000000000000000000000000000000000000000000000000000000000000000000000000000000000000000000000000000000000000000000000000000000000000000000000000000000000000000000000000000000000000000000000000000000000000000000000000000000000000000000000000000000000000000000000000000000000000000000000000000000000000000000000000000000000000000000000000000000000000000000000000000000000000000000000000000000000000000000000000000000000000000000000000000000000000000000000000000000000000000000000000000000000000000000000000000000000000000000000000000000000000000000000000000000000000000000000000000000000000000000000000000000000000000000000000000000000000000000000000000000000000000000000000000000000000000000000000000000000000000000000000000000000000000000000000000000000000000000000000000000000000000000000000000000000000000000000000000000000000000000000000000000000000000000000000000000000000000000000000000000000000000000000000000000000000000000000000000000000000000000000000000000000000000000000000000000000000000000000000000000000000000000000000000000000000000000000000000000000000000000000000000000000000000000000000000000000000000000000000000000000000000000000000000000000000000000000000000000000000000000000000000000000000000000000000000947494628c065f566d65616e944700000000000000008c075f565369676d61944700000000000000008c095f6574615f6d65616e94473ff00000000000008c0a5f6574615f5369676d6194473ff00000000000008c055f746f6c7894680b6811430816383daccc74473d94869452948c075f746f6c787570944740c38800000000008c075f746f6c66756e94473d719799812dea118c105f746f6c636f6e646974696f6e636f76944742d6bcc41e9000008c0d5f66756e686973745f7465726d944b2b8c0f5f66756e686973745f76616c75657394682f68314b008594683387945294284b014b56859468398942b0020000010000000000000060dc6f62fd7f000086f09eed6c324540cc84085bea774640bcaa809ce0d44440707510f8e58c4640f60157ab10044540eefa3f03e01e4640b2a08e4a68d54440e2e86af73b90454086155937a6ed44402246245bea7746400025072e5ec64440728cee09aee745407e5b77c2bde64440d8748de672444640302071352ee94440120d3f5aea7746408a55a55975d1444094468,acb223f4540846eb32b3bdb4440441913d44c6d4540903b9df2129c4440b8392c10f5454540dc125e4bd99d444058faff5aea774640cc9e3a029ab144408ee69595cf854540862ffb18bfa04440109d6e5dfea84540e261f0a0e2a4444068f26b22ca014540be98333e2bab4440ec10990389f1444086a3031cc7a44440c42f775c9df245405cb1856eeca24440c8b3beadc1f94540d2a6567059b144405c761e35d20c4540986fa557c5a24440d480f82a3ee14440e2b901e0848a4440b09fe848b1ff4440b6c7877bb0924440061fe1894ffa4440904fba85898c4440eed16240cbde4440ee93b5b888974440f4e2145cea77464090b84ec7b0954440aa3f135bea7746404c40497381824440ba2ef35aea774640c2d8bbc6ca824440ca6bcb5bea774640181fd92d5b8c4440e8bd4e5bea7746402eb779ab4a8d4440588ba25bea77464082ea3a26b08f44404859317546af4440401d7f4a4a874440b222c35bea774640163d1a3f068b44405466165bea774640726e6247d1884440008cf95aea774640f856697d558744409634776468af44403e09331784894440ecb55660374f4540a0e1a94143854440a62b275aea774640f062ea6784894440c2a4735bea774640b28f2702337d4440e64b9b65f7a6444040176086d0010000b0846086d001000030856086d001000060895b86d0010000b0856086d001000030866086d0010000d09e5b86d0010000b0006086d0010000947494628c055f635f316494682f68314b008594683387945294284b014b4e859468118942700200009b14daba32c4ea3f337941b105c182bf9b256eb1987c933fec71514199daa8bf0a2e61ec61e2bebf714b2ec9c239b9bf92f1d2c7d1b1c33f2023a5d90875bb3f90401bc40e3c92bfb786220ec348b0bf2cb06c2506c49f3f7ecf664883f2a3bfbbfa1afc45a7e83f9b57cfff65019d3f10f39aaafbc075bf9cad481f9049663f3aa84fc6733bb3bf433488c823baacbf5814796f7a1ba9bf309ca77798209abf6a29c96e94ddb53ffeebdd86513fc93f1353f8617b1d8bbf55cf7bf84c5ee43fe290d5d66d58c5bf2b6e21bd598ec9bfec45030037b29c3f90ee7571ef34c9bf011548d5405ac13f5d04c2f03bafc33feb622f2f586ba6bf816202712ebe99bf2835be211039c03f99f142962275e13f76b134531a3db0bf16007825e5a9c13fd9d4cc892b61b43fd6589e96f8a1afbf5e778a22370ab6bfe19bb05140849bbfa00ea5446d5a683ff01c9cd42b0ab4bf18e1bf7229a3e13fef7e68e468c8b43ff9d39223f608c33f76139a3fd3edb2bf1ba4439c24c0b1bfff392e7362dcbb3f665dec1af9705a3fab9b3e07cb74b5bfd347b25b7401e73fb4e61a9a60f1bb3ffd30866fecc07dbf45477833be60b23fb4b6d058fdaac03f77d0793903e2b3bf,99369d179508b9bf44b0e0bc88c9f13f1f9625732f69c3bf5662f141d2dfd0bf2cf0eb8b6ee1c43f4806b053d953903f0ac9117d785d773ff95131ccb88be83ffcb302d80677c83f0d8ce9888c8f94bf628a80536082c7bfef0cb44aa13fc63f10f70753472af13f367405c0d559c0bf31f9aeae0e55c7bffd4c3379717ccd3f1385b169b787ec3f1b29afa2a9f1b1bfbb5f64b12b0fcfbffe67d61df5abf03f68e592c98db1bbbfd54168564ac2e93f9474946275622e,PRUNED
685,685,140.0,2026-05-12 21:02:51.814807,2026-05-12 21:02:52.103367,0 days 00:00:00.288560,-32.70797725446472,40.28723946923485,23.807709995725666,44.79958863246954,62.52691575225951,72.4861211481375,-25.80859041418973,66.5314109415755,58.67797556465254,85.25530115930947,16.88274754331931,15.260138983830686,Unfeasible shape,38.0,800495a6100000000000008c0a636d6165732e5f636d61948c03434d419493942981947d94288c065f6e5f64696d944b0c8c085f706f7073697a65944b0b8c035f6d75944b058c075f6d755f656666948c166e756d70792e5f636f72652e6d756c74696172726179948c067363616c61729493948c056e756d7079948c0564747970659493948c02663894898887945294284b038c013c944e4e4e4affffffff4affffffff4b007494624308e9e8100774510b4094869452948c035f636394680b681143083e6c7d43b18cd03f94869452948c035f633194680b681143089fc67c4e93b7863f94869452948c045f636d7594680b68114308b90fbeb98d89913f94869452948c085f635f7369676d6194680b681143088289198da8f9d03f94869452948c085f645f7369676d6194680b68114308606246236a3ef43f94869452948c035f636d944b018c065f6368695f6e9447400b25064571943c8c085f776569676874739468098c0c5f7265636f6e737472756374949394680c8c076e6461727261799493944b0085944301629487945294284b014b0b8594680e8c02663894898887945294284b0368124e4e4e4affffffff4affffffff4b00749462894358538e214ba67ddb3f2c5e47761ddbd03f4c60b4a91145c53f18b8b48552e2b83f8daa7d42f660a63f00000000000000009bd0b4761a8dc0bf5806fa0273e3cebff539783e76c4d5bfddd50bc2786cdbbf0820f98e2d45e0bf947494628c085f705f7369676d6194682f68314b008594683387945294284b014b0c859468118943604191697509cbccbf19978cef0622e6bfdee0c138445ccc3f285eb715590df0bfef30c8f775a6e93f7cea57e0d5d5b33f18e6c7486513b7bfc8b70cf01409f03f9236ae10a218f33f12f707911691e73fd04af265383affbf292f41781821fa3f947494628c035f706394682f68314b008594683387945294284b014b0c85946811894360fa6fa400a4bcd4bf56b9c6758ac6e4bfe2544752ace6d33fb61e71f07e2aeabf48173e676ab5df3f95fa156ec0face3f2c879df516e3c4bfc3e9dd4ebcecf13f724d21bcd1dbf53f7862e72bb93fde3f8925f2ac81af00c011ba6dbd3bf9f63f947494628c055f6d65616e94682f68314b008594683387945294284b014b0c85946839894360d1182e679233e83f175c6f91a75fd53fc709af8acf2ac73f1992b33ea8f2dc3fe4a48a3371d3e93f6a87c3b2c5a4ee3f295ffe131e15ec3f55b4b78522aae33fae8f46acd50de13f35104a0e79afe93febcf19e5441ed03f778ea3db9579cc3f947494628c065f7369676d6194680b681143085aec736b4d25a43f94869452948c025f44944e8c025f42944e8c075f626f756e647394682f68314b008594683387945294284b014b0c4b02869468398943c00,000000000000000000000000000f03f0000000000000000000000000000f03f0000000000000000000000000000f03f0000000000000000000000000000f03f0000000000000000000000000000f03f0000000000000000000000000000f03f0000000000000000000000000000f03f0000000000000000000000000000f03f0000000000000000000000000000f03f0000000000000000000000000000f03f0000000000000000000000000000f03f0000000000000000000000000000f03f947494628c115f6e5f6d61785f726573616d706c696e67944b788c025f67944b268c095f6c725f616461707494898c065f616c70686194473ff66666666666668c0a5f626574615f6d65616e94473fb999999999999a8c0b5f626574615f5369676d6194473f9eb851eb851eb88c065f67616d6d6194473fb999999999999a8c065f456d65616e94682f68314b008594683387945294284b014b0c4b0186946839894360000000000000000000000000000000000000000000000000000000000000000000000000000000000000000000000000000000000000000000000000000000000000000000000000000000000000000000000000000000000000000000000000947494628c075f455369676d6194682f68314b008594683387945294284b014b904b018694683989428004000000000000000000000000000000000000000000000000000000000000000000000000000000000000000000000000000000000000000000000000000000000000000000000000000000000000000000000000000000000000000000000000000000000000000000000000000000000000000000000000000000000000000000000000000000000000000000000000000000000000000000000000000000000000000000000000000000000000000000000000000000000000000000000000000000000000000000000000000000000000000000000000000000000000000000000000000000000000000000000000000000000000000000000000000000000000000000000000000000000000000000000000000000000000000000000000000000000000000000000000000000000000000000000000000000000000000000000000000000000000000000000000000000000000000000000000000000000000000000000000000000000000000000000000000000000000000000000000000000000000000000000000000000000000000000000000000000000000000000000000000000000000000000000000000000000000000000000000000000000000000000000000000000000000000000000000000000000000000000000000000000000000000000000000000000000000000000000000000000000000000000000000000000000000000000000000,0000000000000000000000000000000000000000000000000000000000000000000000000000000000000000000000000000000000000000000000000000000000000000000000000000000000000000000000000000000000000000000000000000000000000000000000000000000000000000000000000000000000000000000000000000000000000000000000000000000000000000000000000000000000000000000000000000000000000000000000000000000000000000000000000000000000000000000000000000000000000000000000000000000000000000000000000000000000000000000000000000000000000000000000000000000000000000000000000000000000000000000000000000000000000000000000000000000000000000000000000000000000000000000000000000000000000000000000000000000000000000000000000000000000000000000000000000000000000000000000000000000000000000000000000000000000000000000000000000000000000000000000000000000000000000000000000000000000000000000000000000000000000000000000000000000000000000000000000000000000000000000000000000000000000000000000000000000000000000000000000000000000000000000000000000000000000000000000000000000000000000000000000000000000000000000000000000000000000000000000000000000000000000000000000000000000000000000000000000000000000000000000000000000000000000000000000000000000000000000000000000000000000000000000000000000000000000000000000000947494628c065f566d65616e944700000000000000008c075f565369676d61944700000000000000008c095f6574615f6d65616e94473ff00000000000008c0a5f6574615f5369676d6194473ff00000000000008c055f746f6c7894680b6811430816383daccc74473d94869452948c075f746f6c787570944740c38800000000008c075f746f6c66756e94473d719799812dea118c105f746f6c636f6e646974696f6e636f76944742d6bcc41e9000008c0d5f66756e686973745f7465726d944b2b8c0f5f66756e686973745f76616c75657394682f68314b008594683387945294284b014b56859468398942b0020000010000000000000060dc6f62fd7f000086f09eed6c324540cc84085bea774640bcaa809ce0d44440707510f8e58c4640f60157ab10044540eefa3f03e01e4640b2a08e4a68d54440e2e86af73b90454086155937a6ed44402246245bea7746400025072e5ec64440728cee09aee745407e5b77c2bde64440d8748de672444640302071352ee94440120d3f5aea7746408a55a55975d1444094468,acb223f4540846eb32b3bdb4440441913d44c6d4540903b9df2129c4440b8392c10f5454540dc125e4bd99d444058faff5aea774640cc9e3a029ab144408ee69595cf854540862ffb18bfa04440109d6e5dfea84540e261f0a0e2a4444068f26b22ca014540be98333e2bab4440ec10990389f1444086a3031cc7a44440c42f775c9df245405cb1856eeca24440c8b3beadc1f94540d2a6567059b144405c761e35d20c4540986fa557c5a24440d480f82a3ee14440e2b901e0848a4440b09fe848b1ff4440b6c7877bb0924440061fe1894ffa4440904fba85898c4440eed16240cbde4440ee93b5b888974440f4e2145cea77464090b84ec7b0954440aa3f135bea7746404c40497381824440ba2ef35aea774640c2d8bbc6ca824440ca6bcb5bea774640181fd92d5b8c4440e8bd4e5bea7746402eb779ab4a8d4440588ba25bea77464082ea3a26b08f44404859317546af4440401d7f4a4a874440b222c35bea774640163d1a3f068b44405466165bea774640726e6247d1884440008cf95aea774640f856697d558744409634776468af44403e09331784894440ecb55660374f4540a0e1a94143854440a62b275aea774640f062ea6784894440c2a4735bea774640b28f2702337d4440e64b9b65f7a6444040176086d0010000b0846086d001000030856086d001000060895b86d0010000b0856086d001000030866086d0010000d09e5b86d0010000b0006086d0010000947494628c055f635f316494682f68314b008594683387945294284b014b4e859468118942700200009b14daba32c4ea3f337941b105c182bf9b256eb1987c933fec71514199daa8bf0a2e61ec61e2bebf714b2ec9c239b9bf92f1d2c7d1b1c33f2023a5d90875bb3f90401bc40e3c92bfb786220ec348b0bf2cb06c2506c49f3f7ecf664883f2a3bfbbfa1afc45a7e83f9b57cfff65019d3f10f39aaafbc075bf9cad481f9049663f3aa84fc6733bb3bf433488c823baacbf5814796f7a1ba9bf309ca77798209abf6a29c96e94ddb53ffeebdd86513fc93f1353f8617b1d8bbf55cf7bf84c5ee43fe290d5d66d58c5bf2b6e21bd598ec9bfec45030037b29c3f90ee7571ef34c9bf011548d5405ac13f5d04c2f03bafc33feb622f2f586ba6bf816202712ebe99bf2835be211039c03f99f142962275e13f76b134531a3db0bf16007825e5a9c13fd9d4cc892b61b43fd6589e96f8a1afbf5e778a22370ab6bfe19bb05140849bbfa00ea5446d5a683ff01c9cd42b0ab4bf18e1bf7229a3e13fef7e68e468c8b43ff9d39223f608c33f76139a3fd3edb2bf1ba4439c24c0b1bfff392e7362dcbb3f665dec1af9705a3fab9b3e07cb74b5bfd347b25b7401e73fb4e61a9a60f1bb3ffd30866fecc07dbf45477833be60b23fb4b6d058fdaac03f77d0793903e2b3bf,99369d179508b9bf44b0e0bc88c9f13f1f9625732f69c3bf5662f141d2dfd0bf2cf0eb8b6ee1c43f4806b053d953903f0ac9117d785d773ff95131ccb88be83ffcb302d80677c83f0d8ce9888c8f94bf628a80536082c7bfef0cb44aa13fc63f10f70753472af13f367405c0d559c0bf31f9aeae0e55c7bffd4c3379717ccd3f1385b169b787ec3f1b29afa2a9f1b1bfbb5f64b12b0fcfbffe67d61df5abf03f68e592c98db1bbbfd54168564ac2e93f9474946275622e,PRUNED
