,number,value,datetime_start,datetime_complete,duration,params_highPt.rA2,params_highPt.rL1,params_highPt.rL2,params_highPt.rL3,params_highPt.x2,params_highPt.y2,params_lowPt.rA2,params_lowPt.rL1,params_lowPt.rL2,params_lowPt.rL3,params_lowPt.x2,params_lowPt.y2,user_attrs_prune,system_attrs_cma:generation,system_attrs_cma:optimizer:0,system_attrs_cma:optimizer:1,system_attrs_cma:optimizer:2,system_attrs_cma:optimizer:3,system_attrs_cma:optimizer:4,state
989,989,41.01648161255282,2026-05-12 22:02:21.809605,2026-05-12 22:02:36.472063,0 days 00:00:14.662458,-33.56866490838098,50.86184563400834,26.042136671835856,43.59243770481569,61.60670694443162,66.23264952517492,-30.22355647224326,64.73836182456259,60.64934796115678,81.65543170246433,25.679756380978485,15.973895191425578,,55.0,800495a6100000000000008c0a636d6165732e5f636d61948c03434d419493942981947d94288c065f6e5f64696d944b0c8c085f706f7073697a65944b0b8c035f6d75944b058c075f6d755f656666948c166e756d70792e5f636f72652e6d756c74696172726179948c067363616c61729493948c056e756d7079948c0564747970659493948c02663894898887945294284b038c013c944e4e4e4affffffff4affffffff4b007494624308e9e8100774510b4094869452948c035f636394680b681143083e6c7d43b18cd03f94869452948c035f633194680b681143089fc67c4e93b7863f94869452948c045f636d7594680b68114308b90fbeb98d89913f94869452948c085f635f7369676d6194680b681143088289198da8f9d03f94869452948c085f645f7369676d6194680b68114308606246236a3ef43f94869452948c035f636d944b018c065f6368695f6e9447400b25064571943c8c085f776569676874739468098c0c5f7265636f6e737472756374949394680c8c076e6461727261799493944b0085944301629487945294284b014b0b8594680e8c02663894898887945294284b0368124e4e4e4affffffff4affffffff4b00749462894358538e214ba67ddb3f2c5e47761ddbd03f4c60b4a91145c53f18b8b48552e2b83f8daa7d42f660a63f00000000000000009bd0b4761a8dc0bf5806fa0273e3cebff539783e76c4d5bfddd50bc2786cdbbf0820f98e2d45e0bf947494628c085f705f7369676d6194682f68314b008594683387945294284b014b0c85946811894360fbe1fa828d0af03f620afca5f81af43fc67f7b4086d8c73f556a571d9a74ddbfc8c9aa4f8be2cbbfc08b0f536f29b43ff47af705655dcdbfec4d2b31b0aad73f2095be4724cb7c3fc22f0ff7654a0740b8bd8fb9d698e73f331b377afc47fbbf947494628c035f706394682f68314b008594683387945294284b014b0c8594681189436032b3d96bcb1cef3f3d68fd13803ef13fe6c444dc23f6c73fdc8b0aac01ddd0bf86d0537d5c4bb4bf1cfb8d4147d7d73f4cce18a7ada4d3bfd4fced980905d63fb25e48eac0e8cebf90c3959dd4530840d48632fc6db6e93fd27677ced22900c0947494628c055f6d65616e94682f68314b008594683387945294284b014b0c85946839894360b1a4004c3c19e93ffec171c76448dc3f4566eef7c200c63fd4e9c3811588d83f2f5b012a8372ea3f9e4b60bd8d99ec3f7aff90f7fcf9ea3f385548cbc48ee33f143c35c9712ee23f594ce71c7738ea3f0d39c625dbc8d73f4f3c6e2e004bc53f947494628c065f7369676d6194680b6811430897d01af63cb59a3f94869452948c025f44944e8c025f42944e8c075f626f756e647394682f68314b008594683387945294284b014b0c4b02869468398943c00,000000000000000000000000000f03f0000000000000000000000000000f03f0000000000000000000000000000f03f0000000000000000000000000000f03f0000000000000000000000000000f03f0000000000000000000000000000f03f0000000000000000000000000000f03f0000000000000000000000000000f03f0000000000000000000000000000f03f0000000000000000000000000000f03f0000000000000000000000000000f03f0000000000000000000000000000f03f947494628c115f6e5f6d61785f726573616d706c696e67944b788c025f67944b378c095f6c725f616461707494898c065f616c70686194473ff66666666666668c0a5f626574615f6d65616e94473fb999999999999a8c0b5f626574615f5369676d6194473f9eb851eb851eb88c065f67616d6d6194473fb999999999999a8c065f456d65616e94682f68314b008594683387945294284b014b0c4b0186946839894360000000000000000000000000000000000000000000000000000000000000000000000000000000000000000000000000000000000000000000000000000000000000000000000000000000000000000000000000000000000000000000000000947494628c075f455369676d6194682f68314b008594683387945294284b014b904b018694683989428004000000000000000000000000000000000000000000000000000000000000000000000000000000000000000000000000000000000000000000000000000000000000000000000000000000000000000000000000000000000000000000000000000000000000000000000000000000000000000000000000000000000000000000000000000000000000000000000000000000000000000000000000000000000000000000000000000000000000000000000000000000000000000000000000000000000000000000000000000000000000000000000000000000000000000000000000000000000000000000000000000000000000000000000000000000000000000000000000000000000000000000000000000000000000000000000000000000000000000000000000000000000000000000000000000000000000000000000000000000000000000000000000000000000000000000000000000000000000000000000000000000000000000000000000000000000000000000000000000000000000000000000000000000000000000000000000000000000000000000000000000000000000000000000000000000000000000000000000000000000000000000000000000000000000000000000000000000000000000000000000000000000000000000000000000000000000000000000000000000000000000000000000000000000000000000000000,0000000000000000000000000000000000000000000000000000000000000000000000000000000000000000000000000000000000000000000000000000000000000000000000000000000000000000000000000000000000000000000000000000000000000000000000000000000000000000000000000000000000000000000000000000000000000000000000000000000000000000000000000000000000000000000000000000000000000000000000000000000000000000000000000000000000000000000000000000000000000000000000000000000000000000000000000000000000000000000000000000000000000000000000000000000000000000000000000000000000000000000000000000000000000000000000000000000000000000000000000000000000000000000000000000000000000000000000000000000000000000000000000000000000000000000000000000000000000000000000000000000000000000000000000000000000000000000000000000000000000000000000000000000000000000000000000000000000000000000000000000000000000000000000000000000000000000000000000000000000000000000000000000000000000000000000000000000000000000000000000000000000000000000000000000000000000000000000000000000000000000000000000000000000000000000000000000000000000000000000000000000000000000000000000000000000000000000000000000000000000000000000000000000000000000000000000000000000000000000000000000000000000000000000000000000000000000000000000000947494628c065f566d65616e944700000000000000008c075f565369676d61944700000000000000008c095f6574615f6d65616e94473ff00000000000008c0a5f6574615f5369676d6194473ff00000000000008c055f746f6c7894680b6811430816383daccc74473d94869452948c075f746f6c787570944740c38800000000008c075f746f6c66756e94473d719799812dea118c105f746f6c636f6e646974696f6e636f76944742d6bcc41e9000008c0d5f66756e686973745f7465726d944b2b8c0f5f66756e686973745f76616c75657394682f68314b008594683387945294284b014b56859468398942b00200001407cdf888834440660b9bf536b34440a0f1f988f48344400005635bea774640c60edda317844440d83ff559ea774640e078ae2dc9834440d8a5f05aea774640f238728f33864440e479865aea774640c056dd63f3804440dc78565bea77464054b65830628644408aa5955bea774640f22aaecc5b7f4440fa640f5aea77464014c1f90724804440ca93a35bea7746400e2826fbca81444054bc6,85bea774640acb749256b7e444042a8cb5aea7746401e4fd619b07d4440a4a4885bea774640c8f0496e1f7e444050e29c5aea774640cc9e3a029ab144408ee69595cf854540862ffb18bfa04440109d6e5dfea84540e261f0a0e2a4444068f26b22ca014540be98333e2bab4440ec10990389f1444086a3031cc7a44440c42f775c9df245405cb1856eeca24440c8b3beadc1f94540d2a6567059b144405c761e35d20c4540986fa557c5a24440d480f82a3ee14440e2b901e0848a4440b09fe848b1ff4440b6c7877bb0924440061fe1894ffa4440904fba85898c4440eed16240cbde4440ee93b5b888974440f4e2145cea77464090b84ec7b0954440aa3f135bea7746404c40497381824440ba2ef35aea774640c2d8bbc6ca824440ca6bcb5bea774640181fd92d5b8c4440e8bd4e5bea7746402eb779ab4a8d4440588ba25bea77464082ea3a26b08f44404859317546af4440401d7f4a4a874440b222c35bea774640163d1a3f068b44405466165bea774640726e6247d1884440008cf95aea774640f856697d558744409634776468af44403e09331784894440ecb55660374f4540a0e1a94143854440a62b275aea774640f062ea6784894440c2a4735bea774640b28f2702337d4440e64b9b65f7a64440160a8297bd8944409430195aea77464078c07bed588844406e7d1e5cea774640b80454cfb17f444054182c5bea77464042009a6c488144405056a65bea774640947494628c055f635f316494682f68314b008594683387945294284b014b4e859468118942700200006e2bd80630c5e73f98b7c8c67248c5bf2ad7c51a8a377b3f01fcabb973649cbfe8553705f2ebb7bf2d24ad0dae43a1bf4dd949ea531ab13f56b5b7af1c1fbf3fda14616549b4b5bf392e4f050091c53f0bea17da3e3aa63fe6aa0c515670c3bf4b41f9ed7897ef3f74e812f61626b4bf546e84fecbdfc1bfdbe0c71dc478b73fffe159e48225cabfa1e495f25594a6bf07347da92d7eb7bf9523738b0c42c83f3cfadaf7c87ca2bf866cf237fa54d53fec95b01dc1699cbfe4066e6e251fdd3f84cf337a2400c7bfcd741a9e92eac6bfc2e8703bf24f9a3fa9f1fb70a896c6bfa0ff3dcb1dcebb3fb3513d53ed21c13f3d0de4b9a4358c3fdd0fd27636d2b4bf7a2063a040d0a03f78fb059cb878e23f102ef014e20aafbfda9ead5f508acf3f62a8aa3f3e14c13f44072328f610aebf9da529f6a9fccebfb727003dbfa1ad3ff812c034fa879cbfe9f7ef19b64bbdbfe58f7a21c982d63fd4c0b23eb41354bf7ea79b38f0f4bd3fe093855789558c3fe494a552402bb3bfa6e1c643e7eb9a3f407249b931c47d3fa072736d59e38a3f826682692da6e43f33914eec1adfbe3f2e73de3090fb9b3fd57720c19c80babfe1b45d5d9e36d33f4d83be22cf41c1bf,215ddfedab41c3bfe2ee38bdbb38f03f1bdbb7e5d154cdbf3b0187e6e94cdcbfbaf1822f6e6fa93f6a821079b5aaa43f9db2bedb1fecb43f2da5f00e4ebfe63f44f55493e0dfcd3f660a4891d116b33f258a55e856dec6bf6e6ff7d299b1aa3f5b85b0f8da98f53f04b82eb9892fd0bf6bc65c98002eadbfac45981943b8ca3f93dd3ea5e1daf13fb64e342e825da2bfad7eaa97f672dfbfd4791790e4cfef3faf395fa588d8bebf2137a8033c03ec3f9474946275622e,COMPLETE
990,990,41.04980903878095,2026-05-12 22:02:37.984917,2026-05-12 22:02:55.484970,0 days 00:00:17.500053,-32.74671150778479,50.246224204628284,24.61926199199015,45.071944687451904,61.943967616579066,67.67732787298179,-28.339848819720757,67.30304177171222,61.9283491613743,83.98105637115405,30.678119725913447,12.960225759681922,,55.0,,,,,,COMPLETE
991,991,140.0,2026-05-12 22:02:57.088048,2026-05-12 22:02:57.313471,0 days 00:00:00.225423,-31.07917091631745,51.51590060698926,25.14774876426428,41.81452378057806,61.78843727504288,63.417664970322136,-29.443029892700125,66.88644888348799,58.46772119459012,82.93068456198046,30.019557972685618,11.015626481569566,Unfeasible shape,55.0,,,,,,PRUNED
992,992,140.0,2026-05-12 22:02:57.620896,2026-05-12 22:02:57.887052,0 days 00:00:00.266156,-33.828419798116336,51.255677004742296,26.054079092714233,44.43831637973971,63.7825408181571,67.65147234753323,-29.081173211165122,65.03301892830171,54.13541572304243,88.51914484664708,28.346603630687824,11.205383373542086,Unfeasible shape,55.0,,,,,,PRUNED
993,993,140.0,2026-05-12 22:02:58.146776,2026-05-12 22:02:58.504930,0 days 00:00:00.358154,-33.634055378092754,49.44171412917918,26.801433881550096,43.86113227571537,61.34301293354496,64.76526320740668,-30.030077584225225,67.08488190246229,65.46425977942093,81.36271237441171,28.885056099471388,15.883937948095198,Unfeasible shape,55.0,,,,,,PRUNED
994,994,44.93683952943839,2026-05-12 22:02:58.759252,2026-05-12 22:03:15.618819,0 days 00:00:16.859567,-32.60718691437501,51.67397727752847,26.879788277089787,41.29671326405885,61.96379776019919,65.0700866850845,-29.89602744119722,64.26773257239121,61.65126105918084,83.8724152340273,28.95379916168729,16.349276824034565,,55.0,,,,,,COMPLETE
995,995,44.93683942673104,2026-05-12 22:03:17.452340,2026-05-12 22:03:33.845286,0 days 00:00:16.392946,-34.83692209914815,48.7265287568446,28.41720252217665,44.643167182981905,61.50064772662106,66.63957097720494,-29.918901284622997,63.34729204424935,60.64905800522318,86.03242819168565,26.358332057637675,12.870172170968655,,55.0,,,,,,COMPLETE
996,996,41.021361951081275,2026-05-12 22:03:35.367814,2026-05-12 22:03:51.804399,0 days 00:00:16.436585,-33.27849812434457,50.40030306951451,26.421828788210476,47.056721401854844,60.53237535971908,66.49554008619305,-29.93901673413997,65.04492547027489,61.24116314784359,81.55186562354419,26.888354341512397,14.572620666703877,,55.0,,,,,,COMPLETE
997,997,140.0,2026-05-12 22:03:53.311669,2026-05-12 22:03:53.560988,0 days 00:00:00.249319,-33.88603900737031,52.205109165750315,27.053187245816737,43.514034173549675,62.401293096052754,67.67069526215035,-28.13134034384432,66.33479421304459,60.32798568893676,82.88887062954353,29.255070202098842,10.581001897003906,Unfeasible shape,55.0,,,,,,PRUNED
998,998,140.0,2026-05-12 22:03:53.813957,2026-05-12 22:03:54.078083,0 days 00:00:00.264126,-35.14317863832886,50.83912335822566,22.82861439452762,46.11949244462346,62.19126614123493,67.38121828647195,-31.139281237337926,64.36676058888457,62.19432883885911,85.9315350750179,26.684055760904517,11.479958936390622,Unfeasible shape,55.0,,,,,,PRUNED
999,999,41.01613885053341,2026-05-12 22:03:54.330064,2026-05-12 22:04:11.103077,0 days 00:00:16.773013,-32.39284570888213,46.97040914330898,23.44025722359968,45.3238993685026,62.8013988384136,66.76698335548481,-27.12765961455517,67.11888511375784,60.691538324357836,83.46543566338217,29.05833047416893,11.76424264953837,,55.0,,,,,,COMPLETE
