,number,value,datetime_start,datetime_complete,duration,params_highPt.rA2,params_highPt.rL1,params_highPt.rL2,params_highPt.rL3,params_highPt.x2,params_highPt.y2,params_lowPt.rA2,params_lowPt.rL1,params_lowPt.rL2,params_lowPt.rL3,params_lowPt.x2,params_lowPt.y2,user_attrs_prune,system_attrs_cma:generation,system_attrs_cma:optimizer:0,system_attrs_cma:optimizer:1,system_attrs_cma:optimizer:2,system_attrs_cma:optimizer:3,system_attrs_cma:optimizer:4,state
304,304,41.5380103137324,2026-05-12 19:53:01.130836,2026-05-12 19:53:20.022439,0 days 00:00:18.891603,-50.82143092871384,34.42105770264642,21.09535069501832,51.330775385534,57.59827350496359,68.58525564341645,-41.51921577685484,57.55646538124278,34.117152302399184,86.88130407275182,20.16602833803552,17.918362880375224,,18.0,800495a6100000000000008c0a636d6165732e5f636d61948c03434d419493942981947d94288c065f6e5f64696d944b0c8c085f706f7073697a65944b0b8c035f6d75944b058c075f6d755f656666948c166e756d70792e5f636f72652e6d756c74696172726179948c067363616c61729493948c056e756d7079948c0564747970659493948c02663894898887945294284b038c013c944e4e4e4affffffff4affffffff4b007494624308e9e8100774510b4094869452948c035f636394680b681143083e6c7d43b18cd03f94869452948c035f633194680b681143089fc67c4e93b7863f94869452948c045f636d7594680b68114308b90fbeb98d89913f94869452948c085f635f7369676d6194680b681143088289198da8f9d03f94869452948c085f645f7369676d6194680b68114308606246236a3ef43f94869452948c035f636d944b018c065f6368695f6e9447400b25064571943c8c085f776569676874739468098c0c5f7265636f6e737472756374949394680c8c076e6461727261799493944b0085944301629487945294284b014b0b8594680e8c02663894898887945294284b0368124e4e4e4affffffff4affffffff4b00749462894358538e214ba67ddb3f2c5e47761ddbd03f4c60b4a91145c53f18b8b48552e2b83f8daa7d42f660a63f00000000000000009bd0b4761a8dc0bf5806fa0273e3cebff539783e76c4d5bfddd50bc2786cdbbf0820f98e2d45e0bf947494628c085f705f7369676d6194682f68314b008594683387945294284b014b0c859468118943600ab66c66fd53f8bfb913ed719bd0f33fc75a56996465dabf7010ea8507cfd4bf6b657210d7c5f03f5cb51a719c5bd73f341b3625bc35d93f6eeb680ab26dd5bf99a62b2a93a4abbf086447876d8fe2bfba3ef1606ed2f1bfb83e2985b551e1bf947494628c035f706394682f68314b008594683387945294284b014b0c859468118943609d3b2dda15fbf4bf1084dec7f8c1ed3f672f64a87a68dcbf10b59aeb3a8dcbbf5e69a2c7f7e9f03ffa813bd53ba0df3f28665ddba79cd13f6268fda000ded6bfb8ab632083bab6bfad2958b731cddbbf369f9c28426cedbfa5632d3c6166d8bf947494628c055f6d65616e94682f68314b008594683387945294284b014b0c859468398943603ee487cd7d18e23f9d0b49bd5c88e03fd484c14276a4c63f76d8892e2103de3ff05e1da83f1ce93f37c52cdceef3ec3ff0ea4a59a123e73f8a8cb3d2aa23e23f149dc4c2f27ce03f0a52f268bbbce93fc952747c4953c83f23ec4636d11fcf3f947494628c065f7369676d6194680b68114308803737ec2d04b83f94869452948c025f44944e8c025f42944e8c075f626f756e647394682f68314b008594683387945294284b014b0c4b02869468398943c00,000000000000000000000000000f03f0000000000000000000000000000f03f0000000000000000000000000000f03f0000000000000000000000000000f03f0000000000000000000000000000f03f0000000000000000000000000000f03f0000000000000000000000000000f03f0000000000000000000000000000f03f0000000000000000000000000000f03f0000000000000000000000000000f03f0000000000000000000000000000f03f0000000000000000000000000000f03f947494628c115f6e5f6d61785f726573616d706c696e67944b788c025f67944b128c095f6c725f616461707494898c065f616c70686194473ff66666666666668c0a5f626574615f6d65616e94473fb999999999999a8c0b5f626574615f5369676d6194473f9eb851eb851eb88c065f67616d6d6194473fb999999999999a8c065f456d65616e94682f68314b008594683387945294284b014b0c4b0186946839894360000000000000000000000000000000000000000000000000000000000000000000000000000000000000000000000000000000000000000000000000000000000000000000000000000000000000000000000000000000000000000000000000947494628c075f455369676d6194682f68314b008594683387945294284b014b904b018694683989428004000000000000000000000000000000000000000000000000000000000000000000000000000000000000000000000000000000000000000000000000000000000000000000000000000000000000000000000000000000000000000000000000000000000000000000000000000000000000000000000000000000000000000000000000000000000000000000000000000000000000000000000000000000000000000000000000000000000000000000000000000000000000000000000000000000000000000000000000000000000000000000000000000000000000000000000000000000000000000000000000000000000000000000000000000000000000000000000000000000000000000000000000000000000000000000000000000000000000000000000000000000000000000000000000000000000000000000000000000000000000000000000000000000000000000000000000000000000000000000000000000000000000000000000000000000000000000000000000000000000000000000000000000000000000000000000000000000000000000000000000000000000000000000000000000000000000000000000000000000000000000000000000000000000000000000000000000000000000000000000000000000000000000000000000000000000000000000000000000000000000000000000000000000000000000000000000,0000000000000000000000000000000000000000000000000000000000000000000000000000000000000000000000000000000000000000000000000000000000000000000000000000000000000000000000000000000000000000000000000000000000000000000000000000000000000000000000000000000000000000000000000000000000000000000000000000000000000000000000000000000000000000000000000000000000000000000000000000000000000000000000000000000000000000000000000000000000000000000000000000000000000000000000000000000000000000000000000000000000000000000000000000000000000000000000000000000000000000000000000000000000000000000000000000000000000000000000000000000000000000000000000000000000000000000000000000000000000000000000000000000000000000000000000000000000000000000000000000000000000000000000000000000000000000000000000000000000000000000000000000000000000000000000000000000000000000000000000000000000000000000000000000000000000000000000000000000000000000000000000000000000000000000000000000000000000000000000000000000000000000000000000000000000000000000000000000000000000000000000000000000000000000000000000000000000000000000000000000000000000000000000000000000000000000000000000000000000000000000000000000000000000000000000000000000000000000000000000000000000000000000000000000000000000000000000000000947494628c065f566d65616e944700000000000000008c075f565369676d61944700000000000000008c095f6574615f6d65616e94473ff00000000000008c0a5f6574615f5369676d6194473ff00000000000008c055f746f6c7894680b6811430816383daccc74473d94869452948c075f746f6c787570944740c38800000000008c075f746f6c66756e94473d719799812dea118c105f746f6c636f6e646974696f6e636f76944742d6bcc41e9000008c0d5f66756e686973745f7465726d944b2b8c0f5f66756e686973745f76616c75657394682f68314b008594683387945294284b014b56859468398942b0020000010000000000000060dc6f62fd7f000086f09eed6c324540cc84085bea774640bcaa809ce0d44440707510f8e58c4640f60157ab10044540eefa3f03e01e4640b2a08e4a68d54440e2e86af73b90454086155937a6ed44402246245bea7746400025072e5ec64440728cee09aee745407e5b77c2bde64440d8748de672444640302071352ee94440120d3f5aea7746408a55a55975d1444094468,acb223f4540846eb32b3bdb4440441913d44c6d4540903b9df2129c4440b8392c10f5454540dc125e4bd99d444058faff5aea774640cc9e3a029ab144408ee69595cf854540862ffb18bfa04440109d6e5dfea84540e261f0a0e2a4444068f26b22ca014540be98333e2bab4440ec10990389f1444086a3031cc7a44440c42f775c9df245405cb1856eeca24440c8b3beadc1f945406e2e204561636820656e747279206d7573742062650a2020202020202020202020207374726963746c7920706f7369746976652e0a20202020202020206e203a20696e74206f722061727261795f6c696b650a202020202020202020202020546865206e756d626572206f6620747269616c732e204561636820656c656d656e74206d7573742062652061207374726963746c7920706f73697469766520696e74656765722e0a0a202020202020202052657475726e730a20202020202020202d2d2d2d2d2d2d0a20202020202020206f75743a206e6461727261790a2020202020202020202020204d65616e206f662061204469726963686c6574206d756c74696e6f6d69616c20646973747269627574696f6e2e0a0a2020202020202020e08c5b86d0010000a0955b86d001000030846086d001000050b05b86d001000040176086d0010000b0846086d001000030856086d001000060895b86d0010000b0856086d001000030866086d0010000d09e5b86d0010000b0006086d0010000947494628c055f635f316494682f68314b008594683387945294284b014b4e85946811894270020000bc52792b7ef7ea3f9abc268fd424b13fb139e8c69272c13fe0a24761a4077abfeeb801a2cdedbebf9aa50cbab515c2bf5a5b7475c529ba3fd4f488b89974c23f98255867e07e7fbf9a1fa4df3dc99dbf4e36c223aa109fbfc46104f79c72783f6c1eecf03366ed3f81d5d1e97b74ad3fe01778763702873fb2ff6c725c71a0bf710f4f6e04cfa1bfd1d81dae542d833f20edf42b5f94b03f5c50bfe2fb779abfba47381646ecb7bf13e91c1af5acb13f9ba6f5963014c53fe05a16be17fbe83fbed7f3a0b621bdbf7cf4e4b8b2b8c6bf931dae0cf65a803f78ad78d1b90bb5bf6c3a4c876bcead3f33241659ee9cb03f82889d8f077cbcbf15ba175bf085a83fc649a1f65101a83fad9362dc65d9e53fecb262a4af46bbbf97dbc830d8eca43fca46a84734b4793fb4b5b1f7ec396cbfd797a6686130593f7d4da43d5b62afbfa0b09e318d17a4bf32440f89ba6e843f2c40ab422d07f03f9fbf0cc8b209be3fd73f68137dafb53fd3431312d3e4aebfe67d3a240df2a1bfdc9c9e72daddc53fb4ab570711bb83bf7e6fa8769591babf109abbb31bd2e93f969eddc840ab96bfb6cb21fdbb419bbf38b37f2c1928873fe7b74f73e1edc13f53f560005c84b3bf,a7e7e86978e1c4bfa576661c7881f13f52caba55fb02b7bf94a4e1ed1982c2bf2c49fa453eb1633f8b53892c8daa983f91e2b0b1795dc33f8801b1a27db4ea3f3eb6c73a3aeb913f4a22bf0888f8a93f8503b6cf163bb4bf60fdda1cbb41af3f6ea85e305094f03ff92c8626e82ca2bfb3efa2e0df1b8bbfc4f990611135a5bff385c7cd8017f13f858e1d2dc725c3bfd6100a6f379ad0bfbdc6448b37b8ed3fa469eb84f359bd3fe071c6e1206eeb3f9474946275622e,COMPLETE
305,305,140.0,2026-05-12 19:53:21.530614,2026-05-12 19:53:21.788961,0 days 00:00:00.258347,-40.04647445764456,64.42565142025197,38.534724668027785,54.824897761202635,53.87419073283291,63.173776629510684,-34.11470010483931,69.68697818705695,61.53185595578705,74.13567826653397,11.033407686988989,22.099460965175812,Unfeasible shape,18.0,,,,,,PRUNED
306,306,41.48369360590614,2026-05-12 19:53:21.970272,2026-05-12 19:53:38.435923,0 days 00:00:16.465651,-47.13503078029164,62.63749839328349,13.782974049456401,48.19498254764186,64.05452438646051,58.02842437180284,-40.72033992555576,46.799711403362906,53.72797219278204,77.7172798452421,17.39165408077527,13.037149382212958,,18.0,,,,,,COMPLETE
307,307,41.424087846323985,2026-05-12 19:53:39.779979,2026-05-12 19:53:56.476438,0 days 00:00:16.696459,-55.99433293661001,65.8014350360879,23.099647492642493,49.076275227654946,63.018363649683224,63.24495989030795,-37.350792979785744,49.27312209302343,65.34322226496917,81.66620144639833,25.973861026428207,24.251153353731315,,18.0,,,,,,COMPLETE
308,308,140.0,2026-05-12 19:53:57.943260,2026-05-12 19:53:58.213734,0 days 00:00:00.270474,-49.04227315866173,53.64807267886132,36.6303110400881,50.67041445430218,61.77020971356463,58.66043380702732,-33.746361787200456,68.8188308322733,55.59325953566808,81.61200821453458,27.54369602188626,23.603568028891686,Unfeasible shape,18.0,,,,,,PRUNED
309,309,140.0,2026-05-12 19:53:58.458918,2026-05-12 19:53:58.738358,0 days 00:00:00.279440,-44.6651081947039,71.33665468943812,32.256740597354536,49.10008287081182,65.33122038312393,63.02572195365376,-31.8420555245657,70.83667135696834,50.85645051749298,61.73097191850364,25.381856731130906,16.001281335027645,Unfeasible shape,18.0,,,,,,PRUNED
310,310,42.015119975648005,2026-05-12 19:53:58.892947,2026-05-12 19:54:15.011972,0 days 00:00:16.119025,-46.18754633643515,53.1534344227709,26.153037243891493,40.21292081746223,54.700926465464846,72.86408950208833,-39.22872528513983,60.11769385534858,48.236237345556404,86.79717309415652,15.47024418445909,11.627514210729526,,18.0,,,,,,COMPLETE
311,311,140.0,2026-05-12 19:54:16.398383,2026-05-12 19:54:16.665635,0 days 00:00:00.267252,-41.526671785657186,67.02518166724703,22.789433366298,52.33045338366233,57.944775634385536,68.01493429862843,-29.54319980873514,59.02028624930506,59.03907929584514,77.5122005310565,18.028724990151954,21.79104377678665,Unfeasible shape,18.0,,,,,,PRUNED
312,312,41.38554195624387,2026-05-12 19:54:16.843556,2026-05-12 19:54:35.663073,0 days 00:00:18.819517,-41.569385281305394,56.91501947119832,23.289294505363465,54.59859034038883,55.17555570937803,66.79606761357824,-35.917668794466515,50.157943325696024,61.93087713508099,82.17322200286982,12.768536921616906,10.553505280585663,,18.0,,,,,,COMPLETE
313,313,41.40895626030529,2026-05-12 19:54:37.051731,2026-05-12 19:54:54.289990,0 days 00:00:17.238259,-41.201508960192456,54.730296140442746,17.96642968584125,63.00499552390426,59.94886242074861,69.31218282282715,-39.8065816248985,76.35813177379612,65.73130758330004,69.1567377516759,17.93858635836115,31.04851611098452,,18.0,,,,,,COMPLETE
314,314,140.0,2026-05-12 19:54:55.749902,2026-05-12 19:54:56.018373,0 days 00:00:00.268471,-48.11473953712483,58.3211093935521,14.28063798770568,63.05795471114662,64.52873559885215,61.835683932454714,-39.26314907978275,59.1297291932543,59.15523684933754,83.03043918458923,22.39104158866016,18.972377521132398,Unfeasible shape,18.0,,,,,,PRUNED
315,315,140.0,2026-05-12 19:54:56.183795,2026-05-12 19:54:56.431294,0 days 00:00:00.247499,-49.61606291398493,57.895602596607105,28.956802135683613,52.207540776457904,54.12699387379298,66.32040018970798,-28.574478495940433,69.31678229123835,44.507028731653946,75.96096040585014,1.7129913633916778,21.814979067427114,Unfeasible shape,18.0,,,,,,PRUNED
316,316,42.10016502368373,2026-05-12 19:54:56.581263,2026-05-12 19:55:10.991470,0 days 00:00:14.410207,-48.940895463059206,72.25121258653536,25.73228874555968,47.47489959239085,49.123168955899295,73.68524157224898,-34.03583645188882,58.169690056742006,47.313636269033346,75.75717686021706,18.482929750334463,26.803466515824752,,18.0,,,,,,COMPLETE
317,317,41.40032356165395,2026-05-12 19:55:12.290568,2026-05-12 19:55:28.934819,0 days 00:00:16.644251,-35.84343497140258,61.467147090265286,28.12151742923329,49.89502218674547,51.83886011637893,67.21531052509191,-22.8863252544756,62.98157305205958,60.99109507531367,86.69621084931275,19.218705118213876,13.996725948579888,,18.0,,,,,,COMPLETE
318,318,41.60855767982342,2026-05-12 19:55:30.385954,2026-05-12 19:55:45.369540,0 days 00:00:14.983586,-45.73697964454865,62.85138835426005,26.271740443960944,61.73239753217035,52.77278262676029,70.49628608688027,-34.755547997376354,67.46989073283206,53.0377741781246,82.47738069963086,3.250637654689444,19.20479307595756,,18.0,,,,,,COMPLETE
319,319,41.81613106651103,2026-05-12 19:55:46.874151,2026-05-12 19:56:05.482489,0 days 00:00:18.608338,-42.15663994216827,76.54704067636263,26.589226943593506,67.88911545241272,52.177545323447994,60.38156090777559,-29.371417232217787,66.21393178010072,47.4063522076557,73.47906433340191,5.171486444578593,31.597891505470418,,18.0,,,,,,COMPLETE
320,320,140.0,2026-05-12 19:56:06.897964,2026-05-12 19:56:07.130728,0 days 00:00:00.232764,-52.707256735077536,56.71813286784399,19.665273704664784,41.839358024126014,60.27263633769573,70.47426914098209,-40.347096861229176,76.00039999748432,57.11457493538778,86.93071991918245,12.49002980958737,9.39764718513117,Unfeasible shape,18.0,,,,,,PRUNED
321,321,41.69084478883201,2026-05-12 19:56:07.301163,2026-05-12 19:56:23.774902,0 days 00:00:16.473739,-47.27057649498427,43.27060150880931,34.35882862486385,54.960615508858126,51.911940742252035,62.0302448610804,-56.170225747141686,54.288359328587106,72.07341730526156,76.20684167612778,20.792593453881235,19.30195087089436,,18.0,,,,,,COMPLETE
