,number,value,datetime_start,datetime_complete,duration,params_highPt.rA2,params_highPt.rL1,params_highPt.rL2,params_highPt.rL3,params_highPt.x2,params_highPt.y2,params_lowPt.rA2,params_lowPt.rL1,params_lowPt.rL2,params_lowPt.rL3,params_lowPt.x2,params_lowPt.y2,user_attrs_prune,system_attrs_cma:generation,system_attrs_cma:optimizer:0,system_attrs_cma:optimizer:1,system_attrs_cma:optimizer:2,system_attrs_cma:optimizer:3,system_attrs_cma:optimizer:4,state
942,942,41.19713423192508,2026-05-12 21:52:06.815344,2026-05-12 21:52:23.905666,0 days 00:00:17.090322,-32.87814877379348,43.2470855375474,23.785298069047514,47.727957180884026,59.49183663723975,66.83624103322666,-29.472775264849197,61.76757760695369,54.492147565328864,77.73466024657762,28.712762538002508,12.23429089293294,,52.0,800495a6100000000000008c0a636d6165732e5f636d61948c03434d419493942981947d94288c065f6e5f64696d944b0c8c085f706f7073697a65944b0b8c035f6d75944b058c075f6d755f656666948c166e756d70792e5f636f72652e6d756c74696172726179948c067363616c61729493948c056e756d7079948c0564747970659493948c02663894898887945294284b038c013c944e4e4e4affffffff4affffffff4b007494624308e9e8100774510b4094869452948c035f636394680b681143083e6c7d43b18cd03f94869452948c035f633194680b681143089fc67c4e93b7863f94869452948c045f636d7594680b68114308b90fbeb98d89913f94869452948c085f635f7369676d6194680b681143088289198da8f9d03f94869452948c085f645f7369676d6194680b68114308606246236a3ef43f94869452948c035f636d944b018c065f6368695f6e9447400b25064571943c8c085f776569676874739468098c0c5f7265636f6e737472756374949394680c8c076e6461727261799493944b0085944301629487945294284b014b0b8594680e8c02663894898887945294284b0368124e4e4e4affffffff4affffffff4b00749462894358538e214ba67ddb3f2c5e47761ddbd03f4c60b4a91145c53f18b8b48552e2b83f8daa7d42f660a63f00000000000000009bd0b4761a8dc0bf5806fa0273e3cebff539783e76c4d5bfddd50bc2786cdbbf0820f98e2d45e0bf947494628c085f705f7369676d6194682f68314b008594683387945294284b014b0c85946811894360615100ed3ae0ed3fe09e101e19edb03f936ac8cf2b61bfbffa870ad5e577bcbf28eeab6c8fc5db3fc01895da5b4bbabf20e56e93f8bedfbfacd86f99c5e3e4bf38b1d80f4e20b2bf52b24d473265f03f25ca77f40ab6ea3fc0212637f9abd03f947494628c035f706394682f68314b008594683387945294284b014b0c859468118943606c3c3a3af29fe53f906dcaf57ad5b93f2481786ae15ec4bf974dcca481cbbcbfb90c2c0a876bc53f8038cfd45398a7bf8cc32ead69dccfbf016a470bf27cdcbfea6bac37dbc2d0bf4d2c1f4157e9eb3fc979b63c448fe83f741ee3bca849babf947494628c055f6d65616e94682f68314b008594683387945294284b014b0c859468398943602005f24304aee83f43a9846fdf58da3f35db373f3526c53ff50012ba5528d93f26122dda1873ea3f91317689e36aec3f359530946180eb3f321d9e6647f3e23f5d742decf5eae13f7bbc871d1942e83ff755997f023dd73f7673ebf54750cb3f947494628c065f7369676d6194680b68114308f7fee3583bfb9c3f94869452948c025f44944e8c025f42944e8c075f626f756e647394682f68314b008594683387945294284b014b0c4b02869468398943c00,000000000000000000000000000f03f0000000000000000000000000000f03f0000000000000000000000000000f03f0000000000000000000000000000f03f0000000000000000000000000000f03f0000000000000000000000000000f03f0000000000000000000000000000f03f0000000000000000000000000000f03f0000000000000000000000000000f03f0000000000000000000000000000f03f0000000000000000000000000000f03f0000000000000000000000000000f03f947494628c115f6e5f6d61785f726573616d706c696e67944b788c025f67944b348c095f6c725f616461707494898c065f616c70686194473ff66666666666668c0a5f626574615f6d65616e94473fb999999999999a8c0b5f626574615f5369676d6194473f9eb851eb851eb88c065f67616d6d6194473fb999999999999a8c065f456d65616e94682f68314b008594683387945294284b014b0c4b0186946839894360000000000000000000000000000000000000000000000000000000000000000000000000000000000000000000000000000000000000000000000000000000000000000000000000000000000000000000000000000000000000000000000000947494628c075f455369676d6194682f68314b008594683387945294284b014b904b018694683989428004000000000000000000000000000000000000000000000000000000000000000000000000000000000000000000000000000000000000000000000000000000000000000000000000000000000000000000000000000000000000000000000000000000000000000000000000000000000000000000000000000000000000000000000000000000000000000000000000000000000000000000000000000000000000000000000000000000000000000000000000000000000000000000000000000000000000000000000000000000000000000000000000000000000000000000000000000000000000000000000000000000000000000000000000000000000000000000000000000000000000000000000000000000000000000000000000000000000000000000000000000000000000000000000000000000000000000000000000000000000000000000000000000000000000000000000000000000000000000000000000000000000000000000000000000000000000000000000000000000000000000000000000000000000000000000000000000000000000000000000000000000000000000000000000000000000000000000000000000000000000000000000000000000000000000000000000000000000000000000000000000000000000000000000000000000000000000000000000000000000000000000000000000000000000000000000000,0000000000000000000000000000000000000000000000000000000000000000000000000000000000000000000000000000000000000000000000000000000000000000000000000000000000000000000000000000000000000000000000000000000000000000000000000000000000000000000000000000000000000000000000000000000000000000000000000000000000000000000000000000000000000000000000000000000000000000000000000000000000000000000000000000000000000000000000000000000000000000000000000000000000000000000000000000000000000000000000000000000000000000000000000000000000000000000000000000000000000000000000000000000000000000000000000000000000000000000000000000000000000000000000000000000000000000000000000000000000000000000000000000000000000000000000000000000000000000000000000000000000000000000000000000000000000000000000000000000000000000000000000000000000000000000000000000000000000000000000000000000000000000000000000000000000000000000000000000000000000000000000000000000000000000000000000000000000000000000000000000000000000000000000000000000000000000000000000000000000000000000000000000000000000000000000000000000000000000000000000000000000000000000000000000000000000000000000000000000000000000000000000000000000000000000000000000000000000000000000000000000000000000000000000000000000000000000000000000947494628c065f566d65616e944700000000000000008c075f565369676d61944700000000000000008c095f6574615f6d65616e94473ff00000000000008c0a5f6574615f5369676d6194473ff00000000000008c055f746f6c7894680b6811430816383daccc74473d94869452948c075f746f6c787570944740c38800000000008c075f746f6c66756e94473d719799812dea118c105f746f6c636f6e646974696f6e636f76944742d6bcc41e9000008c0d5f66756e686973745f7465726d944b2b8c0f5f66756e686973745f76616c75657394682f68314b008594683387945294284b014b56859468398942b00200001407cdf888834440660b9bf536b34440a0f1f988f48344400005635bea774640c60edda317844440d83ff559ea774640e078ae2dc9834440d8a5f05aea774640f238728f33864440e479865aea774640c056dd63f3804440dc78565bea77464054b65830628644408aa5955bea774640f22aaecc5b7f4440fa640f5aea77464014c1f90724804440ca93a35bea7746400e2826fbca81444054bc6,85bea774640846eb32b3bdb4440441913d44c6d4540903b9df2129c4440b8392c10f5454540dc125e4bd99d444058faff5aea774640cc9e3a029ab144408ee69595cf854540862ffb18bfa04440109d6e5dfea84540e261f0a0e2a4444068f26b22ca014540be98333e2bab4440ec10990389f1444086a3031cc7a44440c42f775c9df245405cb1856eeca24440c8b3beadc1f94540d2a6567059b144405c761e35d20c4540986fa557c5a24440d480f82a3ee14440e2b901e0848a4440b09fe848b1ff4440b6c7877bb0924440061fe1894ffa4440904fba85898c4440eed16240cbde4440ee93b5b888974440f4e2145cea77464090b84ec7b0954440aa3f135bea7746404c40497381824440ba2ef35aea774640c2d8bbc6ca824440ca6bcb5bea774640181fd92d5b8c4440e8bd4e5bea7746402eb779ab4a8d4440588ba25bea77464082ea3a26b08f44404859317546af4440401d7f4a4a874440b222c35bea774640163d1a3f068b44405466165bea774640726e6247d1884440008cf95aea774640f856697d558744409634776468af44403e09331784894440ecb55660374f4540a0e1a94143854440a62b275aea774640f062ea6784894440c2a4735bea774640b28f2702337d4440e64b9b65f7a64440160a8297bd8944409430195aea77464078c07bed588844406e7d1e5cea774640b80454cfb17f444054182c5bea77464042009a6c488144405056a65bea774640947494628c055f635f316494682f68314b008594683387945294284b014b4e85946811894270020000ee72c27307f7e63f1686081c08dec6bfd256bab98a82843f5c5c3bca1ab292bf893403b2e89cb9bf752ff39ffd6e95bf77c8c80e5a85b43f70b68242c579bb3fa6228d08ac4bb8bf3901c5fdb18db33f0065d477d81d9c3fe6d987283889bbbffd2c1015f82def3fd8fed398b294b0bfc1ddd2cf7d9ac1bf6f8d702d4bfeb73fd8f4222f4a6fcdbf74fafa9666f89dbf28eb8aed0cd5b9bf623da7d80638ca3fbf8c977e5b28c0bf05ded484eaf8d33fe8f72578a117b23f816be50ad759e03f454abc8843d6c5bf5a43b604e33bcabf6b930e4468569d3f741396673d3bccbf4bdb7fab2abebb3fc06536c246c3c23fb4bfb090113e793f8390fc8ffc6bb7bfacb51cab3357ab3f01010d9fe7fbe23f21ff472cf832b4bfb418b9c7178ad03fd0ba26742657bf3f094780432107a8bf6b4954ef7b42d0bf8473a9438359b53fa0fcc2ebe3e894bfe2714736de42c3bf39c657f71c82d83f579e85bb5b46743f194b466e9607c23fe8360b52e8377c3f6771d5f05aceb5bfc8292230c18fa13fc86f6e94fbd7963f4232800a3439853fee88f3de6622e73f6695b9218813b73faeb7d9a66f38a03f879e50c584abb8bf8da9108e0a4bd43f7e8233b28940bfbf,5ba422e2acc4c7bfdecb7ea577edf03f037be17b5c88c9bf55bf2e1b43cadabf0a87d659cb91b53fac0fc434159ea93f26ccc899b0cca13f4c8d87a212fae63f091f4f26aa76cc3f6da296822453b23fe3d2bb62b15ec7bf6b996ae2ac89b13fab1c0281324ff63f8c1f459a6a9ecbbfece9d9b7c7b6b6bff4de55422713cf3f606f7283863fef3f72883e00fb97bbbf30d3a0563689d6bf0bbdeb5737daef3f55d0a082ed50b1bf4eb6f4aa1716e93f9474946275622e,COMPLETE
943,943,140.0,2026-05-12 21:52:25.413988,2026-05-12 21:52:25.685154,0 days 00:00:00.271166,-34.130978921833616,44.30642091913923,23.16876913118376,45.96618362974127,62.03125806681273,65.45464061121851,-27.93164400753796,59.72750907345653,57.422422181840496,77.77722364877755,30.12887810315777,16.788790840919905,Unfeasible shape,52.0,,,,,,PRUNED
944,944,41.12139230503651,2026-05-12 21:52:25.945782,2026-05-12 21:52:43.466710,0 days 00:00:17.520928,-35.37996778154032,43.057397712501896,22.906327675533973,50.28515693293896,61.37073175866391,68.66282225530301,-27.323403570901377,62.801749435953894,56.2212034206623,75.79055565833733,28.439488632772044,15.876486680493757,,52.0,,,,,,COMPLETE
945,945,140.0,2026-05-12 21:52:44.967701,2026-05-12 21:52:45.207299,0 days 00:00:00.239598,-36.505657995260904,44.89808541403082,25.62507317920184,45.738234609098285,62.02239622141419,69.15785288915356,-26.79087032232109,63.47563307515891,53.99198414746632,80.4845441923241,28.060377005214615,15.114810405397218,Unfeasible shape,52.0,,,,,,PRUNED
946,946,41.02191321242398,2026-05-12 21:52:45.470473,2026-05-12 21:53:03.081945,0 days 00:00:17.611472,-36.98925706598684,49.15012453554919,22.66214626271858,48.09962377896154,63.901250970678845,67.74363756683901,-28.06212514774038,63.15185784475968,59.24543993687962,74.28072122695518,26.603883489737033,17.617734515959743,,52.0,,,,,,COMPLETE
947,947,40.98797544892676,2026-05-12 21:53:04.653511,2026-05-12 21:53:21.758134,0 days 00:00:17.104623,-35.78724044863175,51.03254853244225,25.26739070627101,42.71053518996996,63.02149108631935,67.0875186963276,-28.9180141167705,64.02309301193327,62.07121985136804,77.50803047694198,26.299493760607824,16.254854184875345,,52.0,,,,,,COMPLETE
948,948,140.0,2026-05-12 21:53:23.317837,2026-05-12 21:53:23.598349,0 days 00:00:00.280512,-33.81745531590699,48.098802757171086,25.038949216701994,41.56838560312792,64.07154544954294,63.13684503259304,-27.585289111483974,63.37451627925642,61.116705080527225,79.01202295082258,30.711972969376117,17.565906028298272,Unfeasible shape,52.0,,,,,,PRUNED
949,949,41.00698880424444,2026-05-12 21:53:23.888399,2026-05-12 21:53:40.950442,0 days 00:00:17.062043,-36.05750972613554,42.9098961754815,25.2482076308262,44.41446729511846,62.58868852679339,67.78340678868366,-26.709867097599492,61.629414619480954,59.344481518508196,79.10885025752812,25.07542021117182,18.854488369091392,,52.0,,,,,,COMPLETE
950,950,44.93683943695261,2026-05-12 21:53:42.470969,2026-05-12 21:53:58.762368,0 days 00:00:16.291399,-32.52770628046187,50.04215817715319,28.15113189475419,45.246056476951246,60.66589103098926,66.09181388918837,-31.91655922988094,62.51621290926383,62.168932552340245,74.30965742043925,28.026648907158986,16.93393324391124,,52.0,,,,,,COMPLETE
951,951,44.93683941427152,2026-05-12 21:54:00.253649,2026-05-12 21:54:16.940608,0 days 00:00:16.686959,-34.92671165577226,48.30510911266627,22.486657246232717,43.92339180159686,65.38310646107524,68.40461973689172,-27.352158019435116,61.8029505916548,54.78094507149959,79.41439565975912,31.9169244343004,13.947652109841096,,52.0,,,,,,COMPLETE
952,952,40.997151856879356,2026-05-12 21:54:18.497890,2026-05-12 21:54:34.573429,0 days 00:00:16.075539,-32.65732474378736,48.24615077727701,24.653285967052454,44.54401736320401,62.46283815012928,65.08231670194503,-29.93624136564891,65.4282394755167,60.20959075822743,80.88869550423931,26.724689351131616,15.301917618973,,52.0,,,,,,COMPLETE
953,953,40.98764482593046,2026-05-12 21:54:36.080797,2026-05-12 21:54:52.772084,0 days 00:00:16.691287,-31.934274794761073,46.3125236121962,24.89347423111967,45.654439820211046,62.026016296833475,65.62411282150404,-30.375196931743773,65.58996197105532,64.67888654897186,77.7517923849827,26.31578870129422,15.79677428596778,,52.0,,,,,,COMPLETE
954,954,41.027803175102605,2026-05-12 21:54:54.320330,2026-05-12 21:55:10.428681,0 days 00:00:16.108351,-33.89025383850026,50.304564929558396,24.96970366073679,45.44650833022189,62.15701012781703,67.88134659840239,-29.182815202390103,62.85802527780039,60.76572778838412,73.65814895361618,29.493236790933622,14.675124178615082,,52.0,,,,,,COMPLETE
955,955,41.07694409209283,2026-05-12 21:55:11.959999,2026-05-12 21:55:29.100922,0 days 00:00:17.140923,-33.66628355789217,53.340233608304416,24.388440990865863,43.59172900711067,61.84038656628344,65.23817817089449,-28.766381128513316,65.5707410701223,62.954292925766396,77.26151025083318,29.70535228196983,18.140968293484818,,52.0,,,,,,COMPLETE
