,number,value,datetime_start,datetime_complete,duration,params_highPt.rA2,params_highPt.rL1,params_highPt.rL2,params_highPt.rL3,params_highPt.x2,params_highPt.y2,params_lowPt.rA2,params_lowPt.rL1,params_lowPt.rL2,params_lowPt.rL3,params_lowPt.x2,params_lowPt.y2,user_attrs_prune,system_attrs_cma:generation,system_attrs_cma:optimizer:0,system_attrs_cma:optimizer:1,system_attrs_cma:optimizer:2,system_attrs_cma:optimizer:3,system_attrs_cma:optimizer:4,state
53,53,42.30412941094903,2026-05-12 19:04:15.038491,2026-05-12 19:04:28.866913,0 days 00:00:13.828422,-35.33314294158639,44.41245824457267,36.392378621673416,45.503537660426666,26.05301394698724,32.820783441812566,-43.48203663586968,44.392644838754705,38.14207720577991,67.76853976817559,28.868699897269508,25.231560761204022,,3.0,800495a6100000000000008c0a636d6165732e5f636d61948c03434d419493942981947d94288c065f6e5f64696d944b0c8c085f706f7073697a65944b0b8c035f6d75944b058c075f6d755f656666948c166e756d70792e5f636f72652e6d756c74696172726179948c067363616c61729493948c056e756d7079948c0564747970659493948c02663894898887945294284b038c013c944e4e4e4affffffff4affffffff4b007494624308e9e8100774510b4094869452948c035f636394680b681143083e6c7d43b18cd03f94869452948c035f633194680b681143089fc67c4e93b7863f94869452948c045f636d7594680b68114308b90fbeb98d89913f94869452948c085f635f7369676d6194680b681143088289198da8f9d03f94869452948c085f645f7369676d6194680b68114308606246236a3ef43f94869452948c035f636d944b018c065f6368695f6e9447400b25064571943c8c085f776569676874739468098c0c5f7265636f6e737472756374949394680c8c076e6461727261799493944b0085944301629487945294284b014b0b8594680e8c02663894898887945294284b0368124e4e4e4affffffff4affffffff4b00749462894358538e214ba67ddb3f2c5e47761ddbd03f4c60b4a91145c53f18b8b48552e2b83f8daa7d42f660a63f00000000000000009bd0b4761a8dc0bf5806fa0273e3cebff539783e76c4d5bfddd50bc2786cdbbf0820f98e2d45e0bf947494628c085f705f7369676d6194682f68314b008594683387945294284b014b0c859468118943608636c6e4a9dbe33f42f1321ec51ce53f39bb23d55f04e0bf2c4d427f3668d1bf6096aacee28eeabfa6dbb4ef5a99ed3f6aab87acd9a8ef3f647d7bfca259df3f0ed36c094dc1adbf3f45c898e359e4bfa31388aa0b46e2bf919fd0b56074c13f947494628c035f706394682f68314b008594683387945294284b014b0c8594681189436099ff2910975ae43f327995b85c3ee43f21bad62d164cdfbf80eecec46c3bd0bfdc7830810e7beabfcfc246713156ed3fa956538559f1ee3f92d0fff58526dd3f489f76e788e3b4bf71f7c4e21c67e4bf322c5ac7df52e2bf5d10b4749ba5bc3f947494628c055f6d65616e94682f68314b008594683387945294284b014b0c85946839894360220679d7133fe43f9c239d2a35e2e13f7655a7948d86da3f68a14e6f2d5cde3f343f5c2f4bb8d53ff48cb58e1a62e63f4fcc85ca6b07e43f05e66f40cbece33f80580026144be03fe42cacfee3a6de3f3e820c697defd53ffc6b78831148e03f947494628c065f7369676d6194680b68114308282b9f1031a6c13f94869452948c025f44944e8c025f42944e8c075f626f756e647394682f68314b008594683387945294284b014b0c4b02869468398943c00,000000000000000000000000000f03f0000000000000000000000000000f03f0000000000000000000000000000f03f0000000000000000000000000000f03f0000000000000000000000000000f03f0000000000000000000000000000f03f0000000000000000000000000000f03f0000000000000000000000000000f03f0000000000000000000000000000f03f0000000000000000000000000000f03f0000000000000000000000000000f03f0000000000000000000000000000f03f947494628c115f6e5f6d61785f726573616d706c696e67944b788c025f67944b038c095f6c725f616461707494898c065f616c70686194473ff66666666666668c0a5f626574615f6d65616e94473fb999999999999a8c0b5f626574615f5369676d6194473f9eb851eb851eb88c065f67616d6d6194473fb999999999999a8c065f456d65616e94682f68314b008594683387945294284b014b0c4b0186946839894360000000000000000000000000000000000000000000000000000000000000000000000000000000000000000000000000000000000000000000000000000000000000000000000000000000000000000000000000000000000000000000000000947494628c075f455369676d6194682f68314b008594683387945294284b014b904b018694683989428004000000000000000000000000000000000000000000000000000000000000000000000000000000000000000000000000000000000000000000000000000000000000000000000000000000000000000000000000000000000000000000000000000000000000000000000000000000000000000000000000000000000000000000000000000000000000000000000000000000000000000000000000000000000000000000000000000000000000000000000000000000000000000000000000000000000000000000000000000000000000000000000000000000000000000000000000000000000000000000000000000000000000000000000000000000000000000000000000000000000000000000000000000000000000000000000000000000000000000000000000000000000000000000000000000000000000000000000000000000000000000000000000000000000000000000000000000000000000000000000000000000000000000000000000000000000000000000000000000000000000000000000000000000000000000000000000000000000000000000000000000000000000000000000000000000000000000000000000000000000000000000000000000000000000000000000000000000000000000000000000000000000000000000000000000000000000000000000000000000000000000000000000000000000000000000000000,0000000000000000000000000000000000000000000000000000000000000000000000000000000000000000000000000000000000000000000000000000000000000000000000000000000000000000000000000000000000000000000000000000000000000000000000000000000000000000000000000000000000000000000000000000000000000000000000000000000000000000000000000000000000000000000000000000000000000000000000000000000000000000000000000000000000000000000000000000000000000000000000000000000000000000000000000000000000000000000000000000000000000000000000000000000000000000000000000000000000000000000000000000000000000000000000000000000000000000000000000000000000000000000000000000000000000000000000000000000000000000000000000000000000000000000000000000000000000000000000000000000000000000000000000000000000000000000000000000000000000000000000000000000000000000000000000000000000000000000000000000000000000000000000000000000000000000000000000000000000000000000000000000000000000000000000000000000000000000000000000000000000000000000000000000000000000000000000000000000000000000000000000000000000000000000000000000000000000000000000000000000000000000000000000000000000000000000000000000000000000000000000000000000000000000000000000000000000000000000000000000000000000000000000000000000000000000000000000000947494628c065f566d65616e944700000000000000008c075f565369676d61944700000000000000008c095f6574615f6d65616e94473ff00000000000008c0a5f6574615f5369676d6194473ff00000000000008c055f746f6c7894680b6811430816383daccc74473d94869452948c075f746f6c787570944740c38800000000008c075f746f6c66756e94473d719799812dea118c105f746f6c636f6e646974696f6e636f76944742d6bcc41e9000008c0d5f66756e686973745f7465726d944b2b8c0f5f66756e686973745f76616c75657394682f68314b008594683387945294284b014b56859468398942b0020000010000000000000060dc6f62fd7f000086f09eed6c324540cc84085bea774640bcaa809ce0d44440707510f8e58c4640f60157ab10044540eefa3f03e01e46406c6574206d756c74696e6f6d69616c20646973747269627574696f6e2e0a0a2020202020202020506172616d65746572730a20202020202020202d2d2d2d2d2d2d2d2d2d0a2020202020202020616c706861203a2061727261795,f6c696b650a20202020202020202020202054686520636f6e63656e74726174696f6e20706172616d65746572732e20546865206e756d626572206f6620656e747269657320616c6f6e6720746865206c61737420617869730a20202020202020202020202064657465726d696e6573207468652064696d656e73696f6e616c697479206f662074686520646973747269627574696f6e2e204561636820656e747279206d7573742062650a2020202020202020202020207374726963746c7920706f7369746976652e0a20202020202020206e203a20696e74206f722061727261795f6c696b650a202020202020202020202020546865206e756d626572206f6620747269616c732e204561636820656c656d656e74206d7573742062652061207374726963746c7920706f73697469766520696e74656765722e0a0a202020202020202052657475726e730a20202020202020202d2d2d2d2d2d2d0a20202020202020206f75743a206e6461727261790a2020202020202020202020204d65616e206f662061204469726963686c6574206d756c74696e6f6d69616c20646973747269627574696f6e2e0a0a2020202020202020e08c5b86d0010000a0955b86d001000030846086d001000050b05b86d001000040176086d0010000b0846086d001000030856086d001000060895b86d0010000b0856086d001000030866086d0010000d09e5b86d0010000b0006086d0010000947494628c055f635f316494682f68314b008594683387945294284b014b4e85946811894270020000fcc7be3228ebed3f427d347d64b49c3f6b454fe68583943f683c28edead19dbfc3186facb19490bfea3a5b9cb11698bf480afc1d38409e3f14a87a85a2469c3fdf4f71b901a2a4bf0e2d52f64f07a5bfbe76c346e5aa9fbf9b90215500dba9bf9a56a02bf309ee3f6cb89e39dc10803fea316e7d0ba79a3f4474a2bf409562bfe667564c751f70bff36c3edf617095bf3958ed2664119dbfee294628bb2597bf7a7735f4ed87a2bfee13145dd3559d3f4e330e1f8dfe903f6b0e42a7b652ed3f66452e96f7037a3f33f90d0226c1883f86af363065157b3fb0938613329ea1bfc7072b674016953f1bef050b19ebab3f58e51cabf774803fa0013b6a768d8a3fa0bbceb42f9b2cbf0520c022be86ee3f8ac2353e9a43623fcc4695cc475aa3bfb8d4782729d8923f4edc17616c7d91bf974c2ed227c29dbf015b0a3a69b664bf84741d3e94b367bfd27ea6df287380bff41a34b8083ef03f2ca0719209b080bfb18b3998829491bf851adc8e63c694bfbafc135e82a598bfe07f853ee61c763f6e465ff5c276953ffc0b3f2cfbc896bfab2752d2fc4fef3f40489e9a2ae454bffc0b09e15528a63ffcbfaa88ebdd833ff18cc65c066e923fca2855cffbc2b0bf,f4f1e7019b06a13f3e3ca078678fef3f94424d3c879a9fbf30535f4d7cdea7bf20188663f5bda4bf14a432d5027078bf94160b0e8ebd88bf0a2bf3c3a27def3f89b5f713b120983f0d61a22dc867903f4c51e351b0e0a7bff48488fd8fac553f57261c092347ef3fec32f95d4381863fa8166c2b9d68a0bf66c2769e82ac86bf31ba8b34cc61f03f7869843dbb59a3bf4e314f35823f893f94addf6090b8f03f65e75cd4b15ca0bfc2bcb8ce01d2ed3f9474946275622e,COMPLETE
54,54,41.71182580984883,2026-05-12 19:04:30.284214,2026-05-12 19:04:46.053775,0 days 00:00:15.769561,-30.560126011478893,50.00881026866872,35.825197096476955,47.63432971164587,40.18555527854976,56.73193346739231,-37.36724326916417,79.38810500967716,85.14727845315497,58.23121925886068,10.097964383611806,41.95600575234431,,3.0,,,,,,COMPLETE
55,55,42.25811940777024,2026-05-12 19:04:47.579711,2026-05-12 19:05:02.618328,0 days 00:00:15.038617,-41.62944219103876,74.72716719143062,64.20683411053668,46.99506464153314,10.850285212842799,61.2550170838731,-38.819857453343246,74.62959798003493,49.38271011703401,64.44816265330478,9.915214416002446,33.58644663364993,,3.0,,,,,,COMPLETE
56,56,43.1268300315876,2026-05-12 19:05:04.211384,2026-05-12 19:05:18.842771,0 days 00:00:14.631387,-44.43938143740835,71.18633040145191,44.335906813175136,44.485656668231314,11.21657165218229,54.326901273442196,-33.610949666000785,76.50560864098925,54.188637934413954,55.95123934343096,29.547589080021247,34.82672748088698,,3.0,,,,,,COMPLETE
57,57,42.70718370480661,2026-05-12 19:05:20.359703,2026-05-12 19:05:34.730134,0 days 00:00:14.370431,-47.85002523328149,65.71881240907672,61.62636078369732,50.709649786349445,12.07552034961165,43.67810166115028,-49.35103557957878,78.13408521731158,52.06934427832774,42.31219886849779,44.36886345821279,40.11155001453329,,3.0,,,,,,COMPLETE
58,58,43.034988272437985,2026-05-12 19:05:36.226545,2026-05-12 19:06:01.267857,0 days 00:00:25.041312,-55.78485780850872,34.11244502158825,25.426348834990407,48.4125630789109,22.125867699579388,42.36533259391795,-33.110829078212085,91.89445923803025,64.07045991670262,54.41903890784131,26.450024152962303,45.67468501028164,,3.0,,,,,,COMPLETE
59,59,41.66724521602863,2026-05-12 19:06:02.745574,2026-05-12 19:06:17.967022,0 days 00:00:15.221448,-33.777603384977766,66.37720039304409,60.99996620100578,45.14444668284079,31.94917691773482,53.87484973110695,-33.739858653938406,91.52560088241624,50.08490673385336,52.82198889811639,26.858133365328325,36.062453380128005,,3.0,,,,,,COMPLETE
60,60,42.145519222984674,2026-05-12 19:06:19.509806,2026-05-12 19:06:33.297279,0 days 00:00:13.787473,-35.627888431091094,62.28282805424732,33.30613174421596,62.92055856598182,28.138120106549948,40.16720664575714,-35.438149587471074,76.2840850161982,53.50148639464507,51.715683719617736,20.79338101775146,39.074746446785035,,3.0,,,,,,COMPLETE
61,61,42.38412272429221,2026-05-12 19:06:35.137845,2026-05-12 19:06:49.425643,0 days 00:00:14.287798,-48.429663011065294,71.67110737842243,46.81584443424827,51.80750896662771,19.792689068471734,51.88234980419579,-39.214254971900544,54.35877202275239,71.43780882665956,55.85886446902591,25.901913908252112,28.494694376294788,,3.0,,,,,,COMPLETE
62,62,140.0,2026-05-12 19:06:50.849598,2026-05-12 19:06:51.075717,0 days 00:00:00.226119,-52.960451945289705,45.29065854381114,31.590437266479917,66.63469161455424,32.49553828710192,50.499524625656676,-44.04585398453134,84.75665097214298,55.381872944210635,44.93101428816544,23.689586995715846,26.854200517217322,Unfeasible shape,3.0,,,,,,PRUNED
63,63,42.01998410725582,2026-05-12 19:06:51.223756,2026-05-12 19:07:05.222325,0 days 00:00:13.998569,-32.395799110650394,69.1286173835135,40.006887659676764,61.632223924199664,26.163494444835994,61.09312431596029,-41.55663074305856,39.34419525624628,63.16766137415209,40.330054982644945,25.379982073801358,40.33245767425685,,3.0,,,,,,COMPLETE
64,64,41.754736307962304,2026-05-12 19:07:06.570070,2026-05-12 19:07:24.880361,0 days 00:00:18.310291,-41.363733131142105,23.284825745982207,37.77252882207611,56.86550821803968,39.66898309653067,60.38637894371559,-32.04537051546784,47.19681598901804,22.283904852784275,79.69667785657558,27.394737248875032,28.271545332496867,,3.0,,,,,,COMPLETE
