,number,value,datetime_start,datetime_complete,duration,params_highPt.rA2,params_highPt.rL1,params_highPt.rL2,params_highPt.rL3,params_highPt.x2,params_highPt.y2,params_lowPt.rA2,params_lowPt.rL1,params_lowPt.rL2,params_lowPt.rL3,params_lowPt.x2,params_lowPt.y2,user_attrs_prune,system_attrs_cma:generation,system_attrs_cma:optimizer:0,system_attrs_cma:optimizer:1,system_attrs_cma:optimizer:2,system_attrs_cma:optimizer:3,system_attrs_cma:optimizer:4,state
322,322,41.65656742236531,2026-05-12 19:56:25.131783,2026-05-12 19:56:42.134122,0 days 00:00:17.002339,-41.510972296225646,63.803018769208634,20.63310819925631,45.01103241393785,57.36614408546273,66.09756087607514,-31.997337718677784,49.98898950133707,54.45629258078018,77.48946953639192,15.8707192720202,23.87052703170331,,19.0,800495a6100000000000008c0a636d6165732e5f636d61948c03434d419493942981947d94288c065f6e5f64696d944b0c8c085f706f7073697a65944b0b8c035f6d75944b058c075f6d755f656666948c166e756d70792e5f636f72652e6d756c74696172726179948c067363616c61729493948c056e756d7079948c0564747970659493948c02663894898887945294284b038c013c944e4e4e4affffffff4affffffff4b007494624308e9e8100774510b4094869452948c035f636394680b681143083e6c7d43b18cd03f94869452948c035f633194680b681143089fc67c4e93b7863f94869452948c045f636d7594680b68114308b90fbeb98d89913f94869452948c085f635f7369676d6194680b681143088289198da8f9d03f94869452948c085f645f7369676d6194680b68114308606246236a3ef43f94869452948c035f636d944b018c065f6368695f6e9447400b25064571943c8c085f776569676874739468098c0c5f7265636f6e737472756374949394680c8c076e6461727261799493944b0085944301629487945294284b014b0b8594680e8c02663894898887945294284b0368124e4e4e4affffffff4affffffff4b00749462894358538e214ba67ddb3f2c5e47761ddbd03f4c60b4a91145c53f18b8b48552e2b83f8daa7d42f660a63f00000000000000009bd0b4761a8dc0bf5806fa0273e3cebff539783e76c4d5bfddd50bc2786cdbbf0820f98e2d45e0bf947494628c085f705f7369676d6194682f68314b008594683387945294284b014b0c8594681189436000ef9bf8b46295bffddab45552d2f43f969535d32d7eecbfc0b6cf3799b671bfb7931c2c46b4d23f49adc4a2a621c03f988f22fe6ad7ee3f5265c6437574eabfe69582847f67ec3f564a92977cb8e2bf12b0b3b51b1fd5bff80281c8aeb8ecbf947494628c035f706394682f68314b008594683387945294284b014b0c85946811894360001294b72579653f22f98ac8c197f03f5cafdfeaab1ce7bf1aecd807ed63b83f22424a6ceeb2d43f3d04e4d0ab6cc23f5ec8f6e59b9dec3fc0e901fd6245e8bf05983d8cb5b1e93fe5375f6e1705e1bfde2789d7ae87cdbf78bedeb545efe3bf947494628c055f6d65616e94682f68314b008594683387945294284b014b0c8594683989436011b8a514a774e43f1453be7bc85fe13fe66a7799d2d5c23fd8e124d8083fdf3f0511fad4f2fee73f1b91bc65146aec3f3c5aa1eb64cfe83fb1d32d2fc7f1e03f8e5ccb905f97e23f254b7d9eb43ae93f96ed091354b1cc3fa9b0b14137d4cb3f947494628c065f7369676d6194680b6811430826f6f6aac6b9b63f94869452948c025f44944e8c025f42944e8c075f626f756e647394682f68314b008594683387945294284b014b0c4b02869468398943c00,000000000000000000000000000f03f0000000000000000000000000000f03f0000000000000000000000000000f03f0000000000000000000000000000f03f0000000000000000000000000000f03f0000000000000000000000000000f03f0000000000000000000000000000f03f0000000000000000000000000000f03f0000000000000000000000000000f03f0000000000000000000000000000f03f0000000000000000000000000000f03f0000000000000000000000000000f03f947494628c115f6e5f6d61785f726573616d706c696e67944b788c025f67944b138c095f6c725f616461707494898c065f616c70686194473ff66666666666668c0a5f626574615f6d65616e94473fb999999999999a8c0b5f626574615f5369676d6194473f9eb851eb851eb88c065f67616d6d6194473fb999999999999a8c065f456d65616e94682f68314b008594683387945294284b014b0c4b0186946839894360000000000000000000000000000000000000000000000000000000000000000000000000000000000000000000000000000000000000000000000000000000000000000000000000000000000000000000000000000000000000000000000000947494628c075f455369676d6194682f68314b008594683387945294284b014b904b018694683989428004000000000000000000000000000000000000000000000000000000000000000000000000000000000000000000000000000000000000000000000000000000000000000000000000000000000000000000000000000000000000000000000000000000000000000000000000000000000000000000000000000000000000000000000000000000000000000000000000000000000000000000000000000000000000000000000000000000000000000000000000000000000000000000000000000000000000000000000000000000000000000000000000000000000000000000000000000000000000000000000000000000000000000000000000000000000000000000000000000000000000000000000000000000000000000000000000000000000000000000000000000000000000000000000000000000000000000000000000000000000000000000000000000000000000000000000000000000000000000000000000000000000000000000000000000000000000000000000000000000000000000000000000000000000000000000000000000000000000000000000000000000000000000000000000000000000000000000000000000000000000000000000000000000000000000000000000000000000000000000000000000000000000000000000000000000000000000000000000000000000000000000000000000000000000000000000000,0000000000000000000000000000000000000000000000000000000000000000000000000000000000000000000000000000000000000000000000000000000000000000000000000000000000000000000000000000000000000000000000000000000000000000000000000000000000000000000000000000000000000000000000000000000000000000000000000000000000000000000000000000000000000000000000000000000000000000000000000000000000000000000000000000000000000000000000000000000000000000000000000000000000000000000000000000000000000000000000000000000000000000000000000000000000000000000000000000000000000000000000000000000000000000000000000000000000000000000000000000000000000000000000000000000000000000000000000000000000000000000000000000000000000000000000000000000000000000000000000000000000000000000000000000000000000000000000000000000000000000000000000000000000000000000000000000000000000000000000000000000000000000000000000000000000000000000000000000000000000000000000000000000000000000000000000000000000000000000000000000000000000000000000000000000000000000000000000000000000000000000000000000000000000000000000000000000000000000000000000000000000000000000000000000000000000000000000000000000000000000000000000000000000000000000000000000000000000000000000000000000000000000000000000000000000000000000000000000947494628c065f566d65616e944700000000000000008c075f565369676d61944700000000000000008c095f6574615f6d65616e94473ff00000000000008c0a5f6574615f5369676d6194473ff00000000000008c055f746f6c7894680b6811430816383daccc74473d94869452948c075f746f6c787570944740c38800000000008c075f746f6c66756e94473d719799812dea118c105f746f6c636f6e646974696f6e636f76944742d6bcc41e9000008c0d5f66756e686973745f7465726d944b2b8c0f5f66756e686973745f76616c75657394682f68314b008594683387945294284b014b56859468398942b0020000010000000000000060dc6f62fd7f000086f09eed6c324540cc84085bea774640bcaa809ce0d44440707510f8e58c4640f60157ab10044540eefa3f03e01e4640b2a08e4a68d54440e2e86af73b90454086155937a6ed44402246245bea7746400025072e5ec64440728cee09aee745407e5b77c2bde64440d8748de672444640302071352ee94440120d3f5aea7746408a55a55975d1444094468,acb223f4540846eb32b3bdb4440441913d44c6d4540903b9df2129c4440b8392c10f5454540dc125e4bd99d444058faff5aea774640cc9e3a029ab144408ee69595cf854540862ffb18bfa04440109d6e5dfea84540e261f0a0e2a4444068f26b22ca014540be98333e2bab4440ec10990389f1444086a3031cc7a44440c42f775c9df245405cb1856eeca24440c8b3beadc1f94540d2a6567059b144405c761e35d20c454073742062650a2020202020202020202020207374726963746c7920706f7369746976652e0a20202020202020206e203a20696e74206f722061727261795f6c696b650a202020202020202020202020546865206e756d626572206f6620747269616c732e204561636820656c656d656e74206d7573742062652061207374726963746c7920706f73697469766520696e74656765722e0a0a202020202020202052657475726e730a20202020202020202d2d2d2d2d2d2d0a20202020202020206f75743a206e6461727261790a2020202020202020202020204d65616e206f662061204469726963686c6574206d756c74696e6f6d69616c20646973747269627574696f6e2e0a0a2020202020202020e08c5b86d0010000a0955b86d001000030846086d001000050b05b86d001000040176086d0010000b0846086d001000030856086d001000060895b86d0010000b0856086d001000030866086d0010000d09e5b86d0010000b0006086d0010000947494628c055f635f316494682f68314b008594683387945294284b014b4e859468118942700200007f4c369c40b1eb3f25587129b7e5b13f60dd32f4475dc13fac1e613fd33f85bfaef8520598aac1bfe9161c26d929c1bfb5c0dd6da374be3f2f45a86f2e60c23f0052d58738ac53bfdc6f68c70c909ebf2673a698851097bf047bf81a1f8765bf113d3a0d19ebeb3f7691386b0cd6aa3f14b959f3566d77bff88e4055562261bf6e7d3b04ef1ba5bf0e301baf310d83bf1ded048bc4aca73feb48ee9e5e5d913f783352518752b3bfcfbc67b1b8c6b43fd88dc5b5d02fbd3f91efa4dbd841e93f0004df87cd8ebebf4370dad5f8e6c6bf6213d1d93d8d853f25e20d8ad587b3bf5d45206a3e19b13f2f867f6ab7d0a93f474ede88898cb9bfe8a1acfad3eca73ff6b060f978f6a83f10bb4a3c7990e43f612ca26cccd5bcbf728915e590c3b03ff26fd0c7acdd85bf3ed80aa8bd1f84bf6212e81136c281bff929e674f631acbf299505eee92c93bffd52aabc215384bf948e634bde5bef3f31b67e748a83c03f5f7183efbb4eb33ff34da292c311b0bfda76475aa146adbf302b899a61c0c33f2ecfb4d1aaa783bfa4427c1b1306b5bf6c8ebce0574de93f3f1cfb53d99397bf1cde45b76d7d93bff8b631e96c1c9d3f212f64f38138c13fe83cca4fd6dfb5bf,4e8320d6b8dcc3bfce7bd30e4e76f13f550204a8df81bbbf9096537424b4bcbf94c38414def9853fceffa54c5da0a53f50edcdb69ccdbd3f030063e83a92eb3f40d9b40d4020873fc1a014adcf8ea83fe501310c947eb0bf5cc41534c11db53ffd287eca594af03fb3abb32649a6a7bff48fa67f250a8cbf7745a0d155f2a3bf5a8e3d09ef0bf13f28a8ef09821ec3bf2220bf417508cfbf19b3e5430c4ded3fe6c55bd92914c03f904bd805780beb3f9474946275622e,COMPLETE
323,323,41.271647411135916,2026-05-12 19:56:43.505527,2026-05-12 19:57:01.218239,0 days 00:00:17.712712,-37.50230631699742,48.991700427834,22.275481172266414,46.61702100444634,59.912735209345385,62.599094084085316,-27.942160246543658,53.43224132840824,54.3572295002684,77.79549387114686,25.07468445963336,21.829306014549584,,19.0,,,,,,COMPLETE
324,324,41.735721483726834,2026-05-12 19:57:02.649846,2026-05-12 19:57:19.764015,0 days 00:00:17.114169,-43.03532232319999,50.81337632730829,17.742931105074515,57.702952653499004,48.69155292803334,59.89044097720497,-43.747330676852975,55.27408766951915,63.376702988490386,91.29310217596544,18.29135898718645,18.508777988710868,,19.0,,,,,,COMPLETE
325,325,41.61261703009791,2026-05-12 19:57:21.169914,2026-05-12 19:57:37.388101,0 days 00:00:16.218187,-41.36466035204769,63.5709698183861,27.782252814015724,61.894022691699746,46.79715773547867,67.56203835298916,-32.187983403726946,48.154659740659646,63.11746639751453,68.23523217783053,18.868869643686388,11.69286685151577,,19.0,,,,,,COMPLETE
326,326,41.68099935786414,2026-05-12 19:57:38.770871,2026-05-12 19:57:52.899836,0 days 00:00:14.128965,-38.297419928390646,60.921108783237855,31.655982854224217,56.67529075882586,45.69174060630358,57.828144060371635,-32.60118114578222,57.305283663085675,63.403161750433284,84.6282625672996,21.0789926683051,5.745702343050373,,19.0,,,,,,COMPLETE
327,327,41.60847532548313,2026-05-12 19:57:54.329339,2026-05-12 19:58:10.574228,0 days 00:00:16.244889,-38.516052162147524,51.499341698414966,26.81361020524554,50.500133501063814,49.728343835691156,66.98857966370387,-35.04441575329184,54.522216711404084,72.08194193981964,80.5784679595957,5.537580514295091,13.561494217769681,,19.0,,,,,,COMPLETE
328,328,41.71275895450336,2026-05-12 19:58:11.969347,2026-05-12 19:58:26.578395,0 days 00:00:14.609048,-41.93507725093196,56.189139098952374,24.520160915324087,45.72784096046687,54.02659133972477,68.51891940049791,-28.046075912853603,54.86210523664983,67.07606991755574,71.5619058289243,9.582791023682251,9.024296733945908,,19.0,,,,,,COMPLETE
329,329,140.0,2026-05-12 19:58:28.010415,2026-05-12 19:58:28.231619,0 days 00:00:00.221204,-40.71534777729542,72.53413376237413,20.123179102110086,64.72913198639392,51.90403309575899,71.37727381679767,-34.18896636556321,67.13082310678004,76.03490128688316,84.01590976697949,29.57863389945195,16.10734943044493,Unfeasible shape,19.0,,,,,,PRUNED
330,330,41.75970971235225,2026-05-12 19:58:28.404798,2026-05-12 19:58:44.620945,0 days 00:00:16.216147,-35.08057700547618,58.32243380171903,24.599924725476768,57.02072825227975,42.80088749089187,67.9277305290868,-31.283678972876608,51.70213622114495,63.78166286394071,81.81185243173898,13.927332446950043,5.626956895509337,,19.0,,,,,,COMPLETE
331,331,41.6358957155408,2026-05-12 19:58:46.122582,2026-05-12 19:59:02.678435,0 days 00:00:16.555853,-40.29088793072691,67.45311425176831,13.69059437774104,55.32714355242629,59.791390051151076,58.904058950943046,-41.260163677325565,66.35364252811941,49.29219641536252,57.845094403803884,11.899438771853182,12.920166242688317,,19.0,,,,,,COMPLETE
332,332,140.0,2026-05-12 19:59:04.005635,2026-05-12 19:59:04.299253,0 days 00:00:00.293618,-42.224062141515034,59.11956845393924,20.190913568560156,53.426645548724714,67.2773372617989,72.39557537473245,-48.93245886943775,62.93223002282535,74.99547768776743,83.92276083517432,15.510002221560667,11.344077680324066,Unfeasible shape,19.0,,,,,,PRUNED
333,333,41.584330655378736,2026-05-12 19:59:04.481331,2026-05-12 19:59:21.621138,0 days 00:00:17.139807,-37.294603392953654,55.2083157978415,14.909448832360843,56.39234439804748,56.027326139434166,67.86151443731022,-33.35223106222943,73.741782911396,50.797784940570985,74.08463949433846,17.65269530650773,13.3837475018846,,19.0,,,,,,COMPLETE
334,334,41.590050153500314,2026-05-12 19:59:23.107045,2026-05-12 19:59:42.098651,0 days 00:00:18.991606,-47.70483887325517,51.607647379057724,18.988693825814977,59.09181813411112,55.281757645312986,66.68355605500972,-36.385541886611826,56.962263092394494,56.31585619331539,80.26336644005379,15.555076801523143,20.499685544334728,,19.0,,,,,,COMPLETE
