,number,value,datetime_start,datetime_complete,duration,params_highPt.rA2,params_highPt.rL1,params_highPt.rL2,params_highPt.rL3,params_highPt.x2,params_highPt.y2,params_lowPt.rA2,params_lowPt.rL1,params_lowPt.rL2,params_lowPt.rL3,params_lowPt.x2,params_lowPt.y2,user_attrs_prune,system_attrs_cma:generation,system_attrs_cma:optimizer:0,system_attrs_cma:optimizer:1,system_attrs_cma:optimizer:2,system_attrs_cma:optimizer:3,system_attrs_cma:optimizer:4,state
65,65,140.0,2026-05-12 19:07:26.655913,2026-05-12 19:07:26.905814,0 days 00:00:00.249901,-23.614477769782674,83.07565568788348,39.02752209744763,56.75439983201023,42.73829849129543,57.160155795988246,-32.28296390928654,78.9187004037379,70.8101208184081,52.400177176007844,29.181021853507115,46.574342155989626,Unfeasible shape,4.0,800495a6100000000000008c0a636d6165732e5f636d61948c03434d419493942981947d94288c065f6e5f64696d944b0c8c085f706f7073697a65944b0b8c035f6d75944b058c075f6d755f656666948c166e756d70792e5f636f72652e6d756c74696172726179948c067363616c61729493948c056e756d7079948c0564747970659493948c02663894898887945294284b038c013c944e4e4e4affffffff4affffffff4b007494624308e9e8100774510b4094869452948c035f636394680b681143083e6c7d43b18cd03f94869452948c035f633194680b681143089fc67c4e93b7863f94869452948c045f636d7594680b68114308b90fbeb98d89913f94869452948c085f635f7369676d6194680b681143088289198da8f9d03f94869452948c085f645f7369676d6194680b68114308606246236a3ef43f94869452948c035f636d944b018c065f6368695f6e9447400b25064571943c8c085f776569676874739468098c0c5f7265636f6e737472756374949394680c8c076e6461727261799493944b0085944301629487945294284b014b0b8594680e8c02663894898887945294284b0368124e4e4e4affffffff4affffffff4b00749462894358538e214ba67ddb3f2c5e47761ddbd03f4c60b4a91145c53f18b8b48552e2b83f8daa7d42f660a63f00000000000000009bd0b4761a8dc0bf5806fa0273e3cebff539783e76c4d5bfddd50bc2786cdbbf0820f98e2d45e0bf947494628c085f705f7369676d6194682f68314b008594683387945294284b014b0c859468118943607247916d13fafa3fe0e7f9f9f659a4bfefebc4729685d8bf35796a6e62d3dbbf5b8c711b5b01e13f3d5fff0a7e24f13f9fa08fe63464fd3fb1e0eee3806ef43f2a2ca544ff4e983fc06d2e8e9bfd8ebf7ed1a0617727e9bf60acf2db4ba194bf947494628c035f706394682f68314b008594683387945294284b014b0c85946811894360aae9e1072a7efa3f509326e99034afbf0899be5a537ad7bf3275c9c26572dcbf5ca2d033347cdf3faef8a207084ef13f3eef046ba4bbfc3f36d6106dbf16f43f659fbf8ff3ab9fbf28adae8e0ab4a3bfc10be41ed953ebbf77cc28612074b2bf947494628c055f6d65616e94682f68314b008594683387945294284b014b0c8594683989436020949ec3c775e83f82daa6e5e8fedf3f05bf1c3bc37eda3f07eff51cff88dc3f10bb76674596dd3fb95adf8924d0e73fb7215ea02edee73f10e1e03ade30e73f386ce5020366e03fc8a3687bfcdee03f4ad4055823e1d23fb7fa35e5aa75df3f947494628c065f7369676d6194680b68114308f21960206370c13f94869452948c025f44944e8c025f42944e8c075f626f756e647394682f68314b008594683387945294284b014b0c4b02869468398943c00,000000000000000000000000000f03f0000000000000000000000000000f03f0000000000000000000000000000f03f0000000000000000000000000000f03f0000000000000000000000000000f03f0000000000000000000000000000f03f0000000000000000000000000000f03f0000000000000000000000000000f03f0000000000000000000000000000f03f0000000000000000000000000000f03f0000000000000000000000000000f03f0000000000000000000000000000f03f947494628c115f6e5f6d61785f726573616d706c696e67944b788c025f67944b048c095f6c725f616461707494898c065f616c70686194473ff66666666666668c0a5f626574615f6d65616e94473fb999999999999a8c0b5f626574615f5369676d6194473f9eb851eb851eb88c065f67616d6d6194473fb999999999999a8c065f456d65616e94682f68314b008594683387945294284b014b0c4b0186946839894360000000000000000000000000000000000000000000000000000000000000000000000000000000000000000000000000000000000000000000000000000000000000000000000000000000000000000000000000000000000000000000000000947494628c075f455369676d6194682f68314b008594683387945294284b014b904b018694683989428004000000000000000000000000000000000000000000000000000000000000000000000000000000000000000000000000000000000000000000000000000000000000000000000000000000000000000000000000000000000000000000000000000000000000000000000000000000000000000000000000000000000000000000000000000000000000000000000000000000000000000000000000000000000000000000000000000000000000000000000000000000000000000000000000000000000000000000000000000000000000000000000000000000000000000000000000000000000000000000000000000000000000000000000000000000000000000000000000000000000000000000000000000000000000000000000000000000000000000000000000000000000000000000000000000000000000000000000000000000000000000000000000000000000000000000000000000000000000000000000000000000000000000000000000000000000000000000000000000000000000000000000000000000000000000000000000000000000000000000000000000000000000000000000000000000000000000000000000000000000000000000000000000000000000000000000000000000000000000000000000000000000000000000000000000000000000000000000000000000000000000000000000000000000000000000000000,0000000000000000000000000000000000000000000000000000000000000000000000000000000000000000000000000000000000000000000000000000000000000000000000000000000000000000000000000000000000000000000000000000000000000000000000000000000000000000000000000000000000000000000000000000000000000000000000000000000000000000000000000000000000000000000000000000000000000000000000000000000000000000000000000000000000000000000000000000000000000000000000000000000000000000000000000000000000000000000000000000000000000000000000000000000000000000000000000000000000000000000000000000000000000000000000000000000000000000000000000000000000000000000000000000000000000000000000000000000000000000000000000000000000000000000000000000000000000000000000000000000000000000000000000000000000000000000000000000000000000000000000000000000000000000000000000000000000000000000000000000000000000000000000000000000000000000000000000000000000000000000000000000000000000000000000000000000000000000000000000000000000000000000000000000000000000000000000000000000000000000000000000000000000000000000000000000000000000000000000000000000000000000000000000000000000000000000000000000000000000000000000000000000000000000000000000000000000000000000000000000000000000000000000000000000000000000000000000000947494628c065f566d65616e944700000000000000008c075f565369676d61944700000000000000008c095f6574615f6d65616e94473ff00000000000008c0a5f6574615f5369676d6194473ff00000000000008c055f746f6c7894680b6811430816383daccc74473d94869452948c075f746f6c787570944740c38800000000008c075f746f6c66756e94473d719799812dea118c105f746f6c636f6e646974696f6e636f76944742d6bcc41e9000008c0d5f66756e686973745f7465726d944b2b8c0f5f66756e686973745f76616c75657394682f68314b008594683387945294284b014b56859468398942b0020000010000000000000060dc6f62fd7f000086f09eed6c324540cc84085bea774640bcaa809ce0d44440707510f8e58c4640f60157ab10044540eefa3f03e01e4640b2a08e4a68d54440e2e86af73b904540646973747269627574696f6e2e0a0a2020202020202020506172616d65746572730a20202020202020202d2d2d2d2d2d2d2d2d2d0a2020202020202020616c706861203a2061727261795,f6c696b650a20202020202020202020202054686520636f6e63656e74726174696f6e20706172616d65746572732e20546865206e756d626572206f6620656e747269657320616c6f6e6720746865206c61737420617869730a20202020202020202020202064657465726d696e6573207468652064696d656e73696f6e616c697479206f662074686520646973747269627574696f6e2e204561636820656e747279206d7573742062650a2020202020202020202020207374726963746c7920706f7369746976652e0a20202020202020206e203a20696e74206f722061727261795f6c696b650a202020202020202020202020546865206e756d626572206f6620747269616c732e204561636820656c656d656e74206d7573742062652061207374726963746c7920706f73697469766520696e74656765722e0a0a202020202020202052657475726e730a20202020202020202d2d2d2d2d2d2d0a20202020202020206f75743a206e6461727261790a2020202020202020202020204d65616e206f662061204469726963686c6574206d756c74696e6f6d69616c20646973747269627574696f6e2e0a0a2020202020202020e08c5b86d0010000a0955b86d001000030846086d001000050b05b86d001000040176086d0010000b0846086d001000030856086d001000060895b86d0010000b0856086d001000030866086d0010000d09e5b86d0010000b0006086d0010000947494628c055f635f316494682f68314b008594683387945294284b014b4e859468118942700200005b33083dd0b8ee3ffded22e9ac21993f147e711649a9753fe1e6ea677a0aa9bfb9ff395ec5fa89bfa37941cf16cf7dbf9821ca111e96b63fbe8e875d8bf5b63fc2368e85bbda8fbf05261e767621a6bf6ef6bb6c81e6a6bf8b014a22a6dda9bf204e89e90c8fed3fdc4be711caf6653fdf88bef40a5e9f3f446a6989bd25843f8080f901ebad99bf8abc3114e86ca3bf88e842a1255c7fbf8e61448ca3248bbf943360d2b3ddacbf1bc3cf933959983f25963eda341da43ff589b81e6d0eed3fa819b1b6bff064bf0095c4fa345a7e3fbaf12c959d9f6bbf1eff766d6b6e93bf06d6bad7dfbaa53f67e2b3b824a0aa3f06487537fd2b8b3f783825ce4c13893f849ed890d2813ebfacbb9c3a1177ee3f2e364358134a97bfd5c33a82fe70a7bf2ef5543eb5d2933f4f7c153f24749abfa5a57acee0c0a1bf0cff0d746f4c513fc7a93ee75803853f9e4f096d8a6089bf1968c0d00092ef3f241044471b7643bf20bbdeacbe119e3f559badd54ce3993f25a02e8e0c0195bf2ef7e3200d0c8f3fd6c63d0efcdba03f0cde4f2e7eb1a1bfaf7adcd9915cef3f6eea236414b4953f0c03d086fb72af3fded3cf66ac55783ffd81be24abdc943fd5d56f6d3a30b1bf,52b9ee9ec84aa03fd73944d69d11f03fb851a1520ebf86bfb078add58057afbf613fd29f2c2da6bfb5232fcb9be697bf7a19871c597e86bfa1b196b24d00f03fca0588aa3fd2a43fc1a05c6ba899923f21f9258fc70fb5bffcd9a931e66189bf616c26185c15f03f7821b484031f69bfbb56a397d4caa6bf86718af2e832773fc3aec6b7eb7cf03f3a30dee7ea7f9fbf02486bd6de618b3fd7f85f5e979ff03fe75abef76a67a1bf677c84257675ed3f9474946275622e,PRUNED
66,66,42.3895349309563,2026-05-12 19:07:27.109226,2026-05-12 19:07:41.974853,0 days 00:00:14.865627,-40.84296191409702,59.14833804965699,46.65117845400497,47.233959918763034,18.46204747921132,42.77648471043853,-34.250331456394306,72.60941760484722,59.62062294486135,69.02606780581007,19.0323182671174,31.294312577076166,,4.0,800495a6100000000000008c0a636d6165732e5f636d61948c03434d419493942981947d94288c065f6e5f64696d944b0c8c085f706f7073697a65944b0b8c035f6d75944b058c075f6d755f656666948c166e756d70792e5f636f72652e6d756c74696172726179948c067363616c61729493948c056e756d7079948c0564747970659493948c02663894898887945294284b038c013c944e4e4e4affffffff4affffffff4b007494624308e9e8100774510b4094869452948c035f636394680b681143083e6c7d43b18cd03f94869452948c035f633194680b681143089fc67c4e93b7863f94869452948c045f636d7594680b68114308b90fbeb98d89913f94869452948c085f635f7369676d6194680b681143088289198da8f9d03f94869452948c085f645f7369676d6194680b68114308606246236a3ef43f94869452948c035f636d944b018c065f6368695f6e9447400b25064571943c8c085f776569676874739468098c0c5f7265636f6e737472756374949394680c8c076e6461727261799493944b0085944301629487945294284b014b0b8594680e8c02663894898887945294284b0368124e4e4e4affffffff4affffffff4b00749462894358538e214ba67ddb3f2c5e47761ddbd03f4c60b4a91145c53f18b8b48552e2b83f8daa7d42f660a63f00000000000000009bd0b4761a8dc0bf5806fa0273e3cebff539783e76c4d5bfddd50bc2786cdbbf0820f98e2d45e0bf947494628c085f705f7369676d6194682f68314b008594683387945294284b014b0c859468118943607247916d13fafa3fe0e7f9f9f659a4bfefebc4729685d8bf35796a6e62d3dbbf5b8c711b5b01e13f3d5fff0a7e24f13f9fa08fe63464fd3fb1e0eee3806ef43f2a2ca544ff4e983fc06d2e8e9bfd8ebf7ed1a0617727e9bf60acf2db4ba194bf947494628c035f706394682f68314b008594683387945294284b014b0c85946811894360aae9e1072a7efa3f509326e99034afbf0899be5a537ad7bf3275c9c26572dcbf5ca2d033347cdf3faef8a207084ef13f3eef046ba4bbfc3f36d6106dbf16f43f659fbf8ff3ab9fbf28adae8e0ab4a3bfc10be41ed953ebbf77cc28612074b2bf947494628c055f6d65616e94682f68314b008594683387945294284b014b0c8594683989436020949ec3c775e83f82daa6e5e8fedf3f05bf1c3bc37eda3f07eff51cff88dc3f10bb76674596dd3fb95adf8924d0e73fb7215ea02edee73f10e1e03ade30e73f386ce5020366e03fc8a3687bfcdee03f4ad4055823e1d23fb7fa35e5aa75df3f947494628c065f7369676d6194680b68114308f21960206370c13f94869452948c025f44944e8c025f42944e8c075f626f756e647394682f68314b008594683387945294284b014b0c4b02869468398943c00,000000000000000000000000000f03f0000000000000000000000000000f03f0000000000000000000000000000f03f0000000000000000000000000000f03f0000000000000000000000000000f03f0000000000000000000000000000f03f0000000000000000000000000000f03f0000000000000000000000000000f03f0000000000000000000000000000f03f0000000000000000000000000000f03f0000000000000000000000000000f03f0000000000000000000000000000f03f947494628c115f6e5f6d61785f726573616d706c696e67944b788c025f67944b048c095f6c725f616461707494898c065f616c70686194473ff66666666666668c0a5f626574615f6d65616e94473fb999999999999a8c0b5f626574615f5369676d6194473f9eb851eb851eb88c065f67616d6d6194473fb999999999999a8c065f456d65616e94682f68314b008594683387945294284b014b0c4b0186946839894360000000000000000000000000000000000000000000000000000000000000000000000000000000000000000000000000000000000000000000000000000000000000000000000000000000000000000000000000000000000000000000000000947494628c075f455369676d6194682f68314b008594683387945294284b014b904b018694683989428004000000000000000000000000000000000000000000000000000000000000000000000000000000000000000000000000000000000000000000000000000000000000000000000000000000000000000000000000000000000000000000000000000000000000000000000000000000000000000000000000000000000000000000000000000000000000000000000000000000000000000000000000000000000000000000000000000000000000000000000000000000000000000000000000000000000000000000000000000000000000000000000000000000000000000000000000000000000000000000000000000000000000000000000000000000000000000000000000000000000000000000000000000000000000000000000000000000000000000000000000000000000000000000000000000000000000000000000000000000000000000000000000000000000000000000000000000000000000000000000000000000000000000000000000000000000000000000000000000000000000000000000000000000000000000000000000000000000000000000000000000000000000000000000000000000000000000000000000000000000000000000000000000000000000000000000000000000000000000000000000000000000000000000000000000000000000000000000000000000000000000000000000000000000000000000000000,0000000000000000000000000000000000000000000000000000000000000000000000000000000000000000000000000000000000000000000000000000000000000000000000000000000000000000000000000000000000000000000000000000000000000000000000000000000000000000000000000000000000000000000000000000000000000000000000000000000000000000000000000000000000000000000000000000000000000000000000000000000000000000000000000000000000000000000000000000000000000000000000000000000000000000000000000000000000000000000000000000000000000000000000000000000000000000000000000000000000000000000000000000000000000000000000000000000000000000000000000000000000000000000000000000000000000000000000000000000000000000000000000000000000000000000000000000000000000000000000000000000000000000000000000000000000000000000000000000000000000000000000000000000000000000000000000000000000000000000000000000000000000000000000000000000000000000000000000000000000000000000000000000000000000000000000000000000000000000000000000000000000000000000000000000000000000000000000000000000000000000000000000000000000000000000000000000000000000000000000000000000000000000000000000000000000000000000000000000000000000000000000000000000000000000000000000000000000000000000000000000000000000000000000000000000000000000000000000000947494628c065f566d65616e944700000000000000008c075f565369676d61944700000000000000008c095f6574615f6d65616e94473ff00000000000008c0a5f6574615f5369676d6194473ff00000000000008c055f746f6c7894680b6811430816383daccc74473d94869452948c075f746f6c787570944740c38800000000008c075f746f6c66756e94473d719799812dea118c105f746f6c636f6e646974696f6e636f76944742d6bcc41e9000008c0d5f66756e686973745f7465726d944b2b8c0f5f66756e686973745f76616c75657394682f68314b008594683387945294284b014b56859468398942b0020000010000000000000060dc6f62fd7f000086f09eed6c324540cc84085bea774640bcaa809ce0d44440707510f8e58c4640f60157ab10044540eefa3f03e01e4640b2a08e4a68d54440e2e86af73b904540646973747269627574696f6e2e0a0a2020202020202020506172616d65746572730a20202020202020202d2d2d2d2d2d2d2d2d2d0a2020202020202020616c706861203a2061727261795,f6c696b650a20202020202020202020202054686520636f6e63656e74726174696f6e20706172616d65746572732e20546865206e756d626572206f6620656e747269657320616c6f6e6720746865206c61737420617869730a20202020202020202020202064657465726d696e6573207468652064696d656e73696f6e616c697479206f662074686520646973747269627574696f6e2e204561636820656e747279206d7573742062650a2020202020202020202020207374726963746c7920706f7369746976652e0a20202020202020206e203a20696e74206f722061727261795f6c696b650a202020202020202020202020546865206e756d626572206f6620747269616c732e204561636820656c656d656e74206d7573742062652061207374726963746c7920706f73697469766520696e74656765722e0a0a202020202020202052657475726e730a20202020202020202d2d2d2d2d2d2d0a20202020202020206f75743a206e6461727261790a2020202020202020202020204d65616e206f662061204469726963686c6574206d756c74696e6f6d69616c20646973747269627574696f6e2e0a0a2020202020202020e08c5b86d0010000a0955b86d001000030846086d001000050b05b86d001000040176086d0010000b0846086d001000030856086d001000060895b86d0010000b0856086d001000030866086d0010000d09e5b86d0010000b0006086d0010000947494628c055f635f316494682f68314b008594683387945294284b014b4e859468118942700200005b33083dd0b8ee3ffded22e9ac21993f147e711649a9753fe1e6ea677a0aa9bfb9ff395ec5fa89bfa37941cf16cf7dbf9821ca111e96b63fbe8e875d8bf5b63fc2368e85bbda8fbf05261e767621a6bf6ef6bb6c81e6a6bf8b014a22a6dda9bf204e89e90c8fed3fdc4be711caf6653fdf88bef40a5e9f3f446a6989bd25843f8080f901ebad99bf8abc3114e86ca3bf88e842a1255c7fbf8e61448ca3248bbf943360d2b3ddacbf1bc3cf933959983f25963eda341da43ff589b81e6d0eed3fa819b1b6bff064bf0095c4fa345a7e3fbaf12c959d9f6bbf1eff766d6b6e93bf06d6bad7dfbaa53f67e2b3b824a0aa3f06487537fd2b8b3f783825ce4c13893f849ed890d2813ebfacbb9c3a1177ee3f2e364358134a97bfd5c33a82fe70a7bf2ef5543eb5d2933f4f7c153f24749abfa5a57acee0c0a1bf0cff0d746f4c513fc7a93ee75803853f9e4f096d8a6089bf1968c0d00092ef3f241044471b7643bf20bbdeacbe119e3f559badd54ce3993f25a02e8e0c0195bf2ef7e3200d0c8f3fd6c63d0efcdba03f0cde4f2e7eb1a1bfaf7adcd9915cef3f6eea236414b4953f0c03d086fb72af3fded3cf66ac55783ffd81be24abdc943fd5d56f6d3a30b1bf,52b9ee9ec84aa03fd73944d69d11f03fb851a1520ebf86bfb078add58057afbf613fd29f2c2da6bfb5232fcb9be697bf7a19871c597e86bfa1b196b24d00f03fca0588aa3fd2a43fc1a05c6ba899923f21f9258fc70fb5bffcd9a931e66189bf616c26185c15f03f7821b484031f69bfbb56a397d4caa6bf86718af2e832773fc3aec6b7eb7cf03f3a30dee7ea7f9fbf02486bd6de618b3fd7f85f5e979ff03fe75abef76a67a1bf677c84257675ed3f9474946275622e,COMPLETE
67,67,140.0,2026-05-12 19:07:43.417087,2026-05-12 19:07:43.698863,0 days 00:00:00.281776,-29.881148344493447,64.8541702017778,66.36712727901335,58.84077731444544,42.706452685566084,56.751707668514,-25.100610789364225,70.92491523462957,42.22125074546002,56.653846235581554,21.025623020819364,31.67247613178325,Unfeasible shape,4.0,,,,,,PRUNED
68,68,42.13705867793014,2026-05-12 19:07:43.858782,2026-05-12 19:07:59.624650,0 days 00:00:15.765868,-31.31291356140069,66.33569914758309,33.36442788589818,41.04039266000117,36.087689704018125,44.14489220017327,-32.461152253541975,91.27088722267924,53.200147075154035,52.82206267881192,33.43529001371749,32.53681789173294,,4.0,,,,,,COMPLETE
69,69,42.712731175708484,2026-05-12 19:08:00.996630,2026-05-12 19:08:15.135297,0 days 00:00:14.138667,-34.10179276092053,78.74531801979113,49.37242455008365,36.348596852326395,35.05760794262064,43.40217037745328,-39.94776848922453,75.16712259074876,59.27006949272065,43.37880820339017,21.397792410397994,38.079484186602755,,4.0,,,,,,COMPLETE
70,70,140.0,2026-05-12 19:08:16.588908,2026-05-12 19:08:16.841007,0 days 00:00:00.252099,-29.260139506613392,36.51918802704687,33.43077904965597,60.674800381145175,44.2546263905898,73.4238117166252,-35.723256488865616,80.95363640965041,67.58150941922416,64.68700925440434,41.16917584318933,38.95406234590323,Unfeasible shape,4.0,,,,,,PRUNED
71,71,140.0,2026-05-12 19:08:17.005097,2026-05-12 19:08:17.255186,0 days 00:00:00.250089,-28.49760158465864,67.47750731783097,46.80712163432415,51.314961424170725,45.961864831203975,58.99818372432827,-39.56596895582446,69.21989078289344,63.22535020855898,45.88384972826212,29.704565939584285,42.65850499710553,Unfeasible shape,4.0,,,,,,PRUNED
72,72,41.85663501596268,2026-05-12 19:08:17.411254,2026-05-12 19:08:31.623380,0 days 00:00:14.212126,-29.30652219782648,75.05969237513077,45.15660527794926,48.115881690303944,26.767566775535506,60.047128486754,-48.00925382491363,79.18870936783804,39.09216960328001,58.11353253965159,16.61362941942075,38.20401496391025,,4.0,,,,,,COMPLETE
73,73,44.64227989778537,2026-05-12 19:08:33.556490,2026-05-12 19:08:48.577809,0 days 00:00:15.021319,-35.46552246534136,56.18045606646606,34.03458680770383,76.9134097062655,50.858960989668255,67.28392398371383,-41.48895769003155,63.95831599124276,53.46492116411966,61.32211435837986,23.828902886696696,49.3436447306317,,4.0,,,,,,COMPLETE
74,74,140.0,2026-05-12 19:08:50.162932,2026-05-12 19:08:50.389568,0 days 00:00:00.226636,-35.3799553378339,46.54606524820152,43.470344269810326,61.63285174871206,35.70738023840293,51.32685785225566,-39.770910405889,36.16269676740376,60.56369422954891,64.81656315927216,4.572134156344938,32.18289084685124,Unfeasible shape,4.0,,,,,,PRUNED
75,75,140.0,2026-05-12 19:08:50.594291,2026-05-12 19:08:50.873977,0 days 00:00:00.279686,-35.69684251317195,44.299580224657404,68.72736350474119,58.46479993897386,36.66852427251095,47.290012956696984,-32.57930597308918,92.32361608951311,65.16015528359176,71.91787694590994,26.764594737765147,34.594494016000745,Unfeasible shape,4.0,,,,,,PRUNED
76,76,44.56446414438969,2026-05-12 19:08:51.000800,2026-05-12 19:09:05.378793,0 days 00:00:14.377993,-40.24939715971899,68.56591744078767,39.69589768748985,60.0192229404341,50.720257559398284,57.42149226050985,-34.74564091760501,77.98610558389989,37.4279251562194,32.43071023158613,8.654503030210133,46.18821447194545,,4.0,,,,,,COMPLETE
77,77,42.021148666394225,2026-05-12 19:09:07.269419,2026-05-12 19:09:21.204156,0 days 00:00:13.934737,-27.571616637285274,44.05524267599934,31.84611351340471,56.38731357161175,35.974085324084726,47.17471344855489,-36.894118471592726,55.58612703291275,58.119897529124,50.42466421789327,24.20078600683268,27.88048567532439,,4.0,,,,,,COMPLETE
