,number,value,datetime_start,datetime_complete,duration,params_highPt.rA2,params_highPt.rL1,params_highPt.rL2,params_highPt.rL3,params_highPt.x2,params_highPt.y2,params_lowPt.rA2,params_lowPt.rL1,params_lowPt.rL2,params_lowPt.rL3,params_lowPt.x2,params_lowPt.y2,user_attrs_prune,system_attrs_cma:generation,system_attrs_cma:optimizer:0,system_attrs_cma:optimizer:1,system_attrs_cma:optimizer:2,system_attrs_cma:optimizer:3,system_attrs_cma:optimizer:4,state
927,927,41.03586691671106,2026-05-12 21:48:30.511079,2026-05-12 21:48:46.925061,0 days 00:00:16.413982,-34.66615681381059,46.284816834309524,24.193768898488113,45.9625437983382,62.36740469155216,65.77682904443748,-27.204777840847832,61.533560624764704,61.69870459332758,76.0566847599597,24.402158005167387,15.689478335532918,,51.0,800495a6100000000000008c0a636d6165732e5f636d61948c03434d419493942981947d94288c065f6e5f64696d944b0c8c085f706f7073697a65944b0b8c035f6d75944b058c075f6d755f656666948c166e756d70792e5f636f72652e6d756c74696172726179948c067363616c61729493948c056e756d7079948c0564747970659493948c02663894898887945294284b038c013c944e4e4e4affffffff4affffffff4b007494624308e9e8100774510b4094869452948c035f636394680b681143083e6c7d43b18cd03f94869452948c035f633194680b681143089fc67c4e93b7863f94869452948c045f636d7594680b68114308b90fbeb98d89913f94869452948c085f635f7369676d6194680b681143088289198da8f9d03f94869452948c085f645f7369676d6194680b68114308606246236a3ef43f94869452948c035f636d944b018c065f6368695f6e9447400b25064571943c8c085f776569676874739468098c0c5f7265636f6e737472756374949394680c8c076e6461727261799493944b0085944301629487945294284b014b0b8594680e8c02663894898887945294284b0368124e4e4e4affffffff4affffffff4b00749462894358538e214ba67ddb3f2c5e47761ddbd03f4c60b4a91145c53f18b8b48552e2b83f8daa7d42f660a63f00000000000000009bd0b4761a8dc0bf5806fa0273e3cebff539783e76c4d5bfddd50bc2786cdbbf0820f98e2d45e0bf947494628c085f705f7369676d6194682f68314b008594683387945294284b014b0c85946811894360aa3d60cbad73f33fe36500f672e0f4bf54916e538d52993f801efdfb0d31623f94c0cf386c9fe83fea105eb5839dd03f4c0b8cf050dff5bff990d390dde4da3fd7f5befa004ad23f2a98de054b7de13f86403fc394c7e53f845f0f31d572bebf947494628c035f706394682f68314b008594683387945294284b014b0c859468118943604a44396bcb22f03ffcf8f1b4f0daf3bf73955fc6275ab53fd0c624b1a49980bf532bdeb1088ec43f42d9a869fa05d63f1805e2198271f3bfd4676f4abe1de33f9a95cb53bf0fcb3f0b2b2ac07a6ce43f50d747eea232d43f27e3f5632567d6bf947494628c055f6d65616e94682f68314b008594683387945294284b014b0c85946839894360b503082cc5bce83f6b37e84016b6d83ff2a3f0167fdbc53fff9cdde50154d93f86f475be3169ea3fbeb5b164aaa8ec3f1e562627a6faea3f398f523068a9e33f03aa6e0dd240e23fc2012a7a42f0e73ffab157a82c62d63fbfec39fb9ccfca3f947494628c065f7369676d6194680b681143080a28ca3c4cca9f3f94869452948c025f44944e8c025f42944e8c075f626f756e647394682f68314b008594683387945294284b014b0c4b02869468398943c00,000000000000000000000000000f03f0000000000000000000000000000f03f0000000000000000000000000000f03f0000000000000000000000000000f03f0000000000000000000000000000f03f0000000000000000000000000000f03f0000000000000000000000000000f03f0000000000000000000000000000f03f0000000000000000000000000000f03f0000000000000000000000000000f03f0000000000000000000000000000f03f0000000000000000000000000000f03f947494628c115f6e5f6d61785f726573616d706c696e67944b788c025f67944b338c095f6c725f616461707494898c065f616c70686194473ff66666666666668c0a5f626574615f6d65616e94473fb999999999999a8c0b5f626574615f5369676d6194473f9eb851eb851eb88c065f67616d6d6194473fb999999999999a8c065f456d65616e94682f68314b008594683387945294284b014b0c4b0186946839894360000000000000000000000000000000000000000000000000000000000000000000000000000000000000000000000000000000000000000000000000000000000000000000000000000000000000000000000000000000000000000000000000947494628c075f455369676d6194682f68314b008594683387945294284b014b904b018694683989428004000000000000000000000000000000000000000000000000000000000000000000000000000000000000000000000000000000000000000000000000000000000000000000000000000000000000000000000000000000000000000000000000000000000000000000000000000000000000000000000000000000000000000000000000000000000000000000000000000000000000000000000000000000000000000000000000000000000000000000000000000000000000000000000000000000000000000000000000000000000000000000000000000000000000000000000000000000000000000000000000000000000000000000000000000000000000000000000000000000000000000000000000000000000000000000000000000000000000000000000000000000000000000000000000000000000000000000000000000000000000000000000000000000000000000000000000000000000000000000000000000000000000000000000000000000000000000000000000000000000000000000000000000000000000000000000000000000000000000000000000000000000000000000000000000000000000000000000000000000000000000000000000000000000000000000000000000000000000000000000000000000000000000000000000000000000000000000000000000000000000000000000000000000000000000000000000,0000000000000000000000000000000000000000000000000000000000000000000000000000000000000000000000000000000000000000000000000000000000000000000000000000000000000000000000000000000000000000000000000000000000000000000000000000000000000000000000000000000000000000000000000000000000000000000000000000000000000000000000000000000000000000000000000000000000000000000000000000000000000000000000000000000000000000000000000000000000000000000000000000000000000000000000000000000000000000000000000000000000000000000000000000000000000000000000000000000000000000000000000000000000000000000000000000000000000000000000000000000000000000000000000000000000000000000000000000000000000000000000000000000000000000000000000000000000000000000000000000000000000000000000000000000000000000000000000000000000000000000000000000000000000000000000000000000000000000000000000000000000000000000000000000000000000000000000000000000000000000000000000000000000000000000000000000000000000000000000000000000000000000000000000000000000000000000000000000000000000000000000000000000000000000000000000000000000000000000000000000000000000000000000000000000000000000000000000000000000000000000000000000000000000000000000000000000000000000000000000000000000000000000000000000000000000000000000000000947494628c065f566d65616e944700000000000000008c075f565369676d61944700000000000000008c095f6574615f6d65616e94473ff00000000000008c0a5f6574615f5369676d6194473ff00000000000008c055f746f6c7894680b6811430816383daccc74473d94869452948c075f746f6c787570944740c38800000000008c075f746f6c66756e94473d719799812dea118c105f746f6c636f6e646974696f6e636f76944742d6bcc41e9000008c0d5f66756e686973745f7465726d944b2b8c0f5f66756e686973745f76616c75657394682f68314b008594683387945294284b014b56859468398942b00200001407cdf888834440660b9bf536b34440a0f1f988f48344400005635bea774640c60edda317844440d83ff559ea774640e078ae2dc9834440d8a5f05aea774640f238728f33864440e479865aea774640c056dd63f3804440dc78565bea77464054b65830628644408aa5955bea774640f22aaecc5b7f4440fa640f5aea77464014c1f90724804440ca93a35bea7746408a55a55975d1444094468,acb223f4540846eb32b3bdb4440441913d44c6d4540903b9df2129c4440b8392c10f5454540dc125e4bd99d444058faff5aea774640cc9e3a029ab144408ee69595cf854540862ffb18bfa04440109d6e5dfea84540e261f0a0e2a4444068f26b22ca014540be98333e2bab4440ec10990389f1444086a3031cc7a44440c42f775c9df245405cb1856eeca24440c8b3beadc1f94540d2a6567059b144405c761e35d20c4540986fa557c5a24440d480f82a3ee14440e2b901e0848a4440b09fe848b1ff4440b6c7877bb0924440061fe1894ffa4440904fba85898c4440eed16240cbde4440ee93b5b888974440f4e2145cea77464090b84ec7b0954440aa3f135bea7746404c40497381824440ba2ef35aea774640c2d8bbc6ca824440ca6bcb5bea774640181fd92d5b8c4440e8bd4e5bea7746402eb779ab4a8d4440588ba25bea77464082ea3a26b08f44404859317546af4440401d7f4a4a874440b222c35bea774640163d1a3f068b44405466165bea774640726e6247d1884440008cf95aea774640f856697d558744409634776468af44403e09331784894440ecb55660374f4540a0e1a94143854440a62b275aea774640f062ea6784894440c2a4735bea774640b28f2702337d4440e64b9b65f7a64440160a8297bd8944409430195aea77464078c07bed588844406e7d1e5cea774640b80454cfb17f444054182c5bea77464042009a6c488144405056a65bea774640947494628c055f635f316494682f68314b008594683387945294284b014b4e85946811894270020000c6c77e544db6e63f4963be373b0ec6bf3e4ef5fa62b17b3f8460dd36221e91bff849befc31c3b9bf7b4d07b4849b9bbfe32aba44aa68b63f823e325fecf3bd3f6055ff588fbeb3bff7011afdf48eb23f80653a8547a49d3f8780f542ac4bbabfb1be06008131ef3f46a210c76faaa8bf81f6c69ce11bc2bf0ceb2b33a44fb53f64b531529958ccbfb65533021a71b1bf66c7ccbacb29b2bf71097155f865ce3f29df93b0ff67c1bf3e4b59d02743d23f2989c771b42bb53f003f9a237e64e03f21a88295ad53c6bf95f4778f009dcabfec2cf0acdcda9c3f9bfc61df9ca3cbbfcf41100c3ab2bb3f02d2b6bdae75c33fa89d1a0a617067bf485087792dd6b5bfe67a12212c95b03fb220fa06c235e33fd03f0ca2ebd9b1bf3bd4fd41ada0d03ff417ff680c36bd3f8c68511d32cda9bfe74884e204e6cfbfba678e6b7e5db93f626ce72156b190bf9164a5a03824c4bf2638eeb7737ad93f0a147b236a3c863fccb02b5386d4c03fde8495f834b261bf78cc8e5f0a49b5bfa5e8c3379d81a83f9dc67bfe8624953f36e0acfb24d375bf7159bd63d047e73f277168382699b83f0a5b2d1fa012933f4f42509c57ceb8bf9e9d909e84cbd33ff66aca5ebb7ebebf,8e1c99559b63c7bf594f200a7126f13f6c8fd3d49287c9bf25293aae2f3cdcbfaa6b4265d880b33f18ea4eeb1292a23f82b7aae26be0993f671abceb1ce9e63f904ad07f2476cd3f4ad429ad08aab03f3363bddb9361c5bf7324a41a55eeb53f188cc7425002f73f9648bc4223ebcbbfdd9d698661cbacbf56aa22c6e3c5d03f6a360bcc3d71ef3f60f161ef703fbdbfd0c245d8caa8d7bf10ce8efe1dd3ee3f328abc42186eb2bfdcc7555f5ad3e93f9474946275622e,COMPLETE
928,928,44.93683932998471,2026-05-12 21:48:48.471462,2026-05-12 21:49:05.513254,0 days 00:00:17.041792,-33.05866213203407,41.23396420325953,23.744248322640324,47.61945082527915,64.2992200000198,67.23636631971708,-28.005627718930455,62.88547081766755,62.870307796137,79.06698367338439,28.732543956057018,13.392379951973368,,51.0,,,,,,COMPLETE
929,929,41.04586891522406,2026-05-12 21:49:07.110274,2026-05-12 21:49:24.268161,0 days 00:00:17.157887,-30.392709888697816,42.90353394650076,26.91739041814052,45.01948305016183,59.78773203886095,66.28698632494796,-32.13770819739198,65.05570064808093,59.55901282544002,78.75622739740446,24.3428408510699,15.61917667118512,,51.0,,,,,,COMPLETE
930,930,41.14919762753179,2026-05-12 21:49:25.820227,2026-05-12 21:49:43.071600,0 days 00:00:17.251373,-32.22894750999144,44.45941858042023,25.428878307927278,42.2780074871176,59.954963679112005,64.62706272409807,-27.154790068495444,67.2255381517825,60.781102974340484,75.4819332357024,26.687167668424163,14.453755667596194,,51.0,,,,,,COMPLETE
931,931,41.06047760952323,2026-05-12 21:49:44.592654,2026-05-12 21:50:01.702154,0 days 00:00:17.109500,-35.134359902025935,44.7918844400221,27.02557277221542,43.41161370690526,60.913278566873444,69.90686677599999,-28.795166869572064,68.36193069552911,64.21766759750669,81.6201025877759,24.13739634989424,16.50551569127079,,51.0,,,,,,COMPLETE
932,932,44.93683951009794,2026-05-12 21:50:03.384846,2026-05-12 21:50:22.198529,0 days 00:00:18.813683,-33.154983583932434,46.86556588258259,24.676791781105408,47.12239233356846,63.65571468477303,66.49492168416502,-32.41175152156937,65.75179256738363,64.04082832772991,80.63237521543152,27.009627284226465,14.638633386391431,,51.0,,,,,,COMPLETE
933,933,41.098326291995534,2026-05-12 21:50:23.894124,2026-05-12 21:50:47.530906,0 days 00:00:23.636782,-30.64517893707832,45.93382400380612,26.13452702932288,44.83001455249531,59.398018382734044,65.27548846396839,-31.366267799963744,70.70688865916027,66.66593345970341,76.72011649211213,25.766240227398804,19.273153894870983,,51.0,,,,,,COMPLETE
934,934,41.17300331749412,2026-05-12 21:50:49.131871,2026-05-12 21:51:05.926653,0 days 00:00:16.794782,-31.888478544819947,40.16375782137322,23.501188403319325,46.39007094044847,60.0737327316203,63.51675980752331,-29.689309269211762,66.42678796472588,56.367165339149196,80.92680389188078,24.995612818630082,14.10714572145847,,51.0,,,,,,COMPLETE
935,935,140.0,2026-05-12 21:51:07.468020,2026-05-12 21:51:07.737000,0 days 00:00:00.268980,-34.26360188636676,43.147938124574914,24.560230522743044,46.04633452975147,62.307157451693115,70.01893344092724,-27.95798831188202,61.07565252967866,61.03843480463765,77.14120372663218,22.93331479096448,13.923726303384502,Unfeasible shape,51.0,,,,,,PRUNED
936,936,140.0,2026-05-12 21:51:07.983673,2026-05-12 21:51:08.265183,0 days 00:00:00.281510,-35.49039685789601,45.35969740836437,24.59471140748951,48.93499762670356,62.1258079738111,70.10944864751237,-29.172485960364348,61.943421096745105,58.07359698060699,76.92186668863464,25.073530678692826,17.05455685246561,Unfeasible shape,51.0,,,,,,PRUNED
937,937,140.0,2026-05-12 21:51:08.505098,2026-05-12 21:51:08.803386,0 days 00:00:00.298288,-28.944546349893876,42.239633208188344,20.579712902019516,48.3970322147901,62.443922732782546,68.34456961732712,-27.998501979822542,65.74794649910515,60.59976362740231,80.67406667361814,29.891314821009743,9.486029454915704,Unfeasible shape,51.0,,,,,,PRUNED
938,938,41.08459982097969,2026-05-12 21:51:09.065072,2026-05-12 21:51:27.148316,0 days 00:00:18.083244,-35.61989191304499,47.714721537973226,22.548690452745902,44.42246368607664,63.283834524394244,64.7852545542429,-30.037170091581267,66.42649856577137,63.9650887499838,82.57672953601424,26.192377591785032,16.25922359788996,,51.0,,,,,,COMPLETE
939,939,140.0,2026-05-12 21:51:28.800857,2026-05-12 21:51:29.065970,0 days 00:00:00.265113,-31.366272665969234,46.57353264659418,23.504454714089846,45.853128717751964,63.71780650381099,67.57667001307962,-29.31161305030264,65.02217187873424,59.77999587406725,77.42175302271929,30.10749212515072,12.46152898586872,Unfeasible shape,51.0,,,,,,PRUNED
940,940,41.014006990080915,2026-05-12 21:51:29.309079,2026-05-12 21:51:46.431943,0 days 00:00:17.122864,-33.92637202198585,49.568214657691954,24.242321292381853,45.70006702721494,62.725448984962796,66.67052276262154,-27.51169146881763,62.23500748314416,58.688049970131594,78.14062069606588,30.891811893948567,16.20640026414676,,51.0,,,,,,COMPLETE
941,941,42.47416558262543,2026-05-12 21:51:48.045058,2026-05-12 21:52:05.270589,0 days 00:00:17.225531,-35.01197901047113,42.85809253849054,24.00857599693574,45.98612522430156,63.70815608948508,67.56654815543017,-27.93376115385351,61.803419637034594,55.63824279038436,78.98529185470565,25.32087189974275,12.705129554647401,,51.0,,,,,,COMPLETE
