,number,value,datetime_start,datetime_complete,duration,params_highPt.rA2,params_highPt.rL1,params_highPt.rL2,params_highPt.rL3,params_highPt.x2,params_highPt.y2,params_lowPt.rA2,params_lowPt.rL1,params_lowPt.rL2,params_lowPt.rL3,params_lowPt.x2,params_lowPt.y2,user_attrs_prune,system_attrs_cma:generation,system_attrs_cma:optimizer:0,system_attrs_cma:optimizer:1,system_attrs_cma:optimizer:2,system_attrs_cma:optimizer:3,system_attrs_cma:optimizer:4,state
369,369,140.0,2026-05-12 20:06:34.008191,2026-05-12 20:06:34.373071,0 days 00:00:00.364880,-36.29862449226973,54.00561782862727,25.739519271532217,50.770677798843224,66.55134382368757,71.93551019819894,-33.23224370265406,52.16691033746439,53.91978727974115,85.14432536648205,19.61522709980538,20.676075539307543,Unfeasible shape,22.0,800495a6100000000000008c0a636d6165732e5f636d61948c03434d419493942981947d94288c065f6e5f64696d944b0c8c085f706f7073697a65944b0b8c035f6d75944b058c075f6d755f656666948c166e756d70792e5f636f72652e6d756c74696172726179948c067363616c61729493948c056e756d7079948c0564747970659493948c02663894898887945294284b038c013c944e4e4e4affffffff4affffffff4b007494624308e9e8100774510b4094869452948c035f636394680b681143083e6c7d43b18cd03f94869452948c035f633194680b681143089fc67c4e93b7863f94869452948c045f636d7594680b68114308b90fbeb98d89913f94869452948c085f635f7369676d6194680b681143088289198da8f9d03f94869452948c085f645f7369676d6194680b68114308606246236a3ef43f94869452948c035f636d944b018c065f6368695f6e9447400b25064571943c8c085f776569676874739468098c0c5f7265636f6e737472756374949394680c8c076e6461727261799493944b0085944301629487945294284b014b0b8594680e8c02663894898887945294284b0368124e4e4e4affffffff4affffffff4b00749462894358538e214ba67ddb3f2c5e47761ddbd03f4c60b4a91145c53f18b8b48552e2b83f8daa7d42f660a63f00000000000000009bd0b4761a8dc0bf5806fa0273e3cebff539783e76c4d5bfddd50bc2786cdbbf0820f98e2d45e0bf947494628c085f705f7369676d6194682f68314b008594683387945294284b014b0c859468118943605cd37e6b57f6d53f78498dc59ef3f2bf704a0010449fa6bf5638e3d9d642e5bfe61265a47314e93fe8126a5ef4bcef3feac9883053c4f63f5af2b83572a1c2bf8760acae7638ddbf70989d889838e03faa573836e279df3f9c2d8dd8c9c4d6bf947494628c035f706394682f68314b008594683387945294284b014b0c859468118943605aa4ea06ddacd03fe23ce5ccc8ccf2bfc88500f96483bebfa4e79fbfd8c5e1bf14807d7b1a93ed3f88a3d53fa94fec3f0e07dbd13989f83fb0002da41836cfbf558feeaa1babe2bfc1689a25c6e4e53fc4a978fee265d83f54cd2ba192f6d8bf947494628c055f6d65616e94682f68314b008594683387945294284b014b0c85946839894360f9654c0412bce53f2e0cc32ae915d93f58974db50b94c13f4868f4fe6824dc3fd061aca0ca86ea3f4aa89d7b1138ee3fe6f011dd82eaeb3f829d10283042e13f7f1148436c98de3f842d695abf74ea3f356324e84d4ad13f068f3369b13ecc3f947494628c065f7369676d6194680b68114308d93c743c6840b33f94869452948c025f44944e8c025f42944e8c075f626f756e647394682f68314b008594683387945294284b014b0c4b02869468398943c00,000000000000000000000000000f03f0000000000000000000000000000f03f0000000000000000000000000000f03f0000000000000000000000000000f03f0000000000000000000000000000f03f0000000000000000000000000000f03f0000000000000000000000000000f03f0000000000000000000000000000f03f0000000000000000000000000000f03f0000000000000000000000000000f03f0000000000000000000000000000f03f0000000000000000000000000000f03f947494628c115f6e5f6d61785f726573616d706c696e67944b788c025f67944b168c095f6c725f616461707494898c065f616c70686194473ff66666666666668c0a5f626574615f6d65616e94473fb999999999999a8c0b5f626574615f5369676d6194473f9eb851eb851eb88c065f67616d6d6194473fb999999999999a8c065f456d65616e94682f68314b008594683387945294284b014b0c4b0186946839894360000000000000000000000000000000000000000000000000000000000000000000000000000000000000000000000000000000000000000000000000000000000000000000000000000000000000000000000000000000000000000000000000947494628c075f455369676d6194682f68314b008594683387945294284b014b904b018694683989428004000000000000000000000000000000000000000000000000000000000000000000000000000000000000000000000000000000000000000000000000000000000000000000000000000000000000000000000000000000000000000000000000000000000000000000000000000000000000000000000000000000000000000000000000000000000000000000000000000000000000000000000000000000000000000000000000000000000000000000000000000000000000000000000000000000000000000000000000000000000000000000000000000000000000000000000000000000000000000000000000000000000000000000000000000000000000000000000000000000000000000000000000000000000000000000000000000000000000000000000000000000000000000000000000000000000000000000000000000000000000000000000000000000000000000000000000000000000000000000000000000000000000000000000000000000000000000000000000000000000000000000000000000000000000000000000000000000000000000000000000000000000000000000000000000000000000000000000000000000000000000000000000000000000000000000000000000000000000000000000000000000000000000000000000000000000000000000000000000000000000000000000000000000000000000000000000,0000000000000000000000000000000000000000000000000000000000000000000000000000000000000000000000000000000000000000000000000000000000000000000000000000000000000000000000000000000000000000000000000000000000000000000000000000000000000000000000000000000000000000000000000000000000000000000000000000000000000000000000000000000000000000000000000000000000000000000000000000000000000000000000000000000000000000000000000000000000000000000000000000000000000000000000000000000000000000000000000000000000000000000000000000000000000000000000000000000000000000000000000000000000000000000000000000000000000000000000000000000000000000000000000000000000000000000000000000000000000000000000000000000000000000000000000000000000000000000000000000000000000000000000000000000000000000000000000000000000000000000000000000000000000000000000000000000000000000000000000000000000000000000000000000000000000000000000000000000000000000000000000000000000000000000000000000000000000000000000000000000000000000000000000000000000000000000000000000000000000000000000000000000000000000000000000000000000000000000000000000000000000000000000000000000000000000000000000000000000000000000000000000000000000000000000000000000000000000000000000000000000000000000000000000000000000000000000000000947494628c065f566d65616e944700000000000000008c075f565369676d61944700000000000000008c095f6574615f6d65616e94473ff00000000000008c0a5f6574615f5369676d6194473ff00000000000008c055f746f6c7894680b6811430816383daccc74473d94869452948c075f746f6c787570944740c38800000000008c075f746f6c66756e94473d719799812dea118c105f746f6c636f6e646974696f6e636f76944742d6bcc41e9000008c0d5f66756e686973745f7465726d944b2b8c0f5f66756e686973745f76616c75657394682f68314b008594683387945294284b014b56859468398942b0020000010000000000000060dc6f62fd7f000086f09eed6c324540cc84085bea774640bcaa809ce0d44440707510f8e58c4640f60157ab10044540eefa3f03e01e4640b2a08e4a68d54440e2e86af73b90454086155937a6ed44402246245bea7746400025072e5ec64440728cee09aee745407e5b77c2bde64440d8748de672444640302071352ee94440120d3f5aea7746408a55a55975d1444094468,acb223f4540846eb32b3bdb4440441913d44c6d4540903b9df2129c4440b8392c10f5454540dc125e4bd99d444058faff5aea774640cc9e3a029ab144408ee69595cf854540862ffb18bfa04440109d6e5dfea84540e261f0a0e2a4444068f26b22ca014540be98333e2bab4440ec10990389f1444086a3031cc7a44440c42f775c9df245405cb1856eeca24440c8b3beadc1f94540d2a6567059b144405c761e35d20c4540986fa557c5a24440d480f82a3ee14440e2b901e0848a4440b09fe848b1ff4440b6c7877bb0924440061fe1894ffa444020696e74206f722061727261795f6c696b650a202020202020202020202020546865206e756d626572206f6620747269616c732e204561636820656c656d656e74206d7573742062652061207374726963746c7920706f73697469766520696e74656765722e0a0a202020202020202052657475726e730a20202020202020202d2d2d2d2d2d2d0a20202020202020206f75743a206e6461727261790a2020202020202020202020204d65616e206f662061204469726963686c6574206d756c74696e6f6d69616c20646973747269627574696f6e2e0a0a2020202020202020e08c5b86d0010000a0955b86d001000030846086d001000050b05b86d001000040176086d0010000b0846086d001000030856086d001000060895b86d0010000b0856086d001000030866086d0010000d09e5b86d0010000b0006086d0010000947494628c055f635f316494682f68314b008594683387945294284b014b4e85946811894270020000f82aaaafc3a3eb3fb68c275618b8ab3f3ab1d5b74f4dbc3fa11370e0a363a4bf7af7223b7c66babf277c5eb260febebf10696ebb3e70c13f1785bf9458dac23fef991766cd0f9ebf4a452497e8e694bf796e3ccc5d7199bf0942d4e70ccb733f2a7d974c187deb3f69df1c1f577ea63f169a3aec214e8e3fb4c00e1754a7863faddcc382a9bbafbf680f440928cdb1bfb429aa98e946a53f4bade0c0c031af3fd05879643734b1bf72a49d2fe465ad3faff7555c5b77b03f97554732b7c4e93fa3ab64f34921c0bf981dabfa3bb0c6bfc5b5c268b5957b3fd2d69ceff6e9bebffd3a51c8f607b13fc22ddbc64eefb43f9096d1990eb8a8bf9c599c416495a03fcba1ddcfc898a03f362aeb04575de43f244190a6d49abbbf3e06b350f606b43f4977506589b0a1bf1f7eecccd31f8bbf0bf7528de9cb93bfc76342b46043b6bff713f99a74f9a3bfb675fa9e0a2594bfd624b45d908aea3f96a99a4fde11c03f34037f480fecbd3f045a651a1028a6bfd5d5d7b7e637b4bfbc5128d31e55c43f829e390728ec9bbf48a705c25d72b0bf19a7c142edbbe83fd562e7b28c4d93bf254a3169a6717cbfa89440c19218a63f2b46b3922313c83f08ff6219d56ab3bf,0caa0cef537cc4bfa18b9ab526e1f13f844e1d738429bebf6267699284d5c2bfba1495c38635b23fb6ab2427c54cad3f7e0bec38f7fabd3f045c48bddd1aeb3f1a832f36835f91bf952a4635c46aa03f0f673668b3c0b0bf40aac4a91d5fab3f70390f157e58f03f4ef221a7718cafbfe403323b45f287bf7f42ca318582a0bfab27b7778366f03f636a9c609d4fc4bf74ce4e688fd2cabf2edae46b923aed3f589c0ae70eb2b93f1318b147682be73f9474946275622e,PRUNED
370,370,41.133161729179974,2026-05-12 20:06:34.560399,2026-05-12 20:06:48.951584,0 days 00:00:14.391185,-41.22299543086115,51.31114679611908,23.151682977292513,45.34556340178472,63.113213808361095,65.76906715856602,-33.083697084779004,70.69665233671043,54.42604579780691,84.7929621775589,17.258475400693367,22.53107477881825,,22.0,800495a6100000000000008c0a636d6165732e5f636d61948c03434d419493942981947d94288c065f6e5f64696d944b0c8c085f706f7073697a65944b0b8c035f6d75944b058c075f6d755f656666948c166e756d70792e5f636f72652e6d756c74696172726179948c067363616c61729493948c056e756d7079948c0564747970659493948c02663894898887945294284b038c013c944e4e4e4affffffff4affffffff4b007494624308e9e8100774510b4094869452948c035f636394680b681143083e6c7d43b18cd03f94869452948c035f633194680b681143089fc67c4e93b7863f94869452948c045f636d7594680b68114308b90fbeb98d89913f94869452948c085f635f7369676d6194680b681143088289198da8f9d03f94869452948c085f645f7369676d6194680b68114308606246236a3ef43f94869452948c035f636d944b018c065f6368695f6e9447400b25064571943c8c085f776569676874739468098c0c5f7265636f6e737472756374949394680c8c076e6461727261799493944b0085944301629487945294284b014b0b8594680e8c02663894898887945294284b0368124e4e4e4affffffff4affffffff4b00749462894358538e214ba67ddb3f2c5e47761ddbd03f4c60b4a91145c53f18b8b48552e2b83f8daa7d42f660a63f00000000000000009bd0b4761a8dc0bf5806fa0273e3cebff539783e76c4d5bfddd50bc2786cdbbf0820f98e2d45e0bf947494628c085f705f7369676d6194682f68314b008594683387945294284b014b0c859468118943605cd37e6b57f6d53f78498dc59ef3f2bf704a0010449fa6bf5638e3d9d642e5bfe61265a47314e93fe8126a5ef4bcef3feac9883053c4f63f5af2b83572a1c2bf8760acae7638ddbf70989d889838e03faa573836e279df3f9c2d8dd8c9c4d6bf947494628c035f706394682f68314b008594683387945294284b014b0c859468118943605aa4ea06ddacd03fe23ce5ccc8ccf2bfc88500f96483bebfa4e79fbfd8c5e1bf14807d7b1a93ed3f88a3d53fa94fec3f0e07dbd13989f83fb0002da41836cfbf558feeaa1babe2bfc1689a25c6e4e53fc4a978fee265d83f54cd2ba192f6d8bf947494628c055f6d65616e94682f68314b008594683387945294284b014b0c85946839894360f9654c0412bce53f2e0cc32ae915d93f58974db50b94c13f4868f4fe6824dc3fd061aca0ca86ea3f4aa89d7b1138ee3fe6f011dd82eaeb3f829d10283042e13f7f1148436c98de3f842d695abf74ea3f356324e84d4ad13f068f3369b13ecc3f947494628c065f7369676d6194680b68114308d93c743c6840b33f94869452948c025f44944e8c025f42944e8c075f626f756e647394682f68314b008594683387945294284b014b0c4b02869468398943c00,000000000000000000000000000f03f0000000000000000000000000000f03f0000000000000000000000000000f03f0000000000000000000000000000f03f0000000000000000000000000000f03f0000000000000000000000000000f03f0000000000000000000000000000f03f0000000000000000000000000000f03f0000000000000000000000000000f03f0000000000000000000000000000f03f0000000000000000000000000000f03f0000000000000000000000000000f03f947494628c115f6e5f6d61785f726573616d706c696e67944b788c025f67944b168c095f6c725f616461707494898c065f616c70686194473ff66666666666668c0a5f626574615f6d65616e94473fb999999999999a8c0b5f626574615f5369676d6194473f9eb851eb851eb88c065f67616d6d6194473fb999999999999a8c065f456d65616e94682f68314b008594683387945294284b014b0c4b0186946839894360000000000000000000000000000000000000000000000000000000000000000000000000000000000000000000000000000000000000000000000000000000000000000000000000000000000000000000000000000000000000000000000000947494628c075f455369676d6194682f68314b008594683387945294284b014b904b018694683989428004000000000000000000000000000000000000000000000000000000000000000000000000000000000000000000000000000000000000000000000000000000000000000000000000000000000000000000000000000000000000000000000000000000000000000000000000000000000000000000000000000000000000000000000000000000000000000000000000000000000000000000000000000000000000000000000000000000000000000000000000000000000000000000000000000000000000000000000000000000000000000000000000000000000000000000000000000000000000000000000000000000000000000000000000000000000000000000000000000000000000000000000000000000000000000000000000000000000000000000000000000000000000000000000000000000000000000000000000000000000000000000000000000000000000000000000000000000000000000000000000000000000000000000000000000000000000000000000000000000000000000000000000000000000000000000000000000000000000000000000000000000000000000000000000000000000000000000000000000000000000000000000000000000000000000000000000000000000000000000000000000000000000000000000000000000000000000000000000000000000000000000000000000000000000000000000000,0000000000000000000000000000000000000000000000000000000000000000000000000000000000000000000000000000000000000000000000000000000000000000000000000000000000000000000000000000000000000000000000000000000000000000000000000000000000000000000000000000000000000000000000000000000000000000000000000000000000000000000000000000000000000000000000000000000000000000000000000000000000000000000000000000000000000000000000000000000000000000000000000000000000000000000000000000000000000000000000000000000000000000000000000000000000000000000000000000000000000000000000000000000000000000000000000000000000000000000000000000000000000000000000000000000000000000000000000000000000000000000000000000000000000000000000000000000000000000000000000000000000000000000000000000000000000000000000000000000000000000000000000000000000000000000000000000000000000000000000000000000000000000000000000000000000000000000000000000000000000000000000000000000000000000000000000000000000000000000000000000000000000000000000000000000000000000000000000000000000000000000000000000000000000000000000000000000000000000000000000000000000000000000000000000000000000000000000000000000000000000000000000000000000000000000000000000000000000000000000000000000000000000000000000000000000000000000000000000947494628c065f566d65616e944700000000000000008c075f565369676d61944700000000000000008c095f6574615f6d65616e94473ff00000000000008c0a5f6574615f5369676d6194473ff00000000000008c055f746f6c7894680b6811430816383daccc74473d94869452948c075f746f6c787570944740c38800000000008c075f746f6c66756e94473d719799812dea118c105f746f6c636f6e646974696f6e636f76944742d6bcc41e9000008c0d5f66756e686973745f7465726d944b2b8c0f5f66756e686973745f76616c75657394682f68314b008594683387945294284b014b56859468398942b0020000010000000000000060dc6f62fd7f000086f09eed6c324540cc84085bea774640bcaa809ce0d44440707510f8e58c4640f60157ab10044540eefa3f03e01e4640b2a08e4a68d54440e2e86af73b90454086155937a6ed44402246245bea7746400025072e5ec64440728cee09aee745407e5b77c2bde64440d8748de672444640302071352ee94440120d3f5aea7746408a55a55975d1444094468,acb223f4540846eb32b3bdb4440441913d44c6d4540903b9df2129c4440b8392c10f5454540dc125e4bd99d444058faff5aea774640cc9e3a029ab144408ee69595cf854540862ffb18bfa04440109d6e5dfea84540e261f0a0e2a4444068f26b22ca014540be98333e2bab4440ec10990389f1444086a3031cc7a44440c42f775c9df245405cb1856eeca24440c8b3beadc1f94540d2a6567059b144405c761e35d20c4540986fa557c5a24440d480f82a3ee14440e2b901e0848a4440b09fe848b1ff4440b6c7877bb0924440061fe1894ffa444020696e74206f722061727261795f6c696b650a202020202020202020202020546865206e756d626572206f6620747269616c732e204561636820656c656d656e74206d7573742062652061207374726963746c7920706f73697469766520696e74656765722e0a0a202020202020202052657475726e730a20202020202020202d2d2d2d2d2d2d0a20202020202020206f75743a206e6461727261790a2020202020202020202020204d65616e206f662061204469726963686c6574206d756c74696e6f6d69616c20646973747269627574696f6e2e0a0a2020202020202020e08c5b86d0010000a0955b86d001000030846086d001000050b05b86d001000040176086d0010000b0846086d001000030856086d001000060895b86d0010000b0856086d001000030866086d0010000d09e5b86d0010000b0006086d0010000947494628c055f635f316494682f68314b008594683387945294284b014b4e85946811894270020000f82aaaafc3a3eb3fb68c275618b8ab3f3ab1d5b74f4dbc3fa11370e0a363a4bf7af7223b7c66babf277c5eb260febebf10696ebb3e70c13f1785bf9458dac23fef991766cd0f9ebf4a452497e8e694bf796e3ccc5d7199bf0942d4e70ccb733f2a7d974c187deb3f69df1c1f577ea63f169a3aec214e8e3fb4c00e1754a7863faddcc382a9bbafbf680f440928cdb1bfb429aa98e946a53f4bade0c0c031af3fd05879643734b1bf72a49d2fe465ad3faff7555c5b77b03f97554732b7c4e93fa3ab64f34921c0bf981dabfa3bb0c6bfc5b5c268b5957b3fd2d69ceff6e9bebffd3a51c8f607b13fc22ddbc64eefb43f9096d1990eb8a8bf9c599c416495a03fcba1ddcfc898a03f362aeb04575de43f244190a6d49abbbf3e06b350f606b43f4977506589b0a1bf1f7eecccd31f8bbf0bf7528de9cb93bfc76342b46043b6bff713f99a74f9a3bfb675fa9e0a2594bfd624b45d908aea3f96a99a4fde11c03f34037f480fecbd3f045a651a1028a6bfd5d5d7b7e637b4bfbc5128d31e55c43f829e390728ec9bbf48a705c25d72b0bf19a7c142edbbe83fd562e7b28c4d93bf254a3169a6717cbfa89440c19218a63f2b46b3922313c83f08ff6219d56ab3bf,0caa0cef537cc4bfa18b9ab526e1f13f844e1d738429bebf6267699284d5c2bfba1495c38635b23fb6ab2427c54cad3f7e0bec38f7fabd3f045c48bddd1aeb3f1a832f36835f91bf952a4635c46aa03f0f673668b3c0b0bf40aac4a91d5fab3f70390f157e58f03f4ef221a7718cafbfe403323b45f287bf7f42ca318582a0bfab27b7778366f03f636a9c609d4fc4bf74ce4e688fd2cabf2edae46b923aed3f589c0ae70eb2b93f1318b147682be73f9474946275622e,COMPLETE
371,371,41.399715407645076,2026-05-12 20:06:50.412632,2026-05-12 20:07:08.994808,0 days 00:00:18.582176,-39.831130452611,40.20313869577576,25.315899173982856,52.618508990017844,57.663472526346204,62.30195709402191,-22.199875352428187,69.00316301959086,47.31509044973976,87.12653882616989,18.725552087159862,17.98979719851612,,22.0,,,,,,COMPLETE
372,372,41.524064158470466,2026-05-12 20:07:10.488829,2026-05-12 20:07:27.325231,0 days 00:00:16.836402,-40.94820518835414,39.99089159628021,23.751927103959193,44.80542179285851,58.217168090052105,71.90822493630819,-32.59019823323698,58.35401920167233,42.37642737100601,80.23253436422124,20.327694303564115,11.498094091952282,,22.0,,,,,,COMPLETE
373,373,41.32911967735636,2026-05-12 20:07:28.713887,2026-05-12 20:07:45.082281,0 days 00:00:16.368394,-41.74336724550303,47.11659877145698,33.9065935368281,48.69800848378506,51.85355793494707,74.35475212654693,-33.693318098215045,57.439182115658866,55.2455928371029,85.31146211209116,27.98115483185441,14.16146010408855,,22.0,,,,,,COMPLETE
374,374,41.336958171543046,2026-05-12 20:07:46.637329,2026-05-12 20:08:03.179781,0 days 00:00:16.542452,-36.76484246663888,55.607326698863545,18.818717421419187,55.49419884355888,60.82176788762086,63.45939738270053,-27.13942468195291,61.56309954589067,43.52523838957292,80.02148692325278,21.11261595629075,23.60541742531268,,22.0,,,,,,COMPLETE
375,375,41.74057774377057,2026-05-12 20:08:04.607094,2026-05-12 20:08:21.336375,0 days 00:00:16.729281,-45.514538755801745,42.33901369228586,21.109142786016456,47.301611098690074,56.029815187945914,69.86226995261636,-26.943250427909717,60.55448966213413,64.71434916739852,95.6776543375232,13.974730780164258,12.322823054159187,,22.0,,,,,,COMPLETE
376,376,41.09794684979636,2026-05-12 20:08:22.867264,2026-05-12 20:08:44.861620,0 days 00:00:21.994356,-32.933072959975156,39.84302506579792,22.19677225531074,54.96213859807393,61.46193921930801,74.0869112136244,-24.802269504871795,59.08261462426008,56.341734941245676,74.48393906384388,19.89523609184161,13.681499184047867,,22.0,,,,,,COMPLETE
377,377,140.0,2026-05-12 20:08:46.496713,2026-05-12 20:08:46.756858,0 days 00:00:00.260145,-35.301839102255855,45.06781853041876,27.84524530219873,51.3029899352727,64.41486487537838,69.57532436739062,-22.533621293573944,52.772398314399126,55.41753176652757,91.36009656666879,18.504055341319305,16.045884132109638,Unfeasible shape,22.0,,,,,,PRUNED
378,378,140.0,2026-05-12 20:08:46.928745,2026-05-12 20:08:47.182189,0 days 00:00:00.253444,-38.69533090238243,49.34342460092262,32.727691986501185,43.96686789626606,56.835570737153745,65.78888459582825,-34.29845474523749,55.575329663716914,69.37465254662122,75.41975597328883,32.31623928949009,22.939614396476202,Unfeasible shape,22.0,,,,,,PRUNED
379,379,140.0,2026-05-12 20:08:47.369467,2026-05-12 20:08:47.631803,0 days 00:00:00.262336,-40.23187378761092,37.16988400574819,26.99708962777098,46.26772751865653,63.180740411250056,70.1257024766618,-20.417280857733488,46.462036468131544,48.547238190735186,82.70445949538593,23.803307007726307,18.095377544995838,Unfeasible shape,22.0,,,,,,PRUNED
380,380,41.44292257096819,2026-05-12 20:08:47.804409,2026-05-12 20:09:04.689748,0 days 00:00:16.885339,-40.784639603983365,62.95732978955385,17.238771143907744,57.18223246040454,58.97047690687995,65.13296393625086,-40.63239622750172,66.5381244596259,65.16344157099215,79.51897114795023,23.86781064524731,17.348786725280824,,22.0,,,,,,COMPLETE
