,number,value,datetime_start,datetime_complete,duration,params_highPt.rA2,params_highPt.rL1,params_highPt.rL2,params_highPt.rL3,params_highPt.x2,params_highPt.y2,params_lowPt.rA2,params_lowPt.rL1,params_lowPt.rL2,params_lowPt.rL3,params_lowPt.x2,params_lowPt.y2,user_attrs_prune,system_attrs_cma:generation,system_attrs_cma:optimizer:0,system_attrs_cma:optimizer:1,system_attrs_cma:optimizer:2,system_attrs_cma:optimizer:3,system_attrs_cma:optimizer:4,state
577,577,140.0,2026-05-12 20:44:05.417110,2026-05-12 20:44:05.644806,0 days 00:00:00.227696,-34.41309683938926,40.6472037088275,20.326352397314896,56.86193346903903,58.43448583244519,70.1669367285571,-26.899616459151495,56.21864599246021,49.052707933816535,79.7109128903928,23.48480365283261,6.722345656020166,Unfeasible shape,33.0,800495a6100000000000008c0a636d6165732e5f636d61948c03434d419493942981947d94288c065f6e5f64696d944b0c8c085f706f7073697a65944b0b8c035f6d75944b058c075f6d755f656666948c166e756d70792e5f636f72652e6d756c74696172726179948c067363616c61729493948c056e756d7079948c0564747970659493948c02663894898887945294284b038c013c944e4e4e4affffffff4affffffff4b007494624308e9e8100774510b4094869452948c035f636394680b681143083e6c7d43b18cd03f94869452948c035f633194680b681143089fc67c4e93b7863f94869452948c045f636d7594680b68114308b90fbeb98d89913f94869452948c085f635f7369676d6194680b681143088289198da8f9d03f94869452948c085f645f7369676d6194680b68114308606246236a3ef43f94869452948c035f636d944b018c065f6368695f6e9447400b25064571943c8c085f776569676874739468098c0c5f7265636f6e737472756374949394680c8c076e6461727261799493944b0085944301629487945294284b014b0b8594680e8c02663894898887945294284b0368124e4e4e4affffffff4affffffff4b00749462894358538e214ba67ddb3f2c5e47761ddbd03f4c60b4a91145c53f18b8b48552e2b83f8daa7d42f660a63f00000000000000009bd0b4761a8dc0bf5806fa0273e3cebff539783e76c4d5bfddd50bc2786cdbbf0820f98e2d45e0bf947494628c085f705f7369676d6194682f68314b008594683387945294284b014b0c85946811894360409645adc7c0943fa851273bced3f8bf8680cc81ca1dd2bfde2742d79905c3bf2ac365a8445bb83faf118011761bd73fe01a7e660856ba3fca45eb020a90d13f6c4f6df345cae03f67f16be1aebbe2bf2c85662c7040ce3f58e6fd2d493eb03f947494628c035f706394682f68314b008594683387945294284b014b0c85946811894360805436c17c3095bf7aba49aaca64f5bfa74ee1053fbecbbf50cad7c6863cbebfe774227452dcb33f237ec1226ca3d63fa0006c307897963f5624c49a462ece3f8aaf53497531e13f7040e36bdc8ce3bf58f7456ac983a73f2416238ac0dec33f947494628c055f6d65616e94682f68314b008594683387945294284b014b0c85946839894360188f5d6e70c1e83fa40d6bfa0196d53f6c570513c342c33f1d0a68bd0565de3ff4d6e97d70a2e93f765d9e7f35cdee3f8f85cc715ba6ec3f8b5f95274d0fe23f6380a5e16bf0dc3fa93a9a7df18be93fd81ae4a00f6cd53f78332cf5946fc13f947494628c065f7369676d6194680b68114308a2db176cb171a73f94869452948c025f44944e8c025f42944e8c075f626f756e647394682f68314b008594683387945294284b014b0c4b02869468398943c00,000000000000000000000000000f03f0000000000000000000000000000f03f0000000000000000000000000000f03f0000000000000000000000000000f03f0000000000000000000000000000f03f0000000000000000000000000000f03f0000000000000000000000000000f03f0000000000000000000000000000f03f0000000000000000000000000000f03f0000000000000000000000000000f03f0000000000000000000000000000f03f0000000000000000000000000000f03f947494628c115f6e5f6d61785f726573616d706c696e67944b788c025f67944b218c095f6c725f616461707494898c065f616c70686194473ff66666666666668c0a5f626574615f6d65616e94473fb999999999999a8c0b5f626574615f5369676d6194473f9eb851eb851eb88c065f67616d6d6194473fb999999999999a8c065f456d65616e94682f68314b008594683387945294284b014b0c4b0186946839894360000000000000000000000000000000000000000000000000000000000000000000000000000000000000000000000000000000000000000000000000000000000000000000000000000000000000000000000000000000000000000000000000947494628c075f455369676d6194682f68314b008594683387945294284b014b904b018694683989428004000000000000000000000000000000000000000000000000000000000000000000000000000000000000000000000000000000000000000000000000000000000000000000000000000000000000000000000000000000000000000000000000000000000000000000000000000000000000000000000000000000000000000000000000000000000000000000000000000000000000000000000000000000000000000000000000000000000000000000000000000000000000000000000000000000000000000000000000000000000000000000000000000000000000000000000000000000000000000000000000000000000000000000000000000000000000000000000000000000000000000000000000000000000000000000000000000000000000000000000000000000000000000000000000000000000000000000000000000000000000000000000000000000000000000000000000000000000000000000000000000000000000000000000000000000000000000000000000000000000000000000000000000000000000000000000000000000000000000000000000000000000000000000000000000000000000000000000000000000000000000000000000000000000000000000000000000000000000000000000000000000000000000000000000000000000000000000000000000000000000000000000000000000000000000000000000,0000000000000000000000000000000000000000000000000000000000000000000000000000000000000000000000000000000000000000000000000000000000000000000000000000000000000000000000000000000000000000000000000000000000000000000000000000000000000000000000000000000000000000000000000000000000000000000000000000000000000000000000000000000000000000000000000000000000000000000000000000000000000000000000000000000000000000000000000000000000000000000000000000000000000000000000000000000000000000000000000000000000000000000000000000000000000000000000000000000000000000000000000000000000000000000000000000000000000000000000000000000000000000000000000000000000000000000000000000000000000000000000000000000000000000000000000000000000000000000000000000000000000000000000000000000000000000000000000000000000000000000000000000000000000000000000000000000000000000000000000000000000000000000000000000000000000000000000000000000000000000000000000000000000000000000000000000000000000000000000000000000000000000000000000000000000000000000000000000000000000000000000000000000000000000000000000000000000000000000000000000000000000000000000000000000000000000000000000000000000000000000000000000000000000000000000000000000000000000000000000000000000000000000000000000000000000000000000000000947494628c065f566d65616e944700000000000000008c075f565369676d61944700000000000000008c095f6574615f6d65616e94473ff00000000000008c0a5f6574615f5369676d6194473ff00000000000008c055f746f6c7894680b6811430816383daccc74473d94869452948c075f746f6c787570944740c38800000000008c075f746f6c66756e94473d719799812dea118c105f746f6c636f6e646974696f6e636f76944742d6bcc41e9000008c0d5f66756e686973745f7465726d944b2b8c0f5f66756e686973745f76616c75657394682f68314b008594683387945294284b014b56859468398942b0020000010000000000000060dc6f62fd7f000086f09eed6c324540cc84085bea774640bcaa809ce0d44440707510f8e58c4640f60157ab10044540eefa3f03e01e4640b2a08e4a68d54440e2e86af73b90454086155937a6ed44402246245bea7746400025072e5ec64440728cee09aee745407e5b77c2bde64440d8748de672444640302071352ee94440120d3f5aea7746408a55a55975d1444094468,acb223f4540846eb32b3bdb4440441913d44c6d4540903b9df2129c4440b8392c10f5454540dc125e4bd99d444058faff5aea774640cc9e3a029ab144408ee69595cf854540862ffb18bfa04440109d6e5dfea84540e261f0a0e2a4444068f26b22ca014540be98333e2bab4440ec10990389f1444086a3031cc7a44440c42f775c9df245405cb1856eeca24440c8b3beadc1f94540d2a6567059b144405c761e35d20c4540986fa557c5a24440d480f82a3ee14440e2b901e0848a4440b09fe848b1ff4440b6c7877bb0924440061fe1894ffa4440904fba85898c4440eed16240cbde4440ee93b5b888974440f4e2145cea77464090b84ec7b0954440aa3f135bea7746404c40497381824440ba2ef35aea774640c2d8bbc6ca824440ca6bcb5bea774640181fd92d5b8c4440e8bd4e5bea7746402eb779ab4a8d4440588ba25bea77464082ea3a26b08f44404859317546af4440401d7f4a4a874440b222c35bea774640163d1a3f068b44405466165bea774640726e6247d1884440008cf95aea7746402061204469726963686c6574206d756c74696e6f6d69616c20646973747269627574696f6e2e0a0a2020202020202020e08c5b86d0010000a0955b86d001000030846086d001000050b05b86d001000040176086d0010000b0846086d001000030856086d001000060895b86d0010000b0856086d001000030866086d0010000d09e5b86d0010000b0006086d0010000947494628c055f635f316494682f68314b008594683387945294284b014b4e85946811894270020000964f0eff1c17ec3fe42256775d73913f3a6ef346bbb3873f85fcdb593f73a0bf1110f35c3aaeb7bf8b4b5d351b22b6bf9ae925ad0fe1c73f5936a4fadd89b33f208d8ba8996a923f7eb18a4f959ba5bf90ebd3e79a87a23f533016624c62a0bf6ba94a4a60a7e83ff0c3394c0cac973f8b097325132a793f9040555472cb87bf010b467efdc3b4bf158d0fae1a80b2bf4e2f7f62ffc78cbf4ed234e91c81ac3f0847111e5617a93fc4094f9b18e1b73f19e26dcb7576933f6be4355072b5e63fd2cd63c484d2c0bf0de230351d6cc7bf973193e412e29b3fa94429224380c2bf9b5502ff1e49be3fad9df1049517a63f8a79d6b713b09bbfbb99535e2d8c8d3fd2019308c43caa3f3f6526cd7312e23f308539add70abbbf2fce923272ebbe3f4cbe1539e0f0a13f8ca0a138d0f5a1bf570cc6d7dbaba4bfa6a8e0fd11d29abf1768fafe567997bfe72c731af53eb3bf295f6d2388b3e33f70dd599e0a78b73f24430f7e523cbc3fff92abd87c51aabfb15bef11af47aebfadb133dd8cb7bd3f421f5c4dd1f2a33f29fb6b2ebc4db1bfe62fe6b42a3fe83f57ab5db79100aa3fae239ccbbf51963f2bf7e851a6b9b53f4536c226c0adc03f80b09670fa81b9bf,b55cce8c2150b7bfeb8c00d6f9abf23fae0db390ab36bebf4735e941de54c8bf6c049ce48ca2c43faa3fb4cbeea0b63fb47b4d4c7061ae3ff492c9a5ecf2e73fab6ba001ba11b23fff691046cdbf743fc9c4234688e9bbbf309cba37d93fc33f29ed5f032dc8ed3f8e3789323a24babf3be6efe3cd7dc0bf2ae1dbbce7c7ba3fff30181b6453ed3fb5ca143cee53b3bf4529733e620dcbbfdcaa926c12ddeb3f1c809e611a1ea4bf1ea706ae5bd2e73f9474946275622e,PRUNED
578,578,41.29183631746639,2026-05-12 20:44:05.851751,2026-05-12 20:44:22.821558,0 days 00:00:16.969807,-36.45101767642065,40.56900108059427,27.328959419799645,53.31890387193013,54.19543850848576,72.02901324014209,-27.412089089469646,63.10928722585276,49.4385914406897,81.00891871016141,21.678008785940147,11.424455052751869,,33.0,800495a6100000000000008c0a636d6165732e5f636d61948c03434d419493942981947d94288c065f6e5f64696d944b0c8c085f706f7073697a65944b0b8c035f6d75944b058c075f6d755f656666948c166e756d70792e5f636f72652e6d756c74696172726179948c067363616c61729493948c056e756d7079948c0564747970659493948c02663894898887945294284b038c013c944e4e4e4affffffff4affffffff4b007494624308e9e8100774510b4094869452948c035f636394680b681143083e6c7d43b18cd03f94869452948c035f633194680b681143089fc67c4e93b7863f94869452948c045f636d7594680b68114308b90fbeb98d89913f94869452948c085f635f7369676d6194680b681143088289198da8f9d03f94869452948c085f645f7369676d6194680b68114308606246236a3ef43f94869452948c035f636d944b018c065f6368695f6e9447400b25064571943c8c085f776569676874739468098c0c5f7265636f6e737472756374949394680c8c076e6461727261799493944b0085944301629487945294284b014b0b8594680e8c02663894898887945294284b0368124e4e4e4affffffff4affffffff4b00749462894358538e214ba67ddb3f2c5e47761ddbd03f4c60b4a91145c53f18b8b48552e2b83f8daa7d42f660a63f00000000000000009bd0b4761a8dc0bf5806fa0273e3cebff539783e76c4d5bfddd50bc2786cdbbf0820f98e2d45e0bf947494628c085f705f7369676d6194682f68314b008594683387945294284b014b0c85946811894360409645adc7c0943fa851273bced3f8bf8680cc81ca1dd2bfde2742d79905c3bf2ac365a8445bb83faf118011761bd73fe01a7e660856ba3fca45eb020a90d13f6c4f6df345cae03f67f16be1aebbe2bf2c85662c7040ce3f58e6fd2d493eb03f947494628c035f706394682f68314b008594683387945294284b014b0c85946811894360805436c17c3095bf7aba49aaca64f5bfa74ee1053fbecbbf50cad7c6863cbebfe774227452dcb33f237ec1226ca3d63fa0006c307897963f5624c49a462ece3f8aaf53497531e13f7040e36bdc8ce3bf58f7456ac983a73f2416238ac0dec33f947494628c055f6d65616e94682f68314b008594683387945294284b014b0c85946839894360188f5d6e70c1e83fa40d6bfa0196d53f6c570513c342c33f1d0a68bd0565de3ff4d6e97d70a2e93f765d9e7f35cdee3f8f85cc715ba6ec3f8b5f95274d0fe23f6380a5e16bf0dc3fa93a9a7df18be93fd81ae4a00f6cd53f78332cf5946fc13f947494628c065f7369676d6194680b68114308a2db176cb171a73f94869452948c025f44944e8c025f42944e8c075f626f756e647394682f68314b008594683387945294284b014b0c4b02869468398943c00,000000000000000000000000000f03f0000000000000000000000000000f03f0000000000000000000000000000f03f0000000000000000000000000000f03f0000000000000000000000000000f03f0000000000000000000000000000f03f0000000000000000000000000000f03f0000000000000000000000000000f03f0000000000000000000000000000f03f0000000000000000000000000000f03f0000000000000000000000000000f03f0000000000000000000000000000f03f947494628c115f6e5f6d61785f726573616d706c696e67944b788c025f67944b218c095f6c725f616461707494898c065f616c70686194473ff66666666666668c0a5f626574615f6d65616e94473fb999999999999a8c0b5f626574615f5369676d6194473f9eb851eb851eb88c065f67616d6d6194473fb999999999999a8c065f456d65616e94682f68314b008594683387945294284b014b0c4b0186946839894360000000000000000000000000000000000000000000000000000000000000000000000000000000000000000000000000000000000000000000000000000000000000000000000000000000000000000000000000000000000000000000000000947494628c075f455369676d6194682f68314b008594683387945294284b014b904b018694683989428004000000000000000000000000000000000000000000000000000000000000000000000000000000000000000000000000000000000000000000000000000000000000000000000000000000000000000000000000000000000000000000000000000000000000000000000000000000000000000000000000000000000000000000000000000000000000000000000000000000000000000000000000000000000000000000000000000000000000000000000000000000000000000000000000000000000000000000000000000000000000000000000000000000000000000000000000000000000000000000000000000000000000000000000000000000000000000000000000000000000000000000000000000000000000000000000000000000000000000000000000000000000000000000000000000000000000000000000000000000000000000000000000000000000000000000000000000000000000000000000000000000000000000000000000000000000000000000000000000000000000000000000000000000000000000000000000000000000000000000000000000000000000000000000000000000000000000000000000000000000000000000000000000000000000000000000000000000000000000000000000000000000000000000000000000000000000000000000000000000000000000000000000000000000000000000000000,0000000000000000000000000000000000000000000000000000000000000000000000000000000000000000000000000000000000000000000000000000000000000000000000000000000000000000000000000000000000000000000000000000000000000000000000000000000000000000000000000000000000000000000000000000000000000000000000000000000000000000000000000000000000000000000000000000000000000000000000000000000000000000000000000000000000000000000000000000000000000000000000000000000000000000000000000000000000000000000000000000000000000000000000000000000000000000000000000000000000000000000000000000000000000000000000000000000000000000000000000000000000000000000000000000000000000000000000000000000000000000000000000000000000000000000000000000000000000000000000000000000000000000000000000000000000000000000000000000000000000000000000000000000000000000000000000000000000000000000000000000000000000000000000000000000000000000000000000000000000000000000000000000000000000000000000000000000000000000000000000000000000000000000000000000000000000000000000000000000000000000000000000000000000000000000000000000000000000000000000000000000000000000000000000000000000000000000000000000000000000000000000000000000000000000000000000000000000000000000000000000000000000000000000000000000000000000000000000000947494628c065f566d65616e944700000000000000008c075f565369676d61944700000000000000008c095f6574615f6d65616e94473ff00000000000008c0a5f6574615f5369676d6194473ff00000000000008c055f746f6c7894680b6811430816383daccc74473d94869452948c075f746f6c787570944740c38800000000008c075f746f6c66756e94473d719799812dea118c105f746f6c636f6e646974696f6e636f76944742d6bcc41e9000008c0d5f66756e686973745f7465726d944b2b8c0f5f66756e686973745f76616c75657394682f68314b008594683387945294284b014b56859468398942b0020000010000000000000060dc6f62fd7f000086f09eed6c324540cc84085bea774640bcaa809ce0d44440707510f8e58c4640f60157ab10044540eefa3f03e01e4640b2a08e4a68d54440e2e86af73b90454086155937a6ed44402246245bea7746400025072e5ec64440728cee09aee745407e5b77c2bde64440d8748de672444640302071352ee94440120d3f5aea7746408a55a55975d1444094468,acb223f4540846eb32b3bdb4440441913d44c6d4540903b9df2129c4440b8392c10f5454540dc125e4bd99d444058faff5aea774640cc9e3a029ab144408ee69595cf854540862ffb18bfa04440109d6e5dfea84540e261f0a0e2a4444068f26b22ca014540be98333e2bab4440ec10990389f1444086a3031cc7a44440c42f775c9df245405cb1856eeca24440c8b3beadc1f94540d2a6567059b144405c761e35d20c4540986fa557c5a24440d480f82a3ee14440e2b901e0848a4440b09fe848b1ff4440b6c7877bb0924440061fe1894ffa4440904fba85898c4440eed16240cbde4440ee93b5b888974440f4e2145cea77464090b84ec7b0954440aa3f135bea7746404c40497381824440ba2ef35aea774640c2d8bbc6ca824440ca6bcb5bea774640181fd92d5b8c4440e8bd4e5bea7746402eb779ab4a8d4440588ba25bea77464082ea3a26b08f44404859317546af4440401d7f4a4a874440b222c35bea774640163d1a3f068b44405466165bea774640726e6247d1884440008cf95aea7746402061204469726963686c6574206d756c74696e6f6d69616c20646973747269627574696f6e2e0a0a2020202020202020e08c5b86d0010000a0955b86d001000030846086d001000050b05b86d001000040176086d0010000b0846086d001000030856086d001000060895b86d0010000b0856086d001000030866086d0010000d09e5b86d0010000b0006086d0010000947494628c055f635f316494682f68314b008594683387945294284b014b4e85946811894270020000964f0eff1c17ec3fe42256775d73913f3a6ef346bbb3873f85fcdb593f73a0bf1110f35c3aaeb7bf8b4b5d351b22b6bf9ae925ad0fe1c73f5936a4fadd89b33f208d8ba8996a923f7eb18a4f959ba5bf90ebd3e79a87a23f533016624c62a0bf6ba94a4a60a7e83ff0c3394c0cac973f8b097325132a793f9040555472cb87bf010b467efdc3b4bf158d0fae1a80b2bf4e2f7f62ffc78cbf4ed234e91c81ac3f0847111e5617a93fc4094f9b18e1b73f19e26dcb7576933f6be4355072b5e63fd2cd63c484d2c0bf0de230351d6cc7bf973193e412e29b3fa94429224380c2bf9b5502ff1e49be3fad9df1049517a63f8a79d6b713b09bbfbb99535e2d8c8d3fd2019308c43caa3f3f6526cd7312e23f308539add70abbbf2fce923272ebbe3f4cbe1539e0f0a13f8ca0a138d0f5a1bf570cc6d7dbaba4bfa6a8e0fd11d29abf1768fafe567997bfe72c731af53eb3bf295f6d2388b3e33f70dd599e0a78b73f24430f7e523cbc3fff92abd87c51aabfb15bef11af47aebfadb133dd8cb7bd3f421f5c4dd1f2a33f29fb6b2ebc4db1bfe62fe6b42a3fe83f57ab5db79100aa3fae239ccbbf51963f2bf7e851a6b9b53f4536c226c0adc03f80b09670fa81b9bf,b55cce8c2150b7bfeb8c00d6f9abf23fae0db390ab36bebf4735e941de54c8bf6c049ce48ca2c43faa3fb4cbeea0b63fb47b4d4c7061ae3ff492c9a5ecf2e73fab6ba001ba11b23fff691046cdbf743fc9c4234688e9bbbf309cba37d93fc33f29ed5f032dc8ed3f8e3789323a24babf3be6efe3cd7dc0bf2ae1dbbce7c7ba3fff30181b6453ed3fb5ca143cee53b3bf4529733e620dcbbfdcaa926c12ddeb3f1c809e611a1ea4bf1ea706ae5bd2e73f9474946275622e,COMPLETE
579,579,140.0,2026-05-12 20:44:24.340174,2026-05-12 20:44:24.603142,0 days 00:00:00.262968,-35.2223570360518,46.92861207383865,31.860145819338005,49.16002804901625,63.08881090300418,73.16189633185037,-25.69515575744056,65.07212453244341,58.84544872060078,88.46461647138318,27.928461062715996,8.942180109415183,Unfeasible shape,33.0,,,,,,PRUNED
580,580,41.19371658893897,2026-05-12 20:44:24.820360,2026-05-12 20:44:42.377858,0 days 00:00:17.557498,-29.775127271829433,40.63603102433731,20.24690822204267,56.87702209256776,59.6566772885404,73.49429841373222,-22.33739517835015,53.21579818813698,47.51696023550652,86.63945687117166,22.73310613423338,6.912313426773661,,33.0,,,,,,COMPLETE
581,581,140.0,2026-05-12 20:44:43.882917,2026-05-12 20:44:44.108125,0 days 00:00:00.225208,-34.693915526411466,38.59195583533769,17.846633989844648,54.80676164650242,57.52455464422406,73.58499670977788,-26.237942596774253,59.53487015846322,48.812350078939126,74.26254177414606,23.853418844996344,12.938495041611734,Unfeasible shape,33.0,,,,,,PRUNED
582,582,140.0,2026-05-12 20:44:44.296903,2026-05-12 20:44:44.529038,0 days 00:00:00.232135,-30.47868235928381,37.09834591722267,23.77853293850979,56.56417221646272,58.68513045981601,71.99821792038585,-25.816250967649545,64.09666001765288,47.845486887595406,85.14176637348639,23.318946081362895,11.988320817761137,Unfeasible shape,33.0,,,,,,PRUNED
583,583,41.05729644435445,2026-05-12 20:44:44.720489,2026-05-12 20:45:02.171241,0 days 00:00:17.450752,-31.80146454661522,39.25746613077828,26.353807477169326,54.236656188486066,58.55072519522985,73.35024203484696,-26.39877678965567,63.46766508899749,55.68444087693831,75.55260867557982,22.23290905961242,12.163829714950515,,33.0,,,,,,COMPLETE
584,584,41.09819999274079,2026-05-12 20:45:03.710815,2026-05-12 20:45:21.301831,0 days 00:00:17.591016,-36.63931881179785,41.79486339398234,24.026192962750894,51.48182075291328,61.375909888204916,73.70800791138045,-22.191347123933888,57.55418662161017,43.49238043261209,86.60889671683975,27.706256175655156,10.82363454539103,,33.0,,,,,,COMPLETE
585,585,140.0,2026-05-12 20:45:22.778506,2026-05-12 20:45:23.038479,0 days 00:00:00.259973,-31.17376541605423,42.76952469293394,26.43187151779921,47.579461946411975,61.0502315360713,71.18698137170045,-24.988887615123993,60.412889109515476,53.51074238284967,84.29037675693391,23.711182972989587,13.144897099507359,Unfeasible shape,33.0,,,,,,PRUNED
586,586,140.0,2026-05-12 20:45:23.245559,2026-05-12 20:45:23.531174,0 days 00:00:00.285615,-34.25850387473538,43.46355252371174,23.13333325453892,52.07136183323708,62.03713294293297,70.27662334393266,-23.87111769217909,59.660441206691445,63.60587069675845,80.31269063435137,29.246343566434827,15.18991999477371,Unfeasible shape,33.0,,,,,,PRUNED
587,587,41.092188696724776,2026-05-12 20:45:23.717387,2026-05-12 20:45:41.270123,0 days 00:00:17.552736,-36.20879961790423,40.057071769077154,28.418049842482443,54.87672774229584,57.71069897489686,72.21318596403962,-28.799942796610942,57.98665452866626,51.32892935048441,82.75185221832484,29.933428087802675,11.22883050650912,,33.0,,,,,,COMPLETE
588,588,140.0,2026-05-12 20:45:42.733056,2026-05-12 20:45:43.607774,0 days 00:00:00.874718,-31.902465503040133,40.69316651157039,23.9635738209064,54.020601115156374,63.91992442059078,72.74965403265597,-24.297879059775845,55.771893794905154,46.04838270680297,82.96501668777992,25.041928101795303,7.754269053260441,Unfeasible shape,33.0,,,,,,PRUNED
