,number,value,datetime_start,datetime_complete,duration,params_highPt.rA2,params_highPt.rL1,params_highPt.rL2,params_highPt.rL3,params_highPt.x2,params_highPt.y2,params_lowPt.rA2,params_lowPt.rL1,params_lowPt.rL2,params_lowPt.rL3,params_lowPt.x2,params_lowPt.y2,user_attrs_prune,system_attrs_cma:generation,system_attrs_cma:optimizer:0,system_attrs_cma:optimizer:1,system_attrs_cma:optimizer:2,system_attrs_cma:optimizer:3,system_attrs_cma:optimizer:4,state
666,666,41.218209404925204,2026-05-12 20:59:03.935846,2026-05-12 20:59:20.928754,0 days 00:00:16.992908,-34.46750901411098,41.89237893364685,22.325738379715375,54.055354387746746,59.03045857246425,71.69738607818422,-32.45702708514895,66.56418492926899,62.887486412958324,78.94826683048748,18.95307153524202,18.031131190889386,,37.0,800495a6100000000000008c0a636d6165732e5f636d61948c03434d419493942981947d94288c065f6e5f64696d944b0c8c085f706f7073697a65944b0b8c035f6d75944b058c075f6d755f656666948c166e756d70792e5f636f72652e6d756c74696172726179948c067363616c61729493948c056e756d7079948c0564747970659493948c02663894898887945294284b038c013c944e4e4e4affffffff4affffffff4b007494624308e9e8100774510b4094869452948c035f636394680b681143083e6c7d43b18cd03f94869452948c035f633194680b681143089fc67c4e93b7863f94869452948c045f636d7594680b68114308b90fbeb98d89913f94869452948c085f635f7369676d6194680b681143088289198da8f9d03f94869452948c085f645f7369676d6194680b68114308606246236a3ef43f94869452948c035f636d944b018c065f6368695f6e9447400b25064571943c8c085f776569676874739468098c0c5f7265636f6e737472756374949394680c8c076e6461727261799493944b0085944301629487945294284b014b0b8594680e8c02663894898887945294284b0368124e4e4e4affffffff4affffffff4b00749462894358538e214ba67ddb3f2c5e47761ddbd03f4c60b4a91145c53f18b8b48552e2b83f8daa7d42f660a63f00000000000000009bd0b4761a8dc0bf5806fa0273e3cebff539783e76c4d5bfddd50bc2786cdbbf0820f98e2d45e0bf947494628c085f705f7369676d6194682f68314b008594683387945294284b014b0c8594681189436070fcb35bad97a33f28e93a9baa01f2bfd2ae1d2f1427c43f8d85c782a005e6bfaac001ed2ab89dbfcbd7a5cc54f9dcbf33fed4e77b7af3bf796d5bc1a5b3f23fda56665ecb170240f99c68620bbfd4bf0fe939062405ecbfaadbed20b311fd3f947494628c035f706394682f68314b008594683387945294284b014b0c85946811894360a89cdfd2fde6aabff6baaa89cfa3ecbf6490ea14b2b5de3fbf1316127d12e5bfb25b68b74252d4bf7ee93f29b382d4bfd382bdfa5bb1f7bf0fd5cd16fe45f53fd1aef9dd5ec70340e09b3ee33a20e9bf6ee1e036eb2df2bfea9b2b5e0897fc3f947494628c055f6d65616e94682f68314b008594683387945294284b014b0c85946839894360e72011fb8c7de83f93fb4a023858d53fb7c5b5955259c73fc8b2f9b6a99ddd3ffcebcb59c415e93f04c4b6e94b28ee3fec74175f8a22eb3fff07f3183987e33f69c50b1eff86e13f76753a72bb9de83f00c4838a98a3d23fd475cf8f5106cc3f947494628c065f7369676d6194680b681143089a54c639171da43f94869452948c025f44944e8c025f42944e8c075f626f756e647394682f68314b008594683387945294284b014b0c4b02869468398943c00,000000000000000000000000000f03f0000000000000000000000000000f03f0000000000000000000000000000f03f0000000000000000000000000000f03f0000000000000000000000000000f03f0000000000000000000000000000f03f0000000000000000000000000000f03f0000000000000000000000000000f03f0000000000000000000000000000f03f0000000000000000000000000000f03f0000000000000000000000000000f03f0000000000000000000000000000f03f947494628c115f6e5f6d61785f726573616d706c696e67944b788c025f67944b258c095f6c725f616461707494898c065f616c70686194473ff66666666666668c0a5f626574615f6d65616e94473fb999999999999a8c0b5f626574615f5369676d6194473f9eb851eb851eb88c065f67616d6d6194473fb999999999999a8c065f456d65616e94682f68314b008594683387945294284b014b0c4b0186946839894360000000000000000000000000000000000000000000000000000000000000000000000000000000000000000000000000000000000000000000000000000000000000000000000000000000000000000000000000000000000000000000000000947494628c075f455369676d6194682f68314b008594683387945294284b014b904b018694683989428004000000000000000000000000000000000000000000000000000000000000000000000000000000000000000000000000000000000000000000000000000000000000000000000000000000000000000000000000000000000000000000000000000000000000000000000000000000000000000000000000000000000000000000000000000000000000000000000000000000000000000000000000000000000000000000000000000000000000000000000000000000000000000000000000000000000000000000000000000000000000000000000000000000000000000000000000000000000000000000000000000000000000000000000000000000000000000000000000000000000000000000000000000000000000000000000000000000000000000000000000000000000000000000000000000000000000000000000000000000000000000000000000000000000000000000000000000000000000000000000000000000000000000000000000000000000000000000000000000000000000000000000000000000000000000000000000000000000000000000000000000000000000000000000000000000000000000000000000000000000000000000000000000000000000000000000000000000000000000000000000000000000000000000000000000000000000000000000000000000000000000000000000000000000000000000000000,0000000000000000000000000000000000000000000000000000000000000000000000000000000000000000000000000000000000000000000000000000000000000000000000000000000000000000000000000000000000000000000000000000000000000000000000000000000000000000000000000000000000000000000000000000000000000000000000000000000000000000000000000000000000000000000000000000000000000000000000000000000000000000000000000000000000000000000000000000000000000000000000000000000000000000000000000000000000000000000000000000000000000000000000000000000000000000000000000000000000000000000000000000000000000000000000000000000000000000000000000000000000000000000000000000000000000000000000000000000000000000000000000000000000000000000000000000000000000000000000000000000000000000000000000000000000000000000000000000000000000000000000000000000000000000000000000000000000000000000000000000000000000000000000000000000000000000000000000000000000000000000000000000000000000000000000000000000000000000000000000000000000000000000000000000000000000000000000000000000000000000000000000000000000000000000000000000000000000000000000000000000000000000000000000000000000000000000000000000000000000000000000000000000000000000000000000000000000000000000000000000000000000000000000000000000000000000000000000000947494628c065f566d65616e944700000000000000008c075f565369676d61944700000000000000008c095f6574615f6d65616e94473ff00000000000008c0a5f6574615f5369676d6194473ff00000000000008c055f746f6c7894680b6811430816383daccc74473d94869452948c075f746f6c787570944740c38800000000008c075f746f6c66756e94473d719799812dea118c105f746f6c636f6e646974696f6e636f76944742d6bcc41e9000008c0d5f66756e686973745f7465726d944b2b8c0f5f66756e686973745f76616c75657394682f68314b008594683387945294284b014b56859468398942b0020000010000000000000060dc6f62fd7f000086f09eed6c324540cc84085bea774640bcaa809ce0d44440707510f8e58c4640f60157ab10044540eefa3f03e01e4640b2a08e4a68d54440e2e86af73b90454086155937a6ed44402246245bea7746400025072e5ec64440728cee09aee745407e5b77c2bde64440d8748de672444640302071352ee94440120d3f5aea7746408a55a55975d1444094468,acb223f4540846eb32b3bdb4440441913d44c6d4540903b9df2129c4440b8392c10f5454540dc125e4bd99d444058faff5aea774640cc9e3a029ab144408ee69595cf854540862ffb18bfa04440109d6e5dfea84540e261f0a0e2a4444068f26b22ca014540be98333e2bab4440ec10990389f1444086a3031cc7a44440c42f775c9df245405cb1856eeca24440c8b3beadc1f94540d2a6567059b144405c761e35d20c4540986fa557c5a24440d480f82a3ee14440e2b901e0848a4440b09fe848b1ff4440b6c7877bb0924440061fe1894ffa4440904fba85898c4440eed16240cbde4440ee93b5b888974440f4e2145cea77464090b84ec7b0954440aa3f135bea7746404c40497381824440ba2ef35aea774640c2d8bbc6ca824440ca6bcb5bea774640181fd92d5b8c4440e8bd4e5bea7746402eb779ab4a8d4440588ba25bea77464082ea3a26b08f44404859317546af4440401d7f4a4a874440b222c35bea774640163d1a3f068b44405466165bea774640726e6247d1884440008cf95aea774640f856697d558744409634776468af44403e09331784894440ecb55660374f4540a0e1a94143854440a62b275aea774640f062ea6784894440c2a4735bea77464030846086d001000050b05b86d001000040176086d0010000b0846086d001000030856086d001000060895b86d0010000b0856086d001000030866086d0010000d09e5b86d0010000b0006086d0010000947494628c055f635f316494682f68314b008594683387945294284b014b4e85946811894270020000b0d6be172022eb3f86edf152fba778bf5675bb8a722a983fce919aea64ccaabf128c9b2ab732c0bf72c117d64a55bdbf223c8b8de442c53fc8fae515d759b93f484f137cdd547fbf28ca0ab78bbfadbf625717223ab4a43ff42771c0e7c3a3bf238d77eb6604e83fa29e1b56f7d5943fdcd178223581573f8865e1b9d8b641bf47890e125ecdb4bf67a6a762b921a9bffe5ff0a3d617a9bf4c371206e38c663fcc61d34f0c0bb53f4a67003f3938c33f92491dcf62bb833f068b48d79439e53f7245c3e0cf81c6bf4c8eedb1687dc9bf71fc264cd4e39b3f408612a5f208c8bfeef2f0c73a96c03f848b334e7bc6c03f90d75961742b9cbff69f13ce0da1743f8f2a47f9543cba3f208c3b23643ce13fcb734b581d55acbf1b0d6b3c6bb8c23f4e9a445eb78cb03faf1a6e1871f2a7bf714b81fcf277b2bf231bc691bcf192bfa4e6422076919dbf6862e508c594aebfc11f0e427b97e13facae7db169d4b63fe43c9055bafcc03f4e13b7817b99b2bfbc69bda3a7b7b4bfe2574ce63709ba3f8473dc675687863fc81333151181b7bfd8bf3160ccbfe73f2c901184cadeb43f4049d3a124c4423f620aa1f44247ae3f9a354f509167c03f3074d075e741b8bf,9734c8a701fbb9bf8d68802def3ef23fc2ebfccb0adec3bf80f3bb230bc7d0bfecdbe751b27dc13fd2a396012d55b03f24d7dd0eb7207c3f3c60b2011e4de83fdbdd7eaeac45c63fa0e1695c07419bbfef780e01766ec5bff0ced781305ac43f366dc6bc45faf03f2346a5011436c2bff7cb427813d9c4bf2652d5369861cc3f8c07b6731bf2ec3f32b5ace47ed69cbffe429271b411d1bfd3758ca71efdee3f6187346b61ecb1bf3f6ab57d7856e93f9474946275622e,COMPLETE
667,667,140.0,2026-05-12 20:59:22.456551,2026-05-12 20:59:22.774722,0 days 00:00:00.318171,-34.005386079021505,41.59454266011713,28.085307254672276,52.56855593652507,60.69304737513741,73.15388675558825,-26.722772803722265,65.25677775484021,54.386857323691906,84.93781750502804,19.276363349887887,13.558119896517095,Unfeasible shape,37.0,,,,,,PRUNED
668,668,140.0,2026-05-12 20:59:22.995540,2026-05-12 20:59:23.300853,0 days 00:00:00.305313,-36.76687089306646,34.783892063576786,25.20679769528182,51.728214890150106,62.39353696367273,73.54261673416798,-24.617348414196286,65.31716786466576,57.78788171671017,76.54526326535658,17.450802508336846,15.6774278726639,Unfeasible shape,37.0,,,,,,PRUNED
669,669,41.065342558119795,2026-05-12 20:59:23.489224,2026-05-12 20:59:43.601256,0 days 00:00:20.112032,-35.98391617924587,36.39577149513637,24.496787131917483,54.63544958155366,61.18195514593579,72.10609728863344,-24.652911195894198,62.556826879585245,63.08141729124868,80.46473612607666,19.891880066392734,16.576916631248825,,37.0,,,,,,COMPLETE
670,670,140.0,2026-05-12 20:59:45.252519,2026-05-12 20:59:45.522756,0 days 00:00:00.270237,-37.29296119068042,38.43419361259771,26.293378754752766,53.12102879951779,58.8932289016046,69.88909827455389,-27.2516272337582,61.29997948109457,61.001901792728354,78.20515915001371,22.53861577700675,16.370250045949962,Unfeasible shape,37.0,,,,,,PRUNED
671,671,140.0,2026-05-12 20:59:45.782811,2026-05-12 20:59:46.063351,0 days 00:00:00.280540,-30.446345562929537,38.8826449341142,25.890552701652837,48.97335431092,58.85638166351824,71.18647254210485,-27.67949390447763,64.08095557634533,64.01979434671091,76.91469221210016,21.40393508688708,13.464833335661961,Unfeasible shape,37.0,,,,,,PRUNED
672,672,41.03792797694568,2026-05-12 20:59:46.292141,2026-05-12 21:00:06.110381,0 days 00:00:19.818240,-34.2311327510614,35.677321927938834,26.040010854099275,50.90920926130308,60.13488036640978,71.32476018468854,-25.906401493221594,64.7340714991432,57.729398256219966,81.9948792419748,9.561133883870676,19.54365795735868,,37.0,,,,,,COMPLETE
673,673,40.978119153325125,2026-05-12 21:00:07.837387,2026-05-12 21:00:25.999731,0 days 00:00:18.162344,-34.38854918869606,44.114175659783506,27.095113034967177,48.320507426819084,61.10055274603218,72.66674983761415,-28.934264545619662,66.61346677221471,56.48243909193025,83.34558455916095,23.318746071172953,14.78420266828769,,37.0,,,,,,COMPLETE
674,674,41.09711019767545,2026-05-12 21:00:27.559202,2026-05-12 21:00:46.815212,0 days 00:00:19.256010,-35.401236985433655,42.08678974765103,26.945604900076003,52.636436241121984,59.056646409858175,68.7635208844178,-27.688963614074012,64.18214553686568,54.6689162403371,80.20503179801103,23.350585164686382,17.3852917387747,,37.0,,,,,,COMPLETE
675,675,41.15344609279022,2026-05-12 21:00:48.324818,2026-05-12 21:01:05.660508,0 days 00:00:17.335690,-35.856211349991284,38.98792990626924,27.247634048457368,49.44166210255583,58.234901488757416,73.37199369997369,-29.37125728968121,65.54959529932452,60.738819331914556,78.3797317332254,24.121696881562972,18.622034480338588,,37.0,,,,,,COMPLETE
676,676,41.30442495425068,2026-05-12 21:01:07.195729,2026-05-12 21:01:24.138177,0 days 00:00:16.942448,-31.558068007722333,41.82683693059592,23.40597882803108,52.72201739491214,55.7064323274209,64.95234727968096,-25.484703406517916,61.653171115503845,63.728686648904,75.74987160085603,24.485318729344367,18.624102754862225,,37.0,,,,,,COMPLETE
677,677,41.17294308499869,2026-05-12 21:01:25.625914,2026-05-12 21:01:42.859324,0 days 00:00:17.233410,-32.3581582164828,42.68432019028618,26.55773900513283,50.19650349087054,57.07580804614618,70.36405983280513,-28.904673374246975,62.34995990455614,61.30037930561689,74.08115675618784,17.585070604012397,15.2032313529013,,37.0,,,,,,COMPLETE
678,678,41.148153659353696,2026-05-12 21:01:44.372212,2026-05-12 21:02:05.796564,0 days 00:00:21.424352,-32.36713602698418,35.973990370452555,25.23114251938188,53.73760923568565,58.09173525254867,72.2160599818038,-29.87246228379911,68.86931400667078,61.8215143851895,84.13358274231032,17.81769075214918,16.98258828335391,,37.0,,,,,,COMPLETE
679,679,41.19010437702836,2026-05-12 21:02:07.474212,2026-05-12 21:02:24.644892,0 days 00:00:17.170680,-34.11775308086625,40.272251533807406,22.81378036719329,55.782242120058946,58.66339622112068,72.97259748638979,-33.81693844547718,62.83889528448256,60.394153153642186,80.55895373336107,15.05890712937404,17.3554456247167,,37.0,,,,,,COMPLETE
680,680,140.0,2026-05-12 21:02:26.217980,2026-05-12 21:02:26.491528,0 days 00:00:00.273548,-34.46521572818327,37.26291420621062,28.14843236245599,52.20062215837863,59.75763845201159,74.58501438153613,-31.779634045089217,62.38008236881045,59.844650452398795,82.88870771769692,18.578954735437954,15.130509202189293,Unfeasible shape,37.0,,,,,,PRUNED
681,681,140.0,2026-05-12 21:02:26.725620,2026-05-12 21:02:27.009384,0 days 00:00:00.283764,-31.324605873207133,41.17105502155822,27.157289592680346,47.66625042159598,59.74683877985447,67.40756401782936,-26.681870755624637,60.857073196795305,55.388389362977094,80.77674622950025,21.881494441702156,18.789583733057295,Unfeasible shape,37.0,,,,,,PRUNED
682,682,140.0,2026-05-12 21:02:27.225620,2026-05-12 21:02:27.496427,0 days 00:00:00.270807,-30.655449642822447,43.86372344634178,29.73450849659921,50.26324338198556,57.40347266709515,73.1198253197695,-32.632981934698826,69.70217348071687,65.89016572698856,78.019781892379,22.24082249216227,18.49024950047086,Unfeasible shape,37.0,,,,,,PRUNED
683,683,41.26768664536861,2026-05-12 21:02:27.682919,2026-05-12 21:02:49.695971,0 days 00:00:22.013052,-37.14702571431493,38.73698964566604,20.891714735273343,53.05509982289867,60.171735073089735,72.92971160252087,-26.679210108302676,66.41804983347515,61.104035168230666,71.66496740086393,14.619826394831406,21.158278507565548,,37.0,,,,,,COMPLETE
