,number,value,datetime_start,datetime_complete,duration,params_highPt.rA2,params_highPt.rL1,params_highPt.rL2,params_highPt.rL3,params_highPt.x2,params_highPt.y2,params_lowPt.rA2,params_lowPt.rL1,params_lowPt.rL2,params_lowPt.rL3,params_lowPt.x2,params_lowPt.y2,user_attrs_prune,system_attrs_cma:generation,system_attrs_cma:optimizer:0,system_attrs_cma:optimizer:1,system_attrs_cma:optimizer:2,system_attrs_cma:optimizer:3,system_attrs_cma:optimizer:4,state
654,654,140.0,2026-05-12 20:56:32.271156,2026-05-12 20:56:32.554742,0 days 00:00:00.283586,-37.0334739989716,43.008736516444614,25.874573427236612,53.695738405778506,61.49019242937804,70.91677998563087,-29.2162144445778,61.55248017038591,55.08942478918172,80.45850381420787,20.60008567076395,15.852389791588616,Unfeasible shape,36.0,,,,,,PRUNED
655,655,44.936839493367415,2026-05-12 20:56:32.751371,2026-05-12 20:56:50.287947,0 days 00:00:17.536576,-33.70480243875925,39.2949896678337,27.94796232999639,49.693067752544586,60.84240513043234,70.9832502505171,-22.541968043243806,65.12874445988528,54.79622430788328,80.92018083870107,29.095329095901754,19.538466614809348,,36.0,,,,,,COMPLETE
656,656,140.0,2026-05-12 20:56:51.794879,2026-05-12 20:56:52.095679,0 days 00:00:00.300800,-36.198770376461596,47.43652685749212,25.51232828764448,55.086172749267256,60.71071682833039,71.80399730594168,-26.59448902776372,58.25308896587736,53.74282967630969,88.01179970690433,20.882540022747875,13.894965991082787,Unfeasible shape,36.0,,,,,,PRUNED
657,657,44.93683945963167,2026-05-12 20:56:52.277223,2026-05-12 20:57:09.831788,0 days 00:00:17.554565,-36.51200680616144,44.64845185670753,27.0386078309872,54.58309046795005,62.488940966228654,68.08326523464508,-24.608364032098073,66.50947401246492,51.29301016958673,82.12320885002185,25.203008798679935,11.996065948785425,,36.0,,,,,,COMPLETE
658,658,140.0,2026-05-12 20:57:11.392873,2026-05-12 20:57:11.653436,0 days 00:00:00.260563,-34.43106393989017,42.035115388215985,22.55591017343656,54.40769854759445,61.2917726238458,67.77771289959647,-24.480737958973506,60.12888782205949,52.550245042389385,74.90278318471914,24.974777270335938,11.722341835955183,Unfeasible shape,36.0,,,,,,PRUNED
659,659,140.0,2026-05-12 20:57:11.854175,2026-05-12 20:57:12.088193,0 days 00:00:00.234018,-33.02907230544262,43.352602190928835,29.99814402568251,56.9540108149631,56.9776085305749,73.18443428114323,-26.06351019534506,63.203558488880205,52.534729484625714,79.87183930848528,26.173655860668546,11.419187595420322,Unfeasible shape,36.0,,,,,,PRUNED
660,660,140.0,2026-05-12 20:57:12.276850,2026-05-12 20:57:12.507475,0 days 00:00:00.230625,-35.606289713068506,42.71188647734334,29.732292710346723,52.640145802904485,57.76460014632194,70.19173242341114,-27.048508590771206,58.04634393945726,50.97882094378141,81.08299717976537,25.016693723188222,10.460173841808182,Unfeasible shape,36.0,,,,,,PRUNED
661,661,41.07639887714424,2026-05-12 20:57:12.705293,2026-05-12 20:57:30.010667,0 days 00:00:17.305374,-33.86856656292939,40.46332779806047,27.58444284765347,55.62102439860969,57.82402661231221,73.0713017268763,-29.979087950892932,64.22738932915837,58.968539448053164,76.34212306817513,19.366161379430807,17.00445474313311,,36.0,,,,,,COMPLETE
662,662,44.93683931707888,2026-05-12 20:57:31.521749,2026-05-12 20:57:48.771401,0 days 00:00:17.249652,-34.827285175126484,39.56896820965088,27.47461734622387,58.822349651046004,59.49328566369802,74.90157744406505,-31.132361332797345,61.862334583628886,64.85771415370425,75.47609371700433,20.70262258227886,14.626416379674168,,36.0,,,,,,COMPLETE
663,663,41.21092611017529,2026-05-12 20:57:50.414533,2026-05-12 20:58:21.570104,0 days 00:00:31.155571,-32.86105106932092,42.66281691780659,24.963212070943356,54.12746330807329,56.4982034836077,70.83580132065059,-30.40814139485142,62.40498978839141,66.28572111444078,78.96301993306837,27.882972297354982,14.702855470315066,,36.0,,,,,,COMPLETE
664,664,41.07435320801403,2026-05-12 20:58:23.155613,2026-05-12 20:59:01.942937,0 days 00:00:38.787324,-32.749927167433555,38.45947599782208,27.397131500499917,47.559014407227764,58.79838599456341,67.3418690817834,-30.42959352143354,69.35620213189068,60.99164104403612,81.48645769518448,20.70870525612549,16.243907644636803,,36.0,,,,,,COMPLETE
665,665,140.0,2026-05-12 20:59:03.451085,2026-05-12 20:59:03.729600,0 days 00:00:00.278515,-34.24334886757837,40.2287410922286,27.707489671759614,52.87553963047336,58.36507837416041,68.94507275123742,-29.549937375576995,61.0443266633102,54.73279095899686,72.54989605515844,26.283859000040927,15.191498134910349,Unfeasible shape,37.0,800495a6100000000000008c0a636d6165732e5f636d61948c03434d419493942981947d94288c065f6e5f64696d944b0c8c085f706f7073697a65944b0b8c035f6d75944b058c075f6d755f656666948c166e756d70792e5f636f72652e6d756c74696172726179948c067363616c61729493948c056e756d7079948c0564747970659493948c02663894898887945294284b038c013c944e4e4e4affffffff4affffffff4b007494624308e9e8100774510b4094869452948c035f636394680b681143083e6c7d43b18cd03f94869452948c035f633194680b681143089fc67c4e93b7863f94869452948c045f636d7594680b68114308b90fbeb98d89913f94869452948c085f635f7369676d6194680b681143088289198da8f9d03f94869452948c085f645f7369676d6194680b68114308606246236a3ef43f94869452948c035f636d944b018c065f6368695f6e9447400b25064571943c8c085f776569676874739468098c0c5f7265636f6e737472756374949394680c8c076e6461727261799493944b0085944301629487945294284b014b0b8594680e8c02663894898887945294284b0368124e4e4e4affffffff4affffffff4b00749462894358538e214ba67ddb3f2c5e47761ddbd03f4c60b4a91145c53f18b8b48552e2b83f8daa7d42f660a63f00000000000000009bd0b4761a8dc0bf5806fa0273e3cebff539783e76c4d5bfddd50bc2786cdbbf0820f98e2d45e0bf947494628c085f705f7369676d6194682f68314b008594683387945294284b014b0c8594681189436070fcb35bad97a33f28e93a9baa01f2bfd2ae1d2f1427c43f8d85c782a005e6bfaac001ed2ab89dbfcbd7a5cc54f9dcbf33fed4e77b7af3bf796d5bc1a5b3f23fda56665ecb170240f99c68620bbfd4bf0fe939062405ecbfaadbed20b311fd3f947494628c035f706394682f68314b008594683387945294284b014b0c85946811894360a89cdfd2fde6aabff6baaa89cfa3ecbf6490ea14b2b5de3fbf1316127d12e5bfb25b68b74252d4bf7ee93f29b382d4bfd382bdfa5bb1f7bf0fd5cd16fe45f53fd1aef9dd5ec70340e09b3ee33a20e9bf6ee1e036eb2df2bfea9b2b5e0897fc3f947494628c055f6d65616e94682f68314b008594683387945294284b014b0c85946839894360e72011fb8c7de83f93fb4a023858d53fb7c5b5955259c73fc8b2f9b6a99ddd3ffcebcb59c415e93f04c4b6e94b28ee3fec74175f8a22eb3fff07f3183987e33f69c50b1eff86e13f76753a72bb9de83f00c4838a98a3d23fd475cf8f5106cc3f947494628c065f7369676d6194680b681143089a54c639171da43f94869452948c025f44944e8c025f42944e8c075f626f756e647394682f68314b008594683387945294284b014b0c4b02869468398943c00,000000000000000000000000000f03f0000000000000000000000000000f03f0000000000000000000000000000f03f0000000000000000000000000000f03f0000000000000000000000000000f03f0000000000000000000000000000f03f0000000000000000000000000000f03f0000000000000000000000000000f03f0000000000000000000000000000f03f0000000000000000000000000000f03f0000000000000000000000000000f03f0000000000000000000000000000f03f947494628c115f6e5f6d61785f726573616d706c696e67944b788c025f67944b258c095f6c725f616461707494898c065f616c70686194473ff66666666666668c0a5f626574615f6d65616e94473fb999999999999a8c0b5f626574615f5369676d6194473f9eb851eb851eb88c065f67616d6d6194473fb999999999999a8c065f456d65616e94682f68314b008594683387945294284b014b0c4b0186946839894360000000000000000000000000000000000000000000000000000000000000000000000000000000000000000000000000000000000000000000000000000000000000000000000000000000000000000000000000000000000000000000000000947494628c075f455369676d6194682f68314b008594683387945294284b014b904b018694683989428004000000000000000000000000000000000000000000000000000000000000000000000000000000000000000000000000000000000000000000000000000000000000000000000000000000000000000000000000000000000000000000000000000000000000000000000000000000000000000000000000000000000000000000000000000000000000000000000000000000000000000000000000000000000000000000000000000000000000000000000000000000000000000000000000000000000000000000000000000000000000000000000000000000000000000000000000000000000000000000000000000000000000000000000000000000000000000000000000000000000000000000000000000000000000000000000000000000000000000000000000000000000000000000000000000000000000000000000000000000000000000000000000000000000000000000000000000000000000000000000000000000000000000000000000000000000000000000000000000000000000000000000000000000000000000000000000000000000000000000000000000000000000000000000000000000000000000000000000000000000000000000000000000000000000000000000000000000000000000000000000000000000000000000000000000000000000000000000000000000000000000000000000000000000000000000000000,0000000000000000000000000000000000000000000000000000000000000000000000000000000000000000000000000000000000000000000000000000000000000000000000000000000000000000000000000000000000000000000000000000000000000000000000000000000000000000000000000000000000000000000000000000000000000000000000000000000000000000000000000000000000000000000000000000000000000000000000000000000000000000000000000000000000000000000000000000000000000000000000000000000000000000000000000000000000000000000000000000000000000000000000000000000000000000000000000000000000000000000000000000000000000000000000000000000000000000000000000000000000000000000000000000000000000000000000000000000000000000000000000000000000000000000000000000000000000000000000000000000000000000000000000000000000000000000000000000000000000000000000000000000000000000000000000000000000000000000000000000000000000000000000000000000000000000000000000000000000000000000000000000000000000000000000000000000000000000000000000000000000000000000000000000000000000000000000000000000000000000000000000000000000000000000000000000000000000000000000000000000000000000000000000000000000000000000000000000000000000000000000000000000000000000000000000000000000000000000000000000000000000000000000000000000000000000000000000000947494628c065f566d65616e944700000000000000008c075f565369676d61944700000000000000008c095f6574615f6d65616e94473ff00000000000008c0a5f6574615f5369676d6194473ff00000000000008c055f746f6c7894680b6811430816383daccc74473d94869452948c075f746f6c787570944740c38800000000008c075f746f6c66756e94473d719799812dea118c105f746f6c636f6e646974696f6e636f76944742d6bcc41e9000008c0d5f66756e686973745f7465726d944b2b8c0f5f66756e686973745f76616c75657394682f68314b008594683387945294284b014b56859468398942b0020000010000000000000060dc6f62fd7f000086f09eed6c324540cc84085bea774640bcaa809ce0d44440707510f8e58c4640f60157ab10044540eefa3f03e01e4640b2a08e4a68d54440e2e86af73b90454086155937a6ed44402246245bea7746400025072e5ec64440728cee09aee745407e5b77c2bde64440d8748de672444640302071352ee94440120d3f5aea7746408a55a55975d1444094468,acb223f4540846eb32b3bdb4440441913d44c6d4540903b9df2129c4440b8392c10f5454540dc125e4bd99d444058faff5aea774640cc9e3a029ab144408ee69595cf854540862ffb18bfa04440109d6e5dfea84540e261f0a0e2a4444068f26b22ca014540be98333e2bab4440ec10990389f1444086a3031cc7a44440c42f775c9df245405cb1856eeca24440c8b3beadc1f94540d2a6567059b144405c761e35d20c4540986fa557c5a24440d480f82a3ee14440e2b901e0848a4440b09fe848b1ff4440b6c7877bb0924440061fe1894ffa4440904fba85898c4440eed16240cbde4440ee93b5b888974440f4e2145cea77464090b84ec7b0954440aa3f135bea7746404c40497381824440ba2ef35aea774640c2d8bbc6ca824440ca6bcb5bea774640181fd92d5b8c4440e8bd4e5bea7746402eb779ab4a8d4440588ba25bea77464082ea3a26b08f44404859317546af4440401d7f4a4a874440b222c35bea774640163d1a3f068b44405466165bea774640726e6247d1884440008cf95aea774640f856697d558744409634776468af44403e09331784894440ecb55660374f4540a0e1a94143854440a62b275aea774640f062ea6784894440c2a4735bea77464030846086d001000050b05b86d001000040176086d0010000b0846086d001000030856086d001000060895b86d0010000b0856086d001000030866086d0010000d09e5b86d0010000b0006086d0010000947494628c055f635f316494682f68314b008594683387945294284b014b4e85946811894270020000b0d6be172022eb3f86edf152fba778bf5675bb8a722a983fce919aea64ccaabf128c9b2ab732c0bf72c117d64a55bdbf223c8b8de442c53fc8fae515d759b93f484f137cdd547fbf28ca0ab78bbfadbf625717223ab4a43ff42771c0e7c3a3bf238d77eb6604e83fa29e1b56f7d5943fdcd178223581573f8865e1b9d8b641bf47890e125ecdb4bf67a6a762b921a9bffe5ff0a3d617a9bf4c371206e38c663fcc61d34f0c0bb53f4a67003f3938c33f92491dcf62bb833f068b48d79439e53f7245c3e0cf81c6bf4c8eedb1687dc9bf71fc264cd4e39b3f408612a5f208c8bfeef2f0c73a96c03f848b334e7bc6c03f90d75961742b9cbff69f13ce0da1743f8f2a47f9543cba3f208c3b23643ce13fcb734b581d55acbf1b0d6b3c6bb8c23f4e9a445eb78cb03faf1a6e1871f2a7bf714b81fcf277b2bf231bc691bcf192bfa4e6422076919dbf6862e508c594aebfc11f0e427b97e13facae7db169d4b63fe43c9055bafcc03f4e13b7817b99b2bfbc69bda3a7b7b4bfe2574ce63709ba3f8473dc675687863fc81333151181b7bfd8bf3160ccbfe73f2c901184cadeb43f4049d3a124c4423f620aa1f44247ae3f9a354f509167c03f3074d075e741b8bf,9734c8a701fbb9bf8d68802def3ef23fc2ebfccb0adec3bf80f3bb230bc7d0bfecdbe751b27dc13fd2a396012d55b03f24d7dd0eb7207c3f3c60b2011e4de83fdbdd7eaeac45c63fa0e1695c07419bbfef780e01766ec5bff0ced781305ac43f366dc6bc45faf03f2346a5011436c2bff7cb427813d9c4bf2652d5369861cc3f8c07b6731bf2ec3f32b5ace47ed69cbffe429271b411d1bfd3758ca71efdee3f6187346b61ecb1bf3f6ab57d7856e93f9474946275622e,PRUNED
