,number,value,datetime_start,datetime_complete,duration,params_highPt.rA2,params_highPt.rL1,params_highPt.rL2,params_highPt.rL3,params_highPt.x2,params_highPt.y2,params_lowPt.rA2,params_lowPt.rL1,params_lowPt.rL2,params_lowPt.rL3,params_lowPt.x2,params_lowPt.y2,user_attrs_prune,system_attrs_cma:generation,system_attrs_cma:optimizer:0,system_attrs_cma:optimizer:1,system_attrs_cma:optimizer:2,system_attrs_cma:optimizer:3,system_attrs_cma:optimizer:4,state
279,279,43.89542728252084,2026-05-12 19:47:34.684772,2026-05-12 19:47:51.076876,0 days 00:00:16.392104,-42.70910353918618,46.47849744884714,33.293325612979714,51.0860117576038,52.868160232090766,64.00399778472799,-35.40583934945221,70.043647689376,47.907752685580824,88.87093533246069,24.823366778951208,19.91682633684438,,16.0,,,,,,COMPLETE
280,280,41.906720012668686,2026-05-12 19:47:52.483666,2026-05-12 19:48:08.948080,0 days 00:00:16.464414,-45.108049723861605,44.898203680455886,24.600923486168302,40.08436410517396,53.1825508512816,61.22556250501493,-25.93152258850469,66.09412475341799,60.22961935051745,91.8447568140528,22.057146829681937,26.044277061481406,,16.0,,,,,,COMPLETE
281,281,42.17003847294177,2026-05-12 19:48:10.310167,2026-05-12 19:48:24.677993,0 days 00:00:14.367826,-45.13482141048021,42.71417784413674,18.971780350745604,52.8268982362196,42.64657520236425,61.00466415594935,-51.40478759312107,58.72914282356642,63.19287155411235,93.27339486173464,32.572646955610075,8.300557322907215,,16.0,,,,,,COMPLETE
282,282,140.0,2026-05-12 19:48:25.979066,2026-05-12 19:48:26.256996,0 days 00:00:00.277930,-45.50278694696528,46.37130898357726,37.21650149691696,48.9577787464856,64.86666825680334,64.49406213590048,-40.401814050877014,60.268506229289216,52.819304454481085,60.97141053938651,19.19253464318689,22.533701958745542,Unfeasible shape,16.0,,,,,,PRUNED
283,283,41.287326337601414,2026-05-12 19:48:26.464053,2026-05-12 19:48:44.369982,0 days 00:00:17.905929,-39.73510257296156,65.05910258403286,25.305409304162982,49.54730697289848,58.24179514457837,64.3857025016889,-24.369042303195002,56.9927817400304,51.667800738945054,90.48805463365248,27.51524164257332,21.671959652877156,,16.0,,,,,,COMPLETE
284,284,140.0,2026-05-12 19:48:45.750639,2026-05-12 19:48:46.021760,0 days 00:00:00.271121,-40.95901607614847,46.72665995436725,38.867449155889126,49.581049819548454,64.40101643122351,64.19159400544464,-39.187739773640146,58.67755256777764,45.01363206922068,89.2299800421034,21.682510831736444,10.939809471522995,Unfeasible shape,16.0,,,,,,PRUNED
285,285,140.0,2026-05-12 19:48:46.215422,2026-05-12 19:48:46.464009,0 days 00:00:00.248587,-39.321505946431806,43.37631437886402,32.805983644032814,50.31375911980094,62.597281374723615,68.37910662584234,-31.222185125565055,61.971954177211934,59.558093624793074,80.83762591649926,11.943497120388043,4.521543361766483,Unfeasible shape,16.0,,,,,,PRUNED
286,286,41.33877878745966,2026-05-12 19:48:46.610534,2026-05-12 19:49:03.797997,0 days 00:00:17.187463,-40.015841094280674,54.47254280922743,30.256413139248313,52.348076929452695,54.630198204234176,68.06052510677262,-40.87291704206527,65.28780780162622,60.520221745921724,85.30801473178988,13.852065011688103,23.664754232932186,,16.0,,,,,,COMPLETE
287,287,140.0,2026-05-12 19:49:05.282831,2026-05-12 19:49:05.551753,0 days 00:00:00.268922,-42.8746015776515,49.38867766008476,19.633262566561967,37.582428272804066,55.29226819066144,62.998384216037465,-38.277241708028846,66.06462750205822,51.463613354833036,95.42754425348829,29.310194376022615,27.165815089407737,Unfeasible shape,16.0,,,,,,PRUNED
288,288,41.699100468133565,2026-05-12 19:49:05.735354,2026-05-12 19:49:26.410057,0 days 00:00:20.674703,-43.86905347656387,36.940673760671835,24.553545287218352,45.14527665331537,55.20828272542509,70.41368874419301,-36.045131613493105,59.12018998159305,49.14106965663155,85.9170406768599,8.836287107024765,18.883514363765123,,16.0,,,,,,COMPLETE
289,289,140.0,2026-05-12 19:49:27.931793,2026-05-12 19:49:28.222036,0 days 00:00:00.290243,-45.94033688193543,38.70713127050324,25.449784367178147,65.10757192924608,63.67937460848523,64.79735919519813,-43.75116992008752,59.811309136662814,61.253350500365,78.96431973192206,20.539712705471807,11.523070420709788,Unfeasible shape,16.0,,,,,,PRUNED
290,290,140.0,2026-05-12 19:49:28.382487,2026-05-12 19:49:28.638979,0 days 00:00:00.256492,-43.86413514712468,50.48359434318785,19.9900296055054,39.612883983404714,67.79956828062004,74.96612971515589,-31.142552059067228,56.127496821143346,51.96983837750347,78.100080763809,27.088300065499485,13.031407190764266,Unfeasible shape,16.0,,,,,,PRUNED
291,291,42.2024346187751,2026-05-12 19:49:28.792790,2026-05-12 19:49:47.318185,0 days 00:00:18.525395,-46.81982175242208,42.233973711508945,31.763812136063613,58.97783296903663,51.71518004886006,50.66411985351403,-39.41168918808616,68.95874810106486,59.04778390138106,73.62296079737469,15.998140550931318,42.832853833028125,,16.0,,,,,,COMPLETE
292,292,41.858677131264855,2026-05-12 19:49:48.748497,2026-05-12 19:50:07.613971,0 days 00:00:18.865474,-48.41465912704934,66.91517261666334,19.23015958686664,46.128431076260995,57.398597683251175,69.8970891487956,-25.095221762971683,61.367795144207854,50.87507301708216,81.18473105267394,25.4649441247842,19.77690854518469,,17.0,800495a6100000000000008c0a636d6165732e5f636d61948c03434d419493942981947d94288c065f6e5f64696d944b0c8c085f706f7073697a65944b0b8c035f6d75944b058c075f6d755f656666948c166e756d70792e5f636f72652e6d756c74696172726179948c067363616c61729493948c056e756d7079948c0564747970659493948c02663894898887945294284b038c013c944e4e4e4affffffff4affffffff4b007494624308e9e8100774510b4094869452948c035f636394680b681143083e6c7d43b18cd03f94869452948c035f633194680b681143089fc67c4e93b7863f94869452948c045f636d7594680b68114308b90fbeb98d89913f94869452948c085f635f7369676d6194680b681143088289198da8f9d03f94869452948c085f645f7369676d6194680b68114308606246236a3ef43f94869452948c035f636d944b018c065f6368695f6e9447400b25064571943c8c085f776569676874739468098c0c5f7265636f6e737472756374949394680c8c076e6461727261799493944b0085944301629487945294284b014b0b8594680e8c02663894898887945294284b0368124e4e4e4affffffff4affffffff4b00749462894358538e214ba67ddb3f2c5e47761ddbd03f4c60b4a91145c53f18b8b48552e2b83f8daa7d42f660a63f00000000000000009bd0b4761a8dc0bf5806fa0273e3cebff539783e76c4d5bfddd50bc2786cdbbf0820f98e2d45e0bf947494628c085f705f7369676d6194682f68314b008594683387945294284b014b0c8594681189436096c617e844f5e9bfb6412add2696ff3f6fb021a2fd27e2bf131b91a0ef88e1bfb8d804b1dbcfda3f5d98d9d8314ad63f9f091c3d3d53f83f50d3476df581e6bf965364e2ae80b7bf14d3244e223de33f0af8e7eff984913fa509c0f9fd31d73f947494628c035f706394682f68314b008594683387945294284b014b0c85946811894360c329ac5feedce4bf7cb5f3989ea9fa3fddb10e862b3ae0bf80959120a41fd9bfd20f04f704c7e03f7c43ca7096fbd53f981db7326e67f73fb6a1f12e77dce3bfb8c0136d2619cbbfbc3fb36f7adbda3f53f57bb66239bb3f40457b201130e03f947494628c055f6d65616e94682f68314b008594683387945294284b014b0c85946839894360991650c3cf2ee43f2fb7e8d8914de13f3dffc2cbc253c73f6e6bc2db4aa1dd3fd72cc0d9e06ce73f57e212a15e59ec3fee855f5df12de93f38ae9d8a47e1e13f58ad82c4f250e03faef6aae5e09deb3f9b5ba8703632d13f3cce802a1c60d33f947494628c065f7369676d6194680b68114308f70677155202b93f94869452948c025f44944e8c025f42944e8c075f626f756e647394682f68314b008594683387945294284b014b0c4b02869468398943c00,000000000000000000000000000f03f0000000000000000000000000000f03f0000000000000000000000000000f03f0000000000000000000000000000f03f0000000000000000000000000000f03f0000000000000000000000000000f03f0000000000000000000000000000f03f0000000000000000000000000000f03f0000000000000000000000000000f03f0000000000000000000000000000f03f0000000000000000000000000000f03f0000000000000000000000000000f03f947494628c115f6e5f6d61785f726573616d706c696e67944b788c025f67944b118c095f6c725f616461707494898c065f616c70686194473ff66666666666668c0a5f626574615f6d65616e94473fb999999999999a8c0b5f626574615f5369676d6194473f9eb851eb851eb88c065f67616d6d6194473fb999999999999a8c065f456d65616e94682f68314b008594683387945294284b014b0c4b0186946839894360000000000000000000000000000000000000000000000000000000000000000000000000000000000000000000000000000000000000000000000000000000000000000000000000000000000000000000000000000000000000000000000000947494628c075f455369676d6194682f68314b008594683387945294284b014b904b018694683989428004000000000000000000000000000000000000000000000000000000000000000000000000000000000000000000000000000000000000000000000000000000000000000000000000000000000000000000000000000000000000000000000000000000000000000000000000000000000000000000000000000000000000000000000000000000000000000000000000000000000000000000000000000000000000000000000000000000000000000000000000000000000000000000000000000000000000000000000000000000000000000000000000000000000000000000000000000000000000000000000000000000000000000000000000000000000000000000000000000000000000000000000000000000000000000000000000000000000000000000000000000000000000000000000000000000000000000000000000000000000000000000000000000000000000000000000000000000000000000000000000000000000000000000000000000000000000000000000000000000000000000000000000000000000000000000000000000000000000000000000000000000000000000000000000000000000000000000000000000000000000000000000000000000000000000000000000000000000000000000000000000000000000000000000000000000000000000000000000000000000000000000000000000000000000000000000000,0000000000000000000000000000000000000000000000000000000000000000000000000000000000000000000000000000000000000000000000000000000000000000000000000000000000000000000000000000000000000000000000000000000000000000000000000000000000000000000000000000000000000000000000000000000000000000000000000000000000000000000000000000000000000000000000000000000000000000000000000000000000000000000000000000000000000000000000000000000000000000000000000000000000000000000000000000000000000000000000000000000000000000000000000000000000000000000000000000000000000000000000000000000000000000000000000000000000000000000000000000000000000000000000000000000000000000000000000000000000000000000000000000000000000000000000000000000000000000000000000000000000000000000000000000000000000000000000000000000000000000000000000000000000000000000000000000000000000000000000000000000000000000000000000000000000000000000000000000000000000000000000000000000000000000000000000000000000000000000000000000000000000000000000000000000000000000000000000000000000000000000000000000000000000000000000000000000000000000000000000000000000000000000000000000000000000000000000000000000000000000000000000000000000000000000000000000000000000000000000000000000000000000000000000000000000000000000000000000947494628c065f566d65616e944700000000000000008c075f565369676d61944700000000000000008c095f6574615f6d65616e94473ff00000000000008c0a5f6574615f5369676d6194473ff00000000000008c055f746f6c7894680b6811430816383daccc74473d94869452948c075f746f6c787570944740c38800000000008c075f746f6c66756e94473d719799812dea118c105f746f6c636f6e646974696f6e636f76944742d6bcc41e9000008c0d5f66756e686973745f7465726d944b2b8c0f5f66756e686973745f76616c75657394682f68314b008594683387945294284b014b56859468398942b0020000010000000000000060dc6f62fd7f000086f09eed6c324540cc84085bea774640bcaa809ce0d44440707510f8e58c4640f60157ab10044540eefa3f03e01e4640b2a08e4a68d54440e2e86af73b90454086155937a6ed44402246245bea7746400025072e5ec64440728cee09aee745407e5b77c2bde64440d8748de672444640302071352ee94440120d3f5aea7746408a55a55975d1444094468,acb223f4540846eb32b3bdb4440441913d44c6d4540903b9df2129c4440b8392c10f5454540dc125e4bd99d444058faff5aea774640cc9e3a029ab144408ee69595cf854540862ffb18bfa04440109d6e5dfea84540e261f0a0e2a4444068f26b22ca014540be98333e2bab4440ec10990389f1444086a3031cc7a44440c42f775c9df245402074686520646973747269627574696f6e2e204561636820656e747279206d7573742062650a2020202020202020202020207374726963746c7920706f7369746976652e0a20202020202020206e203a20696e74206f722061727261795f6c696b650a202020202020202020202020546865206e756d626572206f6620747269616c732e204561636820656c656d656e74206d7573742062652061207374726963746c7920706f73697469766520696e74656765722e0a0a202020202020202052657475726e730a20202020202020202d2d2d2d2d2d2d0a20202020202020206f75743a206e6461727261790a2020202020202020202020204d65616e206f662061204469726963686c6574206d756c74696e6f6d69616c20646973747269627574696f6e2e0a0a2020202020202020e08c5b86d0010000a0955b86d001000030846086d001000050b05b86d001000040176086d0010000b0846086d001000030856086d001000060895b86d0010000b0856086d001000030866086d0010000d09e5b86d0010000b0006086d0010000947494628c055f635f316494682f68314b008594683387945294284b014b4e85946811894270020000d21196ca698eea3f0c069d54a547b33f933c92f089c9be3f04ec686e8340683f4777888aa3d2bbbf2f1695a58ae1c1bf99d72ae2baf8b33f09e776e839fdc03f67bdce899e3c83bf2d86f289485ba6bf1a4f39900210b0bfd8b22f56b54067bfb6c631ebc740ed3f4483a33757cca73f93e223ac8c4a913f3c58191f2546a6bfb92907077e73a1bfa02fb4ab1664773fc8d1533987dbb03fbffe2d72dbf4a0bfb2f61433a73ab9bff5818d6bafa6b33f16044c10e097c43fcdc1736c02b6e93f1b128ffd279ebcbfb25c33925933c3bf902a581c9544603fd8c1c4da1fe9afbfe0570df309ccb23f1c611bdbb764b53f6f22b3cefe60bdbfa999df133beca63fc31b7013bd559c3fbd9c179bc1d9e53fa9915698dd74bcbf7cc1aed96f96a23fcbf5dafb16af863f5d887aefdff172bf40343c2b3c1f5bbfffef0c4b7da1b1bfa3f6207b75b9a5bfb07e485db7a66e3fb4da1a4e90d6ef3f82969221a23bbc3f1dcd6d6a0e77bb3f9676b1924c71a6bf357f9e97e960a1bf5a7077e4ebb6c73f62dddd757dce913fbd049d0d69f5babff65f88441437ea3f972eff3713cd8ebf7307bd91d4df9fbf59a9fc9e6da8773f7c86f830bda0c23f26e9b84f76dfb0bf,c4295ba19978c3bf0040e0719993f13fe6fac4fd0273b1bfcbbc174406fac0bfeeb4026dea0d7cbf2a150050944f9a3f928b0d292792bb3fac8981792f13eb3f9a7cc707466a923f569119cc8e4ca63f05c6035a3bcbb3bf6ee0b4af23b8a53fb704a175caadf03f98d10170a28187bf58e3c02e8477683fd49754f814c393bf216bead54016f13f6e91fee8bff9c4bfc29d04ac5a4acfbff282f85af243ed3fc2a8f32020a4b83f84482dd5538eec3f9474946275622e,COMPLETE
293,293,41.855905846526525,2026-05-12 19:50:09.003432,2026-05-12 19:50:22.972071,0 days 00:00:13.968639,-33.06068099871935,68.02212459056557,16.955360674751823,59.92534361778071,45.11701586905034,54.71715201708306,-33.13738221805236,53.033448238774334,57.69835296618263,80.41071214339776,25.022976220921297,25.18277559503675,,17.0,,,,,,COMPLETE
294,294,42.04045778913242,2026-05-12 19:50:24.321582,2026-05-12 19:50:41.288199,0 days 00:00:16.966617,-40.835560244995776,61.69050167489905,16.68114841149317,53.97662115222301,49.88084383735165,73.24547483353074,-38.40351711978939,54.21524632223907,49.245315157579604,88.44997313341025,17.586104205273426,24.46970749523654,,17.0,,,,,,COMPLETE
295,295,41.33360110804699,2026-05-12 19:50:42.629217,2026-05-12 19:50:59.399686,0 days 00:00:16.770469,-46.39360403313955,56.40650957247478,23.47005884512985,49.517830560238544,62.26415209038105,62.208882054448985,-25.07796449823188,60.009605095865695,58.10774053588635,75.03671760932171,17.615494827365104,22.975137385774097,,17.0,,,,,,COMPLETE
296,296,41.581495214511165,2026-05-12 19:51:00.873588,2026-05-12 19:51:15.583278,0 days 00:00:14.709690,-38.689916875932255,74.98082415225866,34.26093049855098,39.18872001953835,52.322826875136975,56.74204676317852,-46.19232671117555,58.61095715475288,66.17984604491059,68.40049567885171,6.983074853115879,17.91046414836073,,17.0,,,,,,COMPLETE
297,297,140.0,2026-05-12 19:51:16.925537,2026-05-12 19:51:17.217162,0 days 00:00:00.291625,-40.99664324271329,51.12953307625313,32.87094717982206,56.7047787673004,67.29354436314085,72.44210491891624,-34.167416441147424,51.18030093147892,47.271816591194735,89.99622444642422,16.4511901663581,3.2727151230698137,Unfeasible shape,17.0,,,,,,PRUNED
298,298,41.924852492457404,2026-05-12 19:51:17.389688,2026-05-12 19:51:33.315692,0 days 00:00:15.926004,-38.15218039683994,60.62806043427681,19.547771749050725,49.651954298261835,49.0779313732003,62.055498137745914,-41.27753606052119,55.50719892212604,50.724543310338184,86.8145375416415,15.122654418604945,30.49646364400829,,17.0,,,,,,COMPLETE
299,299,43.95122310458788,2026-05-12 19:51:34.696388,2026-05-12 19:51:51.478820,0 days 00:00:16.782432,-40.66888930548719,60.998856196151195,29.020097354016645,55.85502149318449,55.51767515447988,63.801248230326465,-30.346563629120688,65.12337721907704,45.68290145928312,78.19212642020986,17.575725510911624,9.07481418231639,,17.0,,,,,,COMPLETE
300,300,41.48624441797557,2026-05-12 19:51:52.903783,2026-05-12 19:52:07.500326,0 days 00:00:14.596543,-43.33520643135633,59.679026811802956,32.14977538936764,54.24208210116112,51.37029215382324,67.07920588803364,-36.95555578783924,59.675351067987265,35.23056501489364,92.43996641253547,19.459969152759285,21.99431095266569,,17.0,,,,,,COMPLETE
301,301,41.545267898016036,2026-05-12 19:52:08.836779,2026-05-12 19:52:25.412151,0 days 00:00:16.575372,-42.83712046873073,53.64209906358145,31.394462959107614,40.45615119205369,54.94651514184493,73.02100052167398,-33.05767620913166,65.19447821420943,60.72152198962415,85.81892086854153,14.938355973303658,17.112363682955728,,17.0,,,,,,COMPLETE
302,302,41.27284032371492,2026-05-12 19:52:26.876559,2026-05-12 19:52:42.011292,0 days 00:00:15.134733,-48.41353515588719,54.089332153052986,22.92565867608997,57.047039135441935,61.20320857130826,71.58640923599648,-43.385367793541626,61.45284689033461,61.50576622176577,83.64897523931835,10.76192865760081,14.165759273057654,,17.0,,,,,,COMPLETE
303,303,41.59238919584179,2026-05-12 19:52:43.461192,2026-05-12 19:52:59.690652,0 days 00:00:16.229460,-32.71608179415369,44.24507314637443,33.13985788053914,59.64062968202255,49.98746614294056,60.94926370241854,-27.04592979698394,47.9538741231427,58.12268648874523,86.01273638230711,20.020390669276974,23.879385312345256,,17.0,,,,,,COMPLETE
