,number,value,datetime_start,datetime_complete,duration,params_highPt.rA2,params_highPt.rL1,params_highPt.rL2,params_highPt.rL3,params_highPt.x2,params_highPt.y2,params_lowPt.rA2,params_lowPt.rL1,params_lowPt.rL2,params_lowPt.rL3,params_lowPt.x2,params_lowPt.y2,user_attrs_prune,system_attrs_cma:generation,system_attrs_cma:optimizer:0,system_attrs_cma:optimizer:1,system_attrs_cma:optimizer:2,system_attrs_cma:optimizer:3,system_attrs_cma:optimizer:4,state
728,728,41.19350650888377,2026-05-12 21:10:13.991580,2026-05-12 21:10:31.047138,0 days 00:00:17.055558,-37.75194534273224,46.13113186201094,19.614246992588065,55.22570994821315,63.117599952804895,65.89831385453867,-27.972749340571433,59.63085867572571,55.0036272570585,76.55746389878645,24.535313532572786,13.904320937989628,,40.0,800495a6100000000000008c0a636d6165732e5f636d61948c03434d419493942981947d94288c065f6e5f64696d944b0c8c085f706f7073697a65944b0b8c035f6d75944b058c075f6d755f656666948c166e756d70792e5f636f72652e6d756c74696172726179948c067363616c61729493948c056e756d7079948c0564747970659493948c02663894898887945294284b038c013c944e4e4e4affffffff4affffffff4b007494624308e9e8100774510b4094869452948c035f636394680b681143083e6c7d43b18cd03f94869452948c035f633194680b681143089fc67c4e93b7863f94869452948c045f636d7594680b68114308b90fbeb98d89913f94869452948c085f635f7369676d6194680b681143088289198da8f9d03f94869452948c085f645f7369676d6194680b68114308606246236a3ef43f94869452948c035f636d944b018c065f6368695f6e9447400b25064571943c8c085f776569676874739468098c0c5f7265636f6e737472756374949394680c8c076e6461727261799493944b0085944301629487945294284b014b0b8594680e8c02663894898887945294284b0368124e4e4e4affffffff4affffffff4b00749462894358538e214ba67ddb3f2c5e47761ddbd03f4c60b4a91145c53f18b8b48552e2b83f8daa7d42f660a63f00000000000000009bd0b4761a8dc0bf5806fa0273e3cebff539783e76c4d5bfddd50bc2786cdbbf0820f98e2d45e0bf947494628c085f705f7369676d6194682f68314b008594683387945294284b014b0c85946811894360fe64d0b6af5cdebf61d5ffde76f0d73f5a1a36f0801fe3bf4eae680c1145f1bfb0f61fd28662eb3f85c9003c90b4f5bfaabd48722ab0e13f4cfbb8fe6126cdbf580eadddec5fc9bf10e16eac2669f0bff4cb5d7435a4dbbf360622d1198eeb3f947494628c035f706394682f68314b008594683387945294284b014b0c859468118943603b5407a34663d7bf56e9242bd238d53f7517ed60aefae1bf0ab3179f95a4e8bf189e0ce973f6e43fdc26f825cf38f3bf620763014d2be03fbea635e67b0bd4bf248f5520b9b5d3bfc5a7bcc5c220efbfc4d8491d02b8c6bf0313b01c6ec8ea3f947494628c055f6d65616e94682f68314b008594683387945294284b014b0c859468398943604afaf99de518e83fcc6b07f181c3d63feaa5739d8423c43f55fea8113368dc3f7db9bf446f1aea3f79edf5821f09ed3fd1f80aaa5f8aec3f287036bbf0c4e23ff71a1568371be03f691b33d4e041e83f5dfc639c1428d23fed7a202963f8cc3f947494628c065f7369676d6194680b6811430896295fb63a5ba23f94869452948c025f44944e8c025f42944e8c075f626f756e647394682f68314b008594683387945294284b014b0c4b02869468398943c00,000000000000000000000000000f03f0000000000000000000000000000f03f0000000000000000000000000000f03f0000000000000000000000000000f03f0000000000000000000000000000f03f0000000000000000000000000000f03f0000000000000000000000000000f03f0000000000000000000000000000f03f0000000000000000000000000000f03f0000000000000000000000000000f03f0000000000000000000000000000f03f0000000000000000000000000000f03f947494628c115f6e5f6d61785f726573616d706c696e67944b788c025f67944b288c095f6c725f616461707494898c065f616c70686194473ff66666666666668c0a5f626574615f6d65616e94473fb999999999999a8c0b5f626574615f5369676d6194473f9eb851eb851eb88c065f67616d6d6194473fb999999999999a8c065f456d65616e94682f68314b008594683387945294284b014b0c4b0186946839894360000000000000000000000000000000000000000000000000000000000000000000000000000000000000000000000000000000000000000000000000000000000000000000000000000000000000000000000000000000000000000000000000947494628c075f455369676d6194682f68314b008594683387945294284b014b904b018694683989428004000000000000000000000000000000000000000000000000000000000000000000000000000000000000000000000000000000000000000000000000000000000000000000000000000000000000000000000000000000000000000000000000000000000000000000000000000000000000000000000000000000000000000000000000000000000000000000000000000000000000000000000000000000000000000000000000000000000000000000000000000000000000000000000000000000000000000000000000000000000000000000000000000000000000000000000000000000000000000000000000000000000000000000000000000000000000000000000000000000000000000000000000000000000000000000000000000000000000000000000000000000000000000000000000000000000000000000000000000000000000000000000000000000000000000000000000000000000000000000000000000000000000000000000000000000000000000000000000000000000000000000000000000000000000000000000000000000000000000000000000000000000000000000000000000000000000000000000000000000000000000000000000000000000000000000000000000000000000000000000000000000000000000000000000000000000000000000000000000000000000000000000000000000000000000000000000,0000000000000000000000000000000000000000000000000000000000000000000000000000000000000000000000000000000000000000000000000000000000000000000000000000000000000000000000000000000000000000000000000000000000000000000000000000000000000000000000000000000000000000000000000000000000000000000000000000000000000000000000000000000000000000000000000000000000000000000000000000000000000000000000000000000000000000000000000000000000000000000000000000000000000000000000000000000000000000000000000000000000000000000000000000000000000000000000000000000000000000000000000000000000000000000000000000000000000000000000000000000000000000000000000000000000000000000000000000000000000000000000000000000000000000000000000000000000000000000000000000000000000000000000000000000000000000000000000000000000000000000000000000000000000000000000000000000000000000000000000000000000000000000000000000000000000000000000000000000000000000000000000000000000000000000000000000000000000000000000000000000000000000000000000000000000000000000000000000000000000000000000000000000000000000000000000000000000000000000000000000000000000000000000000000000000000000000000000000000000000000000000000000000000000000000000000000000000000000000000000000000000000000000000000000000000000000000000000000947494628c065f566d65616e944700000000000000008c075f565369676d61944700000000000000008c095f6574615f6d65616e94473ff00000000000008c0a5f6574615f5369676d6194473ff00000000000008c055f746f6c7894680b6811430816383daccc74473d94869452948c075f746f6c787570944740c38800000000008c075f746f6c66756e94473d719799812dea118c105f746f6c636f6e646974696f6e636f76944742d6bcc41e9000008c0d5f66756e686973745f7465726d944b2b8c0f5f66756e686973745f76616c75657394682f68314b008594683387945294284b014b56859468398942b0020000010000000000000060dc6f62fd7f000086f09eed6c324540cc84085bea774640bcaa809ce0d44440707510f8e58c4640f60157ab10044540eefa3f03e01e4640b2a08e4a68d54440e2e86af73b90454086155937a6ed44402246245bea7746400025072e5ec64440728cee09aee745407e5b77c2bde64440d8748de672444640302071352ee94440120d3f5aea7746408a55a55975d1444094468,acb223f4540846eb32b3bdb4440441913d44c6d4540903b9df2129c4440b8392c10f5454540dc125e4bd99d444058faff5aea774640cc9e3a029ab144408ee69595cf854540862ffb18bfa04440109d6e5dfea84540e261f0a0e2a4444068f26b22ca014540be98333e2bab4440ec10990389f1444086a3031cc7a44440c42f775c9df245405cb1856eeca24440c8b3beadc1f94540d2a6567059b144405c761e35d20c4540986fa557c5a24440d480f82a3ee14440e2b901e0848a4440b09fe848b1ff4440b6c7877bb0924440061fe1894ffa4440904fba85898c4440eed16240cbde4440ee93b5b888974440f4e2145cea77464090b84ec7b0954440aa3f135bea7746404c40497381824440ba2ef35aea774640c2d8bbc6ca824440ca6bcb5bea774640181fd92d5b8c4440e8bd4e5bea7746402eb779ab4a8d4440588ba25bea77464082ea3a26b08f44404859317546af4440401d7f4a4a874440b222c35bea774640163d1a3f068b44405466165bea774640726e6247d1884440008cf95aea774640f856697d558744409634776468af44403e09331784894440ecb55660374f4540a0e1a94143854440a62b275aea774640f062ea6784894440c2a4735bea774640b28f2702337d4440e64b9b65f7a64440160a8297bd8944409430195aea77464078c07bed588844406e7d1e5cea774640b0856086d001000030866086d0010000d09e5b86d0010000b0006086d0010000947494628c055f635f316494682f68314b008594683387945294284b014b4e859468118942700200001e302f90ecdbe73f589d83038fcb8bbf7ee8eb841adca53f78d30fc423d5a9bfd4a0a275bfcbbdbf5375038ebac7b3bff20a7bbc3934c13f62b72fbaaf6ebe3f6f0f9353badb94bf729b1e1675c393bf80f70a9c6fa39a3fa2510bb38157aabfe90daaee75c1e83f003686695352fe3eb80a71d6001b81bf922fbbc30593983f1821b52cb00cb3bf687a7614d091a8bfc0d956af58b1b5bfeb94d013f3d3b3bf55afd91236b6b23f527fe38cd9b0c83ff8dc2d567c5092bf43400c1119a8e33fc490ac53327bc3bf53dbc023c6aacbbfcfea1200617cad3ffe0ab347baaccabff5a111dd5e26c33f345a6640e14ac63f0ce5840daaad94bf67c5d361e21fa2bf9a05f817adb9c03fd831432809c4e13f293af193671bb0bfc887a9a923e1c43ffd5c5ecf622bb43f7cd94fdfd891a2bf8d9ce6b0cca4b7bf0af8f4800a2688bfbbfab06887b7743fa5a0ed8f74e2babfa387e38428b9e03f56230aeae712ad3fcbfe1bd4cbedc43fb50e68d2aef0b5bfd7b45f73fbacb6bfbf18d1ce359eb23f819c91671569923fbd9b6e7f4e3aaabf95aa9befd9b9e73f0f7102a98faebb3f68d2eb38454da03f23dae313c51ab23f57a4d05c8bbdc53fb2975a901716b3bf,b424fb7db8b4c1bffabe9b791bedf13fd8db74d2503bc3bf5d6478c57685d4bfdfaf7820cf73c43f0029c2333fed8a3fb71bdcb85aa87fbf987759cb8475e93f067fc5aed374ca3fe040bb0862a3733fe42e191b0e86cbbf911b518bf55dc43f1f5e41a65a57f23f18a13870f2d1b6bf6e477875ac4eccbf3ece7b6bcedace3f61efa2624046ed3f1c8deee36286b0bfedb6139780cfd1bfc0e036c6e7f2f03fc01948d62a03bfbf8026f6191e74eb3f9474946275622e,COMPLETE
729,729,41.19148964128844,2026-05-12 21:10:32.556397,2026-05-12 21:10:53.653983,0 days 00:00:21.097586,-36.36334195218773,39.08617511260178,22.585974534145286,48.49493793768457,60.88398263403931,67.39166325295643,-31.27793271396183,68.33726940522371,63.069273439368615,72.67904067021715,20.41214357493274,18.624852543988275,,40.0,,,,,,COMPLETE
730,730,140.0,2026-05-12 21:10:55.321165,2026-05-12 21:10:55.602509,0 days 00:00:00.281344,-34.51685547923732,41.59905954015051,24.980659979809012,47.97956767050441,62.14197403886654,69.10394120808232,-26.202559429236224,67.61210344585194,60.145775384832525,76.46854000541543,21.061124158970674,19.544701827825126,Unfeasible shape,40.0,,,,,,PRUNED
731,731,41.11584354755354,2026-05-12 21:10:55.830945,2026-05-12 21:11:12.731729,0 days 00:00:16.900784,-37.53959264680876,43.855574896912756,22.165191708570617,52.88219723404492,61.81074463268439,69.26200061233666,-23.87412510227648,61.76132026618594,51.158547199697885,71.45606995242498,25.53335620081864,19.441431643195806,,40.0,,,,,,COMPLETE
732,732,140.0,2026-05-12 21:11:14.212682,2026-05-12 21:11:14.487920,0 days 00:00:00.275238,-35.56167315712647,41.88369159103884,25.898024608933287,49.62904216506892,59.94766797573014,69.51610924531104,-24.54720168248356,58.17151796552076,52.15957163512448,80.94226851075084,16.83414477440807,17.916129914334856,Unfeasible shape,40.0,,,,,,PRUNED
733,733,44.93683946236551,2026-05-12 21:11:14.703370,2026-05-12 21:11:33.117463,0 days 00:00:18.414093,-37.26035620246726,41.23129619708422,25.86762798651699,46.46190579767413,62.11052113074692,64.3986393094368,-27.05957305950225,57.595706616012706,54.73196841006921,82.13706435586829,24.248542257838128,14.379204961440182,,40.0,,,,,,COMPLETE
734,734,140.0,2026-05-12 21:11:34.716657,2026-05-12 21:11:35.003148,0 days 00:00:00.286491,-36.78405773697121,41.57081660596162,23.314628852676385,50.77037381059713,62.48739058705051,68.80455203219837,-31.183500227309302,67.5557763145216,56.67195038489185,77.80169940952106,22.361587109878386,16.78891090674286,Unfeasible shape,40.0,,,,,,PRUNED
735,735,140.0,2026-05-12 21:11:35.235851,2026-05-12 21:11:35.508625,0 days 00:00:00.272774,-32.07758328199709,39.111223815109796,21.43250004536859,51.586082757444835,59.31309232563127,66.4605514425111,-26.99675501652186,57.60374134338226,47.39100416687613,79.04970800605003,20.41427073492914,16.05096159218457,Unfeasible shape,40.0,,,,,,PRUNED
736,736,44.9368394584385,2026-05-12 21:11:35.709355,2026-05-12 21:11:53.041258,0 days 00:00:17.331903,-34.17278482753994,41.348115881306626,27.48109449386435,48.741947360639735,61.84361773347275,68.79431994639441,-27.795052243018397,63.38356695031993,60.10944616715638,76.4217723136609,21.641627163301905,23.005769126888673,,40.0,,,,,,COMPLETE
737,737,140.0,2026-05-12 21:11:54.577508,2026-05-12 21:11:54.864485,0 days 00:00:00.286977,-35.57834003582589,46.154045522699505,26.409625198363983,53.45012177600849,60.96021934577355,68.60933176938092,-24.962453775046555,61.95297150384044,54.02206194803621,77.60240118347812,22.144022981926224,15.848492037082464,Unfeasible shape,40.0,,,,,,PRUNED
738,738,41.17277570829039,2026-05-12 21:11:55.096891,2026-05-12 21:12:12.074514,0 days 00:00:16.977623,-35.72209388257345,41.58658559249538,23.75064078409271,48.21107093646592,60.2856512137799,66.74184371290706,-23.855122632687916,59.40868820960086,43.33723107542313,77.70909793012626,21.706265257095545,15.420509416616158,,40.0,,,,,,COMPLETE
739,739,44.93683947076309,2026-05-12 21:12:13.577483,2026-05-12 21:12:32.819475,0 days 00:00:19.241992,-36.69031713169199,42.883167222467044,26.078264359944484,49.235803051873255,62.42311643083888,67.93114483406117,-26.594359840791405,66.05704471727674,58.02421259497825,86.02535222152112,19.230601891830027,15.911530654390429,,40.0,,,,,,COMPLETE
740,740,40.99761382677519,2026-05-12 21:12:34.394457,2026-05-12 21:12:50.885257,0 days 00:00:16.490800,-33.04825481215127,43.016438516141385,26.361866010546585,45.82461449108372,61.104107315407816,67.40922515363722,-29.57643741664824,67.5001638592743,60.838637379961824,78.89420483927026,17.393778743228452,15.96632314524592,,40.0,,,,,,COMPLETE
741,741,44.93683948185995,2026-05-12 21:12:52.425387,2026-05-12 21:13:11.621922,0 days 00:00:19.196535,-36.428248814797676,39.762842513171705,25.198409010389007,50.79493746495522,62.985465761751094,67.02758452988942,-26.990334026124586,62.212164842426134,59.249803725231246,80.17249913367331,21.09691943876419,18.184341820517943,,40.0,,,,,,COMPLETE
742,742,140.0,2026-05-12 21:13:13.366331,2026-05-12 21:13:13.648927,0 days 00:00:00.282596,-36.7667452431401,44.61377194840624,20.857867706202974,51.860987977855174,62.38264084520224,67.03657867032368,-24.46852500974714,58.49335646935478,54.37562313449338,77.44608894663314,23.006311577802173,16.945660637817344,Unfeasible shape,40.0,,,,,,PRUNED
743,743,140.0,2026-05-12 21:13:13.866035,2026-05-12 21:13:14.180783,0 days 00:00:00.314748,-35.66371131755019,40.93247224920544,22.003752031022728,51.298441534485534,60.690186415964256,69.87842795828848,-29.205105322029027,63.155439897061946,51.791643970693094,75.65076340319592,27.11383746170015,14.092275143657847,Unfeasible shape,40.0,,,,,,PRUNED
744,744,140.0,2026-05-12 21:13:14.391704,2026-05-12 21:13:14.675813,0 days 00:00:00.284109,-35.298773235047676,46.276326755241506,21.01580745123239,48.939656221349516,60.66571761891819,66.35338852645432,-28.580674832036017,63.808872451137454,53.84685286580965,78.94304932123256,24.171207387538278,17.94021751684331,Unfeasible shape,40.0,,,,,,PRUNED
745,745,41.203452160559735,2026-05-12 21:13:14.915565,2026-05-12 21:13:34.508466,0 days 00:00:19.592901,-33.69368934466381,40.034093286646836,20.18508367308757,52.46815333641703,61.331622301641154,70.7069603540089,-28.087272580868394,61.63278714585077,53.546799114381216,70.6568366036328,18.448081228709817,12.716414368646706,,40.0,,,,,,COMPLETE
746,746,140.0,2026-05-12 21:13:36.102122,2026-05-12 21:13:36.419263,0 days 00:00:00.317141,-33.102872337714885,42.461355376607564,28.984967770119148,52.83811817432169,59.03582627658311,69.73931514001286,-25.545226268777277,64.2797641047538,52.24107390612773,80.318518744682,24.624451091043223,15.043629317165783,Unfeasible shape,40.0,,,,,,PRUNED
747,747,41.341953748284155,2026-05-12 21:13:36.629444,2026-05-12 21:13:53.739287,0 days 00:00:17.109843,-33.718719068940054,45.95120665681962,18.03618299388415,46.54206066543517,62.31873808504442,65.24199427481393,-24.813032213301497,60.93037118563438,54.10443630298982,81.30524401453889,23.121521705613652,15.34908438464053,,40.0,,,,,,COMPLETE
