,number,value,datetime_start,datetime_complete,duration,params_highPt.rA2,params_highPt.rL1,params_highPt.rL2,params_highPt.rL3,params_highPt.x2,params_highPt.y2,params_lowPt.rA2,params_lowPt.rL1,params_lowPt.rL2,params_lowPt.rL3,params_lowPt.x2,params_lowPt.y2,user_attrs_prune,system_attrs_cma:generation,system_attrs_cma:optimizer:0,system_attrs_cma:optimizer:1,system_attrs_cma:optimizer:2,system_attrs_cma:optimizer:3,system_attrs_cma:optimizer:4,state
537,537,41.410242936026904,2026-05-12 20:37:09.451297,2026-05-12 20:37:26.198561,0 days 00:00:16.747264,-34.896008117707865,42.391278120850224,25.69753143536512,54.181173855338244,52.818177498257576,73.10022716046952,-24.57357688878826,60.65389879104675,48.83330915272131,72.07744766370489,22.94422742516207,11.63603780021853,,31.0,800495a6100000000000008c0a636d6165732e5f636d61948c03434d419493942981947d94288c065f6e5f64696d944b0c8c085f706f7073697a65944b0b8c035f6d75944b058c075f6d755f656666948c166e756d70792e5f636f72652e6d756c74696172726179948c067363616c61729493948c056e756d7079948c0564747970659493948c02663894898887945294284b038c013c944e4e4e4affffffff4affffffff4b007494624308e9e8100774510b4094869452948c035f636394680b681143083e6c7d43b18cd03f94869452948c035f633194680b681143089fc67c4e93b7863f94869452948c045f636d7594680b68114308b90fbeb98d89913f94869452948c085f635f7369676d6194680b681143088289198da8f9d03f94869452948c085f645f7369676d6194680b68114308606246236a3ef43f94869452948c035f636d944b018c065f6368695f6e9447400b25064571943c8c085f776569676874739468098c0c5f7265636f6e737472756374949394680c8c076e6461727261799493944b0085944301629487945294284b014b0b8594680e8c02663894898887945294284b0368124e4e4e4affffffff4affffffff4b00749462894358538e214ba67ddb3f2c5e47761ddbd03f4c60b4a91145c53f18b8b48552e2b83f8daa7d42f660a63f00000000000000009bd0b4761a8dc0bf5806fa0273e3cebff539783e76c4d5bfddd50bc2786cdbbf0820f98e2d45e0bf947494628c085f705f7369676d6194682f68314b008594683387945294284b014b0c8594681189436091d97ff55e68f03fbee1c0cc3821edbf7dba5df2bc29d23fa0dd7f1aba18f23f50941c2994fec3bf406523a7a7a1f03f4e6e0a3d0e89ef3f3c72792f75c4ea3fd9dae6baad7dd8bf7a2df903c30fdf3f406c50deead8c3bff013d3ed4377aa3f947494628c035f706394682f68314b008594683387945294284b014b0c8594681189436013157757929ded3f7239a68a5534ebbffc525031d281c73f9ea930c6edafea3f5e400381be5ec2bff48dd1b66d2bf03fd050ea3d5215f13f4ee96961a020e73f56f7e7f4ed0bd5bf18953b8a7233df3f9d1981654659d6bfe09c69d6f074983f947494628c055f6d65616e94682f68314b008594683387945294284b014b0c8594683989436013339694fa66e93fd884210f3b21d83fec16622cfb09c53fbb4fe5ee7527e03fa50cbc922a75e93fbe4a3ffc12fbee3f9541bbb4894bed3f0a609fecc599e23f813c168f48bcda3f9e67150011d9ea3ff9b778a981eed43ff41383ee60ffc13f947494628c065f7369676d6194680b68114308c99231e2b0bbab3f94869452948c025f44944e8c025f42944e8c075f626f756e647394682f68314b008594683387945294284b014b0c4b02869468398943c00,000000000000000000000000000f03f0000000000000000000000000000f03f0000000000000000000000000000f03f0000000000000000000000000000f03f0000000000000000000000000000f03f0000000000000000000000000000f03f0000000000000000000000000000f03f0000000000000000000000000000f03f0000000000000000000000000000f03f0000000000000000000000000000f03f0000000000000000000000000000f03f0000000000000000000000000000f03f947494628c115f6e5f6d61785f726573616d706c696e67944b788c025f67944b1f8c095f6c725f616461707494898c065f616c70686194473ff66666666666668c0a5f626574615f6d65616e94473fb999999999999a8c0b5f626574615f5369676d6194473f9eb851eb851eb88c065f67616d6d6194473fb999999999999a8c065f456d65616e94682f68314b008594683387945294284b014b0c4b0186946839894360000000000000000000000000000000000000000000000000000000000000000000000000000000000000000000000000000000000000000000000000000000000000000000000000000000000000000000000000000000000000000000000000947494628c075f455369676d6194682f68314b008594683387945294284b014b904b018694683989428004000000000000000000000000000000000000000000000000000000000000000000000000000000000000000000000000000000000000000000000000000000000000000000000000000000000000000000000000000000000000000000000000000000000000000000000000000000000000000000000000000000000000000000000000000000000000000000000000000000000000000000000000000000000000000000000000000000000000000000000000000000000000000000000000000000000000000000000000000000000000000000000000000000000000000000000000000000000000000000000000000000000000000000000000000000000000000000000000000000000000000000000000000000000000000000000000000000000000000000000000000000000000000000000000000000000000000000000000000000000000000000000000000000000000000000000000000000000000000000000000000000000000000000000000000000000000000000000000000000000000000000000000000000000000000000000000000000000000000000000000000000000000000000000000000000000000000000000000000000000000000000000000000000000000000000000000000000000000000000000000000000000000000000000000000000000000000000000000000000000000000000000000000000000000000000000000,0000000000000000000000000000000000000000000000000000000000000000000000000000000000000000000000000000000000000000000000000000000000000000000000000000000000000000000000000000000000000000000000000000000000000000000000000000000000000000000000000000000000000000000000000000000000000000000000000000000000000000000000000000000000000000000000000000000000000000000000000000000000000000000000000000000000000000000000000000000000000000000000000000000000000000000000000000000000000000000000000000000000000000000000000000000000000000000000000000000000000000000000000000000000000000000000000000000000000000000000000000000000000000000000000000000000000000000000000000000000000000000000000000000000000000000000000000000000000000000000000000000000000000000000000000000000000000000000000000000000000000000000000000000000000000000000000000000000000000000000000000000000000000000000000000000000000000000000000000000000000000000000000000000000000000000000000000000000000000000000000000000000000000000000000000000000000000000000000000000000000000000000000000000000000000000000000000000000000000000000000000000000000000000000000000000000000000000000000000000000000000000000000000000000000000000000000000000000000000000000000000000000000000000000000000000000000000000000000000947494628c065f566d65616e944700000000000000008c075f565369676d61944700000000000000008c095f6574615f6d65616e94473ff00000000000008c0a5f6574615f5369676d6194473ff00000000000008c055f746f6c7894680b6811430816383daccc74473d94869452948c075f746f6c787570944740c38800000000008c075f746f6c66756e94473d719799812dea118c105f746f6c636f6e646974696f6e636f76944742d6bcc41e9000008c0d5f66756e686973745f7465726d944b2b8c0f5f66756e686973745f76616c75657394682f68314b008594683387945294284b014b56859468398942b0020000010000000000000060dc6f62fd7f000086f09eed6c324540cc84085bea774640bcaa809ce0d44440707510f8e58c4640f60157ab10044540eefa3f03e01e4640b2a08e4a68d54440e2e86af73b90454086155937a6ed44402246245bea7746400025072e5ec64440728cee09aee745407e5b77c2bde64440d8748de672444640302071352ee94440120d3f5aea7746408a55a55975d1444094468,acb223f4540846eb32b3bdb4440441913d44c6d4540903b9df2129c4440b8392c10f5454540dc125e4bd99d444058faff5aea774640cc9e3a029ab144408ee69595cf854540862ffb18bfa04440109d6e5dfea84540e261f0a0e2a4444068f26b22ca014540be98333e2bab4440ec10990389f1444086a3031cc7a44440c42f775c9df245405cb1856eeca24440c8b3beadc1f94540d2a6567059b144405c761e35d20c4540986fa557c5a24440d480f82a3ee14440e2b901e0848a4440b09fe848b1ff4440b6c7877bb0924440061fe1894ffa4440904fba85898c4440eed16240cbde4440ee93b5b888974440f4e2145cea77464090b84ec7b0954440aa3f135bea7746404c40497381824440ba2ef35aea774640c2d8bbc6ca824440ca6bcb5bea774640181fd92d5b8c4440e8bd4e5bea7746402eb779ab4a8d4440588ba25bea77464082ea3a26b08f44404859317546af4440401d7f4a4a874440b222c35bea7746406f75743a206e6461727261790a2020202020202020202020204d65616e206f662061204469726963686c6574206d756c74696e6f6d69616c20646973747269627574696f6e2e0a0a2020202020202020e08c5b86d0010000a0955b86d001000030846086d001000050b05b86d001000040176086d0010000b0846086d001000030856086d001000060895b86d0010000b0856086d001000030866086d0010000d09e5b86d0010000b0006086d0010000947494628c055f635f316494682f68314b008594683387945294284b014b4e85946811894270020000077e1c202781ec3f3f58dddb9fdd983fdebe3e78f3c79b3fb2c3b5622dd196bff48965bd9f17b3bf73ea2a689c38b8bf6ef21f3b1084c73f40e553b96a05b73fb22b151e6d437a3f7f8cda2a6aee9ebfafdbb7b42d249e3f7616f020d9a89abfec6ebf97cc60e93f856d471cc774993fd7d1d51a3e9295bfda8f4770b068903fa87e67484a31bcbf7c39c3fac0e9a6bf5d939a8b5f6d92bf3e2f62a82879a43f367551e9e515993fac155d1678fbb63f7a3f5d0b34dda73ff51c0137ad8fe73f0543415e7615bfbfc3e7642ed68cc5bfcc038e97300d9c3f2d80c510849cc2bf6fb7af44d84abf3fa48c1bdc31499b3f9fa746d8fc8692bf2079d0bd52a437bf08c2f6ea271faf3f4326465c1410e33f0a12dc43ceddbabf50e8a769ae8ac13fb8e6a89f4859a93f890127ff0cf4a2bff88de1f9a764a6bf548705d7ff4791bff463a43fb96ca5bf959c6d9819fab6bf2586900b1db7e43fe3af6373c261b43f06d17c056671bf3f3219c442e173adbf0c47e46c9cd5b3bf8514e828a350c03fa0fe270f1228a73f32f31e3c620cadbf7d2d1b0bf814e93f94a43dbd8dc2863fb37da44ed78e993f1dae51173374bb3ff9dcbb258891c23f361e6a8ed344b7bf,06344d712595b8bf9a36d68d3cb0f23f847df0fd1944c0bfa263a59dffccccbfc1cde51171b1c13faa085c77dda6be3fe0722a9ddd43b13f06cf1ab3a7ace73f6e77a4a21229b43f22a9a78b167c833fa4dcc25377cfbcbf47edfc6f1ce6bd3f8af294dcfa5dee3f648f1dce7082babff3aed6987becbcbf14d50cb4df5eb23f2ee1cc248318ee3f15d3ab899943afbfbac85c9502aecbbf2ad6aed31cc9eb3f5b385d80bd7795bfe2c81b51fd8ce83f9474946275622e,COMPLETE
538,538,44.93683938844495,2026-05-12 20:37:27.717794,2026-05-12 20:37:42.613283,0 days 00:00:14.895489,-32.430998995868336,46.27084950496071,30.12776591313413,56.33645672614133,59.33390615648589,71.9923548571648,-24.318600821858887,60.53016240630134,40.895621500340354,89.07195890793734,22.24100262261211,18.79599602538809,,31.0,,,,,,COMPLETE
539,539,140.0,2026-05-12 20:37:44.150013,2026-05-12 20:37:44.370095,0 days 00:00:00.220082,-35.109502138061686,49.39307987629037,28.303025323513623,54.81139736192502,56.76352737472822,71.94201129133539,-24.98974831491286,66.13163330940387,48.32573928323179,83.95426831284648,24.467433257100225,13.13299349750719,Unfeasible shape,31.0,,,,,,PRUNED
540,540,140.0,2026-05-12 20:37:44.573164,2026-05-12 20:37:44.843717,0 days 00:00:00.270553,-31.935812294201845,42.448700068121575,21.98142394753577,51.3826394965926,59.42642347172791,66.17051967638255,-24.964592213547682,61.96892779015918,38.327675304395186,89.07573102549627,23.612979401444584,6.946016954446953,Unfeasible shape,31.0,,,,,,PRUNED
541,541,140.0,2026-05-12 20:37:45.032781,2026-05-12 20:37:45.275858,0 days 00:00:00.243077,-30.641853037667786,43.8768560946291,25.487317044914917,58.19590834011038,56.42979297539102,74.39900781144343,-24.89178449812953,63.64278676567429,38.64831534197447,80.6836950744048,22.1192813066803,13.949541803014236,Unfeasible shape,31.0,,,,,,PRUNED
542,542,41.0861281278723,2026-05-12 20:37:45.483926,2026-05-12 20:38:02.508486,0 days 00:00:17.024560,-32.58261729285497,41.838506166943354,26.35394682644139,53.470132162912606,58.35244366232327,74.07486460565524,-26.57566905508053,60.903605110292844,47.25177070794593,81.15308576666756,23.970738019110478,7.303777920848041,,31.0,,,,,,COMPLETE
543,543,41.17607937199783,2026-05-12 20:38:04.005702,2026-05-12 20:38:21.535305,0 days 00:00:17.529603,-34.87753963080462,40.46009449925478,23.71403707458706,54.418418984535315,58.932957426963696,73.56641700124321,-23.529076793092578,60.5589830787319,47.01505789421517,83.18936069747764,25.769548726150255,6.855113071967976,,31.0,,,,,,COMPLETE
544,544,41.113156908185914,2026-05-12 20:38:23.040641,2026-05-12 20:38:40.093895,0 days 00:00:17.053254,-31.721521287622778,42.428651493984844,27.36842132667025,54.27225276977698,57.07338913881192,73.8457680207209,-23.734587035660297,59.28127207743715,52.04909535049714,86.17127664674594,21.689056416688874,9.512920996269228,,31.0,,,,,,COMPLETE
545,545,140.0,2026-05-12 20:38:41.586158,2026-05-12 20:38:41.875119,0 days 00:00:00.288961,-29.69205093974503,43.69518744917168,29.647428520657797,54.932884960586094,60.65898163455116,70.95284314908896,-22.7227394391426,60.08762251833785,38.45508371331495,92.9051168598106,23.614148762022523,1.3198041418652409,Unfeasible shape,31.0,,,,,,PRUNED
546,546,41.117593430425615,2026-05-12 20:38:42.087811,2026-05-12 20:38:59.660372,0 days 00:00:17.572561,-30.346660292370103,45.652369701271994,18.693925378290906,49.71195584246974,64.22857378177387,70.46610932062877,-20.71528521959125,52.74691422161125,50.4247678797356,89.47290580225344,23.480691490550722,10.623313931310282,,31.0,,,,,,COMPLETE
547,547,140.0,2026-05-12 20:39:01.171547,2026-05-12 20:39:01.383416,0 days 00:00:00.211869,-30.42267533686244,43.178520934092994,32.00302605715065,54.1160878080944,58.807928778369046,69.24343098497344,-27.604488827067968,65.92725726914654,44.65928593052247,87.5339907586041,24.494195916201,6.6439809972119805,Unfeasible shape,31.0,,,,,,PRUNED
548,548,140.0,2026-05-12 20:39:01.590346,2026-05-12 20:39:01.823939,0 days 00:00:00.233593,-27.023479029433716,44.35658560092591,31.688408220897838,52.717563529427714,57.48217496498798,72.06551195796997,-23.711325164299623,58.26543068841847,48.018883829134026,81.88966743294156,23.628473963259534,10.2259072700276,Unfeasible shape,31.0,,,,,,PRUNED
549,549,41.24043943227707,2026-05-12 20:39:02.011785,2026-05-12 20:39:18.897500,0 days 00:00:16.885715,-36.915042875309915,49.626448690671694,25.701412844517492,54.442054800144625,56.43761165466305,73.06648839934674,-29.690966320118918,66.43063872678374,49.1356299612489,85.03241312100899,24.71168263813048,12.594472894908154,,31.0,,,,,,COMPLETE
550,550,41.258449073354285,2026-05-12 20:39:20.403153,2026-05-12 20:39:37.761704,0 days 00:00:17.358551,-35.80677460125554,42.705298368146956,23.973055045022576,52.965637670702556,56.84615621423255,68.87006603713256,-26.996024874886416,67.46331609662823,48.44698017692521,81.98356144226122,25.202177767317778,9.612998251809215,,31.0,,,,,,COMPLETE
551,551,140.0,2026-05-12 20:39:39.215447,2026-05-12 20:39:39.470967,0 days 00:00:00.255520,-33.75378158769255,49.872509003409185,23.061596107778335,57.20865241420741,63.5395834078127,73.50719682054454,-23.92443189129753,51.735467209574935,46.205366579835285,83.25431799406135,21.79656982515635,11.328256865720691,Unfeasible shape,31.0,,,,,,PRUNED
552,552,140.0,2026-05-12 20:39:39.681486,2026-05-12 20:39:39.968879,0 days 00:00:00.287393,-35.1621740351497,44.510074355579235,24.83291521282716,45.832584107000955,61.12355214484169,71.50170934242125,-23.07605590758954,63.36052168082476,42.9606055544245,86.94406391919917,28.07385589262017,5.862054242545235,Unfeasible shape,31.0,,,,,,PRUNED
553,553,41.12959721852077,2026-05-12 20:39:40.149784,2026-05-12 20:39:57.730829,0 days 00:00:17.581045,-32.94076818106275,42.724372388393036,18.88912134545128,58.171445864541624,62.96649057114841,72.49524046219267,-24.65573094040238,63.06671882875789,48.17507854570019,82.45235881704009,30.955787164949037,3.9399891140951997,,31.0,,,,,,COMPLETE
554,554,41.27495494357393,2026-05-12 20:39:59.289259,2026-05-12 20:40:16.350092,0 days 00:00:17.060833,-34.580087408913315,42.233534000723616,22.985746465913326,59.74572315156608,57.152080433474346,71.27948946290911,-21.76705383628635,64.01717201488884,48.51432914656294,84.62704887473522,23.253150335789158,5.843851988939589,,31.0,,,,,,COMPLETE
555,555,140.0,2026-05-12 20:40:17.838485,2026-05-12 20:40:18.112666,0 days 00:00:00.274181,-33.25213711640346,44.654363757754865,22.492292875408914,55.75928962662804,63.58912175433932,74.500302293312,-25.44359921808971,59.24737909462974,47.04168576575494,89.91084946287064,21.42672952675157,2.8223177501375187,Unfeasible shape,31.0,,,,,,PRUNED
556,556,44.93683947175728,2026-05-12 20:40:18.342991,2026-05-12 20:40:32.880343,0 days 00:00:14.537352,-31.562394298241628,54.378710382599465,27.001585861387422,50.01697411017572,61.70964531614255,65.95841269992053,-24.482181198393064,63.26901223267069,44.10568085062181,83.77886357963534,22.32646837430267,11.948045191696746,,31.0,,,,,,COMPLETE
