,number,value,datetime_start,datetime_complete,duration,params_highPt.rA2,params_highPt.rL1,params_highPt.rL2,params_highPt.rL3,params_highPt.x2,params_highPt.y2,params_lowPt.rA2,params_lowPt.rL1,params_lowPt.rL2,params_lowPt.rL3,params_lowPt.x2,params_lowPt.y2,user_attrs_prune,system_attrs_cma:generation,system_attrs_cma:optimizer:0,system_attrs_cma:optimizer:1,system_attrs_cma:optimizer:2,system_attrs_cma:optimizer:3,system_attrs_cma:optimizer:4,state
267,267,41.33725717086189,2026-05-12 19:45:34.198822,2026-05-12 19:45:51.314061,0 days 00:00:17.115239,-41.47887403469814,49.587383326137896,23.655457769219836,55.7500198619071,60.169684422704265,66.44225971382022,-37.88837895455048,49.942416147289975,60.59209970451914,89.50858740386317,22.8160136240296,10.507721113380192,,15.0,,,,,,COMPLETE
268,268,41.63528558455805,2026-05-12 19:45:52.769188,2026-05-12 19:46:07.525778,0 days 00:00:14.756590,-34.85335341825226,49.22788395983538,36.506640687724015,41.28692479380674,47.347902635077915,72.27514608674086,-40.70670565214894,52.05791642324028,50.65488734518351,96.30197909854508,26.331489651354858,18.288570840912126,,15.0,,,,,,COMPLETE
269,269,140.0,2026-05-12 19:46:08.932109,2026-05-12 19:46:09.174901,0 days 00:00:00.242792,-40.533988030123375,44.31637330230928,27.191698560525317,44.500916547862744,64.2613458540709,63.78987451455569,-36.18523248488022,65.70125019356766,47.570730960149604,84.0237333270096,25.062634135351797,20.356388538661033,Unfeasible shape,15.0,,,,,,PRUNED
270,270,140.0,2026-05-12 19:46:09.340986,2026-05-12 19:46:09.622495,0 days 00:00:00.281509,-48.08854643980355,42.37332342830001,10.658063228543188,61.36049270539924,53.56857611366294,69.81235307714019,-48.48214964042471,66.81579072696636,53.360233432379715,84.32258456272424,4.3640098122077315,13.59797206388975,Unfeasible shape,15.0,,,,,,PRUNED
271,271,41.70468905771419,2026-05-12 19:46:09.784018,2026-05-12 19:46:26.149105,0 days 00:00:16.365087,-33.91509025442804,48.85371868365429,30.474615364238197,64.5534602983115,49.164065970730526,60.48379936772984,-39.51814390279384,65.71532918446215,44.8579757620347,86.64403458997292,17.349227128054835,19.26897795581077,,15.0,,,,,,COMPLETE
272,272,140.0,2026-05-12 19:46:27.529601,2026-05-12 19:46:27.792059,0 days 00:00:00.262458,-36.82520908406241,57.019999724422036,19.446067955910443,52.76471807142316,69.27508521462522,50.64430781267278,-42.82926416062254,55.673078209302375,47.90080886406253,87.94960200967446,10.014393165910045,21.6384041614762,Unfeasible shape,16.0,800495a6100000000000008c0a636d6165732e5f636d61948c03434d419493942981947d94288c065f6e5f64696d944b0c8c085f706f7073697a65944b0b8c035f6d75944b058c075f6d755f656666948c166e756d70792e5f636f72652e6d756c74696172726179948c067363616c61729493948c056e756d7079948c0564747970659493948c02663894898887945294284b038c013c944e4e4e4affffffff4affffffff4b007494624308e9e8100774510b4094869452948c035f636394680b681143083e6c7d43b18cd03f94869452948c035f633194680b681143089fc67c4e93b7863f94869452948c045f636d7594680b68114308b90fbeb98d89913f94869452948c085f635f7369676d6194680b681143088289198da8f9d03f94869452948c085f645f7369676d6194680b68114308606246236a3ef43f94869452948c035f636d944b018c065f6368695f6e9447400b25064571943c8c085f776569676874739468098c0c5f7265636f6e737472756374949394680c8c076e6461727261799493944b0085944301629487945294284b014b0b8594680e8c02663894898887945294284b0368124e4e4e4affffffff4affffffff4b00749462894358538e214ba67ddb3f2c5e47761ddbd03f4c60b4a91145c53f18b8b48552e2b83f8daa7d42f660a63f00000000000000009bd0b4761a8dc0bf5806fa0273e3cebff539783e76c4d5bfddd50bc2786cdbbf0820f98e2d45e0bf947494628c085f705f7369676d6194682f68314b008594683387945294284b014b0c85946811894360ac92940f92f8f0bfc4880ec9f084d83f6a4568d9088ddcbf43be74ee60ccd6bfbde2b80e4166f13f088f3884f08cd93fee6cbebb6d8ee63f6d442ff8a67cf5bf455f2a4d526fd6bf0a3fd2189479bdbf80cbbc74103683bfcbcfe1b2507eb3bf947494628c035f706394682f68314b008594683387945294284b014b0c85946811894360f08ad1b4dcf1efbf8f4dbefd4beccc3fae2a91f08f88debfd9eff0fcbf85d1bff1cf0adafa6af13f50a744f37c4edd3f77344a09b753e63f5efc54191763f4bf0f0c2ce6afdcd7bfd4113016726fc4bf009cb9c4506ab93fb884f97a0ebb8b3f947494628c055f6d65616e94682f68314b008594683387945294284b014b0c859468398943608998eecd61f4e33f448bfe886ad8da3f95be2d685feac83f20d869828e9cde3f17fe4e5f5028e83f0dfc8104bc56ec3faef6c55d5bbbe63fdc682bd0860ae13fd27660320d26e03f162d38635139ea3fbd7549bfd106d13f702f2849e7ced03f947494628c065f7369676d6194680b681143082869ef1b8baeb93f94869452948c025f44944e8c025f42944e8c075f626f756e647394682f68314b008594683387945294284b014b0c4b02869468398943c00,000000000000000000000000000f03f0000000000000000000000000000f03f0000000000000000000000000000f03f0000000000000000000000000000f03f0000000000000000000000000000f03f0000000000000000000000000000f03f0000000000000000000000000000f03f0000000000000000000000000000f03f0000000000000000000000000000f03f0000000000000000000000000000f03f0000000000000000000000000000f03f0000000000000000000000000000f03f947494628c115f6e5f6d61785f726573616d706c696e67944b788c025f67944b108c095f6c725f616461707494898c065f616c70686194473ff66666666666668c0a5f626574615f6d65616e94473fb999999999999a8c0b5f626574615f5369676d6194473f9eb851eb851eb88c065f67616d6d6194473fb999999999999a8c065f456d65616e94682f68314b008594683387945294284b014b0c4b0186946839894360000000000000000000000000000000000000000000000000000000000000000000000000000000000000000000000000000000000000000000000000000000000000000000000000000000000000000000000000000000000000000000000000947494628c075f455369676d6194682f68314b008594683387945294284b014b904b018694683989428004000000000000000000000000000000000000000000000000000000000000000000000000000000000000000000000000000000000000000000000000000000000000000000000000000000000000000000000000000000000000000000000000000000000000000000000000000000000000000000000000000000000000000000000000000000000000000000000000000000000000000000000000000000000000000000000000000000000000000000000000000000000000000000000000000000000000000000000000000000000000000000000000000000000000000000000000000000000000000000000000000000000000000000000000000000000000000000000000000000000000000000000000000000000000000000000000000000000000000000000000000000000000000000000000000000000000000000000000000000000000000000000000000000000000000000000000000000000000000000000000000000000000000000000000000000000000000000000000000000000000000000000000000000000000000000000000000000000000000000000000000000000000000000000000000000000000000000000000000000000000000000000000000000000000000000000000000000000000000000000000000000000000000000000000000000000000000000000000000000000000000000000000000000000000000000000000,0000000000000000000000000000000000000000000000000000000000000000000000000000000000000000000000000000000000000000000000000000000000000000000000000000000000000000000000000000000000000000000000000000000000000000000000000000000000000000000000000000000000000000000000000000000000000000000000000000000000000000000000000000000000000000000000000000000000000000000000000000000000000000000000000000000000000000000000000000000000000000000000000000000000000000000000000000000000000000000000000000000000000000000000000000000000000000000000000000000000000000000000000000000000000000000000000000000000000000000000000000000000000000000000000000000000000000000000000000000000000000000000000000000000000000000000000000000000000000000000000000000000000000000000000000000000000000000000000000000000000000000000000000000000000000000000000000000000000000000000000000000000000000000000000000000000000000000000000000000000000000000000000000000000000000000000000000000000000000000000000000000000000000000000000000000000000000000000000000000000000000000000000000000000000000000000000000000000000000000000000000000000000000000000000000000000000000000000000000000000000000000000000000000000000000000000000000000000000000000000000000000000000000000000000000000000000000000000000000947494628c065f566d65616e944700000000000000008c075f565369676d61944700000000000000008c095f6574615f6d65616e94473ff00000000000008c0a5f6574615f5369676d6194473ff00000000000008c055f746f6c7894680b6811430816383daccc74473d94869452948c075f746f6c787570944740c38800000000008c075f746f6c66756e94473d719799812dea118c105f746f6c636f6e646974696f6e636f76944742d6bcc41e9000008c0d5f66756e686973745f7465726d944b2b8c0f5f66756e686973745f76616c75657394682f68314b008594683387945294284b014b56859468398942b0020000010000000000000060dc6f62fd7f000086f09eed6c324540cc84085bea774640bcaa809ce0d44440707510f8e58c4640f60157ab10044540eefa3f03e01e4640b2a08e4a68d54440e2e86af73b90454086155937a6ed44402246245bea7746400025072e5ec64440728cee09aee745407e5b77c2bde64440d8748de672444640302071352ee94440120d3f5aea7746408a55a55975d1444094468,acb223f4540846eb32b3bdb4440441913d44c6d4540903b9df2129c4440b8392c10f5454540dc125e4bd99d444058faff5aea774640cc9e3a029ab144408ee69595cf854540862ffb18bfa04440109d6e5dfea84540e261f0a0e2a4444068f26b22ca014540be98333e2bab4440ec10990389f14440696d656e73696f6e616c697479206f662074686520646973747269627574696f6e2e204561636820656e747279206d7573742062650a2020202020202020202020207374726963746c7920706f7369746976652e0a20202020202020206e203a20696e74206f722061727261795f6c696b650a202020202020202020202020546865206e756d626572206f6620747269616c732e204561636820656c656d656e74206d7573742062652061207374726963746c7920706f73697469766520696e74656765722e0a0a202020202020202052657475726e730a20202020202020202d2d2d2d2d2d2d0a20202020202020206f75743a206e6461727261790a2020202020202020202020204d65616e206f662061204469726963686c6574206d756c74696e6f6d69616c20646973747269627574696f6e2e0a0a2020202020202020e08c5b86d0010000a0955b86d001000030846086d001000050b05b86d001000040176086d0010000b0846086d001000030856086d001000060895b86d0010000b0856086d001000030866086d0010000d09e5b86d0010000b0006086d0010000947494628c055f635f316494682f68314b008594683387945294284b014b4e8594681189427002000094ded4f68c60ea3ffae9de915c1bb53f2aca4a044962be3f616973363060893f10c872f88f43babffd89d8d1ffb4c0bf6f9fa710d4a3b43f3106f660ae6cc03fa888d414a19181bf6418374ec468a2bf1d96b8f02731b0bf1723c0d2dc0f90bf1dffd0711a4eeb3f91c1bd5f94cbab3fa28c2b652676973f727e38dd26bea7bf743fa499531a9ebf4c4883a155e0a8bf2852ec493125b03f3b146e33881d9dbf2e548e3511bebfbf7443c89e8d71ae3f907fa2dc473fc23f1c124942431fea3fb6516b732a61babf82026e11590ec3bf0baa6decc1bd71bf1e61a525b580a6bf190290914498b83fa1fac85c75f6b13ff0401deae39cb9bfc3ee8f7ecad5ac3f7e5eec4fa1559c3f0a2867ac9e96e63f047059e85710babf650025109bf3a03f0611e504a9a3923fec271ded95cf45bfc0f26ed7aaec633f01f4839bf2b4adbffc52b7e46a45a5bf74b71924f22a75bf82e8e90eed12f03fb0d5c4f4613ebf3f02425e746214ba3feb2e2a3efa29acbf36aadcceeaf999bf18b9d4b7fb73c63fb0fbcb616d3964bf182922d1abd9bbbf5467b46117d1ea3f11c1a895dc9e8dbf7b29e8c71616abbf585adcf0d778753f84f1e945bb5ec23f666ff26f6859b1bf,6fbbc036043cc6bfff6039b59febf03fcb0b646bd68ba6bf2a3a6c1c6c83c0bf3297355d531597bf208a30a2c03c7a3f2e655439d4c8b93f37aeaff362a1ec3f43ed8b949aa178bf699a6ae05bedb13ffbc6e36a65eda8bf05c4db343ab0a73f55b7fbdb9decf03f8a8c14c9c8118ebfe056cbdcb98735bf51f5959fb15495bf0a4f4733946df13f96d4993156fac2bf2d33a43f87c4d1bfcb01df3bf865ed3ff7ee848b476eb53fef30bbe81310ee3f9474946275622e,PRUNED
273,273,41.641172332960124,2026-05-12 19:46:27.966282,2026-05-12 19:46:42.937538,0 days 00:00:14.971256,-52.076218616883324,54.05014703913422,17.48226316885536,61.31078224674072,51.51330793366225,67.17452045167121,-47.540470969306945,56.38570068761303,62.529589881252804,83.94215671280172,23.340071470697094,14.554356930241404,,16.0,800495a6100000000000008c0a636d6165732e5f636d61948c03434d419493942981947d94288c065f6e5f64696d944b0c8c085f706f7073697a65944b0b8c035f6d75944b058c075f6d755f656666948c166e756d70792e5f636f72652e6d756c74696172726179948c067363616c61729493948c056e756d7079948c0564747970659493948c02663894898887945294284b038c013c944e4e4e4affffffff4affffffff4b007494624308e9e8100774510b4094869452948c035f636394680b681143083e6c7d43b18cd03f94869452948c035f633194680b681143089fc67c4e93b7863f94869452948c045f636d7594680b68114308b90fbeb98d89913f94869452948c085f635f7369676d6194680b681143088289198da8f9d03f94869452948c085f645f7369676d6194680b68114308606246236a3ef43f94869452948c035f636d944b018c065f6368695f6e9447400b25064571943c8c085f776569676874739468098c0c5f7265636f6e737472756374949394680c8c076e6461727261799493944b0085944301629487945294284b014b0b8594680e8c02663894898887945294284b0368124e4e4e4affffffff4affffffff4b00749462894358538e214ba67ddb3f2c5e47761ddbd03f4c60b4a91145c53f18b8b48552e2b83f8daa7d42f660a63f00000000000000009bd0b4761a8dc0bf5806fa0273e3cebff539783e76c4d5bfddd50bc2786cdbbf0820f98e2d45e0bf947494628c085f705f7369676d6194682f68314b008594683387945294284b014b0c85946811894360ac92940f92f8f0bfc4880ec9f084d83f6a4568d9088ddcbf43be74ee60ccd6bfbde2b80e4166f13f088f3884f08cd93fee6cbebb6d8ee63f6d442ff8a67cf5bf455f2a4d526fd6bf0a3fd2189479bdbf80cbbc74103683bfcbcfe1b2507eb3bf947494628c035f706394682f68314b008594683387945294284b014b0c85946811894360f08ad1b4dcf1efbf8f4dbefd4beccc3fae2a91f08f88debfd9eff0fcbf85d1bff1cf0adafa6af13f50a744f37c4edd3f77344a09b753e63f5efc54191763f4bf0f0c2ce6afdcd7bfd4113016726fc4bf009cb9c4506ab93fb884f97a0ebb8b3f947494628c055f6d65616e94682f68314b008594683387945294284b014b0c859468398943608998eecd61f4e33f448bfe886ad8da3f95be2d685feac83f20d869828e9cde3f17fe4e5f5028e83f0dfc8104bc56ec3faef6c55d5bbbe63fdc682bd0860ae13fd27660320d26e03f162d38635139ea3fbd7549bfd106d13f702f2849e7ced03f947494628c065f7369676d6194680b681143082869ef1b8baeb93f94869452948c025f44944e8c025f42944e8c075f626f756e647394682f68314b008594683387945294284b014b0c4b02869468398943c00,000000000000000000000000000f03f0000000000000000000000000000f03f0000000000000000000000000000f03f0000000000000000000000000000f03f0000000000000000000000000000f03f0000000000000000000000000000f03f0000000000000000000000000000f03f0000000000000000000000000000f03f0000000000000000000000000000f03f0000000000000000000000000000f03f0000000000000000000000000000f03f0000000000000000000000000000f03f947494628c115f6e5f6d61785f726573616d706c696e67944b788c025f67944b108c095f6c725f616461707494898c065f616c70686194473ff66666666666668c0a5f626574615f6d65616e94473fb999999999999a8c0b5f626574615f5369676d6194473f9eb851eb851eb88c065f67616d6d6194473fb999999999999a8c065f456d65616e94682f68314b008594683387945294284b014b0c4b0186946839894360000000000000000000000000000000000000000000000000000000000000000000000000000000000000000000000000000000000000000000000000000000000000000000000000000000000000000000000000000000000000000000000000947494628c075f455369676d6194682f68314b008594683387945294284b014b904b018694683989428004000000000000000000000000000000000000000000000000000000000000000000000000000000000000000000000000000000000000000000000000000000000000000000000000000000000000000000000000000000000000000000000000000000000000000000000000000000000000000000000000000000000000000000000000000000000000000000000000000000000000000000000000000000000000000000000000000000000000000000000000000000000000000000000000000000000000000000000000000000000000000000000000000000000000000000000000000000000000000000000000000000000000000000000000000000000000000000000000000000000000000000000000000000000000000000000000000000000000000000000000000000000000000000000000000000000000000000000000000000000000000000000000000000000000000000000000000000000000000000000000000000000000000000000000000000000000000000000000000000000000000000000000000000000000000000000000000000000000000000000000000000000000000000000000000000000000000000000000000000000000000000000000000000000000000000000000000000000000000000000000000000000000000000000000000000000000000000000000000000000000000000000000000000000000000000000000,0000000000000000000000000000000000000000000000000000000000000000000000000000000000000000000000000000000000000000000000000000000000000000000000000000000000000000000000000000000000000000000000000000000000000000000000000000000000000000000000000000000000000000000000000000000000000000000000000000000000000000000000000000000000000000000000000000000000000000000000000000000000000000000000000000000000000000000000000000000000000000000000000000000000000000000000000000000000000000000000000000000000000000000000000000000000000000000000000000000000000000000000000000000000000000000000000000000000000000000000000000000000000000000000000000000000000000000000000000000000000000000000000000000000000000000000000000000000000000000000000000000000000000000000000000000000000000000000000000000000000000000000000000000000000000000000000000000000000000000000000000000000000000000000000000000000000000000000000000000000000000000000000000000000000000000000000000000000000000000000000000000000000000000000000000000000000000000000000000000000000000000000000000000000000000000000000000000000000000000000000000000000000000000000000000000000000000000000000000000000000000000000000000000000000000000000000000000000000000000000000000000000000000000000000000000000000000000000000000947494628c065f566d65616e944700000000000000008c075f565369676d61944700000000000000008c095f6574615f6d65616e94473ff00000000000008c0a5f6574615f5369676d6194473ff00000000000008c055f746f6c7894680b6811430816383daccc74473d94869452948c075f746f6c787570944740c38800000000008c075f746f6c66756e94473d719799812dea118c105f746f6c636f6e646974696f6e636f76944742d6bcc41e9000008c0d5f66756e686973745f7465726d944b2b8c0f5f66756e686973745f76616c75657394682f68314b008594683387945294284b014b56859468398942b0020000010000000000000060dc6f62fd7f000086f09eed6c324540cc84085bea774640bcaa809ce0d44440707510f8e58c4640f60157ab10044540eefa3f03e01e4640b2a08e4a68d54440e2e86af73b90454086155937a6ed44402246245bea7746400025072e5ec64440728cee09aee745407e5b77c2bde64440d8748de672444640302071352ee94440120d3f5aea7746408a55a55975d1444094468,acb223f4540846eb32b3bdb4440441913d44c6d4540903b9df2129c4440b8392c10f5454540dc125e4bd99d444058faff5aea774640cc9e3a029ab144408ee69595cf854540862ffb18bfa04440109d6e5dfea84540e261f0a0e2a4444068f26b22ca014540be98333e2bab4440ec10990389f14440696d656e73696f6e616c697479206f662074686520646973747269627574696f6e2e204561636820656e747279206d7573742062650a2020202020202020202020207374726963746c7920706f7369746976652e0a20202020202020206e203a20696e74206f722061727261795f6c696b650a202020202020202020202020546865206e756d626572206f6620747269616c732e204561636820656c656d656e74206d7573742062652061207374726963746c7920706f73697469766520696e74656765722e0a0a202020202020202052657475726e730a20202020202020202d2d2d2d2d2d2d0a20202020202020206f75743a206e6461727261790a2020202020202020202020204d65616e206f662061204469726963686c6574206d756c74696e6f6d69616c20646973747269627574696f6e2e0a0a2020202020202020e08c5b86d0010000a0955b86d001000030846086d001000050b05b86d001000040176086d0010000b0846086d001000030856086d001000060895b86d0010000b0856086d001000030866086d0010000d09e5b86d0010000b0006086d0010000947494628c055f635f316494682f68314b008594683387945294284b014b4e8594681189427002000094ded4f68c60ea3ffae9de915c1bb53f2aca4a044962be3f616973363060893f10c872f88f43babffd89d8d1ffb4c0bf6f9fa710d4a3b43f3106f660ae6cc03fa888d414a19181bf6418374ec468a2bf1d96b8f02731b0bf1723c0d2dc0f90bf1dffd0711a4eeb3f91c1bd5f94cbab3fa28c2b652676973f727e38dd26bea7bf743fa499531a9ebf4c4883a155e0a8bf2852ec493125b03f3b146e33881d9dbf2e548e3511bebfbf7443c89e8d71ae3f907fa2dc473fc23f1c124942431fea3fb6516b732a61babf82026e11590ec3bf0baa6decc1bd71bf1e61a525b580a6bf190290914498b83fa1fac85c75f6b13ff0401deae39cb9bfc3ee8f7ecad5ac3f7e5eec4fa1559c3f0a2867ac9e96e63f047059e85710babf650025109bf3a03f0611e504a9a3923fec271ded95cf45bfc0f26ed7aaec633f01f4839bf2b4adbffc52b7e46a45a5bf74b71924f22a75bf82e8e90eed12f03fb0d5c4f4613ebf3f02425e746214ba3feb2e2a3efa29acbf36aadcceeaf999bf18b9d4b7fb73c63fb0fbcb616d3964bf182922d1abd9bbbf5467b46117d1ea3f11c1a895dc9e8dbf7b29e8c71616abbf585adcf0d778753f84f1e945bb5ec23f666ff26f6859b1bf,6fbbc036043cc6bfff6039b59febf03fcb0b646bd68ba6bf2a3a6c1c6c83c0bf3297355d531597bf208a30a2c03c7a3f2e655439d4c8b93f37aeaff362a1ec3f43ed8b949aa178bf699a6ae05bedb13ffbc6e36a65eda8bf05c4db343ab0a73f55b7fbdb9decf03f8a8c14c9c8118ebfe056cbdcb98735bf51f5959fb15495bf0a4f4733946df13f96d4993156fac2bf2d33a43f87c4d1bfcb01df3bf865ed3ff7ee848b476eb53fef30bbe81310ee3f9474946275622e,COMPLETE
274,274,41.854368680886665,2026-05-12 19:46:44.320455,2026-05-12 19:46:59.711703,0 days 00:00:15.391248,-39.84539473112588,53.33033458955767,23.445229803623242,55.22862516695368,48.19214780195292,48.85210206235773,-34.8196255060518,62.436942120586245,41.80642089486115,77.74103690167497,28.57952372138353,37.76316132390575,,16.0,,,,,,COMPLETE
275,275,140.0,2026-05-12 19:47:01.065744,2026-05-12 19:47:01.319831,0 days 00:00:00.254087,-35.00028539005575,49.32154455328778,37.00732866121194,51.48501737414587,55.87122188444242,71.0389287900461,-32.6579000021206,70.07864148681006,64.83754656541933,89.53308849083544,16.142653077345464,15.458448679982654,Unfeasible shape,16.0,,,,,,PRUNED
276,276,41.58305521558003,2026-05-12 19:47:01.493914,2026-05-12 19:47:17.205685,0 days 00:00:15.711771,-45.55932400052926,57.193366054505745,28.831050510785527,52.14257103445973,48.607629237080815,67.72620534614107,-32.25305659806342,63.4683359977167,57.35272483834229,86.7828959271968,12.213353708905302,29.630699909678423,,16.0,,,,,,COMPLETE
277,277,140.0,2026-05-12 19:47:18.821804,2026-05-12 19:47:19.050879,0 days 00:00:00.229075,-45.02995134662528,47.6618871156584,24.19985658079375,46.076587699840374,60.75859814441954,67.28636976627513,-40.454701237182285,59.13741431390129,56.10041997904347,77.09011019628433,23.332187070010388,22.206189879353442,Unfeasible shape,16.0,,,,,,PRUNED
278,278,42.80025089002666,2026-05-12 19:47:19.214307,2026-05-12 19:47:33.331316,0 days 00:00:14.117009,-47.24387480227784,52.29563272824173,18.797025787763655,36.76147324315744,54.397511435438176,68.5216631026162,-37.5605476782377,47.66263171736309,52.04762544811238,71.77192516082988,16.447203682322666,31.510247894387604,,16.0,,,,,,COMPLETE
