,number,value,datetime_start,datetime_complete,duration,params_highPt.rA2,params_highPt.rL1,params_highPt.rL2,params_highPt.rL3,params_highPt.x2,params_highPt.y2,params_lowPt.rA2,params_lowPt.rL1,params_lowPt.rL2,params_lowPt.rL3,params_lowPt.x2,params_lowPt.y2,user_attrs_prune,system_attrs_cma:generation,system_attrs_cma:optimizer:0,system_attrs_cma:optimizer:1,system_attrs_cma:optimizer:2,system_attrs_cma:optimizer:3,system_attrs_cma:optimizer:4,state
881,881,41.121849070257255,2026-05-12 21:38:10.812357,2026-05-12 21:38:25.250001,0 days 00:00:14.437644,-35.358649044334726,52.16534962736786,25.476877705454307,45.727322674506205,60.157358669226234,65.84731692660847,-32.70650350410165,60.93093032830992,59.99867481203698,74.68071830189908,26.213364693224587,15.880990206027983,,48.0,800495a6100000000000008c0a636d6165732e5f636d61948c03434d419493942981947d94288c065f6e5f64696d944b0c8c085f706f7073697a65944b0b8c035f6d75944b058c075f6d755f656666948c166e756d70792e5f636f72652e6d756c74696172726179948c067363616c61729493948c056e756d7079948c0564747970659493948c02663894898887945294284b038c013c944e4e4e4affffffff4affffffff4b007494624308e9e8100774510b4094869452948c035f636394680b681143083e6c7d43b18cd03f94869452948c035f633194680b681143089fc67c4e93b7863f94869452948c045f636d7594680b68114308b90fbeb98d89913f94869452948c085f635f7369676d6194680b681143088289198da8f9d03f94869452948c085f645f7369676d6194680b68114308606246236a3ef43f94869452948c035f636d944b018c065f6368695f6e9447400b25064571943c8c085f776569676874739468098c0c5f7265636f6e737472756374949394680c8c076e6461727261799493944b0085944301629487945294284b014b0b8594680e8c02663894898887945294284b0368124e4e4e4affffffff4affffffff4b00749462894358538e214ba67ddb3f2c5e47761ddbd03f4c60b4a91145c53f18b8b48552e2b83f8daa7d42f660a63f00000000000000009bd0b4761a8dc0bf5806fa0273e3cebff539783e76c4d5bfddd50bc2786cdbbf0820f98e2d45e0bf947494628c085f705f7369676d6194682f68314b008594683387945294284b014b0c8594681189436039e15070c020e0bfba0820a44959e43fa28d07768cdfe43f3cfd0fc25194fcbf405a8eb266aba3bf208c6b1a9f08cebf9857ed2fe90dc53f6670d39843dde0bf34a2c5b07916e53f8971988530a2d3bf476b2424034ced3f749f33589dc5e3bf947494628c035f706394682f68314b008594683387945294284b014b0c8594681189436076b71ce6c7c2d3bf4d4484d5a0bae53fbd24e7071db9e13f59a5c5c9c58ef4bfc0ac034f1d55a33f822b3a36fdbcd6bf68a27fd04843c7bfc8099da49ddddebf1c554e008a45e33fa0b67bdd7b0acebf64600f021300ed3f022c38f751c2d2bf947494628c055f6d65616e94682f68314b008594683387945294284b014b0c85946839894360264b8d646f72e73f90d6abcb6827dd3ff4d32845b925c73f04db96512aabd73f9e969c9c7f39ea3f41581cb42c13ec3f95e977d17d9deb3f13904489a8cee23fba9fb4219f1ce33fdd29d7e6f100e73f68473dcca32cd63f55cce786b5b8cb3f947494628c065f7369676d6194680b68114308fa769bf2d5f6a23f94869452948c025f44944e8c025f42944e8c075f626f756e647394682f68314b008594683387945294284b014b0c4b02869468398943c00,000000000000000000000000000f03f0000000000000000000000000000f03f0000000000000000000000000000f03f0000000000000000000000000000f03f0000000000000000000000000000f03f0000000000000000000000000000f03f0000000000000000000000000000f03f0000000000000000000000000000f03f0000000000000000000000000000f03f0000000000000000000000000000f03f0000000000000000000000000000f03f0000000000000000000000000000f03f947494628c115f6e5f6d61785f726573616d706c696e67944b788c025f67944b308c095f6c725f616461707494898c065f616c70686194473ff66666666666668c0a5f626574615f6d65616e94473fb999999999999a8c0b5f626574615f5369676d6194473f9eb851eb851eb88c065f67616d6d6194473fb999999999999a8c065f456d65616e94682f68314b008594683387945294284b014b0c4b0186946839894360000000000000000000000000000000000000000000000000000000000000000000000000000000000000000000000000000000000000000000000000000000000000000000000000000000000000000000000000000000000000000000000000947494628c075f455369676d6194682f68314b008594683387945294284b014b904b018694683989428004000000000000000000000000000000000000000000000000000000000000000000000000000000000000000000000000000000000000000000000000000000000000000000000000000000000000000000000000000000000000000000000000000000000000000000000000000000000000000000000000000000000000000000000000000000000000000000000000000000000000000000000000000000000000000000000000000000000000000000000000000000000000000000000000000000000000000000000000000000000000000000000000000000000000000000000000000000000000000000000000000000000000000000000000000000000000000000000000000000000000000000000000000000000000000000000000000000000000000000000000000000000000000000000000000000000000000000000000000000000000000000000000000000000000000000000000000000000000000000000000000000000000000000000000000000000000000000000000000000000000000000000000000000000000000000000000000000000000000000000000000000000000000000000000000000000000000000000000000000000000000000000000000000000000000000000000000000000000000000000000000000000000000000000000000000000000000000000000000000000000000000000000000000000000000000000000,0000000000000000000000000000000000000000000000000000000000000000000000000000000000000000000000000000000000000000000000000000000000000000000000000000000000000000000000000000000000000000000000000000000000000000000000000000000000000000000000000000000000000000000000000000000000000000000000000000000000000000000000000000000000000000000000000000000000000000000000000000000000000000000000000000000000000000000000000000000000000000000000000000000000000000000000000000000000000000000000000000000000000000000000000000000000000000000000000000000000000000000000000000000000000000000000000000000000000000000000000000000000000000000000000000000000000000000000000000000000000000000000000000000000000000000000000000000000000000000000000000000000000000000000000000000000000000000000000000000000000000000000000000000000000000000000000000000000000000000000000000000000000000000000000000000000000000000000000000000000000000000000000000000000000000000000000000000000000000000000000000000000000000000000000000000000000000000000000000000000000000000000000000000000000000000000000000000000000000000000000000000000000000000000000000000000000000000000000000000000000000000000000000000000000000000000000000000000000000000000000000000000000000000000000000000000000000000000000000947494628c065f566d65616e944700000000000000008c075f565369676d61944700000000000000008c095f6574615f6d65616e94473ff00000000000008c0a5f6574615f5369676d6194473ff00000000000008c055f746f6c7894680b6811430816383daccc74473d94869452948c075f746f6c787570944740c38800000000008c075f746f6c66756e94473d719799812dea118c105f746f6c636f6e646974696f6e636f76944742d6bcc41e9000008c0d5f66756e686973745f7465726d944b2b8c0f5f66756e686973745f76616c75657394682f68314b008594683387945294284b014b56859468398942b00200001407cdf888834440660b9bf536b34440a0f1f988f48344400005635bea774640c60edda317844440d83ff559ea774640e078ae2dc9834440d8a5f05aea774640f238728f33864440e479865aea774640c056dd63f3804440dc78565bea7746400025072e5ec64440728cee09aee745407e5b77c2bde64440d8748de672444640302071352ee94440120d3f5aea7746408a55a55975d1444094468,acb223f4540846eb32b3bdb4440441913d44c6d4540903b9df2129c4440b8392c10f5454540dc125e4bd99d444058faff5aea774640cc9e3a029ab144408ee69595cf854540862ffb18bfa04440109d6e5dfea84540e261f0a0e2a4444068f26b22ca014540be98333e2bab4440ec10990389f1444086a3031cc7a44440c42f775c9df245405cb1856eeca24440c8b3beadc1f94540d2a6567059b144405c761e35d20c4540986fa557c5a24440d480f82a3ee14440e2b901e0848a4440b09fe848b1ff4440b6c7877bb0924440061fe1894ffa4440904fba85898c4440eed16240cbde4440ee93b5b888974440f4e2145cea77464090b84ec7b0954440aa3f135bea7746404c40497381824440ba2ef35aea774640c2d8bbc6ca824440ca6bcb5bea774640181fd92d5b8c4440e8bd4e5bea7746402eb779ab4a8d4440588ba25bea77464082ea3a26b08f44404859317546af4440401d7f4a4a874440b222c35bea774640163d1a3f068b44405466165bea774640726e6247d1884440008cf95aea774640f856697d558744409634776468af44403e09331784894440ecb55660374f4540a0e1a94143854440a62b275aea774640f062ea6784894440c2a4735bea774640b28f2702337d4440e64b9b65f7a64440160a8297bd8944409430195aea77464078c07bed588844406e7d1e5cea774640b80454cfb17f444054182c5bea77464042009a6c488144405056a65bea774640947494628c055f635f316494682f68314b008594683387945294284b014b4e85946811894270020000792f388ef350e63f06cc06b6f004c1bf8891060b85f7753f1225ecc0a625a2bf0c853ab498f4bfbf3774f6d83215abbf736d792958bdbe3f1f3629b7b78ab83feb2309668a4ab2bf045e89de44acad3f22fc8658930e883f2d1d94b3fed9b7bfc0900f13a466ef3f1db101f38416a6bf62b384744ee2bebf0ac3dc07bfb2bb3f1ec60944eabdc5bf0ee1e98ba901b9bf51779dbdf7f2aabf64093921c1dfca3ff9a973ceff71b3bf841546da17c0d43fde3ac2084df09f3fc9c814ea60f3e03f8114ff326db7c6bfc5284dd0c6b2cabf661f80c69fc89f3fea37c7a52acbccbf55d9e5207b41bf3fc84c3a100847c33f91e9b33b535d8fbfbe3fa54dbda8b3bfe5009b1fcb70b43f3115bde95ce9e33f9efe10771b31afbf27a4d7c73445d03fe8c8823288ebc03fff0526be4ac1b0bfdc9ad4d40d90d0bf7861451acee8af3fdec0ec171b6b86bf03bd491da39dc1bf647646b9fba3dc3fb1b9d7a9176d9a3fe5038941b185c03fdf06260f1a618abf07f232aca80daabffea0846f9ef7a03f1c7438cbd42a703f9ef9c4e3b54b6fbf58d8be14f2afe73f36dcd79784c3bf3f0682c6704157893fe0e5257ad686aebf5837d55e0593d13f0a4feeb879cbbcbf,eabced46abacc3bfad3bc8e6928ef13f17a21bd7c6eac8bf7a35647eac1cdabfd2c24600c73fbd3fd088df0f873c733f3d0094fc3ab97f3fb8cb3818894ce83fb2c5135c2a33d03fc38264c65b08a83ff6a36ec07769c8bf8eb3d49a99dec03f4a7cd17eb587f63f4a51a3635fadc7bf2a09cc3cc744b1bf42bbf8043ac3d13f13c0d54519d2ed3f8fbd1cb7d497bdbfea72f76a5f3dd5bf5b380f4f1b15f03f362eae7b8909b7bf84b2fb43584de93f9474946275622e,COMPLETE
882,882,44.9368394559083,2026-05-12 21:38:26.826715,2026-05-12 21:38:43.144288,0 days 00:00:16.317573,-36.540399348499065,51.499227342028966,25.211454098362672,40.916766038533225,63.95763778609402,66.34709217022358,-29.546808418423716,59.4695909183297,68.4170458091571,74.92424411145923,26.44167051341542,14.119023401559414,,48.0,,,,,,COMPLETE
883,883,41.064378649975225,2026-05-12 21:38:44.634274,2026-05-12 21:39:01.758673,0 days 00:00:17.124399,-34.91796261664609,47.33224321682551,24.590468394572213,43.3754117406224,62.280428457041545,63.87180114891325,-23.808872457989125,62.68976417187152,57.61896011689818,68.27774231353462,26.383643785960874,21.137303528428074,,48.0,,,,,,COMPLETE
884,884,41.36928565847617,2026-05-12 21:39:03.255333,2026-05-12 21:39:17.991676,0 days 00:00:14.736343,-36.04053759521111,54.34395270365074,21.729916965546657,47.31752861015787,59.02231794035884,66.36197114446298,-28.019249265445602,60.70370665456231,59.40943988916264,78.56157454052509,32.02303742558077,13.71430982597142,,48.0,,,,,,COMPLETE
885,885,41.049871486011995,2026-05-12 21:39:19.438753,2026-05-12 21:39:39.822024,0 days 00:00:20.383271,-34.46371744941293,45.257107679729046,24.26323118149829,46.47488148542112,62.15196186354386,69.68386344216731,-26.25614955027423,64.19428415274297,54.32654876841474,83.70398217908611,26.209018129569245,14.310091223296801,,48.0,,,,,,COMPLETE
886,886,140.0,2026-05-12 21:39:41.310161,2026-05-12 21:39:41.525955,0 days 00:00:00.215794,-39.67864815416847,51.84480558358289,23.491580625045323,44.47707191381268,62.22724949491825,69.98754626751445,-25.99592141002654,61.16471430340573,63.772384493493234,72.38071509392387,27.87906992969342,12.707774367553402,Unfeasible shape,48.0,,,,,,PRUNED
887,887,140.0,2026-05-12 21:39:41.759588,2026-05-12 21:39:42.053800,0 days 00:00:00.294212,-36.03975293351332,51.80890596500748,23.551209146158556,42.61403924812109,58.80195647679188,68.3790750052959,-28.9162980606068,59.59371974526354,65.38150373727913,75.86226941852193,27.202624919034143,14.951486457345547,Unfeasible shape,48.0,,,,,,PRUNED
888,888,41.07218764681795,2026-05-12 21:39:42.287657,2026-05-12 21:39:58.853823,0 days 00:00:16.566166,-36.541959624001315,48.77806887047348,27.44940159412559,43.724776360917765,60.92049050799052,62.694726005330025,-26.08374696120925,58.21066069755999,65.54589378109267,70.07508783144529,26.087995560298253,16.678115894915535,,48.0,,,,,,COMPLETE
889,889,41.14817268070567,2026-05-12 21:40:00.326488,2026-05-12 21:40:16.873071,0 days 00:00:16.546583,-35.34811414010272,55.58714278162159,27.021750818433517,42.14946150047149,59.421089776335634,65.58299294354657,-29.18312577104166,65.25306205954905,72.43335383995665,76.0635210538952,20.900614305227716,17.72981261223596,,48.0,,,,,,COMPLETE
890,890,41.12295739187158,2026-05-12 21:40:18.321765,2026-05-12 21:40:37.202518,0 days 00:00:18.880753,-36.95074184364462,50.983506575275314,27.19975288575506,40.19839669910951,60.388694471177594,65.39322975182141,-27.283914549651968,66.20464547768323,65.68444926293279,74.33895422266748,22.804051016179816,18.05741400239934,,48.0,,,,,,COMPLETE
891,891,44.936839531011245,2026-05-12 21:40:38.664755,2026-05-12 21:40:55.257202,0 days 00:00:16.592447,-37.991897672730424,46.01516911699708,27.46715579296236,45.39171530105888,62.15554621435833,65.44947541833805,-30.972389576151855,64.83348079057825,65.39275970917859,72.36331322628888,25.892101453558297,17.10308360136464,,48.0,,,,,,COMPLETE
892,892,140.0,2026-05-12 21:40:56.800911,2026-05-12 21:40:57.028061,0 days 00:00:00.227150,-35.13313221733095,56.74363993867722,27.981977582414707,40.15282079707317,64.34198440009935,66.95737062145045,-25.977995319755955,63.08801521582885,61.71165445264143,72.47637744064218,32.93430556357938,13.303122616839868,Unfeasible shape,48.0,,,,,,PRUNED
893,893,140.0,2026-05-12 21:40:57.264905,2026-05-12 21:40:57.570224,0 days 00:00:00.305319,-38.81619612075398,49.6997886318691,28.8097026465718,43.67787753327087,61.023832908760674,66.69730700259566,-29.7908286234383,63.4322550255922,69.27711680070954,73.8248229131638,21.248369846584495,18.780780428619888,Unfeasible shape,48.0,,,,,,PRUNED
894,894,41.11947074115311,2026-05-12 21:40:57.801144,2026-05-12 21:41:12.150878,0 days 00:00:14.349734,-38.38555629725741,45.22999677454396,29.9516353902489,41.59120809298665,58.59651214666054,65.21322370196344,-30.80922649416452,60.9193446429216,62.44275199999176,75.90679838505935,29.240927751141914,13.695614612004222,,48.0,,,,,,COMPLETE
895,895,41.09212486820189,2026-05-12 21:41:13.616834,2026-05-12 21:41:32.413004,0 days 00:00:18.796170,-36.884444440242774,50.468606950326546,28.374796232356974,45.57541335924183,59.02695797576246,66.90650976298826,-31.17667478814146,63.77615112809051,64.59173453285734,73.3372063216573,23.50931066305604,14.625816990795354,,48.0,,,,,,COMPLETE
