,number,value,datetime_start,datetime_complete,duration,params_highPt.rA2,params_highPt.rL1,params_highPt.rL2,params_highPt.rL3,params_highPt.x2,params_highPt.y2,params_lowPt.rA2,params_lowPt.rL1,params_lowPt.rL2,params_lowPt.rL3,params_lowPt.x2,params_lowPt.y2,user_attrs_prune,system_attrs_cma:generation,system_attrs_cma:optimizer:0,system_attrs_cma:optimizer:1,system_attrs_cma:optimizer:2,system_attrs_cma:optimizer:3,system_attrs_cma:optimizer:4,state
129,129,140.0,2026-05-12 19:19:58.675394,2026-05-12 19:19:58.903976,0 days 00:00:00.228582,-39.968839379462636,62.55022956945097,41.840899508681574,70.58615850014719,35.45137881044075,63.123142959677445,-45.56711904141284,70.33592040299838,68.58708262091818,72.7348650931913,43.5391317406236,12.035595145108282,Unfeasible shape,8.0,800495a6100000000000008c0a636d6165732e5f636d61948c03434d419493942981947d94288c065f6e5f64696d944b0c8c085f706f7073697a65944b0b8c035f6d75944b058c075f6d755f656666948c166e756d70792e5f636f72652e6d756c74696172726179948c067363616c61729493948c056e756d7079948c0564747970659493948c02663894898887945294284b038c013c944e4e4e4affffffff4affffffff4b007494624308e9e8100774510b4094869452948c035f636394680b681143083e6c7d43b18cd03f94869452948c035f633194680b681143089fc67c4e93b7863f94869452948c045f636d7594680b68114308b90fbeb98d89913f94869452948c085f635f7369676d6194680b681143088289198da8f9d03f94869452948c085f645f7369676d6194680b68114308606246236a3ef43f94869452948c035f636d944b018c065f6368695f6e9447400b25064571943c8c085f776569676874739468098c0c5f7265636f6e737472756374949394680c8c076e6461727261799493944b0085944301629487945294284b014b0b8594680e8c02663894898887945294284b0368124e4e4e4affffffff4affffffff4b00749462894358538e214ba67ddb3f2c5e47761ddbd03f4c60b4a91145c53f18b8b48552e2b83f8daa7d42f660a63f00000000000000009bd0b4761a8dc0bf5806fa0273e3cebff539783e76c4d5bfddd50bc2786cdbbf0820f98e2d45e0bf947494628c085f705f7369676d6194682f68314b008594683387945294284b014b0c859468118943607e31814eebd3d03ff09949453ebbebbfae9bf3389d05edbf321778c4c410f33f996d35b3e842d13f98da8819b34ad63f0a275a0e73b0d1bf7b9426c72e08f23f6cb8ad4a2a57e83f436fdd5433120040b1a5bb367131dbbf74b33f935006f4bf947494628c035f706394682f68314b008594683387945294284b014b0c85946811894360713069b0c80ed03f5f2df6ea5190ecbfe249c1760473e8bf92a662617fc1f13f66e306acec98cc3fc89278d98bbed83f4a22fb094e42d5bf30619bb1b4c6f03f7c3a080d264ae73feca7a1d0207b00407e55e1f02ae6debff80470f87b14f3bf947494628c055f6d65616e94682f68314b008594683387945294284b014b0c859468398943609833361dafabe83f2f9a26b47422dd3f71f2864e947ed63fba03594d7f66e23f4029bc1af369db3f10f518df7047e73f827cffcd85bfe23fe3f76ffe047fe83f4611dea4bb2be43fb4050b7b4a71e83f5b809855d766d23f4f4a1525a0f6d53f947494628c065f7369676d6194680b68114308578350740b03bd3f94869452948c025f44944e8c025f42944e8c075f626f756e647394682f68314b008594683387945294284b014b0c4b02869468398943c00,000000000000000000000000000f03f0000000000000000000000000000f03f0000000000000000000000000000f03f0000000000000000000000000000f03f0000000000000000000000000000f03f0000000000000000000000000000f03f0000000000000000000000000000f03f0000000000000000000000000000f03f0000000000000000000000000000f03f0000000000000000000000000000f03f0000000000000000000000000000f03f0000000000000000000000000000f03f947494628c115f6e5f6d61785f726573616d706c696e67944b788c025f67944b088c095f6c725f616461707494898c065f616c70686194473ff66666666666668c0a5f626574615f6d65616e94473fb999999999999a8c0b5f626574615f5369676d6194473f9eb851eb851eb88c065f67616d6d6194473fb999999999999a8c065f456d65616e94682f68314b008594683387945294284b014b0c4b0186946839894360000000000000000000000000000000000000000000000000000000000000000000000000000000000000000000000000000000000000000000000000000000000000000000000000000000000000000000000000000000000000000000000000947494628c075f455369676d6194682f68314b008594683387945294284b014b904b018694683989428004000000000000000000000000000000000000000000000000000000000000000000000000000000000000000000000000000000000000000000000000000000000000000000000000000000000000000000000000000000000000000000000000000000000000000000000000000000000000000000000000000000000000000000000000000000000000000000000000000000000000000000000000000000000000000000000000000000000000000000000000000000000000000000000000000000000000000000000000000000000000000000000000000000000000000000000000000000000000000000000000000000000000000000000000000000000000000000000000000000000000000000000000000000000000000000000000000000000000000000000000000000000000000000000000000000000000000000000000000000000000000000000000000000000000000000000000000000000000000000000000000000000000000000000000000000000000000000000000000000000000000000000000000000000000000000000000000000000000000000000000000000000000000000000000000000000000000000000000000000000000000000000000000000000000000000000000000000000000000000000000000000000000000000000000000000000000000000000000000000000000000000000000000000000000000000000000,0000000000000000000000000000000000000000000000000000000000000000000000000000000000000000000000000000000000000000000000000000000000000000000000000000000000000000000000000000000000000000000000000000000000000000000000000000000000000000000000000000000000000000000000000000000000000000000000000000000000000000000000000000000000000000000000000000000000000000000000000000000000000000000000000000000000000000000000000000000000000000000000000000000000000000000000000000000000000000000000000000000000000000000000000000000000000000000000000000000000000000000000000000000000000000000000000000000000000000000000000000000000000000000000000000000000000000000000000000000000000000000000000000000000000000000000000000000000000000000000000000000000000000000000000000000000000000000000000000000000000000000000000000000000000000000000000000000000000000000000000000000000000000000000000000000000000000000000000000000000000000000000000000000000000000000000000000000000000000000000000000000000000000000000000000000000000000000000000000000000000000000000000000000000000000000000000000000000000000000000000000000000000000000000000000000000000000000000000000000000000000000000000000000000000000000000000000000000000000000000000000000000000000000000000000000000000000000000000000947494628c065f566d65616e944700000000000000008c075f565369676d61944700000000000000008c095f6574615f6d65616e94473ff00000000000008c0a5f6574615f5369676d6194473ff00000000000008c055f746f6c7894680b6811430816383daccc74473d94869452948c075f746f6c787570944740c38800000000008c075f746f6c66756e94473d719799812dea118c105f746f6c636f6e646974696f6e636f76944742d6bcc41e9000008c0d5f66756e686973745f7465726d944b2b8c0f5f66756e686973745f76616c75657394682f68314b008594683387945294284b014b56859468398942b0020000010000000000000060dc6f62fd7f000086f09eed6c324540cc84085bea774640bcaa809ce0d44440707510f8e58c4640f60157ab10044540eefa3f03e01e4640b2a08e4a68d54440e2e86af73b90454086155937a6ed44402246245bea7746400025072e5ec64440728cee09aee745407e5b77c2bde64440d8748de672444640302071352ee94440120d3f5aea7746406861203a2061727261795,f6c696b650a20202020202020202020202054686520636f6e63656e74726174696f6e20706172616d65746572732e20546865206e756d626572206f6620656e747269657320616c6f6e6720746865206c61737420617869730a20202020202020202020202064657465726d696e6573207468652064696d656e73696f6e616c697479206f662074686520646973747269627574696f6e2e204561636820656e747279206d7573742062650a2020202020202020202020207374726963746c7920706f7369746976652e0a20202020202020206e203a20696e74206f722061727261795f6c696b650a202020202020202020202020546865206e756d626572206f6620747269616c732e204561636820656c656d656e74206d7573742062652061207374726963746c7920706f73697469766520696e74656765722e0a0a202020202020202052657475726e730a20202020202020202d2d2d2d2d2d2d0a20202020202020206f75743a206e6461727261790a2020202020202020202020204d65616e206f662061204469726963686c6574206d756c74696e6f6d69616c20646973747269627574696f6e2e0a0a2020202020202020e08c5b86d0010000a0955b86d001000030846086d001000050b05b86d001000040176086d0010000b0846086d001000030856086d001000060895b86d0010000b0856086d001000030866086d0010000d09e5b86d0010000b0006086d0010000947494628c055f635f316494682f68314b008594683387945294284b014b4e8594681189427002000069487819137cee3fd08962ff57aca53faed67ce7c1c6a43f7b8ff103142ba2bfb0db3b2f662a73bf09da690f83fba0bf72baaec2160ab83fc09a02d68080c23f883a12559aec92bf7de53d78fbddaebf272bbb7a036abdbfa856b33de2c1aebf06cd2a4877f7ec3ff0e40707cacc503f45761532403c9fbf16b02cbd253d9fbf20494484081196bf79387125b4c7b0bf77595d8f7ab2933f72d76490589ca7bf12aa233831d0b7bfb72cfe28a547a03fdde8ce2b17ceb63f7916be891f1eeb3f9ce5c08babdeb1bfbb0ea9c876f79b3f06476e438d19af3f141f899c1294613fba2880e41a8cb13fc8cac8fd875db13fe264e8de524b843f5e38ffaab498873f889df419a29b723fbb4678d3c582eb3f3fef54739ed9a9bf1601ef06d0a6993f933af8de358898bf41b6a907104e883fea9c0f743878893f69486441ccb0b63ff80ae3494a0b9c3f6f17ab6504ea92bf8f5529ac7399ee3f965babb1a6c6943f83aeb2cdbd11a93fb09a41fc690a9f3fe308ef46c5ff8ebfbd850d6619ffa33f4fee65c2f861a03f9425cac2d99789bff9066a42e558eb3f546874f3c7d4b03fbb212de995bba73f467b687aa546863f285de9703d95913f32abfec54619b7bf,a2a82016e154a6bf9e0ab7e46861ef3feb0372a8c8da9bbf26a6ca1974debabff233e419087eb0bf73ac8bcde0c7a3bf038d6afb9929983f156dbaab96eaee3fddf165ddb6a8843f2cfa63ba17a2aa3f66625c4f47c5b2bf031db52284a892bf394a07553aaef03f509afe6f5b529e3fad991ce29bf3a7bfebe189977ef0773f8250a88fd0e0f13f5138b379f7b4b6bf930666faf441abbf38306785cefbef3f90e848d787df913f91e3cac50f8feb3f9474946275622e,PRUNED
130,130,42.001962687738356,2026-05-12 19:19:59.037320,2026-05-12 19:20:13.541470,0 days 00:00:14.504150,-36.98805412295552,57.83139750337789,29.075010359779892,59.181649853827004,30.86143922142146,67.77697586599099,-42.69216877136881,82.01472851003656,66.26331234885956,80.06885569651523,22.535511876032647,30.75317519333356,,8.0,800495a6100000000000008c0a636d6165732e5f636d61948c03434d419493942981947d94288c065f6e5f64696d944b0c8c085f706f7073697a65944b0b8c035f6d75944b058c075f6d755f656666948c166e756d70792e5f636f72652e6d756c74696172726179948c067363616c61729493948c056e756d7079948c0564747970659493948c02663894898887945294284b038c013c944e4e4e4affffffff4affffffff4b007494624308e9e8100774510b4094869452948c035f636394680b681143083e6c7d43b18cd03f94869452948c035f633194680b681143089fc67c4e93b7863f94869452948c045f636d7594680b68114308b90fbeb98d89913f94869452948c085f635f7369676d6194680b681143088289198da8f9d03f94869452948c085f645f7369676d6194680b68114308606246236a3ef43f94869452948c035f636d944b018c065f6368695f6e9447400b25064571943c8c085f776569676874739468098c0c5f7265636f6e737472756374949394680c8c076e6461727261799493944b0085944301629487945294284b014b0b8594680e8c02663894898887945294284b0368124e4e4e4affffffff4affffffff4b00749462894358538e214ba67ddb3f2c5e47761ddbd03f4c60b4a91145c53f18b8b48552e2b83f8daa7d42f660a63f00000000000000009bd0b4761a8dc0bf5806fa0273e3cebff539783e76c4d5bfddd50bc2786cdbbf0820f98e2d45e0bf947494628c085f705f7369676d6194682f68314b008594683387945294284b014b0c859468118943607e31814eebd3d03ff09949453ebbebbfae9bf3389d05edbf321778c4c410f33f996d35b3e842d13f98da8819b34ad63f0a275a0e73b0d1bf7b9426c72e08f23f6cb8ad4a2a57e83f436fdd5433120040b1a5bb367131dbbf74b33f935006f4bf947494628c035f706394682f68314b008594683387945294284b014b0c85946811894360713069b0c80ed03f5f2df6ea5190ecbfe249c1760473e8bf92a662617fc1f13f66e306acec98cc3fc89278d98bbed83f4a22fb094e42d5bf30619bb1b4c6f03f7c3a080d264ae73feca7a1d0207b00407e55e1f02ae6debff80470f87b14f3bf947494628c055f6d65616e94682f68314b008594683387945294284b014b0c859468398943609833361dafabe83f2f9a26b47422dd3f71f2864e947ed63fba03594d7f66e23f4029bc1af369db3f10f518df7047e73f827cffcd85bfe23fe3f76ffe047fe83f4611dea4bb2be43fb4050b7b4a71e83f5b809855d766d23f4f4a1525a0f6d53f947494628c065f7369676d6194680b68114308578350740b03bd3f94869452948c025f44944e8c025f42944e8c075f626f756e647394682f68314b008594683387945294284b014b0c4b02869468398943c00,000000000000000000000000000f03f0000000000000000000000000000f03f0000000000000000000000000000f03f0000000000000000000000000000f03f0000000000000000000000000000f03f0000000000000000000000000000f03f0000000000000000000000000000f03f0000000000000000000000000000f03f0000000000000000000000000000f03f0000000000000000000000000000f03f0000000000000000000000000000f03f0000000000000000000000000000f03f947494628c115f6e5f6d61785f726573616d706c696e67944b788c025f67944b088c095f6c725f616461707494898c065f616c70686194473ff66666666666668c0a5f626574615f6d65616e94473fb999999999999a8c0b5f626574615f5369676d6194473f9eb851eb851eb88c065f67616d6d6194473fb999999999999a8c065f456d65616e94682f68314b008594683387945294284b014b0c4b0186946839894360000000000000000000000000000000000000000000000000000000000000000000000000000000000000000000000000000000000000000000000000000000000000000000000000000000000000000000000000000000000000000000000000947494628c075f455369676d6194682f68314b008594683387945294284b014b904b018694683989428004000000000000000000000000000000000000000000000000000000000000000000000000000000000000000000000000000000000000000000000000000000000000000000000000000000000000000000000000000000000000000000000000000000000000000000000000000000000000000000000000000000000000000000000000000000000000000000000000000000000000000000000000000000000000000000000000000000000000000000000000000000000000000000000000000000000000000000000000000000000000000000000000000000000000000000000000000000000000000000000000000000000000000000000000000000000000000000000000000000000000000000000000000000000000000000000000000000000000000000000000000000000000000000000000000000000000000000000000000000000000000000000000000000000000000000000000000000000000000000000000000000000000000000000000000000000000000000000000000000000000000000000000000000000000000000000000000000000000000000000000000000000000000000000000000000000000000000000000000000000000000000000000000000000000000000000000000000000000000000000000000000000000000000000000000000000000000000000000000000000000000000000000000000000000000000000000,0000000000000000000000000000000000000000000000000000000000000000000000000000000000000000000000000000000000000000000000000000000000000000000000000000000000000000000000000000000000000000000000000000000000000000000000000000000000000000000000000000000000000000000000000000000000000000000000000000000000000000000000000000000000000000000000000000000000000000000000000000000000000000000000000000000000000000000000000000000000000000000000000000000000000000000000000000000000000000000000000000000000000000000000000000000000000000000000000000000000000000000000000000000000000000000000000000000000000000000000000000000000000000000000000000000000000000000000000000000000000000000000000000000000000000000000000000000000000000000000000000000000000000000000000000000000000000000000000000000000000000000000000000000000000000000000000000000000000000000000000000000000000000000000000000000000000000000000000000000000000000000000000000000000000000000000000000000000000000000000000000000000000000000000000000000000000000000000000000000000000000000000000000000000000000000000000000000000000000000000000000000000000000000000000000000000000000000000000000000000000000000000000000000000000000000000000000000000000000000000000000000000000000000000000000000000000000000000000000947494628c065f566d65616e944700000000000000008c075f565369676d61944700000000000000008c095f6574615f6d65616e94473ff00000000000008c0a5f6574615f5369676d6194473ff00000000000008c055f746f6c7894680b6811430816383daccc74473d94869452948c075f746f6c787570944740c38800000000008c075f746f6c66756e94473d719799812dea118c105f746f6c636f6e646974696f6e636f76944742d6bcc41e9000008c0d5f66756e686973745f7465726d944b2b8c0f5f66756e686973745f76616c75657394682f68314b008594683387945294284b014b56859468398942b0020000010000000000000060dc6f62fd7f000086f09eed6c324540cc84085bea774640bcaa809ce0d44440707510f8e58c4640f60157ab10044540eefa3f03e01e4640b2a08e4a68d54440e2e86af73b90454086155937a6ed44402246245bea7746400025072e5ec64440728cee09aee745407e5b77c2bde64440d8748de672444640302071352ee94440120d3f5aea7746406861203a2061727261795,f6c696b650a20202020202020202020202054686520636f6e63656e74726174696f6e20706172616d65746572732e20546865206e756d626572206f6620656e747269657320616c6f6e6720746865206c61737420617869730a20202020202020202020202064657465726d696e6573207468652064696d656e73696f6e616c697479206f662074686520646973747269627574696f6e2e204561636820656e747279206d7573742062650a2020202020202020202020207374726963746c7920706f7369746976652e0a20202020202020206e203a20696e74206f722061727261795f6c696b650a202020202020202020202020546865206e756d626572206f6620747269616c732e204561636820656c656d656e74206d7573742062652061207374726963746c7920706f73697469766520696e74656765722e0a0a202020202020202052657475726e730a20202020202020202d2d2d2d2d2d2d0a20202020202020206f75743a206e6461727261790a2020202020202020202020204d65616e206f662061204469726963686c6574206d756c74696e6f6d69616c20646973747269627574696f6e2e0a0a2020202020202020e08c5b86d0010000a0955b86d001000030846086d001000050b05b86d001000040176086d0010000b0846086d001000030856086d001000060895b86d0010000b0856086d001000030866086d0010000d09e5b86d0010000b0006086d0010000947494628c055f635f316494682f68314b008594683387945294284b014b4e8594681189427002000069487819137cee3fd08962ff57aca53faed67ce7c1c6a43f7b8ff103142ba2bfb0db3b2f662a73bf09da690f83fba0bf72baaec2160ab83fc09a02d68080c23f883a12559aec92bf7de53d78fbddaebf272bbb7a036abdbfa856b33de2c1aebf06cd2a4877f7ec3ff0e40707cacc503f45761532403c9fbf16b02cbd253d9fbf20494484081196bf79387125b4c7b0bf77595d8f7ab2933f72d76490589ca7bf12aa233831d0b7bfb72cfe28a547a03fdde8ce2b17ceb63f7916be891f1eeb3f9ce5c08babdeb1bfbb0ea9c876f79b3f06476e438d19af3f141f899c1294613fba2880e41a8cb13fc8cac8fd875db13fe264e8de524b843f5e38ffaab498873f889df419a29b723fbb4678d3c582eb3f3fef54739ed9a9bf1601ef06d0a6993f933af8de358898bf41b6a907104e883fea9c0f743878893f69486441ccb0b63ff80ae3494a0b9c3f6f17ab6504ea92bf8f5529ac7399ee3f965babb1a6c6943f83aeb2cdbd11a93fb09a41fc690a9f3fe308ef46c5ff8ebfbd850d6619ffa33f4fee65c2f861a03f9425cac2d99789bff9066a42e558eb3f546874f3c7d4b03fbb212de995bba73f467b687aa546863f285de9703d95913f32abfec54619b7bf,a2a82016e154a6bf9e0ab7e46861ef3feb0372a8c8da9bbf26a6ca1974debabff233e419087eb0bf73ac8bcde0c7a3bf038d6afb9929983f156dbaab96eaee3fddf165ddb6a8843f2cfa63ba17a2aa3f66625c4f47c5b2bf031db52284a892bf394a07553aaef03f509afe6f5b529e3fad991ce29bf3a7bfebe189977ef0773f8250a88fd0e0f13f5138b379f7b4b6bf930666faf441abbf38306785cefbef3f90e848d787df913f91e3cac50f8feb3f9474946275622e,COMPLETE
131,131,42.00242517419254,2026-05-12 19:20:14.894370,2026-05-12 19:20:29.575302,0 days 00:00:14.680932,-40.26314156467958,55.45144934815385,35.123258865597265,49.88372910504471,34.26412589483049,62.200237497151974,-39.37276527745022,70.82207672474877,76.98939746929723,73.17483158644103,12.913574326852743,33.76336588902352,,8.0,,,,,,COMPLETE
132,132,42.03738351113097,2026-05-12 19:20:30.993102,2026-05-12 19:20:45.399575,0 days 00:00:14.406473,-32.74087503726923,79.06180345571843,39.88878513987878,49.78163306585592,30.2999246961569,50.05822917900013,-36.69624004439368,82.88054263911128,54.32663986159998,72.90136591250901,21.111632882197725,31.011889205669398,,8.0,,,,,,COMPLETE
133,133,140.0,2026-05-12 19:20:46.654937,2026-05-12 19:20:46.903522,0 days 00:00:00.248585,-22.705125686358308,60.56180993565796,50.61240406200125,72.36739660727778,39.933106881287415,51.57936394386149,-40.997414652314404,95.60572906802152,53.527054541398456,83.23083341231819,5.723235207047135,17.40876722152575,Unfeasible shape,8.0,,,,,,PRUNED
134,134,140.0,2026-05-12 19:20:47.045079,2026-05-12 19:20:47.298705,0 days 00:00:00.253626,-29.453220074979193,31.459501881478527,54.25213790358452,56.99900269796659,43.435820654840704,47.358066024353604,-33.90731807548753,88.6138528231725,68.22777236837489,73.19382498079977,11.68595565639404,39.22163727690344,Unfeasible shape,8.0,,,,,,PRUNED
135,135,140.0,2026-05-12 19:20:47.437295,2026-05-12 19:20:47.708025,0 days 00:00:00.270730,-25.680865496972253,44.63326526209111,39.37046222481966,76.4312395308749,28.437662174244906,68.3961815594139,-36.003188306920855,89.35772252690296,53.44219138434464,72.66066369190249,26.920372487095392,16.17426929996922,Unfeasible shape,8.0,,,,,,PRUNED
136,136,41.814717267856935,2026-05-12 19:20:47.860564,2026-05-12 19:21:04.613853,0 days 00:00:16.753289,-32.84824909938923,65.66008717644837,43.50430378832744,55.23981077664571,24.332493668990463,62.99458985188176,-42.695729395553705,72.77113729651222,62.33122774207652,77.85100551731277,20.14902150871417,25.481545737530162,,8.0,,,,,,COMPLETE
137,137,42.13349549462201,2026-05-12 19:21:05.879447,2026-05-12 19:21:22.101032,0 days 00:00:16.221585,-34.09438148745625,51.57008032045334,45.59153880762034,55.98258127160633,20.321970436798242,58.4297481640036,-39.31333095480119,78.69938827282448,77.50151560941224,75.39058382489864,24.268669769117658,19.187234042808264,,8.0,,,,,,COMPLETE
138,138,41.82029058992342,2026-05-12 19:21:23.536524,2026-05-12 19:21:38.082545,0 days 00:00:14.546021,-31.992831788749285,42.954161653077534,52.082701247436134,62.27959632028615,23.651980490882178,59.60263946376821,-39.47075158872087,66.40482613382113,69.41998258437329,69.45144902990913,33.460288996225486,35.133965848571016,,8.0,,,,,,COMPLETE
139,139,42.221283439498606,2026-05-12 19:21:39.526629,2026-05-12 19:21:55.945322,0 days 00:00:16.418693,-32.64994174320024,54.98521315084398,31.94689590109423,48.54500725714737,28.345715730452824,47.937160514763896,-38.58454523039222,60.87436852394802,67.02497392852703,85.03132587464722,9.30298125232138,29.20576234479042,,8.0,,,,,,COMPLETE
140,140,41.6363937432571,2026-05-12 19:21:57.195990,2026-05-12 19:22:11.745555,0 days 00:00:14.549565,-42.48633825725793,40.49291047036948,32.80644776989804,61.748512581529624,46.734662604985516,66.53589781396377,-59.710658987764894,68.72270240299629,67.17255626827583,88.21598801775082,26.10318435786015,20.959520394550825,,8.0,,,,,,COMPLETE
