,number,value,datetime_start,datetime_complete,duration,params_highPt.rA2,params_highPt.rL1,params_highPt.rL2,params_highPt.rL3,params_highPt.x2,params_highPt.y2,params_lowPt.rA2,params_lowPt.rL1,params_lowPt.rL2,params_lowPt.rL3,params_lowPt.x2,params_lowPt.y2,user_attrs_prune,system_attrs_cma:generation,system_attrs_cma:optimizer:0,system_attrs_cma:optimizer:1,system_attrs_cma:optimizer:2,system_attrs_cma:optimizer:3,system_attrs_cma:optimizer:4,state
630,630,140.0,2026-05-12 20:51:16.480845,2026-05-12 20:51:16.755074,0 days 00:00:00.274229,-30.046405286050472,38.76026228191142,25.785389075280367,57.88573731864615,60.779718342376135,68.92450572230479,-23.7069279187547,63.358048468966096,49.39803775961327,75.6882583151265,21.583828494549774,14.389295649696152,Unfeasible shape,35.0,800495a6100000000000008c0a636d6165732e5f636d61948c03434d419493942981947d94288c065f6e5f64696d944b0c8c085f706f7073697a65944b0b8c035f6d75944b058c075f6d755f656666948c166e756d70792e5f636f72652e6d756c74696172726179948c067363616c61729493948c056e756d7079948c0564747970659493948c02663894898887945294284b038c013c944e4e4e4affffffff4affffffff4b007494624308e9e8100774510b4094869452948c035f636394680b681143083e6c7d43b18cd03f94869452948c035f633194680b681143089fc67c4e93b7863f94869452948c045f636d7594680b68114308b90fbeb98d89913f94869452948c085f635f7369676d6194680b681143088289198da8f9d03f94869452948c085f645f7369676d6194680b68114308606246236a3ef43f94869452948c035f636d944b018c065f6368695f6e9447400b25064571943c8c085f776569676874739468098c0c5f7265636f6e737472756374949394680c8c076e6461727261799493944b0085944301629487945294284b014b0b8594680e8c02663894898887945294284b0368124e4e4e4affffffff4affffffff4b00749462894358538e214ba67ddb3f2c5e47761ddbd03f4c60b4a91145c53f18b8b48552e2b83f8daa7d42f660a63f00000000000000009bd0b4761a8dc0bf5806fa0273e3cebff539783e76c4d5bfddd50bc2786cdbbf0820f98e2d45e0bf947494628c085f705f7369676d6194682f68314b008594683387945294284b014b0c859468118943607841f2435025c3bfbc8b6018dd16d6bfb08d322c41aca2bf34fefd447278ee3f4e45f920cba3dd3f9c32501d71e0e5bf0a40545fece3e63f8fbebced5278de3fd3cfc58e091de23f3cf2ec0ea3bbe6bf270e2e440c70f0bfa196dbfddf04f33f947494628c035f706394682f68314b008594683387945294284b014b0c85946811894360167cbba99e3abbbffc4072e7c964d5bfb0ec98d00601c7bf1af55781a0e7e13fd40e6a3376eec23ff91409ac73e4dabfc1c27ce6debee33f9ec4de4de848df3fdc6e54b376a3e33fc52805b27929e9bfd0a1a31c12cfefbf3f44454151abf23f947494628c055f6d65616e94682f68314b008594683387945294284b014b0c85946839894360029a75532b99e83f781354504e8dd63fffbba06c4c48c43f34a7370115eedf3f0192638dfd95e93fe5ec4fe4ce2fee3f57151ff7214bed3f0d9755d02f75e23fbbbaebf64dbcdd3ffe194d2c67f0e83f33c8dd3f8c7ad33f7c741e3c8cb0c63f947494628c065f7369676d6194680b68114308862540600600a43f94869452948c025f44944e8c025f42944e8c075f626f756e647394682f68314b008594683387945294284b014b0c4b02869468398943c00,000000000000000000000000000f03f0000000000000000000000000000f03f0000000000000000000000000000f03f0000000000000000000000000000f03f0000000000000000000000000000f03f0000000000000000000000000000f03f0000000000000000000000000000f03f0000000000000000000000000000f03f0000000000000000000000000000f03f0000000000000000000000000000f03f0000000000000000000000000000f03f0000000000000000000000000000f03f947494628c115f6e5f6d61785f726573616d706c696e67944b788c025f67944b238c095f6c725f616461707494898c065f616c70686194473ff66666666666668c0a5f626574615f6d65616e94473fb999999999999a8c0b5f626574615f5369676d6194473f9eb851eb851eb88c065f67616d6d6194473fb999999999999a8c065f456d65616e94682f68314b008594683387945294284b014b0c4b0186946839894360000000000000000000000000000000000000000000000000000000000000000000000000000000000000000000000000000000000000000000000000000000000000000000000000000000000000000000000000000000000000000000000000947494628c075f455369676d6194682f68314b008594683387945294284b014b904b018694683989428004000000000000000000000000000000000000000000000000000000000000000000000000000000000000000000000000000000000000000000000000000000000000000000000000000000000000000000000000000000000000000000000000000000000000000000000000000000000000000000000000000000000000000000000000000000000000000000000000000000000000000000000000000000000000000000000000000000000000000000000000000000000000000000000000000000000000000000000000000000000000000000000000000000000000000000000000000000000000000000000000000000000000000000000000000000000000000000000000000000000000000000000000000000000000000000000000000000000000000000000000000000000000000000000000000000000000000000000000000000000000000000000000000000000000000000000000000000000000000000000000000000000000000000000000000000000000000000000000000000000000000000000000000000000000000000000000000000000000000000000000000000000000000000000000000000000000000000000000000000000000000000000000000000000000000000000000000000000000000000000000000000000000000000000000000000000000000000000000000000000000000000000000000000000000000000000000,0000000000000000000000000000000000000000000000000000000000000000000000000000000000000000000000000000000000000000000000000000000000000000000000000000000000000000000000000000000000000000000000000000000000000000000000000000000000000000000000000000000000000000000000000000000000000000000000000000000000000000000000000000000000000000000000000000000000000000000000000000000000000000000000000000000000000000000000000000000000000000000000000000000000000000000000000000000000000000000000000000000000000000000000000000000000000000000000000000000000000000000000000000000000000000000000000000000000000000000000000000000000000000000000000000000000000000000000000000000000000000000000000000000000000000000000000000000000000000000000000000000000000000000000000000000000000000000000000000000000000000000000000000000000000000000000000000000000000000000000000000000000000000000000000000000000000000000000000000000000000000000000000000000000000000000000000000000000000000000000000000000000000000000000000000000000000000000000000000000000000000000000000000000000000000000000000000000000000000000000000000000000000000000000000000000000000000000000000000000000000000000000000000000000000000000000000000000000000000000000000000000000000000000000000000000000000000000000000000947494628c065f566d65616e944700000000000000008c075f565369676d61944700000000000000008c095f6574615f6d65616e94473ff00000000000008c0a5f6574615f5369676d6194473ff00000000000008c055f746f6c7894680b6811430816383daccc74473d94869452948c075f746f6c787570944740c38800000000008c075f746f6c66756e94473d719799812dea118c105f746f6c636f6e646974696f6e636f76944742d6bcc41e9000008c0d5f66756e686973745f7465726d944b2b8c0f5f66756e686973745f76616c75657394682f68314b008594683387945294284b014b56859468398942b0020000010000000000000060dc6f62fd7f000086f09eed6c324540cc84085bea774640bcaa809ce0d44440707510f8e58c4640f60157ab10044540eefa3f03e01e4640b2a08e4a68d54440e2e86af73b90454086155937a6ed44402246245bea7746400025072e5ec64440728cee09aee745407e5b77c2bde64440d8748de672444640302071352ee94440120d3f5aea7746408a55a55975d1444094468,acb223f4540846eb32b3bdb4440441913d44c6d4540903b9df2129c4440b8392c10f5454540dc125e4bd99d444058faff5aea774640cc9e3a029ab144408ee69595cf854540862ffb18bfa04440109d6e5dfea84540e261f0a0e2a4444068f26b22ca014540be98333e2bab4440ec10990389f1444086a3031cc7a44440c42f775c9df245405cb1856eeca24440c8b3beadc1f94540d2a6567059b144405c761e35d20c4540986fa557c5a24440d480f82a3ee14440e2b901e0848a4440b09fe848b1ff4440b6c7877bb0924440061fe1894ffa4440904fba85898c4440eed16240cbde4440ee93b5b888974440f4e2145cea77464090b84ec7b0954440aa3f135bea7746404c40497381824440ba2ef35aea774640c2d8bbc6ca824440ca6bcb5bea774640181fd92d5b8c4440e8bd4e5bea7746402eb779ab4a8d4440588ba25bea77464082ea3a26b08f44404859317546af4440401d7f4a4a874440b222c35bea774640163d1a3f068b44405466165bea774640726e6247d1884440008cf95aea774640f856697d558744409634776468af44403e09331784894440ecb55660374f45407574696f6e2e0a0a2020202020202020e08c5b86d0010000a0955b86d001000030846086d001000050b05b86d001000040176086d0010000b0846086d001000030856086d001000060895b86d0010000b0856086d001000030866086d0010000d09e5b86d0010000b0006086d0010000947494628c055f635f316494682f68314b008594683387945294284b014b4e859468118942700200006be0a37e9a90eb3f66835edd5344843fd22d18d57494973f38423b9cacada0bf5ec3517dc1a9c0bf9ce173ac64ffbabf1c43d890e468c83f15f7432bbeb3b63fb895eb6032f3823f1233ff2d10f9a7bf668f143ca23ca33f9e4571dc702895bf75c46ba472c3e73f6c3dee57f10ea13f1a85c4ad6ac2673f583a2743b05b51bfdceedadf5f66bbbfeeab6300916fb3bfce56bf5d874791bff639aee71fe38f3fa07ea035dd7ab33f301de60fd680ba3f9e2ad47798667b3f97d9fbfa6adee53fcba8a723c0ecc2bfbbe72194f5bdc9bf65db98b6fd889f3f5e16be87f6a1c2bfdd000b014a08ba3feabd4a9d5f2ab13f3ae1da98e574a3bf2bed0b7564e19e3f2af87b843a42ad3f71faaf515286e13f23b602041aafb5bf52ca7086a87cbd3f537f9c7295df9b3fc4219844259993bf509baaa7970994bf1c702fa2d434a8bfee063ae3a84fa1bf5c0d23fe5d92acbfde2845fba1cde23f67e596845b77b43f7575fd6366aabe3f0c82819ac2e9a4bf2851c23b8139b3bf07534fe46166c03fa09c316e6965413fd5012174a445b2bf42b4fefa24fee73f8be566314491a73f83310c58bc14a33f097e914b40d6b43f399fbb1d0cacbf3f76c8d47dd07dbcbf,dbff080ed15cb5bf8c7996e3e354f23f1f668ce20d56b7bf3cd415d4fa27c6bf99398c2f6f63c13f98e82fafbeafac3f4afcc60b0891b43facff4eea3515e73f1aff30fec1c9b73fce1504746bba823fb3737eb81a25c0bfd8ef20fbd483c03f47879177b7d0ec3f02c5fff60f3bbfbf7dbfbb592239c2bf504dad455536bf3fba4c8e12aef6ed3f8cf3bbfec51bafbffc08438dbdafccbff684fcf76147ed3ffacbb4fb0ae4a5bfd226aa499b17e83f9474946275622e,PRUNED
631,631,41.184133949273104,2026-05-12 20:51:16.973926,2026-05-12 20:51:34.484057,0 days 00:00:17.510131,-35.197083180251454,43.31381959948929,23.88841266404542,52.06133428801434,59.15913322156178,70.5138712894571,-27.21450234842333,64.28963846335671,51.75095151047125,79.09413074544624,24.361673063156054,15.447705078814572,,35.0,800495a6100000000000008c0a636d6165732e5f636d61948c03434d419493942981947d94288c065f6e5f64696d944b0c8c085f706f7073697a65944b0b8c035f6d75944b058c075f6d755f656666948c166e756d70792e5f636f72652e6d756c74696172726179948c067363616c61729493948c056e756d7079948c0564747970659493948c02663894898887945294284b038c013c944e4e4e4affffffff4affffffff4b007494624308e9e8100774510b4094869452948c035f636394680b681143083e6c7d43b18cd03f94869452948c035f633194680b681143089fc67c4e93b7863f94869452948c045f636d7594680b68114308b90fbeb98d89913f94869452948c085f635f7369676d6194680b681143088289198da8f9d03f94869452948c085f645f7369676d6194680b68114308606246236a3ef43f94869452948c035f636d944b018c065f6368695f6e9447400b25064571943c8c085f776569676874739468098c0c5f7265636f6e737472756374949394680c8c076e6461727261799493944b0085944301629487945294284b014b0b8594680e8c02663894898887945294284b0368124e4e4e4affffffff4affffffff4b00749462894358538e214ba67ddb3f2c5e47761ddbd03f4c60b4a91145c53f18b8b48552e2b83f8daa7d42f660a63f00000000000000009bd0b4761a8dc0bf5806fa0273e3cebff539783e76c4d5bfddd50bc2786cdbbf0820f98e2d45e0bf947494628c085f705f7369676d6194682f68314b008594683387945294284b014b0c859468118943607841f2435025c3bfbc8b6018dd16d6bfb08d322c41aca2bf34fefd447278ee3f4e45f920cba3dd3f9c32501d71e0e5bf0a40545fece3e63f8fbebced5278de3fd3cfc58e091de23f3cf2ec0ea3bbe6bf270e2e440c70f0bfa196dbfddf04f33f947494628c035f706394682f68314b008594683387945294284b014b0c85946811894360167cbba99e3abbbffc4072e7c964d5bfb0ec98d00601c7bf1af55781a0e7e13fd40e6a3376eec23ff91409ac73e4dabfc1c27ce6debee33f9ec4de4de848df3fdc6e54b376a3e33fc52805b27929e9bfd0a1a31c12cfefbf3f44454151abf23f947494628c055f6d65616e94682f68314b008594683387945294284b014b0c85946839894360029a75532b99e83f781354504e8dd63fffbba06c4c48c43f34a7370115eedf3f0192638dfd95e93fe5ec4fe4ce2fee3f57151ff7214bed3f0d9755d02f75e23fbbbaebf64dbcdd3ffe194d2c67f0e83f33c8dd3f8c7ad33f7c741e3c8cb0c63f947494628c065f7369676d6194680b68114308862540600600a43f94869452948c025f44944e8c025f42944e8c075f626f756e647394682f68314b008594683387945294284b014b0c4b02869468398943c00,000000000000000000000000000f03f0000000000000000000000000000f03f0000000000000000000000000000f03f0000000000000000000000000000f03f0000000000000000000000000000f03f0000000000000000000000000000f03f0000000000000000000000000000f03f0000000000000000000000000000f03f0000000000000000000000000000f03f0000000000000000000000000000f03f0000000000000000000000000000f03f0000000000000000000000000000f03f947494628c115f6e5f6d61785f726573616d706c696e67944b788c025f67944b238c095f6c725f616461707494898c065f616c70686194473ff66666666666668c0a5f626574615f6d65616e94473fb999999999999a8c0b5f626574615f5369676d6194473f9eb851eb851eb88c065f67616d6d6194473fb999999999999a8c065f456d65616e94682f68314b008594683387945294284b014b0c4b0186946839894360000000000000000000000000000000000000000000000000000000000000000000000000000000000000000000000000000000000000000000000000000000000000000000000000000000000000000000000000000000000000000000000000947494628c075f455369676d6194682f68314b008594683387945294284b014b904b018694683989428004000000000000000000000000000000000000000000000000000000000000000000000000000000000000000000000000000000000000000000000000000000000000000000000000000000000000000000000000000000000000000000000000000000000000000000000000000000000000000000000000000000000000000000000000000000000000000000000000000000000000000000000000000000000000000000000000000000000000000000000000000000000000000000000000000000000000000000000000000000000000000000000000000000000000000000000000000000000000000000000000000000000000000000000000000000000000000000000000000000000000000000000000000000000000000000000000000000000000000000000000000000000000000000000000000000000000000000000000000000000000000000000000000000000000000000000000000000000000000000000000000000000000000000000000000000000000000000000000000000000000000000000000000000000000000000000000000000000000000000000000000000000000000000000000000000000000000000000000000000000000000000000000000000000000000000000000000000000000000000000000000000000000000000000000000000000000000000000000000000000000000000000000000000000000000000000000,0000000000000000000000000000000000000000000000000000000000000000000000000000000000000000000000000000000000000000000000000000000000000000000000000000000000000000000000000000000000000000000000000000000000000000000000000000000000000000000000000000000000000000000000000000000000000000000000000000000000000000000000000000000000000000000000000000000000000000000000000000000000000000000000000000000000000000000000000000000000000000000000000000000000000000000000000000000000000000000000000000000000000000000000000000000000000000000000000000000000000000000000000000000000000000000000000000000000000000000000000000000000000000000000000000000000000000000000000000000000000000000000000000000000000000000000000000000000000000000000000000000000000000000000000000000000000000000000000000000000000000000000000000000000000000000000000000000000000000000000000000000000000000000000000000000000000000000000000000000000000000000000000000000000000000000000000000000000000000000000000000000000000000000000000000000000000000000000000000000000000000000000000000000000000000000000000000000000000000000000000000000000000000000000000000000000000000000000000000000000000000000000000000000000000000000000000000000000000000000000000000000000000000000000000000000000000000000000000000947494628c065f566d65616e944700000000000000008c075f565369676d61944700000000000000008c095f6574615f6d65616e94473ff00000000000008c0a5f6574615f5369676d6194473ff00000000000008c055f746f6c7894680b6811430816383daccc74473d94869452948c075f746f6c787570944740c38800000000008c075f746f6c66756e94473d719799812dea118c105f746f6c636f6e646974696f6e636f76944742d6bcc41e9000008c0d5f66756e686973745f7465726d944b2b8c0f5f66756e686973745f76616c75657394682f68314b008594683387945294284b014b56859468398942b0020000010000000000000060dc6f62fd7f000086f09eed6c324540cc84085bea774640bcaa809ce0d44440707510f8e58c4640f60157ab10044540eefa3f03e01e4640b2a08e4a68d54440e2e86af73b90454086155937a6ed44402246245bea7746400025072e5ec64440728cee09aee745407e5b77c2bde64440d8748de672444640302071352ee94440120d3f5aea7746408a55a55975d1444094468,acb223f4540846eb32b3bdb4440441913d44c6d4540903b9df2129c4440b8392c10f5454540dc125e4bd99d444058faff5aea774640cc9e3a029ab144408ee69595cf854540862ffb18bfa04440109d6e5dfea84540e261f0a0e2a4444068f26b22ca014540be98333e2bab4440ec10990389f1444086a3031cc7a44440c42f775c9df245405cb1856eeca24440c8b3beadc1f94540d2a6567059b144405c761e35d20c4540986fa557c5a24440d480f82a3ee14440e2b901e0848a4440b09fe848b1ff4440b6c7877bb0924440061fe1894ffa4440904fba85898c4440eed16240cbde4440ee93b5b888974440f4e2145cea77464090b84ec7b0954440aa3f135bea7746404c40497381824440ba2ef35aea774640c2d8bbc6ca824440ca6bcb5bea774640181fd92d5b8c4440e8bd4e5bea7746402eb779ab4a8d4440588ba25bea77464082ea3a26b08f44404859317546af4440401d7f4a4a874440b222c35bea774640163d1a3f068b44405466165bea774640726e6247d1884440008cf95aea774640f856697d558744409634776468af44403e09331784894440ecb55660374f45407574696f6e2e0a0a2020202020202020e08c5b86d0010000a0955b86d001000030846086d001000050b05b86d001000040176086d0010000b0846086d001000030856086d001000060895b86d0010000b0856086d001000030866086d0010000d09e5b86d0010000b0006086d0010000947494628c055f635f316494682f68314b008594683387945294284b014b4e859468118942700200006be0a37e9a90eb3f66835edd5344843fd22d18d57494973f38423b9cacada0bf5ec3517dc1a9c0bf9ce173ac64ffbabf1c43d890e468c83f15f7432bbeb3b63fb895eb6032f3823f1233ff2d10f9a7bf668f143ca23ca33f9e4571dc702895bf75c46ba472c3e73f6c3dee57f10ea13f1a85c4ad6ac2673f583a2743b05b51bfdceedadf5f66bbbfeeab6300916fb3bfce56bf5d874791bff639aee71fe38f3fa07ea035dd7ab33f301de60fd680ba3f9e2ad47798667b3f97d9fbfa6adee53fcba8a723c0ecc2bfbbe72194f5bdc9bf65db98b6fd889f3f5e16be87f6a1c2bfdd000b014a08ba3feabd4a9d5f2ab13f3ae1da98e574a3bf2bed0b7564e19e3f2af87b843a42ad3f71faaf515286e13f23b602041aafb5bf52ca7086a87cbd3f537f9c7295df9b3fc4219844259993bf509baaa7970994bf1c702fa2d434a8bfee063ae3a84fa1bf5c0d23fe5d92acbfde2845fba1cde23f67e596845b77b43f7575fd6366aabe3f0c82819ac2e9a4bf2851c23b8139b3bf07534fe46166c03fa09c316e6965413fd5012174a445b2bf42b4fefa24fee73f8be566314491a73f83310c58bc14a33f097e914b40d6b43f399fbb1d0cacbf3f76c8d47dd07dbcbf,dbff080ed15cb5bf8c7996e3e354f23f1f668ce20d56b7bf3cd415d4fa27c6bf99398c2f6f63c13f98e82fafbeafac3f4afcc60b0891b43facff4eea3515e73f1aff30fec1c9b73fce1504746bba823fb3737eb81a25c0bfd8ef20fbd483c03f47879177b7d0ec3f02c5fff60f3bbfbf7dbfbb592239c2bf504dad455536bf3fba4c8e12aef6ed3f8cf3bbfec51bafbffc08438dbdafccbff684fcf76147ed3ffacbb4fb0ae4a5bfd226aa499b17e83f9474946275622e,COMPLETE
632,632,140.0,2026-05-12 20:51:36.075623,2026-05-12 20:51:36.373227,0 days 00:00:00.297604,-35.25542429366948,42.462725281862085,25.60163077818986,54.30752234473895,61.684404384579665,66.8172027016434,-27.614043607966643,61.157102557196964,52.67629320677133,79.53283763676158,20.02113362698886,9.731970634326686,Unfeasible shape,35.0,,,,,,PRUNED
633,633,41.1931699633453,2026-05-12 20:51:36.567324,2026-05-12 20:51:54.287932,0 days 00:00:17.720608,-32.71318844814469,45.094185257618136,23.947157835700057,51.121435175297,59.0833294012399,72.37047556699487,-25.449622041501847,69.12217590503349,48.81997082865542,86.18985120454234,19.299983887188276,14.71270321034726,,35.0,,,,,,COMPLETE
634,634,41.06233743134317,2026-05-12 20:51:55.798602,2026-05-12 20:52:14.392659,0 days 00:00:18.594057,-37.075581868789676,40.86185578706093,26.872410454501246,54.8798357163469,59.63403680965694,72.00897152126257,-27.81584675151378,60.387093071027536,59.388506689427345,79.98707816732717,18.18813896553092,14.158138605648935,,35.0,,,,,,COMPLETE
635,635,140.0,2026-05-12 20:52:16.003694,2026-05-12 20:52:16.234777,0 days 00:00:00.231083,-34.80090598274257,44.39679017084907,26.292288503250134,54.65578624056811,57.001273939328996,68.16182048409038,-28.32691866837603,62.13225927322777,49.791038365272286,80.1447516761674,24.54046184095654,15.81688667438594,Unfeasible shape,35.0,,,,,,PRUNED
636,636,140.0,2026-05-12 20:52:16.454391,2026-05-12 20:52:16.752015,0 days 00:00:00.297624,-34.40631820503729,42.74600059766874,25.192875324572935,54.90579068930166,61.92235771813973,68.86208150377347,-23.867241939286878,61.81037084667396,50.79308134457106,84.43855152761677,24.188433241082517,18.404412856567784,Unfeasible shape,35.0,,,,,,PRUNED
637,637,41.21729770710171,2026-05-12 20:52:16.933565,2026-05-12 20:52:34.161126,0 days 00:00:17.227561,-35.10257679413661,38.53035470689636,26.232633384791146,53.370523090775556,56.46464699799402,74.37066405122279,-23.483104778801582,61.509867484580546,53.05766786748967,76.73153410684257,23.789920435556752,15.064565664817685,,35.0,,,,,,COMPLETE
638,638,41.194970641355184,2026-05-12 20:52:35.609476,2026-05-12 20:52:52.789148,0 days 00:00:17.179672,-34.9410412630265,40.29664234567965,26.88241995111291,53.417077436839655,56.45937343494371,72.822653287668,-27.305158731268513,62.672960843638045,53.14903440163463,79.05077915022879,23.496237577738995,12.33966788216891,,35.0,,,,,,COMPLETE
639,639,41.04111500544536,2026-05-12 20:52:54.323108,2026-05-12 20:53:11.375504,0 days 00:00:17.052396,-32.94841846072516,42.33482026540801,27.84894354068909,50.76752149978912,58.52157249135063,69.7408375932619,-26.83657596211502,63.196088282526496,57.82026645232831,79.88303789256963,26.735374840927825,15.535359496149688,,35.0,,,,,,COMPLETE
640,640,140.0,2026-05-12 20:53:12.891314,2026-05-12 20:53:13.181966,0 days 00:00:00.290652,-36.83663520408113,40.72435062621779,24.61334902828736,55.24483650353865,62.78544425007499,71.11250259536942,-25.72305116736679,67.2791306157425,50.13094603828976,82.89715629196994,22.019709033729786,14.064151630786263,Unfeasible shape,35.0,,,,,,PRUNED
641,641,140.0,2026-05-12 20:53:13.373665,2026-05-12 20:53:13.650330,0 days 00:00:00.276665,-32.83015159150093,42.17400560264035,26.142445283818965,54.190639636197055,60.5916806679082,70.34691399589644,-23.352979424764996,61.90498054186963,49.56336518721375,80.53788558271404,23.823072045507107,12.535312605441488,Unfeasible shape,35.0,,,,,,PRUNED
