,number,value,datetime_start,datetime_complete,duration,params_lLegPt.lL0,params_lLegPt.lL1,params_lLegPt.lL2,params_lLegPt.rA1,params_lLegPt.rL0,params_lLegPt.rL1,params_lLegPt.rL2,params_lLegPt.x1,params_lLegPt.y1,params_sLegPt.lL0,params_sLegPt.lL1,params_sLegPt.lL2,params_sLegPt.rA1,params_sLegPt.rL0,params_sLegPt.rL1,params_sLegPt.rL2,params_sLegPt.x1,params_sLegPt.y1,user_attrs_prune,system_attrs_auto:sampler,state
137,137,17.40005827053472,2026-04-13 10:26:16.318559,2026-04-13 10:26:23.795502,0 days 00:00:07.476943,58.57701836354324,15.077972501315255,81.16122836543424,-31.778097592904572,29.88492187137326,99.79674211381617,16.70003520731499,33.134845857738384,24.674043879686444,12.028315985083346,90.2671251029454,91.45356348971123,-52.86126140626621,31.300615963430314,75.37080168761734,39.783122036541556,44.99817330117506,29.133155364993964,Unattained target,GPSampler,PRUNED
138,138,7.033585475459454,2026-04-13 10:26:23.983578,2026-04-13 10:26:34.354098,0 days 00:00:10.370520,89.66839711003713,75.97928455190808,81.69846403134946,-42.238883333612534,12.005996118088131,79.15767628374397,78.05740186318359,34.9417866755426,21.82729714092763,48.9029256109171,50.911246116716285,30.927259639602465,-56.405609508751944,85.30987444745422,95.0030374611837,53.37794083790301,40.1066856743672,25.989980694209223,Unattained target,GPSampler,PRUNED
139,139,6.738634793006547,2026-04-13 10:26:34.514140,2026-04-13 10:26:42.753679,0 days 00:00:08.239539,28.03192401792999,10.92338674369399,62.05715643397737,-58.52268361447388,13.866241027980601,91.92807736952032,51.876105979835444,49.11254639487605,19.833351729701064,39.00787804595899,94.74656835586242,43.172174235924,-27.870279396028565,61.12309670184693,77.16584344584888,84.75715601657069,48.61360771501017,23.11652021165475,Unattained target,GPSampler,PRUNED
140,140,18.41840918953642,2026-04-13 10:26:42.903674,2026-04-13 10:26:54.313678,0 days 00:00:11.410004,80.14047073954862,20.96599237922107,85.67872631808231,-52.20776125733565,77.81265300593681,62.31577009414591,24.388720662427588,48.858356211942535,11.89533706747764,47.944188252715634,51.96633289380213,44.180398216470735,-77.47496569068566,81.41548775834197,90.55562317597888,78.25375833690337,31.07681874133725,29.124200631787872,Unattained target,GPSampler,PRUNED
141,141,9.775405104048865,2026-04-13 10:26:54.478221,2026-04-13 10:27:04.240861,0 days 00:00:09.762640,99.44273442196331,85.23941547985132,33.24151788861419,-21.69272695752931,20.47775754284732,35.0254864169646,93.0427942536729,37.79890506124213,17.21581507566655,87.82385178900002,97.19272281092388,65.20509977333519,-61.44905755295118,53.024713034406886,38.19417255575433,81.44460230437484,43.406129050778425,14.428909041818617,Unattained target,GPSampler,PRUNED
142,142,15.373288884032704,2026-04-13 10:27:04.479910,2026-04-13 10:27:12.320099,0 days 00:00:07.840189,86.47538298905796,89.11021405107782,87.79190156692289,-56.11414283733046,54.17443131930595,39.29797899992881,86.90850826247785,44.78318033653842,13.450991868087023,15.561364918417215,51.58012280594443,31.530938305768135,-50.31840033902881,73.58685869400406,46.13351348025476,14.633864821103515,49.801272566193546,19.06369874393811,Unattained target,GPSampler,PRUNED
143,143,7.690001001931265,2026-04-13 10:27:12.468477,2026-04-13 10:27:19.451328,0 days 00:00:06.982851,64.32767698364597,11.602809758948279,30.093544726012304,-70.65670857780324,36.70379193248658,94.73701380545585,19.672096332998972,40.241746956720476,17.647275013519096,94.0514540446813,81.15039906550176,32.62223536104839,-21.629439861867162,20.856384498324136,40.88420116566864,76.47799585648048,37.20387943741963,25.49140599210625,Unattained target,GPSampler,PRUNED
144,144,5.998304589305256,2026-04-13 10:27:19.618810,2026-04-13 10:27:30.450301,0 days 00:00:10.831491,31.08439663408619,15.258930594380178,58.91208403797249,-30.42042858754209,36.80580894798901,74.20419556995036,96.95696626749663,36.11629150616662,13.2878383972144,45.75324510490805,90.51887013577705,29.560022303553247,-36.071249060633036,40.82884661245914,51.691979670057,54.380925719439446,34.084079140953584,22.53404871541283,Unattained target,GPSampler,PRUNED
145,145,6.140177788491059,2026-04-13 10:27:30.586224,2026-04-13 10:27:40.326987,0 days 00:00:09.740763,33.33777390078998,37.98866929012112,35.46589238246745,-20.864079357306153,73.01955696874651,70.27077714636602,78.48437870147829,47.76230113380022,16.026347726647096,29.568954456688452,84.14932383658622,80.10930687834528,-49.93996550548506,74.66661646599462,37.279657255193534,23.72089452889567,38.04007088501901,25.598614345517916,Unattained target,GPSampler,PRUNED
146,146,9.629813366693483,2026-04-13 10:27:40.491261,2026-04-13 10:27:47.351037,0 days 00:00:06.859776,20.848873293116128,39.80592766222624,95.73140793625183,-37.98032501406085,18.680247072514927,36.807584762020454,64.87142914022994,33.15838098701717,15.947174857600432,77.18731448223578,23.393439995811516,53.817338344343995,-22.81541533795027,78.38445734180185,72.94853474219796,46.529812675739834,43.28124934508712,19.955399820467868,Unattained target,GPSampler,PRUNED
147,147,5.813888930611892,2026-04-13 10:27:47.525258,2026-04-13 10:27:55.651228,0 days 00:00:08.125970,79.21642828790375,10.330591827229837,22.19686176124041,-68.48678860169436,88.34457182956838,47.54276426601571,81.17341652770597,44.619363734099224,23.958286389024185,56.58556818409265,94.30100581661337,67.04363784381057,-46.091231964477224,87.28587032198638,78.87674321303588,72.37422020966204,39.81227204076475,27.528600666478322,Unattained target,GPSampler,PRUNED
148,148,13.8615460584465,2026-04-13 10:27:55.793296,2026-04-13 10:28:02.698297,0 days 00:00:06.905001,86.40731366642628,74.30128549819466,36.486845763570614,-78.63309309189981,15.249883511941722,96.5245879816995,23.641303249465086,49.781821898726186,14.76177475531762,47.73243313998115,98.12377966340524,43.2267285182313,-56.65982388495455,75.34576667116866,36.95170687965417,57.94354266505613,31.366907677597816,29.536233409694958,Unattained target,GPSampler,PRUNED
149,149,7.546380890111308,2026-04-13 10:28:02.857614,2026-04-13 10:28:11.972318,0 days 00:00:09.114704,29.59755034723494,21.779897010976047,79.18634132629914,-47.32033332447765,10.897035273838782,39.51693608236566,10.176886465588838,45.53287461997853,13.34750499157847,31.723360587445228,84.68680763694513,11.893246564993934,-20.207611610317073,80.12495235340756,69.31659859141475,86.18987469513999,34.14072381382087,15.658258059960486,Unattained target,GPSampler,PRUNED
150,150,8.193234509233378,2026-04-13 10:28:12.125074,2026-04-13 10:28:22.661466,0 days 00:00:10.536392,20.836399141464426,76.25159890513824,99.45836067085489,-76.98987047163648,43.00056716347659,55.9459854284672,33.05720395867222,37.94147320409887,21.516175405240066,71.66294806686105,12.719154170015281,46.68417516175274,-45.743986326590175,84.07003124118987,66.53727374680454,77.4343112713796,33.7509086174738,15.855157172602159,Unattained target,GPSampler,PRUNED
151,151,8.706186985287179,2026-04-13 10:28:22.848484,2026-04-13 10:28:31.805514,0 days 00:00:08.957030,18.71768219504085,49.9302595901969,96.58806463130705,-57.683861037043215,53.13346859390707,70.69865199536716,27.81925569012622,34.98992978667522,23.172456684577288,52.542614819089465,99.94187255791637,76.72721395082786,-51.99414318687077,39.46732362571178,71.4955822658907,73.73802471728949,31.57744200280025,13.29145286753231,Unattained target,GPSampler,PRUNED
152,152,8.148952883061462,2026-04-13 10:28:31.956926,2026-04-13 10:28:40.430069,0 days 00:00:08.473143,61.15331949342978,67.94305131581538,58.88375808167147,-28.781669728485028,25.12114273856502,58.87760459720077,80.57266771057594,46.25259523765085,19.655318357102697,76.70855491996194,71.94642539804579,16.744179329217992,-74.90611347617222,62.96382265306482,59.48454786382786,51.93127906090524,36.36548644231023,27.88475691439336,Unattained target,GPSampler,PRUNED
153,153,9.691608603368842,2026-04-13 10:28:40.596448,2026-04-13 10:28:48.067080,0 days 00:00:07.470632,12.345030117814897,42.674286056593026,73.91988875203174,-24.7666098947331,92.02067891538185,18.180348752595776,23.261752107611535,45.01521255529494,19.28439013504827,38.460562916773256,13.774748914825908,82.0689167382036,-36.8004730392059,53.61930779433627,41.823137512831465,94.99912523588708,40.880878448729504,27.075957130527286,Unattained target,GPSampler,PRUNED
154,154,8.823512348603103,2026-04-13 10:28:48.229074,2026-04-13 10:28:55.318833,0 days 00:00:07.089759,94.00283644469377,44.46560419623497,73.78415667982537,-67.27237970114358,99.24923451047691,87.24288785245908,40.976926104051444,41.10220674962634,18.136183620815885,48.02975130721106,21.187487281329865,84.46831341349068,-78.82981234232221,58.53006942963306,34.17729598325678,95.74409481111239,35.10792228552859,25.30408604349884,Unattained target,GPSampler,PRUNED
155,155,5.605384679011543,2026-04-13 10:28:55.467683,2026-04-13 10:29:03.710610,0 days 00:00:08.242927,54.642596588916234,66.99653977025373,25.170848866530108,-37.532183891606095,78.64490649288622,21.791442626332643,40.2518141871747,31.47878726333258,17.984537443435695,40.73056523895039,53.813670189275264,41.438178376946865,-63.93244843589312,98.26809299533834,45.75351580188597,86.4711717323852,39.42538089095037,19.16003395549139,Unattained target,GPSampler,PRUNED
156,156,6.860490341196936,2026-04-13 10:29:03.856828,2026-04-13 10:29:12.242256,0 days 00:00:08.385428,68.48309868803614,64.19371269180111,10.1707631433593,-41.717267194886425,93.25894646563556,44.499742382950956,72.25424948809331,31.656080075688585,11.549707725186277,72.71853397434103,24.364906923001044,27.203899623562407,-52.23176787667698,39.36877560938254,91.99444151965427,46.353270478484056,42.19350857405176,26.340093947692893,Unattained target,GPSampler,PRUNED
157,157,5.023883670464514,2026-04-13 10:29:12.391704,2026-04-13 10:29:19.713685,0 days 00:00:07.321981,71.17934937907404,51.57655904335546,65.11322277386344,-67.88977526313323,66.86898976662923,54.60752956009678,19.521291408187054,38.025269380191816,21.871672254951147,45.46088146761392,25.885315693601,31.923954450821974,-61.464559766951574,94.05066774608152,25.804845220165447,83.73671951417506,43.307114443778175,29.39978522514991,Unattained target,GPSampler,PRUNED
158,158,7.395156392313847,2026-04-13 10:29:19.856282,2026-04-13 10:29:27.782265,0 days 00:00:07.925983,55.023626272297065,97.8832063744543,56.80548287414827,-47.35258942901879,77.61586615218243,24.830938226639113,74.61402695663455,39.599383506813865,21.384349930690043,16.288733092005288,77.66656924190853,55.8261422714926,-40.34424593606456,80.4076971773177,95.62433075354829,95.92490666497527,41.7498906933122,19.355993995972156,Unattained target,GPSampler,PRUNED
159,159,5.577562411055531,2026-04-13 10:29:27.934006,2026-04-13 10:29:44.387643,0 days 00:00:16.453637,94.96995207498472,31.71109214614638,95.16659826564555,-59.36177013675909,25.516862645769407,68.99804943733662,27.21413592668475,36.88351581635114,26.859229848411058,59.41655455136708,42.930856322660354,55.29492702180792,-42.42583802701134,12.324739288695769,40.08157950638956,77.48986203623957,30.905242226274282,15.75252247184434,Unattained target,GPSampler,PRUNED
160,160,5.989459132263612,2026-04-13 10:29:44.554763,2026-04-13 10:29:54.170682,0 days 00:00:09.615919,56.66097947115605,17.561095604026928,85.97509998014598,-64.92452516936797,98.1629213668635,53.286473288838664,61.17075437137254,35.264155391570014,18.64374229680488,30.090627830692224,86.32117128868934,89.24297093106368,-38.71174304792417,44.340399490944954,29.90191051274474,90.79624636064366,45.124187054663835,10.08634572614378,Unattained target,GPSampler,PRUNED
161,161,6.754910029972535,2026-04-13 10:29:54.310386,2026-04-13 10:30:09.172611,0 days 00:00:14.862225,18.827447408942056,17.570620523535077,96.68312680180227,-20.612687700247577,16.467053951558782,69.427719551265,10.414809847783888,37.085428464821526,24.82261795325396,27.47552423314404,69.22964646601042,61.543461476346884,-24.41325598312124,10.097021746363895,88.8619461263519,48.8741581052118,40.37017301982616,20.226140360872627,Unattained target,GPSampler,PRUNED
162,162,8.215263790855886,2026-04-13 10:30:09.312644,2026-04-13 10:30:17.429914,0 days 00:00:08.117270,52.24380491111969,65.06468899180365,39.95480362708892,-20.12870537347959,79.38167084500321,30.926624104345823,96.10284416495087,40.99226199729383,21.320694714315245,89.49123982400835,71.40588025974517,46.13699274123452,-33.633014786918366,30.89820849477687,51.99657789592176,25.32635750744492,31.57333957217117,14.864206032502633,Unattained target,GPSampler,PRUNED
163,163,9.193292903692118,2026-04-13 10:30:17.678280,2026-04-13 10:30:25.609612,0 days 00:00:07.931332,89.25646783436073,66.39478115833725,76.766521176922,-62.659364134461775,25.952889161403213,70.45579729394706,82.37036460946472,38.38716109215267,17.248272388031953,56.48983855474103,36.80306416945194,48.05061125540133,-25.06185401679268,50.667577233679474,29.22664592305056,16.523357306277372,44.691968603429686,14.686889359299553,Unattained target,GPSampler,PRUNED
164,164,5.239730019638337,2026-04-13 10:30:25.758213,2026-04-13 10:30:40.819747,0 days 00:00:15.061534,88.77011342737399,25.786541434127443,29.982700739168553,-69.56991123627544,32.72851323331974,34.57286489205516,27.369628275400494,39.201160835985746,20.97650390544295,17.21880438721305,91.24516033771509,68.0670211590506,-32.359057075907344,55.70346595901526,16.221938731017325,58.512278369324754,47.41273251189583,17.915693374348827,Unattained target,GPSampler,PRUNED
165,165,15.901998305821756,2026-04-13 10:30:40.951294,2026-04-13 10:30:49.022325,0 days 00:00:08.071031,55.15177516578399,75.32778437049564,72.2855934364751,-64.06047661557778,32.128073871816824,30.709796001347016,82.80525909515913,40.71423882692157,29.96958419928116,87.42787546159255,28.664579875579754,58.64546758128295,-52.25389934908718,67.36149092058768,29.886038182264123,17.199812040274914,40.87442869182638,20.64564479676188,Unattained target,GPSampler,PRUNED
166,166,7.5569417064659135,2026-04-13 10:30:49.187450,2026-04-13 10:30:57.887393,0 days 00:00:08.699943,85.01056111760094,54.78710345735038,48.88587578903731,-57.2901041361096,30.661626534995438,97.1692765844928,95.05610378937884,35.421576603446425,17.799941703641313,32.17550913289795,66.1489412033202,12.12996203450184,-27.305625333180068,37.25240994218887,85.39777702070838,36.102787095094754,33.587330309225464,16.355318749849648,Unattained target,GPSampler,PRUNED
167,167,10.287995519023823,2026-04-13 10:30:58.042959,2026-04-13 10:31:06.741391,0 days 00:00:08.698432,99.60351447997134,59.93869567070171,44.189309833783675,-48.1354604968533,79.34867215626943,52.96842984291909,90.00352474587356,36.9549559367605,19.01827675793581,29.26897309212367,92.60662160127023,69.21981152417808,-29.71357521354254,10.170871949695332,57.431179720280994,79.4811933589546,44.19560093155541,19.683445566533177,Unattained target,GPSampler,PRUNED
168,168,28.764267165669985,2026-04-13 10:31:06.882313,2026-04-13 10:31:16.225234,0 days 00:00:09.342921,43.02588117264634,92.28858797589312,86.53069014585671,-27.062489432630763,33.87088076732681,29.068102914995084,12.272257509801808,43.41725049655245,22.146547669574918,31.601803463187977,84.23751420180841,55.15425856797607,-79.28976823503746,89.46416593467335,74.50834320363373,89.93224603772349,41.775348443878855,14.944510038879477,Unattained target,GPSampler,PRUNED
169,169,5.695100970246301,2026-04-13 10:31:16.357574,2026-04-13 10:31:26.053729,0 days 00:00:09.696155,14.274601498731226,24.614923056242098,32.45225152615695,-56.02983457534435,87.94787614561896,27.85469247671105,29.894955963346828,36.738060245232056,22.732661020655332,16.80881590523512,15.985555426017228,22.746937700962196,-44.148216073777675,38.11488139645406,75.21975809576819,86.47392386162412,45.081665198298246,11.038713786310904,Unattained target,GPSampler,PRUNED
170,170,7.628069852550091,2026-04-13 10:31:26.193891,2026-04-13 10:31:31.178644,0 days 00:00:04.984753,36.18183976647844,22.791920106462932,70.75263464310552,-31.873871309282613,84.68620201929508,33.34031196991783,60.16885221260701,30.881953665819943,27.040347975568572,84.32495492263624,51.51355180365872,80.16204786015385,-66.38227447815125,39.658452542551274,88.41149776851533,51.57630665460207,47.19845514244063,23.227588100073817,Unattained target,GPSampler,PRUNED
171,171,22.295998825320645,2026-04-13 10:31:31.336023,2026-04-13 10:31:36.541494,0 days 00:00:05.205471,30.56468412950646,96.79336399268858,70.76766873490418,-27.527289822182013,88.10755795509873,13.337048081114458,48.61621580965152,49.50901218761096,28.012555988433768,99.12853299910682,84.02625514735979,32.33898722175555,-56.58497580357354,97.34785714928991,33.827733119402616,25.648727621742083,32.85537957534133,12.653335692448751,Unattained target,GPSampler,PRUNED
172,172,5.7628513357032745,2026-04-13 10:31:36.688856,2026-04-13 10:31:45.647450,0 days 00:00:08.958594,31.042625025379284,33.433300734738964,36.520926296456395,-51.3930098947134,19.064147518837373,66.19252042728934,42.08294039361751,33.68482818099623,14.592272427529522,96.32120629978465,68.56683640900178,18.842263635704548,-50.60890089781694,25.580869692686186,20.17901837380071,10.691257474728468,32.11601443674831,25.8995919421834,Unattained target,GPSampler,PRUNED
173,173,8.40976486824885,2026-04-13 10:31:45.804820,2026-04-13 10:31:50.973848,0 days 00:00:05.169028,75.28162298608666,29.627252746799844,23.13123107565935,-67.04975899137217,50.45159198015514,65.97046213707488,75.25960478380709,43.417041832872826,23.37015439340113,79.29222307036983,72.40337772727112,85.69142857544118,-22.000676842954498,60.34788292730767,32.9662657035738,24.462033284839954,47.694402224407824,11.561566429358239,Unattained target,GPSampler,PRUNED
174,174,8.790227057954027,2026-04-13 10:31:51.114784,2026-04-13 10:31:56.512074,0 days 00:00:05.397290,20.698884322319874,18.63833463205708,43.716330190602676,-65.99750125296059,10.691500498991372,91.44779466523602,73.3299063595451,40.26707312994843,14.996851911261002,41.077081441395876,28.523616367997885,25.171592147357927,-44.884239280720244,18.77132346798955,79.53501748189115,36.912856644426164,34.93844776733324,18.649608387962246,Unattained target,GPSampler,PRUNED
175,175,5.000233936031442,2026-04-13 10:31:56.656606,2026-04-13 10:32:01.711656,0 days 00:00:05.055050,16.151050582958952,25.797682253080563,19.808490939768966,-69.57500501568659,49.11463759827055,33.103363207012094,95.50315344413703,36.509456350450016,17.867668727739506,63.879520005276646,75.57462284002568,95.25357105448794,-57.06845098339705,71.73086688255404,73.88113537241034,46.78207727570385,48.166111602658376,18.595206045485533,Unattained target,GPSampler,PRUNED
176,176,5.880853259048202,2026-04-13 10:32:01.846363,2026-04-13 10:32:07.030993,0 days 00:00:05.184630,45.80753299708208,67.22539573832154,38.03673579714321,-49.75584752057808,31.321266245044452,16.898031426817514,34.00002792322927,31.535676863611126,23.984552621714236,90.21243454935463,13.847860119873427,32.61161382476686,-35.604580943826626,88.24819770010414,27.34282880745645,11.884299637585436,43.84011001830957,15.326434811246902,Unattained target,GPSampler,PRUNED
177,177,5.467992227536662,2026-04-13 10:32:07.173246,2026-04-13 10:32:15.241134,0 days 00:00:08.067888,94.87566763993651,25.263980484764062,37.867156424658994,-42.513979040532995,63.77636721589848,14.39310461349299,52.407585769732435,43.6417819244382,17.55726643713693,87.00639658374259,42.19980250409517,73.32745367598307,-58.16247104090171,70.14132371814799,97.73469365400098,93.77866014277035,39.82418707291002,17.322439936438403,Unattained target,GPSampler,PRUNED
178,178,23.167961076714377,2026-04-13 10:32:15.404832,2026-04-13 10:32:20.241909,0 days 00:00:04.837077,28.52429749518229,74.41649705848833,62.16470752785746,-77.5163010265099,21.64903082804867,53.112286665807765,32.557265546471626,30.39246293324965,20.486949853571296,82.54283348231499,92.77628525899476,48.60286046554368,-55.62561715616722,94.35430011737388,63.778144215402804,88.6641621200822,41.52814094897508,18.191225387873047,Unattained target,GPSampler,PRUNED
179,179,15.100675477211462,2026-04-13 10:32:20.393717,2026-04-13 10:32:25.347338,0 days 00:00:04.953621,42.19674209961566,53.43208066298957,55.809634816593075,-25.933682304781094,73.44461138963784,95.7922319589585,29.12867089926735,45.44396516294965,27.786220577900817,57.39578164662217,95.39166428965467,86.67489277361891,-66.53277132091817,16.319115175451024,70.78547352171601,19.738529280871607,49.21088676470433,29.779536700588697,Unattained target,GPSampler,PRUNED
180,180,8.862280937659598,2026-04-13 10:32:25.481433,2026-04-13 10:32:30.652928,0 days 00:00:05.171495,39.79397010303593,35.302741536500776,92.80060562155664,-50.530812335699515,68.64933761252051,18.69386773814882,82.15303508343472,33.47530134274564,11.60716475379854,29.38731516173445,15.766065487534659,22.706961002000035,-31.722068736701118,49.98657211021154,79.2547015659924,74.77423331469893,45.860588922399764,29.423913760652063,Unattained target,GPSampler,PRUNED
181,181,12.79461260238456,2026-04-13 10:32:30.796251,2026-04-13 10:32:36.174314,0 days 00:00:05.378063,17.560907015225443,95.5835918226028,89.23440493771525,-25.24394011280193,28.35198136307641,20.848078093142185,40.47062262848087,48.42238569145755,20.863991466691918,26.108498680137945,66.3570457822974,38.26293248911668,-55.380729952815805,93.18504221867323,35.7507088306204,81.96834490953279,45.80128623551517,25.936646876247075,Unattained target,GPSampler,PRUNED
182,182,10.512829453182931,2026-04-13 10:32:36.319198,2026-04-13 10:32:41.200700,0 days 00:00:04.881502,49.75084005843968,49.72624602095595,83.95990700476422,-49.385285014014215,30.123166379262493,41.44870663561734,79.77266173306487,34.51303213456149,26.358540399996603,94.549822467297,36.2910518854479,74.92355448376216,-39.11180040595718,31.25419598774665,49.52776957354093,85.7360911974075,32.57760358799203,28.70071993216493,Unattained target,GPSampler,PRUNED
