,number,value,datetime_start,datetime_complete,duration,params_lLegPt.lL0,params_lLegPt.lL1,params_lLegPt.lL2,params_lLegPt.rA1,params_lLegPt.rL0,params_lLegPt.rL1,params_lLegPt.rL2,params_lLegPt.x1,params_lLegPt.y1,params_sLegPt.lL0,params_sLegPt.lL1,params_sLegPt.lL2,params_sLegPt.rA1,params_sLegPt.rL0,params_sLegPt.rL1,params_sLegPt.rL2,params_sLegPt.x1,params_sLegPt.y1,user_attrs_prune,system_attrs_auto:sampler,state
275,275,8.609183799398231,2026-04-13 10:41:57.400505,2026-04-13 10:42:03.090482,0 days 00:00:05.689977,53.17114291620684,59.310385474506475,50.39421590542175,-55.84445124941874,93.75720231172993,92.36219085856463,95.22458848053297,37.82142648952315,13.443034183318147,74.49441767678223,27.379865356308613,77.12232957469364,-62.00543065421281,72.69710471674885,15.965705007201397,26.139095792230922,38.95932965472532,10.809156476271307,Unattained target,GPSampler,PRUNED
276,276,5.090900689459502,2026-04-13 10:42:03.238670,2026-04-13 10:42:08.673006,0 days 00:00:05.434336,89.15341734208077,16.706155282515024,65.2692710509484,-46.290846218301354,76.96867514445098,80.66092538260163,28.04107033238215,37.80337157866065,17.470022556220176,66.22463355155135,98.0336199130143,49.05544945247862,-34.574301422767576,25.193044621536178,78.580761401427,67.43352766070133,49.55138805391443,15.508469946794339,Unattained target,GPSampler,PRUNED
277,277,10.491581288064658,2026-04-13 10:42:08.822775,2026-04-13 10:42:14.298003,0 days 00:00:05.475228,21.55763168814987,49.47054820115055,85.43403243381073,-50.49680554088796,92.37227874954489,53.9704158170295,11.325538976312238,43.220069087504626,13.02419498940234,19.079026865484042,92.39829163117591,35.81193004816634,-58.49306000234088,94.21082458214806,15.914206494023016,37.84642700458345,35.68954955811891,25.07726327003844,Unattained target,GPSampler,PRUNED
278,278,5.925398079977555,2026-04-13 10:42:14.442880,2026-04-13 10:42:24.834857,0 days 00:00:10.391977,47.11269779745222,55.194142462515906,47.52408310068962,-30.03412196997843,18.962385961231092,41.92195470788904,98.33819682328496,44.904591624857616,29.578591158050756,34.99646095522273,33.527781200269885,45.696167891671216,-26.11846926004651,10.703225647874115,20.726405638926114,90.3565384086941,30.464241639545527,10.58572494332955,Unattained target,GPSampler,PRUNED
279,279,5.068319307937863,2026-04-13 10:42:25.047050,2026-04-13 10:42:30.954581,0 days 00:00:05.907531,60.47196044966898,14.163412363033194,70.2536818939954,-49.865869846298004,47.911041543519744,52.8221052119703,55.928586515011816,39.470595152697186,24.92036297445624,15.48698366581648,80.20452754004856,14.567268731923896,-20.56300497145562,17.3523170291339,88.47153518845997,23.264044772283533,44.84692749618852,14.570418774425084,Unattained target,GPSampler,PRUNED
280,280,8.297245395213324,2026-04-13 10:42:31.141191,2026-04-13 10:42:36.344121,0 days 00:00:05.202930,47.02581658832623,52.942998468526724,59.8746547845845,-68.99428914808264,30.892816606790706,40.76082295216825,12.258438914633862,36.30128488196612,29.75677728913128,91.74753698115255,13.048048196523776,50.42000906030682,-58.337654536927815,73.86829535156323,73.68365797708475,87.28335189064599,39.94447333197457,24.42139791125055,Unattained target,GPSampler,PRUNED
281,281,5.263270786339149,2026-04-13 10:42:36.531180,2026-04-13 10:42:41.632939,0 days 00:00:05.101759,91.41661245044219,68.66615984505498,39.76102537271774,-29.827718643118885,58.97900655523839,90.15624485136777,26.271415907240776,34.8360402318318,17.817579156953375,81.99039741169008,14.318476478334158,82.79273609301138,-20.300359698465783,39.17663645001833,30.950932145231,33.98259964478454,41.58113030632907,13.502165880706162,Unattained target,GPSampler,PRUNED
282,282,6.247741369795637,2026-04-13 10:42:41.797384,2026-04-13 10:42:46.837317,0 days 00:00:05.039933,62.459558290688975,33.87813236377593,11.391939951896237,-22.066259978894408,34.41390081152828,89.97653878588294,47.74972771104926,43.29633034477759,26.659817141363376,20.96826906942783,64.15778892384238,31.242183784891896,-54.65172785078575,61.847877890067934,97.24564130699447,33.49796317521457,39.48924861578874,12.526234109741633,Unattained target,GPSampler,PRUNED
283,283,6.636837009870202,2026-04-13 10:42:47.027139,2026-04-13 10:42:52.232900,0 days 00:00:05.205761,44.11312532573701,87.86440030795956,35.17845935633377,-62.44180030401479,48.61062887083045,99.06085867406411,63.83541110411433,41.5331431196275,10.08501749116827,42.88589510399375,52.87326105216112,46.57462378794815,-47.551089638714465,81.99963875953732,82.75952495186925,68.20744978101308,44.80459025539833,13.181542119222646,Unattained target,GPSampler,PRUNED
284,284,6.808815754589062,2026-04-13 10:42:52.452716,2026-04-13 10:42:57.713669,0 days 00:00:05.260953,85.27355450621486,82.07994171369293,57.46680302573716,-68.43349115050296,70.88518763356726,45.76213768266923,56.1082835422797,43.135921815522316,28.193204040373065,76.20589597238683,44.12343335080157,30.709834563352643,-60.13160357613409,57.71822759113345,77.8584502935765,24.143752925751812,31.856907183336343,26.352530457786685,Unattained target,GPSampler,PRUNED
285,285,5.6542894026892725,2026-04-13 10:42:57.856452,2026-04-13 10:43:06.195981,0 days 00:00:08.339529,40.84341894548845,25.03810644098558,13.041601603082519,-23.17311729861325,43.795851698044515,46.78462301685978,97.76305388906086,42.970077979044206,22.94717404903006,78.15813262811903,88.06991881493741,95.36763957133489,-53.959275891173085,79.54387826064021,39.912491076972245,59.873023898043215,48.76316877636086,19.883495195350754,Unattained target,GPSampler,PRUNED
286,286,12.864815790982348,2026-04-13 10:43:06.343885,2026-04-13 10:43:12.051674,0 days 00:00:05.707789,68.74404147306288,95.03232550468667,33.975009405296454,-24.45332806924388,85.40499891901993,64.58294934006405,10.633497651609062,34.5792585843215,29.65235645144592,10.236295056907684,68.20378683370868,74.50424051181436,-75.06274293553035,73.58732376041718,96.01000279627425,55.822969557250154,44.70089658685669,10.469471689762372,Unattained target,GPSampler,PRUNED
287,287,6.643122657202365,2026-04-13 10:43:12.232124,2026-04-13 10:43:17.561491,0 days 00:00:05.329367,24.204750457657816,32.62906131522564,22.566239657388042,-54.104924835682816,47.98993810987501,64.71361656631221,35.31243612102791,45.10170875653493,15.27178138786171,75.23562286183416,53.27402957413898,81.87200015148866,-69.2529652787331,67.63899995192924,93.68136403262416,40.744622247246085,38.188261080798924,14.643652087708489,Unattained target,GPSampler,PRUNED
288,288,5.173008424642312,2026-04-13 10:43:17.729232,2026-04-13 10:43:27.569022,0 days 00:00:09.839790,60.30545247993376,72.68472968971734,27.85093261505906,-45.313475848055056,14.368824905955172,39.20337398224956,94.31953723207505,48.86868503615827,20.938459025793705,93.29699107395804,91.00908719306942,57.229476726517355,-28.50638051159045,52.3328507830355,45.63155578939213,67.05101006434234,35.441390582063136,27.041835406338485,Unattained target,GPSampler,PRUNED
289,289,23.22435249254938,2026-04-13 10:43:27.744922,2026-04-13 10:43:32.993310,0 days 00:00:05.248388,34.151623803742815,29.126243460566837,63.28403541228796,-56.79445115463808,24.99800765032481,78.40704171015649,89.16944690149563,45.575705606720454,19.10403683221883,91.78988066938321,29.063545354495798,18.29897932621427,-29.955630066220508,70.52967602004978,46.481272882370114,94.39165164913406,38.535401713234904,20.808806695121604,Unattained target,GPSampler,PRUNED
290,290,6.093462483855152,2026-04-13 10:43:33.149113,2026-04-13 10:43:38.146294,0 days 00:00:04.997181,12.423230092928707,67.59976528573048,90.43544470421737,-29.058884789870476,34.268142329562316,33.790742183490366,79.86275560030786,44.932626053443016,12.151151308357962,59.409548752086835,38.2763221136246,30.67817937894442,-64.18889913033962,44.649296800755046,73.11315007944768,86.8621522735981,37.90324810644112,14.407576036587006,Unattained target,GPSampler,PRUNED
291,291,11.107390266928263,2026-04-13 10:43:38.323120,2026-04-13 10:43:43.368484,0 days 00:00:05.045364,92.20047952177856,58.28083821066749,85.1035918085036,-75.06387177803069,59.812047471142144,61.94015998640752,55.3262603335117,35.25220864406562,17.093378836064176,28.892019794952102,90.70169918791363,54.116474246086725,-45.30517244708049,59.27699880291939,19.152960826990235,64.30035318633769,42.81413570036777,29.605988032493368,Unattained target,GPSampler,PRUNED
292,292,9.973865690522288,2026-04-13 10:43:43.551418,2026-04-13 10:43:48.642060,0 days 00:00:05.090642,28.384859668067655,82.42329678700143,65.49023380499224,-56.70555406053432,56.10354728455417,92.54393778573737,58.054017220982466,47.97562979250692,26.054314697581912,76.64337982129783,16.090418425079932,64.12592171428531,-55.29268168297722,33.98080413663901,87.68752295880952,35.18960224474913,39.85557487597384,14.120570978229885,Unattained target,GPSampler,PRUNED
293,293,5.977993292320932,2026-04-13 10:43:48.817785,2026-04-13 10:43:54.036997,0 days 00:00:05.219212,99.64138592064018,25.322022501248924,10.493198043455367,-67.54046912568924,13.184610136215326,70.9578437905773,99.24560979673842,47.963949551379244,10.363240486133133,80.55863512183369,76.563557086115,12.88450138644559,-67.43836616215522,20.94620497630175,54.11722679677405,12.665550200774344,41.632115094316156,15.041033331904627,Unattained target,GPSampler,PRUNED
294,294,6.269559855912949,2026-04-13 10:43:54.198066,2026-04-13 10:43:59.341000,0 days 00:00:05.142934,15.64853802599211,24.520382455319506,16.019042178613176,-38.084047237058805,58.42890345534829,87.76424584849848,49.570497252865515,30.429329781558234,19.30648711172544,49.678963427909,24.821685005616853,99.35229380838368,-28.92501500656975,77.21214142171179,69.33483975982125,38.05695955899509,43.16540058392146,15.606082572346285,Unattained target,GPSampler,PRUNED
295,295,5.8453264758679,2026-04-13 10:43:59.507852,2026-04-13 10:44:07.406275,0 days 00:00:07.898423,57.275852351802286,23.011372324957,56.79911016976102,-33.69712961147643,24.752346808030225,15.126203023969165,11.207693308464462,35.29421288630709,18.18437390649342,42.14843675914596,50.223103828647886,53.896864761633836,-79.58254552097536,97.02731977493978,77.50431356181953,79.93415752490228,44.7506974073293,12.252529657074007,Unattained target,GPSampler,PRUNED
296,296,5.762875222888546,2026-04-13 10:44:07.582545,2026-04-13 10:44:13.019203,0 days 00:00:05.436658,61.29592272230398,26.052576370260624,70.09952006855895,-21.369257030511804,92.71132077686946,12.850566362124034,46.61719813184348,46.50748747543559,13.065377239036753,95.95753671571467,10.019061400177097,20.490522334801817,-63.191465399524624,93.9816352161778,68.5775762764454,62.7291955329568,37.124665232530944,25.86734703438478,Unattained target,GPSampler,PRUNED
297,297,7.256306709120189,2026-04-13 10:44:13.174936,2026-04-13 10:44:18.604201,0 days 00:00:05.429265,68.34174467768091,59.7087113504747,24.604869513594895,-50.09011554593954,95.94809585500234,26.40407980867617,32.83009852115269,33.563320766982805,18.82691651747426,55.21140778003845,50.86283052030981,80.58914122313858,-23.821659601974176,47.246116860253466,74.91767116125088,70.4921234872094,31.549907642334283,20.1849072888939,Unattained target,GPSampler,PRUNED
298,298,4.503274883707164,2026-04-13 10:44:18.765928,2026-04-13 10:44:34.083746,0 days 00:00:15.317818,44.12407078031045,89.97967928909158,70.74365845782617,-43.08104859930752,67.80259157381896,67.38255027384614,96.91108119302243,34.415887523872634,16.851218462464214,14.880546258931284,43.62482755762939,44.528869026903116,-74.12066887400421,13.71947268374341,21.352717328692105,53.99131807627418,49.712444608328155,22.953267678836053,,GPSampler,COMPLETE
299,299,5.273550971574174,2026-04-13 10:44:34.247808,2026-04-13 10:44:43.839700,0 days 00:00:09.591892,39.481095033662015,32.15497291516599,43.076059473751364,-22.45426025139642,62.16143970546324,90.39905156864864,22.24249895885452,34.663157258064444,20.28471235636162,85.00978609529737,43.485017111568155,13.903605519832695,-67.95753012085483,89.43323933603288,85.94454155380517,94.92902541881745,46.28839680988996,27.032778140596918,Unattained target,GPSampler,PRUNED
300,300,16.605445661421214,2026-04-13 10:44:44.000567,2026-04-13 10:44:50.828958,0 days 00:00:06.828391,62.57495931896042,77.36794868772742,17.236976243771974,-49.96826986412087,25.345055579346973,70.89239712104703,79.6902313291778,39.482822177526046,13.56877002813462,60.174496110749054,11.258462352381818,52.06040388102528,-55.24885014543326,89.9814336579329,32.16510961205226,15.940162680966123,35.05247175301068,26.891348889417156,Unattained target,GPSampler,PRUNED
301,301,5.588410575934908,2026-04-13 10:44:50.977072,2026-04-13 10:44:56.761502,0 days 00:00:05.784430,85.27472239338323,22.763270450938194,59.590674483309435,-71.5384335961624,64.185439331429,36.18992807665953,24.266359741465543,40.63138519950469,23.215289995134732,35.7129821532958,14.507492593121512,75.48879740391254,-34.67817716866058,99.63316064750029,51.54730359130047,57.54666147283124,48.048449911080354,29.169915522774396,Unattained target,GPSampler,PRUNED
302,302,5.215352784198231,2026-04-13 10:44:56.938824,2026-04-13 10:45:06.072480,0 days 00:00:09.133656,76.56097060893647,11.37654029382584,14.681707893389447,-43.43838339083726,45.71802846042712,29.799580008594504,34.07864638023689,39.734212335129484,17.528568161283992,56.69857394624258,65.7930895757976,65.49036775989637,-28.1929658791856,95.04199567537088,26.755296877918322,82.14802302051979,49.78733178980344,16.49523391923804,Unattained target,GPSampler,PRUNED
303,303,10.839916543674022,2026-04-13 10:45:06.250954,2026-04-13 10:45:11.634610,0 days 00:00:05.383656,77.70283739418296,51.871086076420056,23.349807960942172,-67.44789821097302,19.4456562015314,85.18811445093664,72.83567290708083,36.975433671629986,16.230654878054224,63.88113894489312,61.26036699984187,12.963716725336788,-62.45946753119071,69.62501718501397,15.999235235542377,86.52073781619123,31.46649572474155,10.163853110520451,Unattained target,GPSampler,PRUNED
304,304,10.689965666198226,2026-04-13 10:45:11.787543,2026-04-13 10:45:17.351804,0 days 00:00:05.564261,60.0277950427433,48.63101546933262,81.00445130310177,-22.57658699714507,24.804509548409747,85.12048979795418,11.350634829226188,42.89909094910588,22.25251627771563,91.35503809292244,76.3490016518868,65.70902471943236,-63.961205565702556,61.35161988871428,53.07214482001851,60.15371950123063,39.78675531336203,19.65152721116301,Unattained target,GPSampler,PRUNED
305,305,6.358537997011538,2026-04-13 10:45:17.519504,2026-04-13 10:45:22.909692,0 days 00:00:05.390188,70.97628402272667,45.39276645699913,94.92301321814777,-43.25925154308763,78.35911245030564,87.04434125232197,35.81973257767555,43.509955731552225,16.452880173631605,94.69395664308462,99.24096110326612,91.02861739746317,-28.358031865720356,69.39714980530417,13.433812348798337,58.858156147204355,44.55597409634439,10.853200438409702,Unattained target,GPSampler,PRUNED
306,306,13.493891157574453,2026-04-13 10:45:23.069732,2026-04-13 10:45:28.651837,0 days 00:00:05.582105,10.810243357677919,47.13875997886954,89.6305493185972,-27.65162135657547,88.77691874145967,54.82395475132521,20.107551739396435,40.231527047969536,26.024940097427486,30.723263734546492,52.399992357394176,42.91681445595039,-66.88631381790762,98.81722353200601,59.009256715599854,71.05018085994773,41.663994875561045,16.276880151016268,Unattained target,GPSampler,PRUNED
307,307,6.731859120063795,2026-04-13 10:45:28.823295,2026-04-13 10:45:33.959965,0 days 00:00:05.136670,86.31937443481114,72.62752168920744,36.0908740908231,-54.82775230245946,64.61101391837613,39.36013509407802,87.61422401558065,32.67435077859558,22.82246729483238,92.79704554413755,99.77581646293521,59.32383288399135,-28.163683377918844,71.09368408838391,90.01978548734618,79.48271370736354,41.17949593601596,13.526485886211447,Unattained target,GPSampler,PRUNED
308,308,5.686028575804023,2026-04-13 10:45:34.155155,2026-04-13 10:45:45.225221,0 days 00:00:11.070066,85.11088499859035,31.3709847666081,14.76888684309839,-26.551157886165683,88.4657327244527,33.59096480758648,68.64217562206377,39.92747421705015,18.31533608037141,11.413900295615193,57.90396615928624,21.342349027341,-50.86778806615835,41.442717031884136,72.55462300496386,14.901760379267794,49.68185020831543,13.70013955382124,Unattained target,GPSampler,PRUNED
309,309,8.757518818956829,2026-04-13 10:45:45.388598,2026-04-13 10:45:50.680053,0 days 00:00:05.291455,57.33041586026366,85.41490441071335,66.07251642322296,-73.03392653591818,32.133120931033446,63.75384181994213,77.9813176893167,48.08565282977756,27.74520800086707,78.77339455635021,37.69597148646503,76.73424436679252,-66.72259894823034,17.307884744402728,88.04828762860313,98.8138213507931,37.20531790123229,16.40921886582754,Unattained target,GPSampler,PRUNED
310,310,23.121548795570483,2026-04-13 10:45:50.849945,2026-04-13 10:45:56.197872,0 days 00:00:05.347927,45.129658303799935,81.23775013780586,32.55583097170404,-35.49340481375322,42.02678373576461,67.50322934853884,67.83315479026112,31.920588874134154,17.630180300418854,97.5641517975064,69.9292599150312,59.97635996326175,-73.05240670298605,62.98089176350057,27.549718128820768,62.737715816733335,45.06315989709806,29.473698714668743,Unattained target,GPSampler,PRUNED
311,311,5.738987434109944,2026-04-13 10:45:56.390111,2026-04-13 10:46:01.770228,0 days 00:00:05.380117,65.96136069745671,76.37629266519573,49.74655729636281,-59.67300120962792,82.14926428983446,56.14848752442034,77.71436642381921,38.863336453634005,27.220688352418833,59.33392611805584,14.481762606895492,84.90726644322669,-48.31657116180684,30.415973260145684,10.387900658494132,39.737814179116015,46.35676748611942,16.401844215589293,Unattained target,GPSampler,PRUNED
312,312,6.003219571851936,2026-04-13 10:46:01.911396,2026-04-13 10:46:07.306116,0 days 00:00:05.394720,72.85982706054051,50.003490182649955,73.75473154972173,-38.336100536984645,74.40841652595354,42.4629632255867,24.4396850346671,43.14656294203021,15.497120414135397,17.88712300049408,58.584018792152094,82.30289085696417,-27.719777440808812,46.54539621804926,78.47501656399932,41.518013799911714,41.37795210716056,26.69108347869176,Unattained target,GPSampler,PRUNED
313,313,14.102593346987625,2026-04-13 10:46:07.466083,2026-04-13 10:46:12.924232,0 days 00:00:05.458149,47.56066058761897,97.38279566653061,79.8905864386498,-73.7166657198833,91.26970070224304,82.32546163992517,74.47450672508525,32.83387638819198,18.22108374605824,24.075070776388714,52.008159780972846,20.104377765357622,-47.52193085538812,87.31275362259586,42.00487099645742,77.14063470568982,32.7464060027012,10.248031035832401,Unattained target,GPSampler,PRUNED
314,314,6.039889910952748,2026-04-13 10:46:13.086720,2026-04-13 10:46:18.490589,0 days 00:00:05.403869,79.96648676970892,16.16032595206276,32.38496814352218,-26.49984799389027,79.08655502379534,80.45040551847944,90.66696948849511,41.81752647465795,25.747451343952186,71.99552498955583,43.44741040695549,68.17852371345296,-35.073329916838944,58.068704613170496,87.95331088214309,66.95361735839762,37.35569696236447,22.411719887280746,Unattained target,GPSampler,PRUNED
315,315,5.835530757329273,2026-04-13 10:46:18.655236,2026-04-13 10:46:23.833747,0 days 00:00:05.178511,69.48170116401803,43.870510933502295,57.006354443742396,-66.2139896606762,18.58718650510299,60.1250962102457,47.86000654367454,46.02186078517338,27.84432352645761,43.277649789062046,81.73437765508584,85.09308564584015,-61.4934737821404,79.22693110325969,61.29213502764368,85.6415461957808,44.10373988370922,10.398201328225785,Unattained target,GPSampler,PRUNED
316,316,5.754222142198444,2026-04-13 10:46:23.993007,2026-04-13 10:46:32.950561,0 days 00:00:08.957554,21.11817080942435,12.978621984603846,44.53609172159241,-42.82637480726114,50.88731621746383,12.44568319254011,89.19167499258958,34.555801110430096,19.076985811858652,89.13678382550283,84.64011768068211,41.148803394011466,-44.17444227446995,46.3415952789828,16.736067874450743,63.642288192003406,30.34515815621156,18.358030716724393,Unattained target,GPSampler,PRUNED
317,317,5.601526645100442,2026-04-13 10:46:33.112244,2026-04-13 10:46:38.285890,0 days 00:00:05.173646,37.71714983849262,65.35926102740174,43.12463456959012,-58.55366824375638,79.62049117687259,70.76962375478936,87.24264707054623,45.11357117590833,25.746780956885427,70.86769981127364,38.952324597809714,17.984013878409808,-35.950324012865316,20.866228636410856,68.82050997369339,73.1167439808763,32.39407218678176,25.602308836317576,Unattained target,GPSampler,PRUNED
318,318,6.542371466479661,2026-04-13 10:46:38.450715,2026-04-13 10:46:43.570937,0 days 00:00:05.120222,66.52985510109517,18.84037630326327,11.782013599172661,-54.457361700669296,54.41178802181143,50.727382303444266,28.798964072057444,32.20170597301198,12.432500521395433,97.10203591672284,33.94191101783073,10.462898566009219,-57.09449309560746,28.53855144698106,75.47412072695431,91.29137849561515,34.15521737837286,24.03758729552143,Unattained target,GPSampler,PRUNED
319,319,5.880673789407339,2026-04-13 10:46:43.743643,2026-04-13 10:46:50.988556,0 days 00:00:07.244913,59.17368900899682,28.145072870695294,76.42480175873506,-35.16372350699567,12.09125097622802,32.075197833733384,93.6659978730703,34.11939534919146,15.052069778742776,61.2178053491894,97.92121080517663,40.83413027579549,-72.53984338090336,25.98349002736922,57.59658416848426,62.15670484424254,38.0037199041123,27.083787563890166,Unattained target,GPSampler,PRUNED
320,320,6.952771989026893,2026-04-13 10:46:51.146417,2026-04-13 10:46:56.481229,0 days 00:00:05.334812,70.40940758117057,31.135988711680287,27.03332749320451,-47.89584942620012,22.182136059303154,59.20316992541112,22.31297682646074,36.62862003906079,28.727846785845372,41.110910445834065,53.80959591801656,94.70134096505141,-38.955795006541294,68.41810155206721,70.90992994231931,20.21013168054199,37.652465770671654,23.448485548986657,Unattained target,GPSampler,PRUNED
