,number,value,datetime_start,datetime_complete,duration,params_lLegPt.lL0,params_lLegPt.lL1,params_lLegPt.lL2,params_lLegPt.rA1,params_lLegPt.rL0,params_lLegPt.rL1,params_lLegPt.rL2,params_lLegPt.x1,params_lLegPt.y1,params_sLegPt.lL0,params_sLegPt.lL1,params_sLegPt.lL2,params_sLegPt.rA1,params_sLegPt.rL0,params_sLegPt.rL1,params_sLegPt.rL2,params_sLegPt.x1,params_sLegPt.y1,user_attrs_prune,system_attrs_auto:sampler,state
91,91,5.38514422089991,2026-04-13 10:18:15.578314,2026-04-13 10:18:24.873779,0 days 00:00:09.295465,48.112166299045306,23.232333754721104,58.536733633695754,-79.57690691061879,56.596096394827626,76.05742528268306,33.84480632200363,35.51299064095212,22.88104131608632,54.29630471082652,23.079906608086105,74.74104967308011,-29.964626891950168,61.52075565603536,70.51075856708968,23.796649675482115,31.88226621777192,12.001063283179217,Unattained target,GPSampler,PRUNED
92,92,5.633264856584937,2026-04-13 10:18:25.092163,2026-04-13 10:18:32.810722,0 days 00:00:07.718559,98.02081920560396,71.6729874424365,65.40100698438593,-38.97833499852253,24.65745932170326,45.01731212702735,30.299537748441434,49.79157076368635,15.604221711597532,40.24742940078487,73.48986284212195,12.896876424595055,-43.92437979175306,71.8256370290473,65.65536633701802,62.25953037409905,33.51268597241687,16.60340870631591,Unattained target,GPSampler,PRUNED
93,93,5.1178503923093075,2026-04-13 10:18:32.968253,2026-04-13 10:18:54.751706,0 days 00:00:21.783453,64.72931312005294,27.84037216535473,66.44928850025245,-31.748781754738097,87.89042797337139,41.632852723303316,31.66160569585528,45.09969526687186,21.47364044377145,17.898965294499696,27.277090857541815,22.961242723288954,-69.45505283368205,28.68914022815371,52.195039824846,30.94832208284119,35.945710798383196,20.923944812319853,Unattained target,GPSampler,PRUNED
94,94,5.160905705489611,2026-04-13 10:18:54.949915,2026-04-13 10:19:06.281863,0 days 00:00:11.331948,79.2630155837732,95.02754811146079,46.566802823697635,-35.14498532767377,64.25171449856333,60.33339402662014,12.10661921555534,49.521284895017246,10.899881093606275,62.27602040435055,46.47638619605831,99.48832714798785,-29.072533270880406,27.311869587137238,89.54240514088556,16.730168965576887,37.67694994207784,28.369443266028902,Unattained target,GPSampler,PRUNED
95,95,7.091548627751838,2026-04-13 10:19:06.422940,2026-04-13 10:19:15.453249,0 days 00:00:09.030309,90.40431408875327,22.88079063483734,83.75700200182484,-46.10273143406257,54.028572430242626,53.351272483249595,56.81410321649993,42.52918370972346,25.80311182683981,56.907995742612925,23.674575588146677,59.55867168582621,-49.33214194160389,69.92866134297854,88.16244331325585,81.0948936325788,45.0690573042904,13.692944756251244,Unattained target,GPSampler,PRUNED
96,96,5.657109407459071,2026-04-13 10:19:15.600802,2026-04-13 10:19:22.570021,0 days 00:00:06.969219,40.274562464514844,81.09506825174883,33.14585752276201,-56.49641969594979,50.993958043668925,15.87024739255296,69.5431883451686,45.06632926666187,17.576632967836993,30.409373589985037,74.77200150744052,44.102495504507054,-57.32504337608391,24.055115846530988,96.70173326897518,68.11174994760478,38.975147320004844,19.035392867445182,Unattained target,GPSampler,PRUNED
97,97,6.35513178494994,2026-04-13 10:19:22.739470,2026-04-13 10:19:30.412294,0 days 00:00:07.672824,40.002073566023654,48.603104681001824,31.501062666027686,-34.48821898495364,27.451437979863602,77.71638480580556,18.352509900385634,48.15692834706739,11.48671268283042,85.97028044842287,64.29118051302024,83.30590387475569,-30.24055926924249,95.37878219355605,83.58934209071798,92.48471794427208,41.41882478724904,21.929511875094384,Unattained target,GPSampler,PRUNED
98,98,13.035865753771148,2026-04-13 10:19:30.557459,2026-04-13 10:19:37.694163,0 days 00:00:07.136704,81.51642861721781,36.517297046038976,64.51930561646353,-47.06455082514808,62.30164027458487,59.81454473899202,13.75559614135419,44.146661631747904,14.758921533580619,31.31964104086139,84.64632162527084,34.32235007190911,-22.823022755070127,13.546116138216494,38.1107086078015,45.169371831646494,41.155805291627274,15.56116951336377,Unattained target,GPSampler,PRUNED
99,99,7.236151184940979,2026-04-13 10:19:37.889737,2026-04-13 10:19:45.435994,0 days 00:00:07.546257,61.333704170273066,75.39398014560308,96.12963610691229,-60.469022582904906,98.0733209736464,84.45911427129141,88.50550757046481,39.680191994998886,10.987888325149397,67.82603263976786,89.82298558194533,20.20293763163972,-63.75809500966732,50.272509816494264,70.13864425546012,78.40323278229985,40.440444409778166,27.345949772738287,Unattained target,GPSampler,PRUNED
100,100,6.8453031597913565,2026-04-13 10:19:45.613361,2026-04-13 10:19:53.141906,0 days 00:00:07.528545,94.55077441134067,99.9266905981644,64.36749579146917,-60.56014312551578,44.06220204210578,15.93423500458325,82.34437016426469,36.27112125492524,10.398396435884901,54.34572749189678,59.368548509227665,74.52208130631911,-62.8898310242853,64.50459558789774,80.82244285474714,74.24797814427318,33.68534373547178,16.844886210044947,Unattained target,GPSampler,PRUNED
101,101,5.314900369286878,2026-04-13 10:19:53.288250,2026-04-13 10:20:00.552751,0 days 00:00:07.264501,37.67145772175894,10.759971234715678,22.43511929452254,-68.1390931311165,72.74901549489357,28.365966060040424,33.87716077705824,36.9027823468224,14.411104127444332,28.017657236649622,80.44195304317337,63.36653239546923,-50.39781962368703,88.62073980814066,22.97725712961859,72.4460824131937,35.08145724841841,10.896472747464795,Unattained target,GPSampler,PRUNED
102,102,7.023332604361073,2026-04-13 10:20:00.738263,2026-04-13 10:20:08.133224,0 days 00:00:07.394961,54.625436267778156,68.8923208715523,90.13646607299867,-21.56654629355851,76.32635524529536,25.316704711509807,44.62260941272574,43.67176794184005,13.85575305151461,80.09986872527683,55.12303725756182,95.36325732860719,-30.923484966695234,66.92488084785347,81.1451897267787,98.66572342272221,49.01859861672228,15.326026743347377,Unattained target,GPSampler,PRUNED
103,103,5.079730490956607,2026-04-13 10:20:08.279669,2026-04-13 10:20:15.802647,0 days 00:00:07.522978,67.82476807161487,37.64606278742862,99.02755065704892,-61.52792422793626,67.04956991008089,55.89851522250967,67.56276807583797,36.236931978412045,13.131135637151099,12.44393223414024,63.246833676814695,51.741897087279916,-21.530891402329715,25.43483281544352,47.60050939853051,10.352483124014332,38.43141546404792,17.60031626128425,Unattained target,GPSampler,PRUNED
104,104,7.370253291582777,2026-04-13 10:20:15.936733,2026-04-13 10:20:23.317397,0 days 00:00:07.380664,52.86131624595135,75.42338179389165,33.99866701979695,-53.07003495552539,30.88470880124856,45.49892153848306,65.85457860393444,44.680462046525385,11.672769134730805,97.73521769672065,13.263000264032101,22.58549280254023,-30.00317554579648,69.85558183452372,74.63887870324807,69.28864033638797,40.436854330924675,21.82722134026635,Unattained target,GPSampler,PRUNED
105,105,0.12527428208037605,2026-04-13 10:20:23.478086,2026-04-13 10:20:43.568382,0 days 00:00:20.090296,46.80385270222767,97.81932806741581,76.13768291374724,-32.40732234976177,99.96905270120662,40.99020008343009,24.179551589550186,40.12650207008392,28.41525892955125,94.78327743202432,25.208436419963707,44.230055330550506,-38.508233018215634,54.1183149622538,12.319278247215962,47.47918831535223,46.557009751856505,15.217699836076779,,GPSampler,COMPLETE
106,106,5.867349624803424,2026-04-13 10:20:43.744632,2026-04-13 10:21:03.894032,0 days 00:00:20.149400,50.248991365559,62.75081514321581,14.375236944214844,-24.933989703724855,35.72295015768644,23.060539435401786,97.12580600625722,32.44531409846994,14.521596124771323,38.73327523885993,81.71888133578332,75.74018350522032,-23.594253541378755,59.83230054954299,98.38995526836578,14.695906042592075,30.352480975248056,25.925666647536936,Unattained target,GPSampler,PRUNED
107,107,9.922725612953279,2026-04-13 10:21:04.035858,2026-04-13 10:21:13.089538,0 days 00:00:09.053680,88.91938765457314,66.03592673446028,51.503843816846775,-52.571338517916985,49.18318442502048,90.93330059959183,73.45399541498935,49.17130365456766,13.970587857396222,68.63134080600163,43.752906374115774,13.12810500900612,-24.98905478458699,21.32291424319613,97.63908945460837,99.55759779966263,37.594739562082225,13.571990019675546,Unattained target,GPSampler,PRUNED
108,108,5.238856159378692,2026-04-13 10:21:13.232907,2026-04-13 10:21:32.644689,0 days 00:00:19.411782,83.02294297447521,81.1658538282223,12.979402951344422,-72.63709476282644,11.867034888117615,18.758262619619252,15.854968664334276,45.72034343400862,20.146288632739534,19.98543412798964,14.62953623472987,66.16252363647232,-51.25620803211342,71.79687231765143,81.98392820060594,57.64793719805352,45.583199143171115,27.00329810248232,Unattained target,GPSampler,PRUNED
109,109,11.259733241545426,2026-04-13 10:21:32.867164,2026-04-13 10:21:41.040832,0 days 00:00:08.173668,91.11153936855686,92.78941936023136,86.91490795652429,-45.114135890364054,82.2187504337863,95.89843133483124,13.336482107259696,37.51765597007125,14.252445955561672,12.641388108371647,90.64360040854113,22.511915846107478,-60.5752091093395,87.09201484179448,93.5010995913141,99.94944103624017,32.391373781119675,13.863122151212517,Unattained target,GPSampler,PRUNED
110,110,5.166563883804777,2026-04-13 10:21:41.186836,2026-04-13 10:21:55.711741,0 days 00:00:14.524905,67.6990818935225,26.636536627479504,54.66415550029157,-61.55497622674391,24.024844695009108,42.11924057948304,62.27020893503371,45.75434001251746,18.403582714019432,35.0004701874995,98.57721686824647,12.254190605084293,-46.358425066697755,34.02830817861958,80.81562974398253,67.22487344293975,38.05248607390989,27.862287811472587,Unattained target,GPSampler,PRUNED
111,111,5.157183055488417,2026-04-13 10:21:55.915790,2026-04-13 10:22:03.262435,0 days 00:00:07.346645,42.6390620374244,69.10302020708875,62.40619606975569,-30.390904436756784,86.91983975857083,32.07984359709721,33.19601443587606,37.76816227687074,16.7745303433341,16.62329446543653,11.060860633060418,37.21972496839847,-27.11727367389804,91.77883252668617,15.936695490099371,58.71086207301203,36.27109063514577,20.940302148908064,Unattained target,GPSampler,PRUNED
112,112,9.137356934215617,2026-04-13 10:22:03.441307,2026-04-13 10:22:13.051312,0 days 00:00:09.610005,45.07713495955781,91.34561093096363,34.03997048313721,-47.25674856016017,25.438364949853558,86.04321739447249,11.60153303070626,44.166538415660106,11.28249164052268,39.05295975637432,22.30827128704133,68.47384997718927,-41.158058396053036,85.44293179081933,64.2391687560216,72.83873251719127,35.45478682733052,24.22776537165754,Unattained target,GPSampler,PRUNED
113,113,5.054903400724296,2026-04-13 10:22:13.225369,2026-04-13 10:22:21.152853,0 days 00:00:07.927484,45.885238608164194,55.61829392387315,11.481803903355354,-21.405698146803132,74.81512125627805,52.833974775034655,42.28771582423155,48.977647606475884,27.479991188870223,14.819872595850022,60.58333850181919,99.00151026955933,-41.32277701618409,74.69712477246563,73.2302651140528,34.56147092325081,48.09352251723219,23.475858449295316,Unattained target,GPSampler,PRUNED
114,114,5.130566363811411,2026-04-13 10:22:21.304102,2026-04-13 10:22:39.025766,0 days 00:00:17.721664,97.43671283510317,65.80424144658113,61.606634246720375,-22.357814411215564,21.674213880254197,58.109331916983045,79.88709734810917,34.688630314263975,17.775896769212814,48.24041462208964,84.25454220792889,51.86154167379988,-61.236978104180366,69.39199778968677,10.80099942701797,95.44789314050094,45.87460316242395,16.10323983043041,Unattained target,GPSampler,PRUNED
115,115,7.481319480566043,2026-04-13 10:22:39.170669,2026-04-13 10:22:48.468568,0 days 00:00:09.297899,19.370118089805278,34.43652954759737,53.21013518004343,-43.522250498379535,58.86889867796691,92.72691208166532,85.60396008333208,43.87579222677466,16.32638389967293,42.629240286237,91.17827127733084,13.74576875117792,-61.45980227252059,52.34892100344891,74.16065150614834,81.28828317965589,33.19661008813592,15.636883789704893,Unattained target,GPSampler,PRUNED
116,116,12.154737807689159,2026-04-13 10:22:48.608856,2026-04-13 10:22:57.303999,0 days 00:00:08.695143,73.35244023042162,58.89272495383266,98.26458907521877,-75.12121935549786,55.93323622505991,81.38975439481104,74.86639298880276,41.621012866588416,15.740562811938283,72.99144198210705,96.50581495772062,35.02460855585841,-49.80537460168887,35.482507586061516,65.5902194658224,15.711143539882794,33.54663041541922,15.735940907905778,Unattained target,GPSampler,PRUNED
117,117,5.62742557299282,2026-04-13 10:22:57.481983,2026-04-13 10:23:06.805088,0 days 00:00:09.323105,51.09030929481189,15.622626704922467,75.13908052458405,-40.547141374731346,68.03069088552583,79.6379875412862,20.077855143990497,44.671484316521024,11.647346017000459,53.931171438155474,37.83021881519383,87.73057229096607,-55.60297358218838,99.33949833975522,51.01783008789885,77.98740668746365,49.089404051877835,25.703157992622224,Unattained target,GPSampler,PRUNED
118,118,9.824436169495172,2026-04-13 10:23:06.977399,2026-04-13 10:23:15.057550,0 days 00:00:08.080151,35.000272757917394,58.06752554443955,57.99365056003851,-70.1845279465494,92.81487125363776,89.09098157800406,12.245874417376385,36.81172694513379,22.701899210598526,33.637043202491,46.02257574656462,18.75168403878359,-44.87253264287688,55.91434086149655,84.57537284549511,35.404033521318226,32.274397580634314,15.201428656790505,Unattained target,GPSampler,PRUNED
119,119,5.892627094348647,2026-04-13 10:23:15.210510,2026-04-13 10:23:23.577764,0 days 00:00:08.367254,47.71134972358731,56.22507695577158,49.090674339447496,-48.34491302217185,54.902419924881315,77.61635953202973,60.27474796736175,47.29291853822394,26.86654388318366,62.551998026135,36.852793184507576,55.71766587998919,-76.28879070477733,43.975284957055486,32.99572357019935,93.77247419558174,38.582112979525206,27.66848396618211,Unattained target,GPSampler,PRUNED
120,120,5.422823669874916,2026-04-13 10:23:23.749235,2026-04-13 10:23:43.182342,0 days 00:00:19.433107,41.15830430518399,27.510368696824166,25.914218446164725,-21.272866608753112,35.84899229496833,13.559091639683984,93.67023136032192,31.43387923974505,27.396637261126273,36.26822143842625,75.74926722352129,84.15398770318967,-21.79663153504886,50.17473047129526,59.0855894137338,66.86086574364657,31.21920321897061,16.11151237782014,Unattained target,GPSampler,PRUNED
121,121,12.354248080886457,2026-04-13 10:23:43.340046,2026-04-13 10:23:51.867827,0 days 00:00:08.527781,26.704478030787044,88.0695714082479,55.03467552962293,-27.415959915353056,35.7019454721736,37.05493969807458,97.17313274929116,40.349735496740266,27.090147985874435,68.00470327470347,83.82217372666722,66.70796468005258,-45.48797031316026,30.556792564963093,98.60516098690604,40.3557640652833,49.552885986340115,25.48082664528415,Unattained target,GPSampler,PRUNED
122,122,10.88240848226475,2026-04-13 10:23:52.055442,2026-04-13 10:24:04.394846,0 days 00:00:12.339404,93.32144336966252,83.5396726474902,79.49875598143704,-58.55106522597278,11.829539319868985,78.97134001792816,95.30239406240612,37.609730318398825,17.529953926671297,20.596149010563472,45.33437212173839,71.17027458526866,-79.84137318195565,89.7254426076543,40.62603490487935,42.44700525462882,49.53605324102241,23.029118392587662,Unattained target,GPSampler,PRUNED
123,123,12.207217674885861,2026-04-13 10:24:04.557050,2026-04-13 10:24:13.192743,0 days 00:00:08.635693,45.73680372418043,35.2867964447983,84.95797986576838,-37.99775528970901,12.709734934413639,89.99488787984387,23.748257906989952,33.81095555011552,23.712809268294517,56.13716595864745,99.71705413400974,32.718086857818165,-56.80696096515104,82.28511210632584,98.78614644520715,75.17846113125209,36.80906885901158,16.94532695631981,Unattained target,GPSampler,PRUNED
124,124,5.466092349266866,2026-04-13 10:24:13.343758,2026-04-13 10:24:21.367239,0 days 00:00:08.023481,90.21665353029563,47.809631427442156,84.88462407288135,-26.17927960677668,45.750862657701894,67.06375817728193,22.233281175054962,36.404192186733475,15.18556341085655,77.61165401537026,58.305798524405475,72.16880308963452,-41.60128283125387,31.935319863722682,59.57761058762362,69.01801849903106,32.620301357301514,14.024114509680858,Unattained target,GPSampler,PRUNED
125,125,5.280116609651742,2026-04-13 10:24:21.508182,2026-04-13 10:24:28.699852,0 days 00:00:07.191670,80.38901548194322,62.27739915996411,11.993345387031102,-66.43319130039987,13.516304461195837,39.346154527459376,53.57700686058625,49.01600355286812,22.92030037823791,23.29190419805569,89.64290684275149,28.299562658188467,-61.99494527101511,50.00439509726695,78.30065755506466,19.368908150171436,49.58432024717207,11.956164548385788,Unattained target,GPSampler,PRUNED
126,126,12.955273878932118,2026-04-13 10:24:28.853826,2026-04-13 10:24:36.199365,0 days 00:00:07.345539,42.57378063405286,81.77831035512676,11.201859010364405,-78.45656206741755,57.6429230472829,88.16595197051718,16.650608259921242,43.887977678025706,10.643882307953849,57.343552862570036,85.56115033046703,35.84384322853012,-65.4525842585803,71.38815636816634,45.29853801223248,20.02089546414487,40.14243638333521,26.590560853916145,Unattained target,GPSampler,PRUNED
127,127,5.1285603766130095,2026-04-13 10:24:36.431425,2026-04-13 10:24:44.487180,0 days 00:00:08.055755,18.856363107922803,22.197617317225685,95.10641873910964,-57.30721626579296,73.80620035261327,44.438094154152104,22.637068600019767,31.606879296709437,21.13750135468186,53.30499110638543,26.05263364116752,21.533839547597466,-24.72746034490784,64.57874728980323,34.83993774969796,38.36208991434805,37.938503730773604,23.694310061251265,Unattained target,GPSampler,PRUNED
128,128,6.0740774489639975,2026-04-13 10:24:44.631583,2026-04-13 10:24:52.628349,0 days 00:00:07.996766,55.49383435610372,80.28054880677287,23.660807842498436,-49.75349350717094,89.83565459287126,41.073281336592444,39.404442276339616,49.233937195715654,20.358127228241795,86.93988264521748,54.30157058046931,72.21682725024662,-41.687363974450605,55.225273196115786,89.6690375551663,79.64170577993455,36.725953907143726,11.928670378086,Unattained target,GPSampler,PRUNED
129,129,5.386782113589973,2026-04-13 10:24:52.913009,2026-04-13 10:25:01.425806,0 days 00:00:08.512797,33.93537806055494,32.86629909291113,80.34394003899796,-45.64165186863452,52.50694847728325,63.838127820283326,56.7245383000703,44.97883560178184,11.702083228832734,31.05530752823704,54.09707965232861,73.60355314810714,-48.15409997891195,50.36839871814994,31.039225645432282,83.58050603928336,39.04478594130764,28.89453299850917,Unattained target,GPSampler,PRUNED
130,130,5.986868159090676,2026-04-13 10:25:01.560529,2026-04-13 10:25:15.343567,0 days 00:00:13.783038,91.60865176552203,19.866445836986625,24.815378630013598,-67.3756974045298,24.08014144068467,28.07672054821407,83.3899983901208,30.82407425244537,22.814287551728412,22.238683578378208,44.134713660695105,12.306162243490412,-21.467425802362328,86.98017626332006,50.000752754286815,33.421770090159484,36.33192882047931,11.87505586828653,Unattained target,GPSampler,PRUNED
131,131,5.362278981143682,2026-04-13 10:25:15.507296,2026-04-13 10:25:29.242495,0 days 00:00:13.735199,36.19564775263673,44.75097332401424,61.51828093598321,-56.40836420108742,13.566679771872352,27.84105040445689,19.610104900319996,40.18839871827923,19.738963778487772,48.30435725622632,63.721938528250334,57.21472520582788,-44.47563099082204,67.62866118959707,10.973290813223292,99.37935726366531,38.58729697640155,11.102336496531905,Unattained target,GPSampler,PRUNED
132,132,5.858633799748354,2026-04-13 10:25:29.393339,2026-04-13 10:25:37.133727,0 days 00:00:07.740388,40.447981456578646,83.6861032536937,86.70228570817136,-46.25695783460921,18.580468739118825,23.368435887883255,57.29020061142511,35.75174329552203,24.03123557486833,77.86694576345545,29.110217286049128,54.511980000131096,-53.55143085908828,56.07621154389895,38.68325760887372,29.93445694191745,42.24084953456793,15.000953506133198,Unattained target,GPSampler,PRUNED
133,133,20.088470389849135,2026-04-13 10:25:37.309715,2026-04-13 10:25:45.493769,0 days 00:00:08.184054,42.32052799917387,64.39885861700847,76.66444387089653,-34.39146370525141,21.438997551027583,72.7775529970807,42.471764185811615,45.73879447356276,16.693287406417706,49.86126691552283,69.46421614076618,48.16867567444346,-65.11725638164954,79.66873151234222,58.87061535896243,94.55780146673364,30.080212825300553,16.990642816439767,Unattained target,GPSampler,PRUNED
134,134,5.447851195538718,2026-04-13 10:25:45.636908,2026-04-13 10:25:58.648821,0 days 00:00:13.011913,68.02810236766885,33.95821878411141,18.77070676610301,-22.128249672653283,26.531814042057967,11.20467491886641,49.051582301284824,38.81681022504527,15.413098933558317,17.74971982045202,20.258957564315146,76.36231098563549,-46.84937518964261,53.3012431874525,42.66348322967193,61.23496661651018,32.63805016266345,28.498845556553654,Unattained target,GPSampler,PRUNED
135,135,8.10802849759239,2026-04-13 10:25:58.809156,2026-04-13 10:26:06.388547,0 days 00:00:07.579391,65.0959989034236,35.20091226744745,26.809277664140808,-21.40860597321454,76.1266581889279,41.640185785250495,73.30521407198367,43.142849434764656,22.93072769827318,66.76290817174956,79.88155662636075,40.14178101706044,-34.02203346244446,86.80025312178938,48.49293590159274,63.68680658768273,40.38258447029915,12.04542056705975,Unattained target,GPSampler,PRUNED
136,136,13.590689872898942,2026-04-13 10:26:06.589185,2026-04-13 10:26:16.141145,0 days 00:00:09.551960,85.10745782785546,91.79747755189811,36.59363280806672,-44.76765396559664,97.85204011313647,91.31009209254684,91.43483596893658,40.91240740711776,21.343090786943584,63.07791570981972,92.68362771230606,35.28059287781511,-38.86780434673037,23.50494682611418,92.08130106516637,83.25977269413275,31.55036307761272,22.01123538407376,Unattained target,GPSampler,PRUNED
