,number,value,datetime_start,datetime_complete,duration,params_lLegPt.lL0,params_lLegPt.lL1,params_lLegPt.lL2,params_lLegPt.rA1,params_lLegPt.rL0,params_lLegPt.rL1,params_lLegPt.rL2,params_lLegPt.x1,params_lLegPt.y1,params_sLegPt.lL0,params_sLegPt.lL1,params_sLegPt.lL2,params_sLegPt.rA1,params_sLegPt.rL0,params_sLegPt.rL1,params_sLegPt.rL2,params_sLegPt.x1,params_sLegPt.y1,user_attrs_prune,system_attrs_auto:sampler,state
413,413,7.7565600777725905,2026-04-13 10:56:31.607123,2026-04-13 10:56:37.400433,0 days 00:00:05.793310,50.148501058331576,80.03054589043975,57.2103132127433,-37.8034128876649,15.99974242223626,29.48051532279035,47.98952604513932,35.71140533701995,13.35699132913386,45.37013711980375,36.846973327298485,80.05297891729103,-56.3467996027001,46.276912642797214,19.978890163145056,72.82576416675406,35.50031730140295,13.022929384843373,Unattained target,GPSampler,PRUNED
414,414,10.52183055388619,2026-04-13 10:56:37.583940,2026-04-13 10:56:43.005000,0 days 00:00:05.421060,42.554018354956106,38.688105296403705,75.15001406402483,-32.327040325947735,93.47085311720103,38.148326554199315,10.829173959621173,37.5649608675737,20.725876151483124,16.157912834076427,51.487721834339176,87.77217491811129,-63.195666966213416,44.240108384374516,77.63988589193927,90.47492242891131,30.279378902091405,10.291371979084552,Unattained target,GPSampler,PRUNED
415,415,5.807642567462665,2026-04-13 10:56:43.166132,2026-04-13 10:56:52.517440,0 days 00:00:09.351308,39.205996552547724,29.583282784425172,42.11231754250641,-22.53559265661722,21.226203019695607,63.762528376097244,76.54538820087869,44.87485161443524,28.882630303101816,95.95032800125095,41.415685643087144,86.73299061601472,-45.57632301781911,93.25696374409344,46.108010151399874,17.830825327726608,40.147317194348005,13.930408676744513,Unattained target,GPSampler,PRUNED
416,416,10.665360536926585,2026-04-13 10:56:52.696714,2026-04-13 10:56:58.150668,0 days 00:00:05.453954,50.46558350186597,26.539031254250684,88.09333134661996,-33.68509029538978,96.05751489101716,51.96966956319832,47.330396028164124,48.00248798164539,28.06061007712184,98.79996881909206,85.87800336648394,73.07724636818722,-23.8962415766826,99.65606052219732,19.651978289616462,58.73268955602201,41.47662212891423,26.48802668128977,Unattained target,GPSampler,PRUNED
417,417,23.375230627004846,2026-04-13 10:56:58.324110,2026-04-13 10:57:03.572212,0 days 00:00:05.248102,59.61470943797209,36.80100033449556,50.61100192594308,-52.73100227361605,35.93316982967295,68.78681119106496,94.77675637031943,32.334087536275625,28.31749841980479,63.02512767524281,73.07697671308449,49.25411300897,-64.20212562990703,90.22324487181587,85.05304178936366,67.12065322379655,47.59019892514726,28.627776460631015,Unattained target,GPSampler,PRUNED
418,418,5.285069477008861,2026-04-13 10:57:03.736812,2026-04-13 10:57:13.046999,0 days 00:00:09.310187,29.78389550502761,49.612932349774,21.216550896162286,-59.42474025308972,22.59029859661424,17.595962927261773,96.40423942581829,38.04629649060314,26.133938305948337,95.2889396681596,31.04021617438494,91.03956302968065,-49.045561524430454,22.11072346819182,70.4363540615567,10.627363250905486,34.10064154188209,11.697101451284599,Unattained target,GPSampler,PRUNED
419,419,8.058062602716419,2026-04-13 10:57:13.224075,2026-04-13 10:57:18.428432,0 days 00:00:05.204357,88.57021423041347,18.944350944931497,89.86856273994178,-67.10546780633939,89.0550561106313,42.54985324344009,72.57982887493043,40.49917996712969,22.327388279882033,97.25436338667176,38.4586021471954,29.89897218996994,-77.67631814207786,50.73413912500026,55.70684905195843,23.40719727597658,38.41878794687759,12.22005528310633,Unattained target,GPSampler,PRUNED
420,420,7.882599826852424,2026-04-13 10:57:18.601721,2026-04-13 10:57:23.855178,0 days 00:00:05.253457,79.16232283891833,27.13100657340387,91.4377026381824,-73.50903543550294,56.660188409233825,84.33746878067652,10.909575938746494,47.03040984472008,27.9059373898101,91.4872818480753,95.61587887068076,68.1031162452247,-54.731616285389585,25.606115438381124,63.51070645746327,99.57225589626316,45.909476827042766,17.780461263175358,Unattained target,GPSampler,PRUNED
421,421,5.5081399572191145,2026-04-13 10:57:24.018602,2026-04-13 10:57:34.064403,0 days 00:00:10.045801,86.95171030728991,64.16588455889047,28.764631641149958,-54.76933026093224,15.916440296002845,10.040197856993021,16.982889072028886,44.55107496388234,29.19765003847713,96.16941761344742,41.16683877678434,45.196725399429575,-20.632890596222524,56.96150743007637,25.320741729753152,56.123990247846294,33.33498531537003,11.837088735400382,Unattained target,GPSampler,PRUNED
422,422,5.96596335377739,2026-04-13 10:57:34.238217,2026-04-13 10:57:39.520932,0 days 00:00:05.282715,46.300050465503915,10.748185998253673,63.19989710719707,-59.17155107477061,38.8742085664895,49.38906555952232,56.51417464174955,47.50870387044882,13.911898747598803,88.43803020570292,56.55768506847335,77.50350930875105,-75.96945482774433,86.03090181956713,93.39710280445063,16.05467087190292,37.21991725914667,16.97821272632202,Unattained target,GPSampler,PRUNED
423,423,5.328754836785556,2026-04-13 10:57:39.691133,2026-04-13 10:57:44.931185,0 days 00:00:05.240052,88.06533487920458,43.830586195961054,45.518084369524786,-50.48139173366095,80.89510991472405,23.69952850894782,33.97349160570802,41.29090909871416,15.461967930599682,28.56066016367579,40.21209090655732,73.17132306165136,-66.70197694450214,91.03480671642585,12.652774750612892,91.32957868902666,44.56267693137445,12.012249470045848,Unattained target,GPSampler,PRUNED
424,424,5.315036164334948,2026-04-13 10:57:45.109330,2026-04-13 10:57:50.680902,0 days 00:00:05.571572,37.88037423000867,85.65120777574275,14.258378576523956,-59.05526212213583,97.65556519857986,13.533154841638186,33.70430980299942,35.011506658643896,19.280721094591918,62.23693932906748,29.456090139073876,68.66356178100227,-20.88199931196126,25.537722888601856,11.454955661483812,27.796025083236515,43.48769639060892,23.886348620137984,Unattained target,GPSampler,PRUNED
425,425,9.320007615053278,2026-04-13 10:57:50.840843,2026-04-13 10:57:56.351102,0 days 00:00:05.510259,80.34236531292679,33.57550197129122,68.72269583116224,-64.32572000076547,51.11389205792763,66.44921986152315,19.416205011011854,39.7793269207569,11.727353328170075,10.950915526978527,25.719616083753493,70.59099798380088,-68.56740476265013,33.89640631226523,77.50827203009946,23.546329602443443,38.519061766961705,17.786089154365442,Unattained target,GPSampler,PRUNED
426,426,5.826258848196062,2026-04-13 10:57:56.534142,2026-04-13 10:58:01.736764,0 days 00:00:05.202622,10.526413732289697,49.25300246160311,38.96223582701023,-26.203416157935486,75.76616848850573,31.866480146381907,70.06737880576193,48.79414763124218,27.26589447976522,29.872177166970076,56.511307185768096,74.26448869306944,-44.880187387800945,98.07484781464187,80.85847924683158,86.1630450489608,40.575411084496835,28.09048305953764,Unattained target,GPSampler,PRUNED
427,427,8.38728398996819,2026-04-13 10:58:01.901430,2026-04-13 10:58:07.273833,0 days 00:00:05.372403,82.70857942306822,88.63124254246108,31.702322920818474,-68.29557665015491,57.110800887380385,99.95426072234734,67.51818988288306,46.69583071848457,10.325815206251278,40.2466484805701,92.27462833720301,98.20356476200585,-39.43274298926627,53.04764002879102,72.8005959313681,72.32232116565098,44.635656682729845,22.05800362878179,Unattained target,GPSampler,PRUNED
428,428,8.695398242932086,2026-04-13 10:58:07.450124,2026-04-13 10:58:12.776920,0 days 00:00:05.326796,21.18951053899361,41.72719180098895,96.42474382595071,-31.325526213276397,17.97677703323602,44.38469717342615,29.712897153619107,38.65681346052815,11.400315158233255,78.74796154225817,21.551670805822674,44.79295060646228,-59.55279395390346,24.12670657625957,59.33399894253616,67.63546580366855,44.162830763914315,19.058965632978527,Unattained target,GPSampler,PRUNED
429,429,7.793065760066227,2026-04-13 10:58:12.943381,2026-04-13 10:58:18.199872,0 days 00:00:05.256491,52.7220810476613,85.28204455639555,15.832328107738945,-30.389308274502746,58.75471113513635,61.24241184849907,92.84275060524207,49.457491145659496,24.751322928092485,44.47767768161403,31.571985739910527,20.19170786814011,-31.842631007507926,70.24501833073633,81.23403161203248,70.96677318028418,46.04499532616005,21.963858205456646,Unattained target,GPSampler,PRUNED
430,430,5.11397660351556,2026-04-13 10:58:18.368533,2026-04-13 10:58:23.451561,0 days 00:00:05.083028,98.35279444664371,79.81607286162314,23.904007302147797,-64.04675731736573,89.70707629892907,35.2263254719917,66.52657631336054,32.53268418464615,23.263645655902554,34.01807131430016,43.09373976354754,45.40065849489133,-59.13671371507992,11.386265664634758,41.10744812175503,89.27422879429955,34.39378689428628,28.77030837794208,Unattained target,GPSampler,PRUNED
431,431,9.390290347766644,2026-04-13 10:58:23.615347,2026-04-13 10:58:28.771636,0 days 00:00:05.156289,18.192203590066736,96.85723337990513,46.301468971604095,-38.79017607205006,46.76215094541869,82.79913373824256,85.09490958704438,40.28303951486866,21.88263932960748,30.234223951945292,62.65484262904761,89.09378209054434,-43.63669380171574,45.781102349367444,24.701097529444525,77.41211976433272,44.3595233366856,27.003106264063316,Unattained target,GPSampler,PRUNED
432,432,8.411769411295744,2026-04-13 10:58:28.953698,2026-04-13 10:58:34.362591,0 days 00:00:05.408893,16.093680851441704,84.46303585748495,57.012385075076395,-27.57512824667515,18.00912536706283,99.61267513011971,21.28850875194846,35.18590960230708,24.09310410265136,45.864579394051745,57.70139961203039,52.64922790556099,-21.216535769617913,25.04921116347981,47.48109836783697,87.56671761752061,47.322823385145995,11.174265628739224,Unattained target,GPSampler,PRUNED
433,433,15.167594187896228,2026-04-13 10:58:34.537181,2026-04-13 10:58:39.871673,0 days 00:00:05.334492,67.77208595122897,85.87125569389211,14.458457840232995,-52.25570389788088,63.84358698551122,43.27842753597433,98.52115962926102,48.71045610213599,21.565071454444094,40.69521734432709,70.9802821229459,55.53508238447552,-24.50960481063599,92.12372297122226,10.867282908322354,24.243252051026893,43.63071775694067,17.888780522749364,Unattained target,GPSampler,PRUNED
434,434,5.178049939686126,2026-04-13 10:58:40.049810,2026-04-13 10:58:45.312524,0 days 00:00:05.262714,82.36574565392273,59.564756419721945,63.397531337971884,-40.97753014472893,78.97515765773502,23.078320312694014,82.81237124792209,37.649102112010446,11.994286875994604,34.71297648851412,67.8266063366174,42.971677769902605,-52.09996762828572,95.42120022210837,18.667532165872444,15.648338516216878,42.22484488473235,26.208405188016883,Unattained target,GPSampler,PRUNED
435,435,7.1683396623533895,2026-04-13 10:58:45.473254,2026-04-13 10:58:50.802051,0 days 00:00:05.328797,80.08955460872492,80.97806552957223,36.18171008105132,-28.09522639778072,42.13181513280147,48.07379430932371,33.48459885282443,33.26778370088473,24.120782543985726,82.36983365773845,94.70409405287855,16.108952828285368,-25.617718055905762,86.48054196725569,67.05646066144035,39.19514499374223,30.058730987034288,13.768089213377685,Unattained target,GPSampler,PRUNED
436,436,9.376769492807703,2026-04-13 10:58:50.969629,2026-04-13 10:58:56.332360,0 days 00:00:05.362731,28.028969085836888,31.02620005977913,67.63973317057506,-37.13828843394054,46.803719046494194,63.99707865523465,37.1306241654415,41.598390519665685,27.915932672308628,39.67335316866934,65.4182475562005,99.5714165363347,-28.611294057993987,73.30339532259632,35.621918414984755,97.75903016531204,38.228325235296325,23.75108585124026,Unattained target,GPSampler,PRUNED
437,437,6.004697362369619,2026-04-13 10:58:56.507363,2026-04-13 10:59:01.870176,0 days 00:00:05.362813,82.35565139089992,75.92900485752598,48.01435532684304,-59.10226289718928,44.30309880463512,88.66714501909459,10.65264057462331,30.659461783725884,18.376882534389015,62.33442857762526,83.85357471997231,82.26671043558107,-59.54604554706626,49.89994558246901,12.15655564753381,95.36805850896437,45.93705496259111,28.39625483371117,Unattained target,GPSampler,PRUNED
438,438,5.889917558355542,2026-04-13 10:59:02.056370,2026-04-13 10:59:07.376010,0 days 00:00:05.319640,83.43515881495445,37.49094795282605,40.39930372606098,-76.62537386796434,68.15503079321384,71.48119682151251,19.948415312610734,46.13064131380373,28.380045263848327,78.17017044534919,10.567087912852834,59.079920895292055,-34.80468611620891,91.12029371297508,41.054201715972894,12.533845300126393,42.23099791586678,18.57166365463457,Unattained target,GPSampler,PRUNED
439,439,6.181498006053115,2026-04-13 10:59:07.552460,2026-04-13 10:59:12.972463,0 days 00:00:05.420003,52.35477915891414,82.19409277090473,70.99711125993127,-63.707730630954984,68.78223366099533,92.30020558235098,72.64427234450741,44.148460302949864,10.005532982353193,80.2211899141088,90.56904687345057,56.006402913282706,-37.31417941048207,35.94782829474087,81.50328841858767,26.29331229853311,48.98594944206677,15.519783490253216,Unattained target,GPSampler,PRUNED
440,440,8.090863522983433,2026-04-13 10:59:13.147715,2026-04-13 10:59:18.434126,0 days 00:00:05.286411,20.684388814316602,56.88427893407873,52.886431194092964,-55.88765882442644,90.30064657739418,66.2381462503676,88.28378980889471,42.06556030305779,15.44775133499304,80.67462449806094,55.06361602107309,22.02695370492617,-30.67018287774293,11.154132576664523,37.73573857169851,80.72621160464466,36.63259688195929,18.985201682484337,Unattained target,GPSampler,PRUNED
441,441,7.2503793991087875,2026-04-13 10:59:18.629630,2026-04-13 10:59:24.211189,0 days 00:00:05.581559,89.25847611801979,55.91529570808696,13.817449268239198,-63.658692458147186,71.63410670236091,42.01786520220231,74.41072884473846,33.650274688057486,26.191915783045882,57.110038149910416,89.4649022276742,14.233518832583709,-35.17421335104361,86.95655200296972,12.629398135936196,86.78295897339926,35.53748373865608,14.121635066461572,Unattained target,GPSampler,PRUNED
442,442,19.57301742498108,2026-04-13 10:59:24.395146,2026-04-13 10:59:29.552690,0 days 00:00:05.157544,51.02820794053196,90.31758004736453,70.70691660727923,-51.15738717113671,27.206161600444197,68.13049866671818,50.168562770935395,32.06995148171687,18.69128151879501,95.30339671921007,88.30291966755502,11.250874150641707,-28.047671126874945,32.78148579727825,15.024531035230378,58.00857625961996,33.92623570928108,16.527116401048758,Unattained target,GPSampler,PRUNED
443,443,5.211927478106283,2026-04-13 10:59:29.713502,2026-04-13 10:59:34.983200,0 days 00:00:05.269698,44.90119920040089,84.26620989385388,65.07524593715772,-44.330520451482734,61.4612720849746,82.16458155279969,91.41703503518862,48.075059578872015,19.97584395283078,10.92967345823396,93.6052772867647,66.65366713623305,-32.92973949854856,36.4259614699975,56.73247417936766,93.1779634044229,32.19130240720314,24.215741706216463,Unattained target,GPSampler,PRUNED
444,444,5.3744841995754555,2026-04-13 10:59:35.169306,2026-04-13 10:59:45.725233,0 days 00:00:10.555927,59.44245878163764,51.873808831085555,23.307711065701987,-55.759134363319646,46.42641522396159,31.966753022591952,19.187837438552567,34.8512890045759,25.84655246184787,17.04752394832161,34.89594090674568,13.039767159852168,-46.17388750789118,38.66556519571979,31.204202933692404,31.483294891154358,38.32299136519127,24.516825567473667,Unattained target,GPSampler,PRUNED
445,445,7.364625612323962,2026-04-13 10:59:45.909074,2026-04-13 10:59:51.063168,0 days 00:00:05.154094,90.01058205205092,56.2519243077896,55.87059135617678,-37.776159877323174,91.73795116723943,14.18019084996238,66.65485618691554,48.24716978857985,16.645453426564213,82.18352649119728,11.51240895684847,71.64034618095815,-58.698813829875526,73.405831164467,41.05912703274282,63.93658678302872,48.16491534056702,17.197011163859756,Unattained target,GPSampler,PRUNED
446,446,5.872305697125885,2026-04-13 10:59:51.242949,2026-04-13 10:59:56.463153,0 days 00:00:05.220204,97.29411528758749,30.58587482113175,36.32793696616028,-22.010647192931167,44.38504551900747,99.82865007413253,23.180889738366506,41.40858884524689,25.822821462297366,38.403997024599306,52.54715757808556,34.83931717788752,-65.46330549213987,71.98432568362918,43.279513863588804,22.788306344214128,41.636416934011855,14.84471365869082,Unattained target,GPSampler,PRUNED
447,447,9.276033949325864,2026-04-13 10:59:56.633040,2026-04-13 11:00:02.213078,0 days 00:00:05.580038,48.72246906329846,59.50263124647547,40.55939517187289,-78.10699229315391,18.027572243474165,93.21072063653286,69.97025968778127,32.94338008077112,16.141835208232784,13.058837102490815,20.56528572608439,29.808291639205326,-29.610537659962667,41.47779520170201,61.50112028711466,25.990258925929822,31.727346525129374,10.165670565963051,Unattained target,GPSampler,PRUNED
448,448,22.406765451032825,2026-04-13 11:00:02.376283,2026-04-13 11:00:07.816564,0 days 00:00:05.440281,70.40416945530737,67.67688845418537,85.21619805522091,-44.51950273116449,32.92177386303342,41.201157425565526,61.657668241879634,34.01275328522222,12.532546508361538,14.768663256574863,30.50602022517716,42.760248208672444,-56.67849758712053,60.14661461010554,33.28155785771894,96.53540830557675,40.09973127678912,18.36424195528935,Unattained target,GPSampler,PRUNED
449,449,5.572013526116606,2026-04-13 11:00:08.003124,2026-04-13 11:00:13.214079,0 days 00:00:05.210955,53.00107045335277,13.05542751987636,73.19699087277232,-68.65216628388399,15.556774055508468,63.55562345233185,98.2117504185864,34.48258560417537,26.28884977062415,62.113720476288364,26.82292451107292,81.74521615507678,-77.87528056645944,21.3036811986226,93.66394676064732,84.82309973771578,39.59677925306606,12.723238034249164,Unattained target,GPSampler,PRUNED
450,450,6.360479472657861,2026-04-13 11:00:13.383404,2026-04-13 11:00:18.547135,0 days 00:00:05.163731,66.54802708003407,54.961061047207615,85.82363841335327,-59.012865291928634,57.83853937612954,30.558739874396608,15.257129026410432,31.409744708304313,28.477670013467666,22.945214338283087,50.23488308130585,57.69275314241628,-72.44268810720125,44.448620394632755,81.51345754391909,40.10078685742444,39.01929839212683,26.18938410306444,Unattained target,GPSampler,PRUNED
451,451,5.171814921164675,2026-04-13 11:00:18.700209,2026-04-13 11:00:24.249836,0 days 00:00:05.549627,39.206369547054045,73.31245591886079,11.640306052916293,-56.21830694565285,38.35741060825742,89.3249036640606,86.20364122719344,49.92368749805524,19.541288239113733,25.1794568809781,46.928042294263705,24.69760164919992,-43.376998188333296,20.330315320992057,26.04394393233612,51.897484831158465,36.82884859146199,13.349789429821232,Unattained target,GPSampler,PRUNED
452,452,5.348929913926355,2026-04-13 11:00:24.425211,2026-04-13 11:00:34.743860,0 days 00:00:10.318649,52.74651159479346,59.81203290097233,38.152263458943295,-64.25015138325502,25.727208833715974,12.140002541434404,27.725292552439697,33.11631207913211,21.629348474813256,13.635937548650498,73.38248486990886,46.161575212928476,-30.616247834203065,58.22952984558571,61.49713452889664,90.03909406809927,44.99226914939612,20.838931679906658,Unattained target,GPSampler,PRUNED
453,453,9.975989375651388,2026-04-13 11:00:34.918001,2026-04-13 11:00:40.155478,0 days 00:00:05.237477,76.29493055748327,81.6920647202299,48.07464776226551,-45.66638707254804,78.708348521483,65.23164907668229,27.065865245012493,42.04266857383726,12.599294725649226,56.27566882634738,37.27352926774129,68.33337542481075,-38.172587584877796,39.15889601482302,50.940067832046694,71.32561365385831,30.253947914575242,29.095571278780316,Unattained target,GPSampler,PRUNED
454,454,6.476774226548269,2026-04-13 11:00:40.333047,2026-04-13 11:00:45.728773,0 days 00:00:05.395726,45.67524325659,28.790339513119985,20.089019414264595,-55.96774259590026,82.67480800836786,79.33445767503757,18.207925908109964,49.44563229023338,17.779519101957035,47.479047797523286,18.764245792049323,90.06971368695615,-63.50080386374903,29.647592290856373,89.22633315264126,72.92785221552779,43.86913243863043,23.471600057338158,Unattained target,GPSampler,PRUNED
455,455,6.854133684767959,2026-04-13 11:00:45.898566,2026-04-13 11:00:51.140125,0 days 00:00:05.241559,20.182082605156843,45.75917199905089,63.06903434587081,-69.4052981338504,68.49287394195508,55.87229255011582,47.41423971396627,42.15005048379698,26.994593731049285,39.656314138470535,58.22237497147558,79.89854586736448,-74.03729836823791,27.22803894273811,43.53210743238496,83.85821462843418,31.2987820234947,16.301989206705322,Unattained target,GPSampler,PRUNED
456,456,8.429167970475994,2026-04-13 11:00:51.314250,2026-04-13 11:00:56.641042,0 days 00:00:05.326792,25.982814911048827,30.475413348922924,59.36218738498487,-71.5974808059246,80.93796482765865,30.737322151575896,83.39718264629049,31.774556040775348,12.673474572626283,77.57448361903512,31.38544035301699,97.72030658844284,-36.69933044735943,92.30482818201743,16.95853192727465,48.764104745015985,39.95163084777033,21.757433574549374,Unattained target,GPSampler,PRUNED
457,457,5.576704069298966,2026-04-13 11:00:56.812651,2026-04-13 11:01:02.114434,0 days 00:00:05.301783,99.87122691979363,26.405478869732814,77.5962814795199,-20.20899168296561,77.70692200847964,86.09167319146196,52.79326311549625,34.13459310888952,11.119515333318057,13.448041908599077,50.625958580538494,94.9137064704639,-34.01796174350135,17.532624580082448,57.5432994230904,94.45233052606383,45.18245431007817,10.969822151864314,Unattained target,GPSampler,PRUNED
458,458,8.451491447146946,2026-04-13 11:01:02.275921,2026-04-13 11:01:07.561945,0 days 00:00:05.286024,98.7484220631139,61.867659496450315,24.713154520880376,-50.887751434309294,68.05206880586479,90.13985219434252,35.60817341682021,42.57607758797917,25.52064878814931,15.830901692933644,23.710723555401884,93.71704336594915,-46.77885377499651,69.48646777742742,92.33510537960456,24.880239916179065,34.91763360749039,16.746387696032784,Unattained target,GPSampler,PRUNED
