,number,value,datetime_start,datetime_complete,duration,params_lLegPt.lL0,params_lLegPt.lL1,params_lLegPt.lL2,params_lLegPt.rA1,params_lLegPt.rL0,params_lLegPt.rL1,params_lLegPt.rL2,params_lLegPt.x1,params_lLegPt.y1,params_sLegPt.lL0,params_sLegPt.lL1,params_sLegPt.lL2,params_sLegPt.rA1,params_sLegPt.rL0,params_sLegPt.rL1,params_sLegPt.rL2,params_sLegPt.x1,params_sLegPt.y1,user_attrs_prune,system_attrs_auto:sampler,state
505,505,5.066485391242097,2026-04-13 11:05:41.391955,2026-04-13 11:05:46.963685,0 days 00:00:05.571730,64.21687941539672,76.57256593471008,26.542121604390264,-62.30708885197207,33.123076471312984,27.10549194728908,32.369868017850635,41.56428371337582,26.236076543680145,73.03361968140356,77.84783544035638,89.57326689600158,-33.83122944604109,28.09454283021857,92.03076779951579,33.94545492599944,35.007455627386605,12.325330490033801,Unattained target,GPSampler,PRUNED
506,506,9.028108717686507,2026-04-13 11:05:47.140158,2026-04-13 11:05:52.391111,0 days 00:00:05.250953,82.8916915813553,87.83001285987025,99.19376241278252,-35.70346350632463,31.910477548346147,71.28307747677374,77.92942337521438,31.68211500823178,17.968626750438915,92.13664070623412,27.761879855787466,68.23071514319346,-41.0003005143794,88.18794654018939,62.120415006265986,99.44656195595125,30.57784574592867,13.412096248004437,Unattained target,GPSampler,PRUNED
507,507,5.597638184510171,2026-04-13 11:05:52.556084,2026-04-13 11:05:57.939801,0 days 00:00:05.383717,93.22023250562798,22.159064784988175,44.44826470059326,-61.32550963506215,58.42697736239031,16.205205250307973,12.784343640341326,31.60619447254656,10.905255866037791,48.775446906783806,53.317799292222766,68.24941129405258,-36.55064228108511,49.99245972396978,81.47418445234995,52.310976810378875,31.903158102989792,19.27550625164453,Unattained target,GPSampler,PRUNED
508,508,13.959826296929918,2026-04-13 11:05:58.109340,2026-04-13 11:06:03.625167,0 days 00:00:05.515827,87.29075785958574,29.96326679521199,83.9241961160323,-36.30830896294014,59.17807585623699,83.44956250479281,95.73403697322097,38.354665781045085,23.009282623874256,64.26674434305386,91.37450433059931,32.84699306318527,-38.39621566044025,85.05535385284809,72.16777765583532,56.84256279267696,39.888380784247644,28.443814379989835,Unattained target,GPSampler,PRUNED
509,509,5.50322754152392,2026-04-13 11:06:03.821360,2026-04-13 11:06:09.089894,0 days 00:00:05.268534,66.36349944741656,53.32909833405847,90.59180940108294,-42.93004228555083,61.55880938754555,53.98722668448552,24.14970675709116,45.12238883711556,10.765982555804438,82.45471054489579,94.64104037772947,85.21828607009165,-23.190912102838737,76.805979597037,43.18054446143812,15.381311905162068,33.19519139900521,18.07994822833576,Unattained target,GPSampler,PRUNED
510,510,5.646991449104547,2026-04-13 11:06:09.274421,2026-04-13 11:06:14.649442,0 days 00:00:05.375021,18.262210735518465,36.519916171060586,48.11451963847318,-63.88871251361671,38.17017925317671,96.27151099357384,41.98711796347316,31.77273064027594,18.473580325254147,34.17429750642111,14.5986786192509,34.72431376967616,-38.772477090629884,89.0432677570583,94.88060449943809,35.531922540047766,31.191328147096566,22.08267916089335,Unattained target,GPSampler,PRUNED
511,511,7.305644137582526,2026-04-13 11:06:14.830342,2026-04-13 11:06:19.914648,0 days 00:00:05.084306,57.63586932946801,37.2306154843298,33.46797536280852,-46.14234448112584,50.091200468752504,64.47236863234579,30.73675468814902,38.829026487587925,13.172523661291617,15.446458587129717,43.00839309973246,10.368384136437282,-74.61695736309271,54.653340497696256,97.73740247506804,38.71466605156606,42.34097153829224,12.376724599370185,Unattained target,GPSampler,PRUNED
512,512,5.970989230732499,2026-04-13 11:06:20.099642,2026-04-13 11:06:28.312579,0 days 00:00:08.212937,88.69308822226836,12.720010435104065,41.64495450290849,-29.751808169502944,31.857448742818956,17.76607008622308,80.17698348865046,35.79755757694856,26.58407381811471,18.10123330582774,80.41745790380256,26.522785688614732,-37.67305891177823,67.16560964398491,50.088272527565856,85.8858598385502,47.471625706164446,20.614877395990476,Unattained target,GPSampler,PRUNED
513,513,5.598329406198097,2026-04-13 11:06:28.483884,2026-04-13 11:06:33.662463,0 days 00:00:05.178579,34.295849459098704,16.301724554670233,40.55209008249311,-39.35368376394099,48.00228564684957,79.47080261024004,44.30075119434866,48.41928682880784,25.813697388714324,70.45688835178001,81.18234184963035,84.47650815388175,-38.44016342713636,13.16770224396975,60.914726466244616,30.385777452893237,38.975534797432985,18.68752128590055,Unattained target,GPSampler,PRUNED
514,514,14.415130700086166,2026-04-13 11:06:33.839043,2026-04-13 11:06:38.739060,0 days 00:00:04.900017,64.60485861927742,72.41231220523076,23.384474202756873,-72.18298190540446,51.90227176591556,96.83488842921415,57.276528486397936,38.23008665890545,12.418506581861779,21.885631458925882,50.624713836991546,23.169887189814403,-65.55527951981506,80.75149261465624,55.79909465037083,54.434912382939146,44.92687459281381,24.862200491080067,Unattained target,GPSampler,PRUNED
515,515,5.47820944623891,2026-04-13 11:06:38.917660,2026-04-13 11:06:44.079815,0 days 00:00:05.162155,51.65682331991969,74.25316290394798,99.70096156552086,-73.98013079733859,11.144840189072806,71.34059912784802,47.68568960189368,44.37603016013129,19.55774822547904,42.44004742634604,81.39948725955705,98.97706662225939,-67.86918013398267,41.52984441983749,36.84987147097432,38.30904764288606,34.30868498584097,25.22904170514045,Unattained target,GPSampler,PRUNED
516,516,5.04208328603081,2026-04-13 11:06:44.242660,2026-04-13 11:06:52.146655,0 days 00:00:07.903995,58.89402214091332,36.970328300492014,35.191951281683515,-64.98817744826474,28.24066540452365,18.33232364018454,68.17988145266955,46.75260634996931,14.040744651143378,22.593041349471,38.91992744619493,25.401176742720295,-22.6003856448783,88.72441176575242,66.90553862875777,42.9093863658632,38.21377513661916,14.258305812065007,Unattained target,GPSampler,PRUNED
517,517,5.642758580043129,2026-04-13 11:06:52.310600,2026-04-13 11:07:01.421303,0 days 00:00:09.110703,79.21755982175982,38.17529109192766,25.269400174352334,-63.19523542210164,41.45893665422897,10.260450823111945,57.722271634920475,32.05851067867044,21.22830267553536,50.13288175347597,93.91380134206527,41.152045504024066,-38.567555786599286,39.04793969043208,33.84115783565562,88.91962858251065,34.21294391274807,24.045796603470897,Unattained target,GPSampler,PRUNED
518,518,6.781267640774146,2026-04-13 11:07:01.606848,2026-04-13 11:07:06.770291,0 days 00:00:05.163443,57.12247995172609,45.62186700887116,72.80779571068618,-43.745965764414755,49.67756194929795,17.870214204841446,93.24078984024331,35.548599323225986,29.95305115965319,15.478361350441855,30.331523932013912,45.57346266102977,-29.584844254546127,75.86178993888758,68.60387211767114,26.872292145206366,48.513921041362806,26.265998277293793,Unattained target,GPSampler,PRUNED
519,519,6.695373215875783,2026-04-13 11:07:06.956539,2026-04-13 11:07:12.160488,0 days 00:00:05.203949,64.18160699667803,94.1296001612699,26.311452648186425,-56.174112856154935,11.683513938368478,87.2313623717917,44.788519149158695,46.480761008240734,22.521197454689798,58.68687543022387,44.59353108858937,79.33384829506382,-68.95081001323351,79.2428924662745,69.64009289452957,53.41436443666426,34.638746089945315,10.960556452959356,Unattained target,GPSampler,PRUNED
520,520,6.491548926876284,2026-04-13 11:07:12.316576,2026-04-13 11:07:17.780546,0 days 00:00:05.463970,23.810652874126784,29.905175489341616,56.45053652211985,-30.200823002853333,96.45300703288702,37.750079486972865,17.780612435906747,40.57963778611543,15.65735522446397,40.29244456899977,71.81746477476592,93.74482418479029,-74.9704745703067,73.803946177608,10.80551780708349,48.3252160658175,38.687838597338924,18.952011467641704,Unattained target,GPSampler,PRUNED
521,521,9.504912717868415,2026-04-13 11:07:17.948989,2026-04-13 11:07:23.243960,0 days 00:00:05.294971,17.111721759240137,69.81568457628025,82.16970691225751,-54.76639259789384,70.11977605290369,38.22299483013667,97.56767972743424,38.901026422901396,22.244957649728644,72.19345960833998,43.71199107991992,66.82128581862476,-67.96310835252355,24.937330177663405,53.694923564438376,36.87737245170079,42.526815714323014,21.110353312633222,Unattained target,GPSampler,PRUNED
522,522,14.354720495137734,2026-04-13 11:07:23.419805,2026-04-13 11:07:28.810545,0 days 00:00:05.390740,71.98609986473218,56.14102925767136,59.61643582454407,-31.030929022575528,48.08567222716331,35.606699225687954,45.37221175573837,49.73667711851762,11.570306086127896,17.834799442148764,63.32005184270313,50.919817004891925,-76.50923404289445,93.13510872333097,92.76881884809289,86.7302113150931,39.761156675300725,27.556362358837056,Unattained target,GPSampler,PRUNED
523,523,8.929118028850716,2026-04-13 11:07:28.981310,2026-04-13 11:07:34.232489,0 days 00:00:05.251179,22.542718410172753,66.76380906498656,11.727991161004114,-64.98973150081014,38.001344455909454,68.75932789517287,52.54478001607349,48.93447659882091,21.049892673630023,65.60272659559772,92.88826311837003,65.03262193843784,-35.12923287239184,17.012533321042582,62.33669568576458,89.02349572593728,47.757237895014654,11.29067079265662,Unattained target,GPSampler,PRUNED
524,524,8.371582891235803,2026-04-13 11:07:34.403929,2026-04-13 11:07:39.828905,0 days 00:00:05.424976,23.557613319589393,76.4863194973131,88.99285959879887,-28.97313621617878,84.408395479942,19.336479122437687,10.554340391184642,35.33026756576602,13.929297507126927,92.60896732124544,79.00497901858301,91.02870017398396,-65.62769395337878,12.555963690625891,44.14741587454129,95.65347530647983,43.41809311489247,22.383441846696428,Unattained target,GPSampler,PRUNED
525,525,27.220521242239016,2026-04-13 11:07:40.007650,2026-04-13 11:07:45.056799,0 days 00:00:05.049149,83.28615600533422,98.15145726144517,25.0180511188965,-36.55753435011874,65.5490389527616,63.41385182087814,54.45841781273307,40.52427593177355,12.440694925000331,96.55926950361747,97.02490311117553,31.829162301603528,-42.4457883808443,84.24624563528306,51.47128280672937,89.35856181726986,31.053971092845874,26.795671795808303,Unattained target,GPSampler,PRUNED
526,526,7.564401443356875,2026-04-13 11:07:45.245432,2026-04-13 11:07:50.464840,0 days 00:00:05.219408,24.662208907431914,61.56581037658512,18.74596151150832,-60.98164606210986,74.58465518923325,88.45743445433503,64.42326408948439,37.6818680061536,20.718836065563742,31.269161935539966,43.635623415905414,88.16007145810117,-52.208602400879876,99.04239786168587,46.88446187400984,51.934670890094885,45.73895848395435,11.47627997730028,Unattained target,GPSampler,PRUNED
527,527,5.976835818707862,2026-04-13 11:07:50.637519,2026-04-13 11:07:59.383157,0 days 00:00:08.745638,67.51569562211719,27.67125660657173,14.361486338785767,-53.595476372818425,13.038070494376765,61.47058182367753,44.940024845519844,31.804491268781735,28.149349965636958,38.646593166834855,66.10497686831019,45.03379995890451,-55.53256376560098,74.01020750492268,14.912765462717466,26.448065707744924,46.367167735570206,23.51168071712964,Unattained target,GPSampler,PRUNED
528,528,15.663094415388862,2026-04-13 11:07:59.541304,2026-04-13 11:08:04.786159,0 days 00:00:05.244855,88.79946703302072,58.2613255495222,86.25032769812378,-37.06231777076246,61.30002754412309,21.67164147118971,77.74854816547027,47.68982217566533,21.56035085313403,27.75231445216125,77.47929360304184,93.2290573276829,-72.60321142527944,91.95070722890178,57.18132436017264,78.16831740717251,42.36902682865419,24.43418572526111,Unattained target,GPSampler,PRUNED
529,529,6.744804761704206,2026-04-13 11:08:04.966731,2026-04-13 11:08:10.051956,0 days 00:00:05.085225,13.980719396221488,95.46068227346521,10.955344365190815,-34.33395812231299,44.22666544084298,90.71321418187992,81.39503665165532,37.6845511572901,18.400970041954803,45.028259675911855,18.69952728885015,92.05523755944556,-57.224207689067676,31.619522037095624,51.67097416418029,39.84287177552733,43.912147315998965,18.616214405890574,Unattained target,GPSampler,PRUNED
530,530,6.9651431646140765,2026-04-13 11:08:10.228451,2026-04-13 11:08:15.664271,0 days 00:00:05.435820,47.78352041330142,19.99336857285808,20.105539514716767,-66.24929202778188,38.36029822789365,99.30375170151093,68.6981781586988,34.4932230834984,27.929933339010745,76.66507276922,14.999958483626532,92.76763680663655,-39.72652623672892,62.11741321503524,32.06020455194264,32.60664795916115,35.34808429514086,15.89039084409108,Unattained target,GPSampler,PRUNED
531,531,8.826118742239935,2026-04-13 11:08:15.838850,2026-04-13 11:08:21.107734,0 days 00:00:05.268884,54.01022110429435,56.77126731438601,74.37130510205856,-35.79468456694175,19.488402417720955,85.8004923334854,82.45866603114587,34.41238514191393,13.052607143777742,33.296129042942184,81.52821849512858,13.098876024174881,-20.283862596759093,51.14427185037,94.21854037159513,81.72727783370719,39.41482921113665,22.54514057353692,Unattained target,GPSampler,PRUNED
532,532,5.423572763785522,2026-04-13 11:08:21.272854,2026-04-13 11:08:26.721679,0 days 00:00:05.448825,46.42077977136039,35.34421828297588,60.9993038558913,-43.05209188937507,97.50368685478358,48.53052159703301,45.655154966524066,38.905697155471415,23.896325338662948,76.82653379411956,40.416954855440395,14.587561491857123,-61.75138947307184,66.23210758045589,26.989854330808793,13.35537724281791,34.62230059999322,22.714100803863168,Unattained target,GPSampler,PRUNED
533,533,5.183592291152557,2026-04-13 11:08:26.908197,2026-04-13 11:08:35.538300,0 days 00:00:08.630103,74.50729896687885,17.218372654446156,46.60896840993628,-56.569162049194425,44.76734207615241,40.013280983425936,90.75748747213824,45.57661418251392,27.067342594751644,74.39725805581058,45.378548193865385,82.60604484018101,-37.44173219349088,59.32822759865384,46.71321504731963,65.62526626892934,34.25594076651912,10.214254768120735,Unattained target,GPSampler,PRUNED
534,534,5.9767050233281935,2026-04-13 11:08:35.710179,2026-04-13 11:08:41.142036,0 days 00:00:05.431857,79.99988330618538,81.35517569050819,69.52239204766067,-72.57870809133072,71.7172850606963,43.38891946712385,84.3215796157378,43.78244322529262,21.94011916074885,21.988731539575426,74.55391446651225,80.06926575424343,-76.81812588814613,79.17643751280433,69.46422755438014,74.30974115613316,43.75703303567954,13.072880859343929,Unattained target,GPSampler,PRUNED
535,535,6.873484712968207,2026-04-13 11:08:41.342959,2026-04-13 11:08:46.927653,0 days 00:00:05.584694,81.6767218876551,84.54894808722977,31.353950473601454,-45.16535102667943,33.44849016271727,55.203615038954865,25.47886199398699,43.63439207897571,12.306648170200914,66.98443501543724,82.2252148502748,44.2646338381479,-68.26314934649962,27.468124926785084,23.48971081754909,95.78770931425214,39.01336783180277,14.235971396752058,Unattained target,GPSampler,PRUNED
536,536,5.682385002625299,2026-04-13 11:08:47.112297,2026-04-13 11:08:52.236104,0 days 00:00:05.123807,39.73679599098557,10.48727567672588,43.932813247410195,-40.351315955607184,13.45336819276131,76.8339363361022,14.314891835133189,40.2970449661359,21.137969261645797,71.91590589628888,62.836068593628255,47.57003878938704,-62.25841272036297,31.56441566472603,54.68419805106795,47.672685229768774,38.017896451452785,23.118451784654745,Unattained target,GPSampler,PRUNED
537,537,5.9543534477257225,2026-04-13 11:08:52.418419,2026-04-13 11:08:57.647436,0 days 00:00:05.229017,60.966569359198786,12.438937734724865,37.1729761091697,-63.70005944359318,76.3288625657271,84.43079200001641,44.89176639089847,46.65771571442605,10.028853411174685,16.097662064492255,91.28364020352967,71.24428369783794,-63.07128187503352,85.47570330073161,66.91490489372512,95.84639231636439,42.56535254812291,13.290149989274768,Unattained target,GPSampler,PRUNED
538,538,9.529606890728132,2026-04-13 11:08:57.833740,2026-04-13 11:09:02.934974,0 days 00:00:05.101234,98.28395636022228,91.5044766407481,86.17256584738884,-22.80683096745888,88.98590433768157,26.036280184821194,41.30514588843032,44.32136775152195,15.181520475176079,65.17604426631902,98.1117889523628,85.50658003615854,-35.94667048471017,96.66243418922257,74.84126572180136,54.3314147852736,35.40692230553106,20.222910538414858,Unattained target,GPSampler,PRUNED
539,539,5.931306972953124,2026-04-13 11:09:03.119075,2026-04-13 11:09:08.402648,0 days 00:00:05.283573,37.88538617482996,59.569089717102926,10.350238310119353,-71.0367045503223,65.91742947469876,91.99557305298741,31.865570577225384,40.56206178074309,17.862557369881554,75.3400163232859,56.55702995718832,22.660841936762132,-53.10467263381727,37.755437489257886,14.58755381479223,29.236310548499326,49.384429296010566,13.279190769019888,Unattained target,GPSampler,PRUNED
540,540,5.309562584630683,2026-04-13 11:09:08.572457,2026-04-13 11:09:18.047592,0 days 00:00:09.475135,67.57965423582237,43.39648084107687,31.38768497981938,-30.153134595753528,57.50106183505794,56.11483797317986,87.6048039535669,43.16797672450151,15.427005854975256,20.391489471218996,13.183513303358508,93.4846350912158,-45.705794682516775,74.69645689592102,83.9827180337642,20.196527812651425,45.98779636616825,29.090755627654943,Unattained target,GPSampler,PRUNED
541,541,6.048183511916747,2026-04-13 11:09:18.231319,2026-04-13 11:09:23.372740,0 days 00:00:05.141421,69.80053780320512,86.56817006572061,13.742203733577703,-45.31472782505334,19.012545296124202,12.04541675013485,88.94653692183476,46.45712353204176,22.779743031105397,98.38914088965038,65.62841202129255,93.40239548161408,-33.07763848279926,97.59888219722568,52.132659323080006,20.363434569593387,33.29975678134921,10.122431428723967,Unattained target,GPSampler,PRUNED
542,542,5.830144409895659,2026-04-13 11:09:23.531714,2026-04-13 11:09:28.842882,0 days 00:00:05.311168,57.20018356478086,63.128362228361084,85.9413010850702,-35.21059341102906,43.176290212879955,17.581539912858297,67.75124599450689,30.90851502939581,14.187428402143446,55.4524792450135,17.18665047457371,94.8117840372675,-56.5103417149657,95.27958786544153,97.18771845801204,15.011151186276702,33.43243690197845,16.800321632033295,Unattained target,GPSampler,PRUNED
543,543,6.708693208019827,2026-04-13 11:09:29.016733,2026-04-13 11:09:34.047950,0 days 00:00:05.031217,47.424246026958926,40.42256357413363,38.92664443404429,-44.032883794066656,82.76873049428079,29.782930668050863,47.692399277349786,45.91182610041929,20.523884947219496,85.1693819765146,85.47125572748544,31.83194333094776,-63.434822897406264,37.54588343538319,19.737448223713745,22.736932944626474,37.52752699375038,13.494113002192197,Unattained target,GPSampler,PRUNED
544,544,7.718156990275254,2026-04-13 11:09:34.232799,2026-04-13 11:09:39.676152,0 days 00:00:05.443353,63.655932743395454,64.16377982199504,36.33911999863596,-31.798979304553804,86.78403697957155,23.61199744416793,16.00067664346268,34.60575601083976,28.602971412996652,67.80174773311637,69.27640450602104,28.033059287981107,-40.05261200811271,34.42497298259801,64.75128085283748,64.24782747461762,45.35463072582188,20.104248382256372,Unattained target,GPSampler,PRUNED
545,545,7.143170538046014,2026-04-13 11:09:39.856274,2026-04-13 11:09:45.073035,0 days 00:00:05.216761,90.96287113431737,57.1685015518561,34.54447521430356,-73.52196125033927,39.323699160471165,91.39303026773896,19.411313027219908,31.594606102045773,26.709678052497644,21.167780752400976,58.03319363517722,27.688233972696008,-31.4471663214009,40.80412381879248,97.68636078475424,26.89084792150276,43.99208254633119,16.752652053034687,Unattained target,GPSampler,PRUNED
546,546,5.227283030326451,2026-04-13 11:09:45.253212,2026-04-13 11:09:50.238889,0 days 00:00:04.985677,77.88428591368903,13.792975939614426,58.83914613967674,-75.4659117874019,91.78165878492108,68.95436289194718,63.66029561721107,30.385191401451415,16.708468617588295,58.229052366424625,68.92110609889102,83.42126222381435,-30.79489058973129,44.955990713800844,63.11485494615468,81.37945133588133,39.62103157651515,19.618300301576376,Unattained target,GPSampler,PRUNED
547,547,5.521135858750942,2026-04-13 11:09:50.405143,2026-04-13 11:09:55.655353,0 days 00:00:05.250210,89.54019127686874,80.83163337086823,12.61349979627283,-35.184314145394474,82.85838236318068,65.1753279629712,41.620967443762936,40.03836484247289,15.247785858235048,21.539028946757586,71.5425525546398,59.35947311501438,-67.48730761893788,12.74315751585908,67.76182258920637,62.519259127326876,49.89057954756967,17.20521765523425,Unattained target,GPSampler,PRUNED
548,548,5.995273597741722,2026-04-13 11:09:55.834539,2026-04-13 11:10:01.231168,0 days 00:00:05.396629,80.99991093029055,36.57531483892497,24.078026876436628,-24.949824953853714,48.23017280886815,29.80014649751314,33.2257678654978,41.37995415640658,29.109733192168523,96.90717587632727,69.9490904617405,93.94044570617622,-65.88458993491975,99.79021491105621,90.1686971737985,42.576749984880244,43.954422145085516,21.703750075118865,Unattained target,GPSampler,PRUNED
549,549,6.852488292398256,2026-04-13 11:10:01.406995,2026-04-13 11:10:06.943421,0 days 00:00:05.536426,76.81662326041474,71.95744744933339,45.5018111521343,-74.42497106507182,16.52963387803075,34.09584218216146,89.15633310853802,47.53269244299652,24.5804696041005,39.65277000059329,75.52250494451904,75.19482792958182,-36.87266863699426,94.27973841727825,16.83643081461007,19.434851152136496,35.15167612518186,10.583072504883905,Unattained target,GPSampler,PRUNED
550,550,6.411946128289593,2026-04-13 11:10:07.130822,2026-04-13 11:10:12.415809,0 days 00:00:05.284987,19.648821590159592,42.91535341067162,48.86715869141093,-39.45868914983192,19.481599092455625,99.80656358077431,48.70614177540451,42.61014664857077,13.29409279604273,25.577621859848335,78.30589391417212,79.62315853879792,-27.11838708485061,87.85836357895226,58.7832253654981,58.411259493369855,42.38050234414543,12.280213230806377,Unattained target,GPSampler,PRUNED
