,number,value,datetime_start,datetime_complete,duration,params_lLegPt.lL0,params_lLegPt.lL1,params_lLegPt.lL2,params_lLegPt.rA1,params_lLegPt.rL0,params_lLegPt.rL1,params_lLegPt.rL2,params_lLegPt.x1,params_lLegPt.y1,params_sLegPt.lL0,params_sLegPt.lL1,params_sLegPt.lL2,params_sLegPt.rA1,params_sLegPt.rL0,params_sLegPt.rL1,params_sLegPt.rL2,params_sLegPt.x1,params_sLegPt.y1,user_attrs_prune,system_attrs_auto:sampler,state
0,0,6.1245965436777965,2026-04-13 10:00:34.703965,2026-04-13 10:00:40.703502,0 days 00:00:05.999537,43.94710041684761,32.53313830578784,21.17038531126655,-64.17846177500353,68.91131262804801,48.68925067078364,80.69651454224528,46.72219306392972,16.013297720087436,34.47829217992174,72.31194219654327,57.26565076257515,-79.0971530854591,54.94323235682392,31.134498550427026,49.618154459369066,42.94806948947406,23.91668692609131,Unattained target,RandomSampler,PRUNED
1,1,5.900632100910741,2026-04-13 10:00:40.828571,2026-04-13 10:00:46.146415,0 days 00:00:05.317844,89.41885176935484,67.55959972347333,20.89955684837861,-37.07417964358767,67.44350640393873,74.41133637578866,21.22880645734566,40.299104416069625,13.91227335304938,76.68239819589913,66.49818806851346,27.38462477321787,-55.8830786053269,53.1322493495353,10.40169009607786,35.87222495266886,38.95973491951723,13.570826752387424,Unattained target,RandomSampler,PRUNED
2,2,10.213947167536034,2026-04-13 10:00:46.277059,2026-04-13 10:00:51.570000,0 days 00:00:05.292941,81.2654424164143,56.67701336924645,30.11601754979268,-34.6074023186914,68.0155101133538,89.8795435810914,67.73450121143209,46.08113709788174,14.513547628142982,77.7894064028996,74.20407005014681,63.5843505322498,-27.89070996326867,69.87525891244728,68.62440340138116,92.13432152103366,46.37389448208097,17.439628621913016,Unattained target,RandomSampler,PRUNED
3,3,9.58582792833348,2026-04-13 10:00:51.693616,2026-04-13 10:00:56.802025,0 days 00:00:05.108409,80.25691091568258,99.11979883541628,40.05932438899026,-44.469625278653325,71.82726948091633,81.50982480197902,84.78070135033153,32.19032770446222,18.29073201588718,73.12526710078984,77.98168402437982,39.1210320072873,-51.94054135600977,23.863196511851534,64.65276871066524,35.46085118789321,49.11292453836293,26.02311477082164,Unattained target,RandomSampler,PRUNED
4,4,6.584738089719238,2026-04-13 10:00:56.932327,2026-04-13 10:01:02.147789,0 days 00:00:05.215462,28.207508668153352,38.43898504215741,83.42480846270712,-33.37242518390414,29.3070554114939,67.23881176874468,26.401886013130046,39.79790693314436,27.125548992950417,42.30478010308987,20.22442234283376,53.65894581610536,-74.59116925013235,58.36952009726062,25.999328373793734,14.186731669231357,46.124499801017244,29.444383917903288,Unattained target,RandomSampler,PRUNED
5,5,7.948079767273139,2026-04-13 10:01:02.265489,2026-04-13 10:01:07.492462,0 days 00:00:05.226973,37.83726920827493,65.69298461687674,91.79007603916332,-73.73368837945361,87.39429179566935,52.78754964379234,93.31680249169364,49.89715202597688,14.05863698980587,91.59001195416099,54.31542369252498,56.58201566044369,-74.7117641015077,25.149810163759973,82.12010866429777,91.45669730375002,39.16954528828663,20.364923185958666,Unattained target,RandomSampler,PRUNED
6,6,8.00218032078292,2026-04-13 10:01:07.615498,2026-04-13 10:01:12.754992,0 days 00:00:05.139494,41.57799768201525,79.65656882769827,12.763287648855052,-22.836556285213177,74.89748226706362,67.70987566465192,89.00548066439448,31.91365493313246,20.890885060834727,53.02516824226054,84.44544636109967,71.36512050679134,-78.22185901812874,59.709682765883656,10.62757823116504,56.1896065520384,34.90991356426732,27.16682284284841,Unattained target,RandomSampler,PRUNED
7,7,5.828093649375539,2026-04-13 10:01:12.892448,2026-04-13 10:01:17.874474,0 days 00:00:04.982026,42.15709556805164,89.0460232119343,88.20943607321956,-73.85250006356503,79.8997618024656,54.33714174466003,74.95543393196341,38.3924509069778,26.035635230750653,64.49776769544998,39.233783107800605,80.48844704323206,-43.119278489928874,46.75758020665005,48.415230813837915,63.64059508311203,47.81834412104432,16.900853629977448,Unattained target,RandomSampler,PRUNED
8,8,12.754544521596003,2026-04-13 10:01:18.005005,2026-04-13 10:01:23.255667,0 days 00:00:05.250662,41.26569387216815,61.47879297112226,63.92455871947266,-21.36383216551173,95.5861067297178,98.22168657505128,70.96874387482427,31.162175308418078,12.456415064398449,43.40708947029914,56.116174355934305,87.73507743887338,-47.47212691344056,55.90038689610779,15.953846213368438,68.98114051759177,40.11944815951661,20.167792156902348,Unattained target,RandomSampler,PRUNED
9,9,7.77699396757766,2026-04-13 10:01:23.374217,2026-04-13 10:01:28.444514,0 days 00:00:05.070297,43.84712365628842,33.04576987686157,54.67459964886111,-38.63704234572499,98.28464164455193,17.195250649814877,31.19617900590294,34.936125693985254,27.337989651601752,76.78144289531883,50.7388823982718,98.99830822836506,-66.35471487163187,97.04978672512621,53.86979252086442,29.28697705392983,39.130997510108116,26.540087902973156,Unattained target,RandomSampler,PRUNED
10,10,5.562221314216323,2026-04-13 10:01:28.567065,2026-04-13 10:01:33.726690,0 days 00:00:05.159625,82.38378309888918,72.08979841165876,49.93628332220376,-61.8266680463049,99.8100870287761,19.418750920980877,16.155618902327063,44.669315392664366,25.281294492751066,14.99591813649646,63.450931012235976,53.40612678250503,-37.411079775881646,49.52929611200238,23.13048441697534,23.078060430511478,35.59007449380823,23.254449966300868,Unattained target,RandomSampler,PRUNED
11,11,13.190208590220209,2026-04-13 10:01:33.849779,2026-04-13 10:01:38.752250,0 days 00:00:04.902471,10.55714757250261,71.69716531801834,84.03363517761775,-68.17186722336521,69.73331396303834,61.00620141079491,26.72620625076817,32.317537536192845,10.10071044838702,82.26357206003699,72.10907362619199,20.590303895439416,-31.034209841280372,98.20865054635208,75.01692375747737,22.025680565878282,43.61777645437007,26.117265592317036,Unattained target,RandomSampler,PRUNED
12,12,5.080312218746215,2026-04-13 10:01:38.872306,2026-04-13 10:01:43.858623,0 days 00:00:04.986317,76.08034391669564,10.129545947522715,44.88422625505148,-51.07171020817034,82.0813408174716,51.68690001212636,21.5503860073255,48.89182688285367,24.35967596223481,54.20828584524588,90.23595511872294,18.890656483326246,-46.70801359950224,27.093761823160595,61.28841991532125,26.19597940411741,49.67196680787788,15.04581863262512,Unattained target,RandomSampler,PRUNED
13,13,5.715489616576022,2026-04-13 10:01:43.978160,2026-04-13 10:01:50.620636,0 days 00:00:06.642476,73.22414197897558,23.47107718967711,28.98533752189045,-66.03871405225203,21.97219675590508,17.45072766200476,73.44244203498096,49.348702276733675,15.615699349243247,31.170148661370273,58.40224152478861,54.981244370815006,-54.013194766262885,75.56486063095775,24.003872563405558,25.61478306460796,38.137362264913385,18.811057463398427,Unattained target,RandomSampler,PRUNED
14,14,9.942059761126217,2026-04-13 10:01:50.753679,2026-04-13 10:01:56.120729,0 days 00:00:05.367050,10.833335527330851,80.96450715575735,84.62409900406745,-40.19515820226065,31.322957722296156,46.5118880436249,69.94807839771164,30.035832643839814,26.588206984449354,32.605445853241235,68.20041130699937,84.21752228344955,-78.72705288062657,38.823015328014115,15.413704402779665,65.39381397545795,39.6916757216203,16.86582336963017,Unattained target,RandomSampler,PRUNED
15,15,6.053156190393871,2026-04-13 10:01:56.251275,2026-04-13 10:02:01.320136,0 days 00:00:05.068861,48.115897496837135,73.41016806692897,96.3781911918066,-40.43850981275965,70.26324305421329,46.04916359308961,30.33913369735217,45.45981766548192,15.978064357048103,80.1389021373104,55.100052780173925,94.13899348847656,-77.61490055449377,47.46951321217053,91.11212079949627,70.02556127336447,36.55178003431303,25.968129346199127,Unattained target,RandomSampler,PRUNED
16,16,5.512531692691525,2026-04-13 10:02:01.442168,2026-04-13 10:02:09.565761,0 days 00:00:08.123593,53.400193908776295,37.897307940848656,46.089106622363246,-23.04366246326071,25.327815075634405,12.60089481028973,45.279433570893104,36.22602680821933,20.55774592200069,63.376355785936276,42.645415091306106,13.277847408050956,-71.6897456084846,31.92896463811139,38.41975861168273,36.11267171817935,41.45867784231687,14.367861255465055,Unattained target,RandomSampler,PRUNED
17,17,4.696626793399204,2026-04-13 10:02:09.686358,2026-04-13 10:02:20.778052,0 days 00:00:11.091694,82.6839463576117,16.179944823218527,99.73018340606531,-78.04324635495776,39.119141048341355,67.10222422075279,54.98201009814252,36.91992560742542,14.04026776426499,52.664645214807386,20.956389035389194,18.909257046903633,-76.8178163646915,56.82467193404792,24.306113368163714,75.13766550177965,49.560970355837696,28.392631548611103,,RandomSampler,COMPLETE
18,18,7.530224262874341,2026-04-13 10:02:20.909795,2026-04-13 10:02:26.069934,0 days 00:00:05.160139,26.066023001707574,59.0295083273477,26.109336737291827,-76.42278529858922,86.80442372774384,62.472544106952576,72.43838382070288,34.93837894810661,12.439169572568812,59.80922099697878,35.303312801535654,36.360967165211605,-74.24262296864083,21.52301160909966,74.33445018420036,79.25804399651561,37.392923286747674,11.673439899864949,Unattained target,GPSampler,PRUNED
19,19,7.417214078950792,2026-04-13 10:02:26.194268,2026-04-13 10:02:32.218938,0 days 00:00:06.024670,58.56629612273412,46.68682877711915,64.1516112801894,-35.83147259461858,24.500124464262107,97.92418760150811,66.85081406211194,44.99983517861065,21.84125391761369,56.31711407136856,83.46370297190374,71.8352828949642,-56.18880693288612,15.521578160539772,20.779374804826794,99.61804043192514,33.13133884226974,20.00100121116748,Unattained target,GPSampler,PRUNED
20,20,5.8810271443188,2026-04-13 10:02:32.372713,2026-04-13 10:02:41.392471,0 days 00:00:09.019758,73.39945815598855,32.21298590337382,27.953803580442315,-72.30326935914276,42.791210627105016,21.698950134445916,57.97758449236037,44.1733247660692,27.873188622778635,21.590987707391093,30.26002169621443,49.77963114680904,-34.995297450064996,95.6630803412389,17.08075992304338,45.06665398722955,42.24511645514596,19.48942227390961,Unattained target,GPSampler,PRUNED
21,21,6.063397603957494,2026-04-13 10:02:41.538866,2026-04-13 10:02:47.167709,0 days 00:00:05.628843,58.21009222202578,15.269713883589509,66.79990264826412,-25.93589482506446,90.56498047506419,41.610646690802476,70.71956411153812,46.693946942973525,11.654875730631817,27.15026874589718,27.11326960298078,42.63063903956697,-41.03576558524928,30.21014357225636,78.02612053327051,30.793738445429142,40.452737280477656,21.904576332936358,Unattained target,GPSampler,PRUNED
22,22,11.440569547222935,2026-04-13 10:02:47.330840,2026-04-13 10:02:53.026424,0 days 00:00:05.695584,94.62400075487287,47.96104233607347,33.40511122300335,-55.00480769998644,73.375809743308,79.09620904797272,58.83088464539703,38.36538791964999,18.735773958246174,17.82467734676874,95.9214149363246,96.158566549339,-40.008394674443124,31.41753707859257,11.854707462970481,70.44800039712446,31.13310766228079,11.555217594033024,Unattained target,GPSampler,PRUNED
23,23,5.253465435556702,2026-04-13 10:02:53.156954,2026-04-13 10:02:58.705004,0 days 00:00:05.548050,43.37108471805536,14.74506251569675,30.17503868312379,-76.53825505747102,11.868844792757596,79.48199941916647,87.51517875753278,46.87853698150121,13.396030879558484,23.830526847932326,17.01381742688917,57.041289050638674,-76.78907433491126,96.22024817964311,75.5492248962229,48.80395451088008,43.191412657639454,12.819547371776796,Unattained target,GPSampler,PRUNED
24,24,5.645839473007051,2026-04-13 10:02:58.873799,2026-04-13 10:03:45.287341,0 days 00:00:46.413542,94.14589777151342,30.89192931279165,41.753178914925684,-54.05399214619665,47.596762660515886,23.12112686676162,39.596844835584335,39.41007143058256,22.58075397047466,80.5898515765318,57.96755502666361,37.50587159387884,-62.617405541808466,69.3292011807026,92.3083796681231,87.63643189352436,33.65373249174404,13.387075799918149,Unattained target,GPSampler,PRUNED
25,25,9.021863935682273,2026-04-13 10:03:45.596488,2026-04-13 10:04:01.108174,0 days 00:00:15.511686,74.73131909970638,66.18214505719021,97.54019970297169,-78.59295910757172,44.79579319151558,84.77305751187309,46.682884525779826,48.056477682331206,12.627569521060032,35.43171596766423,86.42081226664259,87.54727819005592,-61.106491622999016,38.02408272001342,72.8745650371809,41.99928693004597,48.5304972567907,20.349300077548513,Unattained target,GPSampler,PRUNED
26,26,11.00803517126937,2026-04-13 10:04:01.415502,2026-04-13 10:04:16.420712,0 days 00:00:15.005210,64.76309355256788,10.856552094342955,91.4919973094032,-74.04465251249782,67.15930342180025,67.39464098392375,95.03631536791418,34.55344927425665,23.162896552546382,67.19295336226693,73.17073657429438,63.09023049155977,-42.08237553048637,66.45421547215913,58.624168096626995,60.58817470778742,32.31483044698807,21.648630765305874,Unattained target,GPSampler,PRUNED
27,27,8.139713079144911,2026-04-13 10:04:16.790895,2026-04-13 10:04:34.280342,0 days 00:00:17.489447,31.45803083713079,98.1676991463051,45.679366952900345,-51.72103248087019,89.98586020744516,22.26480339876787,19.47691012405256,39.97245143297408,25.523223600864103,73.4988583989314,96.72148376414673,85.03402600640274,-36.642097872411966,33.925186270512626,20.74147194991928,67.84106194227664,36.365239354783284,26.036807718703333,Unattained target,GPSampler,PRUNED
28,28,9.731590900388028,2026-04-13 10:04:34.471381,2026-04-13 10:04:52.907674,0 days 00:00:18.436293,84.1861706125686,95.38416101150311,35.27447562949464,-73.09305804374333,53.03807485156821,20.195345899888956,92.25322832402561,47.709242823021285,29.60637377795028,17.815780966492593,44.514716661919046,63.19726341377003,-21.13525026027552,87.5762569371745,10.495691180031026,26.48825724315816,38.96234179241826,17.52810827714878,Unattained target,GPSampler,PRUNED
29,29,6.354273226614509,2026-04-13 10:04:53.162740,2026-04-13 10:05:13.069562,0 days 00:00:19.906822,82.7481398265852,72.25657389155221,40.04148595566281,-23.79443958472629,89.0692347204978,30.331534080076242,20.74607481981225,40.563360928387745,22.754515668667747,45.883997888262115,95.64244015464494,55.65983249740536,-76.40782642907186,98.22809581978512,24.597278921892777,66.28928702176694,37.30526051633653,27.534790627883062,Unattained target,GPSampler,PRUNED
30,30,7.174249317507893,2026-04-13 10:05:13.281133,2026-04-13 10:05:30.827340,0 days 00:00:17.546207,84.4845698325165,48.9167906193878,26.697739513470705,-22.347717417717007,63.40024197166509,67.41640915347656,21.51602140140515,40.98668777701625,12.81867320257315,53.69177683144062,23.50963060621147,96.74931354204153,-54.31309393336919,20.353844179219678,39.18205379409042,86.95292474184627,34.94327757372414,27.628687476921353,Unattained target,GPSampler,PRUNED
31,31,5.453364610318026,2026-04-13 10:05:31.116807,2026-04-13 10:05:44.242992,0 days 00:00:13.126185,16.53989966246262,44.52805079883492,49.77167997066658,-31.281827595403264,56.847596686508105,59.24293942577968,54.352480252079864,44.469698632929024,27.042360382548768,60.106134271641466,77.1911060196543,79.88837549299875,-44.30132490651684,73.26268049727184,24.77421035528198,74.75156232996912,48.84666353961002,20.802416575357867,Unattained target,GPSampler,PRUNED
32,32,6.946531474872231,2026-04-13 10:05:44.785174,2026-04-13 10:05:58.663859,0 days 00:00:13.878685,64.59262293745091,36.88265245939068,89.34882104886103,-31.267567251927055,45.282621099786766,36.466735541379805,62.550222996740665,40.94397566781534,20.57020428024515,82.7093075956139,77.11716353988484,16.851807583554645,-34.00599612074174,34.620975480762645,41.414796360248076,20.273080109979766,40.75738693389123,10.028770946053596,Unattained target,GPSampler,PRUNED
33,33,8.565565822317126,2026-04-13 10:05:58.909796,2026-04-13 10:06:14.968297,0 days 00:00:16.058501,38.446191170985436,21.762279756836953,60.33663288013379,-29.682488459588697,97.36784264419299,57.427034728986,82.38946615718369,39.91958777136881,27.097063934033276,57.02058259609841,68.51863397665953,90.23013354025392,-49.618841546612515,40.23932960124199,58.472485206728386,81.44186800159811,40.10151226866755,27.64730470211822,Unattained target,GPSampler,PRUNED
34,34,5.508738679001688,2026-04-13 10:06:15.220485,2026-04-13 10:06:26.785438,0 days 00:00:11.564953,70.80939709108648,47.263349460160434,67.78382489383085,-49.65622832616464,15.674568141709809,74.69219584292861,43.06417788713293,49.01315321464692,25.28343174399069,59.39960159672586,10.220964034326489,68.55376016180266,-44.531279332416645,61.29746287606863,25.69837402960175,54.95135304663735,47.2250794375016,11.344953917863291,Unattained target,GPSampler,PRUNED
35,35,0.8332256437844023,2026-04-13 10:06:26.994305,2026-04-13 10:07:01.814012,0 days 00:00:34.819707,15.80605292287393,94.2664999096573,10.284325458011223,-32.07546107939892,87.31869060530562,45.48681896856069,18.62171900740948,37.76537089676769,14.079955876623394,95.06269001046006,98.96658924381302,20.52438620278373,-78.83837152940598,92.4671628732129,10.221251853923965,95.42036016562004,47.51460788485615,23.468805356506742,,GPSampler,COMPLETE
36,36,5.370369541170653,2026-04-13 10:07:02.287132,2026-04-13 10:07:15.810427,0 days 00:00:13.523295,49.63555362528922,77.67753127400566,75.15922606842344,-77.79272791493027,76.63544452664236,15.8750609852238,97.242368903682,42.097850813356544,15.554008274539626,90.16607263033718,90.38770655027466,39.330862143643344,-43.53286966692531,94.832426733934,97.14906588751002,30.05870892860589,36.23872337735346,17.035681278383997,Unattained target,GPSampler,PRUNED
37,37,8.146521387466457,2026-04-13 10:07:15.955300,2026-04-13 10:07:31.270434,0 days 00:00:15.315134,87.82481456213844,51.03740532344063,84.71518470491719,-23.509228711414636,72.99211258053464,13.06899554483909,14.302843566833943,32.915154408129936,23.657230558992346,45.04394520549384,93.01995141125778,70.04363030076664,-57.02924975776415,14.308952613930993,99.37208408089478,28.287676115852992,40.12987276107056,27.44905064830364,Unattained target,GPSampler,PRUNED
38,38,11.06251665481308,2026-04-13 10:07:31.435958,2026-04-13 10:07:37.734621,0 days 00:00:06.298663,87.02388951473316,74.01163486984953,65.44413852653406,-63.403539791121915,40.3761914595191,42.0504631563089,58.29165268487565,39.380632070308536,23.114723471732397,10.945562216856985,78.87320698420952,51.39386297903435,-76.991094728416,60.00014725332596,31.55703398939005,37.84918145664683,45.70171083848103,18.290309496217986,Unattained target,GPSampler,PRUNED
39,39,9.837071524262669,2026-04-13 10:07:37.879682,2026-04-13 10:07:43.058932,0 days 00:00:05.179250,75.63053135622292,86.9539308142335,36.147484667438306,-40.03054517416861,70.1902484249888,14.709988875766857,41.312067139668585,49.744466795352295,10.310644422736782,69.9237391199513,98.0064437789185,30.491805100827783,-66.21171225968561,85.03023474442999,57.02955486731451,93.74580429237132,30.442293288152474,10.689693442709164,Unattained target,GPSampler,PRUNED
40,40,10.475845951858602,2026-04-13 10:07:43.199592,2026-04-13 10:07:48.788899,0 days 00:00:05.589307,48.41953922412983,16.3919804792487,47.911857896204694,-69.70490440209191,43.38241200062353,44.8198901277537,95.6642566627437,40.62411598210152,17.590590942189372,77.58990500920945,88.85716050418577,93.23674451002591,-47.99996081672067,83.80819024209416,88.18133235705201,93.00680668226506,38.555030025833304,23.40132588132417,Unattained target,GPSampler,PRUNED
41,41,6.936861998485817,2026-04-13 10:07:48.936466,2026-04-13 10:08:04.888120,0 days 00:00:15.951654,59.852618370748395,49.17113408842027,43.99227990346375,-36.884287017124635,43.84415947446644,78.60334167773432,68.82724988104084,37.56990880225747,26.611414262073513,34.05689574657748,60.99757288676779,41.30073181129673,-63.31299796729636,46.981843574530735,96.12482684968012,92.36468275619534,46.708372366569535,26.521545205537226,Unattained target,GPSampler,PRUNED
42,42,16.88683331645212,2026-04-13 10:08:05.019309,2026-04-13 10:08:15.591246,0 days 00:00:10.571937,51.90227950996549,18.061613438211367,89.79192567674261,-74.77114459344962,90.48827623253308,56.62272440374394,13.971258656727752,30.784464320121568,16.421117156346565,12.673040411470765,79.51180998901042,54.58038834874217,-76.98760789062004,86.11116487434181,24.97673034358629,80.18915947117056,40.16228832188163,22.252195943559734,Unattained target,GPSampler,PRUNED
43,43,5.536039240504991,2026-04-13 10:08:15.732278,2026-04-13 10:08:30.577432,0 days 00:00:14.845154,73.77172128489315,67.2233917349806,96.46292225464055,-50.73646723598933,57.62673958951242,60.47249689551829,71.19459496569921,48.81159263322269,21.188812258377762,34.60270416627503,49.747968690785136,68.82505158096923,-79.8685049359078,63.39483086098463,66.9557681838643,34.73388646664459,37.646929647084406,21.472623938377694,Unattained target,GPSampler,PRUNED
44,44,5.283108043665614,2026-04-13 10:08:30.961336,2026-04-13 10:08:44.152064,0 days 00:00:13.190728,10.993114746290889,37.57569238303667,86.7086395496587,-47.85770875638724,30.491134577024294,75.2003894506142,55.246032632611644,39.792679199907546,24.811440451430684,56.7453027396744,20.441830878857022,66.17867035228039,-40.9676806805289,49.369187622002705,76.14329857928824,66.48932345470848,49.50666936375387,26.51560770767219,Unattained target,GPSampler,PRUNED
