,number,value,datetime_start,datetime_complete,duration,params_lLegPt.lL0,params_lLegPt.lL1,params_lLegPt.lL2,params_lLegPt.rA1,params_lLegPt.rL0,params_lLegPt.rL1,params_lLegPt.rL2,params_lLegPt.x1,params_lLegPt.y1,params_sLegPt.lL0,params_sLegPt.lL1,params_sLegPt.lL2,params_sLegPt.rA1,params_sLegPt.rL0,params_sLegPt.rL1,params_sLegPt.rL2,params_sLegPt.x1,params_sLegPt.y1,user_attrs_prune,system_attrs_auto:sampler,state
689,689,5.317478395931758,2026-04-13 11:23:57.079114,2026-04-13 11:24:02.824086,0 days 00:00:05.744972,29.650216438426604,57.40933265645035,10.805923386440098,-54.577601787168305,94.82429244294539,65.81283557859459,17.816734484313606,43.53211868040631,25.974102776007708,89.12593178453105,25.84281933455576,19.412509584889683,-64.1865207272409,15.218196114811303,53.11001292424113,84.34014499025793,41.29771843208911,12.43306745541507,Unattained target,GPSampler,PRUNED
690,690,5.0552817738152385,2026-04-13 11:24:02.993659,2026-04-13 11:24:07.949941,0 days 00:00:04.956282,47.69386407111999,47.88521274725594,42.44907540250479,-78.96939590846708,24.422708008465822,22.740235037935363,29.659658152932856,34.26256590525173,22.166938063418733,77.66726221634157,46.80443950689527,85.44631572331099,-40.59827309550056,69.69049791464441,46.17784621812685,35.36612909747858,46.25149060710183,11.773694417468342,Unattained target,GPSampler,PRUNED
691,691,9.38687951843169,2026-04-13 11:24:08.131318,2026-04-13 11:24:13.024273,0 days 00:00:04.892955,68.78417739275588,42.6852723239372,71.38510154826865,-49.847108325642424,91.59571742434899,44.1965315846106,85.4330495406302,38.35499992146395,15.467615270376216,44.65353254269726,33.73595527858557,45.75825141915285,-32.75468516407998,43.28965559923699,60.26323674452784,39.117746847713065,44.87998729140817,21.37928121602268,Unattained target,GPSampler,PRUNED
692,692,0.05820939276328474,2026-04-13 11:24:13.207747,2026-04-13 11:24:23.689399,0 days 00:00:10.481652,52.83689495781055,64.17693428659155,63.47884903546448,-44.5612641860109,36.030381467095566,97.0660335726645,89.30898685497304,33.194928178632935,21.268398882117577,76.8735269474857,29.592983569419694,34.496167728760106,-25.10233755717902,27.982989119770007,36.44594047810562,85.58317019926575,41.26621769078074,21.027071713421268,,GPSampler,COMPLETE
693,693,20.01478373182522,2026-04-13 11:24:23.863864,2026-04-13 11:24:29.172118,0 days 00:00:05.308254,50.13129545418073,12.35628420178854,93.02386736362341,-52.284060163952404,90.08419960729313,95.84449867148203,73.54517351590113,33.753828821073604,29.3211632822544,31.471906819160456,94.27380715845231,76.37718468513853,-54.52353211299266,99.0191726333236,49.86162920518293,31.575128620233798,46.21397499626289,29.586760240487923,Unattained target,GPSampler,PRUNED
694,694,5.19147628239606,2026-04-13 11:24:29.334971,2026-04-13 11:24:34.442150,0 days 00:00:05.107179,20.914323944257838,71.97070201685564,28.45908043357019,-20.598005924201253,99.82190338411905,69.64647319020358,65.01876476087668,46.669229716265356,16.555142968546566,50.874426397890446,78.62138339112987,41.610418277514384,-21.71016300687375,17.236966320331327,92.36499204255684,23.58210641080487,32.53516126738472,22.782644007142977,Unattained target,GPSampler,PRUNED
695,695,0.3919276307977704,2026-04-13 11:24:34.614440,2026-04-13 11:24:45.309321,0 days 00:00:10.694881,22.1037661691577,83.69919183698765,85.39796871499473,-21.79368816725541,51.21674106484112,45.825727730798164,30.98416257406602,32.250687864157754,20.88991431972164,98.81477779629324,17.725572762122027,48.927166563962565,-23.309352968435,23.347747790532907,57.91240511404185,13.721651818134994,38.27942964624041,21.004302767856135,,GPSampler,COMPLETE
