,number,value,datetime_start,datetime_complete,duration,params_lLegPt.lL0,params_lLegPt.lL1,params_lLegPt.lL2,params_lLegPt.rA1,params_lLegPt.rL0,params_lLegPt.rL1,params_lLegPt.rL2,params_lLegPt.x1,params_lLegPt.y1,params_sLegPt.lL0,params_sLegPt.lL1,params_sLegPt.lL2,params_sLegPt.rA1,params_sLegPt.rL0,params_sLegPt.rL1,params_sLegPt.rL2,params_sLegPt.x1,params_sLegPt.y1,user_attrs_prune,system_attrs_auto:sampler,state
643,643,12.48501832693021,2026-04-13 11:19:22.579609,2026-04-13 11:19:28.106415,0 days 00:00:05.526806,96.10651604189287,58.10479021762528,66.68476057158668,-66.8304394353635,84.37004874854595,27.727139129030324,47.93722829906527,32.81933540672172,16.432310798064005,52.46135220999765,75.99796058516675,54.64170601848392,-67.9614370578709,71.44137359506209,88.07255929858033,11.178680393328362,34.54241187599838,29.4629071164779,Unattained target,GPSampler,PRUNED
644,644,5.6135788592728915,2026-04-13 11:19:28.301534,2026-04-13 11:19:33.350330,0 days 00:00:05.048796,32.08944637464079,31.739635529626327,31.872820932478078,-62.72532584768069,52.09997792184861,44.23313228696698,43.5044780724385,49.25552051101076,11.025507509987627,22.881616282840124,15.513603383139758,26.947942838386695,-32.291332166629,82.16693850577407,73.93499746906075,17.723579742104796,41.98676309355408,12.823117314869535,Unattained target,GPSampler,PRUNED
645,645,9.146998052164463,2026-04-13 11:19:33.506378,2026-04-13 11:19:39.513472,0 days 00:00:06.007094,49.66910574057378,54.02225777374809,88.08458712768507,-73.55114113353369,95.32715277677472,93.47903654112646,97.76712016716351,40.39211226290577,23.89855550319682,11.48536551174302,68.10960300476717,25.112911910954132,-36.57092277934827,59.94493308651442,84.60569513741889,20.46154199009812,38.181140509809254,28.347859903097188,Unattained target,GPSampler,PRUNED
646,646,5.609698188695681,2026-04-13 11:19:39.696554,2026-04-13 11:19:45.154934,0 days 00:00:05.458380,14.735026989136301,82.32258453611497,41.852487920288226,-26.87519992707133,81.91987436577018,17.742809158876064,88.53132893465089,48.56136055033632,29.150046346703075,12.75880468548209,58.07914980527434,84.88674024088598,-56.85216680109955,81.46608573395353,66.08428948944592,10.137446208139435,34.295952731638664,18.361181697537887,Unattained target,GPSampler,PRUNED
647,647,15.40726446465883,2026-04-13 11:19:45.329831,2026-04-13 11:19:50.594833,0 days 00:00:05.265002,23.880676978932627,77.46230987034942,23.037072402138563,-60.80995245294045,40.3250294450919,60.87019920931364,87.65599019350611,36.107777922709005,15.84055019918594,44.900084109165306,39.4321343025765,54.20170479675251,-57.15173173603934,76.90831905040467,28.869334655953693,43.44295933021477,49.61956443009831,20.45794335238298,Unattained target,GPSampler,PRUNED
648,648,7.358448556748726,2026-04-13 11:19:50.753064,2026-04-13 11:19:55.994811,0 days 00:00:05.241747,68.87245050593373,20.577285168099532,82.50525850926515,-61.127507776592964,91.18221159634223,95.9827903517862,12.443597710406817,34.73784549762995,17.558384369291282,54.65532724556181,63.15726938790955,31.00257053941221,-46.64228065868099,42.70277767793967,96.5808464794518,43.44774681127635,45.06957416007201,17.452957109598106,Unattained target,GPSampler,PRUNED
649,649,15.618002118638707,2026-04-13 11:19:56.160696,2026-04-13 11:20:01.207211,0 days 00:00:05.046515,58.4846679935499,22.233125366113306,96.80959971073796,-31.679207909425408,91.48913939328521,83.86137196975827,87.77865060501905,38.24801394928384,18.74576550204195,10.15769235752773,71.83604047521207,25.784858286304953,-55.7831464684247,78.0355249405321,18.15925804394041,47.02600240361276,38.85484118204826,27.00282400608718,Unattained target,GPSampler,PRUNED
650,650,11.139532889984729,2026-04-13 11:20:01.381304,2026-04-13 11:20:06.715164,0 days 00:00:05.333860,64.51320416038524,30.256169963918598,11.107826081235325,-78.8500227047178,18.792197709415163,89.2379168720809,20.089974347334824,31.78527758190978,20.89650759721327,48.7969853539593,54.85402487284448,89.39600679246341,-56.22470898355711,94.38981450938016,53.45538378123819,19.285901238615764,44.94374196484621,26.734033265931323,Unattained target,GPSampler,PRUNED
651,651,6.656103906264718,2026-04-13 11:20:06.877365,2026-04-13 11:20:11.957600,0 days 00:00:05.080235,37.986534625777225,59.37659804659805,91.30412848906694,-32.31547401805389,73.62689497976564,15.472724042112773,68.75356140346572,36.85011099718335,10.760352507746866,84.49687065138941,52.6634972368551,13.53825013843882,-51.92182905130909,34.905202106225154,89.6061311653045,86.31177045581765,31.914513547410543,18.642462897315347,Unattained target,GPSampler,PRUNED
652,652,5.928245623931517,2026-04-13 11:20:12.127499,2026-04-13 11:20:17.770465,0 days 00:00:05.642966,29.09734789005398,91.05984646171095,30.33000232255786,-22.85498306457425,87.6655540569308,32.654488578915654,42.04931622174502,35.026315028495894,25.345578208973595,46.227040296104484,48.42576295297586,33.41004265282889,-63.005030256230015,61.53051802531418,43.97722370896391,52.25016908665028,38.58515906510094,12.002211792220487,Unattained target,GPSampler,PRUNED
653,653,16.97375672363882,2026-04-13 11:20:17.933812,2026-04-13 11:20:23.075328,0 days 00:00:05.141516,44.81785543677651,87.00608242354483,77.73134102934218,-34.141417519644385,88.5347877381124,22.01108983618363,10.89690591019986,44.59625968525368,22.100956254078763,11.38211497875298,42.45683357034493,10.789854532059927,-33.08337568648588,92.200215297609,33.58289104782808,59.63800087472592,45.75731271639819,18.55332246654445,Unattained target,GPSampler,PRUNED
654,654,8.076999585873175,2026-04-13 11:20:23.235256,2026-04-13 11:20:28.559537,0 days 00:00:05.324281,75.91647325290673,66.2065582859641,67.6594267644774,-79.09465186698738,56.60173907413078,52.41541565354908,49.476328283183996,37.20887838090156,18.719230465628996,65.63431246424909,21.84387899970924,83.31006687898348,-55.28745104417586,83.38006001187736,73.60586230757605,44.57816482620397,32.707725206303316,11.177121216188493,Unattained target,GPSampler,PRUNED
655,655,4.274415405314421,2026-04-13 11:20:28.737322,2026-04-13 11:20:39.647676,0 days 00:00:10.910354,67.93130021796469,16.661643062498324,78.61775258889988,-68.11033652446518,89.30066113230215,27.649415138522635,71.0454463749532,38.329983848622355,11.0879249639732,92.95057379399714,22.87489422482843,38.056697551705064,-27.615005574931118,28.010539467719838,21.899601028877083,78.38535394304243,36.12282812300078,19.05640038657804,,GPSampler,COMPLETE
656,656,5.003975562265957,2026-04-13 11:20:39.805725,2026-04-13 11:20:48.588071,0 days 00:00:08.782346,92.29487645021088,50.18514740306055,19.791046207656006,-49.028665457842365,20.518746931323403,39.543507603740665,33.995646582743476,33.958791009096224,13.460101982833962,90.36801943866608,83.80466584351005,69.8402027311472,-32.25816268652145,67.69607703913607,15.027076098490369,33.68833560235729,41.252657114899904,10.933387805472465,Unattained target,GPSampler,PRUNED
657,657,5.653514731158197,2026-04-13 11:20:48.749208,2026-04-13 11:20:57.778142,0 days 00:00:09.028934,30.408704221638146,40.54929776639557,51.144429796439475,-39.51893206102146,17.59591165756185,40.60827123104802,11.769550983288463,39.74018142164874,29.452493205921762,12.512552916430401,12.772590970497763,63.5702931981819,-33.8313857545727,75.14051043142011,35.28020592516697,76.95055706402584,33.33588520768016,27.645408642216886,Unattained target,GPSampler,PRUNED
658,658,13.559647437771893,2026-04-13 11:20:57.961527,2026-04-13 11:21:02.876131,0 days 00:00:04.914604,99.50467535313967,81.42449343073854,84.44492886248537,-45.34056747854544,37.467569078541516,37.88135105252479,80.42434075368732,35.66642757072867,15.439711786911952,33.21726639624184,95.288437961204,64.15148722040863,-42.04864582608505,97.26549898133055,61.320892057195316,36.72572063516798,44.77715705180202,29.204662940675963,Unattained target,GPSampler,PRUNED
659,659,6.714735783053996,2026-04-13 11:21:03.058695,2026-04-13 11:21:08.168070,0 days 00:00:05.109375,32.96756741117468,97.80682197559835,42.5932856533726,-37.7467462053201,11.546548097087033,48.460894110575126,47.9438868030304,33.461022882849896,25.392866537686665,27.753233459977455,75.96097172341433,77.91708515704758,-21.70745454962841,19.0430451878358,50.80987955299955,69.35687726610874,30.480669620023413,26.175099519854772,Unattained target,GPSampler,PRUNED
660,660,9.658102140023736,2026-04-13 11:21:08.341019,2026-04-13 11:21:13.690483,0 days 00:00:05.349464,42.0074000096549,57.79913621022293,43.45217620469338,-21.550614345862314,64.43619707218826,70.53710437297028,86.55998078330983,38.33419834485018,10.322662068207705,46.699585450560896,43.81754880466963,63.45204070669142,-75.53761396451297,94.54245472542989,37.008654377539756,57.5108996222407,45.61804784851558,19.801519083639704,Unattained target,GPSampler,PRUNED
661,661,5.476036674346638,2026-04-13 11:21:13.894147,2026-04-13 11:21:19.286187,0 days 00:00:05.392040,97.33289927925982,56.18410606989368,58.87301550717819,-45.11954715904841,20.553379573744138,40.6315571049459,24.719115147255692,30.894890040473275,27.36421658723774,38.711860084373406,59.58667142866247,74.59796888689092,-76.15027555759637,58.31993105555716,52.86386700764778,76.20121545953546,35.93761638775135,17.203219606916946,Unattained target,GPSampler,PRUNED
662,662,5.477550799534242,2026-04-13 11:21:19.470471,2026-04-13 11:21:28.236611,0 days 00:00:08.766140,42.51322868587759,71.58847874022024,17.154177872633408,-62.86545756716278,11.955353000226307,30.087193034433678,56.00015072058482,45.550829173118785,22.436475729532145,14.309389891639555,45.459128602934605,72.90736527415699,-71.30862835324876,97.96248895075219,57.14820316649679,56.70557494961168,41.31949664545443,28.730383661797724,Unattained target,GPSampler,PRUNED
663,663,6.6494345418281355,2026-04-13 11:21:28.396557,2026-04-13 11:21:33.516563,0 days 00:00:05.120006,28.379333089693677,33.60016272040564,92.60209938397152,-22.28569594312765,76.66947124992713,17.464953073441336,35.22427235949615,40.44514253707422,28.61778449852726,39.5418734633828,79.60641157960434,29.99640412208295,-74.9041221662929,91.91463803011614,32.73714803598298,10.65793964860877,43.75983371029113,25.430846531929888,Unattained target,GPSampler,PRUNED
664,664,6.290994570348317,2026-04-13 11:21:33.684961,2026-04-13 11:21:39.066834,0 days 00:00:05.381873,43.03153617784795,48.30396790925523,36.34071088455693,-54.52857432495854,24.336592746749126,86.23848142704475,40.254920890339065,38.51372154039833,19.5963844821097,30.7110290695736,22.741377439141107,96.2653149771254,-40.80731880734624,97.64150781133316,67.24902629244423,61.994437222891996,43.01525468370202,11.689930232430568,Unattained target,GPSampler,PRUNED
665,665,8.41463598544761,2026-04-13 11:21:39.240499,2026-04-13 11:21:44.496553,0 days 00:00:05.256054,59.48393241119275,74.1327311015358,36.12836398925863,-41.479205469450676,34.838484419886115,45.37524538821035,36.378336158505896,43.90988523335083,11.565036661306111,81.18706315785948,52.22170719008606,40.00661756731383,-32.68338466830551,42.632476115139966,58.87803614273121,20.938457800149305,47.957842342627316,28.490302704370286,Unattained target,GPSampler,PRUNED
666,666,7.537885097872596,2026-04-13 11:21:44.672596,2026-04-13 11:21:49.631394,0 days 00:00:04.958798,93.22056126112999,51.4806239029856,60.23644065080548,-41.95869022559173,95.20550864590521,80.27076281173939,59.828486930912334,38.7745380158756,20.93011663851958,54.90689527296905,22.3098501945085,76.8060349395825,-47.9065778098642,37.15497067949332,34.61019183262415,60.0312449933729,30.01842918954929,29.61358304123283,Unattained target,GPSampler,PRUNED
667,667,5.698770283007107,2026-04-13 11:21:49.812926,2026-04-13 11:21:57.886947,0 days 00:00:08.074021,37.694317128528056,34.51021409718659,32.388023913735026,-72.03121489352151,42.68126522041893,15.656571548680148,86.11936646484638,48.04512914494096,19.983160863933684,31.71974448612076,78.5081429256146,76.64115033419061,-60.224376381336526,46.03266592004467,21.502916409253025,35.59664549903977,40.089966552502695,29.423438029420186,Unattained target,GPSampler,PRUNED
668,668,5.746439710908103,2026-04-13 11:21:58.059917,2026-04-13 11:22:03.012851,0 days 00:00:04.952934,66.64541378380915,58.856808559027336,41.25422703659437,-36.837686208222976,28.268078543452944,43.56624481519451,97.67593241927368,44.95172231480423,13.487521591124029,50.957092248497524,53.497255776728174,68.23197580162804,-69.53022840860143,10.507627943528648,33.8759088577261,31.485859668506258,46.263667855078,24.28459154289702,Unattained target,GPSampler,PRUNED
669,669,5.5756912874061655,2026-04-13 11:22:03.216186,2026-04-13 11:22:08.411118,0 days 00:00:05.194932,79.14723544223888,24.222838442647365,51.97915336829138,-73.49537137365273,68.49008878194178,15.559588936740813,50.20292091020217,34.12157635901907,16.345552903656877,87.08288180992808,83.84418041396879,32.783734424384136,-54.580401487924405,93.06489144765033,73.77910008206321,29.43034900496131,34.32179665993298,22.26869285518456,Unattained target,GPSampler,PRUNED
670,670,6.74880862556304,2026-04-13 11:22:08.589849,2026-04-13 11:22:13.847377,0 days 00:00:05.257528,53.400680551800114,36.83284723126378,37.70183598481313,-30.77959614088789,19.627766287547793,95.90987329663724,61.07284224172156,43.82125543851867,18.451751025061668,89.40043020578172,61.50396441679352,38.04021829177091,-74.95740578813025,55.20840624551937,82.04928855387654,65.71625058582731,40.222592111939036,17.299769017007588,Unattained target,GPSampler,PRUNED
671,671,8.97969510747172,2026-04-13 11:22:14.009994,2026-04-13 11:22:18.993459,0 days 00:00:04.983465,42.64654960396403,93.53342259118668,58.18845873710936,-36.948738809200094,56.21164064045287,79.00980918866982,28.982354073472955,44.60752375775549,12.49874107788832,74.00837918981502,73.0720145188606,57.936310170330486,-22.056725020640833,97.07823701481948,56.86898609267927,77.77917031304601,30.432971475191064,25.428637580114863,Unattained target,GPSampler,PRUNED
672,672,6.324381263944744,2026-04-13 11:22:19.165806,2026-04-13 11:22:24.244131,0 days 00:00:05.078325,65.97529545765363,67.7902348954488,93.28871332048445,-34.98359428458163,78.15040592225864,61.12910773483276,49.93830379601873,42.48262106378064,23.556960068704633,91.5916495803829,61.14803422704024,72.80308362728174,-58.240764298603466,55.8036402927164,80.86033617682197,68.25903504966561,31.700472846484125,24.661209452793578,Unattained target,GPSampler,PRUNED
673,673,14.365727329922185,2026-04-13 11:22:24.415600,2026-04-13 11:22:29.977420,0 days 00:00:05.561820,59.42196455491481,88.31309829211993,55.672335797233586,-51.377340072799015,82.32076288576947,59.719942949260385,60.904916410223485,39.438788842755315,24.436807074288385,94.18132348570464,45.54744322508089,96.00713188830164,-64.36890884711181,64.97415430166821,72.50941013936303,10.289183298735725,46.44092953033783,29.400176916324746,Unattained target,GPSampler,PRUNED
674,674,5.6822301984442944,2026-04-13 11:22:30.139763,2026-04-13 11:22:35.527928,0 days 00:00:05.388165,26.645748905654614,55.654884364593094,33.667467225957814,-77.0969494505222,28.78569590531354,40.85634585194592,41.553133831653405,31.167971858902717,17.666602477840126,82.17977186016901,97.11880788127372,52.6478228976407,-62.14841475864783,40.24653181742498,74.27677732941052,21.65946077453212,37.409344958746054,20.557520085121723,Unattained target,GPSampler,PRUNED
675,675,8.306256056371389,2026-04-13 11:22:35.700002,2026-04-13 11:22:40.653863,0 days 00:00:04.953861,52.128048074921544,71.18635632838914,41.32214988287198,-63.83922943015229,21.854268083833322,70.94321252342239,48.91578883033995,43.59537309555144,20.184448195853903,35.597266156799314,43.77012616973793,94.98707096284265,-72.41532009984392,36.59683146485859,65.39483924936255,37.57404722576973,48.68099278247581,27.01411581812331,Unattained target,GPSampler,PRUNED
676,676,6.1596507448865765,2026-04-13 11:22:40.816154,2026-04-13 11:22:45.757556,0 days 00:00:04.941402,31.813484137340712,77.65740005783873,48.821269179867215,-42.06312436097934,52.35852312937175,91.4421720744862,33.63077515639686,43.024792546633755,23.828532018861456,98.41110978999221,21.206346226130606,89.84321658230041,-22.56752207844277,40.13474811825492,48.493071894328125,90.70588281756503,49.31249063627736,16.859979499913308,Unattained target,GPSampler,PRUNED
677,677,16.75899821103433,2026-04-13 11:22:45.942024,2026-04-13 11:22:51.208055,0 days 00:00:05.266031,75.23132694776366,51.164947111187615,22.144628683940567,-40.75824417779408,93.7271147348287,70.52544497793976,62.0480819726712,41.223103681455584,23.429593462278497,33.34282840117758,76.19188135115577,70.26428942430971,-59.329445169676006,92.55787825928243,19.50555686629145,46.93137454303726,33.23953540506696,18.671151482426687,Unattained target,GPSampler,PRUNED
678,678,5.062061503636794,2026-04-13 11:22:51.387872,2026-04-13 11:22:56.523956,0 days 00:00:05.136084,99.8706386582541,10.962966992954307,59.57742285257201,-21.946627794997582,18.688194523878447,79.61399090680456,25.716079384495618,36.33706801259194,27.017372341457026,75.11565868351468,36.3158538724676,29.900984483224814,-45.82109106959681,54.49481068600436,11.338899515240186,16.776940985148435,47.988625599117185,14.230198179289122,Unattained target,GPSampler,PRUNED
679,679,7.561665819968397,2026-04-13 11:22:56.688082,2026-04-13 11:23:02.026038,0 days 00:00:05.337956,15.896477686519706,12.044030594672446,63.12735684286588,-28.104128948397204,76.92147905681176,70.3530451282331,36.33507902272879,34.60439634271429,15.186667710868761,69.45238638824723,70.09123977873872,34.47861291898748,-46.4555036760818,67.59124579652845,57.74525791054894,41.516650533808885,45.075822061103125,21.504056176879253,Unattained target,GPSampler,PRUNED
680,680,5.096504792737427,2026-04-13 11:23:02.188140,2026-04-13 11:23:07.678581,0 days 00:00:05.490441,82.26508622982223,55.92537260625696,30.735158685474648,-40.0643214896609,23.84964315898732,36.0276040847171,27.81904176059666,40.512401284936686,18.41375138550886,56.06860787190721,76.68911740464134,39.889296579185626,-72.06945705505268,32.62987781763189,90.62521889655265,39.548365401950136,44.87042815539396,13.748781618118128,Unattained target,GPSampler,PRUNED
681,681,5.386911204104759,2026-04-13 11:23:07.889385,2026-04-13 11:23:13.538226,0 days 00:00:05.648841,69.90608205882069,50.225936165236085,25.704098277940897,-49.17599750129753,42.490280603143,46.214327024414395,95.90990179646275,48.61620358031544,26.962081348509052,49.87924782637008,45.945502599064966,94.68996102027339,-70.10606238477544,82.40470217876882,56.21307895309091,22.494607930054805,39.38305529505939,20.61822410961942,Unattained target,GPSampler,PRUNED
682,682,10.950879104086148,2026-04-13 11:23:13.714114,2026-04-13 11:23:19.069502,0 days 00:00:05.355388,25.79636252735397,63.6904686324778,60.80740444330157,-74.94035487621672,16.005905430975137,41.87053874822514,91.57920252224949,30.542094387234368,23.179915342325035,43.95321821884399,74.35998170936604,91.10738281748746,-34.641470593844545,95.61821388631789,69.552272403373,19.284150951107943,46.43824145469736,21.462942965502265,Unattained target,GPSampler,PRUNED
683,683,5.58615723433892,2026-04-13 11:23:19.223193,2026-04-13 11:23:24.922554,0 days 00:00:05.699361,93.7691626251524,26.705949111027735,12.927740072610115,-54.38317206503669,93.95934176305757,95.64924044571076,57.099294185135676,43.06546010951851,26.89918891475258,64.92562127886754,60.40964060622545,27.98978931802938,-35.8200398244181,22.619230276585718,14.373085166394379,33.880717878459855,39.39236097730589,16.932633741891518,Unattained target,GPSampler,PRUNED
684,684,5.8579109591190175,2026-04-13 11:23:25.083291,2026-04-13 11:23:34.633343,0 days 00:00:09.550052,19.14925926110385,34.07177610343378,56.44500894191415,-60.93471259572762,39.79316864471389,27.919222010051506,89.79753874275627,30.09164808339763,18.423727448474487,45.93052196666931,39.15314197852589,94.39352756135881,-32.351196755003876,28.5288477466471,30.018612031403574,21.370192294302537,32.65954235470448,22.187523789466013,Unattained target,GPSampler,PRUNED
685,685,11.018264261582232,2026-04-13 11:23:34.809416,2026-04-13 11:23:39.788424,0 days 00:00:04.979008,39.22007414807554,47.88074050177084,37.419040205080705,-57.27494548740194,95.54510639907282,93.79262546977665,74.28046410233523,43.93376977747788,27.430650946565816,51.2586917094,36.793393125260835,32.21347821010984,-48.36145924123196,98.6529550965107,12.809965455187374,59.50350859271386,37.367378777679946,12.888860534293746,Unattained target,GPSampler,PRUNED
686,686,7.216150935540401,2026-04-13 11:23:39.963726,2026-04-13 11:23:45.888894,0 days 00:00:05.925168,23.739836936260467,55.27614958884378,83.98919532338789,-78.11988212134742,43.72141252986112,90.47278442562367,84.36451532915869,44.518504797266196,11.152539781512239,34.58544496317307,92.87774005670667,93.56562222516375,-48.22759750373815,15.406522763957526,61.452659752958866,66.32399396566689,35.25332247437875,24.524378100305086,Unattained target,GPSampler,PRUNED
687,687,6.345780174251193,2026-04-13 11:23:46.057283,2026-04-13 11:23:51.259464,0 days 00:00:05.202181,96.66752424534695,94.2165566674728,44.829394642451874,-49.383537128351044,92.40002876690542,52.389690491389906,98.13571885445397,35.857041902346,16.54570160433508,89.82787805094654,70.47957650928923,22.71573942864294,-66.6505138693206,50.07416938251659,65.010891532443,82.75597545457718,49.85122845808036,11.308983920828023,Unattained target,GPSampler,PRUNED
688,688,8.716780129441567,2026-04-13 11:23:51.435919,2026-04-13 11:23:56.914519,0 days 00:00:05.478600,40.72091005155159,28.47766225520563,91.65675555369822,-56.262022708406036,68.44919728550835,61.27067764377053,20.272678318804225,43.25383879906888,16.612387189012203,65.30061177308644,41.76562806587775,39.07416157938901,-61.87054132322735,34.20129677134913,54.749082573783014,16.401408848823053,37.24863874447195,18.595243635373784,Unattained target,GPSampler,PRUNED
