,number,value,datetime_start,datetime_complete,duration,params_lLegPt.lL0,params_lLegPt.lL1,params_lLegPt.lL2,params_lLegPt.rA1,params_lLegPt.rL0,params_lLegPt.rL1,params_lLegPt.rL2,params_lLegPt.x1,params_lLegPt.y1,params_sLegPt.lL0,params_sLegPt.lL1,params_sLegPt.lL2,params_sLegPt.rA1,params_sLegPt.rL0,params_sLegPt.rL1,params_sLegPt.rL2,params_sLegPt.x1,params_sLegPt.y1,user_attrs_prune,system_attrs_auto:sampler,state
459,459,5.031623592127868,2026-04-13 11:01:07.721356,2026-04-13 11:01:13.033138,0 days 00:00:05.311782,99.35276803476418,26.604721944662984,83.87651398981009,-29.95104985788776,52.50603756650856,67.9428771804045,95.9730617437371,34.49693835006619,18.423955126771972,94.97160411975537,48.812543803713,21.309389658509435,-48.008891674887685,43.45180859623109,64.85397697945982,67.13733194557366,44.45564534307775,13.449499994338716,Unattained target,GPSampler,PRUNED
460,460,5.90115121936018,2026-04-13 11:01:13.212745,2026-04-13 11:01:20.415072,0 days 00:00:07.202327,92.62913440818427,25.8792736433723,23.547976413803923,-27.468494700623225,14.122014434433574,51.18995632828941,32.93946167430269,48.96280829750437,15.984645390718402,65.69292127237358,10.595282612702661,74.21240151733255,-73.54536857696108,20.963762436224993,25.598157021608955,56.11027748971266,46.92870674789341,26.694846402095685,Unattained target,GPSampler,PRUNED
461,461,9.885341722326011,2026-04-13 11:01:20.608451,2026-04-13 11:01:26.053714,0 days 00:00:05.445263,83.68039188760058,70.04467723707725,99.35854942997946,-49.888738460872545,63.15331524031875,41.70597506830446,19.712514211727665,46.09560067584274,18.546505040728018,59.81897724562131,70.80030406846552,45.322552310584136,-30.039242075715002,12.130680866836226,45.46955802029626,85.51923694146186,39.28430594600955,28.168439499872793,Unattained target,GPSampler,PRUNED
462,462,10.729564790502643,2026-04-13 11:01:26.234885,2026-04-13 11:01:31.364681,0 days 00:00:05.129796,88.58511018193498,81.55119056810517,36.16900383336735,-61.60718759250475,49.32240674357455,95.39490559864406,85.17719639984027,40.09336200762963,23.19197956865598,93.4262983830978,91.47520754035565,10.340320228202515,-59.01387390958659,14.47361902445876,39.87848021938045,24.34038051507487,30.65728098548037,10.47853571331016,Unattained target,GPSampler,PRUNED
463,463,5.588906641497196,2026-04-13 11:01:31.546832,2026-04-13 11:01:36.852325,0 days 00:00:05.305493,62.02835129044891,32.35027122063083,75.48977769616783,-50.0915445627912,18.438931137836597,88.43138323696847,24.86566495233246,31.925600250618235,25.148947660777438,40.43682965248411,72.60548117718685,44.6693293038674,-22.002773232854395,29.729433912377083,79.88695098477982,85.12875373535556,32.385921422505646,29.051696521401716,Unattained target,GPSampler,PRUNED
464,464,5.173076446195065,2026-04-13 11:01:37.036096,2026-04-13 11:01:42.337393,0 days 00:00:05.301297,37.59161858233388,83.45451115493022,87.83566749577884,-36.17573034074141,90.68918991461608,50.7778698480548,84.17643005823486,46.842868829093035,27.59952976040383,30.667896397130264,28.066626619561948,30.410497465931297,-77.78004586197369,38.33440000236969,79.66060870522941,16.385664508577047,49.14460362562032,14.000069371245402,Unattained target,GPSampler,PRUNED
465,465,5.710157431483829,2026-04-13 11:01:42.499058,2026-04-13 11:01:48.232607,0 days 00:00:05.733549,59.564568681798676,71.67507216777977,25.487312721599437,-72.86722565021745,98.43105887422672,85.14777157114794,18.005748840558894,31.332088497941054,10.353437564334353,65.01550940599509,19.949799298679633,20.337858609846055,-45.64279462652619,13.527837240702391,68.56430993097139,97.8756852379365,33.389307828718096,26.801523917512743,Unattained target,GPSampler,PRUNED
466,466,5.897012051939107,2026-04-13 11:01:48.391458,2026-04-13 11:01:53.685337,0 days 00:00:05.293879,13.849632633148094,65.59834525868438,15.590807932050193,-46.37951845622019,54.33689177531135,35.177721288444246,93.58508197723779,30.060081349999052,29.580092659224803,22.862446735807204,42.54221837112166,42.681963291753476,-78.06341880648813,87.82631553739236,80.86171652825458,99.45439753252973,32.83489522557047,19.419945726999632,Unattained target,GPSampler,PRUNED
467,467,5.567144710888773,2026-04-13 11:01:53.855098,2026-04-13 11:01:59.029242,0 days 00:00:05.174144,44.64402529020857,71.99835935411112,77.65687059333706,-43.49681869909482,47.78338930960286,60.28037197615975,21.81017901058155,32.76333347430801,21.98775772168413,40.708642608932564,83.08385564947221,98.54873304223833,-22.239649301637122,45.80975992388533,45.65928485550525,53.496165257847956,42.57017140395188,10.978996071375779,Unattained target,GPSampler,PRUNED
468,468,8.287862929490835,2026-04-13 11:01:59.215834,2026-04-13 11:02:04.532350,0 days 00:00:05.316516,61.89099324130045,24.653180303082564,90.92622683231532,-45.5873990605509,98.0585101988048,40.696608552027044,10.288143706749759,44.53766999806145,14.819176679807132,28.405662821518124,21.551788254386846,92.50537890294746,-44.49056679597877,61.118392501724145,82.45567493745276,42.70056092795539,40.00910728628507,13.866084046358534,Unattained target,GPSampler,PRUNED
469,469,5.187569191097623,2026-04-13 11:02:04.713644,2026-04-13 11:02:10.022836,0 days 00:00:05.309192,48.38538303360059,54.044693260754656,83.21945255736202,-45.937563238360376,10.412017168531088,39.46469732797412,23.948749249561395,47.591076301501296,27.42370570095175,87.57264439135395,52.80050076887548,80.10244066557588,-65.3545791223143,48.995772423364876,32.29033337539285,60.114390025922276,39.72936776815369,15.254848035321691,Unattained target,GPSampler,PRUNED
470,470,5.466253629131188,2026-04-13 11:02:10.185436,2026-04-13 11:02:15.405678,0 days 00:00:05.220242,58.32772073576846,88.63062196771766,65.23521789993518,-52.70066819337335,56.51421808043479,17.98541379379686,29.99434239329066,32.72604212757884,22.5662971047768,80.60678803464215,61.32588283513532,40.0275654009493,-44.70737332408121,52.372732117587944,52.32548330864027,56.34401452250643,34.513758016198295,21.34721158578529,Unattained target,GPSampler,PRUNED
471,471,21.00859003879279,2026-04-13 11:02:15.592781,2026-04-13 11:02:20.765467,0 days 00:00:05.172686,14.66332082569954,91.55366472416611,16.68135137252534,-51.2262799460167,13.027707990749192,79.44074123815666,49.19469650783674,38.69363460545975,17.071915966171105,10.135225451238433,87.18469847970883,23.078244701617372,-72.69334032889155,95.16028154217067,66.8042701828796,70.70857382151681,40.50532746999589,22.48238409986673,Unattained target,GPSampler,PRUNED
472,472,6.445448746624436,2026-04-13 11:02:20.936495,2026-04-13 11:02:26.329003,0 days 00:00:05.392508,83.99356569495274,79.1531789899266,91.73976042501164,-50.71968759098792,19.349372229070003,61.0771572712612,92.38111229221319,40.64046978735411,20.794063242367557,78.82841866913269,99.88547615370366,77.67986909197397,-44.43515030429235,37.780125233966,72.6758845229009,98.43814157449047,46.18516269460743,19.273521241444627,Unattained target,GPSampler,PRUNED
473,473,5.21439217454547,2026-04-13 11:02:26.493909,2026-04-13 11:02:31.780622,0 days 00:00:05.286713,35.95771911566524,60.47392258014898,50.72408574952271,-68.30086306877222,27.23896481136836,64.4798541204866,16.879791077782503,37.99002638969115,28.02538970287077,75.96050743138812,26.235020121182455,20.847173202166545,-68.28480959311526,47.69453274768,94.81407537733836,93.06574113272349,34.7200378804882,17.596646576465435,Unattained target,GPSampler,PRUNED
474,474,5.106004672697601,2026-04-13 11:02:31.948444,2026-04-13 11:02:37.128230,0 days 00:00:05.179786,79.74402717936461,11.256812358605888,76.49306883792943,-65.54255698885561,70.42385486142047,17.43508863933391,50.20776552529517,31.774115821987095,16.28137647918127,27.790864322895363,56.72840724029786,13.354273313861423,-47.98800492219283,37.26534196403932,86.09192080255575,87.08465836105641,44.07482653356613,20.243575391030568,Unattained target,GPSampler,PRUNED
475,475,6.74050913945301,2026-04-13 11:02:37.309534,2026-04-13 11:02:42.610219,0 days 00:00:05.300685,88.34411107201322,91.87198335530613,90.95051936585807,-75.23797022885522,20.604010586189787,37.50394286167453,75.03003535805307,43.6888534701546,24.52837683104674,10.446603193748034,35.760671998436464,55.8304250530092,-20.516013165001866,36.607553405436825,53.12435127059337,84.98233664668612,41.807540414934905,24.677775524813132,Unattained target,GPSampler,PRUNED
476,476,5.490651672442098,2026-04-13 11:02:42.794371,2026-04-13 11:02:48.278938,0 days 00:00:05.484567,66.59029066828609,29.852849023410187,17.12174683875002,-75.5224088367684,52.62126631349342,57.058468775632456,19.381951170345562,42.91035598941721,18.900490892069943,47.490600488516215,51.76802350409998,42.06546782934775,-51.589799282951674,56.66979702913153,94.2789351529195,91.52254081605452,44.63761867308051,16.209028750223602,Unattained target,GPSampler,PRUNED
477,477,7.802157346122684,2026-04-13 11:02:48.466182,2026-04-13 11:02:53.667617,0 days 00:00:05.201435,91.53799661379563,73.25748632412085,61.85270815012794,-21.133953048661553,50.60887066066151,88.82201966148432,81.47658316984443,38.15443644083303,15.857192269966703,58.66562631212447,90.41318646639346,80.32039615938676,-44.82563920298987,41.85349492491807,79.15051830537462,54.5748525531426,37.82640787464418,19.00987810419842,Unattained target,GPSampler,PRUNED
478,478,5.033232384878325,2026-04-13 11:02:53.876380,2026-04-13 11:03:04.786396,0 days 00:00:10.910016,76.15569601494937,98.96245859664461,24.82576243765648,-58.28549857144078,26.788245084544908,99.67292828660646,77.71086609740404,45.381220973806464,22.764001321879594,82.75778063737135,23.22607900870826,19.50907337779813,-22.081882438227588,20.607876444541056,48.85123085052345,86.64949129424971,44.9476098128373,17.20782292071407,Unattained target,GPSampler,PRUNED
479,479,11.915450693112376,2026-04-13 11:03:04.958399,2026-04-13 11:03:10.111085,0 days 00:00:05.152686,86.05519956216213,74.11333857395667,84.95438504008023,-37.731912261618206,40.585897560210036,78.16243619877565,32.75508236012239,30.012500931216948,14.70006151301522,27.771093814220126,42.98788174005637,93.0322939938924,-42.2760602792205,91.8365929972829,75.39081545532802,51.960387095395596,48.16125365550322,23.677673850492237,Unattained target,GPSampler,PRUNED
480,480,5.234027431234615,2026-04-13 11:03:10.297809,2026-04-13 11:03:19.796752,0 days 00:00:09.498943,94.07222408615789,37.99423329268906,39.81729960348036,-23.779009376680534,36.36206028716229,31.465355173458867,87.51647128505077,44.65455291673918,24.617569928909347,72.70404457439085,69.12089438330281,46.37122423647686,-71.5263935433798,29.859034441070868,62.6359025752173,82.18911837770716,30.6970370393875,12.831602277676888,Unattained target,GPSampler,PRUNED
481,481,21.14728479843798,2026-04-13 11:03:19.981618,2026-04-13 11:03:25.406667,0 days 00:00:05.425049,28.483836785285284,65.96050460705646,92.47838341129176,-66.87963265053614,17.662638830148147,14.67334600303544,37.839946237578985,32.38684938982192,19.831862252869023,92.22546349351333,68.75815137066769,39.71956603845299,-56.466995419678696,79.76001380583209,62.54357860994683,34.24326427749793,34.67735695747996,28.809946572030743,Unattained target,GPSampler,PRUNED
482,482,5.655921595918873,2026-04-13 11:03:25.573834,2026-04-13 11:03:30.986996,0 days 00:00:05.413162,49.528270240940735,18.872002158861946,43.88741764068603,-39.68388132169439,77.97115334661774,52.37331303568813,19.387870366092653,30.902066479950072,25.956669944423773,65.08333287384826,96.3222867911056,17.321420154323672,-29.313366045036645,39.93795768656818,77.4793505582868,45.19400015349758,49.68985252832401,10.986387674950908,Unattained target,GPSampler,PRUNED
483,483,5.253271876591796,2026-04-13 11:03:31.151291,2026-04-13 11:03:36.720924,0 days 00:00:05.569633,15.635114954297098,93.8287975819814,23.832762935651314,-73.97696302243106,92.21544611410187,14.291741808983424,63.0157720783858,38.87120853517364,16.42854109136607,86.67260817114061,48.67590724003931,21.410216264369343,-32.03100642531493,13.249032441091055,36.79353472940594,50.569371189112694,46.007324443465734,26.4881441822783,Unattained target,GPSampler,PRUNED
484,484,6.167636693753465,2026-04-13 11:03:36.896999,2026-04-13 11:03:41.946938,0 days 00:00:05.049939,37.26539545697403,14.269395308780698,16.261912379152427,-23.247519727086015,28.832291679784376,97.7064060430748,67.03627692724555,42.756443756006206,13.001609575479975,79.63405404708777,23.464062662752372,14.16240878663433,-47.68687082532392,27.572272981373736,61.47303745590067,41.30878561778012,33.87947085918549,26.617939748499463,Unattained target,GPSampler,PRUNED
485,485,6.666880030894518,2026-04-13 11:03:42.149438,2026-04-13 11:03:47.633419,0 days 00:00:05.483981,80.21502785701765,78.10309431309285,50.639261096912556,-50.810352299096614,84.33220930770229,17.611492488058815,55.50362771410774,38.48388257358094,28.791534239412627,19.266238638962342,79.05074001290626,14.144637449957989,-73.32485732885785,93.14766037512025,13.907630752174516,28.416474755941202,40.85252810603778,15.332660416007629,Unattained target,GPSampler,PRUNED
486,486,7.3371902810238865,2026-04-13 11:03:47.805447,2026-04-13 11:03:53.024533,0 days 00:00:05.219086,22.644332908491133,66.27780790846987,30.502276057154216,-59.131059876451424,63.25058891569685,46.01519233151387,80.4905634229666,32.78580142382532,12.026308035424263,40.08453735355681,15.351047564488391,95.46519440233675,-76.48044461390566,59.59989218982098,49.27315614540354,28.15081124773205,49.593166435187996,15.814177746323399,Unattained target,GPSampler,PRUNED
487,487,5.215588916581147,2026-04-13 11:03:53.201916,2026-04-13 11:03:58.627302,0 days 00:00:05.425386,90.18297443850918,71.33857964185222,12.255472211676416,-21.126669087822314,98.22577900105301,18.802976629049002,86.89603551566424,31.216991715686305,26.85320358762752,29.425253026212243,64.80051860567343,92.36769818641105,-22.689463231079266,23.72098079858572,52.63641004888013,96.50249423452674,32.43751798806069,22.07141076777038,Unattained target,GPSampler,PRUNED
488,488,15.746557346738278,2026-04-13 11:03:58.797261,2026-04-13 11:04:04.025768,0 days 00:00:05.228507,93.27915191904226,67.14935668253176,24.93006911474025,-43.51371529891514,97.00976788727108,61.0319370266401,54.21149946858571,44.5710543103383,15.333220177460582,25.897700916955234,75.80487160527174,62.93319010259394,-77.71529488153298,72.74712547724857,64.15616017205397,52.502219153304516,40.277249460134385,11.956940742508419,Unattained target,GPSampler,PRUNED
489,489,8.131226603703311,2026-04-13 11:04:04.192642,2026-04-13 11:04:09.529984,0 days 00:00:05.337342,76.16264232868154,67.16756265294455,71.52405402537215,-29.63311517435543,65.30474658661029,89.52960417579557,83.55745506384547,32.15155671299091,10.514502726705393,52.8187934342498,22.572600892166083,80.57268166841192,-53.498609610665795,71.27776647532764,31.864295175770668,57.05198601663916,31.67591415594494,15.918137418380066,Unattained target,GPSampler,PRUNED
490,490,11.92309773269065,2026-04-13 11:04:09.704647,2026-04-13 11:04:15.098720,0 days 00:00:05.394073,15.25032441269352,62.04406084123333,62.923114847575796,-75.98997176026222,36.83252176146769,21.607783637205987,79.06873111747032,34.86802628605404,19.0849225785798,55.59473122023429,74.26201020784698,50.44702529398647,-74.15870915658883,64.67511276943168,92.50184927762986,56.117905950304966,33.568067004609155,22.16162198007977,Unattained target,GPSampler,PRUNED
491,491,5.490908590973028,2026-04-13 11:04:15.304384,2026-04-13 11:04:20.527394,0 days 00:00:05.223010,34.63831777659834,65.7646187782578,38.15219605968136,-38.182691294979676,75.57755827386299,29.91682665208726,65.35317899144368,35.09610459560679,23.655734726640638,86.8147168187056,78.91148733250301,76.81965988992292,-20.649014054574877,23.50396602601061,85.00146132766778,26.946004520587678,46.85420070578533,16.112960373732356,Unattained target,GPSampler,PRUNED
492,492,11.582660713763339,2026-04-13 11:04:20.688238,2026-04-13 11:04:25.919166,0 days 00:00:05.230928,39.0478216977033,85.95029507851648,42.981567488591566,-50.05927697670248,96.76641381894665,83.00174652285308,84.13028621245265,34.203437788618274,14.025143489319223,64.66733329199744,42.5209203254478,87.76328635784516,-79.60176131976046,91.31313131476857,47.675593985901166,17.37145587175784,45.14956920082413,22.66629142419177,Unattained target,GPSampler,PRUNED
493,493,5.338252082270529,2026-04-13 11:04:26.090199,2026-04-13 11:04:31.437876,0 days 00:00:05.347677,89.54515308849015,29.4450869152721,30.06876924526877,-39.14650040893772,95.31822288798983,62.961321081687174,61.006032426445955,40.190430167986285,25.31864879434432,46.59010869006855,72.90693211009187,50.04333156270506,-51.12822325916504,53.834652182320674,47.275338767261005,11.774918289836842,37.00068553514022,21.2443907207192,Unattained target,GPSampler,PRUNED
494,494,5.803611224697271,2026-04-13 11:04:31.615773,2026-04-13 11:04:36.587960,0 days 00:00:04.972187,16.917022185244072,31.281321673142582,87.21193421959968,-69.93980413549056,12.499874601894263,60.819188794702924,16.314206113041294,40.32856126184993,18.81296358452665,85.3474602177596,24.26501548130907,67.6866694962064,-50.26570280636672,10.975972494586761,68.00645092437807,41.07432142501621,31.582921163650646,14.819414773046516,Unattained target,GPSampler,PRUNED
495,495,8.655803638811726,2026-04-13 11:04:36.751738,2026-04-13 11:04:42.089776,0 days 00:00:05.338038,86.38545667513996,66.52683836637249,74.10310169277003,-78.52706402055604,86.88595223919657,42.90220831922858,54.527112419827354,45.909899516261476,26.1122378752451,45.16829741494528,31.507304194131883,93.26563565054151,-20.068608953068143,30.881849221461955,43.00920095849037,65.26380199994367,49.91928139213813,25.184463283213066,Unattained target,GPSampler,PRUNED
496,496,9.322650728581863,2026-04-13 11:04:42.274203,2026-04-13 11:04:47.599179,0 days 00:00:05.324976,19.928979346042325,83.31916145293451,47.919942066633695,-35.03429234370351,58.63630960396707,71.5686326084453,22.9533176341387,32.74461624319135,11.977288493700598,96.24037317896531,10.58000420670091,60.77266349779284,-36.12419093124037,75.37327154703307,13.466315131508233,85.12516018652411,44.429519294224946,15.376406408124538,Unattained target,GPSampler,PRUNED
497,497,6.095720485513034,2026-04-13 11:04:47.765604,2026-04-13 11:04:52.999570,0 days 00:00:05.233966,17.13176527415756,10.10056222493851,57.832971475248385,-70.94735825666343,52.18123093571143,64.49141145143838,15.828117016673103,49.80203917308947,13.62319546813924,10.099976269367216,31.54785741048544,27.677467036221824,-32.01502742364025,18.594474131472282,54.811465716719496,41.954629180072274,37.837404511665724,14.952350297073473,Unattained target,GPSampler,PRUNED
498,498,7.033783404107631,2026-04-13 11:04:53.190125,2026-04-13 11:04:58.243419,0 days 00:00:05.053294,14.521008640556662,92.43515995575562,70.73897797958189,-32.27906779948363,46.611781356704554,12.160108847547288,20.281719137731763,33.67782949808851,19.77810446190976,35.18077133472991,74.73239066752411,61.727152002195375,-28.118247265398104,73.45947745145321,22.232891137886853,78.73606129052438,43.347488854371655,17.75869619037491,Unattained target,GPSampler,PRUNED
499,499,5.898541038487089,2026-04-13 11:04:58.410166,2026-04-13 11:05:03.513100,0 days 00:00:05.102934,38.476641560577484,17.471530195153363,85.98004718828385,-41.48064512952065,85.27666779848454,49.09308447476548,26.6579747616852,30.972345147726692,15.79588229454474,15.72557599200239,95.46384722847753,39.195509428498056,-46.72008083168957,49.091340834984436,88.85663422168396,37.63204863415376,40.43156850472482,24.340979799943575,Unattained target,GPSampler,PRUNED
500,500,5.409658910097729,2026-04-13 11:05:03.688190,2026-04-13 11:05:08.673520,0 days 00:00:04.985330,50.780615265198364,88.09968267738866,35.95217582460739,-70.43882630326283,48.21065707063155,51.65831152411998,43.34184283668928,47.32557671206773,24.14644770735002,84.29536096090297,35.89543424185605,67.08634664979812,-45.390011167674494,55.8325420882608,74.05428306837736,52.95234203704857,44.032043670462514,19.74754954227619,Unattained target,GPSampler,PRUNED
501,501,5.386414324030191,2026-04-13 11:05:08.853177,2026-04-13 11:05:19.978419,0 days 00:00:11.125242,82.2701329186166,31.719612105303312,52.53867862074163,-46.380782755611136,93.60816399142259,65.09950555144663,71.00163132904073,42.586821220275326,28.789497832519558,48.02432553845104,21.227642166508687,32.962855474461676,-47.53532337333753,19.445189261291077,15.180723508210056,40.95244688915747,31.604019116747168,23.812089998779907,Unattained target,GPSampler,PRUNED
502,502,5.21167789651831,2026-04-13 11:05:20.149148,2026-04-13 11:05:30.233639,0 days 00:00:10.084491,64.85953558354785,18.596965320018988,37.611197475576446,-28.396296332664107,80.87360641042252,41.119191739284,56.34018121418278,44.541367840507675,25.02574662058867,33.101274076131475,20.2396419455262,34.57675561663083,-79.61193851078355,12.111956395268162,55.28077531269462,40.052033278641034,46.25798874536435,15.653346160225453,Unattained target,GPSampler,PRUNED
503,503,10.304890795295556,2026-04-13 11:05:30.412164,2026-04-13 11:05:35.843051,0 days 00:00:05.430887,19.756404717967925,25.67352648485588,84.59737611860679,-58.380794443875956,84.43750117754405,99.52896368466602,65.63356257170055,44.92773408666716,11.157045236033433,49.50610538992525,66.93388343046985,20.91235109452004,-31.180951391364275,61.02462265569013,38.3713013236211,99.83124663471136,40.46145467064805,17.230662961255263,Unattained target,GPSampler,PRUNED
504,504,5.180096524922661,2026-04-13 11:05:36.033817,2026-04-13 11:05:41.222832,0 days 00:00:05.189015,62.80623983103116,78.46763102261123,46.19487914760524,-29.964391538235994,84.47580773900998,66.54289345973835,80.2429509646498,32.81610478172471,19.74780309720824,75.86832581964872,39.316362064336445,19.691454460368348,-78.41416637107488,47.75482302853954,65.02139670121005,63.38555317079845,31.15509284008538,19.915286643456852,Unattained target,GPSampler,PRUNED
