,number,value,datetime_start,datetime_complete,duration,params_lLegPt.lL0,params_lLegPt.lL1,params_lLegPt.lL2,params_lLegPt.rA1,params_lLegPt.rL0,params_lLegPt.rL1,params_lLegPt.rL2,params_lLegPt.x1,params_lLegPt.y1,params_sLegPt.lL0,params_sLegPt.lL1,params_sLegPt.lL2,params_sLegPt.rA1,params_sLegPt.rL0,params_sLegPt.rL1,params_sLegPt.rL2,params_sLegPt.x1,params_sLegPt.y1,user_attrs_prune,system_attrs_auto:sampler,system_attrs_fixed_params,state
458,458,5.124683987504561,2026-04-14 14:16:07.059482,2026-04-14 14:16:15.263840,0 days 00:00:08.204358,19.440876290001206,62.46156861381659,41.75983482633343,-46.96090952503457,14.211249693284648,15.449773071921145,36.900617057212266,49.87401624954083,17.625703048265628,89.25350174779854,16.081809278075973,96.2835925075087,-70.18708584610455,28.35041522695574,82.06386557591999,83.39953385113004,37.96183732015105,27.334822100731103,Unattained target,GPSampler,"{'sLegPt.rL0': 28.35041522695574, 'sLegPt.lL0': 89.25350174779854, 'sLegPt.rL1': 82.06386557591999, 'sLegPt.lL1': 16.081809278075973, 'sLegPt.x1': 37.96183732015105, 'sLegPt.y1': 27.334822100731103, 'sLegPt.rA1': -70.18708584610455, 'sLegPt.rL2': 83.39953385113004, 'sLegPt.lL2': 96.2835925075087, 'lLegPt.rL0': 14.211249693284648, 'lLegPt.lL0': 19.440876290001206, 'lLegPt.rL1': 15.449773071921145, 'lLegPt.lL1': 62.46156861381659, 'lLegPt.x1': 49.87401624954083, 'lLegPt.y1': 17.625703048265628, 'lLegPt.rA1': -46.96090952503457, 'lLegPt.rL2': 36.900617057212266, 'lLegPt.lL2': 41.75983482633343}",PRUNED
459,459,5.09722070360764,2026-04-14 14:16:15.427667,2026-04-14 14:16:23.362918,0 days 00:00:07.935251,19.440876290001206,62.46156861381659,41.75983482633343,-46.96090952503457,14.211249693284648,15.449773071921145,36.900617057212266,49.87401624954083,17.625703048265628,89.25350174779854,16.081809278075973,96.2835925075087,-70.18708584610455,28.35041522695574,82.06386557591999,83.39953385113004,37.96183732015105,27.334822100731103,Unattained target,GPSampler,"{'sLegPt.rL0': 28.35041522695574, 'sLegPt.lL0': 89.25350174779854, 'sLegPt.rL1': 82.06386557591999, 'sLegPt.lL1': 16.081809278075973, 'sLegPt.x1': 37.96183732015105, 'sLegPt.y1': 27.334822100731103, 'sLegPt.rA1': -70.18708584610455, 'sLegPt.rL2': 83.39953385113004, 'sLegPt.lL2': 96.2835925075087, 'lLegPt.rL0': 14.211249693284648, 'lLegPt.lL0': 19.440876290001206, 'lLegPt.rL1': 15.449773071921145, 'lLegPt.lL1': 62.46156861381659, 'lLegPt.x1': 49.87401624954083, 'lLegPt.y1': 17.625703048265628, 'lLegPt.rA1': -46.96090952503457, 'lLegPt.rL2': 36.900617057212266, 'lLegPt.lL2': 41.75983482633343}",PRUNED
460,460,5.234792003896597,2026-04-14 14:16:23.548819,2026-04-14 14:16:27.501065,0 days 00:00:03.952246,12.541137367847467,25.376140843872307,24.484634098292418,-24.372035015270363,17.505892072095968,74.47641605041683,31.58834557670709,31.077959787659285,22.56151504329315,88.40694867191499,68.81610530759252,29.977897014173337,-73.22126564216241,10.415800173385971,40.83419832554246,82.49049115010187,33.45700191613179,15.596111496836564,Unattained target,GPSampler,,PRUNED
461,461,5.2347919381334584,2026-04-14 14:16:27.696648,2026-04-14 14:16:32.011850,0 days 00:00:04.315202,12.541137367847467,25.376140843872307,24.484634098292418,-24.372035015270363,17.505892072095968,74.47641605041683,31.58834557670709,31.077959787659285,22.56151504329315,88.40694867191499,68.81610530759252,29.977897014173337,-73.22126564216241,10.415800173385971,40.83419832554246,82.49049115010187,33.45700191613179,15.596111496836564,Unattained target,GPSampler,"{'sLegPt.rL0': 10.415800173385971, 'sLegPt.lL0': 88.40694867191499, 'sLegPt.rL1': 40.83419832554246, 'sLegPt.lL1': 68.81610530759252, 'sLegPt.x1': 33.45700191613179, 'sLegPt.y1': 15.596111496836564, 'sLegPt.rA1': -73.22126564216241, 'sLegPt.rL2': 82.49049115010187, 'sLegPt.lL2': 29.977897014173337, 'lLegPt.rL0': 17.505892072095968, 'lLegPt.lL0': 12.541137367847467, 'lLegPt.rL1': 74.47641605041683, 'lLegPt.lL1': 25.376140843872307, 'lLegPt.x1': 31.077959787659285, 'lLegPt.y1': 22.56151504329315, 'lLegPt.rA1': -24.372035015270363, 'lLegPt.rL2': 31.58834557670709, 'lLegPt.lL2': 24.484634098292418}",PRUNED
462,462,5.23479200060682,2026-04-14 14:16:32.231330,2026-04-14 14:16:36.316526,0 days 00:00:04.085196,12.541137367847467,25.376140843872307,24.484634098292418,-24.372035015270363,17.505892072095968,74.47641605041683,31.58834557670709,31.077959787659285,22.56151504329315,88.40694867191499,68.81610530759252,29.977897014173337,-73.22126564216241,10.415800173385971,40.83419832554246,82.49049115010187,33.45700191613179,15.596111496836564,Unattained target,GPSampler,"{'sLegPt.rL0': 10.415800173385971, 'sLegPt.lL0': 88.40694867191499, 'sLegPt.rL1': 40.83419832554246, 'sLegPt.lL1': 68.81610530759252, 'sLegPt.x1': 33.45700191613179, 'sLegPt.y1': 15.596111496836564, 'sLegPt.rA1': -73.22126564216241, 'sLegPt.rL2': 82.49049115010187, 'sLegPt.lL2': 29.977897014173337, 'lLegPt.rL0': 17.505892072095968, 'lLegPt.lL0': 12.541137367847467, 'lLegPt.rL1': 74.47641605041683, 'lLegPt.lL1': 25.376140843872307, 'lLegPt.x1': 31.077959787659285, 'lLegPt.y1': 22.56151504329315, 'lLegPt.rA1': -24.372035015270363, 'lLegPt.rL2': 31.58834557670709, 'lLegPt.lL2': 24.484634098292418}",PRUNED
463,463,15.60205689213209,2026-04-14 14:16:36.526234,2026-04-14 14:16:40.826967,0 days 00:00:04.300733,73.40782977346916,93.18203049903256,98.09980265996305,-32.86454745944969,44.729086116384515,98.69270041798485,39.75242966159128,34.8561460942913,28.874045214077025,28.46809743591304,12.57848054521782,57.52480502761604,-65.21920858472512,28.79597506911245,43.87837072236089,17.823910677160402,46.337488074106496,14.16443451206714,Unattained target,GPSampler,,PRUNED
464,464,15.602050566134636,2026-04-14 14:16:40.985934,2026-04-14 14:16:45.266280,0 days 00:00:04.280346,73.40782977346916,93.18203049903256,98.09980265996305,-32.86454745944969,44.729086116384515,98.69270041798485,39.75242966159128,34.8561460942913,28.874045214077025,28.46809743591304,12.57848054521782,57.52480502761604,-65.21920858472512,28.79597506911245,43.87837072236089,17.823910677160402,46.337488074106496,14.16443451206714,Unattained target,GPSampler,"{'sLegPt.rL0': 28.79597506911245, 'sLegPt.lL0': 28.46809743591304, 'sLegPt.rL1': 43.87837072236089, 'sLegPt.lL1': 12.57848054521782, 'sLegPt.x1': 46.337488074106496, 'sLegPt.y1': 14.16443451206714, 'sLegPt.rA1': -65.21920858472512, 'sLegPt.rL2': 17.823910677160402, 'sLegPt.lL2': 57.52480502761604, 'lLegPt.rL0': 44.729086116384515, 'lLegPt.lL0': 73.40782977346916, 'lLegPt.rL1': 98.69270041798485, 'lLegPt.lL1': 93.18203049903256, 'lLegPt.x1': 34.8561460942913, 'lLegPt.y1': 28.874045214077025, 'lLegPt.rA1': -32.86454745944969, 'lLegPt.rL2': 39.75242966159128, 'lLegPt.lL2': 98.09980265996305}",PRUNED
465,465,15.602055671802574,2026-04-14 14:16:45.449007,2026-04-14 14:16:49.248174,0 days 00:00:03.799167,73.40782977346916,93.18203049903256,98.09980265996305,-32.86454745944969,44.729086116384515,98.69270041798485,39.75242966159128,34.8561460942913,28.874045214077025,28.46809743591304,12.57848054521782,57.52480502761604,-65.21920858472512,28.79597506911245,43.87837072236089,17.823910677160402,46.337488074106496,14.16443451206714,Unattained target,GPSampler,"{'sLegPt.rL0': 28.79597506911245, 'sLegPt.lL0': 28.46809743591304, 'sLegPt.rL1': 43.87837072236089, 'sLegPt.lL1': 12.57848054521782, 'sLegPt.x1': 46.337488074106496, 'sLegPt.y1': 14.16443451206714, 'sLegPt.rA1': -65.21920858472512, 'sLegPt.rL2': 17.823910677160402, 'sLegPt.lL2': 57.52480502761604, 'lLegPt.rL0': 44.729086116384515, 'lLegPt.lL0': 73.40782977346916, 'lLegPt.rL1': 98.69270041798485, 'lLegPt.lL1': 93.18203049903256, 'lLegPt.x1': 34.8561460942913, 'lLegPt.y1': 28.874045214077025, 'lLegPt.rA1': -32.86454745944969, 'lLegPt.rL2': 39.75242966159128, 'lLegPt.lL2': 98.09980265996305}",PRUNED
466,466,7.522363344702907,2026-04-14 14:16:49.397352,2026-04-14 14:16:53.079204,0 days 00:00:03.681852,98.9260594065384,17.77251539541692,97.64661272593003,-77.27205104423513,86.76768834247005,92.61508580015912,87.89906382618148,39.17612145491948,21.20836513154529,90.84939102872805,83.30993702552519,76.43595308506507,-79.52014144972401,20.989389147426763,98.15429855051254,75.81822594886289,40.49782927907851,28.29197419666588,Unattained target,GPSampler,,PRUNED
467,467,7.522363389601875,2026-04-14 14:16:53.253618,2026-04-14 14:16:56.819616,0 days 00:00:03.565998,98.9260594065384,17.77251539541692,97.64661272593003,-77.27205104423513,86.76768834247005,92.61508580015912,87.89906382618148,39.17612145491948,21.20836513154529,90.84939102872805,83.30993702552519,76.43595308506507,-79.52014144972401,20.989389147426763,98.15429855051254,75.81822594886289,40.49782927907851,28.29197419666588,Unattained target,GPSampler,"{'sLegPt.rL0': 20.989389147426763, 'sLegPt.lL0': 90.84939102872805, 'sLegPt.rL1': 98.15429855051254, 'sLegPt.lL1': 83.30993702552519, 'sLegPt.x1': 40.49782927907851, 'sLegPt.y1': 28.29197419666588, 'sLegPt.rA1': -79.52014144972401, 'sLegPt.rL2': 75.81822594886289, 'sLegPt.lL2': 76.43595308506507, 'lLegPt.rL0': 86.76768834247005, 'lLegPt.lL0': 98.9260594065384, 'lLegPt.rL1': 92.61508580015912, 'lLegPt.lL1': 17.77251539541692, 'lLegPt.x1': 39.17612145491948, 'lLegPt.y1': 21.20836513154529, 'lLegPt.rA1': -77.27205104423513, 'lLegPt.rL2': 87.89906382618148, 'lLegPt.lL2': 97.64661272593003}",PRUNED
468,468,7.522363526828428,2026-04-14 14:16:56.974394,2026-04-14 14:17:01.038200,0 days 00:00:04.063806,98.9260594065384,17.77251539541692,97.64661272593003,-77.27205104423513,86.76768834247005,92.61508580015912,87.89906382618148,39.17612145491948,21.20836513154529,90.84939102872805,83.30993702552519,76.43595308506507,-79.52014144972401,20.989389147426763,98.15429855051254,75.81822594886289,40.49782927907851,28.29197419666588,Unattained target,GPSampler,"{'sLegPt.rL0': 20.989389147426763, 'sLegPt.lL0': 90.84939102872805, 'sLegPt.rL1': 98.15429855051254, 'sLegPt.lL1': 83.30993702552519, 'sLegPt.x1': 40.49782927907851, 'sLegPt.y1': 28.29197419666588, 'sLegPt.rA1': -79.52014144972401, 'sLegPt.rL2': 75.81822594886289, 'sLegPt.lL2': 76.43595308506507, 'lLegPt.rL0': 86.76768834247005, 'lLegPt.lL0': 98.9260594065384, 'lLegPt.rL1': 92.61508580015912, 'lLegPt.lL1': 17.77251539541692, 'lLegPt.x1': 39.17612145491948, 'lLegPt.y1': 21.20836513154529, 'lLegPt.rA1': -77.27205104423513, 'lLegPt.rL2': 87.89906382618148, 'lLegPt.lL2': 97.64661272593003}",PRUNED
469,469,7.474023774385607,2026-04-14 14:17:01.193668,2026-04-14 14:17:04.932282,0 days 00:00:03.738614,55.51683396934044,36.838282913406545,65.70310249842873,-66.78628169949916,16.30181541414131,74.11771834271819,34.31721482465065,49.69483925970265,16.61439376846205,90.96528287877128,97.25364428053264,70.32854711034244,-70.99398322452652,35.336351164904855,85.62875820157167,27.72833196042749,41.31791920072418,14.756832427611005,Unattained target,GPSampler,,PRUNED
470,470,7.474023886666995,2026-04-14 14:17:05.110385,2026-04-14 14:17:08.664207,0 days 00:00:03.553822,55.51683396934044,36.838282913406545,65.70310249842873,-66.78628169949916,16.30181541414131,74.11771834271819,34.31721482465065,49.69483925970265,16.61439376846205,90.96528287877128,97.25364428053264,70.32854711034244,-70.99398322452652,35.336351164904855,85.62875820157167,27.72833196042749,41.31791920072418,14.756832427611005,Unattained target,GPSampler,"{'sLegPt.rL0': 35.336351164904855, 'sLegPt.lL0': 90.96528287877128, 'sLegPt.rL1': 85.62875820157167, 'sLegPt.lL1': 97.25364428053264, 'sLegPt.x1': 41.31791920072418, 'sLegPt.y1': 14.756832427611005, 'sLegPt.rA1': -70.99398322452652, 'sLegPt.rL2': 27.72833196042749, 'sLegPt.lL2': 70.32854711034244, 'lLegPt.rL0': 16.30181541414131, 'lLegPt.lL0': 55.51683396934044, 'lLegPt.rL1': 74.11771834271819, 'lLegPt.lL1': 36.838282913406545, 'lLegPt.x1': 49.69483925970265, 'lLegPt.y1': 16.61439376846205, 'lLegPt.rA1': -66.78628169949916, 'lLegPt.rL2': 34.31721482465065, 'lLegPt.lL2': 65.70310249842873}",PRUNED
471,471,7.47402379984106,2026-04-14 14:17:08.816497,2026-04-14 14:17:12.485245,0 days 00:00:03.668748,55.51683396934044,36.838282913406545,65.70310249842873,-66.78628169949916,16.30181541414131,74.11771834271819,34.31721482465065,49.69483925970265,16.61439376846205,90.96528287877128,97.25364428053264,70.32854711034244,-70.99398322452652,35.336351164904855,85.62875820157167,27.72833196042749,41.31791920072418,14.756832427611005,Unattained target,GPSampler,"{'sLegPt.rL0': 35.336351164904855, 'sLegPt.lL0': 90.96528287877128, 'sLegPt.rL1': 85.62875820157167, 'sLegPt.lL1': 97.25364428053264, 'sLegPt.x1': 41.31791920072418, 'sLegPt.y1': 14.756832427611005, 'sLegPt.rA1': -70.99398322452652, 'sLegPt.rL2': 27.72833196042749, 'sLegPt.lL2': 70.32854711034244, 'lLegPt.rL0': 16.30181541414131, 'lLegPt.lL0': 55.51683396934044, 'lLegPt.rL1': 74.11771834271819, 'lLegPt.lL1': 36.838282913406545, 'lLegPt.x1': 49.69483925970265, 'lLegPt.y1': 16.61439376846205, 'lLegPt.rA1': -66.78628169949916, 'lLegPt.rL2': 34.31721482465065, 'lLegPt.lL2': 65.70310249842873}",PRUNED
472,472,11.160422298606854,2026-04-14 14:17:12.664338,2026-04-14 14:17:16.172838,0 days 00:00:03.508500,57.265554848679415,32.135076912675466,42.24242821940334,-51.33128453763365,66.69397764406693,88.72817990056718,76.94025170663609,46.7662805936413,23.92297757018965,66.03104942524408,25.486148703267272,69.30039506729277,-44.051330291277054,86.45688079290304,20.597371646334537,59.649073494189686,39.09834275780122,26.872832374152196,Unattained target,GPSampler,,PRUNED
473,473,11.160422218300823,2026-04-14 14:17:16.335171,2026-04-14 14:17:19.983084,0 days 00:00:03.647913,57.265554848679415,32.135076912675466,42.24242821940334,-51.33128453763365,66.69397764406693,88.72817990056718,76.94025170663609,46.7662805936413,23.92297757018965,66.03104942524408,25.486148703267272,69.30039506729277,-44.051330291277054,86.45688079290304,20.597371646334537,59.649073494189686,39.09834275780122,26.872832374152196,Unattained target,GPSampler,"{'sLegPt.rL0': 86.45688079290304, 'sLegPt.lL0': 66.03104942524408, 'sLegPt.rL1': 20.597371646334537, 'sLegPt.lL1': 25.486148703267272, 'sLegPt.x1': 39.09834275780122, 'sLegPt.y1': 26.872832374152196, 'sLegPt.rA1': -44.051330291277054, 'sLegPt.rL2': 59.649073494189686, 'sLegPt.lL2': 69.30039506729277, 'lLegPt.rL0': 66.69397764406693, 'lLegPt.lL0': 57.265554848679415, 'lLegPt.rL1': 88.72817990056718, 'lLegPt.lL1': 32.135076912675466, 'lLegPt.x1': 46.7662805936413, 'lLegPt.y1': 23.92297757018965, 'lLegPt.rA1': -51.33128453763365, 'lLegPt.rL2': 76.94025170663609, 'lLegPt.lL2': 42.24242821940334}",PRUNED
474,474,11.160422214042342,2026-04-14 14:17:20.139542,2026-04-14 14:17:23.702178,0 days 00:00:03.562636,57.265554848679415,32.135076912675466,42.24242821940334,-51.33128453763365,66.69397764406693,88.72817990056718,76.94025170663609,46.7662805936413,23.92297757018965,66.03104942524408,25.486148703267272,69.30039506729277,-44.051330291277054,86.45688079290304,20.597371646334537,59.649073494189686,39.09834275780122,26.872832374152196,Unattained target,GPSampler,"{'sLegPt.rL0': 86.45688079290304, 'sLegPt.lL0': 66.03104942524408, 'sLegPt.rL1': 20.597371646334537, 'sLegPt.lL1': 25.486148703267272, 'sLegPt.x1': 39.09834275780122, 'sLegPt.y1': 26.872832374152196, 'sLegPt.rA1': -44.051330291277054, 'sLegPt.rL2': 59.649073494189686, 'sLegPt.lL2': 69.30039506729277, 'lLegPt.rL0': 66.69397764406693, 'lLegPt.lL0': 57.265554848679415, 'lLegPt.rL1': 88.72817990056718, 'lLegPt.lL1': 32.135076912675466, 'lLegPt.x1': 46.7662805936413, 'lLegPt.y1': 23.92297757018965, 'lLegPt.rA1': -51.33128453763365, 'lLegPt.rL2': 76.94025170663609, 'lLegPt.lL2': 42.24242821940334}",PRUNED
475,475,5.267114251178352,2026-04-14 14:17:23.861311,2026-04-14 14:17:27.710455,0 days 00:00:03.849144,74.34082781690982,50.339718260251445,56.56938982935885,-37.95870899163088,48.31894391456491,89.87952324599634,29.940098541361316,37.57791673836738,16.862299359134703,58.21626259167232,21.300039694840564,37.63519935022902,-70.05115862888232,42.85962598015635,92.1351454840621,61.894347439041105,37.14990227414619,29.900921898801812,Unattained target,GPSampler,,PRUNED
476,476,5.267114284717607,2026-04-14 14:17:27.885256,2026-04-14 14:17:32.160413,0 days 00:00:04.275157,74.34082781690982,50.339718260251445,56.56938982935885,-37.95870899163088,48.31894391456491,89.87952324599634,29.940098541361316,37.57791673836738,16.862299359134703,58.21626259167232,21.300039694840564,37.63519935022902,-70.05115862888232,42.85962598015635,92.1351454840621,61.894347439041105,37.14990227414619,29.900921898801812,Unattained target,GPSampler,"{'sLegPt.rL0': 42.85962598015635, 'sLegPt.lL0': 58.21626259167232, 'sLegPt.rL1': 92.1351454840621, 'sLegPt.lL1': 21.300039694840564, 'sLegPt.x1': 37.14990227414619, 'sLegPt.y1': 29.900921898801812, 'sLegPt.rA1': -70.05115862888232, 'sLegPt.rL2': 61.894347439041105, 'sLegPt.lL2': 37.63519935022902, 'lLegPt.rL0': 48.31894391456491, 'lLegPt.lL0': 74.34082781690982, 'lLegPt.rL1': 89.87952324599634, 'lLegPt.lL1': 50.339718260251445, 'lLegPt.x1': 37.57791673836738, 'lLegPt.y1': 16.862299359134703, 'lLegPt.rA1': -37.95870899163088, 'lLegPt.rL2': 29.940098541361316, 'lLegPt.lL2': 56.56938982935885}",PRUNED
477,477,5.26711427540452,2026-04-14 14:17:32.321683,2026-04-14 14:17:35.729756,0 days 00:00:03.408073,74.34082781690982,50.339718260251445,56.56938982935885,-37.95870899163088,48.31894391456491,89.87952324599634,29.940098541361316,37.57791673836738,16.862299359134703,58.21626259167232,21.300039694840564,37.63519935022902,-70.05115862888232,42.85962598015635,92.1351454840621,61.894347439041105,37.14990227414619,29.900921898801812,Unattained target,GPSampler,"{'sLegPt.rL0': 42.85962598015635, 'sLegPt.lL0': 58.21626259167232, 'sLegPt.rL1': 92.1351454840621, 'sLegPt.lL1': 21.300039694840564, 'sLegPt.x1': 37.14990227414619, 'sLegPt.y1': 29.900921898801812, 'sLegPt.rA1': -70.05115862888232, 'sLegPt.rL2': 61.894347439041105, 'sLegPt.lL2': 37.63519935022902, 'lLegPt.rL0': 48.31894391456491, 'lLegPt.lL0': 74.34082781690982, 'lLegPt.rL1': 89.87952324599634, 'lLegPt.lL1': 50.339718260251445, 'lLegPt.x1': 37.57791673836738, 'lLegPt.y1': 16.862299359134703, 'lLegPt.rA1': -37.95870899163088, 'lLegPt.rL2': 29.940098541361316, 'lLegPt.lL2': 56.56938982935885}",PRUNED
478,478,15.829127951302127,2026-04-14 14:17:35.879713,2026-04-14 14:17:40.053001,0 days 00:00:04.173288,48.9385582308175,19.52634594412978,91.85882736553401,-66.06752926895099,85.86659986817385,45.23733239978571,80.34706291139774,40.04479375263264,13.305207895788246,74.7543294401718,43.217571655357304,75.15646249495396,-77.12934977386959,62.9063531620538,11.32478458604989,96.83032715665425,43.958519417947144,24.693531336912105,Unattained target,GPSampler,,PRUNED
479,479,15.829127928473298,2026-04-14 14:17:40.214747,2026-04-14 14:17:43.783046,0 days 00:00:03.568299,48.9385582308175,19.52634594412978,91.85882736553401,-66.06752926895099,85.86659986817385,45.23733239978571,80.34706291139774,40.04479375263264,13.305207895788246,74.7543294401718,43.217571655357304,75.15646249495396,-77.12934977386959,62.9063531620538,11.32478458604989,96.83032715665425,43.958519417947144,24.693531336912105,Unattained target,GPSampler,"{'sLegPt.rL0': 62.9063531620538, 'sLegPt.lL0': 74.7543294401718, 'sLegPt.rL1': 11.32478458604989, 'sLegPt.lL1': 43.217571655357304, 'sLegPt.x1': 43.958519417947144, 'sLegPt.y1': 24.693531336912105, 'sLegPt.rA1': -77.12934977386959, 'sLegPt.rL2': 96.83032715665425, 'sLegPt.lL2': 75.15646249495396, 'lLegPt.rL0': 85.86659986817385, 'lLegPt.lL0': 48.9385582308175, 'lLegPt.rL1': 45.23733239978571, 'lLegPt.lL1': 19.52634594412978, 'lLegPt.x1': 40.04479375263264, 'lLegPt.y1': 13.305207895788246, 'lLegPt.rA1': -66.06752926895099, 'lLegPt.rL2': 80.34706291139774, 'lLegPt.lL2': 91.85882736553401}",PRUNED
480,480,15.829127878906206,2026-04-14 14:17:43.955713,2026-04-14 14:17:47.647442,0 days 00:00:03.691729,48.9385582308175,19.52634594412978,91.85882736553401,-66.06752926895099,85.86659986817385,45.23733239978571,80.34706291139774,40.04479375263264,13.305207895788246,74.7543294401718,43.217571655357304,75.15646249495396,-77.12934977386959,62.9063531620538,11.32478458604989,96.83032715665425,43.958519417947144,24.693531336912105,Unattained target,GPSampler,"{'sLegPt.rL0': 62.9063531620538, 'sLegPt.lL0': 74.7543294401718, 'sLegPt.rL1': 11.32478458604989, 'sLegPt.lL1': 43.217571655357304, 'sLegPt.x1': 43.958519417947144, 'sLegPt.y1': 24.693531336912105, 'sLegPt.rA1': -77.12934977386959, 'sLegPt.rL2': 96.83032715665425, 'sLegPt.lL2': 75.15646249495396, 'lLegPt.rL0': 85.86659986817385, 'lLegPt.lL0': 48.9385582308175, 'lLegPt.rL1': 45.23733239978571, 'lLegPt.lL1': 19.52634594412978, 'lLegPt.x1': 40.04479375263264, 'lLegPt.y1': 13.305207895788246, 'lLegPt.rA1': -66.06752926895099, 'lLegPt.rL2': 80.34706291139774, 'lLegPt.lL2': 91.85882736553401}",PRUNED
481,481,6.878086039353018,2026-04-14 14:17:47.811301,2026-04-14 14:17:51.520760,0 days 00:00:03.709459,14.41619202824373,74.42588393307507,84.56517513469524,-49.3029048653805,60.451966385960105,43.23848639157009,12.345887870530841,46.979210007953306,29.72958833609978,40.10295189663894,71.6764407648979,26.649782754639894,-48.14650991731459,29.61695107609427,92.29605866841045,16.24440552347114,40.32436262653455,18.660932770932043,Unattained target,GPSampler,,PRUNED
