,number,value,datetime_start,datetime_complete,duration,params_lLegPt.lL0,params_lLegPt.lL1,params_lLegPt.lL2,params_lLegPt.rA1,params_lLegPt.rL0,params_lLegPt.rL1,params_lLegPt.rL2,params_lLegPt.x1,params_lLegPt.y1,params_sLegPt.lL0,params_sLegPt.lL1,params_sLegPt.lL2,params_sLegPt.rA1,params_sLegPt.rL0,params_sLegPt.rL1,params_sLegPt.rL2,params_sLegPt.x1,params_sLegPt.y1,user_attrs_prune,system_attrs_auto:sampler,system_attrs_fixed_params,state
724,724,8.192800892630792,2026-04-14 14:36:29.479524,2026-04-14 14:36:33.468233,0 days 00:00:03.988709,85.70229762102431,53.239974985844796,33.333682198273415,-79.3349938229787,70.91379486597916,41.82946188312836,47.372405779953176,34.81207769170913,14.89624868854782,77.92214780438228,73.25346128413408,24.372033604602898,-40.551463179757164,50.637533983921,89.73267031329367,86.1420404532594,37.68816203083344,27.517111729367635,Unattained target,GPSampler,"{'sLegPt.rL0': 50.637533983921, 'sLegPt.lL0': 77.92214780438228, 'sLegPt.rL1': 89.73267031329367, 'sLegPt.lL1': 73.25346128413408, 'sLegPt.x1': 37.68816203083344, 'sLegPt.y1': 27.517111729367635, 'sLegPt.rA1': -40.551463179757164, 'sLegPt.rL2': 86.1420404532594, 'sLegPt.lL2': 24.372033604602898, 'lLegPt.rL0': 70.91379486597916, 'lLegPt.lL0': 85.70229762102431, 'lLegPt.rL1': 41.82946188312836, 'lLegPt.lL1': 53.239974985844796, 'lLegPt.x1': 34.81207769170913, 'lLegPt.y1': 14.89624868854782, 'lLegPt.rA1': -79.3349938229787, 'lLegPt.rL2': 47.372405779953176, 'lLegPt.lL2': 33.333682198273415}",PRUNED
725,725,8.192800879478689,2026-04-14 14:36:33.629621,2026-04-14 14:36:37.545851,0 days 00:00:03.916230,85.70229762102431,53.239974985844796,33.333682198273415,-79.3349938229787,70.91379486597916,41.82946188312836,47.372405779953176,34.81207769170913,14.89624868854782,77.92214780438228,73.25346128413408,24.372033604602898,-40.551463179757164,50.637533983921,89.73267031329367,86.1420404532594,37.68816203083344,27.517111729367635,Unattained target,GPSampler,"{'sLegPt.rL0': 50.637533983921, 'sLegPt.lL0': 77.92214780438228, 'sLegPt.rL1': 89.73267031329367, 'sLegPt.lL1': 73.25346128413408, 'sLegPt.x1': 37.68816203083344, 'sLegPt.y1': 27.517111729367635, 'sLegPt.rA1': -40.551463179757164, 'sLegPt.rL2': 86.1420404532594, 'sLegPt.lL2': 24.372033604602898, 'lLegPt.rL0': 70.91379486597916, 'lLegPt.lL0': 85.70229762102431, 'lLegPt.rL1': 41.82946188312836, 'lLegPt.lL1': 53.239974985844796, 'lLegPt.x1': 34.81207769170913, 'lLegPt.y1': 14.89624868854782, 'lLegPt.rA1': -79.3349938229787, 'lLegPt.rL2': 47.372405779953176, 'lLegPt.lL2': 33.333682198273415}",PRUNED
726,726,7.960672208369786,2026-04-14 14:36:37.747614,2026-04-14 14:36:41.796245,0 days 00:00:04.048631,79.4779153070323,38.21648872390196,91.72497168719468,-48.16666713014595,95.90474699721686,25.849626393860124,91.17374830579553,41.93919892493492,18.89761240752291,12.659596453499905,66.67608378435494,31.289289456663717,-24.215805740623765,50.00877093747502,65.33626413502937,63.54997372296153,39.369767989720714,10.675075312063813,Unattained target,GPSampler,,PRUNED
727,727,7.960672012746286,2026-04-14 14:36:41.970437,2026-04-14 14:36:46.055713,0 days 00:00:04.085276,79.4779153070323,38.21648872390196,91.72497168719468,-48.16666713014595,95.90474699721686,25.849626393860124,91.17374830579553,41.93919892493492,18.89761240752291,12.659596453499905,66.67608378435494,31.289289456663717,-24.215805740623765,50.00877093747502,65.33626413502937,63.54997372296153,39.369767989720714,10.675075312063813,Unattained target,GPSampler,"{'sLegPt.rL0': 50.00877093747502, 'sLegPt.lL0': 12.659596453499905, 'sLegPt.rL1': 65.33626413502937, 'sLegPt.lL1': 66.67608378435494, 'sLegPt.x1': 39.369767989720714, 'sLegPt.y1': 10.675075312063813, 'sLegPt.rA1': -24.215805740623765, 'sLegPt.rL2': 63.54997372296153, 'sLegPt.lL2': 31.289289456663717, 'lLegPt.rL0': 95.90474699721686, 'lLegPt.lL0': 79.4779153070323, 'lLegPt.rL1': 25.849626393860124, 'lLegPt.lL1': 38.21648872390196, 'lLegPt.x1': 41.93919892493492, 'lLegPt.y1': 18.89761240752291, 'lLegPt.rA1': -48.16666713014595, 'lLegPt.rL2': 91.17374830579553, 'lLegPt.lL2': 91.72497168719468}",PRUNED
728,728,7.9606722383537445,2026-04-14 14:36:46.257205,2026-04-14 14:36:50.533284,0 days 00:00:04.276079,79.4779153070323,38.21648872390196,91.72497168719468,-48.16666713014595,95.90474699721686,25.849626393860124,91.17374830579553,41.93919892493492,18.89761240752291,12.659596453499905,66.67608378435494,31.289289456663717,-24.215805740623765,50.00877093747502,65.33626413502937,63.54997372296153,39.369767989720714,10.675075312063813,Unattained target,GPSampler,"{'sLegPt.rL0': 50.00877093747502, 'sLegPt.lL0': 12.659596453499905, 'sLegPt.rL1': 65.33626413502937, 'sLegPt.lL1': 66.67608378435494, 'sLegPt.x1': 39.369767989720714, 'sLegPt.y1': 10.675075312063813, 'sLegPt.rA1': -24.215805740623765, 'sLegPt.rL2': 63.54997372296153, 'sLegPt.lL2': 31.289289456663717, 'lLegPt.rL0': 95.90474699721686, 'lLegPt.lL0': 79.4779153070323, 'lLegPt.rL1': 25.849626393860124, 'lLegPt.lL1': 38.21648872390196, 'lLegPt.x1': 41.93919892493492, 'lLegPt.y1': 18.89761240752291, 'lLegPt.rA1': -48.16666713014595, 'lLegPt.rL2': 91.17374830579553, 'lLegPt.lL2': 91.72497168719468}",PRUNED
729,729,11.314413321501029,2026-04-14 14:36:50.710828,2026-04-14 14:36:54.381687,0 days 00:00:03.670859,78.61509581709355,91.93379184934835,56.88525509890894,-50.592120916079836,71.34193094016425,66.81925340428917,57.975613575582585,47.38375833219851,11.928268739404695,84.88820650909621,50.138860069779845,98.38576512887677,-49.07485670694493,35.67838506750826,69.30539007366716,33.55353730758864,33.3485454079622,23.266264160129285,Unattained target,GPSampler,,PRUNED
730,730,11.314413312530796,2026-04-14 14:36:54.548571,2026-04-14 14:36:58.122265,0 days 00:00:03.573694,78.61509581709355,91.93379184934835,56.88525509890894,-50.592120916079836,71.34193094016425,66.81925340428917,57.975613575582585,47.38375833219851,11.928268739404695,84.88820650909621,50.138860069779845,98.38576512887677,-49.07485670694493,35.67838506750826,69.30539007366716,33.55353730758864,33.3485454079622,23.266264160129285,Unattained target,GPSampler,"{'sLegPt.rL0': 35.67838506750826, 'sLegPt.lL0': 84.88820650909621, 'sLegPt.rL1': 69.30539007366716, 'sLegPt.lL1': 50.138860069779845, 'sLegPt.x1': 33.3485454079622, 'sLegPt.y1': 23.266264160129285, 'sLegPt.rA1': -49.07485670694493, 'sLegPt.rL2': 33.55353730758864, 'sLegPt.lL2': 98.38576512887677, 'lLegPt.rL0': 71.34193094016425, 'lLegPt.lL0': 78.61509581709355, 'lLegPt.rL1': 66.81925340428917, 'lLegPt.lL1': 91.93379184934835, 'lLegPt.x1': 47.38375833219851, 'lLegPt.y1': 11.928268739404695, 'lLegPt.rA1': -50.592120916079836, 'lLegPt.rL2': 57.975613575582585, 'lLegPt.lL2': 56.88525509890894}",PRUNED
731,731,11.314413364565432,2026-04-14 14:36:58.301510,2026-04-14 14:37:02.583914,0 days 00:00:04.282404,78.61509581709355,91.93379184934835,56.88525509890894,-50.592120916079836,71.34193094016425,66.81925340428917,57.975613575582585,47.38375833219851,11.928268739404695,84.88820650909621,50.138860069779845,98.38576512887677,-49.07485670694493,35.67838506750826,69.30539007366716,33.55353730758864,33.3485454079622,23.266264160129285,Unattained target,GPSampler,"{'sLegPt.rL0': 35.67838506750826, 'sLegPt.lL0': 84.88820650909621, 'sLegPt.rL1': 69.30539007366716, 'sLegPt.lL1': 50.138860069779845, 'sLegPt.x1': 33.3485454079622, 'sLegPt.y1': 23.266264160129285, 'sLegPt.rA1': -49.07485670694493, 'sLegPt.rL2': 33.55353730758864, 'sLegPt.lL2': 98.38576512887677, 'lLegPt.rL0': 71.34193094016425, 'lLegPt.lL0': 78.61509581709355, 'lLegPt.rL1': 66.81925340428917, 'lLegPt.lL1': 91.93379184934835, 'lLegPt.x1': 47.38375833219851, 'lLegPt.y1': 11.928268739404695, 'lLegPt.rA1': -50.592120916079836, 'lLegPt.rL2': 57.975613575582585, 'lLegPt.lL2': 56.88525509890894}",PRUNED
732,732,7.564511390931095,2026-04-14 14:37:02.771420,2026-04-14 14:37:06.892257,0 days 00:00:04.120837,68.71310114152817,44.71936540680487,82.1715628370754,-79.6387676862626,77.84609103490718,17.13111397184175,63.72534196979707,41.75047236943823,13.066611809982398,98.20035512352985,60.51785701550887,16.880564928833913,-44.30507388360358,51.33002994332279,67.5796309298641,14.121272119001532,49.40086420969543,11.61961660415727,Unattained target,GPSampler,,PRUNED
733,733,7.564511651029747,2026-04-14 14:37:07.074901,2026-04-14 14:37:11.656248,0 days 00:00:04.581347,68.71310114152817,44.71936540680487,82.1715628370754,-79.6387676862626,77.84609103490718,17.13111397184175,63.72534196979707,41.75047236943823,13.066611809982398,98.20035512352985,60.51785701550887,16.880564928833913,-44.30507388360358,51.33002994332279,67.5796309298641,14.121272119001532,49.40086420969543,11.61961660415727,Unattained target,GPSampler,"{'sLegPt.rL0': 51.33002994332279, 'sLegPt.lL0': 98.20035512352985, 'sLegPt.rL1': 67.5796309298641, 'sLegPt.lL1': 60.51785701550887, 'sLegPt.x1': 49.40086420969543, 'sLegPt.y1': 11.61961660415727, 'sLegPt.rA1': -44.30507388360358, 'sLegPt.rL2': 14.121272119001532, 'sLegPt.lL2': 16.880564928833913, 'lLegPt.rL0': 77.84609103490718, 'lLegPt.lL0': 68.71310114152817, 'lLegPt.rL1': 17.13111397184175, 'lLegPt.lL1': 44.71936540680487, 'lLegPt.x1': 41.75047236943823, 'lLegPt.y1': 13.066611809982398, 'lLegPt.rA1': -79.6387676862626, 'lLegPt.rL2': 63.72534196979707, 'lLegPt.lL2': 82.1715628370754}",PRUNED
734,734,7.564511279485345,2026-04-14 14:37:11.844696,2026-04-14 14:37:16.294369,0 days 00:00:04.449673,68.71310114152817,44.71936540680487,82.1715628370754,-79.6387676862626,77.84609103490718,17.13111397184175,63.72534196979707,41.75047236943823,13.066611809982398,98.20035512352985,60.51785701550887,16.880564928833913,-44.30507388360358,51.33002994332279,67.5796309298641,14.121272119001532,49.40086420969543,11.61961660415727,Unattained target,GPSampler,"{'sLegPt.rL0': 51.33002994332279, 'sLegPt.lL0': 98.20035512352985, 'sLegPt.rL1': 67.5796309298641, 'sLegPt.lL1': 60.51785701550887, 'sLegPt.x1': 49.40086420969543, 'sLegPt.y1': 11.61961660415727, 'sLegPt.rA1': -44.30507388360358, 'sLegPt.rL2': 14.121272119001532, 'sLegPt.lL2': 16.880564928833913, 'lLegPt.rL0': 77.84609103490718, 'lLegPt.lL0': 68.71310114152817, 'lLegPt.rL1': 17.13111397184175, 'lLegPt.lL1': 44.71936540680487, 'lLegPt.x1': 41.75047236943823, 'lLegPt.y1': 13.066611809982398, 'lLegPt.rA1': -79.6387676862626, 'lLegPt.rL2': 63.72534196979707, 'lLegPt.lL2': 82.1715628370754}",PRUNED
735,735,16.408416879867815,2026-04-14 14:37:16.465454,2026-04-14 14:37:20.483796,0 days 00:00:04.018342,25.075672472802374,41.75138038024273,89.38486376098668,-39.80835634331609,65.51833174737268,45.97527858521901,95.79087851233191,32.60242059544127,24.53124497298826,17.200050169814798,97.5171574214105,41.90288086129756,-63.521560419445024,98.56947958557988,80.9056425076909,35.93088891293294,31.905924371854994,22.02557043103856,Unattained target,GPSampler,,PRUNED
736,736,16.408417007166946,2026-04-14 14:37:20.669642,2026-04-14 14:37:24.622982,0 days 00:00:03.953340,25.075672472802374,41.75138038024273,89.38486376098668,-39.80835634331609,65.51833174737268,45.97527858521901,95.79087851233191,32.60242059544127,24.53124497298826,17.200050169814798,97.5171574214105,41.90288086129756,-63.521560419445024,98.56947958557988,80.9056425076909,35.93088891293294,31.905924371854994,22.02557043103856,Unattained target,GPSampler,"{'sLegPt.rL0': 98.56947958557988, 'sLegPt.lL0': 17.200050169814798, 'sLegPt.rL1': 80.9056425076909, 'sLegPt.lL1': 97.5171574214105, 'sLegPt.x1': 31.905924371854994, 'sLegPt.y1': 22.02557043103856, 'sLegPt.rA1': -63.521560419445024, 'sLegPt.rL2': 35.93088891293294, 'sLegPt.lL2': 41.90288086129756, 'lLegPt.rL0': 65.51833174737268, 'lLegPt.lL0': 25.075672472802374, 'lLegPt.rL1': 45.97527858521901, 'lLegPt.lL1': 41.75138038024273, 'lLegPt.x1': 32.60242059544127, 'lLegPt.y1': 24.53124497298826, 'lLegPt.rA1': -39.80835634331609, 'lLegPt.rL2': 95.79087851233191, 'lLegPt.lL2': 89.38486376098668}",PRUNED
737,737,16.40841690480358,2026-04-14 14:37:24.808978,2026-04-14 14:37:28.918523,0 days 00:00:04.109545,25.075672472802374,41.75138038024273,89.38486376098668,-39.80835634331609,65.51833174737268,45.97527858521901,95.79087851233191,32.60242059544127,24.53124497298826,17.200050169814798,97.5171574214105,41.90288086129756,-63.521560419445024,98.56947958557988,80.9056425076909,35.93088891293294,31.905924371854994,22.02557043103856,Unattained target,GPSampler,"{'sLegPt.rL0': 98.56947958557988, 'sLegPt.lL0': 17.200050169814798, 'sLegPt.rL1': 80.9056425076909, 'sLegPt.lL1': 97.5171574214105, 'sLegPt.x1': 31.905924371854994, 'sLegPt.y1': 22.02557043103856, 'sLegPt.rA1': -63.521560419445024, 'sLegPt.rL2': 35.93088891293294, 'sLegPt.lL2': 41.90288086129756, 'lLegPt.rL0': 65.51833174737268, 'lLegPt.lL0': 25.075672472802374, 'lLegPt.rL1': 45.97527858521901, 'lLegPt.lL1': 41.75138038024273, 'lLegPt.x1': 32.60242059544127, 'lLegPt.y1': 24.53124497298826, 'lLegPt.rA1': -39.80835634331609, 'lLegPt.rL2': 95.79087851233191, 'lLegPt.lL2': 89.38486376098668}",PRUNED
738,738,7.2794624296371,2026-04-14 14:37:29.094811,2026-04-14 14:37:33.209931,0 days 00:00:04.115120,48.20278385798659,99.25973094446884,70.49534563355907,-51.6882006476676,24.543488497831596,83.16048950890155,71.05194558945806,46.22842674824843,25.01863629886087,17.5418048466255,60.64192064693113,10.128257486629677,-59.249759692704714,19.82845955400863,73.12920731707041,95.75726266316897,47.49652122360838,25.409048123308875,Unattained target,GPSampler,,PRUNED
739,739,7.279462451911336,2026-04-14 14:37:33.397283,2026-04-14 14:37:37.615801,0 days 00:00:04.218518,48.20278385798659,99.25973094446884,70.49534563355907,-51.6882006476676,24.543488497831596,83.16048950890155,71.05194558945806,46.22842674824843,25.01863629886087,17.5418048466255,60.64192064693113,10.128257486629677,-59.249759692704714,19.82845955400863,73.12920731707041,95.75726266316897,47.49652122360838,25.409048123308875,Unattained target,GPSampler,"{'sLegPt.rL0': 19.82845955400863, 'sLegPt.lL0': 17.5418048466255, 'sLegPt.rL1': 73.12920731707041, 'sLegPt.lL1': 60.64192064693113, 'sLegPt.x1': 47.49652122360838, 'sLegPt.y1': 25.409048123308875, 'sLegPt.rA1': -59.249759692704714, 'sLegPt.rL2': 95.75726266316897, 'sLegPt.lL2': 10.128257486629677, 'lLegPt.rL0': 24.543488497831596, 'lLegPt.lL0': 48.20278385798659, 'lLegPt.rL1': 83.16048950890155, 'lLegPt.lL1': 99.25973094446884, 'lLegPt.x1': 46.22842674824843, 'lLegPt.y1': 25.01863629886087, 'lLegPt.rA1': -51.6882006476676, 'lLegPt.rL2': 71.05194558945806, 'lLegPt.lL2': 70.49534563355907}",PRUNED
740,740,7.279462084504729,2026-04-14 14:37:37.801029,2026-04-14 14:37:42.142524,0 days 00:00:04.341495,48.20278385798659,99.25973094446884,70.49534563355907,-51.6882006476676,24.543488497831596,83.16048950890155,71.05194558945806,46.22842674824843,25.01863629886087,17.5418048466255,60.64192064693113,10.128257486629677,-59.249759692704714,19.82845955400863,73.12920731707041,95.75726266316897,47.49652122360838,25.409048123308875,Unattained target,GPSampler,"{'sLegPt.rL0': 19.82845955400863, 'sLegPt.lL0': 17.5418048466255, 'sLegPt.rL1': 73.12920731707041, 'sLegPt.lL1': 60.64192064693113, 'sLegPt.x1': 47.49652122360838, 'sLegPt.y1': 25.409048123308875, 'sLegPt.rA1': -59.249759692704714, 'sLegPt.rL2': 95.75726266316897, 'sLegPt.lL2': 10.128257486629677, 'lLegPt.rL0': 24.543488497831596, 'lLegPt.lL0': 48.20278385798659, 'lLegPt.rL1': 83.16048950890155, 'lLegPt.lL1': 99.25973094446884, 'lLegPt.x1': 46.22842674824843, 'lLegPt.y1': 25.01863629886087, 'lLegPt.rA1': -51.6882006476676, 'lLegPt.rL2': 71.05194558945806, 'lLegPt.lL2': 70.49534563355907}",PRUNED
741,741,5.472106551974104,2026-04-14 14:37:42.321206,2026-04-14 14:37:46.588974,0 days 00:00:04.267768,19.75442354386471,93.22663440528802,58.44264760730814,-26.293474769059415,68.07274659577016,54.99534563158268,16.167503046440896,47.12251186157418,11.656372858964927,66.00437100709847,90.80346842924274,30.166014759308702,-42.844810325015104,13.835166851138858,90.0655533980913,21.27306878104347,42.792835709733,14.630503287020865,Unattained target,GPSampler,,PRUNED
742,742,5.472106481240399,2026-04-14 14:37:46.774957,2026-04-14 14:37:51.058003,0 days 00:00:04.283046,19.75442354386471,93.22663440528802,58.44264760730814,-26.293474769059415,68.07274659577016,54.99534563158268,16.167503046440896,47.12251186157418,11.656372858964927,66.00437100709847,90.80346842924274,30.166014759308702,-42.844810325015104,13.835166851138858,90.0655533980913,21.27306878104347,42.792835709733,14.630503287020865,Unattained target,GPSampler,"{'sLegPt.rL0': 13.835166851138858, 'sLegPt.lL0': 66.00437100709847, 'sLegPt.rL1': 90.0655533980913, 'sLegPt.lL1': 90.80346842924274, 'sLegPt.x1': 42.792835709733, 'sLegPt.y1': 14.630503287020865, 'sLegPt.rA1': -42.844810325015104, 'sLegPt.rL2': 21.27306878104347, 'sLegPt.lL2': 30.166014759308702, 'lLegPt.rL0': 68.07274659577016, 'lLegPt.lL0': 19.75442354386471, 'lLegPt.rL1': 54.99534563158268, 'lLegPt.lL1': 93.22663440528802, 'lLegPt.x1': 47.12251186157418, 'lLegPt.y1': 11.656372858964927, 'lLegPt.rA1': -26.293474769059415, 'lLegPt.rL2': 16.167503046440896, 'lLegPt.lL2': 58.44264760730814}",PRUNED
743,743,5.47210635623421,2026-04-14 14:37:51.229992,2026-04-14 14:37:55.353526,0 days 00:00:04.123534,19.75442354386471,93.22663440528802,58.44264760730814,-26.293474769059415,68.07274659577016,54.99534563158268,16.167503046440896,47.12251186157418,11.656372858964927,66.00437100709847,90.80346842924274,30.166014759308702,-42.844810325015104,13.835166851138858,90.0655533980913,21.27306878104347,42.792835709733,14.630503287020865,Unattained target,GPSampler,"{'sLegPt.rL0': 13.835166851138858, 'sLegPt.lL0': 66.00437100709847, 'sLegPt.rL1': 90.0655533980913, 'sLegPt.lL1': 90.80346842924274, 'sLegPt.x1': 42.792835709733, 'sLegPt.y1': 14.630503287020865, 'sLegPt.rA1': -42.844810325015104, 'sLegPt.rL2': 21.27306878104347, 'sLegPt.lL2': 30.166014759308702, 'lLegPt.rL0': 68.07274659577016, 'lLegPt.lL0': 19.75442354386471, 'lLegPt.rL1': 54.99534563158268, 'lLegPt.lL1': 93.22663440528802, 'lLegPt.x1': 47.12251186157418, 'lLegPt.y1': 11.656372858964927, 'lLegPt.rA1': -26.293474769059415, 'lLegPt.rL2': 16.167503046440896, 'lLegPt.lL2': 58.44264760730814}",PRUNED
744,744,9.178015390386825,2026-04-14 14:37:55.549099,2026-04-14 14:37:59.238281,0 days 00:00:03.689182,53.521021294349325,63.328505410319465,71.5245031916318,-43.72051480671949,12.205184826974833,86.7440445500198,13.82490515370669,37.713761201325894,25.54064561057884,46.82792477832746,41.03571603386479,95.44243896689306,-77.88109040699912,60.58204278176913,86.24467952351496,82.8854445376643,30.894868209706157,14.614677718315468,Unattained target,GPSampler,,PRUNED
745,745,9.178015147853717,2026-04-14 14:37:59.435626,2026-04-14 14:38:03.340042,0 days 00:00:03.904416,53.521021294349325,63.328505410319465,71.5245031916318,-43.72051480671949,12.205184826974833,86.7440445500198,13.82490515370669,37.713761201325894,25.54064561057884,46.82792477832746,41.03571603386479,95.44243896689306,-77.88109040699912,60.58204278176913,86.24467952351496,82.8854445376643,30.894868209706157,14.614677718315468,Unattained target,GPSampler,"{'sLegPt.rL0': 60.58204278176913, 'sLegPt.lL0': 46.82792477832746, 'sLegPt.rL1': 86.24467952351496, 'sLegPt.lL1': 41.03571603386479, 'sLegPt.x1': 30.894868209706157, 'sLegPt.y1': 14.614677718315468, 'sLegPt.rA1': -77.88109040699912, 'sLegPt.rL2': 82.8854445376643, 'sLegPt.lL2': 95.44243896689306, 'lLegPt.rL0': 12.205184826974833, 'lLegPt.lL0': 53.521021294349325, 'lLegPt.rL1': 86.7440445500198, 'lLegPt.lL1': 63.328505410319465, 'lLegPt.x1': 37.713761201325894, 'lLegPt.y1': 25.54064561057884, 'lLegPt.rA1': -43.72051480671949, 'lLegPt.rL2': 13.82490515370669, 'lLegPt.lL2': 71.5245031916318}",PRUNED
746,746,9.178014686188988,2026-04-14 14:38:03.522804,2026-04-14 14:38:07.960450,0 days 00:00:04.437646,53.521021294349325,63.328505410319465,71.5245031916318,-43.72051480671949,12.205184826974833,86.7440445500198,13.82490515370669,37.713761201325894,25.54064561057884,46.82792477832746,41.03571603386479,95.44243896689306,-77.88109040699912,60.58204278176913,86.24467952351496,82.8854445376643,30.894868209706157,14.614677718315468,Unattained target,GPSampler,"{'sLegPt.rL0': 60.58204278176913, 'sLegPt.lL0': 46.82792477832746, 'sLegPt.rL1': 86.24467952351496, 'sLegPt.lL1': 41.03571603386479, 'sLegPt.x1': 30.894868209706157, 'sLegPt.y1': 14.614677718315468, 'sLegPt.rA1': -77.88109040699912, 'sLegPt.rL2': 82.8854445376643, 'sLegPt.lL2': 95.44243896689306, 'lLegPt.rL0': 12.205184826974833, 'lLegPt.lL0': 53.521021294349325, 'lLegPt.rL1': 86.7440445500198, 'lLegPt.lL1': 63.328505410319465, 'lLegPt.x1': 37.713761201325894, 'lLegPt.y1': 25.54064561057884, 'lLegPt.rA1': -43.72051480671949, 'lLegPt.rL2': 13.82490515370669, 'lLegPt.lL2': 71.5245031916318}",PRUNED
747,747,6.6834517576767745,2026-04-14 14:38:08.159222,2026-04-14 14:38:12.151400,0 days 00:00:03.992178,12.926696738112188,71.44374744006998,73.91491793450142,-48.07953096634144,16.620831032791425,50.16112183424324,71.29065851036488,32.138949143029066,25.75622419293231,76.45438347815777,37.13121737062619,56.39741389326521,-55.43189821121482,80.15366382707356,87.73074370334139,48.5859958253768,33.411327822773465,19.501486993886253,Unattained target,GPSampler,,PRUNED
