,number,value,datetime_start,datetime_complete,duration,params_lLegPt.lL0,params_lLegPt.lL1,params_lLegPt.lL2,params_lLegPt.rA1,params_lLegPt.rL0,params_lLegPt.rL1,params_lLegPt.rL2,params_lLegPt.x1,params_lLegPt.y1,params_sLegPt.lL0,params_sLegPt.lL1,params_sLegPt.lL2,params_sLegPt.rA1,params_sLegPt.rL0,params_sLegPt.rL1,params_sLegPt.rL2,params_sLegPt.x1,params_sLegPt.y1,user_attrs_prune,system_attrs_auto:sampler,system_attrs_fixed_params,state
651,651,7.669318527334433,2026-04-14 14:31:00.380544,2026-04-14 14:31:04.411724,0 days 00:00:04.031180,97.3381471227028,71.53215300729332,59.16922414732525,-45.806168449858106,26.41796127224375,38.22289341741482,64.2797419014137,42.26135721790037,20.217399431225726,22.28123020879015,43.75113435312083,80.34631517689145,-76.70530081126691,18.615270216268684,42.26405415732157,85.8479489878842,48.98113487443211,28.75889878453043,Unattained target,GPSampler,"{'sLegPt.rL0': 18.615270216268684, 'sLegPt.lL0': 22.28123020879015, 'sLegPt.rL1': 42.26405415732157, 'sLegPt.lL1': 43.75113435312083, 'sLegPt.x1': 48.98113487443211, 'sLegPt.y1': 28.75889878453043, 'sLegPt.rA1': -76.70530081126691, 'sLegPt.rL2': 85.8479489878842, 'sLegPt.lL2': 80.34631517689145, 'lLegPt.rL0': 26.41796127224375, 'lLegPt.lL0': 97.3381471227028, 'lLegPt.rL1': 38.22289341741482, 'lLegPt.lL1': 71.53215300729332, 'lLegPt.x1': 42.26135721790037, 'lLegPt.y1': 20.217399431225726, 'lLegPt.rA1': -45.806168449858106, 'lLegPt.rL2': 64.2797419014137, 'lLegPt.lL2': 59.16922414732525}",PRUNED
652,652,7.669318601539203,2026-04-14 14:31:04.601887,2026-04-14 14:31:08.969738,0 days 00:00:04.367851,97.3381471227028,71.53215300729332,59.16922414732525,-45.806168449858106,26.41796127224375,38.22289341741482,64.2797419014137,42.26135721790037,20.217399431225726,22.28123020879015,43.75113435312083,80.34631517689145,-76.70530081126691,18.615270216268684,42.26405415732157,85.8479489878842,48.98113487443211,28.75889878453043,Unattained target,GPSampler,"{'sLegPt.rL0': 18.615270216268684, 'sLegPt.lL0': 22.28123020879015, 'sLegPt.rL1': 42.26405415732157, 'sLegPt.lL1': 43.75113435312083, 'sLegPt.x1': 48.98113487443211, 'sLegPt.y1': 28.75889878453043, 'sLegPt.rA1': -76.70530081126691, 'sLegPt.rL2': 85.8479489878842, 'sLegPt.lL2': 80.34631517689145, 'lLegPt.rL0': 26.41796127224375, 'lLegPt.lL0': 97.3381471227028, 'lLegPt.rL1': 38.22289341741482, 'lLegPt.lL1': 71.53215300729332, 'lLegPt.x1': 42.26135721790037, 'lLegPt.y1': 20.217399431225726, 'lLegPt.rA1': -45.806168449858106, 'lLegPt.rL2': 64.2797419014137, 'lLegPt.lL2': 59.16922414732525}",PRUNED
653,653,7.042641892204394,2026-04-14 14:31:09.154910,2026-04-14 14:31:13.580855,0 days 00:00:04.425945,72.85997890818356,47.50866513821238,60.45325441274616,-28.333773184866452,44.13817485783259,65.3105561350979,23.283588443845233,46.28084743249938,18.993932511579402,15.537506040865784,29.648335891588193,83.66503874314849,-24.240139387384012,86.55519891443898,47.668023513278925,23.266171697523845,32.74378163412757,16.29989370486141,Unattained target,GPSampler,,PRUNED
654,654,7.0426420626192865,2026-04-14 14:31:13.760066,2026-04-14 14:31:17.870860,0 days 00:00:04.110794,72.85997890818356,47.50866513821238,60.45325441274616,-28.333773184866452,44.13817485783259,65.3105561350979,23.283588443845233,46.28084743249938,18.993932511579402,15.537506040865784,29.648335891588193,83.66503874314849,-24.240139387384012,86.55519891443898,47.668023513278925,23.266171697523845,32.74378163412757,16.29989370486141,Unattained target,GPSampler,"{'sLegPt.rL0': 86.55519891443898, 'sLegPt.lL0': 15.537506040865784, 'sLegPt.rL1': 47.668023513278925, 'sLegPt.lL1': 29.648335891588193, 'sLegPt.x1': 32.74378163412757, 'sLegPt.y1': 16.29989370486141, 'sLegPt.rA1': -24.240139387384012, 'sLegPt.rL2': 23.266171697523845, 'sLegPt.lL2': 83.66503874314849, 'lLegPt.rL0': 44.13817485783259, 'lLegPt.lL0': 72.85997890818356, 'lLegPt.rL1': 65.3105561350979, 'lLegPt.lL1': 47.50866513821238, 'lLegPt.x1': 46.28084743249938, 'lLegPt.y1': 18.993932511579402, 'lLegPt.rA1': -28.333773184866452, 'lLegPt.rL2': 23.283588443845233, 'lLegPt.lL2': 60.45325441274616}",PRUNED
655,655,7.042642210445933,2026-04-14 14:31:18.062749,2026-04-14 14:31:22.205787,0 days 00:00:04.143038,72.85997890818356,47.50866513821238,60.45325441274616,-28.333773184866452,44.13817485783259,65.3105561350979,23.283588443845233,46.28084743249938,18.993932511579402,15.537506040865784,29.648335891588193,83.66503874314849,-24.240139387384012,86.55519891443898,47.668023513278925,23.266171697523845,32.74378163412757,16.29989370486141,Unattained target,GPSampler,"{'sLegPt.rL0': 86.55519891443898, 'sLegPt.lL0': 15.537506040865784, 'sLegPt.rL1': 47.668023513278925, 'sLegPt.lL1': 29.648335891588193, 'sLegPt.x1': 32.74378163412757, 'sLegPt.y1': 16.29989370486141, 'sLegPt.rA1': -24.240139387384012, 'sLegPt.rL2': 23.266171697523845, 'sLegPt.lL2': 83.66503874314849, 'lLegPt.rL0': 44.13817485783259, 'lLegPt.lL0': 72.85997890818356, 'lLegPt.rL1': 65.3105561350979, 'lLegPt.lL1': 47.50866513821238, 'lLegPt.x1': 46.28084743249938, 'lLegPt.y1': 18.993932511579402, 'lLegPt.rA1': -28.333773184866452, 'lLegPt.rL2': 23.283588443845233, 'lLegPt.lL2': 60.45325441274616}",PRUNED
656,656,7.886115165796895,2026-04-14 14:31:22.367139,2026-04-14 14:31:26.030689,0 days 00:00:03.663550,67.38427240303517,89.53804469279298,58.33151734257971,-76.54893694455772,40.218688999452645,69.92752421074246,47.82921823024483,46.74822928205849,18.27945579323626,77.66590310013612,91.69933900283665,28.44337839950306,-72.9066676492305,62.308938459537174,44.60939397557478,30.114841037470544,42.44273000939344,28.51231995400316,Unattained target,GPSampler,,PRUNED
657,657,7.886115447700185,2026-04-14 14:31:26.219411,2026-04-14 14:31:30.344857,0 days 00:00:04.125446,67.38427240303517,89.53804469279298,58.33151734257971,-76.54893694455772,40.218688999452645,69.92752421074246,47.82921823024483,46.74822928205849,18.27945579323626,77.66590310013612,91.69933900283665,28.44337839950306,-72.9066676492305,62.308938459537174,44.60939397557478,30.114841037470544,42.44273000939344,28.51231995400316,Unattained target,GPSampler,"{'sLegPt.rL0': 62.308938459537174, 'sLegPt.lL0': 77.66590310013612, 'sLegPt.rL1': 44.60939397557478, 'sLegPt.lL1': 91.69933900283665, 'sLegPt.x1': 42.44273000939344, 'sLegPt.y1': 28.51231995400316, 'sLegPt.rA1': -72.9066676492305, 'sLegPt.rL2': 30.114841037470544, 'sLegPt.lL2': 28.44337839950306, 'lLegPt.rL0': 40.218688999452645, 'lLegPt.lL0': 67.38427240303517, 'lLegPt.rL1': 69.92752421074246, 'lLegPt.lL1': 89.53804469279298, 'lLegPt.x1': 46.74822928205849, 'lLegPt.y1': 18.27945579323626, 'lLegPt.rA1': -76.54893694455772, 'lLegPt.rL2': 47.82921823024483, 'lLegPt.lL2': 58.33151734257971}",PRUNED
658,658,7.886115525280026,2026-04-14 14:31:30.522652,2026-04-14 14:31:34.605566,0 days 00:00:04.082914,67.38427240303517,89.53804469279298,58.33151734257971,-76.54893694455772,40.218688999452645,69.92752421074246,47.82921823024483,46.74822928205849,18.27945579323626,77.66590310013612,91.69933900283665,28.44337839950306,-72.9066676492305,62.308938459537174,44.60939397557478,30.114841037470544,42.44273000939344,28.51231995400316,Unattained target,GPSampler,"{'sLegPt.rL0': 62.308938459537174, 'sLegPt.lL0': 77.66590310013612, 'sLegPt.rL1': 44.60939397557478, 'sLegPt.lL1': 91.69933900283665, 'sLegPt.x1': 42.44273000939344, 'sLegPt.y1': 28.51231995400316, 'sLegPt.rA1': -72.9066676492305, 'sLegPt.rL2': 30.114841037470544, 'sLegPt.lL2': 28.44337839950306, 'lLegPt.rL0': 40.218688999452645, 'lLegPt.lL0': 67.38427240303517, 'lLegPt.rL1': 69.92752421074246, 'lLegPt.lL1': 89.53804469279298, 'lLegPt.x1': 46.74822928205849, 'lLegPt.y1': 18.27945579323626, 'lLegPt.rA1': -76.54893694455772, 'lLegPt.rL2': 47.82921823024483, 'lLegPt.lL2': 58.33151734257971}",PRUNED
659,659,14.438817921721217,2026-04-14 14:31:34.777643,2026-04-14 14:31:39.133430,0 days 00:00:04.355787,64.36248589760491,54.57086551548976,48.95443405732245,-70.90103406458483,71.44200257749303,50.91075617328347,24.75688365762086,47.43367526598591,13.404398912777221,87.16614162429285,89.08157606293294,33.90128612017235,-33.90900229452738,93.83987073580043,48.2884582677477,79.68757729861403,46.239229686245395,28.62588100641911,Unattained target,GPSampler,,PRUNED
660,660,14.438818148369243,2026-04-14 14:31:39.330529,2026-04-14 14:31:43.520140,0 days 00:00:04.189611,64.36248589760491,54.57086551548976,48.95443405732245,-70.90103406458483,71.44200257749303,50.91075617328347,24.75688365762086,47.43367526598591,13.404398912777221,87.16614162429285,89.08157606293294,33.90128612017235,-33.90900229452738,93.83987073580043,48.2884582677477,79.68757729861403,46.239229686245395,28.62588100641911,Unattained target,GPSampler,"{'sLegPt.rL0': 93.83987073580043, 'sLegPt.lL0': 87.16614162429285, 'sLegPt.rL1': 48.2884582677477, 'sLegPt.lL1': 89.08157606293294, 'sLegPt.x1': 46.239229686245395, 'sLegPt.y1': 28.62588100641911, 'sLegPt.rA1': -33.90900229452738, 'sLegPt.rL2': 79.68757729861403, 'sLegPt.lL2': 33.90128612017235, 'lLegPt.rL0': 71.44200257749303, 'lLegPt.lL0': 64.36248589760491, 'lLegPt.rL1': 50.91075617328347, 'lLegPt.lL1': 54.57086551548976, 'lLegPt.x1': 47.43367526598591, 'lLegPt.y1': 13.404398912777221, 'lLegPt.rA1': -70.90103406458483, 'lLegPt.rL2': 24.75688365762086, 'lLegPt.lL2': 48.95443405732245}",PRUNED
661,661,14.438818119815487,2026-04-14 14:31:43.700442,2026-04-14 14:31:47.790352,0 days 00:00:04.089910,64.36248589760491,54.57086551548976,48.95443405732245,-70.90103406458483,71.44200257749303,50.91075617328347,24.75688365762086,47.43367526598591,13.404398912777221,87.16614162429285,89.08157606293294,33.90128612017235,-33.90900229452738,93.83987073580043,48.2884582677477,79.68757729861403,46.239229686245395,28.62588100641911,Unattained target,GPSampler,"{'sLegPt.rL0': 93.83987073580043, 'sLegPt.lL0': 87.16614162429285, 'sLegPt.rL1': 48.2884582677477, 'sLegPt.lL1': 89.08157606293294, 'sLegPt.x1': 46.239229686245395, 'sLegPt.y1': 28.62588100641911, 'sLegPt.rA1': -33.90900229452738, 'sLegPt.rL2': 79.68757729861403, 'sLegPt.lL2': 33.90128612017235, 'lLegPt.rL0': 71.44200257749303, 'lLegPt.lL0': 64.36248589760491, 'lLegPt.rL1': 50.91075617328347, 'lLegPt.lL1': 54.57086551548976, 'lLegPt.x1': 47.43367526598591, 'lLegPt.y1': 13.404398912777221, 'lLegPt.rA1': -70.90103406458483, 'lLegPt.rL2': 24.75688365762086, 'lLegPt.lL2': 48.95443405732245}",PRUNED
662,662,3.13225466742508,2026-04-14 14:31:47.955660,2026-04-14 14:31:58.166953,0 days 00:00:10.211293,96.78766020506556,71.65268943973524,47.823170146713274,-55.66848364067863,91.65783466829645,60.707722891920135,36.82258539830634,49.24159675031928,11.75555883307637,46.41820300548229,17.83688118974401,25.148236506740936,-22.745538847119363,41.442464924962636,14.473443413324924,86.66957680161751,33.40746371712639,17.881017669686514,,GPSampler,,COMPLETE
663,663,8.313574481530956,2026-04-14 14:31:58.832337,2026-04-14 14:32:02.918761,0 days 00:00:04.086424,26.930501669149223,65.07176345817935,58.90924156866791,-20.561723829044283,44.15057142183442,73.56355012524864,79.7777603639471,38.99484116018928,24.137018777822064,96.5567134263005,70.69539275761278,13.691142754834004,-52.648338952043034,71.93158689627994,75.18386272318125,14.82117114517462,49.96527469150746,21.564635113419914,Unattained target,GPSampler,,PRUNED
664,664,8.313574830700937,2026-04-14 14:32:03.100433,2026-04-14 14:32:07.266414,0 days 00:00:04.165981,26.930501669149223,65.07176345817935,58.90924156866791,-20.561723829044283,44.15057142183442,73.56355012524864,79.7777603639471,38.99484116018928,24.137018777822064,96.5567134263005,70.69539275761278,13.691142754834004,-52.648338952043034,71.93158689627994,75.18386272318125,14.82117114517462,49.96527469150746,21.564635113419914,Unattained target,GPSampler,"{'sLegPt.rL0': 71.93158689627994, 'sLegPt.lL0': 96.5567134263005, 'sLegPt.rL1': 75.18386272318125, 'sLegPt.lL1': 70.69539275761278, 'sLegPt.x1': 49.96527469150746, 'sLegPt.y1': 21.564635113419914, 'sLegPt.rA1': -52.648338952043034, 'sLegPt.rL2': 14.82117114517462, 'sLegPt.lL2': 13.691142754834004, 'lLegPt.rL0': 44.15057142183442, 'lLegPt.lL0': 26.930501669149223, 'lLegPt.rL1': 73.56355012524864, 'lLegPt.lL1': 65.07176345817935, 'lLegPt.x1': 38.99484116018928, 'lLegPt.y1': 24.137018777822064, 'lLegPt.rA1': -20.561723829044283, 'lLegPt.rL2': 79.7777603639471, 'lLegPt.lL2': 58.90924156866791}",PRUNED
665,665,8.313574437189146,2026-04-14 14:32:07.438697,2026-04-14 14:32:11.382347,0 days 00:00:03.943650,26.930501669149223,65.07176345817935,58.90924156866791,-20.561723829044283,44.15057142183442,73.56355012524864,79.7777603639471,38.99484116018928,24.137018777822064,96.5567134263005,70.69539275761278,13.691142754834004,-52.648338952043034,71.93158689627994,75.18386272318125,14.82117114517462,49.96527469150746,21.564635113419914,Unattained target,GPSampler,"{'sLegPt.rL0': 71.93158689627994, 'sLegPt.lL0': 96.5567134263005, 'sLegPt.rL1': 75.18386272318125, 'sLegPt.lL1': 70.69539275761278, 'sLegPt.x1': 49.96527469150746, 'sLegPt.y1': 21.564635113419914, 'sLegPt.rA1': -52.648338952043034, 'sLegPt.rL2': 14.82117114517462, 'sLegPt.lL2': 13.691142754834004, 'lLegPt.rL0': 44.15057142183442, 'lLegPt.lL0': 26.930501669149223, 'lLegPt.rL1': 73.56355012524864, 'lLegPt.lL1': 65.07176345817935, 'lLegPt.x1': 38.99484116018928, 'lLegPt.y1': 24.137018777822064, 'lLegPt.rA1': -20.561723829044283, 'lLegPt.rL2': 79.7777603639471, 'lLegPt.lL2': 58.90924156866791}",PRUNED
666,666,10.671013810940842,2026-04-14 14:32:11.573289,2026-04-14 14:32:15.677840,0 days 00:00:04.104551,51.36404533573097,28.496682558256474,61.96950236727832,-74.14325375956474,24.95899609225237,83.86842291529628,94.08818919358714,45.73969317261019,17.844283036355367,25.45634878079931,37.75657691847199,25.478760034058432,-68.65182778317849,81.73440058571295,65.29182176117122,44.10072931603442,42.23410826911472,17.894147158702367,Unattained target,GPSampler,,PRUNED
667,667,10.671013811468917,2026-04-14 14:32:15.879285,2026-04-14 14:32:19.776934,0 days 00:00:03.897649,51.36404533573097,28.496682558256474,61.96950236727832,-74.14325375956474,24.95899609225237,83.86842291529628,94.08818919358714,45.73969317261019,17.844283036355367,25.45634878079931,37.75657691847199,25.478760034058432,-68.65182778317849,81.73440058571295,65.29182176117122,44.10072931603442,42.23410826911472,17.894147158702367,Unattained target,GPSampler,"{'sLegPt.rL0': 81.73440058571295, 'sLegPt.lL0': 25.45634878079931, 'sLegPt.rL1': 65.29182176117122, 'sLegPt.lL1': 37.75657691847199, 'sLegPt.x1': 42.23410826911472, 'sLegPt.y1': 17.894147158702367, 'sLegPt.rA1': -68.65182778317849, 'sLegPt.rL2': 44.10072931603442, 'sLegPt.lL2': 25.478760034058432, 'lLegPt.rL0': 24.95899609225237, 'lLegPt.lL0': 51.36404533573097, 'lLegPt.rL1': 83.86842291529628, 'lLegPt.lL1': 28.496682558256474, 'lLegPt.x1': 45.73969317261019, 'lLegPt.y1': 17.844283036355367, 'lLegPt.rA1': -74.14325375956474, 'lLegPt.rL2': 94.08818919358714, 'lLegPt.lL2': 61.96950236727832}",PRUNED
668,668,10.671013832954628,2026-04-14 14:32:19.966213,2026-04-14 14:32:24.096109,0 days 00:00:04.129896,51.36404533573097,28.496682558256474,61.96950236727832,-74.14325375956474,24.95899609225237,83.86842291529628,94.08818919358714,45.73969317261019,17.844283036355367,25.45634878079931,37.75657691847199,25.478760034058432,-68.65182778317849,81.73440058571295,65.29182176117122,44.10072931603442,42.23410826911472,17.894147158702367,Unattained target,GPSampler,"{'sLegPt.rL0': 81.73440058571295, 'sLegPt.lL0': 25.45634878079931, 'sLegPt.rL1': 65.29182176117122, 'sLegPt.lL1': 37.75657691847199, 'sLegPt.x1': 42.23410826911472, 'sLegPt.y1': 17.894147158702367, 'sLegPt.rA1': -68.65182778317849, 'sLegPt.rL2': 44.10072931603442, 'sLegPt.lL2': 25.478760034058432, 'lLegPt.rL0': 24.95899609225237, 'lLegPt.lL0': 51.36404533573097, 'lLegPt.rL1': 83.86842291529628, 'lLegPt.lL1': 28.496682558256474, 'lLegPt.x1': 45.73969317261019, 'lLegPt.y1': 17.844283036355367, 'lLegPt.rA1': -74.14325375956474, 'lLegPt.rL2': 94.08818919358714, 'lLegPt.lL2': 61.96950236727832}",PRUNED
669,669,9.07381729885774,2026-04-14 14:32:24.285482,2026-04-14 14:32:28.511975,0 days 00:00:04.226493,30.577547584073418,42.73295903982645,39.74265570826161,-58.45684775679687,14.51917010105442,95.25881910573479,19.077867313950414,45.60695261824524,23.158142774283917,98.40325766856768,56.744112384952565,51.673848684693716,-66.20985229373574,65.34956897127105,86.89815179038594,33.37656245086465,34.95706462947015,24.443835583988914,Unattained target,GPSampler,,PRUNED
670,670,9.073817827311082,2026-04-14 14:32:28.704323,2026-04-14 14:32:32.877749,0 days 00:00:04.173426,30.577547584073418,42.73295903982645,39.74265570826161,-58.45684775679687,14.51917010105442,95.25881910573479,19.077867313950414,45.60695261824524,23.158142774283917,98.40325766856768,56.744112384952565,51.673848684693716,-66.20985229373574,65.34956897127105,86.89815179038594,33.37656245086465,34.95706462947015,24.443835583988914,Unattained target,GPSampler,"{'sLegPt.rL0': 65.34956897127105, 'sLegPt.lL0': 98.40325766856768, 'sLegPt.rL1': 86.89815179038594, 'sLegPt.lL1': 56.744112384952565, 'sLegPt.x1': 34.95706462947015, 'sLegPt.y1': 24.443835583988914, 'sLegPt.rA1': -66.20985229373574, 'sLegPt.rL2': 33.37656245086465, 'sLegPt.lL2': 51.673848684693716, 'lLegPt.rL0': 14.51917010105442, 'lLegPt.lL0': 30.577547584073418, 'lLegPt.rL1': 95.25881910573479, 'lLegPt.lL1': 42.73295903982645, 'lLegPt.x1': 45.60695261824524, 'lLegPt.y1': 23.158142774283917, 'lLegPt.rA1': -58.45684775679687, 'lLegPt.rL2': 19.077867313950414, 'lLegPt.lL2': 39.74265570826161}",PRUNED
671,671,9.073816592012442,2026-04-14 14:32:33.064679,2026-04-14 14:32:37.101718,0 days 00:00:04.037039,30.577547584073418,42.73295903982645,39.74265570826161,-58.45684775679687,14.51917010105442,95.25881910573479,19.077867313950414,45.60695261824524,23.158142774283917,98.40325766856768,56.744112384952565,51.673848684693716,-66.20985229373574,65.34956897127105,86.89815179038594,33.37656245086465,34.95706462947015,24.443835583988914,Unattained target,GPSampler,"{'sLegPt.rL0': 65.34956897127105, 'sLegPt.lL0': 98.40325766856768, 'sLegPt.rL1': 86.89815179038594, 'sLegPt.lL1': 56.744112384952565, 'sLegPt.x1': 34.95706462947015, 'sLegPt.y1': 24.443835583988914, 'sLegPt.rA1': -66.20985229373574, 'sLegPt.rL2': 33.37656245086465, 'sLegPt.lL2': 51.673848684693716, 'lLegPt.rL0': 14.51917010105442, 'lLegPt.lL0': 30.577547584073418, 'lLegPt.rL1': 95.25881910573479, 'lLegPt.lL1': 42.73295903982645, 'lLegPt.x1': 45.60695261824524, 'lLegPt.y1': 23.158142774283917, 'lLegPt.rA1': -58.45684775679687, 'lLegPt.rL2': 19.077867313950414, 'lLegPt.lL2': 39.74265570826161}",PRUNED
672,672,5.373768837222386,2026-04-14 14:32:37.295524,2026-04-14 14:32:41.419083,0 days 00:00:04.123559,52.18985159149335,63.009565409809,83.15704067502088,-39.08977198685488,21.000371030420098,38.62223270925176,33.52064525735735,31.462624181504225,24.25376832076182,16.80858420680192,11.766744475606941,57.39487329548455,-36.14800761574814,53.09599569936576,19.228564848600698,76.61580792977863,49.88359497333898,10.355707595807262,Unattained target,GPSampler,,PRUNED
673,673,5.372063145964788,2026-04-14 14:32:41.585209,2026-04-14 14:32:45.777967,0 days 00:00:04.192758,52.18985159149335,63.009565409809,83.15704067502088,-39.08977198685488,21.000371030420098,38.62223270925176,33.52064525735735,31.462624181504225,24.25376832076182,16.80858420680192,11.766744475606941,57.39487329548455,-36.14800761574814,53.09599569936576,19.228564848600698,76.61580792977863,49.88359497333898,10.355707595807262,Unattained target,GPSampler,"{'sLegPt.rL0': 53.09599569936576, 'sLegPt.lL0': 16.80858420680192, 'sLegPt.rL1': 19.228564848600698, 'sLegPt.lL1': 11.766744475606941, 'sLegPt.x1': 49.88359497333898, 'sLegPt.y1': 10.355707595807262, 'sLegPt.rA1': -36.14800761574814, 'sLegPt.rL2': 76.61580792977863, 'sLegPt.lL2': 57.39487329548455, 'lLegPt.rL0': 21.000371030420098, 'lLegPt.lL0': 52.18985159149335, 'lLegPt.rL1': 38.62223270925176, 'lLegPt.lL1': 63.009565409809, 'lLegPt.x1': 31.462624181504225, 'lLegPt.y1': 24.25376832076182, 'lLegPt.rA1': -39.08977198685488, 'lLegPt.rL2': 33.52064525735735, 'lLegPt.lL2': 83.15704067502088}",PRUNED
674,674,5.371696241659549,2026-04-14 14:32:45.937792,2026-04-14 14:32:50.215888,0 days 00:00:04.278096,52.18985159149335,63.009565409809,83.15704067502088,-39.08977198685488,21.000371030420098,38.62223270925176,33.52064525735735,31.462624181504225,24.25376832076182,16.80858420680192,11.766744475606941,57.39487329548455,-36.14800761574814,53.09599569936576,19.228564848600698,76.61580792977863,49.88359497333898,10.355707595807262,Unattained target,GPSampler,"{'sLegPt.rL0': 53.09599569936576, 'sLegPt.lL0': 16.80858420680192, 'sLegPt.rL1': 19.228564848600698, 'sLegPt.lL1': 11.766744475606941, 'sLegPt.x1': 49.88359497333898, 'sLegPt.y1': 10.355707595807262, 'sLegPt.rA1': -36.14800761574814, 'sLegPt.rL2': 76.61580792977863, 'sLegPt.lL2': 57.39487329548455, 'lLegPt.rL0': 21.000371030420098, 'lLegPt.lL0': 52.18985159149335, 'lLegPt.rL1': 38.62223270925176, 'lLegPt.lL1': 63.009565409809, 'lLegPt.x1': 31.462624181504225, 'lLegPt.y1': 24.25376832076182, 'lLegPt.rA1': -39.08977198685488, 'lLegPt.rL2': 33.52064525735735, 'lLegPt.lL2': 83.15704067502088}",PRUNED
675,675,12.071140071881693,2026-04-14 14:32:50.407397,2026-04-14 14:32:54.610240,0 days 00:00:04.202843,31.81123140780904,97.24839256793506,64.53143951228468,-47.873820040060394,47.12426415019558,35.839524705606614,24.91839622202471,46.77840537918671,23.631960024005238,99.20029909608128,20.273620755315612,23.30557178657472,-21.96107052290114,75.45948893466618,44.36483327043288,85.90519014720348,40.2801031640346,24.813984313126188,Unattained target,GPSampler,,PRUNED
