,number,value,datetime_start,datetime_complete,duration,params_lLegPt.lL0,params_lLegPt.lL1,params_lLegPt.lL2,params_lLegPt.rA1,params_lLegPt.rL0,params_lLegPt.rL1,params_lLegPt.rL2,params_lLegPt.x1,params_lLegPt.y1,params_sLegPt.lL0,params_sLegPt.lL1,params_sLegPt.lL2,params_sLegPt.rA1,params_sLegPt.rL0,params_sLegPt.rL1,params_sLegPt.rL2,params_sLegPt.x1,params_sLegPt.y1,user_attrs_prune,system_attrs_auto:sampler,system_attrs_fixed_params,state
170,170,18.6571419947702,2026-04-14 13:54:03.934555,2026-04-14 13:54:07.439503,0 days 00:00:03.504948,67.57780620977367,14.965378634404534,85.28744697321204,-47.99848786660742,86.99993442185496,53.65533300463785,53.04317511650859,33.00460570835211,20.294997770299275,71.82645293096468,87.32453809473084,64.42400234540807,-75.9903742855363,93.14116261106506,63.146808842491204,89.8761673577012,40.44719233139073,12.216013741954253,Unattained target,GPSampler,"{'sLegPt.rL0': 93.14116261106506, 'sLegPt.lL0': 71.82645293096468, 'sLegPt.rL1': 63.146808842491204, 'sLegPt.lL1': 87.32453809473084, 'sLegPt.x1': 40.44719233139073, 'sLegPt.y1': 12.216013741954253, 'sLegPt.rA1': -75.9903742855363, 'sLegPt.rL2': 89.8761673577012, 'sLegPt.lL2': 64.42400234540807, 'lLegPt.rL0': 86.99993442185496, 'lLegPt.lL0': 67.57780620977367, 'lLegPt.rL1': 53.65533300463785, 'lLegPt.lL1': 14.965378634404534, 'lLegPt.x1': 33.00460570835211, 'lLegPt.y1': 20.294997770299275, 'lLegPt.rA1': -47.99848786660742, 'lLegPt.rL2': 53.04317511650859, 'lLegPt.lL2': 85.28744697321204}",PRUNED
171,171,18.657141563025675,2026-04-14 13:54:07.590902,2026-04-14 13:54:11.385752,0 days 00:00:03.794850,67.57780620977367,14.965378634404534,85.28744697321204,-47.99848786660742,86.99993442185496,53.65533300463785,53.04317511650859,33.00460570835211,20.294997770299275,71.82645293096468,87.32453809473084,64.42400234540807,-75.9903742855363,93.14116261106506,63.146808842491204,89.8761673577012,40.44719233139073,12.216013741954253,Unattained target,GPSampler,"{'sLegPt.rL0': 93.14116261106506, 'sLegPt.lL0': 71.82645293096468, 'sLegPt.rL1': 63.146808842491204, 'sLegPt.lL1': 87.32453809473084, 'sLegPt.x1': 40.44719233139073, 'sLegPt.y1': 12.216013741954253, 'sLegPt.rA1': -75.9903742855363, 'sLegPt.rL2': 89.8761673577012, 'sLegPt.lL2': 64.42400234540807, 'lLegPt.rL0': 86.99993442185496, 'lLegPt.lL0': 67.57780620977367, 'lLegPt.rL1': 53.65533300463785, 'lLegPt.lL1': 14.965378634404534, 'lLegPt.x1': 33.00460570835211, 'lLegPt.y1': 20.294997770299275, 'lLegPt.rA1': -47.99848786660742, 'lLegPt.rL2': 53.04317511650859, 'lLegPt.lL2': 85.28744697321204}",PRUNED
172,172,6.146272759740107,2026-04-14 13:54:11.542292,2026-04-14 13:54:15.036336,0 days 00:00:03.494044,77.79783941957659,20.369673198727448,94.6343536156704,-29.333870500989967,80.81119140276482,61.87710007259702,37.6190707882053,40.98237923506397,17.994103737388038,19.077524360681586,48.289186861222085,15.875731754519897,-35.69689782291736,30.454591538465408,52.255966212848826,85.00744020834418,40.46511996226872,22.191301183640846,Unattained target,GPSampler,,PRUNED
173,173,6.146272938895933,2026-04-14 13:54:15.191037,2026-04-14 13:54:19.003618,0 days 00:00:03.812581,77.79783941957659,20.369673198727448,94.6343536156704,-29.333870500989967,80.81119140276482,61.87710007259702,37.6190707882053,40.98237923506397,17.994103737388038,19.077524360681586,48.289186861222085,15.875731754519897,-35.69689782291736,30.454591538465408,52.255966212848826,85.00744020834418,40.46511996226872,22.191301183640846,Unattained target,GPSampler,"{'sLegPt.rL0': 30.454591538465408, 'sLegPt.lL0': 19.077524360681586, 'sLegPt.rL1': 52.255966212848826, 'sLegPt.lL1': 48.289186861222085, 'sLegPt.x1': 40.46511996226872, 'sLegPt.y1': 22.191301183640846, 'sLegPt.rA1': -35.69689782291736, 'sLegPt.rL2': 85.00744020834418, 'sLegPt.lL2': 15.875731754519897, 'lLegPt.rL0': 80.81119140276482, 'lLegPt.lL0': 77.79783941957659, 'lLegPt.rL1': 61.87710007259702, 'lLegPt.lL1': 20.369673198727448, 'lLegPt.x1': 40.98237923506397, 'lLegPt.y1': 17.994103737388038, 'lLegPt.rA1': -29.333870500989967, 'lLegPt.rL2': 37.6190707882053, 'lLegPt.lL2': 94.6343536156704}",PRUNED
174,174,6.14627246355478,2026-04-14 13:54:19.144363,2026-04-14 13:54:22.719412,0 days 00:00:03.575049,77.79783941957659,20.369673198727448,94.6343536156704,-29.333870500989967,80.81119140276482,61.87710007259702,37.6190707882053,40.98237923506397,17.994103737388038,19.077524360681586,48.289186861222085,15.875731754519897,-35.69689782291736,30.454591538465408,52.255966212848826,85.00744020834418,40.46511996226872,22.191301183640846,Unattained target,GPSampler,"{'sLegPt.rL0': 30.454591538465408, 'sLegPt.lL0': 19.077524360681586, 'sLegPt.rL1': 52.255966212848826, 'sLegPt.lL1': 48.289186861222085, 'sLegPt.x1': 40.46511996226872, 'sLegPt.y1': 22.191301183640846, 'sLegPt.rA1': -35.69689782291736, 'sLegPt.rL2': 85.00744020834418, 'sLegPt.lL2': 15.875731754519897, 'lLegPt.rL0': 80.81119140276482, 'lLegPt.lL0': 77.79783941957659, 'lLegPt.rL1': 61.87710007259702, 'lLegPt.lL1': 20.369673198727448, 'lLegPt.x1': 40.98237923506397, 'lLegPt.y1': 17.994103737388038, 'lLegPt.rA1': -29.333870500989967, 'lLegPt.rL2': 37.6190707882053, 'lLegPt.lL2': 94.6343536156704}",PRUNED
175,175,5.945489402092484,2026-04-14 13:54:22.869137,2026-04-14 13:54:26.315539,0 days 00:00:03.446402,79.33142108969103,73.4286090749879,33.71969817139987,-47.21536504726467,48.66208642499362,50.09447758779254,42.28537385305679,39.96255095254738,25.2023756608288,81.55756852933405,60.274934371109225,91.50835985390135,-65.84193113698502,75.8464280258012,94.32719586139415,74.98755823291054,38.538883878394415,10.968393204259577,Unattained target,GPSampler,,PRUNED
176,176,5.945489317087372,2026-04-14 13:54:26.463854,2026-04-14 13:54:30.044324,0 days 00:00:03.580470,79.33142108969103,73.4286090749879,33.71969817139987,-47.21536504726467,48.66208642499362,50.09447758779254,42.28537385305679,39.96255095254738,25.2023756608288,81.55756852933405,60.274934371109225,91.50835985390135,-65.84193113698502,75.8464280258012,94.32719586139415,74.98755823291054,38.538883878394415,10.968393204259577,Unattained target,GPSampler,"{'sLegPt.rL0': 75.8464280258012, 'sLegPt.lL0': 81.55756852933405, 'sLegPt.rL1': 94.32719586139415, 'sLegPt.lL1': 60.274934371109225, 'sLegPt.x1': 38.538883878394415, 'sLegPt.y1': 10.968393204259577, 'sLegPt.rA1': -65.84193113698502, 'sLegPt.rL2': 74.98755823291054, 'sLegPt.lL2': 91.50835985390135, 'lLegPt.rL0': 48.66208642499362, 'lLegPt.lL0': 79.33142108969103, 'lLegPt.rL1': 50.09447758779254, 'lLegPt.lL1': 73.4286090749879, 'lLegPt.x1': 39.96255095254738, 'lLegPt.y1': 25.2023756608288, 'lLegPt.rA1': -47.21536504726467, 'lLegPt.rL2': 42.28537385305679, 'lLegPt.lL2': 33.71969817139987}",PRUNED
177,177,5.945489542071819,2026-04-14 13:54:30.202232,2026-04-14 13:54:33.792152,0 days 00:00:03.589920,79.33142108969103,73.4286090749879,33.71969817139987,-47.21536504726467,48.66208642499362,50.09447758779254,42.28537385305679,39.96255095254738,25.2023756608288,81.55756852933405,60.274934371109225,91.50835985390135,-65.84193113698502,75.8464280258012,94.32719586139415,74.98755823291054,38.538883878394415,10.968393204259577,Unattained target,GPSampler,"{'sLegPt.rL0': 75.8464280258012, 'sLegPt.lL0': 81.55756852933405, 'sLegPt.rL1': 94.32719586139415, 'sLegPt.lL1': 60.274934371109225, 'sLegPt.x1': 38.538883878394415, 'sLegPt.y1': 10.968393204259577, 'sLegPt.rA1': -65.84193113698502, 'sLegPt.rL2': 74.98755823291054, 'sLegPt.lL2': 91.50835985390135, 'lLegPt.rL0': 48.66208642499362, 'lLegPt.lL0': 79.33142108969103, 'lLegPt.rL1': 50.09447758779254, 'lLegPt.lL1': 73.4286090749879, 'lLegPt.x1': 39.96255095254738, 'lLegPt.y1': 25.2023756608288, 'lLegPt.rA1': -47.21536504726467, 'lLegPt.rL2': 42.28537385305679, 'lLegPt.lL2': 33.71969817139987}",PRUNED
178,178,7.176870298544188,2026-04-14 13:54:33.934387,2026-04-14 13:54:37.638779,0 days 00:00:03.704392,27.408183671865,18.255327213741076,69.40556139073198,-77.16138260962519,52.23430621676802,34.83180856810097,69.91619577817949,42.01486694270125,22.127681430579166,26.522284817305465,54.54008048494384,31.613078062281463,-39.692269771524415,66.21078931897466,38.1074683079168,49.213884584031405,44.24949103414736,12.573190953879944,Unattained target,GPSampler,,PRUNED
179,179,7.176870120369244,2026-04-14 13:54:37.797129,2026-04-14 13:54:41.793581,0 days 00:00:03.996452,27.408183671865,18.255327213741076,69.40556139073198,-77.16138260962519,52.23430621676802,34.83180856810097,69.91619577817949,42.01486694270125,22.127681430579166,26.522284817305465,54.54008048494384,31.613078062281463,-39.692269771524415,66.21078931897466,38.1074683079168,49.213884584031405,44.24949103414736,12.573190953879944,Unattained target,GPSampler,"{'sLegPt.rL0': 66.21078931897466, 'sLegPt.lL0': 26.522284817305465, 'sLegPt.rL1': 38.1074683079168, 'sLegPt.lL1': 54.54008048494384, 'sLegPt.x1': 44.24949103414736, 'sLegPt.y1': 12.573190953879944, 'sLegPt.rA1': -39.692269771524415, 'sLegPt.rL2': 49.213884584031405, 'sLegPt.lL2': 31.613078062281463, 'lLegPt.rL0': 52.23430621676802, 'lLegPt.lL0': 27.408183671865, 'lLegPt.rL1': 34.83180856810097, 'lLegPt.lL1': 18.255327213741076, 'lLegPt.x1': 42.01486694270125, 'lLegPt.y1': 22.127681430579166, 'lLegPt.rA1': -77.16138260962519, 'lLegPt.rL2': 69.91619577817949, 'lLegPt.lL2': 69.40556139073198}",PRUNED
180,180,7.176870837346485,2026-04-14 13:54:41.933116,2026-04-14 13:54:45.729960,0 days 00:00:03.796844,27.408183671865,18.255327213741076,69.40556139073198,-77.16138260962519,52.23430621676802,34.83180856810097,69.91619577817949,42.01486694270125,22.127681430579166,26.522284817305465,54.54008048494384,31.613078062281463,-39.692269771524415,66.21078931897466,38.1074683079168,49.213884584031405,44.24949103414736,12.573190953879944,Unattained target,GPSampler,"{'sLegPt.rL0': 66.21078931897466, 'sLegPt.lL0': 26.522284817305465, 'sLegPt.rL1': 38.1074683079168, 'sLegPt.lL1': 54.54008048494384, 'sLegPt.x1': 44.24949103414736, 'sLegPt.y1': 12.573190953879944, 'sLegPt.rA1': -39.692269771524415, 'sLegPt.rL2': 49.213884584031405, 'sLegPt.lL2': 31.613078062281463, 'lLegPt.rL0': 52.23430621676802, 'lLegPt.lL0': 27.408183671865, 'lLegPt.rL1': 34.83180856810097, 'lLegPt.lL1': 18.255327213741076, 'lLegPt.x1': 42.01486694270125, 'lLegPt.y1': 22.127681430579166, 'lLegPt.rA1': -77.16138260962519, 'lLegPt.rL2': 69.91619577817949, 'lLegPt.lL2': 69.40556139073198}",PRUNED
181,181,11.520681659782419,2026-04-14 13:54:45.872813,2026-04-14 13:54:49.255755,0 days 00:00:03.382942,50.34985771320956,92.54556737901636,67.49553089266944,-29.839925206658037,64.71548737412117,84.40276682710476,60.352741808119674,42.82211342824148,16.669827544907108,48.00500889125541,18.74664875071731,63.399739413065156,-34.30438470831974,95.55625516371425,73.48354856545038,97.45018642618658,35.89209935578565,13.894318336111855,Unattained target,GPSampler,,PRUNED
182,182,11.52068256166767,2026-04-14 13:54:49.404630,2026-04-14 13:54:53.206121,0 days 00:00:03.801491,50.34985771320956,92.54556737901636,67.49553089266944,-29.839925206658037,64.71548737412117,84.40276682710476,60.352741808119674,42.82211342824148,16.669827544907108,48.00500889125541,18.74664875071731,63.399739413065156,-34.30438470831974,95.55625516371425,73.48354856545038,97.45018642618658,35.89209935578565,13.894318336111855,Unattained target,GPSampler,"{'sLegPt.rL0': 95.55625516371425, 'sLegPt.lL0': 48.00500889125541, 'sLegPt.rL1': 73.48354856545038, 'sLegPt.lL1': 18.74664875071731, 'sLegPt.x1': 35.89209935578565, 'sLegPt.y1': 13.894318336111855, 'sLegPt.rA1': -34.30438470831974, 'sLegPt.rL2': 97.45018642618658, 'sLegPt.lL2': 63.399739413065156, 'lLegPt.rL0': 64.71548737412117, 'lLegPt.lL0': 50.34985771320956, 'lLegPt.rL1': 84.40276682710476, 'lLegPt.lL1': 92.54556737901636, 'lLegPt.x1': 42.82211342824148, 'lLegPt.y1': 16.669827544907108, 'lLegPt.rA1': -29.839925206658037, 'lLegPt.rL2': 60.352741808119674, 'lLegPt.lL2': 67.49553089266944}",PRUNED
183,183,11.520683142039537,2026-04-14 13:54:53.350888,2026-04-14 13:54:57.112223,0 days 00:00:03.761335,50.34985771320956,92.54556737901636,67.49553089266944,-29.839925206658037,64.71548737412117,84.40276682710476,60.352741808119674,42.82211342824148,16.669827544907108,48.00500889125541,18.74664875071731,63.399739413065156,-34.30438470831974,95.55625516371425,73.48354856545038,97.45018642618658,35.89209935578565,13.894318336111855,Unattained target,GPSampler,"{'sLegPt.rL0': 95.55625516371425, 'sLegPt.lL0': 48.00500889125541, 'sLegPt.rL1': 73.48354856545038, 'sLegPt.lL1': 18.74664875071731, 'sLegPt.x1': 35.89209935578565, 'sLegPt.y1': 13.894318336111855, 'sLegPt.rA1': -34.30438470831974, 'sLegPt.rL2': 97.45018642618658, 'sLegPt.lL2': 63.399739413065156, 'lLegPt.rL0': 64.71548737412117, 'lLegPt.lL0': 50.34985771320956, 'lLegPt.rL1': 84.40276682710476, 'lLegPt.lL1': 92.54556737901636, 'lLegPt.x1': 42.82211342824148, 'lLegPt.y1': 16.669827544907108, 'lLegPt.rA1': -29.839925206658037, 'lLegPt.rL2': 60.352741808119674, 'lLegPt.lL2': 67.49553089266944}",PRUNED
184,184,5.432920877495363,2026-04-14 13:54:57.270971,2026-04-14 13:55:00.977488,0 days 00:00:03.706517,64.50112571248476,84.65719721600792,64.93277979298881,-65.10300757000722,40.38793839876614,36.05421178614226,73.09526917166038,39.47283334773259,13.645839973447547,55.50464674160277,53.51505861727115,94.37274143134988,-42.50334996098178,46.726543053455934,77.41938128944733,67.51031907936863,35.17532720120059,28.130442071005117,Unattained target,GPSampler,,PRUNED
185,185,5.43292075733488,2026-04-14 13:55:01.134718,2026-04-14 13:55:04.834902,0 days 00:00:03.700184,64.50112571248476,84.65719721600792,64.93277979298881,-65.10300757000722,40.38793839876614,36.05421178614226,73.09526917166038,39.47283334773259,13.645839973447547,55.50464674160277,53.51505861727115,94.37274143134988,-42.50334996098178,46.726543053455934,77.41938128944733,67.51031907936863,35.17532720120059,28.130442071005117,Unattained target,GPSampler,"{'sLegPt.rL0': 46.726543053455934, 'sLegPt.lL0': 55.50464674160277, 'sLegPt.rL1': 77.41938128944733, 'sLegPt.lL1': 53.51505861727115, 'sLegPt.x1': 35.17532720120059, 'sLegPt.y1': 28.130442071005117, 'sLegPt.rA1': -42.50334996098178, 'sLegPt.rL2': 67.51031907936863, 'sLegPt.lL2': 94.37274143134988, 'lLegPt.rL0': 40.38793839876614, 'lLegPt.lL0': 64.50112571248476, 'lLegPt.rL1': 36.05421178614226, 'lLegPt.lL1': 84.65719721600792, 'lLegPt.x1': 39.47283334773259, 'lLegPt.y1': 13.645839973447547, 'lLegPt.rA1': -65.10300757000722, 'lLegPt.rL2': 73.09526917166038, 'lLegPt.lL2': 64.93277979298881}",PRUNED
186,186,5.4329208006968415,2026-04-14 13:55:04.958792,2026-04-14 13:55:08.577567,0 days 00:00:03.618775,64.50112571248476,84.65719721600792,64.93277979298881,-65.10300757000722,40.38793839876614,36.05421178614226,73.09526917166038,39.47283334773259,13.645839973447547,55.50464674160277,53.51505861727115,94.37274143134988,-42.50334996098178,46.726543053455934,77.41938128944733,67.51031907936863,35.17532720120059,28.130442071005117,Unattained target,GPSampler,"{'sLegPt.rL0': 46.726543053455934, 'sLegPt.lL0': 55.50464674160277, 'sLegPt.rL1': 77.41938128944733, 'sLegPt.lL1': 53.51505861727115, 'sLegPt.x1': 35.17532720120059, 'sLegPt.y1': 28.130442071005117, 'sLegPt.rA1': -42.50334996098178, 'sLegPt.rL2': 67.51031907936863, 'sLegPt.lL2': 94.37274143134988, 'lLegPt.rL0': 40.38793839876614, 'lLegPt.lL0': 64.50112571248476, 'lLegPt.rL1': 36.05421178614226, 'lLegPt.lL1': 84.65719721600792, 'lLegPt.x1': 39.47283334773259, 'lLegPt.y1': 13.645839973447547, 'lLegPt.rA1': -65.10300757000722, 'lLegPt.rL2': 73.09526917166038, 'lLegPt.lL2': 64.93277979298881}",PRUNED
187,187,5.089827876628959,2026-04-14 13:55:08.713347,2026-04-14 13:55:12.472428,0 days 00:00:03.759081,90.90421677286943,88.30909337879339,99.55253966951418,-77.38262322050805,11.287151886842961,99.36072354982869,45.07384445019377,30.167979520384584,18.026203541535782,67.70747912402929,65.63692006510115,56.60001476500717,-40.68081481083336,51.5334201442946,10.470962811149478,18.510730009652423,49.4403740324624,25.051441339828987,Unattained target,GPSampler,,PRUNED
188,188,5.0898277908199105,2026-04-14 13:55:12.613860,2026-04-14 13:55:16.162320,0 days 00:00:03.548460,90.90421677286943,88.30909337879339,99.55253966951418,-77.38262322050805,11.287151886842961,99.36072354982869,45.07384445019377,30.167979520384584,18.026203541535782,67.70747912402929,65.63692006510115,56.60001476500717,-40.68081481083336,51.5334201442946,10.470962811149478,18.510730009652423,49.4403740324624,25.051441339828987,Unattained target,GPSampler,"{'sLegPt.rL0': 51.5334201442946, 'sLegPt.lL0': 67.70747912402929, 'sLegPt.rL1': 10.470962811149478, 'sLegPt.lL1': 65.63692006510115, 'sLegPt.x1': 49.4403740324624, 'sLegPt.y1': 25.051441339828987, 'sLegPt.rA1': -40.68081481083336, 'sLegPt.rL2': 18.510730009652423, 'sLegPt.lL2': 56.60001476500717, 'lLegPt.rL0': 11.287151886842961, 'lLegPt.lL0': 90.90421677286943, 'lLegPt.rL1': 99.36072354982869, 'lLegPt.lL1': 88.30909337879339, 'lLegPt.x1': 30.167979520384584, 'lLegPt.y1': 18.026203541535782, 'lLegPt.rA1': -77.38262322050805, 'lLegPt.rL2': 45.07384445019377, 'lLegPt.lL2': 99.55253966951418}",PRUNED
189,189,5.08982773533905,2026-04-14 13:55:16.306154,2026-04-14 13:55:19.943713,0 days 00:00:03.637559,90.90421677286943,88.30909337879339,99.55253966951418,-77.38262322050805,11.287151886842961,99.36072354982869,45.07384445019377,30.167979520384584,18.026203541535782,67.70747912402929,65.63692006510115,56.60001476500717,-40.68081481083336,51.5334201442946,10.470962811149478,18.510730009652423,49.4403740324624,25.051441339828987,Unattained target,GPSampler,"{'sLegPt.rL0': 51.5334201442946, 'sLegPt.lL0': 67.70747912402929, 'sLegPt.rL1': 10.470962811149478, 'sLegPt.lL1': 65.63692006510115, 'sLegPt.x1': 49.4403740324624, 'sLegPt.y1': 25.051441339828987, 'sLegPt.rA1': -40.68081481083336, 'sLegPt.rL2': 18.510730009652423, 'sLegPt.lL2': 56.60001476500717, 'lLegPt.rL0': 11.287151886842961, 'lLegPt.lL0': 90.90421677286943, 'lLegPt.rL1': 99.36072354982869, 'lLegPt.lL1': 88.30909337879339, 'lLegPt.x1': 30.167979520384584, 'lLegPt.y1': 18.026203541535782, 'lLegPt.rA1': -77.38262322050805, 'lLegPt.rL2': 45.07384445019377, 'lLegPt.lL2': 99.55253966951418}",PRUNED
190,190,9.347290252167475,2026-04-14 13:55:20.093924,2026-04-14 13:55:24.052024,0 days 00:00:03.958100,86.1199637084651,14.424636316361418,83.09142749780376,-37.15009612179796,56.32581106333199,96.9496861379424,49.83115830622722,39.36742603530658,15.821628984950745,34.47800442011987,54.15294440965185,79.48595064188419,-48.11160250040811,44.84048652748547,43.87998394758128,25.148617525907618,32.63167957010777,28.841525352388416,Unattained target,GPSampler,,PRUNED
191,191,9.347290247326988,2026-04-14 13:55:24.209118,2026-04-14 13:55:27.654011,0 days 00:00:03.444893,86.1199637084651,14.424636316361418,83.09142749780376,-37.15009612179796,56.32581106333199,96.9496861379424,49.83115830622722,39.36742603530658,15.821628984950745,34.47800442011987,54.15294440965185,79.48595064188419,-48.11160250040811,44.84048652748547,43.87998394758128,25.148617525907618,32.63167957010777,28.841525352388416,Unattained target,GPSampler,"{'sLegPt.rL0': 44.84048652748547, 'sLegPt.lL0': 34.47800442011987, 'sLegPt.rL1': 43.87998394758128, 'sLegPt.lL1': 54.15294440965185, 'sLegPt.x1': 32.63167957010777, 'sLegPt.y1': 28.841525352388416, 'sLegPt.rA1': -48.11160250040811, 'sLegPt.rL2': 25.148617525907618, 'sLegPt.lL2': 79.48595064188419, 'lLegPt.rL0': 56.32581106333199, 'lLegPt.lL0': 86.1199637084651, 'lLegPt.rL1': 96.9496861379424, 'lLegPt.lL1': 14.424636316361418, 'lLegPt.x1': 39.36742603530658, 'lLegPt.y1': 15.821628984950745, 'lLegPt.rA1': -37.15009612179796, 'lLegPt.rL2': 49.83115830622722, 'lLegPt.lL2': 83.09142749780376}",PRUNED
192,192,9.34729062373868,2026-04-14 13:55:27.800741,2026-04-14 13:55:31.520327,0 days 00:00:03.719586,86.1199637084651,14.424636316361418,83.09142749780376,-37.15009612179796,56.32581106333199,96.9496861379424,49.83115830622722,39.36742603530658,15.821628984950745,34.47800442011987,54.15294440965185,79.48595064188419,-48.11160250040811,44.84048652748547,43.87998394758128,25.148617525907618,32.63167957010777,28.841525352388416,Unattained target,GPSampler,"{'sLegPt.rL0': 44.84048652748547, 'sLegPt.lL0': 34.47800442011987, 'sLegPt.rL1': 43.87998394758128, 'sLegPt.lL1': 54.15294440965185, 'sLegPt.x1': 32.63167957010777, 'sLegPt.y1': 28.841525352388416, 'sLegPt.rA1': -48.11160250040811, 'sLegPt.rL2': 25.148617525907618, 'sLegPt.lL2': 79.48595064188419, 'lLegPt.rL0': 56.32581106333199, 'lLegPt.lL0': 86.1199637084651, 'lLegPt.rL1': 96.9496861379424, 'lLegPt.lL1': 14.424636316361418, 'lLegPt.x1': 39.36742603530658, 'lLegPt.y1': 15.821628984950745, 'lLegPt.rA1': -37.15009612179796, 'lLegPt.rL2': 49.83115830622722, 'lLegPt.lL2': 83.09142749780376}",PRUNED
193,193,5.7610101670570195,2026-04-14 13:55:31.677330,2026-04-14 13:55:35.264493,0 days 00:00:03.587163,94.54403290389108,59.281644472450004,33.07043437166658,-79.5983191813443,47.44462478024158,68.65344533487635,51.87826393291952,33.42217686417358,23.27391769964479,76.49161975152111,46.76760133597831,90.98283454183922,-55.743683699813566,36.436400091630176,74.12105086477418,47.62243084605796,43.069369692234574,28.385883502861198,Unattained target,GPSampler,,PRUNED
