,number,value,datetime_start,datetime_complete,duration,params_lLegPt.lL0,params_lLegPt.lL1,params_lLegPt.lL2,params_lLegPt.rA1,params_lLegPt.rL0,params_lLegPt.rL1,params_lLegPt.rL2,params_lLegPt.x1,params_lLegPt.y1,params_sLegPt.lL0,params_sLegPt.lL1,params_sLegPt.lL2,params_sLegPt.rA1,params_sLegPt.rL0,params_sLegPt.rL1,params_sLegPt.rL2,params_sLegPt.x1,params_sLegPt.y1,user_attrs_prune,system_attrs_auto:sampler,system_attrs_fixed_params,state
242,242,5.426891162187033,2026-04-14 13:58:46.918795,2026-04-14 13:58:51.944527,0 days 00:00:05.025732,85.56959239288769,42.34429773923159,57.805726486432775,-73.51780330561137,13.392417582338178,18.99012256110563,63.13244635545503,40.35569523443755,13.890372960484287,80.66832159106445,59.56387560785388,62.42476323915546,-36.978546729178596,10.00534515496768,71.66149458116581,54.25466497356156,31.38607658723791,20.74097676615064,Unattained target,GPSampler,"{'sLegPt.rL0': 10.00534515496768, 'sLegPt.lL0': 80.66832159106445, 'sLegPt.rL1': 71.66149458116581, 'sLegPt.lL1': 59.56387560785388, 'sLegPt.x1': 31.38607658723791, 'sLegPt.y1': 20.74097676615064, 'sLegPt.rA1': -36.978546729178596, 'sLegPt.rL2': 54.25466497356156, 'sLegPt.lL2': 62.42476323915546, 'lLegPt.rL0': 13.392417582338178, 'lLegPt.lL0': 85.56959239288769, 'lLegPt.rL1': 18.99012256110563, 'lLegPt.lL1': 42.34429773923159, 'lLegPt.x1': 40.35569523443755, 'lLegPt.y1': 13.890372960484287, 'lLegPt.rA1': -73.51780330561137, 'lLegPt.rL2': 63.13244635545503, 'lLegPt.lL2': 57.805726486432775}",PRUNED
243,243,5.176909743228876,2026-04-14 13:58:52.105604,2026-04-14 13:58:57.707289,0 days 00:00:05.601685,85.56959239288769,42.34429773923159,57.805726486432775,-73.51780330561137,13.392417582338178,18.99012256110563,63.13244635545503,40.35569523443755,13.890372960484287,80.66832159106445,59.56387560785388,62.42476323915546,-36.978546729178596,10.00534515496768,71.66149458116581,54.25466497356156,31.38607658723791,20.74097676615064,Unattained target,GPSampler,"{'sLegPt.rL0': 10.00534515496768, 'sLegPt.lL0': 80.66832159106445, 'sLegPt.rL1': 71.66149458116581, 'sLegPt.lL1': 59.56387560785388, 'sLegPt.x1': 31.38607658723791, 'sLegPt.y1': 20.74097676615064, 'sLegPt.rA1': -36.978546729178596, 'sLegPt.rL2': 54.25466497356156, 'sLegPt.lL2': 62.42476323915546, 'lLegPt.rL0': 13.392417582338178, 'lLegPt.lL0': 85.56959239288769, 'lLegPt.rL1': 18.99012256110563, 'lLegPt.lL1': 42.34429773923159, 'lLegPt.x1': 40.35569523443755, 'lLegPt.y1': 13.890372960484287, 'lLegPt.rA1': -73.51780330561137, 'lLegPt.rL2': 63.13244635545503, 'lLegPt.lL2': 57.805726486432775}",PRUNED
244,244,7.590007497890426,2026-04-14 13:58:57.841532,2026-04-14 13:59:01.489371,0 days 00:00:03.647839,47.977351857343926,99.45753631661869,46.767679623841836,-59.32681608892915,45.759760822595425,76.88278707026392,39.999496187900846,34.25468612898641,17.756991187287838,22.350189924152307,33.047142426483816,67.09064827791497,-69.22597332691808,81.65621230620535,58.83012367151786,23.176447676466786,48.80772932246623,21.60829533042706,Unattained target,GPSampler,,PRUNED
245,245,7.590006903550254,2026-04-14 13:59:01.628243,2026-04-14 13:59:05.607340,0 days 00:00:03.979097,47.977351857343926,99.45753631661869,46.767679623841836,-59.32681608892915,45.759760822595425,76.88278707026392,39.999496187900846,34.25468612898641,17.756991187287838,22.350189924152307,33.047142426483816,67.09064827791497,-69.22597332691808,81.65621230620535,58.83012367151786,23.176447676466786,48.80772932246623,21.60829533042706,Unattained target,GPSampler,"{'sLegPt.rL0': 81.65621230620535, 'sLegPt.lL0': 22.350189924152307, 'sLegPt.rL1': 58.83012367151786, 'sLegPt.lL1': 33.047142426483816, 'sLegPt.x1': 48.80772932246623, 'sLegPt.y1': 21.60829533042706, 'sLegPt.rA1': -69.22597332691808, 'sLegPt.rL2': 23.176447676466786, 'sLegPt.lL2': 67.09064827791497, 'lLegPt.rL0': 45.759760822595425, 'lLegPt.lL0': 47.977351857343926, 'lLegPt.rL1': 76.88278707026392, 'lLegPt.lL1': 99.45753631661869, 'lLegPt.x1': 34.25468612898641, 'lLegPt.y1': 17.756991187287838, 'lLegPt.rA1': -59.32681608892915, 'lLegPt.rL2': 39.999496187900846, 'lLegPt.lL2': 46.767679623841836}",PRUNED
246,246,7.590006116208734,2026-04-14 13:59:05.772997,2026-04-14 13:59:09.297829,0 days 00:00:03.524832,47.977351857343926,99.45753631661869,46.767679623841836,-59.32681608892915,45.759760822595425,76.88278707026392,39.999496187900846,34.25468612898641,17.756991187287838,22.350189924152307,33.047142426483816,67.09064827791497,-69.22597332691808,81.65621230620535,58.83012367151786,23.176447676466786,48.80772932246623,21.60829533042706,Unattained target,GPSampler,"{'sLegPt.rL0': 81.65621230620535, 'sLegPt.lL0': 22.350189924152307, 'sLegPt.rL1': 58.83012367151786, 'sLegPt.lL1': 33.047142426483816, 'sLegPt.x1': 48.80772932246623, 'sLegPt.y1': 21.60829533042706, 'sLegPt.rA1': -69.22597332691808, 'sLegPt.rL2': 23.176447676466786, 'sLegPt.lL2': 67.09064827791497, 'lLegPt.rL0': 45.759760822595425, 'lLegPt.lL0': 47.977351857343926, 'lLegPt.rL1': 76.88278707026392, 'lLegPt.lL1': 99.45753631661869, 'lLegPt.x1': 34.25468612898641, 'lLegPt.y1': 17.756991187287838, 'lLegPt.rA1': -59.32681608892915, 'lLegPt.rL2': 39.999496187900846, 'lLegPt.lL2': 46.767679623841836}",PRUNED
247,247,15.486442062922904,2026-04-14 13:59:09.467310,2026-04-14 13:59:13.189761,0 days 00:00:03.722451,78.92006263441927,72.49834013859916,95.4303108264794,-64.1646935023878,46.94347348755258,55.30311202058754,92.74420156600341,36.821835588596805,20.684251301831125,15.974718068706633,99.78890392999315,76.43050145580244,-61.99198775681437,72.08571252755493,69.22792994365264,76.93665496444962,40.10988105183408,21.89996600387112,Unattained target,GPSampler,,PRUNED
248,248,15.486442024357324,2026-04-14 13:59:13.325920,2026-04-14 13:59:16.881904,0 days 00:00:03.555984,78.92006263441927,72.49834013859916,95.4303108264794,-64.1646935023878,46.94347348755258,55.30311202058754,92.74420156600341,36.821835588596805,20.684251301831125,15.974718068706633,99.78890392999315,76.43050145580244,-61.99198775681437,72.08571252755493,69.22792994365264,76.93665496444962,40.10988105183408,21.89996600387112,Unattained target,GPSampler,"{'sLegPt.rL0': 72.08571252755493, 'sLegPt.lL0': 15.974718068706633, 'sLegPt.rL1': 69.22792994365264, 'sLegPt.lL1': 99.78890392999315, 'sLegPt.x1': 40.10988105183408, 'sLegPt.y1': 21.89996600387112, 'sLegPt.rA1': -61.99198775681437, 'sLegPt.rL2': 76.93665496444962, 'sLegPt.lL2': 76.43050145580244, 'lLegPt.rL0': 46.94347348755258, 'lLegPt.lL0': 78.92006263441927, 'lLegPt.rL1': 55.30311202058754, 'lLegPt.lL1': 72.49834013859916, 'lLegPt.x1': 36.821835588596805, 'lLegPt.y1': 20.684251301831125, 'lLegPt.rA1': -64.1646935023878, 'lLegPt.rL2': 92.74420156600341, 'lLegPt.lL2': 95.4303108264794}",PRUNED
249,249,15.486441979273877,2026-04-14 13:59:17.029660,2026-04-14 13:59:20.613536,0 days 00:00:03.583876,78.92006263441927,72.49834013859916,95.4303108264794,-64.1646935023878,46.94347348755258,55.30311202058754,92.74420156600341,36.821835588596805,20.684251301831125,15.974718068706633,99.78890392999315,76.43050145580244,-61.99198775681437,72.08571252755493,69.22792994365264,76.93665496444962,40.10988105183408,21.89996600387112,Unattained target,GPSampler,"{'sLegPt.rL0': 72.08571252755493, 'sLegPt.lL0': 15.974718068706633, 'sLegPt.rL1': 69.22792994365264, 'sLegPt.lL1': 99.78890392999315, 'sLegPt.x1': 40.10988105183408, 'sLegPt.y1': 21.89996600387112, 'sLegPt.rA1': -61.99198775681437, 'sLegPt.rL2': 76.93665496444962, 'sLegPt.lL2': 76.43050145580244, 'lLegPt.rL0': 46.94347348755258, 'lLegPt.lL0': 78.92006263441927, 'lLegPt.rL1': 55.30311202058754, 'lLegPt.lL1': 72.49834013859916, 'lLegPt.x1': 36.821835588596805, 'lLegPt.y1': 20.684251301831125, 'lLegPt.rA1': -64.1646935023878, 'lLegPt.rL2': 92.74420156600341, 'lLegPt.lL2': 95.4303108264794}",PRUNED
250,250,5.311367498953079,2026-04-14 13:59:20.754517,2026-04-14 13:59:24.248951,0 days 00:00:03.494434,61.496622623917766,16.346923119677275,76.75283534511065,-56.67703219947893,31.37947093744632,16.478798322005606,61.84227102619779,33.586671619654204,29.80448057028753,11.68434543959432,24.89482186405847,43.05700989476968,-65.38661825223612,14.132509423609108,74.32013501333918,46.964491430712975,36.55956006240882,12.868101985393071,Unattained target,GPSampler,,PRUNED
251,251,5.311367644765937,2026-04-14 13:59:24.401582,2026-04-14 13:59:28.041674,0 days 00:00:03.640092,61.496622623917766,16.346923119677275,76.75283534511065,-56.67703219947893,31.37947093744632,16.478798322005606,61.84227102619779,33.586671619654204,29.80448057028753,11.68434543959432,24.89482186405847,43.05700989476968,-65.38661825223612,14.132509423609108,74.32013501333918,46.964491430712975,36.55956006240882,12.868101985393071,Unattained target,GPSampler,"{'sLegPt.rL0': 14.132509423609108, 'sLegPt.lL0': 11.68434543959432, 'sLegPt.rL1': 74.32013501333918, 'sLegPt.lL1': 24.89482186405847, 'sLegPt.x1': 36.55956006240882, 'sLegPt.y1': 12.868101985393071, 'sLegPt.rA1': -65.38661825223612, 'sLegPt.rL2': 46.964491430712975, 'sLegPt.lL2': 43.05700989476968, 'lLegPt.rL0': 31.37947093744632, 'lLegPt.lL0': 61.496622623917766, 'lLegPt.rL1': 16.478798322005606, 'lLegPt.lL1': 16.346923119677275, 'lLegPt.x1': 33.586671619654204, 'lLegPt.y1': 29.80448057028753, 'lLegPt.rA1': -56.67703219947893, 'lLegPt.rL2': 61.84227102619779, 'lLegPt.lL2': 76.75283534511065}",PRUNED
252,252,5.3113675965271945,2026-04-14 13:59:28.188628,2026-04-14 13:59:31.938955,0 days 00:00:03.750327,61.496622623917766,16.346923119677275,76.75283534511065,-56.67703219947893,31.37947093744632,16.478798322005606,61.84227102619779,33.586671619654204,29.80448057028753,11.68434543959432,24.89482186405847,43.05700989476968,-65.38661825223612,14.132509423609108,74.32013501333918,46.964491430712975,36.55956006240882,12.868101985393071,Unattained target,GPSampler,"{'sLegPt.rL0': 14.132509423609108, 'sLegPt.lL0': 11.68434543959432, 'sLegPt.rL1': 74.32013501333918, 'sLegPt.lL1': 24.89482186405847, 'sLegPt.x1': 36.55956006240882, 'sLegPt.y1': 12.868101985393071, 'sLegPt.rA1': -65.38661825223612, 'sLegPt.rL2': 46.964491430712975, 'sLegPt.lL2': 43.05700989476968, 'lLegPt.rL0': 31.37947093744632, 'lLegPt.lL0': 61.496622623917766, 'lLegPt.rL1': 16.478798322005606, 'lLegPt.lL1': 16.346923119677275, 'lLegPt.x1': 33.586671619654204, 'lLegPt.y1': 29.80448057028753, 'lLegPt.rA1': -56.67703219947893, 'lLegPt.rL2': 61.84227102619779, 'lLegPt.lL2': 76.75283534511065}",PRUNED
253,253,5.429920627902078,2026-04-14 13:59:32.087254,2026-04-14 13:59:35.888336,0 days 00:00:03.801082,81.76296712633959,38.98285710978883,77.41063029528343,-47.00051363800012,55.85301027792525,66.25556780201946,20.15107916309995,34.93605684463783,18.200419303823203,91.39178066482847,60.33932719972802,47.86307283419874,-37.02672625029025,73.6904964887811,78.61705410833471,97.53200536056886,41.253570975900544,28.51524430902741,Unattained target,GPSampler,,PRUNED
254,254,5.429920628617253,2026-04-14 13:59:36.031058,2026-04-14 13:59:40.108604,0 days 00:00:04.077546,81.76296712633959,38.98285710978883,77.41063029528343,-47.00051363800012,55.85301027792525,66.25556780201946,20.15107916309995,34.93605684463783,18.200419303823203,91.39178066482847,60.33932719972802,47.86307283419874,-37.02672625029025,73.6904964887811,78.61705410833471,97.53200536056886,41.253570975900544,28.51524430902741,Unattained target,GPSampler,"{'sLegPt.rL0': 73.6904964887811, 'sLegPt.lL0': 91.39178066482847, 'sLegPt.rL1': 78.61705410833471, 'sLegPt.lL1': 60.33932719972802, 'sLegPt.x1': 41.253570975900544, 'sLegPt.y1': 28.51524430902741, 'sLegPt.rA1': -37.02672625029025, 'sLegPt.rL2': 97.53200536056886, 'sLegPt.lL2': 47.86307283419874, 'lLegPt.rL0': 55.85301027792525, 'lLegPt.lL0': 81.76296712633959, 'lLegPt.rL1': 66.25556780201946, 'lLegPt.lL1': 38.98285710978883, 'lLegPt.x1': 34.93605684463783, 'lLegPt.y1': 18.200419303823203, 'lLegPt.rA1': -47.00051363800012, 'lLegPt.rL2': 20.15107916309995, 'lLegPt.lL2': 77.41063029528343}",PRUNED
255,255,5.429920711939737,2026-04-14 13:59:40.264453,2026-04-14 13:59:43.938278,0 days 00:00:03.673825,81.76296712633959,38.98285710978883,77.41063029528343,-47.00051363800012,55.85301027792525,66.25556780201946,20.15107916309995,34.93605684463783,18.200419303823203,91.39178066482847,60.33932719972802,47.86307283419874,-37.02672625029025,73.6904964887811,78.61705410833471,97.53200536056886,41.253570975900544,28.51524430902741,Unattained target,GPSampler,"{'sLegPt.rL0': 73.6904964887811, 'sLegPt.lL0': 91.39178066482847, 'sLegPt.rL1': 78.61705410833471, 'sLegPt.lL1': 60.33932719972802, 'sLegPt.x1': 41.253570975900544, 'sLegPt.y1': 28.51524430902741, 'sLegPt.rA1': -37.02672625029025, 'sLegPt.rL2': 97.53200536056886, 'sLegPt.lL2': 47.86307283419874, 'lLegPt.rL0': 55.85301027792525, 'lLegPt.lL0': 81.76296712633959, 'lLegPt.rL1': 66.25556780201946, 'lLegPt.lL1': 38.98285710978883, 'lLegPt.x1': 34.93605684463783, 'lLegPt.y1': 18.200419303823203, 'lLegPt.rA1': -47.00051363800012, 'lLegPt.rL2': 20.15107916309995, 'lLegPt.lL2': 77.41063029528343}",PRUNED
256,256,12.420202358733846,2026-04-14 13:59:44.095571,2026-04-14 13:59:47.757268,0 days 00:00:03.661697,63.501485448259224,56.46440270509221,67.24784287293697,-67.9284206048183,35.33354278599819,88.62967922062167,27.278297729266114,36.02895891002831,29.902680463959108,57.99593198777171,48.53895233714754,85.82996991381381,-59.486256740821,67.35185971884563,29.847093643230526,14.876712087149155,33.72688232508552,26.01816751020014,Unattained target,GPSampler,,PRUNED
257,257,12.420202346767041,2026-04-14 13:59:47.917636,2026-04-14 13:59:51.532148,0 days 00:00:03.614512,63.501485448259224,56.46440270509221,67.24784287293697,-67.9284206048183,35.33354278599819,88.62967922062167,27.278297729266114,36.02895891002831,29.902680463959108,57.99593198777171,48.53895233714754,85.82996991381381,-59.486256740821,67.35185971884563,29.847093643230526,14.876712087149155,33.72688232508552,26.01816751020014,Unattained target,GPSampler,"{'sLegPt.rL0': 67.35185971884563, 'sLegPt.lL0': 57.99593198777171, 'sLegPt.rL1': 29.847093643230526, 'sLegPt.lL1': 48.53895233714754, 'sLegPt.x1': 33.72688232508552, 'sLegPt.y1': 26.01816751020014, 'sLegPt.rA1': -59.486256740821, 'sLegPt.rL2': 14.876712087149155, 'sLegPt.lL2': 85.82996991381381, 'lLegPt.rL0': 35.33354278599819, 'lLegPt.lL0': 63.501485448259224, 'lLegPt.rL1': 88.62967922062167, 'lLegPt.lL1': 56.46440270509221, 'lLegPt.x1': 36.02895891002831, 'lLegPt.y1': 29.902680463959108, 'lLegPt.rA1': -67.9284206048183, 'lLegPt.rL2': 27.278297729266114, 'lLegPt.lL2': 67.24784287293697}",PRUNED
258,258,12.420202379754507,2026-04-14 13:59:51.684738,2026-04-14 13:59:55.313148,0 days 00:00:03.628410,63.501485448259224,56.46440270509221,67.24784287293697,-67.9284206048183,35.33354278599819,88.62967922062167,27.278297729266114,36.02895891002831,29.902680463959108,57.99593198777171,48.53895233714754,85.82996991381381,-59.486256740821,67.35185971884563,29.847093643230526,14.876712087149155,33.72688232508552,26.01816751020014,Unattained target,GPSampler,"{'sLegPt.rL0': 67.35185971884563, 'sLegPt.lL0': 57.99593198777171, 'sLegPt.rL1': 29.847093643230526, 'sLegPt.lL1': 48.53895233714754, 'sLegPt.x1': 33.72688232508552, 'sLegPt.y1': 26.01816751020014, 'sLegPt.rA1': -59.486256740821, 'sLegPt.rL2': 14.876712087149155, 'sLegPt.lL2': 85.82996991381381, 'lLegPt.rL0': 35.33354278599819, 'lLegPt.lL0': 63.501485448259224, 'lLegPt.rL1': 88.62967922062167, 'lLegPt.lL1': 56.46440270509221, 'lLegPt.x1': 36.02895891002831, 'lLegPt.y1': 29.902680463959108, 'lLegPt.rA1': -67.9284206048183, 'lLegPt.rL2': 27.278297729266114, 'lLegPt.lL2': 67.24784287293697}",PRUNED
259,259,5.625296589805867,2026-04-14 13:59:55.456504,2026-04-14 13:59:59.182531,0 days 00:00:03.726027,31.472134399852738,53.614330211972735,28.26191824625547,-57.442034547231984,42.39960131773283,64.96931536214481,56.56511511577657,44.59906855756391,15.5512134855896,36.45434753030659,14.917327548533605,48.33581364102975,-38.22533961170216,40.43219038269063,95.88472736850999,29.94984317374213,39.52659313111258,17.045672504445875,Unattained target,GPSampler,,PRUNED
260,260,5.625296597044958,2026-04-14 13:59:59.335090,2026-04-14 14:00:02.969957,0 days 00:00:03.634867,31.472134399852738,53.614330211972735,28.26191824625547,-57.442034547231984,42.39960131773283,64.96931536214481,56.56511511577657,44.59906855756391,15.5512134855896,36.45434753030659,14.917327548533605,48.33581364102975,-38.22533961170216,40.43219038269063,95.88472736850999,29.94984317374213,39.52659313111258,17.045672504445875,Unattained target,GPSampler,"{'sLegPt.rL0': 40.43219038269063, 'sLegPt.lL0': 36.45434753030659, 'sLegPt.rL1': 95.88472736850999, 'sLegPt.lL1': 14.917327548533605, 'sLegPt.x1': 39.52659313111258, 'sLegPt.y1': 17.045672504445875, 'sLegPt.rA1': -38.22533961170216, 'sLegPt.rL2': 29.94984317374213, 'sLegPt.lL2': 48.33581364102975, 'lLegPt.rL0': 42.39960131773283, 'lLegPt.lL0': 31.472134399852738, 'lLegPt.rL1': 64.96931536214481, 'lLegPt.lL1': 53.614330211972735, 'lLegPt.x1': 44.59906855756391, 'lLegPt.y1': 15.5512134855896, 'lLegPt.rA1': -57.442034547231984, 'lLegPt.rL2': 56.56511511577657, 'lLegPt.lL2': 28.26191824625547}",PRUNED
261,261,5.625296490276465,2026-04-14 14:00:03.125810,2026-04-14 14:00:06.721904,0 days 00:00:03.596094,31.472134399852738,53.614330211972735,28.26191824625547,-57.442034547231984,42.39960131773283,64.96931536214481,56.56511511577657,44.59906855756391,15.5512134855896,36.45434753030659,14.917327548533605,48.33581364102975,-38.22533961170216,40.43219038269063,95.88472736850999,29.94984317374213,39.52659313111258,17.045672504445875,Unattained target,GPSampler,"{'sLegPt.rL0': 40.43219038269063, 'sLegPt.lL0': 36.45434753030659, 'sLegPt.rL1': 95.88472736850999, 'sLegPt.lL1': 14.917327548533605, 'sLegPt.x1': 39.52659313111258, 'sLegPt.y1': 17.045672504445875, 'sLegPt.rA1': -38.22533961170216, 'sLegPt.rL2': 29.94984317374213, 'sLegPt.lL2': 48.33581364102975, 'lLegPt.rL0': 42.39960131773283, 'lLegPt.lL0': 31.472134399852738, 'lLegPt.rL1': 64.96931536214481, 'lLegPt.lL1': 53.614330211972735, 'lLegPt.x1': 44.59906855756391, 'lLegPt.y1': 15.5512134855896, 'lLegPt.rA1': -57.442034547231984, 'lLegPt.rL2': 56.56511511577657, 'lLegPt.lL2': 28.26191824625547}",PRUNED
262,262,5.586685588438961,2026-04-14 14:00:06.862870,2026-04-14 14:00:10.327978,0 days 00:00:03.465108,57.00201454560333,16.80301308507099,62.655260330265236,-79.43596266208921,55.35488547213168,37.61528439097819,81.568509851555,40.56050318818178,11.530589230100823,62.62330883988804,35.996158304858966,96.3743913761907,-38.926247116586445,49.10338220727586,73.87170200756324,68.69864816216173,42.13034533274309,17.989536528667742,Unattained target,GPSampler,,PRUNED
263,263,5.586685408790977,2026-04-14 14:00:10.469925,2026-04-14 14:00:13.926864,0 days 00:00:03.456939,57.00201454560333,16.80301308507099,62.655260330265236,-79.43596266208921,55.35488547213168,37.61528439097819,81.568509851555,40.56050318818178,11.530589230100823,62.62330883988804,35.996158304858966,96.3743913761907,-38.926247116586445,49.10338220727586,73.87170200756324,68.69864816216173,42.13034533274309,17.989536528667742,Unattained target,GPSampler,"{'sLegPt.rL0': 49.10338220727586, 'sLegPt.lL0': 62.62330883988804, 'sLegPt.rL1': 73.87170200756324, 'sLegPt.lL1': 35.996158304858966, 'sLegPt.x1': 42.13034533274309, 'sLegPt.y1': 17.989536528667742, 'sLegPt.rA1': -38.926247116586445, 'sLegPt.rL2': 68.69864816216173, 'sLegPt.lL2': 96.3743913761907, 'lLegPt.rL0': 55.35488547213168, 'lLegPt.lL0': 57.00201454560333, 'lLegPt.rL1': 37.61528439097819, 'lLegPt.lL1': 16.80301308507099, 'lLegPt.x1': 40.56050318818178, 'lLegPt.y1': 11.530589230100823, 'lLegPt.rA1': -79.43596266208921, 'lLegPt.rL2': 81.568509851555, 'lLegPt.lL2': 62.655260330265236}",PRUNED
264,264,5.586685235739115,2026-04-14 14:00:14.078238,2026-04-14 14:00:17.684992,0 days 00:00:03.606754,57.00201454560333,16.80301308507099,62.655260330265236,-79.43596266208921,55.35488547213168,37.61528439097819,81.568509851555,40.56050318818178,11.530589230100823,62.62330883988804,35.996158304858966,96.3743913761907,-38.926247116586445,49.10338220727586,73.87170200756324,68.69864816216173,42.13034533274309,17.989536528667742,Unattained target,GPSampler,"{'sLegPt.rL0': 49.10338220727586, 'sLegPt.lL0': 62.62330883988804, 'sLegPt.rL1': 73.87170200756324, 'sLegPt.lL1': 35.996158304858966, 'sLegPt.x1': 42.13034533274309, 'sLegPt.y1': 17.989536528667742, 'sLegPt.rA1': -38.926247116586445, 'sLegPt.rL2': 68.69864816216173, 'sLegPt.lL2': 96.3743913761907, 'lLegPt.rL0': 55.35488547213168, 'lLegPt.lL0': 57.00201454560333, 'lLegPt.rL1': 37.61528439097819, 'lLegPt.lL1': 16.80301308507099, 'lLegPt.x1': 40.56050318818178, 'lLegPt.y1': 11.530589230100823, 'lLegPt.rA1': -79.43596266208921, 'lLegPt.rL2': 81.568509851555, 'lLegPt.lL2': 62.655260330265236}",PRUNED
265,265,15.214394966467765,2026-04-14 14:00:17.837270,2026-04-14 14:00:21.516547,0 days 00:00:03.679277,40.45721319636912,79.36547046712356,40.96362754298872,-55.02971474624311,92.1986370718346,59.74169932747901,66.99256095224726,49.17429240360431,27.655577949973356,64.74101672961228,86.05818816938337,63.372827052309745,-60.96785543879929,93.48629225519672,62.20833294176392,62.96209476461183,37.0537260760695,10.031400506748433,Unattained target,GPSampler,,PRUNED
