,number,value,datetime_start,datetime_complete,duration,params_lLegPt.lL0,params_lLegPt.lL1,params_lLegPt.lL2,params_lLegPt.rA1,params_lLegPt.rL0,params_lLegPt.rL1,params_lLegPt.rL2,params_lLegPt.x1,params_lLegPt.y1,params_sLegPt.lL0,params_sLegPt.lL1,params_sLegPt.lL2,params_sLegPt.rA1,params_sLegPt.rL0,params_sLegPt.rL1,params_sLegPt.rL2,params_sLegPt.x1,params_sLegPt.y1,user_attrs_prune,system_attrs_auto:sampler,system_attrs_fixed_params,state
748,748,6.683451626933852,2026-04-14 14:38:12.379057,2026-04-14 14:38:16.503359,0 days 00:00:04.124302,12.926696738112188,71.44374744006998,73.91491793450142,-48.07953096634144,16.620831032791425,50.16112183424324,71.29065851036488,32.138949143029066,25.75622419293231,76.45438347815777,37.13121737062619,56.39741389326521,-55.43189821121482,80.15366382707356,87.73074370334139,48.5859958253768,33.411327822773465,19.501486993886253,Unattained target,GPSampler,"{'sLegPt.rL0': 80.15366382707356, 'sLegPt.lL0': 76.45438347815777, 'sLegPt.rL1': 87.73074370334139, 'sLegPt.lL1': 37.13121737062619, 'sLegPt.x1': 33.411327822773465, 'sLegPt.y1': 19.501486993886253, 'sLegPt.rA1': -55.43189821121482, 'sLegPt.rL2': 48.5859958253768, 'sLegPt.lL2': 56.39741389326521, 'lLegPt.rL0': 16.620831032791425, 'lLegPt.lL0': 12.926696738112188, 'lLegPt.rL1': 50.16112183424324, 'lLegPt.lL1': 71.44374744006998, 'lLegPt.x1': 32.138949143029066, 'lLegPt.y1': 25.75622419293231, 'lLegPt.rA1': -48.07953096634144, 'lLegPt.rL2': 71.29065851036488, 'lLegPt.lL2': 73.91491793450142}",PRUNED
749,749,6.683451847526847,2026-04-14 14:38:16.713170,2026-04-14 14:38:21.083798,0 days 00:00:04.370628,12.926696738112188,71.44374744006998,73.91491793450142,-48.07953096634144,16.620831032791425,50.16112183424324,71.29065851036488,32.138949143029066,25.75622419293231,76.45438347815777,37.13121737062619,56.39741389326521,-55.43189821121482,80.15366382707356,87.73074370334139,48.5859958253768,33.411327822773465,19.501486993886253,Unattained target,GPSampler,"{'sLegPt.rL0': 80.15366382707356, 'sLegPt.lL0': 76.45438347815777, 'sLegPt.rL1': 87.73074370334139, 'sLegPt.lL1': 37.13121737062619, 'sLegPt.x1': 33.411327822773465, 'sLegPt.y1': 19.501486993886253, 'sLegPt.rA1': -55.43189821121482, 'sLegPt.rL2': 48.5859958253768, 'sLegPt.lL2': 56.39741389326521, 'lLegPt.rL0': 16.620831032791425, 'lLegPt.lL0': 12.926696738112188, 'lLegPt.rL1': 50.16112183424324, 'lLegPt.lL1': 71.44374744006998, 'lLegPt.x1': 32.138949143029066, 'lLegPt.y1': 25.75622419293231, 'lLegPt.rA1': -48.07953096634144, 'lLegPt.rL2': 71.29065851036488, 'lLegPt.lL2': 73.91491793450142}",PRUNED
750,750,6.552365338443348,2026-04-14 14:38:21.286778,2026-04-14 14:38:25.478421,0 days 00:00:04.191643,15.241352057438196,70.74245909076055,52.42803015287678,-69.5183716675563,85.59481711077791,23.54003787527155,19.80758587449018,47.76261559929592,21.55648425289271,86.99237513625563,64.68227877747395,22.25325260054285,-56.78785080240576,22.43925927385687,88.46592945443297,53.122685533958915,38.718879032946845,17.04516987714377,Unattained target,GPSampler,,PRUNED
751,751,6.5523653210761985,2026-04-14 14:38:25.674545,2026-04-14 14:38:29.693116,0 days 00:00:04.018571,15.241352057438196,70.74245909076055,52.42803015287678,-69.5183716675563,85.59481711077791,23.54003787527155,19.80758587449018,47.76261559929592,21.55648425289271,86.99237513625563,64.68227877747395,22.25325260054285,-56.78785080240576,22.43925927385687,88.46592945443297,53.122685533958915,38.718879032946845,17.04516987714377,Unattained target,GPSampler,"{'sLegPt.rL0': 22.43925927385687, 'sLegPt.lL0': 86.99237513625563, 'sLegPt.rL1': 88.46592945443297, 'sLegPt.lL1': 64.68227877747395, 'sLegPt.x1': 38.718879032946845, 'sLegPt.y1': 17.04516987714377, 'sLegPt.rA1': -56.78785080240576, 'sLegPt.rL2': 53.122685533958915, 'sLegPt.lL2': 22.25325260054285, 'lLegPt.rL0': 85.59481711077791, 'lLegPt.lL0': 15.241352057438196, 'lLegPt.rL1': 23.54003787527155, 'lLegPt.lL1': 70.74245909076055, 'lLegPt.x1': 47.76261559929592, 'lLegPt.y1': 21.55648425289271, 'lLegPt.rA1': -69.5183716675563, 'lLegPt.rL2': 19.80758587449018, 'lLegPt.lL2': 52.42803015287678}",PRUNED
752,752,6.552365390754041,2026-04-14 14:38:29.894085,2026-04-14 14:38:33.671241,0 days 00:00:03.777156,15.241352057438196,70.74245909076055,52.42803015287678,-69.5183716675563,85.59481711077791,23.54003787527155,19.80758587449018,47.76261559929592,21.55648425289271,86.99237513625563,64.68227877747395,22.25325260054285,-56.78785080240576,22.43925927385687,88.46592945443297,53.122685533958915,38.718879032946845,17.04516987714377,Unattained target,GPSampler,"{'sLegPt.rL0': 22.43925927385687, 'sLegPt.lL0': 86.99237513625563, 'sLegPt.rL1': 88.46592945443297, 'sLegPt.lL1': 64.68227877747395, 'sLegPt.x1': 38.718879032946845, 'sLegPt.y1': 17.04516987714377, 'sLegPt.rA1': -56.78785080240576, 'sLegPt.rL2': 53.122685533958915, 'sLegPt.lL2': 22.25325260054285, 'lLegPt.rL0': 85.59481711077791, 'lLegPt.lL0': 15.241352057438196, 'lLegPt.rL1': 23.54003787527155, 'lLegPt.lL1': 70.74245909076055, 'lLegPt.x1': 47.76261559929592, 'lLegPt.y1': 21.55648425289271, 'lLegPt.rA1': -69.5183716675563, 'lLegPt.rL2': 19.80758587449018, 'lLegPt.lL2': 52.42803015287678}",PRUNED
753,753,5.524269192110687,2026-04-14 14:38:33.864382,2026-04-14 14:38:37.977178,0 days 00:00:04.112796,35.8459958962011,18.895232086375906,40.98935958141122,-29.735448806516168,54.189732234551606,32.09926538059126,54.25943116540794,44.933656080329285,10.761733668422384,82.84257310712121,22.21929340939947,97.21167472890993,-27.7333622868059,73.90450760292454,96.2074731736781,44.327317664450185,38.83718615827374,12.09680970413678,Unattained target,GPSampler,,PRUNED
754,754,5.524269243970146,2026-04-14 14:38:38.167976,2026-04-14 14:38:42.410431,0 days 00:00:04.242455,35.8459958962011,18.895232086375906,40.98935958141122,-29.735448806516168,54.189732234551606,32.09926538059126,54.25943116540794,44.933656080329285,10.761733668422384,82.84257310712121,22.21929340939947,97.21167472890993,-27.7333622868059,73.90450760292454,96.2074731736781,44.327317664450185,38.83718615827374,12.09680970413678,Unattained target,GPSampler,"{'sLegPt.rL0': 73.90450760292454, 'sLegPt.lL0': 82.84257310712121, 'sLegPt.rL1': 96.2074731736781, 'sLegPt.lL1': 22.21929340939947, 'sLegPt.x1': 38.83718615827374, 'sLegPt.y1': 12.09680970413678, 'sLegPt.rA1': -27.7333622868059, 'sLegPt.rL2': 44.327317664450185, 'sLegPt.lL2': 97.21167472890993, 'lLegPt.rL0': 54.189732234551606, 'lLegPt.lL0': 35.8459958962011, 'lLegPt.rL1': 32.09926538059126, 'lLegPt.lL1': 18.895232086375906, 'lLegPt.x1': 44.933656080329285, 'lLegPt.y1': 10.761733668422384, 'lLegPt.rA1': -29.735448806516168, 'lLegPt.rL2': 54.25943116540794, 'lLegPt.lL2': 40.98935958141122}",PRUNED
755,755,5.524269216373973,2026-04-14 14:38:42.621055,2026-04-14 14:38:46.941983,0 days 00:00:04.320928,35.8459958962011,18.895232086375906,40.98935958141122,-29.735448806516168,54.189732234551606,32.09926538059126,54.25943116540794,44.933656080329285,10.761733668422384,82.84257310712121,22.21929340939947,97.21167472890993,-27.7333622868059,73.90450760292454,96.2074731736781,44.327317664450185,38.83718615827374,12.09680970413678,Unattained target,GPSampler,"{'sLegPt.rL0': 73.90450760292454, 'sLegPt.lL0': 82.84257310712121, 'sLegPt.rL1': 96.2074731736781, 'sLegPt.lL1': 22.21929340939947, 'sLegPt.x1': 38.83718615827374, 'sLegPt.y1': 12.09680970413678, 'sLegPt.rA1': -27.7333622868059, 'sLegPt.rL2': 44.327317664450185, 'sLegPt.lL2': 97.21167472890993, 'lLegPt.rL0': 54.189732234551606, 'lLegPt.lL0': 35.8459958962011, 'lLegPt.rL1': 32.09926538059126, 'lLegPt.lL1': 18.895232086375906, 'lLegPt.x1': 44.933656080329285, 'lLegPt.y1': 10.761733668422384, 'lLegPt.rA1': -29.735448806516168, 'lLegPt.rL2': 54.25943116540794, 'lLegPt.lL2': 40.98935958141122}",PRUNED
756,756,5.91748499760552,2026-04-14 14:38:47.126820,2026-04-14 14:38:51.421686,0 days 00:00:04.294866,13.96437342580158,33.42119585759587,44.867367359656,-78.84711822374982,56.55658659418065,81.13191787397805,96.99415535164614,31.735517562910672,22.405003267256426,65.95397877783444,50.6624915509031,46.90591505891378,-43.47881205581185,29.421376493792085,22.047852960710507,31.9704514266699,41.87127777789626,23.993311559210603,Unattained target,GPSampler,,PRUNED
757,757,5.917485167194442,2026-04-14 14:38:51.628956,2026-04-14 14:38:55.677870,0 days 00:00:04.048914,13.96437342580158,33.42119585759587,44.867367359656,-78.84711822374982,56.55658659418065,81.13191787397805,96.99415535164614,31.735517562910672,22.405003267256426,65.95397877783444,50.6624915509031,46.90591505891378,-43.47881205581185,29.421376493792085,22.047852960710507,31.9704514266699,41.87127777789626,23.993311559210603,Unattained target,GPSampler,"{'sLegPt.rL0': 29.421376493792085, 'sLegPt.lL0': 65.95397877783444, 'sLegPt.rL1': 22.047852960710507, 'sLegPt.lL1': 50.6624915509031, 'sLegPt.x1': 41.87127777789626, 'sLegPt.y1': 23.993311559210603, 'sLegPt.rA1': -43.47881205581185, 'sLegPt.rL2': 31.9704514266699, 'sLegPt.lL2': 46.90591505891378, 'lLegPt.rL0': 56.55658659418065, 'lLegPt.lL0': 13.96437342580158, 'lLegPt.rL1': 81.13191787397805, 'lLegPt.lL1': 33.42119585759587, 'lLegPt.x1': 31.735517562910672, 'lLegPt.y1': 22.405003267256426, 'lLegPt.rA1': -78.84711822374982, 'lLegPt.rL2': 96.99415535164614, 'lLegPt.lL2': 44.867367359656}",PRUNED
758,758,5.917485316924626,2026-04-14 14:38:55.863260,2026-04-14 14:39:00.074550,0 days 00:00:04.211290,13.96437342580158,33.42119585759587,44.867367359656,-78.84711822374982,56.55658659418065,81.13191787397805,96.99415535164614,31.735517562910672,22.405003267256426,65.95397877783444,50.6624915509031,46.90591505891378,-43.47881205581185,29.421376493792085,22.047852960710507,31.9704514266699,41.87127777789626,23.993311559210603,Unattained target,GPSampler,"{'sLegPt.rL0': 29.421376493792085, 'sLegPt.lL0': 65.95397877783444, 'sLegPt.rL1': 22.047852960710507, 'sLegPt.lL1': 50.6624915509031, 'sLegPt.x1': 41.87127777789626, 'sLegPt.y1': 23.993311559210603, 'sLegPt.rA1': -43.47881205581185, 'sLegPt.rL2': 31.9704514266699, 'sLegPt.lL2': 46.90591505891378, 'lLegPt.rL0': 56.55658659418065, 'lLegPt.lL0': 13.96437342580158, 'lLegPt.rL1': 81.13191787397805, 'lLegPt.lL1': 33.42119585759587, 'lLegPt.x1': 31.735517562910672, 'lLegPt.y1': 22.405003267256426, 'lLegPt.rA1': -78.84711822374982, 'lLegPt.rL2': 96.99415535164614, 'lLegPt.lL2': 44.867367359656}",PRUNED
759,759,6.603275508815983,2026-04-14 14:39:00.300865,2026-04-14 14:39:04.391289,0 days 00:00:04.090424,45.08872745643443,47.276937371141166,57.47524898300595,-74.5775963412789,45.87891976410529,40.47510317585804,42.11836487978854,34.758852935357396,16.304373146959485,14.767811668937068,83.59746094388612,36.933292287214776,-47.519858823717286,41.571877297521404,37.505372289332186,49.05313199312582,41.676756927550784,28.926437890704403,Unattained target,GPSampler,,PRUNED
760,760,6.603275641796756,2026-04-14 14:39:04.622101,2026-04-14 14:39:08.893456,0 days 00:00:04.271355,45.08872745643443,47.276937371141166,57.47524898300595,-74.5775963412789,45.87891976410529,40.47510317585804,42.11836487978854,34.758852935357396,16.304373146959485,14.767811668937068,83.59746094388612,36.933292287214776,-47.519858823717286,41.571877297521404,37.505372289332186,49.05313199312582,41.676756927550784,28.926437890704403,Unattained target,GPSampler,"{'sLegPt.rL0': 41.571877297521404, 'sLegPt.lL0': 14.767811668937068, 'sLegPt.rL1': 37.505372289332186, 'sLegPt.lL1': 83.59746094388612, 'sLegPt.x1': 41.676756927550784, 'sLegPt.y1': 28.926437890704403, 'sLegPt.rA1': -47.519858823717286, 'sLegPt.rL2': 49.05313199312582, 'sLegPt.lL2': 36.933292287214776, 'lLegPt.rL0': 45.87891976410529, 'lLegPt.lL0': 45.08872745643443, 'lLegPt.rL1': 40.47510317585804, 'lLegPt.lL1': 47.276937371141166, 'lLegPt.x1': 34.758852935357396, 'lLegPt.y1': 16.304373146959485, 'lLegPt.rA1': -74.5775963412789, 'lLegPt.rL2': 42.11836487978854, 'lLegPt.lL2': 57.47524898300595}",PRUNED
761,761,6.6032755608188936,2026-04-14 14:39:09.093788,2026-04-14 14:39:13.266641,0 days 00:00:04.172853,45.08872745643443,47.276937371141166,57.47524898300595,-74.5775963412789,45.87891976410529,40.47510317585804,42.11836487978854,34.758852935357396,16.304373146959485,14.767811668937068,83.59746094388612,36.933292287214776,-47.519858823717286,41.571877297521404,37.505372289332186,49.05313199312582,41.676756927550784,28.926437890704403,Unattained target,GPSampler,"{'sLegPt.rL0': 41.571877297521404, 'sLegPt.lL0': 14.767811668937068, 'sLegPt.rL1': 37.505372289332186, 'sLegPt.lL1': 83.59746094388612, 'sLegPt.x1': 41.676756927550784, 'sLegPt.y1': 28.926437890704403, 'sLegPt.rA1': -47.519858823717286, 'sLegPt.rL2': 49.05313199312582, 'sLegPt.lL2': 36.933292287214776, 'lLegPt.rL0': 45.87891976410529, 'lLegPt.lL0': 45.08872745643443, 'lLegPt.rL1': 40.47510317585804, 'lLegPt.lL1': 47.276937371141166, 'lLegPt.x1': 34.758852935357396, 'lLegPt.y1': 16.304373146959485, 'lLegPt.rA1': -74.5775963412789, 'lLegPt.rL2': 42.11836487978854, 'lLegPt.lL2': 57.47524898300595}",PRUNED
762,762,5.010360052513754,2026-04-14 14:39:13.464293,2026-04-14 14:39:21.408182,0 days 00:00:07.943889,79.47997734123109,62.62203452237832,28.23974350194966,-68.34247451752994,28.602515776907907,10.283263287340166,34.25847105119169,41.98567009589114,23.964427450391895,11.035009495694656,33.053680878953465,52.83984863732083,-31.6361629652637,45.616271498315136,89.60027454521672,24.632656180809484,37.89424356736889,26.86092769957757,Unattained target,GPSampler,,PRUNED
763,763,5.04692347998396,2026-04-14 14:39:21.588878,2026-04-14 14:39:30.044030,0 days 00:00:08.455152,79.47997734123109,62.62203452237832,28.23974350194966,-68.34247451752994,28.602515776907907,10.283263287340166,34.25847105119169,41.98567009589114,23.964427450391895,11.035009495694656,33.053680878953465,52.83984863732083,-31.6361629652637,45.616271498315136,89.60027454521672,24.632656180809484,37.89424356736889,26.86092769957757,Unattained target,GPSampler,"{'sLegPt.rL0': 45.616271498315136, 'sLegPt.lL0': 11.035009495694656, 'sLegPt.rL1': 89.60027454521672, 'sLegPt.lL1': 33.053680878953465, 'sLegPt.x1': 37.89424356736889, 'sLegPt.y1': 26.86092769957757, 'sLegPt.rA1': -31.6361629652637, 'sLegPt.rL2': 24.632656180809484, 'sLegPt.lL2': 52.83984863732083, 'lLegPt.rL0': 28.602515776907907, 'lLegPt.lL0': 79.47997734123109, 'lLegPt.rL1': 10.283263287340166, 'lLegPt.lL1': 62.62203452237832, 'lLegPt.x1': 41.98567009589114, 'lLegPt.y1': 23.964427450391895, 'lLegPt.rA1': -68.34247451752994, 'lLegPt.rL2': 34.25847105119169, 'lLegPt.lL2': 28.23974350194966}",PRUNED
764,764,5.963509391778807,2026-04-14 14:39:30.244604,2026-04-14 14:39:38.650312,0 days 00:00:08.405708,79.47997734123109,62.62203452237832,28.23974350194966,-68.34247451752994,28.602515776907907,10.283263287340166,34.25847105119169,41.98567009589114,23.964427450391895,11.035009495694656,33.053680878953465,52.83984863732083,-31.6361629652637,45.616271498315136,89.60027454521672,24.632656180809484,37.89424356736889,26.86092769957757,Unattained target,GPSampler,"{'sLegPt.rL0': 45.616271498315136, 'sLegPt.lL0': 11.035009495694656, 'sLegPt.rL1': 89.60027454521672, 'sLegPt.lL1': 33.053680878953465, 'sLegPt.x1': 37.89424356736889, 'sLegPt.y1': 26.86092769957757, 'sLegPt.rA1': -31.6361629652637, 'sLegPt.rL2': 24.632656180809484, 'sLegPt.lL2': 52.83984863732083, 'lLegPt.rL0': 28.602515776907907, 'lLegPt.lL0': 79.47997734123109, 'lLegPt.rL1': 10.283263287340166, 'lLegPt.lL1': 62.62203452237832, 'lLegPt.x1': 41.98567009589114, 'lLegPt.y1': 23.964427450391895, 'lLegPt.rA1': -68.34247451752994, 'lLegPt.rL2': 34.25847105119169, 'lLegPt.lL2': 28.23974350194966}",PRUNED
765,765,6.872045197289683,2026-04-14 14:39:38.836308,2026-04-14 14:39:43.214345,0 days 00:00:04.378037,32.073372066158285,71.57813462203003,62.489685943948345,-63.28356449536585,42.460462391642345,61.86174457677589,64.98867484204958,44.79683113544946,23.98973052036611,73.39040809801244,17.557720198474176,65.39859847303299,-61.20555340765425,25.065123828703424,87.20016071372652,87.63928398501176,45.597606609130096,18.970819579561514,Unattained target,GPSampler,,PRUNED
766,766,6.872045183118196,2026-04-14 14:39:43.423007,2026-04-14 14:39:47.469090,0 days 00:00:04.046083,32.073372066158285,71.57813462203003,62.489685943948345,-63.28356449536585,42.460462391642345,61.86174457677589,64.98867484204958,44.79683113544946,23.98973052036611,73.39040809801244,17.557720198474176,65.39859847303299,-61.20555340765425,25.065123828703424,87.20016071372652,87.63928398501176,45.597606609130096,18.970819579561514,Unattained target,GPSampler,"{'sLegPt.rL0': 25.065123828703424, 'sLegPt.lL0': 73.39040809801244, 'sLegPt.rL1': 87.20016071372652, 'sLegPt.lL1': 17.557720198474176, 'sLegPt.x1': 45.597606609130096, 'sLegPt.y1': 18.970819579561514, 'sLegPt.rA1': -61.20555340765425, 'sLegPt.rL2': 87.63928398501176, 'sLegPt.lL2': 65.39859847303299, 'lLegPt.rL0': 42.460462391642345, 'lLegPt.lL0': 32.073372066158285, 'lLegPt.rL1': 61.86174457677589, 'lLegPt.lL1': 71.57813462203003, 'lLegPt.x1': 44.79683113544946, 'lLegPt.y1': 23.98973052036611, 'lLegPt.rA1': -63.28356449536585, 'lLegPt.rL2': 64.98867484204958, 'lLegPt.lL2': 62.489685943948345}",PRUNED
767,767,6.872045228376333,2026-04-14 14:39:47.676381,2026-04-14 14:39:51.960314,0 days 00:00:04.283933,32.073372066158285,71.57813462203003,62.489685943948345,-63.28356449536585,42.460462391642345,61.86174457677589,64.98867484204958,44.79683113544946,23.98973052036611,73.39040809801244,17.557720198474176,65.39859847303299,-61.20555340765425,25.065123828703424,87.20016071372652,87.63928398501176,45.597606609130096,18.970819579561514,Unattained target,GPSampler,"{'sLegPt.rL0': 25.065123828703424, 'sLegPt.lL0': 73.39040809801244, 'sLegPt.rL1': 87.20016071372652, 'sLegPt.lL1': 17.557720198474176, 'sLegPt.x1': 45.597606609130096, 'sLegPt.y1': 18.970819579561514, 'sLegPt.rA1': -61.20555340765425, 'sLegPt.rL2': 87.63928398501176, 'sLegPt.lL2': 65.39859847303299, 'lLegPt.rL0': 42.460462391642345, 'lLegPt.lL0': 32.073372066158285, 'lLegPt.rL1': 61.86174457677589, 'lLegPt.lL1': 71.57813462203003, 'lLegPt.x1': 44.79683113544946, 'lLegPt.y1': 23.98973052036611, 'lLegPt.rA1': -63.28356449536585, 'lLegPt.rL2': 64.98867484204958, 'lLegPt.lL2': 62.489685943948345}",PRUNED
768,768,9.782125940582183,2026-04-14 14:39:52.164040,2026-04-14 14:39:56.020043,0 days 00:00:03.856003,92.23606349423764,59.33511890175601,70.11437958671905,-75.79716930525525,92.60031764700369,79.62685380102445,67.98224679431074,43.62186749564546,12.22624855968837,87.70030692242223,71.75517663615403,25.8649205372868,-40.58012031945083,90.88191364478175,88.4176577329089,17.007985797241158,39.82021193833477,25.210270995199394,Unattained target,GPSampler,,PRUNED
769,769,9.782125923972544,2026-04-14 14:39:56.201664,2026-04-14 14:40:00.419498,0 days 00:00:04.217834,92.23606349423764,59.33511890175601,70.11437958671905,-75.79716930525525,92.60031764700369,79.62685380102445,67.98224679431074,43.62186749564546,12.22624855968837,87.70030692242223,71.75517663615403,25.8649205372868,-40.58012031945083,90.88191364478175,88.4176577329089,17.007985797241158,39.82021193833477,25.210270995199394,Unattained target,GPSampler,"{'sLegPt.rL0': 90.88191364478175, 'sLegPt.lL0': 87.70030692242223, 'sLegPt.rL1': 88.4176577329089, 'sLegPt.lL1': 71.75517663615403, 'sLegPt.x1': 39.82021193833477, 'sLegPt.y1': 25.210270995199394, 'sLegPt.rA1': -40.58012031945083, 'sLegPt.rL2': 17.007985797241158, 'sLegPt.lL2': 25.8649205372868, 'lLegPt.rL0': 92.60031764700369, 'lLegPt.lL0': 92.23606349423764, 'lLegPt.rL1': 79.62685380102445, 'lLegPt.lL1': 59.33511890175601, 'lLegPt.x1': 43.62186749564546, 'lLegPt.y1': 12.22624855968837, 'lLegPt.rA1': -75.79716930525525, 'lLegPt.rL2': 67.98224679431074, 'lLegPt.lL2': 70.11437958671905}",PRUNED
770,770,9.782125911983812,2026-04-14 14:40:00.621305,2026-04-14 14:40:04.059780,0 days 00:00:03.438475,92.23606349423764,59.33511890175601,70.11437958671905,-75.79716930525525,92.60031764700369,79.62685380102445,67.98224679431074,43.62186749564546,12.22624855968837,87.70030692242223,71.75517663615403,25.8649205372868,-40.58012031945083,90.88191364478175,88.4176577329089,17.007985797241158,39.82021193833477,25.210270995199394,Unattained target,GPSampler,"{'sLegPt.rL0': 90.88191364478175, 'sLegPt.lL0': 87.70030692242223, 'sLegPt.rL1': 88.4176577329089, 'sLegPt.lL1': 71.75517663615403, 'sLegPt.x1': 39.82021193833477, 'sLegPt.y1': 25.210270995199394, 'sLegPt.rA1': -40.58012031945083, 'sLegPt.rL2': 17.007985797241158, 'sLegPt.lL2': 25.8649205372868, 'lLegPt.rL0': 92.60031764700369, 'lLegPt.lL0': 92.23606349423764, 'lLegPt.rL1': 79.62685380102445, 'lLegPt.lL1': 59.33511890175601, 'lLegPt.x1': 43.62186749564546, 'lLegPt.y1': 12.22624855968837, 'lLegPt.rA1': -75.79716930525525, 'lLegPt.rL2': 67.98224679431074, 'lLegPt.lL2': 70.11437958671905}",PRUNED
771,771,5.425593908315321,2026-04-14 14:40:04.258103,2026-04-14 14:40:08.377434,0 days 00:00:04.119331,71.4938037618831,92.8631725746467,91.24291881321633,-24.14327667168822,18.072416867647583,35.506046957996716,27.373061724424595,38.73066041665866,16.445832416927576,95.53196255967332,96.73843706925983,84.54592810655372,-34.31599057773309,77.03016737633266,84.90361651866712,32.70144337683362,31.381525855526498,14.639102726850158,Unattained target,GPSampler,,PRUNED
