,number,value,datetime_start,datetime_complete,duration,params_lLegPt.lL0,params_lLegPt.lL1,params_lLegPt.lL2,params_lLegPt.rA1,params_lLegPt.rL0,params_lLegPt.rL1,params_lLegPt.rL2,params_lLegPt.x1,params_lLegPt.y1,params_sLegPt.lL0,params_sLegPt.lL1,params_sLegPt.lL2,params_sLegPt.rA1,params_sLegPt.rL0,params_sLegPt.rL1,params_sLegPt.rL2,params_sLegPt.x1,params_sLegPt.y1,user_attrs_prune,system_attrs_auto:sampler,system_attrs_fixed_params,state
530,530,5.118838792997629,2026-04-14 14:21:10.623923,2026-04-14 14:21:14.903075,0 days 00:00:04.279152,89.65751359244862,13.426451275994536,86.4780438169836,-53.80840210011549,49.70642118929799,87.66555520841024,60.80875567800706,38.56775955694353,25.760123388733295,92.72082853960164,92.9755290519867,36.86744728451395,-56.36797747696116,34.05963935888223,43.27135436112894,23.147872873364314,49.44901485434612,14.26032546758331,Unattained target,GPSampler,"{'sLegPt.rL0': 34.05963935888223, 'sLegPt.lL0': 92.72082853960164, 'sLegPt.rL1': 43.27135436112894, 'sLegPt.lL1': 92.9755290519867, 'sLegPt.x1': 49.44901485434612, 'sLegPt.y1': 14.26032546758331, 'sLegPt.rA1': -56.36797747696116, 'sLegPt.rL2': 23.147872873364314, 'sLegPt.lL2': 36.86744728451395, 'lLegPt.rL0': 49.70642118929799, 'lLegPt.lL0': 89.65751359244862, 'lLegPt.rL1': 87.66555520841024, 'lLegPt.lL1': 13.426451275994536, 'lLegPt.x1': 38.56775955694353, 'lLegPt.y1': 25.760123388733295, 'lLegPt.rA1': -53.80840210011549, 'lLegPt.rL2': 60.80875567800706, 'lLegPt.lL2': 86.4780438169836}",PRUNED
531,531,5.118838822004605,2026-04-14 14:21:15.079415,2026-04-14 14:21:19.708262,0 days 00:00:04.628847,89.65751359244862,13.426451275994536,86.4780438169836,-53.80840210011549,49.70642118929799,87.66555520841024,60.80875567800706,38.56775955694353,25.760123388733295,92.72082853960164,92.9755290519867,36.86744728451395,-56.36797747696116,34.05963935888223,43.27135436112894,23.147872873364314,49.44901485434612,14.26032546758331,Unattained target,GPSampler,"{'sLegPt.rL0': 34.05963935888223, 'sLegPt.lL0': 92.72082853960164, 'sLegPt.rL1': 43.27135436112894, 'sLegPt.lL1': 92.9755290519867, 'sLegPt.x1': 49.44901485434612, 'sLegPt.y1': 14.26032546758331, 'sLegPt.rA1': -56.36797747696116, 'sLegPt.rL2': 23.147872873364314, 'sLegPt.lL2': 36.86744728451395, 'lLegPt.rL0': 49.70642118929799, 'lLegPt.lL0': 89.65751359244862, 'lLegPt.rL1': 87.66555520841024, 'lLegPt.lL1': 13.426451275994536, 'lLegPt.x1': 38.56775955694353, 'lLegPt.y1': 25.760123388733295, 'lLegPt.rA1': -53.80840210011549, 'lLegPt.rL2': 60.80875567800706, 'lLegPt.lL2': 86.4780438169836}",PRUNED
532,532,7.25147248093451,2026-04-14 14:21:19.888722,2026-04-14 14:21:24.211401,0 days 00:00:04.322679,24.363296249809416,57.433924923823945,23.12525555700764,-35.64838399973298,68.77860586642655,88.4866402293811,27.913512708606156,40.15877995802438,13.820012755481985,90.34612559202947,91.72461162639544,74.30370358011157,-54.34658146768956,45.725526587085675,98.27981105531597,87.0449535269157,40.45750534204905,18.249778764817624,Unattained target,GPSampler,,PRUNED
533,533,7.251472642243012,2026-04-14 14:21:24.377342,2026-04-14 14:21:28.537351,0 days 00:00:04.160009,24.363296249809416,57.433924923823945,23.12525555700764,-35.64838399973298,68.77860586642655,88.4866402293811,27.913512708606156,40.15877995802438,13.820012755481985,90.34612559202947,91.72461162639544,74.30370358011157,-54.34658146768956,45.725526587085675,98.27981105531597,87.0449535269157,40.45750534204905,18.249778764817624,Unattained target,GPSampler,"{'sLegPt.rL0': 45.725526587085675, 'sLegPt.lL0': 90.34612559202947, 'sLegPt.rL1': 98.27981105531597, 'sLegPt.lL1': 91.72461162639544, 'sLegPt.x1': 40.45750534204905, 'sLegPt.y1': 18.249778764817624, 'sLegPt.rA1': -54.34658146768956, 'sLegPt.rL2': 87.0449535269157, 'sLegPt.lL2': 74.30370358011157, 'lLegPt.rL0': 68.77860586642655, 'lLegPt.lL0': 24.363296249809416, 'lLegPt.rL1': 88.4866402293811, 'lLegPt.lL1': 57.433924923823945, 'lLegPt.x1': 40.15877995802438, 'lLegPt.y1': 13.820012755481985, 'lLegPt.rA1': -35.64838399973298, 'lLegPt.rL2': 27.913512708606156, 'lLegPt.lL2': 23.12525555700764}",PRUNED
534,534,7.2514724750794635,2026-04-14 14:21:28.722245,2026-04-14 14:21:33.341470,0 days 00:00:04.619225,24.363296249809416,57.433924923823945,23.12525555700764,-35.64838399973298,68.77860586642655,88.4866402293811,27.913512708606156,40.15877995802438,13.820012755481985,90.34612559202947,91.72461162639544,74.30370358011157,-54.34658146768956,45.725526587085675,98.27981105531597,87.0449535269157,40.45750534204905,18.249778764817624,Unattained target,GPSampler,"{'sLegPt.rL0': 45.725526587085675, 'sLegPt.lL0': 90.34612559202947, 'sLegPt.rL1': 98.27981105531597, 'sLegPt.lL1': 91.72461162639544, 'sLegPt.x1': 40.45750534204905, 'sLegPt.y1': 18.249778764817624, 'sLegPt.rA1': -54.34658146768956, 'sLegPt.rL2': 87.0449535269157, 'sLegPt.lL2': 74.30370358011157, 'lLegPt.rL0': 68.77860586642655, 'lLegPt.lL0': 24.363296249809416, 'lLegPt.rL1': 88.4866402293811, 'lLegPt.lL1': 57.433924923823945, 'lLegPt.x1': 40.15877995802438, 'lLegPt.y1': 13.820012755481985, 'lLegPt.rA1': -35.64838399973298, 'lLegPt.rL2': 27.913512708606156, 'lLegPt.lL2': 23.12525555700764}",PRUNED
535,535,5.8184858517355025,2026-04-14 14:21:33.539042,2026-04-14 14:21:37.839990,0 days 00:00:04.300948,61.41729880360846,83.55762074690922,88.566083311378,-54.77436383498896,89.93711797645055,15.911912477801303,79.75486664556782,38.953222323759285,26.91589417910273,73.29507918800044,31.248880259478298,54.816372739617904,-70.62462532967986,20.317875327252445,96.9930594512759,70.35065624762521,36.27249516530042,13.59874522227685,Unattained target,GPSampler,,PRUNED
536,536,5.818485863453979,2026-04-14 14:21:38.027231,2026-04-14 14:21:41.948451,0 days 00:00:03.921220,61.41729880360846,83.55762074690922,88.566083311378,-54.77436383498896,89.93711797645055,15.911912477801303,79.75486664556782,38.953222323759285,26.91589417910273,73.29507918800044,31.248880259478298,54.816372739617904,-70.62462532967986,20.317875327252445,96.9930594512759,70.35065624762521,36.27249516530042,13.59874522227685,Unattained target,GPSampler,"{'sLegPt.rL0': 20.317875327252445, 'sLegPt.lL0': 73.29507918800044, 'sLegPt.rL1': 96.9930594512759, 'sLegPt.lL1': 31.248880259478298, 'sLegPt.x1': 36.27249516530042, 'sLegPt.y1': 13.59874522227685, 'sLegPt.rA1': -70.62462532967986, 'sLegPt.rL2': 70.35065624762521, 'sLegPt.lL2': 54.816372739617904, 'lLegPt.rL0': 89.93711797645055, 'lLegPt.lL0': 61.41729880360846, 'lLegPt.rL1': 15.911912477801303, 'lLegPt.lL1': 83.55762074690922, 'lLegPt.x1': 38.953222323759285, 'lLegPt.y1': 26.91589417910273, 'lLegPt.rA1': -54.77436383498896, 'lLegPt.rL2': 79.75486664556782, 'lLegPt.lL2': 88.566083311378}",PRUNED
537,537,5.818485923756619,2026-04-14 14:21:42.154577,2026-04-14 14:21:46.482609,0 days 00:00:04.328032,61.41729880360846,83.55762074690922,88.566083311378,-54.77436383498896,89.93711797645055,15.911912477801303,79.75486664556782,38.953222323759285,26.91589417910273,73.29507918800044,31.248880259478298,54.816372739617904,-70.62462532967986,20.317875327252445,96.9930594512759,70.35065624762521,36.27249516530042,13.59874522227685,Unattained target,GPSampler,"{'sLegPt.rL0': 20.317875327252445, 'sLegPt.lL0': 73.29507918800044, 'sLegPt.rL1': 96.9930594512759, 'sLegPt.lL1': 31.248880259478298, 'sLegPt.x1': 36.27249516530042, 'sLegPt.y1': 13.59874522227685, 'sLegPt.rA1': -70.62462532967986, 'sLegPt.rL2': 70.35065624762521, 'sLegPt.lL2': 54.816372739617904, 'lLegPt.rL0': 89.93711797645055, 'lLegPt.lL0': 61.41729880360846, 'lLegPt.rL1': 15.911912477801303, 'lLegPt.lL1': 83.55762074690922, 'lLegPt.x1': 38.953222323759285, 'lLegPt.y1': 26.91589417910273, 'lLegPt.rA1': -54.77436383498896, 'lLegPt.rL2': 79.75486664556782, 'lLegPt.lL2': 88.566083311378}",PRUNED
538,538,6.795581927827023,2026-04-14 14:21:46.655581,2026-04-14 14:21:50.824631,0 days 00:00:04.169050,28.0077534751194,23.447509850018207,39.60360065395297,-26.196955231373337,63.734398471664306,74.35100395238389,83.37536579786638,39.30956668852743,21.709807661214747,55.34654085290753,97.83786108642794,37.958295847844624,-53.9472505455345,93.22077846667892,87.75603977662043,26.98672910680153,47.57143848693689,18.08801530170089,Unattained target,GPSampler,,PRUNED
539,539,6.795582239680904,2026-04-14 14:21:51.016854,2026-04-14 14:21:54.968561,0 days 00:00:03.951707,28.0077534751194,23.447509850018207,39.60360065395297,-26.196955231373337,63.734398471664306,74.35100395238389,83.37536579786638,39.30956668852743,21.709807661214747,55.34654085290753,97.83786108642794,37.958295847844624,-53.9472505455345,93.22077846667892,87.75603977662043,26.98672910680153,47.57143848693689,18.08801530170089,Unattained target,GPSampler,"{'sLegPt.rL0': 93.22077846667892, 'sLegPt.lL0': 55.34654085290753, 'sLegPt.rL1': 87.75603977662043, 'sLegPt.lL1': 97.83786108642794, 'sLegPt.x1': 47.57143848693689, 'sLegPt.y1': 18.08801530170089, 'sLegPt.rA1': -53.9472505455345, 'sLegPt.rL2': 26.98672910680153, 'sLegPt.lL2': 37.958295847844624, 'lLegPt.rL0': 63.734398471664306, 'lLegPt.lL0': 28.0077534751194, 'lLegPt.rL1': 74.35100395238389, 'lLegPt.lL1': 23.447509850018207, 'lLegPt.x1': 39.30956668852743, 'lLegPt.y1': 21.709807661214747, 'lLegPt.rA1': -26.196955231373337, 'lLegPt.rL2': 83.37536579786638, 'lLegPt.lL2': 39.60360065395297}",PRUNED
540,540,6.795582258343117,2026-04-14 14:21:55.141836,2026-04-14 14:21:59.381934,0 days 00:00:04.240098,28.0077534751194,23.447509850018207,39.60360065395297,-26.196955231373337,63.734398471664306,74.35100395238389,83.37536579786638,39.30956668852743,21.709807661214747,55.34654085290753,97.83786108642794,37.958295847844624,-53.9472505455345,93.22077846667892,87.75603977662043,26.98672910680153,47.57143848693689,18.08801530170089,Unattained target,GPSampler,"{'sLegPt.rL0': 93.22077846667892, 'sLegPt.lL0': 55.34654085290753, 'sLegPt.rL1': 87.75603977662043, 'sLegPt.lL1': 97.83786108642794, 'sLegPt.x1': 47.57143848693689, 'sLegPt.y1': 18.08801530170089, 'sLegPt.rA1': -53.9472505455345, 'sLegPt.rL2': 26.98672910680153, 'sLegPt.lL2': 37.958295847844624, 'lLegPt.rL0': 63.734398471664306, 'lLegPt.lL0': 28.0077534751194, 'lLegPt.rL1': 74.35100395238389, 'lLegPt.lL1': 23.447509850018207, 'lLegPt.x1': 39.30956668852743, 'lLegPt.y1': 21.709807661214747, 'lLegPt.rA1': -26.196955231373337, 'lLegPt.rL2': 83.37536579786638, 'lLegPt.lL2': 39.60360065395297}",PRUNED
541,541,5.083111090244138,2026-04-14 14:21:59.561335,2026-04-14 14:22:08.609583,0 days 00:00:09.048248,74.5338977655672,41.96243984909884,46.95428068731068,-26.020596575163083,32.34303618292334,34.880810849705355,68.48299064497493,34.99997469873346,23.5591644433729,89.65694498558064,40.99074156390134,28.307364438304262,-37.90205174868199,15.299466830644693,95.05466124772293,99.1444494229553,48.51261301687687,24.780691523760474,Unattained target,GPSampler,,PRUNED
542,542,5.084956528236184,2026-04-14 14:22:08.781835,2026-04-14 14:22:17.739602,0 days 00:00:08.957767,74.5338977655672,41.96243984909884,46.95428068731068,-26.020596575163083,32.34303618292334,34.880810849705355,68.48299064497493,34.99997469873346,23.5591644433729,89.65694498558064,40.99074156390134,28.307364438304262,-37.90205174868199,15.299466830644693,95.05466124772293,99.1444494229553,48.51261301687687,24.780691523760474,Unattained target,GPSampler,"{'sLegPt.rL0': 15.299466830644693, 'sLegPt.lL0': 89.65694498558064, 'sLegPt.rL1': 95.05466124772293, 'sLegPt.lL1': 40.99074156390134, 'sLegPt.x1': 48.51261301687687, 'sLegPt.y1': 24.780691523760474, 'sLegPt.rA1': -37.90205174868199, 'sLegPt.rL2': 99.1444494229553, 'sLegPt.lL2': 28.307364438304262, 'lLegPt.rL0': 32.34303618292334, 'lLegPt.lL0': 74.5338977655672, 'lLegPt.rL1': 34.880810849705355, 'lLegPt.lL1': 41.96243984909884, 'lLegPt.x1': 34.99997469873346, 'lLegPt.y1': 23.5591644433729, 'lLegPt.rA1': -26.020596575163083, 'lLegPt.rL2': 68.48299064497493, 'lLegPt.lL2': 46.95428068731068}",PRUNED
543,543,5.085266634396412,2026-04-14 14:22:17.923133,2026-04-14 14:22:26.988802,0 days 00:00:09.065669,74.5338977655672,41.96243984909884,46.95428068731068,-26.020596575163083,32.34303618292334,34.880810849705355,68.48299064497493,34.99997469873346,23.5591644433729,89.65694498558064,40.99074156390134,28.307364438304262,-37.90205174868199,15.299466830644693,95.05466124772293,99.1444494229553,48.51261301687687,24.780691523760474,Unattained target,GPSampler,"{'sLegPt.rL0': 15.299466830644693, 'sLegPt.lL0': 89.65694498558064, 'sLegPt.rL1': 95.05466124772293, 'sLegPt.lL1': 40.99074156390134, 'sLegPt.x1': 48.51261301687687, 'sLegPt.y1': 24.780691523760474, 'sLegPt.rA1': -37.90205174868199, 'sLegPt.rL2': 99.1444494229553, 'sLegPt.lL2': 28.307364438304262, 'lLegPt.rL0': 32.34303618292334, 'lLegPt.lL0': 74.5338977655672, 'lLegPt.rL1': 34.880810849705355, 'lLegPt.lL1': 41.96243984909884, 'lLegPt.x1': 34.99997469873346, 'lLegPt.y1': 23.5591644433729, 'lLegPt.rA1': -26.020596575163083, 'lLegPt.rL2': 68.48299064497493, 'lLegPt.lL2': 46.95428068731068}",PRUNED
544,544,5.3475345249448125,2026-04-14 14:22:27.184999,2026-04-14 14:22:31.502179,0 days 00:00:04.317180,68.02968271424183,38.42793867019395,48.56421797972399,-78.5271251608868,65.62631207855281,23.621272116677126,91.03650947655629,40.45266089500806,10.329401481925252,27.101562654160993,90.62073520540592,19.791527521751625,-79.00467624645859,66.4217567224538,78.60488284313581,83.01311654830333,47.131973009489464,16.14151207463586,Unattained target,GPSampler,,PRUNED
545,545,5.347536646590285,2026-04-14 14:22:31.691695,2026-04-14 14:22:36.240707,0 days 00:00:04.549012,68.02968271424183,38.42793867019395,48.56421797972399,-78.5271251608868,65.62631207855281,23.621272116677126,91.03650947655629,40.45266089500806,10.329401481925252,27.101562654160993,90.62073520540592,19.791527521751625,-79.00467624645859,66.4217567224538,78.60488284313581,83.01311654830333,47.131973009489464,16.14151207463586,Unattained target,GPSampler,"{'sLegPt.rL0': 66.4217567224538, 'sLegPt.lL0': 27.101562654160993, 'sLegPt.rL1': 78.60488284313581, 'sLegPt.lL1': 90.62073520540592, 'sLegPt.x1': 47.131973009489464, 'sLegPt.y1': 16.14151207463586, 'sLegPt.rA1': -79.00467624645859, 'sLegPt.rL2': 83.01311654830333, 'sLegPt.lL2': 19.791527521751625, 'lLegPt.rL0': 65.62631207855281, 'lLegPt.lL0': 68.02968271424183, 'lLegPt.rL1': 23.621272116677126, 'lLegPt.lL1': 38.42793867019395, 'lLegPt.x1': 40.45266089500806, 'lLegPt.y1': 10.329401481925252, 'lLegPt.rA1': -78.5271251608868, 'lLegPt.rL2': 91.03650947655629, 'lLegPt.lL2': 48.56421797972399}",PRUNED
546,546,5.347533335101836,2026-04-14 14:22:36.446763,2026-04-14 14:22:40.395429,0 days 00:00:03.948666,68.02968271424183,38.42793867019395,48.56421797972399,-78.5271251608868,65.62631207855281,23.621272116677126,91.03650947655629,40.45266089500806,10.329401481925252,27.101562654160993,90.62073520540592,19.791527521751625,-79.00467624645859,66.4217567224538,78.60488284313581,83.01311654830333,47.131973009489464,16.14151207463586,Unattained target,GPSampler,"{'sLegPt.rL0': 66.4217567224538, 'sLegPt.lL0': 27.101562654160993, 'sLegPt.rL1': 78.60488284313581, 'sLegPt.lL1': 90.62073520540592, 'sLegPt.x1': 47.131973009489464, 'sLegPt.y1': 16.14151207463586, 'sLegPt.rA1': -79.00467624645859, 'sLegPt.rL2': 83.01311654830333, 'sLegPt.lL2': 19.791527521751625, 'lLegPt.rL0': 65.62631207855281, 'lLegPt.lL0': 68.02968271424183, 'lLegPt.rL1': 23.621272116677126, 'lLegPt.lL1': 38.42793867019395, 'lLegPt.x1': 40.45266089500806, 'lLegPt.y1': 10.329401481925252, 'lLegPt.rA1': -78.5271251608868, 'lLegPt.rL2': 91.03650947655629, 'lLegPt.lL2': 48.56421797972399}",PRUNED
547,547,5.051997598573216,2026-04-14 14:22:40.584562,2026-04-14 14:22:49.370633,0 days 00:00:08.786071,43.243965279080655,29.71042250599157,48.40915337077136,-25.332751018411138,50.55833454604612,28.528242010851706,51.18848669077762,40.17911376076209,22.350239178532274,29.079230201984046,14.672832174078438,29.74427109303416,-36.31426086012184,76.39429752277515,75.54675479351877,41.984087253851136,33.91155214732647,17.10532384791197,Unattained target,GPSampler,,PRUNED
548,548,5.049078928742446,2026-04-14 14:22:49.561226,2026-04-14 14:22:58.524160,0 days 00:00:08.962934,43.243965279080655,29.71042250599157,48.40915337077136,-25.332751018411138,50.55833454604612,28.528242010851706,51.18848669077762,40.17911376076209,22.350239178532274,29.079230201984046,14.672832174078438,29.74427109303416,-36.31426086012184,76.39429752277515,75.54675479351877,41.984087253851136,33.91155214732647,17.10532384791197,Unattained target,GPSampler,"{'sLegPt.rL0': 76.39429752277515, 'sLegPt.lL0': 29.079230201984046, 'sLegPt.rL1': 75.54675479351877, 'sLegPt.lL1': 14.672832174078438, 'sLegPt.x1': 33.91155214732647, 'sLegPt.y1': 17.10532384791197, 'sLegPt.rA1': -36.31426086012184, 'sLegPt.rL2': 41.984087253851136, 'sLegPt.lL2': 29.74427109303416, 'lLegPt.rL0': 50.55833454604612, 'lLegPt.lL0': 43.243965279080655, 'lLegPt.rL1': 28.528242010851706, 'lLegPt.lL1': 29.71042250599157, 'lLegPt.x1': 40.17911376076209, 'lLegPt.y1': 22.350239178532274, 'lLegPt.rA1': -25.332751018411138, 'lLegPt.rL2': 51.18848669077762, 'lLegPt.lL2': 48.40915337077136}",PRUNED
549,549,5.052130621908461,2026-04-14 14:22:58.732650,2026-04-14 14:23:07.276454,0 days 00:00:08.543804,43.243965279080655,29.71042250599157,48.40915337077136,-25.332751018411138,50.55833454604612,28.528242010851706,51.18848669077762,40.17911376076209,22.350239178532274,29.079230201984046,14.672832174078438,29.74427109303416,-36.31426086012184,76.39429752277515,75.54675479351877,41.984087253851136,33.91155214732647,17.10532384791197,Unattained target,GPSampler,"{'sLegPt.rL0': 76.39429752277515, 'sLegPt.lL0': 29.079230201984046, 'sLegPt.rL1': 75.54675479351877, 'sLegPt.lL1': 14.672832174078438, 'sLegPt.x1': 33.91155214732647, 'sLegPt.y1': 17.10532384791197, 'sLegPt.rA1': -36.31426086012184, 'sLegPt.rL2': 41.984087253851136, 'sLegPt.lL2': 29.74427109303416, 'lLegPt.rL0': 50.55833454604612, 'lLegPt.lL0': 43.243965279080655, 'lLegPt.rL1': 28.528242010851706, 'lLegPt.lL1': 29.71042250599157, 'lLegPt.x1': 40.17911376076209, 'lLegPt.y1': 22.350239178532274, 'lLegPt.rA1': -25.332751018411138, 'lLegPt.rL2': 51.18848669077762, 'lLegPt.lL2': 48.40915337077136}",PRUNED
550,550,6.19657157839756,2026-04-14 14:23:07.466001,2026-04-14 14:23:11.795329,0 days 00:00:04.329328,50.775616615782134,52.7618597454771,49.369555280558174,-54.150538088204804,83.94676535624885,49.02690229069226,90.5122838189285,40.057233706674985,10.695356595973495,84.63215538935805,99.78229492884599,78.36499837070912,-32.3771587197209,82.70686250972409,99.02816583030844,80.78031924417947,40.71899015878232,28.255044609712684,Unattained target,GPSampler,,PRUNED
551,551,6.196573829651193,2026-04-14 14:23:11.999677,2026-04-14 14:23:16.288264,0 days 00:00:04.288587,50.775616615782134,52.7618597454771,49.369555280558174,-54.150538088204804,83.94676535624885,49.02690229069226,90.5122838189285,40.057233706674985,10.695356595973495,84.63215538935805,99.78229492884599,78.36499837070912,-32.3771587197209,82.70686250972409,99.02816583030844,80.78031924417947,40.71899015878232,28.255044609712684,Unattained target,GPSampler,"{'sLegPt.rL0': 82.70686250972409, 'sLegPt.lL0': 84.63215538935805, 'sLegPt.rL1': 99.02816583030844, 'sLegPt.lL1': 99.78229492884599, 'sLegPt.x1': 40.71899015878232, 'sLegPt.y1': 28.255044609712684, 'sLegPt.rA1': -32.3771587197209, 'sLegPt.rL2': 80.78031924417947, 'sLegPt.lL2': 78.36499837070912, 'lLegPt.rL0': 83.94676535624885, 'lLegPt.lL0': 50.775616615782134, 'lLegPt.rL1': 49.02690229069226, 'lLegPt.lL1': 52.7618597454771, 'lLegPt.x1': 40.057233706674985, 'lLegPt.y1': 10.695356595973495, 'lLegPt.rA1': -54.150538088204804, 'lLegPt.rL2': 90.5122838189285, 'lLegPt.lL2': 49.369555280558174}",PRUNED
552,552,6.196571978375729,2026-04-14 14:23:16.479294,2026-04-14 14:23:20.624386,0 days 00:00:04.145092,50.775616615782134,52.7618597454771,49.369555280558174,-54.150538088204804,83.94676535624885,49.02690229069226,90.5122838189285,40.057233706674985,10.695356595973495,84.63215538935805,99.78229492884599,78.36499837070912,-32.3771587197209,82.70686250972409,99.02816583030844,80.78031924417947,40.71899015878232,28.255044609712684,Unattained target,GPSampler,"{'sLegPt.rL0': 82.70686250972409, 'sLegPt.lL0': 84.63215538935805, 'sLegPt.rL1': 99.02816583030844, 'sLegPt.lL1': 99.78229492884599, 'sLegPt.x1': 40.71899015878232, 'sLegPt.y1': 28.255044609712684, 'sLegPt.rA1': -32.3771587197209, 'sLegPt.rL2': 80.78031924417947, 'sLegPt.lL2': 78.36499837070912, 'lLegPt.rL0': 83.94676535624885, 'lLegPt.lL0': 50.775616615782134, 'lLegPt.rL1': 49.02690229069226, 'lLegPt.lL1': 52.7618597454771, 'lLegPt.x1': 40.057233706674985, 'lLegPt.y1': 10.695356595973495, 'lLegPt.rA1': -54.150538088204804, 'lLegPt.rL2': 90.5122838189285, 'lLegPt.lL2': 49.369555280558174}",PRUNED
553,553,5.062287339789556,2026-04-14 14:23:20.816524,2026-04-14 14:23:24.896570,0 days 00:00:04.080046,45.81371466291792,21.613611938160922,36.46875499315833,-49.553032594980586,82.53384309621576,76.44162125199173,27.043615305942918,39.304629910293954,15.68657876538576,43.07096357423627,85.5161009069564,86.93314315188421,-75.32608094970065,31.47451713829591,41.564686774852944,95.86589965499765,30.55601016454943,24.38554637736935,Unattained target,GPSampler,,PRUNED
