,number,value,datetime_start,datetime_complete,duration,params_lLegPt.lL0,params_lLegPt.lL1,params_lLegPt.lL2,params_lLegPt.rA1,params_lLegPt.rL0,params_lLegPt.rL1,params_lLegPt.rL2,params_lLegPt.x1,params_lLegPt.y1,params_sLegPt.lL0,params_sLegPt.lL1,params_sLegPt.lL2,params_sLegPt.rA1,params_sLegPt.rL0,params_sLegPt.rL1,params_sLegPt.rL2,params_sLegPt.x1,params_sLegPt.y1,user_attrs_prune,system_attrs_auto:sampler,system_attrs_fixed_params,state
1037,1037,8.82750512160947,2026-04-14 15:04:24.323980,2026-04-14 15:04:29.152912,0 days 00:00:04.828932,65.96426199760269,47.29481156401081,86.62964222642748,-32.284878146676924,60.170742052571505,50.522513206138875,82.38912674131778,38.023932633464966,25.565960067350716,65.59211157571951,20.170931727803378,51.02221676061036,-28.705091041516248,87.21352560979054,98.4258460599236,87.83630708379978,43.458898668681,27.814757162725783,Unattained target,GPSampler,"{'sLegPt.rL0': 87.21352560979054, 'sLegPt.lL0': 65.59211157571951, 'sLegPt.rL1': 98.4258460599236, 'sLegPt.lL1': 20.170931727803378, 'sLegPt.x1': 43.458898668681, 'sLegPt.y1': 27.814757162725783, 'sLegPt.rA1': -28.705091041516248, 'sLegPt.rL2': 87.83630708379978, 'sLegPt.lL2': 51.02221676061036, 'lLegPt.rL0': 60.170742052571505, 'lLegPt.lL0': 65.96426199760269, 'lLegPt.rL1': 50.522513206138875, 'lLegPt.lL1': 47.29481156401081, 'lLegPt.x1': 38.023932633464966, 'lLegPt.y1': 25.565960067350716, 'lLegPt.rA1': -32.284878146676924, 'lLegPt.rL2': 82.38912674131778, 'lLegPt.lL2': 86.62964222642748}",PRUNED
1038,1038,8.827505251862938,2026-04-14 15:04:29.340000,2026-04-14 15:04:33.269283,0 days 00:00:03.929283,65.96426199760269,47.29481156401081,86.62964222642748,-32.284878146676924,60.170742052571505,50.522513206138875,82.38912674131778,38.023932633464966,25.565960067350716,65.59211157571951,20.170931727803378,51.02221676061036,-28.705091041516248,87.21352560979054,98.4258460599236,87.83630708379978,43.458898668681,27.814757162725783,Unattained target,GPSampler,"{'sLegPt.rL0': 87.21352560979054, 'sLegPt.lL0': 65.59211157571951, 'sLegPt.rL1': 98.4258460599236, 'sLegPt.lL1': 20.170931727803378, 'sLegPt.x1': 43.458898668681, 'sLegPt.y1': 27.814757162725783, 'sLegPt.rA1': -28.705091041516248, 'sLegPt.rL2': 87.83630708379978, 'sLegPt.lL2': 51.02221676061036, 'lLegPt.rL0': 60.170742052571505, 'lLegPt.lL0': 65.96426199760269, 'lLegPt.rL1': 50.522513206138875, 'lLegPt.lL1': 47.29481156401081, 'lLegPt.x1': 38.023932633464966, 'lLegPt.y1': 25.565960067350716, 'lLegPt.rA1': -32.284878146676924, 'lLegPt.rL2': 82.38912674131778, 'lLegPt.lL2': 86.62964222642748}",PRUNED
1039,1039,12.675925259600277,2026-04-14 15:04:33.453236,2026-04-14 15:04:37.551971,0 days 00:00:04.098735,50.383422535439955,82.92930198818314,19.905118260388264,-22.81921252928297,90.89533957180882,67.24316892787962,36.01276873601488,47.51688072101074,24.985973845410026,39.751278792605106,49.80223687088116,65.44665073277474,-79.49712257530861,91.17496199405754,37.259807360867924,72.84465086666242,38.427094448736824,22.79904406399617,Unattained target,GPSampler,,PRUNED
1040,1040,12.675926128223615,2026-04-14 15:04:37.742631,2026-04-14 15:04:41.546189,0 days 00:00:03.803558,50.383422535439955,82.92930198818314,19.905118260388264,-22.81921252928297,90.89533957180882,67.24316892787962,36.01276873601488,47.51688072101074,24.985973845410026,39.751278792605106,49.80223687088116,65.44665073277474,-79.49712257530861,91.17496199405754,37.259807360867924,72.84465086666242,38.427094448736824,22.79904406399617,Unattained target,GPSampler,"{'sLegPt.rL0': 91.17496199405754, 'sLegPt.lL0': 39.751278792605106, 'sLegPt.rL1': 37.259807360867924, 'sLegPt.lL1': 49.80223687088116, 'sLegPt.x1': 38.427094448736824, 'sLegPt.y1': 22.79904406399617, 'sLegPt.rA1': -79.49712257530861, 'sLegPt.rL2': 72.84465086666242, 'sLegPt.lL2': 65.44665073277474, 'lLegPt.rL0': 90.89533957180882, 'lLegPt.lL0': 50.383422535439955, 'lLegPt.rL1': 67.24316892787962, 'lLegPt.lL1': 82.92930198818314, 'lLegPt.x1': 47.51688072101074, 'lLegPt.y1': 24.985973845410026, 'lLegPt.rA1': -22.81921252928297, 'lLegPt.rL2': 36.01276873601488, 'lLegPt.lL2': 19.905118260388264}",PRUNED
1041,1041,12.67592568499687,2026-04-14 15:04:41.743278,2026-04-14 15:04:45.774622,0 days 00:00:04.031344,50.383422535439955,82.92930198818314,19.905118260388264,-22.81921252928297,90.89533957180882,67.24316892787962,36.01276873601488,47.51688072101074,24.985973845410026,39.751278792605106,49.80223687088116,65.44665073277474,-79.49712257530861,91.17496199405754,37.259807360867924,72.84465086666242,38.427094448736824,22.79904406399617,Unattained target,GPSampler,"{'sLegPt.rL0': 91.17496199405754, 'sLegPt.lL0': 39.751278792605106, 'sLegPt.rL1': 37.259807360867924, 'sLegPt.lL1': 49.80223687088116, 'sLegPt.x1': 38.427094448736824, 'sLegPt.y1': 22.79904406399617, 'sLegPt.rA1': -79.49712257530861, 'sLegPt.rL2': 72.84465086666242, 'sLegPt.lL2': 65.44665073277474, 'lLegPt.rL0': 90.89533957180882, 'lLegPt.lL0': 50.383422535439955, 'lLegPt.rL1': 67.24316892787962, 'lLegPt.lL1': 82.92930198818314, 'lLegPt.x1': 47.51688072101074, 'lLegPt.y1': 24.985973845410026, 'lLegPt.rA1': -22.81921252928297, 'lLegPt.rL2': 36.01276873601488, 'lLegPt.lL2': 19.905118260388264}",PRUNED
1042,1042,6.436608087119055,2026-04-14 15:04:45.967695,2026-04-14 15:04:49.858383,0 days 00:00:03.890688,78.03884891889162,57.909232000274145,88.0548552841674,-79.73380305193076,11.10500389854748,64.08765142658558,59.611424409800556,48.666135474682164,20.912889102379282,62.55777438911589,18.23914444394825,31.81722071742544,-66.98856150696376,85.69608309840498,76.98131700513485,30.350000700497624,36.79001898759458,23.601421928074263,Unattained target,GPSampler,,PRUNED
1043,1043,6.436607811911088,2026-04-14 15:04:50.065395,2026-04-14 15:04:53.840105,0 days 00:00:03.774710,78.03884891889162,57.909232000274145,88.0548552841674,-79.73380305193076,11.10500389854748,64.08765142658558,59.611424409800556,48.666135474682164,20.912889102379282,62.55777438911589,18.23914444394825,31.81722071742544,-66.98856150696376,85.69608309840498,76.98131700513485,30.350000700497624,36.79001898759458,23.601421928074263,Unattained target,GPSampler,"{'sLegPt.rL0': 85.69608309840498, 'sLegPt.lL0': 62.55777438911589, 'sLegPt.rL1': 76.98131700513485, 'sLegPt.lL1': 18.23914444394825, 'sLegPt.x1': 36.79001898759458, 'sLegPt.y1': 23.601421928074263, 'sLegPt.rA1': -66.98856150696376, 'sLegPt.rL2': 30.350000700497624, 'sLegPt.lL2': 31.81722071742544, 'lLegPt.rL0': 11.10500389854748, 'lLegPt.lL0': 78.03884891889162, 'lLegPt.rL1': 64.08765142658558, 'lLegPt.lL1': 57.909232000274145, 'lLegPt.x1': 48.666135474682164, 'lLegPt.y1': 20.912889102379282, 'lLegPt.rA1': -79.73380305193076, 'lLegPt.rL2': 59.611424409800556, 'lLegPt.lL2': 88.0548552841674}",PRUNED
1044,1044,6.436607763289388,2026-04-14 15:04:54.030870,2026-04-14 15:04:57.779198,0 days 00:00:03.748328,78.03884891889162,57.909232000274145,88.0548552841674,-79.73380305193076,11.10500389854748,64.08765142658558,59.611424409800556,48.666135474682164,20.912889102379282,62.55777438911589,18.23914444394825,31.81722071742544,-66.98856150696376,85.69608309840498,76.98131700513485,30.350000700497624,36.79001898759458,23.601421928074263,Unattained target,GPSampler,"{'sLegPt.rL0': 85.69608309840498, 'sLegPt.lL0': 62.55777438911589, 'sLegPt.rL1': 76.98131700513485, 'sLegPt.lL1': 18.23914444394825, 'sLegPt.x1': 36.79001898759458, 'sLegPt.y1': 23.601421928074263, 'sLegPt.rA1': -66.98856150696376, 'sLegPt.rL2': 30.350000700497624, 'sLegPt.lL2': 31.81722071742544, 'lLegPt.rL0': 11.10500389854748, 'lLegPt.lL0': 78.03884891889162, 'lLegPt.rL1': 64.08765142658558, 'lLegPt.lL1': 57.909232000274145, 'lLegPt.x1': 48.666135474682164, 'lLegPt.y1': 20.912889102379282, 'lLegPt.rA1': -79.73380305193076, 'lLegPt.rL2': 59.611424409800556, 'lLegPt.lL2': 88.0548552841674}",PRUNED
1045,1045,5.792388118485633,2026-04-14 15:04:57.979429,2026-04-14 15:05:01.967936,0 days 00:00:03.988507,37.008974802143825,92.83695046132381,48.98078007379084,-40.39511540857787,77.26499897570169,35.79142502184283,98.5320767606115,41.44547681042257,29.507752933782292,96.58184254138871,39.47705405155292,44.71866404303747,-24.849198798610765,39.94729321667751,23.918847504573883,17.892074537913793,31.0495597244246,17.516136777054644,Unattained target,GPSampler,,PRUNED
1046,1046,5.792392419382288,2026-04-14 15:05:02.159115,2026-04-14 15:05:06.173166,0 days 00:00:04.014051,37.008974802143825,92.83695046132381,48.98078007379084,-40.39511540857787,77.26499897570169,35.79142502184283,98.5320767606115,41.44547681042257,29.507752933782292,96.58184254138871,39.47705405155292,44.71866404303747,-24.849198798610765,39.94729321667751,23.918847504573883,17.892074537913793,31.0495597244246,17.516136777054644,Unattained target,GPSampler,"{'sLegPt.rL0': 39.94729321667751, 'sLegPt.lL0': 96.58184254138871, 'sLegPt.rL1': 23.918847504573883, 'sLegPt.lL1': 39.47705405155292, 'sLegPt.x1': 31.0495597244246, 'sLegPt.y1': 17.516136777054644, 'sLegPt.rA1': -24.849198798610765, 'sLegPt.rL2': 17.892074537913793, 'sLegPt.lL2': 44.71866404303747, 'lLegPt.rL0': 77.26499897570169, 'lLegPt.lL0': 37.008974802143825, 'lLegPt.rL1': 35.79142502184283, 'lLegPt.lL1': 92.83695046132381, 'lLegPt.x1': 41.44547681042257, 'lLegPt.y1': 29.507752933782292, 'lLegPt.rA1': -40.39511540857787, 'lLegPt.rL2': 98.5320767606115, 'lLegPt.lL2': 48.98078007379084}",PRUNED
1047,1047,5.792387379616095,2026-04-14 15:05:06.347897,2026-04-14 15:05:10.202673,0 days 00:00:03.854776,37.008974802143825,92.83695046132381,48.98078007379084,-40.39511540857787,77.26499897570169,35.79142502184283,98.5320767606115,41.44547681042257,29.507752933782292,96.58184254138871,39.47705405155292,44.71866404303747,-24.849198798610765,39.94729321667751,23.918847504573883,17.892074537913793,31.0495597244246,17.516136777054644,Unattained target,GPSampler,"{'sLegPt.rL0': 39.94729321667751, 'sLegPt.lL0': 96.58184254138871, 'sLegPt.rL1': 23.918847504573883, 'sLegPt.lL1': 39.47705405155292, 'sLegPt.x1': 31.0495597244246, 'sLegPt.y1': 17.516136777054644, 'sLegPt.rA1': -24.849198798610765, 'sLegPt.rL2': 17.892074537913793, 'sLegPt.lL2': 44.71866404303747, 'lLegPt.rL0': 77.26499897570169, 'lLegPt.lL0': 37.008974802143825, 'lLegPt.rL1': 35.79142502184283, 'lLegPt.lL1': 92.83695046132381, 'lLegPt.x1': 41.44547681042257, 'lLegPt.y1': 29.507752933782292, 'lLegPt.rA1': -40.39511540857787, 'lLegPt.rL2': 98.5320767606115, 'lLegPt.lL2': 48.98078007379084}",PRUNED
1048,1048,5.358759176081392,2026-04-14 15:05:10.393826,2026-04-14 15:05:14.200123,0 days 00:00:03.806297,17.03400883547693,59.29601224882803,67.98147104255233,-69.29535878362127,77.21353115491013,54.76409480460438,26.437630239153282,49.2833371190107,15.166540205860976,12.017397206099247,29.70420234190226,80.12598804139505,-41.27716204178378,78.07839355885005,81.54547764695596,13.496084355789186,33.90695910740807,24.872975072465977,Unattained target,GPSampler,,PRUNED
1049,1049,5.358759184713989,2026-04-14 15:05:14.390252,2026-04-14 15:05:18.264961,0 days 00:00:03.874709,17.03400883547693,59.29601224882803,67.98147104255233,-69.29535878362127,77.21353115491013,54.76409480460438,26.437630239153282,49.2833371190107,15.166540205860976,12.017397206099247,29.70420234190226,80.12598804139505,-41.27716204178378,78.07839355885005,81.54547764695596,13.496084355789186,33.90695910740807,24.872975072465977,Unattained target,GPSampler,"{'sLegPt.rL0': 78.07839355885005, 'sLegPt.lL0': 12.017397206099247, 'sLegPt.rL1': 81.54547764695596, 'sLegPt.lL1': 29.70420234190226, 'sLegPt.x1': 33.90695910740807, 'sLegPt.y1': 24.872975072465977, 'sLegPt.rA1': -41.27716204178378, 'sLegPt.rL2': 13.496084355789186, 'sLegPt.lL2': 80.12598804139505, 'lLegPt.rL0': 77.21353115491013, 'lLegPt.lL0': 17.03400883547693, 'lLegPt.rL1': 54.76409480460438, 'lLegPt.lL1': 59.29601224882803, 'lLegPt.x1': 49.2833371190107, 'lLegPt.y1': 15.166540205860976, 'lLegPt.rA1': -69.29535878362127, 'lLegPt.rL2': 26.437630239153282, 'lLegPt.lL2': 67.98147104255233}",PRUNED
1050,1050,5.358759221174015,2026-04-14 15:05:18.471495,2026-04-14 15:05:22.080513,0 days 00:00:03.609018,17.03400883547693,59.29601224882803,67.98147104255233,-69.29535878362127,77.21353115491013,54.76409480460438,26.437630239153282,49.2833371190107,15.166540205860976,12.017397206099247,29.70420234190226,80.12598804139505,-41.27716204178378,78.07839355885005,81.54547764695596,13.496084355789186,33.90695910740807,24.872975072465977,Unattained target,GPSampler,"{'sLegPt.rL0': 78.07839355885005, 'sLegPt.lL0': 12.017397206099247, 'sLegPt.rL1': 81.54547764695596, 'sLegPt.lL1': 29.70420234190226, 'sLegPt.x1': 33.90695910740807, 'sLegPt.y1': 24.872975072465977, 'sLegPt.rA1': -41.27716204178378, 'sLegPt.rL2': 13.496084355789186, 'sLegPt.lL2': 80.12598804139505, 'lLegPt.rL0': 77.21353115491013, 'lLegPt.lL0': 17.03400883547693, 'lLegPt.rL1': 54.76409480460438, 'lLegPt.lL1': 59.29601224882803, 'lLegPt.x1': 49.2833371190107, 'lLegPt.y1': 15.166540205860976, 'lLegPt.rA1': -69.29535878362127, 'lLegPt.rL2': 26.437630239153282, 'lLegPt.lL2': 67.98147104255233}",PRUNED
1051,1051,5.248216282595074,2026-04-14 15:05:22.270910,2026-04-14 15:05:26.068142,0 days 00:00:03.797232,24.06284202526443,89.21700792748814,92.59563105194158,-67.39244641135129,22.552262790249348,66.07476351280548,29.904310699941963,36.98771680553696,28.770575583445957,32.34480285675118,33.22139113699467,83.59826975573652,-76.89910117360702,81.6315688091079,69.58066753511112,32.38102458903582,47.31150863327984,24.39638615403897,Unattained target,GPSampler,,PRUNED
1052,1052,5.248217483043902,2026-04-14 15:05:26.258894,2026-04-14 15:05:30.368752,0 days 00:00:04.109858,24.06284202526443,89.21700792748814,92.59563105194158,-67.39244641135129,22.552262790249348,66.07476351280548,29.904310699941963,36.98771680553696,28.770575583445957,32.34480285675118,33.22139113699467,83.59826975573652,-76.89910117360702,81.6315688091079,69.58066753511112,32.38102458903582,47.31150863327984,24.39638615403897,Unattained target,GPSampler,"{'sLegPt.rL0': 81.6315688091079, 'sLegPt.lL0': 32.34480285675118, 'sLegPt.rL1': 69.58066753511112, 'sLegPt.lL1': 33.22139113699467, 'sLegPt.x1': 47.31150863327984, 'sLegPt.y1': 24.39638615403897, 'sLegPt.rA1': -76.89910117360702, 'sLegPt.rL2': 32.38102458903582, 'sLegPt.lL2': 83.59826975573652, 'lLegPt.rL0': 22.552262790249348, 'lLegPt.lL0': 24.06284202526443, 'lLegPt.rL1': 66.07476351280548, 'lLegPt.lL1': 89.21700792748814, 'lLegPt.x1': 36.98771680553696, 'lLegPt.y1': 28.770575583445957, 'lLegPt.rA1': -67.39244641135129, 'lLegPt.rL2': 29.904310699941963, 'lLegPt.lL2': 92.59563105194158}",PRUNED
1053,1053,5.248217791927928,2026-04-14 15:05:30.559620,2026-04-14 15:05:34.322276,0 days 00:00:03.762656,24.06284202526443,89.21700792748814,92.59563105194158,-67.39244641135129,22.552262790249348,66.07476351280548,29.904310699941963,36.98771680553696,28.770575583445957,32.34480285675118,33.22139113699467,83.59826975573652,-76.89910117360702,81.6315688091079,69.58066753511112,32.38102458903582,47.31150863327984,24.39638615403897,Unattained target,GPSampler,"{'sLegPt.rL0': 81.6315688091079, 'sLegPt.lL0': 32.34480285675118, 'sLegPt.rL1': 69.58066753511112, 'sLegPt.lL1': 33.22139113699467, 'sLegPt.x1': 47.31150863327984, 'sLegPt.y1': 24.39638615403897, 'sLegPt.rA1': -76.89910117360702, 'sLegPt.rL2': 32.38102458903582, 'sLegPt.lL2': 83.59826975573652, 'lLegPt.rL0': 22.552262790249348, 'lLegPt.lL0': 24.06284202526443, 'lLegPt.rL1': 66.07476351280548, 'lLegPt.lL1': 89.21700792748814, 'lLegPt.x1': 36.98771680553696, 'lLegPt.y1': 28.770575583445957, 'lLegPt.rA1': -67.39244641135129, 'lLegPt.rL2': 29.904310699941963, 'lLegPt.lL2': 92.59563105194158}",PRUNED
1054,1054,5.420335435737357,2026-04-14 15:05:34.507773,2026-04-14 15:05:40.511345,0 days 00:00:06.003572,27.82698191476678,46.169263532832495,63.34375699109128,-65.75668745788794,12.821741046095893,21.666237840715418,70.66483432369591,45.731082754024854,17.588891737489732,52.10315690931365,34.5265638620466,91.48283522586866,-50.06830582326209,63.156821976630404,21.346690516304616,46.381624444206864,45.851953124137864,28.358588259401635,Unattained target,GPSampler,,PRUNED
1055,1055,5.420541900774751,2026-04-14 15:05:40.717449,2026-04-14 15:05:46.625563,0 days 00:00:05.908114,27.82698191476678,46.169263532832495,63.34375699109128,-65.75668745788794,12.821741046095893,21.666237840715418,70.66483432369591,45.731082754024854,17.588891737489732,52.10315690931365,34.5265638620466,91.48283522586866,-50.06830582326209,63.156821976630404,21.346690516304616,46.381624444206864,45.851953124137864,28.358588259401635,Unattained target,GPSampler,"{'sLegPt.rL0': 63.156821976630404, 'sLegPt.lL0': 52.10315690931365, 'sLegPt.rL1': 21.346690516304616, 'sLegPt.lL1': 34.5265638620466, 'sLegPt.x1': 45.851953124137864, 'sLegPt.y1': 28.358588259401635, 'sLegPt.rA1': -50.06830582326209, 'sLegPt.rL2': 46.381624444206864, 'sLegPt.lL2': 91.48283522586866, 'lLegPt.rL0': 12.821741046095893, 'lLegPt.lL0': 27.82698191476678, 'lLegPt.rL1': 21.666237840715418, 'lLegPt.lL1': 46.169263532832495, 'lLegPt.x1': 45.731082754024854, 'lLegPt.y1': 17.588891737489732, 'lLegPt.rA1': -65.75668745788794, 'lLegPt.rL2': 70.66483432369591, 'lLegPt.lL2': 63.34375699109128}",PRUNED
1056,1056,5.420459894769941,2026-04-14 15:05:46.800601,2026-04-14 15:05:53.041533,0 days 00:00:06.240932,27.82698191476678,46.169263532832495,63.34375699109128,-65.75668745788794,12.821741046095893,21.666237840715418,70.66483432369591,45.731082754024854,17.588891737489732,52.10315690931365,34.5265638620466,91.48283522586866,-50.06830582326209,63.156821976630404,21.346690516304616,46.381624444206864,45.851953124137864,28.358588259401635,Unattained target,GPSampler,"{'sLegPt.rL0': 63.156821976630404, 'sLegPt.lL0': 52.10315690931365, 'sLegPt.rL1': 21.346690516304616, 'sLegPt.lL1': 34.5265638620466, 'sLegPt.x1': 45.851953124137864, 'sLegPt.y1': 28.358588259401635, 'sLegPt.rA1': -50.06830582326209, 'sLegPt.rL2': 46.381624444206864, 'sLegPt.lL2': 91.48283522586866, 'lLegPt.rL0': 12.821741046095893, 'lLegPt.lL0': 27.82698191476678, 'lLegPt.rL1': 21.666237840715418, 'lLegPt.lL1': 46.169263532832495, 'lLegPt.x1': 45.731082754024854, 'lLegPt.y1': 17.588891737489732, 'lLegPt.rA1': -65.75668745788794, 'lLegPt.rL2': 70.66483432369591, 'lLegPt.lL2': 63.34375699109128}",PRUNED
1057,1057,7.5542393980225455,2026-04-14 15:05:53.227242,2026-04-14 15:05:56.976106,0 days 00:00:03.748864,35.53544990022899,98.27236220851746,11.718775863984224,-27.0122029828229,98.97192550025616,30.920893904884316,10.303530542252847,40.37525548070046,12.97254157861758,74.5429618791676,30.408163824116787,45.738607050409755,-61.92809813462439,58.628033619268265,48.86582451888957,85.17105547850178,31.73032493968753,21.69944889542154,Unattained target,GPSampler,,PRUNED
1058,1058,7.554240175882448,2026-04-14 15:05:57.166632,2026-04-14 15:06:01.057724,0 days 00:00:03.891092,35.53544990022899,98.27236220851746,11.718775863984224,-27.0122029828229,98.97192550025616,30.920893904884316,10.303530542252847,40.37525548070046,12.97254157861758,74.5429618791676,30.408163824116787,45.738607050409755,-61.92809813462439,58.628033619268265,48.86582451888957,85.17105547850178,31.73032493968753,21.69944889542154,Unattained target,GPSampler,"{'sLegPt.rL0': 58.628033619268265, 'sLegPt.lL0': 74.5429618791676, 'sLegPt.rL1': 48.86582451888957, 'sLegPt.lL1': 30.408163824116787, 'sLegPt.x1': 31.73032493968753, 'sLegPt.y1': 21.69944889542154, 'sLegPt.rA1': -61.92809813462439, 'sLegPt.rL2': 85.17105547850178, 'sLegPt.lL2': 45.738607050409755, 'lLegPt.rL0': 98.97192550025616, 'lLegPt.lL0': 35.53544990022899, 'lLegPt.rL1': 30.920893904884316, 'lLegPt.lL1': 98.27236220851746, 'lLegPt.x1': 40.37525548070046, 'lLegPt.y1': 12.97254157861758, 'lLegPt.rA1': -27.0122029828229, 'lLegPt.rL2': 10.303530542252847, 'lLegPt.lL2': 11.718775863984224}",PRUNED
1059,1059,7.554239157399309,2026-04-14 15:06:01.231880,2026-04-14 15:06:05.025102,0 days 00:00:03.793222,35.53544990022899,98.27236220851746,11.718775863984224,-27.0122029828229,98.97192550025616,30.920893904884316,10.303530542252847,40.37525548070046,12.97254157861758,74.5429618791676,30.408163824116787,45.738607050409755,-61.92809813462439,58.628033619268265,48.86582451888957,85.17105547850178,31.73032493968753,21.69944889542154,Unattained target,GPSampler,"{'sLegPt.rL0': 58.628033619268265, 'sLegPt.lL0': 74.5429618791676, 'sLegPt.rL1': 48.86582451888957, 'sLegPt.lL1': 30.408163824116787, 'sLegPt.x1': 31.73032493968753, 'sLegPt.y1': 21.69944889542154, 'sLegPt.rA1': -61.92809813462439, 'sLegPt.rL2': 85.17105547850178, 'sLegPt.lL2': 45.738607050409755, 'lLegPt.rL0': 98.97192550025616, 'lLegPt.lL0': 35.53544990022899, 'lLegPt.rL1': 30.920893904884316, 'lLegPt.lL1': 98.27236220851746, 'lLegPt.x1': 40.37525548070046, 'lLegPt.y1': 12.97254157861758, 'lLegPt.rA1': -27.0122029828229, 'lLegPt.rL2': 10.303530542252847, 'lLegPt.lL2': 11.718775863984224}",PRUNED
1060,1060,7.068759218525113,2026-04-14 15:06:05.215566,2026-04-14 15:06:09.056937,0 days 00:00:03.841371,41.54085156645919,84.92753433073021,47.456798547298405,-53.04420772567389,90.3148913233841,19.367811329029152,61.551809552840155,36.3332678537398,23.59671300029823,69.38433606327769,47.21490327187373,92.23388225408203,-76.70541521352399,60.440358851222186,86.31623073406574,99.98747446856123,45.16378646242457,14.752498535283907,Unattained target,GPSampler,,PRUNED
