,number,value,datetime_start,datetime_complete,duration,params_lLegPt.lL0,params_lLegPt.lL1,params_lLegPt.lL2,params_lLegPt.rA1,params_lLegPt.rL0,params_lLegPt.rL1,params_lLegPt.rL2,params_lLegPt.x1,params_lLegPt.y1,params_sLegPt.lL0,params_sLegPt.lL1,params_sLegPt.lL2,params_sLegPt.rA1,params_sLegPt.rL0,params_sLegPt.rL1,params_sLegPt.rL2,params_sLegPt.x1,params_sLegPt.y1,user_attrs_prune,system_attrs_auto:sampler,system_attrs_fixed_params,state
772,772,5.425594058902778,2026-04-14 14:40:08.561396,2026-04-14 14:40:12.666629,0 days 00:00:04.105233,71.4938037618831,92.8631725746467,91.24291881321633,-24.14327667168822,18.072416867647583,35.506046957996716,27.373061724424595,38.73066041665866,16.445832416927576,95.53196255967332,96.73843706925983,84.54592810655372,-34.31599057773309,77.03016737633266,84.90361651866712,32.70144337683362,31.381525855526498,14.639102726850158,Unattained target,GPSampler,"{'sLegPt.rL0': 77.03016737633266, 'sLegPt.lL0': 95.53196255967332, 'sLegPt.rL1': 84.90361651866712, 'sLegPt.lL1': 96.73843706925983, 'sLegPt.x1': 31.381525855526498, 'sLegPt.y1': 14.639102726850158, 'sLegPt.rA1': -34.31599057773309, 'sLegPt.rL2': 32.70144337683362, 'sLegPt.lL2': 84.54592810655372, 'lLegPt.rL0': 18.072416867647583, 'lLegPt.lL0': 71.4938037618831, 'lLegPt.rL1': 35.506046957996716, 'lLegPt.lL1': 92.8631725746467, 'lLegPt.x1': 38.73066041665866, 'lLegPt.y1': 16.445832416927576, 'lLegPt.rA1': -24.14327667168822, 'lLegPt.rL2': 27.373061724424595, 'lLegPt.lL2': 91.24291881321633}",PRUNED
773,773,5.425593978895087,2026-04-14 14:40:12.881594,2026-04-14 14:40:17.302651,0 days 00:00:04.421057,71.4938037618831,92.8631725746467,91.24291881321633,-24.14327667168822,18.072416867647583,35.506046957996716,27.373061724424595,38.73066041665866,16.445832416927576,95.53196255967332,96.73843706925983,84.54592810655372,-34.31599057773309,77.03016737633266,84.90361651866712,32.70144337683362,31.381525855526498,14.639102726850158,Unattained target,GPSampler,"{'sLegPt.rL0': 77.03016737633266, 'sLegPt.lL0': 95.53196255967332, 'sLegPt.rL1': 84.90361651866712, 'sLegPt.lL1': 96.73843706925983, 'sLegPt.x1': 31.381525855526498, 'sLegPt.y1': 14.639102726850158, 'sLegPt.rA1': -34.31599057773309, 'sLegPt.rL2': 32.70144337683362, 'sLegPt.lL2': 84.54592810655372, 'lLegPt.rL0': 18.072416867647583, 'lLegPt.lL0': 71.4938037618831, 'lLegPt.rL1': 35.506046957996716, 'lLegPt.lL1': 92.8631725746467, 'lLegPt.x1': 38.73066041665866, 'lLegPt.y1': 16.445832416927576, 'lLegPt.rA1': -24.14327667168822, 'lLegPt.rL2': 27.373061724424595, 'lLegPt.lL2': 91.24291881321633}",PRUNED
774,774,5.079609207495558,2026-04-14 14:40:17.470523,2026-04-14 14:40:27.419849,0 days 00:00:09.949326,82.97480802418951,53.951487215613554,66.24469386224135,-25.860830066737577,91.39360421347789,57.82010828999501,10.247251878514835,30.105819117084117,25.421598787670174,88.95526721884566,15.052836108445232,20.805353468495404,-31.98849926001828,16.22011576057441,45.414048063159825,62.73167486536257,31.186780060288328,17.774867254370037,Unattained target,GPSampler,,PRUNED
775,775,5.070770492782444,2026-04-14 14:40:27.595859,2026-04-14 14:40:37.813283,0 days 00:00:10.217424,82.97480802418951,53.951487215613554,66.24469386224135,-25.860830066737577,91.39360421347789,57.82010828999501,10.247251878514835,30.105819117084117,25.421598787670174,88.95526721884566,15.052836108445232,20.805353468495404,-31.98849926001828,16.22011576057441,45.414048063159825,62.73167486536257,31.186780060288328,17.774867254370037,Unattained target,GPSampler,"{'sLegPt.rL0': 16.22011576057441, 'sLegPt.lL0': 88.95526721884566, 'sLegPt.rL1': 45.414048063159825, 'sLegPt.lL1': 15.052836108445232, 'sLegPt.x1': 31.186780060288328, 'sLegPt.y1': 17.774867254370037, 'sLegPt.rA1': -31.98849926001828, 'sLegPt.rL2': 62.73167486536257, 'sLegPt.lL2': 20.805353468495404, 'lLegPt.rL0': 91.39360421347789, 'lLegPt.lL0': 82.97480802418951, 'lLegPt.rL1': 57.82010828999501, 'lLegPt.lL1': 53.951487215613554, 'lLegPt.x1': 30.105819117084117, 'lLegPt.y1': 25.421598787670174, 'lLegPt.rA1': -25.860830066737577, 'lLegPt.rL2': 10.247251878514835, 'lLegPt.lL2': 66.24469386224135}",PRUNED
776,776,5.023855770674103,2026-04-14 14:40:38.003642,2026-04-14 14:40:48.435545,0 days 00:00:10.431903,82.97480802418951,53.951487215613554,66.24469386224135,-25.860830066737577,91.39360421347789,57.82010828999501,10.247251878514835,30.105819117084117,25.421598787670174,88.95526721884566,15.052836108445232,20.805353468495404,-31.98849926001828,16.22011576057441,45.414048063159825,62.73167486536257,31.186780060288328,17.774867254370037,Unattained target,GPSampler,"{'sLegPt.rL0': 16.22011576057441, 'sLegPt.lL0': 88.95526721884566, 'sLegPt.rL1': 45.414048063159825, 'sLegPt.lL1': 15.052836108445232, 'sLegPt.x1': 31.186780060288328, 'sLegPt.y1': 17.774867254370037, 'sLegPt.rA1': -31.98849926001828, 'sLegPt.rL2': 62.73167486536257, 'sLegPt.lL2': 20.805353468495404, 'lLegPt.rL0': 91.39360421347789, 'lLegPt.lL0': 82.97480802418951, 'lLegPt.rL1': 57.82010828999501, 'lLegPt.lL1': 53.951487215613554, 'lLegPt.x1': 30.105819117084117, 'lLegPt.y1': 25.421598787670174, 'lLegPt.rA1': -25.860830066737577, 'lLegPt.rL2': 10.247251878514835, 'lLegPt.lL2': 66.24469386224135}",PRUNED
777,777,8.335562023509418,2026-04-14 14:40:48.630504,2026-04-14 14:40:53.189459,0 days 00:00:04.558955,40.724259216893486,32.32412021282619,95.61999457805165,-68.73508209164994,70.92946686229624,75.78236941635917,10.136205879682045,34.23298410307286,26.501026381983557,87.61322287735594,11.231975638808393,55.939150630009664,-65.1537771512306,36.46799044464866,42.781329979117025,53.236487013476584,47.1208515821869,28.527905424212044,Unattained target,GPSampler,,PRUNED
778,778,8.335562845548097,2026-04-14 14:40:53.384280,2026-04-14 14:40:57.647396,0 days 00:00:04.263116,40.724259216893486,32.32412021282619,95.61999457805165,-68.73508209164994,70.92946686229624,75.78236941635917,10.136205879682045,34.23298410307286,26.501026381983557,87.61322287735594,11.231975638808393,55.939150630009664,-65.1537771512306,36.46799044464866,42.781329979117025,53.236487013476584,47.1208515821869,28.527905424212044,Unattained target,GPSampler,"{'sLegPt.rL0': 36.46799044464866, 'sLegPt.lL0': 87.61322287735594, 'sLegPt.rL1': 42.781329979117025, 'sLegPt.lL1': 11.231975638808393, 'sLegPt.x1': 47.1208515821869, 'sLegPt.y1': 28.527905424212044, 'sLegPt.rA1': -65.1537771512306, 'sLegPt.rL2': 53.236487013476584, 'sLegPt.lL2': 55.939150630009664, 'lLegPt.rL0': 70.92946686229624, 'lLegPt.lL0': 40.724259216893486, 'lLegPt.rL1': 75.78236941635917, 'lLegPt.lL1': 32.32412021282619, 'lLegPt.x1': 34.23298410307286, 'lLegPt.y1': 26.501026381983557, 'lLegPt.rA1': -68.73508209164994, 'lLegPt.rL2': 10.136205879682045, 'lLegPt.lL2': 95.61999457805165}",PRUNED
779,779,8.335561303000723,2026-04-14 14:40:57.821236,2026-04-14 14:41:01.300510,0 days 00:00:03.479274,40.724259216893486,32.32412021282619,95.61999457805165,-68.73508209164994,70.92946686229624,75.78236941635917,10.136205879682045,34.23298410307286,26.501026381983557,87.61322287735594,11.231975638808393,55.939150630009664,-65.1537771512306,36.46799044464866,42.781329979117025,53.236487013476584,47.1208515821869,28.527905424212044,Unattained target,GPSampler,"{'sLegPt.rL0': 36.46799044464866, 'sLegPt.lL0': 87.61322287735594, 'sLegPt.rL1': 42.781329979117025, 'sLegPt.lL1': 11.231975638808393, 'sLegPt.x1': 47.1208515821869, 'sLegPt.y1': 28.527905424212044, 'sLegPt.rA1': -65.1537771512306, 'sLegPt.rL2': 53.236487013476584, 'sLegPt.lL2': 55.939150630009664, 'lLegPt.rL0': 70.92946686229624, 'lLegPt.lL0': 40.724259216893486, 'lLegPt.rL1': 75.78236941635917, 'lLegPt.lL1': 32.32412021282619, 'lLegPt.x1': 34.23298410307286, 'lLegPt.y1': 26.501026381983557, 'lLegPt.rA1': -68.73508209164994, 'lLegPt.rL2': 10.136205879682045, 'lLegPt.lL2': 95.61999457805165}",PRUNED
780,780,10.542100940313475,2026-04-14 14:41:01.505985,2026-04-14 14:41:05.802072,0 days 00:00:04.296087,30.749149888310203,70.22091854720462,93.0170163875294,-71.81340051221375,59.23340650992574,75.115259822281,76.01121207041884,42.764451674658176,17.421481579182167,72.42836187528567,50.24256221273318,95.96974452013033,-44.21499252832495,87.27154611262395,35.79650549475568,54.41057791100418,42.62796876840085,14.41564803472674,Unattained target,GPSampler,,PRUNED
781,781,10.54210578246468,2026-04-14 14:41:05.978449,2026-04-14 14:41:09.898651,0 days 00:00:03.920202,30.749149888310203,70.22091854720462,93.0170163875294,-71.81340051221375,59.23340650992574,75.115259822281,76.01121207041884,42.764451674658176,17.421481579182167,72.42836187528567,50.24256221273318,95.96974452013033,-44.21499252832495,87.27154611262395,35.79650549475568,54.41057791100418,42.62796876840085,14.41564803472674,Unattained target,GPSampler,"{'sLegPt.rL0': 87.27154611262395, 'sLegPt.lL0': 72.42836187528567, 'sLegPt.rL1': 35.79650549475568, 'sLegPt.lL1': 50.24256221273318, 'sLegPt.x1': 42.62796876840085, 'sLegPt.y1': 14.41564803472674, 'sLegPt.rA1': -44.21499252832495, 'sLegPt.rL2': 54.41057791100418, 'sLegPt.lL2': 95.96974452013033, 'lLegPt.rL0': 59.23340650992574, 'lLegPt.lL0': 30.749149888310203, 'lLegPt.rL1': 75.115259822281, 'lLegPt.lL1': 70.22091854720462, 'lLegPt.x1': 42.764451674658176, 'lLegPt.y1': 17.421481579182167, 'lLegPt.rA1': -71.81340051221375, 'lLegPt.rL2': 76.01121207041884, 'lLegPt.lL2': 93.0170163875294}",PRUNED
782,782,10.542105567835456,2026-04-14 14:41:10.114878,2026-04-14 14:41:14.131732,0 days 00:00:04.016854,30.749149888310203,70.22091854720462,93.0170163875294,-71.81340051221375,59.23340650992574,75.115259822281,76.01121207041884,42.764451674658176,17.421481579182167,72.42836187528567,50.24256221273318,95.96974452013033,-44.21499252832495,87.27154611262395,35.79650549475568,54.41057791100418,42.62796876840085,14.41564803472674,Unattained target,GPSampler,"{'sLegPt.rL0': 87.27154611262395, 'sLegPt.lL0': 72.42836187528567, 'sLegPt.rL1': 35.79650549475568, 'sLegPt.lL1': 50.24256221273318, 'sLegPt.x1': 42.62796876840085, 'sLegPt.y1': 14.41564803472674, 'sLegPt.rA1': -44.21499252832495, 'sLegPt.rL2': 54.41057791100418, 'sLegPt.lL2': 95.96974452013033, 'lLegPt.rL0': 59.23340650992574, 'lLegPt.lL0': 30.749149888310203, 'lLegPt.rL1': 75.115259822281, 'lLegPt.lL1': 70.22091854720462, 'lLegPt.x1': 42.764451674658176, 'lLegPt.y1': 17.421481579182167, 'lLegPt.rA1': -71.81340051221375, 'lLegPt.rL2': 76.01121207041884, 'lLegPt.lL2': 93.0170163875294}",PRUNED
783,783,16.495675776885527,2026-04-14 14:41:14.333452,2026-04-14 14:41:18.121257,0 days 00:00:03.787805,90.4975310603269,51.52593472666412,66.00802329282922,-78.33999449907384,62.48128442052558,79.99671282339919,44.60120463027578,32.56271553278844,18.71602805694196,74.52841056578598,56.587659270977824,45.14824015291161,-50.086761740239226,97.94280911651943,52.686458189282554,71.35423495975621,30.64809937886436,26.301823253784455,Unattained target,GPSampler,,PRUNED
784,784,16.49567583466046,2026-04-14 14:41:18.319751,2026-04-14 14:41:22.654286,0 days 00:00:04.334535,90.4975310603269,51.52593472666412,66.00802329282922,-78.33999449907384,62.48128442052558,79.99671282339919,44.60120463027578,32.56271553278844,18.71602805694196,74.52841056578598,56.587659270977824,45.14824015291161,-50.086761740239226,97.94280911651943,52.686458189282554,71.35423495975621,30.64809937886436,26.301823253784455,Unattained target,GPSampler,"{'sLegPt.rL0': 97.94280911651943, 'sLegPt.lL0': 74.52841056578598, 'sLegPt.rL1': 52.686458189282554, 'sLegPt.lL1': 56.587659270977824, 'sLegPt.x1': 30.64809937886436, 'sLegPt.y1': 26.301823253784455, 'sLegPt.rA1': -50.086761740239226, 'sLegPt.rL2': 71.35423495975621, 'sLegPt.lL2': 45.14824015291161, 'lLegPt.rL0': 62.48128442052558, 'lLegPt.lL0': 90.4975310603269, 'lLegPt.rL1': 79.99671282339919, 'lLegPt.lL1': 51.52593472666412, 'lLegPt.x1': 32.56271553278844, 'lLegPt.y1': 18.71602805694196, 'lLegPt.rA1': -78.33999449907384, 'lLegPt.rL2': 44.60120463027578, 'lLegPt.lL2': 66.00802329282922}",PRUNED
785,785,16.495675810805032,2026-04-14 14:41:22.876293,2026-04-14 14:41:27.197308,0 days 00:00:04.321015,90.4975310603269,51.52593472666412,66.00802329282922,-78.33999449907384,62.48128442052558,79.99671282339919,44.60120463027578,32.56271553278844,18.71602805694196,74.52841056578598,56.587659270977824,45.14824015291161,-50.086761740239226,97.94280911651943,52.686458189282554,71.35423495975621,30.64809937886436,26.301823253784455,Unattained target,GPSampler,"{'sLegPt.rL0': 97.94280911651943, 'sLegPt.lL0': 74.52841056578598, 'sLegPt.rL1': 52.686458189282554, 'sLegPt.lL1': 56.587659270977824, 'sLegPt.x1': 30.64809937886436, 'sLegPt.y1': 26.301823253784455, 'sLegPt.rA1': -50.086761740239226, 'sLegPt.rL2': 71.35423495975621, 'sLegPt.lL2': 45.14824015291161, 'lLegPt.rL0': 62.48128442052558, 'lLegPt.lL0': 90.4975310603269, 'lLegPt.rL1': 79.99671282339919, 'lLegPt.lL1': 51.52593472666412, 'lLegPt.x1': 32.56271553278844, 'lLegPt.y1': 18.71602805694196, 'lLegPt.rA1': -78.33999449907384, 'lLegPt.rL2': 44.60120463027578, 'lLegPt.lL2': 66.00802329282922}",PRUNED
786,786,10.094479888098839,2026-04-14 14:41:27.378953,2026-04-14 14:41:31.737695,0 days 00:00:04.358742,90.7666655911056,80.48874846538627,92.16969401778753,-20.8942384101684,68.2419644417846,22.345294613300617,90.70765011911503,39.28897067350567,22.186913262626533,48.591631157507166,87.63234310416549,26.462872139097374,-44.33701023111654,38.91687951622519,60.577971018874415,80.2782492735841,37.12881293178569,26.547962055026126,Unattained target,GPSampler,,PRUNED
787,787,10.094478768168187,2026-04-14 14:41:31.948071,2026-04-14 14:41:36.151372,0 days 00:00:04.203301,90.7666655911056,80.48874846538627,92.16969401778753,-20.8942384101684,68.2419644417846,22.345294613300617,90.70765011911503,39.28897067350567,22.186913262626533,48.591631157507166,87.63234310416549,26.462872139097374,-44.33701023111654,38.91687951622519,60.577971018874415,80.2782492735841,37.12881293178569,26.547962055026126,Unattained target,GPSampler,"{'sLegPt.rL0': 38.91687951622519, 'sLegPt.lL0': 48.591631157507166, 'sLegPt.rL1': 60.577971018874415, 'sLegPt.lL1': 87.63234310416549, 'sLegPt.x1': 37.12881293178569, 'sLegPt.y1': 26.547962055026126, 'sLegPt.rA1': -44.33701023111654, 'sLegPt.rL2': 80.2782492735841, 'sLegPt.lL2': 26.462872139097374, 'lLegPt.rL0': 68.2419644417846, 'lLegPt.lL0': 90.7666655911056, 'lLegPt.rL1': 22.345294613300617, 'lLegPt.lL1': 80.48874846538627, 'lLegPt.x1': 39.28897067350567, 'lLegPt.y1': 22.186913262626533, 'lLegPt.rA1': -20.8942384101684, 'lLegPt.rL2': 90.70765011911503, 'lLegPt.lL2': 92.16969401778753}",PRUNED
788,788,10.094478977237017,2026-04-14 14:41:36.335969,2026-04-14 14:41:40.957084,0 days 00:00:04.621115,90.7666655911056,80.48874846538627,92.16969401778753,-20.8942384101684,68.2419644417846,22.345294613300617,90.70765011911503,39.28897067350567,22.186913262626533,48.591631157507166,87.63234310416549,26.462872139097374,-44.33701023111654,38.91687951622519,60.577971018874415,80.2782492735841,37.12881293178569,26.547962055026126,Unattained target,GPSampler,"{'sLegPt.rL0': 38.91687951622519, 'sLegPt.lL0': 48.591631157507166, 'sLegPt.rL1': 60.577971018874415, 'sLegPt.lL1': 87.63234310416549, 'sLegPt.x1': 37.12881293178569, 'sLegPt.y1': 26.547962055026126, 'sLegPt.rA1': -44.33701023111654, 'sLegPt.rL2': 80.2782492735841, 'sLegPt.lL2': 26.462872139097374, 'lLegPt.rL0': 68.2419644417846, 'lLegPt.lL0': 90.7666655911056, 'lLegPt.rL1': 22.345294613300617, 'lLegPt.lL1': 80.48874846538627, 'lLegPt.x1': 39.28897067350567, 'lLegPt.y1': 22.186913262626533, 'lLegPt.rA1': -20.8942384101684, 'lLegPt.rL2': 90.70765011911503, 'lLegPt.lL2': 92.16969401778753}",PRUNED
789,789,7.373810130444738,2026-04-14 14:41:41.139694,2026-04-14 14:41:45.201574,0 days 00:00:04.061880,17.53629612600171,98.78049894071758,24.67759222937477,-40.627231718576574,54.75767289873144,28.873036295338753,11.485723558735643,37.99808464859528,24.38167228735172,22.56388374522489,36.92179646736997,38.67835859717514,-29.919052408469092,64.07284923527901,66.67432972482517,14.257742565748801,35.59801675400481,28.255776966793476,Unattained target,GPSampler,,PRUNED
790,790,7.373810222412686,2026-04-14 14:41:45.393338,2026-04-14 14:41:49.560965,0 days 00:00:04.167627,17.53629612600171,98.78049894071758,24.67759222937477,-40.627231718576574,54.75767289873144,28.873036295338753,11.485723558735643,37.99808464859528,24.38167228735172,22.56388374522489,36.92179646736997,38.67835859717514,-29.919052408469092,64.07284923527901,66.67432972482517,14.257742565748801,35.59801675400481,28.255776966793476,Unattained target,GPSampler,"{'sLegPt.rL0': 64.07284923527901, 'sLegPt.lL0': 22.56388374522489, 'sLegPt.rL1': 66.67432972482517, 'sLegPt.lL1': 36.92179646736997, 'sLegPt.x1': 35.59801675400481, 'sLegPt.y1': 28.255776966793476, 'sLegPt.rA1': -29.919052408469092, 'sLegPt.rL2': 14.257742565748801, 'sLegPt.lL2': 38.67835859717514, 'lLegPt.rL0': 54.75767289873144, 'lLegPt.lL0': 17.53629612600171, 'lLegPt.rL1': 28.873036295338753, 'lLegPt.lL1': 98.78049894071758, 'lLegPt.x1': 37.99808464859528, 'lLegPt.y1': 24.38167228735172, 'lLegPt.rA1': -40.627231718576574, 'lLegPt.rL2': 11.485723558735643, 'lLegPt.lL2': 24.67759222937477}",PRUNED
791,791,7.373810235372638,2026-04-14 14:41:49.731243,2026-04-14 14:41:54.241937,0 days 00:00:04.510694,17.53629612600171,98.78049894071758,24.67759222937477,-40.627231718576574,54.75767289873144,28.873036295338753,11.485723558735643,37.99808464859528,24.38167228735172,22.56388374522489,36.92179646736997,38.67835859717514,-29.919052408469092,64.07284923527901,66.67432972482517,14.257742565748801,35.59801675400481,28.255776966793476,Unattained target,GPSampler,"{'sLegPt.rL0': 64.07284923527901, 'sLegPt.lL0': 22.56388374522489, 'sLegPt.rL1': 66.67432972482517, 'sLegPt.lL1': 36.92179646736997, 'sLegPt.x1': 35.59801675400481, 'sLegPt.y1': 28.255776966793476, 'sLegPt.rA1': -29.919052408469092, 'sLegPt.rL2': 14.257742565748801, 'sLegPt.lL2': 38.67835859717514, 'lLegPt.rL0': 54.75767289873144, 'lLegPt.lL0': 17.53629612600171, 'lLegPt.rL1': 28.873036295338753, 'lLegPt.lL1': 98.78049894071758, 'lLegPt.x1': 37.99808464859528, 'lLegPt.y1': 24.38167228735172, 'lLegPt.rA1': -40.627231718576574, 'lLegPt.rL2': 11.485723558735643, 'lLegPt.lL2': 24.67759222937477}",PRUNED
792,792,8.369210748685951,2026-04-14 14:41:54.444574,2026-04-14 14:41:58.742840,0 days 00:00:04.298266,18.754615930028017,91.38420173141704,67.87573840882837,-55.361581011241384,41.78394664291152,31.3595761109185,82.5490295368852,30.887270950867215,13.86009668211683,74.90088905481213,40.84592821387676,15.44374978202752,-27.286190466076036,63.07617724512437,51.58689966117902,97.94452466675763,44.12753321950743,28.842118676058853,Unattained target,GPSampler,,PRUNED
793,793,8.369210594253566,2026-04-14 14:41:58.924708,2026-04-14 14:42:03.229598,0 days 00:00:04.304890,18.754615930028017,91.38420173141704,67.87573840882837,-55.361581011241384,41.78394664291152,31.3595761109185,82.5490295368852,30.887270950867215,13.86009668211683,74.90088905481213,40.84592821387676,15.44374978202752,-27.286190466076036,63.07617724512437,51.58689966117902,97.94452466675763,44.12753321950743,28.842118676058853,Unattained target,GPSampler,"{'sLegPt.rL0': 63.07617724512437, 'sLegPt.lL0': 74.90088905481213, 'sLegPt.rL1': 51.58689966117902, 'sLegPt.lL1': 40.84592821387676, 'sLegPt.x1': 44.12753321950743, 'sLegPt.y1': 28.842118676058853, 'sLegPt.rA1': -27.286190466076036, 'sLegPt.rL2': 97.94452466675763, 'sLegPt.lL2': 15.44374978202752, 'lLegPt.rL0': 41.78394664291152, 'lLegPt.lL0': 18.754615930028017, 'lLegPt.rL1': 31.3595761109185, 'lLegPt.lL1': 91.38420173141704, 'lLegPt.x1': 30.887270950867215, 'lLegPt.y1': 13.86009668211683, 'lLegPt.rA1': -55.361581011241384, 'lLegPt.rL2': 82.5490295368852, 'lLegPt.lL2': 67.87573840882837}",PRUNED
794,794,8.369211019861893,2026-04-14 14:42:03.429698,2026-04-14 14:42:07.529926,0 days 00:00:04.100228,18.754615930028017,91.38420173141704,67.87573840882837,-55.361581011241384,41.78394664291152,31.3595761109185,82.5490295368852,30.887270950867215,13.86009668211683,74.90088905481213,40.84592821387676,15.44374978202752,-27.286190466076036,63.07617724512437,51.58689966117902,97.94452466675763,44.12753321950743,28.842118676058853,Unattained target,GPSampler,"{'sLegPt.rL0': 63.07617724512437, 'sLegPt.lL0': 74.90088905481213, 'sLegPt.rL1': 51.58689966117902, 'sLegPt.lL1': 40.84592821387676, 'sLegPt.x1': 44.12753321950743, 'sLegPt.y1': 28.842118676058853, 'sLegPt.rA1': -27.286190466076036, 'sLegPt.rL2': 97.94452466675763, 'sLegPt.lL2': 15.44374978202752, 'lLegPt.rL0': 41.78394664291152, 'lLegPt.lL0': 18.754615930028017, 'lLegPt.rL1': 31.3595761109185, 'lLegPt.lL1': 91.38420173141704, 'lLegPt.x1': 30.887270950867215, 'lLegPt.y1': 13.86009668211683, 'lLegPt.rA1': -55.361581011241384, 'lLegPt.rL2': 82.5490295368852, 'lLegPt.lL2': 67.87573840882837}",PRUNED
795,795,7.740741674989835,2026-04-14 14:42:07.752835,2026-04-14 14:42:11.838645,0 days 00:00:04.085810,38.90230732038125,83.82290739811317,77.14066542886201,-78.9100297561615,78.58043822840457,36.3482555679553,16.955917870252414,32.21458999592383,25.99282922376495,40.2985019800482,64.92614009801156,87.85635323277488,-65.04727909081365,50.67983921682657,56.871303481907475,61.697966371955395,33.41939563012085,27.280181218935454,Unattained target,GPSampler,,PRUNED
