,number,value,datetime_start,datetime_complete,duration,params_lLegPt.lL0,params_lLegPt.lL1,params_lLegPt.lL2,params_lLegPt.rA1,params_lLegPt.rL0,params_lLegPt.rL1,params_lLegPt.rL2,params_lLegPt.x1,params_lLegPt.y1,params_sLegPt.lL0,params_sLegPt.lL1,params_sLegPt.lL2,params_sLegPt.rA1,params_sLegPt.rL0,params_sLegPt.rL1,params_sLegPt.rL2,params_sLegPt.x1,params_sLegPt.y1,user_attrs_prune,system_attrs_auto:sampler,system_attrs_fixed_params,state
700,700,8.324668372519064,2026-04-14 14:34:37.282160,2026-04-14 14:34:41.645905,0 days 00:00:04.363745,35.025565116320216,91.89751942954383,50.081500338307166,-25.8436072779053,52.22910245548318,23.13150005269648,38.50763591407808,45.37675468109389,20.557557655600274,34.722503089050896,94.06627599702352,23.886329246119878,-45.53547805419589,38.30591407533237,98.96778650198874,29.35235824141827,47.8234120418529,28.407054160708324,Unattained target,GPSampler,"{'sLegPt.rL0': 38.30591407533237, 'sLegPt.lL0': 34.722503089050896, 'sLegPt.rL1': 98.96778650198874, 'sLegPt.lL1': 94.06627599702352, 'sLegPt.x1': 47.8234120418529, 'sLegPt.y1': 28.407054160708324, 'sLegPt.rA1': -45.53547805419589, 'sLegPt.rL2': 29.35235824141827, 'sLegPt.lL2': 23.886329246119878, 'lLegPt.rL0': 52.22910245548318, 'lLegPt.lL0': 35.025565116320216, 'lLegPt.rL1': 23.13150005269648, 'lLegPt.lL1': 91.89751942954383, 'lLegPt.x1': 45.37675468109389, 'lLegPt.y1': 20.557557655600274, 'lLegPt.rA1': -25.8436072779053, 'lLegPt.rL2': 38.50763591407808, 'lLegPt.lL2': 50.081500338307166}",PRUNED
701,701,8.324667834300222,2026-04-14 14:34:41.834668,2026-04-14 14:34:45.791897,0 days 00:00:03.957229,35.025565116320216,91.89751942954383,50.081500338307166,-25.8436072779053,52.22910245548318,23.13150005269648,38.50763591407808,45.37675468109389,20.557557655600274,34.722503089050896,94.06627599702352,23.886329246119878,-45.53547805419589,38.30591407533237,98.96778650198874,29.35235824141827,47.8234120418529,28.407054160708324,Unattained target,GPSampler,"{'sLegPt.rL0': 38.30591407533237, 'sLegPt.lL0': 34.722503089050896, 'sLegPt.rL1': 98.96778650198874, 'sLegPt.lL1': 94.06627599702352, 'sLegPt.x1': 47.8234120418529, 'sLegPt.y1': 28.407054160708324, 'sLegPt.rA1': -45.53547805419589, 'sLegPt.rL2': 29.35235824141827, 'sLegPt.lL2': 23.886329246119878, 'lLegPt.rL0': 52.22910245548318, 'lLegPt.lL0': 35.025565116320216, 'lLegPt.rL1': 23.13150005269648, 'lLegPt.lL1': 91.89751942954383, 'lLegPt.x1': 45.37675468109389, 'lLegPt.y1': 20.557557655600274, 'lLegPt.rA1': -25.8436072779053, 'lLegPt.rL2': 38.50763591407808, 'lLegPt.lL2': 50.081500338307166}",PRUNED
702,702,5.327809691079924,2026-04-14 14:34:45.989536,2026-04-14 14:34:49.792356,0 days 00:00:03.802820,10.642127140501007,45.18757912548693,26.91031300656084,-41.83316535856877,74.87076180423529,24.727646654119987,84.48842641031705,43.52300423676152,17.59376778745312,11.108053636760038,85.30894106113375,99.37973217195228,-21.178860037731162,57.96545091226651,53.686894313708514,37.7882405240844,33.03346603756888,21.407572199048793,Unattained target,GPSampler,,PRUNED
703,703,5.327809647629337,2026-04-14 14:34:49.991010,2026-04-14 14:34:54.389595,0 days 00:00:04.398585,10.642127140501007,45.18757912548693,26.91031300656084,-41.83316535856877,74.87076180423529,24.727646654119987,84.48842641031705,43.52300423676152,17.59376778745312,11.108053636760038,85.30894106113375,99.37973217195228,-21.178860037731162,57.96545091226651,53.686894313708514,37.7882405240844,33.03346603756888,21.407572199048793,Unattained target,GPSampler,"{'sLegPt.rL0': 57.96545091226651, 'sLegPt.lL0': 11.108053636760038, 'sLegPt.rL1': 53.686894313708514, 'sLegPt.lL1': 85.30894106113375, 'sLegPt.x1': 33.03346603756888, 'sLegPt.y1': 21.407572199048793, 'sLegPt.rA1': -21.178860037731162, 'sLegPt.rL2': 37.7882405240844, 'sLegPt.lL2': 99.37973217195228, 'lLegPt.rL0': 74.87076180423529, 'lLegPt.lL0': 10.642127140501007, 'lLegPt.rL1': 24.727646654119987, 'lLegPt.lL1': 45.18757912548693, 'lLegPt.x1': 43.52300423676152, 'lLegPt.y1': 17.59376778745312, 'lLegPt.rA1': -41.83316535856877, 'lLegPt.rL2': 84.48842641031705, 'lLegPt.lL2': 26.91031300656084}",PRUNED
704,704,5.3278097249913685,2026-04-14 14:34:54.562196,2026-04-14 14:34:58.741018,0 days 00:00:04.178822,10.642127140501007,45.18757912548693,26.91031300656084,-41.83316535856877,74.87076180423529,24.727646654119987,84.48842641031705,43.52300423676152,17.59376778745312,11.108053636760038,85.30894106113375,99.37973217195228,-21.178860037731162,57.96545091226651,53.686894313708514,37.7882405240844,33.03346603756888,21.407572199048793,Unattained target,GPSampler,"{'sLegPt.rL0': 57.96545091226651, 'sLegPt.lL0': 11.108053636760038, 'sLegPt.rL1': 53.686894313708514, 'sLegPt.lL1': 85.30894106113375, 'sLegPt.x1': 33.03346603756888, 'sLegPt.y1': 21.407572199048793, 'sLegPt.rA1': -21.178860037731162, 'sLegPt.rL2': 37.7882405240844, 'sLegPt.lL2': 99.37973217195228, 'lLegPt.rL0': 74.87076180423529, 'lLegPt.lL0': 10.642127140501007, 'lLegPt.rL1': 24.727646654119987, 'lLegPt.lL1': 45.18757912548693, 'lLegPt.x1': 43.52300423676152, 'lLegPt.y1': 17.59376778745312, 'lLegPt.rA1': -41.83316535856877, 'lLegPt.rL2': 84.48842641031705, 'lLegPt.lL2': 26.91031300656084}",PRUNED
705,705,6.828796354274097,2026-04-14 14:34:58.948628,2026-04-14 14:35:03.390140,0 days 00:00:04.441512,86.59114019810994,67.55308687216687,54.10888816149353,-78.62580650646663,62.6470412738236,20.103154712454938,91.1086243223977,33.66986868795056,22.963426223180267,55.22553469657134,55.35838309823171,90.04383991674455,-46.49529120822177,35.33979143838431,12.39907929421761,77.54492051167813,30.989588611171055,15.648387220224242,Unattained target,GPSampler,,PRUNED
706,706,6.828796345260649,2026-04-14 14:35:03.554800,2026-04-14 14:35:07.635057,0 days 00:00:04.080257,86.59114019810994,67.55308687216687,54.10888816149353,-78.62580650646663,62.6470412738236,20.103154712454938,91.1086243223977,33.66986868795056,22.963426223180267,55.22553469657134,55.35838309823171,90.04383991674455,-46.49529120822177,35.33979143838431,12.39907929421761,77.54492051167813,30.989588611171055,15.648387220224242,Unattained target,GPSampler,"{'sLegPt.rL0': 35.33979143838431, 'sLegPt.lL0': 55.22553469657134, 'sLegPt.rL1': 12.39907929421761, 'sLegPt.lL1': 55.35838309823171, 'sLegPt.x1': 30.989588611171055, 'sLegPt.y1': 15.648387220224242, 'sLegPt.rA1': -46.49529120822177, 'sLegPt.rL2': 77.54492051167813, 'sLegPt.lL2': 90.04383991674455, 'lLegPt.rL0': 62.6470412738236, 'lLegPt.lL0': 86.59114019810994, 'lLegPt.rL1': 20.103154712454938, 'lLegPt.lL1': 67.55308687216687, 'lLegPt.x1': 33.66986868795056, 'lLegPt.y1': 22.963426223180267, 'lLegPt.rA1': -78.62580650646663, 'lLegPt.rL2': 91.1086243223977, 'lLegPt.lL2': 54.10888816149353}",PRUNED
707,707,6.828795971037557,2026-04-14 14:35:07.824192,2026-04-14 14:35:12.019500,0 days 00:00:04.195308,86.59114019810994,67.55308687216687,54.10888816149353,-78.62580650646663,62.6470412738236,20.103154712454938,91.1086243223977,33.66986868795056,22.963426223180267,55.22553469657134,55.35838309823171,90.04383991674455,-46.49529120822177,35.33979143838431,12.39907929421761,77.54492051167813,30.989588611171055,15.648387220224242,Unattained target,GPSampler,"{'sLegPt.rL0': 35.33979143838431, 'sLegPt.lL0': 55.22553469657134, 'sLegPt.rL1': 12.39907929421761, 'sLegPt.lL1': 55.35838309823171, 'sLegPt.x1': 30.989588611171055, 'sLegPt.y1': 15.648387220224242, 'sLegPt.rA1': -46.49529120822177, 'sLegPt.rL2': 77.54492051167813, 'sLegPt.lL2': 90.04383991674455, 'lLegPt.rL0': 62.6470412738236, 'lLegPt.lL0': 86.59114019810994, 'lLegPt.rL1': 20.103154712454938, 'lLegPt.lL1': 67.55308687216687, 'lLegPt.x1': 33.66986868795056, 'lLegPt.y1': 22.963426223180267, 'lLegPt.rA1': -78.62580650646663, 'lLegPt.rL2': 91.1086243223977, 'lLegPt.lL2': 54.10888816149353}",PRUNED
708,708,5.885627204166063,2026-04-14 14:35:12.210388,2026-04-14 14:35:19.611400,0 days 00:00:07.401012,54.05048798008442,17.818274572514703,17.922412783142388,-57.8624957630447,26.348375213535576,72.49639494706119,55.35449757919273,33.15551461393871,23.893784165696133,98.1714715920513,79.77841591081018,57.34630223065487,-65.20375475774658,63.31679292333666,60.942585082928346,85.2268765433789,42.87634854457964,21.724439451206283,Unattained target,GPSampler,,PRUNED
709,709,5.8006071937995145,2026-04-14 14:35:19.816448,2026-04-14 14:35:27.037610,0 days 00:00:07.221162,54.05048798008442,17.818274572514703,17.922412783142388,-57.8624957630447,26.348375213535576,72.49639494706119,55.35449757919273,33.15551461393871,23.893784165696133,98.1714715920513,79.77841591081018,57.34630223065487,-65.20375475774658,63.31679292333666,60.942585082928346,85.2268765433789,42.87634854457964,21.724439451206283,Unattained target,GPSampler,"{'sLegPt.rL0': 63.31679292333666, 'sLegPt.lL0': 98.1714715920513, 'sLegPt.rL1': 60.942585082928346, 'sLegPt.lL1': 79.77841591081018, 'sLegPt.x1': 42.87634854457964, 'sLegPt.y1': 21.724439451206283, 'sLegPt.rA1': -65.20375475774658, 'sLegPt.rL2': 85.2268765433789, 'sLegPt.lL2': 57.34630223065487, 'lLegPt.rL0': 26.348375213535576, 'lLegPt.lL0': 54.05048798008442, 'lLegPt.rL1': 72.49639494706119, 'lLegPt.lL1': 17.818274572514703, 'lLegPt.x1': 33.15551461393871, 'lLegPt.y1': 23.893784165696133, 'lLegPt.rA1': -57.8624957630447, 'lLegPt.rL2': 55.35449757919273, 'lLegPt.lL2': 17.922412783142388}",PRUNED
710,710,5.9096758893990895,2026-04-14 14:35:27.223345,2026-04-14 14:35:34.484016,0 days 00:00:07.260671,54.05048798008442,17.818274572514703,17.922412783142388,-57.8624957630447,26.348375213535576,72.49639494706119,55.35449757919273,33.15551461393871,23.893784165696133,98.1714715920513,79.77841591081018,57.34630223065487,-65.20375475774658,63.31679292333666,60.942585082928346,85.2268765433789,42.87634854457964,21.724439451206283,Unattained target,GPSampler,"{'sLegPt.rL0': 63.31679292333666, 'sLegPt.lL0': 98.1714715920513, 'sLegPt.rL1': 60.942585082928346, 'sLegPt.lL1': 79.77841591081018, 'sLegPt.x1': 42.87634854457964, 'sLegPt.y1': 21.724439451206283, 'sLegPt.rA1': -65.20375475774658, 'sLegPt.rL2': 85.2268765433789, 'sLegPt.lL2': 57.34630223065487, 'lLegPt.rL0': 26.348375213535576, 'lLegPt.lL0': 54.05048798008442, 'lLegPt.rL1': 72.49639494706119, 'lLegPt.lL1': 17.818274572514703, 'lLegPt.x1': 33.15551461393871, 'lLegPt.y1': 23.893784165696133, 'lLegPt.rA1': -57.8624957630447, 'lLegPt.rL2': 55.35449757919273, 'lLegPt.lL2': 17.922412783142388}",PRUNED
711,711,9.124627147879949,2026-04-14 14:35:34.664243,2026-04-14 14:35:38.804631,0 days 00:00:04.140388,72.7527167832175,13.647117687229382,81.3325060530292,-49.64999011885283,55.75213733023086,86.29525665715681,76.12422125096711,31.170088750575072,14.071185325818616,84.22371788846768,45.559004795839336,26.456457137276107,-56.06336095509704,51.14861573623032,86.52877917426748,83.82209390930797,33.07329382154675,18.406699479096474,Unattained target,GPSampler,,PRUNED
712,712,9.124626853634808,2026-04-14 14:35:39.015067,2026-04-14 14:35:42.999462,0 days 00:00:03.984395,72.7527167832175,13.647117687229382,81.3325060530292,-49.64999011885283,55.75213733023086,86.29525665715681,76.12422125096711,31.170088750575072,14.071185325818616,84.22371788846768,45.559004795839336,26.456457137276107,-56.06336095509704,51.14861573623032,86.52877917426748,83.82209390930797,33.07329382154675,18.406699479096474,Unattained target,GPSampler,"{'sLegPt.rL0': 51.14861573623032, 'sLegPt.lL0': 84.22371788846768, 'sLegPt.rL1': 86.52877917426748, 'sLegPt.lL1': 45.559004795839336, 'sLegPt.x1': 33.07329382154675, 'sLegPt.y1': 18.406699479096474, 'sLegPt.rA1': -56.06336095509704, 'sLegPt.rL2': 83.82209390930797, 'sLegPt.lL2': 26.456457137276107, 'lLegPt.rL0': 55.75213733023086, 'lLegPt.lL0': 72.7527167832175, 'lLegPt.rL1': 86.29525665715681, 'lLegPt.lL1': 13.647117687229382, 'lLegPt.x1': 31.170088750575072, 'lLegPt.y1': 14.071185325818616, 'lLegPt.rA1': -49.64999011885283, 'lLegPt.rL2': 76.12422125096711, 'lLegPt.lL2': 81.3325060530292}",PRUNED
713,713,9.124627201656118,2026-04-14 14:35:43.169220,2026-04-14 14:35:47.215247,0 days 00:00:04.046027,72.7527167832175,13.647117687229382,81.3325060530292,-49.64999011885283,55.75213733023086,86.29525665715681,76.12422125096711,31.170088750575072,14.071185325818616,84.22371788846768,45.559004795839336,26.456457137276107,-56.06336095509704,51.14861573623032,86.52877917426748,83.82209390930797,33.07329382154675,18.406699479096474,Unattained target,GPSampler,"{'sLegPt.rL0': 51.14861573623032, 'sLegPt.lL0': 84.22371788846768, 'sLegPt.rL1': 86.52877917426748, 'sLegPt.lL1': 45.559004795839336, 'sLegPt.x1': 33.07329382154675, 'sLegPt.y1': 18.406699479096474, 'sLegPt.rA1': -56.06336095509704, 'sLegPt.rL2': 83.82209390930797, 'sLegPt.lL2': 26.456457137276107, 'lLegPt.rL0': 55.75213733023086, 'lLegPt.lL0': 72.7527167832175, 'lLegPt.rL1': 86.29525665715681, 'lLegPt.lL1': 13.647117687229382, 'lLegPt.x1': 31.170088750575072, 'lLegPt.y1': 14.071185325818616, 'lLegPt.rA1': -49.64999011885283, 'lLegPt.rL2': 76.12422125096711, 'lLegPt.lL2': 81.3325060530292}",PRUNED
714,714,25.39544388945818,2026-04-14 14:35:47.390916,2026-04-14 14:35:51.721186,0 days 00:00:04.330270,27.615176060122383,53.293018475690275,72.25393432923104,-22.547568527040617,14.770075501649206,79.33683618160516,47.59817155770439,45.840091304437266,13.18120642250069,25.454806407043424,84.65620835050093,61.94976769680308,-26.51797360583467,97.22443749972,17.775929559202677,75.50209564692666,37.42582570404644,21.52552821903613,Unattained target,GPSampler,,PRUNED
715,715,25.395444397158997,2026-04-14 14:35:51.896878,2026-04-14 14:35:56.064503,0 days 00:00:04.167625,27.615176060122383,53.293018475690275,72.25393432923104,-22.547568527040617,14.770075501649206,79.33683618160516,47.59817155770439,45.840091304437266,13.18120642250069,25.454806407043424,84.65620835050093,61.94976769680308,-26.51797360583467,97.22443749972,17.775929559202677,75.50209564692666,37.42582570404644,21.52552821903613,Unattained target,GPSampler,"{'sLegPt.rL0': 97.22443749972, 'sLegPt.lL0': 25.454806407043424, 'sLegPt.rL1': 17.775929559202677, 'sLegPt.lL1': 84.65620835050093, 'sLegPt.x1': 37.42582570404644, 'sLegPt.y1': 21.52552821903613, 'sLegPt.rA1': -26.51797360583467, 'sLegPt.rL2': 75.50209564692666, 'sLegPt.lL2': 61.94976769680308, 'lLegPt.rL0': 14.770075501649206, 'lLegPt.lL0': 27.615176060122383, 'lLegPt.rL1': 79.33683618160516, 'lLegPt.lL1': 53.293018475690275, 'lLegPt.x1': 45.840091304437266, 'lLegPt.y1': 13.18120642250069, 'lLegPt.rA1': -22.547568527040617, 'lLegPt.rL2': 47.59817155770439, 'lLegPt.lL2': 72.25393432923104}",PRUNED
716,716,25.395445095570473,2026-04-14 14:35:56.280746,2026-04-14 14:36:00.215166,0 days 00:00:03.934420,27.615176060122383,53.293018475690275,72.25393432923104,-22.547568527040617,14.770075501649206,79.33683618160516,47.59817155770439,45.840091304437266,13.18120642250069,25.454806407043424,84.65620835050093,61.94976769680308,-26.51797360583467,97.22443749972,17.775929559202677,75.50209564692666,37.42582570404644,21.52552821903613,Unattained target,GPSampler,"{'sLegPt.rL0': 97.22443749972, 'sLegPt.lL0': 25.454806407043424, 'sLegPt.rL1': 17.775929559202677, 'sLegPt.lL1': 84.65620835050093, 'sLegPt.x1': 37.42582570404644, 'sLegPt.y1': 21.52552821903613, 'sLegPt.rA1': -26.51797360583467, 'sLegPt.rL2': 75.50209564692666, 'sLegPt.lL2': 61.94976769680308, 'lLegPt.rL0': 14.770075501649206, 'lLegPt.lL0': 27.615176060122383, 'lLegPt.rL1': 79.33683618160516, 'lLegPt.lL1': 53.293018475690275, 'lLegPt.x1': 45.840091304437266, 'lLegPt.y1': 13.18120642250069, 'lLegPt.rA1': -22.547568527040617, 'lLegPt.rL2': 47.59817155770439, 'lLegPt.lL2': 72.25393432923104}",PRUNED
717,717,5.771547310910691,2026-04-14 14:36:00.402180,2026-04-14 14:36:04.620189,0 days 00:00:04.218009,90.53828417446574,66.87502299337112,17.510810829355904,-63.70213485959498,20.242836183799845,16.711987357139908,60.74147393435055,35.79041339857322,25.219732812486466,12.221313695003465,72.28993128522342,93.11394117299729,-29.922905114863937,60.5257204091493,45.21556455489518,23.243517803030578,41.81980528993641,10.40959292141862,Unattained target,GPSampler,,PRUNED
718,718,5.771547176435028,2026-04-14 14:36:04.824285,2026-04-14 14:36:08.834883,0 days 00:00:04.010598,90.53828417446574,66.87502299337112,17.510810829355904,-63.70213485959498,20.242836183799845,16.711987357139908,60.74147393435055,35.79041339857322,25.219732812486466,12.221313695003465,72.28993128522342,93.11394117299729,-29.922905114863937,60.5257204091493,45.21556455489518,23.243517803030578,41.81980528993641,10.40959292141862,Unattained target,GPSampler,"{'sLegPt.rL0': 60.5257204091493, 'sLegPt.lL0': 12.221313695003465, 'sLegPt.rL1': 45.21556455489518, 'sLegPt.lL1': 72.28993128522342, 'sLegPt.x1': 41.81980528993641, 'sLegPt.y1': 10.40959292141862, 'sLegPt.rA1': -29.922905114863937, 'sLegPt.rL2': 23.243517803030578, 'sLegPt.lL2': 93.11394117299729, 'lLegPt.rL0': 20.242836183799845, 'lLegPt.lL0': 90.53828417446574, 'lLegPt.rL1': 16.711987357139908, 'lLegPt.lL1': 66.87502299337112, 'lLegPt.x1': 35.79041339857322, 'lLegPt.y1': 25.219732812486466, 'lLegPt.rA1': -63.70213485959498, 'lLegPt.rL2': 60.74147393435055, 'lLegPt.lL2': 17.510810829355904}",PRUNED
719,719,5.771547212606642,2026-04-14 14:36:09.009968,2026-04-14 14:36:12.735945,0 days 00:00:03.725977,90.53828417446574,66.87502299337112,17.510810829355904,-63.70213485959498,20.242836183799845,16.711987357139908,60.74147393435055,35.79041339857322,25.219732812486466,12.221313695003465,72.28993128522342,93.11394117299729,-29.922905114863937,60.5257204091493,45.21556455489518,23.243517803030578,41.81980528993641,10.40959292141862,Unattained target,GPSampler,"{'sLegPt.rL0': 60.5257204091493, 'sLegPt.lL0': 12.221313695003465, 'sLegPt.rL1': 45.21556455489518, 'sLegPt.lL1': 72.28993128522342, 'sLegPt.x1': 41.81980528993641, 'sLegPt.y1': 10.40959292141862, 'sLegPt.rA1': -29.922905114863937, 'sLegPt.rL2': 23.243517803030578, 'sLegPt.lL2': 93.11394117299729, 'lLegPt.rL0': 20.242836183799845, 'lLegPt.lL0': 90.53828417446574, 'lLegPt.rL1': 16.711987357139908, 'lLegPt.lL1': 66.87502299337112, 'lLegPt.x1': 35.79041339857322, 'lLegPt.y1': 25.219732812486466, 'lLegPt.rA1': -63.70213485959498, 'lLegPt.rL2': 60.74147393435055, 'lLegPt.lL2': 17.510810829355904}",PRUNED
720,720,5.1816476288764335,2026-04-14 14:36:12.954539,2026-04-14 14:36:17.096377,0 days 00:00:04.141838,66.75047574738304,40.18553356320481,75.0306455492851,-54.780214204494825,98.80559633139247,18.22323560939335,27.79777491085326,48.34778992758619,19.41729207641473,75.3966317972254,72.10723099176178,51.50303433277467,-62.192235285364966,58.823208881643076,39.81426406759175,16.287153911758047,43.28040444307958,10.1403080243419,Unattained target,GPSampler,,PRUNED
721,721,5.181647784105408,2026-04-14 14:36:17.267077,2026-04-14 14:36:21.320618,0 days 00:00:04.053541,66.75047574738304,40.18553356320481,75.0306455492851,-54.780214204494825,98.80559633139247,18.22323560939335,27.79777491085326,48.34778992758619,19.41729207641473,75.3966317972254,72.10723099176178,51.50303433277467,-62.192235285364966,58.823208881643076,39.81426406759175,16.287153911758047,43.28040444307958,10.1403080243419,Unattained target,GPSampler,"{'sLegPt.rL0': 58.823208881643076, 'sLegPt.lL0': 75.3966317972254, 'sLegPt.rL1': 39.81426406759175, 'sLegPt.lL1': 72.10723099176178, 'sLegPt.x1': 43.28040444307958, 'sLegPt.y1': 10.1403080243419, 'sLegPt.rA1': -62.192235285364966, 'sLegPt.rL2': 16.287153911758047, 'sLegPt.lL2': 51.50303433277467, 'lLegPt.rL0': 98.80559633139247, 'lLegPt.lL0': 66.75047574738304, 'lLegPt.rL1': 18.22323560939335, 'lLegPt.lL1': 40.18553356320481, 'lLegPt.x1': 48.34778992758619, 'lLegPt.y1': 19.41729207641473, 'lLegPt.rA1': -54.780214204494825, 'lLegPt.rL2': 27.79777491085326, 'lLegPt.lL2': 75.0306455492851}",PRUNED
722,722,5.18164764235005,2026-04-14 14:36:21.518831,2026-04-14 14:36:25.097437,0 days 00:00:03.578606,66.75047574738304,40.18553356320481,75.0306455492851,-54.780214204494825,98.80559633139247,18.22323560939335,27.79777491085326,48.34778992758619,19.41729207641473,75.3966317972254,72.10723099176178,51.50303433277467,-62.192235285364966,58.823208881643076,39.81426406759175,16.287153911758047,43.28040444307958,10.1403080243419,Unattained target,GPSampler,"{'sLegPt.rL0': 58.823208881643076, 'sLegPt.lL0': 75.3966317972254, 'sLegPt.rL1': 39.81426406759175, 'sLegPt.lL1': 72.10723099176178, 'sLegPt.x1': 43.28040444307958, 'sLegPt.y1': 10.1403080243419, 'sLegPt.rA1': -62.192235285364966, 'sLegPt.rL2': 16.287153911758047, 'sLegPt.lL2': 51.50303433277467, 'lLegPt.rL0': 98.80559633139247, 'lLegPt.lL0': 66.75047574738304, 'lLegPt.rL1': 18.22323560939335, 'lLegPt.lL1': 40.18553356320481, 'lLegPt.x1': 48.34778992758619, 'lLegPt.y1': 19.41729207641473, 'lLegPt.rA1': -54.780214204494825, 'lLegPt.rL2': 27.79777491085326, 'lLegPt.lL2': 75.0306455492851}",PRUNED
723,723,8.192800968740002,2026-04-14 14:36:25.289593,2026-04-14 14:36:29.279291,0 days 00:00:03.989698,85.70229762102431,53.239974985844796,33.333682198273415,-79.3349938229787,70.91379486597916,41.82946188312836,47.372405779953176,34.81207769170913,14.89624868854782,77.92214780438228,73.25346128413408,24.372033604602898,-40.551463179757164,50.637533983921,89.73267031329367,86.1420404532594,37.68816203083344,27.517111729367635,Unattained target,GPSampler,,PRUNED
