,number,value,datetime_start,datetime_complete,duration,params_lLegPt.lL0,params_lLegPt.lL1,params_lLegPt.lL2,params_lLegPt.rA1,params_lLegPt.rL0,params_lLegPt.rL1,params_lLegPt.rL2,params_lLegPt.x1,params_lLegPt.y1,params_sLegPt.lL0,params_sLegPt.lL1,params_sLegPt.lL2,params_sLegPt.rA1,params_sLegPt.rL0,params_sLegPt.rL1,params_sLegPt.rL2,params_sLegPt.x1,params_sLegPt.y1,user_attrs_prune,system_attrs_auto:sampler,system_attrs_fixed_params,state
386,386,5.703695148487128,2026-04-14 14:09:45.373487,2026-04-14 14:09:49.436776,0 days 00:00:04.063289,14.501530135907263,17.87828538320482,80.60001862122522,-61.55933037489201,53.5593079723794,76.71486899346016,62.75220267294366,49.37777187008351,17.227609727572332,58.30248483444657,39.52713737370596,75.10781410011936,-64.83507733086718,10.176366895597628,13.809078964048602,67.50244776851203,49.97248417100542,18.625863220283854,Unattained target,GPSampler,"{'sLegPt.rL0': 10.176366895597628, 'sLegPt.lL0': 58.30248483444657, 'sLegPt.rL1': 13.809078964048602, 'sLegPt.lL1': 39.52713737370596, 'sLegPt.x1': 49.97248417100542, 'sLegPt.y1': 18.625863220283854, 'sLegPt.rA1': -64.83507733086718, 'sLegPt.rL2': 67.50244776851203, 'sLegPt.lL2': 75.10781410011936, 'lLegPt.rL0': 53.5593079723794, 'lLegPt.lL0': 14.501530135907263, 'lLegPt.rL1': 76.71486899346016, 'lLegPt.lL1': 17.87828538320482, 'lLegPt.x1': 49.37777187008351, 'lLegPt.y1': 17.227609727572332, 'lLegPt.rA1': -61.55933037489201, 'lLegPt.rL2': 62.75220267294366, 'lLegPt.lL2': 80.60001862122522}",PRUNED
387,387,5.703704207559703,2026-04-14 14:09:49.594887,2026-04-14 14:09:53.331553,0 days 00:00:03.736666,14.501530135907263,17.87828538320482,80.60001862122522,-61.55933037489201,53.5593079723794,76.71486899346016,62.75220267294366,49.37777187008351,17.227609727572332,58.30248483444657,39.52713737370596,75.10781410011936,-64.83507733086718,10.176366895597628,13.809078964048602,67.50244776851203,49.97248417100542,18.625863220283854,Unattained target,GPSampler,"{'sLegPt.rL0': 10.176366895597628, 'sLegPt.lL0': 58.30248483444657, 'sLegPt.rL1': 13.809078964048602, 'sLegPt.lL1': 39.52713737370596, 'sLegPt.x1': 49.97248417100542, 'sLegPt.y1': 18.625863220283854, 'sLegPt.rA1': -64.83507733086718, 'sLegPt.rL2': 67.50244776851203, 'sLegPt.lL2': 75.10781410011936, 'lLegPt.rL0': 53.5593079723794, 'lLegPt.lL0': 14.501530135907263, 'lLegPt.rL1': 76.71486899346016, 'lLegPt.lL1': 17.87828538320482, 'lLegPt.x1': 49.37777187008351, 'lLegPt.y1': 17.227609727572332, 'lLegPt.rA1': -61.55933037489201, 'lLegPt.rL2': 62.75220267294366, 'lLegPt.lL2': 80.60001862122522}",PRUNED
388,388,6.165703320872435,2026-04-14 14:09:53.490550,2026-04-14 14:09:57.309222,0 days 00:00:03.818672,54.913853300919634,24.43101255259306,28.795062770412876,-34.11633318452081,82.47235311096065,50.25982933866808,28.98096607643277,44.74471941611517,28.69310979858192,91.39945888059638,24.49103954798148,32.460045810296315,-53.551463462819754,65.05092181792922,38.996836135899116,92.86552460447788,40.264713811729216,20.03925270563138,Unattained target,GPSampler,,PRUNED
389,389,6.1657033425347905,2026-04-14 14:09:57.481687,2026-04-14 14:10:01.207786,0 days 00:00:03.726099,54.913853300919634,24.43101255259306,28.795062770412876,-34.11633318452081,82.47235311096065,50.25982933866808,28.98096607643277,44.74471941611517,28.69310979858192,91.39945888059638,24.49103954798148,32.460045810296315,-53.551463462819754,65.05092181792922,38.996836135899116,92.86552460447788,40.264713811729216,20.03925270563138,Unattained target,GPSampler,"{'sLegPt.rL0': 65.05092181792922, 'sLegPt.lL0': 91.39945888059638, 'sLegPt.rL1': 38.996836135899116, 'sLegPt.lL1': 24.49103954798148, 'sLegPt.x1': 40.264713811729216, 'sLegPt.y1': 20.03925270563138, 'sLegPt.rA1': -53.551463462819754, 'sLegPt.rL2': 92.86552460447788, 'sLegPt.lL2': 32.460045810296315, 'lLegPt.rL0': 82.47235311096065, 'lLegPt.lL0': 54.913853300919634, 'lLegPt.rL1': 50.25982933866808, 'lLegPt.lL1': 24.43101255259306, 'lLegPt.x1': 44.74471941611517, 'lLegPt.y1': 28.69310979858192, 'lLegPt.rA1': -34.11633318452081, 'lLegPt.rL2': 28.98096607643277, 'lLegPt.lL2': 28.795062770412876}",PRUNED
390,390,6.165703336144222,2026-04-14 14:10:01.375472,2026-04-14 14:10:05.222345,0 days 00:00:03.846873,54.913853300919634,24.43101255259306,28.795062770412876,-34.11633318452081,82.47235311096065,50.25982933866808,28.98096607643277,44.74471941611517,28.69310979858192,91.39945888059638,24.49103954798148,32.460045810296315,-53.551463462819754,65.05092181792922,38.996836135899116,92.86552460447788,40.264713811729216,20.03925270563138,Unattained target,GPSampler,"{'sLegPt.rL0': 65.05092181792922, 'sLegPt.lL0': 91.39945888059638, 'sLegPt.rL1': 38.996836135899116, 'sLegPt.lL1': 24.49103954798148, 'sLegPt.x1': 40.264713811729216, 'sLegPt.y1': 20.03925270563138, 'sLegPt.rA1': -53.551463462819754, 'sLegPt.rL2': 92.86552460447788, 'sLegPt.lL2': 32.460045810296315, 'lLegPt.rL0': 82.47235311096065, 'lLegPt.lL0': 54.913853300919634, 'lLegPt.rL1': 50.25982933866808, 'lLegPt.lL1': 24.43101255259306, 'lLegPt.x1': 44.74471941611517, 'lLegPt.y1': 28.69310979858192, 'lLegPt.rA1': -34.11633318452081, 'lLegPt.rL2': 28.98096607643277, 'lLegPt.lL2': 28.795062770412876}",PRUNED
391,391,9.576875088569395,2026-04-14 14:10:05.417374,2026-04-14 14:10:09.502135,0 days 00:00:04.084761,16.20519907498369,45.65259247170493,33.37330473172925,-56.58325514547957,91.06938995635514,49.82740559637359,31.54588437371036,38.84697119214832,13.533146532420517,12.437084973910085,71.39928077715936,74.94712305145714,-27.599949656429196,31.912984432457645,40.914874551651835,50.91238170297335,47.576945628751226,11.80126805641234,Unattained target,GPSampler,,PRUNED
392,392,9.576875080285028,2026-04-14 14:10:09.672194,2026-04-14 14:10:13.371349,0 days 00:00:03.699155,16.20519907498369,45.65259247170493,33.37330473172925,-56.58325514547957,91.06938995635514,49.82740559637359,31.54588437371036,38.84697119214832,13.533146532420517,12.437084973910085,71.39928077715936,74.94712305145714,-27.599949656429196,31.912984432457645,40.914874551651835,50.91238170297335,47.576945628751226,11.80126805641234,Unattained target,GPSampler,"{'sLegPt.rL0': 31.912984432457645, 'sLegPt.lL0': 12.437084973910085, 'sLegPt.rL1': 40.914874551651835, 'sLegPt.lL1': 71.39928077715936, 'sLegPt.x1': 47.576945628751226, 'sLegPt.y1': 11.80126805641234, 'sLegPt.rA1': -27.599949656429196, 'sLegPt.rL2': 50.91238170297335, 'sLegPt.lL2': 74.94712305145714, 'lLegPt.rL0': 91.06938995635514, 'lLegPt.lL0': 16.20519907498369, 'lLegPt.rL1': 49.82740559637359, 'lLegPt.lL1': 45.65259247170493, 'lLegPt.x1': 38.84697119214832, 'lLegPt.y1': 13.533146532420517, 'lLegPt.rA1': -56.58325514547957, 'lLegPt.rL2': 31.54588437371036, 'lLegPt.lL2': 33.37330473172925}",PRUNED
393,393,9.576875057295013,2026-04-14 14:10:13.539970,2026-04-14 14:10:17.733259,0 days 00:00:04.193289,16.20519907498369,45.65259247170493,33.37330473172925,-56.58325514547957,91.06938995635514,49.82740559637359,31.54588437371036,38.84697119214832,13.533146532420517,12.437084973910085,71.39928077715936,74.94712305145714,-27.599949656429196,31.912984432457645,40.914874551651835,50.91238170297335,47.576945628751226,11.80126805641234,Unattained target,GPSampler,"{'sLegPt.rL0': 31.912984432457645, 'sLegPt.lL0': 12.437084973910085, 'sLegPt.rL1': 40.914874551651835, 'sLegPt.lL1': 71.39928077715936, 'sLegPt.x1': 47.576945628751226, 'sLegPt.y1': 11.80126805641234, 'sLegPt.rA1': -27.599949656429196, 'sLegPt.rL2': 50.91238170297335, 'sLegPt.lL2': 74.94712305145714, 'lLegPt.rL0': 91.06938995635514, 'lLegPt.lL0': 16.20519907498369, 'lLegPt.rL1': 49.82740559637359, 'lLegPt.lL1': 45.65259247170493, 'lLegPt.x1': 38.84697119214832, 'lLegPt.y1': 13.533146532420517, 'lLegPt.rA1': -56.58325514547957, 'lLegPt.rL2': 31.54588437371036, 'lLegPt.lL2': 33.37330473172925}",PRUNED
394,394,6.715394152079011,2026-04-14 14:10:17.936635,2026-04-14 14:10:22.093056,0 days 00:00:04.156421,18.996174694743843,51.84572644038266,84.28808953630532,-39.454409409204885,64.23770587558438,36.28960663104638,69.71132439825823,45.77692408857491,27.68118287129069,61.835729967435434,62.56634459509325,50.27147893003755,-50.37069200012287,98.07869538187396,96.09638491124544,13.870611559320219,38.94560120388083,15.832237922882008,Unattained target,GPSampler,,PRUNED
395,395,6.715394267956995,2026-04-14 14:10:22.266169,2026-04-14 14:10:27.074678,0 days 00:00:04.808509,18.996174694743843,51.84572644038266,84.28808953630532,-39.454409409204885,64.23770587558438,36.28960663104638,69.71132439825823,45.77692408857491,27.68118287129069,61.835729967435434,62.56634459509325,50.27147893003755,-50.37069200012287,98.07869538187396,96.09638491124544,13.870611559320219,38.94560120388083,15.832237922882008,Unattained target,GPSampler,"{'sLegPt.rL0': 98.07869538187396, 'sLegPt.lL0': 61.835729967435434, 'sLegPt.rL1': 96.09638491124544, 'sLegPt.lL1': 62.56634459509325, 'sLegPt.x1': 38.94560120388083, 'sLegPt.y1': 15.832237922882008, 'sLegPt.rA1': -50.37069200012287, 'sLegPt.rL2': 13.870611559320219, 'sLegPt.lL2': 50.27147893003755, 'lLegPt.rL0': 64.23770587558438, 'lLegPt.lL0': 18.996174694743843, 'lLegPt.rL1': 36.28960663104638, 'lLegPt.lL1': 51.84572644038266, 'lLegPt.x1': 45.77692408857491, 'lLegPt.y1': 27.68118287129069, 'lLegPt.rA1': -39.454409409204885, 'lLegPt.rL2': 69.71132439825823, 'lLegPt.lL2': 84.28808953630532}",PRUNED
396,396,6.715394416323143,2026-04-14 14:10:27.257732,2026-04-14 14:10:31.257848,0 days 00:00:04.000116,18.996174694743843,51.84572644038266,84.28808953630532,-39.454409409204885,64.23770587558438,36.28960663104638,69.71132439825823,45.77692408857491,27.68118287129069,61.835729967435434,62.56634459509325,50.27147893003755,-50.37069200012287,98.07869538187396,96.09638491124544,13.870611559320219,38.94560120388083,15.832237922882008,Unattained target,GPSampler,"{'sLegPt.rL0': 98.07869538187396, 'sLegPt.lL0': 61.835729967435434, 'sLegPt.rL1': 96.09638491124544, 'sLegPt.lL1': 62.56634459509325, 'sLegPt.x1': 38.94560120388083, 'sLegPt.y1': 15.832237922882008, 'sLegPt.rA1': -50.37069200012287, 'sLegPt.rL2': 13.870611559320219, 'sLegPt.lL2': 50.27147893003755, 'lLegPt.rL0': 64.23770587558438, 'lLegPt.lL0': 18.996174694743843, 'lLegPt.rL1': 36.28960663104638, 'lLegPt.lL1': 51.84572644038266, 'lLegPt.x1': 45.77692408857491, 'lLegPt.y1': 27.68118287129069, 'lLegPt.rA1': -39.454409409204885, 'lLegPt.rL2': 69.71132439825823, 'lLegPt.lL2': 84.28808953630532}",PRUNED
397,397,5.3365894864695775,2026-04-14 14:10:31.425594,2026-04-14 14:10:35.701721,0 days 00:00:04.276127,96.84589378385964,23.490402988767684,65.42605184898991,-35.1783813951989,44.68906790114556,12.058828020573081,56.559182220695725,41.29785090950913,29.883806394320768,36.29466695413699,44.869275824297716,21.638191727434613,-30.5353715061809,69.99034342375812,82.26150448149068,53.88033334550575,41.92171965897698,22.263861960684473,Unattained target,GPSampler,,PRUNED
398,398,5.336589515435772,2026-04-14 14:10:35.875802,2026-04-14 14:10:40.031778,0 days 00:00:04.155976,96.84589378385964,23.490402988767684,65.42605184898991,-35.1783813951989,44.68906790114556,12.058828020573081,56.559182220695725,41.29785090950913,29.883806394320768,36.29466695413699,44.869275824297716,21.638191727434613,-30.5353715061809,69.99034342375812,82.26150448149068,53.88033334550575,41.92171965897698,22.263861960684473,Unattained target,GPSampler,"{'sLegPt.rL0': 69.99034342375812, 'sLegPt.lL0': 36.29466695413699, 'sLegPt.rL1': 82.26150448149068, 'sLegPt.lL1': 44.869275824297716, 'sLegPt.x1': 41.92171965897698, 'sLegPt.y1': 22.263861960684473, 'sLegPt.rA1': -30.5353715061809, 'sLegPt.rL2': 53.88033334550575, 'sLegPt.lL2': 21.638191727434613, 'lLegPt.rL0': 44.68906790114556, 'lLegPt.lL0': 96.84589378385964, 'lLegPt.rL1': 12.058828020573081, 'lLegPt.lL1': 23.490402988767684, 'lLegPt.x1': 41.29785090950913, 'lLegPt.y1': 29.883806394320768, 'lLegPt.rA1': -35.1783813951989, 'lLegPt.rL2': 56.559182220695725, 'lLegPt.lL2': 65.42605184898991}",PRUNED
399,399,5.336589311833418,2026-04-14 14:10:40.215422,2026-04-14 14:10:44.051903,0 days 00:00:03.836481,96.84589378385964,23.490402988767684,65.42605184898991,-35.1783813951989,44.68906790114556,12.058828020573081,56.559182220695725,41.29785090950913,29.883806394320768,36.29466695413699,44.869275824297716,21.638191727434613,-30.5353715061809,69.99034342375812,82.26150448149068,53.88033334550575,41.92171965897698,22.263861960684473,Unattained target,GPSampler,"{'sLegPt.rL0': 69.99034342375812, 'sLegPt.lL0': 36.29466695413699, 'sLegPt.rL1': 82.26150448149068, 'sLegPt.lL1': 44.869275824297716, 'sLegPt.x1': 41.92171965897698, 'sLegPt.y1': 22.263861960684473, 'sLegPt.rA1': -30.5353715061809, 'sLegPt.rL2': 53.88033334550575, 'sLegPt.lL2': 21.638191727434613, 'lLegPt.rL0': 44.68906790114556, 'lLegPt.lL0': 96.84589378385964, 'lLegPt.rL1': 12.058828020573081, 'lLegPt.lL1': 23.490402988767684, 'lLegPt.x1': 41.29785090950913, 'lLegPt.y1': 29.883806394320768, 'lLegPt.rA1': -35.1783813951989, 'lLegPt.rL2': 56.559182220695725, 'lLegPt.lL2': 65.42605184898991}",PRUNED
400,400,5.108525401248755,2026-04-14 14:10:44.219487,2026-04-14 14:10:52.611508,0 days 00:00:08.392021,57.44087161843716,36.921666177344456,59.07171067432572,-65.53980597303826,40.625116918861465,18.38851678783647,66.74210640426568,42.05122783801898,21.797830054347184,92.38196949323986,86.4526200520228,40.34236187961875,-26.74684226145571,76.303189251363,89.65598921312731,95.27372131921139,36.47643238092812,19.442586416182433,Unattained target,GPSampler,,PRUNED
401,401,5.1085931701869285,2026-04-14 14:10:52.791060,2026-04-14 14:11:01.182384,0 days 00:00:08.391324,57.44087161843716,36.921666177344456,59.07171067432572,-65.53980597303826,40.625116918861465,18.38851678783647,66.74210640426568,42.05122783801898,21.797830054347184,92.38196949323986,86.4526200520228,40.34236187961875,-26.74684226145571,76.303189251363,89.65598921312731,95.27372131921139,36.47643238092812,19.442586416182433,Unattained target,GPSampler,"{'sLegPt.rL0': 76.303189251363, 'sLegPt.lL0': 92.38196949323986, 'sLegPt.rL1': 89.65598921312731, 'sLegPt.lL1': 86.4526200520228, 'sLegPt.x1': 36.47643238092812, 'sLegPt.y1': 19.442586416182433, 'sLegPt.rA1': -26.74684226145571, 'sLegPt.rL2': 95.27372131921139, 'sLegPt.lL2': 40.34236187961875, 'lLegPt.rL0': 40.625116918861465, 'lLegPt.lL0': 57.44087161843716, 'lLegPt.rL1': 18.38851678783647, 'lLegPt.lL1': 36.921666177344456, 'lLegPt.x1': 42.05122783801898, 'lLegPt.y1': 21.797830054347184, 'lLegPt.rA1': -65.53980597303826, 'lLegPt.rL2': 66.74210640426568, 'lLegPt.lL2': 59.07171067432572}",PRUNED
402,402,5.108518127584873,2026-04-14 14:11:01.383649,2026-04-14 14:11:09.566561,0 days 00:00:08.182912,57.44087161843716,36.921666177344456,59.07171067432572,-65.53980597303826,40.625116918861465,18.38851678783647,66.74210640426568,42.05122783801898,21.797830054347184,92.38196949323986,86.4526200520228,40.34236187961875,-26.74684226145571,76.303189251363,89.65598921312731,95.27372131921139,36.47643238092812,19.442586416182433,Unattained target,GPSampler,"{'sLegPt.rL0': 76.303189251363, 'sLegPt.lL0': 92.38196949323986, 'sLegPt.rL1': 89.65598921312731, 'sLegPt.lL1': 86.4526200520228, 'sLegPt.x1': 36.47643238092812, 'sLegPt.y1': 19.442586416182433, 'sLegPt.rA1': -26.74684226145571, 'sLegPt.rL2': 95.27372131921139, 'sLegPt.lL2': 40.34236187961875, 'lLegPt.rL0': 40.625116918861465, 'lLegPt.lL0': 57.44087161843716, 'lLegPt.rL1': 18.38851678783647, 'lLegPt.lL1': 36.921666177344456, 'lLegPt.x1': 42.05122783801898, 'lLegPt.y1': 21.797830054347184, 'lLegPt.rA1': -65.53980597303826, 'lLegPt.rL2': 66.74210640426568, 'lLegPt.lL2': 59.07171067432572}",PRUNED
403,403,8.902619473397337,2026-04-14 14:11:09.759011,2026-04-14 14:11:13.810744,0 days 00:00:04.051733,53.28898179012465,65.60107078368344,97.30167223145997,-40.37040164440319,68.43182224438307,47.33621200891682,20.703018857801105,48.483641647798265,29.866012666521065,23.494504446485426,87.72702217461946,15.874690560114075,-34.546801139040426,99.53953468610158,92.47194042383427,47.75980420442095,31.219201515929875,16.838575739485073,Unattained target,GPSampler,,PRUNED
404,404,8.902619701366987,2026-04-14 14:11:13.993790,2026-04-14 14:11:18.091565,0 days 00:00:04.097775,53.28898179012465,65.60107078368344,97.30167223145997,-40.37040164440319,68.43182224438307,47.33621200891682,20.703018857801105,48.483641647798265,29.866012666521065,23.494504446485426,87.72702217461946,15.874690560114075,-34.546801139040426,99.53953468610158,92.47194042383427,47.75980420442095,31.219201515929875,16.838575739485073,Unattained target,GPSampler,"{'sLegPt.rL0': 99.53953468610158, 'sLegPt.lL0': 23.494504446485426, 'sLegPt.rL1': 92.47194042383427, 'sLegPt.lL1': 87.72702217461946, 'sLegPt.x1': 31.219201515929875, 'sLegPt.y1': 16.838575739485073, 'sLegPt.rA1': -34.546801139040426, 'sLegPt.rL2': 47.75980420442095, 'sLegPt.lL2': 15.874690560114075, 'lLegPt.rL0': 68.43182224438307, 'lLegPt.lL0': 53.28898179012465, 'lLegPt.rL1': 47.33621200891682, 'lLegPt.lL1': 65.60107078368344, 'lLegPt.x1': 48.483641647798265, 'lLegPt.y1': 29.866012666521065, 'lLegPt.rA1': -40.37040164440319, 'lLegPt.rL2': 20.703018857801105, 'lLegPt.lL2': 97.30167223145997}",PRUNED
405,405,8.90262038191534,2026-04-14 14:11:18.266648,2026-04-14 14:11:22.188373,0 days 00:00:03.921725,53.28898179012465,65.60107078368344,97.30167223145997,-40.37040164440319,68.43182224438307,47.33621200891682,20.703018857801105,48.483641647798265,29.866012666521065,23.494504446485426,87.72702217461946,15.874690560114075,-34.546801139040426,99.53953468610158,92.47194042383427,47.75980420442095,31.219201515929875,16.838575739485073,Unattained target,GPSampler,"{'sLegPt.rL0': 99.53953468610158, 'sLegPt.lL0': 23.494504446485426, 'sLegPt.rL1': 92.47194042383427, 'sLegPt.lL1': 87.72702217461946, 'sLegPt.x1': 31.219201515929875, 'sLegPt.y1': 16.838575739485073, 'sLegPt.rA1': -34.546801139040426, 'sLegPt.rL2': 47.75980420442095, 'sLegPt.lL2': 15.874690560114075, 'lLegPt.rL0': 68.43182224438307, 'lLegPt.lL0': 53.28898179012465, 'lLegPt.rL1': 47.33621200891682, 'lLegPt.lL1': 65.60107078368344, 'lLegPt.x1': 48.483641647798265, 'lLegPt.y1': 29.866012666521065, 'lLegPt.rA1': -40.37040164440319, 'lLegPt.rL2': 20.703018857801105, 'lLegPt.lL2': 97.30167223145997}",PRUNED
406,406,7.5234301483389885,2026-04-14 14:11:22.372682,2026-04-14 14:11:26.449928,0 days 00:00:04.077246,65.83661529481154,99.09805252308925,55.52870884230748,-63.66645019661484,11.021982980910662,30.03997946196376,40.414651826211944,43.605587767797644,10.566307687706203,71.46220634631717,22.853845881924645,28.021372636833036,-57.963089153842546,18.694318567430727,93.20106472552395,21.98097909563836,35.55512556448764,13.554596063312061,Unattained target,GPSampler,,PRUNED
407,407,7.523430172010642,2026-04-14 14:11:26.608955,2026-04-14 14:11:31.220472,0 days 00:00:04.611517,65.83661529481154,99.09805252308925,55.52870884230748,-63.66645019661484,11.021982980910662,30.03997946196376,40.414651826211944,43.605587767797644,10.566307687706203,71.46220634631717,22.853845881924645,28.021372636833036,-57.963089153842546,18.694318567430727,93.20106472552395,21.98097909563836,35.55512556448764,13.554596063312061,Unattained target,GPSampler,"{'sLegPt.rL0': 18.694318567430727, 'sLegPt.lL0': 71.46220634631717, 'sLegPt.rL1': 93.20106472552395, 'sLegPt.lL1': 22.853845881924645, 'sLegPt.x1': 35.55512556448764, 'sLegPt.y1': 13.554596063312061, 'sLegPt.rA1': -57.963089153842546, 'sLegPt.rL2': 21.98097909563836, 'sLegPt.lL2': 28.021372636833036, 'lLegPt.rL0': 11.021982980910662, 'lLegPt.lL0': 65.83661529481154, 'lLegPt.rL1': 30.03997946196376, 'lLegPt.lL1': 99.09805252308925, 'lLegPt.x1': 43.605587767797644, 'lLegPt.y1': 10.566307687706203, 'lLegPt.rA1': -63.66645019661484, 'lLegPt.rL2': 40.414651826211944, 'lLegPt.lL2': 55.52870884230748}",PRUNED
408,408,7.523430222789017,2026-04-14 14:11:31.368809,2026-04-14 14:11:35.261776,0 days 00:00:03.892967,65.83661529481154,99.09805252308925,55.52870884230748,-63.66645019661484,11.021982980910662,30.03997946196376,40.414651826211944,43.605587767797644,10.566307687706203,71.46220634631717,22.853845881924645,28.021372636833036,-57.963089153842546,18.694318567430727,93.20106472552395,21.98097909563836,35.55512556448764,13.554596063312061,Unattained target,GPSampler,"{'sLegPt.rL0': 18.694318567430727, 'sLegPt.lL0': 71.46220634631717, 'sLegPt.rL1': 93.20106472552395, 'sLegPt.lL1': 22.853845881924645, 'sLegPt.x1': 35.55512556448764, 'sLegPt.y1': 13.554596063312061, 'sLegPt.rA1': -57.963089153842546, 'sLegPt.rL2': 21.98097909563836, 'sLegPt.lL2': 28.021372636833036, 'lLegPt.rL0': 11.021982980910662, 'lLegPt.lL0': 65.83661529481154, 'lLegPt.rL1': 30.03997946196376, 'lLegPt.lL1': 99.09805252308925, 'lLegPt.x1': 43.605587767797644, 'lLegPt.y1': 10.566307687706203, 'lLegPt.rA1': -63.66645019661484, 'lLegPt.rL2': 40.414651826211944, 'lLegPt.lL2': 55.52870884230748}",PRUNED
409,409,5.578977194920753,2026-04-14 14:11:35.454264,2026-04-14 14:11:45.090728,0 days 00:00:09.636464,46.857932530169876,40.425238786146416,20.41192072019989,-30.342262948912733,45.724675798161435,53.45495603192444,86.48188918738215,36.2318360277193,28.640119725221837,32.415821258701556,38.21236404199304,28.454175292362557,-58.03833640907034,70.78034008821972,11.253273746842948,65.86571410143273,48.280374949939855,12.578185730667046,Unattained target,GPSampler,,PRUNED
