,number,value,datetime_start,datetime_complete,duration,params_lLegPt.lL0,params_lLegPt.lL1,params_lLegPt.lL2,params_lLegPt.rA1,params_lLegPt.rL0,params_lLegPt.rL1,params_lLegPt.rL2,params_lLegPt.x1,params_lLegPt.y1,params_sLegPt.lL0,params_sLegPt.lL1,params_sLegPt.lL2,params_sLegPt.rA1,params_sLegPt.rL0,params_sLegPt.rL1,params_sLegPt.rL2,params_sLegPt.x1,params_sLegPt.y1,user_attrs_prune,system_attrs_auto:sampler,system_attrs_fixed_params,state
434,434,5.348138759726915,2026-04-14 14:13:58.276993,2026-04-14 14:14:06.477465,0 days 00:00:08.200472,60.69334410408816,21.241848731052528,72.91125327982937,-27.811057140384357,51.21092126369717,14.849407201959185,78.25557059344666,40.89629208821396,22.930008707882777,13.800838709049065,33.39106786759248,10.49411082467111,-53.02268898173902,27.624474398394277,64.11923099583959,30.691055983704,47.8079648313218,27.53400730178668,Unattained target,GPSampler,"{'sLegPt.rL0': 27.624474398394277, 'sLegPt.lL0': 13.800838709049065, 'sLegPt.rL1': 64.11923099583959, 'sLegPt.lL1': 33.39106786759248, 'sLegPt.x1': 47.8079648313218, 'sLegPt.y1': 27.53400730178668, 'sLegPt.rA1': -53.02268898173902, 'sLegPt.rL2': 30.691055983704, 'sLegPt.lL2': 10.49411082467111, 'lLegPt.rL0': 51.21092126369717, 'lLegPt.lL0': 60.69334410408816, 'lLegPt.rL1': 14.849407201959185, 'lLegPt.lL1': 21.241848731052528, 'lLegPt.x1': 40.89629208821396, 'lLegPt.y1': 22.930008707882777, 'lLegPt.rA1': -27.811057140384357, 'lLegPt.rL2': 78.25557059344666, 'lLegPt.lL2': 72.91125327982937}",PRUNED
435,435,5.547902606054535,2026-04-14 14:14:06.673975,2026-04-14 14:14:14.922474,0 days 00:00:08.248499,60.69334410408816,21.241848731052528,72.91125327982937,-27.811057140384357,51.21092126369717,14.849407201959185,78.25557059344666,40.89629208821396,22.930008707882777,13.800838709049065,33.39106786759248,10.49411082467111,-53.02268898173902,27.624474398394277,64.11923099583959,30.691055983704,47.8079648313218,27.53400730178668,Unattained target,GPSampler,"{'sLegPt.rL0': 27.624474398394277, 'sLegPt.lL0': 13.800838709049065, 'sLegPt.rL1': 64.11923099583959, 'sLegPt.lL1': 33.39106786759248, 'sLegPt.x1': 47.8079648313218, 'sLegPt.y1': 27.53400730178668, 'sLegPt.rA1': -53.02268898173902, 'sLegPt.rL2': 30.691055983704, 'sLegPt.lL2': 10.49411082467111, 'lLegPt.rL0': 51.21092126369717, 'lLegPt.lL0': 60.69334410408816, 'lLegPt.rL1': 14.849407201959185, 'lLegPt.lL1': 21.241848731052528, 'lLegPt.x1': 40.89629208821396, 'lLegPt.y1': 22.930008707882777, 'lLegPt.rA1': -27.811057140384357, 'lLegPt.rL2': 78.25557059344666, 'lLegPt.lL2': 72.91125327982937}",PRUNED
436,436,5.614928501202961,2026-04-14 14:14:15.082289,2026-04-14 14:14:20.354947,0 days 00:00:05.272658,47.0466883755489,12.888425100965224,57.05047107471695,-74.4167449091864,17.719870209966366,13.942748879780122,49.36809187250236,38.769903123964,17.482466135807417,72.35780166893535,59.959589462674764,41.480085856915665,-48.41059220240602,22.595843362851483,26.768197274995746,65.40123372896511,39.551114480587714,16.144496025699596,Unattained target,GPSampler,,PRUNED
437,437,5.591358479742965,2026-04-14 14:14:20.539200,2026-04-14 14:14:25.943824,0 days 00:00:05.404624,47.0466883755489,12.888425100965224,57.05047107471695,-74.4167449091864,17.719870209966366,13.942748879780122,49.36809187250236,38.769903123964,17.482466135807417,72.35780166893535,59.959589462674764,41.480085856915665,-48.41059220240602,22.595843362851483,26.768197274995746,65.40123372896511,39.551114480587714,16.144496025699596,Unattained target,GPSampler,"{'sLegPt.rL0': 22.595843362851483, 'sLegPt.lL0': 72.35780166893535, 'sLegPt.rL1': 26.768197274995746, 'sLegPt.lL1': 59.959589462674764, 'sLegPt.x1': 39.551114480587714, 'sLegPt.y1': 16.144496025699596, 'sLegPt.rA1': -48.41059220240602, 'sLegPt.rL2': 65.40123372896511, 'sLegPt.lL2': 41.480085856915665, 'lLegPt.rL0': 17.719870209966366, 'lLegPt.lL0': 47.0466883755489, 'lLegPt.rL1': 13.942748879780122, 'lLegPt.lL1': 12.888425100965224, 'lLegPt.x1': 38.769903123964, 'lLegPt.y1': 17.482466135807417, 'lLegPt.rA1': -74.4167449091864, 'lLegPt.rL2': 49.36809187250236, 'lLegPt.lL2': 57.05047107471695}",PRUNED
438,438,5.649116860877129,2026-04-14 14:14:26.135452,2026-04-14 14:14:31.269638,0 days 00:00:05.134186,47.0466883755489,12.888425100965224,57.05047107471695,-74.4167449091864,17.719870209966366,13.942748879780122,49.36809187250236,38.769903123964,17.482466135807417,72.35780166893535,59.959589462674764,41.480085856915665,-48.41059220240602,22.595843362851483,26.768197274995746,65.40123372896511,39.551114480587714,16.144496025699596,Unattained target,GPSampler,"{'sLegPt.rL0': 22.595843362851483, 'sLegPt.lL0': 72.35780166893535, 'sLegPt.rL1': 26.768197274995746, 'sLegPt.lL1': 59.959589462674764, 'sLegPt.x1': 39.551114480587714, 'sLegPt.y1': 16.144496025699596, 'sLegPt.rA1': -48.41059220240602, 'sLegPt.rL2': 65.40123372896511, 'sLegPt.lL2': 41.480085856915665, 'lLegPt.rL0': 17.719870209966366, 'lLegPt.lL0': 47.0466883755489, 'lLegPt.rL1': 13.942748879780122, 'lLegPt.lL1': 12.888425100965224, 'lLegPt.x1': 38.769903123964, 'lLegPt.y1': 17.482466135807417, 'lLegPt.rA1': -74.4167449091864, 'lLegPt.rL2': 49.36809187250236, 'lLegPt.lL2': 57.05047107471695}",PRUNED
439,439,9.674387874092389,2026-04-14 14:14:31.452689,2026-04-14 14:14:35.762288,0 days 00:00:04.309599,33.60881130604349,73.478431509245,36.94115450546609,-56.380879506372494,54.072252780924295,83.32045762760148,69.87774029286314,33.53442152894095,27.892082174067465,28.873875978937658,27.819033386833446,36.086254301283944,-26.573981064882837,45.86532997753087,81.97787057955553,31.470665763792052,30.403164064759,26.92997114475713,Unattained target,GPSampler,,PRUNED
440,440,9.674388132284669,2026-04-14 14:14:35.937762,2026-04-14 14:14:39.933406,0 days 00:00:03.995644,33.60881130604349,73.478431509245,36.94115450546609,-56.380879506372494,54.072252780924295,83.32045762760148,69.87774029286314,33.53442152894095,27.892082174067465,28.873875978937658,27.819033386833446,36.086254301283944,-26.573981064882837,45.86532997753087,81.97787057955553,31.470665763792052,30.403164064759,26.92997114475713,Unattained target,GPSampler,"{'sLegPt.rL0': 45.86532997753087, 'sLegPt.lL0': 28.873875978937658, 'sLegPt.rL1': 81.97787057955553, 'sLegPt.lL1': 27.819033386833446, 'sLegPt.x1': 30.403164064759, 'sLegPt.y1': 26.92997114475713, 'sLegPt.rA1': -26.573981064882837, 'sLegPt.rL2': 31.470665763792052, 'sLegPt.lL2': 36.086254301283944, 'lLegPt.rL0': 54.072252780924295, 'lLegPt.lL0': 33.60881130604349, 'lLegPt.rL1': 83.32045762760148, 'lLegPt.lL1': 73.478431509245, 'lLegPt.x1': 33.53442152894095, 'lLegPt.y1': 27.892082174067465, 'lLegPt.rA1': -56.380879506372494, 'lLegPt.rL2': 69.87774029286314, 'lLegPt.lL2': 36.94115450546609}",PRUNED
441,441,9.674387878440882,2026-04-14 14:14:40.108532,2026-04-14 14:14:44.064735,0 days 00:00:03.956203,33.60881130604349,73.478431509245,36.94115450546609,-56.380879506372494,54.072252780924295,83.32045762760148,69.87774029286314,33.53442152894095,27.892082174067465,28.873875978937658,27.819033386833446,36.086254301283944,-26.573981064882837,45.86532997753087,81.97787057955553,31.470665763792052,30.403164064759,26.92997114475713,Unattained target,GPSampler,"{'sLegPt.rL0': 45.86532997753087, 'sLegPt.lL0': 28.873875978937658, 'sLegPt.rL1': 81.97787057955553, 'sLegPt.lL1': 27.819033386833446, 'sLegPt.x1': 30.403164064759, 'sLegPt.y1': 26.92997114475713, 'sLegPt.rA1': -26.573981064882837, 'sLegPt.rL2': 31.470665763792052, 'sLegPt.lL2': 36.086254301283944, 'lLegPt.rL0': 54.072252780924295, 'lLegPt.lL0': 33.60881130604349, 'lLegPt.rL1': 83.32045762760148, 'lLegPt.lL1': 73.478431509245, 'lLegPt.x1': 33.53442152894095, 'lLegPt.y1': 27.892082174067465, 'lLegPt.rA1': -56.380879506372494, 'lLegPt.rL2': 69.87774029286314, 'lLegPt.lL2': 36.94115450546609}",PRUNED
442,442,6.816586840211109,2026-04-14 14:14:44.201328,2026-04-14 14:14:48.039617,0 days 00:00:03.838289,56.20491542970671,82.58046524535837,34.43748001154489,-77.47150860497833,15.561603713981786,52.77552216069858,30.441505394578247,32.58071685661133,21.08163032064482,93.14983765799006,31.194554787158502,60.70142126166893,-69.78576645127521,39.29773696095174,47.633909295721885,22.779068797508625,37.64946613504338,15.41607006167524,Unattained target,GPSampler,,PRUNED
443,443,6.816586921599331,2026-04-14 14:14:48.182367,2026-04-14 14:14:52.130176,0 days 00:00:03.947809,56.20491542970671,82.58046524535837,34.43748001154489,-77.47150860497833,15.561603713981786,52.77552216069858,30.441505394578247,32.58071685661133,21.08163032064482,93.14983765799006,31.194554787158502,60.70142126166893,-69.78576645127521,39.29773696095174,47.633909295721885,22.779068797508625,37.64946613504338,15.41607006167524,Unattained target,GPSampler,"{'sLegPt.rL0': 39.29773696095174, 'sLegPt.lL0': 93.14983765799006, 'sLegPt.rL1': 47.633909295721885, 'sLegPt.lL1': 31.194554787158502, 'sLegPt.x1': 37.64946613504338, 'sLegPt.y1': 15.41607006167524, 'sLegPt.rA1': -69.78576645127521, 'sLegPt.rL2': 22.779068797508625, 'sLegPt.lL2': 60.70142126166893, 'lLegPt.rL0': 15.561603713981786, 'lLegPt.lL0': 56.20491542970671, 'lLegPt.rL1': 52.77552216069858, 'lLegPt.lL1': 82.58046524535837, 'lLegPt.x1': 32.58071685661133, 'lLegPt.y1': 21.08163032064482, 'lLegPt.rA1': -77.47150860497833, 'lLegPt.rL2': 30.441505394578247, 'lLegPt.lL2': 34.43748001154489}",PRUNED
444,444,6.81658656391825,2026-04-14 14:14:52.302733,2026-04-14 14:14:56.376116,0 days 00:00:04.073383,56.20491542970671,82.58046524535837,34.43748001154489,-77.47150860497833,15.561603713981786,52.77552216069858,30.441505394578247,32.58071685661133,21.08163032064482,93.14983765799006,31.194554787158502,60.70142126166893,-69.78576645127521,39.29773696095174,47.633909295721885,22.779068797508625,37.64946613504338,15.41607006167524,Unattained target,GPSampler,"{'sLegPt.rL0': 39.29773696095174, 'sLegPt.lL0': 93.14983765799006, 'sLegPt.rL1': 47.633909295721885, 'sLegPt.lL1': 31.194554787158502, 'sLegPt.x1': 37.64946613504338, 'sLegPt.y1': 15.41607006167524, 'sLegPt.rA1': -69.78576645127521, 'sLegPt.rL2': 22.779068797508625, 'sLegPt.lL2': 60.70142126166893, 'lLegPt.rL0': 15.561603713981786, 'lLegPt.lL0': 56.20491542970671, 'lLegPt.rL1': 52.77552216069858, 'lLegPt.lL1': 82.58046524535837, 'lLegPt.x1': 32.58071685661133, 'lLegPt.y1': 21.08163032064482, 'lLegPt.rA1': -77.47150860497833, 'lLegPt.rL2': 30.441505394578247, 'lLegPt.lL2': 34.43748001154489}",PRUNED
445,445,12.456074154604906,2026-04-14 14:14:56.540456,2026-04-14 14:15:00.751553,0 days 00:00:04.211097,46.04670741741106,76.40039929484671,75.69838125277086,-53.186267877719146,89.35546286357615,97.9310747090843,59.3903482205675,34.32081496028755,26.55466866862406,55.650949127099246,74.4227644184359,83.18832228495457,-65.74962292362203,64.35417577720222,60.76639667546894,11.47886499208617,34.0391216809207,28.98625784888529,Unattained target,GPSampler,,PRUNED
446,446,12.456073926991493,2026-04-14 14:15:00.930800,2026-04-14 14:15:05.023182,0 days 00:00:04.092382,46.04670741741106,76.40039929484671,75.69838125277086,-53.186267877719146,89.35546286357615,97.9310747090843,59.3903482205675,34.32081496028755,26.55466866862406,55.650949127099246,74.4227644184359,83.18832228495457,-65.74962292362203,64.35417577720222,60.76639667546894,11.47886499208617,34.0391216809207,28.98625784888529,Unattained target,GPSampler,"{'sLegPt.rL0': 64.35417577720222, 'sLegPt.lL0': 55.650949127099246, 'sLegPt.rL1': 60.76639667546894, 'sLegPt.lL1': 74.4227644184359, 'sLegPt.x1': 34.0391216809207, 'sLegPt.y1': 28.98625784888529, 'sLegPt.rA1': -65.74962292362203, 'sLegPt.rL2': 11.47886499208617, 'sLegPt.lL2': 83.18832228495457, 'lLegPt.rL0': 89.35546286357615, 'lLegPt.lL0': 46.04670741741106, 'lLegPt.rL1': 97.9310747090843, 'lLegPt.lL1': 76.40039929484671, 'lLegPt.x1': 34.32081496028755, 'lLegPt.y1': 26.55466866862406, 'lLegPt.rA1': -53.186267877719146, 'lLegPt.rL2': 59.3903482205675, 'lLegPt.lL2': 75.69838125277086}",PRUNED
447,447,12.456073997391456,2026-04-14 14:15:05.201412,2026-04-14 14:15:09.250751,0 days 00:00:04.049339,46.04670741741106,76.40039929484671,75.69838125277086,-53.186267877719146,89.35546286357615,97.9310747090843,59.3903482205675,34.32081496028755,26.55466866862406,55.650949127099246,74.4227644184359,83.18832228495457,-65.74962292362203,64.35417577720222,60.76639667546894,11.47886499208617,34.0391216809207,28.98625784888529,Unattained target,GPSampler,"{'sLegPt.rL0': 64.35417577720222, 'sLegPt.lL0': 55.650949127099246, 'sLegPt.rL1': 60.76639667546894, 'sLegPt.lL1': 74.4227644184359, 'sLegPt.x1': 34.0391216809207, 'sLegPt.y1': 28.98625784888529, 'sLegPt.rA1': -65.74962292362203, 'sLegPt.rL2': 11.47886499208617, 'sLegPt.lL2': 83.18832228495457, 'lLegPt.rL0': 89.35546286357615, 'lLegPt.lL0': 46.04670741741106, 'lLegPt.rL1': 97.9310747090843, 'lLegPt.lL1': 76.40039929484671, 'lLegPt.x1': 34.32081496028755, 'lLegPt.y1': 26.55466866862406, 'lLegPt.rA1': -53.186267877719146, 'lLegPt.rL2': 59.3903482205675, 'lLegPt.lL2': 75.69838125277086}",PRUNED
448,448,6.340839007560497,2026-04-14 14:15:09.418098,2026-04-14 14:15:13.998165,0 days 00:00:04.580067,26.164221408132427,93.831388458474,81.37158024932347,-25.75591210459409,66.77772490985998,88.71071406719427,66.8514922298416,32.75546493849309,18.633293746229644,59.9607835991575,17.581855420689635,87.55212907411821,-37.925753453868886,84.00485257947216,80.6770081283801,33.890002760591585,38.52466449540707,29.01627001325274,Unattained target,GPSampler,,PRUNED
449,449,6.340838891670959,2026-04-14 14:15:14.183802,2026-04-14 14:15:18.256715,0 days 00:00:04.072913,26.164221408132427,93.831388458474,81.37158024932347,-25.75591210459409,66.77772490985998,88.71071406719427,66.8514922298416,32.75546493849309,18.633293746229644,59.9607835991575,17.581855420689635,87.55212907411821,-37.925753453868886,84.00485257947216,80.6770081283801,33.890002760591585,38.52466449540707,29.01627001325274,Unattained target,GPSampler,"{'sLegPt.rL0': 84.00485257947216, 'sLegPt.lL0': 59.9607835991575, 'sLegPt.rL1': 80.6770081283801, 'sLegPt.lL1': 17.581855420689635, 'sLegPt.x1': 38.52466449540707, 'sLegPt.y1': 29.01627001325274, 'sLegPt.rA1': -37.925753453868886, 'sLegPt.rL2': 33.890002760591585, 'sLegPt.lL2': 87.55212907411821, 'lLegPt.rL0': 66.77772490985998, 'lLegPt.lL0': 26.164221408132427, 'lLegPt.rL1': 88.71071406719427, 'lLegPt.lL1': 93.831388458474, 'lLegPt.x1': 32.75546493849309, 'lLegPt.y1': 18.633293746229644, 'lLegPt.rA1': -25.75591210459409, 'lLegPt.rL2': 66.8514922298416, 'lLegPt.lL2': 81.37158024932347}",PRUNED
450,450,6.340838821673525,2026-04-14 14:15:18.438421,2026-04-14 14:15:22.813615,0 days 00:00:04.375194,26.164221408132427,93.831388458474,81.37158024932347,-25.75591210459409,66.77772490985998,88.71071406719427,66.8514922298416,32.75546493849309,18.633293746229644,59.9607835991575,17.581855420689635,87.55212907411821,-37.925753453868886,84.00485257947216,80.6770081283801,33.890002760591585,38.52466449540707,29.01627001325274,Unattained target,GPSampler,"{'sLegPt.rL0': 84.00485257947216, 'sLegPt.lL0': 59.9607835991575, 'sLegPt.rL1': 80.6770081283801, 'sLegPt.lL1': 17.581855420689635, 'sLegPt.x1': 38.52466449540707, 'sLegPt.y1': 29.01627001325274, 'sLegPt.rA1': -37.925753453868886, 'sLegPt.rL2': 33.890002760591585, 'sLegPt.lL2': 87.55212907411821, 'lLegPt.rL0': 66.77772490985998, 'lLegPt.lL0': 26.164221408132427, 'lLegPt.rL1': 88.71071406719427, 'lLegPt.lL1': 93.831388458474, 'lLegPt.x1': 32.75546493849309, 'lLegPt.y1': 18.633293746229644, 'lLegPt.rA1': -25.75591210459409, 'lLegPt.rL2': 66.8514922298416, 'lLegPt.lL2': 81.37158024932347}",PRUNED
451,451,5.160328070646933,2026-04-14 14:15:22.985564,2026-04-14 14:15:30.680527,0 days 00:00:07.694963,98.0343041560949,28.056400229735626,27.880899474907604,-23.341750339294776,51.74221807224328,37.68565643855747,86.11482360042697,49.701008986216806,21.036082033866897,28.131885282110883,45.056868703078145,40.30226317229237,-58.75014788276256,22.397514097721643,73.00641498005169,84.38687276972615,47.48567224223116,26.76149609938898,Unattained target,GPSampler,,PRUNED
452,452,5.160173464469601,2026-04-14 14:15:30.890602,2026-04-14 14:15:39.148359,0 days 00:00:08.257757,98.0343041560949,28.056400229735626,27.880899474907604,-23.341750339294776,51.74221807224328,37.68565643855747,86.11482360042697,49.701008986216806,21.036082033866897,28.131885282110883,45.056868703078145,40.30226317229237,-58.75014788276256,22.397514097721643,73.00641498005169,84.38687276972615,47.48567224223116,26.76149609938898,Unattained target,GPSampler,"{'sLegPt.rL0': 22.397514097721643, 'sLegPt.lL0': 28.131885282110883, 'sLegPt.rL1': 73.00641498005169, 'sLegPt.lL1': 45.056868703078145, 'sLegPt.x1': 47.48567224223116, 'sLegPt.y1': 26.76149609938898, 'sLegPt.rA1': -58.75014788276256, 'sLegPt.rL2': 84.38687276972615, 'sLegPt.lL2': 40.30226317229237, 'lLegPt.rL0': 51.74221807224328, 'lLegPt.lL0': 98.0343041560949, 'lLegPt.rL1': 37.68565643855747, 'lLegPt.lL1': 28.056400229735626, 'lLegPt.x1': 49.701008986216806, 'lLegPt.y1': 21.036082033866897, 'lLegPt.rA1': -23.341750339294776, 'lLegPt.rL2': 86.11482360042697, 'lLegPt.lL2': 27.880899474907604}",PRUNED
453,453,5.1603825070604685,2026-04-14 14:15:39.336058,2026-04-14 14:15:45.813479,0 days 00:00:06.477421,98.0343041560949,28.056400229735626,27.880899474907604,-23.341750339294776,51.74221807224328,37.68565643855747,86.11482360042697,49.701008986216806,21.036082033866897,28.131885282110883,45.056868703078145,40.30226317229237,-58.75014788276256,22.397514097721643,73.00641498005169,84.38687276972615,47.48567224223116,26.76149609938898,Unattained target,GPSampler,"{'sLegPt.rL0': 22.397514097721643, 'sLegPt.lL0': 28.131885282110883, 'sLegPt.rL1': 73.00641498005169, 'sLegPt.lL1': 45.056868703078145, 'sLegPt.x1': 47.48567224223116, 'sLegPt.y1': 26.76149609938898, 'sLegPt.rA1': -58.75014788276256, 'sLegPt.rL2': 84.38687276972615, 'sLegPt.lL2': 40.30226317229237, 'lLegPt.rL0': 51.74221807224328, 'lLegPt.lL0': 98.0343041560949, 'lLegPt.rL1': 37.68565643855747, 'lLegPt.lL1': 28.056400229735626, 'lLegPt.x1': 49.701008986216806, 'lLegPt.y1': 21.036082033866897, 'lLegPt.rA1': -23.341750339294776, 'lLegPt.rL2': 86.11482360042697, 'lLegPt.lL2': 27.880899474907604}",PRUNED
454,454,5.4628257887611085,2026-04-14 14:15:45.964514,2026-04-14 14:15:49.808260,0 days 00:00:03.843746,52.44731807401835,88.32754686571143,10.437309015799304,-74.37667954125742,48.3977493480426,90.5863189040778,53.480935131854984,30.41291118440842,22.79095888770867,59.20905797893092,18.05033169602161,16.241382114546614,-36.23000512337241,20.64941935682304,56.297695544367656,57.773176605649695,30.047142729214585,25.935574688684362,Unattained target,GPSampler,,PRUNED
455,455,5.462824134374031,2026-04-14 14:15:49.968071,2026-04-14 14:15:54.083819,0 days 00:00:04.115748,52.44731807401835,88.32754686571143,10.437309015799304,-74.37667954125742,48.3977493480426,90.5863189040778,53.480935131854984,30.41291118440842,22.79095888770867,59.20905797893092,18.05033169602161,16.241382114546614,-36.23000512337241,20.64941935682304,56.297695544367656,57.773176605649695,30.047142729214585,25.935574688684362,Unattained target,GPSampler,"{'sLegPt.rL0': 20.64941935682304, 'sLegPt.lL0': 59.20905797893092, 'sLegPt.rL1': 56.297695544367656, 'sLegPt.lL1': 18.05033169602161, 'sLegPt.x1': 30.047142729214585, 'sLegPt.y1': 25.935574688684362, 'sLegPt.rA1': -36.23000512337241, 'sLegPt.rL2': 57.773176605649695, 'sLegPt.lL2': 16.241382114546614, 'lLegPt.rL0': 48.3977493480426, 'lLegPt.lL0': 52.44731807401835, 'lLegPt.rL1': 90.5863189040778, 'lLegPt.lL1': 88.32754686571143, 'lLegPt.x1': 30.41291118440842, 'lLegPt.y1': 22.79095888770867, 'lLegPt.rA1': -74.37667954125742, 'lLegPt.rL2': 53.480935131854984, 'lLegPt.lL2': 10.437309015799304}",PRUNED
456,456,5.462824420367035,2026-04-14 14:15:54.249631,2026-04-14 14:15:58.568946,0 days 00:00:04.319315,52.44731807401835,88.32754686571143,10.437309015799304,-74.37667954125742,48.3977493480426,90.5863189040778,53.480935131854984,30.41291118440842,22.79095888770867,59.20905797893092,18.05033169602161,16.241382114546614,-36.23000512337241,20.64941935682304,56.297695544367656,57.773176605649695,30.047142729214585,25.935574688684362,Unattained target,GPSampler,"{'sLegPt.rL0': 20.64941935682304, 'sLegPt.lL0': 59.20905797893092, 'sLegPt.rL1': 56.297695544367656, 'sLegPt.lL1': 18.05033169602161, 'sLegPt.x1': 30.047142729214585, 'sLegPt.y1': 25.935574688684362, 'sLegPt.rA1': -36.23000512337241, 'sLegPt.rL2': 57.773176605649695, 'sLegPt.lL2': 16.241382114546614, 'lLegPt.rL0': 48.3977493480426, 'lLegPt.lL0': 52.44731807401835, 'lLegPt.rL1': 90.5863189040778, 'lLegPt.lL1': 88.32754686571143, 'lLegPt.x1': 30.41291118440842, 'lLegPt.y1': 22.79095888770867, 'lLegPt.rA1': -74.37667954125742, 'lLegPt.rL2': 53.480935131854984, 'lLegPt.lL2': 10.437309015799304}",PRUNED
457,457,5.109765514400486,2026-04-14 14:15:58.760447,2026-04-14 14:16:06.886423,0 days 00:00:08.125976,19.440876290001206,62.46156861381659,41.75983482633343,-46.96090952503457,14.211249693284648,15.449773071921145,36.900617057212266,49.87401624954083,17.625703048265628,89.25350174779854,16.081809278075973,96.2835925075087,-70.18708584610455,28.35041522695574,82.06386557591999,83.39953385113004,37.96183732015105,27.334822100731103,Unattained target,GPSampler,,PRUNED
