,number,value,datetime_start,datetime_complete,duration,params_lLegPt.lL0,params_lLegPt.lL1,params_lLegPt.lL2,params_lLegPt.rA1,params_lLegPt.rL0,params_lLegPt.rL1,params_lLegPt.rL2,params_lLegPt.x1,params_lLegPt.y1,params_sLegPt.lL0,params_sLegPt.lL1,params_sLegPt.lL2,params_sLegPt.rA1,params_sLegPt.rL0,params_sLegPt.rL1,params_sLegPt.rL2,params_sLegPt.x1,params_sLegPt.y1,user_attrs_prune,system_attrs_auto:sampler,system_attrs_fixed_params,state
796,796,7.740741696261544,2026-04-14 14:42:12.033516,2026-04-14 14:42:16.509504,0 days 00:00:04.475988,38.90230732038125,83.82290739811317,77.14066542886201,-78.9100297561615,78.58043822840457,36.3482555679553,16.955917870252414,32.21458999592383,25.99282922376495,40.2985019800482,64.92614009801156,87.85635323277488,-65.04727909081365,50.67983921682657,56.871303481907475,61.697966371955395,33.41939563012085,27.280181218935454,Unattained target,GPSampler,"{'sLegPt.rL0': 50.67983921682657, 'sLegPt.lL0': 40.2985019800482, 'sLegPt.rL1': 56.871303481907475, 'sLegPt.lL1': 64.92614009801156, 'sLegPt.x1': 33.41939563012085, 'sLegPt.y1': 27.280181218935454, 'sLegPt.rA1': -65.04727909081365, 'sLegPt.rL2': 61.697966371955395, 'sLegPt.lL2': 87.85635323277488, 'lLegPt.rL0': 78.58043822840457, 'lLegPt.lL0': 38.90230732038125, 'lLegPt.rL1': 36.3482555679553, 'lLegPt.lL1': 83.82290739811317, 'lLegPt.x1': 32.21458999592383, 'lLegPt.y1': 25.99282922376495, 'lLegPt.rA1': -78.9100297561615, 'lLegPt.rL2': 16.955917870252414, 'lLegPt.lL2': 77.14066542886201}",PRUNED
797,797,7.740741711844109,2026-04-14 14:42:16.686548,2026-04-14 14:42:20.844299,0 days 00:00:04.157751,38.90230732038125,83.82290739811317,77.14066542886201,-78.9100297561615,78.58043822840457,36.3482555679553,16.955917870252414,32.21458999592383,25.99282922376495,40.2985019800482,64.92614009801156,87.85635323277488,-65.04727909081365,50.67983921682657,56.871303481907475,61.697966371955395,33.41939563012085,27.280181218935454,Unattained target,GPSampler,"{'sLegPt.rL0': 50.67983921682657, 'sLegPt.lL0': 40.2985019800482, 'sLegPt.rL1': 56.871303481907475, 'sLegPt.lL1': 64.92614009801156, 'sLegPt.x1': 33.41939563012085, 'sLegPt.y1': 27.280181218935454, 'sLegPt.rA1': -65.04727909081365, 'sLegPt.rL2': 61.697966371955395, 'sLegPt.lL2': 87.85635323277488, 'lLegPt.rL0': 78.58043822840457, 'lLegPt.lL0': 38.90230732038125, 'lLegPt.rL1': 36.3482555679553, 'lLegPt.lL1': 83.82290739811317, 'lLegPt.x1': 32.21458999592383, 'lLegPt.y1': 25.99282922376495, 'lLegPt.rA1': -78.9100297561615, 'lLegPt.rL2': 16.955917870252414, 'lLegPt.lL2': 77.14066542886201}",PRUNED
798,798,5.116457227579083,2026-04-14 14:42:21.065225,2026-04-14 14:42:25.003230,0 days 00:00:03.938005,43.5856453374579,62.84467198718406,21.16324773832565,-40.50047011506326,61.698118484177144,38.371062857010784,16.39106908521913,35.95982073646314,11.900465111591084,64.09888441903516,53.61864027037302,37.74810002542961,-35.20827177093204,83.2733181406797,59.53723905721172,47.72939096966518,41.31608533651924,13.429635096147237,Unattained target,GPSampler,,PRUNED
799,799,5.116457766853678,2026-04-14 14:42:25.206579,2026-04-14 14:42:29.533468,0 days 00:00:04.326889,43.5856453374579,62.84467198718406,21.16324773832565,-40.50047011506326,61.698118484177144,38.371062857010784,16.39106908521913,35.95982073646314,11.900465111591084,64.09888441903516,53.61864027037302,37.74810002542961,-35.20827177093204,83.2733181406797,59.53723905721172,47.72939096966518,41.31608533651924,13.429635096147237,Unattained target,GPSampler,"{'sLegPt.rL0': 83.2733181406797, 'sLegPt.lL0': 64.09888441903516, 'sLegPt.rL1': 59.53723905721172, 'sLegPt.lL1': 53.61864027037302, 'sLegPt.x1': 41.31608533651924, 'sLegPt.y1': 13.429635096147237, 'sLegPt.rA1': -35.20827177093204, 'sLegPt.rL2': 47.72939096966518, 'sLegPt.lL2': 37.74810002542961, 'lLegPt.rL0': 61.698118484177144, 'lLegPt.lL0': 43.5856453374579, 'lLegPt.rL1': 38.371062857010784, 'lLegPt.lL1': 62.84467198718406, 'lLegPt.x1': 35.95982073646314, 'lLegPt.y1': 11.900465111591084, 'lLegPt.rA1': -40.50047011506326, 'lLegPt.rL2': 16.39106908521913, 'lLegPt.lL2': 21.16324773832565}",PRUNED
800,800,5.116457782828235,2026-04-14 14:42:29.727645,2026-04-14 14:42:33.501410,0 days 00:00:03.773765,43.5856453374579,62.84467198718406,21.16324773832565,-40.50047011506326,61.698118484177144,38.371062857010784,16.39106908521913,35.95982073646314,11.900465111591084,64.09888441903516,53.61864027037302,37.74810002542961,-35.20827177093204,83.2733181406797,59.53723905721172,47.72939096966518,41.31608533651924,13.429635096147237,Unattained target,GPSampler,"{'sLegPt.rL0': 83.2733181406797, 'sLegPt.lL0': 64.09888441903516, 'sLegPt.rL1': 59.53723905721172, 'sLegPt.lL1': 53.61864027037302, 'sLegPt.x1': 41.31608533651924, 'sLegPt.y1': 13.429635096147237, 'sLegPt.rA1': -35.20827177093204, 'sLegPt.rL2': 47.72939096966518, 'sLegPt.lL2': 37.74810002542961, 'lLegPt.rL0': 61.698118484177144, 'lLegPt.lL0': 43.5856453374579, 'lLegPt.rL1': 38.371062857010784, 'lLegPt.lL1': 62.84467198718406, 'lLegPt.x1': 35.95982073646314, 'lLegPt.y1': 11.900465111591084, 'lLegPt.rA1': -40.50047011506326, 'lLegPt.rL2': 16.39106908521913, 'lLegPt.lL2': 21.16324773832565}",PRUNED
801,801,15.596393806367082,2026-04-14 14:42:33.713259,2026-04-14 14:42:38.225810,0 days 00:00:04.512551,54.17922211560344,77.68326108175276,92.49618395686963,-44.04691278794902,19.578499975293674,70.73148081253045,58.507368904205826,44.826019153195176,28.543971253351774,92.60335752068683,60.655898548585235,11.977526684179601,-40.662225996464414,98.2509794908749,30.478358791835145,77.77150259632127,36.58812073103468,11.239230971387498,Unattained target,GPSampler,,PRUNED
802,802,15.596393505567725,2026-04-14 14:42:38.432420,2026-04-14 14:42:42.708855,0 days 00:00:04.276435,54.17922211560344,77.68326108175276,92.49618395686963,-44.04691278794902,19.578499975293674,70.73148081253045,58.507368904205826,44.826019153195176,28.543971253351774,92.60335752068683,60.655898548585235,11.977526684179601,-40.662225996464414,98.2509794908749,30.478358791835145,77.77150259632127,36.58812073103468,11.239230971387498,Unattained target,GPSampler,"{'sLegPt.rL0': 98.2509794908749, 'sLegPt.lL0': 92.60335752068683, 'sLegPt.rL1': 30.478358791835145, 'sLegPt.lL1': 60.655898548585235, 'sLegPt.x1': 36.58812073103468, 'sLegPt.y1': 11.239230971387498, 'sLegPt.rA1': -40.662225996464414, 'sLegPt.rL2': 77.77150259632127, 'sLegPt.lL2': 11.977526684179601, 'lLegPt.rL0': 19.578499975293674, 'lLegPt.lL0': 54.17922211560344, 'lLegPt.rL1': 70.73148081253045, 'lLegPt.lL1': 77.68326108175276, 'lLegPt.x1': 44.826019153195176, 'lLegPt.y1': 28.543971253351774, 'lLegPt.rA1': -44.04691278794902, 'lLegPt.rL2': 58.507368904205826, 'lLegPt.lL2': 92.49618395686963}",PRUNED
803,803,15.596393304710972,2026-04-14 14:42:42.906731,2026-04-14 14:42:47.145144,0 days 00:00:04.238413,54.17922211560344,77.68326108175276,92.49618395686963,-44.04691278794902,19.578499975293674,70.73148081253045,58.507368904205826,44.826019153195176,28.543971253351774,92.60335752068683,60.655898548585235,11.977526684179601,-40.662225996464414,98.2509794908749,30.478358791835145,77.77150259632127,36.58812073103468,11.239230971387498,Unattained target,GPSampler,"{'sLegPt.rL0': 98.2509794908749, 'sLegPt.lL0': 92.60335752068683, 'sLegPt.rL1': 30.478358791835145, 'sLegPt.lL1': 60.655898548585235, 'sLegPt.x1': 36.58812073103468, 'sLegPt.y1': 11.239230971387498, 'sLegPt.rA1': -40.662225996464414, 'sLegPt.rL2': 77.77150259632127, 'sLegPt.lL2': 11.977526684179601, 'lLegPt.rL0': 19.578499975293674, 'lLegPt.lL0': 54.17922211560344, 'lLegPt.rL1': 70.73148081253045, 'lLegPt.lL1': 77.68326108175276, 'lLegPt.x1': 44.826019153195176, 'lLegPt.y1': 28.543971253351774, 'lLegPt.rA1': -44.04691278794902, 'lLegPt.rL2': 58.507368904205826, 'lLegPt.lL2': 92.49618395686963}",PRUNED
804,804,5.820851312086145,2026-04-14 14:42:47.326895,2026-04-14 14:42:51.471007,0 days 00:00:04.144112,15.537301896812922,34.25460196221784,84.47231540855104,-31.337056476150558,35.5010881098318,28.186294680218204,34.37342600714432,30.254122479650825,17.367183090690265,42.79809155636889,44.66785545378695,91.69075639712297,-73.70114989993037,16.746860850849316,26.48275613804681,88.10780825740257,36.240672366695286,22.823013380967424,Unattained target,GPSampler,,PRUNED
805,805,5.82085142861327,2026-04-14 14:42:51.664947,2026-04-14 14:42:56.243566,0 days 00:00:04.578619,15.537301896812922,34.25460196221784,84.47231540855104,-31.337056476150558,35.5010881098318,28.186294680218204,34.37342600714432,30.254122479650825,17.367183090690265,42.79809155636889,44.66785545378695,91.69075639712297,-73.70114989993037,16.746860850849316,26.48275613804681,88.10780825740257,36.240672366695286,22.823013380967424,Unattained target,GPSampler,"{'sLegPt.rL0': 16.746860850849316, 'sLegPt.lL0': 42.79809155636889, 'sLegPt.rL1': 26.48275613804681, 'sLegPt.lL1': 44.66785545378695, 'sLegPt.x1': 36.240672366695286, 'sLegPt.y1': 22.823013380967424, 'sLegPt.rA1': -73.70114989993037, 'sLegPt.rL2': 88.10780825740257, 'sLegPt.lL2': 91.69075639712297, 'lLegPt.rL0': 35.5010881098318, 'lLegPt.lL0': 15.537301896812922, 'lLegPt.rL1': 28.186294680218204, 'lLegPt.lL1': 34.25460196221784, 'lLegPt.x1': 30.254122479650825, 'lLegPt.y1': 17.367183090690265, 'lLegPt.rA1': -31.337056476150558, 'lLegPt.rL2': 34.37342600714432, 'lLegPt.lL2': 84.47231540855104}",PRUNED
806,806,5.820850963819439,2026-04-14 14:42:56.437273,2026-04-14 14:43:00.576197,0 days 00:00:04.138924,15.537301896812922,34.25460196221784,84.47231540855104,-31.337056476150558,35.5010881098318,28.186294680218204,34.37342600714432,30.254122479650825,17.367183090690265,42.79809155636889,44.66785545378695,91.69075639712297,-73.70114989993037,16.746860850849316,26.48275613804681,88.10780825740257,36.240672366695286,22.823013380967424,Unattained target,GPSampler,"{'sLegPt.rL0': 16.746860850849316, 'sLegPt.lL0': 42.79809155636889, 'sLegPt.rL1': 26.48275613804681, 'sLegPt.lL1': 44.66785545378695, 'sLegPt.x1': 36.240672366695286, 'sLegPt.y1': 22.823013380967424, 'sLegPt.rA1': -73.70114989993037, 'sLegPt.rL2': 88.10780825740257, 'sLegPt.lL2': 91.69075639712297, 'lLegPt.rL0': 35.5010881098318, 'lLegPt.lL0': 15.537301896812922, 'lLegPt.rL1': 28.186294680218204, 'lLegPt.lL1': 34.25460196221784, 'lLegPt.x1': 30.254122479650825, 'lLegPt.y1': 17.367183090690265, 'lLegPt.rA1': -31.337056476150558, 'lLegPt.rL2': 34.37342600714432, 'lLegPt.lL2': 84.47231540855104}",PRUNED
807,807,5.273341682330923,2026-04-14 14:43:00.745954,2026-04-14 14:43:04.517908,0 days 00:00:03.771954,35.12770578179172,71.65038674789415,10.269106069193063,-30.623801350650254,11.759405430698028,61.102340696728405,98.99572111288816,48.76003099048281,21.016079113620172,27.183852465229137,17.97912192392493,60.597528089052595,-30.61714248194417,97.49078354734458,96.47324805728812,63.92330638859368,48.884925915401126,13.924602706565114,Unattained target,GPSampler,,PRUNED
808,808,5.273341599252355,2026-04-14 14:43:04.694238,2026-04-14 14:43:08.400820,0 days 00:00:03.706582,35.12770578179172,71.65038674789415,10.269106069193063,-30.623801350650254,11.759405430698028,61.102340696728405,98.99572111288816,48.76003099048281,21.016079113620172,27.183852465229137,17.97912192392493,60.597528089052595,-30.61714248194417,97.49078354734458,96.47324805728812,63.92330638859368,48.884925915401126,13.924602706565114,Unattained target,GPSampler,"{'sLegPt.rL0': 97.49078354734458, 'sLegPt.lL0': 27.183852465229137, 'sLegPt.rL1': 96.47324805728812, 'sLegPt.lL1': 17.97912192392493, 'sLegPt.x1': 48.884925915401126, 'sLegPt.y1': 13.924602706565114, 'sLegPt.rA1': -30.61714248194417, 'sLegPt.rL2': 63.92330638859368, 'sLegPt.lL2': 60.597528089052595, 'lLegPt.rL0': 11.759405430698028, 'lLegPt.lL0': 35.12770578179172, 'lLegPt.rL1': 61.102340696728405, 'lLegPt.lL1': 71.65038674789415, 'lLegPt.x1': 48.76003099048281, 'lLegPt.y1': 21.016079113620172, 'lLegPt.rA1': -30.623801350650254, 'lLegPt.rL2': 98.99572111288816, 'lLegPt.lL2': 10.269106069193063}",PRUNED
809,809,5.273341607769147,2026-04-14 14:43:08.580932,2026-04-14 14:43:12.727289,0 days 00:00:04.146357,35.12770578179172,71.65038674789415,10.269106069193063,-30.623801350650254,11.759405430698028,61.102340696728405,98.99572111288816,48.76003099048281,21.016079113620172,27.183852465229137,17.97912192392493,60.597528089052595,-30.61714248194417,97.49078354734458,96.47324805728812,63.92330638859368,48.884925915401126,13.924602706565114,Unattained target,GPSampler,"{'sLegPt.rL0': 97.49078354734458, 'sLegPt.lL0': 27.183852465229137, 'sLegPt.rL1': 96.47324805728812, 'sLegPt.lL1': 17.97912192392493, 'sLegPt.x1': 48.884925915401126, 'sLegPt.y1': 13.924602706565114, 'sLegPt.rA1': -30.61714248194417, 'sLegPt.rL2': 63.92330638859368, 'sLegPt.lL2': 60.597528089052595, 'lLegPt.rL0': 11.759405430698028, 'lLegPt.lL0': 35.12770578179172, 'lLegPt.rL1': 61.102340696728405, 'lLegPt.lL1': 71.65038674789415, 'lLegPt.x1': 48.76003099048281, 'lLegPt.y1': 21.016079113620172, 'lLegPt.rA1': -30.623801350650254, 'lLegPt.rL2': 98.99572111288816, 'lLegPt.lL2': 10.269106069193063}",PRUNED
810,810,11.318620989058232,2026-04-14 14:43:12.887398,2026-04-14 14:43:16.792800,0 days 00:00:03.905402,25.20319800191959,41.19665377808349,75.40725676381466,-47.81881079027953,81.85654539091028,17.44987454892155,42.14989824902733,45.22975622852076,20.888281574312764,90.31505568747069,68.65408394019383,72.18792765311767,-76.61014072563975,99.03489372485437,76.18890848892973,19.115919725647814,46.34305201482263,20.04667884931692,Unattained target,GPSampler,,PRUNED
811,811,11.318620363424337,2026-04-14 14:43:16.955962,2026-04-14 14:43:20.916452,0 days 00:00:03.960490,25.20319800191959,41.19665377808349,75.40725676381466,-47.81881079027953,81.85654539091028,17.44987454892155,42.14989824902733,45.22975622852076,20.888281574312764,90.31505568747069,68.65408394019383,72.18792765311767,-76.61014072563975,99.03489372485437,76.18890848892973,19.115919725647814,46.34305201482263,20.04667884931692,Unattained target,GPSampler,"{'sLegPt.rL0': 99.03489372485437, 'sLegPt.lL0': 90.31505568747069, 'sLegPt.rL1': 76.18890848892973, 'sLegPt.lL1': 68.65408394019383, 'sLegPt.x1': 46.34305201482263, 'sLegPt.y1': 20.04667884931692, 'sLegPt.rA1': -76.61014072563975, 'sLegPt.rL2': 19.115919725647814, 'sLegPt.lL2': 72.18792765311767, 'lLegPt.rL0': 81.85654539091028, 'lLegPt.lL0': 25.20319800191959, 'lLegPt.rL1': 17.44987454892155, 'lLegPt.lL1': 41.19665377808349, 'lLegPt.x1': 45.22975622852076, 'lLegPt.y1': 20.888281574312764, 'lLegPt.rA1': -47.81881079027953, 'lLegPt.rL2': 42.14989824902733, 'lLegPt.lL2': 75.40725676381466}",PRUNED
812,812,11.31862145706775,2026-04-14 14:43:21.091960,2026-04-14 14:43:25.024258,0 days 00:00:03.932298,25.20319800191959,41.19665377808349,75.40725676381466,-47.81881079027953,81.85654539091028,17.44987454892155,42.14989824902733,45.22975622852076,20.888281574312764,90.31505568747069,68.65408394019383,72.18792765311767,-76.61014072563975,99.03489372485437,76.18890848892973,19.115919725647814,46.34305201482263,20.04667884931692,Unattained target,GPSampler,"{'sLegPt.rL0': 99.03489372485437, 'sLegPt.lL0': 90.31505568747069, 'sLegPt.rL1': 76.18890848892973, 'sLegPt.lL1': 68.65408394019383, 'sLegPt.x1': 46.34305201482263, 'sLegPt.y1': 20.04667884931692, 'sLegPt.rA1': -76.61014072563975, 'sLegPt.rL2': 19.115919725647814, 'sLegPt.lL2': 72.18792765311767, 'lLegPt.rL0': 81.85654539091028, 'lLegPt.lL0': 25.20319800191959, 'lLegPt.rL1': 17.44987454892155, 'lLegPt.lL1': 41.19665377808349, 'lLegPt.x1': 45.22975622852076, 'lLegPt.y1': 20.888281574312764, 'lLegPt.rA1': -47.81881079027953, 'lLegPt.rL2': 42.14989824902733, 'lLegPt.lL2': 75.40725676381466}",PRUNED
813,813,8.787189157401151,2026-04-14 14:43:25.212477,2026-04-14 14:43:29.193732,0 days 00:00:03.981255,26.890786236868507,57.74958518829132,71.9971244599958,-40.46283137815604,26.217606027042514,82.68468997294814,21.097985992931818,43.78005043950017,18.112511708814704,75.07473778948732,30.046138628293626,17.191733465504548,-75.86589776932804,30.7199398081179,83.6041890971846,23.078968218991857,32.25338402427488,27.74264925756114,Unattained target,GPSampler,,PRUNED
814,814,8.787188905093657,2026-04-14 14:43:29.368568,2026-04-14 14:43:33.281168,0 days 00:00:03.912600,26.890786236868507,57.74958518829132,71.9971244599958,-40.46283137815604,26.217606027042514,82.68468997294814,21.097985992931818,43.78005043950017,18.112511708814704,75.07473778948732,30.046138628293626,17.191733465504548,-75.86589776932804,30.7199398081179,83.6041890971846,23.078968218991857,32.25338402427488,27.74264925756114,Unattained target,GPSampler,"{'sLegPt.rL0': 30.7199398081179, 'sLegPt.lL0': 75.07473778948732, 'sLegPt.rL1': 83.6041890971846, 'sLegPt.lL1': 30.046138628293626, 'sLegPt.x1': 32.25338402427488, 'sLegPt.y1': 27.74264925756114, 'sLegPt.rA1': -75.86589776932804, 'sLegPt.rL2': 23.078968218991857, 'sLegPt.lL2': 17.191733465504548, 'lLegPt.rL0': 26.217606027042514, 'lLegPt.lL0': 26.890786236868507, 'lLegPt.rL1': 82.68468997294814, 'lLegPt.lL1': 57.74958518829132, 'lLegPt.x1': 43.78005043950017, 'lLegPt.y1': 18.112511708814704, 'lLegPt.rA1': -40.46283137815604, 'lLegPt.rL2': 21.097985992931818, 'lLegPt.lL2': 71.9971244599958}",PRUNED
815,815,8.787188876144867,2026-04-14 14:43:33.468169,2026-04-14 14:43:37.288110,0 days 00:00:03.819941,26.890786236868507,57.74958518829132,71.9971244599958,-40.46283137815604,26.217606027042514,82.68468997294814,21.097985992931818,43.78005043950017,18.112511708814704,75.07473778948732,30.046138628293626,17.191733465504548,-75.86589776932804,30.7199398081179,83.6041890971846,23.078968218991857,32.25338402427488,27.74264925756114,Unattained target,GPSampler,"{'sLegPt.rL0': 30.7199398081179, 'sLegPt.lL0': 75.07473778948732, 'sLegPt.rL1': 83.6041890971846, 'sLegPt.lL1': 30.046138628293626, 'sLegPt.x1': 32.25338402427488, 'sLegPt.y1': 27.74264925756114, 'sLegPt.rA1': -75.86589776932804, 'sLegPt.rL2': 23.078968218991857, 'sLegPt.lL2': 17.191733465504548, 'lLegPt.rL0': 26.217606027042514, 'lLegPt.lL0': 26.890786236868507, 'lLegPt.rL1': 82.68468997294814, 'lLegPt.lL1': 57.74958518829132, 'lLegPt.x1': 43.78005043950017, 'lLegPt.y1': 18.112511708814704, 'lLegPt.rA1': -40.46283137815604, 'lLegPt.rL2': 21.097985992931818, 'lLegPt.lL2': 71.9971244599958}",PRUNED
816,816,5.7359271958238836,2026-04-14 14:43:37.490704,2026-04-14 14:43:41.395352,0 days 00:00:03.904648,85.5528865167155,95.91795764963187,29.906357467320408,-63.99792823788363,46.46703509733062,49.96605203150557,96.94807934551406,31.724460319636773,13.817602664488165,38.72327869475016,97.3379376317013,97.86859418300406,-31.549576841376037,56.02551081138425,87.39113159990558,38.11366182990827,48.749989033796226,23.622963850216493,Unattained target,GPSampler,,PRUNED
817,817,5.735927370481633,2026-04-14 14:43:41.590154,2026-04-14 14:43:45.407689,0 days 00:00:03.817535,85.5528865167155,95.91795764963187,29.906357467320408,-63.99792823788363,46.46703509733062,49.96605203150557,96.94807934551406,31.724460319636773,13.817602664488165,38.72327869475016,97.3379376317013,97.86859418300406,-31.549576841376037,56.02551081138425,87.39113159990558,38.11366182990827,48.749989033796226,23.622963850216493,Unattained target,GPSampler,"{'sLegPt.rL0': 56.02551081138425, 'sLegPt.lL0': 38.72327869475016, 'sLegPt.rL1': 87.39113159990558, 'sLegPt.lL1': 97.3379376317013, 'sLegPt.x1': 48.749989033796226, 'sLegPt.y1': 23.622963850216493, 'sLegPt.rA1': -31.549576841376037, 'sLegPt.rL2': 38.11366182990827, 'sLegPt.lL2': 97.86859418300406, 'lLegPt.rL0': 46.46703509733062, 'lLegPt.lL0': 85.5528865167155, 'lLegPt.rL1': 49.96605203150557, 'lLegPt.lL1': 95.91795764963187, 'lLegPt.x1': 31.724460319636773, 'lLegPt.y1': 13.817602664488165, 'lLegPt.rA1': -63.99792823788363, 'lLegPt.rL2': 96.94807934551406, 'lLegPt.lL2': 29.906357467320408}",PRUNED
818,818,5.7359272518047675,2026-04-14 14:43:45.605212,2026-04-14 14:43:49.534044,0 days 00:00:03.928832,85.5528865167155,95.91795764963187,29.906357467320408,-63.99792823788363,46.46703509733062,49.96605203150557,96.94807934551406,31.724460319636773,13.817602664488165,38.72327869475016,97.3379376317013,97.86859418300406,-31.549576841376037,56.02551081138425,87.39113159990558,38.11366182990827,48.749989033796226,23.622963850216493,Unattained target,GPSampler,"{'sLegPt.rL0': 56.02551081138425, 'sLegPt.lL0': 38.72327869475016, 'sLegPt.rL1': 87.39113159990558, 'sLegPt.lL1': 97.3379376317013, 'sLegPt.x1': 48.749989033796226, 'sLegPt.y1': 23.622963850216493, 'sLegPt.rA1': -31.549576841376037, 'sLegPt.rL2': 38.11366182990827, 'sLegPt.lL2': 97.86859418300406, 'lLegPt.rL0': 46.46703509733062, 'lLegPt.lL0': 85.5528865167155, 'lLegPt.rL1': 49.96605203150557, 'lLegPt.lL1': 95.91795764963187, 'lLegPt.x1': 31.724460319636773, 'lLegPt.y1': 13.817602664488165, 'lLegPt.rA1': -63.99792823788363, 'lLegPt.rL2': 96.94807934551406, 'lLegPt.lL2': 29.906357467320408}",PRUNED
819,819,6.027452464850057,2026-04-14 14:43:49.715528,2026-04-14 14:43:58.407149,0 days 00:00:08.691621,80.96144015270212,78.56951517724661,14.616008723000446,-59.41192522486403,34.62357944358553,84.91785618768618,58.10398317558055,34.556458270078316,22.93596417266683,12.42907134674261,21.47445422772586,60.15059948317552,-60.33506980204976,17.145605651324928,11.782933433766434,25.782144409326172,47.4687291861793,25.37203593505577,Unattained target,GPSampler,,PRUNED
