,number,value,datetime_start,datetime_complete,duration,params_lLegPt.lL0,params_lLegPt.lL1,params_lLegPt.lL2,params_lLegPt.rA1,params_lLegPt.rL0,params_lLegPt.rL1,params_lLegPt.rL2,params_lLegPt.x1,params_lLegPt.y1,params_sLegPt.lL0,params_sLegPt.lL1,params_sLegPt.lL2,params_sLegPt.rA1,params_sLegPt.rL0,params_sLegPt.rL1,params_sLegPt.rL2,params_sLegPt.x1,params_sLegPt.y1,user_attrs_prune,system_attrs_auto:sampler,system_attrs_fixed_params,state
868,868,5.4545738743255185,2026-04-14 14:47:56.440694,2026-04-14 14:48:00.730350,0 days 00:00:04.289656,93.05143378928834,29.217894472511205,27.80343514855845,-59.03211855615537,36.052974019916945,75.95678120586173,58.63887566950155,44.348630616513105,15.574252099518235,58.07045551856278,62.35738479684464,24.696662751661975,-49.05719040756851,86.67781607973092,81.38592916126998,27.40185775960693,49.54825328663924,24.130862548058754,Unattained target,GPSampler,"{'sLegPt.rL0': 86.67781607973092, 'sLegPt.lL0': 58.07045551856278, 'sLegPt.rL1': 81.38592916126998, 'sLegPt.lL1': 62.35738479684464, 'sLegPt.x1': 49.54825328663924, 'sLegPt.y1': 24.130862548058754, 'sLegPt.rA1': -49.05719040756851, 'sLegPt.rL2': 27.40185775960693, 'sLegPt.lL2': 24.696662751661975, 'lLegPt.rL0': 36.052974019916945, 'lLegPt.lL0': 93.05143378928834, 'lLegPt.rL1': 75.95678120586173, 'lLegPt.lL1': 29.217894472511205, 'lLegPt.x1': 44.348630616513105, 'lLegPt.y1': 15.574252099518235, 'lLegPt.rA1': -59.03211855615537, 'lLegPt.rL2': 58.63887566950155, 'lLegPt.lL2': 27.80343514855845}",PRUNED
869,869,5.454573827061289,2026-04-14 14:48:00.976963,2026-04-14 14:48:05.193630,0 days 00:00:04.216667,93.05143378928834,29.217894472511205,27.80343514855845,-59.03211855615537,36.052974019916945,75.95678120586173,58.63887566950155,44.348630616513105,15.574252099518235,58.07045551856278,62.35738479684464,24.696662751661975,-49.05719040756851,86.67781607973092,81.38592916126998,27.40185775960693,49.54825328663924,24.130862548058754,Unattained target,GPSampler,"{'sLegPt.rL0': 86.67781607973092, 'sLegPt.lL0': 58.07045551856278, 'sLegPt.rL1': 81.38592916126998, 'sLegPt.lL1': 62.35738479684464, 'sLegPt.x1': 49.54825328663924, 'sLegPt.y1': 24.130862548058754, 'sLegPt.rA1': -49.05719040756851, 'sLegPt.rL2': 27.40185775960693, 'sLegPt.lL2': 24.696662751661975, 'lLegPt.rL0': 36.052974019916945, 'lLegPt.lL0': 93.05143378928834, 'lLegPt.rL1': 75.95678120586173, 'lLegPt.lL1': 29.217894472511205, 'lLegPt.x1': 44.348630616513105, 'lLegPt.y1': 15.574252099518235, 'lLegPt.rA1': -59.03211855615537, 'lLegPt.rL2': 58.63887566950155, 'lLegPt.lL2': 27.80343514855845}",PRUNED
870,870,8.046862056801977,2026-04-14 14:48:05.400059,2026-04-14 14:48:09.679536,0 days 00:00:04.279477,85.22643364830353,99.12353855407117,38.160022424221,-25.39211659640595,54.77107897485022,82.17612641464488,29.97399680219043,33.33640220150151,20.856995420468095,38.302489333523354,34.42804061716928,64.71068520074121,-50.22430923019481,77.38102541624986,79.76698142027874,50.036174072691544,46.510059121112214,29.51570752702863,Unattained target,GPSampler,,PRUNED
871,871,8.046861944540659,2026-04-14 14:48:09.892348,2026-04-14 14:48:14.385454,0 days 00:00:04.493106,85.22643364830353,99.12353855407117,38.160022424221,-25.39211659640595,54.77107897485022,82.17612641464488,29.97399680219043,33.33640220150151,20.856995420468095,38.302489333523354,34.42804061716928,64.71068520074121,-50.22430923019481,77.38102541624986,79.76698142027874,50.036174072691544,46.510059121112214,29.51570752702863,Unattained target,GPSampler,"{'sLegPt.rL0': 77.38102541624986, 'sLegPt.lL0': 38.302489333523354, 'sLegPt.rL1': 79.76698142027874, 'sLegPt.lL1': 34.42804061716928, 'sLegPt.x1': 46.510059121112214, 'sLegPt.y1': 29.51570752702863, 'sLegPt.rA1': -50.22430923019481, 'sLegPt.rL2': 50.036174072691544, 'sLegPt.lL2': 64.71068520074121, 'lLegPt.rL0': 54.77107897485022, 'lLegPt.lL0': 85.22643364830353, 'lLegPt.rL1': 82.17612641464488, 'lLegPt.lL1': 99.12353855407117, 'lLegPt.x1': 33.33640220150151, 'lLegPt.y1': 20.856995420468095, 'lLegPt.rA1': -25.39211659640595, 'lLegPt.rL2': 29.97399680219043, 'lLegPt.lL2': 38.160022424221}",PRUNED
872,872,8.046861970358847,2026-04-14 14:48:14.588690,2026-04-14 14:48:18.954623,0 days 00:00:04.365933,85.22643364830353,99.12353855407117,38.160022424221,-25.39211659640595,54.77107897485022,82.17612641464488,29.97399680219043,33.33640220150151,20.856995420468095,38.302489333523354,34.42804061716928,64.71068520074121,-50.22430923019481,77.38102541624986,79.76698142027874,50.036174072691544,46.510059121112214,29.51570752702863,Unattained target,GPSampler,"{'sLegPt.rL0': 77.38102541624986, 'sLegPt.lL0': 38.302489333523354, 'sLegPt.rL1': 79.76698142027874, 'sLegPt.lL1': 34.42804061716928, 'sLegPt.x1': 46.510059121112214, 'sLegPt.y1': 29.51570752702863, 'sLegPt.rA1': -50.22430923019481, 'sLegPt.rL2': 50.036174072691544, 'sLegPt.lL2': 64.71068520074121, 'lLegPt.rL0': 54.77107897485022, 'lLegPt.lL0': 85.22643364830353, 'lLegPt.rL1': 82.17612641464488, 'lLegPt.lL1': 99.12353855407117, 'lLegPt.x1': 33.33640220150151, 'lLegPt.y1': 20.856995420468095, 'lLegPt.rA1': -25.39211659640595, 'lLegPt.rL2': 29.97399680219043, 'lLegPt.lL2': 38.160022424221}",PRUNED
873,873,5.942429172327877,2026-04-14 14:48:19.189641,2026-04-14 14:48:23.642307,0 days 00:00:04.452666,10.736238602796746,41.01170905425505,47.14278056423689,-51.54499075117134,98.45827883680424,43.58661040501272,76.11084139903339,39.380342060548244,23.765739192634626,38.62745068401037,51.78386513139732,94.56839896952759,-47.21621048921321,65.79768265608163,58.57001539050601,58.6349677610643,37.985423739948025,19.539625611179062,Unattained target,GPSampler,,PRUNED
874,874,5.942429284640326,2026-04-14 14:48:23.856483,2026-04-14 14:48:28.014432,0 days 00:00:04.157949,10.736238602796746,41.01170905425505,47.14278056423689,-51.54499075117134,98.45827883680424,43.58661040501272,76.11084139903339,39.380342060548244,23.765739192634626,38.62745068401037,51.78386513139732,94.56839896952759,-47.21621048921321,65.79768265608163,58.57001539050601,58.6349677610643,37.985423739948025,19.539625611179062,Unattained target,GPSampler,"{'sLegPt.rL0': 65.79768265608163, 'sLegPt.lL0': 38.62745068401037, 'sLegPt.rL1': 58.57001539050601, 'sLegPt.lL1': 51.78386513139732, 'sLegPt.x1': 37.985423739948025, 'sLegPt.y1': 19.539625611179062, 'sLegPt.rA1': -47.21621048921321, 'sLegPt.rL2': 58.6349677610643, 'sLegPt.lL2': 94.56839896952759, 'lLegPt.rL0': 98.45827883680424, 'lLegPt.lL0': 10.736238602796746, 'lLegPt.rL1': 43.58661040501272, 'lLegPt.lL1': 41.01170905425505, 'lLegPt.x1': 39.380342060548244, 'lLegPt.y1': 23.765739192634626, 'lLegPt.rA1': -51.54499075117134, 'lLegPt.rL2': 76.11084139903339, 'lLegPt.lL2': 47.14278056423689}",PRUNED
875,875,5.942429206304812,2026-04-14 14:48:28.197904,2026-04-14 14:48:32.855658,0 days 00:00:04.657754,10.736238602796746,41.01170905425505,47.14278056423689,-51.54499075117134,98.45827883680424,43.58661040501272,76.11084139903339,39.380342060548244,23.765739192634626,38.62745068401037,51.78386513139732,94.56839896952759,-47.21621048921321,65.79768265608163,58.57001539050601,58.6349677610643,37.985423739948025,19.539625611179062,Unattained target,GPSampler,"{'sLegPt.rL0': 65.79768265608163, 'sLegPt.lL0': 38.62745068401037, 'sLegPt.rL1': 58.57001539050601, 'sLegPt.lL1': 51.78386513139732, 'sLegPt.x1': 37.985423739948025, 'sLegPt.y1': 19.539625611179062, 'sLegPt.rA1': -47.21621048921321, 'sLegPt.rL2': 58.6349677610643, 'sLegPt.lL2': 94.56839896952759, 'lLegPt.rL0': 98.45827883680424, 'lLegPt.lL0': 10.736238602796746, 'lLegPt.rL1': 43.58661040501272, 'lLegPt.lL1': 41.01170905425505, 'lLegPt.x1': 39.380342060548244, 'lLegPt.y1': 23.765739192634626, 'lLegPt.rA1': -51.54499075117134, 'lLegPt.rL2': 76.11084139903339, 'lLegPt.lL2': 47.14278056423689}",PRUNED
876,876,5.128277214211913,2026-04-14 14:48:33.040155,2026-04-14 14:48:37.314136,0 days 00:00:04.273981,72.41112311285235,41.89813228101518,15.21558876428199,-58.37269022783339,24.73798235654898,79.58693928868979,44.186025831357135,40.437506257306666,17.637680422058807,43.09415316767749,48.086451593798735,55.57513593420985,-24.503618400733572,77.2934907312645,97.6548526019005,65.88786242623584,45.27429218135032,12.837579891297512,Unattained target,GPSampler,,PRUNED
877,877,5.128277274050468,2026-04-14 14:48:37.511006,2026-04-14 14:48:41.742769,0 days 00:00:04.231763,72.41112311285235,41.89813228101518,15.21558876428199,-58.37269022783339,24.73798235654898,79.58693928868979,44.186025831357135,40.437506257306666,17.637680422058807,43.09415316767749,48.086451593798735,55.57513593420985,-24.503618400733572,77.2934907312645,97.6548526019005,65.88786242623584,45.27429218135032,12.837579891297512,Unattained target,GPSampler,"{'sLegPt.rL0': 77.2934907312645, 'sLegPt.lL0': 43.09415316767749, 'sLegPt.rL1': 97.6548526019005, 'sLegPt.lL1': 48.086451593798735, 'sLegPt.x1': 45.27429218135032, 'sLegPt.y1': 12.837579891297512, 'sLegPt.rA1': -24.503618400733572, 'sLegPt.rL2': 65.88786242623584, 'sLegPt.lL2': 55.57513593420985, 'lLegPt.rL0': 24.73798235654898, 'lLegPt.lL0': 72.41112311285235, 'lLegPt.rL1': 79.58693928868979, 'lLegPt.lL1': 41.89813228101518, 'lLegPt.x1': 40.437506257306666, 'lLegPt.y1': 17.637680422058807, 'lLegPt.rA1': -58.37269022783339, 'lLegPt.rL2': 44.186025831357135, 'lLegPt.lL2': 15.21558876428199}",PRUNED
878,878,5.128277256910039,2026-04-14 14:48:41.940023,2026-04-14 14:48:46.220412,0 days 00:00:04.280389,72.41112311285235,41.89813228101518,15.21558876428199,-58.37269022783339,24.73798235654898,79.58693928868979,44.186025831357135,40.437506257306666,17.637680422058807,43.09415316767749,48.086451593798735,55.57513593420985,-24.503618400733572,77.2934907312645,97.6548526019005,65.88786242623584,45.27429218135032,12.837579891297512,Unattained target,GPSampler,"{'sLegPt.rL0': 77.2934907312645, 'sLegPt.lL0': 43.09415316767749, 'sLegPt.rL1': 97.6548526019005, 'sLegPt.lL1': 48.086451593798735, 'sLegPt.x1': 45.27429218135032, 'sLegPt.y1': 12.837579891297512, 'sLegPt.rA1': -24.503618400733572, 'sLegPt.rL2': 65.88786242623584, 'sLegPt.lL2': 55.57513593420985, 'lLegPt.rL0': 24.73798235654898, 'lLegPt.lL0': 72.41112311285235, 'lLegPt.rL1': 79.58693928868979, 'lLegPt.lL1': 41.89813228101518, 'lLegPt.x1': 40.437506257306666, 'lLegPt.y1': 17.637680422058807, 'lLegPt.rA1': -58.37269022783339, 'lLegPt.rL2': 44.186025831357135, 'lLegPt.lL2': 15.21558876428199}",PRUNED
879,879,6.959084025705167,2026-04-14 14:48:46.424400,2026-04-14 14:48:50.756347,0 days 00:00:04.331947,91.0756771530523,88.61184854366522,98.08022018794107,-68.08549079995625,79.357301221112,34.05706418977122,16.35402406303844,39.49119370265897,16.311253080772875,27.097867645882857,80.64417194011607,31.255192986528755,-53.712388164921435,59.540537480759376,88.80444758431699,46.29408203359226,42.808941962970906,21.41101126571016,Unattained target,GPSampler,,PRUNED
880,880,6.959084253684921,2026-04-14 14:48:50.938765,2026-04-14 14:48:55.175273,0 days 00:00:04.236508,91.0756771530523,88.61184854366522,98.08022018794107,-68.08549079995625,79.357301221112,34.05706418977122,16.35402406303844,39.49119370265897,16.311253080772875,27.097867645882857,80.64417194011607,31.255192986528755,-53.712388164921435,59.540537480759376,88.80444758431699,46.29408203359226,42.808941962970906,21.41101126571016,Unattained target,GPSampler,"{'sLegPt.rL0': 59.540537480759376, 'sLegPt.lL0': 27.097867645882857, 'sLegPt.rL1': 88.80444758431699, 'sLegPt.lL1': 80.64417194011607, 'sLegPt.x1': 42.808941962970906, 'sLegPt.y1': 21.41101126571016, 'sLegPt.rA1': -53.712388164921435, 'sLegPt.rL2': 46.29408203359226, 'sLegPt.lL2': 31.255192986528755, 'lLegPt.rL0': 79.357301221112, 'lLegPt.lL0': 91.0756771530523, 'lLegPt.rL1': 34.05706418977122, 'lLegPt.lL1': 88.61184854366522, 'lLegPt.x1': 39.49119370265897, 'lLegPt.y1': 16.311253080772875, 'lLegPt.rA1': -68.08549079995625, 'lLegPt.rL2': 16.35402406303844, 'lLegPt.lL2': 98.08022018794107}",PRUNED
881,881,6.9590831531724575,2026-04-14 14:48:55.393439,2026-04-14 14:48:59.514425,0 days 00:00:04.120986,91.0756771530523,88.61184854366522,98.08022018794107,-68.08549079995625,79.357301221112,34.05706418977122,16.35402406303844,39.49119370265897,16.311253080772875,27.097867645882857,80.64417194011607,31.255192986528755,-53.712388164921435,59.540537480759376,88.80444758431699,46.29408203359226,42.808941962970906,21.41101126571016,Unattained target,GPSampler,"{'sLegPt.rL0': 59.540537480759376, 'sLegPt.lL0': 27.097867645882857, 'sLegPt.rL1': 88.80444758431699, 'sLegPt.lL1': 80.64417194011607, 'sLegPt.x1': 42.808941962970906, 'sLegPt.y1': 21.41101126571016, 'sLegPt.rA1': -53.712388164921435, 'sLegPt.rL2': 46.29408203359226, 'sLegPt.lL2': 31.255192986528755, 'lLegPt.rL0': 79.357301221112, 'lLegPt.lL0': 91.0756771530523, 'lLegPt.rL1': 34.05706418977122, 'lLegPt.lL1': 88.61184854366522, 'lLegPt.x1': 39.49119370265897, 'lLegPt.y1': 16.311253080772875, 'lLegPt.rA1': -68.08549079995625, 'lLegPt.rL2': 16.35402406303844, 'lLegPt.lL2': 98.08022018794107}",PRUNED
882,882,12.620213882921526,2026-04-14 14:48:59.714327,2026-04-14 14:49:03.767671,0 days 00:00:04.053344,40.148394938187685,68.56924975215897,77.81159246863456,-26.011146695427705,64.69557143190866,77.36560758430113,91.59075654145198,42.57425834651455,28.32004536554376,96.49267392642214,48.21403176617492,24.4620424175509,-67.69668412020545,96.27680136434438,47.09096970200685,94.27257903978463,38.93502669799048,13.044693819634162,Unattained target,GPSampler,,PRUNED
883,883,12.620214682064727,2026-04-14 14:49:03.998691,2026-04-14 14:49:08.529380,0 days 00:00:04.530689,40.148394938187685,68.56924975215897,77.81159246863456,-26.011146695427705,64.69557143190866,77.36560758430113,91.59075654145198,42.57425834651455,28.32004536554376,96.49267392642214,48.21403176617492,24.4620424175509,-67.69668412020545,96.27680136434438,47.09096970200685,94.27257903978463,38.93502669799048,13.044693819634162,Unattained target,GPSampler,"{'sLegPt.rL0': 96.27680136434438, 'sLegPt.lL0': 96.49267392642214, 'sLegPt.rL1': 47.09096970200685, 'sLegPt.lL1': 48.21403176617492, 'sLegPt.x1': 38.93502669799048, 'sLegPt.y1': 13.044693819634162, 'sLegPt.rA1': -67.69668412020545, 'sLegPt.rL2': 94.27257903978463, 'sLegPt.lL2': 24.4620424175509, 'lLegPt.rL0': 64.69557143190866, 'lLegPt.lL0': 40.148394938187685, 'lLegPt.rL1': 77.36560758430113, 'lLegPt.lL1': 68.56924975215897, 'lLegPt.x1': 42.57425834651455, 'lLegPt.y1': 28.32004536554376, 'lLegPt.rA1': -26.011146695427705, 'lLegPt.rL2': 91.59075654145198, 'lLegPt.lL2': 77.81159246863456}",PRUNED
884,884,12.620214517025282,2026-04-14 14:49:08.720056,2026-04-14 14:49:12.905221,0 days 00:00:04.185165,40.148394938187685,68.56924975215897,77.81159246863456,-26.011146695427705,64.69557143190866,77.36560758430113,91.59075654145198,42.57425834651455,28.32004536554376,96.49267392642214,48.21403176617492,24.4620424175509,-67.69668412020545,96.27680136434438,47.09096970200685,94.27257903978463,38.93502669799048,13.044693819634162,Unattained target,GPSampler,"{'sLegPt.rL0': 96.27680136434438, 'sLegPt.lL0': 96.49267392642214, 'sLegPt.rL1': 47.09096970200685, 'sLegPt.lL1': 48.21403176617492, 'sLegPt.x1': 38.93502669799048, 'sLegPt.y1': 13.044693819634162, 'sLegPt.rA1': -67.69668412020545, 'sLegPt.rL2': 94.27257903978463, 'sLegPt.lL2': 24.4620424175509, 'lLegPt.rL0': 64.69557143190866, 'lLegPt.lL0': 40.148394938187685, 'lLegPt.rL1': 77.36560758430113, 'lLegPt.lL1': 68.56924975215897, 'lLegPt.x1': 42.57425834651455, 'lLegPt.y1': 28.32004536554376, 'lLegPt.rA1': -26.011146695427705, 'lLegPt.rL2': 91.59075654145198, 'lLegPt.lL2': 77.81159246863456}",PRUNED
885,885,13.218923921713063,2026-04-14 14:49:13.125633,2026-04-14 14:49:17.338851,0 days 00:00:04.213218,30.939515933843534,73.10799302201727,48.55678158854144,-35.05346779557153,97.18489494174992,40.06799491559033,26.564894696017483,43.979169660588916,10.879351926400599,22.058494405891942,58.80042961804967,13.852623542238078,-59.329092605573535,96.35561564998157,51.741822418470775,57.3233240004184,44.47206405735772,14.730427392374901,Unattained target,GPSampler,,PRUNED
886,886,13.218924090791369,2026-04-14 14:49:17.542240,2026-04-14 14:49:21.717712,0 days 00:00:04.175472,30.939515933843534,73.10799302201727,48.55678158854144,-35.05346779557153,97.18489494174992,40.06799491559033,26.564894696017483,43.979169660588916,10.879351926400599,22.058494405891942,58.80042961804967,13.852623542238078,-59.329092605573535,96.35561564998157,51.741822418470775,57.3233240004184,44.47206405735772,14.730427392374901,Unattained target,GPSampler,"{'sLegPt.rL0': 96.35561564998157, 'sLegPt.lL0': 22.058494405891942, 'sLegPt.rL1': 51.741822418470775, 'sLegPt.lL1': 58.80042961804967, 'sLegPt.x1': 44.47206405735772, 'sLegPt.y1': 14.730427392374901, 'sLegPt.rA1': -59.329092605573535, 'sLegPt.rL2': 57.3233240004184, 'sLegPt.lL2': 13.852623542238078, 'lLegPt.rL0': 97.18489494174992, 'lLegPt.lL0': 30.939515933843534, 'lLegPt.rL1': 40.06799491559033, 'lLegPt.lL1': 73.10799302201727, 'lLegPt.x1': 43.979169660588916, 'lLegPt.y1': 10.879351926400599, 'lLegPt.rA1': -35.05346779557153, 'lLegPt.rL2': 26.564894696017483, 'lLegPt.lL2': 48.55678158854144}",PRUNED
887,887,13.218923476996444,2026-04-14 14:49:21.911679,2026-04-14 14:49:26.436400,0 days 00:00:04.524721,30.939515933843534,73.10799302201727,48.55678158854144,-35.05346779557153,97.18489494174992,40.06799491559033,26.564894696017483,43.979169660588916,10.879351926400599,22.058494405891942,58.80042961804967,13.852623542238078,-59.329092605573535,96.35561564998157,51.741822418470775,57.3233240004184,44.47206405735772,14.730427392374901,Unattained target,GPSampler,"{'sLegPt.rL0': 96.35561564998157, 'sLegPt.lL0': 22.058494405891942, 'sLegPt.rL1': 51.741822418470775, 'sLegPt.lL1': 58.80042961804967, 'sLegPt.x1': 44.47206405735772, 'sLegPt.y1': 14.730427392374901, 'sLegPt.rA1': -59.329092605573535, 'sLegPt.rL2': 57.3233240004184, 'sLegPt.lL2': 13.852623542238078, 'lLegPt.rL0': 97.18489494174992, 'lLegPt.lL0': 30.939515933843534, 'lLegPt.rL1': 40.06799491559033, 'lLegPt.lL1': 73.10799302201727, 'lLegPt.x1': 43.979169660588916, 'lLegPt.y1': 10.879351926400599, 'lLegPt.rA1': -35.05346779557153, 'lLegPt.rL2': 26.564894696017483, 'lLegPt.lL2': 48.55678158854144}",PRUNED
888,888,7.161097743830432,2026-04-14 14:49:26.657007,2026-04-14 14:49:30.840082,0 days 00:00:04.183075,61.93846655102632,35.39665110748018,99.8146527837205,-62.52498609847101,38.426849460974985,51.0535034307511,20.750333587669182,44.47425899352375,20.130727798913796,10.97013464092196,87.83795705711411,71.48652053879297,-39.19024823308375,78.81414478243667,65.44742183520101,40.01747793034851,38.70425273349124,21.526727228860892,Unattained target,GPSampler,,PRUNED
889,889,7.161097699920212,2026-04-14 14:49:31.040448,2026-04-14 14:49:35.192761,0 days 00:00:04.152313,61.93846655102632,35.39665110748018,99.8146527837205,-62.52498609847101,38.426849460974985,51.0535034307511,20.750333587669182,44.47425899352375,20.130727798913796,10.97013464092196,87.83795705711411,71.48652053879297,-39.19024823308375,78.81414478243667,65.44742183520101,40.01747793034851,38.70425273349124,21.526727228860892,Unattained target,GPSampler,"{'sLegPt.rL0': 78.81414478243667, 'sLegPt.lL0': 10.97013464092196, 'sLegPt.rL1': 65.44742183520101, 'sLegPt.lL1': 87.83795705711411, 'sLegPt.x1': 38.70425273349124, 'sLegPt.y1': 21.526727228860892, 'sLegPt.rA1': -39.19024823308375, 'sLegPt.rL2': 40.01747793034851, 'sLegPt.lL2': 71.48652053879297, 'lLegPt.rL0': 38.426849460974985, 'lLegPt.lL0': 61.93846655102632, 'lLegPt.rL1': 51.0535034307511, 'lLegPt.lL1': 35.39665110748018, 'lLegPt.x1': 44.47425899352375, 'lLegPt.y1': 20.130727798913796, 'lLegPt.rA1': -62.52498609847101, 'lLegPt.rL2': 20.750333587669182, 'lLegPt.lL2': 99.8146527837205}",PRUNED
890,890,7.16109772993623,2026-04-14 14:49:35.411736,2026-04-14 14:49:39.649454,0 days 00:00:04.237718,61.93846655102632,35.39665110748018,99.8146527837205,-62.52498609847101,38.426849460974985,51.0535034307511,20.750333587669182,44.47425899352375,20.130727798913796,10.97013464092196,87.83795705711411,71.48652053879297,-39.19024823308375,78.81414478243667,65.44742183520101,40.01747793034851,38.70425273349124,21.526727228860892,Unattained target,GPSampler,"{'sLegPt.rL0': 78.81414478243667, 'sLegPt.lL0': 10.97013464092196, 'sLegPt.rL1': 65.44742183520101, 'sLegPt.lL1': 87.83795705711411, 'sLegPt.x1': 38.70425273349124, 'sLegPt.y1': 21.526727228860892, 'sLegPt.rA1': -39.19024823308375, 'sLegPt.rL2': 40.01747793034851, 'sLegPt.lL2': 71.48652053879297, 'lLegPt.rL0': 38.426849460974985, 'lLegPt.lL0': 61.93846655102632, 'lLegPt.rL1': 51.0535034307511, 'lLegPt.lL1': 35.39665110748018, 'lLegPt.x1': 44.47425899352375, 'lLegPt.y1': 20.130727798913796, 'lLegPt.rA1': -62.52498609847101, 'lLegPt.rL2': 20.750333587669182, 'lLegPt.lL2': 99.8146527837205}",PRUNED
891,891,8.218366676773705,2026-04-14 14:49:39.834431,2026-04-14 14:49:43.951425,0 days 00:00:04.116994,23.45188375461488,95.81095357635719,67.27655400991972,-72.24854309816796,12.48821471078879,99.73917237279134,67.76365451114503,38.99674767125987,17.056278801839873,68.43037924097791,63.0305148483564,88.08595307518965,-22.00949085677565,19.994037292292788,57.6402741119748,61.803050556182775,41.533441544133396,21.66803781465116,Unattained target,GPSampler,,PRUNED
