,number,value,datetime_start,datetime_complete,duration,params_lLegPt.lL0,params_lLegPt.lL1,params_lLegPt.lL2,params_lLegPt.rA1,params_lLegPt.rL0,params_lLegPt.rL1,params_lLegPt.rL2,params_lLegPt.x1,params_lLegPt.y1,params_sLegPt.lL0,params_sLegPt.lL1,params_sLegPt.lL2,params_sLegPt.rA1,params_sLegPt.rL0,params_sLegPt.rL1,params_sLegPt.rL2,params_sLegPt.x1,params_sLegPt.y1,user_attrs_prune,system_attrs_auto:sampler,system_attrs_fixed_params,state
362,362,5.077234631122355,2026-04-14 14:07:36.585386,2026-04-14 14:07:40.655074,0 days 00:00:04.069688,23.11772330734238,50.18645875350839,65.29164930630584,-70.19305126485496,36.35838197388419,97.51399773828706,79.9311487269174,49.63761445501412,18.195223988208706,61.067941620081925,75.01215877906861,94.64734943447033,-51.25043862191667,40.79275749956231,75.91761658899078,21.416955592756672,48.01203851749638,15.668158972552675,Unattained target,GPSampler,"{'sLegPt.rL0': 40.79275749956231, 'sLegPt.lL0': 61.067941620081925, 'sLegPt.rL1': 75.91761658899078, 'sLegPt.lL1': 75.01215877906861, 'sLegPt.x1': 48.01203851749638, 'sLegPt.y1': 15.668158972552675, 'sLegPt.rA1': -51.25043862191667, 'sLegPt.rL2': 21.416955592756672, 'sLegPt.lL2': 94.64734943447033, 'lLegPt.rL0': 36.35838197388419, 'lLegPt.lL0': 23.11772330734238, 'lLegPt.rL1': 97.51399773828706, 'lLegPt.lL1': 50.18645875350839, 'lLegPt.x1': 49.63761445501412, 'lLegPt.y1': 18.195223988208706, 'lLegPt.rA1': -70.19305126485496, 'lLegPt.rL2': 79.9311487269174, 'lLegPt.lL2': 65.29164930630584}",PRUNED
363,363,5.077234605214535,2026-04-14 14:07:40.822909,2026-04-14 14:07:45.169253,0 days 00:00:04.346344,23.11772330734238,50.18645875350839,65.29164930630584,-70.19305126485496,36.35838197388419,97.51399773828706,79.9311487269174,49.63761445501412,18.195223988208706,61.067941620081925,75.01215877906861,94.64734943447033,-51.25043862191667,40.79275749956231,75.91761658899078,21.416955592756672,48.01203851749638,15.668158972552675,Unattained target,GPSampler,"{'sLegPt.rL0': 40.79275749956231, 'sLegPt.lL0': 61.067941620081925, 'sLegPt.rL1': 75.91761658899078, 'sLegPt.lL1': 75.01215877906861, 'sLegPt.x1': 48.01203851749638, 'sLegPt.y1': 15.668158972552675, 'sLegPt.rA1': -51.25043862191667, 'sLegPt.rL2': 21.416955592756672, 'sLegPt.lL2': 94.64734943447033, 'lLegPt.rL0': 36.35838197388419, 'lLegPt.lL0': 23.11772330734238, 'lLegPt.rL1': 97.51399773828706, 'lLegPt.lL1': 50.18645875350839, 'lLegPt.x1': 49.63761445501412, 'lLegPt.y1': 18.195223988208706, 'lLegPt.rA1': -70.19305126485496, 'lLegPt.rL2': 79.9311487269174, 'lLegPt.lL2': 65.29164930630584}",PRUNED
364,364,5.211468961552384,2026-04-14 14:07:45.347354,2026-04-14 14:07:54.258977,0 days 00:00:08.911623,33.76347307946054,49.72763548558709,21.442710584929344,-40.0951753783926,25.64315164213617,57.950663006037765,77.81035904422518,35.266833810714644,14.264685364848868,31.068286792007164,74.14646581684865,11.977895779564317,-24.46435609183618,53.72595849516269,35.904851443274175,11.180918099429368,47.93302520569187,19.54265006408358,Unattained target,GPSampler,,PRUNED
365,365,5.211316355813061,2026-04-14 14:07:54.447620,2026-04-14 14:08:03.265253,0 days 00:00:08.817633,33.76347307946054,49.72763548558709,21.442710584929344,-40.0951753783926,25.64315164213617,57.950663006037765,77.81035904422518,35.266833810714644,14.264685364848868,31.068286792007164,74.14646581684865,11.977895779564317,-24.46435609183618,53.72595849516269,35.904851443274175,11.180918099429368,47.93302520569187,19.54265006408358,Unattained target,GPSampler,"{'sLegPt.rL0': 53.72595849516269, 'sLegPt.lL0': 31.068286792007164, 'sLegPt.rL1': 35.904851443274175, 'sLegPt.lL1': 74.14646581684865, 'sLegPt.x1': 47.93302520569187, 'sLegPt.y1': 19.54265006408358, 'sLegPt.rA1': -24.46435609183618, 'sLegPt.rL2': 11.180918099429368, 'sLegPt.lL2': 11.977895779564317, 'lLegPt.rL0': 25.64315164213617, 'lLegPt.lL0': 33.76347307946054, 'lLegPt.rL1': 57.950663006037765, 'lLegPt.lL1': 49.72763548558709, 'lLegPt.x1': 35.266833810714644, 'lLegPt.y1': 14.264685364848868, 'lLegPt.rA1': -40.0951753783926, 'lLegPt.rL2': 77.81035904422518, 'lLegPt.lL2': 21.442710584929344}",PRUNED
366,366,5.211761624011871,2026-04-14 14:08:03.421142,2026-04-14 14:08:10.819886,0 days 00:00:07.398744,33.76347307946054,49.72763548558709,21.442710584929344,-40.0951753783926,25.64315164213617,57.950663006037765,77.81035904422518,35.266833810714644,14.264685364848868,31.068286792007164,74.14646581684865,11.977895779564317,-24.46435609183618,53.72595849516269,35.904851443274175,11.180918099429368,47.93302520569187,19.54265006408358,Unattained target,GPSampler,"{'sLegPt.rL0': 53.72595849516269, 'sLegPt.lL0': 31.068286792007164, 'sLegPt.rL1': 35.904851443274175, 'sLegPt.lL1': 74.14646581684865, 'sLegPt.x1': 47.93302520569187, 'sLegPt.y1': 19.54265006408358, 'sLegPt.rA1': -24.46435609183618, 'sLegPt.rL2': 11.180918099429368, 'sLegPt.lL2': 11.977895779564317, 'lLegPt.rL0': 25.64315164213617, 'lLegPt.lL0': 33.76347307946054, 'lLegPt.rL1': 57.950663006037765, 'lLegPt.lL1': 49.72763548558709, 'lLegPt.x1': 35.266833810714644, 'lLegPt.y1': 14.264685364848868, 'lLegPt.rA1': -40.0951753783926, 'lLegPt.rL2': 77.81035904422518, 'lLegPt.lL2': 21.442710584929344}",PRUNED
367,367,5.885575343490785,2026-04-14 14:08:10.962112,2026-04-14 14:08:20.430672,0 days 00:00:09.468560,35.123394259325366,74.34328646653749,39.11037015681393,-42.86684729718732,13.910814355998141,11.781228431121455,14.012611973694735,38.00713166912321,16.714585883437856,67.97574814952854,57.703288961861944,46.65582813339796,-25.459202161126115,33.718997000746626,87.71974988009389,36.382647643025834,31.40856494357898,10.081618387522411,Unattained target,GPSampler,,PRUNED
368,368,5.08628390905492,2026-04-14 14:08:20.591282,2026-04-14 14:08:29.534771,0 days 00:00:08.943489,35.123394259325366,74.34328646653749,39.11037015681393,-42.86684729718732,13.910814355998141,11.781228431121455,14.012611973694735,38.00713166912321,16.714585883437856,67.97574814952854,57.703288961861944,46.65582813339796,-25.459202161126115,33.718997000746626,87.71974988009389,36.382647643025834,31.40856494357898,10.081618387522411,Unattained target,GPSampler,"{'sLegPt.rL0': 33.718997000746626, 'sLegPt.lL0': 67.97574814952854, 'sLegPt.rL1': 87.71974988009389, 'sLegPt.lL1': 57.703288961861944, 'sLegPt.x1': 31.40856494357898, 'sLegPt.y1': 10.081618387522411, 'sLegPt.rA1': -25.459202161126115, 'sLegPt.rL2': 36.382647643025834, 'sLegPt.lL2': 46.65582813339796, 'lLegPt.rL0': 13.910814355998141, 'lLegPt.lL0': 35.123394259325366, 'lLegPt.rL1': 11.781228431121455, 'lLegPt.lL1': 74.34328646653749, 'lLegPt.x1': 38.00713166912321, 'lLegPt.y1': 16.714585883437856, 'lLegPt.rA1': -42.86684729718732, 'lLegPt.rL2': 14.012611973694735, 'lLegPt.lL2': 39.11037015681393}",PRUNED
369,369,5.090848206652701,2026-04-14 14:08:29.712880,2026-04-14 14:08:38.846984,0 days 00:00:09.134104,35.123394259325366,74.34328646653749,39.11037015681393,-42.86684729718732,13.910814355998141,11.781228431121455,14.012611973694735,38.00713166912321,16.714585883437856,67.97574814952854,57.703288961861944,46.65582813339796,-25.459202161126115,33.718997000746626,87.71974988009389,36.382647643025834,31.40856494357898,10.081618387522411,Unattained target,GPSampler,"{'sLegPt.rL0': 33.718997000746626, 'sLegPt.lL0': 67.97574814952854, 'sLegPt.rL1': 87.71974988009389, 'sLegPt.lL1': 57.703288961861944, 'sLegPt.x1': 31.40856494357898, 'sLegPt.y1': 10.081618387522411, 'sLegPt.rA1': -25.459202161126115, 'sLegPt.rL2': 36.382647643025834, 'sLegPt.lL2': 46.65582813339796, 'lLegPt.rL0': 13.910814355998141, 'lLegPt.lL0': 35.123394259325366, 'lLegPt.rL1': 11.781228431121455, 'lLegPt.lL1': 74.34328646653749, 'lLegPt.x1': 38.00713166912321, 'lLegPt.y1': 16.714585883437856, 'lLegPt.rA1': -42.86684729718732, 'lLegPt.rL2': 14.012611973694735, 'lLegPt.lL2': 39.11037015681393}",PRUNED
370,370,9.527845610101792,2026-04-14 14:08:39.014401,2026-04-14 14:08:43.102485,0 days 00:00:04.088084,95.3576941059926,85.76567946005801,50.565896260776384,-66.1475101248833,17.922205782095663,22.402338750564084,19.47671569573027,46.122375920519005,26.55787755752402,46.501732280024925,50.367265604341114,11.496478209540795,-64.29586618734979,67.80955191706369,97.41674206648636,83.5282331494687,39.34960399032176,22.48821409466204,Unattained target,GPSampler,,PRUNED
371,371,9.527845605064648,2026-04-14 14:08:43.250075,2026-04-14 14:08:46.949462,0 days 00:00:03.699387,95.3576941059926,85.76567946005801,50.565896260776384,-66.1475101248833,17.922205782095663,22.402338750564084,19.47671569573027,46.122375920519005,26.55787755752402,46.501732280024925,50.367265604341114,11.496478209540795,-64.29586618734979,67.80955191706369,97.41674206648636,83.5282331494687,39.34960399032176,22.48821409466204,Unattained target,GPSampler,"{'sLegPt.rL0': 67.80955191706369, 'sLegPt.lL0': 46.501732280024925, 'sLegPt.rL1': 97.41674206648636, 'sLegPt.lL1': 50.367265604341114, 'sLegPt.x1': 39.34960399032176, 'sLegPt.y1': 22.48821409466204, 'sLegPt.rA1': -64.29586618734979, 'sLegPt.rL2': 83.5282331494687, 'sLegPt.lL2': 11.496478209540795, 'lLegPt.rL0': 17.922205782095663, 'lLegPt.lL0': 95.3576941059926, 'lLegPt.rL1': 22.402338750564084, 'lLegPt.lL1': 85.76567946005801, 'lLegPt.x1': 46.122375920519005, 'lLegPt.y1': 26.55787755752402, 'lLegPt.rA1': -66.1475101248833, 'lLegPt.rL2': 19.47671569573027, 'lLegPt.lL2': 50.565896260776384}",PRUNED
372,372,9.527845211434439,2026-04-14 14:08:47.091101,2026-04-14 14:08:50.939078,0 days 00:00:03.847977,95.3576941059926,85.76567946005801,50.565896260776384,-66.1475101248833,17.922205782095663,22.402338750564084,19.47671569573027,46.122375920519005,26.55787755752402,46.501732280024925,50.367265604341114,11.496478209540795,-64.29586618734979,67.80955191706369,97.41674206648636,83.5282331494687,39.34960399032176,22.48821409466204,Unattained target,GPSampler,"{'sLegPt.rL0': 67.80955191706369, 'sLegPt.lL0': 46.501732280024925, 'sLegPt.rL1': 97.41674206648636, 'sLegPt.lL1': 50.367265604341114, 'sLegPt.x1': 39.34960399032176, 'sLegPt.y1': 22.48821409466204, 'sLegPt.rA1': -64.29586618734979, 'sLegPt.rL2': 83.5282331494687, 'sLegPt.lL2': 11.496478209540795, 'lLegPt.rL0': 17.922205782095663, 'lLegPt.lL0': 95.3576941059926, 'lLegPt.rL1': 22.402338750564084, 'lLegPt.lL1': 85.76567946005801, 'lLegPt.x1': 46.122375920519005, 'lLegPt.y1': 26.55787755752402, 'lLegPt.rA1': -66.1475101248833, 'lLegPt.rL2': 19.47671569573027, 'lLegPt.lL2': 50.565896260776384}",PRUNED
373,373,7.701559190731345,2026-04-14 14:08:51.091742,2026-04-14 14:08:54.572665,0 days 00:00:03.480923,62.52656322905435,80.13310939336696,42.669668185900285,-44.50615592048733,84.75525427769867,39.609936116460844,36.78300056022809,36.97489764658079,28.651667748613722,21.426818786611598,24.25392402984174,12.213319814655767,-64.04982283859897,95.08286312269409,74.12316931458072,98.83674545145172,45.22666666701761,15.120481374860702,Unattained target,GPSampler,,PRUNED
374,374,7.701559603799737,2026-04-14 14:08:54.726772,2026-04-14 14:08:58.225915,0 days 00:00:03.499143,62.52656322905435,80.13310939336696,42.669668185900285,-44.50615592048733,84.75525427769867,39.609936116460844,36.78300056022809,36.97489764658079,28.651667748613722,21.426818786611598,24.25392402984174,12.213319814655767,-64.04982283859897,95.08286312269409,74.12316931458072,98.83674545145172,45.22666666701761,15.120481374860702,Unattained target,GPSampler,"{'sLegPt.rL0': 95.08286312269409, 'sLegPt.lL0': 21.426818786611598, 'sLegPt.rL1': 74.12316931458072, 'sLegPt.lL1': 24.25392402984174, 'sLegPt.x1': 45.22666666701761, 'sLegPt.y1': 15.120481374860702, 'sLegPt.rA1': -64.04982283859897, 'sLegPt.rL2': 98.83674545145172, 'sLegPt.lL2': 12.213319814655767, 'lLegPt.rL0': 84.75525427769867, 'lLegPt.lL0': 62.52656322905435, 'lLegPt.rL1': 39.609936116460844, 'lLegPt.lL1': 80.13310939336696, 'lLegPt.x1': 36.97489764658079, 'lLegPt.y1': 28.651667748613722, 'lLegPt.rA1': -44.50615592048733, 'lLegPt.rL2': 36.78300056022809, 'lLegPt.lL2': 42.669668185900285}",PRUNED
375,375,7.701559151841202,2026-04-14 14:08:58.383645,2026-04-14 14:09:01.862260,0 days 00:00:03.478615,62.52656322905435,80.13310939336696,42.669668185900285,-44.50615592048733,84.75525427769867,39.609936116460844,36.78300056022809,36.97489764658079,28.651667748613722,21.426818786611598,24.25392402984174,12.213319814655767,-64.04982283859897,95.08286312269409,74.12316931458072,98.83674545145172,45.22666666701761,15.120481374860702,Unattained target,GPSampler,"{'sLegPt.rL0': 95.08286312269409, 'sLegPt.lL0': 21.426818786611598, 'sLegPt.rL1': 74.12316931458072, 'sLegPt.lL1': 24.25392402984174, 'sLegPt.x1': 45.22666666701761, 'sLegPt.y1': 15.120481374860702, 'sLegPt.rA1': -64.04982283859897, 'sLegPt.rL2': 98.83674545145172, 'sLegPt.lL2': 12.213319814655767, 'lLegPt.rL0': 84.75525427769867, 'lLegPt.lL0': 62.52656322905435, 'lLegPt.rL1': 39.609936116460844, 'lLegPt.lL1': 80.13310939336696, 'lLegPt.x1': 36.97489764658079, 'lLegPt.y1': 28.651667748613722, 'lLegPt.rA1': -44.50615592048733, 'lLegPt.rL2': 36.78300056022809, 'lLegPt.lL2': 42.669668185900285}",PRUNED
376,376,6.714895724152797,2026-04-14 14:09:02.017816,2026-04-14 14:09:06.391243,0 days 00:00:04.373427,47.47488486089117,15.335080250204111,92.55452185246673,-68.57484758878353,85.96378100525655,66.42465661200976,61.967547124137496,36.30406897528334,10.446709729789722,76.56187492529473,37.29770549147957,43.96871420816555,-72.57959177551967,56.32367530084839,65.88088131814067,90.9913952333865,46.608569415046745,27.84749285869527,Unattained target,GPSampler,,PRUNED
377,377,6.714895865288916,2026-04-14 14:09:06.569148,2026-04-14 14:09:10.884691,0 days 00:00:04.315543,47.47488486089117,15.335080250204111,92.55452185246673,-68.57484758878353,85.96378100525655,66.42465661200976,61.967547124137496,36.30406897528334,10.446709729789722,76.56187492529473,37.29770549147957,43.96871420816555,-72.57959177551967,56.32367530084839,65.88088131814067,90.9913952333865,46.608569415046745,27.84749285869527,Unattained target,GPSampler,"{'sLegPt.rL0': 56.32367530084839, 'sLegPt.lL0': 76.56187492529473, 'sLegPt.rL1': 65.88088131814067, 'sLegPt.lL1': 37.29770549147957, 'sLegPt.x1': 46.608569415046745, 'sLegPt.y1': 27.84749285869527, 'sLegPt.rA1': -72.57959177551967, 'sLegPt.rL2': 90.9913952333865, 'sLegPt.lL2': 43.96871420816555, 'lLegPt.rL0': 85.96378100525655, 'lLegPt.lL0': 47.47488486089117, 'lLegPt.rL1': 66.42465661200976, 'lLegPt.lL1': 15.335080250204111, 'lLegPt.x1': 36.30406897528334, 'lLegPt.y1': 10.446709729789722, 'lLegPt.rA1': -68.57484758878353, 'lLegPt.rL2': 61.967547124137496, 'lLegPt.lL2': 92.55452185246673}",PRUNED
378,378,6.714895675727313,2026-04-14 14:09:11.074404,2026-04-14 14:09:15.097606,0 days 00:00:04.023202,47.47488486089117,15.335080250204111,92.55452185246673,-68.57484758878353,85.96378100525655,66.42465661200976,61.967547124137496,36.30406897528334,10.446709729789722,76.56187492529473,37.29770549147957,43.96871420816555,-72.57959177551967,56.32367530084839,65.88088131814067,90.9913952333865,46.608569415046745,27.84749285869527,Unattained target,GPSampler,"{'sLegPt.rL0': 56.32367530084839, 'sLegPt.lL0': 76.56187492529473, 'sLegPt.rL1': 65.88088131814067, 'sLegPt.lL1': 37.29770549147957, 'sLegPt.x1': 46.608569415046745, 'sLegPt.y1': 27.84749285869527, 'sLegPt.rA1': -72.57959177551967, 'sLegPt.rL2': 90.9913952333865, 'sLegPt.lL2': 43.96871420816555, 'lLegPt.rL0': 85.96378100525655, 'lLegPt.lL0': 47.47488486089117, 'lLegPt.rL1': 66.42465661200976, 'lLegPt.lL1': 15.335080250204111, 'lLegPt.x1': 36.30406897528334, 'lLegPt.y1': 10.446709729789722, 'lLegPt.rA1': -68.57484758878353, 'lLegPt.rL2': 61.967547124137496, 'lLegPt.lL2': 92.55452185246673}",PRUNED
379,379,6.002385056070494,2026-04-14 14:09:15.236992,2026-04-14 14:09:20.493649,0 days 00:00:05.256657,54.05422087564991,68.78823089287019,33.07110154634432,-78.19015767311511,97.86029701343473,73.40391298467654,87.95860174912288,39.52169287747331,26.56507519782606,95.4870586676995,18.547876087661272,84.13929950830578,-47.62819347448852,44.509088180301674,35.690217966430325,86.07455375158077,46.59694811960307,25.3014632093729,Unattained target,GPSampler,,PRUNED
380,380,6.002384758343531,2026-04-14 14:09:20.641918,2026-04-14 14:09:24.682298,0 days 00:00:04.040380,54.05422087564991,68.78823089287019,33.07110154634432,-78.19015767311511,97.86029701343473,73.40391298467654,87.95860174912288,39.52169287747331,26.56507519782606,95.4870586676995,18.547876087661272,84.13929950830578,-47.62819347448852,44.509088180301674,35.690217966430325,86.07455375158077,46.59694811960307,25.3014632093729,Unattained target,GPSampler,"{'sLegPt.rL0': 44.509088180301674, 'sLegPt.lL0': 95.4870586676995, 'sLegPt.rL1': 35.690217966430325, 'sLegPt.lL1': 18.547876087661272, 'sLegPt.x1': 46.59694811960307, 'sLegPt.y1': 25.3014632093729, 'sLegPt.rA1': -47.62819347448852, 'sLegPt.rL2': 86.07455375158077, 'sLegPt.lL2': 84.13929950830578, 'lLegPt.rL0': 97.86029701343473, 'lLegPt.lL0': 54.05422087564991, 'lLegPt.rL1': 73.40391298467654, 'lLegPt.lL1': 68.78823089287019, 'lLegPt.x1': 39.52169287747331, 'lLegPt.y1': 26.56507519782606, 'lLegPt.rA1': -78.19015767311511, 'lLegPt.rL2': 87.95860174912288, 'lLegPt.lL2': 33.07110154634432}",PRUNED
381,381,6.002384372664217,2026-04-14 14:09:24.823614,2026-04-14 14:09:28.684374,0 days 00:00:03.860760,54.05422087564991,68.78823089287019,33.07110154634432,-78.19015767311511,97.86029701343473,73.40391298467654,87.95860174912288,39.52169287747331,26.56507519782606,95.4870586676995,18.547876087661272,84.13929950830578,-47.62819347448852,44.509088180301674,35.690217966430325,86.07455375158077,46.59694811960307,25.3014632093729,Unattained target,GPSampler,"{'sLegPt.rL0': 44.509088180301674, 'sLegPt.lL0': 95.4870586676995, 'sLegPt.rL1': 35.690217966430325, 'sLegPt.lL1': 18.547876087661272, 'sLegPt.x1': 46.59694811960307, 'sLegPt.y1': 25.3014632093729, 'sLegPt.rA1': -47.62819347448852, 'sLegPt.rL2': 86.07455375158077, 'sLegPt.lL2': 84.13929950830578, 'lLegPt.rL0': 97.86029701343473, 'lLegPt.lL0': 54.05422087564991, 'lLegPt.rL1': 73.40391298467654, 'lLegPt.lL1': 68.78823089287019, 'lLegPt.x1': 39.52169287747331, 'lLegPt.y1': 26.56507519782606, 'lLegPt.rA1': -78.19015767311511, 'lLegPt.rL2': 87.95860174912288, 'lLegPt.lL2': 33.07110154634432}",PRUNED
382,382,7.099911910509711,2026-04-14 14:09:28.832552,2026-04-14 14:09:32.708696,0 days 00:00:03.876144,83.52565714325951,44.18839804258268,51.1775207019002,-63.50613824463248,51.24635332584687,53.85455884622604,21.01948769182748,30.96164399080697,28.471824431752843,57.03671385378758,66.58463337724501,38.94191965577706,-26.60740558442042,71.77252955186452,95.56918562504343,57.4754283013934,33.70785174907921,25.910575527060757,Unattained target,GPSampler,,PRUNED
383,383,7.099912393944123,2026-04-14 14:09:32.858964,2026-04-14 14:09:36.577738,0 days 00:00:03.718774,83.52565714325951,44.18839804258268,51.1775207019002,-63.50613824463248,51.24635332584687,53.85455884622604,21.01948769182748,30.96164399080697,28.471824431752843,57.03671385378758,66.58463337724501,38.94191965577706,-26.60740558442042,71.77252955186452,95.56918562504343,57.4754283013934,33.70785174907921,25.910575527060757,Unattained target,GPSampler,"{'sLegPt.rL0': 71.77252955186452, 'sLegPt.lL0': 57.03671385378758, 'sLegPt.rL1': 95.56918562504343, 'sLegPt.lL1': 66.58463337724501, 'sLegPt.x1': 33.70785174907921, 'sLegPt.y1': 25.910575527060757, 'sLegPt.rA1': -26.60740558442042, 'sLegPt.rL2': 57.4754283013934, 'sLegPt.lL2': 38.94191965577706, 'lLegPt.rL0': 51.24635332584687, 'lLegPt.lL0': 83.52565714325951, 'lLegPt.rL1': 53.85455884622604, 'lLegPt.lL1': 44.18839804258268, 'lLegPt.x1': 30.96164399080697, 'lLegPt.y1': 28.471824431752843, 'lLegPt.rA1': -63.50613824463248, 'lLegPt.rL2': 21.01948769182748, 'lLegPt.lL2': 51.1775207019002}",PRUNED
384,384,7.099912015382003,2026-04-14 14:09:36.739238,2026-04-14 14:09:40.965870,0 days 00:00:04.226632,83.52565714325951,44.18839804258268,51.1775207019002,-63.50613824463248,51.24635332584687,53.85455884622604,21.01948769182748,30.96164399080697,28.471824431752843,57.03671385378758,66.58463337724501,38.94191965577706,-26.60740558442042,71.77252955186452,95.56918562504343,57.4754283013934,33.70785174907921,25.910575527060757,Unattained target,GPSampler,"{'sLegPt.rL0': 71.77252955186452, 'sLegPt.lL0': 57.03671385378758, 'sLegPt.rL1': 95.56918562504343, 'sLegPt.lL1': 66.58463337724501, 'sLegPt.x1': 33.70785174907921, 'sLegPt.y1': 25.910575527060757, 'sLegPt.rA1': -26.60740558442042, 'sLegPt.rL2': 57.4754283013934, 'sLegPt.lL2': 38.94191965577706, 'lLegPt.rL0': 51.24635332584687, 'lLegPt.lL0': 83.52565714325951, 'lLegPt.rL1': 53.85455884622604, 'lLegPt.lL1': 44.18839804258268, 'lLegPt.x1': 30.96164399080697, 'lLegPt.y1': 28.471824431752843, 'lLegPt.rA1': -63.50613824463248, 'lLegPt.rL2': 21.01948769182748, 'lLegPt.lL2': 51.1775207019002}",PRUNED
385,385,5.7036935962178745,2026-04-14 14:09:41.091799,2026-04-14 14:09:45.221489,0 days 00:00:04.129690,14.501530135907263,17.87828538320482,80.60001862122522,-61.55933037489201,53.5593079723794,76.71486899346016,62.75220267294366,49.37777187008351,17.227609727572332,58.30248483444657,39.52713737370596,75.10781410011936,-64.83507733086718,10.176366895597628,13.809078964048602,67.50244776851203,49.97248417100542,18.625863220283854,Unattained target,GPSampler,,PRUNED
