,number,value,datetime_start,datetime_complete,duration,params_lLegPt.lL0,params_lLegPt.lL1,params_lLegPt.lL2,params_lLegPt.rA1,params_lLegPt.rL0,params_lLegPt.rL1,params_lLegPt.rL2,params_lLegPt.x1,params_lLegPt.y1,params_sLegPt.lL0,params_sLegPt.lL1,params_sLegPt.lL2,params_sLegPt.rA1,params_sLegPt.rL0,params_sLegPt.rL1,params_sLegPt.rL2,params_sLegPt.x1,params_sLegPt.y1,user_attrs_prune,system_attrs_auto:sampler,system_attrs_fixed_params,state
989,989,5.922074634004517,2026-04-14 14:57:37.032016,2026-04-14 14:57:41.978987,0 days 00:00:04.946971,87.87216307880617,28.305038375047424,97.55112948416868,-41.416970029280414,89.66601335066332,92.64052137247256,51.18497717881347,32.226648871084635,29.668265197504525,85.41754550279099,14.186168349530682,19.93582446631394,-70.5237744807896,47.55530257249669,65.13225293322205,42.58329313516438,39.42839452717758,28.68625340797347,Unattained target,GPSampler,"{'sLegPt.rL0': 47.55530257249669, 'sLegPt.lL0': 85.41754550279099, 'sLegPt.rL1': 65.13225293322205, 'sLegPt.lL1': 14.186168349530682, 'sLegPt.x1': 39.42839452717758, 'sLegPt.y1': 28.68625340797347, 'sLegPt.rA1': -70.5237744807896, 'sLegPt.rL2': 42.58329313516438, 'sLegPt.lL2': 19.93582446631394, 'lLegPt.rL0': 89.66601335066332, 'lLegPt.lL0': 87.87216307880617, 'lLegPt.rL1': 92.64052137247256, 'lLegPt.lL1': 28.305038375047424, 'lLegPt.x1': 32.226648871084635, 'lLegPt.y1': 29.668265197504525, 'lLegPt.rA1': -41.416970029280414, 'lLegPt.rL2': 51.18497717881347, 'lLegPt.lL2': 97.55112948416868}",PRUNED
990,990,5.922077808040363,2026-04-14 14:57:42.169668,2026-04-14 14:57:46.811724,0 days 00:00:04.642056,87.87216307880617,28.305038375047424,97.55112948416868,-41.416970029280414,89.66601335066332,92.64052137247256,51.18497717881347,32.226648871084635,29.668265197504525,85.41754550279099,14.186168349530682,19.93582446631394,-70.5237744807896,47.55530257249669,65.13225293322205,42.58329313516438,39.42839452717758,28.68625340797347,Unattained target,GPSampler,"{'sLegPt.rL0': 47.55530257249669, 'sLegPt.lL0': 85.41754550279099, 'sLegPt.rL1': 65.13225293322205, 'sLegPt.lL1': 14.186168349530682, 'sLegPt.x1': 39.42839452717758, 'sLegPt.y1': 28.68625340797347, 'sLegPt.rA1': -70.5237744807896, 'sLegPt.rL2': 42.58329313516438, 'sLegPt.lL2': 19.93582446631394, 'lLegPt.rL0': 89.66601335066332, 'lLegPt.lL0': 87.87216307880617, 'lLegPt.rL1': 92.64052137247256, 'lLegPt.lL1': 28.305038375047424, 'lLegPt.x1': 32.226648871084635, 'lLegPt.y1': 29.668265197504525, 'lLegPt.rA1': -41.416970029280414, 'lLegPt.rL2': 51.18497717881347, 'lLegPt.lL2': 97.55112948416868}",PRUNED
991,991,7.407475191544066,2026-04-14 14:57:46.991615,2026-04-14 14:57:51.149113,0 days 00:00:04.157498,70.62748989255438,50.52018812144607,49.22368102944204,-72.83293419728372,35.381126095417315,94.84163267878418,39.618828795969364,33.30789716367358,24.151174698164873,30.20696860015797,17.083031617841705,92.0267786024406,-39.26203477531133,58.2559986659162,37.61818002996306,68.89955108988059,33.8332021686736,15.088732557582201,Unattained target,GPSampler,,PRUNED
992,992,7.407476617099711,2026-04-14 14:57:51.344773,2026-04-14 14:57:55.592657,0 days 00:00:04.247884,70.62748989255438,50.52018812144607,49.22368102944204,-72.83293419728372,35.381126095417315,94.84163267878418,39.618828795969364,33.30789716367358,24.151174698164873,30.20696860015797,17.083031617841705,92.0267786024406,-39.26203477531133,58.2559986659162,37.61818002996306,68.89955108988059,33.8332021686736,15.088732557582201,Unattained target,GPSampler,"{'sLegPt.rL0': 58.2559986659162, 'sLegPt.lL0': 30.20696860015797, 'sLegPt.rL1': 37.61818002996306, 'sLegPt.lL1': 17.083031617841705, 'sLegPt.x1': 33.8332021686736, 'sLegPt.y1': 15.088732557582201, 'sLegPt.rA1': -39.26203477531133, 'sLegPt.rL2': 68.89955108988059, 'sLegPt.lL2': 92.0267786024406, 'lLegPt.rL0': 35.381126095417315, 'lLegPt.lL0': 70.62748989255438, 'lLegPt.rL1': 94.84163267878418, 'lLegPt.lL1': 50.52018812144607, 'lLegPt.x1': 33.30789716367358, 'lLegPt.y1': 24.151174698164873, 'lLegPt.rA1': -72.83293419728372, 'lLegPt.rL2': 39.618828795969364, 'lLegPt.lL2': 49.22368102944204}",PRUNED
993,993,7.407475069973991,2026-04-14 14:57:55.815557,2026-04-14 14:57:59.904474,0 days 00:00:04.088917,70.62748989255438,50.52018812144607,49.22368102944204,-72.83293419728372,35.381126095417315,94.84163267878418,39.618828795969364,33.30789716367358,24.151174698164873,30.20696860015797,17.083031617841705,92.0267786024406,-39.26203477531133,58.2559986659162,37.61818002996306,68.89955108988059,33.8332021686736,15.088732557582201,Unattained target,GPSampler,"{'sLegPt.rL0': 58.2559986659162, 'sLegPt.lL0': 30.20696860015797, 'sLegPt.rL1': 37.61818002996306, 'sLegPt.lL1': 17.083031617841705, 'sLegPt.x1': 33.8332021686736, 'sLegPt.y1': 15.088732557582201, 'sLegPt.rA1': -39.26203477531133, 'sLegPt.rL2': 68.89955108988059, 'sLegPt.lL2': 92.0267786024406, 'lLegPt.rL0': 35.381126095417315, 'lLegPt.lL0': 70.62748989255438, 'lLegPt.rL1': 94.84163267878418, 'lLegPt.lL1': 50.52018812144607, 'lLegPt.x1': 33.30789716367358, 'lLegPt.y1': 24.151174698164873, 'lLegPt.rA1': -72.83293419728372, 'lLegPt.rL2': 39.618828795969364, 'lLegPt.lL2': 49.22368102944204}",PRUNED
994,994,5.9056313560543074,2026-04-14 14:58:00.102441,2026-04-14 14:58:08.106434,0 days 00:00:08.003993,12.851705725620445,44.10962797277793,22.536136280174826,-64.66218063607363,43.34940346045405,11.807030932230534,18.684190973068535,31.610697047632787,12.009068338232208,62.20612349154782,87.8344432571512,59.22965713646854,-68.42359976264413,36.11342299291486,50.087327223236315,99.70133471774483,37.710595643635074,22.108806599407636,Unattained target,GPSampler,,PRUNED
995,995,5.905643820432999,2026-04-14 14:58:08.323984,2026-04-14 14:58:16.404360,0 days 00:00:08.080376,12.851705725620445,44.10962797277793,22.536136280174826,-64.66218063607363,43.34940346045405,11.807030932230534,18.684190973068535,31.610697047632787,12.009068338232208,62.20612349154782,87.8344432571512,59.22965713646854,-68.42359976264413,36.11342299291486,50.087327223236315,99.70133471774483,37.710595643635074,22.108806599407636,Unattained target,GPSampler,"{'sLegPt.rL0': 36.11342299291486, 'sLegPt.lL0': 62.20612349154782, 'sLegPt.rL1': 50.087327223236315, 'sLegPt.lL1': 87.8344432571512, 'sLegPt.x1': 37.710595643635074, 'sLegPt.y1': 22.108806599407636, 'sLegPt.rA1': -68.42359976264413, 'sLegPt.rL2': 99.70133471774483, 'sLegPt.lL2': 59.22965713646854, 'lLegPt.rL0': 43.34940346045405, 'lLegPt.lL0': 12.851705725620445, 'lLegPt.rL1': 11.807030932230534, 'lLegPt.lL1': 44.10962797277793, 'lLegPt.x1': 31.610697047632787, 'lLegPt.y1': 12.009068338232208, 'lLegPt.rA1': -64.66218063607363, 'lLegPt.rL2': 18.684190973068535, 'lLegPt.lL2': 22.536136280174826}",PRUNED
996,996,5.905150870384709,2026-04-14 14:58:16.598282,2026-04-14 14:58:24.921565,0 days 00:00:08.323283,12.851705725620445,44.10962797277793,22.536136280174826,-64.66218063607363,43.34940346045405,11.807030932230534,18.684190973068535,31.610697047632787,12.009068338232208,62.20612349154782,87.8344432571512,59.22965713646854,-68.42359976264413,36.11342299291486,50.087327223236315,99.70133471774483,37.710595643635074,22.108806599407636,Unattained target,GPSampler,"{'sLegPt.rL0': 36.11342299291486, 'sLegPt.lL0': 62.20612349154782, 'sLegPt.rL1': 50.087327223236315, 'sLegPt.lL1': 87.8344432571512, 'sLegPt.x1': 37.710595643635074, 'sLegPt.y1': 22.108806599407636, 'sLegPt.rA1': -68.42359976264413, 'sLegPt.rL2': 99.70133471774483, 'sLegPt.lL2': 59.22965713646854, 'lLegPt.rL0': 43.34940346045405, 'lLegPt.lL0': 12.851705725620445, 'lLegPt.rL1': 11.807030932230534, 'lLegPt.lL1': 44.10962797277793, 'lLegPt.x1': 31.610697047632787, 'lLegPt.y1': 12.009068338232208, 'lLegPt.rA1': -64.66218063607363, 'lLegPt.rL2': 18.684190973068535, 'lLegPt.lL2': 22.536136280174826}",PRUNED
997,997,29.011652082397866,2026-04-14 14:58:25.108290,2026-04-14 14:58:29.421594,0 days 00:00:04.313304,58.032926390054676,46.59196732396895,93.73568599509264,-33.91822359100251,12.755176058302471,80.44198728900234,22.732272688751138,34.34236096754168,17.06662916939925,63.0064540066935,71.80676798540654,14.896226860887406,-20.7205270228595,86.01480558757768,42.18686631477365,81.23936549673923,31.683691284347304,26.8439228077519,Unattained target,GPSampler,,PRUNED
998,998,29.011652032271982,2026-04-14 14:58:29.627719,2026-04-14 14:58:33.149170,0 days 00:00:03.521451,58.032926390054676,46.59196732396895,93.73568599509264,-33.91822359100251,12.755176058302471,80.44198728900234,22.732272688751138,34.34236096754168,17.06662916939925,63.0064540066935,71.80676798540654,14.896226860887406,-20.7205270228595,86.01480558757768,42.18686631477365,81.23936549673923,31.683691284347304,26.8439228077519,Unattained target,GPSampler,"{'sLegPt.rL0': 86.01480558757768, 'sLegPt.lL0': 63.0064540066935, 'sLegPt.rL1': 42.18686631477365, 'sLegPt.lL1': 71.80676798540654, 'sLegPt.x1': 31.683691284347304, 'sLegPt.y1': 26.8439228077519, 'sLegPt.rA1': -20.7205270228595, 'sLegPt.rL2': 81.23936549673923, 'sLegPt.lL2': 14.896226860887406, 'lLegPt.rL0': 12.755176058302471, 'lLegPt.lL0': 58.032926390054676, 'lLegPt.rL1': 80.44198728900234, 'lLegPt.lL1': 46.59196732396895, 'lLegPt.x1': 34.34236096754168, 'lLegPt.y1': 17.06662916939925, 'lLegPt.rA1': -33.91822359100251, 'lLegPt.rL2': 22.732272688751138, 'lLegPt.lL2': 93.73568599509264}",PRUNED
999,999,29.011652569394577,2026-04-14 14:58:33.362219,2026-04-14 14:58:37.657463,0 days 00:00:04.295244,58.032926390054676,46.59196732396895,93.73568599509264,-33.91822359100251,12.755176058302471,80.44198728900234,22.732272688751138,34.34236096754168,17.06662916939925,63.0064540066935,71.80676798540654,14.896226860887406,-20.7205270228595,86.01480558757768,42.18686631477365,81.23936549673923,31.683691284347304,26.8439228077519,Unattained target,GPSampler,"{'sLegPt.rL0': 86.01480558757768, 'sLegPt.lL0': 63.0064540066935, 'sLegPt.rL1': 42.18686631477365, 'sLegPt.lL1': 71.80676798540654, 'sLegPt.x1': 31.683691284347304, 'sLegPt.y1': 26.8439228077519, 'sLegPt.rA1': -20.7205270228595, 'sLegPt.rL2': 81.23936549673923, 'sLegPt.lL2': 14.896226860887406, 'lLegPt.rL0': 12.755176058302471, 'lLegPt.lL0': 58.032926390054676, 'lLegPt.rL1': 80.44198728900234, 'lLegPt.lL1': 46.59196732396895, 'lLegPt.x1': 34.34236096754168, 'lLegPt.y1': 17.06662916939925, 'lLegPt.rA1': -33.91822359100251, 'lLegPt.rL2': 22.732272688751138, 'lLegPt.lL2': 93.73568599509264}",PRUNED
1000,1000,5.839378714429973,2026-04-14 14:58:37.866328,2026-04-14 14:58:42.021815,0 days 00:00:04.155487,89.12645767846546,16.676653014319708,14.198185305962937,-77.28063422523124,83.27120199118755,31.07547849912298,57.394094859662154,38.7847908864553,20.64845323398506,34.108522162519066,56.73073228664285,10.046573372856436,-43.779026830171524,91.29206580450304,81.10879078525625,48.964079957828936,31.695507478259934,29.56344007627559,Unattained target,GPSampler,,PRUNED
1001,1001,5.839378522937665,2026-04-14 14:58:42.232880,2026-04-14 14:58:46.053925,0 days 00:00:03.821045,89.12645767846546,16.676653014319708,14.198185305962937,-77.28063422523124,83.27120199118755,31.07547849912298,57.394094859662154,38.7847908864553,20.64845323398506,34.108522162519066,56.73073228664285,10.046573372856436,-43.779026830171524,91.29206580450304,81.10879078525625,48.964079957828936,31.695507478259934,29.56344007627559,Unattained target,GPSampler,"{'sLegPt.rL0': 91.29206580450304, 'sLegPt.lL0': 34.108522162519066, 'sLegPt.rL1': 81.10879078525625, 'sLegPt.lL1': 56.73073228664285, 'sLegPt.x1': 31.695507478259934, 'sLegPt.y1': 29.56344007627559, 'sLegPt.rA1': -43.779026830171524, 'sLegPt.rL2': 48.964079957828936, 'sLegPt.lL2': 10.046573372856436, 'lLegPt.rL0': 83.27120199118755, 'lLegPt.lL0': 89.12645767846546, 'lLegPt.rL1': 31.07547849912298, 'lLegPt.lL1': 16.676653014319708, 'lLegPt.x1': 38.7847908864553, 'lLegPt.y1': 20.64845323398506, 'lLegPt.rA1': -77.28063422523124, 'lLegPt.rL2': 57.394094859662154, 'lLegPt.lL2': 14.198185305962937}",PRUNED
1002,1002,5.839378659011256,2026-04-14 14:58:46.294050,2026-04-14 14:58:50.522832,0 days 00:00:04.228782,89.12645767846546,16.676653014319708,14.198185305962937,-77.28063422523124,83.27120199118755,31.07547849912298,57.394094859662154,38.7847908864553,20.64845323398506,34.108522162519066,56.73073228664285,10.046573372856436,-43.779026830171524,91.29206580450304,81.10879078525625,48.964079957828936,31.695507478259934,29.56344007627559,Unattained target,GPSampler,"{'sLegPt.rL0': 91.29206580450304, 'sLegPt.lL0': 34.108522162519066, 'sLegPt.rL1': 81.10879078525625, 'sLegPt.lL1': 56.73073228664285, 'sLegPt.x1': 31.695507478259934, 'sLegPt.y1': 29.56344007627559, 'sLegPt.rA1': -43.779026830171524, 'sLegPt.rL2': 48.964079957828936, 'sLegPt.lL2': 10.046573372856436, 'lLegPt.rL0': 83.27120199118755, 'lLegPt.lL0': 89.12645767846546, 'lLegPt.rL1': 31.07547849912298, 'lLegPt.lL1': 16.676653014319708, 'lLegPt.x1': 38.7847908864553, 'lLegPt.y1': 20.64845323398506, 'lLegPt.rA1': -77.28063422523124, 'lLegPt.rL2': 57.394094859662154, 'lLegPt.lL2': 14.198185305962937}",PRUNED
1003,1003,7.0023629232924876,2026-04-14 14:58:50.727887,2026-04-14 14:58:54.939293,0 days 00:00:04.211406,92.18032275590546,52.081203807591855,50.00025277470229,-35.87585972468555,70.14407001830753,20.32182962489536,41.24297768302361,44.17604384526499,13.430470330887104,93.32786068627888,81.98714764189108,99.0836288543983,-56.00229150115612,93.9929385569766,87.37753786781731,13.596650739425312,41.816351407314485,15.912786109362075,Unattained target,GPSampler,,PRUNED
1004,1004,7.002362854543428,2026-04-14 14:58:55.149860,2026-04-14 14:58:59.554495,0 days 00:00:04.404635,92.18032275590546,52.081203807591855,50.00025277470229,-35.87585972468555,70.14407001830753,20.32182962489536,41.24297768302361,44.17604384526499,13.430470330887104,93.32786068627888,81.98714764189108,99.0836288543983,-56.00229150115612,93.9929385569766,87.37753786781731,13.596650739425312,41.816351407314485,15.912786109362075,Unattained target,GPSampler,"{'sLegPt.rL0': 93.9929385569766, 'sLegPt.lL0': 93.32786068627888, 'sLegPt.rL1': 87.37753786781731, 'sLegPt.lL1': 81.98714764189108, 'sLegPt.x1': 41.816351407314485, 'sLegPt.y1': 15.912786109362075, 'sLegPt.rA1': -56.00229150115612, 'sLegPt.rL2': 13.596650739425312, 'sLegPt.lL2': 99.0836288543983, 'lLegPt.rL0': 70.14407001830753, 'lLegPt.lL0': 92.18032275590546, 'lLegPt.rL1': 20.32182962489536, 'lLegPt.lL1': 52.081203807591855, 'lLegPt.x1': 44.17604384526499, 'lLegPt.y1': 13.430470330887104, 'lLegPt.rA1': -35.87585972468555, 'lLegPt.rL2': 41.24297768302361, 'lLegPt.lL2': 50.00025277470229}",PRUNED
1005,1005,7.002362778928067,2026-04-14 14:58:59.751428,2026-04-14 14:59:04.113167,0 days 00:00:04.361739,92.18032275590546,52.081203807591855,50.00025277470229,-35.87585972468555,70.14407001830753,20.32182962489536,41.24297768302361,44.17604384526499,13.430470330887104,93.32786068627888,81.98714764189108,99.0836288543983,-56.00229150115612,93.9929385569766,87.37753786781731,13.596650739425312,41.816351407314485,15.912786109362075,Unattained target,GPSampler,"{'sLegPt.rL0': 93.9929385569766, 'sLegPt.lL0': 93.32786068627888, 'sLegPt.rL1': 87.37753786781731, 'sLegPt.lL1': 81.98714764189108, 'sLegPt.x1': 41.816351407314485, 'sLegPt.y1': 15.912786109362075, 'sLegPt.rA1': -56.00229150115612, 'sLegPt.rL2': 13.596650739425312, 'sLegPt.lL2': 99.0836288543983, 'lLegPt.rL0': 70.14407001830753, 'lLegPt.lL0': 92.18032275590546, 'lLegPt.rL1': 20.32182962489536, 'lLegPt.lL1': 52.081203807591855, 'lLegPt.x1': 44.17604384526499, 'lLegPt.y1': 13.430470330887104, 'lLegPt.rA1': -35.87585972468555, 'lLegPt.rL2': 41.24297768302361, 'lLegPt.lL2': 50.00025277470229}",PRUNED
1006,1006,5.150370779132331,2026-04-14 14:59:04.321943,2026-04-14 14:59:11.579024,0 days 00:00:07.257081,28.495466820550156,23.599523334200676,41.2005771164725,-31.507634132938442,30.12507142137928,18.34841149894938,78.0693970294754,39.056848046583504,14.514404106886786,52.3860666503569,44.30041595785277,74.03758705908837,-45.790605376306765,80.40165591401092,93.83450907262949,83.55618350863189,43.114889881196305,16.095251414769923,Unattained target,GPSampler,,PRUNED
1007,1007,5.150366580203745,2026-04-14 14:59:11.747535,2026-04-14 14:59:18.886473,0 days 00:00:07.138938,28.495466820550156,23.599523334200676,41.2005771164725,-31.507634132938442,30.12507142137928,18.34841149894938,78.0693970294754,39.056848046583504,14.514404106886786,52.3860666503569,44.30041595785277,74.03758705908837,-45.790605376306765,80.40165591401092,93.83450907262949,83.55618350863189,43.114889881196305,16.095251414769923,Unattained target,GPSampler,"{'sLegPt.rL0': 80.40165591401092, 'sLegPt.lL0': 52.3860666503569, 'sLegPt.rL1': 93.83450907262949, 'sLegPt.lL1': 44.30041595785277, 'sLegPt.x1': 43.114889881196305, 'sLegPt.y1': 16.095251414769923, 'sLegPt.rA1': -45.790605376306765, 'sLegPt.rL2': 83.55618350863189, 'sLegPt.lL2': 74.03758705908837, 'lLegPt.rL0': 30.12507142137928, 'lLegPt.lL0': 28.495466820550156, 'lLegPt.rL1': 18.34841149894938, 'lLegPt.lL1': 23.599523334200676, 'lLegPt.x1': 39.056848046583504, 'lLegPt.y1': 14.514404106886786, 'lLegPt.rA1': -31.507634132938442, 'lLegPt.rL2': 78.0693970294754, 'lLegPt.lL2': 41.2005771164725}",PRUNED
1008,1008,5.150371456554147,2026-04-14 14:59:19.084868,2026-04-14 14:59:26.367422,0 days 00:00:07.282554,28.495466820550156,23.599523334200676,41.2005771164725,-31.507634132938442,30.12507142137928,18.34841149894938,78.0693970294754,39.056848046583504,14.514404106886786,52.3860666503569,44.30041595785277,74.03758705908837,-45.790605376306765,80.40165591401092,93.83450907262949,83.55618350863189,43.114889881196305,16.095251414769923,Unattained target,GPSampler,"{'sLegPt.rL0': 80.40165591401092, 'sLegPt.lL0': 52.3860666503569, 'sLegPt.rL1': 93.83450907262949, 'sLegPt.lL1': 44.30041595785277, 'sLegPt.x1': 43.114889881196305, 'sLegPt.y1': 16.095251414769923, 'sLegPt.rA1': -45.790605376306765, 'sLegPt.rL2': 83.55618350863189, 'sLegPt.lL2': 74.03758705908837, 'lLegPt.rL0': 30.12507142137928, 'lLegPt.lL0': 28.495466820550156, 'lLegPt.rL1': 18.34841149894938, 'lLegPt.lL1': 23.599523334200676, 'lLegPt.x1': 39.056848046583504, 'lLegPt.y1': 14.514404106886786, 'lLegPt.rA1': -31.507634132938442, 'lLegPt.rL2': 78.0693970294754, 'lLegPt.lL2': 41.2005771164725}",PRUNED
1009,1009,8.320720903282485,2026-04-14 14:59:26.590835,2026-04-14 14:59:30.505432,0 days 00:00:03.914597,79.69037079193089,61.96608661271575,56.12289274561989,-66.13333264559569,49.09213141157141,31.299714904715923,95.60765350872019,39.43342121222198,16.333030923823877,51.49805736501138,76.85247846372137,82.68634819813117,-67.73619597046752,20.01825858195088,91.41553899127838,61.54148859043153,34.212540734561166,22.884762499900113,Unattained target,GPSampler,,PRUNED
1010,1010,8.320720880879076,2026-04-14 14:59:30.695504,2026-04-14 14:59:34.913566,0 days 00:00:04.218062,79.69037079193089,61.96608661271575,56.12289274561989,-66.13333264559569,49.09213141157141,31.299714904715923,95.60765350872019,39.43342121222198,16.333030923823877,51.49805736501138,76.85247846372137,82.68634819813117,-67.73619597046752,20.01825858195088,91.41553899127838,61.54148859043153,34.212540734561166,22.884762499900113,Unattained target,GPSampler,"{'sLegPt.rL0': 20.01825858195088, 'sLegPt.lL0': 51.49805736501138, 'sLegPt.rL1': 91.41553899127838, 'sLegPt.lL1': 76.85247846372137, 'sLegPt.x1': 34.212540734561166, 'sLegPt.y1': 22.884762499900113, 'sLegPt.rA1': -67.73619597046752, 'sLegPt.rL2': 61.54148859043153, 'sLegPt.lL2': 82.68634819813117, 'lLegPt.rL0': 49.09213141157141, 'lLegPt.lL0': 79.69037079193089, 'lLegPt.rL1': 31.299714904715923, 'lLegPt.lL1': 61.96608661271575, 'lLegPt.x1': 39.43342121222198, 'lLegPt.y1': 16.333030923823877, 'lLegPt.rA1': -66.13333264559569, 'lLegPt.rL2': 95.60765350872019, 'lLegPt.lL2': 56.12289274561989}",PRUNED
1011,1011,8.320720984344533,2026-04-14 14:59:35.130995,2026-04-14 14:59:39.255513,0 days 00:00:04.124518,79.69037079193089,61.96608661271575,56.12289274561989,-66.13333264559569,49.09213141157141,31.299714904715923,95.60765350872019,39.43342121222198,16.333030923823877,51.49805736501138,76.85247846372137,82.68634819813117,-67.73619597046752,20.01825858195088,91.41553899127838,61.54148859043153,34.212540734561166,22.884762499900113,Unattained target,GPSampler,"{'sLegPt.rL0': 20.01825858195088, 'sLegPt.lL0': 51.49805736501138, 'sLegPt.rL1': 91.41553899127838, 'sLegPt.lL1': 76.85247846372137, 'sLegPt.x1': 34.212540734561166, 'sLegPt.y1': 22.884762499900113, 'sLegPt.rA1': -67.73619597046752, 'sLegPt.rL2': 61.54148859043153, 'sLegPt.lL2': 82.68634819813117, 'lLegPt.rL0': 49.09213141157141, 'lLegPt.lL0': 79.69037079193089, 'lLegPt.rL1': 31.299714904715923, 'lLegPt.lL1': 61.96608661271575, 'lLegPt.x1': 39.43342121222198, 'lLegPt.y1': 16.333030923823877, 'lLegPt.rA1': -66.13333264559569, 'lLegPt.rL2': 95.60765350872019, 'lLegPt.lL2': 56.12289274561989}",PRUNED
1012,1012,5.607938756023671,2026-04-14 14:59:39.485686,2026-04-14 14:59:43.684395,0 days 00:00:04.198709,58.17076965156727,96.44626601114629,26.0091844050131,-51.95465915682465,87.98188501976084,36.98632052921568,89.36061990331962,32.04779692400622,11.63913739220977,76.53192176182387,56.322717316873266,21.01067165980829,-61.98902539809495,70.89290731014523,14.443247679116286,19.27381983111849,40.4345298662334,28.648143870241817,Unattained target,GPSampler,,PRUNED
