,number,value,datetime_start,datetime_complete,duration,params_lLegPt.lL0,params_lLegPt.lL1,params_lLegPt.lL2,params_lLegPt.rA1,params_lLegPt.rL0,params_lLegPt.rL1,params_lLegPt.rL2,params_lLegPt.x1,params_lLegPt.y1,params_sLegPt.lL0,params_sLegPt.lL1,params_sLegPt.lL2,params_sLegPt.rA1,params_sLegPt.rL0,params_sLegPt.rL1,params_sLegPt.rL2,params_sLegPt.x1,params_sLegPt.y1,user_attrs_prune,system_attrs_auto:sampler,system_attrs_fixed_params,state
964,964,13.624990135611213,2026-04-14 14:55:23.902119,2026-04-14 14:55:28.033404,0 days 00:00:04.131285,48.57009903613306,62.57593305505839,36.443540623296514,-65.01997133655404,89.77290216592108,34.971432632453926,84.01571707595728,36.72531071523273,16.71077918716644,55.02816122255664,33.770896705133794,44.800978269262885,-78.62039225181965,77.59139384658192,23.795984892325883,43.27922207581303,47.39925401293467,23.536038839946865,Unattained target,GPSampler,"{'sLegPt.rL0': 77.59139384658192, 'sLegPt.lL0': 55.02816122255664, 'sLegPt.rL1': 23.795984892325883, 'sLegPt.lL1': 33.770896705133794, 'sLegPt.x1': 47.39925401293467, 'sLegPt.y1': 23.536038839946865, 'sLegPt.rA1': -78.62039225181965, 'sLegPt.rL2': 43.27922207581303, 'sLegPt.lL2': 44.800978269262885, 'lLegPt.rL0': 89.77290216592108, 'lLegPt.lL0': 48.57009903613306, 'lLegPt.rL1': 34.971432632453926, 'lLegPt.lL1': 62.57593305505839, 'lLegPt.x1': 36.72531071523273, 'lLegPt.y1': 16.71077918716644, 'lLegPt.rA1': -65.01997133655404, 'lLegPt.rL2': 84.01571707595728, 'lLegPt.lL2': 36.443540623296514}",PRUNED
965,965,13.62498911608489,2026-04-14 14:55:28.239613,2026-04-14 14:55:32.328673,0 days 00:00:04.089060,48.57009903613306,62.57593305505839,36.443540623296514,-65.01997133655404,89.77290216592108,34.971432632453926,84.01571707595728,36.72531071523273,16.71077918716644,55.02816122255664,33.770896705133794,44.800978269262885,-78.62039225181965,77.59139384658192,23.795984892325883,43.27922207581303,47.39925401293467,23.536038839946865,Unattained target,GPSampler,"{'sLegPt.rL0': 77.59139384658192, 'sLegPt.lL0': 55.02816122255664, 'sLegPt.rL1': 23.795984892325883, 'sLegPt.lL1': 33.770896705133794, 'sLegPt.x1': 47.39925401293467, 'sLegPt.y1': 23.536038839946865, 'sLegPt.rA1': -78.62039225181965, 'sLegPt.rL2': 43.27922207581303, 'sLegPt.lL2': 44.800978269262885, 'lLegPt.rL0': 89.77290216592108, 'lLegPt.lL0': 48.57009903613306, 'lLegPt.rL1': 34.971432632453926, 'lLegPt.lL1': 62.57593305505839, 'lLegPt.x1': 36.72531071523273, 'lLegPt.y1': 16.71077918716644, 'lLegPt.rA1': -65.01997133655404, 'lLegPt.rL2': 84.01571707595728, 'lLegPt.lL2': 36.443540623296514}",PRUNED
966,966,7.834322984471825,2026-04-14 14:55:32.527643,2026-04-14 14:55:36.783047,0 days 00:00:04.255404,97.48312356224483,98.61543515869765,78.22183348747758,-72.73288954513698,76.64090923465191,24.642403040772848,55.15042615029614,42.904109583092364,23.8390608550973,43.07188672710894,67.09568780166649,21.086643352741056,-46.72999833684869,52.835560799008256,85.76694344998994,16.096379872725393,36.56028503954278,21.52300247578998,Unattained target,GPSampler,,PRUNED
967,967,7.834322821107797,2026-04-14 14:55:36.996857,2026-04-14 14:55:41.425899,0 days 00:00:04.429042,97.48312356224483,98.61543515869765,78.22183348747758,-72.73288954513698,76.64090923465191,24.642403040772848,55.15042615029614,42.904109583092364,23.8390608550973,43.07188672710894,67.09568780166649,21.086643352741056,-46.72999833684869,52.835560799008256,85.76694344998994,16.096379872725393,36.56028503954278,21.52300247578998,Unattained target,GPSampler,"{'sLegPt.rL0': 52.835560799008256, 'sLegPt.lL0': 43.07188672710894, 'sLegPt.rL1': 85.76694344998994, 'sLegPt.lL1': 67.09568780166649, 'sLegPt.x1': 36.56028503954278, 'sLegPt.y1': 21.52300247578998, 'sLegPt.rA1': -46.72999833684869, 'sLegPt.rL2': 16.096379872725393, 'sLegPt.lL2': 21.086643352741056, 'lLegPt.rL0': 76.64090923465191, 'lLegPt.lL0': 97.48312356224483, 'lLegPt.rL1': 24.642403040772848, 'lLegPt.lL1': 98.61543515869765, 'lLegPt.x1': 42.904109583092364, 'lLegPt.y1': 23.8390608550973, 'lLegPt.rA1': -72.73288954513698, 'lLegPt.rL2': 55.15042615029614, 'lLegPt.lL2': 78.22183348747758}",PRUNED
968,968,7.8343224996361585,2026-04-14 14:55:41.633201,2026-04-14 14:55:45.740775,0 days 00:00:04.107574,97.48312356224483,98.61543515869765,78.22183348747758,-72.73288954513698,76.64090923465191,24.642403040772848,55.15042615029614,42.904109583092364,23.8390608550973,43.07188672710894,67.09568780166649,21.086643352741056,-46.72999833684869,52.835560799008256,85.76694344998994,16.096379872725393,36.56028503954278,21.52300247578998,Unattained target,GPSampler,"{'sLegPt.rL0': 52.835560799008256, 'sLegPt.lL0': 43.07188672710894, 'sLegPt.rL1': 85.76694344998994, 'sLegPt.lL1': 67.09568780166649, 'sLegPt.x1': 36.56028503954278, 'sLegPt.y1': 21.52300247578998, 'sLegPt.rA1': -46.72999833684869, 'sLegPt.rL2': 16.096379872725393, 'sLegPt.lL2': 21.086643352741056, 'lLegPt.rL0': 76.64090923465191, 'lLegPt.lL0': 97.48312356224483, 'lLegPt.rL1': 24.642403040772848, 'lLegPt.lL1': 98.61543515869765, 'lLegPt.x1': 42.904109583092364, 'lLegPt.y1': 23.8390608550973, 'lLegPt.rA1': -72.73288954513698, 'lLegPt.rL2': 55.15042615029614, 'lLegPt.lL2': 78.22183348747758}",PRUNED
969,969,6.802111195455623,2026-04-14 14:55:45.938034,2026-04-14 14:55:49.791457,0 days 00:00:03.853423,71.58335727542587,95.4908345190216,99.51946385122527,-32.48424689051005,49.56829196789435,30.372696316151295,21.48488131093906,34.20639333566417,27.215181979597638,47.02783407115744,68.17178726626578,18.60113141979118,-69.16074106820909,67.80260963306483,92.49034840662375,26.13227832344433,45.430119800276984,18.03074196268917,Unattained target,GPSampler,,PRUNED
970,970,6.802111297790638,2026-04-14 14:55:50.008414,2026-04-14 14:55:54.185042,0 days 00:00:04.176628,71.58335727542587,95.4908345190216,99.51946385122527,-32.48424689051005,49.56829196789435,30.372696316151295,21.48488131093906,34.20639333566417,27.215181979597638,47.02783407115744,68.17178726626578,18.60113141979118,-69.16074106820909,67.80260963306483,92.49034840662375,26.13227832344433,45.430119800276984,18.03074196268917,Unattained target,GPSampler,"{'sLegPt.rL0': 67.80260963306483, 'sLegPt.lL0': 47.02783407115744, 'sLegPt.rL1': 92.49034840662375, 'sLegPt.lL1': 68.17178726626578, 'sLegPt.x1': 45.430119800276984, 'sLegPt.y1': 18.03074196268917, 'sLegPt.rA1': -69.16074106820909, 'sLegPt.rL2': 26.13227832344433, 'sLegPt.lL2': 18.60113141979118, 'lLegPt.rL0': 49.56829196789435, 'lLegPt.lL0': 71.58335727542587, 'lLegPt.rL1': 30.372696316151295, 'lLegPt.lL1': 95.4908345190216, 'lLegPt.x1': 34.20639333566417, 'lLegPt.y1': 27.215181979597638, 'lLegPt.rA1': -32.48424689051005, 'lLegPt.rL2': 21.48488131093906, 'lLegPt.lL2': 99.51946385122527}",PRUNED
971,971,6.802111442395571,2026-04-14 14:55:54.410045,2026-04-14 14:55:58.216623,0 days 00:00:03.806578,71.58335727542587,95.4908345190216,99.51946385122527,-32.48424689051005,49.56829196789435,30.372696316151295,21.48488131093906,34.20639333566417,27.215181979597638,47.02783407115744,68.17178726626578,18.60113141979118,-69.16074106820909,67.80260963306483,92.49034840662375,26.13227832344433,45.430119800276984,18.03074196268917,Unattained target,GPSampler,"{'sLegPt.rL0': 67.80260963306483, 'sLegPt.lL0': 47.02783407115744, 'sLegPt.rL1': 92.49034840662375, 'sLegPt.lL1': 68.17178726626578, 'sLegPt.x1': 45.430119800276984, 'sLegPt.y1': 18.03074196268917, 'sLegPt.rA1': -69.16074106820909, 'sLegPt.rL2': 26.13227832344433, 'sLegPt.lL2': 18.60113141979118, 'lLegPt.rL0': 49.56829196789435, 'lLegPt.lL0': 71.58335727542587, 'lLegPt.rL1': 30.372696316151295, 'lLegPt.lL1': 95.4908345190216, 'lLegPt.x1': 34.20639333566417, 'lLegPt.y1': 27.215181979597638, 'lLegPt.rA1': -32.48424689051005, 'lLegPt.rL2': 21.48488131093906, 'lLegPt.lL2': 99.51946385122527}",PRUNED
972,972,1.8497380848237484,2026-04-14 14:55:58.415376,2026-04-14 14:56:08.918993,0 days 00:00:10.503617,80.71377909535975,59.09529175877385,81.04799258622728,-31.73053031937109,40.509951006342305,18.065411653098387,23.042043021441458,44.56600793153843,27.63012040136813,25.12644512630459,44.434434390265814,19.329890498787215,-45.034706529775846,10.196678540561694,14.178298756398974,75.14275261693298,31.45330138037466,29.469490824268878,,GPSampler,,COMPLETE
973,973,9.819003007988378,2026-04-14 14:56:09.607496,2026-04-14 14:56:13.806566,0 days 00:00:04.199070,93.65626063334308,81.01004672243299,96.00042191038227,-56.84965989183656,94.05706119137304,30.67757025961068,12.762403485556385,39.98581284387065,16.1485413222727,80.6150958579603,87.04856538045907,11.40913758626555,-52.93186910638378,79.35416602163001,94.2360846837263,36.818290506527966,39.06261359270419,27.542545974981216,Unattained target,GPSampler,,PRUNED
974,974,9.819002923174025,2026-04-14 14:56:14.028929,2026-04-14 14:56:17.972435,0 days 00:00:03.943506,93.65626063334308,81.01004672243299,96.00042191038227,-56.84965989183656,94.05706119137304,30.67757025961068,12.762403485556385,39.98581284387065,16.1485413222727,80.6150958579603,87.04856538045907,11.40913758626555,-52.93186910638378,79.35416602163001,94.2360846837263,36.818290506527966,39.06261359270419,27.542545974981216,Unattained target,GPSampler,"{'sLegPt.rL0': 79.35416602163001, 'sLegPt.lL0': 80.6150958579603, 'sLegPt.rL1': 94.2360846837263, 'sLegPt.lL1': 87.04856538045907, 'sLegPt.x1': 39.06261359270419, 'sLegPt.y1': 27.542545974981216, 'sLegPt.rA1': -52.93186910638378, 'sLegPt.rL2': 36.818290506527966, 'sLegPt.lL2': 11.40913758626555, 'lLegPt.rL0': 94.05706119137304, 'lLegPt.lL0': 93.65626063334308, 'lLegPt.rL1': 30.67757025961068, 'lLegPt.lL1': 81.01004672243299, 'lLegPt.x1': 39.98581284387065, 'lLegPt.y1': 16.1485413222727, 'lLegPt.rA1': -56.84965989183656, 'lLegPt.rL2': 12.762403485556385, 'lLegPt.lL2': 96.00042191038227}",PRUNED
975,975,9.81900315543951,2026-04-14 14:56:18.165053,2026-04-14 14:56:22.188324,0 days 00:00:04.023271,93.65626063334308,81.01004672243299,96.00042191038227,-56.84965989183656,94.05706119137304,30.67757025961068,12.762403485556385,39.98581284387065,16.1485413222727,80.6150958579603,87.04856538045907,11.40913758626555,-52.93186910638378,79.35416602163001,94.2360846837263,36.818290506527966,39.06261359270419,27.542545974981216,Unattained target,GPSampler,"{'sLegPt.rL0': 79.35416602163001, 'sLegPt.lL0': 80.6150958579603, 'sLegPt.rL1': 94.2360846837263, 'sLegPt.lL1': 87.04856538045907, 'sLegPt.x1': 39.06261359270419, 'sLegPt.y1': 27.542545974981216, 'sLegPt.rA1': -52.93186910638378, 'sLegPt.rL2': 36.818290506527966, 'sLegPt.lL2': 11.40913758626555, 'lLegPt.rL0': 94.05706119137304, 'lLegPt.lL0': 93.65626063334308, 'lLegPt.rL1': 30.67757025961068, 'lLegPt.lL1': 81.01004672243299, 'lLegPt.x1': 39.98581284387065, 'lLegPt.y1': 16.1485413222727, 'lLegPt.rA1': -56.84965989183656, 'lLegPt.rL2': 12.762403485556385, 'lLegPt.lL2': 96.00042191038227}",PRUNED
976,976,5.464602806513348,2026-04-14 14:56:22.400010,2026-04-14 14:56:31.897271,0 days 00:00:09.497261,21.119063908145115,46.53406390452063,38.67533430671516,-77.96041599939042,39.848877065319584,33.68325545308096,87.8726486848315,32.11237125804994,26.03329810319827,42.09008855172853,71.01487425990959,52.765050036545475,-45.91665102097506,29.88596364863952,22.815416229801656,39.15310974460934,32.84543553947606,21.08759868676268,Unattained target,GPSampler,,PRUNED
977,977,6.171014328419766,2026-04-14 14:56:32.103316,2026-04-14 14:56:41.961278,0 days 00:00:09.857962,21.119063908145115,46.53406390452063,38.67533430671516,-77.96041599939042,39.848877065319584,33.68325545308096,87.8726486848315,32.11237125804994,26.03329810319827,42.09008855172853,71.01487425990959,52.765050036545475,-45.91665102097506,29.88596364863952,22.815416229801656,39.15310974460934,32.84543553947606,21.08759868676268,Unattained target,GPSampler,"{'sLegPt.rL0': 29.88596364863952, 'sLegPt.lL0': 42.09008855172853, 'sLegPt.rL1': 22.815416229801656, 'sLegPt.lL1': 71.01487425990959, 'sLegPt.x1': 32.84543553947606, 'sLegPt.y1': 21.08759868676268, 'sLegPt.rA1': -45.91665102097506, 'sLegPt.rL2': 39.15310974460934, 'sLegPt.lL2': 52.765050036545475, 'lLegPt.rL0': 39.848877065319584, 'lLegPt.lL0': 21.119063908145115, 'lLegPt.rL1': 33.68325545308096, 'lLegPt.lL1': 46.53406390452063, 'lLegPt.x1': 32.11237125804994, 'lLegPt.y1': 26.03329810319827, 'lLegPt.rA1': -77.96041599939042, 'lLegPt.rL2': 87.8726486848315, 'lLegPt.lL2': 38.67533430671516}",PRUNED
978,978,5.35741700552466,2026-04-14 14:56:42.175290,2026-04-14 14:56:51.644353,0 days 00:00:09.469063,21.119063908145115,46.53406390452063,38.67533430671516,-77.96041599939042,39.848877065319584,33.68325545308096,87.8726486848315,32.11237125804994,26.03329810319827,42.09008855172853,71.01487425990959,52.765050036545475,-45.91665102097506,29.88596364863952,22.815416229801656,39.15310974460934,32.84543553947606,21.08759868676268,Unattained target,GPSampler,"{'sLegPt.rL0': 29.88596364863952, 'sLegPt.lL0': 42.09008855172853, 'sLegPt.rL1': 22.815416229801656, 'sLegPt.lL1': 71.01487425990959, 'sLegPt.x1': 32.84543553947606, 'sLegPt.y1': 21.08759868676268, 'sLegPt.rA1': -45.91665102097506, 'sLegPt.rL2': 39.15310974460934, 'sLegPt.lL2': 52.765050036545475, 'lLegPt.rL0': 39.848877065319584, 'lLegPt.lL0': 21.119063908145115, 'lLegPt.rL1': 33.68325545308096, 'lLegPt.lL1': 46.53406390452063, 'lLegPt.x1': 32.11237125804994, 'lLegPt.y1': 26.03329810319827, 'lLegPt.rA1': -77.96041599939042, 'lLegPt.rL2': 87.8726486848315, 'lLegPt.lL2': 38.67533430671516}",PRUNED
979,979,5.201579240974073,2026-04-14 14:56:51.874241,2026-04-14 14:56:55.981389,0 days 00:00:04.107148,88.00004765635346,88.26259751366118,44.52161587741824,-47.36920939411457,84.70529936914699,10.139482737424016,29.792209238282574,42.44503708281971,26.55973088768676,25.944901483637764,84.31506314720569,89.84835557857656,-32.150529751706465,35.52707700436066,65.03298939502007,96.42690355864836,37.943380014634435,21.044696953468076,Unattained target,GPSampler,,PRUNED
980,980,5.201579483239616,2026-04-14 14:56:56.182655,2026-04-14 14:57:00.602368,0 days 00:00:04.419713,88.00004765635346,88.26259751366118,44.52161587741824,-47.36920939411457,84.70529936914699,10.139482737424016,29.792209238282574,42.44503708281971,26.55973088768676,25.944901483637764,84.31506314720569,89.84835557857656,-32.150529751706465,35.52707700436066,65.03298939502007,96.42690355864836,37.943380014634435,21.044696953468076,Unattained target,GPSampler,"{'sLegPt.rL0': 35.52707700436066, 'sLegPt.lL0': 25.944901483637764, 'sLegPt.rL1': 65.03298939502007, 'sLegPt.lL1': 84.31506314720569, 'sLegPt.x1': 37.943380014634435, 'sLegPt.y1': 21.044696953468076, 'sLegPt.rA1': -32.150529751706465, 'sLegPt.rL2': 96.42690355864836, 'sLegPt.lL2': 89.84835557857656, 'lLegPt.rL0': 84.70529936914699, 'lLegPt.lL0': 88.00004765635346, 'lLegPt.rL1': 10.139482737424016, 'lLegPt.lL1': 88.26259751366118, 'lLegPt.x1': 42.44503708281971, 'lLegPt.y1': 26.55973088768676, 'lLegPt.rA1': -47.36920939411457, 'lLegPt.rL2': 29.792209238282574, 'lLegPt.lL2': 44.52161587741824}",PRUNED
981,981,5.201579405845074,2026-04-14 14:57:00.787135,2026-04-14 14:57:04.828011,0 days 00:00:04.040876,88.00004765635346,88.26259751366118,44.52161587741824,-47.36920939411457,84.70529936914699,10.139482737424016,29.792209238282574,42.44503708281971,26.55973088768676,25.944901483637764,84.31506314720569,89.84835557857656,-32.150529751706465,35.52707700436066,65.03298939502007,96.42690355864836,37.943380014634435,21.044696953468076,Unattained target,GPSampler,"{'sLegPt.rL0': 35.52707700436066, 'sLegPt.lL0': 25.944901483637764, 'sLegPt.rL1': 65.03298939502007, 'sLegPt.lL1': 84.31506314720569, 'sLegPt.x1': 37.943380014634435, 'sLegPt.y1': 21.044696953468076, 'sLegPt.rA1': -32.150529751706465, 'sLegPt.rL2': 96.42690355864836, 'sLegPt.lL2': 89.84835557857656, 'lLegPt.rL0': 84.70529936914699, 'lLegPt.lL0': 88.00004765635346, 'lLegPt.rL1': 10.139482737424016, 'lLegPt.lL1': 88.26259751366118, 'lLegPt.x1': 42.44503708281971, 'lLegPt.y1': 26.55973088768676, 'lLegPt.rA1': -47.36920939411457, 'lLegPt.rL2': 29.792209238282574, 'lLegPt.lL2': 44.52161587741824}",PRUNED
982,982,5.121207036218198,2026-04-14 14:57:05.021478,2026-04-14 14:57:09.512362,0 days 00:00:04.490884,45.34891647741509,18.725783958218045,42.60351990522934,-48.39595881854984,63.104006590094656,32.91103522523572,67.62691913502157,38.23435140176521,12.249947975971626,71.12899329580226,12.26471864390251,95.90350367350075,-47.08966064943867,57.8338632107489,38.63542894957237,66.71723450021716,40.30191715279322,10.663192602670652,Unattained target,GPSampler,,PRUNED
983,983,5.121207080971018,2026-04-14 14:57:09.730003,2026-04-14 14:57:13.783661,0 days 00:00:04.053658,45.34891647741509,18.725783958218045,42.60351990522934,-48.39595881854984,63.104006590094656,32.91103522523572,67.62691913502157,38.23435140176521,12.249947975971626,71.12899329580226,12.26471864390251,95.90350367350075,-47.08966064943867,57.8338632107489,38.63542894957237,66.71723450021716,40.30191715279322,10.663192602670652,Unattained target,GPSampler,"{'sLegPt.rL0': 57.8338632107489, 'sLegPt.lL0': 71.12899329580226, 'sLegPt.rL1': 38.63542894957237, 'sLegPt.lL1': 12.26471864390251, 'sLegPt.x1': 40.30191715279322, 'sLegPt.y1': 10.663192602670652, 'sLegPt.rA1': -47.08966064943867, 'sLegPt.rL2': 66.71723450021716, 'sLegPt.lL2': 95.90350367350075, 'lLegPt.rL0': 63.104006590094656, 'lLegPt.lL0': 45.34891647741509, 'lLegPt.rL1': 32.91103522523572, 'lLegPt.lL1': 18.725783958218045, 'lLegPt.x1': 38.23435140176521, 'lLegPt.y1': 12.249947975971626, 'lLegPt.rA1': -48.39595881854984, 'lLegPt.rL2': 67.62691913502157, 'lLegPt.lL2': 42.60351990522934}",PRUNED
984,984,5.121206825159682,2026-04-14 14:57:14.010965,2026-04-14 14:57:18.357051,0 days 00:00:04.346086,45.34891647741509,18.725783958218045,42.60351990522934,-48.39595881854984,63.104006590094656,32.91103522523572,67.62691913502157,38.23435140176521,12.249947975971626,71.12899329580226,12.26471864390251,95.90350367350075,-47.08966064943867,57.8338632107489,38.63542894957237,66.71723450021716,40.30191715279322,10.663192602670652,Unattained target,GPSampler,"{'sLegPt.rL0': 57.8338632107489, 'sLegPt.lL0': 71.12899329580226, 'sLegPt.rL1': 38.63542894957237, 'sLegPt.lL1': 12.26471864390251, 'sLegPt.x1': 40.30191715279322, 'sLegPt.y1': 10.663192602670652, 'sLegPt.rA1': -47.08966064943867, 'sLegPt.rL2': 66.71723450021716, 'sLegPt.lL2': 95.90350367350075, 'lLegPt.rL0': 63.104006590094656, 'lLegPt.lL0': 45.34891647741509, 'lLegPt.rL1': 32.91103522523572, 'lLegPt.lL1': 18.725783958218045, 'lLegPt.x1': 38.23435140176521, 'lLegPt.y1': 12.249947975971626, 'lLegPt.rA1': -48.39595881854984, 'lLegPt.rL2': 67.62691913502157, 'lLegPt.lL2': 42.60351990522934}",PRUNED
985,985,7.754671899782398,2026-04-14 14:57:18.566648,2026-04-14 14:57:23.017350,0 days 00:00:04.450702,54.349139585671345,99.17531657705995,57.46027598449685,-25.082988554076856,99.58697087751327,88.27252708932033,46.474767112555654,33.878898915968676,29.21437623737437,46.65388946581149,71.28009407630205,76.0106351074305,-41.81237018859724,24.503619772439517,88.499152902029,44.73568235309694,39.52251656465794,23.58773403709118,Unattained target,GPSampler,,PRUNED
986,986,7.754671947551788,2026-04-14 14:57:23.234440,2026-04-14 14:57:27.536028,0 days 00:00:04.301588,54.349139585671345,99.17531657705995,57.46027598449685,-25.082988554076856,99.58697087751327,88.27252708932033,46.474767112555654,33.878898915968676,29.21437623737437,46.65388946581149,71.28009407630205,76.0106351074305,-41.81237018859724,24.503619772439517,88.499152902029,44.73568235309694,39.52251656465794,23.58773403709118,Unattained target,GPSampler,"{'sLegPt.rL0': 24.503619772439517, 'sLegPt.lL0': 46.65388946581149, 'sLegPt.rL1': 88.499152902029, 'sLegPt.lL1': 71.28009407630205, 'sLegPt.x1': 39.52251656465794, 'sLegPt.y1': 23.58773403709118, 'sLegPt.rA1': -41.81237018859724, 'sLegPt.rL2': 44.73568235309694, 'sLegPt.lL2': 76.0106351074305, 'lLegPt.rL0': 99.58697087751327, 'lLegPt.lL0': 54.349139585671345, 'lLegPt.rL1': 88.27252708932033, 'lLegPt.lL1': 99.17531657705995, 'lLegPt.x1': 33.878898915968676, 'lLegPt.y1': 29.21437623737437, 'lLegPt.rA1': -25.082988554076856, 'lLegPt.rL2': 46.474767112555654, 'lLegPt.lL2': 57.46027598449685}",PRUNED
987,987,7.754671862965818,2026-04-14 14:57:27.740929,2026-04-14 14:57:32.201347,0 days 00:00:04.460418,54.349139585671345,99.17531657705995,57.46027598449685,-25.082988554076856,99.58697087751327,88.27252708932033,46.474767112555654,33.878898915968676,29.21437623737437,46.65388946581149,71.28009407630205,76.0106351074305,-41.81237018859724,24.503619772439517,88.499152902029,44.73568235309694,39.52251656465794,23.58773403709118,Unattained target,GPSampler,"{'sLegPt.rL0': 24.503619772439517, 'sLegPt.lL0': 46.65388946581149, 'sLegPt.rL1': 88.499152902029, 'sLegPt.lL1': 71.28009407630205, 'sLegPt.x1': 39.52251656465794, 'sLegPt.y1': 23.58773403709118, 'sLegPt.rA1': -41.81237018859724, 'sLegPt.rL2': 44.73568235309694, 'sLegPt.lL2': 76.0106351074305, 'lLegPt.rL0': 99.58697087751327, 'lLegPt.lL0': 54.349139585671345, 'lLegPt.rL1': 88.27252708932033, 'lLegPt.lL1': 99.17531657705995, 'lLegPt.x1': 33.878898915968676, 'lLegPt.y1': 29.21437623737437, 'lLegPt.rA1': -25.082988554076856, 'lLegPt.rL2': 46.474767112555654, 'lLegPt.lL2': 57.46027598449685}",PRUNED
988,988,5.92207847277345,2026-04-14 14:57:32.410733,2026-04-14 14:57:36.832033,0 days 00:00:04.421300,87.87216307880617,28.305038375047424,97.55112948416868,-41.416970029280414,89.66601335066332,92.64052137247256,51.18497717881347,32.226648871084635,29.668265197504525,85.41754550279099,14.186168349530682,19.93582446631394,-70.5237744807896,47.55530257249669,65.13225293322205,42.58329313516438,39.42839452717758,28.68625340797347,Unattained target,GPSampler,,PRUNED
