,number,value,datetime_start,datetime_complete,duration,params_lLegPt.lL0,params_lLegPt.lL1,params_lLegPt.lL2,params_lLegPt.rA1,params_lLegPt.rL0,params_lLegPt.rL1,params_lLegPt.rL2,params_lLegPt.x1,params_lLegPt.y1,params_sLegPt.lL0,params_sLegPt.lL1,params_sLegPt.lL2,params_sLegPt.rA1,params_sLegPt.rL0,params_sLegPt.rL1,params_sLegPt.rL2,params_sLegPt.x1,params_sLegPt.y1,user_attrs_prune,system_attrs_auto:sampler,system_attrs_fixed_params,state
146,146,9.70530676972411,2026-04-14 13:52:32.822394,2026-04-14 13:52:36.345760,0 days 00:00:03.523366,34.42106731029674,97.01848351090185,28.04763305045434,-52.445925527607926,72.73744874301599,52.9735590851431,99.04247581986476,46.04689340742935,28.302977643427397,34.029859528941046,93.66082858103212,88.67266665758748,-33.19399678009285,15.95193169492193,57.24427323096808,57.49195056557896,33.00565137452828,15.420611644787597,Unattained target,GPSampler,"{'sLegPt.rL0': 15.95193169492193, 'sLegPt.lL0': 34.029859528941046, 'sLegPt.rL1': 57.24427323096808, 'sLegPt.lL1': 93.66082858103212, 'sLegPt.x1': 33.00565137452828, 'sLegPt.y1': 15.420611644787597, 'sLegPt.rA1': -33.19399678009285, 'sLegPt.rL2': 57.49195056557896, 'sLegPt.lL2': 88.67266665758748, 'lLegPt.rL0': 72.73744874301599, 'lLegPt.lL0': 34.42106731029674, 'lLegPt.rL1': 52.9735590851431, 'lLegPt.lL1': 97.01848351090185, 'lLegPt.x1': 46.04689340742935, 'lLegPt.y1': 28.302977643427397, 'lLegPt.rA1': -52.445925527607926, 'lLegPt.rL2': 99.04247581986476, 'lLegPt.lL2': 28.04763305045434}",PRUNED
147,147,9.705307135404347,2026-04-14 13:52:36.486125,2026-04-14 13:52:40.016580,0 days 00:00:03.530455,34.42106731029674,97.01848351090185,28.04763305045434,-52.445925527607926,72.73744874301599,52.9735590851431,99.04247581986476,46.04689340742935,28.302977643427397,34.029859528941046,93.66082858103212,88.67266665758748,-33.19399678009285,15.95193169492193,57.24427323096808,57.49195056557896,33.00565137452828,15.420611644787597,Unattained target,GPSampler,"{'sLegPt.rL0': 15.95193169492193, 'sLegPt.lL0': 34.029859528941046, 'sLegPt.rL1': 57.24427323096808, 'sLegPt.lL1': 93.66082858103212, 'sLegPt.x1': 33.00565137452828, 'sLegPt.y1': 15.420611644787597, 'sLegPt.rA1': -33.19399678009285, 'sLegPt.rL2': 57.49195056557896, 'sLegPt.lL2': 88.67266665758748, 'lLegPt.rL0': 72.73744874301599, 'lLegPt.lL0': 34.42106731029674, 'lLegPt.rL1': 52.9735590851431, 'lLegPt.lL1': 97.01848351090185, 'lLegPt.x1': 46.04689340742935, 'lLegPt.y1': 28.302977643427397, 'lLegPt.rA1': -52.445925527607926, 'lLegPt.rL2': 99.04247581986476, 'lLegPt.lL2': 28.04763305045434}",PRUNED
148,148,5.3453630745366,2026-04-14 13:52:40.151914,2026-04-14 13:52:43.780067,0 days 00:00:03.628153,66.85853925768936,97.62493997398417,46.16152079978884,-47.2186299216188,55.93826694193855,16.315863246968572,81.26418791299665,32.310609822599105,15.062623492245939,27.51809152416716,34.74411106414654,16.577287369703484,-40.09470383532949,20.61883488016304,52.521357229662904,56.35723792713578,49.85941643338132,25.04343723353408,Unattained target,GPSampler,,PRUNED
149,149,5.345361481970301,2026-04-14 13:52:43.908412,2026-04-14 13:52:47.594951,0 days 00:00:03.686539,66.85853925768936,97.62493997398417,46.16152079978884,-47.2186299216188,55.93826694193855,16.315863246968572,81.26418791299665,32.310609822599105,15.062623492245939,27.51809152416716,34.74411106414654,16.577287369703484,-40.09470383532949,20.61883488016304,52.521357229662904,56.35723792713578,49.85941643338132,25.04343723353408,Unattained target,GPSampler,"{'sLegPt.rL0': 20.61883488016304, 'sLegPt.lL0': 27.51809152416716, 'sLegPt.rL1': 52.521357229662904, 'sLegPt.lL1': 34.74411106414654, 'sLegPt.x1': 49.85941643338132, 'sLegPt.y1': 25.04343723353408, 'sLegPt.rA1': -40.09470383532949, 'sLegPt.rL2': 56.35723792713578, 'sLegPt.lL2': 16.577287369703484, 'lLegPt.rL0': 55.93826694193855, 'lLegPt.lL0': 66.85853925768936, 'lLegPt.rL1': 16.315863246968572, 'lLegPt.lL1': 97.62493997398417, 'lLegPt.x1': 32.310609822599105, 'lLegPt.y1': 15.062623492245939, 'lLegPt.rA1': -47.2186299216188, 'lLegPt.rL2': 81.26418791299665, 'lLegPt.lL2': 46.16152079978884}",PRUNED
150,150,5.345362946287736,2026-04-14 13:52:47.728945,2026-04-14 13:52:51.625926,0 days 00:00:03.896981,66.85853925768936,97.62493997398417,46.16152079978884,-47.2186299216188,55.93826694193855,16.315863246968572,81.26418791299665,32.310609822599105,15.062623492245939,27.51809152416716,34.74411106414654,16.577287369703484,-40.09470383532949,20.61883488016304,52.521357229662904,56.35723792713578,49.85941643338132,25.04343723353408,Unattained target,GPSampler,"{'sLegPt.rL0': 20.61883488016304, 'sLegPt.lL0': 27.51809152416716, 'sLegPt.rL1': 52.521357229662904, 'sLegPt.lL1': 34.74411106414654, 'sLegPt.x1': 49.85941643338132, 'sLegPt.y1': 25.04343723353408, 'sLegPt.rA1': -40.09470383532949, 'sLegPt.rL2': 56.35723792713578, 'sLegPt.lL2': 16.577287369703484, 'lLegPt.rL0': 55.93826694193855, 'lLegPt.lL0': 66.85853925768936, 'lLegPt.rL1': 16.315863246968572, 'lLegPt.lL1': 97.62493997398417, 'lLegPt.x1': 32.310609822599105, 'lLegPt.y1': 15.062623492245939, 'lLegPt.rA1': -47.2186299216188, 'lLegPt.rL2': 81.26418791299665, 'lLegPt.lL2': 46.16152079978884}",PRUNED
151,151,7.170751643297422,2026-04-14 13:52:51.780302,2026-04-14 13:52:56.010751,0 days 00:00:04.230449,40.60287684022617,81.2046812906498,40.91726334862949,-53.32934364425337,81.15397634443057,66.5593975297345,25.963666019100472,47.28455855696964,25.469553806636462,95.98124708430245,12.821274159583922,52.37639102429342,-22.98032418714665,35.93299944152957,36.99749221354287,41.79971381073155,34.625602186702494,24.24087648529396,Unattained target,GPSampler,,PRUNED
152,152,7.170752792573744,2026-04-14 13:52:56.156770,2026-04-14 13:53:00.166624,0 days 00:00:04.009854,40.60287684022617,81.2046812906498,40.91726334862949,-53.32934364425337,81.15397634443057,66.5593975297345,25.963666019100472,47.28455855696964,25.469553806636462,95.98124708430245,12.821274159583922,52.37639102429342,-22.98032418714665,35.93299944152957,36.99749221354287,41.79971381073155,34.625602186702494,24.24087648529396,Unattained target,GPSampler,"{'sLegPt.rL0': 35.93299944152957, 'sLegPt.lL0': 95.98124708430245, 'sLegPt.rL1': 36.99749221354287, 'sLegPt.lL1': 12.821274159583922, 'sLegPt.x1': 34.625602186702494, 'sLegPt.y1': 24.24087648529396, 'sLegPt.rA1': -22.98032418714665, 'sLegPt.rL2': 41.79971381073155, 'sLegPt.lL2': 52.37639102429342, 'lLegPt.rL0': 81.15397634443057, 'lLegPt.lL0': 40.60287684022617, 'lLegPt.rL1': 66.5593975297345, 'lLegPt.lL1': 81.2046812906498, 'lLegPt.x1': 47.28455855696964, 'lLegPt.y1': 25.469553806636462, 'lLegPt.rA1': -53.32934364425337, 'lLegPt.rL2': 25.963666019100472, 'lLegPt.lL2': 40.91726334862949}",PRUNED
153,153,7.170752444312747,2026-04-14 13:53:00.317942,2026-04-14 13:53:04.314704,0 days 00:00:03.996762,40.60287684022617,81.2046812906498,40.91726334862949,-53.32934364425337,81.15397634443057,66.5593975297345,25.963666019100472,47.28455855696964,25.469553806636462,95.98124708430245,12.821274159583922,52.37639102429342,-22.98032418714665,35.93299944152957,36.99749221354287,41.79971381073155,34.625602186702494,24.24087648529396,Unattained target,GPSampler,"{'sLegPt.rL0': 35.93299944152957, 'sLegPt.lL0': 95.98124708430245, 'sLegPt.rL1': 36.99749221354287, 'sLegPt.lL1': 12.821274159583922, 'sLegPt.x1': 34.625602186702494, 'sLegPt.y1': 24.24087648529396, 'sLegPt.rA1': -22.98032418714665, 'sLegPt.rL2': 41.79971381073155, 'sLegPt.lL2': 52.37639102429342, 'lLegPt.rL0': 81.15397634443057, 'lLegPt.lL0': 40.60287684022617, 'lLegPt.rL1': 66.5593975297345, 'lLegPt.lL1': 81.2046812906498, 'lLegPt.x1': 47.28455855696964, 'lLegPt.y1': 25.469553806636462, 'lLegPt.rA1': -53.32934364425337, 'lLegPt.rL2': 25.963666019100472, 'lLegPt.lL2': 40.91726334862949}",PRUNED
154,154,10.623940532454114,2026-04-14 13:53:04.453027,2026-04-14 13:53:07.883856,0 days 00:00:03.430829,95.65050157797229,71.96905769331542,11.726194355256405,-69.0212914020375,90.65221352829303,54.369067140412504,59.77439654947056,40.29481174285545,12.555414872590898,62.61893230968094,91.5846307470937,94.03946798696184,-72.22770975303463,93.1468906955255,54.3093267877963,93.47369977850062,47.56312230531541,11.479599376587144,Unattained target,GPSampler,,PRUNED
155,155,10.623940523509184,2026-04-14 13:53:08.024645,2026-04-14 13:53:11.681577,0 days 00:00:03.656932,95.65050157797229,71.96905769331542,11.726194355256405,-69.0212914020375,90.65221352829303,54.369067140412504,59.77439654947056,40.29481174285545,12.555414872590898,62.61893230968094,91.5846307470937,94.03946798696184,-72.22770975303463,93.1468906955255,54.3093267877963,93.47369977850062,47.56312230531541,11.479599376587144,Unattained target,GPSampler,"{'sLegPt.rL0': 93.1468906955255, 'sLegPt.lL0': 62.61893230968094, 'sLegPt.rL1': 54.3093267877963, 'sLegPt.lL1': 91.5846307470937, 'sLegPt.x1': 47.56312230531541, 'sLegPt.y1': 11.479599376587144, 'sLegPt.rA1': -72.22770975303463, 'sLegPt.rL2': 93.47369977850062, 'sLegPt.lL2': 94.03946798696184, 'lLegPt.rL0': 90.65221352829303, 'lLegPt.lL0': 95.65050157797229, 'lLegPt.rL1': 54.369067140412504, 'lLegPt.lL1': 71.96905769331542, 'lLegPt.x1': 40.29481174285545, 'lLegPt.y1': 12.555414872590898, 'lLegPt.rA1': -69.0212914020375, 'lLegPt.rL2': 59.77439654947056, 'lLegPt.lL2': 11.726194355256405}",PRUNED
156,156,10.623940585263199,2026-04-14 13:53:11.830021,2026-04-14 13:53:14.972033,0 days 00:00:03.142012,95.65050157797229,71.96905769331542,11.726194355256405,-69.0212914020375,90.65221352829303,54.369067140412504,59.77439654947056,40.29481174285545,12.555414872590898,62.61893230968094,91.5846307470937,94.03946798696184,-72.22770975303463,93.1468906955255,54.3093267877963,93.47369977850062,47.56312230531541,11.479599376587144,Unattained target,GPSampler,"{'sLegPt.rL0': 93.1468906955255, 'sLegPt.lL0': 62.61893230968094, 'sLegPt.rL1': 54.3093267877963, 'sLegPt.lL1': 91.5846307470937, 'sLegPt.x1': 47.56312230531541, 'sLegPt.y1': 11.479599376587144, 'sLegPt.rA1': -72.22770975303463, 'sLegPt.rL2': 93.47369977850062, 'sLegPt.lL2': 94.03946798696184, 'lLegPt.rL0': 90.65221352829303, 'lLegPt.lL0': 95.65050157797229, 'lLegPt.rL1': 54.369067140412504, 'lLegPt.lL1': 71.96905769331542, 'lLegPt.x1': 40.29481174285545, 'lLegPt.y1': 12.555414872590898, 'lLegPt.rA1': -69.0212914020375, 'lLegPt.rL2': 59.77439654947056, 'lLegPt.lL2': 11.726194355256405}",PRUNED
157,157,5.086350654975256,2026-04-14 13:53:15.108461,2026-04-14 13:53:18.808870,0 days 00:00:03.700409,44.02524738680221,17.502440028015613,36.09482930140654,-72.77891942594835,61.04036074909262,70.948783033556,22.582426198336044,35.93819312197801,24.549774982545706,70.75106684065753,77.59338148648149,48.88856223127623,-44.10441891260848,89.95433917064385,88.5263604941725,13.636274503633743,31.209091448424967,22.319283781883197,Unattained target,GPSampler,,PRUNED
158,158,5.086350457518975,2026-04-14 13:53:18.956477,2026-04-14 13:53:22.598665,0 days 00:00:03.642188,44.02524738680221,17.502440028015613,36.09482930140654,-72.77891942594835,61.04036074909262,70.948783033556,22.582426198336044,35.93819312197801,24.549774982545706,70.75106684065753,77.59338148648149,48.88856223127623,-44.10441891260848,89.95433917064385,88.5263604941725,13.636274503633743,31.209091448424967,22.319283781883197,Unattained target,GPSampler,"{'sLegPt.rL0': 89.95433917064385, 'sLegPt.lL0': 70.75106684065753, 'sLegPt.rL1': 88.5263604941725, 'sLegPt.lL1': 77.59338148648149, 'sLegPt.x1': 31.209091448424967, 'sLegPt.y1': 22.319283781883197, 'sLegPt.rA1': -44.10441891260848, 'sLegPt.rL2': 13.636274503633743, 'sLegPt.lL2': 48.88856223127623, 'lLegPt.rL0': 61.04036074909262, 'lLegPt.lL0': 44.02524738680221, 'lLegPt.rL1': 70.948783033556, 'lLegPt.lL1': 17.502440028015613, 'lLegPt.x1': 35.93819312197801, 'lLegPt.y1': 24.549774982545706, 'lLegPt.rA1': -72.77891942594835, 'lLegPt.rL2': 22.582426198336044, 'lLegPt.lL2': 36.09482930140654}",PRUNED
159,159,5.086350432404167,2026-04-14 13:53:22.734879,2026-04-14 13:53:26.416755,0 days 00:00:03.681876,44.02524738680221,17.502440028015613,36.09482930140654,-72.77891942594835,61.04036074909262,70.948783033556,22.582426198336044,35.93819312197801,24.549774982545706,70.75106684065753,77.59338148648149,48.88856223127623,-44.10441891260848,89.95433917064385,88.5263604941725,13.636274503633743,31.209091448424967,22.319283781883197,Unattained target,GPSampler,"{'sLegPt.rL0': 89.95433917064385, 'sLegPt.lL0': 70.75106684065753, 'sLegPt.rL1': 88.5263604941725, 'sLegPt.lL1': 77.59338148648149, 'sLegPt.x1': 31.209091448424967, 'sLegPt.y1': 22.319283781883197, 'sLegPt.rA1': -44.10441891260848, 'sLegPt.rL2': 13.636274503633743, 'sLegPt.lL2': 48.88856223127623, 'lLegPt.rL0': 61.04036074909262, 'lLegPt.lL0': 44.02524738680221, 'lLegPt.rL1': 70.948783033556, 'lLegPt.lL1': 17.502440028015613, 'lLegPt.x1': 35.93819312197801, 'lLegPt.y1': 24.549774982545706, 'lLegPt.rA1': -72.77891942594835, 'lLegPt.rL2': 22.582426198336044, 'lLegPt.lL2': 36.09482930140654}",PRUNED
160,160,7.933176968997891,2026-04-14 13:53:26.553701,2026-04-14 13:53:30.333810,0 days 00:00:03.780109,64.42039446123923,62.30424756469985,75.51271201345511,-64.981294658447,21.90954294895029,23.740420264278153,71.95555331956419,39.73022816103479,16.33807314475778,15.294679390970721,54.153422322381644,44.129250082293666,-79.69508098987461,29.76961295088398,98.1021100962889,94.35743919082614,31.884725689267473,27.18497286426025,Unattained target,GPSampler,,PRUNED
161,161,7.9331769724453025,2026-04-14 13:53:30.487139,2026-04-14 13:53:34.360186,0 days 00:00:03.873047,64.42039446123923,62.30424756469985,75.51271201345511,-64.981294658447,21.90954294895029,23.740420264278153,71.95555331956419,39.73022816103479,16.33807314475778,15.294679390970721,54.153422322381644,44.129250082293666,-79.69508098987461,29.76961295088398,98.1021100962889,94.35743919082614,31.884725689267473,27.18497286426025,Unattained target,GPSampler,"{'sLegPt.rL0': 29.76961295088398, 'sLegPt.lL0': 15.294679390970721, 'sLegPt.rL1': 98.1021100962889, 'sLegPt.lL1': 54.153422322381644, 'sLegPt.x1': 31.884725689267473, 'sLegPt.y1': 27.18497286426025, 'sLegPt.rA1': -79.69508098987461, 'sLegPt.rL2': 94.35743919082614, 'sLegPt.lL2': 44.129250082293666, 'lLegPt.rL0': 21.90954294895029, 'lLegPt.lL0': 64.42039446123923, 'lLegPt.rL1': 23.740420264278153, 'lLegPt.lL1': 62.30424756469985, 'lLegPt.x1': 39.73022816103479, 'lLegPt.y1': 16.33807314475778, 'lLegPt.rA1': -64.981294658447, 'lLegPt.rL2': 71.95555331956419, 'lLegPt.lL2': 75.51271201345511}",PRUNED
162,162,7.933177058923761,2026-04-14 13:53:34.510394,2026-04-14 13:53:38.270317,0 days 00:00:03.759923,64.42039446123923,62.30424756469985,75.51271201345511,-64.981294658447,21.90954294895029,23.740420264278153,71.95555331956419,39.73022816103479,16.33807314475778,15.294679390970721,54.153422322381644,44.129250082293666,-79.69508098987461,29.76961295088398,98.1021100962889,94.35743919082614,31.884725689267473,27.18497286426025,Unattained target,GPSampler,"{'sLegPt.rL0': 29.76961295088398, 'sLegPt.lL0': 15.294679390970721, 'sLegPt.rL1': 98.1021100962889, 'sLegPt.lL1': 54.153422322381644, 'sLegPt.x1': 31.884725689267473, 'sLegPt.y1': 27.18497286426025, 'sLegPt.rA1': -79.69508098987461, 'sLegPt.rL2': 94.35743919082614, 'sLegPt.lL2': 44.129250082293666, 'lLegPt.rL0': 21.90954294895029, 'lLegPt.lL0': 64.42039446123923, 'lLegPt.rL1': 23.740420264278153, 'lLegPt.lL1': 62.30424756469985, 'lLegPt.x1': 39.73022816103479, 'lLegPt.y1': 16.33807314475778, 'lLegPt.rA1': -64.981294658447, 'lLegPt.rL2': 71.95555331956419, 'lLegPt.lL2': 75.51271201345511}",PRUNED
163,163,9.374416803387383,2026-04-14 13:53:38.404230,2026-04-14 13:53:41.878589,0 days 00:00:03.474359,14.878923280975805,40.52979186892387,10.74481203026123,-55.09705080999891,84.21057386019034,81.4402271719301,80.10349966955519,49.435155667975856,10.610101996535807,35.65941386294614,21.951290884185834,46.1480012131582,-79.82551675687768,85.93456088401095,22.891364985333354,99.96295698703148,39.27743942643674,20.766510576066455,Unattained target,GPSampler,,PRUNED
164,164,9.374416727849827,2026-04-14 13:53:42.022878,2026-04-14 13:53:45.515254,0 days 00:00:03.492376,14.878923280975805,40.52979186892387,10.74481203026123,-55.09705080999891,84.21057386019034,81.4402271719301,80.10349966955519,49.435155667975856,10.610101996535807,35.65941386294614,21.951290884185834,46.1480012131582,-79.82551675687768,85.93456088401095,22.891364985333354,99.96295698703148,39.27743942643674,20.766510576066455,Unattained target,GPSampler,"{'sLegPt.rL0': 85.93456088401095, 'sLegPt.lL0': 35.65941386294614, 'sLegPt.rL1': 22.891364985333354, 'sLegPt.lL1': 21.951290884185834, 'sLegPt.x1': 39.27743942643674, 'sLegPt.y1': 20.766510576066455, 'sLegPt.rA1': -79.82551675687768, 'sLegPt.rL2': 99.96295698703148, 'sLegPt.lL2': 46.1480012131582, 'lLegPt.rL0': 84.21057386019034, 'lLegPt.lL0': 14.878923280975805, 'lLegPt.rL1': 81.4402271719301, 'lLegPt.lL1': 40.52979186892387, 'lLegPt.x1': 49.435155667975856, 'lLegPt.y1': 10.610101996535807, 'lLegPt.rA1': -55.09705080999891, 'lLegPt.rL2': 80.10349966955519, 'lLegPt.lL2': 10.74481203026123}",PRUNED
165,165,9.37441673962978,2026-04-14 13:53:45.664485,2026-04-14 13:53:49.200522,0 days 00:00:03.536037,14.878923280975805,40.52979186892387,10.74481203026123,-55.09705080999891,84.21057386019034,81.4402271719301,80.10349966955519,49.435155667975856,10.610101996535807,35.65941386294614,21.951290884185834,46.1480012131582,-79.82551675687768,85.93456088401095,22.891364985333354,99.96295698703148,39.27743942643674,20.766510576066455,Unattained target,GPSampler,"{'sLegPt.rL0': 85.93456088401095, 'sLegPt.lL0': 35.65941386294614, 'sLegPt.rL1': 22.891364985333354, 'sLegPt.lL1': 21.951290884185834, 'sLegPt.x1': 39.27743942643674, 'sLegPt.y1': 20.766510576066455, 'sLegPt.rA1': -79.82551675687768, 'sLegPt.rL2': 99.96295698703148, 'sLegPt.lL2': 46.1480012131582, 'lLegPt.rL0': 84.21057386019034, 'lLegPt.lL0': 14.878923280975805, 'lLegPt.rL1': 81.4402271719301, 'lLegPt.lL1': 40.52979186892387, 'lLegPt.x1': 49.435155667975856, 'lLegPt.y1': 10.610101996535807, 'lLegPt.rA1': -55.09705080999891, 'lLegPt.rL2': 80.10349966955519, 'lLegPt.lL2': 10.74481203026123}",PRUNED
166,166,9.750707085594065,2026-04-14 13:53:49.331493,2026-04-14 13:53:52.962049,0 days 00:00:03.630556,60.7374503346719,41.946280131450095,56.352124799997654,-56.04994054246857,79.21278955533428,44.6121430960522,73.46479909784665,33.8938382757282,26.771597364976923,22.88240448071846,65.64861858073728,85.29231340540089,-69.21706784084226,51.835963035110595,99.04405380969054,20.333880552975934,37.39916899080501,24.783833239699437,Unattained target,GPSampler,,PRUNED
167,167,9.750708004964917,2026-04-14 13:53:53.100855,2026-04-14 13:53:56.751398,0 days 00:00:03.650543,60.7374503346719,41.946280131450095,56.352124799997654,-56.04994054246857,79.21278955533428,44.6121430960522,73.46479909784665,33.8938382757282,26.771597364976923,22.88240448071846,65.64861858073728,85.29231340540089,-69.21706784084226,51.835963035110595,99.04405380969054,20.333880552975934,37.39916899080501,24.783833239699437,Unattained target,GPSampler,"{'sLegPt.rL0': 51.835963035110595, 'sLegPt.lL0': 22.88240448071846, 'sLegPt.rL1': 99.04405380969054, 'sLegPt.lL1': 65.64861858073728, 'sLegPt.x1': 37.39916899080501, 'sLegPt.y1': 24.783833239699437, 'sLegPt.rA1': -69.21706784084226, 'sLegPt.rL2': 20.333880552975934, 'sLegPt.lL2': 85.29231340540089, 'lLegPt.rL0': 79.21278955533428, 'lLegPt.lL0': 60.7374503346719, 'lLegPt.rL1': 44.6121430960522, 'lLegPt.lL1': 41.946280131450095, 'lLegPt.x1': 33.8938382757282, 'lLegPt.y1': 26.771597364976923, 'lLegPt.rA1': -56.04994054246857, 'lLegPt.rL2': 73.46479909784665, 'lLegPt.lL2': 56.352124799997654}",PRUNED
168,168,9.750708300601655,2026-04-14 13:53:56.905968,2026-04-14 13:54:00.172061,0 days 00:00:03.266093,60.7374503346719,41.946280131450095,56.352124799997654,-56.04994054246857,79.21278955533428,44.6121430960522,73.46479909784665,33.8938382757282,26.771597364976923,22.88240448071846,65.64861858073728,85.29231340540089,-69.21706784084226,51.835963035110595,99.04405380969054,20.333880552975934,37.39916899080501,24.783833239699437,Unattained target,GPSampler,"{'sLegPt.rL0': 51.835963035110595, 'sLegPt.lL0': 22.88240448071846, 'sLegPt.rL1': 99.04405380969054, 'sLegPt.lL1': 65.64861858073728, 'sLegPt.x1': 37.39916899080501, 'sLegPt.y1': 24.783833239699437, 'sLegPt.rA1': -69.21706784084226, 'sLegPt.rL2': 20.333880552975934, 'sLegPt.lL2': 85.29231340540089, 'lLegPt.rL0': 79.21278955533428, 'lLegPt.lL0': 60.7374503346719, 'lLegPt.rL1': 44.6121430960522, 'lLegPt.lL1': 41.946280131450095, 'lLegPt.x1': 33.8938382757282, 'lLegPt.y1': 26.771597364976923, 'lLegPt.rA1': -56.04994054246857, 'lLegPt.rL2': 73.46479909784665, 'lLegPt.lL2': 56.352124799997654}",PRUNED
169,169,18.657141614648488,2026-04-14 13:54:00.323427,2026-04-14 13:54:03.783867,0 days 00:00:03.460440,67.57780620977367,14.965378634404534,85.28744697321204,-47.99848786660742,86.99993442185496,53.65533300463785,53.04317511650859,33.00460570835211,20.294997770299275,71.82645293096468,87.32453809473084,64.42400234540807,-75.9903742855363,93.14116261106506,63.146808842491204,89.8761673577012,40.44719233139073,12.216013741954253,Unattained target,GPSampler,,PRUNED
