,number,value,datetime_start,datetime_complete,duration,params_lLegPt.lL0,params_lLegPt.lL1,params_lLegPt.lL2,params_lLegPt.rA1,params_lLegPt.rL0,params_lLegPt.rL1,params_lLegPt.rL2,params_lLegPt.x1,params_lLegPt.y1,params_sLegPt.lL0,params_sLegPt.lL1,params_sLegPt.lL2,params_sLegPt.rA1,params_sLegPt.rL0,params_sLegPt.rL1,params_sLegPt.rL2,params_sLegPt.x1,params_sLegPt.y1,user_attrs_prune,system_attrs_auto:sampler,system_attrs_fixed_params,state
73,73,6.363136882201655,2026-04-14 13:47:41.220705,2026-04-14 13:47:46.041638,0 days 00:00:04.820933,12.574772379628111,98.65395473693356,22.51405598715172,-33.31180177681409,17.017304495608442,56.645541189969684,38.19093819743355,49.71779041049665,23.982303123463655,51.234858017737416,46.45095827274281,91.13266129337413,-30.264715797794572,89.36212219728999,90.63692166238893,62.01438772700257,33.14941834746061,17.198284443867298,Unattained target,RandomSampler,"{'sLegPt.rL0': 89.36212219728999, 'sLegPt.lL0': 51.234858017737416, 'sLegPt.rL1': 90.63692166238893, 'sLegPt.lL1': 46.45095827274281, 'sLegPt.x1': 33.14941834746061, 'sLegPt.y1': 17.198284443867298, 'sLegPt.rA1': -30.264715797794572, 'sLegPt.rL2': 62.01438772700257, 'sLegPt.lL2': 91.13266129337413, 'lLegPt.rL0': 17.017304495608442, 'lLegPt.lL0': 12.574772379628111, 'lLegPt.rL1': 56.645541189969684, 'lLegPt.lL1': 98.65395473693356, 'lLegPt.x1': 49.71779041049665, 'lLegPt.y1': 23.982303123463655, 'lLegPt.rA1': -33.31180177681409, 'lLegPt.rL2': 38.19093819743355, 'lLegPt.lL2': 22.51405598715172}",PRUNED
74,74,6.363137117984753,2026-04-14 13:47:46.166648,2026-04-14 13:47:49.991220,0 days 00:00:03.824572,12.574772379628111,98.65395473693356,22.51405598715172,-33.31180177681409,17.017304495608442,56.645541189969684,38.19093819743355,49.71779041049665,23.982303123463655,51.234858017737416,46.45095827274281,91.13266129337413,-30.264715797794572,89.36212219728999,90.63692166238893,62.01438772700257,33.14941834746061,17.198284443867298,Unattained target,RandomSampler,"{'sLegPt.rL0': 89.36212219728999, 'sLegPt.lL0': 51.234858017737416, 'sLegPt.rL1': 90.63692166238893, 'sLegPt.lL1': 46.45095827274281, 'sLegPt.x1': 33.14941834746061, 'sLegPt.y1': 17.198284443867298, 'sLegPt.rA1': -30.264715797794572, 'sLegPt.rL2': 62.01438772700257, 'sLegPt.lL2': 91.13266129337413, 'lLegPt.rL0': 17.017304495608442, 'lLegPt.lL0': 12.574772379628111, 'lLegPt.rL1': 56.645541189969684, 'lLegPt.lL1': 98.65395473693356, 'lLegPt.x1': 49.71779041049665, 'lLegPt.y1': 23.982303123463655, 'lLegPt.rA1': -33.31180177681409, 'lLegPt.rL2': 38.19093819743355, 'lLegPt.lL2': 22.51405598715172}",PRUNED
75,75,24.026670894803594,2026-04-14 13:47:50.125190,2026-04-14 13:47:53.845454,0 days 00:00:03.720264,68.47844371582035,17.153583861590924,72.30627814305123,-72.38089604439938,25.996205034911466,62.553101209455384,54.799083459522706,43.054126656322204,21.1205844882601,54.16193034957039,47.89932363807862,64.181140116588,-69.01271774293429,96.00183650261428,53.97375843343117,51.79555991186718,49.944614459090346,23.42101423002262,Unattained target,RandomSampler,,PRUNED
76,76,24.026670280529025,2026-04-14 13:47:53.977723,2026-04-14 13:47:57.913081,0 days 00:00:03.935358,68.47844371582035,17.153583861590924,72.30627814305123,-72.38089604439938,25.996205034911466,62.553101209455384,54.799083459522706,43.054126656322204,21.1205844882601,54.16193034957039,47.89932363807862,64.181140116588,-69.01271774293429,96.00183650261428,53.97375843343117,51.79555991186718,49.944614459090346,23.42101423002262,Unattained target,RandomSampler,"{'sLegPt.rL0': 96.00183650261428, 'sLegPt.lL0': 54.16193034957039, 'sLegPt.rL1': 53.97375843343117, 'sLegPt.lL1': 47.89932363807862, 'sLegPt.x1': 49.944614459090346, 'sLegPt.y1': 23.42101423002262, 'sLegPt.rA1': -69.01271774293429, 'sLegPt.rL2': 51.79555991186718, 'sLegPt.lL2': 64.181140116588, 'lLegPt.rL0': 25.996205034911466, 'lLegPt.lL0': 68.47844371582035, 'lLegPt.rL1': 62.553101209455384, 'lLegPt.lL1': 17.153583861590924, 'lLegPt.x1': 43.054126656322204, 'lLegPt.y1': 21.1205844882601, 'lLegPt.rA1': -72.38089604439938, 'lLegPt.rL2': 54.799083459522706, 'lLegPt.lL2': 72.30627814305123}",PRUNED
77,77,24.02667108157727,2026-04-14 13:47:58.046796,2026-04-14 13:48:01.876874,0 days 00:00:03.830078,68.47844371582035,17.153583861590924,72.30627814305123,-72.38089604439938,25.996205034911466,62.553101209455384,54.799083459522706,43.054126656322204,21.1205844882601,54.16193034957039,47.89932363807862,64.181140116588,-69.01271774293429,96.00183650261428,53.97375843343117,51.79555991186718,49.944614459090346,23.42101423002262,Unattained target,RandomSampler,"{'sLegPt.rL0': 96.00183650261428, 'sLegPt.lL0': 54.16193034957039, 'sLegPt.rL1': 53.97375843343117, 'sLegPt.lL1': 47.89932363807862, 'sLegPt.x1': 49.944614459090346, 'sLegPt.y1': 23.42101423002262, 'sLegPt.rA1': -69.01271774293429, 'sLegPt.rL2': 51.79555991186718, 'sLegPt.lL2': 64.181140116588, 'lLegPt.rL0': 25.996205034911466, 'lLegPt.lL0': 68.47844371582035, 'lLegPt.rL1': 62.553101209455384, 'lLegPt.lL1': 17.153583861590924, 'lLegPt.x1': 43.054126656322204, 'lLegPt.y1': 21.1205844882601, 'lLegPt.rA1': -72.38089604439938, 'lLegPt.rL2': 54.799083459522706, 'lLegPt.lL2': 72.30627814305123}",PRUNED
78,78,8.27327543115846,2026-04-14 13:48:02.009606,2026-04-14 13:48:05.916882,0 days 00:00:03.907276,88.6858771084186,92.10372546933235,61.9234677183239,-67.79382389421598,16.23180771339602,64.31920619765266,22.191671570420482,40.98501237040536,18.482406272310534,93.99757419182289,43.367963032160766,75.07078777187347,-78.43370962713449,38.85353164850998,43.19152577895333,78.99332360527663,37.82041503947254,26.126801940967365,Unattained target,RandomSampler,,PRUNED
79,79,8.273275264281658,2026-04-14 13:48:06.041881,2026-04-14 13:48:09.817446,0 days 00:00:03.775565,88.6858771084186,92.10372546933235,61.9234677183239,-67.79382389421598,16.23180771339602,64.31920619765266,22.191671570420482,40.98501237040536,18.482406272310534,93.99757419182289,43.367963032160766,75.07078777187347,-78.43370962713449,38.85353164850998,43.19152577895333,78.99332360527663,37.82041503947254,26.126801940967365,Unattained target,RandomSampler,"{'sLegPt.rL0': 38.85353164850998, 'sLegPt.lL0': 93.99757419182289, 'sLegPt.rL1': 43.19152577895333, 'sLegPt.lL1': 43.367963032160766, 'sLegPt.x1': 37.82041503947254, 'sLegPt.y1': 26.126801940967365, 'sLegPt.rA1': -78.43370962713449, 'sLegPt.rL2': 78.99332360527663, 'sLegPt.lL2': 75.07078777187347, 'lLegPt.rL0': 16.23180771339602, 'lLegPt.lL0': 88.6858771084186, 'lLegPt.rL1': 64.31920619765266, 'lLegPt.lL1': 92.10372546933235, 'lLegPt.x1': 40.98501237040536, 'lLegPt.y1': 18.482406272310534, 'lLegPt.rA1': -67.79382389421598, 'lLegPt.rL2': 22.191671570420482, 'lLegPt.lL2': 61.9234677183239}",PRUNED
80,80,8.27327529425677,2026-04-14 13:48:09.946052,2026-04-14 13:48:13.700302,0 days 00:00:03.754250,88.6858771084186,92.10372546933235,61.9234677183239,-67.79382389421598,16.23180771339602,64.31920619765266,22.191671570420482,40.98501237040536,18.482406272310534,93.99757419182289,43.367963032160766,75.07078777187347,-78.43370962713449,38.85353164850998,43.19152577895333,78.99332360527663,37.82041503947254,26.126801940967365,Unattained target,RandomSampler,"{'sLegPt.rL0': 38.85353164850998, 'sLegPt.lL0': 93.99757419182289, 'sLegPt.rL1': 43.19152577895333, 'sLegPt.lL1': 43.367963032160766, 'sLegPt.x1': 37.82041503947254, 'sLegPt.y1': 26.126801940967365, 'sLegPt.rA1': -78.43370962713449, 'sLegPt.rL2': 78.99332360527663, 'sLegPt.lL2': 75.07078777187347, 'lLegPt.rL0': 16.23180771339602, 'lLegPt.lL0': 88.6858771084186, 'lLegPt.rL1': 64.31920619765266, 'lLegPt.lL1': 92.10372546933235, 'lLegPt.x1': 40.98501237040536, 'lLegPt.y1': 18.482406272310534, 'lLegPt.rA1': -67.79382389421598, 'lLegPt.rL2': 22.191671570420482, 'lLegPt.lL2': 61.9234677183239}",PRUNED
81,81,10.575010010411752,2026-04-14 13:48:13.834121,2026-04-14 13:48:17.773962,0 days 00:00:03.939841,48.87995738499484,68.46560978409829,78.25812781073144,-30.775206714469277,88.36891425936949,61.8902199704263,79.07169853015598,45.497244042973705,15.583479340026845,33.506010039164494,26.233022856312754,45.338697700949616,-79.18151156955967,87.87111338801084,35.14285397823799,80.84273462846265,46.2909868437344,10.878387787188665,Unattained target,RandomSampler,,PRUNED
82,82,10.575009811143715,2026-04-14 13:48:17.915937,2026-04-14 13:48:22.421860,0 days 00:00:04.505923,48.87995738499484,68.46560978409829,78.25812781073144,-30.775206714469277,88.36891425936949,61.8902199704263,79.07169853015598,45.497244042973705,15.583479340026845,33.506010039164494,26.233022856312754,45.338697700949616,-79.18151156955967,87.87111338801084,35.14285397823799,80.84273462846265,46.2909868437344,10.878387787188665,Unattained target,RandomSampler,"{'sLegPt.rL0': 87.87111338801084, 'sLegPt.lL0': 33.506010039164494, 'sLegPt.rL1': 35.14285397823799, 'sLegPt.lL1': 26.233022856312754, 'sLegPt.x1': 46.2909868437344, 'sLegPt.y1': 10.878387787188665, 'sLegPt.rA1': -79.18151156955967, 'sLegPt.rL2': 80.84273462846265, 'sLegPt.lL2': 45.338697700949616, 'lLegPt.rL0': 88.36891425936949, 'lLegPt.lL0': 48.87995738499484, 'lLegPt.rL1': 61.8902199704263, 'lLegPt.lL1': 68.46560978409829, 'lLegPt.x1': 45.497244042973705, 'lLegPt.y1': 15.583479340026845, 'lLegPt.rA1': -30.775206714469277, 'lLegPt.rL2': 79.07169853015598, 'lLegPt.lL2': 78.25812781073144}",PRUNED
83,83,10.575010014880569,2026-04-14 13:48:22.559267,2026-04-14 13:48:26.248557,0 days 00:00:03.689290,48.87995738499484,68.46560978409829,78.25812781073144,-30.775206714469277,88.36891425936949,61.8902199704263,79.07169853015598,45.497244042973705,15.583479340026845,33.506010039164494,26.233022856312754,45.338697700949616,-79.18151156955967,87.87111338801084,35.14285397823799,80.84273462846265,46.2909868437344,10.878387787188665,Unattained target,RandomSampler,"{'sLegPt.rL0': 87.87111338801084, 'sLegPt.lL0': 33.506010039164494, 'sLegPt.rL1': 35.14285397823799, 'sLegPt.lL1': 26.233022856312754, 'sLegPt.x1': 46.2909868437344, 'sLegPt.y1': 10.878387787188665, 'sLegPt.rA1': -79.18151156955967, 'sLegPt.rL2': 80.84273462846265, 'sLegPt.lL2': 45.338697700949616, 'lLegPt.rL0': 88.36891425936949, 'lLegPt.lL0': 48.87995738499484, 'lLegPt.rL1': 61.8902199704263, 'lLegPt.lL1': 68.46560978409829, 'lLegPt.x1': 45.497244042973705, 'lLegPt.y1': 15.583479340026845, 'lLegPt.rA1': -30.775206714469277, 'lLegPt.rL2': 79.07169853015598, 'lLegPt.lL2': 78.25812781073144}",PRUNED
84,84,20.373408924013397,2026-04-14 13:48:26.367367,2026-04-14 13:48:30.423556,0 days 00:00:04.056189,99.01660836539344,91.00091554728986,96.38371169888825,-26.168210647210785,14.688723240852173,78.45313116549096,66.82274310923313,39.18661978849553,24.931486896090203,57.01557301976684,79.51499940969751,21.928249725009398,-57.65205659154048,94.39939787680815,84.12108986595935,96.67577523601136,42.30440955882608,29.65735933904304,Unattained target,RandomSampler,,PRUNED
85,85,20.373409236618635,2026-04-14 13:48:30.553730,2026-04-14 13:48:33.898166,0 days 00:00:03.344436,99.01660836539344,91.00091554728986,96.38371169888825,-26.168210647210785,14.688723240852173,78.45313116549096,66.82274310923313,39.18661978849553,24.931486896090203,57.01557301976684,79.51499940969751,21.928249725009398,-57.65205659154048,94.39939787680815,84.12108986595935,96.67577523601136,42.30440955882608,29.65735933904304,Unattained target,RandomSampler,"{'sLegPt.rL0': 94.39939787680815, 'sLegPt.lL0': 57.01557301976684, 'sLegPt.rL1': 84.12108986595935, 'sLegPt.lL1': 79.51499940969751, 'sLegPt.x1': 42.30440955882608, 'sLegPt.y1': 29.65735933904304, 'sLegPt.rA1': -57.65205659154048, 'sLegPt.rL2': 96.67577523601136, 'sLegPt.lL2': 21.928249725009398, 'lLegPt.rL0': 14.688723240852173, 'lLegPt.lL0': 99.01660836539344, 'lLegPt.rL1': 78.45313116549096, 'lLegPt.lL1': 91.00091554728986, 'lLegPt.x1': 39.18661978849553, 'lLegPt.y1': 24.931486896090203, 'lLegPt.rA1': -26.168210647210785, 'lLegPt.rL2': 66.82274310923313, 'lLegPt.lL2': 96.38371169888825}",PRUNED
86,86,20.37340878412506,2026-04-14 13:48:34.038598,2026-04-14 13:48:37.869204,0 days 00:00:03.830606,99.01660836539344,91.00091554728986,96.38371169888825,-26.168210647210785,14.688723240852173,78.45313116549096,66.82274310923313,39.18661978849553,24.931486896090203,57.01557301976684,79.51499940969751,21.928249725009398,-57.65205659154048,94.39939787680815,84.12108986595935,96.67577523601136,42.30440955882608,29.65735933904304,Unattained target,RandomSampler,"{'sLegPt.rL0': 94.39939787680815, 'sLegPt.lL0': 57.01557301976684, 'sLegPt.rL1': 84.12108986595935, 'sLegPt.lL1': 79.51499940969751, 'sLegPt.x1': 42.30440955882608, 'sLegPt.y1': 29.65735933904304, 'sLegPt.rA1': -57.65205659154048, 'sLegPt.rL2': 96.67577523601136, 'sLegPt.lL2': 21.928249725009398, 'lLegPt.rL0': 14.688723240852173, 'lLegPt.lL0': 99.01660836539344, 'lLegPt.rL1': 78.45313116549096, 'lLegPt.lL1': 91.00091554728986, 'lLegPt.x1': 39.18661978849553, 'lLegPt.y1': 24.931486896090203, 'lLegPt.rA1': -26.168210647210785, 'lLegPt.rL2': 66.82274310923313, 'lLegPt.lL2': 96.38371169888825}",PRUNED
87,87,6.972936054163888,2026-04-14 13:48:38.001131,2026-04-14 13:48:41.648559,0 days 00:00:03.647428,11.158905192089726,90.30768420701888,99.33809694657876,-62.3660991923112,84.6092533955061,82.51930809177836,12.038562305327542,38.93109576696128,15.227689111070662,56.446590971015695,91.86665736188165,61.29447295211931,-61.43953000712963,48.104990993682804,51.734664706990024,79.34013331114906,46.74729054617967,28.203630168571706,Unattained target,RandomSampler,,PRUNED
88,88,6.972936015289406,2026-04-14 13:48:41.767626,2026-04-14 13:48:45.589002,0 days 00:00:03.821376,11.158905192089726,90.30768420701888,99.33809694657876,-62.3660991923112,84.6092533955061,82.51930809177836,12.038562305327542,38.93109576696128,15.227689111070662,56.446590971015695,91.86665736188165,61.29447295211931,-61.43953000712963,48.104990993682804,51.734664706990024,79.34013331114906,46.74729054617967,28.203630168571706,Unattained target,RandomSampler,"{'sLegPt.rL0': 48.104990993682804, 'sLegPt.lL0': 56.446590971015695, 'sLegPt.rL1': 51.734664706990024, 'sLegPt.lL1': 91.86665736188165, 'sLegPt.x1': 46.74729054617967, 'sLegPt.y1': 28.203630168571706, 'sLegPt.rA1': -61.43953000712963, 'sLegPt.rL2': 79.34013331114906, 'sLegPt.lL2': 61.29447295211931, 'lLegPt.rL0': 84.6092533955061, 'lLegPt.lL0': 11.158905192089726, 'lLegPt.rL1': 82.51930809177836, 'lLegPt.lL1': 90.30768420701888, 'lLegPt.x1': 38.93109576696128, 'lLegPt.y1': 15.227689111070662, 'lLegPt.rA1': -62.3660991923112, 'lLegPt.rL2': 12.038562305327542, 'lLegPt.lL2': 99.33809694657876}",PRUNED
89,89,6.972936012829912,2026-04-14 13:48:45.725411,2026-04-14 13:48:49.745947,0 days 00:00:04.020536,11.158905192089726,90.30768420701888,99.33809694657876,-62.3660991923112,84.6092533955061,82.51930809177836,12.038562305327542,38.93109576696128,15.227689111070662,56.446590971015695,91.86665736188165,61.29447295211931,-61.43953000712963,48.104990993682804,51.734664706990024,79.34013331114906,46.74729054617967,28.203630168571706,Unattained target,RandomSampler,"{'sLegPt.rL0': 48.104990993682804, 'sLegPt.lL0': 56.446590971015695, 'sLegPt.rL1': 51.734664706990024, 'sLegPt.lL1': 91.86665736188165, 'sLegPt.x1': 46.74729054617967, 'sLegPt.y1': 28.203630168571706, 'sLegPt.rA1': -61.43953000712963, 'sLegPt.rL2': 79.34013331114906, 'sLegPt.lL2': 61.29447295211931, 'lLegPt.rL0': 84.6092533955061, 'lLegPt.lL0': 11.158905192089726, 'lLegPt.rL1': 82.51930809177836, 'lLegPt.lL1': 90.30768420701888, 'lLegPt.x1': 38.93109576696128, 'lLegPt.y1': 15.227689111070662, 'lLegPt.rA1': -62.3660991923112, 'lLegPt.rL2': 12.038562305327542, 'lLegPt.lL2': 99.33809694657876}",PRUNED
90,90,6.880091262750916,2026-04-14 13:48:49.887798,2026-04-14 13:48:54.086163,0 days 00:00:04.198365,35.27401159904852,83.27543747758978,51.62796750117042,-37.071753969252946,92.95068021405311,58.41524156968053,81.54253282584686,35.93625596343169,13.691741187597282,40.52453524333592,98.39627250471159,99.83947661641892,-33.361831544328226,43.5462862242954,52.64657630932134,74.45840287971617,32.07910837520804,17.5439184846974,Unattained target,RandomSampler,,PRUNED
91,91,6.880091330284003,2026-04-14 13:48:54.213834,2026-04-14 13:48:57.904668,0 days 00:00:03.690834,35.27401159904852,83.27543747758978,51.62796750117042,-37.071753969252946,92.95068021405311,58.41524156968053,81.54253282584686,35.93625596343169,13.691741187597282,40.52453524333592,98.39627250471159,99.83947661641892,-33.361831544328226,43.5462862242954,52.64657630932134,74.45840287971617,32.07910837520804,17.5439184846974,Unattained target,RandomSampler,"{'sLegPt.rL0': 43.5462862242954, 'sLegPt.lL0': 40.52453524333592, 'sLegPt.rL1': 52.64657630932134, 'sLegPt.lL1': 98.39627250471159, 'sLegPt.x1': 32.07910837520804, 'sLegPt.y1': 17.5439184846974, 'sLegPt.rA1': -33.361831544328226, 'sLegPt.rL2': 74.45840287971617, 'sLegPt.lL2': 99.83947661641892, 'lLegPt.rL0': 92.95068021405311, 'lLegPt.lL0': 35.27401159904852, 'lLegPt.rL1': 58.41524156968053, 'lLegPt.lL1': 83.27543747758978, 'lLegPt.x1': 35.93625596343169, 'lLegPt.y1': 13.691741187597282, 'lLegPt.rA1': -37.071753969252946, 'lLegPt.rL2': 81.54253282584686, 'lLegPt.lL2': 51.62796750117042}",PRUNED
92,92,6.880091217261398,2026-04-14 13:48:58.036269,2026-04-14 13:49:01.979541,0 days 00:00:03.943272,35.27401159904852,83.27543747758978,51.62796750117042,-37.071753969252946,92.95068021405311,58.41524156968053,81.54253282584686,35.93625596343169,13.691741187597282,40.52453524333592,98.39627250471159,99.83947661641892,-33.361831544328226,43.5462862242954,52.64657630932134,74.45840287971617,32.07910837520804,17.5439184846974,Unattained target,RandomSampler,"{'sLegPt.rL0': 43.5462862242954, 'sLegPt.lL0': 40.52453524333592, 'sLegPt.rL1': 52.64657630932134, 'sLegPt.lL1': 98.39627250471159, 'sLegPt.x1': 32.07910837520804, 'sLegPt.y1': 17.5439184846974, 'sLegPt.rA1': -33.361831544328226, 'sLegPt.rL2': 74.45840287971617, 'sLegPt.lL2': 99.83947661641892, 'lLegPt.rL0': 92.95068021405311, 'lLegPt.lL0': 35.27401159904852, 'lLegPt.rL1': 58.41524156968053, 'lLegPt.lL1': 83.27543747758978, 'lLegPt.x1': 35.93625596343169, 'lLegPt.y1': 13.691741187597282, 'lLegPt.rA1': -37.071753969252946, 'lLegPt.rL2': 81.54253282584686, 'lLegPt.lL2': 51.62796750117042}",PRUNED
93,93,5.2130389570397355,2026-04-14 13:49:02.112615,2026-04-14 13:49:06.212349,0 days 00:00:04.099734,41.0918432172934,14.064746570736798,25.71881178743138,-68.15726965276562,26.903352367081865,72.61408220307275,86.91451472387604,31.923054379134435,15.82478381063183,56.67279782948322,78.43632448732495,10.714090396034768,-68.46044217590735,47.52818570139603,73.06244992989508,46.67914977434209,47.91035331402256,20.69070664110864,Unattained target,RandomSampler,,PRUNED
94,94,5.213041378642849,2026-04-14 13:49:06.355111,2026-04-14 13:49:10.017637,0 days 00:00:03.662526,41.0918432172934,14.064746570736798,25.71881178743138,-68.15726965276562,26.903352367081865,72.61408220307275,86.91451472387604,31.923054379134435,15.82478381063183,56.67279782948322,78.43632448732495,10.714090396034768,-68.46044217590735,47.52818570139603,73.06244992989508,46.67914977434209,47.91035331402256,20.69070664110864,Unattained target,RandomSampler,"{'sLegPt.rL0': 47.52818570139603, 'sLegPt.lL0': 56.67279782948322, 'sLegPt.rL1': 73.06244992989508, 'sLegPt.lL1': 78.43632448732495, 'sLegPt.x1': 47.91035331402256, 'sLegPt.y1': 20.69070664110864, 'sLegPt.rA1': -68.46044217590735, 'sLegPt.rL2': 46.67914977434209, 'sLegPt.lL2': 10.714090396034768, 'lLegPt.rL0': 26.903352367081865, 'lLegPt.lL0': 41.0918432172934, 'lLegPt.rL1': 72.61408220307275, 'lLegPt.lL1': 14.064746570736798, 'lLegPt.x1': 31.923054379134435, 'lLegPt.y1': 15.82478381063183, 'lLegPt.rA1': -68.15726965276562, 'lLegPt.rL2': 86.91451472387604, 'lLegPt.lL2': 25.71881178743138}",PRUNED
95,95,5.213040964988728,2026-04-14 13:49:10.152327,2026-04-14 13:49:14.131964,0 days 00:00:03.979637,41.0918432172934,14.064746570736798,25.71881178743138,-68.15726965276562,26.903352367081865,72.61408220307275,86.91451472387604,31.923054379134435,15.82478381063183,56.67279782948322,78.43632448732495,10.714090396034768,-68.46044217590735,47.52818570139603,73.06244992989508,46.67914977434209,47.91035331402256,20.69070664110864,Unattained target,RandomSampler,"{'sLegPt.rL0': 47.52818570139603, 'sLegPt.lL0': 56.67279782948322, 'sLegPt.rL1': 73.06244992989508, 'sLegPt.lL1': 78.43632448732495, 'sLegPt.x1': 47.91035331402256, 'sLegPt.y1': 20.69070664110864, 'sLegPt.rA1': -68.46044217590735, 'sLegPt.rL2': 46.67914977434209, 'sLegPt.lL2': 10.714090396034768, 'lLegPt.rL0': 26.903352367081865, 'lLegPt.lL0': 41.0918432172934, 'lLegPt.rL1': 72.61408220307275, 'lLegPt.lL1': 14.064746570736798, 'lLegPt.x1': 31.923054379134435, 'lLegPt.y1': 15.82478381063183, 'lLegPt.rA1': -68.15726965276562, 'lLegPt.rL2': 86.91451472387604, 'lLegPt.lL2': 25.71881178743138}",PRUNED
96,96,16.80035522408547,2026-04-14 13:49:14.268526,2026-04-14 13:49:17.706778,0 days 00:00:03.438252,57.7934549428516,70.4431088821133,65.16298352260324,-69.39961388289592,78.17895527610126,72.17092637103354,84.66225046612377,45.17222252903055,21.177309748128522,99.33490106532408,99.74239112008392,53.700409572293026,-56.12850571832621,92.2924016332775,33.04365877932357,15.144909005420121,37.40914094502595,16.146972712971873,Unattained target,RandomSampler,,PRUNED
