,number,value,datetime_start,datetime_complete,duration,params_lLegPt.lL0,params_lLegPt.lL1,params_lLegPt.lL2,params_lLegPt.rA1,params_lLegPt.rL0,params_lLegPt.rL1,params_lLegPt.rL2,params_lLegPt.x1,params_lLegPt.y1,params_sLegPt.lL0,params_sLegPt.lL1,params_sLegPt.lL2,params_sLegPt.rA1,params_sLegPt.rL0,params_sLegPt.rL1,params_sLegPt.rL2,params_sLegPt.x1,params_sLegPt.y1,user_attrs_prune,system_attrs_auto:sampler,system_attrs_fixed_params,state
844,844,5.348106713734062,2026-04-14 14:46:06.041089,2026-04-14 14:46:09.745723,0 days 00:00:03.704634,46.938998915182864,14.29724128006556,35.00299004546585,-59.78471264483888,63.82300577359563,50.44244418092813,42.0641310102689,43.841347113101534,24.637635872476903,25.23026186621338,43.35023367183247,99.76751647163708,-53.59483520240674,98.71862372555056,55.30824821465665,99.13814549069193,45.65830012469686,19.537532615789914,Unattained target,GPSampler,"{'sLegPt.rL0': 98.71862372555056, 'sLegPt.lL0': 25.23026186621338, 'sLegPt.rL1': 55.30824821465665, 'sLegPt.lL1': 43.35023367183247, 'sLegPt.x1': 45.65830012469686, 'sLegPt.y1': 19.537532615789914, 'sLegPt.rA1': -53.59483520240674, 'sLegPt.rL2': 99.13814549069193, 'sLegPt.lL2': 99.76751647163708, 'lLegPt.rL0': 63.82300577359563, 'lLegPt.lL0': 46.938998915182864, 'lLegPt.rL1': 50.44244418092813, 'lLegPt.lL1': 14.29724128006556, 'lLegPt.x1': 43.841347113101534, 'lLegPt.y1': 24.637635872476903, 'lLegPt.rA1': -59.78471264483888, 'lLegPt.rL2': 42.0641310102689, 'lLegPt.lL2': 35.00299004546585}",PRUNED
845,845,5.34810677894977,2026-04-14 14:46:09.907874,2026-04-14 14:46:13.405239,0 days 00:00:03.497365,46.938998915182864,14.29724128006556,35.00299004546585,-59.78471264483888,63.82300577359563,50.44244418092813,42.0641310102689,43.841347113101534,24.637635872476903,25.23026186621338,43.35023367183247,99.76751647163708,-53.59483520240674,98.71862372555056,55.30824821465665,99.13814549069193,45.65830012469686,19.537532615789914,Unattained target,GPSampler,"{'sLegPt.rL0': 98.71862372555056, 'sLegPt.lL0': 25.23026186621338, 'sLegPt.rL1': 55.30824821465665, 'sLegPt.lL1': 43.35023367183247, 'sLegPt.x1': 45.65830012469686, 'sLegPt.y1': 19.537532615789914, 'sLegPt.rA1': -53.59483520240674, 'sLegPt.rL2': 99.13814549069193, 'sLegPt.lL2': 99.76751647163708, 'lLegPt.rL0': 63.82300577359563, 'lLegPt.lL0': 46.938998915182864, 'lLegPt.rL1': 50.44244418092813, 'lLegPt.lL1': 14.29724128006556, 'lLegPt.x1': 43.841347113101534, 'lLegPt.y1': 24.637635872476903, 'lLegPt.rA1': -59.78471264483888, 'lLegPt.rL2': 42.0641310102689, 'lLegPt.lL2': 35.00299004546585}",PRUNED
846,846,5.724401389758164,2026-04-14 14:46:13.572568,2026-04-14 14:46:17.425772,0 days 00:00:03.853204,15.723201858187767,25.465683594881625,29.30143419456158,-77.96927515601367,96.03968098570586,28.747443318334536,10.49685663962144,35.34098004322553,29.903381509494295,14.818942606738371,14.062540186091539,76.1127434949203,-33.02242278381158,19.137903886661935,71.18843048836146,93.80694072536144,32.67633394147993,21.765674231630086,Unattained target,GPSampler,,PRUNED
847,847,5.724401200488074,2026-04-14 14:46:17.592713,2026-04-14 14:46:21.391291,0 days 00:00:03.798578,15.723201858187767,25.465683594881625,29.30143419456158,-77.96927515601367,96.03968098570586,28.747443318334536,10.49685663962144,35.34098004322553,29.903381509494295,14.818942606738371,14.062540186091539,76.1127434949203,-33.02242278381158,19.137903886661935,71.18843048836146,93.80694072536144,32.67633394147993,21.765674231630086,Unattained target,GPSampler,"{'sLegPt.rL0': 19.137903886661935, 'sLegPt.lL0': 14.818942606738371, 'sLegPt.rL1': 71.18843048836146, 'sLegPt.lL1': 14.062540186091539, 'sLegPt.x1': 32.67633394147993, 'sLegPt.y1': 21.765674231630086, 'sLegPt.rA1': -33.02242278381158, 'sLegPt.rL2': 93.80694072536144, 'sLegPt.lL2': 76.1127434949203, 'lLegPt.rL0': 96.03968098570586, 'lLegPt.lL0': 15.723201858187767, 'lLegPt.rL1': 28.747443318334536, 'lLegPt.lL1': 25.465683594881625, 'lLegPt.x1': 35.34098004322553, 'lLegPt.y1': 29.903381509494295, 'lLegPt.rA1': -77.96927515601367, 'lLegPt.rL2': 10.49685663962144, 'lLegPt.lL2': 29.30143419456158}",PRUNED
848,848,5.724401189980156,2026-04-14 14:46:21.577550,2026-04-14 14:46:25.221044,0 days 00:00:03.643494,15.723201858187767,25.465683594881625,29.30143419456158,-77.96927515601367,96.03968098570586,28.747443318334536,10.49685663962144,35.34098004322553,29.903381509494295,14.818942606738371,14.062540186091539,76.1127434949203,-33.02242278381158,19.137903886661935,71.18843048836146,93.80694072536144,32.67633394147993,21.765674231630086,Unattained target,GPSampler,"{'sLegPt.rL0': 19.137903886661935, 'sLegPt.lL0': 14.818942606738371, 'sLegPt.rL1': 71.18843048836146, 'sLegPt.lL1': 14.062540186091539, 'sLegPt.x1': 32.67633394147993, 'sLegPt.y1': 21.765674231630086, 'sLegPt.rA1': -33.02242278381158, 'sLegPt.rL2': 93.80694072536144, 'sLegPt.lL2': 76.1127434949203, 'lLegPt.rL0': 96.03968098570586, 'lLegPt.lL0': 15.723201858187767, 'lLegPt.rL1': 28.747443318334536, 'lLegPt.lL1': 25.465683594881625, 'lLegPt.x1': 35.34098004322553, 'lLegPt.y1': 29.903381509494295, 'lLegPt.rA1': -77.96927515601367, 'lLegPt.rL2': 10.49685663962144, 'lLegPt.lL2': 29.30143419456158}",PRUNED
849,849,7.033698615954677,2026-04-14 14:46:25.397158,2026-04-14 14:46:29.040971,0 days 00:00:03.643813,82.97320809953553,22.87595992018783,81.59663660651373,-58.60482073003821,83.11187932717505,17.100303789315355,41.62963117317575,30.73714783571056,21.3142520821008,24.958114965958963,20.857922762629663,56.79914370368546,-70.73491942291434,51.48014972104385,25.652108438129098,60.20825887836827,30.844438919139172,10.059000949491368,Unattained target,GPSampler,,PRUNED
850,850,7.03369860672818,2026-04-14 14:46:29.201940,2026-04-14 14:46:33.083244,0 days 00:00:03.881304,82.97320809953553,22.87595992018783,81.59663660651373,-58.60482073003821,83.11187932717505,17.100303789315355,41.62963117317575,30.73714783571056,21.3142520821008,24.958114965958963,20.857922762629663,56.79914370368546,-70.73491942291434,51.48014972104385,25.652108438129098,60.20825887836827,30.844438919139172,10.059000949491368,Unattained target,GPSampler,"{'sLegPt.rL0': 51.48014972104385, 'sLegPt.lL0': 24.958114965958963, 'sLegPt.rL1': 25.652108438129098, 'sLegPt.lL1': 20.857922762629663, 'sLegPt.x1': 30.844438919139172, 'sLegPt.y1': 10.059000949491368, 'sLegPt.rA1': -70.73491942291434, 'sLegPt.rL2': 60.20825887836827, 'sLegPt.lL2': 56.79914370368546, 'lLegPt.rL0': 83.11187932717505, 'lLegPt.lL0': 82.97320809953553, 'lLegPt.rL1': 17.100303789315355, 'lLegPt.lL1': 22.87595992018783, 'lLegPt.x1': 30.73714783571056, 'lLegPt.y1': 21.3142520821008, 'lLegPt.rA1': -58.60482073003821, 'lLegPt.rL2': 41.62963117317575, 'lLegPt.lL2': 81.59663660651373}",PRUNED
851,851,7.033698643230572,2026-04-14 14:46:33.256199,2026-04-14 14:46:37.043707,0 days 00:00:03.787508,82.97320809953553,22.87595992018783,81.59663660651373,-58.60482073003821,83.11187932717505,17.100303789315355,41.62963117317575,30.73714783571056,21.3142520821008,24.958114965958963,20.857922762629663,56.79914370368546,-70.73491942291434,51.48014972104385,25.652108438129098,60.20825887836827,30.844438919139172,10.059000949491368,Unattained target,GPSampler,"{'sLegPt.rL0': 51.48014972104385, 'sLegPt.lL0': 24.958114965958963, 'sLegPt.rL1': 25.652108438129098, 'sLegPt.lL1': 20.857922762629663, 'sLegPt.x1': 30.844438919139172, 'sLegPt.y1': 10.059000949491368, 'sLegPt.rA1': -70.73491942291434, 'sLegPt.rL2': 60.20825887836827, 'sLegPt.lL2': 56.79914370368546, 'lLegPt.rL0': 83.11187932717505, 'lLegPt.lL0': 82.97320809953553, 'lLegPt.rL1': 17.100303789315355, 'lLegPt.lL1': 22.87595992018783, 'lLegPt.x1': 30.73714783571056, 'lLegPt.y1': 21.3142520821008, 'lLegPt.rA1': -58.60482073003821, 'lLegPt.rL2': 41.62963117317575, 'lLegPt.lL2': 81.59663660651373}",PRUNED
852,852,5.979277301591495,2026-04-14 14:46:37.208939,2026-04-14 14:46:41.123209,0 days 00:00:03.914270,81.09453039172324,67.64886694640096,66.54860444978647,-66.51146517460799,70.26132292574738,19.107053862408772,13.277937943994498,42.032321443332265,17.425436918934867,33.01044791675845,77.72257655149295,30.12041512548846,-77.39581202117493,10.679846579557799,86.30195761285138,78.50984194750866,42.11933901093822,16.564242899993054,Unattained target,GPSampler,,PRUNED
853,853,5.979276258133549,2026-04-14 14:46:41.310560,2026-04-14 14:46:45.332332,0 days 00:00:04.021772,81.09453039172324,67.64886694640096,66.54860444978647,-66.51146517460799,70.26132292574738,19.107053862408772,13.277937943994498,42.032321443332265,17.425436918934867,33.01044791675845,77.72257655149295,30.12041512548846,-77.39581202117493,10.679846579557799,86.30195761285138,78.50984194750866,42.11933901093822,16.564242899993054,Unattained target,GPSampler,"{'sLegPt.rL0': 10.679846579557799, 'sLegPt.lL0': 33.01044791675845, 'sLegPt.rL1': 86.30195761285138, 'sLegPt.lL1': 77.72257655149295, 'sLegPt.x1': 42.11933901093822, 'sLegPt.y1': 16.564242899993054, 'sLegPt.rA1': -77.39581202117493, 'sLegPt.rL2': 78.50984194750866, 'sLegPt.lL2': 30.12041512548846, 'lLegPt.rL0': 70.26132292574738, 'lLegPt.lL0': 81.09453039172324, 'lLegPt.rL1': 19.107053862408772, 'lLegPt.lL1': 67.64886694640096, 'lLegPt.x1': 42.032321443332265, 'lLegPt.y1': 17.425436918934867, 'lLegPt.rA1': -66.51146517460799, 'lLegPt.rL2': 13.277937943994498, 'lLegPt.lL2': 66.54860444978647}",PRUNED
854,854,5.979277203797125,2026-04-14 14:46:45.520974,2026-04-14 14:46:49.356688,0 days 00:00:03.835714,81.09453039172324,67.64886694640096,66.54860444978647,-66.51146517460799,70.26132292574738,19.107053862408772,13.277937943994498,42.032321443332265,17.425436918934867,33.01044791675845,77.72257655149295,30.12041512548846,-77.39581202117493,10.679846579557799,86.30195761285138,78.50984194750866,42.11933901093822,16.564242899993054,Unattained target,GPSampler,"{'sLegPt.rL0': 10.679846579557799, 'sLegPt.lL0': 33.01044791675845, 'sLegPt.rL1': 86.30195761285138, 'sLegPt.lL1': 77.72257655149295, 'sLegPt.x1': 42.11933901093822, 'sLegPt.y1': 16.564242899993054, 'sLegPt.rA1': -77.39581202117493, 'sLegPt.rL2': 78.50984194750866, 'sLegPt.lL2': 30.12041512548846, 'lLegPt.rL0': 70.26132292574738, 'lLegPt.lL0': 81.09453039172324, 'lLegPt.rL1': 19.107053862408772, 'lLegPt.lL1': 67.64886694640096, 'lLegPt.x1': 42.032321443332265, 'lLegPt.y1': 17.425436918934867, 'lLegPt.rA1': -66.51146517460799, 'lLegPt.rL2': 13.277937943994498, 'lLegPt.lL2': 66.54860444978647}",PRUNED
855,855,8.131572190863697,2026-04-14 14:46:49.535254,2026-04-14 14:46:53.907589,0 days 00:00:04.372335,18.08285600955061,92.99093475444,12.972644492527072,-20.02801367460239,55.96036621588845,44.98417737088549,58.94443167961453,36.03250439417734,17.810470242277386,71.9241914688714,27.932017546723046,45.39984105155745,-58.4982700307148,81.86658195421079,87.31113709865254,22.03152766339347,34.85797375387907,18.064100584215794,Unattained target,GPSampler,,PRUNED
856,856,8.131572101414235,2026-04-14 14:46:54.107538,2026-04-14 14:46:58.645406,0 days 00:00:04.537868,18.08285600955061,92.99093475444,12.972644492527072,-20.02801367460239,55.96036621588845,44.98417737088549,58.94443167961453,36.03250439417734,17.810470242277386,71.9241914688714,27.932017546723046,45.39984105155745,-58.4982700307148,81.86658195421079,87.31113709865254,22.03152766339347,34.85797375387907,18.064100584215794,Unattained target,GPSampler,"{'sLegPt.rL0': 81.86658195421079, 'sLegPt.lL0': 71.9241914688714, 'sLegPt.rL1': 87.31113709865254, 'sLegPt.lL1': 27.932017546723046, 'sLegPt.x1': 34.85797375387907, 'sLegPt.y1': 18.064100584215794, 'sLegPt.rA1': -58.4982700307148, 'sLegPt.rL2': 22.03152766339347, 'sLegPt.lL2': 45.39984105155745, 'lLegPt.rL0': 55.96036621588845, 'lLegPt.lL0': 18.08285600955061, 'lLegPt.rL1': 44.98417737088549, 'lLegPt.lL1': 92.99093475444, 'lLegPt.x1': 36.03250439417734, 'lLegPt.y1': 17.810470242277386, 'lLegPt.rA1': -20.02801367460239, 'lLegPt.rL2': 58.94443167961453, 'lLegPt.lL2': 12.972644492527072}",PRUNED
857,857,8.13157217724519,2026-04-14 14:46:58.842568,2026-04-14 14:47:03.067013,0 days 00:00:04.224445,18.08285600955061,92.99093475444,12.972644492527072,-20.02801367460239,55.96036621588845,44.98417737088549,58.94443167961453,36.03250439417734,17.810470242277386,71.9241914688714,27.932017546723046,45.39984105155745,-58.4982700307148,81.86658195421079,87.31113709865254,22.03152766339347,34.85797375387907,18.064100584215794,Unattained target,GPSampler,"{'sLegPt.rL0': 81.86658195421079, 'sLegPt.lL0': 71.9241914688714, 'sLegPt.rL1': 87.31113709865254, 'sLegPt.lL1': 27.932017546723046, 'sLegPt.x1': 34.85797375387907, 'sLegPt.y1': 18.064100584215794, 'sLegPt.rA1': -58.4982700307148, 'sLegPt.rL2': 22.03152766339347, 'sLegPt.lL2': 45.39984105155745, 'lLegPt.rL0': 55.96036621588845, 'lLegPt.lL0': 18.08285600955061, 'lLegPt.rL1': 44.98417737088549, 'lLegPt.lL1': 92.99093475444, 'lLegPt.x1': 36.03250439417734, 'lLegPt.y1': 17.810470242277386, 'lLegPt.rA1': -20.02801367460239, 'lLegPt.rL2': 58.94443167961453, 'lLegPt.lL2': 12.972644492527072}",PRUNED
858,858,5.855058030322219,2026-04-14 14:47:03.287461,2026-04-14 14:47:08.124455,0 days 00:00:04.836994,64.37282789073505,70.36329192955195,25.107424244814837,-58.98338857293896,27.658145644984348,79.16020164035896,54.30043081055352,40.696379006307836,29.514213360062087,67.40792136497322,10.711328472006416,42.008152292039895,-47.421561518370254,23.855817847546305,44.300959612670354,39.481417795610824,40.11826265197046,14.784612790311531,Unattained target,GPSampler,,PRUNED
859,859,5.855062700011338,2026-04-14 14:47:08.349504,2026-04-14 14:47:13.239717,0 days 00:00:04.890213,64.37282789073505,70.36329192955195,25.107424244814837,-58.98338857293896,27.658145644984348,79.16020164035896,54.30043081055352,40.696379006307836,29.514213360062087,67.40792136497322,10.711328472006416,42.008152292039895,-47.421561518370254,23.855817847546305,44.300959612670354,39.481417795610824,40.11826265197046,14.784612790311531,Unattained target,GPSampler,"{'sLegPt.rL0': 23.855817847546305, 'sLegPt.lL0': 67.40792136497322, 'sLegPt.rL1': 44.300959612670354, 'sLegPt.lL1': 10.711328472006416, 'sLegPt.x1': 40.11826265197046, 'sLegPt.y1': 14.784612790311531, 'sLegPt.rA1': -47.421561518370254, 'sLegPt.rL2': 39.481417795610824, 'sLegPt.lL2': 42.008152292039895, 'lLegPt.rL0': 27.658145644984348, 'lLegPt.lL0': 64.37282789073505, 'lLegPt.rL1': 79.16020164035896, 'lLegPt.lL1': 70.36329192955195, 'lLegPt.x1': 40.696379006307836, 'lLegPt.y1': 29.514213360062087, 'lLegPt.rA1': -58.98338857293896, 'lLegPt.rL2': 54.30043081055352, 'lLegPt.lL2': 25.107424244814837}",PRUNED
860,860,5.855062544231572,2026-04-14 14:47:13.431293,2026-04-14 14:47:18.006813,0 days 00:00:04.575520,64.37282789073505,70.36329192955195,25.107424244814837,-58.98338857293896,27.658145644984348,79.16020164035896,54.30043081055352,40.696379006307836,29.514213360062087,67.40792136497322,10.711328472006416,42.008152292039895,-47.421561518370254,23.855817847546305,44.300959612670354,39.481417795610824,40.11826265197046,14.784612790311531,Unattained target,GPSampler,"{'sLegPt.rL0': 23.855817847546305, 'sLegPt.lL0': 67.40792136497322, 'sLegPt.rL1': 44.300959612670354, 'sLegPt.lL1': 10.711328472006416, 'sLegPt.x1': 40.11826265197046, 'sLegPt.y1': 14.784612790311531, 'sLegPt.rA1': -47.421561518370254, 'sLegPt.rL2': 39.481417795610824, 'sLegPt.lL2': 42.008152292039895, 'lLegPt.rL0': 27.658145644984348, 'lLegPt.lL0': 64.37282789073505, 'lLegPt.rL1': 79.16020164035896, 'lLegPt.lL1': 70.36329192955195, 'lLegPt.x1': 40.696379006307836, 'lLegPt.y1': 29.514213360062087, 'lLegPt.rA1': -58.98338857293896, 'lLegPt.rL2': 54.30043081055352, 'lLegPt.lL2': 25.107424244814837}",PRUNED
861,861,11.217183455870625,2026-04-14 14:47:18.208914,2026-04-14 14:47:22.330274,0 days 00:00:04.121360,27.186495805546997,45.19878229991607,96.87967873588227,-42.39744547249161,98.14632019415126,19.660451825872173,83.84401647065522,34.964096942814756,20.01157424806524,97.7120696705503,40.84012757150542,55.24413494690691,-65.9106806602883,40.40141683904719,58.412995641031024,35.75880578642998,37.19322070191799,29.752431268967644,Unattained target,GPSampler,,PRUNED
862,862,11.217184210897706,2026-04-14 14:47:22.497861,2026-04-14 14:47:26.175337,0 days 00:00:03.677476,27.186495805546997,45.19878229991607,96.87967873588227,-42.39744547249161,98.14632019415126,19.660451825872173,83.84401647065522,34.964096942814756,20.01157424806524,97.7120696705503,40.84012757150542,55.24413494690691,-65.9106806602883,40.40141683904719,58.412995641031024,35.75880578642998,37.19322070191799,29.752431268967644,Unattained target,GPSampler,"{'sLegPt.rL0': 40.40141683904719, 'sLegPt.lL0': 97.7120696705503, 'sLegPt.rL1': 58.412995641031024, 'sLegPt.lL1': 40.84012757150542, 'sLegPt.x1': 37.19322070191799, 'sLegPt.y1': 29.752431268967644, 'sLegPt.rA1': -65.9106806602883, 'sLegPt.rL2': 35.75880578642998, 'sLegPt.lL2': 55.24413494690691, 'lLegPt.rL0': 98.14632019415126, 'lLegPt.lL0': 27.186495805546997, 'lLegPt.rL1': 19.660451825872173, 'lLegPt.lL1': 45.19878229991607, 'lLegPt.x1': 34.964096942814756, 'lLegPt.y1': 20.01157424806524, 'lLegPt.rA1': -42.39744547249161, 'lLegPt.rL2': 83.84401647065522, 'lLegPt.lL2': 96.87967873588227}",PRUNED
863,863,11.217183859912382,2026-04-14 14:47:26.350350,2026-04-14 14:47:30.289782,0 days 00:00:03.939432,27.186495805546997,45.19878229991607,96.87967873588227,-42.39744547249161,98.14632019415126,19.660451825872173,83.84401647065522,34.964096942814756,20.01157424806524,97.7120696705503,40.84012757150542,55.24413494690691,-65.9106806602883,40.40141683904719,58.412995641031024,35.75880578642998,37.19322070191799,29.752431268967644,Unattained target,GPSampler,"{'sLegPt.rL0': 40.40141683904719, 'sLegPt.lL0': 97.7120696705503, 'sLegPt.rL1': 58.412995641031024, 'sLegPt.lL1': 40.84012757150542, 'sLegPt.x1': 37.19322070191799, 'sLegPt.y1': 29.752431268967644, 'sLegPt.rA1': -65.9106806602883, 'sLegPt.rL2': 35.75880578642998, 'sLegPt.lL2': 55.24413494690691, 'lLegPt.rL0': 98.14632019415126, 'lLegPt.lL0': 27.186495805546997, 'lLegPt.rL1': 19.660451825872173, 'lLegPt.lL1': 45.19878229991607, 'lLegPt.x1': 34.964096942814756, 'lLegPt.y1': 20.01157424806524, 'lLegPt.rA1': -42.39744547249161, 'lLegPt.rL2': 83.84401647065522, 'lLegPt.lL2': 96.87967873588227}",PRUNED
864,864,5.8611976003027735,2026-04-14 14:47:30.457204,2026-04-14 14:47:37.458323,0 days 00:00:07.001119,48.90881508047175,29.167098287889694,40.13766140462195,-36.10526370782585,44.692513024579966,33.676501638426515,44.06482126956008,42.01361725005402,13.514089826332542,94.72742305057906,84.58995082537668,91.01547004491792,-32.559765231086566,49.555479887676654,26.403281874285458,34.73017019272119,47.610687842517734,26.149597356201927,Unattained target,GPSampler,,PRUNED
865,865,5.861199162843796,2026-04-14 14:47:37.610649,2026-04-14 14:47:44.750868,0 days 00:00:07.140219,48.90881508047175,29.167098287889694,40.13766140462195,-36.10526370782585,44.692513024579966,33.676501638426515,44.06482126956008,42.01361725005402,13.514089826332542,94.72742305057906,84.58995082537668,91.01547004491792,-32.559765231086566,49.555479887676654,26.403281874285458,34.73017019272119,47.610687842517734,26.149597356201927,Unattained target,GPSampler,"{'sLegPt.rL0': 49.555479887676654, 'sLegPt.lL0': 94.72742305057906, 'sLegPt.rL1': 26.403281874285458, 'sLegPt.lL1': 84.58995082537668, 'sLegPt.x1': 47.610687842517734, 'sLegPt.y1': 26.149597356201927, 'sLegPt.rA1': -32.559765231086566, 'sLegPt.rL2': 34.73017019272119, 'sLegPt.lL2': 91.01547004491792, 'lLegPt.rL0': 44.692513024579966, 'lLegPt.lL0': 48.90881508047175, 'lLegPt.rL1': 33.676501638426515, 'lLegPt.lL1': 29.167098287889694, 'lLegPt.x1': 42.01361725005402, 'lLegPt.y1': 13.514089826332542, 'lLegPt.rA1': -36.10526370782585, 'lLegPt.rL2': 44.06482126956008, 'lLegPt.lL2': 40.13766140462195}",PRUNED
866,866,5.861197687220361,2026-04-14 14:47:44.927474,2026-04-14 14:47:51.349808,0 days 00:00:06.422334,48.90881508047175,29.167098287889694,40.13766140462195,-36.10526370782585,44.692513024579966,33.676501638426515,44.06482126956008,42.01361725005402,13.514089826332542,94.72742305057906,84.58995082537668,91.01547004491792,-32.559765231086566,49.555479887676654,26.403281874285458,34.73017019272119,47.610687842517734,26.149597356201927,Unattained target,GPSampler,"{'sLegPt.rL0': 49.555479887676654, 'sLegPt.lL0': 94.72742305057906, 'sLegPt.rL1': 26.403281874285458, 'sLegPt.lL1': 84.58995082537668, 'sLegPt.x1': 47.610687842517734, 'sLegPt.y1': 26.149597356201927, 'sLegPt.rA1': -32.559765231086566, 'sLegPt.rL2': 34.73017019272119, 'sLegPt.lL2': 91.01547004491792, 'lLegPt.rL0': 44.692513024579966, 'lLegPt.lL0': 48.90881508047175, 'lLegPt.rL1': 33.676501638426515, 'lLegPt.lL1': 29.167098287889694, 'lLegPt.x1': 42.01361725005402, 'lLegPt.y1': 13.514089826332542, 'lLegPt.rA1': -36.10526370782585, 'lLegPt.rL2': 44.06482126956008, 'lLegPt.lL2': 40.13766140462195}",PRUNED
867,867,5.454573703953315,2026-04-14 14:47:51.554278,2026-04-14 14:47:56.248354,0 days 00:00:04.694076,93.05143378928834,29.217894472511205,27.80343514855845,-59.03211855615537,36.052974019916945,75.95678120586173,58.63887566950155,44.348630616513105,15.574252099518235,58.07045551856278,62.35738479684464,24.696662751661975,-49.05719040756851,86.67781607973092,81.38592916126998,27.40185775960693,49.54825328663924,24.130862548058754,Unattained target,GPSampler,,PRUNED
