,number,value,datetime_start,datetime_complete,duration,params_lLegPt.lL0,params_lLegPt.lL1,params_lLegPt.lL2,params_lLegPt.rA1,params_lLegPt.rL0,params_lLegPt.rL1,params_lLegPt.rL2,params_lLegPt.x1,params_lLegPt.y1,params_sLegPt.lL0,params_sLegPt.lL1,params_sLegPt.lL2,params_sLegPt.rA1,params_sLegPt.rL0,params_sLegPt.rL1,params_sLegPt.rL2,params_sLegPt.x1,params_sLegPt.y1,user_attrs_prune,system_attrs_auto:sampler,system_attrs_fixed_params,state
218,218,5.670649475351354,2026-04-14 13:57:08.491878,2026-04-14 13:57:12.001689,0 days 00:00:03.509811,23.464967334324825,44.22522674747588,70.62165834375764,-45.362041845577956,58.10735392003682,98.9669765994636,49.41899472776379,45.421074401494124,11.120515687452441,75.03483382421116,35.73442727229852,48.9676003989976,-57.522922925158525,36.57024228725796,76.94132720423339,10.797545473786055,41.475266735247416,25.370881077970445,Unattained target,GPSampler,"{'sLegPt.rL0': 36.57024228725796, 'sLegPt.lL0': 75.03483382421116, 'sLegPt.rL1': 76.94132720423339, 'sLegPt.lL1': 35.73442727229852, 'sLegPt.x1': 41.475266735247416, 'sLegPt.y1': 25.370881077970445, 'sLegPt.rA1': -57.522922925158525, 'sLegPt.rL2': 10.797545473786055, 'sLegPt.lL2': 48.9676003989976, 'lLegPt.rL0': 58.10735392003682, 'lLegPt.lL0': 23.464967334324825, 'lLegPt.rL1': 98.9669765994636, 'lLegPt.lL1': 44.22522674747588, 'lLegPt.x1': 45.421074401494124, 'lLegPt.y1': 11.120515687452441, 'lLegPt.rA1': -45.362041845577956, 'lLegPt.rL2': 49.41899472776379, 'lLegPt.lL2': 70.62165834375764}",PRUNED
219,219,5.670649514791858,2026-04-14 13:57:12.151509,2026-04-14 13:57:15.611354,0 days 00:00:03.459845,23.464967334324825,44.22522674747588,70.62165834375764,-45.362041845577956,58.10735392003682,98.9669765994636,49.41899472776379,45.421074401494124,11.120515687452441,75.03483382421116,35.73442727229852,48.9676003989976,-57.522922925158525,36.57024228725796,76.94132720423339,10.797545473786055,41.475266735247416,25.370881077970445,Unattained target,GPSampler,"{'sLegPt.rL0': 36.57024228725796, 'sLegPt.lL0': 75.03483382421116, 'sLegPt.rL1': 76.94132720423339, 'sLegPt.lL1': 35.73442727229852, 'sLegPt.x1': 41.475266735247416, 'sLegPt.y1': 25.370881077970445, 'sLegPt.rA1': -57.522922925158525, 'sLegPt.rL2': 10.797545473786055, 'sLegPt.lL2': 48.9676003989976, 'lLegPt.rL0': 58.10735392003682, 'lLegPt.lL0': 23.464967334324825, 'lLegPt.rL1': 98.9669765994636, 'lLegPt.lL1': 44.22522674747588, 'lLegPt.x1': 45.421074401494124, 'lLegPt.y1': 11.120515687452441, 'lLegPt.rA1': -45.362041845577956, 'lLegPt.rL2': 49.41899472776379, 'lLegPt.lL2': 70.62165834375764}",PRUNED
220,220,5.607738806009596,2026-04-14 13:57:15.720019,2026-04-14 13:57:19.258105,0 days 00:00:03.538086,61.14472203470617,18.473992944827174,42.93925812207571,-57.107722051035545,96.33519715997392,24.916851260160797,51.56243994370585,47.31668396197762,24.428027512580748,50.26537496371403,93.34517017202549,67.20201365222277,-62.98384459827922,82.28093514312962,99.9780575170979,58.68253088068926,30.805298131322193,12.145825581128719,Unattained target,GPSampler,,PRUNED
221,221,5.607738845431459,2026-04-14 13:57:19.404371,2026-04-14 13:57:23.231927,0 days 00:00:03.827556,61.14472203470617,18.473992944827174,42.93925812207571,-57.107722051035545,96.33519715997392,24.916851260160797,51.56243994370585,47.31668396197762,24.428027512580748,50.26537496371403,93.34517017202549,67.20201365222277,-62.98384459827922,82.28093514312962,99.9780575170979,58.68253088068926,30.805298131322193,12.145825581128719,Unattained target,GPSampler,"{'sLegPt.rL0': 82.28093514312962, 'sLegPt.lL0': 50.26537496371403, 'sLegPt.rL1': 99.9780575170979, 'sLegPt.lL1': 93.34517017202549, 'sLegPt.x1': 30.805298131322193, 'sLegPt.y1': 12.145825581128719, 'sLegPt.rA1': -62.98384459827922, 'sLegPt.rL2': 58.68253088068926, 'sLegPt.lL2': 67.20201365222277, 'lLegPt.rL0': 96.33519715997392, 'lLegPt.lL0': 61.14472203470617, 'lLegPt.rL1': 24.916851260160797, 'lLegPt.lL1': 18.473992944827174, 'lLegPt.x1': 47.31668396197762, 'lLegPt.y1': 24.428027512580748, 'lLegPt.rA1': -57.107722051035545, 'lLegPt.rL2': 51.56243994370585, 'lLegPt.lL2': 42.93925812207571}",PRUNED
222,222,5.607738945324893,2026-04-14 13:57:23.377711,2026-04-14 13:57:26.965195,0 days 00:00:03.587484,61.14472203470617,18.473992944827174,42.93925812207571,-57.107722051035545,96.33519715997392,24.916851260160797,51.56243994370585,47.31668396197762,24.428027512580748,50.26537496371403,93.34517017202549,67.20201365222277,-62.98384459827922,82.28093514312962,99.9780575170979,58.68253088068926,30.805298131322193,12.145825581128719,Unattained target,GPSampler,"{'sLegPt.rL0': 82.28093514312962, 'sLegPt.lL0': 50.26537496371403, 'sLegPt.rL1': 99.9780575170979, 'sLegPt.lL1': 93.34517017202549, 'sLegPt.x1': 30.805298131322193, 'sLegPt.y1': 12.145825581128719, 'sLegPt.rA1': -62.98384459827922, 'sLegPt.rL2': 58.68253088068926, 'sLegPt.lL2': 67.20201365222277, 'lLegPt.rL0': 96.33519715997392, 'lLegPt.lL0': 61.14472203470617, 'lLegPt.rL1': 24.916851260160797, 'lLegPt.lL1': 18.473992944827174, 'lLegPt.x1': 47.31668396197762, 'lLegPt.y1': 24.428027512580748, 'lLegPt.rA1': -57.107722051035545, 'lLegPt.rL2': 51.56243994370585, 'lLegPt.lL2': 42.93925812207571}",PRUNED
223,223,9.884681032626212,2026-04-14 13:57:27.094314,2026-04-14 13:57:30.986943,0 days 00:00:03.892629,49.768236743906584,86.18391032710143,89.22809846105763,-74.69097729615935,52.736875282760074,58.32039122032726,78.84717665954027,47.69927001623936,14.19197101573089,40.366227959758234,35.792226411399824,77.20195154204593,-79.36726638805288,88.71752247469534,91.99358108875428,93.56843818131992,33.43008406046353,21.519258407317924,Unattained target,GPSampler,,PRUNED
224,224,9.884680218334154,2026-04-14 13:57:31.133347,2026-04-14 13:57:35.176916,0 days 00:00:04.043569,49.768236743906584,86.18391032710143,89.22809846105763,-74.69097729615935,52.736875282760074,58.32039122032726,78.84717665954027,47.69927001623936,14.19197101573089,40.366227959758234,35.792226411399824,77.20195154204593,-79.36726638805288,88.71752247469534,91.99358108875428,93.56843818131992,33.43008406046353,21.519258407317924,Unattained target,GPSampler,"{'sLegPt.rL0': 88.71752247469534, 'sLegPt.lL0': 40.366227959758234, 'sLegPt.rL1': 91.99358108875428, 'sLegPt.lL1': 35.792226411399824, 'sLegPt.x1': 33.43008406046353, 'sLegPt.y1': 21.519258407317924, 'sLegPt.rA1': -79.36726638805288, 'sLegPt.rL2': 93.56843818131992, 'sLegPt.lL2': 77.20195154204593, 'lLegPt.rL0': 52.736875282760074, 'lLegPt.lL0': 49.768236743906584, 'lLegPt.rL1': 58.32039122032726, 'lLegPt.lL1': 86.18391032710143, 'lLegPt.x1': 47.69927001623936, 'lLegPt.y1': 14.19197101573089, 'lLegPt.rA1': -74.69097729615935, 'lLegPt.rL2': 78.84717665954027, 'lLegPt.lL2': 89.22809846105763}",PRUNED
225,225,9.884677177595783,2026-04-14 13:57:35.314137,2026-04-14 13:57:38.529452,0 days 00:00:03.215315,49.768236743906584,86.18391032710143,89.22809846105763,-74.69097729615935,52.736875282760074,58.32039122032726,78.84717665954027,47.69927001623936,14.19197101573089,40.366227959758234,35.792226411399824,77.20195154204593,-79.36726638805288,88.71752247469534,91.99358108875428,93.56843818131992,33.43008406046353,21.519258407317924,Unattained target,GPSampler,"{'sLegPt.rL0': 88.71752247469534, 'sLegPt.lL0': 40.366227959758234, 'sLegPt.rL1': 91.99358108875428, 'sLegPt.lL1': 35.792226411399824, 'sLegPt.x1': 33.43008406046353, 'sLegPt.y1': 21.519258407317924, 'sLegPt.rA1': -79.36726638805288, 'sLegPt.rL2': 93.56843818131992, 'sLegPt.lL2': 77.20195154204593, 'lLegPt.rL0': 52.736875282760074, 'lLegPt.lL0': 49.768236743906584, 'lLegPt.rL1': 58.32039122032726, 'lLegPt.lL1': 86.18391032710143, 'lLegPt.x1': 47.69927001623936, 'lLegPt.y1': 14.19197101573089, 'lLegPt.rA1': -74.69097729615935, 'lLegPt.rL2': 78.84717665954027, 'lLegPt.lL2': 89.22809846105763}",PRUNED
226,226,5.330175635354756,2026-04-14 13:57:38.667890,2026-04-14 13:57:42.211382,0 days 00:00:03.543492,14.779939497761521,78.78811895692573,68.5709627325951,-49.00467301113984,64.01870731497726,15.253838602605938,61.64825502230726,44.8319620210262,27.78761849362207,81.03679481742104,54.68111695128001,93.91142646225089,-58.86082465105235,64.65020982317048,36.65031794671806,48.90732432198208,46.54451969644252,14.60559387397745,Unattained target,GPSampler,,PRUNED
227,227,5.3301752167292875,2026-04-14 13:57:42.352804,2026-04-14 13:57:45.960006,0 days 00:00:03.607202,14.779939497761521,78.78811895692573,68.5709627325951,-49.00467301113984,64.01870731497726,15.253838602605938,61.64825502230726,44.8319620210262,27.78761849362207,81.03679481742104,54.68111695128001,93.91142646225089,-58.86082465105235,64.65020982317048,36.65031794671806,48.90732432198208,46.54451969644252,14.60559387397745,Unattained target,GPSampler,"{'sLegPt.rL0': 64.65020982317048, 'sLegPt.lL0': 81.03679481742104, 'sLegPt.rL1': 36.65031794671806, 'sLegPt.lL1': 54.68111695128001, 'sLegPt.x1': 46.54451969644252, 'sLegPt.y1': 14.60559387397745, 'sLegPt.rA1': -58.86082465105235, 'sLegPt.rL2': 48.90732432198208, 'sLegPt.lL2': 93.91142646225089, 'lLegPt.rL0': 64.01870731497726, 'lLegPt.lL0': 14.779939497761521, 'lLegPt.rL1': 15.253838602605938, 'lLegPt.lL1': 78.78811895692573, 'lLegPt.x1': 44.8319620210262, 'lLegPt.y1': 27.78761849362207, 'lLegPt.rA1': -49.00467301113984, 'lLegPt.rL2': 61.64825502230726, 'lLegPt.lL2': 68.5709627325951}",PRUNED
228,228,5.330176263008248,2026-04-14 13:57:46.093579,2026-04-14 13:57:49.802408,0 days 00:00:03.708829,14.779939497761521,78.78811895692573,68.5709627325951,-49.00467301113984,64.01870731497726,15.253838602605938,61.64825502230726,44.8319620210262,27.78761849362207,81.03679481742104,54.68111695128001,93.91142646225089,-58.86082465105235,64.65020982317048,36.65031794671806,48.90732432198208,46.54451969644252,14.60559387397745,Unattained target,GPSampler,"{'sLegPt.rL0': 64.65020982317048, 'sLegPt.lL0': 81.03679481742104, 'sLegPt.rL1': 36.65031794671806, 'sLegPt.lL1': 54.68111695128001, 'sLegPt.x1': 46.54451969644252, 'sLegPt.y1': 14.60559387397745, 'sLegPt.rA1': -58.86082465105235, 'sLegPt.rL2': 48.90732432198208, 'sLegPt.lL2': 93.91142646225089, 'lLegPt.rL0': 64.01870731497726, 'lLegPt.lL0': 14.779939497761521, 'lLegPt.rL1': 15.253838602605938, 'lLegPt.lL1': 78.78811895692573, 'lLegPt.x1': 44.8319620210262, 'lLegPt.y1': 27.78761849362207, 'lLegPt.rA1': -49.00467301113984, 'lLegPt.rL2': 61.64825502230726, 'lLegPt.lL2': 68.5709627325951}",PRUNED
229,229,9.198013019031542,2026-04-14 13:57:49.944334,2026-04-14 13:57:53.341456,0 days 00:00:03.397122,60.56839425059522,41.16419799062952,84.8679530909072,-65.63888685256502,44.43617974829726,20.07092639573027,44.81052599816415,34.04631917529854,20.87028255216451,50.261102834550115,11.291611183430849,72.82858496198534,-76.43477283920835,73.86931444887401,62.15933840553743,86.10654919105932,49.27195943206069,23.645788918909876,Unattained target,GPSampler,,PRUNED
230,230,9.198012861072797,2026-04-14 13:57:53.488450,2026-04-14 13:57:57.450947,0 days 00:00:03.962497,60.56839425059522,41.16419799062952,84.8679530909072,-65.63888685256502,44.43617974829726,20.07092639573027,44.81052599816415,34.04631917529854,20.87028255216451,50.261102834550115,11.291611183430849,72.82858496198534,-76.43477283920835,73.86931444887401,62.15933840553743,86.10654919105932,49.27195943206069,23.645788918909876,Unattained target,GPSampler,"{'sLegPt.rL0': 73.86931444887401, 'sLegPt.lL0': 50.261102834550115, 'sLegPt.rL1': 62.15933840553743, 'sLegPt.lL1': 11.291611183430849, 'sLegPt.x1': 49.27195943206069, 'sLegPt.y1': 23.645788918909876, 'sLegPt.rA1': -76.43477283920835, 'sLegPt.rL2': 86.10654919105932, 'sLegPt.lL2': 72.82858496198534, 'lLegPt.rL0': 44.43617974829726, 'lLegPt.lL0': 60.56839425059522, 'lLegPt.rL1': 20.07092639573027, 'lLegPt.lL1': 41.16419799062952, 'lLegPt.x1': 34.04631917529854, 'lLegPt.y1': 20.87028255216451, 'lLegPt.rA1': -65.63888685256502, 'lLegPt.rL2': 44.81052599816415, 'lLegPt.lL2': 84.8679530909072}",PRUNED
231,231,9.198013093306535,2026-04-14 13:57:57.611944,2026-04-14 13:58:01.207913,0 days 00:00:03.595969,60.56839425059522,41.16419799062952,84.8679530909072,-65.63888685256502,44.43617974829726,20.07092639573027,44.81052599816415,34.04631917529854,20.87028255216451,50.261102834550115,11.291611183430849,72.82858496198534,-76.43477283920835,73.86931444887401,62.15933840553743,86.10654919105932,49.27195943206069,23.645788918909876,Unattained target,GPSampler,"{'sLegPt.rL0': 73.86931444887401, 'sLegPt.lL0': 50.261102834550115, 'sLegPt.rL1': 62.15933840553743, 'sLegPt.lL1': 11.291611183430849, 'sLegPt.x1': 49.27195943206069, 'sLegPt.y1': 23.645788918909876, 'sLegPt.rA1': -76.43477283920835, 'sLegPt.rL2': 86.10654919105932, 'sLegPt.lL2': 72.82858496198534, 'lLegPt.rL0': 44.43617974829726, 'lLegPt.lL0': 60.56839425059522, 'lLegPt.rL1': 20.07092639573027, 'lLegPt.lL1': 41.16419799062952, 'lLegPt.x1': 34.04631917529854, 'lLegPt.y1': 20.87028255216451, 'lLegPt.rA1': -65.63888685256502, 'lLegPt.rL2': 44.81052599816415, 'lLegPt.lL2': 84.8679530909072}",PRUNED
232,232,7.139263834645966,2026-04-14 13:58:01.360677,2026-04-14 13:58:04.894979,0 days 00:00:03.534302,72.83580643486536,64.70785958051229,40.83886395570279,-42.013213562624514,95.32673013462224,19.73433610961329,32.733629897734204,45.03410587114192,23.95839438292444,77.26345336871061,10.334073004671998,74.15948326329278,-77.01677695284057,29.980438784247475,59.85737155539587,70.92966936372403,39.626702659065515,14.379631452521826,Unattained target,GPSampler,,PRUNED
233,233,7.139263828258574,2026-04-14 13:58:05.048354,2026-04-14 13:58:08.380686,0 days 00:00:03.332332,72.83580643486536,64.70785958051229,40.83886395570279,-42.013213562624514,95.32673013462224,19.73433610961329,32.733629897734204,45.03410587114192,23.95839438292444,77.26345336871061,10.334073004671998,74.15948326329278,-77.01677695284057,29.980438784247475,59.85737155539587,70.92966936372403,39.626702659065515,14.379631452521826,Unattained target,GPSampler,"{'sLegPt.rL0': 29.980438784247475, 'sLegPt.lL0': 77.26345336871061, 'sLegPt.rL1': 59.85737155539587, 'sLegPt.lL1': 10.334073004671998, 'sLegPt.x1': 39.626702659065515, 'sLegPt.y1': 14.379631452521826, 'sLegPt.rA1': -77.01677695284057, 'sLegPt.rL2': 70.92966936372403, 'sLegPt.lL2': 74.15948326329278, 'lLegPt.rL0': 95.32673013462224, 'lLegPt.lL0': 72.83580643486536, 'lLegPt.rL1': 19.73433610961329, 'lLegPt.lL1': 64.70785958051229, 'lLegPt.x1': 45.03410587114192, 'lLegPt.y1': 23.95839438292444, 'lLegPt.rA1': -42.013213562624514, 'lLegPt.rL2': 32.733629897734204, 'lLegPt.lL2': 40.83886395570279}",PRUNED
234,234,7.1392638873261625,2026-04-14 13:58:08.540276,2026-04-14 13:58:11.717570,0 days 00:00:03.177294,72.83580643486536,64.70785958051229,40.83886395570279,-42.013213562624514,95.32673013462224,19.73433610961329,32.733629897734204,45.03410587114192,23.95839438292444,77.26345336871061,10.334073004671998,74.15948326329278,-77.01677695284057,29.980438784247475,59.85737155539587,70.92966936372403,39.626702659065515,14.379631452521826,Unattained target,GPSampler,"{'sLegPt.rL0': 29.980438784247475, 'sLegPt.lL0': 77.26345336871061, 'sLegPt.rL1': 59.85737155539587, 'sLegPt.lL1': 10.334073004671998, 'sLegPt.x1': 39.626702659065515, 'sLegPt.y1': 14.379631452521826, 'sLegPt.rA1': -77.01677695284057, 'sLegPt.rL2': 70.92966936372403, 'sLegPt.lL2': 74.15948326329278, 'lLegPt.rL0': 95.32673013462224, 'lLegPt.lL0': 72.83580643486536, 'lLegPt.rL1': 19.73433610961329, 'lLegPt.lL1': 64.70785958051229, 'lLegPt.x1': 45.03410587114192, 'lLegPt.y1': 23.95839438292444, 'lLegPt.rA1': -42.013213562624514, 'lLegPt.rL2': 32.733629897734204, 'lLegPt.lL2': 40.83886395570279}",PRUNED
235,235,5.555114953975298,2026-04-14 13:58:11.861732,2026-04-14 13:58:15.499236,0 days 00:00:03.637504,15.080948747353947,23.67603619129219,17.782886746659134,-73.89452159576918,90.67219469367731,33.05459763641012,26.004090300386178,46.71447134906889,26.311789660212327,49.746895449255405,54.78713378363836,69.51670555869315,-35.66654249489846,87.7088037748775,58.41025336457478,61.64033520393359,49.9954601887604,15.018088714612578,Unattained target,GPSampler,,PRUNED
236,236,5.555114986841463,2026-04-14 13:58:15.635426,2026-04-14 13:58:19.208331,0 days 00:00:03.572905,15.080948747353947,23.67603619129219,17.782886746659134,-73.89452159576918,90.67219469367731,33.05459763641012,26.004090300386178,46.71447134906889,26.311789660212327,49.746895449255405,54.78713378363836,69.51670555869315,-35.66654249489846,87.7088037748775,58.41025336457478,61.64033520393359,49.9954601887604,15.018088714612578,Unattained target,GPSampler,"{'sLegPt.rL0': 87.7088037748775, 'sLegPt.lL0': 49.746895449255405, 'sLegPt.rL1': 58.41025336457478, 'sLegPt.lL1': 54.78713378363836, 'sLegPt.x1': 49.9954601887604, 'sLegPt.y1': 15.018088714612578, 'sLegPt.rA1': -35.66654249489846, 'sLegPt.rL2': 61.64033520393359, 'sLegPt.lL2': 69.51670555869315, 'lLegPt.rL0': 90.67219469367731, 'lLegPt.lL0': 15.080948747353947, 'lLegPt.rL1': 33.05459763641012, 'lLegPt.lL1': 23.67603619129219, 'lLegPt.x1': 46.71447134906889, 'lLegPt.y1': 26.311789660212327, 'lLegPt.rA1': -73.89452159576918, 'lLegPt.rL2': 26.004090300386178, 'lLegPt.lL2': 17.782886746659134}",PRUNED
237,237,5.555115056701688,2026-04-14 13:58:19.352350,2026-04-14 13:58:22.986974,0 days 00:00:03.634624,15.080948747353947,23.67603619129219,17.782886746659134,-73.89452159576918,90.67219469367731,33.05459763641012,26.004090300386178,46.71447134906889,26.311789660212327,49.746895449255405,54.78713378363836,69.51670555869315,-35.66654249489846,87.7088037748775,58.41025336457478,61.64033520393359,49.9954601887604,15.018088714612578,Unattained target,GPSampler,"{'sLegPt.rL0': 87.7088037748775, 'sLegPt.lL0': 49.746895449255405, 'sLegPt.rL1': 58.41025336457478, 'sLegPt.lL1': 54.78713378363836, 'sLegPt.x1': 49.9954601887604, 'sLegPt.y1': 15.018088714612578, 'sLegPt.rA1': -35.66654249489846, 'sLegPt.rL2': 61.64033520393359, 'sLegPt.lL2': 69.51670555869315, 'lLegPt.rL0': 90.67219469367731, 'lLegPt.lL0': 15.080948747353947, 'lLegPt.rL1': 33.05459763641012, 'lLegPt.lL1': 23.67603619129219, 'lLegPt.x1': 46.71447134906889, 'lLegPt.y1': 26.311789660212327, 'lLegPt.rA1': -73.89452159576918, 'lLegPt.rL2': 26.004090300386178, 'lLegPt.lL2': 17.782886746659134}",PRUNED
238,238,5.3211096578492985,2026-04-14 13:58:23.132075,2026-04-14 13:58:29.388159,0 days 00:00:06.256084,64.56077580306577,22.560524439451974,26.108832990103135,-63.40122162151546,53.72576872462235,13.450027470166592,57.1665875536519,43.48211974293221,19.438336952335156,58.87079816022622,99.03762761340009,65.65854844164315,-53.12043475268044,75.04648581934669,51.63779134513359,65.81230924902758,46.139235313992934,11.298004185064276,Unattained target,GPSampler,,PRUNED
239,239,5.3200756513593035,2026-04-14 13:58:29.543621,2026-04-14 13:58:35.663263,0 days 00:00:06.119642,64.56077580306577,22.560524439451974,26.108832990103135,-63.40122162151546,53.72576872462235,13.450027470166592,57.1665875536519,43.48211974293221,19.438336952335156,58.87079816022622,99.03762761340009,65.65854844164315,-53.12043475268044,75.04648581934669,51.63779134513359,65.81230924902758,46.139235313992934,11.298004185064276,Unattained target,GPSampler,"{'sLegPt.rL0': 75.04648581934669, 'sLegPt.lL0': 58.87079816022622, 'sLegPt.rL1': 51.63779134513359, 'sLegPt.lL1': 99.03762761340009, 'sLegPt.x1': 46.139235313992934, 'sLegPt.y1': 11.298004185064276, 'sLegPt.rA1': -53.12043475268044, 'sLegPt.rL2': 65.81230924902758, 'sLegPt.lL2': 65.65854844164315, 'lLegPt.rL0': 53.72576872462235, 'lLegPt.lL0': 64.56077580306577, 'lLegPt.rL1': 13.450027470166592, 'lLegPt.lL1': 22.560524439451974, 'lLegPt.x1': 43.48211974293221, 'lLegPt.y1': 19.438336952335156, 'lLegPt.rA1': -63.40122162151546, 'lLegPt.rL2': 57.1665875536519, 'lLegPt.lL2': 26.108832990103135}",PRUNED
240,240,5.321178469182378,2026-04-14 13:58:35.789589,2026-04-14 13:58:41.712206,0 days 00:00:05.922617,64.56077580306577,22.560524439451974,26.108832990103135,-63.40122162151546,53.72576872462235,13.450027470166592,57.1665875536519,43.48211974293221,19.438336952335156,58.87079816022622,99.03762761340009,65.65854844164315,-53.12043475268044,75.04648581934669,51.63779134513359,65.81230924902758,46.139235313992934,11.298004185064276,Unattained target,GPSampler,"{'sLegPt.rL0': 75.04648581934669, 'sLegPt.lL0': 58.87079816022622, 'sLegPt.rL1': 51.63779134513359, 'sLegPt.lL1': 99.03762761340009, 'sLegPt.x1': 46.139235313992934, 'sLegPt.y1': 11.298004185064276, 'sLegPt.rA1': -53.12043475268044, 'sLegPt.rL2': 65.81230924902758, 'sLegPt.lL2': 65.65854844164315, 'lLegPt.rL0': 53.72576872462235, 'lLegPt.lL0': 64.56077580306577, 'lLegPt.rL1': 13.450027470166592, 'lLegPt.lL1': 22.560524439451974, 'lLegPt.x1': 43.48211974293221, 'lLegPt.y1': 19.438336952335156, 'lLegPt.rA1': -63.40122162151546, 'lLegPt.rL2': 57.1665875536519, 'lLegPt.lL2': 26.108832990103135}",PRUNED
241,241,5.49277130737417,2026-04-14 13:58:41.861501,2026-04-14 13:58:46.772524,0 days 00:00:04.911023,85.56959239288769,42.34429773923159,57.805726486432775,-73.51780330561137,13.392417582338178,18.99012256110563,63.13244635545503,40.35569523443755,13.890372960484287,80.66832159106445,59.56387560785388,62.42476323915546,-36.978546729178596,10.00534515496768,71.66149458116581,54.25466497356156,31.38607658723791,20.74097676615064,Unattained target,GPSampler,,PRUNED
