,number,value,datetime_start,datetime_complete,duration,params_lLegPt.lL0,params_lLegPt.lL1,params_lLegPt.lL2,params_lLegPt.rA1,params_lLegPt.rL0,params_lLegPt.rL1,params_lLegPt.rL2,params_lLegPt.x1,params_lLegPt.y1,params_sLegPt.lL0,params_sLegPt.lL1,params_sLegPt.lL2,params_sLegPt.rA1,params_sLegPt.rL0,params_sLegPt.rL1,params_sLegPt.rL2,params_sLegPt.x1,params_sLegPt.y1,user_attrs_prune,system_attrs_auto:sampler,system_attrs_fixed_params,state
916,916,6.946202915383637,2026-04-14 14:51:24.252032,2026-04-14 14:51:28.000765,0 days 00:00:03.748733,74.28834432133038,80.76432316847956,75.16557252764531,-21.627613513669438,62.58475201974502,60.006855566092575,63.42550588222356,40.14839873650915,26.82444029023088,22.549586127858845,23.69684450813487,77.10517295019969,-43.10888920544753,74.46816713057035,36.514837810615404,89.51311664444279,44.339555403882976,18.462423332949257,Unattained target,GPSampler,"{'sLegPt.rL0': 74.46816713057035, 'sLegPt.lL0': 22.549586127858845, 'sLegPt.rL1': 36.514837810615404, 'sLegPt.lL1': 23.69684450813487, 'sLegPt.x1': 44.339555403882976, 'sLegPt.y1': 18.462423332949257, 'sLegPt.rA1': -43.10888920544753, 'sLegPt.rL2': 89.51311664444279, 'sLegPt.lL2': 77.10517295019969, 'lLegPt.rL0': 62.58475201974502, 'lLegPt.lL0': 74.28834432133038, 'lLegPt.rL1': 60.006855566092575, 'lLegPt.lL1': 80.76432316847956, 'lLegPt.x1': 40.14839873650915, 'lLegPt.y1': 26.82444029023088, 'lLegPt.rA1': -21.627613513669438, 'lLegPt.rL2': 63.42550588222356, 'lLegPt.lL2': 75.16557252764531}",PRUNED
917,917,6.946204161676022,2026-04-14 14:51:28.192510,2026-04-14 14:51:32.127892,0 days 00:00:03.935382,74.28834432133038,80.76432316847956,75.16557252764531,-21.627613513669438,62.58475201974502,60.006855566092575,63.42550588222356,40.14839873650915,26.82444029023088,22.549586127858845,23.69684450813487,77.10517295019969,-43.10888920544753,74.46816713057035,36.514837810615404,89.51311664444279,44.339555403882976,18.462423332949257,Unattained target,GPSampler,"{'sLegPt.rL0': 74.46816713057035, 'sLegPt.lL0': 22.549586127858845, 'sLegPt.rL1': 36.514837810615404, 'sLegPt.lL1': 23.69684450813487, 'sLegPt.x1': 44.339555403882976, 'sLegPt.y1': 18.462423332949257, 'sLegPt.rA1': -43.10888920544753, 'sLegPt.rL2': 89.51311664444279, 'sLegPt.lL2': 77.10517295019969, 'lLegPt.rL0': 62.58475201974502, 'lLegPt.lL0': 74.28834432133038, 'lLegPt.rL1': 60.006855566092575, 'lLegPt.lL1': 80.76432316847956, 'lLegPt.x1': 40.14839873650915, 'lLegPt.y1': 26.82444029023088, 'lLegPt.rA1': -21.627613513669438, 'lLegPt.rL2': 63.42550588222356, 'lLegPt.lL2': 75.16557252764531}",PRUNED
918,918,24.265537592564776,2026-04-14 14:51:32.296503,2026-04-14 14:51:36.111952,0 days 00:00:03.815449,51.151042191681306,39.984547559328895,86.47495133522106,-54.262514408219225,40.83498005979855,45.21567857275065,15.638368453586516,41.44379110741404,28.1963395727053,37.024232553991055,86.23910487627654,35.862511550077215,-64.48277035017306,61.76903581185223,64.77297392742739,49.34132947023663,31.99212381239176,25.345577948251226,Unattained target,GPSampler,,PRUNED
919,919,24.265537554993905,2026-04-14 14:51:36.300980,2026-04-14 14:51:40.147398,0 days 00:00:03.846418,51.151042191681306,39.984547559328895,86.47495133522106,-54.262514408219225,40.83498005979855,45.21567857275065,15.638368453586516,41.44379110741404,28.1963395727053,37.024232553991055,86.23910487627654,35.862511550077215,-64.48277035017306,61.76903581185223,64.77297392742739,49.34132947023663,31.99212381239176,25.345577948251226,Unattained target,GPSampler,"{'sLegPt.rL0': 61.76903581185223, 'sLegPt.lL0': 37.024232553991055, 'sLegPt.rL1': 64.77297392742739, 'sLegPt.lL1': 86.23910487627654, 'sLegPt.x1': 31.99212381239176, 'sLegPt.y1': 25.345577948251226, 'sLegPt.rA1': -64.48277035017306, 'sLegPt.rL2': 49.34132947023663, 'sLegPt.lL2': 35.862511550077215, 'lLegPt.rL0': 40.83498005979855, 'lLegPt.lL0': 51.151042191681306, 'lLegPt.rL1': 45.21567857275065, 'lLegPt.lL1': 39.984547559328895, 'lLegPt.x1': 41.44379110741404, 'lLegPt.y1': 28.1963395727053, 'lLegPt.rA1': -54.262514408219225, 'lLegPt.rL2': 15.638368453586516, 'lLegPt.lL2': 86.47495133522106}",PRUNED
920,920,24.26553767007733,2026-04-14 14:51:40.349210,2026-04-14 14:51:44.777027,0 days 00:00:04.427817,51.151042191681306,39.984547559328895,86.47495133522106,-54.262514408219225,40.83498005979855,45.21567857275065,15.638368453586516,41.44379110741404,28.1963395727053,37.024232553991055,86.23910487627654,35.862511550077215,-64.48277035017306,61.76903581185223,64.77297392742739,49.34132947023663,31.99212381239176,25.345577948251226,Unattained target,GPSampler,"{'sLegPt.rL0': 61.76903581185223, 'sLegPt.lL0': 37.024232553991055, 'sLegPt.rL1': 64.77297392742739, 'sLegPt.lL1': 86.23910487627654, 'sLegPt.x1': 31.99212381239176, 'sLegPt.y1': 25.345577948251226, 'sLegPt.rA1': -64.48277035017306, 'sLegPt.rL2': 49.34132947023663, 'sLegPt.lL2': 35.862511550077215, 'lLegPt.rL0': 40.83498005979855, 'lLegPt.lL0': 51.151042191681306, 'lLegPt.rL1': 45.21567857275065, 'lLegPt.lL1': 39.984547559328895, 'lLegPt.x1': 41.44379110741404, 'lLegPt.y1': 28.1963395727053, 'lLegPt.rA1': -54.262514408219225, 'lLegPt.rL2': 15.638368453586516, 'lLegPt.lL2': 86.47495133522106}",PRUNED
921,921,10.344145541002106,2026-04-14 14:51:44.964463,2026-04-14 14:51:48.643864,0 days 00:00:03.679401,33.06212420627313,84.6225517040845,85.37664468250259,-76.54914610646283,53.25740016627197,66.15445399870944,45.36043143204374,33.47982616589911,25.59590852287593,26.89226676925285,54.01652389854335,35.083441635431754,-32.534824053833525,58.94925759011713,14.672491123425539,97.23402514519756,30.635156512514307,18.513338660667145,Unattained target,GPSampler,,PRUNED
922,922,10.344145688754963,2026-04-14 14:51:48.814803,2026-04-14 14:51:52.750636,0 days 00:00:03.935833,33.06212420627313,84.6225517040845,85.37664468250259,-76.54914610646283,53.25740016627197,66.15445399870944,45.36043143204374,33.47982616589911,25.59590852287593,26.89226676925285,54.01652389854335,35.083441635431754,-32.534824053833525,58.94925759011713,14.672491123425539,97.23402514519756,30.635156512514307,18.513338660667145,Unattained target,GPSampler,"{'sLegPt.rL0': 58.94925759011713, 'sLegPt.lL0': 26.89226676925285, 'sLegPt.rL1': 14.672491123425539, 'sLegPt.lL1': 54.01652389854335, 'sLegPt.x1': 30.635156512514307, 'sLegPt.y1': 18.513338660667145, 'sLegPt.rA1': -32.534824053833525, 'sLegPt.rL2': 97.23402514519756, 'sLegPt.lL2': 35.083441635431754, 'lLegPt.rL0': 53.25740016627197, 'lLegPt.lL0': 33.06212420627313, 'lLegPt.rL1': 66.15445399870944, 'lLegPt.lL1': 84.6225517040845, 'lLegPt.x1': 33.47982616589911, 'lLegPt.y1': 25.59590852287593, 'lLegPt.rA1': -76.54914610646283, 'lLegPt.rL2': 45.36043143204374, 'lLegPt.lL2': 85.37664468250259}",PRUNED
923,923,10.344145651104569,2026-04-14 14:51:52.925304,2026-04-14 14:51:56.866933,0 days 00:00:03.941629,33.06212420627313,84.6225517040845,85.37664468250259,-76.54914610646283,53.25740016627197,66.15445399870944,45.36043143204374,33.47982616589911,25.59590852287593,26.89226676925285,54.01652389854335,35.083441635431754,-32.534824053833525,58.94925759011713,14.672491123425539,97.23402514519756,30.635156512514307,18.513338660667145,Unattained target,GPSampler,"{'sLegPt.rL0': 58.94925759011713, 'sLegPt.lL0': 26.89226676925285, 'sLegPt.rL1': 14.672491123425539, 'sLegPt.lL1': 54.01652389854335, 'sLegPt.x1': 30.635156512514307, 'sLegPt.y1': 18.513338660667145, 'sLegPt.rA1': -32.534824053833525, 'sLegPt.rL2': 97.23402514519756, 'sLegPt.lL2': 35.083441635431754, 'lLegPt.rL0': 53.25740016627197, 'lLegPt.lL0': 33.06212420627313, 'lLegPt.rL1': 66.15445399870944, 'lLegPt.lL1': 84.6225517040845, 'lLegPt.x1': 33.47982616589911, 'lLegPt.y1': 25.59590852287593, 'lLegPt.rA1': -76.54914610646283, 'lLegPt.rL2': 45.36043143204374, 'lLegPt.lL2': 85.37664468250259}",PRUNED
924,924,9.411955572670252,2026-04-14 14:51:57.098967,2026-04-14 14:52:01.217760,0 days 00:00:04.118793,23.269274644687428,70.854620247247,76.10022157109368,-67.55508812178358,24.30796608278998,35.006451544922704,80.24986868620088,42.582373364036386,18.82237226197357,53.53954626718553,48.50244072690572,72.18045823118382,-31.473328284519354,35.608383788989244,10.81633213681629,19.304454033839114,31.11060487190038,19.898376682913337,Unattained target,GPSampler,,PRUNED
925,925,9.411955638783922,2026-04-14 14:52:01.401673,2026-04-14 14:52:04.974617,0 days 00:00:03.572944,23.269274644687428,70.854620247247,76.10022157109368,-67.55508812178358,24.30796608278998,35.006451544922704,80.24986868620088,42.582373364036386,18.82237226197357,53.53954626718553,48.50244072690572,72.18045823118382,-31.473328284519354,35.608383788989244,10.81633213681629,19.304454033839114,31.11060487190038,19.898376682913337,Unattained target,GPSampler,"{'sLegPt.rL0': 35.608383788989244, 'sLegPt.lL0': 53.53954626718553, 'sLegPt.rL1': 10.81633213681629, 'sLegPt.lL1': 48.50244072690572, 'sLegPt.x1': 31.11060487190038, 'sLegPt.y1': 19.898376682913337, 'sLegPt.rA1': -31.473328284519354, 'sLegPt.rL2': 19.304454033839114, 'sLegPt.lL2': 72.18045823118382, 'lLegPt.rL0': 24.30796608278998, 'lLegPt.lL0': 23.269274644687428, 'lLegPt.rL1': 35.006451544922704, 'lLegPt.lL1': 70.854620247247, 'lLegPt.x1': 42.582373364036386, 'lLegPt.y1': 18.82237226197357, 'lLegPt.rA1': -67.55508812178358, 'lLegPt.rL2': 80.24986868620088, 'lLegPt.lL2': 76.10022157109368}",PRUNED
926,926,9.4119555020484,2026-04-14 14:52:05.146574,2026-04-14 14:52:08.795623,0 days 00:00:03.649049,23.269274644687428,70.854620247247,76.10022157109368,-67.55508812178358,24.30796608278998,35.006451544922704,80.24986868620088,42.582373364036386,18.82237226197357,53.53954626718553,48.50244072690572,72.18045823118382,-31.473328284519354,35.608383788989244,10.81633213681629,19.304454033839114,31.11060487190038,19.898376682913337,Unattained target,GPSampler,"{'sLegPt.rL0': 35.608383788989244, 'sLegPt.lL0': 53.53954626718553, 'sLegPt.rL1': 10.81633213681629, 'sLegPt.lL1': 48.50244072690572, 'sLegPt.x1': 31.11060487190038, 'sLegPt.y1': 19.898376682913337, 'sLegPt.rA1': -31.473328284519354, 'sLegPt.rL2': 19.304454033839114, 'sLegPt.lL2': 72.18045823118382, 'lLegPt.rL0': 24.30796608278998, 'lLegPt.lL0': 23.269274644687428, 'lLegPt.rL1': 35.006451544922704, 'lLegPt.lL1': 70.854620247247, 'lLegPt.x1': 42.582373364036386, 'lLegPt.y1': 18.82237226197357, 'lLegPt.rA1': -67.55508812178358, 'lLegPt.rL2': 80.24986868620088, 'lLegPt.lL2': 76.10022157109368}",PRUNED
927,927,23.44855028795093,2026-04-14 14:52:08.975510,2026-04-14 14:52:12.865972,0 days 00:00:03.890462,96.87502788924435,21.65561492489457,85.35649746327073,-50.766968504053935,57.53030981143817,82.99588846335894,26.358202930486314,30.91026470196399,18.62605659831053,57.31207605845171,72.14081209639541,56.14282545438188,-28.957534993897873,79.79269707899313,15.056681741566958,10.944139283592099,47.226993433306205,25.998829277538004,Unattained target,GPSampler,,PRUNED
928,928,23.448549666623357,2026-04-14 14:52:13.038658,2026-04-14 14:52:16.807968,0 days 00:00:03.769310,96.87502788924435,21.65561492489457,85.35649746327073,-50.766968504053935,57.53030981143817,82.99588846335894,26.358202930486314,30.91026470196399,18.62605659831053,57.31207605845171,72.14081209639541,56.14282545438188,-28.957534993897873,79.79269707899313,15.056681741566958,10.944139283592099,47.226993433306205,25.998829277538004,Unattained target,GPSampler,"{'sLegPt.rL0': 79.79269707899313, 'sLegPt.lL0': 57.31207605845171, 'sLegPt.rL1': 15.056681741566958, 'sLegPt.lL1': 72.14081209639541, 'sLegPt.x1': 47.226993433306205, 'sLegPt.y1': 25.998829277538004, 'sLegPt.rA1': -28.957534993897873, 'sLegPt.rL2': 10.944139283592099, 'sLegPt.lL2': 56.14282545438188, 'lLegPt.rL0': 57.53030981143817, 'lLegPt.lL0': 96.87502788924435, 'lLegPt.rL1': 82.99588846335894, 'lLegPt.lL1': 21.65561492489457, 'lLegPt.x1': 30.91026470196399, 'lLegPt.y1': 18.62605659831053, 'lLegPt.rA1': -50.766968504053935, 'lLegPt.rL2': 26.358202930486314, 'lLegPt.lL2': 85.35649746327073}",PRUNED
929,929,23.448549804933265,2026-04-14 14:52:16.995322,2026-04-14 14:52:20.636129,0 days 00:00:03.640807,96.87502788924435,21.65561492489457,85.35649746327073,-50.766968504053935,57.53030981143817,82.99588846335894,26.358202930486314,30.91026470196399,18.62605659831053,57.31207605845171,72.14081209639541,56.14282545438188,-28.957534993897873,79.79269707899313,15.056681741566958,10.944139283592099,47.226993433306205,25.998829277538004,Unattained target,GPSampler,"{'sLegPt.rL0': 79.79269707899313, 'sLegPt.lL0': 57.31207605845171, 'sLegPt.rL1': 15.056681741566958, 'sLegPt.lL1': 72.14081209639541, 'sLegPt.x1': 47.226993433306205, 'sLegPt.y1': 25.998829277538004, 'sLegPt.rA1': -28.957534993897873, 'sLegPt.rL2': 10.944139283592099, 'sLegPt.lL2': 56.14282545438188, 'lLegPt.rL0': 57.53030981143817, 'lLegPt.lL0': 96.87502788924435, 'lLegPt.rL1': 82.99588846335894, 'lLegPt.lL1': 21.65561492489457, 'lLegPt.x1': 30.91026470196399, 'lLegPt.y1': 18.62605659831053, 'lLegPt.rA1': -50.766968504053935, 'lLegPt.rL2': 26.358202930486314, 'lLegPt.lL2': 85.35649746327073}",PRUNED
930,930,10.124141485850444,2026-04-14 14:52:20.816558,2026-04-14 14:52:24.495825,0 days 00:00:03.679267,82.46239664991143,97.28162573203963,67.65395504345679,-35.28133334688373,53.45993737825798,67.92346541031466,55.95508388349092,45.15669430541542,19.46185306008211,17.349251169548612,95.62632933051495,71.1033558103374,-71.5506431458069,68.67310907187576,22.60637550484509,92.87965981568969,39.48186108588634,20.24583099519097,Unattained target,GPSampler,,PRUNED
931,931,10.1241416387412,2026-04-14 14:52:24.679517,2026-04-14 14:52:28.421094,0 days 00:00:03.741577,82.46239664991143,97.28162573203963,67.65395504345679,-35.28133334688373,53.45993737825798,67.92346541031466,55.95508388349092,45.15669430541542,19.46185306008211,17.349251169548612,95.62632933051495,71.1033558103374,-71.5506431458069,68.67310907187576,22.60637550484509,92.87965981568969,39.48186108588634,20.24583099519097,Unattained target,GPSampler,"{'sLegPt.rL0': 68.67310907187576, 'sLegPt.lL0': 17.349251169548612, 'sLegPt.rL1': 22.60637550484509, 'sLegPt.lL1': 95.62632933051495, 'sLegPt.x1': 39.48186108588634, 'sLegPt.y1': 20.24583099519097, 'sLegPt.rA1': -71.5506431458069, 'sLegPt.rL2': 92.87965981568969, 'sLegPt.lL2': 71.1033558103374, 'lLegPt.rL0': 53.45993737825798, 'lLegPt.lL0': 82.46239664991143, 'lLegPt.rL1': 67.92346541031466, 'lLegPt.lL1': 97.28162573203963, 'lLegPt.x1': 45.15669430541542, 'lLegPt.y1': 19.46185306008211, 'lLegPt.rA1': -35.28133334688373, 'lLegPt.rL2': 55.95508388349092, 'lLegPt.lL2': 67.65395504345679}",PRUNED
932,932,10.124141623150834,2026-04-14 14:52:28.589910,2026-04-14 14:52:32.324480,0 days 00:00:03.734570,82.46239664991143,97.28162573203963,67.65395504345679,-35.28133334688373,53.45993737825798,67.92346541031466,55.95508388349092,45.15669430541542,19.46185306008211,17.349251169548612,95.62632933051495,71.1033558103374,-71.5506431458069,68.67310907187576,22.60637550484509,92.87965981568969,39.48186108588634,20.24583099519097,Unattained target,GPSampler,"{'sLegPt.rL0': 68.67310907187576, 'sLegPt.lL0': 17.349251169548612, 'sLegPt.rL1': 22.60637550484509, 'sLegPt.lL1': 95.62632933051495, 'sLegPt.x1': 39.48186108588634, 'sLegPt.y1': 20.24583099519097, 'sLegPt.rA1': -71.5506431458069, 'sLegPt.rL2': 92.87965981568969, 'sLegPt.lL2': 71.1033558103374, 'lLegPt.rL0': 53.45993737825798, 'lLegPt.lL0': 82.46239664991143, 'lLegPt.rL1': 67.92346541031466, 'lLegPt.lL1': 97.28162573203963, 'lLegPt.x1': 45.15669430541542, 'lLegPt.y1': 19.46185306008211, 'lLegPt.rA1': -35.28133334688373, 'lLegPt.rL2': 55.95508388349092, 'lLegPt.lL2': 67.65395504345679}",PRUNED
933,933,5.638802976411569,2026-04-14 14:52:32.508052,2026-04-14 14:52:38.425417,0 days 00:00:05.917365,41.237521160145164,13.17040401821286,60.38767941089925,-50.320013249606674,35.93772571458267,27.68283175398366,77.36570194861422,49.52464480323664,18.912508489167372,57.879035700543916,62.831053205843666,77.85632372716827,-61.775456476579166,74.5636804205568,78.81528500831973,79.95470179208111,49.855328648810705,13.21388449066917,Unattained target,GPSampler,,PRUNED
934,934,5.638801614867532,2026-04-14 14:52:38.632478,2026-04-14 14:52:44.552865,0 days 00:00:05.920387,41.237521160145164,13.17040401821286,60.38767941089925,-50.320013249606674,35.93772571458267,27.68283175398366,77.36570194861422,49.52464480323664,18.912508489167372,57.879035700543916,62.831053205843666,77.85632372716827,-61.775456476579166,74.5636804205568,78.81528500831973,79.95470179208111,49.855328648810705,13.21388449066917,Unattained target,GPSampler,"{'sLegPt.rL0': 74.5636804205568, 'sLegPt.lL0': 57.879035700543916, 'sLegPt.rL1': 78.81528500831973, 'sLegPt.lL1': 62.831053205843666, 'sLegPt.x1': 49.855328648810705, 'sLegPt.y1': 13.21388449066917, 'sLegPt.rA1': -61.775456476579166, 'sLegPt.rL2': 79.95470179208111, 'sLegPt.lL2': 77.85632372716827, 'lLegPt.rL0': 35.93772571458267, 'lLegPt.lL0': 41.237521160145164, 'lLegPt.rL1': 27.68283175398366, 'lLegPt.lL1': 13.17040401821286, 'lLegPt.x1': 49.52464480323664, 'lLegPt.y1': 18.912508489167372, 'lLegPt.rA1': -50.320013249606674, 'lLegPt.rL2': 77.36570194861422, 'lLegPt.lL2': 60.38767941089925}",PRUNED
935,935,5.63880226055948,2026-04-14 14:52:44.743554,2026-04-14 14:52:50.923787,0 days 00:00:06.180233,41.237521160145164,13.17040401821286,60.38767941089925,-50.320013249606674,35.93772571458267,27.68283175398366,77.36570194861422,49.52464480323664,18.912508489167372,57.879035700543916,62.831053205843666,77.85632372716827,-61.775456476579166,74.5636804205568,78.81528500831973,79.95470179208111,49.855328648810705,13.21388449066917,Unattained target,GPSampler,"{'sLegPt.rL0': 74.5636804205568, 'sLegPt.lL0': 57.879035700543916, 'sLegPt.rL1': 78.81528500831973, 'sLegPt.lL1': 62.831053205843666, 'sLegPt.x1': 49.855328648810705, 'sLegPt.y1': 13.21388449066917, 'sLegPt.rA1': -61.775456476579166, 'sLegPt.rL2': 79.95470179208111, 'sLegPt.lL2': 77.85632372716827, 'lLegPt.rL0': 35.93772571458267, 'lLegPt.lL0': 41.237521160145164, 'lLegPt.rL1': 27.68283175398366, 'lLegPt.lL1': 13.17040401821286, 'lLegPt.x1': 49.52464480323664, 'lLegPt.y1': 18.912508489167372, 'lLegPt.rA1': -50.320013249606674, 'lLegPt.rL2': 77.36570194861422, 'lLegPt.lL2': 60.38767941089925}",PRUNED
936,936,5.822905251644464,2026-04-14 14:52:51.100898,2026-04-14 14:52:55.339146,0 days 00:00:04.238248,78.75808624619414,13.212658531889637,46.051832129329206,-75.73403347176477,90.14778454535457,39.7167647914747,76.1495252926267,44.44826786059062,22.644127198580392,48.688959207055014,25.854838741903567,80.2373786009964,-70.14469497469722,93.27184721024858,58.903715901328326,65.4709832300704,33.86148933382815,26.981903680253176,Unattained target,GPSampler,,PRUNED
937,937,5.822905648986087,2026-04-14 14:52:55.528944,2026-04-14 14:52:59.548914,0 days 00:00:04.019970,78.75808624619414,13.212658531889637,46.051832129329206,-75.73403347176477,90.14778454535457,39.7167647914747,76.1495252926267,44.44826786059062,22.644127198580392,48.688959207055014,25.854838741903567,80.2373786009964,-70.14469497469722,93.27184721024858,58.903715901328326,65.4709832300704,33.86148933382815,26.981903680253176,Unattained target,GPSampler,"{'sLegPt.rL0': 93.27184721024858, 'sLegPt.lL0': 48.688959207055014, 'sLegPt.rL1': 58.903715901328326, 'sLegPt.lL1': 25.854838741903567, 'sLegPt.x1': 33.86148933382815, 'sLegPt.y1': 26.981903680253176, 'sLegPt.rA1': -70.14469497469722, 'sLegPt.rL2': 65.4709832300704, 'sLegPt.lL2': 80.2373786009964, 'lLegPt.rL0': 90.14778454535457, 'lLegPt.lL0': 78.75808624619414, 'lLegPt.rL1': 39.7167647914747, 'lLegPt.lL1': 13.212658531889637, 'lLegPt.x1': 44.44826786059062, 'lLegPt.y1': 22.644127198580392, 'lLegPt.rA1': -75.73403347176477, 'lLegPt.rL2': 76.1495252926267, 'lLegPt.lL2': 46.051832129329206}",PRUNED
938,938,5.822903577421101,2026-04-14 14:52:59.733400,2026-04-14 14:53:03.534806,0 days 00:00:03.801406,78.75808624619414,13.212658531889637,46.051832129329206,-75.73403347176477,90.14778454535457,39.7167647914747,76.1495252926267,44.44826786059062,22.644127198580392,48.688959207055014,25.854838741903567,80.2373786009964,-70.14469497469722,93.27184721024858,58.903715901328326,65.4709832300704,33.86148933382815,26.981903680253176,Unattained target,GPSampler,"{'sLegPt.rL0': 93.27184721024858, 'sLegPt.lL0': 48.688959207055014, 'sLegPt.rL1': 58.903715901328326, 'sLegPt.lL1': 25.854838741903567, 'sLegPt.x1': 33.86148933382815, 'sLegPt.y1': 26.981903680253176, 'sLegPt.rA1': -70.14469497469722, 'sLegPt.rL2': 65.4709832300704, 'sLegPt.lL2': 80.2373786009964, 'lLegPt.rL0': 90.14778454535457, 'lLegPt.lL0': 78.75808624619414, 'lLegPt.rL1': 39.7167647914747, 'lLegPt.lL1': 13.212658531889637, 'lLegPt.x1': 44.44826786059062, 'lLegPt.y1': 22.644127198580392, 'lLegPt.rA1': -75.73403347176477, 'lLegPt.rL2': 76.1495252926267, 'lLegPt.lL2': 46.051832129329206}",PRUNED
939,939,5.799301276006631,2026-04-14 14:53:03.723318,2026-04-14 14:53:10.796604,0 days 00:00:07.073286,48.9511256014042,43.82476774154048,10.575561801506435,-79.76482904440792,32.23554586267362,34.61028986402365,60.064970455846826,33.96240644206964,22.441461204272876,91.0478950672282,75.53719669779117,18.87620708089202,-38.43551709902191,21.065778378120633,27.24784382449058,52.83363177752672,40.233032689465006,23.749900409419645,Unattained target,GPSampler,,PRUNED
