,number,value,datetime_start,datetime_complete,duration,params_lLegPt.lL0,params_lLegPt.lL1,params_lLegPt.lL2,params_lLegPt.rA1,params_lLegPt.rL0,params_lLegPt.rL1,params_lLegPt.rL2,params_lLegPt.x1,params_lLegPt.y1,params_sLegPt.lL0,params_sLegPt.lL1,params_sLegPt.lL2,params_sLegPt.rA1,params_sLegPt.rL0,params_sLegPt.rL1,params_sLegPt.rL2,params_sLegPt.x1,params_sLegPt.y1,user_attrs_prune,system_attrs_auto:sampler,system_attrs_fixed_params,state
97,97,16.8003552952056,2026-04-14 13:49:17.848246,2026-04-14 13:49:23.324893,0 days 00:00:05.476647,57.7934549428516,70.4431088821133,65.16298352260324,-69.39961388289592,78.17895527610126,72.17092637103354,84.66225046612377,45.17222252903055,21.177309748128522,99.33490106532408,99.74239112008392,53.700409572293026,-56.12850571832621,92.2924016332775,33.04365877932357,15.144909005420121,37.40914094502595,16.146972712971873,Unattained target,RandomSampler,"{'sLegPt.rL0': 92.2924016332775, 'sLegPt.lL0': 99.33490106532408, 'sLegPt.rL1': 33.04365877932357, 'sLegPt.lL1': 99.74239112008392, 'sLegPt.x1': 37.40914094502595, 'sLegPt.y1': 16.146972712971873, 'sLegPt.rA1': -56.12850571832621, 'sLegPt.rL2': 15.144909005420121, 'sLegPt.lL2': 53.700409572293026, 'lLegPt.rL0': 78.17895527610126, 'lLegPt.lL0': 57.7934549428516, 'lLegPt.rL1': 72.17092637103354, 'lLegPt.lL1': 70.4431088821133, 'lLegPt.x1': 45.17222252903055, 'lLegPt.y1': 21.177309748128522, 'lLegPt.rA1': -69.39961388289592, 'lLegPt.rL2': 84.66225046612377, 'lLegPt.lL2': 65.16298352260324}",PRUNED
98,98,16.800355365870445,2026-04-14 13:49:23.453893,2026-04-14 13:49:27.241409,0 days 00:00:03.787516,57.7934549428516,70.4431088821133,65.16298352260324,-69.39961388289592,78.17895527610126,72.17092637103354,84.66225046612377,45.17222252903055,21.177309748128522,99.33490106532408,99.74239112008392,53.700409572293026,-56.12850571832621,92.2924016332775,33.04365877932357,15.144909005420121,37.40914094502595,16.146972712971873,Unattained target,RandomSampler,"{'sLegPt.rL0': 92.2924016332775, 'sLegPt.lL0': 99.33490106532408, 'sLegPt.rL1': 33.04365877932357, 'sLegPt.lL1': 99.74239112008392, 'sLegPt.x1': 37.40914094502595, 'sLegPt.y1': 16.146972712971873, 'sLegPt.rA1': -56.12850571832621, 'sLegPt.rL2': 15.144909005420121, 'sLegPt.lL2': 53.700409572293026, 'lLegPt.rL0': 78.17895527610126, 'lLegPt.lL0': 57.7934549428516, 'lLegPt.rL1': 72.17092637103354, 'lLegPt.lL1': 70.4431088821133, 'lLegPt.x1': 45.17222252903055, 'lLegPt.y1': 21.177309748128522, 'lLegPt.rA1': -69.39961388289592, 'lLegPt.rL2': 84.66225046612377, 'lLegPt.lL2': 65.16298352260324}",PRUNED
99,99,5.825888955442103,2026-04-14 13:49:27.380890,2026-04-14 13:49:31.516657,0 days 00:00:04.135767,54.249591766390246,60.4937931835973,75.7774850514176,-77.58324930979525,82.75767533215395,14.324071258585722,12.163073103484168,42.34765434151873,17.141510911728624,18.19936269537473,39.09152250110107,31.795562258738386,-79.38210859747709,20.962491290285698,35.55260525036517,84.49145106040099,32.726087090949584,24.845839935306405,Unattained target,RandomSampler,,PRUNED
100,100,5.825887969540219,2026-04-14 13:49:31.646822,2026-04-14 13:49:35.708117,0 days 00:00:04.061295,54.249591766390246,60.4937931835973,75.7774850514176,-77.58324930979525,82.75767533215395,14.324071258585722,12.163073103484168,42.34765434151873,17.141510911728624,18.19936269537473,39.09152250110107,31.795562258738386,-79.38210859747709,20.962491290285698,35.55260525036517,84.49145106040099,32.726087090949584,24.845839935306405,Unattained target,RandomSampler,"{'sLegPt.rL0': 20.962491290285698, 'sLegPt.lL0': 18.19936269537473, 'sLegPt.rL1': 35.55260525036517, 'sLegPt.lL1': 39.09152250110107, 'sLegPt.x1': 32.726087090949584, 'sLegPt.y1': 24.845839935306405, 'sLegPt.rA1': -79.38210859747709, 'sLegPt.rL2': 84.49145106040099, 'sLegPt.lL2': 31.795562258738386, 'lLegPt.rL0': 82.75767533215395, 'lLegPt.lL0': 54.249591766390246, 'lLegPt.rL1': 14.324071258585722, 'lLegPt.lL1': 60.4937931835973, 'lLegPt.x1': 42.34765434151873, 'lLegPt.y1': 17.141510911728624, 'lLegPt.rA1': -77.58324930979525, 'lLegPt.rL2': 12.163073103484168, 'lLegPt.lL2': 75.7774850514176}",PRUNED
101,101,5.8258875161308765,2026-04-14 13:49:35.835984,2026-04-14 13:49:40.210147,0 days 00:00:04.374163,54.249591766390246,60.4937931835973,75.7774850514176,-77.58324930979525,82.75767533215395,14.324071258585722,12.163073103484168,42.34765434151873,17.141510911728624,18.19936269537473,39.09152250110107,31.795562258738386,-79.38210859747709,20.962491290285698,35.55260525036517,84.49145106040099,32.726087090949584,24.845839935306405,Unattained target,RandomSampler,"{'sLegPt.rL0': 20.962491290285698, 'sLegPt.lL0': 18.19936269537473, 'sLegPt.rL1': 35.55260525036517, 'sLegPt.lL1': 39.09152250110107, 'sLegPt.x1': 32.726087090949584, 'sLegPt.y1': 24.845839935306405, 'sLegPt.rA1': -79.38210859747709, 'sLegPt.rL2': 84.49145106040099, 'sLegPt.lL2': 31.795562258738386, 'lLegPt.rL0': 82.75767533215395, 'lLegPt.lL0': 54.249591766390246, 'lLegPt.rL1': 14.324071258585722, 'lLegPt.lL1': 60.4937931835973, 'lLegPt.x1': 42.34765434151873, 'lLegPt.y1': 17.141510911728624, 'lLegPt.rA1': -77.58324930979525, 'lLegPt.rL2': 12.163073103484168, 'lLegPt.lL2': 75.7774850514176}",PRUNED
102,102,11.154326940473183,2026-04-14 13:49:40.355664,2026-04-14 13:49:43.951211,0 days 00:00:03.595547,38.97759726233585,53.417010493931485,68.64062163997374,-37.28681468535855,40.25258736208989,88.34886627571137,33.4416283453659,48.68351003183096,17.361793445604643,79.47427221643385,37.21917180648431,99.45083963999943,-20.699714592106623,74.68014911939628,71.80472211919826,50.162188194595295,33.828909626943876,23.720498819538875,Unattained target,RandomSampler,,PRUNED
103,103,11.154326189344815,2026-04-14 13:49:44.084466,2026-04-14 13:49:47.817278,0 days 00:00:03.732812,38.97759726233585,53.417010493931485,68.64062163997374,-37.28681468535855,40.25258736208989,88.34886627571137,33.4416283453659,48.68351003183096,17.361793445604643,79.47427221643385,37.21917180648431,99.45083963999943,-20.699714592106623,74.68014911939628,71.80472211919826,50.162188194595295,33.828909626943876,23.720498819538875,Unattained target,RandomSampler,"{'sLegPt.rL0': 74.68014911939628, 'sLegPt.lL0': 79.47427221643385, 'sLegPt.rL1': 71.80472211919826, 'sLegPt.lL1': 37.21917180648431, 'sLegPt.x1': 33.828909626943876, 'sLegPt.y1': 23.720498819538875, 'sLegPt.rA1': -20.699714592106623, 'sLegPt.rL2': 50.162188194595295, 'sLegPt.lL2': 99.45083963999943, 'lLegPt.rL0': 40.25258736208989, 'lLegPt.lL0': 38.97759726233585, 'lLegPt.rL1': 88.34886627571137, 'lLegPt.lL1': 53.417010493931485, 'lLegPt.x1': 48.68351003183096, 'lLegPt.y1': 17.361793445604643, 'lLegPt.rA1': -37.28681468535855, 'lLegPt.rL2': 33.4416283453659, 'lLegPt.lL2': 68.64062163997374}",PRUNED
104,104,11.154326623751992,2026-04-14 13:49:47.971560,2026-04-14 13:49:51.621831,0 days 00:00:03.650271,38.97759726233585,53.417010493931485,68.64062163997374,-37.28681468535855,40.25258736208989,88.34886627571137,33.4416283453659,48.68351003183096,17.361793445604643,79.47427221643385,37.21917180648431,99.45083963999943,-20.699714592106623,74.68014911939628,71.80472211919826,50.162188194595295,33.828909626943876,23.720498819538875,Unattained target,RandomSampler,"{'sLegPt.rL0': 74.68014911939628, 'sLegPt.lL0': 79.47427221643385, 'sLegPt.rL1': 71.80472211919826, 'sLegPt.lL1': 37.21917180648431, 'sLegPt.x1': 33.828909626943876, 'sLegPt.y1': 23.720498819538875, 'sLegPt.rA1': -20.699714592106623, 'sLegPt.rL2': 50.162188194595295, 'sLegPt.lL2': 99.45083963999943, 'lLegPt.rL0': 40.25258736208989, 'lLegPt.lL0': 38.97759726233585, 'lLegPt.rL1': 88.34886627571137, 'lLegPt.lL1': 53.417010493931485, 'lLegPt.x1': 48.68351003183096, 'lLegPt.y1': 17.361793445604643, 'lLegPt.rA1': -37.28681468535855, 'lLegPt.rL2': 33.4416283453659, 'lLegPt.lL2': 68.64062163997374}",PRUNED
105,105,5.870275308521379,2026-04-14 13:49:51.762020,2026-04-14 13:49:55.508534,0 days 00:00:03.746514,88.65188963221655,91.86653126087427,63.26038048883048,-54.85823541182663,64.16541539142335,29.239617620579217,69.77406406700561,48.486390957129075,25.319978378806915,61.82962348567313,39.65825483864255,32.710410345685396,-74.34160144374306,71.48285818506122,68.90709631259728,79.92732062043541,49.37420187639673,11.786537510378261,Unattained target,RandomSampler,,PRUNED
106,106,5.870274908676691,2026-04-14 13:49:55.652477,2026-04-14 13:49:59.186695,0 days 00:00:03.534218,88.65188963221655,91.86653126087427,63.26038048883048,-54.85823541182663,64.16541539142335,29.239617620579217,69.77406406700561,48.486390957129075,25.319978378806915,61.82962348567313,39.65825483864255,32.710410345685396,-74.34160144374306,71.48285818506122,68.90709631259728,79.92732062043541,49.37420187639673,11.786537510378261,Unattained target,RandomSampler,"{'sLegPt.rL0': 71.48285818506122, 'sLegPt.lL0': 61.82962348567313, 'sLegPt.rL1': 68.90709631259728, 'sLegPt.lL1': 39.65825483864255, 'sLegPt.x1': 49.37420187639673, 'sLegPt.y1': 11.786537510378261, 'sLegPt.rA1': -74.34160144374306, 'sLegPt.rL2': 79.92732062043541, 'sLegPt.lL2': 32.710410345685396, 'lLegPt.rL0': 64.16541539142335, 'lLegPt.lL0': 88.65188963221655, 'lLegPt.rL1': 29.239617620579217, 'lLegPt.lL1': 91.86653126087427, 'lLegPt.x1': 48.486390957129075, 'lLegPt.y1': 25.319978378806915, 'lLegPt.rA1': -54.85823541182663, 'lLegPt.rL2': 69.77406406700561, 'lLegPt.lL2': 63.26038048883048}",PRUNED
107,107,5.870274813025468,2026-04-14 13:49:59.317898,2026-04-14 13:50:02.823111,0 days 00:00:03.505213,88.65188963221655,91.86653126087427,63.26038048883048,-54.85823541182663,64.16541539142335,29.239617620579217,69.77406406700561,48.486390957129075,25.319978378806915,61.82962348567313,39.65825483864255,32.710410345685396,-74.34160144374306,71.48285818506122,68.90709631259728,79.92732062043541,49.37420187639673,11.786537510378261,Unattained target,RandomSampler,"{'sLegPt.rL0': 71.48285818506122, 'sLegPt.lL0': 61.82962348567313, 'sLegPt.rL1': 68.90709631259728, 'sLegPt.lL1': 39.65825483864255, 'sLegPt.x1': 49.37420187639673, 'sLegPt.y1': 11.786537510378261, 'sLegPt.rA1': -74.34160144374306, 'sLegPt.rL2': 79.92732062043541, 'sLegPt.lL2': 32.710410345685396, 'lLegPt.rL0': 64.16541539142335, 'lLegPt.lL0': 88.65188963221655, 'lLegPt.rL1': 29.239617620579217, 'lLegPt.lL1': 91.86653126087427, 'lLegPt.x1': 48.486390957129075, 'lLegPt.y1': 25.319978378806915, 'lLegPt.rA1': -54.85823541182663, 'lLegPt.rL2': 69.77406406700561, 'lLegPt.lL2': 63.26038048883048}",PRUNED
108,108,15.132339177182153,2026-04-14 13:50:02.938176,2026-04-14 13:50:06.809758,0 days 00:00:03.871582,66.30653941548877,98.74006644544303,12.961278060180764,-47.05353482279635,46.37451677009859,21.55445632268905,47.00953566912112,33.43355308714432,27.840856905309277,33.592334392783656,92.01337513008166,80.16586964637492,-79.64649750899014,46.68814527684725,96.96136656309645,23.635334519053956,34.68594894892439,16.81749186420478,Unattained target,RandomSampler,,PRUNED
109,109,15.132340486288228,2026-04-14 13:50:06.943675,2026-04-14 13:50:10.801634,0 days 00:00:03.857959,66.30653941548877,98.74006644544303,12.961278060180764,-47.05353482279635,46.37451677009859,21.55445632268905,47.00953566912112,33.43355308714432,27.840856905309277,33.592334392783656,92.01337513008166,80.16586964637492,-79.64649750899014,46.68814527684725,96.96136656309645,23.635334519053956,34.68594894892439,16.81749186420478,Unattained target,RandomSampler,"{'sLegPt.rL0': 46.68814527684725, 'sLegPt.lL0': 33.592334392783656, 'sLegPt.rL1': 96.96136656309645, 'sLegPt.lL1': 92.01337513008166, 'sLegPt.x1': 34.68594894892439, 'sLegPt.y1': 16.81749186420478, 'sLegPt.rA1': -79.64649750899014, 'sLegPt.rL2': 23.635334519053956, 'sLegPt.lL2': 80.16586964637492, 'lLegPt.rL0': 46.37451677009859, 'lLegPt.lL0': 66.30653941548877, 'lLegPt.rL1': 21.55445632268905, 'lLegPt.lL1': 98.74006644544303, 'lLegPt.x1': 33.43355308714432, 'lLegPt.y1': 27.840856905309277, 'lLegPt.rA1': -47.05353482279635, 'lLegPt.rL2': 47.00953566912112, 'lLegPt.lL2': 12.961278060180764}",PRUNED
110,110,15.13233836145271,2026-04-14 13:50:10.929278,2026-04-14 13:50:16.031240,0 days 00:00:05.101962,66.30653941548877,98.74006644544303,12.961278060180764,-47.05353482279635,46.37451677009859,21.55445632268905,47.00953566912112,33.43355308714432,27.840856905309277,33.592334392783656,92.01337513008166,80.16586964637492,-79.64649750899014,46.68814527684725,96.96136656309645,23.635334519053956,34.68594894892439,16.81749186420478,Unattained target,RandomSampler,"{'sLegPt.rL0': 46.68814527684725, 'sLegPt.lL0': 33.592334392783656, 'sLegPt.rL1': 96.96136656309645, 'sLegPt.lL1': 92.01337513008166, 'sLegPt.x1': 34.68594894892439, 'sLegPt.y1': 16.81749186420478, 'sLegPt.rA1': -79.64649750899014, 'sLegPt.rL2': 23.635334519053956, 'sLegPt.lL2': 80.16586964637492, 'lLegPt.rL0': 46.37451677009859, 'lLegPt.lL0': 66.30653941548877, 'lLegPt.rL1': 21.55445632268905, 'lLegPt.lL1': 98.74006644544303, 'lLegPt.x1': 33.43355308714432, 'lLegPt.y1': 27.840856905309277, 'lLegPt.rA1': -47.05353482279635, 'lLegPt.rL2': 47.00953566912112, 'lLegPt.lL2': 12.961278060180764}",PRUNED
111,111,5.549588125850363,2026-04-14 13:50:16.173017,2026-04-14 13:50:19.698617,0 days 00:00:03.525600,13.94148543902136,35.00589705976053,61.06985993182982,-44.306690986827356,57.26064515724514,72.45016815901363,34.46208412371797,39.41566588273086,27.218612024113554,16.20689371441879,56.455095004352344,50.75116071090433,-74.74512208943828,62.41944241368715,79.88378520763901,37.577347296530405,45.015487329419585,29.446270965516568,Unattained target,RandomSampler,,PRUNED
112,112,5.5495882201461555,2026-04-14 13:50:19.843444,2026-04-14 13:50:23.221469,0 days 00:00:03.378025,13.94148543902136,35.00589705976053,61.06985993182982,-44.306690986827356,57.26064515724514,72.45016815901363,34.46208412371797,39.41566588273086,27.218612024113554,16.20689371441879,56.455095004352344,50.75116071090433,-74.74512208943828,62.41944241368715,79.88378520763901,37.577347296530405,45.015487329419585,29.446270965516568,Unattained target,RandomSampler,"{'sLegPt.rL0': 62.41944241368715, 'sLegPt.lL0': 16.20689371441879, 'sLegPt.rL1': 79.88378520763901, 'sLegPt.lL1': 56.455095004352344, 'sLegPt.x1': 45.015487329419585, 'sLegPt.y1': 29.446270965516568, 'sLegPt.rA1': -74.74512208943828, 'sLegPt.rL2': 37.577347296530405, 'sLegPt.lL2': 50.75116071090433, 'lLegPt.rL0': 57.26064515724514, 'lLegPt.lL0': 13.94148543902136, 'lLegPt.rL1': 72.45016815901363, 'lLegPt.lL1': 35.00589705976053, 'lLegPt.x1': 39.41566588273086, 'lLegPt.y1': 27.218612024113554, 'lLegPt.rA1': -44.306690986827356, 'lLegPt.rL2': 34.46208412371797, 'lLegPt.lL2': 61.06985993182982}",PRUNED
113,113,5.54958810842021,2026-04-14 13:50:23.365525,2026-04-14 13:50:27.035328,0 days 00:00:03.669803,13.94148543902136,35.00589705976053,61.06985993182982,-44.306690986827356,57.26064515724514,72.45016815901363,34.46208412371797,39.41566588273086,27.218612024113554,16.20689371441879,56.455095004352344,50.75116071090433,-74.74512208943828,62.41944241368715,79.88378520763901,37.577347296530405,45.015487329419585,29.446270965516568,Unattained target,RandomSampler,"{'sLegPt.rL0': 62.41944241368715, 'sLegPt.lL0': 16.20689371441879, 'sLegPt.rL1': 79.88378520763901, 'sLegPt.lL1': 56.455095004352344, 'sLegPt.x1': 45.015487329419585, 'sLegPt.y1': 29.446270965516568, 'sLegPt.rA1': -74.74512208943828, 'sLegPt.rL2': 37.577347296530405, 'sLegPt.lL2': 50.75116071090433, 'lLegPt.rL0': 57.26064515724514, 'lLegPt.lL0': 13.94148543902136, 'lLegPt.rL1': 72.45016815901363, 'lLegPt.lL1': 35.00589705976053, 'lLegPt.x1': 39.41566588273086, 'lLegPt.y1': 27.218612024113554, 'lLegPt.rA1': -44.306690986827356, 'lLegPt.rL2': 34.46208412371797, 'lLegPt.lL2': 61.06985993182982}",PRUNED
114,114,8.140368008670372,2026-04-14 13:50:27.177360,2026-04-14 13:50:30.936187,0 days 00:00:03.758827,29.87056304301423,89.39477679580686,92.80266515846573,-45.41966096766322,71.15385270999201,28.3995154609481,95.75691595123111,44.54529302694732,13.910487745871816,63.5284964014945,28.054740944447826,41.79968219322258,-27.822555615851442,81.2231356756309,74.88464525447878,21.605174148629605,31.753547077581736,18.370753680485112,Unattained target,RandomSampler,,PRUNED
115,115,8.140367953329132,2026-04-14 13:50:31.070468,2026-04-14 13:50:34.473128,0 days 00:00:03.402660,29.87056304301423,89.39477679580686,92.80266515846573,-45.41966096766322,71.15385270999201,28.3995154609481,95.75691595123111,44.54529302694732,13.910487745871816,63.5284964014945,28.054740944447826,41.79968219322258,-27.822555615851442,81.2231356756309,74.88464525447878,21.605174148629605,31.753547077581736,18.370753680485112,Unattained target,RandomSampler,"{'sLegPt.rL0': 81.2231356756309, 'sLegPt.lL0': 63.5284964014945, 'sLegPt.rL1': 74.88464525447878, 'sLegPt.lL1': 28.054740944447826, 'sLegPt.x1': 31.753547077581736, 'sLegPt.y1': 18.370753680485112, 'sLegPt.rA1': -27.822555615851442, 'sLegPt.rL2': 21.605174148629605, 'sLegPt.lL2': 41.79968219322258, 'lLegPt.rL0': 71.15385270999201, 'lLegPt.lL0': 29.87056304301423, 'lLegPt.rL1': 28.3995154609481, 'lLegPt.lL1': 89.39477679580686, 'lLegPt.x1': 44.54529302694732, 'lLegPt.y1': 13.910487745871816, 'lLegPt.rA1': -45.41966096766322, 'lLegPt.rL2': 95.75691595123111, 'lLegPt.lL2': 92.80266515846573}",PRUNED
116,116,8.140367947741602,2026-04-14 13:50:34.621400,2026-04-14 13:50:37.947646,0 days 00:00:03.326246,29.87056304301423,89.39477679580686,92.80266515846573,-45.41966096766322,71.15385270999201,28.3995154609481,95.75691595123111,44.54529302694732,13.910487745871816,63.5284964014945,28.054740944447826,41.79968219322258,-27.822555615851442,81.2231356756309,74.88464525447878,21.605174148629605,31.753547077581736,18.370753680485112,Unattained target,RandomSampler,"{'sLegPt.rL0': 81.2231356756309, 'sLegPt.lL0': 63.5284964014945, 'sLegPt.rL1': 74.88464525447878, 'sLegPt.lL1': 28.054740944447826, 'sLegPt.x1': 31.753547077581736, 'sLegPt.y1': 18.370753680485112, 'sLegPt.rA1': -27.822555615851442, 'sLegPt.rL2': 21.605174148629605, 'sLegPt.lL2': 41.79968219322258, 'lLegPt.rL0': 71.15385270999201, 'lLegPt.lL0': 29.87056304301423, 'lLegPt.rL1': 28.3995154609481, 'lLegPt.lL1': 89.39477679580686, 'lLegPt.x1': 44.54529302694732, 'lLegPt.y1': 13.910487745871816, 'lLegPt.rA1': -45.41966096766322, 'lLegPt.rL2': 95.75691595123111, 'lLegPt.lL2': 92.80266515846573}",PRUNED
117,117,9.115585847209331,2026-04-14 13:50:38.094623,2026-04-14 13:50:41.441988,0 days 00:00:03.347365,89.61476611708936,85.29624492579381,20.210545605057504,-78.04835858166848,95.06187975282253,95.7244684927269,68.68210718559638,48.483340836836945,15.290781489561688,66.37543130026357,12.63293475982455,48.15898684670223,-59.213219697298015,59.485976011762915,59.19526691080668,42.624331272446184,41.47000572113334,13.635757105814342,Unattained target,RandomSampler,,PRUNED
118,118,9.11558669561753,2026-04-14 13:50:41.581726,2026-04-14 13:50:45.326376,0 days 00:00:03.744650,89.61476611708936,85.29624492579381,20.210545605057504,-78.04835858166848,95.06187975282253,95.7244684927269,68.68210718559638,48.483340836836945,15.290781489561688,66.37543130026357,12.63293475982455,48.15898684670223,-59.213219697298015,59.485976011762915,59.19526691080668,42.624331272446184,41.47000572113334,13.635757105814342,Unattained target,RandomSampler,"{'sLegPt.rL0': 59.485976011762915, 'sLegPt.lL0': 66.37543130026357, 'sLegPt.rL1': 59.19526691080668, 'sLegPt.lL1': 12.63293475982455, 'sLegPt.x1': 41.47000572113334, 'sLegPt.y1': 13.635757105814342, 'sLegPt.rA1': -59.213219697298015, 'sLegPt.rL2': 42.624331272446184, 'sLegPt.lL2': 48.15898684670223, 'lLegPt.rL0': 95.06187975282253, 'lLegPt.lL0': 89.61476611708936, 'lLegPt.rL1': 95.7244684927269, 'lLegPt.lL1': 85.29624492579381, 'lLegPt.x1': 48.483340836836945, 'lLegPt.y1': 15.290781489561688, 'lLegPt.rA1': -78.04835858166848, 'lLegPt.rL2': 68.68210718559638, 'lLegPt.lL2': 20.210545605057504}",PRUNED
119,119,9.115586031926306,2026-04-14 13:50:45.466353,2026-04-14 13:50:48.932903,0 days 00:00:03.466550,89.61476611708936,85.29624492579381,20.210545605057504,-78.04835858166848,95.06187975282253,95.7244684927269,68.68210718559638,48.483340836836945,15.290781489561688,66.37543130026357,12.63293475982455,48.15898684670223,-59.213219697298015,59.485976011762915,59.19526691080668,42.624331272446184,41.47000572113334,13.635757105814342,Unattained target,RandomSampler,"{'sLegPt.rL0': 59.485976011762915, 'sLegPt.lL0': 66.37543130026357, 'sLegPt.rL1': 59.19526691080668, 'sLegPt.lL1': 12.63293475982455, 'sLegPt.x1': 41.47000572113334, 'sLegPt.y1': 13.635757105814342, 'sLegPt.rA1': -59.213219697298015, 'sLegPt.rL2': 42.624331272446184, 'sLegPt.lL2': 48.15898684670223, 'lLegPt.rL0': 95.06187975282253, 'lLegPt.lL0': 89.61476611708936, 'lLegPt.rL1': 95.7244684927269, 'lLegPt.lL1': 85.29624492579381, 'lLegPt.x1': 48.483340836836945, 'lLegPt.y1': 15.290781489561688, 'lLegPt.rA1': -78.04835858166848, 'lLegPt.rL2': 68.68210718559638, 'lLegPt.lL2': 20.210545605057504}",PRUNED
120,120,10.285823241318774,2026-04-14 13:50:49.061388,2026-04-14 13:50:52.791506,0 days 00:00:03.730118,18.35885727406855,80.11931101896508,45.35241107939154,-71.005270914807,54.43485029447698,24.054765532989606,98.97280977882576,33.68120809310075,15.278416690952469,70.13367511382921,94.82440043773379,11.66101893359705,-37.22610845544757,60.46468177270022,77.10708220351994,10.848892497200374,40.49560290412222,27.18881536762415,Unattained target,RandomSampler,,PRUNED
