,number,value,datetime_start,datetime_complete,duration,params_lLegPt.lL0,params_lLegPt.lL1,params_lLegPt.lL2,params_lLegPt.rA1,params_lLegPt.rL0,params_lLegPt.rL1,params_lLegPt.rL2,params_lLegPt.x1,params_lLegPt.y1,params_sLegPt.lL0,params_sLegPt.lL1,params_sLegPt.lL2,params_sLegPt.rA1,params_sLegPt.rL0,params_sLegPt.rL1,params_sLegPt.rL2,params_sLegPt.x1,params_sLegPt.y1,user_attrs_prune,system_attrs_auto:sampler,system_attrs_fixed_params,state
554,554,5.062286852814445,2026-04-14 14:23:25.063280,2026-04-14 14:23:29.578981,0 days 00:00:04.515701,45.81371466291792,21.613611938160922,36.46875499315833,-49.553032594980586,82.53384309621576,76.44162125199173,27.043615305942918,39.304629910293954,15.68657876538576,43.07096357423627,85.5161009069564,86.93314315188421,-75.32608094970065,31.47451713829591,41.564686774852944,95.86589965499765,30.55601016454943,24.38554637736935,Unattained target,GPSampler,"{'sLegPt.rL0': 31.47451713829591, 'sLegPt.lL0': 43.07096357423627, 'sLegPt.rL1': 41.564686774852944, 'sLegPt.lL1': 85.5161009069564, 'sLegPt.x1': 30.55601016454943, 'sLegPt.y1': 24.38554637736935, 'sLegPt.rA1': -75.32608094970065, 'sLegPt.rL2': 95.86589965499765, 'sLegPt.lL2': 86.93314315188421, 'lLegPt.rL0': 82.53384309621576, 'lLegPt.lL0': 45.81371466291792, 'lLegPt.rL1': 76.44162125199173, 'lLegPt.lL1': 21.613611938160922, 'lLegPt.x1': 39.304629910293954, 'lLegPt.y1': 15.68657876538576, 'lLegPt.rA1': -49.553032594980586, 'lLegPt.rL2': 27.043615305942918, 'lLegPt.lL2': 36.46875499315833}",PRUNED
555,555,5.062286815318501,2026-04-14 14:23:29.751547,2026-04-14 14:23:33.718966,0 days 00:00:03.967419,45.81371466291792,21.613611938160922,36.46875499315833,-49.553032594980586,82.53384309621576,76.44162125199173,27.043615305942918,39.304629910293954,15.68657876538576,43.07096357423627,85.5161009069564,86.93314315188421,-75.32608094970065,31.47451713829591,41.564686774852944,95.86589965499765,30.55601016454943,24.38554637736935,Unattained target,GPSampler,"{'sLegPt.rL0': 31.47451713829591, 'sLegPt.lL0': 43.07096357423627, 'sLegPt.rL1': 41.564686774852944, 'sLegPt.lL1': 85.5161009069564, 'sLegPt.x1': 30.55601016454943, 'sLegPt.y1': 24.38554637736935, 'sLegPt.rA1': -75.32608094970065, 'sLegPt.rL2': 95.86589965499765, 'sLegPt.lL2': 86.93314315188421, 'lLegPt.rL0': 82.53384309621576, 'lLegPt.lL0': 45.81371466291792, 'lLegPt.rL1': 76.44162125199173, 'lLegPt.lL1': 21.613611938160922, 'lLegPt.x1': 39.304629910293954, 'lLegPt.y1': 15.68657876538576, 'lLegPt.rA1': -49.553032594980586, 'lLegPt.rL2': 27.043615305942918, 'lLegPt.lL2': 36.46875499315833}",PRUNED
556,556,5.955620842568756,2026-04-14 14:23:33.899936,2026-04-14 14:23:43.422034,0 days 00:00:09.522098,71.67632558888835,15.43012727827799,45.318946230271216,-60.19307677026464,82.38342099774945,33.43676026827625,57.38168534151527,48.795599463580956,15.943228807582713,85.33961231398546,13.273463542698805,19.027682067513872,-20.534282819467364,10.147567790591737,37.67428795009697,67.8559168874627,33.3094188367469,17.267443946146763,Unattained target,GPSampler,,PRUNED
557,557,5.955616247775488,2026-04-14 14:23:43.601886,2026-04-14 14:23:53.278467,0 days 00:00:09.676581,71.67632558888835,15.43012727827799,45.318946230271216,-60.19307677026464,82.38342099774945,33.43676026827625,57.38168534151527,48.795599463580956,15.943228807582713,85.33961231398546,13.273463542698805,19.027682067513872,-20.534282819467364,10.147567790591737,37.67428795009697,67.8559168874627,33.3094188367469,17.267443946146763,Unattained target,GPSampler,"{'sLegPt.rL0': 10.147567790591737, 'sLegPt.lL0': 85.33961231398546, 'sLegPt.rL1': 37.67428795009697, 'sLegPt.lL1': 13.273463542698805, 'sLegPt.x1': 33.3094188367469, 'sLegPt.y1': 17.267443946146763, 'sLegPt.rA1': -20.534282819467364, 'sLegPt.rL2': 67.8559168874627, 'sLegPt.lL2': 19.027682067513872, 'lLegPt.rL0': 82.38342099774945, 'lLegPt.lL0': 71.67632558888835, 'lLegPt.rL1': 33.43676026827625, 'lLegPt.lL1': 15.43012727827799, 'lLegPt.x1': 48.795599463580956, 'lLegPt.y1': 15.943228807582713, 'lLegPt.rA1': -60.19307677026464, 'lLegPt.rL2': 57.38168534151527, 'lLegPt.lL2': 45.318946230271216}",PRUNED
558,558,5.955620744892762,2026-04-14 14:23:53.458383,2026-04-14 14:24:03.050395,0 days 00:00:09.592012,71.67632558888835,15.43012727827799,45.318946230271216,-60.19307677026464,82.38342099774945,33.43676026827625,57.38168534151527,48.795599463580956,15.943228807582713,85.33961231398546,13.273463542698805,19.027682067513872,-20.534282819467364,10.147567790591737,37.67428795009697,67.8559168874627,33.3094188367469,17.267443946146763,Unattained target,GPSampler,"{'sLegPt.rL0': 10.147567790591737, 'sLegPt.lL0': 85.33961231398546, 'sLegPt.rL1': 37.67428795009697, 'sLegPt.lL1': 13.273463542698805, 'sLegPt.x1': 33.3094188367469, 'sLegPt.y1': 17.267443946146763, 'sLegPt.rA1': -20.534282819467364, 'sLegPt.rL2': 67.8559168874627, 'sLegPt.lL2': 19.027682067513872, 'lLegPt.rL0': 82.38342099774945, 'lLegPt.lL0': 71.67632558888835, 'lLegPt.rL1': 33.43676026827625, 'lLegPt.lL1': 15.43012727827799, 'lLegPt.x1': 48.795599463580956, 'lLegPt.y1': 15.943228807582713, 'lLegPt.rA1': -60.19307677026464, 'lLegPt.rL2': 57.38168534151527, 'lLegPt.lL2': 45.318946230271216}",PRUNED
559,559,12.66072543106744,2026-04-14 14:24:03.224566,2026-04-14 14:24:07.141163,0 days 00:00:03.916597,60.61564149979329,54.268401005104636,10.492521195214383,-38.3670620807369,38.888047989286434,80.9274201286623,90.45124697554317,33.092620472379586,29.72053290278456,16.17035420466867,84.37427716169341,70.81341153461051,-54.141937571466954,68.36202631907801,72.6538105078844,10.62702724187175,33.25171479380008,28.4927266958713,Unattained target,GPSampler,,PRUNED
560,560,12.660725572975132,2026-04-14 14:24:07.319160,2026-04-14 14:24:10.891550,0 days 00:00:03.572390,60.61564149979329,54.268401005104636,10.492521195214383,-38.3670620807369,38.888047989286434,80.9274201286623,90.45124697554317,33.092620472379586,29.72053290278456,16.17035420466867,84.37427716169341,70.81341153461051,-54.141937571466954,68.36202631907801,72.6538105078844,10.62702724187175,33.25171479380008,28.4927266958713,Unattained target,GPSampler,"{'sLegPt.rL0': 68.36202631907801, 'sLegPt.lL0': 16.17035420466867, 'sLegPt.rL1': 72.6538105078844, 'sLegPt.lL1': 84.37427716169341, 'sLegPt.x1': 33.25171479380008, 'sLegPt.y1': 28.4927266958713, 'sLegPt.rA1': -54.141937571466954, 'sLegPt.rL2': 10.62702724187175, 'sLegPt.lL2': 70.81341153461051, 'lLegPt.rL0': 38.888047989286434, 'lLegPt.lL0': 60.61564149979329, 'lLegPt.rL1': 80.9274201286623, 'lLegPt.lL1': 54.268401005104636, 'lLegPt.x1': 33.092620472379586, 'lLegPt.y1': 29.72053290278456, 'lLegPt.rA1': -38.3670620807369, 'lLegPt.rL2': 90.45124697554317, 'lLegPt.lL2': 10.492521195214383}",PRUNED
561,561,12.660725733032798,2026-04-14 14:24:11.054307,2026-04-14 14:24:14.806516,0 days 00:00:03.752209,60.61564149979329,54.268401005104636,10.492521195214383,-38.3670620807369,38.888047989286434,80.9274201286623,90.45124697554317,33.092620472379586,29.72053290278456,16.17035420466867,84.37427716169341,70.81341153461051,-54.141937571466954,68.36202631907801,72.6538105078844,10.62702724187175,33.25171479380008,28.4927266958713,Unattained target,GPSampler,"{'sLegPt.rL0': 68.36202631907801, 'sLegPt.lL0': 16.17035420466867, 'sLegPt.rL1': 72.6538105078844, 'sLegPt.lL1': 84.37427716169341, 'sLegPt.x1': 33.25171479380008, 'sLegPt.y1': 28.4927266958713, 'sLegPt.rA1': -54.141937571466954, 'sLegPt.rL2': 10.62702724187175, 'sLegPt.lL2': 70.81341153461051, 'lLegPt.rL0': 38.888047989286434, 'lLegPt.lL0': 60.61564149979329, 'lLegPt.rL1': 80.9274201286623, 'lLegPt.lL1': 54.268401005104636, 'lLegPt.x1': 33.092620472379586, 'lLegPt.y1': 29.72053290278456, 'lLegPt.rA1': -38.3670620807369, 'lLegPt.rL2': 90.45124697554317, 'lLegPt.lL2': 10.492521195214383}",PRUNED
562,562,5.878397560119723,2026-04-14 14:24:14.987420,2026-04-14 14:24:19.534984,0 days 00:00:04.547564,69.37631638651767,94.25011481737698,37.98580510374982,-79.1786901317376,99.77663585260768,40.000193320718076,42.134007821312366,40.63576508478607,25.315795060053887,95.42903190192861,72.81656209662978,15.021112833569278,-74.98904254854102,50.22511741242976,77.39173128098959,48.26175150560287,42.67241918871859,29.495252190577048,Unattained target,GPSampler,,PRUNED
563,563,5.87839772536325,2026-04-14 14:24:19.726174,2026-04-14 14:24:23.700312,0 days 00:00:03.974138,69.37631638651767,94.25011481737698,37.98580510374982,-79.1786901317376,99.77663585260768,40.000193320718076,42.134007821312366,40.63576508478607,25.315795060053887,95.42903190192861,72.81656209662978,15.021112833569278,-74.98904254854102,50.22511741242976,77.39173128098959,48.26175150560287,42.67241918871859,29.495252190577048,Unattained target,GPSampler,"{'sLegPt.rL0': 50.22511741242976, 'sLegPt.lL0': 95.42903190192861, 'sLegPt.rL1': 77.39173128098959, 'sLegPt.lL1': 72.81656209662978, 'sLegPt.x1': 42.67241918871859, 'sLegPt.y1': 29.495252190577048, 'sLegPt.rA1': -74.98904254854102, 'sLegPt.rL2': 48.26175150560287, 'sLegPt.lL2': 15.021112833569278, 'lLegPt.rL0': 99.77663585260768, 'lLegPt.lL0': 69.37631638651767, 'lLegPt.rL1': 40.000193320718076, 'lLegPt.lL1': 94.25011481737698, 'lLegPt.x1': 40.63576508478607, 'lLegPt.y1': 25.315795060053887, 'lLegPt.rA1': -79.1786901317376, 'lLegPt.rL2': 42.134007821312366, 'lLegPt.lL2': 37.98580510374982}",PRUNED
564,564,5.878397749566496,2026-04-14 14:24:23.882760,2026-04-14 14:24:28.172667,0 days 00:00:04.289907,69.37631638651767,94.25011481737698,37.98580510374982,-79.1786901317376,99.77663585260768,40.000193320718076,42.134007821312366,40.63576508478607,25.315795060053887,95.42903190192861,72.81656209662978,15.021112833569278,-74.98904254854102,50.22511741242976,77.39173128098959,48.26175150560287,42.67241918871859,29.495252190577048,Unattained target,GPSampler,"{'sLegPt.rL0': 50.22511741242976, 'sLegPt.lL0': 95.42903190192861, 'sLegPt.rL1': 77.39173128098959, 'sLegPt.lL1': 72.81656209662978, 'sLegPt.x1': 42.67241918871859, 'sLegPt.y1': 29.495252190577048, 'sLegPt.rA1': -74.98904254854102, 'sLegPt.rL2': 48.26175150560287, 'sLegPt.lL2': 15.021112833569278, 'lLegPt.rL0': 99.77663585260768, 'lLegPt.lL0': 69.37631638651767, 'lLegPt.rL1': 40.000193320718076, 'lLegPt.lL1': 94.25011481737698, 'lLegPt.x1': 40.63576508478607, 'lLegPt.y1': 25.315795060053887, 'lLegPt.rA1': -79.1786901317376, 'lLegPt.rL2': 42.134007821312366, 'lLegPt.lL2': 37.98580510374982}",PRUNED
565,565,6.191319592143692,2026-04-14 14:24:28.349896,2026-04-14 14:24:32.892468,0 days 00:00:04.542572,26.89632284432492,38.3644389851355,61.998586166720834,-50.97404395432066,89.62189692175129,68.07706440302557,39.70661114078517,38.17999959756698,28.5389028337664,95.09834426666004,64.62399110841139,15.85143376847515,-41.8339305059306,20.945711932198243,12.808063170815869,86.13893358535438,32.18911227515414,21.151684309312312,Unattained target,GPSampler,,PRUNED
566,566,6.1913195723373065,2026-04-14 14:24:33.072741,2026-04-14 14:24:37.308768,0 days 00:00:04.236027,26.89632284432492,38.3644389851355,61.998586166720834,-50.97404395432066,89.62189692175129,68.07706440302557,39.70661114078517,38.17999959756698,28.5389028337664,95.09834426666004,64.62399110841139,15.85143376847515,-41.8339305059306,20.945711932198243,12.808063170815869,86.13893358535438,32.18911227515414,21.151684309312312,Unattained target,GPSampler,"{'sLegPt.rL0': 20.945711932198243, 'sLegPt.lL0': 95.09834426666004, 'sLegPt.rL1': 12.808063170815869, 'sLegPt.lL1': 64.62399110841139, 'sLegPt.x1': 32.18911227515414, 'sLegPt.y1': 21.151684309312312, 'sLegPt.rA1': -41.8339305059306, 'sLegPt.rL2': 86.13893358535438, 'sLegPt.lL2': 15.85143376847515, 'lLegPt.rL0': 89.62189692175129, 'lLegPt.lL0': 26.89632284432492, 'lLegPt.rL1': 68.07706440302557, 'lLegPt.lL1': 38.3644389851355, 'lLegPt.x1': 38.17999959756698, 'lLegPt.y1': 28.5389028337664, 'lLegPt.rA1': -50.97404395432066, 'lLegPt.rL2': 39.70661114078517, 'lLegPt.lL2': 61.998586166720834}",PRUNED
567,567,6.191317584708763,2026-04-14 14:24:37.473797,2026-04-14 14:24:41.737135,0 days 00:00:04.263338,26.89632284432492,38.3644389851355,61.998586166720834,-50.97404395432066,89.62189692175129,68.07706440302557,39.70661114078517,38.17999959756698,28.5389028337664,95.09834426666004,64.62399110841139,15.85143376847515,-41.8339305059306,20.945711932198243,12.808063170815869,86.13893358535438,32.18911227515414,21.151684309312312,Unattained target,GPSampler,"{'sLegPt.rL0': 20.945711932198243, 'sLegPt.lL0': 95.09834426666004, 'sLegPt.rL1': 12.808063170815869, 'sLegPt.lL1': 64.62399110841139, 'sLegPt.x1': 32.18911227515414, 'sLegPt.y1': 21.151684309312312, 'sLegPt.rA1': -41.8339305059306, 'sLegPt.rL2': 86.13893358535438, 'sLegPt.lL2': 15.85143376847515, 'lLegPt.rL0': 89.62189692175129, 'lLegPt.lL0': 26.89632284432492, 'lLegPt.rL1': 68.07706440302557, 'lLegPt.lL1': 38.3644389851355, 'lLegPt.x1': 38.17999959756698, 'lLegPt.y1': 28.5389028337664, 'lLegPt.rA1': -50.97404395432066, 'lLegPt.rL2': 39.70661114078517, 'lLegPt.lL2': 61.998586166720834}",PRUNED
568,568,10.760066675071393,2026-04-14 14:24:41.921837,2026-04-14 14:24:46.285014,0 days 00:00:04.363177,90.29677573961871,84.70652295007044,64.7493299483719,-55.66860525147649,46.9410925461179,54.75226540535323,90.27132410443106,40.84059943954884,11.642095095419014,22.426183270389505,72.41552791218224,87.75280897870043,-78.4619919382333,64.04602856500333,78.99690249239609,38.338743557143914,44.731540576324576,16.382828114431078,Unattained target,GPSampler,,PRUNED
569,569,10.760065893310937,2026-04-14 14:24:46.477933,2026-04-14 14:24:50.549679,0 days 00:00:04.071746,90.29677573961871,84.70652295007044,64.7493299483719,-55.66860525147649,46.9410925461179,54.75226540535323,90.27132410443106,40.84059943954884,11.642095095419014,22.426183270389505,72.41552791218224,87.75280897870043,-78.4619919382333,64.04602856500333,78.99690249239609,38.338743557143914,44.731540576324576,16.382828114431078,Unattained target,GPSampler,"{'sLegPt.rL0': 64.04602856500333, 'sLegPt.lL0': 22.426183270389505, 'sLegPt.rL1': 78.99690249239609, 'sLegPt.lL1': 72.41552791218224, 'sLegPt.x1': 44.731540576324576, 'sLegPt.y1': 16.382828114431078, 'sLegPt.rA1': -78.4619919382333, 'sLegPt.rL2': 38.338743557143914, 'sLegPt.lL2': 87.75280897870043, 'lLegPt.rL0': 46.9410925461179, 'lLegPt.lL0': 90.29677573961871, 'lLegPt.rL1': 54.75226540535323, 'lLegPt.lL1': 84.70652295007044, 'lLegPt.x1': 40.84059943954884, 'lLegPt.y1': 11.642095095419014, 'lLegPt.rA1': -55.66860525147649, 'lLegPt.rL2': 90.27132410443106, 'lLegPt.lL2': 64.7493299483719}",PRUNED
570,570,10.760066556147272,2026-04-14 14:24:50.721186,2026-04-14 14:24:54.777062,0 days 00:00:04.055876,90.29677573961871,84.70652295007044,64.7493299483719,-55.66860525147649,46.9410925461179,54.75226540535323,90.27132410443106,40.84059943954884,11.642095095419014,22.426183270389505,72.41552791218224,87.75280897870043,-78.4619919382333,64.04602856500333,78.99690249239609,38.338743557143914,44.731540576324576,16.382828114431078,Unattained target,GPSampler,"{'sLegPt.rL0': 64.04602856500333, 'sLegPt.lL0': 22.426183270389505, 'sLegPt.rL1': 78.99690249239609, 'sLegPt.lL1': 72.41552791218224, 'sLegPt.x1': 44.731540576324576, 'sLegPt.y1': 16.382828114431078, 'sLegPt.rA1': -78.4619919382333, 'sLegPt.rL2': 38.338743557143914, 'sLegPt.lL2': 87.75280897870043, 'lLegPt.rL0': 46.9410925461179, 'lLegPt.lL0': 90.29677573961871, 'lLegPt.rL1': 54.75226540535323, 'lLegPt.lL1': 84.70652295007044, 'lLegPt.x1': 40.84059943954884, 'lLegPt.y1': 11.642095095419014, 'lLegPt.rA1': -55.66860525147649, 'lLegPt.rL2': 90.27132410443106, 'lLegPt.lL2': 64.7493299483719}",PRUNED
571,571,10.028322732523755,2026-04-14 14:24:54.956083,2026-04-14 14:24:59.173592,0 days 00:00:04.217509,21.348235560975407,59.08911570544241,17.00282962098376,-38.27279002019412,98.81729310977391,40.41453393395986,28.278523317571064,48.0420677620108,10.396240914068226,23.620477604464085,77.12034293080937,83.18674814167849,-46.86490972900885,74.25822446509349,67.0848856276621,13.990815609580144,38.22023668671025,21.680185471511315,Unattained target,GPSampler,,PRUNED
572,572,10.028328004448852,2026-04-14 14:24:59.344635,2026-04-14 14:25:03.272131,0 days 00:00:03.927496,21.348235560975407,59.08911570544241,17.00282962098376,-38.27279002019412,98.81729310977391,40.41453393395986,28.278523317571064,48.0420677620108,10.396240914068226,23.620477604464085,77.12034293080937,83.18674814167849,-46.86490972900885,74.25822446509349,67.0848856276621,13.990815609580144,38.22023668671025,21.680185471511315,Unattained target,GPSampler,"{'sLegPt.rL0': 74.25822446509349, 'sLegPt.lL0': 23.620477604464085, 'sLegPt.rL1': 67.0848856276621, 'sLegPt.lL1': 77.12034293080937, 'sLegPt.x1': 38.22023668671025, 'sLegPt.y1': 21.680185471511315, 'sLegPt.rA1': -46.86490972900885, 'sLegPt.rL2': 13.990815609580144, 'sLegPt.lL2': 83.18674814167849, 'lLegPt.rL0': 98.81729310977391, 'lLegPt.lL0': 21.348235560975407, 'lLegPt.rL1': 40.41453393395986, 'lLegPt.lL1': 59.08911570544241, 'lLegPt.x1': 48.0420677620108, 'lLegPt.y1': 10.396240914068226, 'lLegPt.rA1': -38.27279002019412, 'lLegPt.rL2': 28.278523317571064, 'lLegPt.lL2': 17.00282962098376}",PRUNED
573,573,10.02832327405585,2026-04-14 14:25:03.441201,2026-04-14 14:25:07.485618,0 days 00:00:04.044417,21.348235560975407,59.08911570544241,17.00282962098376,-38.27279002019412,98.81729310977391,40.41453393395986,28.278523317571064,48.0420677620108,10.396240914068226,23.620477604464085,77.12034293080937,83.18674814167849,-46.86490972900885,74.25822446509349,67.0848856276621,13.990815609580144,38.22023668671025,21.680185471511315,Unattained target,GPSampler,"{'sLegPt.rL0': 74.25822446509349, 'sLegPt.lL0': 23.620477604464085, 'sLegPt.rL1': 67.0848856276621, 'sLegPt.lL1': 77.12034293080937, 'sLegPt.x1': 38.22023668671025, 'sLegPt.y1': 21.680185471511315, 'sLegPt.rA1': -46.86490972900885, 'sLegPt.rL2': 13.990815609580144, 'sLegPt.lL2': 83.18674814167849, 'lLegPt.rL0': 98.81729310977391, 'lLegPt.lL0': 21.348235560975407, 'lLegPt.rL1': 40.41453393395986, 'lLegPt.lL1': 59.08911570544241, 'lLegPt.x1': 48.0420677620108, 'lLegPt.y1': 10.396240914068226, 'lLegPt.rA1': -38.27279002019412, 'lLegPt.rL2': 28.278523317571064, 'lLegPt.lL2': 17.00282962098376}",PRUNED
574,574,5.15567963730448,2026-04-14 14:25:07.724144,2026-04-14 14:25:12.311315,0 days 00:00:04.587171,93.62368735916125,47.70611342643186,53.73653049943844,-70.61478592889418,96.48701221241433,69.49963181394718,79.98100837500458,30.182161323998137,24.689245494113493,90.22701980977419,47.48274629915758,48.12495379760275,-53.23854612011514,27.11388240772284,25.757695586489156,49.71273969388176,35.157158733536534,11.646550664673057,Unattained target,GPSampler,,PRUNED
575,575,5.155679645570082,2026-04-14 14:25:12.492029,2026-04-14 14:25:16.620747,0 days 00:00:04.128718,93.62368735916125,47.70611342643186,53.73653049943844,-70.61478592889418,96.48701221241433,69.49963181394718,79.98100837500458,30.182161323998137,24.689245494113493,90.22701980977419,47.48274629915758,48.12495379760275,-53.23854612011514,27.11388240772284,25.757695586489156,49.71273969388176,35.157158733536534,11.646550664673057,Unattained target,GPSampler,"{'sLegPt.rL0': 27.11388240772284, 'sLegPt.lL0': 90.22701980977419, 'sLegPt.rL1': 25.757695586489156, 'sLegPt.lL1': 47.48274629915758, 'sLegPt.x1': 35.157158733536534, 'sLegPt.y1': 11.646550664673057, 'sLegPt.rA1': -53.23854612011514, 'sLegPt.rL2': 49.71273969388176, 'sLegPt.lL2': 48.12495379760275, 'lLegPt.rL0': 96.48701221241433, 'lLegPt.lL0': 93.62368735916125, 'lLegPt.rL1': 69.49963181394718, 'lLegPt.lL1': 47.70611342643186, 'lLegPt.x1': 30.182161323998137, 'lLegPt.y1': 24.689245494113493, 'lLegPt.rA1': -70.61478592889418, 'lLegPt.rL2': 79.98100837500458, 'lLegPt.lL2': 53.73653049943844}",PRUNED
576,576,5.155679806292241,2026-04-14 14:25:16.810027,2026-04-14 14:25:20.666160,0 days 00:00:03.856133,93.62368735916125,47.70611342643186,53.73653049943844,-70.61478592889418,96.48701221241433,69.49963181394718,79.98100837500458,30.182161323998137,24.689245494113493,90.22701980977419,47.48274629915758,48.12495379760275,-53.23854612011514,27.11388240772284,25.757695586489156,49.71273969388176,35.157158733536534,11.646550664673057,Unattained target,GPSampler,"{'sLegPt.rL0': 27.11388240772284, 'sLegPt.lL0': 90.22701980977419, 'sLegPt.rL1': 25.757695586489156, 'sLegPt.lL1': 47.48274629915758, 'sLegPt.x1': 35.157158733536534, 'sLegPt.y1': 11.646550664673057, 'sLegPt.rA1': -53.23854612011514, 'sLegPt.rL2': 49.71273969388176, 'sLegPt.lL2': 48.12495379760275, 'lLegPt.rL0': 96.48701221241433, 'lLegPt.lL0': 93.62368735916125, 'lLegPt.rL1': 69.49963181394718, 'lLegPt.lL1': 47.70611342643186, 'lLegPt.x1': 30.182161323998137, 'lLegPt.y1': 24.689245494113493, 'lLegPt.rA1': -70.61478592889418, 'lLegPt.rL2': 79.98100837500458, 'lLegPt.lL2': 53.73653049943844}",PRUNED
577,577,13.194823274933334,2026-04-14 14:25:20.856774,2026-04-14 14:25:24.892450,0 days 00:00:04.035676,80.07538757763068,51.8243196165206,85.82355654038459,-56.383626541490756,44.07464825512521,74.48930369402127,23.915459571027675,39.42633422045426,18.38763429086162,19.03842377153398,14.107718337686062,47.768358598720575,-26.150243164948492,88.7749962721524,18.33693520122212,76.54184020438996,32.255035626969054,27.37518554341711,Unattained target,GPSampler,,PRUNED
