,number,value,datetime_start,datetime_complete,duration,params_lLegPt.lL0,params_lLegPt.lL1,params_lLegPt.lL2,params_lLegPt.rA1,params_lLegPt.rL0,params_lLegPt.rL1,params_lLegPt.rL2,params_lLegPt.x1,params_lLegPt.y1,params_sLegPt.lL0,params_sLegPt.lL1,params_sLegPt.lL2,params_sLegPt.rA1,params_sLegPt.rL0,params_sLegPt.rL1,params_sLegPt.rL2,params_sLegPt.x1,params_sLegPt.y1,user_attrs_prune,system_attrs_auto:sampler,system_attrs_fixed_params,state
820,820,5.773802200988563,2026-04-14 14:43:58.590361,2026-04-14 14:44:06.982238,0 days 00:00:08.391877,80.96144015270212,78.56951517724661,14.616008723000446,-59.41192522486403,34.62357944358553,84.91785618768618,58.10398317558055,34.556458270078316,22.93596417266683,12.42907134674261,21.47445422772586,60.15059948317552,-60.33506980204976,17.145605651324928,11.782933433766434,25.782144409326172,47.4687291861793,25.37203593505577,Unattained target,GPSampler,"{'sLegPt.rL0': 17.145605651324928, 'sLegPt.lL0': 12.42907134674261, 'sLegPt.rL1': 11.782933433766434, 'sLegPt.lL1': 21.47445422772586, 'sLegPt.x1': 47.4687291861793, 'sLegPt.y1': 25.37203593505577, 'sLegPt.rA1': -60.33506980204976, 'sLegPt.rL2': 25.782144409326172, 'sLegPt.lL2': 60.15059948317552, 'lLegPt.rL0': 34.62357944358553, 'lLegPt.lL0': 80.96144015270212, 'lLegPt.rL1': 84.91785618768618, 'lLegPt.lL1': 78.56951517724661, 'lLegPt.x1': 34.556458270078316, 'lLegPt.y1': 22.93596417266683, 'lLegPt.rA1': -59.41192522486403, 'lLegPt.rL2': 58.10398317558055, 'lLegPt.lL2': 14.616008723000446}",PRUNED
821,821,5.769378680818235,2026-04-14 14:44:07.169034,2026-04-14 14:44:15.695013,0 days 00:00:08.525979,80.96144015270212,78.56951517724661,14.616008723000446,-59.41192522486403,34.62357944358553,84.91785618768618,58.10398317558055,34.556458270078316,22.93596417266683,12.42907134674261,21.47445422772586,60.15059948317552,-60.33506980204976,17.145605651324928,11.782933433766434,25.782144409326172,47.4687291861793,25.37203593505577,Unattained target,GPSampler,"{'sLegPt.rL0': 17.145605651324928, 'sLegPt.lL0': 12.42907134674261, 'sLegPt.rL1': 11.782933433766434, 'sLegPt.lL1': 21.47445422772586, 'sLegPt.x1': 47.4687291861793, 'sLegPt.y1': 25.37203593505577, 'sLegPt.rA1': -60.33506980204976, 'sLegPt.rL2': 25.782144409326172, 'sLegPt.lL2': 60.15059948317552, 'lLegPt.rL0': 34.62357944358553, 'lLegPt.lL0': 80.96144015270212, 'lLegPt.rL1': 84.91785618768618, 'lLegPt.lL1': 78.56951517724661, 'lLegPt.x1': 34.556458270078316, 'lLegPt.y1': 22.93596417266683, 'lLegPt.rA1': -59.41192522486403, 'lLegPt.rL2': 58.10398317558055, 'lLegPt.lL2': 14.616008723000446}",PRUNED
822,822,5.049263278974244,2026-04-14 14:44:15.887124,2026-04-14 14:44:23.058554,0 days 00:00:07.171430,70.48873210675637,24.393866778998195,25.042600123286178,-36.861714828411365,65.17586928464405,26.82635231626528,69.2156025238071,46.329298222244034,21.560883990533746,39.45546226297517,96.31143219393495,37.12810357536797,-40.0773344527815,23.01990834959411,34.836994894663164,57.11254559933116,41.87368977563485,19.13140945648964,Unattained target,GPSampler,,PRUNED
823,823,5.049262645750858,2026-04-14 14:44:23.253268,2026-04-14 14:44:31.608730,0 days 00:00:08.355462,70.48873210675637,24.393866778998195,25.042600123286178,-36.861714828411365,65.17586928464405,26.82635231626528,69.2156025238071,46.329298222244034,21.560883990533746,39.45546226297517,96.31143219393495,37.12810357536797,-40.0773344527815,23.01990834959411,34.836994894663164,57.11254559933116,41.87368977563485,19.13140945648964,Unattained target,GPSampler,"{'sLegPt.rL0': 23.01990834959411, 'sLegPt.lL0': 39.45546226297517, 'sLegPt.rL1': 34.836994894663164, 'sLegPt.lL1': 96.31143219393495, 'sLegPt.x1': 41.87368977563485, 'sLegPt.y1': 19.13140945648964, 'sLegPt.rA1': -40.0773344527815, 'sLegPt.rL2': 57.11254559933116, 'sLegPt.lL2': 37.12810357536797, 'lLegPt.rL0': 65.17586928464405, 'lLegPt.lL0': 70.48873210675637, 'lLegPt.rL1': 26.82635231626528, 'lLegPt.lL1': 24.393866778998195, 'lLegPt.x1': 46.329298222244034, 'lLegPt.y1': 21.560883990533746, 'lLegPt.rA1': -36.861714828411365, 'lLegPt.rL2': 69.2156025238071, 'lLegPt.lL2': 25.042600123286178}",PRUNED
824,824,5.0492633862542675,2026-04-14 14:44:31.790640,2026-04-14 14:44:40.292553,0 days 00:00:08.501913,70.48873210675637,24.393866778998195,25.042600123286178,-36.861714828411365,65.17586928464405,26.82635231626528,69.2156025238071,46.329298222244034,21.560883990533746,39.45546226297517,96.31143219393495,37.12810357536797,-40.0773344527815,23.01990834959411,34.836994894663164,57.11254559933116,41.87368977563485,19.13140945648964,Unattained target,GPSampler,"{'sLegPt.rL0': 23.01990834959411, 'sLegPt.lL0': 39.45546226297517, 'sLegPt.rL1': 34.836994894663164, 'sLegPt.lL1': 96.31143219393495, 'sLegPt.x1': 41.87368977563485, 'sLegPt.y1': 19.13140945648964, 'sLegPt.rA1': -40.0773344527815, 'sLegPt.rL2': 57.11254559933116, 'sLegPt.lL2': 37.12810357536797, 'lLegPt.rL0': 65.17586928464405, 'lLegPt.lL0': 70.48873210675637, 'lLegPt.rL1': 26.82635231626528, 'lLegPt.lL1': 24.393866778998195, 'lLegPt.x1': 46.329298222244034, 'lLegPt.y1': 21.560883990533746, 'lLegPt.rA1': -36.861714828411365, 'lLegPt.rL2': 69.2156025238071, 'lLegPt.lL2': 25.042600123286178}",PRUNED
825,825,5.578547676380495,2026-04-14 14:44:40.490398,2026-04-14 14:44:44.546623,0 days 00:00:04.056225,32.52356973031928,72.21089434314007,15.79985624291721,-47.8775164233601,43.46653160449734,49.19823893082041,39.46461499853493,31.07021782894155,20.233544749404295,45.84062892208419,39.804546040598254,86.45679091527093,-71.98112264612826,55.58309417364039,28.05730076381701,27.083054905761163,35.58461873824567,27.275726366283834,Unattained target,GPSampler,,PRUNED
826,826,5.578547634751267,2026-04-14 14:44:44.746620,2026-04-14 14:44:48.533767,0 days 00:00:03.787147,32.52356973031928,72.21089434314007,15.79985624291721,-47.8775164233601,43.46653160449734,49.19823893082041,39.46461499853493,31.07021782894155,20.233544749404295,45.84062892208419,39.804546040598254,86.45679091527093,-71.98112264612826,55.58309417364039,28.05730076381701,27.083054905761163,35.58461873824567,27.275726366283834,Unattained target,GPSampler,"{'sLegPt.rL0': 55.58309417364039, 'sLegPt.lL0': 45.84062892208419, 'sLegPt.rL1': 28.05730076381701, 'sLegPt.lL1': 39.804546040598254, 'sLegPt.x1': 35.58461873824567, 'sLegPt.y1': 27.275726366283834, 'sLegPt.rA1': -71.98112264612826, 'sLegPt.rL2': 27.083054905761163, 'sLegPt.lL2': 86.45679091527093, 'lLegPt.rL0': 43.46653160449734, 'lLegPt.lL0': 32.52356973031928, 'lLegPt.rL1': 49.19823893082041, 'lLegPt.lL1': 72.21089434314007, 'lLegPt.x1': 31.07021782894155, 'lLegPt.y1': 20.233544749404295, 'lLegPt.rA1': -47.8775164233601, 'lLegPt.rL2': 39.46461499853493, 'lLegPt.lL2': 15.79985624291721}",PRUNED
827,827,5.5785477192096735,2026-04-14 14:44:48.701414,2026-04-14 14:44:52.697084,0 days 00:00:03.995670,32.52356973031928,72.21089434314007,15.79985624291721,-47.8775164233601,43.46653160449734,49.19823893082041,39.46461499853493,31.07021782894155,20.233544749404295,45.84062892208419,39.804546040598254,86.45679091527093,-71.98112264612826,55.58309417364039,28.05730076381701,27.083054905761163,35.58461873824567,27.275726366283834,Unattained target,GPSampler,"{'sLegPt.rL0': 55.58309417364039, 'sLegPt.lL0': 45.84062892208419, 'sLegPt.rL1': 28.05730076381701, 'sLegPt.lL1': 39.804546040598254, 'sLegPt.x1': 35.58461873824567, 'sLegPt.y1': 27.275726366283834, 'sLegPt.rA1': -71.98112264612826, 'sLegPt.rL2': 27.083054905761163, 'sLegPt.lL2': 86.45679091527093, 'lLegPt.rL0': 43.46653160449734, 'lLegPt.lL0': 32.52356973031928, 'lLegPt.rL1': 49.19823893082041, 'lLegPt.lL1': 72.21089434314007, 'lLegPt.x1': 31.07021782894155, 'lLegPt.y1': 20.233544749404295, 'lLegPt.rA1': -47.8775164233601, 'lLegPt.rL2': 39.46461499853493, 'lLegPt.lL2': 15.79985624291721}",PRUNED
828,828,6.7923181772194,2026-04-14 14:44:52.885358,2026-04-14 14:44:56.543281,0 days 00:00:03.657923,31.744241801417463,39.57826567791122,39.35134618537816,-52.21778453566138,88.80495543789912,91.49264581044902,86.01763584029908,49.02716032547729,29.598911023160824,14.559215316033313,72.94730250345694,88.4005568754024,-63.77174545220265,47.04288486320206,17.74683886183613,62.634125310103826,35.95530613932312,21.749254326146534,Unattained target,GPSampler,,PRUNED
829,829,6.7923189696284325,2026-04-14 14:44:56.721845,2026-04-14 14:45:00.549977,0 days 00:00:03.828132,31.744241801417463,39.57826567791122,39.35134618537816,-52.21778453566138,88.80495543789912,91.49264581044902,86.01763584029908,49.02716032547729,29.598911023160824,14.559215316033313,72.94730250345694,88.4005568754024,-63.77174545220265,47.04288486320206,17.74683886183613,62.634125310103826,35.95530613932312,21.749254326146534,Unattained target,GPSampler,"{'sLegPt.rL0': 47.04288486320206, 'sLegPt.lL0': 14.559215316033313, 'sLegPt.rL1': 17.74683886183613, 'sLegPt.lL1': 72.94730250345694, 'sLegPt.x1': 35.95530613932312, 'sLegPt.y1': 21.749254326146534, 'sLegPt.rA1': -63.77174545220265, 'sLegPt.rL2': 62.634125310103826, 'sLegPt.lL2': 88.4005568754024, 'lLegPt.rL0': 88.80495543789912, 'lLegPt.lL0': 31.744241801417463, 'lLegPt.rL1': 91.49264581044902, 'lLegPt.lL1': 39.57826567791122, 'lLegPt.x1': 49.02716032547729, 'lLegPt.y1': 29.598911023160824, 'lLegPt.rA1': -52.21778453566138, 'lLegPt.rL2': 86.01763584029908, 'lLegPt.lL2': 39.35134618537816}",PRUNED
830,830,6.79231829410665,2026-04-14 14:45:00.742034,2026-04-14 14:45:04.479677,0 days 00:00:03.737643,31.744241801417463,39.57826567791122,39.35134618537816,-52.21778453566138,88.80495543789912,91.49264581044902,86.01763584029908,49.02716032547729,29.598911023160824,14.559215316033313,72.94730250345694,88.4005568754024,-63.77174545220265,47.04288486320206,17.74683886183613,62.634125310103826,35.95530613932312,21.749254326146534,Unattained target,GPSampler,"{'sLegPt.rL0': 47.04288486320206, 'sLegPt.lL0': 14.559215316033313, 'sLegPt.rL1': 17.74683886183613, 'sLegPt.lL1': 72.94730250345694, 'sLegPt.x1': 35.95530613932312, 'sLegPt.y1': 21.749254326146534, 'sLegPt.rA1': -63.77174545220265, 'sLegPt.rL2': 62.634125310103826, 'sLegPt.lL2': 88.4005568754024, 'lLegPt.rL0': 88.80495543789912, 'lLegPt.lL0': 31.744241801417463, 'lLegPt.rL1': 91.49264581044902, 'lLegPt.lL1': 39.57826567791122, 'lLegPt.x1': 49.02716032547729, 'lLegPt.y1': 29.598911023160824, 'lLegPt.rA1': -52.21778453566138, 'lLegPt.rL2': 86.01763584029908, 'lLegPt.lL2': 39.35134618537816}",PRUNED
831,831,11.52211500987869,2026-04-14 14:45:04.647349,2026-04-14 14:45:08.531425,0 days 00:00:03.884076,23.668213404717562,19.526988370217207,83.23565591529902,-69.43792109757817,24.685070798549255,86.52189461934955,52.11700403413073,43.34503787358551,16.268801941954948,16.226173254542715,39.39139012913466,98.5838413211381,-23.509799813973835,58.92353590677791,62.39497359142216,21.168887041952125,33.23097377051958,17.762890599250785,Unattained target,GPSampler,,PRUNED
832,832,11.522117298783769,2026-04-14 14:45:08.701690,2026-04-14 14:45:12.644437,0 days 00:00:03.942747,23.668213404717562,19.526988370217207,83.23565591529902,-69.43792109757817,24.685070798549255,86.52189461934955,52.11700403413073,43.34503787358551,16.268801941954948,16.226173254542715,39.39139012913466,98.5838413211381,-23.509799813973835,58.92353590677791,62.39497359142216,21.168887041952125,33.23097377051958,17.762890599250785,Unattained target,GPSampler,"{'sLegPt.rL0': 58.92353590677791, 'sLegPt.lL0': 16.226173254542715, 'sLegPt.rL1': 62.39497359142216, 'sLegPt.lL1': 39.39139012913466, 'sLegPt.x1': 33.23097377051958, 'sLegPt.y1': 17.762890599250785, 'sLegPt.rA1': -23.509799813973835, 'sLegPt.rL2': 21.168887041952125, 'sLegPt.lL2': 98.5838413211381, 'lLegPt.rL0': 24.685070798549255, 'lLegPt.lL0': 23.668213404717562, 'lLegPt.rL1': 86.52189461934955, 'lLegPt.lL1': 19.526988370217207, 'lLegPt.x1': 43.34503787358551, 'lLegPt.y1': 16.268801941954948, 'lLegPt.rA1': -69.43792109757817, 'lLegPt.rL2': 52.11700403413073, 'lLegPt.lL2': 83.23565591529902}",PRUNED
833,833,11.522114911070872,2026-04-14 14:45:12.819396,2026-04-14 14:45:16.512127,0 days 00:00:03.692731,23.668213404717562,19.526988370217207,83.23565591529902,-69.43792109757817,24.685070798549255,86.52189461934955,52.11700403413073,43.34503787358551,16.268801941954948,16.226173254542715,39.39139012913466,98.5838413211381,-23.509799813973835,58.92353590677791,62.39497359142216,21.168887041952125,33.23097377051958,17.762890599250785,Unattained target,GPSampler,"{'sLegPt.rL0': 58.92353590677791, 'sLegPt.lL0': 16.226173254542715, 'sLegPt.rL1': 62.39497359142216, 'sLegPt.lL1': 39.39139012913466, 'sLegPt.x1': 33.23097377051958, 'sLegPt.y1': 17.762890599250785, 'sLegPt.rA1': -23.509799813973835, 'sLegPt.rL2': 21.168887041952125, 'sLegPt.lL2': 98.5838413211381, 'lLegPt.rL0': 24.685070798549255, 'lLegPt.lL0': 23.668213404717562, 'lLegPt.rL1': 86.52189461934955, 'lLegPt.lL1': 19.526988370217207, 'lLegPt.x1': 43.34503787358551, 'lLegPt.y1': 16.268801941954948, 'lLegPt.rA1': -69.43792109757817, 'lLegPt.rL2': 52.11700403413073, 'lLegPt.lL2': 83.23565591529902}",PRUNED
834,834,5.937974841199718,2026-04-14 14:45:16.673796,2026-04-14 14:45:22.097179,0 days 00:00:05.423383,44.37726262147445,11.466502646764543,45.06965322275846,-45.07520119181735,18.815561935163846,21.273382188351206,98.28653867170317,35.05367270266352,18.618996196703026,11.870862511653469,28.184711996655846,25.96834291679823,-55.51503458064613,95.65154549601199,57.391495087879626,20.75150741854276,48.47853236887043,11.407501100919994,Unattained target,GPSampler,,PRUNED
835,835,5.938000220927151,2026-04-14 14:45:22.265784,2026-04-14 14:45:27.617666,0 days 00:00:05.351882,44.37726262147445,11.466502646764543,45.06965322275846,-45.07520119181735,18.815561935163846,21.273382188351206,98.28653867170317,35.05367270266352,18.618996196703026,11.870862511653469,28.184711996655846,25.96834291679823,-55.51503458064613,95.65154549601199,57.391495087879626,20.75150741854276,48.47853236887043,11.407501100919994,Unattained target,GPSampler,"{'sLegPt.rL0': 95.65154549601199, 'sLegPt.lL0': 11.870862511653469, 'sLegPt.rL1': 57.391495087879626, 'sLegPt.lL1': 28.184711996655846, 'sLegPt.x1': 48.47853236887043, 'sLegPt.y1': 11.407501100919994, 'sLegPt.rA1': -55.51503458064613, 'sLegPt.rL2': 20.75150741854276, 'sLegPt.lL2': 25.96834291679823, 'lLegPt.rL0': 18.815561935163846, 'lLegPt.lL0': 44.37726262147445, 'lLegPt.rL1': 21.273382188351206, 'lLegPt.lL1': 11.466502646764543, 'lLegPt.x1': 35.05367270266352, 'lLegPt.y1': 18.618996196703026, 'lLegPt.rA1': -45.07520119181735, 'lLegPt.rL2': 98.28653867170317, 'lLegPt.lL2': 45.06965322275846}",PRUNED
836,836,5.9379797203018185,2026-04-14 14:45:27.802651,2026-04-14 14:45:32.683593,0 days 00:00:04.880942,44.37726262147445,11.466502646764543,45.06965322275846,-45.07520119181735,18.815561935163846,21.273382188351206,98.28653867170317,35.05367270266352,18.618996196703026,11.870862511653469,28.184711996655846,25.96834291679823,-55.51503458064613,95.65154549601199,57.391495087879626,20.75150741854276,48.47853236887043,11.407501100919994,Unattained target,GPSampler,"{'sLegPt.rL0': 95.65154549601199, 'sLegPt.lL0': 11.870862511653469, 'sLegPt.rL1': 57.391495087879626, 'sLegPt.lL1': 28.184711996655846, 'sLegPt.x1': 48.47853236887043, 'sLegPt.y1': 11.407501100919994, 'sLegPt.rA1': -55.51503458064613, 'sLegPt.rL2': 20.75150741854276, 'sLegPt.lL2': 25.96834291679823, 'lLegPt.rL0': 18.815561935163846, 'lLegPt.lL0': 44.37726262147445, 'lLegPt.rL1': 21.273382188351206, 'lLegPt.lL1': 11.466502646764543, 'lLegPt.x1': 35.05367270266352, 'lLegPt.y1': 18.618996196703026, 'lLegPt.rA1': -45.07520119181735, 'lLegPt.rL2': 98.28653867170317, 'lLegPt.lL2': 45.06965322275846}",PRUNED
837,837,7.338669922825268,2026-04-14 14:45:32.873973,2026-04-14 14:45:36.736893,0 days 00:00:03.862920,20.915437722371195,24.279676921749633,84.61015867661042,-59.90263646312194,42.554188178527426,71.15600612316531,14.92071456722222,31.270025650857104,25.177128660944238,61.104845691453626,60.85070357973325,62.10635734708274,-36.16135174206628,79.00586313947665,67.437202929569,38.343445531934364,37.89049000459018,29.704961078476607,Unattained target,GPSampler,,PRUNED
838,838,7.338669795471944,2026-04-14 14:45:36.885908,2026-04-14 14:45:41.477232,0 days 00:00:04.591324,20.915437722371195,24.279676921749633,84.61015867661042,-59.90263646312194,42.554188178527426,71.15600612316531,14.92071456722222,31.270025650857104,25.177128660944238,61.104845691453626,60.85070357973325,62.10635734708274,-36.16135174206628,79.00586313947665,67.437202929569,38.343445531934364,37.89049000459018,29.704961078476607,Unattained target,GPSampler,"{'sLegPt.rL0': 79.00586313947665, 'sLegPt.lL0': 61.104845691453626, 'sLegPt.rL1': 67.437202929569, 'sLegPt.lL1': 60.85070357973325, 'sLegPt.x1': 37.89049000459018, 'sLegPt.y1': 29.704961078476607, 'sLegPt.rA1': -36.16135174206628, 'sLegPt.rL2': 38.343445531934364, 'sLegPt.lL2': 62.10635734708274, 'lLegPt.rL0': 42.554188178527426, 'lLegPt.lL0': 20.915437722371195, 'lLegPt.rL1': 71.15600612316531, 'lLegPt.lL1': 24.279676921749633, 'lLegPt.x1': 31.270025650857104, 'lLegPt.y1': 25.177128660944238, 'lLegPt.rA1': -59.90263646312194, 'lLegPt.rL2': 14.92071456722222, 'lLegPt.lL2': 84.61015867661042}",PRUNED
839,839,7.338669648933411,2026-04-14 14:45:41.632723,2026-04-14 14:45:45.582193,0 days 00:00:03.949470,20.915437722371195,24.279676921749633,84.61015867661042,-59.90263646312194,42.554188178527426,71.15600612316531,14.92071456722222,31.270025650857104,25.177128660944238,61.104845691453626,60.85070357973325,62.10635734708274,-36.16135174206628,79.00586313947665,67.437202929569,38.343445531934364,37.89049000459018,29.704961078476607,Unattained target,GPSampler,"{'sLegPt.rL0': 79.00586313947665, 'sLegPt.lL0': 61.104845691453626, 'sLegPt.rL1': 67.437202929569, 'sLegPt.lL1': 60.85070357973325, 'sLegPt.x1': 37.89049000459018, 'sLegPt.y1': 29.704961078476607, 'sLegPt.rA1': -36.16135174206628, 'sLegPt.rL2': 38.343445531934364, 'sLegPt.lL2': 62.10635734708274, 'lLegPt.rL0': 42.554188178527426, 'lLegPt.lL0': 20.915437722371195, 'lLegPt.rL1': 71.15600612316531, 'lLegPt.lL1': 24.279676921749633, 'lLegPt.x1': 31.270025650857104, 'lLegPt.y1': 25.177128660944238, 'lLegPt.rA1': -59.90263646312194, 'lLegPt.rL2': 14.92071456722222, 'lLegPt.lL2': 84.61015867661042}",PRUNED
840,840,5.914220825181868,2026-04-14 14:45:45.741637,2026-04-14 14:45:50.096100,0 days 00:00:04.354463,79.36146835244132,96.60838605224295,94.04027458751601,-69.27547252351576,14.2188072261348,81.14974389251257,76.17941531635374,31.722683015521305,12.3095043853015,67.06796902546895,90.86935696297726,99.85805216016833,-41.52608594102481,92.47019762526011,54.55755255635939,84.70306012741217,47.14342401388022,17.128895631597466,Unattained target,GPSampler,,PRUNED
841,841,5.91422115740821,2026-04-14 14:45:50.259634,2026-04-14 14:45:54.203393,0 days 00:00:03.943759,79.36146835244132,96.60838605224295,94.04027458751601,-69.27547252351576,14.2188072261348,81.14974389251257,76.17941531635374,31.722683015521305,12.3095043853015,67.06796902546895,90.86935696297726,99.85805216016833,-41.52608594102481,92.47019762526011,54.55755255635939,84.70306012741217,47.14342401388022,17.128895631597466,Unattained target,GPSampler,"{'sLegPt.rL0': 92.47019762526011, 'sLegPt.lL0': 67.06796902546895, 'sLegPt.rL1': 54.55755255635939, 'sLegPt.lL1': 90.86935696297726, 'sLegPt.x1': 47.14342401388022, 'sLegPt.y1': 17.128895631597466, 'sLegPt.rA1': -41.52608594102481, 'sLegPt.rL2': 84.70306012741217, 'sLegPt.lL2': 99.85805216016833, 'lLegPt.rL0': 14.2188072261348, 'lLegPt.lL0': 79.36146835244132, 'lLegPt.rL1': 81.14974389251257, 'lLegPt.lL1': 96.60838605224295, 'lLegPt.x1': 31.722683015521305, 'lLegPt.y1': 12.3095043853015, 'lLegPt.rA1': -69.27547252351576, 'lLegPt.rL2': 76.17941531635374, 'lLegPt.lL2': 94.04027458751601}",PRUNED
842,842,5.914221120900567,2026-04-14 14:45:54.372380,2026-04-14 14:46:00.767370,0 days 00:00:06.394990,79.36146835244132,96.60838605224295,94.04027458751601,-69.27547252351576,14.2188072261348,81.14974389251257,76.17941531635374,31.722683015521305,12.3095043853015,67.06796902546895,90.86935696297726,99.85805216016833,-41.52608594102481,92.47019762526011,54.55755255635939,84.70306012741217,47.14342401388022,17.128895631597466,Unattained target,GPSampler,"{'sLegPt.rL0': 92.47019762526011, 'sLegPt.lL0': 67.06796902546895, 'sLegPt.rL1': 54.55755255635939, 'sLegPt.lL1': 90.86935696297726, 'sLegPt.x1': 47.14342401388022, 'sLegPt.y1': 17.128895631597466, 'sLegPt.rA1': -41.52608594102481, 'sLegPt.rL2': 84.70306012741217, 'sLegPt.lL2': 99.85805216016833, 'lLegPt.rL0': 14.2188072261348, 'lLegPt.lL0': 79.36146835244132, 'lLegPt.rL1': 81.14974389251257, 'lLegPt.lL1': 96.60838605224295, 'lLegPt.x1': 31.722683015521305, 'lLegPt.y1': 12.3095043853015, 'lLegPt.rA1': -69.27547252351576, 'lLegPt.rL2': 76.17941531635374, 'lLegPt.lL2': 94.04027458751601}",PRUNED
843,843,5.348106856250261,2026-04-14 14:46:00.933817,2026-04-14 14:46:05.867350,0 days 00:00:04.933533,46.938998915182864,14.29724128006556,35.00299004546585,-59.78471264483888,63.82300577359563,50.44244418092813,42.0641310102689,43.841347113101534,24.637635872476903,25.23026186621338,43.35023367183247,99.76751647163708,-53.59483520240674,98.71862372555056,55.30824821465665,99.13814549069193,45.65830012469686,19.537532615789914,Unattained target,GPSampler,,PRUNED
