,number,value,datetime_start,datetime_complete,duration,params_lLegPt.lL0,params_lLegPt.lL1,params_lLegPt.lL2,params_lLegPt.rA1,params_lLegPt.rL0,params_lLegPt.rL1,params_lLegPt.rL2,params_lLegPt.x1,params_lLegPt.y1,params_sLegPt.lL0,params_sLegPt.lL1,params_sLegPt.lL2,params_sLegPt.rA1,params_sLegPt.rL0,params_sLegPt.rL1,params_sLegPt.rL2,params_sLegPt.x1,params_sLegPt.y1,user_attrs_prune,system_attrs_auto:sampler,system_attrs_fixed_params,state
940,940,5.902708493373062,2026-04-14 14:53:11.007320,2026-04-14 14:53:17.706048,0 days 00:00:06.698728,48.9511256014042,43.82476774154048,10.575561801506435,-79.76482904440792,32.23554586267362,34.61028986402365,60.064970455846826,33.96240644206964,22.441461204272876,91.0478950672282,75.53719669779117,18.87620708089202,-38.43551709902191,21.065778378120633,27.24784382449058,52.83363177752672,40.233032689465006,23.749900409419645,Unattained target,GPSampler,"{'sLegPt.rL0': 21.065778378120633, 'sLegPt.lL0': 91.0478950672282, 'sLegPt.rL1': 27.24784382449058, 'sLegPt.lL1': 75.53719669779117, 'sLegPt.x1': 40.233032689465006, 'sLegPt.y1': 23.749900409419645, 'sLegPt.rA1': -38.43551709902191, 'sLegPt.rL2': 52.83363177752672, 'sLegPt.lL2': 18.87620708089202, 'lLegPt.rL0': 32.23554586267362, 'lLegPt.lL0': 48.9511256014042, 'lLegPt.rL1': 34.61028986402365, 'lLegPt.lL1': 43.82476774154048, 'lLegPt.x1': 33.96240644206964, 'lLegPt.y1': 22.441461204272876, 'lLegPt.rA1': -79.76482904440792, 'lLegPt.rL2': 60.064970455846826, 'lLegPt.lL2': 10.575561801506435}",PRUNED
941,941,5.0144406265057455,2026-04-14 14:53:17.893745,2026-04-14 14:53:25.155113,0 days 00:00:07.261368,48.9511256014042,43.82476774154048,10.575561801506435,-79.76482904440792,32.23554586267362,34.61028986402365,60.064970455846826,33.96240644206964,22.441461204272876,91.0478950672282,75.53719669779117,18.87620708089202,-38.43551709902191,21.065778378120633,27.24784382449058,52.83363177752672,40.233032689465006,23.749900409419645,Unattained target,GPSampler,"{'sLegPt.rL0': 21.065778378120633, 'sLegPt.lL0': 91.0478950672282, 'sLegPt.rL1': 27.24784382449058, 'sLegPt.lL1': 75.53719669779117, 'sLegPt.x1': 40.233032689465006, 'sLegPt.y1': 23.749900409419645, 'sLegPt.rA1': -38.43551709902191, 'sLegPt.rL2': 52.83363177752672, 'sLegPt.lL2': 18.87620708089202, 'lLegPt.rL0': 32.23554586267362, 'lLegPt.lL0': 48.9511256014042, 'lLegPt.rL1': 34.61028986402365, 'lLegPt.lL1': 43.82476774154048, 'lLegPt.x1': 33.96240644206964, 'lLegPt.y1': 22.441461204272876, 'lLegPt.rA1': -79.76482904440792, 'lLegPt.rL2': 60.064970455846826, 'lLegPt.lL2': 10.575561801506435}",PRUNED
942,942,5.207179893915708,2026-04-14 14:53:25.321407,2026-04-14 14:53:31.596605,0 days 00:00:06.275198,86.42441205109128,31.66166204871539,83.92468598067487,-20.893795126155993,28.557786925319377,37.72742832170893,24.802344682878687,33.576854939310884,15.617380195099402,23.373152926158635,40.76126731760287,65.36212257535689,-58.37975277442975,72.35847037512153,44.6921541773177,52.93422794378511,39.452513408772425,18.109013344437138,Unattained target,GPSampler,,PRUNED
943,943,5.207182218690932,2026-04-14 14:53:31.761988,2026-04-14 14:53:38.338096,0 days 00:00:06.576108,86.42441205109128,31.66166204871539,83.92468598067487,-20.893795126155993,28.557786925319377,37.72742832170893,24.802344682878687,33.576854939310884,15.617380195099402,23.373152926158635,40.76126731760287,65.36212257535689,-58.37975277442975,72.35847037512153,44.6921541773177,52.93422794378511,39.452513408772425,18.109013344437138,Unattained target,GPSampler,"{'sLegPt.rL0': 72.35847037512153, 'sLegPt.lL0': 23.373152926158635, 'sLegPt.rL1': 44.6921541773177, 'sLegPt.lL1': 40.76126731760287, 'sLegPt.x1': 39.452513408772425, 'sLegPt.y1': 18.109013344437138, 'sLegPt.rA1': -58.37975277442975, 'sLegPt.rL2': 52.93422794378511, 'sLegPt.lL2': 65.36212257535689, 'lLegPt.rL0': 28.557786925319377, 'lLegPt.lL0': 86.42441205109128, 'lLegPt.rL1': 37.72742832170893, 'lLegPt.lL1': 31.66166204871539, 'lLegPt.x1': 33.576854939310884, 'lLegPt.y1': 15.617380195099402, 'lLegPt.rA1': -20.893795126155993, 'lLegPt.rL2': 24.802344682878687, 'lLegPt.lL2': 83.92468598067487}",PRUNED
944,944,5.207180197328533,2026-04-14 14:53:38.530620,2026-04-14 14:53:44.881116,0 days 00:00:06.350496,86.42441205109128,31.66166204871539,83.92468598067487,-20.893795126155993,28.557786925319377,37.72742832170893,24.802344682878687,33.576854939310884,15.617380195099402,23.373152926158635,40.76126731760287,65.36212257535689,-58.37975277442975,72.35847037512153,44.6921541773177,52.93422794378511,39.452513408772425,18.109013344437138,Unattained target,GPSampler,"{'sLegPt.rL0': 72.35847037512153, 'sLegPt.lL0': 23.373152926158635, 'sLegPt.rL1': 44.6921541773177, 'sLegPt.lL1': 40.76126731760287, 'sLegPt.x1': 39.452513408772425, 'sLegPt.y1': 18.109013344437138, 'sLegPt.rA1': -58.37975277442975, 'sLegPt.rL2': 52.93422794378511, 'sLegPt.lL2': 65.36212257535689, 'lLegPt.rL0': 28.557786925319377, 'lLegPt.lL0': 86.42441205109128, 'lLegPt.rL1': 37.72742832170893, 'lLegPt.lL1': 31.66166204871539, 'lLegPt.x1': 33.576854939310884, 'lLegPt.y1': 15.617380195099402, 'lLegPt.rA1': -20.893795126155993, 'lLegPt.rL2': 24.802344682878687, 'lLegPt.lL2': 83.92468598067487}",PRUNED
945,945,9.811812680396542,2026-04-14 14:53:45.053871,2026-04-14 14:53:48.882525,0 days 00:00:03.828654,64.88604497628225,67.27356934651272,26.138031611689623,-79.7342614804154,91.19805951877719,12.720153360524634,25.193951875652022,34.052979165763155,18.403068019972334,66.37126875327448,49.590134338712936,87.85581883028507,-31.179515210034303,39.27801202073877,27.101119837489414,70.4067913686541,40.01894994484658,12.435700918214534,Unattained target,GPSampler,,PRUNED
946,946,9.811812574107428,2026-04-14 14:53:49.074618,2026-04-14 14:53:52.893223,0 days 00:00:03.818605,64.88604497628225,67.27356934651272,26.138031611689623,-79.7342614804154,91.19805951877719,12.720153360524634,25.193951875652022,34.052979165763155,18.403068019972334,66.37126875327448,49.590134338712936,87.85581883028507,-31.179515210034303,39.27801202073877,27.101119837489414,70.4067913686541,40.01894994484658,12.435700918214534,Unattained target,GPSampler,"{'sLegPt.rL0': 39.27801202073877, 'sLegPt.lL0': 66.37126875327448, 'sLegPt.rL1': 27.101119837489414, 'sLegPt.lL1': 49.590134338712936, 'sLegPt.x1': 40.01894994484658, 'sLegPt.y1': 12.435700918214534, 'sLegPt.rA1': -31.179515210034303, 'sLegPt.rL2': 70.4067913686541, 'sLegPt.lL2': 87.85581883028507, 'lLegPt.rL0': 91.19805951877719, 'lLegPt.lL0': 64.88604497628225, 'lLegPt.rL1': 12.720153360524634, 'lLegPt.lL1': 67.27356934651272, 'lLegPt.x1': 34.052979165763155, 'lLegPt.y1': 18.403068019972334, 'lLegPt.rA1': -79.7342614804154, 'lLegPt.rL2': 25.193951875652022, 'lLegPt.lL2': 26.138031611689623}",PRUNED
947,947,9.811811881040569,2026-04-14 14:53:53.107963,2026-04-14 14:53:57.364838,0 days 00:00:04.256875,64.88604497628225,67.27356934651272,26.138031611689623,-79.7342614804154,91.19805951877719,12.720153360524634,25.193951875652022,34.052979165763155,18.403068019972334,66.37126875327448,49.590134338712936,87.85581883028507,-31.179515210034303,39.27801202073877,27.101119837489414,70.4067913686541,40.01894994484658,12.435700918214534,Unattained target,GPSampler,"{'sLegPt.rL0': 39.27801202073877, 'sLegPt.lL0': 66.37126875327448, 'sLegPt.rL1': 27.101119837489414, 'sLegPt.lL1': 49.590134338712936, 'sLegPt.x1': 40.01894994484658, 'sLegPt.y1': 12.435700918214534, 'sLegPt.rA1': -31.179515210034303, 'sLegPt.rL2': 70.4067913686541, 'sLegPt.lL2': 87.85581883028507, 'lLegPt.rL0': 91.19805951877719, 'lLegPt.lL0': 64.88604497628225, 'lLegPt.rL1': 12.720153360524634, 'lLegPt.lL1': 67.27356934651272, 'lLegPt.x1': 34.052979165763155, 'lLegPt.y1': 18.403068019972334, 'lLegPt.rA1': -79.7342614804154, 'lLegPt.rL2': 25.193951875652022, 'lLegPt.lL2': 26.138031611689623}",PRUNED
948,948,5.67217715478106,2026-04-14 14:53:57.522111,2026-04-14 14:54:01.411378,0 days 00:00:03.889267,73.08945244830394,26.23993334483431,36.72558762759428,-54.486031666785024,86.78140215536082,91.72952270970954,42.74496565602182,45.81169522119367,10.302680341104269,35.84974001296059,80.43566085028412,95.57122027978087,-78.66350156570186,43.22298231773603,13.987528536079772,81.79155138436856,37.62966786471299,22.761343788746302,Unattained target,GPSampler,,PRUNED
949,949,5.672177019874624,2026-04-14 14:54:01.600642,2026-04-14 14:54:05.573017,0 days 00:00:03.972375,73.08945244830394,26.23993334483431,36.72558762759428,-54.486031666785024,86.78140215536082,91.72952270970954,42.74496565602182,45.81169522119367,10.302680341104269,35.84974001296059,80.43566085028412,95.57122027978087,-78.66350156570186,43.22298231773603,13.987528536079772,81.79155138436856,37.62966786471299,22.761343788746302,Unattained target,GPSampler,"{'sLegPt.rL0': 43.22298231773603, 'sLegPt.lL0': 35.84974001296059, 'sLegPt.rL1': 13.987528536079772, 'sLegPt.lL1': 80.43566085028412, 'sLegPt.x1': 37.62966786471299, 'sLegPt.y1': 22.761343788746302, 'sLegPt.rA1': -78.66350156570186, 'sLegPt.rL2': 81.79155138436856, 'sLegPt.lL2': 95.57122027978087, 'lLegPt.rL0': 86.78140215536082, 'lLegPt.lL0': 73.08945244830394, 'lLegPt.rL1': 91.72952270970954, 'lLegPt.lL1': 26.23993334483431, 'lLegPt.x1': 45.81169522119367, 'lLegPt.y1': 10.302680341104269, 'lLegPt.rA1': -54.486031666785024, 'lLegPt.rL2': 42.74496565602182, 'lLegPt.lL2': 36.72558762759428}",PRUNED
950,950,5.67217734739485,2026-04-14 14:54:05.759644,2026-04-14 14:54:09.914961,0 days 00:00:04.155317,73.08945244830394,26.23993334483431,36.72558762759428,-54.486031666785024,86.78140215536082,91.72952270970954,42.74496565602182,45.81169522119367,10.302680341104269,35.84974001296059,80.43566085028412,95.57122027978087,-78.66350156570186,43.22298231773603,13.987528536079772,81.79155138436856,37.62966786471299,22.761343788746302,Unattained target,GPSampler,"{'sLegPt.rL0': 43.22298231773603, 'sLegPt.lL0': 35.84974001296059, 'sLegPt.rL1': 13.987528536079772, 'sLegPt.lL1': 80.43566085028412, 'sLegPt.x1': 37.62966786471299, 'sLegPt.y1': 22.761343788746302, 'sLegPt.rA1': -78.66350156570186, 'sLegPt.rL2': 81.79155138436856, 'sLegPt.lL2': 95.57122027978087, 'lLegPt.rL0': 86.78140215536082, 'lLegPt.lL0': 73.08945244830394, 'lLegPt.rL1': 91.72952270970954, 'lLegPt.lL1': 26.23993334483431, 'lLegPt.x1': 45.81169522119367, 'lLegPt.y1': 10.302680341104269, 'lLegPt.rA1': -54.486031666785024, 'lLegPt.rL2': 42.74496565602182, 'lLegPt.lL2': 36.72558762759428}",PRUNED
951,951,5.424168864894455,2026-04-14 14:54:10.090868,2026-04-14 14:54:18.750048,0 days 00:00:08.659180,32.449748653520274,53.758289176912506,59.91680959916653,-39.39679652691401,76.27057455013339,17.467096212878722,82.00515967566194,44.12310725369348,10.622375292073261,34.011493542284114,14.460168346106368,14.429907484590641,-57.70096765123829,30.426215902284913,32.28574081697532,87.98765303997779,45.7533485631345,12.720929588239908,Unattained target,GPSampler,,PRUNED
952,952,5.425991722008554,2026-04-14 14:54:18.949800,2026-04-14 14:54:27.359850,0 days 00:00:08.410050,32.449748653520274,53.758289176912506,59.91680959916653,-39.39679652691401,76.27057455013339,17.467096212878722,82.00515967566194,44.12310725369348,10.622375292073261,34.011493542284114,14.460168346106368,14.429907484590641,-57.70096765123829,30.426215902284913,32.28574081697532,87.98765303997779,45.7533485631345,12.720929588239908,Unattained target,GPSampler,"{'sLegPt.rL0': 30.426215902284913, 'sLegPt.lL0': 34.011493542284114, 'sLegPt.rL1': 32.28574081697532, 'sLegPt.lL1': 14.460168346106368, 'sLegPt.x1': 45.7533485631345, 'sLegPt.y1': 12.720929588239908, 'sLegPt.rA1': -57.70096765123829, 'sLegPt.rL2': 87.98765303997779, 'sLegPt.lL2': 14.429907484590641, 'lLegPt.rL0': 76.27057455013339, 'lLegPt.lL0': 32.449748653520274, 'lLegPt.rL1': 17.467096212878722, 'lLegPt.lL1': 53.758289176912506, 'lLegPt.x1': 44.12310725369348, 'lLegPt.y1': 10.622375292073261, 'lLegPt.rA1': -39.39679652691401, 'lLegPt.rL2': 82.00515967566194, 'lLegPt.lL2': 59.91680959916653}",PRUNED
953,953,5.425853858266542,2026-04-14 14:54:27.539708,2026-04-14 14:54:37.236635,0 days 00:00:09.696927,32.449748653520274,53.758289176912506,59.91680959916653,-39.39679652691401,76.27057455013339,17.467096212878722,82.00515967566194,44.12310725369348,10.622375292073261,34.011493542284114,14.460168346106368,14.429907484590641,-57.70096765123829,30.426215902284913,32.28574081697532,87.98765303997779,45.7533485631345,12.720929588239908,Unattained target,GPSampler,"{'sLegPt.rL0': 30.426215902284913, 'sLegPt.lL0': 34.011493542284114, 'sLegPt.rL1': 32.28574081697532, 'sLegPt.lL1': 14.460168346106368, 'sLegPt.x1': 45.7533485631345, 'sLegPt.y1': 12.720929588239908, 'sLegPt.rA1': -57.70096765123829, 'sLegPt.rL2': 87.98765303997779, 'sLegPt.lL2': 14.429907484590641, 'lLegPt.rL0': 76.27057455013339, 'lLegPt.lL0': 32.449748653520274, 'lLegPt.rL1': 17.467096212878722, 'lLegPt.lL1': 53.758289176912506, 'lLegPt.x1': 44.12310725369348, 'lLegPt.y1': 10.622375292073261, 'lLegPt.rA1': -39.39679652691401, 'lLegPt.rL2': 82.00515967566194, 'lLegPt.lL2': 59.91680959916653}",PRUNED
954,954,9.629929785179591,2026-04-14 14:54:37.429939,2026-04-14 14:54:41.916241,0 days 00:00:04.486302,93.4498682842695,98.8882953834554,62.76473085868469,-35.55727668416668,87.96328195414401,76.43472238227018,83.52264455443164,39.16804506223497,16.001495114850417,10.557724426355344,50.10450594596814,13.213909299285802,-46.544562174539614,62.69947218492611,45.72429442935753,28.711778950513178,48.71688821136641,24.555809097198598,Unattained target,GPSampler,,PRUNED
955,955,9.629929536416583,2026-04-14 14:54:42.139824,2026-04-14 14:54:46.379668,0 days 00:00:04.239844,93.4498682842695,98.8882953834554,62.76473085868469,-35.55727668416668,87.96328195414401,76.43472238227018,83.52264455443164,39.16804506223497,16.001495114850417,10.557724426355344,50.10450594596814,13.213909299285802,-46.544562174539614,62.69947218492611,45.72429442935753,28.711778950513178,48.71688821136641,24.555809097198598,Unattained target,GPSampler,"{'sLegPt.rL0': 62.69947218492611, 'sLegPt.lL0': 10.557724426355344, 'sLegPt.rL1': 45.72429442935753, 'sLegPt.lL1': 50.10450594596814, 'sLegPt.x1': 48.71688821136641, 'sLegPt.y1': 24.555809097198598, 'sLegPt.rA1': -46.544562174539614, 'sLegPt.rL2': 28.711778950513178, 'sLegPt.lL2': 13.213909299285802, 'lLegPt.rL0': 87.96328195414401, 'lLegPt.lL0': 93.4498682842695, 'lLegPt.rL1': 76.43472238227018, 'lLegPt.lL1': 98.8882953834554, 'lLegPt.x1': 39.16804506223497, 'lLegPt.y1': 16.001495114850417, 'lLegPt.rA1': -35.55727668416668, 'lLegPt.rL2': 83.52264455443164, 'lLegPt.lL2': 62.76473085868469}",PRUNED
956,956,9.629929864819061,2026-04-14 14:54:46.581873,2026-04-14 14:54:50.927679,0 days 00:00:04.345806,93.4498682842695,98.8882953834554,62.76473085868469,-35.55727668416668,87.96328195414401,76.43472238227018,83.52264455443164,39.16804506223497,16.001495114850417,10.557724426355344,50.10450594596814,13.213909299285802,-46.544562174539614,62.69947218492611,45.72429442935753,28.711778950513178,48.71688821136641,24.555809097198598,Unattained target,GPSampler,"{'sLegPt.rL0': 62.69947218492611, 'sLegPt.lL0': 10.557724426355344, 'sLegPt.rL1': 45.72429442935753, 'sLegPt.lL1': 50.10450594596814, 'sLegPt.x1': 48.71688821136641, 'sLegPt.y1': 24.555809097198598, 'sLegPt.rA1': -46.544562174539614, 'sLegPt.rL2': 28.711778950513178, 'sLegPt.lL2': 13.213909299285802, 'lLegPt.rL0': 87.96328195414401, 'lLegPt.lL0': 93.4498682842695, 'lLegPt.rL1': 76.43472238227018, 'lLegPt.lL1': 98.8882953834554, 'lLegPt.x1': 39.16804506223497, 'lLegPt.y1': 16.001495114850417, 'lLegPt.rA1': -35.55727668416668, 'lLegPt.rL2': 83.52264455443164, 'lLegPt.lL2': 62.76473085868469}",PRUNED
957,957,8.072170561223057,2026-04-14 14:54:51.157301,2026-04-14 14:54:55.531321,0 days 00:00:04.374020,61.774142758504254,38.63473859143977,18.71968626611857,-29.63057771327845,60.037812394111086,80.60152790029825,29.025344823556964,35.57180471560293,15.639461250774545,26.623696795491743,31.254248058165658,96.4268602829436,-51.14041080450704,50.60505162874994,42.033910733765445,15.503537946324855,41.41830535937383,12.798734331503312,Unattained target,GPSampler,,PRUNED
958,958,8.072170499328646,2026-04-14 14:54:55.777784,2026-04-14 14:55:00.430464,0 days 00:00:04.652680,61.774142758504254,38.63473859143977,18.71968626611857,-29.63057771327845,60.037812394111086,80.60152790029825,29.025344823556964,35.57180471560293,15.639461250774545,26.623696795491743,31.254248058165658,96.4268602829436,-51.14041080450704,50.60505162874994,42.033910733765445,15.503537946324855,41.41830535937383,12.798734331503312,Unattained target,GPSampler,"{'sLegPt.rL0': 50.60505162874994, 'sLegPt.lL0': 26.623696795491743, 'sLegPt.rL1': 42.033910733765445, 'sLegPt.lL1': 31.254248058165658, 'sLegPt.x1': 41.41830535937383, 'sLegPt.y1': 12.798734331503312, 'sLegPt.rA1': -51.14041080450704, 'sLegPt.rL2': 15.503537946324855, 'sLegPt.lL2': 96.4268602829436, 'lLegPt.rL0': 60.037812394111086, 'lLegPt.lL0': 61.774142758504254, 'lLegPt.rL1': 80.60152790029825, 'lLegPt.lL1': 38.63473859143977, 'lLegPt.x1': 35.57180471560293, 'lLegPt.y1': 15.639461250774545, 'lLegPt.rA1': -29.63057771327845, 'lLegPt.rL2': 29.025344823556964, 'lLegPt.lL2': 18.71968626611857}",PRUNED
959,959,8.072170478058254,2026-04-14 14:55:00.653553,2026-04-14 14:55:05.285755,0 days 00:00:04.632202,61.774142758504254,38.63473859143977,18.71968626611857,-29.63057771327845,60.037812394111086,80.60152790029825,29.025344823556964,35.57180471560293,15.639461250774545,26.623696795491743,31.254248058165658,96.4268602829436,-51.14041080450704,50.60505162874994,42.033910733765445,15.503537946324855,41.41830535937383,12.798734331503312,Unattained target,GPSampler,"{'sLegPt.rL0': 50.60505162874994, 'sLegPt.lL0': 26.623696795491743, 'sLegPt.rL1': 42.033910733765445, 'sLegPt.lL1': 31.254248058165658, 'sLegPt.x1': 41.41830535937383, 'sLegPt.y1': 12.798734331503312, 'sLegPt.rA1': -51.14041080450704, 'sLegPt.rL2': 15.503537946324855, 'sLegPt.lL2': 96.4268602829436, 'lLegPt.rL0': 60.037812394111086, 'lLegPt.lL0': 61.774142758504254, 'lLegPt.rL1': 80.60152790029825, 'lLegPt.lL1': 38.63473859143977, 'lLegPt.x1': 35.57180471560293, 'lLegPt.y1': 15.639461250774545, 'lLegPt.rA1': -29.63057771327845, 'lLegPt.rL2': 29.025344823556964, 'lLegPt.lL2': 18.71968626611857}",PRUNED
960,960,10.4267387992318,2026-04-14 14:55:05.496838,2026-04-14 14:55:10.063917,0 days 00:00:04.567079,64.25312880728534,29.359006706906747,91.11215499856546,-52.04248457675112,52.58770801850312,85.47689915818192,23.612748106992832,45.63273360980753,17.89046505853687,96.32762884494721,83.45910906314859,76.1522952427258,-49.27695675810051,37.88784988071721,36.33297179281065,41.47185324649288,49.98169758502381,22.606622789689233,Unattained target,GPSampler,,PRUNED
961,961,10.426738614696859,2026-04-14 14:55:10.289769,2026-04-14 14:55:14.785591,0 days 00:00:04.495822,64.25312880728534,29.359006706906747,91.11215499856546,-52.04248457675112,52.58770801850312,85.47689915818192,23.612748106992832,45.63273360980753,17.89046505853687,96.32762884494721,83.45910906314859,76.1522952427258,-49.27695675810051,37.88784988071721,36.33297179281065,41.47185324649288,49.98169758502381,22.606622789689233,Unattained target,GPSampler,"{'sLegPt.rL0': 37.88784988071721, 'sLegPt.lL0': 96.32762884494721, 'sLegPt.rL1': 36.33297179281065, 'sLegPt.lL1': 83.45910906314859, 'sLegPt.x1': 49.98169758502381, 'sLegPt.y1': 22.606622789689233, 'sLegPt.rA1': -49.27695675810051, 'sLegPt.rL2': 41.47185324649288, 'sLegPt.lL2': 76.1522952427258, 'lLegPt.rL0': 52.58770801850312, 'lLegPt.lL0': 64.25312880728534, 'lLegPt.rL1': 85.47689915818192, 'lLegPt.lL1': 29.359006706906747, 'lLegPt.x1': 45.63273360980753, 'lLegPt.y1': 17.89046505853687, 'lLegPt.rA1': -52.04248457675112, 'lLegPt.rL2': 23.612748106992832, 'lLegPt.lL2': 91.11215499856546}",PRUNED
962,962,10.42673865371679,2026-04-14 14:55:14.994091,2026-04-14 14:55:19.284608,0 days 00:00:04.290517,64.25312880728534,29.359006706906747,91.11215499856546,-52.04248457675112,52.58770801850312,85.47689915818192,23.612748106992832,45.63273360980753,17.89046505853687,96.32762884494721,83.45910906314859,76.1522952427258,-49.27695675810051,37.88784988071721,36.33297179281065,41.47185324649288,49.98169758502381,22.606622789689233,Unattained target,GPSampler,"{'sLegPt.rL0': 37.88784988071721, 'sLegPt.lL0': 96.32762884494721, 'sLegPt.rL1': 36.33297179281065, 'sLegPt.lL1': 83.45910906314859, 'sLegPt.x1': 49.98169758502381, 'sLegPt.y1': 22.606622789689233, 'sLegPt.rA1': -49.27695675810051, 'sLegPt.rL2': 41.47185324649288, 'sLegPt.lL2': 76.1522952427258, 'lLegPt.rL0': 52.58770801850312, 'lLegPt.lL0': 64.25312880728534, 'lLegPt.rL1': 85.47689915818192, 'lLegPt.lL1': 29.359006706906747, 'lLegPt.x1': 45.63273360980753, 'lLegPt.y1': 17.89046505853687, 'lLegPt.rA1': -52.04248457675112, 'lLegPt.rL2': 23.612748106992832, 'lLegPt.lL2': 91.11215499856546}",PRUNED
963,963,13.624989832377743,2026-04-14 14:55:19.501290,2026-04-14 14:55:23.679515,0 days 00:00:04.178225,48.57009903613306,62.57593305505839,36.443540623296514,-65.01997133655404,89.77290216592108,34.971432632453926,84.01571707595728,36.72531071523273,16.71077918716644,55.02816122255664,33.770896705133794,44.800978269262885,-78.62039225181965,77.59139384658192,23.795984892325883,43.27922207581303,47.39925401293467,23.536038839946865,Unattained target,GPSampler,,PRUNED
