,number,value,datetime_start,datetime_complete,duration,params_lLegPt.lL0,params_lLegPt.lL1,params_lLegPt.lL2,params_lLegPt.rA1,params_lLegPt.rL0,params_lLegPt.rL1,params_lLegPt.rL2,params_lLegPt.x1,params_lLegPt.y1,params_sLegPt.lL0,params_sLegPt.lL1,params_sLegPt.lL2,params_sLegPt.rA1,params_sLegPt.rL0,params_sLegPt.rL1,params_sLegPt.rL2,params_sLegPt.x1,params_sLegPt.y1,user_attrs_prune,system_attrs_auto:sampler,system_attrs_fixed_params,state
338,338,5.3610439039661415,2026-04-14 14:05:31.551162,2026-04-14 14:05:40.673873,0 days 00:00:09.122711,14.137169552712443,59.62906359948619,20.82841027185671,-26.23400923026003,32.8960527873557,10.363719413837483,82.86477004493757,30.020020320571405,25.591107970921424,79.36250656794215,84.94756958159388,65.79751356382067,-54.7337920911508,60.04248506294967,11.916362388941668,62.21637060544784,41.00392895229681,27.15388332778926,Unattained target,GPSampler,"{'sLegPt.rL0': 60.04248506294967, 'sLegPt.lL0': 79.36250656794215, 'sLegPt.rL1': 11.916362388941668, 'sLegPt.lL1': 84.94756958159388, 'sLegPt.x1': 41.00392895229681, 'sLegPt.y1': 27.15388332778926, 'sLegPt.rA1': -54.7337920911508, 'sLegPt.rL2': 62.21637060544784, 'sLegPt.lL2': 65.79751356382067, 'lLegPt.rL0': 32.8960527873557, 'lLegPt.lL0': 14.137169552712443, 'lLegPt.rL1': 10.363719413837483, 'lLegPt.lL1': 59.62906359948619, 'lLegPt.x1': 30.020020320571405, 'lLegPt.y1': 25.591107970921424, 'lLegPt.rA1': -26.23400923026003, 'lLegPt.rL2': 82.86477004493757, 'lLegPt.lL2': 20.82841027185671}",PRUNED
339,339,5.3610273082000575,2026-04-14 14:05:40.840134,2026-04-14 14:05:49.888186,0 days 00:00:09.048052,14.137169552712443,59.62906359948619,20.82841027185671,-26.23400923026003,32.8960527873557,10.363719413837483,82.86477004493757,30.020020320571405,25.591107970921424,79.36250656794215,84.94756958159388,65.79751356382067,-54.7337920911508,60.04248506294967,11.916362388941668,62.21637060544784,41.00392895229681,27.15388332778926,Unattained target,GPSampler,"{'sLegPt.rL0': 60.04248506294967, 'sLegPt.lL0': 79.36250656794215, 'sLegPt.rL1': 11.916362388941668, 'sLegPt.lL1': 84.94756958159388, 'sLegPt.x1': 41.00392895229681, 'sLegPt.y1': 27.15388332778926, 'sLegPt.rA1': -54.7337920911508, 'sLegPt.rL2': 62.21637060544784, 'sLegPt.lL2': 65.79751356382067, 'lLegPt.rL0': 32.8960527873557, 'lLegPt.lL0': 14.137169552712443, 'lLegPt.rL1': 10.363719413837483, 'lLegPt.lL1': 59.62906359948619, 'lLegPt.x1': 30.020020320571405, 'lLegPt.y1': 25.591107970921424, 'lLegPt.rA1': -26.23400923026003, 'lLegPt.rL2': 82.86477004493757, 'lLegPt.lL2': 20.82841027185671}",PRUNED
340,340,7.586403868298817,2026-04-14 14:05:50.075654,2026-04-14 14:05:53.774920,0 days 00:00:03.699266,21.72114148230573,69.22211996456338,87.59625245951794,-55.613112201052346,82.53995628858776,41.345753586819825,24.97360191723896,42.01936869179808,21.826210733690964,84.76945774096319,14.470592197455272,72.34186737447891,-54.46059101388849,96.29330978765105,89.8920281289085,76.98164351263651,31.251302701619487,29.53303704331728,Unattained target,GPSampler,,PRUNED
341,341,7.586403801704549,2026-04-14 14:05:53.969457,2026-04-14 14:05:58.301142,0 days 00:00:04.331685,21.72114148230573,69.22211996456338,87.59625245951794,-55.613112201052346,82.53995628858776,41.345753586819825,24.97360191723896,42.01936869179808,21.826210733690964,84.76945774096319,14.470592197455272,72.34186737447891,-54.46059101388849,96.29330978765105,89.8920281289085,76.98164351263651,31.251302701619487,29.53303704331728,Unattained target,GPSampler,"{'sLegPt.rL0': 96.29330978765105, 'sLegPt.lL0': 84.76945774096319, 'sLegPt.rL1': 89.8920281289085, 'sLegPt.lL1': 14.470592197455272, 'sLegPt.x1': 31.251302701619487, 'sLegPt.y1': 29.53303704331728, 'sLegPt.rA1': -54.46059101388849, 'sLegPt.rL2': 76.98164351263651, 'sLegPt.lL2': 72.34186737447891, 'lLegPt.rL0': 82.53995628858776, 'lLegPt.lL0': 21.72114148230573, 'lLegPt.rL1': 41.345753586819825, 'lLegPt.lL1': 69.22211996456338, 'lLegPt.x1': 42.01936869179808, 'lLegPt.y1': 21.826210733690964, 'lLegPt.rA1': -55.613112201052346, 'lLegPt.rL2': 24.97360191723896, 'lLegPt.lL2': 87.59625245951794}",PRUNED
342,342,7.586403856142773,2026-04-14 14:05:58.473287,2026-04-14 14:06:02.291763,0 days 00:00:03.818476,21.72114148230573,69.22211996456338,87.59625245951794,-55.613112201052346,82.53995628858776,41.345753586819825,24.97360191723896,42.01936869179808,21.826210733690964,84.76945774096319,14.470592197455272,72.34186737447891,-54.46059101388849,96.29330978765105,89.8920281289085,76.98164351263651,31.251302701619487,29.53303704331728,Unattained target,GPSampler,"{'sLegPt.rL0': 96.29330978765105, 'sLegPt.lL0': 84.76945774096319, 'sLegPt.rL1': 89.8920281289085, 'sLegPt.lL1': 14.470592197455272, 'sLegPt.x1': 31.251302701619487, 'sLegPt.y1': 29.53303704331728, 'sLegPt.rA1': -54.46059101388849, 'sLegPt.rL2': 76.98164351263651, 'sLegPt.lL2': 72.34186737447891, 'lLegPt.rL0': 82.53995628858776, 'lLegPt.lL0': 21.72114148230573, 'lLegPt.rL1': 41.345753586819825, 'lLegPt.lL1': 69.22211996456338, 'lLegPt.x1': 42.01936869179808, 'lLegPt.y1': 21.826210733690964, 'lLegPt.rA1': -55.613112201052346, 'lLegPt.rL2': 24.97360191723896, 'lLegPt.lL2': 87.59625245951794}",PRUNED
343,343,5.458531166106873,2026-04-14 14:06:02.471905,2026-04-14 14:06:06.439140,0 days 00:00:03.967235,99.58991392898265,11.335058904654588,38.73222377914584,-37.91734851959286,60.797554879502975,32.62173827517638,89.72311722192973,32.94136166844021,29.46369357526389,25.774134574988434,28.312496990874777,46.80178161807574,-38.6042170198058,96.19470872498435,27.445990268890025,47.513144033447574,45.375943972523615,25.98232599451544,Unattained target,GPSampler,,PRUNED
344,344,5.45853115469021,2026-04-14 14:06:06.620088,2026-04-14 14:06:10.493008,0 days 00:00:03.872920,99.58991392898265,11.335058904654588,38.73222377914584,-37.91734851959286,60.797554879502975,32.62173827517638,89.72311722192973,32.94136166844021,29.46369357526389,25.774134574988434,28.312496990874777,46.80178161807574,-38.6042170198058,96.19470872498435,27.445990268890025,47.513144033447574,45.375943972523615,25.98232599451544,Unattained target,GPSampler,"{'sLegPt.rL0': 96.19470872498435, 'sLegPt.lL0': 25.774134574988434, 'sLegPt.rL1': 27.445990268890025, 'sLegPt.lL1': 28.312496990874777, 'sLegPt.x1': 45.375943972523615, 'sLegPt.y1': 25.98232599451544, 'sLegPt.rA1': -38.6042170198058, 'sLegPt.rL2': 47.513144033447574, 'sLegPt.lL2': 46.80178161807574, 'lLegPt.rL0': 60.797554879502975, 'lLegPt.lL0': 99.58991392898265, 'lLegPt.rL1': 32.62173827517638, 'lLegPt.lL1': 11.335058904654588, 'lLegPt.x1': 32.94136166844021, 'lLegPt.y1': 29.46369357526389, 'lLegPt.rA1': -37.91734851959286, 'lLegPt.rL2': 89.72311722192973, 'lLegPt.lL2': 38.73222377914584}",PRUNED
345,345,5.4585310833471965,2026-04-14 14:06:10.661506,2026-04-14 14:06:14.340323,0 days 00:00:03.678817,99.58991392898265,11.335058904654588,38.73222377914584,-37.91734851959286,60.797554879502975,32.62173827517638,89.72311722192973,32.94136166844021,29.46369357526389,25.774134574988434,28.312496990874777,46.80178161807574,-38.6042170198058,96.19470872498435,27.445990268890025,47.513144033447574,45.375943972523615,25.98232599451544,Unattained target,GPSampler,"{'sLegPt.rL0': 96.19470872498435, 'sLegPt.lL0': 25.774134574988434, 'sLegPt.rL1': 27.445990268890025, 'sLegPt.lL1': 28.312496990874777, 'sLegPt.x1': 45.375943972523615, 'sLegPt.y1': 25.98232599451544, 'sLegPt.rA1': -38.6042170198058, 'sLegPt.rL2': 47.513144033447574, 'sLegPt.lL2': 46.80178161807574, 'lLegPt.rL0': 60.797554879502975, 'lLegPt.lL0': 99.58991392898265, 'lLegPt.rL1': 32.62173827517638, 'lLegPt.lL1': 11.335058904654588, 'lLegPt.x1': 32.94136166844021, 'lLegPt.y1': 29.46369357526389, 'lLegPt.rA1': -37.91734851959286, 'lLegPt.rL2': 89.72311722192973, 'lLegPt.lL2': 38.73222377914584}",PRUNED
346,346,5.318727477200387,2026-04-14 14:06:14.510097,2026-04-14 14:06:18.884997,0 days 00:00:04.374900,47.02788069388842,43.629170612314574,39.357627514665786,-40.77513890389255,86.28723514644578,65.50820487721089,60.41512199001795,38.81044268837377,25.70738621799202,59.3296856552079,67.22728889154973,94.41785474631993,-31.13863254680065,83.62616383658417,96.93798827610286,54.45261541404853,35.322004096604815,13.462194063876282,Unattained target,GPSampler,,PRUNED
347,347,5.318727555227962,2026-04-14 14:06:19.058212,2026-04-14 14:06:23.188544,0 days 00:00:04.130332,47.02788069388842,43.629170612314574,39.357627514665786,-40.77513890389255,86.28723514644578,65.50820487721089,60.41512199001795,38.81044268837377,25.70738621799202,59.3296856552079,67.22728889154973,94.41785474631993,-31.13863254680065,83.62616383658417,96.93798827610286,54.45261541404853,35.322004096604815,13.462194063876282,Unattained target,GPSampler,"{'sLegPt.rL0': 83.62616383658417, 'sLegPt.lL0': 59.3296856552079, 'sLegPt.rL1': 96.93798827610286, 'sLegPt.lL1': 67.22728889154973, 'sLegPt.x1': 35.322004096604815, 'sLegPt.y1': 13.462194063876282, 'sLegPt.rA1': -31.13863254680065, 'sLegPt.rL2': 54.45261541404853, 'sLegPt.lL2': 94.41785474631993, 'lLegPt.rL0': 86.28723514644578, 'lLegPt.lL0': 47.02788069388842, 'lLegPt.rL1': 65.50820487721089, 'lLegPt.lL1': 43.629170612314574, 'lLegPt.x1': 38.81044268837377, 'lLegPt.y1': 25.70738621799202, 'lLegPt.rA1': -40.77513890389255, 'lLegPt.rL2': 60.41512199001795, 'lLegPt.lL2': 39.357627514665786}",PRUNED
348,348,5.318727406917855,2026-04-14 14:06:23.349395,2026-04-14 14:06:26.983459,0 days 00:00:03.634064,47.02788069388842,43.629170612314574,39.357627514665786,-40.77513890389255,86.28723514644578,65.50820487721089,60.41512199001795,38.81044268837377,25.70738621799202,59.3296856552079,67.22728889154973,94.41785474631993,-31.13863254680065,83.62616383658417,96.93798827610286,54.45261541404853,35.322004096604815,13.462194063876282,Unattained target,GPSampler,"{'sLegPt.rL0': 83.62616383658417, 'sLegPt.lL0': 59.3296856552079, 'sLegPt.rL1': 96.93798827610286, 'sLegPt.lL1': 67.22728889154973, 'sLegPt.x1': 35.322004096604815, 'sLegPt.y1': 13.462194063876282, 'sLegPt.rA1': -31.13863254680065, 'sLegPt.rL2': 54.45261541404853, 'sLegPt.lL2': 94.41785474631993, 'lLegPt.rL0': 86.28723514644578, 'lLegPt.lL0': 47.02788069388842, 'lLegPt.rL1': 65.50820487721089, 'lLegPt.lL1': 43.629170612314574, 'lLegPt.x1': 38.81044268837377, 'lLegPt.y1': 25.70738621799202, 'lLegPt.rA1': -40.77513890389255, 'lLegPt.rL2': 60.41512199001795, 'lLegPt.lL2': 39.357627514665786}",PRUNED
349,349,5.8729719008308265,2026-04-14 14:06:27.152448,2026-04-14 14:06:35.792521,0 days 00:00:08.640073,71.40663798149174,16.849178556186963,49.447581475320725,-47.48779584715386,98.43558777007891,10.458571964700365,98.96414919154977,30.506019618170516,18.240136790923607,18.143486339008383,15.701873054949353,57.55051262465708,-57.85469177163434,10.495570179870414,16.848449567913875,72.51216946561397,45.56190161895567,10.484737877656087,Unattained target,GPSampler,,PRUNED
350,350,5.0354181975846615,2026-04-14 14:06:35.961550,2026-04-14 14:06:45.095029,0 days 00:00:09.133479,71.40663798149174,16.849178556186963,49.447581475320725,-47.48779584715386,98.43558777007891,10.458571964700365,98.96414919154977,30.506019618170516,18.240136790923607,18.143486339008383,15.701873054949353,57.55051262465708,-57.85469177163434,10.495570179870414,16.848449567913875,72.51216946561397,45.56190161895567,10.484737877656087,Unattained target,GPSampler,"{'sLegPt.rL0': 10.495570179870414, 'sLegPt.lL0': 18.143486339008383, 'sLegPt.rL1': 16.848449567913875, 'sLegPt.lL1': 15.701873054949353, 'sLegPt.x1': 45.56190161895567, 'sLegPt.y1': 10.484737877656087, 'sLegPt.rA1': -57.85469177163434, 'sLegPt.rL2': 72.51216946561397, 'sLegPt.lL2': 57.55051262465708, 'lLegPt.rL0': 98.43558777007891, 'lLegPt.lL0': 71.40663798149174, 'lLegPt.rL1': 10.458571964700365, 'lLegPt.lL1': 16.849178556186963, 'lLegPt.x1': 30.506019618170516, 'lLegPt.y1': 18.240136790923607, 'lLegPt.rA1': -47.48779584715386, 'lLegPt.rL2': 98.96414919154977, 'lLegPt.lL2': 49.447581475320725}",PRUNED
351,351,5.862219668126691,2026-04-14 14:06:45.261262,2026-04-14 14:06:54.030673,0 days 00:00:08.769411,71.40663798149174,16.849178556186963,49.447581475320725,-47.48779584715386,98.43558777007891,10.458571964700365,98.96414919154977,30.506019618170516,18.240136790923607,18.143486339008383,15.701873054949353,57.55051262465708,-57.85469177163434,10.495570179870414,16.848449567913875,72.51216946561397,45.56190161895567,10.484737877656087,Unattained target,GPSampler,"{'sLegPt.rL0': 10.495570179870414, 'sLegPt.lL0': 18.143486339008383, 'sLegPt.rL1': 16.848449567913875, 'sLegPt.lL1': 15.701873054949353, 'sLegPt.x1': 45.56190161895567, 'sLegPt.y1': 10.484737877656087, 'sLegPt.rA1': -57.85469177163434, 'sLegPt.rL2': 72.51216946561397, 'sLegPt.lL2': 57.55051262465708, 'lLegPt.rL0': 98.43558777007891, 'lLegPt.lL0': 71.40663798149174, 'lLegPt.rL1': 10.458571964700365, 'lLegPt.lL1': 16.849178556186963, 'lLegPt.x1': 30.506019618170516, 'lLegPt.y1': 18.240136790923607, 'lLegPt.rA1': -47.48779584715386, 'lLegPt.rL2': 98.96414919154977, 'lLegPt.lL2': 49.447581475320725}",PRUNED
352,352,9.182521080156661,2026-04-14 14:06:54.204754,2026-04-14 14:06:58.175564,0 days 00:00:03.970810,90.3483895074046,88.52926708154702,74.42422602690272,-27.186107405376,34.737760992823695,84.07637913471699,40.719828498719465,39.38628696327066,12.505379003312127,40.31334413095321,77.72353012310113,77.2096966932628,-59.53830804485058,37.958120376635556,18.973168000745318,86.0748916059839,43.493463569462264,11.105829142815221,Unattained target,GPSampler,,PRUNED
353,353,9.182520601828656,2026-04-14 14:06:58.349584,2026-04-14 14:07:02.402121,0 days 00:00:04.052537,90.3483895074046,88.52926708154702,74.42422602690272,-27.186107405376,34.737760992823695,84.07637913471699,40.719828498719465,39.38628696327066,12.505379003312127,40.31334413095321,77.72353012310113,77.2096966932628,-59.53830804485058,37.958120376635556,18.973168000745318,86.0748916059839,43.493463569462264,11.105829142815221,Unattained target,GPSampler,"{'sLegPt.rL0': 37.958120376635556, 'sLegPt.lL0': 40.31334413095321, 'sLegPt.rL1': 18.973168000745318, 'sLegPt.lL1': 77.72353012310113, 'sLegPt.x1': 43.493463569462264, 'sLegPt.y1': 11.105829142815221, 'sLegPt.rA1': -59.53830804485058, 'sLegPt.rL2': 86.0748916059839, 'sLegPt.lL2': 77.2096966932628, 'lLegPt.rL0': 34.737760992823695, 'lLegPt.lL0': 90.3483895074046, 'lLegPt.rL1': 84.07637913471699, 'lLegPt.lL1': 88.52926708154702, 'lLegPt.x1': 39.38628696327066, 'lLegPt.y1': 12.505379003312127, 'lLegPt.rA1': -27.186107405376, 'lLegPt.rL2': 40.719828498719465, 'lLegPt.lL2': 74.42422602690272}",PRUNED
354,354,9.182520329209147,2026-04-14 14:07:02.557539,2026-04-14 14:07:06.647013,0 days 00:00:04.089474,90.3483895074046,88.52926708154702,74.42422602690272,-27.186107405376,34.737760992823695,84.07637913471699,40.719828498719465,39.38628696327066,12.505379003312127,40.31334413095321,77.72353012310113,77.2096966932628,-59.53830804485058,37.958120376635556,18.973168000745318,86.0748916059839,43.493463569462264,11.105829142815221,Unattained target,GPSampler,"{'sLegPt.rL0': 37.958120376635556, 'sLegPt.lL0': 40.31334413095321, 'sLegPt.rL1': 18.973168000745318, 'sLegPt.lL1': 77.72353012310113, 'sLegPt.x1': 43.493463569462264, 'sLegPt.y1': 11.105829142815221, 'sLegPt.rA1': -59.53830804485058, 'sLegPt.rL2': 86.0748916059839, 'sLegPt.lL2': 77.2096966932628, 'lLegPt.rL0': 34.737760992823695, 'lLegPt.lL0': 90.3483895074046, 'lLegPt.rL1': 84.07637913471699, 'lLegPt.lL1': 88.52926708154702, 'lLegPt.x1': 39.38628696327066, 'lLegPt.y1': 12.505379003312127, 'lLegPt.rA1': -27.186107405376, 'lLegPt.rL2': 40.719828498719465, 'lLegPt.lL2': 74.42422602690272}",PRUNED
355,355,6.030223616499306,2026-04-14 14:07:06.831604,2026-04-14 14:07:10.677198,0 days 00:00:03.845594,55.91255376906381,78.14693310970762,76.2874543733234,-51.269831392977906,72.74757394854069,53.43763275731629,43.55884161303011,48.85155130577817,10.137902291963275,20.48654895454848,23.61467206141295,99.74352829687881,-41.2278554065775,22.869031818842377,52.07514374353648,69.8645178658225,39.599170641915585,13.767185247669476,Unattained target,GPSampler,,PRUNED
356,356,6.030223594909021,2026-04-14 14:07:10.832746,2026-04-14 14:07:15.060415,0 days 00:00:04.227669,55.91255376906381,78.14693310970762,76.2874543733234,-51.269831392977906,72.74757394854069,53.43763275731629,43.55884161303011,48.85155130577817,10.137902291963275,20.48654895454848,23.61467206141295,99.74352829687881,-41.2278554065775,22.869031818842377,52.07514374353648,69.8645178658225,39.599170641915585,13.767185247669476,Unattained target,GPSampler,"{'sLegPt.rL0': 22.869031818842377, 'sLegPt.lL0': 20.48654895454848, 'sLegPt.rL1': 52.07514374353648, 'sLegPt.lL1': 23.61467206141295, 'sLegPt.x1': 39.599170641915585, 'sLegPt.y1': 13.767185247669476, 'sLegPt.rA1': -41.2278554065775, 'sLegPt.rL2': 69.8645178658225, 'sLegPt.lL2': 99.74352829687881, 'lLegPt.rL0': 72.74757394854069, 'lLegPt.lL0': 55.91255376906381, 'lLegPt.rL1': 53.43763275731629, 'lLegPt.lL1': 78.14693310970762, 'lLegPt.x1': 48.85155130577817, 'lLegPt.y1': 10.137902291963275, 'lLegPt.rA1': -51.269831392977906, 'lLegPt.rL2': 43.55884161303011, 'lLegPt.lL2': 76.2874543733234}",PRUNED
357,357,6.030223572140322,2026-04-14 14:07:15.236816,2026-04-14 14:07:19.304090,0 days 00:00:04.067274,55.91255376906381,78.14693310970762,76.2874543733234,-51.269831392977906,72.74757394854069,53.43763275731629,43.55884161303011,48.85155130577817,10.137902291963275,20.48654895454848,23.61467206141295,99.74352829687881,-41.2278554065775,22.869031818842377,52.07514374353648,69.8645178658225,39.599170641915585,13.767185247669476,Unattained target,GPSampler,"{'sLegPt.rL0': 22.869031818842377, 'sLegPt.lL0': 20.48654895454848, 'sLegPt.rL1': 52.07514374353648, 'sLegPt.lL1': 23.61467206141295, 'sLegPt.x1': 39.599170641915585, 'sLegPt.y1': 13.767185247669476, 'sLegPt.rA1': -41.2278554065775, 'sLegPt.rL2': 69.8645178658225, 'sLegPt.lL2': 99.74352829687881, 'lLegPt.rL0': 72.74757394854069, 'lLegPt.lL0': 55.91255376906381, 'lLegPt.rL1': 53.43763275731629, 'lLegPt.lL1': 78.14693310970762, 'lLegPt.x1': 48.85155130577817, 'lLegPt.y1': 10.137902291963275, 'lLegPt.rA1': -51.269831392977906, 'lLegPt.rL2': 43.55884161303011, 'lLegPt.lL2': 76.2874543733234}",PRUNED
358,358,5.781859739592811,2026-04-14 14:07:19.470063,2026-04-14 14:07:23.468273,0 days 00:00:03.998210,83.96985687461186,45.40961037140145,77.79232514085554,-41.84673762412534,59.81934570167322,83.28702063110129,91.51443745044718,44.199079229950186,12.065402212023299,77.93607527424071,56.4995022543549,53.4510019527534,-31.84458083043385,94.89512640992128,91.42684277202005,43.70652400023336,43.54626756829475,16.1197750431989,Unattained target,GPSampler,,PRUNED
359,359,5.781859887509775,2026-04-14 14:07:23.640705,2026-04-14 14:07:27.972576,0 days 00:00:04.331871,83.96985687461186,45.40961037140145,77.79232514085554,-41.84673762412534,59.81934570167322,83.28702063110129,91.51443745044718,44.199079229950186,12.065402212023299,77.93607527424071,56.4995022543549,53.4510019527534,-31.84458083043385,94.89512640992128,91.42684277202005,43.70652400023336,43.54626756829475,16.1197750431989,Unattained target,GPSampler,"{'sLegPt.rL0': 94.89512640992128, 'sLegPt.lL0': 77.93607527424071, 'sLegPt.rL1': 91.42684277202005, 'sLegPt.lL1': 56.4995022543549, 'sLegPt.x1': 43.54626756829475, 'sLegPt.y1': 16.1197750431989, 'sLegPt.rA1': -31.84458083043385, 'sLegPt.rL2': 43.70652400023336, 'sLegPt.lL2': 53.4510019527534, 'lLegPt.rL0': 59.81934570167322, 'lLegPt.lL0': 83.96985687461186, 'lLegPt.rL1': 83.28702063110129, 'lLegPt.lL1': 45.40961037140145, 'lLegPt.x1': 44.199079229950186, 'lLegPt.y1': 12.065402212023299, 'lLegPt.rA1': -41.84673762412534, 'lLegPt.rL2': 91.51443745044718, 'lLegPt.lL2': 77.79232514085554}",PRUNED
360,360,5.781860221976558,2026-04-14 14:07:28.151579,2026-04-14 14:07:32.292577,0 days 00:00:04.140998,83.96985687461186,45.40961037140145,77.79232514085554,-41.84673762412534,59.81934570167322,83.28702063110129,91.51443745044718,44.199079229950186,12.065402212023299,77.93607527424071,56.4995022543549,53.4510019527534,-31.84458083043385,94.89512640992128,91.42684277202005,43.70652400023336,43.54626756829475,16.1197750431989,Unattained target,GPSampler,"{'sLegPt.rL0': 94.89512640992128, 'sLegPt.lL0': 77.93607527424071, 'sLegPt.rL1': 91.42684277202005, 'sLegPt.lL1': 56.4995022543549, 'sLegPt.x1': 43.54626756829475, 'sLegPt.y1': 16.1197750431989, 'sLegPt.rA1': -31.84458083043385, 'sLegPt.rL2': 43.70652400023336, 'sLegPt.lL2': 53.4510019527534, 'lLegPt.rL0': 59.81934570167322, 'lLegPt.lL0': 83.96985687461186, 'lLegPt.rL1': 83.28702063110129, 'lLegPt.lL1': 45.40961037140145, 'lLegPt.x1': 44.199079229950186, 'lLegPt.y1': 12.065402212023299, 'lLegPt.rA1': -41.84673762412534, 'lLegPt.rL2': 91.51443745044718, 'lLegPt.lL2': 77.79232514085554}",PRUNED
361,361,5.077234594800721,2026-04-14 14:07:32.463464,2026-04-14 14:07:36.385128,0 days 00:00:03.921664,23.11772330734238,50.18645875350839,65.29164930630584,-70.19305126485496,36.35838197388419,97.51399773828706,79.9311487269174,49.63761445501412,18.195223988208706,61.067941620081925,75.01215877906861,94.64734943447033,-51.25043862191667,40.79275749956231,75.91761658899078,21.416955592756672,48.01203851749638,15.668158972552675,Unattained target,GPSampler,,PRUNED
