,number,value,datetime_start,datetime_complete,duration,params_lLegPt.lL0,params_lLegPt.lL1,params_lLegPt.lL2,params_lLegPt.rA1,params_lLegPt.rL0,params_lLegPt.rL1,params_lLegPt.rL2,params_lLegPt.x1,params_lLegPt.y1,params_sLegPt.lL0,params_sLegPt.lL1,params_sLegPt.lL2,params_sLegPt.rA1,params_sLegPt.rL0,params_sLegPt.rL1,params_sLegPt.rL2,params_sLegPt.x1,params_sLegPt.y1,user_attrs_prune,system_attrs_auto:sampler,system_attrs_fixed_params,state
892,892,8.218366472499042,2026-04-14 14:49:44.151240,2026-04-14 14:49:48.672876,0 days 00:00:04.521636,23.45188375461488,95.81095357635719,67.27655400991972,-72.24854309816796,12.48821471078879,99.73917237279134,67.76365451114503,38.99674767125987,17.056278801839873,68.43037924097791,63.0305148483564,88.08595307518965,-22.00949085677565,19.994037292292788,57.6402741119748,61.803050556182775,41.533441544133396,21.66803781465116,Unattained target,GPSampler,"{'sLegPt.rL0': 19.994037292292788, 'sLegPt.lL0': 68.43037924097791, 'sLegPt.rL1': 57.6402741119748, 'sLegPt.lL1': 63.0305148483564, 'sLegPt.x1': 41.533441544133396, 'sLegPt.y1': 21.66803781465116, 'sLegPt.rA1': -22.00949085677565, 'sLegPt.rL2': 61.803050556182775, 'sLegPt.lL2': 88.08595307518965, 'lLegPt.rL0': 12.48821471078879, 'lLegPt.lL0': 23.45188375461488, 'lLegPt.rL1': 99.73917237279134, 'lLegPt.lL1': 95.81095357635719, 'lLegPt.x1': 38.99674767125987, 'lLegPt.y1': 17.056278801839873, 'lLegPt.rA1': -72.24854309816796, 'lLegPt.rL2': 67.76365451114503, 'lLegPt.lL2': 67.27655400991972}",PRUNED
893,893,8.218366600329873,2026-04-14 14:49:48.869716,2026-04-14 14:49:53.008980,0 days 00:00:04.139264,23.45188375461488,95.81095357635719,67.27655400991972,-72.24854309816796,12.48821471078879,99.73917237279134,67.76365451114503,38.99674767125987,17.056278801839873,68.43037924097791,63.0305148483564,88.08595307518965,-22.00949085677565,19.994037292292788,57.6402741119748,61.803050556182775,41.533441544133396,21.66803781465116,Unattained target,GPSampler,"{'sLegPt.rL0': 19.994037292292788, 'sLegPt.lL0': 68.43037924097791, 'sLegPt.rL1': 57.6402741119748, 'sLegPt.lL1': 63.0305148483564, 'sLegPt.x1': 41.533441544133396, 'sLegPt.y1': 21.66803781465116, 'sLegPt.rA1': -22.00949085677565, 'sLegPt.rL2': 61.803050556182775, 'sLegPt.lL2': 88.08595307518965, 'lLegPt.rL0': 12.48821471078879, 'lLegPt.lL0': 23.45188375461488, 'lLegPt.rL1': 99.73917237279134, 'lLegPt.lL1': 95.81095357635719, 'lLegPt.x1': 38.99674767125987, 'lLegPt.y1': 17.056278801839873, 'lLegPt.rA1': -72.24854309816796, 'lLegPt.rL2': 67.76365451114503, 'lLegPt.lL2': 67.27655400991972}",PRUNED
894,894,10.283054471035484,2026-04-14 14:49:53.191187,2026-04-14 14:49:57.169617,0 days 00:00:03.978430,46.15587741335601,39.165062733837495,60.00182909962437,-26.39737592862292,88.07099558964387,52.259732167854494,35.16973375841354,37.8462272603824,25.09814493113761,60.49574507692848,94.54772903713909,99.23347378862111,-65.48356673374624,55.298612704720554,36.54100791081481,49.69183914924734,31.047475587918083,24.18603627398064,Unattained target,GPSampler,,PRUNED
895,895,10.283054864053618,2026-04-14 14:49:57.355967,2026-04-14 14:50:01.302072,0 days 00:00:03.946105,46.15587741335601,39.165062733837495,60.00182909962437,-26.39737592862292,88.07099558964387,52.259732167854494,35.16973375841354,37.8462272603824,25.09814493113761,60.49574507692848,94.54772903713909,99.23347378862111,-65.48356673374624,55.298612704720554,36.54100791081481,49.69183914924734,31.047475587918083,24.18603627398064,Unattained target,GPSampler,"{'sLegPt.rL0': 55.298612704720554, 'sLegPt.lL0': 60.49574507692848, 'sLegPt.rL1': 36.54100791081481, 'sLegPt.lL1': 94.54772903713909, 'sLegPt.x1': 31.047475587918083, 'sLegPt.y1': 24.18603627398064, 'sLegPt.rA1': -65.48356673374624, 'sLegPt.rL2': 49.69183914924734, 'sLegPt.lL2': 99.23347378862111, 'lLegPt.rL0': 88.07099558964387, 'lLegPt.lL0': 46.15587741335601, 'lLegPt.rL1': 52.259732167854494, 'lLegPt.lL1': 39.165062733837495, 'lLegPt.x1': 37.8462272603824, 'lLegPt.y1': 25.09814493113761, 'lLegPt.rA1': -26.39737592862292, 'lLegPt.rL2': 35.16973375841354, 'lLegPt.lL2': 60.00182909962437}",PRUNED
896,896,10.283054696785676,2026-04-14 14:50:01.483364,2026-04-14 14:50:05.539606,0 days 00:00:04.056242,46.15587741335601,39.165062733837495,60.00182909962437,-26.39737592862292,88.07099558964387,52.259732167854494,35.16973375841354,37.8462272603824,25.09814493113761,60.49574507692848,94.54772903713909,99.23347378862111,-65.48356673374624,55.298612704720554,36.54100791081481,49.69183914924734,31.047475587918083,24.18603627398064,Unattained target,GPSampler,"{'sLegPt.rL0': 55.298612704720554, 'sLegPt.lL0': 60.49574507692848, 'sLegPt.rL1': 36.54100791081481, 'sLegPt.lL1': 94.54772903713909, 'sLegPt.x1': 31.047475587918083, 'sLegPt.y1': 24.18603627398064, 'sLegPt.rA1': -65.48356673374624, 'sLegPt.rL2': 49.69183914924734, 'sLegPt.lL2': 99.23347378862111, 'lLegPt.rL0': 88.07099558964387, 'lLegPt.lL0': 46.15587741335601, 'lLegPt.rL1': 52.259732167854494, 'lLegPt.lL1': 39.165062733837495, 'lLegPt.x1': 37.8462272603824, 'lLegPt.y1': 25.09814493113761, 'lLegPt.rA1': -26.39737592862292, 'lLegPt.rL2': 35.16973375841354, 'lLegPt.lL2': 60.00182909962437}",PRUNED
897,897,6.551296966770771,2026-04-14 14:50:05.723462,2026-04-14 14:50:09.562722,0 days 00:00:03.839260,39.346319459955396,98.53884999301509,28.71697509870915,-27.297247001784484,44.18698930444806,95.57054748798097,12.50558644620697,41.99117573952188,17.405611948116917,21.982519264056563,45.10856463409129,56.46548845776558,-27.331552752631957,56.32844245268728,14.942197965026004,15.813478794765848,33.726178786760755,26.046280481468028,Unattained target,GPSampler,,PRUNED
898,898,6.551297237842647,2026-04-14 14:50:09.753212,2026-04-14 14:50:13.546082,0 days 00:00:03.792870,39.346319459955396,98.53884999301509,28.71697509870915,-27.297247001784484,44.18698930444806,95.57054748798097,12.50558644620697,41.99117573952188,17.405611948116917,21.982519264056563,45.10856463409129,56.46548845776558,-27.331552752631957,56.32844245268728,14.942197965026004,15.813478794765848,33.726178786760755,26.046280481468028,Unattained target,GPSampler,"{'sLegPt.rL0': 56.32844245268728, 'sLegPt.lL0': 21.982519264056563, 'sLegPt.rL1': 14.942197965026004, 'sLegPt.lL1': 45.10856463409129, 'sLegPt.x1': 33.726178786760755, 'sLegPt.y1': 26.046280481468028, 'sLegPt.rA1': -27.331552752631957, 'sLegPt.rL2': 15.813478794765848, 'sLegPt.lL2': 56.46548845776558, 'lLegPt.rL0': 44.18698930444806, 'lLegPt.lL0': 39.346319459955396, 'lLegPt.rL1': 95.57054748798097, 'lLegPt.lL1': 98.53884999301509, 'lLegPt.x1': 41.99117573952188, 'lLegPt.y1': 17.405611948116917, 'lLegPt.rA1': -27.297247001784484, 'lLegPt.rL2': 12.50558644620697, 'lLegPt.lL2': 28.71697509870915}",PRUNED
899,899,6.551297177116112,2026-04-14 14:50:13.732980,2026-04-14 14:50:17.143558,0 days 00:00:03.410578,39.346319459955396,98.53884999301509,28.71697509870915,-27.297247001784484,44.18698930444806,95.57054748798097,12.50558644620697,41.99117573952188,17.405611948116917,21.982519264056563,45.10856463409129,56.46548845776558,-27.331552752631957,56.32844245268728,14.942197965026004,15.813478794765848,33.726178786760755,26.046280481468028,Unattained target,GPSampler,"{'sLegPt.rL0': 56.32844245268728, 'sLegPt.lL0': 21.982519264056563, 'sLegPt.rL1': 14.942197965026004, 'sLegPt.lL1': 45.10856463409129, 'sLegPt.x1': 33.726178786760755, 'sLegPt.y1': 26.046280481468028, 'sLegPt.rA1': -27.331552752631957, 'sLegPt.rL2': 15.813478794765848, 'sLegPt.lL2': 56.46548845776558, 'lLegPt.rL0': 44.18698930444806, 'lLegPt.lL0': 39.346319459955396, 'lLegPt.rL1': 95.57054748798097, 'lLegPt.lL1': 98.53884999301509, 'lLegPt.x1': 41.99117573952188, 'lLegPt.y1': 17.405611948116917, 'lLegPt.rA1': -27.297247001784484, 'lLegPt.rL2': 12.50558644620697, 'lLegPt.lL2': 28.71697509870915}",PRUNED
900,900,5.96561511593778,2026-04-14 14:50:17.296865,2026-04-14 14:50:21.149014,0 days 00:00:03.852149,24.983856845076048,81.97494708100268,67.2769294257728,-61.16098491410995,50.529468431397355,10.109497968952468,62.53937392075312,36.928392963797236,12.170259770235479,95.67526196846723,31.600849113959992,84.03607974415239,-73.63055977537468,36.077990788883994,94.36074704680028,13.150435419150378,43.17045835612189,27.538173144409587,Unattained target,GPSampler,,PRUNED
901,901,5.9656150633961005,2026-04-14 14:50:21.330910,2026-04-14 14:50:25.168477,0 days 00:00:03.837567,24.983856845076048,81.97494708100268,67.2769294257728,-61.16098491410995,50.529468431397355,10.109497968952468,62.53937392075312,36.928392963797236,12.170259770235479,95.67526196846723,31.600849113959992,84.03607974415239,-73.63055977537468,36.077990788883994,94.36074704680028,13.150435419150378,43.17045835612189,27.538173144409587,Unattained target,GPSampler,"{'sLegPt.rL0': 36.077990788883994, 'sLegPt.lL0': 95.67526196846723, 'sLegPt.rL1': 94.36074704680028, 'sLegPt.lL1': 31.600849113959992, 'sLegPt.x1': 43.17045835612189, 'sLegPt.y1': 27.538173144409587, 'sLegPt.rA1': -73.63055977537468, 'sLegPt.rL2': 13.150435419150378, 'sLegPt.lL2': 84.03607974415239, 'lLegPt.rL0': 50.529468431397355, 'lLegPt.lL0': 24.983856845076048, 'lLegPt.rL1': 10.109497968952468, 'lLegPt.lL1': 81.97494708100268, 'lLegPt.x1': 36.928392963797236, 'lLegPt.y1': 12.170259770235479, 'lLegPt.rA1': -61.16098491410995, 'lLegPt.rL2': 62.53937392075312, 'lLegPt.lL2': 67.2769294257728}",PRUNED
902,902,5.965615086802227,2026-04-14 14:50:25.352330,2026-04-14 14:50:29.069784,0 days 00:00:03.717454,24.983856845076048,81.97494708100268,67.2769294257728,-61.16098491410995,50.529468431397355,10.109497968952468,62.53937392075312,36.928392963797236,12.170259770235479,95.67526196846723,31.600849113959992,84.03607974415239,-73.63055977537468,36.077990788883994,94.36074704680028,13.150435419150378,43.17045835612189,27.538173144409587,Unattained target,GPSampler,"{'sLegPt.rL0': 36.077990788883994, 'sLegPt.lL0': 95.67526196846723, 'sLegPt.rL1': 94.36074704680028, 'sLegPt.lL1': 31.600849113959992, 'sLegPt.x1': 43.17045835612189, 'sLegPt.y1': 27.538173144409587, 'sLegPt.rA1': -73.63055977537468, 'sLegPt.rL2': 13.150435419150378, 'sLegPt.lL2': 84.03607974415239, 'lLegPt.rL0': 50.529468431397355, 'lLegPt.lL0': 24.983856845076048, 'lLegPt.rL1': 10.109497968952468, 'lLegPt.lL1': 81.97494708100268, 'lLegPt.x1': 36.928392963797236, 'lLegPt.y1': 12.170259770235479, 'lLegPt.rA1': -61.16098491410995, 'lLegPt.rL2': 62.53937392075312, 'lLegPt.lL2': 67.2769294257728}",PRUNED
903,903,8.44745380353816,2026-04-14 14:50:29.252852,2026-04-14 14:50:33.057810,0 days 00:00:03.804958,86.20705379147687,26.14895835358973,42.835991058577186,-73.7076031308843,87.2107708505991,45.50672197229835,19.577076566103877,35.96281263097278,18.867571370037126,26.01737500814835,14.048184418058714,83.21779876454514,-62.34945228225448,83.71301470262902,13.286069334562246,79.97167538596337,34.13837827544136,25.751481618757126,Unattained target,GPSampler,,PRUNED
904,904,8.44745355770229,2026-04-14 14:50:33.237470,2026-04-14 14:50:37.291970,0 days 00:00:04.054500,86.20705379147687,26.14895835358973,42.835991058577186,-73.7076031308843,87.2107708505991,45.50672197229835,19.577076566103877,35.96281263097278,18.867571370037126,26.01737500814835,14.048184418058714,83.21779876454514,-62.34945228225448,83.71301470262902,13.286069334562246,79.97167538596337,34.13837827544136,25.751481618757126,Unattained target,GPSampler,"{'sLegPt.rL0': 83.71301470262902, 'sLegPt.lL0': 26.01737500814835, 'sLegPt.rL1': 13.286069334562246, 'sLegPt.lL1': 14.048184418058714, 'sLegPt.x1': 34.13837827544136, 'sLegPt.y1': 25.751481618757126, 'sLegPt.rA1': -62.34945228225448, 'sLegPt.rL2': 79.97167538596337, 'sLegPt.lL2': 83.21779876454514, 'lLegPt.rL0': 87.2107708505991, 'lLegPt.lL0': 86.20705379147687, 'lLegPt.rL1': 45.50672197229835, 'lLegPt.lL1': 26.14895835358973, 'lLegPt.x1': 35.96281263097278, 'lLegPt.y1': 18.867571370037126, 'lLegPt.rA1': -73.7076031308843, 'lLegPt.rL2': 19.577076566103877, 'lLegPt.lL2': 42.835991058577186}",PRUNED
905,905,8.447453612677208,2026-04-14 14:50:37.478730,2026-04-14 14:50:41.666118,0 days 00:00:04.187388,86.20705379147687,26.14895835358973,42.835991058577186,-73.7076031308843,87.2107708505991,45.50672197229835,19.577076566103877,35.96281263097278,18.867571370037126,26.01737500814835,14.048184418058714,83.21779876454514,-62.34945228225448,83.71301470262902,13.286069334562246,79.97167538596337,34.13837827544136,25.751481618757126,Unattained target,GPSampler,"{'sLegPt.rL0': 83.71301470262902, 'sLegPt.lL0': 26.01737500814835, 'sLegPt.rL1': 13.286069334562246, 'sLegPt.lL1': 14.048184418058714, 'sLegPt.x1': 34.13837827544136, 'sLegPt.y1': 25.751481618757126, 'sLegPt.rA1': -62.34945228225448, 'sLegPt.rL2': 79.97167538596337, 'sLegPt.lL2': 83.21779876454514, 'lLegPt.rL0': 87.2107708505991, 'lLegPt.lL0': 86.20705379147687, 'lLegPt.rL1': 45.50672197229835, 'lLegPt.lL1': 26.14895835358973, 'lLegPt.x1': 35.96281263097278, 'lLegPt.y1': 18.867571370037126, 'lLegPt.rA1': -73.7076031308843, 'lLegPt.rL2': 19.577076566103877, 'lLegPt.lL2': 42.835991058577186}",PRUNED
906,906,8.719486057783225,2026-04-14 14:50:41.852819,2026-04-14 14:50:45.738881,0 days 00:00:03.886062,39.73620362794705,30.863496792622687,73.09701957492717,-23.294163878753302,50.04787232737417,98.3393185349584,26.333568287897457,43.1433124916478,18.88020209632084,54.26072490907367,38.46939508391972,92.52336324580287,-49.04587599534999,28.31184193690352,71.76787703517114,89.42118058942737,32.47198916923274,28.142997424786373,Unattained target,GPSampler,,PRUNED
907,907,8.719486112170436,2026-04-14 14:50:45.911952,2026-04-14 14:50:49.496921,0 days 00:00:03.584969,39.73620362794705,30.863496792622687,73.09701957492717,-23.294163878753302,50.04787232737417,98.3393185349584,26.333568287897457,43.1433124916478,18.88020209632084,54.26072490907367,38.46939508391972,92.52336324580287,-49.04587599534999,28.31184193690352,71.76787703517114,89.42118058942737,32.47198916923274,28.142997424786373,Unattained target,GPSampler,"{'sLegPt.rL0': 28.31184193690352, 'sLegPt.lL0': 54.26072490907367, 'sLegPt.rL1': 71.76787703517114, 'sLegPt.lL1': 38.46939508391972, 'sLegPt.x1': 32.47198916923274, 'sLegPt.y1': 28.142997424786373, 'sLegPt.rA1': -49.04587599534999, 'sLegPt.rL2': 89.42118058942737, 'sLegPt.lL2': 92.52336324580287, 'lLegPt.rL0': 50.04787232737417, 'lLegPt.lL0': 39.73620362794705, 'lLegPt.rL1': 98.3393185349584, 'lLegPt.lL1': 30.863496792622687, 'lLegPt.x1': 43.1433124916478, 'lLegPt.y1': 18.88020209632084, 'lLegPt.rA1': -23.294163878753302, 'lLegPt.rL2': 26.333568287897457, 'lLegPt.lL2': 73.09701957492717}",PRUNED
908,908,8.719486121935855,2026-04-14 14:50:49.656515,2026-04-14 14:50:53.698868,0 days 00:00:04.042353,39.73620362794705,30.863496792622687,73.09701957492717,-23.294163878753302,50.04787232737417,98.3393185349584,26.333568287897457,43.1433124916478,18.88020209632084,54.26072490907367,38.46939508391972,92.52336324580287,-49.04587599534999,28.31184193690352,71.76787703517114,89.42118058942737,32.47198916923274,28.142997424786373,Unattained target,GPSampler,"{'sLegPt.rL0': 28.31184193690352, 'sLegPt.lL0': 54.26072490907367, 'sLegPt.rL1': 71.76787703517114, 'sLegPt.lL1': 38.46939508391972, 'sLegPt.x1': 32.47198916923274, 'sLegPt.y1': 28.142997424786373, 'sLegPt.rA1': -49.04587599534999, 'sLegPt.rL2': 89.42118058942737, 'sLegPt.lL2': 92.52336324580287, 'lLegPt.rL0': 50.04787232737417, 'lLegPt.lL0': 39.73620362794705, 'lLegPt.rL1': 98.3393185349584, 'lLegPt.lL1': 30.863496792622687, 'lLegPt.x1': 43.1433124916478, 'lLegPt.y1': 18.88020209632084, 'lLegPt.rA1': -23.294163878753302, 'lLegPt.rL2': 26.333568287897457, 'lLegPt.lL2': 73.09701957492717}",PRUNED
909,909,5.505601394779646,2026-04-14 14:50:53.876172,2026-04-14 14:50:58.406853,0 days 00:00:04.530681,62.51391407154685,84.57007955098308,20.299364699352495,-76.75630023448512,26.722331454893688,14.01331359213411,91.56287696164914,46.65389401827794,29.428371455146497,52.67931303330186,58.83929648734349,35.56595183446843,-30.834815609246796,85.24467650271605,84.05902257442706,27.81637555893425,39.65426117727755,26.668306297847103,Unattained target,GPSampler,,PRUNED
910,910,5.507811677605211,2026-04-14 14:50:58.588926,2026-04-14 14:51:02.924336,0 days 00:00:04.335410,62.51391407154685,84.57007955098308,20.299364699352495,-76.75630023448512,26.722331454893688,14.01331359213411,91.56287696164914,46.65389401827794,29.428371455146497,52.67931303330186,58.83929648734349,35.56595183446843,-30.834815609246796,85.24467650271605,84.05902257442706,27.81637555893425,39.65426117727755,26.668306297847103,Unattained target,GPSampler,"{'sLegPt.rL0': 85.24467650271605, 'sLegPt.lL0': 52.67931303330186, 'sLegPt.rL1': 84.05902257442706, 'sLegPt.lL1': 58.83929648734349, 'sLegPt.x1': 39.65426117727755, 'sLegPt.y1': 26.668306297847103, 'sLegPt.rA1': -30.834815609246796, 'sLegPt.rL2': 27.81637555893425, 'sLegPt.lL2': 35.56595183446843, 'lLegPt.rL0': 26.722331454893688, 'lLegPt.lL0': 62.51391407154685, 'lLegPt.rL1': 14.01331359213411, 'lLegPt.lL1': 84.57007955098308, 'lLegPt.x1': 46.65389401827794, 'lLegPt.y1': 29.428371455146497, 'lLegPt.rA1': -76.75630023448512, 'lLegPt.rL2': 91.56287696164914, 'lLegPt.lL2': 20.299364699352495}",PRUNED
911,911,5.512800644557714,2026-04-14 14:51:03.115441,2026-04-14 14:51:07.530220,0 days 00:00:04.414779,62.51391407154685,84.57007955098308,20.299364699352495,-76.75630023448512,26.722331454893688,14.01331359213411,91.56287696164914,46.65389401827794,29.428371455146497,52.67931303330186,58.83929648734349,35.56595183446843,-30.834815609246796,85.24467650271605,84.05902257442706,27.81637555893425,39.65426117727755,26.668306297847103,Unattained target,GPSampler,"{'sLegPt.rL0': 85.24467650271605, 'sLegPt.lL0': 52.67931303330186, 'sLegPt.rL1': 84.05902257442706, 'sLegPt.lL1': 58.83929648734349, 'sLegPt.x1': 39.65426117727755, 'sLegPt.y1': 26.668306297847103, 'sLegPt.rA1': -30.834815609246796, 'sLegPt.rL2': 27.81637555893425, 'sLegPt.lL2': 35.56595183446843, 'lLegPt.rL0': 26.722331454893688, 'lLegPt.lL0': 62.51391407154685, 'lLegPt.rL1': 14.01331359213411, 'lLegPt.lL1': 84.57007955098308, 'lLegPt.x1': 46.65389401827794, 'lLegPt.y1': 29.428371455146497, 'lLegPt.rA1': -76.75630023448512, 'lLegPt.rL2': 91.56287696164914, 'lLegPt.lL2': 20.299364699352495}",PRUNED
912,912,22.18470454145043,2026-04-14 14:51:07.736585,2026-04-14 14:51:11.733869,0 days 00:00:03.997284,73.79090553631696,71.45769519624098,57.57525908645423,-44.15350222811299,72.02437597081172,69.45505348758203,82.12583466789451,34.82572535108429,28.715324687939333,49.2409132472529,78.89513188466236,87.82744829184004,-55.74795979092762,97.70935282667473,22.43856625655181,85.21416838290709,40.73375451111916,21.265161129753928,Unattained target,GPSampler,,PRUNED
913,913,22.184704666923672,2026-04-14 14:51:11.924454,2026-04-14 14:51:15.909000,0 days 00:00:03.984546,73.79090553631696,71.45769519624098,57.57525908645423,-44.15350222811299,72.02437597081172,69.45505348758203,82.12583466789451,34.82572535108429,28.715324687939333,49.2409132472529,78.89513188466236,87.82744829184004,-55.74795979092762,97.70935282667473,22.43856625655181,85.21416838290709,40.73375451111916,21.265161129753928,Unattained target,GPSampler,"{'sLegPt.rL0': 97.70935282667473, 'sLegPt.lL0': 49.2409132472529, 'sLegPt.rL1': 22.43856625655181, 'sLegPt.lL1': 78.89513188466236, 'sLegPt.x1': 40.73375451111916, 'sLegPt.y1': 21.265161129753928, 'sLegPt.rA1': -55.74795979092762, 'sLegPt.rL2': 85.21416838290709, 'sLegPt.lL2': 87.82744829184004, 'lLegPt.rL0': 72.02437597081172, 'lLegPt.lL0': 73.79090553631696, 'lLegPt.rL1': 69.45505348758203, 'lLegPt.lL1': 71.45769519624098, 'lLegPt.x1': 34.82572535108429, 'lLegPt.y1': 28.715324687939333, 'lLegPt.rA1': -44.15350222811299, 'lLegPt.rL2': 82.12583466789451, 'lLegPt.lL2': 57.57525908645423}",PRUNED
914,914,22.18470442282596,2026-04-14 14:51:16.093590,2026-04-14 14:51:20.008538,0 days 00:00:03.914948,73.79090553631696,71.45769519624098,57.57525908645423,-44.15350222811299,72.02437597081172,69.45505348758203,82.12583466789451,34.82572535108429,28.715324687939333,49.2409132472529,78.89513188466236,87.82744829184004,-55.74795979092762,97.70935282667473,22.43856625655181,85.21416838290709,40.73375451111916,21.265161129753928,Unattained target,GPSampler,"{'sLegPt.rL0': 97.70935282667473, 'sLegPt.lL0': 49.2409132472529, 'sLegPt.rL1': 22.43856625655181, 'sLegPt.lL1': 78.89513188466236, 'sLegPt.x1': 40.73375451111916, 'sLegPt.y1': 21.265161129753928, 'sLegPt.rA1': -55.74795979092762, 'sLegPt.rL2': 85.21416838290709, 'sLegPt.lL2': 87.82744829184004, 'lLegPt.rL0': 72.02437597081172, 'lLegPt.lL0': 73.79090553631696, 'lLegPt.rL1': 69.45505348758203, 'lLegPt.lL1': 71.45769519624098, 'lLegPt.x1': 34.82572535108429, 'lLegPt.y1': 28.715324687939333, 'lLegPt.rA1': -44.15350222811299, 'lLegPt.rL2': 82.12583466789451, 'lLegPt.lL2': 57.57525908645423}",PRUNED
915,915,6.946201878606132,2026-04-14 14:51:20.189776,2026-04-14 14:51:24.092359,0 days 00:00:03.902583,74.28834432133038,80.76432316847956,75.16557252764531,-21.627613513669438,62.58475201974502,60.006855566092575,63.42550588222356,40.14839873650915,26.82444029023088,22.549586127858845,23.69684450813487,77.10517295019969,-43.10888920544753,74.46816713057035,36.514837810615404,89.51311664444279,44.339555403882976,18.462423332949257,Unattained target,GPSampler,,PRUNED
