,number,value,datetime_start,datetime_complete,duration,params_lLegPt.lL0,params_lLegPt.lL1,params_lLegPt.lL2,params_lLegPt.rA1,params_lLegPt.rL0,params_lLegPt.rL1,params_lLegPt.rL2,params_lLegPt.x1,params_lLegPt.y1,params_sLegPt.lL0,params_sLegPt.lL1,params_sLegPt.lL2,params_sLegPt.rA1,params_sLegPt.rL0,params_sLegPt.rL1,params_sLegPt.rL2,params_sLegPt.x1,params_sLegPt.y1,user_attrs_prune,system_attrs_auto:sampler,system_attrs_fixed_params,state
1013,1013,5.607939183545774,2026-04-14 14:59:43.888497,2026-04-14 14:59:48.281525,0 days 00:00:04.393028,58.17076965156727,96.44626601114629,26.0091844050131,-51.95465915682465,87.98188501976084,36.98632052921568,89.36061990331962,32.04779692400622,11.63913739220977,76.53192176182387,56.322717316873266,21.01067165980829,-61.98902539809495,70.89290731014523,14.443247679116286,19.27381983111849,40.4345298662334,28.648143870241817,Unattained target,GPSampler,"{'sLegPt.rL0': 70.89290731014523, 'sLegPt.lL0': 76.53192176182387, 'sLegPt.rL1': 14.443247679116286, 'sLegPt.lL1': 56.322717316873266, 'sLegPt.x1': 40.4345298662334, 'sLegPt.y1': 28.648143870241817, 'sLegPt.rA1': -61.98902539809495, 'sLegPt.rL2': 19.27381983111849, 'sLegPt.lL2': 21.01067165980829, 'lLegPt.rL0': 87.98188501976084, 'lLegPt.lL0': 58.17076965156727, 'lLegPt.rL1': 36.98632052921568, 'lLegPt.lL1': 96.44626601114629, 'lLegPt.x1': 32.04779692400622, 'lLegPt.y1': 11.63913739220977, 'lLegPt.rA1': -51.95465915682465, 'lLegPt.rL2': 89.36061990331962, 'lLegPt.lL2': 26.0091844050131}",PRUNED
1014,1014,5.607938878911476,2026-04-14 14:59:48.476729,2026-04-14 14:59:52.741736,0 days 00:00:04.265007,58.17076965156727,96.44626601114629,26.0091844050131,-51.95465915682465,87.98188501976084,36.98632052921568,89.36061990331962,32.04779692400622,11.63913739220977,76.53192176182387,56.322717316873266,21.01067165980829,-61.98902539809495,70.89290731014523,14.443247679116286,19.27381983111849,40.4345298662334,28.648143870241817,Unattained target,GPSampler,"{'sLegPt.rL0': 70.89290731014523, 'sLegPt.lL0': 76.53192176182387, 'sLegPt.rL1': 14.443247679116286, 'sLegPt.lL1': 56.322717316873266, 'sLegPt.x1': 40.4345298662334, 'sLegPt.y1': 28.648143870241817, 'sLegPt.rA1': -61.98902539809495, 'sLegPt.rL2': 19.27381983111849, 'sLegPt.lL2': 21.01067165980829, 'lLegPt.rL0': 87.98188501976084, 'lLegPt.lL0': 58.17076965156727, 'lLegPt.rL1': 36.98632052921568, 'lLegPt.lL1': 96.44626601114629, 'lLegPt.x1': 32.04779692400622, 'lLegPt.y1': 11.63913739220977, 'lLegPt.rA1': -51.95465915682465, 'lLegPt.rL2': 89.36061990331962, 'lLegPt.lL2': 26.0091844050131}",PRUNED
1015,1015,5.078348790505615,2026-04-14 14:59:52.963650,2026-04-14 15:00:01.353534,0 days 00:00:08.389884,37.11963932364901,55.28776220961054,44.967260981494405,-26.97374476828425,56.781748547307856,30.75361158756068,48.459130047967726,44.61402337902544,19.9044818629948,17.63345027795068,89.41857203239731,26.964909872805784,-22.751576830028043,65.23729283331829,18.528660370303694,43.830690119994024,44.092045269735756,29.79582912750432,Unattained target,GPSampler,,PRUNED
1016,1016,5.079457470500195,2026-04-14 15:00:01.547872,2026-04-14 15:00:09.781902,0 days 00:00:08.234030,37.11963932364901,55.28776220961054,44.967260981494405,-26.97374476828425,56.781748547307856,30.75361158756068,48.459130047967726,44.61402337902544,19.9044818629948,17.63345027795068,89.41857203239731,26.964909872805784,-22.751576830028043,65.23729283331829,18.528660370303694,43.830690119994024,44.092045269735756,29.79582912750432,Unattained target,GPSampler,"{'sLegPt.rL0': 65.23729283331829, 'sLegPt.lL0': 17.63345027795068, 'sLegPt.rL1': 18.528660370303694, 'sLegPt.lL1': 89.41857203239731, 'sLegPt.x1': 44.092045269735756, 'sLegPt.y1': 29.79582912750432, 'sLegPt.rA1': -22.751576830028043, 'sLegPt.rL2': 43.830690119994024, 'sLegPt.lL2': 26.964909872805784, 'lLegPt.rL0': 56.781748547307856, 'lLegPt.lL0': 37.11963932364901, 'lLegPt.rL1': 30.75361158756068, 'lLegPt.lL1': 55.28776220961054, 'lLegPt.x1': 44.61402337902544, 'lLegPt.y1': 19.9044818629948, 'lLegPt.rA1': -26.97374476828425, 'lLegPt.rL2': 48.459130047967726, 'lLegPt.lL2': 44.967260981494405}",PRUNED
1017,1017,5.076452798087203,2026-04-14 15:00:09.979930,2026-04-14 15:00:18.284548,0 days 00:00:08.304618,37.11963932364901,55.28776220961054,44.967260981494405,-26.97374476828425,56.781748547307856,30.75361158756068,48.459130047967726,44.61402337902544,19.9044818629948,17.63345027795068,89.41857203239731,26.964909872805784,-22.751576830028043,65.23729283331829,18.528660370303694,43.830690119994024,44.092045269735756,29.79582912750432,Unattained target,GPSampler,"{'sLegPt.rL0': 65.23729283331829, 'sLegPt.lL0': 17.63345027795068, 'sLegPt.rL1': 18.528660370303694, 'sLegPt.lL1': 89.41857203239731, 'sLegPt.x1': 44.092045269735756, 'sLegPt.y1': 29.79582912750432, 'sLegPt.rA1': -22.751576830028043, 'sLegPt.rL2': 43.830690119994024, 'sLegPt.lL2': 26.964909872805784, 'lLegPt.rL0': 56.781748547307856, 'lLegPt.lL0': 37.11963932364901, 'lLegPt.rL1': 30.75361158756068, 'lLegPt.lL1': 55.28776220961054, 'lLegPt.x1': 44.61402337902544, 'lLegPt.y1': 19.9044818629948, 'lLegPt.rA1': -26.97374476828425, 'lLegPt.rL2': 48.459130047967726, 'lLegPt.lL2': 44.967260981494405}",PRUNED
1018,1018,6.053256510703552,2026-04-14 15:00:18.454424,2026-04-14 15:00:22.212544,0 days 00:00:03.758120,38.96342721930233,60.500722459686855,76.010896119861,-70.56089489157445,66.328052702931,71.18779886738048,76.70571484498173,36.97316843420386,26.648586918476767,23.098678800573676,71.18992471053409,93.72103159580941,-36.25433289412646,11.949720684013524,92.06232184500804,66.12803943553543,31.180943711990604,15.305082404189621,Unattained target,GPSampler,,PRUNED
1019,1019,6.0532565826006355,2026-04-14 15:00:22.407577,2026-04-14 15:00:26.354125,0 days 00:00:03.946548,38.96342721930233,60.500722459686855,76.010896119861,-70.56089489157445,66.328052702931,71.18779886738048,76.70571484498173,36.97316843420386,26.648586918476767,23.098678800573676,71.18992471053409,93.72103159580941,-36.25433289412646,11.949720684013524,92.06232184500804,66.12803943553543,31.180943711990604,15.305082404189621,Unattained target,GPSampler,"{'sLegPt.rL0': 11.949720684013524, 'sLegPt.lL0': 23.098678800573676, 'sLegPt.rL1': 92.06232184500804, 'sLegPt.lL1': 71.18992471053409, 'sLegPt.x1': 31.180943711990604, 'sLegPt.y1': 15.305082404189621, 'sLegPt.rA1': -36.25433289412646, 'sLegPt.rL2': 66.12803943553543, 'sLegPt.lL2': 93.72103159580941, 'lLegPt.rL0': 66.328052702931, 'lLegPt.lL0': 38.96342721930233, 'lLegPt.rL1': 71.18779886738048, 'lLegPt.lL1': 60.500722459686855, 'lLegPt.x1': 36.97316843420386, 'lLegPt.y1': 26.648586918476767, 'lLegPt.rA1': -70.56089489157445, 'lLegPt.rL2': 76.70571484498173, 'lLegPt.lL2': 76.010896119861}",PRUNED
1020,1020,6.05325659416561,2026-04-14 15:00:26.550258,2026-04-14 15:00:30.080328,0 days 00:00:03.530070,38.96342721930233,60.500722459686855,76.010896119861,-70.56089489157445,66.328052702931,71.18779886738048,76.70571484498173,36.97316843420386,26.648586918476767,23.098678800573676,71.18992471053409,93.72103159580941,-36.25433289412646,11.949720684013524,92.06232184500804,66.12803943553543,31.180943711990604,15.305082404189621,Unattained target,GPSampler,"{'sLegPt.rL0': 11.949720684013524, 'sLegPt.lL0': 23.098678800573676, 'sLegPt.rL1': 92.06232184500804, 'sLegPt.lL1': 71.18992471053409, 'sLegPt.x1': 31.180943711990604, 'sLegPt.y1': 15.305082404189621, 'sLegPt.rA1': -36.25433289412646, 'sLegPt.rL2': 66.12803943553543, 'sLegPt.lL2': 93.72103159580941, 'lLegPt.rL0': 66.328052702931, 'lLegPt.lL0': 38.96342721930233, 'lLegPt.rL1': 71.18779886738048, 'lLegPt.lL1': 60.500722459686855, 'lLegPt.x1': 36.97316843420386, 'lLegPt.y1': 26.648586918476767, 'lLegPt.rA1': -70.56089489157445, 'lLegPt.rL2': 76.70571484498173, 'lLegPt.lL2': 76.010896119861}",PRUNED
1021,1021,9.44968267168047,2026-04-14 15:00:30.262528,2026-04-14 15:00:34.208530,0 days 00:00:03.946002,66.16142804725163,89.4977816766343,70.84631807687371,-74.37463387551989,93.27507968703026,23.913500933345233,59.508850860260274,44.18642777953492,27.096293041217965,86.02767840029715,26.08440836731381,43.06913215584841,-47.9783249224644,92.68917086063077,54.4105898774793,18.28269614669401,43.93322963673392,19.83129129746693,Unattained target,GPSampler,,PRUNED
1022,1022,9.449682710598225,2026-04-14 15:00:34.480608,2026-04-14 15:00:38.436126,0 days 00:00:03.955518,66.16142804725163,89.4977816766343,70.84631807687371,-74.37463387551989,93.27507968703026,23.913500933345233,59.508850860260274,44.18642777953492,27.096293041217965,86.02767840029715,26.08440836731381,43.06913215584841,-47.9783249224644,92.68917086063077,54.4105898774793,18.28269614669401,43.93322963673392,19.83129129746693,Unattained target,GPSampler,"{'sLegPt.rL0': 92.68917086063077, 'sLegPt.lL0': 86.02767840029715, 'sLegPt.rL1': 54.4105898774793, 'sLegPt.lL1': 26.08440836731381, 'sLegPt.x1': 43.93322963673392, 'sLegPt.y1': 19.83129129746693, 'sLegPt.rA1': -47.9783249224644, 'sLegPt.rL2': 18.28269614669401, 'sLegPt.lL2': 43.06913215584841, 'lLegPt.rL0': 93.27507968703026, 'lLegPt.lL0': 66.16142804725163, 'lLegPt.rL1': 23.913500933345233, 'lLegPt.lL1': 89.4977816766343, 'lLegPt.x1': 44.18642777953492, 'lLegPt.y1': 27.096293041217965, 'lLegPt.rA1': -74.37463387551989, 'lLegPt.rL2': 59.508850860260274, 'lLegPt.lL2': 70.84631807687371}",PRUNED
1023,1023,9.449682797492699,2026-04-14 15:00:38.610664,2026-04-14 15:00:42.355780,0 days 00:00:03.745116,66.16142804725163,89.4977816766343,70.84631807687371,-74.37463387551989,93.27507968703026,23.913500933345233,59.508850860260274,44.18642777953492,27.096293041217965,86.02767840029715,26.08440836731381,43.06913215584841,-47.9783249224644,92.68917086063077,54.4105898774793,18.28269614669401,43.93322963673392,19.83129129746693,Unattained target,GPSampler,"{'sLegPt.rL0': 92.68917086063077, 'sLegPt.lL0': 86.02767840029715, 'sLegPt.rL1': 54.4105898774793, 'sLegPt.lL1': 26.08440836731381, 'sLegPt.x1': 43.93322963673392, 'sLegPt.y1': 19.83129129746693, 'sLegPt.rA1': -47.9783249224644, 'sLegPt.rL2': 18.28269614669401, 'sLegPt.lL2': 43.06913215584841, 'lLegPt.rL0': 93.27507968703026, 'lLegPt.lL0': 66.16142804725163, 'lLegPt.rL1': 23.913500933345233, 'lLegPt.lL1': 89.4977816766343, 'lLegPt.x1': 44.18642777953492, 'lLegPt.y1': 27.096293041217965, 'lLegPt.rA1': -74.37463387551989, 'lLegPt.rL2': 59.508850860260274, 'lLegPt.lL2': 70.84631807687371}",PRUNED
1024,1024,6.981767408398468,2026-04-14 15:00:42.544431,2026-04-14 15:00:47.875732,0 days 00:00:05.331301,34.345077443691466,14.886166640402282,60.332024860496034,-45.41384205076314,93.50922667052501,62.618708693945315,11.411341254492015,41.18089692868828,11.622810978691358,87.6169275532847,79.59483817929055,71.46352411543691,-40.53514797986208,10.297609294285003,84.87962026138804,12.223342355498545,30.46772238544478,28.925093353932624,Unattained target,GPSampler,,PRUNED
1025,1025,6.98176865590483,2026-04-14 15:00:48.086001,2026-04-14 15:00:52.066732,0 days 00:00:03.980731,34.345077443691466,14.886166640402282,60.332024860496034,-45.41384205076314,93.50922667052501,62.618708693945315,11.411341254492015,41.18089692868828,11.622810978691358,87.6169275532847,79.59483817929055,71.46352411543691,-40.53514797986208,10.297609294285003,84.87962026138804,12.223342355498545,30.46772238544478,28.925093353932624,Unattained target,GPSampler,"{'sLegPt.rL0': 10.297609294285003, 'sLegPt.lL0': 87.6169275532847, 'sLegPt.rL1': 84.87962026138804, 'sLegPt.lL1': 79.59483817929055, 'sLegPt.x1': 30.46772238544478, 'sLegPt.y1': 28.925093353932624, 'sLegPt.rA1': -40.53514797986208, 'sLegPt.rL2': 12.223342355498545, 'sLegPt.lL2': 71.46352411543691, 'lLegPt.rL0': 93.50922667052501, 'lLegPt.lL0': 34.345077443691466, 'lLegPt.rL1': 62.618708693945315, 'lLegPt.lL1': 14.886166640402282, 'lLegPt.x1': 41.18089692868828, 'lLegPt.y1': 11.622810978691358, 'lLegPt.rA1': -45.41384205076314, 'lLegPt.rL2': 11.411341254492015, 'lLegPt.lL2': 60.332024860496034}",PRUNED
1026,1026,6.981767181127751,2026-04-14 15:00:52.334670,2026-04-14 15:00:56.725234,0 days 00:00:04.390564,34.345077443691466,14.886166640402282,60.332024860496034,-45.41384205076314,93.50922667052501,62.618708693945315,11.411341254492015,41.18089692868828,11.622810978691358,87.6169275532847,79.59483817929055,71.46352411543691,-40.53514797986208,10.297609294285003,84.87962026138804,12.223342355498545,30.46772238544478,28.925093353932624,Unattained target,GPSampler,"{'sLegPt.rL0': 10.297609294285003, 'sLegPt.lL0': 87.6169275532847, 'sLegPt.rL1': 84.87962026138804, 'sLegPt.lL1': 79.59483817929055, 'sLegPt.x1': 30.46772238544478, 'sLegPt.y1': 28.925093353932624, 'sLegPt.rA1': -40.53514797986208, 'sLegPt.rL2': 12.223342355498545, 'sLegPt.lL2': 71.46352411543691, 'lLegPt.rL0': 93.50922667052501, 'lLegPt.lL0': 34.345077443691466, 'lLegPt.rL1': 62.618708693945315, 'lLegPt.lL1': 14.886166640402282, 'lLegPt.x1': 41.18089692868828, 'lLegPt.y1': 11.622810978691358, 'lLegPt.rA1': -45.41384205076314, 'lLegPt.rL2': 11.411341254492015, 'lLegPt.lL2': 60.332024860496034}",PRUNED
1027,1027,7.559824654554387,2026-04-14 15:00:56.940066,2026-04-14 15:01:01.409227,0 days 00:00:04.469161,92.0802161345473,33.82823876893491,69.79833066951191,-78.0648659642997,62.04342471100909,93.24714449717801,54.10037850658923,47.452872524287464,25.62400797686788,40.86236838790415,59.87294327857562,99.14705710351544,-78.40911937137291,43.77769984997695,61.02138697700442,90.34700715638644,34.530043358809145,15.94413089845049,Unattained target,GPSampler,,PRUNED
1028,1028,7.5598243817060755,2026-04-14 15:01:01.615865,2026-04-14 15:01:05.548549,0 days 00:00:03.932684,92.0802161345473,33.82823876893491,69.79833066951191,-78.0648659642997,62.04342471100909,93.24714449717801,54.10037850658923,47.452872524287464,25.62400797686788,40.86236838790415,59.87294327857562,99.14705710351544,-78.40911937137291,43.77769984997695,61.02138697700442,90.34700715638644,34.530043358809145,15.94413089845049,Unattained target,GPSampler,"{'sLegPt.rL0': 43.77769984997695, 'sLegPt.lL0': 40.86236838790415, 'sLegPt.rL1': 61.02138697700442, 'sLegPt.lL1': 59.87294327857562, 'sLegPt.x1': 34.530043358809145, 'sLegPt.y1': 15.94413089845049, 'sLegPt.rA1': -78.40911937137291, 'sLegPt.rL2': 90.34700715638644, 'sLegPt.lL2': 99.14705710351544, 'lLegPt.rL0': 62.04342471100909, 'lLegPt.lL0': 92.0802161345473, 'lLegPt.rL1': 93.24714449717801, 'lLegPt.lL1': 33.82823876893491, 'lLegPt.x1': 47.452872524287464, 'lLegPt.y1': 25.62400797686788, 'lLegPt.rA1': -78.0648659642997, 'lLegPt.rL2': 54.10037850658923, 'lLegPt.lL2': 69.79833066951191}",PRUNED
1029,1029,7.5598244556726115,2026-04-14 15:01:05.771245,2026-04-14 15:01:09.674639,0 days 00:00:03.903394,92.0802161345473,33.82823876893491,69.79833066951191,-78.0648659642997,62.04342471100909,93.24714449717801,54.10037850658923,47.452872524287464,25.62400797686788,40.86236838790415,59.87294327857562,99.14705710351544,-78.40911937137291,43.77769984997695,61.02138697700442,90.34700715638644,34.530043358809145,15.94413089845049,Unattained target,GPSampler,"{'sLegPt.rL0': 43.77769984997695, 'sLegPt.lL0': 40.86236838790415, 'sLegPt.rL1': 61.02138697700442, 'sLegPt.lL1': 59.87294327857562, 'sLegPt.x1': 34.530043358809145, 'sLegPt.y1': 15.94413089845049, 'sLegPt.rA1': -78.40911937137291, 'sLegPt.rL2': 90.34700715638644, 'sLegPt.lL2': 99.14705710351544, 'lLegPt.rL0': 62.04342471100909, 'lLegPt.lL0': 92.0802161345473, 'lLegPt.rL1': 93.24714449717801, 'lLegPt.lL1': 33.82823876893491, 'lLegPt.x1': 47.452872524287464, 'lLegPt.y1': 25.62400797686788, 'lLegPt.rA1': -78.0648659642997, 'lLegPt.rL2': 54.10037850658923, 'lLegPt.lL2': 69.79833066951191}",PRUNED
1030,1030,5.729010632161252,2026-04-14 15:01:09.896695,2026-04-14 15:01:14.563276,0 days 00:00:04.666581,57.97217802555503,28.894924372973293,92.97744130120022,-62.547947804337994,91.13129832403092,68.84587452944344,87.07782101674134,41.404640619908655,16.118820473500694,74.55812340166078,99.16690759081617,66.99210325630244,-77.64001079878913,13.994319803299518,89.16327120279156,79.734539047165,44.43565207192543,15.418915204590512,Unattained target,GPSampler,,PRUNED
1031,1031,5.729010721978675,2026-04-14 15:01:14.770216,2026-04-14 15:01:18.550267,0 days 00:00:03.780051,57.97217802555503,28.894924372973293,92.97744130120022,-62.547947804337994,91.13129832403092,68.84587452944344,87.07782101674134,41.404640619908655,16.118820473500694,74.55812340166078,99.16690759081617,66.99210325630244,-77.64001079878913,13.994319803299518,89.16327120279156,79.734539047165,44.43565207192543,15.418915204590512,Unattained target,GPSampler,"{'sLegPt.rL0': 13.994319803299518, 'sLegPt.lL0': 74.55812340166078, 'sLegPt.rL1': 89.16327120279156, 'sLegPt.lL1': 99.16690759081617, 'sLegPt.x1': 44.43565207192543, 'sLegPt.y1': 15.418915204590512, 'sLegPt.rA1': -77.64001079878913, 'sLegPt.rL2': 79.734539047165, 'sLegPt.lL2': 66.99210325630244, 'lLegPt.rL0': 91.13129832403092, 'lLegPt.lL0': 57.97217802555503, 'lLegPt.rL1': 68.84587452944344, 'lLegPt.lL1': 28.894924372973293, 'lLegPt.x1': 41.404640619908655, 'lLegPt.y1': 16.118820473500694, 'lLegPt.rA1': -62.547947804337994, 'lLegPt.rL2': 87.07782101674134, 'lLegPt.lL2': 92.97744130120022}",PRUNED
1032,1032,5.729010680886766,2026-04-14 15:01:18.706429,2026-04-14 15:04:06.892568,0 days 00:02:48.186139,57.97217802555503,28.894924372973293,92.97744130120022,-62.547947804337994,91.13129832403092,68.84587452944344,87.07782101674134,41.404640619908655,16.118820473500694,74.55812340166078,99.16690759081617,66.99210325630244,-77.64001079878913,13.994319803299518,89.16327120279156,79.734539047165,44.43565207192543,15.418915204590512,Unattained target,GPSampler,"{'sLegPt.rL0': 13.994319803299518, 'sLegPt.lL0': 74.55812340166078, 'sLegPt.rL1': 89.16327120279156, 'sLegPt.lL1': 99.16690759081617, 'sLegPt.x1': 44.43565207192543, 'sLegPt.y1': 15.418915204590512, 'sLegPt.rA1': -77.64001079878913, 'sLegPt.rL2': 79.734539047165, 'sLegPt.lL2': 66.99210325630244, 'lLegPt.rL0': 91.13129832403092, 'lLegPt.lL0': 57.97217802555503, 'lLegPt.rL1': 68.84587452944344, 'lLegPt.lL1': 28.894924372973293, 'lLegPt.x1': 41.404640619908655, 'lLegPt.y1': 16.118820473500694, 'lLegPt.rA1': -62.547947804337994, 'lLegPt.rL2': 87.07782101674134, 'lLegPt.lL2': 92.97744130120022}",PRUNED
1033,1033,14.127158388579453,2026-04-14 15:04:07.068623,2026-04-14 15:04:11.195363,0 days 00:00:04.126740,91.29699672842966,18.870429188938164,90.36418171076315,-55.09221112844439,95.79911356815629,93.55772311322679,43.985940455587006,31.85535647397675,14.884944889883284,45.604001062120375,18.266067278747506,59.04290405472287,-72.81823043235082,88.56844356826238,40.39876679677913,61.57306533168341,32.00248424917792,28.114950784910018,Unattained target,GPSampler,,PRUNED
1034,1034,14.12715845131693,2026-04-14 15:04:11.385873,2026-04-14 15:04:15.439603,0 days 00:00:04.053730,91.29699672842966,18.870429188938164,90.36418171076315,-55.09221112844439,95.79911356815629,93.55772311322679,43.985940455587006,31.85535647397675,14.884944889883284,45.604001062120375,18.266067278747506,59.04290405472287,-72.81823043235082,88.56844356826238,40.39876679677913,61.57306533168341,32.00248424917792,28.114950784910018,Unattained target,GPSampler,"{'sLegPt.rL0': 88.56844356826238, 'sLegPt.lL0': 45.604001062120375, 'sLegPt.rL1': 40.39876679677913, 'sLegPt.lL1': 18.266067278747506, 'sLegPt.x1': 32.00248424917792, 'sLegPt.y1': 28.114950784910018, 'sLegPt.rA1': -72.81823043235082, 'sLegPt.rL2': 61.57306533168341, 'sLegPt.lL2': 59.04290405472287, 'lLegPt.rL0': 95.79911356815629, 'lLegPt.lL0': 91.29699672842966, 'lLegPt.rL1': 93.55772311322679, 'lLegPt.lL1': 18.870429188938164, 'lLegPt.x1': 31.85535647397675, 'lLegPt.y1': 14.884944889883284, 'lLegPt.rA1': -55.09221112844439, 'lLegPt.rL2': 43.985940455587006, 'lLegPt.lL2': 90.36418171076315}",PRUNED
1035,1035,14.127158478762368,2026-04-14 15:04:15.636305,2026-04-14 15:04:19.624442,0 days 00:00:03.988137,91.29699672842966,18.870429188938164,90.36418171076315,-55.09221112844439,95.79911356815629,93.55772311322679,43.985940455587006,31.85535647397675,14.884944889883284,45.604001062120375,18.266067278747506,59.04290405472287,-72.81823043235082,88.56844356826238,40.39876679677913,61.57306533168341,32.00248424917792,28.114950784910018,Unattained target,GPSampler,"{'sLegPt.rL0': 88.56844356826238, 'sLegPt.lL0': 45.604001062120375, 'sLegPt.rL1': 40.39876679677913, 'sLegPt.lL1': 18.266067278747506, 'sLegPt.x1': 32.00248424917792, 'sLegPt.y1': 28.114950784910018, 'sLegPt.rA1': -72.81823043235082, 'sLegPt.rL2': 61.57306533168341, 'sLegPt.lL2': 59.04290405472287, 'lLegPt.rL0': 95.79911356815629, 'lLegPt.lL0': 91.29699672842966, 'lLegPt.rL1': 93.55772311322679, 'lLegPt.lL1': 18.870429188938164, 'lLegPt.x1': 31.85535647397675, 'lLegPt.y1': 14.884944889883284, 'lLegPt.rA1': -55.09221112844439, 'lLegPt.rL2': 43.985940455587006, 'lLegPt.lL2': 90.36418171076315}",PRUNED
1036,1036,8.82750499252311,2026-04-14 15:04:19.837958,2026-04-14 15:04:24.145304,0 days 00:00:04.307346,65.96426199760269,47.29481156401081,86.62964222642748,-32.284878146676924,60.170742052571505,50.522513206138875,82.38912674131778,38.023932633464966,25.565960067350716,65.59211157571951,20.170931727803378,51.02221676061036,-28.705091041516248,87.21352560979054,98.4258460599236,87.83630708379978,43.458898668681,27.814757162725783,Unattained target,GPSampler,,PRUNED
