,number,value,datetime_start,datetime_complete,duration,params_lLegPt.lL0,params_lLegPt.lL1,params_lLegPt.lL2,params_lLegPt.rA1,params_lLegPt.rL0,params_lLegPt.rL1,params_lLegPt.rL2,params_lLegPt.x1,params_lLegPt.y1,params_sLegPt.lL0,params_sLegPt.lL1,params_sLegPt.lL2,params_sLegPt.rA1,params_sLegPt.rL0,params_sLegPt.rL1,params_sLegPt.rL2,params_sLegPt.x1,params_sLegPt.y1,user_attrs_prune,system_attrs_auto:sampler,system_attrs_fixed_params,state
121,121,10.285823666981251,2026-04-14 13:50:52.932339,2026-04-14 13:50:56.458644,0 days 00:00:03.526305,18.35885727406855,80.11931101896508,45.35241107939154,-71.005270914807,54.43485029447698,24.054765532989606,98.97280977882576,33.68120809310075,15.278416690952469,70.13367511382921,94.82440043773379,11.66101893359705,-37.22610845544757,60.46468177270022,77.10708220351994,10.848892497200374,40.49560290412222,27.18881536762415,Unattained target,RandomSampler,"{'sLegPt.rL0': 60.46468177270022, 'sLegPt.lL0': 70.13367511382921, 'sLegPt.rL1': 77.10708220351994, 'sLegPt.lL1': 94.82440043773379, 'sLegPt.x1': 40.49560290412222, 'sLegPt.y1': 27.18881536762415, 'sLegPt.rA1': -37.22610845544757, 'sLegPt.rL2': 10.848892497200374, 'sLegPt.lL2': 11.66101893359705, 'lLegPt.rL0': 54.43485029447698, 'lLegPt.lL0': 18.35885727406855, 'lLegPt.rL1': 24.054765532989606, 'lLegPt.lL1': 80.11931101896508, 'lLegPt.x1': 33.68120809310075, 'lLegPt.y1': 15.278416690952469, 'lLegPt.rA1': -71.005270914807, 'lLegPt.rL2': 98.97280977882576, 'lLegPt.lL2': 45.35241107939154}",PRUNED
122,122,10.285823512793229,2026-04-14 13:50:56.584387,2026-04-14 13:51:00.297607,0 days 00:00:03.713220,18.35885727406855,80.11931101896508,45.35241107939154,-71.005270914807,54.43485029447698,24.054765532989606,98.97280977882576,33.68120809310075,15.278416690952469,70.13367511382921,94.82440043773379,11.66101893359705,-37.22610845544757,60.46468177270022,77.10708220351994,10.848892497200374,40.49560290412222,27.18881536762415,Unattained target,RandomSampler,"{'sLegPt.rL0': 60.46468177270022, 'sLegPt.lL0': 70.13367511382921, 'sLegPt.rL1': 77.10708220351994, 'sLegPt.lL1': 94.82440043773379, 'sLegPt.x1': 40.49560290412222, 'sLegPt.y1': 27.18881536762415, 'sLegPt.rA1': -37.22610845544757, 'sLegPt.rL2': 10.848892497200374, 'sLegPt.lL2': 11.66101893359705, 'lLegPt.rL0': 54.43485029447698, 'lLegPt.lL0': 18.35885727406855, 'lLegPt.rL1': 24.054765532989606, 'lLegPt.lL1': 80.11931101896508, 'lLegPt.x1': 33.68120809310075, 'lLegPt.y1': 15.278416690952469, 'lLegPt.rA1': -71.005270914807, 'lLegPt.rL2': 98.97280977882576, 'lLegPt.lL2': 45.35241107939154}",PRUNED
123,123,10.899104989492528,2026-04-14 13:51:00.434781,2026-04-14 13:51:04.292937,0 days 00:00:03.858156,41.440711336579,55.98050065989788,99.40431342168,-78.71596804004358,56.11571496601374,11.839084935339379,27.507067622782746,34.67049832140042,16.915839055263547,92.21135658198361,20.35856905008108,54.43759855760385,-56.59771945327503,60.63332426102783,36.08681313893504,13.822256431241959,49.83242359899555,14.832886283970911,Unattained target,RandomSampler,,PRUNED
124,124,10.899105366452467,2026-04-14 13:51:04.425412,2026-04-14 13:51:07.884138,0 days 00:00:03.458726,41.440711336579,55.98050065989788,99.40431342168,-78.71596804004358,56.11571496601374,11.839084935339379,27.507067622782746,34.67049832140042,16.915839055263547,92.21135658198361,20.35856905008108,54.43759855760385,-56.59771945327503,60.63332426102783,36.08681313893504,13.822256431241959,49.83242359899555,14.832886283970911,Unattained target,RandomSampler,"{'sLegPt.rL0': 60.63332426102783, 'sLegPt.lL0': 92.21135658198361, 'sLegPt.rL1': 36.08681313893504, 'sLegPt.lL1': 20.35856905008108, 'sLegPt.x1': 49.83242359899555, 'sLegPt.y1': 14.832886283970911, 'sLegPt.rA1': -56.59771945327503, 'sLegPt.rL2': 13.822256431241959, 'sLegPt.lL2': 54.43759855760385, 'lLegPt.rL0': 56.11571496601374, 'lLegPt.lL0': 41.440711336579, 'lLegPt.rL1': 11.839084935339379, 'lLegPt.lL1': 55.98050065989788, 'lLegPt.x1': 34.67049832140042, 'lLegPt.y1': 16.915839055263547, 'lLegPt.rA1': -78.71596804004358, 'lLegPt.rL2': 27.507067622782746, 'lLegPt.lL2': 99.40431342168}",PRUNED
125,125,10.89910463575901,2026-04-14 13:51:08.007379,2026-04-14 13:51:11.515396,0 days 00:00:03.508017,41.440711336579,55.98050065989788,99.40431342168,-78.71596804004358,56.11571496601374,11.839084935339379,27.507067622782746,34.67049832140042,16.915839055263547,92.21135658198361,20.35856905008108,54.43759855760385,-56.59771945327503,60.63332426102783,36.08681313893504,13.822256431241959,49.83242359899555,14.832886283970911,Unattained target,RandomSampler,"{'sLegPt.rL0': 60.63332426102783, 'sLegPt.lL0': 92.21135658198361, 'sLegPt.rL1': 36.08681313893504, 'sLegPt.lL1': 20.35856905008108, 'sLegPt.x1': 49.83242359899555, 'sLegPt.y1': 14.832886283970911, 'sLegPt.rA1': -56.59771945327503, 'sLegPt.rL2': 13.822256431241959, 'sLegPt.lL2': 54.43759855760385, 'lLegPt.rL0': 56.11571496601374, 'lLegPt.lL0': 41.440711336579, 'lLegPt.rL1': 11.839084935339379, 'lLegPt.lL1': 55.98050065989788, 'lLegPt.x1': 34.67049832140042, 'lLegPt.y1': 16.915839055263547, 'lLegPt.rA1': -78.71596804004358, 'lLegPt.rL2': 27.507067622782746, 'lLegPt.lL2': 99.40431342168}",PRUNED
126,126,5.214833405519606,2026-04-14 13:51:11.656085,2026-04-14 13:51:15.194753,0 days 00:00:03.538668,85.08803263705218,96.6061874515188,63.54034935042577,-72.92165145517284,64.77086297139829,76.67564541313963,28.821232583352057,49.95021681794475,13.4736655962536,17.944356006606817,53.07338117723487,74.15237855237349,-77.00440273114818,49.93911723123343,34.56987505343313,73.40724273144507,44.82018025540717,17.201504226949428,Unattained target,RandomSampler,,PRUNED
127,127,5.214837011951985,2026-04-14 13:51:15.340284,2026-04-14 13:51:18.964530,0 days 00:00:03.624246,85.08803263705218,96.6061874515188,63.54034935042577,-72.92165145517284,64.77086297139829,76.67564541313963,28.821232583352057,49.95021681794475,13.4736655962536,17.944356006606817,53.07338117723487,74.15237855237349,-77.00440273114818,49.93911723123343,34.56987505343313,73.40724273144507,44.82018025540717,17.201504226949428,Unattained target,RandomSampler,"{'sLegPt.rL0': 49.93911723123343, 'sLegPt.lL0': 17.944356006606817, 'sLegPt.rL1': 34.56987505343313, 'sLegPt.lL1': 53.07338117723487, 'sLegPt.x1': 44.82018025540717, 'sLegPt.y1': 17.201504226949428, 'sLegPt.rA1': -77.00440273114818, 'sLegPt.rL2': 73.40724273144507, 'sLegPt.lL2': 74.15237855237349, 'lLegPt.rL0': 64.77086297139829, 'lLegPt.lL0': 85.08803263705218, 'lLegPt.rL1': 76.67564541313963, 'lLegPt.lL1': 96.6061874515188, 'lLegPt.x1': 49.95021681794475, 'lLegPt.y1': 13.4736655962536, 'lLegPt.rA1': -72.92165145517284, 'lLegPt.rL2': 28.821232583352057, 'lLegPt.lL2': 63.54034935042577}",PRUNED
128,128,5.214834331997835,2026-04-14 13:51:19.117018,2026-04-14 13:51:22.538769,0 days 00:00:03.421751,85.08803263705218,96.6061874515188,63.54034935042577,-72.92165145517284,64.77086297139829,76.67564541313963,28.821232583352057,49.95021681794475,13.4736655962536,17.944356006606817,53.07338117723487,74.15237855237349,-77.00440273114818,49.93911723123343,34.56987505343313,73.40724273144507,44.82018025540717,17.201504226949428,Unattained target,RandomSampler,"{'sLegPt.rL0': 49.93911723123343, 'sLegPt.lL0': 17.944356006606817, 'sLegPt.rL1': 34.56987505343313, 'sLegPt.lL1': 53.07338117723487, 'sLegPt.x1': 44.82018025540717, 'sLegPt.y1': 17.201504226949428, 'sLegPt.rA1': -77.00440273114818, 'sLegPt.rL2': 73.40724273144507, 'sLegPt.lL2': 74.15237855237349, 'lLegPt.rL0': 64.77086297139829, 'lLegPt.lL0': 85.08803263705218, 'lLegPt.rL1': 76.67564541313963, 'lLegPt.lL1': 96.6061874515188, 'lLegPt.x1': 49.95021681794475, 'lLegPt.y1': 13.4736655962536, 'lLegPt.rA1': -72.92165145517284, 'lLegPt.rL2': 28.821232583352057, 'lLegPt.lL2': 63.54034935042577}",PRUNED
129,129,10.152278437400938,2026-04-14 13:51:22.657576,2026-04-14 13:51:26.226516,0 days 00:00:03.568940,16.432201160668242,27.103003247539213,41.67291125228638,-43.67834302740986,64.68017329651767,80.85276570865462,20.695621690918426,44.211817208084206,14.901883894100674,43.132256666337405,45.69229333907622,95.74167133887492,-26.492862557295744,54.556772335585244,10.000073006839095,82.69435959352545,31.962775079413042,26.02928505474945,Unattained target,RandomSampler,,PRUNED
130,130,10.152278839562193,2026-04-14 13:51:26.364540,2026-04-14 13:51:30.051747,0 days 00:00:03.687207,16.432201160668242,27.103003247539213,41.67291125228638,-43.67834302740986,64.68017329651767,80.85276570865462,20.695621690918426,44.211817208084206,14.901883894100674,43.132256666337405,45.69229333907622,95.74167133887492,-26.492862557295744,54.556772335585244,10.000073006839095,82.69435959352545,31.962775079413042,26.02928505474945,Unattained target,RandomSampler,"{'sLegPt.rL0': 54.556772335585244, 'sLegPt.lL0': 43.132256666337405, 'sLegPt.rL1': 10.000073006839095, 'sLegPt.lL1': 45.69229333907622, 'sLegPt.x1': 31.962775079413042, 'sLegPt.y1': 26.02928505474945, 'sLegPt.rA1': -26.492862557295744, 'sLegPt.rL2': 82.69435959352545, 'sLegPt.lL2': 95.74167133887492, 'lLegPt.rL0': 64.68017329651767, 'lLegPt.lL0': 16.432201160668242, 'lLegPt.rL1': 80.85276570865462, 'lLegPt.lL1': 27.103003247539213, 'lLegPt.x1': 44.211817208084206, 'lLegPt.y1': 14.901883894100674, 'lLegPt.rA1': -43.67834302740986, 'lLegPt.rL2': 20.695621690918426, 'lLegPt.lL2': 41.67291125228638}",PRUNED
131,131,10.152278863119584,2026-04-14 13:51:30.194111,2026-04-14 13:51:33.574691,0 days 00:00:03.380580,16.432201160668242,27.103003247539213,41.67291125228638,-43.67834302740986,64.68017329651767,80.85276570865462,20.695621690918426,44.211817208084206,14.901883894100674,43.132256666337405,45.69229333907622,95.74167133887492,-26.492862557295744,54.556772335585244,10.000073006839095,82.69435959352545,31.962775079413042,26.02928505474945,Unattained target,RandomSampler,"{'sLegPt.rL0': 54.556772335585244, 'sLegPt.lL0': 43.132256666337405, 'sLegPt.rL1': 10.000073006839095, 'sLegPt.lL1': 45.69229333907622, 'sLegPt.x1': 31.962775079413042, 'sLegPt.y1': 26.02928505474945, 'sLegPt.rA1': -26.492862557295744, 'sLegPt.rL2': 82.69435959352545, 'sLegPt.lL2': 95.74167133887492, 'lLegPt.rL0': 64.68017329651767, 'lLegPt.lL0': 16.432201160668242, 'lLegPt.rL1': 80.85276570865462, 'lLegPt.lL1': 27.103003247539213, 'lLegPt.x1': 44.211817208084206, 'lLegPt.y1': 14.901883894100674, 'lLegPt.rA1': -43.67834302740986, 'lLegPt.rL2': 20.695621690918426, 'lLegPt.lL2': 41.67291125228638}",PRUNED
132,132,5.708077136540343,2026-04-14 13:51:33.699521,2026-04-14 13:51:37.265305,0 days 00:00:03.565784,13.462700676169774,65.26731864894032,19.78273526836399,-46.87677319743427,67.61552899268634,69.92382162930346,57.312197089338625,33.42531465891798,10.314644001391374,21.526103593426768,77.57468005433518,26.543846623444974,-64.24086678066897,49.268171422585,81.6595496336841,35.192294428750046,38.75386561732613,12.200276397175278,Unattained target,RandomSampler,,PRUNED
133,133,5.708077121261745,2026-04-14 13:51:37.413167,2026-04-14 13:51:40.947108,0 days 00:00:03.533941,13.462700676169774,65.26731864894032,19.78273526836399,-46.87677319743427,67.61552899268634,69.92382162930346,57.312197089338625,33.42531465891798,10.314644001391374,21.526103593426768,77.57468005433518,26.543846623444974,-64.24086678066897,49.268171422585,81.6595496336841,35.192294428750046,38.75386561732613,12.200276397175278,Unattained target,RandomSampler,"{'sLegPt.rL0': 49.268171422585, 'sLegPt.lL0': 21.526103593426768, 'sLegPt.rL1': 81.6595496336841, 'sLegPt.lL1': 77.57468005433518, 'sLegPt.x1': 38.75386561732613, 'sLegPt.y1': 12.200276397175278, 'sLegPt.rA1': -64.24086678066897, 'sLegPt.rL2': 35.192294428750046, 'sLegPt.lL2': 26.543846623444974, 'lLegPt.rL0': 67.61552899268634, 'lLegPt.lL0': 13.462700676169774, 'lLegPt.rL1': 69.92382162930346, 'lLegPt.lL1': 65.26731864894032, 'lLegPt.x1': 33.42531465891798, 'lLegPt.y1': 10.314644001391374, 'lLegPt.rA1': -46.87677319743427, 'lLegPt.rL2': 57.312197089338625, 'lLegPt.lL2': 19.78273526836399}",PRUNED
134,134,5.708077123714336,2026-04-14 13:51:41.089481,2026-04-14 13:51:44.656181,0 days 00:00:03.566700,13.462700676169774,65.26731864894032,19.78273526836399,-46.87677319743427,67.61552899268634,69.92382162930346,57.312197089338625,33.42531465891798,10.314644001391374,21.526103593426768,77.57468005433518,26.543846623444974,-64.24086678066897,49.268171422585,81.6595496336841,35.192294428750046,38.75386561732613,12.200276397175278,Unattained target,RandomSampler,"{'sLegPt.rL0': 49.268171422585, 'sLegPt.lL0': 21.526103593426768, 'sLegPt.rL1': 81.6595496336841, 'sLegPt.lL1': 77.57468005433518, 'sLegPt.x1': 38.75386561732613, 'sLegPt.y1': 12.200276397175278, 'sLegPt.rA1': -64.24086678066897, 'sLegPt.rL2': 35.192294428750046, 'sLegPt.lL2': 26.543846623444974, 'lLegPt.rL0': 67.61552899268634, 'lLegPt.lL0': 13.462700676169774, 'lLegPt.rL1': 69.92382162930346, 'lLegPt.lL1': 65.26731864894032, 'lLegPt.x1': 33.42531465891798, 'lLegPt.y1': 10.314644001391374, 'lLegPt.rA1': -46.87677319743427, 'lLegPt.rL2': 57.312197089338625, 'lLegPt.lL2': 19.78273526836399}",PRUNED
135,135,5.1847532069945075,2026-04-14 13:51:44.795875,2026-04-14 13:51:48.391274,0 days 00:00:03.595399,67.15196321386458,65.78035006982199,25.11099187672619,-46.25616603711733,25.382137134142862,30.47968068897785,94.55016826863746,39.44714927792518,16.245874811647667,78.65539814132232,22.161139567593136,87.63707472693754,-74.32343808328206,36.08486777597503,91.96639482399583,89.14868276224794,45.836052896417335,11.846789655498284,Unattained target,RandomSampler,,PRUNED
136,136,5.184753150163814,2026-04-14 13:51:48.527133,2026-04-14 13:51:51.984579,0 days 00:00:03.457446,67.15196321386458,65.78035006982199,25.11099187672619,-46.25616603711733,25.382137134142862,30.47968068897785,94.55016826863746,39.44714927792518,16.245874811647667,78.65539814132232,22.161139567593136,87.63707472693754,-74.32343808328206,36.08486777597503,91.96639482399583,89.14868276224794,45.836052896417335,11.846789655498284,Unattained target,RandomSampler,"{'sLegPt.rL0': 36.08486777597503, 'sLegPt.lL0': 78.65539814132232, 'sLegPt.rL1': 91.96639482399583, 'sLegPt.lL1': 22.161139567593136, 'sLegPt.x1': 45.836052896417335, 'sLegPt.y1': 11.846789655498284, 'sLegPt.rA1': -74.32343808328206, 'sLegPt.rL2': 89.14868276224794, 'sLegPt.lL2': 87.63707472693754, 'lLegPt.rL0': 25.382137134142862, 'lLegPt.lL0': 67.15196321386458, 'lLegPt.rL1': 30.47968068897785, 'lLegPt.lL1': 65.78035006982199, 'lLegPt.x1': 39.44714927792518, 'lLegPt.y1': 16.245874811647667, 'lLegPt.rA1': -46.25616603711733, 'lLegPt.rL2': 94.55016826863746, 'lLegPt.lL2': 25.11099187672619}",PRUNED
137,137,5.184753245538722,2026-04-14 13:51:52.134347,2026-04-14 13:51:55.736544,0 days 00:00:03.602197,67.15196321386458,65.78035006982199,25.11099187672619,-46.25616603711733,25.382137134142862,30.47968068897785,94.55016826863746,39.44714927792518,16.245874811647667,78.65539814132232,22.161139567593136,87.63707472693754,-74.32343808328206,36.08486777597503,91.96639482399583,89.14868276224794,45.836052896417335,11.846789655498284,Unattained target,RandomSampler,"{'sLegPt.rL0': 36.08486777597503, 'sLegPt.lL0': 78.65539814132232, 'sLegPt.rL1': 91.96639482399583, 'sLegPt.lL1': 22.161139567593136, 'sLegPt.x1': 45.836052896417335, 'sLegPt.y1': 11.846789655498284, 'sLegPt.rA1': -74.32343808328206, 'sLegPt.rL2': 89.14868276224794, 'sLegPt.lL2': 87.63707472693754, 'lLegPt.rL0': 25.382137134142862, 'lLegPt.lL0': 67.15196321386458, 'lLegPt.rL1': 30.47968068897785, 'lLegPt.lL1': 65.78035006982199, 'lLegPt.x1': 39.44714927792518, 'lLegPt.y1': 16.245874811647667, 'lLegPt.rA1': -46.25616603711733, 'lLegPt.rL2': 94.55016826863746, 'lLegPt.lL2': 25.11099187672619}",PRUNED
138,138,10.936235785416912,2026-04-14 13:51:55.888314,2026-04-14 13:51:59.336901,0 days 00:00:03.448587,29.324244499145628,37.66721839760229,23.93321381541925,-43.41153210300571,62.81487448769748,98.2467118725303,69.68368129130761,49.610405695982365,14.86618120920072,72.46884303059036,91.08549364494247,35.88030695244486,-29.69944554127158,74.3542799983052,56.853152269490174,74.76577158190523,47.50994356837145,27.933503964882764,Unattained target,RandomSampler,,PRUNED
139,139,10.936235689819718,2026-04-14 13:51:59.485555,2026-04-14 13:52:03.013525,0 days 00:00:03.527970,29.324244499145628,37.66721839760229,23.93321381541925,-43.41153210300571,62.81487448769748,98.2467118725303,69.68368129130761,49.610405695982365,14.86618120920072,72.46884303059036,91.08549364494247,35.88030695244486,-29.69944554127158,74.3542799983052,56.853152269490174,74.76577158190523,47.50994356837145,27.933503964882764,Unattained target,RandomSampler,"{'sLegPt.rL0': 74.3542799983052, 'sLegPt.lL0': 72.46884303059036, 'sLegPt.rL1': 56.853152269490174, 'sLegPt.lL1': 91.08549364494247, 'sLegPt.x1': 47.50994356837145, 'sLegPt.y1': 27.933503964882764, 'sLegPt.rA1': -29.69944554127158, 'sLegPt.rL2': 74.76577158190523, 'sLegPt.lL2': 35.88030695244486, 'lLegPt.rL0': 62.81487448769748, 'lLegPt.lL0': 29.324244499145628, 'lLegPt.rL1': 98.2467118725303, 'lLegPt.lL1': 37.66721839760229, 'lLegPt.x1': 49.610405695982365, 'lLegPt.y1': 14.86618120920072, 'lLegPt.rA1': -43.41153210300571, 'lLegPt.rL2': 69.68368129130761, 'lLegPt.lL2': 23.93321381541925}",PRUNED
140,140,10.936235603494112,2026-04-14 13:52:03.149938,2026-04-14 13:52:06.964386,0 days 00:00:03.814448,29.324244499145628,37.66721839760229,23.93321381541925,-43.41153210300571,62.81487448769748,98.2467118725303,69.68368129130761,49.610405695982365,14.86618120920072,72.46884303059036,91.08549364494247,35.88030695244486,-29.69944554127158,74.3542799983052,56.853152269490174,74.76577158190523,47.50994356837145,27.933503964882764,Unattained target,RandomSampler,"{'sLegPt.rL0': 74.3542799983052, 'sLegPt.lL0': 72.46884303059036, 'sLegPt.rL1': 56.853152269490174, 'sLegPt.lL1': 91.08549364494247, 'sLegPt.x1': 47.50994356837145, 'sLegPt.y1': 27.933503964882764, 'sLegPt.rA1': -29.69944554127158, 'sLegPt.rL2': 74.76577158190523, 'sLegPt.lL2': 35.88030695244486, 'lLegPt.rL0': 62.81487448769748, 'lLegPt.lL0': 29.324244499145628, 'lLegPt.rL1': 98.2467118725303, 'lLegPt.lL1': 37.66721839760229, 'lLegPt.x1': 49.610405695982365, 'lLegPt.y1': 14.86618120920072, 'lLegPt.rA1': -43.41153210300571, 'lLegPt.rL2': 69.68368129130761, 'lLegPt.lL2': 23.93321381541925}",PRUNED
141,141,0.05505340830660188,2026-04-14 13:52:07.111698,2026-04-14 13:52:15.953591,0 days 00:00:08.841893,46.547394154865415,95.05909483062682,51.51140228623199,-29.07838106080252,65.97424064630832,11.402443699945147,25.142430927006576,39.357784910415894,10.039561491532005,53.40265229888435,56.800840776059594,44.18961180297496,-72.66420116902023,26.979723687739977,22.064446071558386,96.31615472456069,34.759334427186644,18.40416580807351,,RandomSampler,,COMPLETE
142,142,7.403981227525016,2026-04-14 13:52:16.557503,2026-04-14 13:52:20.616995,0 days 00:00:04.059492,35.41995898850929,71.0827969028932,48.23092913379979,-46.074955284548544,29.44694693836013,49.73881059019154,43.299512669510456,30.33292765614696,14.060507055333954,20.983718927294817,50.7882500846019,83.02529566576261,-23.473354923395668,42.71218249688889,29.166922190796388,88.05576845936386,37.561106024677365,14.432437251333177,Unattained target,GPSampler,,PRUNED
143,143,7.403981064524686,2026-04-14 13:52:20.755214,2026-04-14 13:52:24.715070,0 days 00:00:03.959856,35.41995898850929,71.0827969028932,48.23092913379979,-46.074955284548544,29.44694693836013,49.73881059019154,43.299512669510456,30.33292765614696,14.060507055333954,20.983718927294817,50.7882500846019,83.02529566576261,-23.473354923395668,42.71218249688889,29.166922190796388,88.05576845936386,37.561106024677365,14.432437251333177,Unattained target,GPSampler,"{'sLegPt.rL0': 42.71218249688889, 'sLegPt.lL0': 20.983718927294817, 'sLegPt.rL1': 29.166922190796388, 'sLegPt.lL1': 50.7882500846019, 'sLegPt.x1': 37.561106024677365, 'sLegPt.y1': 14.432437251333177, 'sLegPt.rA1': -23.473354923395668, 'sLegPt.rL2': 88.05576845936386, 'sLegPt.lL2': 83.02529566576261, 'lLegPt.rL0': 29.44694693836013, 'lLegPt.lL0': 35.41995898850929, 'lLegPt.rL1': 49.73881059019154, 'lLegPt.lL1': 71.0827969028932, 'lLegPt.x1': 30.33292765614696, 'lLegPt.y1': 14.060507055333954, 'lLegPt.rA1': -46.074955284548544, 'lLegPt.rL2': 43.299512669510456, 'lLegPt.lL2': 48.23092913379979}",PRUNED
144,144,7.4039816110879,2026-04-14 13:52:24.855092,2026-04-14 13:52:28.769121,0 days 00:00:03.914029,35.41995898850929,71.0827969028932,48.23092913379979,-46.074955284548544,29.44694693836013,49.73881059019154,43.299512669510456,30.33292765614696,14.060507055333954,20.983718927294817,50.7882500846019,83.02529566576261,-23.473354923395668,42.71218249688889,29.166922190796388,88.05576845936386,37.561106024677365,14.432437251333177,Unattained target,GPSampler,"{'sLegPt.rL0': 42.71218249688889, 'sLegPt.lL0': 20.983718927294817, 'sLegPt.rL1': 29.166922190796388, 'sLegPt.lL1': 50.7882500846019, 'sLegPt.x1': 37.561106024677365, 'sLegPt.y1': 14.432437251333177, 'sLegPt.rA1': -23.473354923395668, 'sLegPt.rL2': 88.05576845936386, 'sLegPt.lL2': 83.02529566576261, 'lLegPt.rL0': 29.44694693836013, 'lLegPt.lL0': 35.41995898850929, 'lLegPt.rL1': 49.73881059019154, 'lLegPt.lL1': 71.0827969028932, 'lLegPt.x1': 30.33292765614696, 'lLegPt.y1': 14.060507055333954, 'lLegPt.rA1': -46.074955284548544, 'lLegPt.rL2': 43.299512669510456, 'lLegPt.lL2': 48.23092913379979}",PRUNED
145,145,9.705307340706227,2026-04-14 13:52:28.920526,2026-04-14 13:52:32.676148,0 days 00:00:03.755622,34.42106731029674,97.01848351090185,28.04763305045434,-52.445925527607926,72.73744874301599,52.9735590851431,99.04247581986476,46.04689340742935,28.302977643427397,34.029859528941046,93.66082858103212,88.67266665758748,-33.19399678009285,15.95193169492193,57.24427323096808,57.49195056557896,33.00565137452828,15.420611644787597,Unattained target,GPSampler,,PRUNED
