,number,value,datetime_start,datetime_complete,duration,params_lLegPt.lL0,params_lLegPt.lL1,params_lLegPt.lL2,params_lLegPt.rA1,params_lLegPt.rL0,params_lLegPt.rL1,params_lLegPt.rL2,params_lLegPt.x1,params_lLegPt.y1,params_sLegPt.lL0,params_sLegPt.lL1,params_sLegPt.lL2,params_sLegPt.rA1,params_sLegPt.rL0,params_sLegPt.rL1,params_sLegPt.rL2,params_sLegPt.x1,params_sLegPt.y1,user_attrs_prune,system_attrs_auto:sampler,system_attrs_fixed_params,state
194,194,5.761010056364235,2026-04-14 13:55:35.413881,2026-04-14 13:55:39.075749,0 days 00:00:03.661868,94.54403290389108,59.281644472450004,33.07043437166658,-79.5983191813443,47.44462478024158,68.65344533487635,51.87826393291952,33.42217686417358,23.27391769964479,76.49161975152111,46.76760133597831,90.98283454183922,-55.743683699813566,36.436400091630176,74.12105086477418,47.62243084605796,43.069369692234574,28.385883502861198,Unattained target,GPSampler,"{'sLegPt.rL0': 36.436400091630176, 'sLegPt.lL0': 76.49161975152111, 'sLegPt.rL1': 74.12105086477418, 'sLegPt.lL1': 46.76760133597831, 'sLegPt.x1': 43.069369692234574, 'sLegPt.y1': 28.385883502861198, 'sLegPt.rA1': -55.743683699813566, 'sLegPt.rL2': 47.62243084605796, 'sLegPt.lL2': 90.98283454183922, 'lLegPt.rL0': 47.44462478024158, 'lLegPt.lL0': 94.54403290389108, 'lLegPt.rL1': 68.65344533487635, 'lLegPt.lL1': 59.281644472450004, 'lLegPt.x1': 33.42217686417358, 'lLegPt.y1': 23.27391769964479, 'lLegPt.rA1': -79.5983191813443, 'lLegPt.rL2': 51.87826393291952, 'lLegPt.lL2': 33.07043437166658}",PRUNED
195,195,5.761010120406848,2026-04-14 13:55:39.235292,2026-04-14 13:55:42.719099,0 days 00:00:03.483807,94.54403290389108,59.281644472450004,33.07043437166658,-79.5983191813443,47.44462478024158,68.65344533487635,51.87826393291952,33.42217686417358,23.27391769964479,76.49161975152111,46.76760133597831,90.98283454183922,-55.743683699813566,36.436400091630176,74.12105086477418,47.62243084605796,43.069369692234574,28.385883502861198,Unattained target,GPSampler,"{'sLegPt.rL0': 36.436400091630176, 'sLegPt.lL0': 76.49161975152111, 'sLegPt.rL1': 74.12105086477418, 'sLegPt.lL1': 46.76760133597831, 'sLegPt.x1': 43.069369692234574, 'sLegPt.y1': 28.385883502861198, 'sLegPt.rA1': -55.743683699813566, 'sLegPt.rL2': 47.62243084605796, 'sLegPt.lL2': 90.98283454183922, 'lLegPt.rL0': 47.44462478024158, 'lLegPt.lL0': 94.54403290389108, 'lLegPt.rL1': 68.65344533487635, 'lLegPt.lL1': 59.281644472450004, 'lLegPt.x1': 33.42217686417358, 'lLegPt.y1': 23.27391769964479, 'lLegPt.rA1': -79.5983191813443, 'lLegPt.rL2': 51.87826393291952, 'lLegPt.lL2': 33.07043437166658}",PRUNED
196,196,8.148686019573688,2026-04-14 13:55:42.857319,2026-04-14 13:55:46.508856,0 days 00:00:03.651537,44.73882319435342,11.99660322465797,20.787318340218988,-69.29385818164339,37.8988481910093,87.53857816408261,63.21712420506731,32.3717851597834,10.760822174195408,87.67080010220988,54.147442105103586,59.73680761590828,-71.05512047209754,18.83962308610921,22.53742730164076,47.53368861847759,46.822655571127946,21.98483045594616,Unattained target,GPSampler,,PRUNED
197,197,8.148686248932854,2026-04-14 13:55:46.649120,2026-04-14 13:55:50.403469,0 days 00:00:03.754349,44.73882319435342,11.99660322465797,20.787318340218988,-69.29385818164339,37.8988481910093,87.53857816408261,63.21712420506731,32.3717851597834,10.760822174195408,87.67080010220988,54.147442105103586,59.73680761590828,-71.05512047209754,18.83962308610921,22.53742730164076,47.53368861847759,46.822655571127946,21.98483045594616,Unattained target,GPSampler,"{'sLegPt.rL0': 18.83962308610921, 'sLegPt.lL0': 87.67080010220988, 'sLegPt.rL1': 22.53742730164076, 'sLegPt.lL1': 54.147442105103586, 'sLegPt.x1': 46.822655571127946, 'sLegPt.y1': 21.98483045594616, 'sLegPt.rA1': -71.05512047209754, 'sLegPt.rL2': 47.53368861847759, 'sLegPt.lL2': 59.73680761590828, 'lLegPt.rL0': 37.8988481910093, 'lLegPt.lL0': 44.73882319435342, 'lLegPt.rL1': 87.53857816408261, 'lLegPt.lL1': 11.99660322465797, 'lLegPt.x1': 32.3717851597834, 'lLegPt.y1': 10.760822174195408, 'lLegPt.rA1': -69.29385818164339, 'lLegPt.rL2': 63.21712420506731, 'lLegPt.lL2': 20.787318340218988}",PRUNED
198,198,8.148686146384954,2026-04-14 13:55:50.546755,2026-04-14 13:55:54.099798,0 days 00:00:03.553043,44.73882319435342,11.99660322465797,20.787318340218988,-69.29385818164339,37.8988481910093,87.53857816408261,63.21712420506731,32.3717851597834,10.760822174195408,87.67080010220988,54.147442105103586,59.73680761590828,-71.05512047209754,18.83962308610921,22.53742730164076,47.53368861847759,46.822655571127946,21.98483045594616,Unattained target,GPSampler,"{'sLegPt.rL0': 18.83962308610921, 'sLegPt.lL0': 87.67080010220988, 'sLegPt.rL1': 22.53742730164076, 'sLegPt.lL1': 54.147442105103586, 'sLegPt.x1': 46.822655571127946, 'sLegPt.y1': 21.98483045594616, 'sLegPt.rA1': -71.05512047209754, 'sLegPt.rL2': 47.53368861847759, 'sLegPt.lL2': 59.73680761590828, 'lLegPt.rL0': 37.8988481910093, 'lLegPt.lL0': 44.73882319435342, 'lLegPt.rL1': 87.53857816408261, 'lLegPt.lL1': 11.99660322465797, 'lLegPt.x1': 32.3717851597834, 'lLegPt.y1': 10.760822174195408, 'lLegPt.rA1': -69.29385818164339, 'lLegPt.rL2': 63.21712420506731, 'lLegPt.lL2': 20.787318340218988}",PRUNED
199,199,9.061113084038993,2026-04-14 13:55:54.249238,2026-04-14 13:55:57.830215,0 days 00:00:03.580977,53.495018087006066,65.39816396382098,72.30585194889248,-40.179373502106316,81.13822904632644,95.94069015685757,29.13707314684966,42.88345999467407,23.784563356120046,32.90823867331909,75.26519693738685,27.799146765922053,-58.425951461720096,40.54535170952781,55.110830407465734,83.08631346329997,45.94457912440709,19.49111564532751,Unattained target,GPSampler,,PRUNED
200,200,9.061111124711665,2026-04-14 13:55:57.994251,2026-04-14 13:56:01.399044,0 days 00:00:03.404793,53.495018087006066,65.39816396382098,72.30585194889248,-40.179373502106316,81.13822904632644,95.94069015685757,29.13707314684966,42.88345999467407,23.784563356120046,32.90823867331909,75.26519693738685,27.799146765922053,-58.425951461720096,40.54535170952781,55.110830407465734,83.08631346329997,45.94457912440709,19.49111564532751,Unattained target,GPSampler,"{'sLegPt.rL0': 40.54535170952781, 'sLegPt.lL0': 32.90823867331909, 'sLegPt.rL1': 55.110830407465734, 'sLegPt.lL1': 75.26519693738685, 'sLegPt.x1': 45.94457912440709, 'sLegPt.y1': 19.49111564532751, 'sLegPt.rA1': -58.425951461720096, 'sLegPt.rL2': 83.08631346329997, 'sLegPt.lL2': 27.799146765922053, 'lLegPt.rL0': 81.13822904632644, 'lLegPt.lL0': 53.495018087006066, 'lLegPt.rL1': 95.94069015685757, 'lLegPt.lL1': 65.39816396382098, 'lLegPt.x1': 42.88345999467407, 'lLegPt.y1': 23.784563356120046, 'lLegPt.rA1': -40.179373502106316, 'lLegPt.rL2': 29.13707314684966, 'lLegPt.lL2': 72.30585194889248}",PRUNED
201,201,9.061112306217645,2026-04-14 13:56:01.539961,2026-04-14 13:56:05.485856,0 days 00:00:03.945895,53.495018087006066,65.39816396382098,72.30585194889248,-40.179373502106316,81.13822904632644,95.94069015685757,29.13707314684966,42.88345999467407,23.784563356120046,32.90823867331909,75.26519693738685,27.799146765922053,-58.425951461720096,40.54535170952781,55.110830407465734,83.08631346329997,45.94457912440709,19.49111564532751,Unattained target,GPSampler,"{'sLegPt.rL0': 40.54535170952781, 'sLegPt.lL0': 32.90823867331909, 'sLegPt.rL1': 55.110830407465734, 'sLegPt.lL1': 75.26519693738685, 'sLegPt.x1': 45.94457912440709, 'sLegPt.y1': 19.49111564532751, 'sLegPt.rA1': -58.425951461720096, 'sLegPt.rL2': 83.08631346329997, 'sLegPt.lL2': 27.799146765922053, 'lLegPt.rL0': 81.13822904632644, 'lLegPt.lL0': 53.495018087006066, 'lLegPt.rL1': 95.94069015685757, 'lLegPt.lL1': 65.39816396382098, 'lLegPt.x1': 42.88345999467407, 'lLegPt.y1': 23.784563356120046, 'lLegPt.rA1': -40.179373502106316, 'lLegPt.rL2': 29.13707314684966, 'lLegPt.lL2': 72.30585194889248}",PRUNED
202,202,5.758728788756471,2026-04-14 13:56:05.631242,2026-04-14 13:56:09.241251,0 days 00:00:03.610009,34.20031734580638,23.767053388889344,95.42839179500149,-74.04180865403399,92.05427231185818,94.0640702586849,35.54841531270918,33.362149421848734,26.33606781947811,73.43820693971855,26.395842454332307,88.5343496767151,-42.87379660426922,98.43410467999628,21.39222520553803,34.89703864946987,41.69443220776298,11.434202840882888,Unattained target,GPSampler,,PRUNED
203,203,5.758728765150941,2026-04-14 13:56:09.403475,2026-04-14 13:56:12.981726,0 days 00:00:03.578251,34.20031734580638,23.767053388889344,95.42839179500149,-74.04180865403399,92.05427231185818,94.0640702586849,35.54841531270918,33.362149421848734,26.33606781947811,73.43820693971855,26.395842454332307,88.5343496767151,-42.87379660426922,98.43410467999628,21.39222520553803,34.89703864946987,41.69443220776298,11.434202840882888,Unattained target,GPSampler,"{'sLegPt.rL0': 98.43410467999628, 'sLegPt.lL0': 73.43820693971855, 'sLegPt.rL1': 21.39222520553803, 'sLegPt.lL1': 26.395842454332307, 'sLegPt.x1': 41.69443220776298, 'sLegPt.y1': 11.434202840882888, 'sLegPt.rA1': -42.87379660426922, 'sLegPt.rL2': 34.89703864946987, 'sLegPt.lL2': 88.5343496767151, 'lLegPt.rL0': 92.05427231185818, 'lLegPt.lL0': 34.20031734580638, 'lLegPt.rL1': 94.0640702586849, 'lLegPt.lL1': 23.767053388889344, 'lLegPt.x1': 33.362149421848734, 'lLegPt.y1': 26.33606781947811, 'lLegPt.rA1': -74.04180865403399, 'lLegPt.rL2': 35.54841531270918, 'lLegPt.lL2': 95.42839179500149}",PRUNED
204,204,5.75872871159374,2026-04-14 13:56:13.131825,2026-04-14 13:56:16.876587,0 days 00:00:03.744762,34.20031734580638,23.767053388889344,95.42839179500149,-74.04180865403399,92.05427231185818,94.0640702586849,35.54841531270918,33.362149421848734,26.33606781947811,73.43820693971855,26.395842454332307,88.5343496767151,-42.87379660426922,98.43410467999628,21.39222520553803,34.89703864946987,41.69443220776298,11.434202840882888,Unattained target,GPSampler,"{'sLegPt.rL0': 98.43410467999628, 'sLegPt.lL0': 73.43820693971855, 'sLegPt.rL1': 21.39222520553803, 'sLegPt.lL1': 26.395842454332307, 'sLegPt.x1': 41.69443220776298, 'sLegPt.y1': 11.434202840882888, 'sLegPt.rA1': -42.87379660426922, 'sLegPt.rL2': 34.89703864946987, 'sLegPt.lL2': 88.5343496767151, 'lLegPt.rL0': 92.05427231185818, 'lLegPt.lL0': 34.20031734580638, 'lLegPt.rL1': 94.0640702586849, 'lLegPt.lL1': 23.767053388889344, 'lLegPt.x1': 33.362149421848734, 'lLegPt.y1': 26.33606781947811, 'lLegPt.rA1': -74.04180865403399, 'lLegPt.rL2': 35.54841531270918, 'lLegPt.lL2': 95.42839179500149}",PRUNED
205,205,5.2294615009905066,2026-04-14 13:56:17.022520,2026-04-14 13:56:20.440320,0 days 00:00:03.417800,37.65321781041392,60.79920308469992,97.75467368683367,-38.89159227713826,23.83573324363514,35.857289907189234,27.289439357917693,49.90811143463506,11.956285499690523,48.58678045119109,33.71228428532643,78.09714753703683,-51.56827583664209,86.54236220235319,64.05747249232599,29.61068006943221,47.484394757603596,25.734730794064482,Unattained target,GPSampler,,PRUNED
206,206,5.229462092542711,2026-04-14 13:56:20.587021,2026-04-14 13:56:24.441514,0 days 00:00:03.854493,37.65321781041392,60.79920308469992,97.75467368683367,-38.89159227713826,23.83573324363514,35.857289907189234,27.289439357917693,49.90811143463506,11.956285499690523,48.58678045119109,33.71228428532643,78.09714753703683,-51.56827583664209,86.54236220235319,64.05747249232599,29.61068006943221,47.484394757603596,25.734730794064482,Unattained target,GPSampler,"{'sLegPt.rL0': 86.54236220235319, 'sLegPt.lL0': 48.58678045119109, 'sLegPt.rL1': 64.05747249232599, 'sLegPt.lL1': 33.71228428532643, 'sLegPt.x1': 47.484394757603596, 'sLegPt.y1': 25.734730794064482, 'sLegPt.rA1': -51.56827583664209, 'sLegPt.rL2': 29.61068006943221, 'sLegPt.lL2': 78.09714753703683, 'lLegPt.rL0': 23.83573324363514, 'lLegPt.lL0': 37.65321781041392, 'lLegPt.rL1': 35.857289907189234, 'lLegPt.lL1': 60.79920308469992, 'lLegPt.x1': 49.90811143463506, 'lLegPt.y1': 11.956285499690523, 'lLegPt.rA1': -38.89159227713826, 'lLegPt.rL2': 27.289439357917693, 'lLegPt.lL2': 97.75467368683367}",PRUNED
207,207,5.229461471613597,2026-04-14 13:56:24.594651,2026-04-14 13:56:28.402423,0 days 00:00:03.807772,37.65321781041392,60.79920308469992,97.75467368683367,-38.89159227713826,23.83573324363514,35.857289907189234,27.289439357917693,49.90811143463506,11.956285499690523,48.58678045119109,33.71228428532643,78.09714753703683,-51.56827583664209,86.54236220235319,64.05747249232599,29.61068006943221,47.484394757603596,25.734730794064482,Unattained target,GPSampler,"{'sLegPt.rL0': 86.54236220235319, 'sLegPt.lL0': 48.58678045119109, 'sLegPt.rL1': 64.05747249232599, 'sLegPt.lL1': 33.71228428532643, 'sLegPt.x1': 47.484394757603596, 'sLegPt.y1': 25.734730794064482, 'sLegPt.rA1': -51.56827583664209, 'sLegPt.rL2': 29.61068006943221, 'sLegPt.lL2': 78.09714753703683, 'lLegPt.rL0': 23.83573324363514, 'lLegPt.lL0': 37.65321781041392, 'lLegPt.rL1': 35.857289907189234, 'lLegPt.lL1': 60.79920308469992, 'lLegPt.x1': 49.90811143463506, 'lLegPt.y1': 11.956285499690523, 'lLegPt.rA1': -38.89159227713826, 'lLegPt.rL2': 27.289439357917693, 'lLegPt.lL2': 97.75467368683367}",PRUNED
208,208,5.084565561090656,2026-04-14 13:56:28.539844,2026-04-14 13:56:32.585283,0 days 00:00:04.045439,98.96283819988018,12.584057321786998,92.32596129231987,-32.28184004195523,11.960923292613844,11.127290532344052,49.43960954952714,30.1985781225014,20.060123831155117,75.73417281420897,63.58569624547893,83.76541053485334,-44.676872391642014,28.857189677343985,14.343894596982906,53.85789565792863,31.074646065736346,23.8890095699049,Unattained target,GPSampler,,PRUNED
209,209,5.385640201645479,2026-04-14 13:56:32.737580,2026-04-14 13:56:37.167426,0 days 00:00:04.429846,98.96283819988018,12.584057321786998,92.32596129231987,-32.28184004195523,11.960923292613844,11.127290532344052,49.43960954952714,30.1985781225014,20.060123831155117,75.73417281420897,63.58569624547893,83.76541053485334,-44.676872391642014,28.857189677343985,14.343894596982906,53.85789565792863,31.074646065736346,23.8890095699049,Unattained target,GPSampler,"{'sLegPt.rL0': 28.857189677343985, 'sLegPt.lL0': 75.73417281420897, 'sLegPt.rL1': 14.343894596982906, 'sLegPt.lL1': 63.58569624547893, 'sLegPt.x1': 31.074646065736346, 'sLegPt.y1': 23.8890095699049, 'sLegPt.rA1': -44.676872391642014, 'sLegPt.rL2': 53.85789565792863, 'sLegPt.lL2': 83.76541053485334, 'lLegPt.rL0': 11.960923292613844, 'lLegPt.lL0': 98.96283819988018, 'lLegPt.rL1': 11.127290532344052, 'lLegPt.lL1': 12.584057321786998, 'lLegPt.x1': 30.1985781225014, 'lLegPt.y1': 20.060123831155117, 'lLegPt.rA1': -32.28184004195523, 'lLegPt.rL2': 49.43960954952714, 'lLegPt.lL2': 92.32596129231987}",PRUNED
210,210,5.848409344841592,2026-04-14 13:56:37.318749,2026-04-14 13:56:41.787809,0 days 00:00:04.469060,98.96283819988018,12.584057321786998,92.32596129231987,-32.28184004195523,11.960923292613844,11.127290532344052,49.43960954952714,30.1985781225014,20.060123831155117,75.73417281420897,63.58569624547893,83.76541053485334,-44.676872391642014,28.857189677343985,14.343894596982906,53.85789565792863,31.074646065736346,23.8890095699049,Unattained target,GPSampler,"{'sLegPt.rL0': 28.857189677343985, 'sLegPt.lL0': 75.73417281420897, 'sLegPt.rL1': 14.343894596982906, 'sLegPt.lL1': 63.58569624547893, 'sLegPt.x1': 31.074646065736346, 'sLegPt.y1': 23.8890095699049, 'sLegPt.rA1': -44.676872391642014, 'sLegPt.rL2': 53.85789565792863, 'sLegPt.lL2': 83.76541053485334, 'lLegPt.rL0': 11.960923292613844, 'lLegPt.lL0': 98.96283819988018, 'lLegPt.rL1': 11.127290532344052, 'lLegPt.lL1': 12.584057321786998, 'lLegPt.x1': 30.1985781225014, 'lLegPt.y1': 20.060123831155117, 'lLegPt.rA1': -32.28184004195523, 'lLegPt.rL2': 49.43960954952714, 'lLegPt.lL2': 92.32596129231987}",PRUNED
211,211,5.408504649596168,2026-04-14 13:56:41.938315,2026-04-14 13:56:45.376104,0 days 00:00:03.437789,67.56839472282071,83.70540740455374,77.77515752026818,-33.172759236143456,11.115536729981839,65.3226709564099,68.55754023263172,33.45427900979405,20.654170210800544,56.58977329554226,45.683887516336455,97.65933078100966,-52.30516659975835,22.161307798420225,26.75973273164619,72.04379542898991,44.75582930232203,28.365538174374738,Unattained target,GPSampler,,PRUNED
212,212,5.408504672043549,2026-04-14 13:56:45.518281,2026-04-14 13:56:49.199749,0 days 00:00:03.681468,67.56839472282071,83.70540740455374,77.77515752026818,-33.172759236143456,11.115536729981839,65.3226709564099,68.55754023263172,33.45427900979405,20.654170210800544,56.58977329554226,45.683887516336455,97.65933078100966,-52.30516659975835,22.161307798420225,26.75973273164619,72.04379542898991,44.75582930232203,28.365538174374738,Unattained target,GPSampler,"{'sLegPt.rL0': 22.161307798420225, 'sLegPt.lL0': 56.58977329554226, 'sLegPt.rL1': 26.75973273164619, 'sLegPt.lL1': 45.683887516336455, 'sLegPt.x1': 44.75582930232203, 'sLegPt.y1': 28.365538174374738, 'sLegPt.rA1': -52.30516659975835, 'sLegPt.rL2': 72.04379542898991, 'sLegPt.lL2': 97.65933078100966, 'lLegPt.rL0': 11.115536729981839, 'lLegPt.lL0': 67.56839472282071, 'lLegPt.rL1': 65.3226709564099, 'lLegPt.lL1': 83.70540740455374, 'lLegPt.x1': 33.45427900979405, 'lLegPt.y1': 20.654170210800544, 'lLegPt.rA1': -33.172759236143456, 'lLegPt.rL2': 68.55754023263172, 'lLegPt.lL2': 77.77515752026818}",PRUNED
213,213,5.4085046491033815,2026-04-14 13:56:49.347814,2026-04-14 13:56:53.151677,0 days 00:00:03.803863,67.56839472282071,83.70540740455374,77.77515752026818,-33.172759236143456,11.115536729981839,65.3226709564099,68.55754023263172,33.45427900979405,20.654170210800544,56.58977329554226,45.683887516336455,97.65933078100966,-52.30516659975835,22.161307798420225,26.75973273164619,72.04379542898991,44.75582930232203,28.365538174374738,Unattained target,GPSampler,"{'sLegPt.rL0': 22.161307798420225, 'sLegPt.lL0': 56.58977329554226, 'sLegPt.rL1': 26.75973273164619, 'sLegPt.lL1': 45.683887516336455, 'sLegPt.x1': 44.75582930232203, 'sLegPt.y1': 28.365538174374738, 'sLegPt.rA1': -52.30516659975835, 'sLegPt.rL2': 72.04379542898991, 'sLegPt.lL2': 97.65933078100966, 'lLegPt.rL0': 11.115536729981839, 'lLegPt.lL0': 67.56839472282071, 'lLegPt.rL1': 65.3226709564099, 'lLegPt.lL1': 83.70540740455374, 'lLegPt.x1': 33.45427900979405, 'lLegPt.y1': 20.654170210800544, 'lLegPt.rA1': -33.172759236143456, 'lLegPt.rL2': 68.55754023263172, 'lLegPt.lL2': 77.77515752026818}",PRUNED
214,214,6.194664871299064,2026-04-14 13:56:53.288320,2026-04-14 13:56:57.059990,0 days 00:00:03.771670,48.27162802818253,35.76619357052397,29.608636674243446,-72.74148249631072,87.67904753608597,16.20397558754404,73.6332661889796,33.18800789435722,18.761127500249458,25.789669330065262,28.809801289333354,48.40215072330115,-68.9133707789606,17.257681630564253,54.243119538000144,63.31194281593163,42.57525602647495,23.401694851942533,Unattained target,GPSampler,,PRUNED
215,215,6.194664884761028,2026-04-14 13:56:57.203875,2026-04-14 13:57:00.884788,0 days 00:00:03.680913,48.27162802818253,35.76619357052397,29.608636674243446,-72.74148249631072,87.67904753608597,16.20397558754404,73.6332661889796,33.18800789435722,18.761127500249458,25.789669330065262,28.809801289333354,48.40215072330115,-68.9133707789606,17.257681630564253,54.243119538000144,63.31194281593163,42.57525602647495,23.401694851942533,Unattained target,GPSampler,"{'sLegPt.rL0': 17.257681630564253, 'sLegPt.lL0': 25.789669330065262, 'sLegPt.rL1': 54.243119538000144, 'sLegPt.lL1': 28.809801289333354, 'sLegPt.x1': 42.57525602647495, 'sLegPt.y1': 23.401694851942533, 'sLegPt.rA1': -68.9133707789606, 'sLegPt.rL2': 63.31194281593163, 'sLegPt.lL2': 48.40215072330115, 'lLegPt.rL0': 87.67904753608597, 'lLegPt.lL0': 48.27162802818253, 'lLegPt.rL1': 16.20397558754404, 'lLegPt.lL1': 35.76619357052397, 'lLegPt.x1': 33.18800789435722, 'lLegPt.y1': 18.761127500249458, 'lLegPt.rA1': -72.74148249631072, 'lLegPt.rL2': 73.6332661889796, 'lLegPt.lL2': 29.608636674243446}",PRUNED
216,216,6.194665007923344,2026-04-14 13:57:01.009396,2026-04-14 13:57:04.687583,0 days 00:00:03.678187,48.27162802818253,35.76619357052397,29.608636674243446,-72.74148249631072,87.67904753608597,16.20397558754404,73.6332661889796,33.18800789435722,18.761127500249458,25.789669330065262,28.809801289333354,48.40215072330115,-68.9133707789606,17.257681630564253,54.243119538000144,63.31194281593163,42.57525602647495,23.401694851942533,Unattained target,GPSampler,"{'sLegPt.rL0': 17.257681630564253, 'sLegPt.lL0': 25.789669330065262, 'sLegPt.rL1': 54.243119538000144, 'sLegPt.lL1': 28.809801289333354, 'sLegPt.x1': 42.57525602647495, 'sLegPt.y1': 23.401694851942533, 'sLegPt.rA1': -68.9133707789606, 'sLegPt.rL2': 63.31194281593163, 'sLegPt.lL2': 48.40215072330115, 'lLegPt.rL0': 87.67904753608597, 'lLegPt.lL0': 48.27162802818253, 'lLegPt.rL1': 16.20397558754404, 'lLegPt.lL1': 35.76619357052397, 'lLegPt.x1': 33.18800789435722, 'lLegPt.y1': 18.761127500249458, 'lLegPt.rA1': -72.74148249631072, 'lLegPt.rL2': 73.6332661889796, 'lLegPt.lL2': 29.608636674243446}",PRUNED
217,217,5.670649528914932,2026-04-14 13:57:04.812638,2026-04-14 13:57:08.353707,0 days 00:00:03.541069,23.464967334324825,44.22522674747588,70.62165834375764,-45.362041845577956,58.10735392003682,98.9669765994636,49.41899472776379,45.421074401494124,11.120515687452441,75.03483382421116,35.73442727229852,48.9676003989976,-57.522922925158525,36.57024228725796,76.94132720423339,10.797545473786055,41.475266735247416,25.370881077970445,Unattained target,GPSampler,,PRUNED
