,number,value,datetime_start,datetime_complete,duration,params_lLegPt.lL0,params_lLegPt.lL1,params_lLegPt.lL2,params_lLegPt.rA1,params_lLegPt.rL0,params_lLegPt.rL1,params_lLegPt.rL2,params_lLegPt.x1,params_lLegPt.y1,params_sLegPt.lL0,params_sLegPt.lL1,params_sLegPt.lL2,params_sLegPt.rA1,params_sLegPt.rL0,params_sLegPt.rL1,params_sLegPt.rL2,params_sLegPt.x1,params_sLegPt.y1,user_attrs_prune,system_attrs_auto:sampler,system_attrs_fixed_params,state
49,49,5.734418742147334,2026-04-14 13:45:30.387790,2026-04-14 13:45:39.054537,0 days 00:00:08.666747,25.70727652028677,51.60424150633787,10.356740793253184,-43.60442840634966,40.66693505216877,27.931932114903546,13.097112399305999,34.58019471680129,15.157219362309938,61.0761393062294,38.656078779296095,17.996049313397112,-59.812641753824494,85.12190588641121,30.559955997872798,31.031561593460303,40.10115028854168,14.792826417969698,Unattained target,RandomSampler,"{'sLegPt.rL0': 85.12190588641121, 'sLegPt.lL0': 61.0761393062294, 'sLegPt.rL1': 30.559955997872798, 'sLegPt.lL1': 38.656078779296095, 'sLegPt.x1': 40.10115028854168, 'sLegPt.y1': 14.792826417969698, 'sLegPt.rA1': -59.812641753824494, 'sLegPt.rL2': 31.031561593460303, 'sLegPt.lL2': 17.996049313397112, 'lLegPt.rL0': 40.66693505216877, 'lLegPt.lL0': 25.70727652028677, 'lLegPt.rL1': 27.931932114903546, 'lLegPt.lL1': 51.60424150633787, 'lLegPt.x1': 34.58019471680129, 'lLegPt.y1': 15.157219362309938, 'lLegPt.rA1': -43.60442840634966, 'lLegPt.rL2': 13.097112399305999, 'lLegPt.lL2': 10.356740793253184}",PRUNED
50,50,5.654357556294954,2026-04-14 13:45:39.223105,2026-04-14 13:45:47.874648,0 days 00:00:08.651543,25.70727652028677,51.60424150633787,10.356740793253184,-43.60442840634966,40.66693505216877,27.931932114903546,13.097112399305999,34.58019471680129,15.157219362309938,61.0761393062294,38.656078779296095,17.996049313397112,-59.812641753824494,85.12190588641121,30.559955997872798,31.031561593460303,40.10115028854168,14.792826417969698,Unattained target,RandomSampler,"{'sLegPt.rL0': 85.12190588641121, 'sLegPt.lL0': 61.0761393062294, 'sLegPt.rL1': 30.559955997872798, 'sLegPt.lL1': 38.656078779296095, 'sLegPt.x1': 40.10115028854168, 'sLegPt.y1': 14.792826417969698, 'sLegPt.rA1': -59.812641753824494, 'sLegPt.rL2': 31.031561593460303, 'sLegPt.lL2': 17.996049313397112, 'lLegPt.rL0': 40.66693505216877, 'lLegPt.lL0': 25.70727652028677, 'lLegPt.rL1': 27.931932114903546, 'lLegPt.lL1': 51.60424150633787, 'lLegPt.x1': 34.58019471680129, 'lLegPt.y1': 15.157219362309938, 'lLegPt.rA1': -43.60442840634966, 'lLegPt.rL2': 13.097112399305999, 'lLegPt.lL2': 10.356740793253184}",PRUNED
51,51,13.96043948403576,2026-04-14 13:45:48.039961,2026-04-14 13:45:51.884640,0 days 00:00:03.844679,73.55699520597682,69.27940487422717,81.1692264894331,-54.150498758089995,16.520248906350957,31.48176922265904,53.35229509525442,41.48235946990164,11.519607560837809,94.72254617783997,64.78165857659144,14.68262870174693,-22.8681998391595,91.94781165536722,92.6044404310296,20.996562987142212,45.417453635322055,29.841307200024875,Unattained target,RandomSampler,,PRUNED
52,52,13.960439526917419,2026-04-14 13:45:52.083343,2026-04-14 13:45:56.157844,0 days 00:00:04.074501,73.55699520597682,69.27940487422717,81.1692264894331,-54.150498758089995,16.520248906350957,31.48176922265904,53.35229509525442,41.48235946990164,11.519607560837809,94.72254617783997,64.78165857659144,14.68262870174693,-22.8681998391595,91.94781165536722,92.6044404310296,20.996562987142212,45.417453635322055,29.841307200024875,Unattained target,RandomSampler,"{'sLegPt.rL0': 91.94781165536722, 'sLegPt.lL0': 94.72254617783997, 'sLegPt.rL1': 92.6044404310296, 'sLegPt.lL1': 64.78165857659144, 'sLegPt.x1': 45.417453635322055, 'sLegPt.y1': 29.841307200024875, 'sLegPt.rA1': -22.8681998391595, 'sLegPt.rL2': 20.996562987142212, 'sLegPt.lL2': 14.68262870174693, 'lLegPt.rL0': 16.520248906350957, 'lLegPt.lL0': 73.55699520597682, 'lLegPt.rL1': 31.48176922265904, 'lLegPt.lL1': 69.27940487422717, 'lLegPt.x1': 41.48235946990164, 'lLegPt.y1': 11.519607560837809, 'lLegPt.rA1': -54.150498758089995, 'lLegPt.rL2': 53.35229509525442, 'lLegPt.lL2': 81.1692264894331}",PRUNED
53,53,13.960439533678127,2026-04-14 13:45:56.299870,2026-04-14 13:46:00.175515,0 days 00:00:03.875645,73.55699520597682,69.27940487422717,81.1692264894331,-54.150498758089995,16.520248906350957,31.48176922265904,53.35229509525442,41.48235946990164,11.519607560837809,94.72254617783997,64.78165857659144,14.68262870174693,-22.8681998391595,91.94781165536722,92.6044404310296,20.996562987142212,45.417453635322055,29.841307200024875,Unattained target,RandomSampler,"{'sLegPt.rL0': 91.94781165536722, 'sLegPt.lL0': 94.72254617783997, 'sLegPt.rL1': 92.6044404310296, 'sLegPt.lL1': 64.78165857659144, 'sLegPt.x1': 45.417453635322055, 'sLegPt.y1': 29.841307200024875, 'sLegPt.rA1': -22.8681998391595, 'sLegPt.rL2': 20.996562987142212, 'sLegPt.lL2': 14.68262870174693, 'lLegPt.rL0': 16.520248906350957, 'lLegPt.lL0': 73.55699520597682, 'lLegPt.rL1': 31.48176922265904, 'lLegPt.lL1': 69.27940487422717, 'lLegPt.x1': 41.48235946990164, 'lLegPt.y1': 11.519607560837809, 'lLegPt.rA1': -54.150498758089995, 'lLegPt.rL2': 53.35229509525442, 'lLegPt.lL2': 81.1692264894331}",PRUNED
54,54,5.827304145220943,2026-04-14 13:46:00.351983,2026-04-14 13:46:04.411316,0 days 00:00:04.059333,80.28419738051063,88.09624150800268,50.264401310279645,-51.80686032329777,82.63523214105167,90.26007284902015,87.78807958019048,39.65771054824813,18.63997446778754,14.809811820407887,23.091243973839482,31.27791002418353,-72.4092601561181,17.16139895926979,82.32899655546314,64.00357468965836,45.38619790642747,20.976014879453757,Unattained target,RandomSampler,,PRUNED
55,55,5.8273045908871595,2026-04-14 13:46:04.577097,2026-04-14 13:46:08.561362,0 days 00:00:03.984265,80.28419738051063,88.09624150800268,50.264401310279645,-51.80686032329777,82.63523214105167,90.26007284902015,87.78807958019048,39.65771054824813,18.63997446778754,14.809811820407887,23.091243973839482,31.27791002418353,-72.4092601561181,17.16139895926979,82.32899655546314,64.00357468965836,45.38619790642747,20.976014879453757,Unattained target,RandomSampler,"{'sLegPt.rL0': 17.16139895926979, 'sLegPt.lL0': 14.809811820407887, 'sLegPt.rL1': 82.32899655546314, 'sLegPt.lL1': 23.091243973839482, 'sLegPt.x1': 45.38619790642747, 'sLegPt.y1': 20.976014879453757, 'sLegPt.rA1': -72.4092601561181, 'sLegPt.rL2': 64.00357468965836, 'sLegPt.lL2': 31.27791002418353, 'lLegPt.rL0': 82.63523214105167, 'lLegPt.lL0': 80.28419738051063, 'lLegPt.rL1': 90.26007284902015, 'lLegPt.lL1': 88.09624150800268, 'lLegPt.x1': 39.65771054824813, 'lLegPt.y1': 18.63997446778754, 'lLegPt.rA1': -51.80686032329777, 'lLegPt.rL2': 87.78807958019048, 'lLegPt.lL2': 50.264401310279645}",PRUNED
56,56,5.82730587004459,2026-04-14 13:46:08.721994,2026-04-14 13:46:12.828266,0 days 00:00:04.106272,80.28419738051063,88.09624150800268,50.264401310279645,-51.80686032329777,82.63523214105167,90.26007284902015,87.78807958019048,39.65771054824813,18.63997446778754,14.809811820407887,23.091243973839482,31.27791002418353,-72.4092601561181,17.16139895926979,82.32899655546314,64.00357468965836,45.38619790642747,20.976014879453757,Unattained target,RandomSampler,"{'sLegPt.rL0': 17.16139895926979, 'sLegPt.lL0': 14.809811820407887, 'sLegPt.rL1': 82.32899655546314, 'sLegPt.lL1': 23.091243973839482, 'sLegPt.x1': 45.38619790642747, 'sLegPt.y1': 20.976014879453757, 'sLegPt.rA1': -72.4092601561181, 'sLegPt.rL2': 64.00357468965836, 'sLegPt.lL2': 31.27791002418353, 'lLegPt.rL0': 82.63523214105167, 'lLegPt.lL0': 80.28419738051063, 'lLegPt.rL1': 90.26007284902015, 'lLegPt.lL1': 88.09624150800268, 'lLegPt.x1': 39.65771054824813, 'lLegPt.y1': 18.63997446778754, 'lLegPt.rA1': -51.80686032329777, 'lLegPt.rL2': 87.78807958019048, 'lLegPt.lL2': 50.264401310279645}",PRUNED
57,57,6.057487046870726,2026-04-14 13:46:12.992608,2026-04-14 13:46:17.454973,0 days 00:00:04.462365,33.575352233687816,13.336193889028005,75.92777529564928,-69.56086401360163,59.80460039574167,31.217263103817892,51.95206953834518,40.06547755138031,29.76322487358693,66.59829853857397,68.04138904581487,31.06824858820932,-36.9712972135317,97.20275526970563,93.32579003945818,97.90074742057423,31.28591638919312,22.68647721952179,Unattained target,RandomSampler,,PRUNED
58,58,6.0574881156047695,2026-04-14 13:46:17.650893,2026-04-14 13:46:21.905001,0 days 00:00:04.254108,33.575352233687816,13.336193889028005,75.92777529564928,-69.56086401360163,59.80460039574167,31.217263103817892,51.95206953834518,40.06547755138031,29.76322487358693,66.59829853857397,68.04138904581487,31.06824858820932,-36.9712972135317,97.20275526970563,93.32579003945818,97.90074742057423,31.28591638919312,22.68647721952179,Unattained target,RandomSampler,"{'sLegPt.rL0': 97.20275526970563, 'sLegPt.lL0': 66.59829853857397, 'sLegPt.rL1': 93.32579003945818, 'sLegPt.lL1': 68.04138904581487, 'sLegPt.x1': 31.28591638919312, 'sLegPt.y1': 22.68647721952179, 'sLegPt.rA1': -36.9712972135317, 'sLegPt.rL2': 97.90074742057423, 'sLegPt.lL2': 31.06824858820932, 'lLegPt.rL0': 59.80460039574167, 'lLegPt.lL0': 33.575352233687816, 'lLegPt.rL1': 31.217263103817892, 'lLegPt.lL1': 13.336193889028005, 'lLegPt.x1': 40.06547755138031, 'lLegPt.y1': 29.76322487358693, 'lLegPt.rA1': -69.56086401360163, 'lLegPt.rL2': 51.95206953834518, 'lLegPt.lL2': 75.92777529564928}",PRUNED
59,59,6.057487222666744,2026-04-14 13:46:22.059767,2026-04-14 13:46:26.130534,0 days 00:00:04.070767,33.575352233687816,13.336193889028005,75.92777529564928,-69.56086401360163,59.80460039574167,31.217263103817892,51.95206953834518,40.06547755138031,29.76322487358693,66.59829853857397,68.04138904581487,31.06824858820932,-36.9712972135317,97.20275526970563,93.32579003945818,97.90074742057423,31.28591638919312,22.68647721952179,Unattained target,RandomSampler,"{'sLegPt.rL0': 97.20275526970563, 'sLegPt.lL0': 66.59829853857397, 'sLegPt.rL1': 93.32579003945818, 'sLegPt.lL1': 68.04138904581487, 'sLegPt.x1': 31.28591638919312, 'sLegPt.y1': 22.68647721952179, 'sLegPt.rA1': -36.9712972135317, 'sLegPt.rL2': 97.90074742057423, 'sLegPt.lL2': 31.06824858820932, 'lLegPt.rL0': 59.80460039574167, 'lLegPt.lL0': 33.575352233687816, 'lLegPt.rL1': 31.217263103817892, 'lLegPt.lL1': 13.336193889028005, 'lLegPt.x1': 40.06547755138031, 'lLegPt.y1': 29.76322487358693, 'lLegPt.rA1': -69.56086401360163, 'lLegPt.rL2': 51.95206953834518, 'lLegPt.lL2': 75.92777529564928}",PRUNED
60,60,8.592684423129633,2026-04-14 13:46:26.323110,2026-04-14 13:46:30.284067,0 days 00:00:03.960957,56.03943757851801,33.76571111707905,15.255462876226343,-49.84093829468111,79.1152996488817,99.00440606227124,57.21499444431504,38.82429327740369,28.215935768909873,65.40107624575265,28.53121525867639,55.97496989758971,-43.24793786602265,55.10777947199523,42.964124052717025,78.45065331667358,48.48383915660061,11.380543644462682,Unattained target,RandomSampler,,PRUNED
61,61,8.59268432772567,2026-04-14 13:46:30.418603,2026-04-14 13:46:34.148263,0 days 00:00:03.729660,56.03943757851801,33.76571111707905,15.255462876226343,-49.84093829468111,79.1152996488817,99.00440606227124,57.21499444431504,38.82429327740369,28.215935768909873,65.40107624575265,28.53121525867639,55.97496989758971,-43.24793786602265,55.10777947199523,42.964124052717025,78.45065331667358,48.48383915660061,11.380543644462682,Unattained target,RandomSampler,"{'sLegPt.rL0': 55.10777947199523, 'sLegPt.lL0': 65.40107624575265, 'sLegPt.rL1': 42.964124052717025, 'sLegPt.lL1': 28.53121525867639, 'sLegPt.x1': 48.48383915660061, 'sLegPt.y1': 11.380543644462682, 'sLegPt.rA1': -43.24793786602265, 'sLegPt.rL2': 78.45065331667358, 'sLegPt.lL2': 55.97496989758971, 'lLegPt.rL0': 79.1152996488817, 'lLegPt.lL0': 56.03943757851801, 'lLegPt.rL1': 99.00440606227124, 'lLegPt.lL1': 33.76571111707905, 'lLegPt.x1': 38.82429327740369, 'lLegPt.y1': 28.215935768909873, 'lLegPt.rA1': -49.84093829468111, 'lLegPt.rL2': 57.21499444431504, 'lLegPt.lL2': 15.255462876226343}",PRUNED
62,62,8.592684523631,2026-04-14 13:46:34.275527,2026-04-14 13:46:38.045558,0 days 00:00:03.770031,56.03943757851801,33.76571111707905,15.255462876226343,-49.84093829468111,79.1152996488817,99.00440606227124,57.21499444431504,38.82429327740369,28.215935768909873,65.40107624575265,28.53121525867639,55.97496989758971,-43.24793786602265,55.10777947199523,42.964124052717025,78.45065331667358,48.48383915660061,11.380543644462682,Unattained target,RandomSampler,"{'sLegPt.rL0': 55.10777947199523, 'sLegPt.lL0': 65.40107624575265, 'sLegPt.rL1': 42.964124052717025, 'sLegPt.lL1': 28.53121525867639, 'sLegPt.x1': 48.48383915660061, 'sLegPt.y1': 11.380543644462682, 'sLegPt.rA1': -43.24793786602265, 'sLegPt.rL2': 78.45065331667358, 'sLegPt.lL2': 55.97496989758971, 'lLegPt.rL0': 79.1152996488817, 'lLegPt.lL0': 56.03943757851801, 'lLegPt.rL1': 99.00440606227124, 'lLegPt.lL1': 33.76571111707905, 'lLegPt.x1': 38.82429327740369, 'lLegPt.y1': 28.215935768909873, 'lLegPt.rA1': -49.84093829468111, 'lLegPt.rL2': 57.21499444431504, 'lLegPt.lL2': 15.255462876226343}",PRUNED
63,63,12.935100295665485,2026-04-14 13:46:38.167394,2026-04-14 13:46:41.973366,0 days 00:00:03.805972,68.02350521208017,14.521439316804265,88.9589678096089,-63.31357125782944,72.63153875076176,95.00441253617622,70.12494370720518,37.73887104149448,23.824932439343492,13.071962585522456,39.90555794829082,24.94572433864269,-59.24218247740946,94.71346811797949,25.010217280245406,52.67508048884816,38.774922358898095,12.940092797601713,Unattained target,RandomSampler,,PRUNED
64,64,12.935101019335391,2026-04-14 13:46:42.108161,2026-04-14 13:46:45.682827,0 days 00:00:03.574666,68.02350521208017,14.521439316804265,88.9589678096089,-63.31357125782944,72.63153875076176,95.00441253617622,70.12494370720518,37.73887104149448,23.824932439343492,13.071962585522456,39.90555794829082,24.94572433864269,-59.24218247740946,94.71346811797949,25.010217280245406,52.67508048884816,38.774922358898095,12.940092797601713,Unattained target,RandomSampler,"{'sLegPt.rL0': 94.71346811797949, 'sLegPt.lL0': 13.071962585522456, 'sLegPt.rL1': 25.010217280245406, 'sLegPt.lL1': 39.90555794829082, 'sLegPt.x1': 38.774922358898095, 'sLegPt.y1': 12.940092797601713, 'sLegPt.rA1': -59.24218247740946, 'sLegPt.rL2': 52.67508048884816, 'sLegPt.lL2': 24.94572433864269, 'lLegPt.rL0': 72.63153875076176, 'lLegPt.lL0': 68.02350521208017, 'lLegPt.rL1': 95.00441253617622, 'lLegPt.lL1': 14.521439316804265, 'lLegPt.x1': 37.73887104149448, 'lLegPt.y1': 23.824932439343492, 'lLegPt.rA1': -63.31357125782944, 'lLegPt.rL2': 70.12494370720518, 'lLegPt.lL2': 88.9589678096089}",PRUNED
65,65,12.93509973625713,2026-04-14 13:46:45.810793,2026-04-14 13:46:49.662661,0 days 00:00:03.851868,68.02350521208017,14.521439316804265,88.9589678096089,-63.31357125782944,72.63153875076176,95.00441253617622,70.12494370720518,37.73887104149448,23.824932439343492,13.071962585522456,39.90555794829082,24.94572433864269,-59.24218247740946,94.71346811797949,25.010217280245406,52.67508048884816,38.774922358898095,12.940092797601713,Unattained target,RandomSampler,"{'sLegPt.rL0': 94.71346811797949, 'sLegPt.lL0': 13.071962585522456, 'sLegPt.rL1': 25.010217280245406, 'sLegPt.lL1': 39.90555794829082, 'sLegPt.x1': 38.774922358898095, 'sLegPt.y1': 12.940092797601713, 'sLegPt.rA1': -59.24218247740946, 'sLegPt.rL2': 52.67508048884816, 'sLegPt.lL2': 24.94572433864269, 'lLegPt.rL0': 72.63153875076176, 'lLegPt.lL0': 68.02350521208017, 'lLegPt.rL1': 95.00441253617622, 'lLegPt.lL1': 14.521439316804265, 'lLegPt.x1': 37.73887104149448, 'lLegPt.y1': 23.824932439343492, 'lLegPt.rA1': -63.31357125782944, 'lLegPt.rL2': 70.12494370720518, 'lLegPt.lL2': 88.9589678096089}",PRUNED
66,66,13.292942380154805,2026-04-14 13:46:49.774208,2026-04-14 13:46:53.696714,0 days 00:00:03.922506,43.46362509599939,66.1570280785792,68.6770080771802,-47.540503210160026,77.15668098393485,57.36147386809693,72.26538868318471,34.66804379834057,11.474591104267102,55.17910996253176,81.23774858275952,97.24755508014708,-37.621875083911505,15.185603743978826,32.719605683264874,40.863567765150876,48.11313013478402,27.83403183032116,Unattained target,RandomSampler,,PRUNED
67,67,13.29294328503952,2026-04-14 13:46:53.829859,2026-04-14 13:46:57.691153,0 days 00:00:03.861294,43.46362509599939,66.1570280785792,68.6770080771802,-47.540503210160026,77.15668098393485,57.36147386809693,72.26538868318471,34.66804379834057,11.474591104267102,55.17910996253176,81.23774858275952,97.24755508014708,-37.621875083911505,15.185603743978826,32.719605683264874,40.863567765150876,48.11313013478402,27.83403183032116,Unattained target,RandomSampler,"{'sLegPt.rL0': 15.185603743978826, 'sLegPt.lL0': 55.17910996253176, 'sLegPt.rL1': 32.719605683264874, 'sLegPt.lL1': 81.23774858275952, 'sLegPt.x1': 48.11313013478402, 'sLegPt.y1': 27.83403183032116, 'sLegPt.rA1': -37.621875083911505, 'sLegPt.rL2': 40.863567765150876, 'sLegPt.lL2': 97.24755508014708, 'lLegPt.rL0': 77.15668098393485, 'lLegPt.lL0': 43.46362509599939, 'lLegPt.rL1': 57.36147386809693, 'lLegPt.lL1': 66.1570280785792, 'lLegPt.x1': 34.66804379834057, 'lLegPt.y1': 11.474591104267102, 'lLegPt.rA1': -47.540503210160026, 'lLegPt.rL2': 72.26538868318471, 'lLegPt.lL2': 68.6770080771802}",PRUNED
68,68,13.2929426073011,2026-04-14 13:46:57.812566,2026-04-14 13:47:24.693558,0 days 00:00:26.880992,43.46362509599939,66.1570280785792,68.6770080771802,-47.540503210160026,77.15668098393485,57.36147386809693,72.26538868318471,34.66804379834057,11.474591104267102,55.17910996253176,81.23774858275952,97.24755508014708,-37.621875083911505,15.185603743978826,32.719605683264874,40.863567765150876,48.11313013478402,27.83403183032116,Unattained target,RandomSampler,"{'sLegPt.rL0': 15.185603743978826, 'sLegPt.lL0': 55.17910996253176, 'sLegPt.rL1': 32.719605683264874, 'sLegPt.lL1': 81.23774858275952, 'sLegPt.x1': 48.11313013478402, 'sLegPt.y1': 27.83403183032116, 'sLegPt.rA1': -37.621875083911505, 'sLegPt.rL2': 40.863567765150876, 'sLegPt.lL2': 97.24755508014708, 'lLegPt.rL0': 77.15668098393485, 'lLegPt.lL0': 43.46362509599939, 'lLegPt.rL1': 57.36147386809693, 'lLegPt.lL1': 66.1570280785792, 'lLegPt.x1': 34.66804379834057, 'lLegPt.y1': 11.474591104267102, 'lLegPt.rA1': -47.540503210160026, 'lLegPt.rL2': 72.26538868318471, 'lLegPt.lL2': 68.6770080771802}",PRUNED
69,69,7.755065726922496,2026-04-14 13:47:24.827696,2026-04-14 13:47:29.148480,0 days 00:00:04.320784,80.60098626735032,62.170657017685954,47.28486445749275,-40.243173126174604,29.051403173063502,48.997978517230116,92.10058485969839,40.19064767259003,13.939478034099773,25.06658864635282,27.823896977402818,18.99957285990866,-41.206187912962626,35.16009227443966,65.37825916602921,89.78745274971945,38.10916651355785,15.632080665856158,Unattained target,RandomSampler,,PRUNED
70,70,7.75506542878346,2026-04-14 13:47:29.268132,2026-04-14 13:47:32.916525,0 days 00:00:03.648393,80.60098626735032,62.170657017685954,47.28486445749275,-40.243173126174604,29.051403173063502,48.997978517230116,92.10058485969839,40.19064767259003,13.939478034099773,25.06658864635282,27.823896977402818,18.99957285990866,-41.206187912962626,35.16009227443966,65.37825916602921,89.78745274971945,38.10916651355785,15.632080665856158,Unattained target,RandomSampler,"{'sLegPt.rL0': 35.16009227443966, 'sLegPt.lL0': 25.06658864635282, 'sLegPt.rL1': 65.37825916602921, 'sLegPt.lL1': 27.823896977402818, 'sLegPt.x1': 38.10916651355785, 'sLegPt.y1': 15.632080665856158, 'sLegPt.rA1': -41.206187912962626, 'sLegPt.rL2': 89.78745274971945, 'sLegPt.lL2': 18.99957285990866, 'lLegPt.rL0': 29.051403173063502, 'lLegPt.lL0': 80.60098626735032, 'lLegPt.rL1': 48.997978517230116, 'lLegPt.lL1': 62.170657017685954, 'lLegPt.x1': 40.19064767259003, 'lLegPt.y1': 13.939478034099773, 'lLegPt.rA1': -40.243173126174604, 'lLegPt.rL2': 92.10058485969839, 'lLegPt.lL2': 47.28486445749275}",PRUNED
71,71,7.755065374429435,2026-04-14 13:47:33.049313,2026-04-14 13:47:36.975910,0 days 00:00:03.926597,80.60098626735032,62.170657017685954,47.28486445749275,-40.243173126174604,29.051403173063502,48.997978517230116,92.10058485969839,40.19064767259003,13.939478034099773,25.06658864635282,27.823896977402818,18.99957285990866,-41.206187912962626,35.16009227443966,65.37825916602921,89.78745274971945,38.10916651355785,15.632080665856158,Unattained target,RandomSampler,"{'sLegPt.rL0': 35.16009227443966, 'sLegPt.lL0': 25.06658864635282, 'sLegPt.rL1': 65.37825916602921, 'sLegPt.lL1': 27.823896977402818, 'sLegPt.x1': 38.10916651355785, 'sLegPt.y1': 15.632080665856158, 'sLegPt.rA1': -41.206187912962626, 'sLegPt.rL2': 89.78745274971945, 'sLegPt.lL2': 18.99957285990866, 'lLegPt.rL0': 29.051403173063502, 'lLegPt.lL0': 80.60098626735032, 'lLegPt.rL1': 48.997978517230116, 'lLegPt.lL1': 62.170657017685954, 'lLegPt.x1': 40.19064767259003, 'lLegPt.y1': 13.939478034099773, 'lLegPt.rA1': -40.243173126174604, 'lLegPt.rL2': 92.10058485969839, 'lLegPt.lL2': 47.28486445749275}",PRUNED
72,72,6.363136554681269,2026-04-14 13:47:37.105456,2026-04-14 13:47:41.088683,0 days 00:00:03.983227,12.574772379628111,98.65395473693356,22.51405598715172,-33.31180177681409,17.017304495608442,56.645541189969684,38.19093819743355,49.71779041049665,23.982303123463655,51.234858017737416,46.45095827274281,91.13266129337413,-30.264715797794572,89.36212219728999,90.63692166238893,62.01438772700257,33.14941834746061,17.198284443867298,Unattained target,RandomSampler,,PRUNED
