,number,value,datetime_start,datetime_complete,duration,params_lLegPt.lL0,params_lLegPt.lL1,params_lLegPt.lL2,params_lLegPt.rA1,params_lLegPt.rL0,params_lLegPt.rL1,params_lLegPt.rL2,params_lLegPt.x1,params_lLegPt.y1,params_sLegPt.lL0,params_sLegPt.lL1,params_sLegPt.lL2,params_sLegPt.rA1,params_sLegPt.rL0,params_sLegPt.rL1,params_sLegPt.rL2,params_sLegPt.x1,params_sLegPt.y1,user_attrs_prune,system_attrs_auto:sampler,system_attrs_fixed_params,state
506,506,6.820798815537252,2026-04-14 14:19:28.895336,2026-04-14 14:19:32.657595,0 days 00:00:03.762259,59.22594631243583,22.375992441778386,38.96983654650008,-63.213397138583304,24.076095569220847,53.780752975837345,42.0409833606019,36.60235484340034,11.004061723096664,14.694159524306212,58.85476813510559,47.11310483530934,-35.13418582953301,78.8129783813467,55.896945234730424,12.214348025071217,49.59721426362749,14.275200970354739,Unattained target,GPSampler,"{'sLegPt.rL0': 78.8129783813467, 'sLegPt.lL0': 14.694159524306212, 'sLegPt.rL1': 55.896945234730424, 'sLegPt.lL1': 58.85476813510559, 'sLegPt.x1': 49.59721426362749, 'sLegPt.y1': 14.275200970354739, 'sLegPt.rA1': -35.13418582953301, 'sLegPt.rL2': 12.214348025071217, 'sLegPt.lL2': 47.11310483530934, 'lLegPt.rL0': 24.076095569220847, 'lLegPt.lL0': 59.22594631243583, 'lLegPt.rL1': 53.780752975837345, 'lLegPt.lL1': 22.375992441778386, 'lLegPt.x1': 36.60235484340034, 'lLegPt.y1': 11.004061723096664, 'lLegPt.rA1': -63.213397138583304, 'lLegPt.rL2': 42.0409833606019, 'lLegPt.lL2': 38.96983654650008}",PRUNED
507,507,6.8207986114870565,2026-04-14 14:19:32.825861,2026-04-14 14:19:36.567555,0 days 00:00:03.741694,59.22594631243583,22.375992441778386,38.96983654650008,-63.213397138583304,24.076095569220847,53.780752975837345,42.0409833606019,36.60235484340034,11.004061723096664,14.694159524306212,58.85476813510559,47.11310483530934,-35.13418582953301,78.8129783813467,55.896945234730424,12.214348025071217,49.59721426362749,14.275200970354739,Unattained target,GPSampler,"{'sLegPt.rL0': 78.8129783813467, 'sLegPt.lL0': 14.694159524306212, 'sLegPt.rL1': 55.896945234730424, 'sLegPt.lL1': 58.85476813510559, 'sLegPt.x1': 49.59721426362749, 'sLegPt.y1': 14.275200970354739, 'sLegPt.rA1': -35.13418582953301, 'sLegPt.rL2': 12.214348025071217, 'sLegPt.lL2': 47.11310483530934, 'lLegPt.rL0': 24.076095569220847, 'lLegPt.lL0': 59.22594631243583, 'lLegPt.rL1': 53.780752975837345, 'lLegPt.lL1': 22.375992441778386, 'lLegPt.x1': 36.60235484340034, 'lLegPt.y1': 11.004061723096664, 'lLegPt.rA1': -63.213397138583304, 'lLegPt.rL2': 42.0409833606019, 'lLegPt.lL2': 38.96983654650008}",PRUNED
508,508,6.165940074790761,2026-04-14 14:19:36.722577,2026-04-14 14:19:41.087514,0 days 00:00:04.364937,33.10684995408331,27.44765134366834,77.33939608594498,-47.29343380542007,93.75775982855696,16.815409125380718,18.95620988751281,31.79819953865549,11.961828662563622,96.05050634815085,10.8060811645814,20.218630842145707,-78.83183087624862,90.54282859975075,19.0197375861235,32.92834617159234,41.98349406683414,10.080290744346376,Unattained target,GPSampler,,PRUNED
509,509,6.165939870830194,2026-04-14 14:19:41.262705,2026-04-14 14:19:45.328054,0 days 00:00:04.065349,33.10684995408331,27.44765134366834,77.33939608594498,-47.29343380542007,93.75775982855696,16.815409125380718,18.95620988751281,31.79819953865549,11.961828662563622,96.05050634815085,10.8060811645814,20.218630842145707,-78.83183087624862,90.54282859975075,19.0197375861235,32.92834617159234,41.98349406683414,10.080290744346376,Unattained target,GPSampler,"{'sLegPt.rL0': 90.54282859975075, 'sLegPt.lL0': 96.05050634815085, 'sLegPt.rL1': 19.0197375861235, 'sLegPt.lL1': 10.8060811645814, 'sLegPt.x1': 41.98349406683414, 'sLegPt.y1': 10.080290744346376, 'sLegPt.rA1': -78.83183087624862, 'sLegPt.rL2': 32.92834617159234, 'sLegPt.lL2': 20.218630842145707, 'lLegPt.rL0': 93.75775982855696, 'lLegPt.lL0': 33.10684995408331, 'lLegPt.rL1': 16.815409125380718, 'lLegPt.lL1': 27.44765134366834, 'lLegPt.x1': 31.79819953865549, 'lLegPt.y1': 11.961828662563622, 'lLegPt.rA1': -47.29343380542007, 'lLegPt.rL2': 18.95620988751281, 'lLegPt.lL2': 77.33939608594498}",PRUNED
510,510,6.165939817839053,2026-04-14 14:19:45.528468,2026-04-14 14:19:49.410947,0 days 00:00:03.882479,33.10684995408331,27.44765134366834,77.33939608594498,-47.29343380542007,93.75775982855696,16.815409125380718,18.95620988751281,31.79819953865549,11.961828662563622,96.05050634815085,10.8060811645814,20.218630842145707,-78.83183087624862,90.54282859975075,19.0197375861235,32.92834617159234,41.98349406683414,10.080290744346376,Unattained target,GPSampler,"{'sLegPt.rL0': 90.54282859975075, 'sLegPt.lL0': 96.05050634815085, 'sLegPt.rL1': 19.0197375861235, 'sLegPt.lL1': 10.8060811645814, 'sLegPt.x1': 41.98349406683414, 'sLegPt.y1': 10.080290744346376, 'sLegPt.rA1': -78.83183087624862, 'sLegPt.rL2': 32.92834617159234, 'sLegPt.lL2': 20.218630842145707, 'lLegPt.rL0': 93.75775982855696, 'lLegPt.lL0': 33.10684995408331, 'lLegPt.rL1': 16.815409125380718, 'lLegPt.lL1': 27.44765134366834, 'lLegPt.x1': 31.79819953865549, 'lLegPt.y1': 11.961828662563622, 'lLegPt.rA1': -47.29343380542007, 'lLegPt.rL2': 18.95620988751281, 'lLegPt.lL2': 77.33939608594498}",PRUNED
511,511,5.428388012700893,2026-04-14 14:19:49.589794,2026-04-14 14:19:53.902073,0 days 00:00:04.312279,10.060551085707521,26.609775658075275,73.7778316025015,-56.08699843742463,76.1507286743741,64.06532031442433,19.50554637044099,43.584096962743125,19.547811730963737,87.1578111646771,84.64256601431511,19.604569668243975,-29.893761478768766,28.35774175549956,88.11460591720818,74.14567569961407,38.19606150362174,26.395767443421978,Unattained target,GPSampler,,PRUNED
512,512,5.428387961196215,2026-04-14 14:19:54.074325,2026-04-14 14:19:57.986236,0 days 00:00:03.911911,10.060551085707521,26.609775658075275,73.7778316025015,-56.08699843742463,76.1507286743741,64.06532031442433,19.50554637044099,43.584096962743125,19.547811730963737,87.1578111646771,84.64256601431511,19.604569668243975,-29.893761478768766,28.35774175549956,88.11460591720818,74.14567569961407,38.19606150362174,26.395767443421978,Unattained target,GPSampler,"{'sLegPt.rL0': 28.35774175549956, 'sLegPt.lL0': 87.1578111646771, 'sLegPt.rL1': 88.11460591720818, 'sLegPt.lL1': 84.64256601431511, 'sLegPt.x1': 38.19606150362174, 'sLegPt.y1': 26.395767443421978, 'sLegPt.rA1': -29.893761478768766, 'sLegPt.rL2': 74.14567569961407, 'sLegPt.lL2': 19.604569668243975, 'lLegPt.rL0': 76.1507286743741, 'lLegPt.lL0': 10.060551085707521, 'lLegPt.rL1': 64.06532031442433, 'lLegPt.lL1': 26.609775658075275, 'lLegPt.x1': 43.584096962743125, 'lLegPt.y1': 19.547811730963737, 'lLegPt.rA1': -56.08699843742463, 'lLegPt.rL2': 19.50554637044099, 'lLegPt.lL2': 73.7778316025015}",PRUNED
513,513,5.428388002188456,2026-04-14 14:19:58.161483,2026-04-14 14:20:02.317325,0 days 00:00:04.155842,10.060551085707521,26.609775658075275,73.7778316025015,-56.08699843742463,76.1507286743741,64.06532031442433,19.50554637044099,43.584096962743125,19.547811730963737,87.1578111646771,84.64256601431511,19.604569668243975,-29.893761478768766,28.35774175549956,88.11460591720818,74.14567569961407,38.19606150362174,26.395767443421978,Unattained target,GPSampler,"{'sLegPt.rL0': 28.35774175549956, 'sLegPt.lL0': 87.1578111646771, 'sLegPt.rL1': 88.11460591720818, 'sLegPt.lL1': 84.64256601431511, 'sLegPt.x1': 38.19606150362174, 'sLegPt.y1': 26.395767443421978, 'sLegPt.rA1': -29.893761478768766, 'sLegPt.rL2': 74.14567569961407, 'sLegPt.lL2': 19.604569668243975, 'lLegPt.rL0': 76.1507286743741, 'lLegPt.lL0': 10.060551085707521, 'lLegPt.rL1': 64.06532031442433, 'lLegPt.lL1': 26.609775658075275, 'lLegPt.x1': 43.584096962743125, 'lLegPt.y1': 19.547811730963737, 'lLegPt.rA1': -56.08699843742463, 'lLegPt.rL2': 19.50554637044099, 'lLegPt.lL2': 73.7778316025015}",PRUNED
514,514,6.578935867625766,2026-04-14 14:20:02.507693,2026-04-14 14:20:06.603448,0 days 00:00:04.095755,76.49880389619256,10.05718942548629,73.13248943149446,-38.92575742962682,17.528918113018996,89.71074020220179,64.37565342658105,34.79016381299325,26.35117079421998,17.495256576556812,89.05042706273566,27.670695090885623,-33.89888765045698,35.8954247501128,44.706349246214145,13.683670364783222,45.36201957008079,16.916078180909807,Unattained target,GPSampler,,PRUNED
515,515,6.578935849418485,2026-04-14 14:20:06.780089,2026-04-14 14:20:10.825931,0 days 00:00:04.045842,76.49880389619256,10.05718942548629,73.13248943149446,-38.92575742962682,17.528918113018996,89.71074020220179,64.37565342658105,34.79016381299325,26.35117079421998,17.495256576556812,89.05042706273566,27.670695090885623,-33.89888765045698,35.8954247501128,44.706349246214145,13.683670364783222,45.36201957008079,16.916078180909807,Unattained target,GPSampler,"{'sLegPt.rL0': 35.8954247501128, 'sLegPt.lL0': 17.495256576556812, 'sLegPt.rL1': 44.706349246214145, 'sLegPt.lL1': 89.05042706273566, 'sLegPt.x1': 45.36201957008079, 'sLegPt.y1': 16.916078180909807, 'sLegPt.rA1': -33.89888765045698, 'sLegPt.rL2': 13.683670364783222, 'sLegPt.lL2': 27.670695090885623, 'lLegPt.rL0': 17.528918113018996, 'lLegPt.lL0': 76.49880389619256, 'lLegPt.rL1': 89.71074020220179, 'lLegPt.lL1': 10.05718942548629, 'lLegPt.x1': 34.79016381299325, 'lLegPt.y1': 26.35117079421998, 'lLegPt.rA1': -38.92575742962682, 'lLegPt.rL2': 64.37565342658105, 'lLegPt.lL2': 73.13248943149446}",PRUNED
516,516,6.578935755205997,2026-04-14 14:20:10.998927,2026-04-14 14:20:15.115752,0 days 00:00:04.116825,76.49880389619256,10.05718942548629,73.13248943149446,-38.92575742962682,17.528918113018996,89.71074020220179,64.37565342658105,34.79016381299325,26.35117079421998,17.495256576556812,89.05042706273566,27.670695090885623,-33.89888765045698,35.8954247501128,44.706349246214145,13.683670364783222,45.36201957008079,16.916078180909807,Unattained target,GPSampler,"{'sLegPt.rL0': 35.8954247501128, 'sLegPt.lL0': 17.495256576556812, 'sLegPt.rL1': 44.706349246214145, 'sLegPt.lL1': 89.05042706273566, 'sLegPt.x1': 45.36201957008079, 'sLegPt.y1': 16.916078180909807, 'sLegPt.rA1': -33.89888765045698, 'sLegPt.rL2': 13.683670364783222, 'sLegPt.lL2': 27.670695090885623, 'lLegPt.rL0': 17.528918113018996, 'lLegPt.lL0': 76.49880389619256, 'lLegPt.rL1': 89.71074020220179, 'lLegPt.lL1': 10.05718942548629, 'lLegPt.x1': 34.79016381299325, 'lLegPt.y1': 26.35117079421998, 'lLegPt.rA1': -38.92575742962682, 'lLegPt.rL2': 64.37565342658105, 'lLegPt.lL2': 73.13248943149446}",PRUNED
517,517,9.235273068938369,2026-04-14 14:20:15.299855,2026-04-14 14:20:19.363113,0 days 00:00:04.063258,76.8356205272488,88.30417877616215,66.47320801387184,-39.98220434503542,33.45468572281858,79.92897078433346,83.87130420109911,41.49205918368946,28.137650411036816,13.30317608339531,44.91107077387676,84.01481569826633,-56.2196238779639,20.77595613801205,83.18219835356959,88.25489443614238,34.61474722386028,14.04939235972147,Unattained target,GPSampler,,PRUNED
518,518,9.235273087091631,2026-04-14 14:20:19.549085,2026-04-14 14:20:23.726128,0 days 00:00:04.177043,76.8356205272488,88.30417877616215,66.47320801387184,-39.98220434503542,33.45468572281858,79.92897078433346,83.87130420109911,41.49205918368946,28.137650411036816,13.30317608339531,44.91107077387676,84.01481569826633,-56.2196238779639,20.77595613801205,83.18219835356959,88.25489443614238,34.61474722386028,14.04939235972147,Unattained target,GPSampler,"{'sLegPt.rL0': 20.77595613801205, 'sLegPt.lL0': 13.30317608339531, 'sLegPt.rL1': 83.18219835356959, 'sLegPt.lL1': 44.91107077387676, 'sLegPt.x1': 34.61474722386028, 'sLegPt.y1': 14.04939235972147, 'sLegPt.rA1': -56.2196238779639, 'sLegPt.rL2': 88.25489443614238, 'sLegPt.lL2': 84.01481569826633, 'lLegPt.rL0': 33.45468572281858, 'lLegPt.lL0': 76.8356205272488, 'lLegPt.rL1': 79.92897078433346, 'lLegPt.lL1': 88.30417877616215, 'lLegPt.x1': 41.49205918368946, 'lLegPt.y1': 28.137650411036816, 'lLegPt.rA1': -39.98220434503542, 'lLegPt.rL2': 83.87130420109911, 'lLegPt.lL2': 66.47320801387184}",PRUNED
519,519,9.235273056794629,2026-04-14 14:20:23.922626,2026-04-14 14:20:27.950575,0 days 00:00:04.027949,76.8356205272488,88.30417877616215,66.47320801387184,-39.98220434503542,33.45468572281858,79.92897078433346,83.87130420109911,41.49205918368946,28.137650411036816,13.30317608339531,44.91107077387676,84.01481569826633,-56.2196238779639,20.77595613801205,83.18219835356959,88.25489443614238,34.61474722386028,14.04939235972147,Unattained target,GPSampler,"{'sLegPt.rL0': 20.77595613801205, 'sLegPt.lL0': 13.30317608339531, 'sLegPt.rL1': 83.18219835356959, 'sLegPt.lL1': 44.91107077387676, 'sLegPt.x1': 34.61474722386028, 'sLegPt.y1': 14.04939235972147, 'sLegPt.rA1': -56.2196238779639, 'sLegPt.rL2': 88.25489443614238, 'sLegPt.lL2': 84.01481569826633, 'lLegPt.rL0': 33.45468572281858, 'lLegPt.lL0': 76.8356205272488, 'lLegPt.rL1': 79.92897078433346, 'lLegPt.lL1': 88.30417877616215, 'lLegPt.x1': 41.49205918368946, 'lLegPt.y1': 28.137650411036816, 'lLegPt.rA1': -39.98220434503542, 'lLegPt.rL2': 83.87130420109911, 'lLegPt.lL2': 66.47320801387184}",PRUNED
520,520,5.538892295806846,2026-04-14 14:20:28.142461,2026-04-14 14:20:32.295673,0 days 00:00:04.153212,75.19110189362252,73.50953125278598,70.9492464225547,-22.478388269833033,36.17526452745763,38.0524261583614,23.79848711500515,43.10678155633857,29.354824503228873,22.66436999308849,21.10855599669498,68.3365323324773,-60.42097141280371,79.71806563666638,34.68582432290104,23.203879644378162,31.952334456927098,20.430218458745294,Unattained target,GPSampler,,PRUNED
521,521,5.538892241859948,2026-04-14 14:20:32.502021,2026-04-14 14:20:36.237098,0 days 00:00:03.735077,75.19110189362252,73.50953125278598,70.9492464225547,-22.478388269833033,36.17526452745763,38.0524261583614,23.79848711500515,43.10678155633857,29.354824503228873,22.66436999308849,21.10855599669498,68.3365323324773,-60.42097141280371,79.71806563666638,34.68582432290104,23.203879644378162,31.952334456927098,20.430218458745294,Unattained target,GPSampler,"{'sLegPt.rL0': 79.71806563666638, 'sLegPt.lL0': 22.66436999308849, 'sLegPt.rL1': 34.68582432290104, 'sLegPt.lL1': 21.10855599669498, 'sLegPt.x1': 31.952334456927098, 'sLegPt.y1': 20.430218458745294, 'sLegPt.rA1': -60.42097141280371, 'sLegPt.rL2': 23.203879644378162, 'sLegPt.lL2': 68.3365323324773, 'lLegPt.rL0': 36.17526452745763, 'lLegPt.lL0': 75.19110189362252, 'lLegPt.rL1': 38.0524261583614, 'lLegPt.lL1': 73.50953125278598, 'lLegPt.x1': 43.10678155633857, 'lLegPt.y1': 29.354824503228873, 'lLegPt.rA1': -22.478388269833033, 'lLegPt.rL2': 23.79848711500515, 'lLegPt.lL2': 70.9492464225547}",PRUNED
522,522,5.538892291748418,2026-04-14 14:20:36.424532,2026-04-14 14:20:40.753618,0 days 00:00:04.329086,75.19110189362252,73.50953125278598,70.9492464225547,-22.478388269833033,36.17526452745763,38.0524261583614,23.79848711500515,43.10678155633857,29.354824503228873,22.66436999308849,21.10855599669498,68.3365323324773,-60.42097141280371,79.71806563666638,34.68582432290104,23.203879644378162,31.952334456927098,20.430218458745294,Unattained target,GPSampler,"{'sLegPt.rL0': 79.71806563666638, 'sLegPt.lL0': 22.66436999308849, 'sLegPt.rL1': 34.68582432290104, 'sLegPt.lL1': 21.10855599669498, 'sLegPt.x1': 31.952334456927098, 'sLegPt.y1': 20.430218458745294, 'sLegPt.rA1': -60.42097141280371, 'sLegPt.rL2': 23.203879644378162, 'sLegPt.lL2': 68.3365323324773, 'lLegPt.rL0': 36.17526452745763, 'lLegPt.lL0': 75.19110189362252, 'lLegPt.rL1': 38.0524261583614, 'lLegPt.lL1': 73.50953125278598, 'lLegPt.x1': 43.10678155633857, 'lLegPt.y1': 29.354824503228873, 'lLegPt.rA1': -22.478388269833033, 'lLegPt.rL2': 23.79848711500515, 'lLegPt.lL2': 70.9492464225547}",PRUNED
523,523,11.311350504274223,2026-04-14 14:20:40.929037,2026-04-14 14:20:44.326979,0 days 00:00:03.397942,19.533207475612095,98.20556542452822,48.50346506740533,-67.23571222138467,42.549044640147514,67.1984990469678,70.75758886172113,43.8243640001306,14.476165087343936,88.60939902736705,84.74598111350699,13.508474973530266,-45.75735645844907,23.82380519398119,21.034674541580856,75.17022836799022,34.0789669638498,27.29886993722087,Unattained target,GPSampler,,PRUNED
524,524,11.311350563214212,2026-04-14 14:20:44.493535,2026-04-14 14:20:48.228826,0 days 00:00:03.735291,19.533207475612095,98.20556542452822,48.50346506740533,-67.23571222138467,42.549044640147514,67.1984990469678,70.75758886172113,43.8243640001306,14.476165087343936,88.60939902736705,84.74598111350699,13.508474973530266,-45.75735645844907,23.82380519398119,21.034674541580856,75.17022836799022,34.0789669638498,27.29886993722087,Unattained target,GPSampler,"{'sLegPt.rL0': 23.82380519398119, 'sLegPt.lL0': 88.60939902736705, 'sLegPt.rL1': 21.034674541580856, 'sLegPt.lL1': 84.74598111350699, 'sLegPt.x1': 34.0789669638498, 'sLegPt.y1': 27.29886993722087, 'sLegPt.rA1': -45.75735645844907, 'sLegPt.rL2': 75.17022836799022, 'sLegPt.lL2': 13.508474973530266, 'lLegPt.rL0': 42.549044640147514, 'lLegPt.lL0': 19.533207475612095, 'lLegPt.rL1': 67.1984990469678, 'lLegPt.lL1': 98.20556542452822, 'lLegPt.x1': 43.8243640001306, 'lLegPt.y1': 14.476165087343936, 'lLegPt.rA1': -67.23571222138467, 'lLegPt.rL2': 70.75758886172113, 'lLegPt.lL2': 48.50346506740533}",PRUNED
525,525,11.311350669308133,2026-04-14 14:20:48.386231,2026-04-14 14:20:52.200033,0 days 00:00:03.813802,19.533207475612095,98.20556542452822,48.50346506740533,-67.23571222138467,42.549044640147514,67.1984990469678,70.75758886172113,43.8243640001306,14.476165087343936,88.60939902736705,84.74598111350699,13.508474973530266,-45.75735645844907,23.82380519398119,21.034674541580856,75.17022836799022,34.0789669638498,27.29886993722087,Unattained target,GPSampler,"{'sLegPt.rL0': 23.82380519398119, 'sLegPt.lL0': 88.60939902736705, 'sLegPt.rL1': 21.034674541580856, 'sLegPt.lL1': 84.74598111350699, 'sLegPt.x1': 34.0789669638498, 'sLegPt.y1': 27.29886993722087, 'sLegPt.rA1': -45.75735645844907, 'sLegPt.rL2': 75.17022836799022, 'sLegPt.lL2': 13.508474973530266, 'lLegPt.rL0': 42.549044640147514, 'lLegPt.lL0': 19.533207475612095, 'lLegPt.rL1': 67.1984990469678, 'lLegPt.lL1': 98.20556542452822, 'lLegPt.x1': 43.8243640001306, 'lLegPt.y1': 14.476165087343936, 'lLegPt.rA1': -67.23571222138467, 'lLegPt.rL2': 70.75758886172113, 'lLegPt.lL2': 48.50346506740533}",PRUNED
526,526,5.5970198260785295,2026-04-14 14:20:52.369096,2026-04-14 14:20:56.461538,0 days 00:00:04.092442,98.13668046538771,49.489474014879136,70.95609736539498,-34.79859075169072,15.199218049193437,50.971504424671835,30.68807065503558,33.174724271547966,24.165758037512013,69.4176528974798,64.18716407517189,31.799005990395205,-33.319680615989206,69.28384327899975,92.97594209469793,26.402682820684564,44.63091986678385,10.853835760984168,Unattained target,GPSampler,,PRUNED
527,527,5.597020024110492,2026-04-14 14:20:56.667418,2026-04-14 14:21:00.993126,0 days 00:00:04.325708,98.13668046538771,49.489474014879136,70.95609736539498,-34.79859075169072,15.199218049193437,50.971504424671835,30.68807065503558,33.174724271547966,24.165758037512013,69.4176528974798,64.18716407517189,31.799005990395205,-33.319680615989206,69.28384327899975,92.97594209469793,26.402682820684564,44.63091986678385,10.853835760984168,Unattained target,GPSampler,"{'sLegPt.rL0': 69.28384327899975, 'sLegPt.lL0': 69.4176528974798, 'sLegPt.rL1': 92.97594209469793, 'sLegPt.lL1': 64.18716407517189, 'sLegPt.x1': 44.63091986678385, 'sLegPt.y1': 10.853835760984168, 'sLegPt.rA1': -33.319680615989206, 'sLegPt.rL2': 26.402682820684564, 'sLegPt.lL2': 31.799005990395205, 'lLegPt.rL0': 15.199218049193437, 'lLegPt.lL0': 98.13668046538771, 'lLegPt.rL1': 50.971504424671835, 'lLegPt.lL1': 49.489474014879136, 'lLegPt.x1': 33.174724271547966, 'lLegPt.y1': 24.165758037512013, 'lLegPt.rA1': -34.79859075169072, 'lLegPt.rL2': 30.68807065503558, 'lLegPt.lL2': 70.95609736539498}",PRUNED
528,528,5.597019636987518,2026-04-14 14:21:01.167595,2026-04-14 14:21:05.878979,0 days 00:00:04.711384,98.13668046538771,49.489474014879136,70.95609736539498,-34.79859075169072,15.199218049193437,50.971504424671835,30.68807065503558,33.174724271547966,24.165758037512013,69.4176528974798,64.18716407517189,31.799005990395205,-33.319680615989206,69.28384327899975,92.97594209469793,26.402682820684564,44.63091986678385,10.853835760984168,Unattained target,GPSampler,"{'sLegPt.rL0': 69.28384327899975, 'sLegPt.lL0': 69.4176528974798, 'sLegPt.rL1': 92.97594209469793, 'sLegPt.lL1': 64.18716407517189, 'sLegPt.x1': 44.63091986678385, 'sLegPt.y1': 10.853835760984168, 'sLegPt.rA1': -33.319680615989206, 'sLegPt.rL2': 26.402682820684564, 'sLegPt.lL2': 31.799005990395205, 'lLegPt.rL0': 15.199218049193437, 'lLegPt.lL0': 98.13668046538771, 'lLegPt.rL1': 50.971504424671835, 'lLegPt.lL1': 49.489474014879136, 'lLegPt.x1': 33.174724271547966, 'lLegPt.y1': 24.165758037512013, 'lLegPt.rA1': -34.79859075169072, 'lLegPt.rL2': 30.68807065503558, 'lLegPt.lL2': 70.95609736539498}",PRUNED
529,529,5.118838866180781,2026-04-14 14:21:06.032018,2026-04-14 14:21:10.450284,0 days 00:00:04.418266,89.65751359244862,13.426451275994536,86.4780438169836,-53.80840210011549,49.70642118929799,87.66555520841024,60.80875567800706,38.56775955694353,25.760123388733295,92.72082853960164,92.9755290519867,36.86744728451395,-56.36797747696116,34.05963935888223,43.27135436112894,23.147872873364314,49.44901485434612,14.26032546758331,Unattained target,GPSampler,,PRUNED
