,number,value,datetime_start,datetime_complete,duration,params_lLegPt.lL0,params_lLegPt.lL1,params_lLegPt.lL2,params_lLegPt.rA1,params_lLegPt.rL0,params_lLegPt.rL1,params_lLegPt.rL2,params_lLegPt.x1,params_lLegPt.y1,params_sLegPt.lL0,params_sLegPt.lL1,params_sLegPt.lL2,params_sLegPt.rA1,params_sLegPt.rL0,params_sLegPt.rL1,params_sLegPt.rL2,params_sLegPt.x1,params_sLegPt.y1,user_attrs_prune,system_attrs_auto:sampler,system_attrs_fixed_params,state
578,578,13.194822341776295,2026-04-14 14:25:25.082714,2026-04-14 14:25:28.897916,0 days 00:00:03.815202,80.07538757763068,51.8243196165206,85.82355654038459,-56.383626541490756,44.07464825512521,74.48930369402127,23.915459571027675,39.42633422045426,18.38763429086162,19.03842377153398,14.107718337686062,47.768358598720575,-26.150243164948492,88.7749962721524,18.33693520122212,76.54184020438996,32.255035626969054,27.37518554341711,Unattained target,GPSampler,"{'sLegPt.rL0': 88.7749962721524, 'sLegPt.lL0': 19.03842377153398, 'sLegPt.rL1': 18.33693520122212, 'sLegPt.lL1': 14.107718337686062, 'sLegPt.x1': 32.255035626969054, 'sLegPt.y1': 27.37518554341711, 'sLegPt.rA1': -26.150243164948492, 'sLegPt.rL2': 76.54184020438996, 'sLegPt.lL2': 47.768358598720575, 'lLegPt.rL0': 44.07464825512521, 'lLegPt.lL0': 80.07538757763068, 'lLegPt.rL1': 74.48930369402127, 'lLegPt.lL1': 51.8243196165206, 'lLegPt.x1': 39.42633422045426, 'lLegPt.y1': 18.38763429086162, 'lLegPt.rA1': -56.383626541490756, 'lLegPt.rL2': 23.915459571027675, 'lLegPt.lL2': 85.82355654038459}",PRUNED
579,579,13.194822817161018,2026-04-14 14:25:29.083015,2026-04-14 14:25:33.271575,0 days 00:00:04.188560,80.07538757763068,51.8243196165206,85.82355654038459,-56.383626541490756,44.07464825512521,74.48930369402127,23.915459571027675,39.42633422045426,18.38763429086162,19.03842377153398,14.107718337686062,47.768358598720575,-26.150243164948492,88.7749962721524,18.33693520122212,76.54184020438996,32.255035626969054,27.37518554341711,Unattained target,GPSampler,"{'sLegPt.rL0': 88.7749962721524, 'sLegPt.lL0': 19.03842377153398, 'sLegPt.rL1': 18.33693520122212, 'sLegPt.lL1': 14.107718337686062, 'sLegPt.x1': 32.255035626969054, 'sLegPt.y1': 27.37518554341711, 'sLegPt.rA1': -26.150243164948492, 'sLegPt.rL2': 76.54184020438996, 'sLegPt.lL2': 47.768358598720575, 'lLegPt.rL0': 44.07464825512521, 'lLegPt.lL0': 80.07538757763068, 'lLegPt.rL1': 74.48930369402127, 'lLegPt.lL1': 51.8243196165206, 'lLegPt.x1': 39.42633422045426, 'lLegPt.y1': 18.38763429086162, 'lLegPt.rA1': -56.383626541490756, 'lLegPt.rL2': 23.915459571027675, 'lLegPt.lL2': 85.82355654038459}",PRUNED
580,580,5.31727651473782,2026-04-14 14:25:33.449094,2026-04-14 14:25:37.613148,0 days 00:00:04.164054,50.40074971970859,84.88038442512976,19.88815348652546,-66.58557089579855,57.888224970882526,57.39930031789625,82.1146822950484,47.12810667840878,29.62948509839694,75.66456158821687,47.78539334597195,56.75499970551503,-77.87762081211751,43.8010894576242,68.409942628925,67.20059868333551,48.644123410587305,21.251215958061582,Unattained target,GPSampler,,PRUNED
581,581,5.3172765254771015,2026-04-14 14:25:37.792408,2026-04-14 14:25:41.745675,0 days 00:00:03.953267,50.40074971970859,84.88038442512976,19.88815348652546,-66.58557089579855,57.888224970882526,57.39930031789625,82.1146822950484,47.12810667840878,29.62948509839694,75.66456158821687,47.78539334597195,56.75499970551503,-77.87762081211751,43.8010894576242,68.409942628925,67.20059868333551,48.644123410587305,21.251215958061582,Unattained target,GPSampler,"{'sLegPt.rL0': 43.8010894576242, 'sLegPt.lL0': 75.66456158821687, 'sLegPt.rL1': 68.409942628925, 'sLegPt.lL1': 47.78539334597195, 'sLegPt.x1': 48.644123410587305, 'sLegPt.y1': 21.251215958061582, 'sLegPt.rA1': -77.87762081211751, 'sLegPt.rL2': 67.20059868333551, 'sLegPt.lL2': 56.75499970551503, 'lLegPt.rL0': 57.888224970882526, 'lLegPt.lL0': 50.40074971970859, 'lLegPt.rL1': 57.39930031789625, 'lLegPt.lL1': 84.88038442512976, 'lLegPt.x1': 47.12810667840878, 'lLegPt.y1': 29.62948509839694, 'lLegPt.rA1': -66.58557089579855, 'lLegPt.rL2': 82.1146822950484, 'lLegPt.lL2': 19.88815348652546}",PRUNED
582,582,5.317276536360868,2026-04-14 14:25:41.963130,2026-04-14 14:25:45.916826,0 days 00:00:03.953696,50.40074971970859,84.88038442512976,19.88815348652546,-66.58557089579855,57.888224970882526,57.39930031789625,82.1146822950484,47.12810667840878,29.62948509839694,75.66456158821687,47.78539334597195,56.75499970551503,-77.87762081211751,43.8010894576242,68.409942628925,67.20059868333551,48.644123410587305,21.251215958061582,Unattained target,GPSampler,"{'sLegPt.rL0': 43.8010894576242, 'sLegPt.lL0': 75.66456158821687, 'sLegPt.rL1': 68.409942628925, 'sLegPt.lL1': 47.78539334597195, 'sLegPt.x1': 48.644123410587305, 'sLegPt.y1': 21.251215958061582, 'sLegPt.rA1': -77.87762081211751, 'sLegPt.rL2': 67.20059868333551, 'sLegPt.lL2': 56.75499970551503, 'lLegPt.rL0': 57.888224970882526, 'lLegPt.lL0': 50.40074971970859, 'lLegPt.rL1': 57.39930031789625, 'lLegPt.lL1': 84.88038442512976, 'lLegPt.x1': 47.12810667840878, 'lLegPt.y1': 29.62948509839694, 'lLegPt.rA1': -66.58557089579855, 'lLegPt.rL2': 82.1146822950484, 'lLegPt.lL2': 19.88815348652546}",PRUNED
583,583,6.139864690223206,2026-04-14 14:25:46.102576,2026-04-14 14:25:50.457576,0 days 00:00:04.355000,17.942324090955232,26.637090213220702,78.11077814858083,-58.985936630821506,64.22115727979694,14.631450412937461,81.20415605123665,37.54717655646935,11.138818992346334,95.67803690374377,39.966654086650735,26.354450158657475,-57.494218682609294,56.64207263816848,88.65255593298555,71.9717923947102,42.10534173137687,28.430357224232722,Unattained target,GPSampler,,PRUNED
584,584,6.139870837533195,2026-04-14 14:25:50.657572,2026-04-14 14:25:54.863669,0 days 00:00:04.206097,17.942324090955232,26.637090213220702,78.11077814858083,-58.985936630821506,64.22115727979694,14.631450412937461,81.20415605123665,37.54717655646935,11.138818992346334,95.67803690374377,39.966654086650735,26.354450158657475,-57.494218682609294,56.64207263816848,88.65255593298555,71.9717923947102,42.10534173137687,28.430357224232722,Unattained target,GPSampler,"{'sLegPt.rL0': 56.64207263816848, 'sLegPt.lL0': 95.67803690374377, 'sLegPt.rL1': 88.65255593298555, 'sLegPt.lL1': 39.966654086650735, 'sLegPt.x1': 42.10534173137687, 'sLegPt.y1': 28.430357224232722, 'sLegPt.rA1': -57.494218682609294, 'sLegPt.rL2': 71.9717923947102, 'sLegPt.lL2': 26.354450158657475, 'lLegPt.rL0': 64.22115727979694, 'lLegPt.lL0': 17.942324090955232, 'lLegPt.rL1': 14.631450412937461, 'lLegPt.lL1': 26.637090213220702, 'lLegPt.x1': 37.54717655646935, 'lLegPt.y1': 11.138818992346334, 'lLegPt.rA1': -58.985936630821506, 'lLegPt.rL2': 81.20415605123665, 'lLegPt.lL2': 78.11077814858083}",PRUNED
585,585,6.1398672428925,2026-04-14 14:25:55.077041,2026-04-14 14:25:59.867467,0 days 00:00:04.790426,17.942324090955232,26.637090213220702,78.11077814858083,-58.985936630821506,64.22115727979694,14.631450412937461,81.20415605123665,37.54717655646935,11.138818992346334,95.67803690374377,39.966654086650735,26.354450158657475,-57.494218682609294,56.64207263816848,88.65255593298555,71.9717923947102,42.10534173137687,28.430357224232722,Unattained target,GPSampler,"{'sLegPt.rL0': 56.64207263816848, 'sLegPt.lL0': 95.67803690374377, 'sLegPt.rL1': 88.65255593298555, 'sLegPt.lL1': 39.966654086650735, 'sLegPt.x1': 42.10534173137687, 'sLegPt.y1': 28.430357224232722, 'sLegPt.rA1': -57.494218682609294, 'sLegPt.rL2': 71.9717923947102, 'sLegPt.lL2': 26.354450158657475, 'lLegPt.rL0': 64.22115727979694, 'lLegPt.lL0': 17.942324090955232, 'lLegPt.rL1': 14.631450412937461, 'lLegPt.lL1': 26.637090213220702, 'lLegPt.x1': 37.54717655646935, 'lLegPt.y1': 11.138818992346334, 'lLegPt.rA1': -58.985936630821506, 'lLegPt.rL2': 81.20415605123665, 'lLegPt.lL2': 78.11077814858083}",PRUNED
586,586,7.058920262067982,2026-04-14 14:26:00.046178,2026-04-14 14:26:04.470978,0 days 00:00:04.424800,79.15575080422154,46.08567172148428,25.617485237031378,-64.7688984766206,91.94650785851256,63.647368881796474,42.701023456911145,46.60866457470749,21.57611081183544,77.51498406588685,60.41289734516075,65.26666717226006,-51.72936066982521,21.26486285121291,74.87096157496843,71.6568979929462,41.41169229217506,11.204678013065646,Unattained target,GPSampler,,PRUNED
587,587,7.058920346651785,2026-04-14 14:26:04.668305,2026-04-14 14:26:08.719541,0 days 00:00:04.051236,79.15575080422154,46.08567172148428,25.617485237031378,-64.7688984766206,91.94650785851256,63.647368881796474,42.701023456911145,46.60866457470749,21.57611081183544,77.51498406588685,60.41289734516075,65.26666717226006,-51.72936066982521,21.26486285121291,74.87096157496843,71.6568979929462,41.41169229217506,11.204678013065646,Unattained target,GPSampler,"{'sLegPt.rL0': 21.26486285121291, 'sLegPt.lL0': 77.51498406588685, 'sLegPt.rL1': 74.87096157496843, 'sLegPt.lL1': 60.41289734516075, 'sLegPt.x1': 41.41169229217506, 'sLegPt.y1': 11.204678013065646, 'sLegPt.rA1': -51.72936066982521, 'sLegPt.rL2': 71.6568979929462, 'sLegPt.lL2': 65.26666717226006, 'lLegPt.rL0': 91.94650785851256, 'lLegPt.lL0': 79.15575080422154, 'lLegPt.rL1': 63.647368881796474, 'lLegPt.lL1': 46.08567172148428, 'lLegPt.x1': 46.60866457470749, 'lLegPt.y1': 21.57611081183544, 'lLegPt.rA1': -64.7688984766206, 'lLegPt.rL2': 42.701023456911145, 'lLegPt.lL2': 25.617485237031378}",PRUNED
588,588,7.058920314039209,2026-04-14 14:26:08.904109,2026-04-14 14:26:12.797992,0 days 00:00:03.893883,79.15575080422154,46.08567172148428,25.617485237031378,-64.7688984766206,91.94650785851256,63.647368881796474,42.701023456911145,46.60866457470749,21.57611081183544,77.51498406588685,60.41289734516075,65.26666717226006,-51.72936066982521,21.26486285121291,74.87096157496843,71.6568979929462,41.41169229217506,11.204678013065646,Unattained target,GPSampler,"{'sLegPt.rL0': 21.26486285121291, 'sLegPt.lL0': 77.51498406588685, 'sLegPt.rL1': 74.87096157496843, 'sLegPt.lL1': 60.41289734516075, 'sLegPt.x1': 41.41169229217506, 'sLegPt.y1': 11.204678013065646, 'sLegPt.rA1': -51.72936066982521, 'sLegPt.rL2': 71.6568979929462, 'sLegPt.lL2': 65.26666717226006, 'lLegPt.rL0': 91.94650785851256, 'lLegPt.lL0': 79.15575080422154, 'lLegPt.rL1': 63.647368881796474, 'lLegPt.lL1': 46.08567172148428, 'lLegPt.x1': 46.60866457470749, 'lLegPt.y1': 21.57611081183544, 'lLegPt.rA1': -64.7688984766206, 'lLegPt.rL2': 42.701023456911145, 'lLegPt.lL2': 25.617485237031378}",PRUNED
589,589,5.025596870625961,2026-04-14 14:26:12.971696,2026-04-14 14:26:16.855095,0 days 00:00:03.883399,23.319357339183497,47.883371155900285,14.403588059087024,-46.899826333749054,71.58597898123344,19.815659452394023,57.661036865069654,46.09549015105175,22.026872616087743,43.62566208387314,33.66550882636639,37.68995470279006,-40.95880038601798,26.790834708250493,47.58512047426071,31.18628223572098,47.2555094960008,29.840591452702125,Unattained target,GPSampler,,PRUNED
590,590,5.025596819368118,2026-04-14 14:26:17.040104,2026-04-14 14:26:21.134665,0 days 00:00:04.094561,23.319357339183497,47.883371155900285,14.403588059087024,-46.899826333749054,71.58597898123344,19.815659452394023,57.661036865069654,46.09549015105175,22.026872616087743,43.62566208387314,33.66550882636639,37.68995470279006,-40.95880038601798,26.790834708250493,47.58512047426071,31.18628223572098,47.2555094960008,29.840591452702125,Unattained target,GPSampler,"{'sLegPt.rL0': 26.790834708250493, 'sLegPt.lL0': 43.62566208387314, 'sLegPt.rL1': 47.58512047426071, 'sLegPt.lL1': 33.66550882636639, 'sLegPt.x1': 47.2555094960008, 'sLegPt.y1': 29.840591452702125, 'sLegPt.rA1': -40.95880038601798, 'sLegPt.rL2': 31.18628223572098, 'sLegPt.lL2': 37.68995470279006, 'lLegPt.rL0': 71.58597898123344, 'lLegPt.lL0': 23.319357339183497, 'lLegPt.rL1': 19.815659452394023, 'lLegPt.lL1': 47.883371155900285, 'lLegPt.x1': 46.09549015105175, 'lLegPt.y1': 22.026872616087743, 'lLegPt.rA1': -46.899826333749054, 'lLegPt.rL2': 57.661036865069654, 'lLegPt.lL2': 14.403588059087024}",PRUNED
591,591,5.025596786129878,2026-04-14 14:26:21.326231,2026-04-14 14:26:25.674455,0 days 00:00:04.348224,23.319357339183497,47.883371155900285,14.403588059087024,-46.899826333749054,71.58597898123344,19.815659452394023,57.661036865069654,46.09549015105175,22.026872616087743,43.62566208387314,33.66550882636639,37.68995470279006,-40.95880038601798,26.790834708250493,47.58512047426071,31.18628223572098,47.2555094960008,29.840591452702125,Unattained target,GPSampler,"{'sLegPt.rL0': 26.790834708250493, 'sLegPt.lL0': 43.62566208387314, 'sLegPt.rL1': 47.58512047426071, 'sLegPt.lL1': 33.66550882636639, 'sLegPt.x1': 47.2555094960008, 'sLegPt.y1': 29.840591452702125, 'sLegPt.rA1': -40.95880038601798, 'sLegPt.rL2': 31.18628223572098, 'sLegPt.lL2': 37.68995470279006, 'lLegPt.rL0': 71.58597898123344, 'lLegPt.lL0': 23.319357339183497, 'lLegPt.rL1': 19.815659452394023, 'lLegPt.lL1': 47.883371155900285, 'lLegPt.x1': 46.09549015105175, 'lLegPt.y1': 22.026872616087743, 'lLegPt.rA1': -46.899826333749054, 'lLegPt.rL2': 57.661036865069654, 'lLegPt.lL2': 14.403588059087024}",PRUNED
592,592,24.72411647461854,2026-04-14 14:26:25.868476,2026-04-14 14:26:29.598205,0 days 00:00:03.729729,75.32542161205542,91.00798804765303,46.530863670769676,-38.44436563169721,23.0615378648014,88.28590558493042,28.274710811803818,32.83376828935449,14.459370582317746,62.2641834898613,43.395912401254705,43.3651110820938,-58.70476690796626,71.37886004050884,27.54910668723159,67.60388985395656,36.268436717687315,16.24978414414548,Unattained target,GPSampler,,PRUNED
593,593,24.724117522223978,2026-04-14 14:26:29.784989,2026-04-14 14:26:33.752249,0 days 00:00:03.967260,75.32542161205542,91.00798804765303,46.530863670769676,-38.44436563169721,23.0615378648014,88.28590558493042,28.274710811803818,32.83376828935449,14.459370582317746,62.2641834898613,43.395912401254705,43.3651110820938,-58.70476690796626,71.37886004050884,27.54910668723159,67.60388985395656,36.268436717687315,16.24978414414548,Unattained target,GPSampler,"{'sLegPt.rL0': 71.37886004050884, 'sLegPt.lL0': 62.2641834898613, 'sLegPt.rL1': 27.54910668723159, 'sLegPt.lL1': 43.395912401254705, 'sLegPt.x1': 36.268436717687315, 'sLegPt.y1': 16.24978414414548, 'sLegPt.rA1': -58.70476690796626, 'sLegPt.rL2': 67.60388985395656, 'sLegPt.lL2': 43.3651110820938, 'lLegPt.rL0': 23.0615378648014, 'lLegPt.lL0': 75.32542161205542, 'lLegPt.rL1': 88.28590558493042, 'lLegPt.lL1': 91.00798804765303, 'lLegPt.x1': 32.83376828935449, 'lLegPt.y1': 14.459370582317746, 'lLegPt.rA1': -38.44436563169721, 'lLegPt.rL2': 28.274710811803818, 'lLegPt.lL2': 46.530863670769676}",PRUNED
594,594,24.724117362131118,2026-04-14 14:26:33.938987,2026-04-14 14:26:38.384833,0 days 00:00:04.445846,75.32542161205542,91.00798804765303,46.530863670769676,-38.44436563169721,23.0615378648014,88.28590558493042,28.274710811803818,32.83376828935449,14.459370582317746,62.2641834898613,43.395912401254705,43.3651110820938,-58.70476690796626,71.37886004050884,27.54910668723159,67.60388985395656,36.268436717687315,16.24978414414548,Unattained target,GPSampler,"{'sLegPt.rL0': 71.37886004050884, 'sLegPt.lL0': 62.2641834898613, 'sLegPt.rL1': 27.54910668723159, 'sLegPt.lL1': 43.395912401254705, 'sLegPt.x1': 36.268436717687315, 'sLegPt.y1': 16.24978414414548, 'sLegPt.rA1': -58.70476690796626, 'sLegPt.rL2': 67.60388985395656, 'sLegPt.lL2': 43.3651110820938, 'lLegPt.rL0': 23.0615378648014, 'lLegPt.lL0': 75.32542161205542, 'lLegPt.rL1': 88.28590558493042, 'lLegPt.lL1': 91.00798804765303, 'lLegPt.x1': 32.83376828935449, 'lLegPt.y1': 14.459370582317746, 'lLegPt.rA1': -38.44436563169721, 'lLegPt.rL2': 28.274710811803818, 'lLegPt.lL2': 46.530863670769676}",PRUNED
595,595,0.10538954454538896,2026-04-14 14:26:38.560004,2026-04-14 14:26:48.961696,0 days 00:00:10.401692,72.32410975991112,94.76523644755207,68.63080083285968,-22.38065818693446,75.80031441631104,43.32317245365053,91.92853836277412,32.2736782310511,13.869596794820112,37.120518445933456,52.0372826881144,32.55398964401535,-73.0764067572643,17.031084515840725,36.1082305849032,60.998102130720966,43.195805967813676,15.727969024895126,,GPSampler,,COMPLETE
596,596,25.081125829585815,2026-04-14 14:26:49.621074,2026-04-14 14:26:53.401716,0 days 00:00:03.780642,70.43396042521081,83.62433398446584,34.44816797147485,-72.94257672690006,50.61902191153322,53.48883306411834,71.04567337027672,41.65032616527396,14.902909133332546,11.461946123081049,98.09266673365404,52.215772645071546,-30.627973578877906,94.43704774356104,22.42256445183171,60.594822683757066,32.24754149331111,14.301394981248986,Unattained target,GPSampler,,PRUNED
597,597,25.081127032473738,2026-04-14 14:26:53.588460,2026-04-14 14:26:57.914910,0 days 00:00:04.326450,70.43396042521081,83.62433398446584,34.44816797147485,-72.94257672690006,50.61902191153322,53.48883306411834,71.04567337027672,41.65032616527396,14.902909133332546,11.461946123081049,98.09266673365404,52.215772645071546,-30.627973578877906,94.43704774356104,22.42256445183171,60.594822683757066,32.24754149331111,14.301394981248986,Unattained target,GPSampler,"{'sLegPt.rL0': 94.43704774356104, 'sLegPt.lL0': 11.461946123081049, 'sLegPt.rL1': 22.42256445183171, 'sLegPt.lL1': 98.09266673365404, 'sLegPt.x1': 32.24754149331111, 'sLegPt.y1': 14.301394981248986, 'sLegPt.rA1': -30.627973578877906, 'sLegPt.rL2': 60.594822683757066, 'sLegPt.lL2': 52.215772645071546, 'lLegPt.rL0': 50.61902191153322, 'lLegPt.lL0': 70.43396042521081, 'lLegPt.rL1': 53.48883306411834, 'lLegPt.lL1': 83.62433398446584, 'lLegPt.x1': 41.65032616527396, 'lLegPt.y1': 14.902909133332546, 'lLegPt.rA1': -72.94257672690006, 'lLegPt.rL2': 71.04567337027672, 'lLegPt.lL2': 34.44816797147485}",PRUNED
598,598,25.081126003143368,2026-04-14 14:26:58.109105,2026-04-14 14:27:02.322254,0 days 00:00:04.213149,70.43396042521081,83.62433398446584,34.44816797147485,-72.94257672690006,50.61902191153322,53.48883306411834,71.04567337027672,41.65032616527396,14.902909133332546,11.461946123081049,98.09266673365404,52.215772645071546,-30.627973578877906,94.43704774356104,22.42256445183171,60.594822683757066,32.24754149331111,14.301394981248986,Unattained target,GPSampler,"{'sLegPt.rL0': 94.43704774356104, 'sLegPt.lL0': 11.461946123081049, 'sLegPt.rL1': 22.42256445183171, 'sLegPt.lL1': 98.09266673365404, 'sLegPt.x1': 32.24754149331111, 'sLegPt.y1': 14.301394981248986, 'sLegPt.rA1': -30.627973578877906, 'sLegPt.rL2': 60.594822683757066, 'sLegPt.lL2': 52.215772645071546, 'lLegPt.rL0': 50.61902191153322, 'lLegPt.lL0': 70.43396042521081, 'lLegPt.rL1': 53.48883306411834, 'lLegPt.lL1': 83.62433398446584, 'lLegPt.x1': 41.65032616527396, 'lLegPt.y1': 14.902909133332546, 'lLegPt.rA1': -72.94257672690006, 'lLegPt.rL2': 71.04567337027672, 'lLegPt.lL2': 34.44816797147485}",PRUNED
599,599,15.059285199639625,2026-04-14 14:27:02.497132,2026-04-14 14:27:06.679592,0 days 00:00:04.182460,24.717757278134272,51.15097528055165,30.184169592582624,-63.81921056948512,95.20935213077566,74.63759312077636,21.241734936291316,45.05518712025219,16.734675555761243,71.54179862365865,97.47090633553249,62.62039651151403,-52.453007219425004,72.16348731832889,35.19711895660034,32.09852447683738,36.049019027354454,13.548853132807363,Unattained target,GPSampler,,PRUNED
600,600,15.059285119080158,2026-04-14 14:27:06.850755,2026-04-14 14:27:10.929451,0 days 00:00:04.078696,24.717757278134272,51.15097528055165,30.184169592582624,-63.81921056948512,95.20935213077566,74.63759312077636,21.241734936291316,45.05518712025219,16.734675555761243,71.54179862365865,97.47090633553249,62.62039651151403,-52.453007219425004,72.16348731832889,35.19711895660034,32.09852447683738,36.049019027354454,13.548853132807363,Unattained target,GPSampler,"{'sLegPt.rL0': 72.16348731832889, 'sLegPt.lL0': 71.54179862365865, 'sLegPt.rL1': 35.19711895660034, 'sLegPt.lL1': 97.47090633553249, 'sLegPt.x1': 36.049019027354454, 'sLegPt.y1': 13.548853132807363, 'sLegPt.rA1': -52.453007219425004, 'sLegPt.rL2': 32.09852447683738, 'sLegPt.lL2': 62.62039651151403, 'lLegPt.rL0': 95.20935213077566, 'lLegPt.lL0': 24.717757278134272, 'lLegPt.rL1': 74.63759312077636, 'lLegPt.lL1': 51.15097528055165, 'lLegPt.x1': 45.05518712025219, 'lLegPt.y1': 16.734675555761243, 'lLegPt.rA1': -63.81921056948512, 'lLegPt.rL2': 21.241734936291316, 'lLegPt.lL2': 30.184169592582624}",PRUNED
601,601,15.059285174436454,2026-04-14 14:27:11.119886,2026-04-14 14:27:15.155039,0 days 00:00:04.035153,24.717757278134272,51.15097528055165,30.184169592582624,-63.81921056948512,95.20935213077566,74.63759312077636,21.241734936291316,45.05518712025219,16.734675555761243,71.54179862365865,97.47090633553249,62.62039651151403,-52.453007219425004,72.16348731832889,35.19711895660034,32.09852447683738,36.049019027354454,13.548853132807363,Unattained target,GPSampler,"{'sLegPt.rL0': 72.16348731832889, 'sLegPt.lL0': 71.54179862365865, 'sLegPt.rL1': 35.19711895660034, 'sLegPt.lL1': 97.47090633553249, 'sLegPt.x1': 36.049019027354454, 'sLegPt.y1': 13.548853132807363, 'sLegPt.rA1': -52.453007219425004, 'sLegPt.rL2': 32.09852447683738, 'sLegPt.lL2': 62.62039651151403, 'lLegPt.rL0': 95.20935213077566, 'lLegPt.lL0': 24.717757278134272, 'lLegPt.rL1': 74.63759312077636, 'lLegPt.lL1': 51.15097528055165, 'lLegPt.x1': 45.05518712025219, 'lLegPt.y1': 16.734675555761243, 'lLegPt.rA1': -63.81921056948512, 'lLegPt.rL2': 21.241734936291316, 'lLegPt.lL2': 30.184169592582624}",PRUNED
602,602,7.437536642748647,2026-04-14 14:27:15.358304,2026-04-14 14:27:19.392183,0 days 00:00:04.033879,62.19167946952219,63.406960054212114,44.44461540258921,-76.48724589542698,80.18563364409249,66.07720909818084,44.46866784145403,30.53133961871255,10.530566262587303,31.504214785178053,74.56763759778678,97.04336030307468,-22.822251023552575,60.92768312115031,99.81429901263195,26.96949874420573,33.04436963166382,11.502033096214578,Unattained target,GPSampler,,PRUNED
