,number,value,datetime_start,datetime_complete,duration,params_lLegPt.lL0,params_lLegPt.lL1,params_lLegPt.lL2,params_lLegPt.rA1,params_lLegPt.rL0,params_lLegPt.rL1,params_lLegPt.rL2,params_lLegPt.x1,params_lLegPt.y1,params_sLegPt.lL0,params_sLegPt.lL1,params_sLegPt.lL2,params_sLegPt.rA1,params_sLegPt.rL0,params_sLegPt.rL1,params_sLegPt.rL2,params_sLegPt.x1,params_sLegPt.y1,user_attrs_prune,system_attrs_auto:sampler,system_attrs_fixed_params,state
410,410,5.5835770862234995,2026-04-14 14:11:45.271261,2026-04-14 14:11:55.082813,0 days 00:00:09.811552,46.857932530169876,40.425238786146416,20.41192072019989,-30.342262948912733,45.724675798161435,53.45495603192444,86.48188918738215,36.2318360277193,28.640119725221837,32.415821258701556,38.21236404199304,28.454175292362557,-58.03833640907034,70.78034008821972,11.253273746842948,65.86571410143273,48.280374949939855,12.578185730667046,Unattained target,GPSampler,"{'sLegPt.rL0': 70.78034008821972, 'sLegPt.lL0': 32.415821258701556, 'sLegPt.rL1': 11.253273746842948, 'sLegPt.lL1': 38.21236404199304, 'sLegPt.x1': 48.280374949939855, 'sLegPt.y1': 12.578185730667046, 'sLegPt.rA1': -58.03833640907034, 'sLegPt.rL2': 65.86571410143273, 'sLegPt.lL2': 28.454175292362557, 'lLegPt.rL0': 45.724675798161435, 'lLegPt.lL0': 46.857932530169876, 'lLegPt.rL1': 53.45495603192444, 'lLegPt.lL1': 40.425238786146416, 'lLegPt.x1': 36.2318360277193, 'lLegPt.y1': 28.640119725221837, 'lLegPt.rA1': -30.342262948912733, 'lLegPt.rL2': 86.48188918738215, 'lLegPt.lL2': 20.41192072019989}",PRUNED
411,411,5.5934511856878615,2026-04-14 14:11:55.249479,2026-04-14 14:12:04.808253,0 days 00:00:09.558774,46.857932530169876,40.425238786146416,20.41192072019989,-30.342262948912733,45.724675798161435,53.45495603192444,86.48188918738215,36.2318360277193,28.640119725221837,32.415821258701556,38.21236404199304,28.454175292362557,-58.03833640907034,70.78034008821972,11.253273746842948,65.86571410143273,48.280374949939855,12.578185730667046,Unattained target,GPSampler,"{'sLegPt.rL0': 70.78034008821972, 'sLegPt.lL0': 32.415821258701556, 'sLegPt.rL1': 11.253273746842948, 'sLegPt.lL1': 38.21236404199304, 'sLegPt.x1': 48.280374949939855, 'sLegPt.y1': 12.578185730667046, 'sLegPt.rA1': -58.03833640907034, 'sLegPt.rL2': 65.86571410143273, 'sLegPt.lL2': 28.454175292362557, 'lLegPt.rL0': 45.724675798161435, 'lLegPt.lL0': 46.857932530169876, 'lLegPt.rL1': 53.45495603192444, 'lLegPt.lL1': 40.425238786146416, 'lLegPt.x1': 36.2318360277193, 'lLegPt.y1': 28.640119725221837, 'lLegPt.rA1': -30.342262948912733, 'lLegPt.rL2': 86.48188918738215, 'lLegPt.lL2': 20.41192072019989}",PRUNED
412,412,5.644277706224024,2026-04-14 14:12:05.012366,2026-04-14 14:12:09.368076,0 days 00:00:04.355710,95.1346099609913,48.87439043939468,41.085149601742955,-61.899353680128186,34.236628387834386,26.5059329659771,23.612886218496094,36.189122041897875,13.081750003046784,88.12489684344342,11.551816571601655,99.59798302564208,-54.52958561484657,83.68498913445514,59.710915124029086,36.20977262779813,43.9251876242001,18.13322705337262,Unattained target,GPSampler,,PRUNED
413,413,5.644277738739071,2026-04-14 14:12:09.553284,2026-04-14 14:12:13.662276,0 days 00:00:04.108992,95.1346099609913,48.87439043939468,41.085149601742955,-61.899353680128186,34.236628387834386,26.5059329659771,23.612886218496094,36.189122041897875,13.081750003046784,88.12489684344342,11.551816571601655,99.59798302564208,-54.52958561484657,83.68498913445514,59.710915124029086,36.20977262779813,43.9251876242001,18.13322705337262,Unattained target,GPSampler,"{'sLegPt.rL0': 83.68498913445514, 'sLegPt.lL0': 88.12489684344342, 'sLegPt.rL1': 59.710915124029086, 'sLegPt.lL1': 11.551816571601655, 'sLegPt.x1': 43.9251876242001, 'sLegPt.y1': 18.13322705337262, 'sLegPt.rA1': -54.52958561484657, 'sLegPt.rL2': 36.20977262779813, 'sLegPt.lL2': 99.59798302564208, 'lLegPt.rL0': 34.236628387834386, 'lLegPt.lL0': 95.1346099609913, 'lLegPt.rL1': 26.5059329659771, 'lLegPt.lL1': 48.87439043939468, 'lLegPt.x1': 36.189122041897875, 'lLegPt.y1': 13.081750003046784, 'lLegPt.rA1': -61.899353680128186, 'lLegPt.rL2': 23.612886218496094, 'lLegPt.lL2': 41.085149601742955}",PRUNED
414,414,5.644277838655775,2026-04-14 14:12:13.868448,2026-04-14 14:12:18.114618,0 days 00:00:04.246170,95.1346099609913,48.87439043939468,41.085149601742955,-61.899353680128186,34.236628387834386,26.5059329659771,23.612886218496094,36.189122041897875,13.081750003046784,88.12489684344342,11.551816571601655,99.59798302564208,-54.52958561484657,83.68498913445514,59.710915124029086,36.20977262779813,43.9251876242001,18.13322705337262,Unattained target,GPSampler,"{'sLegPt.rL0': 83.68498913445514, 'sLegPt.lL0': 88.12489684344342, 'sLegPt.rL1': 59.710915124029086, 'sLegPt.lL1': 11.551816571601655, 'sLegPt.x1': 43.9251876242001, 'sLegPt.y1': 18.13322705337262, 'sLegPt.rA1': -54.52958561484657, 'sLegPt.rL2': 36.20977262779813, 'sLegPt.lL2': 99.59798302564208, 'lLegPt.rL0': 34.236628387834386, 'lLegPt.lL0': 95.1346099609913, 'lLegPt.rL1': 26.5059329659771, 'lLegPt.lL1': 48.87439043939468, 'lLegPt.x1': 36.189122041897875, 'lLegPt.y1': 13.081750003046784, 'lLegPt.rA1': -61.899353680128186, 'lLegPt.rL2': 23.612886218496094, 'lLegPt.lL2': 41.085149601742955}",PRUNED
415,415,5.715933932239949,2026-04-14 14:12:18.301205,2026-04-14 14:12:23.386658,0 days 00:00:05.085453,26.142237781090312,78.61818776159664,61.40981267455185,-22.928233728790573,83.48530612102388,74.69535273903932,42.35761916797073,40.62511281146446,13.904479775151533,63.67715405258529,10.430185863518904,56.86181595048628,-60.02403728950277,42.12503641775298,47.09850726964658,39.46026215274176,46.174436199063464,14.907147380612557,Unattained target,GPSampler,,PRUNED
416,416,5.734920935341897,2026-04-14 14:12:23.580625,2026-04-14 14:12:28.816946,0 days 00:00:05.236321,26.142237781090312,78.61818776159664,61.40981267455185,-22.928233728790573,83.48530612102388,74.69535273903932,42.35761916797073,40.62511281146446,13.904479775151533,63.67715405258529,10.430185863518904,56.86181595048628,-60.02403728950277,42.12503641775298,47.09850726964658,39.46026215274176,46.174436199063464,14.907147380612557,Unattained target,GPSampler,"{'sLegPt.rL0': 42.12503641775298, 'sLegPt.lL0': 63.67715405258529, 'sLegPt.rL1': 47.09850726964658, 'sLegPt.lL1': 10.430185863518904, 'sLegPt.x1': 46.174436199063464, 'sLegPt.y1': 14.907147380612557, 'sLegPt.rA1': -60.02403728950277, 'sLegPt.rL2': 39.46026215274176, 'sLegPt.lL2': 56.86181595048628, 'lLegPt.rL0': 83.48530612102388, 'lLegPt.lL0': 26.142237781090312, 'lLegPt.rL1': 74.69535273903932, 'lLegPt.lL1': 78.61818776159664, 'lLegPt.x1': 40.62511281146446, 'lLegPt.y1': 13.904479775151533, 'lLegPt.rA1': -22.928233728790573, 'lLegPt.rL2': 42.35761916797073, 'lLegPt.lL2': 61.40981267455185}",PRUNED
417,417,5.731443331865563,2026-04-14 14:12:29.004463,2026-04-14 14:12:34.362856,0 days 00:00:05.358393,26.142237781090312,78.61818776159664,61.40981267455185,-22.928233728790573,83.48530612102388,74.69535273903932,42.35761916797073,40.62511281146446,13.904479775151533,63.67715405258529,10.430185863518904,56.86181595048628,-60.02403728950277,42.12503641775298,47.09850726964658,39.46026215274176,46.174436199063464,14.907147380612557,Unattained target,GPSampler,"{'sLegPt.rL0': 42.12503641775298, 'sLegPt.lL0': 63.67715405258529, 'sLegPt.rL1': 47.09850726964658, 'sLegPt.lL1': 10.430185863518904, 'sLegPt.x1': 46.174436199063464, 'sLegPt.y1': 14.907147380612557, 'sLegPt.rA1': -60.02403728950277, 'sLegPt.rL2': 39.46026215274176, 'sLegPt.lL2': 56.86181595048628, 'lLegPt.rL0': 83.48530612102388, 'lLegPt.lL0': 26.142237781090312, 'lLegPt.rL1': 74.69535273903932, 'lLegPt.lL1': 78.61818776159664, 'lLegPt.x1': 40.62511281146446, 'lLegPt.y1': 13.904479775151533, 'lLegPt.rA1': -22.928233728790573, 'lLegPt.rL2': 42.35761916797073, 'lLegPt.lL2': 61.40981267455185}",PRUNED
418,418,7.994650432113794,2026-04-14 14:12:34.557683,2026-04-14 14:12:38.592982,0 days 00:00:04.035299,84.2081062511812,75.23493674896714,53.96513650987413,-72.0701227593494,24.02155202794965,78.39241597598048,19.734989337320556,38.114388860986416,16.23138303920699,35.9819433347882,40.98830621884454,55.30467448178697,-69.380473640368,62.68181938159933,82.98006877797908,24.74242863886039,49.70621975301924,15.494078348170145,Unattained target,GPSampler,,PRUNED
419,419,7.9946504330124775,2026-04-14 14:12:38.799495,2026-04-14 14:12:42.840766,0 days 00:00:04.041271,84.2081062511812,75.23493674896714,53.96513650987413,-72.0701227593494,24.02155202794965,78.39241597598048,19.734989337320556,38.114388860986416,16.23138303920699,35.9819433347882,40.98830621884454,55.30467448178697,-69.380473640368,62.68181938159933,82.98006877797908,24.74242863886039,49.70621975301924,15.494078348170145,Unattained target,GPSampler,"{'sLegPt.rL0': 62.68181938159933, 'sLegPt.lL0': 35.9819433347882, 'sLegPt.rL1': 82.98006877797908, 'sLegPt.lL1': 40.98830621884454, 'sLegPt.x1': 49.70621975301924, 'sLegPt.y1': 15.494078348170145, 'sLegPt.rA1': -69.380473640368, 'sLegPt.rL2': 24.74242863886039, 'sLegPt.lL2': 55.30467448178697, 'lLegPt.rL0': 24.02155202794965, 'lLegPt.lL0': 84.2081062511812, 'lLegPt.rL1': 78.39241597598048, 'lLegPt.lL1': 75.23493674896714, 'lLegPt.x1': 38.114388860986416, 'lLegPt.y1': 16.23138303920699, 'lLegPt.rA1': -72.0701227593494, 'lLegPt.rL2': 19.734989337320556, 'lLegPt.lL2': 53.96513650987413}",PRUNED
420,420,7.994650345861249,2026-04-14 14:12:43.023118,2026-04-14 14:12:47.207861,0 days 00:00:04.184743,84.2081062511812,75.23493674896714,53.96513650987413,-72.0701227593494,24.02155202794965,78.39241597598048,19.734989337320556,38.114388860986416,16.23138303920699,35.9819433347882,40.98830621884454,55.30467448178697,-69.380473640368,62.68181938159933,82.98006877797908,24.74242863886039,49.70621975301924,15.494078348170145,Unattained target,GPSampler,"{'sLegPt.rL0': 62.68181938159933, 'sLegPt.lL0': 35.9819433347882, 'sLegPt.rL1': 82.98006877797908, 'sLegPt.lL1': 40.98830621884454, 'sLegPt.x1': 49.70621975301924, 'sLegPt.y1': 15.494078348170145, 'sLegPt.rA1': -69.380473640368, 'sLegPt.rL2': 24.74242863886039, 'sLegPt.lL2': 55.30467448178697, 'lLegPt.rL0': 24.02155202794965, 'lLegPt.lL0': 84.2081062511812, 'lLegPt.rL1': 78.39241597598048, 'lLegPt.lL1': 75.23493674896714, 'lLegPt.x1': 38.114388860986416, 'lLegPt.y1': 16.23138303920699, 'lLegPt.rA1': -72.0701227593494, 'lLegPt.rL2': 19.734989337320556, 'lLegPt.lL2': 53.96513650987413}",PRUNED
421,421,5.428848466169107,2026-04-14 14:12:47.377620,2026-04-14 14:12:54.505765,0 days 00:00:07.128145,95.30437220718521,20.184427953279886,45.993114190657145,-45.38545759561647,20.75840595842257,28.236836134708433,82.47450747871689,33.27660416473276,25.92302974804168,75.36498573208976,44.41988683632783,15.212427258725043,-39.00510527641593,42.118888694194375,56.54556230031711,31.672032770123447,49.36143326204321,24.774344549533605,Unattained target,GPSampler,,PRUNED
422,422,5.4288478510963785,2026-04-14 14:12:54.688093,2026-04-14 14:13:02.358807,0 days 00:00:07.670714,95.30437220718521,20.184427953279886,45.993114190657145,-45.38545759561647,20.75840595842257,28.236836134708433,82.47450747871689,33.27660416473276,25.92302974804168,75.36498573208976,44.41988683632783,15.212427258725043,-39.00510527641593,42.118888694194375,56.54556230031711,31.672032770123447,49.36143326204321,24.774344549533605,Unattained target,GPSampler,"{'sLegPt.rL0': 42.118888694194375, 'sLegPt.lL0': 75.36498573208976, 'sLegPt.rL1': 56.54556230031711, 'sLegPt.lL1': 44.41988683632783, 'sLegPt.x1': 49.36143326204321, 'sLegPt.y1': 24.774344549533605, 'sLegPt.rA1': -39.00510527641593, 'sLegPt.rL2': 31.672032770123447, 'sLegPt.lL2': 15.212427258725043, 'lLegPt.rL0': 20.75840595842257, 'lLegPt.lL0': 95.30437220718521, 'lLegPt.rL1': 28.236836134708433, 'lLegPt.lL1': 20.184427953279886, 'lLegPt.x1': 33.27660416473276, 'lLegPt.y1': 25.92302974804168, 'lLegPt.rA1': -45.38545759561647, 'lLegPt.rL2': 82.47450747871689, 'lLegPt.lL2': 45.993114190657145}",PRUNED
423,423,5.428848362887479,2026-04-14 14:13:02.550161,2026-04-14 14:13:09.563272,0 days 00:00:07.013111,95.30437220718521,20.184427953279886,45.993114190657145,-45.38545759561647,20.75840595842257,28.236836134708433,82.47450747871689,33.27660416473276,25.92302974804168,75.36498573208976,44.41988683632783,15.212427258725043,-39.00510527641593,42.118888694194375,56.54556230031711,31.672032770123447,49.36143326204321,24.774344549533605,Unattained target,GPSampler,"{'sLegPt.rL0': 42.118888694194375, 'sLegPt.lL0': 75.36498573208976, 'sLegPt.rL1': 56.54556230031711, 'sLegPt.lL1': 44.41988683632783, 'sLegPt.x1': 49.36143326204321, 'sLegPt.y1': 24.774344549533605, 'sLegPt.rA1': -39.00510527641593, 'sLegPt.rL2': 31.672032770123447, 'sLegPt.lL2': 15.212427258725043, 'lLegPt.rL0': 20.75840595842257, 'lLegPt.lL0': 95.30437220718521, 'lLegPt.rL1': 28.236836134708433, 'lLegPt.lL1': 20.184427953279886, 'lLegPt.x1': 33.27660416473276, 'lLegPt.y1': 25.92302974804168, 'lLegPt.rA1': -45.38545759561647, 'lLegPt.rL2': 82.47450747871689, 'lLegPt.lL2': 45.993114190657145}",PRUNED
424,424,5.386960458242861,2026-04-14 14:13:09.759396,2026-04-14 14:13:14.432026,0 days 00:00:04.672630,56.48813362424847,24.38359199862932,32.37597075793798,-57.61272584215928,83.24692842524621,96.68461218653701,30.04036898610664,36.066940692731535,23.248287501716227,73.15879841870375,57.694389851780144,18.299257165712376,-51.05852585113064,19.979037835480856,23.948612193110087,93.55431999579365,48.51846343160081,23.125178994739983,Unattained target,GPSampler,,PRUNED
425,425,5.386981373334315,2026-04-14 14:13:14.601853,2026-04-14 14:13:19.092997,0 days 00:00:04.491144,56.48813362424847,24.38359199862932,32.37597075793798,-57.61272584215928,83.24692842524621,96.68461218653701,30.04036898610664,36.066940692731535,23.248287501716227,73.15879841870375,57.694389851780144,18.299257165712376,-51.05852585113064,19.979037835480856,23.948612193110087,93.55431999579365,48.51846343160081,23.125178994739983,Unattained target,GPSampler,"{'sLegPt.rL0': 19.979037835480856, 'sLegPt.lL0': 73.15879841870375, 'sLegPt.rL1': 23.948612193110087, 'sLegPt.lL1': 57.694389851780144, 'sLegPt.x1': 48.51846343160081, 'sLegPt.y1': 23.125178994739983, 'sLegPt.rA1': -51.05852585113064, 'sLegPt.rL2': 93.55431999579365, 'sLegPt.lL2': 18.299257165712376, 'lLegPt.rL0': 83.24692842524621, 'lLegPt.lL0': 56.48813362424847, 'lLegPt.rL1': 96.68461218653701, 'lLegPt.lL1': 24.38359199862932, 'lLegPt.x1': 36.066940692731535, 'lLegPt.y1': 23.248287501716227, 'lLegPt.rA1': -57.61272584215928, 'lLegPt.rL2': 30.04036898610664, 'lLegPt.lL2': 32.37597075793798}",PRUNED
426,426,5.386945697835003,2026-04-14 14:13:19.288486,2026-04-14 14:13:24.074045,0 days 00:00:04.785559,56.48813362424847,24.38359199862932,32.37597075793798,-57.61272584215928,83.24692842524621,96.68461218653701,30.04036898610664,36.066940692731535,23.248287501716227,73.15879841870375,57.694389851780144,18.299257165712376,-51.05852585113064,19.979037835480856,23.948612193110087,93.55431999579365,48.51846343160081,23.125178994739983,Unattained target,GPSampler,"{'sLegPt.rL0': 19.979037835480856, 'sLegPt.lL0': 73.15879841870375, 'sLegPt.rL1': 23.948612193110087, 'sLegPt.lL1': 57.694389851780144, 'sLegPt.x1': 48.51846343160081, 'sLegPt.y1': 23.125178994739983, 'sLegPt.rA1': -51.05852585113064, 'sLegPt.rL2': 93.55431999579365, 'sLegPt.lL2': 18.299257165712376, 'lLegPt.rL0': 83.24692842524621, 'lLegPt.lL0': 56.48813362424847, 'lLegPt.rL1': 96.68461218653701, 'lLegPt.lL1': 24.38359199862932, 'lLegPt.x1': 36.066940692731535, 'lLegPt.y1': 23.248287501716227, 'lLegPt.rA1': -57.61272584215928, 'lLegPt.rL2': 30.04036898610664, 'lLegPt.lL2': 32.37597075793798}",PRUNED
427,427,5.3896615912964165,2026-04-14 14:13:24.266687,2026-04-14 14:13:28.477894,0 days 00:00:04.211207,38.47431455546277,15.353269581171572,33.73950924168523,-42.27775397342191,79.63777603870717,28.076382887698113,79.7008576469019,45.49392644619693,21.996868277402086,48.82813999519465,28.947362114694844,22.448912208640518,-78.19760508476034,80.71581635896824,44.45370778260953,45.16943088153418,42.79223315481774,16.868233176189474,Unattained target,GPSampler,,PRUNED
428,428,5.389661563204335,2026-04-14 14:13:28.653207,2026-04-14 14:13:32.546774,0 days 00:00:03.893567,38.47431455546277,15.353269581171572,33.73950924168523,-42.27775397342191,79.63777603870717,28.076382887698113,79.7008576469019,45.49392644619693,21.996868277402086,48.82813999519465,28.947362114694844,22.448912208640518,-78.19760508476034,80.71581635896824,44.45370778260953,45.16943088153418,42.79223315481774,16.868233176189474,Unattained target,GPSampler,"{'sLegPt.rL0': 80.71581635896824, 'sLegPt.lL0': 48.82813999519465, 'sLegPt.rL1': 44.45370778260953, 'sLegPt.lL1': 28.947362114694844, 'sLegPt.x1': 42.79223315481774, 'sLegPt.y1': 16.868233176189474, 'sLegPt.rA1': -78.19760508476034, 'sLegPt.rL2': 45.16943088153418, 'sLegPt.lL2': 22.448912208640518, 'lLegPt.rL0': 79.63777603870717, 'lLegPt.lL0': 38.47431455546277, 'lLegPt.rL1': 28.076382887698113, 'lLegPt.lL1': 15.353269581171572, 'lLegPt.x1': 45.49392644619693, 'lLegPt.y1': 21.996868277402086, 'lLegPt.rA1': -42.27775397342191, 'lLegPt.rL2': 79.7008576469019, 'lLegPt.lL2': 33.73950924168523}",PRUNED
429,429,5.389661571190345,2026-04-14 14:13:32.740721,2026-04-14 14:13:36.985674,0 days 00:00:04.244953,38.47431455546277,15.353269581171572,33.73950924168523,-42.27775397342191,79.63777603870717,28.076382887698113,79.7008576469019,45.49392644619693,21.996868277402086,48.82813999519465,28.947362114694844,22.448912208640518,-78.19760508476034,80.71581635896824,44.45370778260953,45.16943088153418,42.79223315481774,16.868233176189474,Unattained target,GPSampler,"{'sLegPt.rL0': 80.71581635896824, 'sLegPt.lL0': 48.82813999519465, 'sLegPt.rL1': 44.45370778260953, 'sLegPt.lL1': 28.947362114694844, 'sLegPt.x1': 42.79223315481774, 'sLegPt.y1': 16.868233176189474, 'sLegPt.rA1': -78.19760508476034, 'sLegPt.rL2': 45.16943088153418, 'sLegPt.lL2': 22.448912208640518, 'lLegPt.rL0': 79.63777603870717, 'lLegPt.lL0': 38.47431455546277, 'lLegPt.rL1': 28.076382887698113, 'lLegPt.lL1': 15.353269581171572, 'lLegPt.x1': 45.49392644619693, 'lLegPt.y1': 21.996868277402086, 'lLegPt.rA1': -42.27775397342191, 'lLegPt.rL2': 79.7008576469019, 'lLegPt.lL2': 33.73950924168523}",PRUNED
430,430,25.33626455999468,2026-04-14 14:13:37.165988,2026-04-14 14:13:41.024157,0 days 00:00:03.858169,63.01619867231907,73.5637970877501,11.988429373542685,-38.26268772856599,99.42699824602876,89.2655620785704,19.926823129502296,33.199382092417494,28.31443089708332,53.8368312182694,81.77407573095958,53.62910519564576,-65.24187948157771,63.58607885732155,51.74016326893019,62.61676561399059,40.10021884029656,14.844729514301696,Unattained target,GPSampler,,PRUNED
431,431,25.33626462009336,2026-04-14 14:13:41.205990,2026-04-14 14:13:45.056492,0 days 00:00:03.850502,63.01619867231907,73.5637970877501,11.988429373542685,-38.26268772856599,99.42699824602876,89.2655620785704,19.926823129502296,33.199382092417494,28.31443089708332,53.8368312182694,81.77407573095958,53.62910519564576,-65.24187948157771,63.58607885732155,51.74016326893019,62.61676561399059,40.10021884029656,14.844729514301696,Unattained target,GPSampler,"{'sLegPt.rL0': 63.58607885732155, 'sLegPt.lL0': 53.8368312182694, 'sLegPt.rL1': 51.74016326893019, 'sLegPt.lL1': 81.77407573095958, 'sLegPt.x1': 40.10021884029656, 'sLegPt.y1': 14.844729514301696, 'sLegPt.rA1': -65.24187948157771, 'sLegPt.rL2': 62.61676561399059, 'sLegPt.lL2': 53.62910519564576, 'lLegPt.rL0': 99.42699824602876, 'lLegPt.lL0': 63.01619867231907, 'lLegPt.rL1': 89.2655620785704, 'lLegPt.lL1': 73.5637970877501, 'lLegPt.x1': 33.199382092417494, 'lLegPt.y1': 28.31443089708332, 'lLegPt.rA1': -38.26268772856599, 'lLegPt.rL2': 19.926823129502296, 'lLegPt.lL2': 11.988429373542685}",PRUNED
432,432,25.33626477140657,2026-04-14 14:13:45.246859,2026-04-14 14:13:49.304941,0 days 00:00:04.058082,63.01619867231907,73.5637970877501,11.988429373542685,-38.26268772856599,99.42699824602876,89.2655620785704,19.926823129502296,33.199382092417494,28.31443089708332,53.8368312182694,81.77407573095958,53.62910519564576,-65.24187948157771,63.58607885732155,51.74016326893019,62.61676561399059,40.10021884029656,14.844729514301696,Unattained target,GPSampler,"{'sLegPt.rL0': 63.58607885732155, 'sLegPt.lL0': 53.8368312182694, 'sLegPt.rL1': 51.74016326893019, 'sLegPt.lL1': 81.77407573095958, 'sLegPt.x1': 40.10021884029656, 'sLegPt.y1': 14.844729514301696, 'sLegPt.rA1': -65.24187948157771, 'sLegPt.rL2': 62.61676561399059, 'sLegPt.lL2': 53.62910519564576, 'lLegPt.rL0': 99.42699824602876, 'lLegPt.lL0': 63.01619867231907, 'lLegPt.rL1': 89.2655620785704, 'lLegPt.lL1': 73.5637970877501, 'lLegPt.x1': 33.199382092417494, 'lLegPt.y1': 28.31443089708332, 'lLegPt.rA1': -38.26268772856599, 'lLegPt.rL2': 19.926823129502296, 'lLegPt.lL2': 11.988429373542685}",PRUNED
433,433,5.495895421573884,2026-04-14 14:13:49.493280,2026-04-14 14:13:58.091996,0 days 00:00:08.598716,60.69334410408816,21.241848731052528,72.91125327982937,-27.811057140384357,51.21092126369717,14.849407201959185,78.25557059344666,40.89629208821396,22.930008707882777,13.800838709049065,33.39106786759248,10.49411082467111,-53.02268898173902,27.624474398394277,64.11923099583959,30.691055983704,47.8079648313218,27.53400730178668,Unattained target,GPSampler,,PRUNED
