,number,value,datetime_start,datetime_complete,duration,params_lLegPt.lL0,params_lLegPt.lL1,params_lLegPt.lL2,params_lLegPt.rA1,params_lLegPt.rL0,params_lLegPt.rL1,params_lLegPt.rL2,params_lLegPt.x1,params_lLegPt.y1,params_sLegPt.lL0,params_sLegPt.lL1,params_sLegPt.lL2,params_sLegPt.rA1,params_sLegPt.rL0,params_sLegPt.rL1,params_sLegPt.rL2,params_sLegPt.x1,params_sLegPt.y1,user_attrs_prune,system_attrs_auto:sampler,system_attrs_fixed_params,state
266,266,15.214394914297294,2026-04-14 14:00:21.669578,2026-04-14 14:00:25.273469,0 days 00:00:03.603891,40.45721319636912,79.36547046712356,40.96362754298872,-55.02971474624311,92.1986370718346,59.74169932747901,66.99256095224726,49.17429240360431,27.655577949973356,64.74101672961228,86.05818816938337,63.372827052309745,-60.96785543879929,93.48629225519672,62.20833294176392,62.96209476461183,37.0537260760695,10.031400506748433,Unattained target,GPSampler,"{'sLegPt.rL0': 93.48629225519672, 'sLegPt.lL0': 64.74101672961228, 'sLegPt.rL1': 62.20833294176392, 'sLegPt.lL1': 86.05818816938337, 'sLegPt.x1': 37.0537260760695, 'sLegPt.y1': 10.031400506748433, 'sLegPt.rA1': -60.96785543879929, 'sLegPt.rL2': 62.96209476461183, 'sLegPt.lL2': 63.372827052309745, 'lLegPt.rL0': 92.1986370718346, 'lLegPt.lL0': 40.45721319636912, 'lLegPt.rL1': 59.74169932747901, 'lLegPt.lL1': 79.36547046712356, 'lLegPt.x1': 49.17429240360431, 'lLegPt.y1': 27.655577949973356, 'lLegPt.rA1': -55.02971474624311, 'lLegPt.rL2': 66.99256095224726, 'lLegPt.lL2': 40.96362754298872}",PRUNED
267,267,15.214395094189989,2026-04-14 14:00:25.428895,2026-04-14 14:00:29.007181,0 days 00:00:03.578286,40.45721319636912,79.36547046712356,40.96362754298872,-55.02971474624311,92.1986370718346,59.74169932747901,66.99256095224726,49.17429240360431,27.655577949973356,64.74101672961228,86.05818816938337,63.372827052309745,-60.96785543879929,93.48629225519672,62.20833294176392,62.96209476461183,37.0537260760695,10.031400506748433,Unattained target,GPSampler,"{'sLegPt.rL0': 93.48629225519672, 'sLegPt.lL0': 64.74101672961228, 'sLegPt.rL1': 62.20833294176392, 'sLegPt.lL1': 86.05818816938337, 'sLegPt.x1': 37.0537260760695, 'sLegPt.y1': 10.031400506748433, 'sLegPt.rA1': -60.96785543879929, 'sLegPt.rL2': 62.96209476461183, 'sLegPt.lL2': 63.372827052309745, 'lLegPt.rL0': 92.1986370718346, 'lLegPt.lL0': 40.45721319636912, 'lLegPt.rL1': 59.74169932747901, 'lLegPt.lL1': 79.36547046712356, 'lLegPt.x1': 49.17429240360431, 'lLegPt.y1': 27.655577949973356, 'lLegPt.rA1': -55.02971474624311, 'lLegPt.rL2': 66.99256095224726, 'lLegPt.lL2': 40.96362754298872}",PRUNED
268,268,8.346494334105905,2026-04-14 14:00:29.156032,2026-04-14 14:00:32.871253,0 days 00:00:03.715221,28.66726745960866,68.60274752048113,94.3045275881373,-28.702956555272323,70.40878751619894,81.24583367957585,81.52887764707053,46.549039404853396,23.56640826236428,14.021073143353238,78.13601182942362,10.844973171196262,-61.41436294085406,28.48137593252278,65.16309712903764,66.98641369392163,39.40649380443881,18.944045476700765,Unattained target,GPSampler,,PRUNED
269,269,8.34649422606082,2026-04-14 14:00:33.031719,2026-04-14 14:00:36.695698,0 days 00:00:03.663979,28.66726745960866,68.60274752048113,94.3045275881373,-28.702956555272323,70.40878751619894,81.24583367957585,81.52887764707053,46.549039404853396,23.56640826236428,14.021073143353238,78.13601182942362,10.844973171196262,-61.41436294085406,28.48137593252278,65.16309712903764,66.98641369392163,39.40649380443881,18.944045476700765,Unattained target,GPSampler,"{'sLegPt.rL0': 28.48137593252278, 'sLegPt.lL0': 14.021073143353238, 'sLegPt.rL1': 65.16309712903764, 'sLegPt.lL1': 78.13601182942362, 'sLegPt.x1': 39.40649380443881, 'sLegPt.y1': 18.944045476700765, 'sLegPt.rA1': -61.41436294085406, 'sLegPt.rL2': 66.98641369392163, 'sLegPt.lL2': 10.844973171196262, 'lLegPt.rL0': 70.40878751619894, 'lLegPt.lL0': 28.66726745960866, 'lLegPt.rL1': 81.24583367957585, 'lLegPt.lL1': 68.60274752048113, 'lLegPt.x1': 46.549039404853396, 'lLegPt.y1': 23.56640826236428, 'lLegPt.rA1': -28.702956555272323, 'lLegPt.rL2': 81.52887764707053, 'lLegPt.lL2': 94.3045275881373}",PRUNED
270,270,8.346494435792046,2026-04-14 14:00:36.843560,2026-04-14 14:00:40.498314,0 days 00:00:03.654754,28.66726745960866,68.60274752048113,94.3045275881373,-28.702956555272323,70.40878751619894,81.24583367957585,81.52887764707053,46.549039404853396,23.56640826236428,14.021073143353238,78.13601182942362,10.844973171196262,-61.41436294085406,28.48137593252278,65.16309712903764,66.98641369392163,39.40649380443881,18.944045476700765,Unattained target,GPSampler,"{'sLegPt.rL0': 28.48137593252278, 'sLegPt.lL0': 14.021073143353238, 'sLegPt.rL1': 65.16309712903764, 'sLegPt.lL1': 78.13601182942362, 'sLegPt.x1': 39.40649380443881, 'sLegPt.y1': 18.944045476700765, 'sLegPt.rA1': -61.41436294085406, 'sLegPt.rL2': 66.98641369392163, 'sLegPt.lL2': 10.844973171196262, 'lLegPt.rL0': 70.40878751619894, 'lLegPt.lL0': 28.66726745960866, 'lLegPt.rL1': 81.24583367957585, 'lLegPt.lL1': 68.60274752048113, 'lLegPt.x1': 46.549039404853396, 'lLegPt.y1': 23.56640826236428, 'lLegPt.rA1': -28.702956555272323, 'lLegPt.rL2': 81.52887764707053, 'lLegPt.lL2': 94.3045275881373}",PRUNED
271,271,6.607497968182976,2026-04-14 14:00:40.655757,2026-04-14 14:00:44.109513,0 days 00:00:03.453756,38.01108015139222,16.360915496166974,67.10906395129443,-50.85727252018223,65.51640520969673,48.26685297088939,24.39019644358877,37.9121305893984,19.01951817213417,72.87441758059889,59.80895917083307,59.34217108703421,-63.05383356135417,72.20945953718919,57.70615515916409,40.331153065946694,34.91675514982491,23.394357148674672,Unattained target,GPSampler,,PRUNED
272,272,6.6074976471523215,2026-04-14 14:00:44.244473,2026-04-14 14:00:47.892187,0 days 00:00:03.647714,38.01108015139222,16.360915496166974,67.10906395129443,-50.85727252018223,65.51640520969673,48.26685297088939,24.39019644358877,37.9121305893984,19.01951817213417,72.87441758059889,59.80895917083307,59.34217108703421,-63.05383356135417,72.20945953718919,57.70615515916409,40.331153065946694,34.91675514982491,23.394357148674672,Unattained target,GPSampler,"{'sLegPt.rL0': 72.20945953718919, 'sLegPt.lL0': 72.87441758059889, 'sLegPt.rL1': 57.70615515916409, 'sLegPt.lL1': 59.80895917083307, 'sLegPt.x1': 34.91675514982491, 'sLegPt.y1': 23.394357148674672, 'sLegPt.rA1': -63.05383356135417, 'sLegPt.rL2': 40.331153065946694, 'sLegPt.lL2': 59.34217108703421, 'lLegPt.rL0': 65.51640520969673, 'lLegPt.lL0': 38.01108015139222, 'lLegPt.rL1': 48.26685297088939, 'lLegPt.lL1': 16.360915496166974, 'lLegPt.x1': 37.9121305893984, 'lLegPt.y1': 19.01951817213417, 'lLegPt.rA1': -50.85727252018223, 'lLegPt.rL2': 24.39019644358877, 'lLegPt.lL2': 67.10906395129443}",PRUNED
273,273,6.60749772052376,2026-04-14 14:00:48.063400,2026-04-14 14:00:51.680095,0 days 00:00:03.616695,38.01108015139222,16.360915496166974,67.10906395129443,-50.85727252018223,65.51640520969673,48.26685297088939,24.39019644358877,37.9121305893984,19.01951817213417,72.87441758059889,59.80895917083307,59.34217108703421,-63.05383356135417,72.20945953718919,57.70615515916409,40.331153065946694,34.91675514982491,23.394357148674672,Unattained target,GPSampler,"{'sLegPt.rL0': 72.20945953718919, 'sLegPt.lL0': 72.87441758059889, 'sLegPt.rL1': 57.70615515916409, 'sLegPt.lL1': 59.80895917083307, 'sLegPt.x1': 34.91675514982491, 'sLegPt.y1': 23.394357148674672, 'sLegPt.rA1': -63.05383356135417, 'sLegPt.rL2': 40.331153065946694, 'sLegPt.lL2': 59.34217108703421, 'lLegPt.rL0': 65.51640520969673, 'lLegPt.lL0': 38.01108015139222, 'lLegPt.rL1': 48.26685297088939, 'lLegPt.lL1': 16.360915496166974, 'lLegPt.x1': 37.9121305893984, 'lLegPt.y1': 19.01951817213417, 'lLegPt.rA1': -50.85727252018223, 'lLegPt.rL2': 24.39019644358877, 'lLegPt.lL2': 67.10906395129443}",PRUNED
274,274,5.595265168287121,2026-04-14 14:00:51.828816,2026-04-14 14:00:55.235497,0 days 00:00:03.406681,54.329104334622585,89.97480430841244,47.01535125405353,-39.584934524283454,42.950749755643535,60.90427889527238,48.817125924954,41.30765354741748,23.192724565400425,70.39271188293917,95.16134392894824,53.955739634561304,-30.681458245031386,62.803727729904544,58.96510470276387,71.9819059972088,34.43160248389533,10.739889335676146,Unattained target,GPSampler,,PRUNED
275,275,5.595265457847233,2026-04-14 14:00:55.398812,2026-04-14 14:00:59.205532,0 days 00:00:03.806720,54.329104334622585,89.97480430841244,47.01535125405353,-39.584934524283454,42.950749755643535,60.90427889527238,48.817125924954,41.30765354741748,23.192724565400425,70.39271188293917,95.16134392894824,53.955739634561304,-30.681458245031386,62.803727729904544,58.96510470276387,71.9819059972088,34.43160248389533,10.739889335676146,Unattained target,GPSampler,"{'sLegPt.rL0': 62.803727729904544, 'sLegPt.lL0': 70.39271188293917, 'sLegPt.rL1': 58.96510470276387, 'sLegPt.lL1': 95.16134392894824, 'sLegPt.x1': 34.43160248389533, 'sLegPt.y1': 10.739889335676146, 'sLegPt.rA1': -30.681458245031386, 'sLegPt.rL2': 71.9819059972088, 'sLegPt.lL2': 53.955739634561304, 'lLegPt.rL0': 42.950749755643535, 'lLegPt.lL0': 54.329104334622585, 'lLegPt.rL1': 60.90427889527238, 'lLegPt.lL1': 89.97480430841244, 'lLegPt.x1': 41.30765354741748, 'lLegPt.y1': 23.192724565400425, 'lLegPt.rA1': -39.584934524283454, 'lLegPt.rL2': 48.817125924954, 'lLegPt.lL2': 47.01535125405353}",PRUNED
276,276,5.595265332213607,2026-04-14 14:00:59.355497,2026-04-14 14:01:03.021779,0 days 00:00:03.666282,54.329104334622585,89.97480430841244,47.01535125405353,-39.584934524283454,42.950749755643535,60.90427889527238,48.817125924954,41.30765354741748,23.192724565400425,70.39271188293917,95.16134392894824,53.955739634561304,-30.681458245031386,62.803727729904544,58.96510470276387,71.9819059972088,34.43160248389533,10.739889335676146,Unattained target,GPSampler,"{'sLegPt.rL0': 62.803727729904544, 'sLegPt.lL0': 70.39271188293917, 'sLegPt.rL1': 58.96510470276387, 'sLegPt.lL1': 95.16134392894824, 'sLegPt.x1': 34.43160248389533, 'sLegPt.y1': 10.739889335676146, 'sLegPt.rA1': -30.681458245031386, 'sLegPt.rL2': 71.9819059972088, 'sLegPt.lL2': 53.955739634561304, 'lLegPt.rL0': 42.950749755643535, 'lLegPt.lL0': 54.329104334622585, 'lLegPt.rL1': 60.90427889527238, 'lLegPt.lL1': 89.97480430841244, 'lLegPt.x1': 41.30765354741748, 'lLegPt.y1': 23.192724565400425, 'lLegPt.rA1': -39.584934524283454, 'lLegPt.rL2': 48.817125924954, 'lLegPt.lL2': 47.01535125405353}",PRUNED
277,277,11.4331144682575,2026-04-14 14:01:03.179476,2026-04-14 14:01:06.824121,0 days 00:00:03.644645,23.835061598797523,27.489282208298334,70.47786562149506,-36.35831302792085,94.73178288860409,45.882799434882024,75.2469294199754,37.496379099612504,17.795686426263924,54.42129168312133,49.862857247746184,70.60795691179544,-64.10912969587838,67.72521630985196,84.73428931066641,36.97664037091107,32.54953645880856,20.44465139017533,Unattained target,GPSampler,,PRUNED
278,278,11.43311464626779,2026-04-14 14:01:06.969906,2026-04-14 14:01:10.689155,0 days 00:00:03.719249,23.835061598797523,27.489282208298334,70.47786562149506,-36.35831302792085,94.73178288860409,45.882799434882024,75.2469294199754,37.496379099612504,17.795686426263924,54.42129168312133,49.862857247746184,70.60795691179544,-64.10912969587838,67.72521630985196,84.73428931066641,36.97664037091107,32.54953645880856,20.44465139017533,Unattained target,GPSampler,"{'sLegPt.rL0': 67.72521630985196, 'sLegPt.lL0': 54.42129168312133, 'sLegPt.rL1': 84.73428931066641, 'sLegPt.lL1': 49.862857247746184, 'sLegPt.x1': 32.54953645880856, 'sLegPt.y1': 20.44465139017533, 'sLegPt.rA1': -64.10912969587838, 'sLegPt.rL2': 36.97664037091107, 'sLegPt.lL2': 70.60795691179544, 'lLegPt.rL0': 94.73178288860409, 'lLegPt.lL0': 23.835061598797523, 'lLegPt.rL1': 45.882799434882024, 'lLegPt.lL1': 27.489282208298334, 'lLegPt.x1': 37.496379099612504, 'lLegPt.y1': 17.795686426263924, 'lLegPt.rA1': -36.35831302792085, 'lLegPt.rL2': 75.2469294199754, 'lLegPt.lL2': 70.47786562149506}",PRUNED
279,279,11.433114373397181,2026-04-14 14:01:10.839149,2026-04-14 14:01:14.768158,0 days 00:00:03.929009,23.835061598797523,27.489282208298334,70.47786562149506,-36.35831302792085,94.73178288860409,45.882799434882024,75.2469294199754,37.496379099612504,17.795686426263924,54.42129168312133,49.862857247746184,70.60795691179544,-64.10912969587838,67.72521630985196,84.73428931066641,36.97664037091107,32.54953645880856,20.44465139017533,Unattained target,GPSampler,"{'sLegPt.rL0': 67.72521630985196, 'sLegPt.lL0': 54.42129168312133, 'sLegPt.rL1': 84.73428931066641, 'sLegPt.lL1': 49.862857247746184, 'sLegPt.x1': 32.54953645880856, 'sLegPt.y1': 20.44465139017533, 'sLegPt.rA1': -64.10912969587838, 'sLegPt.rL2': 36.97664037091107, 'sLegPt.lL2': 70.60795691179544, 'lLegPt.rL0': 94.73178288860409, 'lLegPt.lL0': 23.835061598797523, 'lLegPt.rL1': 45.882799434882024, 'lLegPt.lL1': 27.489282208298334, 'lLegPt.x1': 37.496379099612504, 'lLegPt.y1': 17.795686426263924, 'lLegPt.rA1': -36.35831302792085, 'lLegPt.rL2': 75.2469294199754, 'lLegPt.lL2': 70.47786562149506}",PRUNED
280,280,19.716893502352782,2026-04-14 14:01:14.908508,2026-04-14 14:01:18.881356,0 days 00:00:03.972848,49.032583403296215,77.54376658427334,99.82905658717848,-53.07116242971409,16.1632590876994,10.047130017249234,87.20730597487395,32.72147185624924,22.336310630646715,30.0240931022352,86.3047791140177,57.80644569968644,-66.78138745058568,66.01239219667434,31.519377542592398,15.170702523851999,47.23919760065057,11.290044522607152,Unattained target,GPSampler,,PRUNED
281,281,19.71689377402795,2026-04-14 14:01:19.038106,2026-04-14 14:01:22.625814,0 days 00:00:03.587708,49.032583403296215,77.54376658427334,99.82905658717848,-53.07116242971409,16.1632590876994,10.047130017249234,87.20730597487395,32.72147185624924,22.336310630646715,30.0240931022352,86.3047791140177,57.80644569968644,-66.78138745058568,66.01239219667434,31.519377542592398,15.170702523851999,47.23919760065057,11.290044522607152,Unattained target,GPSampler,"{'sLegPt.rL0': 66.01239219667434, 'sLegPt.lL0': 30.0240931022352, 'sLegPt.rL1': 31.519377542592398, 'sLegPt.lL1': 86.3047791140177, 'sLegPt.x1': 47.23919760065057, 'sLegPt.y1': 11.290044522607152, 'sLegPt.rA1': -66.78138745058568, 'sLegPt.rL2': 15.170702523851999, 'sLegPt.lL2': 57.80644569968644, 'lLegPt.rL0': 16.1632590876994, 'lLegPt.lL0': 49.032583403296215, 'lLegPt.rL1': 10.047130017249234, 'lLegPt.lL1': 77.54376658427334, 'lLegPt.x1': 32.72147185624924, 'lLegPt.y1': 22.336310630646715, 'lLegPt.rA1': -53.07116242971409, 'lLegPt.rL2': 87.20730597487395, 'lLegPt.lL2': 99.82905658717848}",PRUNED
282,282,19.716893411423563,2026-04-14 14:01:22.777659,2026-04-14 14:01:26.396199,0 days 00:00:03.618540,49.032583403296215,77.54376658427334,99.82905658717848,-53.07116242971409,16.1632590876994,10.047130017249234,87.20730597487395,32.72147185624924,22.336310630646715,30.0240931022352,86.3047791140177,57.80644569968644,-66.78138745058568,66.01239219667434,31.519377542592398,15.170702523851999,47.23919760065057,11.290044522607152,Unattained target,GPSampler,"{'sLegPt.rL0': 66.01239219667434, 'sLegPt.lL0': 30.0240931022352, 'sLegPt.rL1': 31.519377542592398, 'sLegPt.lL1': 86.3047791140177, 'sLegPt.x1': 47.23919760065057, 'sLegPt.y1': 11.290044522607152, 'sLegPt.rA1': -66.78138745058568, 'sLegPt.rL2': 15.170702523851999, 'sLegPt.lL2': 57.80644569968644, 'lLegPt.rL0': 16.1632590876994, 'lLegPt.lL0': 49.032583403296215, 'lLegPt.rL1': 10.047130017249234, 'lLegPt.lL1': 77.54376658427334, 'lLegPt.x1': 32.72147185624924, 'lLegPt.y1': 22.336310630646715, 'lLegPt.rA1': -53.07116242971409, 'lLegPt.rL2': 87.20730597487395, 'lLegPt.lL2': 99.82905658717848}",PRUNED
283,283,6.365086942598726,2026-04-14 14:01:26.546786,2026-04-14 14:01:30.224167,0 days 00:00:03.677381,24.047504815006548,50.70899327009923,32.993348519951795,-41.60865599600249,59.159325814719985,80.44018093522415,80.6389405609732,36.493084421545944,10.536698380247188,15.827644890128454,20.498928171442884,83.65871135616084,-64.74020832293678,30.7832305737483,81.41026806038475,82.15350200059547,45.0713032192714,19.988870430372515,Unattained target,GPSampler,,PRUNED
284,284,6.365086988272246,2026-04-14 14:01:30.366942,2026-04-14 14:01:33.984344,0 days 00:00:03.617402,24.047504815006548,50.70899327009923,32.993348519951795,-41.60865599600249,59.159325814719985,80.44018093522415,80.6389405609732,36.493084421545944,10.536698380247188,15.827644890128454,20.498928171442884,83.65871135616084,-64.74020832293678,30.7832305737483,81.41026806038475,82.15350200059547,45.0713032192714,19.988870430372515,Unattained target,GPSampler,"{'sLegPt.rL0': 30.7832305737483, 'sLegPt.lL0': 15.827644890128454, 'sLegPt.rL1': 81.41026806038475, 'sLegPt.lL1': 20.498928171442884, 'sLegPt.x1': 45.0713032192714, 'sLegPt.y1': 19.988870430372515, 'sLegPt.rA1': -64.74020832293678, 'sLegPt.rL2': 82.15350200059547, 'sLegPt.lL2': 83.65871135616084, 'lLegPt.rL0': 59.159325814719985, 'lLegPt.lL0': 24.047504815006548, 'lLegPt.rL1': 80.44018093522415, 'lLegPt.lL1': 50.70899327009923, 'lLegPt.x1': 36.493084421545944, 'lLegPt.y1': 10.536698380247188, 'lLegPt.rA1': -41.60865599600249, 'lLegPt.rL2': 80.6389405609732, 'lLegPt.lL2': 32.993348519951795}",PRUNED
285,285,6.365086985140458,2026-04-14 14:01:34.140732,2026-04-14 14:01:37.882969,0 days 00:00:03.742237,24.047504815006548,50.70899327009923,32.993348519951795,-41.60865599600249,59.159325814719985,80.44018093522415,80.6389405609732,36.493084421545944,10.536698380247188,15.827644890128454,20.498928171442884,83.65871135616084,-64.74020832293678,30.7832305737483,81.41026806038475,82.15350200059547,45.0713032192714,19.988870430372515,Unattained target,GPSampler,"{'sLegPt.rL0': 30.7832305737483, 'sLegPt.lL0': 15.827644890128454, 'sLegPt.rL1': 81.41026806038475, 'sLegPt.lL1': 20.498928171442884, 'sLegPt.x1': 45.0713032192714, 'sLegPt.y1': 19.988870430372515, 'sLegPt.rA1': -64.74020832293678, 'sLegPt.rL2': 82.15350200059547, 'sLegPt.lL2': 83.65871135616084, 'lLegPt.rL0': 59.159325814719985, 'lLegPt.lL0': 24.047504815006548, 'lLegPt.rL1': 80.44018093522415, 'lLegPt.lL1': 50.70899327009923, 'lLegPt.x1': 36.493084421545944, 'lLegPt.y1': 10.536698380247188, 'lLegPt.rA1': -41.60865599600249, 'lLegPt.rL2': 80.6389405609732, 'lLegPt.lL2': 32.993348519951795}",PRUNED
286,286,5.556692410312294,2026-04-14 14:01:38.026950,2026-04-14 14:01:41.576518,0 days 00:00:03.549568,48.860910382767855,21.15149935986294,38.12944498328723,-69.24599294134546,47.00048231524426,41.419397201953366,31.220904300793524,42.93166524844502,12.005140672421753,19.444773716300837,73.66045616586946,67.96289124613085,-71.87314289598112,92.99181860972818,29.929239943322244,66.6438868511174,30.565880589757583,22.12198891360429,Unattained target,GPSampler,,PRUNED
287,287,5.5566925465061985,2026-04-14 14:01:41.737930,2026-04-14 14:01:45.380643,0 days 00:00:03.642713,48.860910382767855,21.15149935986294,38.12944498328723,-69.24599294134546,47.00048231524426,41.419397201953366,31.220904300793524,42.93166524844502,12.005140672421753,19.444773716300837,73.66045616586946,67.96289124613085,-71.87314289598112,92.99181860972818,29.929239943322244,66.6438868511174,30.565880589757583,22.12198891360429,Unattained target,GPSampler,"{'sLegPt.rL0': 92.99181860972818, 'sLegPt.lL0': 19.444773716300837, 'sLegPt.rL1': 29.929239943322244, 'sLegPt.lL1': 73.66045616586946, 'sLegPt.x1': 30.565880589757583, 'sLegPt.y1': 22.12198891360429, 'sLegPt.rA1': -71.87314289598112, 'sLegPt.rL2': 66.6438868511174, 'sLegPt.lL2': 67.96289124613085, 'lLegPt.rL0': 47.00048231524426, 'lLegPt.lL0': 48.860910382767855, 'lLegPt.rL1': 41.419397201953366, 'lLegPt.lL1': 21.15149935986294, 'lLegPt.x1': 42.93166524844502, 'lLegPt.y1': 12.005140672421753, 'lLegPt.rA1': -69.24599294134546, 'lLegPt.rL2': 31.220904300793524, 'lLegPt.lL2': 38.12944498328723}",PRUNED
288,288,5.556692391368969,2026-04-14 14:01:45.530082,2026-04-14 14:01:49.465188,0 days 00:00:03.935106,48.860910382767855,21.15149935986294,38.12944498328723,-69.24599294134546,47.00048231524426,41.419397201953366,31.220904300793524,42.93166524844502,12.005140672421753,19.444773716300837,73.66045616586946,67.96289124613085,-71.87314289598112,92.99181860972818,29.929239943322244,66.6438868511174,30.565880589757583,22.12198891360429,Unattained target,GPSampler,"{'sLegPt.rL0': 92.99181860972818, 'sLegPt.lL0': 19.444773716300837, 'sLegPt.rL1': 29.929239943322244, 'sLegPt.lL1': 73.66045616586946, 'sLegPt.x1': 30.565880589757583, 'sLegPt.y1': 22.12198891360429, 'sLegPt.rA1': -71.87314289598112, 'sLegPt.rL2': 66.6438868511174, 'sLegPt.lL2': 67.96289124613085, 'lLegPt.rL0': 47.00048231524426, 'lLegPt.lL0': 48.860910382767855, 'lLegPt.rL1': 41.419397201953366, 'lLegPt.lL1': 21.15149935986294, 'lLegPt.x1': 42.93166524844502, 'lLegPt.y1': 12.005140672421753, 'lLegPt.rA1': -69.24599294134546, 'lLegPt.rL2': 31.220904300793524, 'lLegPt.lL2': 38.12944498328723}",PRUNED
289,289,6.559914844268938,2026-04-14 14:01:49.625655,2026-04-14 14:01:53.376455,0 days 00:00:03.750800,95.74762074719196,57.66515690695721,51.1515753227045,-47.94352924857505,90.51369785979242,24.168009750918387,44.59770448274126,32.86429247519341,13.60426408810467,37.44933132843417,25.95519506268875,17.845838835034087,-56.57944002909875,31.209484158644862,91.6473930896666,62.49804083027516,40.10814564005106,26.85576074600988,Unattained target,GPSampler,,PRUNED
