,number,value,datetime_start,datetime_complete,duration,params_lLegPt.lL0,params_lLegPt.lL1,params_lLegPt.lL2,params_lLegPt.rA1,params_lLegPt.rL0,params_lLegPt.rL1,params_lLegPt.rL2,params_lLegPt.x1,params_lLegPt.y1,params_sLegPt.lL0,params_sLegPt.lL1,params_sLegPt.lL2,params_sLegPt.rA1,params_sLegPt.rL0,params_sLegPt.rL1,params_sLegPt.rL2,params_sLegPt.x1,params_sLegPt.y1,user_attrs_prune,system_attrs_auto:sampler,system_attrs_fixed_params,state
482,482,6.878085913970512,2026-04-14 14:17:51.682776,2026-04-14 14:17:55.421286,0 days 00:00:03.738510,14.41619202824373,74.42588393307507,84.56517513469524,-49.3029048653805,60.451966385960105,43.23848639157009,12.345887870530841,46.979210007953306,29.72958833609978,40.10295189663894,71.6764407648979,26.649782754639894,-48.14650991731459,29.61695107609427,92.29605866841045,16.24440552347114,40.32436262653455,18.660932770932043,Unattained target,GPSampler,"{'sLegPt.rL0': 29.61695107609427, 'sLegPt.lL0': 40.10295189663894, 'sLegPt.rL1': 92.29605866841045, 'sLegPt.lL1': 71.6764407648979, 'sLegPt.x1': 40.32436262653455, 'sLegPt.y1': 18.660932770932043, 'sLegPt.rA1': -48.14650991731459, 'sLegPt.rL2': 16.24440552347114, 'sLegPt.lL2': 26.649782754639894, 'lLegPt.rL0': 60.451966385960105, 'lLegPt.lL0': 14.41619202824373, 'lLegPt.rL1': 43.23848639157009, 'lLegPt.lL1': 74.42588393307507, 'lLegPt.x1': 46.979210007953306, 'lLegPt.y1': 29.72958833609978, 'lLegPt.rA1': -49.3029048653805, 'lLegPt.rL2': 12.345887870530841, 'lLegPt.lL2': 84.56517513469524}",PRUNED
483,483,6.87808595949496,2026-04-14 14:17:55.586056,2026-04-14 14:17:59.394015,0 days 00:00:03.807959,14.41619202824373,74.42588393307507,84.56517513469524,-49.3029048653805,60.451966385960105,43.23848639157009,12.345887870530841,46.979210007953306,29.72958833609978,40.10295189663894,71.6764407648979,26.649782754639894,-48.14650991731459,29.61695107609427,92.29605866841045,16.24440552347114,40.32436262653455,18.660932770932043,Unattained target,GPSampler,"{'sLegPt.rL0': 29.61695107609427, 'sLegPt.lL0': 40.10295189663894, 'sLegPt.rL1': 92.29605866841045, 'sLegPt.lL1': 71.6764407648979, 'sLegPt.x1': 40.32436262653455, 'sLegPt.y1': 18.660932770932043, 'sLegPt.rA1': -48.14650991731459, 'sLegPt.rL2': 16.24440552347114, 'sLegPt.lL2': 26.649782754639894, 'lLegPt.rL0': 60.451966385960105, 'lLegPt.lL0': 14.41619202824373, 'lLegPt.rL1': 43.23848639157009, 'lLegPt.lL1': 74.42588393307507, 'lLegPt.x1': 46.979210007953306, 'lLegPt.y1': 29.72958833609978, 'lLegPt.rA1': -49.3029048653805, 'lLegPt.rL2': 12.345887870530841, 'lLegPt.lL2': 84.56517513469524}",PRUNED
484,484,6.55424012683698,2026-04-14 14:17:59.543814,2026-04-14 14:18:03.457438,0 days 00:00:03.913624,19.017508956414122,72.18502061981653,33.11119395289709,-31.056300545914667,55.53775956960784,24.46457764075509,27.805192095002823,35.35636850930643,20.742105060370612,59.16715302608899,74.926154330227,34.22384511773298,-67.17022431315861,91.55458618273376,29.03296427576211,93.49029416261259,34.31482944123243,17.315290975737238,Unattained target,GPSampler,,PRUNED
485,485,6.554240143788359,2026-04-14 14:18:03.629350,2026-04-14 14:18:07.594402,0 days 00:00:03.965052,19.017508956414122,72.18502061981653,33.11119395289709,-31.056300545914667,55.53775956960784,24.46457764075509,27.805192095002823,35.35636850930643,20.742105060370612,59.16715302608899,74.926154330227,34.22384511773298,-67.17022431315861,91.55458618273376,29.03296427576211,93.49029416261259,34.31482944123243,17.315290975737238,Unattained target,GPSampler,"{'sLegPt.rL0': 91.55458618273376, 'sLegPt.lL0': 59.16715302608899, 'sLegPt.rL1': 29.03296427576211, 'sLegPt.lL1': 74.926154330227, 'sLegPt.x1': 34.31482944123243, 'sLegPt.y1': 17.315290975737238, 'sLegPt.rA1': -67.17022431315861, 'sLegPt.rL2': 93.49029416261259, 'sLegPt.lL2': 34.22384511773298, 'lLegPt.rL0': 55.53775956960784, 'lLegPt.lL0': 19.017508956414122, 'lLegPt.rL1': 24.46457764075509, 'lLegPt.lL1': 72.18502061981653, 'lLegPt.x1': 35.35636850930643, 'lLegPt.y1': 20.742105060370612, 'lLegPt.rA1': -31.056300545914667, 'lLegPt.rL2': 27.805192095002823, 'lLegPt.lL2': 33.11119395289709}",PRUNED
486,486,6.554240109695829,2026-04-14 14:18:07.761318,2026-04-14 14:18:11.512360,0 days 00:00:03.751042,19.017508956414122,72.18502061981653,33.11119395289709,-31.056300545914667,55.53775956960784,24.46457764075509,27.805192095002823,35.35636850930643,20.742105060370612,59.16715302608899,74.926154330227,34.22384511773298,-67.17022431315861,91.55458618273376,29.03296427576211,93.49029416261259,34.31482944123243,17.315290975737238,Unattained target,GPSampler,"{'sLegPt.rL0': 91.55458618273376, 'sLegPt.lL0': 59.16715302608899, 'sLegPt.rL1': 29.03296427576211, 'sLegPt.lL1': 74.926154330227, 'sLegPt.x1': 34.31482944123243, 'sLegPt.y1': 17.315290975737238, 'sLegPt.rA1': -67.17022431315861, 'sLegPt.rL2': 93.49029416261259, 'sLegPt.lL2': 34.22384511773298, 'lLegPt.rL0': 55.53775956960784, 'lLegPt.lL0': 19.017508956414122, 'lLegPt.rL1': 24.46457764075509, 'lLegPt.lL1': 72.18502061981653, 'lLegPt.x1': 35.35636850930643, 'lLegPt.y1': 20.742105060370612, 'lLegPt.rA1': -31.056300545914667, 'lLegPt.rL2': 27.805192095002823, 'lLegPt.lL2': 33.11119395289709}",PRUNED
487,487,11.75090458980366,2026-04-14 14:18:11.665162,2026-04-14 14:18:15.282270,0 days 00:00:03.617108,95.30691432896009,62.32987761889883,75.39951503517852,-65.60282514868483,34.02962263476605,67.54533335976666,94.11716652516446,48.323860445545805,21.144277263861674,70.84505616225674,15.081263095402097,17.375035885634276,-29.518082352356352,89.03583856536895,40.047052479764176,45.69057578503324,44.231447560802515,17.070558146860698,Unattained target,GPSampler,,PRUNED
488,488,11.750903833701535,2026-04-14 14:18:15.456562,2026-04-14 14:18:19.156751,0 days 00:00:03.700189,95.30691432896009,62.32987761889883,75.39951503517852,-65.60282514868483,34.02962263476605,67.54533335976666,94.11716652516446,48.323860445545805,21.144277263861674,70.84505616225674,15.081263095402097,17.375035885634276,-29.518082352356352,89.03583856536895,40.047052479764176,45.69057578503324,44.231447560802515,17.070558146860698,Unattained target,GPSampler,"{'sLegPt.rL0': 89.03583856536895, 'sLegPt.lL0': 70.84505616225674, 'sLegPt.rL1': 40.047052479764176, 'sLegPt.lL1': 15.081263095402097, 'sLegPt.x1': 44.231447560802515, 'sLegPt.y1': 17.070558146860698, 'sLegPt.rA1': -29.518082352356352, 'sLegPt.rL2': 45.69057578503324, 'sLegPt.lL2': 17.375035885634276, 'lLegPt.rL0': 34.02962263476605, 'lLegPt.lL0': 95.30691432896009, 'lLegPt.rL1': 67.54533335976666, 'lLegPt.lL1': 62.32987761889883, 'lLegPt.x1': 48.323860445545805, 'lLegPt.y1': 21.144277263861674, 'lLegPt.rA1': -65.60282514868483, 'lLegPt.rL2': 94.11716652516446, 'lLegPt.lL2': 75.39951503517852}",PRUNED
489,489,11.75090403429229,2026-04-14 14:18:19.322945,2026-04-14 14:18:23.023012,0 days 00:00:03.700067,95.30691432896009,62.32987761889883,75.39951503517852,-65.60282514868483,34.02962263476605,67.54533335976666,94.11716652516446,48.323860445545805,21.144277263861674,70.84505616225674,15.081263095402097,17.375035885634276,-29.518082352356352,89.03583856536895,40.047052479764176,45.69057578503324,44.231447560802515,17.070558146860698,Unattained target,GPSampler,"{'sLegPt.rL0': 89.03583856536895, 'sLegPt.lL0': 70.84505616225674, 'sLegPt.rL1': 40.047052479764176, 'sLegPt.lL1': 15.081263095402097, 'sLegPt.x1': 44.231447560802515, 'sLegPt.y1': 17.070558146860698, 'sLegPt.rA1': -29.518082352356352, 'sLegPt.rL2': 45.69057578503324, 'sLegPt.lL2': 17.375035885634276, 'lLegPt.rL0': 34.02962263476605, 'lLegPt.lL0': 95.30691432896009, 'lLegPt.rL1': 67.54533335976666, 'lLegPt.lL1': 62.32987761889883, 'lLegPt.x1': 48.323860445545805, 'lLegPt.y1': 21.144277263861674, 'lLegPt.rA1': -65.60282514868483, 'lLegPt.rL2': 94.11716652516446, 'lLegPt.lL2': 75.39951503517852}",PRUNED
490,490,7.812848659185363,2026-04-14 14:18:23.173910,2026-04-14 14:18:26.654682,0 days 00:00:03.480772,13.912076866677022,58.140217088857426,66.48100532082381,-73.59896985577538,12.093966573067657,96.91858626090682,93.65266407160412,35.084124920730716,27.32558226703667,11.802286141981963,44.300700434229164,87.70682727386563,-44.50721457623972,93.84124400130302,39.849454149718056,19.329687328853577,35.07319191616201,20.014665915576455,Unattained target,GPSampler,,PRUNED
491,491,7.812848619321294,2026-04-14 14:18:26.803416,2026-04-14 14:18:30.462095,0 days 00:00:03.658679,13.912076866677022,58.140217088857426,66.48100532082381,-73.59896985577538,12.093966573067657,96.91858626090682,93.65266407160412,35.084124920730716,27.32558226703667,11.802286141981963,44.300700434229164,87.70682727386563,-44.50721457623972,93.84124400130302,39.849454149718056,19.329687328853577,35.07319191616201,20.014665915576455,Unattained target,GPSampler,"{'sLegPt.rL0': 93.84124400130302, 'sLegPt.lL0': 11.802286141981963, 'sLegPt.rL1': 39.849454149718056, 'sLegPt.lL1': 44.300700434229164, 'sLegPt.x1': 35.07319191616201, 'sLegPt.y1': 20.014665915576455, 'sLegPt.rA1': -44.50721457623972, 'sLegPt.rL2': 19.329687328853577, 'sLegPt.lL2': 87.70682727386563, 'lLegPt.rL0': 12.093966573067657, 'lLegPt.lL0': 13.912076866677022, 'lLegPt.rL1': 96.91858626090682, 'lLegPt.lL1': 58.140217088857426, 'lLegPt.x1': 35.084124920730716, 'lLegPt.y1': 27.32558226703667, 'lLegPt.rA1': -73.59896985577538, 'lLegPt.rL2': 93.65266407160412, 'lLegPt.lL2': 66.48100532082381}",PRUNED
492,492,7.8128486270381,2026-04-14 14:18:30.627719,2026-04-14 14:18:34.385790,0 days 00:00:03.758071,13.912076866677022,58.140217088857426,66.48100532082381,-73.59896985577538,12.093966573067657,96.91858626090682,93.65266407160412,35.084124920730716,27.32558226703667,11.802286141981963,44.300700434229164,87.70682727386563,-44.50721457623972,93.84124400130302,39.849454149718056,19.329687328853577,35.07319191616201,20.014665915576455,Unattained target,GPSampler,"{'sLegPt.rL0': 93.84124400130302, 'sLegPt.lL0': 11.802286141981963, 'sLegPt.rL1': 39.849454149718056, 'sLegPt.lL1': 44.300700434229164, 'sLegPt.x1': 35.07319191616201, 'sLegPt.y1': 20.014665915576455, 'sLegPt.rA1': -44.50721457623972, 'sLegPt.rL2': 19.329687328853577, 'sLegPt.lL2': 87.70682727386563, 'lLegPt.rL0': 12.093966573067657, 'lLegPt.lL0': 13.912076866677022, 'lLegPt.rL1': 96.91858626090682, 'lLegPt.lL1': 58.140217088857426, 'lLegPt.x1': 35.084124920730716, 'lLegPt.y1': 27.32558226703667, 'lLegPt.rA1': -73.59896985577538, 'lLegPt.rL2': 93.65266407160412, 'lLegPt.lL2': 66.48100532082381}",PRUNED
493,493,6.536848258136935,2026-04-14 14:18:34.561188,2026-04-14 14:18:38.259392,0 days 00:00:03.698204,84.97139388732705,92.12423808284338,44.20967325551939,-60.22756841434019,21.8812795563312,75.06944639631058,96.20687686768784,38.9876764634686,12.412288699909826,74.49423225554517,81.80735750084499,57.14926950404232,-33.251643116489916,30.091062887201293,26.600408167189094,61.34371260283472,44.86103279302618,29.267778603735742,Unattained target,GPSampler,,PRUNED
494,494,6.536848142652957,2026-04-14 14:18:38.401917,2026-04-14 14:18:42.037967,0 days 00:00:03.636050,84.97139388732705,92.12423808284338,44.20967325551939,-60.22756841434019,21.8812795563312,75.06944639631058,96.20687686768784,38.9876764634686,12.412288699909826,74.49423225554517,81.80735750084499,57.14926950404232,-33.251643116489916,30.091062887201293,26.600408167189094,61.34371260283472,44.86103279302618,29.267778603735742,Unattained target,GPSampler,"{'sLegPt.rL0': 30.091062887201293, 'sLegPt.lL0': 74.49423225554517, 'sLegPt.rL1': 26.600408167189094, 'sLegPt.lL1': 81.80735750084499, 'sLegPt.x1': 44.86103279302618, 'sLegPt.y1': 29.267778603735742, 'sLegPt.rA1': -33.251643116489916, 'sLegPt.rL2': 61.34371260283472, 'sLegPt.lL2': 57.14926950404232, 'lLegPt.rL0': 21.8812795563312, 'lLegPt.lL0': 84.97139388732705, 'lLegPt.rL1': 75.06944639631058, 'lLegPt.lL1': 92.12423808284338, 'lLegPt.x1': 38.9876764634686, 'lLegPt.y1': 12.412288699909826, 'lLegPt.rA1': -60.22756841434019, 'lLegPt.rL2': 96.20687686768784, 'lLegPt.lL2': 44.20967325551939}",PRUNED
495,495,6.536848282448517,2026-04-14 14:18:42.192938,2026-04-14 14:18:45.975254,0 days 00:00:03.782316,84.97139388732705,92.12423808284338,44.20967325551939,-60.22756841434019,21.8812795563312,75.06944639631058,96.20687686768784,38.9876764634686,12.412288699909826,74.49423225554517,81.80735750084499,57.14926950404232,-33.251643116489916,30.091062887201293,26.600408167189094,61.34371260283472,44.86103279302618,29.267778603735742,Unattained target,GPSampler,"{'sLegPt.rL0': 30.091062887201293, 'sLegPt.lL0': 74.49423225554517, 'sLegPt.rL1': 26.600408167189094, 'sLegPt.lL1': 81.80735750084499, 'sLegPt.x1': 44.86103279302618, 'sLegPt.y1': 29.267778603735742, 'sLegPt.rA1': -33.251643116489916, 'sLegPt.rL2': 61.34371260283472, 'sLegPt.lL2': 57.14926950404232, 'lLegPt.rL0': 21.8812795563312, 'lLegPt.lL0': 84.97139388732705, 'lLegPt.rL1': 75.06944639631058, 'lLegPt.lL1': 92.12423808284338, 'lLegPt.x1': 38.9876764634686, 'lLegPt.y1': 12.412288699909826, 'lLegPt.rA1': -60.22756841434019, 'lLegPt.rL2': 96.20687686768784, 'lLegPt.lL2': 44.20967325551939}",PRUNED
496,496,6.67463792833545,2026-04-14 14:18:46.126540,2026-04-14 14:18:49.965317,0 days 00:00:03.838777,43.732482452176264,85.31852512112455,65.39458830466789,-59.222249470490524,11.022000895288754,33.111673799070445,17.485135649352674,39.36748036813992,15.326261974837097,31.2711770168009,67.35387764611934,20.55033718877631,-73.798707434383,11.874631319318409,47.803544729232954,98.92849839656161,43.141256991111696,17.255381289637512,Unattained target,GPSampler,,PRUNED
497,497,6.674637340871243,2026-04-14 14:18:50.100054,2026-04-14 14:18:53.989429,0 days 00:00:03.889375,43.732482452176264,85.31852512112455,65.39458830466789,-59.222249470490524,11.022000895288754,33.111673799070445,17.485135649352674,39.36748036813992,15.326261974837097,31.2711770168009,67.35387764611934,20.55033718877631,-73.798707434383,11.874631319318409,47.803544729232954,98.92849839656161,43.141256991111696,17.255381289637512,Unattained target,GPSampler,"{'sLegPt.rL0': 11.874631319318409, 'sLegPt.lL0': 31.2711770168009, 'sLegPt.rL1': 47.803544729232954, 'sLegPt.lL1': 67.35387764611934, 'sLegPt.x1': 43.141256991111696, 'sLegPt.y1': 17.255381289637512, 'sLegPt.rA1': -73.798707434383, 'sLegPt.rL2': 98.92849839656161, 'sLegPt.lL2': 20.55033718877631, 'lLegPt.rL0': 11.022000895288754, 'lLegPt.lL0': 43.732482452176264, 'lLegPt.rL1': 33.111673799070445, 'lLegPt.lL1': 85.31852512112455, 'lLegPt.x1': 39.36748036813992, 'lLegPt.y1': 15.326261974837097, 'lLegPt.rA1': -59.222249470490524, 'lLegPt.rL2': 17.485135649352674, 'lLegPt.lL2': 65.39458830466789}",PRUNED
498,498,6.674637497527769,2026-04-14 14:18:54.134011,2026-04-14 14:18:59.679440,0 days 00:00:05.545429,43.732482452176264,85.31852512112455,65.39458830466789,-59.222249470490524,11.022000895288754,33.111673799070445,17.485135649352674,39.36748036813992,15.326261974837097,31.2711770168009,67.35387764611934,20.55033718877631,-73.798707434383,11.874631319318409,47.803544729232954,98.92849839656161,43.141256991111696,17.255381289637512,Unattained target,GPSampler,"{'sLegPt.rL0': 11.874631319318409, 'sLegPt.lL0': 31.2711770168009, 'sLegPt.rL1': 47.803544729232954, 'sLegPt.lL1': 67.35387764611934, 'sLegPt.x1': 43.141256991111696, 'sLegPt.y1': 17.255381289637512, 'sLegPt.rA1': -73.798707434383, 'sLegPt.rL2': 98.92849839656161, 'sLegPt.lL2': 20.55033718877631, 'lLegPt.rL0': 11.022000895288754, 'lLegPt.lL0': 43.732482452176264, 'lLegPt.rL1': 33.111673799070445, 'lLegPt.lL1': 85.31852512112455, 'lLegPt.x1': 39.36748036813992, 'lLegPt.y1': 15.326261974837097, 'lLegPt.rA1': -59.222249470490524, 'lLegPt.rL2': 17.485135649352674, 'lLegPt.lL2': 65.39458830466789}",PRUNED
499,499,11.11745831984912,2026-04-14 14:18:59.832230,2026-04-14 14:19:03.972398,0 days 00:00:04.140168,37.806876274805624,97.29766746793945,90.1762933500243,-39.94941342377405,26.20206476112235,19.563807946169746,29.03806081922592,44.923199346693465,19.035204288547263,60.59429106018557,47.857257152486234,47.7697119103944,-28.806368273096197,43.25115446155293,61.982852945378625,77.37527373382497,33.0793850892035,11.935156883857868,Unattained target,GPSampler,,PRUNED
500,500,11.11745789711938,2026-04-14 14:19:04.129025,2026-04-14 14:19:08.132312,0 days 00:00:04.003287,37.806876274805624,97.29766746793945,90.1762933500243,-39.94941342377405,26.20206476112235,19.563807946169746,29.03806081922592,44.923199346693465,19.035204288547263,60.59429106018557,47.857257152486234,47.7697119103944,-28.806368273096197,43.25115446155293,61.982852945378625,77.37527373382497,33.0793850892035,11.935156883857868,Unattained target,GPSampler,"{'sLegPt.rL0': 43.25115446155293, 'sLegPt.lL0': 60.59429106018557, 'sLegPt.rL1': 61.982852945378625, 'sLegPt.lL1': 47.857257152486234, 'sLegPt.x1': 33.0793850892035, 'sLegPt.y1': 11.935156883857868, 'sLegPt.rA1': -28.806368273096197, 'sLegPt.rL2': 77.37527373382497, 'sLegPt.lL2': 47.7697119103944, 'lLegPt.rL0': 26.20206476112235, 'lLegPt.lL0': 37.806876274805624, 'lLegPt.rL1': 19.563807946169746, 'lLegPt.lL1': 97.29766746793945, 'lLegPt.x1': 44.923199346693465, 'lLegPt.y1': 19.035204288547263, 'lLegPt.rA1': -39.94941342377405, 'lLegPt.rL2': 29.03806081922592, 'lLegPt.lL2': 90.1762933500243}",PRUNED
501,501,11.117458314183516,2026-04-14 14:19:08.279379,2026-04-14 14:19:12.195131,0 days 00:00:03.915752,37.806876274805624,97.29766746793945,90.1762933500243,-39.94941342377405,26.20206476112235,19.563807946169746,29.03806081922592,44.923199346693465,19.035204288547263,60.59429106018557,47.857257152486234,47.7697119103944,-28.806368273096197,43.25115446155293,61.982852945378625,77.37527373382497,33.0793850892035,11.935156883857868,Unattained target,GPSampler,"{'sLegPt.rL0': 43.25115446155293, 'sLegPt.lL0': 60.59429106018557, 'sLegPt.rL1': 61.982852945378625, 'sLegPt.lL1': 47.857257152486234, 'sLegPt.x1': 33.0793850892035, 'sLegPt.y1': 11.935156883857868, 'sLegPt.rA1': -28.806368273096197, 'sLegPt.rL2': 77.37527373382497, 'sLegPt.lL2': 47.7697119103944, 'lLegPt.rL0': 26.20206476112235, 'lLegPt.lL0': 37.806876274805624, 'lLegPt.rL1': 19.563807946169746, 'lLegPt.lL1': 97.29766746793945, 'lLegPt.x1': 44.923199346693465, 'lLegPt.y1': 19.035204288547263, 'lLegPt.rA1': -39.94941342377405, 'lLegPt.rL2': 29.03806081922592, 'lLegPt.lL2': 90.1762933500243}",PRUNED
502,502,13.147179126560815,2026-04-14 14:19:12.360804,2026-04-14 14:19:16.506481,0 days 00:00:04.145677,38.258773474807526,37.016297673127326,99.96252138557112,-41.74105503405186,32.511406689067286,87.77693168464674,14.597187126206471,45.029438895931335,21.89313407120894,97.24820959876563,59.329946157208944,60.467747345782485,-51.49053731953088,31.413402121634295,65.82390132956824,79.39706018488341,30.222774898763756,24.405008558696913,Unattained target,GPSampler,,PRUNED
503,503,13.147178979372491,2026-04-14 14:19:16.657682,2026-04-14 14:19:20.624296,0 days 00:00:03.966614,38.258773474807526,37.016297673127326,99.96252138557112,-41.74105503405186,32.511406689067286,87.77693168464674,14.597187126206471,45.029438895931335,21.89313407120894,97.24820959876563,59.329946157208944,60.467747345782485,-51.49053731953088,31.413402121634295,65.82390132956824,79.39706018488341,30.222774898763756,24.405008558696913,Unattained target,GPSampler,"{'sLegPt.rL0': 31.413402121634295, 'sLegPt.lL0': 97.24820959876563, 'sLegPt.rL1': 65.82390132956824, 'sLegPt.lL1': 59.329946157208944, 'sLegPt.x1': 30.222774898763756, 'sLegPt.y1': 24.405008558696913, 'sLegPt.rA1': -51.49053731953088, 'sLegPt.rL2': 79.39706018488341, 'sLegPt.lL2': 60.467747345782485, 'lLegPt.rL0': 32.511406689067286, 'lLegPt.lL0': 38.258773474807526, 'lLegPt.rL1': 87.77693168464674, 'lLegPt.lL1': 37.016297673127326, 'lLegPt.x1': 45.029438895931335, 'lLegPt.y1': 21.89313407120894, 'lLegPt.rA1': -41.74105503405186, 'lLegPt.rL2': 14.597187126206471, 'lLegPt.lL2': 99.96252138557112}",PRUNED
504,504,13.147178156715206,2026-04-14 14:19:20.780068,2026-04-14 14:19:24.806788,0 days 00:00:04.026720,38.258773474807526,37.016297673127326,99.96252138557112,-41.74105503405186,32.511406689067286,87.77693168464674,14.597187126206471,45.029438895931335,21.89313407120894,97.24820959876563,59.329946157208944,60.467747345782485,-51.49053731953088,31.413402121634295,65.82390132956824,79.39706018488341,30.222774898763756,24.405008558696913,Unattained target,GPSampler,"{'sLegPt.rL0': 31.413402121634295, 'sLegPt.lL0': 97.24820959876563, 'sLegPt.rL1': 65.82390132956824, 'sLegPt.lL1': 59.329946157208944, 'sLegPt.x1': 30.222774898763756, 'sLegPt.y1': 24.405008558696913, 'sLegPt.rA1': -51.49053731953088, 'sLegPt.rL2': 79.39706018488341, 'sLegPt.lL2': 60.467747345782485, 'lLegPt.rL0': 32.511406689067286, 'lLegPt.lL0': 38.258773474807526, 'lLegPt.rL1': 87.77693168464674, 'lLegPt.lL1': 37.016297673127326, 'lLegPt.x1': 45.029438895931335, 'lLegPt.y1': 21.89313407120894, 'lLegPt.rA1': -41.74105503405186, 'lLegPt.rL2': 14.597187126206471, 'lLegPt.lL2': 99.96252138557112}",PRUNED
505,505,6.820798737911986,2026-04-14 14:19:24.966734,2026-04-14 14:19:28.720234,0 days 00:00:03.753500,59.22594631243583,22.375992441778386,38.96983654650008,-63.213397138583304,24.076095569220847,53.780752975837345,42.0409833606019,36.60235484340034,11.004061723096664,14.694159524306212,58.85476813510559,47.11310483530934,-35.13418582953301,78.8129783813467,55.896945234730424,12.214348025071217,49.59721426362749,14.275200970354739,Unattained target,GPSampler,,PRUNED
