,number,value,datetime_start,datetime_complete,duration,params_lLegPt.lL0,params_lLegPt.lL1,params_lLegPt.lL2,params_lLegPt.rA1,params_lLegPt.rL0,params_lLegPt.rL1,params_lLegPt.rL2,params_lLegPt.x1,params_lLegPt.y1,params_sLegPt.lL0,params_sLegPt.lL1,params_sLegPt.lL2,params_sLegPt.rA1,params_sLegPt.rL0,params_sLegPt.rL1,params_sLegPt.rL2,params_sLegPt.x1,params_sLegPt.y1,user_attrs_prune,system_attrs_auto:sampler,system_attrs_fixed_params,state
1061,1061,7.0687592765872544,2026-04-14 15:06:09.226723,2026-04-14 15:06:13.028538,0 days 00:00:03.801815,41.54085156645919,84.92753433073021,47.456798547298405,-53.04420772567389,90.3148913233841,19.367811329029152,61.551809552840155,36.3332678537398,23.59671300029823,69.38433606327769,47.21490327187373,92.23388225408203,-76.70541521352399,60.440358851222186,86.31623073406574,99.98747446856123,45.16378646242457,14.752498535283907,Unattained target,GPSampler,"{'sLegPt.rL0': 60.440358851222186, 'sLegPt.lL0': 69.38433606327769, 'sLegPt.rL1': 86.31623073406574, 'sLegPt.lL1': 47.21490327187373, 'sLegPt.x1': 45.16378646242457, 'sLegPt.y1': 14.752498535283907, 'sLegPt.rA1': -76.70541521352399, 'sLegPt.rL2': 99.98747446856123, 'sLegPt.lL2': 92.23388225408203, 'lLegPt.rL0': 90.3148913233841, 'lLegPt.lL0': 41.54085156645919, 'lLegPt.rL1': 19.367811329029152, 'lLegPt.lL1': 84.92753433073021, 'lLegPt.x1': 36.3332678537398, 'lLegPt.y1': 23.59671300029823, 'lLegPt.rA1': -53.04420772567389, 'lLegPt.rL2': 61.551809552840155, 'lLegPt.lL2': 47.456798547298405}",PRUNED
1062,1062,7.068759408678812,2026-04-14 15:06:13.195226,2026-04-14 15:06:16.928508,0 days 00:00:03.733282,41.54085156645919,84.92753433073021,47.456798547298405,-53.04420772567389,90.3148913233841,19.367811329029152,61.551809552840155,36.3332678537398,23.59671300029823,69.38433606327769,47.21490327187373,92.23388225408203,-76.70541521352399,60.440358851222186,86.31623073406574,99.98747446856123,45.16378646242457,14.752498535283907,Unattained target,GPSampler,"{'sLegPt.rL0': 60.440358851222186, 'sLegPt.lL0': 69.38433606327769, 'sLegPt.rL1': 86.31623073406574, 'sLegPt.lL1': 47.21490327187373, 'sLegPt.x1': 45.16378646242457, 'sLegPt.y1': 14.752498535283907, 'sLegPt.rA1': -76.70541521352399, 'sLegPt.rL2': 99.98747446856123, 'sLegPt.lL2': 92.23388225408203, 'lLegPt.rL0': 90.3148913233841, 'lLegPt.lL0': 41.54085156645919, 'lLegPt.rL1': 19.367811329029152, 'lLegPt.lL1': 84.92753433073021, 'lLegPt.x1': 36.3332678537398, 'lLegPt.y1': 23.59671300029823, 'lLegPt.rA1': -53.04420772567389, 'lLegPt.rL2': 61.551809552840155, 'lLegPt.lL2': 47.456798547298405}",PRUNED
1063,1063,5.803477576766404,2026-04-14 15:06:17.134436,2026-04-14 15:06:21.328898,0 days 00:00:04.194462,45.35345489730457,56.10036170791756,33.12839922113149,-38.73547881001373,85.75791740171839,23.700295089178844,16.310677623142897,39.15670093660154,29.517228858728537,91.21077371217818,37.567388153273065,99.0322154613058,-38.910212218385055,48.509353353554296,40.68032367252714,23.220161003627766,35.5374921411585,15.884128310092185,Unattained target,GPSampler,,PRUNED
1064,1064,5.8034776062315885,2026-04-14 15:06:21.503751,2026-04-14 15:06:25.232796,0 days 00:00:03.729045,45.35345489730457,56.10036170791756,33.12839922113149,-38.73547881001373,85.75791740171839,23.700295089178844,16.310677623142897,39.15670093660154,29.517228858728537,91.21077371217818,37.567388153273065,99.0322154613058,-38.910212218385055,48.509353353554296,40.68032367252714,23.220161003627766,35.5374921411585,15.884128310092185,Unattained target,GPSampler,"{'sLegPt.rL0': 48.509353353554296, 'sLegPt.lL0': 91.21077371217818, 'sLegPt.rL1': 40.68032367252714, 'sLegPt.lL1': 37.567388153273065, 'sLegPt.x1': 35.5374921411585, 'sLegPt.y1': 15.884128310092185, 'sLegPt.rA1': -38.910212218385055, 'sLegPt.rL2': 23.220161003627766, 'sLegPt.lL2': 99.0322154613058, 'lLegPt.rL0': 85.75791740171839, 'lLegPt.lL0': 45.35345489730457, 'lLegPt.rL1': 23.700295089178844, 'lLegPt.lL1': 56.10036170791756, 'lLegPt.x1': 39.15670093660154, 'lLegPt.y1': 29.517228858728537, 'lLegPt.rA1': -38.73547881001373, 'lLegPt.rL2': 16.310677623142897, 'lLegPt.lL2': 33.12839922113149}",PRUNED
1065,1065,5.803477605030359,2026-04-14 15:06:25.423148,2026-04-14 15:06:28.992127,0 days 00:00:03.568979,45.35345489730457,56.10036170791756,33.12839922113149,-38.73547881001373,85.75791740171839,23.700295089178844,16.310677623142897,39.15670093660154,29.517228858728537,91.21077371217818,37.567388153273065,99.0322154613058,-38.910212218385055,48.509353353554296,40.68032367252714,23.220161003627766,35.5374921411585,15.884128310092185,Unattained target,GPSampler,"{'sLegPt.rL0': 48.509353353554296, 'sLegPt.lL0': 91.21077371217818, 'sLegPt.rL1': 40.68032367252714, 'sLegPt.lL1': 37.567388153273065, 'sLegPt.x1': 35.5374921411585, 'sLegPt.y1': 15.884128310092185, 'sLegPt.rA1': -38.910212218385055, 'sLegPt.rL2': 23.220161003627766, 'sLegPt.lL2': 99.0322154613058, 'lLegPt.rL0': 85.75791740171839, 'lLegPt.lL0': 45.35345489730457, 'lLegPt.rL1': 23.700295089178844, 'lLegPt.lL1': 56.10036170791756, 'lLegPt.x1': 39.15670093660154, 'lLegPt.y1': 29.517228858728537, 'lLegPt.rA1': -38.73547881001373, 'lLegPt.rL2': 16.310677623142897, 'lLegPt.lL2': 33.12839922113149}",PRUNED
1066,1066,5.855098095600276,2026-04-14 15:06:29.199296,2026-04-14 15:06:35.866826,0 days 00:00:06.667530,16.613233632332147,40.67859180727959,23.07033013776293,-60.45951339405008,33.212053107275686,28.586013515891825,68.69911727221404,46.3896258000007,20.187430489546053,30.963091579430923,42.571282289341504,57.03732220930794,-24.24450147566487,85.23811411141969,45.54594143137067,59.89135279736383,48.84637301729627,28.160846843755607,Unattained target,GPSampler,,PRUNED
1067,1067,5.855273127059959,2026-04-14 15:06:36.073230,2026-04-14 15:06:42.852850,0 days 00:00:06.779620,16.613233632332147,40.67859180727959,23.07033013776293,-60.45951339405008,33.212053107275686,28.586013515891825,68.69911727221404,46.3896258000007,20.187430489546053,30.963091579430923,42.571282289341504,57.03732220930794,-24.24450147566487,85.23811411141969,45.54594143137067,59.89135279736383,48.84637301729627,28.160846843755607,Unattained target,GPSampler,"{'sLegPt.rL0': 85.23811411141969, 'sLegPt.lL0': 30.963091579430923, 'sLegPt.rL1': 45.54594143137067, 'sLegPt.lL1': 42.571282289341504, 'sLegPt.x1': 48.84637301729627, 'sLegPt.y1': 28.160846843755607, 'sLegPt.rA1': -24.24450147566487, 'sLegPt.rL2': 59.89135279736383, 'sLegPt.lL2': 57.03732220930794, 'lLegPt.rL0': 33.212053107275686, 'lLegPt.lL0': 16.613233632332147, 'lLegPt.rL1': 28.586013515891825, 'lLegPt.lL1': 40.67859180727959, 'lLegPt.x1': 46.3896258000007, 'lLegPt.y1': 20.187430489546053, 'lLegPt.rA1': -60.45951339405008, 'lLegPt.rL2': 68.69911727221404, 'lLegPt.lL2': 23.07033013776293}",PRUNED
1068,1068,5.854985291880091,2026-04-14 15:06:43.043854,2026-04-14 15:06:49.936181,0 days 00:00:06.892327,16.613233632332147,40.67859180727959,23.07033013776293,-60.45951339405008,33.212053107275686,28.586013515891825,68.69911727221404,46.3896258000007,20.187430489546053,30.963091579430923,42.571282289341504,57.03732220930794,-24.24450147566487,85.23811411141969,45.54594143137067,59.89135279736383,48.84637301729627,28.160846843755607,Unattained target,GPSampler,"{'sLegPt.rL0': 85.23811411141969, 'sLegPt.lL0': 30.963091579430923, 'sLegPt.rL1': 45.54594143137067, 'sLegPt.lL1': 42.571282289341504, 'sLegPt.x1': 48.84637301729627, 'sLegPt.y1': 28.160846843755607, 'sLegPt.rA1': -24.24450147566487, 'sLegPt.rL2': 59.89135279736383, 'sLegPt.lL2': 57.03732220930794, 'lLegPt.rL0': 33.212053107275686, 'lLegPt.lL0': 16.613233632332147, 'lLegPt.rL1': 28.586013515891825, 'lLegPt.lL1': 40.67859180727959, 'lLegPt.x1': 46.3896258000007, 'lLegPt.y1': 20.187430489546053, 'lLegPt.rA1': -60.45951339405008, 'lLegPt.rL2': 68.69911727221404, 'lLegPt.lL2': 23.07033013776293}",PRUNED
1069,1069,12.036499500200158,2026-04-14 15:06:50.127219,2026-04-14 15:06:53.967585,0 days 00:00:03.840366,87.66361008149336,50.58410976219927,82.58913574066813,-65.31774799462897,29.432859974221028,69.77164054782557,80.95499567243438,38.62886449663243,19.188835967811293,80.79655904284452,46.74339016662339,40.06019572773016,-68.87931631539766,38.45574829800756,70.05031592091552,71.45049174057758,37.96802561847308,26.169775409342094,Unattained target,GPSampler,,PRUNED
1070,1070,12.036499585278285,2026-04-14 15:06:54.174350,2026-04-14 15:06:58.001177,0 days 00:00:03.826827,87.66361008149336,50.58410976219927,82.58913574066813,-65.31774799462897,29.432859974221028,69.77164054782557,80.95499567243438,38.62886449663243,19.188835967811293,80.79655904284452,46.74339016662339,40.06019572773016,-68.87931631539766,38.45574829800756,70.05031592091552,71.45049174057758,37.96802561847308,26.169775409342094,Unattained target,GPSampler,"{'sLegPt.rL0': 38.45574829800756, 'sLegPt.lL0': 80.79655904284452, 'sLegPt.rL1': 70.05031592091552, 'sLegPt.lL1': 46.74339016662339, 'sLegPt.x1': 37.96802561847308, 'sLegPt.y1': 26.169775409342094, 'sLegPt.rA1': -68.87931631539766, 'sLegPt.rL2': 71.45049174057758, 'sLegPt.lL2': 40.06019572773016, 'lLegPt.rL0': 29.432859974221028, 'lLegPt.lL0': 87.66361008149336, 'lLegPt.rL1': 69.77164054782557, 'lLegPt.lL1': 50.58410976219927, 'lLegPt.x1': 38.62886449663243, 'lLegPt.y1': 19.188835967811293, 'lLegPt.rA1': -65.31774799462897, 'lLegPt.rL2': 80.95499567243438, 'lLegPt.lL2': 82.58913574066813}",PRUNED
1071,1071,12.036499950551487,2026-04-14 15:06:58.207364,2026-04-14 15:07:02.049341,0 days 00:00:03.841977,87.66361008149336,50.58410976219927,82.58913574066813,-65.31774799462897,29.432859974221028,69.77164054782557,80.95499567243438,38.62886449663243,19.188835967811293,80.79655904284452,46.74339016662339,40.06019572773016,-68.87931631539766,38.45574829800756,70.05031592091552,71.45049174057758,37.96802561847308,26.169775409342094,Unattained target,GPSampler,"{'sLegPt.rL0': 38.45574829800756, 'sLegPt.lL0': 80.79655904284452, 'sLegPt.rL1': 70.05031592091552, 'sLegPt.lL1': 46.74339016662339, 'sLegPt.x1': 37.96802561847308, 'sLegPt.y1': 26.169775409342094, 'sLegPt.rA1': -68.87931631539766, 'sLegPt.rL2': 71.45049174057758, 'sLegPt.lL2': 40.06019572773016, 'lLegPt.rL0': 29.432859974221028, 'lLegPt.lL0': 87.66361008149336, 'lLegPt.rL1': 69.77164054782557, 'lLegPt.lL1': 50.58410976219927, 'lLegPt.x1': 38.62886449663243, 'lLegPt.y1': 19.188835967811293, 'lLegPt.rA1': -65.31774799462897, 'lLegPt.rL2': 80.95499567243438, 'lLegPt.lL2': 82.58913574066813}",PRUNED
1072,1072,5.307011444791073,2026-04-14 15:07:02.239553,2026-04-14 15:07:07.030479,0 days 00:00:04.790926,92.73388402535646,13.81661230392939,22.368957328701534,-61.48374840558666,13.478973447094726,27.96725205707636,56.73907972136355,43.255408356876714,17.029770427804635,51.98805385729022,97.75199507171092,73.30830234266936,-57.36896591769455,46.08205639777498,24.523377049198615,40.496146135065885,31.651649976519053,14.111253917361601,Unattained target,GPSampler,,PRUNED
1073,1073,5.307003731943979,2026-04-14 15:07:07.225090,2026-04-14 15:07:11.886887,0 days 00:00:04.661797,92.73388402535646,13.81661230392939,22.368957328701534,-61.48374840558666,13.478973447094726,27.96725205707636,56.73907972136355,43.255408356876714,17.029770427804635,51.98805385729022,97.75199507171092,73.30830234266936,-57.36896591769455,46.08205639777498,24.523377049198615,40.496146135065885,31.651649976519053,14.111253917361601,Unattained target,GPSampler,"{'sLegPt.rL0': 46.08205639777498, 'sLegPt.lL0': 51.98805385729022, 'sLegPt.rL1': 24.523377049198615, 'sLegPt.lL1': 97.75199507171092, 'sLegPt.x1': 31.651649976519053, 'sLegPt.y1': 14.111253917361601, 'sLegPt.rA1': -57.36896591769455, 'sLegPt.rL2': 40.496146135065885, 'sLegPt.lL2': 73.30830234266936, 'lLegPt.rL0': 13.478973447094726, 'lLegPt.lL0': 92.73388402535646, 'lLegPt.rL1': 27.96725205707636, 'lLegPt.lL1': 13.81661230392939, 'lLegPt.x1': 43.255408356876714, 'lLegPt.y1': 17.029770427804635, 'lLegPt.rA1': -61.48374840558666, 'lLegPt.rL2': 56.73907972136355, 'lLegPt.lL2': 22.368957328701534}",PRUNED
1074,1074,5.306981460317289,2026-04-14 15:07:12.093162,2026-04-14 15:07:17.176014,0 days 00:00:05.082852,92.73388402535646,13.81661230392939,22.368957328701534,-61.48374840558666,13.478973447094726,27.96725205707636,56.73907972136355,43.255408356876714,17.029770427804635,51.98805385729022,97.75199507171092,73.30830234266936,-57.36896591769455,46.08205639777498,24.523377049198615,40.496146135065885,31.651649976519053,14.111253917361601,Unattained target,GPSampler,"{'sLegPt.rL0': 46.08205639777498, 'sLegPt.lL0': 51.98805385729022, 'sLegPt.rL1': 24.523377049198615, 'sLegPt.lL1': 97.75199507171092, 'sLegPt.x1': 31.651649976519053, 'sLegPt.y1': 14.111253917361601, 'sLegPt.rA1': -57.36896591769455, 'sLegPt.rL2': 40.496146135065885, 'sLegPt.lL2': 73.30830234266936, 'lLegPt.rL0': 13.478973447094726, 'lLegPt.lL0': 92.73388402535646, 'lLegPt.rL1': 27.96725205707636, 'lLegPt.lL1': 13.81661230392939, 'lLegPt.x1': 43.255408356876714, 'lLegPt.y1': 17.029770427804635, 'lLegPt.rA1': -61.48374840558666, 'lLegPt.rL2': 56.73907972136355, 'lLegPt.lL2': 22.368957328701534}",PRUNED
1075,1075,16.080120912979446,2026-04-14 15:07:17.383111,2026-04-14 15:07:21.526364,0 days 00:00:04.143253,51.58022669297125,89.10202665808252,49.030921165902186,-67.05240361927244,93.66363585451718,81.76003221591768,49.738391867877,35.691152757433976,20.97167527981786,63.72372878249893,94.25654557065519,27.27406747159294,-46.58644701030675,99.3265055018415,30.733778512993577,20.100083308453378,35.965532285292895,21.023164855454446,Unattained target,GPSampler,,PRUNED
1076,1076,16.080121282688516,2026-04-14 15:07:21.717129,2026-04-14 15:07:25.511827,0 days 00:00:03.794698,51.58022669297125,89.10202665808252,49.030921165902186,-67.05240361927244,93.66363585451718,81.76003221591768,49.738391867877,35.691152757433976,20.97167527981786,63.72372878249893,94.25654557065519,27.27406747159294,-46.58644701030675,99.3265055018415,30.733778512993577,20.100083308453378,35.965532285292895,21.023164855454446,Unattained target,GPSampler,"{'sLegPt.rL0': 99.3265055018415, 'sLegPt.lL0': 63.72372878249893, 'sLegPt.rL1': 30.733778512993577, 'sLegPt.lL1': 94.25654557065519, 'sLegPt.x1': 35.965532285292895, 'sLegPt.y1': 21.023164855454446, 'sLegPt.rA1': -46.58644701030675, 'sLegPt.rL2': 20.100083308453378, 'sLegPt.lL2': 27.27406747159294, 'lLegPt.rL0': 93.66363585451718, 'lLegPt.lL0': 51.58022669297125, 'lLegPt.rL1': 81.76003221591768, 'lLegPt.lL1': 89.10202665808252, 'lLegPt.x1': 35.691152757433976, 'lLegPt.y1': 20.97167527981786, 'lLegPt.rA1': -67.05240361927244, 'lLegPt.rL2': 49.738391867877, 'lLegPt.lL2': 49.030921165902186}",PRUNED
1077,1077,16.08012115696328,2026-04-14 15:07:25.717530,2026-04-14 15:07:29.620400,0 days 00:00:03.902870,51.58022669297125,89.10202665808252,49.030921165902186,-67.05240361927244,93.66363585451718,81.76003221591768,49.738391867877,35.691152757433976,20.97167527981786,63.72372878249893,94.25654557065519,27.27406747159294,-46.58644701030675,99.3265055018415,30.733778512993577,20.100083308453378,35.965532285292895,21.023164855454446,Unattained target,GPSampler,"{'sLegPt.rL0': 99.3265055018415, 'sLegPt.lL0': 63.72372878249893, 'sLegPt.rL1': 30.733778512993577, 'sLegPt.lL1': 94.25654557065519, 'sLegPt.x1': 35.965532285292895, 'sLegPt.y1': 21.023164855454446, 'sLegPt.rA1': -46.58644701030675, 'sLegPt.rL2': 20.100083308453378, 'sLegPt.lL2': 27.27406747159294, 'lLegPt.rL0': 93.66363585451718, 'lLegPt.lL0': 51.58022669297125, 'lLegPt.rL1': 81.76003221591768, 'lLegPt.lL1': 89.10202665808252, 'lLegPt.x1': 35.691152757433976, 'lLegPt.y1': 20.97167527981786, 'lLegPt.rA1': -67.05240361927244, 'lLegPt.rL2': 49.738391867877, 'lLegPt.lL2': 49.030921165902186}",PRUNED
1078,1078,9.443242333479859,2026-04-14 15:07:29.794511,2026-04-14 15:07:33.667934,0 days 00:00:03.873423,88.6957092237855,23.865797727804388,62.479104137812726,-40.61149383402507,94.37968497534919,53.00756131590217,93.66135365463529,45.85492042353199,25.006289314737536,24.235146404422068,87.80696987312903,53.231907922631265,-49.552799293800774,22.96584266785596,43.98388006565535,70.76076823458136,45.8268855272895,18.241331983920475,Unattained target,GPSampler,,PRUNED
1079,1079,9.443241220895295,2026-04-14 15:07:33.853508,2026-04-14 15:07:37.679597,0 days 00:00:03.826089,88.6957092237855,23.865797727804388,62.479104137812726,-40.61149383402507,94.37968497534919,53.00756131590217,93.66135365463529,45.85492042353199,25.006289314737536,24.235146404422068,87.80696987312903,53.231907922631265,-49.552799293800774,22.96584266785596,43.98388006565535,70.76076823458136,45.8268855272895,18.241331983920475,Unattained target,GPSampler,"{'sLegPt.rL0': 22.96584266785596, 'sLegPt.lL0': 24.235146404422068, 'sLegPt.rL1': 43.98388006565535, 'sLegPt.lL1': 87.80696987312903, 'sLegPt.x1': 45.8268855272895, 'sLegPt.y1': 18.241331983920475, 'sLegPt.rA1': -49.552799293800774, 'sLegPt.rL2': 70.76076823458136, 'sLegPt.lL2': 53.231907922631265, 'lLegPt.rL0': 94.37968497534919, 'lLegPt.lL0': 88.6957092237855, 'lLegPt.rL1': 53.00756131590217, 'lLegPt.lL1': 23.865797727804388, 'lLegPt.x1': 45.85492042353199, 'lLegPt.y1': 25.006289314737536, 'lLegPt.rA1': -40.61149383402507, 'lLegPt.rL2': 93.66135365463529, 'lLegPt.lL2': 62.479104137812726}",PRUNED
1080,1080,9.443243444804835,2026-04-14 15:07:37.956127,2026-04-14 15:07:41.649868,0 days 00:00:03.693741,88.6957092237855,23.865797727804388,62.479104137812726,-40.61149383402507,94.37968497534919,53.00756131590217,93.66135365463529,45.85492042353199,25.006289314737536,24.235146404422068,87.80696987312903,53.231907922631265,-49.552799293800774,22.96584266785596,43.98388006565535,70.76076823458136,45.8268855272895,18.241331983920475,Unattained target,GPSampler,"{'sLegPt.rL0': 22.96584266785596, 'sLegPt.lL0': 24.235146404422068, 'sLegPt.rL1': 43.98388006565535, 'sLegPt.lL1': 87.80696987312903, 'sLegPt.x1': 45.8268855272895, 'sLegPt.y1': 18.241331983920475, 'sLegPt.rA1': -49.552799293800774, 'sLegPt.rL2': 70.76076823458136, 'sLegPt.lL2': 53.231907922631265, 'lLegPt.rL0': 94.37968497534919, 'lLegPt.lL0': 88.6957092237855, 'lLegPt.rL1': 53.00756131590217, 'lLegPt.lL1': 23.865797727804388, 'lLegPt.x1': 45.85492042353199, 'lLegPt.y1': 25.006289314737536, 'lLegPt.rA1': -40.61149383402507, 'lLegPt.rL2': 93.66135365463529, 'lLegPt.lL2': 62.479104137812726}",PRUNED
1081,1081,1.752959885692107,2026-04-14 15:07:41.840125,2026-04-14 15:07:50.526857,0 days 00:00:08.686732,36.42014021888613,91.51727047202516,61.003908294877576,-64.987147608373,44.47107208711264,15.039463602780643,59.22562532473026,37.671389554517965,24.196562849066265,58.82056326595829,11.102377678432124,49.28044085897356,-64.974855478887,37.88308282383102,12.650361983367326,92.62503810347349,30.66982788145004,24.537352730961448,,GPSampler,,COMPLETE
