,number,value,datetime_start,datetime_complete,duration,params_lLegPt.lL0,params_lLegPt.lL1,params_lLegPt.lL2,params_lLegPt.rA1,params_lLegPt.rL0,params_lLegPt.rL1,params_lLegPt.rL2,params_lLegPt.x1,params_lLegPt.y1,params_sLegPt.lL0,params_sLegPt.lL1,params_sLegPt.lL2,params_sLegPt.rA1,params_sLegPt.rL0,params_sLegPt.rL1,params_sLegPt.rL2,params_sLegPt.x1,params_sLegPt.y1,user_attrs_prune,system_attrs_auto:sampler,system_attrs_fixed_params,state
676,676,12.071139565669093,2026-04-14 14:32:54.778924,2026-04-14 14:32:58.831597,0 days 00:00:04.052673,31.81123140780904,97.24839256793506,64.53143951228468,-47.873820040060394,47.12426415019558,35.839524705606614,24.91839622202471,46.77840537918671,23.631960024005238,99.20029909608128,20.273620755315612,23.30557178657472,-21.96107052290114,75.45948893466618,44.36483327043288,85.90519014720348,40.2801031640346,24.813984313126188,Unattained target,GPSampler,"{'sLegPt.rL0': 75.45948893466618, 'sLegPt.lL0': 99.20029909608128, 'sLegPt.rL1': 44.36483327043288, 'sLegPt.lL1': 20.273620755315612, 'sLegPt.x1': 40.2801031640346, 'sLegPt.y1': 24.813984313126188, 'sLegPt.rA1': -21.96107052290114, 'sLegPt.rL2': 85.90519014720348, 'sLegPt.lL2': 23.30557178657472, 'lLegPt.rL0': 47.12426415019558, 'lLegPt.lL0': 31.81123140780904, 'lLegPt.rL1': 35.839524705606614, 'lLegPt.lL1': 97.24839256793506, 'lLegPt.x1': 46.77840537918671, 'lLegPt.y1': 23.631960024005238, 'lLegPt.rA1': -47.873820040060394, 'lLegPt.rL2': 24.91839622202471, 'lLegPt.lL2': 64.53143951228468}",PRUNED
677,677,12.071140216118856,2026-04-14 14:32:59.030563,2026-04-14 14:33:03.177644,0 days 00:00:04.147081,31.81123140780904,97.24839256793506,64.53143951228468,-47.873820040060394,47.12426415019558,35.839524705606614,24.91839622202471,46.77840537918671,23.631960024005238,99.20029909608128,20.273620755315612,23.30557178657472,-21.96107052290114,75.45948893466618,44.36483327043288,85.90519014720348,40.2801031640346,24.813984313126188,Unattained target,GPSampler,"{'sLegPt.rL0': 75.45948893466618, 'sLegPt.lL0': 99.20029909608128, 'sLegPt.rL1': 44.36483327043288, 'sLegPt.lL1': 20.273620755315612, 'sLegPt.x1': 40.2801031640346, 'sLegPt.y1': 24.813984313126188, 'sLegPt.rA1': -21.96107052290114, 'sLegPt.rL2': 85.90519014720348, 'sLegPt.lL2': 23.30557178657472, 'lLegPt.rL0': 47.12426415019558, 'lLegPt.lL0': 31.81123140780904, 'lLegPt.rL1': 35.839524705606614, 'lLegPt.lL1': 97.24839256793506, 'lLegPt.x1': 46.77840537918671, 'lLegPt.y1': 23.631960024005238, 'lLegPt.rA1': -47.873820040060394, 'lLegPt.rL2': 24.91839622202471, 'lLegPt.lL2': 64.53143951228468}",PRUNED
678,678,6.6642704442936065,2026-04-14 14:33:03.385440,2026-04-14 14:33:07.860383,0 days 00:00:04.474943,53.008164306250755,44.193100617800155,86.75368580082872,-77.12387962207814,72.55820560662454,63.0189182315464,71.05337673707486,31.047680121890732,14.416847830259137,60.9407122819202,71.31679399691484,17.54177822400378,-33.41070851882583,75.71614303901384,83.23712311841905,51.788883315485464,35.590710929816254,23.705107391654067,Unattained target,GPSampler,,PRUNED
679,679,6.664270407165745,2026-04-14 14:33:08.055252,2026-04-14 14:33:11.796927,0 days 00:00:03.741675,53.008164306250755,44.193100617800155,86.75368580082872,-77.12387962207814,72.55820560662454,63.0189182315464,71.05337673707486,31.047680121890732,14.416847830259137,60.9407122819202,71.31679399691484,17.54177822400378,-33.41070851882583,75.71614303901384,83.23712311841905,51.788883315485464,35.590710929816254,23.705107391654067,Unattained target,GPSampler,"{'sLegPt.rL0': 75.71614303901384, 'sLegPt.lL0': 60.9407122819202, 'sLegPt.rL1': 83.23712311841905, 'sLegPt.lL1': 71.31679399691484, 'sLegPt.x1': 35.590710929816254, 'sLegPt.y1': 23.705107391654067, 'sLegPt.rA1': -33.41070851882583, 'sLegPt.rL2': 51.788883315485464, 'sLegPt.lL2': 17.54177822400378, 'lLegPt.rL0': 72.55820560662454, 'lLegPt.lL0': 53.008164306250755, 'lLegPt.rL1': 63.0189182315464, 'lLegPt.lL1': 44.193100617800155, 'lLegPt.x1': 31.047680121890732, 'lLegPt.y1': 14.416847830259137, 'lLegPt.rA1': -77.12387962207814, 'lLegPt.rL2': 71.05337673707486, 'lLegPt.lL2': 86.75368580082872}",PRUNED
680,680,6.664270515068594,2026-04-14 14:33:11.976540,2026-04-14 14:33:15.991847,0 days 00:00:04.015307,53.008164306250755,44.193100617800155,86.75368580082872,-77.12387962207814,72.55820560662454,63.0189182315464,71.05337673707486,31.047680121890732,14.416847830259137,60.9407122819202,71.31679399691484,17.54177822400378,-33.41070851882583,75.71614303901384,83.23712311841905,51.788883315485464,35.590710929816254,23.705107391654067,Unattained target,GPSampler,"{'sLegPt.rL0': 75.71614303901384, 'sLegPt.lL0': 60.9407122819202, 'sLegPt.rL1': 83.23712311841905, 'sLegPt.lL1': 71.31679399691484, 'sLegPt.x1': 35.590710929816254, 'sLegPt.y1': 23.705107391654067, 'sLegPt.rA1': -33.41070851882583, 'sLegPt.rL2': 51.788883315485464, 'sLegPt.lL2': 17.54177822400378, 'lLegPt.rL0': 72.55820560662454, 'lLegPt.lL0': 53.008164306250755, 'lLegPt.rL1': 63.0189182315464, 'lLegPt.lL1': 44.193100617800155, 'lLegPt.x1': 31.047680121890732, 'lLegPt.y1': 14.416847830259137, 'lLegPt.rA1': -77.12387962207814, 'lLegPt.rL2': 71.05337673707486, 'lLegPt.lL2': 86.75368580082872}",PRUNED
681,681,7.7496710888239875,2026-04-14 14:33:16.178803,2026-04-14 14:33:20.019035,0 days 00:00:03.840232,80.99346691235397,14.32153623769212,24.9102072373362,-43.761106485919,98.53794458932728,73.3530612194717,78.24679249862967,47.226843916017465,14.4154743103896,42.426900897657454,24.187162962074,57.7460034465061,-25.367689917143394,91.33186842347799,84.32604819406876,91.72596142470114,35.40904879999254,21.245647944319916,Unattained target,GPSampler,,PRUNED
682,682,7.749670959141554,2026-04-14 14:33:20.200136,2026-04-14 14:33:24.354587,0 days 00:00:04.154451,80.99346691235397,14.32153623769212,24.9102072373362,-43.761106485919,98.53794458932728,73.3530612194717,78.24679249862967,47.226843916017465,14.4154743103896,42.426900897657454,24.187162962074,57.7460034465061,-25.367689917143394,91.33186842347799,84.32604819406876,91.72596142470114,35.40904879999254,21.245647944319916,Unattained target,GPSampler,"{'sLegPt.rL0': 91.33186842347799, 'sLegPt.lL0': 42.426900897657454, 'sLegPt.rL1': 84.32604819406876, 'sLegPt.lL1': 24.187162962074, 'sLegPt.x1': 35.40904879999254, 'sLegPt.y1': 21.245647944319916, 'sLegPt.rA1': -25.367689917143394, 'sLegPt.rL2': 91.72596142470114, 'sLegPt.lL2': 57.7460034465061, 'lLegPt.rL0': 98.53794458932728, 'lLegPt.lL0': 80.99346691235397, 'lLegPt.rL1': 73.3530612194717, 'lLegPt.lL1': 14.32153623769212, 'lLegPt.x1': 47.226843916017465, 'lLegPt.y1': 14.4154743103896, 'lLegPt.rA1': -43.761106485919, 'lLegPt.rL2': 78.24679249862967, 'lLegPt.lL2': 24.9102072373362}",PRUNED
683,683,7.749670855395166,2026-04-14 14:33:24.531712,2026-04-14 14:33:28.974272,0 days 00:00:04.442560,80.99346691235397,14.32153623769212,24.9102072373362,-43.761106485919,98.53794458932728,73.3530612194717,78.24679249862967,47.226843916017465,14.4154743103896,42.426900897657454,24.187162962074,57.7460034465061,-25.367689917143394,91.33186842347799,84.32604819406876,91.72596142470114,35.40904879999254,21.245647944319916,Unattained target,GPSampler,"{'sLegPt.rL0': 91.33186842347799, 'sLegPt.lL0': 42.426900897657454, 'sLegPt.rL1': 84.32604819406876, 'sLegPt.lL1': 24.187162962074, 'sLegPt.x1': 35.40904879999254, 'sLegPt.y1': 21.245647944319916, 'sLegPt.rA1': -25.367689917143394, 'sLegPt.rL2': 91.72596142470114, 'sLegPt.lL2': 57.7460034465061, 'lLegPt.rL0': 98.53794458932728, 'lLegPt.lL0': 80.99346691235397, 'lLegPt.rL1': 73.3530612194717, 'lLegPt.lL1': 14.32153623769212, 'lLegPt.x1': 47.226843916017465, 'lLegPt.y1': 14.4154743103896, 'lLegPt.rA1': -43.761106485919, 'lLegPt.rL2': 78.24679249862967, 'lLegPt.lL2': 24.9102072373362}",PRUNED
684,684,19.91817918897508,2026-04-14 14:33:29.158204,2026-04-14 14:33:33.485599,0 days 00:00:04.327395,23.62931379262529,84.0660076589866,67.93617556526158,-41.65562831507488,93.71341096631052,17.86764513557661,39.21783552079015,33.50399015120657,11.722869502177524,55.82249647761285,93.95000495657489,37.614098746716245,-78.6033701433484,67.81796481788015,42.19560659480643,64.40226643074516,49.16135730565151,21.673520523147346,Unattained target,GPSampler,,PRUNED
685,685,19.918179299374316,2026-04-14 14:33:33.676951,2026-04-14 14:33:38.294206,0 days 00:00:04.617255,23.62931379262529,84.0660076589866,67.93617556526158,-41.65562831507488,93.71341096631052,17.86764513557661,39.21783552079015,33.50399015120657,11.722869502177524,55.82249647761285,93.95000495657489,37.614098746716245,-78.6033701433484,67.81796481788015,42.19560659480643,64.40226643074516,49.16135730565151,21.673520523147346,Unattained target,GPSampler,"{'sLegPt.rL0': 67.81796481788015, 'sLegPt.lL0': 55.82249647761285, 'sLegPt.rL1': 42.19560659480643, 'sLegPt.lL1': 93.95000495657489, 'sLegPt.x1': 49.16135730565151, 'sLegPt.y1': 21.673520523147346, 'sLegPt.rA1': -78.6033701433484, 'sLegPt.rL2': 64.40226643074516, 'sLegPt.lL2': 37.614098746716245, 'lLegPt.rL0': 93.71341096631052, 'lLegPt.lL0': 23.62931379262529, 'lLegPt.rL1': 17.86764513557661, 'lLegPt.lL1': 84.0660076589866, 'lLegPt.x1': 33.50399015120657, 'lLegPt.y1': 11.722869502177524, 'lLegPt.rA1': -41.65562831507488, 'lLegPt.rL2': 39.21783552079015, 'lLegPt.lL2': 67.93617556526158}",PRUNED
686,686,19.918179183551928,2026-04-14 14:33:38.490375,2026-04-14 14:33:42.516862,0 days 00:00:04.026487,23.62931379262529,84.0660076589866,67.93617556526158,-41.65562831507488,93.71341096631052,17.86764513557661,39.21783552079015,33.50399015120657,11.722869502177524,55.82249647761285,93.95000495657489,37.614098746716245,-78.6033701433484,67.81796481788015,42.19560659480643,64.40226643074516,49.16135730565151,21.673520523147346,Unattained target,GPSampler,"{'sLegPt.rL0': 67.81796481788015, 'sLegPt.lL0': 55.82249647761285, 'sLegPt.rL1': 42.19560659480643, 'sLegPt.lL1': 93.95000495657489, 'sLegPt.x1': 49.16135730565151, 'sLegPt.y1': 21.673520523147346, 'sLegPt.rA1': -78.6033701433484, 'sLegPt.rL2': 64.40226643074516, 'sLegPt.lL2': 37.614098746716245, 'lLegPt.rL0': 93.71341096631052, 'lLegPt.lL0': 23.62931379262529, 'lLegPt.rL1': 17.86764513557661, 'lLegPt.lL1': 84.0660076589866, 'lLegPt.x1': 33.50399015120657, 'lLegPt.y1': 11.722869502177524, 'lLegPt.rA1': -41.65562831507488, 'lLegPt.rL2': 39.21783552079015, 'lLegPt.lL2': 67.93617556526158}",PRUNED
687,687,26.778292493130486,2026-04-14 14:33:42.701598,2026-04-14 14:33:46.716149,0 days 00:00:04.014551,87.48920163185588,74.54008669085042,41.36812519596852,-35.5167241164112,85.14413262793632,75.10800343916793,83.04796731761587,33.62035467516967,20.537768476790042,23.41537314196735,87.08779003757205,63.236389202010706,-53.06230139399872,64.83181614818983,46.413536803263646,45.65032148310458,46.14754602069669,27.70603936632324,Unattained target,GPSampler,,PRUNED
688,688,26.77829238573205,2026-04-14 14:33:46.920763,2026-04-14 14:33:50.902805,0 days 00:00:03.982042,87.48920163185588,74.54008669085042,41.36812519596852,-35.5167241164112,85.14413262793632,75.10800343916793,83.04796731761587,33.62035467516967,20.537768476790042,23.41537314196735,87.08779003757205,63.236389202010706,-53.06230139399872,64.83181614818983,46.413536803263646,45.65032148310458,46.14754602069669,27.70603936632324,Unattained target,GPSampler,"{'sLegPt.rL0': 64.83181614818983, 'sLegPt.lL0': 23.41537314196735, 'sLegPt.rL1': 46.413536803263646, 'sLegPt.lL1': 87.08779003757205, 'sLegPt.x1': 46.14754602069669, 'sLegPt.y1': 27.70603936632324, 'sLegPt.rA1': -53.06230139399872, 'sLegPt.rL2': 45.65032148310458, 'sLegPt.lL2': 63.236389202010706, 'lLegPt.rL0': 85.14413262793632, 'lLegPt.lL0': 87.48920163185588, 'lLegPt.rL1': 75.10800343916793, 'lLegPt.lL1': 74.54008669085042, 'lLegPt.x1': 33.62035467516967, 'lLegPt.y1': 20.537768476790042, 'lLegPt.rA1': -35.5167241164112, 'lLegPt.rL2': 83.04796731761587, 'lLegPt.lL2': 41.36812519596852}",PRUNED
689,689,26.77829236296091,2026-04-14 14:33:51.093025,2026-04-14 14:33:54.906761,0 days 00:00:03.813736,87.48920163185588,74.54008669085042,41.36812519596852,-35.5167241164112,85.14413262793632,75.10800343916793,83.04796731761587,33.62035467516967,20.537768476790042,23.41537314196735,87.08779003757205,63.236389202010706,-53.06230139399872,64.83181614818983,46.413536803263646,45.65032148310458,46.14754602069669,27.70603936632324,Unattained target,GPSampler,"{'sLegPt.rL0': 64.83181614818983, 'sLegPt.lL0': 23.41537314196735, 'sLegPt.rL1': 46.413536803263646, 'sLegPt.lL1': 87.08779003757205, 'sLegPt.x1': 46.14754602069669, 'sLegPt.y1': 27.70603936632324, 'sLegPt.rA1': -53.06230139399872, 'sLegPt.rL2': 45.65032148310458, 'sLegPt.lL2': 63.236389202010706, 'lLegPt.rL0': 85.14413262793632, 'lLegPt.lL0': 87.48920163185588, 'lLegPt.rL1': 75.10800343916793, 'lLegPt.lL1': 74.54008669085042, 'lLegPt.x1': 33.62035467516967, 'lLegPt.y1': 20.537768476790042, 'lLegPt.rA1': -35.5167241164112, 'lLegPt.rL2': 83.04796731761587, 'lLegPt.lL2': 41.36812519596852}",PRUNED
690,690,7.216957662651346,2026-04-14 14:33:55.095023,2026-04-14 14:33:59.244127,0 days 00:00:04.149104,68.9723089990114,17.845754982862953,70.6509651994821,-75.99644451308484,70.4101591132707,29.671988189344784,82.49566244495999,36.14103810283133,29.31484274051261,88.65411879547436,56.300665145298574,35.18750211706753,-25.511516739957514,20.21816102221223,61.24183904787195,45.971209994307046,32.98873627684847,18.382956440518328,Unattained target,GPSampler,,PRUNED
691,691,7.2169598605681315,2026-04-14 14:33:59.416701,2026-04-14 14:34:03.710350,0 days 00:00:04.293649,68.9723089990114,17.845754982862953,70.6509651994821,-75.99644451308484,70.4101591132707,29.671988189344784,82.49566244495999,36.14103810283133,29.31484274051261,88.65411879547436,56.300665145298574,35.18750211706753,-25.511516739957514,20.21816102221223,61.24183904787195,45.971209994307046,32.98873627684847,18.382956440518328,Unattained target,GPSampler,"{'sLegPt.rL0': 20.21816102221223, 'sLegPt.lL0': 88.65411879547436, 'sLegPt.rL1': 61.24183904787195, 'sLegPt.lL1': 56.300665145298574, 'sLegPt.x1': 32.98873627684847, 'sLegPt.y1': 18.382956440518328, 'sLegPt.rA1': -25.511516739957514, 'sLegPt.rL2': 45.971209994307046, 'sLegPt.lL2': 35.18750211706753, 'lLegPt.rL0': 70.4101591132707, 'lLegPt.lL0': 68.9723089990114, 'lLegPt.rL1': 29.671988189344784, 'lLegPt.lL1': 17.845754982862953, 'lLegPt.x1': 36.14103810283133, 'lLegPt.y1': 29.31484274051261, 'lLegPt.rA1': -75.99644451308484, 'lLegPt.rL2': 82.49566244495999, 'lLegPt.lL2': 70.6509651994821}",PRUNED
692,692,7.216959701466422,2026-04-14 14:34:03.888410,2026-04-14 14:34:08.048077,0 days 00:00:04.159667,68.9723089990114,17.845754982862953,70.6509651994821,-75.99644451308484,70.4101591132707,29.671988189344784,82.49566244495999,36.14103810283133,29.31484274051261,88.65411879547436,56.300665145298574,35.18750211706753,-25.511516739957514,20.21816102221223,61.24183904787195,45.971209994307046,32.98873627684847,18.382956440518328,Unattained target,GPSampler,"{'sLegPt.rL0': 20.21816102221223, 'sLegPt.lL0': 88.65411879547436, 'sLegPt.rL1': 61.24183904787195, 'sLegPt.lL1': 56.300665145298574, 'sLegPt.x1': 32.98873627684847, 'sLegPt.y1': 18.382956440518328, 'sLegPt.rA1': -25.511516739957514, 'sLegPt.rL2': 45.971209994307046, 'sLegPt.lL2': 35.18750211706753, 'lLegPt.rL0': 70.4101591132707, 'lLegPt.lL0': 68.9723089990114, 'lLegPt.rL1': 29.671988189344784, 'lLegPt.lL1': 17.845754982862953, 'lLegPt.x1': 36.14103810283133, 'lLegPt.y1': 29.31484274051261, 'lLegPt.rA1': -75.99644451308484, 'lLegPt.rL2': 82.49566244495999, 'lLegPt.lL2': 70.6509651994821}",PRUNED
693,693,11.91669911553025,2026-04-14 14:34:08.241386,2026-04-14 14:34:12.137163,0 days 00:00:03.895777,39.03437329429676,78.74285505220946,50.9313336350671,-72.0051170323944,76.93494552648825,46.22274359563271,56.79709879783628,33.20490580249901,19.30829822999843,61.19389163498374,24.74836501192221,44.961398405917755,-58.082501661341865,99.13649361975054,34.83373234167487,81.20100872634134,44.70349880582225,20.06157223354724,Unattained target,GPSampler,,PRUNED
694,694,11.916699159458865,2026-04-14 14:34:12.332619,2026-04-14 14:34:16.357430,0 days 00:00:04.024811,39.03437329429676,78.74285505220946,50.9313336350671,-72.0051170323944,76.93494552648825,46.22274359563271,56.79709879783628,33.20490580249901,19.30829822999843,61.19389163498374,24.74836501192221,44.961398405917755,-58.082501661341865,99.13649361975054,34.83373234167487,81.20100872634134,44.70349880582225,20.06157223354724,Unattained target,GPSampler,"{'sLegPt.rL0': 99.13649361975054, 'sLegPt.lL0': 61.19389163498374, 'sLegPt.rL1': 34.83373234167487, 'sLegPt.lL1': 24.74836501192221, 'sLegPt.x1': 44.70349880582225, 'sLegPt.y1': 20.06157223354724, 'sLegPt.rA1': -58.082501661341865, 'sLegPt.rL2': 81.20100872634134, 'sLegPt.lL2': 44.961398405917755, 'lLegPt.rL0': 76.93494552648825, 'lLegPt.lL0': 39.03437329429676, 'lLegPt.rL1': 46.22274359563271, 'lLegPt.lL1': 78.74285505220946, 'lLegPt.x1': 33.20490580249901, 'lLegPt.y1': 19.30829822999843, 'lLegPt.rA1': -72.0051170323944, 'lLegPt.rL2': 56.79709879783628, 'lLegPt.lL2': 50.9313336350671}",PRUNED
695,695,11.916699143326646,2026-04-14 14:34:16.531073,2026-04-14 14:34:20.369107,0 days 00:00:03.838034,39.03437329429676,78.74285505220946,50.9313336350671,-72.0051170323944,76.93494552648825,46.22274359563271,56.79709879783628,33.20490580249901,19.30829822999843,61.19389163498374,24.74836501192221,44.961398405917755,-58.082501661341865,99.13649361975054,34.83373234167487,81.20100872634134,44.70349880582225,20.06157223354724,Unattained target,GPSampler,"{'sLegPt.rL0': 99.13649361975054, 'sLegPt.lL0': 61.19389163498374, 'sLegPt.rL1': 34.83373234167487, 'sLegPt.lL1': 24.74836501192221, 'sLegPt.x1': 44.70349880582225, 'sLegPt.y1': 20.06157223354724, 'sLegPt.rA1': -58.082501661341865, 'sLegPt.rL2': 81.20100872634134, 'sLegPt.lL2': 44.961398405917755, 'lLegPt.rL0': 76.93494552648825, 'lLegPt.lL0': 39.03437329429676, 'lLegPt.rL1': 46.22274359563271, 'lLegPt.lL1': 78.74285505220946, 'lLegPt.x1': 33.20490580249901, 'lLegPt.y1': 19.30829822999843, 'lLegPt.rA1': -72.0051170323944, 'lLegPt.rL2': 56.79709879783628, 'lLegPt.lL2': 50.9313336350671}",PRUNED
696,696,19.590803090960932,2026-04-14 14:34:20.565966,2026-04-14 14:34:24.583161,0 days 00:00:04.017195,22.394899215769605,17.36568058025889,47.06830025864778,-44.86843467813607,20.195740668453222,93.4834126234262,35.11977220762353,36.17478625578186,22.778962111934757,13.05308338331376,90.81828708099854,78.48493225296332,-37.29965593263255,91.23291325401352,70.41744383059122,70.46993966524904,32.52915181710061,28.406424535444255,Unattained target,GPSampler,,PRUNED
697,697,19.590803320374533,2026-04-14 14:34:24.762482,2026-04-14 14:34:28.440185,0 days 00:00:03.677703,22.394899215769605,17.36568058025889,47.06830025864778,-44.86843467813607,20.195740668453222,93.4834126234262,35.11977220762353,36.17478625578186,22.778962111934757,13.05308338331376,90.81828708099854,78.48493225296332,-37.29965593263255,91.23291325401352,70.41744383059122,70.46993966524904,32.52915181710061,28.406424535444255,Unattained target,GPSampler,"{'sLegPt.rL0': 91.23291325401352, 'sLegPt.lL0': 13.05308338331376, 'sLegPt.rL1': 70.41744383059122, 'sLegPt.lL1': 90.81828708099854, 'sLegPt.x1': 32.52915181710061, 'sLegPt.y1': 28.406424535444255, 'sLegPt.rA1': -37.29965593263255, 'sLegPt.rL2': 70.46993966524904, 'sLegPt.lL2': 78.48493225296332, 'lLegPt.rL0': 20.195740668453222, 'lLegPt.lL0': 22.394899215769605, 'lLegPt.rL1': 93.4834126234262, 'lLegPt.lL1': 17.36568058025889, 'lLegPt.x1': 36.17478625578186, 'lLegPt.y1': 22.778962111934757, 'lLegPt.rA1': -44.86843467813607, 'lLegPt.rL2': 35.11977220762353, 'lLegPt.lL2': 47.06830025864778}",PRUNED
698,698,19.59080307389575,2026-04-14 14:34:28.641657,2026-04-14 14:34:32.769228,0 days 00:00:04.127571,22.394899215769605,17.36568058025889,47.06830025864778,-44.86843467813607,20.195740668453222,93.4834126234262,35.11977220762353,36.17478625578186,22.778962111934757,13.05308338331376,90.81828708099854,78.48493225296332,-37.29965593263255,91.23291325401352,70.41744383059122,70.46993966524904,32.52915181710061,28.406424535444255,Unattained target,GPSampler,"{'sLegPt.rL0': 91.23291325401352, 'sLegPt.lL0': 13.05308338331376, 'sLegPt.rL1': 70.41744383059122, 'sLegPt.lL1': 90.81828708099854, 'sLegPt.x1': 32.52915181710061, 'sLegPt.y1': 28.406424535444255, 'sLegPt.rA1': -37.29965593263255, 'sLegPt.rL2': 70.46993966524904, 'sLegPt.lL2': 78.48493225296332, 'lLegPt.rL0': 20.195740668453222, 'lLegPt.lL0': 22.394899215769605, 'lLegPt.rL1': 93.4834126234262, 'lLegPt.lL1': 17.36568058025889, 'lLegPt.x1': 36.17478625578186, 'lLegPt.y1': 22.778962111934757, 'lLegPt.rA1': -44.86843467813607, 'lLegPt.rL2': 35.11977220762353, 'lLegPt.lL2': 47.06830025864778}",PRUNED
699,699,8.324667978095995,2026-04-14 14:34:32.976501,2026-04-14 14:34:37.123355,0 days 00:00:04.146854,35.025565116320216,91.89751942954383,50.081500338307166,-25.8436072779053,52.22910245548318,23.13150005269648,38.50763591407808,45.37675468109389,20.557557655600274,34.722503089050896,94.06627599702352,23.886329246119878,-45.53547805419589,38.30591407533237,98.96778650198874,29.35235824141827,47.8234120418529,28.407054160708324,Unattained target,GPSampler,,PRUNED
