,number,value,datetime_start,datetime_complete,duration,params_highPt.lL1,params_highPt.lL2,params_highPt.lL3,params_highPt.rA2,params_highPt.rL1,params_highPt.rL2,params_highPt.rL3,params_highPt.x2,params_highPt.y2,params_lowPt.lL1,params_lowPt.lL2,params_lowPt.lL3,params_lowPt.rA2,params_lowPt.rL1,params_lowPt.rL2,params_lowPt.rL3,params_lowPt.x2,params_lowPt.y2,user_attrs_prune,system_attrs_cma:generation,state
47,47,,2026-05-13 16:29:32.858949,2026-05-13 16:29:33.157276,0 days 00:00:00.298327,123.44415682092256,92.23496648897405,113.63603998851694,-52.673955293811645,96.1236758629907,124.65451565883224,81.86537858313639,34.14757717127275,46.67829253421226,101.01110260355277,76.82843607975386,102.90895834002295,-37.19973308841226,58.87900758128679,100.05235570637977,70.27375668172773,43.74100528226434,34.989585099954645,Unfeasible shape,0.0,PRUNED
48,48,,2026-05-13 16:29:33.261181,2026-05-13 16:29:33.516632,0 days 00:00:00.255451,129.91776816614558,178.4773670582159,54.230977792234206,-25.213105445683837,183.39972504793099,99.41750720411899,91.90333378567993,45.707742516608725,30.80036729801504,67.02939083528597,93.24890804561032,68.49780206737175,-55.59424406913058,65.62828458065191,145.88997762925243,64.35969196104301,43.73368540651697,37.56682521823928,Unfeasible shape,0.0,PRUNED
49,49,,2026-05-13 16:29:33.650513,2026-05-13 16:29:33.891860,0 days 00:00:00.241347,123.27145289335222,82.52796960703947,89.79456699854174,-38.125421070858565,106.08033764828176,84.06216100960908,177.40395090303755,41.36797595750517,39.69911094451133,132.10209828406778,21.582824642709003,96.90808749711599,-31.99202785132767,138.10492621999413,81.76715177963491,115.40802764755844,32.143757696053065,56.17863282736444,Unfeasible shape,0.0,PRUNED
