,number,value,datetime_start,datetime_complete,duration,params_highPt.lL1,params_highPt.lL2,params_highPt.lL3,params_highPt.rA2,params_highPt.rL1,params_highPt.rL2,params_highPt.rL3,params_highPt.x2,params_highPt.y2,params_lowPt.lL1,params_lowPt.lL2,params_lowPt.lL3,params_lowPt.rA2,params_lowPt.rL1,params_lowPt.rL2,params_lowPt.rL3,params_lowPt.x2,params_lowPt.y2,user_attrs_prune,system_attrs_cma:generation,state
0,0,,2026-05-13 16:29:02.688583,2026-05-13 16:29:03.583180,0 days 00:00:00.894597,195.03428834284085,76.2569522228873,41.65192574420219,-62.17679219494512,78.86770695240746,98.98861437738596,37.25988730493918,72.08825362612124,61.540881365965944,40.17258037538839,64.79935734334609,43.69279020958558,-28.92140271174214,187.68883859057928,172.51676780432638,2.718529186465332,34.00162841449358,59.677879585137234,Unfeasible shape,,PRUNED
1,1,,2026-05-13 16:29:03.673741,2026-05-13 16:29:03.906084,0 days 00:00:00.232343,184.97274490723967,35.956020578529106,162.35882497749085,-15.719099678601538,91.08910477417618,153.1881844653811,140.26921097623273,44.910265999136264,67.48991435731536,183.40959980673668,9.20477886019614,110.32400313016737,-28.212764359185556,81.58762057307912,98.78014164603279,42.169776746647685,60.37245696899142,28.48660007429752,Unfeasible shape,,PRUNED
2,2,,2026-05-13 16:29:04.010370,2026-05-13 16:29:04.297321,0 days 00:00:00.286951,70.15505342980633,157.7064106326514,66.54376762947003,-26.803355815511893,54.4646799737898,146.7592196263603,148.31893061982865,74.93065325351401,59.27046658834314,80.55524633247565,174.2698425393058,82.09545401143752,-40.62359186827561,49.10044104483134,43.737629001214174,141.5117756809439,16.492828904388816,3.2603058388898125,Unfeasible shape,,PRUNED
3,3,,2026-05-13 16:29:04.407059,2026-05-13 16:29:04.683552,0 days 00:00:00.276493,21.389439085442486,26.694454842328245,38.320407037190556,-61.40734532292602,185.26704074033006,65.02181973016718,194.05755384933013,60.564495288821966,66.92521376556039,3.4079424050574696,23.498329353007367,163.459286460988,-25.492425381580837,135.86418295794883,197.81824499786055,4.607377144264352,40.10919125245435,66.26230033097866,Unfeasible shape,,PRUNED
4,4,,2026-05-13 16:29:04.778936,2026-05-13 16:29:05.090970,0 days 00:00:00.312034,107.53968219172314,38.39270821502824,47.24627302091798,-76.12921956254964,137.71461094503476,77.01687588873288,71.43876387551764,49.682190647711174,69.82268235212346,73.47936238654366,34.12867509562737,14.075984430458389,-76.5043226167816,178.27996788303255,180.0827905300652,10.461271053897011,3.09651624319833,69.24153925247661,Unfeasible shape,,PRUNED
5,5,,2026-05-13 16:29:05.181132,2026-05-13 16:29:05.431003,0 days 00:00:00.249871,65.15853464823694,39.56567307302816,92.01090331753728,-69.2946635250624,127.54089379864759,13.308905413244858,73.56192262368798,19.02882018294108,24.81757434999679,98.84626610475445,80.9090879131756,98.60315768182627,-54.34522030861403,189.48866636053089,150.53778912683913,160.25273572210276,39.45960260719819,70.51835343674546,Unfeasible shape,,PRUNED
6,6,,2026-05-13 16:29:05.548518,2026-05-13 16:29:05.776747,0 days 00:00:00.228229,138.66856501648616,156.09939059682952,156.79793949601418,-79.70990452696613,40.04176108101475,155.94100428160334,89.31682862349983,68.78262388543239,29.664703101149268,88.5265352625057,53.67337140876412,101.23399136235159,-45.03310424499925,48.16612359673297,181.55863584381038,155.708448006877,73.02560095721668,46.35863804183975,Unfeasible shape,,PRUNED
7,7,52.48642529908264,2026-05-13 16:29:05.890444,2026-05-13 16:29:16.675955,0 days 00:00:10.785511,33.216154313216485,140.88294378871547,87.38566133485686,-70.08175254133833,146.72451310849488,47.88608971670036,42.5018399639917,24.649253464273087,24.679575099777807,10.49022077373468,11.041973376508434,53.418672385055835,-35.667065985463054,108.55999420221886,29.244224044144985,68.75659167421765,3.5233248107238073,44.24296202412366,,,COMPLETE
8,8,,2026-05-13 16:29:18.199697,2026-05-13 16:29:18.781339,0 days 00:00:00.581642,97.12188637194527,111.43112902162102,43.66342811234296,-53.776038697329845,56.455873303646875,15.574047639016737,127.80933959381254,69.89141189601563,38.74532598992813,106.01753539630332,105.38271403434467,120.19111245863354,-62.972850792167414,54.15936469289081,64.83080452239068,29.743277401571,26.51224815300301,44.77413392137451,Unfeasible shape,0.0,PRUNED
9,9,,2026-05-13 16:29:18.883800,2026-05-13 16:29:19.138527,0 days 00:00:00.254727,90.63705953164083,84.57927159498018,80.04593027452115,-51.185514746580154,80.91178806693173,68.96623461894744,58.69551364670307,46.67171644031199,52.271308623897426,104.3777537326909,131.83191576441533,117.10148454679944,-41.52627021447389,72.10299479431163,48.42398568617389,129.85407280826973,47.864843988191055,40.15501086734878,Unfeasible shape,0.0,PRUNED
10,10,,2026-05-13 16:29:19.236296,2026-05-13 16:29:19.527803,0 days 00:00:00.291507,91.86419488688763,159.55398340594408,119.77952692357881,-41.09306454721158,102.27160906571093,114.05187066304231,77.4502857014816,39.99374191700091,54.37719244313541,115.40916718173415,102.18680474490135,87.37818932707017,-48.65453783349131,92.87634982360842,69.99108587304953,113.89895937944087,25.318196307813196,48.169462025244115,Unfeasible shape,0.0,PRUNED
11,11,,2026-05-13 16:29:19.623184,2026-05-13 16:29:19.874691,0 days 00:00:00.251507,151.87400709638285,109.82984148928792,127.23280817589739,-32.35953795730234,71.26259005918102,15.506027503380746,52.87242793868362,27.381832687388556,41.72792381396598,55.52295449399909,78.73808391659571,183.01428221727707,-58.25669967763668,80.68451256767061,140.1647854578321,111.41912538892491,39.95515202672097,18.61659862412553,Unfeasible shape,0.0,PRUNED
12,12,,2026-05-13 16:29:19.970575,2026-05-13 16:29:20.199573,0 days 00:00:00.228998,74.46338823759056,108.86637354195076,148.07211144819038,-52.2796837895758,115.94232416317573,97.27455768128321,95.59836905642571,50.212717092287264,40.72733798133469,132.98524565916838,137.495600853865,21.95861657505841,-42.95618378733281,63.39276674172143,176.50441838151025,110.41795661949602,44.964192705276005,39.16442896159455,Unfeasible shape,0.0,PRUNED
13,13,,2026-05-13 16:29:20.314578,2026-05-13 16:29:20.544087,0 days 00:00:00.229509,142.6989224082971,129.72533211518234,60.908349072435634,-37.31143079499803,104.2364902705645,169.8553755496646,129.2953240609863,30.30268463757044,27.026416534194276,106.22513123535055,127.11348409523082,80.92721532996629,-41.62487507893245,125.89851829357012,190.48820301187445,132.26659779891685,23.701449198589305,41.51109350781724,Unfeasible shape,0.0,PRUNED
14,14,,2026-05-13 16:29:20.654408,2026-05-13 16:29:20.904668,0 days 00:00:00.250260,96.46573031903314,86.7698061917801,172.5844236604266,-52.9226405646365,79.52970579565277,82.33247793751497,62.398724189227174,31.108684005644033,51.12026825701121,135.9272935869621,132.44156539433007,105.44908922028762,-36.56158024210037,161.17420938993703,104.42169759817887,114.92725911401462,45.93063158795066,47.56081595221685,Unfeasible shape,0.0,PRUNED
15,15,,2026-05-13 16:29:21.023058,2026-05-13 16:29:21.262468,0 days 00:00:00.239410,111.86776739287914,82.67682601796908,110.04606118687963,-38.10593888383481,110.07329220681446,159.25474522495074,152.1063568282851,53.27972448948963,35.162639274264855,120.09168286773554,122.05724901838023,39.78847463198198,-44.994233208034224,143.6969235776519,116.08099809356929,104.16187144670592,60.54282843198971,31.0804164061601,Unfeasible shape,0.0,PRUNED
16,16,,2026-05-13 16:29:21.459659,2026-05-13 16:29:21.724099,0 days 00:00:00.264440,74.03462487410629,145.25200764949457,102.38612587592591,-62.53285522796428,100.79004097927199,180.70612958448638,94.073519829726,39.3490502658898,32.47573998683771,123.50304217343427,95.66497622556383,131.50982928655338,-48.452322104566335,139.71922057977744,49.221155778128455,111.52066863798302,27.94530478926607,31.240014389182534,Unfeasible shape,0.0,PRUNED
17,17,,2026-05-13 16:29:21.832573,2026-05-13 16:29:22.069682,0 days 00:00:00.237109,69.91365011347854,92.06477466610326,64.73859497505894,-35.926690246178275,81.2667521469646,91.12842536419406,147.77118513836513,60.12444712469583,45.47805687022915,61.835714915969334,120.99102579498282,58.434792602649615,-33.53918862926833,63.34811756072009,152.91126872763581,106.34781046509426,55.529059612754075,50.38050600911726,Unfeasible shape,0.0,PRUNED
18,18,,2026-05-13 16:29:22.173136,2026-05-13 16:29:22.404868,0 days 00:00:00.231732,126.04631301641491,106.14148237414112,107.45031316653922,-67.08422787742863,86.62436987668752,96.50126098528261,93.9292504749164,38.01392087228491,41.02666811784393,170.46306940309947,89.76664663417483,61.15812560598953,-46.507643901952214,94.71055458139905,123.6687966605398,93.29402773358363,61.1885233035137,42.09537314535465,Unfeasible shape,0.0,PRUNED
19,19,,2026-05-13 16:29:22.511783,2026-05-13 16:29:22.798652,0 days 00:00:00.286869,90.10862586735811,103.7403024876274,105.61662650526338,-53.37989795460546,67.89785923043934,89.28844840528423,114.9790804702573,46.89683594373598,17.78008081933208,116.38383032561838,182.30885083856697,92.35491642259457,-51.17626832956421,110.47985664512208,107.18992527471086,61.72792422520194,23.37458657338919,30.021298941725384,Unfeasible shape,0.0,PRUNED
20,20,,2026-05-13 16:29:22.910842,2026-05-13 16:29:23.152927,0 days 00:00:00.242085,99.93987764758363,95.43352319610713,99.17638748745698,-55.39549100714151,86.09483169171415,42.4217526608945,60.42121424661001,51.05557650651879,22.253829282017097,118.86214086422198,48.74383335492099,138.17737880017944,-45.54722936750871,105.84380718822901,116.78309297593391,113.3502518249479,30.868742885140716,37.498047290763445,Unfeasible shape,0.0,PRUNED
21,21,,2026-05-13 16:29:23.287843,2026-05-13 16:29:23.545918,0 days 00:00:00.258075,67.1383100814712,115.3411470674031,54.11473422623042,-47.98557412608636,78.6728137046116,113.24638406831725,49.04519063299312,57.3098688480114,56.45159422693468,92.77927442683277,69.34444807026381,104.47830866581091,-41.62549954745133,85.902415851952,101.38772246193763,81.68059909305877,31.063797305425428,31.589451851963744,Unfeasible shape,0.0,PRUNED
22,22,,2026-05-13 16:29:23.741739,2026-05-13 16:29:24.023812,0 days 00:00:00.282073,116.96511147606199,94.54268651996625,52.57190556213874,-40.21633260743513,133.9951711999625,89.8724410697535,78.52844108430179,25.096192603241782,25.615229761496547,127.56923175503937,92.52098123715827,74.26496883556725,-37.40458908459268,72.58406767666271,86.66817751650993,99.4780473557311,32.66434704553413,38.50260999844941,Unfeasible shape,0.0,PRUNED
23,23,,2026-05-13 16:29:24.141242,2026-05-13 16:29:24.376472,0 days 00:00:00.235230,139.7708033120077,98.28112503545375,70.53852913790365,-49.09486631992439,35.124008034362255,116.67968333650963,67.9567034260482,29.6018168590001,55.19721025994995,106.62572397177391,100.31974971694399,126.19389868443946,-43.2336601902874,81.75910867330026,77.03349780114665,149.21449894089704,20.102199375045622,46.70812340970184,Unfeasible shape,0.0,PRUNED
24,24,,2026-05-13 16:29:24.484458,2026-05-13 16:29:24.746094,0 days 00:00:00.261636,120.97973487880577,89.54907051579656,7.89174983095143,-45.4983817668905,74.51889624585647,76.48949304174072,79.62472502136934,24.237702458048624,17.588948259268843,93.24179243618285,111.20522624423035,81.72156873686478,-49.259565697831576,66.13639186827237,88.99765852494413,70.90368645889144,20.7562640643647,36.22554983927948,Unfeasible shape,0.0,PRUNED
25,25,,2026-05-13 16:29:24.894296,2026-05-13 16:29:25.134989,0 days 00:00:00.240693,126.5201837896037,68.71984851513679,103.62237757828308,-52.04521716327084,133.98604789292986,149.54139793861543,149.50723821727928,38.864524276821314,43.94981566374487,117.93759837188445,103.69816528658025,126.00414134880432,-50.234707893421756,54.74952694283706,119.44681437878512,138.32757326753685,28.707152210918565,41.10562779500989,Unfeasible shape,0.0,PRUNED
26,26,,2026-05-13 16:29:25.243859,2026-05-13 16:29:25.477339,0 days 00:00:00.233480,107.51493413513296,122.38396771557845,76.59777955497134,-54.12799020343358,112.36209153289144,129.81162822303895,108.17198306478215,54.35206357936642,50.006242684514646,129.36524083649553,93.62761729339766,124.05211530792258,-41.21888596586639,148.36979884446887,107.31985614599246,90.57083931328874,51.53695835209861,21.2797153384132,Unfeasible shape,0.0,PRUNED
27,27,,2026-05-13 16:29:25.592767,2026-05-13 16:29:25.844080,0 days 00:00:00.251313,114.63318732210146,103.87700443031171,100.43716076821809,-35.951136658540854,58.010325605267816,106.18296837169905,98.55546168097032,23.733116516143966,48.61172427041699,98.19379130043399,105.08949580877375,75.87541019585464,-54.018213519708326,120.42841788459928,63.63119430282243,124.54897397719449,31.008390372040033,39.5009686551361,Unfeasible shape,0.0,PRUNED
28,28,,2026-05-13 16:29:25.973630,2026-05-13 16:29:26.200854,0 days 00:00:00.227224,99.80991670578796,121.2018638475301,72.97910885906013,-51.05476790412288,124.32823748107401,110.79506900724869,119.92575274309489,10.48010441358115,41.11403289602298,44.34675224060979,72.6014699612165,69.380254247407,-48.293800564541286,90.31548564476456,103.48520646271542,87.11747018800568,34.332556745713724,33.236633186349366,Unfeasible shape,0.0,PRUNED
29,29,,2026-05-13 16:29:26.321062,2026-05-13 16:29:26.593375,0 days 00:00:00.272313,88.53484900448865,113.49569372709793,53.84968153871832,-29.31937298896721,119.83772099677081,89.23351309203456,80.93953925262986,29.508210414008026,41.277460594844804,74.38200348813503,99.57094271979996,100.50448332783981,-56.55532733177154,117.43253676174677,121.2090253426975,90.99019406934971,14.389810244418458,14.441304944889392,Unfeasible shape,0.0,PRUNED
30,30,,2026-05-13 16:29:26.702383,2026-05-13 16:29:26.969689,0 days 00:00:00.267306,41.52672100147463,146.82457882424782,110.02722169642371,-62.64100964531936,96.30759257454545,102.47734455682975,91.4694601915283,24.00708122672361,39.327669237692966,60.3638005045747,70.44285120447236,161.57243125299436,-41.67629023776755,72.44978674970808,118.15179071529715,79.66120433362904,29.330127867013285,38.26123192052006,Unfeasible shape,0.0,PRUNED
31,31,,2026-05-13 16:29:27.125264,2026-05-13 16:29:27.346868,0 days 00:00:00.221604,65.96320773257357,138.39554163391185,102.00159521968602,-37.82388043595013,84.02995020879949,122.30176256161887,164.09521010403034,65.45793353678168,24.56159165601284,67.00183543325473,56.84495469080343,101.27769565602286,-32.18233434748751,42.28822396141194,113.39322356710647,31.93652074983055,62.90352647621706,41.06344672755332,Unfeasible shape,0.0,PRUNED
32,32,,2026-05-13 16:29:27.451146,2026-05-13 16:29:27.722241,0 days 00:00:00.271095,119.47572454317428,69.17897821210441,152.44556657113657,-40.25737158924988,150.4961454611605,112.68813421061903,77.37297345440932,27.324503897387864,28.605327555980157,45.40087180290696,131.6890035278245,124.07583603880828,-53.82858801270899,134.75222323110876,141.59560120896407,86.8585352263081,29.230744502135735,26.114656222197098,Unfeasible shape,0.0,PRUNED
33,33,,2026-05-13 16:29:27.827163,2026-05-13 16:29:28.055287,0 days 00:00:00.228124,69.52566214645702,82.59174831711454,32.4487201428417,-39.468789279036514,43.01678293954565,47.42249721308336,69.3323695419096,33.648637945813014,47.13857939649811,67.61369706331631,81.88166583730262,98.75986458939974,-55.21871133862417,55.05357270444225,132.84651634306715,116.49024566745878,58.3992816758157,49.67648560756779,Unfeasible shape,0.0,PRUNED
34,34,,2026-05-13 16:29:28.161566,2026-05-13 16:29:28.422199,0 days 00:00:00.260633,88.09322670901386,73.54914790830254,136.8777012522437,-39.44045770202292,109.05493911812523,139.67211950240977,163.10311293103427,42.11005299048233,30.577583902049696,89.64285340070396,68.46064180255969,73.79916275795513,-52.886955882006944,75.38353273949697,119.57149989226197,45.959180685730914,48.9910033474115,37.74931784007849,Unfeasible shape,0.0,PRUNED
35,35,,2026-05-13 16:29:28.539904,2026-05-13 16:29:28.761347,0 days 00:00:00.221443,109.4824859963371,72.52497421924205,66.67319340174865,-41.907780905960124,99.16519431861046,82.36403238821418,75.55660684770648,42.6833117547674,22.867583258010164,153.29673650542438,120.61916408118567,122.19193999917587,-31.710410596346186,160.08834737833814,130.54425578883234,93.59727220165767,33.643918203728155,47.38943800649981,Unfeasible shape,0.0,PRUNED
36,36,,2026-05-13 16:29:28.863056,2026-05-13 16:29:29.116806,0 days 00:00:00.253750,125.79104867450637,44.82097963976096,109.79600218967174,-61.19054628684984,113.37755500298816,66.03822866860847,113.63339651802099,40.6409047173017,24.012145710163832,128.29933567016053,90.94441571493336,59.590379154403934,-50.86272493493946,79.84482180658081,76.16297556117041,132.6163197274076,38.75532504576433,34.92012572695164,Unfeasible shape,0.0,PRUNED
37,37,,2026-05-13 16:29:29.227975,2026-05-13 16:29:29.476591,0 days 00:00:00.248616,83.18290356766958,69.17378181779804,114.06521150906853,-64.54171772232078,84.74967357241786,97.29621150181885,74.73353171040772,36.91731014186382,33.53628539198037,34.43905354403897,85.44149767902361,166.61564026579055,-24.945237678700657,149.65281111712045,117.52074577952071,119.35428604879246,22.235430215716125,32.63425605166401,Unfeasible shape,0.0,PRUNED
38,38,,2026-05-13 16:29:29.585421,2026-05-13 16:29:29.833921,0 days 00:00:00.248500,140.41407163857784,81.94665387543355,111.95676213238117,-56.87904034380474,22.79672820855069,160.81282861031283,90.96066187623877,36.59104331537319,53.80326938857137,65.61510855181876,69.02115565140326,22.24125681818574,-58.438944429956315,121.49969376653694,171.1852358453193,99.77111791495324,23.498591681727863,27.379688229658512,Unfeasible shape,0.0,PRUNED
39,39,,2026-05-13 16:29:29.939802,2026-05-13 16:29:30.198653,0 days 00:00:00.258851,176.43308473895985,88.27830769198269,60.35698956563035,-18.143834876328548,82.00749942809013,89.2589558159327,81.63867895697777,37.05451423407324,41.64848751812053,87.67228571542265,127.95602596745023,170.78977111874616,-32.39895652625255,81.25893694293373,75.41467897533644,165.78399036297623,44.80539218855619,41.73328462196483,Unfeasible shape,0.0,PRUNED
40,40,,2026-05-13 16:29:30.335633,2026-05-13 16:29:30.592787,0 days 00:00:00.257154,158.02002763804686,44.967627218014364,62.79139255876281,-48.57236712512635,155.76885280689282,96.51716573690061,77.57744849333545,21.276529141899875,16.637627803923777,112.2422273773621,81.71854987464118,107.31726281484323,-46.986893388247694,122.46929378784617,122.48749968865008,72.61202409976498,43.45172796294455,30.145254254751087,Unfeasible shape,0.0,PRUNED
41,41,,2026-05-13 16:29:30.718747,2026-05-13 16:29:30.947464,0 days 00:00:00.228717,165.1145447921304,151.59802664156354,108.76442917303187,-29.550700464921007,21.230055243541646,96.1549559579179,56.81679643861029,42.2410400587112,58.33717717926022,98.64987493285898,122.09952816293486,85.50481991464918,-34.4244610699363,77.24213438745275,159.7576156972941,162.9788960555836,40.15053871327723,42.212370384633964,Unfeasible shape,0.0,PRUNED
42,42,,2026-05-13 16:29:31.066782,2026-05-13 16:29:31.306124,0 days 00:00:00.239342,83.97929623414808,55.769239161606336,111.11187800372397,-39.741346895627935,109.18748680140072,132.36843255639087,106.87714522949085,16.891428067742332,30.443343893424128,121.9343548901833,15.170237240858938,109.44123717440928,-32.543843383610884,68.4024071400295,52.515697982724184,26.140326829258132,55.07930257949443,35.75497412824472,Unfeasible shape,0.0,PRUNED
43,43,,2026-05-13 16:29:31.420573,2026-05-13 16:29:31.644370,0 days 00:00:00.223797,50.33601425605842,107.70178902262542,88.77555541773003,-65.13184527384402,157.86784551515922,120.64109920031133,98.85893600073032,34.41444275369436,46.42550226810192,130.024563844537,72.58844889716201,116.18603127391354,-62.50433307844583,90.75652355307099,83.5941903872027,84.52299845211643,22.373243383258107,12.665602507942392,Unfeasible shape,0.0,PRUNED
44,44,,2026-05-13 16:29:31.771148,2026-05-13 16:29:32.032824,0 days 00:00:00.261676,127.02335437028671,141.33847778782027,148.34163721835094,-35.285714452689454,114.12076286537537,69.85354115438734,119.57042440106694,4.1433853407190595,45.69908244226869,62.62390606773685,73.76833200148528,78.7370054629983,-50.206761887424115,113.68508845568557,163.91094832906177,70.42253522139518,42.48193044303809,32.16423562031173,Unfeasible shape,0.0,PRUNED
45,45,,2026-05-13 16:29:32.152436,2026-05-13 16:29:32.405545,0 days 00:00:00.253109,69.53247867128198,92.041672751711,137.2432891779931,-38.58041822769306,88.7354435339836,138.02723652681772,122.33183419195164,49.50740416310481,60.102209018526466,59.36371557752924,69.89646432503984,129.917536836687,-41.328427973723365,119.10221506001594,24.800990358255998,152.23201128532213,40.23591439039738,38.21024231482299,Unfeasible shape,0.0,PRUNED
46,46,,2026-05-13 16:29:32.514568,2026-05-13 16:29:32.763748,0 days 00:00:00.249180,98.35227952753736,124.00288598476797,153.95408580796095,-44.11400635259548,69.50742919283708,40.12104666775583,67.23247458348641,42.2223178553527,10.519015620622058,158.19829748518163,90.08927997018696,106.0379679319224,-39.274115445156895,92.98514422090557,124.79332589199244,157.03147645984026,32.788783264307405,31.283257107271886,Unfeasible shape,0.0,PRUNED
